<?xml version="1.0" encoding="UTF-8"?>
<testsuites name="RAD_UI_TestSuite" time="1856.338" tests="27" failures="1" errors="0">
   <testsuite name="RAD_UI_TestSuite" tests="27" failures="1" errors="0" time="1856.338" skipped="0" timestamp="2023-07-17 21:05:03" hostname="imtiaz - DESKTOP-B2QI6NS.govolution.com" id="Test Suites/RAD_TestSuite/RAD_UI_TestSuite">
      <properties>
         <property name="deviceName" value=""/>
         <property name="devicePlatform" value=""/>
         <property name="logFolder" value="E:\\Cloned-Project-Katalon\\VPS-Katalon\\Reports\\20230717_210457\\RAD_TestSuite\\RAD_UI_TestSuite\\20230717_210457"/>
         <property name="logFiles" value="E:\\Cloned-Project-Katalon\\VPS-Katalon\\Reports\\20230717_210457\\RAD_TestSuite\\RAD_UI_TestSuite\\20230717_210457\\execution0.log"/>
         <property name="attachments" value="E:\\Cloned-Project-Katalon\\VPS-Katalon\\Reports\\20230717_210457\\RAD_TestSuite\\RAD_UI_TestSuite\\20230717_210457\\1689642515190.png, E:\\Cloned-Project-Katalon\\VPS-Katalon\\Reports\\20230717_210457\\RAD_TestSuite\\RAD_UI_TestSuite\\20230717_210457\\1689642523837.png, E:\\Cloned-Project-Katalon\\VPS-Katalon\\Reports\\20230717_210457\\RAD_TestSuite\\RAD_UI_TestSuite\\20230717_210457\\1689642532249.png, E:\\Cloned-Project-Katalon\\VPS-Katalon\\Reports\\20230717_210457\\RAD_TestSuite\\RAD_UI_TestSuite\\20230717_210457\\1689642540511.png, E:\\Cloned-Project-Katalon\\VPS-Katalon\\Reports\\20230717_210457\\RAD_TestSuite\\RAD_UI_TestSuite\\20230717_210457\\1689642551038.png, E:\\Cloned-Project-Katalon\\VPS-Katalon\\Reports\\20230717_210457\\RAD_TestSuite\\RAD_UI_TestSuite\\20230717_210457\\1689642556857.png, E:\\Cloned-Project-Katalon\\VPS-Katalon\\Reports\\20230717_210457\\RAD_TestSuite\\RAD_UI_TestSuite\\20230717_210457\\1689642558413.png, E:\\Cloned-Project-Katalon\\VPS-Katalon\\Reports\\20230717_210457\\RAD_TestSuite\\RAD_UI_TestSuite\\20230717_210457\\1689642558940.png, E:\\Cloned-Project-Katalon\\VPS-Katalon\\Reports\\20230717_210457\\RAD_TestSuite\\RAD_UI_TestSuite\\20230717_210457\\1689642559466.png, E:\\Cloned-Project-Katalon\\VPS-Katalon\\Reports\\20230717_210457\\RAD_TestSuite\\RAD_UI_TestSuite\\20230717_210457\\1689642560284.png, E:\\Cloned-Project-Katalon\\VPS-Katalon\\Reports\\20230717_210457\\RAD_TestSuite\\RAD_UI_TestSuite\\20230717_210457\\1689643521966.png, E:\\Cloned-Project-Katalon\\VPS-Katalon\\Reports\\20230717_210457\\RAD_TestSuite\\RAD_UI_TestSuite\\20230717_210457\\1689643566379.png, E:\\Cloned-Project-Katalon\\VPS-Katalon\\Reports\\20230717_210457\\RAD_TestSuite\\RAD_UI_TestSuite\\20230717_210457\\1689643611747.png"/>
         <property name="hostName" value="imtiaz - DESKTOP-B2QI6NS.govolution.com"/>
         <property name="os" value="Windows 10 64bit"/>
         <property name="katalonVersion" value="8.2.5.208"/>
         <property name="browser" value="Chrome 114.0.0.0"/>
         <property name="hostAddress" value="172.31.253.139"/>
         <property name="sessionId" value="2b93c68b4edbc3b78cf53af8a0856de8"/>
         <property name="seleniumVersion" value="3.141.59"/>
         <property name="proxyInformation" value="ProxyInformation { proxyOption=NO_PROXY, proxyServerType=HTTP, username=, password=********, proxyServerAddress=, proxyServerPort=0, executionList=&quot;&quot;, isApplyToDesiredCapabilities=true }"/>
         <property name="platform" value="Windows 10"/>
      </properties>
      <testcase name="Test Cases/RAD_TestCases/UI_TestCases/LandingPage_UI_TC" time="12.481" classname="Test Cases/RAD_TestCases/UI_TestCases/LandingPage_UI_TC" status="PASSED">
         <system-out><![CDATA[2023-07-17 21:05:03 - [TEST_CASE][PASSED] - Test Cases/RAD_TestCases/UI_TestCases/LandingPage_UI_TC: Test Cases/RAD_TestCases/UI_TestCases/LandingPage_UI_TC

2023-07-17 21:05:04 - [TEST_STEP][PASSED] - openBrowser(""): Browser is opened with url: ''

2023-07-17 21:05:04 - [MESSAGE][INFO] - Starting 'Chrome' driver

2023-07-17 21:05:04 - [MESSAGE][INFO] - User set preference: ['acceptInsecureCerts', 'true']

2023-07-17 21:05:04 - [MESSAGE][INFO] - Action delay is set to 0 milliseconds

2023-07-17 21:05:07 - [MESSAGE][PASSED] - Browser is opened with url: ''

2023-07-17 21:05:07 - [TEST_STEP][PASSED] - maximizeWindow(): Current window maximized

2023-07-17 21:05:07 - [MESSAGE][PASSED] - Current window maximized

2023-07-17 21:05:07 - [TEST_STEP][PASSED] - navigateToUrl(RADurl): Navigate to 'https://qa.velocitypayment.com/client/rad/index.html' successfully

2023-07-17 21:05:09 - [MESSAGE][PASSED] - Navigate to 'https://qa.velocitypayment.com/client/rad/index.html' successfully

2023-07-17 21:05:09 - [TEST_STEP][PASSED] - orPath = "Object Repository/RAD_Pages/Landing_Page": null

2023-07-17 21:05:09 - [TEST_STEP][PASSED] - if (verifyElementPresent(findTestObject(orPath + "/dd_TaxType"), 30)): null

2023-07-17 21:05:10 - [MESSAGE][PASSED] - Object 'Object Repository/RAD_Pages/Landing_Page/dd_TaxType' is present

2023-07-17 21:05:10 - [TEST_STEP][PASSED] - out.println("Tax Type/Filing Year drop down was found on the Landing Page"): null

2023-07-17 21:05:10 - [TEST_STEP][PASSED] - if (verifyTextPresent("Your Progress", true)): null

2023-07-17 21:05:10 - [MESSAGE][PASSED] - Text 'Your Progress' is present on page  using regular expression

2023-07-17 21:05:10 - [TEST_STEP][PASSED] - out.println("Your Progress Static text was found on the Landing Page"): null

2023-07-17 21:05:10 - [TEST_STEP][PASSED] - if (verifyTextPresent("Tax Type/Taxpayer Information", true)): null

2023-07-17 21:05:10 - [MESSAGE][PASSED] - Text 'Tax Type/Taxpayer Information' is present on page  using regular expression

2023-07-17 21:05:10 - [TEST_STEP][PASSED] - out.println("Tax Type/Taxpayer Information text was found on the Landing Page"): null

2023-07-17 21:05:10 - [TEST_STEP][PASSED] - if (verifyTextPresent("Summary", true)): null

2023-07-17 21:05:11 - [MESSAGE][PASSED] - Text 'Summary' is present on page  using regular expression

2023-07-17 21:05:11 - [TEST_STEP][PASSED] - out.println("Summary Static text was found on the Landing Page"): null

2023-07-17 21:05:11 - [TEST_STEP][PASSED] - if (verifyTextPresent("Need Help?", true)): null

2023-07-17 21:05:11 - [MESSAGE][PASSED] - Text 'Need Help?' is present on page  using regular expression

2023-07-17 21:05:11 - [TEST_STEP][PASSED] - out.println("Need Help? Static text was found on the Landing Page"): null

2023-07-17 21:05:11 - [TEST_STEP][PASSED] - if (verifyElementPresent(findTestObject(orPath + "/button_Continue"), 30)): null

2023-07-17 21:05:11 - [MESSAGE][PASSED] - Object 'Object Repository/RAD_Pages/Landing_Page/button_Continue' is present

2023-07-17 21:05:11 - [TEST_STEP][PASSED] - out.println("Continue Button was found on the Landing Page"): null

2023-07-17 21:05:11 - [TEST_STEP][PASSED] - if (verifyElementPresent(findTestObject(orPath + "/a_taxhelpmarylandtaxes.gov"), 30)): null

2023-07-17 21:05:12 - [MESSAGE][PASSED] - Object 'Object Repository/RAD_Pages/Landing_Page/a_taxhelpmarylandtaxes.gov' is present

2023-07-17 21:05:12 - [TEST_STEP][PASSED] - out.println("Tax Help Maryland.gov link was found on the Landing Page"): null

2023-07-17 21:05:12 - [TEST_STEP][PASSED] - if (verifyElementPresent(findTestObject(orPath + "/a_Comptroller of Maryland"), 30)): null

2023-07-17 21:05:12 - [MESSAGE][PASSED] - Object 'Object Repository/RAD_Pages/Landing_Page/a_Comptroller of Maryland' is present

2023-07-17 21:05:12 - [TEST_STEP][PASSED] - out.println("Comptroller of Maryland link was found on the Landing Page"): null

2023-07-17 21:05:12 - [TEST_STEP][PASSED] - totalOptions = getNumberOfTotalOption(findTestObject(orPath + "/dd_TaxType")): 6 options of object 'Object Repository/RAD_Pages/Landing_Page/dd_TaxType' counted

2023-07-17 21:05:13 - [MESSAGE][PASSED] - 6 options of object 'Object Repository/RAD_Pages/Landing_Page/dd_TaxType' counted

2023-07-17 21:05:13 - [TEST_STEP][PASSED] - if (totalOptions == 6): Total Options are correct

2023-07-17 21:05:13 - [TEST_STEP][PASSED] - out.println("Total Options are correct: " + totalOptions): null

2023-07-17 21:05:13 - [TEST_STEP][PASSED] - markPassed("Total Options are correct"): Total Options are correct

2023-07-17 21:05:13 - [MESSAGE][PASSED] - Total Options are correct

2023-07-17 21:05:13 - [TEST_STEP][PASSED] - if (verifyOptionPresentByLabel(findTestObject(orPath + "/dd_TaxType"), "Estimated Tax", false, 60)): null

2023-07-17 21:05:13 - [MESSAGE][PASSED] - 1 option(s) with label 'Estimated Tax' is/are present in object 'Object Repository/RAD_Pages/Landing_Page/dd_TaxType' 

2023-07-17 21:05:13 - [TEST_STEP][PASSED] - out.println("Estimated Tax Option is present in the Tax Type Drop Down"): null

2023-07-17 21:05:13 - [TEST_STEP][PASSED] - if (verifyOptionPresentByLabel(findTestObject(orPath + "/dd_TaxType"), "Personal Income Tax", false, 60)): null

2023-07-17 21:05:14 - [MESSAGE][PASSED] - 1 option(s) with label 'Personal Income Tax' is/are present in object 'Object Repository/RAD_Pages/Landing_Page/dd_TaxType' 

2023-07-17 21:05:14 - [TEST_STEP][PASSED] - out.println("Personal Income Tax Option is present in the Tax Type Drop Down"): null

2023-07-17 21:05:14 - [TEST_STEP][PASSED] - if (verifyOptionPresentByLabel(findTestObject(orPath + "/dd_TaxType"), "Extension Payments", false, 60)): null

2023-07-17 21:05:15 - [MESSAGE][PASSED] - 1 option(s) with label 'Extension Payments' is/are present in object 'Object Repository/RAD_Pages/Landing_Page/dd_TaxType' 

2023-07-17 21:05:15 - [TEST_STEP][PASSED] - out.println("Extension Payments Option is present in the Tax Type Drop Down"): null

2023-07-17 21:05:15 - [TEST_STEP][PASSED] - if (verifyOptionPresentByLabel(findTestObject(orPath + "/dd_TaxType"), "Existing Liability", false, 60)): null

2023-07-17 21:05:15 - [MESSAGE][PASSED] - 1 option(s) with label 'Existing Liability' is/are present in object 'Object Repository/RAD_Pages/Landing_Page/dd_TaxType' 

2023-07-17 21:05:15 - [TEST_STEP][PASSED] - out.println("Existing Liability Option is present in the Tax Type Drop Down"): null

2023-07-17 21:05:15 - [TEST_STEP][PASSED] - if (verifyOptionPresentByLabel(findTestObject(orPath + "/dd_TaxType"), "Sales and Use", false, 60)): null

2023-07-17 21:05:16 - [MESSAGE][PASSED] - 1 option(s) with label 'Sales and Use' is/are present in object 'Object Repository/RAD_Pages/Landing_Page/dd_TaxType' 

2023-07-17 21:05:16 - [TEST_STEP][PASSED] - out.println("Sales and Use Option is present in the Tax Type Drop Down"): null]]></system-out>
         <system-err><![CDATA[]]></system-err>
      </testcase>
      <testcase name="Test Cases/RAD_TestCases/UI_TestCases/EstimatedTax_UI_TC" time="38.91" classname="Test Cases/RAD_TestCases/UI_TestCases/EstimatedTax_UI_TC" status="PASSED">
         <system-out><![CDATA[2023-07-17 21:05:16 - [TEST_CASE][PASSED] - Test Cases/RAD_TestCases/UI_TestCases/EstimatedTax_UI_TC: Test Cases/RAD_TestCases/UI_TestCases/EstimatedTax_UI_TC

2023-07-17 21:05:16 - [TEST_STEP][PASSED] - openBrowser(""): Browser is opened with url: ''

2023-07-17 21:05:16 - [MESSAGE][WARNING] - A browser is already opened. Closing browser and opening a new one

2023-07-17 21:05:17 - [MESSAGE][INFO] - Starting 'Chrome' driver

2023-07-17 21:05:17 - [MESSAGE][INFO] - User set preference: ['acceptInsecureCerts', 'true']

2023-07-17 21:05:17 - [MESSAGE][INFO] - Action delay is set to 0 milliseconds

2023-07-17 21:05:19 - [MESSAGE][PASSED] - Browser is opened with url: ''

2023-07-17 21:05:19 - [TEST_STEP][PASSED] - maximizeWindow(): Current window maximized

2023-07-17 21:05:19 - [MESSAGE][PASSED] - Current window maximized

2023-07-17 21:05:19 - [TEST_STEP][PASSED] - navigateToUrl(RADurl): Navigate to 'https://qa.velocitypayment.com/client/rad/index.html' successfully

2023-07-17 21:05:20 - [MESSAGE][PASSED] - Navigate to 'https://qa.velocitypayment.com/client/rad/index.html' successfully

2023-07-17 21:05:20 - [TEST_STEP][PASSED] - orPath_Landing = "Object Repository/RAD_Pages/Landing_Page": null

2023-07-17 21:05:20 - [TEST_STEP][PASSED] - orPath_TaxTypeFilingYear = "Object Repository/RAD_Pages/TaxTypeFilingYear_Page": null

2023-07-17 21:05:20 - [TEST_STEP][PASSED] - orPath_TaxPayer = "Object Repository/RAD_Pages/Taxpayer_Page": null

2023-07-17 21:05:20 - [TEST_STEP][PASSED] - orPath_AddressContact = "Object Repository/RAD_Pages/AddressAndContactInfo_Page": null

2023-07-17 21:05:20 - [TEST_STEP][PASSED] - orPath_FilingStatus = "Object Repository/RAD_Pages/FilingStatus_Page": null

2023-07-17 21:05:20 - [TEST_STEP][PASSED] - orPath_Amount = "Object Repository/RAD_Pages/PaymentAmount_Page": null

2023-07-17 21:05:20 - [TEST_STEP][PASSED] - orPath_TaxInfo = "Object Repository/RAD_Pages/TaxInfo_Page": null

2023-07-17 21:05:20 - [TEST_STEP][PASSED] - selectOptionByLabel(findTestObject(orPath_Landing + "/dd_TaxType"), "Estimated Tax", false): All options with label 'Estimated Tax' are selected in object 'Object Repository/RAD_Pages/Landing_Page/dd_TaxType' 

2023-07-17 21:05:21 - [MESSAGE][PASSED] - All options with label 'Estimated Tax' are selected in object 'Object Repository/RAD_Pages/Landing_Page/dd_TaxType' 

2023-07-17 21:05:21 - [TEST_STEP][PASSED] - if (verifyElementPresent(findTestObject(orPath_TaxTypeFilingYear + "/select_PaymentType"), 30)): null

2023-07-17 21:05:22 - [MESSAGE][PASSED] - Object 'Object Repository/RAD_Pages/TaxTypeFilingYear_Page/select_PaymentType' is present

2023-07-17 21:05:22 - [TEST_STEP][PASSED] - out.println("Payment Type drop down was found on the Estimated Tax Page"): null

2023-07-17 21:05:22 - [TEST_STEP][PASSED] - if (verifyElementPresent(findTestObject(orPath_TaxTypeFilingYear + "/select_FilingYear"), 30)): null

2023-07-17 21:05:22 - [MESSAGE][PASSED] - Object 'Object Repository/RAD_Pages/TaxTypeFilingYear_Page/select_FilingYear' is present

2023-07-17 21:05:22 - [TEST_STEP][PASSED] - out.println("Filing Year drop down was found on the Estimated Tax Page"): null

2023-07-17 21:05:22 - [TEST_STEP][PASSED] - totalOptionsPaymentType = getNumberOfTotalOption(findTestObject(orPath_TaxTypeFilingYear + "/select_PaymentType")): 3 options of object 'Object Repository/RAD_Pages/TaxTypeFilingYear_Page/select_PaymentType' counted

2023-07-17 21:05:23 - [MESSAGE][PASSED] - 3 options of object 'Object Repository/RAD_Pages/TaxTypeFilingYear_Page/select_PaymentType' counted

2023-07-17 21:05:23 - [TEST_STEP][PASSED] - if (verifyEqual(totalOptionsPaymentType, 3)): null

2023-07-17 21:05:23 - [MESSAGE][PASSED] - Actual object '3' and expected object '3' are equal

2023-07-17 21:05:23 - [TEST_STEP][PASSED] - out.println("Total Options for Payment Type are correct: " + totalOptionsPaymentType): null

2023-07-17 21:05:23 - [TEST_STEP][PASSED] - markPassed("Total Options are correct for Payment Type"): Total Options are correct for Payment Type

2023-07-17 21:05:23 - [MESSAGE][PASSED] - Total Options are correct for Payment Type

2023-07-17 21:05:23 - [TEST_STEP][PASSED] - totalOptionsFilingYear = getNumberOfTotalOption(findTestObject(orPath_TaxTypeFilingYear + "/select_FilingYear")): 1 options of object 'Object Repository/RAD_Pages/TaxTypeFilingYear_Page/select_FilingYear' counted

2023-07-17 21:05:23 - [MESSAGE][PASSED] - 1 options of object 'Object Repository/RAD_Pages/TaxTypeFilingYear_Page/select_FilingYear' counted

2023-07-17 21:05:23 - [TEST_STEP][PASSED] - if (verifyEqual(totalOptionsFilingYear, 1)): null

2023-07-17 21:05:23 - [MESSAGE][PASSED] - Actual object '1' and expected object '1' are equal

2023-07-17 21:05:23 - [TEST_STEP][PASSED] - out.println("Total Options for Filing Year are correct: " + totalOptionsFilingYear): null

2023-07-17 21:05:23 - [TEST_STEP][PASSED] - markPassed("Total Options are correct for Filing Year"): Total Options are correct for Filing Year

2023-07-17 21:05:23 - [MESSAGE][PASSED] - Total Options are correct for Filing Year

2023-07-17 21:05:23 - [TEST_STEP][PASSED] - verifyOptionsPresent(findTestObject(orPath_TaxTypeFilingYear + "/select_PaymentType"), ["Personal", "Corporate"]): Options [Personal, Corporate] present.

2023-07-17 21:05:24 - [MESSAGE][PASSED] - Options [Personal, Corporate] present.

2023-07-17 21:05:24 - [TEST_STEP][PASSED] - verifyOptionsPresent(findTestObject(orPath_TaxTypeFilingYear + "/select_FilingYear"), ["2023"]): Options [2023] present.

2023-07-17 21:05:24 - [MESSAGE][PASSED] - Options [2023] present.

2023-07-17 21:05:24 - [TEST_STEP][PASSED] - verifyTextPresent("Tax Type/Filing Year", true): Text 'Tax Type/Filing Year' is present on page  using regular expression

2023-07-17 21:05:25 - [MESSAGE][PASSED] - Text 'Tax Type/Filing Year' is present on page  using regular expression

2023-07-17 21:05:25 - [TEST_STEP][PASSED] - verifyTextPresent("Taxpayer", true): Text 'Taxpayer' is present on page  using regular expression

2023-07-17 21:05:25 - [MESSAGE][PASSED] - Text 'Taxpayer' is present on page  using regular expression

2023-07-17 21:05:25 - [TEST_STEP][PASSED] - verifyTextPresent("Provide the following taxpayer information", true): Text 'Provide the following taxpayer information' is present on page  using regular expression

2023-07-17 21:05:26 - [MESSAGE][PASSED] - Text 'Provide the following taxpayer information' is present on page  using regular expression

2023-07-17 21:05:26 - [TEST_STEP][PASSED] - verifyTextPresent("Note: If you are paying on behalf of the Taxpayer, enter Taxpayer", true): Text 'Note: If you are paying on behalf of the Taxpayer, enter Taxpayer' is present on page  using regular expression

2023-07-17 21:05:26 - [MESSAGE][PASSED] - Text 'Note: If you are paying on behalf of the Taxpayer, enter Taxpayer' is present on page  using regular expression

2023-07-17 21:05:26 - [TEST_STEP][PASSED] - verifyTextPresent("information here. If you are making a payment for the Taxpayer, you will be required later to enter your own credit card, billing address and other pertinent information", true): Text 'information here. If you are making a payment for the Taxpayer, you will be required later to enter your own credit card, billing address and other pertinent information' is present on page  using regular expression

2023-07-17 21:05:26 - [MESSAGE][PASSED] - Text 'information here. If you are making a payment for the Taxpayer, you will be required later to enter your own credit card, billing address and other pertinent information' is present on page  using regular expression

2023-07-17 21:05:26 - [TEST_STEP][PASSED] - verifyTextPresent("Address and Contact Information", true): Text 'Address and Contact Information' is present on page  using regular expression

2023-07-17 21:05:27 - [MESSAGE][PASSED] - Text 'Address and Contact Information' is present on page  using regular expression

2023-07-17 21:05:27 - [TEST_STEP][PASSED] - verifyTextPresent("Enter the taxpayer", true): Text 'Enter the taxpayer' is present on page  using regular expression

2023-07-17 21:05:27 - [MESSAGE][PASSED] - Text 'Enter the taxpayer' is present on page  using regular expression

2023-07-17 21:05:27 - [TEST_STEP][PASSED] - verifyTextPresent("address and contact information", true): Text 'address and contact information' is present on page  using regular expression

2023-07-17 21:05:27 - [MESSAGE][PASSED] - Text 'address and contact information' is present on page  using regular expression

2023-07-17 21:05:27 - [TEST_STEP][PASSED] - verifyTextPresent("Filing Status", true): Text 'Filing Status' is present on page  using regular expression

2023-07-17 21:05:28 - [MESSAGE][PASSED] - Text 'Filing Status' is present on page  using regular expression

2023-07-17 21:05:28 - [TEST_STEP][PASSED] - verifyTextPresent("Is this an Individual or Joint Filing?", true): Text 'Is this an Individual or Joint Filing?' is present on page  using regular expression

2023-07-17 21:05:28 - [MESSAGE][PASSED] - Text 'Is this an Individual or Joint Filing?' is present on page  using regular expression

2023-07-17 21:05:28 - [TEST_STEP][PASSED] - verifyTextPresent("Filing type", true): Text 'Filing type' is present on page  using regular expression

2023-07-17 21:05:29 - [MESSAGE][PASSED] - Text 'Filing type' is present on page  using regular expression

2023-07-17 21:05:29 - [TEST_STEP][PASSED] - verifyTextPresent("Individual Filing", true): Text 'Individual Filing' is present on page  using regular expression

2023-07-17 21:05:29 - [MESSAGE][PASSED] - Text 'Individual Filing' is present on page  using regular expression

2023-07-17 21:05:29 - [TEST_STEP][PASSED] - verifyTextPresent("Joint Filing", true): Text 'Joint Filing' is present on page  using regular expression

2023-07-17 21:05:29 - [MESSAGE][PASSED] - Text 'Joint Filing' is present on page  using regular expression

2023-07-17 21:05:29 - [TEST_STEP][PASSED] - verifyTextPresent("Payment Amount", true): Text 'Payment Amount' is present on page  using regular expression

2023-07-17 21:05:30 - [MESSAGE][PASSED] - Text 'Payment Amount' is present on page  using regular expression

2023-07-17 21:05:30 - [TEST_STEP][PASSED] - verifyTextPresent("Service Fee: This electronic government service includes a service/convenience fee. Click here for details", true): Text 'Service Fee: This electronic government service includes a service/convenience fee. Click here for details' is present on page  using regular expression

2023-07-17 21:05:30 - [MESSAGE][PASSED] - Text 'Service Fee: This electronic government service includes a service/convenience fee. Click here for details' is present on page  using regular expression

2023-07-17 21:05:30 - [TEST_STEP][PASSED] - verifyElementPresent(findTestObject(orPath_Amount + "/a_Click here for details"), 30): Object 'Object Repository/RAD_Pages/PaymentAmount_Page/a_Click here for details' is present

2023-07-17 21:05:30 - [MESSAGE][PASSED] - Object 'Object Repository/RAD_Pages/PaymentAmount_Page/a_Click here for details' is present

2023-07-17 21:05:30 - [TEST_STEP][PASSED] - verifyElementPresent(findTestObject(orPath_Landing + "/button_Continue"), 30): Object 'Object Repository/RAD_Pages/Landing_Page/button_Continue' is present

2023-07-17 21:05:31 - [MESSAGE][PASSED] - Object 'Object Repository/RAD_Pages/Landing_Page/button_Continue' is present

2023-07-17 21:05:31 - [TEST_STEP][PASSED] - verifyElementPresent(findTestObject(orPath_TaxPayer + "/input_firstName"), 30): Object 'Object Repository/RAD_Pages/Taxpayer_Page/input_firstName' is present

2023-07-17 21:05:31 - [MESSAGE][PASSED] - Object 'Object Repository/RAD_Pages/Taxpayer_Page/input_firstName' is present

2023-07-17 21:05:31 - [TEST_STEP][PASSED] - verifyElementPresent(findTestObject(orPath_TaxPayer + "/input_middleName"), 30): Object 'Object Repository/RAD_Pages/Taxpayer_Page/input_middleName' is present

2023-07-17 21:05:31 - [MESSAGE][PASSED] - Object 'Object Repository/RAD_Pages/Taxpayer_Page/input_middleName' is present

2023-07-17 21:05:31 - [TEST_STEP][PASSED] - verifyElementPresent(findTestObject(orPath_TaxPayer + "/input_lastName"), 30): Object 'Object Repository/RAD_Pages/Taxpayer_Page/input_lastName' is present

2023-07-17 21:05:32 - [MESSAGE][PASSED] - Object 'Object Repository/RAD_Pages/Taxpayer_Page/input_lastName' is present

2023-07-17 21:05:32 - [TEST_STEP][PASSED] - verifyElementPresent(findTestObject(orPath_TaxPayer + "/input_suffix"), 30): Object 'Object Repository/RAD_Pages/Taxpayer_Page/input_suffix' is present

2023-07-17 21:05:32 - [MESSAGE][PASSED] - Object 'Object Repository/RAD_Pages/Taxpayer_Page/input_suffix' is present

2023-07-17 21:05:32 - [TEST_STEP][PASSED] - verifyElementPresent(findTestObject("RAD_RecordAndPlay/input_concatSSN"), 30): Object 'Object Repository/RAD_RecordAndPlay/input_concatSSN' is present

2023-07-17 21:05:32 - [MESSAGE][PASSED] - Object 'Object Repository/RAD_RecordAndPlay/input_concatSSN' is present

2023-07-17 21:05:32 - [TEST_STEP][PASSED] - verifyElementPresent(findTestObject("RAD_RecordAndPlay/input_concatReSSN"), 30): Object 'Object Repository/RAD_RecordAndPlay/input_concatReSSN' is present

2023-07-17 21:05:33 - [MESSAGE][PASSED] - Object 'Object Repository/RAD_RecordAndPlay/input_concatReSSN' is present

2023-07-17 21:05:33 - [TEST_STEP][PASSED] - verifyElementPresent(findTestObject(orPath_AddressContact + "/select_Country"), 30): Object 'Object Repository/RAD_Pages/AddressAndContactInfo_Page/select_Country' is present

2023-07-17 21:05:33 - [MESSAGE][PASSED] - Object 'Object Repository/RAD_Pages/AddressAndContactInfo_Page/select_Country' is present

2023-07-17 21:05:33 - [TEST_STEP][PASSED] - verifyElementPresent(findTestObject(orPath_AddressContact + "/input_streetAddress1"), 30): Object 'Object Repository/RAD_Pages/AddressAndContactInfo_Page/input_streetAddress1' is present

2023-07-17 21:05:34 - [MESSAGE][PASSED] - Object 'Object Repository/RAD_Pages/AddressAndContactInfo_Page/input_streetAddress1' is present

2023-07-17 21:05:34 - [TEST_STEP][PASSED] - verifyElementPresent(findTestObject(orPath_AddressContact + "/input_streetAddress2"), 30): Object 'Object Repository/RAD_Pages/AddressAndContactInfo_Page/input_streetAddress2' is present

2023-07-17 21:05:34 - [MESSAGE][PASSED] - Object 'Object Repository/RAD_Pages/AddressAndContactInfo_Page/input_streetAddress2' is present

2023-07-17 21:05:34 - [TEST_STEP][PASSED] - verifyElementPresent(findTestObject(orPath_AddressContact + "/input_city"), 30): Object 'Object Repository/RAD_Pages/AddressAndContactInfo_Page/input_city' is present

2023-07-17 21:05:34 - [MESSAGE][PASSED] - Object 'Object Repository/RAD_Pages/AddressAndContactInfo_Page/input_city' is present

2023-07-17 21:05:34 - [TEST_STEP][PASSED] - verifyElementPresent(findTestObject(orPath_AddressContact + "/select_State"), 30): Object 'Object Repository/RAD_Pages/AddressAndContactInfo_Page/select_State' is present

2023-07-17 21:05:35 - [MESSAGE][PASSED] - Object 'Object Repository/RAD_Pages/AddressAndContactInfo_Page/select_State' is present

2023-07-17 21:05:35 - [TEST_STEP][PASSED] - verifyElementPresent(findTestObject(orPath_AddressContact + "/input_zipCode"), 30): Object 'Object Repository/RAD_Pages/AddressAndContactInfo_Page/input_zipCode' is present

2023-07-17 21:05:35 - [MESSAGE][PASSED] - Object 'Object Repository/RAD_Pages/AddressAndContactInfo_Page/input_zipCode' is present

2023-07-17 21:05:35 - [TEST_STEP][PASSED] - verifyElementPresent(findTestObject(orPath_AddressContact + "/input_phoneNumber"), 30): Object 'Object Repository/RAD_Pages/AddressAndContactInfo_Page/input_phoneNumber' is present

2023-07-17 21:05:35 - [MESSAGE][PASSED] - Object 'Object Repository/RAD_Pages/AddressAndContactInfo_Page/input_phoneNumber' is present

2023-07-17 21:05:35 - [TEST_STEP][PASSED] - verifyElementPresent(findTestObject(orPath_AddressContact + "/input_eMailAddress"), 30): Object 'Object Repository/RAD_Pages/AddressAndContactInfo_Page/input_eMailAddress' is present

2023-07-17 21:05:36 - [MESSAGE][PASSED] - Object 'Object Repository/RAD_Pages/AddressAndContactInfo_Page/input_eMailAddress' is present

2023-07-17 21:05:36 - [TEST_STEP][PASSED] - verifyElementPresent(findTestObject(orPath_AddressContact + "/input_reEnterEMailAddress"), 30): Object 'Object Repository/RAD_Pages/AddressAndContactInfo_Page/input_reEnterEMailAddress' is present

2023-07-17 21:05:36 - [MESSAGE][PASSED] - Object 'Object Repository/RAD_Pages/AddressAndContactInfo_Page/input_reEnterEMailAddress' is present

2023-07-17 21:05:36 - [TEST_STEP][PASSED] - verifyOptionsPresent(findTestObject(orPath_AddressContact + "/select_Country"), ["United States"]): Options [United States] present.

2023-07-17 21:05:37 - [MESSAGE][PASSED] - Options [United States] present.

2023-07-17 21:05:37 - [TEST_STEP][PASSED] - verifyOptionsPresent(findTestObject(orPath_AddressContact + "/select_State"), ["Alabama", "District of Columbia", "Maryland", "Virginia", "Wyoming"]): Options [Alabama, District of Columbia, Maryland, Virginia, Wyoming] present.

2023-07-17 21:05:38 - [MESSAGE][PASSED] - Options [Alabama, District of Columbia, Maryland, Virginia, Wyoming] present.

2023-07-17 21:05:38 - [TEST_STEP][PASSED] - totalOptionsState = getNumberOfTotalOption(findTestObject(orPath_AddressContact + "/select_State")): 52 options of object 'Object Repository/RAD_Pages/AddressAndContactInfo_Page/select_State' counted

2023-07-17 21:05:38 - [MESSAGE][PASSED] - 52 options of object 'Object Repository/RAD_Pages/AddressAndContactInfo_Page/select_State' counted

2023-07-17 21:05:38 - [TEST_STEP][PASSED] - verifyEqual(totalOptionsState, 52): Actual object '52' and expected object '52' are equal

2023-07-17 21:05:38 - [MESSAGE][PASSED] - Actual object '52' and expected object '52' are equal

2023-07-17 21:05:38 - [TEST_STEP][PASSED] - verifyElementPresent(findTestObject(orPath_FilingStatus + "/input_userType_Individual"), 30): Object 'Object Repository/RAD_Pages/FilingStatus_Page/input_userType_Individual' is present

2023-07-17 21:05:38 - [MESSAGE][PASSED] - Object 'Object Repository/RAD_Pages/FilingStatus_Page/input_userType_Individual' is present

2023-07-17 21:05:38 - [TEST_STEP][PASSED] - verifyElementPresent(findTestObject(orPath_FilingStatus + "/input_userType_Joint"), 30): Object 'Object Repository/RAD_Pages/FilingStatus_Page/input_userType_Joint' is present

2023-07-17 21:05:39 - [MESSAGE][PASSED] - Object 'Object Repository/RAD_Pages/FilingStatus_Page/input_userType_Joint' is present

2023-07-17 21:05:39 - [TEST_STEP][PASSED] - verifyElementPresent(findTestObject(orPath_Amount + "/input__paymentAmount"), 30): Object 'Object Repository/RAD_Pages/PaymentAmount_Page/input__paymentAmount' is present

2023-07-17 21:05:39 - [MESSAGE][PASSED] - Object 'Object Repository/RAD_Pages/PaymentAmount_Page/input__paymentAmount' is present

2023-07-17 21:05:39 - [TEST_STEP][PASSED] - scrollToElement(findTestObject(orPath_Amount + "/input__paymentAmount"), 3): Scroll to object 'Object Repository/RAD_Pages/PaymentAmount_Page/input__paymentAmount' successfully

2023-07-17 21:05:39 - [MESSAGE][PASSED] - Scroll to object 'Object Repository/RAD_Pages/PaymentAmount_Page/input__paymentAmount' successfully

2023-07-17 21:05:39 - [TEST_STEP][PASSED] - waitForElementClickable(findTestObject(orPath_FilingStatus + "/input_userType_Joint"), 5): Object 'Object Repository/RAD_Pages/FilingStatus_Page/input_userType_Joint' is clickable

2023-07-17 21:05:40 - [MESSAGE][PASSED] - Object 'Object Repository/RAD_Pages/FilingStatus_Page/input_userType_Joint' is clickable

2023-07-17 21:05:40 - [TEST_STEP][PASSED] - click(findTestObject(orPath_FilingStatus + "/input_userType_Joint")): Object: 'Object Repository/RAD_Pages/FilingStatus_Page/input_userType_Joint' is clicked on

2023-07-17 21:05:40 - [MESSAGE][PASSED] - Object: 'Object Repository/RAD_Pages/FilingStatus_Page/input_userType_Joint' is clicked on

2023-07-17 21:05:40 - [TEST_STEP][PASSED] - verifyTextPresent("Provide the following information for the joint filer", true): Text 'Provide the following information for the joint filer' is present on page  using regular expression

2023-07-17 21:05:41 - [MESSAGE][PASSED] - Text 'Provide the following information for the joint filer' is present on page  using regular expression

2023-07-17 21:05:41 - [TEST_STEP][PASSED] - verifyElementPresent(findTestObject(orPath_FilingStatus + "/input_jointFirstName"), 30): Object 'Object Repository/RAD_Pages/FilingStatus_Page/input_jointFirstName' is present

2023-07-17 21:05:41 - [MESSAGE][PASSED] - Object 'Object Repository/RAD_Pages/FilingStatus_Page/input_jointFirstName' is present

2023-07-17 21:05:41 - [TEST_STEP][PASSED] - verifyElementPresent(findTestObject(orPath_FilingStatus + "/input_jointMiddleName"), 30): Object 'Object Repository/RAD_Pages/FilingStatus_Page/input_jointMiddleName' is present

2023-07-17 21:05:41 - [MESSAGE][PASSED] - Object 'Object Repository/RAD_Pages/FilingStatus_Page/input_jointMiddleName' is present

2023-07-17 21:05:41 - [TEST_STEP][PASSED] - verifyElementPresent(findTestObject(orPath_FilingStatus + "/input_jointLastName"), 30): Object 'Object Repository/RAD_Pages/FilingStatus_Page/input_jointLastName' is present

2023-07-17 21:05:42 - [MESSAGE][PASSED] - Object 'Object Repository/RAD_Pages/FilingStatus_Page/input_jointLastName' is present

2023-07-17 21:05:42 - [TEST_STEP][PASSED] - verifyElementPresent(findTestObject(orPath_FilingStatus + "/input_jointSuffix"), 30): Object 'Object Repository/RAD_Pages/FilingStatus_Page/input_jointSuffix' is present

2023-07-17 21:05:42 - [MESSAGE][PASSED] - Object 'Object Repository/RAD_Pages/FilingStatus_Page/input_jointSuffix' is present

2023-07-17 21:05:42 - [TEST_STEP][PASSED] - verifyElementPresent(findTestObject("Object Repository/RAD_RecordAndPlay/input_JointFilerSSN"), 30): Object 'Object Repository/RAD_RecordAndPlay/input_JointFilerSSN' is present

2023-07-17 21:05:42 - [MESSAGE][PASSED] - Object 'Object Repository/RAD_RecordAndPlay/input_JointFilerSSN' is present

2023-07-17 21:05:42 - [TEST_STEP][PASSED] - verifyElementPresent(findTestObject("Object Repository/RAD_RecordAndPlay/input_reTypeJointFilerSSN"), 30): Object 'Object Repository/RAD_RecordAndPlay/input_reTypeJointFilerSSN' is present

2023-07-17 21:05:43 - [MESSAGE][PASSED] - Object 'Object Repository/RAD_RecordAndPlay/input_reTypeJointFilerSSN' is present

2023-07-17 21:05:43 - [TEST_STEP][PASSED] - selectOptionByLabel(findTestObject(orPath_TaxTypeFilingYear + "/select_PaymentType"), "Personal", false): All options with label 'Personal' are selected in object 'Object Repository/RAD_Pages/TaxTypeFilingYear_Page/select_PaymentType' 

2023-07-17 21:05:44 - [MESSAGE][PASSED] - All options with label 'Personal' are selected in object 'Object Repository/RAD_Pages/TaxTypeFilingYear_Page/select_PaymentType' 

2023-07-17 21:05:44 - [TEST_STEP][PASSED] - verifyElementVisible(findTestObject(orPath_TaxPayer + "/input_firstName")): Object 'Object Repository/RAD_Pages/Taxpayer_Page/input_firstName' is visible

2023-07-17 21:05:44 - [MESSAGE][PASSED] - Object 'Object Repository/RAD_Pages/Taxpayer_Page/input_firstName' is visible

2023-07-17 21:05:44 - [TEST_STEP][PASSED] - verifyElementVisible(findTestObject(orPath_TaxPayer + "/input_middleName")): Object 'Object Repository/RAD_Pages/Taxpayer_Page/input_middleName' is visible

2023-07-17 21:05:44 - [MESSAGE][PASSED] - Object 'Object Repository/RAD_Pages/Taxpayer_Page/input_middleName' is visible

2023-07-17 21:05:44 - [TEST_STEP][PASSED] - verifyElementVisible(findTestObject(orPath_TaxPayer + "/input_lastName")): Object 'Object Repository/RAD_Pages/Taxpayer_Page/input_lastName' is visible

2023-07-17 21:05:45 - [MESSAGE][PASSED] - Object 'Object Repository/RAD_Pages/Taxpayer_Page/input_lastName' is visible

2023-07-17 21:05:45 - [TEST_STEP][PASSED] - verifyElementVisible(findTestObject(orPath_TaxPayer + "/input_suffix")): Object 'Object Repository/RAD_Pages/Taxpayer_Page/input_suffix' is visible

2023-07-17 21:05:45 - [MESSAGE][PASSED] - Object 'Object Repository/RAD_Pages/Taxpayer_Page/input_suffix' is visible

2023-07-17 21:05:45 - [TEST_STEP][PASSED] - verifyElementVisible(findTestObject("RAD_RecordAndPlay/input_concatSSN")): Object 'Object Repository/RAD_RecordAndPlay/input_concatSSN' is visible

2023-07-17 21:05:46 - [MESSAGE][PASSED] - Object 'Object Repository/RAD_RecordAndPlay/input_concatSSN' is visible

2023-07-17 21:05:46 - [TEST_STEP][PASSED] - verifyElementVisible(findTestObject("RAD_RecordAndPlay/input_concatReSSN")): Object 'Object Repository/RAD_RecordAndPlay/input_concatReSSN' is visible

2023-07-17 21:05:46 - [MESSAGE][PASSED] - Object 'Object Repository/RAD_RecordAndPlay/input_concatReSSN' is visible

2023-07-17 21:05:46 - [TEST_STEP][PASSED] - verifyElementVisible(findTestObject(orPath_FilingStatus + "/input_userType_Individual")): Object 'Object Repository/RAD_Pages/FilingStatus_Page/input_userType_Individual' is visible

2023-07-17 21:05:46 - [MESSAGE][PASSED] - Object 'Object Repository/RAD_Pages/FilingStatus_Page/input_userType_Individual' is visible

2023-07-17 21:05:46 - [TEST_STEP][PASSED] - verifyElementVisible(findTestObject(orPath_FilingStatus + "/input_userType_Joint")): Object 'Object Repository/RAD_Pages/FilingStatus_Page/input_userType_Joint' is visible

2023-07-17 21:05:47 - [MESSAGE][PASSED] - Object 'Object Repository/RAD_Pages/FilingStatus_Page/input_userType_Joint' is visible

2023-07-17 21:05:47 - [TEST_STEP][PASSED] - verifyElementNotVisible(findTestObject(orPath_TaxPayer + "/input_Note_businessName")): Object 'Object Repository/RAD_Pages/Taxpayer_Page/input_Note_businessName' is NOT visible

2023-07-17 21:05:47 - [MESSAGE][PASSED] - Object 'Object Repository/RAD_Pages/Taxpayer_Page/input_Note_businessName' is NOT visible

2023-07-17 21:05:47 - [TEST_STEP][PASSED] - verifyElementNotVisible(findTestObject(orPath_TaxInfo + "/input_FederalEIN-2")): Object 'Object Repository/RAD_Pages/TaxInfo_Page/input_FederalEIN-2' is NOT visible

2023-07-17 21:05:47 - [MESSAGE][PASSED] - Object 'Object Repository/RAD_Pages/TaxInfo_Page/input_FederalEIN-2' is NOT visible

2023-07-17 21:05:47 - [TEST_STEP][PASSED] - verifyElementNotVisible(findTestObject(orPath_TaxInfo + "/input_FederalEIN_ReEnter-2")): Object 'Object Repository/RAD_Pages/TaxInfo_Page/input_FederalEIN_ReEnter-2' is NOT visible

2023-07-17 21:05:48 - [MESSAGE][PASSED] - Object 'Object Repository/RAD_Pages/TaxInfo_Page/input_FederalEIN_ReEnter-2' is NOT visible

2023-07-17 21:05:48 - [TEST_STEP][PASSED] - selectOptionByLabel(findTestObject(orPath_TaxTypeFilingYear + "/select_PaymentType"), "Corporate", false): All options with label 'Corporate' are selected in object 'Object Repository/RAD_Pages/TaxTypeFilingYear_Page/select_PaymentType' 

2023-07-17 21:05:49 - [MESSAGE][PASSED] - All options with label 'Corporate' are selected in object 'Object Repository/RAD_Pages/TaxTypeFilingYear_Page/select_PaymentType' 

2023-07-17 21:05:49 - [TEST_STEP][PASSED] - verifyElementPresent(findTestObject(orPath_TaxTypeFilingYear + "/select_PeriodEnding"), 30): Object 'Object Repository/RAD_Pages/TaxTypeFilingYear_Page/select_PeriodEnding' is present

2023-07-17 21:05:49 - [MESSAGE][PASSED] - Object 'Object Repository/RAD_Pages/TaxTypeFilingYear_Page/select_PeriodEnding' is present

2023-07-17 21:05:49 - [TEST_STEP][PASSED] - totalOptionsPeriodEnding = getNumberOfTotalOption(findTestObject(orPath_TaxTypeFilingYear + "/select_PeriodEnding")): 13 options of object 'Object Repository/RAD_Pages/TaxTypeFilingYear_Page/select_PeriodEnding' counted

2023-07-17 21:05:50 - [MESSAGE][PASSED] - 13 options of object 'Object Repository/RAD_Pages/TaxTypeFilingYear_Page/select_PeriodEnding' counted

2023-07-17 21:05:50 - [TEST_STEP][PASSED] - verifyEqual(totalOptionsPeriodEnding, 13): Actual object '13' and expected object '13' are equal

2023-07-17 21:05:50 - [MESSAGE][PASSED] - Actual object '13' and expected object '13' are equal

2023-07-17 21:05:50 - [TEST_STEP][PASSED] - verifyOptionsPresent(findTestObject(orPath_TaxTypeFilingYear + "/select_PeriodEnding"), ["Month", "January", "February", "March", "April", "May", "June"]): Options [Month, January, February, March, April, May, June] present.

2023-07-17 21:05:50 - [MESSAGE][PASSED] - Options [Month, January, February, March, April, May, June] present.

2023-07-17 21:05:50 - [TEST_STEP][PASSED] - verifyOptionsPresent(findTestObject(orPath_TaxTypeFilingYear + "/select_PeriodEnding"), ["July", "August", "September", "October", "November", "December"]): Options [July, August, September, October, November, December] present.

2023-07-17 21:05:51 - [MESSAGE][PASSED] - Options [July, August, September, October, November, December] present.

2023-07-17 21:05:51 - [TEST_STEP][PASSED] - verifyElementVisible(findTestObject(orPath_TaxPayer + "/input_Note_businessName")): Object 'Object Repository/RAD_Pages/Taxpayer_Page/input_Note_businessName' is visible

2023-07-17 21:05:51 - [MESSAGE][PASSED] - Object 'Object Repository/RAD_Pages/Taxpayer_Page/input_Note_businessName' is visible

2023-07-17 21:05:51 - [TEST_STEP][PASSED] - verifyElementVisible(findTestObject(orPath_TaxInfo + "/input_FederalEIN-2")): Object 'Object Repository/RAD_Pages/TaxInfo_Page/input_FederalEIN-2' is visible

2023-07-17 21:05:52 - [MESSAGE][PASSED] - Object 'Object Repository/RAD_Pages/TaxInfo_Page/input_FederalEIN-2' is visible

2023-07-17 21:05:52 - [TEST_STEP][PASSED] - verifyElementVisible(findTestObject(orPath_TaxInfo + "/input_FederalEIN_ReEnter-2")): Object 'Object Repository/RAD_Pages/TaxInfo_Page/input_FederalEIN_ReEnter-2' is visible

2023-07-17 21:05:52 - [MESSAGE][PASSED] - Object 'Object Repository/RAD_Pages/TaxInfo_Page/input_FederalEIN_ReEnter-2' is visible

2023-07-17 21:05:52 - [TEST_STEP][PASSED] - verifyElementNotVisible(findTestObject(orPath_TaxPayer + "/input_firstName")): Object 'Object Repository/RAD_Pages/Taxpayer_Page/input_firstName' is NOT visible

2023-07-17 21:05:52 - [MESSAGE][PASSED] - Object 'Object Repository/RAD_Pages/Taxpayer_Page/input_firstName' is NOT visible

2023-07-17 21:05:52 - [TEST_STEP][PASSED] - verifyElementNotVisible(findTestObject(orPath_TaxPayer + "/input_middleName")): Object 'Object Repository/RAD_Pages/Taxpayer_Page/input_middleName' is NOT visible

2023-07-17 21:05:53 - [MESSAGE][PASSED] - Object 'Object Repository/RAD_Pages/Taxpayer_Page/input_middleName' is NOT visible

2023-07-17 21:05:53 - [TEST_STEP][PASSED] - verifyElementNotVisible(findTestObject(orPath_TaxPayer + "/input_lastName")): Object 'Object Repository/RAD_Pages/Taxpayer_Page/input_lastName' is NOT visible

2023-07-17 21:05:53 - [MESSAGE][PASSED] - Object 'Object Repository/RAD_Pages/Taxpayer_Page/input_lastName' is NOT visible

2023-07-17 21:05:53 - [TEST_STEP][PASSED] - verifyElementNotVisible(findTestObject(orPath_TaxPayer + "/input_suffix")): Object 'Object Repository/RAD_Pages/Taxpayer_Page/input_suffix' is NOT visible

2023-07-17 21:05:53 - [MESSAGE][PASSED] - Object 'Object Repository/RAD_Pages/Taxpayer_Page/input_suffix' is NOT visible

2023-07-17 21:05:53 - [TEST_STEP][PASSED] - verifyElementNotVisible(findTestObject("RAD_RecordAndPlay/input_concatSSN")): Object 'Object Repository/RAD_RecordAndPlay/input_concatSSN' is NOT visible

2023-07-17 21:05:54 - [MESSAGE][PASSED] - Object 'Object Repository/RAD_RecordAndPlay/input_concatSSN' is NOT visible

2023-07-17 21:05:54 - [TEST_STEP][PASSED] - verifyElementNotVisible(findTestObject("RAD_RecordAndPlay/input_concatReSSN")): Object 'Object Repository/RAD_RecordAndPlay/input_concatReSSN' is NOT visible

2023-07-17 21:05:54 - [MESSAGE][PASSED] - Object 'Object Repository/RAD_RecordAndPlay/input_concatReSSN' is NOT visible

2023-07-17 21:05:54 - [TEST_STEP][PASSED] - verifyElementNotVisible(findTestObject(orPath_FilingStatus + "/input_userType_Individual")): Object 'Object Repository/RAD_Pages/FilingStatus_Page/input_userType_Individual' is NOT visible

2023-07-17 21:05:54 - [MESSAGE][PASSED] - Object 'Object Repository/RAD_Pages/FilingStatus_Page/input_userType_Individual' is NOT visible

2023-07-17 21:05:54 - [TEST_STEP][PASSED] - verifyElementNotVisible(findTestObject(orPath_FilingStatus + "/input_userType_Joint")): Object 'Object Repository/RAD_Pages/FilingStatus_Page/input_userType_Joint' is NOT visible

2023-07-17 21:05:55 - [MESSAGE][PASSED] - Object 'Object Repository/RAD_Pages/FilingStatus_Page/input_userType_Joint' is NOT visible]]></system-out>
         <system-err><![CDATA[]]></system-err>
      </testcase>
      <testcase name="Test Cases/RAD_TestCases/UI_TestCases/PersonalIncomeTax_UI_TC" time="35.156" classname="Test Cases/RAD_TestCases/UI_TestCases/PersonalIncomeTax_UI_TC" status="PASSED">
         <system-out><![CDATA[2023-07-17 21:05:55 - [TEST_CASE][PASSED] - Test Cases/RAD_TestCases/UI_TestCases/PersonalIncomeTax_UI_TC: Test Cases/RAD_TestCases/UI_TestCases/PersonalIncomeTax_UI_TC

2023-07-17 21:05:55 - [TEST_STEP][PASSED] - openBrowser(""): Browser is opened with url: ''

2023-07-17 21:05:55 - [MESSAGE][WARNING] - A browser is already opened. Closing browser and opening a new one

2023-07-17 21:05:56 - [MESSAGE][INFO] - Starting 'Chrome' driver

2023-07-17 21:05:56 - [MESSAGE][INFO] - User set preference: ['acceptInsecureCerts', 'true']

2023-07-17 21:05:56 - [MESSAGE][INFO] - Action delay is set to 0 milliseconds

2023-07-17 21:05:58 - [MESSAGE][PASSED] - Browser is opened with url: ''

2023-07-17 21:05:58 - [TEST_STEP][PASSED] - maximizeWindow(): Current window maximized

2023-07-17 21:05:58 - [MESSAGE][PASSED] - Current window maximized

2023-07-17 21:05:58 - [TEST_STEP][PASSED] - navigateToUrl(RADurl): Navigate to 'https://qa.velocitypayment.com/client/rad/index.html' successfully

2023-07-17 21:05:59 - [MESSAGE][PASSED] - Navigate to 'https://qa.velocitypayment.com/client/rad/index.html' successfully

2023-07-17 21:05:59 - [TEST_STEP][PASSED] - orPath_Landing = "Object Repository/RAD_Pages/Landing_Page": null

2023-07-17 21:05:59 - [TEST_STEP][PASSED] - orPath_TaxTypeFilingYear = "Object Repository/RAD_Pages/TaxTypeFilingYear_Page": null

2023-07-17 21:05:59 - [TEST_STEP][PASSED] - orPath_TaxPayer = "Object Repository/RAD_Pages/Taxpayer_Page": null

2023-07-17 21:05:59 - [TEST_STEP][PASSED] - orPath_AddressContact = "Object Repository/RAD_Pages/AddressAndContactInfo_Page": null

2023-07-17 21:05:59 - [TEST_STEP][PASSED] - orPath_FilingStatus = "Object Repository/RAD_Pages/FilingStatus_Page": null

2023-07-17 21:05:59 - [TEST_STEP][PASSED] - orPath_Amount = "Object Repository/RAD_Pages/PaymentAmount_Page": null

2023-07-17 21:05:59 - [TEST_STEP][PASSED] - selectOptionByLabel(findTestObject(orPath_Landing + "/dd_TaxType"), "Personal Income Tax", false): All options with label 'Personal Income Tax' are selected in object 'Object Repository/RAD_Pages/Landing_Page/dd_TaxType' 

2023-07-17 21:06:00 - [MESSAGE][PASSED] - All options with label 'Personal Income Tax' are selected in object 'Object Repository/RAD_Pages/Landing_Page/dd_TaxType' 

2023-07-17 21:06:00 - [TEST_STEP][PASSED] - verifyElementPresent(findTestObject(orPath_TaxTypeFilingYear + "/select_FilingYear"), 30): Object 'Object Repository/RAD_Pages/TaxTypeFilingYear_Page/select_FilingYear' is present

2023-07-17 21:06:01 - [MESSAGE][PASSED] - Object 'Object Repository/RAD_Pages/TaxTypeFilingYear_Page/select_FilingYear' is present

2023-07-17 21:06:01 - [TEST_STEP][PASSED] - totalOptionsFilingYear = getNumberOfTotalOption(findTestObject(orPath_TaxTypeFilingYear + "/select_FilingYear")): 4 options of object 'Object Repository/RAD_Pages/TaxTypeFilingYear_Page/select_FilingYear' counted

2023-07-17 21:06:01 - [MESSAGE][PASSED] - 4 options of object 'Object Repository/RAD_Pages/TaxTypeFilingYear_Page/select_FilingYear' counted

2023-07-17 21:06:01 - [TEST_STEP][PASSED] - verifyEqual(totalOptionsFilingYear, 4): Actual object '4' and expected object '4' are equal

2023-07-17 21:06:01 - [MESSAGE][PASSED] - Actual object '4' and expected object '4' are equal

2023-07-17 21:06:01 - [TEST_STEP][PASSED] - verifyOptionsPresent(findTestObject(orPath_TaxTypeFilingYear + "/select_FilingYear"), ["2020", "2021", "2022"]): Options [2020, 2021, 2022] present.

2023-07-17 21:06:02 - [MESSAGE][PASSED] - Options [2020, 2021, 2022] present.

2023-07-17 21:06:02 - [TEST_STEP][PASSED] - verifyTextPresent("Tax Type/Filing Year", true): Text 'Tax Type/Filing Year' is present on page  using regular expression

2023-07-17 21:06:02 - [MESSAGE][PASSED] - Text 'Tax Type/Filing Year' is present on page  using regular expression

2023-07-17 21:06:02 - [TEST_STEP][PASSED] - verifyTextPresent("Taxpayer", true): Text 'Taxpayer' is present on page  using regular expression

2023-07-17 21:06:03 - [MESSAGE][PASSED] - Text 'Taxpayer' is present on page  using regular expression

2023-07-17 21:06:03 - [TEST_STEP][PASSED] - verifyTextPresent("Provide the following taxpayer information", true): Text 'Provide the following taxpayer information' is present on page  using regular expression

2023-07-17 21:06:03 - [MESSAGE][PASSED] - Text 'Provide the following taxpayer information' is present on page  using regular expression

2023-07-17 21:06:03 - [TEST_STEP][PASSED] - verifyTextPresent("Note: If you are paying on behalf of the Taxpayer, enter Taxpayer", true): Text 'Note: If you are paying on behalf of the Taxpayer, enter Taxpayer' is present on page  using regular expression

2023-07-17 21:06:03 - [MESSAGE][PASSED] - Text 'Note: If you are paying on behalf of the Taxpayer, enter Taxpayer' is present on page  using regular expression

2023-07-17 21:06:03 - [TEST_STEP][PASSED] - verifyTextPresent("information here. If you are making a payment for the Taxpayer, you will be required later to enter your own credit card, billing address and other pertinent information", true): Text 'information here. If you are making a payment for the Taxpayer, you will be required later to enter your own credit card, billing address and other pertinent information' is present on page  using regular expression

2023-07-17 21:06:04 - [MESSAGE][PASSED] - Text 'information here. If you are making a payment for the Taxpayer, you will be required later to enter your own credit card, billing address and other pertinent information' is present on page  using regular expression

2023-07-17 21:06:04 - [TEST_STEP][PASSED] - verifyTextPresent("Address and Contact Information", true): Text 'Address and Contact Information' is present on page  using regular expression

2023-07-17 21:06:04 - [MESSAGE][PASSED] - Text 'Address and Contact Information' is present on page  using regular expression

2023-07-17 21:06:04 - [TEST_STEP][PASSED] - verifyTextPresent("Enter the taxpayer", true): Text 'Enter the taxpayer' is present on page  using regular expression

2023-07-17 21:06:04 - [MESSAGE][PASSED] - Text 'Enter the taxpayer' is present on page  using regular expression

2023-07-17 21:06:04 - [TEST_STEP][PASSED] - verifyTextPresent("address and contact information", true): Text 'address and contact information' is present on page  using regular expression

2023-07-17 21:06:05 - [MESSAGE][PASSED] - Text 'address and contact information' is present on page  using regular expression

2023-07-17 21:06:05 - [TEST_STEP][PASSED] - verifyTextPresent("Filing Status", true): Text 'Filing Status' is present on page  using regular expression

2023-07-17 21:06:05 - [MESSAGE][PASSED] - Text 'Filing Status' is present on page  using regular expression

2023-07-17 21:06:05 - [TEST_STEP][PASSED] - verifyTextPresent("Is this an Individual or Joint Filing?", true): Text 'Is this an Individual or Joint Filing?' is present on page  using regular expression

2023-07-17 21:06:05 - [MESSAGE][PASSED] - Text 'Is this an Individual or Joint Filing?' is present on page  using regular expression

2023-07-17 21:06:05 - [TEST_STEP][PASSED] - verifyTextPresent("Filing type", true): Text 'Filing type' is present on page  using regular expression

2023-07-17 21:06:06 - [MESSAGE][PASSED] - Text 'Filing type' is present on page  using regular expression

2023-07-17 21:06:06 - [TEST_STEP][PASSED] - verifyTextPresent("Individual Filing", true): Text 'Individual Filing' is present on page  using regular expression

2023-07-17 21:06:06 - [MESSAGE][PASSED] - Text 'Individual Filing' is present on page  using regular expression

2023-07-17 21:06:06 - [TEST_STEP][PASSED] - verifyTextPresent("Joint Filing", true): Text 'Joint Filing' is present on page  using regular expression

2023-07-17 21:06:07 - [MESSAGE][PASSED] - Text 'Joint Filing' is present on page  using regular expression

2023-07-17 21:06:07 - [TEST_STEP][PASSED] - verifyTextPresent("Payment Amount", true): Text 'Payment Amount' is present on page  using regular expression

2023-07-17 21:06:07 - [MESSAGE][PASSED] - Text 'Payment Amount' is present on page  using regular expression

2023-07-17 21:06:07 - [TEST_STEP][PASSED] - verifyTextPresent("Service Fee: This electronic government service includes a service/convenience fee. Click here for details", true): Text 'Service Fee: This electronic government service includes a service/convenience fee. Click here for details' is present on page  using regular expression

2023-07-17 21:06:07 - [MESSAGE][PASSED] - Text 'Service Fee: This electronic government service includes a service/convenience fee. Click here for details' is present on page  using regular expression

2023-07-17 21:06:07 - [TEST_STEP][PASSED] - verifyElementPresent(findTestObject(orPath_Amount + "/a_Click here for details"), 30): Object 'Object Repository/RAD_Pages/PaymentAmount_Page/a_Click here for details' is present

2023-07-17 21:06:08 - [MESSAGE][PASSED] - Object 'Object Repository/RAD_Pages/PaymentAmount_Page/a_Click here for details' is present

2023-07-17 21:06:08 - [TEST_STEP][PASSED] - verifyElementPresent(findTestObject(orPath_Landing + "/button_Continue"), 30): Object 'Object Repository/RAD_Pages/Landing_Page/button_Continue' is present

2023-07-17 21:06:08 - [MESSAGE][PASSED] - Object 'Object Repository/RAD_Pages/Landing_Page/button_Continue' is present

2023-07-17 21:06:08 - [TEST_STEP][PASSED] - verifyElementPresent(findTestObject(orPath_TaxPayer + "/input_firstName"), 30): Object 'Object Repository/RAD_Pages/Taxpayer_Page/input_firstName' is present

2023-07-17 21:06:08 - [MESSAGE][PASSED] - Object 'Object Repository/RAD_Pages/Taxpayer_Page/input_firstName' is present

2023-07-17 21:06:08 - [TEST_STEP][PASSED] - verifyElementPresent(findTestObject(orPath_TaxPayer + "/input_middleName"), 30): Object 'Object Repository/RAD_Pages/Taxpayer_Page/input_middleName' is present

2023-07-17 21:06:09 - [MESSAGE][PASSED] - Object 'Object Repository/RAD_Pages/Taxpayer_Page/input_middleName' is present

2023-07-17 21:06:09 - [TEST_STEP][PASSED] - verifyElementPresent(findTestObject(orPath_TaxPayer + "/input_lastName"), 30): Object 'Object Repository/RAD_Pages/Taxpayer_Page/input_lastName' is present

2023-07-17 21:06:09 - [MESSAGE][PASSED] - Object 'Object Repository/RAD_Pages/Taxpayer_Page/input_lastName' is present

2023-07-17 21:06:09 - [TEST_STEP][PASSED] - verifyElementPresent(findTestObject(orPath_TaxPayer + "/input_suffix"), 30): Object 'Object Repository/RAD_Pages/Taxpayer_Page/input_suffix' is present

2023-07-17 21:06:09 - [MESSAGE][PASSED] - Object 'Object Repository/RAD_Pages/Taxpayer_Page/input_suffix' is present

2023-07-17 21:06:09 - [TEST_STEP][PASSED] - verifyElementPresent(findTestObject("RAD_RecordAndPlay/input_concatSSN"), 30): Object 'Object Repository/RAD_RecordAndPlay/input_concatSSN' is present

2023-07-17 21:06:10 - [MESSAGE][PASSED] - Object 'Object Repository/RAD_RecordAndPlay/input_concatSSN' is present

2023-07-17 21:06:10 - [TEST_STEP][PASSED] - verifyElementPresent(findTestObject("RAD_RecordAndPlay/input_concatReSSN"), 30): Object 'Object Repository/RAD_RecordAndPlay/input_concatReSSN' is present

2023-07-17 21:06:10 - [MESSAGE][PASSED] - Object 'Object Repository/RAD_RecordAndPlay/input_concatReSSN' is present

2023-07-17 21:06:10 - [TEST_STEP][PASSED] - verifyElementPresent(findTestObject(orPath_AddressContact + "/select_Country"), 30): Object 'Object Repository/RAD_Pages/AddressAndContactInfo_Page/select_Country' is present

2023-07-17 21:06:11 - [MESSAGE][PASSED] - Object 'Object Repository/RAD_Pages/AddressAndContactInfo_Page/select_Country' is present

2023-07-17 21:06:11 - [TEST_STEP][PASSED] - verifyElementPresent(findTestObject(orPath_AddressContact + "/input_streetAddress1"), 30): Object 'Object Repository/RAD_Pages/AddressAndContactInfo_Page/input_streetAddress1' is present

2023-07-17 21:06:11 - [MESSAGE][PASSED] - Object 'Object Repository/RAD_Pages/AddressAndContactInfo_Page/input_streetAddress1' is present

2023-07-17 21:06:11 - [TEST_STEP][PASSED] - verifyElementPresent(findTestObject(orPath_AddressContact + "/input_streetAddress2"), 30): Object 'Object Repository/RAD_Pages/AddressAndContactInfo_Page/input_streetAddress2' is present

2023-07-17 21:06:11 - [MESSAGE][PASSED] - Object 'Object Repository/RAD_Pages/AddressAndContactInfo_Page/input_streetAddress2' is present

2023-07-17 21:06:11 - [TEST_STEP][PASSED] - verifyElementPresent(findTestObject(orPath_AddressContact + "/input_city"), 30): Object 'Object Repository/RAD_Pages/AddressAndContactInfo_Page/input_city' is present

2023-07-17 21:06:12 - [MESSAGE][PASSED] - Object 'Object Repository/RAD_Pages/AddressAndContactInfo_Page/input_city' is present

2023-07-17 21:06:12 - [TEST_STEP][PASSED] - verifyElementPresent(findTestObject(orPath_AddressContact + "/select_State"), 30): Object 'Object Repository/RAD_Pages/AddressAndContactInfo_Page/select_State' is present

2023-07-17 21:06:12 - [MESSAGE][PASSED] - Object 'Object Repository/RAD_Pages/AddressAndContactInfo_Page/select_State' is present

2023-07-17 21:06:12 - [TEST_STEP][PASSED] - verifyElementPresent(findTestObject(orPath_AddressContact + "/input_zipCode"), 30): Object 'Object Repository/RAD_Pages/AddressAndContactInfo_Page/input_zipCode' is present

2023-07-17 21:06:12 - [MESSAGE][PASSED] - Object 'Object Repository/RAD_Pages/AddressAndContactInfo_Page/input_zipCode' is present

2023-07-17 21:06:12 - [TEST_STEP][PASSED] - verifyElementPresent(findTestObject(orPath_AddressContact + "/input_phoneNumber"), 30): Object 'Object Repository/RAD_Pages/AddressAndContactInfo_Page/input_phoneNumber' is present

2023-07-17 21:06:12 - [MESSAGE][PASSED] - Object 'Object Repository/RAD_Pages/AddressAndContactInfo_Page/input_phoneNumber' is present

2023-07-17 21:06:12 - [TEST_STEP][PASSED] - verifyElementPresent(findTestObject(orPath_AddressContact + "/input_eMailAddress"), 30): Object 'Object Repository/RAD_Pages/AddressAndContactInfo_Page/input_eMailAddress' is present

2023-07-17 21:06:13 - [MESSAGE][PASSED] - Object 'Object Repository/RAD_Pages/AddressAndContactInfo_Page/input_eMailAddress' is present

2023-07-17 21:06:13 - [TEST_STEP][PASSED] - verifyElementPresent(findTestObject(orPath_AddressContact + "/input_reEnterEMailAddress"), 30): Object 'Object Repository/RAD_Pages/AddressAndContactInfo_Page/input_reEnterEMailAddress' is present

2023-07-17 21:06:13 - [MESSAGE][PASSED] - Object 'Object Repository/RAD_Pages/AddressAndContactInfo_Page/input_reEnterEMailAddress' is present

2023-07-17 21:06:13 - [TEST_STEP][PASSED] - verifyOptionsPresent(findTestObject(orPath_AddressContact + "/select_Country"), ["United States"]): Options [United States] present.

2023-07-17 21:06:14 - [MESSAGE][PASSED] - Options [United States] present.

2023-07-17 21:06:14 - [TEST_STEP][PASSED] - verifyOptionsPresent(findTestObject(orPath_AddressContact + "/select_State"), ["Alabama", "District of Columbia", "Maryland", "Virginia", "Wyoming"]): Options [Alabama, District of Columbia, Maryland, Virginia, Wyoming] present.

2023-07-17 21:06:15 - [MESSAGE][PASSED] - Options [Alabama, District of Columbia, Maryland, Virginia, Wyoming] present.

2023-07-17 21:06:15 - [TEST_STEP][PASSED] - totalOptionsState = getNumberOfTotalOption(findTestObject(orPath_AddressContact + "/select_State")): 52 options of object 'Object Repository/RAD_Pages/AddressAndContactInfo_Page/select_State' counted

2023-07-17 21:06:15 - [MESSAGE][PASSED] - 52 options of object 'Object Repository/RAD_Pages/AddressAndContactInfo_Page/select_State' counted

2023-07-17 21:06:15 - [TEST_STEP][PASSED] - verifyEqual(totalOptionsState, 52): Actual object '52' and expected object '52' are equal

2023-07-17 21:06:15 - [MESSAGE][PASSED] - Actual object '52' and expected object '52' are equal

2023-07-17 21:06:15 - [TEST_STEP][PASSED] - verifyElementPresent(findTestObject(orPath_FilingStatus + "/input_userType_Individual"), 30): Object 'Object Repository/RAD_Pages/FilingStatus_Page/input_userType_Individual' is present

2023-07-17 21:06:16 - [MESSAGE][PASSED] - Object 'Object Repository/RAD_Pages/FilingStatus_Page/input_userType_Individual' is present

2023-07-17 21:06:16 - [TEST_STEP][PASSED] - verifyElementPresent(findTestObject(orPath_FilingStatus + "/input_userType_Joint"), 30): Object 'Object Repository/RAD_Pages/FilingStatus_Page/input_userType_Joint' is present

2023-07-17 21:06:16 - [MESSAGE][PASSED] - Object 'Object Repository/RAD_Pages/FilingStatus_Page/input_userType_Joint' is present

2023-07-17 21:06:16 - [TEST_STEP][PASSED] - verifyElementPresent(findTestObject(orPath_Amount + "/input__paymentAmount"), 30): Object 'Object Repository/RAD_Pages/PaymentAmount_Page/input__paymentAmount' is present

2023-07-17 21:06:16 - [MESSAGE][PASSED] - Object 'Object Repository/RAD_Pages/PaymentAmount_Page/input__paymentAmount' is present

2023-07-17 21:06:16 - [TEST_STEP][PASSED] - delay(10): Delayed 10 second(s)

2023-07-17 21:06:26 - [MESSAGE][PASSED] - Delayed 10 second(s)

2023-07-17 21:06:26 - [TEST_STEP][PASSED] - scrollToElement(findTestObject(orPath_Amount + "/input__paymentAmount"), 3): Scroll to object 'Object Repository/RAD_Pages/PaymentAmount_Page/input__paymentAmount' successfully

2023-07-17 21:06:27 - [MESSAGE][PASSED] - Scroll to object 'Object Repository/RAD_Pages/PaymentAmount_Page/input__paymentAmount' successfully

2023-07-17 21:06:27 - [TEST_STEP][PASSED] - waitForElementClickable(findTestObject(orPath_FilingStatus + "/input_userType_Joint"), 5): Object 'Object Repository/RAD_Pages/FilingStatus_Page/input_userType_Joint' is clickable

2023-07-17 21:06:27 - [MESSAGE][PASSED] - Object 'Object Repository/RAD_Pages/FilingStatus_Page/input_userType_Joint' is clickable

2023-07-17 21:06:27 - [TEST_STEP][PASSED] - click(findTestObject(orPath_FilingStatus + "/input_userType_Joint")): Object: 'Object Repository/RAD_Pages/FilingStatus_Page/input_userType_Joint' is clicked on

2023-07-17 21:06:27 - [MESSAGE][PASSED] - Object: 'Object Repository/RAD_Pages/FilingStatus_Page/input_userType_Joint' is clicked on

2023-07-17 21:06:27 - [TEST_STEP][PASSED] - verifyTextPresent("Provide the following information for the joint filer", true): Text 'Provide the following information for the joint filer' is present on page  using regular expression

2023-07-17 21:06:28 - [MESSAGE][PASSED] - Text 'Provide the following information for the joint filer' is present on page  using regular expression

2023-07-17 21:06:28 - [TEST_STEP][PASSED] - verifyElementPresent(findTestObject(orPath_FilingStatus + "/input_jointFirstName"), 30): Object 'Object Repository/RAD_Pages/FilingStatus_Page/input_jointFirstName' is present

2023-07-17 21:06:28 - [MESSAGE][PASSED] - Object 'Object Repository/RAD_Pages/FilingStatus_Page/input_jointFirstName' is present

2023-07-17 21:06:28 - [TEST_STEP][PASSED] - verifyElementPresent(findTestObject(orPath_FilingStatus + "/input_jointMiddleName"), 30): Object 'Object Repository/RAD_Pages/FilingStatus_Page/input_jointMiddleName' is present

2023-07-17 21:06:28 - [MESSAGE][PASSED] - Object 'Object Repository/RAD_Pages/FilingStatus_Page/input_jointMiddleName' is present

2023-07-17 21:06:28 - [TEST_STEP][PASSED] - verifyElementPresent(findTestObject(orPath_FilingStatus + "/input_jointLastName"), 30): Object 'Object Repository/RAD_Pages/FilingStatus_Page/input_jointLastName' is present

2023-07-17 21:06:29 - [MESSAGE][PASSED] - Object 'Object Repository/RAD_Pages/FilingStatus_Page/input_jointLastName' is present

2023-07-17 21:06:29 - [TEST_STEP][PASSED] - verifyElementPresent(findTestObject(orPath_FilingStatus + "/input_jointSuffix"), 30): Object 'Object Repository/RAD_Pages/FilingStatus_Page/input_jointSuffix' is present

2023-07-17 21:06:29 - [MESSAGE][PASSED] - Object 'Object Repository/RAD_Pages/FilingStatus_Page/input_jointSuffix' is present

2023-07-17 21:06:29 - [TEST_STEP][PASSED] - verifyElementPresent(findTestObject("Object Repository/RAD_RecordAndPlay/input_JointFilerSSN"), 30): Object 'Object Repository/RAD_RecordAndPlay/input_JointFilerSSN' is present

2023-07-17 21:06:29 - [MESSAGE][PASSED] - Object 'Object Repository/RAD_RecordAndPlay/input_JointFilerSSN' is present

2023-07-17 21:06:29 - [TEST_STEP][PASSED] - verifyElementPresent(findTestObject("Object Repository/RAD_RecordAndPlay/input_reTypeJointFilerSSN"), 30): Object 'Object Repository/RAD_RecordAndPlay/input_reTypeJointFilerSSN' is present

2023-07-17 21:06:30 - [MESSAGE][PASSED] - Object 'Object Repository/RAD_RecordAndPlay/input_reTypeJointFilerSSN' is present]]></system-out>
         <system-err><![CDATA[]]></system-err>
      </testcase>
      <testcase name="Test Cases/RAD_TestCases/UI_TestCases/ExtensionPayments_UI_TC" time="37.894" classname="Test Cases/RAD_TestCases/UI_TestCases/ExtensionPayments_UI_TC" status="PASSED">
         <system-out><![CDATA[2023-07-17 21:06:30 - [TEST_CASE][PASSED] - Test Cases/RAD_TestCases/UI_TestCases/ExtensionPayments_UI_TC: Test Cases/RAD_TestCases/UI_TestCases/ExtensionPayments_UI_TC

2023-07-17 21:06:30 - [TEST_STEP][PASSED] - openBrowser(""): Browser is opened with url: ''

2023-07-17 21:06:30 - [MESSAGE][WARNING] - A browser is already opened. Closing browser and opening a new one

2023-07-17 21:06:31 - [MESSAGE][INFO] - Starting 'Chrome' driver

2023-07-17 21:06:31 - [MESSAGE][INFO] - User set preference: ['acceptInsecureCerts', 'true']

2023-07-17 21:06:31 - [MESSAGE][INFO] - Action delay is set to 0 milliseconds

2023-07-17 21:06:33 - [MESSAGE][PASSED] - Browser is opened with url: ''

2023-07-17 21:06:33 - [TEST_STEP][PASSED] - maximizeWindow(): Current window maximized

2023-07-17 21:06:33 - [MESSAGE][PASSED] - Current window maximized

2023-07-17 21:06:33 - [TEST_STEP][PASSED] - navigateToUrl(RADurl): Navigate to 'https://qa.velocitypayment.com/client/rad/index.html' successfully

2023-07-17 21:06:34 - [MESSAGE][PASSED] - Navigate to 'https://qa.velocitypayment.com/client/rad/index.html' successfully

2023-07-17 21:06:34 - [TEST_STEP][PASSED] - orPath_Landing = "Object Repository/RAD_Pages/Landing_Page": null

2023-07-17 21:06:34 - [TEST_STEP][PASSED] - orPath_TaxTypeFilingYear = "Object Repository/RAD_Pages/TaxTypeFilingYear_Page": null

2023-07-17 21:06:34 - [TEST_STEP][PASSED] - orPath_TaxPayer = "Object Repository/RAD_Pages/Taxpayer_Page": null

2023-07-17 21:06:34 - [TEST_STEP][PASSED] - orPath_AddressContact = "Object Repository/RAD_Pages/AddressAndContactInfo_Page": null

2023-07-17 21:06:34 - [TEST_STEP][PASSED] - orPath_FilingStatus = "Object Repository/RAD_Pages/FilingStatus_Page": null

2023-07-17 21:06:34 - [TEST_STEP][PASSED] - orPath_Amount = "Object Repository/RAD_Pages/PaymentAmount_Page": null

2023-07-17 21:06:34 - [TEST_STEP][PASSED] - orPath_TaxInfo = "Object Repository/RAD_Pages/TaxInfo_Page": null

2023-07-17 21:06:34 - [TEST_STEP][PASSED] - selectOptionByLabel(findTestObject(orPath_Landing + "/dd_TaxType"), "Extension Payments", false): All options with label 'Extension Payments' are selected in object 'Object Repository/RAD_Pages/Landing_Page/dd_TaxType' 

2023-07-17 21:06:35 - [MESSAGE][PASSED] - All options with label 'Extension Payments' are selected in object 'Object Repository/RAD_Pages/Landing_Page/dd_TaxType' 

2023-07-17 21:06:35 - [TEST_STEP][PASSED] - verifyElementPresent(findTestObject(orPath_TaxTypeFilingYear + "/select_PaymentType"), 30): Object 'Object Repository/RAD_Pages/TaxTypeFilingYear_Page/select_PaymentType' is present

2023-07-17 21:06:35 - [MESSAGE][PASSED] - Object 'Object Repository/RAD_Pages/TaxTypeFilingYear_Page/select_PaymentType' is present

2023-07-17 21:06:35 - [TEST_STEP][PASSED] - totalOptionsPaymentType = getNumberOfTotalOption(findTestObject(orPath_TaxTypeFilingYear + "/select_PaymentType")): 3 options of object 'Object Repository/RAD_Pages/TaxTypeFilingYear_Page/select_PaymentType' counted

2023-07-17 21:06:36 - [MESSAGE][PASSED] - 3 options of object 'Object Repository/RAD_Pages/TaxTypeFilingYear_Page/select_PaymentType' counted

2023-07-17 21:06:36 - [TEST_STEP][PASSED] - verifyEqual(totalOptionsPaymentType, 3): Actual object '3' and expected object '3' are equal

2023-07-17 21:06:36 - [MESSAGE][PASSED] - Actual object '3' and expected object '3' are equal

2023-07-17 21:06:36 - [TEST_STEP][PASSED] - verifyOptionsPresent(findTestObject(orPath_TaxTypeFilingYear + "/select_PaymentType"), ["Personal", "Corporate"]): Options [Personal, Corporate] present.

2023-07-17 21:06:37 - [MESSAGE][PASSED] - Options [Personal, Corporate] present.

2023-07-17 21:06:37 - [TEST_STEP][PASSED] - verifyElementPresent(findTestObject(orPath_TaxTypeFilingYear + "/select_FilingYear"), 30): Object 'Object Repository/RAD_Pages/TaxTypeFilingYear_Page/select_FilingYear' is present

2023-07-17 21:06:37 - [MESSAGE][PASSED] - Object 'Object Repository/RAD_Pages/TaxTypeFilingYear_Page/select_FilingYear' is present

2023-07-17 21:06:37 - [TEST_STEP][PASSED] - totalOptionsFilingYear = getNumberOfTotalOption(findTestObject(orPath_TaxTypeFilingYear + "/select_FilingYear")): 1 options of object 'Object Repository/RAD_Pages/TaxTypeFilingYear_Page/select_FilingYear' counted

2023-07-17 21:06:38 - [MESSAGE][PASSED] - 1 options of object 'Object Repository/RAD_Pages/TaxTypeFilingYear_Page/select_FilingYear' counted

2023-07-17 21:06:38 - [TEST_STEP][PASSED] - verifyEqual(totalOptionsFilingYear, 1): Actual object '1' and expected object '1' are equal

2023-07-17 21:06:38 - [MESSAGE][PASSED] - Actual object '1' and expected object '1' are equal

2023-07-17 21:06:38 - [TEST_STEP][PASSED] - verifyOptionsPresent(findTestObject(orPath_TaxTypeFilingYear + "/select_FilingYear"), ["2022"]): Options [2022] present.

2023-07-17 21:06:38 - [MESSAGE][PASSED] - Options [2022] present.

2023-07-17 21:06:38 - [TEST_STEP][PASSED] - verifyTextPresent("Tax Type/Filing Year", true): Text 'Tax Type/Filing Year' is present on page  using regular expression

2023-07-17 21:06:39 - [MESSAGE][PASSED] - Text 'Tax Type/Filing Year' is present on page  using regular expression

2023-07-17 21:06:39 - [TEST_STEP][PASSED] - verifyTextPresent("Taxpayer", true): Text 'Taxpayer' is present on page  using regular expression

2023-07-17 21:06:39 - [MESSAGE][PASSED] - Text 'Taxpayer' is present on page  using regular expression

2023-07-17 21:06:39 - [TEST_STEP][PASSED] - verifyTextPresent("Provide the following taxpayer information", true): Text 'Provide the following taxpayer information' is present on page  using regular expression

2023-07-17 21:06:39 - [MESSAGE][PASSED] - Text 'Provide the following taxpayer information' is present on page  using regular expression

2023-07-17 21:06:39 - [TEST_STEP][PASSED] - verifyTextPresent("Note: If you are paying on behalf of the Taxpayer, enter Taxpayer", true): Text 'Note: If you are paying on behalf of the Taxpayer, enter Taxpayer' is present on page  using regular expression

2023-07-17 21:06:40 - [MESSAGE][PASSED] - Text 'Note: If you are paying on behalf of the Taxpayer, enter Taxpayer' is present on page  using regular expression

2023-07-17 21:06:40 - [TEST_STEP][PASSED] - verifyTextPresent("information here. If you are making a payment for the Taxpayer, you will be required later to enter your own credit card, billing address and other pertinent information", true): Text 'information here. If you are making a payment for the Taxpayer, you will be required later to enter your own credit card, billing address and other pertinent information' is present on page  using regular expression

2023-07-17 21:06:40 - [MESSAGE][PASSED] - Text 'information here. If you are making a payment for the Taxpayer, you will be required later to enter your own credit card, billing address and other pertinent information' is present on page  using regular expression

2023-07-17 21:06:40 - [TEST_STEP][PASSED] - verifyTextPresent("Address and Contact Information", true): Text 'Address and Contact Information' is present on page  using regular expression

2023-07-17 21:06:40 - [MESSAGE][PASSED] - Text 'Address and Contact Information' is present on page  using regular expression

2023-07-17 21:06:40 - [TEST_STEP][PASSED] - verifyTextPresent("Enter the taxpayer", true): Text 'Enter the taxpayer' is present on page  using regular expression

2023-07-17 21:06:41 - [MESSAGE][PASSED] - Text 'Enter the taxpayer' is present on page  using regular expression

2023-07-17 21:06:41 - [TEST_STEP][PASSED] - verifyTextPresent("address and contact information", true): Text 'address and contact information' is present on page  using regular expression

2023-07-17 21:06:41 - [MESSAGE][PASSED] - Text 'address and contact information' is present on page  using regular expression

2023-07-17 21:06:41 - [TEST_STEP][PASSED] - verifyTextPresent("Filing Status", true): Text 'Filing Status' is present on page  using regular expression

2023-07-17 21:06:41 - [MESSAGE][PASSED] - Text 'Filing Status' is present on page  using regular expression

2023-07-17 21:06:41 - [TEST_STEP][PASSED] - verifyTextPresent("Is this an Individual or Joint Filing?", true): Text 'Is this an Individual or Joint Filing?' is present on page  using regular expression

2023-07-17 21:06:42 - [MESSAGE][PASSED] - Text 'Is this an Individual or Joint Filing?' is present on page  using regular expression

2023-07-17 21:06:42 - [TEST_STEP][PASSED] - verifyTextPresent("Filing type", true): Text 'Filing type' is present on page  using regular expression

2023-07-17 21:06:42 - [MESSAGE][PASSED] - Text 'Filing type' is present on page  using regular expression

2023-07-17 21:06:42 - [TEST_STEP][PASSED] - verifyTextPresent("Individual Filing", true): Text 'Individual Filing' is present on page  using regular expression

2023-07-17 21:06:43 - [MESSAGE][PASSED] - Text 'Individual Filing' is present on page  using regular expression

2023-07-17 21:06:43 - [TEST_STEP][PASSED] - verifyTextPresent("Joint Filing", true): Text 'Joint Filing' is present on page  using regular expression

2023-07-17 21:06:43 - [MESSAGE][PASSED] - Text 'Joint Filing' is present on page  using regular expression

2023-07-17 21:06:43 - [TEST_STEP][PASSED] - verifyTextPresent("Payment Amount", true): Text 'Payment Amount' is present on page  using regular expression

2023-07-17 21:06:43 - [MESSAGE][PASSED] - Text 'Payment Amount' is present on page  using regular expression

2023-07-17 21:06:43 - [TEST_STEP][PASSED] - verifyTextPresent("Service Fee: This electronic government service includes a service/convenience fee. Click here for details", true): Text 'Service Fee: This electronic government service includes a service/convenience fee. Click here for details' is present on page  using regular expression

2023-07-17 21:06:44 - [MESSAGE][PASSED] - Text 'Service Fee: This electronic government service includes a service/convenience fee. Click here for details' is present on page  using regular expression

2023-07-17 21:06:44 - [TEST_STEP][PASSED] - verifyElementPresent(findTestObject(orPath_Amount + "/a_Click here for details"), 30): Object 'Object Repository/RAD_Pages/PaymentAmount_Page/a_Click here for details' is present

2023-07-17 21:06:44 - [MESSAGE][PASSED] - Object 'Object Repository/RAD_Pages/PaymentAmount_Page/a_Click here for details' is present

2023-07-17 21:06:44 - [TEST_STEP][PASSED] - verifyElementPresent(findTestObject(orPath_Landing + "/button_Continue"), 30): Object 'Object Repository/RAD_Pages/Landing_Page/button_Continue' is present

2023-07-17 21:06:44 - [MESSAGE][PASSED] - Object 'Object Repository/RAD_Pages/Landing_Page/button_Continue' is present

2023-07-17 21:06:44 - [TEST_STEP][PASSED] - verifyElementPresent(findTestObject(orPath_TaxPayer + "/input_firstName"), 30): Object 'Object Repository/RAD_Pages/Taxpayer_Page/input_firstName' is present

2023-07-17 21:06:45 - [MESSAGE][PASSED] - Object 'Object Repository/RAD_Pages/Taxpayer_Page/input_firstName' is present

2023-07-17 21:06:45 - [TEST_STEP][PASSED] - verifyElementPresent(findTestObject(orPath_TaxPayer + "/input_middleName"), 30): Object 'Object Repository/RAD_Pages/Taxpayer_Page/input_middleName' is present

2023-07-17 21:06:45 - [MESSAGE][PASSED] - Object 'Object Repository/RAD_Pages/Taxpayer_Page/input_middleName' is present

2023-07-17 21:06:45 - [TEST_STEP][PASSED] - verifyElementPresent(findTestObject(orPath_TaxPayer + "/input_lastName"), 30): Object 'Object Repository/RAD_Pages/Taxpayer_Page/input_lastName' is present

2023-07-17 21:06:45 - [MESSAGE][PASSED] - Object 'Object Repository/RAD_Pages/Taxpayer_Page/input_lastName' is present

2023-07-17 21:06:45 - [TEST_STEP][PASSED] - verifyElementPresent(findTestObject(orPath_TaxPayer + "/input_suffix"), 30): Object 'Object Repository/RAD_Pages/Taxpayer_Page/input_suffix' is present

2023-07-17 21:06:46 - [MESSAGE][PASSED] - Object 'Object Repository/RAD_Pages/Taxpayer_Page/input_suffix' is present

2023-07-17 21:06:46 - [TEST_STEP][PASSED] - verifyElementPresent(findTestObject("RAD_RecordAndPlay/input_concatSSN"), 30): Object 'Object Repository/RAD_RecordAndPlay/input_concatSSN' is present

2023-07-17 21:06:46 - [MESSAGE][PASSED] - Object 'Object Repository/RAD_RecordAndPlay/input_concatSSN' is present

2023-07-17 21:06:46 - [TEST_STEP][PASSED] - verifyElementPresent(findTestObject("RAD_RecordAndPlay/input_concatReSSN"), 30): Object 'Object Repository/RAD_RecordAndPlay/input_concatReSSN' is present

2023-07-17 21:06:46 - [MESSAGE][PASSED] - Object 'Object Repository/RAD_RecordAndPlay/input_concatReSSN' is present

2023-07-17 21:06:46 - [TEST_STEP][PASSED] - verifyElementPresent(findTestObject(orPath_AddressContact + "/select_Country"), 30): Object 'Object Repository/RAD_Pages/AddressAndContactInfo_Page/select_Country' is present

2023-07-17 21:06:47 - [MESSAGE][PASSED] - Object 'Object Repository/RAD_Pages/AddressAndContactInfo_Page/select_Country' is present

2023-07-17 21:06:47 - [TEST_STEP][PASSED] - verifyElementPresent(findTestObject(orPath_AddressContact + "/input_streetAddress1"), 30): Object 'Object Repository/RAD_Pages/AddressAndContactInfo_Page/input_streetAddress1' is present

2023-07-17 21:06:47 - [MESSAGE][PASSED] - Object 'Object Repository/RAD_Pages/AddressAndContactInfo_Page/input_streetAddress1' is present

2023-07-17 21:06:47 - [TEST_STEP][PASSED] - verifyElementPresent(findTestObject(orPath_AddressContact + "/input_streetAddress2"), 30): Object 'Object Repository/RAD_Pages/AddressAndContactInfo_Page/input_streetAddress2' is present

2023-07-17 21:06:47 - [MESSAGE][PASSED] - Object 'Object Repository/RAD_Pages/AddressAndContactInfo_Page/input_streetAddress2' is present

2023-07-17 21:06:48 - [TEST_STEP][PASSED] - verifyElementPresent(findTestObject(orPath_AddressContact + "/input_city"), 30): Object 'Object Repository/RAD_Pages/AddressAndContactInfo_Page/input_city' is present

2023-07-17 21:06:48 - [MESSAGE][PASSED] - Object 'Object Repository/RAD_Pages/AddressAndContactInfo_Page/input_city' is present

2023-07-17 21:06:48 - [TEST_STEP][PASSED] - verifyElementPresent(findTestObject(orPath_AddressContact + "/select_State"), 30): Object 'Object Repository/RAD_Pages/AddressAndContactInfo_Page/select_State' is present

2023-07-17 21:06:48 - [MESSAGE][PASSED] - Object 'Object Repository/RAD_Pages/AddressAndContactInfo_Page/select_State' is present

2023-07-17 21:06:48 - [TEST_STEP][PASSED] - verifyElementPresent(findTestObject(orPath_AddressContact + "/input_zipCode"), 30): Object 'Object Repository/RAD_Pages/AddressAndContactInfo_Page/input_zipCode' is present

2023-07-17 21:06:48 - [MESSAGE][PASSED] - Object 'Object Repository/RAD_Pages/AddressAndContactInfo_Page/input_zipCode' is present

2023-07-17 21:06:48 - [TEST_STEP][PASSED] - verifyElementPresent(findTestObject(orPath_AddressContact + "/input_phoneNumber"), 30): Object 'Object Repository/RAD_Pages/AddressAndContactInfo_Page/input_phoneNumber' is present

2023-07-17 21:06:49 - [MESSAGE][PASSED] - Object 'Object Repository/RAD_Pages/AddressAndContactInfo_Page/input_phoneNumber' is present

2023-07-17 21:06:49 - [TEST_STEP][PASSED] - verifyElementPresent(findTestObject(orPath_AddressContact + "/input_eMailAddress"), 30): Object 'Object Repository/RAD_Pages/AddressAndContactInfo_Page/input_eMailAddress' is present

2023-07-17 21:06:49 - [MESSAGE][PASSED] - Object 'Object Repository/RAD_Pages/AddressAndContactInfo_Page/input_eMailAddress' is present

2023-07-17 21:06:49 - [TEST_STEP][PASSED] - verifyElementPresent(findTestObject(orPath_AddressContact + "/input_reEnterEMailAddress"), 30): Object 'Object Repository/RAD_Pages/AddressAndContactInfo_Page/input_reEnterEMailAddress' is present

2023-07-17 21:06:49 - [MESSAGE][PASSED] - Object 'Object Repository/RAD_Pages/AddressAndContactInfo_Page/input_reEnterEMailAddress' is present

2023-07-17 21:06:49 - [TEST_STEP][PASSED] - verifyOptionsPresent(findTestObject(orPath_AddressContact + "/select_Country"), ["United States"]): Options [United States] present.

2023-07-17 21:06:50 - [MESSAGE][PASSED] - Options [United States] present.

2023-07-17 21:06:50 - [TEST_STEP][PASSED] - verifyOptionsPresent(findTestObject(orPath_AddressContact + "/select_State"), ["Alabama", "District of Columbia", "Maryland", "Virginia", "Wyoming"]): Options [Alabama, District of Columbia, Maryland, Virginia, Wyoming] present.

2023-07-17 21:06:51 - [MESSAGE][PASSED] - Options [Alabama, District of Columbia, Maryland, Virginia, Wyoming] present.

2023-07-17 21:06:51 - [TEST_STEP][PASSED] - totalOptionsState = getNumberOfTotalOption(findTestObject(orPath_AddressContact + "/select_State")): 52 options of object 'Object Repository/RAD_Pages/AddressAndContactInfo_Page/select_State' counted

2023-07-17 21:06:52 - [MESSAGE][PASSED] - 52 options of object 'Object Repository/RAD_Pages/AddressAndContactInfo_Page/select_State' counted

2023-07-17 21:06:52 - [TEST_STEP][PASSED] - verifyEqual(totalOptionsState, 52): Actual object '52' and expected object '52' are equal

2023-07-17 21:06:52 - [MESSAGE][PASSED] - Actual object '52' and expected object '52' are equal

2023-07-17 21:06:52 - [TEST_STEP][PASSED] - verifyElementPresent(findTestObject(orPath_FilingStatus + "/input_userType_Individual"), 30): Object 'Object Repository/RAD_Pages/FilingStatus_Page/input_userType_Individual' is present

2023-07-17 21:06:52 - [MESSAGE][PASSED] - Object 'Object Repository/RAD_Pages/FilingStatus_Page/input_userType_Individual' is present

2023-07-17 21:06:52 - [TEST_STEP][PASSED] - verifyElementPresent(findTestObject(orPath_FilingStatus + "/input_userType_Joint"), 30): Object 'Object Repository/RAD_Pages/FilingStatus_Page/input_userType_Joint' is present

2023-07-17 21:06:52 - [MESSAGE][PASSED] - Object 'Object Repository/RAD_Pages/FilingStatus_Page/input_userType_Joint' is present

2023-07-17 21:06:52 - [TEST_STEP][PASSED] - verifyElementPresent(findTestObject(orPath_Amount + "/input__paymentAmount"), 30): Object 'Object Repository/RAD_Pages/PaymentAmount_Page/input__paymentAmount' is present

2023-07-17 21:06:53 - [MESSAGE][PASSED] - Object 'Object Repository/RAD_Pages/PaymentAmount_Page/input__paymentAmount' is present

2023-07-17 21:06:53 - [TEST_STEP][PASSED] - scrollToElement(findTestObject(orPath_Amount + "/input__paymentAmount"), 3): Scroll to object 'Object Repository/RAD_Pages/PaymentAmount_Page/input__paymentAmount' successfully

2023-07-17 21:06:53 - [MESSAGE][PASSED] - Scroll to object 'Object Repository/RAD_Pages/PaymentAmount_Page/input__paymentAmount' successfully

2023-07-17 21:06:53 - [TEST_STEP][PASSED] - waitForElementClickable(findTestObject(orPath_FilingStatus + "/input_userType_Joint"), 5): Object 'Object Repository/RAD_Pages/FilingStatus_Page/input_userType_Joint' is clickable

2023-07-17 21:06:53 - [MESSAGE][PASSED] - Object 'Object Repository/RAD_Pages/FilingStatus_Page/input_userType_Joint' is clickable

2023-07-17 21:06:53 - [TEST_STEP][PASSED] - click(findTestObject(orPath_FilingStatus + "/input_userType_Joint")): Object: 'Object Repository/RAD_Pages/FilingStatus_Page/input_userType_Joint' is clicked on

2023-07-17 21:06:54 - [MESSAGE][PASSED] - Object: 'Object Repository/RAD_Pages/FilingStatus_Page/input_userType_Joint' is clicked on

2023-07-17 21:06:54 - [TEST_STEP][PASSED] - verifyTextPresent("Provide the following information for the joint filer", true): Text 'Provide the following information for the joint filer' is present on page  using regular expression

2023-07-17 21:06:54 - [MESSAGE][PASSED] - Text 'Provide the following information for the joint filer' is present on page  using regular expression

2023-07-17 21:06:54 - [TEST_STEP][PASSED] - verifyElementPresent(findTestObject(orPath_FilingStatus + "/input_jointFirstName"), 30): Object 'Object Repository/RAD_Pages/FilingStatus_Page/input_jointFirstName' is present

2023-07-17 21:06:54 - [MESSAGE][PASSED] - Object 'Object Repository/RAD_Pages/FilingStatus_Page/input_jointFirstName' is present

2023-07-17 21:06:54 - [TEST_STEP][PASSED] - verifyElementPresent(findTestObject(orPath_FilingStatus + "/input_jointMiddleName"), 30): Object 'Object Repository/RAD_Pages/FilingStatus_Page/input_jointMiddleName' is present

2023-07-17 21:06:55 - [MESSAGE][PASSED] - Object 'Object Repository/RAD_Pages/FilingStatus_Page/input_jointMiddleName' is present

2023-07-17 21:06:55 - [TEST_STEP][PASSED] - verifyElementPresent(findTestObject(orPath_FilingStatus + "/input_jointLastName"), 30): Object 'Object Repository/RAD_Pages/FilingStatus_Page/input_jointLastName' is present

2023-07-17 21:06:55 - [MESSAGE][PASSED] - Object 'Object Repository/RAD_Pages/FilingStatus_Page/input_jointLastName' is present

2023-07-17 21:06:55 - [TEST_STEP][PASSED] - verifyElementPresent(findTestObject(orPath_FilingStatus + "/input_jointSuffix"), 30): Object 'Object Repository/RAD_Pages/FilingStatus_Page/input_jointSuffix' is present

2023-07-17 21:06:55 - [MESSAGE][PASSED] - Object 'Object Repository/RAD_Pages/FilingStatus_Page/input_jointSuffix' is present

2023-07-17 21:06:55 - [TEST_STEP][PASSED] - verifyElementPresent(findTestObject("Object Repository/RAD_RecordAndPlay/input_JointFilerSSN"), 30): Object 'Object Repository/RAD_RecordAndPlay/input_JointFilerSSN' is present

2023-07-17 21:06:56 - [MESSAGE][PASSED] - Object 'Object Repository/RAD_RecordAndPlay/input_JointFilerSSN' is present

2023-07-17 21:06:56 - [TEST_STEP][PASSED] - verifyElementPresent(findTestObject("Object Repository/RAD_RecordAndPlay/input_reTypeJointFilerSSN"), 30): Object 'Object Repository/RAD_RecordAndPlay/input_reTypeJointFilerSSN' is present

2023-07-17 21:06:56 - [MESSAGE][PASSED] - Object 'Object Repository/RAD_RecordAndPlay/input_reTypeJointFilerSSN' is present

2023-07-17 21:06:56 - [TEST_STEP][PASSED] - selectOptionByLabel(findTestObject(orPath_TaxTypeFilingYear + "/select_PaymentType"), "Personal", false): All options with label 'Personal' are selected in object 'Object Repository/RAD_Pages/TaxTypeFilingYear_Page/select_PaymentType' 

2023-07-17 21:06:57 - [MESSAGE][PASSED] - All options with label 'Personal' are selected in object 'Object Repository/RAD_Pages/TaxTypeFilingYear_Page/select_PaymentType' 

2023-07-17 21:06:57 - [TEST_STEP][PASSED] - verifyElementVisible(findTestObject(orPath_TaxPayer + "/input_firstName")): Object 'Object Repository/RAD_Pages/Taxpayer_Page/input_firstName' is visible

2023-07-17 21:06:57 - [MESSAGE][PASSED] - Object 'Object Repository/RAD_Pages/Taxpayer_Page/input_firstName' is visible

2023-07-17 21:06:57 - [TEST_STEP][PASSED] - verifyElementVisible(findTestObject(orPath_TaxPayer + "/input_middleName")): Object 'Object Repository/RAD_Pages/Taxpayer_Page/input_middleName' is visible

2023-07-17 21:06:58 - [MESSAGE][PASSED] - Object 'Object Repository/RAD_Pages/Taxpayer_Page/input_middleName' is visible

2023-07-17 21:06:58 - [TEST_STEP][PASSED] - verifyElementVisible(findTestObject(orPath_TaxPayer + "/input_lastName")): Object 'Object Repository/RAD_Pages/Taxpayer_Page/input_lastName' is visible

2023-07-17 21:06:58 - [MESSAGE][PASSED] - Object 'Object Repository/RAD_Pages/Taxpayer_Page/input_lastName' is visible

2023-07-17 21:06:58 - [TEST_STEP][PASSED] - verifyElementVisible(findTestObject(orPath_TaxPayer + "/input_suffix")): Object 'Object Repository/RAD_Pages/Taxpayer_Page/input_suffix' is visible

2023-07-17 21:06:58 - [MESSAGE][PASSED] - Object 'Object Repository/RAD_Pages/Taxpayer_Page/input_suffix' is visible

2023-07-17 21:06:58 - [TEST_STEP][PASSED] - verifyElementVisible(findTestObject("RAD_RecordAndPlay/input_concatSSN")): Object 'Object Repository/RAD_RecordAndPlay/input_concatSSN' is visible

2023-07-17 21:06:59 - [MESSAGE][PASSED] - Object 'Object Repository/RAD_RecordAndPlay/input_concatSSN' is visible

2023-07-17 21:06:59 - [TEST_STEP][PASSED] - verifyElementVisible(findTestObject("RAD_RecordAndPlay/input_concatReSSN")): Object 'Object Repository/RAD_RecordAndPlay/input_concatReSSN' is visible

2023-07-17 21:06:59 - [MESSAGE][PASSED] - Object 'Object Repository/RAD_RecordAndPlay/input_concatReSSN' is visible

2023-07-17 21:06:59 - [TEST_STEP][PASSED] - verifyElementVisible(findTestObject(orPath_FilingStatus + "/input_userType_Individual")): Object 'Object Repository/RAD_Pages/FilingStatus_Page/input_userType_Individual' is visible

2023-07-17 21:06:59 - [MESSAGE][PASSED] - Object 'Object Repository/RAD_Pages/FilingStatus_Page/input_userType_Individual' is visible

2023-07-17 21:06:59 - [TEST_STEP][PASSED] - verifyElementVisible(findTestObject(orPath_FilingStatus + "/input_userType_Joint")): Object 'Object Repository/RAD_Pages/FilingStatus_Page/input_userType_Joint' is visible

2023-07-17 21:07:00 - [MESSAGE][PASSED] - Object 'Object Repository/RAD_Pages/FilingStatus_Page/input_userType_Joint' is visible

2023-07-17 21:07:00 - [TEST_STEP][PASSED] - verifyElementNotVisible(findTestObject(orPath_TaxPayer + "/input_Note_businessName")): Object 'Object Repository/RAD_Pages/Taxpayer_Page/input_Note_businessName' is NOT visible

2023-07-17 21:07:00 - [MESSAGE][PASSED] - Object 'Object Repository/RAD_Pages/Taxpayer_Page/input_Note_businessName' is NOT visible

2023-07-17 21:07:00 - [TEST_STEP][PASSED] - verifyElementNotVisible(findTestObject(orPath_TaxInfo + "/input_FederalEIN")): Object 'Object Repository/RAD_Pages/TaxInfo_Page/input_FederalEIN' is NOT visible

2023-07-17 21:07:00 - [MESSAGE][PASSED] - Object 'Object Repository/RAD_Pages/TaxInfo_Page/input_FederalEIN' is NOT visible

2023-07-17 21:07:00 - [TEST_STEP][PASSED] - verifyElementNotVisible(findTestObject(orPath_TaxInfo + "/input_FederalEIN_ReEnter")): Object 'Object Repository/RAD_Pages/TaxInfo_Page/input_FederalEIN_ReEnter' is NOT visible

2023-07-17 21:07:01 - [MESSAGE][PASSED] - Object 'Object Repository/RAD_Pages/TaxInfo_Page/input_FederalEIN_ReEnter' is NOT visible

2023-07-17 21:07:01 - [TEST_STEP][PASSED] - selectOptionByLabel(findTestObject(orPath_TaxTypeFilingYear + "/select_PaymentType"), "Corporate", false): All options with label 'Corporate' are selected in object 'Object Repository/RAD_Pages/TaxTypeFilingYear_Page/select_PaymentType' 

2023-07-17 21:07:02 - [MESSAGE][PASSED] - All options with label 'Corporate' are selected in object 'Object Repository/RAD_Pages/TaxTypeFilingYear_Page/select_PaymentType' 

2023-07-17 21:07:02 - [TEST_STEP][PASSED] - verifyElementPresent(findTestObject(orPath_TaxTypeFilingYear + "/select_PeriodEnding"), 30): Object 'Object Repository/RAD_Pages/TaxTypeFilingYear_Page/select_PeriodEnding' is present

2023-07-17 21:07:02 - [MESSAGE][PASSED] - Object 'Object Repository/RAD_Pages/TaxTypeFilingYear_Page/select_PeriodEnding' is present

2023-07-17 21:07:02 - [TEST_STEP][PASSED] - totalOptionsPeriodEnding = getNumberOfTotalOption(findTestObject(orPath_TaxTypeFilingYear + "/select_PeriodEnding")): 13 options of object 'Object Repository/RAD_Pages/TaxTypeFilingYear_Page/select_PeriodEnding' counted

2023-07-17 21:07:03 - [MESSAGE][PASSED] - 13 options of object 'Object Repository/RAD_Pages/TaxTypeFilingYear_Page/select_PeriodEnding' counted

2023-07-17 21:07:03 - [TEST_STEP][PASSED] - verifyEqual(totalOptionsPeriodEnding, 13): Actual object '13' and expected object '13' are equal

2023-07-17 21:07:03 - [MESSAGE][PASSED] - Actual object '13' and expected object '13' are equal

2023-07-17 21:07:03 - [TEST_STEP][PASSED] - verifyOptionsPresent(findTestObject(orPath_TaxTypeFilingYear + "/select_PeriodEnding"), ["Month", "January", "February", "March", "April", "May", "June"]): Options [Month, January, February, March, April, May, June] present.

2023-07-17 21:07:03 - [MESSAGE][PASSED] - Options [Month, January, February, March, April, May, June] present.

2023-07-17 21:07:03 - [TEST_STEP][PASSED] - verifyOptionsPresent(findTestObject(orPath_TaxTypeFilingYear + "/select_PeriodEnding"), ["July", "August", "September", "October", "November", "December"]): Options [July, August, September, October, November, December] present.

2023-07-17 21:07:04 - [MESSAGE][PASSED] - Options [July, August, September, October, November, December] present.

2023-07-17 21:07:04 - [TEST_STEP][PASSED] - verifyElementVisible(findTestObject(orPath_TaxPayer + "/input_Note_businessName")): Object 'Object Repository/RAD_Pages/Taxpayer_Page/input_Note_businessName' is visible

2023-07-17 21:07:04 - [MESSAGE][PASSED] - Object 'Object Repository/RAD_Pages/Taxpayer_Page/input_Note_businessName' is visible

2023-07-17 21:07:04 - [TEST_STEP][PASSED] - verifyElementVisible(findTestObject(orPath_TaxInfo + "/input_FederalEIN")): Object 'Object Repository/RAD_Pages/TaxInfo_Page/input_FederalEIN' is visible

2023-07-17 21:07:05 - [MESSAGE][PASSED] - Object 'Object Repository/RAD_Pages/TaxInfo_Page/input_FederalEIN' is visible

2023-07-17 21:07:05 - [TEST_STEP][PASSED] - verifyElementVisible(findTestObject(orPath_TaxInfo + "/input_FederalEIN_ReEnter")): Object 'Object Repository/RAD_Pages/TaxInfo_Page/input_FederalEIN_ReEnter' is visible

2023-07-17 21:07:05 - [MESSAGE][PASSED] - Object 'Object Repository/RAD_Pages/TaxInfo_Page/input_FederalEIN_ReEnter' is visible

2023-07-17 21:07:05 - [TEST_STEP][PASSED] - verifyElementNotVisible(findTestObject(orPath_TaxPayer + "/input_firstName")): Object 'Object Repository/RAD_Pages/Taxpayer_Page/input_firstName' is NOT visible

2023-07-17 21:07:05 - [MESSAGE][PASSED] - Object 'Object Repository/RAD_Pages/Taxpayer_Page/input_firstName' is NOT visible

2023-07-17 21:07:05 - [TEST_STEP][PASSED] - verifyElementNotVisible(findTestObject(orPath_TaxPayer + "/input_middleName")): Object 'Object Repository/RAD_Pages/Taxpayer_Page/input_middleName' is NOT visible

2023-07-17 21:07:06 - [MESSAGE][PASSED] - Object 'Object Repository/RAD_Pages/Taxpayer_Page/input_middleName' is NOT visible

2023-07-17 21:07:06 - [TEST_STEP][PASSED] - verifyElementNotVisible(findTestObject(orPath_TaxPayer + "/input_lastName")): Object 'Object Repository/RAD_Pages/Taxpayer_Page/input_lastName' is NOT visible

2023-07-17 21:07:06 - [MESSAGE][PASSED] - Object 'Object Repository/RAD_Pages/Taxpayer_Page/input_lastName' is NOT visible

2023-07-17 21:07:06 - [TEST_STEP][PASSED] - verifyElementNotVisible(findTestObject(orPath_TaxPayer + "/input_suffix")): Object 'Object Repository/RAD_Pages/Taxpayer_Page/input_suffix' is NOT visible

2023-07-17 21:07:06 - [MESSAGE][PASSED] - Object 'Object Repository/RAD_Pages/Taxpayer_Page/input_suffix' is NOT visible

2023-07-17 21:07:06 - [TEST_STEP][PASSED] - verifyElementNotVisible(findTestObject("RAD_RecordAndPlay/input_concatSSN")): Object 'Object Repository/RAD_RecordAndPlay/input_concatSSN' is NOT visible

2023-07-17 21:07:07 - [MESSAGE][PASSED] - Object 'Object Repository/RAD_RecordAndPlay/input_concatSSN' is NOT visible

2023-07-17 21:07:07 - [TEST_STEP][PASSED] - verifyElementNotVisible(findTestObject("RAD_RecordAndPlay/input_concatReSSN")): Object 'Object Repository/RAD_RecordAndPlay/input_concatReSSN' is NOT visible

2023-07-17 21:07:07 - [MESSAGE][PASSED] - Object 'Object Repository/RAD_RecordAndPlay/input_concatReSSN' is NOT visible

2023-07-17 21:07:07 - [TEST_STEP][PASSED] - verifyElementNotVisible(findTestObject(orPath_FilingStatus + "/input_userType_Individual")): Object 'Object Repository/RAD_Pages/FilingStatus_Page/input_userType_Individual' is NOT visible

2023-07-17 21:07:08 - [MESSAGE][PASSED] - Object 'Object Repository/RAD_Pages/FilingStatus_Page/input_userType_Individual' is NOT visible

2023-07-17 21:07:08 - [TEST_STEP][PASSED] - verifyElementNotVisible(findTestObject(orPath_FilingStatus + "/input_userType_Joint")): Object 'Object Repository/RAD_Pages/FilingStatus_Page/input_userType_Joint' is NOT visible

2023-07-17 21:07:08 - [MESSAGE][PASSED] - Object 'Object Repository/RAD_Pages/FilingStatus_Page/input_userType_Joint' is NOT visible]]></system-out>
         <system-err><![CDATA[]]></system-err>
      </testcase>
      <testcase name="Test Cases/RAD_TestCases/UI_TestCases/SalesAndUse_UI_TC" time="37.741" classname="Test Cases/RAD_TestCases/UI_TestCases/SalesAndUse_UI_TC" status="PASSED">
         <system-out><![CDATA[2023-07-17 21:07:08 - [TEST_CASE][PASSED] - Test Cases/RAD_TestCases/UI_TestCases/SalesAndUse_UI_TC: Test Cases/RAD_TestCases/UI_TestCases/SalesAndUse_UI_TC

2023-07-17 21:07:08 - [TEST_STEP][PASSED] - openBrowser(""): Browser is opened with url: ''

2023-07-17 21:07:08 - [MESSAGE][WARNING] - A browser is already opened. Closing browser and opening a new one

2023-07-17 21:07:09 - [MESSAGE][INFO] - Starting 'Chrome' driver

2023-07-17 21:07:09 - [MESSAGE][INFO] - User set preference: ['acceptInsecureCerts', 'true']

2023-07-17 21:07:09 - [MESSAGE][INFO] - Action delay is set to 0 milliseconds

2023-07-17 21:07:11 - [MESSAGE][PASSED] - Browser is opened with url: ''

2023-07-17 21:07:11 - [TEST_STEP][PASSED] - maximizeWindow(): Current window maximized

2023-07-17 21:07:11 - [MESSAGE][PASSED] - Current window maximized

2023-07-17 21:07:11 - [TEST_STEP][PASSED] - navigateToUrl(RADurl): Navigate to 'https://qa.velocitypayment.com/client/rad/index.html' successfully

2023-07-17 21:07:12 - [MESSAGE][PASSED] - Navigate to 'https://qa.velocitypayment.com/client/rad/index.html' successfully

2023-07-17 21:07:12 - [TEST_STEP][PASSED] - orPath_Landing = "Object Repository/RAD_Pages/Landing_Page": null

2023-07-17 21:07:12 - [TEST_STEP][PASSED] - orPath_TaxTypeFilingYear = "Object Repository/RAD_Pages/TaxTypeFilingYear_Page": null

2023-07-17 21:07:12 - [TEST_STEP][PASSED] - orPath_TaxPayer = "Object Repository/RAD_Pages/Taxpayer_Page": null

2023-07-17 21:07:12 - [TEST_STEP][PASSED] - orPath_AddressContact = "Object Repository/RAD_Pages/AddressAndContactInfo_Page": null

2023-07-17 21:07:12 - [TEST_STEP][PASSED] - orPath_TaxInfo = "Object Repository/RAD_Pages/TaxInfo_Page": null

2023-07-17 21:07:12 - [TEST_STEP][PASSED] - orPath_Withholding = "Object Repository/RAD_Pages/Withholding_Page": null

2023-07-17 21:07:12 - [TEST_STEP][PASSED] - orPath_FilingStatus = "Object Repository/RAD_Pages/FilingStatus_Page": null

2023-07-17 21:07:12 - [TEST_STEP][PASSED] - orPath_Amount = "Object Repository/RAD_Pages/PaymentAmount_Page": null

2023-07-17 21:07:12 - [TEST_STEP][PASSED] - orPath_SalesTaxReturnInfo = "Object Repository/RAD_Pages/SalesTaxReturnInfo_Page": null

2023-07-17 21:07:12 - [TEST_STEP][PASSED] - selectOptionByLabel(findTestObject(orPath_Landing + "/dd_TaxType"), "Sales and Use", false): All options with label 'Sales and Use' are selected in object 'Object Repository/RAD_Pages/Landing_Page/dd_TaxType' 

2023-07-17 21:07:13 - [MESSAGE][PASSED] - All options with label 'Sales and Use' are selected in object 'Object Repository/RAD_Pages/Landing_Page/dd_TaxType' 

2023-07-17 21:07:13 - [TEST_STEP][PASSED] - verifyElementPresent(findTestObject(orPath_TaxTypeFilingYear + "/select_FilingYear"), 30): Object 'Object Repository/RAD_Pages/TaxTypeFilingYear_Page/select_FilingYear' is present

2023-07-17 21:07:13 - [MESSAGE][PASSED] - Object 'Object Repository/RAD_Pages/TaxTypeFilingYear_Page/select_FilingYear' is present

2023-07-17 21:07:13 - [TEST_STEP][PASSED] - totalOptionsFilingYear = getNumberOfTotalOption(findTestObject(orPath_TaxTypeFilingYear + "/select_FilingYear")): 4 options of object 'Object Repository/RAD_Pages/TaxTypeFilingYear_Page/select_FilingYear' counted

2023-07-17 21:07:14 - [MESSAGE][PASSED] - 4 options of object 'Object Repository/RAD_Pages/TaxTypeFilingYear_Page/select_FilingYear' counted

2023-07-17 21:07:14 - [TEST_STEP][PASSED] - verifyEqual(totalOptionsFilingYear, 4): Actual object '4' and expected object '4' are equal

2023-07-17 21:07:14 - [MESSAGE][PASSED] - Actual object '4' and expected object '4' are equal

2023-07-17 21:07:14 - [TEST_STEP][PASSED] - verifyOptionsPresent(findTestObject(orPath_TaxTypeFilingYear + "/select_FilingYear"), ["2021", "2022", "2023"]): Options [2021, 2022, 2023] present.

2023-07-17 21:07:15 - [MESSAGE][PASSED] - Options [2021, 2022, 2023] present.

2023-07-17 21:07:15 - [TEST_STEP][PASSED] - verifyElementPresent(findTestObject(orPath_TaxTypeFilingYear + "/select_PeriodEnding"), 30): Object 'Object Repository/RAD_Pages/TaxTypeFilingYear_Page/select_PeriodEnding' is present

2023-07-17 21:07:15 - [MESSAGE][PASSED] - Object 'Object Repository/RAD_Pages/TaxTypeFilingYear_Page/select_PeriodEnding' is present

2023-07-17 21:07:15 - [TEST_STEP][PASSED] - totalOptionsPeriodEnding = getNumberOfTotalOption(findTestObject(orPath_TaxTypeFilingYear + "/select_PeriodEnding")): 13 options of object 'Object Repository/RAD_Pages/TaxTypeFilingYear_Page/select_PeriodEnding' counted

2023-07-17 21:07:15 - [MESSAGE][PASSED] - 13 options of object 'Object Repository/RAD_Pages/TaxTypeFilingYear_Page/select_PeriodEnding' counted

2023-07-17 21:07:15 - [TEST_STEP][PASSED] - verifyEqual(totalOptionsPeriodEnding, 13): Actual object '13' and expected object '13' are equal

2023-07-17 21:07:15 - [MESSAGE][PASSED] - Actual object '13' and expected object '13' are equal

2023-07-17 21:07:15 - [TEST_STEP][PASSED] - verifyOptionsPresent(findTestObject(orPath_TaxTypeFilingYear + "/select_PeriodEnding"), ["January", "February", "March", "April", "May", "June"]): Options [January, February, March, April, May, June] present.

2023-07-17 21:07:16 - [MESSAGE][PASSED] - Options [January, February, March, April, May, June] present.

2023-07-17 21:07:16 - [TEST_STEP][PASSED] - verifyOptionsPresent(findTestObject(orPath_TaxTypeFilingYear + "/select_PeriodEnding"), ["July", "August", "September", "October", "November", "December"]): Options [July, August, September, October, November, December] present.

2023-07-17 21:07:17 - [MESSAGE][PASSED] - Options [July, August, September, October, November, December] present.

2023-07-17 21:07:17 - [TEST_STEP][PASSED] - verifyTextPresent("Tax Type/Filing Year", true): Text 'Tax Type/Filing Year' is present on page  using regular expression

2023-07-17 21:07:17 - [MESSAGE][PASSED] - Text 'Tax Type/Filing Year' is present on page  using regular expression

2023-07-17 21:07:17 - [TEST_STEP][PASSED] - verifyTextPresent("Taxpayer", true): Text 'Taxpayer' is present on page  using regular expression

2023-07-17 21:07:18 - [MESSAGE][PASSED] - Text 'Taxpayer' is present on page  using regular expression

2023-07-17 21:07:18 - [TEST_STEP][PASSED] - verifyTextPresent("Provide the following taxpayer information", true): Text 'Provide the following taxpayer information' is present on page  using regular expression

2023-07-17 21:07:18 - [MESSAGE][PASSED] - Text 'Provide the following taxpayer information' is present on page  using regular expression

2023-07-17 21:07:18 - [TEST_STEP][PASSED] - verifyTextPresent("Note: If you are paying on behalf of the Taxpayer, enter Taxpayer", true): Text 'Note: If you are paying on behalf of the Taxpayer, enter Taxpayer' is present on page  using regular expression

2023-07-17 21:07:19 - [MESSAGE][PASSED] - Text 'Note: If you are paying on behalf of the Taxpayer, enter Taxpayer' is present on page  using regular expression

2023-07-17 21:07:19 - [TEST_STEP][PASSED] - verifyTextPresent("information here. If you are making a payment for the Taxpayer, you will be required later to enter your own credit card, billing address and other pertinent information", true): Text 'information here. If you are making a payment for the Taxpayer, you will be required later to enter your own credit card, billing address and other pertinent information' is present on page  using regular expression

2023-07-17 21:07:19 - [MESSAGE][PASSED] - Text 'information here. If you are making a payment for the Taxpayer, you will be required later to enter your own credit card, billing address and other pertinent information' is present on page  using regular expression

2023-07-17 21:07:19 - [TEST_STEP][PASSED] - verifyTextPresent("Address and Contact Information", true): Text 'Address and Contact Information' is present on page  using regular expression

2023-07-17 21:07:19 - [MESSAGE][PASSED] - Text 'Address and Contact Information' is present on page  using regular expression

2023-07-17 21:07:19 - [TEST_STEP][PASSED] - verifyTextPresent("Enter the taxpayer", true): Text 'Enter the taxpayer' is present on page  using regular expression

2023-07-17 21:07:20 - [MESSAGE][PASSED] - Text 'Enter the taxpayer' is present on page  using regular expression

2023-07-17 21:07:20 - [TEST_STEP][PASSED] - verifyTextPresent("address and contact information", true): Text 'address and contact information' is present on page  using regular expression

2023-07-17 21:07:20 - [MESSAGE][PASSED] - Text 'address and contact information' is present on page  using regular expression

2023-07-17 21:07:20 - [TEST_STEP][PASSED] - verifyTextPresent("Tax Information", true): Text 'Tax Information' is present on page  using regular expression

2023-07-17 21:07:21 - [MESSAGE][PASSED] - Text 'Tax Information' is present on page  using regular expression

2023-07-17 21:07:21 - [TEST_STEP][PASSED] - verifyTextPresent("Sales Tax Return Information", true): Text 'Sales Tax Return Information' is present on page  using regular expression

2023-07-17 21:07:21 - [MESSAGE][PASSED] - Text 'Sales Tax Return Information' is present on page  using regular expression

2023-07-17 21:07:21 - [TEST_STEP][PASSED] - verifyTextPresent("Check here if you are a marketplace facilitator", true): Text 'Check here if you are a marketplace facilitator' is present on page  using regular expression

2023-07-17 21:07:22 - [MESSAGE][PASSED] - Text 'Check here if you are a marketplace facilitator' is present on page  using regular expression

2023-07-17 21:07:22 - [TEST_STEP][PASSED] - verifyTextPresent("Check here if you are a person that engages in the business of an out-of-state vendor and in the previous calendar year you either", true): Text 'Check here if you are a person that engages in the business of an out-of-state vendor and in the previous calendar year you either' is present on page  using regular expression

2023-07-17 21:07:22 - [MESSAGE][PASSED] - Text 'Check here if you are a person that engages in the business of an out-of-state vendor and in the previous calendar year you either' is present on page  using regular expression

2023-07-17 21:07:22 - [TEST_STEP][PASSED] - verifyTextPresent("in gross revenue from the sale of tangible personal property or taxable services delivered in the State", true): Text 'in gross revenue from the sale of tangible personal property or taxable services delivered in the State' is present on page  using regular expression

2023-07-17 21:07:22 - [MESSAGE][PASSED] - Text 'in gross revenue from the sale of tangible personal property or taxable services delivered in the State' is present on page  using regular expression

2023-07-17 21:07:22 - [TEST_STEP][PASSED] - verifyTextPresent("sold tangible personal property or taxable services for delivery into the State in 200 or more separate transactions", true): Text 'sold tangible personal property or taxable services for delivery into the State in 200 or more separate transactions' is present on page  using regular expression

2023-07-17 21:07:23 - [MESSAGE][PASSED] - Text 'sold tangible personal property or taxable services for delivery into the State in 200 or more separate transactions' is present on page  using regular expression

2023-07-17 21:07:23 - [TEST_STEP][PASSED] - verifyTextPresent("Maryland Form 202", true): Text 'Maryland Form 202' is present on page  using regular expression

2023-07-17 21:07:23 - [MESSAGE][PASSED] - Text 'Maryland Form 202' is present on page  using regular expression

2023-07-17 21:07:23 - [TEST_STEP][PASSED] - verifyTextPresent("Refer to your Maryland Sales Tax Instructions to complete the following", true): Text 'Refer to your Maryland Sales Tax Instructions to complete the following' is present on page  using regular expression

2023-07-17 21:07:24 - [MESSAGE][PASSED] - Text 'Refer to your Maryland Sales Tax Instructions to complete the following' is present on page  using regular expression

2023-07-17 21:07:24 - [TEST_STEP][PASSED] - verifyTextPresent("Lines 19.a. through 19.c. are for returns with period end dates later than 7-1-2013", true): Text 'Lines 19.a. through 19.c. are for returns with period end dates later than 7-1-2013' is present on page  using regular expression

2023-07-17 21:07:24 - [MESSAGE][PASSED] - Text 'Lines 19.a. through 19.c. are for returns with period end dates later than 7-1-2013' is present on page  using regular expression

2023-07-17 21:07:24 - [TEST_STEP][PASSED] - verifyTextPresent("Payment Amount", true): Text 'Payment Amount' is present on page  using regular expression

2023-07-17 21:07:25 - [MESSAGE][PASSED] - Text 'Payment Amount' is present on page  using regular expression

2023-07-17 21:07:25 - [TEST_STEP][PASSED] - verifyTextPresent("Service Fee: This electronic government service includes a service/convenience fee. Click here for details", true): Text 'Service Fee: This electronic government service includes a service/convenience fee. Click here for details' is present on page  using regular expression

2023-07-17 21:07:25 - [MESSAGE][PASSED] - Text 'Service Fee: This electronic government service includes a service/convenience fee. Click here for details' is present on page  using regular expression

2023-07-17 21:07:25 - [TEST_STEP][PASSED] - verifyElementPresent(findTestObject(orPath_Amount + "/a_Click here for details"), 30): Object 'Object Repository/RAD_Pages/PaymentAmount_Page/a_Click here for details' is present

2023-07-17 21:07:25 - [MESSAGE][PASSED] - Object 'Object Repository/RAD_Pages/PaymentAmount_Page/a_Click here for details' is present

2023-07-17 21:07:25 - [TEST_STEP][PASSED] - verifyElementPresent(findTestObject(orPath_Landing + "/button_Continue"), 30): Object 'Object Repository/RAD_Pages/Landing_Page/button_Continue' is present

2023-07-17 21:07:26 - [MESSAGE][PASSED] - Object 'Object Repository/RAD_Pages/Landing_Page/button_Continue' is present

2023-07-17 21:07:26 - [TEST_STEP][PASSED] - verifyElementPresent(findTestObject(orPath_TaxPayer + "/input_businessName"), 30): Object 'Object Repository/RAD_Pages/Taxpayer_Page/input_businessName' is present

2023-07-17 21:07:26 - [MESSAGE][PASSED] - Object 'Object Repository/RAD_Pages/Taxpayer_Page/input_businessName' is present

2023-07-17 21:07:26 - [TEST_STEP][PASSED] - verifyElementPresent(findTestObject(orPath_TaxPayer + "/input_firstName"), 30): Object 'Object Repository/RAD_Pages/Taxpayer_Page/input_firstName' is present

2023-07-17 21:07:26 - [MESSAGE][PASSED] - Object 'Object Repository/RAD_Pages/Taxpayer_Page/input_firstName' is present

2023-07-17 21:07:26 - [TEST_STEP][PASSED] - verifyElementPresent(findTestObject(orPath_TaxPayer + "/input_middleName"), 30): Object 'Object Repository/RAD_Pages/Taxpayer_Page/input_middleName' is present

2023-07-17 21:07:26 - [MESSAGE][PASSED] - Object 'Object Repository/RAD_Pages/Taxpayer_Page/input_middleName' is present

2023-07-17 21:07:26 - [TEST_STEP][PASSED] - verifyElementPresent(findTestObject(orPath_TaxPayer + "/input_lastName"), 30): Object 'Object Repository/RAD_Pages/Taxpayer_Page/input_lastName' is present

2023-07-17 21:07:27 - [MESSAGE][PASSED] - Object 'Object Repository/RAD_Pages/Taxpayer_Page/input_lastName' is present

2023-07-17 21:07:27 - [TEST_STEP][PASSED] - verifyElementPresent(findTestObject(orPath_TaxPayer + "/input_suffix"), 30): Object 'Object Repository/RAD_Pages/Taxpayer_Page/input_suffix' is present

2023-07-17 21:07:27 - [MESSAGE][PASSED] - Object 'Object Repository/RAD_Pages/Taxpayer_Page/input_suffix' is present

2023-07-17 21:07:27 - [TEST_STEP][PASSED] - verifyElementPresent(findTestObject(orPath_AddressContact + "/select_Country"), 30): Object 'Object Repository/RAD_Pages/AddressAndContactInfo_Page/select_Country' is present

2023-07-17 21:07:28 - [MESSAGE][PASSED] - Object 'Object Repository/RAD_Pages/AddressAndContactInfo_Page/select_Country' is present

2023-07-17 21:07:28 - [TEST_STEP][PASSED] - verifyElementPresent(findTestObject(orPath_AddressContact + "/input_streetAddress1"), 30): Object 'Object Repository/RAD_Pages/AddressAndContactInfo_Page/input_streetAddress1' is present

2023-07-17 21:07:28 - [MESSAGE][PASSED] - Object 'Object Repository/RAD_Pages/AddressAndContactInfo_Page/input_streetAddress1' is present

2023-07-17 21:07:28 - [TEST_STEP][PASSED] - verifyElementPresent(findTestObject(orPath_AddressContact + "/input_streetAddress2"), 30): Object 'Object Repository/RAD_Pages/AddressAndContactInfo_Page/input_streetAddress2' is present

2023-07-17 21:07:28 - [MESSAGE][PASSED] - Object 'Object Repository/RAD_Pages/AddressAndContactInfo_Page/input_streetAddress2' is present

2023-07-17 21:07:28 - [TEST_STEP][PASSED] - verifyElementPresent(findTestObject(orPath_AddressContact + "/input_city"), 30): Object 'Object Repository/RAD_Pages/AddressAndContactInfo_Page/input_city' is present

2023-07-17 21:07:29 - [MESSAGE][PASSED] - Object 'Object Repository/RAD_Pages/AddressAndContactInfo_Page/input_city' is present

2023-07-17 21:07:29 - [TEST_STEP][PASSED] - verifyElementPresent(findTestObject(orPath_AddressContact + "/select_State"), 30): Object 'Object Repository/RAD_Pages/AddressAndContactInfo_Page/select_State' is present

2023-07-17 21:07:29 - [MESSAGE][PASSED] - Object 'Object Repository/RAD_Pages/AddressAndContactInfo_Page/select_State' is present

2023-07-17 21:07:29 - [TEST_STEP][PASSED] - verifyElementPresent(findTestObject(orPath_AddressContact + "/input_zipCode"), 30): Object 'Object Repository/RAD_Pages/AddressAndContactInfo_Page/input_zipCode' is present

2023-07-17 21:07:29 - [MESSAGE][PASSED] - Object 'Object Repository/RAD_Pages/AddressAndContactInfo_Page/input_zipCode' is present

2023-07-17 21:07:29 - [TEST_STEP][PASSED] - verifyElementPresent(findTestObject(orPath_AddressContact + "/input_phoneNumber"), 30): Object 'Object Repository/RAD_Pages/AddressAndContactInfo_Page/input_phoneNumber' is present

2023-07-17 21:07:29 - [MESSAGE][PASSED] - Object 'Object Repository/RAD_Pages/AddressAndContactInfo_Page/input_phoneNumber' is present

2023-07-17 21:07:29 - [TEST_STEP][PASSED] - verifyElementPresent(findTestObject(orPath_AddressContact + "/input_eMailAddress"), 30): Object 'Object Repository/RAD_Pages/AddressAndContactInfo_Page/input_eMailAddress' is present

2023-07-17 21:07:30 - [MESSAGE][PASSED] - Object 'Object Repository/RAD_Pages/AddressAndContactInfo_Page/input_eMailAddress' is present

2023-07-17 21:07:30 - [TEST_STEP][PASSED] - verifyElementPresent(findTestObject(orPath_AddressContact + "/input_reEnterEMailAddress"), 30): Object 'Object Repository/RAD_Pages/AddressAndContactInfo_Page/input_reEnterEMailAddress' is present

2023-07-17 21:07:30 - [MESSAGE][PASSED] - Object 'Object Repository/RAD_Pages/AddressAndContactInfo_Page/input_reEnterEMailAddress' is present

2023-07-17 21:07:30 - [TEST_STEP][PASSED] - verifyOptionsPresent(findTestObject(orPath_AddressContact + "/select_Country"), ["United States"]): Options [United States] present.

2023-07-17 21:07:31 - [MESSAGE][PASSED] - Options [United States] present.

2023-07-17 21:07:31 - [TEST_STEP][PASSED] - verifyOptionsPresent(findTestObject(orPath_AddressContact + "/select_State"), ["Alabama", "District of Columbia", "Maryland", "Virginia", "Wyoming"]): Options [Alabama, District of Columbia, Maryland, Virginia, Wyoming] present.

2023-07-17 21:07:32 - [MESSAGE][PASSED] - Options [Alabama, District of Columbia, Maryland, Virginia, Wyoming] present.

2023-07-17 21:07:32 - [TEST_STEP][PASSED] - totalOptionsState = getNumberOfTotalOption(findTestObject(orPath_AddressContact + "/select_State")): 52 options of object 'Object Repository/RAD_Pages/AddressAndContactInfo_Page/select_State' counted

2023-07-17 21:07:32 - [MESSAGE][PASSED] - 52 options of object 'Object Repository/RAD_Pages/AddressAndContactInfo_Page/select_State' counted

2023-07-17 21:07:32 - [TEST_STEP][PASSED] - verifyEqual(totalOptionsState, 52): Actual object '52' and expected object '52' are equal

2023-07-17 21:07:32 - [MESSAGE][PASSED] - Actual object '52' and expected object '52' are equal

2023-07-17 21:07:32 - [TEST_STEP][PASSED] - verifyElementVisible(findTestObject(orPath_TaxInfo + "/input_FederalEIN")): Object 'Object Repository/RAD_Pages/TaxInfo_Page/input_FederalEIN' is visible

2023-07-17 21:07:33 - [MESSAGE][PASSED] - Object 'Object Repository/RAD_Pages/TaxInfo_Page/input_FederalEIN' is visible

2023-07-17 21:07:33 - [TEST_STEP][PASSED] - verifyElementVisible(findTestObject(orPath_TaxInfo + "/input_FederalEIN_ReEnter")): Object 'Object Repository/RAD_Pages/TaxInfo_Page/input_FederalEIN_ReEnter' is visible

2023-07-17 21:07:33 - [MESSAGE][PASSED] - Object 'Object Repository/RAD_Pages/TaxInfo_Page/input_FederalEIN_ReEnter' is visible

2023-07-17 21:07:33 - [TEST_STEP][PASSED] - verifyElementPresent(findTestObject("Object Repository/RAD_RecordAndPlay/input_MDCRegistration"), 30): Object 'Object Repository/RAD_RecordAndPlay/input_MDCRegistration' is present

2023-07-17 21:07:34 - [MESSAGE][PASSED] - Object 'Object Repository/RAD_RecordAndPlay/input_MDCRegistration' is present

2023-07-17 21:07:34 - [TEST_STEP][PASSED] - verifyElementPresent(findTestObject(orPath_SalesTaxReturnInfo + "/input_MarketplaceFacilitator"), 30): Object 'Object Repository/RAD_Pages/SalesTaxReturnInfo_Page/input_MarketplaceFacilitator' is present

2023-07-17 21:07:34 - [MESSAGE][PASSED] - Object 'Object Repository/RAD_Pages/SalesTaxReturnInfo_Page/input_MarketplaceFacilitator' is present

2023-07-17 21:07:34 - [TEST_STEP][PASSED] - verifyElementPresent(findTestObject(orPath_SalesTaxReturnInfo + "/input_OutOfStateVendor"), 30): Object 'Object Repository/RAD_Pages/SalesTaxReturnInfo_Page/input_OutOfStateVendor' is present

2023-07-17 21:07:34 - [MESSAGE][PASSED] - Object 'Object Repository/RAD_Pages/SalesTaxReturnInfo_Page/input_OutOfStateVendor' is present

2023-07-17 21:07:34 - [TEST_STEP][PASSED] - verifyElementPresent(findTestObject(orPath_Amount + "/input__paymentAmount"), 30): Object 'Object Repository/RAD_Pages/PaymentAmount_Page/input__paymentAmount' is present

2023-07-17 21:07:35 - [MESSAGE][PASSED] - Object 'Object Repository/RAD_Pages/PaymentAmount_Page/input__paymentAmount' is present

2023-07-17 21:07:35 - [TEST_STEP][PASSED] - verifyElementPresent(findTestObject(orPath_Amount + "/input__PaymentDue1"), 30): Object 'Object Repository/RAD_Pages/PaymentAmount_Page/input__PaymentDue1' is present

2023-07-17 21:07:35 - [MESSAGE][PASSED] - Object 'Object Repository/RAD_Pages/PaymentAmount_Page/input__PaymentDue1' is present

2023-07-17 21:07:35 - [TEST_STEP][PASSED] - selectOptionByLabel(findTestObject(orPath_TaxTypeFilingYear + "/select_FilingYear"), "2021", false): All options with label '2021' are selected in object 'Object Repository/RAD_Pages/TaxTypeFilingYear_Page/select_FilingYear' 

2023-07-17 21:07:35 - [MESSAGE][PASSED] - All options with label '2021' are selected in object 'Object Repository/RAD_Pages/TaxTypeFilingYear_Page/select_FilingYear' 

2023-07-17 21:07:35 - [TEST_STEP][PASSED] - totalOptionsPeriodEnding2 = getNumberOfTotalOption(findTestObject(orPath_TaxTypeFilingYear + "/select_PeriodEnding")): 13 options of object 'Object Repository/RAD_Pages/TaxTypeFilingYear_Page/select_PeriodEnding' counted

2023-07-17 21:07:36 - [MESSAGE][PASSED] - 13 options of object 'Object Repository/RAD_Pages/TaxTypeFilingYear_Page/select_PeriodEnding' counted

2023-07-17 21:07:36 - [TEST_STEP][PASSED] - verifyEqual(totalOptionsPeriodEnding2, 13): Actual object '13' and expected object '13' are equal

2023-07-17 21:07:36 - [MESSAGE][PASSED] - Actual object '13' and expected object '13' are equal

2023-07-17 21:07:36 - [TEST_STEP][PASSED] - verifyOptionsPresent(findTestObject(orPath_TaxTypeFilingYear + "/select_PeriodEnding"), ["January", "February", "March", "April", "May", "June"]): Options [January, February, March, April, May, June] present.

2023-07-17 21:07:37 - [MESSAGE][PASSED] - Options [January, February, March, April, May, June] present.

2023-07-17 21:07:37 - [TEST_STEP][PASSED] - verifyOptionsPresent(findTestObject(orPath_TaxTypeFilingYear + "/select_PeriodEnding"), ["July", "August", "September", "October", "November", "December"]): Options [July, August, September, October, November, December] present.

2023-07-17 21:07:37 - [MESSAGE][PASSED] - Options [July, August, September, October, November, December] present.

2023-07-17 21:07:37 - [TEST_STEP][PASSED] - selectOptionByLabel(findTestObject(orPath_TaxTypeFilingYear + "/select_FilingYear"), "2022", false): All options with label '2022' are selected in object 'Object Repository/RAD_Pages/TaxTypeFilingYear_Page/select_FilingYear' 

2023-07-17 21:07:38 - [MESSAGE][PASSED] - All options with label '2022' are selected in object 'Object Repository/RAD_Pages/TaxTypeFilingYear_Page/select_FilingYear' 

2023-07-17 21:07:38 - [TEST_STEP][PASSED] - totalOptionsPeriodEnding3 = getNumberOfTotalOption(findTestObject(orPath_TaxTypeFilingYear + "/select_PeriodEnding")): 13 options of object 'Object Repository/RAD_Pages/TaxTypeFilingYear_Page/select_PeriodEnding' counted

2023-07-17 21:07:39 - [MESSAGE][PASSED] - 13 options of object 'Object Repository/RAD_Pages/TaxTypeFilingYear_Page/select_PeriodEnding' counted

2023-07-17 21:07:39 - [TEST_STEP][PASSED] - verifyEqual(totalOptionsPeriodEnding3, 13): Actual object '13' and expected object '13' are equal

2023-07-17 21:07:39 - [MESSAGE][PASSED] - Actual object '13' and expected object '13' are equal

2023-07-17 21:07:39 - [TEST_STEP][PASSED] - verifyOptionsPresent(findTestObject(orPath_TaxTypeFilingYear + "/select_PeriodEnding"), ["January", "February", "March", "April", "May", "June"]): Options [January, February, March, April, May, June] present.

2023-07-17 21:07:39 - [MESSAGE][PASSED] - Options [January, February, March, April, May, June] present.

2023-07-17 21:07:39 - [TEST_STEP][PASSED] - verifyOptionsPresent(findTestObject(orPath_TaxTypeFilingYear + "/select_PeriodEnding"), ["July", "August", "September", "October", "November", "December"]): Options [July, August, September, October, November, December] present.

2023-07-17 21:07:40 - [MESSAGE][PASSED] - Options [July, August, September, October, November, December] present.

2023-07-17 21:07:40 - [TEST_STEP][PASSED] - selectOptionByLabel(findTestObject(orPath_TaxTypeFilingYear + "/select_FilingYear"), "2023", false): All options with label '2023' are selected in object 'Object Repository/RAD_Pages/TaxTypeFilingYear_Page/select_FilingYear' 

2023-07-17 21:07:41 - [MESSAGE][PASSED] - All options with label '2023' are selected in object 'Object Repository/RAD_Pages/TaxTypeFilingYear_Page/select_FilingYear' 

2023-07-17 21:07:41 - [TEST_STEP][PASSED] - totalOptionsPeriodEnding4 = getNumberOfTotalOption(findTestObject(orPath_TaxTypeFilingYear + "/select_PeriodEnding")): 7 options of object 'Object Repository/RAD_Pages/TaxTypeFilingYear_Page/select_PeriodEnding' counted

2023-07-17 21:07:41 - [MESSAGE][PASSED] - 7 options of object 'Object Repository/RAD_Pages/TaxTypeFilingYear_Page/select_PeriodEnding' counted

2023-07-17 21:07:41 - [TEST_STEP][PASSED] - verifyEqual(totalOptionsPeriodEnding4, 7): Actual object '7' and expected object '7' are equal

2023-07-17 21:07:41 - [MESSAGE][PASSED] - Actual object '7' and expected object '7' are equal

2023-07-17 21:07:41 - [TEST_STEP][PASSED] - verifyOptionsPresent(findTestObject(orPath_TaxTypeFilingYear + "/select_PeriodEnding"), ["January", "February", "March", "April", "May", "June"]): Options [January, February, March, April, May, June] present.

2023-07-17 21:07:42 - [MESSAGE][PASSED] - Options [January, February, March, April, May, June] present.

2023-07-17 21:07:42 - [TEST_STEP][PASSED] - verifyOptionNotPresentByValue(findTestObject(orPath_TaxTypeFilingYear + "/select_PeriodEnding"), "July", false, 30): There is no option with value 'July' present in object 'Object Repository/RAD_Pages/TaxTypeFilingYear_Page/select_PeriodEnding' 

2023-07-17 21:07:43 - [MESSAGE][PASSED] - There is no option with value 'July' present in object 'Object Repository/RAD_Pages/TaxTypeFilingYear_Page/select_PeriodEnding' 

2023-07-17 21:07:43 - [TEST_STEP][PASSED] - verifyOptionNotPresentByValue(findTestObject(orPath_TaxTypeFilingYear + "/select_PeriodEnding"), "August", false, 30): There is no option with value 'August' present in object 'Object Repository/RAD_Pages/TaxTypeFilingYear_Page/select_PeriodEnding' 

2023-07-17 21:07:43 - [MESSAGE][PASSED] - There is no option with value 'August' present in object 'Object Repository/RAD_Pages/TaxTypeFilingYear_Page/select_PeriodEnding' 

2023-07-17 21:07:43 - [TEST_STEP][PASSED] - verifyOptionNotPresentByValue(findTestObject(orPath_TaxTypeFilingYear + "/select_PeriodEnding"), "September", false, 30): There is no option with value 'September' present in object 'Object Repository/RAD_Pages/TaxTypeFilingYear_Page/select_PeriodEnding' 

2023-07-17 21:07:44 - [MESSAGE][PASSED] - There is no option with value 'September' present in object 'Object Repository/RAD_Pages/TaxTypeFilingYear_Page/select_PeriodEnding' 

2023-07-17 21:07:44 - [TEST_STEP][PASSED] - verifyOptionNotPresentByValue(findTestObject(orPath_TaxTypeFilingYear + "/select_PeriodEnding"), "October", false, 30): There is no option with value 'October' present in object 'Object Repository/RAD_Pages/TaxTypeFilingYear_Page/select_PeriodEnding' 

2023-07-17 21:07:44 - [MESSAGE][PASSED] - There is no option with value 'October' present in object 'Object Repository/RAD_Pages/TaxTypeFilingYear_Page/select_PeriodEnding' 

2023-07-17 21:07:44 - [TEST_STEP][PASSED] - verifyOptionNotPresentByValue(findTestObject(orPath_TaxTypeFilingYear + "/select_PeriodEnding"), "November", false, 30): There is no option with value 'November' present in object 'Object Repository/RAD_Pages/TaxTypeFilingYear_Page/select_PeriodEnding' 

2023-07-17 21:07:45 - [MESSAGE][PASSED] - There is no option with value 'November' present in object 'Object Repository/RAD_Pages/TaxTypeFilingYear_Page/select_PeriodEnding' 

2023-07-17 21:07:45 - [TEST_STEP][PASSED] - verifyOptionNotPresentByValue(findTestObject(orPath_TaxTypeFilingYear + "/select_PeriodEnding"), "December", false, 30): There is no option with value 'December' present in object 'Object Repository/RAD_Pages/TaxTypeFilingYear_Page/select_PeriodEnding' 

2023-07-17 21:07:46 - [MESSAGE][PASSED] - There is no option with value 'December' present in object 'Object Repository/RAD_Pages/TaxTypeFilingYear_Page/select_PeriodEnding']]></system-out>
         <system-err><![CDATA[]]></system-err>
      </testcase>
      <testcase name="Test Cases/RAD_TestCases/UI_TestCases/SaleAndUseMarketplaceFacilitator_UI_TC" time="10.366" classname="Test Cases/RAD_TestCases/UI_TestCases/SaleAndUseMarketplaceFacilitator_UI_TC" status="PASSED">
         <system-out><![CDATA[2023-07-17 21:07:46 - [TEST_CASE][PASSED] - Test Cases/RAD_TestCases/UI_TestCases/SaleAndUseMarketplaceFacilitator_UI_TC: Test Cases/RAD_TestCases/UI_TestCases/SaleAndUseMarketplaceFacilitator_UI_TC

2023-07-17 21:07:46 - [TEST_STEP][PASSED] - openBrowser(""): Browser is opened with url: ''

2023-07-17 21:07:46 - [MESSAGE][WARNING] - A browser is already opened. Closing browser and opening a new one

2023-07-17 21:07:47 - [MESSAGE][INFO] - Starting 'Chrome' driver

2023-07-17 21:07:47 - [MESSAGE][INFO] - User set preference: ['acceptInsecureCerts', 'true']

2023-07-17 21:07:47 - [MESSAGE][INFO] - Action delay is set to 0 milliseconds

2023-07-17 21:07:48 - [MESSAGE][PASSED] - Browser is opened with url: ''

2023-07-17 21:07:48 - [TEST_STEP][PASSED] - maximizeWindow(): Current window maximized

2023-07-17 21:07:49 - [MESSAGE][PASSED] - Current window maximized

2023-07-17 21:07:49 - [TEST_STEP][PASSED] - navigateToUrl(RADurl): Navigate to 'https://qa.velocitypayment.com/client/rad/index.html' successfully

2023-07-17 21:07:50 - [MESSAGE][PASSED] - Navigate to 'https://qa.velocitypayment.com/client/rad/index.html' successfully

2023-07-17 21:07:50 - [TEST_STEP][PASSED] - orPath_Landing = "Object Repository/RAD_Pages/Landing_Page": null

2023-07-17 21:07:50 - [TEST_STEP][PASSED] - orPath_TaxTypeFilingYear = "Object Repository/RAD_Pages/TaxTypeFilingYear_Page": null

2023-07-17 21:07:50 - [TEST_STEP][PASSED] - orPath_TaxPayer = "Object Repository/RAD_Pages/Taxpayer_Page": null

2023-07-17 21:07:50 - [TEST_STEP][PASSED] - orPath_AddressContact = "Object Repository/RAD_Pages/AddressAndContactInfo_Page": null

2023-07-17 21:07:50 - [TEST_STEP][PASSED] - orPath_TaxInfo = "Object Repository/RAD_Pages/TaxInfo_Page": null

2023-07-17 21:07:50 - [TEST_STEP][PASSED] - orPath_Withholding = "Object Repository/RAD_Pages/Withholding_Page": null

2023-07-17 21:07:50 - [TEST_STEP][PASSED] - orPath_FilingStatus = "Object Repository/RAD_Pages/FilingStatus_Page": null

2023-07-17 21:07:50 - [TEST_STEP][PASSED] - orPath_Amount = "Object Repository/RAD_Pages/PaymentAmount_Page": null

2023-07-17 21:07:50 - [TEST_STEP][PASSED] - orPath_SalesTaxReturnInfo = "Object Repository/RAD_Pages/SalesTaxReturnInfo_Page": null

2023-07-17 21:07:50 - [TEST_STEP][PASSED] - selectOptionByLabel(findTestObject(orPath_Landing + "/dd_TaxType"), "Sales and Use", false): All options with label 'Sales and Use' are selected in object 'Object Repository/RAD_Pages/Landing_Page/dd_TaxType' 

2023-07-17 21:07:51 - [MESSAGE][PASSED] - All options with label 'Sales and Use' are selected in object 'Object Repository/RAD_Pages/Landing_Page/dd_TaxType' 

2023-07-17 21:07:51 - [TEST_STEP][PASSED] - scrollToElement(findTestObject(orPath_SalesTaxReturnInfo + "/input_OutOfStateVendor"), 3): Scroll to object 'Object Repository/RAD_Pages/SalesTaxReturnInfo_Page/input_OutOfStateVendor' successfully

2023-07-17 21:07:51 - [MESSAGE][PASSED] - Scroll to object 'Object Repository/RAD_Pages/SalesTaxReturnInfo_Page/input_OutOfStateVendor' successfully

2023-07-17 21:07:51 - [TEST_STEP][PASSED] - click(findTestObject(orPath_SalesTaxReturnInfo + "/input_MarketplaceFacilitator")): Object: 'Object Repository/RAD_Pages/SalesTaxReturnInfo_Page/input_MarketplaceFacilitator' is clicked on

2023-07-17 21:07:52 - [MESSAGE][PASSED] - Object: 'Object Repository/RAD_Pages/SalesTaxReturnInfo_Page/input_MarketplaceFacilitator' is clicked on

2023-07-17 21:07:52 - [TEST_STEP][PASSED] - verifyTextPresent("Maryland Form 202F", true): Text 'Maryland Form 202F' is present on page  using regular expression

2023-07-17 21:07:52 - [MESSAGE][PASSED] - Text 'Maryland Form 202F' is present on page  using regular expression

2023-07-17 21:07:52 - [TEST_STEP][PASSED] - verifyTextPresent("To be completed by marketplace facilitator. Refer to your Maryland Sales Tax Instructions to complete the following.", true): Text 'To be completed by marketplace facilitator. Refer to your Maryland Sales Tax Instructions to complete the following.' is present on page  using regular expression

2023-07-17 21:07:53 - [MESSAGE][PASSED] - Text 'To be completed by marketplace facilitator. Refer to your Maryland Sales Tax Instructions to complete the following.' is present on page  using regular expression

2023-07-17 21:07:53 - [TEST_STEP][PASSED] - verifyTextPresent("Maryland Form 202", true): Text 'Maryland Form 202' is present on page  using regular expression

2023-07-17 21:07:53 - [MESSAGE][PASSED] - Text 'Maryland Form 202' is present on page  using regular expression

2023-07-17 21:07:53 - [TEST_STEP][PASSED] - verifyTextPresent("Refer to your Maryland Sales Tax Instructions to complete the following", true): Text 'Refer to your Maryland Sales Tax Instructions to complete the following' is present on page  using regular expression

2023-07-17 21:07:54 - [MESSAGE][PASSED] - Text 'Refer to your Maryland Sales Tax Instructions to complete the following' is present on page  using regular expression

2023-07-17 21:07:54 - [TEST_STEP][PASSED] - verifyTextPresent("Maryland Form 202", true): Text 'Maryland Form 202' is present on page  using regular expression

2023-07-17 21:07:54 - [MESSAGE][PASSED] - Text 'Maryland Form 202' is present on page  using regular expression

2023-07-17 21:07:54 - [TEST_STEP][PASSED] - verifyTextPresent("Refer to your Maryland Sales Tax Instructions to complete the following", true): Text 'Refer to your Maryland Sales Tax Instructions to complete the following' is present on page  using regular expression

2023-07-17 21:07:54 - [MESSAGE][PASSED] - Text 'Refer to your Maryland Sales Tax Instructions to complete the following' is present on page  using regular expression

2023-07-17 21:07:54 - [TEST_STEP][PASSED] - verifyElementPresent(findTestObject("Object Repository/RAD_Pages/MarylandForm202F_Page/input__Line6a"), 30): Object 'Object Repository/RAD_Pages/MarylandForm202F_Page/input__Line6a' is present

2023-07-17 21:07:55 - [MESSAGE][PASSED] - Object 'Object Repository/RAD_Pages/MarylandForm202F_Page/input__Line6a' is present

2023-07-17 21:07:55 - [TEST_STEP][PASSED] - verifyElementPresent(findTestObject("Object Repository/RAD_Pages/MarylandForm202F_Page/input__Line4a"), 30): Object 'Object Repository/RAD_Pages/MarylandForm202F_Page/input__Line4a' is present

2023-07-17 21:07:55 - [MESSAGE][PASSED] - Object 'Object Repository/RAD_Pages/MarylandForm202F_Page/input__Line4a' is present

2023-07-17 21:07:55 - [TEST_STEP][PASSED] - verifyElementPresent(findTestObject("Object Repository/RAD_Pages/MarylandForm202F_Page/input__Line3a"), 30): Object 'Object Repository/RAD_Pages/MarylandForm202F_Page/input__Line3a' is present

2023-07-17 21:07:55 - [MESSAGE][PASSED] - Object 'Object Repository/RAD_Pages/MarylandForm202F_Page/input__Line3a' is present

2023-07-17 21:07:55 - [TEST_STEP][PASSED] - verifyElementPresent(findTestObject("Object Repository/RAD_Pages/MarylandForm202F_Page/input__Line2a"), 30): Object 'Object Repository/RAD_Pages/MarylandForm202F_Page/input__Line2a' is present

2023-07-17 21:07:56 - [MESSAGE][PASSED] - Object 'Object Repository/RAD_Pages/MarylandForm202F_Page/input__Line2a' is present

2023-07-17 21:07:56 - [TEST_STEP][PASSED] - verifyElementPresent(findTestObject("Object Repository/RAD_Pages/MarylandForm202F_Page/input__Line1"), 30): Object 'Object Repository/RAD_Pages/MarylandForm202F_Page/input__Line1' is present

2023-07-17 21:07:56 - [MESSAGE][PASSED] - Object 'Object Repository/RAD_Pages/MarylandForm202F_Page/input__Line1' is present]]></system-out>
         <system-err><![CDATA[]]></system-err>
      </testcase>
      <testcase name="Test Cases/RAD_TestCases/UI_TestCases/SaleAndUseMDForm202_UI_TC" time="9.502" classname="Test Cases/RAD_TestCases/UI_TestCases/SaleAndUseMDForm202_UI_TC" status="PASSED">
         <system-out><![CDATA[2023-07-17 21:07:56 - [TEST_CASE][PASSED] - Test Cases/RAD_TestCases/UI_TestCases/SaleAndUseMDForm202_UI_TC: Test Cases/RAD_TestCases/UI_TestCases/SaleAndUseMDForm202_UI_TC

2023-07-17 21:07:56 - [TEST_STEP][PASSED] - openBrowser(""): Browser is opened with url: ''

2023-07-17 21:07:56 - [MESSAGE][WARNING] - A browser is already opened. Closing browser and opening a new one

2023-07-17 21:07:58 - [MESSAGE][INFO] - Starting 'Chrome' driver

2023-07-17 21:07:58 - [MESSAGE][INFO] - User set preference: ['acceptInsecureCerts', 'true']

2023-07-17 21:07:58 - [MESSAGE][INFO] - Action delay is set to 0 milliseconds

2023-07-17 21:07:59 - [MESSAGE][PASSED] - Browser is opened with url: ''

2023-07-17 21:07:59 - [TEST_STEP][PASSED] - maximizeWindow(): Current window maximized

2023-07-17 21:07:59 - [MESSAGE][PASSED] - Current window maximized

2023-07-17 21:07:59 - [TEST_STEP][PASSED] - navigateToUrl(RADurl): Navigate to 'https://qa.velocitypayment.com/client/rad/index.html' successfully

2023-07-17 21:08:00 - [MESSAGE][PASSED] - Navigate to 'https://qa.velocitypayment.com/client/rad/index.html' successfully

2023-07-17 21:08:00 - [TEST_STEP][PASSED] - orPath_Landing = "Object Repository/RAD_Pages/Landing_Page": null

2023-07-17 21:08:00 - [TEST_STEP][PASSED] - orPath_TaxTypeFilingYear = "Object Repository/RAD_Pages/TaxTypeFilingYear_Page": null

2023-07-17 21:08:00 - [TEST_STEP][PASSED] - orPath_TaxPayer = "Object Repository/RAD_Pages/Taxpayer_Page": null

2023-07-17 21:08:00 - [TEST_STEP][PASSED] - orPath_AddressContact = "Object Repository/RAD_Pages/AddressAndContactInfo_Page": null

2023-07-17 21:08:00 - [TEST_STEP][PASSED] - orPath_TaxInfo = "Object Repository/RAD_Pages/TaxInfo_Page": null

2023-07-17 21:08:00 - [TEST_STEP][PASSED] - orPath_Withholding = "Object Repository/RAD_Pages/Withholding_Page": null

2023-07-17 21:08:00 - [TEST_STEP][PASSED] - orPath_FilingStatus = "Object Repository/RAD_Pages/FilingStatus_Page": null

2023-07-17 21:08:00 - [TEST_STEP][PASSED] - orPath_Amount = "Object Repository/RAD_Pages/PaymentAmount_Page": null

2023-07-17 21:08:00 - [TEST_STEP][PASSED] - orPath_SalesTaxReturnInfo = "Object Repository/RAD_Pages/SalesTaxReturnInfo_Page": null

2023-07-17 21:08:00 - [TEST_STEP][PASSED] - orPath_MDForm202 = "Object Repository/RAD_Pages/MarylandForm202_Page": null

2023-07-17 21:08:00 - [TEST_STEP][PASSED] - selectOptionByLabel(findTestObject(orPath_Landing + "/dd_TaxType"), "Sales and Use", false): All options with label 'Sales and Use' are selected in object 'Object Repository/RAD_Pages/Landing_Page/dd_TaxType' 

2023-07-17 21:08:01 - [MESSAGE][PASSED] - All options with label 'Sales and Use' are selected in object 'Object Repository/RAD_Pages/Landing_Page/dd_TaxType' 

2023-07-17 21:08:01 - [TEST_STEP][PASSED] - verifyElementPresent(findTestObject(orPath_MDForm202 + "/input__Line3"), 30): Object 'Object Repository/RAD_Pages/MarylandForm202_Page/input__Line3' is present

2023-07-17 21:08:02 - [MESSAGE][PASSED] - Object 'Object Repository/RAD_Pages/MarylandForm202_Page/input__Line3' is present

2023-07-17 21:08:02 - [TEST_STEP][PASSED] - verifyElementPresent(findTestObject(orPath_MDForm202 + "/input__Line4a"), 30): Object 'Object Repository/RAD_Pages/MarylandForm202_Page/input__Line4a' is present

2023-07-17 21:08:02 - [MESSAGE][PASSED] - Object 'Object Repository/RAD_Pages/MarylandForm202_Page/input__Line4a' is present

2023-07-17 21:08:02 - [TEST_STEP][PASSED] - verifyElementPresent(findTestObject(orPath_MDForm202 + "/input__Line5a"), 30): Object 'Object Repository/RAD_Pages/MarylandForm202_Page/input__Line5a' is present

2023-07-17 21:08:02 - [MESSAGE][PASSED] - Object 'Object Repository/RAD_Pages/MarylandForm202_Page/input__Line5a' is present

2023-07-17 21:08:02 - [TEST_STEP][PASSED] - verifyElementPresent(findTestObject(orPath_MDForm202 + "/input__Line6a"), 30): Object 'Object Repository/RAD_Pages/MarylandForm202_Page/input__Line6a' is present

2023-07-17 21:08:03 - [MESSAGE][PASSED] - Object 'Object Repository/RAD_Pages/MarylandForm202_Page/input__Line6a' is present

2023-07-17 21:08:03 - [TEST_STEP][PASSED] - verifyElementPresent(findTestObject(orPath_MDForm202 + "/input__Line8a"), 30): Object 'Object Repository/RAD_Pages/MarylandForm202_Page/input__Line8a' is present

2023-07-17 21:08:03 - [MESSAGE][PASSED] - Object 'Object Repository/RAD_Pages/MarylandForm202_Page/input__Line8a' is present

2023-07-17 21:08:03 - [TEST_STEP][PASSED] - verifyElementPresent(findTestObject(orPath_MDForm202 + "/input__Line12a"), 30): Object 'Object Repository/RAD_Pages/MarylandForm202_Page/input__Line12a' is present

2023-07-17 21:08:03 - [MESSAGE][PASSED] - Object 'Object Repository/RAD_Pages/MarylandForm202_Page/input__Line12a' is present

2023-07-17 21:08:03 - [TEST_STEP][PASSED] - verifyElementPresent(findTestObject(orPath_MDForm202 + "/input__Line13a"), 30): Object 'Object Repository/RAD_Pages/MarylandForm202_Page/input__Line13a' is present

2023-07-17 21:08:04 - [MESSAGE][PASSED] - Object 'Object Repository/RAD_Pages/MarylandForm202_Page/input__Line13a' is present

2023-07-17 21:08:04 - [TEST_STEP][PASSED] - verifyElementPresent(findTestObject(orPath_MDForm202 + "/input__Line13"), 30): Object 'Object Repository/RAD_Pages/MarylandForm202_Page/input__Line13' is present

2023-07-17 21:08:04 - [MESSAGE][PASSED] - Object 'Object Repository/RAD_Pages/MarylandForm202_Page/input__Line13' is present

2023-07-17 21:08:04 - [TEST_STEP][PASSED] - verifyElementPresent(findTestObject(orPath_MDForm202 + "/input__Line14"), 30): Object 'Object Repository/RAD_Pages/MarylandForm202_Page/input__Line14' is present

2023-07-17 21:08:04 - [MESSAGE][PASSED] - Object 'Object Repository/RAD_Pages/MarylandForm202_Page/input__Line14' is present

2023-07-17 21:08:04 - [TEST_STEP][PASSED] - verifyElementPresent(findTestObject(orPath_MDForm202 + "/input__Line15"), 30): Object 'Object Repository/RAD_Pages/MarylandForm202_Page/input__Line15' is present

2023-07-17 21:08:05 - [MESSAGE][PASSED] - Object 'Object Repository/RAD_Pages/MarylandForm202_Page/input__Line15' is present

2023-07-17 21:08:05 - [TEST_STEP][PASSED] - verifyElementPresent(findTestObject(orPath_MDForm202 + "/input__Line17a"), 30): Object 'Object Repository/RAD_Pages/MarylandForm202_Page/input__Line17a' is present

2023-07-17 21:08:05 - [MESSAGE][PASSED] - Object 'Object Repository/RAD_Pages/MarylandForm202_Page/input__Line17a' is present

2023-07-17 21:08:05 - [TEST_STEP][PASSED] - verifyElementPresent(findTestObject(orPath_MDForm202 + "/input__Line17b"), 30): Object 'Object Repository/RAD_Pages/MarylandForm202_Page/input__Line17b' is present

2023-07-17 21:08:05 - [MESSAGE][PASSED] - Object 'Object Repository/RAD_Pages/MarylandForm202_Page/input__Line17b' is present

2023-07-17 21:08:05 - [TEST_STEP][PASSED] - verifyElementPresent(findTestObject(orPath_MDForm202 + "/input__Line19a"), 30): Object 'Object Repository/RAD_Pages/MarylandForm202_Page/input__Line19a' is present

2023-07-17 21:08:06 - [MESSAGE][PASSED] - Object 'Object Repository/RAD_Pages/MarylandForm202_Page/input__Line19a' is present]]></system-out>
         <system-err><![CDATA[]]></system-err>
      </testcase>
      <testcase name="Test Cases/RAD_TestCases/UI_TestCases/ExistingLiability_UI_TC" time="21.15" classname="Test Cases/RAD_TestCases/UI_TestCases/ExistingLiability_UI_TC" status="PASSED">
         <system-out><![CDATA[2023-07-17 21:08:06 - [TEST_CASE][PASSED] - Test Cases/RAD_TestCases/UI_TestCases/ExistingLiability_UI_TC: Test Cases/RAD_TestCases/UI_TestCases/ExistingLiability_UI_TC

2023-07-17 21:08:06 - [TEST_STEP][PASSED] - openBrowser(""): Browser is opened with url: ''

2023-07-17 21:08:06 - [MESSAGE][WARNING] - A browser is already opened. Closing browser and opening a new one

2023-07-17 21:08:07 - [MESSAGE][INFO] - Starting 'Chrome' driver

2023-07-17 21:08:07 - [MESSAGE][INFO] - User set preference: ['acceptInsecureCerts', 'true']

2023-07-17 21:08:07 - [MESSAGE][INFO] - Action delay is set to 0 milliseconds

2023-07-17 21:08:08 - [MESSAGE][PASSED] - Browser is opened with url: ''

2023-07-17 21:08:08 - [TEST_STEP][PASSED] - maximizeWindow(): Current window maximized

2023-07-17 21:08:09 - [MESSAGE][PASSED] - Current window maximized

2023-07-17 21:08:09 - [TEST_STEP][PASSED] - navigateToUrl(RADurl): Navigate to 'https://qa.velocitypayment.com/client/rad/index.html' successfully

2023-07-17 21:08:10 - [MESSAGE][PASSED] - Navigate to 'https://qa.velocitypayment.com/client/rad/index.html' successfully

2023-07-17 21:08:10 - [TEST_STEP][PASSED] - orPath_Landing = "Object Repository/RAD_Pages/Landing_Page": null

2023-07-17 21:08:10 - [TEST_STEP][PASSED] - orPath_TaxTypeFilingYear = "Object Repository/RAD_Pages/TaxTypeFilingYear_Page": null

2023-07-17 21:08:10 - [TEST_STEP][PASSED] - orPath_TaxPayer = "Object Repository/RAD_Pages/Taxpayer_Page": null

2023-07-17 21:08:10 - [TEST_STEP][PASSED] - orPath_AddressContact = "Object Repository/RAD_Pages/AddressAndContactInfo_Page": null

2023-07-17 21:08:10 - [TEST_STEP][PASSED] - orPath_TaxInfo = "Object Repository/RAD_Pages/TaxInfo_Page": null

2023-07-17 21:08:10 - [TEST_STEP][PASSED] - orPath_Withholding = "Object Repository/RAD_Pages/Withholding_Page": null

2023-07-17 21:08:10 - [TEST_STEP][PASSED] - orPath_FilingStatus = "Object Repository/RAD_Pages/FilingStatus_Page": null

2023-07-17 21:08:10 - [TEST_STEP][PASSED] - orPath_Amount = "Object Repository/RAD_Pages/PaymentAmount_Page": null

2023-07-17 21:08:10 - [TEST_STEP][PASSED] - orPath_SalesTaxReturnInfo = "Object Repository/RAD_Pages/SalesTaxReturnInfo_Page": null

2023-07-17 21:08:10 - [TEST_STEP][PASSED] - selectOptionByLabel(findTestObject(orPath_Landing + "/dd_TaxType"), "Existing Liability", false): All options with label 'Existing Liability' are selected in object 'Object Repository/RAD_Pages/Landing_Page/dd_TaxType' 

2023-07-17 21:08:11 - [MESSAGE][PASSED] - All options with label 'Existing Liability' are selected in object 'Object Repository/RAD_Pages/Landing_Page/dd_TaxType' 

2023-07-17 21:08:11 - [TEST_STEP][PASSED] - verifyElementPresent(findTestObject(orPath_TaxTypeFilingYear + "/select_TaxType_ExistingLiability"), 30): Object 'Object Repository/RAD_Pages/TaxTypeFilingYear_Page/select_TaxType_ExistingLiability' is present

2023-07-17 21:08:11 - [MESSAGE][PASSED] - Object 'Object Repository/RAD_Pages/TaxTypeFilingYear_Page/select_TaxType_ExistingLiability' is present

2023-07-17 21:08:11 - [TEST_STEP][PASSED] - totalOptionsExistingLiability = getNumberOfTotalOption(findTestObject(orPath_TaxTypeFilingYear + "/select_TaxType_ExistingLiability")): 12 options of object 'Object Repository/RAD_Pages/TaxTypeFilingYear_Page/select_TaxType_ExistingLiability' counted

2023-07-17 21:08:12 - [MESSAGE][PASSED] - 12 options of object 'Object Repository/RAD_Pages/TaxTypeFilingYear_Page/select_TaxType_ExistingLiability' counted

2023-07-17 21:08:12 - [TEST_STEP][PASSED] - verifyEqual(totalOptionsExistingLiability, 12): Actual object '12' and expected object '12' are equal

2023-07-17 21:08:12 - [MESSAGE][PASSED] - Actual object '12' and expected object '12' are equal

2023-07-17 21:08:12 - [TEST_STEP][PASSED] - verifyOptionsPresent(findTestObject(orPath_TaxTypeFilingYear + "/select_TaxType_ExistingLiability"), ["Bay Restoration Fund Tax", "CORP Tax", "Fiduciary Tax"]): Options [Bay Restoration Fund Tax, CORP Tax, Fiduciary Tax] present.

2023-07-17 21:08:13 - [MESSAGE][PASSED] - Options [Bay Restoration Fund Tax, CORP Tax, Fiduciary Tax] present.

2023-07-17 21:08:13 - [TEST_STEP][PASSED] - verifyOptionsPresent(findTestObject(orPath_TaxTypeFilingYear + "/select_TaxType_ExistingLiability"), ["Personal Tax", "PTE Tax (Partnership)", "PTE Tax (LLC)"]): Options [Personal Tax, PTE Tax (Partnership), PTE Tax (LLC)] present.

2023-07-17 21:08:13 - [MESSAGE][PASSED] - Options [Personal Tax, PTE Tax (Partnership), PTE Tax (LLC)] present.

2023-07-17 21:08:13 - [TEST_STEP][PASSED] - verifyOptionsPresent(findTestObject(orPath_TaxTypeFilingYear + "/select_TaxType_ExistingLiability"), ["PTE Tax (SCorp)", "Sales & Use Tax"]): Options [PTE Tax (SCorp), Sales & Use Tax] present.

2023-07-17 21:08:14 - [MESSAGE][PASSED] - Options [PTE Tax (SCorp), Sales & Use Tax] present.

2023-07-17 21:08:14 - [TEST_STEP][PASSED] - verifyOptionsPresent(findTestObject(orPath_TaxTypeFilingYear + "/select_TaxType_ExistingLiability"), ["Withholding Tax", "Alcohol Tax"]): Options [Withholding Tax, Alcohol Tax] present.

2023-07-17 21:08:15 - [MESSAGE][PASSED] - Options [Withholding Tax, Alcohol Tax] present.

2023-07-17 21:08:15 - [TEST_STEP][PASSED] - verifyTextPresent("Tax Type/Filing Year", true): Text 'Tax Type/Filing Year' is present on page  using regular expression

2023-07-17 21:08:15 - [MESSAGE][PASSED] - Text 'Tax Type/Filing Year' is present on page  using regular expression

2023-07-17 21:08:15 - [TEST_STEP][PASSED] - verifyTextPresent("Taxpayer", true): Text 'Taxpayer' is present on page  using regular expression

2023-07-17 21:08:15 - [MESSAGE][PASSED] - Text 'Taxpayer' is present on page  using regular expression

2023-07-17 21:08:15 - [TEST_STEP][PASSED] - verifyTextPresent("Provide the following taxpayer information", true): Text 'Provide the following taxpayer information' is present on page  using regular expression

2023-07-17 21:08:16 - [MESSAGE][PASSED] - Text 'Provide the following taxpayer information' is present on page  using regular expression

2023-07-17 21:08:16 - [TEST_STEP][PASSED] - verifyTextPresent("Note: If you are paying on behalf of the Taxpayer, enter Taxpayer", true): Text 'Note: If you are paying on behalf of the Taxpayer, enter Taxpayer' is present on page  using regular expression

2023-07-17 21:08:16 - [MESSAGE][PASSED] - Text 'Note: If you are paying on behalf of the Taxpayer, enter Taxpayer' is present on page  using regular expression

2023-07-17 21:08:16 - [TEST_STEP][PASSED] - verifyTextPresent("information here. If you are making a payment for the Taxpayer, you will be required later to enter your own credit card, billing address and other pertinent information", true): Text 'information here. If you are making a payment for the Taxpayer, you will be required later to enter your own credit card, billing address and other pertinent information' is present on page  using regular expression

2023-07-17 21:08:16 - [MESSAGE][PASSED] - Text 'information here. If you are making a payment for the Taxpayer, you will be required later to enter your own credit card, billing address and other pertinent information' is present on page  using regular expression

2023-07-17 21:08:16 - [TEST_STEP][PASSED] - verifyTextPresent("Address and Contact Information", true): Text 'Address and Contact Information' is present on page  using regular expression

2023-07-17 21:08:17 - [MESSAGE][PASSED] - Text 'Address and Contact Information' is present on page  using regular expression

2023-07-17 21:08:17 - [TEST_STEP][PASSED] - verifyTextPresent("Enter the taxpayer", true): Text 'Enter the taxpayer' is present on page  using regular expression

2023-07-17 21:08:17 - [MESSAGE][PASSED] - Text 'Enter the taxpayer' is present on page  using regular expression

2023-07-17 21:08:17 - [TEST_STEP][PASSED] - verifyTextPresent("address and contact information", true): Text 'address and contact information' is present on page  using regular expression

2023-07-17 21:08:17 - [MESSAGE][PASSED] - Text 'address and contact information' is present on page  using regular expression

2023-07-17 21:08:17 - [TEST_STEP][PASSED] - verifyTextPresent("Tax Information", true): Text 'Tax Information' is present on page  using regular expression

2023-07-17 21:08:18 - [MESSAGE][PASSED] - Text 'Tax Information' is present on page  using regular expression

2023-07-17 21:08:18 - [TEST_STEP][PASSED] - verifyTextPresent("Payment Amount", true): Text 'Payment Amount' is present on page  using regular expression

2023-07-17 21:08:18 - [MESSAGE][PASSED] - Text 'Payment Amount' is present on page  using regular expression

2023-07-17 21:08:18 - [TEST_STEP][PASSED] - verifyTextPresent("Service Fee: This electronic government service includes a service/convenience fee. Click here for details", true): Text 'Service Fee: This electronic government service includes a service/convenience fee. Click here for details' is present on page  using regular expression

2023-07-17 21:08:19 - [MESSAGE][PASSED] - Text 'Service Fee: This electronic government service includes a service/convenience fee. Click here for details' is present on page  using regular expression

2023-07-17 21:08:19 - [TEST_STEP][PASSED] - verifyElementPresent(findTestObject(orPath_Amount + "/a_Click here for details"), 30): Object 'Object Repository/RAD_Pages/PaymentAmount_Page/a_Click here for details' is present

2023-07-17 21:08:19 - [MESSAGE][PASSED] - Object 'Object Repository/RAD_Pages/PaymentAmount_Page/a_Click here for details' is present

2023-07-17 21:08:19 - [TEST_STEP][PASSED] - verifyElementPresent(findTestObject(orPath_Landing + "/button_Continue"), 30): Object 'Object Repository/RAD_Pages/Landing_Page/button_Continue' is present

2023-07-17 21:08:19 - [MESSAGE][PASSED] - Object 'Object Repository/RAD_Pages/Landing_Page/button_Continue' is present

2023-07-17 21:08:19 - [TEST_STEP][PASSED] - verifyElementPresent(findTestObject(orPath_TaxPayer + "/input_firstName"), 30): Object 'Object Repository/RAD_Pages/Taxpayer_Page/input_firstName' is present

2023-07-17 21:08:20 - [MESSAGE][PASSED] - Object 'Object Repository/RAD_Pages/Taxpayer_Page/input_firstName' is present

2023-07-17 21:08:20 - [TEST_STEP][PASSED] - verifyElementPresent(findTestObject(orPath_TaxPayer + "/input_middleName"), 30): Object 'Object Repository/RAD_Pages/Taxpayer_Page/input_middleName' is present

2023-07-17 21:08:20 - [MESSAGE][PASSED] - Object 'Object Repository/RAD_Pages/Taxpayer_Page/input_middleName' is present

2023-07-17 21:08:20 - [TEST_STEP][PASSED] - verifyElementPresent(findTestObject(orPath_TaxPayer + "/input_lastName"), 30): Object 'Object Repository/RAD_Pages/Taxpayer_Page/input_lastName' is present

2023-07-17 21:08:20 - [MESSAGE][PASSED] - Object 'Object Repository/RAD_Pages/Taxpayer_Page/input_lastName' is present

2023-07-17 21:08:20 - [TEST_STEP][PASSED] - verifyElementPresent(findTestObject(orPath_TaxPayer + "/input_suffix"), 30): Object 'Object Repository/RAD_Pages/Taxpayer_Page/input_suffix' is present

2023-07-17 21:08:21 - [MESSAGE][PASSED] - Object 'Object Repository/RAD_Pages/Taxpayer_Page/input_suffix' is present

2023-07-17 21:08:21 - [TEST_STEP][PASSED] - verifyElementPresent(findTestObject(orPath_AddressContact + "/select_Country"), 30): Object 'Object Repository/RAD_Pages/AddressAndContactInfo_Page/select_Country' is present

2023-07-17 21:08:21 - [MESSAGE][PASSED] - Object 'Object Repository/RAD_Pages/AddressAndContactInfo_Page/select_Country' is present

2023-07-17 21:08:21 - [TEST_STEP][PASSED] - verifyElementPresent(findTestObject(orPath_AddressContact + "/input_streetAddress1"), 30): Object 'Object Repository/RAD_Pages/AddressAndContactInfo_Page/input_streetAddress1' is present

2023-07-17 21:08:21 - [MESSAGE][PASSED] - Object 'Object Repository/RAD_Pages/AddressAndContactInfo_Page/input_streetAddress1' is present

2023-07-17 21:08:21 - [TEST_STEP][PASSED] - verifyElementPresent(findTestObject(orPath_AddressContact + "/input_streetAddress2"), 30): Object 'Object Repository/RAD_Pages/AddressAndContactInfo_Page/input_streetAddress2' is present

2023-07-17 21:08:22 - [MESSAGE][PASSED] - Object 'Object Repository/RAD_Pages/AddressAndContactInfo_Page/input_streetAddress2' is present

2023-07-17 21:08:22 - [TEST_STEP][PASSED] - verifyElementPresent(findTestObject(orPath_AddressContact + "/input_city"), 30): Object 'Object Repository/RAD_Pages/AddressAndContactInfo_Page/input_city' is present

2023-07-17 21:08:22 - [MESSAGE][PASSED] - Object 'Object Repository/RAD_Pages/AddressAndContactInfo_Page/input_city' is present

2023-07-17 21:08:22 - [TEST_STEP][PASSED] - verifyElementPresent(findTestObject(orPath_AddressContact + "/select_State"), 30): Object 'Object Repository/RAD_Pages/AddressAndContactInfo_Page/select_State' is present

2023-07-17 21:08:22 - [MESSAGE][PASSED] - Object 'Object Repository/RAD_Pages/AddressAndContactInfo_Page/select_State' is present

2023-07-17 21:08:22 - [TEST_STEP][PASSED] - verifyElementPresent(findTestObject(orPath_AddressContact + "/input_zipCode"), 30): Object 'Object Repository/RAD_Pages/AddressAndContactInfo_Page/input_zipCode' is present

2023-07-17 21:08:23 - [MESSAGE][PASSED] - Object 'Object Repository/RAD_Pages/AddressAndContactInfo_Page/input_zipCode' is present

2023-07-17 21:08:23 - [TEST_STEP][PASSED] - verifyElementPresent(findTestObject(orPath_AddressContact + "/input_phoneNumber"), 30): Object 'Object Repository/RAD_Pages/AddressAndContactInfo_Page/input_phoneNumber' is present

2023-07-17 21:08:23 - [MESSAGE][PASSED] - Object 'Object Repository/RAD_Pages/AddressAndContactInfo_Page/input_phoneNumber' is present

2023-07-17 21:08:23 - [TEST_STEP][PASSED] - verifyElementPresent(findTestObject(orPath_AddressContact + "/input_eMailAddress"), 30): Object 'Object Repository/RAD_Pages/AddressAndContactInfo_Page/input_eMailAddress' is present

2023-07-17 21:08:23 - [MESSAGE][PASSED] - Object 'Object Repository/RAD_Pages/AddressAndContactInfo_Page/input_eMailAddress' is present

2023-07-17 21:08:23 - [TEST_STEP][PASSED] - verifyElementPresent(findTestObject(orPath_AddressContact + "/input_reEnterEMailAddress"), 30): Object 'Object Repository/RAD_Pages/AddressAndContactInfo_Page/input_reEnterEMailAddress' is present

2023-07-17 21:08:24 - [MESSAGE][PASSED] - Object 'Object Repository/RAD_Pages/AddressAndContactInfo_Page/input_reEnterEMailAddress' is present

2023-07-17 21:08:24 - [TEST_STEP][PASSED] - verifyOptionsPresent(findTestObject(orPath_AddressContact + "/select_Country"), ["United States"]): Options [United States] present.

2023-07-17 21:08:24 - [MESSAGE][PASSED] - Options [United States] present.

2023-07-17 21:08:24 - [TEST_STEP][PASSED] - verifyOptionsPresent(findTestObject(orPath_AddressContact + "/select_State"), ["Alabama", "District of Columbia", "Maryland", "Virginia", "Wyoming"]): Options [Alabama, District of Columbia, Maryland, Virginia, Wyoming] present.

2023-07-17 21:08:25 - [MESSAGE][PASSED] - Options [Alabama, District of Columbia, Maryland, Virginia, Wyoming] present.

2023-07-17 21:08:25 - [TEST_STEP][PASSED] - totalOptionsState = getNumberOfTotalOption(findTestObject(orPath_AddressContact + "/select_State")): 52 options of object 'Object Repository/RAD_Pages/AddressAndContactInfo_Page/select_State' counted

2023-07-17 21:08:26 - [MESSAGE][PASSED] - 52 options of object 'Object Repository/RAD_Pages/AddressAndContactInfo_Page/select_State' counted

2023-07-17 21:08:26 - [TEST_STEP][PASSED] - verifyEqual(totalOptionsState, 52): Actual object '52' and expected object '52' are equal

2023-07-17 21:08:26 - [MESSAGE][PASSED] - Actual object '52' and expected object '52' are equal

2023-07-17 21:08:26 - [TEST_STEP][PASSED] - verifyElementPresent(findTestObject(orPath_TaxInfo + "/input_NoticeInvoiceNumber"), 30): Object 'Object Repository/RAD_Pages/TaxInfo_Page/input_NoticeInvoiceNumber' is present

2023-07-17 21:08:26 - [MESSAGE][PASSED] - Object 'Object Repository/RAD_Pages/TaxInfo_Page/input_NoticeInvoiceNumber' is present

2023-07-17 21:08:26 - [TEST_STEP][PASSED] - verifyElementPresent(findTestObject(orPath_TaxInfo + "/input_reTypeNoticeInvoiceNumber"), 30): Object 'Object Repository/RAD_Pages/TaxInfo_Page/input_reTypeNoticeInvoiceNumber' is present

2023-07-17 21:08:26 - [MESSAGE][PASSED] - Object 'Object Repository/RAD_Pages/TaxInfo_Page/input_reTypeNoticeInvoiceNumber' is present

2023-07-17 21:08:26 - [TEST_STEP][PASSED] - verifyElementPresent(findTestObject(orPath_Amount + "/input__paymentAmount"), 30): Object 'Object Repository/RAD_Pages/PaymentAmount_Page/input__paymentAmount' is present

2023-07-17 21:08:27 - [MESSAGE][PASSED] - Object 'Object Repository/RAD_Pages/PaymentAmount_Page/input__paymentAmount' is present]]></system-out>
         <system-err><![CDATA[]]></system-err>
      </testcase>
      <testcase name="Test Cases/RAD_TestCases/UI_TestCases/VerifyServiceFeeVerbiage_UI_TC" time="53.269" classname="Test Cases/RAD_TestCases/UI_TestCases/VerifyServiceFeeVerbiage_UI_TC" status="FAILED">
         <failure type="FAILED" message="Test Cases/RAD_TestCases/UI_TestCases/VerifyServiceFeeVerbiage_UI_TC FAILED.
Reason:
com.kms.katalon.core.exception.StepFailedException: Actual text 'This electronic government service includes a 2.45% service/convenience fee, with a $1.00 minimum, for payments processed through this application. This fee is assessed by Govolution, LLC and will post as a separate transaction. Accepted credit cards include Visa, Mastercard, Discover, and American Express.' and expected text 'This electronic government service includes a 2.45% service/convenience fee, with a $1.00 minimum, for payments processed through this application. This fee is assessed by Govolution, LLC and will post as a separate transaction. Accepted credit cards include Visa, Mastercard, and Discover.' of test object 'Object Repository/RAD_Pages/Landing_Page/div_ServiceFeesVerbiage' are NOT matched. (Root cause: com.kms.katalon.core.exception.StepFailedException: Actual text 'This electronic government service includes a 2.45% service/convenience fee, with a $1.00 minimum, for payments processed through this application. This fee is assessed by Govolution, LLC and will post as a separate transaction. Accepted credit cards include Visa, Mastercard, Discover, and American Express.' and expected text 'This electronic government service includes a 2.45% service/convenience fee, with a $1.00 minimum, for payments processed through this application. This fee is assessed by Govolution, LLC and will post as a separate transaction. Accepted credit cards include Visa, Mastercard, and Discover.' of test object 'Object Repository/RAD_Pages/Landing_Page/div_ServiceFeesVerbiage' are NOT matched.
	at com.kms.katalon.core.webui.keyword.internal.WebUIKeywordMain.stepFailed(WebUIKeywordMain.groovy:64)
	at com.kms.katalon.core.webui.keyword.builtin.VerifyElementTextKeyword$_verifyElementText_closure1.doCall(VerifyElementTextKeyword.groovy:57)
	at com.kms.katalon.core.webui.keyword.builtin.VerifyElementTextKeyword$_verifyElementText_closure1.call(VerifyElementTextKeyword.groovy)
	at com.kms.katalon.core.webui.keyword.internal.WebUIKeywordMain.runKeyword(WebUIKeywordMain.groovy:20)
	at com.kms.katalon.core.webui.keyword.builtin.VerifyElementTextKeyword.verifyElementText(VerifyElementTextKeyword.groovy:72)
	at com.kms.katalon.core.webui.keyword.builtin.VerifyElementTextKeyword.execute(VerifyElementTextKeyword.groovy:40)
	at com.kms.katalon.core.keyword.internal.KeywordExecutor.executeKeywordForPlatform(KeywordExecutor.groovy:74)
	at com.kms.katalon.core.webui.keyword.WebUiBuiltInKeywords.verifyElementText(WebUiBuiltInKeywords.groovy:4749)
	at com.kms.katalon.core.webui.keyword.WebUiBuiltInKeywords$verifyElementText$15.call(Unknown Source)
	at VerifyServiceFeeVerbiage_UI_TC.run(VerifyServiceFeeVerbiage_UI_TC:65)
	at com.kms.katalon.core.main.ScriptEngine.run(ScriptEngine.java:194)
	at com.kms.katalon.core.main.ScriptEngine.runScriptAsRawText(ScriptEngine.java:119)
	at com.kms.katalon.core.main.TestCaseExecutor.runScript(TestCaseExecutor.java:442)
	at com.kms.katalon.core.main.TestCaseExecutor.doExecute(TestCaseExecutor.java:433)
	at com.kms.katalon.core.main.TestCaseExecutor.processExecutionPhase(TestCaseExecutor.java:412)
	at com.kms.katalon.core.main.TestCaseExecutor.accessMainPhase(TestCaseExecutor.java:404)
	at com.kms.katalon.core.main.TestCaseExecutor.execute(TestCaseExecutor.java:281)
	at com.kms.katalon.core.main.TestSuiteExecutor.accessTestCaseMainPhase(TestSuiteExecutor.java:202)
	at com.kms.katalon.core.main.TestSuiteExecutor.accessTestSuiteMainPhase(TestSuiteExecutor.java:164)
	at com.kms.katalon.core.main.TestSuiteExecutor.execute(TestSuiteExecutor.java:105)
	at com.kms.katalon.core.main.TestCaseMain.startTestSuite(TestCaseMain.java:185)
	at com.kms.katalon.core.main.TestCaseMain$startTestSuite$0.call(Unknown Source)
	at TempTestSuite1689642297796.run(TempTestSuite1689642297796.groovy:36)
)
	at com.kms.katalon.core.keyword.internal.KeywordMain.stepFailed(KeywordMain.groovy:39)
	at com.kms.katalon.core.webui.keyword.internal.WebUIKeywordMain.stepFailed(WebUIKeywordMain.groovy:64)
	at com.kms.katalon.core.webui.keyword.builtin.VerifyElementTextKeyword$_verifyElementText_closure1.doCall(VerifyElementTextKeyword.groovy:57)
	at com.kms.katalon.core.webui.keyword.builtin.VerifyElementTextKeyword$_verifyElementText_closure1.call(VerifyElementTextKeyword.groovy)
	at com.kms.katalon.core.webui.keyword.internal.WebUIKeywordMain.runKeyword(WebUIKeywordMain.groovy:20)
	at com.kms.katalon.core.webui.keyword.builtin.VerifyElementTextKeyword.verifyElementText(VerifyElementTextKeyword.groovy:72)
	at com.kms.katalon.core.webui.keyword.builtin.VerifyElementTextKeyword.execute(VerifyElementTextKeyword.groovy:40)
	at com.kms.katalon.core.keyword.internal.KeywordExecutor.executeKeywordForPlatform(KeywordExecutor.groovy:74)
	at com.kms.katalon.core.webui.keyword.WebUiBuiltInKeywords.verifyElementText(WebUiBuiltInKeywords.groovy:4749)
	at com.kms.katalon.core.webui.keyword.WebUiBuiltInKeywords$verifyElementText$15.call(Unknown Source)
	at VerifyServiceFeeVerbiage_UI_TC.run(VerifyServiceFeeVerbiage_UI_TC:65)
	at com.kms.katalon.core.main.ScriptEngine.run(ScriptEngine.java:194)
	at com.kms.katalon.core.main.ScriptEngine.runScriptAsRawText(ScriptEngine.java:119)
	at com.kms.katalon.core.main.TestCaseExecutor.runScript(TestCaseExecutor.java:442)
	at com.kms.katalon.core.main.TestCaseExecutor.doExecute(TestCaseExecutor.java:433)
	at com.kms.katalon.core.main.TestCaseExecutor.processExecutionPhase(TestCaseExecutor.java:412)
	at com.kms.katalon.core.main.TestCaseExecutor.accessMainPhase(TestCaseExecutor.java:404)
	at com.kms.katalon.core.main.TestCaseExecutor.execute(TestCaseExecutor.java:281)
	at com.kms.katalon.core.main.TestSuiteExecutor.accessTestCaseMainPhase(TestSuiteExecutor.java:202)
	at com.kms.katalon.core.main.TestSuiteExecutor.accessTestSuiteMainPhase(TestSuiteExecutor.java:164)
	at com.kms.katalon.core.main.TestSuiteExecutor.execute(TestSuiteExecutor.java:105)
	at com.kms.katalon.core.main.TestCaseMain.startTestSuite(TestCaseMain.java:185)
	at com.kms.katalon.core.main.TestCaseMain$startTestSuite$0.call(Unknown Source)
	at TempTestSuite1689642297796.run(TempTestSuite1689642297796.groovy:36)
Caused by: com.kms.katalon.core.exception.StepFailedException: Actual text 'This electronic government service includes a 2.45% service/convenience fee, with a $1.00 minimum, for payments processed through this application. This fee is assessed by Govolution, LLC and will post as a separate transaction. Accepted credit cards include Visa, Mastercard, Discover, and American Express.' and expected text 'This electronic government service includes a 2.45% service/convenience fee, with a $1.00 minimum, for payments processed through this application. This fee is assessed by Govolution, LLC and will post as a separate transaction. Accepted credit cards include Visa, Mastercard, and Discover.' of test object 'Object Repository/RAD_Pages/Landing_Page/div_ServiceFeesVerbiage' are NOT matched.
	... 23 more
"/>
         <system-out><![CDATA[2023-07-17 21:08:27 - [TEST_CASE][FAILED] - Test Cases/RAD_TestCases/UI_TestCases/VerifyServiceFeeVerbiage_UI_TC: Test Cases/RAD_TestCases/UI_TestCases/VerifyServiceFeeVerbiage_UI_TC FAILED.
Reason:
com.kms.katalon.core.exception.StepFailedException: Actual text 'This electronic government service includes a 2.45% service/convenience fee, with a $1.00 minimum, for payments processed through this application. This fee is assessed by Govolution, LLC and will post as a separate transaction. Accepted credit cards include Visa, Mastercard, Discover, and American Express.' and expected text 'This electronic government service includes a 2.45% service/convenience fee, with a $1.00 minimum, for payments processed through this application. This fee is assessed by Govolution, LLC and will post as a separate transaction. Accepted credit cards include Visa, Mastercard, and Discover.' of test object 'Object Repository/RAD_Pages/Landing_Page/div_ServiceFeesVerbiage' are NOT matched. (Root cause: com.kms.katalon.core.exception.StepFailedException: Actual text 'This electronic government service includes a 2.45% service/convenience fee, with a $1.00 minimum, for payments processed through this application. This fee is assessed by Govolution, LLC and will post as a separate transaction. Accepted credit cards include Visa, Mastercard, Discover, and American Express.' and expected text 'This electronic government service includes a 2.45% service/convenience fee, with a $1.00 minimum, for payments processed through this application. This fee is assessed by Govolution, LLC and will post as a separate transaction. Accepted credit cards include Visa, Mastercard, and Discover.' of test object 'Object Repository/RAD_Pages/Landing_Page/div_ServiceFeesVerbiage' are NOT matched.
	at com.kms.katalon.core.webui.keyword.internal.WebUIKeywordMain.stepFailed(WebUIKeywordMain.groovy:64)
	at com.kms.katalon.core.webui.keyword.builtin.VerifyElementTextKeyword$_verifyElementText_closure1.doCall(VerifyElementTextKeyword.groovy:57)
	at com.kms.katalon.core.webui.keyword.builtin.VerifyElementTextKeyword$_verifyElementText_closure1.call(VerifyElementTextKeyword.groovy)
	at com.kms.katalon.core.webui.keyword.internal.WebUIKeywordMain.runKeyword(WebUIKeywordMain.groovy:20)
	at com.kms.katalon.core.webui.keyword.builtin.VerifyElementTextKeyword.verifyElementText(VerifyElementTextKeyword.groovy:72)
	at com.kms.katalon.core.webui.keyword.builtin.VerifyElementTextKeyword.execute(VerifyElementTextKeyword.groovy:40)
	at com.kms.katalon.core.keyword.internal.KeywordExecutor.executeKeywordForPlatform(KeywordExecutor.groovy:74)
	at com.kms.katalon.core.webui.keyword.WebUiBuiltInKeywords.verifyElementText(WebUiBuiltInKeywords.groovy:4749)
	at com.kms.katalon.core.webui.keyword.WebUiBuiltInKeywords$verifyElementText$15.call(Unknown Source)
	at VerifyServiceFeeVerbiage_UI_TC.run(VerifyServiceFeeVerbiage_UI_TC:65)
	at com.kms.katalon.core.main.ScriptEngine.run(ScriptEngine.java:194)
	at com.kms.katalon.core.main.ScriptEngine.runScriptAsRawText(ScriptEngine.java:119)
	at com.kms.katalon.core.main.TestCaseExecutor.runScript(TestCaseExecutor.java:442)
	at com.kms.katalon.core.main.TestCaseExecutor.doExecute(TestCaseExecutor.java:433)
	at com.kms.katalon.core.main.TestCaseExecutor.processExecutionPhase(TestCaseExecutor.java:412)
	at com.kms.katalon.core.main.TestCaseExecutor.accessMainPhase(TestCaseExecutor.java:404)
	at com.kms.katalon.core.main.TestCaseExecutor.execute(TestCaseExecutor.java:281)
	at com.kms.katalon.core.main.TestSuiteExecutor.accessTestCaseMainPhase(TestSuiteExecutor.java:202)
	at com.kms.katalon.core.main.TestSuiteExecutor.accessTestSuiteMainPhase(TestSuiteExecutor.java:164)
	at com.kms.katalon.core.main.TestSuiteExecutor.execute(TestSuiteExecutor.java:105)
	at com.kms.katalon.core.main.TestCaseMain.startTestSuite(TestCaseMain.java:185)
	at com.kms.katalon.core.main.TestCaseMain$startTestSuite$0.call(Unknown Source)
	at TempTestSuite1689642297796.run(TempTestSuite1689642297796.groovy:36)
)
	at com.kms.katalon.core.keyword.internal.KeywordMain.stepFailed(KeywordMain.groovy:39)
	at com.kms.katalon.core.webui.keyword.internal.WebUIKeywordMain.stepFailed(WebUIKeywordMain.groovy:64)
	at com.kms.katalon.core.webui.keyword.builtin.VerifyElementTextKeyword$_verifyElementText_closure1.doCall(VerifyElementTextKeyword.groovy:57)
	at com.kms.katalon.core.webui.keyword.builtin.VerifyElementTextKeyword$_verifyElementText_closure1.call(VerifyElementTextKeyword.groovy)
	at com.kms.katalon.core.webui.keyword.internal.WebUIKeywordMain.runKeyword(WebUIKeywordMain.groovy:20)
	at com.kms.katalon.core.webui.keyword.builtin.VerifyElementTextKeyword.verifyElementText(VerifyElementTextKeyword.groovy:72)
	at com.kms.katalon.core.webui.keyword.builtin.VerifyElementTextKeyword.execute(VerifyElementTextKeyword.groovy:40)
	at com.kms.katalon.core.keyword.internal.KeywordExecutor.executeKeywordForPlatform(KeywordExecutor.groovy:74)
	at com.kms.katalon.core.webui.keyword.WebUiBuiltInKeywords.verifyElementText(WebUiBuiltInKeywords.groovy:4749)
	at com.kms.katalon.core.webui.keyword.WebUiBuiltInKeywords$verifyElementText$15.call(Unknown Source)
	at VerifyServiceFeeVerbiage_UI_TC.run(VerifyServiceFeeVerbiage_UI_TC:65)
	at com.kms.katalon.core.main.ScriptEngine.run(ScriptEngine.java:194)
	at com.kms.katalon.core.main.ScriptEngine.runScriptAsRawText(ScriptEngine.java:119)
	at com.kms.katalon.core.main.TestCaseExecutor.runScript(TestCaseExecutor.java:442)
	at com.kms.katalon.core.main.TestCaseExecutor.doExecute(TestCaseExecutor.java:433)
	at com.kms.katalon.core.main.TestCaseExecutor.processExecutionPhase(TestCaseExecutor.java:412)
	at com.kms.katalon.core.main.TestCaseExecutor.accessMainPhase(TestCaseExecutor.java:404)
	at com.kms.katalon.core.main.TestCaseExecutor.execute(TestCaseExecutor.java:281)
	at com.kms.katalon.core.main.TestSuiteExecutor.accessTestCaseMainPhase(TestSuiteExecutor.java:202)
	at com.kms.katalon.core.main.TestSuiteExecutor.accessTestSuiteMainPhase(TestSuiteExecutor.java:164)
	at com.kms.katalon.core.main.TestSuiteExecutor.execute(TestSuiteExecutor.java:105)
	at com.kms.katalon.core.main.TestCaseMain.startTestSuite(TestCaseMain.java:185)
	at com.kms.katalon.core.main.TestCaseMain$startTestSuite$0.call(Unknown Source)
	at TempTestSuite1689642297796.run(TempTestSuite1689642297796.groovy:36)
Caused by: com.kms.katalon.core.exception.StepFailedException: Actual text 'This electronic government service includes a 2.45% service/convenience fee, with a $1.00 minimum, for payments processed through this application. This fee is assessed by Govolution, LLC and will post as a separate transaction. Accepted credit cards include Visa, Mastercard, Discover, and American Express.' and expected text 'This electronic government service includes a 2.45% service/convenience fee, with a $1.00 minimum, for payments processed through this application. This fee is assessed by Govolution, LLC and will post as a separate transaction. Accepted credit cards include Visa, Mastercard, and Discover.' of test object 'Object Repository/RAD_Pages/Landing_Page/div_ServiceFeesVerbiage' are NOT matched.
	... 23 more


2023-07-17 21:08:27 - [TEST_STEP][PASSED] - taxTypeDropList = ["Estimated Tax", "Personal Income Tax", "Extension Payments", "Existing Liability", "Sales and Use", "Withholding Tax"]: null

2023-07-17 21:08:27 - [TEST_STEP][PASSED] - listSize = taxTypeDropList.size(): null

2023-07-17 21:08:27 - [TEST_STEP][PASSED] - println(listSize): null

2023-07-17 21:08:27 - [TEST_STEP][PASSED] - executionProfile = getExecutionProfile(): null

2023-07-17 21:08:27 - [TEST_STEP][FAILED] - for ([i = 0, i < listSize, (i++)]): null

2023-07-17 21:08:27 - [TEST_STEP][PASSED] - openBrowser(""): Browser is opened with url: ''

2023-07-17 21:08:27 - [MESSAGE][WARNING] - A browser is already opened. Closing browser and opening a new one

2023-07-17 21:08:28 - [MESSAGE][INFO] - Starting 'Chrome' driver

2023-07-17 21:08:28 - [MESSAGE][INFO] - User set preference: ['acceptInsecureCerts', 'true']

2023-07-17 21:08:28 - [MESSAGE][INFO] - Action delay is set to 0 milliseconds

2023-07-17 21:08:30 - [MESSAGE][PASSED] - Browser is opened with url: ''

2023-07-17 21:08:30 - [TEST_STEP][PASSED] - maximizeWindow(): Current window maximized

2023-07-17 21:08:30 - [MESSAGE][PASSED] - Current window maximized

2023-07-17 21:08:30 - [TEST_STEP][PASSED] - navigateToUrl(RADurl): Navigate to 'https://qa.velocitypayment.com/client/rad/index.html' successfully

2023-07-17 21:08:31 - [MESSAGE][PASSED] - Navigate to 'https://qa.velocitypayment.com/client/rad/index.html' successfully

2023-07-17 21:08:31 - [TEST_STEP][PASSED] - orPath_Landing = "Object Repository/RAD_Pages/Landing_Page": null

2023-07-17 21:08:31 - [TEST_STEP][PASSED] - orPath = "Object Repository/RAD_Pages/Landing_Page": null

2023-07-17 21:08:31 - [TEST_STEP][PASSED] - orPath_Amount = "Object Repository/RAD_Pages/PaymentAmount_Page": null

2023-07-17 21:08:31 - [TEST_STEP][PASSED] - selectOptionByLabel(findTestObject(orPath_Landing + "/dd_TaxType"), taxTypeDropList[i], false): All options with label 'Estimated Tax' are selected in object 'Object Repository/RAD_Pages/Landing_Page/dd_TaxType' 

2023-07-17 21:08:32 - [MESSAGE][PASSED] - All options with label 'Estimated Tax' are selected in object 'Object Repository/RAD_Pages/Landing_Page/dd_TaxType' 

2023-07-17 21:08:32 - [TEST_STEP][PASSED] - delay(1): Delayed 1 second(s)

2023-07-17 21:08:33 - [MESSAGE][PASSED] - Delayed 1 second(s)

2023-07-17 21:08:33 - [TEST_STEP][PASSED] - setText(findTestObject(orPath_Amount + "/input__paymentAmount"), ""): Text '' is set on object 'Object Repository/RAD_Pages/PaymentAmount_Page/input__paymentAmount'

2023-07-17 21:08:34 - [MESSAGE][PASSED] - Text '' is set on object 'Object Repository/RAD_Pages/PaymentAmount_Page/input__paymentAmount'

2023-07-17 21:08:34 - [TEST_STEP][PASSED] - click(findTestObject(orPath_Landing + "/a_Click here for details")): Object: 'Object Repository/RAD_Pages/Landing_Page/a_Click here for details' is clicked on

2023-07-17 21:08:34 - [MESSAGE][PASSED] - Object: 'Object Repository/RAD_Pages/Landing_Page/a_Click here for details' is clicked on

2023-07-17 21:08:34 - [TEST_STEP][PASSED] - cfVerbiageQA = "This electronic government service includes a 2.45% service/convenience fee, with a $1.00 minimum, for payments processed through this application. This fee is assessed by Govolution, LLC and will post as a separate transaction. Accepted credit cards include Visa, Mastercard, and Discover.": null

2023-07-17 21:08:34 - [TEST_STEP][PASSED] - cfVerbiageDemo = "This electronic government service includes a 2.45% service/convenience fee, with a $1.00 minimum, for payments processed through this application. This fee is assessed by Govolution, LLC and will post as a separate transaction. Accepted credit cards include Visa, MasterCard, and Discover.": null

2023-07-17 21:08:34 - [TEST_STEP][FAILED] - switch (executionProfile): null

2023-07-17 21:08:34 - [TEST_STEP][FAILED] - case "QAProfile":: null

2023-07-17 21:08:34 - [TEST_STEP][FAILED] - verifyElementText(findTestObject(orPath_Landing + "/div_ServiceFeesVerbiage"), cfVerbiageQA): Actual text 'This electronic government service includes a 2.45% service/convenience fee, with a $1.00 minimum, for payments processed through this application. This fee is assessed by Govolution, LLC and will post as a separate transaction. Accepted credit cards include Visa, Mastercard, Discover, and American Express.' and expected text 'This electronic government service includes a 2.45% service/convenience fee, with a $1.00 minimum, for payments processed through this application. This fee is assessed by Govolution, LLC and will post as a separate transaction. Accepted credit cards include Visa, Mastercard, and Discover.' of test object 'Object Repository/RAD_Pages/Landing_Page/div_ServiceFeesVerbiage' are NOT matched. (Root cause: com.kms.katalon.core.exception.StepFailedException: Actual text 'This electronic government service includes a 2.45% service/convenience fee, with a $1.00 minimum, for payments processed through this application. This fee is assessed by Govolution, LLC and will post as a separate transaction. Accepted credit cards include Visa, Mastercard, Discover, and American Express.' and expected text 'This electronic government service includes a 2.45% service/convenience fee, with a $1.00 minimum, for payments processed through this application. This fee is assessed by Govolution, LLC and will post as a separate transaction. Accepted credit cards include Visa, Mastercard, and Discover.' of test object 'Object Repository/RAD_Pages/Landing_Page/div_ServiceFeesVerbiage' are NOT matched.
	at com.kms.katalon.core.webui.keyword.internal.WebUIKeywordMain.stepFailed(WebUIKeywordMain.groovy:64)
	at com.kms.katalon.core.webui.keyword.builtin.VerifyElementTextKeyword$_verifyElementText_closure1.doCall(VerifyElementTextKeyword.groovy:57)
	at com.kms.katalon.core.webui.keyword.builtin.VerifyElementTextKeyword$_verifyElementText_closure1.call(VerifyElementTextKeyword.groovy)
	at com.kms.katalon.core.webui.keyword.internal.WebUIKeywordMain.runKeyword(WebUIKeywordMain.groovy:20)
	at com.kms.katalon.core.webui.keyword.builtin.VerifyElementTextKeyword.verifyElementText(VerifyElementTextKeyword.groovy:72)
	at com.kms.katalon.core.webui.keyword.builtin.VerifyElementTextKeyword.execute(VerifyElementTextKeyword.groovy:40)
	at com.kms.katalon.core.keyword.internal.KeywordExecutor.executeKeywordForPlatform(KeywordExecutor.groovy:74)
	at com.kms.katalon.core.webui.keyword.WebUiBuiltInKeywords.verifyElementText(WebUiBuiltInKeywords.groovy:4749)
	at com.kms.katalon.core.webui.keyword.WebUiBuiltInKeywords$verifyElementText$15.call(Unknown Source)
	at VerifyServiceFeeVerbiage_UI_TC.run(VerifyServiceFeeVerbiage_UI_TC:65)
	at com.kms.katalon.core.main.ScriptEngine.run(ScriptEngine.java:194)
	at com.kms.katalon.core.main.ScriptEngine.runScriptAsRawText(ScriptEngine.java:119)
	at com.kms.katalon.core.main.TestCaseExecutor.runScript(TestCaseExecutor.java:442)
	at com.kms.katalon.core.main.TestCaseExecutor.doExecute(TestCaseExecutor.java:433)
	at com.kms.katalon.core.main.TestCaseExecutor.processExecutionPhase(TestCaseExecutor.java:412)
	at com.kms.katalon.core.main.TestCaseExecutor.accessMainPhase(TestCaseExecutor.java:404)
	at com.kms.katalon.core.main.TestCaseExecutor.execute(TestCaseExecutor.java:281)
	at com.kms.katalon.core.main.TestSuiteExecutor.accessTestCaseMainPhase(TestSuiteExecutor.java:202)
	at com.kms.katalon.core.main.TestSuiteExecutor.accessTestSuiteMainPhase(TestSuiteExecutor.java:164)
	at com.kms.katalon.core.main.TestSuiteExecutor.execute(TestSuiteExecutor.java:105)
	at com.kms.katalon.core.main.TestCaseMain.startTestSuite(TestCaseMain.java:185)
	at com.kms.katalon.core.main.TestCaseMain$startTestSuite$0.call(Unknown Source)
	at TempTestSuite1689642297796.run(TempTestSuite1689642297796.groovy:36)
)

2023-07-17 21:08:35 - [MESSAGE][FAILED] - Actual text 'This electronic government service includes a 2.45% service/convenience fee, with a $1.00 minimum, for payments processed through this application. This fee is assessed by Govolution, LLC and will post as a separate transaction. Accepted credit cards include Visa, Mastercard, Discover, and American Express.' and expected text 'This electronic government service includes a 2.45% service/convenience fee, with a $1.00 minimum, for payments processed through this application. This fee is assessed by Govolution, LLC and will post as a separate transaction. Accepted credit cards include Visa, Mastercard, and Discover.' of test object 'Object Repository/RAD_Pages/Landing_Page/div_ServiceFeesVerbiage' are NOT matched. (Root cause: com.kms.katalon.core.exception.StepFailedException: Actual text 'This electronic government service includes a 2.45% service/convenience fee, with a $1.00 minimum, for payments processed through this application. This fee is assessed by Govolution, LLC and will post as a separate transaction. Accepted credit cards include Visa, Mastercard, Discover, and American Express.' and expected text 'This electronic government service includes a 2.45% service/convenience fee, with a $1.00 minimum, for payments processed through this application. This fee is assessed by Govolution, LLC and will post as a separate transaction. Accepted credit cards include Visa, Mastercard, and Discover.' of test object 'Object Repository/RAD_Pages/Landing_Page/div_ServiceFeesVerbiage' are NOT matched.
	at com.kms.katalon.core.webui.keyword.internal.WebUIKeywordMain.stepFailed(WebUIKeywordMain.groovy:64)
	at com.kms.katalon.core.webui.keyword.builtin.VerifyElementTextKeyword$_verifyElementText_closure1.doCall(VerifyElementTextKeyword.groovy:57)
	at com.kms.katalon.core.webui.keyword.builtin.VerifyElementTextKeyword$_verifyElementText_closure1.call(VerifyElementTextKeyword.groovy)
	at com.kms.katalon.core.webui.keyword.internal.WebUIKeywordMain.runKeyword(WebUIKeywordMain.groovy:20)
	at com.kms.katalon.core.webui.keyword.builtin.VerifyElementTextKeyword.verifyElementText(VerifyElementTextKeyword.groovy:72)
	at com.kms.katalon.core.webui.keyword.builtin.VerifyElementTextKeyword.execute(VerifyElementTextKeyword.groovy:40)
	at com.kms.katalon.core.keyword.internal.KeywordExecutor.executeKeywordForPlatform(KeywordExecutor.groovy:74)
	at com.kms.katalon.core.webui.keyword.WebUiBuiltInKeywords.verifyElementText(WebUiBuiltInKeywords.groovy:4749)
	at com.kms.katalon.core.webui.keyword.WebUiBuiltInKeywords$verifyElementText$15.call(Unknown Source)
	at VerifyServiceFeeVerbiage_UI_TC.run(VerifyServiceFeeVerbiage_UI_TC:65)
	at com.kms.katalon.core.main.ScriptEngine.run(ScriptEngine.java:194)
	at com.kms.katalon.core.main.ScriptEngine.runScriptAsRawText(ScriptEngine.java:119)
	at com.kms.katalon.core.main.TestCaseExecutor.runScript(TestCaseExecutor.java:442)
	at com.kms.katalon.core.main.TestCaseExecutor.doExecute(TestCaseExecutor.java:433)
	at com.kms.katalon.core.main.TestCaseExecutor.processExecutionPhase(TestCaseExecutor.java:412)
	at com.kms.katalon.core.main.TestCaseExecutor.accessMainPhase(TestCaseExecutor.java:404)
	at com.kms.katalon.core.main.TestCaseExecutor.execute(TestCaseExecutor.java:281)
	at com.kms.katalon.core.main.TestSuiteExecutor.accessTestCaseMainPhase(TestSuiteExecutor.java:202)
	at com.kms.katalon.core.main.TestSuiteExecutor.accessTestSuiteMainPhase(TestSuiteExecutor.java:164)
	at com.kms.katalon.core.main.TestSuiteExecutor.execute(TestSuiteExecutor.java:105)
	at com.kms.katalon.core.main.TestCaseMain.startTestSuite(TestCaseMain.java:185)
	at com.kms.katalon.core.main.TestCaseMain$startTestSuite$0.call(Unknown Source)
	at TempTestSuite1689642297796.run(TempTestSuite1689642297796.groovy:36)
)
[[ATTACHMENT|E:\\Cloned-Project-Katalon\\VPS-Katalon\\Reports\\20230717_210457\\RAD_TestSuite\\RAD_UI_TestSuite\\20230717_210457\\1689642515190.png]]

2023-07-17 21:08:35 - [TEST_STEP][PASSED] - break: null

2023-07-17 21:08:35 - [TEST_STEP][PASSED] - verifyElementPresent(findTestObject(orPath_Landing + "/button_Close"), 30): Object 'Object Repository/RAD_Pages/Landing_Page/button_Close' is present

2023-07-17 21:08:35 - [MESSAGE][PASSED] - Object 'Object Repository/RAD_Pages/Landing_Page/button_Close' is present

2023-07-17 21:08:35 - [TEST_STEP][PASSED] - click(findTestObject(orPath_Landing + "/button_Close")): Object: 'Object Repository/RAD_Pages/Landing_Page/button_Close' is clicked on

2023-07-17 21:08:36 - [MESSAGE][PASSED] - Object: 'Object Repository/RAD_Pages/Landing_Page/button_Close' is clicked on

2023-07-17 21:08:36 - [TEST_STEP][PASSED] - openBrowser(""): Browser is opened with url: ''

2023-07-17 21:08:36 - [MESSAGE][WARNING] - A browser is already opened. Closing browser and opening a new one

2023-07-17 21:08:37 - [MESSAGE][INFO] - Starting 'Chrome' driver

2023-07-17 21:08:37 - [MESSAGE][INFO] - User set preference: ['acceptInsecureCerts', 'true']

2023-07-17 21:08:37 - [MESSAGE][INFO] - Action delay is set to 0 milliseconds

2023-07-17 21:08:38 - [MESSAGE][PASSED] - Browser is opened with url: ''

2023-07-17 21:08:38 - [TEST_STEP][PASSED] - maximizeWindow(): Current window maximized

2023-07-17 21:08:38 - [MESSAGE][PASSED] - Current window maximized

2023-07-17 21:08:38 - [TEST_STEP][PASSED] - navigateToUrl(RADurl): Navigate to 'https://qa.velocitypayment.com/client/rad/index.html' successfully

2023-07-17 21:08:40 - [MESSAGE][PASSED] - Navigate to 'https://qa.velocitypayment.com/client/rad/index.html' successfully

2023-07-17 21:08:40 - [TEST_STEP][PASSED] - orPath_Landing = "Object Repository/RAD_Pages/Landing_Page": null

2023-07-17 21:08:40 - [TEST_STEP][PASSED] - orPath = "Object Repository/RAD_Pages/Landing_Page": null

2023-07-17 21:08:40 - [TEST_STEP][PASSED] - orPath_Amount = "Object Repository/RAD_Pages/PaymentAmount_Page": null

2023-07-17 21:08:40 - [TEST_STEP][PASSED] - selectOptionByLabel(findTestObject(orPath_Landing + "/dd_TaxType"), taxTypeDropList[i], false): All options with label 'Personal Income Tax' are selected in object 'Object Repository/RAD_Pages/Landing_Page/dd_TaxType' 

2023-07-17 21:08:41 - [MESSAGE][PASSED] - All options with label 'Personal Income Tax' are selected in object 'Object Repository/RAD_Pages/Landing_Page/dd_TaxType' 

2023-07-17 21:08:41 - [TEST_STEP][PASSED] - delay(1): Delayed 1 second(s)

2023-07-17 21:08:42 - [MESSAGE][PASSED] - Delayed 1 second(s)

2023-07-17 21:08:42 - [TEST_STEP][PASSED] - setText(findTestObject(orPath_Amount + "/input__paymentAmount"), ""): Text '' is set on object 'Object Repository/RAD_Pages/PaymentAmount_Page/input__paymentAmount'

2023-07-17 21:08:42 - [MESSAGE][PASSED] - Text '' is set on object 'Object Repository/RAD_Pages/PaymentAmount_Page/input__paymentAmount'

2023-07-17 21:08:42 - [TEST_STEP][PASSED] - click(findTestObject(orPath_Landing + "/a_Click here for details")): Object: 'Object Repository/RAD_Pages/Landing_Page/a_Click here for details' is clicked on

2023-07-17 21:08:43 - [MESSAGE][PASSED] - Object: 'Object Repository/RAD_Pages/Landing_Page/a_Click here for details' is clicked on

2023-07-17 21:08:43 - [TEST_STEP][PASSED] - cfVerbiageQA = "This electronic government service includes a 2.45% service/convenience fee, with a $1.00 minimum, for payments processed through this application. This fee is assessed by Govolution, LLC and will post as a separate transaction. Accepted credit cards include Visa, Mastercard, and Discover.": null

2023-07-17 21:08:43 - [TEST_STEP][PASSED] - cfVerbiageDemo = "This electronic government service includes a 2.45% service/convenience fee, with a $1.00 minimum, for payments processed through this application. This fee is assessed by Govolution, LLC and will post as a separate transaction. Accepted credit cards include Visa, MasterCard, and Discover.": null

2023-07-17 21:08:43 - [TEST_STEP][FAILED] - switch (executionProfile): null

2023-07-17 21:08:43 - [TEST_STEP][FAILED] - case "QAProfile":: null

2023-07-17 21:08:43 - [TEST_STEP][FAILED] - verifyElementText(findTestObject(orPath_Landing + "/div_ServiceFeesVerbiage"), cfVerbiageQA): Actual text 'This electronic government service includes a 2.45% service/convenience fee, with a $1.00 minimum, for payments processed through this application. This fee is assessed by Govolution, LLC and will post as a separate transaction. Accepted credit cards include Visa, Mastercard, Discover, and American Express.' and expected text 'This electronic government service includes a 2.45% service/convenience fee, with a $1.00 minimum, for payments processed through this application. This fee is assessed by Govolution, LLC and will post as a separate transaction. Accepted credit cards include Visa, Mastercard, and Discover.' of test object 'Object Repository/RAD_Pages/Landing_Page/div_ServiceFeesVerbiage' are NOT matched. (Root cause: com.kms.katalon.core.exception.StepFailedException: Actual text 'This electronic government service includes a 2.45% service/convenience fee, with a $1.00 minimum, for payments processed through this application. This fee is assessed by Govolution, LLC and will post as a separate transaction. Accepted credit cards include Visa, Mastercard, Discover, and American Express.' and expected text 'This electronic government service includes a 2.45% service/convenience fee, with a $1.00 minimum, for payments processed through this application. This fee is assessed by Govolution, LLC and will post as a separate transaction. Accepted credit cards include Visa, Mastercard, and Discover.' of test object 'Object Repository/RAD_Pages/Landing_Page/div_ServiceFeesVerbiage' are NOT matched.
	at com.kms.katalon.core.webui.keyword.internal.WebUIKeywordMain.stepFailed(WebUIKeywordMain.groovy:64)
	at com.kms.katalon.core.webui.keyword.builtin.VerifyElementTextKeyword$_verifyElementText_closure1.doCall(VerifyElementTextKeyword.groovy:57)
	at com.kms.katalon.core.webui.keyword.builtin.VerifyElementTextKeyword$_verifyElementText_closure1.call(VerifyElementTextKeyword.groovy)
	at com.kms.katalon.core.webui.keyword.internal.WebUIKeywordMain.runKeyword(WebUIKeywordMain.groovy:20)
	at com.kms.katalon.core.webui.keyword.builtin.VerifyElementTextKeyword.verifyElementText(VerifyElementTextKeyword.groovy:72)
	at com.kms.katalon.core.webui.keyword.builtin.VerifyElementTextKeyword.execute(VerifyElementTextKeyword.groovy:40)
	at com.kms.katalon.core.keyword.internal.KeywordExecutor.executeKeywordForPlatform(KeywordExecutor.groovy:74)
	at com.kms.katalon.core.webui.keyword.WebUiBuiltInKeywords.verifyElementText(WebUiBuiltInKeywords.groovy:4749)
	at com.kms.katalon.core.webui.keyword.WebUiBuiltInKeywords$verifyElementText$15.call(Unknown Source)
	at VerifyServiceFeeVerbiage_UI_TC.run(VerifyServiceFeeVerbiage_UI_TC:65)
	at com.kms.katalon.core.main.ScriptEngine.run(ScriptEngine.java:194)
	at com.kms.katalon.core.main.ScriptEngine.runScriptAsRawText(ScriptEngine.java:119)
	at com.kms.katalon.core.main.TestCaseExecutor.runScript(TestCaseExecutor.java:442)
	at com.kms.katalon.core.main.TestCaseExecutor.doExecute(TestCaseExecutor.java:433)
	at com.kms.katalon.core.main.TestCaseExecutor.processExecutionPhase(TestCaseExecutor.java:412)
	at com.kms.katalon.core.main.TestCaseExecutor.accessMainPhase(TestCaseExecutor.java:404)
	at com.kms.katalon.core.main.TestCaseExecutor.execute(TestCaseExecutor.java:281)
	at com.kms.katalon.core.main.TestSuiteExecutor.accessTestCaseMainPhase(TestSuiteExecutor.java:202)
	at com.kms.katalon.core.main.TestSuiteExecutor.accessTestSuiteMainPhase(TestSuiteExecutor.java:164)
	at com.kms.katalon.core.main.TestSuiteExecutor.execute(TestSuiteExecutor.java:105)
	at com.kms.katalon.core.main.TestCaseMain.startTestSuite(TestCaseMain.java:185)
	at com.kms.katalon.core.main.TestCaseMain$startTestSuite$0.call(Unknown Source)
	at TempTestSuite1689642297796.run(TempTestSuite1689642297796.groovy:36)
)

2023-07-17 21:08:44 - [MESSAGE][FAILED] - Actual text 'This electronic government service includes a 2.45% service/convenience fee, with a $1.00 minimum, for payments processed through this application. This fee is assessed by Govolution, LLC and will post as a separate transaction. Accepted credit cards include Visa, Mastercard, Discover, and American Express.' and expected text 'This electronic government service includes a 2.45% service/convenience fee, with a $1.00 minimum, for payments processed through this application. This fee is assessed by Govolution, LLC and will post as a separate transaction. Accepted credit cards include Visa, Mastercard, and Discover.' of test object 'Object Repository/RAD_Pages/Landing_Page/div_ServiceFeesVerbiage' are NOT matched. (Root cause: com.kms.katalon.core.exception.StepFailedException: Actual text 'This electronic government service includes a 2.45% service/convenience fee, with a $1.00 minimum, for payments processed through this application. This fee is assessed by Govolution, LLC and will post as a separate transaction. Accepted credit cards include Visa, Mastercard, Discover, and American Express.' and expected text 'This electronic government service includes a 2.45% service/convenience fee, with a $1.00 minimum, for payments processed through this application. This fee is assessed by Govolution, LLC and will post as a separate transaction. Accepted credit cards include Visa, Mastercard, and Discover.' of test object 'Object Repository/RAD_Pages/Landing_Page/div_ServiceFeesVerbiage' are NOT matched.
	at com.kms.katalon.core.webui.keyword.internal.WebUIKeywordMain.stepFailed(WebUIKeywordMain.groovy:64)
	at com.kms.katalon.core.webui.keyword.builtin.VerifyElementTextKeyword$_verifyElementText_closure1.doCall(VerifyElementTextKeyword.groovy:57)
	at com.kms.katalon.core.webui.keyword.builtin.VerifyElementTextKeyword$_verifyElementText_closure1.call(VerifyElementTextKeyword.groovy)
	at com.kms.katalon.core.webui.keyword.internal.WebUIKeywordMain.runKeyword(WebUIKeywordMain.groovy:20)
	at com.kms.katalon.core.webui.keyword.builtin.VerifyElementTextKeyword.verifyElementText(VerifyElementTextKeyword.groovy:72)
	at com.kms.katalon.core.webui.keyword.builtin.VerifyElementTextKeyword.execute(VerifyElementTextKeyword.groovy:40)
	at com.kms.katalon.core.keyword.internal.KeywordExecutor.executeKeywordForPlatform(KeywordExecutor.groovy:74)
	at com.kms.katalon.core.webui.keyword.WebUiBuiltInKeywords.verifyElementText(WebUiBuiltInKeywords.groovy:4749)
	at com.kms.katalon.core.webui.keyword.WebUiBuiltInKeywords$verifyElementText$15.call(Unknown Source)
	at VerifyServiceFeeVerbiage_UI_TC.run(VerifyServiceFeeVerbiage_UI_TC:65)
	at com.kms.katalon.core.main.ScriptEngine.run(ScriptEngine.java:194)
	at com.kms.katalon.core.main.ScriptEngine.runScriptAsRawText(ScriptEngine.java:119)
	at com.kms.katalon.core.main.TestCaseExecutor.runScript(TestCaseExecutor.java:442)
	at com.kms.katalon.core.main.TestCaseExecutor.doExecute(TestCaseExecutor.java:433)
	at com.kms.katalon.core.main.TestCaseExecutor.processExecutionPhase(TestCaseExecutor.java:412)
	at com.kms.katalon.core.main.TestCaseExecutor.accessMainPhase(TestCaseExecutor.java:404)
	at com.kms.katalon.core.main.TestCaseExecutor.execute(TestCaseExecutor.java:281)
	at com.kms.katalon.core.main.TestSuiteExecutor.accessTestCaseMainPhase(TestSuiteExecutor.java:202)
	at com.kms.katalon.core.main.TestSuiteExecutor.accessTestSuiteMainPhase(TestSuiteExecutor.java:164)
	at com.kms.katalon.core.main.TestSuiteExecutor.execute(TestSuiteExecutor.java:105)
	at com.kms.katalon.core.main.TestCaseMain.startTestSuite(TestCaseMain.java:185)
	at com.kms.katalon.core.main.TestCaseMain$startTestSuite$0.call(Unknown Source)
	at TempTestSuite1689642297796.run(TempTestSuite1689642297796.groovy:36)
)
[[ATTACHMENT|E:\\Cloned-Project-Katalon\\VPS-Katalon\\Reports\\20230717_210457\\RAD_TestSuite\\RAD_UI_TestSuite\\20230717_210457\\1689642523837.png]]

2023-07-17 21:08:44 - [TEST_STEP][PASSED] - break: null

2023-07-17 21:08:44 - [TEST_STEP][PASSED] - verifyElementPresent(findTestObject(orPath_Landing + "/button_Close"), 30): Object 'Object Repository/RAD_Pages/Landing_Page/button_Close' is present

2023-07-17 21:08:44 - [MESSAGE][PASSED] - Object 'Object Repository/RAD_Pages/Landing_Page/button_Close' is present

2023-07-17 21:08:44 - [TEST_STEP][PASSED] - click(findTestObject(orPath_Landing + "/button_Close")): Object: 'Object Repository/RAD_Pages/Landing_Page/button_Close' is clicked on

2023-07-17 21:08:44 - [MESSAGE][PASSED] - Object: 'Object Repository/RAD_Pages/Landing_Page/button_Close' is clicked on

2023-07-17 21:08:44 - [TEST_STEP][PASSED] - openBrowser(""): Browser is opened with url: ''

2023-07-17 21:08:44 - [MESSAGE][WARNING] - A browser is already opened. Closing browser and opening a new one

2023-07-17 21:08:45 - [MESSAGE][INFO] - Starting 'Chrome' driver

2023-07-17 21:08:45 - [MESSAGE][INFO] - User set preference: ['acceptInsecureCerts', 'true']

2023-07-17 21:08:45 - [MESSAGE][INFO] - Action delay is set to 0 milliseconds

2023-07-17 21:08:47 - [MESSAGE][PASSED] - Browser is opened with url: ''

2023-07-17 21:08:47 - [TEST_STEP][PASSED] - maximizeWindow(): Current window maximized

2023-07-17 21:08:47 - [MESSAGE][PASSED] - Current window maximized

2023-07-17 21:08:47 - [TEST_STEP][PASSED] - navigateToUrl(RADurl): Navigate to 'https://qa.velocitypayment.com/client/rad/index.html' successfully

2023-07-17 21:08:48 - [MESSAGE][PASSED] - Navigate to 'https://qa.velocitypayment.com/client/rad/index.html' successfully

2023-07-17 21:08:48 - [TEST_STEP][PASSED] - orPath_Landing = "Object Repository/RAD_Pages/Landing_Page": null

2023-07-17 21:08:48 - [TEST_STEP][PASSED] - orPath = "Object Repository/RAD_Pages/Landing_Page": null

2023-07-17 21:08:48 - [TEST_STEP][PASSED] - orPath_Amount = "Object Repository/RAD_Pages/PaymentAmount_Page": null

2023-07-17 21:08:48 - [TEST_STEP][PASSED] - selectOptionByLabel(findTestObject(orPath_Landing + "/dd_TaxType"), taxTypeDropList[i], false): All options with label 'Extension Payments' are selected in object 'Object Repository/RAD_Pages/Landing_Page/dd_TaxType' 

2023-07-17 21:08:49 - [MESSAGE][PASSED] - All options with label 'Extension Payments' are selected in object 'Object Repository/RAD_Pages/Landing_Page/dd_TaxType' 

2023-07-17 21:08:49 - [TEST_STEP][PASSED] - delay(1): Delayed 1 second(s)

2023-07-17 21:08:50 - [MESSAGE][PASSED] - Delayed 1 second(s)

2023-07-17 21:08:50 - [TEST_STEP][PASSED] - setText(findTestObject(orPath_Amount + "/input__paymentAmount"), ""): Text '' is set on object 'Object Repository/RAD_Pages/PaymentAmount_Page/input__paymentAmount'

2023-07-17 21:08:51 - [MESSAGE][PASSED] - Text '' is set on object 'Object Repository/RAD_Pages/PaymentAmount_Page/input__paymentAmount'

2023-07-17 21:08:51 - [TEST_STEP][PASSED] - click(findTestObject(orPath_Landing + "/a_Click here for details")): Object: 'Object Repository/RAD_Pages/Landing_Page/a_Click here for details' is clicked on

2023-07-17 21:08:51 - [MESSAGE][PASSED] - Object: 'Object Repository/RAD_Pages/Landing_Page/a_Click here for details' is clicked on

2023-07-17 21:08:51 - [TEST_STEP][PASSED] - cfVerbiageQA = "This electronic government service includes a 2.45% service/convenience fee, with a $1.00 minimum, for payments processed through this application. This fee is assessed by Govolution, LLC and will post as a separate transaction. Accepted credit cards include Visa, Mastercard, and Discover.": null

2023-07-17 21:08:51 - [TEST_STEP][PASSED] - cfVerbiageDemo = "This electronic government service includes a 2.45% service/convenience fee, with a $1.00 minimum, for payments processed through this application. This fee is assessed by Govolution, LLC and will post as a separate transaction. Accepted credit cards include Visa, MasterCard, and Discover.": null

2023-07-17 21:08:51 - [TEST_STEP][FAILED] - switch (executionProfile): null

2023-07-17 21:08:51 - [TEST_STEP][FAILED] - case "QAProfile":: null

2023-07-17 21:08:51 - [TEST_STEP][FAILED] - verifyElementText(findTestObject(orPath_Landing + "/div_ServiceFeesVerbiage"), cfVerbiageQA): Actual text 'This electronic government service includes a 2.45% service/convenience fee, with a $1.00 minimum, for payments processed through this application. This fee is assessed by Govolution, LLC and will post as a separate transaction. Accepted credit cards include Visa, Mastercard, Discover, and American Express.' and expected text 'This electronic government service includes a 2.45% service/convenience fee, with a $1.00 minimum, for payments processed through this application. This fee is assessed by Govolution, LLC and will post as a separate transaction. Accepted credit cards include Visa, Mastercard, and Discover.' of test object 'Object Repository/RAD_Pages/Landing_Page/div_ServiceFeesVerbiage' are NOT matched. (Root cause: com.kms.katalon.core.exception.StepFailedException: Actual text 'This electronic government service includes a 2.45% service/convenience fee, with a $1.00 minimum, for payments processed through this application. This fee is assessed by Govolution, LLC and will post as a separate transaction. Accepted credit cards include Visa, Mastercard, Discover, and American Express.' and expected text 'This electronic government service includes a 2.45% service/convenience fee, with a $1.00 minimum, for payments processed through this application. This fee is assessed by Govolution, LLC and will post as a separate transaction. Accepted credit cards include Visa, Mastercard, and Discover.' of test object 'Object Repository/RAD_Pages/Landing_Page/div_ServiceFeesVerbiage' are NOT matched.
	at com.kms.katalon.core.webui.keyword.internal.WebUIKeywordMain.stepFailed(WebUIKeywordMain.groovy:64)
	at com.kms.katalon.core.webui.keyword.builtin.VerifyElementTextKeyword$_verifyElementText_closure1.doCall(VerifyElementTextKeyword.groovy:57)
	at com.kms.katalon.core.webui.keyword.builtin.VerifyElementTextKeyword$_verifyElementText_closure1.call(VerifyElementTextKeyword.groovy)
	at com.kms.katalon.core.webui.keyword.internal.WebUIKeywordMain.runKeyword(WebUIKeywordMain.groovy:20)
	at com.kms.katalon.core.webui.keyword.builtin.VerifyElementTextKeyword.verifyElementText(VerifyElementTextKeyword.groovy:72)
	at com.kms.katalon.core.webui.keyword.builtin.VerifyElementTextKeyword.execute(VerifyElementTextKeyword.groovy:40)
	at com.kms.katalon.core.keyword.internal.KeywordExecutor.executeKeywordForPlatform(KeywordExecutor.groovy:74)
	at com.kms.katalon.core.webui.keyword.WebUiBuiltInKeywords.verifyElementText(WebUiBuiltInKeywords.groovy:4749)
	at com.kms.katalon.core.webui.keyword.WebUiBuiltInKeywords$verifyElementText$15.call(Unknown Source)
	at VerifyServiceFeeVerbiage_UI_TC.run(VerifyServiceFeeVerbiage_UI_TC:65)
	at com.kms.katalon.core.main.ScriptEngine.run(ScriptEngine.java:194)
	at com.kms.katalon.core.main.ScriptEngine.runScriptAsRawText(ScriptEngine.java:119)
	at com.kms.katalon.core.main.TestCaseExecutor.runScript(TestCaseExecutor.java:442)
	at com.kms.katalon.core.main.TestCaseExecutor.doExecute(TestCaseExecutor.java:433)
	at com.kms.katalon.core.main.TestCaseExecutor.processExecutionPhase(TestCaseExecutor.java:412)
	at com.kms.katalon.core.main.TestCaseExecutor.accessMainPhase(TestCaseExecutor.java:404)
	at com.kms.katalon.core.main.TestCaseExecutor.execute(TestCaseExecutor.java:281)
	at com.kms.katalon.core.main.TestSuiteExecutor.accessTestCaseMainPhase(TestSuiteExecutor.java:202)
	at com.kms.katalon.core.main.TestSuiteExecutor.accessTestSuiteMainPhase(TestSuiteExecutor.java:164)
	at com.kms.katalon.core.main.TestSuiteExecutor.execute(TestSuiteExecutor.java:105)
	at com.kms.katalon.core.main.TestCaseMain.startTestSuite(TestCaseMain.java:185)
	at com.kms.katalon.core.main.TestCaseMain$startTestSuite$0.call(Unknown Source)
	at TempTestSuite1689642297796.run(TempTestSuite1689642297796.groovy:36)
)

2023-07-17 21:08:52 - [MESSAGE][FAILED] - Actual text 'This electronic government service includes a 2.45% service/convenience fee, with a $1.00 minimum, for payments processed through this application. This fee is assessed by Govolution, LLC and will post as a separate transaction. Accepted credit cards include Visa, Mastercard, Discover, and American Express.' and expected text 'This electronic government service includes a 2.45% service/convenience fee, with a $1.00 minimum, for payments processed through this application. This fee is assessed by Govolution, LLC and will post as a separate transaction. Accepted credit cards include Visa, Mastercard, and Discover.' of test object 'Object Repository/RAD_Pages/Landing_Page/div_ServiceFeesVerbiage' are NOT matched. (Root cause: com.kms.katalon.core.exception.StepFailedException: Actual text 'This electronic government service includes a 2.45% service/convenience fee, with a $1.00 minimum, for payments processed through this application. This fee is assessed by Govolution, LLC and will post as a separate transaction. Accepted credit cards include Visa, Mastercard, Discover, and American Express.' and expected text 'This electronic government service includes a 2.45% service/convenience fee, with a $1.00 minimum, for payments processed through this application. This fee is assessed by Govolution, LLC and will post as a separate transaction. Accepted credit cards include Visa, Mastercard, and Discover.' of test object 'Object Repository/RAD_Pages/Landing_Page/div_ServiceFeesVerbiage' are NOT matched.
	at com.kms.katalon.core.webui.keyword.internal.WebUIKeywordMain.stepFailed(WebUIKeywordMain.groovy:64)
	at com.kms.katalon.core.webui.keyword.builtin.VerifyElementTextKeyword$_verifyElementText_closure1.doCall(VerifyElementTextKeyword.groovy:57)
	at com.kms.katalon.core.webui.keyword.builtin.VerifyElementTextKeyword$_verifyElementText_closure1.call(VerifyElementTextKeyword.groovy)
	at com.kms.katalon.core.webui.keyword.internal.WebUIKeywordMain.runKeyword(WebUIKeywordMain.groovy:20)
	at com.kms.katalon.core.webui.keyword.builtin.VerifyElementTextKeyword.verifyElementText(VerifyElementTextKeyword.groovy:72)
	at com.kms.katalon.core.webui.keyword.builtin.VerifyElementTextKeyword.execute(VerifyElementTextKeyword.groovy:40)
	at com.kms.katalon.core.keyword.internal.KeywordExecutor.executeKeywordForPlatform(KeywordExecutor.groovy:74)
	at com.kms.katalon.core.webui.keyword.WebUiBuiltInKeywords.verifyElementText(WebUiBuiltInKeywords.groovy:4749)
	at com.kms.katalon.core.webui.keyword.WebUiBuiltInKeywords$verifyElementText$15.call(Unknown Source)
	at VerifyServiceFeeVerbiage_UI_TC.run(VerifyServiceFeeVerbiage_UI_TC:65)
	at com.kms.katalon.core.main.ScriptEngine.run(ScriptEngine.java:194)
	at com.kms.katalon.core.main.ScriptEngine.runScriptAsRawText(ScriptEngine.java:119)
	at com.kms.katalon.core.main.TestCaseExecutor.runScript(TestCaseExecutor.java:442)
	at com.kms.katalon.core.main.TestCaseExecutor.doExecute(TestCaseExecutor.java:433)
	at com.kms.katalon.core.main.TestCaseExecutor.processExecutionPhase(TestCaseExecutor.java:412)
	at com.kms.katalon.core.main.TestCaseExecutor.accessMainPhase(TestCaseExecutor.java:404)
	at com.kms.katalon.core.main.TestCaseExecutor.execute(TestCaseExecutor.java:281)
	at com.kms.katalon.core.main.TestSuiteExecutor.accessTestCaseMainPhase(TestSuiteExecutor.java:202)
	at com.kms.katalon.core.main.TestSuiteExecutor.accessTestSuiteMainPhase(TestSuiteExecutor.java:164)
	at com.kms.katalon.core.main.TestSuiteExecutor.execute(TestSuiteExecutor.java:105)
	at com.kms.katalon.core.main.TestCaseMain.startTestSuite(TestCaseMain.java:185)
	at com.kms.katalon.core.main.TestCaseMain$startTestSuite$0.call(Unknown Source)
	at TempTestSuite1689642297796.run(TempTestSuite1689642297796.groovy:36)
)
[[ATTACHMENT|E:\\Cloned-Project-Katalon\\VPS-Katalon\\Reports\\20230717_210457\\RAD_TestSuite\\RAD_UI_TestSuite\\20230717_210457\\1689642532249.png]]

2023-07-17 21:08:52 - [TEST_STEP][PASSED] - break: null

2023-07-17 21:08:52 - [TEST_STEP][PASSED] - verifyElementPresent(findTestObject(orPath_Landing + "/button_Close"), 30): Object 'Object Repository/RAD_Pages/Landing_Page/button_Close' is present

2023-07-17 21:08:52 - [MESSAGE][PASSED] - Object 'Object Repository/RAD_Pages/Landing_Page/button_Close' is present

2023-07-17 21:08:52 - [TEST_STEP][PASSED] - click(findTestObject(orPath_Landing + "/button_Close")): Object: 'Object Repository/RAD_Pages/Landing_Page/button_Close' is clicked on

2023-07-17 21:08:53 - [MESSAGE][PASSED] - Object: 'Object Repository/RAD_Pages/Landing_Page/button_Close' is clicked on

2023-07-17 21:08:53 - [TEST_STEP][PASSED] - openBrowser(""): Browser is opened with url: ''

2023-07-17 21:08:53 - [MESSAGE][WARNING] - A browser is already opened. Closing browser and opening a new one

2023-07-17 21:08:54 - [MESSAGE][INFO] - Starting 'Chrome' driver

2023-07-17 21:08:54 - [MESSAGE][INFO] - User set preference: ['acceptInsecureCerts', 'true']

2023-07-17 21:08:54 - [MESSAGE][INFO] - Action delay is set to 0 milliseconds

2023-07-17 21:08:55 - [MESSAGE][PASSED] - Browser is opened with url: ''

2023-07-17 21:08:55 - [TEST_STEP][PASSED] - maximizeWindow(): Current window maximized

2023-07-17 21:08:55 - [MESSAGE][PASSED] - Current window maximized

2023-07-17 21:08:55 - [TEST_STEP][PASSED] - navigateToUrl(RADurl): Navigate to 'https://qa.velocitypayment.com/client/rad/index.html' successfully

2023-07-17 21:08:57 - [MESSAGE][PASSED] - Navigate to 'https://qa.velocitypayment.com/client/rad/index.html' successfully

2023-07-17 21:08:57 - [TEST_STEP][PASSED] - orPath_Landing = "Object Repository/RAD_Pages/Landing_Page": null

2023-07-17 21:08:57 - [TEST_STEP][PASSED] - orPath = "Object Repository/RAD_Pages/Landing_Page": null

2023-07-17 21:08:57 - [TEST_STEP][PASSED] - orPath_Amount = "Object Repository/RAD_Pages/PaymentAmount_Page": null

2023-07-17 21:08:57 - [TEST_STEP][PASSED] - selectOptionByLabel(findTestObject(orPath_Landing + "/dd_TaxType"), taxTypeDropList[i], false): All options with label 'Existing Liability' are selected in object 'Object Repository/RAD_Pages/Landing_Page/dd_TaxType' 

2023-07-17 21:08:57 - [MESSAGE][PASSED] - All options with label 'Existing Liability' are selected in object 'Object Repository/RAD_Pages/Landing_Page/dd_TaxType' 

2023-07-17 21:08:57 - [TEST_STEP][PASSED] - delay(1): Delayed 1 second(s)

2023-07-17 21:08:58 - [MESSAGE][PASSED] - Delayed 1 second(s)

2023-07-17 21:08:58 - [TEST_STEP][PASSED] - setText(findTestObject(orPath_Amount + "/input__paymentAmount"), ""): Text '' is set on object 'Object Repository/RAD_Pages/PaymentAmount_Page/input__paymentAmount'

2023-07-17 21:08:59 - [MESSAGE][PASSED] - Text '' is set on object 'Object Repository/RAD_Pages/PaymentAmount_Page/input__paymentAmount'

2023-07-17 21:08:59 - [TEST_STEP][PASSED] - click(findTestObject(orPath_Landing + "/a_Click here for details")): Object: 'Object Repository/RAD_Pages/Landing_Page/a_Click here for details' is clicked on

2023-07-17 21:08:59 - [MESSAGE][PASSED] - Object: 'Object Repository/RAD_Pages/Landing_Page/a_Click here for details' is clicked on

2023-07-17 21:08:59 - [TEST_STEP][PASSED] - cfVerbiageQA = "This electronic government service includes a 2.45% service/convenience fee, with a $1.00 minimum, for payments processed through this application. This fee is assessed by Govolution, LLC and will post as a separate transaction. Accepted credit cards include Visa, Mastercard, and Discover.": null

2023-07-17 21:08:59 - [TEST_STEP][PASSED] - cfVerbiageDemo = "This electronic government service includes a 2.45% service/convenience fee, with a $1.00 minimum, for payments processed through this application. This fee is assessed by Govolution, LLC and will post as a separate transaction. Accepted credit cards include Visa, MasterCard, and Discover.": null

2023-07-17 21:08:59 - [TEST_STEP][FAILED] - switch (executionProfile): null

2023-07-17 21:08:59 - [TEST_STEP][FAILED] - case "QAProfile":: null

2023-07-17 21:08:59 - [TEST_STEP][FAILED] - verifyElementText(findTestObject(orPath_Landing + "/div_ServiceFeesVerbiage"), cfVerbiageQA): Actual text 'This electronic government service includes a 2.45% service/convenience fee, with a $1.00 minimum, for payments processed through this application. This fee is assessed by Govolution, LLC and will post as a separate transaction. Accepted credit cards include Visa, Mastercard, Discover, and American Express.' and expected text 'This electronic government service includes a 2.45% service/convenience fee, with a $1.00 minimum, for payments processed through this application. This fee is assessed by Govolution, LLC and will post as a separate transaction. Accepted credit cards include Visa, Mastercard, and Discover.' of test object 'Object Repository/RAD_Pages/Landing_Page/div_ServiceFeesVerbiage' are NOT matched. (Root cause: com.kms.katalon.core.exception.StepFailedException: Actual text 'This electronic government service includes a 2.45% service/convenience fee, with a $1.00 minimum, for payments processed through this application. This fee is assessed by Govolution, LLC and will post as a separate transaction. Accepted credit cards include Visa, Mastercard, Discover, and American Express.' and expected text 'This electronic government service includes a 2.45% service/convenience fee, with a $1.00 minimum, for payments processed through this application. This fee is assessed by Govolution, LLC and will post as a separate transaction. Accepted credit cards include Visa, Mastercard, and Discover.' of test object 'Object Repository/RAD_Pages/Landing_Page/div_ServiceFeesVerbiage' are NOT matched.
	at com.kms.katalon.core.webui.keyword.internal.WebUIKeywordMain.stepFailed(WebUIKeywordMain.groovy:64)
	at com.kms.katalon.core.webui.keyword.builtin.VerifyElementTextKeyword$_verifyElementText_closure1.doCall(VerifyElementTextKeyword.groovy:57)
	at com.kms.katalon.core.webui.keyword.builtin.VerifyElementTextKeyword$_verifyElementText_closure1.call(VerifyElementTextKeyword.groovy)
	at com.kms.katalon.core.webui.keyword.internal.WebUIKeywordMain.runKeyword(WebUIKeywordMain.groovy:20)
	at com.kms.katalon.core.webui.keyword.builtin.VerifyElementTextKeyword.verifyElementText(VerifyElementTextKeyword.groovy:72)
	at com.kms.katalon.core.webui.keyword.builtin.VerifyElementTextKeyword.execute(VerifyElementTextKeyword.groovy:40)
	at com.kms.katalon.core.keyword.internal.KeywordExecutor.executeKeywordForPlatform(KeywordExecutor.groovy:74)
	at com.kms.katalon.core.webui.keyword.WebUiBuiltInKeywords.verifyElementText(WebUiBuiltInKeywords.groovy:4749)
	at com.kms.katalon.core.webui.keyword.WebUiBuiltInKeywords$verifyElementText$15.call(Unknown Source)
	at VerifyServiceFeeVerbiage_UI_TC.run(VerifyServiceFeeVerbiage_UI_TC:65)
	at com.kms.katalon.core.main.ScriptEngine.run(ScriptEngine.java:194)
	at com.kms.katalon.core.main.ScriptEngine.runScriptAsRawText(ScriptEngine.java:119)
	at com.kms.katalon.core.main.TestCaseExecutor.runScript(TestCaseExecutor.java:442)
	at com.kms.katalon.core.main.TestCaseExecutor.doExecute(TestCaseExecutor.java:433)
	at com.kms.katalon.core.main.TestCaseExecutor.processExecutionPhase(TestCaseExecutor.java:412)
	at com.kms.katalon.core.main.TestCaseExecutor.accessMainPhase(TestCaseExecutor.java:404)
	at com.kms.katalon.core.main.TestCaseExecutor.execute(TestCaseExecutor.java:281)
	at com.kms.katalon.core.main.TestSuiteExecutor.accessTestCaseMainPhase(TestSuiteExecutor.java:202)
	at com.kms.katalon.core.main.TestSuiteExecutor.accessTestSuiteMainPhase(TestSuiteExecutor.java:164)
	at com.kms.katalon.core.main.TestSuiteExecutor.execute(TestSuiteExecutor.java:105)
	at com.kms.katalon.core.main.TestCaseMain.startTestSuite(TestCaseMain.java:185)
	at com.kms.katalon.core.main.TestCaseMain$startTestSuite$0.call(Unknown Source)
	at TempTestSuite1689642297796.run(TempTestSuite1689642297796.groovy:36)
)

2023-07-17 21:09:00 - [MESSAGE][FAILED] - Actual text 'This electronic government service includes a 2.45% service/convenience fee, with a $1.00 minimum, for payments processed through this application. This fee is assessed by Govolution, LLC and will post as a separate transaction. Accepted credit cards include Visa, Mastercard, Discover, and American Express.' and expected text 'This electronic government service includes a 2.45% service/convenience fee, with a $1.00 minimum, for payments processed through this application. This fee is assessed by Govolution, LLC and will post as a separate transaction. Accepted credit cards include Visa, Mastercard, and Discover.' of test object 'Object Repository/RAD_Pages/Landing_Page/div_ServiceFeesVerbiage' are NOT matched. (Root cause: com.kms.katalon.core.exception.StepFailedException: Actual text 'This electronic government service includes a 2.45% service/convenience fee, with a $1.00 minimum, for payments processed through this application. This fee is assessed by Govolution, LLC and will post as a separate transaction. Accepted credit cards include Visa, Mastercard, Discover, and American Express.' and expected text 'This electronic government service includes a 2.45% service/convenience fee, with a $1.00 minimum, for payments processed through this application. This fee is assessed by Govolution, LLC and will post as a separate transaction. Accepted credit cards include Visa, Mastercard, and Discover.' of test object 'Object Repository/RAD_Pages/Landing_Page/div_ServiceFeesVerbiage' are NOT matched.
	at com.kms.katalon.core.webui.keyword.internal.WebUIKeywordMain.stepFailed(WebUIKeywordMain.groovy:64)
	at com.kms.katalon.core.webui.keyword.builtin.VerifyElementTextKeyword$_verifyElementText_closure1.doCall(VerifyElementTextKeyword.groovy:57)
	at com.kms.katalon.core.webui.keyword.builtin.VerifyElementTextKeyword$_verifyElementText_closure1.call(VerifyElementTextKeyword.groovy)
	at com.kms.katalon.core.webui.keyword.internal.WebUIKeywordMain.runKeyword(WebUIKeywordMain.groovy:20)
	at com.kms.katalon.core.webui.keyword.builtin.VerifyElementTextKeyword.verifyElementText(VerifyElementTextKeyword.groovy:72)
	at com.kms.katalon.core.webui.keyword.builtin.VerifyElementTextKeyword.execute(VerifyElementTextKeyword.groovy:40)
	at com.kms.katalon.core.keyword.internal.KeywordExecutor.executeKeywordForPlatform(KeywordExecutor.groovy:74)
	at com.kms.katalon.core.webui.keyword.WebUiBuiltInKeywords.verifyElementText(WebUiBuiltInKeywords.groovy:4749)
	at com.kms.katalon.core.webui.keyword.WebUiBuiltInKeywords$verifyElementText$15.call(Unknown Source)
	at VerifyServiceFeeVerbiage_UI_TC.run(VerifyServiceFeeVerbiage_UI_TC:65)
	at com.kms.katalon.core.main.ScriptEngine.run(ScriptEngine.java:194)
	at com.kms.katalon.core.main.ScriptEngine.runScriptAsRawText(ScriptEngine.java:119)
	at com.kms.katalon.core.main.TestCaseExecutor.runScript(TestCaseExecutor.java:442)
	at com.kms.katalon.core.main.TestCaseExecutor.doExecute(TestCaseExecutor.java:433)
	at com.kms.katalon.core.main.TestCaseExecutor.processExecutionPhase(TestCaseExecutor.java:412)
	at com.kms.katalon.core.main.TestCaseExecutor.accessMainPhase(TestCaseExecutor.java:404)
	at com.kms.katalon.core.main.TestCaseExecutor.execute(TestCaseExecutor.java:281)
	at com.kms.katalon.core.main.TestSuiteExecutor.accessTestCaseMainPhase(TestSuiteExecutor.java:202)
	at com.kms.katalon.core.main.TestSuiteExecutor.accessTestSuiteMainPhase(TestSuiteExecutor.java:164)
	at com.kms.katalon.core.main.TestSuiteExecutor.execute(TestSuiteExecutor.java:105)
	at com.kms.katalon.core.main.TestCaseMain.startTestSuite(TestCaseMain.java:185)
	at com.kms.katalon.core.main.TestCaseMain$startTestSuite$0.call(Unknown Source)
	at TempTestSuite1689642297796.run(TempTestSuite1689642297796.groovy:36)
)
[[ATTACHMENT|E:\\Cloned-Project-Katalon\\VPS-Katalon\\Reports\\20230717_210457\\RAD_TestSuite\\RAD_UI_TestSuite\\20230717_210457\\1689642540511.png]]

2023-07-17 21:09:00 - [TEST_STEP][PASSED] - break: null

2023-07-17 21:09:00 - [TEST_STEP][PASSED] - verifyElementPresent(findTestObject(orPath_Landing + "/button_Close"), 30): Object 'Object Repository/RAD_Pages/Landing_Page/button_Close' is present

2023-07-17 21:09:01 - [MESSAGE][PASSED] - Object 'Object Repository/RAD_Pages/Landing_Page/button_Close' is present

2023-07-17 21:09:01 - [TEST_STEP][PASSED] - click(findTestObject(orPath_Landing + "/button_Close")): Object: 'Object Repository/RAD_Pages/Landing_Page/button_Close' is clicked on

2023-07-17 21:09:01 - [MESSAGE][PASSED] - Object: 'Object Repository/RAD_Pages/Landing_Page/button_Close' is clicked on

2023-07-17 21:09:01 - [TEST_STEP][PASSED] - openBrowser(""): Browser is opened with url: ''

2023-07-17 21:09:01 - [MESSAGE][WARNING] - A browser is already opened. Closing browser and opening a new one

2023-07-17 21:09:02 - [MESSAGE][INFO] - Starting 'Chrome' driver

2023-07-17 21:09:02 - [MESSAGE][INFO] - User set preference: ['acceptInsecureCerts', 'true']

2023-07-17 21:09:02 - [MESSAGE][INFO] - Action delay is set to 0 milliseconds

2023-07-17 21:09:03 - [MESSAGE][PASSED] - Browser is opened with url: ''

2023-07-17 21:09:03 - [TEST_STEP][PASSED] - maximizeWindow(): Current window maximized

2023-07-17 21:09:03 - [MESSAGE][PASSED] - Current window maximized

2023-07-17 21:09:03 - [TEST_STEP][PASSED] - navigateToUrl(RADurl): Navigate to 'https://qa.velocitypayment.com/client/rad/index.html' successfully

2023-07-17 21:09:05 - [MESSAGE][PASSED] - Navigate to 'https://qa.velocitypayment.com/client/rad/index.html' successfully

2023-07-17 21:09:05 - [TEST_STEP][PASSED] - orPath_Landing = "Object Repository/RAD_Pages/Landing_Page": null

2023-07-17 21:09:05 - [TEST_STEP][PASSED] - orPath = "Object Repository/RAD_Pages/Landing_Page": null

2023-07-17 21:09:05 - [TEST_STEP][PASSED] - orPath_Amount = "Object Repository/RAD_Pages/PaymentAmount_Page": null

2023-07-17 21:09:05 - [TEST_STEP][PASSED] - selectOptionByLabel(findTestObject(orPath_Landing + "/dd_TaxType"), taxTypeDropList[i], false): All options with label 'Sales and Use' are selected in object 'Object Repository/RAD_Pages/Landing_Page/dd_TaxType' 

2023-07-17 21:09:06 - [MESSAGE][PASSED] - All options with label 'Sales and Use' are selected in object 'Object Repository/RAD_Pages/Landing_Page/dd_TaxType' 

2023-07-17 21:09:06 - [TEST_STEP][PASSED] - delay(1): Delayed 1 second(s)

2023-07-17 21:09:07 - [MESSAGE][PASSED] - Delayed 1 second(s)

2023-07-17 21:09:07 - [TEST_STEP][PASSED] - setText(findTestObject(orPath_Amount + "/input__paymentAmount"), ""): Text '' is set on object 'Object Repository/RAD_Pages/PaymentAmount_Page/input__paymentAmount'

2023-07-17 21:09:07 - [MESSAGE][PASSED] - Text '' is set on object 'Object Repository/RAD_Pages/PaymentAmount_Page/input__paymentAmount'

2023-07-17 21:09:07 - [TEST_STEP][PASSED] - click(findTestObject(orPath_Landing + "/a_Click here for details")): Object: 'Object Repository/RAD_Pages/Landing_Page/a_Click here for details' is clicked on

2023-07-17 21:09:10 - [MESSAGE][PASSED] - Object: 'Object Repository/RAD_Pages/Landing_Page/a_Click here for details' is clicked on

2023-07-17 21:09:10 - [TEST_STEP][PASSED] - cfVerbiageQA = "This electronic government service includes a 2.45% service/convenience fee, with a $1.00 minimum, for payments processed through this application. This fee is assessed by Govolution, LLC and will post as a separate transaction. Accepted credit cards include Visa, Mastercard, and Discover.": null

2023-07-17 21:09:10 - [TEST_STEP][PASSED] - cfVerbiageDemo = "This electronic government service includes a 2.45% service/convenience fee, with a $1.00 minimum, for payments processed through this application. This fee is assessed by Govolution, LLC and will post as a separate transaction. Accepted credit cards include Visa, MasterCard, and Discover.": null

2023-07-17 21:09:10 - [TEST_STEP][FAILED] - switch (executionProfile): null

2023-07-17 21:09:10 - [TEST_STEP][FAILED] - case "QAProfile":: null

2023-07-17 21:09:10 - [TEST_STEP][FAILED] - verifyElementText(findTestObject(orPath_Landing + "/div_ServiceFeesVerbiage"), cfVerbiageQA): Actual text 'This electronic government service includes a 2.45% service/convenience fee, with a $1.00 minimum, for payments processed through this application. This fee is assessed by Govolution, LLC and will post as a separate transaction. Accepted credit cards include Visa, Mastercard, Discover, and American Express.' and expected text 'This electronic government service includes a 2.45% service/convenience fee, with a $1.00 minimum, for payments processed through this application. This fee is assessed by Govolution, LLC and will post as a separate transaction. Accepted credit cards include Visa, Mastercard, and Discover.' of test object 'Object Repository/RAD_Pages/Landing_Page/div_ServiceFeesVerbiage' are NOT matched. (Root cause: com.kms.katalon.core.exception.StepFailedException: Actual text 'This electronic government service includes a 2.45% service/convenience fee, with a $1.00 minimum, for payments processed through this application. This fee is assessed by Govolution, LLC and will post as a separate transaction. Accepted credit cards include Visa, Mastercard, Discover, and American Express.' and expected text 'This electronic government service includes a 2.45% service/convenience fee, with a $1.00 minimum, for payments processed through this application. This fee is assessed by Govolution, LLC and will post as a separate transaction. Accepted credit cards include Visa, Mastercard, and Discover.' of test object 'Object Repository/RAD_Pages/Landing_Page/div_ServiceFeesVerbiage' are NOT matched.
	at com.kms.katalon.core.webui.keyword.internal.WebUIKeywordMain.stepFailed(WebUIKeywordMain.groovy:64)
	at com.kms.katalon.core.webui.keyword.builtin.VerifyElementTextKeyword$_verifyElementText_closure1.doCall(VerifyElementTextKeyword.groovy:57)
	at com.kms.katalon.core.webui.keyword.builtin.VerifyElementTextKeyword$_verifyElementText_closure1.call(VerifyElementTextKeyword.groovy)
	at com.kms.katalon.core.webui.keyword.internal.WebUIKeywordMain.runKeyword(WebUIKeywordMain.groovy:20)
	at com.kms.katalon.core.webui.keyword.builtin.VerifyElementTextKeyword.verifyElementText(VerifyElementTextKeyword.groovy:72)
	at com.kms.katalon.core.webui.keyword.builtin.VerifyElementTextKeyword.execute(VerifyElementTextKeyword.groovy:40)
	at com.kms.katalon.core.keyword.internal.KeywordExecutor.executeKeywordForPlatform(KeywordExecutor.groovy:74)
	at com.kms.katalon.core.webui.keyword.WebUiBuiltInKeywords.verifyElementText(WebUiBuiltInKeywords.groovy:4749)
	at com.kms.katalon.core.webui.keyword.WebUiBuiltInKeywords$verifyElementText$15.call(Unknown Source)
	at VerifyServiceFeeVerbiage_UI_TC.run(VerifyServiceFeeVerbiage_UI_TC:65)
	at com.kms.katalon.core.main.ScriptEngine.run(ScriptEngine.java:194)
	at com.kms.katalon.core.main.ScriptEngine.runScriptAsRawText(ScriptEngine.java:119)
	at com.kms.katalon.core.main.TestCaseExecutor.runScript(TestCaseExecutor.java:442)
	at com.kms.katalon.core.main.TestCaseExecutor.doExecute(TestCaseExecutor.java:433)
	at com.kms.katalon.core.main.TestCaseExecutor.processExecutionPhase(TestCaseExecutor.java:412)
	at com.kms.katalon.core.main.TestCaseExecutor.accessMainPhase(TestCaseExecutor.java:404)
	at com.kms.katalon.core.main.TestCaseExecutor.execute(TestCaseExecutor.java:281)
	at com.kms.katalon.core.main.TestSuiteExecutor.accessTestCaseMainPhase(TestSuiteExecutor.java:202)
	at com.kms.katalon.core.main.TestSuiteExecutor.accessTestSuiteMainPhase(TestSuiteExecutor.java:164)
	at com.kms.katalon.core.main.TestSuiteExecutor.execute(TestSuiteExecutor.java:105)
	at com.kms.katalon.core.main.TestCaseMain.startTestSuite(TestCaseMain.java:185)
	at com.kms.katalon.core.main.TestCaseMain$startTestSuite$0.call(Unknown Source)
	at TempTestSuite1689642297796.run(TempTestSuite1689642297796.groovy:36)
)

2023-07-17 21:09:11 - [MESSAGE][FAILED] - Actual text 'This electronic government service includes a 2.45% service/convenience fee, with a $1.00 minimum, for payments processed through this application. This fee is assessed by Govolution, LLC and will post as a separate transaction. Accepted credit cards include Visa, Mastercard, Discover, and American Express.' and expected text 'This electronic government service includes a 2.45% service/convenience fee, with a $1.00 minimum, for payments processed through this application. This fee is assessed by Govolution, LLC and will post as a separate transaction. Accepted credit cards include Visa, Mastercard, and Discover.' of test object 'Object Repository/RAD_Pages/Landing_Page/div_ServiceFeesVerbiage' are NOT matched. (Root cause: com.kms.katalon.core.exception.StepFailedException: Actual text 'This electronic government service includes a 2.45% service/convenience fee, with a $1.00 minimum, for payments processed through this application. This fee is assessed by Govolution, LLC and will post as a separate transaction. Accepted credit cards include Visa, Mastercard, Discover, and American Express.' and expected text 'This electronic government service includes a 2.45% service/convenience fee, with a $1.00 minimum, for payments processed through this application. This fee is assessed by Govolution, LLC and will post as a separate transaction. Accepted credit cards include Visa, Mastercard, and Discover.' of test object 'Object Repository/RAD_Pages/Landing_Page/div_ServiceFeesVerbiage' are NOT matched.
	at com.kms.katalon.core.webui.keyword.internal.WebUIKeywordMain.stepFailed(WebUIKeywordMain.groovy:64)
	at com.kms.katalon.core.webui.keyword.builtin.VerifyElementTextKeyword$_verifyElementText_closure1.doCall(VerifyElementTextKeyword.groovy:57)
	at com.kms.katalon.core.webui.keyword.builtin.VerifyElementTextKeyword$_verifyElementText_closure1.call(VerifyElementTextKeyword.groovy)
	at com.kms.katalon.core.webui.keyword.internal.WebUIKeywordMain.runKeyword(WebUIKeywordMain.groovy:20)
	at com.kms.katalon.core.webui.keyword.builtin.VerifyElementTextKeyword.verifyElementText(VerifyElementTextKeyword.groovy:72)
	at com.kms.katalon.core.webui.keyword.builtin.VerifyElementTextKeyword.execute(VerifyElementTextKeyword.groovy:40)
	at com.kms.katalon.core.keyword.internal.KeywordExecutor.executeKeywordForPlatform(KeywordExecutor.groovy:74)
	at com.kms.katalon.core.webui.keyword.WebUiBuiltInKeywords.verifyElementText(WebUiBuiltInKeywords.groovy:4749)
	at com.kms.katalon.core.webui.keyword.WebUiBuiltInKeywords$verifyElementText$15.call(Unknown Source)
	at VerifyServiceFeeVerbiage_UI_TC.run(VerifyServiceFeeVerbiage_UI_TC:65)
	at com.kms.katalon.core.main.ScriptEngine.run(ScriptEngine.java:194)
	at com.kms.katalon.core.main.ScriptEngine.runScriptAsRawText(ScriptEngine.java:119)
	at com.kms.katalon.core.main.TestCaseExecutor.runScript(TestCaseExecutor.java:442)
	at com.kms.katalon.core.main.TestCaseExecutor.doExecute(TestCaseExecutor.java:433)
	at com.kms.katalon.core.main.TestCaseExecutor.processExecutionPhase(TestCaseExecutor.java:412)
	at com.kms.katalon.core.main.TestCaseExecutor.accessMainPhase(TestCaseExecutor.java:404)
	at com.kms.katalon.core.main.TestCaseExecutor.execute(TestCaseExecutor.java:281)
	at com.kms.katalon.core.main.TestSuiteExecutor.accessTestCaseMainPhase(TestSuiteExecutor.java:202)
	at com.kms.katalon.core.main.TestSuiteExecutor.accessTestSuiteMainPhase(TestSuiteExecutor.java:164)
	at com.kms.katalon.core.main.TestSuiteExecutor.execute(TestSuiteExecutor.java:105)
	at com.kms.katalon.core.main.TestCaseMain.startTestSuite(TestCaseMain.java:185)
	at com.kms.katalon.core.main.TestCaseMain$startTestSuite$0.call(Unknown Source)
	at TempTestSuite1689642297796.run(TempTestSuite1689642297796.groovy:36)
)
[[ATTACHMENT|E:\\Cloned-Project-Katalon\\VPS-Katalon\\Reports\\20230717_210457\\RAD_TestSuite\\RAD_UI_TestSuite\\20230717_210457\\1689642551038.png]]

2023-07-17 21:09:11 - [TEST_STEP][PASSED] - break: null

2023-07-17 21:09:11 - [TEST_STEP][PASSED] - verifyElementPresent(findTestObject(orPath_Landing + "/button_Close"), 30): Object 'Object Repository/RAD_Pages/Landing_Page/button_Close' is present

2023-07-17 21:09:11 - [MESSAGE][PASSED] - Object 'Object Repository/RAD_Pages/Landing_Page/button_Close' is present

2023-07-17 21:09:11 - [TEST_STEP][PASSED] - click(findTestObject(orPath_Landing + "/button_Close")): Object: 'Object Repository/RAD_Pages/Landing_Page/button_Close' is clicked on

2023-07-17 21:09:11 - [MESSAGE][PASSED] - Object: 'Object Repository/RAD_Pages/Landing_Page/button_Close' is clicked on

2023-07-17 21:09:11 - [TEST_STEP][PASSED] - openBrowser(""): Browser is opened with url: ''

2023-07-17 21:09:11 - [MESSAGE][WARNING] - A browser is already opened. Closing browser and opening a new one

2023-07-17 21:09:13 - [MESSAGE][INFO] - Starting 'Chrome' driver

2023-07-17 21:09:13 - [MESSAGE][INFO] - User set preference: ['acceptInsecureCerts', 'true']

2023-07-17 21:09:13 - [MESSAGE][INFO] - Action delay is set to 0 milliseconds

2023-07-17 21:09:14 - [MESSAGE][PASSED] - Browser is opened with url: ''

2023-07-17 21:09:14 - [TEST_STEP][PASSED] - maximizeWindow(): Current window maximized

2023-07-17 21:09:14 - [MESSAGE][PASSED] - Current window maximized

2023-07-17 21:09:14 - [TEST_STEP][PASSED] - navigateToUrl(RADurl): Navigate to 'https://qa.velocitypayment.com/client/rad/index.html' successfully

2023-07-17 21:09:16 - [MESSAGE][PASSED] - Navigate to 'https://qa.velocitypayment.com/client/rad/index.html' successfully

2023-07-17 21:09:16 - [TEST_STEP][PASSED] - orPath_Landing = "Object Repository/RAD_Pages/Landing_Page": null

2023-07-17 21:09:16 - [TEST_STEP][PASSED] - orPath = "Object Repository/RAD_Pages/Landing_Page": null

2023-07-17 21:09:16 - [TEST_STEP][PASSED] - orPath_Amount = "Object Repository/RAD_Pages/PaymentAmount_Page": null

2023-07-17 21:09:16 - [TEST_STEP][FAILED] - selectOptionByLabel(findTestObject(orPath_Landing + "/dd_TaxType"), taxTypeDropList[i], false): Unable to select option by label 'Withholding Tax' of object 'Object Repository/RAD_Pages/Landing_Page/dd_TaxType'  (Root cause: com.kms.katalon.core.exception.StepFailedException: Unable to select option by label 'Withholding Tax' of object 'Object Repository/RAD_Pages/Landing_Page/dd_TaxType' 
	at com.kms.katalon.core.webui.keyword.internal.WebUIKeywordMain.stepFailed(WebUIKeywordMain.groovy:64)
	at com.kms.katalon.core.webui.keyword.internal.WebUIKeywordMain.runKeyword(WebUIKeywordMain.groovy:26)
	at com.kms.katalon.core.webui.keyword.builtin.SelectOptionByLabelKeyword.selectOptionByLabel(SelectOptionByLabelKeyword.groovy:98)
	at com.kms.katalon.core.webui.keyword.builtin.SelectOptionByLabelKeyword.execute(SelectOptionByLabelKeyword.groovy:71)
	at com.kms.katalon.core.keyword.internal.KeywordExecutor.executeKeywordForPlatform(KeywordExecutor.groovy:74)
	at com.kms.katalon.core.webui.keyword.WebUiBuiltInKeywords.selectOptionByLabel(WebUiBuiltInKeywords.groovy:1230)
	at com.kms.katalon.core.webui.keyword.WebUiBuiltInKeywords$selectOptionByLabel$6.call(Unknown Source)
	at VerifyServiceFeeVerbiage_UI_TC.run(VerifyServiceFeeVerbiage_UI_TC:42)
	at com.kms.katalon.core.main.ScriptEngine.run(ScriptEngine.java:194)
	at com.kms.katalon.core.main.ScriptEngine.runScriptAsRawText(ScriptEngine.java:119)
	at com.kms.katalon.core.main.TestCaseExecutor.runScript(TestCaseExecutor.java:442)
	at com.kms.katalon.core.main.TestCaseExecutor.doExecute(TestCaseExecutor.java:433)
	at com.kms.katalon.core.main.TestCaseExecutor.processExecutionPhase(TestCaseExecutor.java:412)
	at com.kms.katalon.core.main.TestCaseExecutor.accessMainPhase(TestCaseExecutor.java:404)
	at com.kms.katalon.core.main.TestCaseExecutor.execute(TestCaseExecutor.java:281)
	at com.kms.katalon.core.main.TestSuiteExecutor.accessTestCaseMainPhase(TestSuiteExecutor.java:202)
	at com.kms.katalon.core.main.TestSuiteExecutor.accessTestSuiteMainPhase(TestSuiteExecutor.java:164)
	at com.kms.katalon.core.main.TestSuiteExecutor.execute(TestSuiteExecutor.java:105)
	at com.kms.katalon.core.main.TestCaseMain.startTestSuite(TestCaseMain.java:185)
	at com.kms.katalon.core.main.TestCaseMain$startTestSuite$0.call(Unknown Source)
	at TempTestSuite1689642297796.run(TempTestSuite1689642297796.groovy:36)
Caused by: org.openqa.selenium.NoSuchElementException: Cannot locate element with text: Withholding Tax
For documentation on this error, please visit: https://www.seleniumhq.org/exceptions/no_such_element.html
Build info: version: '3.141.59', revision: 'e82be7d358', time: '2018-11-14T08:25:53'
System info: host: 'DESKTOP-B2QI6NS', ip: '172.31.253.139', os.name: 'Windows 10', os.arch: 'amd64', os.version: '10.0', java.version: '1.8.0_181'
Driver info: driver.version: unknown
	at org.openqa.selenium.support.ui.Select.selectByVisibleText(Select.java:147)
	at com.kms.katalon.core.webui.common.WebUiCommonHelper.selectOrDeselectOptionsByLabel(WebUiCommonHelper.java:310)
	at com.kms.katalon.core.webui.keyword.builtin.SelectOptionByLabelKeyword$_selectOptionByLabel_closure1.doCall(SelectOptionByLabelKeyword.groovy:87)
	at com.kms.katalon.core.webui.keyword.builtin.SelectOptionByLabelKeyword$_selectOptionByLabel_closure1.call(SelectOptionByLabelKeyword.groovy)
	at com.kms.katalon.core.webui.keyword.internal.WebUIKeywordMain.runKeyword(WebUIKeywordMain.groovy:20)
	at com.kms.katalon.core.webui.keyword.builtin.SelectOptionByLabelKeyword.selectOptionByLabel(SelectOptionByLabelKeyword.groovy:98)
	at com.kms.katalon.core.webui.keyword.builtin.SelectOptionByLabelKeyword.execute(SelectOptionByLabelKeyword.groovy:71)
	at com.kms.katalon.core.keyword.internal.KeywordExecutor.executeKeywordForPlatform(KeywordExecutor.groovy:74)
	at com.kms.katalon.core.webui.keyword.WebUiBuiltInKeywords.selectOptionByLabel(WebUiBuiltInKeywords.groovy:1230)
	at com.kms.katalon.core.webui.keyword.WebUiBuiltInKeywords$selectOptionByLabel$6.call(Unknown Source)
	at Script1635887204249.run(Script1635887204249.groovy:42)
	... 13 more
)

2023-07-17 21:09:17 - [MESSAGE][FAILED] - Unable to select option by label 'Withholding Tax' of object 'Object Repository/RAD_Pages/Landing_Page/dd_TaxType'  (Root cause: com.kms.katalon.core.exception.StepFailedException: Unable to select option by label 'Withholding Tax' of object 'Object Repository/RAD_Pages/Landing_Page/dd_TaxType' 
	at com.kms.katalon.core.webui.keyword.internal.WebUIKeywordMain.stepFailed(WebUIKeywordMain.groovy:64)
	at com.kms.katalon.core.webui.keyword.internal.WebUIKeywordMain.runKeyword(WebUIKeywordMain.groovy:26)
	at com.kms.katalon.core.webui.keyword.builtin.SelectOptionByLabelKeyword.selectOptionByLabel(SelectOptionByLabelKeyword.groovy:98)
	at com.kms.katalon.core.webui.keyword.builtin.SelectOptionByLabelKeyword.execute(SelectOptionByLabelKeyword.groovy:71)
	at com.kms.katalon.core.keyword.internal.KeywordExecutor.executeKeywordForPlatform(KeywordExecutor.groovy:74)
	at com.kms.katalon.core.webui.keyword.WebUiBuiltInKeywords.selectOptionByLabel(WebUiBuiltInKeywords.groovy:1230)
	at com.kms.katalon.core.webui.keyword.WebUiBuiltInKeywords$selectOptionByLabel$6.call(Unknown Source)
	at VerifyServiceFeeVerbiage_UI_TC.run(VerifyServiceFeeVerbiage_UI_TC:42)
	at com.kms.katalon.core.main.ScriptEngine.run(ScriptEngine.java:194)
	at com.kms.katalon.core.main.ScriptEngine.runScriptAsRawText(ScriptEngine.java:119)
	at com.kms.katalon.core.main.TestCaseExecutor.runScript(TestCaseExecutor.java:442)
	at com.kms.katalon.core.main.TestCaseExecutor.doExecute(TestCaseExecutor.java:433)
	at com.kms.katalon.core.main.TestCaseExecutor.processExecutionPhase(TestCaseExecutor.java:412)
	at com.kms.katalon.core.main.TestCaseExecutor.accessMainPhase(TestCaseExecutor.java:404)
	at com.kms.katalon.core.main.TestCaseExecutor.execute(TestCaseExecutor.java:281)
	at com.kms.katalon.core.main.TestSuiteExecutor.accessTestCaseMainPhase(TestSuiteExecutor.java:202)
	at com.kms.katalon.core.main.TestSuiteExecutor.accessTestSuiteMainPhase(TestSuiteExecutor.java:164)
	at com.kms.katalon.core.main.TestSuiteExecutor.execute(TestSuiteExecutor.java:105)
	at com.kms.katalon.core.main.TestCaseMain.startTestSuite(TestCaseMain.java:185)
	at com.kms.katalon.core.main.TestCaseMain$startTestSuite$0.call(Unknown Source)
	at TempTestSuite1689642297796.run(TempTestSuite1689642297796.groovy:36)
Caused by: org.openqa.selenium.NoSuchElementException: Cannot locate element with text: Withholding Tax
For documentation on this error, please visit: https://www.seleniumhq.org/exceptions/no_such_element.html
Build info: version: '3.141.59', revision: 'e82be7d358', time: '2018-11-14T08:25:53'
System info: host: 'DESKTOP-B2QI6NS', ip: '172.31.253.139', os.name: 'Windows 10', os.arch: 'amd64', os.version: '10.0', java.version: '1.8.0_181'
Driver info: driver.version: unknown
	at org.openqa.selenium.support.ui.Select.selectByVisibleText(Select.java:147)
	at com.kms.katalon.core.webui.common.WebUiCommonHelper.selectOrDeselectOptionsByLabel(WebUiCommonHelper.java:310)
	at com.kms.katalon.core.webui.keyword.builtin.SelectOptionByLabelKeyword$_selectOptionByLabel_closure1.doCall(SelectOptionByLabelKeyword.groovy:87)
	at com.kms.katalon.core.webui.keyword.builtin.SelectOptionByLabelKeyword$_selectOptionByLabel_closure1.call(SelectOptionByLabelKeyword.groovy)
	at com.kms.katalon.core.webui.keyword.internal.WebUIKeywordMain.runKeyword(WebUIKeywordMain.groovy:20)
	at com.kms.katalon.core.webui.keyword.builtin.SelectOptionByLabelKeyword.selectOptionByLabel(SelectOptionByLabelKeyword.groovy:98)
	at com.kms.katalon.core.webui.keyword.builtin.SelectOptionByLabelKeyword.execute(SelectOptionByLabelKeyword.groovy:71)
	at com.kms.katalon.core.keyword.internal.KeywordExecutor.executeKeywordForPlatform(KeywordExecutor.groovy:74)
	at com.kms.katalon.core.webui.keyword.WebUiBuiltInKeywords.selectOptionByLabel(WebUiBuiltInKeywords.groovy:1230)
	at com.kms.katalon.core.webui.keyword.WebUiBuiltInKeywords$selectOptionByLabel$6.call(Unknown Source)
	at Script1635887204249.run(Script1635887204249.groovy:42)
	... 13 more
)
[[ATTACHMENT|E:\\Cloned-Project-Katalon\\VPS-Katalon\\Reports\\20230717_210457\\RAD_TestSuite\\RAD_UI_TestSuite\\20230717_210457\\1689642556857.png]]

2023-07-17 21:09:17 - [TEST_STEP][PASSED] - delay(1): Delayed 1 second(s)

2023-07-17 21:09:18 - [MESSAGE][PASSED] - Delayed 1 second(s)

2023-07-17 21:09:18 - [TEST_STEP][FAILED] - setText(findTestObject(orPath_Amount + "/input__paymentAmount"), ""): Unable to set text '' of object 'Object Repository/RAD_Pages/PaymentAmount_Page/input__paymentAmount' (Root cause: com.kms.katalon.core.exception.StepFailedException: Unable to set text '' of object 'Object Repository/RAD_Pages/PaymentAmount_Page/input__paymentAmount'
	at com.kms.katalon.core.webui.keyword.internal.WebUIKeywordMain.stepFailed(WebUIKeywordMain.groovy:64)
	at com.kms.katalon.core.webui.keyword.internal.WebUIKeywordMain.runKeyword(WebUIKeywordMain.groovy:26)
	at com.kms.katalon.core.webui.keyword.builtin.SetTextKeyword.setText(SetTextKeyword.groovy:66)
	at com.kms.katalon.core.webui.keyword.builtin.SetTextKeyword.execute(SetTextKeyword.groovy:37)
	at com.kms.katalon.core.keyword.internal.KeywordExecutor.executeKeywordForPlatform(KeywordExecutor.groovy:74)
	at com.kms.katalon.core.webui.keyword.WebUiBuiltInKeywords.setText(WebUiBuiltInKeywords.groovy:980)
	at com.kms.katalon.core.webui.keyword.WebUiBuiltInKeywords$setText$14.call(Unknown Source)
	at VerifyServiceFeeVerbiage_UI_TC.run(VerifyServiceFeeVerbiage_UI_TC:46)
	at com.kms.katalon.core.main.ScriptEngine.run(ScriptEngine.java:194)
	at com.kms.katalon.core.main.ScriptEngine.runScriptAsRawText(ScriptEngine.java:119)
	at com.kms.katalon.core.main.TestCaseExecutor.runScript(TestCaseExecutor.java:442)
	at com.kms.katalon.core.main.TestCaseExecutor.doExecute(TestCaseExecutor.java:433)
	at com.kms.katalon.core.main.TestCaseExecutor.processExecutionPhase(TestCaseExecutor.java:412)
	at com.kms.katalon.core.main.TestCaseExecutor.accessMainPhase(TestCaseExecutor.java:404)
	at com.kms.katalon.core.main.TestCaseExecutor.execute(TestCaseExecutor.java:281)
	at com.kms.katalon.core.main.TestSuiteExecutor.accessTestCaseMainPhase(TestSuiteExecutor.java:202)
	at com.kms.katalon.core.main.TestSuiteExecutor.accessTestSuiteMainPhase(TestSuiteExecutor.java:164)
	at com.kms.katalon.core.main.TestSuiteExecutor.execute(TestSuiteExecutor.java:105)
	at com.kms.katalon.core.main.TestCaseMain.startTestSuite(TestCaseMain.java:185)
	at com.kms.katalon.core.main.TestCaseMain$startTestSuite$0.call(Unknown Source)
	at TempTestSuite1689642297796.run(TempTestSuite1689642297796.groovy:36)
Caused by: org.openqa.selenium.ElementNotInteractableException: element not interactable
  (Session info: chrome=114.0.5735.199)
Build info: version: '3.141.59', revision: 'e82be7d358', time: '2018-11-14T08:25:53'
System info: host: 'DESKTOP-B2QI6NS', ip: '172.31.253.139', os.name: 'Windows 10', os.arch: 'amd64', os.version: '10.0', java.version: '1.8.0_181'
Driver info: com.kms.katalon.selenium.driver.CChromeDriver
Capabilities {acceptInsecureCerts: true, browserName: chrome, browserVersion: 114.0.5735.199, chrome: {chromedriverVersion: 113.0.5672.63 (0e1a4471d5ae..., userDataDir: C:\Users\imtiaz\AppData\Loc...}, goog:chromeOptions: {debuggerAddress: localhost:52766}, javascriptEnabled: true, networkConnectionEnabled: false, pageLoadStrategy: normal, platform: WINDOWS, platformName: WINDOWS, proxy: Proxy(), setWindowRect: true, strictFileInteractability: false, timeouts: {implicit: 0, pageLoad: 300000, script: 30000}, unhandledPromptBehavior: dismiss and notify, webauthn:extension:credBlob: true, webauthn:extension:largeBlob: true, webauthn:extension:minPinLength: true, webauthn:extension:prf: true, webauthn:virtualAuthenticators: true}
Session ID: d7141b879fe10f7b19e6dc238e85e04c
	at org.openqa.selenium.remote.http.W3CHttpResponseCodec.createException(W3CHttpResponseCodec.java:187)
	at org.openqa.selenium.remote.http.W3CHttpResponseCodec.decode(W3CHttpResponseCodec.java:122)
	at org.openqa.selenium.remote.http.W3CHttpResponseCodec.decode(W3CHttpResponseCodec.java:49)
	at org.openqa.selenium.remote.HttpCommandExecutor.execute(HttpCommandExecutor.java:158)
	at org.openqa.selenium.remote.service.DriverCommandExecutor.execute(DriverCommandExecutor.java:83)
	at org.openqa.selenium.remote.RemoteWebDriver.execute(RemoteWebDriver.java:552)
	at com.kms.katalon.selenium.driver.CChromeDriver.execute(CChromeDriver.java:19)
	at org.openqa.selenium.remote.RemoteWebElement.execute(RemoteWebElement.java:285)
	at org.openqa.selenium.remote.RemoteWebElement.clear(RemoteWebElement.java:124)
	at org.openqa.selenium.support.events.EventFiringWebDriver$EventFiringWebElement.lambda$new$0(EventFiringWebDriver.java:404)
	at com.sun.proxy.$Proxy11.clear(Unknown Source)
	at org.openqa.selenium.support.events.EventFiringWebDriver$EventFiringWebElement.clear(EventFiringWebDriver.java:436)
	at com.kms.katalon.core.webui.keyword.builtin.SetTextKeyword$_setText_closure1.doCall(SetTextKeyword.groovy:53)
	at com.kms.katalon.core.webui.keyword.builtin.SetTextKeyword$_setText_closure1.call(SetTextKeyword.groovy)
	at com.kms.katalon.core.webui.keyword.internal.WebUIKeywordMain.runKeyword(WebUIKeywordMain.groovy:20)
	at com.kms.katalon.core.webui.keyword.builtin.SetTextKeyword.setText(SetTextKeyword.groovy:66)
	at com.kms.katalon.core.webui.keyword.builtin.SetTextKeyword.execute(SetTextKeyword.groovy:37)
	at com.kms.katalon.core.keyword.internal.KeywordExecutor.executeKeywordForPlatform(KeywordExecutor.groovy:74)
	at com.kms.katalon.core.webui.keyword.WebUiBuiltInKeywords.setText(WebUiBuiltInKeywords.groovy:980)
	at com.kms.katalon.core.webui.keyword.WebUiBuiltInKeywords$setText$14.call(Unknown Source)
	at Script1635887204249.run(Script1635887204249.groovy:46)
	... 13 more
)

2023-07-17 21:09:18 - [MESSAGE][FAILED] - Unable to set text '' of object 'Object Repository/RAD_Pages/PaymentAmount_Page/input__paymentAmount' (Root cause: com.kms.katalon.core.exception.StepFailedException: Unable to set text '' of object 'Object Repository/RAD_Pages/PaymentAmount_Page/input__paymentAmount'
	at com.kms.katalon.core.webui.keyword.internal.WebUIKeywordMain.stepFailed(WebUIKeywordMain.groovy:64)
	at com.kms.katalon.core.webui.keyword.internal.WebUIKeywordMain.runKeyword(WebUIKeywordMain.groovy:26)
	at com.kms.katalon.core.webui.keyword.builtin.SetTextKeyword.setText(SetTextKeyword.groovy:66)
	at com.kms.katalon.core.webui.keyword.builtin.SetTextKeyword.execute(SetTextKeyword.groovy:37)
	at com.kms.katalon.core.keyword.internal.KeywordExecutor.executeKeywordForPlatform(KeywordExecutor.groovy:74)
	at com.kms.katalon.core.webui.keyword.WebUiBuiltInKeywords.setText(WebUiBuiltInKeywords.groovy:980)
	at com.kms.katalon.core.webui.keyword.WebUiBuiltInKeywords$setText$14.call(Unknown Source)
	at VerifyServiceFeeVerbiage_UI_TC.run(VerifyServiceFeeVerbiage_UI_TC:46)
	at com.kms.katalon.core.main.ScriptEngine.run(ScriptEngine.java:194)
	at com.kms.katalon.core.main.ScriptEngine.runScriptAsRawText(ScriptEngine.java:119)
	at com.kms.katalon.core.main.TestCaseExecutor.runScript(TestCaseExecutor.java:442)
	at com.kms.katalon.core.main.TestCaseExecutor.doExecute(TestCaseExecutor.java:433)
	at com.kms.katalon.core.main.TestCaseExecutor.processExecutionPhase(TestCaseExecutor.java:412)
	at com.kms.katalon.core.main.TestCaseExecutor.accessMainPhase(TestCaseExecutor.java:404)
	at com.kms.katalon.core.main.TestCaseExecutor.execute(TestCaseExecutor.java:281)
	at com.kms.katalon.core.main.TestSuiteExecutor.accessTestCaseMainPhase(TestSuiteExecutor.java:202)
	at com.kms.katalon.core.main.TestSuiteExecutor.accessTestSuiteMainPhase(TestSuiteExecutor.java:164)
	at com.kms.katalon.core.main.TestSuiteExecutor.execute(TestSuiteExecutor.java:105)
	at com.kms.katalon.core.main.TestCaseMain.startTestSuite(TestCaseMain.java:185)
	at com.kms.katalon.core.main.TestCaseMain$startTestSuite$0.call(Unknown Source)
	at TempTestSuite1689642297796.run(TempTestSuite1689642297796.groovy:36)
Caused by: org.openqa.selenium.ElementNotInteractableException: element not interactable
  (Session info: chrome=114.0.5735.199)
Build info: version: '3.141.59', revision: 'e82be7d358', time: '2018-11-14T08:25:53'
System info: host: 'DESKTOP-B2QI6NS', ip: '172.31.253.139', os.name: 'Windows 10', os.arch: 'amd64', os.version: '10.0', java.version: '1.8.0_181'
Driver info: com.kms.katalon.selenium.driver.CChromeDriver
Capabilities {acceptInsecureCerts: true, browserName: chrome, browserVersion: 114.0.5735.199, chrome: {chromedriverVersion: 113.0.5672.63 (0e1a4471d5ae..., userDataDir: C:\Users\imtiaz\AppData\Loc...}, goog:chromeOptions: {debuggerAddress: localhost:52766}, javascriptEnabled: true, networkConnectionEnabled: false, pageLoadStrategy: normal, platform: WINDOWS, platformName: WINDOWS, proxy: Proxy(), setWindowRect: true, strictFileInteractability: false, timeouts: {implicit: 0, pageLoad: 300000, script: 30000}, unhandledPromptBehavior: dismiss and notify, webauthn:extension:credBlob: true, webauthn:extension:largeBlob: true, webauthn:extension:minPinLength: true, webauthn:extension:prf: true, webauthn:virtualAuthenticators: true}
Session ID: d7141b879fe10f7b19e6dc238e85e04c
	at org.openqa.selenium.remote.http.W3CHttpResponseCodec.createException(W3CHttpResponseCodec.java:187)
	at org.openqa.selenium.remote.http.W3CHttpResponseCodec.decode(W3CHttpResponseCodec.java:122)
	at org.openqa.selenium.remote.http.W3CHttpResponseCodec.decode(W3CHttpResponseCodec.java:49)
	at org.openqa.selenium.remote.HttpCommandExecutor.execute(HttpCommandExecutor.java:158)
	at org.openqa.selenium.remote.service.DriverCommandExecutor.execute(DriverCommandExecutor.java:83)
	at org.openqa.selenium.remote.RemoteWebDriver.execute(RemoteWebDriver.java:552)
	at com.kms.katalon.selenium.driver.CChromeDriver.execute(CChromeDriver.java:19)
	at org.openqa.selenium.remote.RemoteWebElement.execute(RemoteWebElement.java:285)
	at org.openqa.selenium.remote.RemoteWebElement.clear(RemoteWebElement.java:124)
	at org.openqa.selenium.support.events.EventFiringWebDriver$EventFiringWebElement.lambda$new$0(EventFiringWebDriver.java:404)
	at com.sun.proxy.$Proxy11.clear(Unknown Source)
	at org.openqa.selenium.support.events.EventFiringWebDriver$EventFiringWebElement.clear(EventFiringWebDriver.java:436)
	at com.kms.katalon.core.webui.keyword.builtin.SetTextKeyword$_setText_closure1.doCall(SetTextKeyword.groovy:53)
	at com.kms.katalon.core.webui.keyword.builtin.SetTextKeyword$_setText_closure1.call(SetTextKeyword.groovy)
	at com.kms.katalon.core.webui.keyword.internal.WebUIKeywordMain.runKeyword(WebUIKeywordMain.groovy:20)
	at com.kms.katalon.core.webui.keyword.builtin.SetTextKeyword.setText(SetTextKeyword.groovy:66)
	at com.kms.katalon.core.webui.keyword.builtin.SetTextKeyword.execute(SetTextKeyword.groovy:37)
	at com.kms.katalon.core.keyword.internal.KeywordExecutor.executeKeywordForPlatform(KeywordExecutor.groovy:74)
	at com.kms.katalon.core.webui.keyword.WebUiBuiltInKeywords.setText(WebUiBuiltInKeywords.groovy:980)
	at com.kms.katalon.core.webui.keyword.WebUiBuiltInKeywords$setText$14.call(Unknown Source)
	at Script1635887204249.run(Script1635887204249.groovy:46)
	... 13 more
)
[[ATTACHMENT|E:\\Cloned-Project-Katalon\\VPS-Katalon\\Reports\\20230717_210457\\RAD_TestSuite\\RAD_UI_TestSuite\\20230717_210457\\1689642558413.png]]

2023-07-17 21:09:18 - [TEST_STEP][FAILED] - click(findTestObject(orPath_Landing + "/a_Click here for details")): Unable to click on object 'Object Repository/RAD_Pages/Landing_Page/a_Click here for details' (Root cause: com.kms.katalon.core.exception.StepFailedException: Unable to click on object 'Object Repository/RAD_Pages/Landing_Page/a_Click here for details'
	at com.kms.katalon.core.webui.keyword.internal.WebUIKeywordMain.stepFailed(WebUIKeywordMain.groovy:64)
	at com.kms.katalon.core.webui.keyword.internal.WebUIKeywordMain.runKeyword(WebUIKeywordMain.groovy:26)
	at com.kms.katalon.core.webui.keyword.builtin.ClickKeyword.click(ClickKeyword.groovy:74)
	at com.kms.katalon.core.webui.keyword.builtin.ClickKeyword.execute(ClickKeyword.groovy:40)
	at com.kms.katalon.core.keyword.internal.KeywordExecutor.executeKeywordForPlatform(KeywordExecutor.groovy:74)
	at com.kms.katalon.core.webui.keyword.WebUiBuiltInKeywords.click(WebUiBuiltInKeywords.groovy:620)
	at com.kms.katalon.core.webui.keyword.WebUiBuiltInKeywords$click$10.call(Unknown Source)
	at VerifyServiceFeeVerbiage_UI_TC.run(VerifyServiceFeeVerbiage_UI_TC:48)
	at com.kms.katalon.core.main.ScriptEngine.run(ScriptEngine.java:194)
	at com.kms.katalon.core.main.ScriptEngine.runScriptAsRawText(ScriptEngine.java:119)
	at com.kms.katalon.core.main.TestCaseExecutor.runScript(TestCaseExecutor.java:442)
	at com.kms.katalon.core.main.TestCaseExecutor.doExecute(TestCaseExecutor.java:433)
	at com.kms.katalon.core.main.TestCaseExecutor.processExecutionPhase(TestCaseExecutor.java:412)
	at com.kms.katalon.core.main.TestCaseExecutor.accessMainPhase(TestCaseExecutor.java:404)
	at com.kms.katalon.core.main.TestCaseExecutor.execute(TestCaseExecutor.java:281)
	at com.kms.katalon.core.main.TestSuiteExecutor.accessTestCaseMainPhase(TestSuiteExecutor.java:202)
	at com.kms.katalon.core.main.TestSuiteExecutor.accessTestSuiteMainPhase(TestSuiteExecutor.java:164)
	at com.kms.katalon.core.main.TestSuiteExecutor.execute(TestSuiteExecutor.java:105)
	at com.kms.katalon.core.main.TestCaseMain.startTestSuite(TestCaseMain.java:185)
	at com.kms.katalon.core.main.TestCaseMain$startTestSuite$0.call(Unknown Source)
	at TempTestSuite1689642297796.run(TempTestSuite1689642297796.groovy:36)
Caused by: org.openqa.selenium.ElementNotInteractableException: element not interactable
  (Session info: chrome=114.0.5735.199)
Build info: version: '3.141.59', revision: 'e82be7d358', time: '2018-11-14T08:25:53'
System info: host: 'DESKTOP-B2QI6NS', ip: '172.31.253.139', os.name: 'Windows 10', os.arch: 'amd64', os.version: '10.0', java.version: '1.8.0_181'
Driver info: com.kms.katalon.selenium.driver.CChromeDriver
Capabilities {acceptInsecureCerts: true, browserName: chrome, browserVersion: 114.0.5735.199, chrome: {chromedriverVersion: 113.0.5672.63 (0e1a4471d5ae..., userDataDir: C:\Users\imtiaz\AppData\Loc...}, goog:chromeOptions: {debuggerAddress: localhost:52766}, javascriptEnabled: true, networkConnectionEnabled: false, pageLoadStrategy: normal, platform: WINDOWS, platformName: WINDOWS, proxy: Proxy(), setWindowRect: true, strictFileInteractability: false, timeouts: {implicit: 0, pageLoad: 300000, script: 30000}, unhandledPromptBehavior: dismiss and notify, webauthn:extension:credBlob: true, webauthn:extension:largeBlob: true, webauthn:extension:minPinLength: true, webauthn:extension:prf: true, webauthn:virtualAuthenticators: true}
Session ID: d7141b879fe10f7b19e6dc238e85e04c
	at org.openqa.selenium.remote.http.W3CHttpResponseCodec.createException(W3CHttpResponseCodec.java:187)
	at org.openqa.selenium.remote.http.W3CHttpResponseCodec.decode(W3CHttpResponseCodec.java:122)
	at org.openqa.selenium.remote.http.W3CHttpResponseCodec.decode(W3CHttpResponseCodec.java:49)
	at org.openqa.selenium.remote.HttpCommandExecutor.execute(HttpCommandExecutor.java:158)
	at org.openqa.selenium.remote.service.DriverCommandExecutor.execute(DriverCommandExecutor.java:83)
	at org.openqa.selenium.remote.RemoteWebDriver.execute(RemoteWebDriver.java:552)
	at com.kms.katalon.selenium.driver.CChromeDriver.execute(CChromeDriver.java:19)
	at org.openqa.selenium.remote.RemoteWebElement.execute(RemoteWebElement.java:285)
	at org.openqa.selenium.remote.RemoteWebElement.click(RemoteWebElement.java:84)
	at org.openqa.selenium.support.events.EventFiringWebDriver$EventFiringWebElement.lambda$new$0(EventFiringWebDriver.java:404)
	at com.sun.proxy.$Proxy11.click(Unknown Source)
	at org.openqa.selenium.support.events.EventFiringWebDriver$EventFiringWebElement.click(EventFiringWebDriver.java:417)
	at org.openqa.selenium.WebElement$click$0.call(Unknown Source)
	at com.kms.katalon.core.webui.keyword.builtin.ClickKeyword.clickUntilSuccessWithTimeout(ClickKeyword.groovy:81)
	at com.kms.katalon.core.webui.keyword.builtin.ClickKeyword.clickUntilSuccessWithTimeout(ClickKeyword.groovy)
	at com.kms.katalon.core.webui.keyword.builtin.ClickKeyword$_click_closure1.doCall(ClickKeyword.groovy:67)
	at com.kms.katalon.core.webui.keyword.builtin.ClickKeyword$_click_closure1.call(ClickKeyword.groovy)
	at com.kms.katalon.core.webui.keyword.internal.WebUIKeywordMain.runKeyword(WebUIKeywordMain.groovy:20)
	at com.kms.katalon.core.webui.keyword.builtin.ClickKeyword.click(ClickKeyword.groovy:74)
	at com.kms.katalon.core.webui.keyword.builtin.ClickKeyword.execute(ClickKeyword.groovy:40)
	at com.kms.katalon.core.keyword.internal.KeywordExecutor.executeKeywordForPlatform(KeywordExecutor.groovy:74)
	at com.kms.katalon.core.webui.keyword.WebUiBuiltInKeywords.click(WebUiBuiltInKeywords.groovy:620)
	at com.kms.katalon.core.webui.keyword.WebUiBuiltInKeywords$click$10.call(Unknown Source)
	at Script1635887204249.run(Script1635887204249.groovy:48)
	... 13 more
)

2023-07-17 21:09:19 - [MESSAGE][FAILED] - Unable to click on object 'Object Repository/RAD_Pages/Landing_Page/a_Click here for details' (Root cause: com.kms.katalon.core.exception.StepFailedException: Unable to click on object 'Object Repository/RAD_Pages/Landing_Page/a_Click here for details'
	at com.kms.katalon.core.webui.keyword.internal.WebUIKeywordMain.stepFailed(WebUIKeywordMain.groovy:64)
	at com.kms.katalon.core.webui.keyword.internal.WebUIKeywordMain.runKeyword(WebUIKeywordMain.groovy:26)
	at com.kms.katalon.core.webui.keyword.builtin.ClickKeyword.click(ClickKeyword.groovy:74)
	at com.kms.katalon.core.webui.keyword.builtin.ClickKeyword.execute(ClickKeyword.groovy:40)
	at com.kms.katalon.core.keyword.internal.KeywordExecutor.executeKeywordForPlatform(KeywordExecutor.groovy:74)
	at com.kms.katalon.core.webui.keyword.WebUiBuiltInKeywords.click(WebUiBuiltInKeywords.groovy:620)
	at com.kms.katalon.core.webui.keyword.WebUiBuiltInKeywords$click$10.call(Unknown Source)
	at VerifyServiceFeeVerbiage_UI_TC.run(VerifyServiceFeeVerbiage_UI_TC:48)
	at com.kms.katalon.core.main.ScriptEngine.run(ScriptEngine.java:194)
	at com.kms.katalon.core.main.ScriptEngine.runScriptAsRawText(ScriptEngine.java:119)
	at com.kms.katalon.core.main.TestCaseExecutor.runScript(TestCaseExecutor.java:442)
	at com.kms.katalon.core.main.TestCaseExecutor.doExecute(TestCaseExecutor.java:433)
	at com.kms.katalon.core.main.TestCaseExecutor.processExecutionPhase(TestCaseExecutor.java:412)
	at com.kms.katalon.core.main.TestCaseExecutor.accessMainPhase(TestCaseExecutor.java:404)
	at com.kms.katalon.core.main.TestCaseExecutor.execute(TestCaseExecutor.java:281)
	at com.kms.katalon.core.main.TestSuiteExecutor.accessTestCaseMainPhase(TestSuiteExecutor.java:202)
	at com.kms.katalon.core.main.TestSuiteExecutor.accessTestSuiteMainPhase(TestSuiteExecutor.java:164)
	at com.kms.katalon.core.main.TestSuiteExecutor.execute(TestSuiteExecutor.java:105)
	at com.kms.katalon.core.main.TestCaseMain.startTestSuite(TestCaseMain.java:185)
	at com.kms.katalon.core.main.TestCaseMain$startTestSuite$0.call(Unknown Source)
	at TempTestSuite1689642297796.run(TempTestSuite1689642297796.groovy:36)
Caused by: org.openqa.selenium.ElementNotInteractableException: element not interactable
  (Session info: chrome=114.0.5735.199)
Build info: version: '3.141.59', revision: 'e82be7d358', time: '2018-11-14T08:25:53'
System info: host: 'DESKTOP-B2QI6NS', ip: '172.31.253.139', os.name: 'Windows 10', os.arch: 'amd64', os.version: '10.0', java.version: '1.8.0_181'
Driver info: com.kms.katalon.selenium.driver.CChromeDriver
Capabilities {acceptInsecureCerts: true, browserName: chrome, browserVersion: 114.0.5735.199, chrome: {chromedriverVersion: 113.0.5672.63 (0e1a4471d5ae..., userDataDir: C:\Users\imtiaz\AppData\Loc...}, goog:chromeOptions: {debuggerAddress: localhost:52766}, javascriptEnabled: true, networkConnectionEnabled: false, pageLoadStrategy: normal, platform: WINDOWS, platformName: WINDOWS, proxy: Proxy(), setWindowRect: true, strictFileInteractability: false, timeouts: {implicit: 0, pageLoad: 300000, script: 30000}, unhandledPromptBehavior: dismiss and notify, webauthn:extension:credBlob: true, webauthn:extension:largeBlob: true, webauthn:extension:minPinLength: true, webauthn:extension:prf: true, webauthn:virtualAuthenticators: true}
Session ID: d7141b879fe10f7b19e6dc238e85e04c
	at org.openqa.selenium.remote.http.W3CHttpResponseCodec.createException(W3CHttpResponseCodec.java:187)
	at org.openqa.selenium.remote.http.W3CHttpResponseCodec.decode(W3CHttpResponseCodec.java:122)
	at org.openqa.selenium.remote.http.W3CHttpResponseCodec.decode(W3CHttpResponseCodec.java:49)
	at org.openqa.selenium.remote.HttpCommandExecutor.execute(HttpCommandExecutor.java:158)
	at org.openqa.selenium.remote.service.DriverCommandExecutor.execute(DriverCommandExecutor.java:83)
	at org.openqa.selenium.remote.RemoteWebDriver.execute(RemoteWebDriver.java:552)
	at com.kms.katalon.selenium.driver.CChromeDriver.execute(CChromeDriver.java:19)
	at org.openqa.selenium.remote.RemoteWebElement.execute(RemoteWebElement.java:285)
	at org.openqa.selenium.remote.RemoteWebElement.click(RemoteWebElement.java:84)
	at org.openqa.selenium.support.events.EventFiringWebDriver$EventFiringWebElement.lambda$new$0(EventFiringWebDriver.java:404)
	at com.sun.proxy.$Proxy11.click(Unknown Source)
	at org.openqa.selenium.support.events.EventFiringWebDriver$EventFiringWebElement.click(EventFiringWebDriver.java:417)
	at org.openqa.selenium.WebElement$click$0.call(Unknown Source)
	at com.kms.katalon.core.webui.keyword.builtin.ClickKeyword.clickUntilSuccessWithTimeout(ClickKeyword.groovy:81)
	at com.kms.katalon.core.webui.keyword.builtin.ClickKeyword.clickUntilSuccessWithTimeout(ClickKeyword.groovy)
	at com.kms.katalon.core.webui.keyword.builtin.ClickKeyword$_click_closure1.doCall(ClickKeyword.groovy:67)
	at com.kms.katalon.core.webui.keyword.builtin.ClickKeyword$_click_closure1.call(ClickKeyword.groovy)
	at com.kms.katalon.core.webui.keyword.internal.WebUIKeywordMain.runKeyword(WebUIKeywordMain.groovy:20)
	at com.kms.katalon.core.webui.keyword.builtin.ClickKeyword.click(ClickKeyword.groovy:74)
	at com.kms.katalon.core.webui.keyword.builtin.ClickKeyword.execute(ClickKeyword.groovy:40)
	at com.kms.katalon.core.keyword.internal.KeywordExecutor.executeKeywordForPlatform(KeywordExecutor.groovy:74)
	at com.kms.katalon.core.webui.keyword.WebUiBuiltInKeywords.click(WebUiBuiltInKeywords.groovy:620)
	at com.kms.katalon.core.webui.keyword.WebUiBuiltInKeywords$click$10.call(Unknown Source)
	at Script1635887204249.run(Script1635887204249.groovy:48)
	... 13 more
)
[[ATTACHMENT|E:\\Cloned-Project-Katalon\\VPS-Katalon\\Reports\\20230717_210457\\RAD_TestSuite\\RAD_UI_TestSuite\\20230717_210457\\1689642558940.png]]

2023-07-17 21:09:19 - [TEST_STEP][PASSED] - cfVerbiageQA = "This electronic government service includes a 2.45% service/convenience fee, with a $1.00 minimum, for payments processed through this application. This fee is assessed by Govolution, LLC and will post as a separate transaction. Accepted credit cards include Visa, Mastercard, and Discover.": null

2023-07-17 21:09:19 - [TEST_STEP][PASSED] - cfVerbiageDemo = "This electronic government service includes a 2.45% service/convenience fee, with a $1.00 minimum, for payments processed through this application. This fee is assessed by Govolution, LLC and will post as a separate transaction. Accepted credit cards include Visa, MasterCard, and Discover.": null

2023-07-17 21:09:19 - [TEST_STEP][FAILED] - switch (executionProfile): null

2023-07-17 21:09:19 - [TEST_STEP][FAILED] - case "QAProfile":: null

2023-07-17 21:09:19 - [TEST_STEP][FAILED] - verifyElementText(findTestObject(orPath_Landing + "/div_ServiceFeesVerbiage"), cfVerbiageQA): Actual text '' and expected text 'This electronic government service includes a 2.45% service/convenience fee, with a $1.00 minimum, for payments processed through this application. This fee is assessed by Govolution, LLC and will post as a separate transaction. Accepted credit cards include Visa, Mastercard, and Discover.' of test object 'Object Repository/RAD_Pages/Landing_Page/div_ServiceFeesVerbiage' are NOT matched. (Root cause: com.kms.katalon.core.exception.StepFailedException: Actual text '' and expected text 'This electronic government service includes a 2.45% service/convenience fee, with a $1.00 minimum, for payments processed through this application. This fee is assessed by Govolution, LLC and will post as a separate transaction. Accepted credit cards include Visa, Mastercard, and Discover.' of test object 'Object Repository/RAD_Pages/Landing_Page/div_ServiceFeesVerbiage' are NOT matched.
	at com.kms.katalon.core.webui.keyword.internal.WebUIKeywordMain.stepFailed(WebUIKeywordMain.groovy:64)
	at com.kms.katalon.core.webui.keyword.builtin.VerifyElementTextKeyword$_verifyElementText_closure1.doCall(VerifyElementTextKeyword.groovy:57)
	at com.kms.katalon.core.webui.keyword.builtin.VerifyElementTextKeyword$_verifyElementText_closure1.call(VerifyElementTextKeyword.groovy)
	at com.kms.katalon.core.webui.keyword.internal.WebUIKeywordMain.runKeyword(WebUIKeywordMain.groovy:20)
	at com.kms.katalon.core.webui.keyword.builtin.VerifyElementTextKeyword.verifyElementText(VerifyElementTextKeyword.groovy:72)
	at com.kms.katalon.core.webui.keyword.builtin.VerifyElementTextKeyword.execute(VerifyElementTextKeyword.groovy:40)
	at com.kms.katalon.core.keyword.internal.KeywordExecutor.executeKeywordForPlatform(KeywordExecutor.groovy:74)
	at com.kms.katalon.core.webui.keyword.WebUiBuiltInKeywords.verifyElementText(WebUiBuiltInKeywords.groovy:4749)
	at com.kms.katalon.core.webui.keyword.WebUiBuiltInKeywords$verifyElementText$15.call(Unknown Source)
	at VerifyServiceFeeVerbiage_UI_TC.run(VerifyServiceFeeVerbiage_UI_TC:65)
	at com.kms.katalon.core.main.ScriptEngine.run(ScriptEngine.java:194)
	at com.kms.katalon.core.main.ScriptEngine.runScriptAsRawText(ScriptEngine.java:119)
	at com.kms.katalon.core.main.TestCaseExecutor.runScript(TestCaseExecutor.java:442)
	at com.kms.katalon.core.main.TestCaseExecutor.doExecute(TestCaseExecutor.java:433)
	at com.kms.katalon.core.main.TestCaseExecutor.processExecutionPhase(TestCaseExecutor.java:412)
	at com.kms.katalon.core.main.TestCaseExecutor.accessMainPhase(TestCaseExecutor.java:404)
	at com.kms.katalon.core.main.TestCaseExecutor.execute(TestCaseExecutor.java:281)
	at com.kms.katalon.core.main.TestSuiteExecutor.accessTestCaseMainPhase(TestSuiteExecutor.java:202)
	at com.kms.katalon.core.main.TestSuiteExecutor.accessTestSuiteMainPhase(TestSuiteExecutor.java:164)
	at com.kms.katalon.core.main.TestSuiteExecutor.execute(TestSuiteExecutor.java:105)
	at com.kms.katalon.core.main.TestCaseMain.startTestSuite(TestCaseMain.java:185)
	at com.kms.katalon.core.main.TestCaseMain$startTestSuite$0.call(Unknown Source)
	at TempTestSuite1689642297796.run(TempTestSuite1689642297796.groovy:36)
)

2023-07-17 21:09:19 - [MESSAGE][FAILED] - Actual text '' and expected text 'This electronic government service includes a 2.45% service/convenience fee, with a $1.00 minimum, for payments processed through this application. This fee is assessed by Govolution, LLC and will post as a separate transaction. Accepted credit cards include Visa, Mastercard, and Discover.' of test object 'Object Repository/RAD_Pages/Landing_Page/div_ServiceFeesVerbiage' are NOT matched. (Root cause: com.kms.katalon.core.exception.StepFailedException: Actual text '' and expected text 'This electronic government service includes a 2.45% service/convenience fee, with a $1.00 minimum, for payments processed through this application. This fee is assessed by Govolution, LLC and will post as a separate transaction. Accepted credit cards include Visa, Mastercard, and Discover.' of test object 'Object Repository/RAD_Pages/Landing_Page/div_ServiceFeesVerbiage' are NOT matched.
	at com.kms.katalon.core.webui.keyword.internal.WebUIKeywordMain.stepFailed(WebUIKeywordMain.groovy:64)
	at com.kms.katalon.core.webui.keyword.builtin.VerifyElementTextKeyword$_verifyElementText_closure1.doCall(VerifyElementTextKeyword.groovy:57)
	at com.kms.katalon.core.webui.keyword.builtin.VerifyElementTextKeyword$_verifyElementText_closure1.call(VerifyElementTextKeyword.groovy)
	at com.kms.katalon.core.webui.keyword.internal.WebUIKeywordMain.runKeyword(WebUIKeywordMain.groovy:20)
	at com.kms.katalon.core.webui.keyword.builtin.VerifyElementTextKeyword.verifyElementText(VerifyElementTextKeyword.groovy:72)
	at com.kms.katalon.core.webui.keyword.builtin.VerifyElementTextKeyword.execute(VerifyElementTextKeyword.groovy:40)
	at com.kms.katalon.core.keyword.internal.KeywordExecutor.executeKeywordForPlatform(KeywordExecutor.groovy:74)
	at com.kms.katalon.core.webui.keyword.WebUiBuiltInKeywords.verifyElementText(WebUiBuiltInKeywords.groovy:4749)
	at com.kms.katalon.core.webui.keyword.WebUiBuiltInKeywords$verifyElementText$15.call(Unknown Source)
	at VerifyServiceFeeVerbiage_UI_TC.run(VerifyServiceFeeVerbiage_UI_TC:65)
	at com.kms.katalon.core.main.ScriptEngine.run(ScriptEngine.java:194)
	at com.kms.katalon.core.main.ScriptEngine.runScriptAsRawText(ScriptEngine.java:119)
	at com.kms.katalon.core.main.TestCaseExecutor.runScript(TestCaseExecutor.java:442)
	at com.kms.katalon.core.main.TestCaseExecutor.doExecute(TestCaseExecutor.java:433)
	at com.kms.katalon.core.main.TestCaseExecutor.processExecutionPhase(TestCaseExecutor.java:412)
	at com.kms.katalon.core.main.TestCaseExecutor.accessMainPhase(TestCaseExecutor.java:404)
	at com.kms.katalon.core.main.TestCaseExecutor.execute(TestCaseExecutor.java:281)
	at com.kms.katalon.core.main.TestSuiteExecutor.accessTestCaseMainPhase(TestSuiteExecutor.java:202)
	at com.kms.katalon.core.main.TestSuiteExecutor.accessTestSuiteMainPhase(TestSuiteExecutor.java:164)
	at com.kms.katalon.core.main.TestSuiteExecutor.execute(TestSuiteExecutor.java:105)
	at com.kms.katalon.core.main.TestCaseMain.startTestSuite(TestCaseMain.java:185)
	at com.kms.katalon.core.main.TestCaseMain$startTestSuite$0.call(Unknown Source)
	at TempTestSuite1689642297796.run(TempTestSuite1689642297796.groovy:36)
)
[[ATTACHMENT|E:\\Cloned-Project-Katalon\\VPS-Katalon\\Reports\\20230717_210457\\RAD_TestSuite\\RAD_UI_TestSuite\\20230717_210457\\1689642559466.png]]

2023-07-17 21:09:19 - [TEST_STEP][PASSED] - break: null

2023-07-17 21:09:19 - [TEST_STEP][PASSED] - verifyElementPresent(findTestObject(orPath_Landing + "/button_Close"), 30): Object 'Object Repository/RAD_Pages/Landing_Page/button_Close' is present

2023-07-17 21:09:19 - [MESSAGE][PASSED] - Object 'Object Repository/RAD_Pages/Landing_Page/button_Close' is present

2023-07-17 21:09:19 - [TEST_STEP][FAILED] - click(findTestObject(orPath_Landing + "/button_Close")): Unable to click on object 'Object Repository/RAD_Pages/Landing_Page/button_Close' (Root cause: com.kms.katalon.core.exception.StepFailedException: Unable to click on object 'Object Repository/RAD_Pages/Landing_Page/button_Close'
	at com.kms.katalon.core.webui.keyword.internal.WebUIKeywordMain.stepFailed(WebUIKeywordMain.groovy:64)
	at com.kms.katalon.core.webui.keyword.internal.WebUIKeywordMain.runKeyword(WebUIKeywordMain.groovy:26)
	at com.kms.katalon.core.webui.keyword.builtin.ClickKeyword.click(ClickKeyword.groovy:74)
	at com.kms.katalon.core.webui.keyword.builtin.ClickKeyword.execute(ClickKeyword.groovy:40)
	at com.kms.katalon.core.keyword.internal.KeywordExecutor.executeKeywordForPlatform(KeywordExecutor.groovy:74)
	at com.kms.katalon.core.webui.keyword.WebUiBuiltInKeywords.click(WebUiBuiltInKeywords.groovy:620)
	at com.kms.katalon.core.webui.keyword.WebUiBuiltInKeywords$click$10.call(Unknown Source)
	at VerifyServiceFeeVerbiage_UI_TC.run(VerifyServiceFeeVerbiage_UI_TC:88)
	at com.kms.katalon.core.main.ScriptEngine.run(ScriptEngine.java:194)
	at com.kms.katalon.core.main.ScriptEngine.runScriptAsRawText(ScriptEngine.java:119)
	at com.kms.katalon.core.main.TestCaseExecutor.runScript(TestCaseExecutor.java:442)
	at com.kms.katalon.core.main.TestCaseExecutor.doExecute(TestCaseExecutor.java:433)
	at com.kms.katalon.core.main.TestCaseExecutor.processExecutionPhase(TestCaseExecutor.java:412)
	at com.kms.katalon.core.main.TestCaseExecutor.accessMainPhase(TestCaseExecutor.java:404)
	at com.kms.katalon.core.main.TestCaseExecutor.execute(TestCaseExecutor.java:281)
	at com.kms.katalon.core.main.TestSuiteExecutor.accessTestCaseMainPhase(TestSuiteExecutor.java:202)
	at com.kms.katalon.core.main.TestSuiteExecutor.accessTestSuiteMainPhase(TestSuiteExecutor.java:164)
	at com.kms.katalon.core.main.TestSuiteExecutor.execute(TestSuiteExecutor.java:105)
	at com.kms.katalon.core.main.TestCaseMain.startTestSuite(TestCaseMain.java:185)
	at com.kms.katalon.core.main.TestCaseMain$startTestSuite$0.call(Unknown Source)
	at TempTestSuite1689642297796.run(TempTestSuite1689642297796.groovy:36)
Caused by: org.openqa.selenium.ElementNotInteractableException: element not interactable
  (Session info: chrome=114.0.5735.199)
Build info: version: '3.141.59', revision: 'e82be7d358', time: '2018-11-14T08:25:53'
System info: host: 'DESKTOP-B2QI6NS', ip: '172.31.253.139', os.name: 'Windows 10', os.arch: 'amd64', os.version: '10.0', java.version: '1.8.0_181'
Driver info: com.kms.katalon.selenium.driver.CChromeDriver
Capabilities {acceptInsecureCerts: true, browserName: chrome, browserVersion: 114.0.5735.199, chrome: {chromedriverVersion: 113.0.5672.63 (0e1a4471d5ae..., userDataDir: C:\Users\imtiaz\AppData\Loc...}, goog:chromeOptions: {debuggerAddress: localhost:52766}, javascriptEnabled: true, networkConnectionEnabled: false, pageLoadStrategy: normal, platform: WINDOWS, platformName: WINDOWS, proxy: Proxy(), setWindowRect: true, strictFileInteractability: false, timeouts: {implicit: 0, pageLoad: 300000, script: 30000}, unhandledPromptBehavior: dismiss and notify, webauthn:extension:credBlob: true, webauthn:extension:largeBlob: true, webauthn:extension:minPinLength: true, webauthn:extension:prf: true, webauthn:virtualAuthenticators: true}
Session ID: d7141b879fe10f7b19e6dc238e85e04c
	at org.openqa.selenium.remote.http.W3CHttpResponseCodec.createException(W3CHttpResponseCodec.java:187)
	at org.openqa.selenium.remote.http.W3CHttpResponseCodec.decode(W3CHttpResponseCodec.java:122)
	at org.openqa.selenium.remote.http.W3CHttpResponseCodec.decode(W3CHttpResponseCodec.java:49)
	at org.openqa.selenium.remote.HttpCommandExecutor.execute(HttpCommandExecutor.java:158)
	at org.openqa.selenium.remote.service.DriverCommandExecutor.execute(DriverCommandExecutor.java:83)
	at org.openqa.selenium.remote.RemoteWebDriver.execute(RemoteWebDriver.java:552)
	at com.kms.katalon.selenium.driver.CChromeDriver.execute(CChromeDriver.java:19)
	at org.openqa.selenium.remote.RemoteWebElement.execute(RemoteWebElement.java:285)
	at org.openqa.selenium.remote.RemoteWebElement.click(RemoteWebElement.java:84)
	at org.openqa.selenium.support.events.EventFiringWebDriver$EventFiringWebElement.lambda$new$0(EventFiringWebDriver.java:404)
	at com.sun.proxy.$Proxy11.click(Unknown Source)
	at org.openqa.selenium.support.events.EventFiringWebDriver$EventFiringWebElement.click(EventFiringWebDriver.java:417)
	at org.openqa.selenium.WebElement$click$0.call(Unknown Source)
	at com.kms.katalon.core.webui.keyword.builtin.ClickKeyword.clickUntilSuccessWithTimeout(ClickKeyword.groovy:81)
	at com.kms.katalon.core.webui.keyword.builtin.ClickKeyword.clickUntilSuccessWithTimeout(ClickKeyword.groovy)
	at com.kms.katalon.core.webui.keyword.builtin.ClickKeyword$_click_closure1.doCall(ClickKeyword.groovy:67)
	at com.kms.katalon.core.webui.keyword.builtin.ClickKeyword$_click_closure1.call(ClickKeyword.groovy)
	at com.kms.katalon.core.webui.keyword.internal.WebUIKeywordMain.runKeyword(WebUIKeywordMain.groovy:20)
	at com.kms.katalon.core.webui.keyword.builtin.ClickKeyword.click(ClickKeyword.groovy:74)
	at com.kms.katalon.core.webui.keyword.builtin.ClickKeyword.execute(ClickKeyword.groovy:40)
	at com.kms.katalon.core.keyword.internal.KeywordExecutor.executeKeywordForPlatform(KeywordExecutor.groovy:74)
	at com.kms.katalon.core.webui.keyword.WebUiBuiltInKeywords.click(WebUiBuiltInKeywords.groovy:620)
	at com.kms.katalon.core.webui.keyword.WebUiBuiltInKeywords$click$10.call(Unknown Source)
	at Script1635887204249.run(Script1635887204249.groovy:88)
	... 13 more
)

2023-07-17 21:09:20 - [MESSAGE][FAILED] - Unable to click on object 'Object Repository/RAD_Pages/Landing_Page/button_Close' (Root cause: com.kms.katalon.core.exception.StepFailedException: Unable to click on object 'Object Repository/RAD_Pages/Landing_Page/button_Close'
	at com.kms.katalon.core.webui.keyword.internal.WebUIKeywordMain.stepFailed(WebUIKeywordMain.groovy:64)
	at com.kms.katalon.core.webui.keyword.internal.WebUIKeywordMain.runKeyword(WebUIKeywordMain.groovy:26)
	at com.kms.katalon.core.webui.keyword.builtin.ClickKeyword.click(ClickKeyword.groovy:74)
	at com.kms.katalon.core.webui.keyword.builtin.ClickKeyword.execute(ClickKeyword.groovy:40)
	at com.kms.katalon.core.keyword.internal.KeywordExecutor.executeKeywordForPlatform(KeywordExecutor.groovy:74)
	at com.kms.katalon.core.webui.keyword.WebUiBuiltInKeywords.click(WebUiBuiltInKeywords.groovy:620)
	at com.kms.katalon.core.webui.keyword.WebUiBuiltInKeywords$click$10.call(Unknown Source)
	at VerifyServiceFeeVerbiage_UI_TC.run(VerifyServiceFeeVerbiage_UI_TC:88)
	at com.kms.katalon.core.main.ScriptEngine.run(ScriptEngine.java:194)
	at com.kms.katalon.core.main.ScriptEngine.runScriptAsRawText(ScriptEngine.java:119)
	at com.kms.katalon.core.main.TestCaseExecutor.runScript(TestCaseExecutor.java:442)
	at com.kms.katalon.core.main.TestCaseExecutor.doExecute(TestCaseExecutor.java:433)
	at com.kms.katalon.core.main.TestCaseExecutor.processExecutionPhase(TestCaseExecutor.java:412)
	at com.kms.katalon.core.main.TestCaseExecutor.accessMainPhase(TestCaseExecutor.java:404)
	at com.kms.katalon.core.main.TestCaseExecutor.execute(TestCaseExecutor.java:281)
	at com.kms.katalon.core.main.TestSuiteExecutor.accessTestCaseMainPhase(TestSuiteExecutor.java:202)
	at com.kms.katalon.core.main.TestSuiteExecutor.accessTestSuiteMainPhase(TestSuiteExecutor.java:164)
	at com.kms.katalon.core.main.TestSuiteExecutor.execute(TestSuiteExecutor.java:105)
	at com.kms.katalon.core.main.TestCaseMain.startTestSuite(TestCaseMain.java:185)
	at com.kms.katalon.core.main.TestCaseMain$startTestSuite$0.call(Unknown Source)
	at TempTestSuite1689642297796.run(TempTestSuite1689642297796.groovy:36)
Caused by: org.openqa.selenium.ElementNotInteractableException: element not interactable
  (Session info: chrome=114.0.5735.199)
Build info: version: '3.141.59', revision: 'e82be7d358', time: '2018-11-14T08:25:53'
System info: host: 'DESKTOP-B2QI6NS', ip: '172.31.253.139', os.name: 'Windows 10', os.arch: 'amd64', os.version: '10.0', java.version: '1.8.0_181'
Driver info: com.kms.katalon.selenium.driver.CChromeDriver
Capabilities {acceptInsecureCerts: true, browserName: chrome, browserVersion: 114.0.5735.199, chrome: {chromedriverVersion: 113.0.5672.63 (0e1a4471d5ae..., userDataDir: C:\Users\imtiaz\AppData\Loc...}, goog:chromeOptions: {debuggerAddress: localhost:52766}, javascriptEnabled: true, networkConnectionEnabled: false, pageLoadStrategy: normal, platform: WINDOWS, platformName: WINDOWS, proxy: Proxy(), setWindowRect: true, strictFileInteractability: false, timeouts: {implicit: 0, pageLoad: 300000, script: 30000}, unhandledPromptBehavior: dismiss and notify, webauthn:extension:credBlob: true, webauthn:extension:largeBlob: true, webauthn:extension:minPinLength: true, webauthn:extension:prf: true, webauthn:virtualAuthenticators: true}
Session ID: d7141b879fe10f7b19e6dc238e85e04c
	at org.openqa.selenium.remote.http.W3CHttpResponseCodec.createException(W3CHttpResponseCodec.java:187)
	at org.openqa.selenium.remote.http.W3CHttpResponseCodec.decode(W3CHttpResponseCodec.java:122)
	at org.openqa.selenium.remote.http.W3CHttpResponseCodec.decode(W3CHttpResponseCodec.java:49)
	at org.openqa.selenium.remote.HttpCommandExecutor.execute(HttpCommandExecutor.java:158)
	at org.openqa.selenium.remote.service.DriverCommandExecutor.execute(DriverCommandExecutor.java:83)
	at org.openqa.selenium.remote.RemoteWebDriver.execute(RemoteWebDriver.java:552)
	at com.kms.katalon.selenium.driver.CChromeDriver.execute(CChromeDriver.java:19)
	at org.openqa.selenium.remote.RemoteWebElement.execute(RemoteWebElement.java:285)
	at org.openqa.selenium.remote.RemoteWebElement.click(RemoteWebElement.java:84)
	at org.openqa.selenium.support.events.EventFiringWebDriver$EventFiringWebElement.lambda$new$0(EventFiringWebDriver.java:404)
	at com.sun.proxy.$Proxy11.click(Unknown Source)
	at org.openqa.selenium.support.events.EventFiringWebDriver$EventFiringWebElement.click(EventFiringWebDriver.java:417)
	at org.openqa.selenium.WebElement$click$0.call(Unknown Source)
	at com.kms.katalon.core.webui.keyword.builtin.ClickKeyword.clickUntilSuccessWithTimeout(ClickKeyword.groovy:81)
	at com.kms.katalon.core.webui.keyword.builtin.ClickKeyword.clickUntilSuccessWithTimeout(ClickKeyword.groovy)
	at com.kms.katalon.core.webui.keyword.builtin.ClickKeyword$_click_closure1.doCall(ClickKeyword.groovy:67)
	at com.kms.katalon.core.webui.keyword.builtin.ClickKeyword$_click_closure1.call(ClickKeyword.groovy)
	at com.kms.katalon.core.webui.keyword.internal.WebUIKeywordMain.runKeyword(WebUIKeywordMain.groovy:20)
	at com.kms.katalon.core.webui.keyword.builtin.ClickKeyword.click(ClickKeyword.groovy:74)
	at com.kms.katalon.core.webui.keyword.builtin.ClickKeyword.execute(ClickKeyword.groovy:40)
	at com.kms.katalon.core.keyword.internal.KeywordExecutor.executeKeywordForPlatform(KeywordExecutor.groovy:74)
	at com.kms.katalon.core.webui.keyword.WebUiBuiltInKeywords.click(WebUiBuiltInKeywords.groovy:620)
	at com.kms.katalon.core.webui.keyword.WebUiBuiltInKeywords$click$10.call(Unknown Source)
	at Script1635887204249.run(Script1635887204249.groovy:88)
	... 13 more
)
[[ATTACHMENT|E:\\Cloned-Project-Katalon\\VPS-Katalon\\Reports\\20230717_210457\\RAD_TestSuite\\RAD_UI_TestSuite\\20230717_210457\\1689642560284.png]]]]></system-out>
         <system-err><![CDATA[2023-07-17 21:08:27 - [TEST_CASE][FAILED] - Test Cases/RAD_TestCases/UI_TestCases/VerifyServiceFeeVerbiage_UI_TC: Test Cases/RAD_TestCases/UI_TestCases/VerifyServiceFeeVerbiage_UI_TC FAILED.
Reason:
com.kms.katalon.core.exception.StepFailedException: Actual text 'This electronic government service includes a 2.45% service/convenience fee, with a $1.00 minimum, for payments processed through this application. This fee is assessed by Govolution, LLC and will post as a separate transaction. Accepted credit cards include Visa, Mastercard, Discover, and American Express.' and expected text 'This electronic government service includes a 2.45% service/convenience fee, with a $1.00 minimum, for payments processed through this application. This fee is assessed by Govolution, LLC and will post as a separate transaction. Accepted credit cards include Visa, Mastercard, and Discover.' of test object 'Object Repository/RAD_Pages/Landing_Page/div_ServiceFeesVerbiage' are NOT matched. (Root cause: com.kms.katalon.core.exception.StepFailedException: Actual text 'This electronic government service includes a 2.45% service/convenience fee, with a $1.00 minimum, for payments processed through this application. This fee is assessed by Govolution, LLC and will post as a separate transaction. Accepted credit cards include Visa, Mastercard, Discover, and American Express.' and expected text 'This electronic government service includes a 2.45% service/convenience fee, with a $1.00 minimum, for payments processed through this application. This fee is assessed by Govolution, LLC and will post as a separate transaction. Accepted credit cards include Visa, Mastercard, and Discover.' of test object 'Object Repository/RAD_Pages/Landing_Page/div_ServiceFeesVerbiage' are NOT matched.
	at com.kms.katalon.core.webui.keyword.internal.WebUIKeywordMain.stepFailed(WebUIKeywordMain.groovy:64)
	at com.kms.katalon.core.webui.keyword.builtin.VerifyElementTextKeyword$_verifyElementText_closure1.doCall(VerifyElementTextKeyword.groovy:57)
	at com.kms.katalon.core.webui.keyword.builtin.VerifyElementTextKeyword$_verifyElementText_closure1.call(VerifyElementTextKeyword.groovy)
	at com.kms.katalon.core.webui.keyword.internal.WebUIKeywordMain.runKeyword(WebUIKeywordMain.groovy:20)
	at com.kms.katalon.core.webui.keyword.builtin.VerifyElementTextKeyword.verifyElementText(VerifyElementTextKeyword.groovy:72)
	at com.kms.katalon.core.webui.keyword.builtin.VerifyElementTextKeyword.execute(VerifyElementTextKeyword.groovy:40)
	at com.kms.katalon.core.keyword.internal.KeywordExecutor.executeKeywordForPlatform(KeywordExecutor.groovy:74)
	at com.kms.katalon.core.webui.keyword.WebUiBuiltInKeywords.verifyElementText(WebUiBuiltInKeywords.groovy:4749)
	at com.kms.katalon.core.webui.keyword.WebUiBuiltInKeywords$verifyElementText$15.call(Unknown Source)
	at VerifyServiceFeeVerbiage_UI_TC.run(VerifyServiceFeeVerbiage_UI_TC:65)
	at com.kms.katalon.core.main.ScriptEngine.run(ScriptEngine.java:194)
	at com.kms.katalon.core.main.ScriptEngine.runScriptAsRawText(ScriptEngine.java:119)
	at com.kms.katalon.core.main.TestCaseExecutor.runScript(TestCaseExecutor.java:442)
	at com.kms.katalon.core.main.TestCaseExecutor.doExecute(TestCaseExecutor.java:433)
	at com.kms.katalon.core.main.TestCaseExecutor.processExecutionPhase(TestCaseExecutor.java:412)
	at com.kms.katalon.core.main.TestCaseExecutor.accessMainPhase(TestCaseExecutor.java:404)
	at com.kms.katalon.core.main.TestCaseExecutor.execute(TestCaseExecutor.java:281)
	at com.kms.katalon.core.main.TestSuiteExecutor.accessTestCaseMainPhase(TestSuiteExecutor.java:202)
	at com.kms.katalon.core.main.TestSuiteExecutor.accessTestSuiteMainPhase(TestSuiteExecutor.java:164)
	at com.kms.katalon.core.main.TestSuiteExecutor.execute(TestSuiteExecutor.java:105)
	at com.kms.katalon.core.main.TestCaseMain.startTestSuite(TestCaseMain.java:185)
	at com.kms.katalon.core.main.TestCaseMain$startTestSuite$0.call(Unknown Source)
	at TempTestSuite1689642297796.run(TempTestSuite1689642297796.groovy:36)
)
	at com.kms.katalon.core.keyword.internal.KeywordMain.stepFailed(KeywordMain.groovy:39)
	at com.kms.katalon.core.webui.keyword.internal.WebUIKeywordMain.stepFailed(WebUIKeywordMain.groovy:64)
	at com.kms.katalon.core.webui.keyword.builtin.VerifyElementTextKeyword$_verifyElementText_closure1.doCall(VerifyElementTextKeyword.groovy:57)
	at com.kms.katalon.core.webui.keyword.builtin.VerifyElementTextKeyword$_verifyElementText_closure1.call(VerifyElementTextKeyword.groovy)
	at com.kms.katalon.core.webui.keyword.internal.WebUIKeywordMain.runKeyword(WebUIKeywordMain.groovy:20)
	at com.kms.katalon.core.webui.keyword.builtin.VerifyElementTextKeyword.verifyElementText(VerifyElementTextKeyword.groovy:72)
	at com.kms.katalon.core.webui.keyword.builtin.VerifyElementTextKeyword.execute(VerifyElementTextKeyword.groovy:40)
	at com.kms.katalon.core.keyword.internal.KeywordExecutor.executeKeywordForPlatform(KeywordExecutor.groovy:74)
	at com.kms.katalon.core.webui.keyword.WebUiBuiltInKeywords.verifyElementText(WebUiBuiltInKeywords.groovy:4749)
	at com.kms.katalon.core.webui.keyword.WebUiBuiltInKeywords$verifyElementText$15.call(Unknown Source)
	at VerifyServiceFeeVerbiage_UI_TC.run(VerifyServiceFeeVerbiage_UI_TC:65)
	at com.kms.katalon.core.main.ScriptEngine.run(ScriptEngine.java:194)
	at com.kms.katalon.core.main.ScriptEngine.runScriptAsRawText(ScriptEngine.java:119)
	at com.kms.katalon.core.main.TestCaseExecutor.runScript(TestCaseExecutor.java:442)
	at com.kms.katalon.core.main.TestCaseExecutor.doExecute(TestCaseExecutor.java:433)
	at com.kms.katalon.core.main.TestCaseExecutor.processExecutionPhase(TestCaseExecutor.java:412)
	at com.kms.katalon.core.main.TestCaseExecutor.accessMainPhase(TestCaseExecutor.java:404)
	at com.kms.katalon.core.main.TestCaseExecutor.execute(TestCaseExecutor.java:281)
	at com.kms.katalon.core.main.TestSuiteExecutor.accessTestCaseMainPhase(TestSuiteExecutor.java:202)
	at com.kms.katalon.core.main.TestSuiteExecutor.accessTestSuiteMainPhase(TestSuiteExecutor.java:164)
	at com.kms.katalon.core.main.TestSuiteExecutor.execute(TestSuiteExecutor.java:105)
	at com.kms.katalon.core.main.TestCaseMain.startTestSuite(TestCaseMain.java:185)
	at com.kms.katalon.core.main.TestCaseMain$startTestSuite$0.call(Unknown Source)
	at TempTestSuite1689642297796.run(TempTestSuite1689642297796.groovy:36)
Caused by: com.kms.katalon.core.exception.StepFailedException: Actual text 'This electronic government service includes a 2.45% service/convenience fee, with a $1.00 minimum, for payments processed through this application. This fee is assessed by Govolution, LLC and will post as a separate transaction. Accepted credit cards include Visa, Mastercard, Discover, and American Express.' and expected text 'This electronic government service includes a 2.45% service/convenience fee, with a $1.00 minimum, for payments processed through this application. This fee is assessed by Govolution, LLC and will post as a separate transaction. Accepted credit cards include Visa, Mastercard, and Discover.' of test object 'Object Repository/RAD_Pages/Landing_Page/div_ServiceFeesVerbiage' are NOT matched.
	... 23 more]]></system-err>
      </testcase>
      <testcase name="Test Cases/RAD_TestCases/MRF_TestCases/EstimatedTax_MRF_TC" time="13.106" classname="Test Cases/RAD_TestCases/MRF_TestCases/EstimatedTax_MRF_TC" status="PASSED">
         <system-out><![CDATA[2023-07-17 21:09:20 - [TEST_CASE][PASSED] - Test Cases/RAD_TestCases/MRF_TestCases/EstimatedTax_MRF_TC: Test Cases/RAD_TestCases/MRF_TestCases/EstimatedTax_MRF_TC

2023-07-17 21:09:20 - [TEST_STEP][PASSED] - openBrowser(""): Browser is opened with url: ''

2023-07-17 21:09:20 - [MESSAGE][WARNING] - A browser is already opened. Closing browser and opening a new one

2023-07-17 21:09:21 - [MESSAGE][INFO] - Starting 'Chrome' driver

2023-07-17 21:09:21 - [MESSAGE][INFO] - User set preference: ['acceptInsecureCerts', 'true']

2023-07-17 21:09:21 - [MESSAGE][INFO] - Action delay is set to 0 milliseconds

2023-07-17 21:09:23 - [MESSAGE][PASSED] - Browser is opened with url: ''

2023-07-17 21:09:23 - [TEST_STEP][PASSED] - maximizeWindow(): Current window maximized

2023-07-17 21:09:23 - [MESSAGE][PASSED] - Current window maximized

2023-07-17 21:09:23 - [TEST_STEP][PASSED] - navigateToUrl(RADurl): Navigate to 'https://qa.velocitypayment.com/client/rad/index.html' successfully

2023-07-17 21:09:24 - [MESSAGE][PASSED] - Navigate to 'https://qa.velocitypayment.com/client/rad/index.html' successfully

2023-07-17 21:09:24 - [TEST_STEP][PASSED] - executionProfile = getExecutionProfile(): null

2023-07-17 21:09:24 - [TEST_STEP][PASSED] - orPath_Landing = "Object Repository/RAD_Pages/Landing_Page": null

2023-07-17 21:09:24 - [TEST_STEP][PASSED] - orPath_Amount = "Object Repository/RAD_Pages/PaymentAmount_Page": null

2023-07-17 21:09:24 - [TEST_STEP][PASSED] - orPath_FilingStatus = "Object Repository/RAD_Pages/FilingStatus_Page": null

2023-07-17 21:09:24 - [TEST_STEP][PASSED] - orPath_TaxPayer = "Object Repository/RAD_Pages/Taxpayer_Page": null

2023-07-17 21:09:24 - [TEST_STEP][PASSED] - selectOptionByLabel(findTestObject(orPath_Landing + "/dd_TaxType"), "Estimated Tax", false): All options with label 'Estimated Tax' are selected in object 'Object Repository/RAD_Pages/Landing_Page/dd_TaxType' 

2023-07-17 21:09:25 - [MESSAGE][PASSED] - All options with label 'Estimated Tax' are selected in object 'Object Repository/RAD_Pages/Landing_Page/dd_TaxType' 

2023-07-17 21:09:25 - [TEST_STEP][PASSED] - switch (executionProfile): null

2023-07-17 21:09:25 - [TEST_STEP][PASSED] - case "QAProfile":: null

2023-07-17 21:09:25 - [TEST_STEP][PASSED] - setText(findTestObject(orPath_TaxPayer + "/input_lastName"), "Anderson"): Text 'Anderson' is set on object 'Object Repository/RAD_Pages/Taxpayer_Page/input_lastName'

2023-07-17 21:09:26 - [MESSAGE][PASSED] - Text 'Anderson' is set on object 'Object Repository/RAD_Pages/Taxpayer_Page/input_lastName'

2023-07-17 21:09:26 - [TEST_STEP][PASSED] - setText(findTestObject("RAD_RecordAndPlay/input_concatSSN"), "123451234"): Text '123451234' is set on object 'Object Repository/RAD_RecordAndPlay/input_concatSSN'

2023-07-17 21:09:27 - [MESSAGE][PASSED] - Text '123451234' is set on object 'Object Repository/RAD_RecordAndPlay/input_concatSSN'

2023-07-17 21:09:27 - [TEST_STEP][PASSED] - setText(findTestObject("RAD_RecordAndPlay/input_concatReSSN"), "123451234"): Text '123451234' is set on object 'Object Repository/RAD_RecordAndPlay/input_concatReSSN'

2023-07-17 21:09:27 - [MESSAGE][PASSED] - Text '123451234' is set on object 'Object Repository/RAD_RecordAndPlay/input_concatReSSN'

2023-07-17 21:09:27 - [TEST_STEP][PASSED] - setText(findTestObject(orPath_TaxPayer + "/input_firstName"), ""): Text '' is set on object 'Object Repository/RAD_Pages/Taxpayer_Page/input_firstName'

2023-07-17 21:09:28 - [MESSAGE][PASSED] - Text '' is set on object 'Object Repository/RAD_Pages/Taxpayer_Page/input_firstName'

2023-07-17 21:09:28 - [TEST_STEP][PASSED] - break: null

2023-07-17 21:09:28 - [TEST_STEP][PASSED] - scrollToElement(findTestObject(orPath_Landing + "/button_Continue"), 3): Scroll to object 'Object Repository/RAD_Pages/Landing_Page/button_Continue' successfully

2023-07-17 21:09:28 - [MESSAGE][PASSED] - Scroll to object 'Object Repository/RAD_Pages/Landing_Page/button_Continue' successfully

2023-07-17 21:09:28 - [TEST_STEP][PASSED] - waitForElementClickable(findTestObject(orPath_Landing + "/button_Continue"), 5): Object 'Object Repository/RAD_Pages/Landing_Page/button_Continue' is clickable

2023-07-17 21:09:29 - [MESSAGE][PASSED] - Object 'Object Repository/RAD_Pages/Landing_Page/button_Continue' is clickable

2023-07-17 21:09:29 - [TEST_STEP][PASSED] - click(findTestObject(orPath_Landing + "/button_Continue")): Object: 'Object Repository/RAD_Pages/Landing_Page/button_Continue' is clicked on

2023-07-17 21:09:29 - [MESSAGE][PASSED] - Object: 'Object Repository/RAD_Pages/Landing_Page/button_Continue' is clicked on

2023-07-17 21:09:29 - [TEST_STEP][PASSED] - verifyTextPresent("Select a payment type", true): Text 'Select a payment type' is present on page  using regular expression

2023-07-17 21:09:30 - [MESSAGE][PASSED] - Text 'Select a payment type' is present on page  using regular expression

2023-07-17 21:09:30 - [TEST_STEP][PASSED] - verifyTextPresent("Enter first name", true): Text 'Enter first name' is present on page  using regular expression

2023-07-17 21:09:30 - [MESSAGE][PASSED] - Text 'Enter first name' is present on page  using regular expression

2023-07-17 21:09:30 - [TEST_STEP][PASSED] - verifyTextPresent("Enter address", true): Text 'Enter address' is present on page  using regular expression

2023-07-17 21:09:31 - [MESSAGE][PASSED] - Text 'Enter address' is present on page  using regular expression

2023-07-17 21:09:31 - [TEST_STEP][PASSED] - verifyTextPresent("Enter city", true): Text 'Enter city' is present on page  using regular expression

2023-07-17 21:09:31 - [MESSAGE][PASSED] - Text 'Enter city' is present on page  using regular expression

2023-07-17 21:09:31 - [TEST_STEP][PASSED] - verifyTextPresent("Select a state", true): Text 'Select a state' is present on page  using regular expression

2023-07-17 21:09:31 - [MESSAGE][PASSED] - Text 'Select a state' is present on page  using regular expression

2023-07-17 21:09:31 - [TEST_STEP][PASSED] - verifyTextPresent("Enter ZIP code", true): Text 'Enter ZIP code' is present on page  using regular expression

2023-07-17 21:09:32 - [MESSAGE][PASSED] - Text 'Enter ZIP code' is present on page  using regular expression

2023-07-17 21:09:32 - [TEST_STEP][PASSED] - verifyTextPresent("Enter a valid phone number", true): Text 'Enter a valid phone number' is present on page  using regular expression

2023-07-17 21:09:32 - [MESSAGE][PASSED] - Text 'Enter a valid phone number' is present on page  using regular expression

2023-07-17 21:09:32 - [TEST_STEP][PASSED] - verifyTextPresent("Enter Email", true): Text 'Enter Email' is present on page  using regular expression

2023-07-17 21:09:32 - [MESSAGE][PASSED] - Text 'Enter Email' is present on page  using regular expression

2023-07-17 21:09:32 - [TEST_STEP][PASSED] - verifyTextPresent("The Email and Re-enter email do not match", true): Text 'The Email and Re-enter email do not match' is present on page  using regular expression

2023-07-17 21:09:33 - [MESSAGE][PASSED] - Text 'The Email and Re-enter email do not match' is present on page  using regular expression

2023-07-17 21:09:33 - [TEST_STEP][PASSED] - verifyTextPresent("Payment amount must be greater than zero and less than 10,000,000", true): Text 'Payment amount must be greater than zero and less than 10,000,000' is present on page  using regular expression

2023-07-17 21:09:33 - [MESSAGE][PASSED] - Text 'Payment amount must be greater than zero and less than 10,000,000' is present on page  using regular expression]]></system-out>
         <system-err><![CDATA[]]></system-err>
      </testcase>
      <testcase name="Test Cases/RAD_TestCases/MRF_TestCases/PersonalIncomeTax_MRF_TC" time="12.678" classname="Test Cases/RAD_TestCases/MRF_TestCases/PersonalIncomeTax_MRF_TC" status="PASSED">
         <system-out><![CDATA[2023-07-17 21:09:33 - [TEST_CASE][PASSED] - Test Cases/RAD_TestCases/MRF_TestCases/PersonalIncomeTax_MRF_TC: Test Cases/RAD_TestCases/MRF_TestCases/PersonalIncomeTax_MRF_TC

2023-07-17 21:09:34 - [TEST_STEP][PASSED] - openBrowser(""): Browser is opened with url: ''

2023-07-17 21:09:34 - [MESSAGE][WARNING] - A browser is already opened. Closing browser and opening a new one

2023-07-17 21:09:34 - [MESSAGE][INFO] - Starting 'Chrome' driver

2023-07-17 21:09:34 - [MESSAGE][INFO] - User set preference: ['acceptInsecureCerts', 'true']

2023-07-17 21:09:34 - [MESSAGE][INFO] - Action delay is set to 0 milliseconds

2023-07-17 21:09:36 - [MESSAGE][PASSED] - Browser is opened with url: ''

2023-07-17 21:09:36 - [TEST_STEP][PASSED] - maximizeWindow(): Current window maximized

2023-07-17 21:09:36 - [MESSAGE][PASSED] - Current window maximized

2023-07-17 21:09:36 - [TEST_STEP][PASSED] - navigateToUrl(RADurl): Navigate to 'https://qa.velocitypayment.com/client/rad/index.html' successfully

2023-07-17 21:09:38 - [MESSAGE][PASSED] - Navigate to 'https://qa.velocitypayment.com/client/rad/index.html' successfully

2023-07-17 21:09:38 - [TEST_STEP][PASSED] - executionProfile = getExecutionProfile(): null

2023-07-17 21:09:38 - [TEST_STEP][PASSED] - orPath_Landing = "Object Repository/RAD_Pages/Landing_Page": null

2023-07-17 21:09:38 - [TEST_STEP][PASSED] - orPath_Amount = "Object Repository/RAD_Pages/PaymentAmount_Page": null

2023-07-17 21:09:38 - [TEST_STEP][PASSED] - orPath_FilingStatus = "Object Repository/RAD_Pages/FilingStatus_Page": null

2023-07-17 21:09:38 - [TEST_STEP][PASSED] - orPath_TaxPayer = "Object Repository/RAD_Pages/Taxpayer_Page": null

2023-07-17 21:09:38 - [TEST_STEP][PASSED] - selectOptionByLabel(findTestObject(orPath_Landing + "/dd_TaxType"), "Personal Income Tax", false): All options with label 'Personal Income Tax' are selected in object 'Object Repository/RAD_Pages/Landing_Page/dd_TaxType' 

2023-07-17 21:09:38 - [MESSAGE][PASSED] - All options with label 'Personal Income Tax' are selected in object 'Object Repository/RAD_Pages/Landing_Page/dd_TaxType' 

2023-07-17 21:09:38 - [TEST_STEP][PASSED] - switch (executionProfile): null

2023-07-17 21:09:38 - [TEST_STEP][PASSED] - case "QAProfile":: null

2023-07-17 21:09:38 - [TEST_STEP][PASSED] - setText(findTestObject("RAD_RecordAndPlay/input_concatSSN"), "123451234"): Text '123451234' is set on object 'Object Repository/RAD_RecordAndPlay/input_concatSSN'

2023-07-17 21:09:39 - [MESSAGE][PASSED] - Text '123451234' is set on object 'Object Repository/RAD_RecordAndPlay/input_concatSSN'

2023-07-17 21:09:39 - [TEST_STEP][PASSED] - setText(findTestObject("RAD_RecordAndPlay/input_concatReSSN"), "123451234"): Text '123451234' is set on object 'Object Repository/RAD_RecordAndPlay/input_concatReSSN'

2023-07-17 21:09:39 - [MESSAGE][PASSED] - Text '123451234' is set on object 'Object Repository/RAD_RecordAndPlay/input_concatReSSN'

2023-07-17 21:09:39 - [TEST_STEP][PASSED] - setText(findTestObject(orPath_TaxPayer + "/input_lastName"), "Anderson"): Text 'Anderson' is set on object 'Object Repository/RAD_Pages/Taxpayer_Page/input_lastName'

2023-07-17 21:09:41 - [MESSAGE][PASSED] - Text 'Anderson' is set on object 'Object Repository/RAD_Pages/Taxpayer_Page/input_lastName'

2023-07-17 21:09:41 - [TEST_STEP][PASSED] - break: null

2023-07-17 21:09:41 - [TEST_STEP][PASSED] - scrollToElement(findTestObject(orPath_Landing + "/button_Continue"), 3): Scroll to object 'Object Repository/RAD_Pages/Landing_Page/button_Continue' successfully

2023-07-17 21:09:41 - [MESSAGE][PASSED] - Scroll to object 'Object Repository/RAD_Pages/Landing_Page/button_Continue' successfully

2023-07-17 21:09:41 - [TEST_STEP][PASSED] - waitForElementClickable(findTestObject(orPath_Landing + "/button_Continue"), 5): Object 'Object Repository/RAD_Pages/Landing_Page/button_Continue' is clickable

2023-07-17 21:09:42 - [MESSAGE][PASSED] - Object 'Object Repository/RAD_Pages/Landing_Page/button_Continue' is clickable

2023-07-17 21:09:42 - [TEST_STEP][PASSED] - click(findTestObject(orPath_Landing + "/button_Continue")): Object: 'Object Repository/RAD_Pages/Landing_Page/button_Continue' is clicked on

2023-07-17 21:09:42 - [MESSAGE][PASSED] - Object: 'Object Repository/RAD_Pages/Landing_Page/button_Continue' is clicked on

2023-07-17 21:09:42 - [TEST_STEP][PASSED] - verifyTextPresent("Select a filing year", true): Text 'Select a filing year' is present on page  using regular expression

2023-07-17 21:09:42 - [MESSAGE][PASSED] - Text 'Select a filing year' is present on page  using regular expression

2023-07-17 21:09:42 - [TEST_STEP][PASSED] - verifyTextPresent("Enter first name", true): Text 'Enter first name' is present on page  using regular expression

2023-07-17 21:09:43 - [MESSAGE][PASSED] - Text 'Enter first name' is present on page  using regular expression

2023-07-17 21:09:43 - [TEST_STEP][PASSED] - verifyTextPresent("Enter address", true): Text 'Enter address' is present on page  using regular expression

2023-07-17 21:09:43 - [MESSAGE][PASSED] - Text 'Enter address' is present on page  using regular expression

2023-07-17 21:09:43 - [TEST_STEP][PASSED] - verifyTextPresent("Enter city", true): Text 'Enter city' is present on page  using regular expression

2023-07-17 21:09:44 - [MESSAGE][PASSED] - Text 'Enter city' is present on page  using regular expression

2023-07-17 21:09:44 - [TEST_STEP][PASSED] - verifyTextPresent("Select a state", true): Text 'Select a state' is present on page  using regular expression

2023-07-17 21:09:44 - [MESSAGE][PASSED] - Text 'Select a state' is present on page  using regular expression

2023-07-17 21:09:44 - [TEST_STEP][PASSED] - verifyTextPresent("Enter ZIP code", true): Text 'Enter ZIP code' is present on page  using regular expression

2023-07-17 21:09:44 - [MESSAGE][PASSED] - Text 'Enter ZIP code' is present on page  using regular expression

2023-07-17 21:09:44 - [TEST_STEP][PASSED] - verifyTextPresent("Enter a valid phone number", true): Text 'Enter a valid phone number' is present on page  using regular expression

2023-07-17 21:09:45 - [MESSAGE][PASSED] - Text 'Enter a valid phone number' is present on page  using regular expression

2023-07-17 21:09:45 - [TEST_STEP][PASSED] - verifyTextPresent("Enter Email", true): Text 'Enter Email' is present on page  using regular expression

2023-07-17 21:09:45 - [MESSAGE][PASSED] - Text 'Enter Email' is present on page  using regular expression

2023-07-17 21:09:45 - [TEST_STEP][PASSED] - verifyTextPresent("The Email and Re-enter email do not match", true): Text 'The Email and Re-enter email do not match' is present on page  using regular expression

2023-07-17 21:09:45 - [MESSAGE][PASSED] - Text 'The Email and Re-enter email do not match' is present on page  using regular expression

2023-07-17 21:09:45 - [TEST_STEP][PASSED] - verifyTextPresent("Payment amount must be greater than zero and less than 10,000,000", true): Text 'Payment amount must be greater than zero and less than 10,000,000' is present on page  using regular expression

2023-07-17 21:09:46 - [MESSAGE][PASSED] - Text 'Payment amount must be greater than zero and less than 10,000,000' is present on page  using regular expression]]></system-out>
         <system-err><![CDATA[]]></system-err>
      </testcase>
      <testcase name="Test Cases/RAD_TestCases/MRF_TestCases/ExtensionPayments_MRF_TC" time="12.536" classname="Test Cases/RAD_TestCases/MRF_TestCases/ExtensionPayments_MRF_TC" status="PASSED">
         <system-out><![CDATA[2023-07-17 21:09:46 - [TEST_CASE][PASSED] - Test Cases/RAD_TestCases/MRF_TestCases/ExtensionPayments_MRF_TC: Test Cases/RAD_TestCases/MRF_TestCases/ExtensionPayments_MRF_TC

2023-07-17 21:09:46 - [TEST_STEP][PASSED] - openBrowser(""): Browser is opened with url: ''

2023-07-17 21:09:46 - [MESSAGE][WARNING] - A browser is already opened. Closing browser and opening a new one

2023-07-17 21:09:47 - [MESSAGE][INFO] - Starting 'Chrome' driver

2023-07-17 21:09:47 - [MESSAGE][INFO] - User set preference: ['acceptInsecureCerts', 'true']

2023-07-17 21:09:47 - [MESSAGE][INFO] - Action delay is set to 0 milliseconds

2023-07-17 21:09:49 - [MESSAGE][PASSED] - Browser is opened with url: ''

2023-07-17 21:09:49 - [TEST_STEP][PASSED] - maximizeWindow(): Current window maximized

2023-07-17 21:09:49 - [MESSAGE][PASSED] - Current window maximized

2023-07-17 21:09:49 - [TEST_STEP][PASSED] - navigateToUrl(RADurl): Navigate to 'https://qa.velocitypayment.com/client/rad/index.html' successfully

2023-07-17 21:09:50 - [MESSAGE][PASSED] - Navigate to 'https://qa.velocitypayment.com/client/rad/index.html' successfully

2023-07-17 21:09:50 - [TEST_STEP][PASSED] - executionProfile = getExecutionProfile(): null

2023-07-17 21:09:50 - [TEST_STEP][PASSED] - orPath_Landing = "Object Repository/RAD_Pages/Landing_Page": null

2023-07-17 21:09:50 - [TEST_STEP][PASSED] - orPath_Amount = "Object Repository/RAD_Pages/PaymentAmount_Page": null

2023-07-17 21:09:50 - [TEST_STEP][PASSED] - orPath_FilingStatus = "Object Repository/RAD_Pages/FilingStatus_Page": null

2023-07-17 21:09:50 - [TEST_STEP][PASSED] - orPath_TaxPayer = "Object Repository/RAD_Pages/Taxpayer_Page": null

2023-07-17 21:09:50 - [TEST_STEP][PASSED] - selectOptionByLabel(findTestObject(orPath_Landing + "/dd_TaxType"), "Extension Payments", false): All options with label 'Extension Payments' are selected in object 'Object Repository/RAD_Pages/Landing_Page/dd_TaxType' 

2023-07-17 21:09:51 - [MESSAGE][PASSED] - All options with label 'Extension Payments' are selected in object 'Object Repository/RAD_Pages/Landing_Page/dd_TaxType' 

2023-07-17 21:09:51 - [TEST_STEP][PASSED] - switch (executionProfile): null

2023-07-17 21:09:51 - [TEST_STEP][PASSED] - case "QAProfile":: null

2023-07-17 21:09:51 - [TEST_STEP][PASSED] - setText(findTestObject("RAD_RecordAndPlay/input_concatSSN"), "123451234"): Text '123451234' is set on object 'Object Repository/RAD_RecordAndPlay/input_concatSSN'

2023-07-17 21:09:52 - [MESSAGE][PASSED] - Text '123451234' is set on object 'Object Repository/RAD_RecordAndPlay/input_concatSSN'

2023-07-17 21:09:52 - [TEST_STEP][PASSED] - setText(findTestObject("RAD_RecordAndPlay/input_concatReSSN"), "123451234"): Text '123451234' is set on object 'Object Repository/RAD_RecordAndPlay/input_concatReSSN'

2023-07-17 21:09:52 - [MESSAGE][PASSED] - Text '123451234' is set on object 'Object Repository/RAD_RecordAndPlay/input_concatReSSN'

2023-07-17 21:09:52 - [TEST_STEP][PASSED] - setText(findTestObject(orPath_TaxPayer + "/input_lastName"), "Anderson"): Text 'Anderson' is set on object 'Object Repository/RAD_Pages/Taxpayer_Page/input_lastName'

2023-07-17 21:09:53 - [MESSAGE][PASSED] - Text 'Anderson' is set on object 'Object Repository/RAD_Pages/Taxpayer_Page/input_lastName'

2023-07-17 21:09:53 - [TEST_STEP][PASSED] - break: null

2023-07-17 21:09:53 - [TEST_STEP][PASSED] - scrollToElement(findTestObject(orPath_Landing + "/button_Continue"), 3): Scroll to object 'Object Repository/RAD_Pages/Landing_Page/button_Continue' successfully

2023-07-17 21:09:54 - [MESSAGE][PASSED] - Scroll to object 'Object Repository/RAD_Pages/Landing_Page/button_Continue' successfully

2023-07-17 21:09:54 - [TEST_STEP][PASSED] - waitForElementClickable(findTestObject(orPath_Landing + "/button_Continue"), 5): Object 'Object Repository/RAD_Pages/Landing_Page/button_Continue' is clickable

2023-07-17 21:09:54 - [MESSAGE][PASSED] - Object 'Object Repository/RAD_Pages/Landing_Page/button_Continue' is clickable

2023-07-17 21:09:54 - [TEST_STEP][PASSED] - switch (executionProfile): null

2023-07-17 21:09:54 - [TEST_STEP][PASSED] - case "QAProfile":: null

2023-07-17 21:09:54 - [TEST_STEP][PASSED] - click(findTestObject(orPath_Landing + "/button_Continue")): Object: 'Object Repository/RAD_Pages/Landing_Page/button_Continue' is clicked on

2023-07-17 21:09:54 - [MESSAGE][PASSED] - Object: 'Object Repository/RAD_Pages/Landing_Page/button_Continue' is clicked on

2023-07-17 21:09:54 - [TEST_STEP][PASSED] - break: null

2023-07-17 21:09:54 - [TEST_STEP][PASSED] - verifyTextPresent("Select a payment type", true): Text 'Select a payment type' is present on page  using regular expression

2023-07-17 21:09:55 - [MESSAGE][PASSED] - Text 'Select a payment type' is present on page  using regular expression

2023-07-17 21:09:55 - [TEST_STEP][PASSED] - verifyTextPresent("Enter first name", true): Text 'Enter first name' is present on page  using regular expression

2023-07-17 21:09:55 - [MESSAGE][PASSED] - Text 'Enter first name' is present on page  using regular expression

2023-07-17 21:09:55 - [TEST_STEP][PASSED] - verifyTextPresent("Enter address", true): Text 'Enter address' is present on page  using regular expression

2023-07-17 21:09:56 - [MESSAGE][PASSED] - Text 'Enter address' is present on page  using regular expression

2023-07-17 21:09:56 - [TEST_STEP][PASSED] - verifyTextPresent("Enter city", true): Text 'Enter city' is present on page  using regular expression

2023-07-17 21:09:56 - [MESSAGE][PASSED] - Text 'Enter city' is present on page  using regular expression

2023-07-17 21:09:56 - [TEST_STEP][PASSED] - verifyTextPresent("Select a state", true): Text 'Select a state' is present on page  using regular expression

2023-07-17 21:09:56 - [MESSAGE][PASSED] - Text 'Select a state' is present on page  using regular expression

2023-07-17 21:09:56 - [TEST_STEP][PASSED] - verifyTextPresent("Enter ZIP code", true): Text 'Enter ZIP code' is present on page  using regular expression

2023-07-17 21:09:57 - [MESSAGE][PASSED] - Text 'Enter ZIP code' is present on page  using regular expression

2023-07-17 21:09:57 - [TEST_STEP][PASSED] - verifyTextPresent("Enter a valid phone number", true): Text 'Enter a valid phone number' is present on page  using regular expression

2023-07-17 21:09:57 - [MESSAGE][PASSED] - Text 'Enter a valid phone number' is present on page  using regular expression

2023-07-17 21:09:57 - [TEST_STEP][PASSED] - verifyTextPresent("Enter Email", true): Text 'Enter Email' is present on page  using regular expression

2023-07-17 21:09:58 - [MESSAGE][PASSED] - Text 'Enter Email' is present on page  using regular expression

2023-07-17 21:09:58 - [TEST_STEP][PASSED] - verifyTextPresent("The Email and Re-enter email do not match", true): Text 'The Email and Re-enter email do not match' is present on page  using regular expression

2023-07-17 21:09:58 - [MESSAGE][PASSED] - Text 'The Email and Re-enter email do not match' is present on page  using regular expression

2023-07-17 21:09:58 - [TEST_STEP][PASSED] - verifyTextPresent("Payment amount must be greater than zero and less than 10,000,000", true): Text 'Payment amount must be greater than zero and less than 10,000,000' is present on page  using regular expression

2023-07-17 21:09:58 - [MESSAGE][PASSED] - Text 'Payment amount must be greater than zero and less than 10,000,000' is present on page  using regular expression]]></system-out>
         <system-err><![CDATA[]]></system-err>
      </testcase>
      <testcase name="Test Cases/RAD_TestCases/MRF_TestCases/SaleAndUse_MRF_TC" time="12.64" classname="Test Cases/RAD_TestCases/MRF_TestCases/SaleAndUse_MRF_TC" status="PASSED">
         <system-out><![CDATA[2023-07-17 21:09:58 - [TEST_CASE][PASSED] - Test Cases/RAD_TestCases/MRF_TestCases/SaleAndUse_MRF_TC: Test Cases/RAD_TestCases/MRF_TestCases/SaleAndUse_MRF_TC

2023-07-17 21:09:59 - [TEST_STEP][PASSED] - openBrowser(""): Browser is opened with url: ''

2023-07-17 21:09:59 - [MESSAGE][WARNING] - A browser is already opened. Closing browser and opening a new one

2023-07-17 21:10:00 - [MESSAGE][INFO] - Starting 'Chrome' driver

2023-07-17 21:10:00 - [MESSAGE][INFO] - User set preference: ['acceptInsecureCerts', 'true']

2023-07-17 21:10:00 - [MESSAGE][INFO] - Action delay is set to 0 milliseconds

2023-07-17 21:10:01 - [MESSAGE][PASSED] - Browser is opened with url: ''

2023-07-17 21:10:01 - [TEST_STEP][PASSED] - maximizeWindow(): Current window maximized

2023-07-17 21:10:01 - [MESSAGE][PASSED] - Current window maximized

2023-07-17 21:10:01 - [TEST_STEP][PASSED] - navigateToUrl(RADurl): Navigate to 'https://qa.velocitypayment.com/client/rad/index.html' successfully

2023-07-17 21:10:03 - [MESSAGE][PASSED] - Navigate to 'https://qa.velocitypayment.com/client/rad/index.html' successfully

2023-07-17 21:10:03 - [TEST_STEP][PASSED] - orPath_Landing = "Object Repository/RAD_Pages/Landing_Page": null

2023-07-17 21:10:03 - [TEST_STEP][PASSED] - orPath_Amount = "Object Repository/RAD_Pages/PaymentAmount_Page": null

2023-07-17 21:10:03 - [TEST_STEP][PASSED] - orPath_FilingStatus = "Object Repository/RAD_Pages/FilingStatus_Page": null

2023-07-17 21:10:03 - [TEST_STEP][PASSED] - selectOptionByLabel(findTestObject(orPath_Landing + "/dd_TaxType"), "Sales and Use", false): All options with label 'Sales and Use' are selected in object 'Object Repository/RAD_Pages/Landing_Page/dd_TaxType' 

2023-07-17 21:10:04 - [MESSAGE][PASSED] - All options with label 'Sales and Use' are selected in object 'Object Repository/RAD_Pages/Landing_Page/dd_TaxType' 

2023-07-17 21:10:04 - [TEST_STEP][PASSED] - scrollToElement(findTestObject(orPath_Landing + "/button_Continue"), 3): Scroll to object 'Object Repository/RAD_Pages/Landing_Page/button_Continue' successfully

2023-07-17 21:10:04 - [MESSAGE][PASSED] - Scroll to object 'Object Repository/RAD_Pages/Landing_Page/button_Continue' successfully

2023-07-17 21:10:04 - [TEST_STEP][PASSED] - waitForElementClickable(findTestObject(orPath_Landing + "/button_Continue"), 5): Object 'Object Repository/RAD_Pages/Landing_Page/button_Continue' is clickable

2023-07-17 21:10:04 - [MESSAGE][PASSED] - Object 'Object Repository/RAD_Pages/Landing_Page/button_Continue' is clickable

2023-07-17 21:10:04 - [TEST_STEP][PASSED] - click(findTestObject(orPath_Landing + "/button_Continue")): Object: 'Object Repository/RAD_Pages/Landing_Page/button_Continue' is clicked on

2023-07-17 21:10:05 - [MESSAGE][PASSED] - Object: 'Object Repository/RAD_Pages/Landing_Page/button_Continue' is clicked on

2023-07-17 21:10:05 - [TEST_STEP][PASSED] - verifyTextPresent("Select a filing year", true): Text 'Select a filing year' is present on page  using regular expression

2023-07-17 21:10:05 - [MESSAGE][PASSED] - Text 'Select a filing year' is present on page  using regular expression

2023-07-17 21:10:05 - [TEST_STEP][PASSED] - verifyTextPresent("Select a reporting period", true): Text 'Select a reporting period' is present on page  using regular expression

2023-07-17 21:10:06 - [MESSAGE][PASSED] - Text 'Select a reporting period' is present on page  using regular expression

2023-07-17 21:10:06 - [TEST_STEP][PASSED] - verifyTextPresent("Enter business name", true): Text 'Enter business name' is present on page  using regular expression

2023-07-17 21:10:06 - [MESSAGE][PASSED] - Text 'Enter business name' is present on page  using regular expression

2023-07-17 21:10:06 - [TEST_STEP][PASSED] - verifyTextPresent("Enter first name", true): Text 'Enter first name' is present on page  using regular expression

2023-07-17 21:10:07 - [MESSAGE][PASSED] - Text 'Enter first name' is present on page  using regular expression

2023-07-17 21:10:07 - [TEST_STEP][PASSED] - verifyTextPresent("Enter last name", true): Text 'Enter last name' is present on page  using regular expression

2023-07-17 21:10:07 - [MESSAGE][PASSED] - Text 'Enter last name' is present on page  using regular expression

2023-07-17 21:10:07 - [TEST_STEP][PASSED] - verifyTextPresent("Enter address", true): Text 'Enter address' is present on page  using regular expression

2023-07-17 21:10:08 - [MESSAGE][PASSED] - Text 'Enter address' is present on page  using regular expression

2023-07-17 21:10:08 - [TEST_STEP][PASSED] - verifyTextPresent("Enter city", true): Text 'Enter city' is present on page  using regular expression

2023-07-17 21:10:08 - [MESSAGE][PASSED] - Text 'Enter city' is present on page  using regular expression

2023-07-17 21:10:08 - [TEST_STEP][PASSED] - verifyTextPresent("Select a state", true): Text 'Select a state' is present on page  using regular expression

2023-07-17 21:10:08 - [MESSAGE][PASSED] - Text 'Select a state' is present on page  using regular expression

2023-07-17 21:10:08 - [TEST_STEP][PASSED] - verifyTextPresent("Enter ZIP code", true): Text 'Enter ZIP code' is present on page  using regular expression

2023-07-17 21:10:09 - [MESSAGE][PASSED] - Text 'Enter ZIP code' is present on page  using regular expression

2023-07-17 21:10:09 - [TEST_STEP][PASSED] - verifyTextPresent("Enter a valid phone number", true): Text 'Enter a valid phone number' is present on page  using regular expression

2023-07-17 21:10:09 - [MESSAGE][PASSED] - Text 'Enter a valid phone number' is present on page  using regular expression

2023-07-17 21:10:09 - [TEST_STEP][PASSED] - verifyTextPresent("Enter Email", true): Text 'Enter Email' is present on page  using regular expression

2023-07-17 21:10:10 - [MESSAGE][PASSED] - Text 'Enter Email' is present on page  using regular expression

2023-07-17 21:10:10 - [TEST_STEP][PASSED] - verifyTextPresent("The Email and Re-enter email do not match", true): Text 'The Email and Re-enter email do not match' is present on page  using regular expression

2023-07-17 21:10:10 - [MESSAGE][PASSED] - Text 'The Email and Re-enter email do not match' is present on page  using regular expression

2023-07-17 21:10:10 - [TEST_STEP][PASSED] - verifyTextPresent("Enter valid MD Central Registration.", true): Text 'Enter valid MD Central Registration.' is present on page  using regular expression

2023-07-17 21:10:11 - [MESSAGE][PASSED] - Text 'Enter valid MD Central Registration.' is present on page  using regular expression

2023-07-17 21:10:11 - [TEST_STEP][PASSED] - verifyTextPresent("Payment amount must be greater than zero and less than 10,000,000", true): Text 'Payment amount must be greater than zero and less than 10,000,000' is present on page  using regular expression

2023-07-17 21:10:11 - [MESSAGE][PASSED] - Text 'Payment amount must be greater than zero and less than 10,000,000' is present on page  using regular expression]]></system-out>
         <system-err><![CDATA[]]></system-err>
      </testcase>
      <testcase name="Test Cases/RAD_TestCases/MRF_TestCases/EstimatedTax_Joint_MRF_TC" time="46.502" classname="Test Cases/RAD_TestCases/MRF_TestCases/EstimatedTax_Joint_MRF_TC" status="PASSED">
         <system-out><![CDATA[2023-07-17 21:10:11 - [TEST_CASE][PASSED] - Test Cases/RAD_TestCases/MRF_TestCases/EstimatedTax_Joint_MRF_TC: Test Cases/RAD_TestCases/MRF_TestCases/EstimatedTax_Joint_MRF_TC

2023-07-17 21:10:11 - [TEST_STEP][PASSED] - orPath_Landing = "Object Repository/RAD_Pages/Landing_Page": null

2023-07-17 21:10:11 - [TEST_STEP][PASSED] - orPath_Amount = "Object Repository/RAD_Pages/PaymentAmount_Page": null

2023-07-17 21:10:11 - [TEST_STEP][PASSED] - orPath_FilingStatus = "Object Repository/RAD_Pages/FilingStatus_Page": null

2023-07-17 21:10:11 - [TEST_STEP][PASSED] - orPath_TaxPayer = "Object Repository/RAD_Pages/Taxpayer_Page": null

2023-07-17 21:10:11 - [TEST_STEP][PASSED] - taxTypeDropList = ["Estimated Tax", "Personal Income Tax", "Extension Payments"]: null

2023-07-17 21:10:11 - [TEST_STEP][PASSED] - listSize = taxTypeDropList.size(): null

2023-07-17 21:10:11 - [TEST_STEP][PASSED] - println(listSize): null

2023-07-17 21:10:11 - [TEST_STEP][PASSED] - executionProfile = getExecutionProfile(): null

2023-07-17 21:10:11 - [TEST_STEP][PASSED] - for ([i = 0, i < listSize, (i++)]): Text 'Enter joint payer first name' is present on page  using regular expression

2023-07-17 21:10:11 - [TEST_STEP][PASSED] - openBrowser(""): Browser is opened with url: ''

2023-07-17 21:10:11 - [MESSAGE][WARNING] - A browser is already opened. Closing browser and opening a new one

2023-07-17 21:10:12 - [MESSAGE][INFO] - Starting 'Chrome' driver

2023-07-17 21:10:12 - [MESSAGE][INFO] - User set preference: ['acceptInsecureCerts', 'true']

2023-07-17 21:10:12 - [MESSAGE][INFO] - Action delay is set to 0 milliseconds

2023-07-17 21:10:14 - [MESSAGE][PASSED] - Browser is opened with url: ''

2023-07-17 21:10:14 - [TEST_STEP][PASSED] - maximizeWindow(): Current window maximized

2023-07-17 21:10:14 - [MESSAGE][PASSED] - Current window maximized

2023-07-17 21:10:14 - [TEST_STEP][PASSED] - navigateToUrl(RADurl): Navigate to 'https://qa.velocitypayment.com/client/rad/index.html' successfully

2023-07-17 21:10:15 - [MESSAGE][PASSED] - Navigate to 'https://qa.velocitypayment.com/client/rad/index.html' successfully

2023-07-17 21:10:15 - [TEST_STEP][PASSED] - out.println("Value of taxTypeDropList : " + taxTypeDropList[i]): null

2023-07-17 21:10:15 - [TEST_STEP][PASSED] - selectOptionByLabel(findTestObject(orPath_Landing + "/dd_TaxType"), taxTypeDropList[i], false): All options with label 'Estimated Tax' are selected in object 'Object Repository/RAD_Pages/Landing_Page/dd_TaxType' 

2023-07-17 21:10:16 - [MESSAGE][PASSED] - All options with label 'Estimated Tax' are selected in object 'Object Repository/RAD_Pages/Landing_Page/dd_TaxType' 

2023-07-17 21:10:16 - [TEST_STEP][PASSED] - switch (executionProfile): null

2023-07-17 21:10:16 - [TEST_STEP][PASSED] - case "QAProfile":: null

2023-07-17 21:10:16 - [TEST_STEP][PASSED] - setText(findTestObject(orPath_TaxPayer + "/input_lastName"), "Anderson"): Text 'Anderson' is set on object 'Object Repository/RAD_Pages/Taxpayer_Page/input_lastName'

2023-07-17 21:10:17 - [MESSAGE][PASSED] - Text 'Anderson' is set on object 'Object Repository/RAD_Pages/Taxpayer_Page/input_lastName'

2023-07-17 21:10:17 - [TEST_STEP][PASSED] - setText(findTestObject("RAD_RecordAndPlay/input_concatSSN"), "123441234"): Text '123441234' is set on object 'Object Repository/RAD_RecordAndPlay/input_concatSSN'

2023-07-17 21:10:18 - [MESSAGE][PASSED] - Text '123441234' is set on object 'Object Repository/RAD_RecordAndPlay/input_concatSSN'

2023-07-17 21:10:18 - [TEST_STEP][PASSED] - setText(findTestObject("RAD_RecordAndPlay/input_concatReSSN"), "123441234"): Text '123441234' is set on object 'Object Repository/RAD_RecordAndPlay/input_concatReSSN'

2023-07-17 21:10:18 - [MESSAGE][PASSED] - Text '123441234' is set on object 'Object Repository/RAD_RecordAndPlay/input_concatReSSN'

2023-07-17 21:10:18 - [TEST_STEP][PASSED] - break: null

2023-07-17 21:10:18 - [TEST_STEP][PASSED] - scrollToElement(findTestObject(orPath_Amount + "/input__paymentAmount"), 3): Scroll to object 'Object Repository/RAD_Pages/PaymentAmount_Page/input__paymentAmount' successfully

2023-07-17 21:10:18 - [MESSAGE][PASSED] - Scroll to object 'Object Repository/RAD_Pages/PaymentAmount_Page/input__paymentAmount' successfully

2023-07-17 21:10:18 - [TEST_STEP][PASSED] - waitForElementClickable(findTestObject(orPath_FilingStatus + "/input_userType_Joint"), 5): Object 'Object Repository/RAD_Pages/FilingStatus_Page/input_userType_Joint' is clickable

2023-07-17 21:10:19 - [MESSAGE][PASSED] - Object 'Object Repository/RAD_Pages/FilingStatus_Page/input_userType_Joint' is clickable

2023-07-17 21:10:19 - [TEST_STEP][PASSED] - click(findTestObject(orPath_FilingStatus + "/input_userType_Joint")): Object: 'Object Repository/RAD_Pages/FilingStatus_Page/input_userType_Joint' is clicked on

2023-07-17 21:10:19 - [MESSAGE][PASSED] - Object: 'Object Repository/RAD_Pages/FilingStatus_Page/input_userType_Joint' is clicked on

2023-07-17 21:10:19 - [TEST_STEP][PASSED] - switch (executionProfile): null

2023-07-17 21:10:19 - [TEST_STEP][PASSED] - case "QAProfile":: null

2023-07-17 21:10:19 - [TEST_STEP][PASSED] - setText(findTestObject(orPath_FilingStatus + "/input_jointLastName"), "Stokes"): Text 'Stokes' is set on object 'Object Repository/RAD_Pages/FilingStatus_Page/input_jointLastName'

2023-07-17 21:10:20 - [MESSAGE][PASSED] - Text 'Stokes' is set on object 'Object Repository/RAD_Pages/FilingStatus_Page/input_jointLastName'

2023-07-17 21:10:20 - [TEST_STEP][PASSED] - setText(findTestObject("Object Repository/RAD_RecordAndPlay/input_JointFilerSSN"), "123443210"): Text '123443210' is set on object 'Object Repository/RAD_RecordAndPlay/input_JointFilerSSN'

2023-07-17 21:10:20 - [MESSAGE][PASSED] - Text '123443210' is set on object 'Object Repository/RAD_RecordAndPlay/input_JointFilerSSN'

2023-07-17 21:10:20 - [TEST_STEP][PASSED] - setText(findTestObject("Object Repository/RAD_RecordAndPlay/input_reTypeJointFilerSSN"), "123443210"): Text '123443210' is set on object 'Object Repository/RAD_RecordAndPlay/input_reTypeJointFilerSSN'

2023-07-17 21:10:21 - [MESSAGE][PASSED] - Text '123443210' is set on object 'Object Repository/RAD_RecordAndPlay/input_reTypeJointFilerSSN'

2023-07-17 21:10:21 - [TEST_STEP][PASSED] - break: null

2023-07-17 21:10:21 - [TEST_STEP][PASSED] - delay(2): Delayed 2 second(s)

2023-07-17 21:10:23 - [MESSAGE][PASSED] - Delayed 2 second(s)

2023-07-17 21:10:23 - [TEST_STEP][PASSED] - scrollToElement(findTestObject(orPath_Amount + "/input__paymentAmount"), 3): Scroll to object 'Object Repository/RAD_Pages/PaymentAmount_Page/input__paymentAmount' successfully

2023-07-17 21:10:23 - [MESSAGE][PASSED] - Scroll to object 'Object Repository/RAD_Pages/PaymentAmount_Page/input__paymentAmount' successfully

2023-07-17 21:10:23 - [TEST_STEP][PASSED] - setText(findTestObject(orPath_Amount + "/input__paymentAmount"), ""): Text '' is set on object 'Object Repository/RAD_Pages/PaymentAmount_Page/input__paymentAmount'

2023-07-17 21:10:24 - [MESSAGE][PASSED] - Text '' is set on object 'Object Repository/RAD_Pages/PaymentAmount_Page/input__paymentAmount'

2023-07-17 21:10:24 - [TEST_STEP][PASSED] - delay(2): Delayed 2 second(s)

2023-07-17 21:10:26 - [MESSAGE][PASSED] - Delayed 2 second(s)

2023-07-17 21:10:26 - [TEST_STEP][PASSED] - click(findTestObject(orPath_Landing + "/button_Continue")): Object: 'Object Repository/RAD_Pages/Landing_Page/button_Continue' is clicked on

2023-07-17 21:10:26 - [MESSAGE][PASSED] - Object: 'Object Repository/RAD_Pages/Landing_Page/button_Continue' is clicked on

2023-07-17 21:10:26 - [TEST_STEP][PASSED] - verifyTextPresent("Enter joint payer first name", true): Text 'Enter joint payer first name' is present on page  using regular expression

2023-07-17 21:10:27 - [MESSAGE][PASSED] - Text 'Enter joint payer first name' is present on page  using regular expression

2023-07-17 21:10:27 - [TEST_STEP][PASSED] - openBrowser(""): Browser is opened with url: ''

2023-07-17 21:10:27 - [MESSAGE][WARNING] - A browser is already opened. Closing browser and opening a new one

2023-07-17 21:10:28 - [MESSAGE][INFO] - Starting 'Chrome' driver

2023-07-17 21:10:28 - [MESSAGE][INFO] - User set preference: ['acceptInsecureCerts', 'true']

2023-07-17 21:10:28 - [MESSAGE][INFO] - Action delay is set to 0 milliseconds

2023-07-17 21:10:29 - [MESSAGE][PASSED] - Browser is opened with url: ''

2023-07-17 21:10:29 - [TEST_STEP][PASSED] - maximizeWindow(): Current window maximized

2023-07-17 21:10:29 - [MESSAGE][PASSED] - Current window maximized

2023-07-17 21:10:29 - [TEST_STEP][PASSED] - navigateToUrl(RADurl): Navigate to 'https://qa.velocitypayment.com/client/rad/index.html' successfully

2023-07-17 21:10:31 - [MESSAGE][PASSED] - Navigate to 'https://qa.velocitypayment.com/client/rad/index.html' successfully

2023-07-17 21:10:31 - [TEST_STEP][PASSED] - out.println("Value of taxTypeDropList : " + taxTypeDropList[i]): null

2023-07-17 21:10:31 - [TEST_STEP][PASSED] - selectOptionByLabel(findTestObject(orPath_Landing + "/dd_TaxType"), taxTypeDropList[i], false): All options with label 'Personal Income Tax' are selected in object 'Object Repository/RAD_Pages/Landing_Page/dd_TaxType' 

2023-07-17 21:10:31 - [MESSAGE][PASSED] - All options with label 'Personal Income Tax' are selected in object 'Object Repository/RAD_Pages/Landing_Page/dd_TaxType' 

2023-07-17 21:10:31 - [TEST_STEP][PASSED] - switch (executionProfile): null

2023-07-17 21:10:31 - [TEST_STEP][PASSED] - case "QAProfile":: null

2023-07-17 21:10:31 - [TEST_STEP][PASSED] - setText(findTestObject(orPath_TaxPayer + "/input_lastName"), "Anderson"): Text 'Anderson' is set on object 'Object Repository/RAD_Pages/Taxpayer_Page/input_lastName'

2023-07-17 21:10:32 - [MESSAGE][PASSED] - Text 'Anderson' is set on object 'Object Repository/RAD_Pages/Taxpayer_Page/input_lastName'

2023-07-17 21:10:32 - [TEST_STEP][PASSED] - setText(findTestObject("RAD_RecordAndPlay/input_concatSSN"), "123441234"): Text '123441234' is set on object 'Object Repository/RAD_RecordAndPlay/input_concatSSN'

2023-07-17 21:10:33 - [MESSAGE][PASSED] - Text '123441234' is set on object 'Object Repository/RAD_RecordAndPlay/input_concatSSN'

2023-07-17 21:10:33 - [TEST_STEP][PASSED] - setText(findTestObject("RAD_RecordAndPlay/input_concatReSSN"), "123441234"): Text '123441234' is set on object 'Object Repository/RAD_RecordAndPlay/input_concatReSSN'

2023-07-17 21:10:33 - [MESSAGE][PASSED] - Text '123441234' is set on object 'Object Repository/RAD_RecordAndPlay/input_concatReSSN'

2023-07-17 21:10:33 - [TEST_STEP][PASSED] - break: null

2023-07-17 21:10:33 - [TEST_STEP][PASSED] - scrollToElement(findTestObject(orPath_Amount + "/input__paymentAmount"), 3): Scroll to object 'Object Repository/RAD_Pages/PaymentAmount_Page/input__paymentAmount' successfully

2023-07-17 21:10:34 - [MESSAGE][PASSED] - Scroll to object 'Object Repository/RAD_Pages/PaymentAmount_Page/input__paymentAmount' successfully

2023-07-17 21:10:34 - [TEST_STEP][PASSED] - waitForElementClickable(findTestObject(orPath_FilingStatus + "/input_userType_Joint"), 5): Object 'Object Repository/RAD_Pages/FilingStatus_Page/input_userType_Joint' is clickable

2023-07-17 21:10:34 - [MESSAGE][PASSED] - Object 'Object Repository/RAD_Pages/FilingStatus_Page/input_userType_Joint' is clickable

2023-07-17 21:10:34 - [TEST_STEP][PASSED] - click(findTestObject(orPath_FilingStatus + "/input_userType_Joint")): Object: 'Object Repository/RAD_Pages/FilingStatus_Page/input_userType_Joint' is clicked on

2023-07-17 21:10:34 - [MESSAGE][PASSED] - Object: 'Object Repository/RAD_Pages/FilingStatus_Page/input_userType_Joint' is clicked on

2023-07-17 21:10:34 - [TEST_STEP][PASSED] - switch (executionProfile): null

2023-07-17 21:10:34 - [TEST_STEP][PASSED] - case "QAProfile":: null

2023-07-17 21:10:34 - [TEST_STEP][PASSED] - setText(findTestObject(orPath_FilingStatus + "/input_jointLastName"), "Stokes"): Text 'Stokes' is set on object 'Object Repository/RAD_Pages/FilingStatus_Page/input_jointLastName'

2023-07-17 21:10:35 - [MESSAGE][PASSED] - Text 'Stokes' is set on object 'Object Repository/RAD_Pages/FilingStatus_Page/input_jointLastName'

2023-07-17 21:10:35 - [TEST_STEP][PASSED] - setText(findTestObject("Object Repository/RAD_RecordAndPlay/input_JointFilerSSN"), "123443210"): Text '123443210' is set on object 'Object Repository/RAD_RecordAndPlay/input_JointFilerSSN'

2023-07-17 21:10:36 - [MESSAGE][PASSED] - Text '123443210' is set on object 'Object Repository/RAD_RecordAndPlay/input_JointFilerSSN'

2023-07-17 21:10:36 - [TEST_STEP][PASSED] - setText(findTestObject("Object Repository/RAD_RecordAndPlay/input_reTypeJointFilerSSN"), "123443210"): Text '123443210' is set on object 'Object Repository/RAD_RecordAndPlay/input_reTypeJointFilerSSN'

2023-07-17 21:10:36 - [MESSAGE][PASSED] - Text '123443210' is set on object 'Object Repository/RAD_RecordAndPlay/input_reTypeJointFilerSSN'

2023-07-17 21:10:36 - [TEST_STEP][PASSED] - break: null

2023-07-17 21:10:36 - [TEST_STEP][PASSED] - delay(2): Delayed 2 second(s)

2023-07-17 21:10:38 - [MESSAGE][PASSED] - Delayed 2 second(s)

2023-07-17 21:10:38 - [TEST_STEP][PASSED] - scrollToElement(findTestObject(orPath_Amount + "/input__paymentAmount"), 3): Scroll to object 'Object Repository/RAD_Pages/PaymentAmount_Page/input__paymentAmount' successfully

2023-07-17 21:10:39 - [MESSAGE][PASSED] - Scroll to object 'Object Repository/RAD_Pages/PaymentAmount_Page/input__paymentAmount' successfully

2023-07-17 21:10:39 - [TEST_STEP][PASSED] - setText(findTestObject(orPath_Amount + "/input__paymentAmount"), ""): Text '' is set on object 'Object Repository/RAD_Pages/PaymentAmount_Page/input__paymentAmount'

2023-07-17 21:10:39 - [MESSAGE][PASSED] - Text '' is set on object 'Object Repository/RAD_Pages/PaymentAmount_Page/input__paymentAmount'

2023-07-17 21:10:39 - [TEST_STEP][PASSED] - delay(2): Delayed 2 second(s)

2023-07-17 21:10:41 - [MESSAGE][PASSED] - Delayed 2 second(s)

2023-07-17 21:10:41 - [TEST_STEP][PASSED] - click(findTestObject(orPath_Landing + "/button_Continue")): Object: 'Object Repository/RAD_Pages/Landing_Page/button_Continue' is clicked on

2023-07-17 21:10:42 - [MESSAGE][PASSED] - Object: 'Object Repository/RAD_Pages/Landing_Page/button_Continue' is clicked on

2023-07-17 21:10:42 - [TEST_STEP][PASSED] - verifyTextPresent("Enter joint payer first name", true): Text 'Enter joint payer first name' is present on page  using regular expression

2023-07-17 21:10:42 - [MESSAGE][PASSED] - Text 'Enter joint payer first name' is present on page  using regular expression

2023-07-17 21:10:42 - [TEST_STEP][PASSED] - openBrowser(""): Browser is opened with url: ''

2023-07-17 21:10:42 - [MESSAGE][WARNING] - A browser is already opened. Closing browser and opening a new one

2023-07-17 21:10:43 - [MESSAGE][INFO] - Starting 'Chrome' driver

2023-07-17 21:10:43 - [MESSAGE][INFO] - User set preference: ['acceptInsecureCerts', 'true']

2023-07-17 21:10:43 - [MESSAGE][INFO] - Action delay is set to 0 milliseconds

2023-07-17 21:10:44 - [MESSAGE][PASSED] - Browser is opened with url: ''

2023-07-17 21:10:44 - [TEST_STEP][PASSED] - maximizeWindow(): Current window maximized

2023-07-17 21:10:45 - [MESSAGE][PASSED] - Current window maximized

2023-07-17 21:10:45 - [TEST_STEP][PASSED] - navigateToUrl(RADurl): Navigate to 'https://qa.velocitypayment.com/client/rad/index.html' successfully

2023-07-17 21:10:46 - [MESSAGE][PASSED] - Navigate to 'https://qa.velocitypayment.com/client/rad/index.html' successfully

2023-07-17 21:10:46 - [TEST_STEP][PASSED] - out.println("Value of taxTypeDropList : " + taxTypeDropList[i]): null

2023-07-17 21:10:46 - [TEST_STEP][PASSED] - selectOptionByLabel(findTestObject(orPath_Landing + "/dd_TaxType"), taxTypeDropList[i], false): All options with label 'Extension Payments' are selected in object 'Object Repository/RAD_Pages/Landing_Page/dd_TaxType' 

2023-07-17 21:10:47 - [MESSAGE][PASSED] - All options with label 'Extension Payments' are selected in object 'Object Repository/RAD_Pages/Landing_Page/dd_TaxType' 

2023-07-17 21:10:47 - [TEST_STEP][PASSED] - switch (executionProfile): null

2023-07-17 21:10:47 - [TEST_STEP][PASSED] - case "QAProfile":: null

2023-07-17 21:10:47 - [TEST_STEP][PASSED] - setText(findTestObject(orPath_TaxPayer + "/input_lastName"), "Anderson"): Text 'Anderson' is set on object 'Object Repository/RAD_Pages/Taxpayer_Page/input_lastName'

2023-07-17 21:10:48 - [MESSAGE][PASSED] - Text 'Anderson' is set on object 'Object Repository/RAD_Pages/Taxpayer_Page/input_lastName'

2023-07-17 21:10:48 - [TEST_STEP][PASSED] - setText(findTestObject("RAD_RecordAndPlay/input_concatSSN"), "123441234"): Text '123441234' is set on object 'Object Repository/RAD_RecordAndPlay/input_concatSSN'

2023-07-17 21:10:48 - [MESSAGE][PASSED] - Text '123441234' is set on object 'Object Repository/RAD_RecordAndPlay/input_concatSSN'

2023-07-17 21:10:48 - [TEST_STEP][PASSED] - setText(findTestObject("RAD_RecordAndPlay/input_concatReSSN"), "123441234"): Text '123441234' is set on object 'Object Repository/RAD_RecordAndPlay/input_concatReSSN'

2023-07-17 21:10:49 - [MESSAGE][PASSED] - Text '123441234' is set on object 'Object Repository/RAD_RecordAndPlay/input_concatReSSN'

2023-07-17 21:10:49 - [TEST_STEP][PASSED] - break: null

2023-07-17 21:10:49 - [TEST_STEP][PASSED] - scrollToElement(findTestObject(orPath_Amount + "/input__paymentAmount"), 3): Scroll to object 'Object Repository/RAD_Pages/PaymentAmount_Page/input__paymentAmount' successfully

2023-07-17 21:10:49 - [MESSAGE][PASSED] - Scroll to object 'Object Repository/RAD_Pages/PaymentAmount_Page/input__paymentAmount' successfully

2023-07-17 21:10:49 - [TEST_STEP][PASSED] - waitForElementClickable(findTestObject(orPath_FilingStatus + "/input_userType_Joint"), 5): Object 'Object Repository/RAD_Pages/FilingStatus_Page/input_userType_Joint' is clickable

2023-07-17 21:10:49 - [MESSAGE][PASSED] - Object 'Object Repository/RAD_Pages/FilingStatus_Page/input_userType_Joint' is clickable

2023-07-17 21:10:49 - [TEST_STEP][PASSED] - click(findTestObject(orPath_FilingStatus + "/input_userType_Joint")): Object: 'Object Repository/RAD_Pages/FilingStatus_Page/input_userType_Joint' is clicked on

2023-07-17 21:10:50 - [MESSAGE][PASSED] - Object: 'Object Repository/RAD_Pages/FilingStatus_Page/input_userType_Joint' is clicked on

2023-07-17 21:10:50 - [TEST_STEP][PASSED] - switch (executionProfile): null

2023-07-17 21:10:50 - [TEST_STEP][PASSED] - case "QAProfile":: null

2023-07-17 21:10:50 - [TEST_STEP][PASSED] - setText(findTestObject(orPath_FilingStatus + "/input_jointLastName"), "Stokes"): Text 'Stokes' is set on object 'Object Repository/RAD_Pages/FilingStatus_Page/input_jointLastName'

2023-07-17 21:10:51 - [MESSAGE][PASSED] - Text 'Stokes' is set on object 'Object Repository/RAD_Pages/FilingStatus_Page/input_jointLastName'

2023-07-17 21:10:51 - [TEST_STEP][PASSED] - setText(findTestObject("Object Repository/RAD_RecordAndPlay/input_JointFilerSSN"), "123443210"): Text '123443210' is set on object 'Object Repository/RAD_RecordAndPlay/input_JointFilerSSN'

2023-07-17 21:10:51 - [MESSAGE][PASSED] - Text '123443210' is set on object 'Object Repository/RAD_RecordAndPlay/input_JointFilerSSN'

2023-07-17 21:10:51 - [TEST_STEP][PASSED] - setText(findTestObject("Object Repository/RAD_RecordAndPlay/input_reTypeJointFilerSSN"), "123443210"): Text '123443210' is set on object 'Object Repository/RAD_RecordAndPlay/input_reTypeJointFilerSSN'

2023-07-17 21:10:52 - [MESSAGE][PASSED] - Text '123443210' is set on object 'Object Repository/RAD_RecordAndPlay/input_reTypeJointFilerSSN'

2023-07-17 21:10:52 - [TEST_STEP][PASSED] - break: null

2023-07-17 21:10:52 - [TEST_STEP][PASSED] - delay(2): Delayed 2 second(s)

2023-07-17 21:10:54 - [MESSAGE][PASSED] - Delayed 2 second(s)

2023-07-17 21:10:54 - [TEST_STEP][PASSED] - scrollToElement(findTestObject(orPath_Amount + "/input__paymentAmount"), 3): Scroll to object 'Object Repository/RAD_Pages/PaymentAmount_Page/input__paymentAmount' successfully

2023-07-17 21:10:54 - [MESSAGE][PASSED] - Scroll to object 'Object Repository/RAD_Pages/PaymentAmount_Page/input__paymentAmount' successfully

2023-07-17 21:10:54 - [TEST_STEP][PASSED] - setText(findTestObject(orPath_Amount + "/input__paymentAmount"), ""): Text '' is set on object 'Object Repository/RAD_Pages/PaymentAmount_Page/input__paymentAmount'

2023-07-17 21:10:55 - [MESSAGE][PASSED] - Text '' is set on object 'Object Repository/RAD_Pages/PaymentAmount_Page/input__paymentAmount'

2023-07-17 21:10:55 - [TEST_STEP][PASSED] - delay(2): Delayed 2 second(s)

2023-07-17 21:10:57 - [MESSAGE][PASSED] - Delayed 2 second(s)

2023-07-17 21:10:57 - [TEST_STEP][PASSED] - click(findTestObject(orPath_Landing + "/button_Continue")): Object: 'Object Repository/RAD_Pages/Landing_Page/button_Continue' is clicked on

2023-07-17 21:10:57 - [MESSAGE][PASSED] - Object: 'Object Repository/RAD_Pages/Landing_Page/button_Continue' is clicked on

2023-07-17 21:10:57 - [TEST_STEP][PASSED] - verifyTextPresent("Enter joint payer first name", true): Text 'Enter joint payer first name' is present on page  using regular expression

2023-07-17 21:10:57 - [MESSAGE][PASSED] - Text 'Enter joint payer first name' is present on page  using regular expression]]></system-out>
         <system-err><![CDATA[]]></system-err>
      </testcase>
      <testcase name="Test Cases/RAD_TestCases/Negative_TestCases/EMailNoMatch" time="48.709" classname="Test Cases/RAD_TestCases/Negative_TestCases/EMailNoMatch" status="PASSED">
         <system-out><![CDATA[2023-07-17 21:10:58 - [TEST_CASE][PASSED] - Test Cases/RAD_TestCases/Negative_TestCases/EMailNoMatch: Test Cases/RAD_TestCases/Negative_TestCases/EMailNoMatch

2023-07-17 21:10:58 - [TEST_STEP][PASSED] - resText = "Fail": null

2023-07-17 21:10:58 - [TEST_STEP][PASSED] - resColumn = "Result": null

2023-07-17 21:10:58 - [TEST_STEP][PASSED] - datCloumn = "Date": null

2023-07-17 21:10:58 - [TEST_STEP][PASSED] - fileLoc = "KatalonData/RADTestData/EmailNoMatch.xlsx": null

2023-07-17 21:10:58 - [TEST_STEP][PASSED] - nameSheet = "Sheet1": null

2023-07-17 21:10:58 - [TEST_STEP][PASSED] - dataFile = "RADTestData/EmailNoMatch": null

2023-07-17 21:10:58 - [TEST_STEP][PASSED] - ExecuteTC = <not implemented yet for class: org.codehaus.groovy.ast.expr.EmptyExpression>: null

2023-07-17 21:10:58 - [TEST_STEP][PASSED] - Taxtype = <not implemented yet for class: org.codehaus.groovy.ast.expr.EmptyExpression>: null

2023-07-17 21:10:58 - [TEST_STEP][PASSED] - numOfRows = findTestData(dataFile).getRowNumbers(): null

2023-07-17 21:10:59 - [TEST_STEP][PASSED] - println("Number of Records: " + numOfRows): null

2023-07-17 21:10:59 - [TEST_STEP][PASSED] - for ([row = 1, row <= numOfRows, (row++)]): null

2023-07-17 21:10:59 - [TEST_STEP][PASSED] - ExecuteTC = findTestData(dataFile).getValue("Execute", row): null

2023-07-17 21:10:59 - [TEST_STEP][PASSED] - out.println("Value of Execute is : " + ExecuteTC): null

2023-07-17 21:10:59 - [TEST_STEP][PASSED] - if (ExecuteTC.equalsIgnoreCase("Y")): null

2023-07-17 21:10:59 - [TEST_STEP][PASSED] - out.println("Begin Record Number: " + row): null

2023-07-17 21:10:59 - [TEST_STEP][PASSED] - today = new java.util.Date(): null

2023-07-17 21:10:59 - [TEST_STEP][PASSED] - println(today): null

2023-07-17 21:10:59 - [TEST_STEP][PASSED] - datText = today: null

2023-07-17 21:10:59 - [TEST_STEP][PASSED] - Taxtype = findTestData(dataFile).getValue("TaxType", row): null

2023-07-17 21:10:59 - [TEST_STEP][PASSED] - out.println("Taxtype value is : " + Taxtype): null

2023-07-17 21:10:59 - [TEST_STEP][PASSED] - openBrowser(""): Browser is opened with url: ''

2023-07-17 21:10:59 - [MESSAGE][WARNING] - A browser is already opened. Closing browser and opening a new one

2023-07-17 21:11:00 - [MESSAGE][INFO] - Starting 'Chrome' driver

2023-07-17 21:11:00 - [MESSAGE][INFO] - User set preference: ['acceptInsecureCerts', 'true']

2023-07-17 21:11:00 - [MESSAGE][INFO] - Action delay is set to 0 milliseconds

2023-07-17 21:11:01 - [MESSAGE][PASSED] - Browser is opened with url: ''

2023-07-17 21:11:01 - [TEST_STEP][PASSED] - maximizeWindow(): Current window maximized

2023-07-17 21:11:01 - [MESSAGE][PASSED] - Current window maximized

2023-07-17 21:11:01 - [TEST_STEP][PASSED] - navigateToUrl(RADurl): Navigate to 'https://qa.velocitypayment.com/client/rad/index.html' successfully

2023-07-17 21:11:03 - [MESSAGE][PASSED] - Navigate to 'https://qa.velocitypayment.com/client/rad/index.html' successfully

2023-07-17 21:11:03 - [TEST_STEP][PASSED] - orPath_Landing = "Object Repository/RAD_Pages/Landing_Page": null

2023-07-17 21:11:03 - [TEST_STEP][PASSED] - orPath_TaxTypeFilingYear = "Object Repository/RAD_Pages/TaxTypeFilingYear_Page": null

2023-07-17 21:11:03 - [TEST_STEP][PASSED] - orPath_TaxPayer = "Object Repository/RAD_Pages/Taxpayer_Page": null

2023-07-17 21:11:03 - [TEST_STEP][PASSED] - orPath_AddressContact = "Object Repository/RAD_Pages/AddressAndContactInfo_Page": null

2023-07-17 21:11:03 - [TEST_STEP][PASSED] - orPath_FilingStatus = "Object Repository/RAD_Pages/FilingStatus_Page": null

2023-07-17 21:11:03 - [TEST_STEP][PASSED] - orPath_Amount = "Object Repository/RAD_Pages/PaymentAmount_Page": null

2023-07-17 21:11:03 - [TEST_STEP][PASSED] - selectOptionByLabel(findTestObject(orPath_Landing + "/dd_TaxType"), Taxtype, false): All options with label 'Estimated Tax' are selected in object 'Object Repository/RAD_Pages/Landing_Page/dd_TaxType' 

2023-07-17 21:11:04 - [MESSAGE][PASSED] - All options with label 'Estimated Tax' are selected in object 'Object Repository/RAD_Pages/Landing_Page/dd_TaxType' 

2023-07-17 21:11:04 - [TEST_STEP][PASSED] - scrollToElement(findTestObject(orPath_Amount + "/input__paymentAmount"), 3): Scroll to object 'Object Repository/RAD_Pages/PaymentAmount_Page/input__paymentAmount' successfully

2023-07-17 21:11:04 - [MESSAGE][PASSED] - Scroll to object 'Object Repository/RAD_Pages/PaymentAmount_Page/input__paymentAmount' successfully

2023-07-17 21:11:04 - [TEST_STEP][PASSED] - setText(findTestObject(orPath_AddressContact + "/input_eMailAddress"), "imtiazster@gmail.com"): Text 'imtiazster@gmail.com' is set on object 'Object Repository/RAD_Pages/AddressAndContactInfo_Page/input_eMailAddress'

2023-07-17 21:11:05 - [MESSAGE][PASSED] - Text 'imtiazster@gmail.com' is set on object 'Object Repository/RAD_Pages/AddressAndContactInfo_Page/input_eMailAddress'

2023-07-17 21:11:05 - [TEST_STEP][PASSED] - setText(findTestObject(orPath_AddressContact + "/input_reEnterEMailAddress"), "iahmed@govolution.com"): Text 'iahmed@govolution.com' is set on object 'Object Repository/RAD_Pages/AddressAndContactInfo_Page/input_reEnterEMailAddress'

2023-07-17 21:11:06 - [MESSAGE][PASSED] - Text 'iahmed@govolution.com' is set on object 'Object Repository/RAD_Pages/AddressAndContactInfo_Page/input_reEnterEMailAddress'

2023-07-17 21:11:06 - [TEST_STEP][PASSED] - delay(2): Delayed 2 second(s)

2023-07-17 21:11:08 - [MESSAGE][PASSED] - Delayed 2 second(s)

2023-07-17 21:11:08 - [TEST_STEP][PASSED] - if (verifyTextPresent("The Email and Re-enter email do not match", true)): null

2023-07-17 21:11:08 - [MESSAGE][PASSED] - Text 'The Email and Re-enter email do not match' is present on page  using regular expression

2023-07-17 21:11:08 - [TEST_STEP][PASSED] - println("Emails Dont match text is present"): null

2023-07-17 21:11:08 - [TEST_STEP][PASSED] - out.println("Pass Record Number: " + row): null

2023-07-17 21:11:08 - [TEST_STEP][PASSED] - resText = "Pass": null

2023-07-17 21:11:08 - [TEST_STEP][PASSED] - pages.WriteExcel.demoKey(resText, datText, resColumn, datCloumn, fileLoc, nameSheet, row): pages.WriteExcel.demoKey is PASSED

2023-07-17 21:11:08 - [MESSAGE][PASSED] - pages.WriteExcel.demoKey is PASSED

2023-07-17 21:11:08 - [TEST_STEP][PASSED] - ExecuteTC = findTestData(dataFile).getValue("Execute", row): null

2023-07-17 21:11:08 - [TEST_STEP][PASSED] - out.println("Value of Execute is : " + ExecuteTC): null

2023-07-17 21:11:08 - [TEST_STEP][PASSED] - if (ExecuteTC.equalsIgnoreCase("Y")): null

2023-07-17 21:11:08 - [TEST_STEP][PASSED] - out.println("Begin Record Number: " + row): null

2023-07-17 21:11:08 - [TEST_STEP][PASSED] - today = new java.util.Date(): null

2023-07-17 21:11:08 - [TEST_STEP][PASSED] - println(today): null

2023-07-17 21:11:08 - [TEST_STEP][PASSED] - datText = today: null

2023-07-17 21:11:08 - [TEST_STEP][PASSED] - Taxtype = findTestData(dataFile).getValue("TaxType", row): null

2023-07-17 21:11:09 - [TEST_STEP][PASSED] - out.println("Taxtype value is : " + Taxtype): null

2023-07-17 21:11:09 - [TEST_STEP][PASSED] - openBrowser(""): Browser is opened with url: ''

2023-07-17 21:11:09 - [MESSAGE][WARNING] - A browser is already opened. Closing browser and opening a new one

2023-07-17 21:11:10 - [MESSAGE][INFO] - Starting 'Chrome' driver

2023-07-17 21:11:10 - [MESSAGE][INFO] - User set preference: ['acceptInsecureCerts', 'true']

2023-07-17 21:11:10 - [MESSAGE][INFO] - Action delay is set to 0 milliseconds

2023-07-17 21:11:11 - [MESSAGE][PASSED] - Browser is opened with url: ''

2023-07-17 21:11:11 - [TEST_STEP][PASSED] - maximizeWindow(): Current window maximized

2023-07-17 21:11:11 - [MESSAGE][PASSED] - Current window maximized

2023-07-17 21:11:11 - [TEST_STEP][PASSED] - navigateToUrl(RADurl): Navigate to 'https://qa.velocitypayment.com/client/rad/index.html' successfully

2023-07-17 21:11:12 - [MESSAGE][PASSED] - Navigate to 'https://qa.velocitypayment.com/client/rad/index.html' successfully

2023-07-17 21:11:12 - [TEST_STEP][PASSED] - orPath_Landing = "Object Repository/RAD_Pages/Landing_Page": null

2023-07-17 21:11:12 - [TEST_STEP][PASSED] - orPath_TaxTypeFilingYear = "Object Repository/RAD_Pages/TaxTypeFilingYear_Page": null

2023-07-17 21:11:12 - [TEST_STEP][PASSED] - orPath_TaxPayer = "Object Repository/RAD_Pages/Taxpayer_Page": null

2023-07-17 21:11:12 - [TEST_STEP][PASSED] - orPath_AddressContact = "Object Repository/RAD_Pages/AddressAndContactInfo_Page": null

2023-07-17 21:11:12 - [TEST_STEP][PASSED] - orPath_FilingStatus = "Object Repository/RAD_Pages/FilingStatus_Page": null

2023-07-17 21:11:12 - [TEST_STEP][PASSED] - orPath_Amount = "Object Repository/RAD_Pages/PaymentAmount_Page": null

2023-07-17 21:11:12 - [TEST_STEP][PASSED] - selectOptionByLabel(findTestObject(orPath_Landing + "/dd_TaxType"), Taxtype, false): All options with label 'Personal Income Tax' are selected in object 'Object Repository/RAD_Pages/Landing_Page/dd_TaxType' 

2023-07-17 21:11:13 - [MESSAGE][PASSED] - All options with label 'Personal Income Tax' are selected in object 'Object Repository/RAD_Pages/Landing_Page/dd_TaxType' 

2023-07-17 21:11:13 - [TEST_STEP][PASSED] - scrollToElement(findTestObject(orPath_Amount + "/input__paymentAmount"), 3): Scroll to object 'Object Repository/RAD_Pages/PaymentAmount_Page/input__paymentAmount' successfully

2023-07-17 21:11:14 - [MESSAGE][PASSED] - Scroll to object 'Object Repository/RAD_Pages/PaymentAmount_Page/input__paymentAmount' successfully

2023-07-17 21:11:14 - [TEST_STEP][PASSED] - setText(findTestObject(orPath_AddressContact + "/input_eMailAddress"), "imtiazster@gmail.com"): Text 'imtiazster@gmail.com' is set on object 'Object Repository/RAD_Pages/AddressAndContactInfo_Page/input_eMailAddress'

2023-07-17 21:11:14 - [MESSAGE][PASSED] - Text 'imtiazster@gmail.com' is set on object 'Object Repository/RAD_Pages/AddressAndContactInfo_Page/input_eMailAddress'

2023-07-17 21:11:14 - [TEST_STEP][PASSED] - setText(findTestObject(orPath_AddressContact + "/input_reEnterEMailAddress"), "iahmed@govolution.com"): Text 'iahmed@govolution.com' is set on object 'Object Repository/RAD_Pages/AddressAndContactInfo_Page/input_reEnterEMailAddress'

2023-07-17 21:11:15 - [MESSAGE][PASSED] - Text 'iahmed@govolution.com' is set on object 'Object Repository/RAD_Pages/AddressAndContactInfo_Page/input_reEnterEMailAddress'

2023-07-17 21:11:15 - [TEST_STEP][PASSED] - delay(2): Delayed 2 second(s)

2023-07-17 21:11:17 - [MESSAGE][PASSED] - Delayed 2 second(s)

2023-07-17 21:11:17 - [TEST_STEP][PASSED] - if (verifyTextPresent("The Email and Re-enter email do not match", true)): null

2023-07-17 21:11:18 - [MESSAGE][PASSED] - Text 'The Email and Re-enter email do not match' is present on page  using regular expression

2023-07-17 21:11:18 - [TEST_STEP][PASSED] - println("Emails Dont match text is present"): null

2023-07-17 21:11:18 - [TEST_STEP][PASSED] - out.println("Pass Record Number: " + row): null

2023-07-17 21:11:18 - [TEST_STEP][PASSED] - resText = "Pass": null

2023-07-17 21:11:18 - [TEST_STEP][PASSED] - pages.WriteExcel.demoKey(resText, datText, resColumn, datCloumn, fileLoc, nameSheet, row): pages.WriteExcel.demoKey is PASSED

2023-07-17 21:11:18 - [MESSAGE][PASSED] - pages.WriteExcel.demoKey is PASSED

2023-07-17 21:11:18 - [TEST_STEP][PASSED] - ExecuteTC = findTestData(dataFile).getValue("Execute", row): null

2023-07-17 21:11:18 - [TEST_STEP][PASSED] - out.println("Value of Execute is : " + ExecuteTC): null

2023-07-17 21:11:18 - [TEST_STEP][PASSED] - if (ExecuteTC.equalsIgnoreCase("Y")): null

2023-07-17 21:11:18 - [TEST_STEP][PASSED] - out.println("Begin Record Number: " + row): null

2023-07-17 21:11:18 - [TEST_STEP][PASSED] - today = new java.util.Date(): null

2023-07-17 21:11:18 - [TEST_STEP][PASSED] - println(today): null

2023-07-17 21:11:18 - [TEST_STEP][PASSED] - datText = today: null

2023-07-17 21:11:18 - [TEST_STEP][PASSED] - Taxtype = findTestData(dataFile).getValue("TaxType", row): null

2023-07-17 21:11:18 - [TEST_STEP][PASSED] - out.println("Taxtype value is : " + Taxtype): null

2023-07-17 21:11:18 - [TEST_STEP][PASSED] - openBrowser(""): Browser is opened with url: ''

2023-07-17 21:11:18 - [MESSAGE][WARNING] - A browser is already opened. Closing browser and opening a new one

2023-07-17 21:11:19 - [MESSAGE][INFO] - Starting 'Chrome' driver

2023-07-17 21:11:19 - [MESSAGE][INFO] - User set preference: ['acceptInsecureCerts', 'true']

2023-07-17 21:11:19 - [MESSAGE][INFO] - Action delay is set to 0 milliseconds

2023-07-17 21:11:20 - [MESSAGE][PASSED] - Browser is opened with url: ''

2023-07-17 21:11:20 - [TEST_STEP][PASSED] - maximizeWindow(): Current window maximized

2023-07-17 21:11:20 - [MESSAGE][PASSED] - Current window maximized

2023-07-17 21:11:20 - [TEST_STEP][PASSED] - navigateToUrl(RADurl): Navigate to 'https://qa.velocitypayment.com/client/rad/index.html' successfully

2023-07-17 21:11:22 - [MESSAGE][PASSED] - Navigate to 'https://qa.velocitypayment.com/client/rad/index.html' successfully

2023-07-17 21:11:22 - [TEST_STEP][PASSED] - orPath_Landing = "Object Repository/RAD_Pages/Landing_Page": null

2023-07-17 21:11:22 - [TEST_STEP][PASSED] - orPath_TaxTypeFilingYear = "Object Repository/RAD_Pages/TaxTypeFilingYear_Page": null

2023-07-17 21:11:22 - [TEST_STEP][PASSED] - orPath_TaxPayer = "Object Repository/RAD_Pages/Taxpayer_Page": null

2023-07-17 21:11:22 - [TEST_STEP][PASSED] - orPath_AddressContact = "Object Repository/RAD_Pages/AddressAndContactInfo_Page": null

2023-07-17 21:11:22 - [TEST_STEP][PASSED] - orPath_FilingStatus = "Object Repository/RAD_Pages/FilingStatus_Page": null

2023-07-17 21:11:22 - [TEST_STEP][PASSED] - orPath_Amount = "Object Repository/RAD_Pages/PaymentAmount_Page": null

2023-07-17 21:11:22 - [TEST_STEP][PASSED] - selectOptionByLabel(findTestObject(orPath_Landing + "/dd_TaxType"), Taxtype, false): All options with label 'Extension Payments' are selected in object 'Object Repository/RAD_Pages/Landing_Page/dd_TaxType' 

2023-07-17 21:11:23 - [MESSAGE][PASSED] - All options with label 'Extension Payments' are selected in object 'Object Repository/RAD_Pages/Landing_Page/dd_TaxType' 

2023-07-17 21:11:23 - [TEST_STEP][PASSED] - scrollToElement(findTestObject(orPath_Amount + "/input__paymentAmount"), 3): Scroll to object 'Object Repository/RAD_Pages/PaymentAmount_Page/input__paymentAmount' successfully

2023-07-17 21:11:23 - [MESSAGE][PASSED] - Scroll to object 'Object Repository/RAD_Pages/PaymentAmount_Page/input__paymentAmount' successfully

2023-07-17 21:11:23 - [TEST_STEP][PASSED] - setText(findTestObject(orPath_AddressContact + "/input_eMailAddress"), "imtiazster@gmail.com"): Text 'imtiazster@gmail.com' is set on object 'Object Repository/RAD_Pages/AddressAndContactInfo_Page/input_eMailAddress'

2023-07-17 21:11:24 - [MESSAGE][PASSED] - Text 'imtiazster@gmail.com' is set on object 'Object Repository/RAD_Pages/AddressAndContactInfo_Page/input_eMailAddress'

2023-07-17 21:11:24 - [TEST_STEP][PASSED] - setText(findTestObject(orPath_AddressContact + "/input_reEnterEMailAddress"), "iahmed@govolution.com"): Text 'iahmed@govolution.com' is set on object 'Object Repository/RAD_Pages/AddressAndContactInfo_Page/input_reEnterEMailAddress'

2023-07-17 21:11:25 - [MESSAGE][PASSED] - Text 'iahmed@govolution.com' is set on object 'Object Repository/RAD_Pages/AddressAndContactInfo_Page/input_reEnterEMailAddress'

2023-07-17 21:11:25 - [TEST_STEP][PASSED] - delay(2): Delayed 2 second(s)

2023-07-17 21:11:27 - [MESSAGE][PASSED] - Delayed 2 second(s)

2023-07-17 21:11:27 - [TEST_STEP][PASSED] - if (verifyTextPresent("The Email and Re-enter email do not match", true)): null

2023-07-17 21:11:27 - [MESSAGE][PASSED] - Text 'The Email and Re-enter email do not match' is present on page  using regular expression

2023-07-17 21:11:27 - [TEST_STEP][PASSED] - println("Emails Dont match text is present"): null

2023-07-17 21:11:27 - [TEST_STEP][PASSED] - out.println("Pass Record Number: " + row): null

2023-07-17 21:11:27 - [TEST_STEP][PASSED] - resText = "Pass": null

2023-07-17 21:11:27 - [TEST_STEP][PASSED] - pages.WriteExcel.demoKey(resText, datText, resColumn, datCloumn, fileLoc, nameSheet, row): pages.WriteExcel.demoKey is PASSED

2023-07-17 21:11:27 - [MESSAGE][PASSED] - pages.WriteExcel.demoKey is PASSED

2023-07-17 21:11:27 - [TEST_STEP][PASSED] - ExecuteTC = findTestData(dataFile).getValue("Execute", row): null

2023-07-17 21:11:27 - [TEST_STEP][PASSED] - out.println("Value of Execute is : " + ExecuteTC): null

2023-07-17 21:11:27 - [TEST_STEP][PASSED] - if (ExecuteTC.equalsIgnoreCase("Y")): null

2023-07-17 21:11:27 - [TEST_STEP][PASSED] - out.println("Begin Record Number: " + row): null

2023-07-17 21:11:27 - [TEST_STEP][PASSED] - today = new java.util.Date(): null

2023-07-17 21:11:27 - [TEST_STEP][PASSED] - println(today): null

2023-07-17 21:11:27 - [TEST_STEP][PASSED] - datText = today: null

2023-07-17 21:11:27 - [TEST_STEP][PASSED] - Taxtype = findTestData(dataFile).getValue("TaxType", row): null

2023-07-17 21:11:27 - [TEST_STEP][PASSED] - out.println("Taxtype value is : " + Taxtype): null

2023-07-17 21:11:27 - [TEST_STEP][PASSED] - openBrowser(""): Browser is opened with url: ''

2023-07-17 21:11:27 - [MESSAGE][WARNING] - A browser is already opened. Closing browser and opening a new one

2023-07-17 21:11:28 - [MESSAGE][INFO] - Starting 'Chrome' driver

2023-07-17 21:11:28 - [MESSAGE][INFO] - User set preference: ['acceptInsecureCerts', 'true']

2023-07-17 21:11:28 - [MESSAGE][INFO] - Action delay is set to 0 milliseconds

2023-07-17 21:11:30 - [MESSAGE][PASSED] - Browser is opened with url: ''

2023-07-17 21:11:30 - [TEST_STEP][PASSED] - maximizeWindow(): Current window maximized

2023-07-17 21:11:30 - [MESSAGE][PASSED] - Current window maximized

2023-07-17 21:11:30 - [TEST_STEP][PASSED] - navigateToUrl(RADurl): Navigate to 'https://qa.velocitypayment.com/client/rad/index.html' successfully

2023-07-17 21:11:31 - [MESSAGE][PASSED] - Navigate to 'https://qa.velocitypayment.com/client/rad/index.html' successfully

2023-07-17 21:11:31 - [TEST_STEP][PASSED] - orPath_Landing = "Object Repository/RAD_Pages/Landing_Page": null

2023-07-17 21:11:31 - [TEST_STEP][PASSED] - orPath_TaxTypeFilingYear = "Object Repository/RAD_Pages/TaxTypeFilingYear_Page": null

2023-07-17 21:11:31 - [TEST_STEP][PASSED] - orPath_TaxPayer = "Object Repository/RAD_Pages/Taxpayer_Page": null

2023-07-17 21:11:31 - [TEST_STEP][PASSED] - orPath_AddressContact = "Object Repository/RAD_Pages/AddressAndContactInfo_Page": null

2023-07-17 21:11:31 - [TEST_STEP][PASSED] - orPath_FilingStatus = "Object Repository/RAD_Pages/FilingStatus_Page": null

2023-07-17 21:11:31 - [TEST_STEP][PASSED] - orPath_Amount = "Object Repository/RAD_Pages/PaymentAmount_Page": null

2023-07-17 21:11:31 - [TEST_STEP][PASSED] - selectOptionByLabel(findTestObject(orPath_Landing + "/dd_TaxType"), Taxtype, false): All options with label 'Existing Liability' are selected in object 'Object Repository/RAD_Pages/Landing_Page/dd_TaxType' 

2023-07-17 21:11:32 - [MESSAGE][PASSED] - All options with label 'Existing Liability' are selected in object 'Object Repository/RAD_Pages/Landing_Page/dd_TaxType' 

2023-07-17 21:11:32 - [TEST_STEP][PASSED] - scrollToElement(findTestObject(orPath_Amount + "/input__paymentAmount"), 3): Scroll to object 'Object Repository/RAD_Pages/PaymentAmount_Page/input__paymentAmount' successfully

2023-07-17 21:11:32 - [MESSAGE][PASSED] - Scroll to object 'Object Repository/RAD_Pages/PaymentAmount_Page/input__paymentAmount' successfully

2023-07-17 21:11:32 - [TEST_STEP][PASSED] - setText(findTestObject(orPath_AddressContact + "/input_eMailAddress"), "imtiazster@gmail.com"): Text 'imtiazster@gmail.com' is set on object 'Object Repository/RAD_Pages/AddressAndContactInfo_Page/input_eMailAddress'

2023-07-17 21:11:33 - [MESSAGE][PASSED] - Text 'imtiazster@gmail.com' is set on object 'Object Repository/RAD_Pages/AddressAndContactInfo_Page/input_eMailAddress'

2023-07-17 21:11:33 - [TEST_STEP][PASSED] - setText(findTestObject(orPath_AddressContact + "/input_reEnterEMailAddress"), "iahmed@govolution.com"): Text 'iahmed@govolution.com' is set on object 'Object Repository/RAD_Pages/AddressAndContactInfo_Page/input_reEnterEMailAddress'

2023-07-17 21:11:34 - [MESSAGE][PASSED] - Text 'iahmed@govolution.com' is set on object 'Object Repository/RAD_Pages/AddressAndContactInfo_Page/input_reEnterEMailAddress'

2023-07-17 21:11:34 - [TEST_STEP][PASSED] - delay(2): Delayed 2 second(s)

2023-07-17 21:11:36 - [MESSAGE][PASSED] - Delayed 2 second(s)

2023-07-17 21:11:36 - [TEST_STEP][PASSED] - if (verifyTextPresent("The Email and Re-enter email do not match", true)): null

2023-07-17 21:11:36 - [MESSAGE][PASSED] - Text 'The Email and Re-enter email do not match' is present on page  using regular expression

2023-07-17 21:11:36 - [TEST_STEP][PASSED] - println("Emails Dont match text is present"): null

2023-07-17 21:11:36 - [TEST_STEP][PASSED] - out.println("Pass Record Number: " + row): null

2023-07-17 21:11:36 - [TEST_STEP][PASSED] - resText = "Pass": null

2023-07-17 21:11:36 - [TEST_STEP][PASSED] - pages.WriteExcel.demoKey(resText, datText, resColumn, datCloumn, fileLoc, nameSheet, row): pages.WriteExcel.demoKey is PASSED

2023-07-17 21:11:37 - [MESSAGE][PASSED] - pages.WriteExcel.demoKey is PASSED

2023-07-17 21:11:37 - [TEST_STEP][PASSED] - ExecuteTC = findTestData(dataFile).getValue("Execute", row): null

2023-07-17 21:11:37 - [TEST_STEP][PASSED] - out.println("Value of Execute is : " + ExecuteTC): null

2023-07-17 21:11:37 - [TEST_STEP][PASSED] - if (ExecuteTC.equalsIgnoreCase("Y")): null

2023-07-17 21:11:37 - [TEST_STEP][PASSED] - out.println("Begin Record Number: " + row): null

2023-07-17 21:11:37 - [TEST_STEP][PASSED] - today = new java.util.Date(): null

2023-07-17 21:11:37 - [TEST_STEP][PASSED] - println(today): null

2023-07-17 21:11:37 - [TEST_STEP][PASSED] - datText = today: null

2023-07-17 21:11:37 - [TEST_STEP][PASSED] - Taxtype = findTestData(dataFile).getValue("TaxType", row): null

2023-07-17 21:11:37 - [TEST_STEP][PASSED] - out.println("Taxtype value is : " + Taxtype): null

2023-07-17 21:11:37 - [TEST_STEP][PASSED] - openBrowser(""): Browser is opened with url: ''

2023-07-17 21:11:37 - [MESSAGE][WARNING] - A browser is already opened. Closing browser and opening a new one

2023-07-17 21:11:38 - [MESSAGE][INFO] - Starting 'Chrome' driver

2023-07-17 21:11:38 - [MESSAGE][INFO] - User set preference: ['acceptInsecureCerts', 'true']

2023-07-17 21:11:38 - [MESSAGE][INFO] - Action delay is set to 0 milliseconds

2023-07-17 21:11:39 - [MESSAGE][PASSED] - Browser is opened with url: ''

2023-07-17 21:11:39 - [TEST_STEP][PASSED] - maximizeWindow(): Current window maximized

2023-07-17 21:11:39 - [MESSAGE][PASSED] - Current window maximized

2023-07-17 21:11:39 - [TEST_STEP][PASSED] - navigateToUrl(RADurl): Navigate to 'https://qa.velocitypayment.com/client/rad/index.html' successfully

2023-07-17 21:11:41 - [MESSAGE][PASSED] - Navigate to 'https://qa.velocitypayment.com/client/rad/index.html' successfully

2023-07-17 21:11:41 - [TEST_STEP][PASSED] - orPath_Landing = "Object Repository/RAD_Pages/Landing_Page": null

2023-07-17 21:11:41 - [TEST_STEP][PASSED] - orPath_TaxTypeFilingYear = "Object Repository/RAD_Pages/TaxTypeFilingYear_Page": null

2023-07-17 21:11:41 - [TEST_STEP][PASSED] - orPath_TaxPayer = "Object Repository/RAD_Pages/Taxpayer_Page": null

2023-07-17 21:11:41 - [TEST_STEP][PASSED] - orPath_AddressContact = "Object Repository/RAD_Pages/AddressAndContactInfo_Page": null

2023-07-17 21:11:41 - [TEST_STEP][PASSED] - orPath_FilingStatus = "Object Repository/RAD_Pages/FilingStatus_Page": null

2023-07-17 21:11:41 - [TEST_STEP][PASSED] - orPath_Amount = "Object Repository/RAD_Pages/PaymentAmount_Page": null

2023-07-17 21:11:41 - [TEST_STEP][PASSED] - selectOptionByLabel(findTestObject(orPath_Landing + "/dd_TaxType"), Taxtype, false): All options with label 'Sales and Use' are selected in object 'Object Repository/RAD_Pages/Landing_Page/dd_TaxType' 

2023-07-17 21:11:41 - [MESSAGE][PASSED] - All options with label 'Sales and Use' are selected in object 'Object Repository/RAD_Pages/Landing_Page/dd_TaxType' 

2023-07-17 21:11:41 - [TEST_STEP][PASSED] - scrollToElement(findTestObject(orPath_Amount + "/input__paymentAmount"), 3): Scroll to object 'Object Repository/RAD_Pages/PaymentAmount_Page/input__paymentAmount' successfully

2023-07-17 21:11:42 - [MESSAGE][PASSED] - Scroll to object 'Object Repository/RAD_Pages/PaymentAmount_Page/input__paymentAmount' successfully

2023-07-17 21:11:42 - [TEST_STEP][PASSED] - setText(findTestObject(orPath_AddressContact + "/input_eMailAddress"), "imtiazster@gmail.com"): Text 'imtiazster@gmail.com' is set on object 'Object Repository/RAD_Pages/AddressAndContactInfo_Page/input_eMailAddress'

2023-07-17 21:11:43 - [MESSAGE][PASSED] - Text 'imtiazster@gmail.com' is set on object 'Object Repository/RAD_Pages/AddressAndContactInfo_Page/input_eMailAddress'

2023-07-17 21:11:43 - [TEST_STEP][PASSED] - setText(findTestObject(orPath_AddressContact + "/input_reEnterEMailAddress"), "iahmed@govolution.com"): Text 'iahmed@govolution.com' is set on object 'Object Repository/RAD_Pages/AddressAndContactInfo_Page/input_reEnterEMailAddress'

2023-07-17 21:11:44 - [MESSAGE][PASSED] - Text 'iahmed@govolution.com' is set on object 'Object Repository/RAD_Pages/AddressAndContactInfo_Page/input_reEnterEMailAddress'

2023-07-17 21:11:44 - [TEST_STEP][PASSED] - delay(2): Delayed 2 second(s)

2023-07-17 21:11:46 - [MESSAGE][PASSED] - Delayed 2 second(s)

2023-07-17 21:11:46 - [TEST_STEP][PASSED] - if (verifyTextPresent("The Email and Re-enter email do not match", true)): null

2023-07-17 21:11:46 - [MESSAGE][PASSED] - Text 'The Email and Re-enter email do not match' is present on page  using regular expression

2023-07-17 21:11:46 - [TEST_STEP][PASSED] - println("Emails Dont match text is present"): null

2023-07-17 21:11:46 - [TEST_STEP][PASSED] - out.println("Pass Record Number: " + row): null

2023-07-17 21:11:46 - [TEST_STEP][PASSED] - resText = "Pass": null

2023-07-17 21:11:46 - [TEST_STEP][PASSED] - pages.WriteExcel.demoKey(resText, datText, resColumn, datCloumn, fileLoc, nameSheet, row): pages.WriteExcel.demoKey is PASSED

2023-07-17 21:11:46 - [MESSAGE][PASSED] - pages.WriteExcel.demoKey is PASSED]]></system-out>
         <system-err><![CDATA[]]></system-err>
      </testcase>
      <testcase name="Test Cases/RAD_TestCases/Negative_TestCases/TaxPayerSSNNoMatch" time="30.59" classname="Test Cases/RAD_TestCases/Negative_TestCases/TaxPayerSSNNoMatch" status="PASSED">
         <system-out><![CDATA[2023-07-17 21:11:46 - [TEST_CASE][PASSED] - Test Cases/RAD_TestCases/Negative_TestCases/TaxPayerSSNNoMatch: Test Cases/RAD_TestCases/Negative_TestCases/TaxPayerSSNNoMatch

2023-07-17 21:11:47 - [TEST_STEP][PASSED] - resText = "Fail": null

2023-07-17 21:11:47 - [TEST_STEP][PASSED] - resColumn = "Result": null

2023-07-17 21:11:47 - [TEST_STEP][PASSED] - datCloumn = "Date": null

2023-07-17 21:11:47 - [TEST_STEP][PASSED] - fileLoc = "KatalonData/RADTestData/TaxPayerSSNNoMatch.xlsx": null

2023-07-17 21:11:47 - [TEST_STEP][PASSED] - nameSheet = "Sheet1": null

2023-07-17 21:11:47 - [TEST_STEP][PASSED] - dataFile = "RADTestData/TaxPayerSSNNoMatch": null

2023-07-17 21:11:47 - [TEST_STEP][PASSED] - ExecuteTC = <not implemented yet for class: org.codehaus.groovy.ast.expr.EmptyExpression>: null

2023-07-17 21:11:47 - [TEST_STEP][PASSED] - Taxtype = <not implemented yet for class: org.codehaus.groovy.ast.expr.EmptyExpression>: null

2023-07-17 21:11:47 - [TEST_STEP][PASSED] - numOfRows = findTestData(dataFile).getRowNumbers(): null

2023-07-17 21:11:47 - [TEST_STEP][PASSED] - println("Number of Records: " + numOfRows): null

2023-07-17 21:11:47 - [TEST_STEP][PASSED] - for ([row = 1, row <= numOfRows, (row++)]): null

2023-07-17 21:11:47 - [TEST_STEP][PASSED] - ExecuteTC = findTestData(dataFile).getValue("Execute", row): null

2023-07-17 21:11:47 - [TEST_STEP][PASSED] - out.println("Value of Execute is : " + ExecuteTC): null

2023-07-17 21:11:47 - [TEST_STEP][PASSED] - if (ExecuteTC.equalsIgnoreCase("Y")): null

2023-07-17 21:11:47 - [TEST_STEP][PASSED] - out.println("Begin Record Number: " + row): null

2023-07-17 21:11:47 - [TEST_STEP][PASSED] - today = new java.util.Date(): null

2023-07-17 21:11:47 - [TEST_STEP][PASSED] - println(today): null

2023-07-17 21:11:47 - [TEST_STEP][PASSED] - datText = today: null

2023-07-17 21:11:47 - [TEST_STEP][PASSED] - Taxtype = findTestData(dataFile).getValue("TaxType", row): null

2023-07-17 21:11:47 - [TEST_STEP][PASSED] - out.println("Taxtype value is : " + Taxtype): null

2023-07-17 21:11:47 - [TEST_STEP][PASSED] - openBrowser(""): Browser is opened with url: ''

2023-07-17 21:11:47 - [MESSAGE][WARNING] - A browser is already opened. Closing browser and opening a new one

2023-07-17 21:11:48 - [MESSAGE][INFO] - Starting 'Chrome' driver

2023-07-17 21:11:48 - [MESSAGE][INFO] - User set preference: ['acceptInsecureCerts', 'true']

2023-07-17 21:11:48 - [MESSAGE][INFO] - Action delay is set to 0 milliseconds

2023-07-17 21:11:49 - [MESSAGE][PASSED] - Browser is opened with url: ''

2023-07-17 21:11:49 - [TEST_STEP][PASSED] - maximizeWindow(): Current window maximized

2023-07-17 21:11:49 - [MESSAGE][PASSED] - Current window maximized

2023-07-17 21:11:49 - [TEST_STEP][PASSED] - navigateToUrl(RADurl): Navigate to 'https://qa.velocitypayment.com/client/rad/index.html' successfully

2023-07-17 21:11:51 - [MESSAGE][PASSED] - Navigate to 'https://qa.velocitypayment.com/client/rad/index.html' successfully

2023-07-17 21:11:51 - [TEST_STEP][PASSED] - orPath_Landing = "Object Repository/RAD_Pages/Landing_Page": null

2023-07-17 21:11:51 - [TEST_STEP][PASSED] - orPath_TaxTypeFilingYear = "Object Repository/RAD_Pages/TaxTypeFilingYear_Page": null

2023-07-17 21:11:51 - [TEST_STEP][PASSED] - orPath_TaxPayer = "Object Repository/RAD_Pages/Taxpayer_Page": null

2023-07-17 21:11:51 - [TEST_STEP][PASSED] - orPath_AddressContact = "Object Repository/RAD_Pages/AddressAndContactInfo_Page": null

2023-07-17 21:11:51 - [TEST_STEP][PASSED] - orPath_FilingStatus = "Object Repository/RAD_Pages/FilingStatus_Page": null

2023-07-17 21:11:51 - [TEST_STEP][PASSED] - orPath_Amount = "Object Repository/RAD_Pages/PaymentAmount_Page": null

2023-07-17 21:11:51 - [TEST_STEP][PASSED] - selectOptionByLabel(findTestObject(orPath_Landing + "/dd_TaxType"), Taxtype, false): All options with label 'Estimated Tax' are selected in object 'Object Repository/RAD_Pages/Landing_Page/dd_TaxType' 

2023-07-17 21:11:51 - [MESSAGE][PASSED] - All options with label 'Estimated Tax' are selected in object 'Object Repository/RAD_Pages/Landing_Page/dd_TaxType' 

2023-07-17 21:11:51 - [TEST_STEP][PASSED] - scrollToElement(findTestObject(orPath_TaxPayer + "/input_firstName"), 3): Scroll to object 'Object Repository/RAD_Pages/Taxpayer_Page/input_firstName' successfully

2023-07-17 21:11:52 - [MESSAGE][PASSED] - Scroll to object 'Object Repository/RAD_Pages/Taxpayer_Page/input_firstName' successfully

2023-07-17 21:11:52 - [TEST_STEP][PASSED] - setText(findTestObject("RAD_RecordAndPlay/input_concatSSN"), "111111111"): Text '111111111' is set on object 'Object Repository/RAD_RecordAndPlay/input_concatSSN'

2023-07-17 21:11:53 - [MESSAGE][PASSED] - Text '111111111' is set on object 'Object Repository/RAD_RecordAndPlay/input_concatSSN'

2023-07-17 21:11:53 - [TEST_STEP][PASSED] - setText(findTestObject("RAD_RecordAndPlay/input_concatReSSN"), "222222222"): Text '222222222' is set on object 'Object Repository/RAD_RecordAndPlay/input_concatReSSN'

2023-07-17 21:11:53 - [MESSAGE][PASSED] - Text '222222222' is set on object 'Object Repository/RAD_RecordAndPlay/input_concatReSSN'

2023-07-17 21:11:53 - [TEST_STEP][PASSED] - setText(findTestObject(orPath_TaxPayer + "/input_lastName"), "Anderson"): Text 'Anderson' is set on object 'Object Repository/RAD_Pages/Taxpayer_Page/input_lastName'

2023-07-17 21:11:54 - [MESSAGE][PASSED] - Text 'Anderson' is set on object 'Object Repository/RAD_Pages/Taxpayer_Page/input_lastName'

2023-07-17 21:11:54 - [TEST_STEP][PASSED] - delay(2): Delayed 2 second(s)

2023-07-17 21:11:56 - [MESSAGE][PASSED] - Delayed 2 second(s)

2023-07-17 21:11:56 - [TEST_STEP][PASSED] - if (verifyTextPresent("The SSN and Re-type SSN do not match", true)): null

2023-07-17 21:11:57 - [MESSAGE][PASSED] - Text 'The SSN and Re-type SSN do not match' is present on page  using regular expression

2023-07-17 21:11:57 - [TEST_STEP][PASSED] - println("Taxpayer SSN Dont match text is present"): null

2023-07-17 21:11:57 - [TEST_STEP][PASSED] - out.println("Pass Record Number: " + row): null

2023-07-17 21:11:57 - [TEST_STEP][PASSED] - resText = "Pass": null

2023-07-17 21:11:57 - [TEST_STEP][PASSED] - pages.WriteExcel.demoKey(resText, datText, resColumn, datCloumn, fileLoc, nameSheet, row): pages.WriteExcel.demoKey is PASSED

2023-07-17 21:11:57 - [MESSAGE][PASSED] - pages.WriteExcel.demoKey is PASSED

2023-07-17 21:11:57 - [TEST_STEP][PASSED] - ExecuteTC = findTestData(dataFile).getValue("Execute", row): null

2023-07-17 21:11:57 - [TEST_STEP][PASSED] - out.println("Value of Execute is : " + ExecuteTC): null

2023-07-17 21:11:57 - [TEST_STEP][PASSED] - if (ExecuteTC.equalsIgnoreCase("Y")): null

2023-07-17 21:11:57 - [TEST_STEP][PASSED] - out.println("Begin Record Number: " + row): null

2023-07-17 21:11:57 - [TEST_STEP][PASSED] - today = new java.util.Date(): null

2023-07-17 21:11:57 - [TEST_STEP][PASSED] - println(today): null

2023-07-17 21:11:57 - [TEST_STEP][PASSED] - datText = today: null

2023-07-17 21:11:57 - [TEST_STEP][PASSED] - Taxtype = findTestData(dataFile).getValue("TaxType", row): null

2023-07-17 21:11:57 - [TEST_STEP][PASSED] - out.println("Taxtype value is : " + Taxtype): null

2023-07-17 21:11:57 - [TEST_STEP][PASSED] - openBrowser(""): Browser is opened with url: ''

2023-07-17 21:11:57 - [MESSAGE][WARNING] - A browser is already opened. Closing browser and opening a new one

2023-07-17 21:11:58 - [MESSAGE][INFO] - Starting 'Chrome' driver

2023-07-17 21:11:58 - [MESSAGE][INFO] - User set preference: ['acceptInsecureCerts', 'true']

2023-07-17 21:11:58 - [MESSAGE][INFO] - Action delay is set to 0 milliseconds

2023-07-17 21:11:59 - [MESSAGE][PASSED] - Browser is opened with url: ''

2023-07-17 21:11:59 - [TEST_STEP][PASSED] - maximizeWindow(): Current window maximized

2023-07-17 21:12:00 - [MESSAGE][PASSED] - Current window maximized

2023-07-17 21:12:00 - [TEST_STEP][PASSED] - navigateToUrl(RADurl): Navigate to 'https://qa.velocitypayment.com/client/rad/index.html' successfully

2023-07-17 21:12:01 - [MESSAGE][PASSED] - Navigate to 'https://qa.velocitypayment.com/client/rad/index.html' successfully

2023-07-17 21:12:01 - [TEST_STEP][PASSED] - orPath_Landing = "Object Repository/RAD_Pages/Landing_Page": null

2023-07-17 21:12:01 - [TEST_STEP][PASSED] - orPath_TaxTypeFilingYear = "Object Repository/RAD_Pages/TaxTypeFilingYear_Page": null

2023-07-17 21:12:01 - [TEST_STEP][PASSED] - orPath_TaxPayer = "Object Repository/RAD_Pages/Taxpayer_Page": null

2023-07-17 21:12:01 - [TEST_STEP][PASSED] - orPath_AddressContact = "Object Repository/RAD_Pages/AddressAndContactInfo_Page": null

2023-07-17 21:12:01 - [TEST_STEP][PASSED] - orPath_FilingStatus = "Object Repository/RAD_Pages/FilingStatus_Page": null

2023-07-17 21:12:01 - [TEST_STEP][PASSED] - orPath_Amount = "Object Repository/RAD_Pages/PaymentAmount_Page": null

2023-07-17 21:12:01 - [TEST_STEP][PASSED] - selectOptionByLabel(findTestObject(orPath_Landing + "/dd_TaxType"), Taxtype, false): All options with label 'Personal Income Tax' are selected in object 'Object Repository/RAD_Pages/Landing_Page/dd_TaxType' 

2023-07-17 21:12:02 - [MESSAGE][PASSED] - All options with label 'Personal Income Tax' are selected in object 'Object Repository/RAD_Pages/Landing_Page/dd_TaxType' 

2023-07-17 21:12:02 - [TEST_STEP][PASSED] - scrollToElement(findTestObject(orPath_TaxPayer + "/input_firstName"), 3): Scroll to object 'Object Repository/RAD_Pages/Taxpayer_Page/input_firstName' successfully

2023-07-17 21:12:02 - [MESSAGE][PASSED] - Scroll to object 'Object Repository/RAD_Pages/Taxpayer_Page/input_firstName' successfully

2023-07-17 21:12:02 - [TEST_STEP][PASSED] - setText(findTestObject("RAD_RecordAndPlay/input_concatSSN"), "111111111"): Text '111111111' is set on object 'Object Repository/RAD_RecordAndPlay/input_concatSSN'

2023-07-17 21:12:03 - [MESSAGE][PASSED] - Text '111111111' is set on object 'Object Repository/RAD_RecordAndPlay/input_concatSSN'

2023-07-17 21:12:03 - [TEST_STEP][PASSED] - setText(findTestObject("RAD_RecordAndPlay/input_concatReSSN"), "222222222"): Text '222222222' is set on object 'Object Repository/RAD_RecordAndPlay/input_concatReSSN'

2023-07-17 21:12:03 - [MESSAGE][PASSED] - Text '222222222' is set on object 'Object Repository/RAD_RecordAndPlay/input_concatReSSN'

2023-07-17 21:12:03 - [TEST_STEP][PASSED] - setText(findTestObject(orPath_TaxPayer + "/input_lastName"), "Anderson"): Text 'Anderson' is set on object 'Object Repository/RAD_Pages/Taxpayer_Page/input_lastName'

2023-07-17 21:12:04 - [MESSAGE][PASSED] - Text 'Anderson' is set on object 'Object Repository/RAD_Pages/Taxpayer_Page/input_lastName'

2023-07-17 21:12:04 - [TEST_STEP][PASSED] - delay(2): Delayed 2 second(s)

2023-07-17 21:12:06 - [MESSAGE][PASSED] - Delayed 2 second(s)

2023-07-17 21:12:06 - [TEST_STEP][PASSED] - if (verifyTextPresent("The SSN and Re-type SSN do not match", true)): null

2023-07-17 21:12:07 - [MESSAGE][PASSED] - Text 'The SSN and Re-type SSN do not match' is present on page  using regular expression

2023-07-17 21:12:07 - [TEST_STEP][PASSED] - println("Taxpayer SSN Dont match text is present"): null

2023-07-17 21:12:07 - [TEST_STEP][PASSED] - out.println("Pass Record Number: " + row): null

2023-07-17 21:12:07 - [TEST_STEP][PASSED] - resText = "Pass": null

2023-07-17 21:12:07 - [TEST_STEP][PASSED] - pages.WriteExcel.demoKey(resText, datText, resColumn, datCloumn, fileLoc, nameSheet, row): pages.WriteExcel.demoKey is PASSED

2023-07-17 21:12:07 - [MESSAGE][PASSED] - pages.WriteExcel.demoKey is PASSED

2023-07-17 21:12:07 - [TEST_STEP][PASSED] - ExecuteTC = findTestData(dataFile).getValue("Execute", row): null

2023-07-17 21:12:07 - [TEST_STEP][PASSED] - out.println("Value of Execute is : " + ExecuteTC): null

2023-07-17 21:12:07 - [TEST_STEP][PASSED] - if (ExecuteTC.equalsIgnoreCase("Y")): null

2023-07-17 21:12:07 - [TEST_STEP][PASSED] - out.println("Begin Record Number: " + row): null

2023-07-17 21:12:07 - [TEST_STEP][PASSED] - today = new java.util.Date(): null

2023-07-17 21:12:07 - [TEST_STEP][PASSED] - println(today): null

2023-07-17 21:12:07 - [TEST_STEP][PASSED] - datText = today: null

2023-07-17 21:12:07 - [TEST_STEP][PASSED] - Taxtype = findTestData(dataFile).getValue("TaxType", row): null

2023-07-17 21:12:07 - [TEST_STEP][PASSED] - out.println("Taxtype value is : " + Taxtype): null

2023-07-17 21:12:07 - [TEST_STEP][PASSED] - openBrowser(""): Browser is opened with url: ''

2023-07-17 21:12:07 - [MESSAGE][WARNING] - A browser is already opened. Closing browser and opening a new one

2023-07-17 21:12:08 - [MESSAGE][INFO] - Starting 'Chrome' driver

2023-07-17 21:12:08 - [MESSAGE][INFO] - User set preference: ['acceptInsecureCerts', 'true']

2023-07-17 21:12:08 - [MESSAGE][INFO] - Action delay is set to 0 milliseconds

2023-07-17 21:12:09 - [MESSAGE][PASSED] - Browser is opened with url: ''

2023-07-17 21:12:09 - [TEST_STEP][PASSED] - maximizeWindow(): Current window maximized

2023-07-17 21:12:10 - [MESSAGE][PASSED] - Current window maximized

2023-07-17 21:12:10 - [TEST_STEP][PASSED] - navigateToUrl(RADurl): Navigate to 'https://qa.velocitypayment.com/client/rad/index.html' successfully

2023-07-17 21:12:11 - [MESSAGE][PASSED] - Navigate to 'https://qa.velocitypayment.com/client/rad/index.html' successfully

2023-07-17 21:12:11 - [TEST_STEP][PASSED] - orPath_Landing = "Object Repository/RAD_Pages/Landing_Page": null

2023-07-17 21:12:11 - [TEST_STEP][PASSED] - orPath_TaxTypeFilingYear = "Object Repository/RAD_Pages/TaxTypeFilingYear_Page": null

2023-07-17 21:12:11 - [TEST_STEP][PASSED] - orPath_TaxPayer = "Object Repository/RAD_Pages/Taxpayer_Page": null

2023-07-17 21:12:11 - [TEST_STEP][PASSED] - orPath_AddressContact = "Object Repository/RAD_Pages/AddressAndContactInfo_Page": null

2023-07-17 21:12:11 - [TEST_STEP][PASSED] - orPath_FilingStatus = "Object Repository/RAD_Pages/FilingStatus_Page": null

2023-07-17 21:12:11 - [TEST_STEP][PASSED] - orPath_Amount = "Object Repository/RAD_Pages/PaymentAmount_Page": null

2023-07-17 21:12:11 - [TEST_STEP][PASSED] - selectOptionByLabel(findTestObject(orPath_Landing + "/dd_TaxType"), Taxtype, false): All options with label 'Extension Payments' are selected in object 'Object Repository/RAD_Pages/Landing_Page/dd_TaxType' 

2023-07-17 21:12:12 - [MESSAGE][PASSED] - All options with label 'Extension Payments' are selected in object 'Object Repository/RAD_Pages/Landing_Page/dd_TaxType' 

2023-07-17 21:12:12 - [TEST_STEP][PASSED] - scrollToElement(findTestObject(orPath_TaxPayer + "/input_firstName"), 3): Scroll to object 'Object Repository/RAD_Pages/Taxpayer_Page/input_firstName' successfully

2023-07-17 21:12:12 - [MESSAGE][PASSED] - Scroll to object 'Object Repository/RAD_Pages/Taxpayer_Page/input_firstName' successfully

2023-07-17 21:12:12 - [TEST_STEP][PASSED] - setText(findTestObject("RAD_RecordAndPlay/input_concatSSN"), "111111111"): Text '111111111' is set on object 'Object Repository/RAD_RecordAndPlay/input_concatSSN'

2023-07-17 21:12:13 - [MESSAGE][PASSED] - Text '111111111' is set on object 'Object Repository/RAD_RecordAndPlay/input_concatSSN'

2023-07-17 21:12:13 - [TEST_STEP][PASSED] - setText(findTestObject("RAD_RecordAndPlay/input_concatReSSN"), "222222222"): Text '222222222' is set on object 'Object Repository/RAD_RecordAndPlay/input_concatReSSN'

2023-07-17 21:12:13 - [MESSAGE][PASSED] - Text '222222222' is set on object 'Object Repository/RAD_RecordAndPlay/input_concatReSSN'

2023-07-17 21:12:13 - [TEST_STEP][PASSED] - setText(findTestObject(orPath_TaxPayer + "/input_lastName"), "Anderson"): Text 'Anderson' is set on object 'Object Repository/RAD_Pages/Taxpayer_Page/input_lastName'

2023-07-17 21:12:14 - [MESSAGE][PASSED] - Text 'Anderson' is set on object 'Object Repository/RAD_Pages/Taxpayer_Page/input_lastName'

2023-07-17 21:12:14 - [TEST_STEP][PASSED] - delay(2): Delayed 2 second(s)

2023-07-17 21:12:16 - [MESSAGE][PASSED] - Delayed 2 second(s)

2023-07-17 21:12:16 - [TEST_STEP][PASSED] - if (verifyTextPresent("The SSN and Re-type SSN do not match", true)): null

2023-07-17 21:12:17 - [MESSAGE][PASSED] - Text 'The SSN and Re-type SSN do not match' is present on page  using regular expression

2023-07-17 21:12:17 - [TEST_STEP][PASSED] - println("Taxpayer SSN Dont match text is present"): null

2023-07-17 21:12:17 - [TEST_STEP][PASSED] - out.println("Pass Record Number: " + row): null

2023-07-17 21:12:17 - [TEST_STEP][PASSED] - resText = "Pass": null

2023-07-17 21:12:17 - [TEST_STEP][PASSED] - pages.WriteExcel.demoKey(resText, datText, resColumn, datCloumn, fileLoc, nameSheet, row): pages.WriteExcel.demoKey is PASSED

2023-07-17 21:12:17 - [MESSAGE][PASSED] - pages.WriteExcel.demoKey is PASSED]]></system-out>
         <system-err><![CDATA[]]></system-err>
      </testcase>
      <testcase name="Test Cases/RAD_TestCases/Negative_TestCases/JointFilerSSNNoMatch" time="38.254" classname="Test Cases/RAD_TestCases/Negative_TestCases/JointFilerSSNNoMatch" status="PASSED">
         <system-out><![CDATA[2023-07-17 21:12:17 - [TEST_CASE][PASSED] - Test Cases/RAD_TestCases/Negative_TestCases/JointFilerSSNNoMatch: Test Cases/RAD_TestCases/Negative_TestCases/JointFilerSSNNoMatch

2023-07-17 21:12:17 - [TEST_STEP][PASSED] - orPath_Landing = "Object Repository/RAD_Pages/Landing_Page": null

2023-07-17 21:12:17 - [TEST_STEP][PASSED] - orPath_Amount = "Object Repository/RAD_Pages/PaymentAmount_Page": null

2023-07-17 21:12:17 - [TEST_STEP][PASSED] - orPath_FilingStatus = "Object Repository/RAD_Pages/FilingStatus_Page": null

2023-07-17 21:12:17 - [TEST_STEP][PASSED] - orPath_TaxPayer = "Object Repository/RAD_Pages/Taxpayer_Page": null

2023-07-17 21:12:17 - [TEST_STEP][PASSED] - taxTypeDropList = ["Estimated Tax", "Personal Income Tax", "Extension Payments"]: null

2023-07-17 21:12:17 - [TEST_STEP][PASSED] - listSize = taxTypeDropList.size(): null

2023-07-17 21:12:17 - [TEST_STEP][PASSED] - println(listSize): null

2023-07-17 21:12:17 - [TEST_STEP][PASSED] - executionProfile = getExecutionProfile(): null

2023-07-17 21:12:17 - [TEST_STEP][PASSED] - for ([i = 0, i < listSize, (i++)]): Text 'The SSN and Re-type SSN do not match.' is present on page  using regular expression

2023-07-17 21:12:17 - [TEST_STEP][PASSED] - openBrowser(""): Browser is opened with url: ''

2023-07-17 21:12:17 - [MESSAGE][WARNING] - A browser is already opened. Closing browser and opening a new one

2023-07-17 21:12:18 - [MESSAGE][INFO] - Starting 'Chrome' driver

2023-07-17 21:12:18 - [MESSAGE][INFO] - User set preference: ['acceptInsecureCerts', 'true']

2023-07-17 21:12:18 - [MESSAGE][INFO] - Action delay is set to 0 milliseconds

2023-07-17 21:12:20 - [MESSAGE][PASSED] - Browser is opened with url: ''

2023-07-17 21:12:20 - [TEST_STEP][PASSED] - maximizeWindow(): Current window maximized

2023-07-17 21:12:20 - [MESSAGE][PASSED] - Current window maximized

2023-07-17 21:12:20 - [TEST_STEP][PASSED] - navigateToUrl(RADurl): Navigate to 'https://qa.velocitypayment.com/client/rad/index.html' successfully

2023-07-17 21:12:21 - [MESSAGE][PASSED] - Navigate to 'https://qa.velocitypayment.com/client/rad/index.html' successfully

2023-07-17 21:12:21 - [TEST_STEP][PASSED] - out.println("Value of taxTypeDropList : " + taxTypeDropList[i]): null

2023-07-17 21:12:21 - [TEST_STEP][PASSED] - selectOptionByLabel(findTestObject(orPath_Landing + "/dd_TaxType"), taxTypeDropList[i], false): All options with label 'Estimated Tax' are selected in object 'Object Repository/RAD_Pages/Landing_Page/dd_TaxType' 

2023-07-17 21:12:22 - [MESSAGE][PASSED] - All options with label 'Estimated Tax' are selected in object 'Object Repository/RAD_Pages/Landing_Page/dd_TaxType' 

2023-07-17 21:12:22 - [TEST_STEP][PASSED] - switch (executionProfile): null

2023-07-17 21:12:22 - [TEST_STEP][PASSED] - case "QAProfile":: null

2023-07-17 21:12:22 - [TEST_STEP][PASSED] - setText(findTestObject(orPath_TaxPayer + "/input_lastName"), "Anderson"): Text 'Anderson' is set on object 'Object Repository/RAD_Pages/Taxpayer_Page/input_lastName'

2023-07-17 21:12:23 - [MESSAGE][PASSED] - Text 'Anderson' is set on object 'Object Repository/RAD_Pages/Taxpayer_Page/input_lastName'

2023-07-17 21:12:23 - [TEST_STEP][PASSED] - setText(findTestObject("RAD_RecordAndPlay/input_concatSSN"), "123441234"): Text '123441234' is set on object 'Object Repository/RAD_RecordAndPlay/input_concatSSN'

2023-07-17 21:12:24 - [MESSAGE][PASSED] - Text '123441234' is set on object 'Object Repository/RAD_RecordAndPlay/input_concatSSN'

2023-07-17 21:12:24 - [TEST_STEP][PASSED] - setText(findTestObject("RAD_RecordAndPlay/input_concatReSSN"), "123441234"): Text '123441234' is set on object 'Object Repository/RAD_RecordAndPlay/input_concatReSSN'

2023-07-17 21:12:24 - [MESSAGE][PASSED] - Text '123441234' is set on object 'Object Repository/RAD_RecordAndPlay/input_concatReSSN'

2023-07-17 21:12:24 - [TEST_STEP][PASSED] - break: null

2023-07-17 21:12:24 - [TEST_STEP][PASSED] - scrollToElement(findTestObject(orPath_Amount + "/input__paymentAmount"), 3): Scroll to object 'Object Repository/RAD_Pages/PaymentAmount_Page/input__paymentAmount' successfully

2023-07-17 21:12:24 - [MESSAGE][PASSED] - Scroll to object 'Object Repository/RAD_Pages/PaymentAmount_Page/input__paymentAmount' successfully

2023-07-17 21:12:24 - [TEST_STEP][PASSED] - waitForElementClickable(findTestObject(orPath_FilingStatus + "/input_userType_Joint"), 5): Object 'Object Repository/RAD_Pages/FilingStatus_Page/input_userType_Joint' is clickable

2023-07-17 21:12:25 - [MESSAGE][PASSED] - Object 'Object Repository/RAD_Pages/FilingStatus_Page/input_userType_Joint' is clickable

2023-07-17 21:12:25 - [TEST_STEP][PASSED] - click(findTestObject(orPath_FilingStatus + "/input_userType_Joint")): Object: 'Object Repository/RAD_Pages/FilingStatus_Page/input_userType_Joint' is clicked on

2023-07-17 21:12:25 - [MESSAGE][PASSED] - Object: 'Object Repository/RAD_Pages/FilingStatus_Page/input_userType_Joint' is clicked on

2023-07-17 21:12:25 - [TEST_STEP][PASSED] - switch (executionProfile): null

2023-07-17 21:12:25 - [TEST_STEP][PASSED] - case "QAProfile":: null

2023-07-17 21:12:25 - [TEST_STEP][PASSED] - setText(findTestObject(orPath_FilingStatus + "/input_jointLastName"), "Broad"): Text 'Broad' is set on object 'Object Repository/RAD_Pages/FilingStatus_Page/input_jointLastName'

2023-07-17 21:12:26 - [MESSAGE][PASSED] - Text 'Broad' is set on object 'Object Repository/RAD_Pages/FilingStatus_Page/input_jointLastName'

2023-07-17 21:12:26 - [TEST_STEP][PASSED] - setText(findTestObject("Object Repository/RAD_RecordAndPlay/input_JointFilerSSN"), "111116523"): Text '111116523' is set on object 'Object Repository/RAD_RecordAndPlay/input_JointFilerSSN'

2023-07-17 21:12:26 - [MESSAGE][PASSED] - Text '111116523' is set on object 'Object Repository/RAD_RecordAndPlay/input_JointFilerSSN'

2023-07-17 21:12:26 - [TEST_STEP][PASSED] - setText(findTestObject("Object Repository/RAD_RecordAndPlay/input_reTypeJointFilerSSN"), "222226523"): Text '222226523' is set on object 'Object Repository/RAD_RecordAndPlay/input_reTypeJointFilerSSN'

2023-07-17 21:12:27 - [MESSAGE][PASSED] - Text '222226523' is set on object 'Object Repository/RAD_RecordAndPlay/input_reTypeJointFilerSSN'

2023-07-17 21:12:27 - [TEST_STEP][PASSED] - break: null

2023-07-17 21:12:27 - [TEST_STEP][PASSED] - setText(findTestObject(orPath_FilingStatus + "/input_jointSuffix"), ""): Text '' is set on object 'Object Repository/RAD_Pages/FilingStatus_Page/input_jointSuffix'

2023-07-17 21:12:28 - [MESSAGE][PASSED] - Text '' is set on object 'Object Repository/RAD_Pages/FilingStatus_Page/input_jointSuffix'

2023-07-17 21:12:28 - [TEST_STEP][PASSED] - delay(2): Delayed 2 second(s)

2023-07-17 21:12:30 - [MESSAGE][PASSED] - Delayed 2 second(s)

2023-07-17 21:12:30 - [TEST_STEP][PASSED] - verifyTextPresent("The SSN and Re-type SSN do not match.", true): Text 'The SSN and Re-type SSN do not match.' is present on page  using regular expression

2023-07-17 21:12:30 - [MESSAGE][PASSED] - Text 'The SSN and Re-type SSN do not match.' is present on page  using regular expression

2023-07-17 21:12:30 - [TEST_STEP][PASSED] - openBrowser(""): Browser is opened with url: ''

2023-07-17 21:12:30 - [MESSAGE][WARNING] - A browser is already opened. Closing browser and opening a new one

2023-07-17 21:12:31 - [MESSAGE][INFO] - Starting 'Chrome' driver

2023-07-17 21:12:31 - [MESSAGE][INFO] - User set preference: ['acceptInsecureCerts', 'true']

2023-07-17 21:12:31 - [MESSAGE][INFO] - Action delay is set to 0 milliseconds

2023-07-17 21:12:32 - [MESSAGE][PASSED] - Browser is opened with url: ''

2023-07-17 21:12:32 - [TEST_STEP][PASSED] - maximizeWindow(): Current window maximized

2023-07-17 21:12:32 - [MESSAGE][PASSED] - Current window maximized

2023-07-17 21:12:32 - [TEST_STEP][PASSED] - navigateToUrl(RADurl): Navigate to 'https://qa.velocitypayment.com/client/rad/index.html' successfully

2023-07-17 21:12:34 - [MESSAGE][PASSED] - Navigate to 'https://qa.velocitypayment.com/client/rad/index.html' successfully

2023-07-17 21:12:34 - [TEST_STEP][PASSED] - out.println("Value of taxTypeDropList : " + taxTypeDropList[i]): null

2023-07-17 21:12:34 - [TEST_STEP][PASSED] - selectOptionByLabel(findTestObject(orPath_Landing + "/dd_TaxType"), taxTypeDropList[i], false): All options with label 'Personal Income Tax' are selected in object 'Object Repository/RAD_Pages/Landing_Page/dd_TaxType' 

2023-07-17 21:12:35 - [MESSAGE][PASSED] - All options with label 'Personal Income Tax' are selected in object 'Object Repository/RAD_Pages/Landing_Page/dd_TaxType' 

2023-07-17 21:12:35 - [TEST_STEP][PASSED] - switch (executionProfile): null

2023-07-17 21:12:35 - [TEST_STEP][PASSED] - case "QAProfile":: null

2023-07-17 21:12:35 - [TEST_STEP][PASSED] - setText(findTestObject(orPath_TaxPayer + "/input_lastName"), "Anderson"): Text 'Anderson' is set on object 'Object Repository/RAD_Pages/Taxpayer_Page/input_lastName'

2023-07-17 21:12:36 - [MESSAGE][PASSED] - Text 'Anderson' is set on object 'Object Repository/RAD_Pages/Taxpayer_Page/input_lastName'

2023-07-17 21:12:36 - [TEST_STEP][PASSED] - setText(findTestObject("RAD_RecordAndPlay/input_concatSSN"), "123441234"): Text '123441234' is set on object 'Object Repository/RAD_RecordAndPlay/input_concatSSN'

2023-07-17 21:12:36 - [MESSAGE][PASSED] - Text '123441234' is set on object 'Object Repository/RAD_RecordAndPlay/input_concatSSN'

2023-07-17 21:12:36 - [TEST_STEP][PASSED] - setText(findTestObject("RAD_RecordAndPlay/input_concatReSSN"), "123441234"): Text '123441234' is set on object 'Object Repository/RAD_RecordAndPlay/input_concatReSSN'

2023-07-17 21:12:37 - [MESSAGE][PASSED] - Text '123441234' is set on object 'Object Repository/RAD_RecordAndPlay/input_concatReSSN'

2023-07-17 21:12:37 - [TEST_STEP][PASSED] - break: null

2023-07-17 21:12:37 - [TEST_STEP][PASSED] - scrollToElement(findTestObject(orPath_Amount + "/input__paymentAmount"), 3): Scroll to object 'Object Repository/RAD_Pages/PaymentAmount_Page/input__paymentAmount' successfully

2023-07-17 21:12:37 - [MESSAGE][PASSED] - Scroll to object 'Object Repository/RAD_Pages/PaymentAmount_Page/input__paymentAmount' successfully

2023-07-17 21:12:37 - [TEST_STEP][PASSED] - waitForElementClickable(findTestObject(orPath_FilingStatus + "/input_userType_Joint"), 5): Object 'Object Repository/RAD_Pages/FilingStatus_Page/input_userType_Joint' is clickable

2023-07-17 21:12:37 - [MESSAGE][PASSED] - Object 'Object Repository/RAD_Pages/FilingStatus_Page/input_userType_Joint' is clickable

2023-07-17 21:12:37 - [TEST_STEP][PASSED] - click(findTestObject(orPath_FilingStatus + "/input_userType_Joint")): Object: 'Object Repository/RAD_Pages/FilingStatus_Page/input_userType_Joint' is clicked on

2023-07-17 21:12:38 - [MESSAGE][PASSED] - Object: 'Object Repository/RAD_Pages/FilingStatus_Page/input_userType_Joint' is clicked on

2023-07-17 21:12:38 - [TEST_STEP][PASSED] - switch (executionProfile): null

2023-07-17 21:12:38 - [TEST_STEP][PASSED] - case "QAProfile":: null

2023-07-17 21:12:38 - [TEST_STEP][PASSED] - setText(findTestObject(orPath_FilingStatus + "/input_jointLastName"), "Broad"): Text 'Broad' is set on object 'Object Repository/RAD_Pages/FilingStatus_Page/input_jointLastName'

2023-07-17 21:12:38 - [MESSAGE][PASSED] - Text 'Broad' is set on object 'Object Repository/RAD_Pages/FilingStatus_Page/input_jointLastName'

2023-07-17 21:12:38 - [TEST_STEP][PASSED] - setText(findTestObject("Object Repository/RAD_RecordAndPlay/input_JointFilerSSN"), "111116523"): Text '111116523' is set on object 'Object Repository/RAD_RecordAndPlay/input_JointFilerSSN'

2023-07-17 21:12:39 - [MESSAGE][PASSED] - Text '111116523' is set on object 'Object Repository/RAD_RecordAndPlay/input_JointFilerSSN'

2023-07-17 21:12:39 - [TEST_STEP][PASSED] - setText(findTestObject("Object Repository/RAD_RecordAndPlay/input_reTypeJointFilerSSN"), "222226523"): Text '222226523' is set on object 'Object Repository/RAD_RecordAndPlay/input_reTypeJointFilerSSN'

2023-07-17 21:12:40 - [MESSAGE][PASSED] - Text '222226523' is set on object 'Object Repository/RAD_RecordAndPlay/input_reTypeJointFilerSSN'

2023-07-17 21:12:40 - [TEST_STEP][PASSED] - break: null

2023-07-17 21:12:40 - [TEST_STEP][PASSED] - setText(findTestObject(orPath_FilingStatus + "/input_jointSuffix"), ""): Text '' is set on object 'Object Repository/RAD_Pages/FilingStatus_Page/input_jointSuffix'

2023-07-17 21:12:40 - [MESSAGE][PASSED] - Text '' is set on object 'Object Repository/RAD_Pages/FilingStatus_Page/input_jointSuffix'

2023-07-17 21:12:40 - [TEST_STEP][PASSED] - delay(2): Delayed 2 second(s)

2023-07-17 21:12:42 - [MESSAGE][PASSED] - Delayed 2 second(s)

2023-07-17 21:12:42 - [TEST_STEP][PASSED] - verifyTextPresent("The SSN and Re-type SSN do not match.", true): Text 'The SSN and Re-type SSN do not match.' is present on page  using regular expression

2023-07-17 21:12:43 - [MESSAGE][PASSED] - Text 'The SSN and Re-type SSN do not match.' is present on page  using regular expression

2023-07-17 21:12:43 - [TEST_STEP][PASSED] - openBrowser(""): Browser is opened with url: ''

2023-07-17 21:12:43 - [MESSAGE][WARNING] - A browser is already opened. Closing browser and opening a new one

2023-07-17 21:12:44 - [MESSAGE][INFO] - Starting 'Chrome' driver

2023-07-17 21:12:44 - [MESSAGE][INFO] - User set preference: ['acceptInsecureCerts', 'true']

2023-07-17 21:12:44 - [MESSAGE][INFO] - Action delay is set to 0 milliseconds

2023-07-17 21:12:45 - [MESSAGE][PASSED] - Browser is opened with url: ''

2023-07-17 21:12:45 - [TEST_STEP][PASSED] - maximizeWindow(): Current window maximized

2023-07-17 21:12:45 - [MESSAGE][PASSED] - Current window maximized

2023-07-17 21:12:45 - [TEST_STEP][PASSED] - navigateToUrl(RADurl): Navigate to 'https://qa.velocitypayment.com/client/rad/index.html' successfully

2023-07-17 21:12:47 - [MESSAGE][PASSED] - Navigate to 'https://qa.velocitypayment.com/client/rad/index.html' successfully

2023-07-17 21:12:47 - [TEST_STEP][PASSED] - out.println("Value of taxTypeDropList : " + taxTypeDropList[i]): null

2023-07-17 21:12:47 - [TEST_STEP][PASSED] - selectOptionByLabel(findTestObject(orPath_Landing + "/dd_TaxType"), taxTypeDropList[i], false): All options with label 'Extension Payments' are selected in object 'Object Repository/RAD_Pages/Landing_Page/dd_TaxType' 

2023-07-17 21:12:47 - [MESSAGE][PASSED] - All options with label 'Extension Payments' are selected in object 'Object Repository/RAD_Pages/Landing_Page/dd_TaxType' 

2023-07-17 21:12:47 - [TEST_STEP][PASSED] - switch (executionProfile): null

2023-07-17 21:12:47 - [TEST_STEP][PASSED] - case "QAProfile":: null

2023-07-17 21:12:47 - [TEST_STEP][PASSED] - setText(findTestObject(orPath_TaxPayer + "/input_lastName"), "Anderson"): Text 'Anderson' is set on object 'Object Repository/RAD_Pages/Taxpayer_Page/input_lastName'

2023-07-17 21:12:48 - [MESSAGE][PASSED] - Text 'Anderson' is set on object 'Object Repository/RAD_Pages/Taxpayer_Page/input_lastName'

2023-07-17 21:12:48 - [TEST_STEP][PASSED] - setText(findTestObject("RAD_RecordAndPlay/input_concatSSN"), "123441234"): Text '123441234' is set on object 'Object Repository/RAD_RecordAndPlay/input_concatSSN'

2023-07-17 21:12:49 - [MESSAGE][PASSED] - Text '123441234' is set on object 'Object Repository/RAD_RecordAndPlay/input_concatSSN'

2023-07-17 21:12:49 - [TEST_STEP][PASSED] - setText(findTestObject("RAD_RecordAndPlay/input_concatReSSN"), "123441234"): Text '123441234' is set on object 'Object Repository/RAD_RecordAndPlay/input_concatReSSN'

2023-07-17 21:12:49 - [MESSAGE][PASSED] - Text '123441234' is set on object 'Object Repository/RAD_RecordAndPlay/input_concatReSSN'

2023-07-17 21:12:49 - [TEST_STEP][PASSED] - break: null

2023-07-17 21:12:49 - [TEST_STEP][PASSED] - scrollToElement(findTestObject(orPath_Amount + "/input__paymentAmount"), 3): Scroll to object 'Object Repository/RAD_Pages/PaymentAmount_Page/input__paymentAmount' successfully

2023-07-17 21:12:49 - [MESSAGE][PASSED] - Scroll to object 'Object Repository/RAD_Pages/PaymentAmount_Page/input__paymentAmount' successfully

2023-07-17 21:12:49 - [TEST_STEP][PASSED] - waitForElementClickable(findTestObject(orPath_FilingStatus + "/input_userType_Joint"), 5): Object 'Object Repository/RAD_Pages/FilingStatus_Page/input_userType_Joint' is clickable

2023-07-17 21:12:50 - [MESSAGE][PASSED] - Object 'Object Repository/RAD_Pages/FilingStatus_Page/input_userType_Joint' is clickable

2023-07-17 21:12:50 - [TEST_STEP][PASSED] - click(findTestObject(orPath_FilingStatus + "/input_userType_Joint")): Object: 'Object Repository/RAD_Pages/FilingStatus_Page/input_userType_Joint' is clicked on

2023-07-17 21:12:50 - [MESSAGE][PASSED] - Object: 'Object Repository/RAD_Pages/FilingStatus_Page/input_userType_Joint' is clicked on

2023-07-17 21:12:50 - [TEST_STEP][PASSED] - switch (executionProfile): null

2023-07-17 21:12:50 - [TEST_STEP][PASSED] - case "QAProfile":: null

2023-07-17 21:12:50 - [TEST_STEP][PASSED] - setText(findTestObject(orPath_FilingStatus + "/input_jointLastName"), "Broad"): Text 'Broad' is set on object 'Object Repository/RAD_Pages/FilingStatus_Page/input_jointLastName'

2023-07-17 21:12:51 - [MESSAGE][PASSED] - Text 'Broad' is set on object 'Object Repository/RAD_Pages/FilingStatus_Page/input_jointLastName'

2023-07-17 21:12:51 - [TEST_STEP][PASSED] - setText(findTestObject("Object Repository/RAD_RecordAndPlay/input_JointFilerSSN"), "111116523"): Text '111116523' is set on object 'Object Repository/RAD_RecordAndPlay/input_JointFilerSSN'

2023-07-17 21:12:52 - [MESSAGE][PASSED] - Text '111116523' is set on object 'Object Repository/RAD_RecordAndPlay/input_JointFilerSSN'

2023-07-17 21:12:52 - [TEST_STEP][PASSED] - setText(findTestObject("Object Repository/RAD_RecordAndPlay/input_reTypeJointFilerSSN"), "222226523"): Text '222226523' is set on object 'Object Repository/RAD_RecordAndPlay/input_reTypeJointFilerSSN'

2023-07-17 21:12:52 - [MESSAGE][PASSED] - Text '222226523' is set on object 'Object Repository/RAD_RecordAndPlay/input_reTypeJointFilerSSN'

2023-07-17 21:12:52 - [TEST_STEP][PASSED] - break: null

2023-07-17 21:12:52 - [TEST_STEP][PASSED] - setText(findTestObject(orPath_FilingStatus + "/input_jointSuffix"), ""): Text '' is set on object 'Object Repository/RAD_Pages/FilingStatus_Page/input_jointSuffix'

2023-07-17 21:12:53 - [MESSAGE][PASSED] - Text '' is set on object 'Object Repository/RAD_Pages/FilingStatus_Page/input_jointSuffix'

2023-07-17 21:12:53 - [TEST_STEP][PASSED] - delay(2): Delayed 2 second(s)

2023-07-17 21:12:55 - [MESSAGE][PASSED] - Delayed 2 second(s)

2023-07-17 21:12:55 - [TEST_STEP][PASSED] - verifyTextPresent("The SSN and Re-type SSN do not match.", true): Text 'The SSN and Re-type SSN do not match.' is present on page  using regular expression

2023-07-17 21:12:55 - [MESSAGE][PASSED] - Text 'The SSN and Re-type SSN do not match.' is present on page  using regular expression]]></system-out>
         <system-err><![CDATA[]]></system-err>
      </testcase>
      <testcase name="Test Cases/RAD_TestCases/Negative_TestCases/SSNjointFilerMoreThan9Error" time="26.861" classname="Test Cases/RAD_TestCases/Negative_TestCases/SSNjointFilerMoreThan9Error" status="PASSED">
         <system-out><![CDATA[2023-07-17 21:12:55 - [TEST_CASE][PASSED] - Test Cases/RAD_TestCases/Negative_TestCases/SSNjointFilerMoreThan9Error: Test Cases/RAD_TestCases/Negative_TestCases/SSNjointFilerMoreThan9Error

2023-07-17 21:12:55 - [TEST_STEP][PASSED] - orPath_Landing = "Object Repository/RAD_Pages/Landing_Page": null

2023-07-17 21:12:55 - [TEST_STEP][PASSED] - orPath_Amount = "Object Repository/RAD_Pages/PaymentAmount_Page": null

2023-07-17 21:12:55 - [TEST_STEP][PASSED] - orPath_FilingStatus = "Object Repository/RAD_Pages/FilingStatus_Page": null

2023-07-17 21:12:55 - [TEST_STEP][PASSED] - orPath_TaxPayer = "Object Repository/RAD_Pages/Taxpayer_Page": null

2023-07-17 21:12:55 - [TEST_STEP][PASSED] - orPath_TaxInfo = "Object Repository/RAD_Pages/TaxInfo_Page": null

2023-07-17 21:12:56 - [TEST_STEP][PASSED] - taxTypeDropList = ["Estimated Tax", "Personal Income Tax", "Extension Payments"]: null

2023-07-17 21:12:56 - [TEST_STEP][PASSED] - listSize = taxTypeDropList.size(): null

2023-07-17 21:12:56 - [TEST_STEP][PASSED] - println(listSize): null

2023-07-17 21:12:56 - [TEST_STEP][PASSED] - for ([i = 0, i < listSize, (i++)]): Browser is closed

2023-07-17 21:12:56 - [TEST_STEP][PASSED] - openBrowser(""): Browser is opened with url: ''

2023-07-17 21:12:56 - [MESSAGE][WARNING] - A browser is already opened. Closing browser and opening a new one

2023-07-17 21:12:56 - [MESSAGE][INFO] - Starting 'Chrome' driver

2023-07-17 21:12:56 - [MESSAGE][INFO] - User set preference: ['acceptInsecureCerts', 'true']

2023-07-17 21:12:56 - [MESSAGE][INFO] - Action delay is set to 0 milliseconds

2023-07-17 21:12:58 - [MESSAGE][PASSED] - Browser is opened with url: ''

2023-07-17 21:12:58 - [TEST_STEP][PASSED] - maximizeWindow(): Current window maximized

2023-07-17 21:12:58 - [MESSAGE][PASSED] - Current window maximized

2023-07-17 21:12:58 - [TEST_STEP][PASSED] - navigateToUrl(RADurl): Navigate to 'https://qa.velocitypayment.com/client/rad/index.html' successfully

2023-07-17 21:12:59 - [MESSAGE][PASSED] - Navigate to 'https://qa.velocitypayment.com/client/rad/index.html' successfully

2023-07-17 21:12:59 - [TEST_STEP][PASSED] - out.println("Value of taxTypeDropList : " + taxTypeDropList[i]): null

2023-07-17 21:12:59 - [TEST_STEP][PASSED] - selectOptionByLabel(findTestObject(orPath_Landing + "/dd_TaxType"), taxTypeDropList[i], false): All options with label 'Estimated Tax' are selected in object 'Object Repository/RAD_Pages/Landing_Page/dd_TaxType' 

2023-07-17 21:13:00 - [MESSAGE][PASSED] - All options with label 'Estimated Tax' are selected in object 'Object Repository/RAD_Pages/Landing_Page/dd_TaxType' 

2023-07-17 21:13:00 - [TEST_STEP][PASSED] - scrollToElement(findTestObject(orPath_Amount + "/input__paymentAmount"), 3): Scroll to object 'Object Repository/RAD_Pages/PaymentAmount_Page/input__paymentAmount' successfully

2023-07-17 21:13:01 - [MESSAGE][PASSED] - Scroll to object 'Object Repository/RAD_Pages/PaymentAmount_Page/input__paymentAmount' successfully

2023-07-17 21:13:01 - [TEST_STEP][PASSED] - waitForElementClickable(findTestObject(orPath_FilingStatus + "/input_userType_Joint"), 5): Object 'Object Repository/RAD_Pages/FilingStatus_Page/input_userType_Joint' is clickable

2023-07-17 21:13:01 - [MESSAGE][PASSED] - Object 'Object Repository/RAD_Pages/FilingStatus_Page/input_userType_Joint' is clickable

2023-07-17 21:13:01 - [TEST_STEP][PASSED] - click(findTestObject(orPath_FilingStatus + "/input_userType_Joint")): Object: 'Object Repository/RAD_Pages/FilingStatus_Page/input_userType_Joint' is clicked on

2023-07-17 21:13:01 - [MESSAGE][PASSED] - Object: 'Object Repository/RAD_Pages/FilingStatus_Page/input_userType_Joint' is clicked on

2023-07-17 21:13:01 - [TEST_STEP][PASSED] - setText(findTestObject(orPath_FilingStatus + "/input_jointLastName"), "Stokes"): Text 'Stokes' is set on object 'Object Repository/RAD_Pages/FilingStatus_Page/input_jointLastName'

2023-07-17 21:13:02 - [MESSAGE][PASSED] - Text 'Stokes' is set on object 'Object Repository/RAD_Pages/FilingStatus_Page/input_jointLastName'

2023-07-17 21:13:02 - [TEST_STEP][PASSED] - setText(findTestObject("Object Repository/RAD_RecordAndPlay/input_JointFilerSSN"), "1234532100"): Text '1234532100' is set on object 'Object Repository/RAD_RecordAndPlay/input_JointFilerSSN'

2023-07-17 21:13:03 - [MESSAGE][PASSED] - Text '1234532100' is set on object 'Object Repository/RAD_RecordAndPlay/input_JointFilerSSN'

2023-07-17 21:13:03 - [TEST_STEP][PASSED] - setText(findTestObject("Object Repository/RAD_RecordAndPlay/input_reTypeJointFilerSSN"), ""): Text '' is set on object 'Object Repository/RAD_RecordAndPlay/input_reTypeJointFilerSSN'

2023-07-17 21:13:03 - [MESSAGE][PASSED] - Text '' is set on object 'Object Repository/RAD_RecordAndPlay/input_reTypeJointFilerSSN'

2023-07-17 21:13:03 - [TEST_STEP][PASSED] - verifyTextPresent("Please enter a valid SSN with 9 digits.", true): Text 'Please enter a valid SSN with 9 digits.' is present on page  using regular expression

2023-07-17 21:13:04 - [MESSAGE][PASSED] - Text 'Please enter a valid SSN with 9 digits.' is present on page  using regular expression

2023-07-17 21:13:04 - [TEST_STEP][PASSED] - closeBrowser(): Browser is closed

2023-07-17 21:13:05 - [MESSAGE][PASSED] - Browser is closed

2023-07-17 21:13:05 - [TEST_STEP][PASSED] - openBrowser(""): Browser is opened with url: ''

2023-07-17 21:13:05 - [MESSAGE][INFO] - Starting 'Chrome' driver

2023-07-17 21:13:05 - [MESSAGE][INFO] - User set preference: ['acceptInsecureCerts', 'true']

2023-07-17 21:13:05 - [MESSAGE][INFO] - Action delay is set to 0 milliseconds

2023-07-17 21:13:06 - [MESSAGE][PASSED] - Browser is opened with url: ''

2023-07-17 21:13:06 - [TEST_STEP][PASSED] - maximizeWindow(): Current window maximized

2023-07-17 21:13:06 - [MESSAGE][PASSED] - Current window maximized

2023-07-17 21:13:06 - [TEST_STEP][PASSED] - navigateToUrl(RADurl): Navigate to 'https://qa.velocitypayment.com/client/rad/index.html' successfully

2023-07-17 21:13:08 - [MESSAGE][PASSED] - Navigate to 'https://qa.velocitypayment.com/client/rad/index.html' successfully

2023-07-17 21:13:08 - [TEST_STEP][PASSED] - out.println("Value of taxTypeDropList : " + taxTypeDropList[i]): null

2023-07-17 21:13:08 - [TEST_STEP][PASSED] - selectOptionByLabel(findTestObject(orPath_Landing + "/dd_TaxType"), taxTypeDropList[i], false): All options with label 'Personal Income Tax' are selected in object 'Object Repository/RAD_Pages/Landing_Page/dd_TaxType' 

2023-07-17 21:13:09 - [MESSAGE][PASSED] - All options with label 'Personal Income Tax' are selected in object 'Object Repository/RAD_Pages/Landing_Page/dd_TaxType' 

2023-07-17 21:13:09 - [TEST_STEP][PASSED] - scrollToElement(findTestObject(orPath_Amount + "/input__paymentAmount"), 3): Scroll to object 'Object Repository/RAD_Pages/PaymentAmount_Page/input__paymentAmount' successfully

2023-07-17 21:13:09 - [MESSAGE][PASSED] - Scroll to object 'Object Repository/RAD_Pages/PaymentAmount_Page/input__paymentAmount' successfully

2023-07-17 21:13:09 - [TEST_STEP][PASSED] - waitForElementClickable(findTestObject(orPath_FilingStatus + "/input_userType_Joint"), 5): Object 'Object Repository/RAD_Pages/FilingStatus_Page/input_userType_Joint' is clickable

2023-07-17 21:13:09 - [MESSAGE][PASSED] - Object 'Object Repository/RAD_Pages/FilingStatus_Page/input_userType_Joint' is clickable

2023-07-17 21:13:09 - [TEST_STEP][PASSED] - click(findTestObject(orPath_FilingStatus + "/input_userType_Joint")): Object: 'Object Repository/RAD_Pages/FilingStatus_Page/input_userType_Joint' is clicked on

2023-07-17 21:13:10 - [MESSAGE][PASSED] - Object: 'Object Repository/RAD_Pages/FilingStatus_Page/input_userType_Joint' is clicked on

2023-07-17 21:13:10 - [TEST_STEP][PASSED] - setText(findTestObject(orPath_FilingStatus + "/input_jointLastName"), "Stokes"): Text 'Stokes' is set on object 'Object Repository/RAD_Pages/FilingStatus_Page/input_jointLastName'

2023-07-17 21:13:11 - [MESSAGE][PASSED] - Text 'Stokes' is set on object 'Object Repository/RAD_Pages/FilingStatus_Page/input_jointLastName'

2023-07-17 21:13:11 - [TEST_STEP][PASSED] - setText(findTestObject("Object Repository/RAD_RecordAndPlay/input_JointFilerSSN"), "1234532100"): Text '1234532100' is set on object 'Object Repository/RAD_RecordAndPlay/input_JointFilerSSN'

2023-07-17 21:13:11 - [MESSAGE][PASSED] - Text '1234532100' is set on object 'Object Repository/RAD_RecordAndPlay/input_JointFilerSSN'

2023-07-17 21:13:11 - [TEST_STEP][PASSED] - setText(findTestObject("Object Repository/RAD_RecordAndPlay/input_reTypeJointFilerSSN"), ""): Text '' is set on object 'Object Repository/RAD_RecordAndPlay/input_reTypeJointFilerSSN'

2023-07-17 21:13:12 - [MESSAGE][PASSED] - Text '' is set on object 'Object Repository/RAD_RecordAndPlay/input_reTypeJointFilerSSN'

2023-07-17 21:13:12 - [TEST_STEP][PASSED] - verifyTextPresent("Please enter a valid SSN with 9 digits.", true): Text 'Please enter a valid SSN with 9 digits.' is present on page  using regular expression

2023-07-17 21:13:12 - [MESSAGE][PASSED] - Text 'Please enter a valid SSN with 9 digits.' is present on page  using regular expression

2023-07-17 21:13:12 - [TEST_STEP][PASSED] - closeBrowser(): Browser is closed

2023-07-17 21:13:13 - [MESSAGE][PASSED] - Browser is closed

2023-07-17 21:13:13 - [TEST_STEP][PASSED] - openBrowser(""): Browser is opened with url: ''

2023-07-17 21:13:13 - [MESSAGE][INFO] - Starting 'Chrome' driver

2023-07-17 21:13:13 - [MESSAGE][INFO] - User set preference: ['acceptInsecureCerts', 'true']

2023-07-17 21:13:13 - [MESSAGE][INFO] - Action delay is set to 0 milliseconds

2023-07-17 21:13:15 - [MESSAGE][PASSED] - Browser is opened with url: ''

2023-07-17 21:13:15 - [TEST_STEP][PASSED] - maximizeWindow(): Current window maximized

2023-07-17 21:13:15 - [MESSAGE][PASSED] - Current window maximized

2023-07-17 21:13:15 - [TEST_STEP][PASSED] - navigateToUrl(RADurl): Navigate to 'https://qa.velocitypayment.com/client/rad/index.html' successfully

2023-07-17 21:13:16 - [MESSAGE][PASSED] - Navigate to 'https://qa.velocitypayment.com/client/rad/index.html' successfully

2023-07-17 21:13:16 - [TEST_STEP][PASSED] - out.println("Value of taxTypeDropList : " + taxTypeDropList[i]): null

2023-07-17 21:13:16 - [TEST_STEP][PASSED] - selectOptionByLabel(findTestObject(orPath_Landing + "/dd_TaxType"), taxTypeDropList[i], false): All options with label 'Extension Payments' are selected in object 'Object Repository/RAD_Pages/Landing_Page/dd_TaxType' 

2023-07-17 21:13:17 - [MESSAGE][PASSED] - All options with label 'Extension Payments' are selected in object 'Object Repository/RAD_Pages/Landing_Page/dd_TaxType' 

2023-07-17 21:13:17 - [TEST_STEP][PASSED] - scrollToElement(findTestObject(orPath_Amount + "/input__paymentAmount"), 3): Scroll to object 'Object Repository/RAD_Pages/PaymentAmount_Page/input__paymentAmount' successfully

2023-07-17 21:13:17 - [MESSAGE][PASSED] - Scroll to object 'Object Repository/RAD_Pages/PaymentAmount_Page/input__paymentAmount' successfully

2023-07-17 21:13:17 - [TEST_STEP][PASSED] - waitForElementClickable(findTestObject(orPath_FilingStatus + "/input_userType_Joint"), 5): Object 'Object Repository/RAD_Pages/FilingStatus_Page/input_userType_Joint' is clickable

2023-07-17 21:13:18 - [MESSAGE][PASSED] - Object 'Object Repository/RAD_Pages/FilingStatus_Page/input_userType_Joint' is clickable

2023-07-17 21:13:18 - [TEST_STEP][PASSED] - click(findTestObject(orPath_FilingStatus + "/input_userType_Joint")): Object: 'Object Repository/RAD_Pages/FilingStatus_Page/input_userType_Joint' is clicked on

2023-07-17 21:13:18 - [MESSAGE][PASSED] - Object: 'Object Repository/RAD_Pages/FilingStatus_Page/input_userType_Joint' is clicked on

2023-07-17 21:13:18 - [TEST_STEP][PASSED] - setText(findTestObject(orPath_FilingStatus + "/input_jointLastName"), "Stokes"): Text 'Stokes' is set on object 'Object Repository/RAD_Pages/FilingStatus_Page/input_jointLastName'

2023-07-17 21:13:19 - [MESSAGE][PASSED] - Text 'Stokes' is set on object 'Object Repository/RAD_Pages/FilingStatus_Page/input_jointLastName'

2023-07-17 21:13:19 - [TEST_STEP][PASSED] - setText(findTestObject("Object Repository/RAD_RecordAndPlay/input_JointFilerSSN"), "1234532100"): Text '1234532100' is set on object 'Object Repository/RAD_RecordAndPlay/input_JointFilerSSN'

2023-07-17 21:13:20 - [MESSAGE][PASSED] - Text '1234532100' is set on object 'Object Repository/RAD_RecordAndPlay/input_JointFilerSSN'

2023-07-17 21:13:20 - [TEST_STEP][PASSED] - setText(findTestObject("Object Repository/RAD_RecordAndPlay/input_reTypeJointFilerSSN"), ""): Text '' is set on object 'Object Repository/RAD_RecordAndPlay/input_reTypeJointFilerSSN'

2023-07-17 21:13:20 - [MESSAGE][PASSED] - Text '' is set on object 'Object Repository/RAD_RecordAndPlay/input_reTypeJointFilerSSN'

2023-07-17 21:13:20 - [TEST_STEP][PASSED] - verifyTextPresent("Please enter a valid SSN with 9 digits.", true): Text 'Please enter a valid SSN with 9 digits.' is present on page  using regular expression

2023-07-17 21:13:21 - [MESSAGE][PASSED] - Text 'Please enter a valid SSN with 9 digits.' is present on page  using regular expression

2023-07-17 21:13:21 - [TEST_STEP][PASSED] - closeBrowser(): Browser is closed

2023-07-17 21:13:22 - [MESSAGE][PASSED] - Browser is closed]]></system-out>
         <system-err><![CDATA[]]></system-err>
      </testcase>
      <testcase name="Test Cases/RAD_TestCases/Negative_TestCases/SSNmoreThan9Error" time="22.768" classname="Test Cases/RAD_TestCases/Negative_TestCases/SSNmoreThan9Error" status="PASSED">
         <system-out><![CDATA[2023-07-17 21:13:22 - [TEST_CASE][PASSED] - Test Cases/RAD_TestCases/Negative_TestCases/SSNmoreThan9Error: Test Cases/RAD_TestCases/Negative_TestCases/SSNmoreThan9Error

2023-07-17 21:13:22 - [TEST_STEP][PASSED] - orPath_Landing = "Object Repository/RAD_Pages/Landing_Page": null

2023-07-17 21:13:22 - [TEST_STEP][PASSED] - orPath_Amount = "Object Repository/RAD_Pages/PaymentAmount_Page": null

2023-07-17 21:13:22 - [TEST_STEP][PASSED] - orPath_FilingStatus = "Object Repository/RAD_Pages/FilingStatus_Page": null

2023-07-17 21:13:22 - [TEST_STEP][PASSED] - orPath_TaxPayer = "Object Repository/RAD_Pages/Taxpayer_Page": null

2023-07-17 21:13:22 - [TEST_STEP][PASSED] - orPath_TaxInfo = "Object Repository/RAD_Pages/TaxInfo_Page": null

2023-07-17 21:13:22 - [TEST_STEP][PASSED] - taxTypeDropList = ["Estimated Tax", "Personal Income Tax", "Extension Payments"]: null

2023-07-17 21:13:22 - [TEST_STEP][PASSED] - listSize = taxTypeDropList.size(): null

2023-07-17 21:13:22 - [TEST_STEP][PASSED] - println(listSize): null

2023-07-17 21:13:22 - [TEST_STEP][PASSED] - for ([i = 0, i < listSize, (i++)]): Browser is closed

2023-07-17 21:13:22 - [TEST_STEP][PASSED] - openBrowser(""): Browser is opened with url: ''

2023-07-17 21:13:22 - [MESSAGE][INFO] - Starting 'Chrome' driver

2023-07-17 21:13:22 - [MESSAGE][INFO] - User set preference: ['acceptInsecureCerts', 'true']

2023-07-17 21:13:22 - [MESSAGE][INFO] - Action delay is set to 0 milliseconds

2023-07-17 21:13:24 - [MESSAGE][PASSED] - Browser is opened with url: ''

2023-07-17 21:13:24 - [TEST_STEP][PASSED] - maximizeWindow(): Current window maximized

2023-07-17 21:13:24 - [MESSAGE][PASSED] - Current window maximized

2023-07-17 21:13:24 - [TEST_STEP][PASSED] - navigateToUrl(RADurl): Navigate to 'https://qa.velocitypayment.com/client/rad/index.html' successfully

2023-07-17 21:13:26 - [MESSAGE][PASSED] - Navigate to 'https://qa.velocitypayment.com/client/rad/index.html' successfully

2023-07-17 21:13:26 - [TEST_STEP][PASSED] - out.println("Value of taxTypeDropList : " + taxTypeDropList[i]): null

2023-07-17 21:13:26 - [TEST_STEP][PASSED] - selectOptionByLabel(findTestObject(orPath_Landing + "/dd_TaxType"), taxTypeDropList[i], false): All options with label 'Estimated Tax' are selected in object 'Object Repository/RAD_Pages/Landing_Page/dd_TaxType' 

2023-07-17 21:13:26 - [MESSAGE][PASSED] - All options with label 'Estimated Tax' are selected in object 'Object Repository/RAD_Pages/Landing_Page/dd_TaxType' 

2023-07-17 21:13:26 - [TEST_STEP][PASSED] - if (taxTypeDropList[i].equalsIgnoreCase("Existing Liability")): null

2023-07-17 21:13:26 - [TEST_STEP][PASSED] - else: Text '' is set on object 'Object Repository/RAD_RecordAndPlay/input_concatReSSN'

2023-07-17 21:13:26 - [TEST_STEP][PASSED] - setText(findTestObject(orPath_TaxPayer + "/input_lastName"), "Anderson"): Text 'Anderson' is set on object 'Object Repository/RAD_Pages/Taxpayer_Page/input_lastName'

2023-07-17 21:13:27 - [MESSAGE][PASSED] - Text 'Anderson' is set on object 'Object Repository/RAD_Pages/Taxpayer_Page/input_lastName'

2023-07-17 21:13:27 - [TEST_STEP][PASSED] - setText(findTestObject("RAD_RecordAndPlay/input_concatSSN"), "12345123400"): Text '12345123400' is set on object 'Object Repository/RAD_RecordAndPlay/input_concatSSN'

2023-07-17 21:13:28 - [MESSAGE][PASSED] - Text '12345123400' is set on object 'Object Repository/RAD_RecordAndPlay/input_concatSSN'

2023-07-17 21:13:28 - [TEST_STEP][PASSED] - setText(findTestObject("RAD_RecordAndPlay/input_concatReSSN"), ""): Text '' is set on object 'Object Repository/RAD_RecordAndPlay/input_concatReSSN'

2023-07-17 21:13:28 - [MESSAGE][PASSED] - Text '' is set on object 'Object Repository/RAD_RecordAndPlay/input_concatReSSN'

2023-07-17 21:13:28 - [TEST_STEP][PASSED] - verifyTextPresent("Please enter a valid SSN with 9 digits.", true): Text 'Please enter a valid SSN with 9 digits.' is present on page  using regular expression

2023-07-17 21:13:29 - [MESSAGE][PASSED] - Text 'Please enter a valid SSN with 9 digits.' is present on page  using regular expression

2023-07-17 21:13:29 - [TEST_STEP][PASSED] - closeBrowser(): Browser is closed

2023-07-17 21:13:30 - [MESSAGE][PASSED] - Browser is closed

2023-07-17 21:13:30 - [TEST_STEP][PASSED] - openBrowser(""): Browser is opened with url: ''

2023-07-17 21:13:30 - [MESSAGE][INFO] - Starting 'Chrome' driver

2023-07-17 21:13:30 - [MESSAGE][INFO] - User set preference: ['acceptInsecureCerts', 'true']

2023-07-17 21:13:30 - [MESSAGE][INFO] - Action delay is set to 0 milliseconds

2023-07-17 21:13:31 - [MESSAGE][PASSED] - Browser is opened with url: ''

2023-07-17 21:13:31 - [TEST_STEP][PASSED] - maximizeWindow(): Current window maximized

2023-07-17 21:13:32 - [MESSAGE][PASSED] - Current window maximized

2023-07-17 21:13:32 - [TEST_STEP][PASSED] - navigateToUrl(RADurl): Navigate to 'https://qa.velocitypayment.com/client/rad/index.html' successfully

2023-07-17 21:13:33 - [MESSAGE][PASSED] - Navigate to 'https://qa.velocitypayment.com/client/rad/index.html' successfully

2023-07-17 21:13:33 - [TEST_STEP][PASSED] - out.println("Value of taxTypeDropList : " + taxTypeDropList[i]): null

2023-07-17 21:13:33 - [TEST_STEP][PASSED] - selectOptionByLabel(findTestObject(orPath_Landing + "/dd_TaxType"), taxTypeDropList[i], false): All options with label 'Personal Income Tax' are selected in object 'Object Repository/RAD_Pages/Landing_Page/dd_TaxType' 

2023-07-17 21:13:34 - [MESSAGE][PASSED] - All options with label 'Personal Income Tax' are selected in object 'Object Repository/RAD_Pages/Landing_Page/dd_TaxType' 

2023-07-17 21:13:34 - [TEST_STEP][PASSED] - if (taxTypeDropList[i].equalsIgnoreCase("Existing Liability")): null

2023-07-17 21:13:34 - [TEST_STEP][PASSED] - else: Text '' is set on object 'Object Repository/RAD_RecordAndPlay/input_concatReSSN'

2023-07-17 21:13:34 - [TEST_STEP][PASSED] - setText(findTestObject(orPath_TaxPayer + "/input_lastName"), "Anderson"): Text 'Anderson' is set on object 'Object Repository/RAD_Pages/Taxpayer_Page/input_lastName'

2023-07-17 21:13:35 - [MESSAGE][PASSED] - Text 'Anderson' is set on object 'Object Repository/RAD_Pages/Taxpayer_Page/input_lastName'

2023-07-17 21:13:35 - [TEST_STEP][PASSED] - setText(findTestObject("RAD_RecordAndPlay/input_concatSSN"), "12345123400"): Text '12345123400' is set on object 'Object Repository/RAD_RecordAndPlay/input_concatSSN'

2023-07-17 21:13:35 - [MESSAGE][PASSED] - Text '12345123400' is set on object 'Object Repository/RAD_RecordAndPlay/input_concatSSN'

2023-07-17 21:13:35 - [TEST_STEP][PASSED] - setText(findTestObject("RAD_RecordAndPlay/input_concatReSSN"), ""): Text '' is set on object 'Object Repository/RAD_RecordAndPlay/input_concatReSSN'

2023-07-17 21:13:36 - [MESSAGE][PASSED] - Text '' is set on object 'Object Repository/RAD_RecordAndPlay/input_concatReSSN'

2023-07-17 21:13:36 - [TEST_STEP][PASSED] - verifyTextPresent("Please enter a valid SSN with 9 digits.", true): Text 'Please enter a valid SSN with 9 digits.' is present on page  using regular expression

2023-07-17 21:13:36 - [MESSAGE][PASSED] - Text 'Please enter a valid SSN with 9 digits.' is present on page  using regular expression

2023-07-17 21:13:36 - [TEST_STEP][PASSED] - closeBrowser(): Browser is closed

2023-07-17 21:13:37 - [MESSAGE][PASSED] - Browser is closed

2023-07-17 21:13:37 - [TEST_STEP][PASSED] - openBrowser(""): Browser is opened with url: ''

2023-07-17 21:13:37 - [MESSAGE][INFO] - Starting 'Chrome' driver

2023-07-17 21:13:37 - [MESSAGE][INFO] - User set preference: ['acceptInsecureCerts', 'true']

2023-07-17 21:13:37 - [MESSAGE][INFO] - Action delay is set to 0 milliseconds

2023-07-17 21:13:39 - [MESSAGE][PASSED] - Browser is opened with url: ''

2023-07-17 21:13:39 - [TEST_STEP][PASSED] - maximizeWindow(): Current window maximized

2023-07-17 21:13:39 - [MESSAGE][PASSED] - Current window maximized

2023-07-17 21:13:39 - [TEST_STEP][PASSED] - navigateToUrl(RADurl): Navigate to 'https://qa.velocitypayment.com/client/rad/index.html' successfully

2023-07-17 21:13:40 - [MESSAGE][PASSED] - Navigate to 'https://qa.velocitypayment.com/client/rad/index.html' successfully

2023-07-17 21:13:40 - [TEST_STEP][PASSED] - out.println("Value of taxTypeDropList : " + taxTypeDropList[i]): null

2023-07-17 21:13:40 - [TEST_STEP][PASSED] - selectOptionByLabel(findTestObject(orPath_Landing + "/dd_TaxType"), taxTypeDropList[i], false): All options with label 'Extension Payments' are selected in object 'Object Repository/RAD_Pages/Landing_Page/dd_TaxType' 

2023-07-17 21:13:41 - [MESSAGE][PASSED] - All options with label 'Extension Payments' are selected in object 'Object Repository/RAD_Pages/Landing_Page/dd_TaxType' 

2023-07-17 21:13:41 - [TEST_STEP][PASSED] - if (taxTypeDropList[i].equalsIgnoreCase("Existing Liability")): null

2023-07-17 21:13:41 - [TEST_STEP][PASSED] - else: Text '' is set on object 'Object Repository/RAD_RecordAndPlay/input_concatReSSN'

2023-07-17 21:13:41 - [TEST_STEP][PASSED] - setText(findTestObject(orPath_TaxPayer + "/input_lastName"), "Anderson"): Text 'Anderson' is set on object 'Object Repository/RAD_Pages/Taxpayer_Page/input_lastName'

2023-07-17 21:13:42 - [MESSAGE][PASSED] - Text 'Anderson' is set on object 'Object Repository/RAD_Pages/Taxpayer_Page/input_lastName'

2023-07-17 21:13:42 - [TEST_STEP][PASSED] - setText(findTestObject("RAD_RecordAndPlay/input_concatSSN"), "12345123400"): Text '12345123400' is set on object 'Object Repository/RAD_RecordAndPlay/input_concatSSN'

2023-07-17 21:13:43 - [MESSAGE][PASSED] - Text '12345123400' is set on object 'Object Repository/RAD_RecordAndPlay/input_concatSSN'

2023-07-17 21:13:43 - [TEST_STEP][PASSED] - setText(findTestObject("RAD_RecordAndPlay/input_concatReSSN"), ""): Text '' is set on object 'Object Repository/RAD_RecordAndPlay/input_concatReSSN'

2023-07-17 21:13:43 - [MESSAGE][PASSED] - Text '' is set on object 'Object Repository/RAD_RecordAndPlay/input_concatReSSN'

2023-07-17 21:13:43 - [TEST_STEP][PASSED] - verifyTextPresent("Please enter a valid SSN with 9 digits.", true): Text 'Please enter a valid SSN with 9 digits.' is present on page  using regular expression

2023-07-17 21:13:44 - [MESSAGE][PASSED] - Text 'Please enter a valid SSN with 9 digits.' is present on page  using regular expression

2023-07-17 21:13:44 - [TEST_STEP][PASSED] - closeBrowser(): Browser is closed

2023-07-17 21:13:45 - [MESSAGE][PASSED] - Browser is closed]]></system-out>
         <system-err><![CDATA[]]></system-err>
      </testcase>
      <testcase name="Test Cases/RAD_TestCases/Negative_TestCases/FEINmoreThan9Error" time="21.517" classname="Test Cases/RAD_TestCases/Negative_TestCases/FEINmoreThan9Error" status="PASSED">
         <system-out><![CDATA[2023-07-17 21:13:45 - [TEST_CASE][PASSED] - Test Cases/RAD_TestCases/Negative_TestCases/FEINmoreThan9Error: Test Cases/RAD_TestCases/Negative_TestCases/FEINmoreThan9Error

2023-07-17 21:13:45 - [TEST_STEP][PASSED] - orPath_Landing = "Object Repository/RAD_Pages/Landing_Page": null

2023-07-17 21:13:45 - [TEST_STEP][PASSED] - orPath_Amount = "Object Repository/RAD_Pages/PaymentAmount_Page": null

2023-07-17 21:13:45 - [TEST_STEP][PASSED] - orPath_FilingStatus = "Object Repository/RAD_Pages/FilingStatus_Page": null

2023-07-17 21:13:45 - [TEST_STEP][PASSED] - orPath_TaxPayer = "Object Repository/RAD_Pages/Taxpayer_Page": null

2023-07-17 21:13:45 - [TEST_STEP][PASSED] - orPath_TaxInfo = "Object Repository/RAD_Pages/TaxInfo_Page": null

2023-07-17 21:13:45 - [TEST_STEP][PASSED] - orPath_TaxTypeFilingYear = "Object Repository/RAD_Pages/TaxTypeFilingYear_Page": null

2023-07-17 21:13:45 - [TEST_STEP][PASSED] - taxTypeDropList = ["Estimated Tax", "Extension Payments", "Sales and Use"]: null

2023-07-17 21:13:45 - [TEST_STEP][PASSED] - listSize = taxTypeDropList.size(): null

2023-07-17 21:13:45 - [TEST_STEP][PASSED] - println(listSize): null

2023-07-17 21:13:45 - [TEST_STEP][PASSED] - for ([i = 0, i < listSize, (i++)]): null

2023-07-17 21:13:45 - [TEST_STEP][PASSED] - openBrowser(""): Browser is opened with url: ''

2023-07-17 21:13:45 - [MESSAGE][INFO] - Starting 'Chrome' driver

2023-07-17 21:13:45 - [MESSAGE][INFO] - User set preference: ['acceptInsecureCerts', 'true']

2023-07-17 21:13:45 - [MESSAGE][INFO] - Action delay is set to 0 milliseconds

2023-07-17 21:13:47 - [MESSAGE][PASSED] - Browser is opened with url: ''

2023-07-17 21:13:47 - [TEST_STEP][PASSED] - maximizeWindow(): Current window maximized

2023-07-17 21:13:47 - [MESSAGE][PASSED] - Current window maximized

2023-07-17 21:13:47 - [TEST_STEP][PASSED] - navigateToUrl(RADurl): Navigate to 'https://qa.velocitypayment.com/client/rad/index.html' successfully

2023-07-17 21:13:48 - [MESSAGE][PASSED] - Navigate to 'https://qa.velocitypayment.com/client/rad/index.html' successfully

2023-07-17 21:13:48 - [TEST_STEP][PASSED] - out.println("Value of taxTypeDropList : " + taxTypeDropList[i]): null

2023-07-17 21:13:48 - [TEST_STEP][PASSED] - selectOptionByLabel(findTestObject(orPath_Landing + "/dd_TaxType"), taxTypeDropList[i], false): All options with label 'Estimated Tax' are selected in object 'Object Repository/RAD_Pages/Landing_Page/dd_TaxType' 

2023-07-17 21:13:49 - [MESSAGE][PASSED] - All options with label 'Estimated Tax' are selected in object 'Object Repository/RAD_Pages/Landing_Page/dd_TaxType' 

2023-07-17 21:13:49 - [TEST_STEP][PASSED] - switch (taxTypeDropList[i]): null

2023-07-17 21:13:49 - [TEST_STEP][PASSED] - case "Estimated Tax":: null

2023-07-17 21:13:49 - [TEST_STEP][PASSED] - selectOptionByLabel(findTestObject(orPath_TaxTypeFilingYear + "/select_PaymentType"), "Corporate", false): All options with label 'Corporate' are selected in object 'Object Repository/RAD_Pages/TaxTypeFilingYear_Page/select_PaymentType' 

2023-07-17 21:13:50 - [MESSAGE][PASSED] - All options with label 'Corporate' are selected in object 'Object Repository/RAD_Pages/TaxTypeFilingYear_Page/select_PaymentType' 

2023-07-17 21:13:50 - [TEST_STEP][PASSED] - setEncryptedText(findTestObject(orPath_TaxInfo + "/input_FederalEIN"), "RigbBhfdqOBDK95asqKeHw=="): Text ****** has been set on object 'Object Repository/RAD_Pages/TaxInfo_Page/input_FederalEIN'

2023-07-17 21:13:50 - [MESSAGE][PASSED] - Text ****** has been set on object 'Object Repository/RAD_Pages/TaxInfo_Page/input_FederalEIN'

2023-07-17 21:13:50 - [TEST_STEP][PASSED] - setEncryptedText(findTestObject(orPath_TaxInfo + "/input_FederalEIN_ReEnter"), ""): Text ****** has been set on object 'Object Repository/RAD_Pages/TaxInfo_Page/input_FederalEIN_ReEnter'

2023-07-17 21:13:51 - [MESSAGE][PASSED] - Text ****** has been set on object 'Object Repository/RAD_Pages/TaxInfo_Page/input_FederalEIN_ReEnter'

2023-07-17 21:13:51 - [TEST_STEP][PASSED] - verifyTextPresent("Please enter a valid FEIN with 9 digits.", true): Text 'Please enter a valid FEIN with 9 digits.' is present on page  using regular expression

2023-07-17 21:13:52 - [MESSAGE][PASSED] - Text 'Please enter a valid FEIN with 9 digits.' is present on page  using regular expression

2023-07-17 21:13:52 - [TEST_STEP][PASSED] - closeBrowser(): Browser is closed

2023-07-17 21:13:52 - [MESSAGE][PASSED] - Browser is closed

2023-07-17 21:13:52 - [TEST_STEP][PASSED] - break: null

2023-07-17 21:13:52 - [TEST_STEP][PASSED] - openBrowser(""): Browser is opened with url: ''

2023-07-17 21:13:52 - [MESSAGE][INFO] - Starting 'Chrome' driver

2023-07-17 21:13:52 - [MESSAGE][INFO] - User set preference: ['acceptInsecureCerts', 'true']

2023-07-17 21:13:52 - [MESSAGE][INFO] - Action delay is set to 0 milliseconds

2023-07-17 21:13:54 - [MESSAGE][PASSED] - Browser is opened with url: ''

2023-07-17 21:13:54 - [TEST_STEP][PASSED] - maximizeWindow(): Current window maximized

2023-07-17 21:13:54 - [MESSAGE][PASSED] - Current window maximized

2023-07-17 21:13:54 - [TEST_STEP][PASSED] - navigateToUrl(RADurl): Navigate to 'https://qa.velocitypayment.com/client/rad/index.html' successfully

2023-07-17 21:13:55 - [MESSAGE][PASSED] - Navigate to 'https://qa.velocitypayment.com/client/rad/index.html' successfully

2023-07-17 21:13:55 - [TEST_STEP][PASSED] - out.println("Value of taxTypeDropList : " + taxTypeDropList[i]): null

2023-07-17 21:13:55 - [TEST_STEP][PASSED] - selectOptionByLabel(findTestObject(orPath_Landing + "/dd_TaxType"), taxTypeDropList[i], false): All options with label 'Extension Payments' are selected in object 'Object Repository/RAD_Pages/Landing_Page/dd_TaxType' 

2023-07-17 21:13:56 - [MESSAGE][PASSED] - All options with label 'Extension Payments' are selected in object 'Object Repository/RAD_Pages/Landing_Page/dd_TaxType' 

2023-07-17 21:13:56 - [TEST_STEP][PASSED] - switch (taxTypeDropList[i]): null

2023-07-17 21:13:56 - [TEST_STEP][PASSED] - case "Extension Payments":: null

2023-07-17 21:13:56 - [TEST_STEP][PASSED] - selectOptionByLabel(findTestObject(orPath_TaxTypeFilingYear + "/select_PaymentType"), "Corporate", false): All options with label 'Corporate' are selected in object 'Object Repository/RAD_Pages/TaxTypeFilingYear_Page/select_PaymentType' 

2023-07-17 21:13:57 - [MESSAGE][PASSED] - All options with label 'Corporate' are selected in object 'Object Repository/RAD_Pages/TaxTypeFilingYear_Page/select_PaymentType' 

2023-07-17 21:13:57 - [TEST_STEP][PASSED] - setEncryptedText(findTestObject(orPath_TaxInfo + "/input_FederalEIN"), "RigbBhfdqOBDK95asqKeHw=="): Text ****** has been set on object 'Object Repository/RAD_Pages/TaxInfo_Page/input_FederalEIN'

2023-07-17 21:13:57 - [MESSAGE][PASSED] - Text ****** has been set on object 'Object Repository/RAD_Pages/TaxInfo_Page/input_FederalEIN'

2023-07-17 21:13:57 - [TEST_STEP][PASSED] - setEncryptedText(findTestObject(orPath_TaxInfo + "/input_FederalEIN_ReEnter"), ""): Text ****** has been set on object 'Object Repository/RAD_Pages/TaxInfo_Page/input_FederalEIN_ReEnter'

2023-07-17 21:13:58 - [MESSAGE][PASSED] - Text ****** has been set on object 'Object Repository/RAD_Pages/TaxInfo_Page/input_FederalEIN_ReEnter'

2023-07-17 21:13:58 - [TEST_STEP][PASSED] - verifyTextPresent("Please enter a valid FEIN with 9 digits.", true): Text 'Please enter a valid FEIN with 9 digits.' is present on page  using regular expression

2023-07-17 21:13:59 - [MESSAGE][PASSED] - Text 'Please enter a valid FEIN with 9 digits.' is present on page  using regular expression

2023-07-17 21:13:59 - [TEST_STEP][PASSED] - closeBrowser(): Browser is closed

2023-07-17 21:14:00 - [MESSAGE][PASSED] - Browser is closed

2023-07-17 21:14:00 - [TEST_STEP][PASSED] - break: null

2023-07-17 21:14:00 - [TEST_STEP][PASSED] - openBrowser(""): Browser is opened with url: ''

2023-07-17 21:14:00 - [MESSAGE][INFO] - Starting 'Chrome' driver

2023-07-17 21:14:00 - [MESSAGE][INFO] - User set preference: ['acceptInsecureCerts', 'true']

2023-07-17 21:14:00 - [MESSAGE][INFO] - Action delay is set to 0 milliseconds

2023-07-17 21:14:01 - [MESSAGE][PASSED] - Browser is opened with url: ''

2023-07-17 21:14:01 - [TEST_STEP][PASSED] - maximizeWindow(): Current window maximized

2023-07-17 21:14:01 - [MESSAGE][PASSED] - Current window maximized

2023-07-17 21:14:01 - [TEST_STEP][PASSED] - navigateToUrl(RADurl): Navigate to 'https://qa.velocitypayment.com/client/rad/index.html' successfully

2023-07-17 21:14:03 - [MESSAGE][PASSED] - Navigate to 'https://qa.velocitypayment.com/client/rad/index.html' successfully

2023-07-17 21:14:03 - [TEST_STEP][PASSED] - out.println("Value of taxTypeDropList : " + taxTypeDropList[i]): null

2023-07-17 21:14:03 - [TEST_STEP][PASSED] - selectOptionByLabel(findTestObject(orPath_Landing + "/dd_TaxType"), taxTypeDropList[i], false): All options with label 'Sales and Use' are selected in object 'Object Repository/RAD_Pages/Landing_Page/dd_TaxType' 

2023-07-17 21:14:04 - [MESSAGE][PASSED] - All options with label 'Sales and Use' are selected in object 'Object Repository/RAD_Pages/Landing_Page/dd_TaxType' 

2023-07-17 21:14:04 - [TEST_STEP][PASSED] - switch (taxTypeDropList[i]): null

2023-07-17 21:14:04 - [TEST_STEP][PASSED] - case "Sales and Use":: null

2023-07-17 21:14:04 - [TEST_STEP][PASSED] - setEncryptedText(findTestObject(orPath_TaxInfo + "/input_FederalEIN"), "RigbBhfdqOBDK95asqKeHw=="): Text ****** has been set on object 'Object Repository/RAD_Pages/TaxInfo_Page/input_FederalEIN'

2023-07-17 21:14:04 - [MESSAGE][PASSED] - Text ****** has been set on object 'Object Repository/RAD_Pages/TaxInfo_Page/input_FederalEIN'

2023-07-17 21:14:04 - [TEST_STEP][PASSED] - setEncryptedText(findTestObject(orPath_TaxInfo + "/input_FederalEIN_ReEnter"), ""): Text ****** has been set on object 'Object Repository/RAD_Pages/TaxInfo_Page/input_FederalEIN_ReEnter'

2023-07-17 21:14:05 - [MESSAGE][PASSED] - Text ****** has been set on object 'Object Repository/RAD_Pages/TaxInfo_Page/input_FederalEIN_ReEnter'

2023-07-17 21:14:05 - [TEST_STEP][PASSED] - verifyTextPresent("Please enter a valid FEIN with 9 digits.", true): Text 'Please enter a valid FEIN with 9 digits.' is present on page  using regular expression

2023-07-17 21:14:05 - [MESSAGE][PASSED] - Text 'Please enter a valid FEIN with 9 digits.' is present on page  using regular expression

2023-07-17 21:14:05 - [TEST_STEP][PASSED] - closeBrowser(): Browser is closed

2023-07-17 21:14:06 - [MESSAGE][PASSED] - Browser is closed

2023-07-17 21:14:06 - [TEST_STEP][PASSED] - break: null]]></system-out>
         <system-err><![CDATA[]]></system-err>
      </testcase>
      <testcase name="Test Cases/RAD_TestCases/Negative_TestCases/EL-NumberValidation" time="135.26" classname="Test Cases/RAD_TestCases/Negative_TestCases/EL-NumberValidation" status="PASSED">
         <system-out><![CDATA[2023-07-17 21:14:06 - [TEST_CASE][PASSED] - Test Cases/RAD_TestCases/Negative_TestCases/EL-NumberValidation: Test Cases/RAD_TestCases/Negative_TestCases/EL-NumberValidation

2023-07-17 21:14:07 - [TEST_STEP][PASSED] - resText = "Fail": null

2023-07-17 21:14:07 - [TEST_STEP][PASSED] - resColumn = "Result": null

2023-07-17 21:14:07 - [TEST_STEP][PASSED] - datCloumn = "Date": null

2023-07-17 21:14:07 - [TEST_STEP][PASSED] - fileLoc = "KatalonData/RADTestData/EL-NumberValidation.xlsx": null

2023-07-17 21:14:07 - [TEST_STEP][PASSED] - nameSheet = "NumberError": null

2023-07-17 21:14:07 - [TEST_STEP][PASSED] - dataFile = "RADTestData/EL-NumberValidation": null

2023-07-17 21:14:07 - [TEST_STEP][PASSED] - ExecuteTC = <not implemented yet for class: org.codehaus.groovy.ast.expr.EmptyExpression>: null

2023-07-17 21:14:07 - [TEST_STEP][PASSED] - Taxtype = <not implemented yet for class: org.codehaus.groovy.ast.expr.EmptyExpression>: null

2023-07-17 21:14:07 - [TEST_STEP][PASSED] - TaxTypeEL = <not implemented yet for class: org.codehaus.groovy.ast.expr.EmptyExpression>: null

2023-07-17 21:14:07 - [TEST_STEP][PASSED] - notInvNumber = <not implemented yet for class: org.codehaus.groovy.ast.expr.EmptyExpression>: null

2023-07-17 21:14:07 - [TEST_STEP][PASSED] - errorMsg = <not implemented yet for class: org.codehaus.groovy.ast.expr.EmptyExpression>: null

2023-07-17 21:14:07 - [TEST_STEP][PASSED] - numOfRows = findTestData(dataFile).getRowNumbers(): null

2023-07-17 21:14:07 - [TEST_STEP][PASSED] - println("Number of Records: " + numOfRows): null

2023-07-17 21:14:07 - [TEST_STEP][PASSED] - for ([row = 1, row <= numOfRows, (row++)]): null

2023-07-17 21:14:07 - [TEST_STEP][PASSED] - ExecuteTC = findTestData(dataFile).getValue("Execute", row): null

2023-07-17 21:14:07 - [TEST_STEP][PASSED] - Taxtype = findTestData(dataFile).getValue("TaxType", row): null

2023-07-17 21:14:07 - [TEST_STEP][PASSED] - TaxTypeEL = findTestData(dataFile).getValue("TaxTypeEL", row): null

2023-07-17 21:14:07 - [TEST_STEP][PASSED] - notInvNumber = findTestData(dataFile).getValue("NotiInvoNumber", row): null

2023-07-17 21:14:07 - [TEST_STEP][PASSED] - errorMsg = findTestData(dataFile).getValue("ErrorMessage", row): null

2023-07-17 21:14:07 - [TEST_STEP][PASSED] - out.println("Value of Execute is : " + ExecuteTC): null

2023-07-17 21:14:07 - [TEST_STEP][PASSED] - if (ExecuteTC.equalsIgnoreCase("Y")): null

2023-07-17 21:14:07 - [TEST_STEP][PASSED] - out.println("Begin Record Number: " + row): null

2023-07-17 21:14:07 - [TEST_STEP][PASSED] - today = new java.util.Date(): null

2023-07-17 21:14:07 - [TEST_STEP][PASSED] - println(today): null

2023-07-17 21:14:07 - [TEST_STEP][PASSED] - datText = today: null

2023-07-17 21:14:07 - [TEST_STEP][PASSED] - Taxtype = findTestData(dataFile).getValue("TaxType", row): null

2023-07-17 21:14:07 - [TEST_STEP][PASSED] - out.println("Taxtype value is : " + Taxtype): null

2023-07-17 21:14:07 - [TEST_STEP][PASSED] - openBrowser(""): Browser is opened with url: ''

2023-07-17 21:14:07 - [MESSAGE][INFO] - Starting 'Chrome' driver

2023-07-17 21:14:07 - [MESSAGE][INFO] - User set preference: ['acceptInsecureCerts', 'true']

2023-07-17 21:14:07 - [MESSAGE][INFO] - Action delay is set to 0 milliseconds

2023-07-17 21:14:09 - [MESSAGE][PASSED] - Browser is opened with url: ''

2023-07-17 21:14:09 - [TEST_STEP][PASSED] - maximizeWindow(): Current window maximized

2023-07-17 21:14:09 - [MESSAGE][PASSED] - Current window maximized

2023-07-17 21:14:09 - [TEST_STEP][PASSED] - navigateToUrl(RADurl): Navigate to 'https://qa.velocitypayment.com/client/rad/index.html' successfully

2023-07-17 21:14:10 - [MESSAGE][PASSED] - Navigate to 'https://qa.velocitypayment.com/client/rad/index.html' successfully

2023-07-17 21:14:10 - [TEST_STEP][PASSED] - orPath_Landing = "Object Repository/RAD_Pages/Landing_Page": null

2023-07-17 21:14:10 - [TEST_STEP][PASSED] - orPath_TaxTypeFilingYear = "Object Repository/RAD_Pages/TaxTypeFilingYear_Page": null

2023-07-17 21:14:10 - [TEST_STEP][PASSED] - orPath_TaxPayer = "Object Repository/RAD_Pages/Taxpayer_Page": null

2023-07-17 21:14:10 - [TEST_STEP][PASSED] - orPath_AddressContact = "Object Repository/RAD_Pages/AddressAndContactInfo_Page": null

2023-07-17 21:14:10 - [TEST_STEP][PASSED] - orPath_FilingStatus = "Object Repository/RAD_Pages/FilingStatus_Page": null

2023-07-17 21:14:10 - [TEST_STEP][PASSED] - orPath_Amount = "Object Repository/RAD_Pages/PaymentAmount_Page": null

2023-07-17 21:14:10 - [TEST_STEP][PASSED] - orPath_TaxInfo = "Object Repository/RAD_Pages/TaxInfo_Page": null

2023-07-17 21:14:10 - [TEST_STEP][PASSED] - orPath_Withholding = "Object Repository/RAD_Pages/Withholding_Page": null

2023-07-17 21:14:10 - [TEST_STEP][PASSED] - orPath_Summary = "Object Repository/RAD_Pages/Summary_Page": null

2023-07-17 21:14:10 - [TEST_STEP][PASSED] - orPath_PaymentReady = "Object Repository/RAD_Pages/PaymentReady_Page": null

2023-07-17 21:14:10 - [TEST_STEP][PASSED] - orPath_PaymentEntry = "Object Repository/RAD_Pages/PaymentEntry_Page": null

2023-07-17 21:14:10 - [TEST_STEP][PASSED] - orPath_PaymentConfirmation = "Object Repository/RAD_Pages/PaymentConfirmation_Page": null

2023-07-17 21:14:10 - [TEST_STEP][PASSED] - orPath_ServiceFeesAccept = "Object Repository/RAD_Pages/ServiceFeeAccept_Page": null

2023-07-17 21:14:10 - [TEST_STEP][PASSED] - selectOptionByLabel(findTestObject(orPath_Landing + "/dd_TaxType"), Taxtype, false): All options with label 'Existing Liability' are selected in object 'Object Repository/RAD_Pages/Landing_Page/dd_TaxType' 

2023-07-17 21:14:11 - [MESSAGE][PASSED] - All options with label 'Existing Liability' are selected in object 'Object Repository/RAD_Pages/Landing_Page/dd_TaxType' 

2023-07-17 21:14:11 - [TEST_STEP][PASSED] - delay(1): Delayed 1 second(s)

2023-07-17 21:14:12 - [MESSAGE][PASSED] - Delayed 1 second(s)

2023-07-17 21:14:12 - [TEST_STEP][PASSED] - selectOptionByLabel(findTestObject(orPath_TaxTypeFilingYear + "/select_TaxType_ExistingLiability"), TaxTypeEL, false): All options with label 'Bay Restoration Fund Tax' are selected in object 'Object Repository/RAD_Pages/TaxTypeFilingYear_Page/select_TaxType_ExistingLiability' 

2023-07-17 21:14:12 - [MESSAGE][PASSED] - All options with label 'Bay Restoration Fund Tax' are selected in object 'Object Repository/RAD_Pages/TaxTypeFilingYear_Page/select_TaxType_ExistingLiability' 

2023-07-17 21:14:12 - [TEST_STEP][PASSED] - setText(findTestObject(orPath_TaxInfo + "/input_NoticeInvoiceNumber"), notInvNumber): Text '123456789' is set on object 'Object Repository/RAD_Pages/TaxInfo_Page/input_NoticeInvoiceNumber'

2023-07-17 21:14:13 - [MESSAGE][PASSED] - Text '123456789' is set on object 'Object Repository/RAD_Pages/TaxInfo_Page/input_NoticeInvoiceNumber'

2023-07-17 21:14:13 - [TEST_STEP][PASSED] - setText(findTestObject(orPath_TaxInfo + "/input_reTypeNoticeInvoiceNumber"), notInvNumber): Text '123456789' is set on object 'Object Repository/RAD_Pages/TaxInfo_Page/input_reTypeNoticeInvoiceNumber'

2023-07-17 21:14:14 - [MESSAGE][PASSED] - Text '123456789' is set on object 'Object Repository/RAD_Pages/TaxInfo_Page/input_reTypeNoticeInvoiceNumber'

2023-07-17 21:14:14 - [TEST_STEP][PASSED] - println(notInvNumber): null

2023-07-17 21:14:14 - [TEST_STEP][PASSED] - if (verifyTextPresent(errorMsg, true)): null

2023-07-17 21:14:15 - [MESSAGE][PASSED] - Text 'Notice number length has to be 13 numeric characters' is present on page  using regular expression

2023-07-17 21:14:15 - [TEST_STEP][PASSED] - println("Error Message is present on the page"): null

2023-07-17 21:14:15 - [TEST_STEP][PASSED] - out.println("Pass Record Number: " + row): null

2023-07-17 21:14:15 - [TEST_STEP][PASSED] - resText = "Pass": null

2023-07-17 21:14:15 - [TEST_STEP][PASSED] - pages.WriteExcel.demoKey(resText, datText, resColumn, datCloumn, fileLoc, nameSheet, row): pages.WriteExcel.demoKey is PASSED

2023-07-17 21:14:15 - [MESSAGE][PASSED] - pages.WriteExcel.demoKey is PASSED

2023-07-17 21:14:15 - [TEST_STEP][PASSED] - ExecuteTC = findTestData(dataFile).getValue("Execute", row): null

2023-07-17 21:14:15 - [TEST_STEP][PASSED] - Taxtype = findTestData(dataFile).getValue("TaxType", row): null

2023-07-17 21:14:15 - [TEST_STEP][PASSED] - TaxTypeEL = findTestData(dataFile).getValue("TaxTypeEL", row): null

2023-07-17 21:14:15 - [TEST_STEP][PASSED] - notInvNumber = findTestData(dataFile).getValue("NotiInvoNumber", row): null

2023-07-17 21:14:15 - [TEST_STEP][PASSED] - errorMsg = findTestData(dataFile).getValue("ErrorMessage", row): null

2023-07-17 21:14:15 - [TEST_STEP][PASSED] - out.println("Value of Execute is : " + ExecuteTC): null

2023-07-17 21:14:15 - [TEST_STEP][PASSED] - if (ExecuteTC.equalsIgnoreCase("Y")): null

2023-07-17 21:14:15 - [TEST_STEP][PASSED] - out.println("Begin Record Number: " + row): null

2023-07-17 21:14:15 - [TEST_STEP][PASSED] - today = new java.util.Date(): null

2023-07-17 21:14:15 - [TEST_STEP][PASSED] - println(today): null

2023-07-17 21:14:15 - [TEST_STEP][PASSED] - datText = today: null

2023-07-17 21:14:15 - [TEST_STEP][PASSED] - Taxtype = findTestData(dataFile).getValue("TaxType", row): null

2023-07-17 21:14:15 - [TEST_STEP][PASSED] - out.println("Taxtype value is : " + Taxtype): null

2023-07-17 21:14:15 - [TEST_STEP][PASSED] - openBrowser(""): Browser is opened with url: ''

2023-07-17 21:14:15 - [MESSAGE][WARNING] - A browser is already opened. Closing browser and opening a new one

2023-07-17 21:14:16 - [MESSAGE][INFO] - Starting 'Chrome' driver

2023-07-17 21:14:16 - [MESSAGE][INFO] - User set preference: ['acceptInsecureCerts', 'true']

2023-07-17 21:14:16 - [MESSAGE][INFO] - Action delay is set to 0 milliseconds

2023-07-17 21:14:18 - [MESSAGE][PASSED] - Browser is opened with url: ''

2023-07-17 21:14:18 - [TEST_STEP][PASSED] - maximizeWindow(): Current window maximized

2023-07-17 21:14:18 - [MESSAGE][PASSED] - Current window maximized

2023-07-17 21:14:18 - [TEST_STEP][PASSED] - navigateToUrl(RADurl): Navigate to 'https://qa.velocitypayment.com/client/rad/index.html' successfully

2023-07-17 21:14:19 - [MESSAGE][PASSED] - Navigate to 'https://qa.velocitypayment.com/client/rad/index.html' successfully

2023-07-17 21:14:19 - [TEST_STEP][PASSED] - orPath_Landing = "Object Repository/RAD_Pages/Landing_Page": null

2023-07-17 21:14:19 - [TEST_STEP][PASSED] - orPath_TaxTypeFilingYear = "Object Repository/RAD_Pages/TaxTypeFilingYear_Page": null

2023-07-17 21:14:19 - [TEST_STEP][PASSED] - orPath_TaxPayer = "Object Repository/RAD_Pages/Taxpayer_Page": null

2023-07-17 21:14:19 - [TEST_STEP][PASSED] - orPath_AddressContact = "Object Repository/RAD_Pages/AddressAndContactInfo_Page": null

2023-07-17 21:14:19 - [TEST_STEP][PASSED] - orPath_FilingStatus = "Object Repository/RAD_Pages/FilingStatus_Page": null

2023-07-17 21:14:19 - [TEST_STEP][PASSED] - orPath_Amount = "Object Repository/RAD_Pages/PaymentAmount_Page": null

2023-07-17 21:14:19 - [TEST_STEP][PASSED] - orPath_TaxInfo = "Object Repository/RAD_Pages/TaxInfo_Page": null

2023-07-17 21:14:19 - [TEST_STEP][PASSED] - orPath_Withholding = "Object Repository/RAD_Pages/Withholding_Page": null

2023-07-17 21:14:19 - [TEST_STEP][PASSED] - orPath_Summary = "Object Repository/RAD_Pages/Summary_Page": null

2023-07-17 21:14:19 - [TEST_STEP][PASSED] - orPath_PaymentReady = "Object Repository/RAD_Pages/PaymentReady_Page": null

2023-07-17 21:14:19 - [TEST_STEP][PASSED] - orPath_PaymentEntry = "Object Repository/RAD_Pages/PaymentEntry_Page": null

2023-07-17 21:14:19 - [TEST_STEP][PASSED] - orPath_PaymentConfirmation = "Object Repository/RAD_Pages/PaymentConfirmation_Page": null

2023-07-17 21:14:19 - [TEST_STEP][PASSED] - orPath_ServiceFeesAccept = "Object Repository/RAD_Pages/ServiceFeeAccept_Page": null

2023-07-17 21:14:19 - [TEST_STEP][PASSED] - selectOptionByLabel(findTestObject(orPath_Landing + "/dd_TaxType"), Taxtype, false): All options with label 'Existing Liability' are selected in object 'Object Repository/RAD_Pages/Landing_Page/dd_TaxType' 

2023-07-17 21:14:20 - [MESSAGE][PASSED] - All options with label 'Existing Liability' are selected in object 'Object Repository/RAD_Pages/Landing_Page/dd_TaxType' 

2023-07-17 21:14:20 - [TEST_STEP][PASSED] - delay(1): Delayed 1 second(s)

2023-07-17 21:14:21 - [MESSAGE][PASSED] - Delayed 1 second(s)

2023-07-17 21:14:21 - [TEST_STEP][PASSED] - selectOptionByLabel(findTestObject(orPath_TaxTypeFilingYear + "/select_TaxType_ExistingLiability"), TaxTypeEL, false): All options with label 'CORP Tax' are selected in object 'Object Repository/RAD_Pages/TaxTypeFilingYear_Page/select_TaxType_ExistingLiability' 

2023-07-17 21:14:22 - [MESSAGE][PASSED] - All options with label 'CORP Tax' are selected in object 'Object Repository/RAD_Pages/TaxTypeFilingYear_Page/select_TaxType_ExistingLiability' 

2023-07-17 21:14:22 - [TEST_STEP][PASSED] - setText(findTestObject(orPath_TaxInfo + "/input_NoticeInvoiceNumber"), notInvNumber): Text '123456789' is set on object 'Object Repository/RAD_Pages/TaxInfo_Page/input_NoticeInvoiceNumber'

2023-07-17 21:14:23 - [MESSAGE][PASSED] - Text '123456789' is set on object 'Object Repository/RAD_Pages/TaxInfo_Page/input_NoticeInvoiceNumber'

2023-07-17 21:14:23 - [TEST_STEP][PASSED] - setText(findTestObject(orPath_TaxInfo + "/input_reTypeNoticeInvoiceNumber"), notInvNumber): Text '123456789' is set on object 'Object Repository/RAD_Pages/TaxInfo_Page/input_reTypeNoticeInvoiceNumber'

2023-07-17 21:14:23 - [MESSAGE][PASSED] - Text '123456789' is set on object 'Object Repository/RAD_Pages/TaxInfo_Page/input_reTypeNoticeInvoiceNumber'

2023-07-17 21:14:23 - [TEST_STEP][PASSED] - println(notInvNumber): null

2023-07-17 21:14:23 - [TEST_STEP][PASSED] - if (verifyTextPresent(errorMsg, true)): null

2023-07-17 21:14:24 - [MESSAGE][PASSED] - Text 'Invoice number length has to be 10 or 13 numeric characters' is present on page  using regular expression

2023-07-17 21:14:24 - [TEST_STEP][PASSED] - println("Error Message is present on the page"): null

2023-07-17 21:14:24 - [TEST_STEP][PASSED] - out.println("Pass Record Number: " + row): null

2023-07-17 21:14:24 - [TEST_STEP][PASSED] - resText = "Pass": null

2023-07-17 21:14:24 - [TEST_STEP][PASSED] - pages.WriteExcel.demoKey(resText, datText, resColumn, datCloumn, fileLoc, nameSheet, row): pages.WriteExcel.demoKey is PASSED

2023-07-17 21:14:24 - [MESSAGE][PASSED] - pages.WriteExcel.demoKey is PASSED

2023-07-17 21:14:24 - [TEST_STEP][PASSED] - ExecuteTC = findTestData(dataFile).getValue("Execute", row): null

2023-07-17 21:14:24 - [TEST_STEP][PASSED] - Taxtype = findTestData(dataFile).getValue("TaxType", row): null

2023-07-17 21:14:24 - [TEST_STEP][PASSED] - TaxTypeEL = findTestData(dataFile).getValue("TaxTypeEL", row): null

2023-07-17 21:14:24 - [TEST_STEP][PASSED] - notInvNumber = findTestData(dataFile).getValue("NotiInvoNumber", row): null

2023-07-17 21:14:24 - [TEST_STEP][PASSED] - errorMsg = findTestData(dataFile).getValue("ErrorMessage", row): null

2023-07-17 21:14:24 - [TEST_STEP][PASSED] - out.println("Value of Execute is : " + ExecuteTC): null

2023-07-17 21:14:24 - [TEST_STEP][PASSED] - if (ExecuteTC.equalsIgnoreCase("Y")): null

2023-07-17 21:14:24 - [TEST_STEP][PASSED] - out.println("Begin Record Number: " + row): null

2023-07-17 21:14:24 - [TEST_STEP][PASSED] - today = new java.util.Date(): null

2023-07-17 21:14:24 - [TEST_STEP][PASSED] - println(today): null

2023-07-17 21:14:24 - [TEST_STEP][PASSED] - datText = today: null

2023-07-17 21:14:24 - [TEST_STEP][PASSED] - Taxtype = findTestData(dataFile).getValue("TaxType", row): null

2023-07-17 21:14:24 - [TEST_STEP][PASSED] - out.println("Taxtype value is : " + Taxtype): null

2023-07-17 21:14:24 - [TEST_STEP][PASSED] - openBrowser(""): Browser is opened with url: ''

2023-07-17 21:14:24 - [MESSAGE][WARNING] - A browser is already opened. Closing browser and opening a new one

2023-07-17 21:14:25 - [MESSAGE][INFO] - Starting 'Chrome' driver

2023-07-17 21:14:25 - [MESSAGE][INFO] - User set preference: ['acceptInsecureCerts', 'true']

2023-07-17 21:14:25 - [MESSAGE][INFO] - Action delay is set to 0 milliseconds

2023-07-17 21:14:27 - [MESSAGE][PASSED] - Browser is opened with url: ''

2023-07-17 21:14:27 - [TEST_STEP][PASSED] - maximizeWindow(): Current window maximized

2023-07-17 21:14:27 - [MESSAGE][PASSED] - Current window maximized

2023-07-17 21:14:27 - [TEST_STEP][PASSED] - navigateToUrl(RADurl): Navigate to 'https://qa.velocitypayment.com/client/rad/index.html' successfully

2023-07-17 21:14:28 - [MESSAGE][PASSED] - Navigate to 'https://qa.velocitypayment.com/client/rad/index.html' successfully

2023-07-17 21:14:28 - [TEST_STEP][PASSED] - orPath_Landing = "Object Repository/RAD_Pages/Landing_Page": null

2023-07-17 21:14:28 - [TEST_STEP][PASSED] - orPath_TaxTypeFilingYear = "Object Repository/RAD_Pages/TaxTypeFilingYear_Page": null

2023-07-17 21:14:28 - [TEST_STEP][PASSED] - orPath_TaxPayer = "Object Repository/RAD_Pages/Taxpayer_Page": null

2023-07-17 21:14:28 - [TEST_STEP][PASSED] - orPath_AddressContact = "Object Repository/RAD_Pages/AddressAndContactInfo_Page": null

2023-07-17 21:14:28 - [TEST_STEP][PASSED] - orPath_FilingStatus = "Object Repository/RAD_Pages/FilingStatus_Page": null

2023-07-17 21:14:28 - [TEST_STEP][PASSED] - orPath_Amount = "Object Repository/RAD_Pages/PaymentAmount_Page": null

2023-07-17 21:14:28 - [TEST_STEP][PASSED] - orPath_TaxInfo = "Object Repository/RAD_Pages/TaxInfo_Page": null

2023-07-17 21:14:28 - [TEST_STEP][PASSED] - orPath_Withholding = "Object Repository/RAD_Pages/Withholding_Page": null

2023-07-17 21:14:28 - [TEST_STEP][PASSED] - orPath_Summary = "Object Repository/RAD_Pages/Summary_Page": null

2023-07-17 21:14:28 - [TEST_STEP][PASSED] - orPath_PaymentReady = "Object Repository/RAD_Pages/PaymentReady_Page": null

2023-07-17 21:14:28 - [TEST_STEP][PASSED] - orPath_PaymentEntry = "Object Repository/RAD_Pages/PaymentEntry_Page": null

2023-07-17 21:14:28 - [TEST_STEP][PASSED] - orPath_PaymentConfirmation = "Object Repository/RAD_Pages/PaymentConfirmation_Page": null

2023-07-17 21:14:28 - [TEST_STEP][PASSED] - orPath_ServiceFeesAccept = "Object Repository/RAD_Pages/ServiceFeeAccept_Page": null

2023-07-17 21:14:28 - [TEST_STEP][PASSED] - selectOptionByLabel(findTestObject(orPath_Landing + "/dd_TaxType"), Taxtype, false): All options with label 'Existing Liability' are selected in object 'Object Repository/RAD_Pages/Landing_Page/dd_TaxType' 

2023-07-17 21:14:29 - [MESSAGE][PASSED] - All options with label 'Existing Liability' are selected in object 'Object Repository/RAD_Pages/Landing_Page/dd_TaxType' 

2023-07-17 21:14:29 - [TEST_STEP][PASSED] - delay(1): Delayed 1 second(s)

2023-07-17 21:14:30 - [MESSAGE][PASSED] - Delayed 1 second(s)

2023-07-17 21:14:30 - [TEST_STEP][PASSED] - selectOptionByLabel(findTestObject(orPath_TaxTypeFilingYear + "/select_TaxType_ExistingLiability"), TaxTypeEL, false): All options with label 'CORP Tax' are selected in object 'Object Repository/RAD_Pages/TaxTypeFilingYear_Page/select_TaxType_ExistingLiability' 

2023-07-17 21:14:31 - [MESSAGE][PASSED] - All options with label 'CORP Tax' are selected in object 'Object Repository/RAD_Pages/TaxTypeFilingYear_Page/select_TaxType_ExistingLiability' 

2023-07-17 21:14:31 - [TEST_STEP][PASSED] - setText(findTestObject(orPath_TaxInfo + "/input_NoticeInvoiceNumber"), notInvNumber): Text '12345678901' is set on object 'Object Repository/RAD_Pages/TaxInfo_Page/input_NoticeInvoiceNumber'

2023-07-17 21:14:32 - [MESSAGE][PASSED] - Text '12345678901' is set on object 'Object Repository/RAD_Pages/TaxInfo_Page/input_NoticeInvoiceNumber'

2023-07-17 21:14:32 - [TEST_STEP][PASSED] - setText(findTestObject(orPath_TaxInfo + "/input_reTypeNoticeInvoiceNumber"), notInvNumber): Text '12345678901' is set on object 'Object Repository/RAD_Pages/TaxInfo_Page/input_reTypeNoticeInvoiceNumber'

2023-07-17 21:14:32 - [MESSAGE][PASSED] - Text '12345678901' is set on object 'Object Repository/RAD_Pages/TaxInfo_Page/input_reTypeNoticeInvoiceNumber'

2023-07-17 21:14:32 - [TEST_STEP][PASSED] - println(notInvNumber): null

2023-07-17 21:14:32 - [TEST_STEP][PASSED] - if (verifyTextPresent(errorMsg, true)): null

2023-07-17 21:14:33 - [MESSAGE][PASSED] - Text 'Invoice number length has to be 10 or 13 numeric characters' is present on page  using regular expression

2023-07-17 21:14:33 - [TEST_STEP][PASSED] - println("Error Message is present on the page"): null

2023-07-17 21:14:33 - [TEST_STEP][PASSED] - out.println("Pass Record Number: " + row): null

2023-07-17 21:14:33 - [TEST_STEP][PASSED] - resText = "Pass": null

2023-07-17 21:14:33 - [TEST_STEP][PASSED] - pages.WriteExcel.demoKey(resText, datText, resColumn, datCloumn, fileLoc, nameSheet, row): pages.WriteExcel.demoKey is PASSED

2023-07-17 21:14:33 - [MESSAGE][PASSED] - pages.WriteExcel.demoKey is PASSED

2023-07-17 21:14:33 - [TEST_STEP][PASSED] - ExecuteTC = findTestData(dataFile).getValue("Execute", row): null

2023-07-17 21:14:33 - [TEST_STEP][PASSED] - Taxtype = findTestData(dataFile).getValue("TaxType", row): null

2023-07-17 21:14:33 - [TEST_STEP][PASSED] - TaxTypeEL = findTestData(dataFile).getValue("TaxTypeEL", row): null

2023-07-17 21:14:33 - [TEST_STEP][PASSED] - notInvNumber = findTestData(dataFile).getValue("NotiInvoNumber", row): null

2023-07-17 21:14:33 - [TEST_STEP][PASSED] - errorMsg = findTestData(dataFile).getValue("ErrorMessage", row): null

2023-07-17 21:14:33 - [TEST_STEP][PASSED] - out.println("Value of Execute is : " + ExecuteTC): null

2023-07-17 21:14:33 - [TEST_STEP][PASSED] - if (ExecuteTC.equalsIgnoreCase("Y")): null

2023-07-17 21:14:33 - [TEST_STEP][PASSED] - out.println("Begin Record Number: " + row): null

2023-07-17 21:14:33 - [TEST_STEP][PASSED] - today = new java.util.Date(): null

2023-07-17 21:14:33 - [TEST_STEP][PASSED] - println(today): null

2023-07-17 21:14:33 - [TEST_STEP][PASSED] - datText = today: null

2023-07-17 21:14:33 - [TEST_STEP][PASSED] - Taxtype = findTestData(dataFile).getValue("TaxType", row): null

2023-07-17 21:14:33 - [TEST_STEP][PASSED] - out.println("Taxtype value is : " + Taxtype): null

2023-07-17 21:14:33 - [TEST_STEP][PASSED] - openBrowser(""): Browser is opened with url: ''

2023-07-17 21:14:33 - [MESSAGE][WARNING] - A browser is already opened. Closing browser and opening a new one

2023-07-17 21:14:34 - [MESSAGE][INFO] - Starting 'Chrome' driver

2023-07-17 21:14:34 - [MESSAGE][INFO] - User set preference: ['acceptInsecureCerts', 'true']

2023-07-17 21:14:34 - [MESSAGE][INFO] - Action delay is set to 0 milliseconds

2023-07-17 21:14:36 - [MESSAGE][PASSED] - Browser is opened with url: ''

2023-07-17 21:14:36 - [TEST_STEP][PASSED] - maximizeWindow(): Current window maximized

2023-07-17 21:14:36 - [MESSAGE][PASSED] - Current window maximized

2023-07-17 21:14:36 - [TEST_STEP][PASSED] - navigateToUrl(RADurl): Navigate to 'https://qa.velocitypayment.com/client/rad/index.html' successfully

2023-07-17 21:14:37 - [MESSAGE][PASSED] - Navigate to 'https://qa.velocitypayment.com/client/rad/index.html' successfully

2023-07-17 21:14:37 - [TEST_STEP][PASSED] - orPath_Landing = "Object Repository/RAD_Pages/Landing_Page": null

2023-07-17 21:14:37 - [TEST_STEP][PASSED] - orPath_TaxTypeFilingYear = "Object Repository/RAD_Pages/TaxTypeFilingYear_Page": null

2023-07-17 21:14:37 - [TEST_STEP][PASSED] - orPath_TaxPayer = "Object Repository/RAD_Pages/Taxpayer_Page": null

2023-07-17 21:14:37 - [TEST_STEP][PASSED] - orPath_AddressContact = "Object Repository/RAD_Pages/AddressAndContactInfo_Page": null

2023-07-17 21:14:37 - [TEST_STEP][PASSED] - orPath_FilingStatus = "Object Repository/RAD_Pages/FilingStatus_Page": null

2023-07-17 21:14:37 - [TEST_STEP][PASSED] - orPath_Amount = "Object Repository/RAD_Pages/PaymentAmount_Page": null

2023-07-17 21:14:37 - [TEST_STEP][PASSED] - orPath_TaxInfo = "Object Repository/RAD_Pages/TaxInfo_Page": null

2023-07-17 21:14:37 - [TEST_STEP][PASSED] - orPath_Withholding = "Object Repository/RAD_Pages/Withholding_Page": null

2023-07-17 21:14:37 - [TEST_STEP][PASSED] - orPath_Summary = "Object Repository/RAD_Pages/Summary_Page": null

2023-07-17 21:14:37 - [TEST_STEP][PASSED] - orPath_PaymentReady = "Object Repository/RAD_Pages/PaymentReady_Page": null

2023-07-17 21:14:37 - [TEST_STEP][PASSED] - orPath_PaymentEntry = "Object Repository/RAD_Pages/PaymentEntry_Page": null

2023-07-17 21:14:37 - [TEST_STEP][PASSED] - orPath_PaymentConfirmation = "Object Repository/RAD_Pages/PaymentConfirmation_Page": null

2023-07-17 21:14:37 - [TEST_STEP][PASSED] - orPath_ServiceFeesAccept = "Object Repository/RAD_Pages/ServiceFeeAccept_Page": null

2023-07-17 21:14:37 - [TEST_STEP][PASSED] - selectOptionByLabel(findTestObject(orPath_Landing + "/dd_TaxType"), Taxtype, false): All options with label 'Existing Liability' are selected in object 'Object Repository/RAD_Pages/Landing_Page/dd_TaxType' 

2023-07-17 21:14:38 - [MESSAGE][PASSED] - All options with label 'Existing Liability' are selected in object 'Object Repository/RAD_Pages/Landing_Page/dd_TaxType' 

2023-07-17 21:14:38 - [TEST_STEP][PASSED] - delay(1): Delayed 1 second(s)

2023-07-17 21:14:39 - [MESSAGE][PASSED] - Delayed 1 second(s)

2023-07-17 21:14:39 - [TEST_STEP][PASSED] - selectOptionByLabel(findTestObject(orPath_TaxTypeFilingYear + "/select_TaxType_ExistingLiability"), TaxTypeEL, false): All options with label 'CORP Tax' are selected in object 'Object Repository/RAD_Pages/TaxTypeFilingYear_Page/select_TaxType_ExistingLiability' 

2023-07-17 21:14:40 - [MESSAGE][PASSED] - All options with label 'CORP Tax' are selected in object 'Object Repository/RAD_Pages/TaxTypeFilingYear_Page/select_TaxType_ExistingLiability' 

2023-07-17 21:14:40 - [TEST_STEP][PASSED] - setText(findTestObject(orPath_TaxInfo + "/input_NoticeInvoiceNumber"), notInvNumber): Text '123456789012' is set on object 'Object Repository/RAD_Pages/TaxInfo_Page/input_NoticeInvoiceNumber'

2023-07-17 21:14:41 - [MESSAGE][PASSED] - Text '123456789012' is set on object 'Object Repository/RAD_Pages/TaxInfo_Page/input_NoticeInvoiceNumber'

2023-07-17 21:14:41 - [TEST_STEP][PASSED] - setText(findTestObject(orPath_TaxInfo + "/input_reTypeNoticeInvoiceNumber"), notInvNumber): Text '123456789012' is set on object 'Object Repository/RAD_Pages/TaxInfo_Page/input_reTypeNoticeInvoiceNumber'

2023-07-17 21:14:41 - [MESSAGE][PASSED] - Text '123456789012' is set on object 'Object Repository/RAD_Pages/TaxInfo_Page/input_reTypeNoticeInvoiceNumber'

2023-07-17 21:14:41 - [TEST_STEP][PASSED] - println(notInvNumber): null

2023-07-17 21:14:41 - [TEST_STEP][PASSED] - if (verifyTextPresent(errorMsg, true)): null

2023-07-17 21:14:42 - [MESSAGE][PASSED] - Text 'Invoice number length has to be 10 or 13 numeric characters' is present on page  using regular expression

2023-07-17 21:14:42 - [TEST_STEP][PASSED] - println("Error Message is present on the page"): null

2023-07-17 21:14:42 - [TEST_STEP][PASSED] - out.println("Pass Record Number: " + row): null

2023-07-17 21:14:42 - [TEST_STEP][PASSED] - resText = "Pass": null

2023-07-17 21:14:42 - [TEST_STEP][PASSED] - pages.WriteExcel.demoKey(resText, datText, resColumn, datCloumn, fileLoc, nameSheet, row): pages.WriteExcel.demoKey is PASSED

2023-07-17 21:14:42 - [MESSAGE][PASSED] - pages.WriteExcel.demoKey is PASSED

2023-07-17 21:14:42 - [TEST_STEP][PASSED] - ExecuteTC = findTestData(dataFile).getValue("Execute", row): null

2023-07-17 21:14:42 - [TEST_STEP][PASSED] - Taxtype = findTestData(dataFile).getValue("TaxType", row): null

2023-07-17 21:14:42 - [TEST_STEP][PASSED] - TaxTypeEL = findTestData(dataFile).getValue("TaxTypeEL", row): null

2023-07-17 21:14:42 - [TEST_STEP][PASSED] - notInvNumber = findTestData(dataFile).getValue("NotiInvoNumber", row): null

2023-07-17 21:14:42 - [TEST_STEP][PASSED] - errorMsg = findTestData(dataFile).getValue("ErrorMessage", row): null

2023-07-17 21:14:42 - [TEST_STEP][PASSED] - out.println("Value of Execute is : " + ExecuteTC): null

2023-07-17 21:14:42 - [TEST_STEP][PASSED] - if (ExecuteTC.equalsIgnoreCase("Y")): null

2023-07-17 21:14:42 - [TEST_STEP][PASSED] - out.println("Begin Record Number: " + row): null

2023-07-17 21:14:42 - [TEST_STEP][PASSED] - today = new java.util.Date(): null

2023-07-17 21:14:42 - [TEST_STEP][PASSED] - println(today): null

2023-07-17 21:14:42 - [TEST_STEP][PASSED] - datText = today: null

2023-07-17 21:14:42 - [TEST_STEP][PASSED] - Taxtype = findTestData(dataFile).getValue("TaxType", row): null

2023-07-17 21:14:42 - [TEST_STEP][PASSED] - out.println("Taxtype value is : " + Taxtype): null

2023-07-17 21:14:42 - [TEST_STEP][PASSED] - openBrowser(""): Browser is opened with url: ''

2023-07-17 21:14:42 - [MESSAGE][WARNING] - A browser is already opened. Closing browser and opening a new one

2023-07-17 21:14:43 - [MESSAGE][INFO] - Starting 'Chrome' driver

2023-07-17 21:14:43 - [MESSAGE][INFO] - User set preference: ['acceptInsecureCerts', 'true']

2023-07-17 21:14:43 - [MESSAGE][INFO] - Action delay is set to 0 milliseconds

2023-07-17 21:14:45 - [MESSAGE][PASSED] - Browser is opened with url: ''

2023-07-17 21:14:45 - [TEST_STEP][PASSED] - maximizeWindow(): Current window maximized

2023-07-17 21:14:45 - [MESSAGE][PASSED] - Current window maximized

2023-07-17 21:14:45 - [TEST_STEP][PASSED] - navigateToUrl(RADurl): Navigate to 'https://qa.velocitypayment.com/client/rad/index.html' successfully

2023-07-17 21:14:46 - [MESSAGE][PASSED] - Navigate to 'https://qa.velocitypayment.com/client/rad/index.html' successfully

2023-07-17 21:14:46 - [TEST_STEP][PASSED] - orPath_Landing = "Object Repository/RAD_Pages/Landing_Page": null

2023-07-17 21:14:46 - [TEST_STEP][PASSED] - orPath_TaxTypeFilingYear = "Object Repository/RAD_Pages/TaxTypeFilingYear_Page": null

2023-07-17 21:14:46 - [TEST_STEP][PASSED] - orPath_TaxPayer = "Object Repository/RAD_Pages/Taxpayer_Page": null

2023-07-17 21:14:46 - [TEST_STEP][PASSED] - orPath_AddressContact = "Object Repository/RAD_Pages/AddressAndContactInfo_Page": null

2023-07-17 21:14:46 - [TEST_STEP][PASSED] - orPath_FilingStatus = "Object Repository/RAD_Pages/FilingStatus_Page": null

2023-07-17 21:14:46 - [TEST_STEP][PASSED] - orPath_Amount = "Object Repository/RAD_Pages/PaymentAmount_Page": null

2023-07-17 21:14:46 - [TEST_STEP][PASSED] - orPath_TaxInfo = "Object Repository/RAD_Pages/TaxInfo_Page": null

2023-07-17 21:14:46 - [TEST_STEP][PASSED] - orPath_Withholding = "Object Repository/RAD_Pages/Withholding_Page": null

2023-07-17 21:14:46 - [TEST_STEP][PASSED] - orPath_Summary = "Object Repository/RAD_Pages/Summary_Page": null

2023-07-17 21:14:46 - [TEST_STEP][PASSED] - orPath_PaymentReady = "Object Repository/RAD_Pages/PaymentReady_Page": null

2023-07-17 21:14:46 - [TEST_STEP][PASSED] - orPath_PaymentEntry = "Object Repository/RAD_Pages/PaymentEntry_Page": null

2023-07-17 21:14:46 - [TEST_STEP][PASSED] - orPath_PaymentConfirmation = "Object Repository/RAD_Pages/PaymentConfirmation_Page": null

2023-07-17 21:14:46 - [TEST_STEP][PASSED] - orPath_ServiceFeesAccept = "Object Repository/RAD_Pages/ServiceFeeAccept_Page": null

2023-07-17 21:14:46 - [TEST_STEP][PASSED] - selectOptionByLabel(findTestObject(orPath_Landing + "/dd_TaxType"), Taxtype, false): All options with label 'Existing Liability' are selected in object 'Object Repository/RAD_Pages/Landing_Page/dd_TaxType' 

2023-07-17 21:14:47 - [MESSAGE][PASSED] - All options with label 'Existing Liability' are selected in object 'Object Repository/RAD_Pages/Landing_Page/dd_TaxType' 

2023-07-17 21:14:47 - [TEST_STEP][PASSED] - delay(1): Delayed 1 second(s)

2023-07-17 21:14:48 - [MESSAGE][PASSED] - Delayed 1 second(s)

2023-07-17 21:14:48 - [TEST_STEP][PASSED] - selectOptionByLabel(findTestObject(orPath_TaxTypeFilingYear + "/select_TaxType_ExistingLiability"), TaxTypeEL, false): All options with label 'Fiduciary Tax' are selected in object 'Object Repository/RAD_Pages/TaxTypeFilingYear_Page/select_TaxType_ExistingLiability' 

2023-07-17 21:14:49 - [MESSAGE][PASSED] - All options with label 'Fiduciary Tax' are selected in object 'Object Repository/RAD_Pages/TaxTypeFilingYear_Page/select_TaxType_ExistingLiability' 

2023-07-17 21:14:49 - [TEST_STEP][PASSED] - setText(findTestObject(orPath_TaxInfo + "/input_NoticeInvoiceNumber"), notInvNumber): Text '123456789' is set on object 'Object Repository/RAD_Pages/TaxInfo_Page/input_NoticeInvoiceNumber'

2023-07-17 21:14:50 - [MESSAGE][PASSED] - Text '123456789' is set on object 'Object Repository/RAD_Pages/TaxInfo_Page/input_NoticeInvoiceNumber'

2023-07-17 21:14:50 - [TEST_STEP][PASSED] - setText(findTestObject(orPath_TaxInfo + "/input_reTypeNoticeInvoiceNumber"), notInvNumber): Text '123456789' is set on object 'Object Repository/RAD_Pages/TaxInfo_Page/input_reTypeNoticeInvoiceNumber'

2023-07-17 21:14:51 - [MESSAGE][PASSED] - Text '123456789' is set on object 'Object Repository/RAD_Pages/TaxInfo_Page/input_reTypeNoticeInvoiceNumber'

2023-07-17 21:14:51 - [TEST_STEP][PASSED] - println(notInvNumber): null

2023-07-17 21:14:51 - [TEST_STEP][PASSED] - if (verifyTextPresent(errorMsg, true)): null

2023-07-17 21:14:51 - [MESSAGE][PASSED] - Text 'Notice number length has to be 13 numeric characters' is present on page  using regular expression

2023-07-17 21:14:51 - [TEST_STEP][PASSED] - println("Error Message is present on the page"): null

2023-07-17 21:14:51 - [TEST_STEP][PASSED] - out.println("Pass Record Number: " + row): null

2023-07-17 21:14:51 - [TEST_STEP][PASSED] - resText = "Pass": null

2023-07-17 21:14:51 - [TEST_STEP][PASSED] - pages.WriteExcel.demoKey(resText, datText, resColumn, datCloumn, fileLoc, nameSheet, row): pages.WriteExcel.demoKey is PASSED

2023-07-17 21:14:51 - [MESSAGE][PASSED] - pages.WriteExcel.demoKey is PASSED

2023-07-17 21:14:51 - [TEST_STEP][PASSED] - ExecuteTC = findTestData(dataFile).getValue("Execute", row): null

2023-07-17 21:14:51 - [TEST_STEP][PASSED] - Taxtype = findTestData(dataFile).getValue("TaxType", row): null

2023-07-17 21:14:51 - [TEST_STEP][PASSED] - TaxTypeEL = findTestData(dataFile).getValue("TaxTypeEL", row): null

2023-07-17 21:14:51 - [TEST_STEP][PASSED] - notInvNumber = findTestData(dataFile).getValue("NotiInvoNumber", row): null

2023-07-17 21:14:52 - [TEST_STEP][PASSED] - errorMsg = findTestData(dataFile).getValue("ErrorMessage", row): null

2023-07-17 21:14:52 - [TEST_STEP][PASSED] - out.println("Value of Execute is : " + ExecuteTC): null

2023-07-17 21:14:52 - [TEST_STEP][PASSED] - if (ExecuteTC.equalsIgnoreCase("Y")): null

2023-07-17 21:14:52 - [TEST_STEP][PASSED] - out.println("Begin Record Number: " + row): null

2023-07-17 21:14:52 - [TEST_STEP][PASSED] - today = new java.util.Date(): null

2023-07-17 21:14:52 - [TEST_STEP][PASSED] - println(today): null

2023-07-17 21:14:52 - [TEST_STEP][PASSED] - datText = today: null

2023-07-17 21:14:52 - [TEST_STEP][PASSED] - Taxtype = findTestData(dataFile).getValue("TaxType", row): null

2023-07-17 21:14:52 - [TEST_STEP][PASSED] - out.println("Taxtype value is : " + Taxtype): null

2023-07-17 21:14:52 - [TEST_STEP][PASSED] - openBrowser(""): Browser is opened with url: ''

2023-07-17 21:14:52 - [MESSAGE][WARNING] - A browser is already opened. Closing browser and opening a new one

2023-07-17 21:14:53 - [MESSAGE][INFO] - Starting 'Chrome' driver

2023-07-17 21:14:53 - [MESSAGE][INFO] - User set preference: ['acceptInsecureCerts', 'true']

2023-07-17 21:14:53 - [MESSAGE][INFO] - Action delay is set to 0 milliseconds

2023-07-17 21:14:54 - [MESSAGE][PASSED] - Browser is opened with url: ''

2023-07-17 21:14:54 - [TEST_STEP][PASSED] - maximizeWindow(): Current window maximized

2023-07-17 21:14:54 - [MESSAGE][PASSED] - Current window maximized

2023-07-17 21:14:54 - [TEST_STEP][PASSED] - navigateToUrl(RADurl): Navigate to 'https://qa.velocitypayment.com/client/rad/index.html' successfully

2023-07-17 21:14:56 - [MESSAGE][PASSED] - Navigate to 'https://qa.velocitypayment.com/client/rad/index.html' successfully

2023-07-17 21:14:56 - [TEST_STEP][PASSED] - orPath_Landing = "Object Repository/RAD_Pages/Landing_Page": null

2023-07-17 21:14:56 - [TEST_STEP][PASSED] - orPath_TaxTypeFilingYear = "Object Repository/RAD_Pages/TaxTypeFilingYear_Page": null

2023-07-17 21:14:56 - [TEST_STEP][PASSED] - orPath_TaxPayer = "Object Repository/RAD_Pages/Taxpayer_Page": null

2023-07-17 21:14:56 - [TEST_STEP][PASSED] - orPath_AddressContact = "Object Repository/RAD_Pages/AddressAndContactInfo_Page": null

2023-07-17 21:14:56 - [TEST_STEP][PASSED] - orPath_FilingStatus = "Object Repository/RAD_Pages/FilingStatus_Page": null

2023-07-17 21:14:56 - [TEST_STEP][PASSED] - orPath_Amount = "Object Repository/RAD_Pages/PaymentAmount_Page": null

2023-07-17 21:14:56 - [TEST_STEP][PASSED] - orPath_TaxInfo = "Object Repository/RAD_Pages/TaxInfo_Page": null

2023-07-17 21:14:56 - [TEST_STEP][PASSED] - orPath_Withholding = "Object Repository/RAD_Pages/Withholding_Page": null

2023-07-17 21:14:56 - [TEST_STEP][PASSED] - orPath_Summary = "Object Repository/RAD_Pages/Summary_Page": null

2023-07-17 21:14:56 - [TEST_STEP][PASSED] - orPath_PaymentReady = "Object Repository/RAD_Pages/PaymentReady_Page": null

2023-07-17 21:14:56 - [TEST_STEP][PASSED] - orPath_PaymentEntry = "Object Repository/RAD_Pages/PaymentEntry_Page": null

2023-07-17 21:14:56 - [TEST_STEP][PASSED] - orPath_PaymentConfirmation = "Object Repository/RAD_Pages/PaymentConfirmation_Page": null

2023-07-17 21:14:56 - [TEST_STEP][PASSED] - orPath_ServiceFeesAccept = "Object Repository/RAD_Pages/ServiceFeeAccept_Page": null

2023-07-17 21:14:56 - [TEST_STEP][PASSED] - selectOptionByLabel(findTestObject(orPath_Landing + "/dd_TaxType"), Taxtype, false): All options with label 'Existing Liability' are selected in object 'Object Repository/RAD_Pages/Landing_Page/dd_TaxType' 

2023-07-17 21:14:56 - [MESSAGE][PASSED] - All options with label 'Existing Liability' are selected in object 'Object Repository/RAD_Pages/Landing_Page/dd_TaxType' 

2023-07-17 21:14:56 - [TEST_STEP][PASSED] - delay(1): Delayed 1 second(s)

2023-07-17 21:14:57 - [MESSAGE][PASSED] - Delayed 1 second(s)

2023-07-17 21:14:57 - [TEST_STEP][PASSED] - selectOptionByLabel(findTestObject(orPath_TaxTypeFilingYear + "/select_TaxType_ExistingLiability"), TaxTypeEL, false): All options with label 'Personal Tax' are selected in object 'Object Repository/RAD_Pages/TaxTypeFilingYear_Page/select_TaxType_ExistingLiability' 

2023-07-17 21:14:58 - [MESSAGE][PASSED] - All options with label 'Personal Tax' are selected in object 'Object Repository/RAD_Pages/TaxTypeFilingYear_Page/select_TaxType_ExistingLiability' 

2023-07-17 21:14:58 - [TEST_STEP][PASSED] - setText(findTestObject(orPath_TaxInfo + "/input_NoticeInvoiceNumber"), notInvNumber): Text '123456789' is set on object 'Object Repository/RAD_Pages/TaxInfo_Page/input_NoticeInvoiceNumber'

2023-07-17 21:14:59 - [MESSAGE][PASSED] - Text '123456789' is set on object 'Object Repository/RAD_Pages/TaxInfo_Page/input_NoticeInvoiceNumber'

2023-07-17 21:14:59 - [TEST_STEP][PASSED] - setText(findTestObject(orPath_TaxInfo + "/input_reTypeNoticeInvoiceNumber"), notInvNumber): Text '123456789' is set on object 'Object Repository/RAD_Pages/TaxInfo_Page/input_reTypeNoticeInvoiceNumber'

2023-07-17 21:15:00 - [MESSAGE][PASSED] - Text '123456789' is set on object 'Object Repository/RAD_Pages/TaxInfo_Page/input_reTypeNoticeInvoiceNumber'

2023-07-17 21:15:00 - [TEST_STEP][PASSED] - println(notInvNumber): null

2023-07-17 21:15:00 - [TEST_STEP][PASSED] - if (verifyTextPresent(errorMsg, true)): null

2023-07-17 21:15:00 - [MESSAGE][PASSED] - Text 'Notice number length has to be 13 numeric characters' is present on page  using regular expression

2023-07-17 21:15:00 - [TEST_STEP][PASSED] - println("Error Message is present on the page"): null

2023-07-17 21:15:00 - [TEST_STEP][PASSED] - out.println("Pass Record Number: " + row): null

2023-07-17 21:15:00 - [TEST_STEP][PASSED] - resText = "Pass": null

2023-07-17 21:15:00 - [TEST_STEP][PASSED] - pages.WriteExcel.demoKey(resText, datText, resColumn, datCloumn, fileLoc, nameSheet, row): pages.WriteExcel.demoKey is PASSED

2023-07-17 21:15:00 - [MESSAGE][PASSED] - pages.WriteExcel.demoKey is PASSED

2023-07-17 21:15:00 - [TEST_STEP][PASSED] - ExecuteTC = findTestData(dataFile).getValue("Execute", row): null

2023-07-17 21:15:00 - [TEST_STEP][PASSED] - Taxtype = findTestData(dataFile).getValue("TaxType", row): null

2023-07-17 21:15:00 - [TEST_STEP][PASSED] - TaxTypeEL = findTestData(dataFile).getValue("TaxTypeEL", row): null

2023-07-17 21:15:00 - [TEST_STEP][PASSED] - notInvNumber = findTestData(dataFile).getValue("NotiInvoNumber", row): null

2023-07-17 21:15:00 - [TEST_STEP][PASSED] - errorMsg = findTestData(dataFile).getValue("ErrorMessage", row): null

2023-07-17 21:15:00 - [TEST_STEP][PASSED] - out.println("Value of Execute is : " + ExecuteTC): null

2023-07-17 21:15:00 - [TEST_STEP][PASSED] - if (ExecuteTC.equalsIgnoreCase("Y")): null

2023-07-17 21:15:00 - [TEST_STEP][PASSED] - out.println("Begin Record Number: " + row): null

2023-07-17 21:15:00 - [TEST_STEP][PASSED] - today = new java.util.Date(): null

2023-07-17 21:15:00 - [TEST_STEP][PASSED] - println(today): null

2023-07-17 21:15:00 - [TEST_STEP][PASSED] - datText = today: null

2023-07-17 21:15:00 - [TEST_STEP][PASSED] - Taxtype = findTestData(dataFile).getValue("TaxType", row): null

2023-07-17 21:15:01 - [TEST_STEP][PASSED] - out.println("Taxtype value is : " + Taxtype): null

2023-07-17 21:15:01 - [TEST_STEP][PASSED] - openBrowser(""): Browser is opened with url: ''

2023-07-17 21:15:01 - [MESSAGE][WARNING] - A browser is already opened. Closing browser and opening a new one

2023-07-17 21:15:02 - [MESSAGE][INFO] - Starting 'Chrome' driver

2023-07-17 21:15:02 - [MESSAGE][INFO] - User set preference: ['acceptInsecureCerts', 'true']

2023-07-17 21:15:02 - [MESSAGE][INFO] - Action delay is set to 0 milliseconds

2023-07-17 21:15:03 - [MESSAGE][PASSED] - Browser is opened with url: ''

2023-07-17 21:15:03 - [TEST_STEP][PASSED] - maximizeWindow(): Current window maximized

2023-07-17 21:15:03 - [MESSAGE][PASSED] - Current window maximized

2023-07-17 21:15:03 - [TEST_STEP][PASSED] - navigateToUrl(RADurl): Navigate to 'https://qa.velocitypayment.com/client/rad/index.html' successfully

2023-07-17 21:15:04 - [MESSAGE][PASSED] - Navigate to 'https://qa.velocitypayment.com/client/rad/index.html' successfully

2023-07-17 21:15:04 - [TEST_STEP][PASSED] - orPath_Landing = "Object Repository/RAD_Pages/Landing_Page": null

2023-07-17 21:15:04 - [TEST_STEP][PASSED] - orPath_TaxTypeFilingYear = "Object Repository/RAD_Pages/TaxTypeFilingYear_Page": null

2023-07-17 21:15:04 - [TEST_STEP][PASSED] - orPath_TaxPayer = "Object Repository/RAD_Pages/Taxpayer_Page": null

2023-07-17 21:15:04 - [TEST_STEP][PASSED] - orPath_AddressContact = "Object Repository/RAD_Pages/AddressAndContactInfo_Page": null

2023-07-17 21:15:04 - [TEST_STEP][PASSED] - orPath_FilingStatus = "Object Repository/RAD_Pages/FilingStatus_Page": null

2023-07-17 21:15:04 - [TEST_STEP][PASSED] - orPath_Amount = "Object Repository/RAD_Pages/PaymentAmount_Page": null

2023-07-17 21:15:04 - [TEST_STEP][PASSED] - orPath_TaxInfo = "Object Repository/RAD_Pages/TaxInfo_Page": null

2023-07-17 21:15:04 - [TEST_STEP][PASSED] - orPath_Withholding = "Object Repository/RAD_Pages/Withholding_Page": null

2023-07-17 21:15:04 - [TEST_STEP][PASSED] - orPath_Summary = "Object Repository/RAD_Pages/Summary_Page": null

2023-07-17 21:15:04 - [TEST_STEP][PASSED] - orPath_PaymentReady = "Object Repository/RAD_Pages/PaymentReady_Page": null

2023-07-17 21:15:04 - [TEST_STEP][PASSED] - orPath_PaymentEntry = "Object Repository/RAD_Pages/PaymentEntry_Page": null

2023-07-17 21:15:04 - [TEST_STEP][PASSED] - orPath_PaymentConfirmation = "Object Repository/RAD_Pages/PaymentConfirmation_Page": null

2023-07-17 21:15:04 - [TEST_STEP][PASSED] - orPath_ServiceFeesAccept = "Object Repository/RAD_Pages/ServiceFeeAccept_Page": null

2023-07-17 21:15:04 - [TEST_STEP][PASSED] - selectOptionByLabel(findTestObject(orPath_Landing + "/dd_TaxType"), Taxtype, false): All options with label 'Existing Liability' are selected in object 'Object Repository/RAD_Pages/Landing_Page/dd_TaxType' 

2023-07-17 21:15:05 - [MESSAGE][PASSED] - All options with label 'Existing Liability' are selected in object 'Object Repository/RAD_Pages/Landing_Page/dd_TaxType' 

2023-07-17 21:15:05 - [TEST_STEP][PASSED] - delay(1): Delayed 1 second(s)

2023-07-17 21:15:06 - [MESSAGE][PASSED] - Delayed 1 second(s)

2023-07-17 21:15:06 - [TEST_STEP][PASSED] - selectOptionByLabel(findTestObject(orPath_TaxTypeFilingYear + "/select_TaxType_ExistingLiability"), TaxTypeEL, false): All options with label 'PTE Tax (Partnership)' are selected in object 'Object Repository/RAD_Pages/TaxTypeFilingYear_Page/select_TaxType_ExistingLiability' 

2023-07-17 21:15:07 - [MESSAGE][PASSED] - All options with label 'PTE Tax (Partnership)' are selected in object 'Object Repository/RAD_Pages/TaxTypeFilingYear_Page/select_TaxType_ExistingLiability' 

2023-07-17 21:15:07 - [TEST_STEP][PASSED] - setText(findTestObject(orPath_TaxInfo + "/input_NoticeInvoiceNumber"), notInvNumber): Text '123456789' is set on object 'Object Repository/RAD_Pages/TaxInfo_Page/input_NoticeInvoiceNumber'

2023-07-17 21:15:08 - [MESSAGE][PASSED] - Text '123456789' is set on object 'Object Repository/RAD_Pages/TaxInfo_Page/input_NoticeInvoiceNumber'

2023-07-17 21:15:08 - [TEST_STEP][PASSED] - setText(findTestObject(orPath_TaxInfo + "/input_reTypeNoticeInvoiceNumber"), notInvNumber): Text '123456789' is set on object 'Object Repository/RAD_Pages/TaxInfo_Page/input_reTypeNoticeInvoiceNumber'

2023-07-17 21:15:08 - [MESSAGE][PASSED] - Text '123456789' is set on object 'Object Repository/RAD_Pages/TaxInfo_Page/input_reTypeNoticeInvoiceNumber'

2023-07-17 21:15:08 - [TEST_STEP][PASSED] - println(notInvNumber): null

2023-07-17 21:15:08 - [TEST_STEP][PASSED] - if (verifyTextPresent(errorMsg, true)): null

2023-07-17 21:15:09 - [MESSAGE][PASSED] - Text 'Notice number length has to be 13 numeric characters' is present on page  using regular expression

2023-07-17 21:15:09 - [TEST_STEP][PASSED] - println("Error Message is present on the page"): null

2023-07-17 21:15:09 - [TEST_STEP][PASSED] - out.println("Pass Record Number: " + row): null

2023-07-17 21:15:09 - [TEST_STEP][PASSED] - resText = "Pass": null

2023-07-17 21:15:09 - [TEST_STEP][PASSED] - pages.WriteExcel.demoKey(resText, datText, resColumn, datCloumn, fileLoc, nameSheet, row): pages.WriteExcel.demoKey is PASSED

2023-07-17 21:15:09 - [MESSAGE][PASSED] - pages.WriteExcel.demoKey is PASSED

2023-07-17 21:15:09 - [TEST_STEP][PASSED] - ExecuteTC = findTestData(dataFile).getValue("Execute", row): null

2023-07-17 21:15:09 - [TEST_STEP][PASSED] - Taxtype = findTestData(dataFile).getValue("TaxType", row): null

2023-07-17 21:15:09 - [TEST_STEP][PASSED] - TaxTypeEL = findTestData(dataFile).getValue("TaxTypeEL", row): null

2023-07-17 21:15:09 - [TEST_STEP][PASSED] - notInvNumber = findTestData(dataFile).getValue("NotiInvoNumber", row): null

2023-07-17 21:15:09 - [TEST_STEP][PASSED] - errorMsg = findTestData(dataFile).getValue("ErrorMessage", row): null

2023-07-17 21:15:09 - [TEST_STEP][PASSED] - out.println("Value of Execute is : " + ExecuteTC): null

2023-07-17 21:15:09 - [TEST_STEP][PASSED] - if (ExecuteTC.equalsIgnoreCase("Y")): null

2023-07-17 21:15:09 - [TEST_STEP][PASSED] - out.println("Begin Record Number: " + row): null

2023-07-17 21:15:09 - [TEST_STEP][PASSED] - today = new java.util.Date(): null

2023-07-17 21:15:09 - [TEST_STEP][PASSED] - println(today): null

2023-07-17 21:15:09 - [TEST_STEP][PASSED] - datText = today: null

2023-07-17 21:15:09 - [TEST_STEP][PASSED] - Taxtype = findTestData(dataFile).getValue("TaxType", row): null

2023-07-17 21:15:09 - [TEST_STEP][PASSED] - out.println("Taxtype value is : " + Taxtype): null

2023-07-17 21:15:09 - [TEST_STEP][PASSED] - openBrowser(""): Browser is opened with url: ''

2023-07-17 21:15:09 - [MESSAGE][WARNING] - A browser is already opened. Closing browser and opening a new one

2023-07-17 21:15:10 - [MESSAGE][INFO] - Starting 'Chrome' driver

2023-07-17 21:15:10 - [MESSAGE][INFO] - User set preference: ['acceptInsecureCerts', 'true']

2023-07-17 21:15:10 - [MESSAGE][INFO] - Action delay is set to 0 milliseconds

2023-07-17 21:15:12 - [MESSAGE][PASSED] - Browser is opened with url: ''

2023-07-17 21:15:12 - [TEST_STEP][PASSED] - maximizeWindow(): Current window maximized

2023-07-17 21:15:12 - [MESSAGE][PASSED] - Current window maximized

2023-07-17 21:15:12 - [TEST_STEP][PASSED] - navigateToUrl(RADurl): Navigate to 'https://qa.velocitypayment.com/client/rad/index.html' successfully

2023-07-17 21:15:13 - [MESSAGE][PASSED] - Navigate to 'https://qa.velocitypayment.com/client/rad/index.html' successfully

2023-07-17 21:15:13 - [TEST_STEP][PASSED] - orPath_Landing = "Object Repository/RAD_Pages/Landing_Page": null

2023-07-17 21:15:13 - [TEST_STEP][PASSED] - orPath_TaxTypeFilingYear = "Object Repository/RAD_Pages/TaxTypeFilingYear_Page": null

2023-07-17 21:15:13 - [TEST_STEP][PASSED] - orPath_TaxPayer = "Object Repository/RAD_Pages/Taxpayer_Page": null

2023-07-17 21:15:13 - [TEST_STEP][PASSED] - orPath_AddressContact = "Object Repository/RAD_Pages/AddressAndContactInfo_Page": null

2023-07-17 21:15:13 - [TEST_STEP][PASSED] - orPath_FilingStatus = "Object Repository/RAD_Pages/FilingStatus_Page": null

2023-07-17 21:15:13 - [TEST_STEP][PASSED] - orPath_Amount = "Object Repository/RAD_Pages/PaymentAmount_Page": null

2023-07-17 21:15:13 - [TEST_STEP][PASSED] - orPath_TaxInfo = "Object Repository/RAD_Pages/TaxInfo_Page": null

2023-07-17 21:15:13 - [TEST_STEP][PASSED] - orPath_Withholding = "Object Repository/RAD_Pages/Withholding_Page": null

2023-07-17 21:15:13 - [TEST_STEP][PASSED] - orPath_Summary = "Object Repository/RAD_Pages/Summary_Page": null

2023-07-17 21:15:13 - [TEST_STEP][PASSED] - orPath_PaymentReady = "Object Repository/RAD_Pages/PaymentReady_Page": null

2023-07-17 21:15:13 - [TEST_STEP][PASSED] - orPath_PaymentEntry = "Object Repository/RAD_Pages/PaymentEntry_Page": null

2023-07-17 21:15:13 - [TEST_STEP][PASSED] - orPath_PaymentConfirmation = "Object Repository/RAD_Pages/PaymentConfirmation_Page": null

2023-07-17 21:15:13 - [TEST_STEP][PASSED] - orPath_ServiceFeesAccept = "Object Repository/RAD_Pages/ServiceFeeAccept_Page": null

2023-07-17 21:15:13 - [TEST_STEP][PASSED] - selectOptionByLabel(findTestObject(orPath_Landing + "/dd_TaxType"), Taxtype, false): All options with label 'Existing Liability' are selected in object 'Object Repository/RAD_Pages/Landing_Page/dd_TaxType' 

2023-07-17 21:15:14 - [MESSAGE][PASSED] - All options with label 'Existing Liability' are selected in object 'Object Repository/RAD_Pages/Landing_Page/dd_TaxType' 

2023-07-17 21:15:14 - [TEST_STEP][PASSED] - delay(1): Delayed 1 second(s)

2023-07-17 21:15:15 - [MESSAGE][PASSED] - Delayed 1 second(s)

2023-07-17 21:15:15 - [TEST_STEP][PASSED] - selectOptionByLabel(findTestObject(orPath_TaxTypeFilingYear + "/select_TaxType_ExistingLiability"), TaxTypeEL, false): All options with label 'PTE Tax (LLC)' are selected in object 'Object Repository/RAD_Pages/TaxTypeFilingYear_Page/select_TaxType_ExistingLiability' 

2023-07-17 21:15:16 - [MESSAGE][PASSED] - All options with label 'PTE Tax (LLC)' are selected in object 'Object Repository/RAD_Pages/TaxTypeFilingYear_Page/select_TaxType_ExistingLiability' 

2023-07-17 21:15:16 - [TEST_STEP][PASSED] - setText(findTestObject(orPath_TaxInfo + "/input_NoticeInvoiceNumber"), notInvNumber): Text '123456789' is set on object 'Object Repository/RAD_Pages/TaxInfo_Page/input_NoticeInvoiceNumber'

2023-07-17 21:15:17 - [MESSAGE][PASSED] - Text '123456789' is set on object 'Object Repository/RAD_Pages/TaxInfo_Page/input_NoticeInvoiceNumber'

2023-07-17 21:15:17 - [TEST_STEP][PASSED] - setText(findTestObject(orPath_TaxInfo + "/input_reTypeNoticeInvoiceNumber"), notInvNumber): Text '123456789' is set on object 'Object Repository/RAD_Pages/TaxInfo_Page/input_reTypeNoticeInvoiceNumber'

2023-07-17 21:15:17 - [MESSAGE][PASSED] - Text '123456789' is set on object 'Object Repository/RAD_Pages/TaxInfo_Page/input_reTypeNoticeInvoiceNumber'

2023-07-17 21:15:17 - [TEST_STEP][PASSED] - println(notInvNumber): null

2023-07-17 21:15:17 - [TEST_STEP][PASSED] - if (verifyTextPresent(errorMsg, true)): null

2023-07-17 21:15:18 - [MESSAGE][PASSED] - Text 'Notice number length has to be 13 numeric characters' is present on page  using regular expression

2023-07-17 21:15:18 - [TEST_STEP][PASSED] - println("Error Message is present on the page"): null

2023-07-17 21:15:18 - [TEST_STEP][PASSED] - out.println("Pass Record Number: " + row): null

2023-07-17 21:15:18 - [TEST_STEP][PASSED] - resText = "Pass": null

2023-07-17 21:15:18 - [TEST_STEP][PASSED] - pages.WriteExcel.demoKey(resText, datText, resColumn, datCloumn, fileLoc, nameSheet, row): pages.WriteExcel.demoKey is PASSED

2023-07-17 21:15:18 - [MESSAGE][PASSED] - pages.WriteExcel.demoKey is PASSED

2023-07-17 21:15:18 - [TEST_STEP][PASSED] - ExecuteTC = findTestData(dataFile).getValue("Execute", row): null

2023-07-17 21:15:18 - [TEST_STEP][PASSED] - Taxtype = findTestData(dataFile).getValue("TaxType", row): null

2023-07-17 21:15:18 - [TEST_STEP][PASSED] - TaxTypeEL = findTestData(dataFile).getValue("TaxTypeEL", row): null

2023-07-17 21:15:18 - [TEST_STEP][PASSED] - notInvNumber = findTestData(dataFile).getValue("NotiInvoNumber", row): null

2023-07-17 21:15:18 - [TEST_STEP][PASSED] - errorMsg = findTestData(dataFile).getValue("ErrorMessage", row): null

2023-07-17 21:15:18 - [TEST_STEP][PASSED] - out.println("Value of Execute is : " + ExecuteTC): null

2023-07-17 21:15:18 - [TEST_STEP][PASSED] - if (ExecuteTC.equalsIgnoreCase("Y")): null

2023-07-17 21:15:18 - [TEST_STEP][PASSED] - out.println("Begin Record Number: " + row): null

2023-07-17 21:15:18 - [TEST_STEP][PASSED] - today = new java.util.Date(): null

2023-07-17 21:15:18 - [TEST_STEP][PASSED] - println(today): null

2023-07-17 21:15:18 - [TEST_STEP][PASSED] - datText = today: null

2023-07-17 21:15:18 - [TEST_STEP][PASSED] - Taxtype = findTestData(dataFile).getValue("TaxType", row): null

2023-07-17 21:15:18 - [TEST_STEP][PASSED] - out.println("Taxtype value is : " + Taxtype): null

2023-07-17 21:15:18 - [TEST_STEP][PASSED] - openBrowser(""): Browser is opened with url: ''

2023-07-17 21:15:18 - [MESSAGE][WARNING] - A browser is already opened. Closing browser and opening a new one

2023-07-17 21:15:19 - [MESSAGE][INFO] - Starting 'Chrome' driver

2023-07-17 21:15:19 - [MESSAGE][INFO] - User set preference: ['acceptInsecureCerts', 'true']

2023-07-17 21:15:19 - [MESSAGE][INFO] - Action delay is set to 0 milliseconds

2023-07-17 21:15:21 - [MESSAGE][PASSED] - Browser is opened with url: ''

2023-07-17 21:15:21 - [TEST_STEP][PASSED] - maximizeWindow(): Current window maximized

2023-07-17 21:15:21 - [MESSAGE][PASSED] - Current window maximized

2023-07-17 21:15:21 - [TEST_STEP][PASSED] - navigateToUrl(RADurl): Navigate to 'https://qa.velocitypayment.com/client/rad/index.html' successfully

2023-07-17 21:15:22 - [MESSAGE][PASSED] - Navigate to 'https://qa.velocitypayment.com/client/rad/index.html' successfully

2023-07-17 21:15:22 - [TEST_STEP][PASSED] - orPath_Landing = "Object Repository/RAD_Pages/Landing_Page": null

2023-07-17 21:15:22 - [TEST_STEP][PASSED] - orPath_TaxTypeFilingYear = "Object Repository/RAD_Pages/TaxTypeFilingYear_Page": null

2023-07-17 21:15:22 - [TEST_STEP][PASSED] - orPath_TaxPayer = "Object Repository/RAD_Pages/Taxpayer_Page": null

2023-07-17 21:15:22 - [TEST_STEP][PASSED] - orPath_AddressContact = "Object Repository/RAD_Pages/AddressAndContactInfo_Page": null

2023-07-17 21:15:22 - [TEST_STEP][PASSED] - orPath_FilingStatus = "Object Repository/RAD_Pages/FilingStatus_Page": null

2023-07-17 21:15:22 - [TEST_STEP][PASSED] - orPath_Amount = "Object Repository/RAD_Pages/PaymentAmount_Page": null

2023-07-17 21:15:22 - [TEST_STEP][PASSED] - orPath_TaxInfo = "Object Repository/RAD_Pages/TaxInfo_Page": null

2023-07-17 21:15:22 - [TEST_STEP][PASSED] - orPath_Withholding = "Object Repository/RAD_Pages/Withholding_Page": null

2023-07-17 21:15:22 - [TEST_STEP][PASSED] - orPath_Summary = "Object Repository/RAD_Pages/Summary_Page": null

2023-07-17 21:15:22 - [TEST_STEP][PASSED] - orPath_PaymentReady = "Object Repository/RAD_Pages/PaymentReady_Page": null

2023-07-17 21:15:22 - [TEST_STEP][PASSED] - orPath_PaymentEntry = "Object Repository/RAD_Pages/PaymentEntry_Page": null

2023-07-17 21:15:22 - [TEST_STEP][PASSED] - orPath_PaymentConfirmation = "Object Repository/RAD_Pages/PaymentConfirmation_Page": null

2023-07-17 21:15:22 - [TEST_STEP][PASSED] - orPath_ServiceFeesAccept = "Object Repository/RAD_Pages/ServiceFeeAccept_Page": null

2023-07-17 21:15:22 - [TEST_STEP][PASSED] - selectOptionByLabel(findTestObject(orPath_Landing + "/dd_TaxType"), Taxtype, false): All options with label 'Existing Liability' are selected in object 'Object Repository/RAD_Pages/Landing_Page/dd_TaxType' 

2023-07-17 21:15:23 - [MESSAGE][PASSED] - All options with label 'Existing Liability' are selected in object 'Object Repository/RAD_Pages/Landing_Page/dd_TaxType' 

2023-07-17 21:15:23 - [TEST_STEP][PASSED] - delay(1): Delayed 1 second(s)

2023-07-17 21:15:24 - [MESSAGE][PASSED] - Delayed 1 second(s)

2023-07-17 21:15:24 - [TEST_STEP][PASSED] - selectOptionByLabel(findTestObject(orPath_TaxTypeFilingYear + "/select_TaxType_ExistingLiability"), TaxTypeEL, false): All options with label 'PTE Tax (SCorp)' are selected in object 'Object Repository/RAD_Pages/TaxTypeFilingYear_Page/select_TaxType_ExistingLiability' 

2023-07-17 21:15:25 - [MESSAGE][PASSED] - All options with label 'PTE Tax (SCorp)' are selected in object 'Object Repository/RAD_Pages/TaxTypeFilingYear_Page/select_TaxType_ExistingLiability' 

2023-07-17 21:15:25 - [TEST_STEP][PASSED] - setText(findTestObject(orPath_TaxInfo + "/input_NoticeInvoiceNumber"), notInvNumber): Text '123456789' is set on object 'Object Repository/RAD_Pages/TaxInfo_Page/input_NoticeInvoiceNumber'

2023-07-17 21:15:26 - [MESSAGE][PASSED] - Text '123456789' is set on object 'Object Repository/RAD_Pages/TaxInfo_Page/input_NoticeInvoiceNumber'

2023-07-17 21:15:26 - [TEST_STEP][PASSED] - setText(findTestObject(orPath_TaxInfo + "/input_reTypeNoticeInvoiceNumber"), notInvNumber): Text '123456789' is set on object 'Object Repository/RAD_Pages/TaxInfo_Page/input_reTypeNoticeInvoiceNumber'

2023-07-17 21:15:26 - [MESSAGE][PASSED] - Text '123456789' is set on object 'Object Repository/RAD_Pages/TaxInfo_Page/input_reTypeNoticeInvoiceNumber'

2023-07-17 21:15:26 - [TEST_STEP][PASSED] - println(notInvNumber): null

2023-07-17 21:15:26 - [TEST_STEP][PASSED] - if (verifyTextPresent(errorMsg, true)): null

2023-07-17 21:15:27 - [MESSAGE][PASSED] - Text 'Notice number length has to be 13 numeric characters' is present on page  using regular expression

2023-07-17 21:15:27 - [TEST_STEP][PASSED] - println("Error Message is present on the page"): null

2023-07-17 21:15:27 - [TEST_STEP][PASSED] - out.println("Pass Record Number: " + row): null

2023-07-17 21:15:27 - [TEST_STEP][PASSED] - resText = "Pass": null

2023-07-17 21:15:27 - [TEST_STEP][PASSED] - pages.WriteExcel.demoKey(resText, datText, resColumn, datCloumn, fileLoc, nameSheet, row): pages.WriteExcel.demoKey is PASSED

2023-07-17 21:15:27 - [MESSAGE][PASSED] - pages.WriteExcel.demoKey is PASSED

2023-07-17 21:15:27 - [TEST_STEP][PASSED] - ExecuteTC = findTestData(dataFile).getValue("Execute", row): null

2023-07-17 21:15:27 - [TEST_STEP][PASSED] - Taxtype = findTestData(dataFile).getValue("TaxType", row): null

2023-07-17 21:15:27 - [TEST_STEP][PASSED] - TaxTypeEL = findTestData(dataFile).getValue("TaxTypeEL", row): null

2023-07-17 21:15:27 - [TEST_STEP][PASSED] - notInvNumber = findTestData(dataFile).getValue("NotiInvoNumber", row): null

2023-07-17 21:15:27 - [TEST_STEP][PASSED] - errorMsg = findTestData(dataFile).getValue("ErrorMessage", row): null

2023-07-17 21:15:27 - [TEST_STEP][PASSED] - out.println("Value of Execute is : " + ExecuteTC): null

2023-07-17 21:15:27 - [TEST_STEP][PASSED] - if (ExecuteTC.equalsIgnoreCase("Y")): null

2023-07-17 21:15:27 - [TEST_STEP][PASSED] - out.println("Begin Record Number: " + row): null

2023-07-17 21:15:27 - [TEST_STEP][PASSED] - today = new java.util.Date(): null

2023-07-17 21:15:27 - [TEST_STEP][PASSED] - println(today): null

2023-07-17 21:15:27 - [TEST_STEP][PASSED] - datText = today: null

2023-07-17 21:15:27 - [TEST_STEP][PASSED] - Taxtype = findTestData(dataFile).getValue("TaxType", row): null

2023-07-17 21:15:27 - [TEST_STEP][PASSED] - out.println("Taxtype value is : " + Taxtype): null

2023-07-17 21:15:27 - [TEST_STEP][PASSED] - openBrowser(""): Browser is opened with url: ''

2023-07-17 21:15:27 - [MESSAGE][WARNING] - A browser is already opened. Closing browser and opening a new one

2023-07-17 21:15:28 - [MESSAGE][INFO] - Starting 'Chrome' driver

2023-07-17 21:15:28 - [MESSAGE][INFO] - User set preference: ['acceptInsecureCerts', 'true']

2023-07-17 21:15:28 - [MESSAGE][INFO] - Action delay is set to 0 milliseconds

2023-07-17 21:15:30 - [MESSAGE][PASSED] - Browser is opened with url: ''

2023-07-17 21:15:30 - [TEST_STEP][PASSED] - maximizeWindow(): Current window maximized

2023-07-17 21:15:30 - [MESSAGE][PASSED] - Current window maximized

2023-07-17 21:15:30 - [TEST_STEP][PASSED] - navigateToUrl(RADurl): Navigate to 'https://qa.velocitypayment.com/client/rad/index.html' successfully

2023-07-17 21:15:31 - [MESSAGE][PASSED] - Navigate to 'https://qa.velocitypayment.com/client/rad/index.html' successfully

2023-07-17 21:15:31 - [TEST_STEP][PASSED] - orPath_Landing = "Object Repository/RAD_Pages/Landing_Page": null

2023-07-17 21:15:31 - [TEST_STEP][PASSED] - orPath_TaxTypeFilingYear = "Object Repository/RAD_Pages/TaxTypeFilingYear_Page": null

2023-07-17 21:15:31 - [TEST_STEP][PASSED] - orPath_TaxPayer = "Object Repository/RAD_Pages/Taxpayer_Page": null

2023-07-17 21:15:31 - [TEST_STEP][PASSED] - orPath_AddressContact = "Object Repository/RAD_Pages/AddressAndContactInfo_Page": null

2023-07-17 21:15:31 - [TEST_STEP][PASSED] - orPath_FilingStatus = "Object Repository/RAD_Pages/FilingStatus_Page": null

2023-07-17 21:15:31 - [TEST_STEP][PASSED] - orPath_Amount = "Object Repository/RAD_Pages/PaymentAmount_Page": null

2023-07-17 21:15:31 - [TEST_STEP][PASSED] - orPath_TaxInfo = "Object Repository/RAD_Pages/TaxInfo_Page": null

2023-07-17 21:15:31 - [TEST_STEP][PASSED] - orPath_Withholding = "Object Repository/RAD_Pages/Withholding_Page": null

2023-07-17 21:15:31 - [TEST_STEP][PASSED] - orPath_Summary = "Object Repository/RAD_Pages/Summary_Page": null

2023-07-17 21:15:31 - [TEST_STEP][PASSED] - orPath_PaymentReady = "Object Repository/RAD_Pages/PaymentReady_Page": null

2023-07-17 21:15:31 - [TEST_STEP][PASSED] - orPath_PaymentEntry = "Object Repository/RAD_Pages/PaymentEntry_Page": null

2023-07-17 21:15:31 - [TEST_STEP][PASSED] - orPath_PaymentConfirmation = "Object Repository/RAD_Pages/PaymentConfirmation_Page": null

2023-07-17 21:15:31 - [TEST_STEP][PASSED] - orPath_ServiceFeesAccept = "Object Repository/RAD_Pages/ServiceFeeAccept_Page": null

2023-07-17 21:15:31 - [TEST_STEP][PASSED] - selectOptionByLabel(findTestObject(orPath_Landing + "/dd_TaxType"), Taxtype, false): All options with label 'Existing Liability' are selected in object 'Object Repository/RAD_Pages/Landing_Page/dd_TaxType' 

2023-07-17 21:15:32 - [MESSAGE][PASSED] - All options with label 'Existing Liability' are selected in object 'Object Repository/RAD_Pages/Landing_Page/dd_TaxType' 

2023-07-17 21:15:32 - [TEST_STEP][PASSED] - delay(1): Delayed 1 second(s)

2023-07-17 21:15:33 - [MESSAGE][PASSED] - Delayed 1 second(s)

2023-07-17 21:15:33 - [TEST_STEP][PASSED] - selectOptionByLabel(findTestObject(orPath_TaxTypeFilingYear + "/select_TaxType_ExistingLiability"), TaxTypeEL, false): All options with label 'Sales & Use Tax' are selected in object 'Object Repository/RAD_Pages/TaxTypeFilingYear_Page/select_TaxType_ExistingLiability' 

2023-07-17 21:15:34 - [MESSAGE][PASSED] - All options with label 'Sales & Use Tax' are selected in object 'Object Repository/RAD_Pages/TaxTypeFilingYear_Page/select_TaxType_ExistingLiability' 

2023-07-17 21:15:34 - [TEST_STEP][PASSED] - setText(findTestObject(orPath_TaxInfo + "/input_NoticeInvoiceNumber"), notInvNumber): Text '123456789' is set on object 'Object Repository/RAD_Pages/TaxInfo_Page/input_NoticeInvoiceNumber'

2023-07-17 21:15:35 - [MESSAGE][PASSED] - Text '123456789' is set on object 'Object Repository/RAD_Pages/TaxInfo_Page/input_NoticeInvoiceNumber'

2023-07-17 21:15:35 - [TEST_STEP][PASSED] - setText(findTestObject(orPath_TaxInfo + "/input_reTypeNoticeInvoiceNumber"), notInvNumber): Text '123456789' is set on object 'Object Repository/RAD_Pages/TaxInfo_Page/input_reTypeNoticeInvoiceNumber'

2023-07-17 21:15:35 - [MESSAGE][PASSED] - Text '123456789' is set on object 'Object Repository/RAD_Pages/TaxInfo_Page/input_reTypeNoticeInvoiceNumber'

2023-07-17 21:15:35 - [TEST_STEP][PASSED] - println(notInvNumber): null

2023-07-17 21:15:35 - [TEST_STEP][PASSED] - if (verifyTextPresent(errorMsg, true)): null

2023-07-17 21:15:36 - [MESSAGE][PASSED] - Text 'Notice number length has to be 13 numeric characters' is present on page  using regular expression

2023-07-17 21:15:36 - [TEST_STEP][PASSED] - println("Error Message is present on the page"): null

2023-07-17 21:15:36 - [TEST_STEP][PASSED] - out.println("Pass Record Number: " + row): null

2023-07-17 21:15:36 - [TEST_STEP][PASSED] - resText = "Pass": null

2023-07-17 21:15:36 - [TEST_STEP][PASSED] - pages.WriteExcel.demoKey(resText, datText, resColumn, datCloumn, fileLoc, nameSheet, row): pages.WriteExcel.demoKey is PASSED

2023-07-17 21:15:36 - [MESSAGE][PASSED] - pages.WriteExcel.demoKey is PASSED

2023-07-17 21:15:36 - [TEST_STEP][PASSED] - ExecuteTC = findTestData(dataFile).getValue("Execute", row): null

2023-07-17 21:15:36 - [TEST_STEP][PASSED] - Taxtype = findTestData(dataFile).getValue("TaxType", row): null

2023-07-17 21:15:36 - [TEST_STEP][PASSED] - TaxTypeEL = findTestData(dataFile).getValue("TaxTypeEL", row): null

2023-07-17 21:15:36 - [TEST_STEP][PASSED] - notInvNumber = findTestData(dataFile).getValue("NotiInvoNumber", row): null

2023-07-17 21:15:36 - [TEST_STEP][PASSED] - errorMsg = findTestData(dataFile).getValue("ErrorMessage", row): null

2023-07-17 21:15:36 - [TEST_STEP][PASSED] - out.println("Value of Execute is : " + ExecuteTC): null

2023-07-17 21:15:36 - [TEST_STEP][PASSED] - if (ExecuteTC.equalsIgnoreCase("Y")): null

2023-07-17 21:15:36 - [TEST_STEP][PASSED] - out.println("Begin Record Number: " + row): null

2023-07-17 21:15:36 - [TEST_STEP][PASSED] - today = new java.util.Date(): null

2023-07-17 21:15:36 - [TEST_STEP][PASSED] - println(today): null

2023-07-17 21:15:36 - [TEST_STEP][PASSED] - datText = today: null

2023-07-17 21:15:36 - [TEST_STEP][PASSED] - Taxtype = findTestData(dataFile).getValue("TaxType", row): null

2023-07-17 21:15:36 - [TEST_STEP][PASSED] - out.println("Taxtype value is : " + Taxtype): null

2023-07-17 21:15:36 - [TEST_STEP][PASSED] - openBrowser(""): Browser is opened with url: ''

2023-07-17 21:15:37 - [MESSAGE][WARNING] - A browser is already opened. Closing browser and opening a new one

2023-07-17 21:15:37 - [MESSAGE][INFO] - Starting 'Chrome' driver

2023-07-17 21:15:37 - [MESSAGE][INFO] - User set preference: ['acceptInsecureCerts', 'true']

2023-07-17 21:15:37 - [MESSAGE][INFO] - Action delay is set to 0 milliseconds

2023-07-17 21:15:39 - [MESSAGE][PASSED] - Browser is opened with url: ''

2023-07-17 21:15:39 - [TEST_STEP][PASSED] - maximizeWindow(): Current window maximized

2023-07-17 21:15:39 - [MESSAGE][PASSED] - Current window maximized

2023-07-17 21:15:39 - [TEST_STEP][PASSED] - navigateToUrl(RADurl): Navigate to 'https://qa.velocitypayment.com/client/rad/index.html' successfully

2023-07-17 21:15:40 - [MESSAGE][PASSED] - Navigate to 'https://qa.velocitypayment.com/client/rad/index.html' successfully

2023-07-17 21:15:40 - [TEST_STEP][PASSED] - orPath_Landing = "Object Repository/RAD_Pages/Landing_Page": null

2023-07-17 21:15:40 - [TEST_STEP][PASSED] - orPath_TaxTypeFilingYear = "Object Repository/RAD_Pages/TaxTypeFilingYear_Page": null

2023-07-17 21:15:40 - [TEST_STEP][PASSED] - orPath_TaxPayer = "Object Repository/RAD_Pages/Taxpayer_Page": null

2023-07-17 21:15:40 - [TEST_STEP][PASSED] - orPath_AddressContact = "Object Repository/RAD_Pages/AddressAndContactInfo_Page": null

2023-07-17 21:15:40 - [TEST_STEP][PASSED] - orPath_FilingStatus = "Object Repository/RAD_Pages/FilingStatus_Page": null

2023-07-17 21:15:40 - [TEST_STEP][PASSED] - orPath_Amount = "Object Repository/RAD_Pages/PaymentAmount_Page": null

2023-07-17 21:15:40 - [TEST_STEP][PASSED] - orPath_TaxInfo = "Object Repository/RAD_Pages/TaxInfo_Page": null

2023-07-17 21:15:40 - [TEST_STEP][PASSED] - orPath_Withholding = "Object Repository/RAD_Pages/Withholding_Page": null

2023-07-17 21:15:40 - [TEST_STEP][PASSED] - orPath_Summary = "Object Repository/RAD_Pages/Summary_Page": null

2023-07-17 21:15:40 - [TEST_STEP][PASSED] - orPath_PaymentReady = "Object Repository/RAD_Pages/PaymentReady_Page": null

2023-07-17 21:15:40 - [TEST_STEP][PASSED] - orPath_PaymentEntry = "Object Repository/RAD_Pages/PaymentEntry_Page": null

2023-07-17 21:15:40 - [TEST_STEP][PASSED] - orPath_PaymentConfirmation = "Object Repository/RAD_Pages/PaymentConfirmation_Page": null

2023-07-17 21:15:40 - [TEST_STEP][PASSED] - orPath_ServiceFeesAccept = "Object Repository/RAD_Pages/ServiceFeeAccept_Page": null

2023-07-17 21:15:40 - [TEST_STEP][PASSED] - selectOptionByLabel(findTestObject(orPath_Landing + "/dd_TaxType"), Taxtype, false): All options with label 'Existing Liability' are selected in object 'Object Repository/RAD_Pages/Landing_Page/dd_TaxType' 

2023-07-17 21:15:41 - [MESSAGE][PASSED] - All options with label 'Existing Liability' are selected in object 'Object Repository/RAD_Pages/Landing_Page/dd_TaxType' 

2023-07-17 21:15:41 - [TEST_STEP][PASSED] - delay(1): Delayed 1 second(s)

2023-07-17 21:15:42 - [MESSAGE][PASSED] - Delayed 1 second(s)

2023-07-17 21:15:42 - [TEST_STEP][PASSED] - selectOptionByLabel(findTestObject(orPath_TaxTypeFilingYear + "/select_TaxType_ExistingLiability"), TaxTypeEL, false): All options with label 'Tire Fee Tax' are selected in object 'Object Repository/RAD_Pages/TaxTypeFilingYear_Page/select_TaxType_ExistingLiability' 

2023-07-17 21:15:43 - [MESSAGE][PASSED] - All options with label 'Tire Fee Tax' are selected in object 'Object Repository/RAD_Pages/TaxTypeFilingYear_Page/select_TaxType_ExistingLiability' 

2023-07-17 21:15:43 - [TEST_STEP][PASSED] - setText(findTestObject(orPath_TaxInfo + "/input_NoticeInvoiceNumber"), notInvNumber): Text '123456789' is set on object 'Object Repository/RAD_Pages/TaxInfo_Page/input_NoticeInvoiceNumber'

2023-07-17 21:15:44 - [MESSAGE][PASSED] - Text '123456789' is set on object 'Object Repository/RAD_Pages/TaxInfo_Page/input_NoticeInvoiceNumber'

2023-07-17 21:15:44 - [TEST_STEP][PASSED] - setText(findTestObject(orPath_TaxInfo + "/input_reTypeNoticeInvoiceNumber"), notInvNumber): Text '123456789' is set on object 'Object Repository/RAD_Pages/TaxInfo_Page/input_reTypeNoticeInvoiceNumber'

2023-07-17 21:15:45 - [MESSAGE][PASSED] - Text '123456789' is set on object 'Object Repository/RAD_Pages/TaxInfo_Page/input_reTypeNoticeInvoiceNumber'

2023-07-17 21:15:45 - [TEST_STEP][PASSED] - println(notInvNumber): null

2023-07-17 21:15:45 - [TEST_STEP][PASSED] - if (verifyTextPresent(errorMsg, true)): null

2023-07-17 21:15:45 - [MESSAGE][PASSED] - Text 'Notice number length has to be 13 numeric characters' is present on page  using regular expression

2023-07-17 21:15:45 - [TEST_STEP][PASSED] - println("Error Message is present on the page"): null

2023-07-17 21:15:45 - [TEST_STEP][PASSED] - out.println("Pass Record Number: " + row): null

2023-07-17 21:15:45 - [TEST_STEP][PASSED] - resText = "Pass": null

2023-07-17 21:15:45 - [TEST_STEP][PASSED] - pages.WriteExcel.demoKey(resText, datText, resColumn, datCloumn, fileLoc, nameSheet, row): pages.WriteExcel.demoKey is PASSED

2023-07-17 21:15:45 - [MESSAGE][PASSED] - pages.WriteExcel.demoKey is PASSED

2023-07-17 21:15:45 - [TEST_STEP][PASSED] - ExecuteTC = findTestData(dataFile).getValue("Execute", row): null

2023-07-17 21:15:45 - [TEST_STEP][PASSED] - Taxtype = findTestData(dataFile).getValue("TaxType", row): null

2023-07-17 21:15:45 - [TEST_STEP][PASSED] - TaxTypeEL = findTestData(dataFile).getValue("TaxTypeEL", row): null

2023-07-17 21:15:45 - [TEST_STEP][PASSED] - notInvNumber = findTestData(dataFile).getValue("NotiInvoNumber", row): null

2023-07-17 21:15:45 - [TEST_STEP][PASSED] - errorMsg = findTestData(dataFile).getValue("ErrorMessage", row): null

2023-07-17 21:15:45 - [TEST_STEP][PASSED] - out.println("Value of Execute is : " + ExecuteTC): null

2023-07-17 21:15:45 - [TEST_STEP][PASSED] - if (ExecuteTC.equalsIgnoreCase("Y")): null

2023-07-17 21:15:45 - [TEST_STEP][PASSED] - out.println("Begin Record Number: " + row): null

2023-07-17 21:15:45 - [TEST_STEP][PASSED] - today = new java.util.Date(): null

2023-07-17 21:15:45 - [TEST_STEP][PASSED] - println(today): null

2023-07-17 21:15:45 - [TEST_STEP][PASSED] - datText = today: null

2023-07-17 21:15:45 - [TEST_STEP][PASSED] - Taxtype = findTestData(dataFile).getValue("TaxType", row): null

2023-07-17 21:15:45 - [TEST_STEP][PASSED] - out.println("Taxtype value is : " + Taxtype): null

2023-07-17 21:15:45 - [TEST_STEP][PASSED] - openBrowser(""): Browser is opened with url: ''

2023-07-17 21:15:45 - [MESSAGE][WARNING] - A browser is already opened. Closing browser and opening a new one

2023-07-17 21:15:46 - [MESSAGE][INFO] - Starting 'Chrome' driver

2023-07-17 21:15:46 - [MESSAGE][INFO] - User set preference: ['acceptInsecureCerts', 'true']

2023-07-17 21:15:46 - [MESSAGE][INFO] - Action delay is set to 0 milliseconds

2023-07-17 21:15:48 - [MESSAGE][PASSED] - Browser is opened with url: ''

2023-07-17 21:15:48 - [TEST_STEP][PASSED] - maximizeWindow(): Current window maximized

2023-07-17 21:15:48 - [MESSAGE][PASSED] - Current window maximized

2023-07-17 21:15:48 - [TEST_STEP][PASSED] - navigateToUrl(RADurl): Navigate to 'https://qa.velocitypayment.com/client/rad/index.html' successfully

2023-07-17 21:15:50 - [MESSAGE][PASSED] - Navigate to 'https://qa.velocitypayment.com/client/rad/index.html' successfully

2023-07-17 21:15:50 - [TEST_STEP][PASSED] - orPath_Landing = "Object Repository/RAD_Pages/Landing_Page": null

2023-07-17 21:15:50 - [TEST_STEP][PASSED] - orPath_TaxTypeFilingYear = "Object Repository/RAD_Pages/TaxTypeFilingYear_Page": null

2023-07-17 21:15:50 - [TEST_STEP][PASSED] - orPath_TaxPayer = "Object Repository/RAD_Pages/Taxpayer_Page": null

2023-07-17 21:15:50 - [TEST_STEP][PASSED] - orPath_AddressContact = "Object Repository/RAD_Pages/AddressAndContactInfo_Page": null

2023-07-17 21:15:50 - [TEST_STEP][PASSED] - orPath_FilingStatus = "Object Repository/RAD_Pages/FilingStatus_Page": null

2023-07-17 21:15:50 - [TEST_STEP][PASSED] - orPath_Amount = "Object Repository/RAD_Pages/PaymentAmount_Page": null

2023-07-17 21:15:50 - [TEST_STEP][PASSED] - orPath_TaxInfo = "Object Repository/RAD_Pages/TaxInfo_Page": null

2023-07-17 21:15:50 - [TEST_STEP][PASSED] - orPath_Withholding = "Object Repository/RAD_Pages/Withholding_Page": null

2023-07-17 21:15:50 - [TEST_STEP][PASSED] - orPath_Summary = "Object Repository/RAD_Pages/Summary_Page": null

2023-07-17 21:15:50 - [TEST_STEP][PASSED] - orPath_PaymentReady = "Object Repository/RAD_Pages/PaymentReady_Page": null

2023-07-17 21:15:50 - [TEST_STEP][PASSED] - orPath_PaymentEntry = "Object Repository/RAD_Pages/PaymentEntry_Page": null

2023-07-17 21:15:50 - [TEST_STEP][PASSED] - orPath_PaymentConfirmation = "Object Repository/RAD_Pages/PaymentConfirmation_Page": null

2023-07-17 21:15:50 - [TEST_STEP][PASSED] - orPath_ServiceFeesAccept = "Object Repository/RAD_Pages/ServiceFeeAccept_Page": null

2023-07-17 21:15:50 - [TEST_STEP][PASSED] - selectOptionByLabel(findTestObject(orPath_Landing + "/dd_TaxType"), Taxtype, false): All options with label 'Existing Liability' are selected in object 'Object Repository/RAD_Pages/Landing_Page/dd_TaxType' 

2023-07-17 21:15:50 - [MESSAGE][PASSED] - All options with label 'Existing Liability' are selected in object 'Object Repository/RAD_Pages/Landing_Page/dd_TaxType' 

2023-07-17 21:15:50 - [TEST_STEP][PASSED] - delay(1): Delayed 1 second(s)

2023-07-17 21:15:51 - [MESSAGE][PASSED] - Delayed 1 second(s)

2023-07-17 21:15:51 - [TEST_STEP][PASSED] - selectOptionByLabel(findTestObject(orPath_TaxTypeFilingYear + "/select_TaxType_ExistingLiability"), TaxTypeEL, false): All options with label 'Withholding Tax' are selected in object 'Object Repository/RAD_Pages/TaxTypeFilingYear_Page/select_TaxType_ExistingLiability' 

2023-07-17 21:15:52 - [MESSAGE][PASSED] - All options with label 'Withholding Tax' are selected in object 'Object Repository/RAD_Pages/TaxTypeFilingYear_Page/select_TaxType_ExistingLiability' 

2023-07-17 21:15:52 - [TEST_STEP][PASSED] - setText(findTestObject(orPath_TaxInfo + "/input_NoticeInvoiceNumber"), notInvNumber): Text '123456789' is set on object 'Object Repository/RAD_Pages/TaxInfo_Page/input_NoticeInvoiceNumber'

2023-07-17 21:15:53 - [MESSAGE][PASSED] - Text '123456789' is set on object 'Object Repository/RAD_Pages/TaxInfo_Page/input_NoticeInvoiceNumber'

2023-07-17 21:15:53 - [TEST_STEP][PASSED] - setText(findTestObject(orPath_TaxInfo + "/input_reTypeNoticeInvoiceNumber"), notInvNumber): Text '123456789' is set on object 'Object Repository/RAD_Pages/TaxInfo_Page/input_reTypeNoticeInvoiceNumber'

2023-07-17 21:15:54 - [MESSAGE][PASSED] - Text '123456789' is set on object 'Object Repository/RAD_Pages/TaxInfo_Page/input_reTypeNoticeInvoiceNumber'

2023-07-17 21:15:54 - [TEST_STEP][PASSED] - println(notInvNumber): null

2023-07-17 21:15:54 - [TEST_STEP][PASSED] - if (verifyTextPresent(errorMsg, true)): null

2023-07-17 21:15:54 - [MESSAGE][PASSED] - Text 'Notice number length has to be 13 numeric characters' is present on page  using regular expression

2023-07-17 21:15:54 - [TEST_STEP][PASSED] - println("Error Message is present on the page"): null

2023-07-17 21:15:54 - [TEST_STEP][PASSED] - out.println("Pass Record Number: " + row): null

2023-07-17 21:15:54 - [TEST_STEP][PASSED] - resText = "Pass": null

2023-07-17 21:15:54 - [TEST_STEP][PASSED] - pages.WriteExcel.demoKey(resText, datText, resColumn, datCloumn, fileLoc, nameSheet, row): pages.WriteExcel.demoKey is PASSED

2023-07-17 21:15:54 - [MESSAGE][PASSED] - pages.WriteExcel.demoKey is PASSED

2023-07-17 21:15:54 - [TEST_STEP][PASSED] - ExecuteTC = findTestData(dataFile).getValue("Execute", row): null

2023-07-17 21:15:54 - [TEST_STEP][PASSED] - Taxtype = findTestData(dataFile).getValue("TaxType", row): null

2023-07-17 21:15:54 - [TEST_STEP][PASSED] - TaxTypeEL = findTestData(dataFile).getValue("TaxTypeEL", row): null

2023-07-17 21:15:54 - [TEST_STEP][PASSED] - notInvNumber = findTestData(dataFile).getValue("NotiInvoNumber", row): null

2023-07-17 21:15:54 - [TEST_STEP][PASSED] - errorMsg = findTestData(dataFile).getValue("ErrorMessage", row): null

2023-07-17 21:15:55 - [TEST_STEP][PASSED] - out.println("Value of Execute is : " + ExecuteTC): null

2023-07-17 21:15:55 - [TEST_STEP][PASSED] - if (ExecuteTC.equalsIgnoreCase("Y")): null

2023-07-17 21:15:55 - [TEST_STEP][PASSED] - out.println("Begin Record Number: " + row): null

2023-07-17 21:15:55 - [TEST_STEP][PASSED] - today = new java.util.Date(): null

2023-07-17 21:15:55 - [TEST_STEP][PASSED] - println(today): null

2023-07-17 21:15:55 - [TEST_STEP][PASSED] - datText = today: null

2023-07-17 21:15:55 - [TEST_STEP][PASSED] - Taxtype = findTestData(dataFile).getValue("TaxType", row): null

2023-07-17 21:15:55 - [TEST_STEP][PASSED] - out.println("Taxtype value is : " + Taxtype): null

2023-07-17 21:15:55 - [TEST_STEP][PASSED] - openBrowser(""): Browser is opened with url: ''

2023-07-17 21:15:55 - [MESSAGE][WARNING] - A browser is already opened. Closing browser and opening a new one

2023-07-17 21:15:56 - [MESSAGE][INFO] - Starting 'Chrome' driver

2023-07-17 21:15:56 - [MESSAGE][INFO] - User set preference: ['acceptInsecureCerts', 'true']

2023-07-17 21:15:56 - [MESSAGE][INFO] - Action delay is set to 0 milliseconds

2023-07-17 21:15:57 - [MESSAGE][PASSED] - Browser is opened with url: ''

2023-07-17 21:15:57 - [TEST_STEP][PASSED] - maximizeWindow(): Current window maximized

2023-07-17 21:15:57 - [MESSAGE][PASSED] - Current window maximized

2023-07-17 21:15:57 - [TEST_STEP][PASSED] - navigateToUrl(RADurl): Navigate to 'https://qa.velocitypayment.com/client/rad/index.html' successfully

2023-07-17 21:15:59 - [MESSAGE][PASSED] - Navigate to 'https://qa.velocitypayment.com/client/rad/index.html' successfully

2023-07-17 21:15:59 - [TEST_STEP][PASSED] - orPath_Landing = "Object Repository/RAD_Pages/Landing_Page": null

2023-07-17 21:15:59 - [TEST_STEP][PASSED] - orPath_TaxTypeFilingYear = "Object Repository/RAD_Pages/TaxTypeFilingYear_Page": null

2023-07-17 21:15:59 - [TEST_STEP][PASSED] - orPath_TaxPayer = "Object Repository/RAD_Pages/Taxpayer_Page": null

2023-07-17 21:15:59 - [TEST_STEP][PASSED] - orPath_AddressContact = "Object Repository/RAD_Pages/AddressAndContactInfo_Page": null

2023-07-17 21:15:59 - [TEST_STEP][PASSED] - orPath_FilingStatus = "Object Repository/RAD_Pages/FilingStatus_Page": null

2023-07-17 21:15:59 - [TEST_STEP][PASSED] - orPath_Amount = "Object Repository/RAD_Pages/PaymentAmount_Page": null

2023-07-17 21:15:59 - [TEST_STEP][PASSED] - orPath_TaxInfo = "Object Repository/RAD_Pages/TaxInfo_Page": null

2023-07-17 21:15:59 - [TEST_STEP][PASSED] - orPath_Withholding = "Object Repository/RAD_Pages/Withholding_Page": null

2023-07-17 21:15:59 - [TEST_STEP][PASSED] - orPath_Summary = "Object Repository/RAD_Pages/Summary_Page": null

2023-07-17 21:15:59 - [TEST_STEP][PASSED] - orPath_PaymentReady = "Object Repository/RAD_Pages/PaymentReady_Page": null

2023-07-17 21:15:59 - [TEST_STEP][PASSED] - orPath_PaymentEntry = "Object Repository/RAD_Pages/PaymentEntry_Page": null

2023-07-17 21:15:59 - [TEST_STEP][PASSED] - orPath_PaymentConfirmation = "Object Repository/RAD_Pages/PaymentConfirmation_Page": null

2023-07-17 21:15:59 - [TEST_STEP][PASSED] - orPath_ServiceFeesAccept = "Object Repository/RAD_Pages/ServiceFeeAccept_Page": null

2023-07-17 21:15:59 - [TEST_STEP][PASSED] - selectOptionByLabel(findTestObject(orPath_Landing + "/dd_TaxType"), Taxtype, false): All options with label 'Existing Liability' are selected in object 'Object Repository/RAD_Pages/Landing_Page/dd_TaxType' 

2023-07-17 21:15:59 - [MESSAGE][PASSED] - All options with label 'Existing Liability' are selected in object 'Object Repository/RAD_Pages/Landing_Page/dd_TaxType' 

2023-07-17 21:15:59 - [TEST_STEP][PASSED] - delay(1): Delayed 1 second(s)

2023-07-17 21:16:00 - [MESSAGE][PASSED] - Delayed 1 second(s)

2023-07-17 21:16:00 - [TEST_STEP][PASSED] - selectOptionByLabel(findTestObject(orPath_TaxTypeFilingYear + "/select_TaxType_ExistingLiability"), TaxTypeEL, false): All options with label 'Alcohol Tax' are selected in object 'Object Repository/RAD_Pages/TaxTypeFilingYear_Page/select_TaxType_ExistingLiability' 

2023-07-17 21:16:01 - [MESSAGE][PASSED] - All options with label 'Alcohol Tax' are selected in object 'Object Repository/RAD_Pages/TaxTypeFilingYear_Page/select_TaxType_ExistingLiability' 

2023-07-17 21:16:01 - [TEST_STEP][PASSED] - setText(findTestObject(orPath_TaxInfo + "/input_NoticeInvoiceNumber"), notInvNumber): Text '123456789' is set on object 'Object Repository/RAD_Pages/TaxInfo_Page/input_NoticeInvoiceNumber'

2023-07-17 21:16:02 - [MESSAGE][PASSED] - Text '123456789' is set on object 'Object Repository/RAD_Pages/TaxInfo_Page/input_NoticeInvoiceNumber'

2023-07-17 21:16:02 - [TEST_STEP][PASSED] - setText(findTestObject(orPath_TaxInfo + "/input_reTypeNoticeInvoiceNumber"), notInvNumber): Text '123456789' is set on object 'Object Repository/RAD_Pages/TaxInfo_Page/input_reTypeNoticeInvoiceNumber'

2023-07-17 21:16:03 - [MESSAGE][PASSED] - Text '123456789' is set on object 'Object Repository/RAD_Pages/TaxInfo_Page/input_reTypeNoticeInvoiceNumber'

2023-07-17 21:16:03 - [TEST_STEP][PASSED] - println(notInvNumber): null

2023-07-17 21:16:03 - [TEST_STEP][PASSED] - if (verifyTextPresent(errorMsg, true)): null

2023-07-17 21:16:03 - [MESSAGE][PASSED] - Text 'Invoice number length has to be 10 or 13 numeric characters' is present on page  using regular expression

2023-07-17 21:16:03 - [TEST_STEP][PASSED] - println("Error Message is present on the page"): null

2023-07-17 21:16:03 - [TEST_STEP][PASSED] - out.println("Pass Record Number: " + row): null

2023-07-17 21:16:03 - [TEST_STEP][PASSED] - resText = "Pass": null

2023-07-17 21:16:03 - [TEST_STEP][PASSED] - pages.WriteExcel.demoKey(resText, datText, resColumn, datCloumn, fileLoc, nameSheet, row): pages.WriteExcel.demoKey is PASSED

2023-07-17 21:16:03 - [MESSAGE][PASSED] - pages.WriteExcel.demoKey is PASSED

2023-07-17 21:16:03 - [TEST_STEP][PASSED] - ExecuteTC = findTestData(dataFile).getValue("Execute", row): null

2023-07-17 21:16:03 - [TEST_STEP][PASSED] - Taxtype = findTestData(dataFile).getValue("TaxType", row): null

2023-07-17 21:16:03 - [TEST_STEP][PASSED] - TaxTypeEL = findTestData(dataFile).getValue("TaxTypeEL", row): null

2023-07-17 21:16:04 - [TEST_STEP][PASSED] - notInvNumber = findTestData(dataFile).getValue("NotiInvoNumber", row): null

2023-07-17 21:16:04 - [TEST_STEP][PASSED] - errorMsg = findTestData(dataFile).getValue("ErrorMessage", row): null

2023-07-17 21:16:04 - [TEST_STEP][PASSED] - out.println("Value of Execute is : " + ExecuteTC): null

2023-07-17 21:16:04 - [TEST_STEP][PASSED] - if (ExecuteTC.equalsIgnoreCase("Y")): null

2023-07-17 21:16:04 - [TEST_STEP][PASSED] - out.println("Begin Record Number: " + row): null

2023-07-17 21:16:04 - [TEST_STEP][PASSED] - today = new java.util.Date(): null

2023-07-17 21:16:04 - [TEST_STEP][PASSED] - println(today): null

2023-07-17 21:16:04 - [TEST_STEP][PASSED] - datText = today: null

2023-07-17 21:16:04 - [TEST_STEP][PASSED] - Taxtype = findTestData(dataFile).getValue("TaxType", row): null

2023-07-17 21:16:04 - [TEST_STEP][PASSED] - out.println("Taxtype value is : " + Taxtype): null

2023-07-17 21:16:04 - [TEST_STEP][PASSED] - openBrowser(""): Browser is opened with url: ''

2023-07-17 21:16:04 - [MESSAGE][WARNING] - A browser is already opened. Closing browser and opening a new one

2023-07-17 21:16:05 - [MESSAGE][INFO] - Starting 'Chrome' driver

2023-07-17 21:16:05 - [MESSAGE][INFO] - User set preference: ['acceptInsecureCerts', 'true']

2023-07-17 21:16:05 - [MESSAGE][INFO] - Action delay is set to 0 milliseconds

2023-07-17 21:16:06 - [MESSAGE][PASSED] - Browser is opened with url: ''

2023-07-17 21:16:06 - [TEST_STEP][PASSED] - maximizeWindow(): Current window maximized

2023-07-17 21:16:06 - [MESSAGE][PASSED] - Current window maximized

2023-07-17 21:16:06 - [TEST_STEP][PASSED] - navigateToUrl(RADurl): Navigate to 'https://qa.velocitypayment.com/client/rad/index.html' successfully

2023-07-17 21:16:08 - [MESSAGE][PASSED] - Navigate to 'https://qa.velocitypayment.com/client/rad/index.html' successfully

2023-07-17 21:16:08 - [TEST_STEP][PASSED] - orPath_Landing = "Object Repository/RAD_Pages/Landing_Page": null

2023-07-17 21:16:08 - [TEST_STEP][PASSED] - orPath_TaxTypeFilingYear = "Object Repository/RAD_Pages/TaxTypeFilingYear_Page": null

2023-07-17 21:16:08 - [TEST_STEP][PASSED] - orPath_TaxPayer = "Object Repository/RAD_Pages/Taxpayer_Page": null

2023-07-17 21:16:08 - [TEST_STEP][PASSED] - orPath_AddressContact = "Object Repository/RAD_Pages/AddressAndContactInfo_Page": null

2023-07-17 21:16:08 - [TEST_STEP][PASSED] - orPath_FilingStatus = "Object Repository/RAD_Pages/FilingStatus_Page": null

2023-07-17 21:16:08 - [TEST_STEP][PASSED] - orPath_Amount = "Object Repository/RAD_Pages/PaymentAmount_Page": null

2023-07-17 21:16:08 - [TEST_STEP][PASSED] - orPath_TaxInfo = "Object Repository/RAD_Pages/TaxInfo_Page": null

2023-07-17 21:16:08 - [TEST_STEP][PASSED] - orPath_Withholding = "Object Repository/RAD_Pages/Withholding_Page": null

2023-07-17 21:16:08 - [TEST_STEP][PASSED] - orPath_Summary = "Object Repository/RAD_Pages/Summary_Page": null

2023-07-17 21:16:08 - [TEST_STEP][PASSED] - orPath_PaymentReady = "Object Repository/RAD_Pages/PaymentReady_Page": null

2023-07-17 21:16:08 - [TEST_STEP][PASSED] - orPath_PaymentEntry = "Object Repository/RAD_Pages/PaymentEntry_Page": null

2023-07-17 21:16:08 - [TEST_STEP][PASSED] - orPath_PaymentConfirmation = "Object Repository/RAD_Pages/PaymentConfirmation_Page": null

2023-07-17 21:16:08 - [TEST_STEP][PASSED] - orPath_ServiceFeesAccept = "Object Repository/RAD_Pages/ServiceFeeAccept_Page": null

2023-07-17 21:16:08 - [TEST_STEP][PASSED] - selectOptionByLabel(findTestObject(orPath_Landing + "/dd_TaxType"), Taxtype, false): All options with label 'Existing Liability' are selected in object 'Object Repository/RAD_Pages/Landing_Page/dd_TaxType' 

2023-07-17 21:16:09 - [MESSAGE][PASSED] - All options with label 'Existing Liability' are selected in object 'Object Repository/RAD_Pages/Landing_Page/dd_TaxType' 

2023-07-17 21:16:09 - [TEST_STEP][PASSED] - delay(1): Delayed 1 second(s)

2023-07-17 21:16:10 - [MESSAGE][PASSED] - Delayed 1 second(s)

2023-07-17 21:16:10 - [TEST_STEP][PASSED] - selectOptionByLabel(findTestObject(orPath_TaxTypeFilingYear + "/select_TaxType_ExistingLiability"), TaxTypeEL, false): All options with label 'Alcohol Tax' are selected in object 'Object Repository/RAD_Pages/TaxTypeFilingYear_Page/select_TaxType_ExistingLiability' 

2023-07-17 21:16:10 - [MESSAGE][PASSED] - All options with label 'Alcohol Tax' are selected in object 'Object Repository/RAD_Pages/TaxTypeFilingYear_Page/select_TaxType_ExistingLiability' 

2023-07-17 21:16:10 - [TEST_STEP][PASSED] - setText(findTestObject(orPath_TaxInfo + "/input_NoticeInvoiceNumber"), notInvNumber): Text '12345678901' is set on object 'Object Repository/RAD_Pages/TaxInfo_Page/input_NoticeInvoiceNumber'

2023-07-17 21:16:11 - [MESSAGE][PASSED] - Text '12345678901' is set on object 'Object Repository/RAD_Pages/TaxInfo_Page/input_NoticeInvoiceNumber'

2023-07-17 21:16:11 - [TEST_STEP][PASSED] - setText(findTestObject(orPath_TaxInfo + "/input_reTypeNoticeInvoiceNumber"), notInvNumber): Text '12345678901' is set on object 'Object Repository/RAD_Pages/TaxInfo_Page/input_reTypeNoticeInvoiceNumber'

2023-07-17 21:16:12 - [MESSAGE][PASSED] - Text '12345678901' is set on object 'Object Repository/RAD_Pages/TaxInfo_Page/input_reTypeNoticeInvoiceNumber'

2023-07-17 21:16:12 - [TEST_STEP][PASSED] - println(notInvNumber): null

2023-07-17 21:16:12 - [TEST_STEP][PASSED] - if (verifyTextPresent(errorMsg, true)): null

2023-07-17 21:16:13 - [MESSAGE][PASSED] - Text 'Invoice number length has to be 10 or 13 numeric characters' is present on page  using regular expression

2023-07-17 21:16:13 - [TEST_STEP][PASSED] - println("Error Message is present on the page"): null

2023-07-17 21:16:13 - [TEST_STEP][PASSED] - out.println("Pass Record Number: " + row): null

2023-07-17 21:16:13 - [TEST_STEP][PASSED] - resText = "Pass": null

2023-07-17 21:16:13 - [TEST_STEP][PASSED] - pages.WriteExcel.demoKey(resText, datText, resColumn, datCloumn, fileLoc, nameSheet, row): pages.WriteExcel.demoKey is PASSED

2023-07-17 21:16:13 - [MESSAGE][PASSED] - pages.WriteExcel.demoKey is PASSED

2023-07-17 21:16:13 - [TEST_STEP][PASSED] - ExecuteTC = findTestData(dataFile).getValue("Execute", row): null

2023-07-17 21:16:13 - [TEST_STEP][PASSED] - Taxtype = findTestData(dataFile).getValue("TaxType", row): null

2023-07-17 21:16:13 - [TEST_STEP][PASSED] - TaxTypeEL = findTestData(dataFile).getValue("TaxTypeEL", row): null

2023-07-17 21:16:13 - [TEST_STEP][PASSED] - notInvNumber = findTestData(dataFile).getValue("NotiInvoNumber", row): null

2023-07-17 21:16:13 - [TEST_STEP][PASSED] - errorMsg = findTestData(dataFile).getValue("ErrorMessage", row): null

2023-07-17 21:16:13 - [TEST_STEP][PASSED] - out.println("Value of Execute is : " + ExecuteTC): null

2023-07-17 21:16:13 - [TEST_STEP][PASSED] - if (ExecuteTC.equalsIgnoreCase("Y")): null

2023-07-17 21:16:13 - [TEST_STEP][PASSED] - out.println("Begin Record Number: " + row): null

2023-07-17 21:16:13 - [TEST_STEP][PASSED] - today = new java.util.Date(): null

2023-07-17 21:16:13 - [TEST_STEP][PASSED] - println(today): null

2023-07-17 21:16:13 - [TEST_STEP][PASSED] - datText = today: null

2023-07-17 21:16:13 - [TEST_STEP][PASSED] - Taxtype = findTestData(dataFile).getValue("TaxType", row): null

2023-07-17 21:16:13 - [TEST_STEP][PASSED] - out.println("Taxtype value is : " + Taxtype): null

2023-07-17 21:16:13 - [TEST_STEP][PASSED] - openBrowser(""): Browser is opened with url: ''

2023-07-17 21:16:13 - [MESSAGE][WARNING] - A browser is already opened. Closing browser and opening a new one

2023-07-17 21:16:14 - [MESSAGE][INFO] - Starting 'Chrome' driver

2023-07-17 21:16:14 - [MESSAGE][INFO] - User set preference: ['acceptInsecureCerts', 'true']

2023-07-17 21:16:14 - [MESSAGE][INFO] - Action delay is set to 0 milliseconds

2023-07-17 21:16:15 - [MESSAGE][PASSED] - Browser is opened with url: ''

2023-07-17 21:16:15 - [TEST_STEP][PASSED] - maximizeWindow(): Current window maximized

2023-07-17 21:16:15 - [MESSAGE][PASSED] - Current window maximized

2023-07-17 21:16:15 - [TEST_STEP][PASSED] - navigateToUrl(RADurl): Navigate to 'https://qa.velocitypayment.com/client/rad/index.html' successfully

2023-07-17 21:16:17 - [MESSAGE][PASSED] - Navigate to 'https://qa.velocitypayment.com/client/rad/index.html' successfully

2023-07-17 21:16:17 - [TEST_STEP][PASSED] - orPath_Landing = "Object Repository/RAD_Pages/Landing_Page": null

2023-07-17 21:16:17 - [TEST_STEP][PASSED] - orPath_TaxTypeFilingYear = "Object Repository/RAD_Pages/TaxTypeFilingYear_Page": null

2023-07-17 21:16:17 - [TEST_STEP][PASSED] - orPath_TaxPayer = "Object Repository/RAD_Pages/Taxpayer_Page": null

2023-07-17 21:16:17 - [TEST_STEP][PASSED] - orPath_AddressContact = "Object Repository/RAD_Pages/AddressAndContactInfo_Page": null

2023-07-17 21:16:17 - [TEST_STEP][PASSED] - orPath_FilingStatus = "Object Repository/RAD_Pages/FilingStatus_Page": null

2023-07-17 21:16:17 - [TEST_STEP][PASSED] - orPath_Amount = "Object Repository/RAD_Pages/PaymentAmount_Page": null

2023-07-17 21:16:17 - [TEST_STEP][PASSED] - orPath_TaxInfo = "Object Repository/RAD_Pages/TaxInfo_Page": null

2023-07-17 21:16:17 - [TEST_STEP][PASSED] - orPath_Withholding = "Object Repository/RAD_Pages/Withholding_Page": null

2023-07-17 21:16:17 - [TEST_STEP][PASSED] - orPath_Summary = "Object Repository/RAD_Pages/Summary_Page": null

2023-07-17 21:16:17 - [TEST_STEP][PASSED] - orPath_PaymentReady = "Object Repository/RAD_Pages/PaymentReady_Page": null

2023-07-17 21:16:17 - [TEST_STEP][PASSED] - orPath_PaymentEntry = "Object Repository/RAD_Pages/PaymentEntry_Page": null

2023-07-17 21:16:17 - [TEST_STEP][PASSED] - orPath_PaymentConfirmation = "Object Repository/RAD_Pages/PaymentConfirmation_Page": null

2023-07-17 21:16:17 - [TEST_STEP][PASSED] - orPath_ServiceFeesAccept = "Object Repository/RAD_Pages/ServiceFeeAccept_Page": null

2023-07-17 21:16:17 - [TEST_STEP][PASSED] - selectOptionByLabel(findTestObject(orPath_Landing + "/dd_TaxType"), Taxtype, false): All options with label 'Existing Liability' are selected in object 'Object Repository/RAD_Pages/Landing_Page/dd_TaxType' 

2023-07-17 21:16:17 - [MESSAGE][PASSED] - All options with label 'Existing Liability' are selected in object 'Object Repository/RAD_Pages/Landing_Page/dd_TaxType' 

2023-07-17 21:16:17 - [TEST_STEP][PASSED] - delay(1): Delayed 1 second(s)

2023-07-17 21:16:18 - [MESSAGE][PASSED] - Delayed 1 second(s)

2023-07-17 21:16:18 - [TEST_STEP][PASSED] - selectOptionByLabel(findTestObject(orPath_TaxTypeFilingYear + "/select_TaxType_ExistingLiability"), TaxTypeEL, false): All options with label 'Alcohol Tax' are selected in object 'Object Repository/RAD_Pages/TaxTypeFilingYear_Page/select_TaxType_ExistingLiability' 

2023-07-17 21:16:19 - [MESSAGE][PASSED] - All options with label 'Alcohol Tax' are selected in object 'Object Repository/RAD_Pages/TaxTypeFilingYear_Page/select_TaxType_ExistingLiability' 

2023-07-17 21:16:19 - [TEST_STEP][PASSED] - setText(findTestObject(orPath_TaxInfo + "/input_NoticeInvoiceNumber"), notInvNumber): Text '123456789012' is set on object 'Object Repository/RAD_Pages/TaxInfo_Page/input_NoticeInvoiceNumber'

2023-07-17 21:16:20 - [MESSAGE][PASSED] - Text '123456789012' is set on object 'Object Repository/RAD_Pages/TaxInfo_Page/input_NoticeInvoiceNumber'

2023-07-17 21:16:20 - [TEST_STEP][PASSED] - setText(findTestObject(orPath_TaxInfo + "/input_reTypeNoticeInvoiceNumber"), notInvNumber): Text '123456789012' is set on object 'Object Repository/RAD_Pages/TaxInfo_Page/input_reTypeNoticeInvoiceNumber'

2023-07-17 21:16:21 - [MESSAGE][PASSED] - Text '123456789012' is set on object 'Object Repository/RAD_Pages/TaxInfo_Page/input_reTypeNoticeInvoiceNumber'

2023-07-17 21:16:21 - [TEST_STEP][PASSED] - println(notInvNumber): null

2023-07-17 21:16:21 - [TEST_STEP][PASSED] - if (verifyTextPresent(errorMsg, true)): null

2023-07-17 21:16:21 - [MESSAGE][PASSED] - Text 'Invoice number length has to be 10 or 13 numeric characters' is present on page  using regular expression

2023-07-17 21:16:21 - [TEST_STEP][PASSED] - println("Error Message is present on the page"): null

2023-07-17 21:16:21 - [TEST_STEP][PASSED] - out.println("Pass Record Number: " + row): null

2023-07-17 21:16:21 - [TEST_STEP][PASSED] - resText = "Pass": null

2023-07-17 21:16:21 - [TEST_STEP][PASSED] - pages.WriteExcel.demoKey(resText, datText, resColumn, datCloumn, fileLoc, nameSheet, row): pages.WriteExcel.demoKey is PASSED

2023-07-17 21:16:22 - [MESSAGE][PASSED] - pages.WriteExcel.demoKey is PASSED]]></system-out>
         <system-err><![CDATA[]]></system-err>
      </testcase>
      <testcase name="Test Cases/RAD_TestCases/PaymentsHardCoded/Payments_HC_TC" time="659.899" classname="Test Cases/RAD_TestCases/PaymentsHardCoded/Payments_HC_TC" status="PASSED">
         <system-out><![CDATA[2023-07-17 21:16:22 - [TEST_CASE][PASSED] - Test Cases/RAD_TestCases/PaymentsHardCoded/Payments_HC_TC: Test Cases/RAD_TestCases/PaymentsHardCoded/Payments_HC_TC

2023-07-17 21:16:22 - [TEST_STEP][PASSED] - resText = "Fail": null

2023-07-17 21:16:22 - [TEST_STEP][PASSED] - resColumn = "Result": null

2023-07-17 21:16:22 - [TEST_STEP][PASSED] - datCloumn = "Date": null

2023-07-17 21:16:22 - [TEST_STEP][PASSED] - fileLoc = "KatalonData/RADTestData/PaymentsHardCoded.xlsx": null

2023-07-17 21:16:22 - [TEST_STEP][PASSED] - nameSheet = "Sheet1": null

2023-07-17 21:16:22 - [TEST_STEP][PASSED] - dataFile = "RADTestData/PaymentsHardCoded": null

2023-07-17 21:16:22 - [TEST_STEP][PASSED] - ExecuteTC = <not implemented yet for class: org.codehaus.groovy.ast.expr.EmptyExpression>: null

2023-07-17 21:16:22 - [TEST_STEP][PASSED] - Taxtype = <not implemented yet for class: org.codehaus.groovy.ast.expr.EmptyExpression>: null

2023-07-17 21:16:22 - [TEST_STEP][PASSED] - PaymentType = <not implemented yet for class: org.codehaus.groovy.ast.expr.EmptyExpression>: null

2023-07-17 21:16:22 - [TEST_STEP][PASSED] - FilingYear = <not implemented yet for class: org.codehaus.groovy.ast.expr.EmptyExpression>: null

2023-07-17 21:16:22 - [TEST_STEP][PASSED] - PeriodEnding = <not implemented yet for class: org.codehaus.groovy.ast.expr.EmptyExpression>: null

2023-07-17 21:16:22 - [TEST_STEP][PASSED] - FName = <not implemented yet for class: org.codehaus.groovy.ast.expr.EmptyExpression>: null

2023-07-17 21:16:22 - [TEST_STEP][PASSED] - LName = <not implemented yet for class: org.codehaus.groovy.ast.expr.EmptyExpression>: null

2023-07-17 21:16:22 - [TEST_STEP][PASSED] - SSN = <not implemented yet for class: org.codehaus.groovy.ast.expr.EmptyExpression>: null

2023-07-17 21:16:22 - [TEST_STEP][PASSED] - AL1 = <not implemented yet for class: org.codehaus.groovy.ast.expr.EmptyExpression>: null

2023-07-17 21:16:22 - [TEST_STEP][PASSED] - City = <not implemented yet for class: org.codehaus.groovy.ast.expr.EmptyExpression>: null

2023-07-17 21:16:22 - [TEST_STEP][PASSED] - ZIP = <not implemented yet for class: org.codehaus.groovy.ast.expr.EmptyExpression>: null

2023-07-17 21:16:22 - [TEST_STEP][PASSED] - FilingType = <not implemented yet for class: org.codehaus.groovy.ast.expr.EmptyExpression>: null

2023-07-17 21:16:22 - [TEST_STEP][PASSED] - Withholding = <not implemented yet for class: org.codehaus.groovy.ast.expr.EmptyExpression>: null

2023-07-17 21:16:22 - [TEST_STEP][PASSED] - Amount = <not implemented yet for class: org.codehaus.groovy.ast.expr.EmptyExpression>: null

2023-07-17 21:16:22 - [TEST_STEP][PASSED] - CCNumber = <not implemented yet for class: org.codehaus.groovy.ast.expr.EmptyExpression>: null

2023-07-17 21:16:22 - [TEST_STEP][PASSED] - CVV = <not implemented yet for class: org.codehaus.groovy.ast.expr.EmptyExpression>: null

2023-07-17 21:16:22 - [TEST_STEP][PASSED] - numOfRows = findTestData(dataFile).getRowNumbers(): null

2023-07-17 21:16:22 - [TEST_STEP][PASSED] - println("Number of Records: " + numOfRows): null

2023-07-17 21:16:22 - [TEST_STEP][PASSED] - for ([row = 1, row <= numOfRows, (row++)]): null

2023-07-17 21:16:22 - [TEST_STEP][PASSED] - ExecuteTC = findTestData(dataFile).getValue("Execute", row): null

2023-07-17 21:16:22 - [TEST_STEP][PASSED] - PaymentType = findTestData(dataFile).getValue("PaymentType", row): null

2023-07-17 21:16:22 - [TEST_STEP][PASSED] - FilingYear = findTestData(dataFile).getValue("FilingYear", row): null

2023-07-17 21:16:22 - [TEST_STEP][PASSED] - PeriodEnding = findTestData(dataFile).getValue("PeriodEnding", row): null

2023-07-17 21:16:22 - [TEST_STEP][PASSED] - FName = findTestData(dataFile).getValue("Fname", row): null

2023-07-17 21:16:22 - [TEST_STEP][PASSED] - LName = findTestData(dataFile).getValue("Lname", row): null

2023-07-17 21:16:22 - [TEST_STEP][PASSED] - SSN = findTestData(dataFile).getValue("SSN", row): null

2023-07-17 21:16:22 - [TEST_STEP][PASSED] - BusName = findTestData(dataFile).getValue("BusName", row): null

2023-07-17 21:16:23 - [TEST_STEP][PASSED] - AL1 = findTestData(dataFile).getValue("AL1", row): null

2023-07-17 21:16:23 - [TEST_STEP][PASSED] - City = findTestData(dataFile).getValue("City", row): null

2023-07-17 21:16:23 - [TEST_STEP][PASSED] - ZIP = findTestData(dataFile).getValue("ZIP", row): null

2023-07-17 21:16:23 - [TEST_STEP][PASSED] - FilingType = findTestData(dataFile).getValue("FilingType", row): null

2023-07-17 21:16:23 - [TEST_STEP][PASSED] - Withholding = findTestData(dataFile).getValue("Withholding", row): null

2023-07-17 21:16:23 - [TEST_STEP][PASSED] - Amount = findTestData(dataFile).getValue("Amount", row): null

2023-07-17 21:16:23 - [TEST_STEP][PASSED] - CCNumber = findTestData(dataFile).getValue("CCNumber", row): null

2023-07-17 21:16:23 - [TEST_STEP][PASSED] - CVV = findTestData(dataFile).getValue("CVV", row): null

2023-07-17 21:16:23 - [TEST_STEP][PASSED] - out.println("Value of Execute is : " + ExecuteTC): null

2023-07-17 21:16:23 - [TEST_STEP][PASSED] - if (ExecuteTC.equalsIgnoreCase("Y")): null

2023-07-17 21:16:23 - [TEST_STEP][PASSED] - out.println("Begin Record Number: " + row): null

2023-07-17 21:16:23 - [TEST_STEP][PASSED] - today = new java.util.Date(): null

2023-07-17 21:16:23 - [TEST_STEP][PASSED] - println(today): null

2023-07-17 21:16:23 - [TEST_STEP][PASSED] - datText = today: null

2023-07-17 21:16:23 - [TEST_STEP][PASSED] - Taxtype = findTestData(dataFile).getValue("TaxType", row): null

2023-07-17 21:16:23 - [TEST_STEP][PASSED] - out.println("Taxtype value is : " + Taxtype): null

2023-07-17 21:16:23 - [TEST_STEP][PASSED] - openBrowser(""): Browser is opened with url: ''

2023-07-17 21:16:23 - [MESSAGE][WARNING] - A browser is already opened. Closing browser and opening a new one

2023-07-17 21:16:24 - [MESSAGE][INFO] - Starting 'Chrome' driver

2023-07-17 21:16:24 - [MESSAGE][INFO] - User set preference: ['acceptInsecureCerts', 'true']

2023-07-17 21:16:24 - [MESSAGE][INFO] - Action delay is set to 0 milliseconds

2023-07-17 21:16:25 - [MESSAGE][PASSED] - Browser is opened with url: ''

2023-07-17 21:16:25 - [TEST_STEP][PASSED] - maximizeWindow(): Current window maximized

2023-07-17 21:16:25 - [MESSAGE][PASSED] - Current window maximized

2023-07-17 21:16:25 - [TEST_STEP][PASSED] - navigateToUrl(RADurl): Navigate to 'https://qa.velocitypayment.com/client/rad/index.html' successfully

2023-07-17 21:16:27 - [MESSAGE][PASSED] - Navigate to 'https://qa.velocitypayment.com/client/rad/index.html' successfully

2023-07-17 21:16:27 - [TEST_STEP][PASSED] - orPath_Landing = "Object Repository/RAD_Pages/Landing_Page": null

2023-07-17 21:16:27 - [TEST_STEP][PASSED] - orPath_TaxTypeFilingYear = "Object Repository/RAD_Pages/TaxTypeFilingYear_Page": null

2023-07-17 21:16:27 - [TEST_STEP][PASSED] - orPath_TaxPayer = "Object Repository/RAD_Pages/Taxpayer_Page": null

2023-07-17 21:16:27 - [TEST_STEP][PASSED] - orPath_AddressContact = "Object Repository/RAD_Pages/AddressAndContactInfo_Page": null

2023-07-17 21:16:27 - [TEST_STEP][PASSED] - orPath_FilingStatus = "Object Repository/RAD_Pages/FilingStatus_Page": null

2023-07-17 21:16:27 - [TEST_STEP][PASSED] - orPath_Amount = "Object Repository/RAD_Pages/PaymentAmount_Page": null

2023-07-17 21:16:27 - [TEST_STEP][PASSED] - orPath_TaxInfo = "Object Repository/RAD_Pages/TaxInfo_Page": null

2023-07-17 21:16:27 - [TEST_STEP][PASSED] - orPath_Withholding = "Object Repository/RAD_Pages/Withholding_Page": null

2023-07-17 21:16:27 - [TEST_STEP][PASSED] - orPath_Summary = "Object Repository/RAD_Pages/Summary_Page": null

2023-07-17 21:16:27 - [TEST_STEP][PASSED] - orPath_PaymentReady = "Object Repository/RAD_Pages/PaymentReady_Page": null

2023-07-17 21:16:27 - [TEST_STEP][PASSED] - orPath_PaymentEntry = "Object Repository/RAD_Pages/PaymentEntry_Page": null

2023-07-17 21:16:27 - [TEST_STEP][PASSED] - orPath_PaymentConfirmation = "Object Repository/RAD_Pages/PaymentConfirmation_Page": null

2023-07-17 21:16:27 - [TEST_STEP][PASSED] - orPath_ServiceFeesAccept = "Object Repository/RAD_Pages/ServiceFeeAccept_Page": null

2023-07-17 21:16:27 - [TEST_STEP][PASSED] - selectOptionByLabel(findTestObject(orPath_Landing + "/dd_TaxType"), Taxtype, false): All options with label 'Estimated Tax' are selected in object 'Object Repository/RAD_Pages/Landing_Page/dd_TaxType' 

2023-07-17 21:16:28 - [MESSAGE][PASSED] - All options with label 'Estimated Tax' are selected in object 'Object Repository/RAD_Pages/Landing_Page/dd_TaxType' 

2023-07-17 21:16:28 - [TEST_STEP][PASSED] - delay(3): Delayed 3 second(s)

2023-07-17 21:16:31 - [MESSAGE][PASSED] - Delayed 3 second(s)

2023-07-17 21:16:31 - [TEST_STEP][PASSED] - switch (Taxtype): null

2023-07-17 21:16:31 - [TEST_STEP][PASSED] - case "Estimated Tax":: null

2023-07-17 21:16:31 - [TEST_STEP][PASSED] - selectOptionByLabel(findTestObject(orPath_TaxTypeFilingYear + "/select_PaymentType"), PaymentType, false): All options with label 'Personal' are selected in object 'Object Repository/RAD_Pages/TaxTypeFilingYear_Page/select_PaymentType' 

2023-07-17 21:16:31 - [MESSAGE][PASSED] - All options with label 'Personal' are selected in object 'Object Repository/RAD_Pages/TaxTypeFilingYear_Page/select_PaymentType' 

2023-07-17 21:16:31 - [TEST_STEP][PASSED] - selectOptionByLabel(findTestObject(orPath_TaxTypeFilingYear + "/select_FilingYear"), FilingYear, false): All options with label '2023' are selected in object 'Object Repository/RAD_Pages/TaxTypeFilingYear_Page/select_FilingYear' 

2023-07-17 21:16:32 - [MESSAGE][PASSED] - All options with label '2023' are selected in object 'Object Repository/RAD_Pages/TaxTypeFilingYear_Page/select_FilingYear' 

2023-07-17 21:16:32 - [TEST_STEP][PASSED] - if (PaymentType.equalsIgnoreCase("Personal")): Object 'Object Repository/RAD_Pages/FilingStatus_Page/input_userType_Individual' is checked

2023-07-17 21:16:32 - [TEST_STEP][PASSED] - if (FilingType.equalsIgnoreCase("Y")): Object 'Object Repository/RAD_Pages/FilingStatus_Page/input_userType_Individual' is checked

2023-07-17 21:16:32 - [TEST_STEP][PASSED] - setText(findTestObject(orPath_TaxPayer + "/input_firstName"), FName): Text 'Jimmie' is set on object 'Object Repository/RAD_Pages/Taxpayer_Page/input_firstName'

2023-07-17 21:16:33 - [MESSAGE][PASSED] - Text 'Jimmie' is set on object 'Object Repository/RAD_Pages/Taxpayer_Page/input_firstName'

2023-07-17 21:16:33 - [TEST_STEP][PASSED] - setText(findTestObject(orPath_TaxPayer + "/input_lastName"), LName): Text 'Anderson' is set on object 'Object Repository/RAD_Pages/Taxpayer_Page/input_lastName'

2023-07-17 21:16:33 - [MESSAGE][PASSED] - Text 'Anderson' is set on object 'Object Repository/RAD_Pages/Taxpayer_Page/input_lastName'

2023-07-17 21:16:33 - [TEST_STEP][PASSED] - setText(findTestObject("RAD_RecordAndPlay/input_concatSSN"), SSN): Text '123451234' is set on object 'Object Repository/RAD_RecordAndPlay/input_concatSSN'

2023-07-17 21:16:34 - [MESSAGE][PASSED] - Text '123451234' is set on object 'Object Repository/RAD_RecordAndPlay/input_concatSSN'

2023-07-17 21:16:34 - [TEST_STEP][PASSED] - setText(findTestObject("RAD_RecordAndPlay/input_concatReSSN"), SSN): Text '123451234' is set on object 'Object Repository/RAD_RecordAndPlay/input_concatReSSN'

2023-07-17 21:16:34 - [MESSAGE][PASSED] - Text '123451234' is set on object 'Object Repository/RAD_RecordAndPlay/input_concatReSSN'

2023-07-17 21:16:35 - [TEST_STEP][PASSED] - check(findTestObject(orPath_FilingStatus + "/input_userType_Individual")): Object 'Object Repository/RAD_Pages/FilingStatus_Page/input_userType_Individual' is checked

2023-07-17 21:16:35 - [MESSAGE][PASSED] - Object 'Object Repository/RAD_Pages/FilingStatus_Page/input_userType_Individual' is checked

2023-07-17 21:16:35 - [TEST_STEP][PASSED] - break: null

2023-07-17 21:16:35 - [TEST_STEP][PASSED] - if (PaymentType.equalsIgnoreCase("Personal")): Text 'Anderson' is set on object 'Object Repository/RAD_Pages/Taxpayer_Page/input_lastName'

2023-07-17 21:16:35 - [TEST_STEP][PASSED] - setText(findTestObject(orPath_TaxPayer + "/input_firstName"), FName): Text 'Jimmie' is set on object 'Object Repository/RAD_Pages/Taxpayer_Page/input_firstName'

2023-07-17 21:16:36 - [MESSAGE][PASSED] - Text 'Jimmie' is set on object 'Object Repository/RAD_Pages/Taxpayer_Page/input_firstName'

2023-07-17 21:16:36 - [TEST_STEP][PASSED] - setText(findTestObject(orPath_TaxPayer + "/input_lastName"), LName): Text 'Anderson' is set on object 'Object Repository/RAD_Pages/Taxpayer_Page/input_lastName'

2023-07-17 21:16:37 - [MESSAGE][PASSED] - Text 'Anderson' is set on object 'Object Repository/RAD_Pages/Taxpayer_Page/input_lastName'

2023-07-17 21:16:37 - [TEST_STEP][PASSED] - selectOptionByLabel(findTestObject(orPath_AddressContact + "/select_Country"), "United States", false): All options with label 'United States' are selected in object 'Object Repository/RAD_Pages/AddressAndContactInfo_Page/select_Country' 

2023-07-17 21:16:37 - [MESSAGE][PASSED] - All options with label 'United States' are selected in object 'Object Repository/RAD_Pages/AddressAndContactInfo_Page/select_Country' 

2023-07-17 21:16:37 - [TEST_STEP][PASSED] - setText(findTestObject(orPath_AddressContact + "/input_streetAddress1"), AL1): Text '15 Main Street' is set on object 'Object Repository/RAD_Pages/AddressAndContactInfo_Page/input_streetAddress1'

2023-07-17 21:16:38 - [MESSAGE][PASSED] - Text '15 Main Street' is set on object 'Object Repository/RAD_Pages/AddressAndContactInfo_Page/input_streetAddress1'

2023-07-17 21:16:38 - [TEST_STEP][PASSED] - setText(findTestObject(orPath_AddressContact + "/input_streetAddress2"), ""): Text '' is set on object 'Object Repository/RAD_Pages/AddressAndContactInfo_Page/input_streetAddress2'

2023-07-17 21:16:39 - [MESSAGE][PASSED] - Text '' is set on object 'Object Repository/RAD_Pages/AddressAndContactInfo_Page/input_streetAddress2'

2023-07-17 21:16:39 - [TEST_STEP][PASSED] - setText(findTestObject(orPath_AddressContact + "/input_city"), City): Text 'Gambrills' is set on object 'Object Repository/RAD_Pages/AddressAndContactInfo_Page/input_city'

2023-07-17 21:16:39 - [MESSAGE][PASSED] - Text 'Gambrills' is set on object 'Object Repository/RAD_Pages/AddressAndContactInfo_Page/input_city'

2023-07-17 21:16:39 - [TEST_STEP][PASSED] - selectOptionByLabel(findTestObject(orPath_AddressContact + "/select_State"), "Maryland", false): All options with label 'Maryland' are selected in object 'Object Repository/RAD_Pages/AddressAndContactInfo_Page/select_State' 

2023-07-17 21:16:40 - [MESSAGE][PASSED] - All options with label 'Maryland' are selected in object 'Object Repository/RAD_Pages/AddressAndContactInfo_Page/select_State' 

2023-07-17 21:16:40 - [TEST_STEP][PASSED] - setText(findTestObject(orPath_AddressContact + "/input_zipCode"), ZIP): Text '21054' is set on object 'Object Repository/RAD_Pages/AddressAndContactInfo_Page/input_zipCode'

2023-07-17 21:16:41 - [MESSAGE][PASSED] - Text '21054' is set on object 'Object Repository/RAD_Pages/AddressAndContactInfo_Page/input_zipCode'

2023-07-17 21:16:41 - [TEST_STEP][PASSED] - setText(findTestObject(orPath_AddressContact + "/input_phoneNumber"), "(703) 894-5000"): Text '(703) 894-5000' is set on object 'Object Repository/RAD_Pages/AddressAndContactInfo_Page/input_phoneNumber'

2023-07-17 21:16:41 - [MESSAGE][PASSED] - Text '(703) 894-5000' is set on object 'Object Repository/RAD_Pages/AddressAndContactInfo_Page/input_phoneNumber'

2023-07-17 21:16:41 - [TEST_STEP][PASSED] - setText(findTestObject(orPath_AddressContact + "/input_eMailAddress"), "iahmed@govolution.com"): Text 'iahmed@govolution.com' is set on object 'Object Repository/RAD_Pages/AddressAndContactInfo_Page/input_eMailAddress'

2023-07-17 21:16:42 - [MESSAGE][PASSED] - Text 'iahmed@govolution.com' is set on object 'Object Repository/RAD_Pages/AddressAndContactInfo_Page/input_eMailAddress'

2023-07-17 21:16:42 - [TEST_STEP][PASSED] - setText(findTestObject(orPath_AddressContact + "/input_reEnterEMailAddress"), "iahmed@govolution.com"): Text 'iahmed@govolution.com' is set on object 'Object Repository/RAD_Pages/AddressAndContactInfo_Page/input_reEnterEMailAddress'

2023-07-17 21:16:43 - [MESSAGE][PASSED] - Text 'iahmed@govolution.com' is set on object 'Object Repository/RAD_Pages/AddressAndContactInfo_Page/input_reEnterEMailAddress'

2023-07-17 21:16:43 - [TEST_STEP][PASSED] - setText(findTestObject(orPath_Amount + "/input__paymentAmount"), Amount): Text '100.00' is set on object 'Object Repository/RAD_Pages/PaymentAmount_Page/input__paymentAmount'

2023-07-17 21:16:44 - [MESSAGE][PASSED] - Text '100.00' is set on object 'Object Repository/RAD_Pages/PaymentAmount_Page/input__paymentAmount'

2023-07-17 21:16:44 - [TEST_STEP][PASSED] - scrollToElement(findTestObject(orPath_Landing + "/button_Continue"), 3): Scroll to object 'Object Repository/RAD_Pages/Landing_Page/button_Continue' successfully

2023-07-17 21:16:44 - [MESSAGE][PASSED] - Scroll to object 'Object Repository/RAD_Pages/Landing_Page/button_Continue' successfully

2023-07-17 21:16:44 - [TEST_STEP][PASSED] - waitForElementClickable(findTestObject(orPath_Landing + "/button_Continue"), 5): Object 'Object Repository/RAD_Pages/Landing_Page/button_Continue' is clickable

2023-07-17 21:16:45 - [MESSAGE][PASSED] - Object 'Object Repository/RAD_Pages/Landing_Page/button_Continue' is clickable

2023-07-17 21:16:45 - [TEST_STEP][PASSED] - click(findTestObject(orPath_Landing + "/button_Continue")): Object: 'Object Repository/RAD_Pages/Landing_Page/button_Continue' is clicked on

2023-07-17 21:16:45 - [MESSAGE][PASSED] - Object: 'Object Repository/RAD_Pages/Landing_Page/button_Continue' is clicked on

2023-07-17 21:16:45 - [TEST_STEP][PASSED] - verifyTextPresent("Review the information below and make any necessary corrections by clicking the", true): Text 'Review the information below and make any necessary corrections by clicking the' is present on page  using regular expression

2023-07-17 21:16:46 - [MESSAGE][PASSED] - Text 'Review the information below and make any necessary corrections by clicking the' is present on page  using regular expression

2023-07-17 21:16:46 - [TEST_STEP][PASSED] - verifyTextPresent("When you are confident that all the information is correct", true): Text 'When you are confident that all the information is correct' is present on page  using regular expression

2023-07-17 21:16:46 - [MESSAGE][PASSED] - Text 'When you are confident that all the information is correct' is present on page  using regular expression

2023-07-17 21:16:46 - [TEST_STEP][PASSED] - delay(1): Delayed 1 second(s)

2023-07-17 21:16:47 - [MESSAGE][PASSED] - Delayed 1 second(s)

2023-07-17 21:16:47 - [TEST_STEP][PASSED] - click(findTestObject(orPath_Summary + "/button_Proceed to Payment")): Object: 'Object Repository/RAD_Pages/Summary_Page/button_Proceed to Payment' is clicked on

2023-07-17 21:16:49 - [MESSAGE][PASSED] - Object: 'Object Repository/RAD_Pages/Summary_Page/button_Proceed to Payment' is clicked on

2023-07-17 21:16:49 - [TEST_STEP][PASSED] - if (PaymentType.equalsIgnoreCase("Corporate")): null

2023-07-17 21:16:49 - [TEST_STEP][PASSED] - setText(findTestObject(orPath_PaymentEntry + "/input__cardNumber"), CCNumber): Text '4012000098765439' is set on object 'Object Repository/RAD_Pages/PaymentEntry_Page/input__cardNumber'

2023-07-17 21:16:49 - [MESSAGE][PASSED] - Text '4012000098765439' is set on object 'Object Repository/RAD_Pages/PaymentEntry_Page/input__cardNumber'

2023-07-17 21:16:49 - [TEST_STEP][PASSED] - setText(findTestObject(orPath_PaymentEntry + "/input__spc"), CVV): Text '123' is set on object 'Object Repository/RAD_Pages/PaymentEntry_Page/input__spc'

2023-07-17 21:16:50 - [MESSAGE][PASSED] - Text '123' is set on object 'Object Repository/RAD_Pages/PaymentEntry_Page/input__spc'

2023-07-17 21:16:50 - [TEST_STEP][PASSED] - selectOptionByLabel(findTestObject(orPath_PaymentEntry + "/select_MM"), "12", false): All options with label '12' are selected in object 'Object Repository/RAD_Pages/PaymentEntry_Page/select_MM' 

2023-07-17 21:16:51 - [MESSAGE][PASSED] - All options with label '12' are selected in object 'Object Repository/RAD_Pages/PaymentEntry_Page/select_MM' 

2023-07-17 21:16:51 - [TEST_STEP][PASSED] - selectOptionByLabel(findTestObject(orPath_PaymentEntry + "/select_YYYY"), "2023", false): All options with label '2023' are selected in object 'Object Repository/RAD_Pages/PaymentEntry_Page/select_YYYY' 

2023-07-17 21:16:51 - [MESSAGE][PASSED] - All options with label '2023' are selected in object 'Object Repository/RAD_Pages/PaymentEntry_Page/select_YYYY' 

2023-07-17 21:16:51 - [TEST_STEP][PASSED] - click(findTestObject(orPath_PaymentEntry + "/input_Field_ccSubmit")): Object: 'Object Repository/RAD_Pages/PaymentEntry_Page/input_Field_ccSubmit' is clicked on

2023-07-17 21:16:53 - [MESSAGE][PASSED] - Object: 'Object Repository/RAD_Pages/PaymentEntry_Page/input_Field_ccSubmit' is clicked on

2023-07-17 21:16:53 - [TEST_STEP][PASSED] - click(findTestObject(orPath_PaymentConfirmation + "/input_N_confirmNotifyAction")): Object: 'Object Repository/RAD_Pages/PaymentConfirmation_Page/input_N_confirmNotifyAction' is clicked on

2023-07-17 21:16:54 - [MESSAGE][PASSED] - Object: 'Object Repository/RAD_Pages/PaymentConfirmation_Page/input_N_confirmNotifyAction' is clicked on

2023-07-17 21:16:54 - [TEST_STEP][PASSED] - click(findTestObject(orPath_ServiceFeesAccept + "/input_convFeeNotifyAction")): Object: 'Object Repository/RAD_Pages/ServiceFeeAccept_Page/input_convFeeNotifyAction' is clicked on

2023-07-17 21:16:55 - [MESSAGE][PASSED] - Object: 'Object Repository/RAD_Pages/ServiceFeeAccept_Page/input_convFeeNotifyAction' is clicked on

2023-07-17 21:16:55 - [TEST_STEP][PASSED] - delay(10): Delayed 10 second(s)

2023-07-17 21:17:05 - [MESSAGE][PASSED] - Delayed 10 second(s)

2023-07-17 21:17:05 - [TEST_STEP][PASSED] - verifyTextPresent("Successful Payment Receipt", true): Text 'Successful Payment Receipt' is present on page  using regular expression

2023-07-17 21:17:05 - [MESSAGE][PASSED] - Text 'Successful Payment Receipt' is present on page  using regular expression

2023-07-17 21:17:05 - [TEST_STEP][PASSED] - if (verifyTextPresent("Successful Payment Receipt", true)): null

2023-07-17 21:17:05 - [MESSAGE][PASSED] - Text 'Successful Payment Receipt' is present on page  using regular expression

2023-07-17 21:17:05 - [TEST_STEP][PASSED] - println("Transaction was Successful"): null

2023-07-17 21:17:05 - [TEST_STEP][PASSED] - out.println("Pass Record Number: " + row): null

2023-07-17 21:17:05 - [TEST_STEP][PASSED] - resText = "Pass": null

2023-07-17 21:17:05 - [TEST_STEP][PASSED] - pages.WriteExcel.demoKey(resText, datText, resColumn, datCloumn, fileLoc, nameSheet, row): pages.WriteExcel.demoKey is PASSED

2023-07-17 21:17:05 - [MESSAGE][PASSED] - pages.WriteExcel.demoKey is PASSED

2023-07-17 21:17:05 - [TEST_STEP][PASSED] - ExecuteTC = findTestData(dataFile).getValue("Execute", row): null

2023-07-17 21:17:05 - [TEST_STEP][PASSED] - PaymentType = findTestData(dataFile).getValue("PaymentType", row): null

2023-07-17 21:17:05 - [TEST_STEP][PASSED] - FilingYear = findTestData(dataFile).getValue("FilingYear", row): null

2023-07-17 21:17:05 - [TEST_STEP][PASSED] - PeriodEnding = findTestData(dataFile).getValue("PeriodEnding", row): null

2023-07-17 21:17:05 - [TEST_STEP][PASSED] - FName = findTestData(dataFile).getValue("Fname", row): null

2023-07-17 21:17:05 - [TEST_STEP][PASSED] - LName = findTestData(dataFile).getValue("Lname", row): null

2023-07-17 21:17:05 - [TEST_STEP][PASSED] - SSN = findTestData(dataFile).getValue("SSN", row): null

2023-07-17 21:17:05 - [TEST_STEP][PASSED] - BusName = findTestData(dataFile).getValue("BusName", row): null

2023-07-17 21:17:05 - [TEST_STEP][PASSED] - AL1 = findTestData(dataFile).getValue("AL1", row): null

2023-07-17 21:17:06 - [TEST_STEP][PASSED] - City = findTestData(dataFile).getValue("City", row): null

2023-07-17 21:17:06 - [TEST_STEP][PASSED] - ZIP = findTestData(dataFile).getValue("ZIP", row): null

2023-07-17 21:17:06 - [TEST_STEP][PASSED] - FilingType = findTestData(dataFile).getValue("FilingType", row): null

2023-07-17 21:17:06 - [TEST_STEP][PASSED] - Withholding = findTestData(dataFile).getValue("Withholding", row): null

2023-07-17 21:17:06 - [TEST_STEP][PASSED] - Amount = findTestData(dataFile).getValue("Amount", row): null

2023-07-17 21:17:06 - [TEST_STEP][PASSED] - CCNumber = findTestData(dataFile).getValue("CCNumber", row): null

2023-07-17 21:17:06 - [TEST_STEP][PASSED] - CVV = findTestData(dataFile).getValue("CVV", row): null

2023-07-17 21:17:06 - [TEST_STEP][PASSED] - out.println("Value of Execute is : " + ExecuteTC): null

2023-07-17 21:17:06 - [TEST_STEP][PASSED] - if (ExecuteTC.equalsIgnoreCase("Y")): null

2023-07-17 21:17:06 - [TEST_STEP][PASSED] - out.println("Begin Record Number: " + row): null

2023-07-17 21:17:06 - [TEST_STEP][PASSED] - today = new java.util.Date(): null

2023-07-17 21:17:06 - [TEST_STEP][PASSED] - println(today): null

2023-07-17 21:17:06 - [TEST_STEP][PASSED] - datText = today: null

2023-07-17 21:17:06 - [TEST_STEP][PASSED] - Taxtype = findTestData(dataFile).getValue("TaxType", row): null

2023-07-17 21:17:06 - [TEST_STEP][PASSED] - out.println("Taxtype value is : " + Taxtype): null

2023-07-17 21:17:06 - [TEST_STEP][PASSED] - openBrowser(""): Browser is opened with url: ''

2023-07-17 21:17:06 - [MESSAGE][WARNING] - A browser is already opened. Closing browser and opening a new one

2023-07-17 21:17:07 - [MESSAGE][INFO] - Starting 'Chrome' driver

2023-07-17 21:17:07 - [MESSAGE][INFO] - User set preference: ['acceptInsecureCerts', 'true']

2023-07-17 21:17:07 - [MESSAGE][INFO] - Action delay is set to 0 milliseconds

2023-07-17 21:17:08 - [MESSAGE][PASSED] - Browser is opened with url: ''

2023-07-17 21:17:08 - [TEST_STEP][PASSED] - maximizeWindow(): Current window maximized

2023-07-17 21:17:08 - [MESSAGE][PASSED] - Current window maximized

2023-07-17 21:17:08 - [TEST_STEP][PASSED] - navigateToUrl(RADurl): Navigate to 'https://qa.velocitypayment.com/client/rad/index.html' successfully

2023-07-17 21:17:10 - [MESSAGE][PASSED] - Navigate to 'https://qa.velocitypayment.com/client/rad/index.html' successfully

2023-07-17 21:17:10 - [TEST_STEP][PASSED] - orPath_Landing = "Object Repository/RAD_Pages/Landing_Page": null

2023-07-17 21:17:10 - [TEST_STEP][PASSED] - orPath_TaxTypeFilingYear = "Object Repository/RAD_Pages/TaxTypeFilingYear_Page": null

2023-07-17 21:17:10 - [TEST_STEP][PASSED] - orPath_TaxPayer = "Object Repository/RAD_Pages/Taxpayer_Page": null

2023-07-17 21:17:10 - [TEST_STEP][PASSED] - orPath_AddressContact = "Object Repository/RAD_Pages/AddressAndContactInfo_Page": null

2023-07-17 21:17:10 - [TEST_STEP][PASSED] - orPath_FilingStatus = "Object Repository/RAD_Pages/FilingStatus_Page": null

2023-07-17 21:17:10 - [TEST_STEP][PASSED] - orPath_Amount = "Object Repository/RAD_Pages/PaymentAmount_Page": null

2023-07-17 21:17:10 - [TEST_STEP][PASSED] - orPath_TaxInfo = "Object Repository/RAD_Pages/TaxInfo_Page": null

2023-07-17 21:17:10 - [TEST_STEP][PASSED] - orPath_Withholding = "Object Repository/RAD_Pages/Withholding_Page": null

2023-07-17 21:17:10 - [TEST_STEP][PASSED] - orPath_Summary = "Object Repository/RAD_Pages/Summary_Page": null

2023-07-17 21:17:10 - [TEST_STEP][PASSED] - orPath_PaymentReady = "Object Repository/RAD_Pages/PaymentReady_Page": null

2023-07-17 21:17:10 - [TEST_STEP][PASSED] - orPath_PaymentEntry = "Object Repository/RAD_Pages/PaymentEntry_Page": null

2023-07-17 21:17:10 - [TEST_STEP][PASSED] - orPath_PaymentConfirmation = "Object Repository/RAD_Pages/PaymentConfirmation_Page": null

2023-07-17 21:17:10 - [TEST_STEP][PASSED] - orPath_ServiceFeesAccept = "Object Repository/RAD_Pages/ServiceFeeAccept_Page": null

2023-07-17 21:17:10 - [TEST_STEP][PASSED] - selectOptionByLabel(findTestObject(orPath_Landing + "/dd_TaxType"), Taxtype, false): All options with label 'Estimated Tax' are selected in object 'Object Repository/RAD_Pages/Landing_Page/dd_TaxType' 

2023-07-17 21:17:10 - [MESSAGE][PASSED] - All options with label 'Estimated Tax' are selected in object 'Object Repository/RAD_Pages/Landing_Page/dd_TaxType' 

2023-07-17 21:17:10 - [TEST_STEP][PASSED] - delay(3): Delayed 3 second(s)

2023-07-17 21:17:13 - [MESSAGE][PASSED] - Delayed 3 second(s)

2023-07-17 21:17:13 - [TEST_STEP][PASSED] - switch (Taxtype): null

2023-07-17 21:17:13 - [TEST_STEP][PASSED] - case "Estimated Tax":: null

2023-07-17 21:17:13 - [TEST_STEP][PASSED] - selectOptionByLabel(findTestObject(orPath_TaxTypeFilingYear + "/select_PaymentType"), PaymentType, false): All options with label 'Personal' are selected in object 'Object Repository/RAD_Pages/TaxTypeFilingYear_Page/select_PaymentType' 

2023-07-17 21:17:14 - [MESSAGE][PASSED] - All options with label 'Personal' are selected in object 'Object Repository/RAD_Pages/TaxTypeFilingYear_Page/select_PaymentType' 

2023-07-17 21:17:14 - [TEST_STEP][PASSED] - selectOptionByLabel(findTestObject(orPath_TaxTypeFilingYear + "/select_FilingYear"), FilingYear, false): All options with label '2023' are selected in object 'Object Repository/RAD_Pages/TaxTypeFilingYear_Page/select_FilingYear' 

2023-07-17 21:17:15 - [MESSAGE][PASSED] - All options with label '2023' are selected in object 'Object Repository/RAD_Pages/TaxTypeFilingYear_Page/select_FilingYear' 

2023-07-17 21:17:15 - [TEST_STEP][PASSED] - if (PaymentType.equalsIgnoreCase("Personal")): Text '123443210' is set on object 'Object Repository/RAD_RecordAndPlay/input_reTypeJointFilerSSN'

2023-07-17 21:17:15 - [TEST_STEP][PASSED] - if (FilingType.equalsIgnoreCase("Y")): null

2023-07-17 21:17:15 - [TEST_STEP][PASSED] - else: Text '123443210' is set on object 'Object Repository/RAD_RecordAndPlay/input_reTypeJointFilerSSN'

2023-07-17 21:17:15 - [TEST_STEP][PASSED] - setText(findTestObject("RAD_RecordAndPlay/input_concatSSN"), SSN): Text '123456523' is set on object 'Object Repository/RAD_RecordAndPlay/input_concatSSN'

2023-07-17 21:17:15 - [MESSAGE][PASSED] - Text '123456523' is set on object 'Object Repository/RAD_RecordAndPlay/input_concatSSN'

2023-07-17 21:17:15 - [TEST_STEP][PASSED] - setText(findTestObject("RAD_RecordAndPlay/input_concatReSSN"), SSN): Text '123456523' is set on object 'Object Repository/RAD_RecordAndPlay/input_concatReSSN'

2023-07-17 21:17:16 - [MESSAGE][PASSED] - Text '123456523' is set on object 'Object Repository/RAD_RecordAndPlay/input_concatReSSN'

2023-07-17 21:17:16 - [TEST_STEP][PASSED] - scrollToElement(findTestObject(orPath_Amount + "/input__paymentAmount"), 3): Scroll to object 'Object Repository/RAD_Pages/PaymentAmount_Page/input__paymentAmount' successfully

2023-07-17 21:17:17 - [MESSAGE][PASSED] - Scroll to object 'Object Repository/RAD_Pages/PaymentAmount_Page/input__paymentAmount' successfully

2023-07-17 21:17:17 - [TEST_STEP][PASSED] - waitForElementClickable(findTestObject(orPath_FilingStatus + "/input_userType_Joint"), 5): Object 'Object Repository/RAD_Pages/FilingStatus_Page/input_userType_Joint' is clickable

2023-07-17 21:17:17 - [MESSAGE][PASSED] - Object 'Object Repository/RAD_Pages/FilingStatus_Page/input_userType_Joint' is clickable

2023-07-17 21:17:17 - [TEST_STEP][PASSED] - check(findTestObject(orPath_FilingStatus + "/input_userType_Joint")): Object 'Object Repository/RAD_Pages/FilingStatus_Page/input_userType_Joint' is checked

2023-07-17 21:17:17 - [MESSAGE][PASSED] - Object 'Object Repository/RAD_Pages/FilingStatus_Page/input_userType_Joint' is checked

2023-07-17 21:17:17 - [TEST_STEP][PASSED] - delay(3): Delayed 3 second(s)

2023-07-17 21:17:20 - [MESSAGE][PASSED] - Delayed 3 second(s)

2023-07-17 21:17:20 - [TEST_STEP][PASSED] - setText(findTestObject(orPath_FilingStatus + "/input_jointFirstName"), "Katrina"): Text 'Katrina' is set on object 'Object Repository/RAD_Pages/FilingStatus_Page/input_jointFirstName'

2023-07-17 21:17:21 - [MESSAGE][PASSED] - Text 'Katrina' is set on object 'Object Repository/RAD_Pages/FilingStatus_Page/input_jointFirstName'

2023-07-17 21:17:21 - [TEST_STEP][PASSED] - setText(findTestObject(orPath_FilingStatus + "/input_jointLastName"), "Stokes"): Text 'Stokes' is set on object 'Object Repository/RAD_Pages/FilingStatus_Page/input_jointLastName'

2023-07-17 21:17:22 - [MESSAGE][PASSED] - Text 'Stokes' is set on object 'Object Repository/RAD_Pages/FilingStatus_Page/input_jointLastName'

2023-07-17 21:17:22 - [TEST_STEP][PASSED] - setText(findTestObject("Object Repository/RAD_RecordAndPlay/input_JointFilerSSN"), "123443210"): Text '123443210' is set on object 'Object Repository/RAD_RecordAndPlay/input_JointFilerSSN'

2023-07-17 21:17:22 - [MESSAGE][PASSED] - Text '123443210' is set on object 'Object Repository/RAD_RecordAndPlay/input_JointFilerSSN'

2023-07-17 21:17:22 - [TEST_STEP][PASSED] - setText(findTestObject("Object Repository/RAD_RecordAndPlay/input_reTypeJointFilerSSN"), "123443210"): Text '123443210' is set on object 'Object Repository/RAD_RecordAndPlay/input_reTypeJointFilerSSN'

2023-07-17 21:17:23 - [MESSAGE][PASSED] - Text '123443210' is set on object 'Object Repository/RAD_RecordAndPlay/input_reTypeJointFilerSSN'

2023-07-17 21:17:23 - [TEST_STEP][PASSED] - break: null

2023-07-17 21:17:23 - [TEST_STEP][PASSED] - if (PaymentType.equalsIgnoreCase("Personal")): Text 'Broad' is set on object 'Object Repository/RAD_Pages/Taxpayer_Page/input_lastName'

2023-07-17 21:17:23 - [TEST_STEP][PASSED] - setText(findTestObject(orPath_TaxPayer + "/input_firstName"), FName): Text 'Stuart' is set on object 'Object Repository/RAD_Pages/Taxpayer_Page/input_firstName'

2023-07-17 21:17:24 - [MESSAGE][PASSED] - Text 'Stuart' is set on object 'Object Repository/RAD_Pages/Taxpayer_Page/input_firstName'

2023-07-17 21:17:24 - [TEST_STEP][PASSED] - setText(findTestObject(orPath_TaxPayer + "/input_lastName"), LName): Text 'Broad' is set on object 'Object Repository/RAD_Pages/Taxpayer_Page/input_lastName'

2023-07-17 21:17:25 - [MESSAGE][PASSED] - Text 'Broad' is set on object 'Object Repository/RAD_Pages/Taxpayer_Page/input_lastName'

2023-07-17 21:17:25 - [TEST_STEP][PASSED] - selectOptionByLabel(findTestObject(orPath_AddressContact + "/select_Country"), "United States", false): All options with label 'United States' are selected in object 'Object Repository/RAD_Pages/AddressAndContactInfo_Page/select_Country' 

2023-07-17 21:17:26 - [MESSAGE][PASSED] - All options with label 'United States' are selected in object 'Object Repository/RAD_Pages/AddressAndContactInfo_Page/select_Country' 

2023-07-17 21:17:26 - [TEST_STEP][PASSED] - setText(findTestObject(orPath_AddressContact + "/input_streetAddress1"), AL1): Text '15 Main Street' is set on object 'Object Repository/RAD_Pages/AddressAndContactInfo_Page/input_streetAddress1'

2023-07-17 21:17:26 - [MESSAGE][PASSED] - Text '15 Main Street' is set on object 'Object Repository/RAD_Pages/AddressAndContactInfo_Page/input_streetAddress1'

2023-07-17 21:17:26 - [TEST_STEP][PASSED] - setText(findTestObject(orPath_AddressContact + "/input_streetAddress2"), ""): Text '' is set on object 'Object Repository/RAD_Pages/AddressAndContactInfo_Page/input_streetAddress2'

2023-07-17 21:17:27 - [MESSAGE][PASSED] - Text '' is set on object 'Object Repository/RAD_Pages/AddressAndContactInfo_Page/input_streetAddress2'

2023-07-17 21:17:27 - [TEST_STEP][PASSED] - setText(findTestObject(orPath_AddressContact + "/input_city"), City): Text 'Gambrills' is set on object 'Object Repository/RAD_Pages/AddressAndContactInfo_Page/input_city'

2023-07-17 21:17:28 - [MESSAGE][PASSED] - Text 'Gambrills' is set on object 'Object Repository/RAD_Pages/AddressAndContactInfo_Page/input_city'

2023-07-17 21:17:28 - [TEST_STEP][PASSED] - selectOptionByLabel(findTestObject(orPath_AddressContact + "/select_State"), "Maryland", false): All options with label 'Maryland' are selected in object 'Object Repository/RAD_Pages/AddressAndContactInfo_Page/select_State' 

2023-07-17 21:17:28 - [MESSAGE][PASSED] - All options with label 'Maryland' are selected in object 'Object Repository/RAD_Pages/AddressAndContactInfo_Page/select_State' 

2023-07-17 21:17:28 - [TEST_STEP][PASSED] - setText(findTestObject(orPath_AddressContact + "/input_zipCode"), ZIP): Text '21054' is set on object 'Object Repository/RAD_Pages/AddressAndContactInfo_Page/input_zipCode'

2023-07-17 21:17:29 - [MESSAGE][PASSED] - Text '21054' is set on object 'Object Repository/RAD_Pages/AddressAndContactInfo_Page/input_zipCode'

2023-07-17 21:17:29 - [TEST_STEP][PASSED] - setText(findTestObject(orPath_AddressContact + "/input_phoneNumber"), "(703) 894-5000"): Text '(703) 894-5000' is set on object 'Object Repository/RAD_Pages/AddressAndContactInfo_Page/input_phoneNumber'

2023-07-17 21:17:30 - [MESSAGE][PASSED] - Text '(703) 894-5000' is set on object 'Object Repository/RAD_Pages/AddressAndContactInfo_Page/input_phoneNumber'

2023-07-17 21:17:30 - [TEST_STEP][PASSED] - setText(findTestObject(orPath_AddressContact + "/input_eMailAddress"), "iahmed@govolution.com"): Text 'iahmed@govolution.com' is set on object 'Object Repository/RAD_Pages/AddressAndContactInfo_Page/input_eMailAddress'

2023-07-17 21:17:30 - [MESSAGE][PASSED] - Text 'iahmed@govolution.com' is set on object 'Object Repository/RAD_Pages/AddressAndContactInfo_Page/input_eMailAddress'

2023-07-17 21:17:30 - [TEST_STEP][PASSED] - setText(findTestObject(orPath_AddressContact + "/input_reEnterEMailAddress"), "iahmed@govolution.com"): Text 'iahmed@govolution.com' is set on object 'Object Repository/RAD_Pages/AddressAndContactInfo_Page/input_reEnterEMailAddress'

2023-07-17 21:17:31 - [MESSAGE][PASSED] - Text 'iahmed@govolution.com' is set on object 'Object Repository/RAD_Pages/AddressAndContactInfo_Page/input_reEnterEMailAddress'

2023-07-17 21:17:31 - [TEST_STEP][PASSED] - setText(findTestObject(orPath_Amount + "/input__paymentAmount"), Amount): Text '100.00' is set on object 'Object Repository/RAD_Pages/PaymentAmount_Page/input__paymentAmount'

2023-07-17 21:17:32 - [MESSAGE][PASSED] - Text '100.00' is set on object 'Object Repository/RAD_Pages/PaymentAmount_Page/input__paymentAmount'

2023-07-17 21:17:32 - [TEST_STEP][PASSED] - scrollToElement(findTestObject(orPath_Landing + "/button_Continue"), 3): Scroll to object 'Object Repository/RAD_Pages/Landing_Page/button_Continue' successfully

2023-07-17 21:17:32 - [MESSAGE][PASSED] - Scroll to object 'Object Repository/RAD_Pages/Landing_Page/button_Continue' successfully

2023-07-17 21:17:32 - [TEST_STEP][PASSED] - waitForElementClickable(findTestObject(orPath_Landing + "/button_Continue"), 5): Object 'Object Repository/RAD_Pages/Landing_Page/button_Continue' is clickable

2023-07-17 21:17:33 - [MESSAGE][PASSED] - Object 'Object Repository/RAD_Pages/Landing_Page/button_Continue' is clickable

2023-07-17 21:17:33 - [TEST_STEP][PASSED] - click(findTestObject(orPath_Landing + "/button_Continue")): Object: 'Object Repository/RAD_Pages/Landing_Page/button_Continue' is clicked on

2023-07-17 21:17:33 - [MESSAGE][PASSED] - Object: 'Object Repository/RAD_Pages/Landing_Page/button_Continue' is clicked on

2023-07-17 21:17:33 - [TEST_STEP][PASSED] - verifyTextPresent("Review the information below and make any necessary corrections by clicking the", true): Text 'Review the information below and make any necessary corrections by clicking the' is present on page  using regular expression

2023-07-17 21:17:34 - [MESSAGE][PASSED] - Text 'Review the information below and make any necessary corrections by clicking the' is present on page  using regular expression

2023-07-17 21:17:34 - [TEST_STEP][PASSED] - verifyTextPresent("When you are confident that all the information is correct", true): Text 'When you are confident that all the information is correct' is present on page  using regular expression

2023-07-17 21:17:34 - [MESSAGE][PASSED] - Text 'When you are confident that all the information is correct' is present on page  using regular expression

2023-07-17 21:17:34 - [TEST_STEP][PASSED] - delay(1): Delayed 1 second(s)

2023-07-17 21:17:35 - [MESSAGE][PASSED] - Delayed 1 second(s)

2023-07-17 21:17:35 - [TEST_STEP][PASSED] - click(findTestObject(orPath_Summary + "/button_Proceed to Payment")): Object: 'Object Repository/RAD_Pages/Summary_Page/button_Proceed to Payment' is clicked on

2023-07-17 21:17:36 - [MESSAGE][PASSED] - Object: 'Object Repository/RAD_Pages/Summary_Page/button_Proceed to Payment' is clicked on

2023-07-17 21:17:36 - [TEST_STEP][PASSED] - if (PaymentType.equalsIgnoreCase("Corporate")): null

2023-07-17 21:17:36 - [TEST_STEP][PASSED] - setText(findTestObject(orPath_PaymentEntry + "/input__cardNumber"), CCNumber): Text '5146312200000035' is set on object 'Object Repository/RAD_Pages/PaymentEntry_Page/input__cardNumber'

2023-07-17 21:17:37 - [MESSAGE][PASSED] - Text '5146312200000035' is set on object 'Object Repository/RAD_Pages/PaymentEntry_Page/input__cardNumber'

2023-07-17 21:17:37 - [TEST_STEP][PASSED] - setText(findTestObject(orPath_PaymentEntry + "/input__spc"), CVV): Text '123' is set on object 'Object Repository/RAD_Pages/PaymentEntry_Page/input__spc'

2023-07-17 21:17:38 - [MESSAGE][PASSED] - Text '123' is set on object 'Object Repository/RAD_Pages/PaymentEntry_Page/input__spc'

2023-07-17 21:17:38 - [TEST_STEP][PASSED] - selectOptionByLabel(findTestObject(orPath_PaymentEntry + "/select_MM"), "12", false): All options with label '12' are selected in object 'Object Repository/RAD_Pages/PaymentEntry_Page/select_MM' 

2023-07-17 21:17:38 - [MESSAGE][PASSED] - All options with label '12' are selected in object 'Object Repository/RAD_Pages/PaymentEntry_Page/select_MM' 

2023-07-17 21:17:38 - [TEST_STEP][PASSED] - selectOptionByLabel(findTestObject(orPath_PaymentEntry + "/select_YYYY"), "2023", false): All options with label '2023' are selected in object 'Object Repository/RAD_Pages/PaymentEntry_Page/select_YYYY' 

2023-07-17 21:17:39 - [MESSAGE][PASSED] - All options with label '2023' are selected in object 'Object Repository/RAD_Pages/PaymentEntry_Page/select_YYYY' 

2023-07-17 21:17:39 - [TEST_STEP][PASSED] - click(findTestObject(orPath_PaymentEntry + "/input_Field_ccSubmit")): Object: 'Object Repository/RAD_Pages/PaymentEntry_Page/input_Field_ccSubmit' is clicked on

2023-07-17 21:17:40 - [MESSAGE][PASSED] - Object: 'Object Repository/RAD_Pages/PaymentEntry_Page/input_Field_ccSubmit' is clicked on

2023-07-17 21:17:40 - [TEST_STEP][PASSED] - click(findTestObject(orPath_PaymentConfirmation + "/input_N_confirmNotifyAction")): Object: 'Object Repository/RAD_Pages/PaymentConfirmation_Page/input_N_confirmNotifyAction' is clicked on

2023-07-17 21:17:41 - [MESSAGE][PASSED] - Object: 'Object Repository/RAD_Pages/PaymentConfirmation_Page/input_N_confirmNotifyAction' is clicked on

2023-07-17 21:17:41 - [TEST_STEP][PASSED] - click(findTestObject(orPath_ServiceFeesAccept + "/input_convFeeNotifyAction")): Object: 'Object Repository/RAD_Pages/ServiceFeeAccept_Page/input_convFeeNotifyAction' is clicked on

2023-07-17 21:17:42 - [MESSAGE][PASSED] - Object: 'Object Repository/RAD_Pages/ServiceFeeAccept_Page/input_convFeeNotifyAction' is clicked on

2023-07-17 21:17:42 - [TEST_STEP][PASSED] - delay(10): Delayed 10 second(s)

2023-07-17 21:17:52 - [MESSAGE][PASSED] - Delayed 10 second(s)

2023-07-17 21:17:52 - [TEST_STEP][PASSED] - verifyTextPresent("Successful Payment Receipt", true): Text 'Successful Payment Receipt' is present on page  using regular expression

2023-07-17 21:17:52 - [MESSAGE][PASSED] - Text 'Successful Payment Receipt' is present on page  using regular expression

2023-07-17 21:17:52 - [TEST_STEP][PASSED] - if (verifyTextPresent("Successful Payment Receipt", true)): null

2023-07-17 21:17:53 - [MESSAGE][PASSED] - Text 'Successful Payment Receipt' is present on page  using regular expression

2023-07-17 21:17:53 - [TEST_STEP][PASSED] - println("Transaction was Successful"): null

2023-07-17 21:17:53 - [TEST_STEP][PASSED] - out.println("Pass Record Number: " + row): null

2023-07-17 21:17:53 - [TEST_STEP][PASSED] - resText = "Pass": null

2023-07-17 21:17:53 - [TEST_STEP][PASSED] - pages.WriteExcel.demoKey(resText, datText, resColumn, datCloumn, fileLoc, nameSheet, row): pages.WriteExcel.demoKey is PASSED

2023-07-17 21:17:53 - [MESSAGE][PASSED] - pages.WriteExcel.demoKey is PASSED

2023-07-17 21:17:53 - [TEST_STEP][PASSED] - ExecuteTC = findTestData(dataFile).getValue("Execute", row): null

2023-07-17 21:17:53 - [TEST_STEP][PASSED] - PaymentType = findTestData(dataFile).getValue("PaymentType", row): null

2023-07-17 21:17:53 - [TEST_STEP][PASSED] - FilingYear = findTestData(dataFile).getValue("FilingYear", row): null

2023-07-17 21:17:53 - [TEST_STEP][PASSED] - PeriodEnding = findTestData(dataFile).getValue("PeriodEnding", row): null

2023-07-17 21:17:53 - [TEST_STEP][PASSED] - FName = findTestData(dataFile).getValue("Fname", row): null

2023-07-17 21:17:53 - [TEST_STEP][PASSED] - LName = findTestData(dataFile).getValue("Lname", row): null

2023-07-17 21:17:53 - [TEST_STEP][PASSED] - SSN = findTestData(dataFile).getValue("SSN", row): null

2023-07-17 21:17:53 - [TEST_STEP][PASSED] - BusName = findTestData(dataFile).getValue("BusName", row): null

2023-07-17 21:17:53 - [TEST_STEP][PASSED] - AL1 = findTestData(dataFile).getValue("AL1", row): null

2023-07-17 21:17:53 - [TEST_STEP][PASSED] - City = findTestData(dataFile).getValue("City", row): null

2023-07-17 21:17:53 - [TEST_STEP][PASSED] - ZIP = findTestData(dataFile).getValue("ZIP", row): null

2023-07-17 21:17:53 - [TEST_STEP][PASSED] - FilingType = findTestData(dataFile).getValue("FilingType", row): null

2023-07-17 21:17:53 - [TEST_STEP][PASSED] - Withholding = findTestData(dataFile).getValue("Withholding", row): null

2023-07-17 21:17:53 - [TEST_STEP][PASSED] - Amount = findTestData(dataFile).getValue("Amount", row): null

2023-07-17 21:17:53 - [TEST_STEP][PASSED] - CCNumber = findTestData(dataFile).getValue("CCNumber", row): null

2023-07-17 21:17:53 - [TEST_STEP][PASSED] - CVV = findTestData(dataFile).getValue("CVV", row): null

2023-07-17 21:17:53 - [TEST_STEP][PASSED] - out.println("Value of Execute is : " + ExecuteTC): null

2023-07-17 21:17:53 - [TEST_STEP][PASSED] - if (ExecuteTC.equalsIgnoreCase("Y")): null

2023-07-17 21:17:53 - [TEST_STEP][PASSED] - out.println("Begin Record Number: " + row): null

2023-07-17 21:17:53 - [TEST_STEP][PASSED] - today = new java.util.Date(): null

2023-07-17 21:17:53 - [TEST_STEP][PASSED] - println(today): null

2023-07-17 21:17:53 - [TEST_STEP][PASSED] - datText = today: null

2023-07-17 21:17:53 - [TEST_STEP][PASSED] - Taxtype = findTestData(dataFile).getValue("TaxType", row): null

2023-07-17 21:17:53 - [TEST_STEP][PASSED] - out.println("Taxtype value is : " + Taxtype): null

2023-07-17 21:17:53 - [TEST_STEP][PASSED] - openBrowser(""): Browser is opened with url: ''

2023-07-17 21:17:53 - [MESSAGE][WARNING] - A browser is already opened. Closing browser and opening a new one

2023-07-17 21:17:54 - [MESSAGE][INFO] - Starting 'Chrome' driver

2023-07-17 21:17:54 - [MESSAGE][INFO] - User set preference: ['acceptInsecureCerts', 'true']

2023-07-17 21:17:54 - [MESSAGE][INFO] - Action delay is set to 0 milliseconds

2023-07-17 21:17:56 - [MESSAGE][PASSED] - Browser is opened with url: ''

2023-07-17 21:17:56 - [TEST_STEP][PASSED] - maximizeWindow(): Current window maximized

2023-07-17 21:17:56 - [MESSAGE][PASSED] - Current window maximized

2023-07-17 21:17:56 - [TEST_STEP][PASSED] - navigateToUrl(RADurl): Navigate to 'https://qa.velocitypayment.com/client/rad/index.html' successfully

2023-07-17 21:17:58 - [MESSAGE][PASSED] - Navigate to 'https://qa.velocitypayment.com/client/rad/index.html' successfully

2023-07-17 21:17:58 - [TEST_STEP][PASSED] - orPath_Landing = "Object Repository/RAD_Pages/Landing_Page": null

2023-07-17 21:17:58 - [TEST_STEP][PASSED] - orPath_TaxTypeFilingYear = "Object Repository/RAD_Pages/TaxTypeFilingYear_Page": null

2023-07-17 21:17:58 - [TEST_STEP][PASSED] - orPath_TaxPayer = "Object Repository/RAD_Pages/Taxpayer_Page": null

2023-07-17 21:17:58 - [TEST_STEP][PASSED] - orPath_AddressContact = "Object Repository/RAD_Pages/AddressAndContactInfo_Page": null

2023-07-17 21:17:58 - [TEST_STEP][PASSED] - orPath_FilingStatus = "Object Repository/RAD_Pages/FilingStatus_Page": null

2023-07-17 21:17:58 - [TEST_STEP][PASSED] - orPath_Amount = "Object Repository/RAD_Pages/PaymentAmount_Page": null

2023-07-17 21:17:58 - [TEST_STEP][PASSED] - orPath_TaxInfo = "Object Repository/RAD_Pages/TaxInfo_Page": null

2023-07-17 21:17:58 - [TEST_STEP][PASSED] - orPath_Withholding = "Object Repository/RAD_Pages/Withholding_Page": null

2023-07-17 21:17:58 - [TEST_STEP][PASSED] - orPath_Summary = "Object Repository/RAD_Pages/Summary_Page": null

2023-07-17 21:17:58 - [TEST_STEP][PASSED] - orPath_PaymentReady = "Object Repository/RAD_Pages/PaymentReady_Page": null

2023-07-17 21:17:58 - [TEST_STEP][PASSED] - orPath_PaymentEntry = "Object Repository/RAD_Pages/PaymentEntry_Page": null

2023-07-17 21:17:58 - [TEST_STEP][PASSED] - orPath_PaymentConfirmation = "Object Repository/RAD_Pages/PaymentConfirmation_Page": null

2023-07-17 21:17:58 - [TEST_STEP][PASSED] - orPath_ServiceFeesAccept = "Object Repository/RAD_Pages/ServiceFeeAccept_Page": null

2023-07-17 21:17:58 - [TEST_STEP][PASSED] - selectOptionByLabel(findTestObject(orPath_Landing + "/dd_TaxType"), Taxtype, false): All options with label 'Estimated Tax' are selected in object 'Object Repository/RAD_Pages/Landing_Page/dd_TaxType' 

2023-07-17 21:17:58 - [MESSAGE][PASSED] - All options with label 'Estimated Tax' are selected in object 'Object Repository/RAD_Pages/Landing_Page/dd_TaxType' 

2023-07-17 21:17:58 - [TEST_STEP][PASSED] - delay(3): Delayed 3 second(s)

2023-07-17 21:18:01 - [MESSAGE][PASSED] - Delayed 3 second(s)

2023-07-17 21:18:01 - [TEST_STEP][PASSED] - switch (Taxtype): null

2023-07-17 21:18:01 - [TEST_STEP][PASSED] - case "Estimated Tax":: null

2023-07-17 21:18:01 - [TEST_STEP][PASSED] - selectOptionByLabel(findTestObject(orPath_TaxTypeFilingYear + "/select_PaymentType"), PaymentType, false): All options with label 'Corporate' are selected in object 'Object Repository/RAD_Pages/TaxTypeFilingYear_Page/select_PaymentType' 

2023-07-17 21:18:02 - [MESSAGE][PASSED] - All options with label 'Corporate' are selected in object 'Object Repository/RAD_Pages/TaxTypeFilingYear_Page/select_PaymentType' 

2023-07-17 21:18:02 - [TEST_STEP][PASSED] - selectOptionByLabel(findTestObject(orPath_TaxTypeFilingYear + "/select_FilingYear"), FilingYear, false): All options with label '2023' are selected in object 'Object Repository/RAD_Pages/TaxTypeFilingYear_Page/select_FilingYear' 

2023-07-17 21:18:02 - [MESSAGE][PASSED] - All options with label '2023' are selected in object 'Object Repository/RAD_Pages/TaxTypeFilingYear_Page/select_FilingYear' 

2023-07-17 21:18:02 - [TEST_STEP][PASSED] - if (PaymentType.equalsIgnoreCase("Personal")): null

2023-07-17 21:18:02 - [TEST_STEP][PASSED] - else if (PaymentType.equalsIgnoreCase("Corporate")): Text ****** has been set on object 'Object Repository/RAD_Pages/TaxInfo_Page/input_FederalEIN_ReEnter'

2023-07-17 21:18:02 - [TEST_STEP][PASSED] - selectOptionByLabel(findTestObject(orPath_TaxTypeFilingYear + "/select_PeriodEnding"), PeriodEnding, false): All options with label 'December' are selected in object 'Object Repository/RAD_Pages/TaxTypeFilingYear_Page/select_PeriodEnding' 

2023-07-17 21:18:03 - [MESSAGE][PASSED] - All options with label 'December' are selected in object 'Object Repository/RAD_Pages/TaxTypeFilingYear_Page/select_PeriodEnding' 

2023-07-17 21:18:03 - [TEST_STEP][PASSED] - setText(findTestObject(orPath_TaxPayer + "/input_businessName"), BusName): Text 'My Glass Company' is set on object 'Object Repository/RAD_Pages/Taxpayer_Page/input_businessName'

2023-07-17 21:18:04 - [MESSAGE][PASSED] - Text 'My Glass Company' is set on object 'Object Repository/RAD_Pages/Taxpayer_Page/input_businessName'

2023-07-17 21:18:04 - [TEST_STEP][PASSED] - setEncryptedText(findTestObject(orPath_TaxInfo + "/input_FederalEIN"), "0fDtEjy4ijeV75Gl5M+mSg=="): Text ****** has been set on object 'Object Repository/RAD_Pages/TaxInfo_Page/input_FederalEIN'

2023-07-17 21:18:04 - [MESSAGE][PASSED] - Text ****** has been set on object 'Object Repository/RAD_Pages/TaxInfo_Page/input_FederalEIN'

2023-07-17 21:18:04 - [TEST_STEP][PASSED] - setEncryptedText(findTestObject(orPath_TaxInfo + "/input_FederalEIN_ReEnter"), "0fDtEjy4ijeV75Gl5M+mSg=="): Text ****** has been set on object 'Object Repository/RAD_Pages/TaxInfo_Page/input_FederalEIN_ReEnter'

2023-07-17 21:18:05 - [MESSAGE][PASSED] - Text ****** has been set on object 'Object Repository/RAD_Pages/TaxInfo_Page/input_FederalEIN_ReEnter'

2023-07-17 21:18:05 - [TEST_STEP][PASSED] - break: null

2023-07-17 21:18:05 - [TEST_STEP][PASSED] - if (PaymentType.equalsIgnoreCase("Personal")): null

2023-07-17 21:18:05 - [TEST_STEP][PASSED] - selectOptionByLabel(findTestObject(orPath_AddressContact + "/select_Country"), "United States", false): All options with label 'United States' are selected in object 'Object Repository/RAD_Pages/AddressAndContactInfo_Page/select_Country' 

2023-07-17 21:18:06 - [MESSAGE][PASSED] - All options with label 'United States' are selected in object 'Object Repository/RAD_Pages/AddressAndContactInfo_Page/select_Country' 

2023-07-17 21:18:06 - [TEST_STEP][PASSED] - setText(findTestObject(orPath_AddressContact + "/input_streetAddress1"), AL1): Text '15 Main Street' is set on object 'Object Repository/RAD_Pages/AddressAndContactInfo_Page/input_streetAddress1'

2023-07-17 21:18:06 - [MESSAGE][PASSED] - Text '15 Main Street' is set on object 'Object Repository/RAD_Pages/AddressAndContactInfo_Page/input_streetAddress1'

2023-07-17 21:18:06 - [TEST_STEP][PASSED] - setText(findTestObject(orPath_AddressContact + "/input_streetAddress2"), ""): Text '' is set on object 'Object Repository/RAD_Pages/AddressAndContactInfo_Page/input_streetAddress2'

2023-07-17 21:18:07 - [MESSAGE][PASSED] - Text '' is set on object 'Object Repository/RAD_Pages/AddressAndContactInfo_Page/input_streetAddress2'

2023-07-17 21:18:07 - [TEST_STEP][PASSED] - setText(findTestObject(orPath_AddressContact + "/input_city"), City): Text 'Gambrills' is set on object 'Object Repository/RAD_Pages/AddressAndContactInfo_Page/input_city'

2023-07-17 21:18:08 - [MESSAGE][PASSED] - Text 'Gambrills' is set on object 'Object Repository/RAD_Pages/AddressAndContactInfo_Page/input_city'

2023-07-17 21:18:08 - [TEST_STEP][PASSED] - selectOptionByLabel(findTestObject(orPath_AddressContact + "/select_State"), "Maryland", false): All options with label 'Maryland' are selected in object 'Object Repository/RAD_Pages/AddressAndContactInfo_Page/select_State' 

2023-07-17 21:18:09 - [MESSAGE][PASSED] - All options with label 'Maryland' are selected in object 'Object Repository/RAD_Pages/AddressAndContactInfo_Page/select_State' 

2023-07-17 21:18:09 - [TEST_STEP][PASSED] - setText(findTestObject(orPath_AddressContact + "/input_zipCode"), ZIP): Text '21054' is set on object 'Object Repository/RAD_Pages/AddressAndContactInfo_Page/input_zipCode'

2023-07-17 21:18:09 - [MESSAGE][PASSED] - Text '21054' is set on object 'Object Repository/RAD_Pages/AddressAndContactInfo_Page/input_zipCode'

2023-07-17 21:18:09 - [TEST_STEP][PASSED] - setText(findTestObject(orPath_AddressContact + "/input_phoneNumber"), "(703) 894-5000"): Text '(703) 894-5000' is set on object 'Object Repository/RAD_Pages/AddressAndContactInfo_Page/input_phoneNumber'

2023-07-17 21:18:10 - [MESSAGE][PASSED] - Text '(703) 894-5000' is set on object 'Object Repository/RAD_Pages/AddressAndContactInfo_Page/input_phoneNumber'

2023-07-17 21:18:10 - [TEST_STEP][PASSED] - setText(findTestObject(orPath_AddressContact + "/input_eMailAddress"), "iahmed@govolution.com"): Text 'iahmed@govolution.com' is set on object 'Object Repository/RAD_Pages/AddressAndContactInfo_Page/input_eMailAddress'

2023-07-17 21:18:11 - [MESSAGE][PASSED] - Text 'iahmed@govolution.com' is set on object 'Object Repository/RAD_Pages/AddressAndContactInfo_Page/input_eMailAddress'

2023-07-17 21:18:11 - [TEST_STEP][PASSED] - setText(findTestObject(orPath_AddressContact + "/input_reEnterEMailAddress"), "iahmed@govolution.com"): Text 'iahmed@govolution.com' is set on object 'Object Repository/RAD_Pages/AddressAndContactInfo_Page/input_reEnterEMailAddress'

2023-07-17 21:18:12 - [MESSAGE][PASSED] - Text 'iahmed@govolution.com' is set on object 'Object Repository/RAD_Pages/AddressAndContactInfo_Page/input_reEnterEMailAddress'

2023-07-17 21:18:12 - [TEST_STEP][PASSED] - setText(findTestObject(orPath_Amount + "/input__paymentAmount"), Amount): Text '100.00' is set on object 'Object Repository/RAD_Pages/PaymentAmount_Page/input__paymentAmount'

2023-07-17 21:18:12 - [MESSAGE][PASSED] - Text '100.00' is set on object 'Object Repository/RAD_Pages/PaymentAmount_Page/input__paymentAmount'

2023-07-17 21:18:12 - [TEST_STEP][PASSED] - scrollToElement(findTestObject(orPath_Landing + "/button_Continue"), 3): Scroll to object 'Object Repository/RAD_Pages/Landing_Page/button_Continue' successfully

2023-07-17 21:18:13 - [MESSAGE][PASSED] - Scroll to object 'Object Repository/RAD_Pages/Landing_Page/button_Continue' successfully

2023-07-17 21:18:13 - [TEST_STEP][PASSED] - waitForElementClickable(findTestObject(orPath_Landing + "/button_Continue"), 5): Object 'Object Repository/RAD_Pages/Landing_Page/button_Continue' is clickable

2023-07-17 21:18:13 - [MESSAGE][PASSED] - Object 'Object Repository/RAD_Pages/Landing_Page/button_Continue' is clickable

2023-07-17 21:18:13 - [TEST_STEP][PASSED] - click(findTestObject(orPath_Landing + "/button_Continue")): Object: 'Object Repository/RAD_Pages/Landing_Page/button_Continue' is clicked on

2023-07-17 21:18:14 - [MESSAGE][PASSED] - Object: 'Object Repository/RAD_Pages/Landing_Page/button_Continue' is clicked on

2023-07-17 21:18:14 - [TEST_STEP][PASSED] - verifyTextPresent("Review the information below and make any necessary corrections by clicking the", true): Text 'Review the information below and make any necessary corrections by clicking the' is present on page  using regular expression

2023-07-17 21:18:14 - [MESSAGE][PASSED] - Text 'Review the information below and make any necessary corrections by clicking the' is present on page  using regular expression

2023-07-17 21:18:14 - [TEST_STEP][PASSED] - verifyTextPresent("When you are confident that all the information is correct", true): Text 'When you are confident that all the information is correct' is present on page  using regular expression

2023-07-17 21:18:15 - [MESSAGE][PASSED] - Text 'When you are confident that all the information is correct' is present on page  using regular expression

2023-07-17 21:18:15 - [TEST_STEP][PASSED] - delay(1): Delayed 1 second(s)

2023-07-17 21:18:16 - [MESSAGE][PASSED] - Delayed 1 second(s)

2023-07-17 21:18:16 - [TEST_STEP][PASSED] - click(findTestObject(orPath_Summary + "/button_Proceed to Payment")): Object: 'Object Repository/RAD_Pages/Summary_Page/button_Proceed to Payment' is clicked on

2023-07-17 21:18:17 - [MESSAGE][PASSED] - Object: 'Object Repository/RAD_Pages/Summary_Page/button_Proceed to Payment' is clicked on

2023-07-17 21:18:17 - [TEST_STEP][PASSED] - if (PaymentType.equalsIgnoreCase("Corporate")): Text 'Anthony Gonzalez' is set on object 'Object Repository/RAD_Pages/PaymentEntry_Page/input__billingName'

2023-07-17 21:18:17 - [TEST_STEP][PASSED] - setText(findTestObject("Object Repository/RAD_Pages/PaymentEntry_Page/input__billingName"), "Anthony Gonzalez"): Text 'Anthony Gonzalez' is set on object 'Object Repository/RAD_Pages/PaymentEntry_Page/input__billingName'

2023-07-17 21:18:18 - [MESSAGE][PASSED] - Text 'Anthony Gonzalez' is set on object 'Object Repository/RAD_Pages/PaymentEntry_Page/input__billingName'

2023-07-17 21:18:18 - [TEST_STEP][PASSED] - setText(findTestObject(orPath_PaymentEntry + "/input__cardNumber"), CCNumber): Text '6011000993026909' is set on object 'Object Repository/RAD_Pages/PaymentEntry_Page/input__cardNumber'

2023-07-17 21:18:18 - [MESSAGE][PASSED] - Text '6011000993026909' is set on object 'Object Repository/RAD_Pages/PaymentEntry_Page/input__cardNumber'

2023-07-17 21:18:18 - [TEST_STEP][PASSED] - setText(findTestObject(orPath_PaymentEntry + "/input__spc"), CVV): Text '123' is set on object 'Object Repository/RAD_Pages/PaymentEntry_Page/input__spc'

2023-07-17 21:18:19 - [MESSAGE][PASSED] - Text '123' is set on object 'Object Repository/RAD_Pages/PaymentEntry_Page/input__spc'

2023-07-17 21:18:19 - [TEST_STEP][PASSED] - selectOptionByLabel(findTestObject(orPath_PaymentEntry + "/select_MM"), "12", false): All options with label '12' are selected in object 'Object Repository/RAD_Pages/PaymentEntry_Page/select_MM' 

2023-07-17 21:18:19 - [MESSAGE][PASSED] - All options with label '12' are selected in object 'Object Repository/RAD_Pages/PaymentEntry_Page/select_MM' 

2023-07-17 21:18:19 - [TEST_STEP][PASSED] - selectOptionByLabel(findTestObject(orPath_PaymentEntry + "/select_YYYY"), "2023", false): All options with label '2023' are selected in object 'Object Repository/RAD_Pages/PaymentEntry_Page/select_YYYY' 

2023-07-17 21:18:20 - [MESSAGE][PASSED] - All options with label '2023' are selected in object 'Object Repository/RAD_Pages/PaymentEntry_Page/select_YYYY' 

2023-07-17 21:18:20 - [TEST_STEP][PASSED] - click(findTestObject(orPath_PaymentEntry + "/input_Field_ccSubmit")): Object: 'Object Repository/RAD_Pages/PaymentEntry_Page/input_Field_ccSubmit' is clicked on

2023-07-17 21:18:21 - [MESSAGE][PASSED] - Object: 'Object Repository/RAD_Pages/PaymentEntry_Page/input_Field_ccSubmit' is clicked on

2023-07-17 21:18:21 - [TEST_STEP][PASSED] - click(findTestObject(orPath_PaymentConfirmation + "/input_N_confirmNotifyAction")): Object: 'Object Repository/RAD_Pages/PaymentConfirmation_Page/input_N_confirmNotifyAction' is clicked on

2023-07-17 21:18:22 - [MESSAGE][PASSED] - Object: 'Object Repository/RAD_Pages/PaymentConfirmation_Page/input_N_confirmNotifyAction' is clicked on

2023-07-17 21:18:22 - [TEST_STEP][PASSED] - click(findTestObject(orPath_ServiceFeesAccept + "/input_convFeeNotifyAction")): Object: 'Object Repository/RAD_Pages/ServiceFeeAccept_Page/input_convFeeNotifyAction' is clicked on

2023-07-17 21:18:23 - [MESSAGE][PASSED] - Object: 'Object Repository/RAD_Pages/ServiceFeeAccept_Page/input_convFeeNotifyAction' is clicked on

2023-07-17 21:18:23 - [TEST_STEP][PASSED] - delay(10): Delayed 10 second(s)

2023-07-17 21:18:33 - [MESSAGE][PASSED] - Delayed 10 second(s)

2023-07-17 21:18:33 - [TEST_STEP][PASSED] - verifyTextPresent("Successful Payment Receipt", true): Text 'Successful Payment Receipt' is present on page  using regular expression

2023-07-17 21:18:33 - [MESSAGE][PASSED] - Text 'Successful Payment Receipt' is present on page  using regular expression

2023-07-17 21:18:33 - [TEST_STEP][PASSED] - if (verifyTextPresent("Successful Payment Receipt", true)): null

2023-07-17 21:18:34 - [MESSAGE][PASSED] - Text 'Successful Payment Receipt' is present on page  using regular expression

2023-07-17 21:18:34 - [TEST_STEP][PASSED] - println("Transaction was Successful"): null

2023-07-17 21:18:34 - [TEST_STEP][PASSED] - out.println("Pass Record Number: " + row): null

2023-07-17 21:18:34 - [TEST_STEP][PASSED] - resText = "Pass": null

2023-07-17 21:18:34 - [TEST_STEP][PASSED] - pages.WriteExcel.demoKey(resText, datText, resColumn, datCloumn, fileLoc, nameSheet, row): pages.WriteExcel.demoKey is PASSED

2023-07-17 21:18:34 - [MESSAGE][PASSED] - pages.WriteExcel.demoKey is PASSED

2023-07-17 21:18:34 - [TEST_STEP][PASSED] - ExecuteTC = findTestData(dataFile).getValue("Execute", row): null

2023-07-17 21:18:34 - [TEST_STEP][PASSED] - PaymentType = findTestData(dataFile).getValue("PaymentType", row): null

2023-07-17 21:18:34 - [TEST_STEP][PASSED] - FilingYear = findTestData(dataFile).getValue("FilingYear", row): null

2023-07-17 21:18:34 - [TEST_STEP][PASSED] - PeriodEnding = findTestData(dataFile).getValue("PeriodEnding", row): null

2023-07-17 21:18:34 - [TEST_STEP][PASSED] - FName = findTestData(dataFile).getValue("Fname", row): null

2023-07-17 21:18:34 - [TEST_STEP][PASSED] - LName = findTestData(dataFile).getValue("Lname", row): null

2023-07-17 21:18:34 - [TEST_STEP][PASSED] - SSN = findTestData(dataFile).getValue("SSN", row): null

2023-07-17 21:18:34 - [TEST_STEP][PASSED] - BusName = findTestData(dataFile).getValue("BusName", row): null

2023-07-17 21:18:34 - [TEST_STEP][PASSED] - AL1 = findTestData(dataFile).getValue("AL1", row): null

2023-07-17 21:18:34 - [TEST_STEP][PASSED] - City = findTestData(dataFile).getValue("City", row): null

2023-07-17 21:18:34 - [TEST_STEP][PASSED] - ZIP = findTestData(dataFile).getValue("ZIP", row): null

2023-07-17 21:18:34 - [TEST_STEP][PASSED] - FilingType = findTestData(dataFile).getValue("FilingType", row): null

2023-07-17 21:18:34 - [TEST_STEP][PASSED] - Withholding = findTestData(dataFile).getValue("Withholding", row): null

2023-07-17 21:18:34 - [TEST_STEP][PASSED] - Amount = findTestData(dataFile).getValue("Amount", row): null

2023-07-17 21:18:34 - [TEST_STEP][PASSED] - CCNumber = findTestData(dataFile).getValue("CCNumber", row): null

2023-07-17 21:18:34 - [TEST_STEP][PASSED] - CVV = findTestData(dataFile).getValue("CVV", row): null

2023-07-17 21:18:34 - [TEST_STEP][PASSED] - out.println("Value of Execute is : " + ExecuteTC): null

2023-07-17 21:18:34 - [TEST_STEP][PASSED] - if (ExecuteTC.equalsIgnoreCase("Y")): null

2023-07-17 21:18:34 - [TEST_STEP][PASSED] - out.println("Begin Record Number: " + row): null

2023-07-17 21:18:34 - [TEST_STEP][PASSED] - today = new java.util.Date(): null

2023-07-17 21:18:34 - [TEST_STEP][PASSED] - println(today): null

2023-07-17 21:18:34 - [TEST_STEP][PASSED] - datText = today: null

2023-07-17 21:18:34 - [TEST_STEP][PASSED] - Taxtype = findTestData(dataFile).getValue("TaxType", row): null

2023-07-17 21:18:34 - [TEST_STEP][PASSED] - out.println("Taxtype value is : " + Taxtype): null

2023-07-17 21:18:34 - [TEST_STEP][PASSED] - openBrowser(""): Browser is opened with url: ''

2023-07-17 21:18:34 - [MESSAGE][WARNING] - A browser is already opened. Closing browser and opening a new one

2023-07-17 21:18:35 - [MESSAGE][INFO] - Starting 'Chrome' driver

2023-07-17 21:18:35 - [MESSAGE][INFO] - User set preference: ['acceptInsecureCerts', 'true']

2023-07-17 21:18:35 - [MESSAGE][INFO] - Action delay is set to 0 milliseconds

2023-07-17 21:18:37 - [MESSAGE][PASSED] - Browser is opened with url: ''

2023-07-17 21:18:37 - [TEST_STEP][PASSED] - maximizeWindow(): Current window maximized

2023-07-17 21:18:37 - [MESSAGE][PASSED] - Current window maximized

2023-07-17 21:18:37 - [TEST_STEP][PASSED] - navigateToUrl(RADurl): Navigate to 'https://qa.velocitypayment.com/client/rad/index.html' successfully

2023-07-17 21:18:38 - [MESSAGE][PASSED] - Navigate to 'https://qa.velocitypayment.com/client/rad/index.html' successfully

2023-07-17 21:18:38 - [TEST_STEP][PASSED] - orPath_Landing = "Object Repository/RAD_Pages/Landing_Page": null

2023-07-17 21:18:38 - [TEST_STEP][PASSED] - orPath_TaxTypeFilingYear = "Object Repository/RAD_Pages/TaxTypeFilingYear_Page": null

2023-07-17 21:18:38 - [TEST_STEP][PASSED] - orPath_TaxPayer = "Object Repository/RAD_Pages/Taxpayer_Page": null

2023-07-17 21:18:38 - [TEST_STEP][PASSED] - orPath_AddressContact = "Object Repository/RAD_Pages/AddressAndContactInfo_Page": null

2023-07-17 21:18:38 - [TEST_STEP][PASSED] - orPath_FilingStatus = "Object Repository/RAD_Pages/FilingStatus_Page": null

2023-07-17 21:18:38 - [TEST_STEP][PASSED] - orPath_Amount = "Object Repository/RAD_Pages/PaymentAmount_Page": null

2023-07-17 21:18:38 - [TEST_STEP][PASSED] - orPath_TaxInfo = "Object Repository/RAD_Pages/TaxInfo_Page": null

2023-07-17 21:18:38 - [TEST_STEP][PASSED] - orPath_Withholding = "Object Repository/RAD_Pages/Withholding_Page": null

2023-07-17 21:18:38 - [TEST_STEP][PASSED] - orPath_Summary = "Object Repository/RAD_Pages/Summary_Page": null

2023-07-17 21:18:38 - [TEST_STEP][PASSED] - orPath_PaymentReady = "Object Repository/RAD_Pages/PaymentReady_Page": null

2023-07-17 21:18:38 - [TEST_STEP][PASSED] - orPath_PaymentEntry = "Object Repository/RAD_Pages/PaymentEntry_Page": null

2023-07-17 21:18:38 - [TEST_STEP][PASSED] - orPath_PaymentConfirmation = "Object Repository/RAD_Pages/PaymentConfirmation_Page": null

2023-07-17 21:18:38 - [TEST_STEP][PASSED] - orPath_ServiceFeesAccept = "Object Repository/RAD_Pages/ServiceFeeAccept_Page": null

2023-07-17 21:18:38 - [TEST_STEP][PASSED] - selectOptionByLabel(findTestObject(orPath_Landing + "/dd_TaxType"), Taxtype, false): All options with label 'Personal Income Tax' are selected in object 'Object Repository/RAD_Pages/Landing_Page/dd_TaxType' 

2023-07-17 21:18:39 - [MESSAGE][PASSED] - All options with label 'Personal Income Tax' are selected in object 'Object Repository/RAD_Pages/Landing_Page/dd_TaxType' 

2023-07-17 21:18:39 - [TEST_STEP][PASSED] - delay(3): Delayed 3 second(s)

2023-07-17 21:18:42 - [MESSAGE][PASSED] - Delayed 3 second(s)

2023-07-17 21:18:42 - [TEST_STEP][PASSED] - switch (Taxtype): null

2023-07-17 21:18:42 - [TEST_STEP][PASSED] - case "Personal Income Tax":: null

2023-07-17 21:18:42 - [TEST_STEP][PASSED] - selectOptionByLabel(findTestObject(orPath_TaxTypeFilingYear + "/select_FilingYear"), FilingYear, false): All options with label '2022' are selected in object 'Object Repository/RAD_Pages/TaxTypeFilingYear_Page/select_FilingYear' 

2023-07-17 21:18:43 - [MESSAGE][PASSED] - All options with label '2022' are selected in object 'Object Repository/RAD_Pages/TaxTypeFilingYear_Page/select_FilingYear' 

2023-07-17 21:18:43 - [TEST_STEP][PASSED] - setText(findTestObject(orPath_TaxPayer + "/input_firstName"), FName): Text 'Andrew' is set on object 'Object Repository/RAD_Pages/Taxpayer_Page/input_firstName'

2023-07-17 21:18:43 - [MESSAGE][PASSED] - Text 'Andrew' is set on object 'Object Repository/RAD_Pages/Taxpayer_Page/input_firstName'

2023-07-17 21:18:43 - [TEST_STEP][PASSED] - setText(findTestObject(orPath_TaxPayer + "/input_lastName"), LName): Text 'Cook' is set on object 'Object Repository/RAD_Pages/Taxpayer_Page/input_lastName'

2023-07-17 21:18:44 - [MESSAGE][PASSED] - Text 'Cook' is set on object 'Object Repository/RAD_Pages/Taxpayer_Page/input_lastName'

2023-07-17 21:18:44 - [TEST_STEP][PASSED] - setText(findTestObject("RAD_RecordAndPlay/input_concatSSN"), SSN): Text '123450145' is set on object 'Object Repository/RAD_RecordAndPlay/input_concatSSN'

2023-07-17 21:18:45 - [MESSAGE][PASSED] - Text '123450145' is set on object 'Object Repository/RAD_RecordAndPlay/input_concatSSN'

2023-07-17 21:18:45 - [TEST_STEP][PASSED] - setText(findTestObject("RAD_RecordAndPlay/input_concatReSSN"), SSN): Text '123450145' is set on object 'Object Repository/RAD_RecordAndPlay/input_concatReSSN'

2023-07-17 21:18:45 - [MESSAGE][PASSED] - Text '123450145' is set on object 'Object Repository/RAD_RecordAndPlay/input_concatReSSN'

2023-07-17 21:18:45 - [TEST_STEP][PASSED] - if (FilingType.equalsIgnoreCase("Y")): Object 'Object Repository/RAD_Pages/FilingStatus_Page/input_userType_Individual' is checked

2023-07-17 21:18:45 - [TEST_STEP][PASSED] - check(findTestObject(orPath_FilingStatus + "/input_userType_Individual")): Object 'Object Repository/RAD_Pages/FilingStatus_Page/input_userType_Individual' is checked

2023-07-17 21:18:46 - [MESSAGE][PASSED] - Object 'Object Repository/RAD_Pages/FilingStatus_Page/input_userType_Individual' is checked

2023-07-17 21:18:46 - [TEST_STEP][PASSED] - break: null

2023-07-17 21:18:46 - [TEST_STEP][PASSED] - if (PaymentType.equalsIgnoreCase("Personal")): null

2023-07-17 21:18:46 - [TEST_STEP][PASSED] - selectOptionByLabel(findTestObject(orPath_AddressContact + "/select_Country"), "United States", false): All options with label 'United States' are selected in object 'Object Repository/RAD_Pages/AddressAndContactInfo_Page/select_Country' 

2023-07-17 21:18:46 - [MESSAGE][PASSED] - All options with label 'United States' are selected in object 'Object Repository/RAD_Pages/AddressAndContactInfo_Page/select_Country' 

2023-07-17 21:18:46 - [TEST_STEP][PASSED] - setText(findTestObject(orPath_AddressContact + "/input_streetAddress1"), AL1): Text '3652 Mandan road' is set on object 'Object Repository/RAD_Pages/AddressAndContactInfo_Page/input_streetAddress1'

2023-07-17 21:18:47 - [MESSAGE][PASSED] - Text '3652 Mandan road' is set on object 'Object Repository/RAD_Pages/AddressAndContactInfo_Page/input_streetAddress1'

2023-07-17 21:18:47 - [TEST_STEP][PASSED] - setText(findTestObject(orPath_AddressContact + "/input_streetAddress2"), ""): Text '' is set on object 'Object Repository/RAD_Pages/AddressAndContactInfo_Page/input_streetAddress2'

2023-07-17 21:18:48 - [MESSAGE][PASSED] - Text '' is set on object 'Object Repository/RAD_Pages/AddressAndContactInfo_Page/input_streetAddress2'

2023-07-17 21:18:48 - [TEST_STEP][PASSED] - setText(findTestObject(orPath_AddressContact + "/input_city"), City): Text 'Crofton' is set on object 'Object Repository/RAD_Pages/AddressAndContactInfo_Page/input_city'

2023-07-17 21:18:49 - [MESSAGE][PASSED] - Text 'Crofton' is set on object 'Object Repository/RAD_Pages/AddressAndContactInfo_Page/input_city'

2023-07-17 21:18:49 - [TEST_STEP][PASSED] - selectOptionByLabel(findTestObject(orPath_AddressContact + "/select_State"), "Maryland", false): All options with label 'Maryland' are selected in object 'Object Repository/RAD_Pages/AddressAndContactInfo_Page/select_State' 

2023-07-17 21:18:49 - [MESSAGE][PASSED] - All options with label 'Maryland' are selected in object 'Object Repository/RAD_Pages/AddressAndContactInfo_Page/select_State' 

2023-07-17 21:18:49 - [TEST_STEP][PASSED] - setText(findTestObject(orPath_AddressContact + "/input_zipCode"), ZIP): Text '21114' is set on object 'Object Repository/RAD_Pages/AddressAndContactInfo_Page/input_zipCode'

2023-07-17 21:18:50 - [MESSAGE][PASSED] - Text '21114' is set on object 'Object Repository/RAD_Pages/AddressAndContactInfo_Page/input_zipCode'

2023-07-17 21:18:50 - [TEST_STEP][PASSED] - setText(findTestObject(orPath_AddressContact + "/input_phoneNumber"), "(703) 894-5000"): Text '(703) 894-5000' is set on object 'Object Repository/RAD_Pages/AddressAndContactInfo_Page/input_phoneNumber'

2023-07-17 21:18:51 - [MESSAGE][PASSED] - Text '(703) 894-5000' is set on object 'Object Repository/RAD_Pages/AddressAndContactInfo_Page/input_phoneNumber'

2023-07-17 21:18:51 - [TEST_STEP][PASSED] - setText(findTestObject(orPath_AddressContact + "/input_eMailAddress"), "iahmed@govolution.com"): Text 'iahmed@govolution.com' is set on object 'Object Repository/RAD_Pages/AddressAndContactInfo_Page/input_eMailAddress'

2023-07-17 21:18:51 - [MESSAGE][PASSED] - Text 'iahmed@govolution.com' is set on object 'Object Repository/RAD_Pages/AddressAndContactInfo_Page/input_eMailAddress'

2023-07-17 21:18:51 - [TEST_STEP][PASSED] - setText(findTestObject(orPath_AddressContact + "/input_reEnterEMailAddress"), "iahmed@govolution.com"): Text 'iahmed@govolution.com' is set on object 'Object Repository/RAD_Pages/AddressAndContactInfo_Page/input_reEnterEMailAddress'

2023-07-17 21:18:52 - [MESSAGE][PASSED] - Text 'iahmed@govolution.com' is set on object 'Object Repository/RAD_Pages/AddressAndContactInfo_Page/input_reEnterEMailAddress'

2023-07-17 21:18:52 - [TEST_STEP][PASSED] - setText(findTestObject(orPath_Amount + "/input__paymentAmount"), Amount): Text '100.00' is set on object 'Object Repository/RAD_Pages/PaymentAmount_Page/input__paymentAmount'

2023-07-17 21:18:53 - [MESSAGE][PASSED] - Text '100.00' is set on object 'Object Repository/RAD_Pages/PaymentAmount_Page/input__paymentAmount'

2023-07-17 21:18:53 - [TEST_STEP][PASSED] - scrollToElement(findTestObject(orPath_Landing + "/button_Continue"), 3): Scroll to object 'Object Repository/RAD_Pages/Landing_Page/button_Continue' successfully

2023-07-17 21:18:53 - [MESSAGE][PASSED] - Scroll to object 'Object Repository/RAD_Pages/Landing_Page/button_Continue' successfully

2023-07-17 21:18:53 - [TEST_STEP][PASSED] - waitForElementClickable(findTestObject(orPath_Landing + "/button_Continue"), 5): Object 'Object Repository/RAD_Pages/Landing_Page/button_Continue' is clickable

2023-07-17 21:18:54 - [MESSAGE][PASSED] - Object 'Object Repository/RAD_Pages/Landing_Page/button_Continue' is clickable

2023-07-17 21:18:54 - [TEST_STEP][PASSED] - click(findTestObject(orPath_Landing + "/button_Continue")): Object: 'Object Repository/RAD_Pages/Landing_Page/button_Continue' is clicked on

2023-07-17 21:18:54 - [MESSAGE][PASSED] - Object: 'Object Repository/RAD_Pages/Landing_Page/button_Continue' is clicked on

2023-07-17 21:18:54 - [TEST_STEP][PASSED] - verifyTextPresent("Review the information below and make any necessary corrections by clicking the", true): Text 'Review the information below and make any necessary corrections by clicking the' is present on page  using regular expression

2023-07-17 21:18:55 - [MESSAGE][PASSED] - Text 'Review the information below and make any necessary corrections by clicking the' is present on page  using regular expression

2023-07-17 21:18:55 - [TEST_STEP][PASSED] - verifyTextPresent("When you are confident that all the information is correct", true): Text 'When you are confident that all the information is correct' is present on page  using regular expression

2023-07-17 21:18:55 - [MESSAGE][PASSED] - Text 'When you are confident that all the information is correct' is present on page  using regular expression

2023-07-17 21:18:55 - [TEST_STEP][PASSED] - delay(1): Delayed 1 second(s)

2023-07-17 21:18:56 - [MESSAGE][PASSED] - Delayed 1 second(s)

2023-07-17 21:18:56 - [TEST_STEP][PASSED] - click(findTestObject(orPath_Summary + "/button_Proceed to Payment")): Object: 'Object Repository/RAD_Pages/Summary_Page/button_Proceed to Payment' is clicked on

2023-07-17 21:18:57 - [MESSAGE][PASSED] - Object: 'Object Repository/RAD_Pages/Summary_Page/button_Proceed to Payment' is clicked on

2023-07-17 21:18:57 - [TEST_STEP][PASSED] - if (PaymentType.equalsIgnoreCase("Corporate")): null

2023-07-17 21:18:57 - [TEST_STEP][PASSED] - setText(findTestObject(orPath_PaymentEntry + "/input__cardNumber"), CCNumber): Text '4012000098765439' is set on object 'Object Repository/RAD_Pages/PaymentEntry_Page/input__cardNumber'

2023-07-17 21:18:58 - [MESSAGE][PASSED] - Text '4012000098765439' is set on object 'Object Repository/RAD_Pages/PaymentEntry_Page/input__cardNumber'

2023-07-17 21:18:58 - [TEST_STEP][PASSED] - setText(findTestObject(orPath_PaymentEntry + "/input__spc"), CVV): Text '123' is set on object 'Object Repository/RAD_Pages/PaymentEntry_Page/input__spc'

2023-07-17 21:18:59 - [MESSAGE][PASSED] - Text '123' is set on object 'Object Repository/RAD_Pages/PaymentEntry_Page/input__spc'

2023-07-17 21:18:59 - [TEST_STEP][PASSED] - selectOptionByLabel(findTestObject(orPath_PaymentEntry + "/select_MM"), "12", false): All options with label '12' are selected in object 'Object Repository/RAD_Pages/PaymentEntry_Page/select_MM' 

2023-07-17 21:19:00 - [MESSAGE][PASSED] - All options with label '12' are selected in object 'Object Repository/RAD_Pages/PaymentEntry_Page/select_MM' 

2023-07-17 21:19:00 - [TEST_STEP][PASSED] - selectOptionByLabel(findTestObject(orPath_PaymentEntry + "/select_YYYY"), "2023", false): All options with label '2023' are selected in object 'Object Repository/RAD_Pages/PaymentEntry_Page/select_YYYY' 

2023-07-17 21:19:00 - [MESSAGE][PASSED] - All options with label '2023' are selected in object 'Object Repository/RAD_Pages/PaymentEntry_Page/select_YYYY' 

2023-07-17 21:19:00 - [TEST_STEP][PASSED] - click(findTestObject(orPath_PaymentEntry + "/input_Field_ccSubmit")): Object: 'Object Repository/RAD_Pages/PaymentEntry_Page/input_Field_ccSubmit' is clicked on

2023-07-17 21:19:01 - [MESSAGE][PASSED] - Object: 'Object Repository/RAD_Pages/PaymentEntry_Page/input_Field_ccSubmit' is clicked on

2023-07-17 21:19:01 - [TEST_STEP][PASSED] - click(findTestObject(orPath_PaymentConfirmation + "/input_N_confirmNotifyAction")): Object: 'Object Repository/RAD_Pages/PaymentConfirmation_Page/input_N_confirmNotifyAction' is clicked on

2023-07-17 21:19:02 - [MESSAGE][PASSED] - Object: 'Object Repository/RAD_Pages/PaymentConfirmation_Page/input_N_confirmNotifyAction' is clicked on

2023-07-17 21:19:02 - [TEST_STEP][PASSED] - click(findTestObject(orPath_ServiceFeesAccept + "/input_convFeeNotifyAction")): Object: 'Object Repository/RAD_Pages/ServiceFeeAccept_Page/input_convFeeNotifyAction' is clicked on

2023-07-17 21:19:03 - [MESSAGE][PASSED] - Object: 'Object Repository/RAD_Pages/ServiceFeeAccept_Page/input_convFeeNotifyAction' is clicked on

2023-07-17 21:19:03 - [TEST_STEP][PASSED] - delay(10): Delayed 10 second(s)

2023-07-17 21:19:13 - [MESSAGE][PASSED] - Delayed 10 second(s)

2023-07-17 21:19:13 - [TEST_STEP][PASSED] - verifyTextPresent("Successful Payment Receipt", true): Text 'Successful Payment Receipt' is present on page  using regular expression

2023-07-17 21:19:14 - [MESSAGE][PASSED] - Text 'Successful Payment Receipt' is present on page  using regular expression

2023-07-17 21:19:14 - [TEST_STEP][PASSED] - if (verifyTextPresent("Successful Payment Receipt", true)): null

2023-07-17 21:19:14 - [MESSAGE][PASSED] - Text 'Successful Payment Receipt' is present on page  using regular expression

2023-07-17 21:19:14 - [TEST_STEP][PASSED] - println("Transaction was Successful"): null

2023-07-17 21:19:14 - [TEST_STEP][PASSED] - out.println("Pass Record Number: " + row): null

2023-07-17 21:19:14 - [TEST_STEP][PASSED] - resText = "Pass": null

2023-07-17 21:19:14 - [TEST_STEP][PASSED] - pages.WriteExcel.demoKey(resText, datText, resColumn, datCloumn, fileLoc, nameSheet, row): pages.WriteExcel.demoKey is PASSED

2023-07-17 21:19:14 - [MESSAGE][PASSED] - pages.WriteExcel.demoKey is PASSED

2023-07-17 21:19:14 - [TEST_STEP][PASSED] - ExecuteTC = findTestData(dataFile).getValue("Execute", row): null

2023-07-17 21:19:14 - [TEST_STEP][PASSED] - PaymentType = findTestData(dataFile).getValue("PaymentType", row): null

2023-07-17 21:19:14 - [TEST_STEP][PASSED] - FilingYear = findTestData(dataFile).getValue("FilingYear", row): null

2023-07-17 21:19:14 - [TEST_STEP][PASSED] - PeriodEnding = findTestData(dataFile).getValue("PeriodEnding", row): null

2023-07-17 21:19:14 - [TEST_STEP][PASSED] - FName = findTestData(dataFile).getValue("Fname", row): null

2023-07-17 21:19:14 - [TEST_STEP][PASSED] - LName = findTestData(dataFile).getValue("Lname", row): null

2023-07-17 21:19:14 - [TEST_STEP][PASSED] - SSN = findTestData(dataFile).getValue("SSN", row): null

2023-07-17 21:19:14 - [TEST_STEP][PASSED] - BusName = findTestData(dataFile).getValue("BusName", row): null

2023-07-17 21:19:14 - [TEST_STEP][PASSED] - AL1 = findTestData(dataFile).getValue("AL1", row): null

2023-07-17 21:19:14 - [TEST_STEP][PASSED] - City = findTestData(dataFile).getValue("City", row): null

2023-07-17 21:19:14 - [TEST_STEP][PASSED] - ZIP = findTestData(dataFile).getValue("ZIP", row): null

2023-07-17 21:19:14 - [TEST_STEP][PASSED] - FilingType = findTestData(dataFile).getValue("FilingType", row): null

2023-07-17 21:19:14 - [TEST_STEP][PASSED] - Withholding = findTestData(dataFile).getValue("Withholding", row): null

2023-07-17 21:19:14 - [TEST_STEP][PASSED] - Amount = findTestData(dataFile).getValue("Amount", row): null

2023-07-17 21:19:14 - [TEST_STEP][PASSED] - CCNumber = findTestData(dataFile).getValue("CCNumber", row): null

2023-07-17 21:19:14 - [TEST_STEP][PASSED] - CVV = findTestData(dataFile).getValue("CVV", row): null

2023-07-17 21:19:15 - [TEST_STEP][PASSED] - out.println("Value of Execute is : " + ExecuteTC): null

2023-07-17 21:19:15 - [TEST_STEP][PASSED] - if (ExecuteTC.equalsIgnoreCase("Y")): null

2023-07-17 21:19:15 - [TEST_STEP][PASSED] - out.println("Begin Record Number: " + row): null

2023-07-17 21:19:15 - [TEST_STEP][PASSED] - today = new java.util.Date(): null

2023-07-17 21:19:15 - [TEST_STEP][PASSED] - println(today): null

2023-07-17 21:19:15 - [TEST_STEP][PASSED] - datText = today: null

2023-07-17 21:19:15 - [TEST_STEP][PASSED] - Taxtype = findTestData(dataFile).getValue("TaxType", row): null

2023-07-17 21:19:15 - [TEST_STEP][PASSED] - out.println("Taxtype value is : " + Taxtype): null

2023-07-17 21:19:15 - [TEST_STEP][PASSED] - openBrowser(""): Browser is opened with url: ''

2023-07-17 21:19:15 - [MESSAGE][WARNING] - A browser is already opened. Closing browser and opening a new one

2023-07-17 21:19:16 - [MESSAGE][INFO] - Starting 'Chrome' driver

2023-07-17 21:19:16 - [MESSAGE][INFO] - User set preference: ['acceptInsecureCerts', 'true']

2023-07-17 21:19:16 - [MESSAGE][INFO] - Action delay is set to 0 milliseconds

2023-07-17 21:19:17 - [MESSAGE][PASSED] - Browser is opened with url: ''

2023-07-17 21:19:17 - [TEST_STEP][PASSED] - maximizeWindow(): Current window maximized

2023-07-17 21:19:17 - [MESSAGE][PASSED] - Current window maximized

2023-07-17 21:19:17 - [TEST_STEP][PASSED] - navigateToUrl(RADurl): Navigate to 'https://qa.velocitypayment.com/client/rad/index.html' successfully

2023-07-17 21:19:19 - [MESSAGE][PASSED] - Navigate to 'https://qa.velocitypayment.com/client/rad/index.html' successfully

2023-07-17 21:19:19 - [TEST_STEP][PASSED] - orPath_Landing = "Object Repository/RAD_Pages/Landing_Page": null

2023-07-17 21:19:19 - [TEST_STEP][PASSED] - orPath_TaxTypeFilingYear = "Object Repository/RAD_Pages/TaxTypeFilingYear_Page": null

2023-07-17 21:19:19 - [TEST_STEP][PASSED] - orPath_TaxPayer = "Object Repository/RAD_Pages/Taxpayer_Page": null

2023-07-17 21:19:19 - [TEST_STEP][PASSED] - orPath_AddressContact = "Object Repository/RAD_Pages/AddressAndContactInfo_Page": null

2023-07-17 21:19:19 - [TEST_STEP][PASSED] - orPath_FilingStatus = "Object Repository/RAD_Pages/FilingStatus_Page": null

2023-07-17 21:19:19 - [TEST_STEP][PASSED] - orPath_Amount = "Object Repository/RAD_Pages/PaymentAmount_Page": null

2023-07-17 21:19:19 - [TEST_STEP][PASSED] - orPath_TaxInfo = "Object Repository/RAD_Pages/TaxInfo_Page": null

2023-07-17 21:19:19 - [TEST_STEP][PASSED] - orPath_Withholding = "Object Repository/RAD_Pages/Withholding_Page": null

2023-07-17 21:19:19 - [TEST_STEP][PASSED] - orPath_Summary = "Object Repository/RAD_Pages/Summary_Page": null

2023-07-17 21:19:19 - [TEST_STEP][PASSED] - orPath_PaymentReady = "Object Repository/RAD_Pages/PaymentReady_Page": null

2023-07-17 21:19:19 - [TEST_STEP][PASSED] - orPath_PaymentEntry = "Object Repository/RAD_Pages/PaymentEntry_Page": null

2023-07-17 21:19:19 - [TEST_STEP][PASSED] - orPath_PaymentConfirmation = "Object Repository/RAD_Pages/PaymentConfirmation_Page": null

2023-07-17 21:19:19 - [TEST_STEP][PASSED] - orPath_ServiceFeesAccept = "Object Repository/RAD_Pages/ServiceFeeAccept_Page": null

2023-07-17 21:19:19 - [TEST_STEP][PASSED] - selectOptionByLabel(findTestObject(orPath_Landing + "/dd_TaxType"), Taxtype, false): All options with label 'Personal Income Tax' are selected in object 'Object Repository/RAD_Pages/Landing_Page/dd_TaxType' 

2023-07-17 21:19:20 - [MESSAGE][PASSED] - All options with label 'Personal Income Tax' are selected in object 'Object Repository/RAD_Pages/Landing_Page/dd_TaxType' 

2023-07-17 21:19:20 - [TEST_STEP][PASSED] - delay(3): Delayed 3 second(s)

2023-07-17 21:19:23 - [MESSAGE][PASSED] - Delayed 3 second(s)

2023-07-17 21:19:23 - [TEST_STEP][PASSED] - switch (Taxtype): null

2023-07-17 21:19:23 - [TEST_STEP][PASSED] - case "Personal Income Tax":: null

2023-07-17 21:19:23 - [TEST_STEP][PASSED] - selectOptionByLabel(findTestObject(orPath_TaxTypeFilingYear + "/select_FilingYear"), FilingYear, false): All options with label '2021' are selected in object 'Object Repository/RAD_Pages/TaxTypeFilingYear_Page/select_FilingYear' 

2023-07-17 21:19:23 - [MESSAGE][PASSED] - All options with label '2021' are selected in object 'Object Repository/RAD_Pages/TaxTypeFilingYear_Page/select_FilingYear' 

2023-07-17 21:19:23 - [TEST_STEP][PASSED] - setText(findTestObject(orPath_TaxPayer + "/input_firstName"), FName): Text 'Larsons' is set on object 'Object Repository/RAD_Pages/Taxpayer_Page/input_firstName'

2023-07-17 21:19:24 - [MESSAGE][PASSED] - Text 'Larsons' is set on object 'Object Repository/RAD_Pages/Taxpayer_Page/input_firstName'

2023-07-17 21:19:24 - [TEST_STEP][PASSED] - setText(findTestObject(orPath_TaxPayer + "/input_lastName"), LName): Text 'Bell' is set on object 'Object Repository/RAD_Pages/Taxpayer_Page/input_lastName'

2023-07-17 21:19:25 - [MESSAGE][PASSED] - Text 'Bell' is set on object 'Object Repository/RAD_Pages/Taxpayer_Page/input_lastName'

2023-07-17 21:19:25 - [TEST_STEP][PASSED] - setText(findTestObject("RAD_RecordAndPlay/input_concatSSN"), SSN): Text '123459630' is set on object 'Object Repository/RAD_RecordAndPlay/input_concatSSN'

2023-07-17 21:19:26 - [MESSAGE][PASSED] - Text '123459630' is set on object 'Object Repository/RAD_RecordAndPlay/input_concatSSN'

2023-07-17 21:19:26 - [TEST_STEP][PASSED] - setText(findTestObject("RAD_RecordAndPlay/input_concatReSSN"), SSN): Text '123459630' is set on object 'Object Repository/RAD_RecordAndPlay/input_concatReSSN'

2023-07-17 21:19:26 - [MESSAGE][PASSED] - Text '123459630' is set on object 'Object Repository/RAD_RecordAndPlay/input_concatReSSN'

2023-07-17 21:19:26 - [TEST_STEP][PASSED] - if (FilingType.equalsIgnoreCase("Y")): Object 'Object Repository/RAD_Pages/FilingStatus_Page/input_userType_Individual' is checked

2023-07-17 21:19:26 - [TEST_STEP][PASSED] - check(findTestObject(orPath_FilingStatus + "/input_userType_Individual")): Object 'Object Repository/RAD_Pages/FilingStatus_Page/input_userType_Individual' is checked

2023-07-17 21:19:26 - [MESSAGE][PASSED] - Object 'Object Repository/RAD_Pages/FilingStatus_Page/input_userType_Individual' is checked

2023-07-17 21:19:26 - [TEST_STEP][PASSED] - break: null

2023-07-17 21:19:26 - [TEST_STEP][PASSED] - if (PaymentType.equalsIgnoreCase("Personal")): null

2023-07-17 21:19:26 - [TEST_STEP][PASSED] - selectOptionByLabel(findTestObject(orPath_AddressContact + "/select_Country"), "United States", false): All options with label 'United States' are selected in object 'Object Repository/RAD_Pages/AddressAndContactInfo_Page/select_Country' 

2023-07-17 21:19:27 - [MESSAGE][PASSED] - All options with label 'United States' are selected in object 'Object Repository/RAD_Pages/AddressAndContactInfo_Page/select_Country' 

2023-07-17 21:19:27 - [TEST_STEP][PASSED] - setText(findTestObject(orPath_AddressContact + "/input_streetAddress1"), AL1): Text '114 Clark Ave' is set on object 'Object Repository/RAD_Pages/AddressAndContactInfo_Page/input_streetAddress1'

2023-07-17 21:19:28 - [MESSAGE][PASSED] - Text '114 Clark Ave' is set on object 'Object Repository/RAD_Pages/AddressAndContactInfo_Page/input_streetAddress1'

2023-07-17 21:19:28 - [TEST_STEP][PASSED] - setText(findTestObject(orPath_AddressContact + "/input_streetAddress2"), ""): Text '' is set on object 'Object Repository/RAD_Pages/AddressAndContactInfo_Page/input_streetAddress2'

2023-07-17 21:19:29 - [MESSAGE][PASSED] - Text '' is set on object 'Object Repository/RAD_Pages/AddressAndContactInfo_Page/input_streetAddress2'

2023-07-17 21:19:29 - [TEST_STEP][PASSED] - setText(findTestObject(orPath_AddressContact + "/input_city"), City): Text 'Severn' is set on object 'Object Repository/RAD_Pages/AddressAndContactInfo_Page/input_city'

2023-07-17 21:19:29 - [MESSAGE][PASSED] - Text 'Severn' is set on object 'Object Repository/RAD_Pages/AddressAndContactInfo_Page/input_city'

2023-07-17 21:19:29 - [TEST_STEP][PASSED] - selectOptionByLabel(findTestObject(orPath_AddressContact + "/select_State"), "Maryland", false): All options with label 'Maryland' are selected in object 'Object Repository/RAD_Pages/AddressAndContactInfo_Page/select_State' 

2023-07-17 21:19:30 - [MESSAGE][PASSED] - All options with label 'Maryland' are selected in object 'Object Repository/RAD_Pages/AddressAndContactInfo_Page/select_State' 

2023-07-17 21:19:30 - [TEST_STEP][PASSED] - setText(findTestObject(orPath_AddressContact + "/input_zipCode"), ZIP): Text '21144' is set on object 'Object Repository/RAD_Pages/AddressAndContactInfo_Page/input_zipCode'

2023-07-17 21:19:31 - [MESSAGE][PASSED] - Text '21144' is set on object 'Object Repository/RAD_Pages/AddressAndContactInfo_Page/input_zipCode'

2023-07-17 21:19:31 - [TEST_STEP][PASSED] - setText(findTestObject(orPath_AddressContact + "/input_phoneNumber"), "(703) 894-5000"): Text '(703) 894-5000' is set on object 'Object Repository/RAD_Pages/AddressAndContactInfo_Page/input_phoneNumber'

2023-07-17 21:19:31 - [MESSAGE][PASSED] - Text '(703) 894-5000' is set on object 'Object Repository/RAD_Pages/AddressAndContactInfo_Page/input_phoneNumber'

2023-07-17 21:19:31 - [TEST_STEP][PASSED] - setText(findTestObject(orPath_AddressContact + "/input_eMailAddress"), "iahmed@govolution.com"): Text 'iahmed@govolution.com' is set on object 'Object Repository/RAD_Pages/AddressAndContactInfo_Page/input_eMailAddress'

2023-07-17 21:19:32 - [MESSAGE][PASSED] - Text 'iahmed@govolution.com' is set on object 'Object Repository/RAD_Pages/AddressAndContactInfo_Page/input_eMailAddress'

2023-07-17 21:19:32 - [TEST_STEP][PASSED] - setText(findTestObject(orPath_AddressContact + "/input_reEnterEMailAddress"), "iahmed@govolution.com"): Text 'iahmed@govolution.com' is set on object 'Object Repository/RAD_Pages/AddressAndContactInfo_Page/input_reEnterEMailAddress'

2023-07-17 21:19:33 - [MESSAGE][PASSED] - Text 'iahmed@govolution.com' is set on object 'Object Repository/RAD_Pages/AddressAndContactInfo_Page/input_reEnterEMailAddress'

2023-07-17 21:19:33 - [TEST_STEP][PASSED] - setText(findTestObject(orPath_Amount + "/input__paymentAmount"), Amount): Text '100.00' is set on object 'Object Repository/RAD_Pages/PaymentAmount_Page/input__paymentAmount'

2023-07-17 21:19:34 - [MESSAGE][PASSED] - Text '100.00' is set on object 'Object Repository/RAD_Pages/PaymentAmount_Page/input__paymentAmount'

2023-07-17 21:19:34 - [TEST_STEP][PASSED] - scrollToElement(findTestObject(orPath_Landing + "/button_Continue"), 3): Scroll to object 'Object Repository/RAD_Pages/Landing_Page/button_Continue' successfully

2023-07-17 21:19:34 - [MESSAGE][PASSED] - Scroll to object 'Object Repository/RAD_Pages/Landing_Page/button_Continue' successfully

2023-07-17 21:19:34 - [TEST_STEP][PASSED] - waitForElementClickable(findTestObject(orPath_Landing + "/button_Continue"), 5): Object 'Object Repository/RAD_Pages/Landing_Page/button_Continue' is clickable

2023-07-17 21:19:35 - [MESSAGE][PASSED] - Object 'Object Repository/RAD_Pages/Landing_Page/button_Continue' is clickable

2023-07-17 21:19:35 - [TEST_STEP][PASSED] - click(findTestObject(orPath_Landing + "/button_Continue")): Object: 'Object Repository/RAD_Pages/Landing_Page/button_Continue' is clicked on

2023-07-17 21:19:35 - [MESSAGE][PASSED] - Object: 'Object Repository/RAD_Pages/Landing_Page/button_Continue' is clicked on

2023-07-17 21:19:35 - [TEST_STEP][PASSED] - verifyTextPresent("Review the information below and make any necessary corrections by clicking the", true): Text 'Review the information below and make any necessary corrections by clicking the' is present on page  using regular expression

2023-07-17 21:19:36 - [MESSAGE][PASSED] - Text 'Review the information below and make any necessary corrections by clicking the' is present on page  using regular expression

2023-07-17 21:19:36 - [TEST_STEP][PASSED] - verifyTextPresent("When you are confident that all the information is correct", true): Text 'When you are confident that all the information is correct' is present on page  using regular expression

2023-07-17 21:19:36 - [MESSAGE][PASSED] - Text 'When you are confident that all the information is correct' is present on page  using regular expression

2023-07-17 21:19:36 - [TEST_STEP][PASSED] - delay(1): Delayed 1 second(s)

2023-07-17 21:19:37 - [MESSAGE][PASSED] - Delayed 1 second(s)

2023-07-17 21:19:37 - [TEST_STEP][PASSED] - click(findTestObject(orPath_Summary + "/button_Proceed to Payment")): Object: 'Object Repository/RAD_Pages/Summary_Page/button_Proceed to Payment' is clicked on

2023-07-17 21:19:38 - [MESSAGE][PASSED] - Object: 'Object Repository/RAD_Pages/Summary_Page/button_Proceed to Payment' is clicked on

2023-07-17 21:19:38 - [TEST_STEP][PASSED] - if (PaymentType.equalsIgnoreCase("Corporate")): null

2023-07-17 21:19:38 - [TEST_STEP][PASSED] - setText(findTestObject(orPath_PaymentEntry + "/input__cardNumber"), CCNumber): Text '5146312200000035' is set on object 'Object Repository/RAD_Pages/PaymentEntry_Page/input__cardNumber'

2023-07-17 21:19:39 - [MESSAGE][PASSED] - Text '5146312200000035' is set on object 'Object Repository/RAD_Pages/PaymentEntry_Page/input__cardNumber'

2023-07-17 21:19:39 - [TEST_STEP][PASSED] - setText(findTestObject(orPath_PaymentEntry + "/input__spc"), CVV): Text '123' is set on object 'Object Repository/RAD_Pages/PaymentEntry_Page/input__spc'

2023-07-17 21:19:40 - [MESSAGE][PASSED] - Text '123' is set on object 'Object Repository/RAD_Pages/PaymentEntry_Page/input__spc'

2023-07-17 21:19:40 - [TEST_STEP][PASSED] - selectOptionByLabel(findTestObject(orPath_PaymentEntry + "/select_MM"), "12", false): All options with label '12' are selected in object 'Object Repository/RAD_Pages/PaymentEntry_Page/select_MM' 

2023-07-17 21:19:40 - [MESSAGE][PASSED] - All options with label '12' are selected in object 'Object Repository/RAD_Pages/PaymentEntry_Page/select_MM' 

2023-07-17 21:19:40 - [TEST_STEP][PASSED] - selectOptionByLabel(findTestObject(orPath_PaymentEntry + "/select_YYYY"), "2023", false): All options with label '2023' are selected in object 'Object Repository/RAD_Pages/PaymentEntry_Page/select_YYYY' 

2023-07-17 21:19:41 - [MESSAGE][PASSED] - All options with label '2023' are selected in object 'Object Repository/RAD_Pages/PaymentEntry_Page/select_YYYY' 

2023-07-17 21:19:41 - [TEST_STEP][PASSED] - click(findTestObject(orPath_PaymentEntry + "/input_Field_ccSubmit")): Object: 'Object Repository/RAD_Pages/PaymentEntry_Page/input_Field_ccSubmit' is clicked on

2023-07-17 21:19:42 - [MESSAGE][PASSED] - Object: 'Object Repository/RAD_Pages/PaymentEntry_Page/input_Field_ccSubmit' is clicked on

2023-07-17 21:19:42 - [TEST_STEP][PASSED] - click(findTestObject(orPath_PaymentConfirmation + "/input_N_confirmNotifyAction")): Object: 'Object Repository/RAD_Pages/PaymentConfirmation_Page/input_N_confirmNotifyAction' is clicked on

2023-07-17 21:19:43 - [MESSAGE][PASSED] - Object: 'Object Repository/RAD_Pages/PaymentConfirmation_Page/input_N_confirmNotifyAction' is clicked on

2023-07-17 21:19:43 - [TEST_STEP][PASSED] - click(findTestObject(orPath_ServiceFeesAccept + "/input_convFeeNotifyAction")): Object: 'Object Repository/RAD_Pages/ServiceFeeAccept_Page/input_convFeeNotifyAction' is clicked on

2023-07-17 21:19:44 - [MESSAGE][PASSED] - Object: 'Object Repository/RAD_Pages/ServiceFeeAccept_Page/input_convFeeNotifyAction' is clicked on

2023-07-17 21:19:44 - [TEST_STEP][PASSED] - delay(10): Delayed 10 second(s)

2023-07-17 21:19:54 - [MESSAGE][PASSED] - Delayed 10 second(s)

2023-07-17 21:19:54 - [TEST_STEP][PASSED] - verifyTextPresent("Successful Payment Receipt", true): Text 'Successful Payment Receipt' is present on page  using regular expression

2023-07-17 21:19:54 - [MESSAGE][PASSED] - Text 'Successful Payment Receipt' is present on page  using regular expression

2023-07-17 21:19:54 - [TEST_STEP][PASSED] - if (verifyTextPresent("Successful Payment Receipt", true)): null

2023-07-17 21:19:55 - [MESSAGE][PASSED] - Text 'Successful Payment Receipt' is present on page  using regular expression

2023-07-17 21:19:55 - [TEST_STEP][PASSED] - println("Transaction was Successful"): null

2023-07-17 21:19:55 - [TEST_STEP][PASSED] - out.println("Pass Record Number: " + row): null

2023-07-17 21:19:55 - [TEST_STEP][PASSED] - resText = "Pass": null

2023-07-17 21:19:55 - [TEST_STEP][PASSED] - pages.WriteExcel.demoKey(resText, datText, resColumn, datCloumn, fileLoc, nameSheet, row): pages.WriteExcel.demoKey is PASSED

2023-07-17 21:19:55 - [MESSAGE][PASSED] - pages.WriteExcel.demoKey is PASSED

2023-07-17 21:19:55 - [TEST_STEP][PASSED] - ExecuteTC = findTestData(dataFile).getValue("Execute", row): null

2023-07-17 21:19:55 - [TEST_STEP][PASSED] - PaymentType = findTestData(dataFile).getValue("PaymentType", row): null

2023-07-17 21:19:55 - [TEST_STEP][PASSED] - FilingYear = findTestData(dataFile).getValue("FilingYear", row): null

2023-07-17 21:19:55 - [TEST_STEP][PASSED] - PeriodEnding = findTestData(dataFile).getValue("PeriodEnding", row): null

2023-07-17 21:19:55 - [TEST_STEP][PASSED] - FName = findTestData(dataFile).getValue("Fname", row): null

2023-07-17 21:19:55 - [TEST_STEP][PASSED] - LName = findTestData(dataFile).getValue("Lname", row): null

2023-07-17 21:19:55 - [TEST_STEP][PASSED] - SSN = findTestData(dataFile).getValue("SSN", row): null

2023-07-17 21:19:55 - [TEST_STEP][PASSED] - BusName = findTestData(dataFile).getValue("BusName", row): null

2023-07-17 21:19:55 - [TEST_STEP][PASSED] - AL1 = findTestData(dataFile).getValue("AL1", row): null

2023-07-17 21:19:55 - [TEST_STEP][PASSED] - City = findTestData(dataFile).getValue("City", row): null

2023-07-17 21:19:55 - [TEST_STEP][PASSED] - ZIP = findTestData(dataFile).getValue("ZIP", row): null

2023-07-17 21:19:55 - [TEST_STEP][PASSED] - FilingType = findTestData(dataFile).getValue("FilingType", row): null

2023-07-17 21:19:55 - [TEST_STEP][PASSED] - Withholding = findTestData(dataFile).getValue("Withholding", row): null

2023-07-17 21:19:55 - [TEST_STEP][PASSED] - Amount = findTestData(dataFile).getValue("Amount", row): null

2023-07-17 21:19:55 - [TEST_STEP][PASSED] - CCNumber = findTestData(dataFile).getValue("CCNumber", row): null

2023-07-17 21:19:55 - [TEST_STEP][PASSED] - CVV = findTestData(dataFile).getValue("CVV", row): null

2023-07-17 21:19:55 - [TEST_STEP][PASSED] - out.println("Value of Execute is : " + ExecuteTC): null

2023-07-17 21:19:55 - [TEST_STEP][PASSED] - if (ExecuteTC.equalsIgnoreCase("Y")): null

2023-07-17 21:19:55 - [TEST_STEP][PASSED] - out.println("Begin Record Number: " + row): null

2023-07-17 21:19:55 - [TEST_STEP][PASSED] - today = new java.util.Date(): null

2023-07-17 21:19:55 - [TEST_STEP][PASSED] - println(today): null

2023-07-17 21:19:55 - [TEST_STEP][PASSED] - datText = today: null

2023-07-17 21:19:55 - [TEST_STEP][PASSED] - Taxtype = findTestData(dataFile).getValue("TaxType", row): null

2023-07-17 21:19:55 - [TEST_STEP][PASSED] - out.println("Taxtype value is : " + Taxtype): null

2023-07-17 21:19:55 - [TEST_STEP][PASSED] - openBrowser(""): Browser is opened with url: ''

2023-07-17 21:19:55 - [MESSAGE][WARNING] - A browser is already opened. Closing browser and opening a new one

2023-07-17 21:19:56 - [MESSAGE][INFO] - Starting 'Chrome' driver

2023-07-17 21:19:56 - [MESSAGE][INFO] - User set preference: ['acceptInsecureCerts', 'true']

2023-07-17 21:19:56 - [MESSAGE][INFO] - Action delay is set to 0 milliseconds

2023-07-17 21:19:58 - [MESSAGE][PASSED] - Browser is opened with url: ''

2023-07-17 21:19:58 - [TEST_STEP][PASSED] - maximizeWindow(): Current window maximized

2023-07-17 21:19:58 - [MESSAGE][PASSED] - Current window maximized

2023-07-17 21:19:58 - [TEST_STEP][PASSED] - navigateToUrl(RADurl): Navigate to 'https://qa.velocitypayment.com/client/rad/index.html' successfully

2023-07-17 21:19:59 - [MESSAGE][PASSED] - Navigate to 'https://qa.velocitypayment.com/client/rad/index.html' successfully

2023-07-17 21:19:59 - [TEST_STEP][PASSED] - orPath_Landing = "Object Repository/RAD_Pages/Landing_Page": null

2023-07-17 21:19:59 - [TEST_STEP][PASSED] - orPath_TaxTypeFilingYear = "Object Repository/RAD_Pages/TaxTypeFilingYear_Page": null

2023-07-17 21:19:59 - [TEST_STEP][PASSED] - orPath_TaxPayer = "Object Repository/RAD_Pages/Taxpayer_Page": null

2023-07-17 21:19:59 - [TEST_STEP][PASSED] - orPath_AddressContact = "Object Repository/RAD_Pages/AddressAndContactInfo_Page": null

2023-07-17 21:19:59 - [TEST_STEP][PASSED] - orPath_FilingStatus = "Object Repository/RAD_Pages/FilingStatus_Page": null

2023-07-17 21:19:59 - [TEST_STEP][PASSED] - orPath_Amount = "Object Repository/RAD_Pages/PaymentAmount_Page": null

2023-07-17 21:19:59 - [TEST_STEP][PASSED] - orPath_TaxInfo = "Object Repository/RAD_Pages/TaxInfo_Page": null

2023-07-17 21:19:59 - [TEST_STEP][PASSED] - orPath_Withholding = "Object Repository/RAD_Pages/Withholding_Page": null

2023-07-17 21:19:59 - [TEST_STEP][PASSED] - orPath_Summary = "Object Repository/RAD_Pages/Summary_Page": null

2023-07-17 21:19:59 - [TEST_STEP][PASSED] - orPath_PaymentReady = "Object Repository/RAD_Pages/PaymentReady_Page": null

2023-07-17 21:19:59 - [TEST_STEP][PASSED] - orPath_PaymentEntry = "Object Repository/RAD_Pages/PaymentEntry_Page": null

2023-07-17 21:19:59 - [TEST_STEP][PASSED] - orPath_PaymentConfirmation = "Object Repository/RAD_Pages/PaymentConfirmation_Page": null

2023-07-17 21:19:59 - [TEST_STEP][PASSED] - orPath_ServiceFeesAccept = "Object Repository/RAD_Pages/ServiceFeeAccept_Page": null

2023-07-17 21:19:59 - [TEST_STEP][PASSED] - selectOptionByLabel(findTestObject(orPath_Landing + "/dd_TaxType"), Taxtype, false): All options with label 'Personal Income Tax' are selected in object 'Object Repository/RAD_Pages/Landing_Page/dd_TaxType' 

2023-07-17 21:20:00 - [MESSAGE][PASSED] - All options with label 'Personal Income Tax' are selected in object 'Object Repository/RAD_Pages/Landing_Page/dd_TaxType' 

2023-07-17 21:20:00 - [TEST_STEP][PASSED] - delay(3): Delayed 3 second(s)

2023-07-17 21:20:03 - [MESSAGE][PASSED] - Delayed 3 second(s)

2023-07-17 21:20:03 - [TEST_STEP][PASSED] - switch (Taxtype): null

2023-07-17 21:20:03 - [TEST_STEP][PASSED] - case "Personal Income Tax":: null

2023-07-17 21:20:03 - [TEST_STEP][PASSED] - selectOptionByLabel(findTestObject(orPath_TaxTypeFilingYear + "/select_FilingYear"), FilingYear, false): All options with label '2020' are selected in object 'Object Repository/RAD_Pages/TaxTypeFilingYear_Page/select_FilingYear' 

2023-07-17 21:20:04 - [MESSAGE][PASSED] - All options with label '2020' are selected in object 'Object Repository/RAD_Pages/TaxTypeFilingYear_Page/select_FilingYear' 

2023-07-17 21:20:04 - [TEST_STEP][PASSED] - setText(findTestObject(orPath_TaxPayer + "/input_firstName"), FName): Text 'Michael' is set on object 'Object Repository/RAD_Pages/Taxpayer_Page/input_firstName'

2023-07-17 21:20:04 - [MESSAGE][PASSED] - Text 'Michael' is set on object 'Object Repository/RAD_Pages/Taxpayer_Page/input_firstName'

2023-07-17 21:20:04 - [TEST_STEP][PASSED] - setText(findTestObject(orPath_TaxPayer + "/input_lastName"), LName): Text 'Vaughn' is set on object 'Object Repository/RAD_Pages/Taxpayer_Page/input_lastName'

2023-07-17 21:20:05 - [MESSAGE][PASSED] - Text 'Vaughn' is set on object 'Object Repository/RAD_Pages/Taxpayer_Page/input_lastName'

2023-07-17 21:20:05 - [TEST_STEP][PASSED] - setText(findTestObject("RAD_RecordAndPlay/input_concatSSN"), SSN): Text '123452514' is set on object 'Object Repository/RAD_RecordAndPlay/input_concatSSN'

2023-07-17 21:20:06 - [MESSAGE][PASSED] - Text '123452514' is set on object 'Object Repository/RAD_RecordAndPlay/input_concatSSN'

2023-07-17 21:20:06 - [TEST_STEP][PASSED] - setText(findTestObject("RAD_RecordAndPlay/input_concatReSSN"), SSN): Text '123452514' is set on object 'Object Repository/RAD_RecordAndPlay/input_concatReSSN'

2023-07-17 21:20:06 - [MESSAGE][PASSED] - Text '123452514' is set on object 'Object Repository/RAD_RecordAndPlay/input_concatReSSN'

2023-07-17 21:20:06 - [TEST_STEP][PASSED] - if (FilingType.equalsIgnoreCase("Y")): Object 'Object Repository/RAD_Pages/FilingStatus_Page/input_userType_Individual' is checked

2023-07-17 21:20:06 - [TEST_STEP][PASSED] - check(findTestObject(orPath_FilingStatus + "/input_userType_Individual")): Object 'Object Repository/RAD_Pages/FilingStatus_Page/input_userType_Individual' is checked

2023-07-17 21:20:07 - [MESSAGE][PASSED] - Object 'Object Repository/RAD_Pages/FilingStatus_Page/input_userType_Individual' is checked

2023-07-17 21:20:07 - [TEST_STEP][PASSED] - break: null

2023-07-17 21:20:07 - [TEST_STEP][PASSED] - if (PaymentType.equalsIgnoreCase("Personal")): null

2023-07-17 21:20:07 - [TEST_STEP][PASSED] - selectOptionByLabel(findTestObject(orPath_AddressContact + "/select_Country"), "United States", false): All options with label 'United States' are selected in object 'Object Repository/RAD_Pages/AddressAndContactInfo_Page/select_Country' 

2023-07-17 21:20:07 - [MESSAGE][PASSED] - All options with label 'United States' are selected in object 'Object Repository/RAD_Pages/AddressAndContactInfo_Page/select_Country' 

2023-07-17 21:20:07 - [TEST_STEP][PASSED] - setText(findTestObject(orPath_AddressContact + "/input_streetAddress1"), AL1): Text '2000 14th street' is set on object 'Object Repository/RAD_Pages/AddressAndContactInfo_Page/input_streetAddress1'

2023-07-17 21:20:08 - [MESSAGE][PASSED] - Text '2000 14th street' is set on object 'Object Repository/RAD_Pages/AddressAndContactInfo_Page/input_streetAddress1'

2023-07-17 21:20:08 - [TEST_STEP][PASSED] - setText(findTestObject(orPath_AddressContact + "/input_streetAddress2"), ""): Text '' is set on object 'Object Repository/RAD_Pages/AddressAndContactInfo_Page/input_streetAddress2'

2023-07-17 21:20:09 - [MESSAGE][PASSED] - Text '' is set on object 'Object Repository/RAD_Pages/AddressAndContactInfo_Page/input_streetAddress2'

2023-07-17 21:20:09 - [TEST_STEP][PASSED] - setText(findTestObject(orPath_AddressContact + "/input_city"), City): Text 'Columbia' is set on object 'Object Repository/RAD_Pages/AddressAndContactInfo_Page/input_city'

2023-07-17 21:20:09 - [MESSAGE][PASSED] - Text 'Columbia' is set on object 'Object Repository/RAD_Pages/AddressAndContactInfo_Page/input_city'

2023-07-17 21:20:09 - [TEST_STEP][PASSED] - selectOptionByLabel(findTestObject(orPath_AddressContact + "/select_State"), "Maryland", false): All options with label 'Maryland' are selected in object 'Object Repository/RAD_Pages/AddressAndContactInfo_Page/select_State' 

2023-07-17 21:20:10 - [MESSAGE][PASSED] - All options with label 'Maryland' are selected in object 'Object Repository/RAD_Pages/AddressAndContactInfo_Page/select_State' 

2023-07-17 21:20:10 - [TEST_STEP][PASSED] - setText(findTestObject(orPath_AddressContact + "/input_zipCode"), ZIP): Text '21093' is set on object 'Object Repository/RAD_Pages/AddressAndContactInfo_Page/input_zipCode'

2023-07-17 21:20:11 - [MESSAGE][PASSED] - Text '21093' is set on object 'Object Repository/RAD_Pages/AddressAndContactInfo_Page/input_zipCode'

2023-07-17 21:20:11 - [TEST_STEP][PASSED] - setText(findTestObject(orPath_AddressContact + "/input_phoneNumber"), "(703) 894-5000"): Text '(703) 894-5000' is set on object 'Object Repository/RAD_Pages/AddressAndContactInfo_Page/input_phoneNumber'

2023-07-17 21:20:12 - [MESSAGE][PASSED] - Text '(703) 894-5000' is set on object 'Object Repository/RAD_Pages/AddressAndContactInfo_Page/input_phoneNumber'

2023-07-17 21:20:12 - [TEST_STEP][PASSED] - setText(findTestObject(orPath_AddressContact + "/input_eMailAddress"), "iahmed@govolution.com"): Text 'iahmed@govolution.com' is set on object 'Object Repository/RAD_Pages/AddressAndContactInfo_Page/input_eMailAddress'

2023-07-17 21:20:12 - [MESSAGE][PASSED] - Text 'iahmed@govolution.com' is set on object 'Object Repository/RAD_Pages/AddressAndContactInfo_Page/input_eMailAddress'

2023-07-17 21:20:12 - [TEST_STEP][PASSED] - setText(findTestObject(orPath_AddressContact + "/input_reEnterEMailAddress"), "iahmed@govolution.com"): Text 'iahmed@govolution.com' is set on object 'Object Repository/RAD_Pages/AddressAndContactInfo_Page/input_reEnterEMailAddress'

2023-07-17 21:20:13 - [MESSAGE][PASSED] - Text 'iahmed@govolution.com' is set on object 'Object Repository/RAD_Pages/AddressAndContactInfo_Page/input_reEnterEMailAddress'

2023-07-17 21:20:13 - [TEST_STEP][PASSED] - setText(findTestObject(orPath_Amount + "/input__paymentAmount"), Amount): Text '100.00' is set on object 'Object Repository/RAD_Pages/PaymentAmount_Page/input__paymentAmount'

2023-07-17 21:20:14 - [MESSAGE][PASSED] - Text '100.00' is set on object 'Object Repository/RAD_Pages/PaymentAmount_Page/input__paymentAmount'

2023-07-17 21:20:14 - [TEST_STEP][PASSED] - scrollToElement(findTestObject(orPath_Landing + "/button_Continue"), 3): Scroll to object 'Object Repository/RAD_Pages/Landing_Page/button_Continue' successfully

2023-07-17 21:20:14 - [MESSAGE][PASSED] - Scroll to object 'Object Repository/RAD_Pages/Landing_Page/button_Continue' successfully

2023-07-17 21:20:14 - [TEST_STEP][PASSED] - waitForElementClickable(findTestObject(orPath_Landing + "/button_Continue"), 5): Object 'Object Repository/RAD_Pages/Landing_Page/button_Continue' is clickable

2023-07-17 21:20:15 - [MESSAGE][PASSED] - Object 'Object Repository/RAD_Pages/Landing_Page/button_Continue' is clickable

2023-07-17 21:20:15 - [TEST_STEP][PASSED] - click(findTestObject(orPath_Landing + "/button_Continue")): Object: 'Object Repository/RAD_Pages/Landing_Page/button_Continue' is clicked on

2023-07-17 21:20:15 - [MESSAGE][PASSED] - Object: 'Object Repository/RAD_Pages/Landing_Page/button_Continue' is clicked on

2023-07-17 21:20:15 - [TEST_STEP][PASSED] - verifyTextPresent("Review the information below and make any necessary corrections by clicking the", true): Text 'Review the information below and make any necessary corrections by clicking the' is present on page  using regular expression

2023-07-17 21:20:16 - [MESSAGE][PASSED] - Text 'Review the information below and make any necessary corrections by clicking the' is present on page  using regular expression

2023-07-17 21:20:16 - [TEST_STEP][PASSED] - verifyTextPresent("When you are confident that all the information is correct", true): Text 'When you are confident that all the information is correct' is present on page  using regular expression

2023-07-17 21:20:16 - [MESSAGE][PASSED] - Text 'When you are confident that all the information is correct' is present on page  using regular expression

2023-07-17 21:20:16 - [TEST_STEP][PASSED] - delay(1): Delayed 1 second(s)

2023-07-17 21:20:17 - [MESSAGE][PASSED] - Delayed 1 second(s)

2023-07-17 21:20:17 - [TEST_STEP][PASSED] - click(findTestObject(orPath_Summary + "/button_Proceed to Payment")): Object: 'Object Repository/RAD_Pages/Summary_Page/button_Proceed to Payment' is clicked on

2023-07-17 21:20:18 - [MESSAGE][PASSED] - Object: 'Object Repository/RAD_Pages/Summary_Page/button_Proceed to Payment' is clicked on

2023-07-17 21:20:18 - [TEST_STEP][PASSED] - if (PaymentType.equalsIgnoreCase("Corporate")): null

2023-07-17 21:20:18 - [TEST_STEP][PASSED] - setText(findTestObject(orPath_PaymentEntry + "/input__cardNumber"), CCNumber): Text '6011000993026909' is set on object 'Object Repository/RAD_Pages/PaymentEntry_Page/input__cardNumber'

2023-07-17 21:20:19 - [MESSAGE][PASSED] - Text '6011000993026909' is set on object 'Object Repository/RAD_Pages/PaymentEntry_Page/input__cardNumber'

2023-07-17 21:20:19 - [TEST_STEP][PASSED] - setText(findTestObject(orPath_PaymentEntry + "/input__spc"), CVV): Text '123' is set on object 'Object Repository/RAD_Pages/PaymentEntry_Page/input__spc'

2023-07-17 21:20:20 - [MESSAGE][PASSED] - Text '123' is set on object 'Object Repository/RAD_Pages/PaymentEntry_Page/input__spc'

2023-07-17 21:20:20 - [TEST_STEP][PASSED] - selectOptionByLabel(findTestObject(orPath_PaymentEntry + "/select_MM"), "12", false): All options with label '12' are selected in object 'Object Repository/RAD_Pages/PaymentEntry_Page/select_MM' 

2023-07-17 21:20:21 - [MESSAGE][PASSED] - All options with label '12' are selected in object 'Object Repository/RAD_Pages/PaymentEntry_Page/select_MM' 

2023-07-17 21:20:21 - [TEST_STEP][PASSED] - selectOptionByLabel(findTestObject(orPath_PaymentEntry + "/select_YYYY"), "2023", false): All options with label '2023' are selected in object 'Object Repository/RAD_Pages/PaymentEntry_Page/select_YYYY' 

2023-07-17 21:20:21 - [MESSAGE][PASSED] - All options with label '2023' are selected in object 'Object Repository/RAD_Pages/PaymentEntry_Page/select_YYYY' 

2023-07-17 21:20:21 - [TEST_STEP][PASSED] - click(findTestObject(orPath_PaymentEntry + "/input_Field_ccSubmit")): Object: 'Object Repository/RAD_Pages/PaymentEntry_Page/input_Field_ccSubmit' is clicked on

2023-07-17 21:20:22 - [MESSAGE][PASSED] - Object: 'Object Repository/RAD_Pages/PaymentEntry_Page/input_Field_ccSubmit' is clicked on

2023-07-17 21:20:22 - [TEST_STEP][PASSED] - click(findTestObject(orPath_PaymentConfirmation + "/input_N_confirmNotifyAction")): Object: 'Object Repository/RAD_Pages/PaymentConfirmation_Page/input_N_confirmNotifyAction' is clicked on

2023-07-17 21:20:23 - [MESSAGE][PASSED] - Object: 'Object Repository/RAD_Pages/PaymentConfirmation_Page/input_N_confirmNotifyAction' is clicked on

2023-07-17 21:20:23 - [TEST_STEP][PASSED] - click(findTestObject(orPath_ServiceFeesAccept + "/input_convFeeNotifyAction")): Object: 'Object Repository/RAD_Pages/ServiceFeeAccept_Page/input_convFeeNotifyAction' is clicked on

2023-07-17 21:20:24 - [MESSAGE][PASSED] - Object: 'Object Repository/RAD_Pages/ServiceFeeAccept_Page/input_convFeeNotifyAction' is clicked on

2023-07-17 21:20:24 - [TEST_STEP][PASSED] - delay(10): Delayed 10 second(s)

2023-07-17 21:20:34 - [MESSAGE][PASSED] - Delayed 10 second(s)

2023-07-17 21:20:34 - [TEST_STEP][PASSED] - verifyTextPresent("Successful Payment Receipt", true): Text 'Successful Payment Receipt' is present on page  using regular expression

2023-07-17 21:20:35 - [MESSAGE][PASSED] - Text 'Successful Payment Receipt' is present on page  using regular expression

2023-07-17 21:20:35 - [TEST_STEP][PASSED] - if (verifyTextPresent("Successful Payment Receipt", true)): null

2023-07-17 21:20:35 - [MESSAGE][PASSED] - Text 'Successful Payment Receipt' is present on page  using regular expression

2023-07-17 21:20:35 - [TEST_STEP][PASSED] - println("Transaction was Successful"): null

2023-07-17 21:20:35 - [TEST_STEP][PASSED] - out.println("Pass Record Number: " + row): null

2023-07-17 21:20:35 - [TEST_STEP][PASSED] - resText = "Pass": null

2023-07-17 21:20:35 - [TEST_STEP][PASSED] - pages.WriteExcel.demoKey(resText, datText, resColumn, datCloumn, fileLoc, nameSheet, row): pages.WriteExcel.demoKey is PASSED

2023-07-17 21:20:35 - [MESSAGE][PASSED] - pages.WriteExcel.demoKey is PASSED

2023-07-17 21:20:35 - [TEST_STEP][PASSED] - ExecuteTC = findTestData(dataFile).getValue("Execute", row): null

2023-07-17 21:20:35 - [TEST_STEP][PASSED] - PaymentType = findTestData(dataFile).getValue("PaymentType", row): null

2023-07-17 21:20:35 - [TEST_STEP][PASSED] - FilingYear = findTestData(dataFile).getValue("FilingYear", row): null

2023-07-17 21:20:35 - [TEST_STEP][PASSED] - PeriodEnding = findTestData(dataFile).getValue("PeriodEnding", row): null

2023-07-17 21:20:35 - [TEST_STEP][PASSED] - FName = findTestData(dataFile).getValue("Fname", row): null

2023-07-17 21:20:35 - [TEST_STEP][PASSED] - LName = findTestData(dataFile).getValue("Lname", row): null

2023-07-17 21:20:35 - [TEST_STEP][PASSED] - SSN = findTestData(dataFile).getValue("SSN", row): null

2023-07-17 21:20:35 - [TEST_STEP][PASSED] - BusName = findTestData(dataFile).getValue("BusName", row): null

2023-07-17 21:20:35 - [TEST_STEP][PASSED] - AL1 = findTestData(dataFile).getValue("AL1", row): null

2023-07-17 21:20:35 - [TEST_STEP][PASSED] - City = findTestData(dataFile).getValue("City", row): null

2023-07-17 21:20:35 - [TEST_STEP][PASSED] - ZIP = findTestData(dataFile).getValue("ZIP", row): null

2023-07-17 21:20:35 - [TEST_STEP][PASSED] - FilingType = findTestData(dataFile).getValue("FilingType", row): null

2023-07-17 21:20:35 - [TEST_STEP][PASSED] - Withholding = findTestData(dataFile).getValue("Withholding", row): null

2023-07-17 21:20:35 - [TEST_STEP][PASSED] - Amount = findTestData(dataFile).getValue("Amount", row): null

2023-07-17 21:20:35 - [TEST_STEP][PASSED] - CCNumber = findTestData(dataFile).getValue("CCNumber", row): null

2023-07-17 21:20:36 - [TEST_STEP][PASSED] - CVV = findTestData(dataFile).getValue("CVV", row): null

2023-07-17 21:20:36 - [TEST_STEP][PASSED] - out.println("Value of Execute is : " + ExecuteTC): null

2023-07-17 21:20:36 - [TEST_STEP][PASSED] - if (ExecuteTC.equalsIgnoreCase("Y")): null

2023-07-17 21:20:36 - [TEST_STEP][PASSED] - out.println("Begin Record Number: " + row): null

2023-07-17 21:20:36 - [TEST_STEP][PASSED] - today = new java.util.Date(): null

2023-07-17 21:20:36 - [TEST_STEP][PASSED] - println(today): null

2023-07-17 21:20:36 - [TEST_STEP][PASSED] - datText = today: null

2023-07-17 21:20:36 - [TEST_STEP][PASSED] - Taxtype = findTestData(dataFile).getValue("TaxType", row): null

2023-07-17 21:20:36 - [TEST_STEP][PASSED] - out.println("Taxtype value is : " + Taxtype): null

2023-07-17 21:20:36 - [TEST_STEP][PASSED] - openBrowser(""): Browser is opened with url: ''

2023-07-17 21:20:36 - [MESSAGE][WARNING] - A browser is already opened. Closing browser and opening a new one

2023-07-17 21:20:37 - [MESSAGE][INFO] - Starting 'Chrome' driver

2023-07-17 21:20:37 - [MESSAGE][INFO] - User set preference: ['acceptInsecureCerts', 'true']

2023-07-17 21:20:37 - [MESSAGE][INFO] - Action delay is set to 0 milliseconds

2023-07-17 21:20:38 - [MESSAGE][PASSED] - Browser is opened with url: ''

2023-07-17 21:20:38 - [TEST_STEP][PASSED] - maximizeWindow(): Current window maximized

2023-07-17 21:20:38 - [MESSAGE][PASSED] - Current window maximized

2023-07-17 21:20:38 - [TEST_STEP][PASSED] - navigateToUrl(RADurl): Navigate to 'https://qa.velocitypayment.com/client/rad/index.html' successfully

2023-07-17 21:20:40 - [MESSAGE][PASSED] - Navigate to 'https://qa.velocitypayment.com/client/rad/index.html' successfully

2023-07-17 21:20:40 - [TEST_STEP][PASSED] - orPath_Landing = "Object Repository/RAD_Pages/Landing_Page": null

2023-07-17 21:20:40 - [TEST_STEP][PASSED] - orPath_TaxTypeFilingYear = "Object Repository/RAD_Pages/TaxTypeFilingYear_Page": null

2023-07-17 21:20:40 - [TEST_STEP][PASSED] - orPath_TaxPayer = "Object Repository/RAD_Pages/Taxpayer_Page": null

2023-07-17 21:20:40 - [TEST_STEP][PASSED] - orPath_AddressContact = "Object Repository/RAD_Pages/AddressAndContactInfo_Page": null

2023-07-17 21:20:40 - [TEST_STEP][PASSED] - orPath_FilingStatus = "Object Repository/RAD_Pages/FilingStatus_Page": null

2023-07-17 21:20:40 - [TEST_STEP][PASSED] - orPath_Amount = "Object Repository/RAD_Pages/PaymentAmount_Page": null

2023-07-17 21:20:40 - [TEST_STEP][PASSED] - orPath_TaxInfo = "Object Repository/RAD_Pages/TaxInfo_Page": null

2023-07-17 21:20:40 - [TEST_STEP][PASSED] - orPath_Withholding = "Object Repository/RAD_Pages/Withholding_Page": null

2023-07-17 21:20:40 - [TEST_STEP][PASSED] - orPath_Summary = "Object Repository/RAD_Pages/Summary_Page": null

2023-07-17 21:20:40 - [TEST_STEP][PASSED] - orPath_PaymentReady = "Object Repository/RAD_Pages/PaymentReady_Page": null

2023-07-17 21:20:40 - [TEST_STEP][PASSED] - orPath_PaymentEntry = "Object Repository/RAD_Pages/PaymentEntry_Page": null

2023-07-17 21:20:40 - [TEST_STEP][PASSED] - orPath_PaymentConfirmation = "Object Repository/RAD_Pages/PaymentConfirmation_Page": null

2023-07-17 21:20:40 - [TEST_STEP][PASSED] - orPath_ServiceFeesAccept = "Object Repository/RAD_Pages/ServiceFeeAccept_Page": null

2023-07-17 21:20:40 - [TEST_STEP][PASSED] - selectOptionByLabel(findTestObject(orPath_Landing + "/dd_TaxType"), Taxtype, false): All options with label 'Personal Income Tax' are selected in object 'Object Repository/RAD_Pages/Landing_Page/dd_TaxType' 

2023-07-17 21:20:40 - [MESSAGE][PASSED] - All options with label 'Personal Income Tax' are selected in object 'Object Repository/RAD_Pages/Landing_Page/dd_TaxType' 

2023-07-17 21:20:40 - [TEST_STEP][PASSED] - delay(3): Delayed 3 second(s)

2023-07-17 21:20:43 - [MESSAGE][PASSED] - Delayed 3 second(s)

2023-07-17 21:20:43 - [TEST_STEP][PASSED] - switch (Taxtype): null

2023-07-17 21:20:43 - [TEST_STEP][PASSED] - case "Personal Income Tax":: null

2023-07-17 21:20:43 - [TEST_STEP][PASSED] - selectOptionByLabel(findTestObject(orPath_TaxTypeFilingYear + "/select_FilingYear"), FilingYear, false): All options with label '2022' are selected in object 'Object Repository/RAD_Pages/TaxTypeFilingYear_Page/select_FilingYear' 

2023-07-17 21:20:44 - [MESSAGE][PASSED] - All options with label '2022' are selected in object 'Object Repository/RAD_Pages/TaxTypeFilingYear_Page/select_FilingYear' 

2023-07-17 21:20:44 - [TEST_STEP][PASSED] - setText(findTestObject(orPath_TaxPayer + "/input_firstName"), FName): Text 'Andrew' is set on object 'Object Repository/RAD_Pages/Taxpayer_Page/input_firstName'

2023-07-17 21:20:45 - [MESSAGE][PASSED] - Text 'Andrew' is set on object 'Object Repository/RAD_Pages/Taxpayer_Page/input_firstName'

2023-07-17 21:20:45 - [TEST_STEP][PASSED] - setText(findTestObject(orPath_TaxPayer + "/input_lastName"), LName): Text 'Cook' is set on object 'Object Repository/RAD_Pages/Taxpayer_Page/input_lastName'

2023-07-17 21:20:45 - [MESSAGE][PASSED] - Text 'Cook' is set on object 'Object Repository/RAD_Pages/Taxpayer_Page/input_lastName'

2023-07-17 21:20:45 - [TEST_STEP][PASSED] - setText(findTestObject("RAD_RecordAndPlay/input_concatSSN"), SSN): Text '123450145' is set on object 'Object Repository/RAD_RecordAndPlay/input_concatSSN'

2023-07-17 21:20:46 - [MESSAGE][PASSED] - Text '123450145' is set on object 'Object Repository/RAD_RecordAndPlay/input_concatSSN'

2023-07-17 21:20:46 - [TEST_STEP][PASSED] - setText(findTestObject("RAD_RecordAndPlay/input_concatReSSN"), SSN): Text '123450145' is set on object 'Object Repository/RAD_RecordAndPlay/input_concatReSSN'

2023-07-17 21:20:47 - [MESSAGE][PASSED] - Text '123450145' is set on object 'Object Repository/RAD_RecordAndPlay/input_concatReSSN'

2023-07-17 21:20:47 - [TEST_STEP][PASSED] - if (FilingType.equalsIgnoreCase("Y")): null

2023-07-17 21:20:47 - [TEST_STEP][PASSED] - else: Text '123453210' is set on object 'Object Repository/RAD_RecordAndPlay/input_reTypeJointFilerSSN'

2023-07-17 21:20:47 - [TEST_STEP][PASSED] - scrollToElement(findTestObject(orPath_Amount + "/input__paymentAmount"), 3): Scroll to object 'Object Repository/RAD_Pages/PaymentAmount_Page/input__paymentAmount' successfully

2023-07-17 21:20:47 - [MESSAGE][PASSED] - Scroll to object 'Object Repository/RAD_Pages/PaymentAmount_Page/input__paymentAmount' successfully

2023-07-17 21:20:47 - [TEST_STEP][PASSED] - waitForElementClickable(findTestObject(orPath_FilingStatus + "/input_userType_Joint"), 5): Object 'Object Repository/RAD_Pages/FilingStatus_Page/input_userType_Joint' is clickable

2023-07-17 21:20:47 - [MESSAGE][PASSED] - Object 'Object Repository/RAD_Pages/FilingStatus_Page/input_userType_Joint' is clickable

2023-07-17 21:20:47 - [TEST_STEP][PASSED] - check(findTestObject(orPath_FilingStatus + "/input_userType_Joint")): Object 'Object Repository/RAD_Pages/FilingStatus_Page/input_userType_Joint' is checked

2023-07-17 21:20:48 - [MESSAGE][PASSED] - Object 'Object Repository/RAD_Pages/FilingStatus_Page/input_userType_Joint' is checked

2023-07-17 21:20:48 - [TEST_STEP][PASSED] - delay(3): Delayed 3 second(s)

2023-07-17 21:20:51 - [MESSAGE][PASSED] - Delayed 3 second(s)

2023-07-17 21:20:51 - [TEST_STEP][PASSED] - setText(findTestObject(orPath_FilingStatus + "/input_jointFirstName"), "Sam"): Text 'Sam' is set on object 'Object Repository/RAD_Pages/FilingStatus_Page/input_jointFirstName'

2023-07-17 21:20:51 - [MESSAGE][PASSED] - Text 'Sam' is set on object 'Object Repository/RAD_Pages/FilingStatus_Page/input_jointFirstName'

2023-07-17 21:20:51 - [TEST_STEP][PASSED] - setText(findTestObject(orPath_FilingStatus + "/input_jointLastName"), "Stokes"): Text 'Stokes' is set on object 'Object Repository/RAD_Pages/FilingStatus_Page/input_jointLastName'

2023-07-17 21:20:52 - [MESSAGE][PASSED] - Text 'Stokes' is set on object 'Object Repository/RAD_Pages/FilingStatus_Page/input_jointLastName'

2023-07-17 21:20:52 - [TEST_STEP][PASSED] - setText(findTestObject("Object Repository/RAD_RecordAndPlay/input_JointFilerSSN"), "123453210"): Text '123453210' is set on object 'Object Repository/RAD_RecordAndPlay/input_JointFilerSSN'

2023-07-17 21:20:53 - [MESSAGE][PASSED] - Text '123453210' is set on object 'Object Repository/RAD_RecordAndPlay/input_JointFilerSSN'

2023-07-17 21:20:53 - [TEST_STEP][PASSED] - setText(findTestObject("Object Repository/RAD_RecordAndPlay/input_reTypeJointFilerSSN"), "123453210"): Text '123453210' is set on object 'Object Repository/RAD_RecordAndPlay/input_reTypeJointFilerSSN'

2023-07-17 21:20:53 - [MESSAGE][PASSED] - Text '123453210' is set on object 'Object Repository/RAD_RecordAndPlay/input_reTypeJointFilerSSN'

2023-07-17 21:20:53 - [TEST_STEP][PASSED] - break: null

2023-07-17 21:20:53 - [TEST_STEP][PASSED] - if (PaymentType.equalsIgnoreCase("Personal")): null

2023-07-17 21:20:53 - [TEST_STEP][PASSED] - selectOptionByLabel(findTestObject(orPath_AddressContact + "/select_Country"), "United States", false): All options with label 'United States' are selected in object 'Object Repository/RAD_Pages/AddressAndContactInfo_Page/select_Country' 

2023-07-17 21:20:54 - [MESSAGE][PASSED] - All options with label 'United States' are selected in object 'Object Repository/RAD_Pages/AddressAndContactInfo_Page/select_Country' 

2023-07-17 21:20:54 - [TEST_STEP][PASSED] - setText(findTestObject(orPath_AddressContact + "/input_streetAddress1"), AL1): Text '3652 Mandan road' is set on object 'Object Repository/RAD_Pages/AddressAndContactInfo_Page/input_streetAddress1'

2023-07-17 21:20:55 - [MESSAGE][PASSED] - Text '3652 Mandan road' is set on object 'Object Repository/RAD_Pages/AddressAndContactInfo_Page/input_streetAddress1'

2023-07-17 21:20:55 - [TEST_STEP][PASSED] - setText(findTestObject(orPath_AddressContact + "/input_streetAddress2"), ""): Text '' is set on object 'Object Repository/RAD_Pages/AddressAndContactInfo_Page/input_streetAddress2'

2023-07-17 21:20:56 - [MESSAGE][PASSED] - Text '' is set on object 'Object Repository/RAD_Pages/AddressAndContactInfo_Page/input_streetAddress2'

2023-07-17 21:20:56 - [TEST_STEP][PASSED] - setText(findTestObject(orPath_AddressContact + "/input_city"), City): Text 'Crofton' is set on object 'Object Repository/RAD_Pages/AddressAndContactInfo_Page/input_city'

2023-07-17 21:20:56 - [MESSAGE][PASSED] - Text 'Crofton' is set on object 'Object Repository/RAD_Pages/AddressAndContactInfo_Page/input_city'

2023-07-17 21:20:56 - [TEST_STEP][PASSED] - selectOptionByLabel(findTestObject(orPath_AddressContact + "/select_State"), "Maryland", false): All options with label 'Maryland' are selected in object 'Object Repository/RAD_Pages/AddressAndContactInfo_Page/select_State' 

2023-07-17 21:20:57 - [MESSAGE][PASSED] - All options with label 'Maryland' are selected in object 'Object Repository/RAD_Pages/AddressAndContactInfo_Page/select_State' 

2023-07-17 21:20:57 - [TEST_STEP][PASSED] - setText(findTestObject(orPath_AddressContact + "/input_zipCode"), ZIP): Text '21114' is set on object 'Object Repository/RAD_Pages/AddressAndContactInfo_Page/input_zipCode'

2023-07-17 21:20:58 - [MESSAGE][PASSED] - Text '21114' is set on object 'Object Repository/RAD_Pages/AddressAndContactInfo_Page/input_zipCode'

2023-07-17 21:20:58 - [TEST_STEP][PASSED] - setText(findTestObject(orPath_AddressContact + "/input_phoneNumber"), "(703) 894-5000"): Text '(703) 894-5000' is set on object 'Object Repository/RAD_Pages/AddressAndContactInfo_Page/input_phoneNumber'

2023-07-17 21:20:58 - [MESSAGE][PASSED] - Text '(703) 894-5000' is set on object 'Object Repository/RAD_Pages/AddressAndContactInfo_Page/input_phoneNumber'

2023-07-17 21:20:58 - [TEST_STEP][PASSED] - setText(findTestObject(orPath_AddressContact + "/input_eMailAddress"), "iahmed@govolution.com"): Text 'iahmed@govolution.com' is set on object 'Object Repository/RAD_Pages/AddressAndContactInfo_Page/input_eMailAddress'

2023-07-17 21:20:59 - [MESSAGE][PASSED] - Text 'iahmed@govolution.com' is set on object 'Object Repository/RAD_Pages/AddressAndContactInfo_Page/input_eMailAddress'

2023-07-17 21:20:59 - [TEST_STEP][PASSED] - setText(findTestObject(orPath_AddressContact + "/input_reEnterEMailAddress"), "iahmed@govolution.com"): Text 'iahmed@govolution.com' is set on object 'Object Repository/RAD_Pages/AddressAndContactInfo_Page/input_reEnterEMailAddress'

2023-07-17 21:21:00 - [MESSAGE][PASSED] - Text 'iahmed@govolution.com' is set on object 'Object Repository/RAD_Pages/AddressAndContactInfo_Page/input_reEnterEMailAddress'

2023-07-17 21:21:00 - [TEST_STEP][PASSED] - setText(findTestObject(orPath_Amount + "/input__paymentAmount"), Amount): Text '100.00' is set on object 'Object Repository/RAD_Pages/PaymentAmount_Page/input__paymentAmount'

2023-07-17 21:21:01 - [MESSAGE][PASSED] - Text '100.00' is set on object 'Object Repository/RAD_Pages/PaymentAmount_Page/input__paymentAmount'

2023-07-17 21:21:01 - [TEST_STEP][PASSED] - scrollToElement(findTestObject(orPath_Landing + "/button_Continue"), 3): Scroll to object 'Object Repository/RAD_Pages/Landing_Page/button_Continue' successfully

2023-07-17 21:21:01 - [MESSAGE][PASSED] - Scroll to object 'Object Repository/RAD_Pages/Landing_Page/button_Continue' successfully

2023-07-17 21:21:01 - [TEST_STEP][PASSED] - waitForElementClickable(findTestObject(orPath_Landing + "/button_Continue"), 5): Object 'Object Repository/RAD_Pages/Landing_Page/button_Continue' is clickable

2023-07-17 21:21:01 - [MESSAGE][PASSED] - Object 'Object Repository/RAD_Pages/Landing_Page/button_Continue' is clickable

2023-07-17 21:21:01 - [TEST_STEP][PASSED] - click(findTestObject(orPath_Landing + "/button_Continue")): Object: 'Object Repository/RAD_Pages/Landing_Page/button_Continue' is clicked on

2023-07-17 21:21:02 - [MESSAGE][PASSED] - Object: 'Object Repository/RAD_Pages/Landing_Page/button_Continue' is clicked on

2023-07-17 21:21:02 - [TEST_STEP][PASSED] - verifyTextPresent("Review the information below and make any necessary corrections by clicking the", true): Text 'Review the information below and make any necessary corrections by clicking the' is present on page  using regular expression

2023-07-17 21:21:02 - [MESSAGE][PASSED] - Text 'Review the information below and make any necessary corrections by clicking the' is present on page  using regular expression

2023-07-17 21:21:02 - [TEST_STEP][PASSED] - verifyTextPresent("When you are confident that all the information is correct", true): Text 'When you are confident that all the information is correct' is present on page  using regular expression

2023-07-17 21:21:03 - [MESSAGE][PASSED] - Text 'When you are confident that all the information is correct' is present on page  using regular expression

2023-07-17 21:21:03 - [TEST_STEP][PASSED] - delay(1): Delayed 1 second(s)

2023-07-17 21:21:04 - [MESSAGE][PASSED] - Delayed 1 second(s)

2023-07-17 21:21:04 - [TEST_STEP][PASSED] - click(findTestObject(orPath_Summary + "/button_Proceed to Payment")): Object: 'Object Repository/RAD_Pages/Summary_Page/button_Proceed to Payment' is clicked on

2023-07-17 21:21:05 - [MESSAGE][PASSED] - Object: 'Object Repository/RAD_Pages/Summary_Page/button_Proceed to Payment' is clicked on

2023-07-17 21:21:05 - [TEST_STEP][PASSED] - if (PaymentType.equalsIgnoreCase("Corporate")): null

2023-07-17 21:21:05 - [TEST_STEP][PASSED] - setText(findTestObject(orPath_PaymentEntry + "/input__cardNumber"), CCNumber): Text '4012000098765439' is set on object 'Object Repository/RAD_Pages/PaymentEntry_Page/input__cardNumber'

2023-07-17 21:21:06 - [MESSAGE][PASSED] - Text '4012000098765439' is set on object 'Object Repository/RAD_Pages/PaymentEntry_Page/input__cardNumber'

2023-07-17 21:21:06 - [TEST_STEP][PASSED] - setText(findTestObject(orPath_PaymentEntry + "/input__spc"), CVV): Text '123' is set on object 'Object Repository/RAD_Pages/PaymentEntry_Page/input__spc'

2023-07-17 21:21:07 - [MESSAGE][PASSED] - Text '123' is set on object 'Object Repository/RAD_Pages/PaymentEntry_Page/input__spc'

2023-07-17 21:21:07 - [TEST_STEP][PASSED] - selectOptionByLabel(findTestObject(orPath_PaymentEntry + "/select_MM"), "12", false): All options with label '12' are selected in object 'Object Repository/RAD_Pages/PaymentEntry_Page/select_MM' 

2023-07-17 21:21:07 - [MESSAGE][PASSED] - All options with label '12' are selected in object 'Object Repository/RAD_Pages/PaymentEntry_Page/select_MM' 

2023-07-17 21:21:07 - [TEST_STEP][PASSED] - selectOptionByLabel(findTestObject(orPath_PaymentEntry + "/select_YYYY"), "2023", false): All options with label '2023' are selected in object 'Object Repository/RAD_Pages/PaymentEntry_Page/select_YYYY' 

2023-07-17 21:21:08 - [MESSAGE][PASSED] - All options with label '2023' are selected in object 'Object Repository/RAD_Pages/PaymentEntry_Page/select_YYYY' 

2023-07-17 21:21:08 - [TEST_STEP][PASSED] - click(findTestObject(orPath_PaymentEntry + "/input_Field_ccSubmit")): Object: 'Object Repository/RAD_Pages/PaymentEntry_Page/input_Field_ccSubmit' is clicked on

2023-07-17 21:21:09 - [MESSAGE][PASSED] - Object: 'Object Repository/RAD_Pages/PaymentEntry_Page/input_Field_ccSubmit' is clicked on

2023-07-17 21:21:09 - [TEST_STEP][PASSED] - click(findTestObject(orPath_PaymentConfirmation + "/input_N_confirmNotifyAction")): Object: 'Object Repository/RAD_Pages/PaymentConfirmation_Page/input_N_confirmNotifyAction' is clicked on

2023-07-17 21:21:10 - [MESSAGE][PASSED] - Object: 'Object Repository/RAD_Pages/PaymentConfirmation_Page/input_N_confirmNotifyAction' is clicked on

2023-07-17 21:21:10 - [TEST_STEP][PASSED] - click(findTestObject(orPath_ServiceFeesAccept + "/input_convFeeNotifyAction")): Object: 'Object Repository/RAD_Pages/ServiceFeeAccept_Page/input_convFeeNotifyAction' is clicked on

2023-07-17 21:21:11 - [MESSAGE][PASSED] - Object: 'Object Repository/RAD_Pages/ServiceFeeAccept_Page/input_convFeeNotifyAction' is clicked on

2023-07-17 21:21:11 - [TEST_STEP][PASSED] - delay(10): Delayed 10 second(s)

2023-07-17 21:21:21 - [MESSAGE][PASSED] - Delayed 10 second(s)

2023-07-17 21:21:21 - [TEST_STEP][PASSED] - verifyTextPresent("Successful Payment Receipt", true): Text 'Successful Payment Receipt' is present on page  using regular expression

2023-07-17 21:21:21 - [MESSAGE][PASSED] - Text 'Successful Payment Receipt' is present on page  using regular expression

2023-07-17 21:21:21 - [TEST_STEP][PASSED] - if (verifyTextPresent("Successful Payment Receipt", true)): null

2023-07-17 21:21:21 - [MESSAGE][PASSED] - Text 'Successful Payment Receipt' is present on page  using regular expression

2023-07-17 21:21:21 - [TEST_STEP][PASSED] - println("Transaction was Successful"): null

2023-07-17 21:21:21 - [TEST_STEP][PASSED] - out.println("Pass Record Number: " + row): null

2023-07-17 21:21:21 - [TEST_STEP][PASSED] - resText = "Pass": null

2023-07-17 21:21:21 - [TEST_STEP][PASSED] - pages.WriteExcel.demoKey(resText, datText, resColumn, datCloumn, fileLoc, nameSheet, row): pages.WriteExcel.demoKey is PASSED

2023-07-17 21:21:21 - [MESSAGE][PASSED] - pages.WriteExcel.demoKey is PASSED

2023-07-17 21:21:21 - [TEST_STEP][PASSED] - ExecuteTC = findTestData(dataFile).getValue("Execute", row): null

2023-07-17 21:21:22 - [TEST_STEP][PASSED] - PaymentType = findTestData(dataFile).getValue("PaymentType", row): null

2023-07-17 21:21:22 - [TEST_STEP][PASSED] - FilingYear = findTestData(dataFile).getValue("FilingYear", row): null

2023-07-17 21:21:22 - [TEST_STEP][PASSED] - PeriodEnding = findTestData(dataFile).getValue("PeriodEnding", row): null

2023-07-17 21:21:22 - [TEST_STEP][PASSED] - FName = findTestData(dataFile).getValue("Fname", row): null

2023-07-17 21:21:22 - [TEST_STEP][PASSED] - LName = findTestData(dataFile).getValue("Lname", row): null

2023-07-17 21:21:22 - [TEST_STEP][PASSED] - SSN = findTestData(dataFile).getValue("SSN", row): null

2023-07-17 21:21:22 - [TEST_STEP][PASSED] - BusName = findTestData(dataFile).getValue("BusName", row): null

2023-07-17 21:21:22 - [TEST_STEP][PASSED] - AL1 = findTestData(dataFile).getValue("AL1", row): null

2023-07-17 21:21:22 - [TEST_STEP][PASSED] - City = findTestData(dataFile).getValue("City", row): null

2023-07-17 21:21:22 - [TEST_STEP][PASSED] - ZIP = findTestData(dataFile).getValue("ZIP", row): null

2023-07-17 21:21:22 - [TEST_STEP][PASSED] - FilingType = findTestData(dataFile).getValue("FilingType", row): null

2023-07-17 21:21:22 - [TEST_STEP][PASSED] - Withholding = findTestData(dataFile).getValue("Withholding", row): null

2023-07-17 21:21:22 - [TEST_STEP][PASSED] - Amount = findTestData(dataFile).getValue("Amount", row): null

2023-07-17 21:21:22 - [TEST_STEP][PASSED] - CCNumber = findTestData(dataFile).getValue("CCNumber", row): null

2023-07-17 21:21:22 - [TEST_STEP][PASSED] - CVV = findTestData(dataFile).getValue("CVV", row): null

2023-07-17 21:21:22 - [TEST_STEP][PASSED] - out.println("Value of Execute is : " + ExecuteTC): null

2023-07-17 21:21:22 - [TEST_STEP][PASSED] - if (ExecuteTC.equalsIgnoreCase("Y")): null

2023-07-17 21:21:22 - [TEST_STEP][PASSED] - out.println("Begin Record Number: " + row): null

2023-07-17 21:21:22 - [TEST_STEP][PASSED] - today = new java.util.Date(): null

2023-07-17 21:21:22 - [TEST_STEP][PASSED] - println(today): null

2023-07-17 21:21:22 - [TEST_STEP][PASSED] - datText = today: null

2023-07-17 21:21:22 - [TEST_STEP][PASSED] - Taxtype = findTestData(dataFile).getValue("TaxType", row): null

2023-07-17 21:21:22 - [TEST_STEP][PASSED] - out.println("Taxtype value is : " + Taxtype): null

2023-07-17 21:21:22 - [TEST_STEP][PASSED] - openBrowser(""): Browser is opened with url: ''

2023-07-17 21:21:22 - [MESSAGE][WARNING] - A browser is already opened. Closing browser and opening a new one

2023-07-17 21:21:23 - [MESSAGE][INFO] - Starting 'Chrome' driver

2023-07-17 21:21:23 - [MESSAGE][INFO] - User set preference: ['acceptInsecureCerts', 'true']

2023-07-17 21:21:23 - [MESSAGE][INFO] - Action delay is set to 0 milliseconds

2023-07-17 21:21:25 - [MESSAGE][PASSED] - Browser is opened with url: ''

2023-07-17 21:21:25 - [TEST_STEP][PASSED] - maximizeWindow(): Current window maximized

2023-07-17 21:21:25 - [MESSAGE][PASSED] - Current window maximized

2023-07-17 21:21:25 - [TEST_STEP][PASSED] - navigateToUrl(RADurl): Navigate to 'https://qa.velocitypayment.com/client/rad/index.html' successfully

2023-07-17 21:21:28 - [MESSAGE][PASSED] - Navigate to 'https://qa.velocitypayment.com/client/rad/index.html' successfully

2023-07-17 21:21:28 - [TEST_STEP][PASSED] - orPath_Landing = "Object Repository/RAD_Pages/Landing_Page": null

2023-07-17 21:21:28 - [TEST_STEP][PASSED] - orPath_TaxTypeFilingYear = "Object Repository/RAD_Pages/TaxTypeFilingYear_Page": null

2023-07-17 21:21:28 - [TEST_STEP][PASSED] - orPath_TaxPayer = "Object Repository/RAD_Pages/Taxpayer_Page": null

2023-07-17 21:21:28 - [TEST_STEP][PASSED] - orPath_AddressContact = "Object Repository/RAD_Pages/AddressAndContactInfo_Page": null

2023-07-17 21:21:28 - [TEST_STEP][PASSED] - orPath_FilingStatus = "Object Repository/RAD_Pages/FilingStatus_Page": null

2023-07-17 21:21:28 - [TEST_STEP][PASSED] - orPath_Amount = "Object Repository/RAD_Pages/PaymentAmount_Page": null

2023-07-17 21:21:28 - [TEST_STEP][PASSED] - orPath_TaxInfo = "Object Repository/RAD_Pages/TaxInfo_Page": null

2023-07-17 21:21:28 - [TEST_STEP][PASSED] - orPath_Withholding = "Object Repository/RAD_Pages/Withholding_Page": null

2023-07-17 21:21:28 - [TEST_STEP][PASSED] - orPath_Summary = "Object Repository/RAD_Pages/Summary_Page": null

2023-07-17 21:21:28 - [TEST_STEP][PASSED] - orPath_PaymentReady = "Object Repository/RAD_Pages/PaymentReady_Page": null

2023-07-17 21:21:28 - [TEST_STEP][PASSED] - orPath_PaymentEntry = "Object Repository/RAD_Pages/PaymentEntry_Page": null

2023-07-17 21:21:28 - [TEST_STEP][PASSED] - orPath_PaymentConfirmation = "Object Repository/RAD_Pages/PaymentConfirmation_Page": null

2023-07-17 21:21:28 - [TEST_STEP][PASSED] - orPath_ServiceFeesAccept = "Object Repository/RAD_Pages/ServiceFeeAccept_Page": null

2023-07-17 21:21:28 - [TEST_STEP][PASSED] - selectOptionByLabel(findTestObject(orPath_Landing + "/dd_TaxType"), Taxtype, false): All options with label 'Personal Income Tax' are selected in object 'Object Repository/RAD_Pages/Landing_Page/dd_TaxType' 

2023-07-17 21:21:28 - [MESSAGE][PASSED] - All options with label 'Personal Income Tax' are selected in object 'Object Repository/RAD_Pages/Landing_Page/dd_TaxType' 

2023-07-17 21:21:28 - [TEST_STEP][PASSED] - delay(3): Delayed 3 second(s)

2023-07-17 21:21:31 - [MESSAGE][PASSED] - Delayed 3 second(s)

2023-07-17 21:21:31 - [TEST_STEP][PASSED] - switch (Taxtype): null

2023-07-17 21:21:31 - [TEST_STEP][PASSED] - case "Personal Income Tax":: null

2023-07-17 21:21:31 - [TEST_STEP][PASSED] - selectOptionByLabel(findTestObject(orPath_TaxTypeFilingYear + "/select_FilingYear"), FilingYear, false): All options with label '2021' are selected in object 'Object Repository/RAD_Pages/TaxTypeFilingYear_Page/select_FilingYear' 

2023-07-17 21:21:32 - [MESSAGE][PASSED] - All options with label '2021' are selected in object 'Object Repository/RAD_Pages/TaxTypeFilingYear_Page/select_FilingYear' 

2023-07-17 21:21:32 - [TEST_STEP][PASSED] - setText(findTestObject(orPath_TaxPayer + "/input_firstName"), FName): Text 'Larsons' is set on object 'Object Repository/RAD_Pages/Taxpayer_Page/input_firstName'

2023-07-17 21:21:33 - [MESSAGE][PASSED] - Text 'Larsons' is set on object 'Object Repository/RAD_Pages/Taxpayer_Page/input_firstName'

2023-07-17 21:21:33 - [TEST_STEP][PASSED] - setText(findTestObject(orPath_TaxPayer + "/input_lastName"), LName): Text 'Bell' is set on object 'Object Repository/RAD_Pages/Taxpayer_Page/input_lastName'

2023-07-17 21:21:33 - [MESSAGE][PASSED] - Text 'Bell' is set on object 'Object Repository/RAD_Pages/Taxpayer_Page/input_lastName'

2023-07-17 21:21:33 - [TEST_STEP][PASSED] - setText(findTestObject("RAD_RecordAndPlay/input_concatSSN"), SSN): Text '123459630' is set on object 'Object Repository/RAD_RecordAndPlay/input_concatSSN'

2023-07-17 21:21:34 - [MESSAGE][PASSED] - Text '123459630' is set on object 'Object Repository/RAD_RecordAndPlay/input_concatSSN'

2023-07-17 21:21:34 - [TEST_STEP][PASSED] - setText(findTestObject("RAD_RecordAndPlay/input_concatReSSN"), SSN): Text '123459630' is set on object 'Object Repository/RAD_RecordAndPlay/input_concatReSSN'

2023-07-17 21:21:35 - [MESSAGE][PASSED] - Text '123459630' is set on object 'Object Repository/RAD_RecordAndPlay/input_concatReSSN'

2023-07-17 21:21:35 - [TEST_STEP][PASSED] - if (FilingType.equalsIgnoreCase("Y")): null

2023-07-17 21:21:35 - [TEST_STEP][PASSED] - else: Text '123453210' is set on object 'Object Repository/RAD_RecordAndPlay/input_reTypeJointFilerSSN'

2023-07-17 21:21:35 - [TEST_STEP][PASSED] - scrollToElement(findTestObject(orPath_Amount + "/input__paymentAmount"), 3): Scroll to object 'Object Repository/RAD_Pages/PaymentAmount_Page/input__paymentAmount' successfully

2023-07-17 21:21:35 - [MESSAGE][PASSED] - Scroll to object 'Object Repository/RAD_Pages/PaymentAmount_Page/input__paymentAmount' successfully

2023-07-17 21:21:35 - [TEST_STEP][PASSED] - waitForElementClickable(findTestObject(orPath_FilingStatus + "/input_userType_Joint"), 5): Object 'Object Repository/RAD_Pages/FilingStatus_Page/input_userType_Joint' is clickable

2023-07-17 21:21:35 - [MESSAGE][PASSED] - Object 'Object Repository/RAD_Pages/FilingStatus_Page/input_userType_Joint' is clickable

2023-07-17 21:21:35 - [TEST_STEP][PASSED] - check(findTestObject(orPath_FilingStatus + "/input_userType_Joint")): Object 'Object Repository/RAD_Pages/FilingStatus_Page/input_userType_Joint' is checked

2023-07-17 21:21:36 - [MESSAGE][PASSED] - Object 'Object Repository/RAD_Pages/FilingStatus_Page/input_userType_Joint' is checked

2023-07-17 21:21:36 - [TEST_STEP][PASSED] - delay(3): Delayed 3 second(s)

2023-07-17 21:21:39 - [MESSAGE][PASSED] - Delayed 3 second(s)

2023-07-17 21:21:39 - [TEST_STEP][PASSED] - setText(findTestObject(orPath_FilingStatus + "/input_jointFirstName"), "Sam"): Text 'Sam' is set on object 'Object Repository/RAD_Pages/FilingStatus_Page/input_jointFirstName'

2023-07-17 21:21:39 - [MESSAGE][PASSED] - Text 'Sam' is set on object 'Object Repository/RAD_Pages/FilingStatus_Page/input_jointFirstName'

2023-07-17 21:21:39 - [TEST_STEP][PASSED] - setText(findTestObject(orPath_FilingStatus + "/input_jointLastName"), "Stokes"): Text 'Stokes' is set on object 'Object Repository/RAD_Pages/FilingStatus_Page/input_jointLastName'

2023-07-17 21:21:40 - [MESSAGE][PASSED] - Text 'Stokes' is set on object 'Object Repository/RAD_Pages/FilingStatus_Page/input_jointLastName'

2023-07-17 21:21:40 - [TEST_STEP][PASSED] - setText(findTestObject("Object Repository/RAD_RecordAndPlay/input_JointFilerSSN"), "123453210"): Text '123453210' is set on object 'Object Repository/RAD_RecordAndPlay/input_JointFilerSSN'

2023-07-17 21:21:41 - [MESSAGE][PASSED] - Text '123453210' is set on object 'Object Repository/RAD_RecordAndPlay/input_JointFilerSSN'

2023-07-17 21:21:41 - [TEST_STEP][PASSED] - setText(findTestObject("Object Repository/RAD_RecordAndPlay/input_reTypeJointFilerSSN"), "123453210"): Text '123453210' is set on object 'Object Repository/RAD_RecordAndPlay/input_reTypeJointFilerSSN'

2023-07-17 21:21:41 - [MESSAGE][PASSED] - Text '123453210' is set on object 'Object Repository/RAD_RecordAndPlay/input_reTypeJointFilerSSN'

2023-07-17 21:21:41 - [TEST_STEP][PASSED] - break: null

2023-07-17 21:21:41 - [TEST_STEP][PASSED] - if (PaymentType.equalsIgnoreCase("Personal")): null

2023-07-17 21:21:41 - [TEST_STEP][PASSED] - selectOptionByLabel(findTestObject(orPath_AddressContact + "/select_Country"), "United States", false): All options with label 'United States' are selected in object 'Object Repository/RAD_Pages/AddressAndContactInfo_Page/select_Country' 

2023-07-17 21:21:42 - [MESSAGE][PASSED] - All options with label 'United States' are selected in object 'Object Repository/RAD_Pages/AddressAndContactInfo_Page/select_Country' 

2023-07-17 21:21:42 - [TEST_STEP][PASSED] - setText(findTestObject(orPath_AddressContact + "/input_streetAddress1"), AL1): Text '114 Clark Ave' is set on object 'Object Repository/RAD_Pages/AddressAndContactInfo_Page/input_streetAddress1'

2023-07-17 21:21:43 - [MESSAGE][PASSED] - Text '114 Clark Ave' is set on object 'Object Repository/RAD_Pages/AddressAndContactInfo_Page/input_streetAddress1'

2023-07-17 21:21:43 - [TEST_STEP][PASSED] - setText(findTestObject(orPath_AddressContact + "/input_streetAddress2"), ""): Text '' is set on object 'Object Repository/RAD_Pages/AddressAndContactInfo_Page/input_streetAddress2'

2023-07-17 21:21:44 - [MESSAGE][PASSED] - Text '' is set on object 'Object Repository/RAD_Pages/AddressAndContactInfo_Page/input_streetAddress2'

2023-07-17 21:21:44 - [TEST_STEP][PASSED] - setText(findTestObject(orPath_AddressContact + "/input_city"), City): Text 'Severn' is set on object 'Object Repository/RAD_Pages/AddressAndContactInfo_Page/input_city'

2023-07-17 21:21:44 - [MESSAGE][PASSED] - Text 'Severn' is set on object 'Object Repository/RAD_Pages/AddressAndContactInfo_Page/input_city'

2023-07-17 21:21:44 - [TEST_STEP][PASSED] - selectOptionByLabel(findTestObject(orPath_AddressContact + "/select_State"), "Maryland", false): All options with label 'Maryland' are selected in object 'Object Repository/RAD_Pages/AddressAndContactInfo_Page/select_State' 

2023-07-17 21:21:45 - [MESSAGE][PASSED] - All options with label 'Maryland' are selected in object 'Object Repository/RAD_Pages/AddressAndContactInfo_Page/select_State' 

2023-07-17 21:21:45 - [TEST_STEP][PASSED] - setText(findTestObject(orPath_AddressContact + "/input_zipCode"), ZIP): Text '21144' is set on object 'Object Repository/RAD_Pages/AddressAndContactInfo_Page/input_zipCode'

2023-07-17 21:21:46 - [MESSAGE][PASSED] - Text '21144' is set on object 'Object Repository/RAD_Pages/AddressAndContactInfo_Page/input_zipCode'

2023-07-17 21:21:46 - [TEST_STEP][PASSED] - setText(findTestObject(orPath_AddressContact + "/input_phoneNumber"), "(703) 894-5000"): Text '(703) 894-5000' is set on object 'Object Repository/RAD_Pages/AddressAndContactInfo_Page/input_phoneNumber'

2023-07-17 21:21:46 - [MESSAGE][PASSED] - Text '(703) 894-5000' is set on object 'Object Repository/RAD_Pages/AddressAndContactInfo_Page/input_phoneNumber'

2023-07-17 21:21:46 - [TEST_STEP][PASSED] - setText(findTestObject(orPath_AddressContact + "/input_eMailAddress"), "iahmed@govolution.com"): Text 'iahmed@govolution.com' is set on object 'Object Repository/RAD_Pages/AddressAndContactInfo_Page/input_eMailAddress'

2023-07-17 21:21:47 - [MESSAGE][PASSED] - Text 'iahmed@govolution.com' is set on object 'Object Repository/RAD_Pages/AddressAndContactInfo_Page/input_eMailAddress'

2023-07-17 21:21:47 - [TEST_STEP][PASSED] - setText(findTestObject(orPath_AddressContact + "/input_reEnterEMailAddress"), "iahmed@govolution.com"): Text 'iahmed@govolution.com' is set on object 'Object Repository/RAD_Pages/AddressAndContactInfo_Page/input_reEnterEMailAddress'

2023-07-17 21:21:48 - [MESSAGE][PASSED] - Text 'iahmed@govolution.com' is set on object 'Object Repository/RAD_Pages/AddressAndContactInfo_Page/input_reEnterEMailAddress'

2023-07-17 21:21:48 - [TEST_STEP][PASSED] - setText(findTestObject(orPath_Amount + "/input__paymentAmount"), Amount): Text '100.00' is set on object 'Object Repository/RAD_Pages/PaymentAmount_Page/input__paymentAmount'

2023-07-17 21:21:48 - [MESSAGE][PASSED] - Text '100.00' is set on object 'Object Repository/RAD_Pages/PaymentAmount_Page/input__paymentAmount'

2023-07-17 21:21:48 - [TEST_STEP][PASSED] - scrollToElement(findTestObject(orPath_Landing + "/button_Continue"), 3): Scroll to object 'Object Repository/RAD_Pages/Landing_Page/button_Continue' successfully

2023-07-17 21:21:49 - [MESSAGE][PASSED] - Scroll to object 'Object Repository/RAD_Pages/Landing_Page/button_Continue' successfully

2023-07-17 21:21:49 - [TEST_STEP][PASSED] - waitForElementClickable(findTestObject(orPath_Landing + "/button_Continue"), 5): Object 'Object Repository/RAD_Pages/Landing_Page/button_Continue' is clickable

2023-07-17 21:21:49 - [MESSAGE][PASSED] - Object 'Object Repository/RAD_Pages/Landing_Page/button_Continue' is clickable

2023-07-17 21:21:49 - [TEST_STEP][PASSED] - click(findTestObject(orPath_Landing + "/button_Continue")): Object: 'Object Repository/RAD_Pages/Landing_Page/button_Continue' is clicked on

2023-07-17 21:21:50 - [MESSAGE][PASSED] - Object: 'Object Repository/RAD_Pages/Landing_Page/button_Continue' is clicked on

2023-07-17 21:21:50 - [TEST_STEP][PASSED] - verifyTextPresent("Review the information below and make any necessary corrections by clicking the", true): Text 'Review the information below and make any necessary corrections by clicking the' is present on page  using regular expression

2023-07-17 21:21:50 - [MESSAGE][PASSED] - Text 'Review the information below and make any necessary corrections by clicking the' is present on page  using regular expression

2023-07-17 21:21:50 - [TEST_STEP][PASSED] - verifyTextPresent("When you are confident that all the information is correct", true): Text 'When you are confident that all the information is correct' is present on page  using regular expression

2023-07-17 21:21:51 - [MESSAGE][PASSED] - Text 'When you are confident that all the information is correct' is present on page  using regular expression

2023-07-17 21:21:51 - [TEST_STEP][PASSED] - delay(1): Delayed 1 second(s)

2023-07-17 21:21:52 - [MESSAGE][PASSED] - Delayed 1 second(s)

2023-07-17 21:21:52 - [TEST_STEP][PASSED] - click(findTestObject(orPath_Summary + "/button_Proceed to Payment")): Object: 'Object Repository/RAD_Pages/Summary_Page/button_Proceed to Payment' is clicked on

2023-07-17 21:21:53 - [MESSAGE][PASSED] - Object: 'Object Repository/RAD_Pages/Summary_Page/button_Proceed to Payment' is clicked on

2023-07-17 21:21:53 - [TEST_STEP][PASSED] - if (PaymentType.equalsIgnoreCase("Corporate")): null

2023-07-17 21:21:53 - [TEST_STEP][PASSED] - setText(findTestObject(orPath_PaymentEntry + "/input__cardNumber"), CCNumber): Text '5146312200000035' is set on object 'Object Repository/RAD_Pages/PaymentEntry_Page/input__cardNumber'

2023-07-17 21:21:54 - [MESSAGE][PASSED] - Text '5146312200000035' is set on object 'Object Repository/RAD_Pages/PaymentEntry_Page/input__cardNumber'

2023-07-17 21:21:54 - [TEST_STEP][PASSED] - setText(findTestObject(orPath_PaymentEntry + "/input__spc"), CVV): Text '123' is set on object 'Object Repository/RAD_Pages/PaymentEntry_Page/input__spc'

2023-07-17 21:21:55 - [MESSAGE][PASSED] - Text '123' is set on object 'Object Repository/RAD_Pages/PaymentEntry_Page/input__spc'

2023-07-17 21:21:55 - [TEST_STEP][PASSED] - selectOptionByLabel(findTestObject(orPath_PaymentEntry + "/select_MM"), "12", false): All options with label '12' are selected in object 'Object Repository/RAD_Pages/PaymentEntry_Page/select_MM' 

2023-07-17 21:21:55 - [MESSAGE][PASSED] - All options with label '12' are selected in object 'Object Repository/RAD_Pages/PaymentEntry_Page/select_MM' 

2023-07-17 21:21:55 - [TEST_STEP][PASSED] - selectOptionByLabel(findTestObject(orPath_PaymentEntry + "/select_YYYY"), "2023", false): All options with label '2023' are selected in object 'Object Repository/RAD_Pages/PaymentEntry_Page/select_YYYY' 

2023-07-17 21:21:56 - [MESSAGE][PASSED] - All options with label '2023' are selected in object 'Object Repository/RAD_Pages/PaymentEntry_Page/select_YYYY' 

2023-07-17 21:21:56 - [TEST_STEP][PASSED] - click(findTestObject(orPath_PaymentEntry + "/input_Field_ccSubmit")): Object: 'Object Repository/RAD_Pages/PaymentEntry_Page/input_Field_ccSubmit' is clicked on

2023-07-17 21:21:57 - [MESSAGE][PASSED] - Object: 'Object Repository/RAD_Pages/PaymentEntry_Page/input_Field_ccSubmit' is clicked on

2023-07-17 21:21:57 - [TEST_STEP][PASSED] - click(findTestObject(orPath_PaymentConfirmation + "/input_N_confirmNotifyAction")): Object: 'Object Repository/RAD_Pages/PaymentConfirmation_Page/input_N_confirmNotifyAction' is clicked on

2023-07-17 21:21:58 - [MESSAGE][PASSED] - Object: 'Object Repository/RAD_Pages/PaymentConfirmation_Page/input_N_confirmNotifyAction' is clicked on

2023-07-17 21:21:58 - [TEST_STEP][PASSED] - click(findTestObject(orPath_ServiceFeesAccept + "/input_convFeeNotifyAction")): Object: 'Object Repository/RAD_Pages/ServiceFeeAccept_Page/input_convFeeNotifyAction' is clicked on

2023-07-17 21:21:59 - [MESSAGE][PASSED] - Object: 'Object Repository/RAD_Pages/ServiceFeeAccept_Page/input_convFeeNotifyAction' is clicked on

2023-07-17 21:21:59 - [TEST_STEP][PASSED] - delay(10): Delayed 10 second(s)

2023-07-17 21:22:09 - [MESSAGE][PASSED] - Delayed 10 second(s)

2023-07-17 21:22:09 - [TEST_STEP][PASSED] - verifyTextPresent("Successful Payment Receipt", true): Text 'Successful Payment Receipt' is present on page  using regular expression

2023-07-17 21:22:09 - [MESSAGE][PASSED] - Text 'Successful Payment Receipt' is present on page  using regular expression

2023-07-17 21:22:09 - [TEST_STEP][PASSED] - if (verifyTextPresent("Successful Payment Receipt", true)): null

2023-07-17 21:22:10 - [MESSAGE][PASSED] - Text 'Successful Payment Receipt' is present on page  using regular expression

2023-07-17 21:22:10 - [TEST_STEP][PASSED] - println("Transaction was Successful"): null

2023-07-17 21:22:10 - [TEST_STEP][PASSED] - out.println("Pass Record Number: " + row): null

2023-07-17 21:22:10 - [TEST_STEP][PASSED] - resText = "Pass": null

2023-07-17 21:22:10 - [TEST_STEP][PASSED] - pages.WriteExcel.demoKey(resText, datText, resColumn, datCloumn, fileLoc, nameSheet, row): pages.WriteExcel.demoKey is PASSED

2023-07-17 21:22:10 - [MESSAGE][PASSED] - pages.WriteExcel.demoKey is PASSED

2023-07-17 21:22:10 - [TEST_STEP][PASSED] - ExecuteTC = findTestData(dataFile).getValue("Execute", row): null

2023-07-17 21:22:10 - [TEST_STEP][PASSED] - PaymentType = findTestData(dataFile).getValue("PaymentType", row): null

2023-07-17 21:22:10 - [TEST_STEP][PASSED] - FilingYear = findTestData(dataFile).getValue("FilingYear", row): null

2023-07-17 21:22:10 - [TEST_STEP][PASSED] - PeriodEnding = findTestData(dataFile).getValue("PeriodEnding", row): null

2023-07-17 21:22:10 - [TEST_STEP][PASSED] - FName = findTestData(dataFile).getValue("Fname", row): null

2023-07-17 21:22:10 - [TEST_STEP][PASSED] - LName = findTestData(dataFile).getValue("Lname", row): null

2023-07-17 21:22:10 - [TEST_STEP][PASSED] - SSN = findTestData(dataFile).getValue("SSN", row): null

2023-07-17 21:22:10 - [TEST_STEP][PASSED] - BusName = findTestData(dataFile).getValue("BusName", row): null

2023-07-17 21:22:10 - [TEST_STEP][PASSED] - AL1 = findTestData(dataFile).getValue("AL1", row): null

2023-07-17 21:22:10 - [TEST_STEP][PASSED] - City = findTestData(dataFile).getValue("City", row): null

2023-07-17 21:22:10 - [TEST_STEP][PASSED] - ZIP = findTestData(dataFile).getValue("ZIP", row): null

2023-07-17 21:22:10 - [TEST_STEP][PASSED] - FilingType = findTestData(dataFile).getValue("FilingType", row): null

2023-07-17 21:22:10 - [TEST_STEP][PASSED] - Withholding = findTestData(dataFile).getValue("Withholding", row): null

2023-07-17 21:22:10 - [TEST_STEP][PASSED] - Amount = findTestData(dataFile).getValue("Amount", row): null

2023-07-17 21:22:10 - [TEST_STEP][PASSED] - CCNumber = findTestData(dataFile).getValue("CCNumber", row): null

2023-07-17 21:22:10 - [TEST_STEP][PASSED] - CVV = findTestData(dataFile).getValue("CVV", row): null

2023-07-17 21:22:10 - [TEST_STEP][PASSED] - out.println("Value of Execute is : " + ExecuteTC): null

2023-07-17 21:22:10 - [TEST_STEP][PASSED] - if (ExecuteTC.equalsIgnoreCase("Y")): null

2023-07-17 21:22:10 - [TEST_STEP][PASSED] - out.println("Begin Record Number: " + row): null

2023-07-17 21:22:10 - [TEST_STEP][PASSED] - today = new java.util.Date(): null

2023-07-17 21:22:10 - [TEST_STEP][PASSED] - println(today): null

2023-07-17 21:22:10 - [TEST_STEP][PASSED] - datText = today: null

2023-07-17 21:22:10 - [TEST_STEP][PASSED] - Taxtype = findTestData(dataFile).getValue("TaxType", row): null

2023-07-17 21:22:10 - [TEST_STEP][PASSED] - out.println("Taxtype value is : " + Taxtype): null

2023-07-17 21:22:10 - [TEST_STEP][PASSED] - openBrowser(""): Browser is opened with url: ''

2023-07-17 21:22:10 - [MESSAGE][WARNING] - A browser is already opened. Closing browser and opening a new one

2023-07-17 21:22:11 - [MESSAGE][INFO] - Starting 'Chrome' driver

2023-07-17 21:22:11 - [MESSAGE][INFO] - User set preference: ['acceptInsecureCerts', 'true']

2023-07-17 21:22:11 - [MESSAGE][INFO] - Action delay is set to 0 milliseconds

2023-07-17 21:22:13 - [MESSAGE][PASSED] - Browser is opened with url: ''

2023-07-17 21:22:13 - [TEST_STEP][PASSED] - maximizeWindow(): Current window maximized

2023-07-17 21:22:13 - [MESSAGE][PASSED] - Current window maximized

2023-07-17 21:22:13 - [TEST_STEP][PASSED] - navigateToUrl(RADurl): Navigate to 'https://qa.velocitypayment.com/client/rad/index.html' successfully

2023-07-17 21:22:14 - [MESSAGE][PASSED] - Navigate to 'https://qa.velocitypayment.com/client/rad/index.html' successfully

2023-07-17 21:22:14 - [TEST_STEP][PASSED] - orPath_Landing = "Object Repository/RAD_Pages/Landing_Page": null

2023-07-17 21:22:14 - [TEST_STEP][PASSED] - orPath_TaxTypeFilingYear = "Object Repository/RAD_Pages/TaxTypeFilingYear_Page": null

2023-07-17 21:22:14 - [TEST_STEP][PASSED] - orPath_TaxPayer = "Object Repository/RAD_Pages/Taxpayer_Page": null

2023-07-17 21:22:14 - [TEST_STEP][PASSED] - orPath_AddressContact = "Object Repository/RAD_Pages/AddressAndContactInfo_Page": null

2023-07-17 21:22:14 - [TEST_STEP][PASSED] - orPath_FilingStatus = "Object Repository/RAD_Pages/FilingStatus_Page": null

2023-07-17 21:22:14 - [TEST_STEP][PASSED] - orPath_Amount = "Object Repository/RAD_Pages/PaymentAmount_Page": null

2023-07-17 21:22:14 - [TEST_STEP][PASSED] - orPath_TaxInfo = "Object Repository/RAD_Pages/TaxInfo_Page": null

2023-07-17 21:22:14 - [TEST_STEP][PASSED] - orPath_Withholding = "Object Repository/RAD_Pages/Withholding_Page": null

2023-07-17 21:22:14 - [TEST_STEP][PASSED] - orPath_Summary = "Object Repository/RAD_Pages/Summary_Page": null

2023-07-17 21:22:14 - [TEST_STEP][PASSED] - orPath_PaymentReady = "Object Repository/RAD_Pages/PaymentReady_Page": null

2023-07-17 21:22:14 - [TEST_STEP][PASSED] - orPath_PaymentEntry = "Object Repository/RAD_Pages/PaymentEntry_Page": null

2023-07-17 21:22:14 - [TEST_STEP][PASSED] - orPath_PaymentConfirmation = "Object Repository/RAD_Pages/PaymentConfirmation_Page": null

2023-07-17 21:22:14 - [TEST_STEP][PASSED] - orPath_ServiceFeesAccept = "Object Repository/RAD_Pages/ServiceFeeAccept_Page": null

2023-07-17 21:22:14 - [TEST_STEP][PASSED] - selectOptionByLabel(findTestObject(orPath_Landing + "/dd_TaxType"), Taxtype, false): All options with label 'Personal Income Tax' are selected in object 'Object Repository/RAD_Pages/Landing_Page/dd_TaxType' 

2023-07-17 21:22:15 - [MESSAGE][PASSED] - All options with label 'Personal Income Tax' are selected in object 'Object Repository/RAD_Pages/Landing_Page/dd_TaxType' 

2023-07-17 21:22:15 - [TEST_STEP][PASSED] - delay(3): Delayed 3 second(s)

2023-07-17 21:22:18 - [MESSAGE][PASSED] - Delayed 3 second(s)

2023-07-17 21:22:18 - [TEST_STEP][PASSED] - switch (Taxtype): null

2023-07-17 21:22:18 - [TEST_STEP][PASSED] - case "Personal Income Tax":: null

2023-07-17 21:22:18 - [TEST_STEP][PASSED] - selectOptionByLabel(findTestObject(orPath_TaxTypeFilingYear + "/select_FilingYear"), FilingYear, false): All options with label '2020' are selected in object 'Object Repository/RAD_Pages/TaxTypeFilingYear_Page/select_FilingYear' 

2023-07-17 21:22:19 - [MESSAGE][PASSED] - All options with label '2020' are selected in object 'Object Repository/RAD_Pages/TaxTypeFilingYear_Page/select_FilingYear' 

2023-07-17 21:22:19 - [TEST_STEP][PASSED] - setText(findTestObject(orPath_TaxPayer + "/input_firstName"), FName): Text 'Michael' is set on object 'Object Repository/RAD_Pages/Taxpayer_Page/input_firstName'

2023-07-17 21:22:19 - [MESSAGE][PASSED] - Text 'Michael' is set on object 'Object Repository/RAD_Pages/Taxpayer_Page/input_firstName'

2023-07-17 21:22:19 - [TEST_STEP][PASSED] - setText(findTestObject(orPath_TaxPayer + "/input_lastName"), LName): Text 'Vaughn' is set on object 'Object Repository/RAD_Pages/Taxpayer_Page/input_lastName'

2023-07-17 21:22:20 - [MESSAGE][PASSED] - Text 'Vaughn' is set on object 'Object Repository/RAD_Pages/Taxpayer_Page/input_lastName'

2023-07-17 21:22:20 - [TEST_STEP][PASSED] - setText(findTestObject("RAD_RecordAndPlay/input_concatSSN"), SSN): Text '123452514' is set on object 'Object Repository/RAD_RecordAndPlay/input_concatSSN'

2023-07-17 21:22:21 - [MESSAGE][PASSED] - Text '123452514' is set on object 'Object Repository/RAD_RecordAndPlay/input_concatSSN'

2023-07-17 21:22:21 - [TEST_STEP][PASSED] - setText(findTestObject("RAD_RecordAndPlay/input_concatReSSN"), SSN): Text '123452514' is set on object 'Object Repository/RAD_RecordAndPlay/input_concatReSSN'

2023-07-17 21:22:21 - [MESSAGE][PASSED] - Text '123452514' is set on object 'Object Repository/RAD_RecordAndPlay/input_concatReSSN'

2023-07-17 21:22:21 - [TEST_STEP][PASSED] - if (FilingType.equalsIgnoreCase("Y")): null

2023-07-17 21:22:21 - [TEST_STEP][PASSED] - else: Text '123453210' is set on object 'Object Repository/RAD_RecordAndPlay/input_reTypeJointFilerSSN'

2023-07-17 21:22:21 - [TEST_STEP][PASSED] - scrollToElement(findTestObject(orPath_Amount + "/input__paymentAmount"), 3): Scroll to object 'Object Repository/RAD_Pages/PaymentAmount_Page/input__paymentAmount' successfully

2023-07-17 21:22:21 - [MESSAGE][PASSED] - Scroll to object 'Object Repository/RAD_Pages/PaymentAmount_Page/input__paymentAmount' successfully

2023-07-17 21:22:21 - [TEST_STEP][PASSED] - waitForElementClickable(findTestObject(orPath_FilingStatus + "/input_userType_Joint"), 5): Object 'Object Repository/RAD_Pages/FilingStatus_Page/input_userType_Joint' is clickable

2023-07-17 21:22:22 - [MESSAGE][PASSED] - Object 'Object Repository/RAD_Pages/FilingStatus_Page/input_userType_Joint' is clickable

2023-07-17 21:22:22 - [TEST_STEP][PASSED] - check(findTestObject(orPath_FilingStatus + "/input_userType_Joint")): Object 'Object Repository/RAD_Pages/FilingStatus_Page/input_userType_Joint' is checked

2023-07-17 21:22:22 - [MESSAGE][PASSED] - Object 'Object Repository/RAD_Pages/FilingStatus_Page/input_userType_Joint' is checked

2023-07-17 21:22:22 - [TEST_STEP][PASSED] - delay(3): Delayed 3 second(s)

2023-07-17 21:22:25 - [MESSAGE][PASSED] - Delayed 3 second(s)

2023-07-17 21:22:25 - [TEST_STEP][PASSED] - setText(findTestObject(orPath_FilingStatus + "/input_jointFirstName"), "Sam"): Text 'Sam' is set on object 'Object Repository/RAD_Pages/FilingStatus_Page/input_jointFirstName'

2023-07-17 21:22:26 - [MESSAGE][PASSED] - Text 'Sam' is set on object 'Object Repository/RAD_Pages/FilingStatus_Page/input_jointFirstName'

2023-07-17 21:22:26 - [TEST_STEP][PASSED] - setText(findTestObject(orPath_FilingStatus + "/input_jointLastName"), "Stokes"): Text 'Stokes' is set on object 'Object Repository/RAD_Pages/FilingStatus_Page/input_jointLastName'

2023-07-17 21:22:27 - [MESSAGE][PASSED] - Text 'Stokes' is set on object 'Object Repository/RAD_Pages/FilingStatus_Page/input_jointLastName'

2023-07-17 21:22:27 - [TEST_STEP][PASSED] - setText(findTestObject("Object Repository/RAD_RecordAndPlay/input_JointFilerSSN"), "123453210"): Text '123453210' is set on object 'Object Repository/RAD_RecordAndPlay/input_JointFilerSSN'

2023-07-17 21:22:27 - [MESSAGE][PASSED] - Text '123453210' is set on object 'Object Repository/RAD_RecordAndPlay/input_JointFilerSSN'

2023-07-17 21:22:27 - [TEST_STEP][PASSED] - setText(findTestObject("Object Repository/RAD_RecordAndPlay/input_reTypeJointFilerSSN"), "123453210"): Text '123453210' is set on object 'Object Repository/RAD_RecordAndPlay/input_reTypeJointFilerSSN'

2023-07-17 21:22:28 - [MESSAGE][PASSED] - Text '123453210' is set on object 'Object Repository/RAD_RecordAndPlay/input_reTypeJointFilerSSN'

2023-07-17 21:22:28 - [TEST_STEP][PASSED] - break: null

2023-07-17 21:22:28 - [TEST_STEP][PASSED] - if (PaymentType.equalsIgnoreCase("Personal")): null

2023-07-17 21:22:28 - [TEST_STEP][PASSED] - selectOptionByLabel(findTestObject(orPath_AddressContact + "/select_Country"), "United States", false): All options with label 'United States' are selected in object 'Object Repository/RAD_Pages/AddressAndContactInfo_Page/select_Country' 

2023-07-17 21:22:28 - [MESSAGE][PASSED] - All options with label 'United States' are selected in object 'Object Repository/RAD_Pages/AddressAndContactInfo_Page/select_Country' 

2023-07-17 21:22:28 - [TEST_STEP][PASSED] - setText(findTestObject(orPath_AddressContact + "/input_streetAddress1"), AL1): Text '2000 14th street' is set on object 'Object Repository/RAD_Pages/AddressAndContactInfo_Page/input_streetAddress1'

2023-07-17 21:22:29 - [MESSAGE][PASSED] - Text '2000 14th street' is set on object 'Object Repository/RAD_Pages/AddressAndContactInfo_Page/input_streetAddress1'

2023-07-17 21:22:29 - [TEST_STEP][PASSED] - setText(findTestObject(orPath_AddressContact + "/input_streetAddress2"), ""): Text '' is set on object 'Object Repository/RAD_Pages/AddressAndContactInfo_Page/input_streetAddress2'

2023-07-17 21:22:30 - [MESSAGE][PASSED] - Text '' is set on object 'Object Repository/RAD_Pages/AddressAndContactInfo_Page/input_streetAddress2'

2023-07-17 21:22:30 - [TEST_STEP][PASSED] - setText(findTestObject(orPath_AddressContact + "/input_city"), City): Text 'Columbia' is set on object 'Object Repository/RAD_Pages/AddressAndContactInfo_Page/input_city'

2023-07-17 21:22:31 - [MESSAGE][PASSED] - Text 'Columbia' is set on object 'Object Repository/RAD_Pages/AddressAndContactInfo_Page/input_city'

2023-07-17 21:22:31 - [TEST_STEP][PASSED] - selectOptionByLabel(findTestObject(orPath_AddressContact + "/select_State"), "Maryland", false): All options with label 'Maryland' are selected in object 'Object Repository/RAD_Pages/AddressAndContactInfo_Page/select_State' 

2023-07-17 21:22:32 - [MESSAGE][PASSED] - All options with label 'Maryland' are selected in object 'Object Repository/RAD_Pages/AddressAndContactInfo_Page/select_State' 

2023-07-17 21:22:32 - [TEST_STEP][PASSED] - setText(findTestObject(orPath_AddressContact + "/input_zipCode"), ZIP): Text '21093' is set on object 'Object Repository/RAD_Pages/AddressAndContactInfo_Page/input_zipCode'

2023-07-17 21:22:32 - [MESSAGE][PASSED] - Text '21093' is set on object 'Object Repository/RAD_Pages/AddressAndContactInfo_Page/input_zipCode'

2023-07-17 21:22:32 - [TEST_STEP][PASSED] - setText(findTestObject(orPath_AddressContact + "/input_phoneNumber"), "(703) 894-5000"): Text '(703) 894-5000' is set on object 'Object Repository/RAD_Pages/AddressAndContactInfo_Page/input_phoneNumber'

2023-07-17 21:22:33 - [MESSAGE][PASSED] - Text '(703) 894-5000' is set on object 'Object Repository/RAD_Pages/AddressAndContactInfo_Page/input_phoneNumber'

2023-07-17 21:22:33 - [TEST_STEP][PASSED] - setText(findTestObject(orPath_AddressContact + "/input_eMailAddress"), "iahmed@govolution.com"): Text 'iahmed@govolution.com' is set on object 'Object Repository/RAD_Pages/AddressAndContactInfo_Page/input_eMailAddress'

2023-07-17 21:22:34 - [MESSAGE][PASSED] - Text 'iahmed@govolution.com' is set on object 'Object Repository/RAD_Pages/AddressAndContactInfo_Page/input_eMailAddress'

2023-07-17 21:22:34 - [TEST_STEP][PASSED] - setText(findTestObject(orPath_AddressContact + "/input_reEnterEMailAddress"), "iahmed@govolution.com"): Text 'iahmed@govolution.com' is set on object 'Object Repository/RAD_Pages/AddressAndContactInfo_Page/input_reEnterEMailAddress'

2023-07-17 21:22:35 - [MESSAGE][PASSED] - Text 'iahmed@govolution.com' is set on object 'Object Repository/RAD_Pages/AddressAndContactInfo_Page/input_reEnterEMailAddress'

2023-07-17 21:22:35 - [TEST_STEP][PASSED] - setText(findTestObject(orPath_Amount + "/input__paymentAmount"), Amount): Text '100.00' is set on object 'Object Repository/RAD_Pages/PaymentAmount_Page/input__paymentAmount'

2023-07-17 21:22:35 - [MESSAGE][PASSED] - Text '100.00' is set on object 'Object Repository/RAD_Pages/PaymentAmount_Page/input__paymentAmount'

2023-07-17 21:22:35 - [TEST_STEP][PASSED] - scrollToElement(findTestObject(orPath_Landing + "/button_Continue"), 3): Scroll to object 'Object Repository/RAD_Pages/Landing_Page/button_Continue' successfully

2023-07-17 21:22:36 - [MESSAGE][PASSED] - Scroll to object 'Object Repository/RAD_Pages/Landing_Page/button_Continue' successfully

2023-07-17 21:22:36 - [TEST_STEP][PASSED] - waitForElementClickable(findTestObject(orPath_Landing + "/button_Continue"), 5): Object 'Object Repository/RAD_Pages/Landing_Page/button_Continue' is clickable

2023-07-17 21:22:36 - [MESSAGE][PASSED] - Object 'Object Repository/RAD_Pages/Landing_Page/button_Continue' is clickable

2023-07-17 21:22:36 - [TEST_STEP][PASSED] - click(findTestObject(orPath_Landing + "/button_Continue")): Object: 'Object Repository/RAD_Pages/Landing_Page/button_Continue' is clicked on

2023-07-17 21:22:36 - [MESSAGE][PASSED] - Object: 'Object Repository/RAD_Pages/Landing_Page/button_Continue' is clicked on

2023-07-17 21:22:36 - [TEST_STEP][PASSED] - verifyTextPresent("Review the information below and make any necessary corrections by clicking the", true): Text 'Review the information below and make any necessary corrections by clicking the' is present on page  using regular expression

2023-07-17 21:22:37 - [MESSAGE][PASSED] - Text 'Review the information below and make any necessary corrections by clicking the' is present on page  using regular expression

2023-07-17 21:22:37 - [TEST_STEP][PASSED] - verifyTextPresent("When you are confident that all the information is correct", true): Text 'When you are confident that all the information is correct' is present on page  using regular expression

2023-07-17 21:22:37 - [MESSAGE][PASSED] - Text 'When you are confident that all the information is correct' is present on page  using regular expression

2023-07-17 21:22:37 - [TEST_STEP][PASSED] - delay(1): Delayed 1 second(s)

2023-07-17 21:22:38 - [MESSAGE][PASSED] - Delayed 1 second(s)

2023-07-17 21:22:38 - [TEST_STEP][PASSED] - click(findTestObject(orPath_Summary + "/button_Proceed to Payment")): Object: 'Object Repository/RAD_Pages/Summary_Page/button_Proceed to Payment' is clicked on

2023-07-17 21:22:40 - [MESSAGE][PASSED] - Object: 'Object Repository/RAD_Pages/Summary_Page/button_Proceed to Payment' is clicked on

2023-07-17 21:22:40 - [TEST_STEP][PASSED] - if (PaymentType.equalsIgnoreCase("Corporate")): null

2023-07-17 21:22:40 - [TEST_STEP][PASSED] - setText(findTestObject(orPath_PaymentEntry + "/input__cardNumber"), CCNumber): Text '6011000993026909' is set on object 'Object Repository/RAD_Pages/PaymentEntry_Page/input__cardNumber'

2023-07-17 21:22:41 - [MESSAGE][PASSED] - Text '6011000993026909' is set on object 'Object Repository/RAD_Pages/PaymentEntry_Page/input__cardNumber'

2023-07-17 21:22:41 - [TEST_STEP][PASSED] - setText(findTestObject(orPath_PaymentEntry + "/input__spc"), CVV): Text '123' is set on object 'Object Repository/RAD_Pages/PaymentEntry_Page/input__spc'

2023-07-17 21:22:41 - [MESSAGE][PASSED] - Text '123' is set on object 'Object Repository/RAD_Pages/PaymentEntry_Page/input__spc'

2023-07-17 21:22:41 - [TEST_STEP][PASSED] - selectOptionByLabel(findTestObject(orPath_PaymentEntry + "/select_MM"), "12", false): All options with label '12' are selected in object 'Object Repository/RAD_Pages/PaymentEntry_Page/select_MM' 

2023-07-17 21:22:42 - [MESSAGE][PASSED] - All options with label '12' are selected in object 'Object Repository/RAD_Pages/PaymentEntry_Page/select_MM' 

2023-07-17 21:22:42 - [TEST_STEP][PASSED] - selectOptionByLabel(findTestObject(orPath_PaymentEntry + "/select_YYYY"), "2023", false): All options with label '2023' are selected in object 'Object Repository/RAD_Pages/PaymentEntry_Page/select_YYYY' 

2023-07-17 21:22:43 - [MESSAGE][PASSED] - All options with label '2023' are selected in object 'Object Repository/RAD_Pages/PaymentEntry_Page/select_YYYY' 

2023-07-17 21:22:43 - [TEST_STEP][PASSED] - click(findTestObject(orPath_PaymentEntry + "/input_Field_ccSubmit")): Object: 'Object Repository/RAD_Pages/PaymentEntry_Page/input_Field_ccSubmit' is clicked on

2023-07-17 21:22:44 - [MESSAGE][PASSED] - Object: 'Object Repository/RAD_Pages/PaymentEntry_Page/input_Field_ccSubmit' is clicked on

2023-07-17 21:22:44 - [TEST_STEP][PASSED] - click(findTestObject(orPath_PaymentConfirmation + "/input_N_confirmNotifyAction")): Object: 'Object Repository/RAD_Pages/PaymentConfirmation_Page/input_N_confirmNotifyAction' is clicked on

2023-07-17 21:22:45 - [MESSAGE][PASSED] - Object: 'Object Repository/RAD_Pages/PaymentConfirmation_Page/input_N_confirmNotifyAction' is clicked on

2023-07-17 21:22:45 - [TEST_STEP][PASSED] - click(findTestObject(orPath_ServiceFeesAccept + "/input_convFeeNotifyAction")): Object: 'Object Repository/RAD_Pages/ServiceFeeAccept_Page/input_convFeeNotifyAction' is clicked on

2023-07-17 21:22:45 - [MESSAGE][PASSED] - Object: 'Object Repository/RAD_Pages/ServiceFeeAccept_Page/input_convFeeNotifyAction' is clicked on

2023-07-17 21:22:45 - [TEST_STEP][PASSED] - delay(10): Delayed 10 second(s)

2023-07-17 21:22:55 - [MESSAGE][PASSED] - Delayed 10 second(s)

2023-07-17 21:22:55 - [TEST_STEP][PASSED] - verifyTextPresent("Successful Payment Receipt", true): Text 'Successful Payment Receipt' is present on page  using regular expression

2023-07-17 21:22:56 - [MESSAGE][PASSED] - Text 'Successful Payment Receipt' is present on page  using regular expression

2023-07-17 21:22:56 - [TEST_STEP][PASSED] - if (verifyTextPresent("Successful Payment Receipt", true)): null

2023-07-17 21:22:56 - [MESSAGE][PASSED] - Text 'Successful Payment Receipt' is present on page  using regular expression

2023-07-17 21:22:56 - [TEST_STEP][PASSED] - println("Transaction was Successful"): null

2023-07-17 21:22:56 - [TEST_STEP][PASSED] - out.println("Pass Record Number: " + row): null

2023-07-17 21:22:56 - [TEST_STEP][PASSED] - resText = "Pass": null

2023-07-17 21:22:56 - [TEST_STEP][PASSED] - pages.WriteExcel.demoKey(resText, datText, resColumn, datCloumn, fileLoc, nameSheet, row): pages.WriteExcel.demoKey is PASSED

2023-07-17 21:22:56 - [MESSAGE][PASSED] - pages.WriteExcel.demoKey is PASSED

2023-07-17 21:22:56 - [TEST_STEP][PASSED] - ExecuteTC = findTestData(dataFile).getValue("Execute", row): null

2023-07-17 21:22:56 - [TEST_STEP][PASSED] - PaymentType = findTestData(dataFile).getValue("PaymentType", row): null

2023-07-17 21:22:56 - [TEST_STEP][PASSED] - FilingYear = findTestData(dataFile).getValue("FilingYear", row): null

2023-07-17 21:22:56 - [TEST_STEP][PASSED] - PeriodEnding = findTestData(dataFile).getValue("PeriodEnding", row): null

2023-07-17 21:22:56 - [TEST_STEP][PASSED] - FName = findTestData(dataFile).getValue("Fname", row): null

2023-07-17 21:22:56 - [TEST_STEP][PASSED] - LName = findTestData(dataFile).getValue("Lname", row): null

2023-07-17 21:22:56 - [TEST_STEP][PASSED] - SSN = findTestData(dataFile).getValue("SSN", row): null

2023-07-17 21:22:56 - [TEST_STEP][PASSED] - BusName = findTestData(dataFile).getValue("BusName", row): null

2023-07-17 21:22:56 - [TEST_STEP][PASSED] - AL1 = findTestData(dataFile).getValue("AL1", row): null

2023-07-17 21:22:56 - [TEST_STEP][PASSED] - City = findTestData(dataFile).getValue("City", row): null

2023-07-17 21:22:56 - [TEST_STEP][PASSED] - ZIP = findTestData(dataFile).getValue("ZIP", row): null

2023-07-17 21:22:56 - [TEST_STEP][PASSED] - FilingType = findTestData(dataFile).getValue("FilingType", row): null

2023-07-17 21:22:56 - [TEST_STEP][PASSED] - Withholding = findTestData(dataFile).getValue("Withholding", row): null

2023-07-17 21:22:56 - [TEST_STEP][PASSED] - Amount = findTestData(dataFile).getValue("Amount", row): null

2023-07-17 21:22:56 - [TEST_STEP][PASSED] - CCNumber = findTestData(dataFile).getValue("CCNumber", row): null

2023-07-17 21:22:56 - [TEST_STEP][PASSED] - CVV = findTestData(dataFile).getValue("CVV", row): null

2023-07-17 21:22:57 - [TEST_STEP][PASSED] - out.println("Value of Execute is : " + ExecuteTC): null

2023-07-17 21:22:57 - [TEST_STEP][PASSED] - if (ExecuteTC.equalsIgnoreCase("Y")): null

2023-07-17 21:22:57 - [TEST_STEP][PASSED] - out.println("Begin Record Number: " + row): null

2023-07-17 21:22:57 - [TEST_STEP][PASSED] - today = new java.util.Date(): null

2023-07-17 21:22:57 - [TEST_STEP][PASSED] - println(today): null

2023-07-17 21:22:57 - [TEST_STEP][PASSED] - datText = today: null

2023-07-17 21:22:57 - [TEST_STEP][PASSED] - Taxtype = findTestData(dataFile).getValue("TaxType", row): null

2023-07-17 21:22:57 - [TEST_STEP][PASSED] - out.println("Taxtype value is : " + Taxtype): null

2023-07-17 21:22:57 - [TEST_STEP][PASSED] - openBrowser(""): Browser is opened with url: ''

2023-07-17 21:22:57 - [MESSAGE][WARNING] - A browser is already opened. Closing browser and opening a new one

2023-07-17 21:22:58 - [MESSAGE][INFO] - Starting 'Chrome' driver

2023-07-17 21:22:58 - [MESSAGE][INFO] - User set preference: ['acceptInsecureCerts', 'true']

2023-07-17 21:22:58 - [MESSAGE][INFO] - Action delay is set to 0 milliseconds

2023-07-17 21:22:59 - [MESSAGE][PASSED] - Browser is opened with url: ''

2023-07-17 21:22:59 - [TEST_STEP][PASSED] - maximizeWindow(): Current window maximized

2023-07-17 21:22:59 - [MESSAGE][PASSED] - Current window maximized

2023-07-17 21:22:59 - [TEST_STEP][PASSED] - navigateToUrl(RADurl): Navigate to 'https://qa.velocitypayment.com/client/rad/index.html' successfully

2023-07-17 21:23:01 - [MESSAGE][PASSED] - Navigate to 'https://qa.velocitypayment.com/client/rad/index.html' successfully

2023-07-17 21:23:01 - [TEST_STEP][PASSED] - orPath_Landing = "Object Repository/RAD_Pages/Landing_Page": null

2023-07-17 21:23:01 - [TEST_STEP][PASSED] - orPath_TaxTypeFilingYear = "Object Repository/RAD_Pages/TaxTypeFilingYear_Page": null

2023-07-17 21:23:01 - [TEST_STEP][PASSED] - orPath_TaxPayer = "Object Repository/RAD_Pages/Taxpayer_Page": null

2023-07-17 21:23:01 - [TEST_STEP][PASSED] - orPath_AddressContact = "Object Repository/RAD_Pages/AddressAndContactInfo_Page": null

2023-07-17 21:23:01 - [TEST_STEP][PASSED] - orPath_FilingStatus = "Object Repository/RAD_Pages/FilingStatus_Page": null

2023-07-17 21:23:01 - [TEST_STEP][PASSED] - orPath_Amount = "Object Repository/RAD_Pages/PaymentAmount_Page": null

2023-07-17 21:23:01 - [TEST_STEP][PASSED] - orPath_TaxInfo = "Object Repository/RAD_Pages/TaxInfo_Page": null

2023-07-17 21:23:01 - [TEST_STEP][PASSED] - orPath_Withholding = "Object Repository/RAD_Pages/Withholding_Page": null

2023-07-17 21:23:01 - [TEST_STEP][PASSED] - orPath_Summary = "Object Repository/RAD_Pages/Summary_Page": null

2023-07-17 21:23:01 - [TEST_STEP][PASSED] - orPath_PaymentReady = "Object Repository/RAD_Pages/PaymentReady_Page": null

2023-07-17 21:23:01 - [TEST_STEP][PASSED] - orPath_PaymentEntry = "Object Repository/RAD_Pages/PaymentEntry_Page": null

2023-07-17 21:23:01 - [TEST_STEP][PASSED] - orPath_PaymentConfirmation = "Object Repository/RAD_Pages/PaymentConfirmation_Page": null

2023-07-17 21:23:01 - [TEST_STEP][PASSED] - orPath_ServiceFeesAccept = "Object Repository/RAD_Pages/ServiceFeeAccept_Page": null

2023-07-17 21:23:01 - [TEST_STEP][PASSED] - selectOptionByLabel(findTestObject(orPath_Landing + "/dd_TaxType"), Taxtype, false): All options with label 'Extension Payments' are selected in object 'Object Repository/RAD_Pages/Landing_Page/dd_TaxType' 

2023-07-17 21:23:01 - [MESSAGE][PASSED] - All options with label 'Extension Payments' are selected in object 'Object Repository/RAD_Pages/Landing_Page/dd_TaxType' 

2023-07-17 21:23:01 - [TEST_STEP][PASSED] - delay(3): Delayed 3 second(s)

2023-07-17 21:23:04 - [MESSAGE][PASSED] - Delayed 3 second(s)

2023-07-17 21:23:04 - [TEST_STEP][PASSED] - switch (Taxtype): null

2023-07-17 21:23:04 - [TEST_STEP][PASSED] - case "Extension Payments":: null

2023-07-17 21:23:04 - [TEST_STEP][PASSED] - selectOptionByLabel(findTestObject(orPath_TaxTypeFilingYear + "/select_PaymentType"), PaymentType, false): All options with label 'Personal' are selected in object 'Object Repository/RAD_Pages/TaxTypeFilingYear_Page/select_PaymentType' 

2023-07-17 21:23:05 - [MESSAGE][PASSED] - All options with label 'Personal' are selected in object 'Object Repository/RAD_Pages/TaxTypeFilingYear_Page/select_PaymentType' 

2023-07-17 21:23:05 - [TEST_STEP][PASSED] - selectOptionByLabel(findTestObject(orPath_TaxTypeFilingYear + "/select_FilingYear"), FilingYear, false): All options with label '2022' are selected in object 'Object Repository/RAD_Pages/TaxTypeFilingYear_Page/select_FilingYear' 

2023-07-17 21:23:06 - [MESSAGE][PASSED] - All options with label '2022' are selected in object 'Object Repository/RAD_Pages/TaxTypeFilingYear_Page/select_FilingYear' 

2023-07-17 21:23:06 - [TEST_STEP][PASSED] - if (PaymentType.equalsIgnoreCase("Personal")): Object 'Object Repository/RAD_Pages/FilingStatus_Page/input_userType_Individual' is checked

2023-07-17 21:23:06 - [TEST_STEP][PASSED] - if (FilingType.equalsIgnoreCase("Y")): Object 'Object Repository/RAD_Pages/FilingStatus_Page/input_userType_Individual' is checked

2023-07-17 21:23:06 - [TEST_STEP][PASSED] - setText(findTestObject(orPath_TaxPayer + "/input_firstName"), FName): Text 'Jimmie' is set on object 'Object Repository/RAD_Pages/Taxpayer_Page/input_firstName'

2023-07-17 21:23:06 - [MESSAGE][PASSED] - Text 'Jimmie' is set on object 'Object Repository/RAD_Pages/Taxpayer_Page/input_firstName'

2023-07-17 21:23:06 - [TEST_STEP][PASSED] - setText(findTestObject(orPath_TaxPayer + "/input_lastName"), LName): Text 'Anderson' is set on object 'Object Repository/RAD_Pages/Taxpayer_Page/input_lastName'

2023-07-17 21:23:07 - [MESSAGE][PASSED] - Text 'Anderson' is set on object 'Object Repository/RAD_Pages/Taxpayer_Page/input_lastName'

2023-07-17 21:23:07 - [TEST_STEP][PASSED] - setText(findTestObject("RAD_RecordAndPlay/input_concatSSN"), SSN): Text '123451234' is set on object 'Object Repository/RAD_RecordAndPlay/input_concatSSN'

2023-07-17 21:23:08 - [MESSAGE][PASSED] - Text '123451234' is set on object 'Object Repository/RAD_RecordAndPlay/input_concatSSN'

2023-07-17 21:23:08 - [TEST_STEP][PASSED] - setText(findTestObject("RAD_RecordAndPlay/input_concatReSSN"), SSN): Text '123451234' is set on object 'Object Repository/RAD_RecordAndPlay/input_concatReSSN'

2023-07-17 21:23:08 - [MESSAGE][PASSED] - Text '123451234' is set on object 'Object Repository/RAD_RecordAndPlay/input_concatReSSN'

2023-07-17 21:23:08 - [TEST_STEP][PASSED] - check(findTestObject(orPath_FilingStatus + "/input_userType_Individual")): Object 'Object Repository/RAD_Pages/FilingStatus_Page/input_userType_Individual' is checked

2023-07-17 21:23:09 - [MESSAGE][PASSED] - Object 'Object Repository/RAD_Pages/FilingStatus_Page/input_userType_Individual' is checked

2023-07-17 21:23:09 - [TEST_STEP][PASSED] - break: null

2023-07-17 21:23:09 - [TEST_STEP][PASSED] - if (PaymentType.equalsIgnoreCase("Personal")): Text 'Anderson' is set on object 'Object Repository/RAD_Pages/Taxpayer_Page/input_lastName'

2023-07-17 21:23:09 - [TEST_STEP][PASSED] - setText(findTestObject(orPath_TaxPayer + "/input_firstName"), FName): Text 'Jimmie' is set on object 'Object Repository/RAD_Pages/Taxpayer_Page/input_firstName'

2023-07-17 21:23:09 - [MESSAGE][PASSED] - Text 'Jimmie' is set on object 'Object Repository/RAD_Pages/Taxpayer_Page/input_firstName'

2023-07-17 21:23:09 - [TEST_STEP][PASSED] - setText(findTestObject(orPath_TaxPayer + "/input_lastName"), LName): Text 'Anderson' is set on object 'Object Repository/RAD_Pages/Taxpayer_Page/input_lastName'

2023-07-17 21:23:10 - [MESSAGE][PASSED] - Text 'Anderson' is set on object 'Object Repository/RAD_Pages/Taxpayer_Page/input_lastName'

2023-07-17 21:23:10 - [TEST_STEP][PASSED] - selectOptionByLabel(findTestObject(orPath_AddressContact + "/select_Country"), "United States", false): All options with label 'United States' are selected in object 'Object Repository/RAD_Pages/AddressAndContactInfo_Page/select_Country' 

2023-07-17 21:23:11 - [MESSAGE][PASSED] - All options with label 'United States' are selected in object 'Object Repository/RAD_Pages/AddressAndContactInfo_Page/select_Country' 

2023-07-17 21:23:11 - [TEST_STEP][PASSED] - setText(findTestObject(orPath_AddressContact + "/input_streetAddress1"), AL1): Text '15 Main Street' is set on object 'Object Repository/RAD_Pages/AddressAndContactInfo_Page/input_streetAddress1'

2023-07-17 21:23:12 - [MESSAGE][PASSED] - Text '15 Main Street' is set on object 'Object Repository/RAD_Pages/AddressAndContactInfo_Page/input_streetAddress1'

2023-07-17 21:23:12 - [TEST_STEP][PASSED] - setText(findTestObject(orPath_AddressContact + "/input_streetAddress2"), ""): Text '' is set on object 'Object Repository/RAD_Pages/AddressAndContactInfo_Page/input_streetAddress2'

2023-07-17 21:23:12 - [MESSAGE][PASSED] - Text '' is set on object 'Object Repository/RAD_Pages/AddressAndContactInfo_Page/input_streetAddress2'

2023-07-17 21:23:12 - [TEST_STEP][PASSED] - setText(findTestObject(orPath_AddressContact + "/input_city"), City): Text 'Gambrills' is set on object 'Object Repository/RAD_Pages/AddressAndContactInfo_Page/input_city'

2023-07-17 21:23:13 - [MESSAGE][PASSED] - Text 'Gambrills' is set on object 'Object Repository/RAD_Pages/AddressAndContactInfo_Page/input_city'

2023-07-17 21:23:13 - [TEST_STEP][PASSED] - selectOptionByLabel(findTestObject(orPath_AddressContact + "/select_State"), "Maryland", false): All options with label 'Maryland' are selected in object 'Object Repository/RAD_Pages/AddressAndContactInfo_Page/select_State' 

2023-07-17 21:23:14 - [MESSAGE][PASSED] - All options with label 'Maryland' are selected in object 'Object Repository/RAD_Pages/AddressAndContactInfo_Page/select_State' 

2023-07-17 21:23:14 - [TEST_STEP][PASSED] - setText(findTestObject(orPath_AddressContact + "/input_zipCode"), ZIP): Text '21054' is set on object 'Object Repository/RAD_Pages/AddressAndContactInfo_Page/input_zipCode'

2023-07-17 21:23:14 - [MESSAGE][PASSED] - Text '21054' is set on object 'Object Repository/RAD_Pages/AddressAndContactInfo_Page/input_zipCode'

2023-07-17 21:23:14 - [TEST_STEP][PASSED] - setText(findTestObject(orPath_AddressContact + "/input_phoneNumber"), "(703) 894-5000"): Text '(703) 894-5000' is set on object 'Object Repository/RAD_Pages/AddressAndContactInfo_Page/input_phoneNumber'

2023-07-17 21:23:15 - [MESSAGE][PASSED] - Text '(703) 894-5000' is set on object 'Object Repository/RAD_Pages/AddressAndContactInfo_Page/input_phoneNumber'

2023-07-17 21:23:15 - [TEST_STEP][PASSED] - setText(findTestObject(orPath_AddressContact + "/input_eMailAddress"), "iahmed@govolution.com"): Text 'iahmed@govolution.com' is set on object 'Object Repository/RAD_Pages/AddressAndContactInfo_Page/input_eMailAddress'

2023-07-17 21:23:16 - [MESSAGE][PASSED] - Text 'iahmed@govolution.com' is set on object 'Object Repository/RAD_Pages/AddressAndContactInfo_Page/input_eMailAddress'

2023-07-17 21:23:16 - [TEST_STEP][PASSED] - setText(findTestObject(orPath_AddressContact + "/input_reEnterEMailAddress"), "iahmed@govolution.com"): Text 'iahmed@govolution.com' is set on object 'Object Repository/RAD_Pages/AddressAndContactInfo_Page/input_reEnterEMailAddress'

2023-07-17 21:23:17 - [MESSAGE][PASSED] - Text 'iahmed@govolution.com' is set on object 'Object Repository/RAD_Pages/AddressAndContactInfo_Page/input_reEnterEMailAddress'

2023-07-17 21:23:17 - [TEST_STEP][PASSED] - setText(findTestObject(orPath_Amount + "/input__paymentAmount"), Amount): Text '100.00' is set on object 'Object Repository/RAD_Pages/PaymentAmount_Page/input__paymentAmount'

2023-07-17 21:23:17 - [MESSAGE][PASSED] - Text '100.00' is set on object 'Object Repository/RAD_Pages/PaymentAmount_Page/input__paymentAmount'

2023-07-17 21:23:17 - [TEST_STEP][PASSED] - scrollToElement(findTestObject(orPath_Landing + "/button_Continue"), 3): Scroll to object 'Object Repository/RAD_Pages/Landing_Page/button_Continue' successfully

2023-07-17 21:23:18 - [MESSAGE][PASSED] - Scroll to object 'Object Repository/RAD_Pages/Landing_Page/button_Continue' successfully

2023-07-17 21:23:18 - [TEST_STEP][PASSED] - waitForElementClickable(findTestObject(orPath_Landing + "/button_Continue"), 5): Object 'Object Repository/RAD_Pages/Landing_Page/button_Continue' is clickable

2023-07-17 21:23:18 - [MESSAGE][PASSED] - Object 'Object Repository/RAD_Pages/Landing_Page/button_Continue' is clickable

2023-07-17 21:23:18 - [TEST_STEP][PASSED] - click(findTestObject(orPath_Landing + "/button_Continue")): Object: 'Object Repository/RAD_Pages/Landing_Page/button_Continue' is clicked on

2023-07-17 21:23:19 - [MESSAGE][PASSED] - Object: 'Object Repository/RAD_Pages/Landing_Page/button_Continue' is clicked on

2023-07-17 21:23:19 - [TEST_STEP][PASSED] - verifyTextPresent("Review the information below and make any necessary corrections by clicking the", true): Text 'Review the information below and make any necessary corrections by clicking the' is present on page  using regular expression

2023-07-17 21:23:19 - [MESSAGE][PASSED] - Text 'Review the information below and make any necessary corrections by clicking the' is present on page  using regular expression

2023-07-17 21:23:19 - [TEST_STEP][PASSED] - verifyTextPresent("When you are confident that all the information is correct", true): Text 'When you are confident that all the information is correct' is present on page  using regular expression

2023-07-17 21:23:20 - [MESSAGE][PASSED] - Text 'When you are confident that all the information is correct' is present on page  using regular expression

2023-07-17 21:23:20 - [TEST_STEP][PASSED] - delay(1): Delayed 1 second(s)

2023-07-17 21:23:21 - [MESSAGE][PASSED] - Delayed 1 second(s)

2023-07-17 21:23:21 - [TEST_STEP][PASSED] - click(findTestObject(orPath_Summary + "/button_Proceed to Payment")): Object: 'Object Repository/RAD_Pages/Summary_Page/button_Proceed to Payment' is clicked on

2023-07-17 21:23:22 - [MESSAGE][PASSED] - Object: 'Object Repository/RAD_Pages/Summary_Page/button_Proceed to Payment' is clicked on

2023-07-17 21:23:22 - [TEST_STEP][PASSED] - if (PaymentType.equalsIgnoreCase("Corporate")): null

2023-07-17 21:23:22 - [TEST_STEP][PASSED] - setText(findTestObject(orPath_PaymentEntry + "/input__cardNumber"), CCNumber): Text '4012000098765439' is set on object 'Object Repository/RAD_Pages/PaymentEntry_Page/input__cardNumber'

2023-07-17 21:23:23 - [MESSAGE][PASSED] - Text '4012000098765439' is set on object 'Object Repository/RAD_Pages/PaymentEntry_Page/input__cardNumber'

2023-07-17 21:23:23 - [TEST_STEP][PASSED] - setText(findTestObject(orPath_PaymentEntry + "/input__spc"), CVV): Text '123' is set on object 'Object Repository/RAD_Pages/PaymentEntry_Page/input__spc'

2023-07-17 21:23:24 - [MESSAGE][PASSED] - Text '123' is set on object 'Object Repository/RAD_Pages/PaymentEntry_Page/input__spc'

2023-07-17 21:23:24 - [TEST_STEP][PASSED] - selectOptionByLabel(findTestObject(orPath_PaymentEntry + "/select_MM"), "12", false): All options with label '12' are selected in object 'Object Repository/RAD_Pages/PaymentEntry_Page/select_MM' 

2023-07-17 21:23:24 - [MESSAGE][PASSED] - All options with label '12' are selected in object 'Object Repository/RAD_Pages/PaymentEntry_Page/select_MM' 

2023-07-17 21:23:24 - [TEST_STEP][PASSED] - selectOptionByLabel(findTestObject(orPath_PaymentEntry + "/select_YYYY"), "2023", false): All options with label '2023' are selected in object 'Object Repository/RAD_Pages/PaymentEntry_Page/select_YYYY' 

2023-07-17 21:23:25 - [MESSAGE][PASSED] - All options with label '2023' are selected in object 'Object Repository/RAD_Pages/PaymentEntry_Page/select_YYYY' 

2023-07-17 21:23:25 - [TEST_STEP][PASSED] - click(findTestObject(orPath_PaymentEntry + "/input_Field_ccSubmit")): Object: 'Object Repository/RAD_Pages/PaymentEntry_Page/input_Field_ccSubmit' is clicked on

2023-07-17 21:23:26 - [MESSAGE][PASSED] - Object: 'Object Repository/RAD_Pages/PaymentEntry_Page/input_Field_ccSubmit' is clicked on

2023-07-17 21:23:26 - [TEST_STEP][PASSED] - click(findTestObject(orPath_PaymentConfirmation + "/input_N_confirmNotifyAction")): Object: 'Object Repository/RAD_Pages/PaymentConfirmation_Page/input_N_confirmNotifyAction' is clicked on

2023-07-17 21:23:27 - [MESSAGE][PASSED] - Object: 'Object Repository/RAD_Pages/PaymentConfirmation_Page/input_N_confirmNotifyAction' is clicked on

2023-07-17 21:23:27 - [TEST_STEP][PASSED] - click(findTestObject(orPath_ServiceFeesAccept + "/input_convFeeNotifyAction")): Object: 'Object Repository/RAD_Pages/ServiceFeeAccept_Page/input_convFeeNotifyAction' is clicked on

2023-07-17 21:23:28 - [MESSAGE][PASSED] - Object: 'Object Repository/RAD_Pages/ServiceFeeAccept_Page/input_convFeeNotifyAction' is clicked on

2023-07-17 21:23:28 - [TEST_STEP][PASSED] - delay(10): Delayed 10 second(s)

2023-07-17 21:23:38 - [MESSAGE][PASSED] - Delayed 10 second(s)

2023-07-17 21:23:38 - [TEST_STEP][PASSED] - verifyTextPresent("Successful Payment Receipt", true): Text 'Successful Payment Receipt' is present on page  using regular expression

2023-07-17 21:23:38 - [MESSAGE][PASSED] - Text 'Successful Payment Receipt' is present on page  using regular expression

2023-07-17 21:23:38 - [TEST_STEP][PASSED] - if (verifyTextPresent("Successful Payment Receipt", true)): null

2023-07-17 21:23:38 - [MESSAGE][PASSED] - Text 'Successful Payment Receipt' is present on page  using regular expression

2023-07-17 21:23:38 - [TEST_STEP][PASSED] - println("Transaction was Successful"): null

2023-07-17 21:23:38 - [TEST_STEP][PASSED] - out.println("Pass Record Number: " + row): null

2023-07-17 21:23:38 - [TEST_STEP][PASSED] - resText = "Pass": null

2023-07-17 21:23:38 - [TEST_STEP][PASSED] - pages.WriteExcel.demoKey(resText, datText, resColumn, datCloumn, fileLoc, nameSheet, row): pages.WriteExcel.demoKey is PASSED

2023-07-17 21:23:38 - [MESSAGE][PASSED] - pages.WriteExcel.demoKey is PASSED

2023-07-17 21:23:38 - [TEST_STEP][PASSED] - ExecuteTC = findTestData(dataFile).getValue("Execute", row): null

2023-07-17 21:23:38 - [TEST_STEP][PASSED] - PaymentType = findTestData(dataFile).getValue("PaymentType", row): null

2023-07-17 21:23:38 - [TEST_STEP][PASSED] - FilingYear = findTestData(dataFile).getValue("FilingYear", row): null

2023-07-17 21:23:38 - [TEST_STEP][PASSED] - PeriodEnding = findTestData(dataFile).getValue("PeriodEnding", row): null

2023-07-17 21:23:38 - [TEST_STEP][PASSED] - FName = findTestData(dataFile).getValue("Fname", row): null

2023-07-17 21:23:38 - [TEST_STEP][PASSED] - LName = findTestData(dataFile).getValue("Lname", row): null

2023-07-17 21:23:38 - [TEST_STEP][PASSED] - SSN = findTestData(dataFile).getValue("SSN", row): null

2023-07-17 21:23:39 - [TEST_STEP][PASSED] - BusName = findTestData(dataFile).getValue("BusName", row): null

2023-07-17 21:23:39 - [TEST_STEP][PASSED] - AL1 = findTestData(dataFile).getValue("AL1", row): null

2023-07-17 21:23:39 - [TEST_STEP][PASSED] - City = findTestData(dataFile).getValue("City", row): null

2023-07-17 21:23:39 - [TEST_STEP][PASSED] - ZIP = findTestData(dataFile).getValue("ZIP", row): null

2023-07-17 21:23:39 - [TEST_STEP][PASSED] - FilingType = findTestData(dataFile).getValue("FilingType", row): null

2023-07-17 21:23:39 - [TEST_STEP][PASSED] - Withholding = findTestData(dataFile).getValue("Withholding", row): null

2023-07-17 21:23:39 - [TEST_STEP][PASSED] - Amount = findTestData(dataFile).getValue("Amount", row): null

2023-07-17 21:23:39 - [TEST_STEP][PASSED] - CCNumber = findTestData(dataFile).getValue("CCNumber", row): null

2023-07-17 21:23:39 - [TEST_STEP][PASSED] - CVV = findTestData(dataFile).getValue("CVV", row): null

2023-07-17 21:23:39 - [TEST_STEP][PASSED] - out.println("Value of Execute is : " + ExecuteTC): null

2023-07-17 21:23:39 - [TEST_STEP][PASSED] - if (ExecuteTC.equalsIgnoreCase("Y")): null

2023-07-17 21:23:39 - [TEST_STEP][PASSED] - out.println("Begin Record Number: " + row): null

2023-07-17 21:23:39 - [TEST_STEP][PASSED] - today = new java.util.Date(): null

2023-07-17 21:23:39 - [TEST_STEP][PASSED] - println(today): null

2023-07-17 21:23:39 - [TEST_STEP][PASSED] - datText = today: null

2023-07-17 21:23:39 - [TEST_STEP][PASSED] - Taxtype = findTestData(dataFile).getValue("TaxType", row): null

2023-07-17 21:23:39 - [TEST_STEP][PASSED] - out.println("Taxtype value is : " + Taxtype): null

2023-07-17 21:23:39 - [TEST_STEP][PASSED] - openBrowser(""): Browser is opened with url: ''

2023-07-17 21:23:39 - [MESSAGE][WARNING] - A browser is already opened. Closing browser and opening a new one

2023-07-17 21:23:40 - [MESSAGE][INFO] - Starting 'Chrome' driver

2023-07-17 21:23:40 - [MESSAGE][INFO] - User set preference: ['acceptInsecureCerts', 'true']

2023-07-17 21:23:40 - [MESSAGE][INFO] - Action delay is set to 0 milliseconds

2023-07-17 21:23:42 - [MESSAGE][PASSED] - Browser is opened with url: ''

2023-07-17 21:23:42 - [TEST_STEP][PASSED] - maximizeWindow(): Current window maximized

2023-07-17 21:23:42 - [MESSAGE][PASSED] - Current window maximized

2023-07-17 21:23:42 - [TEST_STEP][PASSED] - navigateToUrl(RADurl): Navigate to 'https://qa.velocitypayment.com/client/rad/index.html' successfully

2023-07-17 21:23:43 - [MESSAGE][PASSED] - Navigate to 'https://qa.velocitypayment.com/client/rad/index.html' successfully

2023-07-17 21:23:43 - [TEST_STEP][PASSED] - orPath_Landing = "Object Repository/RAD_Pages/Landing_Page": null

2023-07-17 21:23:43 - [TEST_STEP][PASSED] - orPath_TaxTypeFilingYear = "Object Repository/RAD_Pages/TaxTypeFilingYear_Page": null

2023-07-17 21:23:43 - [TEST_STEP][PASSED] - orPath_TaxPayer = "Object Repository/RAD_Pages/Taxpayer_Page": null

2023-07-17 21:23:43 - [TEST_STEP][PASSED] - orPath_AddressContact = "Object Repository/RAD_Pages/AddressAndContactInfo_Page": null

2023-07-17 21:23:43 - [TEST_STEP][PASSED] - orPath_FilingStatus = "Object Repository/RAD_Pages/FilingStatus_Page": null

2023-07-17 21:23:43 - [TEST_STEP][PASSED] - orPath_Amount = "Object Repository/RAD_Pages/PaymentAmount_Page": null

2023-07-17 21:23:43 - [TEST_STEP][PASSED] - orPath_TaxInfo = "Object Repository/RAD_Pages/TaxInfo_Page": null

2023-07-17 21:23:43 - [TEST_STEP][PASSED] - orPath_Withholding = "Object Repository/RAD_Pages/Withholding_Page": null

2023-07-17 21:23:43 - [TEST_STEP][PASSED] - orPath_Summary = "Object Repository/RAD_Pages/Summary_Page": null

2023-07-17 21:23:43 - [TEST_STEP][PASSED] - orPath_PaymentReady = "Object Repository/RAD_Pages/PaymentReady_Page": null

2023-07-17 21:23:43 - [TEST_STEP][PASSED] - orPath_PaymentEntry = "Object Repository/RAD_Pages/PaymentEntry_Page": null

2023-07-17 21:23:43 - [TEST_STEP][PASSED] - orPath_PaymentConfirmation = "Object Repository/RAD_Pages/PaymentConfirmation_Page": null

2023-07-17 21:23:43 - [TEST_STEP][PASSED] - orPath_ServiceFeesAccept = "Object Repository/RAD_Pages/ServiceFeeAccept_Page": null

2023-07-17 21:23:43 - [TEST_STEP][PASSED] - selectOptionByLabel(findTestObject(orPath_Landing + "/dd_TaxType"), Taxtype, false): All options with label 'Extension Payments' are selected in object 'Object Repository/RAD_Pages/Landing_Page/dd_TaxType' 

2023-07-17 21:23:44 - [MESSAGE][PASSED] - All options with label 'Extension Payments' are selected in object 'Object Repository/RAD_Pages/Landing_Page/dd_TaxType' 

2023-07-17 21:23:44 - [TEST_STEP][PASSED] - delay(3): Delayed 3 second(s)

2023-07-17 21:23:47 - [MESSAGE][PASSED] - Delayed 3 second(s)

2023-07-17 21:23:47 - [TEST_STEP][PASSED] - switch (Taxtype): null

2023-07-17 21:23:47 - [TEST_STEP][PASSED] - case "Extension Payments":: null

2023-07-17 21:23:47 - [TEST_STEP][PASSED] - selectOptionByLabel(findTestObject(orPath_TaxTypeFilingYear + "/select_PaymentType"), PaymentType, false): All options with label 'Personal' are selected in object 'Object Repository/RAD_Pages/TaxTypeFilingYear_Page/select_PaymentType' 

2023-07-17 21:23:47 - [MESSAGE][PASSED] - All options with label 'Personal' are selected in object 'Object Repository/RAD_Pages/TaxTypeFilingYear_Page/select_PaymentType' 

2023-07-17 21:23:47 - [TEST_STEP][PASSED] - selectOptionByLabel(findTestObject(orPath_TaxTypeFilingYear + "/select_FilingYear"), FilingYear, false): All options with label '2022' are selected in object 'Object Repository/RAD_Pages/TaxTypeFilingYear_Page/select_FilingYear' 

2023-07-17 21:23:48 - [MESSAGE][PASSED] - All options with label '2022' are selected in object 'Object Repository/RAD_Pages/TaxTypeFilingYear_Page/select_FilingYear' 

2023-07-17 21:23:48 - [TEST_STEP][PASSED] - if (PaymentType.equalsIgnoreCase("Personal")): Text '123443210' is set on object 'Object Repository/RAD_RecordAndPlay/input_reTypeJointFilerSSN'

2023-07-17 21:23:48 - [TEST_STEP][PASSED] - if (FilingType.equalsIgnoreCase("Y")): null

2023-07-17 21:23:48 - [TEST_STEP][PASSED] - else: Text '123443210' is set on object 'Object Repository/RAD_RecordAndPlay/input_reTypeJointFilerSSN'

2023-07-17 21:23:48 - [TEST_STEP][PASSED] - setText(findTestObject("RAD_RecordAndPlay/input_concatSSN"), SSN): Text '123456523' is set on object 'Object Repository/RAD_RecordAndPlay/input_concatSSN'

2023-07-17 21:23:49 - [MESSAGE][PASSED] - Text '123456523' is set on object 'Object Repository/RAD_RecordAndPlay/input_concatSSN'

2023-07-17 21:23:49 - [TEST_STEP][PASSED] - setText(findTestObject("RAD_RecordAndPlay/input_concatReSSN"), SSN): Text '123456523' is set on object 'Object Repository/RAD_RecordAndPlay/input_concatReSSN'

2023-07-17 21:23:49 - [MESSAGE][PASSED] - Text '123456523' is set on object 'Object Repository/RAD_RecordAndPlay/input_concatReSSN'

2023-07-17 21:23:49 - [TEST_STEP][PASSED] - scrollToElement(findTestObject(orPath_Amount + "/input__paymentAmount"), 3): Scroll to object 'Object Repository/RAD_Pages/PaymentAmount_Page/input__paymentAmount' successfully

2023-07-17 21:23:50 - [MESSAGE][PASSED] - Scroll to object 'Object Repository/RAD_Pages/PaymentAmount_Page/input__paymentAmount' successfully

2023-07-17 21:23:50 - [TEST_STEP][PASSED] - waitForElementClickable(findTestObject(orPath_FilingStatus + "/input_userType_Joint"), 5): Object 'Object Repository/RAD_Pages/FilingStatus_Page/input_userType_Joint' is clickable

2023-07-17 21:23:50 - [MESSAGE][PASSED] - Object 'Object Repository/RAD_Pages/FilingStatus_Page/input_userType_Joint' is clickable

2023-07-17 21:23:50 - [TEST_STEP][PASSED] - check(findTestObject(orPath_FilingStatus + "/input_userType_Joint")): Object 'Object Repository/RAD_Pages/FilingStatus_Page/input_userType_Joint' is checked

2023-07-17 21:23:51 - [MESSAGE][PASSED] - Object 'Object Repository/RAD_Pages/FilingStatus_Page/input_userType_Joint' is checked

2023-07-17 21:23:51 - [TEST_STEP][PASSED] - delay(3): Delayed 3 second(s)

2023-07-17 21:23:54 - [MESSAGE][PASSED] - Delayed 3 second(s)

2023-07-17 21:23:54 - [TEST_STEP][PASSED] - setText(findTestObject(orPath_FilingStatus + "/input_jointFirstName"), "Sam"): Text 'Sam' is set on object 'Object Repository/RAD_Pages/FilingStatus_Page/input_jointFirstName'

2023-07-17 21:23:54 - [MESSAGE][PASSED] - Text 'Sam' is set on object 'Object Repository/RAD_Pages/FilingStatus_Page/input_jointFirstName'

2023-07-17 21:23:54 - [TEST_STEP][PASSED] - setText(findTestObject(orPath_FilingStatus + "/input_jointLastName"), "Stokes"): Text 'Stokes' is set on object 'Object Repository/RAD_Pages/FilingStatus_Page/input_jointLastName'

2023-07-17 21:23:55 - [MESSAGE][PASSED] - Text 'Stokes' is set on object 'Object Repository/RAD_Pages/FilingStatus_Page/input_jointLastName'

2023-07-17 21:23:55 - [TEST_STEP][PASSED] - setText(findTestObject("Object Repository/RAD_RecordAndPlay/input_JointFilerSSN"), "123443210"): Text '123443210' is set on object 'Object Repository/RAD_RecordAndPlay/input_JointFilerSSN'

2023-07-17 21:23:56 - [MESSAGE][PASSED] - Text '123443210' is set on object 'Object Repository/RAD_RecordAndPlay/input_JointFilerSSN'

2023-07-17 21:23:56 - [TEST_STEP][PASSED] - setText(findTestObject("Object Repository/RAD_RecordAndPlay/input_reTypeJointFilerSSN"), "123443210"): Text '123443210' is set on object 'Object Repository/RAD_RecordAndPlay/input_reTypeJointFilerSSN'

2023-07-17 21:23:56 - [MESSAGE][PASSED] - Text '123443210' is set on object 'Object Repository/RAD_RecordAndPlay/input_reTypeJointFilerSSN'

2023-07-17 21:23:56 - [TEST_STEP][PASSED] - break: null

2023-07-17 21:23:56 - [TEST_STEP][PASSED] - if (PaymentType.equalsIgnoreCase("Personal")): Text 'Broad' is set on object 'Object Repository/RAD_Pages/Taxpayer_Page/input_lastName'

2023-07-17 21:23:56 - [TEST_STEP][PASSED] - setText(findTestObject(orPath_TaxPayer + "/input_firstName"), FName): Text 'Stuart' is set on object 'Object Repository/RAD_Pages/Taxpayer_Page/input_firstName'

2023-07-17 21:23:57 - [MESSAGE][PASSED] - Text 'Stuart' is set on object 'Object Repository/RAD_Pages/Taxpayer_Page/input_firstName'

2023-07-17 21:23:57 - [TEST_STEP][PASSED] - setText(findTestObject(orPath_TaxPayer + "/input_lastName"), LName): Text 'Broad' is set on object 'Object Repository/RAD_Pages/Taxpayer_Page/input_lastName'

2023-07-17 21:23:58 - [MESSAGE][PASSED] - Text 'Broad' is set on object 'Object Repository/RAD_Pages/Taxpayer_Page/input_lastName'

2023-07-17 21:23:58 - [TEST_STEP][PASSED] - selectOptionByLabel(findTestObject(orPath_AddressContact + "/select_Country"), "United States", false): All options with label 'United States' are selected in object 'Object Repository/RAD_Pages/AddressAndContactInfo_Page/select_Country' 

2023-07-17 21:23:59 - [MESSAGE][PASSED] - All options with label 'United States' are selected in object 'Object Repository/RAD_Pages/AddressAndContactInfo_Page/select_Country' 

2023-07-17 21:23:59 - [TEST_STEP][PASSED] - setText(findTestObject(orPath_AddressContact + "/input_streetAddress1"), AL1): Text '15 Main Street' is set on object 'Object Repository/RAD_Pages/AddressAndContactInfo_Page/input_streetAddress1'

2023-07-17 21:23:59 - [MESSAGE][PASSED] - Text '15 Main Street' is set on object 'Object Repository/RAD_Pages/AddressAndContactInfo_Page/input_streetAddress1'

2023-07-17 21:23:59 - [TEST_STEP][PASSED] - setText(findTestObject(orPath_AddressContact + "/input_streetAddress2"), ""): Text '' is set on object 'Object Repository/RAD_Pages/AddressAndContactInfo_Page/input_streetAddress2'

2023-07-17 21:24:00 - [MESSAGE][PASSED] - Text '' is set on object 'Object Repository/RAD_Pages/AddressAndContactInfo_Page/input_streetAddress2'

2023-07-17 21:24:00 - [TEST_STEP][PASSED] - setText(findTestObject(orPath_AddressContact + "/input_city"), City): Text 'Gambrills' is set on object 'Object Repository/RAD_Pages/AddressAndContactInfo_Page/input_city'

2023-07-17 21:24:01 - [MESSAGE][PASSED] - Text 'Gambrills' is set on object 'Object Repository/RAD_Pages/AddressAndContactInfo_Page/input_city'

2023-07-17 21:24:01 - [TEST_STEP][PASSED] - selectOptionByLabel(findTestObject(orPath_AddressContact + "/select_State"), "Maryland", false): All options with label 'Maryland' are selected in object 'Object Repository/RAD_Pages/AddressAndContactInfo_Page/select_State' 

2023-07-17 21:24:01 - [MESSAGE][PASSED] - All options with label 'Maryland' are selected in object 'Object Repository/RAD_Pages/AddressAndContactInfo_Page/select_State' 

2023-07-17 21:24:01 - [TEST_STEP][PASSED] - setText(findTestObject(orPath_AddressContact + "/input_zipCode"), ZIP): Text '21054' is set on object 'Object Repository/RAD_Pages/AddressAndContactInfo_Page/input_zipCode'

2023-07-17 21:24:02 - [MESSAGE][PASSED] - Text '21054' is set on object 'Object Repository/RAD_Pages/AddressAndContactInfo_Page/input_zipCode'

2023-07-17 21:24:02 - [TEST_STEP][PASSED] - setText(findTestObject(orPath_AddressContact + "/input_phoneNumber"), "(703) 894-5000"): Text '(703) 894-5000' is set on object 'Object Repository/RAD_Pages/AddressAndContactInfo_Page/input_phoneNumber'

2023-07-17 21:24:03 - [MESSAGE][PASSED] - Text '(703) 894-5000' is set on object 'Object Repository/RAD_Pages/AddressAndContactInfo_Page/input_phoneNumber'

2023-07-17 21:24:03 - [TEST_STEP][PASSED] - setText(findTestObject(orPath_AddressContact + "/input_eMailAddress"), "iahmed@govolution.com"): Text 'iahmed@govolution.com' is set on object 'Object Repository/RAD_Pages/AddressAndContactInfo_Page/input_eMailAddress'

2023-07-17 21:24:03 - [MESSAGE][PASSED] - Text 'iahmed@govolution.com' is set on object 'Object Repository/RAD_Pages/AddressAndContactInfo_Page/input_eMailAddress'

2023-07-17 21:24:03 - [TEST_STEP][PASSED] - setText(findTestObject(orPath_AddressContact + "/input_reEnterEMailAddress"), "iahmed@govolution.com"): Text 'iahmed@govolution.com' is set on object 'Object Repository/RAD_Pages/AddressAndContactInfo_Page/input_reEnterEMailAddress'

2023-07-17 21:24:04 - [MESSAGE][PASSED] - Text 'iahmed@govolution.com' is set on object 'Object Repository/RAD_Pages/AddressAndContactInfo_Page/input_reEnterEMailAddress'

2023-07-17 21:24:04 - [TEST_STEP][PASSED] - setText(findTestObject(orPath_Amount + "/input__paymentAmount"), Amount): Text '100.00' is set on object 'Object Repository/RAD_Pages/PaymentAmount_Page/input__paymentAmount'

2023-07-17 21:24:05 - [MESSAGE][PASSED] - Text '100.00' is set on object 'Object Repository/RAD_Pages/PaymentAmount_Page/input__paymentAmount'

2023-07-17 21:24:05 - [TEST_STEP][PASSED] - scrollToElement(findTestObject(orPath_Landing + "/button_Continue"), 3): Scroll to object 'Object Repository/RAD_Pages/Landing_Page/button_Continue' successfully

2023-07-17 21:24:05 - [MESSAGE][PASSED] - Scroll to object 'Object Repository/RAD_Pages/Landing_Page/button_Continue' successfully

2023-07-17 21:24:05 - [TEST_STEP][PASSED] - waitForElementClickable(findTestObject(orPath_Landing + "/button_Continue"), 5): Object 'Object Repository/RAD_Pages/Landing_Page/button_Continue' is clickable

2023-07-17 21:24:06 - [MESSAGE][PASSED] - Object 'Object Repository/RAD_Pages/Landing_Page/button_Continue' is clickable

2023-07-17 21:24:06 - [TEST_STEP][PASSED] - click(findTestObject(orPath_Landing + "/button_Continue")): Object: 'Object Repository/RAD_Pages/Landing_Page/button_Continue' is clicked on

2023-07-17 21:24:06 - [MESSAGE][PASSED] - Object: 'Object Repository/RAD_Pages/Landing_Page/button_Continue' is clicked on

2023-07-17 21:24:06 - [TEST_STEP][PASSED] - verifyTextPresent("Review the information below and make any necessary corrections by clicking the", true): Text 'Review the information below and make any necessary corrections by clicking the' is present on page  using regular expression

2023-07-17 21:24:07 - [MESSAGE][PASSED] - Text 'Review the information below and make any necessary corrections by clicking the' is present on page  using regular expression

2023-07-17 21:24:07 - [TEST_STEP][PASSED] - verifyTextPresent("When you are confident that all the information is correct", true): Text 'When you are confident that all the information is correct' is present on page  using regular expression

2023-07-17 21:24:07 - [MESSAGE][PASSED] - Text 'When you are confident that all the information is correct' is present on page  using regular expression

2023-07-17 21:24:07 - [TEST_STEP][PASSED] - delay(1): Delayed 1 second(s)

2023-07-17 21:24:08 - [MESSAGE][PASSED] - Delayed 1 second(s)

2023-07-17 21:24:08 - [TEST_STEP][PASSED] - click(findTestObject(orPath_Summary + "/button_Proceed to Payment")): Object: 'Object Repository/RAD_Pages/Summary_Page/button_Proceed to Payment' is clicked on

2023-07-17 21:24:09 - [MESSAGE][PASSED] - Object: 'Object Repository/RAD_Pages/Summary_Page/button_Proceed to Payment' is clicked on

2023-07-17 21:24:09 - [TEST_STEP][PASSED] - if (PaymentType.equalsIgnoreCase("Corporate")): null

2023-07-17 21:24:09 - [TEST_STEP][PASSED] - setText(findTestObject(orPath_PaymentEntry + "/input__cardNumber"), CCNumber): Text '5146312200000035' is set on object 'Object Repository/RAD_Pages/PaymentEntry_Page/input__cardNumber'

2023-07-17 21:24:10 - [MESSAGE][PASSED] - Text '5146312200000035' is set on object 'Object Repository/RAD_Pages/PaymentEntry_Page/input__cardNumber'

2023-07-17 21:24:10 - [TEST_STEP][PASSED] - setText(findTestObject(orPath_PaymentEntry + "/input__spc"), CVV): Text '123' is set on object 'Object Repository/RAD_Pages/PaymentEntry_Page/input__spc'

2023-07-17 21:24:11 - [MESSAGE][PASSED] - Text '123' is set on object 'Object Repository/RAD_Pages/PaymentEntry_Page/input__spc'

2023-07-17 21:24:11 - [TEST_STEP][PASSED] - selectOptionByLabel(findTestObject(orPath_PaymentEntry + "/select_MM"), "12", false): All options with label '12' are selected in object 'Object Repository/RAD_Pages/PaymentEntry_Page/select_MM' 

2023-07-17 21:24:11 - [MESSAGE][PASSED] - All options with label '12' are selected in object 'Object Repository/RAD_Pages/PaymentEntry_Page/select_MM' 

2023-07-17 21:24:11 - [TEST_STEP][PASSED] - selectOptionByLabel(findTestObject(orPath_PaymentEntry + "/select_YYYY"), "2023", false): All options with label '2023' are selected in object 'Object Repository/RAD_Pages/PaymentEntry_Page/select_YYYY' 

2023-07-17 21:24:12 - [MESSAGE][PASSED] - All options with label '2023' are selected in object 'Object Repository/RAD_Pages/PaymentEntry_Page/select_YYYY' 

2023-07-17 21:24:12 - [TEST_STEP][PASSED] - click(findTestObject(orPath_PaymentEntry + "/input_Field_ccSubmit")): Object: 'Object Repository/RAD_Pages/PaymentEntry_Page/input_Field_ccSubmit' is clicked on

2023-07-17 21:24:13 - [MESSAGE][PASSED] - Object: 'Object Repository/RAD_Pages/PaymentEntry_Page/input_Field_ccSubmit' is clicked on

2023-07-17 21:24:13 - [TEST_STEP][PASSED] - click(findTestObject(orPath_PaymentConfirmation + "/input_N_confirmNotifyAction")): Object: 'Object Repository/RAD_Pages/PaymentConfirmation_Page/input_N_confirmNotifyAction' is clicked on

2023-07-17 21:24:14 - [MESSAGE][PASSED] - Object: 'Object Repository/RAD_Pages/PaymentConfirmation_Page/input_N_confirmNotifyAction' is clicked on

2023-07-17 21:24:14 - [TEST_STEP][PASSED] - click(findTestObject(orPath_ServiceFeesAccept + "/input_convFeeNotifyAction")): Object: 'Object Repository/RAD_Pages/ServiceFeeAccept_Page/input_convFeeNotifyAction' is clicked on

2023-07-17 21:24:15 - [MESSAGE][PASSED] - Object: 'Object Repository/RAD_Pages/ServiceFeeAccept_Page/input_convFeeNotifyAction' is clicked on

2023-07-17 21:24:15 - [TEST_STEP][PASSED] - delay(10): Delayed 10 second(s)

2023-07-17 21:24:25 - [MESSAGE][PASSED] - Delayed 10 second(s)

2023-07-17 21:24:25 - [TEST_STEP][PASSED] - verifyTextPresent("Successful Payment Receipt", true): Text 'Successful Payment Receipt' is present on page  using regular expression

2023-07-17 21:24:25 - [MESSAGE][PASSED] - Text 'Successful Payment Receipt' is present on page  using regular expression

2023-07-17 21:24:25 - [TEST_STEP][PASSED] - if (verifyTextPresent("Successful Payment Receipt", true)): null

2023-07-17 21:24:26 - [MESSAGE][PASSED] - Text 'Successful Payment Receipt' is present on page  using regular expression

2023-07-17 21:24:26 - [TEST_STEP][PASSED] - println("Transaction was Successful"): null

2023-07-17 21:24:26 - [TEST_STEP][PASSED] - out.println("Pass Record Number: " + row): null

2023-07-17 21:24:26 - [TEST_STEP][PASSED] - resText = "Pass": null

2023-07-17 21:24:26 - [TEST_STEP][PASSED] - pages.WriteExcel.demoKey(resText, datText, resColumn, datCloumn, fileLoc, nameSheet, row): pages.WriteExcel.demoKey is PASSED

2023-07-17 21:24:26 - [MESSAGE][PASSED] - pages.WriteExcel.demoKey is PASSED

2023-07-17 21:24:26 - [TEST_STEP][PASSED] - ExecuteTC = findTestData(dataFile).getValue("Execute", row): null

2023-07-17 21:24:26 - [TEST_STEP][PASSED] - PaymentType = findTestData(dataFile).getValue("PaymentType", row): null

2023-07-17 21:24:26 - [TEST_STEP][PASSED] - FilingYear = findTestData(dataFile).getValue("FilingYear", row): null

2023-07-17 21:24:26 - [TEST_STEP][PASSED] - PeriodEnding = findTestData(dataFile).getValue("PeriodEnding", row): null

2023-07-17 21:24:26 - [TEST_STEP][PASSED] - FName = findTestData(dataFile).getValue("Fname", row): null

2023-07-17 21:24:26 - [TEST_STEP][PASSED] - LName = findTestData(dataFile).getValue("Lname", row): null

2023-07-17 21:24:26 - [TEST_STEP][PASSED] - SSN = findTestData(dataFile).getValue("SSN", row): null

2023-07-17 21:24:26 - [TEST_STEP][PASSED] - BusName = findTestData(dataFile).getValue("BusName", row): null

2023-07-17 21:24:26 - [TEST_STEP][PASSED] - AL1 = findTestData(dataFile).getValue("AL1", row): null

2023-07-17 21:24:26 - [TEST_STEP][PASSED] - City = findTestData(dataFile).getValue("City", row): null

2023-07-17 21:24:26 - [TEST_STEP][PASSED] - ZIP = findTestData(dataFile).getValue("ZIP", row): null

2023-07-17 21:24:26 - [TEST_STEP][PASSED] - FilingType = findTestData(dataFile).getValue("FilingType", row): null

2023-07-17 21:24:26 - [TEST_STEP][PASSED] - Withholding = findTestData(dataFile).getValue("Withholding", row): null

2023-07-17 21:24:26 - [TEST_STEP][PASSED] - Amount = findTestData(dataFile).getValue("Amount", row): null

2023-07-17 21:24:26 - [TEST_STEP][PASSED] - CCNumber = findTestData(dataFile).getValue("CCNumber", row): null

2023-07-17 21:24:26 - [TEST_STEP][PASSED] - CVV = findTestData(dataFile).getValue("CVV", row): null

2023-07-17 21:24:26 - [TEST_STEP][PASSED] - out.println("Value of Execute is : " + ExecuteTC): null

2023-07-17 21:24:26 - [TEST_STEP][PASSED] - if (ExecuteTC.equalsIgnoreCase("Y")): null

2023-07-17 21:24:26 - [TEST_STEP][PASSED] - out.println("Begin Record Number: " + row): null

2023-07-17 21:24:26 - [TEST_STEP][PASSED] - today = new java.util.Date(): null

2023-07-17 21:24:26 - [TEST_STEP][PASSED] - println(today): null

2023-07-17 21:24:26 - [TEST_STEP][PASSED] - datText = today: null

2023-07-17 21:24:26 - [TEST_STEP][PASSED] - Taxtype = findTestData(dataFile).getValue("TaxType", row): null

2023-07-17 21:24:26 - [TEST_STEP][PASSED] - out.println("Taxtype value is : " + Taxtype): null

2023-07-17 21:24:26 - [TEST_STEP][PASSED] - openBrowser(""): Browser is opened with url: ''

2023-07-17 21:24:26 - [MESSAGE][WARNING] - A browser is already opened. Closing browser and opening a new one

2023-07-17 21:24:27 - [MESSAGE][INFO] - Starting 'Chrome' driver

2023-07-17 21:24:27 - [MESSAGE][INFO] - User set preference: ['acceptInsecureCerts', 'true']

2023-07-17 21:24:27 - [MESSAGE][INFO] - Action delay is set to 0 milliseconds

2023-07-17 21:24:29 - [MESSAGE][PASSED] - Browser is opened with url: ''

2023-07-17 21:24:29 - [TEST_STEP][PASSED] - maximizeWindow(): Current window maximized

2023-07-17 21:24:29 - [MESSAGE][PASSED] - Current window maximized

2023-07-17 21:24:29 - [TEST_STEP][PASSED] - navigateToUrl(RADurl): Navigate to 'https://qa.velocitypayment.com/client/rad/index.html' successfully

2023-07-17 21:24:31 - [MESSAGE][PASSED] - Navigate to 'https://qa.velocitypayment.com/client/rad/index.html' successfully

2023-07-17 21:24:31 - [TEST_STEP][PASSED] - orPath_Landing = "Object Repository/RAD_Pages/Landing_Page": null

2023-07-17 21:24:31 - [TEST_STEP][PASSED] - orPath_TaxTypeFilingYear = "Object Repository/RAD_Pages/TaxTypeFilingYear_Page": null

2023-07-17 21:24:31 - [TEST_STEP][PASSED] - orPath_TaxPayer = "Object Repository/RAD_Pages/Taxpayer_Page": null

2023-07-17 21:24:31 - [TEST_STEP][PASSED] - orPath_AddressContact = "Object Repository/RAD_Pages/AddressAndContactInfo_Page": null

2023-07-17 21:24:31 - [TEST_STEP][PASSED] - orPath_FilingStatus = "Object Repository/RAD_Pages/FilingStatus_Page": null

2023-07-17 21:24:31 - [TEST_STEP][PASSED] - orPath_Amount = "Object Repository/RAD_Pages/PaymentAmount_Page": null

2023-07-17 21:24:31 - [TEST_STEP][PASSED] - orPath_TaxInfo = "Object Repository/RAD_Pages/TaxInfo_Page": null

2023-07-17 21:24:31 - [TEST_STEP][PASSED] - orPath_Withholding = "Object Repository/RAD_Pages/Withholding_Page": null

2023-07-17 21:24:31 - [TEST_STEP][PASSED] - orPath_Summary = "Object Repository/RAD_Pages/Summary_Page": null

2023-07-17 21:24:31 - [TEST_STEP][PASSED] - orPath_PaymentReady = "Object Repository/RAD_Pages/PaymentReady_Page": null

2023-07-17 21:24:31 - [TEST_STEP][PASSED] - orPath_PaymentEntry = "Object Repository/RAD_Pages/PaymentEntry_Page": null

2023-07-17 21:24:31 - [TEST_STEP][PASSED] - orPath_PaymentConfirmation = "Object Repository/RAD_Pages/PaymentConfirmation_Page": null

2023-07-17 21:24:31 - [TEST_STEP][PASSED] - orPath_ServiceFeesAccept = "Object Repository/RAD_Pages/ServiceFeeAccept_Page": null

2023-07-17 21:24:31 - [TEST_STEP][PASSED] - selectOptionByLabel(findTestObject(orPath_Landing + "/dd_TaxType"), Taxtype, false): All options with label 'Extension Payments' are selected in object 'Object Repository/RAD_Pages/Landing_Page/dd_TaxType' 

2023-07-17 21:24:31 - [MESSAGE][PASSED] - All options with label 'Extension Payments' are selected in object 'Object Repository/RAD_Pages/Landing_Page/dd_TaxType' 

2023-07-17 21:24:31 - [TEST_STEP][PASSED] - delay(3): Delayed 3 second(s)

2023-07-17 21:24:34 - [MESSAGE][PASSED] - Delayed 3 second(s)

2023-07-17 21:24:34 - [TEST_STEP][PASSED] - switch (Taxtype): null

2023-07-17 21:24:34 - [TEST_STEP][PASSED] - case "Extension Payments":: null

2023-07-17 21:24:34 - [TEST_STEP][PASSED] - selectOptionByLabel(findTestObject(orPath_TaxTypeFilingYear + "/select_PaymentType"), PaymentType, false): All options with label 'Corporate' are selected in object 'Object Repository/RAD_Pages/TaxTypeFilingYear_Page/select_PaymentType' 

2023-07-17 21:24:35 - [MESSAGE][PASSED] - All options with label 'Corporate' are selected in object 'Object Repository/RAD_Pages/TaxTypeFilingYear_Page/select_PaymentType' 

2023-07-17 21:24:35 - [TEST_STEP][PASSED] - selectOptionByLabel(findTestObject(orPath_TaxTypeFilingYear + "/select_FilingYear"), FilingYear, false): All options with label '2022' are selected in object 'Object Repository/RAD_Pages/TaxTypeFilingYear_Page/select_FilingYear' 

2023-07-17 21:24:36 - [MESSAGE][PASSED] - All options with label '2022' are selected in object 'Object Repository/RAD_Pages/TaxTypeFilingYear_Page/select_FilingYear' 

2023-07-17 21:24:36 - [TEST_STEP][PASSED] - if (PaymentType.equalsIgnoreCase("Personal")): null

2023-07-17 21:24:36 - [TEST_STEP][PASSED] - else if (PaymentType.equalsIgnoreCase("Corporate")): Text ****** has been set on object 'Object Repository/RAD_Pages/TaxInfo_Page/input_FederalEIN_ReEnter'

2023-07-17 21:24:36 - [TEST_STEP][PASSED] - selectOptionByLabel(findTestObject(orPath_TaxTypeFilingYear + "/select_PeriodEnding"), PeriodEnding, false): All options with label 'December' are selected in object 'Object Repository/RAD_Pages/TaxTypeFilingYear_Page/select_PeriodEnding' 

2023-07-17 21:24:36 - [MESSAGE][PASSED] - All options with label 'December' are selected in object 'Object Repository/RAD_Pages/TaxTypeFilingYear_Page/select_PeriodEnding' 

2023-07-17 21:24:36 - [TEST_STEP][PASSED] - setText(findTestObject(orPath_TaxPayer + "/input_businessName"), BusName): Text 'My Glass Company' is set on object 'Object Repository/RAD_Pages/Taxpayer_Page/input_businessName'

2023-07-17 21:24:37 - [MESSAGE][PASSED] - Text 'My Glass Company' is set on object 'Object Repository/RAD_Pages/Taxpayer_Page/input_businessName'

2023-07-17 21:24:37 - [TEST_STEP][PASSED] - setEncryptedText(findTestObject(orPath_TaxInfo + "/input_FederalEIN"), "0fDtEjy4ijeV75Gl5M+mSg=="): Text ****** has been set on object 'Object Repository/RAD_Pages/TaxInfo_Page/input_FederalEIN'

2023-07-17 21:24:38 - [MESSAGE][PASSED] - Text ****** has been set on object 'Object Repository/RAD_Pages/TaxInfo_Page/input_FederalEIN'

2023-07-17 21:24:38 - [TEST_STEP][PASSED] - setEncryptedText(findTestObject(orPath_TaxInfo + "/input_FederalEIN_ReEnter"), "0fDtEjy4ijeV75Gl5M+mSg=="): Text ****** has been set on object 'Object Repository/RAD_Pages/TaxInfo_Page/input_FederalEIN_ReEnter'

2023-07-17 21:24:38 - [MESSAGE][PASSED] - Text ****** has been set on object 'Object Repository/RAD_Pages/TaxInfo_Page/input_FederalEIN_ReEnter'

2023-07-17 21:24:38 - [TEST_STEP][PASSED] - break: null

2023-07-17 21:24:38 - [TEST_STEP][PASSED] - if (PaymentType.equalsIgnoreCase("Personal")): null

2023-07-17 21:24:38 - [TEST_STEP][PASSED] - selectOptionByLabel(findTestObject(orPath_AddressContact + "/select_Country"), "United States", false): All options with label 'United States' are selected in object 'Object Repository/RAD_Pages/AddressAndContactInfo_Page/select_Country' 

2023-07-17 21:24:39 - [MESSAGE][PASSED] - All options with label 'United States' are selected in object 'Object Repository/RAD_Pages/AddressAndContactInfo_Page/select_Country' 

2023-07-17 21:24:39 - [TEST_STEP][PASSED] - setText(findTestObject(orPath_AddressContact + "/input_streetAddress1"), AL1): Text '3652 Mandan road' is set on object 'Object Repository/RAD_Pages/AddressAndContactInfo_Page/input_streetAddress1'

2023-07-17 21:24:40 - [MESSAGE][PASSED] - Text '3652 Mandan road' is set on object 'Object Repository/RAD_Pages/AddressAndContactInfo_Page/input_streetAddress1'

2023-07-17 21:24:40 - [TEST_STEP][PASSED] - setText(findTestObject(orPath_AddressContact + "/input_streetAddress2"), ""): Text '' is set on object 'Object Repository/RAD_Pages/AddressAndContactInfo_Page/input_streetAddress2'

2023-07-17 21:24:40 - [MESSAGE][PASSED] - Text '' is set on object 'Object Repository/RAD_Pages/AddressAndContactInfo_Page/input_streetAddress2'

2023-07-17 21:24:40 - [TEST_STEP][PASSED] - setText(findTestObject(orPath_AddressContact + "/input_city"), City): Text 'Crofton' is set on object 'Object Repository/RAD_Pages/AddressAndContactInfo_Page/input_city'

2023-07-17 21:24:41 - [MESSAGE][PASSED] - Text 'Crofton' is set on object 'Object Repository/RAD_Pages/AddressAndContactInfo_Page/input_city'

2023-07-17 21:24:41 - [TEST_STEP][PASSED] - selectOptionByLabel(findTestObject(orPath_AddressContact + "/select_State"), "Maryland", false): All options with label 'Maryland' are selected in object 'Object Repository/RAD_Pages/AddressAndContactInfo_Page/select_State' 

2023-07-17 21:24:42 - [MESSAGE][PASSED] - All options with label 'Maryland' are selected in object 'Object Repository/RAD_Pages/AddressAndContactInfo_Page/select_State' 

2023-07-17 21:24:42 - [TEST_STEP][PASSED] - setText(findTestObject(orPath_AddressContact + "/input_zipCode"), ZIP): Text '21114' is set on object 'Object Repository/RAD_Pages/AddressAndContactInfo_Page/input_zipCode'

2023-07-17 21:24:42 - [MESSAGE][PASSED] - Text '21114' is set on object 'Object Repository/RAD_Pages/AddressAndContactInfo_Page/input_zipCode'

2023-07-17 21:24:42 - [TEST_STEP][PASSED] - setText(findTestObject(orPath_AddressContact + "/input_phoneNumber"), "(703) 894-5000"): Text '(703) 894-5000' is set on object 'Object Repository/RAD_Pages/AddressAndContactInfo_Page/input_phoneNumber'

2023-07-17 21:24:43 - [MESSAGE][PASSED] - Text '(703) 894-5000' is set on object 'Object Repository/RAD_Pages/AddressAndContactInfo_Page/input_phoneNumber'

2023-07-17 21:24:43 - [TEST_STEP][PASSED] - setText(findTestObject(orPath_AddressContact + "/input_eMailAddress"), "iahmed@govolution.com"): Text 'iahmed@govolution.com' is set on object 'Object Repository/RAD_Pages/AddressAndContactInfo_Page/input_eMailAddress'

2023-07-17 21:24:44 - [MESSAGE][PASSED] - Text 'iahmed@govolution.com' is set on object 'Object Repository/RAD_Pages/AddressAndContactInfo_Page/input_eMailAddress'

2023-07-17 21:24:44 - [TEST_STEP][PASSED] - setText(findTestObject(orPath_AddressContact + "/input_reEnterEMailAddress"), "iahmed@govolution.com"): Text 'iahmed@govolution.com' is set on object 'Object Repository/RAD_Pages/AddressAndContactInfo_Page/input_reEnterEMailAddress'

2023-07-17 21:24:45 - [MESSAGE][PASSED] - Text 'iahmed@govolution.com' is set on object 'Object Repository/RAD_Pages/AddressAndContactInfo_Page/input_reEnterEMailAddress'

2023-07-17 21:24:45 - [TEST_STEP][PASSED] - setText(findTestObject(orPath_Amount + "/input__paymentAmount"), Amount): Text '100.00' is set on object 'Object Repository/RAD_Pages/PaymentAmount_Page/input__paymentAmount'

2023-07-17 21:24:46 - [MESSAGE][PASSED] - Text '100.00' is set on object 'Object Repository/RAD_Pages/PaymentAmount_Page/input__paymentAmount'

2023-07-17 21:24:46 - [TEST_STEP][PASSED] - scrollToElement(findTestObject(orPath_Landing + "/button_Continue"), 3): Scroll to object 'Object Repository/RAD_Pages/Landing_Page/button_Continue' successfully

2023-07-17 21:24:46 - [MESSAGE][PASSED] - Scroll to object 'Object Repository/RAD_Pages/Landing_Page/button_Continue' successfully

2023-07-17 21:24:46 - [TEST_STEP][PASSED] - waitForElementClickable(findTestObject(orPath_Landing + "/button_Continue"), 5): Object 'Object Repository/RAD_Pages/Landing_Page/button_Continue' is clickable

2023-07-17 21:24:46 - [MESSAGE][PASSED] - Object 'Object Repository/RAD_Pages/Landing_Page/button_Continue' is clickable

2023-07-17 21:24:46 - [TEST_STEP][PASSED] - click(findTestObject(orPath_Landing + "/button_Continue")): Object: 'Object Repository/RAD_Pages/Landing_Page/button_Continue' is clicked on

2023-07-17 21:24:47 - [MESSAGE][PASSED] - Object: 'Object Repository/RAD_Pages/Landing_Page/button_Continue' is clicked on

2023-07-17 21:24:47 - [TEST_STEP][PASSED] - verifyTextPresent("Review the information below and make any necessary corrections by clicking the", true): Text 'Review the information below and make any necessary corrections by clicking the' is present on page  using regular expression

2023-07-17 21:24:47 - [MESSAGE][PASSED] - Text 'Review the information below and make any necessary corrections by clicking the' is present on page  using regular expression

2023-07-17 21:24:47 - [TEST_STEP][PASSED] - verifyTextPresent("When you are confident that all the information is correct", true): Text 'When you are confident that all the information is correct' is present on page  using regular expression

2023-07-17 21:24:48 - [MESSAGE][PASSED] - Text 'When you are confident that all the information is correct' is present on page  using regular expression

2023-07-17 21:24:48 - [TEST_STEP][PASSED] - delay(1): Delayed 1 second(s)

2023-07-17 21:24:49 - [MESSAGE][PASSED] - Delayed 1 second(s)

2023-07-17 21:24:49 - [TEST_STEP][PASSED] - click(findTestObject(orPath_Summary + "/button_Proceed to Payment")): Object: 'Object Repository/RAD_Pages/Summary_Page/button_Proceed to Payment' is clicked on

2023-07-17 21:24:50 - [MESSAGE][PASSED] - Object: 'Object Repository/RAD_Pages/Summary_Page/button_Proceed to Payment' is clicked on

2023-07-17 21:24:50 - [TEST_STEP][PASSED] - if (PaymentType.equalsIgnoreCase("Corporate")): Text 'Anthony Gonzalez' is set on object 'Object Repository/RAD_Pages/PaymentEntry_Page/input__billingName'

2023-07-17 21:24:50 - [TEST_STEP][PASSED] - setText(findTestObject("Object Repository/RAD_Pages/PaymentEntry_Page/input__billingName"), "Anthony Gonzalez"): Text 'Anthony Gonzalez' is set on object 'Object Repository/RAD_Pages/PaymentEntry_Page/input__billingName'

2023-07-17 21:24:51 - [MESSAGE][PASSED] - Text 'Anthony Gonzalez' is set on object 'Object Repository/RAD_Pages/PaymentEntry_Page/input__billingName'

2023-07-17 21:24:51 - [TEST_STEP][PASSED] - setText(findTestObject(orPath_PaymentEntry + "/input__cardNumber"), CCNumber): Text '4012000098765439' is set on object 'Object Repository/RAD_Pages/PaymentEntry_Page/input__cardNumber'

2023-07-17 21:24:52 - [MESSAGE][PASSED] - Text '4012000098765439' is set on object 'Object Repository/RAD_Pages/PaymentEntry_Page/input__cardNumber'

2023-07-17 21:24:52 - [TEST_STEP][PASSED] - setText(findTestObject(orPath_PaymentEntry + "/input__spc"), CVV): Text '123' is set on object 'Object Repository/RAD_Pages/PaymentEntry_Page/input__spc'

2023-07-17 21:24:52 - [MESSAGE][PASSED] - Text '123' is set on object 'Object Repository/RAD_Pages/PaymentEntry_Page/input__spc'

2023-07-17 21:24:52 - [TEST_STEP][PASSED] - selectOptionByLabel(findTestObject(orPath_PaymentEntry + "/select_MM"), "12", false): All options with label '12' are selected in object 'Object Repository/RAD_Pages/PaymentEntry_Page/select_MM' 

2023-07-17 21:24:53 - [MESSAGE][PASSED] - All options with label '12' are selected in object 'Object Repository/RAD_Pages/PaymentEntry_Page/select_MM' 

2023-07-17 21:24:53 - [TEST_STEP][PASSED] - selectOptionByLabel(findTestObject(orPath_PaymentEntry + "/select_YYYY"), "2023", false): All options with label '2023' are selected in object 'Object Repository/RAD_Pages/PaymentEntry_Page/select_YYYY' 

2023-07-17 21:24:54 - [MESSAGE][PASSED] - All options with label '2023' are selected in object 'Object Repository/RAD_Pages/PaymentEntry_Page/select_YYYY' 

2023-07-17 21:24:54 - [TEST_STEP][PASSED] - click(findTestObject(orPath_PaymentEntry + "/input_Field_ccSubmit")): Object: 'Object Repository/RAD_Pages/PaymentEntry_Page/input_Field_ccSubmit' is clicked on

2023-07-17 21:24:55 - [MESSAGE][PASSED] - Object: 'Object Repository/RAD_Pages/PaymentEntry_Page/input_Field_ccSubmit' is clicked on

2023-07-17 21:24:55 - [TEST_STEP][PASSED] - click(findTestObject(orPath_PaymentConfirmation + "/input_N_confirmNotifyAction")): Object: 'Object Repository/RAD_Pages/PaymentConfirmation_Page/input_N_confirmNotifyAction' is clicked on

2023-07-17 21:24:55 - [MESSAGE][PASSED] - Object: 'Object Repository/RAD_Pages/PaymentConfirmation_Page/input_N_confirmNotifyAction' is clicked on

2023-07-17 21:24:55 - [TEST_STEP][PASSED] - click(findTestObject(orPath_ServiceFeesAccept + "/input_convFeeNotifyAction")): Object: 'Object Repository/RAD_Pages/ServiceFeeAccept_Page/input_convFeeNotifyAction' is clicked on

2023-07-17 21:24:57 - [MESSAGE][PASSED] - Object: 'Object Repository/RAD_Pages/ServiceFeeAccept_Page/input_convFeeNotifyAction' is clicked on

2023-07-17 21:24:57 - [TEST_STEP][PASSED] - delay(10): Delayed 10 second(s)

2023-07-17 21:25:07 - [MESSAGE][PASSED] - Delayed 10 second(s)

2023-07-17 21:25:07 - [TEST_STEP][PASSED] - verifyTextPresent("Successful Payment Receipt", true): Text 'Successful Payment Receipt' is present on page  using regular expression

2023-07-17 21:25:07 - [MESSAGE][PASSED] - Text 'Successful Payment Receipt' is present on page  using regular expression

2023-07-17 21:25:07 - [TEST_STEP][PASSED] - if (verifyTextPresent("Successful Payment Receipt", true)): null

2023-07-17 21:25:07 - [MESSAGE][PASSED] - Text 'Successful Payment Receipt' is present on page  using regular expression

2023-07-17 21:25:07 - [TEST_STEP][PASSED] - println("Transaction was Successful"): null

2023-07-17 21:25:07 - [TEST_STEP][PASSED] - out.println("Pass Record Number: " + row): null

2023-07-17 21:25:07 - [TEST_STEP][PASSED] - resText = "Pass": null

2023-07-17 21:25:07 - [TEST_STEP][PASSED] - pages.WriteExcel.demoKey(resText, datText, resColumn, datCloumn, fileLoc, nameSheet, row): pages.WriteExcel.demoKey is PASSED

2023-07-17 21:25:07 - [MESSAGE][PASSED] - pages.WriteExcel.demoKey is PASSED

2023-07-17 21:25:07 - [TEST_STEP][PASSED] - ExecuteTC = findTestData(dataFile).getValue("Execute", row): null

2023-07-17 21:25:07 - [TEST_STEP][PASSED] - PaymentType = findTestData(dataFile).getValue("PaymentType", row): null

2023-07-17 21:25:07 - [TEST_STEP][PASSED] - FilingYear = findTestData(dataFile).getValue("FilingYear", row): null

2023-07-17 21:25:07 - [TEST_STEP][PASSED] - PeriodEnding = findTestData(dataFile).getValue("PeriodEnding", row): null

2023-07-17 21:25:07 - [TEST_STEP][PASSED] - FName = findTestData(dataFile).getValue("Fname", row): null

2023-07-17 21:25:07 - [TEST_STEP][PASSED] - LName = findTestData(dataFile).getValue("Lname", row): null

2023-07-17 21:25:07 - [TEST_STEP][PASSED] - SSN = findTestData(dataFile).getValue("SSN", row): null

2023-07-17 21:25:08 - [TEST_STEP][PASSED] - BusName = findTestData(dataFile).getValue("BusName", row): null

2023-07-17 21:25:08 - [TEST_STEP][PASSED] - AL1 = findTestData(dataFile).getValue("AL1", row): null

2023-07-17 21:25:08 - [TEST_STEP][PASSED] - City = findTestData(dataFile).getValue("City", row): null

2023-07-17 21:25:08 - [TEST_STEP][PASSED] - ZIP = findTestData(dataFile).getValue("ZIP", row): null

2023-07-17 21:25:08 - [TEST_STEP][PASSED] - FilingType = findTestData(dataFile).getValue("FilingType", row): null

2023-07-17 21:25:08 - [TEST_STEP][PASSED] - Withholding = findTestData(dataFile).getValue("Withholding", row): null

2023-07-17 21:25:08 - [TEST_STEP][PASSED] - Amount = findTestData(dataFile).getValue("Amount", row): null

2023-07-17 21:25:08 - [TEST_STEP][PASSED] - CCNumber = findTestData(dataFile).getValue("CCNumber", row): null

2023-07-17 21:25:08 - [TEST_STEP][PASSED] - CVV = findTestData(dataFile).getValue("CVV", row): null

2023-07-17 21:25:08 - [TEST_STEP][PASSED] - out.println("Value of Execute is : " + ExecuteTC): null

2023-07-17 21:25:08 - [TEST_STEP][PASSED] - if (ExecuteTC.equalsIgnoreCase("Y")): null

2023-07-17 21:25:08 - [TEST_STEP][PASSED] - out.println("Begin Record Number: " + row): null

2023-07-17 21:25:08 - [TEST_STEP][PASSED] - today = new java.util.Date(): null

2023-07-17 21:25:08 - [TEST_STEP][PASSED] - println(today): null

2023-07-17 21:25:08 - [TEST_STEP][PASSED] - datText = today: null

2023-07-17 21:25:08 - [TEST_STEP][PASSED] - Taxtype = findTestData(dataFile).getValue("TaxType", row): null

2023-07-17 21:25:08 - [TEST_STEP][PASSED] - out.println("Taxtype value is : " + Taxtype): null

2023-07-17 21:25:08 - [TEST_STEP][PASSED] - openBrowser(""): Browser is opened with url: ''

2023-07-17 21:25:08 - [MESSAGE][WARNING] - A browser is already opened. Closing browser and opening a new one

2023-07-17 21:25:09 - [MESSAGE][INFO] - Starting 'Chrome' driver

2023-07-17 21:25:09 - [MESSAGE][INFO] - User set preference: ['acceptInsecureCerts', 'true']

2023-07-17 21:25:09 - [MESSAGE][INFO] - Action delay is set to 0 milliseconds

2023-07-17 21:25:10 - [MESSAGE][PASSED] - Browser is opened with url: ''

2023-07-17 21:25:10 - [TEST_STEP][PASSED] - maximizeWindow(): Current window maximized

2023-07-17 21:25:10 - [MESSAGE][PASSED] - Current window maximized

2023-07-17 21:25:10 - [TEST_STEP][PASSED] - navigateToUrl(RADurl): Navigate to 'https://qa.velocitypayment.com/client/rad/index.html' successfully

2023-07-17 21:25:12 - [MESSAGE][PASSED] - Navigate to 'https://qa.velocitypayment.com/client/rad/index.html' successfully

2023-07-17 21:25:12 - [TEST_STEP][PASSED] - orPath_Landing = "Object Repository/RAD_Pages/Landing_Page": null

2023-07-17 21:25:12 - [TEST_STEP][PASSED] - orPath_TaxTypeFilingYear = "Object Repository/RAD_Pages/TaxTypeFilingYear_Page": null

2023-07-17 21:25:12 - [TEST_STEP][PASSED] - orPath_TaxPayer = "Object Repository/RAD_Pages/Taxpayer_Page": null

2023-07-17 21:25:12 - [TEST_STEP][PASSED] - orPath_AddressContact = "Object Repository/RAD_Pages/AddressAndContactInfo_Page": null

2023-07-17 21:25:12 - [TEST_STEP][PASSED] - orPath_FilingStatus = "Object Repository/RAD_Pages/FilingStatus_Page": null

2023-07-17 21:25:12 - [TEST_STEP][PASSED] - orPath_Amount = "Object Repository/RAD_Pages/PaymentAmount_Page": null

2023-07-17 21:25:12 - [TEST_STEP][PASSED] - orPath_TaxInfo = "Object Repository/RAD_Pages/TaxInfo_Page": null

2023-07-17 21:25:12 - [TEST_STEP][PASSED] - orPath_Withholding = "Object Repository/RAD_Pages/Withholding_Page": null

2023-07-17 21:25:12 - [TEST_STEP][PASSED] - orPath_Summary = "Object Repository/RAD_Pages/Summary_Page": null

2023-07-17 21:25:12 - [TEST_STEP][PASSED] - orPath_PaymentReady = "Object Repository/RAD_Pages/PaymentReady_Page": null

2023-07-17 21:25:12 - [TEST_STEP][PASSED] - orPath_PaymentEntry = "Object Repository/RAD_Pages/PaymentEntry_Page": null

2023-07-17 21:25:12 - [TEST_STEP][PASSED] - orPath_PaymentConfirmation = "Object Repository/RAD_Pages/PaymentConfirmation_Page": null

2023-07-17 21:25:12 - [TEST_STEP][PASSED] - orPath_ServiceFeesAccept = "Object Repository/RAD_Pages/ServiceFeeAccept_Page": null

2023-07-17 21:25:12 - [TEST_STEP][PASSED] - selectOptionByLabel(findTestObject(orPath_Landing + "/dd_TaxType"), Taxtype, false): All options with label 'Sales and Use' are selected in object 'Object Repository/RAD_Pages/Landing_Page/dd_TaxType' 

2023-07-17 21:25:13 - [MESSAGE][PASSED] - All options with label 'Sales and Use' are selected in object 'Object Repository/RAD_Pages/Landing_Page/dd_TaxType' 

2023-07-17 21:25:13 - [TEST_STEP][PASSED] - delay(3): Delayed 3 second(s)

2023-07-17 21:25:16 - [MESSAGE][PASSED] - Delayed 3 second(s)

2023-07-17 21:25:16 - [TEST_STEP][PASSED] - switch (Taxtype): null

2023-07-17 21:25:16 - [TEST_STEP][PASSED] - case "Sales and Use":: null

2023-07-17 21:25:16 - [TEST_STEP][PASSED] - selectOptionByLabel(findTestObject(orPath_TaxTypeFilingYear + "/select_FilingYear"), FilingYear, false): All options with label '2023' are selected in object 'Object Repository/RAD_Pages/TaxTypeFilingYear_Page/select_FilingYear' 

2023-07-17 21:25:16 - [MESSAGE][PASSED] - All options with label '2023' are selected in object 'Object Repository/RAD_Pages/TaxTypeFilingYear_Page/select_FilingYear' 

2023-07-17 21:25:16 - [TEST_STEP][PASSED] - selectOptionByLabel(findTestObject(orPath_TaxTypeFilingYear + "/select_PeriodEnding"), PeriodEnding, false): All options with label 'January' are selected in object 'Object Repository/RAD_Pages/TaxTypeFilingYear_Page/select_PeriodEnding' 

2023-07-17 21:25:17 - [MESSAGE][PASSED] - All options with label 'January' are selected in object 'Object Repository/RAD_Pages/TaxTypeFilingYear_Page/select_PeriodEnding' 

2023-07-17 21:25:17 - [TEST_STEP][PASSED] - setText(findTestObject(orPath_TaxPayer + "/input_businessName"), BusName): Text 'My Glass Company' is set on object 'Object Repository/RAD_Pages/Taxpayer_Page/input_businessName'

2023-07-17 21:25:18 - [MESSAGE][PASSED] - Text 'My Glass Company' is set on object 'Object Repository/RAD_Pages/Taxpayer_Page/input_businessName'

2023-07-17 21:25:18 - [TEST_STEP][PASSED] - setText(findTestObject(orPath_TaxPayer + "/input_firstName"), FName): Text 'Michael' is set on object 'Object Repository/RAD_Pages/Taxpayer_Page/input_firstName'

2023-07-17 21:25:19 - [MESSAGE][PASSED] - Text 'Michael' is set on object 'Object Repository/RAD_Pages/Taxpayer_Page/input_firstName'

2023-07-17 21:25:19 - [TEST_STEP][PASSED] - setText(findTestObject(orPath_TaxPayer + "/input_lastName"), LName): Text 'Vaughn' is set on object 'Object Repository/RAD_Pages/Taxpayer_Page/input_lastName'

2023-07-17 21:25:19 - [MESSAGE][PASSED] - Text 'Vaughn' is set on object 'Object Repository/RAD_Pages/Taxpayer_Page/input_lastName'

2023-07-17 21:25:19 - [TEST_STEP][PASSED] - setEncryptedText(findTestObject(orPath_TaxInfo + "/input_FederalEIN"), "0fDtEjy4ijeV75Gl5M+mSg=="): Text ****** has been set on object 'Object Repository/RAD_Pages/TaxInfo_Page/input_FederalEIN'

2023-07-17 21:25:20 - [MESSAGE][PASSED] - Text ****** has been set on object 'Object Repository/RAD_Pages/TaxInfo_Page/input_FederalEIN'

2023-07-17 21:25:20 - [TEST_STEP][PASSED] - setEncryptedText(findTestObject(orPath_TaxInfo + "/input_FederalEIN_ReEnter"), "0fDtEjy4ijeV75Gl5M+mSg=="): Text ****** has been set on object 'Object Repository/RAD_Pages/TaxInfo_Page/input_FederalEIN_ReEnter'

2023-07-17 21:25:20 - [MESSAGE][PASSED] - Text ****** has been set on object 'Object Repository/RAD_Pages/TaxInfo_Page/input_FederalEIN_ReEnter'

2023-07-17 21:25:20 - [TEST_STEP][PASSED] - setText(findTestObject(orPath_TaxInfo + "/input_MDCRegistration"), "07640126"): Text '07640126' is set on object 'Object Repository/RAD_Pages/TaxInfo_Page/input_MDCRegistration'

2023-07-17 21:25:21 - [MESSAGE][PASSED] - Text '07640126' is set on object 'Object Repository/RAD_Pages/TaxInfo_Page/input_MDCRegistration'

2023-07-17 21:25:21 - [TEST_STEP][PASSED] - if (verifyElementVisible(findTestObject("Object Repository/RAD_Pages/SAU_MDForm202_BeforeJuly2021_Page/input__GrossSales1"), OPTIONAL)): Object 'Object Repository/RAD_Pages/SAU_MDForm202_BeforeJuly2021_Page/input__GrossSales1' is NOT visible (Root cause: com.kms.katalon.core.exception.StepFailedException: Object 'Object Repository/RAD_Pages/SAU_MDForm202_BeforeJuly2021_Page/input__GrossSales1' is NOT visible
	at com.kms.katalon.core.webui.keyword.internal.WebUIKeywordMain.stepFailed(WebUIKeywordMain.groovy:64)
	at com.kms.katalon.core.webui.keyword.builtin.VerifyElementVisibleKeyword$_verifyElementVisible_closure1.doCall(VerifyElementVisibleKeyword.groovy:83)
	at com.kms.katalon.core.webui.keyword.builtin.VerifyElementVisibleKeyword$_verifyElementVisible_closure1.call(VerifyElementVisibleKeyword.groovy)
	at com.kms.katalon.core.webui.keyword.internal.WebUIKeywordMain.runKeyword(WebUIKeywordMain.groovy:20)
	at com.kms.katalon.core.webui.keyword.builtin.VerifyElementVisibleKeyword.verifyElementVisible(VerifyElementVisibleKeyword.groovy:97)
	at com.kms.katalon.core.webui.keyword.builtin.VerifyElementVisibleKeyword.execute(VerifyElementVisibleKeyword.groovy:67)
	at com.kms.katalon.core.keyword.internal.KeywordExecutor.executeKeywordForPlatform(KeywordExecutor.groovy:74)
	at com.kms.katalon.core.webui.keyword.WebUiBuiltInKeywords.verifyElementVisible(WebUiBuiltInKeywords.groovy:362)
	at com.kms.katalon.core.webui.keyword.WebUiBuiltInKeywords$verifyElementVisible$19.call(Unknown Source)
	at Payments_HC_TC.run(Payments_HC_TC:241)
	at com.kms.katalon.core.main.ScriptEngine.run(ScriptEngine.java:194)
	at com.kms.katalon.core.main.ScriptEngine.runScriptAsRawText(ScriptEngine.java:119)
	at com.kms.katalon.core.main.TestCaseExecutor.runScript(TestCaseExecutor.java:442)
	at com.kms.katalon.core.main.TestCaseExecutor.doExecute(TestCaseExecutor.java:433)
	at com.kms.katalon.core.main.TestCaseExecutor.processExecutionPhase(TestCaseExecutor.java:412)
	at com.kms.katalon.core.main.TestCaseExecutor.accessMainPhase(TestCaseExecutor.java:404)
	at com.kms.katalon.core.main.TestCaseExecutor.execute(TestCaseExecutor.java:281)
	at com.kms.katalon.core.main.TestSuiteExecutor.accessTestCaseMainPhase(TestSuiteExecutor.java:202)
	at com.kms.katalon.core.main.TestSuiteExecutor.accessTestSuiteMainPhase(TestSuiteExecutor.java:164)
	at com.kms.katalon.core.main.TestSuiteExecutor.execute(TestSuiteExecutor.java:105)
	at com.kms.katalon.core.main.TestCaseMain.startTestSuite(TestCaseMain.java:185)
	at com.kms.katalon.core.main.TestCaseMain$startTestSuite$0.call(Unknown Source)
	at TempTestSuite1689642297796.run(TempTestSuite1689642297796.groovy:36)
)

2023-07-17 21:25:22 - [MESSAGE][WARNING] - Object 'Object Repository/RAD_Pages/SAU_MDForm202_BeforeJuly2021_Page/input__GrossSales1' is NOT visible (Root cause: com.kms.katalon.core.exception.StepFailedException: Object 'Object Repository/RAD_Pages/SAU_MDForm202_BeforeJuly2021_Page/input__GrossSales1' is NOT visible
	at com.kms.katalon.core.webui.keyword.internal.WebUIKeywordMain.stepFailed(WebUIKeywordMain.groovy:64)
	at com.kms.katalon.core.webui.keyword.builtin.VerifyElementVisibleKeyword$_verifyElementVisible_closure1.doCall(VerifyElementVisibleKeyword.groovy:83)
	at com.kms.katalon.core.webui.keyword.builtin.VerifyElementVisibleKeyword$_verifyElementVisible_closure1.call(VerifyElementVisibleKeyword.groovy)
	at com.kms.katalon.core.webui.keyword.internal.WebUIKeywordMain.runKeyword(WebUIKeywordMain.groovy:20)
	at com.kms.katalon.core.webui.keyword.builtin.VerifyElementVisibleKeyword.verifyElementVisible(VerifyElementVisibleKeyword.groovy:97)
	at com.kms.katalon.core.webui.keyword.builtin.VerifyElementVisibleKeyword.execute(VerifyElementVisibleKeyword.groovy:67)
	at com.kms.katalon.core.keyword.internal.KeywordExecutor.executeKeywordForPlatform(KeywordExecutor.groovy:74)
	at com.kms.katalon.core.webui.keyword.WebUiBuiltInKeywords.verifyElementVisible(WebUiBuiltInKeywords.groovy:362)
	at com.kms.katalon.core.webui.keyword.WebUiBuiltInKeywords$verifyElementVisible$19.call(Unknown Source)
	at Payments_HC_TC.run(Payments_HC_TC:241)
	at com.kms.katalon.core.main.ScriptEngine.run(ScriptEngine.java:194)
	at com.kms.katalon.core.main.ScriptEngine.runScriptAsRawText(ScriptEngine.java:119)
	at com.kms.katalon.core.main.TestCaseExecutor.runScript(TestCaseExecutor.java:442)
	at com.kms.katalon.core.main.TestCaseExecutor.doExecute(TestCaseExecutor.java:433)
	at com.kms.katalon.core.main.TestCaseExecutor.processExecutionPhase(TestCaseExecutor.java:412)
	at com.kms.katalon.core.main.TestCaseExecutor.accessMainPhase(TestCaseExecutor.java:404)
	at com.kms.katalon.core.main.TestCaseExecutor.execute(TestCaseExecutor.java:281)
	at com.kms.katalon.core.main.TestSuiteExecutor.accessTestCaseMainPhase(TestSuiteExecutor.java:202)
	at com.kms.katalon.core.main.TestSuiteExecutor.accessTestSuiteMainPhase(TestSuiteExecutor.java:164)
	at com.kms.katalon.core.main.TestSuiteExecutor.execute(TestSuiteExecutor.java:105)
	at com.kms.katalon.core.main.TestCaseMain.startTestSuite(TestCaseMain.java:185)
	at com.kms.katalon.core.main.TestCaseMain$startTestSuite$0.call(Unknown Source)
	at TempTestSuite1689642297796.run(TempTestSuite1689642297796.groovy:36)
)
[[ATTACHMENT|E:\\Cloned-Project-Katalon\\VPS-Katalon\\Reports\\20230717_210457\\RAD_TestSuite\\RAD_UI_TestSuite\\20230717_210457\\1689643521966.png]]

2023-07-17 21:25:22 - [TEST_STEP][PASSED] - if (verifyElementVisible(findTestObject("Object Repository/RAD_Pages/SAU_MDForm202_Page/input__GrossSales2"), OPTIONAL)): null

2023-07-17 21:25:22 - [MESSAGE][PASSED] - Object 'Object Repository/RAD_Pages/SAU_MDForm202_Page/input__GrossSales2' is visible

2023-07-17 21:25:22 - [TEST_STEP][PASSED] - scrollToElement(findTestObject("Object Repository/RAD_Pages/SAU_MDForm202_Page/input__GrossSales2"), 3): Scroll to object 'Object Repository/RAD_Pages/SAU_MDForm202_Page/input__GrossSales2' successfully

2023-07-17 21:25:22 - [MESSAGE][PASSED] - Scroll to object 'Object Repository/RAD_Pages/SAU_MDForm202_Page/input__GrossSales2' successfully

2023-07-17 21:25:22 - [TEST_STEP][PASSED] - setText(findTestObject("Object Repository/RAD_Pages/SAU_MDForm202_Page/input__GrossSales2"), "100.00"): Text '100.00' is set on object 'Object Repository/RAD_Pages/SAU_MDForm202_Page/input__GrossSales2'

2023-07-17 21:25:23 - [MESSAGE][PASSED] - Text '100.00' is set on object 'Object Repository/RAD_Pages/SAU_MDForm202_Page/input__GrossSales2'

2023-07-17 21:25:23 - [TEST_STEP][PASSED] - break: null

2023-07-17 21:25:23 - [TEST_STEP][PASSED] - if (PaymentType.equalsIgnoreCase("Personal")): null

2023-07-17 21:25:23 - [TEST_STEP][PASSED] - selectOptionByLabel(findTestObject(orPath_AddressContact + "/select_Country"), "United States", false): All options with label 'United States' are selected in object 'Object Repository/RAD_Pages/AddressAndContactInfo_Page/select_Country' 

2023-07-17 21:25:24 - [MESSAGE][PASSED] - All options with label 'United States' are selected in object 'Object Repository/RAD_Pages/AddressAndContactInfo_Page/select_Country' 

2023-07-17 21:25:24 - [TEST_STEP][PASSED] - setText(findTestObject(orPath_AddressContact + "/input_streetAddress1"), AL1): Text '2000 14th street' is set on object 'Object Repository/RAD_Pages/AddressAndContactInfo_Page/input_streetAddress1'

2023-07-17 21:25:24 - [MESSAGE][PASSED] - Text '2000 14th street' is set on object 'Object Repository/RAD_Pages/AddressAndContactInfo_Page/input_streetAddress1'

2023-07-17 21:25:24 - [TEST_STEP][PASSED] - setText(findTestObject(orPath_AddressContact + "/input_streetAddress2"), ""): Text '' is set on object 'Object Repository/RAD_Pages/AddressAndContactInfo_Page/input_streetAddress2'

2023-07-17 21:25:25 - [MESSAGE][PASSED] - Text '' is set on object 'Object Repository/RAD_Pages/AddressAndContactInfo_Page/input_streetAddress2'

2023-07-17 21:25:25 - [TEST_STEP][PASSED] - setText(findTestObject(orPath_AddressContact + "/input_city"), City): Text 'Columbia' is set on object 'Object Repository/RAD_Pages/AddressAndContactInfo_Page/input_city'

2023-07-17 21:25:26 - [MESSAGE][PASSED] - Text 'Columbia' is set on object 'Object Repository/RAD_Pages/AddressAndContactInfo_Page/input_city'

2023-07-17 21:25:26 - [TEST_STEP][PASSED] - selectOptionByLabel(findTestObject(orPath_AddressContact + "/select_State"), "Maryland", false): All options with label 'Maryland' are selected in object 'Object Repository/RAD_Pages/AddressAndContactInfo_Page/select_State' 

2023-07-17 21:25:27 - [MESSAGE][PASSED] - All options with label 'Maryland' are selected in object 'Object Repository/RAD_Pages/AddressAndContactInfo_Page/select_State' 

2023-07-17 21:25:27 - [TEST_STEP][PASSED] - setText(findTestObject(orPath_AddressContact + "/input_zipCode"), ZIP): Text '21093' is set on object 'Object Repository/RAD_Pages/AddressAndContactInfo_Page/input_zipCode'

2023-07-17 21:25:27 - [MESSAGE][PASSED] - Text '21093' is set on object 'Object Repository/RAD_Pages/AddressAndContactInfo_Page/input_zipCode'

2023-07-17 21:25:27 - [TEST_STEP][PASSED] - setText(findTestObject(orPath_AddressContact + "/input_phoneNumber"), "(703) 894-5000"): Text '(703) 894-5000' is set on object 'Object Repository/RAD_Pages/AddressAndContactInfo_Page/input_phoneNumber'

2023-07-17 21:25:28 - [MESSAGE][PASSED] - Text '(703) 894-5000' is set on object 'Object Repository/RAD_Pages/AddressAndContactInfo_Page/input_phoneNumber'

2023-07-17 21:25:28 - [TEST_STEP][PASSED] - setText(findTestObject(orPath_AddressContact + "/input_eMailAddress"), "iahmed@govolution.com"): Text 'iahmed@govolution.com' is set on object 'Object Repository/RAD_Pages/AddressAndContactInfo_Page/input_eMailAddress'

2023-07-17 21:25:29 - [MESSAGE][PASSED] - Text 'iahmed@govolution.com' is set on object 'Object Repository/RAD_Pages/AddressAndContactInfo_Page/input_eMailAddress'

2023-07-17 21:25:29 - [TEST_STEP][PASSED] - setText(findTestObject(orPath_AddressContact + "/input_reEnterEMailAddress"), "iahmed@govolution.com"): Text 'iahmed@govolution.com' is set on object 'Object Repository/RAD_Pages/AddressAndContactInfo_Page/input_reEnterEMailAddress'

2023-07-17 21:25:30 - [MESSAGE][PASSED] - Text 'iahmed@govolution.com' is set on object 'Object Repository/RAD_Pages/AddressAndContactInfo_Page/input_reEnterEMailAddress'

2023-07-17 21:25:30 - [TEST_STEP][PASSED] - setText(findTestObject(orPath_Amount + "/input__paymentAmount"), Amount): Text '100.00' is set on object 'Object Repository/RAD_Pages/PaymentAmount_Page/input__paymentAmount'

2023-07-17 21:25:31 - [MESSAGE][PASSED] - Text '100.00' is set on object 'Object Repository/RAD_Pages/PaymentAmount_Page/input__paymentAmount'

2023-07-17 21:25:31 - [TEST_STEP][PASSED] - scrollToElement(findTestObject(orPath_Landing + "/button_Continue"), 3): Scroll to object 'Object Repository/RAD_Pages/Landing_Page/button_Continue' successfully

2023-07-17 21:25:31 - [MESSAGE][PASSED] - Scroll to object 'Object Repository/RAD_Pages/Landing_Page/button_Continue' successfully

2023-07-17 21:25:31 - [TEST_STEP][PASSED] - waitForElementClickable(findTestObject(orPath_Landing + "/button_Continue"), 5): Object 'Object Repository/RAD_Pages/Landing_Page/button_Continue' is clickable

2023-07-17 21:25:32 - [MESSAGE][PASSED] - Object 'Object Repository/RAD_Pages/Landing_Page/button_Continue' is clickable

2023-07-17 21:25:32 - [TEST_STEP][PASSED] - click(findTestObject(orPath_Landing + "/button_Continue")): Object: 'Object Repository/RAD_Pages/Landing_Page/button_Continue' is clicked on

2023-07-17 21:25:32 - [MESSAGE][PASSED] - Object: 'Object Repository/RAD_Pages/Landing_Page/button_Continue' is clicked on

2023-07-17 21:25:32 - [TEST_STEP][PASSED] - verifyTextPresent("Review the information below and make any necessary corrections by clicking the", true): Text 'Review the information below and make any necessary corrections by clicking the' is present on page  using regular expression

2023-07-17 21:25:33 - [MESSAGE][PASSED] - Text 'Review the information below and make any necessary corrections by clicking the' is present on page  using regular expression

2023-07-17 21:25:33 - [TEST_STEP][PASSED] - verifyTextPresent("When you are confident that all the information is correct", true): Text 'When you are confident that all the information is correct' is present on page  using regular expression

2023-07-17 21:25:33 - [MESSAGE][PASSED] - Text 'When you are confident that all the information is correct' is present on page  using regular expression

2023-07-17 21:25:33 - [TEST_STEP][PASSED] - delay(1): Delayed 1 second(s)

2023-07-17 21:25:34 - [MESSAGE][PASSED] - Delayed 1 second(s)

2023-07-17 21:25:34 - [TEST_STEP][PASSED] - click(findTestObject(orPath_Summary + "/button_Proceed to Payment")): Object: 'Object Repository/RAD_Pages/Summary_Page/button_Proceed to Payment' is clicked on

2023-07-17 21:25:35 - [MESSAGE][PASSED] - Object: 'Object Repository/RAD_Pages/Summary_Page/button_Proceed to Payment' is clicked on

2023-07-17 21:25:35 - [TEST_STEP][PASSED] - if (PaymentType.equalsIgnoreCase("Corporate")): null

2023-07-17 21:25:35 - [TEST_STEP][PASSED] - setText(findTestObject(orPath_PaymentEntry + "/input__cardNumber"), CCNumber): Text '6011000993026909' is set on object 'Object Repository/RAD_Pages/PaymentEntry_Page/input__cardNumber'

2023-07-17 21:25:36 - [MESSAGE][PASSED] - Text '6011000993026909' is set on object 'Object Repository/RAD_Pages/PaymentEntry_Page/input__cardNumber'

2023-07-17 21:25:36 - [TEST_STEP][PASSED] - setText(findTestObject(orPath_PaymentEntry + "/input__spc"), CVV): Text '123' is set on object 'Object Repository/RAD_Pages/PaymentEntry_Page/input__spc'

2023-07-17 21:25:37 - [MESSAGE][PASSED] - Text '123' is set on object 'Object Repository/RAD_Pages/PaymentEntry_Page/input__spc'

2023-07-17 21:25:37 - [TEST_STEP][PASSED] - selectOptionByLabel(findTestObject(orPath_PaymentEntry + "/select_MM"), "12", false): All options with label '12' are selected in object 'Object Repository/RAD_Pages/PaymentEntry_Page/select_MM' 

2023-07-17 21:25:37 - [MESSAGE][PASSED] - All options with label '12' are selected in object 'Object Repository/RAD_Pages/PaymentEntry_Page/select_MM' 

2023-07-17 21:25:37 - [TEST_STEP][PASSED] - selectOptionByLabel(findTestObject(orPath_PaymentEntry + "/select_YYYY"), "2023", false): All options with label '2023' are selected in object 'Object Repository/RAD_Pages/PaymentEntry_Page/select_YYYY' 

2023-07-17 21:25:38 - [MESSAGE][PASSED] - All options with label '2023' are selected in object 'Object Repository/RAD_Pages/PaymentEntry_Page/select_YYYY' 

2023-07-17 21:25:38 - [TEST_STEP][PASSED] - click(findTestObject(orPath_PaymentEntry + "/input_Field_ccSubmit")): Object: 'Object Repository/RAD_Pages/PaymentEntry_Page/input_Field_ccSubmit' is clicked on

2023-07-17 21:25:39 - [MESSAGE][PASSED] - Object: 'Object Repository/RAD_Pages/PaymentEntry_Page/input_Field_ccSubmit' is clicked on

2023-07-17 21:25:39 - [TEST_STEP][PASSED] - click(findTestObject(orPath_PaymentConfirmation + "/input_N_confirmNotifyAction")): Object: 'Object Repository/RAD_Pages/PaymentConfirmation_Page/input_N_confirmNotifyAction' is clicked on

2023-07-17 21:25:40 - [MESSAGE][PASSED] - Object: 'Object Repository/RAD_Pages/PaymentConfirmation_Page/input_N_confirmNotifyAction' is clicked on

2023-07-17 21:25:40 - [TEST_STEP][PASSED] - click(findTestObject(orPath_ServiceFeesAccept + "/input_convFeeNotifyAction")): Object: 'Object Repository/RAD_Pages/ServiceFeeAccept_Page/input_convFeeNotifyAction' is clicked on

2023-07-17 21:25:41 - [MESSAGE][PASSED] - Object: 'Object Repository/RAD_Pages/ServiceFeeAccept_Page/input_convFeeNotifyAction' is clicked on

2023-07-17 21:25:41 - [TEST_STEP][PASSED] - delay(10): Delayed 10 second(s)

2023-07-17 21:25:51 - [MESSAGE][PASSED] - Delayed 10 second(s)

2023-07-17 21:25:51 - [TEST_STEP][PASSED] - verifyTextPresent("Successful Payment Receipt", true): Text 'Successful Payment Receipt' is present on page  using regular expression

2023-07-17 21:25:51 - [MESSAGE][PASSED] - Text 'Successful Payment Receipt' is present on page  using regular expression

2023-07-17 21:25:51 - [TEST_STEP][PASSED] - if (verifyTextPresent("Successful Payment Receipt", true)): null

2023-07-17 21:25:51 - [MESSAGE][PASSED] - Text 'Successful Payment Receipt' is present on page  using regular expression

2023-07-17 21:25:51 - [TEST_STEP][PASSED] - println("Transaction was Successful"): null

2023-07-17 21:25:51 - [TEST_STEP][PASSED] - out.println("Pass Record Number: " + row): null

2023-07-17 21:25:51 - [TEST_STEP][PASSED] - resText = "Pass": null

2023-07-17 21:25:51 - [TEST_STEP][PASSED] - pages.WriteExcel.demoKey(resText, datText, resColumn, datCloumn, fileLoc, nameSheet, row): pages.WriteExcel.demoKey is PASSED

2023-07-17 21:25:52 - [MESSAGE][PASSED] - pages.WriteExcel.demoKey is PASSED

2023-07-17 21:25:52 - [TEST_STEP][PASSED] - ExecuteTC = findTestData(dataFile).getValue("Execute", row): null

2023-07-17 21:25:52 - [TEST_STEP][PASSED] - PaymentType = findTestData(dataFile).getValue("PaymentType", row): null

2023-07-17 21:25:52 - [TEST_STEP][PASSED] - FilingYear = findTestData(dataFile).getValue("FilingYear", row): null

2023-07-17 21:25:52 - [TEST_STEP][PASSED] - PeriodEnding = findTestData(dataFile).getValue("PeriodEnding", row): null

2023-07-17 21:25:52 - [TEST_STEP][PASSED] - FName = findTestData(dataFile).getValue("Fname", row): null

2023-07-17 21:25:52 - [TEST_STEP][PASSED] - LName = findTestData(dataFile).getValue("Lname", row): null

2023-07-17 21:25:52 - [TEST_STEP][PASSED] - SSN = findTestData(dataFile).getValue("SSN", row): null

2023-07-17 21:25:52 - [TEST_STEP][PASSED] - BusName = findTestData(dataFile).getValue("BusName", row): null

2023-07-17 21:25:52 - [TEST_STEP][PASSED] - AL1 = findTestData(dataFile).getValue("AL1", row): null

2023-07-17 21:25:52 - [TEST_STEP][PASSED] - City = findTestData(dataFile).getValue("City", row): null

2023-07-17 21:25:52 - [TEST_STEP][PASSED] - ZIP = findTestData(dataFile).getValue("ZIP", row): null

2023-07-17 21:25:52 - [TEST_STEP][PASSED] - FilingType = findTestData(dataFile).getValue("FilingType", row): null

2023-07-17 21:25:52 - [TEST_STEP][PASSED] - Withholding = findTestData(dataFile).getValue("Withholding", row): null

2023-07-17 21:25:52 - [TEST_STEP][PASSED] - Amount = findTestData(dataFile).getValue("Amount", row): null

2023-07-17 21:25:52 - [TEST_STEP][PASSED] - CCNumber = findTestData(dataFile).getValue("CCNumber", row): null

2023-07-17 21:25:52 - [TEST_STEP][PASSED] - CVV = findTestData(dataFile).getValue("CVV", row): null

2023-07-17 21:25:52 - [TEST_STEP][PASSED] - out.println("Value of Execute is : " + ExecuteTC): null

2023-07-17 21:25:52 - [TEST_STEP][PASSED] - if (ExecuteTC.equalsIgnoreCase("Y")): null

2023-07-17 21:25:52 - [TEST_STEP][PASSED] - out.println("Begin Record Number: " + row): null

2023-07-17 21:25:52 - [TEST_STEP][PASSED] - today = new java.util.Date(): null

2023-07-17 21:25:52 - [TEST_STEP][PASSED] - println(today): null

2023-07-17 21:25:52 - [TEST_STEP][PASSED] - datText = today: null

2023-07-17 21:25:52 - [TEST_STEP][PASSED] - Taxtype = findTestData(dataFile).getValue("TaxType", row): null

2023-07-17 21:25:52 - [TEST_STEP][PASSED] - out.println("Taxtype value is : " + Taxtype): null

2023-07-17 21:25:52 - [TEST_STEP][PASSED] - openBrowser(""): Browser is opened with url: ''

2023-07-17 21:25:52 - [MESSAGE][WARNING] - A browser is already opened. Closing browser and opening a new one

2023-07-17 21:25:53 - [MESSAGE][INFO] - Starting 'Chrome' driver

2023-07-17 21:25:53 - [MESSAGE][INFO] - User set preference: ['acceptInsecureCerts', 'true']

2023-07-17 21:25:53 - [MESSAGE][INFO] - Action delay is set to 0 milliseconds

2023-07-17 21:25:55 - [MESSAGE][PASSED] - Browser is opened with url: ''

2023-07-17 21:25:55 - [TEST_STEP][PASSED] - maximizeWindow(): Current window maximized

2023-07-17 21:25:55 - [MESSAGE][PASSED] - Current window maximized

2023-07-17 21:25:55 - [TEST_STEP][PASSED] - navigateToUrl(RADurl): Navigate to 'https://qa.velocitypayment.com/client/rad/index.html' successfully

2023-07-17 21:25:56 - [MESSAGE][PASSED] - Navigate to 'https://qa.velocitypayment.com/client/rad/index.html' successfully

2023-07-17 21:25:56 - [TEST_STEP][PASSED] - orPath_Landing = "Object Repository/RAD_Pages/Landing_Page": null

2023-07-17 21:25:56 - [TEST_STEP][PASSED] - orPath_TaxTypeFilingYear = "Object Repository/RAD_Pages/TaxTypeFilingYear_Page": null

2023-07-17 21:25:56 - [TEST_STEP][PASSED] - orPath_TaxPayer = "Object Repository/RAD_Pages/Taxpayer_Page": null

2023-07-17 21:25:56 - [TEST_STEP][PASSED] - orPath_AddressContact = "Object Repository/RAD_Pages/AddressAndContactInfo_Page": null

2023-07-17 21:25:56 - [TEST_STEP][PASSED] - orPath_FilingStatus = "Object Repository/RAD_Pages/FilingStatus_Page": null

2023-07-17 21:25:56 - [TEST_STEP][PASSED] - orPath_Amount = "Object Repository/RAD_Pages/PaymentAmount_Page": null

2023-07-17 21:25:56 - [TEST_STEP][PASSED] - orPath_TaxInfo = "Object Repository/RAD_Pages/TaxInfo_Page": null

2023-07-17 21:25:56 - [TEST_STEP][PASSED] - orPath_Withholding = "Object Repository/RAD_Pages/Withholding_Page": null

2023-07-17 21:25:56 - [TEST_STEP][PASSED] - orPath_Summary = "Object Repository/RAD_Pages/Summary_Page": null

2023-07-17 21:25:56 - [TEST_STEP][PASSED] - orPath_PaymentReady = "Object Repository/RAD_Pages/PaymentReady_Page": null

2023-07-17 21:25:56 - [TEST_STEP][PASSED] - orPath_PaymentEntry = "Object Repository/RAD_Pages/PaymentEntry_Page": null

2023-07-17 21:25:56 - [TEST_STEP][PASSED] - orPath_PaymentConfirmation = "Object Repository/RAD_Pages/PaymentConfirmation_Page": null

2023-07-17 21:25:56 - [TEST_STEP][PASSED] - orPath_ServiceFeesAccept = "Object Repository/RAD_Pages/ServiceFeeAccept_Page": null

2023-07-17 21:25:56 - [TEST_STEP][PASSED] - selectOptionByLabel(findTestObject(orPath_Landing + "/dd_TaxType"), Taxtype, false): All options with label 'Sales and Use' are selected in object 'Object Repository/RAD_Pages/Landing_Page/dd_TaxType' 

2023-07-17 21:25:57 - [MESSAGE][PASSED] - All options with label 'Sales and Use' are selected in object 'Object Repository/RAD_Pages/Landing_Page/dd_TaxType' 

2023-07-17 21:25:57 - [TEST_STEP][PASSED] - delay(3): Delayed 3 second(s)

2023-07-17 21:26:00 - [MESSAGE][PASSED] - Delayed 3 second(s)

2023-07-17 21:26:00 - [TEST_STEP][PASSED] - switch (Taxtype): null

2023-07-17 21:26:00 - [TEST_STEP][PASSED] - case "Sales and Use":: null

2023-07-17 21:26:00 - [TEST_STEP][PASSED] - selectOptionByLabel(findTestObject(orPath_TaxTypeFilingYear + "/select_FilingYear"), FilingYear, false): All options with label '2022' are selected in object 'Object Repository/RAD_Pages/TaxTypeFilingYear_Page/select_FilingYear' 

2023-07-17 21:26:01 - [MESSAGE][PASSED] - All options with label '2022' are selected in object 'Object Repository/RAD_Pages/TaxTypeFilingYear_Page/select_FilingYear' 

2023-07-17 21:26:01 - [TEST_STEP][PASSED] - selectOptionByLabel(findTestObject(orPath_TaxTypeFilingYear + "/select_PeriodEnding"), PeriodEnding, false): All options with label 'July' are selected in object 'Object Repository/RAD_Pages/TaxTypeFilingYear_Page/select_PeriodEnding' 

2023-07-17 21:26:01 - [MESSAGE][PASSED] - All options with label 'July' are selected in object 'Object Repository/RAD_Pages/TaxTypeFilingYear_Page/select_PeriodEnding' 

2023-07-17 21:26:01 - [TEST_STEP][PASSED] - setText(findTestObject(orPath_TaxPayer + "/input_businessName"), BusName): Text 'Superior, Painters' is set on object 'Object Repository/RAD_Pages/Taxpayer_Page/input_businessName'

2023-07-17 21:26:02 - [MESSAGE][PASSED] - Text 'Superior, Painters' is set on object 'Object Repository/RAD_Pages/Taxpayer_Page/input_businessName'

2023-07-17 21:26:02 - [TEST_STEP][PASSED] - setText(findTestObject(orPath_TaxPayer + "/input_firstName"), FName): Text 'Andrew' is set on object 'Object Repository/RAD_Pages/Taxpayer_Page/input_firstName'

2023-07-17 21:26:03 - [MESSAGE][PASSED] - Text 'Andrew' is set on object 'Object Repository/RAD_Pages/Taxpayer_Page/input_firstName'

2023-07-17 21:26:03 - [TEST_STEP][PASSED] - setText(findTestObject(orPath_TaxPayer + "/input_lastName"), LName): Text 'Cook' is set on object 'Object Repository/RAD_Pages/Taxpayer_Page/input_lastName'

2023-07-17 21:26:04 - [MESSAGE][PASSED] - Text 'Cook' is set on object 'Object Repository/RAD_Pages/Taxpayer_Page/input_lastName'

2023-07-17 21:26:04 - [TEST_STEP][PASSED] - setEncryptedText(findTestObject(orPath_TaxInfo + "/input_FederalEIN"), "0fDtEjy4ijeV75Gl5M+mSg=="): Text ****** has been set on object 'Object Repository/RAD_Pages/TaxInfo_Page/input_FederalEIN'

2023-07-17 21:26:04 - [MESSAGE][PASSED] - Text ****** has been set on object 'Object Repository/RAD_Pages/TaxInfo_Page/input_FederalEIN'

2023-07-17 21:26:04 - [TEST_STEP][PASSED] - setEncryptedText(findTestObject(orPath_TaxInfo + "/input_FederalEIN_ReEnter"), "0fDtEjy4ijeV75Gl5M+mSg=="): Text ****** has been set on object 'Object Repository/RAD_Pages/TaxInfo_Page/input_FederalEIN_ReEnter'

2023-07-17 21:26:05 - [MESSAGE][PASSED] - Text ****** has been set on object 'Object Repository/RAD_Pages/TaxInfo_Page/input_FederalEIN_ReEnter'

2023-07-17 21:26:05 - [TEST_STEP][PASSED] - setText(findTestObject(orPath_TaxInfo + "/input_MDCRegistration"), "07640126"): Text '07640126' is set on object 'Object Repository/RAD_Pages/TaxInfo_Page/input_MDCRegistration'

2023-07-17 21:26:06 - [MESSAGE][PASSED] - Text '07640126' is set on object 'Object Repository/RAD_Pages/TaxInfo_Page/input_MDCRegistration'

2023-07-17 21:26:06 - [TEST_STEP][PASSED] - if (verifyElementVisible(findTestObject("Object Repository/RAD_Pages/SAU_MDForm202_BeforeJuly2021_Page/input__GrossSales1"), OPTIONAL)): Object 'Object Repository/RAD_Pages/SAU_MDForm202_BeforeJuly2021_Page/input__GrossSales1' is NOT visible (Root cause: com.kms.katalon.core.exception.StepFailedException: Object 'Object Repository/RAD_Pages/SAU_MDForm202_BeforeJuly2021_Page/input__GrossSales1' is NOT visible
	at com.kms.katalon.core.webui.keyword.internal.WebUIKeywordMain.stepFailed(WebUIKeywordMain.groovy:64)
	at com.kms.katalon.core.webui.keyword.builtin.VerifyElementVisibleKeyword$_verifyElementVisible_closure1.doCall(VerifyElementVisibleKeyword.groovy:83)
	at com.kms.katalon.core.webui.keyword.builtin.VerifyElementVisibleKeyword$_verifyElementVisible_closure1.call(VerifyElementVisibleKeyword.groovy)
	at com.kms.katalon.core.webui.keyword.internal.WebUIKeywordMain.runKeyword(WebUIKeywordMain.groovy:20)
	at com.kms.katalon.core.webui.keyword.builtin.VerifyElementVisibleKeyword.verifyElementVisible(VerifyElementVisibleKeyword.groovy:97)
	at com.kms.katalon.core.webui.keyword.builtin.VerifyElementVisibleKeyword.execute(VerifyElementVisibleKeyword.groovy:67)
	at com.kms.katalon.core.keyword.internal.KeywordExecutor.executeKeywordForPlatform(KeywordExecutor.groovy:74)
	at com.kms.katalon.core.webui.keyword.WebUiBuiltInKeywords.verifyElementVisible(WebUiBuiltInKeywords.groovy:362)
	at com.kms.katalon.core.webui.keyword.WebUiBuiltInKeywords$verifyElementVisible$19.call(Unknown Source)
	at Payments_HC_TC.run(Payments_HC_TC:241)
	at com.kms.katalon.core.main.ScriptEngine.run(ScriptEngine.java:194)
	at com.kms.katalon.core.main.ScriptEngine.runScriptAsRawText(ScriptEngine.java:119)
	at com.kms.katalon.core.main.TestCaseExecutor.runScript(TestCaseExecutor.java:442)
	at com.kms.katalon.core.main.TestCaseExecutor.doExecute(TestCaseExecutor.java:433)
	at com.kms.katalon.core.main.TestCaseExecutor.processExecutionPhase(TestCaseExecutor.java:412)
	at com.kms.katalon.core.main.TestCaseExecutor.accessMainPhase(TestCaseExecutor.java:404)
	at com.kms.katalon.core.main.TestCaseExecutor.execute(TestCaseExecutor.java:281)
	at com.kms.katalon.core.main.TestSuiteExecutor.accessTestCaseMainPhase(TestSuiteExecutor.java:202)
	at com.kms.katalon.core.main.TestSuiteExecutor.accessTestSuiteMainPhase(TestSuiteExecutor.java:164)
	at com.kms.katalon.core.main.TestSuiteExecutor.execute(TestSuiteExecutor.java:105)
	at com.kms.katalon.core.main.TestCaseMain.startTestSuite(TestCaseMain.java:185)
	at com.kms.katalon.core.main.TestCaseMain$startTestSuite$0.call(Unknown Source)
	at TempTestSuite1689642297796.run(TempTestSuite1689642297796.groovy:36)
)

2023-07-17 21:26:06 - [MESSAGE][WARNING] - Object 'Object Repository/RAD_Pages/SAU_MDForm202_BeforeJuly2021_Page/input__GrossSales1' is NOT visible (Root cause: com.kms.katalon.core.exception.StepFailedException: Object 'Object Repository/RAD_Pages/SAU_MDForm202_BeforeJuly2021_Page/input__GrossSales1' is NOT visible
	at com.kms.katalon.core.webui.keyword.internal.WebUIKeywordMain.stepFailed(WebUIKeywordMain.groovy:64)
	at com.kms.katalon.core.webui.keyword.builtin.VerifyElementVisibleKeyword$_verifyElementVisible_closure1.doCall(VerifyElementVisibleKeyword.groovy:83)
	at com.kms.katalon.core.webui.keyword.builtin.VerifyElementVisibleKeyword$_verifyElementVisible_closure1.call(VerifyElementVisibleKeyword.groovy)
	at com.kms.katalon.core.webui.keyword.internal.WebUIKeywordMain.runKeyword(WebUIKeywordMain.groovy:20)
	at com.kms.katalon.core.webui.keyword.builtin.VerifyElementVisibleKeyword.verifyElementVisible(VerifyElementVisibleKeyword.groovy:97)
	at com.kms.katalon.core.webui.keyword.builtin.VerifyElementVisibleKeyword.execute(VerifyElementVisibleKeyword.groovy:67)
	at com.kms.katalon.core.keyword.internal.KeywordExecutor.executeKeywordForPlatform(KeywordExecutor.groovy:74)
	at com.kms.katalon.core.webui.keyword.WebUiBuiltInKeywords.verifyElementVisible(WebUiBuiltInKeywords.groovy:362)
	at com.kms.katalon.core.webui.keyword.WebUiBuiltInKeywords$verifyElementVisible$19.call(Unknown Source)
	at Payments_HC_TC.run(Payments_HC_TC:241)
	at com.kms.katalon.core.main.ScriptEngine.run(ScriptEngine.java:194)
	at com.kms.katalon.core.main.ScriptEngine.runScriptAsRawText(ScriptEngine.java:119)
	at com.kms.katalon.core.main.TestCaseExecutor.runScript(TestCaseExecutor.java:442)
	at com.kms.katalon.core.main.TestCaseExecutor.doExecute(TestCaseExecutor.java:433)
	at com.kms.katalon.core.main.TestCaseExecutor.processExecutionPhase(TestCaseExecutor.java:412)
	at com.kms.katalon.core.main.TestCaseExecutor.accessMainPhase(TestCaseExecutor.java:404)
	at com.kms.katalon.core.main.TestCaseExecutor.execute(TestCaseExecutor.java:281)
	at com.kms.katalon.core.main.TestSuiteExecutor.accessTestCaseMainPhase(TestSuiteExecutor.java:202)
	at com.kms.katalon.core.main.TestSuiteExecutor.accessTestSuiteMainPhase(TestSuiteExecutor.java:164)
	at com.kms.katalon.core.main.TestSuiteExecutor.execute(TestSuiteExecutor.java:105)
	at com.kms.katalon.core.main.TestCaseMain.startTestSuite(TestCaseMain.java:185)
	at com.kms.katalon.core.main.TestCaseMain$startTestSuite$0.call(Unknown Source)
	at TempTestSuite1689642297796.run(TempTestSuite1689642297796.groovy:36)
)
[[ATTACHMENT|E:\\Cloned-Project-Katalon\\VPS-Katalon\\Reports\\20230717_210457\\RAD_TestSuite\\RAD_UI_TestSuite\\20230717_210457\\1689643566379.png]]

2023-07-17 21:26:06 - [TEST_STEP][PASSED] - if (verifyElementVisible(findTestObject("Object Repository/RAD_Pages/SAU_MDForm202_Page/input__GrossSales2"), OPTIONAL)): null

2023-07-17 21:26:06 - [MESSAGE][PASSED] - Object 'Object Repository/RAD_Pages/SAU_MDForm202_Page/input__GrossSales2' is visible

2023-07-17 21:26:06 - [TEST_STEP][PASSED] - scrollToElement(findTestObject("Object Repository/RAD_Pages/SAU_MDForm202_Page/input__GrossSales2"), 3): Scroll to object 'Object Repository/RAD_Pages/SAU_MDForm202_Page/input__GrossSales2' successfully

2023-07-17 21:26:07 - [MESSAGE][PASSED] - Scroll to object 'Object Repository/RAD_Pages/SAU_MDForm202_Page/input__GrossSales2' successfully

2023-07-17 21:26:07 - [TEST_STEP][PASSED] - setText(findTestObject("Object Repository/RAD_Pages/SAU_MDForm202_Page/input__GrossSales2"), "100.00"): Text '100.00' is set on object 'Object Repository/RAD_Pages/SAU_MDForm202_Page/input__GrossSales2'

2023-07-17 21:26:07 - [MESSAGE][PASSED] - Text '100.00' is set on object 'Object Repository/RAD_Pages/SAU_MDForm202_Page/input__GrossSales2'

2023-07-17 21:26:07 - [TEST_STEP][PASSED] - break: null

2023-07-17 21:26:07 - [TEST_STEP][PASSED] - if (PaymentType.equalsIgnoreCase("Personal")): null

2023-07-17 21:26:07 - [TEST_STEP][PASSED] - selectOptionByLabel(findTestObject(orPath_AddressContact + "/select_Country"), "United States", false): All options with label 'United States' are selected in object 'Object Repository/RAD_Pages/AddressAndContactInfo_Page/select_Country' 

2023-07-17 21:26:08 - [MESSAGE][PASSED] - All options with label 'United States' are selected in object 'Object Repository/RAD_Pages/AddressAndContactInfo_Page/select_Country' 

2023-07-17 21:26:08 - [TEST_STEP][PASSED] - setText(findTestObject(orPath_AddressContact + "/input_streetAddress1"), AL1): Text '3652 Mandan road' is set on object 'Object Repository/RAD_Pages/AddressAndContactInfo_Page/input_streetAddress1'

2023-07-17 21:26:09 - [MESSAGE][PASSED] - Text '3652 Mandan road' is set on object 'Object Repository/RAD_Pages/AddressAndContactInfo_Page/input_streetAddress1'

2023-07-17 21:26:09 - [TEST_STEP][PASSED] - setText(findTestObject(orPath_AddressContact + "/input_streetAddress2"), ""): Text '' is set on object 'Object Repository/RAD_Pages/AddressAndContactInfo_Page/input_streetAddress2'

2023-07-17 21:26:10 - [MESSAGE][PASSED] - Text '' is set on object 'Object Repository/RAD_Pages/AddressAndContactInfo_Page/input_streetAddress2'

2023-07-17 21:26:10 - [TEST_STEP][PASSED] - setText(findTestObject(orPath_AddressContact + "/input_city"), City): Text 'Crofton' is set on object 'Object Repository/RAD_Pages/AddressAndContactInfo_Page/input_city'

2023-07-17 21:26:10 - [MESSAGE][PASSED] - Text 'Crofton' is set on object 'Object Repository/RAD_Pages/AddressAndContactInfo_Page/input_city'

2023-07-17 21:26:10 - [TEST_STEP][PASSED] - selectOptionByLabel(findTestObject(orPath_AddressContact + "/select_State"), "Maryland", false): All options with label 'Maryland' are selected in object 'Object Repository/RAD_Pages/AddressAndContactInfo_Page/select_State' 

2023-07-17 21:26:11 - [MESSAGE][PASSED] - All options with label 'Maryland' are selected in object 'Object Repository/RAD_Pages/AddressAndContactInfo_Page/select_State' 

2023-07-17 21:26:11 - [TEST_STEP][PASSED] - setText(findTestObject(orPath_AddressContact + "/input_zipCode"), ZIP): Text '21114' is set on object 'Object Repository/RAD_Pages/AddressAndContactInfo_Page/input_zipCode'

2023-07-17 21:26:12 - [MESSAGE][PASSED] - Text '21114' is set on object 'Object Repository/RAD_Pages/AddressAndContactInfo_Page/input_zipCode'

2023-07-17 21:26:12 - [TEST_STEP][PASSED] - setText(findTestObject(orPath_AddressContact + "/input_phoneNumber"), "(703) 894-5000"): Text '(703) 894-5000' is set on object 'Object Repository/RAD_Pages/AddressAndContactInfo_Page/input_phoneNumber'

2023-07-17 21:26:13 - [MESSAGE][PASSED] - Text '(703) 894-5000' is set on object 'Object Repository/RAD_Pages/AddressAndContactInfo_Page/input_phoneNumber'

2023-07-17 21:26:13 - [TEST_STEP][PASSED] - setText(findTestObject(orPath_AddressContact + "/input_eMailAddress"), "iahmed@govolution.com"): Text 'iahmed@govolution.com' is set on object 'Object Repository/RAD_Pages/AddressAndContactInfo_Page/input_eMailAddress'

2023-07-17 21:26:13 - [MESSAGE][PASSED] - Text 'iahmed@govolution.com' is set on object 'Object Repository/RAD_Pages/AddressAndContactInfo_Page/input_eMailAddress'

2023-07-17 21:26:13 - [TEST_STEP][PASSED] - setText(findTestObject(orPath_AddressContact + "/input_reEnterEMailAddress"), "iahmed@govolution.com"): Text 'iahmed@govolution.com' is set on object 'Object Repository/RAD_Pages/AddressAndContactInfo_Page/input_reEnterEMailAddress'

2023-07-17 21:26:14 - [MESSAGE][PASSED] - Text 'iahmed@govolution.com' is set on object 'Object Repository/RAD_Pages/AddressAndContactInfo_Page/input_reEnterEMailAddress'

2023-07-17 21:26:14 - [TEST_STEP][PASSED] - setText(findTestObject(orPath_Amount + "/input__paymentAmount"), Amount): Text '100.00' is set on object 'Object Repository/RAD_Pages/PaymentAmount_Page/input__paymentAmount'

2023-07-17 21:26:15 - [MESSAGE][PASSED] - Text '100.00' is set on object 'Object Repository/RAD_Pages/PaymentAmount_Page/input__paymentAmount'

2023-07-17 21:26:15 - [TEST_STEP][PASSED] - scrollToElement(findTestObject(orPath_Landing + "/button_Continue"), 3): Scroll to object 'Object Repository/RAD_Pages/Landing_Page/button_Continue' successfully

2023-07-17 21:26:15 - [MESSAGE][PASSED] - Scroll to object 'Object Repository/RAD_Pages/Landing_Page/button_Continue' successfully

2023-07-17 21:26:15 - [TEST_STEP][PASSED] - waitForElementClickable(findTestObject(orPath_Landing + "/button_Continue"), 5): Object 'Object Repository/RAD_Pages/Landing_Page/button_Continue' is clickable

2023-07-17 21:26:16 - [MESSAGE][PASSED] - Object 'Object Repository/RAD_Pages/Landing_Page/button_Continue' is clickable

2023-07-17 21:26:16 - [TEST_STEP][PASSED] - click(findTestObject(orPath_Landing + "/button_Continue")): Object: 'Object Repository/RAD_Pages/Landing_Page/button_Continue' is clicked on

2023-07-17 21:26:16 - [MESSAGE][PASSED] - Object: 'Object Repository/RAD_Pages/Landing_Page/button_Continue' is clicked on

2023-07-17 21:26:16 - [TEST_STEP][PASSED] - verifyTextPresent("Review the information below and make any necessary corrections by clicking the", true): Text 'Review the information below and make any necessary corrections by clicking the' is present on page  using regular expression

2023-07-17 21:26:17 - [MESSAGE][PASSED] - Text 'Review the information below and make any necessary corrections by clicking the' is present on page  using regular expression

2023-07-17 21:26:17 - [TEST_STEP][PASSED] - verifyTextPresent("When you are confident that all the information is correct", true): Text 'When you are confident that all the information is correct' is present on page  using regular expression

2023-07-17 21:26:17 - [MESSAGE][PASSED] - Text 'When you are confident that all the information is correct' is present on page  using regular expression

2023-07-17 21:26:17 - [TEST_STEP][PASSED] - delay(1): Delayed 1 second(s)

2023-07-17 21:26:18 - [MESSAGE][PASSED] - Delayed 1 second(s)

2023-07-17 21:26:18 - [TEST_STEP][PASSED] - click(findTestObject(orPath_Summary + "/button_Proceed to Payment")): Object: 'Object Repository/RAD_Pages/Summary_Page/button_Proceed to Payment' is clicked on

2023-07-17 21:26:20 - [MESSAGE][PASSED] - Object: 'Object Repository/RAD_Pages/Summary_Page/button_Proceed to Payment' is clicked on

2023-07-17 21:26:20 - [TEST_STEP][PASSED] - if (PaymentType.equalsIgnoreCase("Corporate")): null

2023-07-17 21:26:20 - [TEST_STEP][PASSED] - setText(findTestObject(orPath_PaymentEntry + "/input__cardNumber"), CCNumber): Text '4012000098765439' is set on object 'Object Repository/RAD_Pages/PaymentEntry_Page/input__cardNumber'

2023-07-17 21:26:21 - [MESSAGE][PASSED] - Text '4012000098765439' is set on object 'Object Repository/RAD_Pages/PaymentEntry_Page/input__cardNumber'

2023-07-17 21:26:21 - [TEST_STEP][PASSED] - setText(findTestObject(orPath_PaymentEntry + "/input__spc"), CVV): Text '123' is set on object 'Object Repository/RAD_Pages/PaymentEntry_Page/input__spc'

2023-07-17 21:26:22 - [MESSAGE][PASSED] - Text '123' is set on object 'Object Repository/RAD_Pages/PaymentEntry_Page/input__spc'

2023-07-17 21:26:22 - [TEST_STEP][PASSED] - selectOptionByLabel(findTestObject(orPath_PaymentEntry + "/select_MM"), "12", false): All options with label '12' are selected in object 'Object Repository/RAD_Pages/PaymentEntry_Page/select_MM' 

2023-07-17 21:26:22 - [MESSAGE][PASSED] - All options with label '12' are selected in object 'Object Repository/RAD_Pages/PaymentEntry_Page/select_MM' 

2023-07-17 21:26:22 - [TEST_STEP][PASSED] - selectOptionByLabel(findTestObject(orPath_PaymentEntry + "/select_YYYY"), "2023", false): All options with label '2023' are selected in object 'Object Repository/RAD_Pages/PaymentEntry_Page/select_YYYY' 

2023-07-17 21:26:23 - [MESSAGE][PASSED] - All options with label '2023' are selected in object 'Object Repository/RAD_Pages/PaymentEntry_Page/select_YYYY' 

2023-07-17 21:26:23 - [TEST_STEP][PASSED] - click(findTestObject(orPath_PaymentEntry + "/input_Field_ccSubmit")): Object: 'Object Repository/RAD_Pages/PaymentEntry_Page/input_Field_ccSubmit' is clicked on

2023-07-17 21:26:24 - [MESSAGE][PASSED] - Object: 'Object Repository/RAD_Pages/PaymentEntry_Page/input_Field_ccSubmit' is clicked on

2023-07-17 21:26:24 - [TEST_STEP][PASSED] - click(findTestObject(orPath_PaymentConfirmation + "/input_N_confirmNotifyAction")): Object: 'Object Repository/RAD_Pages/PaymentConfirmation_Page/input_N_confirmNotifyAction' is clicked on

2023-07-17 21:26:25 - [MESSAGE][PASSED] - Object: 'Object Repository/RAD_Pages/PaymentConfirmation_Page/input_N_confirmNotifyAction' is clicked on

2023-07-17 21:26:25 - [TEST_STEP][PASSED] - click(findTestObject(orPath_ServiceFeesAccept + "/input_convFeeNotifyAction")): Object: 'Object Repository/RAD_Pages/ServiceFeeAccept_Page/input_convFeeNotifyAction' is clicked on

2023-07-17 21:26:26 - [MESSAGE][PASSED] - Object: 'Object Repository/RAD_Pages/ServiceFeeAccept_Page/input_convFeeNotifyAction' is clicked on

2023-07-17 21:26:26 - [TEST_STEP][PASSED] - delay(10): Delayed 10 second(s)

2023-07-17 21:26:36 - [MESSAGE][PASSED] - Delayed 10 second(s)

2023-07-17 21:26:36 - [TEST_STEP][PASSED] - verifyTextPresent("Successful Payment Receipt", true): Text 'Successful Payment Receipt' is present on page  using regular expression

2023-07-17 21:26:36 - [MESSAGE][PASSED] - Text 'Successful Payment Receipt' is present on page  using regular expression

2023-07-17 21:26:36 - [TEST_STEP][PASSED] - if (verifyTextPresent("Successful Payment Receipt", true)): null

2023-07-17 21:26:37 - [MESSAGE][PASSED] - Text 'Successful Payment Receipt' is present on page  using regular expression

2023-07-17 21:26:37 - [TEST_STEP][PASSED] - println("Transaction was Successful"): null

2023-07-17 21:26:37 - [TEST_STEP][PASSED] - out.println("Pass Record Number: " + row): null

2023-07-17 21:26:37 - [TEST_STEP][PASSED] - resText = "Pass": null

2023-07-17 21:26:37 - [TEST_STEP][PASSED] - pages.WriteExcel.demoKey(resText, datText, resColumn, datCloumn, fileLoc, nameSheet, row): pages.WriteExcel.demoKey is PASSED

2023-07-17 21:26:37 - [MESSAGE][PASSED] - pages.WriteExcel.demoKey is PASSED

2023-07-17 21:26:37 - [TEST_STEP][PASSED] - ExecuteTC = findTestData(dataFile).getValue("Execute", row): null

2023-07-17 21:26:37 - [TEST_STEP][PASSED] - PaymentType = findTestData(dataFile).getValue("PaymentType", row): null

2023-07-17 21:26:37 - [TEST_STEP][PASSED] - FilingYear = findTestData(dataFile).getValue("FilingYear", row): null

2023-07-17 21:26:37 - [TEST_STEP][PASSED] - PeriodEnding = findTestData(dataFile).getValue("PeriodEnding", row): null

2023-07-17 21:26:37 - [TEST_STEP][PASSED] - FName = findTestData(dataFile).getValue("Fname", row): null

2023-07-17 21:26:37 - [TEST_STEP][PASSED] - LName = findTestData(dataFile).getValue("Lname", row): null

2023-07-17 21:26:37 - [TEST_STEP][PASSED] - SSN = findTestData(dataFile).getValue("SSN", row): null

2023-07-17 21:26:37 - [TEST_STEP][PASSED] - BusName = findTestData(dataFile).getValue("BusName", row): null

2023-07-17 21:26:37 - [TEST_STEP][PASSED] - AL1 = findTestData(dataFile).getValue("AL1", row): null

2023-07-17 21:26:37 - [TEST_STEP][PASSED] - City = findTestData(dataFile).getValue("City", row): null

2023-07-17 21:26:37 - [TEST_STEP][PASSED] - ZIP = findTestData(dataFile).getValue("ZIP", row): null

2023-07-17 21:26:37 - [TEST_STEP][PASSED] - FilingType = findTestData(dataFile).getValue("FilingType", row): null

2023-07-17 21:26:37 - [TEST_STEP][PASSED] - Withholding = findTestData(dataFile).getValue("Withholding", row): null

2023-07-17 21:26:37 - [TEST_STEP][PASSED] - Amount = findTestData(dataFile).getValue("Amount", row): null

2023-07-17 21:26:37 - [TEST_STEP][PASSED] - CCNumber = findTestData(dataFile).getValue("CCNumber", row): null

2023-07-17 21:26:37 - [TEST_STEP][PASSED] - CVV = findTestData(dataFile).getValue("CVV", row): null

2023-07-17 21:26:37 - [TEST_STEP][PASSED] - out.println("Value of Execute is : " + ExecuteTC): null

2023-07-17 21:26:37 - [TEST_STEP][PASSED] - if (ExecuteTC.equalsIgnoreCase("Y")): null

2023-07-17 21:26:37 - [TEST_STEP][PASSED] - out.println("Begin Record Number: " + row): null

2023-07-17 21:26:37 - [TEST_STEP][PASSED] - today = new java.util.Date(): null

2023-07-17 21:26:37 - [TEST_STEP][PASSED] - println(today): null

2023-07-17 21:26:37 - [TEST_STEP][PASSED] - datText = today: null

2023-07-17 21:26:37 - [TEST_STEP][PASSED] - Taxtype = findTestData(dataFile).getValue("TaxType", row): null

2023-07-17 21:26:37 - [TEST_STEP][PASSED] - out.println("Taxtype value is : " + Taxtype): null

2023-07-17 21:26:37 - [TEST_STEP][PASSED] - openBrowser(""): Browser is opened with url: ''

2023-07-17 21:26:37 - [MESSAGE][WARNING] - A browser is already opened. Closing browser and opening a new one

2023-07-17 21:26:38 - [MESSAGE][INFO] - Starting 'Chrome' driver

2023-07-17 21:26:38 - [MESSAGE][INFO] - User set preference: ['acceptInsecureCerts', 'true']

2023-07-17 21:26:38 - [MESSAGE][INFO] - Action delay is set to 0 milliseconds

2023-07-17 21:26:40 - [MESSAGE][PASSED] - Browser is opened with url: ''

2023-07-17 21:26:40 - [TEST_STEP][PASSED] - maximizeWindow(): Current window maximized

2023-07-17 21:26:40 - [MESSAGE][PASSED] - Current window maximized

2023-07-17 21:26:40 - [TEST_STEP][PASSED] - navigateToUrl(RADurl): Navigate to 'https://qa.velocitypayment.com/client/rad/index.html' successfully

2023-07-17 21:26:42 - [MESSAGE][PASSED] - Navigate to 'https://qa.velocitypayment.com/client/rad/index.html' successfully

2023-07-17 21:26:42 - [TEST_STEP][PASSED] - orPath_Landing = "Object Repository/RAD_Pages/Landing_Page": null

2023-07-17 21:26:42 - [TEST_STEP][PASSED] - orPath_TaxTypeFilingYear = "Object Repository/RAD_Pages/TaxTypeFilingYear_Page": null

2023-07-17 21:26:42 - [TEST_STEP][PASSED] - orPath_TaxPayer = "Object Repository/RAD_Pages/Taxpayer_Page": null

2023-07-17 21:26:42 - [TEST_STEP][PASSED] - orPath_AddressContact = "Object Repository/RAD_Pages/AddressAndContactInfo_Page": null

2023-07-17 21:26:42 - [TEST_STEP][PASSED] - orPath_FilingStatus = "Object Repository/RAD_Pages/FilingStatus_Page": null

2023-07-17 21:26:42 - [TEST_STEP][PASSED] - orPath_Amount = "Object Repository/RAD_Pages/PaymentAmount_Page": null

2023-07-17 21:26:42 - [TEST_STEP][PASSED] - orPath_TaxInfo = "Object Repository/RAD_Pages/TaxInfo_Page": null

2023-07-17 21:26:42 - [TEST_STEP][PASSED] - orPath_Withholding = "Object Repository/RAD_Pages/Withholding_Page": null

2023-07-17 21:26:42 - [TEST_STEP][PASSED] - orPath_Summary = "Object Repository/RAD_Pages/Summary_Page": null

2023-07-17 21:26:42 - [TEST_STEP][PASSED] - orPath_PaymentReady = "Object Repository/RAD_Pages/PaymentReady_Page": null

2023-07-17 21:26:42 - [TEST_STEP][PASSED] - orPath_PaymentEntry = "Object Repository/RAD_Pages/PaymentEntry_Page": null

2023-07-17 21:26:42 - [TEST_STEP][PASSED] - orPath_PaymentConfirmation = "Object Repository/RAD_Pages/PaymentConfirmation_Page": null

2023-07-17 21:26:42 - [TEST_STEP][PASSED] - orPath_ServiceFeesAccept = "Object Repository/RAD_Pages/ServiceFeeAccept_Page": null

2023-07-17 21:26:42 - [TEST_STEP][PASSED] - selectOptionByLabel(findTestObject(orPath_Landing + "/dd_TaxType"), Taxtype, false): All options with label 'Sales and Use' are selected in object 'Object Repository/RAD_Pages/Landing_Page/dd_TaxType' 

2023-07-17 21:26:42 - [MESSAGE][PASSED] - All options with label 'Sales and Use' are selected in object 'Object Repository/RAD_Pages/Landing_Page/dd_TaxType' 

2023-07-17 21:26:42 - [TEST_STEP][PASSED] - delay(3): Delayed 3 second(s)

2023-07-17 21:26:45 - [MESSAGE][PASSED] - Delayed 3 second(s)

2023-07-17 21:26:45 - [TEST_STEP][PASSED] - switch (Taxtype): null

2023-07-17 21:26:45 - [TEST_STEP][PASSED] - case "Sales and Use":: null

2023-07-17 21:26:45 - [TEST_STEP][PASSED] - selectOptionByLabel(findTestObject(orPath_TaxTypeFilingYear + "/select_FilingYear"), FilingYear, false): All options with label '2021' are selected in object 'Object Repository/RAD_Pages/TaxTypeFilingYear_Page/select_FilingYear' 

2023-07-17 21:26:46 - [MESSAGE][PASSED] - All options with label '2021' are selected in object 'Object Repository/RAD_Pages/TaxTypeFilingYear_Page/select_FilingYear' 

2023-07-17 21:26:46 - [TEST_STEP][PASSED] - selectOptionByLabel(findTestObject(orPath_TaxTypeFilingYear + "/select_PeriodEnding"), PeriodEnding, false): All options with label 'December' are selected in object 'Object Repository/RAD_Pages/TaxTypeFilingYear_Page/select_PeriodEnding' 

2023-07-17 21:26:47 - [MESSAGE][PASSED] - All options with label 'December' are selected in object 'Object Repository/RAD_Pages/TaxTypeFilingYear_Page/select_PeriodEnding' 

2023-07-17 21:26:47 - [TEST_STEP][PASSED] - setText(findTestObject(orPath_TaxPayer + "/input_businessName"), BusName): Text 'Light Car Wash' is set on object 'Object Repository/RAD_Pages/Taxpayer_Page/input_businessName'

2023-07-17 21:26:48 - [MESSAGE][PASSED] - Text 'Light Car Wash' is set on object 'Object Repository/RAD_Pages/Taxpayer_Page/input_businessName'

2023-07-17 21:26:48 - [TEST_STEP][PASSED] - setText(findTestObject(orPath_TaxPayer + "/input_firstName"), FName): Text 'Larsons' is set on object 'Object Repository/RAD_Pages/Taxpayer_Page/input_firstName'

2023-07-17 21:26:48 - [MESSAGE][PASSED] - Text 'Larsons' is set on object 'Object Repository/RAD_Pages/Taxpayer_Page/input_firstName'

2023-07-17 21:26:48 - [TEST_STEP][PASSED] - setText(findTestObject(orPath_TaxPayer + "/input_lastName"), LName): Text 'Bell' is set on object 'Object Repository/RAD_Pages/Taxpayer_Page/input_lastName'

2023-07-17 21:26:49 - [MESSAGE][PASSED] - Text 'Bell' is set on object 'Object Repository/RAD_Pages/Taxpayer_Page/input_lastName'

2023-07-17 21:26:49 - [TEST_STEP][PASSED] - setEncryptedText(findTestObject(orPath_TaxInfo + "/input_FederalEIN"), "0fDtEjy4ijeV75Gl5M+mSg=="): Text ****** has been set on object 'Object Repository/RAD_Pages/TaxInfo_Page/input_FederalEIN'

2023-07-17 21:26:50 - [MESSAGE][PASSED] - Text ****** has been set on object 'Object Repository/RAD_Pages/TaxInfo_Page/input_FederalEIN'

2023-07-17 21:26:50 - [TEST_STEP][PASSED] - setEncryptedText(findTestObject(orPath_TaxInfo + "/input_FederalEIN_ReEnter"), "0fDtEjy4ijeV75Gl5M+mSg=="): Text ****** has been set on object 'Object Repository/RAD_Pages/TaxInfo_Page/input_FederalEIN_ReEnter'

2023-07-17 21:26:50 - [MESSAGE][PASSED] - Text ****** has been set on object 'Object Repository/RAD_Pages/TaxInfo_Page/input_FederalEIN_ReEnter'

2023-07-17 21:26:50 - [TEST_STEP][PASSED] - setText(findTestObject(orPath_TaxInfo + "/input_MDCRegistration"), "07640126"): Text '07640126' is set on object 'Object Repository/RAD_Pages/TaxInfo_Page/input_MDCRegistration'

2023-07-17 21:26:51 - [MESSAGE][PASSED] - Text '07640126' is set on object 'Object Repository/RAD_Pages/TaxInfo_Page/input_MDCRegistration'

2023-07-17 21:26:51 - [TEST_STEP][PASSED] - if (verifyElementVisible(findTestObject("Object Repository/RAD_Pages/SAU_MDForm202_BeforeJuly2021_Page/input__GrossSales1"), OPTIONAL)): Object 'Object Repository/RAD_Pages/SAU_MDForm202_BeforeJuly2021_Page/input__GrossSales1' is NOT visible (Root cause: com.kms.katalon.core.exception.StepFailedException: Object 'Object Repository/RAD_Pages/SAU_MDForm202_BeforeJuly2021_Page/input__GrossSales1' is NOT visible
	at com.kms.katalon.core.webui.keyword.internal.WebUIKeywordMain.stepFailed(WebUIKeywordMain.groovy:64)
	at com.kms.katalon.core.webui.keyword.builtin.VerifyElementVisibleKeyword$_verifyElementVisible_closure1.doCall(VerifyElementVisibleKeyword.groovy:83)
	at com.kms.katalon.core.webui.keyword.builtin.VerifyElementVisibleKeyword$_verifyElementVisible_closure1.call(VerifyElementVisibleKeyword.groovy)
	at com.kms.katalon.core.webui.keyword.internal.WebUIKeywordMain.runKeyword(WebUIKeywordMain.groovy:20)
	at com.kms.katalon.core.webui.keyword.builtin.VerifyElementVisibleKeyword.verifyElementVisible(VerifyElementVisibleKeyword.groovy:97)
	at com.kms.katalon.core.webui.keyword.builtin.VerifyElementVisibleKeyword.execute(VerifyElementVisibleKeyword.groovy:67)
	at com.kms.katalon.core.keyword.internal.KeywordExecutor.executeKeywordForPlatform(KeywordExecutor.groovy:74)
	at com.kms.katalon.core.webui.keyword.WebUiBuiltInKeywords.verifyElementVisible(WebUiBuiltInKeywords.groovy:362)
	at com.kms.katalon.core.webui.keyword.WebUiBuiltInKeywords$verifyElementVisible$19.call(Unknown Source)
	at Payments_HC_TC.run(Payments_HC_TC:241)
	at com.kms.katalon.core.main.ScriptEngine.run(ScriptEngine.java:194)
	at com.kms.katalon.core.main.ScriptEngine.runScriptAsRawText(ScriptEngine.java:119)
	at com.kms.katalon.core.main.TestCaseExecutor.runScript(TestCaseExecutor.java:442)
	at com.kms.katalon.core.main.TestCaseExecutor.doExecute(TestCaseExecutor.java:433)
	at com.kms.katalon.core.main.TestCaseExecutor.processExecutionPhase(TestCaseExecutor.java:412)
	at com.kms.katalon.core.main.TestCaseExecutor.accessMainPhase(TestCaseExecutor.java:404)
	at com.kms.katalon.core.main.TestCaseExecutor.execute(TestCaseExecutor.java:281)
	at com.kms.katalon.core.main.TestSuiteExecutor.accessTestCaseMainPhase(TestSuiteExecutor.java:202)
	at com.kms.katalon.core.main.TestSuiteExecutor.accessTestSuiteMainPhase(TestSuiteExecutor.java:164)
	at com.kms.katalon.core.main.TestSuiteExecutor.execute(TestSuiteExecutor.java:105)
	at com.kms.katalon.core.main.TestCaseMain.startTestSuite(TestCaseMain.java:185)
	at com.kms.katalon.core.main.TestCaseMain$startTestSuite$0.call(Unknown Source)
	at TempTestSuite1689642297796.run(TempTestSuite1689642297796.groovy:36)
)

2023-07-17 21:26:51 - [MESSAGE][WARNING] - Object 'Object Repository/RAD_Pages/SAU_MDForm202_BeforeJuly2021_Page/input__GrossSales1' is NOT visible (Root cause: com.kms.katalon.core.exception.StepFailedException: Object 'Object Repository/RAD_Pages/SAU_MDForm202_BeforeJuly2021_Page/input__GrossSales1' is NOT visible
	at com.kms.katalon.core.webui.keyword.internal.WebUIKeywordMain.stepFailed(WebUIKeywordMain.groovy:64)
	at com.kms.katalon.core.webui.keyword.builtin.VerifyElementVisibleKeyword$_verifyElementVisible_closure1.doCall(VerifyElementVisibleKeyword.groovy:83)
	at com.kms.katalon.core.webui.keyword.builtin.VerifyElementVisibleKeyword$_verifyElementVisible_closure1.call(VerifyElementVisibleKeyword.groovy)
	at com.kms.katalon.core.webui.keyword.internal.WebUIKeywordMain.runKeyword(WebUIKeywordMain.groovy:20)
	at com.kms.katalon.core.webui.keyword.builtin.VerifyElementVisibleKeyword.verifyElementVisible(VerifyElementVisibleKeyword.groovy:97)
	at com.kms.katalon.core.webui.keyword.builtin.VerifyElementVisibleKeyword.execute(VerifyElementVisibleKeyword.groovy:67)
	at com.kms.katalon.core.keyword.internal.KeywordExecutor.executeKeywordForPlatform(KeywordExecutor.groovy:74)
	at com.kms.katalon.core.webui.keyword.WebUiBuiltInKeywords.verifyElementVisible(WebUiBuiltInKeywords.groovy:362)
	at com.kms.katalon.core.webui.keyword.WebUiBuiltInKeywords$verifyElementVisible$19.call(Unknown Source)
	at Payments_HC_TC.run(Payments_HC_TC:241)
	at com.kms.katalon.core.main.ScriptEngine.run(ScriptEngine.java:194)
	at com.kms.katalon.core.main.ScriptEngine.runScriptAsRawText(ScriptEngine.java:119)
	at com.kms.katalon.core.main.TestCaseExecutor.runScript(TestCaseExecutor.java:442)
	at com.kms.katalon.core.main.TestCaseExecutor.doExecute(TestCaseExecutor.java:433)
	at com.kms.katalon.core.main.TestCaseExecutor.processExecutionPhase(TestCaseExecutor.java:412)
	at com.kms.katalon.core.main.TestCaseExecutor.accessMainPhase(TestCaseExecutor.java:404)
	at com.kms.katalon.core.main.TestCaseExecutor.execute(TestCaseExecutor.java:281)
	at com.kms.katalon.core.main.TestSuiteExecutor.accessTestCaseMainPhase(TestSuiteExecutor.java:202)
	at com.kms.katalon.core.main.TestSuiteExecutor.accessTestSuiteMainPhase(TestSuiteExecutor.java:164)
	at com.kms.katalon.core.main.TestSuiteExecutor.execute(TestSuiteExecutor.java:105)
	at com.kms.katalon.core.main.TestCaseMain.startTestSuite(TestCaseMain.java:185)
	at com.kms.katalon.core.main.TestCaseMain$startTestSuite$0.call(Unknown Source)
	at TempTestSuite1689642297796.run(TempTestSuite1689642297796.groovy:36)
)
[[ATTACHMENT|E:\\Cloned-Project-Katalon\\VPS-Katalon\\Reports\\20230717_210457\\RAD_TestSuite\\RAD_UI_TestSuite\\20230717_210457\\1689643611747.png]]

2023-07-17 21:26:51 - [TEST_STEP][PASSED] - if (verifyElementVisible(findTestObject("Object Repository/RAD_Pages/SAU_MDForm202_Page/input__GrossSales2"), OPTIONAL)): null

2023-07-17 21:26:52 - [MESSAGE][PASSED] - Object 'Object Repository/RAD_Pages/SAU_MDForm202_Page/input__GrossSales2' is visible

2023-07-17 21:26:52 - [TEST_STEP][PASSED] - scrollToElement(findTestObject("Object Repository/RAD_Pages/SAU_MDForm202_Page/input__GrossSales2"), 3): Scroll to object 'Object Repository/RAD_Pages/SAU_MDForm202_Page/input__GrossSales2' successfully

2023-07-17 21:26:52 - [MESSAGE][PASSED] - Scroll to object 'Object Repository/RAD_Pages/SAU_MDForm202_Page/input__GrossSales2' successfully

2023-07-17 21:26:52 - [TEST_STEP][PASSED] - setText(findTestObject("Object Repository/RAD_Pages/SAU_MDForm202_Page/input__GrossSales2"), "100.00"): Text '100.00' is set on object 'Object Repository/RAD_Pages/SAU_MDForm202_Page/input__GrossSales2'

2023-07-17 21:26:53 - [MESSAGE][PASSED] - Text '100.00' is set on object 'Object Repository/RAD_Pages/SAU_MDForm202_Page/input__GrossSales2'

2023-07-17 21:26:53 - [TEST_STEP][PASSED] - break: null

2023-07-17 21:26:53 - [TEST_STEP][PASSED] - if (PaymentType.equalsIgnoreCase("Personal")): null

2023-07-17 21:26:53 - [TEST_STEP][PASSED] - selectOptionByLabel(findTestObject(orPath_AddressContact + "/select_Country"), "United States", false): All options with label 'United States' are selected in object 'Object Repository/RAD_Pages/AddressAndContactInfo_Page/select_Country' 

2023-07-17 21:26:53 - [MESSAGE][PASSED] - All options with label 'United States' are selected in object 'Object Repository/RAD_Pages/AddressAndContactInfo_Page/select_Country' 

2023-07-17 21:26:53 - [TEST_STEP][PASSED] - setText(findTestObject(orPath_AddressContact + "/input_streetAddress1"), AL1): Text '114 Clark Ave' is set on object 'Object Repository/RAD_Pages/AddressAndContactInfo_Page/input_streetAddress1'

2023-07-17 21:26:54 - [MESSAGE][PASSED] - Text '114 Clark Ave' is set on object 'Object Repository/RAD_Pages/AddressAndContactInfo_Page/input_streetAddress1'

2023-07-17 21:26:54 - [TEST_STEP][PASSED] - setText(findTestObject(orPath_AddressContact + "/input_streetAddress2"), ""): Text '' is set on object 'Object Repository/RAD_Pages/AddressAndContactInfo_Page/input_streetAddress2'

2023-07-17 21:26:55 - [MESSAGE][PASSED] - Text '' is set on object 'Object Repository/RAD_Pages/AddressAndContactInfo_Page/input_streetAddress2'

2023-07-17 21:26:55 - [TEST_STEP][PASSED] - setText(findTestObject(orPath_AddressContact + "/input_city"), City): Text 'Severn' is set on object 'Object Repository/RAD_Pages/AddressAndContactInfo_Page/input_city'

2023-07-17 21:26:56 - [MESSAGE][PASSED] - Text 'Severn' is set on object 'Object Repository/RAD_Pages/AddressAndContactInfo_Page/input_city'

2023-07-17 21:26:56 - [TEST_STEP][PASSED] - selectOptionByLabel(findTestObject(orPath_AddressContact + "/select_State"), "Maryland", false): All options with label 'Maryland' are selected in object 'Object Repository/RAD_Pages/AddressAndContactInfo_Page/select_State' 

2023-07-17 21:26:56 - [MESSAGE][PASSED] - All options with label 'Maryland' are selected in object 'Object Repository/RAD_Pages/AddressAndContactInfo_Page/select_State' 

2023-07-17 21:26:56 - [TEST_STEP][PASSED] - setText(findTestObject(orPath_AddressContact + "/input_zipCode"), ZIP): Text '21144' is set on object 'Object Repository/RAD_Pages/AddressAndContactInfo_Page/input_zipCode'

2023-07-17 21:26:57 - [MESSAGE][PASSED] - Text '21144' is set on object 'Object Repository/RAD_Pages/AddressAndContactInfo_Page/input_zipCode'

2023-07-17 21:26:57 - [TEST_STEP][PASSED] - setText(findTestObject(orPath_AddressContact + "/input_phoneNumber"), "(703) 894-5000"): Text '(703) 894-5000' is set on object 'Object Repository/RAD_Pages/AddressAndContactInfo_Page/input_phoneNumber'

2023-07-17 21:26:58 - [MESSAGE][PASSED] - Text '(703) 894-5000' is set on object 'Object Repository/RAD_Pages/AddressAndContactInfo_Page/input_phoneNumber'

2023-07-17 21:26:58 - [TEST_STEP][PASSED] - setText(findTestObject(orPath_AddressContact + "/input_eMailAddress"), "iahmed@govolution.com"): Text 'iahmed@govolution.com' is set on object 'Object Repository/RAD_Pages/AddressAndContactInfo_Page/input_eMailAddress'

2023-07-17 21:26:58 - [MESSAGE][PASSED] - Text 'iahmed@govolution.com' is set on object 'Object Repository/RAD_Pages/AddressAndContactInfo_Page/input_eMailAddress'

2023-07-17 21:26:58 - [TEST_STEP][PASSED] - setText(findTestObject(orPath_AddressContact + "/input_reEnterEMailAddress"), "iahmed@govolution.com"): Text 'iahmed@govolution.com' is set on object 'Object Repository/RAD_Pages/AddressAndContactInfo_Page/input_reEnterEMailAddress'

2023-07-17 21:26:59 - [MESSAGE][PASSED] - Text 'iahmed@govolution.com' is set on object 'Object Repository/RAD_Pages/AddressAndContactInfo_Page/input_reEnterEMailAddress'

2023-07-17 21:26:59 - [TEST_STEP][PASSED] - setText(findTestObject(orPath_Amount + "/input__paymentAmount"), Amount): Text '100.00' is set on object 'Object Repository/RAD_Pages/PaymentAmount_Page/input__paymentAmount'

2023-07-17 21:27:00 - [MESSAGE][PASSED] - Text '100.00' is set on object 'Object Repository/RAD_Pages/PaymentAmount_Page/input__paymentAmount'

2023-07-17 21:27:00 - [TEST_STEP][PASSED] - scrollToElement(findTestObject(orPath_Landing + "/button_Continue"), 3): Scroll to object 'Object Repository/RAD_Pages/Landing_Page/button_Continue' successfully

2023-07-17 21:27:00 - [MESSAGE][PASSED] - Scroll to object 'Object Repository/RAD_Pages/Landing_Page/button_Continue' successfully

2023-07-17 21:27:00 - [TEST_STEP][PASSED] - waitForElementClickable(findTestObject(orPath_Landing + "/button_Continue"), 5): Object 'Object Repository/RAD_Pages/Landing_Page/button_Continue' is clickable

2023-07-17 21:27:01 - [MESSAGE][PASSED] - Object 'Object Repository/RAD_Pages/Landing_Page/button_Continue' is clickable

2023-07-17 21:27:01 - [TEST_STEP][PASSED] - click(findTestObject(orPath_Landing + "/button_Continue")): Object: 'Object Repository/RAD_Pages/Landing_Page/button_Continue' is clicked on

2023-07-17 21:27:01 - [MESSAGE][PASSED] - Object: 'Object Repository/RAD_Pages/Landing_Page/button_Continue' is clicked on

2023-07-17 21:27:01 - [TEST_STEP][PASSED] - verifyTextPresent("Review the information below and make any necessary corrections by clicking the", true): Text 'Review the information below and make any necessary corrections by clicking the' is present on page  using regular expression

2023-07-17 21:27:02 - [MESSAGE][PASSED] - Text 'Review the information below and make any necessary corrections by clicking the' is present on page  using regular expression

2023-07-17 21:27:02 - [TEST_STEP][PASSED] - verifyTextPresent("When you are confident that all the information is correct", true): Text 'When you are confident that all the information is correct' is present on page  using regular expression

2023-07-17 21:27:03 - [MESSAGE][PASSED] - Text 'When you are confident that all the information is correct' is present on page  using regular expression

2023-07-17 21:27:03 - [TEST_STEP][PASSED] - delay(1): Delayed 1 second(s)

2023-07-17 21:27:04 - [MESSAGE][PASSED] - Delayed 1 second(s)

2023-07-17 21:27:04 - [TEST_STEP][PASSED] - click(findTestObject(orPath_Summary + "/button_Proceed to Payment")): Object: 'Object Repository/RAD_Pages/Summary_Page/button_Proceed to Payment' is clicked on

2023-07-17 21:27:05 - [MESSAGE][PASSED] - Object: 'Object Repository/RAD_Pages/Summary_Page/button_Proceed to Payment' is clicked on

2023-07-17 21:27:05 - [TEST_STEP][PASSED] - if (PaymentType.equalsIgnoreCase("Corporate")): null

2023-07-17 21:27:05 - [TEST_STEP][PASSED] - setText(findTestObject(orPath_PaymentEntry + "/input__cardNumber"), CCNumber): Text '5146312200000035' is set on object 'Object Repository/RAD_Pages/PaymentEntry_Page/input__cardNumber'

2023-07-17 21:27:06 - [MESSAGE][PASSED] - Text '5146312200000035' is set on object 'Object Repository/RAD_Pages/PaymentEntry_Page/input__cardNumber'

2023-07-17 21:27:06 - [TEST_STEP][PASSED] - setText(findTestObject(orPath_PaymentEntry + "/input__spc"), CVV): Text '123' is set on object 'Object Repository/RAD_Pages/PaymentEntry_Page/input__spc'

2023-07-17 21:27:07 - [MESSAGE][PASSED] - Text '123' is set on object 'Object Repository/RAD_Pages/PaymentEntry_Page/input__spc'

2023-07-17 21:27:07 - [TEST_STEP][PASSED] - selectOptionByLabel(findTestObject(orPath_PaymentEntry + "/select_MM"), "12", false): All options with label '12' are selected in object 'Object Repository/RAD_Pages/PaymentEntry_Page/select_MM' 

2023-07-17 21:27:07 - [MESSAGE][PASSED] - All options with label '12' are selected in object 'Object Repository/RAD_Pages/PaymentEntry_Page/select_MM' 

2023-07-17 21:27:07 - [TEST_STEP][PASSED] - selectOptionByLabel(findTestObject(orPath_PaymentEntry + "/select_YYYY"), "2023", false): All options with label '2023' are selected in object 'Object Repository/RAD_Pages/PaymentEntry_Page/select_YYYY' 

2023-07-17 21:27:08 - [MESSAGE][PASSED] - All options with label '2023' are selected in object 'Object Repository/RAD_Pages/PaymentEntry_Page/select_YYYY' 

2023-07-17 21:27:08 - [TEST_STEP][PASSED] - click(findTestObject(orPath_PaymentEntry + "/input_Field_ccSubmit")): Object: 'Object Repository/RAD_Pages/PaymentEntry_Page/input_Field_ccSubmit' is clicked on

2023-07-17 21:27:09 - [MESSAGE][PASSED] - Object: 'Object Repository/RAD_Pages/PaymentEntry_Page/input_Field_ccSubmit' is clicked on

2023-07-17 21:27:09 - [TEST_STEP][PASSED] - click(findTestObject(orPath_PaymentConfirmation + "/input_N_confirmNotifyAction")): Object: 'Object Repository/RAD_Pages/PaymentConfirmation_Page/input_N_confirmNotifyAction' is clicked on

2023-07-17 21:27:10 - [MESSAGE][PASSED] - Object: 'Object Repository/RAD_Pages/PaymentConfirmation_Page/input_N_confirmNotifyAction' is clicked on

2023-07-17 21:27:10 - [TEST_STEP][PASSED] - click(findTestObject(orPath_ServiceFeesAccept + "/input_convFeeNotifyAction")): Object: 'Object Repository/RAD_Pages/ServiceFeeAccept_Page/input_convFeeNotifyAction' is clicked on

2023-07-17 21:27:11 - [MESSAGE][PASSED] - Object: 'Object Repository/RAD_Pages/ServiceFeeAccept_Page/input_convFeeNotifyAction' is clicked on

2023-07-17 21:27:11 - [TEST_STEP][PASSED] - delay(10): Delayed 10 second(s)

2023-07-17 21:27:21 - [MESSAGE][PASSED] - Delayed 10 second(s)

2023-07-17 21:27:21 - [TEST_STEP][PASSED] - verifyTextPresent("Successful Payment Receipt", true): Text 'Successful Payment Receipt' is present on page  using regular expression

2023-07-17 21:27:21 - [MESSAGE][PASSED] - Text 'Successful Payment Receipt' is present on page  using regular expression

2023-07-17 21:27:21 - [TEST_STEP][PASSED] - if (verifyTextPresent("Successful Payment Receipt", true)): null

2023-07-17 21:27:21 - [MESSAGE][PASSED] - Text 'Successful Payment Receipt' is present on page  using regular expression

2023-07-17 21:27:21 - [TEST_STEP][PASSED] - println("Transaction was Successful"): null

2023-07-17 21:27:21 - [TEST_STEP][PASSED] - out.println("Pass Record Number: " + row): null

2023-07-17 21:27:21 - [TEST_STEP][PASSED] - resText = "Pass": null

2023-07-17 21:27:21 - [TEST_STEP][PASSED] - pages.WriteExcel.demoKey(resText, datText, resColumn, datCloumn, fileLoc, nameSheet, row): pages.WriteExcel.demoKey is PASSED

2023-07-17 21:27:21 - [MESSAGE][PASSED] - pages.WriteExcel.demoKey is PASSED]]></system-out>
         <system-err><![CDATA[]]></system-err>
      </testcase>
      <testcase name="Test Cases/RAD_TestCases/PaymentsHardCoded/Payments_ExistingLiability_HC_TC" time="172.64" classname="Test Cases/RAD_TestCases/PaymentsHardCoded/Payments_ExistingLiability_HC_TC" status="PASSED">
         <system-out><![CDATA[2023-07-17 21:27:21 - [TEST_CASE][PASSED] - Test Cases/RAD_TestCases/PaymentsHardCoded/Payments_ExistingLiability_HC_TC: Test Cases/RAD_TestCases/PaymentsHardCoded/Payments_ExistingLiability_HC_TC

2023-07-17 21:27:22 - [TEST_STEP][PASSED] - resText = "Fail": null

2023-07-17 21:27:22 - [TEST_STEP][PASSED] - resColumn = "Result": null

2023-07-17 21:27:22 - [TEST_STEP][PASSED] - datCloumn = "Date": null

2023-07-17 21:27:22 - [TEST_STEP][PASSED] - fileLoc = "KatalonData/RADTestData/PaymentsELHardCoded.xlsx": null

2023-07-17 21:27:22 - [TEST_STEP][PASSED] - nameSheet = "Sheet1": null

2023-07-17 21:27:22 - [TEST_STEP][PASSED] - dataFile = "RADTestData/PaymentsELHardCoded": null

2023-07-17 21:27:22 - [TEST_STEP][PASSED] - ExecuteTC = <not implemented yet for class: org.codehaus.groovy.ast.expr.EmptyExpression>: null

2023-07-17 21:27:22 - [TEST_STEP][PASSED] - Taxtype = <not implemented yet for class: org.codehaus.groovy.ast.expr.EmptyExpression>: null

2023-07-17 21:27:22 - [TEST_STEP][PASSED] - TaxTypeEL = <not implemented yet for class: org.codehaus.groovy.ast.expr.EmptyExpression>: null

2023-07-17 21:27:22 - [TEST_STEP][PASSED] - FName = <not implemented yet for class: org.codehaus.groovy.ast.expr.EmptyExpression>: null

2023-07-17 21:27:22 - [TEST_STEP][PASSED] - LName = <not implemented yet for class: org.codehaus.groovy.ast.expr.EmptyExpression>: null

2023-07-17 21:27:22 - [TEST_STEP][PASSED] - AL1 = <not implemented yet for class: org.codehaus.groovy.ast.expr.EmptyExpression>: null

2023-07-17 21:27:22 - [TEST_STEP][PASSED] - City = <not implemented yet for class: org.codehaus.groovy.ast.expr.EmptyExpression>: null

2023-07-17 21:27:22 - [TEST_STEP][PASSED] - ZIP = <not implemented yet for class: org.codehaus.groovy.ast.expr.EmptyExpression>: null

2023-07-17 21:27:22 - [TEST_STEP][PASSED] - Amount = <not implemented yet for class: org.codehaus.groovy.ast.expr.EmptyExpression>: null

2023-07-17 21:27:22 - [TEST_STEP][PASSED] - CCNumber = <not implemented yet for class: org.codehaus.groovy.ast.expr.EmptyExpression>: null

2023-07-17 21:27:22 - [TEST_STEP][PASSED] - CVV = <not implemented yet for class: org.codehaus.groovy.ast.expr.EmptyExpression>: null

2023-07-17 21:27:22 - [TEST_STEP][PASSED] - SSN = <not implemented yet for class: org.codehaus.groovy.ast.expr.EmptyExpression>: null

2023-07-17 21:27:22 - [TEST_STEP][PASSED] - FilingYear = <not implemented yet for class: org.codehaus.groovy.ast.expr.EmptyExpression>: null

2023-07-17 21:27:22 - [TEST_STEP][PASSED] - FEIN = <not implemented yet for class: org.codehaus.groovy.ast.expr.EmptyExpression>: null

2023-07-17 21:27:22 - [TEST_STEP][PASSED] - businessName = <not implemented yet for class: org.codehaus.groovy.ast.expr.EmptyExpression>: null

2023-07-17 21:27:22 - [TEST_STEP][PASSED] - notInvNumber = <not implemented yet for class: org.codehaus.groovy.ast.expr.EmptyExpression>: null

2023-07-17 21:27:22 - [TEST_STEP][PASSED] - rand = new java.util.Random(): null

2023-07-17 21:27:22 - [TEST_STEP][PASSED] - numOfRows = findTestData(dataFile).getRowNumbers(): null

2023-07-17 21:27:22 - [TEST_STEP][PASSED] - println("Number of Records: " + numOfRows): null

2023-07-17 21:27:22 - [TEST_STEP][PASSED] - for ([row = 1, row <= numOfRows, (row++)]): null

2023-07-17 21:27:22 - [TEST_STEP][PASSED] - ExecuteTC = findTestData(dataFile).getValue("Execute", row): null

2023-07-17 21:27:22 - [TEST_STEP][PASSED] - Taxtype = findTestData(dataFile).getValue("TaxType", row): null

2023-07-17 21:27:22 - [TEST_STEP][PASSED] - TaxTypeEL = findTestData(dataFile).getValue("TaxTypeEL", row): null

2023-07-17 21:27:22 - [TEST_STEP][PASSED] - FName = findTestData(dataFile).getValue("Fname", row): null

2023-07-17 21:27:22 - [TEST_STEP][PASSED] - LName = findTestData(dataFile).getValue("Lname", row): null

2023-07-17 21:27:22 - [TEST_STEP][PASSED] - AL1 = findTestData(dataFile).getValue("AL1", row): null

2023-07-17 21:27:22 - [TEST_STEP][PASSED] - City = findTestData(dataFile).getValue("City", row): null

2023-07-17 21:27:22 - [TEST_STEP][PASSED] - ZIP = findTestData(dataFile).getValue("ZIP", row): null

2023-07-17 21:27:22 - [TEST_STEP][PASSED] - Amount = findTestData(dataFile).getValue("Amount", row): null

2023-07-17 21:27:22 - [TEST_STEP][PASSED] - CCNumber = findTestData(dataFile).getValue("CCNumber", row): null

2023-07-17 21:27:22 - [TEST_STEP][PASSED] - CVV = findTestData(dataFile).getValue("CVV", row): null

2023-07-17 21:27:22 - [TEST_STEP][PASSED] - SSN = findTestData(dataFile).getValue("SSN", row): null

2023-07-17 21:27:23 - [TEST_STEP][PASSED] - notInvNumber = findTestData(dataFile).getValue("NotiInvoNumber", row): null

2023-07-17 21:27:23 - [TEST_STEP][PASSED] - businessName = findTestData(dataFile).getValue("BusName", row): null

2023-07-17 21:27:23 - [TEST_STEP][PASSED] - out.println("Value of Execute is : " + ExecuteTC): null

2023-07-17 21:27:23 - [TEST_STEP][PASSED] - if (ExecuteTC.equalsIgnoreCase("Y")): null

2023-07-17 21:27:23 - [TEST_STEP][PASSED] - ExecuteTC = findTestData(dataFile).getValue("Execute", row): null

2023-07-17 21:27:23 - [TEST_STEP][PASSED] - Taxtype = findTestData(dataFile).getValue("TaxType", row): null

2023-07-17 21:27:23 - [TEST_STEP][PASSED] - TaxTypeEL = findTestData(dataFile).getValue("TaxTypeEL", row): null

2023-07-17 21:27:23 - [TEST_STEP][PASSED] - FName = findTestData(dataFile).getValue("Fname", row): null

2023-07-17 21:27:23 - [TEST_STEP][PASSED] - LName = findTestData(dataFile).getValue("Lname", row): null

2023-07-17 21:27:23 - [TEST_STEP][PASSED] - AL1 = findTestData(dataFile).getValue("AL1", row): null

2023-07-17 21:27:23 - [TEST_STEP][PASSED] - City = findTestData(dataFile).getValue("City", row): null

2023-07-17 21:27:23 - [TEST_STEP][PASSED] - ZIP = findTestData(dataFile).getValue("ZIP", row): null

2023-07-17 21:27:23 - [TEST_STEP][PASSED] - Amount = findTestData(dataFile).getValue("Amount", row): null

2023-07-17 21:27:23 - [TEST_STEP][PASSED] - CCNumber = findTestData(dataFile).getValue("CCNumber", row): null

2023-07-17 21:27:23 - [TEST_STEP][PASSED] - CVV = findTestData(dataFile).getValue("CVV", row): null

2023-07-17 21:27:23 - [TEST_STEP][PASSED] - SSN = findTestData(dataFile).getValue("SSN", row): null

2023-07-17 21:27:23 - [TEST_STEP][PASSED] - notInvNumber = findTestData(dataFile).getValue("NotiInvoNumber", row): null

2023-07-17 21:27:23 - [TEST_STEP][PASSED] - businessName = findTestData(dataFile).getValue("BusName", row): null

2023-07-17 21:27:23 - [TEST_STEP][PASSED] - out.println("Value of Execute is : " + ExecuteTC): null

2023-07-17 21:27:23 - [TEST_STEP][PASSED] - if (ExecuteTC.equalsIgnoreCase("Y")): null

2023-07-17 21:27:23 - [TEST_STEP][PASSED] - ExecuteTC = findTestData(dataFile).getValue("Execute", row): null

2023-07-17 21:27:23 - [TEST_STEP][PASSED] - Taxtype = findTestData(dataFile).getValue("TaxType", row): null

2023-07-17 21:27:23 - [TEST_STEP][PASSED] - TaxTypeEL = findTestData(dataFile).getValue("TaxTypeEL", row): null

2023-07-17 21:27:23 - [TEST_STEP][PASSED] - FName = findTestData(dataFile).getValue("Fname", row): null

2023-07-17 21:27:23 - [TEST_STEP][PASSED] - LName = findTestData(dataFile).getValue("Lname", row): null

2023-07-17 21:27:23 - [TEST_STEP][PASSED] - AL1 = findTestData(dataFile).getValue("AL1", row): null

2023-07-17 21:27:23 - [TEST_STEP][PASSED] - City = findTestData(dataFile).getValue("City", row): null

2023-07-17 21:27:23 - [TEST_STEP][PASSED] - ZIP = findTestData(dataFile).getValue("ZIP", row): null

2023-07-17 21:27:23 - [TEST_STEP][PASSED] - Amount = findTestData(dataFile).getValue("Amount", row): null

2023-07-17 21:27:23 - [TEST_STEP][PASSED] - CCNumber = findTestData(dataFile).getValue("CCNumber", row): null

2023-07-17 21:27:23 - [TEST_STEP][PASSED] - CVV = findTestData(dataFile).getValue("CVV", row): null

2023-07-17 21:27:24 - [TEST_STEP][PASSED] - SSN = findTestData(dataFile).getValue("SSN", row): null

2023-07-17 21:27:24 - [TEST_STEP][PASSED] - notInvNumber = findTestData(dataFile).getValue("NotiInvoNumber", row): null

2023-07-17 21:27:24 - [TEST_STEP][PASSED] - businessName = findTestData(dataFile).getValue("BusName", row): null

2023-07-17 21:27:24 - [TEST_STEP][PASSED] - out.println("Value of Execute is : " + ExecuteTC): null

2023-07-17 21:27:24 - [TEST_STEP][PASSED] - if (ExecuteTC.equalsIgnoreCase("Y")): null

2023-07-17 21:27:24 - [TEST_STEP][PASSED] - ExecuteTC = findTestData(dataFile).getValue("Execute", row): null

2023-07-17 21:27:24 - [TEST_STEP][PASSED] - Taxtype = findTestData(dataFile).getValue("TaxType", row): null

2023-07-17 21:27:24 - [TEST_STEP][PASSED] - TaxTypeEL = findTestData(dataFile).getValue("TaxTypeEL", row): null

2023-07-17 21:27:24 - [TEST_STEP][PASSED] - FName = findTestData(dataFile).getValue("Fname", row): null

2023-07-17 21:27:24 - [TEST_STEP][PASSED] - LName = findTestData(dataFile).getValue("Lname", row): null

2023-07-17 21:27:24 - [TEST_STEP][PASSED] - AL1 = findTestData(dataFile).getValue("AL1", row): null

2023-07-17 21:27:24 - [TEST_STEP][PASSED] - City = findTestData(dataFile).getValue("City", row): null

2023-07-17 21:27:24 - [TEST_STEP][PASSED] - ZIP = findTestData(dataFile).getValue("ZIP", row): null

2023-07-17 21:27:24 - [TEST_STEP][PASSED] - Amount = findTestData(dataFile).getValue("Amount", row): null

2023-07-17 21:27:24 - [TEST_STEP][PASSED] - CCNumber = findTestData(dataFile).getValue("CCNumber", row): null

2023-07-17 21:27:24 - [TEST_STEP][PASSED] - CVV = findTestData(dataFile).getValue("CVV", row): null

2023-07-17 21:27:24 - [TEST_STEP][PASSED] - SSN = findTestData(dataFile).getValue("SSN", row): null

2023-07-17 21:27:24 - [TEST_STEP][PASSED] - notInvNumber = findTestData(dataFile).getValue("NotiInvoNumber", row): null

2023-07-17 21:27:24 - [TEST_STEP][PASSED] - businessName = findTestData(dataFile).getValue("BusName", row): null

2023-07-17 21:27:24 - [TEST_STEP][PASSED] - out.println("Value of Execute is : " + ExecuteTC): null

2023-07-17 21:27:24 - [TEST_STEP][PASSED] - if (ExecuteTC.equalsIgnoreCase("Y")): null

2023-07-17 21:27:24 - [TEST_STEP][PASSED] - out.println("Begin Record Number: " + row): null

2023-07-17 21:27:24 - [TEST_STEP][PASSED] - today = new java.util.Date(): null

2023-07-17 21:27:24 - [TEST_STEP][PASSED] - println(today): null

2023-07-17 21:27:24 - [TEST_STEP][PASSED] - datText = today: null

2023-07-17 21:27:24 - [TEST_STEP][PASSED] - Taxtype = findTestData(dataFile).getValue("TaxType", row): null

2023-07-17 21:27:24 - [TEST_STEP][PASSED] - out.println("Taxtype value is : " + Taxtype): null

2023-07-17 21:27:24 - [TEST_STEP][PASSED] - openBrowser(""): Browser is opened with url: ''

2023-07-17 21:27:24 - [MESSAGE][WARNING] - A browser is already opened. Closing browser and opening a new one

2023-07-17 21:27:25 - [MESSAGE][INFO] - Starting 'Chrome' driver

2023-07-17 21:27:25 - [MESSAGE][INFO] - User set preference: ['acceptInsecureCerts', 'true']

2023-07-17 21:27:25 - [MESSAGE][INFO] - Action delay is set to 0 milliseconds

2023-07-17 21:27:27 - [MESSAGE][PASSED] - Browser is opened with url: ''

2023-07-17 21:27:27 - [TEST_STEP][PASSED] - maximizeWindow(): Current window maximized

2023-07-17 21:27:27 - [MESSAGE][PASSED] - Current window maximized

2023-07-17 21:27:27 - [TEST_STEP][PASSED] - navigateToUrl(RADurl): Navigate to 'https://qa.velocitypayment.com/client/rad/index.html' successfully

2023-07-17 21:27:28 - [MESSAGE][PASSED] - Navigate to 'https://qa.velocitypayment.com/client/rad/index.html' successfully

2023-07-17 21:27:28 - [TEST_STEP][PASSED] - orPath_Landing = "Object Repository/RAD_Pages/Landing_Page": null

2023-07-17 21:27:28 - [TEST_STEP][PASSED] - orPath_TaxTypeFilingYear = "Object Repository/RAD_Pages/TaxTypeFilingYear_Page": null

2023-07-17 21:27:28 - [TEST_STEP][PASSED] - orPath_TaxPayer = "Object Repository/RAD_Pages/Taxpayer_Page": null

2023-07-17 21:27:28 - [TEST_STEP][PASSED] - orPath_AddressContact = "Object Repository/RAD_Pages/AddressAndContactInfo_Page": null

2023-07-17 21:27:28 - [TEST_STEP][PASSED] - orPath_FilingStatus = "Object Repository/RAD_Pages/FilingStatus_Page": null

2023-07-17 21:27:28 - [TEST_STEP][PASSED] - orPath_Amount = "Object Repository/RAD_Pages/PaymentAmount_Page": null

2023-07-17 21:27:28 - [TEST_STEP][PASSED] - orPath_TaxInfo = "Object Repository/RAD_Pages/TaxInfo_Page": null

2023-07-17 21:27:28 - [TEST_STEP][PASSED] - orPath_Withholding = "Object Repository/RAD_Pages/Withholding_Page": null

2023-07-17 21:27:28 - [TEST_STEP][PASSED] - orPath_Summary = "Object Repository/RAD_Pages/Summary_Page": null

2023-07-17 21:27:28 - [TEST_STEP][PASSED] - orPath_PaymentReady = "Object Repository/RAD_Pages/PaymentReady_Page": null

2023-07-17 21:27:28 - [TEST_STEP][PASSED] - orPath_PaymentEntry = "Object Repository/RAD_Pages/PaymentEntry_Page": null

2023-07-17 21:27:28 - [TEST_STEP][PASSED] - orPath_PaymentConfirmation = "Object Repository/RAD_Pages/PaymentConfirmation_Page": null

2023-07-17 21:27:28 - [TEST_STEP][PASSED] - orPath_ServiceFeesAccept = "Object Repository/RAD_Pages/ServiceFeeAccept_Page": null

2023-07-17 21:27:28 - [TEST_STEP][PASSED] - selectOptionByLabel(findTestObject(orPath_Landing + "/dd_TaxType"), Taxtype, false): All options with label 'Existing Liability' are selected in object 'Object Repository/RAD_Pages/Landing_Page/dd_TaxType' 

2023-07-17 21:27:29 - [MESSAGE][PASSED] - All options with label 'Existing Liability' are selected in object 'Object Repository/RAD_Pages/Landing_Page/dd_TaxType' 

2023-07-17 21:27:29 - [TEST_STEP][PASSED] - delay(1): Delayed 1 second(s)

2023-07-17 21:27:30 - [MESSAGE][PASSED] - Delayed 1 second(s)

2023-07-17 21:27:30 - [TEST_STEP][PASSED] - selectOptionByLabel(findTestObject(orPath_TaxTypeFilingYear + "/select_TaxType_ExistingLiability"), TaxTypeEL, false): All options with label 'Fiduciary Tax' are selected in object 'Object Repository/RAD_Pages/TaxTypeFilingYear_Page/select_TaxType_ExistingLiability' 

2023-07-17 21:27:31 - [MESSAGE][PASSED] - All options with label 'Fiduciary Tax' are selected in object 'Object Repository/RAD_Pages/TaxTypeFilingYear_Page/select_TaxType_ExistingLiability' 

2023-07-17 21:27:31 - [TEST_STEP][PASSED] - if (TaxTypeEL.equalsIgnoreCase("Fiduciary Tax") || TaxTypeEL.equalsIgnoreCase("Personal Tax")): Text 'Sr' is set on object 'Object Repository/RAD_Pages/Taxpayer_Page/input_suffix'

2023-07-17 21:27:31 - [TEST_STEP][PASSED] - setText(findTestObject(orPath_TaxPayer + "/input_firstName"), FName): Text 'Jason' is set on object 'Object Repository/RAD_Pages/Taxpayer_Page/input_firstName'

2023-07-17 21:27:31 - [MESSAGE][PASSED] - Text 'Jason' is set on object 'Object Repository/RAD_Pages/Taxpayer_Page/input_firstName'

2023-07-17 21:27:31 - [TEST_STEP][PASSED] - setText(findTestObject(orPath_TaxPayer + "/input_lastName"), LName): Text 'Cook' is set on object 'Object Repository/RAD_Pages/Taxpayer_Page/input_lastName'

2023-07-17 21:27:32 - [MESSAGE][PASSED] - Text 'Cook' is set on object 'Object Repository/RAD_Pages/Taxpayer_Page/input_lastName'

2023-07-17 21:27:32 - [TEST_STEP][PASSED] - setText(findTestObject(orPath_TaxPayer + "/input_middleName"), "Johns"): Text 'Johns' is set on object 'Object Repository/RAD_Pages/Taxpayer_Page/input_middleName'

2023-07-17 21:27:33 - [MESSAGE][PASSED] - Text 'Johns' is set on object 'Object Repository/RAD_Pages/Taxpayer_Page/input_middleName'

2023-07-17 21:27:33 - [TEST_STEP][PASSED] - setText(findTestObject(orPath_TaxPayer + "/input_suffix"), "Sr"): Text 'Sr' is set on object 'Object Repository/RAD_Pages/Taxpayer_Page/input_suffix'

2023-07-17 21:27:33 - [MESSAGE][PASSED] - Text 'Sr' is set on object 'Object Repository/RAD_Pages/Taxpayer_Page/input_suffix'

2023-07-17 21:27:33 - [TEST_STEP][PASSED] - selectOptionByLabel(findTestObject(orPath_AddressContact + "/select_Country"), "United States", false): All options with label 'United States' are selected in object 'Object Repository/RAD_Pages/AddressAndContactInfo_Page/select_Country' 

2023-07-17 21:27:34 - [MESSAGE][PASSED] - All options with label 'United States' are selected in object 'Object Repository/RAD_Pages/AddressAndContactInfo_Page/select_Country' 

2023-07-17 21:27:34 - [TEST_STEP][PASSED] - setText(findTestObject(orPath_AddressContact + "/input_streetAddress1"), AL1): Text '1501 Mandan Terrace' is set on object 'Object Repository/RAD_Pages/AddressAndContactInfo_Page/input_streetAddress1'

2023-07-17 21:27:35 - [MESSAGE][PASSED] - Text '1501 Mandan Terrace' is set on object 'Object Repository/RAD_Pages/AddressAndContactInfo_Page/input_streetAddress1'

2023-07-17 21:27:35 - [TEST_STEP][PASSED] - setText(findTestObject(orPath_AddressContact + "/input_streetAddress2"), ""): Text '' is set on object 'Object Repository/RAD_Pages/AddressAndContactInfo_Page/input_streetAddress2'

2023-07-17 21:27:35 - [MESSAGE][PASSED] - Text '' is set on object 'Object Repository/RAD_Pages/AddressAndContactInfo_Page/input_streetAddress2'

2023-07-17 21:27:35 - [TEST_STEP][PASSED] - setText(findTestObject(orPath_AddressContact + "/input_city"), City): Text 'Bowie' is set on object 'Object Repository/RAD_Pages/AddressAndContactInfo_Page/input_city'

2023-07-17 21:27:36 - [MESSAGE][PASSED] - Text 'Bowie' is set on object 'Object Repository/RAD_Pages/AddressAndContactInfo_Page/input_city'

2023-07-17 21:27:36 - [TEST_STEP][PASSED] - selectOptionByLabel(findTestObject(orPath_AddressContact + "/select_State"), "Maryland", false): All options with label 'Maryland' are selected in object 'Object Repository/RAD_Pages/AddressAndContactInfo_Page/select_State' 

2023-07-17 21:27:37 - [MESSAGE][PASSED] - All options with label 'Maryland' are selected in object 'Object Repository/RAD_Pages/AddressAndContactInfo_Page/select_State' 

2023-07-17 21:27:37 - [TEST_STEP][PASSED] - setText(findTestObject(orPath_AddressContact + "/input_zipCode"), ZIP): Text '20720' is set on object 'Object Repository/RAD_Pages/AddressAndContactInfo_Page/input_zipCode'

2023-07-17 21:27:38 - [MESSAGE][PASSED] - Text '20720' is set on object 'Object Repository/RAD_Pages/AddressAndContactInfo_Page/input_zipCode'

2023-07-17 21:27:38 - [TEST_STEP][PASSED] - setText(findTestObject(orPath_AddressContact + "/input_phoneNumber"), "(703) 894-5000"): Text '(703) 894-5000' is set on object 'Object Repository/RAD_Pages/AddressAndContactInfo_Page/input_phoneNumber'

2023-07-17 21:27:38 - [MESSAGE][PASSED] - Text '(703) 894-5000' is set on object 'Object Repository/RAD_Pages/AddressAndContactInfo_Page/input_phoneNumber'

2023-07-17 21:27:38 - [TEST_STEP][PASSED] - setText(findTestObject(orPath_AddressContact + "/input_eMailAddress"), "iahmed@govolution.com"): Text 'iahmed@govolution.com' is set on object 'Object Repository/RAD_Pages/AddressAndContactInfo_Page/input_eMailAddress'

2023-07-17 21:27:39 - [MESSAGE][PASSED] - Text 'iahmed@govolution.com' is set on object 'Object Repository/RAD_Pages/AddressAndContactInfo_Page/input_eMailAddress'

2023-07-17 21:27:39 - [TEST_STEP][PASSED] - setText(findTestObject(orPath_AddressContact + "/input_reEnterEMailAddress"), "iahmed@govolution.com"): Text 'iahmed@govolution.com' is set on object 'Object Repository/RAD_Pages/AddressAndContactInfo_Page/input_reEnterEMailAddress'

2023-07-17 21:27:40 - [MESSAGE][PASSED] - Text 'iahmed@govolution.com' is set on object 'Object Repository/RAD_Pages/AddressAndContactInfo_Page/input_reEnterEMailAddress'

2023-07-17 21:27:40 - [TEST_STEP][PASSED] - if (TaxTypeEL.equalsIgnoreCase("Personal Tax")): null

2023-07-17 21:27:40 - [TEST_STEP][PASSED] - scrollToElement(findTestObject(orPath_Amount + "/input__paymentAmount"), 3): Scroll to object 'Object Repository/RAD_Pages/PaymentAmount_Page/input__paymentAmount' successfully

2023-07-17 21:27:40 - [MESSAGE][PASSED] - Scroll to object 'Object Repository/RAD_Pages/PaymentAmount_Page/input__paymentAmount' successfully

2023-07-17 21:27:40 - [TEST_STEP][PASSED] - if (!(TaxTypeEL.equalsIgnoreCase("Personal Tax"))): Text ****** has been set on object 'Object Repository/RAD_Pages/TaxInfo_Page/input_concat(id(, , data, , ))_Data (1)'

2023-07-17 21:27:40 - [TEST_STEP][PASSED] - setEncryptedText(findTestObject("Object Repository/RAD_Pages/TaxInfo_Page/input_concat(id(, , data, , ))_Data"), "RigbBhfdqODKcAsiUrg+1Q=="): Text ****** has been set on object 'Object Repository/RAD_Pages/TaxInfo_Page/input_concat(id(, , data, , ))_Data'

2023-07-17 21:27:41 - [MESSAGE][PASSED] - Text ****** has been set on object 'Object Repository/RAD_Pages/TaxInfo_Page/input_concat(id(, , data, , ))_Data'

2023-07-17 21:27:41 - [TEST_STEP][PASSED] - setEncryptedText(findTestObject("Object Repository/RAD_Pages/TaxInfo_Page/input_concat(id(, , data, , ))_Data (1)"), "RigbBhfdqODKcAsiUrg+1Q=="): Text ****** has been set on object 'Object Repository/RAD_Pages/TaxInfo_Page/input_concat(id(, , data, , ))_Data (1)'

2023-07-17 21:27:42 - [MESSAGE][PASSED] - Text ****** has been set on object 'Object Repository/RAD_Pages/TaxInfo_Page/input_concat(id(, , data, , ))_Data (1)'

2023-07-17 21:27:42 - [TEST_STEP][PASSED] - delay(1): Delayed 1 second(s)

2023-07-17 21:27:43 - [MESSAGE][PASSED] - Delayed 1 second(s)

2023-07-17 21:27:43 - [TEST_STEP][PASSED] - setText(findTestObject(orPath_TaxInfo + "/input_NoticeInvoiceNumber"), notInvNumber): Text '2581471470001' is set on object 'Object Repository/RAD_Pages/TaxInfo_Page/input_NoticeInvoiceNumber'

2023-07-17 21:27:43 - [MESSAGE][PASSED] - Text '2581471470001' is set on object 'Object Repository/RAD_Pages/TaxInfo_Page/input_NoticeInvoiceNumber'

2023-07-17 21:27:43 - [TEST_STEP][PASSED] - setText(findTestObject(orPath_TaxInfo + "/input_reTypeNoticeInvoiceNumber"), notInvNumber): Text '2581471470001' is set on object 'Object Repository/RAD_Pages/TaxInfo_Page/input_reTypeNoticeInvoiceNumber'

2023-07-17 21:27:44 - [MESSAGE][PASSED] - Text '2581471470001' is set on object 'Object Repository/RAD_Pages/TaxInfo_Page/input_reTypeNoticeInvoiceNumber'

2023-07-17 21:27:44 - [TEST_STEP][PASSED] - if (TaxTypeEL.equalsIgnoreCase("Sales & Use Tax") || TaxTypeEL.equalsIgnoreCase("Withholding Tax")): null

2023-07-17 21:27:44 - [TEST_STEP][PASSED] - setText(findTestObject(orPath_Amount + "/input__paymentAmount"), Amount): Text '50.50' is set on object 'Object Repository/RAD_Pages/PaymentAmount_Page/input__paymentAmount'

2023-07-17 21:27:45 - [MESSAGE][PASSED] - Text '50.50' is set on object 'Object Repository/RAD_Pages/PaymentAmount_Page/input__paymentAmount'

2023-07-17 21:27:45 - [TEST_STEP][PASSED] - scrollToElement(findTestObject(orPath_Landing + "/button_Continue"), 3): Scroll to object 'Object Repository/RAD_Pages/Landing_Page/button_Continue' successfully

2023-07-17 21:27:45 - [MESSAGE][PASSED] - Scroll to object 'Object Repository/RAD_Pages/Landing_Page/button_Continue' successfully

2023-07-17 21:27:45 - [TEST_STEP][PASSED] - waitForElementClickable(findTestObject(orPath_Landing + "/button_Continue"), 5): Object 'Object Repository/RAD_Pages/Landing_Page/button_Continue' is clickable

2023-07-17 21:27:46 - [MESSAGE][PASSED] - Object 'Object Repository/RAD_Pages/Landing_Page/button_Continue' is clickable

2023-07-17 21:27:46 - [TEST_STEP][PASSED] - click(findTestObject(orPath_Landing + "/button_Continue")): Object: 'Object Repository/RAD_Pages/Landing_Page/button_Continue' is clicked on

2023-07-17 21:27:46 - [MESSAGE][PASSED] - Object: 'Object Repository/RAD_Pages/Landing_Page/button_Continue' is clicked on

2023-07-17 21:27:46 - [TEST_STEP][PASSED] - verifyTextPresent("Review the information below and make any necessary corrections by clicking the", true): Text 'Review the information below and make any necessary corrections by clicking the' is present on page  using regular expression

2023-07-17 21:27:47 - [MESSAGE][PASSED] - Text 'Review the information below and make any necessary corrections by clicking the' is present on page  using regular expression

2023-07-17 21:27:47 - [TEST_STEP][PASSED] - verifyTextPresent("When you are confident that all the information is correct", true): Text 'When you are confident that all the information is correct' is present on page  using regular expression

2023-07-17 21:27:47 - [MESSAGE][PASSED] - Text 'When you are confident that all the information is correct' is present on page  using regular expression

2023-07-17 21:27:47 - [TEST_STEP][PASSED] - delay(1): Delayed 1 second(s)

2023-07-17 21:27:48 - [MESSAGE][PASSED] - Delayed 1 second(s)

2023-07-17 21:27:48 - [TEST_STEP][PASSED] - click(findTestObject(orPath_PaymentReady + "/button_ProceedtoPayment")): Object: 'Object Repository/RAD_Pages/PaymentReady_Page/button_ProceedtoPayment' is clicked on

2023-07-17 21:27:49 - [MESSAGE][PASSED] - Object: 'Object Repository/RAD_Pages/PaymentReady_Page/button_ProceedtoPayment' is clicked on

2023-07-17 21:27:49 - [TEST_STEP][PASSED] - setText(findTestObject("Object Repository/RAD_Pages/PaymentEntry_Page/input__billingName"), "Anthony Gonzalez"): Text 'Anthony Gonzalez' is set on object 'Object Repository/RAD_Pages/PaymentEntry_Page/input__billingName'

2023-07-17 21:27:50 - [MESSAGE][PASSED] - Text 'Anthony Gonzalez' is set on object 'Object Repository/RAD_Pages/PaymentEntry_Page/input__billingName'

2023-07-17 21:27:50 - [TEST_STEP][PASSED] - setText(findTestObject(orPath_PaymentEntry + "/input__cardNumber"), CCNumber): Text '4012000098765439' is set on object 'Object Repository/RAD_Pages/PaymentEntry_Page/input__cardNumber'

2023-07-17 21:27:51 - [MESSAGE][PASSED] - Text '4012000098765439' is set on object 'Object Repository/RAD_Pages/PaymentEntry_Page/input__cardNumber'

2023-07-17 21:27:51 - [TEST_STEP][PASSED] - setText(findTestObject(orPath_PaymentEntry + "/input__spc"), CVV): Text '123' is set on object 'Object Repository/RAD_Pages/PaymentEntry_Page/input__spc'

2023-07-17 21:27:51 - [MESSAGE][PASSED] - Text '123' is set on object 'Object Repository/RAD_Pages/PaymentEntry_Page/input__spc'

2023-07-17 21:27:51 - [TEST_STEP][PASSED] - selectOptionByLabel(findTestObject(orPath_PaymentEntry + "/select_MM"), "12", false): All options with label '12' are selected in object 'Object Repository/RAD_Pages/PaymentEntry_Page/select_MM' 

2023-07-17 21:27:52 - [MESSAGE][PASSED] - All options with label '12' are selected in object 'Object Repository/RAD_Pages/PaymentEntry_Page/select_MM' 

2023-07-17 21:27:52 - [TEST_STEP][PASSED] - selectOptionByLabel(findTestObject(orPath_PaymentEntry + "/select_YYYY"), "2023", false): All options with label '2023' are selected in object 'Object Repository/RAD_Pages/PaymentEntry_Page/select_YYYY' 

2023-07-17 21:27:53 - [MESSAGE][PASSED] - All options with label '2023' are selected in object 'Object Repository/RAD_Pages/PaymentEntry_Page/select_YYYY' 

2023-07-17 21:27:53 - [TEST_STEP][PASSED] - click(findTestObject(orPath_PaymentEntry + "/input_Field_ccSubmit")): Object: 'Object Repository/RAD_Pages/PaymentEntry_Page/input_Field_ccSubmit' is clicked on

2023-07-17 21:27:54 - [MESSAGE][PASSED] - Object: 'Object Repository/RAD_Pages/PaymentEntry_Page/input_Field_ccSubmit' is clicked on

2023-07-17 21:27:54 - [TEST_STEP][PASSED] - click(findTestObject(orPath_PaymentConfirmation + "/input_N_confirmNotifyAction")): Object: 'Object Repository/RAD_Pages/PaymentConfirmation_Page/input_N_confirmNotifyAction' is clicked on

2023-07-17 21:27:54 - [MESSAGE][PASSED] - Object: 'Object Repository/RAD_Pages/PaymentConfirmation_Page/input_N_confirmNotifyAction' is clicked on

2023-07-17 21:27:54 - [TEST_STEP][PASSED] - click(findTestObject(orPath_ServiceFeesAccept + "/input_convFeeNotifyAction")): Object: 'Object Repository/RAD_Pages/ServiceFeeAccept_Page/input_convFeeNotifyAction' is clicked on

2023-07-17 21:27:56 - [MESSAGE][PASSED] - Object: 'Object Repository/RAD_Pages/ServiceFeeAccept_Page/input_convFeeNotifyAction' is clicked on

2023-07-17 21:27:56 - [TEST_STEP][PASSED] - delay(10): Delayed 10 second(s)

2023-07-17 21:28:06 - [MESSAGE][PASSED] - Delayed 10 second(s)

2023-07-17 21:28:06 - [TEST_STEP][PASSED] - verifyTextPresent("Successful Payment Receipt", true): Text 'Successful Payment Receipt' is present on page  using regular expression

2023-07-17 21:28:06 - [MESSAGE][PASSED] - Text 'Successful Payment Receipt' is present on page  using regular expression

2023-07-17 21:28:06 - [TEST_STEP][PASSED] - if (verifyTextPresent("Successful Payment Receipt", true)): null

2023-07-17 21:28:06 - [MESSAGE][PASSED] - Text 'Successful Payment Receipt' is present on page  using regular expression

2023-07-17 21:28:06 - [TEST_STEP][PASSED] - println("Transaction was Successful"): null

2023-07-17 21:28:06 - [TEST_STEP][PASSED] - out.println("Pass Record Number: " + row): null

2023-07-17 21:28:06 - [TEST_STEP][PASSED] - resText = "Pass": null

2023-07-17 21:28:06 - [TEST_STEP][PASSED] - pages.WriteExcel.demoKey(resText, datText, resColumn, datCloumn, fileLoc, nameSheet, row): pages.WriteExcel.demoKey is PASSED

2023-07-17 21:28:06 - [MESSAGE][PASSED] - pages.WriteExcel.demoKey is PASSED

2023-07-17 21:28:06 - [TEST_STEP][PASSED] - ExecuteTC = findTestData(dataFile).getValue("Execute", row): null

2023-07-17 21:28:06 - [TEST_STEP][PASSED] - Taxtype = findTestData(dataFile).getValue("TaxType", row): null

2023-07-17 21:28:06 - [TEST_STEP][PASSED] - TaxTypeEL = findTestData(dataFile).getValue("TaxTypeEL", row): null

2023-07-17 21:28:06 - [TEST_STEP][PASSED] - FName = findTestData(dataFile).getValue("Fname", row): null

2023-07-17 21:28:06 - [TEST_STEP][PASSED] - LName = findTestData(dataFile).getValue("Lname", row): null

2023-07-17 21:28:06 - [TEST_STEP][PASSED] - AL1 = findTestData(dataFile).getValue("AL1", row): null

2023-07-17 21:28:06 - [TEST_STEP][PASSED] - City = findTestData(dataFile).getValue("City", row): null

2023-07-17 21:28:06 - [TEST_STEP][PASSED] - ZIP = findTestData(dataFile).getValue("ZIP", row): null

2023-07-17 21:28:06 - [TEST_STEP][PASSED] - Amount = findTestData(dataFile).getValue("Amount", row): null

2023-07-17 21:28:06 - [TEST_STEP][PASSED] - CCNumber = findTestData(dataFile).getValue("CCNumber", row): null

2023-07-17 21:28:06 - [TEST_STEP][PASSED] - CVV = findTestData(dataFile).getValue("CVV", row): null

2023-07-17 21:28:07 - [TEST_STEP][PASSED] - SSN = findTestData(dataFile).getValue("SSN", row): null

2023-07-17 21:28:07 - [TEST_STEP][PASSED] - notInvNumber = findTestData(dataFile).getValue("NotiInvoNumber", row): null

2023-07-17 21:28:07 - [TEST_STEP][PASSED] - businessName = findTestData(dataFile).getValue("BusName", row): null

2023-07-17 21:28:07 - [TEST_STEP][PASSED] - out.println("Value of Execute is : " + ExecuteTC): null

2023-07-17 21:28:07 - [TEST_STEP][PASSED] - if (ExecuteTC.equalsIgnoreCase("Y")): null

2023-07-17 21:28:07 - [TEST_STEP][PASSED] - ExecuteTC = findTestData(dataFile).getValue("Execute", row): null

2023-07-17 21:28:07 - [TEST_STEP][PASSED] - Taxtype = findTestData(dataFile).getValue("TaxType", row): null

2023-07-17 21:28:07 - [TEST_STEP][PASSED] - TaxTypeEL = findTestData(dataFile).getValue("TaxTypeEL", row): null

2023-07-17 21:28:07 - [TEST_STEP][PASSED] - FName = findTestData(dataFile).getValue("Fname", row): null

2023-07-17 21:28:07 - [TEST_STEP][PASSED] - LName = findTestData(dataFile).getValue("Lname", row): null

2023-07-17 21:28:07 - [TEST_STEP][PASSED] - AL1 = findTestData(dataFile).getValue("AL1", row): null

2023-07-17 21:28:07 - [TEST_STEP][PASSED] - City = findTestData(dataFile).getValue("City", row): null

2023-07-17 21:28:07 - [TEST_STEP][PASSED] - ZIP = findTestData(dataFile).getValue("ZIP", row): null

2023-07-17 21:28:07 - [TEST_STEP][PASSED] - Amount = findTestData(dataFile).getValue("Amount", row): null

2023-07-17 21:28:07 - [TEST_STEP][PASSED] - CCNumber = findTestData(dataFile).getValue("CCNumber", row): null

2023-07-17 21:28:07 - [TEST_STEP][PASSED] - CVV = findTestData(dataFile).getValue("CVV", row): null

2023-07-17 21:28:07 - [TEST_STEP][PASSED] - SSN = findTestData(dataFile).getValue("SSN", row): null

2023-07-17 21:28:07 - [TEST_STEP][PASSED] - notInvNumber = findTestData(dataFile).getValue("NotiInvoNumber", row): null

2023-07-17 21:28:07 - [TEST_STEP][PASSED] - businessName = findTestData(dataFile).getValue("BusName", row): null

2023-07-17 21:28:07 - [TEST_STEP][PASSED] - out.println("Value of Execute is : " + ExecuteTC): null

2023-07-17 21:28:07 - [TEST_STEP][PASSED] - if (ExecuteTC.equalsIgnoreCase("Y")): null

2023-07-17 21:28:07 - [TEST_STEP][PASSED] - ExecuteTC = findTestData(dataFile).getValue("Execute", row): null

2023-07-17 21:28:07 - [TEST_STEP][PASSED] - Taxtype = findTestData(dataFile).getValue("TaxType", row): null

2023-07-17 21:28:07 - [TEST_STEP][PASSED] - TaxTypeEL = findTestData(dataFile).getValue("TaxTypeEL", row): null

2023-07-17 21:28:07 - [TEST_STEP][PASSED] - FName = findTestData(dataFile).getValue("Fname", row): null

2023-07-17 21:28:07 - [TEST_STEP][PASSED] - LName = findTestData(dataFile).getValue("Lname", row): null

2023-07-17 21:28:07 - [TEST_STEP][PASSED] - AL1 = findTestData(dataFile).getValue("AL1", row): null

2023-07-17 21:28:07 - [TEST_STEP][PASSED] - City = findTestData(dataFile).getValue("City", row): null

2023-07-17 21:28:07 - [TEST_STEP][PASSED] - ZIP = findTestData(dataFile).getValue("ZIP", row): null

2023-07-17 21:28:07 - [TEST_STEP][PASSED] - Amount = findTestData(dataFile).getValue("Amount", row): null

2023-07-17 21:28:07 - [TEST_STEP][PASSED] - CCNumber = findTestData(dataFile).getValue("CCNumber", row): null

2023-07-17 21:28:07 - [TEST_STEP][PASSED] - CVV = findTestData(dataFile).getValue("CVV", row): null

2023-07-17 21:28:08 - [TEST_STEP][PASSED] - SSN = findTestData(dataFile).getValue("SSN", row): null

2023-07-17 21:28:08 - [TEST_STEP][PASSED] - notInvNumber = findTestData(dataFile).getValue("NotiInvoNumber", row): null

2023-07-17 21:28:08 - [TEST_STEP][PASSED] - businessName = findTestData(dataFile).getValue("BusName", row): null

2023-07-17 21:28:08 - [TEST_STEP][PASSED] - out.println("Value of Execute is : " + ExecuteTC): null

2023-07-17 21:28:08 - [TEST_STEP][PASSED] - if (ExecuteTC.equalsIgnoreCase("Y")): null

2023-07-17 21:28:08 - [TEST_STEP][PASSED] - ExecuteTC = findTestData(dataFile).getValue("Execute", row): null

2023-07-17 21:28:08 - [TEST_STEP][PASSED] - Taxtype = findTestData(dataFile).getValue("TaxType", row): null

2023-07-17 21:28:08 - [TEST_STEP][PASSED] - TaxTypeEL = findTestData(dataFile).getValue("TaxTypeEL", row): null

2023-07-17 21:28:08 - [TEST_STEP][PASSED] - FName = findTestData(dataFile).getValue("Fname", row): null

2023-07-17 21:28:08 - [TEST_STEP][PASSED] - LName = findTestData(dataFile).getValue("Lname", row): null

2023-07-17 21:28:08 - [TEST_STEP][PASSED] - AL1 = findTestData(dataFile).getValue("AL1", row): null

2023-07-17 21:28:08 - [TEST_STEP][PASSED] - City = findTestData(dataFile).getValue("City", row): null

2023-07-17 21:28:08 - [TEST_STEP][PASSED] - ZIP = findTestData(dataFile).getValue("ZIP", row): null

2023-07-17 21:28:08 - [TEST_STEP][PASSED] - Amount = findTestData(dataFile).getValue("Amount", row): null

2023-07-17 21:28:08 - [TEST_STEP][PASSED] - CCNumber = findTestData(dataFile).getValue("CCNumber", row): null

2023-07-17 21:28:08 - [TEST_STEP][PASSED] - CVV = findTestData(dataFile).getValue("CVV", row): null

2023-07-17 21:28:08 - [TEST_STEP][PASSED] - SSN = findTestData(dataFile).getValue("SSN", row): null

2023-07-17 21:28:08 - [TEST_STEP][PASSED] - notInvNumber = findTestData(dataFile).getValue("NotiInvoNumber", row): null

2023-07-17 21:28:08 - [TEST_STEP][PASSED] - businessName = findTestData(dataFile).getValue("BusName", row): null

2023-07-17 21:28:08 - [TEST_STEP][PASSED] - out.println("Value of Execute is : " + ExecuteTC): null

2023-07-17 21:28:08 - [TEST_STEP][PASSED] - if (ExecuteTC.equalsIgnoreCase("Y")): null

2023-07-17 21:28:08 - [TEST_STEP][PASSED] - ExecuteTC = findTestData(dataFile).getValue("Execute", row): null

2023-07-17 21:28:08 - [TEST_STEP][PASSED] - Taxtype = findTestData(dataFile).getValue("TaxType", row): null

2023-07-17 21:28:08 - [TEST_STEP][PASSED] - TaxTypeEL = findTestData(dataFile).getValue("TaxTypeEL", row): null

2023-07-17 21:28:08 - [TEST_STEP][PASSED] - FName = findTestData(dataFile).getValue("Fname", row): null

2023-07-17 21:28:08 - [TEST_STEP][PASSED] - LName = findTestData(dataFile).getValue("Lname", row): null

2023-07-17 21:28:08 - [TEST_STEP][PASSED] - AL1 = findTestData(dataFile).getValue("AL1", row): null

2023-07-17 21:28:08 - [TEST_STEP][PASSED] - City = findTestData(dataFile).getValue("City", row): null

2023-07-17 21:28:08 - [TEST_STEP][PASSED] - ZIP = findTestData(dataFile).getValue("ZIP", row): null

2023-07-17 21:28:08 - [TEST_STEP][PASSED] - Amount = findTestData(dataFile).getValue("Amount", row): null

2023-07-17 21:28:08 - [TEST_STEP][PASSED] - CCNumber = findTestData(dataFile).getValue("CCNumber", row): null

2023-07-17 21:28:08 - [TEST_STEP][PASSED] - CVV = findTestData(dataFile).getValue("CVV", row): null

2023-07-17 21:28:08 - [TEST_STEP][PASSED] - SSN = findTestData(dataFile).getValue("SSN", row): null

2023-07-17 21:28:09 - [TEST_STEP][PASSED] - notInvNumber = findTestData(dataFile).getValue("NotiInvoNumber", row): null

2023-07-17 21:28:09 - [TEST_STEP][PASSED] - businessName = findTestData(dataFile).getValue("BusName", row): null

2023-07-17 21:28:09 - [TEST_STEP][PASSED] - out.println("Value of Execute is : " + ExecuteTC): null

2023-07-17 21:28:09 - [TEST_STEP][PASSED] - if (ExecuteTC.equalsIgnoreCase("Y")): null

2023-07-17 21:28:09 - [TEST_STEP][PASSED] - out.println("Begin Record Number: " + row): null

2023-07-17 21:28:09 - [TEST_STEP][PASSED] - today = new java.util.Date(): null

2023-07-17 21:28:09 - [TEST_STEP][PASSED] - println(today): null

2023-07-17 21:28:09 - [TEST_STEP][PASSED] - datText = today: null

2023-07-17 21:28:09 - [TEST_STEP][PASSED] - Taxtype = findTestData(dataFile).getValue("TaxType", row): null

2023-07-17 21:28:09 - [TEST_STEP][PASSED] - out.println("Taxtype value is : " + Taxtype): null

2023-07-17 21:28:09 - [TEST_STEP][PASSED] - openBrowser(""): Browser is opened with url: ''

2023-07-17 21:28:09 - [MESSAGE][WARNING] - A browser is already opened. Closing browser and opening a new one

2023-07-17 21:28:10 - [MESSAGE][INFO] - Starting 'Chrome' driver

2023-07-17 21:28:10 - [MESSAGE][INFO] - User set preference: ['acceptInsecureCerts', 'true']

2023-07-17 21:28:10 - [MESSAGE][INFO] - Action delay is set to 0 milliseconds

2023-07-17 21:28:11 - [MESSAGE][PASSED] - Browser is opened with url: ''

2023-07-17 21:28:11 - [TEST_STEP][PASSED] - maximizeWindow(): Current window maximized

2023-07-17 21:28:11 - [MESSAGE][PASSED] - Current window maximized

2023-07-17 21:28:11 - [TEST_STEP][PASSED] - navigateToUrl(RADurl): Navigate to 'https://qa.velocitypayment.com/client/rad/index.html' successfully

2023-07-17 21:28:14 - [MESSAGE][PASSED] - Navigate to 'https://qa.velocitypayment.com/client/rad/index.html' successfully

2023-07-17 21:28:14 - [TEST_STEP][PASSED] - orPath_Landing = "Object Repository/RAD_Pages/Landing_Page": null

2023-07-17 21:28:14 - [TEST_STEP][PASSED] - orPath_TaxTypeFilingYear = "Object Repository/RAD_Pages/TaxTypeFilingYear_Page": null

2023-07-17 21:28:14 - [TEST_STEP][PASSED] - orPath_TaxPayer = "Object Repository/RAD_Pages/Taxpayer_Page": null

2023-07-17 21:28:14 - [TEST_STEP][PASSED] - orPath_AddressContact = "Object Repository/RAD_Pages/AddressAndContactInfo_Page": null

2023-07-17 21:28:14 - [TEST_STEP][PASSED] - orPath_FilingStatus = "Object Repository/RAD_Pages/FilingStatus_Page": null

2023-07-17 21:28:14 - [TEST_STEP][PASSED] - orPath_Amount = "Object Repository/RAD_Pages/PaymentAmount_Page": null

2023-07-17 21:28:14 - [TEST_STEP][PASSED] - orPath_TaxInfo = "Object Repository/RAD_Pages/TaxInfo_Page": null

2023-07-17 21:28:14 - [TEST_STEP][PASSED] - orPath_Withholding = "Object Repository/RAD_Pages/Withholding_Page": null

2023-07-17 21:28:14 - [TEST_STEP][PASSED] - orPath_Summary = "Object Repository/RAD_Pages/Summary_Page": null

2023-07-17 21:28:14 - [TEST_STEP][PASSED] - orPath_PaymentReady = "Object Repository/RAD_Pages/PaymentReady_Page": null

2023-07-17 21:28:14 - [TEST_STEP][PASSED] - orPath_PaymentEntry = "Object Repository/RAD_Pages/PaymentEntry_Page": null

2023-07-17 21:28:14 - [TEST_STEP][PASSED] - orPath_PaymentConfirmation = "Object Repository/RAD_Pages/PaymentConfirmation_Page": null

2023-07-17 21:28:14 - [TEST_STEP][PASSED] - orPath_ServiceFeesAccept = "Object Repository/RAD_Pages/ServiceFeeAccept_Page": null

2023-07-17 21:28:14 - [TEST_STEP][PASSED] - selectOptionByLabel(findTestObject(orPath_Landing + "/dd_TaxType"), Taxtype, false): All options with label 'Existing Liability' are selected in object 'Object Repository/RAD_Pages/Landing_Page/dd_TaxType' 

2023-07-17 21:28:15 - [MESSAGE][PASSED] - All options with label 'Existing Liability' are selected in object 'Object Repository/RAD_Pages/Landing_Page/dd_TaxType' 

2023-07-17 21:28:15 - [TEST_STEP][PASSED] - delay(1): Delayed 1 second(s)

2023-07-17 21:28:16 - [MESSAGE][PASSED] - Delayed 1 second(s)

2023-07-17 21:28:16 - [TEST_STEP][PASSED] - selectOptionByLabel(findTestObject(orPath_TaxTypeFilingYear + "/select_TaxType_ExistingLiability"), TaxTypeEL, false): All options with label 'Sales & Use Tax' are selected in object 'Object Repository/RAD_Pages/TaxTypeFilingYear_Page/select_TaxType_ExistingLiability' 

2023-07-17 21:28:16 - [MESSAGE][PASSED] - All options with label 'Sales & Use Tax' are selected in object 'Object Repository/RAD_Pages/TaxTypeFilingYear_Page/select_TaxType_ExistingLiability' 

2023-07-17 21:28:16 - [TEST_STEP][PASSED] - if (TaxTypeEL.equalsIgnoreCase("Fiduciary Tax") || TaxTypeEL.equalsIgnoreCase("Personal Tax")): null

2023-07-17 21:28:16 - [TEST_STEP][PASSED] - else: Text 'My Glass Company' is set on object 'Object Repository/RAD_Pages/Taxpayer_Page/input_businessName'

2023-07-17 21:28:16 - [TEST_STEP][PASSED] - setText(findTestObject(orPath_TaxPayer + "/input_businessName"), businessName): Text 'My Glass Company' is set on object 'Object Repository/RAD_Pages/Taxpayer_Page/input_businessName'

2023-07-17 21:28:17 - [MESSAGE][PASSED] - Text 'My Glass Company' is set on object 'Object Repository/RAD_Pages/Taxpayer_Page/input_businessName'

2023-07-17 21:28:17 - [TEST_STEP][PASSED] - selectOptionByLabel(findTestObject(orPath_AddressContact + "/select_Country"), "United States", false): All options with label 'United States' are selected in object 'Object Repository/RAD_Pages/AddressAndContactInfo_Page/select_Country' 

2023-07-17 21:28:18 - [MESSAGE][PASSED] - All options with label 'United States' are selected in object 'Object Repository/RAD_Pages/AddressAndContactInfo_Page/select_Country' 

2023-07-17 21:28:18 - [TEST_STEP][PASSED] - setText(findTestObject(orPath_AddressContact + "/input_streetAddress1"), AL1): Text '1501 Mandan Terrace' is set on object 'Object Repository/RAD_Pages/AddressAndContactInfo_Page/input_streetAddress1'

2023-07-17 21:28:19 - [MESSAGE][PASSED] - Text '1501 Mandan Terrace' is set on object 'Object Repository/RAD_Pages/AddressAndContactInfo_Page/input_streetAddress1'

2023-07-17 21:28:19 - [TEST_STEP][PASSED] - setText(findTestObject(orPath_AddressContact + "/input_streetAddress2"), ""): Text '' is set on object 'Object Repository/RAD_Pages/AddressAndContactInfo_Page/input_streetAddress2'

2023-07-17 21:28:19 - [MESSAGE][PASSED] - Text '' is set on object 'Object Repository/RAD_Pages/AddressAndContactInfo_Page/input_streetAddress2'

2023-07-17 21:28:19 - [TEST_STEP][PASSED] - setText(findTestObject(orPath_AddressContact + "/input_city"), City): Text 'Bowie' is set on object 'Object Repository/RAD_Pages/AddressAndContactInfo_Page/input_city'

2023-07-17 21:28:20 - [MESSAGE][PASSED] - Text 'Bowie' is set on object 'Object Repository/RAD_Pages/AddressAndContactInfo_Page/input_city'

2023-07-17 21:28:20 - [TEST_STEP][PASSED] - selectOptionByLabel(findTestObject(orPath_AddressContact + "/select_State"), "Maryland", false): All options with label 'Maryland' are selected in object 'Object Repository/RAD_Pages/AddressAndContactInfo_Page/select_State' 

2023-07-17 21:28:21 - [MESSAGE][PASSED] - All options with label 'Maryland' are selected in object 'Object Repository/RAD_Pages/AddressAndContactInfo_Page/select_State' 

2023-07-17 21:28:21 - [TEST_STEP][PASSED] - setText(findTestObject(orPath_AddressContact + "/input_zipCode"), ZIP): Text '20720' is set on object 'Object Repository/RAD_Pages/AddressAndContactInfo_Page/input_zipCode'

2023-07-17 21:28:21 - [MESSAGE][PASSED] - Text '20720' is set on object 'Object Repository/RAD_Pages/AddressAndContactInfo_Page/input_zipCode'

2023-07-17 21:28:21 - [TEST_STEP][PASSED] - setText(findTestObject(orPath_AddressContact + "/input_phoneNumber"), "(703) 894-5000"): Text '(703) 894-5000' is set on object 'Object Repository/RAD_Pages/AddressAndContactInfo_Page/input_phoneNumber'

2023-07-17 21:28:22 - [MESSAGE][PASSED] - Text '(703) 894-5000' is set on object 'Object Repository/RAD_Pages/AddressAndContactInfo_Page/input_phoneNumber'

2023-07-17 21:28:22 - [TEST_STEP][PASSED] - setText(findTestObject(orPath_AddressContact + "/input_eMailAddress"), "iahmed@govolution.com"): Text 'iahmed@govolution.com' is set on object 'Object Repository/RAD_Pages/AddressAndContactInfo_Page/input_eMailAddress'

2023-07-17 21:28:23 - [MESSAGE][PASSED] - Text 'iahmed@govolution.com' is set on object 'Object Repository/RAD_Pages/AddressAndContactInfo_Page/input_eMailAddress'

2023-07-17 21:28:23 - [TEST_STEP][PASSED] - setText(findTestObject(orPath_AddressContact + "/input_reEnterEMailAddress"), "iahmed@govolution.com"): Text 'iahmed@govolution.com' is set on object 'Object Repository/RAD_Pages/AddressAndContactInfo_Page/input_reEnterEMailAddress'

2023-07-17 21:28:24 - [MESSAGE][PASSED] - Text 'iahmed@govolution.com' is set on object 'Object Repository/RAD_Pages/AddressAndContactInfo_Page/input_reEnterEMailAddress'

2023-07-17 21:28:24 - [TEST_STEP][PASSED] - if (TaxTypeEL.equalsIgnoreCase("Personal Tax")): null

2023-07-17 21:28:24 - [TEST_STEP][PASSED] - scrollToElement(findTestObject(orPath_Amount + "/input__paymentAmount"), 3): Scroll to object 'Object Repository/RAD_Pages/PaymentAmount_Page/input__paymentAmount' successfully

2023-07-17 21:28:24 - [MESSAGE][PASSED] - Scroll to object 'Object Repository/RAD_Pages/PaymentAmount_Page/input__paymentAmount' successfully

2023-07-17 21:28:24 - [TEST_STEP][PASSED] - if (!(TaxTypeEL.equalsIgnoreCase("Personal Tax"))): Text ****** has been set on object 'Object Repository/RAD_Pages/TaxInfo_Page/input_concat(id(, , data, , ))_Data (1)'

2023-07-17 21:28:24 - [TEST_STEP][PASSED] - setEncryptedText(findTestObject("Object Repository/RAD_Pages/TaxInfo_Page/input_concat(id(, , data, , ))_Data"), "RigbBhfdqODKcAsiUrg+1Q=="): Text ****** has been set on object 'Object Repository/RAD_Pages/TaxInfo_Page/input_concat(id(, , data, , ))_Data'

2023-07-17 21:28:25 - [MESSAGE][PASSED] - Text ****** has been set on object 'Object Repository/RAD_Pages/TaxInfo_Page/input_concat(id(, , data, , ))_Data'

2023-07-17 21:28:25 - [TEST_STEP][PASSED] - setEncryptedText(findTestObject("Object Repository/RAD_Pages/TaxInfo_Page/input_concat(id(, , data, , ))_Data (1)"), "RigbBhfdqODKcAsiUrg+1Q=="): Text ****** has been set on object 'Object Repository/RAD_Pages/TaxInfo_Page/input_concat(id(, , data, , ))_Data (1)'

2023-07-17 21:28:25 - [MESSAGE][PASSED] - Text ****** has been set on object 'Object Repository/RAD_Pages/TaxInfo_Page/input_concat(id(, , data, , ))_Data (1)'

2023-07-17 21:28:25 - [TEST_STEP][PASSED] - delay(1): Delayed 1 second(s)

2023-07-17 21:28:26 - [MESSAGE][PASSED] - Delayed 1 second(s)

2023-07-17 21:28:26 - [TEST_STEP][PASSED] - setText(findTestObject(orPath_TaxInfo + "/input_NoticeInvoiceNumber"), notInvNumber): Text '2581471470001' is set on object 'Object Repository/RAD_Pages/TaxInfo_Page/input_NoticeInvoiceNumber'

2023-07-17 21:28:27 - [MESSAGE][PASSED] - Text '2581471470001' is set on object 'Object Repository/RAD_Pages/TaxInfo_Page/input_NoticeInvoiceNumber'

2023-07-17 21:28:27 - [TEST_STEP][PASSED] - setText(findTestObject(orPath_TaxInfo + "/input_reTypeNoticeInvoiceNumber"), notInvNumber): Text '2581471470001' is set on object 'Object Repository/RAD_Pages/TaxInfo_Page/input_reTypeNoticeInvoiceNumber'

2023-07-17 21:28:28 - [MESSAGE][PASSED] - Text '2581471470001' is set on object 'Object Repository/RAD_Pages/TaxInfo_Page/input_reTypeNoticeInvoiceNumber'

2023-07-17 21:28:28 - [TEST_STEP][PASSED] - if (TaxTypeEL.equalsIgnoreCase("Sales & Use Tax") || TaxTypeEL.equalsIgnoreCase("Withholding Tax")): Text '07640126' is set on object 'Object Repository/RAD_Pages/TaxInfo_Page/input_MDCRegistrationEL'

2023-07-17 21:28:28 - [TEST_STEP][PASSED] - println("TaxTypeEL : " + TaxTypeEL): null

2023-07-17 21:28:28 - [TEST_STEP][PASSED] - setText(findTestObject(orPath_TaxInfo + "/input_MDCRegistrationEL"), "07640126"): Text '07640126' is set on object 'Object Repository/RAD_Pages/TaxInfo_Page/input_MDCRegistrationEL'

2023-07-17 21:28:29 - [MESSAGE][PASSED] - Text '07640126' is set on object 'Object Repository/RAD_Pages/TaxInfo_Page/input_MDCRegistrationEL'

2023-07-17 21:28:29 - [TEST_STEP][PASSED] - setText(findTestObject(orPath_Amount + "/input__paymentAmount"), Amount): Text '50.50' is set on object 'Object Repository/RAD_Pages/PaymentAmount_Page/input__paymentAmount'

2023-07-17 21:28:30 - [MESSAGE][PASSED] - Text '50.50' is set on object 'Object Repository/RAD_Pages/PaymentAmount_Page/input__paymentAmount'

2023-07-17 21:28:30 - [TEST_STEP][PASSED] - scrollToElement(findTestObject(orPath_Landing + "/button_Continue"), 3): Scroll to object 'Object Repository/RAD_Pages/Landing_Page/button_Continue' successfully

2023-07-17 21:28:30 - [MESSAGE][PASSED] - Scroll to object 'Object Repository/RAD_Pages/Landing_Page/button_Continue' successfully

2023-07-17 21:28:30 - [TEST_STEP][PASSED] - waitForElementClickable(findTestObject(orPath_Landing + "/button_Continue"), 5): Object 'Object Repository/RAD_Pages/Landing_Page/button_Continue' is clickable

2023-07-17 21:28:30 - [MESSAGE][PASSED] - Object 'Object Repository/RAD_Pages/Landing_Page/button_Continue' is clickable

2023-07-17 21:28:30 - [TEST_STEP][PASSED] - click(findTestObject(orPath_Landing + "/button_Continue")): Object: 'Object Repository/RAD_Pages/Landing_Page/button_Continue' is clicked on

2023-07-17 21:28:31 - [MESSAGE][PASSED] - Object: 'Object Repository/RAD_Pages/Landing_Page/button_Continue' is clicked on

2023-07-17 21:28:31 - [TEST_STEP][PASSED] - verifyTextPresent("Review the information below and make any necessary corrections by clicking the", true): Text 'Review the information below and make any necessary corrections by clicking the' is present on page  using regular expression

2023-07-17 21:28:31 - [MESSAGE][PASSED] - Text 'Review the information below and make any necessary corrections by clicking the' is present on page  using regular expression

2023-07-17 21:28:31 - [TEST_STEP][PASSED] - verifyTextPresent("When you are confident that all the information is correct", true): Text 'When you are confident that all the information is correct' is present on page  using regular expression

2023-07-17 21:28:32 - [MESSAGE][PASSED] - Text 'When you are confident that all the information is correct' is present on page  using regular expression

2023-07-17 21:28:32 - [TEST_STEP][PASSED] - delay(1): Delayed 1 second(s)

2023-07-17 21:28:33 - [MESSAGE][PASSED] - Delayed 1 second(s)

2023-07-17 21:28:33 - [TEST_STEP][PASSED] - click(findTestObject(orPath_PaymentReady + "/button_ProceedtoPayment")): Object: 'Object Repository/RAD_Pages/PaymentReady_Page/button_ProceedtoPayment' is clicked on

2023-07-17 21:28:34 - [MESSAGE][PASSED] - Object: 'Object Repository/RAD_Pages/PaymentReady_Page/button_ProceedtoPayment' is clicked on

2023-07-17 21:28:34 - [TEST_STEP][PASSED] - setText(findTestObject("Object Repository/RAD_Pages/PaymentEntry_Page/input__billingName"), "Anthony Gonzalez"): Text 'Anthony Gonzalez' is set on object 'Object Repository/RAD_Pages/PaymentEntry_Page/input__billingName'

2023-07-17 21:28:35 - [MESSAGE][PASSED] - Text 'Anthony Gonzalez' is set on object 'Object Repository/RAD_Pages/PaymentEntry_Page/input__billingName'

2023-07-17 21:28:35 - [TEST_STEP][PASSED] - setText(findTestObject(orPath_PaymentEntry + "/input__cardNumber"), CCNumber): Text '6011000993026909' is set on object 'Object Repository/RAD_Pages/PaymentEntry_Page/input__cardNumber'

2023-07-17 21:28:35 - [MESSAGE][PASSED] - Text '6011000993026909' is set on object 'Object Repository/RAD_Pages/PaymentEntry_Page/input__cardNumber'

2023-07-17 21:28:35 - [TEST_STEP][PASSED] - setText(findTestObject(orPath_PaymentEntry + "/input__spc"), CVV): Text '123' is set on object 'Object Repository/RAD_Pages/PaymentEntry_Page/input__spc'

2023-07-17 21:28:36 - [MESSAGE][PASSED] - Text '123' is set on object 'Object Repository/RAD_Pages/PaymentEntry_Page/input__spc'

2023-07-17 21:28:36 - [TEST_STEP][PASSED] - selectOptionByLabel(findTestObject(orPath_PaymentEntry + "/select_MM"), "12", false): All options with label '12' are selected in object 'Object Repository/RAD_Pages/PaymentEntry_Page/select_MM' 

2023-07-17 21:28:37 - [MESSAGE][PASSED] - All options with label '12' are selected in object 'Object Repository/RAD_Pages/PaymentEntry_Page/select_MM' 

2023-07-17 21:28:37 - [TEST_STEP][PASSED] - selectOptionByLabel(findTestObject(orPath_PaymentEntry + "/select_YYYY"), "2023", false): All options with label '2023' are selected in object 'Object Repository/RAD_Pages/PaymentEntry_Page/select_YYYY' 

2023-07-17 21:28:37 - [MESSAGE][PASSED] - All options with label '2023' are selected in object 'Object Repository/RAD_Pages/PaymentEntry_Page/select_YYYY' 

2023-07-17 21:28:37 - [TEST_STEP][PASSED] - click(findTestObject(orPath_PaymentEntry + "/input_Field_ccSubmit")): Object: 'Object Repository/RAD_Pages/PaymentEntry_Page/input_Field_ccSubmit' is clicked on

2023-07-17 21:28:38 - [MESSAGE][PASSED] - Object: 'Object Repository/RAD_Pages/PaymentEntry_Page/input_Field_ccSubmit' is clicked on

2023-07-17 21:28:38 - [TEST_STEP][PASSED] - click(findTestObject(orPath_PaymentConfirmation + "/input_N_confirmNotifyAction")): Object: 'Object Repository/RAD_Pages/PaymentConfirmation_Page/input_N_confirmNotifyAction' is clicked on

2023-07-17 21:28:39 - [MESSAGE][PASSED] - Object: 'Object Repository/RAD_Pages/PaymentConfirmation_Page/input_N_confirmNotifyAction' is clicked on

2023-07-17 21:28:39 - [TEST_STEP][PASSED] - click(findTestObject(orPath_ServiceFeesAccept + "/input_convFeeNotifyAction")): Object: 'Object Repository/RAD_Pages/ServiceFeeAccept_Page/input_convFeeNotifyAction' is clicked on

2023-07-17 21:28:40 - [MESSAGE][PASSED] - Object: 'Object Repository/RAD_Pages/ServiceFeeAccept_Page/input_convFeeNotifyAction' is clicked on

2023-07-17 21:28:40 - [TEST_STEP][PASSED] - delay(10): Delayed 10 second(s)

2023-07-17 21:28:50 - [MESSAGE][PASSED] - Delayed 10 second(s)

2023-07-17 21:28:50 - [TEST_STEP][PASSED] - verifyTextPresent("Successful Payment Receipt", true): Text 'Successful Payment Receipt' is present on page  using regular expression

2023-07-17 21:28:50 - [MESSAGE][PASSED] - Text 'Successful Payment Receipt' is present on page  using regular expression

2023-07-17 21:28:50 - [TEST_STEP][PASSED] - if (verifyTextPresent("Successful Payment Receipt", true)): null

2023-07-17 21:28:51 - [MESSAGE][PASSED] - Text 'Successful Payment Receipt' is present on page  using regular expression

2023-07-17 21:28:51 - [TEST_STEP][PASSED] - println("Transaction was Successful"): null

2023-07-17 21:28:51 - [TEST_STEP][PASSED] - out.println("Pass Record Number: " + row): null

2023-07-17 21:28:51 - [TEST_STEP][PASSED] - resText = "Pass": null

2023-07-17 21:28:51 - [TEST_STEP][PASSED] - pages.WriteExcel.demoKey(resText, datText, resColumn, datCloumn, fileLoc, nameSheet, row): pages.WriteExcel.demoKey is PASSED

2023-07-17 21:28:51 - [MESSAGE][PASSED] - pages.WriteExcel.demoKey is PASSED

2023-07-17 21:28:51 - [TEST_STEP][PASSED] - ExecuteTC = findTestData(dataFile).getValue("Execute", row): null

2023-07-17 21:28:51 - [TEST_STEP][PASSED] - Taxtype = findTestData(dataFile).getValue("TaxType", row): null

2023-07-17 21:28:51 - [TEST_STEP][PASSED] - TaxTypeEL = findTestData(dataFile).getValue("TaxTypeEL", row): null

2023-07-17 21:28:51 - [TEST_STEP][PASSED] - FName = findTestData(dataFile).getValue("Fname", row): null

2023-07-17 21:28:51 - [TEST_STEP][PASSED] - LName = findTestData(dataFile).getValue("Lname", row): null

2023-07-17 21:28:51 - [TEST_STEP][PASSED] - AL1 = findTestData(dataFile).getValue("AL1", row): null

2023-07-17 21:28:51 - [TEST_STEP][PASSED] - City = findTestData(dataFile).getValue("City", row): null

2023-07-17 21:28:51 - [TEST_STEP][PASSED] - ZIP = findTestData(dataFile).getValue("ZIP", row): null

2023-07-17 21:28:51 - [TEST_STEP][PASSED] - Amount = findTestData(dataFile).getValue("Amount", row): null

2023-07-17 21:28:51 - [TEST_STEP][PASSED] - CCNumber = findTestData(dataFile).getValue("CCNumber", row): null

2023-07-17 21:28:51 - [TEST_STEP][PASSED] - CVV = findTestData(dataFile).getValue("CVV", row): null

2023-07-17 21:28:51 - [TEST_STEP][PASSED] - SSN = findTestData(dataFile).getValue("SSN", row): null

2023-07-17 21:28:51 - [TEST_STEP][PASSED] - notInvNumber = findTestData(dataFile).getValue("NotiInvoNumber", row): null

2023-07-17 21:28:51 - [TEST_STEP][PASSED] - businessName = findTestData(dataFile).getValue("BusName", row): null

2023-07-17 21:28:51 - [TEST_STEP][PASSED] - out.println("Value of Execute is : " + ExecuteTC): null

2023-07-17 21:28:51 - [TEST_STEP][PASSED] - if (ExecuteTC.equalsIgnoreCase("Y")): null

2023-07-17 21:28:51 - [TEST_STEP][PASSED] - out.println("Begin Record Number: " + row): null

2023-07-17 21:28:51 - [TEST_STEP][PASSED] - today = new java.util.Date(): null

2023-07-17 21:28:51 - [TEST_STEP][PASSED] - println(today): null

2023-07-17 21:28:51 - [TEST_STEP][PASSED] - datText = today: null

2023-07-17 21:28:51 - [TEST_STEP][PASSED] - Taxtype = findTestData(dataFile).getValue("TaxType", row): null

2023-07-17 21:28:51 - [TEST_STEP][PASSED] - out.println("Taxtype value is : " + Taxtype): null

2023-07-17 21:28:51 - [TEST_STEP][PASSED] - openBrowser(""): Browser is opened with url: ''

2023-07-17 21:28:51 - [MESSAGE][WARNING] - A browser is already opened. Closing browser and opening a new one

2023-07-17 21:28:52 - [MESSAGE][INFO] - Starting 'Chrome' driver

2023-07-17 21:28:52 - [MESSAGE][INFO] - User set preference: ['acceptInsecureCerts', 'true']

2023-07-17 21:28:52 - [MESSAGE][INFO] - Action delay is set to 0 milliseconds

2023-07-17 21:28:54 - [MESSAGE][PASSED] - Browser is opened with url: ''

2023-07-17 21:28:54 - [TEST_STEP][PASSED] - maximizeWindow(): Current window maximized

2023-07-17 21:28:54 - [MESSAGE][PASSED] - Current window maximized

2023-07-17 21:28:54 - [TEST_STEP][PASSED] - navigateToUrl(RADurl): Navigate to 'https://qa.velocitypayment.com/client/rad/index.html' successfully

2023-07-17 21:28:55 - [MESSAGE][PASSED] - Navigate to 'https://qa.velocitypayment.com/client/rad/index.html' successfully

2023-07-17 21:28:55 - [TEST_STEP][PASSED] - orPath_Landing = "Object Repository/RAD_Pages/Landing_Page": null

2023-07-17 21:28:55 - [TEST_STEP][PASSED] - orPath_TaxTypeFilingYear = "Object Repository/RAD_Pages/TaxTypeFilingYear_Page": null

2023-07-17 21:28:55 - [TEST_STEP][PASSED] - orPath_TaxPayer = "Object Repository/RAD_Pages/Taxpayer_Page": null

2023-07-17 21:28:55 - [TEST_STEP][PASSED] - orPath_AddressContact = "Object Repository/RAD_Pages/AddressAndContactInfo_Page": null

2023-07-17 21:28:55 - [TEST_STEP][PASSED] - orPath_FilingStatus = "Object Repository/RAD_Pages/FilingStatus_Page": null

2023-07-17 21:28:55 - [TEST_STEP][PASSED] - orPath_Amount = "Object Repository/RAD_Pages/PaymentAmount_Page": null

2023-07-17 21:28:55 - [TEST_STEP][PASSED] - orPath_TaxInfo = "Object Repository/RAD_Pages/TaxInfo_Page": null

2023-07-17 21:28:55 - [TEST_STEP][PASSED] - orPath_Withholding = "Object Repository/RAD_Pages/Withholding_Page": null

2023-07-17 21:28:55 - [TEST_STEP][PASSED] - orPath_Summary = "Object Repository/RAD_Pages/Summary_Page": null

2023-07-17 21:28:55 - [TEST_STEP][PASSED] - orPath_PaymentReady = "Object Repository/RAD_Pages/PaymentReady_Page": null

2023-07-17 21:28:55 - [TEST_STEP][PASSED] - orPath_PaymentEntry = "Object Repository/RAD_Pages/PaymentEntry_Page": null

2023-07-17 21:28:55 - [TEST_STEP][PASSED] - orPath_PaymentConfirmation = "Object Repository/RAD_Pages/PaymentConfirmation_Page": null

2023-07-17 21:28:55 - [TEST_STEP][PASSED] - orPath_ServiceFeesAccept = "Object Repository/RAD_Pages/ServiceFeeAccept_Page": null

2023-07-17 21:28:55 - [TEST_STEP][PASSED] - selectOptionByLabel(findTestObject(orPath_Landing + "/dd_TaxType"), Taxtype, false): All options with label 'Existing Liability' are selected in object 'Object Repository/RAD_Pages/Landing_Page/dd_TaxType' 

2023-07-17 21:28:56 - [MESSAGE][PASSED] - All options with label 'Existing Liability' are selected in object 'Object Repository/RAD_Pages/Landing_Page/dd_TaxType' 

2023-07-17 21:28:56 - [TEST_STEP][PASSED] - delay(1): Delayed 1 second(s)

2023-07-17 21:28:57 - [MESSAGE][PASSED] - Delayed 1 second(s)

2023-07-17 21:28:57 - [TEST_STEP][PASSED] - selectOptionByLabel(findTestObject(orPath_TaxTypeFilingYear + "/select_TaxType_ExistingLiability"), TaxTypeEL, false): All options with label 'Tire Fee Tax' are selected in object 'Object Repository/RAD_Pages/TaxTypeFilingYear_Page/select_TaxType_ExistingLiability' 

2023-07-17 21:28:58 - [MESSAGE][PASSED] - All options with label 'Tire Fee Tax' are selected in object 'Object Repository/RAD_Pages/TaxTypeFilingYear_Page/select_TaxType_ExistingLiability' 

2023-07-17 21:28:58 - [TEST_STEP][PASSED] - if (TaxTypeEL.equalsIgnoreCase("Fiduciary Tax") || TaxTypeEL.equalsIgnoreCase("Personal Tax")): null

2023-07-17 21:28:58 - [TEST_STEP][PASSED] - else: Text 'Superior, Painters' is set on object 'Object Repository/RAD_Pages/Taxpayer_Page/input_businessName'

2023-07-17 21:28:58 - [TEST_STEP][PASSED] - setText(findTestObject(orPath_TaxPayer + "/input_businessName"), businessName): Text 'Superior, Painters' is set on object 'Object Repository/RAD_Pages/Taxpayer_Page/input_businessName'

2023-07-17 21:28:59 - [MESSAGE][PASSED] - Text 'Superior, Painters' is set on object 'Object Repository/RAD_Pages/Taxpayer_Page/input_businessName'

2023-07-17 21:28:59 - [TEST_STEP][PASSED] - selectOptionByLabel(findTestObject(orPath_AddressContact + "/select_Country"), "United States", false): All options with label 'United States' are selected in object 'Object Repository/RAD_Pages/AddressAndContactInfo_Page/select_Country' 

2023-07-17 21:28:59 - [MESSAGE][PASSED] - All options with label 'United States' are selected in object 'Object Repository/RAD_Pages/AddressAndContactInfo_Page/select_Country' 

2023-07-17 21:28:59 - [TEST_STEP][PASSED] - setText(findTestObject(orPath_AddressContact + "/input_streetAddress1"), AL1): Text '2336 Turn ct' is set on object 'Object Repository/RAD_Pages/AddressAndContactInfo_Page/input_streetAddress1'

2023-07-17 21:29:00 - [MESSAGE][PASSED] - Text '2336 Turn ct' is set on object 'Object Repository/RAD_Pages/AddressAndContactInfo_Page/input_streetAddress1'

2023-07-17 21:29:00 - [TEST_STEP][PASSED] - setText(findTestObject(orPath_AddressContact + "/input_streetAddress2"), ""): Text '' is set on object 'Object Repository/RAD_Pages/AddressAndContactInfo_Page/input_streetAddress2'

2023-07-17 21:29:00 - [MESSAGE][PASSED] - Text '' is set on object 'Object Repository/RAD_Pages/AddressAndContactInfo_Page/input_streetAddress2'

2023-07-17 21:29:00 - [TEST_STEP][PASSED] - setText(findTestObject(orPath_AddressContact + "/input_city"), City): Text 'Crofton' is set on object 'Object Repository/RAD_Pages/AddressAndContactInfo_Page/input_city'

2023-07-17 21:29:01 - [MESSAGE][PASSED] - Text 'Crofton' is set on object 'Object Repository/RAD_Pages/AddressAndContactInfo_Page/input_city'

2023-07-17 21:29:01 - [TEST_STEP][PASSED] - selectOptionByLabel(findTestObject(orPath_AddressContact + "/select_State"), "Maryland", false): All options with label 'Maryland' are selected in object 'Object Repository/RAD_Pages/AddressAndContactInfo_Page/select_State' 

2023-07-17 21:29:02 - [MESSAGE][PASSED] - All options with label 'Maryland' are selected in object 'Object Repository/RAD_Pages/AddressAndContactInfo_Page/select_State' 

2023-07-17 21:29:02 - [TEST_STEP][PASSED] - setText(findTestObject(orPath_AddressContact + "/input_zipCode"), ZIP): Text '21144' is set on object 'Object Repository/RAD_Pages/AddressAndContactInfo_Page/input_zipCode'

2023-07-17 21:29:02 - [MESSAGE][PASSED] - Text '21144' is set on object 'Object Repository/RAD_Pages/AddressAndContactInfo_Page/input_zipCode'

2023-07-17 21:29:02 - [TEST_STEP][PASSED] - setText(findTestObject(orPath_AddressContact + "/input_phoneNumber"), "(703) 894-5000"): Text '(703) 894-5000' is set on object 'Object Repository/RAD_Pages/AddressAndContactInfo_Page/input_phoneNumber'

2023-07-17 21:29:03 - [MESSAGE][PASSED] - Text '(703) 894-5000' is set on object 'Object Repository/RAD_Pages/AddressAndContactInfo_Page/input_phoneNumber'

2023-07-17 21:29:03 - [TEST_STEP][PASSED] - setText(findTestObject(orPath_AddressContact + "/input_eMailAddress"), "iahmed@govolution.com"): Text 'iahmed@govolution.com' is set on object 'Object Repository/RAD_Pages/AddressAndContactInfo_Page/input_eMailAddress'

2023-07-17 21:29:04 - [MESSAGE][PASSED] - Text 'iahmed@govolution.com' is set on object 'Object Repository/RAD_Pages/AddressAndContactInfo_Page/input_eMailAddress'

2023-07-17 21:29:04 - [TEST_STEP][PASSED] - setText(findTestObject(orPath_AddressContact + "/input_reEnterEMailAddress"), "iahmed@govolution.com"): Text 'iahmed@govolution.com' is set on object 'Object Repository/RAD_Pages/AddressAndContactInfo_Page/input_reEnterEMailAddress'

2023-07-17 21:29:05 - [MESSAGE][PASSED] - Text 'iahmed@govolution.com' is set on object 'Object Repository/RAD_Pages/AddressAndContactInfo_Page/input_reEnterEMailAddress'

2023-07-17 21:29:05 - [TEST_STEP][PASSED] - if (TaxTypeEL.equalsIgnoreCase("Personal Tax")): null

2023-07-17 21:29:05 - [TEST_STEP][PASSED] - scrollToElement(findTestObject(orPath_Amount + "/input__paymentAmount"), 3): Scroll to object 'Object Repository/RAD_Pages/PaymentAmount_Page/input__paymentAmount' successfully

2023-07-17 21:29:05 - [MESSAGE][PASSED] - Scroll to object 'Object Repository/RAD_Pages/PaymentAmount_Page/input__paymentAmount' successfully

2023-07-17 21:29:05 - [TEST_STEP][PASSED] - if (!(TaxTypeEL.equalsIgnoreCase("Personal Tax"))): Text ****** has been set on object 'Object Repository/RAD_Pages/TaxInfo_Page/input_concat(id(, , data, , ))_Data (1)'

2023-07-17 21:29:05 - [TEST_STEP][PASSED] - setEncryptedText(findTestObject("Object Repository/RAD_Pages/TaxInfo_Page/input_concat(id(, , data, , ))_Data"), "RigbBhfdqODKcAsiUrg+1Q=="): Text ****** has been set on object 'Object Repository/RAD_Pages/TaxInfo_Page/input_concat(id(, , data, , ))_Data'

2023-07-17 21:29:06 - [MESSAGE][PASSED] - Text ****** has been set on object 'Object Repository/RAD_Pages/TaxInfo_Page/input_concat(id(, , data, , ))_Data'

2023-07-17 21:29:06 - [TEST_STEP][PASSED] - setEncryptedText(findTestObject("Object Repository/RAD_Pages/TaxInfo_Page/input_concat(id(, , data, , ))_Data (1)"), "RigbBhfdqODKcAsiUrg+1Q=="): Text ****** has been set on object 'Object Repository/RAD_Pages/TaxInfo_Page/input_concat(id(, , data, , ))_Data (1)'

2023-07-17 21:29:06 - [MESSAGE][PASSED] - Text ****** has been set on object 'Object Repository/RAD_Pages/TaxInfo_Page/input_concat(id(, , data, , ))_Data (1)'

2023-07-17 21:29:06 - [TEST_STEP][PASSED] - delay(1): Delayed 1 second(s)

2023-07-17 21:29:07 - [MESSAGE][PASSED] - Delayed 1 second(s)

2023-07-17 21:29:07 - [TEST_STEP][PASSED] - setText(findTestObject(orPath_TaxInfo + "/input_NoticeInvoiceNumber"), notInvNumber): Text '2581471470001' is set on object 'Object Repository/RAD_Pages/TaxInfo_Page/input_NoticeInvoiceNumber'

2023-07-17 21:29:08 - [MESSAGE][PASSED] - Text '2581471470001' is set on object 'Object Repository/RAD_Pages/TaxInfo_Page/input_NoticeInvoiceNumber'

2023-07-17 21:29:08 - [TEST_STEP][PASSED] - setText(findTestObject(orPath_TaxInfo + "/input_reTypeNoticeInvoiceNumber"), notInvNumber): Text '2581471470001' is set on object 'Object Repository/RAD_Pages/TaxInfo_Page/input_reTypeNoticeInvoiceNumber'

2023-07-17 21:29:09 - [MESSAGE][PASSED] - Text '2581471470001' is set on object 'Object Repository/RAD_Pages/TaxInfo_Page/input_reTypeNoticeInvoiceNumber'

2023-07-17 21:29:09 - [TEST_STEP][PASSED] - if (TaxTypeEL.equalsIgnoreCase("Sales & Use Tax") || TaxTypeEL.equalsIgnoreCase("Withholding Tax")): null

2023-07-17 21:29:09 - [TEST_STEP][PASSED] - setText(findTestObject(orPath_Amount + "/input__paymentAmount"), Amount): Text '30.50' is set on object 'Object Repository/RAD_Pages/PaymentAmount_Page/input__paymentAmount'

2023-07-17 21:29:10 - [MESSAGE][PASSED] - Text '30.50' is set on object 'Object Repository/RAD_Pages/PaymentAmount_Page/input__paymentAmount'

2023-07-17 21:29:10 - [TEST_STEP][PASSED] - scrollToElement(findTestObject(orPath_Landing + "/button_Continue"), 3): Scroll to object 'Object Repository/RAD_Pages/Landing_Page/button_Continue' successfully

2023-07-17 21:29:10 - [MESSAGE][PASSED] - Scroll to object 'Object Repository/RAD_Pages/Landing_Page/button_Continue' successfully

2023-07-17 21:29:10 - [TEST_STEP][PASSED] - waitForElementClickable(findTestObject(orPath_Landing + "/button_Continue"), 5): Object 'Object Repository/RAD_Pages/Landing_Page/button_Continue' is clickable

2023-07-17 21:29:10 - [MESSAGE][PASSED] - Object 'Object Repository/RAD_Pages/Landing_Page/button_Continue' is clickable

2023-07-17 21:29:11 - [TEST_STEP][PASSED] - click(findTestObject(orPath_Landing + "/button_Continue")): Object: 'Object Repository/RAD_Pages/Landing_Page/button_Continue' is clicked on

2023-07-17 21:29:11 - [MESSAGE][PASSED] - Object: 'Object Repository/RAD_Pages/Landing_Page/button_Continue' is clicked on

2023-07-17 21:29:11 - [TEST_STEP][PASSED] - verifyTextPresent("Review the information below and make any necessary corrections by clicking the", true): Text 'Review the information below and make any necessary corrections by clicking the' is present on page  using regular expression

2023-07-17 21:29:12 - [MESSAGE][PASSED] - Text 'Review the information below and make any necessary corrections by clicking the' is present on page  using regular expression

2023-07-17 21:29:12 - [TEST_STEP][PASSED] - verifyTextPresent("When you are confident that all the information is correct", true): Text 'When you are confident that all the information is correct' is present on page  using regular expression

2023-07-17 21:29:12 - [MESSAGE][PASSED] - Text 'When you are confident that all the information is correct' is present on page  using regular expression

2023-07-17 21:29:12 - [TEST_STEP][PASSED] - delay(1): Delayed 1 second(s)

2023-07-17 21:29:13 - [MESSAGE][PASSED] - Delayed 1 second(s)

2023-07-17 21:29:13 - [TEST_STEP][PASSED] - click(findTestObject(orPath_PaymentReady + "/button_ProceedtoPayment")): Object: 'Object Repository/RAD_Pages/PaymentReady_Page/button_ProceedtoPayment' is clicked on

2023-07-17 21:29:14 - [MESSAGE][PASSED] - Object: 'Object Repository/RAD_Pages/PaymentReady_Page/button_ProceedtoPayment' is clicked on

2023-07-17 21:29:14 - [TEST_STEP][PASSED] - setText(findTestObject("Object Repository/RAD_Pages/PaymentEntry_Page/input__billingName"), "Anthony Gonzalez"): Text 'Anthony Gonzalez' is set on object 'Object Repository/RAD_Pages/PaymentEntry_Page/input__billingName'

2023-07-17 21:29:15 - [MESSAGE][PASSED] - Text 'Anthony Gonzalez' is set on object 'Object Repository/RAD_Pages/PaymentEntry_Page/input__billingName'

2023-07-17 21:29:15 - [TEST_STEP][PASSED] - setText(findTestObject(orPath_PaymentEntry + "/input__cardNumber"), CCNumber): Text '4012000098765439' is set on object 'Object Repository/RAD_Pages/PaymentEntry_Page/input__cardNumber'

2023-07-17 21:29:16 - [MESSAGE][PASSED] - Text '4012000098765439' is set on object 'Object Repository/RAD_Pages/PaymentEntry_Page/input__cardNumber'

2023-07-17 21:29:16 - [TEST_STEP][PASSED] - setText(findTestObject(orPath_PaymentEntry + "/input__spc"), CVV): Text '123' is set on object 'Object Repository/RAD_Pages/PaymentEntry_Page/input__spc'

2023-07-17 21:29:17 - [MESSAGE][PASSED] - Text '123' is set on object 'Object Repository/RAD_Pages/PaymentEntry_Page/input__spc'

2023-07-17 21:29:17 - [TEST_STEP][PASSED] - selectOptionByLabel(findTestObject(orPath_PaymentEntry + "/select_MM"), "12", false): All options with label '12' are selected in object 'Object Repository/RAD_Pages/PaymentEntry_Page/select_MM' 

2023-07-17 21:29:17 - [MESSAGE][PASSED] - All options with label '12' are selected in object 'Object Repository/RAD_Pages/PaymentEntry_Page/select_MM' 

2023-07-17 21:29:17 - [TEST_STEP][PASSED] - selectOptionByLabel(findTestObject(orPath_PaymentEntry + "/select_YYYY"), "2023", false): All options with label '2023' are selected in object 'Object Repository/RAD_Pages/PaymentEntry_Page/select_YYYY' 

2023-07-17 21:29:18 - [MESSAGE][PASSED] - All options with label '2023' are selected in object 'Object Repository/RAD_Pages/PaymentEntry_Page/select_YYYY' 

2023-07-17 21:29:18 - [TEST_STEP][PASSED] - click(findTestObject(orPath_PaymentEntry + "/input_Field_ccSubmit")): Object: 'Object Repository/RAD_Pages/PaymentEntry_Page/input_Field_ccSubmit' is clicked on

2023-07-17 21:29:19 - [MESSAGE][PASSED] - Object: 'Object Repository/RAD_Pages/PaymentEntry_Page/input_Field_ccSubmit' is clicked on

2023-07-17 21:29:19 - [TEST_STEP][PASSED] - click(findTestObject(orPath_PaymentConfirmation + "/input_N_confirmNotifyAction")): Object: 'Object Repository/RAD_Pages/PaymentConfirmation_Page/input_N_confirmNotifyAction' is clicked on

2023-07-17 21:29:20 - [MESSAGE][PASSED] - Object: 'Object Repository/RAD_Pages/PaymentConfirmation_Page/input_N_confirmNotifyAction' is clicked on

2023-07-17 21:29:20 - [TEST_STEP][PASSED] - click(findTestObject(orPath_ServiceFeesAccept + "/input_convFeeNotifyAction")): Object: 'Object Repository/RAD_Pages/ServiceFeeAccept_Page/input_convFeeNotifyAction' is clicked on

2023-07-17 21:29:21 - [MESSAGE][PASSED] - Object: 'Object Repository/RAD_Pages/ServiceFeeAccept_Page/input_convFeeNotifyAction' is clicked on

2023-07-17 21:29:21 - [TEST_STEP][PASSED] - delay(10): Delayed 10 second(s)

2023-07-17 21:29:31 - [MESSAGE][PASSED] - Delayed 10 second(s)

2023-07-17 21:29:31 - [TEST_STEP][PASSED] - verifyTextPresent("Successful Payment Receipt", true): Text 'Successful Payment Receipt' is present on page  using regular expression

2023-07-17 21:29:31 - [MESSAGE][PASSED] - Text 'Successful Payment Receipt' is present on page  using regular expression

2023-07-17 21:29:31 - [TEST_STEP][PASSED] - if (verifyTextPresent("Successful Payment Receipt", true)): null

2023-07-17 21:29:31 - [MESSAGE][PASSED] - Text 'Successful Payment Receipt' is present on page  using regular expression

2023-07-17 21:29:31 - [TEST_STEP][PASSED] - println("Transaction was Successful"): null

2023-07-17 21:29:31 - [TEST_STEP][PASSED] - out.println("Pass Record Number: " + row): null

2023-07-17 21:29:31 - [TEST_STEP][PASSED] - resText = "Pass": null

2023-07-17 21:29:31 - [TEST_STEP][PASSED] - pages.WriteExcel.demoKey(resText, datText, resColumn, datCloumn, fileLoc, nameSheet, row): pages.WriteExcel.demoKey is PASSED

2023-07-17 21:29:32 - [MESSAGE][PASSED] - pages.WriteExcel.demoKey is PASSED

2023-07-17 21:29:32 - [TEST_STEP][PASSED] - ExecuteTC = findTestData(dataFile).getValue("Execute", row): null

2023-07-17 21:29:32 - [TEST_STEP][PASSED] - Taxtype = findTestData(dataFile).getValue("TaxType", row): null

2023-07-17 21:29:32 - [TEST_STEP][PASSED] - TaxTypeEL = findTestData(dataFile).getValue("TaxTypeEL", row): null

2023-07-17 21:29:32 - [TEST_STEP][PASSED] - FName = findTestData(dataFile).getValue("Fname", row): null

2023-07-17 21:29:32 - [TEST_STEP][PASSED] - LName = findTestData(dataFile).getValue("Lname", row): null

2023-07-17 21:29:32 - [TEST_STEP][PASSED] - AL1 = findTestData(dataFile).getValue("AL1", row): null

2023-07-17 21:29:32 - [TEST_STEP][PASSED] - City = findTestData(dataFile).getValue("City", row): null

2023-07-17 21:29:32 - [TEST_STEP][PASSED] - ZIP = findTestData(dataFile).getValue("ZIP", row): null

2023-07-17 21:29:32 - [TEST_STEP][PASSED] - Amount = findTestData(dataFile).getValue("Amount", row): null

2023-07-17 21:29:32 - [TEST_STEP][PASSED] - CCNumber = findTestData(dataFile).getValue("CCNumber", row): null

2023-07-17 21:29:32 - [TEST_STEP][PASSED] - CVV = findTestData(dataFile).getValue("CVV", row): null

2023-07-17 21:29:32 - [TEST_STEP][PASSED] - SSN = findTestData(dataFile).getValue("SSN", row): null

2023-07-17 21:29:32 - [TEST_STEP][PASSED] - notInvNumber = findTestData(dataFile).getValue("NotiInvoNumber", row): null

2023-07-17 21:29:32 - [TEST_STEP][PASSED] - businessName = findTestData(dataFile).getValue("BusName", row): null

2023-07-17 21:29:32 - [TEST_STEP][PASSED] - out.println("Value of Execute is : " + ExecuteTC): null

2023-07-17 21:29:32 - [TEST_STEP][PASSED] - if (ExecuteTC.equalsIgnoreCase("Y")): null

2023-07-17 21:29:32 - [TEST_STEP][PASSED] - out.println("Begin Record Number: " + row): null

2023-07-17 21:29:32 - [TEST_STEP][PASSED] - today = new java.util.Date(): null

2023-07-17 21:29:32 - [TEST_STEP][PASSED] - println(today): null

2023-07-17 21:29:32 - [TEST_STEP][PASSED] - datText = today: null

2023-07-17 21:29:32 - [TEST_STEP][PASSED] - Taxtype = findTestData(dataFile).getValue("TaxType", row): null

2023-07-17 21:29:32 - [TEST_STEP][PASSED] - out.println("Taxtype value is : " + Taxtype): null

2023-07-17 21:29:32 - [TEST_STEP][PASSED] - openBrowser(""): Browser is opened with url: ''

2023-07-17 21:29:32 - [MESSAGE][WARNING] - A browser is already opened. Closing browser and opening a new one

2023-07-17 21:29:33 - [MESSAGE][INFO] - Starting 'Chrome' driver

2023-07-17 21:29:33 - [MESSAGE][INFO] - User set preference: ['acceptInsecureCerts', 'true']

2023-07-17 21:29:33 - [MESSAGE][INFO] - Action delay is set to 0 milliseconds

2023-07-17 21:29:35 - [MESSAGE][PASSED] - Browser is opened with url: ''

2023-07-17 21:29:35 - [TEST_STEP][PASSED] - maximizeWindow(): Current window maximized

2023-07-17 21:29:35 - [MESSAGE][PASSED] - Current window maximized

2023-07-17 21:29:35 - [TEST_STEP][PASSED] - navigateToUrl(RADurl): Navigate to 'https://qa.velocitypayment.com/client/rad/index.html' successfully

2023-07-17 21:29:36 - [MESSAGE][PASSED] - Navigate to 'https://qa.velocitypayment.com/client/rad/index.html' successfully

2023-07-17 21:29:36 - [TEST_STEP][PASSED] - orPath_Landing = "Object Repository/RAD_Pages/Landing_Page": null

2023-07-17 21:29:36 - [TEST_STEP][PASSED] - orPath_TaxTypeFilingYear = "Object Repository/RAD_Pages/TaxTypeFilingYear_Page": null

2023-07-17 21:29:36 - [TEST_STEP][PASSED] - orPath_TaxPayer = "Object Repository/RAD_Pages/Taxpayer_Page": null

2023-07-17 21:29:36 - [TEST_STEP][PASSED] - orPath_AddressContact = "Object Repository/RAD_Pages/AddressAndContactInfo_Page": null

2023-07-17 21:29:36 - [TEST_STEP][PASSED] - orPath_FilingStatus = "Object Repository/RAD_Pages/FilingStatus_Page": null

2023-07-17 21:29:36 - [TEST_STEP][PASSED] - orPath_Amount = "Object Repository/RAD_Pages/PaymentAmount_Page": null

2023-07-17 21:29:36 - [TEST_STEP][PASSED] - orPath_TaxInfo = "Object Repository/RAD_Pages/TaxInfo_Page": null

2023-07-17 21:29:36 - [TEST_STEP][PASSED] - orPath_Withholding = "Object Repository/RAD_Pages/Withholding_Page": null

2023-07-17 21:29:36 - [TEST_STEP][PASSED] - orPath_Summary = "Object Repository/RAD_Pages/Summary_Page": null

2023-07-17 21:29:36 - [TEST_STEP][PASSED] - orPath_PaymentReady = "Object Repository/RAD_Pages/PaymentReady_Page": null

2023-07-17 21:29:36 - [TEST_STEP][PASSED] - orPath_PaymentEntry = "Object Repository/RAD_Pages/PaymentEntry_Page": null

2023-07-17 21:29:36 - [TEST_STEP][PASSED] - orPath_PaymentConfirmation = "Object Repository/RAD_Pages/PaymentConfirmation_Page": null

2023-07-17 21:29:36 - [TEST_STEP][PASSED] - orPath_ServiceFeesAccept = "Object Repository/RAD_Pages/ServiceFeeAccept_Page": null

2023-07-17 21:29:36 - [TEST_STEP][PASSED] - selectOptionByLabel(findTestObject(orPath_Landing + "/dd_TaxType"), Taxtype, false): All options with label 'Existing Liability' are selected in object 'Object Repository/RAD_Pages/Landing_Page/dd_TaxType' 

2023-07-17 21:29:37 - [MESSAGE][PASSED] - All options with label 'Existing Liability' are selected in object 'Object Repository/RAD_Pages/Landing_Page/dd_TaxType' 

2023-07-17 21:29:37 - [TEST_STEP][PASSED] - delay(1): Delayed 1 second(s)

2023-07-17 21:29:38 - [MESSAGE][PASSED] - Delayed 1 second(s)

2023-07-17 21:29:38 - [TEST_STEP][PASSED] - selectOptionByLabel(findTestObject(orPath_TaxTypeFilingYear + "/select_TaxType_ExistingLiability"), TaxTypeEL, false): All options with label 'Withholding Tax' are selected in object 'Object Repository/RAD_Pages/TaxTypeFilingYear_Page/select_TaxType_ExistingLiability' 

2023-07-17 21:29:39 - [MESSAGE][PASSED] - All options with label 'Withholding Tax' are selected in object 'Object Repository/RAD_Pages/TaxTypeFilingYear_Page/select_TaxType_ExistingLiability' 

2023-07-17 21:29:39 - [TEST_STEP][PASSED] - if (TaxTypeEL.equalsIgnoreCase("Fiduciary Tax") || TaxTypeEL.equalsIgnoreCase("Personal Tax")): null

2023-07-17 21:29:39 - [TEST_STEP][PASSED] - else: Text 'Light Car Wash' is set on object 'Object Repository/RAD_Pages/Taxpayer_Page/input_businessName'

2023-07-17 21:29:39 - [TEST_STEP][PASSED] - setText(findTestObject(orPath_TaxPayer + "/input_businessName"), businessName): Text 'Light Car Wash' is set on object 'Object Repository/RAD_Pages/Taxpayer_Page/input_businessName'

2023-07-17 21:29:39 - [MESSAGE][PASSED] - Text 'Light Car Wash' is set on object 'Object Repository/RAD_Pages/Taxpayer_Page/input_businessName'

2023-07-17 21:29:39 - [TEST_STEP][PASSED] - selectOptionByLabel(findTestObject(orPath_AddressContact + "/select_Country"), "United States", false): All options with label 'United States' are selected in object 'Object Repository/RAD_Pages/AddressAndContactInfo_Page/select_Country' 

2023-07-17 21:29:40 - [MESSAGE][PASSED] - All options with label 'United States' are selected in object 'Object Repository/RAD_Pages/AddressAndContactInfo_Page/select_Country' 

2023-07-17 21:29:40 - [TEST_STEP][PASSED] - setText(findTestObject(orPath_AddressContact + "/input_streetAddress1"), AL1): Text '36 Hoolan Ave' is set on object 'Object Repository/RAD_Pages/AddressAndContactInfo_Page/input_streetAddress1'

2023-07-17 21:29:41 - [MESSAGE][PASSED] - Text '36 Hoolan Ave' is set on object 'Object Repository/RAD_Pages/AddressAndContactInfo_Page/input_streetAddress1'

2023-07-17 21:29:41 - [TEST_STEP][PASSED] - setText(findTestObject(orPath_AddressContact + "/input_streetAddress2"), ""): Text '' is set on object 'Object Repository/RAD_Pages/AddressAndContactInfo_Page/input_streetAddress2'

2023-07-17 21:29:41 - [MESSAGE][PASSED] - Text '' is set on object 'Object Repository/RAD_Pages/AddressAndContactInfo_Page/input_streetAddress2'

2023-07-17 21:29:41 - [TEST_STEP][PASSED] - setText(findTestObject(orPath_AddressContact + "/input_city"), City): Text 'Huntsville' is set on object 'Object Repository/RAD_Pages/AddressAndContactInfo_Page/input_city'

2023-07-17 21:29:42 - [MESSAGE][PASSED] - Text 'Huntsville' is set on object 'Object Repository/RAD_Pages/AddressAndContactInfo_Page/input_city'

2023-07-17 21:29:42 - [TEST_STEP][PASSED] - selectOptionByLabel(findTestObject(orPath_AddressContact + "/select_State"), "Maryland", false): All options with label 'Maryland' are selected in object 'Object Repository/RAD_Pages/AddressAndContactInfo_Page/select_State' 

2023-07-17 21:29:43 - [MESSAGE][PASSED] - All options with label 'Maryland' are selected in object 'Object Repository/RAD_Pages/AddressAndContactInfo_Page/select_State' 

2023-07-17 21:29:43 - [TEST_STEP][PASSED] - setText(findTestObject(orPath_AddressContact + "/input_zipCode"), ZIP): Text '21093' is set on object 'Object Repository/RAD_Pages/AddressAndContactInfo_Page/input_zipCode'

2023-07-17 21:29:43 - [MESSAGE][PASSED] - Text '21093' is set on object 'Object Repository/RAD_Pages/AddressAndContactInfo_Page/input_zipCode'

2023-07-17 21:29:43 - [TEST_STEP][PASSED] - setText(findTestObject(orPath_AddressContact + "/input_phoneNumber"), "(703) 894-5000"): Text '(703) 894-5000' is set on object 'Object Repository/RAD_Pages/AddressAndContactInfo_Page/input_phoneNumber'

2023-07-17 21:29:44 - [MESSAGE][PASSED] - Text '(703) 894-5000' is set on object 'Object Repository/RAD_Pages/AddressAndContactInfo_Page/input_phoneNumber'

2023-07-17 21:29:44 - [TEST_STEP][PASSED] - setText(findTestObject(orPath_AddressContact + "/input_eMailAddress"), "iahmed@govolution.com"): Text 'iahmed@govolution.com' is set on object 'Object Repository/RAD_Pages/AddressAndContactInfo_Page/input_eMailAddress'

2023-07-17 21:29:45 - [MESSAGE][PASSED] - Text 'iahmed@govolution.com' is set on object 'Object Repository/RAD_Pages/AddressAndContactInfo_Page/input_eMailAddress'

2023-07-17 21:29:45 - [TEST_STEP][PASSED] - setText(findTestObject(orPath_AddressContact + "/input_reEnterEMailAddress"), "iahmed@govolution.com"): Text 'iahmed@govolution.com' is set on object 'Object Repository/RAD_Pages/AddressAndContactInfo_Page/input_reEnterEMailAddress'

2023-07-17 21:29:46 - [MESSAGE][PASSED] - Text 'iahmed@govolution.com' is set on object 'Object Repository/RAD_Pages/AddressAndContactInfo_Page/input_reEnterEMailAddress'

2023-07-17 21:29:46 - [TEST_STEP][PASSED] - if (TaxTypeEL.equalsIgnoreCase("Personal Tax")): null

2023-07-17 21:29:46 - [TEST_STEP][PASSED] - scrollToElement(findTestObject(orPath_Amount + "/input__paymentAmount"), 3): Scroll to object 'Object Repository/RAD_Pages/PaymentAmount_Page/input__paymentAmount' successfully

2023-07-17 21:29:46 - [MESSAGE][PASSED] - Scroll to object 'Object Repository/RAD_Pages/PaymentAmount_Page/input__paymentAmount' successfully

2023-07-17 21:29:46 - [TEST_STEP][PASSED] - if (!(TaxTypeEL.equalsIgnoreCase("Personal Tax"))): Text ****** has been set on object 'Object Repository/RAD_Pages/TaxInfo_Page/input_concat(id(, , data, , ))_Data (1)'

2023-07-17 21:29:46 - [TEST_STEP][PASSED] - setEncryptedText(findTestObject("Object Repository/RAD_Pages/TaxInfo_Page/input_concat(id(, , data, , ))_Data"), "RigbBhfdqODKcAsiUrg+1Q=="): Text ****** has been set on object 'Object Repository/RAD_Pages/TaxInfo_Page/input_concat(id(, , data, , ))_Data'

2023-07-17 21:29:47 - [MESSAGE][PASSED] - Text ****** has been set on object 'Object Repository/RAD_Pages/TaxInfo_Page/input_concat(id(, , data, , ))_Data'

2023-07-17 21:29:47 - [TEST_STEP][PASSED] - setEncryptedText(findTestObject("Object Repository/RAD_Pages/TaxInfo_Page/input_concat(id(, , data, , ))_Data (1)"), "RigbBhfdqODKcAsiUrg+1Q=="): Text ****** has been set on object 'Object Repository/RAD_Pages/TaxInfo_Page/input_concat(id(, , data, , ))_Data (1)'

2023-07-17 21:29:47 - [MESSAGE][PASSED] - Text ****** has been set on object 'Object Repository/RAD_Pages/TaxInfo_Page/input_concat(id(, , data, , ))_Data (1)'

2023-07-17 21:29:47 - [TEST_STEP][PASSED] - delay(1): Delayed 1 second(s)

2023-07-17 21:29:48 - [MESSAGE][PASSED] - Delayed 1 second(s)

2023-07-17 21:29:48 - [TEST_STEP][PASSED] - setText(findTestObject(orPath_TaxInfo + "/input_NoticeInvoiceNumber"), notInvNumber): Text '2581471470001' is set on object 'Object Repository/RAD_Pages/TaxInfo_Page/input_NoticeInvoiceNumber'

2023-07-17 21:29:49 - [MESSAGE][PASSED] - Text '2581471470001' is set on object 'Object Repository/RAD_Pages/TaxInfo_Page/input_NoticeInvoiceNumber'

2023-07-17 21:29:49 - [TEST_STEP][PASSED] - setText(findTestObject(orPath_TaxInfo + "/input_reTypeNoticeInvoiceNumber"), notInvNumber): Text '2581471470001' is set on object 'Object Repository/RAD_Pages/TaxInfo_Page/input_reTypeNoticeInvoiceNumber'

2023-07-17 21:29:50 - [MESSAGE][PASSED] - Text '2581471470001' is set on object 'Object Repository/RAD_Pages/TaxInfo_Page/input_reTypeNoticeInvoiceNumber'

2023-07-17 21:29:50 - [TEST_STEP][PASSED] - if (TaxTypeEL.equalsIgnoreCase("Sales & Use Tax") || TaxTypeEL.equalsIgnoreCase("Withholding Tax")): Text '07640126' is set on object 'Object Repository/RAD_Pages/TaxInfo_Page/input_MDCRegistrationEL'

2023-07-17 21:29:50 - [TEST_STEP][PASSED] - println("TaxTypeEL : " + TaxTypeEL): null

2023-07-17 21:29:50 - [TEST_STEP][PASSED] - setText(findTestObject(orPath_TaxInfo + "/input_MDCRegistrationEL"), "07640126"): Text '07640126' is set on object 'Object Repository/RAD_Pages/TaxInfo_Page/input_MDCRegistrationEL'

2023-07-17 21:29:51 - [MESSAGE][PASSED] - Text '07640126' is set on object 'Object Repository/RAD_Pages/TaxInfo_Page/input_MDCRegistrationEL'

2023-07-17 21:29:51 - [TEST_STEP][PASSED] - setText(findTestObject(orPath_Amount + "/input__paymentAmount"), Amount): Text '70.50' is set on object 'Object Repository/RAD_Pages/PaymentAmount_Page/input__paymentAmount'

2023-07-17 21:29:52 - [MESSAGE][PASSED] - Text '70.50' is set on object 'Object Repository/RAD_Pages/PaymentAmount_Page/input__paymentAmount'

2023-07-17 21:29:52 - [TEST_STEP][PASSED] - scrollToElement(findTestObject(orPath_Landing + "/button_Continue"), 3): Scroll to object 'Object Repository/RAD_Pages/Landing_Page/button_Continue' successfully

2023-07-17 21:29:52 - [MESSAGE][PASSED] - Scroll to object 'Object Repository/RAD_Pages/Landing_Page/button_Continue' successfully

2023-07-17 21:29:52 - [TEST_STEP][PASSED] - waitForElementClickable(findTestObject(orPath_Landing + "/button_Continue"), 5): Object 'Object Repository/RAD_Pages/Landing_Page/button_Continue' is clickable

2023-07-17 21:29:53 - [MESSAGE][PASSED] - Object 'Object Repository/RAD_Pages/Landing_Page/button_Continue' is clickable

2023-07-17 21:29:53 - [TEST_STEP][PASSED] - click(findTestObject(orPath_Landing + "/button_Continue")): Object: 'Object Repository/RAD_Pages/Landing_Page/button_Continue' is clicked on

2023-07-17 21:29:53 - [MESSAGE][PASSED] - Object: 'Object Repository/RAD_Pages/Landing_Page/button_Continue' is clicked on

2023-07-17 21:29:53 - [TEST_STEP][PASSED] - verifyTextPresent("Review the information below and make any necessary corrections by clicking the", true): Text 'Review the information below and make any necessary corrections by clicking the' is present on page  using regular expression

2023-07-17 21:29:54 - [MESSAGE][PASSED] - Text 'Review the information below and make any necessary corrections by clicking the' is present on page  using regular expression

2023-07-17 21:29:54 - [TEST_STEP][PASSED] - verifyTextPresent("When you are confident that all the information is correct", true): Text 'When you are confident that all the information is correct' is present on page  using regular expression

2023-07-17 21:29:54 - [MESSAGE][PASSED] - Text 'When you are confident that all the information is correct' is present on page  using regular expression

2023-07-17 21:29:54 - [TEST_STEP][PASSED] - delay(1): Delayed 1 second(s)

2023-07-17 21:29:55 - [MESSAGE][PASSED] - Delayed 1 second(s)

2023-07-17 21:29:55 - [TEST_STEP][PASSED] - click(findTestObject(orPath_PaymentReady + "/button_ProceedtoPayment")): Object: 'Object Repository/RAD_Pages/PaymentReady_Page/button_ProceedtoPayment' is clicked on

2023-07-17 21:29:56 - [MESSAGE][PASSED] - Object: 'Object Repository/RAD_Pages/PaymentReady_Page/button_ProceedtoPayment' is clicked on

2023-07-17 21:29:56 - [TEST_STEP][PASSED] - setText(findTestObject("Object Repository/RAD_Pages/PaymentEntry_Page/input__billingName"), "Anthony Gonzalez"): Text 'Anthony Gonzalez' is set on object 'Object Repository/RAD_Pages/PaymentEntry_Page/input__billingName'

2023-07-17 21:29:57 - [MESSAGE][PASSED] - Text 'Anthony Gonzalez' is set on object 'Object Repository/RAD_Pages/PaymentEntry_Page/input__billingName'

2023-07-17 21:29:57 - [TEST_STEP][PASSED] - setText(findTestObject(orPath_PaymentEntry + "/input__cardNumber"), CCNumber): Text '5146312200000035' is set on object 'Object Repository/RAD_Pages/PaymentEntry_Page/input__cardNumber'

2023-07-17 21:29:58 - [MESSAGE][PASSED] - Text '5146312200000035' is set on object 'Object Repository/RAD_Pages/PaymentEntry_Page/input__cardNumber'

2023-07-17 21:29:58 - [TEST_STEP][PASSED] - setText(findTestObject(orPath_PaymentEntry + "/input__spc"), CVV): Text '123' is set on object 'Object Repository/RAD_Pages/PaymentEntry_Page/input__spc'

2023-07-17 21:29:58 - [MESSAGE][PASSED] - Text '123' is set on object 'Object Repository/RAD_Pages/PaymentEntry_Page/input__spc'

2023-07-17 21:29:58 - [TEST_STEP][PASSED] - selectOptionByLabel(findTestObject(orPath_PaymentEntry + "/select_MM"), "12", false): All options with label '12' are selected in object 'Object Repository/RAD_Pages/PaymentEntry_Page/select_MM' 

2023-07-17 21:29:59 - [MESSAGE][PASSED] - All options with label '12' are selected in object 'Object Repository/RAD_Pages/PaymentEntry_Page/select_MM' 

2023-07-17 21:29:59 - [TEST_STEP][PASSED] - selectOptionByLabel(findTestObject(orPath_PaymentEntry + "/select_YYYY"), "2023", false): All options with label '2023' are selected in object 'Object Repository/RAD_Pages/PaymentEntry_Page/select_YYYY' 

2023-07-17 21:30:00 - [MESSAGE][PASSED] - All options with label '2023' are selected in object 'Object Repository/RAD_Pages/PaymentEntry_Page/select_YYYY' 

2023-07-17 21:30:00 - [TEST_STEP][PASSED] - click(findTestObject(orPath_PaymentEntry + "/input_Field_ccSubmit")): Object: 'Object Repository/RAD_Pages/PaymentEntry_Page/input_Field_ccSubmit' is clicked on

2023-07-17 21:30:00 - [MESSAGE][PASSED] - Object: 'Object Repository/RAD_Pages/PaymentEntry_Page/input_Field_ccSubmit' is clicked on

2023-07-17 21:30:00 - [TEST_STEP][PASSED] - click(findTestObject(orPath_PaymentConfirmation + "/input_N_confirmNotifyAction")): Object: 'Object Repository/RAD_Pages/PaymentConfirmation_Page/input_N_confirmNotifyAction' is clicked on

2023-07-17 21:30:01 - [MESSAGE][PASSED] - Object: 'Object Repository/RAD_Pages/PaymentConfirmation_Page/input_N_confirmNotifyAction' is clicked on

2023-07-17 21:30:01 - [TEST_STEP][PASSED] - click(findTestObject(orPath_ServiceFeesAccept + "/input_convFeeNotifyAction")): Object: 'Object Repository/RAD_Pages/ServiceFeeAccept_Page/input_convFeeNotifyAction' is clicked on

2023-07-17 21:30:03 - [MESSAGE][PASSED] - Object: 'Object Repository/RAD_Pages/ServiceFeeAccept_Page/input_convFeeNotifyAction' is clicked on

2023-07-17 21:30:03 - [TEST_STEP][PASSED] - delay(10): Delayed 10 second(s)

2023-07-17 21:30:13 - [MESSAGE][PASSED] - Delayed 10 second(s)

2023-07-17 21:30:13 - [TEST_STEP][PASSED] - verifyTextPresent("Successful Payment Receipt", true): Text 'Successful Payment Receipt' is present on page  using regular expression

2023-07-17 21:30:13 - [MESSAGE][PASSED] - Text 'Successful Payment Receipt' is present on page  using regular expression

2023-07-17 21:30:13 - [TEST_STEP][PASSED] - if (verifyTextPresent("Successful Payment Receipt", true)): null

2023-07-17 21:30:13 - [MESSAGE][PASSED] - Text 'Successful Payment Receipt' is present on page  using regular expression

2023-07-17 21:30:13 - [TEST_STEP][PASSED] - println("Transaction was Successful"): null

2023-07-17 21:30:13 - [TEST_STEP][PASSED] - out.println("Pass Record Number: " + row): null

2023-07-17 21:30:13 - [TEST_STEP][PASSED] - resText = "Pass": null

2023-07-17 21:30:13 - [TEST_STEP][PASSED] - pages.WriteExcel.demoKey(resText, datText, resColumn, datCloumn, fileLoc, nameSheet, row): pages.WriteExcel.demoKey is PASSED

2023-07-17 21:30:13 - [MESSAGE][PASSED] - pages.WriteExcel.demoKey is PASSED

2023-07-17 21:30:13 - [TEST_STEP][PASSED] - ExecuteTC = findTestData(dataFile).getValue("Execute", row): null

2023-07-17 21:30:13 - [TEST_STEP][PASSED] - Taxtype = findTestData(dataFile).getValue("TaxType", row): null

2023-07-17 21:30:13 - [TEST_STEP][PASSED] - TaxTypeEL = findTestData(dataFile).getValue("TaxTypeEL", row): null

2023-07-17 21:30:13 - [TEST_STEP][PASSED] - FName = findTestData(dataFile).getValue("Fname", row): null

2023-07-17 21:30:13 - [TEST_STEP][PASSED] - LName = findTestData(dataFile).getValue("Lname", row): null

2023-07-17 21:30:13 - [TEST_STEP][PASSED] - AL1 = findTestData(dataFile).getValue("AL1", row): null

2023-07-17 21:30:13 - [TEST_STEP][PASSED] - City = findTestData(dataFile).getValue("City", row): null

2023-07-17 21:30:13 - [TEST_STEP][PASSED] - ZIP = findTestData(dataFile).getValue("ZIP", row): null

2023-07-17 21:30:13 - [TEST_STEP][PASSED] - Amount = findTestData(dataFile).getValue("Amount", row): null

2023-07-17 21:30:13 - [TEST_STEP][PASSED] - CCNumber = findTestData(dataFile).getValue("CCNumber", row): null

2023-07-17 21:30:13 - [TEST_STEP][PASSED] - CVV = findTestData(dataFile).getValue("CVV", row): null

2023-07-17 21:30:14 - [TEST_STEP][PASSED] - SSN = findTestData(dataFile).getValue("SSN", row): null

2023-07-17 21:30:14 - [TEST_STEP][PASSED] - notInvNumber = findTestData(dataFile).getValue("NotiInvoNumber", row): null

2023-07-17 21:30:14 - [TEST_STEP][PASSED] - businessName = findTestData(dataFile).getValue("BusName", row): null

2023-07-17 21:30:14 - [TEST_STEP][PASSED] - out.println("Value of Execute is : " + ExecuteTC): null

2023-07-17 21:30:14 - [TEST_STEP][PASSED] - if (ExecuteTC.equalsIgnoreCase("Y")): null

2023-07-17 21:30:14 - [TEST_STEP][PASSED] - ExecuteTC = findTestData(dataFile).getValue("Execute", row): null

2023-07-17 21:30:14 - [TEST_STEP][PASSED] - Taxtype = findTestData(dataFile).getValue("TaxType", row): null

2023-07-17 21:30:14 - [TEST_STEP][PASSED] - TaxTypeEL = findTestData(dataFile).getValue("TaxTypeEL", row): null

2023-07-17 21:30:14 - [TEST_STEP][PASSED] - FName = findTestData(dataFile).getValue("Fname", row): null

2023-07-17 21:30:14 - [TEST_STEP][PASSED] - LName = findTestData(dataFile).getValue("Lname", row): null

2023-07-17 21:30:14 - [TEST_STEP][PASSED] - AL1 = findTestData(dataFile).getValue("AL1", row): null

2023-07-17 21:30:14 - [TEST_STEP][PASSED] - City = findTestData(dataFile).getValue("City", row): null

2023-07-17 21:30:14 - [TEST_STEP][PASSED] - ZIP = findTestData(dataFile).getValue("ZIP", row): null

2023-07-17 21:30:14 - [TEST_STEP][PASSED] - Amount = findTestData(dataFile).getValue("Amount", row): null

2023-07-17 21:30:14 - [TEST_STEP][PASSED] - CCNumber = findTestData(dataFile).getValue("CCNumber", row): null

2023-07-17 21:30:14 - [TEST_STEP][PASSED] - CVV = findTestData(dataFile).getValue("CVV", row): null

2023-07-17 21:30:14 - [TEST_STEP][PASSED] - SSN = findTestData(dataFile).getValue("SSN", row): null

2023-07-17 21:30:14 - [TEST_STEP][PASSED] - notInvNumber = findTestData(dataFile).getValue("NotiInvoNumber", row): null

2023-07-17 21:30:14 - [TEST_STEP][PASSED] - businessName = findTestData(dataFile).getValue("BusName", row): null

2023-07-17 21:30:14 - [TEST_STEP][PASSED] - out.println("Value of Execute is : " + ExecuteTC): null

2023-07-17 21:30:14 - [TEST_STEP][PASSED] - if (ExecuteTC.equalsIgnoreCase("Y")): null]]></system-out>
         <system-err><![CDATA[]]></system-err>
      </testcase>
      <testcase name="Test Cases/RAD_TestCases/PaymentsHardCoded/SAU_MDForm202_AfterJuly2021_HC_TC" time="83.394" classname="Test Cases/RAD_TestCases/PaymentsHardCoded/SAU_MDForm202_AfterJuly2021_HC_TC" status="PASSED">
         <system-out><![CDATA[2023-07-17 21:30:14 - [TEST_CASE][PASSED] - Test Cases/RAD_TestCases/PaymentsHardCoded/SAU_MDForm202_AfterJuly2021_HC_TC: Test Cases/RAD_TestCases/PaymentsHardCoded/SAU_MDForm202_AfterJuly2021_HC_TC

2023-07-17 21:30:15 - [TEST_STEP][PASSED] - openBrowser(""): Browser is opened with url: ''

2023-07-17 21:30:15 - [MESSAGE][WARNING] - A browser is already opened. Closing browser and opening a new one

2023-07-17 21:30:16 - [MESSAGE][INFO] - Starting 'Chrome' driver

2023-07-17 21:30:16 - [MESSAGE][INFO] - User set preference: ['acceptInsecureCerts', 'true']

2023-07-17 21:30:16 - [MESSAGE][INFO] - Action delay is set to 0 milliseconds

2023-07-17 21:30:17 - [MESSAGE][PASSED] - Browser is opened with url: ''

2023-07-17 21:30:17 - [TEST_STEP][PASSED] - navigateToUrl("https://qa.velocitypayment.com/client/rad/index.html"): Navigate to 'https://qa.velocitypayment.com/client/rad/index.html' successfully

2023-07-17 21:30:19 - [MESSAGE][PASSED] - Navigate to 'https://qa.velocitypayment.com/client/rad/index.html' successfully

2023-07-17 21:30:19 - [TEST_STEP][PASSED] - maximizeWindow(): Current window maximized

2023-07-17 21:30:19 - [MESSAGE][PASSED] - Current window maximized

2023-07-17 21:30:19 - [TEST_STEP][PASSED] - selectOptionByValue(findTestObject("Object Repository/RAD_Pages/SAU_MDForm202_Page/select_Select    Estimated Tax    Personal _7587a1"), "5", true): All options with value '5' are selected in object 'Object Repository/RAD_Pages/SAU_MDForm202_Page/select_Select    Estimated Tax    Personal _7587a1'  using regular expression

2023-07-17 21:30:50 - [MESSAGE][INFO] - Unable to find the element located by 'By.xpath: //*[@id = 'taxType' and @name = 'taxType' and (text() = '
										    Select
										    Estimated Tax
										    Personal Income Tax
										    Extension Payments
										    Existing Liability
										    Sales and Use
										    Withholding Tax
										  ' or . = '
										    Select
										    Estimated Tax
										    Personal Income Tax
										    Extension Payments
										    Existing Liability
										    Sales and Use
										    Withholding Tax
										  ')]'. Please recheck the objects properties to make sure the desired element is located. 

2023-07-17 21:30:50 - [MESSAGE][WARNING] - [SELF-HEALING] Failed to find element with id 'Object Repository/RAD_Pages/SAU_MDForm202_Page/select_Select    Estimated Tax    Personal _7587a1'. Try using Self-healing.

2023-07-17 21:30:50 - [MESSAGE][WARNING] - [SELF-HEALING] The current locator of test object 'Object Repository/RAD_Pages/SAU_MDForm202_Page/select_Select    Estimated Tax    Personal _7587a1' was broken. Propose an alternative one: '//select[@id='taxType']'.

2023-07-17 21:30:51 - [MESSAGE][PASSED] - All options with value '5' are selected in object 'Object Repository/RAD_Pages/SAU_MDForm202_Page/select_Select    Estimated Tax    Personal _7587a1'  using regular expression

2023-07-17 21:30:51 - [TEST_STEP][PASSED] - selectOptionByValue(findTestObject("Object Repository/RAD_Pages/SAU_MDForm202_Page/select_Select202220212020"), "2021", true): All options with value '2021' are selected in object 'Object Repository/RAD_Pages/SAU_MDForm202_Page/select_Select202220212020'  using regular expression

2023-07-17 21:30:52 - [MESSAGE][PASSED] - All options with value '2021' are selected in object 'Object Repository/RAD_Pages/SAU_MDForm202_Page/select_Select202220212020'  using regular expression

2023-07-17 21:30:52 - [TEST_STEP][PASSED] - selectOptionByValue(findTestObject("Object Repository/RAD_Pages/SAU_MDForm202_Page/select_MonthJanuaryFebruaryMarchAprilMayJun_aa9ebb"), "07", true): All options with value '07' are selected in object 'Object Repository/RAD_Pages/SAU_MDForm202_Page/select_MonthJanuaryFebruaryMarchAprilMayJun_aa9ebb'  using regular expression

2023-07-17 21:30:53 - [MESSAGE][PASSED] - All options with value '07' are selected in object 'Object Repository/RAD_Pages/SAU_MDForm202_Page/select_MonthJanuaryFebruaryMarchAprilMayJun_aa9ebb'  using regular expression

2023-07-17 21:30:53 - [TEST_STEP][PASSED] - setText(findTestObject("Object Repository/RAD_Pages/SAU_MDForm202_Page/input_Note_businessName"), "My Business"): Text 'My Business' is set on object 'Object Repository/RAD_Pages/SAU_MDForm202_Page/input_Note_businessName'

2023-07-17 21:30:54 - [MESSAGE][PASSED] - Text 'My Business' is set on object 'Object Repository/RAD_Pages/SAU_MDForm202_Page/input_Note_businessName'

2023-07-17 21:30:54 - [TEST_STEP][PASSED] - setText(findTestObject("Object Repository/RAD_Pages/SAU_MDForm202_Page/input_Enter business name_firstName"), "Imtiaz"): Text 'Imtiaz' is set on object 'Object Repository/RAD_Pages/SAU_MDForm202_Page/input_Enter business name_firstName'

2023-07-17 21:30:55 - [MESSAGE][PASSED] - Text 'Imtiaz' is set on object 'Object Repository/RAD_Pages/SAU_MDForm202_Page/input_Enter business name_firstName'

2023-07-17 21:30:55 - [TEST_STEP][PASSED] - setText(findTestObject("Object Repository/RAD_Pages/SAU_MDForm202_Page/input_Enter first name_middleName"), "John"): Text 'John' is set on object 'Object Repository/RAD_Pages/SAU_MDForm202_Page/input_Enter first name_middleName'

2023-07-17 21:30:55 - [MESSAGE][PASSED] - Text 'John' is set on object 'Object Repository/RAD_Pages/SAU_MDForm202_Page/input_Enter first name_middleName'

2023-07-17 21:30:55 - [TEST_STEP][PASSED] - setText(findTestObject("Object Repository/RAD_Pages/SAU_MDForm202_Page/input_Middle Name_lastName"), "Ahmed"): Text 'Ahmed' is set on object 'Object Repository/RAD_Pages/SAU_MDForm202_Page/input_Middle Name_lastName'

2023-07-17 21:30:56 - [MESSAGE][PASSED] - Text 'Ahmed' is set on object 'Object Repository/RAD_Pages/SAU_MDForm202_Page/input_Middle Name_lastName'

2023-07-17 21:30:56 - [TEST_STEP][PASSED] - setText(findTestObject("Object Repository/RAD_Pages/SAU_MDForm202_Page/input_Enter last name_suffix"), "Mr"): Text 'Mr' is set on object 'Object Repository/RAD_Pages/SAU_MDForm202_Page/input_Enter last name_suffix'

2023-07-17 21:30:57 - [MESSAGE][PASSED] - Text 'Mr' is set on object 'Object Repository/RAD_Pages/SAU_MDForm202_Page/input_Enter last name_suffix'

2023-07-17 21:30:57 - [TEST_STEP][PASSED] - setText(findTestObject("Object Repository/RAD_Pages/SAU_MDForm202_Page/input_Select a country_streetAddress1"), "2311 york road"): Text '2311 york road' is set on object 'Object Repository/RAD_Pages/SAU_MDForm202_Page/input_Select a country_streetAddress1'

2023-07-17 21:30:57 - [MESSAGE][PASSED] - Text '2311 york road' is set on object 'Object Repository/RAD_Pages/SAU_MDForm202_Page/input_Select a country_streetAddress1'

2023-07-17 21:30:57 - [TEST_STEP][PASSED] - setText(findTestObject("Object Repository/RAD_Pages/SAU_MDForm202_Page/input_Enter address_streetAddress2"), "Suite 600"): Text 'Suite 600' is set on object 'Object Repository/RAD_Pages/SAU_MDForm202_Page/input_Enter address_streetAddress2'

2023-07-17 21:30:58 - [MESSAGE][PASSED] - Text 'Suite 600' is set on object 'Object Repository/RAD_Pages/SAU_MDForm202_Page/input_Enter address_streetAddress2'

2023-07-17 21:30:58 - [TEST_STEP][PASSED] - setText(findTestObject("Object Repository/RAD_Pages/SAU_MDForm202_Page/input_Street Address 2_city"), "Gambrills"): Text 'Gambrills' is set on object 'Object Repository/RAD_Pages/SAU_MDForm202_Page/input_Street Address 2_city'

2023-07-17 21:30:59 - [MESSAGE][PASSED] - Text 'Gambrills' is set on object 'Object Repository/RAD_Pages/SAU_MDForm202_Page/input_Street Address 2_city'

2023-07-17 21:30:59 - [TEST_STEP][PASSED] - selectOptionByValue(findTestObject("Object Repository/RAD_Pages/SAU_MDForm202_Page/select_SelectAlabamaAlaskaArizonaArkansasCa_90914a"), "MD", true): All options with value 'MD' are selected in object 'Object Repository/RAD_Pages/SAU_MDForm202_Page/select_SelectAlabamaAlaskaArizonaArkansasCa_90914a'  using regular expression

2023-07-17 21:31:00 - [MESSAGE][PASSED] - All options with value 'MD' are selected in object 'Object Repository/RAD_Pages/SAU_MDForm202_Page/select_SelectAlabamaAlaskaArizonaArkansasCa_90914a'  using regular expression

2023-07-17 21:31:00 - [TEST_STEP][PASSED] - setText(findTestObject("Object Repository/RAD_Pages/SAU_MDForm202_Page/input_Select a state_zipCode"), "21054"): Text '21054' is set on object 'Object Repository/RAD_Pages/SAU_MDForm202_Page/input_Select a state_zipCode'

2023-07-17 21:31:01 - [MESSAGE][PASSED] - Text '21054' is set on object 'Object Repository/RAD_Pages/SAU_MDForm202_Page/input_Select a state_zipCode'

2023-07-17 21:31:01 - [TEST_STEP][PASSED] - setText(findTestObject("Object Repository/RAD_Pages/SAU_MDForm202_Page/input_Enter ZIP code_phoneNumber"), "(703) 894-5000"): Text '(703) 894-5000' is set on object 'Object Repository/RAD_Pages/SAU_MDForm202_Page/input_Enter ZIP code_phoneNumber'

2023-07-17 21:31:02 - [MESSAGE][PASSED] - Text '(703) 894-5000' is set on object 'Object Repository/RAD_Pages/SAU_MDForm202_Page/input_Enter ZIP code_phoneNumber'

2023-07-17 21:31:02 - [TEST_STEP][PASSED] - setText(findTestObject("Object Repository/RAD_Pages/SAU_MDForm202_Page/input_Enter a phone number_eMailAddress"), "iahmed@govolution.com"): Text 'iahmed@govolution.com' is set on object 'Object Repository/RAD_Pages/SAU_MDForm202_Page/input_Enter a phone number_eMailAddress'

2023-07-17 21:31:03 - [MESSAGE][PASSED] - Text 'iahmed@govolution.com' is set on object 'Object Repository/RAD_Pages/SAU_MDForm202_Page/input_Enter a phone number_eMailAddress'

2023-07-17 21:31:03 - [TEST_STEP][PASSED] - setText(findTestObject("Object Repository/RAD_Pages/SAU_MDForm202_Page/input_Enter Email_reEnterEMailAddress"), "iahmed@govolution.com"): Text 'iahmed@govolution.com' is set on object 'Object Repository/RAD_Pages/SAU_MDForm202_Page/input_Enter Email_reEnterEMailAddress'

2023-07-17 21:31:03 - [MESSAGE][PASSED] - Text 'iahmed@govolution.com' is set on object 'Object Repository/RAD_Pages/SAU_MDForm202_Page/input_Enter Email_reEnterEMailAddress'

2023-07-17 21:31:03 - [TEST_STEP][PASSED] - setEncryptedText(findTestObject("Object Repository/RAD_Pages/TaxInfo_Page/input_FederalEIN"), "0fDtEjy4ijeV75Gl5M+mSg=="): Text ****** has been set on object 'Object Repository/RAD_Pages/TaxInfo_Page/input_FederalEIN'

2023-07-17 21:31:04 - [MESSAGE][PASSED] - Text ****** has been set on object 'Object Repository/RAD_Pages/TaxInfo_Page/input_FederalEIN'

2023-07-17 21:31:04 - [TEST_STEP][PASSED] - setEncryptedText(findTestObject("Object Repository/RAD_Pages/TaxInfo_Page/input_FederalEIN_ReEnter"), "0fDtEjy4ijeV75Gl5M+mSg=="): Text ****** has been set on object 'Object Repository/RAD_Pages/TaxInfo_Page/input_FederalEIN_ReEnter'

2023-07-17 21:31:05 - [MESSAGE][PASSED] - Text ****** has been set on object 'Object Repository/RAD_Pages/TaxInfo_Page/input_FederalEIN_ReEnter'

2023-07-17 21:31:05 - [TEST_STEP][PASSED] - setText(findTestObject("Object Repository/RAD_Pages/TaxInfo_Page/input_MDCRegistration"), "07640126"): Text '07640126' is set on object 'Object Repository/RAD_Pages/TaxInfo_Page/input_MDCRegistration'

2023-07-17 21:31:05 - [MESSAGE][PASSED] - Text '07640126' is set on object 'Object Repository/RAD_Pages/TaxInfo_Page/input_MDCRegistration'

2023-07-17 21:31:05 - [TEST_STEP][PASSED] - setText(findTestObject("Object Repository/RAD_Pages/SAU_MDForm202_Page/input__GrossSales2"), "2000.00"): Text '2000.00' is set on object 'Object Repository/RAD_Pages/SAU_MDForm202_Page/input__GrossSales2'

2023-07-17 21:31:06 - [MESSAGE][PASSED] - Text '2000.00' is set on object 'Object Repository/RAD_Pages/SAU_MDForm202_Page/input__GrossSales2'

2023-07-17 21:31:06 - [TEST_STEP][PASSED] - setText(findTestObject("Object Repository/RAD_Pages/SAU_MDForm202_Page/input__TaxableSales2"), "100.00"): Text '100.00' is set on object 'Object Repository/RAD_Pages/SAU_MDForm202_Page/input__TaxableSales2'

2023-07-17 21:31:07 - [MESSAGE][PASSED] - Text '100.00' is set on object 'Object Repository/RAD_Pages/SAU_MDForm202_Page/input__TaxableSales2'

2023-07-17 21:31:07 - [TEST_STEP][PASSED] - setText(findTestObject("Object Repository/RAD_Pages/SAU_MDForm202_Page/input__TaxableSalesESD2"), "100.00"): Text '100.00' is set on object 'Object Repository/RAD_Pages/SAU_MDForm202_Page/input__TaxableSalesESD2'

2023-07-17 21:31:07 - [MESSAGE][PASSED] - Text '100.00' is set on object 'Object Repository/RAD_Pages/SAU_MDForm202_Page/input__TaxableSalesESD2'

2023-07-17 21:31:07 - [TEST_STEP][PASSED] - setText(findTestObject("Object Repository/RAD_Pages/SAU_MDForm202_Page/input__TaxableSalesVapingLiquid2"), "100.00"): Text '100.00' is set on object 'Object Repository/RAD_Pages/SAU_MDForm202_Page/input__TaxableSalesVapingLiquid2'

2023-07-17 21:31:08 - [MESSAGE][PASSED] - Text '100.00' is set on object 'Object Repository/RAD_Pages/SAU_MDForm202_Page/input__TaxableSalesVapingLiquid2'

2023-07-17 21:31:08 - [TEST_STEP][PASSED] - setText(findTestObject("Object Repository/RAD_Pages/SAU_MDForm202_Page/input__CarRental2"), "100.00"): Text '100.00' is set on object 'Object Repository/RAD_Pages/SAU_MDForm202_Page/input__CarRental2'

2023-07-17 21:31:09 - [MESSAGE][PASSED] - Text '100.00' is set on object 'Object Repository/RAD_Pages/SAU_MDForm202_Page/input__CarRental2'

2023-07-17 21:31:09 - [TEST_STEP][PASSED] - setText(findTestObject("Object Repository/RAD_Pages/SAU_MDForm202_Page/input__TruckRental2"), "100.00"): Text '100.00' is set on object 'Object Repository/RAD_Pages/SAU_MDForm202_Page/input__TruckRental2'

2023-07-17 21:31:10 - [MESSAGE][PASSED] - Text '100.00' is set on object 'Object Repository/RAD_Pages/SAU_MDForm202_Page/input__TruckRental2'

2023-07-17 21:31:10 - [TEST_STEP][PASSED] - setText(findTestObject("Object Repository/RAD_Pages/SAU_MDForm202_Page/input__AlcoholSales2"), "100.00"): Text '100.00' is set on object 'Object Repository/RAD_Pages/SAU_MDForm202_Page/input__AlcoholSales2'

2023-07-17 21:31:10 - [MESSAGE][PASSED] - Text '100.00' is set on object 'Object Repository/RAD_Pages/SAU_MDForm202_Page/input__AlcoholSales2'

2023-07-17 21:31:10 - [TEST_STEP][PASSED] - setText(findTestObject("Object Repository/RAD_Pages/SAU_MDForm202_Page/input__Purchases2"), "100.00"): Text '100.00' is set on object 'Object Repository/RAD_Pages/SAU_MDForm202_Page/input__Purchases2'

2023-07-17 21:31:11 - [MESSAGE][PASSED] - Text '100.00' is set on object 'Object Repository/RAD_Pages/SAU_MDForm202_Page/input__Purchases2'

2023-07-17 21:31:11 - [TEST_STEP][PASSED] - setText(findTestObject("Object Repository/RAD_Pages/SAU_MDForm202_Page/input__TruckRentalPurchases2"), "100.00"): Text '100.00' is set on object 'Object Repository/RAD_Pages/SAU_MDForm202_Page/input__TruckRentalPurchases2'

2023-07-17 21:31:12 - [MESSAGE][PASSED] - Text '100.00' is set on object 'Object Repository/RAD_Pages/SAU_MDForm202_Page/input__TruckRentalPurchases2'

2023-07-17 21:31:12 - [TEST_STEP][PASSED] - setText(findTestObject("Object Repository/RAD_Pages/SAU_MDForm202_Page/input__AlcoholPurchases2"), "100.00"): Text '100.00' is set on object 'Object Repository/RAD_Pages/SAU_MDForm202_Page/input__AlcoholPurchases2'

2023-07-17 21:31:12 - [MESSAGE][PASSED] - Text '100.00' is set on object 'Object Repository/RAD_Pages/SAU_MDForm202_Page/input__AlcoholPurchases2'

2023-07-17 21:31:12 - [TEST_STEP][PASSED] - setText(findTestObject("Object Repository/RAD_Pages/SAU_MDForm202_Page/input__CarRentalPurchases2"), "100.00"): Text '100.00' is set on object 'Object Repository/RAD_Pages/SAU_MDForm202_Page/input__CarRentalPurchases2'

2023-07-17 21:31:13 - [MESSAGE][PASSED] - Text '100.00' is set on object 'Object Repository/RAD_Pages/SAU_MDForm202_Page/input__CarRentalPurchases2'

2023-07-17 21:31:13 - [TEST_STEP][PASSED] - setText(findTestObject("Object Repository/RAD_Pages/SAU_MDForm202_Page/input__ESDPurchases2"), "100.00"): Text '100.00' is set on object 'Object Repository/RAD_Pages/SAU_MDForm202_Page/input__ESDPurchases2'

2023-07-17 21:31:14 - [MESSAGE][PASSED] - Text '100.00' is set on object 'Object Repository/RAD_Pages/SAU_MDForm202_Page/input__ESDPurchases2'

2023-07-17 21:31:14 - [TEST_STEP][PASSED] - setText(findTestObject("Object Repository/RAD_Pages/SAU_MDForm202_Page/input__VapingLiquidPurchases2"), "100.00"): Text '100.00' is set on object 'Object Repository/RAD_Pages/SAU_MDForm202_Page/input__VapingLiquidPurchases2'

2023-07-17 21:31:15 - [MESSAGE][PASSED] - Text '100.00' is set on object 'Object Repository/RAD_Pages/SAU_MDForm202_Page/input__VapingLiquidPurchases2'

2023-07-17 21:31:15 - [TEST_STEP][PASSED] - setText(findTestObject("Object Repository/RAD_Pages/SAU_MDForm202_Page/input__Refund2"), "100.00"): Text '100.00' is set on object 'Object Repository/RAD_Pages/SAU_MDForm202_Page/input__Refund2'

2023-07-17 21:31:15 - [MESSAGE][PASSED] - Text '100.00' is set on object 'Object Repository/RAD_Pages/SAU_MDForm202_Page/input__Refund2'

2023-07-17 21:31:15 - [TEST_STEP][PASSED] - setText(findTestObject("Object Repository/RAD_Pages/SAU_MDForm202_Page/input__PenaltyInterest2"), "100.00"): Text '100.00' is set on object 'Object Repository/RAD_Pages/SAU_MDForm202_Page/input__PenaltyInterest2'

2023-07-17 21:31:16 - [MESSAGE][PASSED] - Text '100.00' is set on object 'Object Repository/RAD_Pages/SAU_MDForm202_Page/input__PenaltyInterest2'

2023-07-17 21:31:16 - [TEST_STEP][PASSED] - setText(findTestObject("Object Repository/RAD_Pages/SAU_MDForm202_Page/input__E911Fee2"), "95.00"): Text '95.00' is set on object 'Object Repository/RAD_Pages/SAU_MDForm202_Page/input__E911Fee2'

2023-07-17 21:31:17 - [MESSAGE][PASSED] - Text '95.00' is set on object 'Object Repository/RAD_Pages/SAU_MDForm202_Page/input__E911Fee2'

2023-07-17 21:31:17 - [TEST_STEP][PASSED] - scrollToElement(findTestObject("Object Repository/RAD_Pages/SAU_MDForm202_Page/button_Continue"), 3): Scroll to object 'Object Repository/RAD_Pages/SAU_MDForm202_Page/button_Continue' successfully

2023-07-17 21:31:17 - [MESSAGE][PASSED] - Scroll to object 'Object Repository/RAD_Pages/SAU_MDForm202_Page/button_Continue' successfully

2023-07-17 21:31:17 - [TEST_STEP][PASSED] - waitForElementClickable(findTestObject("Object Repository/RAD_Pages/SAU_MDForm202_Page/button_Continue"), 5): Object 'Object Repository/RAD_Pages/SAU_MDForm202_Page/button_Continue' is clickable

2023-07-17 21:31:17 - [MESSAGE][PASSED] - Object 'Object Repository/RAD_Pages/SAU_MDForm202_Page/button_Continue' is clickable

2023-07-17 21:31:17 - [TEST_STEP][PASSED] - click(findTestObject("Object Repository/RAD_Pages/SAU_MDForm202_Page/button_Continue")): Object: 'Object Repository/RAD_Pages/SAU_MDForm202_Page/button_Continue' is clicked on

2023-07-17 21:31:18 - [MESSAGE][PASSED] - Object: 'Object Repository/RAD_Pages/SAU_MDForm202_Page/button_Continue' is clicked on

2023-07-17 21:31:18 - [TEST_STEP][PASSED] - click(findTestObject("Object Repository/RAD_Pages/SAU_MDForm202_Page/button_Proceed to Payment")): Object: 'Object Repository/RAD_Pages/SAU_MDForm202_Page/button_Proceed to Payment' is clicked on

2023-07-17 21:31:20 - [MESSAGE][PASSED] - Object: 'Object Repository/RAD_Pages/SAU_MDForm202_Page/button_Proceed to Payment' is clicked on

2023-07-17 21:31:20 - [TEST_STEP][PASSED] - setText(findTestObject("Object Repository/RAD_Pages/SAU_MDForm202_Page/input__cardNumber"), "4111111111111111"): Text '4111111111111111' is set on object 'Object Repository/RAD_Pages/SAU_MDForm202_Page/input__cardNumber'

2023-07-17 21:31:20 - [MESSAGE][PASSED] - Text '4111111111111111' is set on object 'Object Repository/RAD_Pages/SAU_MDForm202_Page/input__cardNumber'

2023-07-17 21:31:20 - [TEST_STEP][PASSED] - setText(findTestObject("Object Repository/RAD_Pages/SAU_MDForm202_Page/input__spc"), "123"): Text '123' is set on object 'Object Repository/RAD_Pages/SAU_MDForm202_Page/input__spc'

2023-07-17 21:31:21 - [MESSAGE][PASSED] - Text '123' is set on object 'Object Repository/RAD_Pages/SAU_MDForm202_Page/input__spc'

2023-07-17 21:31:21 - [TEST_STEP][PASSED] - selectOptionByValue(findTestObject("Object Repository/RAD_Pages/SAU_MDForm202_Page/select_MM010203040506070809101112"), "12", true): All options with value '12' are selected in object 'Object Repository/RAD_Pages/SAU_MDForm202_Page/select_MM010203040506070809101112'  using regular expression

2023-07-17 21:31:22 - [MESSAGE][PASSED] - All options with value '12' are selected in object 'Object Repository/RAD_Pages/SAU_MDForm202_Page/select_MM010203040506070809101112'  using regular expression

2023-07-17 21:31:22 - [TEST_STEP][PASSED] - selectOptionByValue(findTestObject("Object Repository/RAD_Pages/SAU_MDForm202_Page/select_YYYY20212022202320242025202620272028_8c4dd4"), "2025", true): All options with value '2025' are selected in object 'Object Repository/RAD_Pages/SAU_MDForm202_Page/select_YYYY20212022202320242025202620272028_8c4dd4'  using regular expression

2023-07-17 21:31:23 - [MESSAGE][PASSED] - All options with value '2025' are selected in object 'Object Repository/RAD_Pages/SAU_MDForm202_Page/select_YYYY20212022202320242025202620272028_8c4dd4'  using regular expression

2023-07-17 21:31:23 - [TEST_STEP][PASSED] - click(findTestObject("Object Repository/RAD_Pages/SAU_MDForm202_Page/input_BillInvoice Details_ccSubmit")): Object: 'Object Repository/RAD_Pages/SAU_MDForm202_Page/input_BillInvoice Details_ccSubmit' is clicked on

2023-07-17 21:31:24 - [MESSAGE][PASSED] - Object: 'Object Repository/RAD_Pages/SAU_MDForm202_Page/input_BillInvoice Details_ccSubmit' is clicked on

2023-07-17 21:31:24 - [TEST_STEP][PASSED] - click(findTestObject("Object Repository/RAD_Pages/SAU_MDForm202_Page/input_233.40_confirmNotifyAction")): Object: 'Object Repository/RAD_Pages/SAU_MDForm202_Page/input_233.40_confirmNotifyAction' is clicked on

2023-07-17 21:31:25 - [MESSAGE][PASSED] - Object: 'Object Repository/RAD_Pages/SAU_MDForm202_Page/input_233.40_confirmNotifyAction' is clicked on

2023-07-17 21:31:25 - [TEST_STEP][PASSED] - click(findTestObject("Object Repository/RAD_Pages/SAU_MDForm202_Page/input_239.12_convFeeNotifyAction")): Object: 'Object Repository/RAD_Pages/SAU_MDForm202_Page/input_239.12_convFeeNotifyAction' is clicked on

2023-07-17 21:31:26 - [MESSAGE][PASSED] - Object: 'Object Repository/RAD_Pages/SAU_MDForm202_Page/input_239.12_convFeeNotifyAction' is clicked on

2023-07-17 21:31:26 - [TEST_STEP][PASSED] - delay(10): Delayed 10 second(s)

2023-07-17 21:31:36 - [MESSAGE][PASSED] - Delayed 10 second(s)

2023-07-17 21:31:36 - [TEST_STEP][PASSED] - verifyTextPresent("Successful Payment Receipt", true): Text 'Successful Payment Receipt' is present on page  using regular expression

2023-07-17 21:31:37 - [MESSAGE][PASSED] - Text 'Successful Payment Receipt' is present on page  using regular expression

2023-07-17 21:31:37 - [TEST_STEP][PASSED] - closeBrowser(): Browser is closed

2023-07-17 21:31:37 - [MESSAGE][PASSED] - Browser is closed]]></system-out>
         <system-err><![CDATA[]]></system-err>
      </testcase>
      <testcase name="Test Cases/RAD_TestCases/PaymentsHardCoded/SAU_MDForm202F_AfterJuly2021_MarketplaceFacilitator_HC_TC" time="90.291" classname="Test Cases/RAD_TestCases/PaymentsHardCoded/SAU_MDForm202F_AfterJuly2021_MarketplaceFacilitator_HC_TC" status="PASSED">
         <system-out><![CDATA[2023-07-17 21:31:37 - [TEST_CASE][PASSED] - Test Cases/RAD_TestCases/PaymentsHardCoded/SAU_MDForm202F_AfterJuly2021_MarketplaceFacilitator_HC_TC: Test Cases/RAD_TestCases/PaymentsHardCoded/SAU_MDForm202F_AfterJuly2021_MarketplaceFacilitator_HC_TC

2023-07-17 21:31:38 - [TEST_STEP][PASSED] - openBrowser(""): Browser is opened with url: ''

2023-07-17 21:31:38 - [MESSAGE][INFO] - Starting 'Chrome' driver

2023-07-17 21:31:38 - [MESSAGE][INFO] - User set preference: ['acceptInsecureCerts', 'true']

2023-07-17 21:31:38 - [MESSAGE][INFO] - Action delay is set to 0 milliseconds

2023-07-17 21:31:39 - [MESSAGE][PASSED] - Browser is opened with url: ''

2023-07-17 21:31:39 - [TEST_STEP][PASSED] - navigateToUrl("https://qa.velocitypayment.com/client/rad/index.html"): Navigate to 'https://qa.velocitypayment.com/client/rad/index.html' successfully

2023-07-17 21:31:42 - [MESSAGE][PASSED] - Navigate to 'https://qa.velocitypayment.com/client/rad/index.html' successfully

2023-07-17 21:31:42 - [TEST_STEP][PASSED] - maximizeWindow(): Current window maximized

2023-07-17 21:31:42 - [MESSAGE][PASSED] - Current window maximized

2023-07-17 21:31:42 - [TEST_STEP][PASSED] - selectOptionByValue(findTestObject("Object Repository/RAD_Pages/SAU_MDForm202F_MF_AfterJuly2021_Page/select_Select    Estimated Tax    Personal _7587a1"), "5", true): All options with value '5' are selected in object 'Object Repository/RAD_Pages/SAU_MDForm202F_MF_AfterJuly2021_Page/select_Select    Estimated Tax    Personal _7587a1'  using regular expression

2023-07-17 21:32:13 - [MESSAGE][INFO] - Unable to find the element located by 'By.xpath: //*[@id = 'taxType' and @name = 'taxType' and (text() = '
										    Select
										    Estimated Tax
										    Personal Income Tax
										    Extension Payments
										    Existing Liability
										    Sales and Use
										    Withholding Tax
										  ' or . = '
										    Select
										    Estimated Tax
										    Personal Income Tax
										    Extension Payments
										    Existing Liability
										    Sales and Use
										    Withholding Tax
										  ')]'. Please recheck the objects properties to make sure the desired element is located. 

2023-07-17 21:32:13 - [MESSAGE][WARNING] - [SELF-HEALING] Failed to find element with id 'Object Repository/RAD_Pages/SAU_MDForm202F_MF_AfterJuly2021_Page/select_Select    Estimated Tax    Personal _7587a1'. Try using Self-healing.

2023-07-17 21:32:14 - [MESSAGE][WARNING] - [SELF-HEALING] The current locator of test object 'Object Repository/RAD_Pages/SAU_MDForm202F_MF_AfterJuly2021_Page/select_Select    Estimated Tax    Personal _7587a1' was broken. Propose an alternative one: '//select[@id='taxType']'.

2023-07-17 21:32:14 - [MESSAGE][PASSED] - All options with value '5' are selected in object 'Object Repository/RAD_Pages/SAU_MDForm202F_MF_AfterJuly2021_Page/select_Select    Estimated Tax    Personal _7587a1'  using regular expression

2023-07-17 21:32:14 - [TEST_STEP][PASSED] - selectOptionByValue(findTestObject("Object Repository/RAD_Pages/SAU_MDForm202F_MF_AfterJuly2021_Page/select_Select202220212020"), "2021", true): All options with value '2021' are selected in object 'Object Repository/RAD_Pages/SAU_MDForm202F_MF_AfterJuly2021_Page/select_Select202220212020'  using regular expression

2023-07-17 21:32:15 - [MESSAGE][PASSED] - All options with value '2021' are selected in object 'Object Repository/RAD_Pages/SAU_MDForm202F_MF_AfterJuly2021_Page/select_Select202220212020'  using regular expression

2023-07-17 21:32:16 - [TEST_STEP][PASSED] - selectOptionByValue(findTestObject("Object Repository/RAD_Pages/SAU_MDForm202F_MF_AfterJuly2021_Page/select_MonthJanuaryFebruaryMarchAprilMayJun_aa9ebb"), "08", true): All options with value '08' are selected in object 'Object Repository/RAD_Pages/SAU_MDForm202F_MF_AfterJuly2021_Page/select_MonthJanuaryFebruaryMarchAprilMayJun_aa9ebb'  using regular expression

2023-07-17 21:32:17 - [MESSAGE][PASSED] - All options with value '08' are selected in object 'Object Repository/RAD_Pages/SAU_MDForm202F_MF_AfterJuly2021_Page/select_MonthJanuaryFebruaryMarchAprilMayJun_aa9ebb'  using regular expression

2023-07-17 21:32:17 - [TEST_STEP][PASSED] - setText(findTestObject("Object Repository/RAD_Pages/SAU_MDForm202F_MF_AfterJuly2021_Page/input_Note_businessName"), "Broken Glass, LLC"): Text 'Broken Glass, LLC' is set on object 'Object Repository/RAD_Pages/SAU_MDForm202F_MF_AfterJuly2021_Page/input_Note_businessName'

2023-07-17 21:32:18 - [MESSAGE][PASSED] - Text 'Broken Glass, LLC' is set on object 'Object Repository/RAD_Pages/SAU_MDForm202F_MF_AfterJuly2021_Page/input_Note_businessName'

2023-07-17 21:32:18 - [TEST_STEP][PASSED] - setText(findTestObject("Object Repository/RAD_Pages/SAU_MDForm202F_MF_AfterJuly2021_Page/input_Enter business name_firstName"), "Andy"): Text 'Andy' is set on object 'Object Repository/RAD_Pages/SAU_MDForm202F_MF_AfterJuly2021_Page/input_Enter business name_firstName'

2023-07-17 21:32:18 - [MESSAGE][PASSED] - Text 'Andy' is set on object 'Object Repository/RAD_Pages/SAU_MDForm202F_MF_AfterJuly2021_Page/input_Enter business name_firstName'

2023-07-17 21:32:18 - [TEST_STEP][PASSED] - setText(findTestObject("Object Repository/RAD_Pages/SAU_MDForm202F_MF_AfterJuly2021_Page/input_Enter first name_middleName"), "Lament"): Text 'Lament' is set on object 'Object Repository/RAD_Pages/SAU_MDForm202F_MF_AfterJuly2021_Page/input_Enter first name_middleName'

2023-07-17 21:32:19 - [MESSAGE][PASSED] - Text 'Lament' is set on object 'Object Repository/RAD_Pages/SAU_MDForm202F_MF_AfterJuly2021_Page/input_Enter first name_middleName'

2023-07-17 21:32:19 - [TEST_STEP][PASSED] - setText(findTestObject("Object Repository/RAD_Pages/SAU_MDForm202F_MF_AfterJuly2021_Page/input_Middle Name_lastName"), "Mohl"): Text 'Mohl' is set on object 'Object Repository/RAD_Pages/SAU_MDForm202F_MF_AfterJuly2021_Page/input_Middle Name_lastName'

2023-07-17 21:32:20 - [MESSAGE][PASSED] - Text 'Mohl' is set on object 'Object Repository/RAD_Pages/SAU_MDForm202F_MF_AfterJuly2021_Page/input_Middle Name_lastName'

2023-07-17 21:32:20 - [TEST_STEP][PASSED] - setText(findTestObject("Object Repository/RAD_Pages/SAU_MDForm202F_MF_AfterJuly2021_Page/input_Enter last name_suffix"), "Jr"): Text 'Jr' is set on object 'Object Repository/RAD_Pages/SAU_MDForm202F_MF_AfterJuly2021_Page/input_Enter last name_suffix'

2023-07-17 21:32:20 - [MESSAGE][PASSED] - Text 'Jr' is set on object 'Object Repository/RAD_Pages/SAU_MDForm202F_MF_AfterJuly2021_Page/input_Enter last name_suffix'

2023-07-17 21:32:20 - [TEST_STEP][PASSED] - setText(findTestObject("Object Repository/RAD_Pages/SAU_MDForm202F_MF_AfterJuly2021_Page/input_Select a country_streetAddress1"), "147 Elm St"): Text '147 Elm St' is set on object 'Object Repository/RAD_Pages/SAU_MDForm202F_MF_AfterJuly2021_Page/input_Select a country_streetAddress1'

2023-07-17 21:32:21 - [MESSAGE][PASSED] - Text '147 Elm St' is set on object 'Object Repository/RAD_Pages/SAU_MDForm202F_MF_AfterJuly2021_Page/input_Select a country_streetAddress1'

2023-07-17 21:32:21 - [TEST_STEP][PASSED] - setText(findTestObject("Object Repository/RAD_Pages/SAU_MDForm202F_MF_AfterJuly2021_Page/input_Enter address_streetAddress2"), "Room 147"): Text 'Room 147' is set on object 'Object Repository/RAD_Pages/SAU_MDForm202F_MF_AfterJuly2021_Page/input_Enter address_streetAddress2'

2023-07-17 21:32:22 - [MESSAGE][PASSED] - Text 'Room 147' is set on object 'Object Repository/RAD_Pages/SAU_MDForm202F_MF_AfterJuly2021_Page/input_Enter address_streetAddress2'

2023-07-17 21:32:22 - [TEST_STEP][PASSED] - setText(findTestObject("Object Repository/RAD_Pages/SAU_MDForm202F_MF_AfterJuly2021_Page/input_Street Address 2_city"), "Lutherville Timonium"): Text 'Lutherville Timonium' is set on object 'Object Repository/RAD_Pages/SAU_MDForm202F_MF_AfterJuly2021_Page/input_Street Address 2_city'

2023-07-17 21:32:22 - [MESSAGE][PASSED] - Text 'Lutherville Timonium' is set on object 'Object Repository/RAD_Pages/SAU_MDForm202F_MF_AfterJuly2021_Page/input_Street Address 2_city'

2023-07-17 21:32:22 - [TEST_STEP][PASSED] - selectOptionByValue(findTestObject("Object Repository/RAD_Pages/SAU_MDForm202F_MF_AfterJuly2021_Page/select_SelectAlabamaAlaskaArizonaArkansasCa_90914a"), "MD", true): All options with value 'MD' are selected in object 'Object Repository/RAD_Pages/SAU_MDForm202F_MF_AfterJuly2021_Page/select_SelectAlabamaAlaskaArizonaArkansasCa_90914a'  using regular expression

2023-07-17 21:32:24 - [MESSAGE][PASSED] - All options with value 'MD' are selected in object 'Object Repository/RAD_Pages/SAU_MDForm202F_MF_AfterJuly2021_Page/select_SelectAlabamaAlaskaArizonaArkansasCa_90914a'  using regular expression

2023-07-17 21:32:24 - [TEST_STEP][PASSED] - setText(findTestObject("Object Repository/RAD_Pages/SAU_MDForm202F_MF_AfterJuly2021_Page/input_Select a state_zipCode"), "21030"): Text '21030' is set on object 'Object Repository/RAD_Pages/SAU_MDForm202F_MF_AfterJuly2021_Page/input_Select a state_zipCode'

2023-07-17 21:32:25 - [MESSAGE][PASSED] - Text '21030' is set on object 'Object Repository/RAD_Pages/SAU_MDForm202F_MF_AfterJuly2021_Page/input_Select a state_zipCode'

2023-07-17 21:32:25 - [TEST_STEP][PASSED] - setText(findTestObject("Object Repository/RAD_Pages/SAU_MDForm202F_MF_AfterJuly2021_Page/input_Enter ZIP code_phoneNumber"), "(703) 894-5000"): Text '(703) 894-5000' is set on object 'Object Repository/RAD_Pages/SAU_MDForm202F_MF_AfterJuly2021_Page/input_Enter ZIP code_phoneNumber'

2023-07-17 21:32:25 - [MESSAGE][PASSED] - Text '(703) 894-5000' is set on object 'Object Repository/RAD_Pages/SAU_MDForm202F_MF_AfterJuly2021_Page/input_Enter ZIP code_phoneNumber'

2023-07-17 21:32:25 - [TEST_STEP][PASSED] - setText(findTestObject("Object Repository/RAD_Pages/SAU_MDForm202F_MF_AfterJuly2021_Page/input_Enter a phone number_eMailAddress"), "iahmed@govolution.com"): Text 'iahmed@govolution.com' is set on object 'Object Repository/RAD_Pages/SAU_MDForm202F_MF_AfterJuly2021_Page/input_Enter a phone number_eMailAddress'

2023-07-17 21:32:26 - [MESSAGE][PASSED] - Text 'iahmed@govolution.com' is set on object 'Object Repository/RAD_Pages/SAU_MDForm202F_MF_AfterJuly2021_Page/input_Enter a phone number_eMailAddress'

2023-07-17 21:32:26 - [TEST_STEP][PASSED] - setText(findTestObject("Object Repository/RAD_Pages/SAU_MDForm202F_MF_AfterJuly2021_Page/input_Enter Email_reEnterEMailAddress"), "iahmed@govolution.com"): Text 'iahmed@govolution.com' is set on object 'Object Repository/RAD_Pages/SAU_MDForm202F_MF_AfterJuly2021_Page/input_Enter Email_reEnterEMailAddress'

2023-07-17 21:32:27 - [MESSAGE][PASSED] - Text 'iahmed@govolution.com' is set on object 'Object Repository/RAD_Pages/SAU_MDForm202F_MF_AfterJuly2021_Page/input_Enter Email_reEnterEMailAddress'

2023-07-17 21:32:27 - [TEST_STEP][PASSED] - setEncryptedText(findTestObject("Object Repository/RAD_Pages/TaxInfo_Page/input_FederalEIN"), "0fDtEjy4ijeV75Gl5M+mSg=="): Text ****** has been set on object 'Object Repository/RAD_Pages/TaxInfo_Page/input_FederalEIN'

2023-07-17 21:32:28 - [MESSAGE][PASSED] - Text ****** has been set on object 'Object Repository/RAD_Pages/TaxInfo_Page/input_FederalEIN'

2023-07-17 21:32:28 - [TEST_STEP][PASSED] - setEncryptedText(findTestObject("Object Repository/RAD_Pages/TaxInfo_Page/input_FederalEIN_ReEnter"), "0fDtEjy4ijeV75Gl5M+mSg=="): Text ****** has been set on object 'Object Repository/RAD_Pages/TaxInfo_Page/input_FederalEIN_ReEnter'

2023-07-17 21:32:28 - [MESSAGE][PASSED] - Text ****** has been set on object 'Object Repository/RAD_Pages/TaxInfo_Page/input_FederalEIN_ReEnter'

2023-07-17 21:32:28 - [TEST_STEP][PASSED] - setText(findTestObject("Object Repository/RAD_Pages/TaxInfo_Page/input_MDCRegistration"), "07640126"): Text '07640126' is set on object 'Object Repository/RAD_Pages/TaxInfo_Page/input_MDCRegistration'

2023-07-17 21:32:29 - [MESSAGE][PASSED] - Text '07640126' is set on object 'Object Repository/RAD_Pages/TaxInfo_Page/input_MDCRegistration'

2023-07-17 21:32:29 - [TEST_STEP][PASSED] - setText(findTestObject("Object Repository/RAD_Pages/SAU_MDForm202F_MF_AfterJuly2021_Page/input__GrossSales2"), "3000.00"): Text '3000.00' is set on object 'Object Repository/RAD_Pages/SAU_MDForm202F_MF_AfterJuly2021_Page/input__GrossSales2'

2023-07-17 21:32:30 - [MESSAGE][PASSED] - Text '3000.00' is set on object 'Object Repository/RAD_Pages/SAU_MDForm202F_MF_AfterJuly2021_Page/input__GrossSales2'

2023-07-17 21:32:30 - [TEST_STEP][PASSED] - click(findTestObject("Object Repository/RAD_Pages/SAU_MDForm202F_MF_AfterJuly2021_Page/input_Sales Tax Return Information_Marketpl_2444a2")): Object: 'Object Repository/RAD_Pages/SAU_MDForm202F_MF_AfterJuly2021_Page/input_Sales Tax Return Information_Marketpl_2444a2' is clicked on

2023-07-17 21:32:30 - [MESSAGE][PASSED] - Object: 'Object Repository/RAD_Pages/SAU_MDForm202F_MF_AfterJuly2021_Page/input_Sales Tax Return Information_Marketpl_2444a2' is clicked on

2023-07-17 21:32:30 - [TEST_STEP][PASSED] - setText(findTestObject("Object Repository/RAD_Pages/SAU_MDForm202F_MF_AfterJuly2021_Page/input__FacGrossSales2"), "3000.00"): Text '3000.00' is set on object 'Object Repository/RAD_Pages/SAU_MDForm202F_MF_AfterJuly2021_Page/input__FacGrossSales2'

2023-07-17 21:32:31 - [MESSAGE][PASSED] - Text '3000.00' is set on object 'Object Repository/RAD_Pages/SAU_MDForm202F_MF_AfterJuly2021_Page/input__FacGrossSales2'

2023-07-17 21:32:31 - [TEST_STEP][PASSED] - setText(findTestObject("Object Repository/RAD_Pages/SAU_MDForm202F_MF_AfterJuly2021_Page/input__FacTaxableSales2"), "100.00"): Text '100.00' is set on object 'Object Repository/RAD_Pages/SAU_MDForm202F_MF_AfterJuly2021_Page/input__FacTaxableSales2'

2023-07-17 21:32:31 - [MESSAGE][PASSED] - Text '100.00' is set on object 'Object Repository/RAD_Pages/SAU_MDForm202F_MF_AfterJuly2021_Page/input__FacTaxableSales2'

2023-07-17 21:32:31 - [TEST_STEP][PASSED] - setText(findTestObject("Object Repository/RAD_Pages/SAU_MDForm202F_MF_AfterJuly2021_Page/input__FacSalesDigitalProduct2"), "100.00"): Text '100.00' is set on object 'Object Repository/RAD_Pages/SAU_MDForm202F_MF_AfterJuly2021_Page/input__FacSalesDigitalProduct2'

2023-07-17 21:32:32 - [MESSAGE][PASSED] - Text '100.00' is set on object 'Object Repository/RAD_Pages/SAU_MDForm202F_MF_AfterJuly2021_Page/input__FacSalesDigitalProduct2'

2023-07-17 21:32:32 - [TEST_STEP][PASSED] - setText(findTestObject("Object Repository/RAD_Pages/SAU_MDForm202F_MF_AfterJuly2021_Page/input__FacTaxableSalesESD2"), "100.00"): Text '100.00' is set on object 'Object Repository/RAD_Pages/SAU_MDForm202F_MF_AfterJuly2021_Page/input__FacTaxableSalesESD2'

2023-07-17 21:32:33 - [MESSAGE][PASSED] - Text '100.00' is set on object 'Object Repository/RAD_Pages/SAU_MDForm202F_MF_AfterJuly2021_Page/input__FacTaxableSalesESD2'

2023-07-17 21:32:33 - [TEST_STEP][PASSED] - setText(findTestObject("Object Repository/RAD_Pages/SAU_MDForm202F_MF_AfterJuly2021_Page/input__FacTaxableSalesVapingLiquid2"), "100.00"): Text '100.00' is set on object 'Object Repository/RAD_Pages/SAU_MDForm202F_MF_AfterJuly2021_Page/input__FacTaxableSalesVapingLiquid2'

2023-07-17 21:32:33 - [MESSAGE][PASSED] - Text '100.00' is set on object 'Object Repository/RAD_Pages/SAU_MDForm202F_MF_AfterJuly2021_Page/input__FacTaxableSalesVapingLiquid2'

2023-07-17 21:32:33 - [TEST_STEP][PASSED] - setText(findTestObject("Object Repository/RAD_Pages/SAU_MDForm202F_MF_AfterJuly2021_Page/input__FacCarRental2"), "100.00"): Text '100.00' is set on object 'Object Repository/RAD_Pages/SAU_MDForm202F_MF_AfterJuly2021_Page/input__FacCarRental2'

2023-07-17 21:32:34 - [MESSAGE][PASSED] - Text '100.00' is set on object 'Object Repository/RAD_Pages/SAU_MDForm202F_MF_AfterJuly2021_Page/input__FacCarRental2'

2023-07-17 21:32:34 - [TEST_STEP][PASSED] - setText(findTestObject("Object Repository/RAD_Pages/SAU_MDForm202F_MF_AfterJuly2021_Page/input__FacTruckRental2"), "100.00"): Text '100.00' is set on object 'Object Repository/RAD_Pages/SAU_MDForm202F_MF_AfterJuly2021_Page/input__FacTruckRental2'

2023-07-17 21:32:35 - [MESSAGE][PASSED] - Text '100.00' is set on object 'Object Repository/RAD_Pages/SAU_MDForm202F_MF_AfterJuly2021_Page/input__FacTruckRental2'

2023-07-17 21:32:35 - [TEST_STEP][PASSED] - setText(findTestObject("Object Repository/RAD_Pages/SAU_MDForm202F_MF_AfterJuly2021_Page/input__FacAlcoholSales2"), "100.00"): Text '100.00' is set on object 'Object Repository/RAD_Pages/SAU_MDForm202F_MF_AfterJuly2021_Page/input__FacAlcoholSales2'

2023-07-17 21:32:36 - [MESSAGE][PASSED] - Text '100.00' is set on object 'Object Repository/RAD_Pages/SAU_MDForm202F_MF_AfterJuly2021_Page/input__FacAlcoholSales2'

2023-07-17 21:32:36 - [TEST_STEP][PASSED] - setText(findTestObject("Object Repository/RAD_Pages/SAU_MDForm202F_MF_AfterJuly2021_Page/input__GrossSales2"), "3000.00"): Text '3000.00' is set on object 'Object Repository/RAD_Pages/SAU_MDForm202F_MF_AfterJuly2021_Page/input__GrossSales2'

2023-07-17 21:32:36 - [MESSAGE][PASSED] - Text '3000.00' is set on object 'Object Repository/RAD_Pages/SAU_MDForm202F_MF_AfterJuly2021_Page/input__GrossSales2'

2023-07-17 21:32:36 - [TEST_STEP][PASSED] - setText(findTestObject("Object Repository/RAD_Pages/SAU_MDForm202F_MF_AfterJuly2021_Page/input__TaxableSales2"), "100.00"): Text '100.00' is set on object 'Object Repository/RAD_Pages/SAU_MDForm202F_MF_AfterJuly2021_Page/input__TaxableSales2'

2023-07-17 21:32:37 - [MESSAGE][PASSED] - Text '100.00' is set on object 'Object Repository/RAD_Pages/SAU_MDForm202F_MF_AfterJuly2021_Page/input__TaxableSales2'

2023-07-17 21:32:37 - [TEST_STEP][PASSED] - setText(findTestObject("Object Repository/RAD_Pages/SAU_MDForm202F_MF_AfterJuly2021_Page/input__TaxableSalesDigitalProduct2"), "100.00"): Text '100.00' is set on object 'Object Repository/RAD_Pages/SAU_MDForm202F_MF_AfterJuly2021_Page/input__TaxableSalesDigitalProduct2'

2023-07-17 21:32:38 - [MESSAGE][PASSED] - Text '100.00' is set on object 'Object Repository/RAD_Pages/SAU_MDForm202F_MF_AfterJuly2021_Page/input__TaxableSalesDigitalProduct2'

2023-07-17 21:32:38 - [TEST_STEP][PASSED] - setText(findTestObject("Object Repository/RAD_Pages/SAU_MDForm202F_MF_AfterJuly2021_Page/input__TaxableSalesESD2"), "100.00"): Text '100.00' is set on object 'Object Repository/RAD_Pages/SAU_MDForm202F_MF_AfterJuly2021_Page/input__TaxableSalesESD2'

2023-07-17 21:32:39 - [MESSAGE][PASSED] - Text '100.00' is set on object 'Object Repository/RAD_Pages/SAU_MDForm202F_MF_AfterJuly2021_Page/input__TaxableSalesESD2'

2023-07-17 21:32:39 - [TEST_STEP][PASSED] - setText(findTestObject("Object Repository/RAD_Pages/SAU_MDForm202F_MF_AfterJuly2021_Page/input__TaxableSalesVapingLiquid2"), "100.00"): Text '100.00' is set on object 'Object Repository/RAD_Pages/SAU_MDForm202F_MF_AfterJuly2021_Page/input__TaxableSalesVapingLiquid2'

2023-07-17 21:32:39 - [MESSAGE][PASSED] - Text '100.00' is set on object 'Object Repository/RAD_Pages/SAU_MDForm202F_MF_AfterJuly2021_Page/input__TaxableSalesVapingLiquid2'

2023-07-17 21:32:39 - [TEST_STEP][PASSED] - setText(findTestObject("Object Repository/RAD_Pages/SAU_MDForm202F_MF_AfterJuly2021_Page/input__CarRental2"), "100.00"): Text '100.00' is set on object 'Object Repository/RAD_Pages/SAU_MDForm202F_MF_AfterJuly2021_Page/input__CarRental2'

2023-07-17 21:32:40 - [MESSAGE][PASSED] - Text '100.00' is set on object 'Object Repository/RAD_Pages/SAU_MDForm202F_MF_AfterJuly2021_Page/input__CarRental2'

2023-07-17 21:32:40 - [TEST_STEP][PASSED] - setText(findTestObject("Object Repository/RAD_Pages/SAU_MDForm202F_MF_AfterJuly2021_Page/input__TruckRental2"), "100.00"): Text '100.00' is set on object 'Object Repository/RAD_Pages/SAU_MDForm202F_MF_AfterJuly2021_Page/input__TruckRental2'

2023-07-17 21:32:41 - [MESSAGE][PASSED] - Text '100.00' is set on object 'Object Repository/RAD_Pages/SAU_MDForm202F_MF_AfterJuly2021_Page/input__TruckRental2'

2023-07-17 21:32:41 - [TEST_STEP][PASSED] - setText(findTestObject("Object Repository/RAD_Pages/SAU_MDForm202F_MF_AfterJuly2021_Page/input__AlcoholSales2"), "100.00"): Text '100.00' is set on object 'Object Repository/RAD_Pages/SAU_MDForm202F_MF_AfterJuly2021_Page/input__AlcoholSales2'

2023-07-17 21:32:41 - [MESSAGE][PASSED] - Text '100.00' is set on object 'Object Repository/RAD_Pages/SAU_MDForm202F_MF_AfterJuly2021_Page/input__AlcoholSales2'

2023-07-17 21:32:41 - [TEST_STEP][PASSED] - setText(findTestObject("Object Repository/RAD_Pages/SAU_MDForm202F_MF_AfterJuly2021_Page/input__Purchases2"), "100.00"): Text '100.00' is set on object 'Object Repository/RAD_Pages/SAU_MDForm202F_MF_AfterJuly2021_Page/input__Purchases2'

2023-07-17 21:32:42 - [MESSAGE][PASSED] - Text '100.00' is set on object 'Object Repository/RAD_Pages/SAU_MDForm202F_MF_AfterJuly2021_Page/input__Purchases2'

2023-07-17 21:32:42 - [TEST_STEP][PASSED] - setText(findTestObject("Object Repository/RAD_Pages/SAU_MDForm202F_MF_AfterJuly2021_Page/input__TruckRentalPurchases2"), "100.00"): Text '100.00' is set on object 'Object Repository/RAD_Pages/SAU_MDForm202F_MF_AfterJuly2021_Page/input__TruckRentalPurchases2'

2023-07-17 21:32:43 - [MESSAGE][PASSED] - Text '100.00' is set on object 'Object Repository/RAD_Pages/SAU_MDForm202F_MF_AfterJuly2021_Page/input__TruckRentalPurchases2'

2023-07-17 21:32:43 - [TEST_STEP][PASSED] - setText(findTestObject("Object Repository/RAD_Pages/SAU_MDForm202F_MF_AfterJuly2021_Page/input__AlcoholPurchases2"), "100.00"): Text '100.00' is set on object 'Object Repository/RAD_Pages/SAU_MDForm202F_MF_AfterJuly2021_Page/input__AlcoholPurchases2'

2023-07-17 21:32:44 - [MESSAGE][PASSED] - Text '100.00' is set on object 'Object Repository/RAD_Pages/SAU_MDForm202F_MF_AfterJuly2021_Page/input__AlcoholPurchases2'

2023-07-17 21:32:44 - [TEST_STEP][PASSED] - setText(findTestObject("Object Repository/RAD_Pages/SAU_MDForm202F_MF_AfterJuly2021_Page/input__CarRentalPurchases2"), "100.00"): Text '100.00' is set on object 'Object Repository/RAD_Pages/SAU_MDForm202F_MF_AfterJuly2021_Page/input__CarRentalPurchases2'

2023-07-17 21:32:44 - [MESSAGE][PASSED] - Text '100.00' is set on object 'Object Repository/RAD_Pages/SAU_MDForm202F_MF_AfterJuly2021_Page/input__CarRentalPurchases2'

2023-07-17 21:32:44 - [TEST_STEP][PASSED] - setText(findTestObject("Object Repository/RAD_Pages/SAU_MDForm202F_MF_AfterJuly2021_Page/input__ESDPurchases2"), "100.00"): Text '100.00' is set on object 'Object Repository/RAD_Pages/SAU_MDForm202F_MF_AfterJuly2021_Page/input__ESDPurchases2'

2023-07-17 21:32:45 - [MESSAGE][PASSED] - Text '100.00' is set on object 'Object Repository/RAD_Pages/SAU_MDForm202F_MF_AfterJuly2021_Page/input__ESDPurchases2'

2023-07-17 21:32:45 - [TEST_STEP][PASSED] - setText(findTestObject("Object Repository/RAD_Pages/SAU_MDForm202F_MF_AfterJuly2021_Page/input__VapingLiquidPurchases2"), "100.00"): Text '100.00' is set on object 'Object Repository/RAD_Pages/SAU_MDForm202F_MF_AfterJuly2021_Page/input__VapingLiquidPurchases2'

2023-07-17 21:32:46 - [MESSAGE][PASSED] - Text '100.00' is set on object 'Object Repository/RAD_Pages/SAU_MDForm202F_MF_AfterJuly2021_Page/input__VapingLiquidPurchases2'

2023-07-17 21:32:46 - [TEST_STEP][PASSED] - setText(findTestObject("Object Repository/RAD_Pages/SAU_MDForm202F_MF_AfterJuly2021_Page/input__Refund2"), "100.00"): Text '100.00' is set on object 'Object Repository/RAD_Pages/SAU_MDForm202F_MF_AfterJuly2021_Page/input__Refund2'

2023-07-17 21:32:46 - [MESSAGE][PASSED] - Text '100.00' is set on object 'Object Repository/RAD_Pages/SAU_MDForm202F_MF_AfterJuly2021_Page/input__Refund2'

2023-07-17 21:32:46 - [TEST_STEP][PASSED] - setText(findTestObject("Object Repository/RAD_Pages/SAU_MDForm202F_MF_AfterJuly2021_Page/input__E911Fee2"), "95.00"): Text '95.00' is set on object 'Object Repository/RAD_Pages/SAU_MDForm202F_MF_AfterJuly2021_Page/input__E911Fee2'

2023-07-17 21:32:47 - [MESSAGE][PASSED] - Text '95.00' is set on object 'Object Repository/RAD_Pages/SAU_MDForm202F_MF_AfterJuly2021_Page/input__E911Fee2'

2023-07-17 21:32:47 - [TEST_STEP][PASSED] - scrollToElement(findTestObject("Object Repository/RAD_Pages/SAU_MDForm202_Page/button_Continue"), 3): Scroll to object 'Object Repository/RAD_Pages/SAU_MDForm202_Page/button_Continue' successfully

2023-07-17 21:32:47 - [MESSAGE][PASSED] - Scroll to object 'Object Repository/RAD_Pages/SAU_MDForm202_Page/button_Continue' successfully

2023-07-17 21:32:48 - [TEST_STEP][PASSED] - waitForElementClickable(findTestObject("Object Repository/RAD_Pages/SAU_MDForm202_Page/button_Continue"), 5): Object 'Object Repository/RAD_Pages/SAU_MDForm202_Page/button_Continue' is clickable

2023-07-17 21:32:48 - [MESSAGE][PASSED] - Object 'Object Repository/RAD_Pages/SAU_MDForm202_Page/button_Continue' is clickable

2023-07-17 21:32:48 - [TEST_STEP][PASSED] - click(findTestObject("Object Repository/RAD_Pages/SAU_MDForm202_Page/button_Continue")): Object: 'Object Repository/RAD_Pages/SAU_MDForm202_Page/button_Continue' is clicked on

2023-07-17 21:32:48 - [MESSAGE][PASSED] - Object: 'Object Repository/RAD_Pages/SAU_MDForm202_Page/button_Continue' is clicked on

2023-07-17 21:32:48 - [TEST_STEP][PASSED] - click(findTestObject("Object Repository/RAD_Pages/SAU_MDForm202_Page/button_Proceed to Payment")): Object: 'Object Repository/RAD_Pages/SAU_MDForm202_Page/button_Proceed to Payment' is clicked on

2023-07-17 21:32:49 - [MESSAGE][PASSED] - Object: 'Object Repository/RAD_Pages/SAU_MDForm202_Page/button_Proceed to Payment' is clicked on

2023-07-17 21:32:49 - [TEST_STEP][PASSED] - setText(findTestObject("Object Repository/RAD_Pages/SAU_MDForm202F_MF_AfterJuly2021_Page/input__cardNumber"), "4111111111111111"): Text '4111111111111111' is set on object 'Object Repository/RAD_Pages/SAU_MDForm202F_MF_AfterJuly2021_Page/input__cardNumber'

2023-07-17 21:32:51 - [MESSAGE][PASSED] - Text '4111111111111111' is set on object 'Object Repository/RAD_Pages/SAU_MDForm202F_MF_AfterJuly2021_Page/input__cardNumber'

2023-07-17 21:32:51 - [TEST_STEP][PASSED] - setText(findTestObject("Object Repository/RAD_Pages/SAU_MDForm202F_MF_AfterJuly2021_Page/input__spc"), "123"): Text '123' is set on object 'Object Repository/RAD_Pages/SAU_MDForm202F_MF_AfterJuly2021_Page/input__spc'

2023-07-17 21:32:52 - [MESSAGE][PASSED] - Text '123' is set on object 'Object Repository/RAD_Pages/SAU_MDForm202F_MF_AfterJuly2021_Page/input__spc'

2023-07-17 21:32:52 - [TEST_STEP][PASSED] - selectOptionByValue(findTestObject("Object Repository/RAD_Pages/SAU_MDForm202F_MF_AfterJuly2021_Page/select_MM010203040506070809101112"), "4", true): All options with value '4' are selected in object 'Object Repository/RAD_Pages/SAU_MDForm202F_MF_AfterJuly2021_Page/select_MM010203040506070809101112'  using regular expression

2023-07-17 21:32:53 - [MESSAGE][PASSED] - All options with value '4' are selected in object 'Object Repository/RAD_Pages/SAU_MDForm202F_MF_AfterJuly2021_Page/select_MM010203040506070809101112'  using regular expression

2023-07-17 21:32:53 - [TEST_STEP][PASSED] - selectOptionByValue(findTestObject("Object Repository/RAD_Pages/SAU_MDForm202F_MF_AfterJuly2021_Page/select_YYYY20212022202320242025202620272028_8c4dd4"), "2027", true): All options with value '2027' are selected in object 'Object Repository/RAD_Pages/SAU_MDForm202F_MF_AfterJuly2021_Page/select_YYYY20212022202320242025202620272028_8c4dd4'  using regular expression

2023-07-17 21:32:54 - [MESSAGE][PASSED] - All options with value '2027' are selected in object 'Object Repository/RAD_Pages/SAU_MDForm202F_MF_AfterJuly2021_Page/select_YYYY20212022202320242025202620272028_8c4dd4'  using regular expression

2023-07-17 21:32:54 - [TEST_STEP][PASSED] - click(findTestObject("Object Repository/RAD_Pages/SAU_MDForm202F_MF_AfterJuly2021_Page/input_BillInvoice Details_ccSubmit")): Object: 'Object Repository/RAD_Pages/SAU_MDForm202F_MF_AfterJuly2021_Page/input_BillInvoice Details_ccSubmit' is clicked on

2023-07-17 21:32:55 - [MESSAGE][PASSED] - Object: 'Object Repository/RAD_Pages/SAU_MDForm202F_MF_AfterJuly2021_Page/input_BillInvoice Details_ccSubmit' is clicked on

2023-07-17 21:32:55 - [TEST_STEP][PASSED] - click(findTestObject("Object Repository/RAD_Pages/SAU_MDForm202F_MF_AfterJuly2021_Page/input_275.75_confirmNotifyAction")): Object: 'Object Repository/RAD_Pages/SAU_MDForm202F_MF_AfterJuly2021_Page/input_275.75_confirmNotifyAction' is clicked on

2023-07-17 21:32:56 - [MESSAGE][PASSED] - Object: 'Object Repository/RAD_Pages/SAU_MDForm202F_MF_AfterJuly2021_Page/input_275.75_confirmNotifyAction' is clicked on

2023-07-17 21:32:56 - [TEST_STEP][PASSED] - click(findTestObject("Object Repository/RAD_Pages/SAU_MDForm202F_MF_AfterJuly2021_Page/input_282.51_convFeeNotifyAction")): Object: 'Object Repository/RAD_Pages/SAU_MDForm202F_MF_AfterJuly2021_Page/input_282.51_convFeeNotifyAction' is clicked on

2023-07-17 21:32:56 - [MESSAGE][PASSED] - Object: 'Object Repository/RAD_Pages/SAU_MDForm202F_MF_AfterJuly2021_Page/input_282.51_convFeeNotifyAction' is clicked on

2023-07-17 21:32:56 - [TEST_STEP][PASSED] - delay(10): Delayed 10 second(s)

2023-07-17 21:33:06 - [MESSAGE][PASSED] - Delayed 10 second(s)

2023-07-17 21:33:06 - [TEST_STEP][PASSED] - verifyTextPresent("Successful Payment Receipt", true): Text 'Successful Payment Receipt' is present on page  using regular expression

2023-07-17 21:33:07 - [MESSAGE][PASSED] - Text 'Successful Payment Receipt' is present on page  using regular expression

2023-07-17 21:33:07 - [TEST_STEP][PASSED] - closeBrowser(): Browser is closed

2023-07-17 21:33:08 - [MESSAGE][PASSED] - Browser is closed]]></system-out>
         <system-err><![CDATA[]]></system-err>
      </testcase>
      <testcase name="Test Cases/RAD_TestCases/PaymentsHardCoded/SAU_MDForm202_AfterJuly2021_OutOfStateVendor_HC_TC" time="83.176" classname="Test Cases/RAD_TestCases/PaymentsHardCoded/SAU_MDForm202_AfterJuly2021_OutOfStateVendor_HC_TC" status="PASSED">
         <system-out><![CDATA[2023-07-17 21:33:08 - [TEST_CASE][PASSED] - Test Cases/RAD_TestCases/PaymentsHardCoded/SAU_MDForm202_AfterJuly2021_OutOfStateVendor_HC_TC: Test Cases/RAD_TestCases/PaymentsHardCoded/SAU_MDForm202_AfterJuly2021_OutOfStateVendor_HC_TC

2023-07-17 21:33:08 - [TEST_STEP][PASSED] - openBrowser(""): Browser is opened with url: ''

2023-07-17 21:33:08 - [MESSAGE][INFO] - Starting 'Chrome' driver

2023-07-17 21:33:08 - [MESSAGE][INFO] - User set preference: ['acceptInsecureCerts', 'true']

2023-07-17 21:33:08 - [MESSAGE][INFO] - Action delay is set to 0 milliseconds

2023-07-17 21:33:10 - [MESSAGE][PASSED] - Browser is opened with url: ''

2023-07-17 21:33:10 - [TEST_STEP][PASSED] - navigateToUrl("https://qa.velocitypayment.com/client/rad/index.html"): Navigate to 'https://qa.velocitypayment.com/client/rad/index.html' successfully

2023-07-17 21:33:11 - [MESSAGE][PASSED] - Navigate to 'https://qa.velocitypayment.com/client/rad/index.html' successfully

2023-07-17 21:33:11 - [TEST_STEP][PASSED] - maximizeWindow(): Current window maximized

2023-07-17 21:33:11 - [MESSAGE][PASSED] - Current window maximized

2023-07-17 21:33:11 - [TEST_STEP][PASSED] - selectOptionByValue(findTestObject("Object Repository/RAD_Pages/SAU_MDForm202_Page/select_Select    Estimated Tax    Personal _7587a1"), "5", true): All options with value '5' are selected in object 'Object Repository/RAD_Pages/SAU_MDForm202_Page/select_Select    Estimated Tax    Personal _7587a1'  using regular expression

2023-07-17 21:33:43 - [MESSAGE][INFO] - Unable to find the element located by 'By.xpath: //*[@id = 'taxType' and @name = 'taxType' and (text() = '
										    Select
										    Estimated Tax
										    Personal Income Tax
										    Extension Payments
										    Existing Liability
										    Sales and Use
										    Withholding Tax
										  ' or . = '
										    Select
										    Estimated Tax
										    Personal Income Tax
										    Extension Payments
										    Existing Liability
										    Sales and Use
										    Withholding Tax
										  ')]'. Please recheck the objects properties to make sure the desired element is located. 

2023-07-17 21:33:43 - [MESSAGE][WARNING] - [SELF-HEALING] Failed to find element with id 'Object Repository/RAD_Pages/SAU_MDForm202_Page/select_Select    Estimated Tax    Personal _7587a1'. Try using Self-healing.

2023-07-17 21:33:43 - [MESSAGE][WARNING] - [SELF-HEALING] The current locator of test object 'Object Repository/RAD_Pages/SAU_MDForm202_Page/select_Select    Estimated Tax    Personal _7587a1' was broken. Propose an alternative one: '//select[@id='taxType']'.

2023-07-17 21:33:44 - [MESSAGE][PASSED] - All options with value '5' are selected in object 'Object Repository/RAD_Pages/SAU_MDForm202_Page/select_Select    Estimated Tax    Personal _7587a1'  using regular expression

2023-07-17 21:33:44 - [TEST_STEP][PASSED] - selectOptionByValue(findTestObject("Object Repository/RAD_Pages/SAU_MDForm202_Page/select_Select202220212020"), "2021", true): All options with value '2021' are selected in object 'Object Repository/RAD_Pages/SAU_MDForm202_Page/select_Select202220212020'  using regular expression

2023-07-17 21:33:45 - [MESSAGE][PASSED] - All options with value '2021' are selected in object 'Object Repository/RAD_Pages/SAU_MDForm202_Page/select_Select202220212020'  using regular expression

2023-07-17 21:33:45 - [TEST_STEP][PASSED] - selectOptionByValue(findTestObject("Object Repository/RAD_Pages/SAU_MDForm202_Page/select_MonthJanuaryFebruaryMarchAprilMayJun_aa9ebb"), "07", true): All options with value '07' are selected in object 'Object Repository/RAD_Pages/SAU_MDForm202_Page/select_MonthJanuaryFebruaryMarchAprilMayJun_aa9ebb'  using regular expression

2023-07-17 21:33:46 - [MESSAGE][PASSED] - All options with value '07' are selected in object 'Object Repository/RAD_Pages/SAU_MDForm202_Page/select_MonthJanuaryFebruaryMarchAprilMayJun_aa9ebb'  using regular expression

2023-07-17 21:33:46 - [TEST_STEP][PASSED] - setText(findTestObject("Object Repository/RAD_Pages/SAU_MDForm202_Page/input_Note_businessName"), "My Business"): Text 'My Business' is set on object 'Object Repository/RAD_Pages/SAU_MDForm202_Page/input_Note_businessName'

2023-07-17 21:33:47 - [MESSAGE][PASSED] - Text 'My Business' is set on object 'Object Repository/RAD_Pages/SAU_MDForm202_Page/input_Note_businessName'

2023-07-17 21:33:47 - [TEST_STEP][PASSED] - setText(findTestObject("Object Repository/RAD_Pages/SAU_MDForm202_Page/input_Enter business name_firstName"), "Imtiaz"): Text 'Imtiaz' is set on object 'Object Repository/RAD_Pages/SAU_MDForm202_Page/input_Enter business name_firstName'

2023-07-17 21:33:47 - [MESSAGE][PASSED] - Text 'Imtiaz' is set on object 'Object Repository/RAD_Pages/SAU_MDForm202_Page/input_Enter business name_firstName'

2023-07-17 21:33:47 - [TEST_STEP][PASSED] - setText(findTestObject("Object Repository/RAD_Pages/SAU_MDForm202_Page/input_Enter first name_middleName"), "John"): Text 'John' is set on object 'Object Repository/RAD_Pages/SAU_MDForm202_Page/input_Enter first name_middleName'

2023-07-17 21:33:48 - [MESSAGE][PASSED] - Text 'John' is set on object 'Object Repository/RAD_Pages/SAU_MDForm202_Page/input_Enter first name_middleName'

2023-07-17 21:33:48 - [TEST_STEP][PASSED] - setText(findTestObject("Object Repository/RAD_Pages/SAU_MDForm202_Page/input_Middle Name_lastName"), "Ahmed"): Text 'Ahmed' is set on object 'Object Repository/RAD_Pages/SAU_MDForm202_Page/input_Middle Name_lastName'

2023-07-17 21:33:49 - [MESSAGE][PASSED] - Text 'Ahmed' is set on object 'Object Repository/RAD_Pages/SAU_MDForm202_Page/input_Middle Name_lastName'

2023-07-17 21:33:49 - [TEST_STEP][PASSED] - setText(findTestObject("Object Repository/RAD_Pages/SAU_MDForm202_Page/input_Enter last name_suffix"), "Mr"): Text 'Mr' is set on object 'Object Repository/RAD_Pages/SAU_MDForm202_Page/input_Enter last name_suffix'

2023-07-17 21:33:49 - [MESSAGE][PASSED] - Text 'Mr' is set on object 'Object Repository/RAD_Pages/SAU_MDForm202_Page/input_Enter last name_suffix'

2023-07-17 21:33:49 - [TEST_STEP][PASSED] - setText(findTestObject("Object Repository/RAD_Pages/SAU_MDForm202_Page/input_Select a country_streetAddress1"), "2311 york road"): Text '2311 york road' is set on object 'Object Repository/RAD_Pages/SAU_MDForm202_Page/input_Select a country_streetAddress1'

2023-07-17 21:33:50 - [MESSAGE][PASSED] - Text '2311 york road' is set on object 'Object Repository/RAD_Pages/SAU_MDForm202_Page/input_Select a country_streetAddress1'

2023-07-17 21:33:50 - [TEST_STEP][PASSED] - setText(findTestObject("Object Repository/RAD_Pages/SAU_MDForm202_Page/input_Enter address_streetAddress2"), "Suite 600"): Text 'Suite 600' is set on object 'Object Repository/RAD_Pages/SAU_MDForm202_Page/input_Enter address_streetAddress2'

2023-07-17 21:33:51 - [MESSAGE][PASSED] - Text 'Suite 600' is set on object 'Object Repository/RAD_Pages/SAU_MDForm202_Page/input_Enter address_streetAddress2'

2023-07-17 21:33:51 - [TEST_STEP][PASSED] - setText(findTestObject("Object Repository/RAD_Pages/SAU_MDForm202_Page/input_Street Address 2_city"), "Gambrills"): Text 'Gambrills' is set on object 'Object Repository/RAD_Pages/SAU_MDForm202_Page/input_Street Address 2_city'

2023-07-17 21:33:51 - [MESSAGE][PASSED] - Text 'Gambrills' is set on object 'Object Repository/RAD_Pages/SAU_MDForm202_Page/input_Street Address 2_city'

2023-07-17 21:33:51 - [TEST_STEP][PASSED] - selectOptionByValue(findTestObject("Object Repository/RAD_Pages/SAU_MDForm202_Page/select_SelectAlabamaAlaskaArizonaArkansasCa_90914a"), "MD", true): All options with value 'MD' are selected in object 'Object Repository/RAD_Pages/SAU_MDForm202_Page/select_SelectAlabamaAlaskaArizonaArkansasCa_90914a'  using regular expression

2023-07-17 21:33:53 - [MESSAGE][PASSED] - All options with value 'MD' are selected in object 'Object Repository/RAD_Pages/SAU_MDForm202_Page/select_SelectAlabamaAlaskaArizonaArkansasCa_90914a'  using regular expression

2023-07-17 21:33:53 - [TEST_STEP][PASSED] - setText(findTestObject("Object Repository/RAD_Pages/SAU_MDForm202_Page/input_Select a state_zipCode"), "21054"): Text '21054' is set on object 'Object Repository/RAD_Pages/SAU_MDForm202_Page/input_Select a state_zipCode'

2023-07-17 21:33:54 - [MESSAGE][PASSED] - Text '21054' is set on object 'Object Repository/RAD_Pages/SAU_MDForm202_Page/input_Select a state_zipCode'

2023-07-17 21:33:54 - [TEST_STEP][PASSED] - setText(findTestObject("Object Repository/RAD_Pages/SAU_MDForm202_Page/input_Enter ZIP code_phoneNumber"), "(703) 894-5000"): Text '(703) 894-5000' is set on object 'Object Repository/RAD_Pages/SAU_MDForm202_Page/input_Enter ZIP code_phoneNumber'

2023-07-17 21:33:54 - [MESSAGE][PASSED] - Text '(703) 894-5000' is set on object 'Object Repository/RAD_Pages/SAU_MDForm202_Page/input_Enter ZIP code_phoneNumber'

2023-07-17 21:33:54 - [TEST_STEP][PASSED] - setText(findTestObject("Object Repository/RAD_Pages/SAU_MDForm202_Page/input_Enter a phone number_eMailAddress"), "iahmed@govolution.com"): Text 'iahmed@govolution.com' is set on object 'Object Repository/RAD_Pages/SAU_MDForm202_Page/input_Enter a phone number_eMailAddress'

2023-07-17 21:33:55 - [MESSAGE][PASSED] - Text 'iahmed@govolution.com' is set on object 'Object Repository/RAD_Pages/SAU_MDForm202_Page/input_Enter a phone number_eMailAddress'

2023-07-17 21:33:55 - [TEST_STEP][PASSED] - setText(findTestObject("Object Repository/RAD_Pages/SAU_MDForm202_Page/input_Enter Email_reEnterEMailAddress"), "iahmed@govolution.com"): Text 'iahmed@govolution.com' is set on object 'Object Repository/RAD_Pages/SAU_MDForm202_Page/input_Enter Email_reEnterEMailAddress'

2023-07-17 21:33:56 - [MESSAGE][PASSED] - Text 'iahmed@govolution.com' is set on object 'Object Repository/RAD_Pages/SAU_MDForm202_Page/input_Enter Email_reEnterEMailAddress'

2023-07-17 21:33:56 - [TEST_STEP][PASSED] - setEncryptedText(findTestObject("Object Repository/RAD_Pages/TaxInfo_Page/input_FederalEIN"), "0fDtEjy4ijeV75Gl5M+mSg=="): Text ****** has been set on object 'Object Repository/RAD_Pages/TaxInfo_Page/input_FederalEIN'

2023-07-17 21:33:56 - [MESSAGE][PASSED] - Text ****** has been set on object 'Object Repository/RAD_Pages/TaxInfo_Page/input_FederalEIN'

2023-07-17 21:33:56 - [TEST_STEP][PASSED] - setEncryptedText(findTestObject("Object Repository/RAD_Pages/TaxInfo_Page/input_FederalEIN_ReEnter"), "0fDtEjy4ijeV75Gl5M+mSg=="): Text ****** has been set on object 'Object Repository/RAD_Pages/TaxInfo_Page/input_FederalEIN_ReEnter'

2023-07-17 21:33:57 - [MESSAGE][PASSED] - Text ****** has been set on object 'Object Repository/RAD_Pages/TaxInfo_Page/input_FederalEIN_ReEnter'

2023-07-17 21:33:57 - [TEST_STEP][PASSED] - setText(findTestObject("Object Repository/RAD_Pages/TaxInfo_Page/input_MDCRegistration"), "07640126"): Text '07640126' is set on object 'Object Repository/RAD_Pages/TaxInfo_Page/input_MDCRegistration'

2023-07-17 21:33:58 - [MESSAGE][PASSED] - Text '07640126' is set on object 'Object Repository/RAD_Pages/TaxInfo_Page/input_MDCRegistration'

2023-07-17 21:33:58 - [TEST_STEP][PASSED] - setText(findTestObject("Object Repository/RAD_Pages/SAU_MDForm202_Page/input__GrossSales2"), "2000.00"): Text '2000.00' is set on object 'Object Repository/RAD_Pages/SAU_MDForm202_Page/input__GrossSales2'

2023-07-17 21:33:58 - [MESSAGE][PASSED] - Text '2000.00' is set on object 'Object Repository/RAD_Pages/SAU_MDForm202_Page/input__GrossSales2'

2023-07-17 21:33:58 - [TEST_STEP][PASSED] - click(findTestObject("Object Repository/RAD_Pages/SalesTaxReturnInfo_Page/input_OutOfStateVendor")): Object: 'Object Repository/RAD_Pages/SalesTaxReturnInfo_Page/input_OutOfStateVendor' is clicked on

2023-07-17 21:33:59 - [MESSAGE][PASSED] - Object: 'Object Repository/RAD_Pages/SalesTaxReturnInfo_Page/input_OutOfStateVendor' is clicked on

2023-07-17 21:33:59 - [TEST_STEP][PASSED] - setText(findTestObject("Object Repository/RAD_Pages/SAU_MDForm202_Page/input__GrossSales2"), "2000.00"): Text '2000.00' is set on object 'Object Repository/RAD_Pages/SAU_MDForm202_Page/input__GrossSales2'

2023-07-17 21:34:00 - [MESSAGE][PASSED] - Text '2000.00' is set on object 'Object Repository/RAD_Pages/SAU_MDForm202_Page/input__GrossSales2'

2023-07-17 21:34:00 - [TEST_STEP][PASSED] - setText(findTestObject("Object Repository/RAD_Pages/SAU_MDForm202_Page/input__TaxableSales2"), "100.00"): Text '100.00' is set on object 'Object Repository/RAD_Pages/SAU_MDForm202_Page/input__TaxableSales2'

2023-07-17 21:34:00 - [MESSAGE][PASSED] - Text '100.00' is set on object 'Object Repository/RAD_Pages/SAU_MDForm202_Page/input__TaxableSales2'

2023-07-17 21:34:00 - [TEST_STEP][PASSED] - setText(findTestObject("Object Repository/RAD_Pages/SAU_MDForm202_Page/input__TaxableSalesESD2"), "100.00"): Text '100.00' is set on object 'Object Repository/RAD_Pages/SAU_MDForm202_Page/input__TaxableSalesESD2'

2023-07-17 21:34:01 - [MESSAGE][PASSED] - Text '100.00' is set on object 'Object Repository/RAD_Pages/SAU_MDForm202_Page/input__TaxableSalesESD2'

2023-07-17 21:34:01 - [TEST_STEP][PASSED] - setText(findTestObject("Object Repository/RAD_Pages/SAU_MDForm202_Page/input__TaxableSalesVapingLiquid2"), "100.00"): Text '100.00' is set on object 'Object Repository/RAD_Pages/SAU_MDForm202_Page/input__TaxableSalesVapingLiquid2'

2023-07-17 21:34:02 - [MESSAGE][PASSED] - Text '100.00' is set on object 'Object Repository/RAD_Pages/SAU_MDForm202_Page/input__TaxableSalesVapingLiquid2'

2023-07-17 21:34:02 - [TEST_STEP][PASSED] - setText(findTestObject("Object Repository/RAD_Pages/SAU_MDForm202_Page/input__CarRental2"), "100.00"): Text '100.00' is set on object 'Object Repository/RAD_Pages/SAU_MDForm202_Page/input__CarRental2'

2023-07-17 21:34:02 - [MESSAGE][PASSED] - Text '100.00' is set on object 'Object Repository/RAD_Pages/SAU_MDForm202_Page/input__CarRental2'

2023-07-17 21:34:02 - [TEST_STEP][PASSED] - setText(findTestObject("Object Repository/RAD_Pages/SAU_MDForm202_Page/input__TruckRental2"), "100.00"): Text '100.00' is set on object 'Object Repository/RAD_Pages/SAU_MDForm202_Page/input__TruckRental2'

2023-07-17 21:34:03 - [MESSAGE][PASSED] - Text '100.00' is set on object 'Object Repository/RAD_Pages/SAU_MDForm202_Page/input__TruckRental2'

2023-07-17 21:34:03 - [TEST_STEP][PASSED] - setText(findTestObject("Object Repository/RAD_Pages/SAU_MDForm202_Page/input__AlcoholSales2"), "100.00"): Text '100.00' is set on object 'Object Repository/RAD_Pages/SAU_MDForm202_Page/input__AlcoholSales2'

2023-07-17 21:34:04 - [MESSAGE][PASSED] - Text '100.00' is set on object 'Object Repository/RAD_Pages/SAU_MDForm202_Page/input__AlcoholSales2'

2023-07-17 21:34:04 - [TEST_STEP][PASSED] - setText(findTestObject("Object Repository/RAD_Pages/SAU_MDForm202_Page/input__Purchases2"), "100.00"): Text '100.00' is set on object 'Object Repository/RAD_Pages/SAU_MDForm202_Page/input__Purchases2'

2023-07-17 21:34:04 - [MESSAGE][PASSED] - Text '100.00' is set on object 'Object Repository/RAD_Pages/SAU_MDForm202_Page/input__Purchases2'

2023-07-17 21:34:04 - [TEST_STEP][PASSED] - setText(findTestObject("Object Repository/RAD_Pages/SAU_MDForm202_Page/input__TruckRentalPurchases2"), "100.00"): Text '100.00' is set on object 'Object Repository/RAD_Pages/SAU_MDForm202_Page/input__TruckRentalPurchases2'

2023-07-17 21:34:05 - [MESSAGE][PASSED] - Text '100.00' is set on object 'Object Repository/RAD_Pages/SAU_MDForm202_Page/input__TruckRentalPurchases2'

2023-07-17 21:34:05 - [TEST_STEP][PASSED] - setText(findTestObject("Object Repository/RAD_Pages/SAU_MDForm202_Page/input__AlcoholPurchases2"), "100.00"): Text '100.00' is set on object 'Object Repository/RAD_Pages/SAU_MDForm202_Page/input__AlcoholPurchases2'

2023-07-17 21:34:06 - [MESSAGE][PASSED] - Text '100.00' is set on object 'Object Repository/RAD_Pages/SAU_MDForm202_Page/input__AlcoholPurchases2'

2023-07-17 21:34:06 - [TEST_STEP][PASSED] - setText(findTestObject("Object Repository/RAD_Pages/SAU_MDForm202_Page/input__CarRentalPurchases2"), "100.00"): Text '100.00' is set on object 'Object Repository/RAD_Pages/SAU_MDForm202_Page/input__CarRentalPurchases2'

2023-07-17 21:34:07 - [MESSAGE][PASSED] - Text '100.00' is set on object 'Object Repository/RAD_Pages/SAU_MDForm202_Page/input__CarRentalPurchases2'

2023-07-17 21:34:07 - [TEST_STEP][PASSED] - setText(findTestObject("Object Repository/RAD_Pages/SAU_MDForm202_Page/input__ESDPurchases2"), "100.00"): Text '100.00' is set on object 'Object Repository/RAD_Pages/SAU_MDForm202_Page/input__ESDPurchases2'

2023-07-17 21:34:07 - [MESSAGE][PASSED] - Text '100.00' is set on object 'Object Repository/RAD_Pages/SAU_MDForm202_Page/input__ESDPurchases2'

2023-07-17 21:34:07 - [TEST_STEP][PASSED] - setText(findTestObject("Object Repository/RAD_Pages/SAU_MDForm202_Page/input__VapingLiquidPurchases2"), "100.00"): Text '100.00' is set on object 'Object Repository/RAD_Pages/SAU_MDForm202_Page/input__VapingLiquidPurchases2'

2023-07-17 21:34:08 - [MESSAGE][PASSED] - Text '100.00' is set on object 'Object Repository/RAD_Pages/SAU_MDForm202_Page/input__VapingLiquidPurchases2'

2023-07-17 21:34:08 - [TEST_STEP][PASSED] - setText(findTestObject("Object Repository/RAD_Pages/SAU_MDForm202_Page/input__Refund2"), "100.00"): Text '100.00' is set on object 'Object Repository/RAD_Pages/SAU_MDForm202_Page/input__Refund2'

2023-07-17 21:34:09 - [MESSAGE][PASSED] - Text '100.00' is set on object 'Object Repository/RAD_Pages/SAU_MDForm202_Page/input__Refund2'

2023-07-17 21:34:09 - [TEST_STEP][PASSED] - setText(findTestObject("Object Repository/RAD_Pages/SAU_MDForm202_Page/input__PenaltyInterest2"), "100.00"): Text '100.00' is set on object 'Object Repository/RAD_Pages/SAU_MDForm202_Page/input__PenaltyInterest2'

2023-07-17 21:34:09 - [MESSAGE][PASSED] - Text '100.00' is set on object 'Object Repository/RAD_Pages/SAU_MDForm202_Page/input__PenaltyInterest2'

2023-07-17 21:34:09 - [TEST_STEP][PASSED] - setText(findTestObject("Object Repository/RAD_Pages/SAU_MDForm202_Page/input__E911Fee2"), "95.00"): Text '95.00' is set on object 'Object Repository/RAD_Pages/SAU_MDForm202_Page/input__E911Fee2'

2023-07-17 21:34:10 - [MESSAGE][PASSED] - Text '95.00' is set on object 'Object Repository/RAD_Pages/SAU_MDForm202_Page/input__E911Fee2'

2023-07-17 21:34:10 - [TEST_STEP][PASSED] - scrollToElement(findTestObject("Object Repository/RAD_Pages/SAU_MDForm202_Page/button_Continue"), 3): Scroll to object 'Object Repository/RAD_Pages/SAU_MDForm202_Page/button_Continue' successfully

2023-07-17 21:34:11 - [MESSAGE][PASSED] - Scroll to object 'Object Repository/RAD_Pages/SAU_MDForm202_Page/button_Continue' successfully

2023-07-17 21:34:11 - [TEST_STEP][PASSED] - waitForElementClickable(findTestObject("Object Repository/RAD_Pages/SAU_MDForm202_Page/button_Continue"), 5): Object 'Object Repository/RAD_Pages/SAU_MDForm202_Page/button_Continue' is clickable

2023-07-17 21:34:11 - [MESSAGE][PASSED] - Object 'Object Repository/RAD_Pages/SAU_MDForm202_Page/button_Continue' is clickable

2023-07-17 21:34:11 - [TEST_STEP][PASSED] - click(findTestObject("Object Repository/RAD_Pages/SAU_MDForm202_Page/button_Continue")): Object: 'Object Repository/RAD_Pages/SAU_MDForm202_Page/button_Continue' is clicked on

2023-07-17 21:34:12 - [MESSAGE][PASSED] - Object: 'Object Repository/RAD_Pages/SAU_MDForm202_Page/button_Continue' is clicked on

2023-07-17 21:34:12 - [TEST_STEP][PASSED] - click(findTestObject("Object Repository/RAD_Pages/SAU_MDForm202_Page/button_Proceed to Payment")): Object: 'Object Repository/RAD_Pages/SAU_MDForm202_Page/button_Proceed to Payment' is clicked on

2023-07-17 21:34:13 - [MESSAGE][PASSED] - Object: 'Object Repository/RAD_Pages/SAU_MDForm202_Page/button_Proceed to Payment' is clicked on

2023-07-17 21:34:13 - [TEST_STEP][PASSED] - setText(findTestObject("Object Repository/RAD_Pages/SAU_MDForm202_Page/input__cardNumber"), "4111111111111111"): Text '4111111111111111' is set on object 'Object Repository/RAD_Pages/SAU_MDForm202_Page/input__cardNumber'

2023-07-17 21:34:14 - [MESSAGE][PASSED] - Text '4111111111111111' is set on object 'Object Repository/RAD_Pages/SAU_MDForm202_Page/input__cardNumber'

2023-07-17 21:34:14 - [TEST_STEP][PASSED] - setText(findTestObject("Object Repository/RAD_Pages/SAU_MDForm202_Page/input__spc"), "123"): Text '123' is set on object 'Object Repository/RAD_Pages/SAU_MDForm202_Page/input__spc'

2023-07-17 21:34:15 - [MESSAGE][PASSED] - Text '123' is set on object 'Object Repository/RAD_Pages/SAU_MDForm202_Page/input__spc'

2023-07-17 21:34:15 - [TEST_STEP][PASSED] - selectOptionByValue(findTestObject("Object Repository/RAD_Pages/SAU_MDForm202_Page/select_MM010203040506070809101112"), "12", true): All options with value '12' are selected in object 'Object Repository/RAD_Pages/SAU_MDForm202_Page/select_MM010203040506070809101112'  using regular expression

2023-07-17 21:34:16 - [MESSAGE][PASSED] - All options with value '12' are selected in object 'Object Repository/RAD_Pages/SAU_MDForm202_Page/select_MM010203040506070809101112'  using regular expression

2023-07-17 21:34:16 - [TEST_STEP][PASSED] - selectOptionByValue(findTestObject("Object Repository/RAD_Pages/SAU_MDForm202_Page/select_YYYY20212022202320242025202620272028_8c4dd4"), "2025", true): All options with value '2025' are selected in object 'Object Repository/RAD_Pages/SAU_MDForm202_Page/select_YYYY20212022202320242025202620272028_8c4dd4'  using regular expression

2023-07-17 21:34:17 - [MESSAGE][PASSED] - All options with value '2025' are selected in object 'Object Repository/RAD_Pages/SAU_MDForm202_Page/select_YYYY20212022202320242025202620272028_8c4dd4'  using regular expression

2023-07-17 21:34:17 - [TEST_STEP][PASSED] - click(findTestObject("Object Repository/RAD_Pages/SAU_MDForm202_Page/input_BillInvoice Details_ccSubmit")): Object: 'Object Repository/RAD_Pages/SAU_MDForm202_Page/input_BillInvoice Details_ccSubmit' is clicked on

2023-07-17 21:34:18 - [MESSAGE][PASSED] - Object: 'Object Repository/RAD_Pages/SAU_MDForm202_Page/input_BillInvoice Details_ccSubmit' is clicked on

2023-07-17 21:34:18 - [TEST_STEP][PASSED] - click(findTestObject("Object Repository/RAD_Pages/SAU_MDForm202_Page/input_233.40_confirmNotifyAction")): Object: 'Object Repository/RAD_Pages/SAU_MDForm202_Page/input_233.40_confirmNotifyAction' is clicked on

2023-07-17 21:34:19 - [MESSAGE][PASSED] - Object: 'Object Repository/RAD_Pages/SAU_MDForm202_Page/input_233.40_confirmNotifyAction' is clicked on

2023-07-17 21:34:19 - [TEST_STEP][PASSED] - click(findTestObject("Object Repository/RAD_Pages/SAU_MDForm202_Page/input_239.12_convFeeNotifyAction")): Object: 'Object Repository/RAD_Pages/SAU_MDForm202_Page/input_239.12_convFeeNotifyAction' is clicked on

2023-07-17 21:34:20 - [MESSAGE][PASSED] - Object: 'Object Repository/RAD_Pages/SAU_MDForm202_Page/input_239.12_convFeeNotifyAction' is clicked on

2023-07-17 21:34:20 - [TEST_STEP][PASSED] - delay(10): Delayed 10 second(s)

2023-07-17 21:34:30 - [MESSAGE][PASSED] - Delayed 10 second(s)

2023-07-17 21:34:30 - [TEST_STEP][PASSED] - verifyTextPresent("Successful Payment Receipt", true): Text 'Successful Payment Receipt' is present on page  using regular expression

2023-07-17 21:34:30 - [MESSAGE][PASSED] - Text 'Successful Payment Receipt' is present on page  using regular expression

2023-07-17 21:34:30 - [TEST_STEP][PASSED] - closeBrowser(): Browser is closed

2023-07-17 21:34:31 - [MESSAGE][PASSED] - Browser is closed]]></system-out>
         <system-err><![CDATA[]]></system-err>
      </testcase>
      <testcase name="Test Cases/RAD_TestCases/PaymentsHardCoded/SAU_MDForm202F_AfterJuly2021_BothChkBox_HC_TC" time="88.372" classname="Test Cases/RAD_TestCases/PaymentsHardCoded/SAU_MDForm202F_AfterJuly2021_BothChkBox_HC_TC" status="PASSED">
         <system-out><![CDATA[2023-07-17 21:34:31 - [TEST_CASE][PASSED] - Test Cases/RAD_TestCases/PaymentsHardCoded/SAU_MDForm202F_AfterJuly2021_BothChkBox_HC_TC: Test Cases/RAD_TestCases/PaymentsHardCoded/SAU_MDForm202F_AfterJuly2021_BothChkBox_HC_TC

2023-07-17 21:34:31 - [TEST_STEP][PASSED] - openBrowser(""): Browser is opened with url: ''

2023-07-17 21:34:31 - [MESSAGE][INFO] - Starting 'Chrome' driver

2023-07-17 21:34:31 - [MESSAGE][INFO] - User set preference: ['acceptInsecureCerts', 'true']

2023-07-17 21:34:31 - [MESSAGE][INFO] - Action delay is set to 0 milliseconds

2023-07-17 21:34:33 - [MESSAGE][PASSED] - Browser is opened with url: ''

2023-07-17 21:34:33 - [TEST_STEP][PASSED] - navigateToUrl("https://qa.velocitypayment.com/client/rad/index.html"): Navigate to 'https://qa.velocitypayment.com/client/rad/index.html' successfully

2023-07-17 21:34:34 - [MESSAGE][PASSED] - Navigate to 'https://qa.velocitypayment.com/client/rad/index.html' successfully

2023-07-17 21:34:34 - [TEST_STEP][PASSED] - selectOptionByValue(findTestObject("Object Repository/RAD_Pages/SAU_MDForm202F_MF_AfterJuly2021_Page/select_Select    Estimated Tax    Personal _7587a1"), "5", true): All options with value '5' are selected in object 'Object Repository/RAD_Pages/SAU_MDForm202F_MF_AfterJuly2021_Page/select_Select    Estimated Tax    Personal _7587a1'  using regular expression

2023-07-17 21:35:05 - [MESSAGE][INFO] - Unable to find the element located by 'By.xpath: //*[@id = 'taxType' and @name = 'taxType' and (text() = '
										    Select
										    Estimated Tax
										    Personal Income Tax
										    Extension Payments
										    Existing Liability
										    Sales and Use
										    Withholding Tax
										  ' or . = '
										    Select
										    Estimated Tax
										    Personal Income Tax
										    Extension Payments
										    Existing Liability
										    Sales and Use
										    Withholding Tax
										  ')]'. Please recheck the objects properties to make sure the desired element is located. 

2023-07-17 21:35:05 - [MESSAGE][WARNING] - [SELF-HEALING] Failed to find element with id 'Object Repository/RAD_Pages/SAU_MDForm202F_MF_AfterJuly2021_Page/select_Select    Estimated Tax    Personal _7587a1'. Try using Self-healing.

2023-07-17 21:35:06 - [MESSAGE][WARNING] - [SELF-HEALING] The current locator of test object 'Object Repository/RAD_Pages/SAU_MDForm202F_MF_AfterJuly2021_Page/select_Select    Estimated Tax    Personal _7587a1' was broken. Propose an alternative one: '//select[@id='taxType']'.

2023-07-17 21:35:06 - [MESSAGE][PASSED] - All options with value '5' are selected in object 'Object Repository/RAD_Pages/SAU_MDForm202F_MF_AfterJuly2021_Page/select_Select    Estimated Tax    Personal _7587a1'  using regular expression

2023-07-17 21:35:06 - [TEST_STEP][PASSED] - selectOptionByValue(findTestObject("Object Repository/RAD_Pages/SAU_MDForm202F_MF_AfterJuly2021_Page/select_Select202220212020"), "2021", true): All options with value '2021' are selected in object 'Object Repository/RAD_Pages/SAU_MDForm202F_MF_AfterJuly2021_Page/select_Select202220212020'  using regular expression

2023-07-17 21:35:08 - [MESSAGE][PASSED] - All options with value '2021' are selected in object 'Object Repository/RAD_Pages/SAU_MDForm202F_MF_AfterJuly2021_Page/select_Select202220212020'  using regular expression

2023-07-17 21:35:08 - [TEST_STEP][PASSED] - selectOptionByValue(findTestObject("Object Repository/RAD_Pages/SAU_MDForm202F_MF_AfterJuly2021_Page/select_MonthJanuaryFebruaryMarchAprilMayJun_aa9ebb"), "08", true): All options with value '08' are selected in object 'Object Repository/RAD_Pages/SAU_MDForm202F_MF_AfterJuly2021_Page/select_MonthJanuaryFebruaryMarchAprilMayJun_aa9ebb'  using regular expression

2023-07-17 21:35:09 - [MESSAGE][PASSED] - All options with value '08' are selected in object 'Object Repository/RAD_Pages/SAU_MDForm202F_MF_AfterJuly2021_Page/select_MonthJanuaryFebruaryMarchAprilMayJun_aa9ebb'  using regular expression

2023-07-17 21:35:09 - [TEST_STEP][PASSED] - setText(findTestObject("Object Repository/RAD_Pages/SAU_MDForm202F_MF_AfterJuly2021_Page/input_Note_businessName"), "Broken Glass, LLC"): Text 'Broken Glass, LLC' is set on object 'Object Repository/RAD_Pages/SAU_MDForm202F_MF_AfterJuly2021_Page/input_Note_businessName'

2023-07-17 21:35:09 - [MESSAGE][PASSED] - Text 'Broken Glass, LLC' is set on object 'Object Repository/RAD_Pages/SAU_MDForm202F_MF_AfterJuly2021_Page/input_Note_businessName'

2023-07-17 21:35:09 - [TEST_STEP][PASSED] - setText(findTestObject("Object Repository/RAD_Pages/SAU_MDForm202F_MF_AfterJuly2021_Page/input_Enter business name_firstName"), "Andy"): Text 'Andy' is set on object 'Object Repository/RAD_Pages/SAU_MDForm202F_MF_AfterJuly2021_Page/input_Enter business name_firstName'

2023-07-17 21:35:10 - [MESSAGE][PASSED] - Text 'Andy' is set on object 'Object Repository/RAD_Pages/SAU_MDForm202F_MF_AfterJuly2021_Page/input_Enter business name_firstName'

2023-07-17 21:35:10 - [TEST_STEP][PASSED] - setText(findTestObject("Object Repository/RAD_Pages/SAU_MDForm202F_MF_AfterJuly2021_Page/input_Enter first name_middleName"), "Lament"): Text 'Lament' is set on object 'Object Repository/RAD_Pages/SAU_MDForm202F_MF_AfterJuly2021_Page/input_Enter first name_middleName'

2023-07-17 21:35:11 - [MESSAGE][PASSED] - Text 'Lament' is set on object 'Object Repository/RAD_Pages/SAU_MDForm202F_MF_AfterJuly2021_Page/input_Enter first name_middleName'

2023-07-17 21:35:11 - [TEST_STEP][PASSED] - setText(findTestObject("Object Repository/RAD_Pages/SAU_MDForm202F_MF_AfterJuly2021_Page/input_Middle Name_lastName"), "Mohl"): Text 'Mohl' is set on object 'Object Repository/RAD_Pages/SAU_MDForm202F_MF_AfterJuly2021_Page/input_Middle Name_lastName'

2023-07-17 21:35:12 - [MESSAGE][PASSED] - Text 'Mohl' is set on object 'Object Repository/RAD_Pages/SAU_MDForm202F_MF_AfterJuly2021_Page/input_Middle Name_lastName'

2023-07-17 21:35:12 - [TEST_STEP][PASSED] - setText(findTestObject("Object Repository/RAD_Pages/SAU_MDForm202F_MF_AfterJuly2021_Page/input_Enter last name_suffix"), "Jr"): Text 'Jr' is set on object 'Object Repository/RAD_Pages/SAU_MDForm202F_MF_AfterJuly2021_Page/input_Enter last name_suffix'

2023-07-17 21:35:12 - [MESSAGE][PASSED] - Text 'Jr' is set on object 'Object Repository/RAD_Pages/SAU_MDForm202F_MF_AfterJuly2021_Page/input_Enter last name_suffix'

2023-07-17 21:35:12 - [TEST_STEP][PASSED] - setText(findTestObject("Object Repository/RAD_Pages/SAU_MDForm202F_MF_AfterJuly2021_Page/input_Select a country_streetAddress1"), "147 Elm St"): Text '147 Elm St' is set on object 'Object Repository/RAD_Pages/SAU_MDForm202F_MF_AfterJuly2021_Page/input_Select a country_streetAddress1'

2023-07-17 21:35:13 - [MESSAGE][PASSED] - Text '147 Elm St' is set on object 'Object Repository/RAD_Pages/SAU_MDForm202F_MF_AfterJuly2021_Page/input_Select a country_streetAddress1'

2023-07-17 21:35:13 - [TEST_STEP][PASSED] - setText(findTestObject("Object Repository/RAD_Pages/SAU_MDForm202F_MF_AfterJuly2021_Page/input_Enter address_streetAddress2"), "Room 147"): Text 'Room 147' is set on object 'Object Repository/RAD_Pages/SAU_MDForm202F_MF_AfterJuly2021_Page/input_Enter address_streetAddress2'

2023-07-17 21:35:14 - [MESSAGE][PASSED] - Text 'Room 147' is set on object 'Object Repository/RAD_Pages/SAU_MDForm202F_MF_AfterJuly2021_Page/input_Enter address_streetAddress2'

2023-07-17 21:35:14 - [TEST_STEP][PASSED] - setText(findTestObject("Object Repository/RAD_Pages/SAU_MDForm202F_MF_AfterJuly2021_Page/input_Street Address 2_city"), "Lutherville Timonium"): Text 'Lutherville Timonium' is set on object 'Object Repository/RAD_Pages/SAU_MDForm202F_MF_AfterJuly2021_Page/input_Street Address 2_city'

2023-07-17 21:35:14 - [MESSAGE][PASSED] - Text 'Lutherville Timonium' is set on object 'Object Repository/RAD_Pages/SAU_MDForm202F_MF_AfterJuly2021_Page/input_Street Address 2_city'

2023-07-17 21:35:14 - [TEST_STEP][PASSED] - selectOptionByValue(findTestObject("Object Repository/RAD_Pages/SAU_MDForm202F_MF_AfterJuly2021_Page/select_SelectAlabamaAlaskaArizonaArkansasCa_90914a"), "MD", true): All options with value 'MD' are selected in object 'Object Repository/RAD_Pages/SAU_MDForm202F_MF_AfterJuly2021_Page/select_SelectAlabamaAlaskaArizonaArkansasCa_90914a'  using regular expression

2023-07-17 21:35:16 - [MESSAGE][PASSED] - All options with value 'MD' are selected in object 'Object Repository/RAD_Pages/SAU_MDForm202F_MF_AfterJuly2021_Page/select_SelectAlabamaAlaskaArizonaArkansasCa_90914a'  using regular expression

2023-07-17 21:35:16 - [TEST_STEP][PASSED] - setText(findTestObject("Object Repository/RAD_Pages/SAU_MDForm202F_MF_AfterJuly2021_Page/input_Select a state_zipCode"), "21030"): Text '21030' is set on object 'Object Repository/RAD_Pages/SAU_MDForm202F_MF_AfterJuly2021_Page/input_Select a state_zipCode'

2023-07-17 21:35:17 - [MESSAGE][PASSED] - Text '21030' is set on object 'Object Repository/RAD_Pages/SAU_MDForm202F_MF_AfterJuly2021_Page/input_Select a state_zipCode'

2023-07-17 21:35:17 - [TEST_STEP][PASSED] - setText(findTestObject("Object Repository/RAD_Pages/SAU_MDForm202F_MF_AfterJuly2021_Page/input_Enter ZIP code_phoneNumber"), "(703) 894-5000"): Text '(703) 894-5000' is set on object 'Object Repository/RAD_Pages/SAU_MDForm202F_MF_AfterJuly2021_Page/input_Enter ZIP code_phoneNumber'

2023-07-17 21:35:17 - [MESSAGE][PASSED] - Text '(703) 894-5000' is set on object 'Object Repository/RAD_Pages/SAU_MDForm202F_MF_AfterJuly2021_Page/input_Enter ZIP code_phoneNumber'

2023-07-17 21:35:17 - [TEST_STEP][PASSED] - setText(findTestObject("Object Repository/RAD_Pages/SAU_MDForm202F_MF_AfterJuly2021_Page/input_Enter a phone number_eMailAddress"), "iahmed@govolution.com"): Text 'iahmed@govolution.com' is set on object 'Object Repository/RAD_Pages/SAU_MDForm202F_MF_AfterJuly2021_Page/input_Enter a phone number_eMailAddress'

2023-07-17 21:35:18 - [MESSAGE][PASSED] - Text 'iahmed@govolution.com' is set on object 'Object Repository/RAD_Pages/SAU_MDForm202F_MF_AfterJuly2021_Page/input_Enter a phone number_eMailAddress'

2023-07-17 21:35:18 - [TEST_STEP][PASSED] - setText(findTestObject("Object Repository/RAD_Pages/SAU_MDForm202F_MF_AfterJuly2021_Page/input_Enter Email_reEnterEMailAddress"), "iahmed@govolution.com"): Text 'iahmed@govolution.com' is set on object 'Object Repository/RAD_Pages/SAU_MDForm202F_MF_AfterJuly2021_Page/input_Enter Email_reEnterEMailAddress'

2023-07-17 21:35:19 - [MESSAGE][PASSED] - Text 'iahmed@govolution.com' is set on object 'Object Repository/RAD_Pages/SAU_MDForm202F_MF_AfterJuly2021_Page/input_Enter Email_reEnterEMailAddress'

2023-07-17 21:35:19 - [TEST_STEP][PASSED] - setEncryptedText(findTestObject("Object Repository/RAD_Pages/TaxInfo_Page/input_FederalEIN"), "0fDtEjy4ijeV75Gl5M+mSg=="): Text ****** has been set on object 'Object Repository/RAD_Pages/TaxInfo_Page/input_FederalEIN'

2023-07-17 21:35:19 - [MESSAGE][PASSED] - Text ****** has been set on object 'Object Repository/RAD_Pages/TaxInfo_Page/input_FederalEIN'

2023-07-17 21:35:19 - [TEST_STEP][PASSED] - setEncryptedText(findTestObject("Object Repository/RAD_Pages/TaxInfo_Page/input_FederalEIN_ReEnter"), "0fDtEjy4ijeV75Gl5M+mSg=="): Text ****** has been set on object 'Object Repository/RAD_Pages/TaxInfo_Page/input_FederalEIN_ReEnter'

2023-07-17 21:35:20 - [MESSAGE][PASSED] - Text ****** has been set on object 'Object Repository/RAD_Pages/TaxInfo_Page/input_FederalEIN_ReEnter'

2023-07-17 21:35:20 - [TEST_STEP][PASSED] - setText(findTestObject("Object Repository/RAD_Pages/TaxInfo_Page/input_MDCRegistration"), "07640126"): Text '07640126' is set on object 'Object Repository/RAD_Pages/TaxInfo_Page/input_MDCRegistration'

2023-07-17 21:35:21 - [MESSAGE][PASSED] - Text '07640126' is set on object 'Object Repository/RAD_Pages/TaxInfo_Page/input_MDCRegistration'

2023-07-17 21:35:21 - [TEST_STEP][PASSED] - setText(findTestObject("Object Repository/RAD_Pages/SAU_MDForm202F_MF_AfterJuly2021_Page/input__GrossSales2"), "3000.00"): Text '3000.00' is set on object 'Object Repository/RAD_Pages/SAU_MDForm202F_MF_AfterJuly2021_Page/input__GrossSales2'

2023-07-17 21:35:21 - [MESSAGE][PASSED] - Text '3000.00' is set on object 'Object Repository/RAD_Pages/SAU_MDForm202F_MF_AfterJuly2021_Page/input__GrossSales2'

2023-07-17 21:35:21 - [TEST_STEP][PASSED] - click(findTestObject("Object Repository/RAD_Pages/SAU_MDForm202F_MF_AfterJuly2021_Page/input_Sales Tax Return Information_Marketpl_2444a2")): Object: 'Object Repository/RAD_Pages/SAU_MDForm202F_MF_AfterJuly2021_Page/input_Sales Tax Return Information_Marketpl_2444a2' is clicked on

2023-07-17 21:35:22 - [MESSAGE][PASSED] - Object: 'Object Repository/RAD_Pages/SAU_MDForm202F_MF_AfterJuly2021_Page/input_Sales Tax Return Information_Marketpl_2444a2' is clicked on

2023-07-17 21:35:22 - [TEST_STEP][PASSED] - click(findTestObject("Object Repository/RAD_Pages/SalesTaxReturnInfo_Page/input_OutOfStateVendor")): Object: 'Object Repository/RAD_Pages/SalesTaxReturnInfo_Page/input_OutOfStateVendor' is clicked on

2023-07-17 21:35:22 - [MESSAGE][PASSED] - Object: 'Object Repository/RAD_Pages/SalesTaxReturnInfo_Page/input_OutOfStateVendor' is clicked on

2023-07-17 21:35:22 - [TEST_STEP][PASSED] - setText(findTestObject("Object Repository/RAD_Pages/SAU_MDForm202F_MF_AfterJuly2021_Page/input__FacGrossSales2"), "3000.00"): Text '3000.00' is set on object 'Object Repository/RAD_Pages/SAU_MDForm202F_MF_AfterJuly2021_Page/input__FacGrossSales2'

2023-07-17 21:35:23 - [MESSAGE][PASSED] - Text '3000.00' is set on object 'Object Repository/RAD_Pages/SAU_MDForm202F_MF_AfterJuly2021_Page/input__FacGrossSales2'

2023-07-17 21:35:23 - [TEST_STEP][PASSED] - setText(findTestObject("Object Repository/RAD_Pages/SAU_MDForm202F_MF_AfterJuly2021_Page/input__FacTaxableSales2"), "100.00"): Text '100.00' is set on object 'Object Repository/RAD_Pages/SAU_MDForm202F_MF_AfterJuly2021_Page/input__FacTaxableSales2'

2023-07-17 21:35:23 - [MESSAGE][PASSED] - Text '100.00' is set on object 'Object Repository/RAD_Pages/SAU_MDForm202F_MF_AfterJuly2021_Page/input__FacTaxableSales2'

2023-07-17 21:35:23 - [TEST_STEP][PASSED] - setText(findTestObject("Object Repository/RAD_Pages/SAU_MDForm202F_MF_AfterJuly2021_Page/input__FacSalesDigitalProduct2"), "100.00"): Text '100.00' is set on object 'Object Repository/RAD_Pages/SAU_MDForm202F_MF_AfterJuly2021_Page/input__FacSalesDigitalProduct2'

2023-07-17 21:35:24 - [MESSAGE][PASSED] - Text '100.00' is set on object 'Object Repository/RAD_Pages/SAU_MDForm202F_MF_AfterJuly2021_Page/input__FacSalesDigitalProduct2'

2023-07-17 21:35:24 - [TEST_STEP][PASSED] - setText(findTestObject("Object Repository/RAD_Pages/SAU_MDForm202F_MF_AfterJuly2021_Page/input__FacTaxableSalesESD2"), "100.00"): Text '100.00' is set on object 'Object Repository/RAD_Pages/SAU_MDForm202F_MF_AfterJuly2021_Page/input__FacTaxableSalesESD2'

2023-07-17 21:35:25 - [MESSAGE][PASSED] - Text '100.00' is set on object 'Object Repository/RAD_Pages/SAU_MDForm202F_MF_AfterJuly2021_Page/input__FacTaxableSalesESD2'

2023-07-17 21:35:25 - [TEST_STEP][PASSED] - setText(findTestObject("Object Repository/RAD_Pages/SAU_MDForm202F_MF_AfterJuly2021_Page/input__FacTaxableSalesVapingLiquid2"), "100.00"): Text '100.00' is set on object 'Object Repository/RAD_Pages/SAU_MDForm202F_MF_AfterJuly2021_Page/input__FacTaxableSalesVapingLiquid2'

2023-07-17 21:35:26 - [MESSAGE][PASSED] - Text '100.00' is set on object 'Object Repository/RAD_Pages/SAU_MDForm202F_MF_AfterJuly2021_Page/input__FacTaxableSalesVapingLiquid2'

2023-07-17 21:35:26 - [TEST_STEP][PASSED] - setText(findTestObject("Object Repository/RAD_Pages/SAU_MDForm202F_MF_AfterJuly2021_Page/input__FacCarRental2"), "100.00"): Text '100.00' is set on object 'Object Repository/RAD_Pages/SAU_MDForm202F_MF_AfterJuly2021_Page/input__FacCarRental2'

2023-07-17 21:35:26 - [MESSAGE][PASSED] - Text '100.00' is set on object 'Object Repository/RAD_Pages/SAU_MDForm202F_MF_AfterJuly2021_Page/input__FacCarRental2'

2023-07-17 21:35:26 - [TEST_STEP][PASSED] - setText(findTestObject("Object Repository/RAD_Pages/SAU_MDForm202F_MF_AfterJuly2021_Page/input__FacTruckRental2"), "100.00"): Text '100.00' is set on object 'Object Repository/RAD_Pages/SAU_MDForm202F_MF_AfterJuly2021_Page/input__FacTruckRental2'

2023-07-17 21:35:27 - [MESSAGE][PASSED] - Text '100.00' is set on object 'Object Repository/RAD_Pages/SAU_MDForm202F_MF_AfterJuly2021_Page/input__FacTruckRental2'

2023-07-17 21:35:27 - [TEST_STEP][PASSED] - setText(findTestObject("Object Repository/RAD_Pages/SAU_MDForm202F_MF_AfterJuly2021_Page/input__FacAlcoholSales2"), "100.00"): Text '100.00' is set on object 'Object Repository/RAD_Pages/SAU_MDForm202F_MF_AfterJuly2021_Page/input__FacAlcoholSales2'

2023-07-17 21:35:28 - [MESSAGE][PASSED] - Text '100.00' is set on object 'Object Repository/RAD_Pages/SAU_MDForm202F_MF_AfterJuly2021_Page/input__FacAlcoholSales2'

2023-07-17 21:35:28 - [TEST_STEP][PASSED] - setText(findTestObject("Object Repository/RAD_Pages/SAU_MDForm202F_MF_AfterJuly2021_Page/input__GrossSales2"), "3000.00"): Text '3000.00' is set on object 'Object Repository/RAD_Pages/SAU_MDForm202F_MF_AfterJuly2021_Page/input__GrossSales2'

2023-07-17 21:35:28 - [MESSAGE][PASSED] - Text '3000.00' is set on object 'Object Repository/RAD_Pages/SAU_MDForm202F_MF_AfterJuly2021_Page/input__GrossSales2'

2023-07-17 21:35:28 - [TEST_STEP][PASSED] - setText(findTestObject("Object Repository/RAD_Pages/SAU_MDForm202F_MF_AfterJuly2021_Page/input__TaxableSales2"), "100.00"): Text '100.00' is set on object 'Object Repository/RAD_Pages/SAU_MDForm202F_MF_AfterJuly2021_Page/input__TaxableSales2'

2023-07-17 21:35:29 - [MESSAGE][PASSED] - Text '100.00' is set on object 'Object Repository/RAD_Pages/SAU_MDForm202F_MF_AfterJuly2021_Page/input__TaxableSales2'

2023-07-17 21:35:29 - [TEST_STEP][PASSED] - setText(findTestObject("Object Repository/RAD_Pages/SAU_MDForm202F_MF_AfterJuly2021_Page/input__TaxableSalesDigitalProduct2"), "100.00"): Text '100.00' is set on object 'Object Repository/RAD_Pages/SAU_MDForm202F_MF_AfterJuly2021_Page/input__TaxableSalesDigitalProduct2'

2023-07-17 21:35:30 - [MESSAGE][PASSED] - Text '100.00' is set on object 'Object Repository/RAD_Pages/SAU_MDForm202F_MF_AfterJuly2021_Page/input__TaxableSalesDigitalProduct2'

2023-07-17 21:35:30 - [TEST_STEP][PASSED] - setText(findTestObject("Object Repository/RAD_Pages/SAU_MDForm202F_MF_AfterJuly2021_Page/input__TaxableSalesESD2"), "100.00"): Text '100.00' is set on object 'Object Repository/RAD_Pages/SAU_MDForm202F_MF_AfterJuly2021_Page/input__TaxableSalesESD2'

2023-07-17 21:35:31 - [MESSAGE][PASSED] - Text '100.00' is set on object 'Object Repository/RAD_Pages/SAU_MDForm202F_MF_AfterJuly2021_Page/input__TaxableSalesESD2'

2023-07-17 21:35:31 - [TEST_STEP][PASSED] - setText(findTestObject("Object Repository/RAD_Pages/SAU_MDForm202F_MF_AfterJuly2021_Page/input__TaxableSalesVapingLiquid2"), "100.00"): Text '100.00' is set on object 'Object Repository/RAD_Pages/SAU_MDForm202F_MF_AfterJuly2021_Page/input__TaxableSalesVapingLiquid2'

2023-07-17 21:35:31 - [MESSAGE][PASSED] - Text '100.00' is set on object 'Object Repository/RAD_Pages/SAU_MDForm202F_MF_AfterJuly2021_Page/input__TaxableSalesVapingLiquid2'

2023-07-17 21:35:31 - [TEST_STEP][PASSED] - setText(findTestObject("Object Repository/RAD_Pages/SAU_MDForm202F_MF_AfterJuly2021_Page/input__CarRental2"), "100.00"): Text '100.00' is set on object 'Object Repository/RAD_Pages/SAU_MDForm202F_MF_AfterJuly2021_Page/input__CarRental2'

2023-07-17 21:35:32 - [MESSAGE][PASSED] - Text '100.00' is set on object 'Object Repository/RAD_Pages/SAU_MDForm202F_MF_AfterJuly2021_Page/input__CarRental2'

2023-07-17 21:35:32 - [TEST_STEP][PASSED] - setText(findTestObject("Object Repository/RAD_Pages/SAU_MDForm202F_MF_AfterJuly2021_Page/input__TruckRental2"), "100.00"): Text '100.00' is set on object 'Object Repository/RAD_Pages/SAU_MDForm202F_MF_AfterJuly2021_Page/input__TruckRental2'

2023-07-17 21:35:33 - [MESSAGE][PASSED] - Text '100.00' is set on object 'Object Repository/RAD_Pages/SAU_MDForm202F_MF_AfterJuly2021_Page/input__TruckRental2'

2023-07-17 21:35:33 - [TEST_STEP][PASSED] - setText(findTestObject("Object Repository/RAD_Pages/SAU_MDForm202F_MF_AfterJuly2021_Page/input__AlcoholSales2"), "100.00"): Text '100.00' is set on object 'Object Repository/RAD_Pages/SAU_MDForm202F_MF_AfterJuly2021_Page/input__AlcoholSales2'

2023-07-17 21:35:34 - [MESSAGE][PASSED] - Text '100.00' is set on object 'Object Repository/RAD_Pages/SAU_MDForm202F_MF_AfterJuly2021_Page/input__AlcoholSales2'

2023-07-17 21:35:34 - [TEST_STEP][PASSED] - setText(findTestObject("Object Repository/RAD_Pages/SAU_MDForm202F_MF_AfterJuly2021_Page/input__Purchases2"), "100.00"): Text '100.00' is set on object 'Object Repository/RAD_Pages/SAU_MDForm202F_MF_AfterJuly2021_Page/input__Purchases2'

2023-07-17 21:35:34 - [MESSAGE][PASSED] - Text '100.00' is set on object 'Object Repository/RAD_Pages/SAU_MDForm202F_MF_AfterJuly2021_Page/input__Purchases2'

2023-07-17 21:35:34 - [TEST_STEP][PASSED] - setText(findTestObject("Object Repository/RAD_Pages/SAU_MDForm202F_MF_AfterJuly2021_Page/input__TruckRentalPurchases2"), "100.00"): Text '100.00' is set on object 'Object Repository/RAD_Pages/SAU_MDForm202F_MF_AfterJuly2021_Page/input__TruckRentalPurchases2'

2023-07-17 21:35:35 - [MESSAGE][PASSED] - Text '100.00' is set on object 'Object Repository/RAD_Pages/SAU_MDForm202F_MF_AfterJuly2021_Page/input__TruckRentalPurchases2'

2023-07-17 21:35:35 - [TEST_STEP][PASSED] - setText(findTestObject("Object Repository/RAD_Pages/SAU_MDForm202F_MF_AfterJuly2021_Page/input__AlcoholPurchases2"), "100.00"): Text '100.00' is set on object 'Object Repository/RAD_Pages/SAU_MDForm202F_MF_AfterJuly2021_Page/input__AlcoholPurchases2'

2023-07-17 21:35:36 - [MESSAGE][PASSED] - Text '100.00' is set on object 'Object Repository/RAD_Pages/SAU_MDForm202F_MF_AfterJuly2021_Page/input__AlcoholPurchases2'

2023-07-17 21:35:36 - [TEST_STEP][PASSED] - setText(findTestObject("Object Repository/RAD_Pages/SAU_MDForm202F_MF_AfterJuly2021_Page/input__CarRentalPurchases2"), "100.00"): Text '100.00' is set on object 'Object Repository/RAD_Pages/SAU_MDForm202F_MF_AfterJuly2021_Page/input__CarRentalPurchases2'

2023-07-17 21:35:36 - [MESSAGE][PASSED] - Text '100.00' is set on object 'Object Repository/RAD_Pages/SAU_MDForm202F_MF_AfterJuly2021_Page/input__CarRentalPurchases2'

2023-07-17 21:35:36 - [TEST_STEP][PASSED] - setText(findTestObject("Object Repository/RAD_Pages/SAU_MDForm202F_MF_AfterJuly2021_Page/input__ESDPurchases2"), "100.00"): Text '100.00' is set on object 'Object Repository/RAD_Pages/SAU_MDForm202F_MF_AfterJuly2021_Page/input__ESDPurchases2'

2023-07-17 21:35:37 - [MESSAGE][PASSED] - Text '100.00' is set on object 'Object Repository/RAD_Pages/SAU_MDForm202F_MF_AfterJuly2021_Page/input__ESDPurchases2'

2023-07-17 21:35:37 - [TEST_STEP][PASSED] - setText(findTestObject("Object Repository/RAD_Pages/SAU_MDForm202F_MF_AfterJuly2021_Page/input__VapingLiquidPurchases2"), "100.00"): Text '100.00' is set on object 'Object Repository/RAD_Pages/SAU_MDForm202F_MF_AfterJuly2021_Page/input__VapingLiquidPurchases2'

2023-07-17 21:35:38 - [MESSAGE][PASSED] - Text '100.00' is set on object 'Object Repository/RAD_Pages/SAU_MDForm202F_MF_AfterJuly2021_Page/input__VapingLiquidPurchases2'

2023-07-17 21:35:38 - [TEST_STEP][PASSED] - setText(findTestObject("Object Repository/RAD_Pages/SAU_MDForm202F_MF_AfterJuly2021_Page/input__Refund2"), "100.00"): Text '100.00' is set on object 'Object Repository/RAD_Pages/SAU_MDForm202F_MF_AfterJuly2021_Page/input__Refund2'

2023-07-17 21:35:38 - [MESSAGE][PASSED] - Text '100.00' is set on object 'Object Repository/RAD_Pages/SAU_MDForm202F_MF_AfterJuly2021_Page/input__Refund2'

2023-07-17 21:35:38 - [TEST_STEP][PASSED] - setText(findTestObject("Object Repository/RAD_Pages/SAU_MDForm202F_MF_AfterJuly2021_Page/input__E911Fee2"), "95.00"): Text '95.00' is set on object 'Object Repository/RAD_Pages/SAU_MDForm202F_MF_AfterJuly2021_Page/input__E911Fee2'

2023-07-17 21:35:39 - [MESSAGE][PASSED] - Text '95.00' is set on object 'Object Repository/RAD_Pages/SAU_MDForm202F_MF_AfterJuly2021_Page/input__E911Fee2'

2023-07-17 21:35:39 - [TEST_STEP][PASSED] - scrollToElement(findTestObject("Object Repository/RAD_Pages/SAU_MDForm202_Page/button_Continue"), 3): Scroll to object 'Object Repository/RAD_Pages/SAU_MDForm202_Page/button_Continue' successfully

2023-07-17 21:35:40 - [MESSAGE][PASSED] - Scroll to object 'Object Repository/RAD_Pages/SAU_MDForm202_Page/button_Continue' successfully

2023-07-17 21:35:40 - [TEST_STEP][PASSED] - waitForElementClickable(findTestObject("Object Repository/RAD_Pages/SAU_MDForm202_Page/button_Continue"), 5): Object 'Object Repository/RAD_Pages/SAU_MDForm202_Page/button_Continue' is clickable

2023-07-17 21:35:40 - [MESSAGE][PASSED] - Object 'Object Repository/RAD_Pages/SAU_MDForm202_Page/button_Continue' is clickable

2023-07-17 21:35:40 - [TEST_STEP][PASSED] - click(findTestObject("Object Repository/RAD_Pages/SAU_MDForm202_Page/button_Continue")): Object: 'Object Repository/RAD_Pages/SAU_MDForm202_Page/button_Continue' is clicked on

2023-07-17 21:35:40 - [MESSAGE][PASSED] - Object: 'Object Repository/RAD_Pages/SAU_MDForm202_Page/button_Continue' is clicked on

2023-07-17 21:35:40 - [TEST_STEP][PASSED] - click(findTestObject("Object Repository/RAD_Pages/SAU_MDForm202_Page/button_Proceed to Payment")): Object: 'Object Repository/RAD_Pages/SAU_MDForm202_Page/button_Proceed to Payment' is clicked on

2023-07-17 21:35:42 - [MESSAGE][PASSED] - Object: 'Object Repository/RAD_Pages/SAU_MDForm202_Page/button_Proceed to Payment' is clicked on

2023-07-17 21:35:42 - [TEST_STEP][PASSED] - setText(findTestObject("Object Repository/RAD_Pages/SAU_MDForm202F_MF_AfterJuly2021_Page/input__cardNumber"), "4111111111111111"): Text '4111111111111111' is set on object 'Object Repository/RAD_Pages/SAU_MDForm202F_MF_AfterJuly2021_Page/input__cardNumber'

2023-07-17 21:35:43 - [MESSAGE][PASSED] - Text '4111111111111111' is set on object 'Object Repository/RAD_Pages/SAU_MDForm202F_MF_AfterJuly2021_Page/input__cardNumber'

2023-07-17 21:35:43 - [TEST_STEP][PASSED] - setText(findTestObject("Object Repository/RAD_Pages/SAU_MDForm202F_MF_AfterJuly2021_Page/input__spc"), "123"): Text '123' is set on object 'Object Repository/RAD_Pages/SAU_MDForm202F_MF_AfterJuly2021_Page/input__spc'

2023-07-17 21:35:43 - [MESSAGE][PASSED] - Text '123' is set on object 'Object Repository/RAD_Pages/SAU_MDForm202F_MF_AfterJuly2021_Page/input__spc'

2023-07-17 21:35:43 - [TEST_STEP][PASSED] - selectOptionByValue(findTestObject("Object Repository/RAD_Pages/SAU_MDForm202F_MF_AfterJuly2021_Page/select_MM010203040506070809101112"), "4", true): All options with value '4' are selected in object 'Object Repository/RAD_Pages/SAU_MDForm202F_MF_AfterJuly2021_Page/select_MM010203040506070809101112'  using regular expression

2023-07-17 21:35:44 - [MESSAGE][PASSED] - All options with value '4' are selected in object 'Object Repository/RAD_Pages/SAU_MDForm202F_MF_AfterJuly2021_Page/select_MM010203040506070809101112'  using regular expression

2023-07-17 21:35:44 - [TEST_STEP][PASSED] - selectOptionByValue(findTestObject("Object Repository/RAD_Pages/SAU_MDForm202F_MF_AfterJuly2021_Page/select_YYYY20212022202320242025202620272028_8c4dd4"), "2027", true): All options with value '2027' are selected in object 'Object Repository/RAD_Pages/SAU_MDForm202F_MF_AfterJuly2021_Page/select_YYYY20212022202320242025202620272028_8c4dd4'  using regular expression

2023-07-17 21:35:45 - [MESSAGE][PASSED] - All options with value '2027' are selected in object 'Object Repository/RAD_Pages/SAU_MDForm202F_MF_AfterJuly2021_Page/select_YYYY20212022202320242025202620272028_8c4dd4'  using regular expression

2023-07-17 21:35:45 - [TEST_STEP][PASSED] - click(findTestObject("Object Repository/RAD_Pages/SAU_MDForm202F_MF_AfterJuly2021_Page/input_BillInvoice Details_ccSubmit")): Object: 'Object Repository/RAD_Pages/SAU_MDForm202F_MF_AfterJuly2021_Page/input_BillInvoice Details_ccSubmit' is clicked on

2023-07-17 21:35:46 - [MESSAGE][PASSED] - Object: 'Object Repository/RAD_Pages/SAU_MDForm202F_MF_AfterJuly2021_Page/input_BillInvoice Details_ccSubmit' is clicked on

2023-07-17 21:35:46 - [TEST_STEP][PASSED] - click(findTestObject("Object Repository/RAD_Pages/SAU_MDForm202F_MF_AfterJuly2021_Page/input_275.75_confirmNotifyAction")): Object: 'Object Repository/RAD_Pages/SAU_MDForm202F_MF_AfterJuly2021_Page/input_275.75_confirmNotifyAction' is clicked on

2023-07-17 21:35:47 - [MESSAGE][PASSED] - Object: 'Object Repository/RAD_Pages/SAU_MDForm202F_MF_AfterJuly2021_Page/input_275.75_confirmNotifyAction' is clicked on

2023-07-17 21:35:47 - [TEST_STEP][PASSED] - click(findTestObject("Object Repository/RAD_Pages/SAU_MDForm202F_MF_AfterJuly2021_Page/input_282.51_convFeeNotifyAction")): Object: 'Object Repository/RAD_Pages/SAU_MDForm202F_MF_AfterJuly2021_Page/input_282.51_convFeeNotifyAction' is clicked on

2023-07-17 21:35:48 - [MESSAGE][PASSED] - Object: 'Object Repository/RAD_Pages/SAU_MDForm202F_MF_AfterJuly2021_Page/input_282.51_convFeeNotifyAction' is clicked on

2023-07-17 21:35:48 - [TEST_STEP][PASSED] - delay(10): Delayed 10 second(s)

2023-07-17 21:35:58 - [MESSAGE][PASSED] - Delayed 10 second(s)

2023-07-17 21:35:58 - [TEST_STEP][PASSED] - verifyTextPresent("Successful Payment Receipt", true): Text 'Successful Payment Receipt' is present on page  using regular expression

2023-07-17 21:35:58 - [MESSAGE][PASSED] - Text 'Successful Payment Receipt' is present on page  using regular expression

2023-07-17 21:35:58 - [TEST_STEP][PASSED] - closeBrowser(): Browser is closed

2023-07-17 21:35:59 - [MESSAGE][PASSED] - Browser is closed]]></system-out>
         <system-err><![CDATA[]]></system-err>
      </testcase>
      <system-out><![CDATA[2023-07-17 21:05:03 - [TEST_SUITE][FAILED] - RAD_UI_TestSuite: Test Cases/RAD_TestCases/UI_TestCases/VerifyServiceFeeVerbiage_UI_TC FAILED.
Reason:
com.kms.katalon.core.exception.StepFailedException: Actual text 'This electronic government service includes a 2.45% service/convenience fee, with a $1.00 minimum, for payments processed through this application. This fee is assessed by Govolution, LLC and will post as a separate transaction. Accepted credit cards include Visa, Mastercard, Discover, and American Express.' and expected text 'This electronic government service includes a 2.45% service/convenience fee, with a $1.00 minimum, for payments processed through this application. This fee is assessed by Govolution, LLC and will post as a separate transaction. Accepted credit cards include Visa, Mastercard, and Discover.' of test object 'Object Repository/RAD_Pages/Landing_Page/div_ServiceFeesVerbiage' are NOT matched. (Root cause: com.kms.katalon.core.exception.StepFailedException: Actual text 'This electronic government service includes a 2.45% service/convenience fee, with a $1.00 minimum, for payments processed through this application. This fee is assessed by Govolution, LLC and will post as a separate transaction. Accepted credit cards include Visa, Mastercard, Discover, and American Express.' and expected text 'This electronic government service includes a 2.45% service/convenience fee, with a $1.00 minimum, for payments processed through this application. This fee is assessed by Govolution, LLC and will post as a separate transaction. Accepted credit cards include Visa, Mastercard, and Discover.' of test object 'Object Repository/RAD_Pages/Landing_Page/div_ServiceFeesVerbiage' are NOT matched.
	at com.kms.katalon.core.webui.keyword.internal.WebUIKeywordMain.stepFailed(WebUIKeywordMain.groovy:64)
	at com.kms.katalon.core.webui.keyword.builtin.VerifyElementTextKeyword$_verifyElementText_closure1.doCall(VerifyElementTextKeyword.groovy:57)
	at com.kms.katalon.core.webui.keyword.builtin.VerifyElementTextKeyword$_verifyElementText_closure1.call(VerifyElementTextKeyword.groovy)
	at com.kms.katalon.core.webui.keyword.internal.WebUIKeywordMain.runKeyword(WebUIKeywordMain.groovy:20)
	at com.kms.katalon.core.webui.keyword.builtin.VerifyElementTextKeyword.verifyElementText(VerifyElementTextKeyword.groovy:72)
	at com.kms.katalon.core.webui.keyword.builtin.VerifyElementTextKeyword.execute(VerifyElementTextKeyword.groovy:40)
	at com.kms.katalon.core.keyword.internal.KeywordExecutor.executeKeywordForPlatform(KeywordExecutor.groovy:74)
	at com.kms.katalon.core.webui.keyword.WebUiBuiltInKeywords.verifyElementText(WebUiBuiltInKeywords.groovy:4749)
	at com.kms.katalon.core.webui.keyword.WebUiBuiltInKeywords$verifyElementText$15.call(Unknown Source)
	at VerifyServiceFeeVerbiage_UI_TC.run(VerifyServiceFeeVerbiage_UI_TC:65)
	at com.kms.katalon.core.main.ScriptEngine.run(ScriptEngine.java:194)
	at com.kms.katalon.core.main.ScriptEngine.runScriptAsRawText(ScriptEngine.java:119)
	at com.kms.katalon.core.main.TestCaseExecutor.runScript(TestCaseExecutor.java:442)
	at com.kms.katalon.core.main.TestCaseExecutor.doExecute(TestCaseExecutor.java:433)
	at com.kms.katalon.core.main.TestCaseExecutor.processExecutionPhase(TestCaseExecutor.java:412)
	at com.kms.katalon.core.main.TestCaseExecutor.accessMainPhase(TestCaseExecutor.java:404)
	at com.kms.katalon.core.main.TestCaseExecutor.execute(TestCaseExecutor.java:281)
	at com.kms.katalon.core.main.TestSuiteExecutor.accessTestCaseMainPhase(TestSuiteExecutor.java:202)
	at com.kms.katalon.core.main.TestSuiteExecutor.accessTestSuiteMainPhase(TestSuiteExecutor.java:164)
	at com.kms.katalon.core.main.TestSuiteExecutor.execute(TestSuiteExecutor.java:105)
	at com.kms.katalon.core.main.TestCaseMain.startTestSuite(TestCaseMain.java:185)
	at com.kms.katalon.core.main.TestCaseMain$startTestSuite$0.call(Unknown Source)
	at TempTestSuite1689642297796.run(TempTestSuite1689642297796.groovy:36)
)
	at com.kms.katalon.core.keyword.internal.KeywordMain.stepFailed(KeywordMain.groovy:39)
	at com.kms.katalon.core.webui.keyword.internal.WebUIKeywordMain.stepFailed(WebUIKeywordMain.groovy:64)
	at com.kms.katalon.core.webui.keyword.builtin.VerifyElementTextKeyword$_verifyElementText_closure1.doCall(VerifyElementTextKeyword.groovy:57)
	at com.kms.katalon.core.webui.keyword.builtin.VerifyElementTextKeyword$_verifyElementText_closure1.call(VerifyElementTextKeyword.groovy)
	at com.kms.katalon.core.webui.keyword.internal.WebUIKeywordMain.runKeyword(WebUIKeywordMain.groovy:20)
	at com.kms.katalon.core.webui.keyword.builtin.VerifyElementTextKeyword.verifyElementText(VerifyElementTextKeyword.groovy:72)
	at com.kms.katalon.core.webui.keyword.builtin.VerifyElementTextKeyword.execute(VerifyElementTextKeyword.groovy:40)
	at com.kms.katalon.core.keyword.internal.KeywordExecutor.executeKeywordForPlatform(KeywordExecutor.groovy:74)
	at com.kms.katalon.core.webui.keyword.WebUiBuiltInKeywords.verifyElementText(WebUiBuiltInKeywords.groovy:4749)
	at com.kms.katalon.core.webui.keyword.WebUiBuiltInKeywords$verifyElementText$15.call(Unknown Source)
	at VerifyServiceFeeVerbiage_UI_TC.run(VerifyServiceFeeVerbiage_UI_TC:65)
	at com.kms.katalon.core.main.ScriptEngine.run(ScriptEngine.java:194)
	at com.kms.katalon.core.main.ScriptEngine.runScriptAsRawText(ScriptEngine.java:119)
	at com.kms.katalon.core.main.TestCaseExecutor.runScript(TestCaseExecutor.java:442)
	at com.kms.katalon.core.main.TestCaseExecutor.doExecute(TestCaseExecutor.java:433)
	at com.kms.katalon.core.main.TestCaseExecutor.processExecutionPhase(TestCaseExecutor.java:412)
	at com.kms.katalon.core.main.TestCaseExecutor.accessMainPhase(TestCaseExecutor.java:404)
	at com.kms.katalon.core.main.TestCaseExecutor.execute(TestCaseExecutor.java:281)
	at com.kms.katalon.core.main.TestSuiteExecutor.accessTestCaseMainPhase(TestSuiteExecutor.java:202)
	at com.kms.katalon.core.main.TestSuiteExecutor.accessTestSuiteMainPhase(TestSuiteExecutor.java:164)
	at com.kms.katalon.core.main.TestSuiteExecutor.execute(TestSuiteExecutor.java:105)
	at com.kms.katalon.core.main.TestCaseMain.startTestSuite(TestCaseMain.java:185)
	at com.kms.katalon.core.main.TestCaseMain$startTestSuite$0.call(Unknown Source)
	at TempTestSuite1689642297796.run(TempTestSuite1689642297796.groovy:36)
Caused by: com.kms.katalon.core.exception.StepFailedException: Actual text 'This electronic government service includes a 2.45% service/convenience fee, with a $1.00 minimum, for payments processed through this application. This fee is assessed by Govolution, LLC and will post as a separate transaction. Accepted credit cards include Visa, Mastercard, Discover, and American Express.' and expected text 'This electronic government service includes a 2.45% service/convenience fee, with a $1.00 minimum, for payments processed through this application. This fee is assessed by Govolution, LLC and will post as a separate transaction. Accepted credit cards include Visa, Mastercard, and Discover.' of test object 'Object Repository/RAD_Pages/Landing_Page/div_ServiceFeesVerbiage' are NOT matched.
	... 23 more]]></system-out>
      <system-err><![CDATA[2023-07-17 21:05:03 - [TEST_SUITE][FAILED] - RAD_UI_TestSuite: Test Cases/RAD_TestCases/UI_TestCases/VerifyServiceFeeVerbiage_UI_TC FAILED.
Reason:
com.kms.katalon.core.exception.StepFailedException: Actual text 'This electronic government service includes a 2.45% service/convenience fee, with a $1.00 minimum, for payments processed through this application. This fee is assessed by Govolution, LLC and will post as a separate transaction. Accepted credit cards include Visa, Mastercard, Discover, and American Express.' and expected text 'This electronic government service includes a 2.45% service/convenience fee, with a $1.00 minimum, for payments processed through this application. This fee is assessed by Govolution, LLC and will post as a separate transaction. Accepted credit cards include Visa, Mastercard, and Discover.' of test object 'Object Repository/RAD_Pages/Landing_Page/div_ServiceFeesVerbiage' are NOT matched. (Root cause: com.kms.katalon.core.exception.StepFailedException: Actual text 'This electronic government service includes a 2.45% service/convenience fee, with a $1.00 minimum, for payments processed through this application. This fee is assessed by Govolution, LLC and will post as a separate transaction. Accepted credit cards include Visa, Mastercard, Discover, and American Express.' and expected text 'This electronic government service includes a 2.45% service/convenience fee, with a $1.00 minimum, for payments processed through this application. This fee is assessed by Govolution, LLC and will post as a separate transaction. Accepted credit cards include Visa, Mastercard, and Discover.' of test object 'Object Repository/RAD_Pages/Landing_Page/div_ServiceFeesVerbiage' are NOT matched.
	at com.kms.katalon.core.webui.keyword.internal.WebUIKeywordMain.stepFailed(WebUIKeywordMain.groovy:64)
	at com.kms.katalon.core.webui.keyword.builtin.VerifyElementTextKeyword$_verifyElementText_closure1.doCall(VerifyElementTextKeyword.groovy:57)
	at com.kms.katalon.core.webui.keyword.builtin.VerifyElementTextKeyword$_verifyElementText_closure1.call(VerifyElementTextKeyword.groovy)
	at com.kms.katalon.core.webui.keyword.internal.WebUIKeywordMain.runKeyword(WebUIKeywordMain.groovy:20)
	at com.kms.katalon.core.webui.keyword.builtin.VerifyElementTextKeyword.verifyElementText(VerifyElementTextKeyword.groovy:72)
	at com.kms.katalon.core.webui.keyword.builtin.VerifyElementTextKeyword.execute(VerifyElementTextKeyword.groovy:40)
	at com.kms.katalon.core.keyword.internal.KeywordExecutor.executeKeywordForPlatform(KeywordExecutor.groovy:74)
	at com.kms.katalon.core.webui.keyword.WebUiBuiltInKeywords.verifyElementText(WebUiBuiltInKeywords.groovy:4749)
	at com.kms.katalon.core.webui.keyword.WebUiBuiltInKeywords$verifyElementText$15.call(Unknown Source)
	at VerifyServiceFeeVerbiage_UI_TC.run(VerifyServiceFeeVerbiage_UI_TC:65)
	at com.kms.katalon.core.main.ScriptEngine.run(ScriptEngine.java:194)
	at com.kms.katalon.core.main.ScriptEngine.runScriptAsRawText(ScriptEngine.java:119)
	at com.kms.katalon.core.main.TestCaseExecutor.runScript(TestCaseExecutor.java:442)
	at com.kms.katalon.core.main.TestCaseExecutor.doExecute(TestCaseExecutor.java:433)
	at com.kms.katalon.core.main.TestCaseExecutor.processExecutionPhase(TestCaseExecutor.java:412)
	at com.kms.katalon.core.main.TestCaseExecutor.accessMainPhase(TestCaseExecutor.java:404)
	at com.kms.katalon.core.main.TestCaseExecutor.execute(TestCaseExecutor.java:281)
	at com.kms.katalon.core.main.TestSuiteExecutor.accessTestCaseMainPhase(TestSuiteExecutor.java:202)
	at com.kms.katalon.core.main.TestSuiteExecutor.accessTestSuiteMainPhase(TestSuiteExecutor.java:164)
	at com.kms.katalon.core.main.TestSuiteExecutor.execute(TestSuiteExecutor.java:105)
	at com.kms.katalon.core.main.TestCaseMain.startTestSuite(TestCaseMain.java:185)
	at com.kms.katalon.core.main.TestCaseMain$startTestSuite$0.call(Unknown Source)
	at TempTestSuite1689642297796.run(TempTestSuite1689642297796.groovy:36)
)
	at com.kms.katalon.core.keyword.internal.KeywordMain.stepFailed(KeywordMain.groovy:39)
	at com.kms.katalon.core.webui.keyword.internal.WebUIKeywordMain.stepFailed(WebUIKeywordMain.groovy:64)
	at com.kms.katalon.core.webui.keyword.builtin.VerifyElementTextKeyword$_verifyElementText_closure1.doCall(VerifyElementTextKeyword.groovy:57)
	at com.kms.katalon.core.webui.keyword.builtin.VerifyElementTextKeyword$_verifyElementText_closure1.call(VerifyElementTextKeyword.groovy)
	at com.kms.katalon.core.webui.keyword.internal.WebUIKeywordMain.runKeyword(WebUIKeywordMain.groovy:20)
	at com.kms.katalon.core.webui.keyword.builtin.VerifyElementTextKeyword.verifyElementText(VerifyElementTextKeyword.groovy:72)
	at com.kms.katalon.core.webui.keyword.builtin.VerifyElementTextKeyword.execute(VerifyElementTextKeyword.groovy:40)
	at com.kms.katalon.core.keyword.internal.KeywordExecutor.executeKeywordForPlatform(KeywordExecutor.groovy:74)
	at com.kms.katalon.core.webui.keyword.WebUiBuiltInKeywords.verifyElementText(WebUiBuiltInKeywords.groovy:4749)
	at com.kms.katalon.core.webui.keyword.WebUiBuiltInKeywords$verifyElementText$15.call(Unknown Source)
	at VerifyServiceFeeVerbiage_UI_TC.run(VerifyServiceFeeVerbiage_UI_TC:65)
	at com.kms.katalon.core.main.ScriptEngine.run(ScriptEngine.java:194)
	at com.kms.katalon.core.main.ScriptEngine.runScriptAsRawText(ScriptEngine.java:119)
	at com.kms.katalon.core.main.TestCaseExecutor.runScript(TestCaseExecutor.java:442)
	at com.kms.katalon.core.main.TestCaseExecutor.doExecute(TestCaseExecutor.java:433)
	at com.kms.katalon.core.main.TestCaseExecutor.processExecutionPhase(TestCaseExecutor.java:412)
	at com.kms.katalon.core.main.TestCaseExecutor.accessMainPhase(TestCaseExecutor.java:404)
	at com.kms.katalon.core.main.TestCaseExecutor.execute(TestCaseExecutor.java:281)
	at com.kms.katalon.core.main.TestSuiteExecutor.accessTestCaseMainPhase(TestSuiteExecutor.java:202)
	at com.kms.katalon.core.main.TestSuiteExecutor.accessTestSuiteMainPhase(TestSuiteExecutor.java:164)
	at com.kms.katalon.core.main.TestSuiteExecutor.execute(TestSuiteExecutor.java:105)
	at com.kms.katalon.core.main.TestCaseMain.startTestSuite(TestCaseMain.java:185)
	at com.kms.katalon.core.main.TestCaseMain$startTestSuite$0.call(Unknown Source)
	at TempTestSuite1689642297796.run(TempTestSuite1689642297796.groovy:36)
Caused by: com.kms.katalon.core.exception.StepFailedException: Actual text 'This electronic government service includes a 2.45% service/convenience fee, with a $1.00 minimum, for payments processed through this application. This fee is assessed by Govolution, LLC and will post as a separate transaction. Accepted credit cards include Visa, Mastercard, Discover, and American Express.' and expected text 'This electronic government service includes a 2.45% service/convenience fee, with a $1.00 minimum, for payments processed through this application. This fee is assessed by Govolution, LLC and will post as a separate transaction. Accepted credit cards include Visa, Mastercard, and Discover.' of test object 'Object Repository/RAD_Pages/Landing_Page/div_ServiceFeesVerbiage' are NOT matched.
	... 23 more]]></system-err>
   </testsuite>
</testsuites>
