<?xml version="1.0" encoding="UTF-8"?>
<testsuites name="QA_Smoke_Test" time="328.313" tests="3" failures="0" errors="0">
   <testsuite name="QA_Smoke_Test" tests="3" failures="0" errors="0" time="328.313" skipped="0" timestamp="2023-04-25 13:46:05" hostname="imtiaz - DESKTOP-B2QI6NS.govolution.com" id="Test Suites/QA/VLink/QA_Smoke_Test">
      <properties>
         <property name="deviceName" value=""/>
         <property name="devicePlatform" value=""/>
         <property name="logFolder" value="E:\\Cloned-Project-Katalon\\VPS-Katalon\\Reports\\20230425_134600\\QA\\VLink\\QA_Smoke_Test\\20230425_134600"/>
         <property name="logFiles" value="E:\\Cloned-Project-Katalon\\VPS-Katalon\\Reports\\20230425_134600\\QA\\VLink\\QA_Smoke_Test\\20230425_134600\\execution0.log"/>
         <property name="attachments" value=""/>
         <property name="hostName" value="imtiaz - DESKTOP-B2QI6NS.govolution.com"/>
         <property name="os" value="Windows 10 64bit"/>
         <property name="katalonVersion" value="8.2.5.208"/>
         <property name="browser" value="Chrome 112.0.0.0"/>
         <property name="hostAddress" value="172.31.253.135"/>
         <property name="sessionId" value="a0adef29e1303d95400696d7fb5c460b"/>
         <property name="seleniumVersion" value="3.141.59"/>
         <property name="proxyInformation" value="ProxyInformation { proxyOption=NO_PROXY, proxyServerType=HTTP, username=, password=********, proxyServerAddress=, proxyServerPort=0, executionList=&quot;&quot;, isApplyToDesiredCapabilities=true }"/>
         <property name="platform" value="Windows 10"/>
      </properties>
      <testcase name="Test Cases/RecAndPlayBk/VLink/Sale-Unencrypted" time="62.555" classname="Test Cases/RecAndPlayBk/VLink/Sale-Unencrypted" status="PASSED">
         <system-out><![CDATA[2023-04-25 13:46:05 - [TEST_CASE][PASSED] - Test Cases/RecAndPlayBk/VLink/Sale-Unencrypted: Test Cases/RecAndPlayBk/VLink/Sale-Unencrypted

2023-04-25 13:46:06 - [TEST_STEP][PASSED] - executionProfile = getExecutionProfile(): null

2023-04-25 13:46:06 - [TEST_STEP][PASSED] - out.println("executionProfile : " + executionProfile): null

2023-04-25 13:46:06 - [TEST_STEP][PASSED] - appName = <not implemented yet for class: org.codehaus.groovy.ast.expr.EmptyExpression>: null

2023-04-25 13:46:06 - [TEST_STEP][PASSED] - appID = <not implemented yet for class: org.codehaus.groovy.ast.expr.EmptyExpression>: null

2023-04-25 13:46:06 - [TEST_STEP][PASSED] - username = <not implemented yet for class: org.codehaus.groovy.ast.expr.EmptyExpression>: null

2023-04-25 13:46:06 - [TEST_STEP][PASSED] - password = <not implemented yet for class: org.codehaus.groovy.ast.expr.EmptyExpression>: null

2023-04-25 13:46:06 - [TEST_STEP][PASSED] - cardNameV = <not implemented yet for class: org.codehaus.groovy.ast.expr.EmptyExpression>: null

2023-04-25 13:46:06 - [TEST_STEP][PASSED] - al1V = <not implemented yet for class: org.codehaus.groovy.ast.expr.EmptyExpression>: null

2023-04-25 13:46:06 - [TEST_STEP][PASSED] - al2V = <not implemented yet for class: org.codehaus.groovy.ast.expr.EmptyExpression>: null

2023-04-25 13:46:06 - [TEST_STEP][PASSED] - zipV = <not implemented yet for class: org.codehaus.groovy.ast.expr.EmptyExpression>: null

2023-04-25 13:46:06 - [TEST_STEP][PASSED] - cardTypeV = <not implemented yet for class: org.codehaus.groovy.ast.expr.EmptyExpression>: null

2023-04-25 13:46:06 - [TEST_STEP][PASSED] - last4V = <not implemented yet for class: org.codehaus.groovy.ast.expr.EmptyExpression>: null

2023-04-25 13:46:06 - [TEST_STEP][PASSED] - trackData = <not implemented yet for class: org.codehaus.groovy.ast.expr.EmptyExpression>: null

2023-04-25 13:46:06 - [TEST_STEP][PASSED] - resText = "Fail": null

2023-04-25 13:46:06 - [TEST_STEP][PASSED] - resColumn = "Result": null

2023-04-25 13:46:06 - [TEST_STEP][PASSED] - datCloumn = "Date": null

2023-04-25 13:46:06 - [TEST_STEP][PASSED] - fileLoc = "KatalonData/VLinkSmokeData.xlsx": null

2023-04-25 13:46:06 - [TEST_STEP][PASSED] - numOfRows = <not implemented yet for class: org.codehaus.groovy.ast.expr.EmptyExpression>: null

2023-04-25 13:46:06 - [TEST_STEP][PASSED] - dataFile = <not implemented yet for class: org.codehaus.groovy.ast.expr.EmptyExpression>: null

2023-04-25 13:46:06 - [TEST_STEP][PASSED] - nameSheet = <not implemented yet for class: org.codehaus.groovy.ast.expr.EmptyExpression>: null

2023-04-25 13:46:06 - [TEST_STEP][PASSED] - nameSheet = "Sale-Unencrypted": null

2023-04-25 13:46:06 - [TEST_STEP][PASSED] - numOfRows = findTestData("QA/VLinkTestData/VLinkSaleUnencryptedData").getRowNumbers(): null

2023-04-25 13:46:07 - [TEST_STEP][PASSED] - println("Number of Records: " + numOfRows): null

2023-04-25 13:46:07 - [TEST_STEP][PASSED] - dataFile = "QA/VLinkTestData/VLinkSaleUnencryptedData": null

2023-04-25 13:46:07 - [TEST_STEP][PASSED] - for ([row = 1, row <= numOfRows, (row++)]): null

2023-04-25 13:46:07 - [TEST_STEP][PASSED] - ExecuteTC = findTestData(dataFile).getValue("Execute", row): null

2023-04-25 13:46:07 - [TEST_STEP][PASSED] - out.println("Value of Execute is : " + ExecuteTC): null

2023-04-25 13:46:07 - [TEST_STEP][PASSED] - switch (executionProfile): null

2023-04-25 13:46:07 - [TEST_STEP][PASSED] - case "DemoProfile":: null

2023-04-25 13:46:07 - [TEST_STEP][PASSED] - appID = findTestData(dataFile).getValue("AppIDDemo", row): null

2023-04-25 13:46:08 - [TEST_STEP][PASSED] - username = findTestData(dataFile).getValue("UsernameDemo", row): null

2023-04-25 13:46:08 - [TEST_STEP][PASSED] - password = findTestData(dataFile).getValue("PasswordDemo", row): null

2023-04-25 13:46:08 - [TEST_STEP][PASSED] - break: null

2023-04-25 13:46:08 - [TEST_STEP][PASSED] - if (ExecuteTC.equalsIgnoreCase("Y")): null

2023-04-25 13:46:08 - [TEST_STEP][PASSED] - out.println("Begin Record Number: " + row): null

2023-04-25 13:46:08 - [TEST_STEP][PASSED] - today = new java.util.Date(): null

2023-04-25 13:46:08 - [TEST_STEP][PASSED] - println(today): null

2023-04-25 13:46:08 - [TEST_STEP][PASSED] - datText = today: null

2023-04-25 13:46:08 - [TEST_STEP][PASSED] - category = findTestData(dataFile).getValue("Category", row): null

2023-04-25 13:46:08 - [TEST_STEP][PASSED] - amount = findTestData(dataFile).getValue("Amount", row): null

2023-04-25 13:46:08 - [TEST_STEP][PASSED] - trackData = findTestData(dataFile).getValue("TrackData", row): null

2023-04-25 13:46:08 - [TEST_STEP][PASSED] - openBrowser(VLinkURL + "authcap.html"): Browser is opened with url: 'https://dev-algorithm.govolution.com/vlinktest/demo/version_2_0/authcap.html'

2023-04-25 13:46:09 - [MESSAGE][INFO] - Starting 'Chrome' driver

2023-04-25 13:46:09 - [MESSAGE][INFO] - User set preference: ['acceptInsecureCerts', 'true']

2023-04-25 13:46:09 - [MESSAGE][INFO] - Action delay is set to 0 milliseconds

2023-04-25 13:46:12 - [MESSAGE][PASSED] - Browser is opened with url: 'https://dev-algorithm.govolution.com/vlinktest/demo/version_2_0/authcap.html'

2023-04-25 13:46:12 - [TEST_STEP][PASSED] - maximizeWindow(): Current window maximized

2023-04-25 13:46:12 - [MESSAGE][PASSED] - Current window maximized

2023-04-25 13:46:12 - [TEST_STEP][PASSED] - maximizeWindow(): Current window maximized

2023-04-25 13:46:12 - [MESSAGE][PASSED] - Current window maximized

2023-04-25 13:46:12 - [TEST_STEP][PASSED] - genRemID = RandomStringUtils.random(12, true, true): null

2023-04-25 13:46:12 - [TEST_STEP][PASSED] - setText(findTestObject("Object Repository/RecAndPlayBk/Page-Vlink-Sale/input_Remittance Id_remittance_id"), genRemID): Text 'DmulhmMcpEcO' is set on object 'Object Repository/RecAndPlayBk/Page-Vlink-Sale/input_Remittance Id_remittance_id'

2023-04-25 13:46:13 - [MESSAGE][PASSED] - Text 'DmulhmMcpEcO' is set on object 'Object Repository/RecAndPlayBk/Page-Vlink-Sale/input_Remittance Id_remittance_id'

2023-04-25 13:46:13 - [TEST_STEP][PASSED] - setText(findTestObject("Object Repository/RecAndPlayBk/Page-Vlink-Sale/input_Application Id_application_id"), appID): Text '1773' is set on object 'Object Repository/RecAndPlayBk/Page-Vlink-Sale/input_Application Id_application_id'

2023-04-25 13:46:14 - [MESSAGE][PASSED] - Text '1773' is set on object 'Object Repository/RecAndPlayBk/Page-Vlink-Sale/input_Application Id_application_id'

2023-04-25 13:46:14 - [TEST_STEP][PASSED] - setText(findTestObject("Object Repository/RecAndPlayBk/Page-Vlink-Sale/input_Username_username"), username): Text 'Qq2BV1qtr' is set on object 'Object Repository/RecAndPlayBk/Page-Vlink-Sale/input_Username_username'

2023-04-25 13:46:15 - [MESSAGE][PASSED] - Text 'Qq2BV1qtr' is set on object 'Object Repository/RecAndPlayBk/Page-Vlink-Sale/input_Username_username'

2023-04-25 13:46:15 - [TEST_STEP][PASSED] - setText(findTestObject("Object Repository/RecAndPlayBk/Page-Vlink-Sale/input_Password_password"), password): Text 'tUmWBiLUx' is set on object 'Object Repository/RecAndPlayBk/Page-Vlink-Sale/input_Password_password'

2023-04-25 13:46:16 - [MESSAGE][PASSED] - Text 'tUmWBiLUx' is set on object 'Object Repository/RecAndPlayBk/Page-Vlink-Sale/input_Password_password'

2023-04-25 13:46:16 - [TEST_STEP][PASSED] - setText(findTestObject("Object Repository/RecAndPlayBk/Page-Vlink-Sale/input_Category_category"), category): Text 'RETL' is set on object 'Object Repository/RecAndPlayBk/Page-Vlink-Sale/input_Category_category'

2023-04-25 13:46:16 - [MESSAGE][PASSED] - Text 'RETL' is set on object 'Object Repository/RecAndPlayBk/Page-Vlink-Sale/input_Category_category'

2023-04-25 13:46:16 - [TEST_STEP][PASSED] - setText(findTestObject("Object Repository/RecAndPlayBk/Page-Vlink-Sale/input_Amount_amount"), amount): Text '10.5' is set on object 'Object Repository/RecAndPlayBk/Page-Vlink-Sale/input_Amount_amount'

2023-04-25 13:46:17 - [MESSAGE][PASSED] - Text '10.5' is set on object 'Object Repository/RecAndPlayBk/Page-Vlink-Sale/input_Amount_amount'

2023-04-25 13:46:17 - [TEST_STEP][PASSED] - setText(findTestObject("Object Repository/RecAndPlayBk/Page-Vlink-Sale/input_Card number_card_number"), ""): Text '' is set on object 'Object Repository/RecAndPlayBk/Page-Vlink-Sale/input_Card number_card_number'

2023-04-25 13:46:17 - [MESSAGE][PASSED] - Text '' is set on object 'Object Repository/RecAndPlayBk/Page-Vlink-Sale/input_Card number_card_number'

2023-04-25 13:46:17 - [TEST_STEP][PASSED] - setText(findTestObject("Object Repository/RecAndPlayBk/Page-Vlink-Sale/input_Card ex month_card_exmo"), ""): Text '' is set on object 'Object Repository/RecAndPlayBk/Page-Vlink-Sale/input_Card ex month_card_exmo'

2023-04-25 13:46:18 - [MESSAGE][PASSED] - Text '' is set on object 'Object Repository/RecAndPlayBk/Page-Vlink-Sale/input_Card ex month_card_exmo'

2023-04-25 13:46:18 - [TEST_STEP][PASSED] - setText(findTestObject("Object Repository/RecAndPlayBk/Page-Vlink-Sale/input_Card ex year_card_exyr"), ""): Text '' is set on object 'Object Repository/RecAndPlayBk/Page-Vlink-Sale/input_Card ex year_card_exyr'

2023-04-25 13:46:19 - [MESSAGE][PASSED] - Text '' is set on object 'Object Repository/RecAndPlayBk/Page-Vlink-Sale/input_Card ex year_card_exyr'

2023-04-25 13:46:19 - [TEST_STEP][PASSED] - setText(findTestObject("Object Repository/RecAndPlayBk/Page-Vlink-Sale/input_Track Data_track_data"), trackData): Text '%B5567080011582687^AHMED/IMTIAZ              ^2603201090300000000000528000015?;5567080011582687=26032010903052800015?' is set on object 'Object Repository/RecAndPlayBk/Page-Vlink-Sale/input_Track Data_track_data'

2023-04-25 13:46:19 - [MESSAGE][PASSED] - Text '%B5567080011582687^AHMED/IMTIAZ              ^2603201090300000000000528000015?;5567080011582687=26032010903052800015?' is set on object 'Object Repository/RecAndPlayBk/Page-Vlink-Sale/input_Track Data_track_data'

2023-04-25 13:46:19 - [TEST_STEP][PASSED] - setText(findTestObject("Object Repository/RecAndPlayBk/Page-Vlink-Sale/txt_POSEntryMode"), "track"): Text 'track' is set on object 'Object Repository/RecAndPlayBk/Page-Vlink-Sale/txt_POSEntryMode'

2023-04-25 13:46:20 - [MESSAGE][PASSED] - Text 'track' is set on object 'Object Repository/RecAndPlayBk/Page-Vlink-Sale/txt_POSEntryMode'

2023-04-25 13:46:20 - [TEST_STEP][PASSED] - setText(findTestObject("Object Repository/RecAndPlayBk/Page-Vlink-Sale/input_concat(Cardholder, , s email)_email"), ""): Text '' is set on object 'Object Repository/RecAndPlayBk/Page-Vlink-Sale/input_concat(Cardholder, , s email)_email'

2023-04-25 13:46:21 - [MESSAGE][PASSED] - Text '' is set on object 'Object Repository/RecAndPlayBk/Page-Vlink-Sale/input_concat(Cardholder, , s email)_email'

2023-04-25 13:46:21 - [TEST_STEP][PASSED] - click(findTestObject("Object Repository/RecAndPlayBk/Page-Vlink-Sale/input_user_defined10_user_defined10")): Object: 'Object Repository/RecAndPlayBk/Page-Vlink-Sale/input_user_defined10_user_defined10' is clicked on

2023-04-25 13:46:21 - [MESSAGE][PASSED] - Object: 'Object Repository/RecAndPlayBk/Page-Vlink-Sale/input_user_defined10_user_defined10' is clicked on

2023-04-25 13:46:21 - [TEST_STEP][PASSED] - if (executionProfile.equalsIgnoreCase("QAProfile") || executionProfile.equalsIgnoreCase("DemoProfile")): Text '' is set on object 'Object Repository/RecAndPlayBk/Page-Vlink-Sale/input_COF Transaction Initiated by_cof_tran_6cded5'

2023-04-25 13:46:21 - [TEST_STEP][PASSED] - setText(findTestObject("Object Repository/RecAndPlayBk/Page-Vlink-Sale/input_Card on File Indicator_card_on_file_i_157dae"), ""): Text '' is set on object 'Object Repository/RecAndPlayBk/Page-Vlink-Sale/input_Card on File Indicator_card_on_file_i_157dae'

2023-04-25 13:46:22 - [MESSAGE][PASSED] - Text '' is set on object 'Object Repository/RecAndPlayBk/Page-Vlink-Sale/input_Card on File Indicator_card_on_file_i_157dae'

2023-04-25 13:46:22 - [TEST_STEP][PASSED] - setText(findTestObject("Object Repository/RecAndPlayBk/Page-Vlink-Sale/input_Stored Credential Indicator_stored_cr_4ae73c"), ""): Text '' is set on object 'Object Repository/RecAndPlayBk/Page-Vlink-Sale/input_Stored Credential Indicator_stored_cr_4ae73c'

2023-04-25 13:46:22 - [MESSAGE][PASSED] - Text '' is set on object 'Object Repository/RecAndPlayBk/Page-Vlink-Sale/input_Stored Credential Indicator_stored_cr_4ae73c'

2023-04-25 13:46:22 - [TEST_STEP][PASSED] - setText(findTestObject("Object Repository/RecAndPlayBk/Page-Vlink-Sale/input_COF Scheduled indicator_cof_scheduled_8df7d8"), ""): Text '' is set on object 'Object Repository/RecAndPlayBk/Page-Vlink-Sale/input_COF Scheduled indicator_cof_scheduled_8df7d8'

2023-04-25 13:46:23 - [MESSAGE][PASSED] - Text '' is set on object 'Object Repository/RecAndPlayBk/Page-Vlink-Sale/input_COF Scheduled indicator_cof_scheduled_8df7d8'

2023-04-25 13:46:23 - [TEST_STEP][PASSED] - setText(findTestObject("Object Repository/RecAndPlayBk/Page-Vlink-Sale/input_COF Transaction Initiated by_cof_tran_6cded5"), ""): Text '' is set on object 'Object Repository/RecAndPlayBk/Page-Vlink-Sale/input_COF Transaction Initiated by_cof_tran_6cded5'

2023-04-25 13:46:24 - [MESSAGE][PASSED] - Text '' is set on object 'Object Repository/RecAndPlayBk/Page-Vlink-Sale/input_COF Transaction Initiated by_cof_tran_6cded5'

2023-04-25 13:46:24 - [TEST_STEP][PASSED] - click(findTestObject("Object Repository/RecAndPlayBk/Page-Vlink-Sale/input")): Object: 'Object Repository/RecAndPlayBk/Page-Vlink-Sale/input' is clicked on

2023-04-25 13:46:26 - [MESSAGE][PASSED] - Object: 'Object Repository/RecAndPlayBk/Page-Vlink-Sale/input' is clicked on

2023-04-25 13:46:26 - [TEST_STEP][PASSED] - if (verifyTextPresent("Transaction approved, no errors", true)): null

2023-04-25 13:46:26 - [MESSAGE][PASSED] - Text 'Transaction approved, no errors' is present on page  using regular expression

2023-04-25 13:46:26 - [TEST_STEP][PASSED] - println("Transaction Approved, no errors text is present on the Confirmation page"): null

2023-04-25 13:46:26 - [TEST_STEP][PASSED] - out.println("Pass Record Number: " + row): null

2023-04-25 13:46:26 - [TEST_STEP][PASSED] - resText = "Pass": null

2023-04-25 13:46:26 - [TEST_STEP][PASSED] - pages.WriteExcel.demoKey(resText, datText, resColumn, datCloumn, fileLoc, nameSheet, row): pages.WriteExcel.demoKey is PASSED

2023-04-25 13:46:27 - [MESSAGE][PASSED] - pages.WriteExcel.demoKey is PASSED

2023-04-25 13:46:27 - [TEST_STEP][PASSED] - ExecuteTC = findTestData(dataFile).getValue("Execute", row): null

2023-04-25 13:46:27 - [TEST_STEP][PASSED] - out.println("Value of Execute is : " + ExecuteTC): null

2023-04-25 13:46:27 - [TEST_STEP][PASSED] - switch (executionProfile): null

2023-04-25 13:46:27 - [TEST_STEP][PASSED] - case "DemoProfile":: null

2023-04-25 13:46:27 - [TEST_STEP][PASSED] - appID = findTestData(dataFile).getValue("AppIDDemo", row): null

2023-04-25 13:46:27 - [TEST_STEP][PASSED] - username = findTestData(dataFile).getValue("UsernameDemo", row): null

2023-04-25 13:46:27 - [TEST_STEP][PASSED] - password = findTestData(dataFile).getValue("PasswordDemo", row): null

2023-04-25 13:46:28 - [TEST_STEP][PASSED] - break: null

2023-04-25 13:46:28 - [TEST_STEP][PASSED] - if (ExecuteTC.equalsIgnoreCase("Y")): null

2023-04-25 13:46:28 - [TEST_STEP][PASSED] - out.println("Begin Record Number: " + row): null

2023-04-25 13:46:28 - [TEST_STEP][PASSED] - today = new java.util.Date(): null

2023-04-25 13:46:28 - [TEST_STEP][PASSED] - println(today): null

2023-04-25 13:46:28 - [TEST_STEP][PASSED] - datText = today: null

2023-04-25 13:46:28 - [TEST_STEP][PASSED] - category = findTestData(dataFile).getValue("Category", row): null

2023-04-25 13:46:28 - [TEST_STEP][PASSED] - amount = findTestData(dataFile).getValue("Amount", row): null

2023-04-25 13:46:28 - [TEST_STEP][PASSED] - trackData = findTestData(dataFile).getValue("TrackData", row): null

2023-04-25 13:46:28 - [TEST_STEP][PASSED] - openBrowser(VLinkURL + "authcap.html"): Browser is opened with url: 'https://dev-algorithm.govolution.com/vlinktest/demo/version_2_0/authcap.html'

2023-04-25 13:46:28 - [MESSAGE][WARNING] - A browser is already opened. Closing browser and opening a new one

2023-04-25 13:46:29 - [MESSAGE][INFO] - Starting 'Chrome' driver

2023-04-25 13:46:29 - [MESSAGE][INFO] - User set preference: ['acceptInsecureCerts', 'true']

2023-04-25 13:46:29 - [MESSAGE][INFO] - Action delay is set to 0 milliseconds

2023-04-25 13:46:31 - [MESSAGE][PASSED] - Browser is opened with url: 'https://dev-algorithm.govolution.com/vlinktest/demo/version_2_0/authcap.html'

2023-04-25 13:46:31 - [TEST_STEP][PASSED] - maximizeWindow(): Current window maximized

2023-04-25 13:46:31 - [MESSAGE][PASSED] - Current window maximized

2023-04-25 13:46:31 - [TEST_STEP][PASSED] - maximizeWindow(): Current window maximized

2023-04-25 13:46:31 - [MESSAGE][PASSED] - Current window maximized

2023-04-25 13:46:31 - [TEST_STEP][PASSED] - genRemID = RandomStringUtils.random(12, true, true): null

2023-04-25 13:46:31 - [TEST_STEP][PASSED] - setText(findTestObject("Object Repository/RecAndPlayBk/Page-Vlink-Sale/input_Remittance Id_remittance_id"), genRemID): Text 'ANZ2ifKWfph3' is set on object 'Object Repository/RecAndPlayBk/Page-Vlink-Sale/input_Remittance Id_remittance_id'

2023-04-25 13:46:32 - [MESSAGE][PASSED] - Text 'ANZ2ifKWfph3' is set on object 'Object Repository/RecAndPlayBk/Page-Vlink-Sale/input_Remittance Id_remittance_id'

2023-04-25 13:46:32 - [TEST_STEP][PASSED] - setText(findTestObject("Object Repository/RecAndPlayBk/Page-Vlink-Sale/input_Application Id_application_id"), appID): Text '2435' is set on object 'Object Repository/RecAndPlayBk/Page-Vlink-Sale/input_Application Id_application_id'

2023-04-25 13:46:32 - [MESSAGE][PASSED] - Text '2435' is set on object 'Object Repository/RecAndPlayBk/Page-Vlink-Sale/input_Application Id_application_id'

2023-04-25 13:46:32 - [TEST_STEP][PASSED] - setText(findTestObject("Object Repository/RecAndPlayBk/Page-Vlink-Sale/input_Username_username"), username): Text 'health' is set on object 'Object Repository/RecAndPlayBk/Page-Vlink-Sale/input_Username_username'

2023-04-25 13:46:33 - [MESSAGE][PASSED] - Text 'health' is set on object 'Object Repository/RecAndPlayBk/Page-Vlink-Sale/input_Username_username'

2023-04-25 13:46:33 - [TEST_STEP][PASSED] - setText(findTestObject("Object Repository/RecAndPlayBk/Page-Vlink-Sale/input_Password_password"), password): Text '11111111' is set on object 'Object Repository/RecAndPlayBk/Page-Vlink-Sale/input_Password_password'

2023-04-25 13:46:34 - [MESSAGE][PASSED] - Text '11111111' is set on object 'Object Repository/RecAndPlayBk/Page-Vlink-Sale/input_Password_password'

2023-04-25 13:46:34 - [TEST_STEP][PASSED] - setText(findTestObject("Object Repository/RecAndPlayBk/Page-Vlink-Sale/input_Category_category"), category): Text 'RETL' is set on object 'Object Repository/RecAndPlayBk/Page-Vlink-Sale/input_Category_category'

2023-04-25 13:46:34 - [MESSAGE][PASSED] - Text 'RETL' is set on object 'Object Repository/RecAndPlayBk/Page-Vlink-Sale/input_Category_category'

2023-04-25 13:46:34 - [TEST_STEP][PASSED] - setText(findTestObject("Object Repository/RecAndPlayBk/Page-Vlink-Sale/input_Amount_amount"), amount): Text '10.5' is set on object 'Object Repository/RecAndPlayBk/Page-Vlink-Sale/input_Amount_amount'

2023-04-25 13:46:35 - [MESSAGE][PASSED] - Text '10.5' is set on object 'Object Repository/RecAndPlayBk/Page-Vlink-Sale/input_Amount_amount'

2023-04-25 13:46:35 - [TEST_STEP][PASSED] - setText(findTestObject("Object Repository/RecAndPlayBk/Page-Vlink-Sale/input_Card number_card_number"), ""): Text '' is set on object 'Object Repository/RecAndPlayBk/Page-Vlink-Sale/input_Card number_card_number'

2023-04-25 13:46:36 - [MESSAGE][PASSED] - Text '' is set on object 'Object Repository/RecAndPlayBk/Page-Vlink-Sale/input_Card number_card_number'

2023-04-25 13:46:36 - [TEST_STEP][PASSED] - setText(findTestObject("Object Repository/RecAndPlayBk/Page-Vlink-Sale/input_Card ex month_card_exmo"), ""): Text '' is set on object 'Object Repository/RecAndPlayBk/Page-Vlink-Sale/input_Card ex month_card_exmo'

2023-04-25 13:46:36 - [MESSAGE][PASSED] - Text '' is set on object 'Object Repository/RecAndPlayBk/Page-Vlink-Sale/input_Card ex month_card_exmo'

2023-04-25 13:46:36 - [TEST_STEP][PASSED] - setText(findTestObject("Object Repository/RecAndPlayBk/Page-Vlink-Sale/input_Card ex year_card_exyr"), ""): Text '' is set on object 'Object Repository/RecAndPlayBk/Page-Vlink-Sale/input_Card ex year_card_exyr'

2023-04-25 13:46:37 - [MESSAGE][PASSED] - Text '' is set on object 'Object Repository/RecAndPlayBk/Page-Vlink-Sale/input_Card ex year_card_exyr'

2023-04-25 13:46:37 - [TEST_STEP][PASSED] - setText(findTestObject("Object Repository/RecAndPlayBk/Page-Vlink-Sale/input_Track Data_track_data"), trackData): Text '%B5567080011582687^AHMED/IMTIAZ              ^2603201090300000000000528000015?;5567080011582687=26032010903052800015?' is set on object 'Object Repository/RecAndPlayBk/Page-Vlink-Sale/input_Track Data_track_data'

2023-04-25 13:46:38 - [MESSAGE][PASSED] - Text '%B5567080011582687^AHMED/IMTIAZ              ^2603201090300000000000528000015?;5567080011582687=26032010903052800015?' is set on object 'Object Repository/RecAndPlayBk/Page-Vlink-Sale/input_Track Data_track_data'

2023-04-25 13:46:38 - [TEST_STEP][PASSED] - setText(findTestObject("Object Repository/RecAndPlayBk/Page-Vlink-Sale/txt_POSEntryMode"), "track"): Text 'track' is set on object 'Object Repository/RecAndPlayBk/Page-Vlink-Sale/txt_POSEntryMode'

2023-04-25 13:46:38 - [MESSAGE][PASSED] - Text 'track' is set on object 'Object Repository/RecAndPlayBk/Page-Vlink-Sale/txt_POSEntryMode'

2023-04-25 13:46:38 - [TEST_STEP][PASSED] - setText(findTestObject("Object Repository/RecAndPlayBk/Page-Vlink-Sale/input_concat(Cardholder, , s email)_email"), ""): Text '' is set on object 'Object Repository/RecAndPlayBk/Page-Vlink-Sale/input_concat(Cardholder, , s email)_email'

2023-04-25 13:46:39 - [MESSAGE][PASSED] - Text '' is set on object 'Object Repository/RecAndPlayBk/Page-Vlink-Sale/input_concat(Cardholder, , s email)_email'

2023-04-25 13:46:39 - [TEST_STEP][PASSED] - click(findTestObject("Object Repository/RecAndPlayBk/Page-Vlink-Sale/input_user_defined10_user_defined10")): Object: 'Object Repository/RecAndPlayBk/Page-Vlink-Sale/input_user_defined10_user_defined10' is clicked on

2023-04-25 13:46:39 - [MESSAGE][PASSED] - Object: 'Object Repository/RecAndPlayBk/Page-Vlink-Sale/input_user_defined10_user_defined10' is clicked on

2023-04-25 13:46:39 - [TEST_STEP][PASSED] - if (executionProfile.equalsIgnoreCase("QAProfile") || executionProfile.equalsIgnoreCase("DemoProfile")): Text '' is set on object 'Object Repository/RecAndPlayBk/Page-Vlink-Sale/input_COF Transaction Initiated by_cof_tran_6cded5'

2023-04-25 13:46:39 - [TEST_STEP][PASSED] - setText(findTestObject("Object Repository/RecAndPlayBk/Page-Vlink-Sale/input_Card on File Indicator_card_on_file_i_157dae"), ""): Text '' is set on object 'Object Repository/RecAndPlayBk/Page-Vlink-Sale/input_Card on File Indicator_card_on_file_i_157dae'

2023-04-25 13:46:40 - [MESSAGE][PASSED] - Text '' is set on object 'Object Repository/RecAndPlayBk/Page-Vlink-Sale/input_Card on File Indicator_card_on_file_i_157dae'

2023-04-25 13:46:40 - [TEST_STEP][PASSED] - setText(findTestObject("Object Repository/RecAndPlayBk/Page-Vlink-Sale/input_Stored Credential Indicator_stored_cr_4ae73c"), ""): Text '' is set on object 'Object Repository/RecAndPlayBk/Page-Vlink-Sale/input_Stored Credential Indicator_stored_cr_4ae73c'

2023-04-25 13:46:41 - [MESSAGE][PASSED] - Text '' is set on object 'Object Repository/RecAndPlayBk/Page-Vlink-Sale/input_Stored Credential Indicator_stored_cr_4ae73c'

2023-04-25 13:46:41 - [TEST_STEP][PASSED] - setText(findTestObject("Object Repository/RecAndPlayBk/Page-Vlink-Sale/input_COF Scheduled indicator_cof_scheduled_8df7d8"), ""): Text '' is set on object 'Object Repository/RecAndPlayBk/Page-Vlink-Sale/input_COF Scheduled indicator_cof_scheduled_8df7d8'

2023-04-25 13:46:41 - [MESSAGE][PASSED] - Text '' is set on object 'Object Repository/RecAndPlayBk/Page-Vlink-Sale/input_COF Scheduled indicator_cof_scheduled_8df7d8'

2023-04-25 13:46:41 - [TEST_STEP][PASSED] - setText(findTestObject("Object Repository/RecAndPlayBk/Page-Vlink-Sale/input_COF Transaction Initiated by_cof_tran_6cded5"), ""): Text '' is set on object 'Object Repository/RecAndPlayBk/Page-Vlink-Sale/input_COF Transaction Initiated by_cof_tran_6cded5'

2023-04-25 13:46:42 - [MESSAGE][PASSED] - Text '' is set on object 'Object Repository/RecAndPlayBk/Page-Vlink-Sale/input_COF Transaction Initiated by_cof_tran_6cded5'

2023-04-25 13:46:42 - [TEST_STEP][PASSED] - click(findTestObject("Object Repository/RecAndPlayBk/Page-Vlink-Sale/input")): Object: 'Object Repository/RecAndPlayBk/Page-Vlink-Sale/input' is clicked on

2023-04-25 13:46:47 - [MESSAGE][PASSED] - Object: 'Object Repository/RecAndPlayBk/Page-Vlink-Sale/input' is clicked on

2023-04-25 13:46:47 - [TEST_STEP][PASSED] - if (verifyTextPresent("Transaction approved, no errors", true)): null

2023-04-25 13:46:47 - [MESSAGE][PASSED] - Text 'Transaction approved, no errors' is present on page  using regular expression

2023-04-25 13:46:47 - [TEST_STEP][PASSED] - println("Transaction Approved, no errors text is present on the Confirmation page"): null

2023-04-25 13:46:47 - [TEST_STEP][PASSED] - out.println("Pass Record Number: " + row): null

2023-04-25 13:46:47 - [TEST_STEP][PASSED] - resText = "Pass": null

2023-04-25 13:46:47 - [TEST_STEP][PASSED] - pages.WriteExcel.demoKey(resText, datText, resColumn, datCloumn, fileLoc, nameSheet, row): pages.WriteExcel.demoKey is PASSED

2023-04-25 13:46:47 - [MESSAGE][PASSED] - pages.WriteExcel.demoKey is PASSED

2023-04-25 13:46:47 - [TEST_STEP][PASSED] - ExecuteTC = findTestData(dataFile).getValue("Execute", row): null

2023-04-25 13:46:47 - [TEST_STEP][PASSED] - out.println("Value of Execute is : " + ExecuteTC): null

2023-04-25 13:46:47 - [TEST_STEP][PASSED] - switch (executionProfile): null

2023-04-25 13:46:47 - [TEST_STEP][PASSED] - case "DemoProfile":: null

2023-04-25 13:46:47 - [TEST_STEP][PASSED] - appID = findTestData(dataFile).getValue("AppIDDemo", row): null

2023-04-25 13:46:47 - [TEST_STEP][PASSED] - username = findTestData(dataFile).getValue("UsernameDemo", row): null

2023-04-25 13:46:48 - [TEST_STEP][PASSED] - password = findTestData(dataFile).getValue("PasswordDemo", row): null

2023-04-25 13:46:48 - [TEST_STEP][PASSED] - break: null

2023-04-25 13:46:48 - [TEST_STEP][PASSED] - if (ExecuteTC.equalsIgnoreCase("Y")): null

2023-04-25 13:46:48 - [TEST_STEP][PASSED] - out.println("Begin Record Number: " + row): null

2023-04-25 13:46:48 - [TEST_STEP][PASSED] - today = new java.util.Date(): null

2023-04-25 13:46:48 - [TEST_STEP][PASSED] - println(today): null

2023-04-25 13:46:48 - [TEST_STEP][PASSED] - datText = today: null

2023-04-25 13:46:48 - [TEST_STEP][PASSED] - category = findTestData(dataFile).getValue("Category", row): null

2023-04-25 13:46:48 - [TEST_STEP][PASSED] - amount = findTestData(dataFile).getValue("Amount", row): null

2023-04-25 13:46:48 - [TEST_STEP][PASSED] - trackData = findTestData(dataFile).getValue("TrackData", row): null

2023-04-25 13:46:48 - [TEST_STEP][PASSED] - openBrowser(VLinkURL + "authcap.html"): Browser is opened with url: 'https://dev-algorithm.govolution.com/vlinktest/demo/version_2_0/authcap.html'

2023-04-25 13:46:48 - [MESSAGE][WARNING] - A browser is already opened. Closing browser and opening a new one

2023-04-25 13:46:49 - [MESSAGE][INFO] - Starting 'Chrome' driver

2023-04-25 13:46:49 - [MESSAGE][INFO] - User set preference: ['acceptInsecureCerts', 'true']

2023-04-25 13:46:49 - [MESSAGE][INFO] - Action delay is set to 0 milliseconds

2023-04-25 13:46:51 - [MESSAGE][PASSED] - Browser is opened with url: 'https://dev-algorithm.govolution.com/vlinktest/demo/version_2_0/authcap.html'

2023-04-25 13:46:51 - [TEST_STEP][PASSED] - maximizeWindow(): Current window maximized

2023-04-25 13:46:51 - [MESSAGE][PASSED] - Current window maximized

2023-04-25 13:46:51 - [TEST_STEP][PASSED] - maximizeWindow(): Current window maximized

2023-04-25 13:46:51 - [MESSAGE][PASSED] - Current window maximized

2023-04-25 13:46:51 - [TEST_STEP][PASSED] - genRemID = RandomStringUtils.random(12, true, true): null

2023-04-25 13:46:51 - [TEST_STEP][PASSED] - setText(findTestObject("Object Repository/RecAndPlayBk/Page-Vlink-Sale/input_Remittance Id_remittance_id"), genRemID): Text 'm76BIsAxbJme' is set on object 'Object Repository/RecAndPlayBk/Page-Vlink-Sale/input_Remittance Id_remittance_id'

2023-04-25 13:46:52 - [MESSAGE][PASSED] - Text 'm76BIsAxbJme' is set on object 'Object Repository/RecAndPlayBk/Page-Vlink-Sale/input_Remittance Id_remittance_id'

2023-04-25 13:46:52 - [TEST_STEP][PASSED] - setText(findTestObject("Object Repository/RecAndPlayBk/Page-Vlink-Sale/input_Application Id_application_id"), appID): Text '3136' is set on object 'Object Repository/RecAndPlayBk/Page-Vlink-Sale/input_Application Id_application_id'

2023-04-25 13:46:52 - [MESSAGE][PASSED] - Text '3136' is set on object 'Object Repository/RecAndPlayBk/Page-Vlink-Sale/input_Application Id_application_id'

2023-04-25 13:46:52 - [TEST_STEP][PASSED] - setText(findTestObject("Object Repository/RecAndPlayBk/Page-Vlink-Sale/input_Username_username"), username): Text 'user3136' is set on object 'Object Repository/RecAndPlayBk/Page-Vlink-Sale/input_Username_username'

2023-04-25 13:46:53 - [MESSAGE][PASSED] - Text 'user3136' is set on object 'Object Repository/RecAndPlayBk/Page-Vlink-Sale/input_Username_username'

2023-04-25 13:46:53 - [TEST_STEP][PASSED] - setText(findTestObject("Object Repository/RecAndPlayBk/Page-Vlink-Sale/input_Password_password"), password): Text 'pwd3136' is set on object 'Object Repository/RecAndPlayBk/Page-Vlink-Sale/input_Password_password'

2023-04-25 13:46:54 - [MESSAGE][PASSED] - Text 'pwd3136' is set on object 'Object Repository/RecAndPlayBk/Page-Vlink-Sale/input_Password_password'

2023-04-25 13:46:54 - [TEST_STEP][PASSED] - setText(findTestObject("Object Repository/RecAndPlayBk/Page-Vlink-Sale/input_Category_category"), category): Text 'RETL' is set on object 'Object Repository/RecAndPlayBk/Page-Vlink-Sale/input_Category_category'

2023-04-25 13:46:54 - [MESSAGE][PASSED] - Text 'RETL' is set on object 'Object Repository/RecAndPlayBk/Page-Vlink-Sale/input_Category_category'

2023-04-25 13:46:54 - [TEST_STEP][PASSED] - setText(findTestObject("Object Repository/RecAndPlayBk/Page-Vlink-Sale/input_Amount_amount"), amount): Text '10.5' is set on object 'Object Repository/RecAndPlayBk/Page-Vlink-Sale/input_Amount_amount'

2023-04-25 13:46:55 - [MESSAGE][PASSED] - Text '10.5' is set on object 'Object Repository/RecAndPlayBk/Page-Vlink-Sale/input_Amount_amount'

2023-04-25 13:46:55 - [TEST_STEP][PASSED] - setText(findTestObject("Object Repository/RecAndPlayBk/Page-Vlink-Sale/input_Card number_card_number"), ""): Text '' is set on object 'Object Repository/RecAndPlayBk/Page-Vlink-Sale/input_Card number_card_number'

2023-04-25 13:46:56 - [MESSAGE][PASSED] - Text '' is set on object 'Object Repository/RecAndPlayBk/Page-Vlink-Sale/input_Card number_card_number'

2023-04-25 13:46:56 - [TEST_STEP][PASSED] - setText(findTestObject("Object Repository/RecAndPlayBk/Page-Vlink-Sale/input_Card ex month_card_exmo"), ""): Text '' is set on object 'Object Repository/RecAndPlayBk/Page-Vlink-Sale/input_Card ex month_card_exmo'

2023-04-25 13:46:56 - [MESSAGE][PASSED] - Text '' is set on object 'Object Repository/RecAndPlayBk/Page-Vlink-Sale/input_Card ex month_card_exmo'

2023-04-25 13:46:56 - [TEST_STEP][PASSED] - setText(findTestObject("Object Repository/RecAndPlayBk/Page-Vlink-Sale/input_Card ex year_card_exyr"), ""): Text '' is set on object 'Object Repository/RecAndPlayBk/Page-Vlink-Sale/input_Card ex year_card_exyr'

2023-04-25 13:46:57 - [MESSAGE][PASSED] - Text '' is set on object 'Object Repository/RecAndPlayBk/Page-Vlink-Sale/input_Card ex year_card_exyr'

2023-04-25 13:46:57 - [TEST_STEP][PASSED] - setText(findTestObject("Object Repository/RecAndPlayBk/Page-Vlink-Sale/input_Track Data_track_data"), trackData): Text '%B5567080011582687^AHMED/IMTIAZ              ^2603201090300000000000528000015?;5567080011582687=26032010903052800015?' is set on object 'Object Repository/RecAndPlayBk/Page-Vlink-Sale/input_Track Data_track_data'

2023-04-25 13:46:58 - [MESSAGE][PASSED] - Text '%B5567080011582687^AHMED/IMTIAZ              ^2603201090300000000000528000015?;5567080011582687=26032010903052800015?' is set on object 'Object Repository/RecAndPlayBk/Page-Vlink-Sale/input_Track Data_track_data'

2023-04-25 13:46:58 - [TEST_STEP][PASSED] - setText(findTestObject("Object Repository/RecAndPlayBk/Page-Vlink-Sale/txt_POSEntryMode"), "track"): Text 'track' is set on object 'Object Repository/RecAndPlayBk/Page-Vlink-Sale/txt_POSEntryMode'

2023-04-25 13:46:58 - [MESSAGE][PASSED] - Text 'track' is set on object 'Object Repository/RecAndPlayBk/Page-Vlink-Sale/txt_POSEntryMode'

2023-04-25 13:46:58 - [TEST_STEP][PASSED] - setText(findTestObject("Object Repository/RecAndPlayBk/Page-Vlink-Sale/input_concat(Cardholder, , s email)_email"), ""): Text '' is set on object 'Object Repository/RecAndPlayBk/Page-Vlink-Sale/input_concat(Cardholder, , s email)_email'

2023-04-25 13:46:59 - [MESSAGE][PASSED] - Text '' is set on object 'Object Repository/RecAndPlayBk/Page-Vlink-Sale/input_concat(Cardholder, , s email)_email'

2023-04-25 13:46:59 - [TEST_STEP][PASSED] - click(findTestObject("Object Repository/RecAndPlayBk/Page-Vlink-Sale/input_user_defined10_user_defined10")): Object: 'Object Repository/RecAndPlayBk/Page-Vlink-Sale/input_user_defined10_user_defined10' is clicked on

2023-04-25 13:46:59 - [MESSAGE][PASSED] - Object: 'Object Repository/RecAndPlayBk/Page-Vlink-Sale/input_user_defined10_user_defined10' is clicked on

2023-04-25 13:46:59 - [TEST_STEP][PASSED] - if (executionProfile.equalsIgnoreCase("QAProfile") || executionProfile.equalsIgnoreCase("DemoProfile")): Text '' is set on object 'Object Repository/RecAndPlayBk/Page-Vlink-Sale/input_COF Transaction Initiated by_cof_tran_6cded5'

2023-04-25 13:46:59 - [TEST_STEP][PASSED] - setText(findTestObject("Object Repository/RecAndPlayBk/Page-Vlink-Sale/input_Card on File Indicator_card_on_file_i_157dae"), ""): Text '' is set on object 'Object Repository/RecAndPlayBk/Page-Vlink-Sale/input_Card on File Indicator_card_on_file_i_157dae'

2023-04-25 13:47:00 - [MESSAGE][PASSED] - Text '' is set on object 'Object Repository/RecAndPlayBk/Page-Vlink-Sale/input_Card on File Indicator_card_on_file_i_157dae'

2023-04-25 13:47:00 - [TEST_STEP][PASSED] - setText(findTestObject("Object Repository/RecAndPlayBk/Page-Vlink-Sale/input_Stored Credential Indicator_stored_cr_4ae73c"), ""): Text '' is set on object 'Object Repository/RecAndPlayBk/Page-Vlink-Sale/input_Stored Credential Indicator_stored_cr_4ae73c'

2023-04-25 13:47:00 - [MESSAGE][PASSED] - Text '' is set on object 'Object Repository/RecAndPlayBk/Page-Vlink-Sale/input_Stored Credential Indicator_stored_cr_4ae73c'

2023-04-25 13:47:00 - [TEST_STEP][PASSED] - setText(findTestObject("Object Repository/RecAndPlayBk/Page-Vlink-Sale/input_COF Scheduled indicator_cof_scheduled_8df7d8"), ""): Text '' is set on object 'Object Repository/RecAndPlayBk/Page-Vlink-Sale/input_COF Scheduled indicator_cof_scheduled_8df7d8'

2023-04-25 13:47:01 - [MESSAGE][PASSED] - Text '' is set on object 'Object Repository/RecAndPlayBk/Page-Vlink-Sale/input_COF Scheduled indicator_cof_scheduled_8df7d8'

2023-04-25 13:47:01 - [TEST_STEP][PASSED] - setText(findTestObject("Object Repository/RecAndPlayBk/Page-Vlink-Sale/input_COF Transaction Initiated by_cof_tran_6cded5"), ""): Text '' is set on object 'Object Repository/RecAndPlayBk/Page-Vlink-Sale/input_COF Transaction Initiated by_cof_tran_6cded5'

2023-04-25 13:47:02 - [MESSAGE][PASSED] - Text '' is set on object 'Object Repository/RecAndPlayBk/Page-Vlink-Sale/input_COF Transaction Initiated by_cof_tran_6cded5'

2023-04-25 13:47:02 - [TEST_STEP][PASSED] - click(findTestObject("Object Repository/RecAndPlayBk/Page-Vlink-Sale/input")): Object: 'Object Repository/RecAndPlayBk/Page-Vlink-Sale/input' is clicked on

2023-04-25 13:47:07 - [MESSAGE][PASSED] - Object: 'Object Repository/RecAndPlayBk/Page-Vlink-Sale/input' is clicked on

2023-04-25 13:47:07 - [TEST_STEP][PASSED] - if (verifyTextPresent("Transaction approved, no errors", true)): null

2023-04-25 13:47:08 - [MESSAGE][PASSED] - Text 'Transaction approved, no errors' is present on page  using regular expression

2023-04-25 13:47:08 - [TEST_STEP][PASSED] - println("Transaction Approved, no errors text is present on the Confirmation page"): null

2023-04-25 13:47:08 - [TEST_STEP][PASSED] - out.println("Pass Record Number: " + row): null

2023-04-25 13:47:08 - [TEST_STEP][PASSED] - resText = "Pass": null

2023-04-25 13:47:08 - [TEST_STEP][PASSED] - pages.WriteExcel.demoKey(resText, datText, resColumn, datCloumn, fileLoc, nameSheet, row): pages.WriteExcel.demoKey is PASSED

2023-04-25 13:47:08 - [MESSAGE][PASSED] - pages.WriteExcel.demoKey is PASSED]]></system-out>
         <system-err><![CDATA[]]></system-err>
      </testcase>
      <testcase name="Test Cases/RecAndPlayBk/VLink/Debit-RemID-Pipe" time="100.247" classname="Test Cases/RecAndPlayBk/VLink/Debit-RemID-Pipe" status="PASSED">
         <system-out><![CDATA[2023-04-25 13:47:08 - [TEST_CASE][PASSED] - Test Cases/RecAndPlayBk/VLink/Debit-RemID-Pipe: Test Cases/RecAndPlayBk/VLink/Debit-RemID-Pipe

2023-04-25 13:47:08 - [TEST_STEP][PASSED] - executionProfile = getExecutionProfile(): null

2023-04-25 13:47:08 - [TEST_STEP][PASSED] - out.println("executionProfile : " + executionProfile): null

2023-04-25 13:47:08 - [TEST_STEP][PASSED] - resText = "Fail": null

2023-04-25 13:47:08 - [TEST_STEP][PASSED] - resColumn = "Result": null

2023-04-25 13:47:08 - [TEST_STEP][PASSED] - datCloumn = "Date": null

2023-04-25 13:47:08 - [TEST_STEP][PASSED] - fileLoc = "KatalonData/VLinkSmokeDataACH.xlsx": null

2023-04-25 13:47:08 - [TEST_STEP][PASSED] - numOfRows = <not implemented yet for class: org.codehaus.groovy.ast.expr.EmptyExpression>: null

2023-04-25 13:47:08 - [TEST_STEP][PASSED] - dataFile = <not implemented yet for class: org.codehaus.groovy.ast.expr.EmptyExpression>: null

2023-04-25 13:47:08 - [TEST_STEP][PASSED] - nameSheet = <not implemented yet for class: org.codehaus.groovy.ast.expr.EmptyExpression>: null

2023-04-25 13:47:08 - [TEST_STEP][PASSED] - nameSheet = "Debit-RemID-Pipe": null

2023-04-25 13:47:08 - [TEST_STEP][PASSED] - numOfRows = findTestData("QA/VLinkTestData/VLinkDebitRemIDPipeData").getRowNumbers(): null

2023-04-25 13:47:09 - [TEST_STEP][PASSED] - println("Number of Records: " + numOfRows): null

2023-04-25 13:47:09 - [TEST_STEP][PASSED] - dataFile = "QA/VLinkTestData/VLinkDebitRemIDPipeData": null

2023-04-25 13:47:09 - [TEST_STEP][PASSED] - for ([row = 1, row <= numOfRows, (row++)]): null

2023-04-25 13:47:09 - [TEST_STEP][PASSED] - ExecuteTC = findTestData(dataFile).getValue("Execute", row): null

2023-04-25 13:47:09 - [TEST_STEP][PASSED] - out.println("Value of Execute is : " + ExecuteTC): null

2023-04-25 13:47:09 - [TEST_STEP][PASSED] - switch (executionProfile): null

2023-04-25 13:47:09 - [TEST_STEP][PASSED] - case "DemoProfile":: null

2023-04-25 13:47:09 - [TEST_STEP][PASSED] - appID = findTestData(dataFile).getValue("AppIDDemo", row): null

2023-04-25 13:47:09 - [TEST_STEP][PASSED] - username = findTestData(dataFile).getValue("UsernameDemo", row): null

2023-04-25 13:47:09 - [TEST_STEP][PASSED] - password = findTestData(dataFile).getValue("PasswordDemo", row): null

2023-04-25 13:47:09 - [TEST_STEP][PASSED] - break: null

2023-04-25 13:47:09 - [TEST_STEP][PASSED] - if (ExecuteTC.equalsIgnoreCase("Y")): null

2023-04-25 13:47:09 - [TEST_STEP][PASSED] - out.println("Begin Record Number: " + row): null

2023-04-25 13:47:09 - [TEST_STEP][PASSED] - today = new java.util.Date(): null

2023-04-25 13:47:09 - [TEST_STEP][PASSED] - println(today): null

2023-04-25 13:47:09 - [TEST_STEP][PASSED] - datText = today: null

2023-04-25 13:47:09 - [TEST_STEP][PASSED] - checkType = findTestData(dataFile).getValue("CheckType", row): null

2023-04-25 13:47:09 - [TEST_STEP][PASSED] - acNumber = findTestData(dataFile).getValue("AcNumber", row): null

2023-04-25 13:47:09 - [TEST_STEP][PASSED] - company = findTestData(dataFile).getValue("Company", row): null

2023-04-25 13:47:09 - [TEST_STEP][PASSED] - acType = findTestData(dataFile).getValue("AcType", row): null

2023-04-25 13:47:09 - [TEST_STEP][PASSED] - rtn = findTestData(dataFile).getValue("RTN", row): null

2023-04-25 13:47:09 - [TEST_STEP][PASSED] - amount = findTestData(dataFile).getValue("Amount", row): null

2023-04-25 13:47:09 - [TEST_STEP][PASSED] - sec = findTestData(dataFile).getValue("SEC", row): null

2023-04-25 13:47:09 - [TEST_STEP][PASSED] - openBrowser(VLinkURL + "debit.html"): Browser is opened with url: 'https://dev-algorithm.govolution.com/vlinktest/demo/version_2_0/debit.html'

2023-04-25 13:47:09 - [MESSAGE][WARNING] - A browser is already opened. Closing browser and opening a new one

2023-04-25 13:47:10 - [MESSAGE][INFO] - Starting 'Chrome' driver

2023-04-25 13:47:10 - [MESSAGE][INFO] - User set preference: ['acceptInsecureCerts', 'true']

2023-04-25 13:47:10 - [MESSAGE][INFO] - Action delay is set to 0 milliseconds

2023-04-25 13:47:12 - [MESSAGE][PASSED] - Browser is opened with url: 'https://dev-algorithm.govolution.com/vlinktest/demo/version_2_0/debit.html'

2023-04-25 13:47:12 - [TEST_STEP][PASSED] - maximizeWindow(): Current window maximized

2023-04-25 13:47:12 - [MESSAGE][PASSED] - Current window maximized

2023-04-25 13:47:12 - [TEST_STEP][PASSED] - genRemID1 = random() * 99999).toInteger(): null

2023-04-25 13:47:12 - [TEST_STEP][PASSED] - genRemID2 = random() * 99999).toInteger(): null

2023-04-25 13:47:12 - [TEST_STEP][PASSED] - genRemID3 = random() * 99999).toInteger(): null

2023-04-25 13:47:12 - [TEST_STEP][PASSED] - println(genRemID1): null

2023-04-25 13:47:12 - [TEST_STEP][PASSED] - println(genRemID2): null

2023-04-25 13:47:12 - [TEST_STEP][PASSED] - println(genRemID3): null

2023-04-25 13:47:12 - [TEST_STEP][PASSED] - genRemID = genRemID1 + "|" + genRemID2 + "|" + genRemID3: null

2023-04-25 13:47:12 - [TEST_STEP][PASSED] - println(genRemID): null

2023-04-25 13:47:12 - [TEST_STEP][PASSED] - setText(findTestObject("RecAndPlayBk/Page-Vlink-Debit/input_Remittance Id"), genRemID): Text '44538|58836|43369' is set on object 'Object Repository/RecAndPlayBk/Page-Vlink-Debit/input_Remittance Id'

2023-04-25 13:47:13 - [MESSAGE][PASSED] - Text '44538|58836|43369' is set on object 'Object Repository/RecAndPlayBk/Page-Vlink-Debit/input_Remittance Id'

2023-04-25 13:47:13 - [TEST_STEP][PASSED] - setText(findTestObject("RecAndPlayBk/Page-Vlink-Debit/input_Application Id"), appID): Text '1773' is set on object 'Object Repository/RecAndPlayBk/Page-Vlink-Debit/input_Application Id'

2023-04-25 13:47:14 - [MESSAGE][PASSED] - Text '1773' is set on object 'Object Repository/RecAndPlayBk/Page-Vlink-Debit/input_Application Id'

2023-04-25 13:47:14 - [TEST_STEP][PASSED] - setText(findTestObject("RecAndPlayBk/Page-Vlink-Debit/input_Username"), username): Text 'Qq2BV1qtr' is set on object 'Object Repository/RecAndPlayBk/Page-Vlink-Debit/input_Username'

2023-04-25 13:47:14 - [MESSAGE][PASSED] - Text 'Qq2BV1qtr' is set on object 'Object Repository/RecAndPlayBk/Page-Vlink-Debit/input_Username'

2023-04-25 13:47:14 - [TEST_STEP][PASSED] - setText(findTestObject("RecAndPlayBk/Page-Vlink-Debit/input_Password"), password): Text 'tUmWBiLUx' is set on object 'Object Repository/RecAndPlayBk/Page-Vlink-Debit/input_Password'

2023-04-25 13:47:15 - [MESSAGE][PASSED] - Text 'tUmWBiLUx' is set on object 'Object Repository/RecAndPlayBk/Page-Vlink-Debit/input_Password'

2023-04-25 13:47:15 - [TEST_STEP][PASSED] - setText(findTestObject("RecAndPlayBk/Page-Vlink-Debit/input_Check Type"), checkType): Text 'P' is set on object 'Object Repository/RecAndPlayBk/Page-Vlink-Debit/input_Check Type'

2023-04-25 13:47:16 - [MESSAGE][PASSED] - Text 'P' is set on object 'Object Repository/RecAndPlayBk/Page-Vlink-Debit/input_Check Type'

2023-04-25 13:47:16 - [TEST_STEP][PASSED] - setText(findTestObject("RecAndPlayBk/Page-Vlink-Debit/input_Account_check"), acNumber): Text '58963214' is set on object 'Object Repository/RecAndPlayBk/Page-Vlink-Debit/input_Account_check'

2023-04-25 13:47:16 - [MESSAGE][PASSED] - Text '58963214' is set on object 'Object Repository/RecAndPlayBk/Page-Vlink-Debit/input_Account_check'

2023-04-25 13:47:16 - [TEST_STEP][PASSED] - setText(findTestObject("RecAndPlayBk/Page-Vlink-Debit/input_Company_check"), company): Text '' is set on object 'Object Repository/RecAndPlayBk/Page-Vlink-Debit/input_Company_check'

2023-04-25 13:47:17 - [MESSAGE][PASSED] - Text '' is set on object 'Object Repository/RecAndPlayBk/Page-Vlink-Debit/input_Company_check'

2023-04-25 13:47:17 - [TEST_STEP][PASSED] - setText(findTestObject("RecAndPlayBk/Page-Vlink-Debit/input_Account Type"), acType): Text '1' is set on object 'Object Repository/RecAndPlayBk/Page-Vlink-Debit/input_Account Type'

2023-04-25 13:47:17 - [MESSAGE][PASSED] - Text '1' is set on object 'Object Repository/RecAndPlayBk/Page-Vlink-Debit/input_Account Type'

2023-04-25 13:47:17 - [TEST_STEP][PASSED] - setText(findTestObject("RecAndPlayBk/Page-Vlink-Debit/input_Routing Number"), rtn): Text '256072691' is set on object 'Object Repository/RecAndPlayBk/Page-Vlink-Debit/input_Routing Number'

2023-04-25 13:47:18 - [MESSAGE][PASSED] - Text '256072691' is set on object 'Object Repository/RecAndPlayBk/Page-Vlink-Debit/input_Routing Number'

2023-04-25 13:47:18 - [TEST_STEP][PASSED] - setText(findTestObject("RecAndPlayBk/Page-Vlink-Debit/input_Amount"), amount): Text '12.50' is set on object 'Object Repository/RecAndPlayBk/Page-Vlink-Debit/input_Amount'

2023-04-25 13:47:19 - [MESSAGE][PASSED] - Text '12.50' is set on object 'Object Repository/RecAndPlayBk/Page-Vlink-Debit/input_Amount'

2023-04-25 13:47:19 - [TEST_STEP][PASSED] - setText(findTestObject("RecAndPlayBk/Page-Vlink-Debit/input_Check Email"), ""): Text '' is set on object 'Object Repository/RecAndPlayBk/Page-Vlink-Debit/input_Check Email'

2023-04-25 13:47:19 - [MESSAGE][PASSED] - Text '' is set on object 'Object Repository/RecAndPlayBk/Page-Vlink-Debit/input_Check Email'

2023-04-25 13:47:19 - [TEST_STEP][PASSED] - setText(findTestObject("Object Repository/RecAndPlayBk/Page-Vlink-Debit/input_concat(CheckWriter, , s SSN)_check_ssn"), ""): Text '' is set on object 'Object Repository/RecAndPlayBk/Page-Vlink-Debit/input_concat(CheckWriter, , s SSN)_check_ssn'

2023-04-25 13:47:20 - [MESSAGE][PASSED] - Text '' is set on object 'Object Repository/RecAndPlayBk/Page-Vlink-Debit/input_concat(CheckWriter, , s SSN)_check_ssn'

2023-04-25 13:47:20 - [TEST_STEP][PASSED] - setText(findTestObject("Object Repository/RecAndPlayBk/Page-Vlink-Debit/input_concat(CheckWriter, , s License Numbe_020fef"), ""): Text '' is set on object 'Object Repository/RecAndPlayBk/Page-Vlink-Debit/input_concat(CheckWriter, , s License Numbe_020fef'

2023-04-25 13:47:20 - [MESSAGE][PASSED] - Text '' is set on object 'Object Repository/RecAndPlayBk/Page-Vlink-Debit/input_concat(CheckWriter, , s License Numbe_020fef'

2023-04-25 13:47:20 - [TEST_STEP][PASSED] - setText(findTestObject("Object Repository/RecAndPlayBk/Page-Vlink-Debit/input_concat(CheckWriter, , s License State_21e3e7"), ""): Text '' is set on object 'Object Repository/RecAndPlayBk/Page-Vlink-Debit/input_concat(CheckWriter, , s License State_21e3e7'

2023-04-25 13:47:21 - [MESSAGE][PASSED] - Text '' is set on object 'Object Repository/RecAndPlayBk/Page-Vlink-Debit/input_concat(CheckWriter, , s License State_21e3e7'

2023-04-25 13:47:21 - [TEST_STEP][PASSED] - setText(findTestObject("RecAndPlayBk/Page-Vlink-Debit/input_Standard Entry Class"), sec): Text 'WEB' is set on object 'Object Repository/RecAndPlayBk/Page-Vlink-Debit/input_Standard Entry Class'

2023-04-25 13:47:22 - [MESSAGE][PASSED] - Text 'WEB' is set on object 'Object Repository/RecAndPlayBk/Page-Vlink-Debit/input_Standard Entry Class'

2023-04-25 13:47:22 - [TEST_STEP][PASSED] - click(findTestObject("Object Repository/RecAndPlayBk/Page-Vlink-Debit/input")): Object: 'Object Repository/RecAndPlayBk/Page-Vlink-Debit/input' is clicked on

2023-04-25 13:47:22 - [MESSAGE][PASSED] - Object: 'Object Repository/RecAndPlayBk/Page-Vlink-Debit/input' is clicked on

2023-04-25 13:47:22 - [TEST_STEP][PASSED] - if (verifyTextPresent("Transaction approved, no errors", true)): null

2023-04-25 13:47:23 - [MESSAGE][PASSED] - Text 'Transaction approved, no errors' is present on page  using regular expression

2023-04-25 13:47:23 - [TEST_STEP][PASSED] - println("Transaction Approved, no errors text is present on the Confirmation page"): null

2023-04-25 13:47:23 - [TEST_STEP][PASSED] - out.println("Pass Record Number: " + row): null

2023-04-25 13:47:23 - [TEST_STEP][PASSED] - resText = "Pass": null

2023-04-25 13:47:23 - [TEST_STEP][PASSED] - pages.WriteExcel.demoKey(resText, datText, resColumn, datCloumn, fileLoc, nameSheet, row): pages.WriteExcel.demoKey is PASSED

2023-04-25 13:47:23 - [MESSAGE][PASSED] - pages.WriteExcel.demoKey is PASSED

2023-04-25 13:47:23 - [TEST_STEP][PASSED] - ExecuteTC = findTestData(dataFile).getValue("Execute", row): null

2023-04-25 13:47:23 - [TEST_STEP][PASSED] - out.println("Value of Execute is : " + ExecuteTC): null

2023-04-25 13:47:23 - [TEST_STEP][PASSED] - switch (executionProfile): null

2023-04-25 13:47:23 - [TEST_STEP][PASSED] - case "DemoProfile":: null

2023-04-25 13:47:23 - [TEST_STEP][PASSED] - appID = findTestData(dataFile).getValue("AppIDDemo", row): null

2023-04-25 13:47:23 - [TEST_STEP][PASSED] - username = findTestData(dataFile).getValue("UsernameDemo", row): null

2023-04-25 13:47:23 - [TEST_STEP][PASSED] - password = findTestData(dataFile).getValue("PasswordDemo", row): null

2023-04-25 13:47:23 - [TEST_STEP][PASSED] - break: null

2023-04-25 13:47:23 - [TEST_STEP][PASSED] - if (ExecuteTC.equalsIgnoreCase("Y")): null

2023-04-25 13:47:23 - [TEST_STEP][PASSED] - out.println("Begin Record Number: " + row): null

2023-04-25 13:47:23 - [TEST_STEP][PASSED] - today = new java.util.Date(): null

2023-04-25 13:47:23 - [TEST_STEP][PASSED] - println(today): null

2023-04-25 13:47:23 - [TEST_STEP][PASSED] - datText = today: null

2023-04-25 13:47:23 - [TEST_STEP][PASSED] - checkType = findTestData(dataFile).getValue("CheckType", row): null

2023-04-25 13:47:23 - [TEST_STEP][PASSED] - acNumber = findTestData(dataFile).getValue("AcNumber", row): null

2023-04-25 13:47:23 - [TEST_STEP][PASSED] - company = findTestData(dataFile).getValue("Company", row): null

2023-04-25 13:47:23 - [TEST_STEP][PASSED] - acType = findTestData(dataFile).getValue("AcType", row): null

2023-04-25 13:47:23 - [TEST_STEP][PASSED] - rtn = findTestData(dataFile).getValue("RTN", row): null

2023-04-25 13:47:23 - [TEST_STEP][PASSED] - amount = findTestData(dataFile).getValue("Amount", row): null

2023-04-25 13:47:24 - [TEST_STEP][PASSED] - sec = findTestData(dataFile).getValue("SEC", row): null

2023-04-25 13:47:24 - [TEST_STEP][PASSED] - openBrowser(VLinkURL + "debit.html"): Browser is opened with url: 'https://dev-algorithm.govolution.com/vlinktest/demo/version_2_0/debit.html'

2023-04-25 13:47:24 - [MESSAGE][WARNING] - A browser is already opened. Closing browser and opening a new one

2023-04-25 13:47:24 - [MESSAGE][INFO] - Starting 'Chrome' driver

2023-04-25 13:47:24 - [MESSAGE][INFO] - User set preference: ['acceptInsecureCerts', 'true']

2023-04-25 13:47:24 - [MESSAGE][INFO] - Action delay is set to 0 milliseconds

2023-04-25 13:47:26 - [MESSAGE][PASSED] - Browser is opened with url: 'https://dev-algorithm.govolution.com/vlinktest/demo/version_2_0/debit.html'

2023-04-25 13:47:26 - [TEST_STEP][PASSED] - maximizeWindow(): Current window maximized

2023-04-25 13:47:26 - [MESSAGE][PASSED] - Current window maximized

2023-04-25 13:47:26 - [TEST_STEP][PASSED] - genRemID1 = random() * 99999).toInteger(): null

2023-04-25 13:47:26 - [TEST_STEP][PASSED] - genRemID2 = random() * 99999).toInteger(): null

2023-04-25 13:47:26 - [TEST_STEP][PASSED] - genRemID3 = random() * 99999).toInteger(): null

2023-04-25 13:47:26 - [TEST_STEP][PASSED] - println(genRemID1): null

2023-04-25 13:47:26 - [TEST_STEP][PASSED] - println(genRemID2): null

2023-04-25 13:47:26 - [TEST_STEP][PASSED] - println(genRemID3): null

2023-04-25 13:47:26 - [TEST_STEP][PASSED] - genRemID = genRemID1 + "|" + genRemID2 + "|" + genRemID3: null

2023-04-25 13:47:26 - [TEST_STEP][PASSED] - println(genRemID): null

2023-04-25 13:47:26 - [TEST_STEP][PASSED] - setText(findTestObject("RecAndPlayBk/Page-Vlink-Debit/input_Remittance Id"), genRemID): Text '62006|85182|42113' is set on object 'Object Repository/RecAndPlayBk/Page-Vlink-Debit/input_Remittance Id'

2023-04-25 13:47:27 - [MESSAGE][PASSED] - Text '62006|85182|42113' is set on object 'Object Repository/RecAndPlayBk/Page-Vlink-Debit/input_Remittance Id'

2023-04-25 13:47:27 - [TEST_STEP][PASSED] - setText(findTestObject("RecAndPlayBk/Page-Vlink-Debit/input_Application Id"), appID): Text '1773' is set on object 'Object Repository/RecAndPlayBk/Page-Vlink-Debit/input_Application Id'

2023-04-25 13:47:28 - [MESSAGE][PASSED] - Text '1773' is set on object 'Object Repository/RecAndPlayBk/Page-Vlink-Debit/input_Application Id'

2023-04-25 13:47:28 - [TEST_STEP][PASSED] - setText(findTestObject("RecAndPlayBk/Page-Vlink-Debit/input_Username"), username): Text 'Qq2BV1qtr' is set on object 'Object Repository/RecAndPlayBk/Page-Vlink-Debit/input_Username'

2023-04-25 13:47:28 - [MESSAGE][PASSED] - Text 'Qq2BV1qtr' is set on object 'Object Repository/RecAndPlayBk/Page-Vlink-Debit/input_Username'

2023-04-25 13:47:28 - [TEST_STEP][PASSED] - setText(findTestObject("RecAndPlayBk/Page-Vlink-Debit/input_Password"), password): Text 'tUmWBiLUx' is set on object 'Object Repository/RecAndPlayBk/Page-Vlink-Debit/input_Password'

2023-04-25 13:47:29 - [MESSAGE][PASSED] - Text 'tUmWBiLUx' is set on object 'Object Repository/RecAndPlayBk/Page-Vlink-Debit/input_Password'

2023-04-25 13:47:29 - [TEST_STEP][PASSED] - setText(findTestObject("RecAndPlayBk/Page-Vlink-Debit/input_Check Type"), checkType): Text 'P' is set on object 'Object Repository/RecAndPlayBk/Page-Vlink-Debit/input_Check Type'

2023-04-25 13:47:30 - [MESSAGE][PASSED] - Text 'P' is set on object 'Object Repository/RecAndPlayBk/Page-Vlink-Debit/input_Check Type'

2023-04-25 13:47:30 - [TEST_STEP][PASSED] - setText(findTestObject("RecAndPlayBk/Page-Vlink-Debit/input_Account_check"), acNumber): Text '58963214' is set on object 'Object Repository/RecAndPlayBk/Page-Vlink-Debit/input_Account_check'

2023-04-25 13:47:30 - [MESSAGE][PASSED] - Text '58963214' is set on object 'Object Repository/RecAndPlayBk/Page-Vlink-Debit/input_Account_check'

2023-04-25 13:47:30 - [TEST_STEP][PASSED] - setText(findTestObject("RecAndPlayBk/Page-Vlink-Debit/input_Company_check"), company): Text '' is set on object 'Object Repository/RecAndPlayBk/Page-Vlink-Debit/input_Company_check'

2023-04-25 13:47:31 - [MESSAGE][PASSED] - Text '' is set on object 'Object Repository/RecAndPlayBk/Page-Vlink-Debit/input_Company_check'

2023-04-25 13:47:31 - [TEST_STEP][PASSED] - setText(findTestObject("RecAndPlayBk/Page-Vlink-Debit/input_Account Type"), acType): Text '1' is set on object 'Object Repository/RecAndPlayBk/Page-Vlink-Debit/input_Account Type'

2023-04-25 13:47:32 - [MESSAGE][PASSED] - Text '1' is set on object 'Object Repository/RecAndPlayBk/Page-Vlink-Debit/input_Account Type'

2023-04-25 13:47:32 - [TEST_STEP][PASSED] - setText(findTestObject("RecAndPlayBk/Page-Vlink-Debit/input_Routing Number"), rtn): Text '256072691' is set on object 'Object Repository/RecAndPlayBk/Page-Vlink-Debit/input_Routing Number'

2023-04-25 13:47:32 - [MESSAGE][PASSED] - Text '256072691' is set on object 'Object Repository/RecAndPlayBk/Page-Vlink-Debit/input_Routing Number'

2023-04-25 13:47:32 - [TEST_STEP][PASSED] - setText(findTestObject("RecAndPlayBk/Page-Vlink-Debit/input_Amount"), amount): Text '12.50' is set on object 'Object Repository/RecAndPlayBk/Page-Vlink-Debit/input_Amount'

2023-04-25 13:47:33 - [MESSAGE][PASSED] - Text '12.50' is set on object 'Object Repository/RecAndPlayBk/Page-Vlink-Debit/input_Amount'

2023-04-25 13:47:33 - [TEST_STEP][PASSED] - setText(findTestObject("RecAndPlayBk/Page-Vlink-Debit/input_Check Email"), ""): Text '' is set on object 'Object Repository/RecAndPlayBk/Page-Vlink-Debit/input_Check Email'

2023-04-25 13:47:33 - [MESSAGE][PASSED] - Text '' is set on object 'Object Repository/RecAndPlayBk/Page-Vlink-Debit/input_Check Email'

2023-04-25 13:47:33 - [TEST_STEP][PASSED] - setText(findTestObject("Object Repository/RecAndPlayBk/Page-Vlink-Debit/input_concat(CheckWriter, , s SSN)_check_ssn"), ""): Text '' is set on object 'Object Repository/RecAndPlayBk/Page-Vlink-Debit/input_concat(CheckWriter, , s SSN)_check_ssn'

2023-04-25 13:47:34 - [MESSAGE][PASSED] - Text '' is set on object 'Object Repository/RecAndPlayBk/Page-Vlink-Debit/input_concat(CheckWriter, , s SSN)_check_ssn'

2023-04-25 13:47:34 - [TEST_STEP][PASSED] - setText(findTestObject("Object Repository/RecAndPlayBk/Page-Vlink-Debit/input_concat(CheckWriter, , s License Numbe_020fef"), ""): Text '' is set on object 'Object Repository/RecAndPlayBk/Page-Vlink-Debit/input_concat(CheckWriter, , s License Numbe_020fef'

2023-04-25 13:47:35 - [MESSAGE][PASSED] - Text '' is set on object 'Object Repository/RecAndPlayBk/Page-Vlink-Debit/input_concat(CheckWriter, , s License Numbe_020fef'

2023-04-25 13:47:35 - [TEST_STEP][PASSED] - setText(findTestObject("Object Repository/RecAndPlayBk/Page-Vlink-Debit/input_concat(CheckWriter, , s License State_21e3e7"), ""): Text '' is set on object 'Object Repository/RecAndPlayBk/Page-Vlink-Debit/input_concat(CheckWriter, , s License State_21e3e7'

2023-04-25 13:47:35 - [MESSAGE][PASSED] - Text '' is set on object 'Object Repository/RecAndPlayBk/Page-Vlink-Debit/input_concat(CheckWriter, , s License State_21e3e7'

2023-04-25 13:47:35 - [TEST_STEP][PASSED] - setText(findTestObject("RecAndPlayBk/Page-Vlink-Debit/input_Standard Entry Class"), sec): Text 'TEL' is set on object 'Object Repository/RecAndPlayBk/Page-Vlink-Debit/input_Standard Entry Class'

2023-04-25 13:47:36 - [MESSAGE][PASSED] - Text 'TEL' is set on object 'Object Repository/RecAndPlayBk/Page-Vlink-Debit/input_Standard Entry Class'

2023-04-25 13:47:36 - [TEST_STEP][PASSED] - click(findTestObject("Object Repository/RecAndPlayBk/Page-Vlink-Debit/input")): Object: 'Object Repository/RecAndPlayBk/Page-Vlink-Debit/input' is clicked on

2023-04-25 13:47:37 - [MESSAGE][PASSED] - Object: 'Object Repository/RecAndPlayBk/Page-Vlink-Debit/input' is clicked on

2023-04-25 13:47:37 - [TEST_STEP][PASSED] - if (verifyTextPresent("Transaction approved, no errors", true)): null

2023-04-25 13:47:37 - [MESSAGE][PASSED] - Text 'Transaction approved, no errors' is present on page  using regular expression

2023-04-25 13:47:37 - [TEST_STEP][PASSED] - println("Transaction Approved, no errors text is present on the Confirmation page"): null

2023-04-25 13:47:37 - [TEST_STEP][PASSED] - out.println("Pass Record Number: " + row): null

2023-04-25 13:47:37 - [TEST_STEP][PASSED] - resText = "Pass": null

2023-04-25 13:47:37 - [TEST_STEP][PASSED] - pages.WriteExcel.demoKey(resText, datText, resColumn, datCloumn, fileLoc, nameSheet, row): pages.WriteExcel.demoKey is PASSED

2023-04-25 13:47:37 - [MESSAGE][PASSED] - pages.WriteExcel.demoKey is PASSED

2023-04-25 13:47:37 - [TEST_STEP][PASSED] - ExecuteTC = findTestData(dataFile).getValue("Execute", row): null

2023-04-25 13:47:38 - [TEST_STEP][PASSED] - out.println("Value of Execute is : " + ExecuteTC): null

2023-04-25 13:47:38 - [TEST_STEP][PASSED] - switch (executionProfile): null

2023-04-25 13:47:38 - [TEST_STEP][PASSED] - case "DemoProfile":: null

2023-04-25 13:47:38 - [TEST_STEP][PASSED] - appID = findTestData(dataFile).getValue("AppIDDemo", row): null

2023-04-25 13:47:38 - [TEST_STEP][PASSED] - username = findTestData(dataFile).getValue("UsernameDemo", row): null

2023-04-25 13:47:38 - [TEST_STEP][PASSED] - password = findTestData(dataFile).getValue("PasswordDemo", row): null

2023-04-25 13:47:38 - [TEST_STEP][PASSED] - break: null

2023-04-25 13:47:38 - [TEST_STEP][PASSED] - if (ExecuteTC.equalsIgnoreCase("Y")): null

2023-04-25 13:47:38 - [TEST_STEP][PASSED] - out.println("Begin Record Number: " + row): null

2023-04-25 13:47:38 - [TEST_STEP][PASSED] - today = new java.util.Date(): null

2023-04-25 13:47:38 - [TEST_STEP][PASSED] - println(today): null

2023-04-25 13:47:38 - [TEST_STEP][PASSED] - datText = today: null

2023-04-25 13:47:38 - [TEST_STEP][PASSED] - checkType = findTestData(dataFile).getValue("CheckType", row): null

2023-04-25 13:47:38 - [TEST_STEP][PASSED] - acNumber = findTestData(dataFile).getValue("AcNumber", row): null

2023-04-25 13:47:38 - [TEST_STEP][PASSED] - company = findTestData(dataFile).getValue("Company", row): null

2023-04-25 13:47:38 - [TEST_STEP][PASSED] - acType = findTestData(dataFile).getValue("AcType", row): null

2023-04-25 13:47:38 - [TEST_STEP][PASSED] - rtn = findTestData(dataFile).getValue("RTN", row): null

2023-04-25 13:47:38 - [TEST_STEP][PASSED] - amount = findTestData(dataFile).getValue("Amount", row): null

2023-04-25 13:47:38 - [TEST_STEP][PASSED] - sec = findTestData(dataFile).getValue("SEC", row): null

2023-04-25 13:47:38 - [TEST_STEP][PASSED] - openBrowser(VLinkURL + "debit.html"): Browser is opened with url: 'https://dev-algorithm.govolution.com/vlinktest/demo/version_2_0/debit.html'

2023-04-25 13:47:38 - [MESSAGE][WARNING] - A browser is already opened. Closing browser and opening a new one

2023-04-25 13:47:39 - [MESSAGE][INFO] - Starting 'Chrome' driver

2023-04-25 13:47:39 - [MESSAGE][INFO] - User set preference: ['acceptInsecureCerts', 'true']

2023-04-25 13:47:39 - [MESSAGE][INFO] - Action delay is set to 0 milliseconds

2023-04-25 13:47:41 - [MESSAGE][PASSED] - Browser is opened with url: 'https://dev-algorithm.govolution.com/vlinktest/demo/version_2_0/debit.html'

2023-04-25 13:47:41 - [TEST_STEP][PASSED] - maximizeWindow(): Current window maximized

2023-04-25 13:47:41 - [MESSAGE][PASSED] - Current window maximized

2023-04-25 13:47:41 - [TEST_STEP][PASSED] - genRemID1 = random() * 99999).toInteger(): null

2023-04-25 13:47:41 - [TEST_STEP][PASSED] - genRemID2 = random() * 99999).toInteger(): null

2023-04-25 13:47:41 - [TEST_STEP][PASSED] - genRemID3 = random() * 99999).toInteger(): null

2023-04-25 13:47:41 - [TEST_STEP][PASSED] - println(genRemID1): null

2023-04-25 13:47:41 - [TEST_STEP][PASSED] - println(genRemID2): null

2023-04-25 13:47:41 - [TEST_STEP][PASSED] - println(genRemID3): null

2023-04-25 13:47:41 - [TEST_STEP][PASSED] - genRemID = genRemID1 + "|" + genRemID2 + "|" + genRemID3: null

2023-04-25 13:47:41 - [TEST_STEP][PASSED] - println(genRemID): null

2023-04-25 13:47:41 - [TEST_STEP][PASSED] - setText(findTestObject("RecAndPlayBk/Page-Vlink-Debit/input_Remittance Id"), genRemID): Text '86767|1387|77692' is set on object 'Object Repository/RecAndPlayBk/Page-Vlink-Debit/input_Remittance Id'

2023-04-25 13:47:42 - [MESSAGE][PASSED] - Text '86767|1387|77692' is set on object 'Object Repository/RecAndPlayBk/Page-Vlink-Debit/input_Remittance Id'

2023-04-25 13:47:42 - [TEST_STEP][PASSED] - setText(findTestObject("RecAndPlayBk/Page-Vlink-Debit/input_Application Id"), appID): Text '1773' is set on object 'Object Repository/RecAndPlayBk/Page-Vlink-Debit/input_Application Id'

2023-04-25 13:47:43 - [MESSAGE][PASSED] - Text '1773' is set on object 'Object Repository/RecAndPlayBk/Page-Vlink-Debit/input_Application Id'

2023-04-25 13:47:43 - [TEST_STEP][PASSED] - setText(findTestObject("RecAndPlayBk/Page-Vlink-Debit/input_Username"), username): Text 'Qq2BV1qtr' is set on object 'Object Repository/RecAndPlayBk/Page-Vlink-Debit/input_Username'

2023-04-25 13:47:43 - [MESSAGE][PASSED] - Text 'Qq2BV1qtr' is set on object 'Object Repository/RecAndPlayBk/Page-Vlink-Debit/input_Username'

2023-04-25 13:47:43 - [TEST_STEP][PASSED] - setText(findTestObject("RecAndPlayBk/Page-Vlink-Debit/input_Password"), password): Text 'tUmWBiLUx' is set on object 'Object Repository/RecAndPlayBk/Page-Vlink-Debit/input_Password'

2023-04-25 13:47:44 - [MESSAGE][PASSED] - Text 'tUmWBiLUx' is set on object 'Object Repository/RecAndPlayBk/Page-Vlink-Debit/input_Password'

2023-04-25 13:47:44 - [TEST_STEP][PASSED] - setText(findTestObject("RecAndPlayBk/Page-Vlink-Debit/input_Check Type"), checkType): Text 'P' is set on object 'Object Repository/RecAndPlayBk/Page-Vlink-Debit/input_Check Type'

2023-04-25 13:47:45 - [MESSAGE][PASSED] - Text 'P' is set on object 'Object Repository/RecAndPlayBk/Page-Vlink-Debit/input_Check Type'

2023-04-25 13:47:45 - [TEST_STEP][PASSED] - setText(findTestObject("RecAndPlayBk/Page-Vlink-Debit/input_Account_check"), acNumber): Text '58963214' is set on object 'Object Repository/RecAndPlayBk/Page-Vlink-Debit/input_Account_check'

2023-04-25 13:47:45 - [MESSAGE][PASSED] - Text '58963214' is set on object 'Object Repository/RecAndPlayBk/Page-Vlink-Debit/input_Account_check'

2023-04-25 13:47:45 - [TEST_STEP][PASSED] - setText(findTestObject("RecAndPlayBk/Page-Vlink-Debit/input_Company_check"), company): Text '' is set on object 'Object Repository/RecAndPlayBk/Page-Vlink-Debit/input_Company_check'

2023-04-25 13:47:46 - [MESSAGE][PASSED] - Text '' is set on object 'Object Repository/RecAndPlayBk/Page-Vlink-Debit/input_Company_check'

2023-04-25 13:47:46 - [TEST_STEP][PASSED] - setText(findTestObject("RecAndPlayBk/Page-Vlink-Debit/input_Account Type"), acType): Text '1' is set on object 'Object Repository/RecAndPlayBk/Page-Vlink-Debit/input_Account Type'

2023-04-25 13:47:46 - [MESSAGE][PASSED] - Text '1' is set on object 'Object Repository/RecAndPlayBk/Page-Vlink-Debit/input_Account Type'

2023-04-25 13:47:46 - [TEST_STEP][PASSED] - setText(findTestObject("RecAndPlayBk/Page-Vlink-Debit/input_Routing Number"), rtn): Text '256072691' is set on object 'Object Repository/RecAndPlayBk/Page-Vlink-Debit/input_Routing Number'

2023-04-25 13:47:47 - [MESSAGE][PASSED] - Text '256072691' is set on object 'Object Repository/RecAndPlayBk/Page-Vlink-Debit/input_Routing Number'

2023-04-25 13:47:47 - [TEST_STEP][PASSED] - setText(findTestObject("RecAndPlayBk/Page-Vlink-Debit/input_Amount"), amount): Text '12.50' is set on object 'Object Repository/RecAndPlayBk/Page-Vlink-Debit/input_Amount'

2023-04-25 13:47:48 - [MESSAGE][PASSED] - Text '12.50' is set on object 'Object Repository/RecAndPlayBk/Page-Vlink-Debit/input_Amount'

2023-04-25 13:47:48 - [TEST_STEP][PASSED] - setText(findTestObject("RecAndPlayBk/Page-Vlink-Debit/input_Check Email"), ""): Text '' is set on object 'Object Repository/RecAndPlayBk/Page-Vlink-Debit/input_Check Email'

2023-04-25 13:47:48 - [MESSAGE][PASSED] - Text '' is set on object 'Object Repository/RecAndPlayBk/Page-Vlink-Debit/input_Check Email'

2023-04-25 13:47:48 - [TEST_STEP][PASSED] - setText(findTestObject("Object Repository/RecAndPlayBk/Page-Vlink-Debit/input_concat(CheckWriter, , s SSN)_check_ssn"), ""): Text '' is set on object 'Object Repository/RecAndPlayBk/Page-Vlink-Debit/input_concat(CheckWriter, , s SSN)_check_ssn'

2023-04-25 13:47:49 - [MESSAGE][PASSED] - Text '' is set on object 'Object Repository/RecAndPlayBk/Page-Vlink-Debit/input_concat(CheckWriter, , s SSN)_check_ssn'

2023-04-25 13:47:49 - [TEST_STEP][PASSED] - setText(findTestObject("Object Repository/RecAndPlayBk/Page-Vlink-Debit/input_concat(CheckWriter, , s License Numbe_020fef"), ""): Text '' is set on object 'Object Repository/RecAndPlayBk/Page-Vlink-Debit/input_concat(CheckWriter, , s License Numbe_020fef'

2023-04-25 13:47:49 - [MESSAGE][PASSED] - Text '' is set on object 'Object Repository/RecAndPlayBk/Page-Vlink-Debit/input_concat(CheckWriter, , s License Numbe_020fef'

2023-04-25 13:47:49 - [TEST_STEP][PASSED] - setText(findTestObject("Object Repository/RecAndPlayBk/Page-Vlink-Debit/input_concat(CheckWriter, , s License State_21e3e7"), ""): Text '' is set on object 'Object Repository/RecAndPlayBk/Page-Vlink-Debit/input_concat(CheckWriter, , s License State_21e3e7'

2023-04-25 13:47:50 - [MESSAGE][PASSED] - Text '' is set on object 'Object Repository/RecAndPlayBk/Page-Vlink-Debit/input_concat(CheckWriter, , s License State_21e3e7'

2023-04-25 13:47:50 - [TEST_STEP][PASSED] - setText(findTestObject("RecAndPlayBk/Page-Vlink-Debit/input_Standard Entry Class"), sec): Text 'PPD' is set on object 'Object Repository/RecAndPlayBk/Page-Vlink-Debit/input_Standard Entry Class'

2023-04-25 13:47:51 - [MESSAGE][PASSED] - Text 'PPD' is set on object 'Object Repository/RecAndPlayBk/Page-Vlink-Debit/input_Standard Entry Class'

2023-04-25 13:47:51 - [TEST_STEP][PASSED] - click(findTestObject("Object Repository/RecAndPlayBk/Page-Vlink-Debit/input")): Object: 'Object Repository/RecAndPlayBk/Page-Vlink-Debit/input' is clicked on

2023-04-25 13:47:51 - [MESSAGE][PASSED] - Object: 'Object Repository/RecAndPlayBk/Page-Vlink-Debit/input' is clicked on

2023-04-25 13:47:51 - [TEST_STEP][PASSED] - if (verifyTextPresent("Transaction approved, no errors", true)): null

2023-04-25 13:47:52 - [MESSAGE][PASSED] - Text 'Transaction approved, no errors' is present on page  using regular expression

2023-04-25 13:47:52 - [TEST_STEP][PASSED] - println("Transaction Approved, no errors text is present on the Confirmation page"): null

2023-04-25 13:47:52 - [TEST_STEP][PASSED] - out.println("Pass Record Number: " + row): null

2023-04-25 13:47:52 - [TEST_STEP][PASSED] - resText = "Pass": null

2023-04-25 13:47:52 - [TEST_STEP][PASSED] - pages.WriteExcel.demoKey(resText, datText, resColumn, datCloumn, fileLoc, nameSheet, row): pages.WriteExcel.demoKey is PASSED

2023-04-25 13:47:52 - [MESSAGE][PASSED] - pages.WriteExcel.demoKey is PASSED

2023-04-25 13:47:52 - [TEST_STEP][PASSED] - ExecuteTC = findTestData(dataFile).getValue("Execute", row): null

2023-04-25 13:47:52 - [TEST_STEP][PASSED] - out.println("Value of Execute is : " + ExecuteTC): null

2023-04-25 13:47:52 - [TEST_STEP][PASSED] - switch (executionProfile): null

2023-04-25 13:47:52 - [TEST_STEP][PASSED] - case "DemoProfile":: null

2023-04-25 13:47:52 - [TEST_STEP][PASSED] - appID = findTestData(dataFile).getValue("AppIDDemo", row): null

2023-04-25 13:47:52 - [TEST_STEP][PASSED] - username = findTestData(dataFile).getValue("UsernameDemo", row): null

2023-04-25 13:47:52 - [TEST_STEP][PASSED] - password = findTestData(dataFile).getValue("PasswordDemo", row): null

2023-04-25 13:47:52 - [TEST_STEP][PASSED] - break: null

2023-04-25 13:47:52 - [TEST_STEP][PASSED] - if (ExecuteTC.equalsIgnoreCase("Y")): null

2023-04-25 13:47:52 - [TEST_STEP][PASSED] - out.println("Begin Record Number: " + row): null

2023-04-25 13:47:52 - [TEST_STEP][PASSED] - today = new java.util.Date(): null

2023-04-25 13:47:52 - [TEST_STEP][PASSED] - println(today): null

2023-04-25 13:47:52 - [TEST_STEP][PASSED] - datText = today: null

2023-04-25 13:47:52 - [TEST_STEP][PASSED] - checkType = findTestData(dataFile).getValue("CheckType", row): null

2023-04-25 13:47:52 - [TEST_STEP][PASSED] - acNumber = findTestData(dataFile).getValue("AcNumber", row): null

2023-04-25 13:47:52 - [TEST_STEP][PASSED] - company = findTestData(dataFile).getValue("Company", row): null

2023-04-25 13:47:52 - [TEST_STEP][PASSED] - acType = findTestData(dataFile).getValue("AcType", row): null

2023-04-25 13:47:52 - [TEST_STEP][PASSED] - rtn = findTestData(dataFile).getValue("RTN", row): null

2023-04-25 13:47:52 - [TEST_STEP][PASSED] - amount = findTestData(dataFile).getValue("Amount", row): null

2023-04-25 13:47:52 - [TEST_STEP][PASSED] - sec = findTestData(dataFile).getValue("SEC", row): null

2023-04-25 13:47:52 - [TEST_STEP][PASSED] - openBrowser(VLinkURL + "debit.html"): Browser is opened with url: 'https://dev-algorithm.govolution.com/vlinktest/demo/version_2_0/debit.html'

2023-04-25 13:47:52 - [MESSAGE][WARNING] - A browser is already opened. Closing browser and opening a new one

2023-04-25 13:47:53 - [MESSAGE][INFO] - Starting 'Chrome' driver

2023-04-25 13:47:53 - [MESSAGE][INFO] - User set preference: ['acceptInsecureCerts', 'true']

2023-04-25 13:47:53 - [MESSAGE][INFO] - Action delay is set to 0 milliseconds

2023-04-25 13:47:55 - [MESSAGE][PASSED] - Browser is opened with url: 'https://dev-algorithm.govolution.com/vlinktest/demo/version_2_0/debit.html'

2023-04-25 13:47:55 - [TEST_STEP][PASSED] - maximizeWindow(): Current window maximized

2023-04-25 13:47:55 - [MESSAGE][PASSED] - Current window maximized

2023-04-25 13:47:55 - [TEST_STEP][PASSED] - genRemID1 = random() * 99999).toInteger(): null

2023-04-25 13:47:55 - [TEST_STEP][PASSED] - genRemID2 = random() * 99999).toInteger(): null

2023-04-25 13:47:55 - [TEST_STEP][PASSED] - genRemID3 = random() * 99999).toInteger(): null

2023-04-25 13:47:55 - [TEST_STEP][PASSED] - println(genRemID1): null

2023-04-25 13:47:55 - [TEST_STEP][PASSED] - println(genRemID2): null

2023-04-25 13:47:55 - [TEST_STEP][PASSED] - println(genRemID3): null

2023-04-25 13:47:55 - [TEST_STEP][PASSED] - genRemID = genRemID1 + "|" + genRemID2 + "|" + genRemID3: null

2023-04-25 13:47:55 - [TEST_STEP][PASSED] - println(genRemID): null

2023-04-25 13:47:55 - [TEST_STEP][PASSED] - setText(findTestObject("RecAndPlayBk/Page-Vlink-Debit/input_Remittance Id"), genRemID): Text '42026|31061|79754' is set on object 'Object Repository/RecAndPlayBk/Page-Vlink-Debit/input_Remittance Id'

2023-04-25 13:47:56 - [MESSAGE][PASSED] - Text '42026|31061|79754' is set on object 'Object Repository/RecAndPlayBk/Page-Vlink-Debit/input_Remittance Id'

2023-04-25 13:47:56 - [TEST_STEP][PASSED] - setText(findTestObject("RecAndPlayBk/Page-Vlink-Debit/input_Application Id"), appID): Text '1773' is set on object 'Object Repository/RecAndPlayBk/Page-Vlink-Debit/input_Application Id'

2023-04-25 13:47:57 - [MESSAGE][PASSED] - Text '1773' is set on object 'Object Repository/RecAndPlayBk/Page-Vlink-Debit/input_Application Id'

2023-04-25 13:47:57 - [TEST_STEP][PASSED] - setText(findTestObject("RecAndPlayBk/Page-Vlink-Debit/input_Username"), username): Text 'Qq2BV1qtr' is set on object 'Object Repository/RecAndPlayBk/Page-Vlink-Debit/input_Username'

2023-04-25 13:47:57 - [MESSAGE][PASSED] - Text 'Qq2BV1qtr' is set on object 'Object Repository/RecAndPlayBk/Page-Vlink-Debit/input_Username'

2023-04-25 13:47:57 - [TEST_STEP][PASSED] - setText(findTestObject("RecAndPlayBk/Page-Vlink-Debit/input_Password"), password): Text 'tUmWBiLUx' is set on object 'Object Repository/RecAndPlayBk/Page-Vlink-Debit/input_Password'

2023-04-25 13:47:58 - [MESSAGE][PASSED] - Text 'tUmWBiLUx' is set on object 'Object Repository/RecAndPlayBk/Page-Vlink-Debit/input_Password'

2023-04-25 13:47:58 - [TEST_STEP][PASSED] - setText(findTestObject("RecAndPlayBk/Page-Vlink-Debit/input_Check Type"), checkType): Text 'P' is set on object 'Object Repository/RecAndPlayBk/Page-Vlink-Debit/input_Check Type'

2023-04-25 13:47:59 - [MESSAGE][PASSED] - Text 'P' is set on object 'Object Repository/RecAndPlayBk/Page-Vlink-Debit/input_Check Type'

2023-04-25 13:47:59 - [TEST_STEP][PASSED] - setText(findTestObject("RecAndPlayBk/Page-Vlink-Debit/input_Account_check"), acNumber): Text '58963214' is set on object 'Object Repository/RecAndPlayBk/Page-Vlink-Debit/input_Account_check'

2023-04-25 13:47:59 - [MESSAGE][PASSED] - Text '58963214' is set on object 'Object Repository/RecAndPlayBk/Page-Vlink-Debit/input_Account_check'

2023-04-25 13:47:59 - [TEST_STEP][PASSED] - setText(findTestObject("RecAndPlayBk/Page-Vlink-Debit/input_Company_check"), company): Text '' is set on object 'Object Repository/RecAndPlayBk/Page-Vlink-Debit/input_Company_check'

2023-04-25 13:48:00 - [MESSAGE][PASSED] - Text '' is set on object 'Object Repository/RecAndPlayBk/Page-Vlink-Debit/input_Company_check'

2023-04-25 13:48:00 - [TEST_STEP][PASSED] - setText(findTestObject("RecAndPlayBk/Page-Vlink-Debit/input_Account Type"), acType): Text '2' is set on object 'Object Repository/RecAndPlayBk/Page-Vlink-Debit/input_Account Type'

2023-04-25 13:48:00 - [MESSAGE][PASSED] - Text '2' is set on object 'Object Repository/RecAndPlayBk/Page-Vlink-Debit/input_Account Type'

2023-04-25 13:48:00 - [TEST_STEP][PASSED] - setText(findTestObject("RecAndPlayBk/Page-Vlink-Debit/input_Routing Number"), rtn): Text '256072691' is set on object 'Object Repository/RecAndPlayBk/Page-Vlink-Debit/input_Routing Number'

2023-04-25 13:48:01 - [MESSAGE][PASSED] - Text '256072691' is set on object 'Object Repository/RecAndPlayBk/Page-Vlink-Debit/input_Routing Number'

2023-04-25 13:48:01 - [TEST_STEP][PASSED] - setText(findTestObject("RecAndPlayBk/Page-Vlink-Debit/input_Amount"), amount): Text '12.50' is set on object 'Object Repository/RecAndPlayBk/Page-Vlink-Debit/input_Amount'

2023-04-25 13:48:02 - [MESSAGE][PASSED] - Text '12.50' is set on object 'Object Repository/RecAndPlayBk/Page-Vlink-Debit/input_Amount'

2023-04-25 13:48:02 - [TEST_STEP][PASSED] - setText(findTestObject("RecAndPlayBk/Page-Vlink-Debit/input_Check Email"), ""): Text '' is set on object 'Object Repository/RecAndPlayBk/Page-Vlink-Debit/input_Check Email'

2023-04-25 13:48:02 - [MESSAGE][PASSED] - Text '' is set on object 'Object Repository/RecAndPlayBk/Page-Vlink-Debit/input_Check Email'

2023-04-25 13:48:02 - [TEST_STEP][PASSED] - setText(findTestObject("Object Repository/RecAndPlayBk/Page-Vlink-Debit/input_concat(CheckWriter, , s SSN)_check_ssn"), ""): Text '' is set on object 'Object Repository/RecAndPlayBk/Page-Vlink-Debit/input_concat(CheckWriter, , s SSN)_check_ssn'

2023-04-25 13:48:03 - [MESSAGE][PASSED] - Text '' is set on object 'Object Repository/RecAndPlayBk/Page-Vlink-Debit/input_concat(CheckWriter, , s SSN)_check_ssn'

2023-04-25 13:48:03 - [TEST_STEP][PASSED] - setText(findTestObject("Object Repository/RecAndPlayBk/Page-Vlink-Debit/input_concat(CheckWriter, , s License Numbe_020fef"), ""): Text '' is set on object 'Object Repository/RecAndPlayBk/Page-Vlink-Debit/input_concat(CheckWriter, , s License Numbe_020fef'

2023-04-25 13:48:03 - [MESSAGE][PASSED] - Text '' is set on object 'Object Repository/RecAndPlayBk/Page-Vlink-Debit/input_concat(CheckWriter, , s License Numbe_020fef'

2023-04-25 13:48:03 - [TEST_STEP][PASSED] - setText(findTestObject("Object Repository/RecAndPlayBk/Page-Vlink-Debit/input_concat(CheckWriter, , s License State_21e3e7"), ""): Text '' is set on object 'Object Repository/RecAndPlayBk/Page-Vlink-Debit/input_concat(CheckWriter, , s License State_21e3e7'

2023-04-25 13:48:04 - [MESSAGE][PASSED] - Text '' is set on object 'Object Repository/RecAndPlayBk/Page-Vlink-Debit/input_concat(CheckWriter, , s License State_21e3e7'

2023-04-25 13:48:04 - [TEST_STEP][PASSED] - setText(findTestObject("RecAndPlayBk/Page-Vlink-Debit/input_Standard Entry Class"), sec): Text 'WEB' is set on object 'Object Repository/RecAndPlayBk/Page-Vlink-Debit/input_Standard Entry Class'

2023-04-25 13:48:05 - [MESSAGE][PASSED] - Text 'WEB' is set on object 'Object Repository/RecAndPlayBk/Page-Vlink-Debit/input_Standard Entry Class'

2023-04-25 13:48:05 - [TEST_STEP][PASSED] - click(findTestObject("Object Repository/RecAndPlayBk/Page-Vlink-Debit/input")): Object: 'Object Repository/RecAndPlayBk/Page-Vlink-Debit/input' is clicked on

2023-04-25 13:48:05 - [MESSAGE][PASSED] - Object: 'Object Repository/RecAndPlayBk/Page-Vlink-Debit/input' is clicked on

2023-04-25 13:48:05 - [TEST_STEP][PASSED] - if (verifyTextPresent("Transaction approved, no errors", true)): null

2023-04-25 13:48:06 - [MESSAGE][PASSED] - Text 'Transaction approved, no errors' is present on page  using regular expression

2023-04-25 13:48:06 - [TEST_STEP][PASSED] - println("Transaction Approved, no errors text is present on the Confirmation page"): null

2023-04-25 13:48:06 - [TEST_STEP][PASSED] - out.println("Pass Record Number: " + row): null

2023-04-25 13:48:06 - [TEST_STEP][PASSED] - resText = "Pass": null

2023-04-25 13:48:06 - [TEST_STEP][PASSED] - pages.WriteExcel.demoKey(resText, datText, resColumn, datCloumn, fileLoc, nameSheet, row): pages.WriteExcel.demoKey is PASSED

2023-04-25 13:48:06 - [MESSAGE][PASSED] - pages.WriteExcel.demoKey is PASSED

2023-04-25 13:48:06 - [TEST_STEP][PASSED] - ExecuteTC = findTestData(dataFile).getValue("Execute", row): null

2023-04-25 13:48:06 - [TEST_STEP][PASSED] - out.println("Value of Execute is : " + ExecuteTC): null

2023-04-25 13:48:06 - [TEST_STEP][PASSED] - switch (executionProfile): null

2023-04-25 13:48:06 - [TEST_STEP][PASSED] - case "DemoProfile":: null

2023-04-25 13:48:06 - [TEST_STEP][PASSED] - appID = findTestData(dataFile).getValue("AppIDDemo", row): null

2023-04-25 13:48:06 - [TEST_STEP][PASSED] - username = findTestData(dataFile).getValue("UsernameDemo", row): null

2023-04-25 13:48:06 - [TEST_STEP][PASSED] - password = findTestData(dataFile).getValue("PasswordDemo", row): null

2023-04-25 13:48:06 - [TEST_STEP][PASSED] - break: null

2023-04-25 13:48:06 - [TEST_STEP][PASSED] - if (ExecuteTC.equalsIgnoreCase("Y")): null

2023-04-25 13:48:06 - [TEST_STEP][PASSED] - out.println("Begin Record Number: " + row): null

2023-04-25 13:48:06 - [TEST_STEP][PASSED] - today = new java.util.Date(): null

2023-04-25 13:48:06 - [TEST_STEP][PASSED] - println(today): null

2023-04-25 13:48:06 - [TEST_STEP][PASSED] - datText = today: null

2023-04-25 13:48:06 - [TEST_STEP][PASSED] - checkType = findTestData(dataFile).getValue("CheckType", row): null

2023-04-25 13:48:06 - [TEST_STEP][PASSED] - acNumber = findTestData(dataFile).getValue("AcNumber", row): null

2023-04-25 13:48:06 - [TEST_STEP][PASSED] - company = findTestData(dataFile).getValue("Company", row): null

2023-04-25 13:48:06 - [TEST_STEP][PASSED] - acType = findTestData(dataFile).getValue("AcType", row): null

2023-04-25 13:48:06 - [TEST_STEP][PASSED] - rtn = findTestData(dataFile).getValue("RTN", row): null

2023-04-25 13:48:06 - [TEST_STEP][PASSED] - amount = findTestData(dataFile).getValue("Amount", row): null

2023-04-25 13:48:06 - [TEST_STEP][PASSED] - sec = findTestData(dataFile).getValue("SEC", row): null

2023-04-25 13:48:06 - [TEST_STEP][PASSED] - openBrowser(VLinkURL + "debit.html"): Browser is opened with url: 'https://dev-algorithm.govolution.com/vlinktest/demo/version_2_0/debit.html'

2023-04-25 13:48:06 - [MESSAGE][WARNING] - A browser is already opened. Closing browser and opening a new one

2023-04-25 13:48:07 - [MESSAGE][INFO] - Starting 'Chrome' driver

2023-04-25 13:48:07 - [MESSAGE][INFO] - User set preference: ['acceptInsecureCerts', 'true']

2023-04-25 13:48:07 - [MESSAGE][INFO] - Action delay is set to 0 milliseconds

2023-04-25 13:48:09 - [MESSAGE][PASSED] - Browser is opened with url: 'https://dev-algorithm.govolution.com/vlinktest/demo/version_2_0/debit.html'

2023-04-25 13:48:09 - [TEST_STEP][PASSED] - maximizeWindow(): Current window maximized

2023-04-25 13:48:09 - [MESSAGE][PASSED] - Current window maximized

2023-04-25 13:48:09 - [TEST_STEP][PASSED] - genRemID1 = random() * 99999).toInteger(): null

2023-04-25 13:48:09 - [TEST_STEP][PASSED] - genRemID2 = random() * 99999).toInteger(): null

2023-04-25 13:48:09 - [TEST_STEP][PASSED] - genRemID3 = random() * 99999).toInteger(): null

2023-04-25 13:48:09 - [TEST_STEP][PASSED] - println(genRemID1): null

2023-04-25 13:48:09 - [TEST_STEP][PASSED] - println(genRemID2): null

2023-04-25 13:48:09 - [TEST_STEP][PASSED] - println(genRemID3): null

2023-04-25 13:48:09 - [TEST_STEP][PASSED] - genRemID = genRemID1 + "|" + genRemID2 + "|" + genRemID3: null

2023-04-25 13:48:09 - [TEST_STEP][PASSED] - println(genRemID): null

2023-04-25 13:48:09 - [TEST_STEP][PASSED] - setText(findTestObject("RecAndPlayBk/Page-Vlink-Debit/input_Remittance Id"), genRemID): Text '16605|61141|53447' is set on object 'Object Repository/RecAndPlayBk/Page-Vlink-Debit/input_Remittance Id'

2023-04-25 13:48:10 - [MESSAGE][PASSED] - Text '16605|61141|53447' is set on object 'Object Repository/RecAndPlayBk/Page-Vlink-Debit/input_Remittance Id'

2023-04-25 13:48:10 - [TEST_STEP][PASSED] - setText(findTestObject("RecAndPlayBk/Page-Vlink-Debit/input_Application Id"), appID): Text '1773' is set on object 'Object Repository/RecAndPlayBk/Page-Vlink-Debit/input_Application Id'

2023-04-25 13:48:11 - [MESSAGE][PASSED] - Text '1773' is set on object 'Object Repository/RecAndPlayBk/Page-Vlink-Debit/input_Application Id'

2023-04-25 13:48:11 - [TEST_STEP][PASSED] - setText(findTestObject("RecAndPlayBk/Page-Vlink-Debit/input_Username"), username): Text 'Qq2BV1qtr' is set on object 'Object Repository/RecAndPlayBk/Page-Vlink-Debit/input_Username'

2023-04-25 13:48:11 - [MESSAGE][PASSED] - Text 'Qq2BV1qtr' is set on object 'Object Repository/RecAndPlayBk/Page-Vlink-Debit/input_Username'

2023-04-25 13:48:11 - [TEST_STEP][PASSED] - setText(findTestObject("RecAndPlayBk/Page-Vlink-Debit/input_Password"), password): Text 'tUmWBiLUx' is set on object 'Object Repository/RecAndPlayBk/Page-Vlink-Debit/input_Password'

2023-04-25 13:48:12 - [MESSAGE][PASSED] - Text 'tUmWBiLUx' is set on object 'Object Repository/RecAndPlayBk/Page-Vlink-Debit/input_Password'

2023-04-25 13:48:12 - [TEST_STEP][PASSED] - setText(findTestObject("RecAndPlayBk/Page-Vlink-Debit/input_Check Type"), checkType): Text 'P' is set on object 'Object Repository/RecAndPlayBk/Page-Vlink-Debit/input_Check Type'

2023-04-25 13:48:13 - [MESSAGE][PASSED] - Text 'P' is set on object 'Object Repository/RecAndPlayBk/Page-Vlink-Debit/input_Check Type'

2023-04-25 13:48:13 - [TEST_STEP][PASSED] - setText(findTestObject("RecAndPlayBk/Page-Vlink-Debit/input_Account_check"), acNumber): Text '58963214' is set on object 'Object Repository/RecAndPlayBk/Page-Vlink-Debit/input_Account_check'

2023-04-25 13:48:13 - [MESSAGE][PASSED] - Text '58963214' is set on object 'Object Repository/RecAndPlayBk/Page-Vlink-Debit/input_Account_check'

2023-04-25 13:48:13 - [TEST_STEP][PASSED] - setText(findTestObject("RecAndPlayBk/Page-Vlink-Debit/input_Company_check"), company): Text '' is set on object 'Object Repository/RecAndPlayBk/Page-Vlink-Debit/input_Company_check'

2023-04-25 13:48:14 - [MESSAGE][PASSED] - Text '' is set on object 'Object Repository/RecAndPlayBk/Page-Vlink-Debit/input_Company_check'

2023-04-25 13:48:14 - [TEST_STEP][PASSED] - setText(findTestObject("RecAndPlayBk/Page-Vlink-Debit/input_Account Type"), acType): Text '2' is set on object 'Object Repository/RecAndPlayBk/Page-Vlink-Debit/input_Account Type'

2023-04-25 13:48:15 - [MESSAGE][PASSED] - Text '2' is set on object 'Object Repository/RecAndPlayBk/Page-Vlink-Debit/input_Account Type'

2023-04-25 13:48:15 - [TEST_STEP][PASSED] - setText(findTestObject("RecAndPlayBk/Page-Vlink-Debit/input_Routing Number"), rtn): Text '256072691' is set on object 'Object Repository/RecAndPlayBk/Page-Vlink-Debit/input_Routing Number'

2023-04-25 13:48:15 - [MESSAGE][PASSED] - Text '256072691' is set on object 'Object Repository/RecAndPlayBk/Page-Vlink-Debit/input_Routing Number'

2023-04-25 13:48:15 - [TEST_STEP][PASSED] - setText(findTestObject("RecAndPlayBk/Page-Vlink-Debit/input_Amount"), amount): Text '12.50' is set on object 'Object Repository/RecAndPlayBk/Page-Vlink-Debit/input_Amount'

2023-04-25 13:48:16 - [MESSAGE][PASSED] - Text '12.50' is set on object 'Object Repository/RecAndPlayBk/Page-Vlink-Debit/input_Amount'

2023-04-25 13:48:16 - [TEST_STEP][PASSED] - setText(findTestObject("RecAndPlayBk/Page-Vlink-Debit/input_Check Email"), ""): Text '' is set on object 'Object Repository/RecAndPlayBk/Page-Vlink-Debit/input_Check Email'

2023-04-25 13:48:16 - [MESSAGE][PASSED] - Text '' is set on object 'Object Repository/RecAndPlayBk/Page-Vlink-Debit/input_Check Email'

2023-04-25 13:48:16 - [TEST_STEP][PASSED] - setText(findTestObject("Object Repository/RecAndPlayBk/Page-Vlink-Debit/input_concat(CheckWriter, , s SSN)_check_ssn"), ""): Text '' is set on object 'Object Repository/RecAndPlayBk/Page-Vlink-Debit/input_concat(CheckWriter, , s SSN)_check_ssn'

2023-04-25 13:48:17 - [MESSAGE][PASSED] - Text '' is set on object 'Object Repository/RecAndPlayBk/Page-Vlink-Debit/input_concat(CheckWriter, , s SSN)_check_ssn'

2023-04-25 13:48:17 - [TEST_STEP][PASSED] - setText(findTestObject("Object Repository/RecAndPlayBk/Page-Vlink-Debit/input_concat(CheckWriter, , s License Numbe_020fef"), ""): Text '' is set on object 'Object Repository/RecAndPlayBk/Page-Vlink-Debit/input_concat(CheckWriter, , s License Numbe_020fef'

2023-04-25 13:48:18 - [MESSAGE][PASSED] - Text '' is set on object 'Object Repository/RecAndPlayBk/Page-Vlink-Debit/input_concat(CheckWriter, , s License Numbe_020fef'

2023-04-25 13:48:18 - [TEST_STEP][PASSED] - setText(findTestObject("Object Repository/RecAndPlayBk/Page-Vlink-Debit/input_concat(CheckWriter, , s License State_21e3e7"), ""): Text '' is set on object 'Object Repository/RecAndPlayBk/Page-Vlink-Debit/input_concat(CheckWriter, , s License State_21e3e7'

2023-04-25 13:48:18 - [MESSAGE][PASSED] - Text '' is set on object 'Object Repository/RecAndPlayBk/Page-Vlink-Debit/input_concat(CheckWriter, , s License State_21e3e7'

2023-04-25 13:48:18 - [TEST_STEP][PASSED] - setText(findTestObject("RecAndPlayBk/Page-Vlink-Debit/input_Standard Entry Class"), sec): Text 'TEL' is set on object 'Object Repository/RecAndPlayBk/Page-Vlink-Debit/input_Standard Entry Class'

2023-04-25 13:48:19 - [MESSAGE][PASSED] - Text 'TEL' is set on object 'Object Repository/RecAndPlayBk/Page-Vlink-Debit/input_Standard Entry Class'

2023-04-25 13:48:19 - [TEST_STEP][PASSED] - click(findTestObject("Object Repository/RecAndPlayBk/Page-Vlink-Debit/input")): Object: 'Object Repository/RecAndPlayBk/Page-Vlink-Debit/input' is clicked on

2023-04-25 13:48:20 - [MESSAGE][PASSED] - Object: 'Object Repository/RecAndPlayBk/Page-Vlink-Debit/input' is clicked on

2023-04-25 13:48:20 - [TEST_STEP][PASSED] - if (verifyTextPresent("Transaction approved, no errors", true)): null

2023-04-25 13:48:20 - [MESSAGE][PASSED] - Text 'Transaction approved, no errors' is present on page  using regular expression

2023-04-25 13:48:20 - [TEST_STEP][PASSED] - println("Transaction Approved, no errors text is present on the Confirmation page"): null

2023-04-25 13:48:20 - [TEST_STEP][PASSED] - out.println("Pass Record Number: " + row): null

2023-04-25 13:48:20 - [TEST_STEP][PASSED] - resText = "Pass": null

2023-04-25 13:48:20 - [TEST_STEP][PASSED] - pages.WriteExcel.demoKey(resText, datText, resColumn, datCloumn, fileLoc, nameSheet, row): pages.WriteExcel.demoKey is PASSED

2023-04-25 13:48:20 - [MESSAGE][PASSED] - pages.WriteExcel.demoKey is PASSED

2023-04-25 13:48:20 - [TEST_STEP][PASSED] - ExecuteTC = findTestData(dataFile).getValue("Execute", row): null

2023-04-25 13:48:20 - [TEST_STEP][PASSED] - out.println("Value of Execute is : " + ExecuteTC): null

2023-04-25 13:48:20 - [TEST_STEP][PASSED] - switch (executionProfile): null

2023-04-25 13:48:20 - [TEST_STEP][PASSED] - case "DemoProfile":: null

2023-04-25 13:48:20 - [TEST_STEP][PASSED] - appID = findTestData(dataFile).getValue("AppIDDemo", row): null

2023-04-25 13:48:20 - [TEST_STEP][PASSED] - username = findTestData(dataFile).getValue("UsernameDemo", row): null

2023-04-25 13:48:20 - [TEST_STEP][PASSED] - password = findTestData(dataFile).getValue("PasswordDemo", row): null

2023-04-25 13:48:20 - [TEST_STEP][PASSED] - break: null

2023-04-25 13:48:20 - [TEST_STEP][PASSED] - if (ExecuteTC.equalsIgnoreCase("Y")): null

2023-04-25 13:48:20 - [TEST_STEP][PASSED] - out.println("Begin Record Number: " + row): null

2023-04-25 13:48:20 - [TEST_STEP][PASSED] - today = new java.util.Date(): null

2023-04-25 13:48:20 - [TEST_STEP][PASSED] - println(today): null

2023-04-25 13:48:20 - [TEST_STEP][PASSED] - datText = today: null

2023-04-25 13:48:20 - [TEST_STEP][PASSED] - checkType = findTestData(dataFile).getValue("CheckType", row): null

2023-04-25 13:48:20 - [TEST_STEP][PASSED] - acNumber = findTestData(dataFile).getValue("AcNumber", row): null

2023-04-25 13:48:21 - [TEST_STEP][PASSED] - company = findTestData(dataFile).getValue("Company", row): null

2023-04-25 13:48:21 - [TEST_STEP][PASSED] - acType = findTestData(dataFile).getValue("AcType", row): null

2023-04-25 13:48:21 - [TEST_STEP][PASSED] - rtn = findTestData(dataFile).getValue("RTN", row): null

2023-04-25 13:48:21 - [TEST_STEP][PASSED] - amount = findTestData(dataFile).getValue("Amount", row): null

2023-04-25 13:48:21 - [TEST_STEP][PASSED] - sec = findTestData(dataFile).getValue("SEC", row): null

2023-04-25 13:48:21 - [TEST_STEP][PASSED] - openBrowser(VLinkURL + "debit.html"): Browser is opened with url: 'https://dev-algorithm.govolution.com/vlinktest/demo/version_2_0/debit.html'

2023-04-25 13:48:21 - [MESSAGE][WARNING] - A browser is already opened. Closing browser and opening a new one

2023-04-25 13:48:22 - [MESSAGE][INFO] - Starting 'Chrome' driver

2023-04-25 13:48:22 - [MESSAGE][INFO] - User set preference: ['acceptInsecureCerts', 'true']

2023-04-25 13:48:22 - [MESSAGE][INFO] - Action delay is set to 0 milliseconds

2023-04-25 13:48:23 - [MESSAGE][PASSED] - Browser is opened with url: 'https://dev-algorithm.govolution.com/vlinktest/demo/version_2_0/debit.html'

2023-04-25 13:48:23 - [TEST_STEP][PASSED] - maximizeWindow(): Current window maximized

2023-04-25 13:48:24 - [MESSAGE][PASSED] - Current window maximized

2023-04-25 13:48:24 - [TEST_STEP][PASSED] - genRemID1 = random() * 99999).toInteger(): null

2023-04-25 13:48:24 - [TEST_STEP][PASSED] - genRemID2 = random() * 99999).toInteger(): null

2023-04-25 13:48:24 - [TEST_STEP][PASSED] - genRemID3 = random() * 99999).toInteger(): null

2023-04-25 13:48:24 - [TEST_STEP][PASSED] - println(genRemID1): null

2023-04-25 13:48:24 - [TEST_STEP][PASSED] - println(genRemID2): null

2023-04-25 13:48:24 - [TEST_STEP][PASSED] - println(genRemID3): null

2023-04-25 13:48:24 - [TEST_STEP][PASSED] - genRemID = genRemID1 + "|" + genRemID2 + "|" + genRemID3: null

2023-04-25 13:48:24 - [TEST_STEP][PASSED] - println(genRemID): null

2023-04-25 13:48:24 - [TEST_STEP][PASSED] - setText(findTestObject("RecAndPlayBk/Page-Vlink-Debit/input_Remittance Id"), genRemID): Text '55352|92085|73283' is set on object 'Object Repository/RecAndPlayBk/Page-Vlink-Debit/input_Remittance Id'

2023-04-25 13:48:24 - [MESSAGE][PASSED] - Text '55352|92085|73283' is set on object 'Object Repository/RecAndPlayBk/Page-Vlink-Debit/input_Remittance Id'

2023-04-25 13:48:24 - [TEST_STEP][PASSED] - setText(findTestObject("RecAndPlayBk/Page-Vlink-Debit/input_Application Id"), appID): Text '1773' is set on object 'Object Repository/RecAndPlayBk/Page-Vlink-Debit/input_Application Id'

2023-04-25 13:48:25 - [MESSAGE][PASSED] - Text '1773' is set on object 'Object Repository/RecAndPlayBk/Page-Vlink-Debit/input_Application Id'

2023-04-25 13:48:25 - [TEST_STEP][PASSED] - setText(findTestObject("RecAndPlayBk/Page-Vlink-Debit/input_Username"), username): Text 'Qq2BV1qtr' is set on object 'Object Repository/RecAndPlayBk/Page-Vlink-Debit/input_Username'

2023-04-25 13:48:26 - [MESSAGE][PASSED] - Text 'Qq2BV1qtr' is set on object 'Object Repository/RecAndPlayBk/Page-Vlink-Debit/input_Username'

2023-04-25 13:48:26 - [TEST_STEP][PASSED] - setText(findTestObject("RecAndPlayBk/Page-Vlink-Debit/input_Password"), password): Text 'tUmWBiLUx' is set on object 'Object Repository/RecAndPlayBk/Page-Vlink-Debit/input_Password'

2023-04-25 13:48:26 - [MESSAGE][PASSED] - Text 'tUmWBiLUx' is set on object 'Object Repository/RecAndPlayBk/Page-Vlink-Debit/input_Password'

2023-04-25 13:48:26 - [TEST_STEP][PASSED] - setText(findTestObject("RecAndPlayBk/Page-Vlink-Debit/input_Check Type"), checkType): Text 'P' is set on object 'Object Repository/RecAndPlayBk/Page-Vlink-Debit/input_Check Type'

2023-04-25 13:48:27 - [MESSAGE][PASSED] - Text 'P' is set on object 'Object Repository/RecAndPlayBk/Page-Vlink-Debit/input_Check Type'

2023-04-25 13:48:27 - [TEST_STEP][PASSED] - setText(findTestObject("RecAndPlayBk/Page-Vlink-Debit/input_Account_check"), acNumber): Text '58963214' is set on object 'Object Repository/RecAndPlayBk/Page-Vlink-Debit/input_Account_check'

2023-04-25 13:48:28 - [MESSAGE][PASSED] - Text '58963214' is set on object 'Object Repository/RecAndPlayBk/Page-Vlink-Debit/input_Account_check'

2023-04-25 13:48:28 - [TEST_STEP][PASSED] - setText(findTestObject("RecAndPlayBk/Page-Vlink-Debit/input_Company_check"), company): Text '' is set on object 'Object Repository/RecAndPlayBk/Page-Vlink-Debit/input_Company_check'

2023-04-25 13:48:28 - [MESSAGE][PASSED] - Text '' is set on object 'Object Repository/RecAndPlayBk/Page-Vlink-Debit/input_Company_check'

2023-04-25 13:48:28 - [TEST_STEP][PASSED] - setText(findTestObject("RecAndPlayBk/Page-Vlink-Debit/input_Account Type"), acType): Text '2' is set on object 'Object Repository/RecAndPlayBk/Page-Vlink-Debit/input_Account Type'

2023-04-25 13:48:29 - [MESSAGE][PASSED] - Text '2' is set on object 'Object Repository/RecAndPlayBk/Page-Vlink-Debit/input_Account Type'

2023-04-25 13:48:29 - [TEST_STEP][PASSED] - setText(findTestObject("RecAndPlayBk/Page-Vlink-Debit/input_Routing Number"), rtn): Text '256072691' is set on object 'Object Repository/RecAndPlayBk/Page-Vlink-Debit/input_Routing Number'

2023-04-25 13:48:29 - [MESSAGE][PASSED] - Text '256072691' is set on object 'Object Repository/RecAndPlayBk/Page-Vlink-Debit/input_Routing Number'

2023-04-25 13:48:29 - [TEST_STEP][PASSED] - setText(findTestObject("RecAndPlayBk/Page-Vlink-Debit/input_Amount"), amount): Text '12.50' is set on object 'Object Repository/RecAndPlayBk/Page-Vlink-Debit/input_Amount'

2023-04-25 13:48:30 - [MESSAGE][PASSED] - Text '12.50' is set on object 'Object Repository/RecAndPlayBk/Page-Vlink-Debit/input_Amount'

2023-04-25 13:48:30 - [TEST_STEP][PASSED] - setText(findTestObject("RecAndPlayBk/Page-Vlink-Debit/input_Check Email"), ""): Text '' is set on object 'Object Repository/RecAndPlayBk/Page-Vlink-Debit/input_Check Email'

2023-04-25 13:48:31 - [MESSAGE][PASSED] - Text '' is set on object 'Object Repository/RecAndPlayBk/Page-Vlink-Debit/input_Check Email'

2023-04-25 13:48:31 - [TEST_STEP][PASSED] - setText(findTestObject("Object Repository/RecAndPlayBk/Page-Vlink-Debit/input_concat(CheckWriter, , s SSN)_check_ssn"), ""): Text '' is set on object 'Object Repository/RecAndPlayBk/Page-Vlink-Debit/input_concat(CheckWriter, , s SSN)_check_ssn'

2023-04-25 13:48:31 - [MESSAGE][PASSED] - Text '' is set on object 'Object Repository/RecAndPlayBk/Page-Vlink-Debit/input_concat(CheckWriter, , s SSN)_check_ssn'

2023-04-25 13:48:31 - [TEST_STEP][PASSED] - setText(findTestObject("Object Repository/RecAndPlayBk/Page-Vlink-Debit/input_concat(CheckWriter, , s License Numbe_020fef"), ""): Text '' is set on object 'Object Repository/RecAndPlayBk/Page-Vlink-Debit/input_concat(CheckWriter, , s License Numbe_020fef'

2023-04-25 13:48:32 - [MESSAGE][PASSED] - Text '' is set on object 'Object Repository/RecAndPlayBk/Page-Vlink-Debit/input_concat(CheckWriter, , s License Numbe_020fef'

2023-04-25 13:48:32 - [TEST_STEP][PASSED] - setText(findTestObject("Object Repository/RecAndPlayBk/Page-Vlink-Debit/input_concat(CheckWriter, , s License State_21e3e7"), ""): Text '' is set on object 'Object Repository/RecAndPlayBk/Page-Vlink-Debit/input_concat(CheckWriter, , s License State_21e3e7'

2023-04-25 13:48:32 - [MESSAGE][PASSED] - Text '' is set on object 'Object Repository/RecAndPlayBk/Page-Vlink-Debit/input_concat(CheckWriter, , s License State_21e3e7'

2023-04-25 13:48:32 - [TEST_STEP][PASSED] - setText(findTestObject("RecAndPlayBk/Page-Vlink-Debit/input_Standard Entry Class"), sec): Text 'PPD' is set on object 'Object Repository/RecAndPlayBk/Page-Vlink-Debit/input_Standard Entry Class'

2023-04-25 13:48:33 - [MESSAGE][PASSED] - Text 'PPD' is set on object 'Object Repository/RecAndPlayBk/Page-Vlink-Debit/input_Standard Entry Class'

2023-04-25 13:48:33 - [TEST_STEP][PASSED] - click(findTestObject("Object Repository/RecAndPlayBk/Page-Vlink-Debit/input")): Object: 'Object Repository/RecAndPlayBk/Page-Vlink-Debit/input' is clicked on

2023-04-25 13:48:34 - [MESSAGE][PASSED] - Object: 'Object Repository/RecAndPlayBk/Page-Vlink-Debit/input' is clicked on

2023-04-25 13:48:34 - [TEST_STEP][PASSED] - if (verifyTextPresent("Transaction approved, no errors", true)): null

2023-04-25 13:48:34 - [MESSAGE][PASSED] - Text 'Transaction approved, no errors' is present on page  using regular expression

2023-04-25 13:48:34 - [TEST_STEP][PASSED] - println("Transaction Approved, no errors text is present on the Confirmation page"): null

2023-04-25 13:48:34 - [TEST_STEP][PASSED] - out.println("Pass Record Number: " + row): null

2023-04-25 13:48:34 - [TEST_STEP][PASSED] - resText = "Pass": null

2023-04-25 13:48:34 - [TEST_STEP][PASSED] - pages.WriteExcel.demoKey(resText, datText, resColumn, datCloumn, fileLoc, nameSheet, row): pages.WriteExcel.demoKey is PASSED

2023-04-25 13:48:34 - [MESSAGE][PASSED] - pages.WriteExcel.demoKey is PASSED

2023-04-25 13:48:34 - [TEST_STEP][PASSED] - ExecuteTC = findTestData(dataFile).getValue("Execute", row): null

2023-04-25 13:48:34 - [TEST_STEP][PASSED] - out.println("Value of Execute is : " + ExecuteTC): null

2023-04-25 13:48:34 - [TEST_STEP][PASSED] - switch (executionProfile): null

2023-04-25 13:48:34 - [TEST_STEP][PASSED] - case "DemoProfile":: null

2023-04-25 13:48:34 - [TEST_STEP][PASSED] - appID = findTestData(dataFile).getValue("AppIDDemo", row): null

2023-04-25 13:48:34 - [TEST_STEP][PASSED] - username = findTestData(dataFile).getValue("UsernameDemo", row): null

2023-04-25 13:48:34 - [TEST_STEP][PASSED] - password = findTestData(dataFile).getValue("PasswordDemo", row): null

2023-04-25 13:48:34 - [TEST_STEP][PASSED] - break: null

2023-04-25 13:48:34 - [TEST_STEP][PASSED] - if (ExecuteTC.equalsIgnoreCase("Y")): null

2023-04-25 13:48:34 - [TEST_STEP][PASSED] - out.println("Begin Record Number: " + row): null

2023-04-25 13:48:34 - [TEST_STEP][PASSED] - today = new java.util.Date(): null

2023-04-25 13:48:34 - [TEST_STEP][PASSED] - println(today): null

2023-04-25 13:48:34 - [TEST_STEP][PASSED] - datText = today: null

2023-04-25 13:48:34 - [TEST_STEP][PASSED] - checkType = findTestData(dataFile).getValue("CheckType", row): null

2023-04-25 13:48:34 - [TEST_STEP][PASSED] - acNumber = findTestData(dataFile).getValue("AcNumber", row): null

2023-04-25 13:48:34 - [TEST_STEP][PASSED] - company = findTestData(dataFile).getValue("Company", row): null

2023-04-25 13:48:35 - [TEST_STEP][PASSED] - acType = findTestData(dataFile).getValue("AcType", row): null

2023-04-25 13:48:35 - [TEST_STEP][PASSED] - rtn = findTestData(dataFile).getValue("RTN", row): null

2023-04-25 13:48:35 - [TEST_STEP][PASSED] - amount = findTestData(dataFile).getValue("Amount", row): null

2023-04-25 13:48:35 - [TEST_STEP][PASSED] - sec = findTestData(dataFile).getValue("SEC", row): null

2023-04-25 13:48:35 - [TEST_STEP][PASSED] - openBrowser(VLinkURL + "debit.html"): Browser is opened with url: 'https://dev-algorithm.govolution.com/vlinktest/demo/version_2_0/debit.html'

2023-04-25 13:48:35 - [MESSAGE][WARNING] - A browser is already opened. Closing browser and opening a new one

2023-04-25 13:48:36 - [MESSAGE][INFO] - Starting 'Chrome' driver

2023-04-25 13:48:36 - [MESSAGE][INFO] - User set preference: ['acceptInsecureCerts', 'true']

2023-04-25 13:48:36 - [MESSAGE][INFO] - Action delay is set to 0 milliseconds

2023-04-25 13:48:38 - [MESSAGE][PASSED] - Browser is opened with url: 'https://dev-algorithm.govolution.com/vlinktest/demo/version_2_0/debit.html'

2023-04-25 13:48:38 - [TEST_STEP][PASSED] - maximizeWindow(): Current window maximized

2023-04-25 13:48:38 - [MESSAGE][PASSED] - Current window maximized

2023-04-25 13:48:38 - [TEST_STEP][PASSED] - genRemID1 = random() * 99999).toInteger(): null

2023-04-25 13:48:38 - [TEST_STEP][PASSED] - genRemID2 = random() * 99999).toInteger(): null

2023-04-25 13:48:38 - [TEST_STEP][PASSED] - genRemID3 = random() * 99999).toInteger(): null

2023-04-25 13:48:38 - [TEST_STEP][PASSED] - println(genRemID1): null

2023-04-25 13:48:38 - [TEST_STEP][PASSED] - println(genRemID2): null

2023-04-25 13:48:38 - [TEST_STEP][PASSED] - println(genRemID3): null

2023-04-25 13:48:38 - [TEST_STEP][PASSED] - genRemID = genRemID1 + "|" + genRemID2 + "|" + genRemID3: null

2023-04-25 13:48:38 - [TEST_STEP][PASSED] - println(genRemID): null

2023-04-25 13:48:38 - [TEST_STEP][PASSED] - setText(findTestObject("RecAndPlayBk/Page-Vlink-Debit/input_Remittance Id"), genRemID): Text '66432|49412|84377' is set on object 'Object Repository/RecAndPlayBk/Page-Vlink-Debit/input_Remittance Id'

2023-04-25 13:48:38 - [MESSAGE][PASSED] - Text '66432|49412|84377' is set on object 'Object Repository/RecAndPlayBk/Page-Vlink-Debit/input_Remittance Id'

2023-04-25 13:48:38 - [TEST_STEP][PASSED] - setText(findTestObject("RecAndPlayBk/Page-Vlink-Debit/input_Application Id"), appID): Text '1773' is set on object 'Object Repository/RecAndPlayBk/Page-Vlink-Debit/input_Application Id'

2023-04-25 13:48:39 - [MESSAGE][PASSED] - Text '1773' is set on object 'Object Repository/RecAndPlayBk/Page-Vlink-Debit/input_Application Id'

2023-04-25 13:48:39 - [TEST_STEP][PASSED] - setText(findTestObject("RecAndPlayBk/Page-Vlink-Debit/input_Username"), username): Text 'Qq2BV1qtr' is set on object 'Object Repository/RecAndPlayBk/Page-Vlink-Debit/input_Username'

2023-04-25 13:48:40 - [MESSAGE][PASSED] - Text 'Qq2BV1qtr' is set on object 'Object Repository/RecAndPlayBk/Page-Vlink-Debit/input_Username'

2023-04-25 13:48:40 - [TEST_STEP][PASSED] - setText(findTestObject("RecAndPlayBk/Page-Vlink-Debit/input_Password"), password): Text 'tUmWBiLUx' is set on object 'Object Repository/RecAndPlayBk/Page-Vlink-Debit/input_Password'

2023-04-25 13:48:40 - [MESSAGE][PASSED] - Text 'tUmWBiLUx' is set on object 'Object Repository/RecAndPlayBk/Page-Vlink-Debit/input_Password'

2023-04-25 13:48:40 - [TEST_STEP][PASSED] - setText(findTestObject("RecAndPlayBk/Page-Vlink-Debit/input_Check Type"), checkType): Text 'C' is set on object 'Object Repository/RecAndPlayBk/Page-Vlink-Debit/input_Check Type'

2023-04-25 13:48:41 - [MESSAGE][PASSED] - Text 'C' is set on object 'Object Repository/RecAndPlayBk/Page-Vlink-Debit/input_Check Type'

2023-04-25 13:48:41 - [TEST_STEP][PASSED] - setText(findTestObject("RecAndPlayBk/Page-Vlink-Debit/input_Account_check"), acNumber): Text '58963214' is set on object 'Object Repository/RecAndPlayBk/Page-Vlink-Debit/input_Account_check'

2023-04-25 13:48:42 - [MESSAGE][PASSED] - Text '58963214' is set on object 'Object Repository/RecAndPlayBk/Page-Vlink-Debit/input_Account_check'

2023-04-25 13:48:42 - [TEST_STEP][PASSED] - setText(findTestObject("RecAndPlayBk/Page-Vlink-Debit/input_Company_check"), company): Text 'My Company' is set on object 'Object Repository/RecAndPlayBk/Page-Vlink-Debit/input_Company_check'

2023-04-25 13:48:42 - [MESSAGE][PASSED] - Text 'My Company' is set on object 'Object Repository/RecAndPlayBk/Page-Vlink-Debit/input_Company_check'

2023-04-25 13:48:42 - [TEST_STEP][PASSED] - setText(findTestObject("RecAndPlayBk/Page-Vlink-Debit/input_Account Type"), acType): Text '' is set on object 'Object Repository/RecAndPlayBk/Page-Vlink-Debit/input_Account Type'

2023-04-25 13:48:43 - [MESSAGE][PASSED] - Text '' is set on object 'Object Repository/RecAndPlayBk/Page-Vlink-Debit/input_Account Type'

2023-04-25 13:48:43 - [TEST_STEP][PASSED] - setText(findTestObject("RecAndPlayBk/Page-Vlink-Debit/input_Routing Number"), rtn): Text '256072691' is set on object 'Object Repository/RecAndPlayBk/Page-Vlink-Debit/input_Routing Number'

2023-04-25 13:48:43 - [MESSAGE][PASSED] - Text '256072691' is set on object 'Object Repository/RecAndPlayBk/Page-Vlink-Debit/input_Routing Number'

2023-04-25 13:48:43 - [TEST_STEP][PASSED] - setText(findTestObject("RecAndPlayBk/Page-Vlink-Debit/input_Amount"), amount): Text '12.50' is set on object 'Object Repository/RecAndPlayBk/Page-Vlink-Debit/input_Amount'

2023-04-25 13:48:44 - [MESSAGE][PASSED] - Text '12.50' is set on object 'Object Repository/RecAndPlayBk/Page-Vlink-Debit/input_Amount'

2023-04-25 13:48:44 - [TEST_STEP][PASSED] - setText(findTestObject("RecAndPlayBk/Page-Vlink-Debit/input_Check Email"), ""): Text '' is set on object 'Object Repository/RecAndPlayBk/Page-Vlink-Debit/input_Check Email'

2023-04-25 13:48:45 - [MESSAGE][PASSED] - Text '' is set on object 'Object Repository/RecAndPlayBk/Page-Vlink-Debit/input_Check Email'

2023-04-25 13:48:45 - [TEST_STEP][PASSED] - setText(findTestObject("Object Repository/RecAndPlayBk/Page-Vlink-Debit/input_concat(CheckWriter, , s SSN)_check_ssn"), ""): Text '' is set on object 'Object Repository/RecAndPlayBk/Page-Vlink-Debit/input_concat(CheckWriter, , s SSN)_check_ssn'

2023-04-25 13:48:45 - [MESSAGE][PASSED] - Text '' is set on object 'Object Repository/RecAndPlayBk/Page-Vlink-Debit/input_concat(CheckWriter, , s SSN)_check_ssn'

2023-04-25 13:48:45 - [TEST_STEP][PASSED] - setText(findTestObject("Object Repository/RecAndPlayBk/Page-Vlink-Debit/input_concat(CheckWriter, , s License Numbe_020fef"), ""): Text '' is set on object 'Object Repository/RecAndPlayBk/Page-Vlink-Debit/input_concat(CheckWriter, , s License Numbe_020fef'

2023-04-25 13:48:46 - [MESSAGE][PASSED] - Text '' is set on object 'Object Repository/RecAndPlayBk/Page-Vlink-Debit/input_concat(CheckWriter, , s License Numbe_020fef'

2023-04-25 13:48:46 - [TEST_STEP][PASSED] - setText(findTestObject("Object Repository/RecAndPlayBk/Page-Vlink-Debit/input_concat(CheckWriter, , s License State_21e3e7"), ""): Text '' is set on object 'Object Repository/RecAndPlayBk/Page-Vlink-Debit/input_concat(CheckWriter, , s License State_21e3e7'

2023-04-25 13:48:46 - [MESSAGE][PASSED] - Text '' is set on object 'Object Repository/RecAndPlayBk/Page-Vlink-Debit/input_concat(CheckWriter, , s License State_21e3e7'

2023-04-25 13:48:46 - [TEST_STEP][PASSED] - setText(findTestObject("RecAndPlayBk/Page-Vlink-Debit/input_Standard Entry Class"), sec): Text 'CCD' is set on object 'Object Repository/RecAndPlayBk/Page-Vlink-Debit/input_Standard Entry Class'

2023-04-25 13:48:47 - [MESSAGE][PASSED] - Text 'CCD' is set on object 'Object Repository/RecAndPlayBk/Page-Vlink-Debit/input_Standard Entry Class'

2023-04-25 13:48:47 - [TEST_STEP][PASSED] - click(findTestObject("Object Repository/RecAndPlayBk/Page-Vlink-Debit/input")): Object: 'Object Repository/RecAndPlayBk/Page-Vlink-Debit/input' is clicked on

2023-04-25 13:48:48 - [MESSAGE][PASSED] - Object: 'Object Repository/RecAndPlayBk/Page-Vlink-Debit/input' is clicked on

2023-04-25 13:48:48 - [TEST_STEP][PASSED] - if (verifyTextPresent("Transaction approved, no errors", true)): null

2023-04-25 13:48:48 - [MESSAGE][PASSED] - Text 'Transaction approved, no errors' is present on page  using regular expression

2023-04-25 13:48:48 - [TEST_STEP][PASSED] - println("Transaction Approved, no errors text is present on the Confirmation page"): null

2023-04-25 13:48:48 - [TEST_STEP][PASSED] - out.println("Pass Record Number: " + row): null

2023-04-25 13:48:48 - [TEST_STEP][PASSED] - resText = "Pass": null

2023-04-25 13:48:48 - [TEST_STEP][PASSED] - pages.WriteExcel.demoKey(resText, datText, resColumn, datCloumn, fileLoc, nameSheet, row): pages.WriteExcel.demoKey is PASSED

2023-04-25 13:48:48 - [MESSAGE][PASSED] - pages.WriteExcel.demoKey is PASSED]]></system-out>
         <system-err><![CDATA[]]></system-err>
      </testcase>
      <testcase name="Test Cases/RecAndPlayBk/VLink/Debit-Void-RemID-Pipe" time="165.115" classname="Test Cases/RecAndPlayBk/VLink/Debit-Void-RemID-Pipe" status="PASSED">
         <system-out><![CDATA[2023-04-25 13:48:48 - [TEST_CASE][PASSED] - Test Cases/RecAndPlayBk/VLink/Debit-Void-RemID-Pipe: Test Cases/RecAndPlayBk/VLink/Debit-Void-RemID-Pipe

2023-04-25 13:48:49 - [TEST_STEP][PASSED] - executionProfile = getExecutionProfile(): null

2023-04-25 13:48:49 - [TEST_STEP][PASSED] - out.println("executionProfile : " + executionProfile): null

2023-04-25 13:48:49 - [TEST_STEP][PASSED] - resText = "Fail": null

2023-04-25 13:48:49 - [TEST_STEP][PASSED] - resColumn = "Result": null

2023-04-25 13:48:49 - [TEST_STEP][PASSED] - datCloumn = "Date": null

2023-04-25 13:48:49 - [TEST_STEP][PASSED] - fileLoc = "KatalonData/VLinkSmokeDataACH.xlsx": null

2023-04-25 13:48:49 - [TEST_STEP][PASSED] - numOfRows = <not implemented yet for class: org.codehaus.groovy.ast.expr.EmptyExpression>: null

2023-04-25 13:48:49 - [TEST_STEP][PASSED] - dataFile = <not implemented yet for class: org.codehaus.groovy.ast.expr.EmptyExpression>: null

2023-04-25 13:48:49 - [TEST_STEP][PASSED] - nameSheet = <not implemented yet for class: org.codehaus.groovy.ast.expr.EmptyExpression>: null

2023-04-25 13:48:49 - [TEST_STEP][PASSED] - nameSheet = "DebitVoid-RemID-Pipe": null

2023-04-25 13:48:49 - [TEST_STEP][PASSED] - numOfRows = findTestData("QA/VLinkTestData/VLinkDebitVoidRemIDPipeData").getRowNumbers(): null

2023-04-25 13:48:49 - [TEST_STEP][PASSED] - println("Number of Records: " + numOfRows): null

2023-04-25 13:48:49 - [TEST_STEP][PASSED] - dataFile = "QA/VLinkTestData/VLinkDebitVoidRemIDPipeData": null

2023-04-25 13:48:49 - [TEST_STEP][PASSED] - for ([row = 1, row <= numOfRows, (row++)]): null

2023-04-25 13:48:49 - [TEST_STEP][PASSED] - ExecuteTC = findTestData(dataFile).getValue("Execute", row): null

2023-04-25 13:48:49 - [TEST_STEP][PASSED] - out.println("Value of Execute is : " + ExecuteTC): null

2023-04-25 13:48:49 - [TEST_STEP][PASSED] - switch (executionProfile): null

2023-04-25 13:48:49 - [TEST_STEP][PASSED] - case "DemoProfile":: null

2023-04-25 13:48:49 - [TEST_STEP][PASSED] - appID = findTestData(dataFile).getValue("AppIDDemo", row): null

2023-04-25 13:48:49 - [TEST_STEP][PASSED] - username = findTestData(dataFile).getValue("UsernameDemo", row): null

2023-04-25 13:48:49 - [TEST_STEP][PASSED] - password = findTestData(dataFile).getValue("PasswordDemo", row): null

2023-04-25 13:48:49 - [TEST_STEP][PASSED] - break: null

2023-04-25 13:48:49 - [TEST_STEP][PASSED] - if (ExecuteTC.equalsIgnoreCase("Y")): null

2023-04-25 13:48:49 - [TEST_STEP][PASSED] - out.println("Begin Record Number: " + row): null

2023-04-25 13:48:49 - [TEST_STEP][PASSED] - today = new java.util.Date(): null

2023-04-25 13:48:49 - [TEST_STEP][PASSED] - println(today): null

2023-04-25 13:48:49 - [TEST_STEP][PASSED] - datText = today: null

2023-04-25 13:48:49 - [TEST_STEP][PASSED] - checkType = findTestData(dataFile).getValue("CheckType", row): null

2023-04-25 13:48:49 - [TEST_STEP][PASSED] - acNumber = findTestData(dataFile).getValue("AcNumber", row): null

2023-04-25 13:48:49 - [TEST_STEP][PASSED] - company = findTestData(dataFile).getValue("Company", row): null

2023-04-25 13:48:49 - [TEST_STEP][PASSED] - acType = findTestData(dataFile).getValue("AcType", row): null

2023-04-25 13:48:49 - [TEST_STEP][PASSED] - rtn = findTestData(dataFile).getValue("RTN", row): null

2023-04-25 13:48:49 - [TEST_STEP][PASSED] - amount = findTestData(dataFile).getValue("Amount", row): null

2023-04-25 13:48:49 - [TEST_STEP][PASSED] - sec = findTestData(dataFile).getValue("SEC", row): null

2023-04-25 13:48:49 - [TEST_STEP][PASSED] - openBrowser(VLinkURL + "debit.html"): Browser is opened with url: 'https://dev-algorithm.govolution.com/vlinktest/demo/version_2_0/debit.html'

2023-04-25 13:48:49 - [MESSAGE][WARNING] - A browser is already opened. Closing browser and opening a new one

2023-04-25 13:48:50 - [MESSAGE][INFO] - Starting 'Chrome' driver

2023-04-25 13:48:50 - [MESSAGE][INFO] - User set preference: ['acceptInsecureCerts', 'true']

2023-04-25 13:48:50 - [MESSAGE][INFO] - Action delay is set to 0 milliseconds

2023-04-25 13:48:52 - [MESSAGE][PASSED] - Browser is opened with url: 'https://dev-algorithm.govolution.com/vlinktest/demo/version_2_0/debit.html'

2023-04-25 13:48:52 - [TEST_STEP][PASSED] - maximizeWindow(): Current window maximized

2023-04-25 13:48:52 - [MESSAGE][PASSED] - Current window maximized

2023-04-25 13:48:52 - [TEST_STEP][PASSED] - genRemID1 = random() * 99999).toInteger(): null

2023-04-25 13:48:52 - [TEST_STEP][PASSED] - genRemID2 = random() * 99999).toInteger(): null

2023-04-25 13:48:52 - [TEST_STEP][PASSED] - genRemID3 = random() * 99999).toInteger(): null

2023-04-25 13:48:52 - [TEST_STEP][PASSED] - println(genRemID1): null

2023-04-25 13:48:52 - [TEST_STEP][PASSED] - println(genRemID2): null

2023-04-25 13:48:52 - [TEST_STEP][PASSED] - println(genRemID3): null

2023-04-25 13:48:52 - [TEST_STEP][PASSED] - genRemID = genRemID1 + "|" + genRemID2 + "|" + genRemID3: null

2023-04-25 13:48:52 - [TEST_STEP][PASSED] - println(genRemID): null

2023-04-25 13:48:52 - [TEST_STEP][PASSED] - setText(findTestObject("RecAndPlayBk/Page-Vlink-Debit/input_Remittance Id"), genRemID): Text '52557|15361|71257' is set on object 'Object Repository/RecAndPlayBk/Page-Vlink-Debit/input_Remittance Id'

2023-04-25 13:48:53 - [MESSAGE][PASSED] - Text '52557|15361|71257' is set on object 'Object Repository/RecAndPlayBk/Page-Vlink-Debit/input_Remittance Id'

2023-04-25 13:48:53 - [TEST_STEP][PASSED] - setText(findTestObject("RecAndPlayBk/Page-Vlink-Debit/input_Application Id"), appID): Text '1773' is set on object 'Object Repository/RecAndPlayBk/Page-Vlink-Debit/input_Application Id'

2023-04-25 13:48:54 - [MESSAGE][PASSED] - Text '1773' is set on object 'Object Repository/RecAndPlayBk/Page-Vlink-Debit/input_Application Id'

2023-04-25 13:48:54 - [TEST_STEP][PASSED] - setText(findTestObject("RecAndPlayBk/Page-Vlink-Debit/input_Username"), username): Text 'Qq2BV1qtr' is set on object 'Object Repository/RecAndPlayBk/Page-Vlink-Debit/input_Username'

2023-04-25 13:48:54 - [MESSAGE][PASSED] - Text 'Qq2BV1qtr' is set on object 'Object Repository/RecAndPlayBk/Page-Vlink-Debit/input_Username'

2023-04-25 13:48:54 - [TEST_STEP][PASSED] - setText(findTestObject("RecAndPlayBk/Page-Vlink-Debit/input_Password"), password): Text 'tUmWBiLUx' is set on object 'Object Repository/RecAndPlayBk/Page-Vlink-Debit/input_Password'

2023-04-25 13:48:55 - [MESSAGE][PASSED] - Text 'tUmWBiLUx' is set on object 'Object Repository/RecAndPlayBk/Page-Vlink-Debit/input_Password'

2023-04-25 13:48:55 - [TEST_STEP][PASSED] - setText(findTestObject("RecAndPlayBk/Page-Vlink-Debit/input_Check Type"), checkType): Text 'P' is set on object 'Object Repository/RecAndPlayBk/Page-Vlink-Debit/input_Check Type'

2023-04-25 13:48:56 - [MESSAGE][PASSED] - Text 'P' is set on object 'Object Repository/RecAndPlayBk/Page-Vlink-Debit/input_Check Type'

2023-04-25 13:48:56 - [TEST_STEP][PASSED] - setText(findTestObject("RecAndPlayBk/Page-Vlink-Debit/input_Account_check"), acNumber): Text '58963214' is set on object 'Object Repository/RecAndPlayBk/Page-Vlink-Debit/input_Account_check'

2023-04-25 13:48:56 - [MESSAGE][PASSED] - Text '58963214' is set on object 'Object Repository/RecAndPlayBk/Page-Vlink-Debit/input_Account_check'

2023-04-25 13:48:56 - [TEST_STEP][PASSED] - setText(findTestObject("RecAndPlayBk/Page-Vlink-Debit/input_Company_check"), company): Text '' is set on object 'Object Repository/RecAndPlayBk/Page-Vlink-Debit/input_Company_check'

2023-04-25 13:48:57 - [MESSAGE][PASSED] - Text '' is set on object 'Object Repository/RecAndPlayBk/Page-Vlink-Debit/input_Company_check'

2023-04-25 13:48:57 - [TEST_STEP][PASSED] - setText(findTestObject("RecAndPlayBk/Page-Vlink-Debit/input_Account Type"), acType): Text '1' is set on object 'Object Repository/RecAndPlayBk/Page-Vlink-Debit/input_Account Type'

2023-04-25 13:48:57 - [MESSAGE][PASSED] - Text '1' is set on object 'Object Repository/RecAndPlayBk/Page-Vlink-Debit/input_Account Type'

2023-04-25 13:48:57 - [TEST_STEP][PASSED] - setText(findTestObject("RecAndPlayBk/Page-Vlink-Debit/input_Routing Number"), rtn): Text '256072691' is set on object 'Object Repository/RecAndPlayBk/Page-Vlink-Debit/input_Routing Number'

2023-04-25 13:48:58 - [MESSAGE][PASSED] - Text '256072691' is set on object 'Object Repository/RecAndPlayBk/Page-Vlink-Debit/input_Routing Number'

2023-04-25 13:48:58 - [TEST_STEP][PASSED] - setText(findTestObject("RecAndPlayBk/Page-Vlink-Debit/input_Amount"), amount): Text '12.50' is set on object 'Object Repository/RecAndPlayBk/Page-Vlink-Debit/input_Amount'

2023-04-25 13:48:59 - [MESSAGE][PASSED] - Text '12.50' is set on object 'Object Repository/RecAndPlayBk/Page-Vlink-Debit/input_Amount'

2023-04-25 13:48:59 - [TEST_STEP][PASSED] - setText(findTestObject("RecAndPlayBk/Page-Vlink-Debit/input_Check Email"), ""): Text '' is set on object 'Object Repository/RecAndPlayBk/Page-Vlink-Debit/input_Check Email'

2023-04-25 13:48:59 - [MESSAGE][PASSED] - Text '' is set on object 'Object Repository/RecAndPlayBk/Page-Vlink-Debit/input_Check Email'

2023-04-25 13:48:59 - [TEST_STEP][PASSED] - setText(findTestObject("Object Repository/RecAndPlayBk/Page-Vlink-Debit/input_concat(CheckWriter, , s SSN)_check_ssn"), ""): Text '' is set on object 'Object Repository/RecAndPlayBk/Page-Vlink-Debit/input_concat(CheckWriter, , s SSN)_check_ssn'

2023-04-25 13:49:00 - [MESSAGE][PASSED] - Text '' is set on object 'Object Repository/RecAndPlayBk/Page-Vlink-Debit/input_concat(CheckWriter, , s SSN)_check_ssn'

2023-04-25 13:49:00 - [TEST_STEP][PASSED] - setText(findTestObject("Object Repository/RecAndPlayBk/Page-Vlink-Debit/input_concat(CheckWriter, , s License Numbe_020fef"), ""): Text '' is set on object 'Object Repository/RecAndPlayBk/Page-Vlink-Debit/input_concat(CheckWriter, , s License Numbe_020fef'

2023-04-25 13:49:01 - [MESSAGE][PASSED] - Text '' is set on object 'Object Repository/RecAndPlayBk/Page-Vlink-Debit/input_concat(CheckWriter, , s License Numbe_020fef'

2023-04-25 13:49:01 - [TEST_STEP][PASSED] - setText(findTestObject("Object Repository/RecAndPlayBk/Page-Vlink-Debit/input_concat(CheckWriter, , s License State_21e3e7"), ""): Text '' is set on object 'Object Repository/RecAndPlayBk/Page-Vlink-Debit/input_concat(CheckWriter, , s License State_21e3e7'

2023-04-25 13:49:01 - [MESSAGE][PASSED] - Text '' is set on object 'Object Repository/RecAndPlayBk/Page-Vlink-Debit/input_concat(CheckWriter, , s License State_21e3e7'

2023-04-25 13:49:01 - [TEST_STEP][PASSED] - setText(findTestObject("RecAndPlayBk/Page-Vlink-Debit/input_Standard Entry Class"), sec): Text 'WEB' is set on object 'Object Repository/RecAndPlayBk/Page-Vlink-Debit/input_Standard Entry Class'

2023-04-25 13:49:02 - [MESSAGE][PASSED] - Text 'WEB' is set on object 'Object Repository/RecAndPlayBk/Page-Vlink-Debit/input_Standard Entry Class'

2023-04-25 13:49:02 - [TEST_STEP][PASSED] - click(findTestObject("Object Repository/RecAndPlayBk/Page-Vlink-Debit/input")): Object: 'Object Repository/RecAndPlayBk/Page-Vlink-Debit/input' is clicked on

2023-04-25 13:49:03 - [MESSAGE][PASSED] - Object: 'Object Repository/RecAndPlayBk/Page-Vlink-Debit/input' is clicked on

2023-04-25 13:49:03 - [TEST_STEP][PASSED] - if (verifyTextPresent("Transaction approved, no errors", true)): null

2023-04-25 13:49:03 - [MESSAGE][PASSED] - Text 'Transaction approved, no errors' is present on page  using regular expression

2023-04-25 13:49:03 - [TEST_STEP][PASSED] - println("Transaction Approved, no errors text is present on the Confirmation page"): null

2023-04-25 13:49:03 - [TEST_STEP][PASSED] - sdfo = getText(findTestObject("Object Repository/Page_VLinkReceipt/pre_STX")): Text of object 'Object Repository/Page_VLinkReceipt/pre_STX' is: '<STX>52557|15361|71257             2928102             0  Transaction approved, no errors                   0                                                                                                              <ETX>'

2023-04-25 13:49:03 - [MESSAGE][PASSED] - Text of object 'Object Repository/Page_VLinkReceipt/pre_STX' is: '<STX>52557|15361|71257             2928102             0  Transaction approved, no errors                   0                                                                                                              <ETX>'

2023-04-25 13:49:03 - [TEST_STEP][PASSED] - out.println("sdfo: " + sdfo): null

2023-04-25 13:49:03 - [TEST_STEP][PASSED] - remID = substring(5, 35).trim(): null

2023-04-25 13:49:03 - [TEST_STEP][PASSED] - out.println("remID: " + remID): null

2023-04-25 13:49:03 - [TEST_STEP][PASSED] - traxID = substring(35, 55).trim(): null

2023-04-25 13:49:03 - [TEST_STEP][PASSED] - out.println("traxID: " + traxID): null

2023-04-25 13:49:03 - [TEST_STEP][PASSED] - VLinkSaleRemID = remID: null

2023-04-25 13:49:03 - [TEST_STEP][PASSED] - VLinkSaleTranxID = traxID: null

2023-04-25 13:49:03 - [TEST_STEP][PASSED] - openBrowser(VLinkURL + "ACH_void.html"): Browser is opened with url: 'https://dev-algorithm.govolution.com/vlinktest/demo/version_2_0/ACH_void.html'

2023-04-25 13:49:03 - [MESSAGE][WARNING] - A browser is already opened. Closing browser and opening a new one

2023-04-25 13:49:04 - [MESSAGE][INFO] - Starting 'Chrome' driver

2023-04-25 13:49:04 - [MESSAGE][INFO] - User set preference: ['acceptInsecureCerts', 'true']

2023-04-25 13:49:04 - [MESSAGE][INFO] - Action delay is set to 0 milliseconds

2023-04-25 13:49:06 - [MESSAGE][PASSED] - Browser is opened with url: 'https://dev-algorithm.govolution.com/vlinktest/demo/version_2_0/ACH_void.html'

2023-04-25 13:49:06 - [TEST_STEP][PASSED] - maximizeWindow(): Current window maximized

2023-04-25 13:49:06 - [MESSAGE][PASSED] - Current window maximized

2023-04-25 13:49:06 - [TEST_STEP][PASSED] - setText(findTestObject("Object Repository/RecAndPlayBk/Page-Vlink-ACH-Void/input_Remittance Id"), VLinkSaleRemID): Text '52557|15361|71257' is set on object 'Object Repository/RecAndPlayBk/Page-Vlink-ACH-Void/input_Remittance Id'

2023-04-25 13:49:07 - [MESSAGE][PASSED] - Text '52557|15361|71257' is set on object 'Object Repository/RecAndPlayBk/Page-Vlink-ACH-Void/input_Remittance Id'

2023-04-25 13:49:07 - [TEST_STEP][PASSED] - setText(findTestObject("Object Repository/RecAndPlayBk/Page-Vlink-ACH-Void/input_Application Id"), appID): Text '1773' is set on object 'Object Repository/RecAndPlayBk/Page-Vlink-ACH-Void/input_Application Id'

2023-04-25 13:49:08 - [MESSAGE][PASSED] - Text '1773' is set on object 'Object Repository/RecAndPlayBk/Page-Vlink-ACH-Void/input_Application Id'

2023-04-25 13:49:08 - [TEST_STEP][PASSED] - setText(findTestObject("Object Repository/RecAndPlayBk/Page-Vlink-ACH-Void/input_Username"), username): Text 'Qq2BV1qtr' is set on object 'Object Repository/RecAndPlayBk/Page-Vlink-ACH-Void/input_Username'

2023-04-25 13:49:08 - [MESSAGE][PASSED] - Text 'Qq2BV1qtr' is set on object 'Object Repository/RecAndPlayBk/Page-Vlink-ACH-Void/input_Username'

2023-04-25 13:49:08 - [TEST_STEP][PASSED] - setText(findTestObject("Object Repository/RecAndPlayBk/Page-Vlink-ACH-Void/input_Password"), password): Text 'tUmWBiLUx' is set on object 'Object Repository/RecAndPlayBk/Page-Vlink-ACH-Void/input_Password'

2023-04-25 13:49:09 - [MESSAGE][PASSED] - Text 'tUmWBiLUx' is set on object 'Object Repository/RecAndPlayBk/Page-Vlink-ACH-Void/input_Password'

2023-04-25 13:49:09 - [TEST_STEP][PASSED] - setText(findTestObject("Object Repository/RecAndPlayBk/Page-Vlink-ACH-Void/input_Check Type"), checkType): Text 'P' is set on object 'Object Repository/RecAndPlayBk/Page-Vlink-ACH-Void/input_Check Type'

2023-04-25 13:49:09 - [MESSAGE][PASSED] - Text 'P' is set on object 'Object Repository/RecAndPlayBk/Page-Vlink-ACH-Void/input_Check Type'

2023-04-25 13:49:09 - [TEST_STEP][PASSED] - setText(findTestObject("Object Repository/RecAndPlayBk/Page-Vlink-ACH-Void/input_Standard Entry Class"), sec): Text 'WEB' is set on object 'Object Repository/RecAndPlayBk/Page-Vlink-ACH-Void/input_Standard Entry Class'

2023-04-25 13:49:10 - [MESSAGE][PASSED] - Text 'WEB' is set on object 'Object Repository/RecAndPlayBk/Page-Vlink-ACH-Void/input_Standard Entry Class'

2023-04-25 13:49:10 - [TEST_STEP][PASSED] - setText(findTestObject("Object Repository/RecAndPlayBk/Page-Vlink-ACH-Void/input_Transaction ID"), VLinkSaleTranxID): Text '2928102' is set on object 'Object Repository/RecAndPlayBk/Page-Vlink-ACH-Void/input_Transaction ID'

2023-04-25 13:49:11 - [MESSAGE][PASSED] - Text '2928102' is set on object 'Object Repository/RecAndPlayBk/Page-Vlink-ACH-Void/input_Transaction ID'

2023-04-25 13:49:11 - [TEST_STEP][PASSED] - setText(findTestObject("Object Repository/RecAndPlayBk/Page-Vlink-ACH-Void/input_Original Transaction Type"), "200"): Text '200' is set on object 'Object Repository/RecAndPlayBk/Page-Vlink-ACH-Void/input_Original Transaction Type'

2023-04-25 13:49:11 - [MESSAGE][PASSED] - Text '200' is set on object 'Object Repository/RecAndPlayBk/Page-Vlink-ACH-Void/input_Original Transaction Type'

2023-04-25 13:49:11 - [TEST_STEP][PASSED] - click(findTestObject("Object Repository/RecAndPlayBk/Page-Vlink-ACH-Void/input")): Object: 'Object Repository/RecAndPlayBk/Page-Vlink-ACH-Void/input' is clicked on

2023-04-25 13:49:12 - [MESSAGE][PASSED] - Object: 'Object Repository/RecAndPlayBk/Page-Vlink-ACH-Void/input' is clicked on

2023-04-25 13:49:12 - [TEST_STEP][PASSED] - if (verifyTextPresent("Transaction approved, no errors", true)): null

2023-04-25 13:49:12 - [MESSAGE][PASSED] - Text 'Transaction approved, no errors' is present on page  using regular expression

2023-04-25 13:49:12 - [TEST_STEP][PASSED] - println("Transaction Approved, no errors text is present on the Confirmation page"): null

2023-04-25 13:49:12 - [TEST_STEP][PASSED] - out.println("Pass Record Number: " + row): null

2023-04-25 13:49:12 - [TEST_STEP][PASSED] - resText = "Pass": null

2023-04-25 13:49:12 - [TEST_STEP][PASSED] - pages.WriteExcel.demoKey(resText, datText, resColumn, datCloumn, fileLoc, nameSheet, row): pages.WriteExcel.demoKey is PASSED

2023-04-25 13:49:12 - [MESSAGE][PASSED] - pages.WriteExcel.demoKey is PASSED

2023-04-25 13:49:12 - [TEST_STEP][PASSED] - ExecuteTC = findTestData(dataFile).getValue("Execute", row): null

2023-04-25 13:49:12 - [TEST_STEP][PASSED] - out.println("Value of Execute is : " + ExecuteTC): null

2023-04-25 13:49:12 - [TEST_STEP][PASSED] - switch (executionProfile): null

2023-04-25 13:49:12 - [TEST_STEP][PASSED] - case "DemoProfile":: null

2023-04-25 13:49:12 - [TEST_STEP][PASSED] - appID = findTestData(dataFile).getValue("AppIDDemo", row): null

2023-04-25 13:49:12 - [TEST_STEP][PASSED] - username = findTestData(dataFile).getValue("UsernameDemo", row): null

2023-04-25 13:49:12 - [TEST_STEP][PASSED] - password = findTestData(dataFile).getValue("PasswordDemo", row): null

2023-04-25 13:49:13 - [TEST_STEP][PASSED] - break: null

2023-04-25 13:49:13 - [TEST_STEP][PASSED] - if (ExecuteTC.equalsIgnoreCase("Y")): null

2023-04-25 13:49:13 - [TEST_STEP][PASSED] - out.println("Begin Record Number: " + row): null

2023-04-25 13:49:13 - [TEST_STEP][PASSED] - today = new java.util.Date(): null

2023-04-25 13:49:13 - [TEST_STEP][PASSED] - println(today): null

2023-04-25 13:49:13 - [TEST_STEP][PASSED] - datText = today: null

2023-04-25 13:49:13 - [TEST_STEP][PASSED] - checkType = findTestData(dataFile).getValue("CheckType", row): null

2023-04-25 13:49:13 - [TEST_STEP][PASSED] - acNumber = findTestData(dataFile).getValue("AcNumber", row): null

2023-04-25 13:49:13 - [TEST_STEP][PASSED] - company = findTestData(dataFile).getValue("Company", row): null

2023-04-25 13:49:13 - [TEST_STEP][PASSED] - acType = findTestData(dataFile).getValue("AcType", row): null

2023-04-25 13:49:13 - [TEST_STEP][PASSED] - rtn = findTestData(dataFile).getValue("RTN", row): null

2023-04-25 13:49:13 - [TEST_STEP][PASSED] - amount = findTestData(dataFile).getValue("Amount", row): null

2023-04-25 13:49:13 - [TEST_STEP][PASSED] - sec = findTestData(dataFile).getValue("SEC", row): null

2023-04-25 13:49:13 - [TEST_STEP][PASSED] - openBrowser(VLinkURL + "debit.html"): Browser is opened with url: 'https://dev-algorithm.govolution.com/vlinktest/demo/version_2_0/debit.html'

2023-04-25 13:49:13 - [MESSAGE][WARNING] - A browser is already opened. Closing browser and opening a new one

2023-04-25 13:49:14 - [MESSAGE][INFO] - Starting 'Chrome' driver

2023-04-25 13:49:14 - [MESSAGE][INFO] - User set preference: ['acceptInsecureCerts', 'true']

2023-04-25 13:49:14 - [MESSAGE][INFO] - Action delay is set to 0 milliseconds

2023-04-25 13:49:16 - [MESSAGE][PASSED] - Browser is opened with url: 'https://dev-algorithm.govolution.com/vlinktest/demo/version_2_0/debit.html'

2023-04-25 13:49:16 - [TEST_STEP][PASSED] - maximizeWindow(): Current window maximized

2023-04-25 13:49:16 - [MESSAGE][PASSED] - Current window maximized

2023-04-25 13:49:16 - [TEST_STEP][PASSED] - genRemID1 = random() * 99999).toInteger(): null

2023-04-25 13:49:16 - [TEST_STEP][PASSED] - genRemID2 = random() * 99999).toInteger(): null

2023-04-25 13:49:16 - [TEST_STEP][PASSED] - genRemID3 = random() * 99999).toInteger(): null

2023-04-25 13:49:16 - [TEST_STEP][PASSED] - println(genRemID1): null

2023-04-25 13:49:16 - [TEST_STEP][PASSED] - println(genRemID2): null

2023-04-25 13:49:16 - [TEST_STEP][PASSED] - println(genRemID3): null

2023-04-25 13:49:16 - [TEST_STEP][PASSED] - genRemID = genRemID1 + "|" + genRemID2 + "|" + genRemID3: null

2023-04-25 13:49:16 - [TEST_STEP][PASSED] - println(genRemID): null

2023-04-25 13:49:16 - [TEST_STEP][PASSED] - setText(findTestObject("RecAndPlayBk/Page-Vlink-Debit/input_Remittance Id"), genRemID): Text '46216|24289|11329' is set on object 'Object Repository/RecAndPlayBk/Page-Vlink-Debit/input_Remittance Id'

2023-04-25 13:49:17 - [MESSAGE][PASSED] - Text '46216|24289|11329' is set on object 'Object Repository/RecAndPlayBk/Page-Vlink-Debit/input_Remittance Id'

2023-04-25 13:49:17 - [TEST_STEP][PASSED] - setText(findTestObject("RecAndPlayBk/Page-Vlink-Debit/input_Application Id"), appID): Text '1773' is set on object 'Object Repository/RecAndPlayBk/Page-Vlink-Debit/input_Application Id'

2023-04-25 13:49:17 - [MESSAGE][PASSED] - Text '1773' is set on object 'Object Repository/RecAndPlayBk/Page-Vlink-Debit/input_Application Id'

2023-04-25 13:49:17 - [TEST_STEP][PASSED] - setText(findTestObject("RecAndPlayBk/Page-Vlink-Debit/input_Username"), username): Text 'Qq2BV1qtr' is set on object 'Object Repository/RecAndPlayBk/Page-Vlink-Debit/input_Username'

2023-04-25 13:49:18 - [MESSAGE][PASSED] - Text 'Qq2BV1qtr' is set on object 'Object Repository/RecAndPlayBk/Page-Vlink-Debit/input_Username'

2023-04-25 13:49:18 - [TEST_STEP][PASSED] - setText(findTestObject("RecAndPlayBk/Page-Vlink-Debit/input_Password"), password): Text 'tUmWBiLUx' is set on object 'Object Repository/RecAndPlayBk/Page-Vlink-Debit/input_Password'

2023-04-25 13:49:19 - [MESSAGE][PASSED] - Text 'tUmWBiLUx' is set on object 'Object Repository/RecAndPlayBk/Page-Vlink-Debit/input_Password'

2023-04-25 13:49:19 - [TEST_STEP][PASSED] - setText(findTestObject("RecAndPlayBk/Page-Vlink-Debit/input_Check Type"), checkType): Text 'P' is set on object 'Object Repository/RecAndPlayBk/Page-Vlink-Debit/input_Check Type'

2023-04-25 13:49:19 - [MESSAGE][PASSED] - Text 'P' is set on object 'Object Repository/RecAndPlayBk/Page-Vlink-Debit/input_Check Type'

2023-04-25 13:49:19 - [TEST_STEP][PASSED] - setText(findTestObject("RecAndPlayBk/Page-Vlink-Debit/input_Account_check"), acNumber): Text '58963214' is set on object 'Object Repository/RecAndPlayBk/Page-Vlink-Debit/input_Account_check'

2023-04-25 13:49:20 - [MESSAGE][PASSED] - Text '58963214' is set on object 'Object Repository/RecAndPlayBk/Page-Vlink-Debit/input_Account_check'

2023-04-25 13:49:20 - [TEST_STEP][PASSED] - setText(findTestObject("RecAndPlayBk/Page-Vlink-Debit/input_Company_check"), company): Text '' is set on object 'Object Repository/RecAndPlayBk/Page-Vlink-Debit/input_Company_check'

2023-04-25 13:49:20 - [MESSAGE][PASSED] - Text '' is set on object 'Object Repository/RecAndPlayBk/Page-Vlink-Debit/input_Company_check'

2023-04-25 13:49:20 - [TEST_STEP][PASSED] - setText(findTestObject("RecAndPlayBk/Page-Vlink-Debit/input_Account Type"), acType): Text '1' is set on object 'Object Repository/RecAndPlayBk/Page-Vlink-Debit/input_Account Type'

2023-04-25 13:49:21 - [MESSAGE][PASSED] - Text '1' is set on object 'Object Repository/RecAndPlayBk/Page-Vlink-Debit/input_Account Type'

2023-04-25 13:49:21 - [TEST_STEP][PASSED] - setText(findTestObject("RecAndPlayBk/Page-Vlink-Debit/input_Routing Number"), rtn): Text '256072691' is set on object 'Object Repository/RecAndPlayBk/Page-Vlink-Debit/input_Routing Number'

2023-04-25 13:49:22 - [MESSAGE][PASSED] - Text '256072691' is set on object 'Object Repository/RecAndPlayBk/Page-Vlink-Debit/input_Routing Number'

2023-04-25 13:49:22 - [TEST_STEP][PASSED] - setText(findTestObject("RecAndPlayBk/Page-Vlink-Debit/input_Amount"), amount): Text '12.50' is set on object 'Object Repository/RecAndPlayBk/Page-Vlink-Debit/input_Amount'

2023-04-25 13:49:22 - [MESSAGE][PASSED] - Text '12.50' is set on object 'Object Repository/RecAndPlayBk/Page-Vlink-Debit/input_Amount'

2023-04-25 13:49:22 - [TEST_STEP][PASSED] - setText(findTestObject("RecAndPlayBk/Page-Vlink-Debit/input_Check Email"), ""): Text '' is set on object 'Object Repository/RecAndPlayBk/Page-Vlink-Debit/input_Check Email'

2023-04-25 13:49:23 - [MESSAGE][PASSED] - Text '' is set on object 'Object Repository/RecAndPlayBk/Page-Vlink-Debit/input_Check Email'

2023-04-25 13:49:23 - [TEST_STEP][PASSED] - setText(findTestObject("Object Repository/RecAndPlayBk/Page-Vlink-Debit/input_concat(CheckWriter, , s SSN)_check_ssn"), ""): Text '' is set on object 'Object Repository/RecAndPlayBk/Page-Vlink-Debit/input_concat(CheckWriter, , s SSN)_check_ssn'

2023-04-25 13:49:23 - [MESSAGE][PASSED] - Text '' is set on object 'Object Repository/RecAndPlayBk/Page-Vlink-Debit/input_concat(CheckWriter, , s SSN)_check_ssn'

2023-04-25 13:49:23 - [TEST_STEP][PASSED] - setText(findTestObject("Object Repository/RecAndPlayBk/Page-Vlink-Debit/input_concat(CheckWriter, , s License Numbe_020fef"), ""): Text '' is set on object 'Object Repository/RecAndPlayBk/Page-Vlink-Debit/input_concat(CheckWriter, , s License Numbe_020fef'

2023-04-25 13:49:24 - [MESSAGE][PASSED] - Text '' is set on object 'Object Repository/RecAndPlayBk/Page-Vlink-Debit/input_concat(CheckWriter, , s License Numbe_020fef'

2023-04-25 13:49:24 - [TEST_STEP][PASSED] - setText(findTestObject("Object Repository/RecAndPlayBk/Page-Vlink-Debit/input_concat(CheckWriter, , s License State_21e3e7"), ""): Text '' is set on object 'Object Repository/RecAndPlayBk/Page-Vlink-Debit/input_concat(CheckWriter, , s License State_21e3e7'

2023-04-25 13:49:25 - [MESSAGE][PASSED] - Text '' is set on object 'Object Repository/RecAndPlayBk/Page-Vlink-Debit/input_concat(CheckWriter, , s License State_21e3e7'

2023-04-25 13:49:25 - [TEST_STEP][PASSED] - setText(findTestObject("RecAndPlayBk/Page-Vlink-Debit/input_Standard Entry Class"), sec): Text 'TEL' is set on object 'Object Repository/RecAndPlayBk/Page-Vlink-Debit/input_Standard Entry Class'

2023-04-25 13:49:25 - [MESSAGE][PASSED] - Text 'TEL' is set on object 'Object Repository/RecAndPlayBk/Page-Vlink-Debit/input_Standard Entry Class'

2023-04-25 13:49:25 - [TEST_STEP][PASSED] - click(findTestObject("Object Repository/RecAndPlayBk/Page-Vlink-Debit/input")): Object: 'Object Repository/RecAndPlayBk/Page-Vlink-Debit/input' is clicked on

2023-04-25 13:49:26 - [MESSAGE][PASSED] - Object: 'Object Repository/RecAndPlayBk/Page-Vlink-Debit/input' is clicked on

2023-04-25 13:49:26 - [TEST_STEP][PASSED] - if (verifyTextPresent("Transaction approved, no errors", true)): null

2023-04-25 13:49:26 - [MESSAGE][PASSED] - Text 'Transaction approved, no errors' is present on page  using regular expression

2023-04-25 13:49:26 - [TEST_STEP][PASSED] - println("Transaction Approved, no errors text is present on the Confirmation page"): null

2023-04-25 13:49:26 - [TEST_STEP][PASSED] - sdfo = getText(findTestObject("Object Repository/Page_VLinkReceipt/pre_STX")): Text of object 'Object Repository/Page_VLinkReceipt/pre_STX' is: '<STX>46216|24289|11329             2928104             0  Transaction approved, no errors                   0                                                                                                              <ETX>'

2023-04-25 13:49:27 - [MESSAGE][PASSED] - Text of object 'Object Repository/Page_VLinkReceipt/pre_STX' is: '<STX>46216|24289|11329             2928104             0  Transaction approved, no errors                   0                                                                                                              <ETX>'

2023-04-25 13:49:27 - [TEST_STEP][PASSED] - out.println("sdfo: " + sdfo): null

2023-04-25 13:49:27 - [TEST_STEP][PASSED] - remID = substring(5, 35).trim(): null

2023-04-25 13:49:27 - [TEST_STEP][PASSED] - out.println("remID: " + remID): null

2023-04-25 13:49:27 - [TEST_STEP][PASSED] - traxID = substring(35, 55).trim(): null

2023-04-25 13:49:27 - [TEST_STEP][PASSED] - out.println("traxID: " + traxID): null

2023-04-25 13:49:27 - [TEST_STEP][PASSED] - VLinkSaleRemID = remID: null

2023-04-25 13:49:27 - [TEST_STEP][PASSED] - VLinkSaleTranxID = traxID: null

2023-04-25 13:49:27 - [TEST_STEP][PASSED] - openBrowser(VLinkURL + "ACH_void.html"): Browser is opened with url: 'https://dev-algorithm.govolution.com/vlinktest/demo/version_2_0/ACH_void.html'

2023-04-25 13:49:27 - [MESSAGE][WARNING] - A browser is already opened. Closing browser and opening a new one

2023-04-25 13:49:28 - [MESSAGE][INFO] - Starting 'Chrome' driver

2023-04-25 13:49:28 - [MESSAGE][INFO] - User set preference: ['acceptInsecureCerts', 'true']

2023-04-25 13:49:28 - [MESSAGE][INFO] - Action delay is set to 0 milliseconds

2023-04-25 13:49:29 - [MESSAGE][PASSED] - Browser is opened with url: 'https://dev-algorithm.govolution.com/vlinktest/demo/version_2_0/ACH_void.html'

2023-04-25 13:49:29 - [TEST_STEP][PASSED] - maximizeWindow(): Current window maximized

2023-04-25 13:49:30 - [MESSAGE][PASSED] - Current window maximized

2023-04-25 13:49:30 - [TEST_STEP][PASSED] - setText(findTestObject("Object Repository/RecAndPlayBk/Page-Vlink-ACH-Void/input_Remittance Id"), VLinkSaleRemID): Text '46216|24289|11329' is set on object 'Object Repository/RecAndPlayBk/Page-Vlink-ACH-Void/input_Remittance Id'

2023-04-25 13:49:30 - [MESSAGE][PASSED] - Text '46216|24289|11329' is set on object 'Object Repository/RecAndPlayBk/Page-Vlink-ACH-Void/input_Remittance Id'

2023-04-25 13:49:30 - [TEST_STEP][PASSED] - setText(findTestObject("Object Repository/RecAndPlayBk/Page-Vlink-ACH-Void/input_Application Id"), appID): Text '1773' is set on object 'Object Repository/RecAndPlayBk/Page-Vlink-ACH-Void/input_Application Id'

2023-04-25 13:49:31 - [MESSAGE][PASSED] - Text '1773' is set on object 'Object Repository/RecAndPlayBk/Page-Vlink-ACH-Void/input_Application Id'

2023-04-25 13:49:31 - [TEST_STEP][PASSED] - setText(findTestObject("Object Repository/RecAndPlayBk/Page-Vlink-ACH-Void/input_Username"), username): Text 'Qq2BV1qtr' is set on object 'Object Repository/RecAndPlayBk/Page-Vlink-ACH-Void/input_Username'

2023-04-25 13:49:32 - [MESSAGE][PASSED] - Text 'Qq2BV1qtr' is set on object 'Object Repository/RecAndPlayBk/Page-Vlink-ACH-Void/input_Username'

2023-04-25 13:49:32 - [TEST_STEP][PASSED] - setText(findTestObject("Object Repository/RecAndPlayBk/Page-Vlink-ACH-Void/input_Password"), password): Text 'tUmWBiLUx' is set on object 'Object Repository/RecAndPlayBk/Page-Vlink-ACH-Void/input_Password'

2023-04-25 13:49:32 - [MESSAGE][PASSED] - Text 'tUmWBiLUx' is set on object 'Object Repository/RecAndPlayBk/Page-Vlink-ACH-Void/input_Password'

2023-04-25 13:49:32 - [TEST_STEP][PASSED] - setText(findTestObject("Object Repository/RecAndPlayBk/Page-Vlink-ACH-Void/input_Check Type"), checkType): Text 'P' is set on object 'Object Repository/RecAndPlayBk/Page-Vlink-ACH-Void/input_Check Type'

2023-04-25 13:49:33 - [MESSAGE][PASSED] - Text 'P' is set on object 'Object Repository/RecAndPlayBk/Page-Vlink-ACH-Void/input_Check Type'

2023-04-25 13:49:33 - [TEST_STEP][PASSED] - setText(findTestObject("Object Repository/RecAndPlayBk/Page-Vlink-ACH-Void/input_Standard Entry Class"), sec): Text 'TEL' is set on object 'Object Repository/RecAndPlayBk/Page-Vlink-ACH-Void/input_Standard Entry Class'

2023-04-25 13:49:34 - [MESSAGE][PASSED] - Text 'TEL' is set on object 'Object Repository/RecAndPlayBk/Page-Vlink-ACH-Void/input_Standard Entry Class'

2023-04-25 13:49:34 - [TEST_STEP][PASSED] - setText(findTestObject("Object Repository/RecAndPlayBk/Page-Vlink-ACH-Void/input_Transaction ID"), VLinkSaleTranxID): Text '2928104' is set on object 'Object Repository/RecAndPlayBk/Page-Vlink-ACH-Void/input_Transaction ID'

2023-04-25 13:49:34 - [MESSAGE][PASSED] - Text '2928104' is set on object 'Object Repository/RecAndPlayBk/Page-Vlink-ACH-Void/input_Transaction ID'

2023-04-25 13:49:34 - [TEST_STEP][PASSED] - setText(findTestObject("Object Repository/RecAndPlayBk/Page-Vlink-ACH-Void/input_Original Transaction Type"), "200"): Text '200' is set on object 'Object Repository/RecAndPlayBk/Page-Vlink-ACH-Void/input_Original Transaction Type'

2023-04-25 13:49:35 - [MESSAGE][PASSED] - Text '200' is set on object 'Object Repository/RecAndPlayBk/Page-Vlink-ACH-Void/input_Original Transaction Type'

2023-04-25 13:49:35 - [TEST_STEP][PASSED] - click(findTestObject("Object Repository/RecAndPlayBk/Page-Vlink-ACH-Void/input")): Object: 'Object Repository/RecAndPlayBk/Page-Vlink-ACH-Void/input' is clicked on

2023-04-25 13:49:36 - [MESSAGE][PASSED] - Object: 'Object Repository/RecAndPlayBk/Page-Vlink-ACH-Void/input' is clicked on

2023-04-25 13:49:36 - [TEST_STEP][PASSED] - if (verifyTextPresent("Transaction approved, no errors", true)): null

2023-04-25 13:49:36 - [MESSAGE][PASSED] - Text 'Transaction approved, no errors' is present on page  using regular expression

2023-04-25 13:49:36 - [TEST_STEP][PASSED] - println("Transaction Approved, no errors text is present on the Confirmation page"): null

2023-04-25 13:49:36 - [TEST_STEP][PASSED] - out.println("Pass Record Number: " + row): null

2023-04-25 13:49:36 - [TEST_STEP][PASSED] - resText = "Pass": null

2023-04-25 13:49:36 - [TEST_STEP][PASSED] - pages.WriteExcel.demoKey(resText, datText, resColumn, datCloumn, fileLoc, nameSheet, row): pages.WriteExcel.demoKey is PASSED

2023-04-25 13:49:36 - [MESSAGE][PASSED] - pages.WriteExcel.demoKey is PASSED

2023-04-25 13:49:36 - [TEST_STEP][PASSED] - ExecuteTC = findTestData(dataFile).getValue("Execute", row): null

2023-04-25 13:49:36 - [TEST_STEP][PASSED] - out.println("Value of Execute is : " + ExecuteTC): null

2023-04-25 13:49:36 - [TEST_STEP][PASSED] - switch (executionProfile): null

2023-04-25 13:49:36 - [TEST_STEP][PASSED] - case "DemoProfile":: null

2023-04-25 13:49:36 - [TEST_STEP][PASSED] - appID = findTestData(dataFile).getValue("AppIDDemo", row): null

2023-04-25 13:49:36 - [TEST_STEP][PASSED] - username = findTestData(dataFile).getValue("UsernameDemo", row): null

2023-04-25 13:49:36 - [TEST_STEP][PASSED] - password = findTestData(dataFile).getValue("PasswordDemo", row): null

2023-04-25 13:49:36 - [TEST_STEP][PASSED] - break: null

2023-04-25 13:49:36 - [TEST_STEP][PASSED] - if (ExecuteTC.equalsIgnoreCase("Y")): null

2023-04-25 13:49:36 - [TEST_STEP][PASSED] - out.println("Begin Record Number: " + row): null

2023-04-25 13:49:36 - [TEST_STEP][PASSED] - today = new java.util.Date(): null

2023-04-25 13:49:36 - [TEST_STEP][PASSED] - println(today): null

2023-04-25 13:49:36 - [TEST_STEP][PASSED] - datText = today: null

2023-04-25 13:49:36 - [TEST_STEP][PASSED] - checkType = findTestData(dataFile).getValue("CheckType", row): null

2023-04-25 13:49:36 - [TEST_STEP][PASSED] - acNumber = findTestData(dataFile).getValue("AcNumber", row): null

2023-04-25 13:49:36 - [TEST_STEP][PASSED] - company = findTestData(dataFile).getValue("Company", row): null

2023-04-25 13:49:36 - [TEST_STEP][PASSED] - acType = findTestData(dataFile).getValue("AcType", row): null

2023-04-25 13:49:37 - [TEST_STEP][PASSED] - rtn = findTestData(dataFile).getValue("RTN", row): null

2023-04-25 13:49:37 - [TEST_STEP][PASSED] - amount = findTestData(dataFile).getValue("Amount", row): null

2023-04-25 13:49:37 - [TEST_STEP][PASSED] - sec = findTestData(dataFile).getValue("SEC", row): null

2023-04-25 13:49:37 - [TEST_STEP][PASSED] - openBrowser(VLinkURL + "debit.html"): Browser is opened with url: 'https://dev-algorithm.govolution.com/vlinktest/demo/version_2_0/debit.html'

2023-04-25 13:49:37 - [MESSAGE][WARNING] - A browser is already opened. Closing browser and opening a new one

2023-04-25 13:49:38 - [MESSAGE][INFO] - Starting 'Chrome' driver

2023-04-25 13:49:38 - [MESSAGE][INFO] - User set preference: ['acceptInsecureCerts', 'true']

2023-04-25 13:49:38 - [MESSAGE][INFO] - Action delay is set to 0 milliseconds

2023-04-25 13:49:39 - [MESSAGE][PASSED] - Browser is opened with url: 'https://dev-algorithm.govolution.com/vlinktest/demo/version_2_0/debit.html'

2023-04-25 13:49:39 - [TEST_STEP][PASSED] - maximizeWindow(): Current window maximized

2023-04-25 13:49:39 - [MESSAGE][PASSED] - Current window maximized

2023-04-25 13:49:39 - [TEST_STEP][PASSED] - genRemID1 = random() * 99999).toInteger(): null

2023-04-25 13:49:39 - [TEST_STEP][PASSED] - genRemID2 = random() * 99999).toInteger(): null

2023-04-25 13:49:39 - [TEST_STEP][PASSED] - genRemID3 = random() * 99999).toInteger(): null

2023-04-25 13:49:39 - [TEST_STEP][PASSED] - println(genRemID1): null

2023-04-25 13:49:39 - [TEST_STEP][PASSED] - println(genRemID2): null

2023-04-25 13:49:39 - [TEST_STEP][PASSED] - println(genRemID3): null

2023-04-25 13:49:39 - [TEST_STEP][PASSED] - genRemID = genRemID1 + "|" + genRemID2 + "|" + genRemID3: null

2023-04-25 13:49:39 - [TEST_STEP][PASSED] - println(genRemID): null

2023-04-25 13:49:39 - [TEST_STEP][PASSED] - setText(findTestObject("RecAndPlayBk/Page-Vlink-Debit/input_Remittance Id"), genRemID): Text '55211|23352|86410' is set on object 'Object Repository/RecAndPlayBk/Page-Vlink-Debit/input_Remittance Id'

2023-04-25 13:49:40 - [MESSAGE][PASSED] - Text '55211|23352|86410' is set on object 'Object Repository/RecAndPlayBk/Page-Vlink-Debit/input_Remittance Id'

2023-04-25 13:49:40 - [TEST_STEP][PASSED] - setText(findTestObject("RecAndPlayBk/Page-Vlink-Debit/input_Application Id"), appID): Text '1773' is set on object 'Object Repository/RecAndPlayBk/Page-Vlink-Debit/input_Application Id'

2023-04-25 13:49:41 - [MESSAGE][PASSED] - Text '1773' is set on object 'Object Repository/RecAndPlayBk/Page-Vlink-Debit/input_Application Id'

2023-04-25 13:49:41 - [TEST_STEP][PASSED] - setText(findTestObject("RecAndPlayBk/Page-Vlink-Debit/input_Username"), username): Text 'Qq2BV1qtr' is set on object 'Object Repository/RecAndPlayBk/Page-Vlink-Debit/input_Username'

2023-04-25 13:49:41 - [MESSAGE][PASSED] - Text 'Qq2BV1qtr' is set on object 'Object Repository/RecAndPlayBk/Page-Vlink-Debit/input_Username'

2023-04-25 13:49:41 - [TEST_STEP][PASSED] - setText(findTestObject("RecAndPlayBk/Page-Vlink-Debit/input_Password"), password): Text 'tUmWBiLUx' is set on object 'Object Repository/RecAndPlayBk/Page-Vlink-Debit/input_Password'

2023-04-25 13:49:42 - [MESSAGE][PASSED] - Text 'tUmWBiLUx' is set on object 'Object Repository/RecAndPlayBk/Page-Vlink-Debit/input_Password'

2023-04-25 13:49:42 - [TEST_STEP][PASSED] - setText(findTestObject("RecAndPlayBk/Page-Vlink-Debit/input_Check Type"), checkType): Text 'P' is set on object 'Object Repository/RecAndPlayBk/Page-Vlink-Debit/input_Check Type'

2023-04-25 13:49:43 - [MESSAGE][PASSED] - Text 'P' is set on object 'Object Repository/RecAndPlayBk/Page-Vlink-Debit/input_Check Type'

2023-04-25 13:49:43 - [TEST_STEP][PASSED] - setText(findTestObject("RecAndPlayBk/Page-Vlink-Debit/input_Account_check"), acNumber): Text '58963214' is set on object 'Object Repository/RecAndPlayBk/Page-Vlink-Debit/input_Account_check'

2023-04-25 13:49:43 - [MESSAGE][PASSED] - Text '58963214' is set on object 'Object Repository/RecAndPlayBk/Page-Vlink-Debit/input_Account_check'

2023-04-25 13:49:43 - [TEST_STEP][PASSED] - setText(findTestObject("RecAndPlayBk/Page-Vlink-Debit/input_Company_check"), company): Text '' is set on object 'Object Repository/RecAndPlayBk/Page-Vlink-Debit/input_Company_check'

2023-04-25 13:49:44 - [MESSAGE][PASSED] - Text '' is set on object 'Object Repository/RecAndPlayBk/Page-Vlink-Debit/input_Company_check'

2023-04-25 13:49:44 - [TEST_STEP][PASSED] - setText(findTestObject("RecAndPlayBk/Page-Vlink-Debit/input_Account Type"), acType): Text '1' is set on object 'Object Repository/RecAndPlayBk/Page-Vlink-Debit/input_Account Type'

2023-04-25 13:49:45 - [MESSAGE][PASSED] - Text '1' is set on object 'Object Repository/RecAndPlayBk/Page-Vlink-Debit/input_Account Type'

2023-04-25 13:49:45 - [TEST_STEP][PASSED] - setText(findTestObject("RecAndPlayBk/Page-Vlink-Debit/input_Routing Number"), rtn): Text '256072691' is set on object 'Object Repository/RecAndPlayBk/Page-Vlink-Debit/input_Routing Number'

2023-04-25 13:49:45 - [MESSAGE][PASSED] - Text '256072691' is set on object 'Object Repository/RecAndPlayBk/Page-Vlink-Debit/input_Routing Number'

2023-04-25 13:49:45 - [TEST_STEP][PASSED] - setText(findTestObject("RecAndPlayBk/Page-Vlink-Debit/input_Amount"), amount): Text '12.50' is set on object 'Object Repository/RecAndPlayBk/Page-Vlink-Debit/input_Amount'

2023-04-25 13:49:46 - [MESSAGE][PASSED] - Text '12.50' is set on object 'Object Repository/RecAndPlayBk/Page-Vlink-Debit/input_Amount'

2023-04-25 13:49:46 - [TEST_STEP][PASSED] - setText(findTestObject("RecAndPlayBk/Page-Vlink-Debit/input_Check Email"), ""): Text '' is set on object 'Object Repository/RecAndPlayBk/Page-Vlink-Debit/input_Check Email'

2023-04-25 13:49:46 - [MESSAGE][PASSED] - Text '' is set on object 'Object Repository/RecAndPlayBk/Page-Vlink-Debit/input_Check Email'

2023-04-25 13:49:46 - [TEST_STEP][PASSED] - setText(findTestObject("Object Repository/RecAndPlayBk/Page-Vlink-Debit/input_concat(CheckWriter, , s SSN)_check_ssn"), ""): Text '' is set on object 'Object Repository/RecAndPlayBk/Page-Vlink-Debit/input_concat(CheckWriter, , s SSN)_check_ssn'

2023-04-25 13:49:47 - [MESSAGE][PASSED] - Text '' is set on object 'Object Repository/RecAndPlayBk/Page-Vlink-Debit/input_concat(CheckWriter, , s SSN)_check_ssn'

2023-04-25 13:49:47 - [TEST_STEP][PASSED] - setText(findTestObject("Object Repository/RecAndPlayBk/Page-Vlink-Debit/input_concat(CheckWriter, , s License Numbe_020fef"), ""): Text '' is set on object 'Object Repository/RecAndPlayBk/Page-Vlink-Debit/input_concat(CheckWriter, , s License Numbe_020fef'

2023-04-25 13:49:48 - [MESSAGE][PASSED] - Text '' is set on object 'Object Repository/RecAndPlayBk/Page-Vlink-Debit/input_concat(CheckWriter, , s License Numbe_020fef'

2023-04-25 13:49:48 - [TEST_STEP][PASSED] - setText(findTestObject("Object Repository/RecAndPlayBk/Page-Vlink-Debit/input_concat(CheckWriter, , s License State_21e3e7"), ""): Text '' is set on object 'Object Repository/RecAndPlayBk/Page-Vlink-Debit/input_concat(CheckWriter, , s License State_21e3e7'

2023-04-25 13:49:48 - [MESSAGE][PASSED] - Text '' is set on object 'Object Repository/RecAndPlayBk/Page-Vlink-Debit/input_concat(CheckWriter, , s License State_21e3e7'

2023-04-25 13:49:48 - [TEST_STEP][PASSED] - setText(findTestObject("RecAndPlayBk/Page-Vlink-Debit/input_Standard Entry Class"), sec): Text 'PPD' is set on object 'Object Repository/RecAndPlayBk/Page-Vlink-Debit/input_Standard Entry Class'

2023-04-25 13:49:49 - [MESSAGE][PASSED] - Text 'PPD' is set on object 'Object Repository/RecAndPlayBk/Page-Vlink-Debit/input_Standard Entry Class'

2023-04-25 13:49:49 - [TEST_STEP][PASSED] - click(findTestObject("Object Repository/RecAndPlayBk/Page-Vlink-Debit/input")): Object: 'Object Repository/RecAndPlayBk/Page-Vlink-Debit/input' is clicked on

2023-04-25 13:49:49 - [MESSAGE][PASSED] - Object: 'Object Repository/RecAndPlayBk/Page-Vlink-Debit/input' is clicked on

2023-04-25 13:49:49 - [TEST_STEP][PASSED] - if (verifyTextPresent("Transaction approved, no errors", true)): null

2023-04-25 13:49:50 - [MESSAGE][PASSED] - Text 'Transaction approved, no errors' is present on page  using regular expression

2023-04-25 13:49:50 - [TEST_STEP][PASSED] - println("Transaction Approved, no errors text is present on the Confirmation page"): null

2023-04-25 13:49:50 - [TEST_STEP][PASSED] - sdfo = getText(findTestObject("Object Repository/Page_VLinkReceipt/pre_STX")): Text of object 'Object Repository/Page_VLinkReceipt/pre_STX' is: '<STX>55211|23352|86410             2928106             0  Transaction approved, no errors                   0                                                                                                              <ETX>'

2023-04-25 13:49:50 - [MESSAGE][PASSED] - Text of object 'Object Repository/Page_VLinkReceipt/pre_STX' is: '<STX>55211|23352|86410             2928106             0  Transaction approved, no errors                   0                                                                                                              <ETX>'

2023-04-25 13:49:50 - [TEST_STEP][PASSED] - out.println("sdfo: " + sdfo): null

2023-04-25 13:49:50 - [TEST_STEP][PASSED] - remID = substring(5, 35).trim(): null

2023-04-25 13:49:50 - [TEST_STEP][PASSED] - out.println("remID: " + remID): null

2023-04-25 13:49:50 - [TEST_STEP][PASSED] - traxID = substring(35, 55).trim(): null

2023-04-25 13:49:50 - [TEST_STEP][PASSED] - out.println("traxID: " + traxID): null

2023-04-25 13:49:50 - [TEST_STEP][PASSED] - VLinkSaleRemID = remID: null

2023-04-25 13:49:50 - [TEST_STEP][PASSED] - VLinkSaleTranxID = traxID: null

2023-04-25 13:49:50 - [TEST_STEP][PASSED] - openBrowser(VLinkURL + "ACH_void.html"): Browser is opened with url: 'https://dev-algorithm.govolution.com/vlinktest/demo/version_2_0/ACH_void.html'

2023-04-25 13:49:50 - [MESSAGE][WARNING] - A browser is already opened. Closing browser and opening a new one

2023-04-25 13:49:51 - [MESSAGE][INFO] - Starting 'Chrome' driver

2023-04-25 13:49:51 - [MESSAGE][INFO] - User set preference: ['acceptInsecureCerts', 'true']

2023-04-25 13:49:51 - [MESSAGE][INFO] - Action delay is set to 0 milliseconds

2023-04-25 13:49:53 - [MESSAGE][PASSED] - Browser is opened with url: 'https://dev-algorithm.govolution.com/vlinktest/demo/version_2_0/ACH_void.html'

2023-04-25 13:49:53 - [TEST_STEP][PASSED] - maximizeWindow(): Current window maximized

2023-04-25 13:49:53 - [MESSAGE][PASSED] - Current window maximized

2023-04-25 13:49:53 - [TEST_STEP][PASSED] - setText(findTestObject("Object Repository/RecAndPlayBk/Page-Vlink-ACH-Void/input_Remittance Id"), VLinkSaleRemID): Text '55211|23352|86410' is set on object 'Object Repository/RecAndPlayBk/Page-Vlink-ACH-Void/input_Remittance Id'

2023-04-25 13:49:54 - [MESSAGE][PASSED] - Text '55211|23352|86410' is set on object 'Object Repository/RecAndPlayBk/Page-Vlink-ACH-Void/input_Remittance Id'

2023-04-25 13:49:54 - [TEST_STEP][PASSED] - setText(findTestObject("Object Repository/RecAndPlayBk/Page-Vlink-ACH-Void/input_Application Id"), appID): Text '1773' is set on object 'Object Repository/RecAndPlayBk/Page-Vlink-ACH-Void/input_Application Id'

2023-04-25 13:49:55 - [MESSAGE][PASSED] - Text '1773' is set on object 'Object Repository/RecAndPlayBk/Page-Vlink-ACH-Void/input_Application Id'

2023-04-25 13:49:55 - [TEST_STEP][PASSED] - setText(findTestObject("Object Repository/RecAndPlayBk/Page-Vlink-ACH-Void/input_Username"), username): Text 'Qq2BV1qtr' is set on object 'Object Repository/RecAndPlayBk/Page-Vlink-ACH-Void/input_Username'

2023-04-25 13:49:55 - [MESSAGE][PASSED] - Text 'Qq2BV1qtr' is set on object 'Object Repository/RecAndPlayBk/Page-Vlink-ACH-Void/input_Username'

2023-04-25 13:49:55 - [TEST_STEP][PASSED] - setText(findTestObject("Object Repository/RecAndPlayBk/Page-Vlink-ACH-Void/input_Password"), password): Text 'tUmWBiLUx' is set on object 'Object Repository/RecAndPlayBk/Page-Vlink-ACH-Void/input_Password'

2023-04-25 13:49:56 - [MESSAGE][PASSED] - Text 'tUmWBiLUx' is set on object 'Object Repository/RecAndPlayBk/Page-Vlink-ACH-Void/input_Password'

2023-04-25 13:49:56 - [TEST_STEP][PASSED] - setText(findTestObject("Object Repository/RecAndPlayBk/Page-Vlink-ACH-Void/input_Check Type"), checkType): Text 'P' is set on object 'Object Repository/RecAndPlayBk/Page-Vlink-ACH-Void/input_Check Type'

2023-04-25 13:49:57 - [MESSAGE][PASSED] - Text 'P' is set on object 'Object Repository/RecAndPlayBk/Page-Vlink-ACH-Void/input_Check Type'

2023-04-25 13:49:57 - [TEST_STEP][PASSED] - setText(findTestObject("Object Repository/RecAndPlayBk/Page-Vlink-ACH-Void/input_Standard Entry Class"), sec): Text 'PPD' is set on object 'Object Repository/RecAndPlayBk/Page-Vlink-ACH-Void/input_Standard Entry Class'

2023-04-25 13:49:57 - [MESSAGE][PASSED] - Text 'PPD' is set on object 'Object Repository/RecAndPlayBk/Page-Vlink-ACH-Void/input_Standard Entry Class'

2023-04-25 13:49:57 - [TEST_STEP][PASSED] - setText(findTestObject("Object Repository/RecAndPlayBk/Page-Vlink-ACH-Void/input_Transaction ID"), VLinkSaleTranxID): Text '2928106' is set on object 'Object Repository/RecAndPlayBk/Page-Vlink-ACH-Void/input_Transaction ID'

2023-04-25 13:49:58 - [MESSAGE][PASSED] - Text '2928106' is set on object 'Object Repository/RecAndPlayBk/Page-Vlink-ACH-Void/input_Transaction ID'

2023-04-25 13:49:58 - [TEST_STEP][PASSED] - setText(findTestObject("Object Repository/RecAndPlayBk/Page-Vlink-ACH-Void/input_Original Transaction Type"), "200"): Text '200' is set on object 'Object Repository/RecAndPlayBk/Page-Vlink-ACH-Void/input_Original Transaction Type'

2023-04-25 13:49:58 - [MESSAGE][PASSED] - Text '200' is set on object 'Object Repository/RecAndPlayBk/Page-Vlink-ACH-Void/input_Original Transaction Type'

2023-04-25 13:49:58 - [TEST_STEP][PASSED] - click(findTestObject("Object Repository/RecAndPlayBk/Page-Vlink-ACH-Void/input")): Object: 'Object Repository/RecAndPlayBk/Page-Vlink-ACH-Void/input' is clicked on

2023-04-25 13:49:59 - [MESSAGE][PASSED] - Object: 'Object Repository/RecAndPlayBk/Page-Vlink-ACH-Void/input' is clicked on

2023-04-25 13:49:59 - [TEST_STEP][PASSED] - if (verifyTextPresent("Transaction approved, no errors", true)): null

2023-04-25 13:49:59 - [MESSAGE][PASSED] - Text 'Transaction approved, no errors' is present on page  using regular expression

2023-04-25 13:49:59 - [TEST_STEP][PASSED] - println("Transaction Approved, no errors text is present on the Confirmation page"): null

2023-04-25 13:49:59 - [TEST_STEP][PASSED] - out.println("Pass Record Number: " + row): null

2023-04-25 13:49:59 - [TEST_STEP][PASSED] - resText = "Pass": null

2023-04-25 13:49:59 - [TEST_STEP][PASSED] - pages.WriteExcel.demoKey(resText, datText, resColumn, datCloumn, fileLoc, nameSheet, row): pages.WriteExcel.demoKey is PASSED

2023-04-25 13:49:59 - [MESSAGE][PASSED] - pages.WriteExcel.demoKey is PASSED

2023-04-25 13:49:59 - [TEST_STEP][PASSED] - ExecuteTC = findTestData(dataFile).getValue("Execute", row): null

2023-04-25 13:49:59 - [TEST_STEP][PASSED] - out.println("Value of Execute is : " + ExecuteTC): null

2023-04-25 13:49:59 - [TEST_STEP][PASSED] - switch (executionProfile): null

2023-04-25 13:49:59 - [TEST_STEP][PASSED] - case "DemoProfile":: null

2023-04-25 13:49:59 - [TEST_STEP][PASSED] - appID = findTestData(dataFile).getValue("AppIDDemo", row): null

2023-04-25 13:50:00 - [TEST_STEP][PASSED] - username = findTestData(dataFile).getValue("UsernameDemo", row): null

2023-04-25 13:50:00 - [TEST_STEP][PASSED] - password = findTestData(dataFile).getValue("PasswordDemo", row): null

2023-04-25 13:50:00 - [TEST_STEP][PASSED] - break: null

2023-04-25 13:50:00 - [TEST_STEP][PASSED] - if (ExecuteTC.equalsIgnoreCase("Y")): null

2023-04-25 13:50:00 - [TEST_STEP][PASSED] - out.println("Begin Record Number: " + row): null

2023-04-25 13:50:00 - [TEST_STEP][PASSED] - today = new java.util.Date(): null

2023-04-25 13:50:00 - [TEST_STEP][PASSED] - println(today): null

2023-04-25 13:50:00 - [TEST_STEP][PASSED] - datText = today: null

2023-04-25 13:50:00 - [TEST_STEP][PASSED] - checkType = findTestData(dataFile).getValue("CheckType", row): null

2023-04-25 13:50:00 - [TEST_STEP][PASSED] - acNumber = findTestData(dataFile).getValue("AcNumber", row): null

2023-04-25 13:50:00 - [TEST_STEP][PASSED] - company = findTestData(dataFile).getValue("Company", row): null

2023-04-25 13:50:00 - [TEST_STEP][PASSED] - acType = findTestData(dataFile).getValue("AcType", row): null

2023-04-25 13:50:00 - [TEST_STEP][PASSED] - rtn = findTestData(dataFile).getValue("RTN", row): null

2023-04-25 13:50:00 - [TEST_STEP][PASSED] - amount = findTestData(dataFile).getValue("Amount", row): null

2023-04-25 13:50:00 - [TEST_STEP][PASSED] - sec = findTestData(dataFile).getValue("SEC", row): null

2023-04-25 13:50:00 - [TEST_STEP][PASSED] - openBrowser(VLinkURL + "debit.html"): Browser is opened with url: 'https://dev-algorithm.govolution.com/vlinktest/demo/version_2_0/debit.html'

2023-04-25 13:50:00 - [MESSAGE][WARNING] - A browser is already opened. Closing browser and opening a new one

2023-04-25 13:50:01 - [MESSAGE][INFO] - Starting 'Chrome' driver

2023-04-25 13:50:01 - [MESSAGE][INFO] - User set preference: ['acceptInsecureCerts', 'true']

2023-04-25 13:50:01 - [MESSAGE][INFO] - Action delay is set to 0 milliseconds

2023-04-25 13:50:03 - [MESSAGE][PASSED] - Browser is opened with url: 'https://dev-algorithm.govolution.com/vlinktest/demo/version_2_0/debit.html'

2023-04-25 13:50:03 - [TEST_STEP][PASSED] - maximizeWindow(): Current window maximized

2023-04-25 13:50:03 - [MESSAGE][PASSED] - Current window maximized

2023-04-25 13:50:03 - [TEST_STEP][PASSED] - genRemID1 = random() * 99999).toInteger(): null

2023-04-25 13:50:03 - [TEST_STEP][PASSED] - genRemID2 = random() * 99999).toInteger(): null

2023-04-25 13:50:03 - [TEST_STEP][PASSED] - genRemID3 = random() * 99999).toInteger(): null

2023-04-25 13:50:03 - [TEST_STEP][PASSED] - println(genRemID1): null

2023-04-25 13:50:03 - [TEST_STEP][PASSED] - println(genRemID2): null

2023-04-25 13:50:03 - [TEST_STEP][PASSED] - println(genRemID3): null

2023-04-25 13:50:03 - [TEST_STEP][PASSED] - genRemID = genRemID1 + "|" + genRemID2 + "|" + genRemID3: null

2023-04-25 13:50:03 - [TEST_STEP][PASSED] - println(genRemID): null

2023-04-25 13:50:03 - [TEST_STEP][PASSED] - setText(findTestObject("RecAndPlayBk/Page-Vlink-Debit/input_Remittance Id"), genRemID): Text '88748|89501|54849' is set on object 'Object Repository/RecAndPlayBk/Page-Vlink-Debit/input_Remittance Id'

2023-04-25 13:50:04 - [MESSAGE][PASSED] - Text '88748|89501|54849' is set on object 'Object Repository/RecAndPlayBk/Page-Vlink-Debit/input_Remittance Id'

2023-04-25 13:50:04 - [TEST_STEP][PASSED] - setText(findTestObject("RecAndPlayBk/Page-Vlink-Debit/input_Application Id"), appID): Text '1773' is set on object 'Object Repository/RecAndPlayBk/Page-Vlink-Debit/input_Application Id'

2023-04-25 13:50:04 - [MESSAGE][PASSED] - Text '1773' is set on object 'Object Repository/RecAndPlayBk/Page-Vlink-Debit/input_Application Id'

2023-04-25 13:50:04 - [TEST_STEP][PASSED] - setText(findTestObject("RecAndPlayBk/Page-Vlink-Debit/input_Username"), username): Text 'Qq2BV1qtr' is set on object 'Object Repository/RecAndPlayBk/Page-Vlink-Debit/input_Username'

2023-04-25 13:50:05 - [MESSAGE][PASSED] - Text 'Qq2BV1qtr' is set on object 'Object Repository/RecAndPlayBk/Page-Vlink-Debit/input_Username'

2023-04-25 13:50:05 - [TEST_STEP][PASSED] - setText(findTestObject("RecAndPlayBk/Page-Vlink-Debit/input_Password"), password): Text 'tUmWBiLUx' is set on object 'Object Repository/RecAndPlayBk/Page-Vlink-Debit/input_Password'

2023-04-25 13:50:06 - [MESSAGE][PASSED] - Text 'tUmWBiLUx' is set on object 'Object Repository/RecAndPlayBk/Page-Vlink-Debit/input_Password'

2023-04-25 13:50:06 - [TEST_STEP][PASSED] - setText(findTestObject("RecAndPlayBk/Page-Vlink-Debit/input_Check Type"), checkType): Text 'P' is set on object 'Object Repository/RecAndPlayBk/Page-Vlink-Debit/input_Check Type'

2023-04-25 13:50:06 - [MESSAGE][PASSED] - Text 'P' is set on object 'Object Repository/RecAndPlayBk/Page-Vlink-Debit/input_Check Type'

2023-04-25 13:50:06 - [TEST_STEP][PASSED] - setText(findTestObject("RecAndPlayBk/Page-Vlink-Debit/input_Account_check"), acNumber): Text '58963214' is set on object 'Object Repository/RecAndPlayBk/Page-Vlink-Debit/input_Account_check'

2023-04-25 13:50:07 - [MESSAGE][PASSED] - Text '58963214' is set on object 'Object Repository/RecAndPlayBk/Page-Vlink-Debit/input_Account_check'

2023-04-25 13:50:07 - [TEST_STEP][PASSED] - setText(findTestObject("RecAndPlayBk/Page-Vlink-Debit/input_Company_check"), company): Text '' is set on object 'Object Repository/RecAndPlayBk/Page-Vlink-Debit/input_Company_check'

2023-04-25 13:50:08 - [MESSAGE][PASSED] - Text '' is set on object 'Object Repository/RecAndPlayBk/Page-Vlink-Debit/input_Company_check'

2023-04-25 13:50:08 - [TEST_STEP][PASSED] - setText(findTestObject("RecAndPlayBk/Page-Vlink-Debit/input_Account Type"), acType): Text '2' is set on object 'Object Repository/RecAndPlayBk/Page-Vlink-Debit/input_Account Type'

2023-04-25 13:50:08 - [MESSAGE][PASSED] - Text '2' is set on object 'Object Repository/RecAndPlayBk/Page-Vlink-Debit/input_Account Type'

2023-04-25 13:50:08 - [TEST_STEP][PASSED] - setText(findTestObject("RecAndPlayBk/Page-Vlink-Debit/input_Routing Number"), rtn): Text '256072691' is set on object 'Object Repository/RecAndPlayBk/Page-Vlink-Debit/input_Routing Number'

2023-04-25 13:50:09 - [MESSAGE][PASSED] - Text '256072691' is set on object 'Object Repository/RecAndPlayBk/Page-Vlink-Debit/input_Routing Number'

2023-04-25 13:50:09 - [TEST_STEP][PASSED] - setText(findTestObject("RecAndPlayBk/Page-Vlink-Debit/input_Amount"), amount): Text '12.50' is set on object 'Object Repository/RecAndPlayBk/Page-Vlink-Debit/input_Amount'

2023-04-25 13:50:09 - [MESSAGE][PASSED] - Text '12.50' is set on object 'Object Repository/RecAndPlayBk/Page-Vlink-Debit/input_Amount'

2023-04-25 13:50:09 - [TEST_STEP][PASSED] - setText(findTestObject("RecAndPlayBk/Page-Vlink-Debit/input_Check Email"), ""): Text '' is set on object 'Object Repository/RecAndPlayBk/Page-Vlink-Debit/input_Check Email'

2023-04-25 13:50:10 - [MESSAGE][PASSED] - Text '' is set on object 'Object Repository/RecAndPlayBk/Page-Vlink-Debit/input_Check Email'

2023-04-25 13:50:10 - [TEST_STEP][PASSED] - setText(findTestObject("Object Repository/RecAndPlayBk/Page-Vlink-Debit/input_concat(CheckWriter, , s SSN)_check_ssn"), ""): Text '' is set on object 'Object Repository/RecAndPlayBk/Page-Vlink-Debit/input_concat(CheckWriter, , s SSN)_check_ssn'

2023-04-25 13:50:11 - [MESSAGE][PASSED] - Text '' is set on object 'Object Repository/RecAndPlayBk/Page-Vlink-Debit/input_concat(CheckWriter, , s SSN)_check_ssn'

2023-04-25 13:50:11 - [TEST_STEP][PASSED] - setText(findTestObject("Object Repository/RecAndPlayBk/Page-Vlink-Debit/input_concat(CheckWriter, , s License Numbe_020fef"), ""): Text '' is set on object 'Object Repository/RecAndPlayBk/Page-Vlink-Debit/input_concat(CheckWriter, , s License Numbe_020fef'

2023-04-25 13:50:11 - [MESSAGE][PASSED] - Text '' is set on object 'Object Repository/RecAndPlayBk/Page-Vlink-Debit/input_concat(CheckWriter, , s License Numbe_020fef'

2023-04-25 13:50:11 - [TEST_STEP][PASSED] - setText(findTestObject("Object Repository/RecAndPlayBk/Page-Vlink-Debit/input_concat(CheckWriter, , s License State_21e3e7"), ""): Text '' is set on object 'Object Repository/RecAndPlayBk/Page-Vlink-Debit/input_concat(CheckWriter, , s License State_21e3e7'

2023-04-25 13:50:12 - [MESSAGE][PASSED] - Text '' is set on object 'Object Repository/RecAndPlayBk/Page-Vlink-Debit/input_concat(CheckWriter, , s License State_21e3e7'

2023-04-25 13:50:12 - [TEST_STEP][PASSED] - setText(findTestObject("RecAndPlayBk/Page-Vlink-Debit/input_Standard Entry Class"), sec): Text 'WEB' is set on object 'Object Repository/RecAndPlayBk/Page-Vlink-Debit/input_Standard Entry Class'

2023-04-25 13:50:13 - [MESSAGE][PASSED] - Text 'WEB' is set on object 'Object Repository/RecAndPlayBk/Page-Vlink-Debit/input_Standard Entry Class'

2023-04-25 13:50:13 - [TEST_STEP][PASSED] - click(findTestObject("Object Repository/RecAndPlayBk/Page-Vlink-Debit/input")): Object: 'Object Repository/RecAndPlayBk/Page-Vlink-Debit/input' is clicked on

2023-04-25 13:50:13 - [MESSAGE][PASSED] - Object: 'Object Repository/RecAndPlayBk/Page-Vlink-Debit/input' is clicked on

2023-04-25 13:50:13 - [TEST_STEP][PASSED] - if (verifyTextPresent("Transaction approved, no errors", true)): null

2023-04-25 13:50:14 - [MESSAGE][PASSED] - Text 'Transaction approved, no errors' is present on page  using regular expression

2023-04-25 13:50:14 - [TEST_STEP][PASSED] - println("Transaction Approved, no errors text is present on the Confirmation page"): null

2023-04-25 13:50:14 - [TEST_STEP][PASSED] - sdfo = getText(findTestObject("Object Repository/Page_VLinkReceipt/pre_STX")): Text of object 'Object Repository/Page_VLinkReceipt/pre_STX' is: '<STX>88748|89501|54849             2928108             0  Transaction approved, no errors                   0                                                                                                              <ETX>'

2023-04-25 13:50:14 - [MESSAGE][PASSED] - Text of object 'Object Repository/Page_VLinkReceipt/pre_STX' is: '<STX>88748|89501|54849             2928108             0  Transaction approved, no errors                   0                                                                                                              <ETX>'

2023-04-25 13:50:14 - [TEST_STEP][PASSED] - out.println("sdfo: " + sdfo): null

2023-04-25 13:50:14 - [TEST_STEP][PASSED] - remID = substring(5, 35).trim(): null

2023-04-25 13:50:14 - [TEST_STEP][PASSED] - out.println("remID: " + remID): null

2023-04-25 13:50:14 - [TEST_STEP][PASSED] - traxID = substring(35, 55).trim(): null

2023-04-25 13:50:14 - [TEST_STEP][PASSED] - out.println("traxID: " + traxID): null

2023-04-25 13:50:14 - [TEST_STEP][PASSED] - VLinkSaleRemID = remID: null

2023-04-25 13:50:14 - [TEST_STEP][PASSED] - VLinkSaleTranxID = traxID: null

2023-04-25 13:50:14 - [TEST_STEP][PASSED] - openBrowser(VLinkURL + "ACH_void.html"): Browser is opened with url: 'https://dev-algorithm.govolution.com/vlinktest/demo/version_2_0/ACH_void.html'

2023-04-25 13:50:14 - [MESSAGE][WARNING] - A browser is already opened. Closing browser and opening a new one

2023-04-25 13:50:15 - [MESSAGE][INFO] - Starting 'Chrome' driver

2023-04-25 13:50:15 - [MESSAGE][INFO] - User set preference: ['acceptInsecureCerts', 'true']

2023-04-25 13:50:15 - [MESSAGE][INFO] - Action delay is set to 0 milliseconds

2023-04-25 13:50:17 - [MESSAGE][PASSED] - Browser is opened with url: 'https://dev-algorithm.govolution.com/vlinktest/demo/version_2_0/ACH_void.html'

2023-04-25 13:50:17 - [TEST_STEP][PASSED] - maximizeWindow(): Current window maximized

2023-04-25 13:50:17 - [MESSAGE][PASSED] - Current window maximized

2023-04-25 13:50:17 - [TEST_STEP][PASSED] - setText(findTestObject("Object Repository/RecAndPlayBk/Page-Vlink-ACH-Void/input_Remittance Id"), VLinkSaleRemID): Text '88748|89501|54849' is set on object 'Object Repository/RecAndPlayBk/Page-Vlink-ACH-Void/input_Remittance Id'

2023-04-25 13:50:18 - [MESSAGE][PASSED] - Text '88748|89501|54849' is set on object 'Object Repository/RecAndPlayBk/Page-Vlink-ACH-Void/input_Remittance Id'

2023-04-25 13:50:18 - [TEST_STEP][PASSED] - setText(findTestObject("Object Repository/RecAndPlayBk/Page-Vlink-ACH-Void/input_Application Id"), appID): Text '1773' is set on object 'Object Repository/RecAndPlayBk/Page-Vlink-ACH-Void/input_Application Id'

2023-04-25 13:50:18 - [MESSAGE][PASSED] - Text '1773' is set on object 'Object Repository/RecAndPlayBk/Page-Vlink-ACH-Void/input_Application Id'

2023-04-25 13:50:18 - [TEST_STEP][PASSED] - setText(findTestObject("Object Repository/RecAndPlayBk/Page-Vlink-ACH-Void/input_Username"), username): Text 'Qq2BV1qtr' is set on object 'Object Repository/RecAndPlayBk/Page-Vlink-ACH-Void/input_Username'

2023-04-25 13:50:19 - [MESSAGE][PASSED] - Text 'Qq2BV1qtr' is set on object 'Object Repository/RecAndPlayBk/Page-Vlink-ACH-Void/input_Username'

2023-04-25 13:50:19 - [TEST_STEP][PASSED] - setText(findTestObject("Object Repository/RecAndPlayBk/Page-Vlink-ACH-Void/input_Password"), password): Text 'tUmWBiLUx' is set on object 'Object Repository/RecAndPlayBk/Page-Vlink-ACH-Void/input_Password'

2023-04-25 13:50:20 - [MESSAGE][PASSED] - Text 'tUmWBiLUx' is set on object 'Object Repository/RecAndPlayBk/Page-Vlink-ACH-Void/input_Password'

2023-04-25 13:50:20 - [TEST_STEP][PASSED] - setText(findTestObject("Object Repository/RecAndPlayBk/Page-Vlink-ACH-Void/input_Check Type"), checkType): Text 'P' is set on object 'Object Repository/RecAndPlayBk/Page-Vlink-ACH-Void/input_Check Type'

2023-04-25 13:50:20 - [MESSAGE][PASSED] - Text 'P' is set on object 'Object Repository/RecAndPlayBk/Page-Vlink-ACH-Void/input_Check Type'

2023-04-25 13:50:20 - [TEST_STEP][PASSED] - setText(findTestObject("Object Repository/RecAndPlayBk/Page-Vlink-ACH-Void/input_Standard Entry Class"), sec): Text 'WEB' is set on object 'Object Repository/RecAndPlayBk/Page-Vlink-ACH-Void/input_Standard Entry Class'

2023-04-25 13:50:21 - [MESSAGE][PASSED] - Text 'WEB' is set on object 'Object Repository/RecAndPlayBk/Page-Vlink-ACH-Void/input_Standard Entry Class'

2023-04-25 13:50:21 - [TEST_STEP][PASSED] - setText(findTestObject("Object Repository/RecAndPlayBk/Page-Vlink-ACH-Void/input_Transaction ID"), VLinkSaleTranxID): Text '2928108' is set on object 'Object Repository/RecAndPlayBk/Page-Vlink-ACH-Void/input_Transaction ID'

2023-04-25 13:50:21 - [MESSAGE][PASSED] - Text '2928108' is set on object 'Object Repository/RecAndPlayBk/Page-Vlink-ACH-Void/input_Transaction ID'

2023-04-25 13:50:21 - [TEST_STEP][PASSED] - setText(findTestObject("Object Repository/RecAndPlayBk/Page-Vlink-ACH-Void/input_Original Transaction Type"), "200"): Text '200' is set on object 'Object Repository/RecAndPlayBk/Page-Vlink-ACH-Void/input_Original Transaction Type'

2023-04-25 13:50:22 - [MESSAGE][PASSED] - Text '200' is set on object 'Object Repository/RecAndPlayBk/Page-Vlink-ACH-Void/input_Original Transaction Type'

2023-04-25 13:50:22 - [TEST_STEP][PASSED] - click(findTestObject("Object Repository/RecAndPlayBk/Page-Vlink-ACH-Void/input")): Object: 'Object Repository/RecAndPlayBk/Page-Vlink-ACH-Void/input' is clicked on

2023-04-25 13:50:23 - [MESSAGE][PASSED] - Object: 'Object Repository/RecAndPlayBk/Page-Vlink-ACH-Void/input' is clicked on

2023-04-25 13:50:23 - [TEST_STEP][PASSED] - if (verifyTextPresent("Transaction approved, no errors", true)): null

2023-04-25 13:50:23 - [MESSAGE][PASSED] - Text 'Transaction approved, no errors' is present on page  using regular expression

2023-04-25 13:50:23 - [TEST_STEP][PASSED] - println("Transaction Approved, no errors text is present on the Confirmation page"): null

2023-04-25 13:50:23 - [TEST_STEP][PASSED] - out.println("Pass Record Number: " + row): null

2023-04-25 13:50:23 - [TEST_STEP][PASSED] - resText = "Pass": null

2023-04-25 13:50:23 - [TEST_STEP][PASSED] - pages.WriteExcel.demoKey(resText, datText, resColumn, datCloumn, fileLoc, nameSheet, row): pages.WriteExcel.demoKey is PASSED

2023-04-25 13:50:23 - [MESSAGE][PASSED] - pages.WriteExcel.demoKey is PASSED

2023-04-25 13:50:23 - [TEST_STEP][PASSED] - ExecuteTC = findTestData(dataFile).getValue("Execute", row): null

2023-04-25 13:50:23 - [TEST_STEP][PASSED] - out.println("Value of Execute is : " + ExecuteTC): null

2023-04-25 13:50:23 - [TEST_STEP][PASSED] - switch (executionProfile): null

2023-04-25 13:50:23 - [TEST_STEP][PASSED] - case "DemoProfile":: null

2023-04-25 13:50:23 - [TEST_STEP][PASSED] - appID = findTestData(dataFile).getValue("AppIDDemo", row): null

2023-04-25 13:50:23 - [TEST_STEP][PASSED] - username = findTestData(dataFile).getValue("UsernameDemo", row): null

2023-04-25 13:50:23 - [TEST_STEP][PASSED] - password = findTestData(dataFile).getValue("PasswordDemo", row): null

2023-04-25 13:50:23 - [TEST_STEP][PASSED] - break: null

2023-04-25 13:50:23 - [TEST_STEP][PASSED] - if (ExecuteTC.equalsIgnoreCase("Y")): null

2023-04-25 13:50:23 - [TEST_STEP][PASSED] - out.println("Begin Record Number: " + row): null

2023-04-25 13:50:23 - [TEST_STEP][PASSED] - today = new java.util.Date(): null

2023-04-25 13:50:23 - [TEST_STEP][PASSED] - println(today): null

2023-04-25 13:50:23 - [TEST_STEP][PASSED] - datText = today: null

2023-04-25 13:50:23 - [TEST_STEP][PASSED] - checkType = findTestData(dataFile).getValue("CheckType", row): null

2023-04-25 13:50:23 - [TEST_STEP][PASSED] - acNumber = findTestData(dataFile).getValue("AcNumber", row): null

2023-04-25 13:50:23 - [TEST_STEP][PASSED] - company = findTestData(dataFile).getValue("Company", row): null

2023-04-25 13:50:23 - [TEST_STEP][PASSED] - acType = findTestData(dataFile).getValue("AcType", row): null

2023-04-25 13:50:23 - [TEST_STEP][PASSED] - rtn = findTestData(dataFile).getValue("RTN", row): null

2023-04-25 13:50:23 - [TEST_STEP][PASSED] - amount = findTestData(dataFile).getValue("Amount", row): null

2023-04-25 13:50:24 - [TEST_STEP][PASSED] - sec = findTestData(dataFile).getValue("SEC", row): null

2023-04-25 13:50:24 - [TEST_STEP][PASSED] - openBrowser(VLinkURL + "debit.html"): Browser is opened with url: 'https://dev-algorithm.govolution.com/vlinktest/demo/version_2_0/debit.html'

2023-04-25 13:50:24 - [MESSAGE][WARNING] - A browser is already opened. Closing browser and opening a new one

2023-04-25 13:50:24 - [MESSAGE][INFO] - Starting 'Chrome' driver

2023-04-25 13:50:24 - [MESSAGE][INFO] - User set preference: ['acceptInsecureCerts', 'true']

2023-04-25 13:50:24 - [MESSAGE][INFO] - Action delay is set to 0 milliseconds

2023-04-25 13:50:26 - [MESSAGE][PASSED] - Browser is opened with url: 'https://dev-algorithm.govolution.com/vlinktest/demo/version_2_0/debit.html'

2023-04-25 13:50:26 - [TEST_STEP][PASSED] - maximizeWindow(): Current window maximized

2023-04-25 13:50:26 - [MESSAGE][PASSED] - Current window maximized

2023-04-25 13:50:26 - [TEST_STEP][PASSED] - genRemID1 = random() * 99999).toInteger(): null

2023-04-25 13:50:26 - [TEST_STEP][PASSED] - genRemID2 = random() * 99999).toInteger(): null

2023-04-25 13:50:26 - [TEST_STEP][PASSED] - genRemID3 = random() * 99999).toInteger(): null

2023-04-25 13:50:26 - [TEST_STEP][PASSED] - println(genRemID1): null

2023-04-25 13:50:26 - [TEST_STEP][PASSED] - println(genRemID2): null

2023-04-25 13:50:26 - [TEST_STEP][PASSED] - println(genRemID3): null

2023-04-25 13:50:26 - [TEST_STEP][PASSED] - genRemID = genRemID1 + "|" + genRemID2 + "|" + genRemID3: null

2023-04-25 13:50:26 - [TEST_STEP][PASSED] - println(genRemID): null

2023-04-25 13:50:26 - [TEST_STEP][PASSED] - setText(findTestObject("RecAndPlayBk/Page-Vlink-Debit/input_Remittance Id"), genRemID): Text '7709|7393|76843' is set on object 'Object Repository/RecAndPlayBk/Page-Vlink-Debit/input_Remittance Id'

2023-04-25 13:50:27 - [MESSAGE][PASSED] - Text '7709|7393|76843' is set on object 'Object Repository/RecAndPlayBk/Page-Vlink-Debit/input_Remittance Id'

2023-04-25 13:50:27 - [TEST_STEP][PASSED] - setText(findTestObject("RecAndPlayBk/Page-Vlink-Debit/input_Application Id"), appID): Text '1773' is set on object 'Object Repository/RecAndPlayBk/Page-Vlink-Debit/input_Application Id'

2023-04-25 13:50:28 - [MESSAGE][PASSED] - Text '1773' is set on object 'Object Repository/RecAndPlayBk/Page-Vlink-Debit/input_Application Id'

2023-04-25 13:50:28 - [TEST_STEP][PASSED] - setText(findTestObject("RecAndPlayBk/Page-Vlink-Debit/input_Username"), username): Text 'Qq2BV1qtr' is set on object 'Object Repository/RecAndPlayBk/Page-Vlink-Debit/input_Username'

2023-04-25 13:50:28 - [MESSAGE][PASSED] - Text 'Qq2BV1qtr' is set on object 'Object Repository/RecAndPlayBk/Page-Vlink-Debit/input_Username'

2023-04-25 13:50:28 - [TEST_STEP][PASSED] - setText(findTestObject("RecAndPlayBk/Page-Vlink-Debit/input_Password"), password): Text 'tUmWBiLUx' is set on object 'Object Repository/RecAndPlayBk/Page-Vlink-Debit/input_Password'

2023-04-25 13:50:29 - [MESSAGE][PASSED] - Text 'tUmWBiLUx' is set on object 'Object Repository/RecAndPlayBk/Page-Vlink-Debit/input_Password'

2023-04-25 13:50:29 - [TEST_STEP][PASSED] - setText(findTestObject("RecAndPlayBk/Page-Vlink-Debit/input_Check Type"), checkType): Text 'P' is set on object 'Object Repository/RecAndPlayBk/Page-Vlink-Debit/input_Check Type'

2023-04-25 13:50:30 - [MESSAGE][PASSED] - Text 'P' is set on object 'Object Repository/RecAndPlayBk/Page-Vlink-Debit/input_Check Type'

2023-04-25 13:50:30 - [TEST_STEP][PASSED] - setText(findTestObject("RecAndPlayBk/Page-Vlink-Debit/input_Account_check"), acNumber): Text '58963214' is set on object 'Object Repository/RecAndPlayBk/Page-Vlink-Debit/input_Account_check'

2023-04-25 13:50:30 - [MESSAGE][PASSED] - Text '58963214' is set on object 'Object Repository/RecAndPlayBk/Page-Vlink-Debit/input_Account_check'

2023-04-25 13:50:30 - [TEST_STEP][PASSED] - setText(findTestObject("RecAndPlayBk/Page-Vlink-Debit/input_Company_check"), company): Text '' is set on object 'Object Repository/RecAndPlayBk/Page-Vlink-Debit/input_Company_check'

2023-04-25 13:50:31 - [MESSAGE][PASSED] - Text '' is set on object 'Object Repository/RecAndPlayBk/Page-Vlink-Debit/input_Company_check'

2023-04-25 13:50:31 - [TEST_STEP][PASSED] - setText(findTestObject("RecAndPlayBk/Page-Vlink-Debit/input_Account Type"), acType): Text '2' is set on object 'Object Repository/RecAndPlayBk/Page-Vlink-Debit/input_Account Type'

2023-04-25 13:50:31 - [MESSAGE][PASSED] - Text '2' is set on object 'Object Repository/RecAndPlayBk/Page-Vlink-Debit/input_Account Type'

2023-04-25 13:50:31 - [TEST_STEP][PASSED] - setText(findTestObject("RecAndPlayBk/Page-Vlink-Debit/input_Routing Number"), rtn): Text '256072691' is set on object 'Object Repository/RecAndPlayBk/Page-Vlink-Debit/input_Routing Number'

2023-04-25 13:50:32 - [MESSAGE][PASSED] - Text '256072691' is set on object 'Object Repository/RecAndPlayBk/Page-Vlink-Debit/input_Routing Number'

2023-04-25 13:50:32 - [TEST_STEP][PASSED] - setText(findTestObject("RecAndPlayBk/Page-Vlink-Debit/input_Amount"), amount): Text '12.50' is set on object 'Object Repository/RecAndPlayBk/Page-Vlink-Debit/input_Amount'

2023-04-25 13:50:33 - [MESSAGE][PASSED] - Text '12.50' is set on object 'Object Repository/RecAndPlayBk/Page-Vlink-Debit/input_Amount'

2023-04-25 13:50:33 - [TEST_STEP][PASSED] - setText(findTestObject("RecAndPlayBk/Page-Vlink-Debit/input_Check Email"), ""): Text '' is set on object 'Object Repository/RecAndPlayBk/Page-Vlink-Debit/input_Check Email'

2023-04-25 13:50:33 - [MESSAGE][PASSED] - Text '' is set on object 'Object Repository/RecAndPlayBk/Page-Vlink-Debit/input_Check Email'

2023-04-25 13:50:33 - [TEST_STEP][PASSED] - setText(findTestObject("Object Repository/RecAndPlayBk/Page-Vlink-Debit/input_concat(CheckWriter, , s SSN)_check_ssn"), ""): Text '' is set on object 'Object Repository/RecAndPlayBk/Page-Vlink-Debit/input_concat(CheckWriter, , s SSN)_check_ssn'

2023-04-25 13:50:34 - [MESSAGE][PASSED] - Text '' is set on object 'Object Repository/RecAndPlayBk/Page-Vlink-Debit/input_concat(CheckWriter, , s SSN)_check_ssn'

2023-04-25 13:50:34 - [TEST_STEP][PASSED] - setText(findTestObject("Object Repository/RecAndPlayBk/Page-Vlink-Debit/input_concat(CheckWriter, , s License Numbe_020fef"), ""): Text '' is set on object 'Object Repository/RecAndPlayBk/Page-Vlink-Debit/input_concat(CheckWriter, , s License Numbe_020fef'

2023-04-25 13:50:34 - [MESSAGE][PASSED] - Text '' is set on object 'Object Repository/RecAndPlayBk/Page-Vlink-Debit/input_concat(CheckWriter, , s License Numbe_020fef'

2023-04-25 13:50:34 - [TEST_STEP][PASSED] - setText(findTestObject("Object Repository/RecAndPlayBk/Page-Vlink-Debit/input_concat(CheckWriter, , s License State_21e3e7"), ""): Text '' is set on object 'Object Repository/RecAndPlayBk/Page-Vlink-Debit/input_concat(CheckWriter, , s License State_21e3e7'

2023-04-25 13:50:35 - [MESSAGE][PASSED] - Text '' is set on object 'Object Repository/RecAndPlayBk/Page-Vlink-Debit/input_concat(CheckWriter, , s License State_21e3e7'

2023-04-25 13:50:35 - [TEST_STEP][PASSED] - setText(findTestObject("RecAndPlayBk/Page-Vlink-Debit/input_Standard Entry Class"), sec): Text 'TEL' is set on object 'Object Repository/RecAndPlayBk/Page-Vlink-Debit/input_Standard Entry Class'

2023-04-25 13:50:36 - [MESSAGE][PASSED] - Text 'TEL' is set on object 'Object Repository/RecAndPlayBk/Page-Vlink-Debit/input_Standard Entry Class'

2023-04-25 13:50:36 - [TEST_STEP][PASSED] - click(findTestObject("Object Repository/RecAndPlayBk/Page-Vlink-Debit/input")): Object: 'Object Repository/RecAndPlayBk/Page-Vlink-Debit/input' is clicked on

2023-04-25 13:50:36 - [MESSAGE][PASSED] - Object: 'Object Repository/RecAndPlayBk/Page-Vlink-Debit/input' is clicked on

2023-04-25 13:50:36 - [TEST_STEP][PASSED] - if (verifyTextPresent("Transaction approved, no errors", true)): null

2023-04-25 13:50:37 - [MESSAGE][PASSED] - Text 'Transaction approved, no errors' is present on page  using regular expression

2023-04-25 13:50:37 - [TEST_STEP][PASSED] - println("Transaction Approved, no errors text is present on the Confirmation page"): null

2023-04-25 13:50:37 - [TEST_STEP][PASSED] - sdfo = getText(findTestObject("Object Repository/Page_VLinkReceipt/pre_STX")): Text of object 'Object Repository/Page_VLinkReceipt/pre_STX' is: '<STX>7709|7393|76843               2928110             0  Transaction approved, no errors                   0                                                                                                              <ETX>'

2023-04-25 13:50:37 - [MESSAGE][PASSED] - Text of object 'Object Repository/Page_VLinkReceipt/pre_STX' is: '<STX>7709|7393|76843               2928110             0  Transaction approved, no errors                   0                                                                                                              <ETX>'

2023-04-25 13:50:37 - [TEST_STEP][PASSED] - out.println("sdfo: " + sdfo): null

2023-04-25 13:50:37 - [TEST_STEP][PASSED] - remID = substring(5, 35).trim(): null

2023-04-25 13:50:37 - [TEST_STEP][PASSED] - out.println("remID: " + remID): null

2023-04-25 13:50:37 - [TEST_STEP][PASSED] - traxID = substring(35, 55).trim(): null

2023-04-25 13:50:37 - [TEST_STEP][PASSED] - out.println("traxID: " + traxID): null

2023-04-25 13:50:37 - [TEST_STEP][PASSED] - VLinkSaleRemID = remID: null

2023-04-25 13:50:37 - [TEST_STEP][PASSED] - VLinkSaleTranxID = traxID: null

2023-04-25 13:50:37 - [TEST_STEP][PASSED] - openBrowser(VLinkURL + "ACH_void.html"): Browser is opened with url: 'https://dev-algorithm.govolution.com/vlinktest/demo/version_2_0/ACH_void.html'

2023-04-25 13:50:37 - [MESSAGE][WARNING] - A browser is already opened. Closing browser and opening a new one

2023-04-25 13:50:38 - [MESSAGE][INFO] - Starting 'Chrome' driver

2023-04-25 13:50:38 - [MESSAGE][INFO] - User set preference: ['acceptInsecureCerts', 'true']

2023-04-25 13:50:38 - [MESSAGE][INFO] - Action delay is set to 0 milliseconds

2023-04-25 13:50:40 - [MESSAGE][PASSED] - Browser is opened with url: 'https://dev-algorithm.govolution.com/vlinktest/demo/version_2_0/ACH_void.html'

2023-04-25 13:50:40 - [TEST_STEP][PASSED] - maximizeWindow(): Current window maximized

2023-04-25 13:50:40 - [MESSAGE][PASSED] - Current window maximized

2023-04-25 13:50:40 - [TEST_STEP][PASSED] - setText(findTestObject("Object Repository/RecAndPlayBk/Page-Vlink-ACH-Void/input_Remittance Id"), VLinkSaleRemID): Text '7709|7393|76843' is set on object 'Object Repository/RecAndPlayBk/Page-Vlink-ACH-Void/input_Remittance Id'

2023-04-25 13:50:41 - [MESSAGE][PASSED] - Text '7709|7393|76843' is set on object 'Object Repository/RecAndPlayBk/Page-Vlink-ACH-Void/input_Remittance Id'

2023-04-25 13:50:41 - [TEST_STEP][PASSED] - setText(findTestObject("Object Repository/RecAndPlayBk/Page-Vlink-ACH-Void/input_Application Id"), appID): Text '1773' is set on object 'Object Repository/RecAndPlayBk/Page-Vlink-ACH-Void/input_Application Id'

2023-04-25 13:50:41 - [MESSAGE][PASSED] - Text '1773' is set on object 'Object Repository/RecAndPlayBk/Page-Vlink-ACH-Void/input_Application Id'

2023-04-25 13:50:41 - [TEST_STEP][PASSED] - setText(findTestObject("Object Repository/RecAndPlayBk/Page-Vlink-ACH-Void/input_Username"), username): Text 'Qq2BV1qtr' is set on object 'Object Repository/RecAndPlayBk/Page-Vlink-ACH-Void/input_Username'

2023-04-25 13:50:42 - [MESSAGE][PASSED] - Text 'Qq2BV1qtr' is set on object 'Object Repository/RecAndPlayBk/Page-Vlink-ACH-Void/input_Username'

2023-04-25 13:50:42 - [TEST_STEP][PASSED] - setText(findTestObject("Object Repository/RecAndPlayBk/Page-Vlink-ACH-Void/input_Password"), password): Text 'tUmWBiLUx' is set on object 'Object Repository/RecAndPlayBk/Page-Vlink-ACH-Void/input_Password'

2023-04-25 13:50:43 - [MESSAGE][PASSED] - Text 'tUmWBiLUx' is set on object 'Object Repository/RecAndPlayBk/Page-Vlink-ACH-Void/input_Password'

2023-04-25 13:50:43 - [TEST_STEP][PASSED] - setText(findTestObject("Object Repository/RecAndPlayBk/Page-Vlink-ACH-Void/input_Check Type"), checkType): Text 'P' is set on object 'Object Repository/RecAndPlayBk/Page-Vlink-ACH-Void/input_Check Type'

2023-04-25 13:50:43 - [MESSAGE][PASSED] - Text 'P' is set on object 'Object Repository/RecAndPlayBk/Page-Vlink-ACH-Void/input_Check Type'

2023-04-25 13:50:43 - [TEST_STEP][PASSED] - setText(findTestObject("Object Repository/RecAndPlayBk/Page-Vlink-ACH-Void/input_Standard Entry Class"), sec): Text 'TEL' is set on object 'Object Repository/RecAndPlayBk/Page-Vlink-ACH-Void/input_Standard Entry Class'

2023-04-25 13:50:44 - [MESSAGE][PASSED] - Text 'TEL' is set on object 'Object Repository/RecAndPlayBk/Page-Vlink-ACH-Void/input_Standard Entry Class'

2023-04-25 13:50:44 - [TEST_STEP][PASSED] - setText(findTestObject("Object Repository/RecAndPlayBk/Page-Vlink-ACH-Void/input_Transaction ID"), VLinkSaleTranxID): Text '2928110' is set on object 'Object Repository/RecAndPlayBk/Page-Vlink-ACH-Void/input_Transaction ID'

2023-04-25 13:50:44 - [MESSAGE][PASSED] - Text '2928110' is set on object 'Object Repository/RecAndPlayBk/Page-Vlink-ACH-Void/input_Transaction ID'

2023-04-25 13:50:44 - [TEST_STEP][PASSED] - setText(findTestObject("Object Repository/RecAndPlayBk/Page-Vlink-ACH-Void/input_Original Transaction Type"), "200"): Text '200' is set on object 'Object Repository/RecAndPlayBk/Page-Vlink-ACH-Void/input_Original Transaction Type'

2023-04-25 13:50:45 - [MESSAGE][PASSED] - Text '200' is set on object 'Object Repository/RecAndPlayBk/Page-Vlink-ACH-Void/input_Original Transaction Type'

2023-04-25 13:50:45 - [TEST_STEP][PASSED] - click(findTestObject("Object Repository/RecAndPlayBk/Page-Vlink-ACH-Void/input")): Object: 'Object Repository/RecAndPlayBk/Page-Vlink-ACH-Void/input' is clicked on

2023-04-25 13:50:46 - [MESSAGE][PASSED] - Object: 'Object Repository/RecAndPlayBk/Page-Vlink-ACH-Void/input' is clicked on

2023-04-25 13:50:46 - [TEST_STEP][PASSED] - if (verifyTextPresent("Transaction approved, no errors", true)): null

2023-04-25 13:50:46 - [MESSAGE][PASSED] - Text 'Transaction approved, no errors' is present on page  using regular expression

2023-04-25 13:50:46 - [TEST_STEP][PASSED] - println("Transaction Approved, no errors text is present on the Confirmation page"): null

2023-04-25 13:50:46 - [TEST_STEP][PASSED] - out.println("Pass Record Number: " + row): null

2023-04-25 13:50:46 - [TEST_STEP][PASSED] - resText = "Pass": null

2023-04-25 13:50:46 - [TEST_STEP][PASSED] - pages.WriteExcel.demoKey(resText, datText, resColumn, datCloumn, fileLoc, nameSheet, row): pages.WriteExcel.demoKey is PASSED

2023-04-25 13:50:46 - [MESSAGE][PASSED] - pages.WriteExcel.demoKey is PASSED

2023-04-25 13:50:46 - [TEST_STEP][PASSED] - ExecuteTC = findTestData(dataFile).getValue("Execute", row): null

2023-04-25 13:50:46 - [TEST_STEP][PASSED] - out.println("Value of Execute is : " + ExecuteTC): null

2023-04-25 13:50:46 - [TEST_STEP][PASSED] - switch (executionProfile): null

2023-04-25 13:50:46 - [TEST_STEP][PASSED] - case "DemoProfile":: null

2023-04-25 13:50:46 - [TEST_STEP][PASSED] - appID = findTestData(dataFile).getValue("AppIDDemo", row): null

2023-04-25 13:50:46 - [TEST_STEP][PASSED] - username = findTestData(dataFile).getValue("UsernameDemo", row): null

2023-04-25 13:50:46 - [TEST_STEP][PASSED] - password = findTestData(dataFile).getValue("PasswordDemo", row): null

2023-04-25 13:50:46 - [TEST_STEP][PASSED] - break: null

2023-04-25 13:50:46 - [TEST_STEP][PASSED] - if (ExecuteTC.equalsIgnoreCase("Y")): null

2023-04-25 13:50:46 - [TEST_STEP][PASSED] - out.println("Begin Record Number: " + row): null

2023-04-25 13:50:46 - [TEST_STEP][PASSED] - today = new java.util.Date(): null

2023-04-25 13:50:46 - [TEST_STEP][PASSED] - println(today): null

2023-04-25 13:50:46 - [TEST_STEP][PASSED] - datText = today: null

2023-04-25 13:50:46 - [TEST_STEP][PASSED] - checkType = findTestData(dataFile).getValue("CheckType", row): null

2023-04-25 13:50:47 - [TEST_STEP][PASSED] - acNumber = findTestData(dataFile).getValue("AcNumber", row): null

2023-04-25 13:50:47 - [TEST_STEP][PASSED] - company = findTestData(dataFile).getValue("Company", row): null

2023-04-25 13:50:47 - [TEST_STEP][PASSED] - acType = findTestData(dataFile).getValue("AcType", row): null

2023-04-25 13:50:47 - [TEST_STEP][PASSED] - rtn = findTestData(dataFile).getValue("RTN", row): null

2023-04-25 13:50:47 - [TEST_STEP][PASSED] - amount = findTestData(dataFile).getValue("Amount", row): null

2023-04-25 13:50:47 - [TEST_STEP][PASSED] - sec = findTestData(dataFile).getValue("SEC", row): null

2023-04-25 13:50:47 - [TEST_STEP][PASSED] - openBrowser(VLinkURL + "debit.html"): Browser is opened with url: 'https://dev-algorithm.govolution.com/vlinktest/demo/version_2_0/debit.html'

2023-04-25 13:50:47 - [MESSAGE][WARNING] - A browser is already opened. Closing browser and opening a new one

2023-04-25 13:50:48 - [MESSAGE][INFO] - Starting 'Chrome' driver

2023-04-25 13:50:48 - [MESSAGE][INFO] - User set preference: ['acceptInsecureCerts', 'true']

2023-04-25 13:50:48 - [MESSAGE][INFO] - Action delay is set to 0 milliseconds

2023-04-25 13:50:50 - [MESSAGE][PASSED] - Browser is opened with url: 'https://dev-algorithm.govolution.com/vlinktest/demo/version_2_0/debit.html'

2023-04-25 13:50:50 - [TEST_STEP][PASSED] - maximizeWindow(): Current window maximized

2023-04-25 13:50:50 - [MESSAGE][PASSED] - Current window maximized

2023-04-25 13:50:50 - [TEST_STEP][PASSED] - genRemID1 = random() * 99999).toInteger(): null

2023-04-25 13:50:50 - [TEST_STEP][PASSED] - genRemID2 = random() * 99999).toInteger(): null

2023-04-25 13:50:50 - [TEST_STEP][PASSED] - genRemID3 = random() * 99999).toInteger(): null

2023-04-25 13:50:50 - [TEST_STEP][PASSED] - println(genRemID1): null

2023-04-25 13:50:50 - [TEST_STEP][PASSED] - println(genRemID2): null

2023-04-25 13:50:50 - [TEST_STEP][PASSED] - println(genRemID3): null

2023-04-25 13:50:50 - [TEST_STEP][PASSED] - genRemID = genRemID1 + "|" + genRemID2 + "|" + genRemID3: null

2023-04-25 13:50:50 - [TEST_STEP][PASSED] - println(genRemID): null

2023-04-25 13:50:50 - [TEST_STEP][PASSED] - setText(findTestObject("RecAndPlayBk/Page-Vlink-Debit/input_Remittance Id"), genRemID): Text '89419|95397|2429' is set on object 'Object Repository/RecAndPlayBk/Page-Vlink-Debit/input_Remittance Id'

2023-04-25 13:50:51 - [MESSAGE][PASSED] - Text '89419|95397|2429' is set on object 'Object Repository/RecAndPlayBk/Page-Vlink-Debit/input_Remittance Id'

2023-04-25 13:50:51 - [TEST_STEP][PASSED] - setText(findTestObject("RecAndPlayBk/Page-Vlink-Debit/input_Application Id"), appID): Text '1773' is set on object 'Object Repository/RecAndPlayBk/Page-Vlink-Debit/input_Application Id'

2023-04-25 13:50:51 - [MESSAGE][PASSED] - Text '1773' is set on object 'Object Repository/RecAndPlayBk/Page-Vlink-Debit/input_Application Id'

2023-04-25 13:50:51 - [TEST_STEP][PASSED] - setText(findTestObject("RecAndPlayBk/Page-Vlink-Debit/input_Username"), username): Text 'Qq2BV1qtr' is set on object 'Object Repository/RecAndPlayBk/Page-Vlink-Debit/input_Username'

2023-04-25 13:50:52 - [MESSAGE][PASSED] - Text 'Qq2BV1qtr' is set on object 'Object Repository/RecAndPlayBk/Page-Vlink-Debit/input_Username'

2023-04-25 13:50:52 - [TEST_STEP][PASSED] - setText(findTestObject("RecAndPlayBk/Page-Vlink-Debit/input_Password"), password): Text 'tUmWBiLUx' is set on object 'Object Repository/RecAndPlayBk/Page-Vlink-Debit/input_Password'

2023-04-25 13:50:53 - [MESSAGE][PASSED] - Text 'tUmWBiLUx' is set on object 'Object Repository/RecAndPlayBk/Page-Vlink-Debit/input_Password'

2023-04-25 13:50:53 - [TEST_STEP][PASSED] - setText(findTestObject("RecAndPlayBk/Page-Vlink-Debit/input_Check Type"), checkType): Text 'P' is set on object 'Object Repository/RecAndPlayBk/Page-Vlink-Debit/input_Check Type'

2023-04-25 13:50:53 - [MESSAGE][PASSED] - Text 'P' is set on object 'Object Repository/RecAndPlayBk/Page-Vlink-Debit/input_Check Type'

2023-04-25 13:50:53 - [TEST_STEP][PASSED] - setText(findTestObject("RecAndPlayBk/Page-Vlink-Debit/input_Account_check"), acNumber): Text '58963214' is set on object 'Object Repository/RecAndPlayBk/Page-Vlink-Debit/input_Account_check'

2023-04-25 13:50:54 - [MESSAGE][PASSED] - Text '58963214' is set on object 'Object Repository/RecAndPlayBk/Page-Vlink-Debit/input_Account_check'

2023-04-25 13:50:54 - [TEST_STEP][PASSED] - setText(findTestObject("RecAndPlayBk/Page-Vlink-Debit/input_Company_check"), company): Text '' is set on object 'Object Repository/RecAndPlayBk/Page-Vlink-Debit/input_Company_check'

2023-04-25 13:50:54 - [MESSAGE][PASSED] - Text '' is set on object 'Object Repository/RecAndPlayBk/Page-Vlink-Debit/input_Company_check'

2023-04-25 13:50:54 - [TEST_STEP][PASSED] - setText(findTestObject("RecAndPlayBk/Page-Vlink-Debit/input_Account Type"), acType): Text '2' is set on object 'Object Repository/RecAndPlayBk/Page-Vlink-Debit/input_Account Type'

2023-04-25 13:50:55 - [MESSAGE][PASSED] - Text '2' is set on object 'Object Repository/RecAndPlayBk/Page-Vlink-Debit/input_Account Type'

2023-04-25 13:50:55 - [TEST_STEP][PASSED] - setText(findTestObject("RecAndPlayBk/Page-Vlink-Debit/input_Routing Number"), rtn): Text '256072691' is set on object 'Object Repository/RecAndPlayBk/Page-Vlink-Debit/input_Routing Number'

2023-04-25 13:50:56 - [MESSAGE][PASSED] - Text '256072691' is set on object 'Object Repository/RecAndPlayBk/Page-Vlink-Debit/input_Routing Number'

2023-04-25 13:50:56 - [TEST_STEP][PASSED] - setText(findTestObject("RecAndPlayBk/Page-Vlink-Debit/input_Amount"), amount): Text '12.50' is set on object 'Object Repository/RecAndPlayBk/Page-Vlink-Debit/input_Amount'

2023-04-25 13:50:56 - [MESSAGE][PASSED] - Text '12.50' is set on object 'Object Repository/RecAndPlayBk/Page-Vlink-Debit/input_Amount'

2023-04-25 13:50:56 - [TEST_STEP][PASSED] - setText(findTestObject("RecAndPlayBk/Page-Vlink-Debit/input_Check Email"), ""): Text '' is set on object 'Object Repository/RecAndPlayBk/Page-Vlink-Debit/input_Check Email'

2023-04-25 13:50:57 - [MESSAGE][PASSED] - Text '' is set on object 'Object Repository/RecAndPlayBk/Page-Vlink-Debit/input_Check Email'

2023-04-25 13:50:57 - [TEST_STEP][PASSED] - setText(findTestObject("Object Repository/RecAndPlayBk/Page-Vlink-Debit/input_concat(CheckWriter, , s SSN)_check_ssn"), ""): Text '' is set on object 'Object Repository/RecAndPlayBk/Page-Vlink-Debit/input_concat(CheckWriter, , s SSN)_check_ssn'

2023-04-25 13:50:58 - [MESSAGE][PASSED] - Text '' is set on object 'Object Repository/RecAndPlayBk/Page-Vlink-Debit/input_concat(CheckWriter, , s SSN)_check_ssn'

2023-04-25 13:50:58 - [TEST_STEP][PASSED] - setText(findTestObject("Object Repository/RecAndPlayBk/Page-Vlink-Debit/input_concat(CheckWriter, , s License Numbe_020fef"), ""): Text '' is set on object 'Object Repository/RecAndPlayBk/Page-Vlink-Debit/input_concat(CheckWriter, , s License Numbe_020fef'

2023-04-25 13:50:58 - [MESSAGE][PASSED] - Text '' is set on object 'Object Repository/RecAndPlayBk/Page-Vlink-Debit/input_concat(CheckWriter, , s License Numbe_020fef'

2023-04-25 13:50:58 - [TEST_STEP][PASSED] - setText(findTestObject("Object Repository/RecAndPlayBk/Page-Vlink-Debit/input_concat(CheckWriter, , s License State_21e3e7"), ""): Text '' is set on object 'Object Repository/RecAndPlayBk/Page-Vlink-Debit/input_concat(CheckWriter, , s License State_21e3e7'

2023-04-25 13:50:59 - [MESSAGE][PASSED] - Text '' is set on object 'Object Repository/RecAndPlayBk/Page-Vlink-Debit/input_concat(CheckWriter, , s License State_21e3e7'

2023-04-25 13:50:59 - [TEST_STEP][PASSED] - setText(findTestObject("RecAndPlayBk/Page-Vlink-Debit/input_Standard Entry Class"), sec): Text 'PPD' is set on object 'Object Repository/RecAndPlayBk/Page-Vlink-Debit/input_Standard Entry Class'

2023-04-25 13:50:59 - [MESSAGE][PASSED] - Text 'PPD' is set on object 'Object Repository/RecAndPlayBk/Page-Vlink-Debit/input_Standard Entry Class'

2023-04-25 13:50:59 - [TEST_STEP][PASSED] - click(findTestObject("Object Repository/RecAndPlayBk/Page-Vlink-Debit/input")): Object: 'Object Repository/RecAndPlayBk/Page-Vlink-Debit/input' is clicked on

2023-04-25 13:51:00 - [MESSAGE][PASSED] - Object: 'Object Repository/RecAndPlayBk/Page-Vlink-Debit/input' is clicked on

2023-04-25 13:51:00 - [TEST_STEP][PASSED] - if (verifyTextPresent("Transaction approved, no errors", true)): null

2023-04-25 13:51:00 - [MESSAGE][PASSED] - Text 'Transaction approved, no errors' is present on page  using regular expression

2023-04-25 13:51:00 - [TEST_STEP][PASSED] - println("Transaction Approved, no errors text is present on the Confirmation page"): null

2023-04-25 13:51:00 - [TEST_STEP][PASSED] - sdfo = getText(findTestObject("Object Repository/Page_VLinkReceipt/pre_STX")): Text of object 'Object Repository/Page_VLinkReceipt/pre_STX' is: '<STX>89419|95397|2429              2928112             0  Transaction approved, no errors                   0                                                                                                              <ETX>'

2023-04-25 13:51:01 - [MESSAGE][PASSED] - Text of object 'Object Repository/Page_VLinkReceipt/pre_STX' is: '<STX>89419|95397|2429              2928112             0  Transaction approved, no errors                   0                                                                                                              <ETX>'

2023-04-25 13:51:01 - [TEST_STEP][PASSED] - out.println("sdfo: " + sdfo): null

2023-04-25 13:51:01 - [TEST_STEP][PASSED] - remID = substring(5, 35).trim(): null

2023-04-25 13:51:01 - [TEST_STEP][PASSED] - out.println("remID: " + remID): null

2023-04-25 13:51:01 - [TEST_STEP][PASSED] - traxID = substring(35, 55).trim(): null

2023-04-25 13:51:01 - [TEST_STEP][PASSED] - out.println("traxID: " + traxID): null

2023-04-25 13:51:01 - [TEST_STEP][PASSED] - VLinkSaleRemID = remID: null

2023-04-25 13:51:01 - [TEST_STEP][PASSED] - VLinkSaleTranxID = traxID: null

2023-04-25 13:51:01 - [TEST_STEP][PASSED] - openBrowser(VLinkURL + "ACH_void.html"): Browser is opened with url: 'https://dev-algorithm.govolution.com/vlinktest/demo/version_2_0/ACH_void.html'

2023-04-25 13:51:01 - [MESSAGE][WARNING] - A browser is already opened. Closing browser and opening a new one

2023-04-25 13:51:02 - [MESSAGE][INFO] - Starting 'Chrome' driver

2023-04-25 13:51:02 - [MESSAGE][INFO] - User set preference: ['acceptInsecureCerts', 'true']

2023-04-25 13:51:02 - [MESSAGE][INFO] - Action delay is set to 0 milliseconds

2023-04-25 13:51:03 - [MESSAGE][PASSED] - Browser is opened with url: 'https://dev-algorithm.govolution.com/vlinktest/demo/version_2_0/ACH_void.html'

2023-04-25 13:51:03 - [TEST_STEP][PASSED] - maximizeWindow(): Current window maximized

2023-04-25 13:51:03 - [MESSAGE][PASSED] - Current window maximized

2023-04-25 13:51:03 - [TEST_STEP][PASSED] - setText(findTestObject("Object Repository/RecAndPlayBk/Page-Vlink-ACH-Void/input_Remittance Id"), VLinkSaleRemID): Text '89419|95397|2429' is set on object 'Object Repository/RecAndPlayBk/Page-Vlink-ACH-Void/input_Remittance Id'

2023-04-25 13:51:04 - [MESSAGE][PASSED] - Text '89419|95397|2429' is set on object 'Object Repository/RecAndPlayBk/Page-Vlink-ACH-Void/input_Remittance Id'

2023-04-25 13:51:04 - [TEST_STEP][PASSED] - setText(findTestObject("Object Repository/RecAndPlayBk/Page-Vlink-ACH-Void/input_Application Id"), appID): Text '1773' is set on object 'Object Repository/RecAndPlayBk/Page-Vlink-ACH-Void/input_Application Id'

2023-04-25 13:51:05 - [MESSAGE][PASSED] - Text '1773' is set on object 'Object Repository/RecAndPlayBk/Page-Vlink-ACH-Void/input_Application Id'

2023-04-25 13:51:05 - [TEST_STEP][PASSED] - setText(findTestObject("Object Repository/RecAndPlayBk/Page-Vlink-ACH-Void/input_Username"), username): Text 'Qq2BV1qtr' is set on object 'Object Repository/RecAndPlayBk/Page-Vlink-ACH-Void/input_Username'

2023-04-25 13:51:06 - [MESSAGE][PASSED] - Text 'Qq2BV1qtr' is set on object 'Object Repository/RecAndPlayBk/Page-Vlink-ACH-Void/input_Username'

2023-04-25 13:51:06 - [TEST_STEP][PASSED] - setText(findTestObject("Object Repository/RecAndPlayBk/Page-Vlink-ACH-Void/input_Password"), password): Text 'tUmWBiLUx' is set on object 'Object Repository/RecAndPlayBk/Page-Vlink-ACH-Void/input_Password'

2023-04-25 13:51:06 - [MESSAGE][PASSED] - Text 'tUmWBiLUx' is set on object 'Object Repository/RecAndPlayBk/Page-Vlink-ACH-Void/input_Password'

2023-04-25 13:51:06 - [TEST_STEP][PASSED] - setText(findTestObject("Object Repository/RecAndPlayBk/Page-Vlink-ACH-Void/input_Check Type"), checkType): Text 'P' is set on object 'Object Repository/RecAndPlayBk/Page-Vlink-ACH-Void/input_Check Type'

2023-04-25 13:51:07 - [MESSAGE][PASSED] - Text 'P' is set on object 'Object Repository/RecAndPlayBk/Page-Vlink-ACH-Void/input_Check Type'

2023-04-25 13:51:07 - [TEST_STEP][PASSED] - setText(findTestObject("Object Repository/RecAndPlayBk/Page-Vlink-ACH-Void/input_Standard Entry Class"), sec): Text 'PPD' is set on object 'Object Repository/RecAndPlayBk/Page-Vlink-ACH-Void/input_Standard Entry Class'

2023-04-25 13:51:07 - [MESSAGE][PASSED] - Text 'PPD' is set on object 'Object Repository/RecAndPlayBk/Page-Vlink-ACH-Void/input_Standard Entry Class'

2023-04-25 13:51:07 - [TEST_STEP][PASSED] - setText(findTestObject("Object Repository/RecAndPlayBk/Page-Vlink-ACH-Void/input_Transaction ID"), VLinkSaleTranxID): Text '2928112' is set on object 'Object Repository/RecAndPlayBk/Page-Vlink-ACH-Void/input_Transaction ID'

2023-04-25 13:51:08 - [MESSAGE][PASSED] - Text '2928112' is set on object 'Object Repository/RecAndPlayBk/Page-Vlink-ACH-Void/input_Transaction ID'

2023-04-25 13:51:08 - [TEST_STEP][PASSED] - setText(findTestObject("Object Repository/RecAndPlayBk/Page-Vlink-ACH-Void/input_Original Transaction Type"), "200"): Text '200' is set on object 'Object Repository/RecAndPlayBk/Page-Vlink-ACH-Void/input_Original Transaction Type'

2023-04-25 13:51:09 - [MESSAGE][PASSED] - Text '200' is set on object 'Object Repository/RecAndPlayBk/Page-Vlink-ACH-Void/input_Original Transaction Type'

2023-04-25 13:51:09 - [TEST_STEP][PASSED] - click(findTestObject("Object Repository/RecAndPlayBk/Page-Vlink-ACH-Void/input")): Object: 'Object Repository/RecAndPlayBk/Page-Vlink-ACH-Void/input' is clicked on

2023-04-25 13:51:09 - [MESSAGE][PASSED] - Object: 'Object Repository/RecAndPlayBk/Page-Vlink-ACH-Void/input' is clicked on

2023-04-25 13:51:09 - [TEST_STEP][PASSED] - if (verifyTextPresent("Transaction approved, no errors", true)): null

2023-04-25 13:51:10 - [MESSAGE][PASSED] - Text 'Transaction approved, no errors' is present on page  using regular expression

2023-04-25 13:51:10 - [TEST_STEP][PASSED] - println("Transaction Approved, no errors text is present on the Confirmation page"): null

2023-04-25 13:51:10 - [TEST_STEP][PASSED] - out.println("Pass Record Number: " + row): null

2023-04-25 13:51:10 - [TEST_STEP][PASSED] - resText = "Pass": null

2023-04-25 13:51:10 - [TEST_STEP][PASSED] - pages.WriteExcel.demoKey(resText, datText, resColumn, datCloumn, fileLoc, nameSheet, row): pages.WriteExcel.demoKey is PASSED

2023-04-25 13:51:10 - [MESSAGE][PASSED] - pages.WriteExcel.demoKey is PASSED

2023-04-25 13:51:10 - [TEST_STEP][PASSED] - ExecuteTC = findTestData(dataFile).getValue("Execute", row): null

2023-04-25 13:51:10 - [TEST_STEP][PASSED] - out.println("Value of Execute is : " + ExecuteTC): null

2023-04-25 13:51:10 - [TEST_STEP][PASSED] - switch (executionProfile): null

2023-04-25 13:51:10 - [TEST_STEP][PASSED] - case "DemoProfile":: null

2023-04-25 13:51:10 - [TEST_STEP][PASSED] - appID = findTestData(dataFile).getValue("AppIDDemo", row): null

2023-04-25 13:51:10 - [TEST_STEP][PASSED] - username = findTestData(dataFile).getValue("UsernameDemo", row): null

2023-04-25 13:51:10 - [TEST_STEP][PASSED] - password = findTestData(dataFile).getValue("PasswordDemo", row): null

2023-04-25 13:51:10 - [TEST_STEP][PASSED] - break: null

2023-04-25 13:51:10 - [TEST_STEP][PASSED] - if (ExecuteTC.equalsIgnoreCase("Y")): null

2023-04-25 13:51:10 - [TEST_STEP][PASSED] - out.println("Begin Record Number: " + row): null

2023-04-25 13:51:10 - [TEST_STEP][PASSED] - today = new java.util.Date(): null

2023-04-25 13:51:10 - [TEST_STEP][PASSED] - println(today): null

2023-04-25 13:51:10 - [TEST_STEP][PASSED] - datText = today: null

2023-04-25 13:51:10 - [TEST_STEP][PASSED] - checkType = findTestData(dataFile).getValue("CheckType", row): null

2023-04-25 13:51:10 - [TEST_STEP][PASSED] - acNumber = findTestData(dataFile).getValue("AcNumber", row): null

2023-04-25 13:51:10 - [TEST_STEP][PASSED] - company = findTestData(dataFile).getValue("Company", row): null

2023-04-25 13:51:10 - [TEST_STEP][PASSED] - acType = findTestData(dataFile).getValue("AcType", row): null

2023-04-25 13:51:10 - [TEST_STEP][PASSED] - rtn = findTestData(dataFile).getValue("RTN", row): null

2023-04-25 13:51:10 - [TEST_STEP][PASSED] - amount = findTestData(dataFile).getValue("Amount", row): null

2023-04-25 13:51:10 - [TEST_STEP][PASSED] - sec = findTestData(dataFile).getValue("SEC", row): null

2023-04-25 13:51:10 - [TEST_STEP][PASSED] - openBrowser(VLinkURL + "debit.html"): Browser is opened with url: 'https://dev-algorithm.govolution.com/vlinktest/demo/version_2_0/debit.html'

2023-04-25 13:51:10 - [MESSAGE][WARNING] - A browser is already opened. Closing browser and opening a new one

2023-04-25 13:51:11 - [MESSAGE][INFO] - Starting 'Chrome' driver

2023-04-25 13:51:11 - [MESSAGE][INFO] - User set preference: ['acceptInsecureCerts', 'true']

2023-04-25 13:51:11 - [MESSAGE][INFO] - Action delay is set to 0 milliseconds

2023-04-25 13:51:13 - [MESSAGE][PASSED] - Browser is opened with url: 'https://dev-algorithm.govolution.com/vlinktest/demo/version_2_0/debit.html'

2023-04-25 13:51:13 - [TEST_STEP][PASSED] - maximizeWindow(): Current window maximized

2023-04-25 13:51:13 - [MESSAGE][PASSED] - Current window maximized

2023-04-25 13:51:13 - [TEST_STEP][PASSED] - genRemID1 = random() * 99999).toInteger(): null

2023-04-25 13:51:13 - [TEST_STEP][PASSED] - genRemID2 = random() * 99999).toInteger(): null

2023-04-25 13:51:13 - [TEST_STEP][PASSED] - genRemID3 = random() * 99999).toInteger(): null

2023-04-25 13:51:13 - [TEST_STEP][PASSED] - println(genRemID1): null

2023-04-25 13:51:13 - [TEST_STEP][PASSED] - println(genRemID2): null

2023-04-25 13:51:13 - [TEST_STEP][PASSED] - println(genRemID3): null

2023-04-25 13:51:13 - [TEST_STEP][PASSED] - genRemID = genRemID1 + "|" + genRemID2 + "|" + genRemID3: null

2023-04-25 13:51:13 - [TEST_STEP][PASSED] - println(genRemID): null

2023-04-25 13:51:13 - [TEST_STEP][PASSED] - setText(findTestObject("RecAndPlayBk/Page-Vlink-Debit/input_Remittance Id"), genRemID): Text '3964|51856|38634' is set on object 'Object Repository/RecAndPlayBk/Page-Vlink-Debit/input_Remittance Id'

2023-04-25 13:51:14 - [MESSAGE][PASSED] - Text '3964|51856|38634' is set on object 'Object Repository/RecAndPlayBk/Page-Vlink-Debit/input_Remittance Id'

2023-04-25 13:51:14 - [TEST_STEP][PASSED] - setText(findTestObject("RecAndPlayBk/Page-Vlink-Debit/input_Application Id"), appID): Text '1773' is set on object 'Object Repository/RecAndPlayBk/Page-Vlink-Debit/input_Application Id'

2023-04-25 13:51:15 - [MESSAGE][PASSED] - Text '1773' is set on object 'Object Repository/RecAndPlayBk/Page-Vlink-Debit/input_Application Id'

2023-04-25 13:51:15 - [TEST_STEP][PASSED] - setText(findTestObject("RecAndPlayBk/Page-Vlink-Debit/input_Username"), username): Text 'Qq2BV1qtr' is set on object 'Object Repository/RecAndPlayBk/Page-Vlink-Debit/input_Username'

2023-04-25 13:51:15 - [MESSAGE][PASSED] - Text 'Qq2BV1qtr' is set on object 'Object Repository/RecAndPlayBk/Page-Vlink-Debit/input_Username'

2023-04-25 13:51:15 - [TEST_STEP][PASSED] - setText(findTestObject("RecAndPlayBk/Page-Vlink-Debit/input_Password"), password): Text 'tUmWBiLUx' is set on object 'Object Repository/RecAndPlayBk/Page-Vlink-Debit/input_Password'

2023-04-25 13:51:16 - [MESSAGE][PASSED] - Text 'tUmWBiLUx' is set on object 'Object Repository/RecAndPlayBk/Page-Vlink-Debit/input_Password'

2023-04-25 13:51:16 - [TEST_STEP][PASSED] - setText(findTestObject("RecAndPlayBk/Page-Vlink-Debit/input_Check Type"), checkType): Text 'C' is set on object 'Object Repository/RecAndPlayBk/Page-Vlink-Debit/input_Check Type'

2023-04-25 13:51:17 - [MESSAGE][PASSED] - Text 'C' is set on object 'Object Repository/RecAndPlayBk/Page-Vlink-Debit/input_Check Type'

2023-04-25 13:51:17 - [TEST_STEP][PASSED] - setText(findTestObject("RecAndPlayBk/Page-Vlink-Debit/input_Account_check"), acNumber): Text '58963214' is set on object 'Object Repository/RecAndPlayBk/Page-Vlink-Debit/input_Account_check'

2023-04-25 13:51:17 - [MESSAGE][PASSED] - Text '58963214' is set on object 'Object Repository/RecAndPlayBk/Page-Vlink-Debit/input_Account_check'

2023-04-25 13:51:17 - [TEST_STEP][PASSED] - setText(findTestObject("RecAndPlayBk/Page-Vlink-Debit/input_Company_check"), company): Text 'My Company' is set on object 'Object Repository/RecAndPlayBk/Page-Vlink-Debit/input_Company_check'

2023-04-25 13:51:18 - [MESSAGE][PASSED] - Text 'My Company' is set on object 'Object Repository/RecAndPlayBk/Page-Vlink-Debit/input_Company_check'

2023-04-25 13:51:18 - [TEST_STEP][PASSED] - setText(findTestObject("RecAndPlayBk/Page-Vlink-Debit/input_Account Type"), acType): Text '' is set on object 'Object Repository/RecAndPlayBk/Page-Vlink-Debit/input_Account Type'

2023-04-25 13:51:18 - [MESSAGE][PASSED] - Text '' is set on object 'Object Repository/RecAndPlayBk/Page-Vlink-Debit/input_Account Type'

2023-04-25 13:51:18 - [TEST_STEP][PASSED] - setText(findTestObject("RecAndPlayBk/Page-Vlink-Debit/input_Routing Number"), rtn): Text '256072691' is set on object 'Object Repository/RecAndPlayBk/Page-Vlink-Debit/input_Routing Number'

2023-04-25 13:51:19 - [MESSAGE][PASSED] - Text '256072691' is set on object 'Object Repository/RecAndPlayBk/Page-Vlink-Debit/input_Routing Number'

2023-04-25 13:51:19 - [TEST_STEP][PASSED] - setText(findTestObject("RecAndPlayBk/Page-Vlink-Debit/input_Amount"), amount): Text '12.50' is set on object 'Object Repository/RecAndPlayBk/Page-Vlink-Debit/input_Amount'

2023-04-25 13:51:20 - [MESSAGE][PASSED] - Text '12.50' is set on object 'Object Repository/RecAndPlayBk/Page-Vlink-Debit/input_Amount'

2023-04-25 13:51:20 - [TEST_STEP][PASSED] - setText(findTestObject("RecAndPlayBk/Page-Vlink-Debit/input_Check Email"), ""): Text '' is set on object 'Object Repository/RecAndPlayBk/Page-Vlink-Debit/input_Check Email'

2023-04-25 13:51:20 - [MESSAGE][PASSED] - Text '' is set on object 'Object Repository/RecAndPlayBk/Page-Vlink-Debit/input_Check Email'

2023-04-25 13:51:20 - [TEST_STEP][PASSED] - setText(findTestObject("Object Repository/RecAndPlayBk/Page-Vlink-Debit/input_concat(CheckWriter, , s SSN)_check_ssn"), ""): Text '' is set on object 'Object Repository/RecAndPlayBk/Page-Vlink-Debit/input_concat(CheckWriter, , s SSN)_check_ssn'

2023-04-25 13:51:21 - [MESSAGE][PASSED] - Text '' is set on object 'Object Repository/RecAndPlayBk/Page-Vlink-Debit/input_concat(CheckWriter, , s SSN)_check_ssn'

2023-04-25 13:51:21 - [TEST_STEP][PASSED] - setText(findTestObject("Object Repository/RecAndPlayBk/Page-Vlink-Debit/input_concat(CheckWriter, , s License Numbe_020fef"), ""): Text '' is set on object 'Object Repository/RecAndPlayBk/Page-Vlink-Debit/input_concat(CheckWriter, , s License Numbe_020fef'

2023-04-25 13:51:21 - [MESSAGE][PASSED] - Text '' is set on object 'Object Repository/RecAndPlayBk/Page-Vlink-Debit/input_concat(CheckWriter, , s License Numbe_020fef'

2023-04-25 13:51:21 - [TEST_STEP][PASSED] - setText(findTestObject("Object Repository/RecAndPlayBk/Page-Vlink-Debit/input_concat(CheckWriter, , s License State_21e3e7"), ""): Text '' is set on object 'Object Repository/RecAndPlayBk/Page-Vlink-Debit/input_concat(CheckWriter, , s License State_21e3e7'

2023-04-25 13:51:22 - [MESSAGE][PASSED] - Text '' is set on object 'Object Repository/RecAndPlayBk/Page-Vlink-Debit/input_concat(CheckWriter, , s License State_21e3e7'

2023-04-25 13:51:22 - [TEST_STEP][PASSED] - setText(findTestObject("RecAndPlayBk/Page-Vlink-Debit/input_Standard Entry Class"), sec): Text 'CCD' is set on object 'Object Repository/RecAndPlayBk/Page-Vlink-Debit/input_Standard Entry Class'

2023-04-25 13:51:23 - [MESSAGE][PASSED] - Text 'CCD' is set on object 'Object Repository/RecAndPlayBk/Page-Vlink-Debit/input_Standard Entry Class'

2023-04-25 13:51:23 - [TEST_STEP][PASSED] - click(findTestObject("Object Repository/RecAndPlayBk/Page-Vlink-Debit/input")): Object: 'Object Repository/RecAndPlayBk/Page-Vlink-Debit/input' is clicked on

2023-04-25 13:51:24 - [MESSAGE][PASSED] - Object: 'Object Repository/RecAndPlayBk/Page-Vlink-Debit/input' is clicked on

2023-04-25 13:51:24 - [TEST_STEP][PASSED] - if (verifyTextPresent("Transaction approved, no errors", true)): null

2023-04-25 13:51:24 - [MESSAGE][PASSED] - Text 'Transaction approved, no errors' is present on page  using regular expression

2023-04-25 13:51:24 - [TEST_STEP][PASSED] - println("Transaction Approved, no errors text is present on the Confirmation page"): null

2023-04-25 13:51:24 - [TEST_STEP][PASSED] - sdfo = getText(findTestObject("Object Repository/Page_VLinkReceipt/pre_STX")): Text of object 'Object Repository/Page_VLinkReceipt/pre_STX' is: '<STX>3964|51856|38634              2928114             0  Transaction approved, no errors                   0                                                                                                              <ETX>'

2023-04-25 13:51:24 - [MESSAGE][PASSED] - Text of object 'Object Repository/Page_VLinkReceipt/pre_STX' is: '<STX>3964|51856|38634              2928114             0  Transaction approved, no errors                   0                                                                                                              <ETX>'

2023-04-25 13:51:24 - [TEST_STEP][PASSED] - out.println("sdfo: " + sdfo): null

2023-04-25 13:51:24 - [TEST_STEP][PASSED] - remID = substring(5, 35).trim(): null

2023-04-25 13:51:24 - [TEST_STEP][PASSED] - out.println("remID: " + remID): null

2023-04-25 13:51:24 - [TEST_STEP][PASSED] - traxID = substring(35, 55).trim(): null

2023-04-25 13:51:24 - [TEST_STEP][PASSED] - out.println("traxID: " + traxID): null

2023-04-25 13:51:24 - [TEST_STEP][PASSED] - VLinkSaleRemID = remID: null

2023-04-25 13:51:24 - [TEST_STEP][PASSED] - VLinkSaleTranxID = traxID: null

2023-04-25 13:51:24 - [TEST_STEP][PASSED] - openBrowser(VLinkURL + "ACH_void.html"): Browser is opened with url: 'https://dev-algorithm.govolution.com/vlinktest/demo/version_2_0/ACH_void.html'

2023-04-25 13:51:24 - [MESSAGE][WARNING] - A browser is already opened. Closing browser and opening a new one

2023-04-25 13:51:25 - [MESSAGE][INFO] - Starting 'Chrome' driver

2023-04-25 13:51:25 - [MESSAGE][INFO] - User set preference: ['acceptInsecureCerts', 'true']

2023-04-25 13:51:25 - [MESSAGE][INFO] - Action delay is set to 0 milliseconds

2023-04-25 13:51:27 - [MESSAGE][PASSED] - Browser is opened with url: 'https://dev-algorithm.govolution.com/vlinktest/demo/version_2_0/ACH_void.html'

2023-04-25 13:51:27 - [TEST_STEP][PASSED] - maximizeWindow(): Current window maximized

2023-04-25 13:51:27 - [MESSAGE][PASSED] - Current window maximized

2023-04-25 13:51:27 - [TEST_STEP][PASSED] - setText(findTestObject("Object Repository/RecAndPlayBk/Page-Vlink-ACH-Void/input_Remittance Id"), VLinkSaleRemID): Text '3964|51856|38634' is set on object 'Object Repository/RecAndPlayBk/Page-Vlink-ACH-Void/input_Remittance Id'

2023-04-25 13:51:28 - [MESSAGE][PASSED] - Text '3964|51856|38634' is set on object 'Object Repository/RecAndPlayBk/Page-Vlink-ACH-Void/input_Remittance Id'

2023-04-25 13:51:28 - [TEST_STEP][PASSED] - setText(findTestObject("Object Repository/RecAndPlayBk/Page-Vlink-ACH-Void/input_Application Id"), appID): Text '1773' is set on object 'Object Repository/RecAndPlayBk/Page-Vlink-ACH-Void/input_Application Id'

2023-04-25 13:51:29 - [MESSAGE][PASSED] - Text '1773' is set on object 'Object Repository/RecAndPlayBk/Page-Vlink-ACH-Void/input_Application Id'

2023-04-25 13:51:29 - [TEST_STEP][PASSED] - setText(findTestObject("Object Repository/RecAndPlayBk/Page-Vlink-ACH-Void/input_Username"), username): Text 'Qq2BV1qtr' is set on object 'Object Repository/RecAndPlayBk/Page-Vlink-ACH-Void/input_Username'

2023-04-25 13:51:29 - [MESSAGE][PASSED] - Text 'Qq2BV1qtr' is set on object 'Object Repository/RecAndPlayBk/Page-Vlink-ACH-Void/input_Username'

2023-04-25 13:51:29 - [TEST_STEP][PASSED] - setText(findTestObject("Object Repository/RecAndPlayBk/Page-Vlink-ACH-Void/input_Password"), password): Text 'tUmWBiLUx' is set on object 'Object Repository/RecAndPlayBk/Page-Vlink-ACH-Void/input_Password'

2023-04-25 13:51:30 - [MESSAGE][PASSED] - Text 'tUmWBiLUx' is set on object 'Object Repository/RecAndPlayBk/Page-Vlink-ACH-Void/input_Password'

2023-04-25 13:51:30 - [TEST_STEP][PASSED] - setText(findTestObject("Object Repository/RecAndPlayBk/Page-Vlink-ACH-Void/input_Check Type"), checkType): Text 'C' is set on object 'Object Repository/RecAndPlayBk/Page-Vlink-ACH-Void/input_Check Type'

2023-04-25 13:51:30 - [MESSAGE][PASSED] - Text 'C' is set on object 'Object Repository/RecAndPlayBk/Page-Vlink-ACH-Void/input_Check Type'

2023-04-25 13:51:30 - [TEST_STEP][PASSED] - setText(findTestObject("Object Repository/RecAndPlayBk/Page-Vlink-ACH-Void/input_Standard Entry Class"), sec): Text 'CCD' is set on object 'Object Repository/RecAndPlayBk/Page-Vlink-ACH-Void/input_Standard Entry Class'

2023-04-25 13:51:31 - [MESSAGE][PASSED] - Text 'CCD' is set on object 'Object Repository/RecAndPlayBk/Page-Vlink-ACH-Void/input_Standard Entry Class'

2023-04-25 13:51:31 - [TEST_STEP][PASSED] - setText(findTestObject("Object Repository/RecAndPlayBk/Page-Vlink-ACH-Void/input_Transaction ID"), VLinkSaleTranxID): Text '2928114' is set on object 'Object Repository/RecAndPlayBk/Page-Vlink-ACH-Void/input_Transaction ID'

2023-04-25 13:51:32 - [MESSAGE][PASSED] - Text '2928114' is set on object 'Object Repository/RecAndPlayBk/Page-Vlink-ACH-Void/input_Transaction ID'

2023-04-25 13:51:32 - [TEST_STEP][PASSED] - setText(findTestObject("Object Repository/RecAndPlayBk/Page-Vlink-ACH-Void/input_Original Transaction Type"), "200"): Text '200' is set on object 'Object Repository/RecAndPlayBk/Page-Vlink-ACH-Void/input_Original Transaction Type'

2023-04-25 13:51:32 - [MESSAGE][PASSED] - Text '200' is set on object 'Object Repository/RecAndPlayBk/Page-Vlink-ACH-Void/input_Original Transaction Type'

2023-04-25 13:51:32 - [TEST_STEP][PASSED] - click(findTestObject("Object Repository/RecAndPlayBk/Page-Vlink-ACH-Void/input")): Object: 'Object Repository/RecAndPlayBk/Page-Vlink-ACH-Void/input' is clicked on

2023-04-25 13:51:33 - [MESSAGE][PASSED] - Object: 'Object Repository/RecAndPlayBk/Page-Vlink-ACH-Void/input' is clicked on

2023-04-25 13:51:33 - [TEST_STEP][PASSED] - if (verifyTextPresent("Transaction approved, no errors", true)): null

2023-04-25 13:51:33 - [MESSAGE][PASSED] - Text 'Transaction approved, no errors' is present on page  using regular expression

2023-04-25 13:51:33 - [TEST_STEP][PASSED] - println("Transaction Approved, no errors text is present on the Confirmation page"): null

2023-04-25 13:51:33 - [TEST_STEP][PASSED] - out.println("Pass Record Number: " + row): null

2023-04-25 13:51:33 - [TEST_STEP][PASSED] - resText = "Pass": null

2023-04-25 13:51:33 - [TEST_STEP][PASSED] - pages.WriteExcel.demoKey(resText, datText, resColumn, datCloumn, fileLoc, nameSheet, row): pages.WriteExcel.demoKey is PASSED

2023-04-25 13:51:33 - [MESSAGE][PASSED] - pages.WriteExcel.demoKey is PASSED]]></system-out>
         <system-err><![CDATA[]]></system-err>
      </testcase>
      <system-out><![CDATA[2023-04-25 13:46:05 - [TEST_SUITE][PASSED] - QA_Smoke_Test: Test Cases/RecAndPlayBk/VLink/Debit-Void-RemID-Pipe]]></system-out>
      <system-err><![CDATA[]]></system-err>
   </testsuite>
</testsuites>
