<?xml version="1.0" encoding="UTF-8"?>
<testsuites name="RAD_UI_TestSuite" time="882.428" tests="32" failures="12" errors="0">
   <testsuite name="RAD_UI_TestSuite" tests="32" failures="12" errors="0" time="882.428" skipped="0" timestamp="2023-09-26 17:58:07" hostname="imtiaz - DESKTOP-B2QI6NS.govolution.com" id="Test Suites/RAD_TestSuite/RAD_UI_TestSuite">
      <properties>
         <property name="deviceName" value=""/>
         <property name="devicePlatform" value=""/>
         <property name="logFolder" value="E:\\Cloned-Project-Katalon\\VPS-Katalon\\Reports\\20230926_175802\\RAD_TestSuite\\RAD_UI_TestSuite\\20230926_175802"/>
         <property name="logFiles" value="E:\\Cloned-Project-Katalon\\VPS-Katalon\\Reports\\20230926_175802\\RAD_TestSuite\\RAD_UI_TestSuite\\20230926_175802\\execution0.log"/>
         <property name="attachments" value="E:\\Cloned-Project-Katalon\\VPS-Katalon\\Reports\\20230926_175802\\RAD_TestSuite\\RAD_UI_TestSuite\\20230926_175802\\1695765581625.png, E:\\Cloned-Project-Katalon\\VPS-Katalon\\Reports\\20230926_175802\\RAD_TestSuite\\RAD_UI_TestSuite\\20230926_175802\\1695765582316.png, E:\\Cloned-Project-Katalon\\VPS-Katalon\\Reports\\20230926_175802\\RAD_TestSuite\\RAD_UI_TestSuite\\20230926_175802\\1695765611296.png, E:\\Cloned-Project-Katalon\\VPS-Katalon\\Reports\\20230926_175802\\RAD_TestSuite\\RAD_UI_TestSuite\\20230926_175802\\1695765612020.png, E:\\Cloned-Project-Katalon\\VPS-Katalon\\Reports\\20230926_175802\\RAD_TestSuite\\RAD_UI_TestSuite\\20230926_175802\\1695765640706.png, E:\\Cloned-Project-Katalon\\VPS-Katalon\\Reports\\20230926_175802\\RAD_TestSuite\\RAD_UI_TestSuite\\20230926_175802\\1695765641386.png, E:\\Cloned-Project-Katalon\\VPS-Katalon\\Reports\\20230926_175802\\RAD_TestSuite\\RAD_UI_TestSuite\\20230926_175802\\1695765669773.png, E:\\Cloned-Project-Katalon\\VPS-Katalon\\Reports\\20230926_175802\\RAD_TestSuite\\RAD_UI_TestSuite\\20230926_175802\\1695765670452.png, E:\\Cloned-Project-Katalon\\VPS-Katalon\\Reports\\20230926_175802\\RAD_TestSuite\\RAD_UI_TestSuite\\20230926_175802\\1695766084819.png, E:\\Cloned-Project-Katalon\\VPS-Katalon\\Reports\\20230926_175802\\RAD_TestSuite\\RAD_UI_TestSuite\\20230926_175802\\1695766085543.png, E:\\Cloned-Project-Katalon\\VPS-Katalon\\Reports\\20230926_175802\\RAD_TestSuite\\RAD_UI_TestSuite\\20230926_175802\\1695766111675.png, E:\\Cloned-Project-Katalon\\VPS-Katalon\\Reports\\20230926_175802\\RAD_TestSuite\\RAD_UI_TestSuite\\20230926_175802\\1695766112305.png, E:\\Cloned-Project-Katalon\\VPS-Katalon\\Reports\\20230926_175802\\RAD_TestSuite\\RAD_UI_TestSuite\\20230926_175802\\1695766138562.png, E:\\Cloned-Project-Katalon\\VPS-Katalon\\Reports\\20230926_175802\\RAD_TestSuite\\RAD_UI_TestSuite\\20230926_175802\\1695766139228.png, E:\\Cloned-Project-Katalon\\VPS-Katalon\\Reports\\20230926_175802\\RAD_TestSuite\\RAD_UI_TestSuite\\20230926_175802\\1695766165220.png, E:\\Cloned-Project-Katalon\\VPS-Katalon\\Reports\\20230926_175802\\RAD_TestSuite\\RAD_UI_TestSuite\\20230926_175802\\1695766165868.png, E:\\Cloned-Project-Katalon\\VPS-Katalon\\Reports\\20230926_175802\\RAD_TestSuite\\RAD_UI_TestSuite\\20230926_175802\\1695766260798.png, E:\\Cloned-Project-Katalon\\VPS-Katalon\\Reports\\20230926_175802\\RAD_TestSuite\\RAD_UI_TestSuite\\20230926_175802\\1695766261490.png, E:\\Cloned-Project-Katalon\\VPS-Katalon\\Reports\\20230926_175802\\RAD_TestSuite\\RAD_UI_TestSuite\\20230926_175802\\1695766286853.png, E:\\Cloned-Project-Katalon\\VPS-Katalon\\Reports\\20230926_175802\\RAD_TestSuite\\RAD_UI_TestSuite\\20230926_175802\\1695766287530.png, E:\\Cloned-Project-Katalon\\VPS-Katalon\\Reports\\20230926_175802\\RAD_TestSuite\\RAD_UI_TestSuite\\20230926_175802\\1695766313294.png, E:\\Cloned-Project-Katalon\\VPS-Katalon\\Reports\\20230926_175802\\RAD_TestSuite\\RAD_UI_TestSuite\\20230926_175802\\1695766314012.png, E:\\Cloned-Project-Katalon\\VPS-Katalon\\Reports\\20230926_175802\\RAD_TestSuite\\RAD_UI_TestSuite\\20230926_175802\\1695766339764.png, E:\\Cloned-Project-Katalon\\VPS-Katalon\\Reports\\20230926_175802\\RAD_TestSuite\\RAD_UI_TestSuite\\20230926_175802\\1695766340450.png"/>
         <property name="hostName" value="imtiaz - DESKTOP-B2QI6NS.govolution.com"/>
         <property name="os" value="Windows 10 64bit"/>
         <property name="katalonVersion" value="8.6.6.208"/>
         <property name="browser" value="Chrome 116.0.0.0"/>
         <property name="hostAddress" value="172.31.253.139"/>
         <property name="sessionId" value="8c673875c3b7772c991c33f8807843f6"/>
         <property name="seleniumVersion" value="3.141.59"/>
         <property name="proxyInformation" value="ProxyInformation { proxyOption=NO_PROXY, proxyServerType=HTTP, username=, password=********, proxyServerAddress=, proxyServerPort=0, executionList=&quot;&quot;, isApplyToDesiredCapabilities=true }"/>
         <property name="platform" value="Windows 10"/>
      </properties>
      <testcase name="Test Cases/RAD_TestCases/UI_TestCases/Estimated/EstimatedTax_UI_TC" time="40.135" classname="Test Cases/RAD_TestCases/UI_TestCases/Estimated/EstimatedTax_UI_TC" status="PASSED">
         <system-out><![CDATA[2023-09-26 17:58:08 - [TEST_CASE][PASSED] - Test Cases/RAD_TestCases/UI_TestCases/Estimated/EstimatedTax_UI_TC: Test Cases/RAD_TestCases/UI_TestCases/Estimated/EstimatedTax_UI_TC

2023-09-26 17:58:08 - [TEST_STEP][PASSED] - openBrowser(""): Browser is opened with url: ''

2023-09-26 17:58:09 - [MESSAGE][INFO] - Starting 'Chrome' driver

2023-09-26 17:58:09 - [MESSAGE][INFO] - User set preference: ['acceptInsecureCerts', 'true']

2023-09-26 17:58:09 - [MESSAGE][INFO] - Action delay is set to 0 milliseconds

2023-09-26 17:58:11 - [MESSAGE][PASSED] - Browser is opened with url: ''

2023-09-26 17:58:11 - [TEST_STEP][PASSED] - maximizeWindow(): Current window maximized

2023-09-26 17:58:11 - [MESSAGE][PASSED] - Current window maximized

2023-09-26 17:58:11 - [TEST_STEP][PASSED] - navigateToUrl(RADurl): Navigate to 'https://qa2.velocitypayment.com/client/rad/index.html' successfully

2023-09-26 17:58:13 - [MESSAGE][PASSED] - Navigate to 'https://qa2.velocitypayment.com/client/rad/index.html' successfully

2023-09-26 17:58:13 - [TEST_STEP][PASSED] - orPath_Landing = "Object Repository/RAD_Pages/Landing_Page": null

2023-09-26 17:58:13 - [TEST_STEP][PASSED] - orPath_TaxTypeFilingYear = "Object Repository/RAD_Pages/TaxTypeFilingYear_Page": null

2023-09-26 17:58:13 - [TEST_STEP][PASSED] - orPath_TaxPayer = "Object Repository/RAD_Pages/Taxpayer_Page": null

2023-09-26 17:58:13 - [TEST_STEP][PASSED] - orPath_AddressContact = "Object Repository/RAD_Pages/AddressAndContactInfo_Page": null

2023-09-26 17:58:13 - [TEST_STEP][PASSED] - orPath_FilingStatus = "Object Repository/RAD_Pages/FilingStatus_Page": null

2023-09-26 17:58:13 - [TEST_STEP][PASSED] - orPath_Amount = "Object Repository/RAD_Pages/PaymentAmount_Page": null

2023-09-26 17:58:13 - [TEST_STEP][PASSED] - orPath_TaxInfo = "Object Repository/RAD_Pages/TaxInfo_Page": null

2023-09-26 17:58:13 - [TEST_STEP][PASSED] - selectOptionByLabel(findTestObject(orPath_Landing + "/dd_TaxType"), "Quarterly Estimated Tax", false): All options with label 'Quarterly Estimated Tax' are selected in object 'Object Repository/RAD_Pages/Landing_Page/dd_TaxType' 

2023-09-26 17:58:14 - [MESSAGE][PASSED] - All options with label 'Quarterly Estimated Tax' are selected in object 'Object Repository/RAD_Pages/Landing_Page/dd_TaxType' 

2023-09-26 17:58:14 - [TEST_STEP][PASSED] - if (verifyElementPresent(findTestObject(orPath_TaxTypeFilingYear + "/select_PaymentType"), 30)): null

2023-09-26 17:58:15 - [MESSAGE][PASSED] - Object 'Object Repository/RAD_Pages/TaxTypeFilingYear_Page/select_PaymentType' is present

2023-09-26 17:58:15 - [TEST_STEP][PASSED] - out.println("Payment Type drop down was found on the Estimated Tax Page"): null

2023-09-26 17:58:15 - [TEST_STEP][PASSED] - if (verifyElementPresent(findTestObject(orPath_TaxTypeFilingYear + "/select_FilingYear"), 30)): null

2023-09-26 17:58:15 - [MESSAGE][PASSED] - Object 'Object Repository/RAD_Pages/TaxTypeFilingYear_Page/select_FilingYear' is present

2023-09-26 17:58:15 - [TEST_STEP][PASSED] - out.println("Filing Year drop down was found on the Estimated Tax Page"): null

2023-09-26 17:58:15 - [TEST_STEP][PASSED] - totalOptionsPaymentType = getNumberOfTotalOption(findTestObject(orPath_TaxTypeFilingYear + "/select_PaymentType")): 8 options of object 'Object Repository/RAD_Pages/TaxTypeFilingYear_Page/select_PaymentType' counted

2023-09-26 17:58:16 - [MESSAGE][PASSED] - 8 options of object 'Object Repository/RAD_Pages/TaxTypeFilingYear_Page/select_PaymentType' counted

2023-09-26 17:58:16 - [TEST_STEP][PASSED] - if (verifyEqual(totalOptionsPaymentType, 8)): null

2023-09-26 17:58:16 - [MESSAGE][PASSED] - Actual object '8' and expected object '8' are equal

2023-09-26 17:58:16 - [TEST_STEP][PASSED] - out.println("Total Options for Payment Type are correct: " + totalOptionsPaymentType): null

2023-09-26 17:58:16 - [TEST_STEP][PASSED] - markPassed("Total Options are correct for Payment Type"): Total Options are correct for Payment Type

2023-09-26 17:58:16 - [MESSAGE][PASSED] - Total Options are correct for Payment Type

2023-09-26 17:58:16 - [TEST_STEP][PASSED] - totalOptionsFilingYear = getNumberOfTotalOption(findTestObject(orPath_TaxTypeFilingYear + "/select_FilingYear")): 1 options of object 'Object Repository/RAD_Pages/TaxTypeFilingYear_Page/select_FilingYear' counted

2023-09-26 17:58:17 - [MESSAGE][PASSED] - 1 options of object 'Object Repository/RAD_Pages/TaxTypeFilingYear_Page/select_FilingYear' counted

2023-09-26 17:58:17 - [TEST_STEP][PASSED] - if (verifyEqual(totalOptionsFilingYear, 1)): null

2023-09-26 17:58:17 - [MESSAGE][PASSED] - Actual object '1' and expected object '1' are equal

2023-09-26 17:58:17 - [TEST_STEP][PASSED] - out.println("Total Options for Filing Year are correct: " + totalOptionsFilingYear): null

2023-09-26 17:58:17 - [TEST_STEP][PASSED] - markPassed("Total Options are correct for Filing Year"): Total Options are correct for Filing Year

2023-09-26 17:58:17 - [MESSAGE][PASSED] - Total Options are correct for Filing Year

2023-09-26 17:58:17 - [TEST_STEP][PASSED] - verifyOptionsPresent(findTestObject(orPath_TaxTypeFilingYear + "/select_PaymentType"), ["Select", "Corporate Income Tax", "Fiduciary Tax", "Personal Income Tax", "PTE Non-Electing Non-S Corp", "PTE Non-Electing S Corp", "PTE Tax Electing Non-S Corp", "PTE Tax Electing S Corp"]): Options [Select, Corporate Income Tax, Fiduciary Tax, Personal Income Tax, PTE Non-Electing Non-S Corp, PTE Non-Electing S Corp, PTE Tax Electing Non-S Corp, PTE Tax Electing S Corp] present.

2023-09-26 17:58:17 - [MESSAGE][PASSED] - Options [Select, Corporate Income Tax, Fiduciary Tax, Personal Income Tax, PTE Non-Electing Non-S Corp, PTE Non-Electing S Corp, PTE Tax Electing Non-S Corp, PTE Tax Electing S Corp] present.

2023-09-26 17:58:17 - [TEST_STEP][PASSED] - verifyOptionsPresent(findTestObject(orPath_TaxTypeFilingYear + "/select_FilingYear"), ["2023"]): Options [2023] present.

2023-09-26 17:58:18 - [MESSAGE][PASSED] - Options [2023] present.

2023-09-26 17:58:18 - [TEST_STEP][PASSED] - verifyTextPresent("Payment Type/Filing Year", true): Text 'Payment Type/Filing Year' is present on page  using regular expression

2023-09-26 17:58:19 - [MESSAGE][PASSED] - Text 'Payment Type/Filing Year' is present on page  using regular expression

2023-09-26 17:58:19 - [TEST_STEP][PASSED] - verifyTextPresent("Taxpayer", true): Text 'Taxpayer' is present on page  using regular expression

2023-09-26 17:58:19 - [MESSAGE][PASSED] - Text 'Taxpayer' is present on page  using regular expression

2023-09-26 17:58:19 - [TEST_STEP][PASSED] - verifyTextPresent("Provide the following taxpayer information", true): Text 'Provide the following taxpayer information' is present on page  using regular expression

2023-09-26 17:58:19 - [MESSAGE][PASSED] - Text 'Provide the following taxpayer information' is present on page  using regular expression

2023-09-26 17:58:19 - [TEST_STEP][PASSED] - verifyTextPresent("Note: If you are paying on behalf of the Taxpayer, enter Taxpayer", true): Text 'Note: If you are paying on behalf of the Taxpayer, enter Taxpayer' is present on page  using regular expression

2023-09-26 17:58:20 - [MESSAGE][PASSED] - Text 'Note: If you are paying on behalf of the Taxpayer, enter Taxpayer' is present on page  using regular expression

2023-09-26 17:58:20 - [TEST_STEP][PASSED] - verifyTextPresent("information here. If you are making a payment for the Taxpayer, you will be required later to enter your own credit card, billing address and other pertinent information", true): Text 'information here. If you are making a payment for the Taxpayer, you will be required later to enter your own credit card, billing address and other pertinent information' is present on page  using regular expression

2023-09-26 17:58:20 - [MESSAGE][PASSED] - Text 'information here. If you are making a payment for the Taxpayer, you will be required later to enter your own credit card, billing address and other pertinent information' is present on page  using regular expression

2023-09-26 17:58:20 - [TEST_STEP][PASSED] - verifyTextPresent("Address and Contact Information", true): Text 'Address and Contact Information' is present on page  using regular expression

2023-09-26 17:58:21 - [MESSAGE][PASSED] - Text 'Address and Contact Information' is present on page  using regular expression

2023-09-26 17:58:21 - [TEST_STEP][PASSED] - verifyTextPresent("Enter the taxpayer", true): Text 'Enter the taxpayer' is present on page  using regular expression

2023-09-26 17:58:21 - [MESSAGE][PASSED] - Text 'Enter the taxpayer' is present on page  using regular expression

2023-09-26 17:58:21 - [TEST_STEP][PASSED] - verifyTextPresent("address and contact information", true): Text 'address and contact information' is present on page  using regular expression

2023-09-26 17:58:21 - [MESSAGE][PASSED] - Text 'address and contact information' is present on page  using regular expression

2023-09-26 17:58:21 - [TEST_STEP][PASSED] - verifyTextPresent("Payment Amount", true): Text 'Payment Amount' is present on page  using regular expression

2023-09-26 17:58:22 - [MESSAGE][PASSED] - Text 'Payment Amount' is present on page  using regular expression

2023-09-26 17:58:22 - [TEST_STEP][PASSED] - verifyTextPresent("Service Fee: This electronic government service includes a service/convenience fee. Click here for details", true): Text 'Service Fee: This electronic government service includes a service/convenience fee. Click here for details' is present on page  using regular expression

2023-09-26 17:58:22 - [MESSAGE][PASSED] - Text 'Service Fee: This electronic government service includes a service/convenience fee. Click here for details' is present on page  using regular expression

2023-09-26 17:58:22 - [TEST_STEP][PASSED] - verifyElementPresent(findTestObject(orPath_Amount + "/a_Click here for details"), 30): Object 'Object Repository/RAD_Pages/PaymentAmount_Page/a_Click here for details' is present

2023-09-26 17:58:22 - [MESSAGE][PASSED] - Object 'Object Repository/RAD_Pages/PaymentAmount_Page/a_Click here for details' is present

2023-09-26 17:58:22 - [TEST_STEP][PASSED] - verifyElementPresent(findTestObject(orPath_Landing + "/button_Continue"), 30): Object 'Object Repository/RAD_Pages/Landing_Page/button_Continue' is present

2023-09-26 17:58:23 - [MESSAGE][PASSED] - Object 'Object Repository/RAD_Pages/Landing_Page/button_Continue' is present

2023-09-26 17:58:23 - [TEST_STEP][PASSED] - verifyElementPresent(findTestObject(orPath_TaxPayer + "/input_firstName"), 30): Object 'Object Repository/RAD_Pages/Taxpayer_Page/input_firstName' is present

2023-09-26 17:58:23 - [MESSAGE][PASSED] - Object 'Object Repository/RAD_Pages/Taxpayer_Page/input_firstName' is present

2023-09-26 17:58:23 - [TEST_STEP][PASSED] - verifyElementPresent(findTestObject(orPath_TaxPayer + "/input_middleName"), 30): Object 'Object Repository/RAD_Pages/Taxpayer_Page/input_middleName' is present

2023-09-26 17:58:23 - [MESSAGE][PASSED] - Object 'Object Repository/RAD_Pages/Taxpayer_Page/input_middleName' is present

2023-09-26 17:58:23 - [TEST_STEP][PASSED] - verifyElementPresent(findTestObject(orPath_TaxPayer + "/input_lastName"), 30): Object 'Object Repository/RAD_Pages/Taxpayer_Page/input_lastName' is present

2023-09-26 17:58:24 - [MESSAGE][PASSED] - Object 'Object Repository/RAD_Pages/Taxpayer_Page/input_lastName' is present

2023-09-26 17:58:24 - [TEST_STEP][PASSED] - verifyElementPresent(findTestObject(orPath_TaxPayer + "/input_suffix"), 30): Object 'Object Repository/RAD_Pages/Taxpayer_Page/input_suffix' is present

2023-09-26 17:58:24 - [MESSAGE][PASSED] - Object 'Object Repository/RAD_Pages/Taxpayer_Page/input_suffix' is present

2023-09-26 17:58:24 - [TEST_STEP][PASSED] - verifyElementPresent(findTestObject("RAD_RecordAndPlay/input_concatSSN"), 30): Object 'Object Repository/RAD_RecordAndPlay/input_concatSSN' is present

2023-09-26 17:58:25 - [MESSAGE][PASSED] - Object 'Object Repository/RAD_RecordAndPlay/input_concatSSN' is present

2023-09-26 17:58:25 - [TEST_STEP][PASSED] - verifyElementPresent(findTestObject("RAD_RecordAndPlay/input_concatReSSN"), 30): Object 'Object Repository/RAD_RecordAndPlay/input_concatReSSN' is present

2023-09-26 17:58:25 - [MESSAGE][PASSED] - Object 'Object Repository/RAD_RecordAndPlay/input_concatReSSN' is present

2023-09-26 17:58:25 - [TEST_STEP][PASSED] - verifyElementPresent(findTestObject(orPath_AddressContact + "/select_Country"), 30): Object 'Object Repository/RAD_Pages/AddressAndContactInfo_Page/select_Country' is present

2023-09-26 17:58:26 - [MESSAGE][PASSED] - Object 'Object Repository/RAD_Pages/AddressAndContactInfo_Page/select_Country' is present

2023-09-26 17:58:26 - [TEST_STEP][PASSED] - verifyElementPresent(findTestObject(orPath_AddressContact + "/input_streetAddress1"), 30): Object 'Object Repository/RAD_Pages/AddressAndContactInfo_Page/input_streetAddress1' is present

2023-09-26 17:58:26 - [MESSAGE][PASSED] - Object 'Object Repository/RAD_Pages/AddressAndContactInfo_Page/input_streetAddress1' is present

2023-09-26 17:58:26 - [TEST_STEP][PASSED] - verifyElementPresent(findTestObject(orPath_AddressContact + "/input_streetAddress2"), 30): Object 'Object Repository/RAD_Pages/AddressAndContactInfo_Page/input_streetAddress2' is present

2023-09-26 17:58:26 - [MESSAGE][PASSED] - Object 'Object Repository/RAD_Pages/AddressAndContactInfo_Page/input_streetAddress2' is present

2023-09-26 17:58:26 - [TEST_STEP][PASSED] - verifyElementPresent(findTestObject(orPath_AddressContact + "/input_city"), 30): Object 'Object Repository/RAD_Pages/AddressAndContactInfo_Page/input_city' is present

2023-09-26 17:58:27 - [MESSAGE][PASSED] - Object 'Object Repository/RAD_Pages/AddressAndContactInfo_Page/input_city' is present

2023-09-26 17:58:27 - [TEST_STEP][PASSED] - verifyElementPresent(findTestObject(orPath_AddressContact + "/select_State"), 30): Object 'Object Repository/RAD_Pages/AddressAndContactInfo_Page/select_State' is present

2023-09-26 17:58:27 - [MESSAGE][PASSED] - Object 'Object Repository/RAD_Pages/AddressAndContactInfo_Page/select_State' is present

2023-09-26 17:58:27 - [TEST_STEP][PASSED] - verifyElementPresent(findTestObject(orPath_AddressContact + "/input_zipCode"), 30): Object 'Object Repository/RAD_Pages/AddressAndContactInfo_Page/input_zipCode' is present

2023-09-26 17:58:27 - [MESSAGE][PASSED] - Object 'Object Repository/RAD_Pages/AddressAndContactInfo_Page/input_zipCode' is present

2023-09-26 17:58:27 - [TEST_STEP][PASSED] - verifyElementPresent(findTestObject(orPath_AddressContact + "/input_phoneNumber"), 30): Object 'Object Repository/RAD_Pages/AddressAndContactInfo_Page/input_phoneNumber' is present

2023-09-26 17:58:28 - [MESSAGE][PASSED] - Object 'Object Repository/RAD_Pages/AddressAndContactInfo_Page/input_phoneNumber' is present

2023-09-26 17:58:28 - [TEST_STEP][PASSED] - verifyElementPresent(findTestObject(orPath_AddressContact + "/input_eMailAddress"), 30): Object 'Object Repository/RAD_Pages/AddressAndContactInfo_Page/input_eMailAddress' is present

2023-09-26 17:58:28 - [MESSAGE][PASSED] - Object 'Object Repository/RAD_Pages/AddressAndContactInfo_Page/input_eMailAddress' is present

2023-09-26 17:58:28 - [TEST_STEP][PASSED] - verifyElementPresent(findTestObject(orPath_AddressContact + "/input_reEnterEMailAddress"), 30): Object 'Object Repository/RAD_Pages/AddressAndContactInfo_Page/input_reEnterEMailAddress' is present

2023-09-26 17:58:28 - [MESSAGE][PASSED] - Object 'Object Repository/RAD_Pages/AddressAndContactInfo_Page/input_reEnterEMailAddress' is present

2023-09-26 17:58:28 - [TEST_STEP][PASSED] - verifyOptionsPresent(findTestObject(orPath_AddressContact + "/select_Country"), ["United States"]): Options [United States] present.

2023-09-26 17:58:29 - [MESSAGE][PASSED] - Options [United States] present.

2023-09-26 17:58:29 - [TEST_STEP][PASSED] - verifyOptionsPresent(findTestObject(orPath_AddressContact + "/select_State"), ["Alabama", "District of Columbia", "Maryland", "Virginia", "Wyoming"]): Options [Alabama, District of Columbia, Maryland, Virginia, Wyoming] present.

2023-09-26 17:58:30 - [MESSAGE][PASSED] - Options [Alabama, District of Columbia, Maryland, Virginia, Wyoming] present.

2023-09-26 17:58:30 - [TEST_STEP][PASSED] - totalOptionsState = getNumberOfTotalOption(findTestObject(orPath_AddressContact + "/select_State")): 52 options of object 'Object Repository/RAD_Pages/AddressAndContactInfo_Page/select_State' counted

2023-09-26 17:58:30 - [MESSAGE][PASSED] - 52 options of object 'Object Repository/RAD_Pages/AddressAndContactInfo_Page/select_State' counted

2023-09-26 17:58:30 - [TEST_STEP][PASSED] - verifyEqual(totalOptionsState, 52): Actual object '52' and expected object '52' are equal

2023-09-26 17:58:30 - [MESSAGE][PASSED] - Actual object '52' and expected object '52' are equal

2023-09-26 17:58:30 - [TEST_STEP][PASSED] - verifyElementPresent(findTestObject(orPath_Amount + "/input__paymentAmount"), 30): Object 'Object Repository/RAD_Pages/PaymentAmount_Page/input__paymentAmount' is present

2023-09-26 17:58:31 - [MESSAGE][PASSED] - Object 'Object Repository/RAD_Pages/PaymentAmount_Page/input__paymentAmount' is present

2023-09-26 17:58:31 - [TEST_STEP][PASSED] - scrollToElement(findTestObject(orPath_Amount + "/input__paymentAmount"), 3): Scroll to object 'Object Repository/RAD_Pages/PaymentAmount_Page/input__paymentAmount' successfully

2023-09-26 17:58:31 - [MESSAGE][PASSED] - Scroll to object 'Object Repository/RAD_Pages/PaymentAmount_Page/input__paymentAmount' successfully

2023-09-26 17:58:31 - [TEST_STEP][PASSED] - selectOptionByLabel(findTestObject(orPath_TaxTypeFilingYear + "/select_PaymentType"), "Personal Income Tax", false): All options with label 'Personal Income Tax' are selected in object 'Object Repository/RAD_Pages/TaxTypeFilingYear_Page/select_PaymentType' 

2023-09-26 17:58:32 - [MESSAGE][PASSED] - All options with label 'Personal Income Tax' are selected in object 'Object Repository/RAD_Pages/TaxTypeFilingYear_Page/select_PaymentType' 

2023-09-26 17:58:32 - [TEST_STEP][PASSED] - verifyElementVisible(findTestObject(orPath_TaxPayer + "/input_firstName")): Object 'Object Repository/RAD_Pages/Taxpayer_Page/input_firstName' is visible

2023-09-26 17:58:32 - [MESSAGE][PASSED] - Object 'Object Repository/RAD_Pages/Taxpayer_Page/input_firstName' is visible

2023-09-26 17:58:32 - [TEST_STEP][PASSED] - verifyElementVisible(findTestObject(orPath_TaxPayer + "/input_middleName")): Object 'Object Repository/RAD_Pages/Taxpayer_Page/input_middleName' is visible

2023-09-26 17:58:33 - [MESSAGE][PASSED] - Object 'Object Repository/RAD_Pages/Taxpayer_Page/input_middleName' is visible

2023-09-26 17:58:33 - [TEST_STEP][PASSED] - verifyElementVisible(findTestObject(orPath_TaxPayer + "/input_lastName")): Object 'Object Repository/RAD_Pages/Taxpayer_Page/input_lastName' is visible

2023-09-26 17:58:33 - [MESSAGE][PASSED] - Object 'Object Repository/RAD_Pages/Taxpayer_Page/input_lastName' is visible

2023-09-26 17:58:33 - [TEST_STEP][PASSED] - verifyElementVisible(findTestObject(orPath_TaxPayer + "/input_suffix")): Object 'Object Repository/RAD_Pages/Taxpayer_Page/input_suffix' is visible

2023-09-26 17:58:34 - [MESSAGE][PASSED] - Object 'Object Repository/RAD_Pages/Taxpayer_Page/input_suffix' is visible

2023-09-26 17:58:34 - [TEST_STEP][PASSED] - verifyElementVisible(findTestObject("RAD_RecordAndPlay/input_concatSSN")): Object 'Object Repository/RAD_RecordAndPlay/input_concatSSN' is visible

2023-09-26 17:58:34 - [MESSAGE][PASSED] - Object 'Object Repository/RAD_RecordAndPlay/input_concatSSN' is visible

2023-09-26 17:58:34 - [TEST_STEP][PASSED] - verifyElementVisible(findTestObject("RAD_RecordAndPlay/input_concatReSSN")): Object 'Object Repository/RAD_RecordAndPlay/input_concatReSSN' is visible

2023-09-26 17:58:34 - [MESSAGE][PASSED] - Object 'Object Repository/RAD_RecordAndPlay/input_concatReSSN' is visible

2023-09-26 17:58:34 - [TEST_STEP][PASSED] - verifyElementVisible(findTestObject(orPath_FilingStatus + "/input_userType_Individual")): Object 'Object Repository/RAD_Pages/FilingStatus_Page/input_userType_Individual' is visible

2023-09-26 17:58:35 - [MESSAGE][PASSED] - Object 'Object Repository/RAD_Pages/FilingStatus_Page/input_userType_Individual' is visible

2023-09-26 17:58:35 - [TEST_STEP][PASSED] - verifyElementVisible(findTestObject(orPath_FilingStatus + "/input_userType_Joint")): Object 'Object Repository/RAD_Pages/FilingStatus_Page/input_userType_Joint' is visible

2023-09-26 17:58:35 - [MESSAGE][PASSED] - Object 'Object Repository/RAD_Pages/FilingStatus_Page/input_userType_Joint' is visible

2023-09-26 17:58:35 - [TEST_STEP][PASSED] - verifyElementNotVisible(findTestObject(orPath_TaxPayer + "/input_Note_businessName")): Object 'Object Repository/RAD_Pages/Taxpayer_Page/input_Note_businessName' is NOT visible

2023-09-26 17:58:36 - [MESSAGE][PASSED] - Object 'Object Repository/RAD_Pages/Taxpayer_Page/input_Note_businessName' is NOT visible

2023-09-26 17:58:36 - [TEST_STEP][PASSED] - verifyElementNotVisible(findTestObject(orPath_TaxInfo + "/input_FederalEIN-2")): Object 'Object Repository/RAD_Pages/TaxInfo_Page/input_FederalEIN-2' is NOT visible

2023-09-26 17:58:36 - [MESSAGE][PASSED] - Object 'Object Repository/RAD_Pages/TaxInfo_Page/input_FederalEIN-2' is NOT visible

2023-09-26 17:58:36 - [TEST_STEP][PASSED] - verifyElementNotVisible(findTestObject(orPath_TaxInfo + "/input_FederalEIN_ReEnter-2")): Object 'Object Repository/RAD_Pages/TaxInfo_Page/input_FederalEIN_ReEnter-2' is NOT visible

2023-09-26 17:58:36 - [MESSAGE][PASSED] - Object 'Object Repository/RAD_Pages/TaxInfo_Page/input_FederalEIN_ReEnter-2' is NOT visible

2023-09-26 17:58:36 - [TEST_STEP][PASSED] - verifyElementNotVisible(findTestObject(orPath_TaxInfo + "/input_NoticeInvoiceNumber")): Object 'Object Repository/RAD_Pages/TaxInfo_Page/input_NoticeInvoiceNumber' is NOT visible

2023-09-26 17:58:37 - [MESSAGE][PASSED] - Object 'Object Repository/RAD_Pages/TaxInfo_Page/input_NoticeInvoiceNumber' is NOT visible

2023-09-26 17:58:37 - [TEST_STEP][PASSED] - verifyElementNotVisible(findTestObject(orPath_TaxInfo + "/input_reTypeNoticeInvoiceNumber")): Object 'Object Repository/RAD_Pages/TaxInfo_Page/input_reTypeNoticeInvoiceNumber' is NOT visible

2023-09-26 17:58:37 - [MESSAGE][PASSED] - Object 'Object Repository/RAD_Pages/TaxInfo_Page/input_reTypeNoticeInvoiceNumber' is NOT visible

2023-09-26 17:58:37 - [TEST_STEP][PASSED] - verifyElementNotVisible(findTestObject(orPath_TaxInfo + "/input_MDCRegistrationEL")): Object 'Object Repository/RAD_Pages/TaxInfo_Page/input_MDCRegistrationEL' is NOT visible

2023-09-26 17:58:38 - [MESSAGE][PASSED] - Object 'Object Repository/RAD_Pages/TaxInfo_Page/input_MDCRegistrationEL' is NOT visible

2023-09-26 17:58:38 - [TEST_STEP][PASSED] - verifyElementNotVisible(findTestObject(orPath_TaxTypeFilingYear + "/select_PeriodEnding")): Object 'Object Repository/RAD_Pages/TaxTypeFilingYear_Page/select_PeriodEnding' is NOT visible

2023-09-26 17:58:38 - [MESSAGE][PASSED] - Object 'Object Repository/RAD_Pages/TaxTypeFilingYear_Page/select_PeriodEnding' is NOT visible

2023-09-26 17:58:38 - [TEST_STEP][PASSED] - selectOptionByLabel(findTestObject(orPath_TaxTypeFilingYear + "/select_PaymentType"), "Corporate Income Tax", false): All options with label 'Corporate Income Tax' are selected in object 'Object Repository/RAD_Pages/TaxTypeFilingYear_Page/select_PaymentType' 

2023-09-26 17:58:39 - [MESSAGE][PASSED] - All options with label 'Corporate Income Tax' are selected in object 'Object Repository/RAD_Pages/TaxTypeFilingYear_Page/select_PaymentType' 

2023-09-26 17:58:39 - [TEST_STEP][PASSED] - verifyElementPresent(findTestObject(orPath_TaxTypeFilingYear + "/select_PeriodEnding"), 30): Object 'Object Repository/RAD_Pages/TaxTypeFilingYear_Page/select_PeriodEnding' is present

2023-09-26 17:58:39 - [MESSAGE][PASSED] - Object 'Object Repository/RAD_Pages/TaxTypeFilingYear_Page/select_PeriodEnding' is present

2023-09-26 17:58:39 - [TEST_STEP][PASSED] - totalOptionsPeriodEnding = getNumberOfTotalOption(findTestObject(orPath_TaxTypeFilingYear + "/select_PeriodEnding")): 13 options of object 'Object Repository/RAD_Pages/TaxTypeFilingYear_Page/select_PeriodEnding' counted

2023-09-26 17:58:40 - [MESSAGE][PASSED] - 13 options of object 'Object Repository/RAD_Pages/TaxTypeFilingYear_Page/select_PeriodEnding' counted

2023-09-26 17:58:40 - [TEST_STEP][PASSED] - verifyEqual(totalOptionsPeriodEnding, 13): Actual object '13' and expected object '13' are equal

2023-09-26 17:58:40 - [MESSAGE][PASSED] - Actual object '13' and expected object '13' are equal

2023-09-26 17:58:40 - [TEST_STEP][PASSED] - verifyOptionsPresent(findTestObject(orPath_TaxTypeFilingYear + "/select_PeriodEnding"), ["Month", "January", "February", "March", "April", "May", "June"]): Options [Month, January, February, March, April, May, June] present.

2023-09-26 17:58:40 - [MESSAGE][PASSED] - Options [Month, January, February, March, April, May, June] present.

2023-09-26 17:58:40 - [TEST_STEP][PASSED] - verifyOptionsPresent(findTestObject(orPath_TaxTypeFilingYear + "/select_PeriodEnding"), ["July", "August", "September", "October", "November", "December"]): Options [July, August, September, October, November, December] present.

2023-09-26 17:58:41 - [MESSAGE][PASSED] - Options [July, August, September, October, November, December] present.

2023-09-26 17:58:41 - [TEST_STEP][PASSED] - verifyElementVisible(findTestObject(orPath_TaxPayer + "/input_Note_businessName")): Object 'Object Repository/RAD_Pages/Taxpayer_Page/input_Note_businessName' is visible

2023-09-26 17:58:42 - [MESSAGE][PASSED] - Object 'Object Repository/RAD_Pages/Taxpayer_Page/input_Note_businessName' is visible

2023-09-26 17:58:42 - [TEST_STEP][PASSED] - verifyElementVisible(findTestObject(orPath_TaxPayer + "/input_BusinessRepfirstName")): Object 'Object Repository/RAD_Pages/Taxpayer_Page/input_BusinessRepfirstName' is visible

2023-09-26 17:58:42 - [MESSAGE][PASSED] - Object 'Object Repository/RAD_Pages/Taxpayer_Page/input_BusinessRepfirstName' is visible

2023-09-26 17:58:42 - [TEST_STEP][PASSED] - verifyElementVisible(findTestObject(orPath_TaxPayer + "/input_BusinessRepmiddleName")): Object 'Object Repository/RAD_Pages/Taxpayer_Page/input_BusinessRepmiddleName' is visible

2023-09-26 17:58:42 - [MESSAGE][PASSED] - Object 'Object Repository/RAD_Pages/Taxpayer_Page/input_BusinessRepmiddleName' is visible

2023-09-26 17:58:42 - [TEST_STEP][PASSED] - verifyElementVisible(findTestObject(orPath_TaxPayer + "/input_BusinessReplastName")): Object 'Object Repository/RAD_Pages/Taxpayer_Page/input_BusinessReplastName' is visible

2023-09-26 17:58:43 - [MESSAGE][PASSED] - Object 'Object Repository/RAD_Pages/Taxpayer_Page/input_BusinessReplastName' is visible

2023-09-26 17:58:43 - [TEST_STEP][PASSED] - verifyElementVisible(findTestObject(orPath_TaxPayer + "/input_BusinessRepsuffix")): Object 'Object Repository/RAD_Pages/Taxpayer_Page/input_BusinessRepsuffix' is visible

2023-09-26 17:58:43 - [MESSAGE][PASSED] - Object 'Object Repository/RAD_Pages/Taxpayer_Page/input_BusinessRepsuffix' is visible

2023-09-26 17:58:43 - [TEST_STEP][PASSED] - verifyElementVisible(findTestObject(orPath_TaxInfo + "/input_FederalEIN-2")): Object 'Object Repository/RAD_Pages/TaxInfo_Page/input_FederalEIN-2' is visible

2023-09-26 17:58:43 - [MESSAGE][PASSED] - Object 'Object Repository/RAD_Pages/TaxInfo_Page/input_FederalEIN-2' is visible

2023-09-26 17:58:43 - [TEST_STEP][PASSED] - verifyElementVisible(findTestObject(orPath_TaxInfo + "/input_FederalEIN_ReEnter-2")): Object 'Object Repository/RAD_Pages/TaxInfo_Page/input_FederalEIN_ReEnter-2' is visible

2023-09-26 17:58:44 - [MESSAGE][PASSED] - Object 'Object Repository/RAD_Pages/TaxInfo_Page/input_FederalEIN_ReEnter-2' is visible

2023-09-26 17:58:44 - [TEST_STEP][PASSED] - verifyElementNotVisible(findTestObject(orPath_TaxPayer + "/input_firstName")): Object 'Object Repository/RAD_Pages/Taxpayer_Page/input_firstName' is NOT visible

2023-09-26 17:58:44 - [MESSAGE][PASSED] - Object 'Object Repository/RAD_Pages/Taxpayer_Page/input_firstName' is NOT visible

2023-09-26 17:58:44 - [TEST_STEP][PASSED] - verifyElementNotVisible(findTestObject(orPath_TaxPayer + "/input_middleName")): Object 'Object Repository/RAD_Pages/Taxpayer_Page/input_middleName' is NOT visible

2023-09-26 17:58:45 - [MESSAGE][PASSED] - Object 'Object Repository/RAD_Pages/Taxpayer_Page/input_middleName' is NOT visible

2023-09-26 17:58:45 - [TEST_STEP][PASSED] - verifyElementNotVisible(findTestObject(orPath_TaxPayer + "/input_lastName")): Object 'Object Repository/RAD_Pages/Taxpayer_Page/input_lastName' is NOT visible

2023-09-26 17:58:45 - [MESSAGE][PASSED] - Object 'Object Repository/RAD_Pages/Taxpayer_Page/input_lastName' is NOT visible

2023-09-26 17:58:45 - [TEST_STEP][PASSED] - verifyElementNotVisible(findTestObject(orPath_TaxPayer + "/input_suffix")): Object 'Object Repository/RAD_Pages/Taxpayer_Page/input_suffix' is NOT visible

2023-09-26 17:58:45 - [MESSAGE][PASSED] - Object 'Object Repository/RAD_Pages/Taxpayer_Page/input_suffix' is NOT visible

2023-09-26 17:58:45 - [TEST_STEP][PASSED] - verifyElementNotVisible(findTestObject("RAD_RecordAndPlay/input_concatSSN")): Object 'Object Repository/RAD_RecordAndPlay/input_concatSSN' is NOT visible

2023-09-26 17:58:46 - [MESSAGE][PASSED] - Object 'Object Repository/RAD_RecordAndPlay/input_concatSSN' is NOT visible

2023-09-26 17:58:46 - [TEST_STEP][PASSED] - verifyElementNotVisible(findTestObject("RAD_RecordAndPlay/input_concatReSSN")): Object 'Object Repository/RAD_RecordAndPlay/input_concatReSSN' is NOT visible

2023-09-26 17:58:46 - [MESSAGE][PASSED] - Object 'Object Repository/RAD_RecordAndPlay/input_concatReSSN' is NOT visible

2023-09-26 17:58:46 - [TEST_STEP][PASSED] - verifyElementNotVisible(findTestObject(orPath_FilingStatus + "/input_userType_Individual")): Object 'Object Repository/RAD_Pages/FilingStatus_Page/input_userType_Individual' is NOT visible

2023-09-26 17:58:46 - [MESSAGE][PASSED] - Object 'Object Repository/RAD_Pages/FilingStatus_Page/input_userType_Individual' is NOT visible

2023-09-26 17:58:46 - [TEST_STEP][PASSED] - verifyElementNotVisible(findTestObject(orPath_FilingStatus + "/input_userType_Joint")): Object 'Object Repository/RAD_Pages/FilingStatus_Page/input_userType_Joint' is NOT visible

2023-09-26 17:58:47 - [MESSAGE][PASSED] - Object 'Object Repository/RAD_Pages/FilingStatus_Page/input_userType_Joint' is NOT visible

2023-09-26 17:58:47 - [TEST_STEP][PASSED] - verifyElementNotVisible(findTestObject(orPath_TaxInfo + "/input_NoticeInvoiceNumber")): Object 'Object Repository/RAD_Pages/TaxInfo_Page/input_NoticeInvoiceNumber' is NOT visible

2023-09-26 17:58:47 - [MESSAGE][PASSED] - Object 'Object Repository/RAD_Pages/TaxInfo_Page/input_NoticeInvoiceNumber' is NOT visible

2023-09-26 17:58:47 - [TEST_STEP][PASSED] - verifyElementNotVisible(findTestObject(orPath_TaxInfo + "/input_reTypeNoticeInvoiceNumber")): Object 'Object Repository/RAD_Pages/TaxInfo_Page/input_reTypeNoticeInvoiceNumber' is NOT visible

2023-09-26 17:58:48 - [MESSAGE][PASSED] - Object 'Object Repository/RAD_Pages/TaxInfo_Page/input_reTypeNoticeInvoiceNumber' is NOT visible

2023-09-26 17:58:48 - [TEST_STEP][PASSED] - verifyElementNotVisible(findTestObject(orPath_TaxInfo + "/input_MDCRegistrationEL")): Object 'Object Repository/RAD_Pages/TaxInfo_Page/input_MDCRegistrationEL' is NOT visible

2023-09-26 17:58:48 - [MESSAGE][PASSED] - Object 'Object Repository/RAD_Pages/TaxInfo_Page/input_MDCRegistrationEL' is NOT visible]]></system-out>
         <system-err><![CDATA[]]></system-err>
      </testcase>
      <testcase name="Test Cases/RAD_TestCases/UI_TestCases/Estimated/Estimated_Fiduciary_UI_TC" time="29.174" classname="Test Cases/RAD_TestCases/UI_TestCases/Estimated/Estimated_Fiduciary_UI_TC" status="PASSED">
         <system-out><![CDATA[2023-09-26 17:58:48 - [TEST_CASE][PASSED] - Test Cases/RAD_TestCases/UI_TestCases/Estimated/Estimated_Fiduciary_UI_TC: Test Cases/RAD_TestCases/UI_TestCases/Estimated/Estimated_Fiduciary_UI_TC

2023-09-26 17:58:48 - [TEST_STEP][PASSED] - openBrowser(""): Browser is opened with url: ''

2023-09-26 17:58:48 - [MESSAGE][WARNING] - A browser is already opened. Closing browser and opening a new one

2023-09-26 17:58:49 - [MESSAGE][INFO] - Starting 'Chrome' driver

2023-09-26 17:58:49 - [MESSAGE][INFO] - User set preference: ['acceptInsecureCerts', 'true']

2023-09-26 17:58:49 - [MESSAGE][INFO] - Action delay is set to 0 milliseconds

2023-09-26 17:58:51 - [MESSAGE][PASSED] - Browser is opened with url: ''

2023-09-26 17:58:51 - [TEST_STEP][PASSED] - maximizeWindow(): Current window maximized

2023-09-26 17:58:51 - [MESSAGE][PASSED] - Current window maximized

2023-09-26 17:58:51 - [TEST_STEP][PASSED] - navigateToUrl(RADurl): Navigate to 'https://qa2.velocitypayment.com/client/rad/index.html' successfully

2023-09-26 17:58:52 - [MESSAGE][PASSED] - Navigate to 'https://qa2.velocitypayment.com/client/rad/index.html' successfully

2023-09-26 17:58:52 - [TEST_STEP][PASSED] - orPath_Landing = "Object Repository/RAD_Pages/Landing_Page": null

2023-09-26 17:58:52 - [TEST_STEP][PASSED] - orPath_TaxTypeFilingYear = "Object Repository/RAD_Pages/TaxTypeFilingYear_Page": null

2023-09-26 17:58:52 - [TEST_STEP][PASSED] - orPath_TaxPayer = "Object Repository/RAD_Pages/Taxpayer_Page": null

2023-09-26 17:58:52 - [TEST_STEP][PASSED] - orPath_AddressContact = "Object Repository/RAD_Pages/AddressAndContactInfo_Page": null

2023-09-26 17:58:52 - [TEST_STEP][PASSED] - orPath_FilingStatus = "Object Repository/RAD_Pages/FilingStatus_Page": null

2023-09-26 17:58:52 - [TEST_STEP][PASSED] - orPath_Amount = "Object Repository/RAD_Pages/PaymentAmount_Page": null

2023-09-26 17:58:52 - [TEST_STEP][PASSED] - orPath_TaxInfo = "Object Repository/RAD_Pages/TaxInfo_Page": null

2023-09-26 17:58:52 - [TEST_STEP][PASSED] - verifyTextPresent("Payment Type/Filing Year", true): Text 'Payment Type/Filing Year' is present on page  using regular expression

2023-09-26 17:58:53 - [MESSAGE][PASSED] - Text 'Payment Type/Filing Year' is present on page  using regular expression

2023-09-26 17:58:53 - [TEST_STEP][PASSED] - selectOptionByLabel(findTestObject(orPath_Landing + "/dd_TaxType"), "Quarterly Estimated Tax", false): All options with label 'Quarterly Estimated Tax' are selected in object 'Object Repository/RAD_Pages/Landing_Page/dd_TaxType' 

2023-09-26 17:58:54 - [MESSAGE][PASSED] - All options with label 'Quarterly Estimated Tax' are selected in object 'Object Repository/RAD_Pages/Landing_Page/dd_TaxType' 

2023-09-26 17:58:54 - [TEST_STEP][PASSED] - selectOptionByLabel(findTestObject(orPath_TaxTypeFilingYear + "/select_PaymentType"), "Fiduciary Tax", false): All options with label 'Fiduciary Tax' are selected in object 'Object Repository/RAD_Pages/TaxTypeFilingYear_Page/select_PaymentType' 

2023-09-26 17:58:54 - [MESSAGE][PASSED] - All options with label 'Fiduciary Tax' are selected in object 'Object Repository/RAD_Pages/TaxTypeFilingYear_Page/select_PaymentType' 

2023-09-26 17:58:54 - [TEST_STEP][PASSED] - verifyElementPresent(findTestObject(orPath_TaxTypeFilingYear + "/select_FilingYear"), 30): Object 'Object Repository/RAD_Pages/TaxTypeFilingYear_Page/select_FilingYear' is present

2023-09-26 17:58:55 - [MESSAGE][PASSED] - Object 'Object Repository/RAD_Pages/TaxTypeFilingYear_Page/select_FilingYear' is present

2023-09-26 17:58:55 - [TEST_STEP][PASSED] - verifyElementVisible(findTestObject(orPath_TaxTypeFilingYear + "/select_FilingYear")): Object 'Object Repository/RAD_Pages/TaxTypeFilingYear_Page/select_FilingYear' is visible

2023-09-26 17:58:55 - [MESSAGE][PASSED] - Object 'Object Repository/RAD_Pages/TaxTypeFilingYear_Page/select_FilingYear' is visible

2023-09-26 17:58:55 - [TEST_STEP][PASSED] - totalOptionsFilingYear = getNumberOfTotalOption(findTestObject(orPath_TaxTypeFilingYear + "/select_FilingYear")): 1 options of object 'Object Repository/RAD_Pages/TaxTypeFilingYear_Page/select_FilingYear' counted

2023-09-26 17:58:56 - [MESSAGE][PASSED] - 1 options of object 'Object Repository/RAD_Pages/TaxTypeFilingYear_Page/select_FilingYear' counted

2023-09-26 17:58:56 - [TEST_STEP][PASSED] - verifyEqual(totalOptionsFilingYear, 1): Actual object '1' and expected object '1' are equal

2023-09-26 17:58:56 - [MESSAGE][PASSED] - Actual object '1' and expected object '1' are equal

2023-09-26 17:58:56 - [TEST_STEP][PASSED] - verifyOptionsPresent(findTestObject(orPath_TaxTypeFilingYear + "/select_FilingYear"), ["2023"]): Options [2023] present.

2023-09-26 17:58:56 - [MESSAGE][PASSED] - Options [2023] present.

2023-09-26 17:58:56 - [TEST_STEP][PASSED] - verifyElementPresent(findTestObject(orPath_TaxTypeFilingYear + "/select_PeriodEnding"), 30): Object 'Object Repository/RAD_Pages/TaxTypeFilingYear_Page/select_PeriodEnding' is present

2023-09-26 17:58:57 - [MESSAGE][PASSED] - Object 'Object Repository/RAD_Pages/TaxTypeFilingYear_Page/select_PeriodEnding' is present

2023-09-26 17:58:57 - [TEST_STEP][PASSED] - verifyElementVisible(findTestObject(orPath_TaxTypeFilingYear + "/select_PeriodEnding")): Object 'Object Repository/RAD_Pages/TaxTypeFilingYear_Page/select_PeriodEnding' is visible

2023-09-26 17:58:57 - [MESSAGE][PASSED] - Object 'Object Repository/RAD_Pages/TaxTypeFilingYear_Page/select_PeriodEnding' is visible

2023-09-26 17:58:57 - [TEST_STEP][PASSED] - totalOptionsPeriodEnding = getNumberOfTotalOption(findTestObject(orPath_TaxTypeFilingYear + "/select_PeriodEnding")): 13 options of object 'Object Repository/RAD_Pages/TaxTypeFilingYear_Page/select_PeriodEnding' counted

2023-09-26 17:58:58 - [MESSAGE][PASSED] - 13 options of object 'Object Repository/RAD_Pages/TaxTypeFilingYear_Page/select_PeriodEnding' counted

2023-09-26 17:58:58 - [TEST_STEP][PASSED] - verifyEqual(totalOptionsPeriodEnding, 13): Actual object '13' and expected object '13' are equal

2023-09-26 17:58:58 - [MESSAGE][PASSED] - Actual object '13' and expected object '13' are equal

2023-09-26 17:58:58 - [TEST_STEP][PASSED] - verifyOptionsPresent(findTestObject(orPath_TaxTypeFilingYear + "/select_PeriodEnding"), ["Month", "January", "February", "March", "April", "May", "June"]): Options [Month, January, February, March, April, May, June] present.

2023-09-26 17:58:58 - [MESSAGE][PASSED] - Options [Month, January, February, March, April, May, June] present.

2023-09-26 17:58:58 - [TEST_STEP][PASSED] - verifyOptionsPresent(findTestObject(orPath_TaxTypeFilingYear + "/select_PeriodEnding"), ["July", "August", "September", "October", "November", "December"]): Options [July, August, September, October, November, December] present.

2023-09-26 17:58:59 - [MESSAGE][PASSED] - Options [July, August, September, October, November, December] present.

2023-09-26 17:58:59 - [TEST_STEP][PASSED] - verifyTextPresent("Taxpayer", true): Text 'Taxpayer' is present on page  using regular expression

2023-09-26 17:58:59 - [MESSAGE][PASSED] - Text 'Taxpayer' is present on page  using regular expression

2023-09-26 17:58:59 - [TEST_STEP][PASSED] - verifyTextPresent("Provide the following taxpayer information", true): Text 'Provide the following taxpayer information' is present on page  using regular expression

2023-09-26 17:59:00 - [MESSAGE][PASSED] - Text 'Provide the following taxpayer information' is present on page  using regular expression

2023-09-26 17:59:00 - [TEST_STEP][PASSED] - verifyTextPresent("Note: If you are paying on behalf of the Taxpayer, enter Taxpayer", true): Text 'Note: If you are paying on behalf of the Taxpayer, enter Taxpayer' is present on page  using regular expression

2023-09-26 17:59:00 - [MESSAGE][PASSED] - Text 'Note: If you are paying on behalf of the Taxpayer, enter Taxpayer' is present on page  using regular expression

2023-09-26 17:59:00 - [TEST_STEP][PASSED] - verifyTextPresent("information here. If you are making a payment for the Taxpayer, you will be required later to enter your own credit card, billing address and other pertinent information", true): Text 'information here. If you are making a payment for the Taxpayer, you will be required later to enter your own credit card, billing address and other pertinent information' is present on page  using regular expression

2023-09-26 17:59:01 - [MESSAGE][PASSED] - Text 'information here. If you are making a payment for the Taxpayer, you will be required later to enter your own credit card, billing address and other pertinent information' is present on page  using regular expression

2023-09-26 17:59:01 - [TEST_STEP][PASSED] - verifyElementVisible(findTestObject(orPath_TaxPayer + "/input_Note_businessName")): Object 'Object Repository/RAD_Pages/Taxpayer_Page/input_Note_businessName' is visible

2023-09-26 17:59:01 - [MESSAGE][PASSED] - Object 'Object Repository/RAD_Pages/Taxpayer_Page/input_Note_businessName' is visible

2023-09-26 17:59:01 - [TEST_STEP][PASSED] - verifyElementVisible(findTestObject(orPath_TaxPayer + "/input_BusinessRepfirstName")): Object 'Object Repository/RAD_Pages/Taxpayer_Page/input_BusinessRepfirstName' is visible

2023-09-26 17:59:01 - [MESSAGE][PASSED] - Object 'Object Repository/RAD_Pages/Taxpayer_Page/input_BusinessRepfirstName' is visible

2023-09-26 17:59:01 - [TEST_STEP][PASSED] - verifyElementVisible(findTestObject(orPath_TaxPayer + "/input_BusinessRepmiddleName")): Object 'Object Repository/RAD_Pages/Taxpayer_Page/input_BusinessRepmiddleName' is visible

2023-09-26 17:59:02 - [MESSAGE][PASSED] - Object 'Object Repository/RAD_Pages/Taxpayer_Page/input_BusinessRepmiddleName' is visible

2023-09-26 17:59:02 - [TEST_STEP][PASSED] - verifyElementVisible(findTestObject(orPath_TaxPayer + "/input_BusinessReplastName")): Object 'Object Repository/RAD_Pages/Taxpayer_Page/input_BusinessReplastName' is visible

2023-09-26 17:59:02 - [MESSAGE][PASSED] - Object 'Object Repository/RAD_Pages/Taxpayer_Page/input_BusinessReplastName' is visible

2023-09-26 17:59:02 - [TEST_STEP][PASSED] - verifyElementVisible(findTestObject(orPath_TaxPayer + "/input_BusinessRepsuffix")): Object 'Object Repository/RAD_Pages/Taxpayer_Page/input_BusinessRepsuffix' is visible

2023-09-26 17:59:02 - [MESSAGE][PASSED] - Object 'Object Repository/RAD_Pages/Taxpayer_Page/input_BusinessRepsuffix' is visible

2023-09-26 17:59:02 - [TEST_STEP][PASSED] - verifyElementNotVisible(findTestObject(orPath_TaxPayer + "/input_firstName")): Object 'Object Repository/RAD_Pages/Taxpayer_Page/input_firstName' is NOT visible

2023-09-26 17:59:03 - [MESSAGE][PASSED] - Object 'Object Repository/RAD_Pages/Taxpayer_Page/input_firstName' is NOT visible

2023-09-26 17:59:03 - [TEST_STEP][PASSED] - verifyElementNotVisible(findTestObject(orPath_TaxPayer + "/input_middleName")): Object 'Object Repository/RAD_Pages/Taxpayer_Page/input_middleName' is NOT visible

2023-09-26 17:59:03 - [MESSAGE][PASSED] - Object 'Object Repository/RAD_Pages/Taxpayer_Page/input_middleName' is NOT visible

2023-09-26 17:59:03 - [TEST_STEP][PASSED] - verifyElementNotVisible(findTestObject(orPath_TaxPayer + "/input_lastName")): Object 'Object Repository/RAD_Pages/Taxpayer_Page/input_lastName' is NOT visible

2023-09-26 17:59:03 - [MESSAGE][PASSED] - Object 'Object Repository/RAD_Pages/Taxpayer_Page/input_lastName' is NOT visible

2023-09-26 17:59:03 - [TEST_STEP][PASSED] - verifyElementNotVisible(findTestObject(orPath_TaxPayer + "/input_suffix")): Object 'Object Repository/RAD_Pages/Taxpayer_Page/input_suffix' is NOT visible

2023-09-26 17:59:04 - [MESSAGE][PASSED] - Object 'Object Repository/RAD_Pages/Taxpayer_Page/input_suffix' is NOT visible

2023-09-26 17:59:04 - [TEST_STEP][PASSED] - verifyElementNotVisible(findTestObject("RAD_RecordAndPlay/input_concatSSN")): Object 'Object Repository/RAD_RecordAndPlay/input_concatSSN' is NOT visible

2023-09-26 17:59:04 - [MESSAGE][PASSED] - Object 'Object Repository/RAD_RecordAndPlay/input_concatSSN' is NOT visible

2023-09-26 17:59:04 - [TEST_STEP][PASSED] - verifyElementNotVisible(findTestObject("RAD_RecordAndPlay/input_concatReSSN")): Object 'Object Repository/RAD_RecordAndPlay/input_concatReSSN' is NOT visible

2023-09-26 17:59:05 - [MESSAGE][PASSED] - Object 'Object Repository/RAD_RecordAndPlay/input_concatReSSN' is NOT visible

2023-09-26 17:59:05 - [TEST_STEP][PASSED] - verifyTextPresent("Address and Contact Information", true): Text 'Address and Contact Information' is present on page  using regular expression

2023-09-26 17:59:05 - [MESSAGE][PASSED] - Text 'Address and Contact Information' is present on page  using regular expression

2023-09-26 17:59:05 - [TEST_STEP][PASSED] - verifyTextPresent("Enter the taxpayer", true): Text 'Enter the taxpayer' is present on page  using regular expression

2023-09-26 17:59:06 - [MESSAGE][PASSED] - Text 'Enter the taxpayer' is present on page  using regular expression

2023-09-26 17:59:06 - [TEST_STEP][PASSED] - verifyTextPresent("address and contact information", true): Text 'address and contact information' is present on page  using regular expression

2023-09-26 17:59:06 - [MESSAGE][PASSED] - Text 'address and contact information' is present on page  using regular expression

2023-09-26 17:59:06 - [TEST_STEP][PASSED] - verifyElementPresent(findTestObject(orPath_AddressContact + "/select_Country"), 30): Object 'Object Repository/RAD_Pages/AddressAndContactInfo_Page/select_Country' is present

2023-09-26 17:59:07 - [MESSAGE][PASSED] - Object 'Object Repository/RAD_Pages/AddressAndContactInfo_Page/select_Country' is present

2023-09-26 17:59:07 - [TEST_STEP][PASSED] - verifyElementPresent(findTestObject(orPath_AddressContact + "/input_streetAddress1"), 30): Object 'Object Repository/RAD_Pages/AddressAndContactInfo_Page/input_streetAddress1' is present

2023-09-26 17:59:07 - [MESSAGE][PASSED] - Object 'Object Repository/RAD_Pages/AddressAndContactInfo_Page/input_streetAddress1' is present

2023-09-26 17:59:07 - [TEST_STEP][PASSED] - verifyElementPresent(findTestObject(orPath_AddressContact + "/input_streetAddress2"), 30): Object 'Object Repository/RAD_Pages/AddressAndContactInfo_Page/input_streetAddress2' is present

2023-09-26 17:59:07 - [MESSAGE][PASSED] - Object 'Object Repository/RAD_Pages/AddressAndContactInfo_Page/input_streetAddress2' is present

2023-09-26 17:59:07 - [TEST_STEP][PASSED] - verifyElementPresent(findTestObject(orPath_AddressContact + "/input_city"), 30): Object 'Object Repository/RAD_Pages/AddressAndContactInfo_Page/input_city' is present

2023-09-26 17:59:08 - [MESSAGE][PASSED] - Object 'Object Repository/RAD_Pages/AddressAndContactInfo_Page/input_city' is present

2023-09-26 17:59:08 - [TEST_STEP][PASSED] - verifyElementPresent(findTestObject(orPath_AddressContact + "/select_State"), 30): Object 'Object Repository/RAD_Pages/AddressAndContactInfo_Page/select_State' is present

2023-09-26 17:59:08 - [MESSAGE][PASSED] - Object 'Object Repository/RAD_Pages/AddressAndContactInfo_Page/select_State' is present

2023-09-26 17:59:08 - [TEST_STEP][PASSED] - verifyElementPresent(findTestObject(orPath_AddressContact + "/input_zipCode"), 30): Object 'Object Repository/RAD_Pages/AddressAndContactInfo_Page/input_zipCode' is present

2023-09-26 17:59:08 - [MESSAGE][PASSED] - Object 'Object Repository/RAD_Pages/AddressAndContactInfo_Page/input_zipCode' is present

2023-09-26 17:59:08 - [TEST_STEP][PASSED] - verifyElementPresent(findTestObject(orPath_AddressContact + "/input_phoneNumber"), 30): Object 'Object Repository/RAD_Pages/AddressAndContactInfo_Page/input_phoneNumber' is present

2023-09-26 17:59:09 - [MESSAGE][PASSED] - Object 'Object Repository/RAD_Pages/AddressAndContactInfo_Page/input_phoneNumber' is present

2023-09-26 17:59:09 - [TEST_STEP][PASSED] - verifyElementPresent(findTestObject(orPath_AddressContact + "/input_eMailAddress"), 30): Object 'Object Repository/RAD_Pages/AddressAndContactInfo_Page/input_eMailAddress' is present

2023-09-26 17:59:09 - [MESSAGE][PASSED] - Object 'Object Repository/RAD_Pages/AddressAndContactInfo_Page/input_eMailAddress' is present

2023-09-26 17:59:09 - [TEST_STEP][PASSED] - verifyElementPresent(findTestObject(orPath_AddressContact + "/input_reEnterEMailAddress"), 30): Object 'Object Repository/RAD_Pages/AddressAndContactInfo_Page/input_reEnterEMailAddress' is present

2023-09-26 17:59:09 - [MESSAGE][PASSED] - Object 'Object Repository/RAD_Pages/AddressAndContactInfo_Page/input_reEnterEMailAddress' is present

2023-09-26 17:59:09 - [TEST_STEP][PASSED] - verifyOptionsPresent(findTestObject(orPath_AddressContact + "/select_Country"), ["United States"]): Options [United States] present.

2023-09-26 17:59:10 - [MESSAGE][PASSED] - Options [United States] present.

2023-09-26 17:59:10 - [TEST_STEP][PASSED] - verifyOptionsPresent(findTestObject(orPath_AddressContact + "/select_State"), ["Alabama", "District of Columbia", "Maryland", "Virginia", "Wyoming"]): Options [Alabama, District of Columbia, Maryland, Virginia, Wyoming] present.

2023-09-26 17:59:11 - [MESSAGE][PASSED] - Options [Alabama, District of Columbia, Maryland, Virginia, Wyoming] present.

2023-09-26 17:59:11 - [TEST_STEP][PASSED] - totalOptionsState = getNumberOfTotalOption(findTestObject(orPath_AddressContact + "/select_State")): 52 options of object 'Object Repository/RAD_Pages/AddressAndContactInfo_Page/select_State' counted

2023-09-26 17:59:12 - [MESSAGE][PASSED] - 52 options of object 'Object Repository/RAD_Pages/AddressAndContactInfo_Page/select_State' counted

2023-09-26 17:59:12 - [TEST_STEP][PASSED] - verifyEqual(totalOptionsState, 52): Actual object '52' and expected object '52' are equal

2023-09-26 17:59:12 - [MESSAGE][PASSED] - Actual object '52' and expected object '52' are equal

2023-09-26 17:59:12 - [TEST_STEP][PASSED] - verifyTextPresent("Tax Information", true): Text 'Tax Information' is present on page  using regular expression

2023-09-26 17:59:12 - [MESSAGE][PASSED] - Text 'Tax Information' is present on page  using regular expression

2023-09-26 17:59:12 - [TEST_STEP][PASSED] - verifyElementVisible(findTestObject(orPath_TaxInfo + "/input_FederalEIN-2")): Object 'Object Repository/RAD_Pages/TaxInfo_Page/input_FederalEIN-2' is visible

2023-09-26 17:59:13 - [MESSAGE][PASSED] - Object 'Object Repository/RAD_Pages/TaxInfo_Page/input_FederalEIN-2' is visible

2023-09-26 17:59:13 - [TEST_STEP][PASSED] - verifyElementVisible(findTestObject(orPath_TaxInfo + "/input_FederalEIN_ReEnter-2")): Object 'Object Repository/RAD_Pages/TaxInfo_Page/input_FederalEIN_ReEnter-2' is visible

2023-09-26 17:59:13 - [MESSAGE][PASSED] - Object 'Object Repository/RAD_Pages/TaxInfo_Page/input_FederalEIN_ReEnter-2' is visible

2023-09-26 17:59:13 - [TEST_STEP][PASSED] - verifyElementNotVisible(findTestObject(orPath_TaxInfo + "/input_NoticeInvoiceNumber")): Object 'Object Repository/RAD_Pages/TaxInfo_Page/input_NoticeInvoiceNumber' is NOT visible

2023-09-26 17:59:14 - [MESSAGE][PASSED] - Object 'Object Repository/RAD_Pages/TaxInfo_Page/input_NoticeInvoiceNumber' is NOT visible

2023-09-26 17:59:14 - [TEST_STEP][PASSED] - verifyElementNotVisible(findTestObject(orPath_TaxInfo + "/input_reTypeNoticeInvoiceNumber")): Object 'Object Repository/RAD_Pages/TaxInfo_Page/input_reTypeNoticeInvoiceNumber' is NOT visible

2023-09-26 17:59:14 - [MESSAGE][PASSED] - Object 'Object Repository/RAD_Pages/TaxInfo_Page/input_reTypeNoticeInvoiceNumber' is NOT visible

2023-09-26 17:59:14 - [TEST_STEP][PASSED] - verifyElementNotVisible(findTestObject(orPath_TaxInfo + "/input_MDCRegistrationEL")): Object 'Object Repository/RAD_Pages/TaxInfo_Page/input_MDCRegistrationEL' is NOT visible

2023-09-26 17:59:14 - [MESSAGE][PASSED] - Object 'Object Repository/RAD_Pages/TaxInfo_Page/input_MDCRegistrationEL' is NOT visible

2023-09-26 17:59:14 - [TEST_STEP][PASSED] - verifyElementNotVisible(findTestObject(orPath_FilingStatus + "/input_userType_Individual")): Object 'Object Repository/RAD_Pages/FilingStatus_Page/input_userType_Individual' is NOT visible

2023-09-26 17:59:15 - [MESSAGE][PASSED] - Object 'Object Repository/RAD_Pages/FilingStatus_Page/input_userType_Individual' is NOT visible

2023-09-26 17:59:15 - [TEST_STEP][PASSED] - verifyElementNotVisible(findTestObject(orPath_FilingStatus + "/input_userType_Joint")): Object 'Object Repository/RAD_Pages/FilingStatus_Page/input_userType_Joint' is NOT visible

2023-09-26 17:59:15 - [MESSAGE][PASSED] - Object 'Object Repository/RAD_Pages/FilingStatus_Page/input_userType_Joint' is NOT visible

2023-09-26 17:59:15 - [TEST_STEP][PASSED] - verifyTextPresent("Payment Amount", true): Text 'Payment Amount' is present on page  using regular expression

2023-09-26 17:59:15 - [MESSAGE][PASSED] - Text 'Payment Amount' is present on page  using regular expression

2023-09-26 17:59:15 - [TEST_STEP][PASSED] - verifyElementPresent(findTestObject(orPath_Amount + "/input__paymentAmount"), 30): Object 'Object Repository/RAD_Pages/PaymentAmount_Page/input__paymentAmount' is present

2023-09-26 17:59:16 - [MESSAGE][PASSED] - Object 'Object Repository/RAD_Pages/PaymentAmount_Page/input__paymentAmount' is present

2023-09-26 17:59:16 - [TEST_STEP][PASSED] - verifyElementVisible(findTestObject(orPath_Amount + "/input__paymentAmount")): Object 'Object Repository/RAD_Pages/PaymentAmount_Page/input__paymentAmount' is visible

2023-09-26 17:59:16 - [MESSAGE][PASSED] - Object 'Object Repository/RAD_Pages/PaymentAmount_Page/input__paymentAmount' is visible

2023-09-26 17:59:16 - [TEST_STEP][PASSED] - verifyTextPresent("Service Fee: This electronic government service includes a service/convenience fee. Click here for details", true): Text 'Service Fee: This electronic government service includes a service/convenience fee. Click here for details' is present on page  using regular expression

2023-09-26 17:59:16 - [MESSAGE][PASSED] - Text 'Service Fee: This electronic government service includes a service/convenience fee. Click here for details' is present on page  using regular expression

2023-09-26 17:59:16 - [TEST_STEP][PASSED] - verifyElementPresent(findTestObject(orPath_Amount + "/a_Click here for details"), 30): Object 'Object Repository/RAD_Pages/PaymentAmount_Page/a_Click here for details' is present

2023-09-26 17:59:17 - [MESSAGE][PASSED] - Object 'Object Repository/RAD_Pages/PaymentAmount_Page/a_Click here for details' is present

2023-09-26 17:59:17 - [TEST_STEP][PASSED] - verifyElementPresent(findTestObject(orPath_Landing + "/button_Continue"), 30): Object 'Object Repository/RAD_Pages/Landing_Page/button_Continue' is present

2023-09-26 17:59:17 - [MESSAGE][PASSED] - Object 'Object Repository/RAD_Pages/Landing_Page/button_Continue' is present]]></system-out>
         <system-err><![CDATA[]]></system-err>
      </testcase>
      <testcase name="Test Cases/RAD_TestCases/UI_TestCases/Estimated/Estimated_PTENonElectingNonSCorp_UI_TC" time="28.937" classname="Test Cases/RAD_TestCases/UI_TestCases/Estimated/Estimated_PTENonElectingNonSCorp_UI_TC" status="FAILED">
         <failure type="FAILED" message="Test Cases/RAD_TestCases/UI_TestCases/Estimated/Estimated_PTENonElectingNonSCorp_UI_TC FAILED.
Reason:
com.kms.katalon.core.exception.StepFailedException: Object 'Object Repository/RAD_Pages/TaxInfo_Page/input_FederalEIN-2' is NOT visible (Root cause: com.kms.katalon.core.exception.StepFailedException: Object 'Object Repository/RAD_Pages/TaxInfo_Page/input_FederalEIN-2' is NOT visible
	at com.kms.katalon.core.webui.keyword.internal.WebUIKeywordMain.stepFailed(WebUIKeywordMain.groovy:64)
	at com.kms.katalon.core.webui.keyword.builtin.VerifyElementVisibleKeyword$_verifyElementVisible_closure1.doCall(VerifyElementVisibleKeyword.groovy:83)
	at com.kms.katalon.core.webui.keyword.builtin.VerifyElementVisibleKeyword$_verifyElementVisible_closure1.call(VerifyElementVisibleKeyword.groovy)
	at com.kms.katalon.core.webui.keyword.internal.WebUIKeywordMain.runKeyword(WebUIKeywordMain.groovy:20)
	at com.kms.katalon.core.webui.keyword.builtin.VerifyElementVisibleKeyword.verifyElementVisible(VerifyElementVisibleKeyword.groovy:97)
	at com.kms.katalon.core.webui.keyword.builtin.VerifyElementVisibleKeyword.execute(VerifyElementVisibleKeyword.groovy:67)
	at com.kms.katalon.core.keyword.internal.KeywordExecutor.executeKeywordForPlatform(KeywordExecutor.groovy:74)
	at com.kms.katalon.core.webui.keyword.WebUiBuiltInKeywords.verifyElementVisible(WebUiBuiltInKeywords.groovy:376)
	at com.kms.katalon.core.webui.keyword.WebUiBuiltInKeywords$verifyElementVisible$8.call(Unknown Source)
	at Estimated_PTENonElectingNonSCorp_UI_TC.run(Estimated_PTENonElectingNonSCorp_UI_TC:115)
	at com.kms.katalon.core.main.ScriptEngine.run(ScriptEngine.java:194)
	at com.kms.katalon.core.main.ScriptEngine.runScriptAsRawText(ScriptEngine.java:119)
	at com.kms.katalon.core.main.TestCaseExecutor.runScript(TestCaseExecutor.java:448)
	at com.kms.katalon.core.main.TestCaseExecutor.doExecute(TestCaseExecutor.java:439)
	at com.kms.katalon.core.main.TestCaseExecutor.processExecutionPhase(TestCaseExecutor.java:418)
	at com.kms.katalon.core.main.TestCaseExecutor.accessMainPhase(TestCaseExecutor.java:410)
	at com.kms.katalon.core.main.TestCaseExecutor.execute(TestCaseExecutor.java:285)
	at com.kms.katalon.core.common.CommonExecutor.accessTestCaseMainPhase(CommonExecutor.java:65)
	at com.kms.katalon.core.main.TestSuiteExecutor.accessTestSuiteMainPhase(TestSuiteExecutor.java:148)
	at com.kms.katalon.core.main.TestSuiteExecutor.execute(TestSuiteExecutor.java:106)
	at com.kms.katalon.core.main.TestCaseMain.startTestSuite(TestCaseMain.java:187)
	at com.kms.katalon.core.main.TestCaseMain$startTestSuite$0.call(Unknown Source)
	at TempTestSuite1695765482532.run(TempTestSuite1695765482532.groovy:36)
)
	at com.kms.katalon.core.keyword.internal.KeywordMain.stepFailed(KeywordMain.groovy:39)
	at com.kms.katalon.core.webui.keyword.internal.WebUIKeywordMain.stepFailed(WebUIKeywordMain.groovy:64)
	at com.kms.katalon.core.webui.keyword.builtin.VerifyElementVisibleKeyword$_verifyElementVisible_closure1.doCall(VerifyElementVisibleKeyword.groovy:83)
	at com.kms.katalon.core.webui.keyword.builtin.VerifyElementVisibleKeyword$_verifyElementVisible_closure1.call(VerifyElementVisibleKeyword.groovy)
	at com.kms.katalon.core.webui.keyword.internal.WebUIKeywordMain.runKeyword(WebUIKeywordMain.groovy:20)
	at com.kms.katalon.core.webui.keyword.builtin.VerifyElementVisibleKeyword.verifyElementVisible(VerifyElementVisibleKeyword.groovy:97)
	at com.kms.katalon.core.webui.keyword.builtin.VerifyElementVisibleKeyword.execute(VerifyElementVisibleKeyword.groovy:67)
	at com.kms.katalon.core.keyword.internal.KeywordExecutor.executeKeywordForPlatform(KeywordExecutor.groovy:74)
	at com.kms.katalon.core.webui.keyword.WebUiBuiltInKeywords.verifyElementVisible(WebUiBuiltInKeywords.groovy:376)
	at com.kms.katalon.core.webui.keyword.WebUiBuiltInKeywords$verifyElementVisible$8.call(Unknown Source)
	at Estimated_PTENonElectingNonSCorp_UI_TC.run(Estimated_PTENonElectingNonSCorp_UI_TC:115)
	at com.kms.katalon.core.main.ScriptEngine.run(ScriptEngine.java:194)
	at com.kms.katalon.core.main.ScriptEngine.runScriptAsRawText(ScriptEngine.java:119)
	at com.kms.katalon.core.main.TestCaseExecutor.runScript(TestCaseExecutor.java:448)
	at com.kms.katalon.core.main.TestCaseExecutor.doExecute(TestCaseExecutor.java:439)
	at com.kms.katalon.core.main.TestCaseExecutor.processExecutionPhase(TestCaseExecutor.java:418)
	at com.kms.katalon.core.main.TestCaseExecutor.accessMainPhase(TestCaseExecutor.java:410)
	at com.kms.katalon.core.main.TestCaseExecutor.execute(TestCaseExecutor.java:285)
	at com.kms.katalon.core.common.CommonExecutor.accessTestCaseMainPhase(CommonExecutor.java:65)
	at com.kms.katalon.core.main.TestSuiteExecutor.accessTestSuiteMainPhase(TestSuiteExecutor.java:148)
	at com.kms.katalon.core.main.TestSuiteExecutor.execute(TestSuiteExecutor.java:106)
	at com.kms.katalon.core.main.TestCaseMain.startTestSuite(TestCaseMain.java:187)
	at com.kms.katalon.core.main.TestCaseMain$startTestSuite$0.call(Unknown Source)
	at TempTestSuite1695765482532.run(TempTestSuite1695765482532.groovy:36)
Caused by: com.kms.katalon.core.exception.StepFailedException: Object 'Object Repository/RAD_Pages/TaxInfo_Page/input_FederalEIN-2' is NOT visible
	... 23 more
"/>
         <system-out><![CDATA[2023-09-26 17:59:17 - [TEST_CASE][FAILED] - Test Cases/RAD_TestCases/UI_TestCases/Estimated/Estimated_PTENonElectingNonSCorp_UI_TC: Test Cases/RAD_TestCases/UI_TestCases/Estimated/Estimated_PTENonElectingNonSCorp_UI_TC FAILED.
Reason:
com.kms.katalon.core.exception.StepFailedException: Object 'Object Repository/RAD_Pages/TaxInfo_Page/input_FederalEIN-2' is NOT visible (Root cause: com.kms.katalon.core.exception.StepFailedException: Object 'Object Repository/RAD_Pages/TaxInfo_Page/input_FederalEIN-2' is NOT visible
	at com.kms.katalon.core.webui.keyword.internal.WebUIKeywordMain.stepFailed(WebUIKeywordMain.groovy:64)
	at com.kms.katalon.core.webui.keyword.builtin.VerifyElementVisibleKeyword$_verifyElementVisible_closure1.doCall(VerifyElementVisibleKeyword.groovy:83)
	at com.kms.katalon.core.webui.keyword.builtin.VerifyElementVisibleKeyword$_verifyElementVisible_closure1.call(VerifyElementVisibleKeyword.groovy)
	at com.kms.katalon.core.webui.keyword.internal.WebUIKeywordMain.runKeyword(WebUIKeywordMain.groovy:20)
	at com.kms.katalon.core.webui.keyword.builtin.VerifyElementVisibleKeyword.verifyElementVisible(VerifyElementVisibleKeyword.groovy:97)
	at com.kms.katalon.core.webui.keyword.builtin.VerifyElementVisibleKeyword.execute(VerifyElementVisibleKeyword.groovy:67)
	at com.kms.katalon.core.keyword.internal.KeywordExecutor.executeKeywordForPlatform(KeywordExecutor.groovy:74)
	at com.kms.katalon.core.webui.keyword.WebUiBuiltInKeywords.verifyElementVisible(WebUiBuiltInKeywords.groovy:376)
	at com.kms.katalon.core.webui.keyword.WebUiBuiltInKeywords$verifyElementVisible$8.call(Unknown Source)
	at Estimated_PTENonElectingNonSCorp_UI_TC.run(Estimated_PTENonElectingNonSCorp_UI_TC:115)
	at com.kms.katalon.core.main.ScriptEngine.run(ScriptEngine.java:194)
	at com.kms.katalon.core.main.ScriptEngine.runScriptAsRawText(ScriptEngine.java:119)
	at com.kms.katalon.core.main.TestCaseExecutor.runScript(TestCaseExecutor.java:448)
	at com.kms.katalon.core.main.TestCaseExecutor.doExecute(TestCaseExecutor.java:439)
	at com.kms.katalon.core.main.TestCaseExecutor.processExecutionPhase(TestCaseExecutor.java:418)
	at com.kms.katalon.core.main.TestCaseExecutor.accessMainPhase(TestCaseExecutor.java:410)
	at com.kms.katalon.core.main.TestCaseExecutor.execute(TestCaseExecutor.java:285)
	at com.kms.katalon.core.common.CommonExecutor.accessTestCaseMainPhase(CommonExecutor.java:65)
	at com.kms.katalon.core.main.TestSuiteExecutor.accessTestSuiteMainPhase(TestSuiteExecutor.java:148)
	at com.kms.katalon.core.main.TestSuiteExecutor.execute(TestSuiteExecutor.java:106)
	at com.kms.katalon.core.main.TestCaseMain.startTestSuite(TestCaseMain.java:187)
	at com.kms.katalon.core.main.TestCaseMain$startTestSuite$0.call(Unknown Source)
	at TempTestSuite1695765482532.run(TempTestSuite1695765482532.groovy:36)
)
	at com.kms.katalon.core.keyword.internal.KeywordMain.stepFailed(KeywordMain.groovy:39)
	at com.kms.katalon.core.webui.keyword.internal.WebUIKeywordMain.stepFailed(WebUIKeywordMain.groovy:64)
	at com.kms.katalon.core.webui.keyword.builtin.VerifyElementVisibleKeyword$_verifyElementVisible_closure1.doCall(VerifyElementVisibleKeyword.groovy:83)
	at com.kms.katalon.core.webui.keyword.builtin.VerifyElementVisibleKeyword$_verifyElementVisible_closure1.call(VerifyElementVisibleKeyword.groovy)
	at com.kms.katalon.core.webui.keyword.internal.WebUIKeywordMain.runKeyword(WebUIKeywordMain.groovy:20)
	at com.kms.katalon.core.webui.keyword.builtin.VerifyElementVisibleKeyword.verifyElementVisible(VerifyElementVisibleKeyword.groovy:97)
	at com.kms.katalon.core.webui.keyword.builtin.VerifyElementVisibleKeyword.execute(VerifyElementVisibleKeyword.groovy:67)
	at com.kms.katalon.core.keyword.internal.KeywordExecutor.executeKeywordForPlatform(KeywordExecutor.groovy:74)
	at com.kms.katalon.core.webui.keyword.WebUiBuiltInKeywords.verifyElementVisible(WebUiBuiltInKeywords.groovy:376)
	at com.kms.katalon.core.webui.keyword.WebUiBuiltInKeywords$verifyElementVisible$8.call(Unknown Source)
	at Estimated_PTENonElectingNonSCorp_UI_TC.run(Estimated_PTENonElectingNonSCorp_UI_TC:115)
	at com.kms.katalon.core.main.ScriptEngine.run(ScriptEngine.java:194)
	at com.kms.katalon.core.main.ScriptEngine.runScriptAsRawText(ScriptEngine.java:119)
	at com.kms.katalon.core.main.TestCaseExecutor.runScript(TestCaseExecutor.java:448)
	at com.kms.katalon.core.main.TestCaseExecutor.doExecute(TestCaseExecutor.java:439)
	at com.kms.katalon.core.main.TestCaseExecutor.processExecutionPhase(TestCaseExecutor.java:418)
	at com.kms.katalon.core.main.TestCaseExecutor.accessMainPhase(TestCaseExecutor.java:410)
	at com.kms.katalon.core.main.TestCaseExecutor.execute(TestCaseExecutor.java:285)
	at com.kms.katalon.core.common.CommonExecutor.accessTestCaseMainPhase(CommonExecutor.java:65)
	at com.kms.katalon.core.main.TestSuiteExecutor.accessTestSuiteMainPhase(TestSuiteExecutor.java:148)
	at com.kms.katalon.core.main.TestSuiteExecutor.execute(TestSuiteExecutor.java:106)
	at com.kms.katalon.core.main.TestCaseMain.startTestSuite(TestCaseMain.java:187)
	at com.kms.katalon.core.main.TestCaseMain$startTestSuite$0.call(Unknown Source)
	at TempTestSuite1695765482532.run(TempTestSuite1695765482532.groovy:36)
Caused by: com.kms.katalon.core.exception.StepFailedException: Object 'Object Repository/RAD_Pages/TaxInfo_Page/input_FederalEIN-2' is NOT visible
	... 23 more


2023-09-26 17:59:17 - [TEST_STEP][PASSED] - openBrowser(""): Browser is opened with url: ''

2023-09-26 17:59:17 - [MESSAGE][WARNING] - A browser is already opened. Closing browser and opening a new one

2023-09-26 17:59:18 - [MESSAGE][INFO] - Starting 'Chrome' driver

2023-09-26 17:59:18 - [MESSAGE][INFO] - User set preference: ['acceptInsecureCerts', 'true']

2023-09-26 17:59:18 - [MESSAGE][INFO] - Action delay is set to 0 milliseconds

2023-09-26 17:59:20 - [MESSAGE][PASSED] - Browser is opened with url: ''

2023-09-26 17:59:20 - [TEST_STEP][PASSED] - maximizeWindow(): Current window maximized

2023-09-26 17:59:20 - [MESSAGE][PASSED] - Current window maximized

2023-09-26 17:59:20 - [TEST_STEP][PASSED] - navigateToUrl(RADurl): Navigate to 'https://qa2.velocitypayment.com/client/rad/index.html' successfully

2023-09-26 17:59:21 - [MESSAGE][PASSED] - Navigate to 'https://qa2.velocitypayment.com/client/rad/index.html' successfully

2023-09-26 17:59:21 - [TEST_STEP][PASSED] - orPath_Landing = "Object Repository/RAD_Pages/Landing_Page": null

2023-09-26 17:59:21 - [TEST_STEP][PASSED] - orPath_TaxTypeFilingYear = "Object Repository/RAD_Pages/TaxTypeFilingYear_Page": null

2023-09-26 17:59:21 - [TEST_STEP][PASSED] - orPath_TaxPayer = "Object Repository/RAD_Pages/Taxpayer_Page": null

2023-09-26 17:59:21 - [TEST_STEP][PASSED] - orPath_AddressContact = "Object Repository/RAD_Pages/AddressAndContactInfo_Page": null

2023-09-26 17:59:21 - [TEST_STEP][PASSED] - orPath_FilingStatus = "Object Repository/RAD_Pages/FilingStatus_Page": null

2023-09-26 17:59:21 - [TEST_STEP][PASSED] - orPath_Amount = "Object Repository/RAD_Pages/PaymentAmount_Page": null

2023-09-26 17:59:21 - [TEST_STEP][PASSED] - orPath_TaxInfo = "Object Repository/RAD_Pages/TaxInfo_Page": null

2023-09-26 17:59:21 - [TEST_STEP][PASSED] - verifyTextPresent("Payment Type/Filing Year", true): Text 'Payment Type/Filing Year' is present on page  using regular expression

2023-09-26 17:59:22 - [MESSAGE][PASSED] - Text 'Payment Type/Filing Year' is present on page  using regular expression

2023-09-26 17:59:22 - [TEST_STEP][PASSED] - selectOptionByLabel(findTestObject(orPath_Landing + "/dd_TaxType"), "Quarterly Estimated Tax", false): All options with label 'Quarterly Estimated Tax' are selected in object 'Object Repository/RAD_Pages/Landing_Page/dd_TaxType' 

2023-09-26 17:59:23 - [MESSAGE][PASSED] - All options with label 'Quarterly Estimated Tax' are selected in object 'Object Repository/RAD_Pages/Landing_Page/dd_TaxType' 

2023-09-26 17:59:23 - [TEST_STEP][PASSED] - selectOptionByLabel(findTestObject(orPath_TaxTypeFilingYear + "/select_PaymentType"), "PTE Non-Electing Non-S Corp", false): All options with label 'PTE Non-Electing Non-S Corp' are selected in object 'Object Repository/RAD_Pages/TaxTypeFilingYear_Page/select_PaymentType' 

2023-09-26 17:59:23 - [MESSAGE][PASSED] - All options with label 'PTE Non-Electing Non-S Corp' are selected in object 'Object Repository/RAD_Pages/TaxTypeFilingYear_Page/select_PaymentType' 

2023-09-26 17:59:23 - [TEST_STEP][PASSED] - verifyElementPresent(findTestObject(orPath_TaxTypeFilingYear + "/select_FilingYear"), 30): Object 'Object Repository/RAD_Pages/TaxTypeFilingYear_Page/select_FilingYear' is present

2023-09-26 17:59:24 - [MESSAGE][PASSED] - Object 'Object Repository/RAD_Pages/TaxTypeFilingYear_Page/select_FilingYear' is present

2023-09-26 17:59:24 - [TEST_STEP][PASSED] - verifyElementVisible(findTestObject(orPath_TaxTypeFilingYear + "/select_FilingYear")): Object 'Object Repository/RAD_Pages/TaxTypeFilingYear_Page/select_FilingYear' is visible

2023-09-26 17:59:24 - [MESSAGE][PASSED] - Object 'Object Repository/RAD_Pages/TaxTypeFilingYear_Page/select_FilingYear' is visible

2023-09-26 17:59:24 - [TEST_STEP][PASSED] - totalOptionsFilingYear = getNumberOfTotalOption(findTestObject(orPath_TaxTypeFilingYear + "/select_FilingYear")): 1 options of object 'Object Repository/RAD_Pages/TaxTypeFilingYear_Page/select_FilingYear' counted

2023-09-26 17:59:25 - [MESSAGE][PASSED] - 1 options of object 'Object Repository/RAD_Pages/TaxTypeFilingYear_Page/select_FilingYear' counted

2023-09-26 17:59:25 - [TEST_STEP][PASSED] - verifyEqual(totalOptionsFilingYear, 1): Actual object '1' and expected object '1' are equal

2023-09-26 17:59:25 - [MESSAGE][PASSED] - Actual object '1' and expected object '1' are equal

2023-09-26 17:59:25 - [TEST_STEP][PASSED] - verifyOptionsPresent(findTestObject(orPath_TaxTypeFilingYear + "/select_FilingYear"), ["2023"]): Options [2023] present.

2023-09-26 17:59:26 - [MESSAGE][PASSED] - Options [2023] present.

2023-09-26 17:59:26 - [TEST_STEP][PASSED] - verifyElementPresent(findTestObject(orPath_TaxTypeFilingYear + "/select_PeriodEnding"), 30): Object 'Object Repository/RAD_Pages/TaxTypeFilingYear_Page/select_PeriodEnding' is present

2023-09-26 17:59:26 - [MESSAGE][PASSED] - Object 'Object Repository/RAD_Pages/TaxTypeFilingYear_Page/select_PeriodEnding' is present

2023-09-26 17:59:26 - [TEST_STEP][PASSED] - verifyElementVisible(findTestObject(orPath_TaxTypeFilingYear + "/select_PeriodEnding")): Object 'Object Repository/RAD_Pages/TaxTypeFilingYear_Page/select_PeriodEnding' is visible

2023-09-26 17:59:26 - [MESSAGE][PASSED] - Object 'Object Repository/RAD_Pages/TaxTypeFilingYear_Page/select_PeriodEnding' is visible

2023-09-26 17:59:26 - [TEST_STEP][PASSED] - totalOptionsPeriodEnding = getNumberOfTotalOption(findTestObject(orPath_TaxTypeFilingYear + "/select_PeriodEnding")): 13 options of object 'Object Repository/RAD_Pages/TaxTypeFilingYear_Page/select_PeriodEnding' counted

2023-09-26 17:59:27 - [MESSAGE][PASSED] - 13 options of object 'Object Repository/RAD_Pages/TaxTypeFilingYear_Page/select_PeriodEnding' counted

2023-09-26 17:59:27 - [TEST_STEP][PASSED] - verifyEqual(totalOptionsPeriodEnding, 13): Actual object '13' and expected object '13' are equal

2023-09-26 17:59:27 - [MESSAGE][PASSED] - Actual object '13' and expected object '13' are equal

2023-09-26 17:59:27 - [TEST_STEP][PASSED] - verifyOptionsPresent(findTestObject(orPath_TaxTypeFilingYear + "/select_PeriodEnding"), ["Month", "January", "February", "March", "April", "May", "June"]): Options [Month, January, February, March, April, May, June] present.

2023-09-26 17:59:27 - [MESSAGE][PASSED] - Options [Month, January, February, March, April, May, June] present.

2023-09-26 17:59:27 - [TEST_STEP][PASSED] - verifyOptionsPresent(findTestObject(orPath_TaxTypeFilingYear + "/select_PeriodEnding"), ["July", "August", "September", "October", "November", "December"]): Options [July, August, September, October, November, December] present.

2023-09-26 17:59:28 - [MESSAGE][PASSED] - Options [July, August, September, October, November, December] present.

2023-09-26 17:59:28 - [TEST_STEP][PASSED] - verifyTextPresent("Taxpayer", true): Text 'Taxpayer' is present on page  using regular expression

2023-09-26 17:59:29 - [MESSAGE][PASSED] - Text 'Taxpayer' is present on page  using regular expression

2023-09-26 17:59:29 - [TEST_STEP][PASSED] - verifyTextPresent("Provide the following taxpayer information", true): Text 'Provide the following taxpayer information' is present on page  using regular expression

2023-09-26 17:59:29 - [MESSAGE][PASSED] - Text 'Provide the following taxpayer information' is present on page  using regular expression

2023-09-26 17:59:29 - [TEST_STEP][PASSED] - verifyTextPresent("Note: If you are paying on behalf of the Taxpayer, enter Taxpayer", true): Text 'Note: If you are paying on behalf of the Taxpayer, enter Taxpayer' is present on page  using regular expression

2023-09-26 17:59:29 - [MESSAGE][PASSED] - Text 'Note: If you are paying on behalf of the Taxpayer, enter Taxpayer' is present on page  using regular expression

2023-09-26 17:59:29 - [TEST_STEP][PASSED] - verifyTextPresent("information here. If you are making a payment for the Taxpayer, you will be required later to enter your own credit card, billing address and other pertinent information", true): Text 'information here. If you are making a payment for the Taxpayer, you will be required later to enter your own credit card, billing address and other pertinent information' is present on page  using regular expression

2023-09-26 17:59:30 - [MESSAGE][PASSED] - Text 'information here. If you are making a payment for the Taxpayer, you will be required later to enter your own credit card, billing address and other pertinent information' is present on page  using regular expression

2023-09-26 17:59:30 - [TEST_STEP][PASSED] - verifyElementVisible(findTestObject(orPath_TaxPayer + "/input_Note_businessName")): Object 'Object Repository/RAD_Pages/Taxpayer_Page/input_Note_businessName' is visible

2023-09-26 17:59:30 - [MESSAGE][PASSED] - Object 'Object Repository/RAD_Pages/Taxpayer_Page/input_Note_businessName' is visible

2023-09-26 17:59:30 - [TEST_STEP][PASSED] - verifyElementVisible(findTestObject(orPath_TaxPayer + "/input_BusinessRepfirstName")): Object 'Object Repository/RAD_Pages/Taxpayer_Page/input_BusinessRepfirstName' is visible

2023-09-26 17:59:30 - [MESSAGE][PASSED] - Object 'Object Repository/RAD_Pages/Taxpayer_Page/input_BusinessRepfirstName' is visible

2023-09-26 17:59:30 - [TEST_STEP][PASSED] - verifyElementVisible(findTestObject(orPath_TaxPayer + "/input_BusinessRepmiddleName")): Object 'Object Repository/RAD_Pages/Taxpayer_Page/input_BusinessRepmiddleName' is visible

2023-09-26 17:59:31 - [MESSAGE][PASSED] - Object 'Object Repository/RAD_Pages/Taxpayer_Page/input_BusinessRepmiddleName' is visible

2023-09-26 17:59:31 - [TEST_STEP][PASSED] - verifyElementVisible(findTestObject(orPath_TaxPayer + "/input_BusinessReplastName")): Object 'Object Repository/RAD_Pages/Taxpayer_Page/input_BusinessReplastName' is visible

2023-09-26 17:59:31 - [MESSAGE][PASSED] - Object 'Object Repository/RAD_Pages/Taxpayer_Page/input_BusinessReplastName' is visible

2023-09-26 17:59:31 - [TEST_STEP][PASSED] - verifyElementVisible(findTestObject(orPath_TaxPayer + "/input_BusinessRepsuffix")): Object 'Object Repository/RAD_Pages/Taxpayer_Page/input_BusinessRepsuffix' is visible

2023-09-26 17:59:31 - [MESSAGE][PASSED] - Object 'Object Repository/RAD_Pages/Taxpayer_Page/input_BusinessRepsuffix' is visible

2023-09-26 17:59:31 - [TEST_STEP][PASSED] - verifyElementNotVisible(findTestObject(orPath_TaxPayer + "/input_firstName")): Object 'Object Repository/RAD_Pages/Taxpayer_Page/input_firstName' is NOT visible

2023-09-26 17:59:32 - [MESSAGE][PASSED] - Object 'Object Repository/RAD_Pages/Taxpayer_Page/input_firstName' is NOT visible

2023-09-26 17:59:32 - [TEST_STEP][PASSED] - verifyElementNotVisible(findTestObject(orPath_TaxPayer + "/input_middleName")): Object 'Object Repository/RAD_Pages/Taxpayer_Page/input_middleName' is NOT visible

2023-09-26 17:59:32 - [MESSAGE][PASSED] - Object 'Object Repository/RAD_Pages/Taxpayer_Page/input_middleName' is NOT visible

2023-09-26 17:59:32 - [TEST_STEP][PASSED] - verifyElementNotVisible(findTestObject(orPath_TaxPayer + "/input_lastName")): Object 'Object Repository/RAD_Pages/Taxpayer_Page/input_lastName' is NOT visible

2023-09-26 17:59:32 - [MESSAGE][PASSED] - Object 'Object Repository/RAD_Pages/Taxpayer_Page/input_lastName' is NOT visible

2023-09-26 17:59:32 - [TEST_STEP][PASSED] - verifyElementNotVisible(findTestObject(orPath_TaxPayer + "/input_suffix")): Object 'Object Repository/RAD_Pages/Taxpayer_Page/input_suffix' is NOT visible

2023-09-26 17:59:33 - [MESSAGE][PASSED] - Object 'Object Repository/RAD_Pages/Taxpayer_Page/input_suffix' is NOT visible

2023-09-26 17:59:33 - [TEST_STEP][PASSED] - verifyElementNotVisible(findTestObject("RAD_RecordAndPlay/input_concatSSN")): Object 'Object Repository/RAD_RecordAndPlay/input_concatSSN' is NOT visible

2023-09-26 17:59:33 - [MESSAGE][PASSED] - Object 'Object Repository/RAD_RecordAndPlay/input_concatSSN' is NOT visible

2023-09-26 17:59:33 - [TEST_STEP][PASSED] - verifyElementNotVisible(findTestObject("RAD_RecordAndPlay/input_concatReSSN")): Object 'Object Repository/RAD_RecordAndPlay/input_concatReSSN' is NOT visible

2023-09-26 17:59:34 - [MESSAGE][PASSED] - Object 'Object Repository/RAD_RecordAndPlay/input_concatReSSN' is NOT visible

2023-09-26 17:59:34 - [TEST_STEP][PASSED] - verifyTextPresent("Address and Contact Information", true): Text 'Address and Contact Information' is present on page  using regular expression

2023-09-26 17:59:34 - [MESSAGE][PASSED] - Text 'Address and Contact Information' is present on page  using regular expression

2023-09-26 17:59:34 - [TEST_STEP][PASSED] - verifyTextPresent("Enter the taxpayer", true): Text 'Enter the taxpayer' is present on page  using regular expression

2023-09-26 17:59:35 - [MESSAGE][PASSED] - Text 'Enter the taxpayer' is present on page  using regular expression

2023-09-26 17:59:35 - [TEST_STEP][PASSED] - verifyTextPresent("address and contact information", true): Text 'address and contact information' is present on page  using regular expression

2023-09-26 17:59:35 - [MESSAGE][PASSED] - Text 'address and contact information' is present on page  using regular expression

2023-09-26 17:59:35 - [TEST_STEP][PASSED] - verifyElementPresent(findTestObject(orPath_AddressContact + "/select_Country"), 30): Object 'Object Repository/RAD_Pages/AddressAndContactInfo_Page/select_Country' is present

2023-09-26 17:59:35 - [MESSAGE][PASSED] - Object 'Object Repository/RAD_Pages/AddressAndContactInfo_Page/select_Country' is present

2023-09-26 17:59:35 - [TEST_STEP][PASSED] - verifyElementPresent(findTestObject(orPath_AddressContact + "/input_streetAddress1"), 30): Object 'Object Repository/RAD_Pages/AddressAndContactInfo_Page/input_streetAddress1' is present

2023-09-26 17:59:36 - [MESSAGE][PASSED] - Object 'Object Repository/RAD_Pages/AddressAndContactInfo_Page/input_streetAddress1' is present

2023-09-26 17:59:36 - [TEST_STEP][PASSED] - verifyElementPresent(findTestObject(orPath_AddressContact + "/input_streetAddress2"), 30): Object 'Object Repository/RAD_Pages/AddressAndContactInfo_Page/input_streetAddress2' is present

2023-09-26 17:59:36 - [MESSAGE][PASSED] - Object 'Object Repository/RAD_Pages/AddressAndContactInfo_Page/input_streetAddress2' is present

2023-09-26 17:59:36 - [TEST_STEP][PASSED] - verifyElementPresent(findTestObject(orPath_AddressContact + "/input_city"), 30): Object 'Object Repository/RAD_Pages/AddressAndContactInfo_Page/input_city' is present

2023-09-26 17:59:36 - [MESSAGE][PASSED] - Object 'Object Repository/RAD_Pages/AddressAndContactInfo_Page/input_city' is present

2023-09-26 17:59:36 - [TEST_STEP][PASSED] - verifyElementPresent(findTestObject(orPath_AddressContact + "/select_State"), 30): Object 'Object Repository/RAD_Pages/AddressAndContactInfo_Page/select_State' is present

2023-09-26 17:59:37 - [MESSAGE][PASSED] - Object 'Object Repository/RAD_Pages/AddressAndContactInfo_Page/select_State' is present

2023-09-26 17:59:37 - [TEST_STEP][PASSED] - verifyElementPresent(findTestObject(orPath_AddressContact + "/input_zipCode"), 30): Object 'Object Repository/RAD_Pages/AddressAndContactInfo_Page/input_zipCode' is present

2023-09-26 17:59:37 - [MESSAGE][PASSED] - Object 'Object Repository/RAD_Pages/AddressAndContactInfo_Page/input_zipCode' is present

2023-09-26 17:59:37 - [TEST_STEP][PASSED] - verifyElementPresent(findTestObject(orPath_AddressContact + "/input_phoneNumber"), 30): Object 'Object Repository/RAD_Pages/AddressAndContactInfo_Page/input_phoneNumber' is present

2023-09-26 17:59:37 - [MESSAGE][PASSED] - Object 'Object Repository/RAD_Pages/AddressAndContactInfo_Page/input_phoneNumber' is present

2023-09-26 17:59:37 - [TEST_STEP][PASSED] - verifyElementPresent(findTestObject(orPath_AddressContact + "/input_eMailAddress"), 30): Object 'Object Repository/RAD_Pages/AddressAndContactInfo_Page/input_eMailAddress' is present

2023-09-26 17:59:38 - [MESSAGE][PASSED] - Object 'Object Repository/RAD_Pages/AddressAndContactInfo_Page/input_eMailAddress' is present

2023-09-26 17:59:38 - [TEST_STEP][PASSED] - verifyElementPresent(findTestObject(orPath_AddressContact + "/input_reEnterEMailAddress"), 30): Object 'Object Repository/RAD_Pages/AddressAndContactInfo_Page/input_reEnterEMailAddress' is present

2023-09-26 17:59:38 - [MESSAGE][PASSED] - Object 'Object Repository/RAD_Pages/AddressAndContactInfo_Page/input_reEnterEMailAddress' is present

2023-09-26 17:59:38 - [TEST_STEP][PASSED] - verifyOptionsPresent(findTestObject(orPath_AddressContact + "/select_Country"), ["United States"]): Options [United States] present.

2023-09-26 17:59:39 - [MESSAGE][PASSED] - Options [United States] present.

2023-09-26 17:59:39 - [TEST_STEP][PASSED] - verifyOptionsPresent(findTestObject(orPath_AddressContact + "/select_State"), ["Alabama", "District of Columbia", "Maryland", "Virginia", "Wyoming"]): Options [Alabama, District of Columbia, Maryland, Virginia, Wyoming] present.

2023-09-26 17:59:40 - [MESSAGE][PASSED] - Options [Alabama, District of Columbia, Maryland, Virginia, Wyoming] present.

2023-09-26 17:59:40 - [TEST_STEP][PASSED] - totalOptionsState = getNumberOfTotalOption(findTestObject(orPath_AddressContact + "/select_State")): 52 options of object 'Object Repository/RAD_Pages/AddressAndContactInfo_Page/select_State' counted

2023-09-26 17:59:40 - [MESSAGE][PASSED] - 52 options of object 'Object Repository/RAD_Pages/AddressAndContactInfo_Page/select_State' counted

2023-09-26 17:59:40 - [TEST_STEP][PASSED] - verifyEqual(totalOptionsState, 52): Actual object '52' and expected object '52' are equal

2023-09-26 17:59:40 - [MESSAGE][PASSED] - Actual object '52' and expected object '52' are equal

2023-09-26 17:59:40 - [TEST_STEP][PASSED] - verifyTextPresent("Tax Information", true): Text 'Tax Information' is present on page  using regular expression

2023-09-26 17:59:41 - [MESSAGE][PASSED] - Text 'Tax Information' is present on page  using regular expression

2023-09-26 17:59:41 - [TEST_STEP][FAILED] - verifyElementVisible(findTestObject(orPath_TaxInfo + "/input_FederalEIN-2")): Object 'Object Repository/RAD_Pages/TaxInfo_Page/input_FederalEIN-2' is NOT visible (Root cause: com.kms.katalon.core.exception.StepFailedException: Object 'Object Repository/RAD_Pages/TaxInfo_Page/input_FederalEIN-2' is NOT visible
	at com.kms.katalon.core.webui.keyword.internal.WebUIKeywordMain.stepFailed(WebUIKeywordMain.groovy:64)
	at com.kms.katalon.core.webui.keyword.builtin.VerifyElementVisibleKeyword$_verifyElementVisible_closure1.doCall(VerifyElementVisibleKeyword.groovy:83)
	at com.kms.katalon.core.webui.keyword.builtin.VerifyElementVisibleKeyword$_verifyElementVisible_closure1.call(VerifyElementVisibleKeyword.groovy)
	at com.kms.katalon.core.webui.keyword.internal.WebUIKeywordMain.runKeyword(WebUIKeywordMain.groovy:20)
	at com.kms.katalon.core.webui.keyword.builtin.VerifyElementVisibleKeyword.verifyElementVisible(VerifyElementVisibleKeyword.groovy:97)
	at com.kms.katalon.core.webui.keyword.builtin.VerifyElementVisibleKeyword.execute(VerifyElementVisibleKeyword.groovy:67)
	at com.kms.katalon.core.keyword.internal.KeywordExecutor.executeKeywordForPlatform(KeywordExecutor.groovy:74)
	at com.kms.katalon.core.webui.keyword.WebUiBuiltInKeywords.verifyElementVisible(WebUiBuiltInKeywords.groovy:376)
	at com.kms.katalon.core.webui.keyword.WebUiBuiltInKeywords$verifyElementVisible$8.call(Unknown Source)
	at Estimated_PTENonElectingNonSCorp_UI_TC.run(Estimated_PTENonElectingNonSCorp_UI_TC:115)
	at com.kms.katalon.core.main.ScriptEngine.run(ScriptEngine.java:194)
	at com.kms.katalon.core.main.ScriptEngine.runScriptAsRawText(ScriptEngine.java:119)
	at com.kms.katalon.core.main.TestCaseExecutor.runScript(TestCaseExecutor.java:448)
	at com.kms.katalon.core.main.TestCaseExecutor.doExecute(TestCaseExecutor.java:439)
	at com.kms.katalon.core.main.TestCaseExecutor.processExecutionPhase(TestCaseExecutor.java:418)
	at com.kms.katalon.core.main.TestCaseExecutor.accessMainPhase(TestCaseExecutor.java:410)
	at com.kms.katalon.core.main.TestCaseExecutor.execute(TestCaseExecutor.java:285)
	at com.kms.katalon.core.common.CommonExecutor.accessTestCaseMainPhase(CommonExecutor.java:65)
	at com.kms.katalon.core.main.TestSuiteExecutor.accessTestSuiteMainPhase(TestSuiteExecutor.java:148)
	at com.kms.katalon.core.main.TestSuiteExecutor.execute(TestSuiteExecutor.java:106)
	at com.kms.katalon.core.main.TestCaseMain.startTestSuite(TestCaseMain.java:187)
	at com.kms.katalon.core.main.TestCaseMain$startTestSuite$0.call(Unknown Source)
	at TempTestSuite1695765482532.run(TempTestSuite1695765482532.groovy:36)
)

2023-09-26 17:59:41 - [MESSAGE][FAILED] - Object 'Object Repository/RAD_Pages/TaxInfo_Page/input_FederalEIN-2' is NOT visible (Root cause: com.kms.katalon.core.exception.StepFailedException: Object 'Object Repository/RAD_Pages/TaxInfo_Page/input_FederalEIN-2' is NOT visible
	at com.kms.katalon.core.webui.keyword.internal.WebUIKeywordMain.stepFailed(WebUIKeywordMain.groovy:64)
	at com.kms.katalon.core.webui.keyword.builtin.VerifyElementVisibleKeyword$_verifyElementVisible_closure1.doCall(VerifyElementVisibleKeyword.groovy:83)
	at com.kms.katalon.core.webui.keyword.builtin.VerifyElementVisibleKeyword$_verifyElementVisible_closure1.call(VerifyElementVisibleKeyword.groovy)
	at com.kms.katalon.core.webui.keyword.internal.WebUIKeywordMain.runKeyword(WebUIKeywordMain.groovy:20)
	at com.kms.katalon.core.webui.keyword.builtin.VerifyElementVisibleKeyword.verifyElementVisible(VerifyElementVisibleKeyword.groovy:97)
	at com.kms.katalon.core.webui.keyword.builtin.VerifyElementVisibleKeyword.execute(VerifyElementVisibleKeyword.groovy:67)
	at com.kms.katalon.core.keyword.internal.KeywordExecutor.executeKeywordForPlatform(KeywordExecutor.groovy:74)
	at com.kms.katalon.core.webui.keyword.WebUiBuiltInKeywords.verifyElementVisible(WebUiBuiltInKeywords.groovy:376)
	at com.kms.katalon.core.webui.keyword.WebUiBuiltInKeywords$verifyElementVisible$8.call(Unknown Source)
	at Estimated_PTENonElectingNonSCorp_UI_TC.run(Estimated_PTENonElectingNonSCorp_UI_TC:115)
	at com.kms.katalon.core.main.ScriptEngine.run(ScriptEngine.java:194)
	at com.kms.katalon.core.main.ScriptEngine.runScriptAsRawText(ScriptEngine.java:119)
	at com.kms.katalon.core.main.TestCaseExecutor.runScript(TestCaseExecutor.java:448)
	at com.kms.katalon.core.main.TestCaseExecutor.doExecute(TestCaseExecutor.java:439)
	at com.kms.katalon.core.main.TestCaseExecutor.processExecutionPhase(TestCaseExecutor.java:418)
	at com.kms.katalon.core.main.TestCaseExecutor.accessMainPhase(TestCaseExecutor.java:410)
	at com.kms.katalon.core.main.TestCaseExecutor.execute(TestCaseExecutor.java:285)
	at com.kms.katalon.core.common.CommonExecutor.accessTestCaseMainPhase(CommonExecutor.java:65)
	at com.kms.katalon.core.main.TestSuiteExecutor.accessTestSuiteMainPhase(TestSuiteExecutor.java:148)
	at com.kms.katalon.core.main.TestSuiteExecutor.execute(TestSuiteExecutor.java:106)
	at com.kms.katalon.core.main.TestCaseMain.startTestSuite(TestCaseMain.java:187)
	at com.kms.katalon.core.main.TestCaseMain$startTestSuite$0.call(Unknown Source)
	at TempTestSuite1695765482532.run(TempTestSuite1695765482532.groovy:36)
)
[[ATTACHMENT|E:\\Cloned-Project-Katalon\\VPS-Katalon\\Reports\\20230926_175802\\RAD_TestSuite\\RAD_UI_TestSuite\\20230926_175802\\1695765581625.png]]

2023-09-26 17:59:41 - [TEST_STEP][FAILED] - verifyElementVisible(findTestObject(orPath_TaxInfo + "/input_FederalEIN_ReEnter-2")): Object 'Object Repository/RAD_Pages/TaxInfo_Page/input_FederalEIN_ReEnter-2' is NOT visible (Root cause: com.kms.katalon.core.exception.StepFailedException: Object 'Object Repository/RAD_Pages/TaxInfo_Page/input_FederalEIN_ReEnter-2' is NOT visible
	at com.kms.katalon.core.webui.keyword.internal.WebUIKeywordMain.stepFailed(WebUIKeywordMain.groovy:64)
	at com.kms.katalon.core.webui.keyword.builtin.VerifyElementVisibleKeyword$_verifyElementVisible_closure1.doCall(VerifyElementVisibleKeyword.groovy:83)
	at com.kms.katalon.core.webui.keyword.builtin.VerifyElementVisibleKeyword$_verifyElementVisible_closure1.call(VerifyElementVisibleKeyword.groovy)
	at com.kms.katalon.core.webui.keyword.internal.WebUIKeywordMain.runKeyword(WebUIKeywordMain.groovy:20)
	at com.kms.katalon.core.webui.keyword.builtin.VerifyElementVisibleKeyword.verifyElementVisible(VerifyElementVisibleKeyword.groovy:97)
	at com.kms.katalon.core.webui.keyword.builtin.VerifyElementVisibleKeyword.execute(VerifyElementVisibleKeyword.groovy:67)
	at com.kms.katalon.core.keyword.internal.KeywordExecutor.executeKeywordForPlatform(KeywordExecutor.groovy:74)
	at com.kms.katalon.core.webui.keyword.WebUiBuiltInKeywords.verifyElementVisible(WebUiBuiltInKeywords.groovy:376)
	at com.kms.katalon.core.webui.keyword.WebUiBuiltInKeywords$verifyElementVisible$8.call(Unknown Source)
	at Estimated_PTENonElectingNonSCorp_UI_TC.run(Estimated_PTENonElectingNonSCorp_UI_TC:116)
	at com.kms.katalon.core.main.ScriptEngine.run(ScriptEngine.java:194)
	at com.kms.katalon.core.main.ScriptEngine.runScriptAsRawText(ScriptEngine.java:119)
	at com.kms.katalon.core.main.TestCaseExecutor.runScript(TestCaseExecutor.java:448)
	at com.kms.katalon.core.main.TestCaseExecutor.doExecute(TestCaseExecutor.java:439)
	at com.kms.katalon.core.main.TestCaseExecutor.processExecutionPhase(TestCaseExecutor.java:418)
	at com.kms.katalon.core.main.TestCaseExecutor.accessMainPhase(TestCaseExecutor.java:410)
	at com.kms.katalon.core.main.TestCaseExecutor.execute(TestCaseExecutor.java:285)
	at com.kms.katalon.core.common.CommonExecutor.accessTestCaseMainPhase(CommonExecutor.java:65)
	at com.kms.katalon.core.main.TestSuiteExecutor.accessTestSuiteMainPhase(TestSuiteExecutor.java:148)
	at com.kms.katalon.core.main.TestSuiteExecutor.execute(TestSuiteExecutor.java:106)
	at com.kms.katalon.core.main.TestCaseMain.startTestSuite(TestCaseMain.java:187)
	at com.kms.katalon.core.main.TestCaseMain$startTestSuite$0.call(Unknown Source)
	at TempTestSuite1695765482532.run(TempTestSuite1695765482532.groovy:36)
)

2023-09-26 17:59:42 - [MESSAGE][FAILED] - Object 'Object Repository/RAD_Pages/TaxInfo_Page/input_FederalEIN_ReEnter-2' is NOT visible (Root cause: com.kms.katalon.core.exception.StepFailedException: Object 'Object Repository/RAD_Pages/TaxInfo_Page/input_FederalEIN_ReEnter-2' is NOT visible
	at com.kms.katalon.core.webui.keyword.internal.WebUIKeywordMain.stepFailed(WebUIKeywordMain.groovy:64)
	at com.kms.katalon.core.webui.keyword.builtin.VerifyElementVisibleKeyword$_verifyElementVisible_closure1.doCall(VerifyElementVisibleKeyword.groovy:83)
	at com.kms.katalon.core.webui.keyword.builtin.VerifyElementVisibleKeyword$_verifyElementVisible_closure1.call(VerifyElementVisibleKeyword.groovy)
	at com.kms.katalon.core.webui.keyword.internal.WebUIKeywordMain.runKeyword(WebUIKeywordMain.groovy:20)
	at com.kms.katalon.core.webui.keyword.builtin.VerifyElementVisibleKeyword.verifyElementVisible(VerifyElementVisibleKeyword.groovy:97)
	at com.kms.katalon.core.webui.keyword.builtin.VerifyElementVisibleKeyword.execute(VerifyElementVisibleKeyword.groovy:67)
	at com.kms.katalon.core.keyword.internal.KeywordExecutor.executeKeywordForPlatform(KeywordExecutor.groovy:74)
	at com.kms.katalon.core.webui.keyword.WebUiBuiltInKeywords.verifyElementVisible(WebUiBuiltInKeywords.groovy:376)
	at com.kms.katalon.core.webui.keyword.WebUiBuiltInKeywords$verifyElementVisible$8.call(Unknown Source)
	at Estimated_PTENonElectingNonSCorp_UI_TC.run(Estimated_PTENonElectingNonSCorp_UI_TC:116)
	at com.kms.katalon.core.main.ScriptEngine.run(ScriptEngine.java:194)
	at com.kms.katalon.core.main.ScriptEngine.runScriptAsRawText(ScriptEngine.java:119)
	at com.kms.katalon.core.main.TestCaseExecutor.runScript(TestCaseExecutor.java:448)
	at com.kms.katalon.core.main.TestCaseExecutor.doExecute(TestCaseExecutor.java:439)
	at com.kms.katalon.core.main.TestCaseExecutor.processExecutionPhase(TestCaseExecutor.java:418)
	at com.kms.katalon.core.main.TestCaseExecutor.accessMainPhase(TestCaseExecutor.java:410)
	at com.kms.katalon.core.main.TestCaseExecutor.execute(TestCaseExecutor.java:285)
	at com.kms.katalon.core.common.CommonExecutor.accessTestCaseMainPhase(CommonExecutor.java:65)
	at com.kms.katalon.core.main.TestSuiteExecutor.accessTestSuiteMainPhase(TestSuiteExecutor.java:148)
	at com.kms.katalon.core.main.TestSuiteExecutor.execute(TestSuiteExecutor.java:106)
	at com.kms.katalon.core.main.TestCaseMain.startTestSuite(TestCaseMain.java:187)
	at com.kms.katalon.core.main.TestCaseMain$startTestSuite$0.call(Unknown Source)
	at TempTestSuite1695765482532.run(TempTestSuite1695765482532.groovy:36)
)
[[ATTACHMENT|E:\\Cloned-Project-Katalon\\VPS-Katalon\\Reports\\20230926_175802\\RAD_TestSuite\\RAD_UI_TestSuite\\20230926_175802\\1695765582316.png]]

2023-09-26 17:59:42 - [TEST_STEP][PASSED] - verifyElementNotVisible(findTestObject(orPath_FilingStatus + "/input_userType_Individual")): Object 'Object Repository/RAD_Pages/FilingStatus_Page/input_userType_Individual' is NOT visible

2023-09-26 17:59:42 - [MESSAGE][PASSED] - Object 'Object Repository/RAD_Pages/FilingStatus_Page/input_userType_Individual' is NOT visible

2023-09-26 17:59:42 - [TEST_STEP][PASSED] - verifyElementNotVisible(findTestObject(orPath_FilingStatus + "/input_userType_Joint")): Object 'Object Repository/RAD_Pages/FilingStatus_Page/input_userType_Joint' is NOT visible

2023-09-26 17:59:43 - [MESSAGE][PASSED] - Object 'Object Repository/RAD_Pages/FilingStatus_Page/input_userType_Joint' is NOT visible

2023-09-26 17:59:43 - [TEST_STEP][PASSED] - verifyElementNotVisible(findTestObject(orPath_TaxInfo + "/input_NoticeInvoiceNumber")): Object 'Object Repository/RAD_Pages/TaxInfo_Page/input_NoticeInvoiceNumber' is NOT visible

2023-09-26 17:59:43 - [MESSAGE][PASSED] - Object 'Object Repository/RAD_Pages/TaxInfo_Page/input_NoticeInvoiceNumber' is NOT visible

2023-09-26 17:59:43 - [TEST_STEP][PASSED] - verifyElementNotVisible(findTestObject(orPath_TaxInfo + "/input_reTypeNoticeInvoiceNumber")): Object 'Object Repository/RAD_Pages/TaxInfo_Page/input_reTypeNoticeInvoiceNumber' is NOT visible

2023-09-26 17:59:43 - [MESSAGE][PASSED] - Object 'Object Repository/RAD_Pages/TaxInfo_Page/input_reTypeNoticeInvoiceNumber' is NOT visible

2023-09-26 17:59:43 - [TEST_STEP][PASSED] - verifyElementNotVisible(findTestObject(orPath_TaxInfo + "/input_MDCRegistrationEL")): Object 'Object Repository/RAD_Pages/TaxInfo_Page/input_MDCRegistrationEL' is NOT visible

2023-09-26 17:59:44 - [MESSAGE][PASSED] - Object 'Object Repository/RAD_Pages/TaxInfo_Page/input_MDCRegistrationEL' is NOT visible

2023-09-26 17:59:44 - [TEST_STEP][PASSED] - verifyTextPresent("Payment Amount", true): Text 'Payment Amount' is present on page  using regular expression

2023-09-26 17:59:44 - [MESSAGE][PASSED] - Text 'Payment Amount' is present on page  using regular expression

2023-09-26 17:59:44 - [TEST_STEP][PASSED] - verifyElementPresent(findTestObject(orPath_Amount + "/input__paymentAmount"), 30): Object 'Object Repository/RAD_Pages/PaymentAmount_Page/input__paymentAmount' is present

2023-09-26 17:59:45 - [MESSAGE][PASSED] - Object 'Object Repository/RAD_Pages/PaymentAmount_Page/input__paymentAmount' is present

2023-09-26 17:59:45 - [TEST_STEP][PASSED] - verifyElementVisible(findTestObject(orPath_Amount + "/input__paymentAmount")): Object 'Object Repository/RAD_Pages/PaymentAmount_Page/input__paymentAmount' is visible

2023-09-26 17:59:45 - [MESSAGE][PASSED] - Object 'Object Repository/RAD_Pages/PaymentAmount_Page/input__paymentAmount' is visible

2023-09-26 17:59:45 - [TEST_STEP][PASSED] - verifyTextPresent("Service Fee: This electronic government service includes a service/convenience fee. Click here for details", true): Text 'Service Fee: This electronic government service includes a service/convenience fee. Click here for details' is present on page  using regular expression

2023-09-26 17:59:45 - [MESSAGE][PASSED] - Text 'Service Fee: This electronic government service includes a service/convenience fee. Click here for details' is present on page  using regular expression

2023-09-26 17:59:45 - [TEST_STEP][PASSED] - verifyElementPresent(findTestObject(orPath_Amount + "/a_Click here for details"), 30): Object 'Object Repository/RAD_Pages/PaymentAmount_Page/a_Click here for details' is present

2023-09-26 17:59:46 - [MESSAGE][PASSED] - Object 'Object Repository/RAD_Pages/PaymentAmount_Page/a_Click here for details' is present

2023-09-26 17:59:46 - [TEST_STEP][PASSED] - verifyElementPresent(findTestObject(orPath_Landing + "/button_Continue"), 30): Object 'Object Repository/RAD_Pages/Landing_Page/button_Continue' is present

2023-09-26 17:59:46 - [MESSAGE][PASSED] - Object 'Object Repository/RAD_Pages/Landing_Page/button_Continue' is present]]></system-out>
         <system-err><![CDATA[2023-09-26 17:59:17 - [TEST_CASE][FAILED] - Test Cases/RAD_TestCases/UI_TestCases/Estimated/Estimated_PTENonElectingNonSCorp_UI_TC: Test Cases/RAD_TestCases/UI_TestCases/Estimated/Estimated_PTENonElectingNonSCorp_UI_TC FAILED.
Reason:
com.kms.katalon.core.exception.StepFailedException: Object 'Object Repository/RAD_Pages/TaxInfo_Page/input_FederalEIN-2' is NOT visible (Root cause: com.kms.katalon.core.exception.StepFailedException: Object 'Object Repository/RAD_Pages/TaxInfo_Page/input_FederalEIN-2' is NOT visible
	at com.kms.katalon.core.webui.keyword.internal.WebUIKeywordMain.stepFailed(WebUIKeywordMain.groovy:64)
	at com.kms.katalon.core.webui.keyword.builtin.VerifyElementVisibleKeyword$_verifyElementVisible_closure1.doCall(VerifyElementVisibleKeyword.groovy:83)
	at com.kms.katalon.core.webui.keyword.builtin.VerifyElementVisibleKeyword$_verifyElementVisible_closure1.call(VerifyElementVisibleKeyword.groovy)
	at com.kms.katalon.core.webui.keyword.internal.WebUIKeywordMain.runKeyword(WebUIKeywordMain.groovy:20)
	at com.kms.katalon.core.webui.keyword.builtin.VerifyElementVisibleKeyword.verifyElementVisible(VerifyElementVisibleKeyword.groovy:97)
	at com.kms.katalon.core.webui.keyword.builtin.VerifyElementVisibleKeyword.execute(VerifyElementVisibleKeyword.groovy:67)
	at com.kms.katalon.core.keyword.internal.KeywordExecutor.executeKeywordForPlatform(KeywordExecutor.groovy:74)
	at com.kms.katalon.core.webui.keyword.WebUiBuiltInKeywords.verifyElementVisible(WebUiBuiltInKeywords.groovy:376)
	at com.kms.katalon.core.webui.keyword.WebUiBuiltInKeywords$verifyElementVisible$8.call(Unknown Source)
	at Estimated_PTENonElectingNonSCorp_UI_TC.run(Estimated_PTENonElectingNonSCorp_UI_TC:115)
	at com.kms.katalon.core.main.ScriptEngine.run(ScriptEngine.java:194)
	at com.kms.katalon.core.main.ScriptEngine.runScriptAsRawText(ScriptEngine.java:119)
	at com.kms.katalon.core.main.TestCaseExecutor.runScript(TestCaseExecutor.java:448)
	at com.kms.katalon.core.main.TestCaseExecutor.doExecute(TestCaseExecutor.java:439)
	at com.kms.katalon.core.main.TestCaseExecutor.processExecutionPhase(TestCaseExecutor.java:418)
	at com.kms.katalon.core.main.TestCaseExecutor.accessMainPhase(TestCaseExecutor.java:410)
	at com.kms.katalon.core.main.TestCaseExecutor.execute(TestCaseExecutor.java:285)
	at com.kms.katalon.core.common.CommonExecutor.accessTestCaseMainPhase(CommonExecutor.java:65)
	at com.kms.katalon.core.main.TestSuiteExecutor.accessTestSuiteMainPhase(TestSuiteExecutor.java:148)
	at com.kms.katalon.core.main.TestSuiteExecutor.execute(TestSuiteExecutor.java:106)
	at com.kms.katalon.core.main.TestCaseMain.startTestSuite(TestCaseMain.java:187)
	at com.kms.katalon.core.main.TestCaseMain$startTestSuite$0.call(Unknown Source)
	at TempTestSuite1695765482532.run(TempTestSuite1695765482532.groovy:36)
)
	at com.kms.katalon.core.keyword.internal.KeywordMain.stepFailed(KeywordMain.groovy:39)
	at com.kms.katalon.core.webui.keyword.internal.WebUIKeywordMain.stepFailed(WebUIKeywordMain.groovy:64)
	at com.kms.katalon.core.webui.keyword.builtin.VerifyElementVisibleKeyword$_verifyElementVisible_closure1.doCall(VerifyElementVisibleKeyword.groovy:83)
	at com.kms.katalon.core.webui.keyword.builtin.VerifyElementVisibleKeyword$_verifyElementVisible_closure1.call(VerifyElementVisibleKeyword.groovy)
	at com.kms.katalon.core.webui.keyword.internal.WebUIKeywordMain.runKeyword(WebUIKeywordMain.groovy:20)
	at com.kms.katalon.core.webui.keyword.builtin.VerifyElementVisibleKeyword.verifyElementVisible(VerifyElementVisibleKeyword.groovy:97)
	at com.kms.katalon.core.webui.keyword.builtin.VerifyElementVisibleKeyword.execute(VerifyElementVisibleKeyword.groovy:67)
	at com.kms.katalon.core.keyword.internal.KeywordExecutor.executeKeywordForPlatform(KeywordExecutor.groovy:74)
	at com.kms.katalon.core.webui.keyword.WebUiBuiltInKeywords.verifyElementVisible(WebUiBuiltInKeywords.groovy:376)
	at com.kms.katalon.core.webui.keyword.WebUiBuiltInKeywords$verifyElementVisible$8.call(Unknown Source)
	at Estimated_PTENonElectingNonSCorp_UI_TC.run(Estimated_PTENonElectingNonSCorp_UI_TC:115)
	at com.kms.katalon.core.main.ScriptEngine.run(ScriptEngine.java:194)
	at com.kms.katalon.core.main.ScriptEngine.runScriptAsRawText(ScriptEngine.java:119)
	at com.kms.katalon.core.main.TestCaseExecutor.runScript(TestCaseExecutor.java:448)
	at com.kms.katalon.core.main.TestCaseExecutor.doExecute(TestCaseExecutor.java:439)
	at com.kms.katalon.core.main.TestCaseExecutor.processExecutionPhase(TestCaseExecutor.java:418)
	at com.kms.katalon.core.main.TestCaseExecutor.accessMainPhase(TestCaseExecutor.java:410)
	at com.kms.katalon.core.main.TestCaseExecutor.execute(TestCaseExecutor.java:285)
	at com.kms.katalon.core.common.CommonExecutor.accessTestCaseMainPhase(CommonExecutor.java:65)
	at com.kms.katalon.core.main.TestSuiteExecutor.accessTestSuiteMainPhase(TestSuiteExecutor.java:148)
	at com.kms.katalon.core.main.TestSuiteExecutor.execute(TestSuiteExecutor.java:106)
	at com.kms.katalon.core.main.TestCaseMain.startTestSuite(TestCaseMain.java:187)
	at com.kms.katalon.core.main.TestCaseMain$startTestSuite$0.call(Unknown Source)
	at TempTestSuite1695765482532.run(TempTestSuite1695765482532.groovy:36)
Caused by: com.kms.katalon.core.exception.StepFailedException: Object 'Object Repository/RAD_Pages/TaxInfo_Page/input_FederalEIN-2' is NOT visible
	... 23 more]]></system-err>
      </testcase>
      <testcase name="Test Cases/RAD_TestCases/UI_TestCases/Estimated/Estimated_PTENonElectingSCorp_UI_TC" time="29.611" classname="Test Cases/RAD_TestCases/UI_TestCases/Estimated/Estimated_PTENonElectingSCorp_UI_TC" status="FAILED">
         <failure type="FAILED" message="Test Cases/RAD_TestCases/UI_TestCases/Estimated/Estimated_PTENonElectingSCorp_UI_TC FAILED.
Reason:
com.kms.katalon.core.exception.StepFailedException: Object 'Object Repository/RAD_Pages/TaxInfo_Page/input_FederalEIN-2' is NOT visible (Root cause: com.kms.katalon.core.exception.StepFailedException: Object 'Object Repository/RAD_Pages/TaxInfo_Page/input_FederalEIN-2' is NOT visible
	at com.kms.katalon.core.webui.keyword.internal.WebUIKeywordMain.stepFailed(WebUIKeywordMain.groovy:64)
	at com.kms.katalon.core.webui.keyword.builtin.VerifyElementVisibleKeyword$_verifyElementVisible_closure1.doCall(VerifyElementVisibleKeyword.groovy:83)
	at com.kms.katalon.core.webui.keyword.builtin.VerifyElementVisibleKeyword$_verifyElementVisible_closure1.call(VerifyElementVisibleKeyword.groovy)
	at com.kms.katalon.core.webui.keyword.internal.WebUIKeywordMain.runKeyword(WebUIKeywordMain.groovy:20)
	at com.kms.katalon.core.webui.keyword.builtin.VerifyElementVisibleKeyword.verifyElementVisible(VerifyElementVisibleKeyword.groovy:97)
	at com.kms.katalon.core.webui.keyword.builtin.VerifyElementVisibleKeyword.execute(VerifyElementVisibleKeyword.groovy:67)
	at com.kms.katalon.core.keyword.internal.KeywordExecutor.executeKeywordForPlatform(KeywordExecutor.groovy:74)
	at com.kms.katalon.core.webui.keyword.WebUiBuiltInKeywords.verifyElementVisible(WebUiBuiltInKeywords.groovy:376)
	at com.kms.katalon.core.webui.keyword.WebUiBuiltInKeywords$verifyElementVisible$8.call(Unknown Source)
	at Estimated_PTENonElectingSCorp_UI_TC.run(Estimated_PTENonElectingSCorp_UI_TC:115)
	at com.kms.katalon.core.main.ScriptEngine.run(ScriptEngine.java:194)
	at com.kms.katalon.core.main.ScriptEngine.runScriptAsRawText(ScriptEngine.java:119)
	at com.kms.katalon.core.main.TestCaseExecutor.runScript(TestCaseExecutor.java:448)
	at com.kms.katalon.core.main.TestCaseExecutor.doExecute(TestCaseExecutor.java:439)
	at com.kms.katalon.core.main.TestCaseExecutor.processExecutionPhase(TestCaseExecutor.java:418)
	at com.kms.katalon.core.main.TestCaseExecutor.accessMainPhase(TestCaseExecutor.java:410)
	at com.kms.katalon.core.main.TestCaseExecutor.execute(TestCaseExecutor.java:285)
	at com.kms.katalon.core.common.CommonExecutor.accessTestCaseMainPhase(CommonExecutor.java:65)
	at com.kms.katalon.core.main.TestSuiteExecutor.accessTestSuiteMainPhase(TestSuiteExecutor.java:148)
	at com.kms.katalon.core.main.TestSuiteExecutor.execute(TestSuiteExecutor.java:106)
	at com.kms.katalon.core.main.TestCaseMain.startTestSuite(TestCaseMain.java:187)
	at com.kms.katalon.core.main.TestCaseMain$startTestSuite$0.call(Unknown Source)
	at TempTestSuite1695765482532.run(TempTestSuite1695765482532.groovy:36)
)
	at com.kms.katalon.core.keyword.internal.KeywordMain.stepFailed(KeywordMain.groovy:39)
	at com.kms.katalon.core.webui.keyword.internal.WebUIKeywordMain.stepFailed(WebUIKeywordMain.groovy:64)
	at com.kms.katalon.core.webui.keyword.builtin.VerifyElementVisibleKeyword$_verifyElementVisible_closure1.doCall(VerifyElementVisibleKeyword.groovy:83)
	at com.kms.katalon.core.webui.keyword.builtin.VerifyElementVisibleKeyword$_verifyElementVisible_closure1.call(VerifyElementVisibleKeyword.groovy)
	at com.kms.katalon.core.webui.keyword.internal.WebUIKeywordMain.runKeyword(WebUIKeywordMain.groovy:20)
	at com.kms.katalon.core.webui.keyword.builtin.VerifyElementVisibleKeyword.verifyElementVisible(VerifyElementVisibleKeyword.groovy:97)
	at com.kms.katalon.core.webui.keyword.builtin.VerifyElementVisibleKeyword.execute(VerifyElementVisibleKeyword.groovy:67)
	at com.kms.katalon.core.keyword.internal.KeywordExecutor.executeKeywordForPlatform(KeywordExecutor.groovy:74)
	at com.kms.katalon.core.webui.keyword.WebUiBuiltInKeywords.verifyElementVisible(WebUiBuiltInKeywords.groovy:376)
	at com.kms.katalon.core.webui.keyword.WebUiBuiltInKeywords$verifyElementVisible$8.call(Unknown Source)
	at Estimated_PTENonElectingSCorp_UI_TC.run(Estimated_PTENonElectingSCorp_UI_TC:115)
	at com.kms.katalon.core.main.ScriptEngine.run(ScriptEngine.java:194)
	at com.kms.katalon.core.main.ScriptEngine.runScriptAsRawText(ScriptEngine.java:119)
	at com.kms.katalon.core.main.TestCaseExecutor.runScript(TestCaseExecutor.java:448)
	at com.kms.katalon.core.main.TestCaseExecutor.doExecute(TestCaseExecutor.java:439)
	at com.kms.katalon.core.main.TestCaseExecutor.processExecutionPhase(TestCaseExecutor.java:418)
	at com.kms.katalon.core.main.TestCaseExecutor.accessMainPhase(TestCaseExecutor.java:410)
	at com.kms.katalon.core.main.TestCaseExecutor.execute(TestCaseExecutor.java:285)
	at com.kms.katalon.core.common.CommonExecutor.accessTestCaseMainPhase(CommonExecutor.java:65)
	at com.kms.katalon.core.main.TestSuiteExecutor.accessTestSuiteMainPhase(TestSuiteExecutor.java:148)
	at com.kms.katalon.core.main.TestSuiteExecutor.execute(TestSuiteExecutor.java:106)
	at com.kms.katalon.core.main.TestCaseMain.startTestSuite(TestCaseMain.java:187)
	at com.kms.katalon.core.main.TestCaseMain$startTestSuite$0.call(Unknown Source)
	at TempTestSuite1695765482532.run(TempTestSuite1695765482532.groovy:36)
Caused by: com.kms.katalon.core.exception.StepFailedException: Object 'Object Repository/RAD_Pages/TaxInfo_Page/input_FederalEIN-2' is NOT visible
	... 23 more
"/>
         <system-out><![CDATA[2023-09-26 17:59:46 - [TEST_CASE][FAILED] - Test Cases/RAD_TestCases/UI_TestCases/Estimated/Estimated_PTENonElectingSCorp_UI_TC: Test Cases/RAD_TestCases/UI_TestCases/Estimated/Estimated_PTENonElectingSCorp_UI_TC FAILED.
Reason:
com.kms.katalon.core.exception.StepFailedException: Object 'Object Repository/RAD_Pages/TaxInfo_Page/input_FederalEIN-2' is NOT visible (Root cause: com.kms.katalon.core.exception.StepFailedException: Object 'Object Repository/RAD_Pages/TaxInfo_Page/input_FederalEIN-2' is NOT visible
	at com.kms.katalon.core.webui.keyword.internal.WebUIKeywordMain.stepFailed(WebUIKeywordMain.groovy:64)
	at com.kms.katalon.core.webui.keyword.builtin.VerifyElementVisibleKeyword$_verifyElementVisible_closure1.doCall(VerifyElementVisibleKeyword.groovy:83)
	at com.kms.katalon.core.webui.keyword.builtin.VerifyElementVisibleKeyword$_verifyElementVisible_closure1.call(VerifyElementVisibleKeyword.groovy)
	at com.kms.katalon.core.webui.keyword.internal.WebUIKeywordMain.runKeyword(WebUIKeywordMain.groovy:20)
	at com.kms.katalon.core.webui.keyword.builtin.VerifyElementVisibleKeyword.verifyElementVisible(VerifyElementVisibleKeyword.groovy:97)
	at com.kms.katalon.core.webui.keyword.builtin.VerifyElementVisibleKeyword.execute(VerifyElementVisibleKeyword.groovy:67)
	at com.kms.katalon.core.keyword.internal.KeywordExecutor.executeKeywordForPlatform(KeywordExecutor.groovy:74)
	at com.kms.katalon.core.webui.keyword.WebUiBuiltInKeywords.verifyElementVisible(WebUiBuiltInKeywords.groovy:376)
	at com.kms.katalon.core.webui.keyword.WebUiBuiltInKeywords$verifyElementVisible$8.call(Unknown Source)
	at Estimated_PTENonElectingSCorp_UI_TC.run(Estimated_PTENonElectingSCorp_UI_TC:115)
	at com.kms.katalon.core.main.ScriptEngine.run(ScriptEngine.java:194)
	at com.kms.katalon.core.main.ScriptEngine.runScriptAsRawText(ScriptEngine.java:119)
	at com.kms.katalon.core.main.TestCaseExecutor.runScript(TestCaseExecutor.java:448)
	at com.kms.katalon.core.main.TestCaseExecutor.doExecute(TestCaseExecutor.java:439)
	at com.kms.katalon.core.main.TestCaseExecutor.processExecutionPhase(TestCaseExecutor.java:418)
	at com.kms.katalon.core.main.TestCaseExecutor.accessMainPhase(TestCaseExecutor.java:410)
	at com.kms.katalon.core.main.TestCaseExecutor.execute(TestCaseExecutor.java:285)
	at com.kms.katalon.core.common.CommonExecutor.accessTestCaseMainPhase(CommonExecutor.java:65)
	at com.kms.katalon.core.main.TestSuiteExecutor.accessTestSuiteMainPhase(TestSuiteExecutor.java:148)
	at com.kms.katalon.core.main.TestSuiteExecutor.execute(TestSuiteExecutor.java:106)
	at com.kms.katalon.core.main.TestCaseMain.startTestSuite(TestCaseMain.java:187)
	at com.kms.katalon.core.main.TestCaseMain$startTestSuite$0.call(Unknown Source)
	at TempTestSuite1695765482532.run(TempTestSuite1695765482532.groovy:36)
)
	at com.kms.katalon.core.keyword.internal.KeywordMain.stepFailed(KeywordMain.groovy:39)
	at com.kms.katalon.core.webui.keyword.internal.WebUIKeywordMain.stepFailed(WebUIKeywordMain.groovy:64)
	at com.kms.katalon.core.webui.keyword.builtin.VerifyElementVisibleKeyword$_verifyElementVisible_closure1.doCall(VerifyElementVisibleKeyword.groovy:83)
	at com.kms.katalon.core.webui.keyword.builtin.VerifyElementVisibleKeyword$_verifyElementVisible_closure1.call(VerifyElementVisibleKeyword.groovy)
	at com.kms.katalon.core.webui.keyword.internal.WebUIKeywordMain.runKeyword(WebUIKeywordMain.groovy:20)
	at com.kms.katalon.core.webui.keyword.builtin.VerifyElementVisibleKeyword.verifyElementVisible(VerifyElementVisibleKeyword.groovy:97)
	at com.kms.katalon.core.webui.keyword.builtin.VerifyElementVisibleKeyword.execute(VerifyElementVisibleKeyword.groovy:67)
	at com.kms.katalon.core.keyword.internal.KeywordExecutor.executeKeywordForPlatform(KeywordExecutor.groovy:74)
	at com.kms.katalon.core.webui.keyword.WebUiBuiltInKeywords.verifyElementVisible(WebUiBuiltInKeywords.groovy:376)
	at com.kms.katalon.core.webui.keyword.WebUiBuiltInKeywords$verifyElementVisible$8.call(Unknown Source)
	at Estimated_PTENonElectingSCorp_UI_TC.run(Estimated_PTENonElectingSCorp_UI_TC:115)
	at com.kms.katalon.core.main.ScriptEngine.run(ScriptEngine.java:194)
	at com.kms.katalon.core.main.ScriptEngine.runScriptAsRawText(ScriptEngine.java:119)
	at com.kms.katalon.core.main.TestCaseExecutor.runScript(TestCaseExecutor.java:448)
	at com.kms.katalon.core.main.TestCaseExecutor.doExecute(TestCaseExecutor.java:439)
	at com.kms.katalon.core.main.TestCaseExecutor.processExecutionPhase(TestCaseExecutor.java:418)
	at com.kms.katalon.core.main.TestCaseExecutor.accessMainPhase(TestCaseExecutor.java:410)
	at com.kms.katalon.core.main.TestCaseExecutor.execute(TestCaseExecutor.java:285)
	at com.kms.katalon.core.common.CommonExecutor.accessTestCaseMainPhase(CommonExecutor.java:65)
	at com.kms.katalon.core.main.TestSuiteExecutor.accessTestSuiteMainPhase(TestSuiteExecutor.java:148)
	at com.kms.katalon.core.main.TestSuiteExecutor.execute(TestSuiteExecutor.java:106)
	at com.kms.katalon.core.main.TestCaseMain.startTestSuite(TestCaseMain.java:187)
	at com.kms.katalon.core.main.TestCaseMain$startTestSuite$0.call(Unknown Source)
	at TempTestSuite1695765482532.run(TempTestSuite1695765482532.groovy:36)
Caused by: com.kms.katalon.core.exception.StepFailedException: Object 'Object Repository/RAD_Pages/TaxInfo_Page/input_FederalEIN-2' is NOT visible
	... 23 more


2023-09-26 17:59:46 - [TEST_STEP][PASSED] - openBrowser(""): Browser is opened with url: ''

2023-09-26 17:59:46 - [MESSAGE][WARNING] - A browser is already opened. Closing browser and opening a new one

2023-09-26 17:59:47 - [MESSAGE][INFO] - Starting 'Chrome' driver

2023-09-26 17:59:47 - [MESSAGE][INFO] - User set preference: ['acceptInsecureCerts', 'true']

2023-09-26 17:59:47 - [MESSAGE][INFO] - Action delay is set to 0 milliseconds

2023-09-26 17:59:49 - [MESSAGE][PASSED] - Browser is opened with url: ''

2023-09-26 17:59:49 - [TEST_STEP][PASSED] - maximizeWindow(): Current window maximized

2023-09-26 17:59:49 - [MESSAGE][PASSED] - Current window maximized

2023-09-26 17:59:49 - [TEST_STEP][PASSED] - navigateToUrl(RADurl): Navigate to 'https://qa2.velocitypayment.com/client/rad/index.html' successfully

2023-09-26 17:59:51 - [MESSAGE][PASSED] - Navigate to 'https://qa2.velocitypayment.com/client/rad/index.html' successfully

2023-09-26 17:59:51 - [TEST_STEP][PASSED] - orPath_Landing = "Object Repository/RAD_Pages/Landing_Page": null

2023-09-26 17:59:51 - [TEST_STEP][PASSED] - orPath_TaxTypeFilingYear = "Object Repository/RAD_Pages/TaxTypeFilingYear_Page": null

2023-09-26 17:59:51 - [TEST_STEP][PASSED] - orPath_TaxPayer = "Object Repository/RAD_Pages/Taxpayer_Page": null

2023-09-26 17:59:51 - [TEST_STEP][PASSED] - orPath_AddressContact = "Object Repository/RAD_Pages/AddressAndContactInfo_Page": null

2023-09-26 17:59:51 - [TEST_STEP][PASSED] - orPath_FilingStatus = "Object Repository/RAD_Pages/FilingStatus_Page": null

2023-09-26 17:59:51 - [TEST_STEP][PASSED] - orPath_Amount = "Object Repository/RAD_Pages/PaymentAmount_Page": null

2023-09-26 17:59:51 - [TEST_STEP][PASSED] - orPath_TaxInfo = "Object Repository/RAD_Pages/TaxInfo_Page": null

2023-09-26 17:59:51 - [TEST_STEP][PASSED] - verifyTextPresent("Payment Type/Filing Year", true): Text 'Payment Type/Filing Year' is present on page  using regular expression

2023-09-26 17:59:51 - [MESSAGE][PASSED] - Text 'Payment Type/Filing Year' is present on page  using regular expression

2023-09-26 17:59:51 - [TEST_STEP][PASSED] - selectOptionByLabel(findTestObject(orPath_Landing + "/dd_TaxType"), "Quarterly Estimated Tax", false): All options with label 'Quarterly Estimated Tax' are selected in object 'Object Repository/RAD_Pages/Landing_Page/dd_TaxType' 

2023-09-26 17:59:52 - [MESSAGE][PASSED] - All options with label 'Quarterly Estimated Tax' are selected in object 'Object Repository/RAD_Pages/Landing_Page/dd_TaxType' 

2023-09-26 17:59:52 - [TEST_STEP][PASSED] - selectOptionByLabel(findTestObject(orPath_TaxTypeFilingYear + "/select_PaymentType"), "PTE Non-Electing S Corp", false): All options with label 'PTE Non-Electing S Corp' are selected in object 'Object Repository/RAD_Pages/TaxTypeFilingYear_Page/select_PaymentType' 

2023-09-26 17:59:53 - [MESSAGE][PASSED] - All options with label 'PTE Non-Electing S Corp' are selected in object 'Object Repository/RAD_Pages/TaxTypeFilingYear_Page/select_PaymentType' 

2023-09-26 17:59:53 - [TEST_STEP][PASSED] - verifyElementPresent(findTestObject(orPath_TaxTypeFilingYear + "/select_FilingYear"), 30): Object 'Object Repository/RAD_Pages/TaxTypeFilingYear_Page/select_FilingYear' is present

2023-09-26 17:59:53 - [MESSAGE][PASSED] - Object 'Object Repository/RAD_Pages/TaxTypeFilingYear_Page/select_FilingYear' is present

2023-09-26 17:59:53 - [TEST_STEP][PASSED] - verifyElementVisible(findTestObject(orPath_TaxTypeFilingYear + "/select_FilingYear")): Object 'Object Repository/RAD_Pages/TaxTypeFilingYear_Page/select_FilingYear' is visible

2023-09-26 17:59:53 - [MESSAGE][PASSED] - Object 'Object Repository/RAD_Pages/TaxTypeFilingYear_Page/select_FilingYear' is visible

2023-09-26 17:59:53 - [TEST_STEP][PASSED] - totalOptionsFilingYear = getNumberOfTotalOption(findTestObject(orPath_TaxTypeFilingYear + "/select_FilingYear")): 1 options of object 'Object Repository/RAD_Pages/TaxTypeFilingYear_Page/select_FilingYear' counted

2023-09-26 17:59:54 - [MESSAGE][PASSED] - 1 options of object 'Object Repository/RAD_Pages/TaxTypeFilingYear_Page/select_FilingYear' counted

2023-09-26 17:59:54 - [TEST_STEP][PASSED] - verifyEqual(totalOptionsFilingYear, 1): Actual object '1' and expected object '1' are equal

2023-09-26 17:59:54 - [MESSAGE][PASSED] - Actual object '1' and expected object '1' are equal

2023-09-26 17:59:54 - [TEST_STEP][PASSED] - verifyOptionsPresent(findTestObject(orPath_TaxTypeFilingYear + "/select_FilingYear"), ["2023"]): Options [2023] present.

2023-09-26 17:59:55 - [MESSAGE][PASSED] - Options [2023] present.

2023-09-26 17:59:55 - [TEST_STEP][PASSED] - verifyElementPresent(findTestObject(orPath_TaxTypeFilingYear + "/select_PeriodEnding"), 30): Object 'Object Repository/RAD_Pages/TaxTypeFilingYear_Page/select_PeriodEnding' is present

2023-09-26 17:59:55 - [MESSAGE][PASSED] - Object 'Object Repository/RAD_Pages/TaxTypeFilingYear_Page/select_PeriodEnding' is present

2023-09-26 17:59:55 - [TEST_STEP][PASSED] - verifyElementVisible(findTestObject(orPath_TaxTypeFilingYear + "/select_PeriodEnding")): Object 'Object Repository/RAD_Pages/TaxTypeFilingYear_Page/select_PeriodEnding' is visible

2023-09-26 17:59:55 - [MESSAGE][PASSED] - Object 'Object Repository/RAD_Pages/TaxTypeFilingYear_Page/select_PeriodEnding' is visible

2023-09-26 17:59:55 - [TEST_STEP][PASSED] - totalOptionsPeriodEnding = getNumberOfTotalOption(findTestObject(orPath_TaxTypeFilingYear + "/select_PeriodEnding")): 13 options of object 'Object Repository/RAD_Pages/TaxTypeFilingYear_Page/select_PeriodEnding' counted

2023-09-26 17:59:56 - [MESSAGE][PASSED] - 13 options of object 'Object Repository/RAD_Pages/TaxTypeFilingYear_Page/select_PeriodEnding' counted

2023-09-26 17:59:56 - [TEST_STEP][PASSED] - verifyEqual(totalOptionsPeriodEnding, 13): Actual object '13' and expected object '13' are equal

2023-09-26 17:59:56 - [MESSAGE][PASSED] - Actual object '13' and expected object '13' are equal

2023-09-26 17:59:56 - [TEST_STEP][PASSED] - verifyOptionsPresent(findTestObject(orPath_TaxTypeFilingYear + "/select_PeriodEnding"), ["Month", "January", "February", "March", "April", "May", "June"]): Options [Month, January, February, March, April, May, June] present.

2023-09-26 17:59:57 - [MESSAGE][PASSED] - Options [Month, January, February, March, April, May, June] present.

2023-09-26 17:59:57 - [TEST_STEP][PASSED] - verifyOptionsPresent(findTestObject(orPath_TaxTypeFilingYear + "/select_PeriodEnding"), ["July", "August", "September", "October", "November", "December"]): Options [July, August, September, October, November, December] present.

2023-09-26 17:59:57 - [MESSAGE][PASSED] - Options [July, August, September, October, November, December] present.

2023-09-26 17:59:57 - [TEST_STEP][PASSED] - verifyTextPresent("Taxpayer", true): Text 'Taxpayer' is present on page  using regular expression

2023-09-26 17:59:58 - [MESSAGE][PASSED] - Text 'Taxpayer' is present on page  using regular expression

2023-09-26 17:59:58 - [TEST_STEP][PASSED] - verifyTextPresent("Provide the following taxpayer information", true): Text 'Provide the following taxpayer information' is present on page  using regular expression

2023-09-26 17:59:58 - [MESSAGE][PASSED] - Text 'Provide the following taxpayer information' is present on page  using regular expression

2023-09-26 17:59:58 - [TEST_STEP][PASSED] - verifyTextPresent("Note: If you are paying on behalf of the Taxpayer, enter Taxpayer", true): Text 'Note: If you are paying on behalf of the Taxpayer, enter Taxpayer' is present on page  using regular expression

2023-09-26 17:59:59 - [MESSAGE][PASSED] - Text 'Note: If you are paying on behalf of the Taxpayer, enter Taxpayer' is present on page  using regular expression

2023-09-26 17:59:59 - [TEST_STEP][PASSED] - verifyTextPresent("information here. If you are making a payment for the Taxpayer, you will be required later to enter your own credit card, billing address and other pertinent information", true): Text 'information here. If you are making a payment for the Taxpayer, you will be required later to enter your own credit card, billing address and other pertinent information' is present on page  using regular expression

2023-09-26 17:59:59 - [MESSAGE][PASSED] - Text 'information here. If you are making a payment for the Taxpayer, you will be required later to enter your own credit card, billing address and other pertinent information' is present on page  using regular expression

2023-09-26 17:59:59 - [TEST_STEP][PASSED] - verifyElementVisible(findTestObject(orPath_TaxPayer + "/input_Note_businessName")): Object 'Object Repository/RAD_Pages/Taxpayer_Page/input_Note_businessName' is visible

2023-09-26 17:59:59 - [MESSAGE][PASSED] - Object 'Object Repository/RAD_Pages/Taxpayer_Page/input_Note_businessName' is visible

2023-09-26 17:59:59 - [TEST_STEP][PASSED] - verifyElementVisible(findTestObject(orPath_TaxPayer + "/input_BusinessRepfirstName")): Object 'Object Repository/RAD_Pages/Taxpayer_Page/input_BusinessRepfirstName' is visible

2023-09-26 18:00:00 - [MESSAGE][PASSED] - Object 'Object Repository/RAD_Pages/Taxpayer_Page/input_BusinessRepfirstName' is visible

2023-09-26 18:00:00 - [TEST_STEP][PASSED] - verifyElementVisible(findTestObject(orPath_TaxPayer + "/input_BusinessRepmiddleName")): Object 'Object Repository/RAD_Pages/Taxpayer_Page/input_BusinessRepmiddleName' is visible

2023-09-26 18:00:00 - [MESSAGE][PASSED] - Object 'Object Repository/RAD_Pages/Taxpayer_Page/input_BusinessRepmiddleName' is visible

2023-09-26 18:00:00 - [TEST_STEP][PASSED] - verifyElementVisible(findTestObject(orPath_TaxPayer + "/input_BusinessReplastName")): Object 'Object Repository/RAD_Pages/Taxpayer_Page/input_BusinessReplastName' is visible

2023-09-26 18:00:00 - [MESSAGE][PASSED] - Object 'Object Repository/RAD_Pages/Taxpayer_Page/input_BusinessReplastName' is visible

2023-09-26 18:00:00 - [TEST_STEP][PASSED] - verifyElementVisible(findTestObject(orPath_TaxPayer + "/input_BusinessRepsuffix")): Object 'Object Repository/RAD_Pages/Taxpayer_Page/input_BusinessRepsuffix' is visible

2023-09-26 18:00:01 - [MESSAGE][PASSED] - Object 'Object Repository/RAD_Pages/Taxpayer_Page/input_BusinessRepsuffix' is visible

2023-09-26 18:00:01 - [TEST_STEP][PASSED] - verifyElementNotVisible(findTestObject(orPath_TaxPayer + "/input_firstName")): Object 'Object Repository/RAD_Pages/Taxpayer_Page/input_firstName' is NOT visible

2023-09-26 18:00:01 - [MESSAGE][PASSED] - Object 'Object Repository/RAD_Pages/Taxpayer_Page/input_firstName' is NOT visible

2023-09-26 18:00:01 - [TEST_STEP][PASSED] - verifyElementNotVisible(findTestObject(orPath_TaxPayer + "/input_middleName")): Object 'Object Repository/RAD_Pages/Taxpayer_Page/input_middleName' is NOT visible

2023-09-26 18:00:01 - [MESSAGE][PASSED] - Object 'Object Repository/RAD_Pages/Taxpayer_Page/input_middleName' is NOT visible

2023-09-26 18:00:01 - [TEST_STEP][PASSED] - verifyElementNotVisible(findTestObject(orPath_TaxPayer + "/input_lastName")): Object 'Object Repository/RAD_Pages/Taxpayer_Page/input_lastName' is NOT visible

2023-09-26 18:00:02 - [MESSAGE][PASSED] - Object 'Object Repository/RAD_Pages/Taxpayer_Page/input_lastName' is NOT visible

2023-09-26 18:00:02 - [TEST_STEP][PASSED] - verifyElementNotVisible(findTestObject(orPath_TaxPayer + "/input_suffix")): Object 'Object Repository/RAD_Pages/Taxpayer_Page/input_suffix' is NOT visible

2023-09-26 18:00:02 - [MESSAGE][PASSED] - Object 'Object Repository/RAD_Pages/Taxpayer_Page/input_suffix' is NOT visible

2023-09-26 18:00:02 - [TEST_STEP][PASSED] - verifyElementNotVisible(findTestObject("RAD_RecordAndPlay/input_concatSSN")): Object 'Object Repository/RAD_RecordAndPlay/input_concatSSN' is NOT visible

2023-09-26 18:00:03 - [MESSAGE][PASSED] - Object 'Object Repository/RAD_RecordAndPlay/input_concatSSN' is NOT visible

2023-09-26 18:00:03 - [TEST_STEP][PASSED] - verifyElementNotVisible(findTestObject("RAD_RecordAndPlay/input_concatReSSN")): Object 'Object Repository/RAD_RecordAndPlay/input_concatReSSN' is NOT visible

2023-09-26 18:00:03 - [MESSAGE][PASSED] - Object 'Object Repository/RAD_RecordAndPlay/input_concatReSSN' is NOT visible

2023-09-26 18:00:03 - [TEST_STEP][PASSED] - verifyTextPresent("Address and Contact Information", true): Text 'Address and Contact Information' is present on page  using regular expression

2023-09-26 18:00:04 - [MESSAGE][PASSED] - Text 'Address and Contact Information' is present on page  using regular expression

2023-09-26 18:00:04 - [TEST_STEP][PASSED] - verifyTextPresent("Enter the taxpayer", true): Text 'Enter the taxpayer' is present on page  using regular expression

2023-09-26 18:00:04 - [MESSAGE][PASSED] - Text 'Enter the taxpayer' is present on page  using regular expression

2023-09-26 18:00:04 - [TEST_STEP][PASSED] - verifyTextPresent("address and contact information", true): Text 'address and contact information' is present on page  using regular expression

2023-09-26 18:00:05 - [MESSAGE][PASSED] - Text 'address and contact information' is present on page  using regular expression

2023-09-26 18:00:05 - [TEST_STEP][PASSED] - verifyElementPresent(findTestObject(orPath_AddressContact + "/select_Country"), 30): Object 'Object Repository/RAD_Pages/AddressAndContactInfo_Page/select_Country' is present

2023-09-26 18:00:05 - [MESSAGE][PASSED] - Object 'Object Repository/RAD_Pages/AddressAndContactInfo_Page/select_Country' is present

2023-09-26 18:00:05 - [TEST_STEP][PASSED] - verifyElementPresent(findTestObject(orPath_AddressContact + "/input_streetAddress1"), 30): Object 'Object Repository/RAD_Pages/AddressAndContactInfo_Page/input_streetAddress1' is present

2023-09-26 18:00:05 - [MESSAGE][PASSED] - Object 'Object Repository/RAD_Pages/AddressAndContactInfo_Page/input_streetAddress1' is present

2023-09-26 18:00:05 - [TEST_STEP][PASSED] - verifyElementPresent(findTestObject(orPath_AddressContact + "/input_streetAddress2"), 30): Object 'Object Repository/RAD_Pages/AddressAndContactInfo_Page/input_streetAddress2' is present

2023-09-26 18:00:06 - [MESSAGE][PASSED] - Object 'Object Repository/RAD_Pages/AddressAndContactInfo_Page/input_streetAddress2' is present

2023-09-26 18:00:06 - [TEST_STEP][PASSED] - verifyElementPresent(findTestObject(orPath_AddressContact + "/input_city"), 30): Object 'Object Repository/RAD_Pages/AddressAndContactInfo_Page/input_city' is present

2023-09-26 18:00:06 - [MESSAGE][PASSED] - Object 'Object Repository/RAD_Pages/AddressAndContactInfo_Page/input_city' is present

2023-09-26 18:00:06 - [TEST_STEP][PASSED] - verifyElementPresent(findTestObject(orPath_AddressContact + "/select_State"), 30): Object 'Object Repository/RAD_Pages/AddressAndContactInfo_Page/select_State' is present

2023-09-26 18:00:06 - [MESSAGE][PASSED] - Object 'Object Repository/RAD_Pages/AddressAndContactInfo_Page/select_State' is present

2023-09-26 18:00:06 - [TEST_STEP][PASSED] - verifyElementPresent(findTestObject(orPath_AddressContact + "/input_zipCode"), 30): Object 'Object Repository/RAD_Pages/AddressAndContactInfo_Page/input_zipCode' is present

2023-09-26 18:00:07 - [MESSAGE][PASSED] - Object 'Object Repository/RAD_Pages/AddressAndContactInfo_Page/input_zipCode' is present

2023-09-26 18:00:07 - [TEST_STEP][PASSED] - verifyElementPresent(findTestObject(orPath_AddressContact + "/input_phoneNumber"), 30): Object 'Object Repository/RAD_Pages/AddressAndContactInfo_Page/input_phoneNumber' is present

2023-09-26 18:00:07 - [MESSAGE][PASSED] - Object 'Object Repository/RAD_Pages/AddressAndContactInfo_Page/input_phoneNumber' is present

2023-09-26 18:00:07 - [TEST_STEP][PASSED] - verifyElementPresent(findTestObject(orPath_AddressContact + "/input_eMailAddress"), 30): Object 'Object Repository/RAD_Pages/AddressAndContactInfo_Page/input_eMailAddress' is present

2023-09-26 18:00:07 - [MESSAGE][PASSED] - Object 'Object Repository/RAD_Pages/AddressAndContactInfo_Page/input_eMailAddress' is present

2023-09-26 18:00:07 - [TEST_STEP][PASSED] - verifyElementPresent(findTestObject(orPath_AddressContact + "/input_reEnterEMailAddress"), 30): Object 'Object Repository/RAD_Pages/AddressAndContactInfo_Page/input_reEnterEMailAddress' is present

2023-09-26 18:00:08 - [MESSAGE][PASSED] - Object 'Object Repository/RAD_Pages/AddressAndContactInfo_Page/input_reEnterEMailAddress' is present

2023-09-26 18:00:08 - [TEST_STEP][PASSED] - verifyOptionsPresent(findTestObject(orPath_AddressContact + "/select_Country"), ["United States"]): Options [United States] present.

2023-09-26 18:00:08 - [MESSAGE][PASSED] - Options [United States] present.

2023-09-26 18:00:08 - [TEST_STEP][PASSED] - verifyOptionsPresent(findTestObject(orPath_AddressContact + "/select_State"), ["Alabama", "District of Columbia", "Maryland", "Virginia", "Wyoming"]): Options [Alabama, District of Columbia, Maryland, Virginia, Wyoming] present.

2023-09-26 18:00:09 - [MESSAGE][PASSED] - Options [Alabama, District of Columbia, Maryland, Virginia, Wyoming] present.

2023-09-26 18:00:09 - [TEST_STEP][PASSED] - totalOptionsState = getNumberOfTotalOption(findTestObject(orPath_AddressContact + "/select_State")): 52 options of object 'Object Repository/RAD_Pages/AddressAndContactInfo_Page/select_State' counted

2023-09-26 18:00:10 - [MESSAGE][PASSED] - 52 options of object 'Object Repository/RAD_Pages/AddressAndContactInfo_Page/select_State' counted

2023-09-26 18:00:10 - [TEST_STEP][PASSED] - verifyEqual(totalOptionsState, 52): Actual object '52' and expected object '52' are equal

2023-09-26 18:00:10 - [MESSAGE][PASSED] - Actual object '52' and expected object '52' are equal

2023-09-26 18:00:10 - [TEST_STEP][PASSED] - verifyTextPresent("Tax Information", true): Text 'Tax Information' is present on page  using regular expression

2023-09-26 18:00:10 - [MESSAGE][PASSED] - Text 'Tax Information' is present on page  using regular expression

2023-09-26 18:00:10 - [TEST_STEP][FAILED] - verifyElementVisible(findTestObject(orPath_TaxInfo + "/input_FederalEIN-2")): Object 'Object Repository/RAD_Pages/TaxInfo_Page/input_FederalEIN-2' is NOT visible (Root cause: com.kms.katalon.core.exception.StepFailedException: Object 'Object Repository/RAD_Pages/TaxInfo_Page/input_FederalEIN-2' is NOT visible
	at com.kms.katalon.core.webui.keyword.internal.WebUIKeywordMain.stepFailed(WebUIKeywordMain.groovy:64)
	at com.kms.katalon.core.webui.keyword.builtin.VerifyElementVisibleKeyword$_verifyElementVisible_closure1.doCall(VerifyElementVisibleKeyword.groovy:83)
	at com.kms.katalon.core.webui.keyword.builtin.VerifyElementVisibleKeyword$_verifyElementVisible_closure1.call(VerifyElementVisibleKeyword.groovy)
	at com.kms.katalon.core.webui.keyword.internal.WebUIKeywordMain.runKeyword(WebUIKeywordMain.groovy:20)
	at com.kms.katalon.core.webui.keyword.builtin.VerifyElementVisibleKeyword.verifyElementVisible(VerifyElementVisibleKeyword.groovy:97)
	at com.kms.katalon.core.webui.keyword.builtin.VerifyElementVisibleKeyword.execute(VerifyElementVisibleKeyword.groovy:67)
	at com.kms.katalon.core.keyword.internal.KeywordExecutor.executeKeywordForPlatform(KeywordExecutor.groovy:74)
	at com.kms.katalon.core.webui.keyword.WebUiBuiltInKeywords.verifyElementVisible(WebUiBuiltInKeywords.groovy:376)
	at com.kms.katalon.core.webui.keyword.WebUiBuiltInKeywords$verifyElementVisible$8.call(Unknown Source)
	at Estimated_PTENonElectingSCorp_UI_TC.run(Estimated_PTENonElectingSCorp_UI_TC:115)
	at com.kms.katalon.core.main.ScriptEngine.run(ScriptEngine.java:194)
	at com.kms.katalon.core.main.ScriptEngine.runScriptAsRawText(ScriptEngine.java:119)
	at com.kms.katalon.core.main.TestCaseExecutor.runScript(TestCaseExecutor.java:448)
	at com.kms.katalon.core.main.TestCaseExecutor.doExecute(TestCaseExecutor.java:439)
	at com.kms.katalon.core.main.TestCaseExecutor.processExecutionPhase(TestCaseExecutor.java:418)
	at com.kms.katalon.core.main.TestCaseExecutor.accessMainPhase(TestCaseExecutor.java:410)
	at com.kms.katalon.core.main.TestCaseExecutor.execute(TestCaseExecutor.java:285)
	at com.kms.katalon.core.common.CommonExecutor.accessTestCaseMainPhase(CommonExecutor.java:65)
	at com.kms.katalon.core.main.TestSuiteExecutor.accessTestSuiteMainPhase(TestSuiteExecutor.java:148)
	at com.kms.katalon.core.main.TestSuiteExecutor.execute(TestSuiteExecutor.java:106)
	at com.kms.katalon.core.main.TestCaseMain.startTestSuite(TestCaseMain.java:187)
	at com.kms.katalon.core.main.TestCaseMain$startTestSuite$0.call(Unknown Source)
	at TempTestSuite1695765482532.run(TempTestSuite1695765482532.groovy:36)
)

2023-09-26 18:00:11 - [MESSAGE][FAILED] - Object 'Object Repository/RAD_Pages/TaxInfo_Page/input_FederalEIN-2' is NOT visible (Root cause: com.kms.katalon.core.exception.StepFailedException: Object 'Object Repository/RAD_Pages/TaxInfo_Page/input_FederalEIN-2' is NOT visible
	at com.kms.katalon.core.webui.keyword.internal.WebUIKeywordMain.stepFailed(WebUIKeywordMain.groovy:64)
	at com.kms.katalon.core.webui.keyword.builtin.VerifyElementVisibleKeyword$_verifyElementVisible_closure1.doCall(VerifyElementVisibleKeyword.groovy:83)
	at com.kms.katalon.core.webui.keyword.builtin.VerifyElementVisibleKeyword$_verifyElementVisible_closure1.call(VerifyElementVisibleKeyword.groovy)
	at com.kms.katalon.core.webui.keyword.internal.WebUIKeywordMain.runKeyword(WebUIKeywordMain.groovy:20)
	at com.kms.katalon.core.webui.keyword.builtin.VerifyElementVisibleKeyword.verifyElementVisible(VerifyElementVisibleKeyword.groovy:97)
	at com.kms.katalon.core.webui.keyword.builtin.VerifyElementVisibleKeyword.execute(VerifyElementVisibleKeyword.groovy:67)
	at com.kms.katalon.core.keyword.internal.KeywordExecutor.executeKeywordForPlatform(KeywordExecutor.groovy:74)
	at com.kms.katalon.core.webui.keyword.WebUiBuiltInKeywords.verifyElementVisible(WebUiBuiltInKeywords.groovy:376)
	at com.kms.katalon.core.webui.keyword.WebUiBuiltInKeywords$verifyElementVisible$8.call(Unknown Source)
	at Estimated_PTENonElectingSCorp_UI_TC.run(Estimated_PTENonElectingSCorp_UI_TC:115)
	at com.kms.katalon.core.main.ScriptEngine.run(ScriptEngine.java:194)
	at com.kms.katalon.core.main.ScriptEngine.runScriptAsRawText(ScriptEngine.java:119)
	at com.kms.katalon.core.main.TestCaseExecutor.runScript(TestCaseExecutor.java:448)
	at com.kms.katalon.core.main.TestCaseExecutor.doExecute(TestCaseExecutor.java:439)
	at com.kms.katalon.core.main.TestCaseExecutor.processExecutionPhase(TestCaseExecutor.java:418)
	at com.kms.katalon.core.main.TestCaseExecutor.accessMainPhase(TestCaseExecutor.java:410)
	at com.kms.katalon.core.main.TestCaseExecutor.execute(TestCaseExecutor.java:285)
	at com.kms.katalon.core.common.CommonExecutor.accessTestCaseMainPhase(CommonExecutor.java:65)
	at com.kms.katalon.core.main.TestSuiteExecutor.accessTestSuiteMainPhase(TestSuiteExecutor.java:148)
	at com.kms.katalon.core.main.TestSuiteExecutor.execute(TestSuiteExecutor.java:106)
	at com.kms.katalon.core.main.TestCaseMain.startTestSuite(TestCaseMain.java:187)
	at com.kms.katalon.core.main.TestCaseMain$startTestSuite$0.call(Unknown Source)
	at TempTestSuite1695765482532.run(TempTestSuite1695765482532.groovy:36)
)
[[ATTACHMENT|E:\\Cloned-Project-Katalon\\VPS-Katalon\\Reports\\20230926_175802\\RAD_TestSuite\\RAD_UI_TestSuite\\20230926_175802\\1695765611296.png]]

2023-09-26 18:00:11 - [TEST_STEP][FAILED] - verifyElementVisible(findTestObject(orPath_TaxInfo + "/input_FederalEIN_ReEnter-2")): Object 'Object Repository/RAD_Pages/TaxInfo_Page/input_FederalEIN_ReEnter-2' is NOT visible (Root cause: com.kms.katalon.core.exception.StepFailedException: Object 'Object Repository/RAD_Pages/TaxInfo_Page/input_FederalEIN_ReEnter-2' is NOT visible
	at com.kms.katalon.core.webui.keyword.internal.WebUIKeywordMain.stepFailed(WebUIKeywordMain.groovy:64)
	at com.kms.katalon.core.webui.keyword.builtin.VerifyElementVisibleKeyword$_verifyElementVisible_closure1.doCall(VerifyElementVisibleKeyword.groovy:83)
	at com.kms.katalon.core.webui.keyword.builtin.VerifyElementVisibleKeyword$_verifyElementVisible_closure1.call(VerifyElementVisibleKeyword.groovy)
	at com.kms.katalon.core.webui.keyword.internal.WebUIKeywordMain.runKeyword(WebUIKeywordMain.groovy:20)
	at com.kms.katalon.core.webui.keyword.builtin.VerifyElementVisibleKeyword.verifyElementVisible(VerifyElementVisibleKeyword.groovy:97)
	at com.kms.katalon.core.webui.keyword.builtin.VerifyElementVisibleKeyword.execute(VerifyElementVisibleKeyword.groovy:67)
	at com.kms.katalon.core.keyword.internal.KeywordExecutor.executeKeywordForPlatform(KeywordExecutor.groovy:74)
	at com.kms.katalon.core.webui.keyword.WebUiBuiltInKeywords.verifyElementVisible(WebUiBuiltInKeywords.groovy:376)
	at com.kms.katalon.core.webui.keyword.WebUiBuiltInKeywords$verifyElementVisible$8.call(Unknown Source)
	at Estimated_PTENonElectingSCorp_UI_TC.run(Estimated_PTENonElectingSCorp_UI_TC:116)
	at com.kms.katalon.core.main.ScriptEngine.run(ScriptEngine.java:194)
	at com.kms.katalon.core.main.ScriptEngine.runScriptAsRawText(ScriptEngine.java:119)
	at com.kms.katalon.core.main.TestCaseExecutor.runScript(TestCaseExecutor.java:448)
	at com.kms.katalon.core.main.TestCaseExecutor.doExecute(TestCaseExecutor.java:439)
	at com.kms.katalon.core.main.TestCaseExecutor.processExecutionPhase(TestCaseExecutor.java:418)
	at com.kms.katalon.core.main.TestCaseExecutor.accessMainPhase(TestCaseExecutor.java:410)
	at com.kms.katalon.core.main.TestCaseExecutor.execute(TestCaseExecutor.java:285)
	at com.kms.katalon.core.common.CommonExecutor.accessTestCaseMainPhase(CommonExecutor.java:65)
	at com.kms.katalon.core.main.TestSuiteExecutor.accessTestSuiteMainPhase(TestSuiteExecutor.java:148)
	at com.kms.katalon.core.main.TestSuiteExecutor.execute(TestSuiteExecutor.java:106)
	at com.kms.katalon.core.main.TestCaseMain.startTestSuite(TestCaseMain.java:187)
	at com.kms.katalon.core.main.TestCaseMain$startTestSuite$0.call(Unknown Source)
	at TempTestSuite1695765482532.run(TempTestSuite1695765482532.groovy:36)
)

2023-09-26 18:00:12 - [MESSAGE][FAILED] - Object 'Object Repository/RAD_Pages/TaxInfo_Page/input_FederalEIN_ReEnter-2' is NOT visible (Root cause: com.kms.katalon.core.exception.StepFailedException: Object 'Object Repository/RAD_Pages/TaxInfo_Page/input_FederalEIN_ReEnter-2' is NOT visible
	at com.kms.katalon.core.webui.keyword.internal.WebUIKeywordMain.stepFailed(WebUIKeywordMain.groovy:64)
	at com.kms.katalon.core.webui.keyword.builtin.VerifyElementVisibleKeyword$_verifyElementVisible_closure1.doCall(VerifyElementVisibleKeyword.groovy:83)
	at com.kms.katalon.core.webui.keyword.builtin.VerifyElementVisibleKeyword$_verifyElementVisible_closure1.call(VerifyElementVisibleKeyword.groovy)
	at com.kms.katalon.core.webui.keyword.internal.WebUIKeywordMain.runKeyword(WebUIKeywordMain.groovy:20)
	at com.kms.katalon.core.webui.keyword.builtin.VerifyElementVisibleKeyword.verifyElementVisible(VerifyElementVisibleKeyword.groovy:97)
	at com.kms.katalon.core.webui.keyword.builtin.VerifyElementVisibleKeyword.execute(VerifyElementVisibleKeyword.groovy:67)
	at com.kms.katalon.core.keyword.internal.KeywordExecutor.executeKeywordForPlatform(KeywordExecutor.groovy:74)
	at com.kms.katalon.core.webui.keyword.WebUiBuiltInKeywords.verifyElementVisible(WebUiBuiltInKeywords.groovy:376)
	at com.kms.katalon.core.webui.keyword.WebUiBuiltInKeywords$verifyElementVisible$8.call(Unknown Source)
	at Estimated_PTENonElectingSCorp_UI_TC.run(Estimated_PTENonElectingSCorp_UI_TC:116)
	at com.kms.katalon.core.main.ScriptEngine.run(ScriptEngine.java:194)
	at com.kms.katalon.core.main.ScriptEngine.runScriptAsRawText(ScriptEngine.java:119)
	at com.kms.katalon.core.main.TestCaseExecutor.runScript(TestCaseExecutor.java:448)
	at com.kms.katalon.core.main.TestCaseExecutor.doExecute(TestCaseExecutor.java:439)
	at com.kms.katalon.core.main.TestCaseExecutor.processExecutionPhase(TestCaseExecutor.java:418)
	at com.kms.katalon.core.main.TestCaseExecutor.accessMainPhase(TestCaseExecutor.java:410)
	at com.kms.katalon.core.main.TestCaseExecutor.execute(TestCaseExecutor.java:285)
	at com.kms.katalon.core.common.CommonExecutor.accessTestCaseMainPhase(CommonExecutor.java:65)
	at com.kms.katalon.core.main.TestSuiteExecutor.accessTestSuiteMainPhase(TestSuiteExecutor.java:148)
	at com.kms.katalon.core.main.TestSuiteExecutor.execute(TestSuiteExecutor.java:106)
	at com.kms.katalon.core.main.TestCaseMain.startTestSuite(TestCaseMain.java:187)
	at com.kms.katalon.core.main.TestCaseMain$startTestSuite$0.call(Unknown Source)
	at TempTestSuite1695765482532.run(TempTestSuite1695765482532.groovy:36)
)
[[ATTACHMENT|E:\\Cloned-Project-Katalon\\VPS-Katalon\\Reports\\20230926_175802\\RAD_TestSuite\\RAD_UI_TestSuite\\20230926_175802\\1695765612020.png]]

2023-09-26 18:00:12 - [TEST_STEP][PASSED] - verifyElementNotVisible(findTestObject(orPath_FilingStatus + "/input_userType_Individual")): Object 'Object Repository/RAD_Pages/FilingStatus_Page/input_userType_Individual' is NOT visible

2023-09-26 18:00:12 - [MESSAGE][PASSED] - Object 'Object Repository/RAD_Pages/FilingStatus_Page/input_userType_Individual' is NOT visible

2023-09-26 18:00:12 - [TEST_STEP][PASSED] - verifyElementNotVisible(findTestObject(orPath_FilingStatus + "/input_userType_Joint")): Object 'Object Repository/RAD_Pages/FilingStatus_Page/input_userType_Joint' is NOT visible

2023-09-26 18:00:12 - [MESSAGE][PASSED] - Object 'Object Repository/RAD_Pages/FilingStatus_Page/input_userType_Joint' is NOT visible

2023-09-26 18:00:12 - [TEST_STEP][PASSED] - verifyElementNotVisible(findTestObject(orPath_TaxInfo + "/input_NoticeInvoiceNumber")): Object 'Object Repository/RAD_Pages/TaxInfo_Page/input_NoticeInvoiceNumber' is NOT visible

2023-09-26 18:00:13 - [MESSAGE][PASSED] - Object 'Object Repository/RAD_Pages/TaxInfo_Page/input_NoticeInvoiceNumber' is NOT visible

2023-09-26 18:00:13 - [TEST_STEP][PASSED] - verifyElementNotVisible(findTestObject(orPath_TaxInfo + "/input_reTypeNoticeInvoiceNumber")): Object 'Object Repository/RAD_Pages/TaxInfo_Page/input_reTypeNoticeInvoiceNumber' is NOT visible

2023-09-26 18:00:13 - [MESSAGE][PASSED] - Object 'Object Repository/RAD_Pages/TaxInfo_Page/input_reTypeNoticeInvoiceNumber' is NOT visible

2023-09-26 18:00:13 - [TEST_STEP][PASSED] - verifyElementNotVisible(findTestObject(orPath_TaxInfo + "/input_MDCRegistrationEL")): Object 'Object Repository/RAD_Pages/TaxInfo_Page/input_MDCRegistrationEL' is NOT visible

2023-09-26 18:00:14 - [MESSAGE][PASSED] - Object 'Object Repository/RAD_Pages/TaxInfo_Page/input_MDCRegistrationEL' is NOT visible

2023-09-26 18:00:14 - [TEST_STEP][PASSED] - verifyTextPresent("Payment Amount", true): Text 'Payment Amount' is present on page  using regular expression

2023-09-26 18:00:14 - [MESSAGE][PASSED] - Text 'Payment Amount' is present on page  using regular expression

2023-09-26 18:00:14 - [TEST_STEP][PASSED] - verifyElementPresent(findTestObject(orPath_Amount + "/input__paymentAmount"), 30): Object 'Object Repository/RAD_Pages/PaymentAmount_Page/input__paymentAmount' is present

2023-09-26 18:00:14 - [MESSAGE][PASSED] - Object 'Object Repository/RAD_Pages/PaymentAmount_Page/input__paymentAmount' is present

2023-09-26 18:00:14 - [TEST_STEP][PASSED] - verifyElementVisible(findTestObject(orPath_Amount + "/input__paymentAmount")): Object 'Object Repository/RAD_Pages/PaymentAmount_Page/input__paymentAmount' is visible

2023-09-26 18:00:15 - [MESSAGE][PASSED] - Object 'Object Repository/RAD_Pages/PaymentAmount_Page/input__paymentAmount' is visible

2023-09-26 18:00:15 - [TEST_STEP][PASSED] - verifyTextPresent("Service Fee: This electronic government service includes a service/convenience fee. Click here for details", true): Text 'Service Fee: This electronic government service includes a service/convenience fee. Click here for details' is present on page  using regular expression

2023-09-26 18:00:15 - [MESSAGE][PASSED] - Text 'Service Fee: This electronic government service includes a service/convenience fee. Click here for details' is present on page  using regular expression

2023-09-26 18:00:15 - [TEST_STEP][PASSED] - verifyElementPresent(findTestObject(orPath_Amount + "/a_Click here for details"), 30): Object 'Object Repository/RAD_Pages/PaymentAmount_Page/a_Click here for details' is present

2023-09-26 18:00:15 - [MESSAGE][PASSED] - Object 'Object Repository/RAD_Pages/PaymentAmount_Page/a_Click here for details' is present

2023-09-26 18:00:15 - [TEST_STEP][PASSED] - verifyElementPresent(findTestObject(orPath_Landing + "/button_Continue"), 30): Object 'Object Repository/RAD_Pages/Landing_Page/button_Continue' is present

2023-09-26 18:00:16 - [MESSAGE][PASSED] - Object 'Object Repository/RAD_Pages/Landing_Page/button_Continue' is present]]></system-out>
         <system-err><![CDATA[2023-09-26 17:59:46 - [TEST_CASE][FAILED] - Test Cases/RAD_TestCases/UI_TestCases/Estimated/Estimated_PTENonElectingSCorp_UI_TC: Test Cases/RAD_TestCases/UI_TestCases/Estimated/Estimated_PTENonElectingSCorp_UI_TC FAILED.
Reason:
com.kms.katalon.core.exception.StepFailedException: Object 'Object Repository/RAD_Pages/TaxInfo_Page/input_FederalEIN-2' is NOT visible (Root cause: com.kms.katalon.core.exception.StepFailedException: Object 'Object Repository/RAD_Pages/TaxInfo_Page/input_FederalEIN-2' is NOT visible
	at com.kms.katalon.core.webui.keyword.internal.WebUIKeywordMain.stepFailed(WebUIKeywordMain.groovy:64)
	at com.kms.katalon.core.webui.keyword.builtin.VerifyElementVisibleKeyword$_verifyElementVisible_closure1.doCall(VerifyElementVisibleKeyword.groovy:83)
	at com.kms.katalon.core.webui.keyword.builtin.VerifyElementVisibleKeyword$_verifyElementVisible_closure1.call(VerifyElementVisibleKeyword.groovy)
	at com.kms.katalon.core.webui.keyword.internal.WebUIKeywordMain.runKeyword(WebUIKeywordMain.groovy:20)
	at com.kms.katalon.core.webui.keyword.builtin.VerifyElementVisibleKeyword.verifyElementVisible(VerifyElementVisibleKeyword.groovy:97)
	at com.kms.katalon.core.webui.keyword.builtin.VerifyElementVisibleKeyword.execute(VerifyElementVisibleKeyword.groovy:67)
	at com.kms.katalon.core.keyword.internal.KeywordExecutor.executeKeywordForPlatform(KeywordExecutor.groovy:74)
	at com.kms.katalon.core.webui.keyword.WebUiBuiltInKeywords.verifyElementVisible(WebUiBuiltInKeywords.groovy:376)
	at com.kms.katalon.core.webui.keyword.WebUiBuiltInKeywords$verifyElementVisible$8.call(Unknown Source)
	at Estimated_PTENonElectingSCorp_UI_TC.run(Estimated_PTENonElectingSCorp_UI_TC:115)
	at com.kms.katalon.core.main.ScriptEngine.run(ScriptEngine.java:194)
	at com.kms.katalon.core.main.ScriptEngine.runScriptAsRawText(ScriptEngine.java:119)
	at com.kms.katalon.core.main.TestCaseExecutor.runScript(TestCaseExecutor.java:448)
	at com.kms.katalon.core.main.TestCaseExecutor.doExecute(TestCaseExecutor.java:439)
	at com.kms.katalon.core.main.TestCaseExecutor.processExecutionPhase(TestCaseExecutor.java:418)
	at com.kms.katalon.core.main.TestCaseExecutor.accessMainPhase(TestCaseExecutor.java:410)
	at com.kms.katalon.core.main.TestCaseExecutor.execute(TestCaseExecutor.java:285)
	at com.kms.katalon.core.common.CommonExecutor.accessTestCaseMainPhase(CommonExecutor.java:65)
	at com.kms.katalon.core.main.TestSuiteExecutor.accessTestSuiteMainPhase(TestSuiteExecutor.java:148)
	at com.kms.katalon.core.main.TestSuiteExecutor.execute(TestSuiteExecutor.java:106)
	at com.kms.katalon.core.main.TestCaseMain.startTestSuite(TestCaseMain.java:187)
	at com.kms.katalon.core.main.TestCaseMain$startTestSuite$0.call(Unknown Source)
	at TempTestSuite1695765482532.run(TempTestSuite1695765482532.groovy:36)
)
	at com.kms.katalon.core.keyword.internal.KeywordMain.stepFailed(KeywordMain.groovy:39)
	at com.kms.katalon.core.webui.keyword.internal.WebUIKeywordMain.stepFailed(WebUIKeywordMain.groovy:64)
	at com.kms.katalon.core.webui.keyword.builtin.VerifyElementVisibleKeyword$_verifyElementVisible_closure1.doCall(VerifyElementVisibleKeyword.groovy:83)
	at com.kms.katalon.core.webui.keyword.builtin.VerifyElementVisibleKeyword$_verifyElementVisible_closure1.call(VerifyElementVisibleKeyword.groovy)
	at com.kms.katalon.core.webui.keyword.internal.WebUIKeywordMain.runKeyword(WebUIKeywordMain.groovy:20)
	at com.kms.katalon.core.webui.keyword.builtin.VerifyElementVisibleKeyword.verifyElementVisible(VerifyElementVisibleKeyword.groovy:97)
	at com.kms.katalon.core.webui.keyword.builtin.VerifyElementVisibleKeyword.execute(VerifyElementVisibleKeyword.groovy:67)
	at com.kms.katalon.core.keyword.internal.KeywordExecutor.executeKeywordForPlatform(KeywordExecutor.groovy:74)
	at com.kms.katalon.core.webui.keyword.WebUiBuiltInKeywords.verifyElementVisible(WebUiBuiltInKeywords.groovy:376)
	at com.kms.katalon.core.webui.keyword.WebUiBuiltInKeywords$verifyElementVisible$8.call(Unknown Source)
	at Estimated_PTENonElectingSCorp_UI_TC.run(Estimated_PTENonElectingSCorp_UI_TC:115)
	at com.kms.katalon.core.main.ScriptEngine.run(ScriptEngine.java:194)
	at com.kms.katalon.core.main.ScriptEngine.runScriptAsRawText(ScriptEngine.java:119)
	at com.kms.katalon.core.main.TestCaseExecutor.runScript(TestCaseExecutor.java:448)
	at com.kms.katalon.core.main.TestCaseExecutor.doExecute(TestCaseExecutor.java:439)
	at com.kms.katalon.core.main.TestCaseExecutor.processExecutionPhase(TestCaseExecutor.java:418)
	at com.kms.katalon.core.main.TestCaseExecutor.accessMainPhase(TestCaseExecutor.java:410)
	at com.kms.katalon.core.main.TestCaseExecutor.execute(TestCaseExecutor.java:285)
	at com.kms.katalon.core.common.CommonExecutor.accessTestCaseMainPhase(CommonExecutor.java:65)
	at com.kms.katalon.core.main.TestSuiteExecutor.accessTestSuiteMainPhase(TestSuiteExecutor.java:148)
	at com.kms.katalon.core.main.TestSuiteExecutor.execute(TestSuiteExecutor.java:106)
	at com.kms.katalon.core.main.TestCaseMain.startTestSuite(TestCaseMain.java:187)
	at com.kms.katalon.core.main.TestCaseMain$startTestSuite$0.call(Unknown Source)
	at TempTestSuite1695765482532.run(TempTestSuite1695765482532.groovy:36)
Caused by: com.kms.katalon.core.exception.StepFailedException: Object 'Object Repository/RAD_Pages/TaxInfo_Page/input_FederalEIN-2' is NOT visible
	... 23 more]]></system-err>
      </testcase>
      <testcase name="Test Cases/RAD_TestCases/UI_TestCases/Estimated/Estimated_PTETaxElectingNonSCorp_UI_TC" time="29.486" classname="Test Cases/RAD_TestCases/UI_TestCases/Estimated/Estimated_PTETaxElectingNonSCorp_UI_TC" status="FAILED">
         <failure type="FAILED" message="Test Cases/RAD_TestCases/UI_TestCases/Estimated/Estimated_PTETaxElectingNonSCorp_UI_TC FAILED.
Reason:
com.kms.katalon.core.exception.StepFailedException: Object 'Object Repository/RAD_Pages/TaxInfo_Page/input_FederalEIN-2' is NOT visible (Root cause: com.kms.katalon.core.exception.StepFailedException: Object 'Object Repository/RAD_Pages/TaxInfo_Page/input_FederalEIN-2' is NOT visible
	at com.kms.katalon.core.webui.keyword.internal.WebUIKeywordMain.stepFailed(WebUIKeywordMain.groovy:64)
	at com.kms.katalon.core.webui.keyword.builtin.VerifyElementVisibleKeyword$_verifyElementVisible_closure1.doCall(VerifyElementVisibleKeyword.groovy:83)
	at com.kms.katalon.core.webui.keyword.builtin.VerifyElementVisibleKeyword$_verifyElementVisible_closure1.call(VerifyElementVisibleKeyword.groovy)
	at com.kms.katalon.core.webui.keyword.internal.WebUIKeywordMain.runKeyword(WebUIKeywordMain.groovy:20)
	at com.kms.katalon.core.webui.keyword.builtin.VerifyElementVisibleKeyword.verifyElementVisible(VerifyElementVisibleKeyword.groovy:97)
	at com.kms.katalon.core.webui.keyword.builtin.VerifyElementVisibleKeyword.execute(VerifyElementVisibleKeyword.groovy:67)
	at com.kms.katalon.core.keyword.internal.KeywordExecutor.executeKeywordForPlatform(KeywordExecutor.groovy:74)
	at com.kms.katalon.core.webui.keyword.WebUiBuiltInKeywords.verifyElementVisible(WebUiBuiltInKeywords.groovy:376)
	at com.kms.katalon.core.webui.keyword.WebUiBuiltInKeywords$verifyElementVisible$8.call(Unknown Source)
	at Estimated_PTETaxElectingNonSCorp_UI_TC.run(Estimated_PTETaxElectingNonSCorp_UI_TC:115)
	at com.kms.katalon.core.main.ScriptEngine.run(ScriptEngine.java:194)
	at com.kms.katalon.core.main.ScriptEngine.runScriptAsRawText(ScriptEngine.java:119)
	at com.kms.katalon.core.main.TestCaseExecutor.runScript(TestCaseExecutor.java:448)
	at com.kms.katalon.core.main.TestCaseExecutor.doExecute(TestCaseExecutor.java:439)
	at com.kms.katalon.core.main.TestCaseExecutor.processExecutionPhase(TestCaseExecutor.java:418)
	at com.kms.katalon.core.main.TestCaseExecutor.accessMainPhase(TestCaseExecutor.java:410)
	at com.kms.katalon.core.main.TestCaseExecutor.execute(TestCaseExecutor.java:285)
	at com.kms.katalon.core.common.CommonExecutor.accessTestCaseMainPhase(CommonExecutor.java:65)
	at com.kms.katalon.core.main.TestSuiteExecutor.accessTestSuiteMainPhase(TestSuiteExecutor.java:148)
	at com.kms.katalon.core.main.TestSuiteExecutor.execute(TestSuiteExecutor.java:106)
	at com.kms.katalon.core.main.TestCaseMain.startTestSuite(TestCaseMain.java:187)
	at com.kms.katalon.core.main.TestCaseMain$startTestSuite$0.call(Unknown Source)
	at TempTestSuite1695765482532.run(TempTestSuite1695765482532.groovy:36)
)
	at com.kms.katalon.core.keyword.internal.KeywordMain.stepFailed(KeywordMain.groovy:39)
	at com.kms.katalon.core.webui.keyword.internal.WebUIKeywordMain.stepFailed(WebUIKeywordMain.groovy:64)
	at com.kms.katalon.core.webui.keyword.builtin.VerifyElementVisibleKeyword$_verifyElementVisible_closure1.doCall(VerifyElementVisibleKeyword.groovy:83)
	at com.kms.katalon.core.webui.keyword.builtin.VerifyElementVisibleKeyword$_verifyElementVisible_closure1.call(VerifyElementVisibleKeyword.groovy)
	at com.kms.katalon.core.webui.keyword.internal.WebUIKeywordMain.runKeyword(WebUIKeywordMain.groovy:20)
	at com.kms.katalon.core.webui.keyword.builtin.VerifyElementVisibleKeyword.verifyElementVisible(VerifyElementVisibleKeyword.groovy:97)
	at com.kms.katalon.core.webui.keyword.builtin.VerifyElementVisibleKeyword.execute(VerifyElementVisibleKeyword.groovy:67)
	at com.kms.katalon.core.keyword.internal.KeywordExecutor.executeKeywordForPlatform(KeywordExecutor.groovy:74)
	at com.kms.katalon.core.webui.keyword.WebUiBuiltInKeywords.verifyElementVisible(WebUiBuiltInKeywords.groovy:376)
	at com.kms.katalon.core.webui.keyword.WebUiBuiltInKeywords$verifyElementVisible$8.call(Unknown Source)
	at Estimated_PTETaxElectingNonSCorp_UI_TC.run(Estimated_PTETaxElectingNonSCorp_UI_TC:115)
	at com.kms.katalon.core.main.ScriptEngine.run(ScriptEngine.java:194)
	at com.kms.katalon.core.main.ScriptEngine.runScriptAsRawText(ScriptEngine.java:119)
	at com.kms.katalon.core.main.TestCaseExecutor.runScript(TestCaseExecutor.java:448)
	at com.kms.katalon.core.main.TestCaseExecutor.doExecute(TestCaseExecutor.java:439)
	at com.kms.katalon.core.main.TestCaseExecutor.processExecutionPhase(TestCaseExecutor.java:418)
	at com.kms.katalon.core.main.TestCaseExecutor.accessMainPhase(TestCaseExecutor.java:410)
	at com.kms.katalon.core.main.TestCaseExecutor.execute(TestCaseExecutor.java:285)
	at com.kms.katalon.core.common.CommonExecutor.accessTestCaseMainPhase(CommonExecutor.java:65)
	at com.kms.katalon.core.main.TestSuiteExecutor.accessTestSuiteMainPhase(TestSuiteExecutor.java:148)
	at com.kms.katalon.core.main.TestSuiteExecutor.execute(TestSuiteExecutor.java:106)
	at com.kms.katalon.core.main.TestCaseMain.startTestSuite(TestCaseMain.java:187)
	at com.kms.katalon.core.main.TestCaseMain$startTestSuite$0.call(Unknown Source)
	at TempTestSuite1695765482532.run(TempTestSuite1695765482532.groovy:36)
Caused by: com.kms.katalon.core.exception.StepFailedException: Object 'Object Repository/RAD_Pages/TaxInfo_Page/input_FederalEIN-2' is NOT visible
	... 23 more
"/>
         <system-out><![CDATA[2023-09-26 18:00:16 - [TEST_CASE][FAILED] - Test Cases/RAD_TestCases/UI_TestCases/Estimated/Estimated_PTETaxElectingNonSCorp_UI_TC: Test Cases/RAD_TestCases/UI_TestCases/Estimated/Estimated_PTETaxElectingNonSCorp_UI_TC FAILED.
Reason:
com.kms.katalon.core.exception.StepFailedException: Object 'Object Repository/RAD_Pages/TaxInfo_Page/input_FederalEIN-2' is NOT visible (Root cause: com.kms.katalon.core.exception.StepFailedException: Object 'Object Repository/RAD_Pages/TaxInfo_Page/input_FederalEIN-2' is NOT visible
	at com.kms.katalon.core.webui.keyword.internal.WebUIKeywordMain.stepFailed(WebUIKeywordMain.groovy:64)
	at com.kms.katalon.core.webui.keyword.builtin.VerifyElementVisibleKeyword$_verifyElementVisible_closure1.doCall(VerifyElementVisibleKeyword.groovy:83)
	at com.kms.katalon.core.webui.keyword.builtin.VerifyElementVisibleKeyword$_verifyElementVisible_closure1.call(VerifyElementVisibleKeyword.groovy)
	at com.kms.katalon.core.webui.keyword.internal.WebUIKeywordMain.runKeyword(WebUIKeywordMain.groovy:20)
	at com.kms.katalon.core.webui.keyword.builtin.VerifyElementVisibleKeyword.verifyElementVisible(VerifyElementVisibleKeyword.groovy:97)
	at com.kms.katalon.core.webui.keyword.builtin.VerifyElementVisibleKeyword.execute(VerifyElementVisibleKeyword.groovy:67)
	at com.kms.katalon.core.keyword.internal.KeywordExecutor.executeKeywordForPlatform(KeywordExecutor.groovy:74)
	at com.kms.katalon.core.webui.keyword.WebUiBuiltInKeywords.verifyElementVisible(WebUiBuiltInKeywords.groovy:376)
	at com.kms.katalon.core.webui.keyword.WebUiBuiltInKeywords$verifyElementVisible$8.call(Unknown Source)
	at Estimated_PTETaxElectingNonSCorp_UI_TC.run(Estimated_PTETaxElectingNonSCorp_UI_TC:115)
	at com.kms.katalon.core.main.ScriptEngine.run(ScriptEngine.java:194)
	at com.kms.katalon.core.main.ScriptEngine.runScriptAsRawText(ScriptEngine.java:119)
	at com.kms.katalon.core.main.TestCaseExecutor.runScript(TestCaseExecutor.java:448)
	at com.kms.katalon.core.main.TestCaseExecutor.doExecute(TestCaseExecutor.java:439)
	at com.kms.katalon.core.main.TestCaseExecutor.processExecutionPhase(TestCaseExecutor.java:418)
	at com.kms.katalon.core.main.TestCaseExecutor.accessMainPhase(TestCaseExecutor.java:410)
	at com.kms.katalon.core.main.TestCaseExecutor.execute(TestCaseExecutor.java:285)
	at com.kms.katalon.core.common.CommonExecutor.accessTestCaseMainPhase(CommonExecutor.java:65)
	at com.kms.katalon.core.main.TestSuiteExecutor.accessTestSuiteMainPhase(TestSuiteExecutor.java:148)
	at com.kms.katalon.core.main.TestSuiteExecutor.execute(TestSuiteExecutor.java:106)
	at com.kms.katalon.core.main.TestCaseMain.startTestSuite(TestCaseMain.java:187)
	at com.kms.katalon.core.main.TestCaseMain$startTestSuite$0.call(Unknown Source)
	at TempTestSuite1695765482532.run(TempTestSuite1695765482532.groovy:36)
)
	at com.kms.katalon.core.keyword.internal.KeywordMain.stepFailed(KeywordMain.groovy:39)
	at com.kms.katalon.core.webui.keyword.internal.WebUIKeywordMain.stepFailed(WebUIKeywordMain.groovy:64)
	at com.kms.katalon.core.webui.keyword.builtin.VerifyElementVisibleKeyword$_verifyElementVisible_closure1.doCall(VerifyElementVisibleKeyword.groovy:83)
	at com.kms.katalon.core.webui.keyword.builtin.VerifyElementVisibleKeyword$_verifyElementVisible_closure1.call(VerifyElementVisibleKeyword.groovy)
	at com.kms.katalon.core.webui.keyword.internal.WebUIKeywordMain.runKeyword(WebUIKeywordMain.groovy:20)
	at com.kms.katalon.core.webui.keyword.builtin.VerifyElementVisibleKeyword.verifyElementVisible(VerifyElementVisibleKeyword.groovy:97)
	at com.kms.katalon.core.webui.keyword.builtin.VerifyElementVisibleKeyword.execute(VerifyElementVisibleKeyword.groovy:67)
	at com.kms.katalon.core.keyword.internal.KeywordExecutor.executeKeywordForPlatform(KeywordExecutor.groovy:74)
	at com.kms.katalon.core.webui.keyword.WebUiBuiltInKeywords.verifyElementVisible(WebUiBuiltInKeywords.groovy:376)
	at com.kms.katalon.core.webui.keyword.WebUiBuiltInKeywords$verifyElementVisible$8.call(Unknown Source)
	at Estimated_PTETaxElectingNonSCorp_UI_TC.run(Estimated_PTETaxElectingNonSCorp_UI_TC:115)
	at com.kms.katalon.core.main.ScriptEngine.run(ScriptEngine.java:194)
	at com.kms.katalon.core.main.ScriptEngine.runScriptAsRawText(ScriptEngine.java:119)
	at com.kms.katalon.core.main.TestCaseExecutor.runScript(TestCaseExecutor.java:448)
	at com.kms.katalon.core.main.TestCaseExecutor.doExecute(TestCaseExecutor.java:439)
	at com.kms.katalon.core.main.TestCaseExecutor.processExecutionPhase(TestCaseExecutor.java:418)
	at com.kms.katalon.core.main.TestCaseExecutor.accessMainPhase(TestCaseExecutor.java:410)
	at com.kms.katalon.core.main.TestCaseExecutor.execute(TestCaseExecutor.java:285)
	at com.kms.katalon.core.common.CommonExecutor.accessTestCaseMainPhase(CommonExecutor.java:65)
	at com.kms.katalon.core.main.TestSuiteExecutor.accessTestSuiteMainPhase(TestSuiteExecutor.java:148)
	at com.kms.katalon.core.main.TestSuiteExecutor.execute(TestSuiteExecutor.java:106)
	at com.kms.katalon.core.main.TestCaseMain.startTestSuite(TestCaseMain.java:187)
	at com.kms.katalon.core.main.TestCaseMain$startTestSuite$0.call(Unknown Source)
	at TempTestSuite1695765482532.run(TempTestSuite1695765482532.groovy:36)
Caused by: com.kms.katalon.core.exception.StepFailedException: Object 'Object Repository/RAD_Pages/TaxInfo_Page/input_FederalEIN-2' is NOT visible
	... 23 more


2023-09-26 18:00:16 - [TEST_STEP][PASSED] - openBrowser(""): Browser is opened with url: ''

2023-09-26 18:00:16 - [MESSAGE][WARNING] - A browser is already opened. Closing browser and opening a new one

2023-09-26 18:00:17 - [MESSAGE][INFO] - Starting 'Chrome' driver

2023-09-26 18:00:17 - [MESSAGE][INFO] - User set preference: ['acceptInsecureCerts', 'true']

2023-09-26 18:00:17 - [MESSAGE][INFO] - Action delay is set to 0 milliseconds

2023-09-26 18:00:18 - [MESSAGE][PASSED] - Browser is opened with url: ''

2023-09-26 18:00:18 - [TEST_STEP][PASSED] - maximizeWindow(): Current window maximized

2023-09-26 18:00:19 - [MESSAGE][PASSED] - Current window maximized

2023-09-26 18:00:19 - [TEST_STEP][PASSED] - navigateToUrl(RADurl): Navigate to 'https://qa2.velocitypayment.com/client/rad/index.html' successfully

2023-09-26 18:00:20 - [MESSAGE][PASSED] - Navigate to 'https://qa2.velocitypayment.com/client/rad/index.html' successfully

2023-09-26 18:00:20 - [TEST_STEP][PASSED] - orPath_Landing = "Object Repository/RAD_Pages/Landing_Page": null

2023-09-26 18:00:20 - [TEST_STEP][PASSED] - orPath_TaxTypeFilingYear = "Object Repository/RAD_Pages/TaxTypeFilingYear_Page": null

2023-09-26 18:00:20 - [TEST_STEP][PASSED] - orPath_TaxPayer = "Object Repository/RAD_Pages/Taxpayer_Page": null

2023-09-26 18:00:20 - [TEST_STEP][PASSED] - orPath_AddressContact = "Object Repository/RAD_Pages/AddressAndContactInfo_Page": null

2023-09-26 18:00:20 - [TEST_STEP][PASSED] - orPath_FilingStatus = "Object Repository/RAD_Pages/FilingStatus_Page": null

2023-09-26 18:00:20 - [TEST_STEP][PASSED] - orPath_Amount = "Object Repository/RAD_Pages/PaymentAmount_Page": null

2023-09-26 18:00:20 - [TEST_STEP][PASSED] - orPath_TaxInfo = "Object Repository/RAD_Pages/TaxInfo_Page": null

2023-09-26 18:00:20 - [TEST_STEP][PASSED] - verifyTextPresent("Payment Type/Filing Year", true): Text 'Payment Type/Filing Year' is present on page  using regular expression

2023-09-26 18:00:20 - [MESSAGE][PASSED] - Text 'Payment Type/Filing Year' is present on page  using regular expression

2023-09-26 18:00:20 - [TEST_STEP][PASSED] - selectOptionByLabel(findTestObject(orPath_Landing + "/dd_TaxType"), "Quarterly Estimated Tax", false): All options with label 'Quarterly Estimated Tax' are selected in object 'Object Repository/RAD_Pages/Landing_Page/dd_TaxType' 

2023-09-26 18:00:21 - [MESSAGE][PASSED] - All options with label 'Quarterly Estimated Tax' are selected in object 'Object Repository/RAD_Pages/Landing_Page/dd_TaxType' 

2023-09-26 18:00:21 - [TEST_STEP][PASSED] - selectOptionByLabel(findTestObject(orPath_TaxTypeFilingYear + "/select_PaymentType"), "PTE Tax Electing Non-S Corp", false): All options with label 'PTE Tax Electing Non-S Corp' are selected in object 'Object Repository/RAD_Pages/TaxTypeFilingYear_Page/select_PaymentType' 

2023-09-26 18:00:22 - [MESSAGE][PASSED] - All options with label 'PTE Tax Electing Non-S Corp' are selected in object 'Object Repository/RAD_Pages/TaxTypeFilingYear_Page/select_PaymentType' 

2023-09-26 18:00:22 - [TEST_STEP][PASSED] - verifyElementPresent(findTestObject(orPath_TaxTypeFilingYear + "/select_FilingYear"), 30): Object 'Object Repository/RAD_Pages/TaxTypeFilingYear_Page/select_FilingYear' is present

2023-09-26 18:00:22 - [MESSAGE][PASSED] - Object 'Object Repository/RAD_Pages/TaxTypeFilingYear_Page/select_FilingYear' is present

2023-09-26 18:00:22 - [TEST_STEP][PASSED] - verifyElementVisible(findTestObject(orPath_TaxTypeFilingYear + "/select_FilingYear")): Object 'Object Repository/RAD_Pages/TaxTypeFilingYear_Page/select_FilingYear' is visible

2023-09-26 18:00:23 - [MESSAGE][PASSED] - Object 'Object Repository/RAD_Pages/TaxTypeFilingYear_Page/select_FilingYear' is visible

2023-09-26 18:00:23 - [TEST_STEP][PASSED] - totalOptionsFilingYear = getNumberOfTotalOption(findTestObject(orPath_TaxTypeFilingYear + "/select_FilingYear")): 1 options of object 'Object Repository/RAD_Pages/TaxTypeFilingYear_Page/select_FilingYear' counted

2023-09-26 18:00:23 - [MESSAGE][PASSED] - 1 options of object 'Object Repository/RAD_Pages/TaxTypeFilingYear_Page/select_FilingYear' counted

2023-09-26 18:00:23 - [TEST_STEP][PASSED] - verifyEqual(totalOptionsFilingYear, 1): Actual object '1' and expected object '1' are equal

2023-09-26 18:00:23 - [MESSAGE][PASSED] - Actual object '1' and expected object '1' are equal

2023-09-26 18:00:23 - [TEST_STEP][PASSED] - verifyOptionsPresent(findTestObject(orPath_TaxTypeFilingYear + "/select_FilingYear"), ["2023"]): Options [2023] present.

2023-09-26 18:00:24 - [MESSAGE][PASSED] - Options [2023] present.

2023-09-26 18:00:24 - [TEST_STEP][PASSED] - verifyElementPresent(findTestObject(orPath_TaxTypeFilingYear + "/select_PeriodEnding"), 30): Object 'Object Repository/RAD_Pages/TaxTypeFilingYear_Page/select_PeriodEnding' is present

2023-09-26 18:00:24 - [MESSAGE][PASSED] - Object 'Object Repository/RAD_Pages/TaxTypeFilingYear_Page/select_PeriodEnding' is present

2023-09-26 18:00:24 - [TEST_STEP][PASSED] - verifyElementVisible(findTestObject(orPath_TaxTypeFilingYear + "/select_PeriodEnding")): Object 'Object Repository/RAD_Pages/TaxTypeFilingYear_Page/select_PeriodEnding' is visible

2023-09-26 18:00:25 - [MESSAGE][PASSED] - Object 'Object Repository/RAD_Pages/TaxTypeFilingYear_Page/select_PeriodEnding' is visible

2023-09-26 18:00:25 - [TEST_STEP][PASSED] - totalOptionsPeriodEnding = getNumberOfTotalOption(findTestObject(orPath_TaxTypeFilingYear + "/select_PeriodEnding")): 13 options of object 'Object Repository/RAD_Pages/TaxTypeFilingYear_Page/select_PeriodEnding' counted

2023-09-26 18:00:25 - [MESSAGE][PASSED] - 13 options of object 'Object Repository/RAD_Pages/TaxTypeFilingYear_Page/select_PeriodEnding' counted

2023-09-26 18:00:25 - [TEST_STEP][PASSED] - verifyEqual(totalOptionsPeriodEnding, 13): Actual object '13' and expected object '13' are equal

2023-09-26 18:00:25 - [MESSAGE][PASSED] - Actual object '13' and expected object '13' are equal

2023-09-26 18:00:25 - [TEST_STEP][PASSED] - verifyOptionsPresent(findTestObject(orPath_TaxTypeFilingYear + "/select_PeriodEnding"), ["Month", "January", "February", "March", "April", "May", "June"]): Options [Month, January, February, March, April, May, June] present.

2023-09-26 18:00:26 - [MESSAGE][PASSED] - Options [Month, January, February, March, April, May, June] present.

2023-09-26 18:00:26 - [TEST_STEP][PASSED] - verifyOptionsPresent(findTestObject(orPath_TaxTypeFilingYear + "/select_PeriodEnding"), ["July", "August", "September", "October", "November", "December"]): Options [July, August, September, October, November, December] present.

2023-09-26 18:00:27 - [MESSAGE][PASSED] - Options [July, August, September, October, November, December] present.

2023-09-26 18:00:27 - [TEST_STEP][PASSED] - verifyTextPresent("Taxpayer", true): Text 'Taxpayer' is present on page  using regular expression

2023-09-26 18:00:27 - [MESSAGE][PASSED] - Text 'Taxpayer' is present on page  using regular expression

2023-09-26 18:00:27 - [TEST_STEP][PASSED] - verifyTextPresent("Provide the following taxpayer information", true): Text 'Provide the following taxpayer information' is present on page  using regular expression

2023-09-26 18:00:28 - [MESSAGE][PASSED] - Text 'Provide the following taxpayer information' is present on page  using regular expression

2023-09-26 18:00:28 - [TEST_STEP][PASSED] - verifyTextPresent("Note: If you are paying on behalf of the Taxpayer, enter Taxpayer", true): Text 'Note: If you are paying on behalf of the Taxpayer, enter Taxpayer' is present on page  using regular expression

2023-09-26 18:00:28 - [MESSAGE][PASSED] - Text 'Note: If you are paying on behalf of the Taxpayer, enter Taxpayer' is present on page  using regular expression

2023-09-26 18:00:28 - [TEST_STEP][PASSED] - verifyTextPresent("information here. If you are making a payment for the Taxpayer, you will be required later to enter your own credit card, billing address and other pertinent information", true): Text 'information here. If you are making a payment for the Taxpayer, you will be required later to enter your own credit card, billing address and other pertinent information' is present on page  using regular expression

2023-09-26 18:00:28 - [MESSAGE][PASSED] - Text 'information here. If you are making a payment for the Taxpayer, you will be required later to enter your own credit card, billing address and other pertinent information' is present on page  using regular expression

2023-09-26 18:00:28 - [TEST_STEP][PASSED] - verifyElementVisible(findTestObject(orPath_TaxPayer + "/input_Note_businessName")): Object 'Object Repository/RAD_Pages/Taxpayer_Page/input_Note_businessName' is visible

2023-09-26 18:00:29 - [MESSAGE][PASSED] - Object 'Object Repository/RAD_Pages/Taxpayer_Page/input_Note_businessName' is visible

2023-09-26 18:00:29 - [TEST_STEP][PASSED] - verifyElementVisible(findTestObject(orPath_TaxPayer + "/input_BusinessRepfirstName")): Object 'Object Repository/RAD_Pages/Taxpayer_Page/input_BusinessRepfirstName' is visible

2023-09-26 18:00:29 - [MESSAGE][PASSED] - Object 'Object Repository/RAD_Pages/Taxpayer_Page/input_BusinessRepfirstName' is visible

2023-09-26 18:00:29 - [TEST_STEP][PASSED] - verifyElementVisible(findTestObject(orPath_TaxPayer + "/input_BusinessRepmiddleName")): Object 'Object Repository/RAD_Pages/Taxpayer_Page/input_BusinessRepmiddleName' is visible

2023-09-26 18:00:29 - [MESSAGE][PASSED] - Object 'Object Repository/RAD_Pages/Taxpayer_Page/input_BusinessRepmiddleName' is visible

2023-09-26 18:00:29 - [TEST_STEP][PASSED] - verifyElementVisible(findTestObject(orPath_TaxPayer + "/input_BusinessReplastName")): Object 'Object Repository/RAD_Pages/Taxpayer_Page/input_BusinessReplastName' is visible

2023-09-26 18:00:30 - [MESSAGE][PASSED] - Object 'Object Repository/RAD_Pages/Taxpayer_Page/input_BusinessReplastName' is visible

2023-09-26 18:00:30 - [TEST_STEP][PASSED] - verifyElementVisible(findTestObject(orPath_TaxPayer + "/input_BusinessRepsuffix")): Object 'Object Repository/RAD_Pages/Taxpayer_Page/input_BusinessRepsuffix' is visible

2023-09-26 18:00:30 - [MESSAGE][PASSED] - Object 'Object Repository/RAD_Pages/Taxpayer_Page/input_BusinessRepsuffix' is visible

2023-09-26 18:00:30 - [TEST_STEP][PASSED] - verifyElementNotVisible(findTestObject(orPath_TaxPayer + "/input_firstName")): Object 'Object Repository/RAD_Pages/Taxpayer_Page/input_firstName' is NOT visible

2023-09-26 18:00:30 - [MESSAGE][PASSED] - Object 'Object Repository/RAD_Pages/Taxpayer_Page/input_firstName' is NOT visible

2023-09-26 18:00:30 - [TEST_STEP][PASSED] - verifyElementNotVisible(findTestObject(orPath_TaxPayer + "/input_middleName")): Object 'Object Repository/RAD_Pages/Taxpayer_Page/input_middleName' is NOT visible

2023-09-26 18:00:31 - [MESSAGE][PASSED] - Object 'Object Repository/RAD_Pages/Taxpayer_Page/input_middleName' is NOT visible

2023-09-26 18:00:31 - [TEST_STEP][PASSED] - verifyElementNotVisible(findTestObject(orPath_TaxPayer + "/input_lastName")): Object 'Object Repository/RAD_Pages/Taxpayer_Page/input_lastName' is NOT visible

2023-09-26 18:00:31 - [MESSAGE][PASSED] - Object 'Object Repository/RAD_Pages/Taxpayer_Page/input_lastName' is NOT visible

2023-09-26 18:00:31 - [TEST_STEP][PASSED] - verifyElementNotVisible(findTestObject(orPath_TaxPayer + "/input_suffix")): Object 'Object Repository/RAD_Pages/Taxpayer_Page/input_suffix' is NOT visible

2023-09-26 18:00:32 - [MESSAGE][PASSED] - Object 'Object Repository/RAD_Pages/Taxpayer_Page/input_suffix' is NOT visible

2023-09-26 18:00:32 - [TEST_STEP][PASSED] - verifyElementNotVisible(findTestObject("RAD_RecordAndPlay/input_concatSSN")): Object 'Object Repository/RAD_RecordAndPlay/input_concatSSN' is NOT visible

2023-09-26 18:00:32 - [MESSAGE][PASSED] - Object 'Object Repository/RAD_RecordAndPlay/input_concatSSN' is NOT visible

2023-09-26 18:00:32 - [TEST_STEP][PASSED] - verifyElementNotVisible(findTestObject("RAD_RecordAndPlay/input_concatReSSN")): Object 'Object Repository/RAD_RecordAndPlay/input_concatReSSN' is NOT visible

2023-09-26 18:00:33 - [MESSAGE][PASSED] - Object 'Object Repository/RAD_RecordAndPlay/input_concatReSSN' is NOT visible

2023-09-26 18:00:33 - [TEST_STEP][PASSED] - verifyTextPresent("Address and Contact Information", true): Text 'Address and Contact Information' is present on page  using regular expression

2023-09-26 18:00:33 - [MESSAGE][PASSED] - Text 'Address and Contact Information' is present on page  using regular expression

2023-09-26 18:00:33 - [TEST_STEP][PASSED] - verifyTextPresent("Enter the taxpayer", true): Text 'Enter the taxpayer' is present on page  using regular expression

2023-09-26 18:00:34 - [MESSAGE][PASSED] - Text 'Enter the taxpayer' is present on page  using regular expression

2023-09-26 18:00:34 - [TEST_STEP][PASSED] - verifyTextPresent("address and contact information", true): Text 'address and contact information' is present on page  using regular expression

2023-09-26 18:00:34 - [MESSAGE][PASSED] - Text 'address and contact information' is present on page  using regular expression

2023-09-26 18:00:34 - [TEST_STEP][PASSED] - verifyElementPresent(findTestObject(orPath_AddressContact + "/select_Country"), 30): Object 'Object Repository/RAD_Pages/AddressAndContactInfo_Page/select_Country' is present

2023-09-26 18:00:34 - [MESSAGE][PASSED] - Object 'Object Repository/RAD_Pages/AddressAndContactInfo_Page/select_Country' is present

2023-09-26 18:00:34 - [TEST_STEP][PASSED] - verifyElementPresent(findTestObject(orPath_AddressContact + "/input_streetAddress1"), 30): Object 'Object Repository/RAD_Pages/AddressAndContactInfo_Page/input_streetAddress1' is present

2023-09-26 18:00:35 - [MESSAGE][PASSED] - Object 'Object Repository/RAD_Pages/AddressAndContactInfo_Page/input_streetAddress1' is present

2023-09-26 18:00:35 - [TEST_STEP][PASSED] - verifyElementPresent(findTestObject(orPath_AddressContact + "/input_streetAddress2"), 30): Object 'Object Repository/RAD_Pages/AddressAndContactInfo_Page/input_streetAddress2' is present

2023-09-26 18:00:35 - [MESSAGE][PASSED] - Object 'Object Repository/RAD_Pages/AddressAndContactInfo_Page/input_streetAddress2' is present

2023-09-26 18:00:35 - [TEST_STEP][PASSED] - verifyElementPresent(findTestObject(orPath_AddressContact + "/input_city"), 30): Object 'Object Repository/RAD_Pages/AddressAndContactInfo_Page/input_city' is present

2023-09-26 18:00:35 - [MESSAGE][PASSED] - Object 'Object Repository/RAD_Pages/AddressAndContactInfo_Page/input_city' is present

2023-09-26 18:00:35 - [TEST_STEP][PASSED] - verifyElementPresent(findTestObject(orPath_AddressContact + "/select_State"), 30): Object 'Object Repository/RAD_Pages/AddressAndContactInfo_Page/select_State' is present

2023-09-26 18:00:36 - [MESSAGE][PASSED] - Object 'Object Repository/RAD_Pages/AddressAndContactInfo_Page/select_State' is present

2023-09-26 18:00:36 - [TEST_STEP][PASSED] - verifyElementPresent(findTestObject(orPath_AddressContact + "/input_zipCode"), 30): Object 'Object Repository/RAD_Pages/AddressAndContactInfo_Page/input_zipCode' is present

2023-09-26 18:00:36 - [MESSAGE][PASSED] - Object 'Object Repository/RAD_Pages/AddressAndContactInfo_Page/input_zipCode' is present

2023-09-26 18:00:36 - [TEST_STEP][PASSED] - verifyElementPresent(findTestObject(orPath_AddressContact + "/input_phoneNumber"), 30): Object 'Object Repository/RAD_Pages/AddressAndContactInfo_Page/input_phoneNumber' is present

2023-09-26 18:00:36 - [MESSAGE][PASSED] - Object 'Object Repository/RAD_Pages/AddressAndContactInfo_Page/input_phoneNumber' is present

2023-09-26 18:00:36 - [TEST_STEP][PASSED] - verifyElementPresent(findTestObject(orPath_AddressContact + "/input_eMailAddress"), 30): Object 'Object Repository/RAD_Pages/AddressAndContactInfo_Page/input_eMailAddress' is present

2023-09-26 18:00:37 - [MESSAGE][PASSED] - Object 'Object Repository/RAD_Pages/AddressAndContactInfo_Page/input_eMailAddress' is present

2023-09-26 18:00:37 - [TEST_STEP][PASSED] - verifyElementPresent(findTestObject(orPath_AddressContact + "/input_reEnterEMailAddress"), 30): Object 'Object Repository/RAD_Pages/AddressAndContactInfo_Page/input_reEnterEMailAddress' is present

2023-09-26 18:00:37 - [MESSAGE][PASSED] - Object 'Object Repository/RAD_Pages/AddressAndContactInfo_Page/input_reEnterEMailAddress' is present

2023-09-26 18:00:37 - [TEST_STEP][PASSED] - verifyOptionsPresent(findTestObject(orPath_AddressContact + "/select_Country"), ["United States"]): Options [United States] present.

2023-09-26 18:00:38 - [MESSAGE][PASSED] - Options [United States] present.

2023-09-26 18:00:38 - [TEST_STEP][PASSED] - verifyOptionsPresent(findTestObject(orPath_AddressContact + "/select_State"), ["Alabama", "District of Columbia", "Maryland", "Virginia", "Wyoming"]): Options [Alabama, District of Columbia, Maryland, Virginia, Wyoming] present.

2023-09-26 18:00:39 - [MESSAGE][PASSED] - Options [Alabama, District of Columbia, Maryland, Virginia, Wyoming] present.

2023-09-26 18:00:39 - [TEST_STEP][PASSED] - totalOptionsState = getNumberOfTotalOption(findTestObject(orPath_AddressContact + "/select_State")): 52 options of object 'Object Repository/RAD_Pages/AddressAndContactInfo_Page/select_State' counted

2023-09-26 18:00:39 - [MESSAGE][PASSED] - 52 options of object 'Object Repository/RAD_Pages/AddressAndContactInfo_Page/select_State' counted

2023-09-26 18:00:39 - [TEST_STEP][PASSED] - verifyEqual(totalOptionsState, 52): Actual object '52' and expected object '52' are equal

2023-09-26 18:00:39 - [MESSAGE][PASSED] - Actual object '52' and expected object '52' are equal

2023-09-26 18:00:39 - [TEST_STEP][PASSED] - verifyTextPresent("Tax Information", true): Text 'Tax Information' is present on page  using regular expression

2023-09-26 18:00:40 - [MESSAGE][PASSED] - Text 'Tax Information' is present on page  using regular expression

2023-09-26 18:00:40 - [TEST_STEP][FAILED] - verifyElementVisible(findTestObject(orPath_TaxInfo + "/input_FederalEIN-2")): Object 'Object Repository/RAD_Pages/TaxInfo_Page/input_FederalEIN-2' is NOT visible (Root cause: com.kms.katalon.core.exception.StepFailedException: Object 'Object Repository/RAD_Pages/TaxInfo_Page/input_FederalEIN-2' is NOT visible
	at com.kms.katalon.core.webui.keyword.internal.WebUIKeywordMain.stepFailed(WebUIKeywordMain.groovy:64)
	at com.kms.katalon.core.webui.keyword.builtin.VerifyElementVisibleKeyword$_verifyElementVisible_closure1.doCall(VerifyElementVisibleKeyword.groovy:83)
	at com.kms.katalon.core.webui.keyword.builtin.VerifyElementVisibleKeyword$_verifyElementVisible_closure1.call(VerifyElementVisibleKeyword.groovy)
	at com.kms.katalon.core.webui.keyword.internal.WebUIKeywordMain.runKeyword(WebUIKeywordMain.groovy:20)
	at com.kms.katalon.core.webui.keyword.builtin.VerifyElementVisibleKeyword.verifyElementVisible(VerifyElementVisibleKeyword.groovy:97)
	at com.kms.katalon.core.webui.keyword.builtin.VerifyElementVisibleKeyword.execute(VerifyElementVisibleKeyword.groovy:67)
	at com.kms.katalon.core.keyword.internal.KeywordExecutor.executeKeywordForPlatform(KeywordExecutor.groovy:74)
	at com.kms.katalon.core.webui.keyword.WebUiBuiltInKeywords.verifyElementVisible(WebUiBuiltInKeywords.groovy:376)
	at com.kms.katalon.core.webui.keyword.WebUiBuiltInKeywords$verifyElementVisible$8.call(Unknown Source)
	at Estimated_PTETaxElectingNonSCorp_UI_TC.run(Estimated_PTETaxElectingNonSCorp_UI_TC:115)
	at com.kms.katalon.core.main.ScriptEngine.run(ScriptEngine.java:194)
	at com.kms.katalon.core.main.ScriptEngine.runScriptAsRawText(ScriptEngine.java:119)
	at com.kms.katalon.core.main.TestCaseExecutor.runScript(TestCaseExecutor.java:448)
	at com.kms.katalon.core.main.TestCaseExecutor.doExecute(TestCaseExecutor.java:439)
	at com.kms.katalon.core.main.TestCaseExecutor.processExecutionPhase(TestCaseExecutor.java:418)
	at com.kms.katalon.core.main.TestCaseExecutor.accessMainPhase(TestCaseExecutor.java:410)
	at com.kms.katalon.core.main.TestCaseExecutor.execute(TestCaseExecutor.java:285)
	at com.kms.katalon.core.common.CommonExecutor.accessTestCaseMainPhase(CommonExecutor.java:65)
	at com.kms.katalon.core.main.TestSuiteExecutor.accessTestSuiteMainPhase(TestSuiteExecutor.java:148)
	at com.kms.katalon.core.main.TestSuiteExecutor.execute(TestSuiteExecutor.java:106)
	at com.kms.katalon.core.main.TestCaseMain.startTestSuite(TestCaseMain.java:187)
	at com.kms.katalon.core.main.TestCaseMain$startTestSuite$0.call(Unknown Source)
	at TempTestSuite1695765482532.run(TempTestSuite1695765482532.groovy:36)
)

2023-09-26 18:00:40 - [MESSAGE][FAILED] - Object 'Object Repository/RAD_Pages/TaxInfo_Page/input_FederalEIN-2' is NOT visible (Root cause: com.kms.katalon.core.exception.StepFailedException: Object 'Object Repository/RAD_Pages/TaxInfo_Page/input_FederalEIN-2' is NOT visible
	at com.kms.katalon.core.webui.keyword.internal.WebUIKeywordMain.stepFailed(WebUIKeywordMain.groovy:64)
	at com.kms.katalon.core.webui.keyword.builtin.VerifyElementVisibleKeyword$_verifyElementVisible_closure1.doCall(VerifyElementVisibleKeyword.groovy:83)
	at com.kms.katalon.core.webui.keyword.builtin.VerifyElementVisibleKeyword$_verifyElementVisible_closure1.call(VerifyElementVisibleKeyword.groovy)
	at com.kms.katalon.core.webui.keyword.internal.WebUIKeywordMain.runKeyword(WebUIKeywordMain.groovy:20)
	at com.kms.katalon.core.webui.keyword.builtin.VerifyElementVisibleKeyword.verifyElementVisible(VerifyElementVisibleKeyword.groovy:97)
	at com.kms.katalon.core.webui.keyword.builtin.VerifyElementVisibleKeyword.execute(VerifyElementVisibleKeyword.groovy:67)
	at com.kms.katalon.core.keyword.internal.KeywordExecutor.executeKeywordForPlatform(KeywordExecutor.groovy:74)
	at com.kms.katalon.core.webui.keyword.WebUiBuiltInKeywords.verifyElementVisible(WebUiBuiltInKeywords.groovy:376)
	at com.kms.katalon.core.webui.keyword.WebUiBuiltInKeywords$verifyElementVisible$8.call(Unknown Source)
	at Estimated_PTETaxElectingNonSCorp_UI_TC.run(Estimated_PTETaxElectingNonSCorp_UI_TC:115)
	at com.kms.katalon.core.main.ScriptEngine.run(ScriptEngine.java:194)
	at com.kms.katalon.core.main.ScriptEngine.runScriptAsRawText(ScriptEngine.java:119)
	at com.kms.katalon.core.main.TestCaseExecutor.runScript(TestCaseExecutor.java:448)
	at com.kms.katalon.core.main.TestCaseExecutor.doExecute(TestCaseExecutor.java:439)
	at com.kms.katalon.core.main.TestCaseExecutor.processExecutionPhase(TestCaseExecutor.java:418)
	at com.kms.katalon.core.main.TestCaseExecutor.accessMainPhase(TestCaseExecutor.java:410)
	at com.kms.katalon.core.main.TestCaseExecutor.execute(TestCaseExecutor.java:285)
	at com.kms.katalon.core.common.CommonExecutor.accessTestCaseMainPhase(CommonExecutor.java:65)
	at com.kms.katalon.core.main.TestSuiteExecutor.accessTestSuiteMainPhase(TestSuiteExecutor.java:148)
	at com.kms.katalon.core.main.TestSuiteExecutor.execute(TestSuiteExecutor.java:106)
	at com.kms.katalon.core.main.TestCaseMain.startTestSuite(TestCaseMain.java:187)
	at com.kms.katalon.core.main.TestCaseMain$startTestSuite$0.call(Unknown Source)
	at TempTestSuite1695765482532.run(TempTestSuite1695765482532.groovy:36)
)
[[ATTACHMENT|E:\\Cloned-Project-Katalon\\VPS-Katalon\\Reports\\20230926_175802\\RAD_TestSuite\\RAD_UI_TestSuite\\20230926_175802\\1695765640706.png]]

2023-09-26 18:00:40 - [TEST_STEP][FAILED] - verifyElementVisible(findTestObject(orPath_TaxInfo + "/input_FederalEIN_ReEnter-2")): Object 'Object Repository/RAD_Pages/TaxInfo_Page/input_FederalEIN_ReEnter-2' is NOT visible (Root cause: com.kms.katalon.core.exception.StepFailedException: Object 'Object Repository/RAD_Pages/TaxInfo_Page/input_FederalEIN_ReEnter-2' is NOT visible
	at com.kms.katalon.core.webui.keyword.internal.WebUIKeywordMain.stepFailed(WebUIKeywordMain.groovy:64)
	at com.kms.katalon.core.webui.keyword.builtin.VerifyElementVisibleKeyword$_verifyElementVisible_closure1.doCall(VerifyElementVisibleKeyword.groovy:83)
	at com.kms.katalon.core.webui.keyword.builtin.VerifyElementVisibleKeyword$_verifyElementVisible_closure1.call(VerifyElementVisibleKeyword.groovy)
	at com.kms.katalon.core.webui.keyword.internal.WebUIKeywordMain.runKeyword(WebUIKeywordMain.groovy:20)
	at com.kms.katalon.core.webui.keyword.builtin.VerifyElementVisibleKeyword.verifyElementVisible(VerifyElementVisibleKeyword.groovy:97)
	at com.kms.katalon.core.webui.keyword.builtin.VerifyElementVisibleKeyword.execute(VerifyElementVisibleKeyword.groovy:67)
	at com.kms.katalon.core.keyword.internal.KeywordExecutor.executeKeywordForPlatform(KeywordExecutor.groovy:74)
	at com.kms.katalon.core.webui.keyword.WebUiBuiltInKeywords.verifyElementVisible(WebUiBuiltInKeywords.groovy:376)
	at com.kms.katalon.core.webui.keyword.WebUiBuiltInKeywords$verifyElementVisible$8.call(Unknown Source)
	at Estimated_PTETaxElectingNonSCorp_UI_TC.run(Estimated_PTETaxElectingNonSCorp_UI_TC:116)
	at com.kms.katalon.core.main.ScriptEngine.run(ScriptEngine.java:194)
	at com.kms.katalon.core.main.ScriptEngine.runScriptAsRawText(ScriptEngine.java:119)
	at com.kms.katalon.core.main.TestCaseExecutor.runScript(TestCaseExecutor.java:448)
	at com.kms.katalon.core.main.TestCaseExecutor.doExecute(TestCaseExecutor.java:439)
	at com.kms.katalon.core.main.TestCaseExecutor.processExecutionPhase(TestCaseExecutor.java:418)
	at com.kms.katalon.core.main.TestCaseExecutor.accessMainPhase(TestCaseExecutor.java:410)
	at com.kms.katalon.core.main.TestCaseExecutor.execute(TestCaseExecutor.java:285)
	at com.kms.katalon.core.common.CommonExecutor.accessTestCaseMainPhase(CommonExecutor.java:65)
	at com.kms.katalon.core.main.TestSuiteExecutor.accessTestSuiteMainPhase(TestSuiteExecutor.java:148)
	at com.kms.katalon.core.main.TestSuiteExecutor.execute(TestSuiteExecutor.java:106)
	at com.kms.katalon.core.main.TestCaseMain.startTestSuite(TestCaseMain.java:187)
	at com.kms.katalon.core.main.TestCaseMain$startTestSuite$0.call(Unknown Source)
	at TempTestSuite1695765482532.run(TempTestSuite1695765482532.groovy:36)
)

2023-09-26 18:00:41 - [MESSAGE][FAILED] - Object 'Object Repository/RAD_Pages/TaxInfo_Page/input_FederalEIN_ReEnter-2' is NOT visible (Root cause: com.kms.katalon.core.exception.StepFailedException: Object 'Object Repository/RAD_Pages/TaxInfo_Page/input_FederalEIN_ReEnter-2' is NOT visible
	at com.kms.katalon.core.webui.keyword.internal.WebUIKeywordMain.stepFailed(WebUIKeywordMain.groovy:64)
	at com.kms.katalon.core.webui.keyword.builtin.VerifyElementVisibleKeyword$_verifyElementVisible_closure1.doCall(VerifyElementVisibleKeyword.groovy:83)
	at com.kms.katalon.core.webui.keyword.builtin.VerifyElementVisibleKeyword$_verifyElementVisible_closure1.call(VerifyElementVisibleKeyword.groovy)
	at com.kms.katalon.core.webui.keyword.internal.WebUIKeywordMain.runKeyword(WebUIKeywordMain.groovy:20)
	at com.kms.katalon.core.webui.keyword.builtin.VerifyElementVisibleKeyword.verifyElementVisible(VerifyElementVisibleKeyword.groovy:97)
	at com.kms.katalon.core.webui.keyword.builtin.VerifyElementVisibleKeyword.execute(VerifyElementVisibleKeyword.groovy:67)
	at com.kms.katalon.core.keyword.internal.KeywordExecutor.executeKeywordForPlatform(KeywordExecutor.groovy:74)
	at com.kms.katalon.core.webui.keyword.WebUiBuiltInKeywords.verifyElementVisible(WebUiBuiltInKeywords.groovy:376)
	at com.kms.katalon.core.webui.keyword.WebUiBuiltInKeywords$verifyElementVisible$8.call(Unknown Source)
	at Estimated_PTETaxElectingNonSCorp_UI_TC.run(Estimated_PTETaxElectingNonSCorp_UI_TC:116)
	at com.kms.katalon.core.main.ScriptEngine.run(ScriptEngine.java:194)
	at com.kms.katalon.core.main.ScriptEngine.runScriptAsRawText(ScriptEngine.java:119)
	at com.kms.katalon.core.main.TestCaseExecutor.runScript(TestCaseExecutor.java:448)
	at com.kms.katalon.core.main.TestCaseExecutor.doExecute(TestCaseExecutor.java:439)
	at com.kms.katalon.core.main.TestCaseExecutor.processExecutionPhase(TestCaseExecutor.java:418)
	at com.kms.katalon.core.main.TestCaseExecutor.accessMainPhase(TestCaseExecutor.java:410)
	at com.kms.katalon.core.main.TestCaseExecutor.execute(TestCaseExecutor.java:285)
	at com.kms.katalon.core.common.CommonExecutor.accessTestCaseMainPhase(CommonExecutor.java:65)
	at com.kms.katalon.core.main.TestSuiteExecutor.accessTestSuiteMainPhase(TestSuiteExecutor.java:148)
	at com.kms.katalon.core.main.TestSuiteExecutor.execute(TestSuiteExecutor.java:106)
	at com.kms.katalon.core.main.TestCaseMain.startTestSuite(TestCaseMain.java:187)
	at com.kms.katalon.core.main.TestCaseMain$startTestSuite$0.call(Unknown Source)
	at TempTestSuite1695765482532.run(TempTestSuite1695765482532.groovy:36)
)
[[ATTACHMENT|E:\\Cloned-Project-Katalon\\VPS-Katalon\\Reports\\20230926_175802\\RAD_TestSuite\\RAD_UI_TestSuite\\20230926_175802\\1695765641386.png]]

2023-09-26 18:00:41 - [TEST_STEP][PASSED] - verifyElementNotVisible(findTestObject(orPath_FilingStatus + "/input_userType_Individual")): Object 'Object Repository/RAD_Pages/FilingStatus_Page/input_userType_Individual' is NOT visible

2023-09-26 18:00:42 - [MESSAGE][PASSED] - Object 'Object Repository/RAD_Pages/FilingStatus_Page/input_userType_Individual' is NOT visible

2023-09-26 18:00:42 - [TEST_STEP][PASSED] - verifyElementNotVisible(findTestObject(orPath_FilingStatus + "/input_userType_Joint")): Object 'Object Repository/RAD_Pages/FilingStatus_Page/input_userType_Joint' is NOT visible

2023-09-26 18:00:42 - [MESSAGE][PASSED] - Object 'Object Repository/RAD_Pages/FilingStatus_Page/input_userType_Joint' is NOT visible

2023-09-26 18:00:42 - [TEST_STEP][PASSED] - verifyElementNotVisible(findTestObject(orPath_TaxInfo + "/input_NoticeInvoiceNumber")): Object 'Object Repository/RAD_Pages/TaxInfo_Page/input_NoticeInvoiceNumber' is NOT visible

2023-09-26 18:00:42 - [MESSAGE][PASSED] - Object 'Object Repository/RAD_Pages/TaxInfo_Page/input_NoticeInvoiceNumber' is NOT visible

2023-09-26 18:00:42 - [TEST_STEP][PASSED] - verifyElementNotVisible(findTestObject(orPath_TaxInfo + "/input_reTypeNoticeInvoiceNumber")): Object 'Object Repository/RAD_Pages/TaxInfo_Page/input_reTypeNoticeInvoiceNumber' is NOT visible

2023-09-26 18:00:43 - [MESSAGE][PASSED] - Object 'Object Repository/RAD_Pages/TaxInfo_Page/input_reTypeNoticeInvoiceNumber' is NOT visible

2023-09-26 18:00:43 - [TEST_STEP][PASSED] - verifyElementNotVisible(findTestObject(orPath_TaxInfo + "/input_MDCRegistrationEL")): Object 'Object Repository/RAD_Pages/TaxInfo_Page/input_MDCRegistrationEL' is NOT visible

2023-09-26 18:00:43 - [MESSAGE][PASSED] - Object 'Object Repository/RAD_Pages/TaxInfo_Page/input_MDCRegistrationEL' is NOT visible

2023-09-26 18:00:43 - [TEST_STEP][PASSED] - verifyTextPresent("Payment Amount", true): Text 'Payment Amount' is present on page  using regular expression

2023-09-26 18:00:43 - [MESSAGE][PASSED] - Text 'Payment Amount' is present on page  using regular expression

2023-09-26 18:00:43 - [TEST_STEP][PASSED] - verifyElementPresent(findTestObject(orPath_Amount + "/input__paymentAmount"), 30): Object 'Object Repository/RAD_Pages/PaymentAmount_Page/input__paymentAmount' is present

2023-09-26 18:00:44 - [MESSAGE][PASSED] - Object 'Object Repository/RAD_Pages/PaymentAmount_Page/input__paymentAmount' is present

2023-09-26 18:00:44 - [TEST_STEP][PASSED] - verifyElementVisible(findTestObject(orPath_Amount + "/input__paymentAmount")): Object 'Object Repository/RAD_Pages/PaymentAmount_Page/input__paymentAmount' is visible

2023-09-26 18:00:44 - [MESSAGE][PASSED] - Object 'Object Repository/RAD_Pages/PaymentAmount_Page/input__paymentAmount' is visible

2023-09-26 18:00:44 - [TEST_STEP][PASSED] - verifyTextPresent("Service Fee: This electronic government service includes a service/convenience fee. Click here for details", true): Text 'Service Fee: This electronic government service includes a service/convenience fee. Click here for details' is present on page  using regular expression

2023-09-26 18:00:44 - [MESSAGE][PASSED] - Text 'Service Fee: This electronic government service includes a service/convenience fee. Click here for details' is present on page  using regular expression

2023-09-26 18:00:44 - [TEST_STEP][PASSED] - verifyElementPresent(findTestObject(orPath_Amount + "/a_Click here for details"), 30): Object 'Object Repository/RAD_Pages/PaymentAmount_Page/a_Click here for details' is present

2023-09-26 18:00:45 - [MESSAGE][PASSED] - Object 'Object Repository/RAD_Pages/PaymentAmount_Page/a_Click here for details' is present

2023-09-26 18:00:45 - [TEST_STEP][PASSED] - verifyElementPresent(findTestObject(orPath_Landing + "/button_Continue"), 30): Object 'Object Repository/RAD_Pages/Landing_Page/button_Continue' is present

2023-09-26 18:00:45 - [MESSAGE][PASSED] - Object 'Object Repository/RAD_Pages/Landing_Page/button_Continue' is present]]></system-out>
         <system-err><![CDATA[2023-09-26 18:00:16 - [TEST_CASE][FAILED] - Test Cases/RAD_TestCases/UI_TestCases/Estimated/Estimated_PTETaxElectingNonSCorp_UI_TC: Test Cases/RAD_TestCases/UI_TestCases/Estimated/Estimated_PTETaxElectingNonSCorp_UI_TC FAILED.
Reason:
com.kms.katalon.core.exception.StepFailedException: Object 'Object Repository/RAD_Pages/TaxInfo_Page/input_FederalEIN-2' is NOT visible (Root cause: com.kms.katalon.core.exception.StepFailedException: Object 'Object Repository/RAD_Pages/TaxInfo_Page/input_FederalEIN-2' is NOT visible
	at com.kms.katalon.core.webui.keyword.internal.WebUIKeywordMain.stepFailed(WebUIKeywordMain.groovy:64)
	at com.kms.katalon.core.webui.keyword.builtin.VerifyElementVisibleKeyword$_verifyElementVisible_closure1.doCall(VerifyElementVisibleKeyword.groovy:83)
	at com.kms.katalon.core.webui.keyword.builtin.VerifyElementVisibleKeyword$_verifyElementVisible_closure1.call(VerifyElementVisibleKeyword.groovy)
	at com.kms.katalon.core.webui.keyword.internal.WebUIKeywordMain.runKeyword(WebUIKeywordMain.groovy:20)
	at com.kms.katalon.core.webui.keyword.builtin.VerifyElementVisibleKeyword.verifyElementVisible(VerifyElementVisibleKeyword.groovy:97)
	at com.kms.katalon.core.webui.keyword.builtin.VerifyElementVisibleKeyword.execute(VerifyElementVisibleKeyword.groovy:67)
	at com.kms.katalon.core.keyword.internal.KeywordExecutor.executeKeywordForPlatform(KeywordExecutor.groovy:74)
	at com.kms.katalon.core.webui.keyword.WebUiBuiltInKeywords.verifyElementVisible(WebUiBuiltInKeywords.groovy:376)
	at com.kms.katalon.core.webui.keyword.WebUiBuiltInKeywords$verifyElementVisible$8.call(Unknown Source)
	at Estimated_PTETaxElectingNonSCorp_UI_TC.run(Estimated_PTETaxElectingNonSCorp_UI_TC:115)
	at com.kms.katalon.core.main.ScriptEngine.run(ScriptEngine.java:194)
	at com.kms.katalon.core.main.ScriptEngine.runScriptAsRawText(ScriptEngine.java:119)
	at com.kms.katalon.core.main.TestCaseExecutor.runScript(TestCaseExecutor.java:448)
	at com.kms.katalon.core.main.TestCaseExecutor.doExecute(TestCaseExecutor.java:439)
	at com.kms.katalon.core.main.TestCaseExecutor.processExecutionPhase(TestCaseExecutor.java:418)
	at com.kms.katalon.core.main.TestCaseExecutor.accessMainPhase(TestCaseExecutor.java:410)
	at com.kms.katalon.core.main.TestCaseExecutor.execute(TestCaseExecutor.java:285)
	at com.kms.katalon.core.common.CommonExecutor.accessTestCaseMainPhase(CommonExecutor.java:65)
	at com.kms.katalon.core.main.TestSuiteExecutor.accessTestSuiteMainPhase(TestSuiteExecutor.java:148)
	at com.kms.katalon.core.main.TestSuiteExecutor.execute(TestSuiteExecutor.java:106)
	at com.kms.katalon.core.main.TestCaseMain.startTestSuite(TestCaseMain.java:187)
	at com.kms.katalon.core.main.TestCaseMain$startTestSuite$0.call(Unknown Source)
	at TempTestSuite1695765482532.run(TempTestSuite1695765482532.groovy:36)
)
	at com.kms.katalon.core.keyword.internal.KeywordMain.stepFailed(KeywordMain.groovy:39)
	at com.kms.katalon.core.webui.keyword.internal.WebUIKeywordMain.stepFailed(WebUIKeywordMain.groovy:64)
	at com.kms.katalon.core.webui.keyword.builtin.VerifyElementVisibleKeyword$_verifyElementVisible_closure1.doCall(VerifyElementVisibleKeyword.groovy:83)
	at com.kms.katalon.core.webui.keyword.builtin.VerifyElementVisibleKeyword$_verifyElementVisible_closure1.call(VerifyElementVisibleKeyword.groovy)
	at com.kms.katalon.core.webui.keyword.internal.WebUIKeywordMain.runKeyword(WebUIKeywordMain.groovy:20)
	at com.kms.katalon.core.webui.keyword.builtin.VerifyElementVisibleKeyword.verifyElementVisible(VerifyElementVisibleKeyword.groovy:97)
	at com.kms.katalon.core.webui.keyword.builtin.VerifyElementVisibleKeyword.execute(VerifyElementVisibleKeyword.groovy:67)
	at com.kms.katalon.core.keyword.internal.KeywordExecutor.executeKeywordForPlatform(KeywordExecutor.groovy:74)
	at com.kms.katalon.core.webui.keyword.WebUiBuiltInKeywords.verifyElementVisible(WebUiBuiltInKeywords.groovy:376)
	at com.kms.katalon.core.webui.keyword.WebUiBuiltInKeywords$verifyElementVisible$8.call(Unknown Source)
	at Estimated_PTETaxElectingNonSCorp_UI_TC.run(Estimated_PTETaxElectingNonSCorp_UI_TC:115)
	at com.kms.katalon.core.main.ScriptEngine.run(ScriptEngine.java:194)
	at com.kms.katalon.core.main.ScriptEngine.runScriptAsRawText(ScriptEngine.java:119)
	at com.kms.katalon.core.main.TestCaseExecutor.runScript(TestCaseExecutor.java:448)
	at com.kms.katalon.core.main.TestCaseExecutor.doExecute(TestCaseExecutor.java:439)
	at com.kms.katalon.core.main.TestCaseExecutor.processExecutionPhase(TestCaseExecutor.java:418)
	at com.kms.katalon.core.main.TestCaseExecutor.accessMainPhase(TestCaseExecutor.java:410)
	at com.kms.katalon.core.main.TestCaseExecutor.execute(TestCaseExecutor.java:285)
	at com.kms.katalon.core.common.CommonExecutor.accessTestCaseMainPhase(CommonExecutor.java:65)
	at com.kms.katalon.core.main.TestSuiteExecutor.accessTestSuiteMainPhase(TestSuiteExecutor.java:148)
	at com.kms.katalon.core.main.TestSuiteExecutor.execute(TestSuiteExecutor.java:106)
	at com.kms.katalon.core.main.TestCaseMain.startTestSuite(TestCaseMain.java:187)
	at com.kms.katalon.core.main.TestCaseMain$startTestSuite$0.call(Unknown Source)
	at TempTestSuite1695765482532.run(TempTestSuite1695765482532.groovy:36)
Caused by: com.kms.katalon.core.exception.StepFailedException: Object 'Object Repository/RAD_Pages/TaxInfo_Page/input_FederalEIN-2' is NOT visible
	... 23 more]]></system-err>
      </testcase>
      <testcase name="Test Cases/RAD_TestCases/UI_TestCases/Estimated/Estimated_PTETaxElectingSCorp_UI_TC" time="28.887" classname="Test Cases/RAD_TestCases/UI_TestCases/Estimated/Estimated_PTETaxElectingSCorp_UI_TC" status="FAILED">
         <failure type="FAILED" message="Test Cases/RAD_TestCases/UI_TestCases/Estimated/Estimated_PTETaxElectingSCorp_UI_TC FAILED.
Reason:
com.kms.katalon.core.exception.StepFailedException: Object 'Object Repository/RAD_Pages/TaxInfo_Page/input_FederalEIN-2' is NOT visible (Root cause: com.kms.katalon.core.exception.StepFailedException: Object 'Object Repository/RAD_Pages/TaxInfo_Page/input_FederalEIN-2' is NOT visible
	at com.kms.katalon.core.webui.keyword.internal.WebUIKeywordMain.stepFailed(WebUIKeywordMain.groovy:64)
	at com.kms.katalon.core.webui.keyword.builtin.VerifyElementVisibleKeyword$_verifyElementVisible_closure1.doCall(VerifyElementVisibleKeyword.groovy:83)
	at com.kms.katalon.core.webui.keyword.builtin.VerifyElementVisibleKeyword$_verifyElementVisible_closure1.call(VerifyElementVisibleKeyword.groovy)
	at com.kms.katalon.core.webui.keyword.internal.WebUIKeywordMain.runKeyword(WebUIKeywordMain.groovy:20)
	at com.kms.katalon.core.webui.keyword.builtin.VerifyElementVisibleKeyword.verifyElementVisible(VerifyElementVisibleKeyword.groovy:97)
	at com.kms.katalon.core.webui.keyword.builtin.VerifyElementVisibleKeyword.execute(VerifyElementVisibleKeyword.groovy:67)
	at com.kms.katalon.core.keyword.internal.KeywordExecutor.executeKeywordForPlatform(KeywordExecutor.groovy:74)
	at com.kms.katalon.core.webui.keyword.WebUiBuiltInKeywords.verifyElementVisible(WebUiBuiltInKeywords.groovy:376)
	at com.kms.katalon.core.webui.keyword.WebUiBuiltInKeywords$verifyElementVisible$8.call(Unknown Source)
	at Estimated_PTETaxElectingSCorp_UI_TC.run(Estimated_PTETaxElectingSCorp_UI_TC:115)
	at com.kms.katalon.core.main.ScriptEngine.run(ScriptEngine.java:194)
	at com.kms.katalon.core.main.ScriptEngine.runScriptAsRawText(ScriptEngine.java:119)
	at com.kms.katalon.core.main.TestCaseExecutor.runScript(TestCaseExecutor.java:448)
	at com.kms.katalon.core.main.TestCaseExecutor.doExecute(TestCaseExecutor.java:439)
	at com.kms.katalon.core.main.TestCaseExecutor.processExecutionPhase(TestCaseExecutor.java:418)
	at com.kms.katalon.core.main.TestCaseExecutor.accessMainPhase(TestCaseExecutor.java:410)
	at com.kms.katalon.core.main.TestCaseExecutor.execute(TestCaseExecutor.java:285)
	at com.kms.katalon.core.common.CommonExecutor.accessTestCaseMainPhase(CommonExecutor.java:65)
	at com.kms.katalon.core.main.TestSuiteExecutor.accessTestSuiteMainPhase(TestSuiteExecutor.java:148)
	at com.kms.katalon.core.main.TestSuiteExecutor.execute(TestSuiteExecutor.java:106)
	at com.kms.katalon.core.main.TestCaseMain.startTestSuite(TestCaseMain.java:187)
	at com.kms.katalon.core.main.TestCaseMain$startTestSuite$0.call(Unknown Source)
	at TempTestSuite1695765482532.run(TempTestSuite1695765482532.groovy:36)
)
	at com.kms.katalon.core.keyword.internal.KeywordMain.stepFailed(KeywordMain.groovy:39)
	at com.kms.katalon.core.webui.keyword.internal.WebUIKeywordMain.stepFailed(WebUIKeywordMain.groovy:64)
	at com.kms.katalon.core.webui.keyword.builtin.VerifyElementVisibleKeyword$_verifyElementVisible_closure1.doCall(VerifyElementVisibleKeyword.groovy:83)
	at com.kms.katalon.core.webui.keyword.builtin.VerifyElementVisibleKeyword$_verifyElementVisible_closure1.call(VerifyElementVisibleKeyword.groovy)
	at com.kms.katalon.core.webui.keyword.internal.WebUIKeywordMain.runKeyword(WebUIKeywordMain.groovy:20)
	at com.kms.katalon.core.webui.keyword.builtin.VerifyElementVisibleKeyword.verifyElementVisible(VerifyElementVisibleKeyword.groovy:97)
	at com.kms.katalon.core.webui.keyword.builtin.VerifyElementVisibleKeyword.execute(VerifyElementVisibleKeyword.groovy:67)
	at com.kms.katalon.core.keyword.internal.KeywordExecutor.executeKeywordForPlatform(KeywordExecutor.groovy:74)
	at com.kms.katalon.core.webui.keyword.WebUiBuiltInKeywords.verifyElementVisible(WebUiBuiltInKeywords.groovy:376)
	at com.kms.katalon.core.webui.keyword.WebUiBuiltInKeywords$verifyElementVisible$8.call(Unknown Source)
	at Estimated_PTETaxElectingSCorp_UI_TC.run(Estimated_PTETaxElectingSCorp_UI_TC:115)
	at com.kms.katalon.core.main.ScriptEngine.run(ScriptEngine.java:194)
	at com.kms.katalon.core.main.ScriptEngine.runScriptAsRawText(ScriptEngine.java:119)
	at com.kms.katalon.core.main.TestCaseExecutor.runScript(TestCaseExecutor.java:448)
	at com.kms.katalon.core.main.TestCaseExecutor.doExecute(TestCaseExecutor.java:439)
	at com.kms.katalon.core.main.TestCaseExecutor.processExecutionPhase(TestCaseExecutor.java:418)
	at com.kms.katalon.core.main.TestCaseExecutor.accessMainPhase(TestCaseExecutor.java:410)
	at com.kms.katalon.core.main.TestCaseExecutor.execute(TestCaseExecutor.java:285)
	at com.kms.katalon.core.common.CommonExecutor.accessTestCaseMainPhase(CommonExecutor.java:65)
	at com.kms.katalon.core.main.TestSuiteExecutor.accessTestSuiteMainPhase(TestSuiteExecutor.java:148)
	at com.kms.katalon.core.main.TestSuiteExecutor.execute(TestSuiteExecutor.java:106)
	at com.kms.katalon.core.main.TestCaseMain.startTestSuite(TestCaseMain.java:187)
	at com.kms.katalon.core.main.TestCaseMain$startTestSuite$0.call(Unknown Source)
	at TempTestSuite1695765482532.run(TempTestSuite1695765482532.groovy:36)
Caused by: com.kms.katalon.core.exception.StepFailedException: Object 'Object Repository/RAD_Pages/TaxInfo_Page/input_FederalEIN-2' is NOT visible
	... 23 more
"/>
         <system-out><![CDATA[2023-09-26 18:00:45 - [TEST_CASE][FAILED] - Test Cases/RAD_TestCases/UI_TestCases/Estimated/Estimated_PTETaxElectingSCorp_UI_TC: Test Cases/RAD_TestCases/UI_TestCases/Estimated/Estimated_PTETaxElectingSCorp_UI_TC FAILED.
Reason:
com.kms.katalon.core.exception.StepFailedException: Object 'Object Repository/RAD_Pages/TaxInfo_Page/input_FederalEIN-2' is NOT visible (Root cause: com.kms.katalon.core.exception.StepFailedException: Object 'Object Repository/RAD_Pages/TaxInfo_Page/input_FederalEIN-2' is NOT visible
	at com.kms.katalon.core.webui.keyword.internal.WebUIKeywordMain.stepFailed(WebUIKeywordMain.groovy:64)
	at com.kms.katalon.core.webui.keyword.builtin.VerifyElementVisibleKeyword$_verifyElementVisible_closure1.doCall(VerifyElementVisibleKeyword.groovy:83)
	at com.kms.katalon.core.webui.keyword.builtin.VerifyElementVisibleKeyword$_verifyElementVisible_closure1.call(VerifyElementVisibleKeyword.groovy)
	at com.kms.katalon.core.webui.keyword.internal.WebUIKeywordMain.runKeyword(WebUIKeywordMain.groovy:20)
	at com.kms.katalon.core.webui.keyword.builtin.VerifyElementVisibleKeyword.verifyElementVisible(VerifyElementVisibleKeyword.groovy:97)
	at com.kms.katalon.core.webui.keyword.builtin.VerifyElementVisibleKeyword.execute(VerifyElementVisibleKeyword.groovy:67)
	at com.kms.katalon.core.keyword.internal.KeywordExecutor.executeKeywordForPlatform(KeywordExecutor.groovy:74)
	at com.kms.katalon.core.webui.keyword.WebUiBuiltInKeywords.verifyElementVisible(WebUiBuiltInKeywords.groovy:376)
	at com.kms.katalon.core.webui.keyword.WebUiBuiltInKeywords$verifyElementVisible$8.call(Unknown Source)
	at Estimated_PTETaxElectingSCorp_UI_TC.run(Estimated_PTETaxElectingSCorp_UI_TC:115)
	at com.kms.katalon.core.main.ScriptEngine.run(ScriptEngine.java:194)
	at com.kms.katalon.core.main.ScriptEngine.runScriptAsRawText(ScriptEngine.java:119)
	at com.kms.katalon.core.main.TestCaseExecutor.runScript(TestCaseExecutor.java:448)
	at com.kms.katalon.core.main.TestCaseExecutor.doExecute(TestCaseExecutor.java:439)
	at com.kms.katalon.core.main.TestCaseExecutor.processExecutionPhase(TestCaseExecutor.java:418)
	at com.kms.katalon.core.main.TestCaseExecutor.accessMainPhase(TestCaseExecutor.java:410)
	at com.kms.katalon.core.main.TestCaseExecutor.execute(TestCaseExecutor.java:285)
	at com.kms.katalon.core.common.CommonExecutor.accessTestCaseMainPhase(CommonExecutor.java:65)
	at com.kms.katalon.core.main.TestSuiteExecutor.accessTestSuiteMainPhase(TestSuiteExecutor.java:148)
	at com.kms.katalon.core.main.TestSuiteExecutor.execute(TestSuiteExecutor.java:106)
	at com.kms.katalon.core.main.TestCaseMain.startTestSuite(TestCaseMain.java:187)
	at com.kms.katalon.core.main.TestCaseMain$startTestSuite$0.call(Unknown Source)
	at TempTestSuite1695765482532.run(TempTestSuite1695765482532.groovy:36)
)
	at com.kms.katalon.core.keyword.internal.KeywordMain.stepFailed(KeywordMain.groovy:39)
	at com.kms.katalon.core.webui.keyword.internal.WebUIKeywordMain.stepFailed(WebUIKeywordMain.groovy:64)
	at com.kms.katalon.core.webui.keyword.builtin.VerifyElementVisibleKeyword$_verifyElementVisible_closure1.doCall(VerifyElementVisibleKeyword.groovy:83)
	at com.kms.katalon.core.webui.keyword.builtin.VerifyElementVisibleKeyword$_verifyElementVisible_closure1.call(VerifyElementVisibleKeyword.groovy)
	at com.kms.katalon.core.webui.keyword.internal.WebUIKeywordMain.runKeyword(WebUIKeywordMain.groovy:20)
	at com.kms.katalon.core.webui.keyword.builtin.VerifyElementVisibleKeyword.verifyElementVisible(VerifyElementVisibleKeyword.groovy:97)
	at com.kms.katalon.core.webui.keyword.builtin.VerifyElementVisibleKeyword.execute(VerifyElementVisibleKeyword.groovy:67)
	at com.kms.katalon.core.keyword.internal.KeywordExecutor.executeKeywordForPlatform(KeywordExecutor.groovy:74)
	at com.kms.katalon.core.webui.keyword.WebUiBuiltInKeywords.verifyElementVisible(WebUiBuiltInKeywords.groovy:376)
	at com.kms.katalon.core.webui.keyword.WebUiBuiltInKeywords$verifyElementVisible$8.call(Unknown Source)
	at Estimated_PTETaxElectingSCorp_UI_TC.run(Estimated_PTETaxElectingSCorp_UI_TC:115)
	at com.kms.katalon.core.main.ScriptEngine.run(ScriptEngine.java:194)
	at com.kms.katalon.core.main.ScriptEngine.runScriptAsRawText(ScriptEngine.java:119)
	at com.kms.katalon.core.main.TestCaseExecutor.runScript(TestCaseExecutor.java:448)
	at com.kms.katalon.core.main.TestCaseExecutor.doExecute(TestCaseExecutor.java:439)
	at com.kms.katalon.core.main.TestCaseExecutor.processExecutionPhase(TestCaseExecutor.java:418)
	at com.kms.katalon.core.main.TestCaseExecutor.accessMainPhase(TestCaseExecutor.java:410)
	at com.kms.katalon.core.main.TestCaseExecutor.execute(TestCaseExecutor.java:285)
	at com.kms.katalon.core.common.CommonExecutor.accessTestCaseMainPhase(CommonExecutor.java:65)
	at com.kms.katalon.core.main.TestSuiteExecutor.accessTestSuiteMainPhase(TestSuiteExecutor.java:148)
	at com.kms.katalon.core.main.TestSuiteExecutor.execute(TestSuiteExecutor.java:106)
	at com.kms.katalon.core.main.TestCaseMain.startTestSuite(TestCaseMain.java:187)
	at com.kms.katalon.core.main.TestCaseMain$startTestSuite$0.call(Unknown Source)
	at TempTestSuite1695765482532.run(TempTestSuite1695765482532.groovy:36)
Caused by: com.kms.katalon.core.exception.StepFailedException: Object 'Object Repository/RAD_Pages/TaxInfo_Page/input_FederalEIN-2' is NOT visible
	... 23 more


2023-09-26 18:00:45 - [TEST_STEP][PASSED] - openBrowser(""): Browser is opened with url: ''

2023-09-26 18:00:45 - [MESSAGE][WARNING] - A browser is already opened. Closing browser and opening a new one

2023-09-26 18:00:46 - [MESSAGE][INFO] - Starting 'Chrome' driver

2023-09-26 18:00:46 - [MESSAGE][INFO] - User set preference: ['acceptInsecureCerts', 'true']

2023-09-26 18:00:46 - [MESSAGE][INFO] - Action delay is set to 0 milliseconds

2023-09-26 18:00:48 - [MESSAGE][PASSED] - Browser is opened with url: ''

2023-09-26 18:00:48 - [TEST_STEP][PASSED] - maximizeWindow(): Current window maximized

2023-09-26 18:00:48 - [MESSAGE][PASSED] - Current window maximized

2023-09-26 18:00:48 - [TEST_STEP][PASSED] - navigateToUrl(RADurl): Navigate to 'https://qa2.velocitypayment.com/client/rad/index.html' successfully

2023-09-26 18:00:50 - [MESSAGE][PASSED] - Navigate to 'https://qa2.velocitypayment.com/client/rad/index.html' successfully

2023-09-26 18:00:50 - [TEST_STEP][PASSED] - orPath_Landing = "Object Repository/RAD_Pages/Landing_Page": null

2023-09-26 18:00:50 - [TEST_STEP][PASSED] - orPath_TaxTypeFilingYear = "Object Repository/RAD_Pages/TaxTypeFilingYear_Page": null

2023-09-26 18:00:50 - [TEST_STEP][PASSED] - orPath_TaxPayer = "Object Repository/RAD_Pages/Taxpayer_Page": null

2023-09-26 18:00:50 - [TEST_STEP][PASSED] - orPath_AddressContact = "Object Repository/RAD_Pages/AddressAndContactInfo_Page": null

2023-09-26 18:00:50 - [TEST_STEP][PASSED] - orPath_FilingStatus = "Object Repository/RAD_Pages/FilingStatus_Page": null

2023-09-26 18:00:50 - [TEST_STEP][PASSED] - orPath_Amount = "Object Repository/RAD_Pages/PaymentAmount_Page": null

2023-09-26 18:00:50 - [TEST_STEP][PASSED] - orPath_TaxInfo = "Object Repository/RAD_Pages/TaxInfo_Page": null

2023-09-26 18:00:50 - [TEST_STEP][PASSED] - verifyTextPresent("Payment Type/Filing Year", true): Text 'Payment Type/Filing Year' is present on page  using regular expression

2023-09-26 18:00:50 - [MESSAGE][PASSED] - Text 'Payment Type/Filing Year' is present on page  using regular expression

2023-09-26 18:00:50 - [TEST_STEP][PASSED] - selectOptionByLabel(findTestObject(orPath_Landing + "/dd_TaxType"), "Quarterly Estimated Tax", false): All options with label 'Quarterly Estimated Tax' are selected in object 'Object Repository/RAD_Pages/Landing_Page/dd_TaxType' 

2023-09-26 18:00:51 - [MESSAGE][PASSED] - All options with label 'Quarterly Estimated Tax' are selected in object 'Object Repository/RAD_Pages/Landing_Page/dd_TaxType' 

2023-09-26 18:00:51 - [TEST_STEP][PASSED] - selectOptionByLabel(findTestObject(orPath_TaxTypeFilingYear + "/select_PaymentType"), "PTE Tax Electing S Corp", false): All options with label 'PTE Tax Electing S Corp' are selected in object 'Object Repository/RAD_Pages/TaxTypeFilingYear_Page/select_PaymentType' 

2023-09-26 18:00:52 - [MESSAGE][PASSED] - All options with label 'PTE Tax Electing S Corp' are selected in object 'Object Repository/RAD_Pages/TaxTypeFilingYear_Page/select_PaymentType' 

2023-09-26 18:00:52 - [TEST_STEP][PASSED] - verifyElementPresent(findTestObject(orPath_TaxTypeFilingYear + "/select_FilingYear"), 30): Object 'Object Repository/RAD_Pages/TaxTypeFilingYear_Page/select_FilingYear' is present

2023-09-26 18:00:52 - [MESSAGE][PASSED] - Object 'Object Repository/RAD_Pages/TaxTypeFilingYear_Page/select_FilingYear' is present

2023-09-26 18:00:52 - [TEST_STEP][PASSED] - verifyElementVisible(findTestObject(orPath_TaxTypeFilingYear + "/select_FilingYear")): Object 'Object Repository/RAD_Pages/TaxTypeFilingYear_Page/select_FilingYear' is visible

2023-09-26 18:00:52 - [MESSAGE][PASSED] - Object 'Object Repository/RAD_Pages/TaxTypeFilingYear_Page/select_FilingYear' is visible

2023-09-26 18:00:52 - [TEST_STEP][PASSED] - totalOptionsFilingYear = getNumberOfTotalOption(findTestObject(orPath_TaxTypeFilingYear + "/select_FilingYear")): 1 options of object 'Object Repository/RAD_Pages/TaxTypeFilingYear_Page/select_FilingYear' counted

2023-09-26 18:00:53 - [MESSAGE][PASSED] - 1 options of object 'Object Repository/RAD_Pages/TaxTypeFilingYear_Page/select_FilingYear' counted

2023-09-26 18:00:53 - [TEST_STEP][PASSED] - verifyEqual(totalOptionsFilingYear, 1): Actual object '1' and expected object '1' are equal

2023-09-26 18:00:53 - [MESSAGE][PASSED] - Actual object '1' and expected object '1' are equal

2023-09-26 18:00:53 - [TEST_STEP][PASSED] - verifyOptionsPresent(findTestObject(orPath_TaxTypeFilingYear + "/select_FilingYear"), ["2023"]): Options [2023] present.

2023-09-26 18:00:54 - [MESSAGE][PASSED] - Options [2023] present.

2023-09-26 18:00:54 - [TEST_STEP][PASSED] - verifyElementPresent(findTestObject(orPath_TaxTypeFilingYear + "/select_PeriodEnding"), 30): Object 'Object Repository/RAD_Pages/TaxTypeFilingYear_Page/select_PeriodEnding' is present

2023-09-26 18:00:54 - [MESSAGE][PASSED] - Object 'Object Repository/RAD_Pages/TaxTypeFilingYear_Page/select_PeriodEnding' is present

2023-09-26 18:00:54 - [TEST_STEP][PASSED] - verifyElementVisible(findTestObject(orPath_TaxTypeFilingYear + "/select_PeriodEnding")): Object 'Object Repository/RAD_Pages/TaxTypeFilingYear_Page/select_PeriodEnding' is visible

2023-09-26 18:00:54 - [MESSAGE][PASSED] - Object 'Object Repository/RAD_Pages/TaxTypeFilingYear_Page/select_PeriodEnding' is visible

2023-09-26 18:00:54 - [TEST_STEP][PASSED] - totalOptionsPeriodEnding = getNumberOfTotalOption(findTestObject(orPath_TaxTypeFilingYear + "/select_PeriodEnding")): 13 options of object 'Object Repository/RAD_Pages/TaxTypeFilingYear_Page/select_PeriodEnding' counted

2023-09-26 18:00:55 - [MESSAGE][PASSED] - 13 options of object 'Object Repository/RAD_Pages/TaxTypeFilingYear_Page/select_PeriodEnding' counted

2023-09-26 18:00:55 - [TEST_STEP][PASSED] - verifyEqual(totalOptionsPeriodEnding, 13): Actual object '13' and expected object '13' are equal

2023-09-26 18:00:55 - [MESSAGE][PASSED] - Actual object '13' and expected object '13' are equal

2023-09-26 18:00:55 - [TEST_STEP][PASSED] - verifyOptionsPresent(findTestObject(orPath_TaxTypeFilingYear + "/select_PeriodEnding"), ["Month", "January", "February", "March", "April", "May", "June"]): Options [Month, January, February, March, April, May, June] present.

2023-09-26 18:00:56 - [MESSAGE][PASSED] - Options [Month, January, February, March, April, May, June] present.

2023-09-26 18:00:56 - [TEST_STEP][PASSED] - verifyOptionsPresent(findTestObject(orPath_TaxTypeFilingYear + "/select_PeriodEnding"), ["July", "August", "September", "October", "November", "December"]): Options [July, August, September, October, November, December] present.

2023-09-26 18:00:56 - [MESSAGE][PASSED] - Options [July, August, September, October, November, December] present.

2023-09-26 18:00:56 - [TEST_STEP][PASSED] - verifyTextPresent("Taxpayer", true): Text 'Taxpayer' is present on page  using regular expression

2023-09-26 18:00:57 - [MESSAGE][PASSED] - Text 'Taxpayer' is present on page  using regular expression

2023-09-26 18:00:57 - [TEST_STEP][PASSED] - verifyTextPresent("Provide the following taxpayer information", true): Text 'Provide the following taxpayer information' is present on page  using regular expression

2023-09-26 18:00:57 - [MESSAGE][PASSED] - Text 'Provide the following taxpayer information' is present on page  using regular expression

2023-09-26 18:00:57 - [TEST_STEP][PASSED] - verifyTextPresent("Note: If you are paying on behalf of the Taxpayer, enter Taxpayer", true): Text 'Note: If you are paying on behalf of the Taxpayer, enter Taxpayer' is present on page  using regular expression

2023-09-26 18:00:58 - [MESSAGE][PASSED] - Text 'Note: If you are paying on behalf of the Taxpayer, enter Taxpayer' is present on page  using regular expression

2023-09-26 18:00:58 - [TEST_STEP][PASSED] - verifyTextPresent("information here. If you are making a payment for the Taxpayer, you will be required later to enter your own credit card, billing address and other pertinent information", true): Text 'information here. If you are making a payment for the Taxpayer, you will be required later to enter your own credit card, billing address and other pertinent information' is present on page  using regular expression

2023-09-26 18:00:58 - [MESSAGE][PASSED] - Text 'information here. If you are making a payment for the Taxpayer, you will be required later to enter your own credit card, billing address and other pertinent information' is present on page  using regular expression

2023-09-26 18:00:58 - [TEST_STEP][PASSED] - verifyElementVisible(findTestObject(orPath_TaxPayer + "/input_Note_businessName")): Object 'Object Repository/RAD_Pages/Taxpayer_Page/input_Note_businessName' is visible

2023-09-26 18:00:58 - [MESSAGE][PASSED] - Object 'Object Repository/RAD_Pages/Taxpayer_Page/input_Note_businessName' is visible

2023-09-26 18:00:58 - [TEST_STEP][PASSED] - verifyElementVisible(findTestObject(orPath_TaxPayer + "/input_BusinessRepfirstName")): Object 'Object Repository/RAD_Pages/Taxpayer_Page/input_BusinessRepfirstName' is visible

2023-09-26 18:00:59 - [MESSAGE][PASSED] - Object 'Object Repository/RAD_Pages/Taxpayer_Page/input_BusinessRepfirstName' is visible

2023-09-26 18:00:59 - [TEST_STEP][PASSED] - verifyElementVisible(findTestObject(orPath_TaxPayer + "/input_BusinessRepmiddleName")): Object 'Object Repository/RAD_Pages/Taxpayer_Page/input_BusinessRepmiddleName' is visible

2023-09-26 18:00:59 - [MESSAGE][PASSED] - Object 'Object Repository/RAD_Pages/Taxpayer_Page/input_BusinessRepmiddleName' is visible

2023-09-26 18:00:59 - [TEST_STEP][PASSED] - verifyElementVisible(findTestObject(orPath_TaxPayer + "/input_BusinessReplastName")): Object 'Object Repository/RAD_Pages/Taxpayer_Page/input_BusinessReplastName' is visible

2023-09-26 18:00:59 - [MESSAGE][PASSED] - Object 'Object Repository/RAD_Pages/Taxpayer_Page/input_BusinessReplastName' is visible

2023-09-26 18:00:59 - [TEST_STEP][PASSED] - verifyElementVisible(findTestObject(orPath_TaxPayer + "/input_BusinessRepsuffix")): Object 'Object Repository/RAD_Pages/Taxpayer_Page/input_BusinessRepsuffix' is visible

2023-09-26 18:01:00 - [MESSAGE][PASSED] - Object 'Object Repository/RAD_Pages/Taxpayer_Page/input_BusinessRepsuffix' is visible

2023-09-26 18:01:00 - [TEST_STEP][PASSED] - verifyElementNotVisible(findTestObject(orPath_TaxPayer + "/input_firstName")): Object 'Object Repository/RAD_Pages/Taxpayer_Page/input_firstName' is NOT visible

2023-09-26 18:01:00 - [MESSAGE][PASSED] - Object 'Object Repository/RAD_Pages/Taxpayer_Page/input_firstName' is NOT visible

2023-09-26 18:01:00 - [TEST_STEP][PASSED] - verifyElementNotVisible(findTestObject(orPath_TaxPayer + "/input_middleName")): Object 'Object Repository/RAD_Pages/Taxpayer_Page/input_middleName' is NOT visible

2023-09-26 18:01:00 - [MESSAGE][PASSED] - Object 'Object Repository/RAD_Pages/Taxpayer_Page/input_middleName' is NOT visible

2023-09-26 18:01:00 - [TEST_STEP][PASSED] - verifyElementNotVisible(findTestObject(orPath_TaxPayer + "/input_lastName")): Object 'Object Repository/RAD_Pages/Taxpayer_Page/input_lastName' is NOT visible

2023-09-26 18:01:01 - [MESSAGE][PASSED] - Object 'Object Repository/RAD_Pages/Taxpayer_Page/input_lastName' is NOT visible

2023-09-26 18:01:01 - [TEST_STEP][PASSED] - verifyElementNotVisible(findTestObject(orPath_TaxPayer + "/input_suffix")): Object 'Object Repository/RAD_Pages/Taxpayer_Page/input_suffix' is NOT visible

2023-09-26 18:01:01 - [MESSAGE][PASSED] - Object 'Object Repository/RAD_Pages/Taxpayer_Page/input_suffix' is NOT visible

2023-09-26 18:01:01 - [TEST_STEP][PASSED] - verifyElementNotVisible(findTestObject("RAD_RecordAndPlay/input_concatSSN")): Object 'Object Repository/RAD_RecordAndPlay/input_concatSSN' is NOT visible

2023-09-26 18:01:01 - [MESSAGE][PASSED] - Object 'Object Repository/RAD_RecordAndPlay/input_concatSSN' is NOT visible

2023-09-26 18:01:01 - [TEST_STEP][PASSED] - verifyElementNotVisible(findTestObject("RAD_RecordAndPlay/input_concatReSSN")): Object 'Object Repository/RAD_RecordAndPlay/input_concatReSSN' is NOT visible

2023-09-26 18:01:02 - [MESSAGE][PASSED] - Object 'Object Repository/RAD_RecordAndPlay/input_concatReSSN' is NOT visible

2023-09-26 18:01:02 - [TEST_STEP][PASSED] - verifyTextPresent("Address and Contact Information", true): Text 'Address and Contact Information' is present on page  using regular expression

2023-09-26 18:01:03 - [MESSAGE][PASSED] - Text 'Address and Contact Information' is present on page  using regular expression

2023-09-26 18:01:03 - [TEST_STEP][PASSED] - verifyTextPresent("Enter the taxpayer", true): Text 'Enter the taxpayer' is present on page  using regular expression

2023-09-26 18:01:03 - [MESSAGE][PASSED] - Text 'Enter the taxpayer' is present on page  using regular expression

2023-09-26 18:01:03 - [TEST_STEP][PASSED] - verifyTextPresent("address and contact information", true): Text 'address and contact information' is present on page  using regular expression

2023-09-26 18:01:03 - [MESSAGE][PASSED] - Text 'address and contact information' is present on page  using regular expression

2023-09-26 18:01:03 - [TEST_STEP][PASSED] - verifyElementPresent(findTestObject(orPath_AddressContact + "/select_Country"), 30): Object 'Object Repository/RAD_Pages/AddressAndContactInfo_Page/select_Country' is present

2023-09-26 18:01:04 - [MESSAGE][PASSED] - Object 'Object Repository/RAD_Pages/AddressAndContactInfo_Page/select_Country' is present

2023-09-26 18:01:04 - [TEST_STEP][PASSED] - verifyElementPresent(findTestObject(orPath_AddressContact + "/input_streetAddress1"), 30): Object 'Object Repository/RAD_Pages/AddressAndContactInfo_Page/input_streetAddress1' is present

2023-09-26 18:01:04 - [MESSAGE][PASSED] - Object 'Object Repository/RAD_Pages/AddressAndContactInfo_Page/input_streetAddress1' is present

2023-09-26 18:01:04 - [TEST_STEP][PASSED] - verifyElementPresent(findTestObject(orPath_AddressContact + "/input_streetAddress2"), 30): Object 'Object Repository/RAD_Pages/AddressAndContactInfo_Page/input_streetAddress2' is present

2023-09-26 18:01:04 - [MESSAGE][PASSED] - Object 'Object Repository/RAD_Pages/AddressAndContactInfo_Page/input_streetAddress2' is present

2023-09-26 18:01:04 - [TEST_STEP][PASSED] - verifyElementPresent(findTestObject(orPath_AddressContact + "/input_city"), 30): Object 'Object Repository/RAD_Pages/AddressAndContactInfo_Page/input_city' is present

2023-09-26 18:01:05 - [MESSAGE][PASSED] - Object 'Object Repository/RAD_Pages/AddressAndContactInfo_Page/input_city' is present

2023-09-26 18:01:05 - [TEST_STEP][PASSED] - verifyElementPresent(findTestObject(orPath_AddressContact + "/select_State"), 30): Object 'Object Repository/RAD_Pages/AddressAndContactInfo_Page/select_State' is present

2023-09-26 18:01:05 - [MESSAGE][PASSED] - Object 'Object Repository/RAD_Pages/AddressAndContactInfo_Page/select_State' is present

2023-09-26 18:01:05 - [TEST_STEP][PASSED] - verifyElementPresent(findTestObject(orPath_AddressContact + "/input_zipCode"), 30): Object 'Object Repository/RAD_Pages/AddressAndContactInfo_Page/input_zipCode' is present

2023-09-26 18:01:05 - [MESSAGE][PASSED] - Object 'Object Repository/RAD_Pages/AddressAndContactInfo_Page/input_zipCode' is present

2023-09-26 18:01:05 - [TEST_STEP][PASSED] - verifyElementPresent(findTestObject(orPath_AddressContact + "/input_phoneNumber"), 30): Object 'Object Repository/RAD_Pages/AddressAndContactInfo_Page/input_phoneNumber' is present

2023-09-26 18:01:06 - [MESSAGE][PASSED] - Object 'Object Repository/RAD_Pages/AddressAndContactInfo_Page/input_phoneNumber' is present

2023-09-26 18:01:06 - [TEST_STEP][PASSED] - verifyElementPresent(findTestObject(orPath_AddressContact + "/input_eMailAddress"), 30): Object 'Object Repository/RAD_Pages/AddressAndContactInfo_Page/input_eMailAddress' is present

2023-09-26 18:01:06 - [MESSAGE][PASSED] - Object 'Object Repository/RAD_Pages/AddressAndContactInfo_Page/input_eMailAddress' is present

2023-09-26 18:01:06 - [TEST_STEP][PASSED] - verifyElementPresent(findTestObject(orPath_AddressContact + "/input_reEnterEMailAddress"), 30): Object 'Object Repository/RAD_Pages/AddressAndContactInfo_Page/input_reEnterEMailAddress' is present

2023-09-26 18:01:06 - [MESSAGE][PASSED] - Object 'Object Repository/RAD_Pages/AddressAndContactInfo_Page/input_reEnterEMailAddress' is present

2023-09-26 18:01:06 - [TEST_STEP][PASSED] - verifyOptionsPresent(findTestObject(orPath_AddressContact + "/select_Country"), ["United States"]): Options [United States] present.

2023-09-26 18:01:07 - [MESSAGE][PASSED] - Options [United States] present.

2023-09-26 18:01:07 - [TEST_STEP][PASSED] - verifyOptionsPresent(findTestObject(orPath_AddressContact + "/select_State"), ["Alabama", "District of Columbia", "Maryland", "Virginia", "Wyoming"]): Options [Alabama, District of Columbia, Maryland, Virginia, Wyoming] present.

2023-09-26 18:01:08 - [MESSAGE][PASSED] - Options [Alabama, District of Columbia, Maryland, Virginia, Wyoming] present.

2023-09-26 18:01:08 - [TEST_STEP][PASSED] - totalOptionsState = getNumberOfTotalOption(findTestObject(orPath_AddressContact + "/select_State")): 52 options of object 'Object Repository/RAD_Pages/AddressAndContactInfo_Page/select_State' counted

2023-09-26 18:01:08 - [MESSAGE][PASSED] - 52 options of object 'Object Repository/RAD_Pages/AddressAndContactInfo_Page/select_State' counted

2023-09-26 18:01:08 - [TEST_STEP][PASSED] - verifyEqual(totalOptionsState, 52): Actual object '52' and expected object '52' are equal

2023-09-26 18:01:08 - [MESSAGE][PASSED] - Actual object '52' and expected object '52' are equal

2023-09-26 18:01:08 - [TEST_STEP][PASSED] - verifyTextPresent("Tax Information", true): Text 'Tax Information' is present on page  using regular expression

2023-09-26 18:01:09 - [MESSAGE][PASSED] - Text 'Tax Information' is present on page  using regular expression

2023-09-26 18:01:09 - [TEST_STEP][FAILED] - verifyElementVisible(findTestObject(orPath_TaxInfo + "/input_FederalEIN-2")): Object 'Object Repository/RAD_Pages/TaxInfo_Page/input_FederalEIN-2' is NOT visible (Root cause: com.kms.katalon.core.exception.StepFailedException: Object 'Object Repository/RAD_Pages/TaxInfo_Page/input_FederalEIN-2' is NOT visible
	at com.kms.katalon.core.webui.keyword.internal.WebUIKeywordMain.stepFailed(WebUIKeywordMain.groovy:64)
	at com.kms.katalon.core.webui.keyword.builtin.VerifyElementVisibleKeyword$_verifyElementVisible_closure1.doCall(VerifyElementVisibleKeyword.groovy:83)
	at com.kms.katalon.core.webui.keyword.builtin.VerifyElementVisibleKeyword$_verifyElementVisible_closure1.call(VerifyElementVisibleKeyword.groovy)
	at com.kms.katalon.core.webui.keyword.internal.WebUIKeywordMain.runKeyword(WebUIKeywordMain.groovy:20)
	at com.kms.katalon.core.webui.keyword.builtin.VerifyElementVisibleKeyword.verifyElementVisible(VerifyElementVisibleKeyword.groovy:97)
	at com.kms.katalon.core.webui.keyword.builtin.VerifyElementVisibleKeyword.execute(VerifyElementVisibleKeyword.groovy:67)
	at com.kms.katalon.core.keyword.internal.KeywordExecutor.executeKeywordForPlatform(KeywordExecutor.groovy:74)
	at com.kms.katalon.core.webui.keyword.WebUiBuiltInKeywords.verifyElementVisible(WebUiBuiltInKeywords.groovy:376)
	at com.kms.katalon.core.webui.keyword.WebUiBuiltInKeywords$verifyElementVisible$8.call(Unknown Source)
	at Estimated_PTETaxElectingSCorp_UI_TC.run(Estimated_PTETaxElectingSCorp_UI_TC:115)
	at com.kms.katalon.core.main.ScriptEngine.run(ScriptEngine.java:194)
	at com.kms.katalon.core.main.ScriptEngine.runScriptAsRawText(ScriptEngine.java:119)
	at com.kms.katalon.core.main.TestCaseExecutor.runScript(TestCaseExecutor.java:448)
	at com.kms.katalon.core.main.TestCaseExecutor.doExecute(TestCaseExecutor.java:439)
	at com.kms.katalon.core.main.TestCaseExecutor.processExecutionPhase(TestCaseExecutor.java:418)
	at com.kms.katalon.core.main.TestCaseExecutor.accessMainPhase(TestCaseExecutor.java:410)
	at com.kms.katalon.core.main.TestCaseExecutor.execute(TestCaseExecutor.java:285)
	at com.kms.katalon.core.common.CommonExecutor.accessTestCaseMainPhase(CommonExecutor.java:65)
	at com.kms.katalon.core.main.TestSuiteExecutor.accessTestSuiteMainPhase(TestSuiteExecutor.java:148)
	at com.kms.katalon.core.main.TestSuiteExecutor.execute(TestSuiteExecutor.java:106)
	at com.kms.katalon.core.main.TestCaseMain.startTestSuite(TestCaseMain.java:187)
	at com.kms.katalon.core.main.TestCaseMain$startTestSuite$0.call(Unknown Source)
	at TempTestSuite1695765482532.run(TempTestSuite1695765482532.groovy:36)
)

2023-09-26 18:01:10 - [MESSAGE][FAILED] - Object 'Object Repository/RAD_Pages/TaxInfo_Page/input_FederalEIN-2' is NOT visible (Root cause: com.kms.katalon.core.exception.StepFailedException: Object 'Object Repository/RAD_Pages/TaxInfo_Page/input_FederalEIN-2' is NOT visible
	at com.kms.katalon.core.webui.keyword.internal.WebUIKeywordMain.stepFailed(WebUIKeywordMain.groovy:64)
	at com.kms.katalon.core.webui.keyword.builtin.VerifyElementVisibleKeyword$_verifyElementVisible_closure1.doCall(VerifyElementVisibleKeyword.groovy:83)
	at com.kms.katalon.core.webui.keyword.builtin.VerifyElementVisibleKeyword$_verifyElementVisible_closure1.call(VerifyElementVisibleKeyword.groovy)
	at com.kms.katalon.core.webui.keyword.internal.WebUIKeywordMain.runKeyword(WebUIKeywordMain.groovy:20)
	at com.kms.katalon.core.webui.keyword.builtin.VerifyElementVisibleKeyword.verifyElementVisible(VerifyElementVisibleKeyword.groovy:97)
	at com.kms.katalon.core.webui.keyword.builtin.VerifyElementVisibleKeyword.execute(VerifyElementVisibleKeyword.groovy:67)
	at com.kms.katalon.core.keyword.internal.KeywordExecutor.executeKeywordForPlatform(KeywordExecutor.groovy:74)
	at com.kms.katalon.core.webui.keyword.WebUiBuiltInKeywords.verifyElementVisible(WebUiBuiltInKeywords.groovy:376)
	at com.kms.katalon.core.webui.keyword.WebUiBuiltInKeywords$verifyElementVisible$8.call(Unknown Source)
	at Estimated_PTETaxElectingSCorp_UI_TC.run(Estimated_PTETaxElectingSCorp_UI_TC:115)
	at com.kms.katalon.core.main.ScriptEngine.run(ScriptEngine.java:194)
	at com.kms.katalon.core.main.ScriptEngine.runScriptAsRawText(ScriptEngine.java:119)
	at com.kms.katalon.core.main.TestCaseExecutor.runScript(TestCaseExecutor.java:448)
	at com.kms.katalon.core.main.TestCaseExecutor.doExecute(TestCaseExecutor.java:439)
	at com.kms.katalon.core.main.TestCaseExecutor.processExecutionPhase(TestCaseExecutor.java:418)
	at com.kms.katalon.core.main.TestCaseExecutor.accessMainPhase(TestCaseExecutor.java:410)
	at com.kms.katalon.core.main.TestCaseExecutor.execute(TestCaseExecutor.java:285)
	at com.kms.katalon.core.common.CommonExecutor.accessTestCaseMainPhase(CommonExecutor.java:65)
	at com.kms.katalon.core.main.TestSuiteExecutor.accessTestSuiteMainPhase(TestSuiteExecutor.java:148)
	at com.kms.katalon.core.main.TestSuiteExecutor.execute(TestSuiteExecutor.java:106)
	at com.kms.katalon.core.main.TestCaseMain.startTestSuite(TestCaseMain.java:187)
	at com.kms.katalon.core.main.TestCaseMain$startTestSuite$0.call(Unknown Source)
	at TempTestSuite1695765482532.run(TempTestSuite1695765482532.groovy:36)
)
[[ATTACHMENT|E:\\Cloned-Project-Katalon\\VPS-Katalon\\Reports\\20230926_175802\\RAD_TestSuite\\RAD_UI_TestSuite\\20230926_175802\\1695765669773.png]]

2023-09-26 18:01:10 - [TEST_STEP][FAILED] - verifyElementVisible(findTestObject(orPath_TaxInfo + "/input_FederalEIN_ReEnter-2")): Object 'Object Repository/RAD_Pages/TaxInfo_Page/input_FederalEIN_ReEnter-2' is NOT visible (Root cause: com.kms.katalon.core.exception.StepFailedException: Object 'Object Repository/RAD_Pages/TaxInfo_Page/input_FederalEIN_ReEnter-2' is NOT visible
	at com.kms.katalon.core.webui.keyword.internal.WebUIKeywordMain.stepFailed(WebUIKeywordMain.groovy:64)
	at com.kms.katalon.core.webui.keyword.builtin.VerifyElementVisibleKeyword$_verifyElementVisible_closure1.doCall(VerifyElementVisibleKeyword.groovy:83)
	at com.kms.katalon.core.webui.keyword.builtin.VerifyElementVisibleKeyword$_verifyElementVisible_closure1.call(VerifyElementVisibleKeyword.groovy)
	at com.kms.katalon.core.webui.keyword.internal.WebUIKeywordMain.runKeyword(WebUIKeywordMain.groovy:20)
	at com.kms.katalon.core.webui.keyword.builtin.VerifyElementVisibleKeyword.verifyElementVisible(VerifyElementVisibleKeyword.groovy:97)
	at com.kms.katalon.core.webui.keyword.builtin.VerifyElementVisibleKeyword.execute(VerifyElementVisibleKeyword.groovy:67)
	at com.kms.katalon.core.keyword.internal.KeywordExecutor.executeKeywordForPlatform(KeywordExecutor.groovy:74)
	at com.kms.katalon.core.webui.keyword.WebUiBuiltInKeywords.verifyElementVisible(WebUiBuiltInKeywords.groovy:376)
	at com.kms.katalon.core.webui.keyword.WebUiBuiltInKeywords$verifyElementVisible$8.call(Unknown Source)
	at Estimated_PTETaxElectingSCorp_UI_TC.run(Estimated_PTETaxElectingSCorp_UI_TC:116)
	at com.kms.katalon.core.main.ScriptEngine.run(ScriptEngine.java:194)
	at com.kms.katalon.core.main.ScriptEngine.runScriptAsRawText(ScriptEngine.java:119)
	at com.kms.katalon.core.main.TestCaseExecutor.runScript(TestCaseExecutor.java:448)
	at com.kms.katalon.core.main.TestCaseExecutor.doExecute(TestCaseExecutor.java:439)
	at com.kms.katalon.core.main.TestCaseExecutor.processExecutionPhase(TestCaseExecutor.java:418)
	at com.kms.katalon.core.main.TestCaseExecutor.accessMainPhase(TestCaseExecutor.java:410)
	at com.kms.katalon.core.main.TestCaseExecutor.execute(TestCaseExecutor.java:285)
	at com.kms.katalon.core.common.CommonExecutor.accessTestCaseMainPhase(CommonExecutor.java:65)
	at com.kms.katalon.core.main.TestSuiteExecutor.accessTestSuiteMainPhase(TestSuiteExecutor.java:148)
	at com.kms.katalon.core.main.TestSuiteExecutor.execute(TestSuiteExecutor.java:106)
	at com.kms.katalon.core.main.TestCaseMain.startTestSuite(TestCaseMain.java:187)
	at com.kms.katalon.core.main.TestCaseMain$startTestSuite$0.call(Unknown Source)
	at TempTestSuite1695765482532.run(TempTestSuite1695765482532.groovy:36)
)

2023-09-26 18:01:10 - [MESSAGE][FAILED] - Object 'Object Repository/RAD_Pages/TaxInfo_Page/input_FederalEIN_ReEnter-2' is NOT visible (Root cause: com.kms.katalon.core.exception.StepFailedException: Object 'Object Repository/RAD_Pages/TaxInfo_Page/input_FederalEIN_ReEnter-2' is NOT visible
	at com.kms.katalon.core.webui.keyword.internal.WebUIKeywordMain.stepFailed(WebUIKeywordMain.groovy:64)
	at com.kms.katalon.core.webui.keyword.builtin.VerifyElementVisibleKeyword$_verifyElementVisible_closure1.doCall(VerifyElementVisibleKeyword.groovy:83)
	at com.kms.katalon.core.webui.keyword.builtin.VerifyElementVisibleKeyword$_verifyElementVisible_closure1.call(VerifyElementVisibleKeyword.groovy)
	at com.kms.katalon.core.webui.keyword.internal.WebUIKeywordMain.runKeyword(WebUIKeywordMain.groovy:20)
	at com.kms.katalon.core.webui.keyword.builtin.VerifyElementVisibleKeyword.verifyElementVisible(VerifyElementVisibleKeyword.groovy:97)
	at com.kms.katalon.core.webui.keyword.builtin.VerifyElementVisibleKeyword.execute(VerifyElementVisibleKeyword.groovy:67)
	at com.kms.katalon.core.keyword.internal.KeywordExecutor.executeKeywordForPlatform(KeywordExecutor.groovy:74)
	at com.kms.katalon.core.webui.keyword.WebUiBuiltInKeywords.verifyElementVisible(WebUiBuiltInKeywords.groovy:376)
	at com.kms.katalon.core.webui.keyword.WebUiBuiltInKeywords$verifyElementVisible$8.call(Unknown Source)
	at Estimated_PTETaxElectingSCorp_UI_TC.run(Estimated_PTETaxElectingSCorp_UI_TC:116)
	at com.kms.katalon.core.main.ScriptEngine.run(ScriptEngine.java:194)
	at com.kms.katalon.core.main.ScriptEngine.runScriptAsRawText(ScriptEngine.java:119)
	at com.kms.katalon.core.main.TestCaseExecutor.runScript(TestCaseExecutor.java:448)
	at com.kms.katalon.core.main.TestCaseExecutor.doExecute(TestCaseExecutor.java:439)
	at com.kms.katalon.core.main.TestCaseExecutor.processExecutionPhase(TestCaseExecutor.java:418)
	at com.kms.katalon.core.main.TestCaseExecutor.accessMainPhase(TestCaseExecutor.java:410)
	at com.kms.katalon.core.main.TestCaseExecutor.execute(TestCaseExecutor.java:285)
	at com.kms.katalon.core.common.CommonExecutor.accessTestCaseMainPhase(CommonExecutor.java:65)
	at com.kms.katalon.core.main.TestSuiteExecutor.accessTestSuiteMainPhase(TestSuiteExecutor.java:148)
	at com.kms.katalon.core.main.TestSuiteExecutor.execute(TestSuiteExecutor.java:106)
	at com.kms.katalon.core.main.TestCaseMain.startTestSuite(TestCaseMain.java:187)
	at com.kms.katalon.core.main.TestCaseMain$startTestSuite$0.call(Unknown Source)
	at TempTestSuite1695765482532.run(TempTestSuite1695765482532.groovy:36)
)
[[ATTACHMENT|E:\\Cloned-Project-Katalon\\VPS-Katalon\\Reports\\20230926_175802\\RAD_TestSuite\\RAD_UI_TestSuite\\20230926_175802\\1695765670452.png]]

2023-09-26 18:01:10 - [TEST_STEP][PASSED] - verifyElementNotVisible(findTestObject(orPath_FilingStatus + "/input_userType_Individual")): Object 'Object Repository/RAD_Pages/FilingStatus_Page/input_userType_Individual' is NOT visible

2023-09-26 18:01:10 - [MESSAGE][PASSED] - Object 'Object Repository/RAD_Pages/FilingStatus_Page/input_userType_Individual' is NOT visible

2023-09-26 18:01:10 - [TEST_STEP][PASSED] - verifyElementNotVisible(findTestObject(orPath_FilingStatus + "/input_userType_Joint")): Object 'Object Repository/RAD_Pages/FilingStatus_Page/input_userType_Joint' is NOT visible

2023-09-26 18:01:11 - [MESSAGE][PASSED] - Object 'Object Repository/RAD_Pages/FilingStatus_Page/input_userType_Joint' is NOT visible

2023-09-26 18:01:11 - [TEST_STEP][PASSED] - verifyElementNotVisible(findTestObject(orPath_TaxInfo + "/input_NoticeInvoiceNumber")): Object 'Object Repository/RAD_Pages/TaxInfo_Page/input_NoticeInvoiceNumber' is NOT visible

2023-09-26 18:01:11 - [MESSAGE][PASSED] - Object 'Object Repository/RAD_Pages/TaxInfo_Page/input_NoticeInvoiceNumber' is NOT visible

2023-09-26 18:01:11 - [TEST_STEP][PASSED] - verifyElementNotVisible(findTestObject(orPath_TaxInfo + "/input_reTypeNoticeInvoiceNumber")): Object 'Object Repository/RAD_Pages/TaxInfo_Page/input_reTypeNoticeInvoiceNumber' is NOT visible

2023-09-26 18:01:12 - [MESSAGE][PASSED] - Object 'Object Repository/RAD_Pages/TaxInfo_Page/input_reTypeNoticeInvoiceNumber' is NOT visible

2023-09-26 18:01:12 - [TEST_STEP][PASSED] - verifyElementNotVisible(findTestObject(orPath_TaxInfo + "/input_MDCRegistrationEL")): Object 'Object Repository/RAD_Pages/TaxInfo_Page/input_MDCRegistrationEL' is NOT visible

2023-09-26 18:01:12 - [MESSAGE][PASSED] - Object 'Object Repository/RAD_Pages/TaxInfo_Page/input_MDCRegistrationEL' is NOT visible

2023-09-26 18:01:12 - [TEST_STEP][PASSED] - verifyTextPresent("Payment Amount", true): Text 'Payment Amount' is present on page  using regular expression

2023-09-26 18:01:12 - [MESSAGE][PASSED] - Text 'Payment Amount' is present on page  using regular expression

2023-09-26 18:01:12 - [TEST_STEP][PASSED] - verifyElementPresent(findTestObject(orPath_Amount + "/input__paymentAmount"), 30): Object 'Object Repository/RAD_Pages/PaymentAmount_Page/input__paymentAmount' is present

2023-09-26 18:01:13 - [MESSAGE][PASSED] - Object 'Object Repository/RAD_Pages/PaymentAmount_Page/input__paymentAmount' is present

2023-09-26 18:01:13 - [TEST_STEP][PASSED] - verifyElementVisible(findTestObject(orPath_Amount + "/input__paymentAmount")): Object 'Object Repository/RAD_Pages/PaymentAmount_Page/input__paymentAmount' is visible

2023-09-26 18:01:13 - [MESSAGE][PASSED] - Object 'Object Repository/RAD_Pages/PaymentAmount_Page/input__paymentAmount' is visible

2023-09-26 18:01:13 - [TEST_STEP][PASSED] - verifyTextPresent("Service Fee: This electronic government service includes a service/convenience fee. Click here for details", true): Text 'Service Fee: This electronic government service includes a service/convenience fee. Click here for details' is present on page  using regular expression

2023-09-26 18:01:13 - [MESSAGE][PASSED] - Text 'Service Fee: This electronic government service includes a service/convenience fee. Click here for details' is present on page  using regular expression

2023-09-26 18:01:13 - [TEST_STEP][PASSED] - verifyElementPresent(findTestObject(orPath_Amount + "/a_Click here for details"), 30): Object 'Object Repository/RAD_Pages/PaymentAmount_Page/a_Click here for details' is present

2023-09-26 18:01:14 - [MESSAGE][PASSED] - Object 'Object Repository/RAD_Pages/PaymentAmount_Page/a_Click here for details' is present

2023-09-26 18:01:14 - [TEST_STEP][PASSED] - verifyElementPresent(findTestObject(orPath_Landing + "/button_Continue"), 30): Object 'Object Repository/RAD_Pages/Landing_Page/button_Continue' is present

2023-09-26 18:01:14 - [MESSAGE][PASSED] - Object 'Object Repository/RAD_Pages/Landing_Page/button_Continue' is present]]></system-out>
         <system-err><![CDATA[2023-09-26 18:00:45 - [TEST_CASE][FAILED] - Test Cases/RAD_TestCases/UI_TestCases/Estimated/Estimated_PTETaxElectingSCorp_UI_TC: Test Cases/RAD_TestCases/UI_TestCases/Estimated/Estimated_PTETaxElectingSCorp_UI_TC FAILED.
Reason:
com.kms.katalon.core.exception.StepFailedException: Object 'Object Repository/RAD_Pages/TaxInfo_Page/input_FederalEIN-2' is NOT visible (Root cause: com.kms.katalon.core.exception.StepFailedException: Object 'Object Repository/RAD_Pages/TaxInfo_Page/input_FederalEIN-2' is NOT visible
	at com.kms.katalon.core.webui.keyword.internal.WebUIKeywordMain.stepFailed(WebUIKeywordMain.groovy:64)
	at com.kms.katalon.core.webui.keyword.builtin.VerifyElementVisibleKeyword$_verifyElementVisible_closure1.doCall(VerifyElementVisibleKeyword.groovy:83)
	at com.kms.katalon.core.webui.keyword.builtin.VerifyElementVisibleKeyword$_verifyElementVisible_closure1.call(VerifyElementVisibleKeyword.groovy)
	at com.kms.katalon.core.webui.keyword.internal.WebUIKeywordMain.runKeyword(WebUIKeywordMain.groovy:20)
	at com.kms.katalon.core.webui.keyword.builtin.VerifyElementVisibleKeyword.verifyElementVisible(VerifyElementVisibleKeyword.groovy:97)
	at com.kms.katalon.core.webui.keyword.builtin.VerifyElementVisibleKeyword.execute(VerifyElementVisibleKeyword.groovy:67)
	at com.kms.katalon.core.keyword.internal.KeywordExecutor.executeKeywordForPlatform(KeywordExecutor.groovy:74)
	at com.kms.katalon.core.webui.keyword.WebUiBuiltInKeywords.verifyElementVisible(WebUiBuiltInKeywords.groovy:376)
	at com.kms.katalon.core.webui.keyword.WebUiBuiltInKeywords$verifyElementVisible$8.call(Unknown Source)
	at Estimated_PTETaxElectingSCorp_UI_TC.run(Estimated_PTETaxElectingSCorp_UI_TC:115)
	at com.kms.katalon.core.main.ScriptEngine.run(ScriptEngine.java:194)
	at com.kms.katalon.core.main.ScriptEngine.runScriptAsRawText(ScriptEngine.java:119)
	at com.kms.katalon.core.main.TestCaseExecutor.runScript(TestCaseExecutor.java:448)
	at com.kms.katalon.core.main.TestCaseExecutor.doExecute(TestCaseExecutor.java:439)
	at com.kms.katalon.core.main.TestCaseExecutor.processExecutionPhase(TestCaseExecutor.java:418)
	at com.kms.katalon.core.main.TestCaseExecutor.accessMainPhase(TestCaseExecutor.java:410)
	at com.kms.katalon.core.main.TestCaseExecutor.execute(TestCaseExecutor.java:285)
	at com.kms.katalon.core.common.CommonExecutor.accessTestCaseMainPhase(CommonExecutor.java:65)
	at com.kms.katalon.core.main.TestSuiteExecutor.accessTestSuiteMainPhase(TestSuiteExecutor.java:148)
	at com.kms.katalon.core.main.TestSuiteExecutor.execute(TestSuiteExecutor.java:106)
	at com.kms.katalon.core.main.TestCaseMain.startTestSuite(TestCaseMain.java:187)
	at com.kms.katalon.core.main.TestCaseMain$startTestSuite$0.call(Unknown Source)
	at TempTestSuite1695765482532.run(TempTestSuite1695765482532.groovy:36)
)
	at com.kms.katalon.core.keyword.internal.KeywordMain.stepFailed(KeywordMain.groovy:39)
	at com.kms.katalon.core.webui.keyword.internal.WebUIKeywordMain.stepFailed(WebUIKeywordMain.groovy:64)
	at com.kms.katalon.core.webui.keyword.builtin.VerifyElementVisibleKeyword$_verifyElementVisible_closure1.doCall(VerifyElementVisibleKeyword.groovy:83)
	at com.kms.katalon.core.webui.keyword.builtin.VerifyElementVisibleKeyword$_verifyElementVisible_closure1.call(VerifyElementVisibleKeyword.groovy)
	at com.kms.katalon.core.webui.keyword.internal.WebUIKeywordMain.runKeyword(WebUIKeywordMain.groovy:20)
	at com.kms.katalon.core.webui.keyword.builtin.VerifyElementVisibleKeyword.verifyElementVisible(VerifyElementVisibleKeyword.groovy:97)
	at com.kms.katalon.core.webui.keyword.builtin.VerifyElementVisibleKeyword.execute(VerifyElementVisibleKeyword.groovy:67)
	at com.kms.katalon.core.keyword.internal.KeywordExecutor.executeKeywordForPlatform(KeywordExecutor.groovy:74)
	at com.kms.katalon.core.webui.keyword.WebUiBuiltInKeywords.verifyElementVisible(WebUiBuiltInKeywords.groovy:376)
	at com.kms.katalon.core.webui.keyword.WebUiBuiltInKeywords$verifyElementVisible$8.call(Unknown Source)
	at Estimated_PTETaxElectingSCorp_UI_TC.run(Estimated_PTETaxElectingSCorp_UI_TC:115)
	at com.kms.katalon.core.main.ScriptEngine.run(ScriptEngine.java:194)
	at com.kms.katalon.core.main.ScriptEngine.runScriptAsRawText(ScriptEngine.java:119)
	at com.kms.katalon.core.main.TestCaseExecutor.runScript(TestCaseExecutor.java:448)
	at com.kms.katalon.core.main.TestCaseExecutor.doExecute(TestCaseExecutor.java:439)
	at com.kms.katalon.core.main.TestCaseExecutor.processExecutionPhase(TestCaseExecutor.java:418)
	at com.kms.katalon.core.main.TestCaseExecutor.accessMainPhase(TestCaseExecutor.java:410)
	at com.kms.katalon.core.main.TestCaseExecutor.execute(TestCaseExecutor.java:285)
	at com.kms.katalon.core.common.CommonExecutor.accessTestCaseMainPhase(CommonExecutor.java:65)
	at com.kms.katalon.core.main.TestSuiteExecutor.accessTestSuiteMainPhase(TestSuiteExecutor.java:148)
	at com.kms.katalon.core.main.TestSuiteExecutor.execute(TestSuiteExecutor.java:106)
	at com.kms.katalon.core.main.TestCaseMain.startTestSuite(TestCaseMain.java:187)
	at com.kms.katalon.core.main.TestCaseMain$startTestSuite$0.call(Unknown Source)
	at TempTestSuite1695765482532.run(TempTestSuite1695765482532.groovy:36)
Caused by: com.kms.katalon.core.exception.StepFailedException: Object 'Object Repository/RAD_Pages/TaxInfo_Page/input_FederalEIN-2' is NOT visible
	... 23 more]]></system-err>
      </testcase>
      <testcase name="Test Cases/RAD_TestCases/UI_TestCases/Existing/ExistingLiability_UI_TC" time="21.519" classname="Test Cases/RAD_TestCases/UI_TestCases/Existing/ExistingLiability_UI_TC" status="PASSED">
         <system-out><![CDATA[2023-09-26 18:01:14 - [TEST_CASE][PASSED] - Test Cases/RAD_TestCases/UI_TestCases/Existing/ExistingLiability_UI_TC: Test Cases/RAD_TestCases/UI_TestCases/Existing/ExistingLiability_UI_TC

2023-09-26 18:01:14 - [TEST_STEP][PASSED] - openBrowser(""): Browser is opened with url: ''

2023-09-26 18:01:14 - [MESSAGE][WARNING] - A browser is already opened. Closing browser and opening a new one

2023-09-26 18:01:15 - [MESSAGE][INFO] - Starting 'Chrome' driver

2023-09-26 18:01:15 - [MESSAGE][INFO] - User set preference: ['acceptInsecureCerts', 'true']

2023-09-26 18:01:15 - [MESSAGE][INFO] - Action delay is set to 0 milliseconds

2023-09-26 18:01:17 - [MESSAGE][PASSED] - Browser is opened with url: ''

2023-09-26 18:01:17 - [TEST_STEP][PASSED] - maximizeWindow(): Current window maximized

2023-09-26 18:01:17 - [MESSAGE][PASSED] - Current window maximized

2023-09-26 18:01:17 - [TEST_STEP][PASSED] - navigateToUrl(RADurl): Navigate to 'https://qa2.velocitypayment.com/client/rad/index.html' successfully

2023-09-26 18:01:18 - [MESSAGE][PASSED] - Navigate to 'https://qa2.velocitypayment.com/client/rad/index.html' successfully

2023-09-26 18:01:18 - [TEST_STEP][PASSED] - orPath_Landing = "Object Repository/RAD_Pages/Landing_Page": null

2023-09-26 18:01:18 - [TEST_STEP][PASSED] - orPath_TaxTypeFilingYear = "Object Repository/RAD_Pages/TaxTypeFilingYear_Page": null

2023-09-26 18:01:18 - [TEST_STEP][PASSED] - orPath_TaxPayer = "Object Repository/RAD_Pages/Taxpayer_Page": null

2023-09-26 18:01:18 - [TEST_STEP][PASSED] - orPath_AddressContact = "Object Repository/RAD_Pages/AddressAndContactInfo_Page": null

2023-09-26 18:01:18 - [TEST_STEP][PASSED] - orPath_TaxInfo = "Object Repository/RAD_Pages/TaxInfo_Page": null

2023-09-26 18:01:18 - [TEST_STEP][PASSED] - orPath_Withholding = "Object Repository/RAD_Pages/Withholding_Page": null

2023-09-26 18:01:18 - [TEST_STEP][PASSED] - orPath_FilingStatus = "Object Repository/RAD_Pages/FilingStatus_Page": null

2023-09-26 18:01:18 - [TEST_STEP][PASSED] - orPath_Amount = "Object Repository/RAD_Pages/PaymentAmount_Page": null

2023-09-26 18:01:18 - [TEST_STEP][PASSED] - orPath_SalesTaxReturnInfo = "Object Repository/RAD_Pages/SalesTaxReturnInfo_Page": null

2023-09-26 18:01:18 - [TEST_STEP][PASSED] - selectOptionByLabel(findTestObject(orPath_Landing + "/dd_TaxType"), "Existing Liability w/Notice Number", false): All options with label 'Existing Liability w/Notice Number' are selected in object 'Object Repository/RAD_Pages/Landing_Page/dd_TaxType' 

2023-09-26 18:01:19 - [MESSAGE][PASSED] - All options with label 'Existing Liability w/Notice Number' are selected in object 'Object Repository/RAD_Pages/Landing_Page/dd_TaxType' 

2023-09-26 18:01:19 - [TEST_STEP][PASSED] - verifyElementPresent(findTestObject(orPath_TaxTypeFilingYear + "/select_TaxType_ExistingLiability"), 30): Object 'Object Repository/RAD_Pages/TaxTypeFilingYear_Page/select_TaxType_ExistingLiability' is present

2023-09-26 18:01:19 - [MESSAGE][PASSED] - Object 'Object Repository/RAD_Pages/TaxTypeFilingYear_Page/select_TaxType_ExistingLiability' is present

2023-09-26 18:01:19 - [TEST_STEP][PASSED] - totalOptionsExistingLiability = getNumberOfTotalOption(findTestObject(orPath_TaxTypeFilingYear + "/select_TaxType_ExistingLiability")): 13 options of object 'Object Repository/RAD_Pages/TaxTypeFilingYear_Page/select_TaxType_ExistingLiability' counted

2023-09-26 18:01:20 - [MESSAGE][PASSED] - 13 options of object 'Object Repository/RAD_Pages/TaxTypeFilingYear_Page/select_TaxType_ExistingLiability' counted

2023-09-26 18:01:20 - [TEST_STEP][PASSED] - verifyEqual(totalOptionsExistingLiability, 13): Actual object '13' and expected object '13' are equal

2023-09-26 18:01:20 - [MESSAGE][PASSED] - Actual object '13' and expected object '13' are equal

2023-09-26 18:01:20 - [TEST_STEP][PASSED] - verifyOptionsPresent(findTestObject(orPath_TaxTypeFilingYear + "/select_TaxType_ExistingLiability"), ["Bay Restoration Fee", "Corporate Income Tax", "Fiduciary Tax"]): Options [Bay Restoration Fee, Corporate Income Tax, Fiduciary Tax] present.

2023-09-26 18:01:21 - [MESSAGE][PASSED] - Options [Bay Restoration Fee, Corporate Income Tax, Fiduciary Tax] present.

2023-09-26 18:01:21 - [TEST_STEP][PASSED] - verifyOptionsPresent(findTestObject(orPath_TaxTypeFilingYear + "/select_TaxType_ExistingLiability"), ["Personal Income Tax", "PTE Non-Electing Non-S Corp", "PTE Non-Electing S Corp"]): Options [Personal Income Tax, PTE Non-Electing Non-S Corp, PTE Non-Electing S Corp] present.

2023-09-26 18:01:21 - [MESSAGE][PASSED] - Options [Personal Income Tax, PTE Non-Electing Non-S Corp, PTE Non-Electing S Corp] present.

2023-09-26 18:01:21 - [TEST_STEP][PASSED] - verifyOptionsPresent(findTestObject(orPath_TaxTypeFilingYear + "/select_TaxType_ExistingLiability"), ["PTE Tax Electing Non-S Corp", "PTE Tax Electing S Corp", "Sales & Use Tax"]): Options [PTE Tax Electing Non-S Corp, PTE Tax Electing S Corp, Sales & Use Tax] present.

2023-09-26 18:01:22 - [MESSAGE][PASSED] - Options [PTE Tax Electing Non-S Corp, PTE Tax Electing S Corp, Sales & Use Tax] present.

2023-09-26 18:01:22 - [TEST_STEP][PASSED] - verifyOptionsPresent(findTestObject(orPath_TaxTypeFilingYear + "/select_TaxType_ExistingLiability"), ["Withholding Tax", "Alcohol Tax", "Tire Recycling Fee"]): Options [Withholding Tax, Alcohol Tax, Tire Recycling Fee] present.

2023-09-26 18:01:23 - [MESSAGE][PASSED] - Options [Withholding Tax, Alcohol Tax, Tire Recycling Fee] present.

2023-09-26 18:01:23 - [TEST_STEP][PASSED] - verifyTextPresent("Payment Type/Filing Year", true): Text 'Payment Type/Filing Year' is present on page  using regular expression

2023-09-26 18:01:23 - [MESSAGE][PASSED] - Text 'Payment Type/Filing Year' is present on page  using regular expression

2023-09-26 18:01:23 - [TEST_STEP][PASSED] - verifyTextPresent("Taxpayer", true): Text 'Taxpayer' is present on page  using regular expression

2023-09-26 18:01:24 - [MESSAGE][PASSED] - Text 'Taxpayer' is present on page  using regular expression

2023-09-26 18:01:24 - [TEST_STEP][PASSED] - verifyTextPresent("Provide the following taxpayer information", true): Text 'Provide the following taxpayer information' is present on page  using regular expression

2023-09-26 18:01:24 - [MESSAGE][PASSED] - Text 'Provide the following taxpayer information' is present on page  using regular expression

2023-09-26 18:01:24 - [TEST_STEP][PASSED] - verifyTextPresent("Note: If you are paying on behalf of the Taxpayer, enter Taxpayer", true): Text 'Note: If you are paying on behalf of the Taxpayer, enter Taxpayer' is present on page  using regular expression

2023-09-26 18:01:25 - [MESSAGE][PASSED] - Text 'Note: If you are paying on behalf of the Taxpayer, enter Taxpayer' is present on page  using regular expression

2023-09-26 18:01:25 - [TEST_STEP][PASSED] - verifyTextPresent("information here. If you are making a payment for the Taxpayer, you will be required later to enter your own credit card, billing address and other pertinent information", true): Text 'information here. If you are making a payment for the Taxpayer, you will be required later to enter your own credit card, billing address and other pertinent information' is present on page  using regular expression

2023-09-26 18:01:25 - [MESSAGE][PASSED] - Text 'information here. If you are making a payment for the Taxpayer, you will be required later to enter your own credit card, billing address and other pertinent information' is present on page  using regular expression

2023-09-26 18:01:25 - [TEST_STEP][PASSED] - verifyTextPresent("Address and Contact Information", true): Text 'Address and Contact Information' is present on page  using regular expression

2023-09-26 18:01:25 - [MESSAGE][PASSED] - Text 'Address and Contact Information' is present on page  using regular expression

2023-09-26 18:01:25 - [TEST_STEP][PASSED] - verifyTextPresent("Enter the taxpayer", true): Text 'Enter the taxpayer' is present on page  using regular expression

2023-09-26 18:01:26 - [MESSAGE][PASSED] - Text 'Enter the taxpayer' is present on page  using regular expression

2023-09-26 18:01:26 - [TEST_STEP][PASSED] - verifyTextPresent("address and contact information", true): Text 'address and contact information' is present on page  using regular expression

2023-09-26 18:01:26 - [MESSAGE][PASSED] - Text 'address and contact information' is present on page  using regular expression

2023-09-26 18:01:26 - [TEST_STEP][PASSED] - verifyTextPresent("Tax Information", true): Text 'Tax Information' is present on page  using regular expression

2023-09-26 18:01:27 - [MESSAGE][PASSED] - Text 'Tax Information' is present on page  using regular expression

2023-09-26 18:01:27 - [TEST_STEP][PASSED] - verifyTextPresent("Payment Amount", true): Text 'Payment Amount' is present on page  using regular expression

2023-09-26 18:01:27 - [MESSAGE][PASSED] - Text 'Payment Amount' is present on page  using regular expression

2023-09-26 18:01:27 - [TEST_STEP][PASSED] - verifyTextPresent("Service Fee: This electronic government service includes a service/convenience fee. Click here for details", true): Text 'Service Fee: This electronic government service includes a service/convenience fee. Click here for details' is present on page  using regular expression

2023-09-26 18:01:27 - [MESSAGE][PASSED] - Text 'Service Fee: This electronic government service includes a service/convenience fee. Click here for details' is present on page  using regular expression

2023-09-26 18:01:27 - [TEST_STEP][PASSED] - verifyElementPresent(findTestObject(orPath_Amount + "/a_Click here for details"), 30): Object 'Object Repository/RAD_Pages/PaymentAmount_Page/a_Click here for details' is present

2023-09-26 18:01:28 - [MESSAGE][PASSED] - Object 'Object Repository/RAD_Pages/PaymentAmount_Page/a_Click here for details' is present

2023-09-26 18:01:28 - [TEST_STEP][PASSED] - verifyElementPresent(findTestObject(orPath_Landing + "/button_Continue"), 30): Object 'Object Repository/RAD_Pages/Landing_Page/button_Continue' is present

2023-09-26 18:01:28 - [MESSAGE][PASSED] - Object 'Object Repository/RAD_Pages/Landing_Page/button_Continue' is present

2023-09-26 18:01:28 - [TEST_STEP][PASSED] - verifyElementPresent(findTestObject(orPath_TaxPayer + "/input_firstName"), 30): Object 'Object Repository/RAD_Pages/Taxpayer_Page/input_firstName' is present

2023-09-26 18:01:28 - [MESSAGE][PASSED] - Object 'Object Repository/RAD_Pages/Taxpayer_Page/input_firstName' is present

2023-09-26 18:01:28 - [TEST_STEP][PASSED] - verifyElementPresent(findTestObject(orPath_TaxPayer + "/input_middleName"), 30): Object 'Object Repository/RAD_Pages/Taxpayer_Page/input_middleName' is present

2023-09-26 18:01:29 - [MESSAGE][PASSED] - Object 'Object Repository/RAD_Pages/Taxpayer_Page/input_middleName' is present

2023-09-26 18:01:29 - [TEST_STEP][PASSED] - verifyElementPresent(findTestObject(orPath_TaxPayer + "/input_lastName"), 30): Object 'Object Repository/RAD_Pages/Taxpayer_Page/input_lastName' is present

2023-09-26 18:01:29 - [MESSAGE][PASSED] - Object 'Object Repository/RAD_Pages/Taxpayer_Page/input_lastName' is present

2023-09-26 18:01:29 - [TEST_STEP][PASSED] - verifyElementPresent(findTestObject(orPath_TaxPayer + "/input_suffix"), 30): Object 'Object Repository/RAD_Pages/Taxpayer_Page/input_suffix' is present

2023-09-26 18:01:29 - [MESSAGE][PASSED] - Object 'Object Repository/RAD_Pages/Taxpayer_Page/input_suffix' is present

2023-09-26 18:01:29 - [TEST_STEP][PASSED] - verifyElementPresent(findTestObject(orPath_AddressContact + "/select_Country"), 30): Object 'Object Repository/RAD_Pages/AddressAndContactInfo_Page/select_Country' is present

2023-09-26 18:01:30 - [MESSAGE][PASSED] - Object 'Object Repository/RAD_Pages/AddressAndContactInfo_Page/select_Country' is present

2023-09-26 18:01:30 - [TEST_STEP][PASSED] - verifyElementPresent(findTestObject(orPath_AddressContact + "/input_streetAddress1"), 30): Object 'Object Repository/RAD_Pages/AddressAndContactInfo_Page/input_streetAddress1' is present

2023-09-26 18:01:30 - [MESSAGE][PASSED] - Object 'Object Repository/RAD_Pages/AddressAndContactInfo_Page/input_streetAddress1' is present

2023-09-26 18:01:30 - [TEST_STEP][PASSED] - verifyElementPresent(findTestObject(orPath_AddressContact + "/input_streetAddress2"), 30): Object 'Object Repository/RAD_Pages/AddressAndContactInfo_Page/input_streetAddress2' is present

2023-09-26 18:01:30 - [MESSAGE][PASSED] - Object 'Object Repository/RAD_Pages/AddressAndContactInfo_Page/input_streetAddress2' is present

2023-09-26 18:01:30 - [TEST_STEP][PASSED] - verifyElementPresent(findTestObject(orPath_AddressContact + "/input_city"), 30): Object 'Object Repository/RAD_Pages/AddressAndContactInfo_Page/input_city' is present

2023-09-26 18:01:31 - [MESSAGE][PASSED] - Object 'Object Repository/RAD_Pages/AddressAndContactInfo_Page/input_city' is present

2023-09-26 18:01:31 - [TEST_STEP][PASSED] - verifyElementPresent(findTestObject(orPath_AddressContact + "/select_State"), 30): Object 'Object Repository/RAD_Pages/AddressAndContactInfo_Page/select_State' is present

2023-09-26 18:01:31 - [MESSAGE][PASSED] - Object 'Object Repository/RAD_Pages/AddressAndContactInfo_Page/select_State' is present

2023-09-26 18:01:31 - [TEST_STEP][PASSED] - verifyElementPresent(findTestObject(orPath_AddressContact + "/input_zipCode"), 30): Object 'Object Repository/RAD_Pages/AddressAndContactInfo_Page/input_zipCode' is present

2023-09-26 18:01:31 - [MESSAGE][PASSED] - Object 'Object Repository/RAD_Pages/AddressAndContactInfo_Page/input_zipCode' is present

2023-09-26 18:01:31 - [TEST_STEP][PASSED] - verifyElementPresent(findTestObject(orPath_AddressContact + "/input_phoneNumber"), 30): Object 'Object Repository/RAD_Pages/AddressAndContactInfo_Page/input_phoneNumber' is present

2023-09-26 18:01:32 - [MESSAGE][PASSED] - Object 'Object Repository/RAD_Pages/AddressAndContactInfo_Page/input_phoneNumber' is present

2023-09-26 18:01:32 - [TEST_STEP][PASSED] - verifyElementPresent(findTestObject(orPath_AddressContact + "/input_eMailAddress"), 30): Object 'Object Repository/RAD_Pages/AddressAndContactInfo_Page/input_eMailAddress' is present

2023-09-26 18:01:32 - [MESSAGE][PASSED] - Object 'Object Repository/RAD_Pages/AddressAndContactInfo_Page/input_eMailAddress' is present

2023-09-26 18:01:32 - [TEST_STEP][PASSED] - verifyElementPresent(findTestObject(orPath_AddressContact + "/input_reEnterEMailAddress"), 30): Object 'Object Repository/RAD_Pages/AddressAndContactInfo_Page/input_reEnterEMailAddress' is present

2023-09-26 18:01:32 - [MESSAGE][PASSED] - Object 'Object Repository/RAD_Pages/AddressAndContactInfo_Page/input_reEnterEMailAddress' is present

2023-09-26 18:01:32 - [TEST_STEP][PASSED] - verifyOptionsPresent(findTestObject(orPath_AddressContact + "/select_Country"), ["United States"]): Options [United States] present.

2023-09-26 18:01:33 - [MESSAGE][PASSED] - Options [United States] present.

2023-09-26 18:01:33 - [TEST_STEP][PASSED] - verifyOptionsPresent(findTestObject(orPath_AddressContact + "/select_State"), ["Alabama", "District of Columbia", "Maryland", "Virginia", "Wyoming"]): Options [Alabama, District of Columbia, Maryland, Virginia, Wyoming] present.

2023-09-26 18:01:34 - [MESSAGE][PASSED] - Options [Alabama, District of Columbia, Maryland, Virginia, Wyoming] present.

2023-09-26 18:01:34 - [TEST_STEP][PASSED] - totalOptionsState = getNumberOfTotalOption(findTestObject(orPath_AddressContact + "/select_State")): 52 options of object 'Object Repository/RAD_Pages/AddressAndContactInfo_Page/select_State' counted

2023-09-26 18:01:35 - [MESSAGE][PASSED] - 52 options of object 'Object Repository/RAD_Pages/AddressAndContactInfo_Page/select_State' counted

2023-09-26 18:01:35 - [TEST_STEP][PASSED] - verifyEqual(totalOptionsState, 52): Actual object '52' and expected object '52' are equal

2023-09-26 18:01:35 - [MESSAGE][PASSED] - Actual object '52' and expected object '52' are equal

2023-09-26 18:01:35 - [TEST_STEP][PASSED] - verifyElementPresent(findTestObject(orPath_TaxInfo + "/input_NoticeInvoiceNumber"), 30): Object 'Object Repository/RAD_Pages/TaxInfo_Page/input_NoticeInvoiceNumber' is present

2023-09-26 18:01:35 - [MESSAGE][PASSED] - Object 'Object Repository/RAD_Pages/TaxInfo_Page/input_NoticeInvoiceNumber' is present

2023-09-26 18:01:35 - [TEST_STEP][PASSED] - verifyElementPresent(findTestObject(orPath_TaxInfo + "/input_reTypeNoticeInvoiceNumber"), 30): Object 'Object Repository/RAD_Pages/TaxInfo_Page/input_reTypeNoticeInvoiceNumber' is present

2023-09-26 18:01:35 - [MESSAGE][PASSED] - Object 'Object Repository/RAD_Pages/TaxInfo_Page/input_reTypeNoticeInvoiceNumber' is present

2023-09-26 18:01:35 - [TEST_STEP][PASSED] - verifyElementPresent(findTestObject(orPath_Amount + "/input__paymentAmount"), 30): Object 'Object Repository/RAD_Pages/PaymentAmount_Page/input__paymentAmount' is present

2023-09-26 18:01:36 - [MESSAGE][PASSED] - Object 'Object Repository/RAD_Pages/PaymentAmount_Page/input__paymentAmount' is present]]></system-out>
         <system-err><![CDATA[]]></system-err>
      </testcase>
      <testcase name="Test Cases/RAD_TestCases/UI_TestCases/Existing/Existing_AlcoholTax_UI_TC" time="24.895" classname="Test Cases/RAD_TestCases/UI_TestCases/Existing/Existing_AlcoholTax_UI_TC" status="PASSED">
         <system-out><![CDATA[2023-09-26 18:01:36 - [TEST_CASE][PASSED] - Test Cases/RAD_TestCases/UI_TestCases/Existing/Existing_AlcoholTax_UI_TC: Test Cases/RAD_TestCases/UI_TestCases/Existing/Existing_AlcoholTax_UI_TC

2023-09-26 18:01:36 - [TEST_STEP][PASSED] - openBrowser(""): Browser is opened with url: ''

2023-09-26 18:01:36 - [MESSAGE][WARNING] - A browser is already opened. Closing browser and opening a new one

2023-09-26 18:01:37 - [MESSAGE][INFO] - Starting 'Chrome' driver

2023-09-26 18:01:37 - [MESSAGE][INFO] - User set preference: ['acceptInsecureCerts', 'true']

2023-09-26 18:01:37 - [MESSAGE][INFO] - Action delay is set to 0 milliseconds

2023-09-26 18:01:38 - [MESSAGE][PASSED] - Browser is opened with url: ''

2023-09-26 18:01:38 - [TEST_STEP][PASSED] - maximizeWindow(): Current window maximized

2023-09-26 18:01:38 - [MESSAGE][PASSED] - Current window maximized

2023-09-26 18:01:38 - [TEST_STEP][PASSED] - navigateToUrl(RADurl): Navigate to 'https://qa2.velocitypayment.com/client/rad/index.html' successfully

2023-09-26 18:01:40 - [MESSAGE][PASSED] - Navigate to 'https://qa2.velocitypayment.com/client/rad/index.html' successfully

2023-09-26 18:01:40 - [TEST_STEP][PASSED] - orPath_Landing = "Object Repository/RAD_Pages/Landing_Page": null

2023-09-26 18:01:40 - [TEST_STEP][PASSED] - orPath_TaxTypeFilingYear = "Object Repository/RAD_Pages/TaxTypeFilingYear_Page": null

2023-09-26 18:01:40 - [TEST_STEP][PASSED] - orPath_TaxPayer = "Object Repository/RAD_Pages/Taxpayer_Page": null

2023-09-26 18:01:40 - [TEST_STEP][PASSED] - orPath_AddressContact = "Object Repository/RAD_Pages/AddressAndContactInfo_Page": null

2023-09-26 18:01:40 - [TEST_STEP][PASSED] - orPath_FilingStatus = "Object Repository/RAD_Pages/FilingStatus_Page": null

2023-09-26 18:01:40 - [TEST_STEP][PASSED] - orPath_Amount = "Object Repository/RAD_Pages/PaymentAmount_Page": null

2023-09-26 18:01:40 - [TEST_STEP][PASSED] - orPath_TaxInfo = "Object Repository/RAD_Pages/TaxInfo_Page": null

2023-09-26 18:01:40 - [TEST_STEP][PASSED] - selectOptionByLabel(findTestObject(orPath_Landing + "/dd_TaxType"), "Existing Liability w/Notice Number", false): All options with label 'Existing Liability w/Notice Number' are selected in object 'Object Repository/RAD_Pages/Landing_Page/dd_TaxType' 

2023-09-26 18:01:41 - [MESSAGE][PASSED] - All options with label 'Existing Liability w/Notice Number' are selected in object 'Object Repository/RAD_Pages/Landing_Page/dd_TaxType' 

2023-09-26 18:01:41 - [TEST_STEP][PASSED] - selectOptionByLabel(findTestObject(orPath_TaxTypeFilingYear + "/select_TaxType_ExistingLiability"), "Alcohol Tax", false): All options with label 'Alcohol Tax' are selected in object 'Object Repository/RAD_Pages/TaxTypeFilingYear_Page/select_TaxType_ExistingLiability' 

2023-09-26 18:01:42 - [MESSAGE][PASSED] - All options with label 'Alcohol Tax' are selected in object 'Object Repository/RAD_Pages/TaxTypeFilingYear_Page/select_TaxType_ExistingLiability' 

2023-09-26 18:01:42 - [TEST_STEP][PASSED] - verifyElementNotVisible(findTestObject(orPath_TaxTypeFilingYear + "/select_FilingYear")): Object 'Object Repository/RAD_Pages/TaxTypeFilingYear_Page/select_FilingYear' is NOT visible

2023-09-26 18:01:42 - [MESSAGE][PASSED] - Object 'Object Repository/RAD_Pages/TaxTypeFilingYear_Page/select_FilingYear' is NOT visible

2023-09-26 18:01:42 - [TEST_STEP][PASSED] - verifyElementNotVisible(findTestObject(orPath_TaxTypeFilingYear + "/select_PeriodEnding")): Object 'Object Repository/RAD_Pages/TaxTypeFilingYear_Page/select_PeriodEnding' is NOT visible

2023-09-26 18:01:42 - [MESSAGE][PASSED] - Object 'Object Repository/RAD_Pages/TaxTypeFilingYear_Page/select_PeriodEnding' is NOT visible

2023-09-26 18:01:42 - [TEST_STEP][PASSED] - verifyTextPresent("Taxpayer", true): Text 'Taxpayer' is present on page  using regular expression

2023-09-26 18:01:43 - [MESSAGE][PASSED] - Text 'Taxpayer' is present on page  using regular expression

2023-09-26 18:01:43 - [TEST_STEP][PASSED] - verifyTextPresent("Provide the following taxpayer information", true): Text 'Provide the following taxpayer information' is present on page  using regular expression

2023-09-26 18:01:43 - [MESSAGE][PASSED] - Text 'Provide the following taxpayer information' is present on page  using regular expression

2023-09-26 18:01:43 - [TEST_STEP][PASSED] - verifyTextPresent("Note: If you are paying on behalf of the Taxpayer, enter Taxpayer", true): Text 'Note: If you are paying on behalf of the Taxpayer, enter Taxpayer' is present on page  using regular expression

2023-09-26 18:01:44 - [MESSAGE][PASSED] - Text 'Note: If you are paying on behalf of the Taxpayer, enter Taxpayer' is present on page  using regular expression

2023-09-26 18:01:44 - [TEST_STEP][PASSED] - verifyTextPresent("information here. If you are making a payment for the Taxpayer, you will be required later to enter your own credit card, billing address and other pertinent information", true): Text 'information here. If you are making a payment for the Taxpayer, you will be required later to enter your own credit card, billing address and other pertinent information' is present on page  using regular expression

2023-09-26 18:01:44 - [MESSAGE][PASSED] - Text 'information here. If you are making a payment for the Taxpayer, you will be required later to enter your own credit card, billing address and other pertinent information' is present on page  using regular expression

2023-09-26 18:01:44 - [TEST_STEP][PASSED] - verifyElementVisible(findTestObject(orPath_TaxPayer + "/input_Note_businessName")): Object 'Object Repository/RAD_Pages/Taxpayer_Page/input_Note_businessName' is visible

2023-09-26 18:01:44 - [MESSAGE][PASSED] - Object 'Object Repository/RAD_Pages/Taxpayer_Page/input_Note_businessName' is visible

2023-09-26 18:01:44 - [TEST_STEP][PASSED] - verifyElementVisible(findTestObject(orPath_TaxPayer + "/input_BusinessRepfirstName")): Object 'Object Repository/RAD_Pages/Taxpayer_Page/input_BusinessRepfirstName' is visible

2023-09-26 18:01:45 - [MESSAGE][PASSED] - Object 'Object Repository/RAD_Pages/Taxpayer_Page/input_BusinessRepfirstName' is visible

2023-09-26 18:01:45 - [TEST_STEP][PASSED] - verifyElementVisible(findTestObject(orPath_TaxPayer + "/input_BusinessRepmiddleName")): Object 'Object Repository/RAD_Pages/Taxpayer_Page/input_BusinessRepmiddleName' is visible

2023-09-26 18:01:45 - [MESSAGE][PASSED] - Object 'Object Repository/RAD_Pages/Taxpayer_Page/input_BusinessRepmiddleName' is visible

2023-09-26 18:01:45 - [TEST_STEP][PASSED] - verifyElementVisible(findTestObject(orPath_TaxPayer + "/input_BusinessReplastName")): Object 'Object Repository/RAD_Pages/Taxpayer_Page/input_BusinessReplastName' is visible

2023-09-26 18:01:45 - [MESSAGE][PASSED] - Object 'Object Repository/RAD_Pages/Taxpayer_Page/input_BusinessReplastName' is visible

2023-09-26 18:01:45 - [TEST_STEP][PASSED] - verifyElementVisible(findTestObject(orPath_TaxPayer + "/input_BusinessRepsuffix")): Object 'Object Repository/RAD_Pages/Taxpayer_Page/input_BusinessRepsuffix' is visible

2023-09-26 18:01:46 - [MESSAGE][PASSED] - Object 'Object Repository/RAD_Pages/Taxpayer_Page/input_BusinessRepsuffix' is visible

2023-09-26 18:01:46 - [TEST_STEP][PASSED] - verifyElementNotVisible(findTestObject(orPath_TaxPayer + "/input_firstName")): Object 'Object Repository/RAD_Pages/Taxpayer_Page/input_firstName' is NOT visible

2023-09-26 18:01:46 - [MESSAGE][PASSED] - Object 'Object Repository/RAD_Pages/Taxpayer_Page/input_firstName' is NOT visible

2023-09-26 18:01:46 - [TEST_STEP][PASSED] - verifyElementNotVisible(findTestObject(orPath_TaxPayer + "/input_middleName")): Object 'Object Repository/RAD_Pages/Taxpayer_Page/input_middleName' is NOT visible

2023-09-26 18:01:46 - [MESSAGE][PASSED] - Object 'Object Repository/RAD_Pages/Taxpayer_Page/input_middleName' is NOT visible

2023-09-26 18:01:46 - [TEST_STEP][PASSED] - verifyElementNotVisible(findTestObject(orPath_TaxPayer + "/input_lastName")): Object 'Object Repository/RAD_Pages/Taxpayer_Page/input_lastName' is NOT visible

2023-09-26 18:01:47 - [MESSAGE][PASSED] - Object 'Object Repository/RAD_Pages/Taxpayer_Page/input_lastName' is NOT visible

2023-09-26 18:01:47 - [TEST_STEP][PASSED] - verifyElementNotVisible(findTestObject(orPath_TaxPayer + "/input_suffix")): Object 'Object Repository/RAD_Pages/Taxpayer_Page/input_suffix' is NOT visible

2023-09-26 18:01:47 - [MESSAGE][PASSED] - Object 'Object Repository/RAD_Pages/Taxpayer_Page/input_suffix' is NOT visible

2023-09-26 18:01:47 - [TEST_STEP][PASSED] - verifyElementNotVisible(findTestObject("RAD_RecordAndPlay/input_concatSSN")): Object 'Object Repository/RAD_RecordAndPlay/input_concatSSN' is NOT visible

2023-09-26 18:01:48 - [MESSAGE][PASSED] - Object 'Object Repository/RAD_RecordAndPlay/input_concatSSN' is NOT visible

2023-09-26 18:01:48 - [TEST_STEP][PASSED] - verifyElementNotVisible(findTestObject("RAD_RecordAndPlay/input_concatReSSN")): Object 'Object Repository/RAD_RecordAndPlay/input_concatReSSN' is NOT visible

2023-09-26 18:01:48 - [MESSAGE][PASSED] - Object 'Object Repository/RAD_RecordAndPlay/input_concatReSSN' is NOT visible

2023-09-26 18:01:48 - [TEST_STEP][PASSED] - verifyTextPresent("Address and Contact Information", true): Text 'Address and Contact Information' is present on page  using regular expression

2023-09-26 18:01:49 - [MESSAGE][PASSED] - Text 'Address and Contact Information' is present on page  using regular expression

2023-09-26 18:01:49 - [TEST_STEP][PASSED] - verifyTextPresent("Enter the taxpayer", true): Text 'Enter the taxpayer' is present on page  using regular expression

2023-09-26 18:01:49 - [MESSAGE][PASSED] - Text 'Enter the taxpayer' is present on page  using regular expression

2023-09-26 18:01:49 - [TEST_STEP][PASSED] - verifyTextPresent("address and contact information", true): Text 'address and contact information' is present on page  using regular expression

2023-09-26 18:01:50 - [MESSAGE][PASSED] - Text 'address and contact information' is present on page  using regular expression

2023-09-26 18:01:50 - [TEST_STEP][PASSED] - verifyElementPresent(findTestObject(orPath_AddressContact + "/select_Country"), 30): Object 'Object Repository/RAD_Pages/AddressAndContactInfo_Page/select_Country' is present

2023-09-26 18:01:50 - [MESSAGE][PASSED] - Object 'Object Repository/RAD_Pages/AddressAndContactInfo_Page/select_Country' is present

2023-09-26 18:01:50 - [TEST_STEP][PASSED] - verifyElementPresent(findTestObject(orPath_AddressContact + "/input_streetAddress1"), 30): Object 'Object Repository/RAD_Pages/AddressAndContactInfo_Page/input_streetAddress1' is present

2023-09-26 18:01:50 - [MESSAGE][PASSED] - Object 'Object Repository/RAD_Pages/AddressAndContactInfo_Page/input_streetAddress1' is present

2023-09-26 18:01:50 - [TEST_STEP][PASSED] - verifyElementPresent(findTestObject(orPath_AddressContact + "/input_streetAddress2"), 30): Object 'Object Repository/RAD_Pages/AddressAndContactInfo_Page/input_streetAddress2' is present

2023-09-26 18:01:51 - [MESSAGE][PASSED] - Object 'Object Repository/RAD_Pages/AddressAndContactInfo_Page/input_streetAddress2' is present

2023-09-26 18:01:51 - [TEST_STEP][PASSED] - verifyElementPresent(findTestObject(orPath_AddressContact + "/input_city"), 30): Object 'Object Repository/RAD_Pages/AddressAndContactInfo_Page/input_city' is present

2023-09-26 18:01:51 - [MESSAGE][PASSED] - Object 'Object Repository/RAD_Pages/AddressAndContactInfo_Page/input_city' is present

2023-09-26 18:01:51 - [TEST_STEP][PASSED] - verifyElementPresent(findTestObject(orPath_AddressContact + "/select_State"), 30): Object 'Object Repository/RAD_Pages/AddressAndContactInfo_Page/select_State' is present

2023-09-26 18:01:51 - [MESSAGE][PASSED] - Object 'Object Repository/RAD_Pages/AddressAndContactInfo_Page/select_State' is present

2023-09-26 18:01:51 - [TEST_STEP][PASSED] - verifyElementPresent(findTestObject(orPath_AddressContact + "/input_zipCode"), 30): Object 'Object Repository/RAD_Pages/AddressAndContactInfo_Page/input_zipCode' is present

2023-09-26 18:01:52 - [MESSAGE][PASSED] - Object 'Object Repository/RAD_Pages/AddressAndContactInfo_Page/input_zipCode' is present

2023-09-26 18:01:52 - [TEST_STEP][PASSED] - verifyElementPresent(findTestObject(orPath_AddressContact + "/input_phoneNumber"), 30): Object 'Object Repository/RAD_Pages/AddressAndContactInfo_Page/input_phoneNumber' is present

2023-09-26 18:01:52 - [MESSAGE][PASSED] - Object 'Object Repository/RAD_Pages/AddressAndContactInfo_Page/input_phoneNumber' is present

2023-09-26 18:01:52 - [TEST_STEP][PASSED] - verifyElementPresent(findTestObject(orPath_AddressContact + "/input_eMailAddress"), 30): Object 'Object Repository/RAD_Pages/AddressAndContactInfo_Page/input_eMailAddress' is present

2023-09-26 18:01:52 - [MESSAGE][PASSED] - Object 'Object Repository/RAD_Pages/AddressAndContactInfo_Page/input_eMailAddress' is present

2023-09-26 18:01:52 - [TEST_STEP][PASSED] - verifyElementPresent(findTestObject(orPath_AddressContact + "/input_reEnterEMailAddress"), 30): Object 'Object Repository/RAD_Pages/AddressAndContactInfo_Page/input_reEnterEMailAddress' is present

2023-09-26 18:01:53 - [MESSAGE][PASSED] - Object 'Object Repository/RAD_Pages/AddressAndContactInfo_Page/input_reEnterEMailAddress' is present

2023-09-26 18:01:53 - [TEST_STEP][PASSED] - verifyOptionsPresent(findTestObject(orPath_AddressContact + "/select_Country"), ["United States"]): Options [United States] present.

2023-09-26 18:01:53 - [MESSAGE][PASSED] - Options [United States] present.

2023-09-26 18:01:53 - [TEST_STEP][PASSED] - verifyOptionsPresent(findTestObject(orPath_AddressContact + "/select_State"), ["Alabama", "District of Columbia", "Maryland", "Virginia", "Wyoming"]): Options [Alabama, District of Columbia, Maryland, Virginia, Wyoming] present.

2023-09-26 18:01:54 - [MESSAGE][PASSED] - Options [Alabama, District of Columbia, Maryland, Virginia, Wyoming] present.

2023-09-26 18:01:54 - [TEST_STEP][PASSED] - totalOptionsState = getNumberOfTotalOption(findTestObject(orPath_AddressContact + "/select_State")): 52 options of object 'Object Repository/RAD_Pages/AddressAndContactInfo_Page/select_State' counted

2023-09-26 18:01:55 - [MESSAGE][PASSED] - 52 options of object 'Object Repository/RAD_Pages/AddressAndContactInfo_Page/select_State' counted

2023-09-26 18:01:55 - [TEST_STEP][PASSED] - verifyEqual(totalOptionsState, 52): Actual object '52' and expected object '52' are equal

2023-09-26 18:01:55 - [MESSAGE][PASSED] - Actual object '52' and expected object '52' are equal

2023-09-26 18:01:55 - [TEST_STEP][PASSED] - existing_FEIN = new com.kms.katalon.core.testobject.TestObject(): null

2023-09-26 18:01:55 - [TEST_STEP][PASSED] - existing_FEIN.setSelectorMethod(BASIC): null

2023-09-26 18:01:55 - [TEST_STEP][PASSED] - existing_FEIN.addProperty("name", EQUALS, "taxTypeExisitingFEIN"): null

2023-09-26 18:01:55 - [TEST_STEP][PASSED] - existing_FEIN.addProperty("id", EQUALS, "taxTypeExisitingFEIN"): null

2023-09-26 18:01:55 - [TEST_STEP][PASSED] - existing_FEIN_Retype = new com.kms.katalon.core.testobject.TestObject(): null

2023-09-26 18:01:55 - [TEST_STEP][PASSED] - existing_FEIN_Retype.setSelectorMethod(BASIC): null

2023-09-26 18:01:55 - [TEST_STEP][PASSED] - existing_FEIN_Retype.addProperty("name", EQUALS, "reTaxTypeExisitingFEIN"): null

2023-09-26 18:01:55 - [TEST_STEP][PASSED] - existing_FEIN_Retype.addProperty("id", EQUALS, "reTaxTypeExisitingFEIN"): null

2023-09-26 18:01:55 - [TEST_STEP][PASSED] - verifyTextPresent("Tax Information", true): Text 'Tax Information' is present on page  using regular expression

2023-09-26 18:01:55 - [MESSAGE][PASSED] - Text 'Tax Information' is present on page  using regular expression

2023-09-26 18:01:55 - [TEST_STEP][PASSED] - verifyElementPresent(existing_FEIN, 30): Object '' is present

2023-09-26 18:01:56 - [MESSAGE][PASSED] - Object '' is present

2023-09-26 18:01:56 - [TEST_STEP][PASSED] - verifyElementPresent(existing_FEIN_Retype, 30): Object '' is present

2023-09-26 18:01:56 - [MESSAGE][PASSED] - Object '' is present

2023-09-26 18:01:56 - [TEST_STEP][PASSED] - verifyElementPresent(findTestObject(orPath_TaxInfo + "/input_NoticeInvoiceNumber"), 30): Object 'Object Repository/RAD_Pages/TaxInfo_Page/input_NoticeInvoiceNumber' is present

2023-09-26 18:01:56 - [MESSAGE][PASSED] - Object 'Object Repository/RAD_Pages/TaxInfo_Page/input_NoticeInvoiceNumber' is present

2023-09-26 18:01:56 - [TEST_STEP][PASSED] - verifyElementVisible(findTestObject(orPath_TaxInfo + "/input_NoticeInvoiceNumber")): Object 'Object Repository/RAD_Pages/TaxInfo_Page/input_NoticeInvoiceNumber' is visible

2023-09-26 18:01:57 - [MESSAGE][PASSED] - Object 'Object Repository/RAD_Pages/TaxInfo_Page/input_NoticeInvoiceNumber' is visible

2023-09-26 18:01:57 - [TEST_STEP][PASSED] - verifyElementPresent(findTestObject(orPath_TaxInfo + "/input_reTypeNoticeInvoiceNumber"), 30): Object 'Object Repository/RAD_Pages/TaxInfo_Page/input_reTypeNoticeInvoiceNumber' is present

2023-09-26 18:01:57 - [MESSAGE][PASSED] - Object 'Object Repository/RAD_Pages/TaxInfo_Page/input_reTypeNoticeInvoiceNumber' is present

2023-09-26 18:01:57 - [TEST_STEP][PASSED] - verifyElementVisible(findTestObject(orPath_TaxInfo + "/input_reTypeNoticeInvoiceNumber")): Object 'Object Repository/RAD_Pages/TaxInfo_Page/input_reTypeNoticeInvoiceNumber' is visible

2023-09-26 18:01:57 - [MESSAGE][PASSED] - Object 'Object Repository/RAD_Pages/TaxInfo_Page/input_reTypeNoticeInvoiceNumber' is visible

2023-09-26 18:01:57 - [TEST_STEP][PASSED] - verifyElementNotVisible(findTestObject(orPath_FilingStatus + "/input_userType_Individual")): Object 'Object Repository/RAD_Pages/FilingStatus_Page/input_userType_Individual' is NOT visible

2023-09-26 18:01:58 - [MESSAGE][PASSED] - Object 'Object Repository/RAD_Pages/FilingStatus_Page/input_userType_Individual' is NOT visible

2023-09-26 18:01:58 - [TEST_STEP][PASSED] - verifyElementNotVisible(findTestObject(orPath_FilingStatus + "/input_userType_Joint")): Object 'Object Repository/RAD_Pages/FilingStatus_Page/input_userType_Joint' is NOT visible

2023-09-26 18:01:58 - [MESSAGE][PASSED] - Object 'Object Repository/RAD_Pages/FilingStatus_Page/input_userType_Joint' is NOT visible

2023-09-26 18:01:58 - [TEST_STEP][PASSED] - verifyElementNotVisible(findTestObject(orPath_TaxInfo + "/input_MDCRegistrationEL")): Object 'Object Repository/RAD_Pages/TaxInfo_Page/input_MDCRegistrationEL' is NOT visible

2023-09-26 18:01:58 - [MESSAGE][PASSED] - Object 'Object Repository/RAD_Pages/TaxInfo_Page/input_MDCRegistrationEL' is NOT visible

2023-09-26 18:01:58 - [TEST_STEP][PASSED] - verifyTextPresent("Payment Amount", true): Text 'Payment Amount' is present on page  using regular expression

2023-09-26 18:01:59 - [MESSAGE][PASSED] - Text 'Payment Amount' is present on page  using regular expression

2023-09-26 18:01:59 - [TEST_STEP][PASSED] - verifyElementPresent(findTestObject(orPath_Amount + "/input__paymentAmount"), 30): Object 'Object Repository/RAD_Pages/PaymentAmount_Page/input__paymentAmount' is present

2023-09-26 18:01:59 - [MESSAGE][PASSED] - Object 'Object Repository/RAD_Pages/PaymentAmount_Page/input__paymentAmount' is present

2023-09-26 18:01:59 - [TEST_STEP][PASSED] - verifyElementVisible(findTestObject(orPath_Amount + "/input__paymentAmount")): Object 'Object Repository/RAD_Pages/PaymentAmount_Page/input__paymentAmount' is visible

2023-09-26 18:01:59 - [MESSAGE][PASSED] - Object 'Object Repository/RAD_Pages/PaymentAmount_Page/input__paymentAmount' is visible

2023-09-26 18:01:59 - [TEST_STEP][PASSED] - verifyTextPresent("Service Fee: This electronic government service includes a service/convenience fee. Click here for details", true): Text 'Service Fee: This electronic government service includes a service/convenience fee. Click here for details' is present on page  using regular expression

2023-09-26 18:02:00 - [MESSAGE][PASSED] - Text 'Service Fee: This electronic government service includes a service/convenience fee. Click here for details' is present on page  using regular expression

2023-09-26 18:02:00 - [TEST_STEP][PASSED] - verifyElementPresent(findTestObject(orPath_Amount + "/a_Click here for details"), 30): Object 'Object Repository/RAD_Pages/PaymentAmount_Page/a_Click here for details' is present

2023-09-26 18:02:00 - [MESSAGE][PASSED] - Object 'Object Repository/RAD_Pages/PaymentAmount_Page/a_Click here for details' is present

2023-09-26 18:02:00 - [TEST_STEP][PASSED] - verifyElementPresent(findTestObject(orPath_Landing + "/button_Continue"), 30): Object 'Object Repository/RAD_Pages/Landing_Page/button_Continue' is present

2023-09-26 18:02:00 - [MESSAGE][PASSED] - Object 'Object Repository/RAD_Pages/Landing_Page/button_Continue' is present]]></system-out>
         <system-err><![CDATA[]]></system-err>
      </testcase>
      <testcase name="Test Cases/RAD_TestCases/UI_TestCases/Existing/Existing_BayRestorationFee_UI_TC" time="24.737" classname="Test Cases/RAD_TestCases/UI_TestCases/Existing/Existing_BayRestorationFee_UI_TC" status="PASSED">
         <system-out><![CDATA[2023-09-26 18:02:00 - [TEST_CASE][PASSED] - Test Cases/RAD_TestCases/UI_TestCases/Existing/Existing_BayRestorationFee_UI_TC: Test Cases/RAD_TestCases/UI_TestCases/Existing/Existing_BayRestorationFee_UI_TC

2023-09-26 18:02:01 - [TEST_STEP][PASSED] - openBrowser(""): Browser is opened with url: ''

2023-09-26 18:02:01 - [MESSAGE][WARNING] - A browser is already opened. Closing browser and opening a new one

2023-09-26 18:02:02 - [MESSAGE][INFO] - Starting 'Chrome' driver

2023-09-26 18:02:02 - [MESSAGE][INFO] - User set preference: ['acceptInsecureCerts', 'true']

2023-09-26 18:02:02 - [MESSAGE][INFO] - Action delay is set to 0 milliseconds

2023-09-26 18:02:03 - [MESSAGE][PASSED] - Browser is opened with url: ''

2023-09-26 18:02:03 - [TEST_STEP][PASSED] - maximizeWindow(): Current window maximized

2023-09-26 18:02:04 - [MESSAGE][PASSED] - Current window maximized

2023-09-26 18:02:04 - [TEST_STEP][PASSED] - navigateToUrl(RADurl): Navigate to 'https://qa2.velocitypayment.com/client/rad/index.html' successfully

2023-09-26 18:02:05 - [MESSAGE][PASSED] - Navigate to 'https://qa2.velocitypayment.com/client/rad/index.html' successfully

2023-09-26 18:02:05 - [TEST_STEP][PASSED] - orPath_Landing = "Object Repository/RAD_Pages/Landing_Page": null

2023-09-26 18:02:05 - [TEST_STEP][PASSED] - orPath_TaxTypeFilingYear = "Object Repository/RAD_Pages/TaxTypeFilingYear_Page": null

2023-09-26 18:02:05 - [TEST_STEP][PASSED] - orPath_TaxPayer = "Object Repository/RAD_Pages/Taxpayer_Page": null

2023-09-26 18:02:05 - [TEST_STEP][PASSED] - orPath_AddressContact = "Object Repository/RAD_Pages/AddressAndContactInfo_Page": null

2023-09-26 18:02:05 - [TEST_STEP][PASSED] - orPath_FilingStatus = "Object Repository/RAD_Pages/FilingStatus_Page": null

2023-09-26 18:02:05 - [TEST_STEP][PASSED] - orPath_Amount = "Object Repository/RAD_Pages/PaymentAmount_Page": null

2023-09-26 18:02:05 - [TEST_STEP][PASSED] - orPath_TaxInfo = "Object Repository/RAD_Pages/TaxInfo_Page": null

2023-09-26 18:02:05 - [TEST_STEP][PASSED] - selectOptionByLabel(findTestObject(orPath_Landing + "/dd_TaxType"), "Existing Liability w/Notice Number", false): All options with label 'Existing Liability w/Notice Number' are selected in object 'Object Repository/RAD_Pages/Landing_Page/dd_TaxType' 

2023-09-26 18:02:06 - [MESSAGE][PASSED] - All options with label 'Existing Liability w/Notice Number' are selected in object 'Object Repository/RAD_Pages/Landing_Page/dd_TaxType' 

2023-09-26 18:02:06 - [TEST_STEP][PASSED] - selectOptionByLabel(findTestObject(orPath_TaxTypeFilingYear + "/select_TaxType_ExistingLiability"), "Bay Restoration Fee", false): All options with label 'Bay Restoration Fee' are selected in object 'Object Repository/RAD_Pages/TaxTypeFilingYear_Page/select_TaxType_ExistingLiability' 

2023-09-26 18:02:07 - [MESSAGE][PASSED] - All options with label 'Bay Restoration Fee' are selected in object 'Object Repository/RAD_Pages/TaxTypeFilingYear_Page/select_TaxType_ExistingLiability' 

2023-09-26 18:02:07 - [TEST_STEP][PASSED] - verifyElementNotVisible(findTestObject(orPath_TaxTypeFilingYear + "/select_FilingYear")): Object 'Object Repository/RAD_Pages/TaxTypeFilingYear_Page/select_FilingYear' is NOT visible

2023-09-26 18:02:07 - [MESSAGE][PASSED] - Object 'Object Repository/RAD_Pages/TaxTypeFilingYear_Page/select_FilingYear' is NOT visible

2023-09-26 18:02:07 - [TEST_STEP][PASSED] - verifyElementNotVisible(findTestObject(orPath_TaxTypeFilingYear + "/select_PeriodEnding")): Object 'Object Repository/RAD_Pages/TaxTypeFilingYear_Page/select_PeriodEnding' is NOT visible

2023-09-26 18:02:07 - [MESSAGE][PASSED] - Object 'Object Repository/RAD_Pages/TaxTypeFilingYear_Page/select_PeriodEnding' is NOT visible

2023-09-26 18:02:07 - [TEST_STEP][PASSED] - verifyTextPresent("Taxpayer", true): Text 'Taxpayer' is present on page  using regular expression

2023-09-26 18:02:08 - [MESSAGE][PASSED] - Text 'Taxpayer' is present on page  using regular expression

2023-09-26 18:02:08 - [TEST_STEP][PASSED] - verifyTextPresent("Provide the following taxpayer information", true): Text 'Provide the following taxpayer information' is present on page  using regular expression

2023-09-26 18:02:08 - [MESSAGE][PASSED] - Text 'Provide the following taxpayer information' is present on page  using regular expression

2023-09-26 18:02:08 - [TEST_STEP][PASSED] - verifyTextPresent("Note: If you are paying on behalf of the Taxpayer, enter Taxpayer", true): Text 'Note: If you are paying on behalf of the Taxpayer, enter Taxpayer' is present on page  using regular expression

2023-09-26 18:02:09 - [MESSAGE][PASSED] - Text 'Note: If you are paying on behalf of the Taxpayer, enter Taxpayer' is present on page  using regular expression

2023-09-26 18:02:09 - [TEST_STEP][PASSED] - verifyTextPresent("information here. If you are making a payment for the Taxpayer, you will be required later to enter your own credit card, billing address and other pertinent information", true): Text 'information here. If you are making a payment for the Taxpayer, you will be required later to enter your own credit card, billing address and other pertinent information' is present on page  using regular expression

2023-09-26 18:02:09 - [MESSAGE][PASSED] - Text 'information here. If you are making a payment for the Taxpayer, you will be required later to enter your own credit card, billing address and other pertinent information' is present on page  using regular expression

2023-09-26 18:02:09 - [TEST_STEP][PASSED] - verifyElementVisible(findTestObject(orPath_TaxPayer + "/input_Note_businessName")): Object 'Object Repository/RAD_Pages/Taxpayer_Page/input_Note_businessName' is visible

2023-09-26 18:02:09 - [MESSAGE][PASSED] - Object 'Object Repository/RAD_Pages/Taxpayer_Page/input_Note_businessName' is visible

2023-09-26 18:02:09 - [TEST_STEP][PASSED] - verifyElementVisible(findTestObject(orPath_TaxPayer + "/input_BusinessRepfirstName")): Object 'Object Repository/RAD_Pages/Taxpayer_Page/input_BusinessRepfirstName' is visible

2023-09-26 18:02:10 - [MESSAGE][PASSED] - Object 'Object Repository/RAD_Pages/Taxpayer_Page/input_BusinessRepfirstName' is visible

2023-09-26 18:02:10 - [TEST_STEP][PASSED] - verifyElementVisible(findTestObject(orPath_TaxPayer + "/input_BusinessRepmiddleName")): Object 'Object Repository/RAD_Pages/Taxpayer_Page/input_BusinessRepmiddleName' is visible

2023-09-26 18:02:10 - [MESSAGE][PASSED] - Object 'Object Repository/RAD_Pages/Taxpayer_Page/input_BusinessRepmiddleName' is visible

2023-09-26 18:02:10 - [TEST_STEP][PASSED] - verifyElementVisible(findTestObject(orPath_TaxPayer + "/input_BusinessReplastName")): Object 'Object Repository/RAD_Pages/Taxpayer_Page/input_BusinessReplastName' is visible

2023-09-26 18:02:10 - [MESSAGE][PASSED] - Object 'Object Repository/RAD_Pages/Taxpayer_Page/input_BusinessReplastName' is visible

2023-09-26 18:02:10 - [TEST_STEP][PASSED] - verifyElementVisible(findTestObject(orPath_TaxPayer + "/input_BusinessRepsuffix")): Object 'Object Repository/RAD_Pages/Taxpayer_Page/input_BusinessRepsuffix' is visible

2023-09-26 18:02:11 - [MESSAGE][PASSED] - Object 'Object Repository/RAD_Pages/Taxpayer_Page/input_BusinessRepsuffix' is visible

2023-09-26 18:02:11 - [TEST_STEP][PASSED] - verifyElementNotVisible(findTestObject(orPath_TaxPayer + "/input_firstName")): Object 'Object Repository/RAD_Pages/Taxpayer_Page/input_firstName' is NOT visible

2023-09-26 18:02:11 - [MESSAGE][PASSED] - Object 'Object Repository/RAD_Pages/Taxpayer_Page/input_firstName' is NOT visible

2023-09-26 18:02:11 - [TEST_STEP][PASSED] - verifyElementNotVisible(findTestObject(orPath_TaxPayer + "/input_middleName")): Object 'Object Repository/RAD_Pages/Taxpayer_Page/input_middleName' is NOT visible

2023-09-26 18:02:11 - [MESSAGE][PASSED] - Object 'Object Repository/RAD_Pages/Taxpayer_Page/input_middleName' is NOT visible

2023-09-26 18:02:11 - [TEST_STEP][PASSED] - verifyElementNotVisible(findTestObject(orPath_TaxPayer + "/input_lastName")): Object 'Object Repository/RAD_Pages/Taxpayer_Page/input_lastName' is NOT visible

2023-09-26 18:02:12 - [MESSAGE][PASSED] - Object 'Object Repository/RAD_Pages/Taxpayer_Page/input_lastName' is NOT visible

2023-09-26 18:02:12 - [TEST_STEP][PASSED] - verifyElementNotVisible(findTestObject(orPath_TaxPayer + "/input_suffix")): Object 'Object Repository/RAD_Pages/Taxpayer_Page/input_suffix' is NOT visible

2023-09-26 18:02:12 - [MESSAGE][PASSED] - Object 'Object Repository/RAD_Pages/Taxpayer_Page/input_suffix' is NOT visible

2023-09-26 18:02:12 - [TEST_STEP][PASSED] - verifyElementNotVisible(findTestObject("RAD_RecordAndPlay/input_concatSSN")): Object 'Object Repository/RAD_RecordAndPlay/input_concatSSN' is NOT visible

2023-09-26 18:02:12 - [MESSAGE][PASSED] - Object 'Object Repository/RAD_RecordAndPlay/input_concatSSN' is NOT visible

2023-09-26 18:02:12 - [TEST_STEP][PASSED] - verifyElementNotVisible(findTestObject("RAD_RecordAndPlay/input_concatReSSN")): Object 'Object Repository/RAD_RecordAndPlay/input_concatReSSN' is NOT visible

2023-09-26 18:02:13 - [MESSAGE][PASSED] - Object 'Object Repository/RAD_RecordAndPlay/input_concatReSSN' is NOT visible

2023-09-26 18:02:13 - [TEST_STEP][PASSED] - verifyTextPresent("Address and Contact Information", true): Text 'Address and Contact Information' is present on page  using regular expression

2023-09-26 18:02:14 - [MESSAGE][PASSED] - Text 'Address and Contact Information' is present on page  using regular expression

2023-09-26 18:02:14 - [TEST_STEP][PASSED] - verifyTextPresent("Enter the taxpayer", true): Text 'Enter the taxpayer' is present on page  using regular expression

2023-09-26 18:02:14 - [MESSAGE][PASSED] - Text 'Enter the taxpayer' is present on page  using regular expression

2023-09-26 18:02:14 - [TEST_STEP][PASSED] - verifyTextPresent("address and contact information", true): Text 'address and contact information' is present on page  using regular expression

2023-09-26 18:02:14 - [MESSAGE][PASSED] - Text 'address and contact information' is present on page  using regular expression

2023-09-26 18:02:14 - [TEST_STEP][PASSED] - verifyElementPresent(findTestObject(orPath_AddressContact + "/select_Country"), 30): Object 'Object Repository/RAD_Pages/AddressAndContactInfo_Page/select_Country' is present

2023-09-26 18:02:15 - [MESSAGE][PASSED] - Object 'Object Repository/RAD_Pages/AddressAndContactInfo_Page/select_Country' is present

2023-09-26 18:02:15 - [TEST_STEP][PASSED] - verifyElementPresent(findTestObject(orPath_AddressContact + "/input_streetAddress1"), 30): Object 'Object Repository/RAD_Pages/AddressAndContactInfo_Page/input_streetAddress1' is present

2023-09-26 18:02:15 - [MESSAGE][PASSED] - Object 'Object Repository/RAD_Pages/AddressAndContactInfo_Page/input_streetAddress1' is present

2023-09-26 18:02:15 - [TEST_STEP][PASSED] - verifyElementPresent(findTestObject(orPath_AddressContact + "/input_streetAddress2"), 30): Object 'Object Repository/RAD_Pages/AddressAndContactInfo_Page/input_streetAddress2' is present

2023-09-26 18:02:15 - [MESSAGE][PASSED] - Object 'Object Repository/RAD_Pages/AddressAndContactInfo_Page/input_streetAddress2' is present

2023-09-26 18:02:15 - [TEST_STEP][PASSED] - verifyElementPresent(findTestObject(orPath_AddressContact + "/input_city"), 30): Object 'Object Repository/RAD_Pages/AddressAndContactInfo_Page/input_city' is present

2023-09-26 18:02:16 - [MESSAGE][PASSED] - Object 'Object Repository/RAD_Pages/AddressAndContactInfo_Page/input_city' is present

2023-09-26 18:02:16 - [TEST_STEP][PASSED] - verifyElementPresent(findTestObject(orPath_AddressContact + "/select_State"), 30): Object 'Object Repository/RAD_Pages/AddressAndContactInfo_Page/select_State' is present

2023-09-26 18:02:16 - [MESSAGE][PASSED] - Object 'Object Repository/RAD_Pages/AddressAndContactInfo_Page/select_State' is present

2023-09-26 18:02:16 - [TEST_STEP][PASSED] - verifyElementPresent(findTestObject(orPath_AddressContact + "/input_zipCode"), 30): Object 'Object Repository/RAD_Pages/AddressAndContactInfo_Page/input_zipCode' is present

2023-09-26 18:02:16 - [MESSAGE][PASSED] - Object 'Object Repository/RAD_Pages/AddressAndContactInfo_Page/input_zipCode' is present

2023-09-26 18:02:16 - [TEST_STEP][PASSED] - verifyElementPresent(findTestObject(orPath_AddressContact + "/input_phoneNumber"), 30): Object 'Object Repository/RAD_Pages/AddressAndContactInfo_Page/input_phoneNumber' is present

2023-09-26 18:02:17 - [MESSAGE][PASSED] - Object 'Object Repository/RAD_Pages/AddressAndContactInfo_Page/input_phoneNumber' is present

2023-09-26 18:02:17 - [TEST_STEP][PASSED] - verifyElementPresent(findTestObject(orPath_AddressContact + "/input_eMailAddress"), 30): Object 'Object Repository/RAD_Pages/AddressAndContactInfo_Page/input_eMailAddress' is present

2023-09-26 18:02:17 - [MESSAGE][PASSED] - Object 'Object Repository/RAD_Pages/AddressAndContactInfo_Page/input_eMailAddress' is present

2023-09-26 18:02:17 - [TEST_STEP][PASSED] - verifyElementPresent(findTestObject(orPath_AddressContact + "/input_reEnterEMailAddress"), 30): Object 'Object Repository/RAD_Pages/AddressAndContactInfo_Page/input_reEnterEMailAddress' is present

2023-09-26 18:02:17 - [MESSAGE][PASSED] - Object 'Object Repository/RAD_Pages/AddressAndContactInfo_Page/input_reEnterEMailAddress' is present

2023-09-26 18:02:17 - [TEST_STEP][PASSED] - verifyOptionsPresent(findTestObject(orPath_AddressContact + "/select_Country"), ["United States"]): Options [United States] present.

2023-09-26 18:02:18 - [MESSAGE][PASSED] - Options [United States] present.

2023-09-26 18:02:18 - [TEST_STEP][PASSED] - verifyOptionsPresent(findTestObject(orPath_AddressContact + "/select_State"), ["Alabama", "District of Columbia", "Maryland", "Virginia", "Wyoming"]): Options [Alabama, District of Columbia, Maryland, Virginia, Wyoming] present.

2023-09-26 18:02:19 - [MESSAGE][PASSED] - Options [Alabama, District of Columbia, Maryland, Virginia, Wyoming] present.

2023-09-26 18:02:19 - [TEST_STEP][PASSED] - totalOptionsState = getNumberOfTotalOption(findTestObject(orPath_AddressContact + "/select_State")): 52 options of object 'Object Repository/RAD_Pages/AddressAndContactInfo_Page/select_State' counted

2023-09-26 18:02:20 - [MESSAGE][PASSED] - 52 options of object 'Object Repository/RAD_Pages/AddressAndContactInfo_Page/select_State' counted

2023-09-26 18:02:20 - [TEST_STEP][PASSED] - verifyEqual(totalOptionsState, 52): Actual object '52' and expected object '52' are equal

2023-09-26 18:02:20 - [MESSAGE][PASSED] - Actual object '52' and expected object '52' are equal

2023-09-26 18:02:20 - [TEST_STEP][PASSED] - existing_FEIN = new com.kms.katalon.core.testobject.TestObject(): null

2023-09-26 18:02:20 - [TEST_STEP][PASSED] - existing_FEIN.setSelectorMethod(BASIC): null

2023-09-26 18:02:20 - [TEST_STEP][PASSED] - existing_FEIN.addProperty("name", EQUALS, "taxTypeExisitingFEIN"): null

2023-09-26 18:02:20 - [TEST_STEP][PASSED] - existing_FEIN.addProperty("id", EQUALS, "taxTypeExisitingFEIN"): null

2023-09-26 18:02:20 - [TEST_STEP][PASSED] - existing_FEIN_Retype = new com.kms.katalon.core.testobject.TestObject(): null

2023-09-26 18:02:20 - [TEST_STEP][PASSED] - existing_FEIN_Retype.setSelectorMethod(BASIC): null

2023-09-26 18:02:20 - [TEST_STEP][PASSED] - existing_FEIN_Retype.addProperty("name", EQUALS, "reTaxTypeExisitingFEIN"): null

2023-09-26 18:02:20 - [TEST_STEP][PASSED] - existing_FEIN_Retype.addProperty("id", EQUALS, "reTaxTypeExisitingFEIN"): null

2023-09-26 18:02:20 - [TEST_STEP][PASSED] - verifyTextPresent("Tax Information", true): Text 'Tax Information' is present on page  using regular expression

2023-09-26 18:02:20 - [MESSAGE][PASSED] - Text 'Tax Information' is present on page  using regular expression

2023-09-26 18:02:20 - [TEST_STEP][PASSED] - verifyElementPresent(existing_FEIN, 30): Object '' is present

2023-09-26 18:02:20 - [MESSAGE][PASSED] - Object '' is present

2023-09-26 18:02:20 - [TEST_STEP][PASSED] - verifyElementPresent(existing_FEIN_Retype, 30): Object '' is present

2023-09-26 18:02:21 - [MESSAGE][PASSED] - Object '' is present

2023-09-26 18:02:21 - [TEST_STEP][PASSED] - verifyElementPresent(findTestObject(orPath_TaxInfo + "/input_NoticeInvoiceNumber"), 30): Object 'Object Repository/RAD_Pages/TaxInfo_Page/input_NoticeInvoiceNumber' is present

2023-09-26 18:02:21 - [MESSAGE][PASSED] - Object 'Object Repository/RAD_Pages/TaxInfo_Page/input_NoticeInvoiceNumber' is present

2023-09-26 18:02:21 - [TEST_STEP][PASSED] - verifyElementVisible(findTestObject(orPath_TaxInfo + "/input_NoticeInvoiceNumber")): Object 'Object Repository/RAD_Pages/TaxInfo_Page/input_NoticeInvoiceNumber' is visible

2023-09-26 18:02:21 - [MESSAGE][PASSED] - Object 'Object Repository/RAD_Pages/TaxInfo_Page/input_NoticeInvoiceNumber' is visible

2023-09-26 18:02:21 - [TEST_STEP][PASSED] - verifyElementPresent(findTestObject(orPath_TaxInfo + "/input_reTypeNoticeInvoiceNumber"), 30): Object 'Object Repository/RAD_Pages/TaxInfo_Page/input_reTypeNoticeInvoiceNumber' is present

2023-09-26 18:02:22 - [MESSAGE][PASSED] - Object 'Object Repository/RAD_Pages/TaxInfo_Page/input_reTypeNoticeInvoiceNumber' is present

2023-09-26 18:02:22 - [TEST_STEP][PASSED] - verifyElementVisible(findTestObject(orPath_TaxInfo + "/input_reTypeNoticeInvoiceNumber")): Object 'Object Repository/RAD_Pages/TaxInfo_Page/input_reTypeNoticeInvoiceNumber' is visible

2023-09-26 18:02:22 - [MESSAGE][PASSED] - Object 'Object Repository/RAD_Pages/TaxInfo_Page/input_reTypeNoticeInvoiceNumber' is visible

2023-09-26 18:02:22 - [TEST_STEP][PASSED] - verifyElementNotVisible(findTestObject(orPath_FilingStatus + "/input_userType_Individual")): Object 'Object Repository/RAD_Pages/FilingStatus_Page/input_userType_Individual' is NOT visible

2023-09-26 18:02:22 - [MESSAGE][PASSED] - Object 'Object Repository/RAD_Pages/FilingStatus_Page/input_userType_Individual' is NOT visible

2023-09-26 18:02:22 - [TEST_STEP][PASSED] - verifyElementNotVisible(findTestObject(orPath_FilingStatus + "/input_userType_Joint")): Object 'Object Repository/RAD_Pages/FilingStatus_Page/input_userType_Joint' is NOT visible

2023-09-26 18:02:23 - [MESSAGE][PASSED] - Object 'Object Repository/RAD_Pages/FilingStatus_Page/input_userType_Joint' is NOT visible

2023-09-26 18:02:23 - [TEST_STEP][PASSED] - verifyElementNotVisible(findTestObject(orPath_TaxInfo + "/input_MDCRegistrationEL")): Object 'Object Repository/RAD_Pages/TaxInfo_Page/input_MDCRegistrationEL' is NOT visible

2023-09-26 18:02:23 - [MESSAGE][PASSED] - Object 'Object Repository/RAD_Pages/TaxInfo_Page/input_MDCRegistrationEL' is NOT visible

2023-09-26 18:02:23 - [TEST_STEP][PASSED] - verifyTextPresent("Payment Amount", true): Text 'Payment Amount' is present on page  using regular expression

2023-09-26 18:02:23 - [MESSAGE][PASSED] - Text 'Payment Amount' is present on page  using regular expression

2023-09-26 18:02:23 - [TEST_STEP][PASSED] - verifyElementPresent(findTestObject(orPath_Amount + "/input__paymentAmount"), 30): Object 'Object Repository/RAD_Pages/PaymentAmount_Page/input__paymentAmount' is present

2023-09-26 18:02:24 - [MESSAGE][PASSED] - Object 'Object Repository/RAD_Pages/PaymentAmount_Page/input__paymentAmount' is present

2023-09-26 18:02:24 - [TEST_STEP][PASSED] - verifyElementVisible(findTestObject(orPath_Amount + "/input__paymentAmount")): Object 'Object Repository/RAD_Pages/PaymentAmount_Page/input__paymentAmount' is visible

2023-09-26 18:02:24 - [MESSAGE][PASSED] - Object 'Object Repository/RAD_Pages/PaymentAmount_Page/input__paymentAmount' is visible

2023-09-26 18:02:24 - [TEST_STEP][PASSED] - verifyTextPresent("Service Fee: This electronic government service includes a service/convenience fee. Click here for details", true): Text 'Service Fee: This electronic government service includes a service/convenience fee. Click here for details' is present on page  using regular expression

2023-09-26 18:02:25 - [MESSAGE][PASSED] - Text 'Service Fee: This electronic government service includes a service/convenience fee. Click here for details' is present on page  using regular expression

2023-09-26 18:02:25 - [TEST_STEP][PASSED] - verifyElementPresent(findTestObject(orPath_Amount + "/a_Click here for details"), 30): Object 'Object Repository/RAD_Pages/PaymentAmount_Page/a_Click here for details' is present

2023-09-26 18:02:25 - [MESSAGE][PASSED] - Object 'Object Repository/RAD_Pages/PaymentAmount_Page/a_Click here for details' is present

2023-09-26 18:02:25 - [TEST_STEP][PASSED] - verifyElementPresent(findTestObject(orPath_Landing + "/button_Continue"), 30): Object 'Object Repository/RAD_Pages/Landing_Page/button_Continue' is present

2023-09-26 18:02:25 - [MESSAGE][PASSED] - Object 'Object Repository/RAD_Pages/Landing_Page/button_Continue' is present]]></system-out>
         <system-err><![CDATA[]]></system-err>
      </testcase>
      <testcase name="Test Cases/RAD_TestCases/UI_TestCases/Existing/Existing_CorporateIncomeTax_UI_TC" time="24.618" classname="Test Cases/RAD_TestCases/UI_TestCases/Existing/Existing_CorporateIncomeTax_UI_TC" status="PASSED">
         <system-out><![CDATA[2023-09-26 18:02:25 - [TEST_CASE][PASSED] - Test Cases/RAD_TestCases/UI_TestCases/Existing/Existing_CorporateIncomeTax_UI_TC: Test Cases/RAD_TestCases/UI_TestCases/Existing/Existing_CorporateIncomeTax_UI_TC

2023-09-26 18:02:26 - [TEST_STEP][PASSED] - openBrowser(""): Browser is opened with url: ''

2023-09-26 18:02:26 - [MESSAGE][WARNING] - A browser is already opened. Closing browser and opening a new one

2023-09-26 18:02:27 - [MESSAGE][INFO] - Starting 'Chrome' driver

2023-09-26 18:02:27 - [MESSAGE][INFO] - User set preference: ['acceptInsecureCerts', 'true']

2023-09-26 18:02:27 - [MESSAGE][INFO] - Action delay is set to 0 milliseconds

2023-09-26 18:02:28 - [MESSAGE][PASSED] - Browser is opened with url: ''

2023-09-26 18:02:28 - [TEST_STEP][PASSED] - maximizeWindow(): Current window maximized

2023-09-26 18:02:28 - [MESSAGE][PASSED] - Current window maximized

2023-09-26 18:02:28 - [TEST_STEP][PASSED] - navigateToUrl(RADurl): Navigate to 'https://qa2.velocitypayment.com/client/rad/index.html' successfully

2023-09-26 18:02:30 - [MESSAGE][PASSED] - Navigate to 'https://qa2.velocitypayment.com/client/rad/index.html' successfully

2023-09-26 18:02:30 - [TEST_STEP][PASSED] - orPath_Landing = "Object Repository/RAD_Pages/Landing_Page": null

2023-09-26 18:02:30 - [TEST_STEP][PASSED] - orPath_TaxTypeFilingYear = "Object Repository/RAD_Pages/TaxTypeFilingYear_Page": null

2023-09-26 18:02:30 - [TEST_STEP][PASSED] - orPath_TaxPayer = "Object Repository/RAD_Pages/Taxpayer_Page": null

2023-09-26 18:02:30 - [TEST_STEP][PASSED] - orPath_AddressContact = "Object Repository/RAD_Pages/AddressAndContactInfo_Page": null

2023-09-26 18:02:30 - [TEST_STEP][PASSED] - orPath_FilingStatus = "Object Repository/RAD_Pages/FilingStatus_Page": null

2023-09-26 18:02:30 - [TEST_STEP][PASSED] - orPath_Amount = "Object Repository/RAD_Pages/PaymentAmount_Page": null

2023-09-26 18:02:30 - [TEST_STEP][PASSED] - orPath_TaxInfo = "Object Repository/RAD_Pages/TaxInfo_Page": null

2023-09-26 18:02:30 - [TEST_STEP][PASSED] - selectOptionByLabel(findTestObject(orPath_Landing + "/dd_TaxType"), "Existing Liability w/Notice Number", false): All options with label 'Existing Liability w/Notice Number' are selected in object 'Object Repository/RAD_Pages/Landing_Page/dd_TaxType' 

2023-09-26 18:02:30 - [MESSAGE][PASSED] - All options with label 'Existing Liability w/Notice Number' are selected in object 'Object Repository/RAD_Pages/Landing_Page/dd_TaxType' 

2023-09-26 18:02:30 - [TEST_STEP][PASSED] - selectOptionByLabel(findTestObject(orPath_TaxTypeFilingYear + "/select_TaxType_ExistingLiability"), "Corporate Income Tax", false): All options with label 'Corporate Income Tax' are selected in object 'Object Repository/RAD_Pages/TaxTypeFilingYear_Page/select_TaxType_ExistingLiability' 

2023-09-26 18:02:31 - [MESSAGE][PASSED] - All options with label 'Corporate Income Tax' are selected in object 'Object Repository/RAD_Pages/TaxTypeFilingYear_Page/select_TaxType_ExistingLiability' 

2023-09-26 18:02:31 - [TEST_STEP][PASSED] - verifyElementNotVisible(findTestObject(orPath_TaxTypeFilingYear + "/select_FilingYear")): Object 'Object Repository/RAD_Pages/TaxTypeFilingYear_Page/select_FilingYear' is NOT visible

2023-09-26 18:02:32 - [MESSAGE][PASSED] - Object 'Object Repository/RAD_Pages/TaxTypeFilingYear_Page/select_FilingYear' is NOT visible

2023-09-26 18:02:32 - [TEST_STEP][PASSED] - verifyElementNotVisible(findTestObject(orPath_TaxTypeFilingYear + "/select_PeriodEnding")): Object 'Object Repository/RAD_Pages/TaxTypeFilingYear_Page/select_PeriodEnding' is NOT visible

2023-09-26 18:02:32 - [MESSAGE][PASSED] - Object 'Object Repository/RAD_Pages/TaxTypeFilingYear_Page/select_PeriodEnding' is NOT visible

2023-09-26 18:02:32 - [TEST_STEP][PASSED] - verifyTextPresent("Taxpayer", true): Text 'Taxpayer' is present on page  using regular expression

2023-09-26 18:02:32 - [MESSAGE][PASSED] - Text 'Taxpayer' is present on page  using regular expression

2023-09-26 18:02:32 - [TEST_STEP][PASSED] - verifyTextPresent("Provide the following taxpayer information", true): Text 'Provide the following taxpayer information' is present on page  using regular expression

2023-09-26 18:02:33 - [MESSAGE][PASSED] - Text 'Provide the following taxpayer information' is present on page  using regular expression

2023-09-26 18:02:33 - [TEST_STEP][PASSED] - verifyTextPresent("Note: If you are paying on behalf of the Taxpayer, enter Taxpayer", true): Text 'Note: If you are paying on behalf of the Taxpayer, enter Taxpayer' is present on page  using regular expression

2023-09-26 18:02:33 - [MESSAGE][PASSED] - Text 'Note: If you are paying on behalf of the Taxpayer, enter Taxpayer' is present on page  using regular expression

2023-09-26 18:02:33 - [TEST_STEP][PASSED] - verifyTextPresent("information here. If you are making a payment for the Taxpayer, you will be required later to enter your own credit card, billing address and other pertinent information", true): Text 'information here. If you are making a payment for the Taxpayer, you will be required later to enter your own credit card, billing address and other pertinent information' is present on page  using regular expression

2023-09-26 18:02:34 - [MESSAGE][PASSED] - Text 'information here. If you are making a payment for the Taxpayer, you will be required later to enter your own credit card, billing address and other pertinent information' is present on page  using regular expression

2023-09-26 18:02:34 - [TEST_STEP][PASSED] - verifyElementVisible(findTestObject(orPath_TaxPayer + "/input_Note_businessName")): Object 'Object Repository/RAD_Pages/Taxpayer_Page/input_Note_businessName' is visible

2023-09-26 18:02:34 - [MESSAGE][PASSED] - Object 'Object Repository/RAD_Pages/Taxpayer_Page/input_Note_businessName' is visible

2023-09-26 18:02:34 - [TEST_STEP][PASSED] - verifyElementVisible(findTestObject(orPath_TaxPayer + "/input_BusinessRepfirstName")): Object 'Object Repository/RAD_Pages/Taxpayer_Page/input_BusinessRepfirstName' is visible

2023-09-26 18:02:34 - [MESSAGE][PASSED] - Object 'Object Repository/RAD_Pages/Taxpayer_Page/input_BusinessRepfirstName' is visible

2023-09-26 18:02:34 - [TEST_STEP][PASSED] - verifyElementVisible(findTestObject(orPath_TaxPayer + "/input_BusinessRepmiddleName")): Object 'Object Repository/RAD_Pages/Taxpayer_Page/input_BusinessRepmiddleName' is visible

2023-09-26 18:02:35 - [MESSAGE][PASSED] - Object 'Object Repository/RAD_Pages/Taxpayer_Page/input_BusinessRepmiddleName' is visible

2023-09-26 18:02:35 - [TEST_STEP][PASSED] - verifyElementVisible(findTestObject(orPath_TaxPayer + "/input_BusinessReplastName")): Object 'Object Repository/RAD_Pages/Taxpayer_Page/input_BusinessReplastName' is visible

2023-09-26 18:02:35 - [MESSAGE][PASSED] - Object 'Object Repository/RAD_Pages/Taxpayer_Page/input_BusinessReplastName' is visible

2023-09-26 18:02:35 - [TEST_STEP][PASSED] - verifyElementVisible(findTestObject(orPath_TaxPayer + "/input_BusinessRepsuffix")): Object 'Object Repository/RAD_Pages/Taxpayer_Page/input_BusinessRepsuffix' is visible

2023-09-26 18:02:35 - [MESSAGE][PASSED] - Object 'Object Repository/RAD_Pages/Taxpayer_Page/input_BusinessRepsuffix' is visible

2023-09-26 18:02:35 - [TEST_STEP][PASSED] - verifyElementNotVisible(findTestObject(orPath_TaxPayer + "/input_firstName")): Object 'Object Repository/RAD_Pages/Taxpayer_Page/input_firstName' is NOT visible

2023-09-26 18:02:36 - [MESSAGE][PASSED] - Object 'Object Repository/RAD_Pages/Taxpayer_Page/input_firstName' is NOT visible

2023-09-26 18:02:36 - [TEST_STEP][PASSED] - verifyElementNotVisible(findTestObject(orPath_TaxPayer + "/input_middleName")): Object 'Object Repository/RAD_Pages/Taxpayer_Page/input_middleName' is NOT visible

2023-09-26 18:02:36 - [MESSAGE][PASSED] - Object 'Object Repository/RAD_Pages/Taxpayer_Page/input_middleName' is NOT visible

2023-09-26 18:02:36 - [TEST_STEP][PASSED] - verifyElementNotVisible(findTestObject(orPath_TaxPayer + "/input_lastName")): Object 'Object Repository/RAD_Pages/Taxpayer_Page/input_lastName' is NOT visible

2023-09-26 18:02:36 - [MESSAGE][PASSED] - Object 'Object Repository/RAD_Pages/Taxpayer_Page/input_lastName' is NOT visible

2023-09-26 18:02:36 - [TEST_STEP][PASSED] - verifyElementNotVisible(findTestObject(orPath_TaxPayer + "/input_suffix")): Object 'Object Repository/RAD_Pages/Taxpayer_Page/input_suffix' is NOT visible

2023-09-26 18:02:37 - [MESSAGE][PASSED] - Object 'Object Repository/RAD_Pages/Taxpayer_Page/input_suffix' is NOT visible

2023-09-26 18:02:37 - [TEST_STEP][PASSED] - verifyElementNotVisible(findTestObject("RAD_RecordAndPlay/input_concatSSN")): Object 'Object Repository/RAD_RecordAndPlay/input_concatSSN' is NOT visible

2023-09-26 18:02:37 - [MESSAGE][PASSED] - Object 'Object Repository/RAD_RecordAndPlay/input_concatSSN' is NOT visible

2023-09-26 18:02:37 - [TEST_STEP][PASSED] - verifyElementNotVisible(findTestObject("RAD_RecordAndPlay/input_concatReSSN")): Object 'Object Repository/RAD_RecordAndPlay/input_concatReSSN' is NOT visible

2023-09-26 18:02:38 - [MESSAGE][PASSED] - Object 'Object Repository/RAD_RecordAndPlay/input_concatReSSN' is NOT visible

2023-09-26 18:02:38 - [TEST_STEP][PASSED] - verifyTextPresent("Address and Contact Information", true): Text 'Address and Contact Information' is present on page  using regular expression

2023-09-26 18:02:38 - [MESSAGE][PASSED] - Text 'Address and Contact Information' is present on page  using regular expression

2023-09-26 18:02:38 - [TEST_STEP][PASSED] - verifyTextPresent("Enter the taxpayer", true): Text 'Enter the taxpayer' is present on page  using regular expression

2023-09-26 18:02:39 - [MESSAGE][PASSED] - Text 'Enter the taxpayer' is present on page  using regular expression

2023-09-26 18:02:39 - [TEST_STEP][PASSED] - verifyTextPresent("address and contact information", true): Text 'address and contact information' is present on page  using regular expression

2023-09-26 18:02:39 - [MESSAGE][PASSED] - Text 'address and contact information' is present on page  using regular expression

2023-09-26 18:02:39 - [TEST_STEP][PASSED] - verifyElementPresent(findTestObject(orPath_AddressContact + "/select_Country"), 30): Object 'Object Repository/RAD_Pages/AddressAndContactInfo_Page/select_Country' is present

2023-09-26 18:02:39 - [MESSAGE][PASSED] - Object 'Object Repository/RAD_Pages/AddressAndContactInfo_Page/select_Country' is present

2023-09-26 18:02:39 - [TEST_STEP][PASSED] - verifyElementPresent(findTestObject(orPath_AddressContact + "/input_streetAddress1"), 30): Object 'Object Repository/RAD_Pages/AddressAndContactInfo_Page/input_streetAddress1' is present

2023-09-26 18:02:40 - [MESSAGE][PASSED] - Object 'Object Repository/RAD_Pages/AddressAndContactInfo_Page/input_streetAddress1' is present

2023-09-26 18:02:40 - [TEST_STEP][PASSED] - verifyElementPresent(findTestObject(orPath_AddressContact + "/input_streetAddress2"), 30): Object 'Object Repository/RAD_Pages/AddressAndContactInfo_Page/input_streetAddress2' is present

2023-09-26 18:02:40 - [MESSAGE][PASSED] - Object 'Object Repository/RAD_Pages/AddressAndContactInfo_Page/input_streetAddress2' is present

2023-09-26 18:02:40 - [TEST_STEP][PASSED] - verifyElementPresent(findTestObject(orPath_AddressContact + "/input_city"), 30): Object 'Object Repository/RAD_Pages/AddressAndContactInfo_Page/input_city' is present

2023-09-26 18:02:40 - [MESSAGE][PASSED] - Object 'Object Repository/RAD_Pages/AddressAndContactInfo_Page/input_city' is present

2023-09-26 18:02:40 - [TEST_STEP][PASSED] - verifyElementPresent(findTestObject(orPath_AddressContact + "/select_State"), 30): Object 'Object Repository/RAD_Pages/AddressAndContactInfo_Page/select_State' is present

2023-09-26 18:02:41 - [MESSAGE][PASSED] - Object 'Object Repository/RAD_Pages/AddressAndContactInfo_Page/select_State' is present

2023-09-26 18:02:41 - [TEST_STEP][PASSED] - verifyElementPresent(findTestObject(orPath_AddressContact + "/input_zipCode"), 30): Object 'Object Repository/RAD_Pages/AddressAndContactInfo_Page/input_zipCode' is present

2023-09-26 18:02:41 - [MESSAGE][PASSED] - Object 'Object Repository/RAD_Pages/AddressAndContactInfo_Page/input_zipCode' is present

2023-09-26 18:02:41 - [TEST_STEP][PASSED] - verifyElementPresent(findTestObject(orPath_AddressContact + "/input_phoneNumber"), 30): Object 'Object Repository/RAD_Pages/AddressAndContactInfo_Page/input_phoneNumber' is present

2023-09-26 18:02:41 - [MESSAGE][PASSED] - Object 'Object Repository/RAD_Pages/AddressAndContactInfo_Page/input_phoneNumber' is present

2023-09-26 18:02:41 - [TEST_STEP][PASSED] - verifyElementPresent(findTestObject(orPath_AddressContact + "/input_eMailAddress"), 30): Object 'Object Repository/RAD_Pages/AddressAndContactInfo_Page/input_eMailAddress' is present

2023-09-26 18:02:42 - [MESSAGE][PASSED] - Object 'Object Repository/RAD_Pages/AddressAndContactInfo_Page/input_eMailAddress' is present

2023-09-26 18:02:42 - [TEST_STEP][PASSED] - verifyElementPresent(findTestObject(orPath_AddressContact + "/input_reEnterEMailAddress"), 30): Object 'Object Repository/RAD_Pages/AddressAndContactInfo_Page/input_reEnterEMailAddress' is present

2023-09-26 18:02:42 - [MESSAGE][PASSED] - Object 'Object Repository/RAD_Pages/AddressAndContactInfo_Page/input_reEnterEMailAddress' is present

2023-09-26 18:02:42 - [TEST_STEP][PASSED] - verifyOptionsPresent(findTestObject(orPath_AddressContact + "/select_Country"), ["United States"]): Options [United States] present.

2023-09-26 18:02:43 - [MESSAGE][PASSED] - Options [United States] present.

2023-09-26 18:02:43 - [TEST_STEP][PASSED] - verifyOptionsPresent(findTestObject(orPath_AddressContact + "/select_State"), ["Alabama", "District of Columbia", "Maryland", "Virginia", "Wyoming"]): Options [Alabama, District of Columbia, Maryland, Virginia, Wyoming] present.

2023-09-26 18:02:44 - [MESSAGE][PASSED] - Options [Alabama, District of Columbia, Maryland, Virginia, Wyoming] present.

2023-09-26 18:02:44 - [TEST_STEP][PASSED] - totalOptionsState = getNumberOfTotalOption(findTestObject(orPath_AddressContact + "/select_State")): 52 options of object 'Object Repository/RAD_Pages/AddressAndContactInfo_Page/select_State' counted

2023-09-26 18:02:44 - [MESSAGE][PASSED] - 52 options of object 'Object Repository/RAD_Pages/AddressAndContactInfo_Page/select_State' counted

2023-09-26 18:02:44 - [TEST_STEP][PASSED] - verifyEqual(totalOptionsState, 52): Actual object '52' and expected object '52' are equal

2023-09-26 18:02:44 - [MESSAGE][PASSED] - Actual object '52' and expected object '52' are equal

2023-09-26 18:02:44 - [TEST_STEP][PASSED] - existing_FEIN = new com.kms.katalon.core.testobject.TestObject(): null

2023-09-26 18:02:44 - [TEST_STEP][PASSED] - existing_FEIN.setSelectorMethod(BASIC): null

2023-09-26 18:02:44 - [TEST_STEP][PASSED] - existing_FEIN.addProperty("name", EQUALS, "taxTypeExisitingFEIN"): null

2023-09-26 18:02:44 - [TEST_STEP][PASSED] - existing_FEIN.addProperty("id", EQUALS, "taxTypeExisitingFEIN"): null

2023-09-26 18:02:44 - [TEST_STEP][PASSED] - existing_FEIN_Retype = new com.kms.katalon.core.testobject.TestObject(): null

2023-09-26 18:02:44 - [TEST_STEP][PASSED] - existing_FEIN_Retype.setSelectorMethod(BASIC): null

2023-09-26 18:02:44 - [TEST_STEP][PASSED] - existing_FEIN_Retype.addProperty("name", EQUALS, "reTaxTypeExisitingFEIN"): null

2023-09-26 18:02:44 - [TEST_STEP][PASSED] - existing_FEIN_Retype.addProperty("id", EQUALS, "reTaxTypeExisitingFEIN"): null

2023-09-26 18:02:44 - [TEST_STEP][PASSED] - verifyTextPresent("Tax Information", true): Text 'Tax Information' is present on page  using regular expression

2023-09-26 18:02:45 - [MESSAGE][PASSED] - Text 'Tax Information' is present on page  using regular expression

2023-09-26 18:02:45 - [TEST_STEP][PASSED] - verifyElementPresent(existing_FEIN, 30): Object '' is present

2023-09-26 18:02:45 - [MESSAGE][PASSED] - Object '' is present

2023-09-26 18:02:45 - [TEST_STEP][PASSED] - verifyElementPresent(existing_FEIN_Retype, 30): Object '' is present

2023-09-26 18:02:45 - [MESSAGE][PASSED] - Object '' is present

2023-09-26 18:02:45 - [TEST_STEP][PASSED] - verifyElementPresent(findTestObject(orPath_TaxInfo + "/input_NoticeInvoiceNumber"), 30): Object 'Object Repository/RAD_Pages/TaxInfo_Page/input_NoticeInvoiceNumber' is present

2023-09-26 18:02:46 - [MESSAGE][PASSED] - Object 'Object Repository/RAD_Pages/TaxInfo_Page/input_NoticeInvoiceNumber' is present

2023-09-26 18:02:46 - [TEST_STEP][PASSED] - verifyElementVisible(findTestObject(orPath_TaxInfo + "/input_NoticeInvoiceNumber")): Object 'Object Repository/RAD_Pages/TaxInfo_Page/input_NoticeInvoiceNumber' is visible

2023-09-26 18:02:46 - [MESSAGE][PASSED] - Object 'Object Repository/RAD_Pages/TaxInfo_Page/input_NoticeInvoiceNumber' is visible

2023-09-26 18:02:46 - [TEST_STEP][PASSED] - verifyElementPresent(findTestObject(orPath_TaxInfo + "/input_reTypeNoticeInvoiceNumber"), 30): Object 'Object Repository/RAD_Pages/TaxInfo_Page/input_reTypeNoticeInvoiceNumber' is present

2023-09-26 18:02:46 - [MESSAGE][PASSED] - Object 'Object Repository/RAD_Pages/TaxInfo_Page/input_reTypeNoticeInvoiceNumber' is present

2023-09-26 18:02:46 - [TEST_STEP][PASSED] - verifyElementVisible(findTestObject(orPath_TaxInfo + "/input_reTypeNoticeInvoiceNumber")): Object 'Object Repository/RAD_Pages/TaxInfo_Page/input_reTypeNoticeInvoiceNumber' is visible

2023-09-26 18:02:47 - [MESSAGE][PASSED] - Object 'Object Repository/RAD_Pages/TaxInfo_Page/input_reTypeNoticeInvoiceNumber' is visible

2023-09-26 18:02:47 - [TEST_STEP][PASSED] - verifyElementNotVisible(findTestObject(orPath_FilingStatus + "/input_userType_Individual")): Object 'Object Repository/RAD_Pages/FilingStatus_Page/input_userType_Individual' is NOT visible

2023-09-26 18:02:47 - [MESSAGE][PASSED] - Object 'Object Repository/RAD_Pages/FilingStatus_Page/input_userType_Individual' is NOT visible

2023-09-26 18:02:47 - [TEST_STEP][PASSED] - verifyElementNotVisible(findTestObject(orPath_FilingStatus + "/input_userType_Joint")): Object 'Object Repository/RAD_Pages/FilingStatus_Page/input_userType_Joint' is NOT visible

2023-09-26 18:02:47 - [MESSAGE][PASSED] - Object 'Object Repository/RAD_Pages/FilingStatus_Page/input_userType_Joint' is NOT visible

2023-09-26 18:02:47 - [TEST_STEP][PASSED] - verifyElementNotVisible(findTestObject(orPath_TaxInfo + "/input_MDCRegistrationEL")): Object 'Object Repository/RAD_Pages/TaxInfo_Page/input_MDCRegistrationEL' is NOT visible

2023-09-26 18:02:48 - [MESSAGE][PASSED] - Object 'Object Repository/RAD_Pages/TaxInfo_Page/input_MDCRegistrationEL' is NOT visible

2023-09-26 18:02:48 - [TEST_STEP][PASSED] - verifyTextPresent("Payment Amount", true): Text 'Payment Amount' is present on page  using regular expression

2023-09-26 18:02:48 - [MESSAGE][PASSED] - Text 'Payment Amount' is present on page  using regular expression

2023-09-26 18:02:48 - [TEST_STEP][PASSED] - verifyElementPresent(findTestObject(orPath_Amount + "/input__paymentAmount"), 30): Object 'Object Repository/RAD_Pages/PaymentAmount_Page/input__paymentAmount' is present

2023-09-26 18:02:48 - [MESSAGE][PASSED] - Object 'Object Repository/RAD_Pages/PaymentAmount_Page/input__paymentAmount' is present

2023-09-26 18:02:48 - [TEST_STEP][PASSED] - verifyElementVisible(findTestObject(orPath_Amount + "/input__paymentAmount")): Object 'Object Repository/RAD_Pages/PaymentAmount_Page/input__paymentAmount' is visible

2023-09-26 18:02:49 - [MESSAGE][PASSED] - Object 'Object Repository/RAD_Pages/PaymentAmount_Page/input__paymentAmount' is visible

2023-09-26 18:02:49 - [TEST_STEP][PASSED] - verifyTextPresent("Service Fee: This electronic government service includes a service/convenience fee. Click here for details", true): Text 'Service Fee: This electronic government service includes a service/convenience fee. Click here for details' is present on page  using regular expression

2023-09-26 18:02:49 - [MESSAGE][PASSED] - Text 'Service Fee: This electronic government service includes a service/convenience fee. Click here for details' is present on page  using regular expression

2023-09-26 18:02:49 - [TEST_STEP][PASSED] - verifyElementPresent(findTestObject(orPath_Amount + "/a_Click here for details"), 30): Object 'Object Repository/RAD_Pages/PaymentAmount_Page/a_Click here for details' is present

2023-09-26 18:02:49 - [MESSAGE][PASSED] - Object 'Object Repository/RAD_Pages/PaymentAmount_Page/a_Click here for details' is present

2023-09-26 18:02:49 - [TEST_STEP][PASSED] - verifyElementPresent(findTestObject(orPath_Landing + "/button_Continue"), 30): Object 'Object Repository/RAD_Pages/Landing_Page/button_Continue' is present

2023-09-26 18:02:50 - [MESSAGE][PASSED] - Object 'Object Repository/RAD_Pages/Landing_Page/button_Continue' is present]]></system-out>
         <system-err><![CDATA[]]></system-err>
      </testcase>
      <testcase name="Test Cases/RAD_TestCases/UI_TestCases/Existing/Existing_FiduciaryTax_UI_TC" time="24.67" classname="Test Cases/RAD_TestCases/UI_TestCases/Existing/Existing_FiduciaryTax_UI_TC" status="PASSED">
         <system-out><![CDATA[2023-09-26 18:02:50 - [TEST_CASE][PASSED] - Test Cases/RAD_TestCases/UI_TestCases/Existing/Existing_FiduciaryTax_UI_TC: Test Cases/RAD_TestCases/UI_TestCases/Existing/Existing_FiduciaryTax_UI_TC

2023-09-26 18:02:50 - [TEST_STEP][PASSED] - openBrowser(""): Browser is opened with url: ''

2023-09-26 18:02:50 - [MESSAGE][WARNING] - A browser is already opened. Closing browser and opening a new one

2023-09-26 18:02:51 - [MESSAGE][INFO] - Starting 'Chrome' driver

2023-09-26 18:02:51 - [MESSAGE][INFO] - User set preference: ['acceptInsecureCerts', 'true']

2023-09-26 18:02:51 - [MESSAGE][INFO] - Action delay is set to 0 milliseconds

2023-09-26 18:02:53 - [MESSAGE][PASSED] - Browser is opened with url: ''

2023-09-26 18:02:53 - [TEST_STEP][PASSED] - maximizeWindow(): Current window maximized

2023-09-26 18:02:53 - [MESSAGE][PASSED] - Current window maximized

2023-09-26 18:02:53 - [TEST_STEP][PASSED] - navigateToUrl(RADurl): Navigate to 'https://qa2.velocitypayment.com/client/rad/index.html' successfully

2023-09-26 18:02:54 - [MESSAGE][PASSED] - Navigate to 'https://qa2.velocitypayment.com/client/rad/index.html' successfully

2023-09-26 18:02:54 - [TEST_STEP][PASSED] - orPath_Landing = "Object Repository/RAD_Pages/Landing_Page": null

2023-09-26 18:02:54 - [TEST_STEP][PASSED] - orPath_TaxTypeFilingYear = "Object Repository/RAD_Pages/TaxTypeFilingYear_Page": null

2023-09-26 18:02:54 - [TEST_STEP][PASSED] - orPath_TaxPayer = "Object Repository/RAD_Pages/Taxpayer_Page": null

2023-09-26 18:02:54 - [TEST_STEP][PASSED] - orPath_AddressContact = "Object Repository/RAD_Pages/AddressAndContactInfo_Page": null

2023-09-26 18:02:54 - [TEST_STEP][PASSED] - orPath_FilingStatus = "Object Repository/RAD_Pages/FilingStatus_Page": null

2023-09-26 18:02:54 - [TEST_STEP][PASSED] - orPath_Amount = "Object Repository/RAD_Pages/PaymentAmount_Page": null

2023-09-26 18:02:54 - [TEST_STEP][PASSED] - orPath_TaxInfo = "Object Repository/RAD_Pages/TaxInfo_Page": null

2023-09-26 18:02:54 - [TEST_STEP][PASSED] - selectOptionByLabel(findTestObject(orPath_Landing + "/dd_TaxType"), "Existing Liability w/Notice Number", false): All options with label 'Existing Liability w/Notice Number' are selected in object 'Object Repository/RAD_Pages/Landing_Page/dd_TaxType' 

2023-09-26 18:02:55 - [MESSAGE][PASSED] - All options with label 'Existing Liability w/Notice Number' are selected in object 'Object Repository/RAD_Pages/Landing_Page/dd_TaxType' 

2023-09-26 18:02:55 - [TEST_STEP][PASSED] - selectOptionByLabel(findTestObject(orPath_TaxTypeFilingYear + "/select_TaxType_ExistingLiability"), "Fiduciary Tax", false): All options with label 'Fiduciary Tax' are selected in object 'Object Repository/RAD_Pages/TaxTypeFilingYear_Page/select_TaxType_ExistingLiability' 

2023-09-26 18:02:56 - [MESSAGE][PASSED] - All options with label 'Fiduciary Tax' are selected in object 'Object Repository/RAD_Pages/TaxTypeFilingYear_Page/select_TaxType_ExistingLiability' 

2023-09-26 18:02:56 - [TEST_STEP][PASSED] - verifyElementNotVisible(findTestObject(orPath_TaxTypeFilingYear + "/select_FilingYear")): Object 'Object Repository/RAD_Pages/TaxTypeFilingYear_Page/select_FilingYear' is NOT visible

2023-09-26 18:02:56 - [MESSAGE][PASSED] - Object 'Object Repository/RAD_Pages/TaxTypeFilingYear_Page/select_FilingYear' is NOT visible

2023-09-26 18:02:56 - [TEST_STEP][PASSED] - verifyElementNotVisible(findTestObject(orPath_TaxTypeFilingYear + "/select_PeriodEnding")): Object 'Object Repository/RAD_Pages/TaxTypeFilingYear_Page/select_PeriodEnding' is NOT visible

2023-09-26 18:02:57 - [MESSAGE][PASSED] - Object 'Object Repository/RAD_Pages/TaxTypeFilingYear_Page/select_PeriodEnding' is NOT visible

2023-09-26 18:02:57 - [TEST_STEP][PASSED] - verifyElementVisible(findTestObject(orPath_TaxPayer + "/input_Note_businessName")): Object 'Object Repository/RAD_Pages/Taxpayer_Page/input_Note_businessName' is visible

2023-09-26 18:02:57 - [MESSAGE][PASSED] - Object 'Object Repository/RAD_Pages/Taxpayer_Page/input_Note_businessName' is visible

2023-09-26 18:02:57 - [TEST_STEP][PASSED] - verifyElementVisible(findTestObject(orPath_TaxPayer + "/input_BusinessRepfirstName")): Object 'Object Repository/RAD_Pages/Taxpayer_Page/input_BusinessRepfirstName' is visible

2023-09-26 18:02:57 - [MESSAGE][PASSED] - Object 'Object Repository/RAD_Pages/Taxpayer_Page/input_BusinessRepfirstName' is visible

2023-09-26 18:02:57 - [TEST_STEP][PASSED] - verifyElementVisible(findTestObject(orPath_TaxPayer + "/input_BusinessRepmiddleName")): Object 'Object Repository/RAD_Pages/Taxpayer_Page/input_BusinessRepmiddleName' is visible

2023-09-26 18:02:58 - [MESSAGE][PASSED] - Object 'Object Repository/RAD_Pages/Taxpayer_Page/input_BusinessRepmiddleName' is visible

2023-09-26 18:02:58 - [TEST_STEP][PASSED] - verifyElementVisible(findTestObject(orPath_TaxPayer + "/input_BusinessReplastName")): Object 'Object Repository/RAD_Pages/Taxpayer_Page/input_BusinessReplastName' is visible

2023-09-26 18:02:58 - [MESSAGE][PASSED] - Object 'Object Repository/RAD_Pages/Taxpayer_Page/input_BusinessReplastName' is visible

2023-09-26 18:02:58 - [TEST_STEP][PASSED] - verifyElementVisible(findTestObject(orPath_TaxPayer + "/input_BusinessRepsuffix")): Object 'Object Repository/RAD_Pages/Taxpayer_Page/input_BusinessRepsuffix' is visible

2023-09-26 18:02:58 - [MESSAGE][PASSED] - Object 'Object Repository/RAD_Pages/Taxpayer_Page/input_BusinessRepsuffix' is visible

2023-09-26 18:02:58 - [TEST_STEP][PASSED] - verifyTextPresent("Taxpayer", true): Text 'Taxpayer' is present on page  using regular expression

2023-09-26 18:02:59 - [MESSAGE][PASSED] - Text 'Taxpayer' is present on page  using regular expression

2023-09-26 18:02:59 - [TEST_STEP][PASSED] - verifyTextPresent("Provide the following taxpayer information", true): Text 'Provide the following taxpayer information' is present on page  using regular expression

2023-09-26 18:02:59 - [MESSAGE][PASSED] - Text 'Provide the following taxpayer information' is present on page  using regular expression

2023-09-26 18:02:59 - [TEST_STEP][PASSED] - verifyTextPresent("Note: If you are paying on behalf of the Taxpayer, enter Taxpayer", true): Text 'Note: If you are paying on behalf of the Taxpayer, enter Taxpayer' is present on page  using regular expression

2023-09-26 18:03:00 - [MESSAGE][PASSED] - Text 'Note: If you are paying on behalf of the Taxpayer, enter Taxpayer' is present on page  using regular expression

2023-09-26 18:03:00 - [TEST_STEP][PASSED] - verifyTextPresent("information here. If you are making a payment for the Taxpayer, you will be required later to enter your own credit card, billing address and other pertinent information", true): Text 'information here. If you are making a payment for the Taxpayer, you will be required later to enter your own credit card, billing address and other pertinent information' is present on page  using regular expression

2023-09-26 18:03:00 - [MESSAGE][PASSED] - Text 'information here. If you are making a payment for the Taxpayer, you will be required later to enter your own credit card, billing address and other pertinent information' is present on page  using regular expression

2023-09-26 18:03:00 - [TEST_STEP][PASSED] - verifyElementNotVisible(findTestObject(orPath_TaxPayer + "/input_firstName")): Object 'Object Repository/RAD_Pages/Taxpayer_Page/input_firstName' is NOT visible

2023-09-26 18:03:00 - [MESSAGE][PASSED] - Object 'Object Repository/RAD_Pages/Taxpayer_Page/input_firstName' is NOT visible

2023-09-26 18:03:00 - [TEST_STEP][PASSED] - verifyElementNotVisible(findTestObject(orPath_TaxPayer + "/input_middleName")): Object 'Object Repository/RAD_Pages/Taxpayer_Page/input_middleName' is NOT visible

2023-09-26 18:03:01 - [MESSAGE][PASSED] - Object 'Object Repository/RAD_Pages/Taxpayer_Page/input_middleName' is NOT visible

2023-09-26 18:03:01 - [TEST_STEP][PASSED] - verifyElementNotVisible(findTestObject(orPath_TaxPayer + "/input_lastName")): Object 'Object Repository/RAD_Pages/Taxpayer_Page/input_lastName' is NOT visible

2023-09-26 18:03:01 - [MESSAGE][PASSED] - Object 'Object Repository/RAD_Pages/Taxpayer_Page/input_lastName' is NOT visible

2023-09-26 18:03:01 - [TEST_STEP][PASSED] - verifyElementNotVisible(findTestObject(orPath_TaxPayer + "/input_suffix")): Object 'Object Repository/RAD_Pages/Taxpayer_Page/input_suffix' is NOT visible

2023-09-26 18:03:01 - [MESSAGE][PASSED] - Object 'Object Repository/RAD_Pages/Taxpayer_Page/input_suffix' is NOT visible

2023-09-26 18:03:01 - [TEST_STEP][PASSED] - verifyElementNotVisible(findTestObject("RAD_RecordAndPlay/input_concatSSN")): Object 'Object Repository/RAD_RecordAndPlay/input_concatSSN' is NOT visible

2023-09-26 18:03:02 - [MESSAGE][PASSED] - Object 'Object Repository/RAD_RecordAndPlay/input_concatSSN' is NOT visible

2023-09-26 18:03:02 - [TEST_STEP][PASSED] - verifyElementNotVisible(findTestObject("RAD_RecordAndPlay/input_concatReSSN")): Object 'Object Repository/RAD_RecordAndPlay/input_concatReSSN' is NOT visible

2023-09-26 18:03:02 - [MESSAGE][PASSED] - Object 'Object Repository/RAD_RecordAndPlay/input_concatReSSN' is NOT visible

2023-09-26 18:03:02 - [TEST_STEP][PASSED] - verifyTextPresent("Address and Contact Information", true): Text 'Address and Contact Information' is present on page  using regular expression

2023-09-26 18:03:03 - [MESSAGE][PASSED] - Text 'Address and Contact Information' is present on page  using regular expression

2023-09-26 18:03:03 - [TEST_STEP][PASSED] - verifyTextPresent("Enter the taxpayer", true): Text 'Enter the taxpayer' is present on page  using regular expression

2023-09-26 18:03:03 - [MESSAGE][PASSED] - Text 'Enter the taxpayer' is present on page  using regular expression

2023-09-26 18:03:03 - [TEST_STEP][PASSED] - verifyTextPresent("address and contact information", true): Text 'address and contact information' is present on page  using regular expression

2023-09-26 18:03:04 - [MESSAGE][PASSED] - Text 'address and contact information' is present on page  using regular expression

2023-09-26 18:03:04 - [TEST_STEP][PASSED] - verifyElementPresent(findTestObject(orPath_AddressContact + "/select_Country"), 30): Object 'Object Repository/RAD_Pages/AddressAndContactInfo_Page/select_Country' is present

2023-09-26 18:03:04 - [MESSAGE][PASSED] - Object 'Object Repository/RAD_Pages/AddressAndContactInfo_Page/select_Country' is present

2023-09-26 18:03:04 - [TEST_STEP][PASSED] - verifyElementPresent(findTestObject(orPath_AddressContact + "/input_streetAddress1"), 30): Object 'Object Repository/RAD_Pages/AddressAndContactInfo_Page/input_streetAddress1' is present

2023-09-26 18:03:04 - [MESSAGE][PASSED] - Object 'Object Repository/RAD_Pages/AddressAndContactInfo_Page/input_streetAddress1' is present

2023-09-26 18:03:04 - [TEST_STEP][PASSED] - verifyElementPresent(findTestObject(orPath_AddressContact + "/input_streetAddress2"), 30): Object 'Object Repository/RAD_Pages/AddressAndContactInfo_Page/input_streetAddress2' is present

2023-09-26 18:03:05 - [MESSAGE][PASSED] - Object 'Object Repository/RAD_Pages/AddressAndContactInfo_Page/input_streetAddress2' is present

2023-09-26 18:03:05 - [TEST_STEP][PASSED] - verifyElementPresent(findTestObject(orPath_AddressContact + "/input_city"), 30): Object 'Object Repository/RAD_Pages/AddressAndContactInfo_Page/input_city' is present

2023-09-26 18:03:05 - [MESSAGE][PASSED] - Object 'Object Repository/RAD_Pages/AddressAndContactInfo_Page/input_city' is present

2023-09-26 18:03:05 - [TEST_STEP][PASSED] - verifyElementPresent(findTestObject(orPath_AddressContact + "/select_State"), 30): Object 'Object Repository/RAD_Pages/AddressAndContactInfo_Page/select_State' is present

2023-09-26 18:03:05 - [MESSAGE][PASSED] - Object 'Object Repository/RAD_Pages/AddressAndContactInfo_Page/select_State' is present

2023-09-26 18:03:05 - [TEST_STEP][PASSED] - verifyElementPresent(findTestObject(orPath_AddressContact + "/input_zipCode"), 30): Object 'Object Repository/RAD_Pages/AddressAndContactInfo_Page/input_zipCode' is present

2023-09-26 18:03:06 - [MESSAGE][PASSED] - Object 'Object Repository/RAD_Pages/AddressAndContactInfo_Page/input_zipCode' is present

2023-09-26 18:03:06 - [TEST_STEP][PASSED] - verifyElementPresent(findTestObject(orPath_AddressContact + "/input_phoneNumber"), 30): Object 'Object Repository/RAD_Pages/AddressAndContactInfo_Page/input_phoneNumber' is present

2023-09-26 18:03:06 - [MESSAGE][PASSED] - Object 'Object Repository/RAD_Pages/AddressAndContactInfo_Page/input_phoneNumber' is present

2023-09-26 18:03:06 - [TEST_STEP][PASSED] - verifyElementPresent(findTestObject(orPath_AddressContact + "/input_eMailAddress"), 30): Object 'Object Repository/RAD_Pages/AddressAndContactInfo_Page/input_eMailAddress' is present

2023-09-26 18:03:07 - [MESSAGE][PASSED] - Object 'Object Repository/RAD_Pages/AddressAndContactInfo_Page/input_eMailAddress' is present

2023-09-26 18:03:07 - [TEST_STEP][PASSED] - verifyElementPresent(findTestObject(orPath_AddressContact + "/input_reEnterEMailAddress"), 30): Object 'Object Repository/RAD_Pages/AddressAndContactInfo_Page/input_reEnterEMailAddress' is present

2023-09-26 18:03:07 - [MESSAGE][PASSED] - Object 'Object Repository/RAD_Pages/AddressAndContactInfo_Page/input_reEnterEMailAddress' is present

2023-09-26 18:03:07 - [TEST_STEP][PASSED] - verifyOptionsPresent(findTestObject(orPath_AddressContact + "/select_Country"), ["United States"]): Options [United States] present.

2023-09-26 18:03:07 - [MESSAGE][PASSED] - Options [United States] present.

2023-09-26 18:03:07 - [TEST_STEP][PASSED] - verifyOptionsPresent(findTestObject(orPath_AddressContact + "/select_State"), ["Alabama", "District of Columbia", "Maryland", "Virginia", "Wyoming"]): Options [Alabama, District of Columbia, Maryland, Virginia, Wyoming] present.

2023-09-26 18:03:08 - [MESSAGE][PASSED] - Options [Alabama, District of Columbia, Maryland, Virginia, Wyoming] present.

2023-09-26 18:03:08 - [TEST_STEP][PASSED] - totalOptionsState = getNumberOfTotalOption(findTestObject(orPath_AddressContact + "/select_State")): 52 options of object 'Object Repository/RAD_Pages/AddressAndContactInfo_Page/select_State' counted

2023-09-26 18:03:09 - [MESSAGE][PASSED] - 52 options of object 'Object Repository/RAD_Pages/AddressAndContactInfo_Page/select_State' counted

2023-09-26 18:03:09 - [TEST_STEP][PASSED] - verifyEqual(totalOptionsState, 52): Actual object '52' and expected object '52' are equal

2023-09-26 18:03:09 - [MESSAGE][PASSED] - Actual object '52' and expected object '52' are equal

2023-09-26 18:03:09 - [TEST_STEP][PASSED] - existing_FEIN = new com.kms.katalon.core.testobject.TestObject(): null

2023-09-26 18:03:09 - [TEST_STEP][PASSED] - existing_FEIN.setSelectorMethod(BASIC): null

2023-09-26 18:03:09 - [TEST_STEP][PASSED] - existing_FEIN.addProperty("name", EQUALS, "taxTypeExisitingFEIN"): null

2023-09-26 18:03:09 - [TEST_STEP][PASSED] - existing_FEIN.addProperty("id", EQUALS, "taxTypeExisitingFEIN"): null

2023-09-26 18:03:09 - [TEST_STEP][PASSED] - existing_FEIN_Retype = new com.kms.katalon.core.testobject.TestObject(): null

2023-09-26 18:03:09 - [TEST_STEP][PASSED] - existing_FEIN_Retype.setSelectorMethod(BASIC): null

2023-09-26 18:03:09 - [TEST_STEP][PASSED] - existing_FEIN_Retype.addProperty("name", EQUALS, "reTaxTypeExisitingFEIN"): null

2023-09-26 18:03:09 - [TEST_STEP][PASSED] - existing_FEIN_Retype.addProperty("id", EQUALS, "reTaxTypeExisitingFEIN"): null

2023-09-26 18:03:09 - [TEST_STEP][PASSED] - verifyTextPresent("Tax Information", true): Text 'Tax Information' is present on page  using regular expression

2023-09-26 18:03:09 - [MESSAGE][PASSED] - Text 'Tax Information' is present on page  using regular expression

2023-09-26 18:03:09 - [TEST_STEP][PASSED] - verifyElementPresent(existing_FEIN, 30): Object '' is present

2023-09-26 18:03:10 - [MESSAGE][PASSED] - Object '' is present

2023-09-26 18:03:10 - [TEST_STEP][PASSED] - verifyElementPresent(existing_FEIN_Retype, 30): Object '' is present

2023-09-26 18:03:10 - [MESSAGE][PASSED] - Object '' is present

2023-09-26 18:03:10 - [TEST_STEP][PASSED] - verifyElementPresent(findTestObject(orPath_TaxInfo + "/input_NoticeInvoiceNumber"), 30): Object 'Object Repository/RAD_Pages/TaxInfo_Page/input_NoticeInvoiceNumber' is present

2023-09-26 18:03:10 - [MESSAGE][PASSED] - Object 'Object Repository/RAD_Pages/TaxInfo_Page/input_NoticeInvoiceNumber' is present

2023-09-26 18:03:10 - [TEST_STEP][PASSED] - verifyElementVisible(findTestObject(orPath_TaxInfo + "/input_NoticeInvoiceNumber")): Object 'Object Repository/RAD_Pages/TaxInfo_Page/input_NoticeInvoiceNumber' is visible

2023-09-26 18:03:11 - [MESSAGE][PASSED] - Object 'Object Repository/RAD_Pages/TaxInfo_Page/input_NoticeInvoiceNumber' is visible

2023-09-26 18:03:11 - [TEST_STEP][PASSED] - verifyElementPresent(findTestObject(orPath_TaxInfo + "/input_reTypeNoticeInvoiceNumber"), 30): Object 'Object Repository/RAD_Pages/TaxInfo_Page/input_reTypeNoticeInvoiceNumber' is present

2023-09-26 18:03:11 - [MESSAGE][PASSED] - Object 'Object Repository/RAD_Pages/TaxInfo_Page/input_reTypeNoticeInvoiceNumber' is present

2023-09-26 18:03:11 - [TEST_STEP][PASSED] - verifyElementVisible(findTestObject(orPath_TaxInfo + "/input_reTypeNoticeInvoiceNumber")): Object 'Object Repository/RAD_Pages/TaxInfo_Page/input_reTypeNoticeInvoiceNumber' is visible

2023-09-26 18:03:11 - [MESSAGE][PASSED] - Object 'Object Repository/RAD_Pages/TaxInfo_Page/input_reTypeNoticeInvoiceNumber' is visible

2023-09-26 18:03:11 - [TEST_STEP][PASSED] - verifyElementNotVisible(findTestObject(orPath_FilingStatus + "/input_userType_Individual")): Object 'Object Repository/RAD_Pages/FilingStatus_Page/input_userType_Individual' is NOT visible

2023-09-26 18:03:12 - [MESSAGE][PASSED] - Object 'Object Repository/RAD_Pages/FilingStatus_Page/input_userType_Individual' is NOT visible

2023-09-26 18:03:12 - [TEST_STEP][PASSED] - verifyElementNotVisible(findTestObject(orPath_FilingStatus + "/input_userType_Joint")): Object 'Object Repository/RAD_Pages/FilingStatus_Page/input_userType_Joint' is NOT visible

2023-09-26 18:03:12 - [MESSAGE][PASSED] - Object 'Object Repository/RAD_Pages/FilingStatus_Page/input_userType_Joint' is NOT visible

2023-09-26 18:03:12 - [TEST_STEP][PASSED] - verifyElementNotVisible(findTestObject(orPath_TaxInfo + "/input_MDCRegistrationEL")): Object 'Object Repository/RAD_Pages/TaxInfo_Page/input_MDCRegistrationEL' is NOT visible

2023-09-26 18:03:12 - [MESSAGE][PASSED] - Object 'Object Repository/RAD_Pages/TaxInfo_Page/input_MDCRegistrationEL' is NOT visible

2023-09-26 18:03:12 - [TEST_STEP][PASSED] - verifyTextPresent("Payment Amount", true): Text 'Payment Amount' is present on page  using regular expression

2023-09-26 18:03:13 - [MESSAGE][PASSED] - Text 'Payment Amount' is present on page  using regular expression

2023-09-26 18:03:13 - [TEST_STEP][PASSED] - verifyElementPresent(findTestObject(orPath_Amount + "/input__paymentAmount"), 30): Object 'Object Repository/RAD_Pages/PaymentAmount_Page/input__paymentAmount' is present

2023-09-26 18:03:13 - [MESSAGE][PASSED] - Object 'Object Repository/RAD_Pages/PaymentAmount_Page/input__paymentAmount' is present

2023-09-26 18:03:13 - [TEST_STEP][PASSED] - verifyElementVisible(findTestObject(orPath_Amount + "/input__paymentAmount")): Object 'Object Repository/RAD_Pages/PaymentAmount_Page/input__paymentAmount' is visible

2023-09-26 18:03:13 - [MESSAGE][PASSED] - Object 'Object Repository/RAD_Pages/PaymentAmount_Page/input__paymentAmount' is visible

2023-09-26 18:03:13 - [TEST_STEP][PASSED] - verifyTextPresent("Service Fee: This electronic government service includes a service/convenience fee. Click here for details", true): Text 'Service Fee: This electronic government service includes a service/convenience fee. Click here for details' is present on page  using regular expression

2023-09-26 18:03:14 - [MESSAGE][PASSED] - Text 'Service Fee: This electronic government service includes a service/convenience fee. Click here for details' is present on page  using regular expression

2023-09-26 18:03:14 - [TEST_STEP][PASSED] - verifyElementPresent(findTestObject(orPath_Amount + "/a_Click here for details"), 30): Object 'Object Repository/RAD_Pages/PaymentAmount_Page/a_Click here for details' is present

2023-09-26 18:03:14 - [MESSAGE][PASSED] - Object 'Object Repository/RAD_Pages/PaymentAmount_Page/a_Click here for details' is present

2023-09-26 18:03:14 - [TEST_STEP][PASSED] - verifyElementPresent(findTestObject(orPath_Landing + "/button_Continue"), 30): Object 'Object Repository/RAD_Pages/Landing_Page/button_Continue' is present

2023-09-26 18:03:14 - [MESSAGE][PASSED] - Object 'Object Repository/RAD_Pages/Landing_Page/button_Continue' is present]]></system-out>
         <system-err><![CDATA[]]></system-err>
      </testcase>
      <testcase name="Test Cases/RAD_TestCases/UI_TestCases/Existing/Existing_PersonalIncomeTax_UI_TC" time="25.282" classname="Test Cases/RAD_TestCases/UI_TestCases/Existing/Existing_PersonalIncomeTax_UI_TC" status="PASSED">
         <system-out><![CDATA[2023-09-26 18:03:14 - [TEST_CASE][PASSED] - Test Cases/RAD_TestCases/UI_TestCases/Existing/Existing_PersonalIncomeTax_UI_TC: Test Cases/RAD_TestCases/UI_TestCases/Existing/Existing_PersonalIncomeTax_UI_TC

2023-09-26 18:03:15 - [TEST_STEP][PASSED] - openBrowser(""): Browser is opened with url: ''

2023-09-26 18:03:15 - [MESSAGE][WARNING] - A browser is already opened. Closing browser and opening a new one

2023-09-26 18:03:16 - [MESSAGE][INFO] - Starting 'Chrome' driver

2023-09-26 18:03:16 - [MESSAGE][INFO] - User set preference: ['acceptInsecureCerts', 'true']

2023-09-26 18:03:16 - [MESSAGE][INFO] - Action delay is set to 0 milliseconds

2023-09-26 18:03:17 - [MESSAGE][PASSED] - Browser is opened with url: ''

2023-09-26 18:03:17 - [TEST_STEP][PASSED] - maximizeWindow(): Current window maximized

2023-09-26 18:03:17 - [MESSAGE][PASSED] - Current window maximized

2023-09-26 18:03:17 - [TEST_STEP][PASSED] - navigateToUrl(RADurl): Navigate to 'https://qa2.velocitypayment.com/client/rad/index.html' successfully

2023-09-26 18:03:19 - [MESSAGE][PASSED] - Navigate to 'https://qa2.velocitypayment.com/client/rad/index.html' successfully

2023-09-26 18:03:19 - [TEST_STEP][PASSED] - orPath_Landing = "Object Repository/RAD_Pages/Landing_Page": null

2023-09-26 18:03:19 - [TEST_STEP][PASSED] - orPath_TaxTypeFilingYear = "Object Repository/RAD_Pages/TaxTypeFilingYear_Page": null

2023-09-26 18:03:19 - [TEST_STEP][PASSED] - orPath_TaxPayer = "Object Repository/RAD_Pages/Taxpayer_Page": null

2023-09-26 18:03:19 - [TEST_STEP][PASSED] - orPath_AddressContact = "Object Repository/RAD_Pages/AddressAndContactInfo_Page": null

2023-09-26 18:03:19 - [TEST_STEP][PASSED] - orPath_FilingStatus = "Object Repository/RAD_Pages/FilingStatus_Page": null

2023-09-26 18:03:19 - [TEST_STEP][PASSED] - orPath_Amount = "Object Repository/RAD_Pages/PaymentAmount_Page": null

2023-09-26 18:03:19 - [TEST_STEP][PASSED] - orPath_TaxInfo = "Object Repository/RAD_Pages/TaxInfo_Page": null

2023-09-26 18:03:19 - [TEST_STEP][PASSED] - selectOptionByLabel(findTestObject(orPath_Landing + "/dd_TaxType"), "Existing Liability w/Notice Number", false): All options with label 'Existing Liability w/Notice Number' are selected in object 'Object Repository/RAD_Pages/Landing_Page/dd_TaxType' 

2023-09-26 18:03:20 - [MESSAGE][PASSED] - All options with label 'Existing Liability w/Notice Number' are selected in object 'Object Repository/RAD_Pages/Landing_Page/dd_TaxType' 

2023-09-26 18:03:20 - [TEST_STEP][PASSED] - selectOptionByLabel(findTestObject(orPath_TaxTypeFilingYear + "/select_TaxType_ExistingLiability"), "Personal Income Tax", false): All options with label 'Personal Income Tax' are selected in object 'Object Repository/RAD_Pages/TaxTypeFilingYear_Page/select_TaxType_ExistingLiability' 

2023-09-26 18:03:21 - [MESSAGE][PASSED] - All options with label 'Personal Income Tax' are selected in object 'Object Repository/RAD_Pages/TaxTypeFilingYear_Page/select_TaxType_ExistingLiability' 

2023-09-26 18:03:21 - [TEST_STEP][PASSED] - verifyElementNotVisible(findTestObject(orPath_TaxTypeFilingYear + "/select_FilingYear")): Object 'Object Repository/RAD_Pages/TaxTypeFilingYear_Page/select_FilingYear' is NOT visible

2023-09-26 18:03:21 - [MESSAGE][PASSED] - Object 'Object Repository/RAD_Pages/TaxTypeFilingYear_Page/select_FilingYear' is NOT visible

2023-09-26 18:03:21 - [TEST_STEP][PASSED] - verifyElementNotVisible(findTestObject(orPath_TaxTypeFilingYear + "/select_PeriodEnding")): Object 'Object Repository/RAD_Pages/TaxTypeFilingYear_Page/select_PeriodEnding' is NOT visible

2023-09-26 18:03:21 - [MESSAGE][PASSED] - Object 'Object Repository/RAD_Pages/TaxTypeFilingYear_Page/select_PeriodEnding' is NOT visible

2023-09-26 18:03:21 - [TEST_STEP][PASSED] - verifyTextPresent("Taxpayer", true): Text 'Taxpayer' is present on page  using regular expression

2023-09-26 18:03:22 - [MESSAGE][PASSED] - Text 'Taxpayer' is present on page  using regular expression

2023-09-26 18:03:22 - [TEST_STEP][PASSED] - verifyTextPresent("Provide the following taxpayer information", true): Text 'Provide the following taxpayer information' is present on page  using regular expression

2023-09-26 18:03:22 - [MESSAGE][PASSED] - Text 'Provide the following taxpayer information' is present on page  using regular expression

2023-09-26 18:03:22 - [TEST_STEP][PASSED] - verifyTextPresent("Note: If you are paying on behalf of the Taxpayer, enter Taxpayer", true): Text 'Note: If you are paying on behalf of the Taxpayer, enter Taxpayer' is present on page  using regular expression

2023-09-26 18:03:23 - [MESSAGE][PASSED] - Text 'Note: If you are paying on behalf of the Taxpayer, enter Taxpayer' is present on page  using regular expression

2023-09-26 18:03:23 - [TEST_STEP][PASSED] - verifyTextPresent("information here. If you are making a payment for the Taxpayer, you will be required later to enter your own credit card, billing address and other pertinent information", true): Text 'information here. If you are making a payment for the Taxpayer, you will be required later to enter your own credit card, billing address and other pertinent information' is present on page  using regular expression

2023-09-26 18:03:23 - [MESSAGE][PASSED] - Text 'information here. If you are making a payment for the Taxpayer, you will be required later to enter your own credit card, billing address and other pertinent information' is present on page  using regular expression

2023-09-26 18:03:23 - [TEST_STEP][PASSED] - verifyElementNotVisible(findTestObject(orPath_TaxPayer + "/input_Note_businessName")): Object 'Object Repository/RAD_Pages/Taxpayer_Page/input_Note_businessName' is NOT visible

2023-09-26 18:03:23 - [MESSAGE][PASSED] - Object 'Object Repository/RAD_Pages/Taxpayer_Page/input_Note_businessName' is NOT visible

2023-09-26 18:03:23 - [TEST_STEP][PASSED] - verifyElementPresent(findTestObject(orPath_TaxPayer + "/input_firstName"), 30): Object 'Object Repository/RAD_Pages/Taxpayer_Page/input_firstName' is present

2023-09-26 18:03:24 - [MESSAGE][PASSED] - Object 'Object Repository/RAD_Pages/Taxpayer_Page/input_firstName' is present

2023-09-26 18:03:24 - [TEST_STEP][PASSED] - verifyElementVisible(findTestObject(orPath_TaxPayer + "/input_firstName")): Object 'Object Repository/RAD_Pages/Taxpayer_Page/input_firstName' is visible

2023-09-26 18:03:24 - [MESSAGE][PASSED] - Object 'Object Repository/RAD_Pages/Taxpayer_Page/input_firstName' is visible

2023-09-26 18:03:24 - [TEST_STEP][PASSED] - verifyElementPresent(findTestObject(orPath_TaxPayer + "/input_middleName"), 30): Object 'Object Repository/RAD_Pages/Taxpayer_Page/input_middleName' is present

2023-09-26 18:03:24 - [MESSAGE][PASSED] - Object 'Object Repository/RAD_Pages/Taxpayer_Page/input_middleName' is present

2023-09-26 18:03:24 - [TEST_STEP][PASSED] - verifyElementVisible(findTestObject(orPath_TaxPayer + "/input_middleName")): Object 'Object Repository/RAD_Pages/Taxpayer_Page/input_middleName' is visible

2023-09-26 18:03:25 - [MESSAGE][PASSED] - Object 'Object Repository/RAD_Pages/Taxpayer_Page/input_middleName' is visible

2023-09-26 18:03:25 - [TEST_STEP][PASSED] - verifyElementPresent(findTestObject(orPath_TaxPayer + "/input_lastName"), 30): Object 'Object Repository/RAD_Pages/Taxpayer_Page/input_lastName' is present

2023-09-26 18:03:25 - [MESSAGE][PASSED] - Object 'Object Repository/RAD_Pages/Taxpayer_Page/input_lastName' is present

2023-09-26 18:03:25 - [TEST_STEP][PASSED] - verifyElementVisible(findTestObject(orPath_TaxPayer + "/input_lastName")): Object 'Object Repository/RAD_Pages/Taxpayer_Page/input_lastName' is visible

2023-09-26 18:03:25 - [MESSAGE][PASSED] - Object 'Object Repository/RAD_Pages/Taxpayer_Page/input_lastName' is visible

2023-09-26 18:03:25 - [TEST_STEP][PASSED] - verifyElementPresent(findTestObject(orPath_TaxPayer + "/input_suffix"), 30): Object 'Object Repository/RAD_Pages/Taxpayer_Page/input_suffix' is present

2023-09-26 18:03:26 - [MESSAGE][PASSED] - Object 'Object Repository/RAD_Pages/Taxpayer_Page/input_suffix' is present

2023-09-26 18:03:26 - [TEST_STEP][PASSED] - verifyElementVisible(findTestObject(orPath_TaxPayer + "/input_suffix")): Object 'Object Repository/RAD_Pages/Taxpayer_Page/input_suffix' is visible

2023-09-26 18:03:26 - [MESSAGE][PASSED] - Object 'Object Repository/RAD_Pages/Taxpayer_Page/input_suffix' is visible

2023-09-26 18:03:26 - [TEST_STEP][PASSED] - verifyTextPresent("Address and Contact Information", true): Text 'Address and Contact Information' is present on page  using regular expression

2023-09-26 18:03:27 - [MESSAGE][PASSED] - Text 'Address and Contact Information' is present on page  using regular expression

2023-09-26 18:03:27 - [TEST_STEP][PASSED] - verifyTextPresent("Enter the taxpayer", true): Text 'Enter the taxpayer' is present on page  using regular expression

2023-09-26 18:03:27 - [MESSAGE][PASSED] - Text 'Enter the taxpayer' is present on page  using regular expression

2023-09-26 18:03:27 - [TEST_STEP][PASSED] - verifyTextPresent("address and contact information", true): Text 'address and contact information' is present on page  using regular expression

2023-09-26 18:03:27 - [MESSAGE][PASSED] - Text 'address and contact information' is present on page  using regular expression

2023-09-26 18:03:27 - [TEST_STEP][PASSED] - verifyElementPresent(findTestObject(orPath_AddressContact + "/select_Country"), 30): Object 'Object Repository/RAD_Pages/AddressAndContactInfo_Page/select_Country' is present

2023-09-26 18:03:28 - [MESSAGE][PASSED] - Object 'Object Repository/RAD_Pages/AddressAndContactInfo_Page/select_Country' is present

2023-09-26 18:03:28 - [TEST_STEP][PASSED] - verifyElementPresent(findTestObject(orPath_AddressContact + "/input_streetAddress1"), 30): Object 'Object Repository/RAD_Pages/AddressAndContactInfo_Page/input_streetAddress1' is present

2023-09-26 18:03:28 - [MESSAGE][PASSED] - Object 'Object Repository/RAD_Pages/AddressAndContactInfo_Page/input_streetAddress1' is present

2023-09-26 18:03:28 - [TEST_STEP][PASSED] - verifyElementPresent(findTestObject(orPath_AddressContact + "/input_streetAddress2"), 30): Object 'Object Repository/RAD_Pages/AddressAndContactInfo_Page/input_streetAddress2' is present

2023-09-26 18:03:28 - [MESSAGE][PASSED] - Object 'Object Repository/RAD_Pages/AddressAndContactInfo_Page/input_streetAddress2' is present

2023-09-26 18:03:28 - [TEST_STEP][PASSED] - verifyElementPresent(findTestObject(orPath_AddressContact + "/input_city"), 30): Object 'Object Repository/RAD_Pages/AddressAndContactInfo_Page/input_city' is present

2023-09-26 18:03:29 - [MESSAGE][PASSED] - Object 'Object Repository/RAD_Pages/AddressAndContactInfo_Page/input_city' is present

2023-09-26 18:03:29 - [TEST_STEP][PASSED] - verifyElementPresent(findTestObject(orPath_AddressContact + "/select_State"), 30): Object 'Object Repository/RAD_Pages/AddressAndContactInfo_Page/select_State' is present

2023-09-26 18:03:29 - [MESSAGE][PASSED] - Object 'Object Repository/RAD_Pages/AddressAndContactInfo_Page/select_State' is present

2023-09-26 18:03:29 - [TEST_STEP][PASSED] - verifyElementPresent(findTestObject(orPath_AddressContact + "/input_zipCode"), 30): Object 'Object Repository/RAD_Pages/AddressAndContactInfo_Page/input_zipCode' is present

2023-09-26 18:03:29 - [MESSAGE][PASSED] - Object 'Object Repository/RAD_Pages/AddressAndContactInfo_Page/input_zipCode' is present

2023-09-26 18:03:29 - [TEST_STEP][PASSED] - verifyElementPresent(findTestObject(orPath_AddressContact + "/input_phoneNumber"), 30): Object 'Object Repository/RAD_Pages/AddressAndContactInfo_Page/input_phoneNumber' is present

2023-09-26 18:03:30 - [MESSAGE][PASSED] - Object 'Object Repository/RAD_Pages/AddressAndContactInfo_Page/input_phoneNumber' is present

2023-09-26 18:03:30 - [TEST_STEP][PASSED] - verifyElementPresent(findTestObject(orPath_AddressContact + "/input_eMailAddress"), 30): Object 'Object Repository/RAD_Pages/AddressAndContactInfo_Page/input_eMailAddress' is present

2023-09-26 18:03:30 - [MESSAGE][PASSED] - Object 'Object Repository/RAD_Pages/AddressAndContactInfo_Page/input_eMailAddress' is present

2023-09-26 18:03:30 - [TEST_STEP][PASSED] - verifyElementPresent(findTestObject(orPath_AddressContact + "/input_reEnterEMailAddress"), 30): Object 'Object Repository/RAD_Pages/AddressAndContactInfo_Page/input_reEnterEMailAddress' is present

2023-09-26 18:03:30 - [MESSAGE][PASSED] - Object 'Object Repository/RAD_Pages/AddressAndContactInfo_Page/input_reEnterEMailAddress' is present

2023-09-26 18:03:30 - [TEST_STEP][PASSED] - verifyOptionsPresent(findTestObject(orPath_AddressContact + "/select_Country"), ["United States"]): Options [United States] present.

2023-09-26 18:03:31 - [MESSAGE][PASSED] - Options [United States] present.

2023-09-26 18:03:31 - [TEST_STEP][PASSED] - verifyOptionsPresent(findTestObject(orPath_AddressContact + "/select_State"), ["Alabama", "District of Columbia", "Maryland", "Virginia", "Wyoming"]): Options [Alabama, District of Columbia, Maryland, Virginia, Wyoming] present.

2023-09-26 18:03:32 - [MESSAGE][PASSED] - Options [Alabama, District of Columbia, Maryland, Virginia, Wyoming] present.

2023-09-26 18:03:32 - [TEST_STEP][PASSED] - totalOptionsState = getNumberOfTotalOption(findTestObject(orPath_AddressContact + "/select_State")): 52 options of object 'Object Repository/RAD_Pages/AddressAndContactInfo_Page/select_State' counted

2023-09-26 18:03:33 - [MESSAGE][PASSED] - 52 options of object 'Object Repository/RAD_Pages/AddressAndContactInfo_Page/select_State' counted

2023-09-26 18:03:33 - [TEST_STEP][PASSED] - verifyEqual(totalOptionsState, 52): Actual object '52' and expected object '52' are equal

2023-09-26 18:03:33 - [MESSAGE][PASSED] - Actual object '52' and expected object '52' are equal

2023-09-26 18:03:33 - [TEST_STEP][PASSED] - verifyElementPresent(findTestObject(orPath_TaxInfo + "/input_NoticeInvoiceNumber"), 30): Object 'Object Repository/RAD_Pages/TaxInfo_Page/input_NoticeInvoiceNumber' is present

2023-09-26 18:03:33 - [MESSAGE][PASSED] - Object 'Object Repository/RAD_Pages/TaxInfo_Page/input_NoticeInvoiceNumber' is present

2023-09-26 18:03:33 - [TEST_STEP][PASSED] - verifyElementVisible(findTestObject(orPath_TaxInfo + "/input_NoticeInvoiceNumber")): Object 'Object Repository/RAD_Pages/TaxInfo_Page/input_NoticeInvoiceNumber' is visible

2023-09-26 18:03:33 - [MESSAGE][PASSED] - Object 'Object Repository/RAD_Pages/TaxInfo_Page/input_NoticeInvoiceNumber' is visible

2023-09-26 18:03:33 - [TEST_STEP][PASSED] - verifyElementPresent(findTestObject(orPath_TaxInfo + "/input_reTypeNoticeInvoiceNumber"), 30): Object 'Object Repository/RAD_Pages/TaxInfo_Page/input_reTypeNoticeInvoiceNumber' is present

2023-09-26 18:03:34 - [MESSAGE][PASSED] - Object 'Object Repository/RAD_Pages/TaxInfo_Page/input_reTypeNoticeInvoiceNumber' is present

2023-09-26 18:03:34 - [TEST_STEP][PASSED] - verifyElementVisible(findTestObject(orPath_TaxInfo + "/input_reTypeNoticeInvoiceNumber")): Object 'Object Repository/RAD_Pages/TaxInfo_Page/input_reTypeNoticeInvoiceNumber' is visible

2023-09-26 18:03:34 - [MESSAGE][PASSED] - Object 'Object Repository/RAD_Pages/TaxInfo_Page/input_reTypeNoticeInvoiceNumber' is visible

2023-09-26 18:03:34 - [TEST_STEP][PASSED] - verifyElementPresent(findTestObject("RAD_RecordAndPlay/input_concatSSN"), 30): Object 'Object Repository/RAD_RecordAndPlay/input_concatSSN' is present

2023-09-26 18:03:34 - [MESSAGE][PASSED] - Object 'Object Repository/RAD_RecordAndPlay/input_concatSSN' is present

2023-09-26 18:03:34 - [TEST_STEP][PASSED] - verifyElementPresent(findTestObject("RAD_RecordAndPlay/input_concatReSSN"), 30): Object 'Object Repository/RAD_RecordAndPlay/input_concatReSSN' is present

2023-09-26 18:03:35 - [MESSAGE][PASSED] - Object 'Object Repository/RAD_RecordAndPlay/input_concatReSSN' is present

2023-09-26 18:03:35 - [TEST_STEP][PASSED] - verifyTextPresent("Tax Information", true): Text 'Tax Information' is present on page  using regular expression

2023-09-26 18:03:35 - [MESSAGE][PASSED] - Text 'Tax Information' is present on page  using regular expression

2023-09-26 18:03:35 - [TEST_STEP][PASSED] - verifyElementNotVisible(findTestObject(orPath_TaxInfo + "/input_FederalEIN-2")): Object 'Object Repository/RAD_Pages/TaxInfo_Page/input_FederalEIN-2' is NOT visible

2023-09-26 18:03:36 - [MESSAGE][PASSED] - Object 'Object Repository/RAD_Pages/TaxInfo_Page/input_FederalEIN-2' is NOT visible

2023-09-26 18:03:36 - [TEST_STEP][PASSED] - verifyElementNotVisible(findTestObject(orPath_TaxInfo + "/input_FederalEIN_ReEnter-2")): Object 'Object Repository/RAD_Pages/TaxInfo_Page/input_FederalEIN_ReEnter-2' is NOT visible

2023-09-26 18:03:36 - [MESSAGE][PASSED] - Object 'Object Repository/RAD_Pages/TaxInfo_Page/input_FederalEIN_ReEnter-2' is NOT visible

2023-09-26 18:03:36 - [TEST_STEP][PASSED] - verifyElementNotVisible(findTestObject(orPath_FilingStatus + "/input_userType_Individual")): Object 'Object Repository/RAD_Pages/FilingStatus_Page/input_userType_Individual' is NOT visible

2023-09-26 18:03:37 - [MESSAGE][PASSED] - Object 'Object Repository/RAD_Pages/FilingStatus_Page/input_userType_Individual' is NOT visible

2023-09-26 18:03:37 - [TEST_STEP][PASSED] - verifyElementNotVisible(findTestObject(orPath_FilingStatus + "/input_userType_Joint")): Object 'Object Repository/RAD_Pages/FilingStatus_Page/input_userType_Joint' is NOT visible

2023-09-26 18:03:37 - [MESSAGE][PASSED] - Object 'Object Repository/RAD_Pages/FilingStatus_Page/input_userType_Joint' is NOT visible

2023-09-26 18:03:37 - [TEST_STEP][PASSED] - verifyElementNotVisible(findTestObject(orPath_TaxInfo + "/input_MDCRegistrationEL")): Object 'Object Repository/RAD_Pages/TaxInfo_Page/input_MDCRegistrationEL' is NOT visible

2023-09-26 18:03:38 - [MESSAGE][PASSED] - Object 'Object Repository/RAD_Pages/TaxInfo_Page/input_MDCRegistrationEL' is NOT visible

2023-09-26 18:03:38 - [TEST_STEP][PASSED] - verifyTextPresent("Payment Amount", true): Text 'Payment Amount' is present on page  using regular expression

2023-09-26 18:03:38 - [MESSAGE][PASSED] - Text 'Payment Amount' is present on page  using regular expression

2023-09-26 18:03:38 - [TEST_STEP][PASSED] - verifyElementPresent(findTestObject(orPath_Amount + "/input__paymentAmount"), 30): Object 'Object Repository/RAD_Pages/PaymentAmount_Page/input__paymentAmount' is present

2023-09-26 18:03:38 - [MESSAGE][PASSED] - Object 'Object Repository/RAD_Pages/PaymentAmount_Page/input__paymentAmount' is present

2023-09-26 18:03:38 - [TEST_STEP][PASSED] - verifyElementVisible(findTestObject(orPath_Amount + "/input__paymentAmount")): Object 'Object Repository/RAD_Pages/PaymentAmount_Page/input__paymentAmount' is visible

2023-09-26 18:03:39 - [MESSAGE][PASSED] - Object 'Object Repository/RAD_Pages/PaymentAmount_Page/input__paymentAmount' is visible

2023-09-26 18:03:39 - [TEST_STEP][PASSED] - verifyTextPresent("Service Fee: This electronic government service includes a service/convenience fee. Click here for details", true): Text 'Service Fee: This electronic government service includes a service/convenience fee. Click here for details' is present on page  using regular expression

2023-09-26 18:03:39 - [MESSAGE][PASSED] - Text 'Service Fee: This electronic government service includes a service/convenience fee. Click here for details' is present on page  using regular expression

2023-09-26 18:03:39 - [TEST_STEP][PASSED] - verifyElementPresent(findTestObject(orPath_Amount + "/a_Click here for details"), 30): Object 'Object Repository/RAD_Pages/PaymentAmount_Page/a_Click here for details' is present

2023-09-26 18:03:39 - [MESSAGE][PASSED] - Object 'Object Repository/RAD_Pages/PaymentAmount_Page/a_Click here for details' is present

2023-09-26 18:03:39 - [TEST_STEP][PASSED] - verifyElementPresent(findTestObject(orPath_Landing + "/button_Continue"), 30): Object 'Object Repository/RAD_Pages/Landing_Page/button_Continue' is present

2023-09-26 18:03:40 - [MESSAGE][PASSED] - Object 'Object Repository/RAD_Pages/Landing_Page/button_Continue' is present]]></system-out>
         <system-err><![CDATA[]]></system-err>
      </testcase>
      <testcase name="Test Cases/RAD_TestCases/UI_TestCases/Existing/Existing_PTENonElectingNonSCorp_UI_TC" time="25.447" classname="Test Cases/RAD_TestCases/UI_TestCases/Existing/Existing_PTENonElectingNonSCorp_UI_TC" status="PASSED">
         <system-out><![CDATA[2023-09-26 18:03:40 - [TEST_CASE][PASSED] - Test Cases/RAD_TestCases/UI_TestCases/Existing/Existing_PTENonElectingNonSCorp_UI_TC: Test Cases/RAD_TestCases/UI_TestCases/Existing/Existing_PTENonElectingNonSCorp_UI_TC

2023-09-26 18:03:40 - [TEST_STEP][PASSED] - openBrowser(""): Browser is opened with url: ''

2023-09-26 18:03:40 - [MESSAGE][WARNING] - A browser is already opened. Closing browser and opening a new one

2023-09-26 18:03:41 - [MESSAGE][INFO] - Starting 'Chrome' driver

2023-09-26 18:03:41 - [MESSAGE][INFO] - User set preference: ['acceptInsecureCerts', 'true']

2023-09-26 18:03:41 - [MESSAGE][INFO] - Action delay is set to 0 milliseconds

2023-09-26 18:03:43 - [MESSAGE][PASSED] - Browser is opened with url: ''

2023-09-26 18:03:43 - [TEST_STEP][PASSED] - maximizeWindow(): Current window maximized

2023-09-26 18:03:43 - [MESSAGE][PASSED] - Current window maximized

2023-09-26 18:03:43 - [TEST_STEP][PASSED] - navigateToUrl(RADurl): Navigate to 'https://qa2.velocitypayment.com/client/rad/index.html' successfully

2023-09-26 18:03:44 - [MESSAGE][PASSED] - Navigate to 'https://qa2.velocitypayment.com/client/rad/index.html' successfully

2023-09-26 18:03:44 - [TEST_STEP][PASSED] - orPath_Landing = "Object Repository/RAD_Pages/Landing_Page": null

2023-09-26 18:03:44 - [TEST_STEP][PASSED] - orPath_TaxTypeFilingYear = "Object Repository/RAD_Pages/TaxTypeFilingYear_Page": null

2023-09-26 18:03:44 - [TEST_STEP][PASSED] - orPath_TaxPayer = "Object Repository/RAD_Pages/Taxpayer_Page": null

2023-09-26 18:03:44 - [TEST_STEP][PASSED] - orPath_AddressContact = "Object Repository/RAD_Pages/AddressAndContactInfo_Page": null

2023-09-26 18:03:44 - [TEST_STEP][PASSED] - orPath_FilingStatus = "Object Repository/RAD_Pages/FilingStatus_Page": null

2023-09-26 18:03:44 - [TEST_STEP][PASSED] - orPath_Amount = "Object Repository/RAD_Pages/PaymentAmount_Page": null

2023-09-26 18:03:44 - [TEST_STEP][PASSED] - orPath_TaxInfo = "Object Repository/RAD_Pages/TaxInfo_Page": null

2023-09-26 18:03:44 - [TEST_STEP][PASSED] - selectOptionByLabel(findTestObject(orPath_Landing + "/dd_TaxType"), "Existing Liability w/Notice Number", false): All options with label 'Existing Liability w/Notice Number' are selected in object 'Object Repository/RAD_Pages/Landing_Page/dd_TaxType' 

2023-09-26 18:03:45 - [MESSAGE][PASSED] - All options with label 'Existing Liability w/Notice Number' are selected in object 'Object Repository/RAD_Pages/Landing_Page/dd_TaxType' 

2023-09-26 18:03:45 - [TEST_STEP][PASSED] - selectOptionByLabel(findTestObject(orPath_TaxTypeFilingYear + "/select_TaxType_ExistingLiability"), "PTE Non-Electing Non-S Corp", false): All options with label 'PTE Non-Electing Non-S Corp' are selected in object 'Object Repository/RAD_Pages/TaxTypeFilingYear_Page/select_TaxType_ExistingLiability' 

2023-09-26 18:03:46 - [MESSAGE][PASSED] - All options with label 'PTE Non-Electing Non-S Corp' are selected in object 'Object Repository/RAD_Pages/TaxTypeFilingYear_Page/select_TaxType_ExistingLiability' 

2023-09-26 18:03:46 - [TEST_STEP][PASSED] - verifyElementNotVisible(findTestObject(orPath_TaxTypeFilingYear + "/select_FilingYear")): Object 'Object Repository/RAD_Pages/TaxTypeFilingYear_Page/select_FilingYear' is NOT visible

2023-09-26 18:03:46 - [MESSAGE][PASSED] - Object 'Object Repository/RAD_Pages/TaxTypeFilingYear_Page/select_FilingYear' is NOT visible

2023-09-26 18:03:46 - [TEST_STEP][PASSED] - verifyElementNotVisible(findTestObject(orPath_TaxTypeFilingYear + "/select_PeriodEnding")): Object 'Object Repository/RAD_Pages/TaxTypeFilingYear_Page/select_PeriodEnding' is NOT visible

2023-09-26 18:03:47 - [MESSAGE][PASSED] - Object 'Object Repository/RAD_Pages/TaxTypeFilingYear_Page/select_PeriodEnding' is NOT visible

2023-09-26 18:03:47 - [TEST_STEP][PASSED] - verifyTextPresent("Taxpayer", true): Text 'Taxpayer' is present on page  using regular expression

2023-09-26 18:03:47 - [MESSAGE][PASSED] - Text 'Taxpayer' is present on page  using regular expression

2023-09-26 18:03:47 - [TEST_STEP][PASSED] - verifyTextPresent("Provide the following taxpayer information", true): Text 'Provide the following taxpayer information' is present on page  using regular expression

2023-09-26 18:03:47 - [MESSAGE][PASSED] - Text 'Provide the following taxpayer information' is present on page  using regular expression

2023-09-26 18:03:47 - [TEST_STEP][PASSED] - verifyTextPresent("Note: If you are paying on behalf of the Taxpayer, enter Taxpayer", true): Text 'Note: If you are paying on behalf of the Taxpayer, enter Taxpayer' is present on page  using regular expression

2023-09-26 18:03:48 - [MESSAGE][PASSED] - Text 'Note: If you are paying on behalf of the Taxpayer, enter Taxpayer' is present on page  using regular expression

2023-09-26 18:03:48 - [TEST_STEP][PASSED] - verifyTextPresent("information here. If you are making a payment for the Taxpayer, you will be required later to enter your own credit card, billing address and other pertinent information", true): Text 'information here. If you are making a payment for the Taxpayer, you will be required later to enter your own credit card, billing address and other pertinent information' is present on page  using regular expression

2023-09-26 18:03:48 - [MESSAGE][PASSED] - Text 'information here. If you are making a payment for the Taxpayer, you will be required later to enter your own credit card, billing address and other pertinent information' is present on page  using regular expression

2023-09-26 18:03:48 - [TEST_STEP][PASSED] - verifyElementVisible(findTestObject(orPath_TaxPayer + "/input_Note_businessName")): Object 'Object Repository/RAD_Pages/Taxpayer_Page/input_Note_businessName' is visible

2023-09-26 18:03:49 - [MESSAGE][PASSED] - Object 'Object Repository/RAD_Pages/Taxpayer_Page/input_Note_businessName' is visible

2023-09-26 18:03:49 - [TEST_STEP][PASSED] - verifyElementVisible(findTestObject(orPath_TaxPayer + "/input_BusinessRepfirstName")): Object 'Object Repository/RAD_Pages/Taxpayer_Page/input_BusinessRepfirstName' is visible

2023-09-26 18:03:49 - [MESSAGE][PASSED] - Object 'Object Repository/RAD_Pages/Taxpayer_Page/input_BusinessRepfirstName' is visible

2023-09-26 18:03:49 - [TEST_STEP][PASSED] - verifyElementVisible(findTestObject(orPath_TaxPayer + "/input_BusinessRepmiddleName")): Object 'Object Repository/RAD_Pages/Taxpayer_Page/input_BusinessRepmiddleName' is visible

2023-09-26 18:03:49 - [MESSAGE][PASSED] - Object 'Object Repository/RAD_Pages/Taxpayer_Page/input_BusinessRepmiddleName' is visible

2023-09-26 18:03:49 - [TEST_STEP][PASSED] - verifyElementVisible(findTestObject(orPath_TaxPayer + "/input_BusinessReplastName")): Object 'Object Repository/RAD_Pages/Taxpayer_Page/input_BusinessReplastName' is visible

2023-09-26 18:03:49 - [MESSAGE][PASSED] - Object 'Object Repository/RAD_Pages/Taxpayer_Page/input_BusinessReplastName' is visible

2023-09-26 18:03:49 - [TEST_STEP][PASSED] - verifyElementVisible(findTestObject(orPath_TaxPayer + "/input_BusinessRepsuffix")): Object 'Object Repository/RAD_Pages/Taxpayer_Page/input_BusinessRepsuffix' is visible

2023-09-26 18:03:50 - [MESSAGE][PASSED] - Object 'Object Repository/RAD_Pages/Taxpayer_Page/input_BusinessRepsuffix' is visible

2023-09-26 18:03:50 - [TEST_STEP][PASSED] - verifyElementNotVisible(findTestObject(orPath_TaxPayer + "/input_firstName")): Object 'Object Repository/RAD_Pages/Taxpayer_Page/input_firstName' is NOT visible

2023-09-26 18:03:50 - [MESSAGE][PASSED] - Object 'Object Repository/RAD_Pages/Taxpayer_Page/input_firstName' is NOT visible

2023-09-26 18:03:50 - [TEST_STEP][PASSED] - verifyElementNotVisible(findTestObject(orPath_TaxPayer + "/input_middleName")): Object 'Object Repository/RAD_Pages/Taxpayer_Page/input_middleName' is NOT visible

2023-09-26 18:03:51 - [MESSAGE][PASSED] - Object 'Object Repository/RAD_Pages/Taxpayer_Page/input_middleName' is NOT visible

2023-09-26 18:03:51 - [TEST_STEP][PASSED] - verifyElementNotVisible(findTestObject(orPath_TaxPayer + "/input_lastName")): Object 'Object Repository/RAD_Pages/Taxpayer_Page/input_lastName' is NOT visible

2023-09-26 18:03:51 - [MESSAGE][PASSED] - Object 'Object Repository/RAD_Pages/Taxpayer_Page/input_lastName' is NOT visible

2023-09-26 18:03:51 - [TEST_STEP][PASSED] - verifyElementNotVisible(findTestObject(orPath_TaxPayer + "/input_suffix")): Object 'Object Repository/RAD_Pages/Taxpayer_Page/input_suffix' is NOT visible

2023-09-26 18:03:51 - [MESSAGE][PASSED] - Object 'Object Repository/RAD_Pages/Taxpayer_Page/input_suffix' is NOT visible

2023-09-26 18:03:51 - [TEST_STEP][PASSED] - verifyElementNotVisible(findTestObject("RAD_RecordAndPlay/input_concatSSN")): Object 'Object Repository/RAD_RecordAndPlay/input_concatSSN' is NOT visible

2023-09-26 18:03:52 - [MESSAGE][PASSED] - Object 'Object Repository/RAD_RecordAndPlay/input_concatSSN' is NOT visible

2023-09-26 18:03:52 - [TEST_STEP][PASSED] - verifyElementNotVisible(findTestObject("RAD_RecordAndPlay/input_concatReSSN")): Object 'Object Repository/RAD_RecordAndPlay/input_concatReSSN' is NOT visible

2023-09-26 18:03:52 - [MESSAGE][PASSED] - Object 'Object Repository/RAD_RecordAndPlay/input_concatReSSN' is NOT visible

2023-09-26 18:03:52 - [TEST_STEP][PASSED] - verifyTextPresent("Address and Contact Information", true): Text 'Address and Contact Information' is present on page  using regular expression

2023-09-26 18:03:53 - [MESSAGE][PASSED] - Text 'Address and Contact Information' is present on page  using regular expression

2023-09-26 18:03:53 - [TEST_STEP][PASSED] - verifyTextPresent("Enter the taxpayer", true): Text 'Enter the taxpayer' is present on page  using regular expression

2023-09-26 18:03:53 - [MESSAGE][PASSED] - Text 'Enter the taxpayer' is present on page  using regular expression

2023-09-26 18:03:53 - [TEST_STEP][PASSED] - verifyTextPresent("address and contact information", true): Text 'address and contact information' is present on page  using regular expression

2023-09-26 18:03:54 - [MESSAGE][PASSED] - Text 'address and contact information' is present on page  using regular expression

2023-09-26 18:03:54 - [TEST_STEP][PASSED] - verifyElementPresent(findTestObject(orPath_AddressContact + "/select_Country"), 30): Object 'Object Repository/RAD_Pages/AddressAndContactInfo_Page/select_Country' is present

2023-09-26 18:03:54 - [MESSAGE][PASSED] - Object 'Object Repository/RAD_Pages/AddressAndContactInfo_Page/select_Country' is present

2023-09-26 18:03:54 - [TEST_STEP][PASSED] - verifyElementPresent(findTestObject(orPath_AddressContact + "/input_streetAddress1"), 30): Object 'Object Repository/RAD_Pages/AddressAndContactInfo_Page/input_streetAddress1' is present

2023-09-26 18:03:54 - [MESSAGE][PASSED] - Object 'Object Repository/RAD_Pages/AddressAndContactInfo_Page/input_streetAddress1' is present

2023-09-26 18:03:54 - [TEST_STEP][PASSED] - verifyElementPresent(findTestObject(orPath_AddressContact + "/input_streetAddress2"), 30): Object 'Object Repository/RAD_Pages/AddressAndContactInfo_Page/input_streetAddress2' is present

2023-09-26 18:03:55 - [MESSAGE][PASSED] - Object 'Object Repository/RAD_Pages/AddressAndContactInfo_Page/input_streetAddress2' is present

2023-09-26 18:03:55 - [TEST_STEP][PASSED] - verifyElementPresent(findTestObject(orPath_AddressContact + "/input_city"), 30): Object 'Object Repository/RAD_Pages/AddressAndContactInfo_Page/input_city' is present

2023-09-26 18:03:55 - [MESSAGE][PASSED] - Object 'Object Repository/RAD_Pages/AddressAndContactInfo_Page/input_city' is present

2023-09-26 18:03:55 - [TEST_STEP][PASSED] - verifyElementPresent(findTestObject(orPath_AddressContact + "/select_State"), 30): Object 'Object Repository/RAD_Pages/AddressAndContactInfo_Page/select_State' is present

2023-09-26 18:03:55 - [MESSAGE][PASSED] - Object 'Object Repository/RAD_Pages/AddressAndContactInfo_Page/select_State' is present

2023-09-26 18:03:55 - [TEST_STEP][PASSED] - verifyElementPresent(findTestObject(orPath_AddressContact + "/input_zipCode"), 30): Object 'Object Repository/RAD_Pages/AddressAndContactInfo_Page/input_zipCode' is present

2023-09-26 18:03:56 - [MESSAGE][PASSED] - Object 'Object Repository/RAD_Pages/AddressAndContactInfo_Page/input_zipCode' is present

2023-09-26 18:03:56 - [TEST_STEP][PASSED] - verifyElementPresent(findTestObject(orPath_AddressContact + "/input_phoneNumber"), 30): Object 'Object Repository/RAD_Pages/AddressAndContactInfo_Page/input_phoneNumber' is present

2023-09-26 18:03:56 - [MESSAGE][PASSED] - Object 'Object Repository/RAD_Pages/AddressAndContactInfo_Page/input_phoneNumber' is present

2023-09-26 18:03:56 - [TEST_STEP][PASSED] - verifyElementPresent(findTestObject(orPath_AddressContact + "/input_eMailAddress"), 30): Object 'Object Repository/RAD_Pages/AddressAndContactInfo_Page/input_eMailAddress' is present

2023-09-26 18:03:56 - [MESSAGE][PASSED] - Object 'Object Repository/RAD_Pages/AddressAndContactInfo_Page/input_eMailAddress' is present

2023-09-26 18:03:56 - [TEST_STEP][PASSED] - verifyElementPresent(findTestObject(orPath_AddressContact + "/input_reEnterEMailAddress"), 30): Object 'Object Repository/RAD_Pages/AddressAndContactInfo_Page/input_reEnterEMailAddress' is present

2023-09-26 18:03:57 - [MESSAGE][PASSED] - Object 'Object Repository/RAD_Pages/AddressAndContactInfo_Page/input_reEnterEMailAddress' is present

2023-09-26 18:03:57 - [TEST_STEP][PASSED] - verifyOptionsPresent(findTestObject(orPath_AddressContact + "/select_Country"), ["United States"]): Options [United States] present.

2023-09-26 18:03:57 - [MESSAGE][PASSED] - Options [United States] present.

2023-09-26 18:03:57 - [TEST_STEP][PASSED] - verifyOptionsPresent(findTestObject(orPath_AddressContact + "/select_State"), ["Alabama", "District of Columbia", "Maryland", "Virginia", "Wyoming"]): Options [Alabama, District of Columbia, Maryland, Virginia, Wyoming] present.

2023-09-26 18:03:58 - [MESSAGE][PASSED] - Options [Alabama, District of Columbia, Maryland, Virginia, Wyoming] present.

2023-09-26 18:03:58 - [TEST_STEP][PASSED] - totalOptionsState = getNumberOfTotalOption(findTestObject(orPath_AddressContact + "/select_State")): 52 options of object 'Object Repository/RAD_Pages/AddressAndContactInfo_Page/select_State' counted

2023-09-26 18:03:59 - [MESSAGE][PASSED] - 52 options of object 'Object Repository/RAD_Pages/AddressAndContactInfo_Page/select_State' counted

2023-09-26 18:03:59 - [TEST_STEP][PASSED] - verifyEqual(totalOptionsState, 52): Actual object '52' and expected object '52' are equal

2023-09-26 18:03:59 - [MESSAGE][PASSED] - Actual object '52' and expected object '52' are equal

2023-09-26 18:03:59 - [TEST_STEP][PASSED] - verifyTextPresent("Tax Information", true): Text 'Tax Information' is present on page  using regular expression

2023-09-26 18:04:00 - [MESSAGE][PASSED] - Text 'Tax Information' is present on page  using regular expression

2023-09-26 18:04:00 - [TEST_STEP][PASSED] - verifyElementPresent(findTestObject(orPath_TaxInfo + "/input_FederalEIN-2"), 30): Object 'Object Repository/RAD_Pages/TaxInfo_Page/input_FederalEIN-2' is present

2023-09-26 18:04:00 - [MESSAGE][PASSED] - Object 'Object Repository/RAD_Pages/TaxInfo_Page/input_FederalEIN-2' is present

2023-09-26 18:04:00 - [TEST_STEP][PASSED] - verifyElementPresent(findTestObject(orPath_TaxInfo + "/input_FederalEIN_ReEnter-2"), 30): Object 'Object Repository/RAD_Pages/TaxInfo_Page/input_FederalEIN_ReEnter-2' is present

2023-09-26 18:04:00 - [MESSAGE][PASSED] - Object 'Object Repository/RAD_Pages/TaxInfo_Page/input_FederalEIN_ReEnter-2' is present

2023-09-26 18:04:01 - [TEST_STEP][PASSED] - verifyElementPresent(findTestObject(orPath_TaxInfo + "/input_NoticeInvoiceNumber"), 30): Object 'Object Repository/RAD_Pages/TaxInfo_Page/input_NoticeInvoiceNumber' is present

2023-09-26 18:04:01 - [MESSAGE][PASSED] - Object 'Object Repository/RAD_Pages/TaxInfo_Page/input_NoticeInvoiceNumber' is present

2023-09-26 18:04:01 - [TEST_STEP][PASSED] - verifyElementVisible(findTestObject(orPath_TaxInfo + "/input_NoticeInvoiceNumber")): Object 'Object Repository/RAD_Pages/TaxInfo_Page/input_NoticeInvoiceNumber' is visible

2023-09-26 18:04:01 - [MESSAGE][PASSED] - Object 'Object Repository/RAD_Pages/TaxInfo_Page/input_NoticeInvoiceNumber' is visible

2023-09-26 18:04:01 - [TEST_STEP][PASSED] - verifyElementPresent(findTestObject(orPath_TaxInfo + "/input_reTypeNoticeInvoiceNumber"), 30): Object 'Object Repository/RAD_Pages/TaxInfo_Page/input_reTypeNoticeInvoiceNumber' is present

2023-09-26 18:04:02 - [MESSAGE][PASSED] - Object 'Object Repository/RAD_Pages/TaxInfo_Page/input_reTypeNoticeInvoiceNumber' is present

2023-09-26 18:04:02 - [TEST_STEP][PASSED] - verifyElementVisible(findTestObject(orPath_TaxInfo + "/input_reTypeNoticeInvoiceNumber")): Object 'Object Repository/RAD_Pages/TaxInfo_Page/input_reTypeNoticeInvoiceNumber' is visible

2023-09-26 18:04:02 - [MESSAGE][PASSED] - Object 'Object Repository/RAD_Pages/TaxInfo_Page/input_reTypeNoticeInvoiceNumber' is visible

2023-09-26 18:04:02 - [TEST_STEP][PASSED] - verifyElementNotVisible(findTestObject(orPath_TaxInfo + "/input_MDCRegistrationEL")): Object 'Object Repository/RAD_Pages/TaxInfo_Page/input_MDCRegistrationEL' is NOT visible

2023-09-26 18:04:02 - [MESSAGE][PASSED] - Object 'Object Repository/RAD_Pages/TaxInfo_Page/input_MDCRegistrationEL' is NOT visible

2023-09-26 18:04:02 - [TEST_STEP][PASSED] - verifyElementNotVisible(findTestObject(orPath_FilingStatus + "/input_userType_Individual")): Object 'Object Repository/RAD_Pages/FilingStatus_Page/input_userType_Individual' is NOT visible

2023-09-26 18:04:03 - [MESSAGE][PASSED] - Object 'Object Repository/RAD_Pages/FilingStatus_Page/input_userType_Individual' is NOT visible

2023-09-26 18:04:03 - [TEST_STEP][PASSED] - verifyElementNotVisible(findTestObject(orPath_FilingStatus + "/input_userType_Joint")): Object 'Object Repository/RAD_Pages/FilingStatus_Page/input_userType_Joint' is NOT visible

2023-09-26 18:04:03 - [MESSAGE][PASSED] - Object 'Object Repository/RAD_Pages/FilingStatus_Page/input_userType_Joint' is NOT visible

2023-09-26 18:04:03 - [TEST_STEP][PASSED] - verifyTextPresent("Payment Amount", true): Text 'Payment Amount' is present on page  using regular expression

2023-09-26 18:04:03 - [MESSAGE][PASSED] - Text 'Payment Amount' is present on page  using regular expression

2023-09-26 18:04:03 - [TEST_STEP][PASSED] - verifyElementPresent(findTestObject(orPath_Amount + "/input__paymentAmount"), 30): Object 'Object Repository/RAD_Pages/PaymentAmount_Page/input__paymentAmount' is present

2023-09-26 18:04:04 - [MESSAGE][PASSED] - Object 'Object Repository/RAD_Pages/PaymentAmount_Page/input__paymentAmount' is present

2023-09-26 18:04:04 - [TEST_STEP][PASSED] - verifyElementVisible(findTestObject(orPath_Amount + "/input__paymentAmount")): Object 'Object Repository/RAD_Pages/PaymentAmount_Page/input__paymentAmount' is visible

2023-09-26 18:04:04 - [MESSAGE][PASSED] - Object 'Object Repository/RAD_Pages/PaymentAmount_Page/input__paymentAmount' is visible

2023-09-26 18:04:04 - [TEST_STEP][PASSED] - verifyTextPresent("Service Fee: This electronic government service includes a service/convenience fee. Click here for details", true): Text 'Service Fee: This electronic government service includes a service/convenience fee. Click here for details' is present on page  using regular expression

2023-09-26 18:04:05 - [MESSAGE][PASSED] - Text 'Service Fee: This electronic government service includes a service/convenience fee. Click here for details' is present on page  using regular expression

2023-09-26 18:04:05 - [TEST_STEP][PASSED] - verifyElementPresent(findTestObject(orPath_Amount + "/a_Click here for details"), 30): Object 'Object Repository/RAD_Pages/PaymentAmount_Page/a_Click here for details' is present

2023-09-26 18:04:05 - [MESSAGE][PASSED] - Object 'Object Repository/RAD_Pages/PaymentAmount_Page/a_Click here for details' is present

2023-09-26 18:04:05 - [TEST_STEP][PASSED] - verifyElementPresent(findTestObject(orPath_Landing + "/button_Continue"), 30): Object 'Object Repository/RAD_Pages/Landing_Page/button_Continue' is present

2023-09-26 18:04:05 - [MESSAGE][PASSED] - Object 'Object Repository/RAD_Pages/Landing_Page/button_Continue' is present]]></system-out>
         <system-err><![CDATA[]]></system-err>
      </testcase>
      <testcase name="Test Cases/RAD_TestCases/UI_TestCases/Existing/Existing_PTENonElectingSCorp_UI_TC" time="24.856" classname="Test Cases/RAD_TestCases/UI_TestCases/Existing/Existing_PTENonElectingSCorp_UI_TC" status="PASSED">
         <system-out><![CDATA[2023-09-26 18:04:05 - [TEST_CASE][PASSED] - Test Cases/RAD_TestCases/UI_TestCases/Existing/Existing_PTENonElectingSCorp_UI_TC: Test Cases/RAD_TestCases/UI_TestCases/Existing/Existing_PTENonElectingSCorp_UI_TC

2023-09-26 18:04:06 - [TEST_STEP][PASSED] - openBrowser(""): Browser is opened with url: ''

2023-09-26 18:04:06 - [MESSAGE][WARNING] - A browser is already opened. Closing browser and opening a new one

2023-09-26 18:04:07 - [MESSAGE][INFO] - Starting 'Chrome' driver

2023-09-26 18:04:07 - [MESSAGE][INFO] - User set preference: ['acceptInsecureCerts', 'true']

2023-09-26 18:04:07 - [MESSAGE][INFO] - Action delay is set to 0 milliseconds

2023-09-26 18:04:08 - [MESSAGE][PASSED] - Browser is opened with url: ''

2023-09-26 18:04:08 - [TEST_STEP][PASSED] - maximizeWindow(): Current window maximized

2023-09-26 18:04:08 - [MESSAGE][PASSED] - Current window maximized

2023-09-26 18:04:08 - [TEST_STEP][PASSED] - navigateToUrl(RADurl): Navigate to 'https://qa2.velocitypayment.com/client/rad/index.html' successfully

2023-09-26 18:04:10 - [MESSAGE][PASSED] - Navigate to 'https://qa2.velocitypayment.com/client/rad/index.html' successfully

2023-09-26 18:04:10 - [TEST_STEP][PASSED] - orPath_Landing = "Object Repository/RAD_Pages/Landing_Page": null

2023-09-26 18:04:10 - [TEST_STEP][PASSED] - orPath_TaxTypeFilingYear = "Object Repository/RAD_Pages/TaxTypeFilingYear_Page": null

2023-09-26 18:04:10 - [TEST_STEP][PASSED] - orPath_TaxPayer = "Object Repository/RAD_Pages/Taxpayer_Page": null

2023-09-26 18:04:10 - [TEST_STEP][PASSED] - orPath_AddressContact = "Object Repository/RAD_Pages/AddressAndContactInfo_Page": null

2023-09-26 18:04:10 - [TEST_STEP][PASSED] - orPath_FilingStatus = "Object Repository/RAD_Pages/FilingStatus_Page": null

2023-09-26 18:04:10 - [TEST_STEP][PASSED] - orPath_Amount = "Object Repository/RAD_Pages/PaymentAmount_Page": null

2023-09-26 18:04:10 - [TEST_STEP][PASSED] - orPath_TaxInfo = "Object Repository/RAD_Pages/TaxInfo_Page": null

2023-09-26 18:04:10 - [TEST_STEP][PASSED] - selectOptionByLabel(findTestObject(orPath_Landing + "/dd_TaxType"), "Existing Liability w/Notice Number", false): All options with label 'Existing Liability w/Notice Number' are selected in object 'Object Repository/RAD_Pages/Landing_Page/dd_TaxType' 

2023-09-26 18:04:10 - [MESSAGE][PASSED] - All options with label 'Existing Liability w/Notice Number' are selected in object 'Object Repository/RAD_Pages/Landing_Page/dd_TaxType' 

2023-09-26 18:04:10 - [TEST_STEP][PASSED] - selectOptionByLabel(findTestObject(orPath_TaxTypeFilingYear + "/select_TaxType_ExistingLiability"), "PTE Non-Electing S Corp", false): All options with label 'PTE Non-Electing S Corp' are selected in object 'Object Repository/RAD_Pages/TaxTypeFilingYear_Page/select_TaxType_ExistingLiability' 

2023-09-26 18:04:11 - [MESSAGE][PASSED] - All options with label 'PTE Non-Electing S Corp' are selected in object 'Object Repository/RAD_Pages/TaxTypeFilingYear_Page/select_TaxType_ExistingLiability' 

2023-09-26 18:04:11 - [TEST_STEP][PASSED] - verifyElementNotVisible(findTestObject(orPath_TaxTypeFilingYear + "/select_FilingYear")): Object 'Object Repository/RAD_Pages/TaxTypeFilingYear_Page/select_FilingYear' is NOT visible

2023-09-26 18:04:11 - [MESSAGE][PASSED] - Object 'Object Repository/RAD_Pages/TaxTypeFilingYear_Page/select_FilingYear' is NOT visible

2023-09-26 18:04:11 - [TEST_STEP][PASSED] - verifyElementNotVisible(findTestObject(orPath_TaxTypeFilingYear + "/select_PeriodEnding")): Object 'Object Repository/RAD_Pages/TaxTypeFilingYear_Page/select_PeriodEnding' is NOT visible

2023-09-26 18:04:12 - [MESSAGE][PASSED] - Object 'Object Repository/RAD_Pages/TaxTypeFilingYear_Page/select_PeriodEnding' is NOT visible

2023-09-26 18:04:12 - [TEST_STEP][PASSED] - verifyTextPresent("Taxpayer", true): Text 'Taxpayer' is present on page  using regular expression

2023-09-26 18:04:12 - [MESSAGE][PASSED] - Text 'Taxpayer' is present on page  using regular expression

2023-09-26 18:04:12 - [TEST_STEP][PASSED] - verifyTextPresent("Provide the following taxpayer information", true): Text 'Provide the following taxpayer information' is present on page  using regular expression

2023-09-26 18:04:13 - [MESSAGE][PASSED] - Text 'Provide the following taxpayer information' is present on page  using regular expression

2023-09-26 18:04:13 - [TEST_STEP][PASSED] - verifyTextPresent("Note: If you are paying on behalf of the Taxpayer, enter Taxpayer", true): Text 'Note: If you are paying on behalf of the Taxpayer, enter Taxpayer' is present on page  using regular expression

2023-09-26 18:04:13 - [MESSAGE][PASSED] - Text 'Note: If you are paying on behalf of the Taxpayer, enter Taxpayer' is present on page  using regular expression

2023-09-26 18:04:13 - [TEST_STEP][PASSED] - verifyTextPresent("information here. If you are making a payment for the Taxpayer, you will be required later to enter your own credit card, billing address and other pertinent information", true): Text 'information here. If you are making a payment for the Taxpayer, you will be required later to enter your own credit card, billing address and other pertinent information' is present on page  using regular expression

2023-09-26 18:04:13 - [MESSAGE][PASSED] - Text 'information here. If you are making a payment for the Taxpayer, you will be required later to enter your own credit card, billing address and other pertinent information' is present on page  using regular expression

2023-09-26 18:04:13 - [TEST_STEP][PASSED] - verifyElementVisible(findTestObject(orPath_TaxPayer + "/input_Note_businessName")): Object 'Object Repository/RAD_Pages/Taxpayer_Page/input_Note_businessName' is visible

2023-09-26 18:04:14 - [MESSAGE][PASSED] - Object 'Object Repository/RAD_Pages/Taxpayer_Page/input_Note_businessName' is visible

2023-09-26 18:04:14 - [TEST_STEP][PASSED] - verifyElementVisible(findTestObject(orPath_TaxPayer + "/input_BusinessRepfirstName")): Object 'Object Repository/RAD_Pages/Taxpayer_Page/input_BusinessRepfirstName' is visible

2023-09-26 18:04:14 - [MESSAGE][PASSED] - Object 'Object Repository/RAD_Pages/Taxpayer_Page/input_BusinessRepfirstName' is visible

2023-09-26 18:04:14 - [TEST_STEP][PASSED] - verifyElementVisible(findTestObject(orPath_TaxPayer + "/input_BusinessRepmiddleName")): Object 'Object Repository/RAD_Pages/Taxpayer_Page/input_BusinessRepmiddleName' is visible

2023-09-26 18:04:14 - [MESSAGE][PASSED] - Object 'Object Repository/RAD_Pages/Taxpayer_Page/input_BusinessRepmiddleName' is visible

2023-09-26 18:04:14 - [TEST_STEP][PASSED] - verifyElementVisible(findTestObject(orPath_TaxPayer + "/input_BusinessReplastName")): Object 'Object Repository/RAD_Pages/Taxpayer_Page/input_BusinessReplastName' is visible

2023-09-26 18:04:15 - [MESSAGE][PASSED] - Object 'Object Repository/RAD_Pages/Taxpayer_Page/input_BusinessReplastName' is visible

2023-09-26 18:04:15 - [TEST_STEP][PASSED] - verifyElementVisible(findTestObject(orPath_TaxPayer + "/input_BusinessRepsuffix")): Object 'Object Repository/RAD_Pages/Taxpayer_Page/input_BusinessRepsuffix' is visible

2023-09-26 18:04:15 - [MESSAGE][PASSED] - Object 'Object Repository/RAD_Pages/Taxpayer_Page/input_BusinessRepsuffix' is visible

2023-09-26 18:04:15 - [TEST_STEP][PASSED] - verifyElementNotVisible(findTestObject(orPath_TaxPayer + "/input_firstName")): Object 'Object Repository/RAD_Pages/Taxpayer_Page/input_firstName' is NOT visible

2023-09-26 18:04:15 - [MESSAGE][PASSED] - Object 'Object Repository/RAD_Pages/Taxpayer_Page/input_firstName' is NOT visible

2023-09-26 18:04:15 - [TEST_STEP][PASSED] - verifyElementNotVisible(findTestObject(orPath_TaxPayer + "/input_middleName")): Object 'Object Repository/RAD_Pages/Taxpayer_Page/input_middleName' is NOT visible

2023-09-26 18:04:16 - [MESSAGE][PASSED] - Object 'Object Repository/RAD_Pages/Taxpayer_Page/input_middleName' is NOT visible

2023-09-26 18:04:16 - [TEST_STEP][PASSED] - verifyElementNotVisible(findTestObject(orPath_TaxPayer + "/input_lastName")): Object 'Object Repository/RAD_Pages/Taxpayer_Page/input_lastName' is NOT visible

2023-09-26 18:04:16 - [MESSAGE][PASSED] - Object 'Object Repository/RAD_Pages/Taxpayer_Page/input_lastName' is NOT visible

2023-09-26 18:04:16 - [TEST_STEP][PASSED] - verifyElementNotVisible(findTestObject(orPath_TaxPayer + "/input_suffix")): Object 'Object Repository/RAD_Pages/Taxpayer_Page/input_suffix' is NOT visible

2023-09-26 18:04:16 - [MESSAGE][PASSED] - Object 'Object Repository/RAD_Pages/Taxpayer_Page/input_suffix' is NOT visible

2023-09-26 18:04:16 - [TEST_STEP][PASSED] - verifyElementNotVisible(findTestObject("RAD_RecordAndPlay/input_concatSSN")): Object 'Object Repository/RAD_RecordAndPlay/input_concatSSN' is NOT visible

2023-09-26 18:04:17 - [MESSAGE][PASSED] - Object 'Object Repository/RAD_RecordAndPlay/input_concatSSN' is NOT visible

2023-09-26 18:04:17 - [TEST_STEP][PASSED] - verifyElementNotVisible(findTestObject("RAD_RecordAndPlay/input_concatReSSN")): Object 'Object Repository/RAD_RecordAndPlay/input_concatReSSN' is NOT visible

2023-09-26 18:04:17 - [MESSAGE][PASSED] - Object 'Object Repository/RAD_RecordAndPlay/input_concatReSSN' is NOT visible

2023-09-26 18:04:17 - [TEST_STEP][PASSED] - verifyTextPresent("Address and Contact Information", true): Text 'Address and Contact Information' is present on page  using regular expression

2023-09-26 18:04:18 - [MESSAGE][PASSED] - Text 'Address and Contact Information' is present on page  using regular expression

2023-09-26 18:04:18 - [TEST_STEP][PASSED] - verifyTextPresent("Enter the taxpayer", true): Text 'Enter the taxpayer' is present on page  using regular expression

2023-09-26 18:04:18 - [MESSAGE][PASSED] - Text 'Enter the taxpayer' is present on page  using regular expression

2023-09-26 18:04:18 - [TEST_STEP][PASSED] - verifyTextPresent("address and contact information", true): Text 'address and contact information' is present on page  using regular expression

2023-09-26 18:04:19 - [MESSAGE][PASSED] - Text 'address and contact information' is present on page  using regular expression

2023-09-26 18:04:19 - [TEST_STEP][PASSED] - verifyElementPresent(findTestObject(orPath_AddressContact + "/select_Country"), 30): Object 'Object Repository/RAD_Pages/AddressAndContactInfo_Page/select_Country' is present

2023-09-26 18:04:19 - [MESSAGE][PASSED] - Object 'Object Repository/RAD_Pages/AddressAndContactInfo_Page/select_Country' is present

2023-09-26 18:04:19 - [TEST_STEP][PASSED] - verifyElementPresent(findTestObject(orPath_AddressContact + "/input_streetAddress1"), 30): Object 'Object Repository/RAD_Pages/AddressAndContactInfo_Page/input_streetAddress1' is present

2023-09-26 18:04:19 - [MESSAGE][PASSED] - Object 'Object Repository/RAD_Pages/AddressAndContactInfo_Page/input_streetAddress1' is present

2023-09-26 18:04:19 - [TEST_STEP][PASSED] - verifyElementPresent(findTestObject(orPath_AddressContact + "/input_streetAddress2"), 30): Object 'Object Repository/RAD_Pages/AddressAndContactInfo_Page/input_streetAddress2' is present

2023-09-26 18:04:20 - [MESSAGE][PASSED] - Object 'Object Repository/RAD_Pages/AddressAndContactInfo_Page/input_streetAddress2' is present

2023-09-26 18:04:20 - [TEST_STEP][PASSED] - verifyElementPresent(findTestObject(orPath_AddressContact + "/input_city"), 30): Object 'Object Repository/RAD_Pages/AddressAndContactInfo_Page/input_city' is present

2023-09-26 18:04:20 - [MESSAGE][PASSED] - Object 'Object Repository/RAD_Pages/AddressAndContactInfo_Page/input_city' is present

2023-09-26 18:04:20 - [TEST_STEP][PASSED] - verifyElementPresent(findTestObject(orPath_AddressContact + "/select_State"), 30): Object 'Object Repository/RAD_Pages/AddressAndContactInfo_Page/select_State' is present

2023-09-26 18:04:20 - [MESSAGE][PASSED] - Object 'Object Repository/RAD_Pages/AddressAndContactInfo_Page/select_State' is present

2023-09-26 18:04:20 - [TEST_STEP][PASSED] - verifyElementPresent(findTestObject(orPath_AddressContact + "/input_zipCode"), 30): Object 'Object Repository/RAD_Pages/AddressAndContactInfo_Page/input_zipCode' is present

2023-09-26 18:04:21 - [MESSAGE][PASSED] - Object 'Object Repository/RAD_Pages/AddressAndContactInfo_Page/input_zipCode' is present

2023-09-26 18:04:21 - [TEST_STEP][PASSED] - verifyElementPresent(findTestObject(orPath_AddressContact + "/input_phoneNumber"), 30): Object 'Object Repository/RAD_Pages/AddressAndContactInfo_Page/input_phoneNumber' is present

2023-09-26 18:04:21 - [MESSAGE][PASSED] - Object 'Object Repository/RAD_Pages/AddressAndContactInfo_Page/input_phoneNumber' is present

2023-09-26 18:04:21 - [TEST_STEP][PASSED] - verifyElementPresent(findTestObject(orPath_AddressContact + "/input_eMailAddress"), 30): Object 'Object Repository/RAD_Pages/AddressAndContactInfo_Page/input_eMailAddress' is present

2023-09-26 18:04:21 - [MESSAGE][PASSED] - Object 'Object Repository/RAD_Pages/AddressAndContactInfo_Page/input_eMailAddress' is present

2023-09-26 18:04:21 - [TEST_STEP][PASSED] - verifyElementPresent(findTestObject(orPath_AddressContact + "/input_reEnterEMailAddress"), 30): Object 'Object Repository/RAD_Pages/AddressAndContactInfo_Page/input_reEnterEMailAddress' is present

2023-09-26 18:04:22 - [MESSAGE][PASSED] - Object 'Object Repository/RAD_Pages/AddressAndContactInfo_Page/input_reEnterEMailAddress' is present

2023-09-26 18:04:22 - [TEST_STEP][PASSED] - verifyOptionsPresent(findTestObject(orPath_AddressContact + "/select_Country"), ["United States"]): Options [United States] present.

2023-09-26 18:04:22 - [MESSAGE][PASSED] - Options [United States] present.

2023-09-26 18:04:22 - [TEST_STEP][PASSED] - verifyOptionsPresent(findTestObject(orPath_AddressContact + "/select_State"), ["Alabama", "District of Columbia", "Maryland", "Virginia", "Wyoming"]): Options [Alabama, District of Columbia, Maryland, Virginia, Wyoming] present.

2023-09-26 18:04:23 - [MESSAGE][PASSED] - Options [Alabama, District of Columbia, Maryland, Virginia, Wyoming] present.

2023-09-26 18:04:23 - [TEST_STEP][PASSED] - totalOptionsState = getNumberOfTotalOption(findTestObject(orPath_AddressContact + "/select_State")): 52 options of object 'Object Repository/RAD_Pages/AddressAndContactInfo_Page/select_State' counted

2023-09-26 18:04:24 - [MESSAGE][PASSED] - 52 options of object 'Object Repository/RAD_Pages/AddressAndContactInfo_Page/select_State' counted

2023-09-26 18:04:24 - [TEST_STEP][PASSED] - verifyEqual(totalOptionsState, 52): Actual object '52' and expected object '52' are equal

2023-09-26 18:04:24 - [MESSAGE][PASSED] - Actual object '52' and expected object '52' are equal

2023-09-26 18:04:24 - [TEST_STEP][PASSED] - verifyTextPresent("Tax Information", true): Text 'Tax Information' is present on page  using regular expression

2023-09-26 18:04:24 - [MESSAGE][PASSED] - Text 'Tax Information' is present on page  using regular expression

2023-09-26 18:04:24 - [TEST_STEP][PASSED] - verifyElementPresent(findTestObject(orPath_TaxInfo + "/input_FederalEIN-2"), 30): Object 'Object Repository/RAD_Pages/TaxInfo_Page/input_FederalEIN-2' is present

2023-09-26 18:04:25 - [MESSAGE][PASSED] - Object 'Object Repository/RAD_Pages/TaxInfo_Page/input_FederalEIN-2' is present

2023-09-26 18:04:25 - [TEST_STEP][PASSED] - verifyElementPresent(findTestObject(orPath_TaxInfo + "/input_FederalEIN_ReEnter-2"), 30): Object 'Object Repository/RAD_Pages/TaxInfo_Page/input_FederalEIN_ReEnter-2' is present

2023-09-26 18:04:25 - [MESSAGE][PASSED] - Object 'Object Repository/RAD_Pages/TaxInfo_Page/input_FederalEIN_ReEnter-2' is present

2023-09-26 18:04:25 - [TEST_STEP][PASSED] - verifyElementPresent(findTestObject(orPath_TaxInfo + "/input_NoticeInvoiceNumber"), 30): Object 'Object Repository/RAD_Pages/TaxInfo_Page/input_NoticeInvoiceNumber' is present

2023-09-26 18:04:26 - [MESSAGE][PASSED] - Object 'Object Repository/RAD_Pages/TaxInfo_Page/input_NoticeInvoiceNumber' is present

2023-09-26 18:04:26 - [TEST_STEP][PASSED] - verifyElementVisible(findTestObject(orPath_TaxInfo + "/input_NoticeInvoiceNumber")): Object 'Object Repository/RAD_Pages/TaxInfo_Page/input_NoticeInvoiceNumber' is visible

2023-09-26 18:04:26 - [MESSAGE][PASSED] - Object 'Object Repository/RAD_Pages/TaxInfo_Page/input_NoticeInvoiceNumber' is visible

2023-09-26 18:04:26 - [TEST_STEP][PASSED] - verifyElementPresent(findTestObject(orPath_TaxInfo + "/input_reTypeNoticeInvoiceNumber"), 30): Object 'Object Repository/RAD_Pages/TaxInfo_Page/input_reTypeNoticeInvoiceNumber' is present

2023-09-26 18:04:27 - [MESSAGE][PASSED] - Object 'Object Repository/RAD_Pages/TaxInfo_Page/input_reTypeNoticeInvoiceNumber' is present

2023-09-26 18:04:27 - [TEST_STEP][PASSED] - verifyElementVisible(findTestObject(orPath_TaxInfo + "/input_reTypeNoticeInvoiceNumber")): Object 'Object Repository/RAD_Pages/TaxInfo_Page/input_reTypeNoticeInvoiceNumber' is visible

2023-09-26 18:04:27 - [MESSAGE][PASSED] - Object 'Object Repository/RAD_Pages/TaxInfo_Page/input_reTypeNoticeInvoiceNumber' is visible

2023-09-26 18:04:27 - [TEST_STEP][PASSED] - verifyElementNotVisible(findTestObject(orPath_FilingStatus + "/input_userType_Individual")): Object 'Object Repository/RAD_Pages/FilingStatus_Page/input_userType_Individual' is NOT visible

2023-09-26 18:04:27 - [MESSAGE][PASSED] - Object 'Object Repository/RAD_Pages/FilingStatus_Page/input_userType_Individual' is NOT visible

2023-09-26 18:04:27 - [TEST_STEP][PASSED] - verifyElementNotVisible(findTestObject(orPath_FilingStatus + "/input_userType_Joint")): Object 'Object Repository/RAD_Pages/FilingStatus_Page/input_userType_Joint' is NOT visible

2023-09-26 18:04:28 - [MESSAGE][PASSED] - Object 'Object Repository/RAD_Pages/FilingStatus_Page/input_userType_Joint' is NOT visible

2023-09-26 18:04:28 - [TEST_STEP][PASSED] - verifyElementNotVisible(findTestObject(orPath_TaxInfo + "/input_MDCRegistrationEL")): Object 'Object Repository/RAD_Pages/TaxInfo_Page/input_MDCRegistrationEL' is NOT visible

2023-09-26 18:04:28 - [MESSAGE][PASSED] - Object 'Object Repository/RAD_Pages/TaxInfo_Page/input_MDCRegistrationEL' is NOT visible

2023-09-26 18:04:28 - [TEST_STEP][PASSED] - verifyTextPresent("Payment Amount", true): Text 'Payment Amount' is present on page  using regular expression

2023-09-26 18:04:28 - [MESSAGE][PASSED] - Text 'Payment Amount' is present on page  using regular expression

2023-09-26 18:04:28 - [TEST_STEP][PASSED] - verifyElementPresent(findTestObject(orPath_Amount + "/input__paymentAmount"), 30): Object 'Object Repository/RAD_Pages/PaymentAmount_Page/input__paymentAmount' is present

2023-09-26 18:04:29 - [MESSAGE][PASSED] - Object 'Object Repository/RAD_Pages/PaymentAmount_Page/input__paymentAmount' is present

2023-09-26 18:04:29 - [TEST_STEP][PASSED] - verifyElementVisible(findTestObject(orPath_Amount + "/input__paymentAmount")): Object 'Object Repository/RAD_Pages/PaymentAmount_Page/input__paymentAmount' is visible

2023-09-26 18:04:29 - [MESSAGE][PASSED] - Object 'Object Repository/RAD_Pages/PaymentAmount_Page/input__paymentAmount' is visible

2023-09-26 18:04:29 - [TEST_STEP][PASSED] - verifyTextPresent("Service Fee: This electronic government service includes a service/convenience fee. Click here for details", true): Text 'Service Fee: This electronic government service includes a service/convenience fee. Click here for details' is present on page  using regular expression

2023-09-26 18:04:29 - [MESSAGE][PASSED] - Text 'Service Fee: This electronic government service includes a service/convenience fee. Click here for details' is present on page  using regular expression

2023-09-26 18:04:29 - [TEST_STEP][PASSED] - verifyElementPresent(findTestObject(orPath_Amount + "/a_Click here for details"), 30): Object 'Object Repository/RAD_Pages/PaymentAmount_Page/a_Click here for details' is present

2023-09-26 18:04:30 - [MESSAGE][PASSED] - Object 'Object Repository/RAD_Pages/PaymentAmount_Page/a_Click here for details' is present

2023-09-26 18:04:30 - [TEST_STEP][PASSED] - verifyElementPresent(findTestObject(orPath_Landing + "/button_Continue"), 30): Object 'Object Repository/RAD_Pages/Landing_Page/button_Continue' is present

2023-09-26 18:04:30 - [MESSAGE][PASSED] - Object 'Object Repository/RAD_Pages/Landing_Page/button_Continue' is present]]></system-out>
         <system-err><![CDATA[]]></system-err>
      </testcase>
      <testcase name="Test Cases/RAD_TestCases/UI_TestCases/Existing/Existing_PTETaxElectingNonSCorp_UI_TC" time="25.197" classname="Test Cases/RAD_TestCases/UI_TestCases/Existing/Existing_PTETaxElectingNonSCorp_UI_TC" status="PASSED">
         <system-out><![CDATA[2023-09-26 18:04:30 - [TEST_CASE][PASSED] - Test Cases/RAD_TestCases/UI_TestCases/Existing/Existing_PTETaxElectingNonSCorp_UI_TC: Test Cases/RAD_TestCases/UI_TestCases/Existing/Existing_PTETaxElectingNonSCorp_UI_TC

2023-09-26 18:04:30 - [TEST_STEP][PASSED] - openBrowser(""): Browser is opened with url: ''

2023-09-26 18:04:31 - [MESSAGE][WARNING] - A browser is already opened. Closing browser and opening a new one

2023-09-26 18:04:31 - [MESSAGE][INFO] - Starting 'Chrome' driver

2023-09-26 18:04:31 - [MESSAGE][INFO] - User set preference: ['acceptInsecureCerts', 'true']

2023-09-26 18:04:31 - [MESSAGE][INFO] - Action delay is set to 0 milliseconds

2023-09-26 18:04:33 - [MESSAGE][PASSED] - Browser is opened with url: ''

2023-09-26 18:04:33 - [TEST_STEP][PASSED] - maximizeWindow(): Current window maximized

2023-09-26 18:04:33 - [MESSAGE][PASSED] - Current window maximized

2023-09-26 18:04:33 - [TEST_STEP][PASSED] - navigateToUrl(RADurl): Navigate to 'https://qa2.velocitypayment.com/client/rad/index.html' successfully

2023-09-26 18:04:35 - [MESSAGE][PASSED] - Navigate to 'https://qa2.velocitypayment.com/client/rad/index.html' successfully

2023-09-26 18:04:35 - [TEST_STEP][PASSED] - orPath_Landing = "Object Repository/RAD_Pages/Landing_Page": null

2023-09-26 18:04:35 - [TEST_STEP][PASSED] - orPath_TaxTypeFilingYear = "Object Repository/RAD_Pages/TaxTypeFilingYear_Page": null

2023-09-26 18:04:35 - [TEST_STEP][PASSED] - orPath_TaxPayer = "Object Repository/RAD_Pages/Taxpayer_Page": null

2023-09-26 18:04:35 - [TEST_STEP][PASSED] - orPath_AddressContact = "Object Repository/RAD_Pages/AddressAndContactInfo_Page": null

2023-09-26 18:04:35 - [TEST_STEP][PASSED] - orPath_FilingStatus = "Object Repository/RAD_Pages/FilingStatus_Page": null

2023-09-26 18:04:35 - [TEST_STEP][PASSED] - orPath_Amount = "Object Repository/RAD_Pages/PaymentAmount_Page": null

2023-09-26 18:04:35 - [TEST_STEP][PASSED] - orPath_TaxInfo = "Object Repository/RAD_Pages/TaxInfo_Page": null

2023-09-26 18:04:35 - [TEST_STEP][PASSED] - selectOptionByLabel(findTestObject(orPath_Landing + "/dd_TaxType"), "Existing Liability w/Notice Number", false): All options with label 'Existing Liability w/Notice Number' are selected in object 'Object Repository/RAD_Pages/Landing_Page/dd_TaxType' 

2023-09-26 18:04:35 - [MESSAGE][PASSED] - All options with label 'Existing Liability w/Notice Number' are selected in object 'Object Repository/RAD_Pages/Landing_Page/dd_TaxType' 

2023-09-26 18:04:35 - [TEST_STEP][PASSED] - selectOptionByLabel(findTestObject(orPath_TaxTypeFilingYear + "/select_TaxType_ExistingLiability"), "PTE Tax Electing Non-S Corp", false): All options with label 'PTE Tax Electing Non-S Corp' are selected in object 'Object Repository/RAD_Pages/TaxTypeFilingYear_Page/select_TaxType_ExistingLiability' 

2023-09-26 18:04:36 - [MESSAGE][PASSED] - All options with label 'PTE Tax Electing Non-S Corp' are selected in object 'Object Repository/RAD_Pages/TaxTypeFilingYear_Page/select_TaxType_ExistingLiability' 

2023-09-26 18:04:36 - [TEST_STEP][PASSED] - verifyElementNotVisible(findTestObject(orPath_TaxTypeFilingYear + "/select_FilingYear")): Object 'Object Repository/RAD_Pages/TaxTypeFilingYear_Page/select_FilingYear' is NOT visible

2023-09-26 18:04:37 - [MESSAGE][PASSED] - Object 'Object Repository/RAD_Pages/TaxTypeFilingYear_Page/select_FilingYear' is NOT visible

2023-09-26 18:04:37 - [TEST_STEP][PASSED] - verifyElementNotVisible(findTestObject(orPath_TaxTypeFilingYear + "/select_PeriodEnding")): Object 'Object Repository/RAD_Pages/TaxTypeFilingYear_Page/select_PeriodEnding' is NOT visible

2023-09-26 18:04:37 - [MESSAGE][PASSED] - Object 'Object Repository/RAD_Pages/TaxTypeFilingYear_Page/select_PeriodEnding' is NOT visible

2023-09-26 18:04:37 - [TEST_STEP][PASSED] - verifyTextPresent("Taxpayer", true): Text 'Taxpayer' is present on page  using regular expression

2023-09-26 18:04:37 - [MESSAGE][PASSED] - Text 'Taxpayer' is present on page  using regular expression

2023-09-26 18:04:37 - [TEST_STEP][PASSED] - verifyTextPresent("Provide the following taxpayer information", true): Text 'Provide the following taxpayer information' is present on page  using regular expression

2023-09-26 18:04:38 - [MESSAGE][PASSED] - Text 'Provide the following taxpayer information' is present on page  using regular expression

2023-09-26 18:04:38 - [TEST_STEP][PASSED] - verifyTextPresent("Note: If you are paying on behalf of the Taxpayer, enter Taxpayer", true): Text 'Note: If you are paying on behalf of the Taxpayer, enter Taxpayer' is present on page  using regular expression

2023-09-26 18:04:38 - [MESSAGE][PASSED] - Text 'Note: If you are paying on behalf of the Taxpayer, enter Taxpayer' is present on page  using regular expression

2023-09-26 18:04:38 - [TEST_STEP][PASSED] - verifyTextPresent("information here. If you are making a payment for the Taxpayer, you will be required later to enter your own credit card, billing address and other pertinent information", true): Text 'information here. If you are making a payment for the Taxpayer, you will be required later to enter your own credit card, billing address and other pertinent information' is present on page  using regular expression

2023-09-26 18:04:39 - [MESSAGE][PASSED] - Text 'information here. If you are making a payment for the Taxpayer, you will be required later to enter your own credit card, billing address and other pertinent information' is present on page  using regular expression

2023-09-26 18:04:39 - [TEST_STEP][PASSED] - verifyElementVisible(findTestObject(orPath_TaxPayer + "/input_Note_businessName")): Object 'Object Repository/RAD_Pages/Taxpayer_Page/input_Note_businessName' is visible

2023-09-26 18:04:39 - [MESSAGE][PASSED] - Object 'Object Repository/RAD_Pages/Taxpayer_Page/input_Note_businessName' is visible

2023-09-26 18:04:39 - [TEST_STEP][PASSED] - verifyElementVisible(findTestObject(orPath_TaxPayer + "/input_BusinessRepfirstName")): Object 'Object Repository/RAD_Pages/Taxpayer_Page/input_BusinessRepfirstName' is visible

2023-09-26 18:04:39 - [MESSAGE][PASSED] - Object 'Object Repository/RAD_Pages/Taxpayer_Page/input_BusinessRepfirstName' is visible

2023-09-26 18:04:39 - [TEST_STEP][PASSED] - verifyElementVisible(findTestObject(orPath_TaxPayer + "/input_BusinessRepmiddleName")): Object 'Object Repository/RAD_Pages/Taxpayer_Page/input_BusinessRepmiddleName' is visible

2023-09-26 18:04:40 - [MESSAGE][PASSED] - Object 'Object Repository/RAD_Pages/Taxpayer_Page/input_BusinessRepmiddleName' is visible

2023-09-26 18:04:40 - [TEST_STEP][PASSED] - verifyElementVisible(findTestObject(orPath_TaxPayer + "/input_BusinessReplastName")): Object 'Object Repository/RAD_Pages/Taxpayer_Page/input_BusinessReplastName' is visible

2023-09-26 18:04:40 - [MESSAGE][PASSED] - Object 'Object Repository/RAD_Pages/Taxpayer_Page/input_BusinessReplastName' is visible

2023-09-26 18:04:40 - [TEST_STEP][PASSED] - verifyElementVisible(findTestObject(orPath_TaxPayer + "/input_BusinessRepsuffix")): Object 'Object Repository/RAD_Pages/Taxpayer_Page/input_BusinessRepsuffix' is visible

2023-09-26 18:04:40 - [MESSAGE][PASSED] - Object 'Object Repository/RAD_Pages/Taxpayer_Page/input_BusinessRepsuffix' is visible

2023-09-26 18:04:40 - [TEST_STEP][PASSED] - verifyElementNotVisible(findTestObject(orPath_TaxPayer + "/input_firstName")): Object 'Object Repository/RAD_Pages/Taxpayer_Page/input_firstName' is NOT visible

2023-09-26 18:04:41 - [MESSAGE][PASSED] - Object 'Object Repository/RAD_Pages/Taxpayer_Page/input_firstName' is NOT visible

2023-09-26 18:04:41 - [TEST_STEP][PASSED] - verifyElementNotVisible(findTestObject(orPath_TaxPayer + "/input_middleName")): Object 'Object Repository/RAD_Pages/Taxpayer_Page/input_middleName' is NOT visible

2023-09-26 18:04:41 - [MESSAGE][PASSED] - Object 'Object Repository/RAD_Pages/Taxpayer_Page/input_middleName' is NOT visible

2023-09-26 18:04:41 - [TEST_STEP][PASSED] - verifyElementNotVisible(findTestObject(orPath_TaxPayer + "/input_lastName")): Object 'Object Repository/RAD_Pages/Taxpayer_Page/input_lastName' is NOT visible

2023-09-26 18:04:41 - [MESSAGE][PASSED] - Object 'Object Repository/RAD_Pages/Taxpayer_Page/input_lastName' is NOT visible

2023-09-26 18:04:41 - [TEST_STEP][PASSED] - verifyElementNotVisible(findTestObject(orPath_TaxPayer + "/input_suffix")): Object 'Object Repository/RAD_Pages/Taxpayer_Page/input_suffix' is NOT visible

2023-09-26 18:04:42 - [MESSAGE][PASSED] - Object 'Object Repository/RAD_Pages/Taxpayer_Page/input_suffix' is NOT visible

2023-09-26 18:04:42 - [TEST_STEP][PASSED] - verifyElementNotVisible(findTestObject("RAD_RecordAndPlay/input_concatSSN")): Object 'Object Repository/RAD_RecordAndPlay/input_concatSSN' is NOT visible

2023-09-26 18:04:42 - [MESSAGE][PASSED] - Object 'Object Repository/RAD_RecordAndPlay/input_concatSSN' is NOT visible

2023-09-26 18:04:42 - [TEST_STEP][PASSED] - verifyElementNotVisible(findTestObject("RAD_RecordAndPlay/input_concatReSSN")): Object 'Object Repository/RAD_RecordAndPlay/input_concatReSSN' is NOT visible

2023-09-26 18:04:43 - [MESSAGE][PASSED] - Object 'Object Repository/RAD_RecordAndPlay/input_concatReSSN' is NOT visible

2023-09-26 18:04:43 - [TEST_STEP][PASSED] - verifyTextPresent("Address and Contact Information", true): Text 'Address and Contact Information' is present on page  using regular expression

2023-09-26 18:04:43 - [MESSAGE][PASSED] - Text 'Address and Contact Information' is present on page  using regular expression

2023-09-26 18:04:43 - [TEST_STEP][PASSED] - verifyTextPresent("Enter the taxpayer", true): Text 'Enter the taxpayer' is present on page  using regular expression

2023-09-26 18:04:44 - [MESSAGE][PASSED] - Text 'Enter the taxpayer' is present on page  using regular expression

2023-09-26 18:04:44 - [TEST_STEP][PASSED] - verifyTextPresent("address and contact information", true): Text 'address and contact information' is present on page  using regular expression

2023-09-26 18:04:44 - [MESSAGE][PASSED] - Text 'address and contact information' is present on page  using regular expression

2023-09-26 18:04:44 - [TEST_STEP][PASSED] - verifyElementPresent(findTestObject(orPath_AddressContact + "/select_Country"), 30): Object 'Object Repository/RAD_Pages/AddressAndContactInfo_Page/select_Country' is present

2023-09-26 18:04:44 - [MESSAGE][PASSED] - Object 'Object Repository/RAD_Pages/AddressAndContactInfo_Page/select_Country' is present

2023-09-26 18:04:44 - [TEST_STEP][PASSED] - verifyElementPresent(findTestObject(orPath_AddressContact + "/input_streetAddress1"), 30): Object 'Object Repository/RAD_Pages/AddressAndContactInfo_Page/input_streetAddress1' is present

2023-09-26 18:04:45 - [MESSAGE][PASSED] - Object 'Object Repository/RAD_Pages/AddressAndContactInfo_Page/input_streetAddress1' is present

2023-09-26 18:04:45 - [TEST_STEP][PASSED] - verifyElementPresent(findTestObject(orPath_AddressContact + "/input_streetAddress2"), 30): Object 'Object Repository/RAD_Pages/AddressAndContactInfo_Page/input_streetAddress2' is present

2023-09-26 18:04:45 - [MESSAGE][PASSED] - Object 'Object Repository/RAD_Pages/AddressAndContactInfo_Page/input_streetAddress2' is present

2023-09-26 18:04:45 - [TEST_STEP][PASSED] - verifyElementPresent(findTestObject(orPath_AddressContact + "/input_city"), 30): Object 'Object Repository/RAD_Pages/AddressAndContactInfo_Page/input_city' is present

2023-09-26 18:04:45 - [MESSAGE][PASSED] - Object 'Object Repository/RAD_Pages/AddressAndContactInfo_Page/input_city' is present

2023-09-26 18:04:45 - [TEST_STEP][PASSED] - verifyElementPresent(findTestObject(orPath_AddressContact + "/select_State"), 30): Object 'Object Repository/RAD_Pages/AddressAndContactInfo_Page/select_State' is present

2023-09-26 18:04:46 - [MESSAGE][PASSED] - Object 'Object Repository/RAD_Pages/AddressAndContactInfo_Page/select_State' is present

2023-09-26 18:04:46 - [TEST_STEP][PASSED] - verifyElementPresent(findTestObject(orPath_AddressContact + "/input_zipCode"), 30): Object 'Object Repository/RAD_Pages/AddressAndContactInfo_Page/input_zipCode' is present

2023-09-26 18:04:46 - [MESSAGE][PASSED] - Object 'Object Repository/RAD_Pages/AddressAndContactInfo_Page/input_zipCode' is present

2023-09-26 18:04:46 - [TEST_STEP][PASSED] - verifyElementPresent(findTestObject(orPath_AddressContact + "/input_phoneNumber"), 30): Object 'Object Repository/RAD_Pages/AddressAndContactInfo_Page/input_phoneNumber' is present

2023-09-26 18:04:46 - [MESSAGE][PASSED] - Object 'Object Repository/RAD_Pages/AddressAndContactInfo_Page/input_phoneNumber' is present

2023-09-26 18:04:46 - [TEST_STEP][PASSED] - verifyElementPresent(findTestObject(orPath_AddressContact + "/input_eMailAddress"), 30): Object 'Object Repository/RAD_Pages/AddressAndContactInfo_Page/input_eMailAddress' is present

2023-09-26 18:04:47 - [MESSAGE][PASSED] - Object 'Object Repository/RAD_Pages/AddressAndContactInfo_Page/input_eMailAddress' is present

2023-09-26 18:04:47 - [TEST_STEP][PASSED] - verifyElementPresent(findTestObject(orPath_AddressContact + "/input_reEnterEMailAddress"), 30): Object 'Object Repository/RAD_Pages/AddressAndContactInfo_Page/input_reEnterEMailAddress' is present

2023-09-26 18:04:47 - [MESSAGE][PASSED] - Object 'Object Repository/RAD_Pages/AddressAndContactInfo_Page/input_reEnterEMailAddress' is present

2023-09-26 18:04:47 - [TEST_STEP][PASSED] - verifyOptionsPresent(findTestObject(orPath_AddressContact + "/select_Country"), ["United States"]): Options [United States] present.

2023-09-26 18:04:48 - [MESSAGE][PASSED] - Options [United States] present.

2023-09-26 18:04:48 - [TEST_STEP][PASSED] - verifyOptionsPresent(findTestObject(orPath_AddressContact + "/select_State"), ["Alabama", "District of Columbia", "Maryland", "Virginia", "Wyoming"]): Options [Alabama, District of Columbia, Maryland, Virginia, Wyoming] present.

2023-09-26 18:04:49 - [MESSAGE][PASSED] - Options [Alabama, District of Columbia, Maryland, Virginia, Wyoming] present.

2023-09-26 18:04:49 - [TEST_STEP][PASSED] - totalOptionsState = getNumberOfTotalOption(findTestObject(orPath_AddressContact + "/select_State")): 52 options of object 'Object Repository/RAD_Pages/AddressAndContactInfo_Page/select_State' counted

2023-09-26 18:04:49 - [MESSAGE][PASSED] - 52 options of object 'Object Repository/RAD_Pages/AddressAndContactInfo_Page/select_State' counted

2023-09-26 18:04:49 - [TEST_STEP][PASSED] - verifyEqual(totalOptionsState, 52): Actual object '52' and expected object '52' are equal

2023-09-26 18:04:49 - [MESSAGE][PASSED] - Actual object '52' and expected object '52' are equal

2023-09-26 18:04:49 - [TEST_STEP][PASSED] - verifyTextPresent("Tax Information", true): Text 'Tax Information' is present on page  using regular expression

2023-09-26 18:04:50 - [MESSAGE][PASSED] - Text 'Tax Information' is present on page  using regular expression

2023-09-26 18:04:50 - [TEST_STEP][PASSED] - verifyElementPresent(findTestObject(orPath_TaxInfo + "/input_FederalEIN-2"), 30): Object 'Object Repository/RAD_Pages/TaxInfo_Page/input_FederalEIN-2' is present

2023-09-26 18:04:50 - [MESSAGE][PASSED] - Object 'Object Repository/RAD_Pages/TaxInfo_Page/input_FederalEIN-2' is present

2023-09-26 18:04:50 - [TEST_STEP][PASSED] - verifyElementPresent(findTestObject(orPath_TaxInfo + "/input_FederalEIN_ReEnter-2"), 30): Object 'Object Repository/RAD_Pages/TaxInfo_Page/input_FederalEIN_ReEnter-2' is present

2023-09-26 18:04:51 - [MESSAGE][PASSED] - Object 'Object Repository/RAD_Pages/TaxInfo_Page/input_FederalEIN_ReEnter-2' is present

2023-09-26 18:04:51 - [TEST_STEP][PASSED] - verifyElementPresent(findTestObject(orPath_TaxInfo + "/input_NoticeInvoiceNumber"), 30): Object 'Object Repository/RAD_Pages/TaxInfo_Page/input_NoticeInvoiceNumber' is present

2023-09-26 18:04:51 - [MESSAGE][PASSED] - Object 'Object Repository/RAD_Pages/TaxInfo_Page/input_NoticeInvoiceNumber' is present

2023-09-26 18:04:51 - [TEST_STEP][PASSED] - verifyElementVisible(findTestObject(orPath_TaxInfo + "/input_NoticeInvoiceNumber")): Object 'Object Repository/RAD_Pages/TaxInfo_Page/input_NoticeInvoiceNumber' is visible

2023-09-26 18:04:51 - [MESSAGE][PASSED] - Object 'Object Repository/RAD_Pages/TaxInfo_Page/input_NoticeInvoiceNumber' is visible

2023-09-26 18:04:51 - [TEST_STEP][PASSED] - verifyElementPresent(findTestObject(orPath_TaxInfo + "/input_reTypeNoticeInvoiceNumber"), 30): Object 'Object Repository/RAD_Pages/TaxInfo_Page/input_reTypeNoticeInvoiceNumber' is present

2023-09-26 18:04:52 - [MESSAGE][PASSED] - Object 'Object Repository/RAD_Pages/TaxInfo_Page/input_reTypeNoticeInvoiceNumber' is present

2023-09-26 18:04:52 - [TEST_STEP][PASSED] - verifyElementVisible(findTestObject(orPath_TaxInfo + "/input_reTypeNoticeInvoiceNumber")): Object 'Object Repository/RAD_Pages/TaxInfo_Page/input_reTypeNoticeInvoiceNumber' is visible

2023-09-26 18:04:52 - [MESSAGE][PASSED] - Object 'Object Repository/RAD_Pages/TaxInfo_Page/input_reTypeNoticeInvoiceNumber' is visible

2023-09-26 18:04:52 - [TEST_STEP][PASSED] - verifyElementNotVisible(findTestObject(orPath_FilingStatus + "/input_userType_Individual")): Object 'Object Repository/RAD_Pages/FilingStatus_Page/input_userType_Individual' is NOT visible

2023-09-26 18:04:52 - [MESSAGE][PASSED] - Object 'Object Repository/RAD_Pages/FilingStatus_Page/input_userType_Individual' is NOT visible

2023-09-26 18:04:52 - [TEST_STEP][PASSED] - verifyElementNotVisible(findTestObject(orPath_FilingStatus + "/input_userType_Joint")): Object 'Object Repository/RAD_Pages/FilingStatus_Page/input_userType_Joint' is NOT visible

2023-09-26 18:04:53 - [MESSAGE][PASSED] - Object 'Object Repository/RAD_Pages/FilingStatus_Page/input_userType_Joint' is NOT visible

2023-09-26 18:04:53 - [TEST_STEP][PASSED] - verifyElementNotVisible(findTestObject(orPath_TaxInfo + "/input_MDCRegistrationEL")): Object 'Object Repository/RAD_Pages/TaxInfo_Page/input_MDCRegistrationEL' is NOT visible

2023-09-26 18:04:53 - [MESSAGE][PASSED] - Object 'Object Repository/RAD_Pages/TaxInfo_Page/input_MDCRegistrationEL' is NOT visible

2023-09-26 18:04:53 - [TEST_STEP][PASSED] - verifyTextPresent("Payment Amount", true): Text 'Payment Amount' is present on page  using regular expression

2023-09-26 18:04:54 - [MESSAGE][PASSED] - Text 'Payment Amount' is present on page  using regular expression

2023-09-26 18:04:54 - [TEST_STEP][PASSED] - verifyElementPresent(findTestObject(orPath_Amount + "/input__paymentAmount"), 30): Object 'Object Repository/RAD_Pages/PaymentAmount_Page/input__paymentAmount' is present

2023-09-26 18:04:54 - [MESSAGE][PASSED] - Object 'Object Repository/RAD_Pages/PaymentAmount_Page/input__paymentAmount' is present

2023-09-26 18:04:54 - [TEST_STEP][PASSED] - verifyElementVisible(findTestObject(orPath_Amount + "/input__paymentAmount")): Object 'Object Repository/RAD_Pages/PaymentAmount_Page/input__paymentAmount' is visible

2023-09-26 18:04:54 - [MESSAGE][PASSED] - Object 'Object Repository/RAD_Pages/PaymentAmount_Page/input__paymentAmount' is visible

2023-09-26 18:04:54 - [TEST_STEP][PASSED] - verifyTextPresent("Service Fee: This electronic government service includes a service/convenience fee. Click here for details", true): Text 'Service Fee: This electronic government service includes a service/convenience fee. Click here for details' is present on page  using regular expression

2023-09-26 18:04:55 - [MESSAGE][PASSED] - Text 'Service Fee: This electronic government service includes a service/convenience fee. Click here for details' is present on page  using regular expression

2023-09-26 18:04:55 - [TEST_STEP][PASSED] - verifyElementPresent(findTestObject(orPath_Amount + "/a_Click here for details"), 30): Object 'Object Repository/RAD_Pages/PaymentAmount_Page/a_Click here for details' is present

2023-09-26 18:04:55 - [MESSAGE][PASSED] - Object 'Object Repository/RAD_Pages/PaymentAmount_Page/a_Click here for details' is present

2023-09-26 18:04:55 - [TEST_STEP][PASSED] - verifyElementPresent(findTestObject(orPath_Landing + "/button_Continue"), 30): Object 'Object Repository/RAD_Pages/Landing_Page/button_Continue' is present

2023-09-26 18:04:55 - [MESSAGE][PASSED] - Object 'Object Repository/RAD_Pages/Landing_Page/button_Continue' is present]]></system-out>
         <system-err><![CDATA[]]></system-err>
      </testcase>
      <testcase name="Test Cases/RAD_TestCases/UI_TestCases/Existing/Existing_PTETaxElectingSCorp_UI_TC" time="25.451" classname="Test Cases/RAD_TestCases/UI_TestCases/Existing/Existing_PTETaxElectingSCorp_UI_TC" status="PASSED">
         <system-out><![CDATA[2023-09-26 18:04:55 - [TEST_CASE][PASSED] - Test Cases/RAD_TestCases/UI_TestCases/Existing/Existing_PTETaxElectingSCorp_UI_TC: Test Cases/RAD_TestCases/UI_TestCases/Existing/Existing_PTETaxElectingSCorp_UI_TC

2023-09-26 18:04:56 - [TEST_STEP][PASSED] - openBrowser(""): Browser is opened with url: ''

2023-09-26 18:04:56 - [MESSAGE][WARNING] - A browser is already opened. Closing browser and opening a new one

2023-09-26 18:04:57 - [MESSAGE][INFO] - Starting 'Chrome' driver

2023-09-26 18:04:57 - [MESSAGE][INFO] - User set preference: ['acceptInsecureCerts', 'true']

2023-09-26 18:04:57 - [MESSAGE][INFO] - Action delay is set to 0 milliseconds

2023-09-26 18:04:58 - [MESSAGE][PASSED] - Browser is opened with url: ''

2023-09-26 18:04:58 - [TEST_STEP][PASSED] - maximizeWindow(): Current window maximized

2023-09-26 18:04:58 - [MESSAGE][PASSED] - Current window maximized

2023-09-26 18:04:58 - [TEST_STEP][PASSED] - navigateToUrl(RADurl): Navigate to 'https://qa2.velocitypayment.com/client/rad/index.html' successfully

2023-09-26 18:05:00 - [MESSAGE][PASSED] - Navigate to 'https://qa2.velocitypayment.com/client/rad/index.html' successfully

2023-09-26 18:05:00 - [TEST_STEP][PASSED] - orPath_Landing = "Object Repository/RAD_Pages/Landing_Page": null

2023-09-26 18:05:00 - [TEST_STEP][PASSED] - orPath_TaxTypeFilingYear = "Object Repository/RAD_Pages/TaxTypeFilingYear_Page": null

2023-09-26 18:05:00 - [TEST_STEP][PASSED] - orPath_TaxPayer = "Object Repository/RAD_Pages/Taxpayer_Page": null

2023-09-26 18:05:00 - [TEST_STEP][PASSED] - orPath_AddressContact = "Object Repository/RAD_Pages/AddressAndContactInfo_Page": null

2023-09-26 18:05:00 - [TEST_STEP][PASSED] - orPath_FilingStatus = "Object Repository/RAD_Pages/FilingStatus_Page": null

2023-09-26 18:05:00 - [TEST_STEP][PASSED] - orPath_Amount = "Object Repository/RAD_Pages/PaymentAmount_Page": null

2023-09-26 18:05:00 - [TEST_STEP][PASSED] - orPath_TaxInfo = "Object Repository/RAD_Pages/TaxInfo_Page": null

2023-09-26 18:05:00 - [TEST_STEP][PASSED] - selectOptionByLabel(findTestObject(orPath_Landing + "/dd_TaxType"), "Existing Liability w/Notice Number", false): All options with label 'Existing Liability w/Notice Number' are selected in object 'Object Repository/RAD_Pages/Landing_Page/dd_TaxType' 

2023-09-26 18:05:00 - [MESSAGE][PASSED] - All options with label 'Existing Liability w/Notice Number' are selected in object 'Object Repository/RAD_Pages/Landing_Page/dd_TaxType' 

2023-09-26 18:05:00 - [TEST_STEP][PASSED] - selectOptionByLabel(findTestObject(orPath_TaxTypeFilingYear + "/select_TaxType_ExistingLiability"), "PTE Tax Electing S Corp", false): All options with label 'PTE Tax Electing S Corp' are selected in object 'Object Repository/RAD_Pages/TaxTypeFilingYear_Page/select_TaxType_ExistingLiability' 

2023-09-26 18:05:01 - [MESSAGE][PASSED] - All options with label 'PTE Tax Electing S Corp' are selected in object 'Object Repository/RAD_Pages/TaxTypeFilingYear_Page/select_TaxType_ExistingLiability' 

2023-09-26 18:05:01 - [TEST_STEP][PASSED] - verifyElementNotVisible(findTestObject(orPath_TaxTypeFilingYear + "/select_FilingYear")): Object 'Object Repository/RAD_Pages/TaxTypeFilingYear_Page/select_FilingYear' is NOT visible

2023-09-26 18:05:02 - [MESSAGE][PASSED] - Object 'Object Repository/RAD_Pages/TaxTypeFilingYear_Page/select_FilingYear' is NOT visible

2023-09-26 18:05:02 - [TEST_STEP][PASSED] - verifyElementNotVisible(findTestObject(orPath_TaxTypeFilingYear + "/select_PeriodEnding")): Object 'Object Repository/RAD_Pages/TaxTypeFilingYear_Page/select_PeriodEnding' is NOT visible

2023-09-26 18:05:02 - [MESSAGE][PASSED] - Object 'Object Repository/RAD_Pages/TaxTypeFilingYear_Page/select_PeriodEnding' is NOT visible

2023-09-26 18:05:02 - [TEST_STEP][PASSED] - verifyTextPresent("Taxpayer", true): Text 'Taxpayer' is present on page  using regular expression

2023-09-26 18:05:03 - [MESSAGE][PASSED] - Text 'Taxpayer' is present on page  using regular expression

2023-09-26 18:05:03 - [TEST_STEP][PASSED] - verifyTextPresent("Provide the following taxpayer information", true): Text 'Provide the following taxpayer information' is present on page  using regular expression

2023-09-26 18:05:03 - [MESSAGE][PASSED] - Text 'Provide the following taxpayer information' is present on page  using regular expression

2023-09-26 18:05:03 - [TEST_STEP][PASSED] - verifyTextPresent("Note: If you are paying on behalf of the Taxpayer, enter Taxpayer", true): Text 'Note: If you are paying on behalf of the Taxpayer, enter Taxpayer' is present on page  using regular expression

2023-09-26 18:05:03 - [MESSAGE][PASSED] - Text 'Note: If you are paying on behalf of the Taxpayer, enter Taxpayer' is present on page  using regular expression

2023-09-26 18:05:03 - [TEST_STEP][PASSED] - verifyTextPresent("information here. If you are making a payment for the Taxpayer, you will be required later to enter your own credit card, billing address and other pertinent information", true): Text 'information here. If you are making a payment for the Taxpayer, you will be required later to enter your own credit card, billing address and other pertinent information' is present on page  using regular expression

2023-09-26 18:05:04 - [MESSAGE][PASSED] - Text 'information here. If you are making a payment for the Taxpayer, you will be required later to enter your own credit card, billing address and other pertinent information' is present on page  using regular expression

2023-09-26 18:05:04 - [TEST_STEP][PASSED] - verifyElementVisible(findTestObject(orPath_TaxPayer + "/input_Note_businessName")): Object 'Object Repository/RAD_Pages/Taxpayer_Page/input_Note_businessName' is visible

2023-09-26 18:05:04 - [MESSAGE][PASSED] - Object 'Object Repository/RAD_Pages/Taxpayer_Page/input_Note_businessName' is visible

2023-09-26 18:05:04 - [TEST_STEP][PASSED] - verifyElementVisible(findTestObject(orPath_TaxPayer + "/input_BusinessRepfirstName")): Object 'Object Repository/RAD_Pages/Taxpayer_Page/input_BusinessRepfirstName' is visible

2023-09-26 18:05:04 - [MESSAGE][PASSED] - Object 'Object Repository/RAD_Pages/Taxpayer_Page/input_BusinessRepfirstName' is visible

2023-09-26 18:05:04 - [TEST_STEP][PASSED] - verifyElementVisible(findTestObject(orPath_TaxPayer + "/input_BusinessRepmiddleName")): Object 'Object Repository/RAD_Pages/Taxpayer_Page/input_BusinessRepmiddleName' is visible

2023-09-26 18:05:05 - [MESSAGE][PASSED] - Object 'Object Repository/RAD_Pages/Taxpayer_Page/input_BusinessRepmiddleName' is visible

2023-09-26 18:05:05 - [TEST_STEP][PASSED] - verifyElementVisible(findTestObject(orPath_TaxPayer + "/input_BusinessReplastName")): Object 'Object Repository/RAD_Pages/Taxpayer_Page/input_BusinessReplastName' is visible

2023-09-26 18:05:05 - [MESSAGE][PASSED] - Object 'Object Repository/RAD_Pages/Taxpayer_Page/input_BusinessReplastName' is visible

2023-09-26 18:05:05 - [TEST_STEP][PASSED] - verifyElementVisible(findTestObject(orPath_TaxPayer + "/input_BusinessRepsuffix")): Object 'Object Repository/RAD_Pages/Taxpayer_Page/input_BusinessRepsuffix' is visible

2023-09-26 18:05:06 - [MESSAGE][PASSED] - Object 'Object Repository/RAD_Pages/Taxpayer_Page/input_BusinessRepsuffix' is visible

2023-09-26 18:05:06 - [TEST_STEP][PASSED] - verifyElementNotVisible(findTestObject(orPath_TaxPayer + "/input_firstName")): Object 'Object Repository/RAD_Pages/Taxpayer_Page/input_firstName' is NOT visible

2023-09-26 18:05:06 - [MESSAGE][PASSED] - Object 'Object Repository/RAD_Pages/Taxpayer_Page/input_firstName' is NOT visible

2023-09-26 18:05:06 - [TEST_STEP][PASSED] - verifyElementNotVisible(findTestObject(orPath_TaxPayer + "/input_middleName")): Object 'Object Repository/RAD_Pages/Taxpayer_Page/input_middleName' is NOT visible

2023-09-26 18:05:06 - [MESSAGE][PASSED] - Object 'Object Repository/RAD_Pages/Taxpayer_Page/input_middleName' is NOT visible

2023-09-26 18:05:06 - [TEST_STEP][PASSED] - verifyElementNotVisible(findTestObject(orPath_TaxPayer + "/input_lastName")): Object 'Object Repository/RAD_Pages/Taxpayer_Page/input_lastName' is NOT visible

2023-09-26 18:05:07 - [MESSAGE][PASSED] - Object 'Object Repository/RAD_Pages/Taxpayer_Page/input_lastName' is NOT visible

2023-09-26 18:05:07 - [TEST_STEP][PASSED] - verifyElementNotVisible(findTestObject(orPath_TaxPayer + "/input_suffix")): Object 'Object Repository/RAD_Pages/Taxpayer_Page/input_suffix' is NOT visible

2023-09-26 18:05:07 - [MESSAGE][PASSED] - Object 'Object Repository/RAD_Pages/Taxpayer_Page/input_suffix' is NOT visible

2023-09-26 18:05:07 - [TEST_STEP][PASSED] - verifyElementNotVisible(findTestObject("RAD_RecordAndPlay/input_concatSSN")): Object 'Object Repository/RAD_RecordAndPlay/input_concatSSN' is NOT visible

2023-09-26 18:05:07 - [MESSAGE][PASSED] - Object 'Object Repository/RAD_RecordAndPlay/input_concatSSN' is NOT visible

2023-09-26 18:05:07 - [TEST_STEP][PASSED] - verifyElementNotVisible(findTestObject("RAD_RecordAndPlay/input_concatReSSN")): Object 'Object Repository/RAD_RecordAndPlay/input_concatReSSN' is NOT visible

2023-09-26 18:05:08 - [MESSAGE][PASSED] - Object 'Object Repository/RAD_RecordAndPlay/input_concatReSSN' is NOT visible

2023-09-26 18:05:08 - [TEST_STEP][PASSED] - verifyTextPresent("Address and Contact Information", true): Text 'Address and Contact Information' is present on page  using regular expression

2023-09-26 18:05:09 - [MESSAGE][PASSED] - Text 'Address and Contact Information' is present on page  using regular expression

2023-09-26 18:05:09 - [TEST_STEP][PASSED] - verifyTextPresent("Enter the taxpayer", true): Text 'Enter the taxpayer' is present on page  using regular expression

2023-09-26 18:05:09 - [MESSAGE][PASSED] - Text 'Enter the taxpayer' is present on page  using regular expression

2023-09-26 18:05:09 - [TEST_STEP][PASSED] - verifyTextPresent("address and contact information", true): Text 'address and contact information' is present on page  using regular expression

2023-09-26 18:05:09 - [MESSAGE][PASSED] - Text 'address and contact information' is present on page  using regular expression

2023-09-26 18:05:09 - [TEST_STEP][PASSED] - verifyElementPresent(findTestObject(orPath_AddressContact + "/select_Country"), 30): Object 'Object Repository/RAD_Pages/AddressAndContactInfo_Page/select_Country' is present

2023-09-26 18:05:10 - [MESSAGE][PASSED] - Object 'Object Repository/RAD_Pages/AddressAndContactInfo_Page/select_Country' is present

2023-09-26 18:05:10 - [TEST_STEP][PASSED] - verifyElementPresent(findTestObject(orPath_AddressContact + "/input_streetAddress1"), 30): Object 'Object Repository/RAD_Pages/AddressAndContactInfo_Page/input_streetAddress1' is present

2023-09-26 18:05:10 - [MESSAGE][PASSED] - Object 'Object Repository/RAD_Pages/AddressAndContactInfo_Page/input_streetAddress1' is present

2023-09-26 18:05:10 - [TEST_STEP][PASSED] - verifyElementPresent(findTestObject(orPath_AddressContact + "/input_streetAddress2"), 30): Object 'Object Repository/RAD_Pages/AddressAndContactInfo_Page/input_streetAddress2' is present

2023-09-26 18:05:10 - [MESSAGE][PASSED] - Object 'Object Repository/RAD_Pages/AddressAndContactInfo_Page/input_streetAddress2' is present

2023-09-26 18:05:10 - [TEST_STEP][PASSED] - verifyElementPresent(findTestObject(orPath_AddressContact + "/input_city"), 30): Object 'Object Repository/RAD_Pages/AddressAndContactInfo_Page/input_city' is present

2023-09-26 18:05:11 - [MESSAGE][PASSED] - Object 'Object Repository/RAD_Pages/AddressAndContactInfo_Page/input_city' is present

2023-09-26 18:05:11 - [TEST_STEP][PASSED] - verifyElementPresent(findTestObject(orPath_AddressContact + "/select_State"), 30): Object 'Object Repository/RAD_Pages/AddressAndContactInfo_Page/select_State' is present

2023-09-26 18:05:11 - [MESSAGE][PASSED] - Object 'Object Repository/RAD_Pages/AddressAndContactInfo_Page/select_State' is present

2023-09-26 18:05:11 - [TEST_STEP][PASSED] - verifyElementPresent(findTestObject(orPath_AddressContact + "/input_zipCode"), 30): Object 'Object Repository/RAD_Pages/AddressAndContactInfo_Page/input_zipCode' is present

2023-09-26 18:05:11 - [MESSAGE][PASSED] - Object 'Object Repository/RAD_Pages/AddressAndContactInfo_Page/input_zipCode' is present

2023-09-26 18:05:11 - [TEST_STEP][PASSED] - verifyElementPresent(findTestObject(orPath_AddressContact + "/input_phoneNumber"), 30): Object 'Object Repository/RAD_Pages/AddressAndContactInfo_Page/input_phoneNumber' is present

2023-09-26 18:05:12 - [MESSAGE][PASSED] - Object 'Object Repository/RAD_Pages/AddressAndContactInfo_Page/input_phoneNumber' is present

2023-09-26 18:05:12 - [TEST_STEP][PASSED] - verifyElementPresent(findTestObject(orPath_AddressContact + "/input_eMailAddress"), 30): Object 'Object Repository/RAD_Pages/AddressAndContactInfo_Page/input_eMailAddress' is present

2023-09-26 18:05:12 - [MESSAGE][PASSED] - Object 'Object Repository/RAD_Pages/AddressAndContactInfo_Page/input_eMailAddress' is present

2023-09-26 18:05:12 - [TEST_STEP][PASSED] - verifyElementPresent(findTestObject(orPath_AddressContact + "/input_reEnterEMailAddress"), 30): Object 'Object Repository/RAD_Pages/AddressAndContactInfo_Page/input_reEnterEMailAddress' is present

2023-09-26 18:05:12 - [MESSAGE][PASSED] - Object 'Object Repository/RAD_Pages/AddressAndContactInfo_Page/input_reEnterEMailAddress' is present

2023-09-26 18:05:12 - [TEST_STEP][PASSED] - verifyOptionsPresent(findTestObject(orPath_AddressContact + "/select_Country"), ["United States"]): Options [United States] present.

2023-09-26 18:05:13 - [MESSAGE][PASSED] - Options [United States] present.

2023-09-26 18:05:13 - [TEST_STEP][PASSED] - verifyOptionsPresent(findTestObject(orPath_AddressContact + "/select_State"), ["Alabama", "District of Columbia", "Maryland", "Virginia", "Wyoming"]): Options [Alabama, District of Columbia, Maryland, Virginia, Wyoming] present.

2023-09-26 18:05:14 - [MESSAGE][PASSED] - Options [Alabama, District of Columbia, Maryland, Virginia, Wyoming] present.

2023-09-26 18:05:14 - [TEST_STEP][PASSED] - totalOptionsState = getNumberOfTotalOption(findTestObject(orPath_AddressContact + "/select_State")): 52 options of object 'Object Repository/RAD_Pages/AddressAndContactInfo_Page/select_State' counted

2023-09-26 18:05:15 - [MESSAGE][PASSED] - 52 options of object 'Object Repository/RAD_Pages/AddressAndContactInfo_Page/select_State' counted

2023-09-26 18:05:15 - [TEST_STEP][PASSED] - verifyEqual(totalOptionsState, 52): Actual object '52' and expected object '52' are equal

2023-09-26 18:05:15 - [MESSAGE][PASSED] - Actual object '52' and expected object '52' are equal

2023-09-26 18:05:15 - [TEST_STEP][PASSED] - verifyTextPresent("Tax Information", true): Text 'Tax Information' is present on page  using regular expression

2023-09-26 18:05:15 - [MESSAGE][PASSED] - Text 'Tax Information' is present on page  using regular expression

2023-09-26 18:05:15 - [TEST_STEP][PASSED] - verifyElementPresent(findTestObject(orPath_TaxInfo + "/input_FederalEIN-2"), 30): Object 'Object Repository/RAD_Pages/TaxInfo_Page/input_FederalEIN-2' is present

2023-09-26 18:05:16 - [MESSAGE][PASSED] - Object 'Object Repository/RAD_Pages/TaxInfo_Page/input_FederalEIN-2' is present

2023-09-26 18:05:16 - [TEST_STEP][PASSED] - verifyElementPresent(findTestObject(orPath_TaxInfo + "/input_FederalEIN_ReEnter-2"), 30): Object 'Object Repository/RAD_Pages/TaxInfo_Page/input_FederalEIN_ReEnter-2' is present

2023-09-26 18:05:16 - [MESSAGE][PASSED] - Object 'Object Repository/RAD_Pages/TaxInfo_Page/input_FederalEIN_ReEnter-2' is present

2023-09-26 18:05:16 - [TEST_STEP][PASSED] - verifyElementPresent(findTestObject(orPath_TaxInfo + "/input_NoticeInvoiceNumber"), 30): Object 'Object Repository/RAD_Pages/TaxInfo_Page/input_NoticeInvoiceNumber' is present

2023-09-26 18:05:17 - [MESSAGE][PASSED] - Object 'Object Repository/RAD_Pages/TaxInfo_Page/input_NoticeInvoiceNumber' is present

2023-09-26 18:05:17 - [TEST_STEP][PASSED] - verifyElementVisible(findTestObject(orPath_TaxInfo + "/input_NoticeInvoiceNumber")): Object 'Object Repository/RAD_Pages/TaxInfo_Page/input_NoticeInvoiceNumber' is visible

2023-09-26 18:05:17 - [MESSAGE][PASSED] - Object 'Object Repository/RAD_Pages/TaxInfo_Page/input_NoticeInvoiceNumber' is visible

2023-09-26 18:05:17 - [TEST_STEP][PASSED] - verifyElementPresent(findTestObject(orPath_TaxInfo + "/input_reTypeNoticeInvoiceNumber"), 30): Object 'Object Repository/RAD_Pages/TaxInfo_Page/input_reTypeNoticeInvoiceNumber' is present

2023-09-26 18:05:17 - [MESSAGE][PASSED] - Object 'Object Repository/RAD_Pages/TaxInfo_Page/input_reTypeNoticeInvoiceNumber' is present

2023-09-26 18:05:17 - [TEST_STEP][PASSED] - verifyElementVisible(findTestObject(orPath_TaxInfo + "/input_reTypeNoticeInvoiceNumber")): Object 'Object Repository/RAD_Pages/TaxInfo_Page/input_reTypeNoticeInvoiceNumber' is visible

2023-09-26 18:05:18 - [MESSAGE][PASSED] - Object 'Object Repository/RAD_Pages/TaxInfo_Page/input_reTypeNoticeInvoiceNumber' is visible

2023-09-26 18:05:18 - [TEST_STEP][PASSED] - verifyElementNotVisible(findTestObject(orPath_FilingStatus + "/input_userType_Individual")): Object 'Object Repository/RAD_Pages/FilingStatus_Page/input_userType_Individual' is NOT visible

2023-09-26 18:05:18 - [MESSAGE][PASSED] - Object 'Object Repository/RAD_Pages/FilingStatus_Page/input_userType_Individual' is NOT visible

2023-09-26 18:05:18 - [TEST_STEP][PASSED] - verifyElementNotVisible(findTestObject(orPath_FilingStatus + "/input_userType_Joint")): Object 'Object Repository/RAD_Pages/FilingStatus_Page/input_userType_Joint' is NOT visible

2023-09-26 18:05:18 - [MESSAGE][PASSED] - Object 'Object Repository/RAD_Pages/FilingStatus_Page/input_userType_Joint' is NOT visible

2023-09-26 18:05:18 - [TEST_STEP][PASSED] - verifyElementNotVisible(findTestObject(orPath_TaxInfo + "/input_MDCRegistrationEL")): Object 'Object Repository/RAD_Pages/TaxInfo_Page/input_MDCRegistrationEL' is NOT visible

2023-09-26 18:05:19 - [MESSAGE][PASSED] - Object 'Object Repository/RAD_Pages/TaxInfo_Page/input_MDCRegistrationEL' is NOT visible

2023-09-26 18:05:19 - [TEST_STEP][PASSED] - verifyTextPresent("Payment Amount", true): Text 'Payment Amount' is present on page  using regular expression

2023-09-26 18:05:19 - [MESSAGE][PASSED] - Text 'Payment Amount' is present on page  using regular expression

2023-09-26 18:05:19 - [TEST_STEP][PASSED] - verifyElementPresent(findTestObject(orPath_Amount + "/input__paymentAmount"), 30): Object 'Object Repository/RAD_Pages/PaymentAmount_Page/input__paymentAmount' is present

2023-09-26 18:05:19 - [MESSAGE][PASSED] - Object 'Object Repository/RAD_Pages/PaymentAmount_Page/input__paymentAmount' is present

2023-09-26 18:05:19 - [TEST_STEP][PASSED] - verifyElementVisible(findTestObject(orPath_Amount + "/input__paymentAmount")): Object 'Object Repository/RAD_Pages/PaymentAmount_Page/input__paymentAmount' is visible

2023-09-26 18:05:20 - [MESSAGE][PASSED] - Object 'Object Repository/RAD_Pages/PaymentAmount_Page/input__paymentAmount' is visible

2023-09-26 18:05:20 - [TEST_STEP][PASSED] - verifyTextPresent("Service Fee: This electronic government service includes a service/convenience fee. Click here for details", true): Text 'Service Fee: This electronic government service includes a service/convenience fee. Click here for details' is present on page  using regular expression

2023-09-26 18:05:20 - [MESSAGE][PASSED] - Text 'Service Fee: This electronic government service includes a service/convenience fee. Click here for details' is present on page  using regular expression

2023-09-26 18:05:20 - [TEST_STEP][PASSED] - verifyElementPresent(findTestObject(orPath_Amount + "/a_Click here for details"), 30): Object 'Object Repository/RAD_Pages/PaymentAmount_Page/a_Click here for details' is present

2023-09-26 18:05:20 - [MESSAGE][PASSED] - Object 'Object Repository/RAD_Pages/PaymentAmount_Page/a_Click here for details' is present

2023-09-26 18:05:20 - [TEST_STEP][PASSED] - verifyElementPresent(findTestObject(orPath_Landing + "/button_Continue"), 30): Object 'Object Repository/RAD_Pages/Landing_Page/button_Continue' is present

2023-09-26 18:05:21 - [MESSAGE][PASSED] - Object 'Object Repository/RAD_Pages/Landing_Page/button_Continue' is present]]></system-out>
         <system-err><![CDATA[]]></system-err>
      </testcase>
      <testcase name="Test Cases/RAD_TestCases/UI_TestCases/Existing/Existing_SalesAndUseTax_UI_TC" time="25.477" classname="Test Cases/RAD_TestCases/UI_TestCases/Existing/Existing_SalesAndUseTax_UI_TC" status="PASSED">
         <system-out><![CDATA[2023-09-26 18:05:21 - [TEST_CASE][PASSED] - Test Cases/RAD_TestCases/UI_TestCases/Existing/Existing_SalesAndUseTax_UI_TC: Test Cases/RAD_TestCases/UI_TestCases/Existing/Existing_SalesAndUseTax_UI_TC

2023-09-26 18:05:21 - [TEST_STEP][PASSED] - openBrowser(""): Browser is opened with url: ''

2023-09-26 18:05:21 - [MESSAGE][WARNING] - A browser is already opened. Closing browser and opening a new one

2023-09-26 18:05:22 - [MESSAGE][INFO] - Starting 'Chrome' driver

2023-09-26 18:05:22 - [MESSAGE][INFO] - User set preference: ['acceptInsecureCerts', 'true']

2023-09-26 18:05:22 - [MESSAGE][INFO] - Action delay is set to 0 milliseconds

2023-09-26 18:05:23 - [MESSAGE][PASSED] - Browser is opened with url: ''

2023-09-26 18:05:23 - [TEST_STEP][PASSED] - maximizeWindow(): Current window maximized

2023-09-26 18:05:24 - [MESSAGE][PASSED] - Current window maximized

2023-09-26 18:05:24 - [TEST_STEP][PASSED] - navigateToUrl(RADurl): Navigate to 'https://qa2.velocitypayment.com/client/rad/index.html' successfully

2023-09-26 18:05:25 - [MESSAGE][PASSED] - Navigate to 'https://qa2.velocitypayment.com/client/rad/index.html' successfully

2023-09-26 18:05:25 - [TEST_STEP][PASSED] - orPath_Landing = "Object Repository/RAD_Pages/Landing_Page": null

2023-09-26 18:05:25 - [TEST_STEP][PASSED] - orPath_TaxTypeFilingYear = "Object Repository/RAD_Pages/TaxTypeFilingYear_Page": null

2023-09-26 18:05:25 - [TEST_STEP][PASSED] - orPath_TaxPayer = "Object Repository/RAD_Pages/Taxpayer_Page": null

2023-09-26 18:05:25 - [TEST_STEP][PASSED] - orPath_AddressContact = "Object Repository/RAD_Pages/AddressAndContactInfo_Page": null

2023-09-26 18:05:25 - [TEST_STEP][PASSED] - orPath_FilingStatus = "Object Repository/RAD_Pages/FilingStatus_Page": null

2023-09-26 18:05:25 - [TEST_STEP][PASSED] - orPath_Amount = "Object Repository/RAD_Pages/PaymentAmount_Page": null

2023-09-26 18:05:25 - [TEST_STEP][PASSED] - orPath_TaxInfo = "Object Repository/RAD_Pages/TaxInfo_Page": null

2023-09-26 18:05:25 - [TEST_STEP][PASSED] - selectOptionByLabel(findTestObject(orPath_Landing + "/dd_TaxType"), "Existing Liability w/Notice Number", false): All options with label 'Existing Liability w/Notice Number' are selected in object 'Object Repository/RAD_Pages/Landing_Page/dd_TaxType' 

2023-09-26 18:05:26 - [MESSAGE][PASSED] - All options with label 'Existing Liability w/Notice Number' are selected in object 'Object Repository/RAD_Pages/Landing_Page/dd_TaxType' 

2023-09-26 18:05:26 - [TEST_STEP][PASSED] - selectOptionByLabel(findTestObject(orPath_TaxTypeFilingYear + "/select_TaxType_ExistingLiability"), "Sales & Use Tax", false): All options with label 'Sales & Use Tax' are selected in object 'Object Repository/RAD_Pages/TaxTypeFilingYear_Page/select_TaxType_ExistingLiability' 

2023-09-26 18:05:27 - [MESSAGE][PASSED] - All options with label 'Sales & Use Tax' are selected in object 'Object Repository/RAD_Pages/TaxTypeFilingYear_Page/select_TaxType_ExistingLiability' 

2023-09-26 18:05:27 - [TEST_STEP][PASSED] - verifyElementNotVisible(findTestObject(orPath_TaxTypeFilingYear + "/select_FilingYear")): Object 'Object Repository/RAD_Pages/TaxTypeFilingYear_Page/select_FilingYear' is NOT visible

2023-09-26 18:05:27 - [MESSAGE][PASSED] - Object 'Object Repository/RAD_Pages/TaxTypeFilingYear_Page/select_FilingYear' is NOT visible

2023-09-26 18:05:27 - [TEST_STEP][PASSED] - verifyElementNotVisible(findTestObject(orPath_TaxTypeFilingYear + "/select_PeriodEnding")): Object 'Object Repository/RAD_Pages/TaxTypeFilingYear_Page/select_PeriodEnding' is NOT visible

2023-09-26 18:05:27 - [MESSAGE][PASSED] - Object 'Object Repository/RAD_Pages/TaxTypeFilingYear_Page/select_PeriodEnding' is NOT visible

2023-09-26 18:05:27 - [TEST_STEP][PASSED] - verifyTextPresent("Taxpayer", true): Text 'Taxpayer' is present on page  using regular expression

2023-09-26 18:05:28 - [MESSAGE][PASSED] - Text 'Taxpayer' is present on page  using regular expression

2023-09-26 18:05:28 - [TEST_STEP][PASSED] - verifyTextPresent("Provide the following taxpayer information", true): Text 'Provide the following taxpayer information' is present on page  using regular expression

2023-09-26 18:05:28 - [MESSAGE][PASSED] - Text 'Provide the following taxpayer information' is present on page  using regular expression

2023-09-26 18:05:28 - [TEST_STEP][PASSED] - verifyTextPresent("Note: If you are paying on behalf of the Taxpayer, enter Taxpayer", true): Text 'Note: If you are paying on behalf of the Taxpayer, enter Taxpayer' is present on page  using regular expression

2023-09-26 18:05:29 - [MESSAGE][PASSED] - Text 'Note: If you are paying on behalf of the Taxpayer, enter Taxpayer' is present on page  using regular expression

2023-09-26 18:05:29 - [TEST_STEP][PASSED] - verifyTextPresent("information here. If you are making a payment for the Taxpayer, you will be required later to enter your own credit card, billing address and other pertinent information", true): Text 'information here. If you are making a payment for the Taxpayer, you will be required later to enter your own credit card, billing address and other pertinent information' is present on page  using regular expression

2023-09-26 18:05:29 - [MESSAGE][PASSED] - Text 'information here. If you are making a payment for the Taxpayer, you will be required later to enter your own credit card, billing address and other pertinent information' is present on page  using regular expression

2023-09-26 18:05:29 - [TEST_STEP][PASSED] - verifyElementVisible(findTestObject(orPath_TaxPayer + "/input_Note_businessName")): Object 'Object Repository/RAD_Pages/Taxpayer_Page/input_Note_businessName' is visible

2023-09-26 18:05:29 - [MESSAGE][PASSED] - Object 'Object Repository/RAD_Pages/Taxpayer_Page/input_Note_businessName' is visible

2023-09-26 18:05:29 - [TEST_STEP][PASSED] - verifyElementVisible(findTestObject(orPath_TaxPayer + "/input_BusinessRepfirstName")): Object 'Object Repository/RAD_Pages/Taxpayer_Page/input_BusinessRepfirstName' is visible

2023-09-26 18:05:30 - [MESSAGE][PASSED] - Object 'Object Repository/RAD_Pages/Taxpayer_Page/input_BusinessRepfirstName' is visible

2023-09-26 18:05:30 - [TEST_STEP][PASSED] - verifyElementVisible(findTestObject(orPath_TaxPayer + "/input_BusinessRepmiddleName")): Object 'Object Repository/RAD_Pages/Taxpayer_Page/input_BusinessRepmiddleName' is visible

2023-09-26 18:05:30 - [MESSAGE][PASSED] - Object 'Object Repository/RAD_Pages/Taxpayer_Page/input_BusinessRepmiddleName' is visible

2023-09-26 18:05:30 - [TEST_STEP][PASSED] - verifyElementVisible(findTestObject(orPath_TaxPayer + "/input_BusinessReplastName")): Object 'Object Repository/RAD_Pages/Taxpayer_Page/input_BusinessReplastName' is visible

2023-09-26 18:05:30 - [MESSAGE][PASSED] - Object 'Object Repository/RAD_Pages/Taxpayer_Page/input_BusinessReplastName' is visible

2023-09-26 18:05:30 - [TEST_STEP][PASSED] - verifyElementVisible(findTestObject(orPath_TaxPayer + "/input_BusinessRepsuffix")): Object 'Object Repository/RAD_Pages/Taxpayer_Page/input_BusinessRepsuffix' is visible

2023-09-26 18:05:31 - [MESSAGE][PASSED] - Object 'Object Repository/RAD_Pages/Taxpayer_Page/input_BusinessRepsuffix' is visible

2023-09-26 18:05:31 - [TEST_STEP][PASSED] - verifyElementNotVisible(findTestObject(orPath_TaxPayer + "/input_firstName")): Object 'Object Repository/RAD_Pages/Taxpayer_Page/input_firstName' is NOT visible

2023-09-26 18:05:31 - [MESSAGE][PASSED] - Object 'Object Repository/RAD_Pages/Taxpayer_Page/input_firstName' is NOT visible

2023-09-26 18:05:31 - [TEST_STEP][PASSED] - verifyElementNotVisible(findTestObject(orPath_TaxPayer + "/input_middleName")): Object 'Object Repository/RAD_Pages/Taxpayer_Page/input_middleName' is NOT visible

2023-09-26 18:05:32 - [MESSAGE][PASSED] - Object 'Object Repository/RAD_Pages/Taxpayer_Page/input_middleName' is NOT visible

2023-09-26 18:05:32 - [TEST_STEP][PASSED] - verifyElementNotVisible(findTestObject(orPath_TaxPayer + "/input_lastName")): Object 'Object Repository/RAD_Pages/Taxpayer_Page/input_lastName' is NOT visible

2023-09-26 18:05:32 - [MESSAGE][PASSED] - Object 'Object Repository/RAD_Pages/Taxpayer_Page/input_lastName' is NOT visible

2023-09-26 18:05:32 - [TEST_STEP][PASSED] - verifyElementNotVisible(findTestObject(orPath_TaxPayer + "/input_suffix")): Object 'Object Repository/RAD_Pages/Taxpayer_Page/input_suffix' is NOT visible

2023-09-26 18:05:32 - [MESSAGE][PASSED] - Object 'Object Repository/RAD_Pages/Taxpayer_Page/input_suffix' is NOT visible

2023-09-26 18:05:32 - [TEST_STEP][PASSED] - verifyElementNotVisible(findTestObject("RAD_RecordAndPlay/input_concatSSN")): Object 'Object Repository/RAD_RecordAndPlay/input_concatSSN' is NOT visible

2023-09-26 18:05:33 - [MESSAGE][PASSED] - Object 'Object Repository/RAD_RecordAndPlay/input_concatSSN' is NOT visible

2023-09-26 18:05:33 - [TEST_STEP][PASSED] - verifyElementNotVisible(findTestObject("RAD_RecordAndPlay/input_concatReSSN")): Object 'Object Repository/RAD_RecordAndPlay/input_concatReSSN' is NOT visible

2023-09-26 18:05:33 - [MESSAGE][PASSED] - Object 'Object Repository/RAD_RecordAndPlay/input_concatReSSN' is NOT visible

2023-09-26 18:05:33 - [TEST_STEP][PASSED] - verifyTextPresent("Address and Contact Information", true): Text 'Address and Contact Information' is present on page  using regular expression

2023-09-26 18:05:34 - [MESSAGE][PASSED] - Text 'Address and Contact Information' is present on page  using regular expression

2023-09-26 18:05:34 - [TEST_STEP][PASSED] - verifyTextPresent("Enter the taxpayer", true): Text 'Enter the taxpayer' is present on page  using regular expression

2023-09-26 18:05:34 - [MESSAGE][PASSED] - Text 'Enter the taxpayer' is present on page  using regular expression

2023-09-26 18:05:34 - [TEST_STEP][PASSED] - verifyTextPresent("address and contact information", true): Text 'address and contact information' is present on page  using regular expression

2023-09-26 18:05:35 - [MESSAGE][PASSED] - Text 'address and contact information' is present on page  using regular expression

2023-09-26 18:05:35 - [TEST_STEP][PASSED] - verifyElementPresent(findTestObject(orPath_AddressContact + "/select_Country"), 30): Object 'Object Repository/RAD_Pages/AddressAndContactInfo_Page/select_Country' is present

2023-09-26 18:05:35 - [MESSAGE][PASSED] - Object 'Object Repository/RAD_Pages/AddressAndContactInfo_Page/select_Country' is present

2023-09-26 18:05:35 - [TEST_STEP][PASSED] - verifyElementPresent(findTestObject(orPath_AddressContact + "/input_streetAddress1"), 30): Object 'Object Repository/RAD_Pages/AddressAndContactInfo_Page/input_streetAddress1' is present

2023-09-26 18:05:35 - [MESSAGE][PASSED] - Object 'Object Repository/RAD_Pages/AddressAndContactInfo_Page/input_streetAddress1' is present

2023-09-26 18:05:35 - [TEST_STEP][PASSED] - verifyElementPresent(findTestObject(orPath_AddressContact + "/input_streetAddress2"), 30): Object 'Object Repository/RAD_Pages/AddressAndContactInfo_Page/input_streetAddress2' is present

2023-09-26 18:05:36 - [MESSAGE][PASSED] - Object 'Object Repository/RAD_Pages/AddressAndContactInfo_Page/input_streetAddress2' is present

2023-09-26 18:05:36 - [TEST_STEP][PASSED] - verifyElementPresent(findTestObject(orPath_AddressContact + "/input_city"), 30): Object 'Object Repository/RAD_Pages/AddressAndContactInfo_Page/input_city' is present

2023-09-26 18:05:36 - [MESSAGE][PASSED] - Object 'Object Repository/RAD_Pages/AddressAndContactInfo_Page/input_city' is present

2023-09-26 18:05:36 - [TEST_STEP][PASSED] - verifyElementPresent(findTestObject(orPath_AddressContact + "/select_State"), 30): Object 'Object Repository/RAD_Pages/AddressAndContactInfo_Page/select_State' is present

2023-09-26 18:05:36 - [MESSAGE][PASSED] - Object 'Object Repository/RAD_Pages/AddressAndContactInfo_Page/select_State' is present

2023-09-26 18:05:36 - [TEST_STEP][PASSED] - verifyElementPresent(findTestObject(orPath_AddressContact + "/input_zipCode"), 30): Object 'Object Repository/RAD_Pages/AddressAndContactInfo_Page/input_zipCode' is present

2023-09-26 18:05:37 - [MESSAGE][PASSED] - Object 'Object Repository/RAD_Pages/AddressAndContactInfo_Page/input_zipCode' is present

2023-09-26 18:05:37 - [TEST_STEP][PASSED] - verifyElementPresent(findTestObject(orPath_AddressContact + "/input_phoneNumber"), 30): Object 'Object Repository/RAD_Pages/AddressAndContactInfo_Page/input_phoneNumber' is present

2023-09-26 18:05:37 - [MESSAGE][PASSED] - Object 'Object Repository/RAD_Pages/AddressAndContactInfo_Page/input_phoneNumber' is present

2023-09-26 18:05:37 - [TEST_STEP][PASSED] - verifyElementPresent(findTestObject(orPath_AddressContact + "/input_eMailAddress"), 30): Object 'Object Repository/RAD_Pages/AddressAndContactInfo_Page/input_eMailAddress' is present

2023-09-26 18:05:37 - [MESSAGE][PASSED] - Object 'Object Repository/RAD_Pages/AddressAndContactInfo_Page/input_eMailAddress' is present

2023-09-26 18:05:37 - [TEST_STEP][PASSED] - verifyElementPresent(findTestObject(orPath_AddressContact + "/input_reEnterEMailAddress"), 30): Object 'Object Repository/RAD_Pages/AddressAndContactInfo_Page/input_reEnterEMailAddress' is present

2023-09-26 18:05:38 - [MESSAGE][PASSED] - Object 'Object Repository/RAD_Pages/AddressAndContactInfo_Page/input_reEnterEMailAddress' is present

2023-09-26 18:05:38 - [TEST_STEP][PASSED] - verifyOptionsPresent(findTestObject(orPath_AddressContact + "/select_Country"), ["United States"]): Options [United States] present.

2023-09-26 18:05:38 - [MESSAGE][PASSED] - Options [United States] present.

2023-09-26 18:05:38 - [TEST_STEP][PASSED] - verifyOptionsPresent(findTestObject(orPath_AddressContact + "/select_State"), ["Alabama", "District of Columbia", "Maryland", "Virginia", "Wyoming"]): Options [Alabama, District of Columbia, Maryland, Virginia, Wyoming] present.

2023-09-26 18:05:39 - [MESSAGE][PASSED] - Options [Alabama, District of Columbia, Maryland, Virginia, Wyoming] present.

2023-09-26 18:05:39 - [TEST_STEP][PASSED] - totalOptionsState = getNumberOfTotalOption(findTestObject(orPath_AddressContact + "/select_State")): 52 options of object 'Object Repository/RAD_Pages/AddressAndContactInfo_Page/select_State' counted

2023-09-26 18:05:40 - [MESSAGE][PASSED] - 52 options of object 'Object Repository/RAD_Pages/AddressAndContactInfo_Page/select_State' counted

2023-09-26 18:05:40 - [TEST_STEP][PASSED] - verifyEqual(totalOptionsState, 52): Actual object '52' and expected object '52' are equal

2023-09-26 18:05:40 - [MESSAGE][PASSED] - Actual object '52' and expected object '52' are equal

2023-09-26 18:05:40 - [TEST_STEP][PASSED] - verifyTextPresent("Tax Information", true): Text 'Tax Information' is present on page  using regular expression

2023-09-26 18:05:41 - [MESSAGE][PASSED] - Text 'Tax Information' is present on page  using regular expression

2023-09-26 18:05:41 - [TEST_STEP][PASSED] - verifyElementPresent(findTestObject(orPath_TaxInfo + "/input_FederalEIN-2"), 30): Object 'Object Repository/RAD_Pages/TaxInfo_Page/input_FederalEIN-2' is present

2023-09-26 18:05:41 - [MESSAGE][PASSED] - Object 'Object Repository/RAD_Pages/TaxInfo_Page/input_FederalEIN-2' is present

2023-09-26 18:05:41 - [TEST_STEP][PASSED] - verifyElementPresent(findTestObject(orPath_TaxInfo + "/input_FederalEIN_ReEnter-2"), 30): Object 'Object Repository/RAD_Pages/TaxInfo_Page/input_FederalEIN_ReEnter-2' is present

2023-09-26 18:05:41 - [MESSAGE][PASSED] - Object 'Object Repository/RAD_Pages/TaxInfo_Page/input_FederalEIN_ReEnter-2' is present

2023-09-26 18:05:42 - [TEST_STEP][PASSED] - verifyElementPresent(findTestObject(orPath_TaxInfo + "/input_NoticeInvoiceNumber"), 30): Object 'Object Repository/RAD_Pages/TaxInfo_Page/input_NoticeInvoiceNumber' is present

2023-09-26 18:05:42 - [MESSAGE][PASSED] - Object 'Object Repository/RAD_Pages/TaxInfo_Page/input_NoticeInvoiceNumber' is present

2023-09-26 18:05:42 - [TEST_STEP][PASSED] - verifyElementVisible(findTestObject(orPath_TaxInfo + "/input_NoticeInvoiceNumber")): Object 'Object Repository/RAD_Pages/TaxInfo_Page/input_NoticeInvoiceNumber' is visible

2023-09-26 18:05:42 - [MESSAGE][PASSED] - Object 'Object Repository/RAD_Pages/TaxInfo_Page/input_NoticeInvoiceNumber' is visible

2023-09-26 18:05:42 - [TEST_STEP][PASSED] - verifyElementPresent(findTestObject(orPath_TaxInfo + "/input_reTypeNoticeInvoiceNumber"), 30): Object 'Object Repository/RAD_Pages/TaxInfo_Page/input_reTypeNoticeInvoiceNumber' is present

2023-09-26 18:05:43 - [MESSAGE][PASSED] - Object 'Object Repository/RAD_Pages/TaxInfo_Page/input_reTypeNoticeInvoiceNumber' is present

2023-09-26 18:05:43 - [TEST_STEP][PASSED] - verifyElementVisible(findTestObject(orPath_TaxInfo + "/input_reTypeNoticeInvoiceNumber")): Object 'Object Repository/RAD_Pages/TaxInfo_Page/input_reTypeNoticeInvoiceNumber' is visible

2023-09-26 18:05:43 - [MESSAGE][PASSED] - Object 'Object Repository/RAD_Pages/TaxInfo_Page/input_reTypeNoticeInvoiceNumber' is visible

2023-09-26 18:05:43 - [TEST_STEP][PASSED] - verifyElementVisible(findTestObject(orPath_TaxInfo + "/input_MDCRegistrationEL")): Object 'Object Repository/RAD_Pages/TaxInfo_Page/input_MDCRegistrationEL' is visible

2023-09-26 18:05:43 - [MESSAGE][PASSED] - Object 'Object Repository/RAD_Pages/TaxInfo_Page/input_MDCRegistrationEL' is visible

2023-09-26 18:05:43 - [TEST_STEP][PASSED] - verifyElementNotVisible(findTestObject(orPath_FilingStatus + "/input_userType_Individual")): Object 'Object Repository/RAD_Pages/FilingStatus_Page/input_userType_Individual' is NOT visible

2023-09-26 18:05:44 - [MESSAGE][PASSED] - Object 'Object Repository/RAD_Pages/FilingStatus_Page/input_userType_Individual' is NOT visible

2023-09-26 18:05:44 - [TEST_STEP][PASSED] - verifyElementNotVisible(findTestObject(orPath_FilingStatus + "/input_userType_Joint")): Object 'Object Repository/RAD_Pages/FilingStatus_Page/input_userType_Joint' is NOT visible

2023-09-26 18:05:44 - [MESSAGE][PASSED] - Object 'Object Repository/RAD_Pages/FilingStatus_Page/input_userType_Joint' is NOT visible

2023-09-26 18:05:44 - [TEST_STEP][PASSED] - verifyTextPresent("Payment Amount", true): Text 'Payment Amount' is present on page  using regular expression

2023-09-26 18:05:44 - [MESSAGE][PASSED] - Text 'Payment Amount' is present on page  using regular expression

2023-09-26 18:05:44 - [TEST_STEP][PASSED] - verifyElementPresent(findTestObject(orPath_Amount + "/input__paymentAmount"), 30): Object 'Object Repository/RAD_Pages/PaymentAmount_Page/input__paymentAmount' is present

2023-09-26 18:05:45 - [MESSAGE][PASSED] - Object 'Object Repository/RAD_Pages/PaymentAmount_Page/input__paymentAmount' is present

2023-09-26 18:05:45 - [TEST_STEP][PASSED] - verifyElementVisible(findTestObject(orPath_Amount + "/input__paymentAmount")): Object 'Object Repository/RAD_Pages/PaymentAmount_Page/input__paymentAmount' is visible

2023-09-26 18:05:45 - [MESSAGE][PASSED] - Object 'Object Repository/RAD_Pages/PaymentAmount_Page/input__paymentAmount' is visible

2023-09-26 18:05:45 - [TEST_STEP][PASSED] - verifyTextPresent("Service Fee: This electronic government service includes a service/convenience fee. Click here for details", true): Text 'Service Fee: This electronic government service includes a service/convenience fee. Click here for details' is present on page  using regular expression

2023-09-26 18:05:46 - [MESSAGE][PASSED] - Text 'Service Fee: This electronic government service includes a service/convenience fee. Click here for details' is present on page  using regular expression

2023-09-26 18:05:46 - [TEST_STEP][PASSED] - verifyElementPresent(findTestObject(orPath_Amount + "/a_Click here for details"), 30): Object 'Object Repository/RAD_Pages/PaymentAmount_Page/a_Click here for details' is present

2023-09-26 18:05:46 - [MESSAGE][PASSED] - Object 'Object Repository/RAD_Pages/PaymentAmount_Page/a_Click here for details' is present

2023-09-26 18:05:46 - [TEST_STEP][PASSED] - verifyElementPresent(findTestObject(orPath_Landing + "/button_Continue"), 30): Object 'Object Repository/RAD_Pages/Landing_Page/button_Continue' is present

2023-09-26 18:05:46 - [MESSAGE][PASSED] - Object 'Object Repository/RAD_Pages/Landing_Page/button_Continue' is present]]></system-out>
         <system-err><![CDATA[]]></system-err>
      </testcase>
      <testcase name="Test Cases/RAD_TestCases/UI_TestCases/Existing/Existing_TireRecyclingFee_UI_TC" time="25.326" classname="Test Cases/RAD_TestCases/UI_TestCases/Existing/Existing_TireRecyclingFee_UI_TC" status="PASSED">
         <system-out><![CDATA[2023-09-26 18:05:46 - [TEST_CASE][PASSED] - Test Cases/RAD_TestCases/UI_TestCases/Existing/Existing_TireRecyclingFee_UI_TC: Test Cases/RAD_TestCases/UI_TestCases/Existing/Existing_TireRecyclingFee_UI_TC

2023-09-26 18:05:47 - [TEST_STEP][PASSED] - openBrowser(""): Browser is opened with url: ''

2023-09-26 18:05:47 - [MESSAGE][WARNING] - A browser is already opened. Closing browser and opening a new one

2023-09-26 18:05:47 - [MESSAGE][INFO] - Starting 'Chrome' driver

2023-09-26 18:05:47 - [MESSAGE][INFO] - User set preference: ['acceptInsecureCerts', 'true']

2023-09-26 18:05:48 - [MESSAGE][INFO] - Action delay is set to 0 milliseconds

2023-09-26 18:05:49 - [MESSAGE][PASSED] - Browser is opened with url: ''

2023-09-26 18:05:49 - [TEST_STEP][PASSED] - maximizeWindow(): Current window maximized

2023-09-26 18:05:49 - [MESSAGE][PASSED] - Current window maximized

2023-09-26 18:05:49 - [TEST_STEP][PASSED] - navigateToUrl(RADurl): Navigate to 'https://qa2.velocitypayment.com/client/rad/index.html' successfully

2023-09-26 18:05:51 - [MESSAGE][PASSED] - Navigate to 'https://qa2.velocitypayment.com/client/rad/index.html' successfully

2023-09-26 18:05:51 - [TEST_STEP][PASSED] - orPath_Landing = "Object Repository/RAD_Pages/Landing_Page": null

2023-09-26 18:05:51 - [TEST_STEP][PASSED] - orPath_TaxTypeFilingYear = "Object Repository/RAD_Pages/TaxTypeFilingYear_Page": null

2023-09-26 18:05:51 - [TEST_STEP][PASSED] - orPath_TaxPayer = "Object Repository/RAD_Pages/Taxpayer_Page": null

2023-09-26 18:05:51 - [TEST_STEP][PASSED] - orPath_AddressContact = "Object Repository/RAD_Pages/AddressAndContactInfo_Page": null

2023-09-26 18:05:51 - [TEST_STEP][PASSED] - orPath_FilingStatus = "Object Repository/RAD_Pages/FilingStatus_Page": null

2023-09-26 18:05:51 - [TEST_STEP][PASSED] - orPath_Amount = "Object Repository/RAD_Pages/PaymentAmount_Page": null

2023-09-26 18:05:51 - [TEST_STEP][PASSED] - orPath_TaxInfo = "Object Repository/RAD_Pages/TaxInfo_Page": null

2023-09-26 18:05:51 - [TEST_STEP][PASSED] - selectOptionByLabel(findTestObject(orPath_Landing + "/dd_TaxType"), "Existing Liability w/Notice Number", false): All options with label 'Existing Liability w/Notice Number' are selected in object 'Object Repository/RAD_Pages/Landing_Page/dd_TaxType' 

2023-09-26 18:05:51 - [MESSAGE][PASSED] - All options with label 'Existing Liability w/Notice Number' are selected in object 'Object Repository/RAD_Pages/Landing_Page/dd_TaxType' 

2023-09-26 18:05:51 - [TEST_STEP][PASSED] - selectOptionByLabel(findTestObject(orPath_TaxTypeFilingYear + "/select_TaxType_ExistingLiability"), "Tire Recycling Fee", false): All options with label 'Tire Recycling Fee' are selected in object 'Object Repository/RAD_Pages/TaxTypeFilingYear_Page/select_TaxType_ExistingLiability' 

2023-09-26 18:05:52 - [MESSAGE][PASSED] - All options with label 'Tire Recycling Fee' are selected in object 'Object Repository/RAD_Pages/TaxTypeFilingYear_Page/select_TaxType_ExistingLiability' 

2023-09-26 18:05:52 - [TEST_STEP][PASSED] - verifyElementNotVisible(findTestObject(orPath_TaxTypeFilingYear + "/select_FilingYear")): Object 'Object Repository/RAD_Pages/TaxTypeFilingYear_Page/select_FilingYear' is NOT visible

2023-09-26 18:05:53 - [MESSAGE][PASSED] - Object 'Object Repository/RAD_Pages/TaxTypeFilingYear_Page/select_FilingYear' is NOT visible

2023-09-26 18:05:53 - [TEST_STEP][PASSED] - verifyElementNotVisible(findTestObject(orPath_TaxTypeFilingYear + "/select_PeriodEnding")): Object 'Object Repository/RAD_Pages/TaxTypeFilingYear_Page/select_PeriodEnding' is NOT visible

2023-09-26 18:05:53 - [MESSAGE][PASSED] - Object 'Object Repository/RAD_Pages/TaxTypeFilingYear_Page/select_PeriodEnding' is NOT visible

2023-09-26 18:05:53 - [TEST_STEP][PASSED] - verifyTextPresent("Taxpayer", true): Text 'Taxpayer' is present on page  using regular expression

2023-09-26 18:05:54 - [MESSAGE][PASSED] - Text 'Taxpayer' is present on page  using regular expression

2023-09-26 18:05:54 - [TEST_STEP][PASSED] - verifyTextPresent("Provide the following taxpayer information", true): Text 'Provide the following taxpayer information' is present on page  using regular expression

2023-09-26 18:05:54 - [MESSAGE][PASSED] - Text 'Provide the following taxpayer information' is present on page  using regular expression

2023-09-26 18:05:54 - [TEST_STEP][PASSED] - verifyTextPresent("Note: If you are paying on behalf of the Taxpayer, enter Taxpayer", true): Text 'Note: If you are paying on behalf of the Taxpayer, enter Taxpayer' is present on page  using regular expression

2023-09-26 18:05:54 - [MESSAGE][PASSED] - Text 'Note: If you are paying on behalf of the Taxpayer, enter Taxpayer' is present on page  using regular expression

2023-09-26 18:05:54 - [TEST_STEP][PASSED] - verifyTextPresent("information here. If you are making a payment for the Taxpayer, you will be required later to enter your own credit card, billing address and other pertinent information", true): Text 'information here. If you are making a payment for the Taxpayer, you will be required later to enter your own credit card, billing address and other pertinent information' is present on page  using regular expression

2023-09-26 18:05:55 - [MESSAGE][PASSED] - Text 'information here. If you are making a payment for the Taxpayer, you will be required later to enter your own credit card, billing address and other pertinent information' is present on page  using regular expression

2023-09-26 18:05:55 - [TEST_STEP][PASSED] - verifyElementVisible(findTestObject(orPath_TaxPayer + "/input_Note_businessName")): Object 'Object Repository/RAD_Pages/Taxpayer_Page/input_Note_businessName' is visible

2023-09-26 18:05:55 - [MESSAGE][PASSED] - Object 'Object Repository/RAD_Pages/Taxpayer_Page/input_Note_businessName' is visible

2023-09-26 18:05:55 - [TEST_STEP][PASSED] - verifyElementVisible(findTestObject(orPath_TaxPayer + "/input_BusinessRepfirstName")): Object 'Object Repository/RAD_Pages/Taxpayer_Page/input_BusinessRepfirstName' is visible

2023-09-26 18:05:55 - [MESSAGE][PASSED] - Object 'Object Repository/RAD_Pages/Taxpayer_Page/input_BusinessRepfirstName' is visible

2023-09-26 18:05:55 - [TEST_STEP][PASSED] - verifyElementVisible(findTestObject(orPath_TaxPayer + "/input_BusinessRepmiddleName")): Object 'Object Repository/RAD_Pages/Taxpayer_Page/input_BusinessRepmiddleName' is visible

2023-09-26 18:05:56 - [MESSAGE][PASSED] - Object 'Object Repository/RAD_Pages/Taxpayer_Page/input_BusinessRepmiddleName' is visible

2023-09-26 18:05:56 - [TEST_STEP][PASSED] - verifyElementVisible(findTestObject(orPath_TaxPayer + "/input_BusinessReplastName")): Object 'Object Repository/RAD_Pages/Taxpayer_Page/input_BusinessReplastName' is visible

2023-09-26 18:05:56 - [MESSAGE][PASSED] - Object 'Object Repository/RAD_Pages/Taxpayer_Page/input_BusinessReplastName' is visible

2023-09-26 18:05:56 - [TEST_STEP][PASSED] - verifyElementVisible(findTestObject(orPath_TaxPayer + "/input_BusinessRepsuffix")): Object 'Object Repository/RAD_Pages/Taxpayer_Page/input_BusinessRepsuffix' is visible

2023-09-26 18:05:56 - [MESSAGE][PASSED] - Object 'Object Repository/RAD_Pages/Taxpayer_Page/input_BusinessRepsuffix' is visible

2023-09-26 18:05:56 - [TEST_STEP][PASSED] - verifyElementNotVisible(findTestObject(orPath_TaxPayer + "/input_firstName")): Object 'Object Repository/RAD_Pages/Taxpayer_Page/input_firstName' is NOT visible

2023-09-26 18:05:57 - [MESSAGE][PASSED] - Object 'Object Repository/RAD_Pages/Taxpayer_Page/input_firstName' is NOT visible

2023-09-26 18:05:57 - [TEST_STEP][PASSED] - verifyElementNotVisible(findTestObject(orPath_TaxPayer + "/input_middleName")): Object 'Object Repository/RAD_Pages/Taxpayer_Page/input_middleName' is NOT visible

2023-09-26 18:05:57 - [MESSAGE][PASSED] - Object 'Object Repository/RAD_Pages/Taxpayer_Page/input_middleName' is NOT visible

2023-09-26 18:05:57 - [TEST_STEP][PASSED] - verifyElementNotVisible(findTestObject(orPath_TaxPayer + "/input_lastName")): Object 'Object Repository/RAD_Pages/Taxpayer_Page/input_lastName' is NOT visible

2023-09-26 18:05:57 - [MESSAGE][PASSED] - Object 'Object Repository/RAD_Pages/Taxpayer_Page/input_lastName' is NOT visible

2023-09-26 18:05:57 - [TEST_STEP][PASSED] - verifyElementNotVisible(findTestObject(orPath_TaxPayer + "/input_suffix")): Object 'Object Repository/RAD_Pages/Taxpayer_Page/input_suffix' is NOT visible

2023-09-26 18:05:58 - [MESSAGE][PASSED] - Object 'Object Repository/RAD_Pages/Taxpayer_Page/input_suffix' is NOT visible

2023-09-26 18:05:58 - [TEST_STEP][PASSED] - verifyElementNotVisible(findTestObject("RAD_RecordAndPlay/input_concatSSN")): Object 'Object Repository/RAD_RecordAndPlay/input_concatSSN' is NOT visible

2023-09-26 18:05:58 - [MESSAGE][PASSED] - Object 'Object Repository/RAD_RecordAndPlay/input_concatSSN' is NOT visible

2023-09-26 18:05:58 - [TEST_STEP][PASSED] - verifyElementNotVisible(findTestObject("RAD_RecordAndPlay/input_concatReSSN")): Object 'Object Repository/RAD_RecordAndPlay/input_concatReSSN' is NOT visible

2023-09-26 18:05:59 - [MESSAGE][PASSED] - Object 'Object Repository/RAD_RecordAndPlay/input_concatReSSN' is NOT visible

2023-09-26 18:05:59 - [TEST_STEP][PASSED] - verifyTextPresent("Address and Contact Information", true): Text 'Address and Contact Information' is present on page  using regular expression

2023-09-26 18:05:59 - [MESSAGE][PASSED] - Text 'Address and Contact Information' is present on page  using regular expression

2023-09-26 18:05:59 - [TEST_STEP][PASSED] - verifyTextPresent("Enter the taxpayer", true): Text 'Enter the taxpayer' is present on page  using regular expression

2023-09-26 18:06:00 - [MESSAGE][PASSED] - Text 'Enter the taxpayer' is present on page  using regular expression

2023-09-26 18:06:00 - [TEST_STEP][PASSED] - verifyTextPresent("address and contact information", true): Text 'address and contact information' is present on page  using regular expression

2023-09-26 18:06:00 - [MESSAGE][PASSED] - Text 'address and contact information' is present on page  using regular expression

2023-09-26 18:06:00 - [TEST_STEP][PASSED] - verifyElementPresent(findTestObject(orPath_AddressContact + "/select_Country"), 30): Object 'Object Repository/RAD_Pages/AddressAndContactInfo_Page/select_Country' is present

2023-09-26 18:06:01 - [MESSAGE][PASSED] - Object 'Object Repository/RAD_Pages/AddressAndContactInfo_Page/select_Country' is present

2023-09-26 18:06:01 - [TEST_STEP][PASSED] - verifyElementPresent(findTestObject(orPath_AddressContact + "/input_streetAddress1"), 30): Object 'Object Repository/RAD_Pages/AddressAndContactInfo_Page/input_streetAddress1' is present

2023-09-26 18:06:01 - [MESSAGE][PASSED] - Object 'Object Repository/RAD_Pages/AddressAndContactInfo_Page/input_streetAddress1' is present

2023-09-26 18:06:01 - [TEST_STEP][PASSED] - verifyElementPresent(findTestObject(orPath_AddressContact + "/input_streetAddress2"), 30): Object 'Object Repository/RAD_Pages/AddressAndContactInfo_Page/input_streetAddress2' is present

2023-09-26 18:06:01 - [MESSAGE][PASSED] - Object 'Object Repository/RAD_Pages/AddressAndContactInfo_Page/input_streetAddress2' is present

2023-09-26 18:06:01 - [TEST_STEP][PASSED] - verifyElementPresent(findTestObject(orPath_AddressContact + "/input_city"), 30): Object 'Object Repository/RAD_Pages/AddressAndContactInfo_Page/input_city' is present

2023-09-26 18:06:02 - [MESSAGE][PASSED] - Object 'Object Repository/RAD_Pages/AddressAndContactInfo_Page/input_city' is present

2023-09-26 18:06:02 - [TEST_STEP][PASSED] - verifyElementPresent(findTestObject(orPath_AddressContact + "/select_State"), 30): Object 'Object Repository/RAD_Pages/AddressAndContactInfo_Page/select_State' is present

2023-09-26 18:06:02 - [MESSAGE][PASSED] - Object 'Object Repository/RAD_Pages/AddressAndContactInfo_Page/select_State' is present

2023-09-26 18:06:02 - [TEST_STEP][PASSED] - verifyElementPresent(findTestObject(orPath_AddressContact + "/input_zipCode"), 30): Object 'Object Repository/RAD_Pages/AddressAndContactInfo_Page/input_zipCode' is present

2023-09-26 18:06:02 - [MESSAGE][PASSED] - Object 'Object Repository/RAD_Pages/AddressAndContactInfo_Page/input_zipCode' is present

2023-09-26 18:06:02 - [TEST_STEP][PASSED] - verifyElementPresent(findTestObject(orPath_AddressContact + "/input_phoneNumber"), 30): Object 'Object Repository/RAD_Pages/AddressAndContactInfo_Page/input_phoneNumber' is present

2023-09-26 18:06:03 - [MESSAGE][PASSED] - Object 'Object Repository/RAD_Pages/AddressAndContactInfo_Page/input_phoneNumber' is present

2023-09-26 18:06:03 - [TEST_STEP][PASSED] - verifyElementPresent(findTestObject(orPath_AddressContact + "/input_eMailAddress"), 30): Object 'Object Repository/RAD_Pages/AddressAndContactInfo_Page/input_eMailAddress' is present

2023-09-26 18:06:03 - [MESSAGE][PASSED] - Object 'Object Repository/RAD_Pages/AddressAndContactInfo_Page/input_eMailAddress' is present

2023-09-26 18:06:03 - [TEST_STEP][PASSED] - verifyElementPresent(findTestObject(orPath_AddressContact + "/input_reEnterEMailAddress"), 30): Object 'Object Repository/RAD_Pages/AddressAndContactInfo_Page/input_reEnterEMailAddress' is present

2023-09-26 18:06:03 - [MESSAGE][PASSED] - Object 'Object Repository/RAD_Pages/AddressAndContactInfo_Page/input_reEnterEMailAddress' is present

2023-09-26 18:06:03 - [TEST_STEP][PASSED] - verifyOptionsPresent(findTestObject(orPath_AddressContact + "/select_Country"), ["United States"]): Options [United States] present.

2023-09-26 18:06:04 - [MESSAGE][PASSED] - Options [United States] present.

2023-09-26 18:06:04 - [TEST_STEP][PASSED] - verifyOptionsPresent(findTestObject(orPath_AddressContact + "/select_State"), ["Alabama", "District of Columbia", "Maryland", "Virginia", "Wyoming"]): Options [Alabama, District of Columbia, Maryland, Virginia, Wyoming] present.

2023-09-26 18:06:05 - [MESSAGE][PASSED] - Options [Alabama, District of Columbia, Maryland, Virginia, Wyoming] present.

2023-09-26 18:06:05 - [TEST_STEP][PASSED] - totalOptionsState = getNumberOfTotalOption(findTestObject(orPath_AddressContact + "/select_State")): 52 options of object 'Object Repository/RAD_Pages/AddressAndContactInfo_Page/select_State' counted

2023-09-26 18:06:06 - [MESSAGE][PASSED] - 52 options of object 'Object Repository/RAD_Pages/AddressAndContactInfo_Page/select_State' counted

2023-09-26 18:06:06 - [TEST_STEP][PASSED] - verifyEqual(totalOptionsState, 52): Actual object '52' and expected object '52' are equal

2023-09-26 18:06:06 - [MESSAGE][PASSED] - Actual object '52' and expected object '52' are equal

2023-09-26 18:06:06 - [TEST_STEP][PASSED] - verifyTextPresent("Tax Information", true): Text 'Tax Information' is present on page  using regular expression

2023-09-26 18:06:06 - [MESSAGE][PASSED] - Text 'Tax Information' is present on page  using regular expression

2023-09-26 18:06:06 - [TEST_STEP][PASSED] - verifyElementPresent(findTestObject(orPath_TaxInfo + "/input_FederalEIN-2"), 30): Object 'Object Repository/RAD_Pages/TaxInfo_Page/input_FederalEIN-2' is present

2023-09-26 18:06:07 - [MESSAGE][PASSED] - Object 'Object Repository/RAD_Pages/TaxInfo_Page/input_FederalEIN-2' is present

2023-09-26 18:06:07 - [TEST_STEP][PASSED] - verifyElementPresent(findTestObject(orPath_TaxInfo + "/input_FederalEIN_ReEnter-2"), 30): Object 'Object Repository/RAD_Pages/TaxInfo_Page/input_FederalEIN_ReEnter-2' is present

2023-09-26 18:06:07 - [MESSAGE][PASSED] - Object 'Object Repository/RAD_Pages/TaxInfo_Page/input_FederalEIN_ReEnter-2' is present

2023-09-26 18:06:07 - [TEST_STEP][PASSED] - verifyElementPresent(findTestObject(orPath_TaxInfo + "/input_NoticeInvoiceNumber"), 30): Object 'Object Repository/RAD_Pages/TaxInfo_Page/input_NoticeInvoiceNumber' is present

2023-09-26 18:06:07 - [MESSAGE][PASSED] - Object 'Object Repository/RAD_Pages/TaxInfo_Page/input_NoticeInvoiceNumber' is present

2023-09-26 18:06:07 - [TEST_STEP][PASSED] - verifyElementVisible(findTestObject(orPath_TaxInfo + "/input_NoticeInvoiceNumber")): Object 'Object Repository/RAD_Pages/TaxInfo_Page/input_NoticeInvoiceNumber' is visible

2023-09-26 18:06:08 - [MESSAGE][PASSED] - Object 'Object Repository/RAD_Pages/TaxInfo_Page/input_NoticeInvoiceNumber' is visible

2023-09-26 18:06:08 - [TEST_STEP][PASSED] - verifyElementPresent(findTestObject(orPath_TaxInfo + "/input_reTypeNoticeInvoiceNumber"), 30): Object 'Object Repository/RAD_Pages/TaxInfo_Page/input_reTypeNoticeInvoiceNumber' is present

2023-09-26 18:06:08 - [MESSAGE][PASSED] - Object 'Object Repository/RAD_Pages/TaxInfo_Page/input_reTypeNoticeInvoiceNumber' is present

2023-09-26 18:06:08 - [TEST_STEP][PASSED] - verifyElementVisible(findTestObject(orPath_TaxInfo + "/input_reTypeNoticeInvoiceNumber")): Object 'Object Repository/RAD_Pages/TaxInfo_Page/input_reTypeNoticeInvoiceNumber' is visible

2023-09-26 18:06:08 - [MESSAGE][PASSED] - Object 'Object Repository/RAD_Pages/TaxInfo_Page/input_reTypeNoticeInvoiceNumber' is visible

2023-09-26 18:06:08 - [TEST_STEP][PASSED] - verifyElementNotVisible(findTestObject(orPath_FilingStatus + "/input_userType_Individual")): Object 'Object Repository/RAD_Pages/FilingStatus_Page/input_userType_Individual' is NOT visible

2023-09-26 18:06:09 - [MESSAGE][PASSED] - Object 'Object Repository/RAD_Pages/FilingStatus_Page/input_userType_Individual' is NOT visible

2023-09-26 18:06:09 - [TEST_STEP][PASSED] - verifyElementNotVisible(findTestObject(orPath_FilingStatus + "/input_userType_Joint")): Object 'Object Repository/RAD_Pages/FilingStatus_Page/input_userType_Joint' is NOT visible

2023-09-26 18:06:09 - [MESSAGE][PASSED] - Object 'Object Repository/RAD_Pages/FilingStatus_Page/input_userType_Joint' is NOT visible

2023-09-26 18:06:09 - [TEST_STEP][PASSED] - verifyElementNotVisible(findTestObject(orPath_TaxInfo + "/input_MDCRegistrationEL")): Object 'Object Repository/RAD_Pages/TaxInfo_Page/input_MDCRegistrationEL' is NOT visible

2023-09-26 18:06:09 - [MESSAGE][PASSED] - Object 'Object Repository/RAD_Pages/TaxInfo_Page/input_MDCRegistrationEL' is NOT visible

2023-09-26 18:06:09 - [TEST_STEP][PASSED] - verifyTextPresent("Payment Amount", true): Text 'Payment Amount' is present on page  using regular expression

2023-09-26 18:06:10 - [MESSAGE][PASSED] - Text 'Payment Amount' is present on page  using regular expression

2023-09-26 18:06:10 - [TEST_STEP][PASSED] - verifyElementPresent(findTestObject(orPath_Amount + "/input__paymentAmount"), 30): Object 'Object Repository/RAD_Pages/PaymentAmount_Page/input__paymentAmount' is present

2023-09-26 18:06:10 - [MESSAGE][PASSED] - Object 'Object Repository/RAD_Pages/PaymentAmount_Page/input__paymentAmount' is present

2023-09-26 18:06:10 - [TEST_STEP][PASSED] - verifyElementVisible(findTestObject(orPath_Amount + "/input__paymentAmount")): Object 'Object Repository/RAD_Pages/PaymentAmount_Page/input__paymentAmount' is visible

2023-09-26 18:06:11 - [MESSAGE][PASSED] - Object 'Object Repository/RAD_Pages/PaymentAmount_Page/input__paymentAmount' is visible

2023-09-26 18:06:11 - [TEST_STEP][PASSED] - verifyTextPresent("Service Fee: This electronic government service includes a service/convenience fee. Click here for details", true): Text 'Service Fee: This electronic government service includes a service/convenience fee. Click here for details' is present on page  using regular expression

2023-09-26 18:06:11 - [MESSAGE][PASSED] - Text 'Service Fee: This electronic government service includes a service/convenience fee. Click here for details' is present on page  using regular expression

2023-09-26 18:06:11 - [TEST_STEP][PASSED] - verifyElementPresent(findTestObject(orPath_Amount + "/a_Click here for details"), 30): Object 'Object Repository/RAD_Pages/PaymentAmount_Page/a_Click here for details' is present

2023-09-26 18:06:11 - [MESSAGE][PASSED] - Object 'Object Repository/RAD_Pages/PaymentAmount_Page/a_Click here for details' is present

2023-09-26 18:06:11 - [TEST_STEP][PASSED] - verifyElementPresent(findTestObject(orPath_Landing + "/button_Continue"), 30): Object 'Object Repository/RAD_Pages/Landing_Page/button_Continue' is present

2023-09-26 18:06:12 - [MESSAGE][PASSED] - Object 'Object Repository/RAD_Pages/Landing_Page/button_Continue' is present]]></system-out>
         <system-err><![CDATA[]]></system-err>
      </testcase>
      <testcase name="Test Cases/RAD_TestCases/UI_TestCases/Existing/Existing_WithholdingTax_UI_TC" time="24.699" classname="Test Cases/RAD_TestCases/UI_TestCases/Existing/Existing_WithholdingTax_UI_TC" status="PASSED">
         <system-out><![CDATA[2023-09-26 18:06:12 - [TEST_CASE][PASSED] - Test Cases/RAD_TestCases/UI_TestCases/Existing/Existing_WithholdingTax_UI_TC: Test Cases/RAD_TestCases/UI_TestCases/Existing/Existing_WithholdingTax_UI_TC

2023-09-26 18:06:12 - [TEST_STEP][PASSED] - openBrowser(""): Browser is opened with url: ''

2023-09-26 18:06:12 - [MESSAGE][WARNING] - A browser is already opened. Closing browser and opening a new one

2023-09-26 18:06:13 - [MESSAGE][INFO] - Starting 'Chrome' driver

2023-09-26 18:06:13 - [MESSAGE][INFO] - User set preference: ['acceptInsecureCerts', 'true']

2023-09-26 18:06:13 - [MESSAGE][INFO] - Action delay is set to 0 milliseconds

2023-09-26 18:06:14 - [MESSAGE][PASSED] - Browser is opened with url: ''

2023-09-26 18:06:14 - [TEST_STEP][PASSED] - maximizeWindow(): Current window maximized

2023-09-26 18:06:14 - [MESSAGE][PASSED] - Current window maximized

2023-09-26 18:06:14 - [TEST_STEP][PASSED] - navigateToUrl(RADurl): Navigate to 'https://qa2.velocitypayment.com/client/rad/index.html' successfully

2023-09-26 18:06:16 - [MESSAGE][PASSED] - Navigate to 'https://qa2.velocitypayment.com/client/rad/index.html' successfully

2023-09-26 18:06:16 - [TEST_STEP][PASSED] - orPath_Landing = "Object Repository/RAD_Pages/Landing_Page": null

2023-09-26 18:06:16 - [TEST_STEP][PASSED] - orPath_TaxTypeFilingYear = "Object Repository/RAD_Pages/TaxTypeFilingYear_Page": null

2023-09-26 18:06:16 - [TEST_STEP][PASSED] - orPath_TaxPayer = "Object Repository/RAD_Pages/Taxpayer_Page": null

2023-09-26 18:06:16 - [TEST_STEP][PASSED] - orPath_AddressContact = "Object Repository/RAD_Pages/AddressAndContactInfo_Page": null

2023-09-26 18:06:16 - [TEST_STEP][PASSED] - orPath_FilingStatus = "Object Repository/RAD_Pages/FilingStatus_Page": null

2023-09-26 18:06:16 - [TEST_STEP][PASSED] - orPath_Amount = "Object Repository/RAD_Pages/PaymentAmount_Page": null

2023-09-26 18:06:16 - [TEST_STEP][PASSED] - orPath_TaxInfo = "Object Repository/RAD_Pages/TaxInfo_Page": null

2023-09-26 18:06:16 - [TEST_STEP][PASSED] - selectOptionByLabel(findTestObject(orPath_Landing + "/dd_TaxType"), "Existing Liability w/Notice Number", false): All options with label 'Existing Liability w/Notice Number' are selected in object 'Object Repository/RAD_Pages/Landing_Page/dd_TaxType' 

2023-09-26 18:06:17 - [MESSAGE][PASSED] - All options with label 'Existing Liability w/Notice Number' are selected in object 'Object Repository/RAD_Pages/Landing_Page/dd_TaxType' 

2023-09-26 18:06:17 - [TEST_STEP][PASSED] - selectOptionByLabel(findTestObject(orPath_TaxTypeFilingYear + "/select_TaxType_ExistingLiability"), "Withholding Tax", false): All options with label 'Withholding Tax' are selected in object 'Object Repository/RAD_Pages/TaxTypeFilingYear_Page/select_TaxType_ExistingLiability' 

2023-09-26 18:06:18 - [MESSAGE][PASSED] - All options with label 'Withholding Tax' are selected in object 'Object Repository/RAD_Pages/TaxTypeFilingYear_Page/select_TaxType_ExistingLiability' 

2023-09-26 18:06:18 - [TEST_STEP][PASSED] - verifyElementNotVisible(findTestObject(orPath_TaxTypeFilingYear + "/select_FilingYear")): Object 'Object Repository/RAD_Pages/TaxTypeFilingYear_Page/select_FilingYear' is NOT visible

2023-09-26 18:06:18 - [MESSAGE][PASSED] - Object 'Object Repository/RAD_Pages/TaxTypeFilingYear_Page/select_FilingYear' is NOT visible

2023-09-26 18:06:18 - [TEST_STEP][PASSED] - verifyElementNotVisible(findTestObject(orPath_TaxTypeFilingYear + "/select_PeriodEnding")): Object 'Object Repository/RAD_Pages/TaxTypeFilingYear_Page/select_PeriodEnding' is NOT visible

2023-09-26 18:06:18 - [MESSAGE][PASSED] - Object 'Object Repository/RAD_Pages/TaxTypeFilingYear_Page/select_PeriodEnding' is NOT visible

2023-09-26 18:06:18 - [TEST_STEP][PASSED] - verifyTextPresent("Taxpayer", true): Text 'Taxpayer' is present on page  using regular expression

2023-09-26 18:06:19 - [MESSAGE][PASSED] - Text 'Taxpayer' is present on page  using regular expression

2023-09-26 18:06:19 - [TEST_STEP][PASSED] - verifyTextPresent("Provide the following taxpayer information", true): Text 'Provide the following taxpayer information' is present on page  using regular expression

2023-09-26 18:06:19 - [MESSAGE][PASSED] - Text 'Provide the following taxpayer information' is present on page  using regular expression

2023-09-26 18:06:19 - [TEST_STEP][PASSED] - verifyTextPresent("Note: If you are paying on behalf of the Taxpayer, enter Taxpayer", true): Text 'Note: If you are paying on behalf of the Taxpayer, enter Taxpayer' is present on page  using regular expression

2023-09-26 18:06:20 - [MESSAGE][PASSED] - Text 'Note: If you are paying on behalf of the Taxpayer, enter Taxpayer' is present on page  using regular expression

2023-09-26 18:06:20 - [TEST_STEP][PASSED] - verifyTextPresent("information here. If you are making a payment for the Taxpayer, you will be required later to enter your own credit card, billing address and other pertinent information", true): Text 'information here. If you are making a payment for the Taxpayer, you will be required later to enter your own credit card, billing address and other pertinent information' is present on page  using regular expression

2023-09-26 18:06:20 - [MESSAGE][PASSED] - Text 'information here. If you are making a payment for the Taxpayer, you will be required later to enter your own credit card, billing address and other pertinent information' is present on page  using regular expression

2023-09-26 18:06:20 - [TEST_STEP][PASSED] - verifyElementVisible(findTestObject(orPath_TaxPayer + "/input_Note_businessName")): Object 'Object Repository/RAD_Pages/Taxpayer_Page/input_Note_businessName' is visible

2023-09-26 18:06:20 - [MESSAGE][PASSED] - Object 'Object Repository/RAD_Pages/Taxpayer_Page/input_Note_businessName' is visible

2023-09-26 18:06:20 - [TEST_STEP][PASSED] - verifyElementVisible(findTestObject(orPath_TaxPayer + "/input_BusinessRepfirstName")): Object 'Object Repository/RAD_Pages/Taxpayer_Page/input_BusinessRepfirstName' is visible

2023-09-26 18:06:21 - [MESSAGE][PASSED] - Object 'Object Repository/RAD_Pages/Taxpayer_Page/input_BusinessRepfirstName' is visible

2023-09-26 18:06:21 - [TEST_STEP][PASSED] - verifyElementVisible(findTestObject(orPath_TaxPayer + "/input_BusinessRepmiddleName")): Object 'Object Repository/RAD_Pages/Taxpayer_Page/input_BusinessRepmiddleName' is visible

2023-09-26 18:06:21 - [MESSAGE][PASSED] - Object 'Object Repository/RAD_Pages/Taxpayer_Page/input_BusinessRepmiddleName' is visible

2023-09-26 18:06:21 - [TEST_STEP][PASSED] - verifyElementVisible(findTestObject(orPath_TaxPayer + "/input_BusinessReplastName")): Object 'Object Repository/RAD_Pages/Taxpayer_Page/input_BusinessReplastName' is visible

2023-09-26 18:06:21 - [MESSAGE][PASSED] - Object 'Object Repository/RAD_Pages/Taxpayer_Page/input_BusinessReplastName' is visible

2023-09-26 18:06:21 - [TEST_STEP][PASSED] - verifyElementVisible(findTestObject(orPath_TaxPayer + "/input_BusinessRepsuffix")): Object 'Object Repository/RAD_Pages/Taxpayer_Page/input_BusinessRepsuffix' is visible

2023-09-26 18:06:22 - [MESSAGE][PASSED] - Object 'Object Repository/RAD_Pages/Taxpayer_Page/input_BusinessRepsuffix' is visible

2023-09-26 18:06:22 - [TEST_STEP][PASSED] - verifyElementNotVisible(findTestObject(orPath_TaxPayer + "/input_firstName")): Object 'Object Repository/RAD_Pages/Taxpayer_Page/input_firstName' is NOT visible

2023-09-26 18:06:22 - [MESSAGE][PASSED] - Object 'Object Repository/RAD_Pages/Taxpayer_Page/input_firstName' is NOT visible

2023-09-26 18:06:22 - [TEST_STEP][PASSED] - verifyElementNotVisible(findTestObject(orPath_TaxPayer + "/input_middleName")): Object 'Object Repository/RAD_Pages/Taxpayer_Page/input_middleName' is NOT visible

2023-09-26 18:06:22 - [MESSAGE][PASSED] - Object 'Object Repository/RAD_Pages/Taxpayer_Page/input_middleName' is NOT visible

2023-09-26 18:06:22 - [TEST_STEP][PASSED] - verifyElementNotVisible(findTestObject(orPath_TaxPayer + "/input_lastName")): Object 'Object Repository/RAD_Pages/Taxpayer_Page/input_lastName' is NOT visible

2023-09-26 18:06:23 - [MESSAGE][PASSED] - Object 'Object Repository/RAD_Pages/Taxpayer_Page/input_lastName' is NOT visible

2023-09-26 18:06:23 - [TEST_STEP][PASSED] - verifyElementNotVisible(findTestObject(orPath_TaxPayer + "/input_suffix")): Object 'Object Repository/RAD_Pages/Taxpayer_Page/input_suffix' is NOT visible

2023-09-26 18:06:23 - [MESSAGE][PASSED] - Object 'Object Repository/RAD_Pages/Taxpayer_Page/input_suffix' is NOT visible

2023-09-26 18:06:23 - [TEST_STEP][PASSED] - verifyElementNotVisible(findTestObject("RAD_RecordAndPlay/input_concatSSN")): Object 'Object Repository/RAD_RecordAndPlay/input_concatSSN' is NOT visible

2023-09-26 18:06:23 - [MESSAGE][PASSED] - Object 'Object Repository/RAD_RecordAndPlay/input_concatSSN' is NOT visible

2023-09-26 18:06:23 - [TEST_STEP][PASSED] - verifyElementNotVisible(findTestObject("RAD_RecordAndPlay/input_concatReSSN")): Object 'Object Repository/RAD_RecordAndPlay/input_concatReSSN' is NOT visible

2023-09-26 18:06:24 - [MESSAGE][PASSED] - Object 'Object Repository/RAD_RecordAndPlay/input_concatReSSN' is NOT visible

2023-09-26 18:06:24 - [TEST_STEP][PASSED] - verifyTextPresent("Address and Contact Information", true): Text 'Address and Contact Information' is present on page  using regular expression

2023-09-26 18:06:24 - [MESSAGE][PASSED] - Text 'Address and Contact Information' is present on page  using regular expression

2023-09-26 18:06:24 - [TEST_STEP][PASSED] - verifyTextPresent("Enter the taxpayer", true): Text 'Enter the taxpayer' is present on page  using regular expression

2023-09-26 18:06:25 - [MESSAGE][PASSED] - Text 'Enter the taxpayer' is present on page  using regular expression

2023-09-26 18:06:25 - [TEST_STEP][PASSED] - verifyTextPresent("address and contact information", true): Text 'address and contact information' is present on page  using regular expression

2023-09-26 18:06:25 - [MESSAGE][PASSED] - Text 'address and contact information' is present on page  using regular expression

2023-09-26 18:06:25 - [TEST_STEP][PASSED] - verifyElementPresent(findTestObject(orPath_AddressContact + "/select_Country"), 30): Object 'Object Repository/RAD_Pages/AddressAndContactInfo_Page/select_Country' is present

2023-09-26 18:06:26 - [MESSAGE][PASSED] - Object 'Object Repository/RAD_Pages/AddressAndContactInfo_Page/select_Country' is present

2023-09-26 18:06:26 - [TEST_STEP][PASSED] - verifyElementPresent(findTestObject(orPath_AddressContact + "/input_streetAddress1"), 30): Object 'Object Repository/RAD_Pages/AddressAndContactInfo_Page/input_streetAddress1' is present

2023-09-26 18:06:26 - [MESSAGE][PASSED] - Object 'Object Repository/RAD_Pages/AddressAndContactInfo_Page/input_streetAddress1' is present

2023-09-26 18:06:26 - [TEST_STEP][PASSED] - verifyElementPresent(findTestObject(orPath_AddressContact + "/input_streetAddress2"), 30): Object 'Object Repository/RAD_Pages/AddressAndContactInfo_Page/input_streetAddress2' is present

2023-09-26 18:06:26 - [MESSAGE][PASSED] - Object 'Object Repository/RAD_Pages/AddressAndContactInfo_Page/input_streetAddress2' is present

2023-09-26 18:06:26 - [TEST_STEP][PASSED] - verifyElementPresent(findTestObject(orPath_AddressContact + "/input_city"), 30): Object 'Object Repository/RAD_Pages/AddressAndContactInfo_Page/input_city' is present

2023-09-26 18:06:27 - [MESSAGE][PASSED] - Object 'Object Repository/RAD_Pages/AddressAndContactInfo_Page/input_city' is present

2023-09-26 18:06:27 - [TEST_STEP][PASSED] - verifyElementPresent(findTestObject(orPath_AddressContact + "/select_State"), 30): Object 'Object Repository/RAD_Pages/AddressAndContactInfo_Page/select_State' is present

2023-09-26 18:06:27 - [MESSAGE][PASSED] - Object 'Object Repository/RAD_Pages/AddressAndContactInfo_Page/select_State' is present

2023-09-26 18:06:27 - [TEST_STEP][PASSED] - verifyElementPresent(findTestObject(orPath_AddressContact + "/input_zipCode"), 30): Object 'Object Repository/RAD_Pages/AddressAndContactInfo_Page/input_zipCode' is present

2023-09-26 18:06:27 - [MESSAGE][PASSED] - Object 'Object Repository/RAD_Pages/AddressAndContactInfo_Page/input_zipCode' is present

2023-09-26 18:06:27 - [TEST_STEP][PASSED] - verifyElementPresent(findTestObject(orPath_AddressContact + "/input_phoneNumber"), 30): Object 'Object Repository/RAD_Pages/AddressAndContactInfo_Page/input_phoneNumber' is present

2023-09-26 18:06:27 - [MESSAGE][PASSED] - Object 'Object Repository/RAD_Pages/AddressAndContactInfo_Page/input_phoneNumber' is present

2023-09-26 18:06:27 - [TEST_STEP][PASSED] - verifyElementPresent(findTestObject(orPath_AddressContact + "/input_eMailAddress"), 30): Object 'Object Repository/RAD_Pages/AddressAndContactInfo_Page/input_eMailAddress' is present

2023-09-26 18:06:28 - [MESSAGE][PASSED] - Object 'Object Repository/RAD_Pages/AddressAndContactInfo_Page/input_eMailAddress' is present

2023-09-26 18:06:28 - [TEST_STEP][PASSED] - verifyElementPresent(findTestObject(orPath_AddressContact + "/input_reEnterEMailAddress"), 30): Object 'Object Repository/RAD_Pages/AddressAndContactInfo_Page/input_reEnterEMailAddress' is present

2023-09-26 18:06:28 - [MESSAGE][PASSED] - Object 'Object Repository/RAD_Pages/AddressAndContactInfo_Page/input_reEnterEMailAddress' is present

2023-09-26 18:06:28 - [TEST_STEP][PASSED] - verifyOptionsPresent(findTestObject(orPath_AddressContact + "/select_Country"), ["United States"]): Options [United States] present.

2023-09-26 18:06:29 - [MESSAGE][PASSED] - Options [United States] present.

2023-09-26 18:06:29 - [TEST_STEP][PASSED] - verifyOptionsPresent(findTestObject(orPath_AddressContact + "/select_State"), ["Alabama", "District of Columbia", "Maryland", "Virginia", "Wyoming"]): Options [Alabama, District of Columbia, Maryland, Virginia, Wyoming] present.

2023-09-26 18:06:30 - [MESSAGE][PASSED] - Options [Alabama, District of Columbia, Maryland, Virginia, Wyoming] present.

2023-09-26 18:06:30 - [TEST_STEP][PASSED] - totalOptionsState = getNumberOfTotalOption(findTestObject(orPath_AddressContact + "/select_State")): 52 options of object 'Object Repository/RAD_Pages/AddressAndContactInfo_Page/select_State' counted

2023-09-26 18:06:30 - [MESSAGE][PASSED] - 52 options of object 'Object Repository/RAD_Pages/AddressAndContactInfo_Page/select_State' counted

2023-09-26 18:06:30 - [TEST_STEP][PASSED] - verifyEqual(totalOptionsState, 52): Actual object '52' and expected object '52' are equal

2023-09-26 18:06:30 - [MESSAGE][PASSED] - Actual object '52' and expected object '52' are equal

2023-09-26 18:06:30 - [TEST_STEP][PASSED] - verifyTextPresent("Tax Information", true): Text 'Tax Information' is present on page  using regular expression

2023-09-26 18:06:31 - [MESSAGE][PASSED] - Text 'Tax Information' is present on page  using regular expression

2023-09-26 18:06:31 - [TEST_STEP][PASSED] - verifyElementPresent(findTestObject(orPath_TaxInfo + "/input_FederalEIN-2"), 30): Object 'Object Repository/RAD_Pages/TaxInfo_Page/input_FederalEIN-2' is present

2023-09-26 18:06:31 - [MESSAGE][PASSED] - Object 'Object Repository/RAD_Pages/TaxInfo_Page/input_FederalEIN-2' is present

2023-09-26 18:06:31 - [TEST_STEP][PASSED] - verifyElementPresent(findTestObject(orPath_TaxInfo + "/input_FederalEIN_ReEnter-2"), 30): Object 'Object Repository/RAD_Pages/TaxInfo_Page/input_FederalEIN_ReEnter-2' is present

2023-09-26 18:06:32 - [MESSAGE][PASSED] - Object 'Object Repository/RAD_Pages/TaxInfo_Page/input_FederalEIN_ReEnter-2' is present

2023-09-26 18:06:32 - [TEST_STEP][PASSED] - verifyElementPresent(findTestObject(orPath_TaxInfo + "/input_NoticeInvoiceNumber"), 30): Object 'Object Repository/RAD_Pages/TaxInfo_Page/input_NoticeInvoiceNumber' is present

2023-09-26 18:06:32 - [MESSAGE][PASSED] - Object 'Object Repository/RAD_Pages/TaxInfo_Page/input_NoticeInvoiceNumber' is present

2023-09-26 18:06:32 - [TEST_STEP][PASSED] - verifyElementVisible(findTestObject(orPath_TaxInfo + "/input_NoticeInvoiceNumber")): Object 'Object Repository/RAD_Pages/TaxInfo_Page/input_NoticeInvoiceNumber' is visible

2023-09-26 18:06:33 - [MESSAGE][PASSED] - Object 'Object Repository/RAD_Pages/TaxInfo_Page/input_NoticeInvoiceNumber' is visible

2023-09-26 18:06:33 - [TEST_STEP][PASSED] - verifyElementPresent(findTestObject(orPath_TaxInfo + "/input_reTypeNoticeInvoiceNumber"), 30): Object 'Object Repository/RAD_Pages/TaxInfo_Page/input_reTypeNoticeInvoiceNumber' is present

2023-09-26 18:06:33 - [MESSAGE][PASSED] - Object 'Object Repository/RAD_Pages/TaxInfo_Page/input_reTypeNoticeInvoiceNumber' is present

2023-09-26 18:06:33 - [TEST_STEP][PASSED] - verifyElementVisible(findTestObject(orPath_TaxInfo + "/input_reTypeNoticeInvoiceNumber")): Object 'Object Repository/RAD_Pages/TaxInfo_Page/input_reTypeNoticeInvoiceNumber' is visible

2023-09-26 18:06:33 - [MESSAGE][PASSED] - Object 'Object Repository/RAD_Pages/TaxInfo_Page/input_reTypeNoticeInvoiceNumber' is visible

2023-09-26 18:06:33 - [TEST_STEP][PASSED] - verifyElementVisible(findTestObject(orPath_TaxInfo + "/input_MDCRegistrationEL")): Object 'Object Repository/RAD_Pages/TaxInfo_Page/input_MDCRegistrationEL' is visible

2023-09-26 18:06:34 - [MESSAGE][PASSED] - Object 'Object Repository/RAD_Pages/TaxInfo_Page/input_MDCRegistrationEL' is visible

2023-09-26 18:06:34 - [TEST_STEP][PASSED] - verifyElementNotVisible(findTestObject(orPath_FilingStatus + "/input_userType_Individual")): Object 'Object Repository/RAD_Pages/FilingStatus_Page/input_userType_Individual' is NOT visible

2023-09-26 18:06:34 - [MESSAGE][PASSED] - Object 'Object Repository/RAD_Pages/FilingStatus_Page/input_userType_Individual' is NOT visible

2023-09-26 18:06:34 - [TEST_STEP][PASSED] - verifyElementNotVisible(findTestObject(orPath_FilingStatus + "/input_userType_Joint")): Object 'Object Repository/RAD_Pages/FilingStatus_Page/input_userType_Joint' is NOT visible

2023-09-26 18:06:34 - [MESSAGE][PASSED] - Object 'Object Repository/RAD_Pages/FilingStatus_Page/input_userType_Joint' is NOT visible

2023-09-26 18:06:34 - [TEST_STEP][PASSED] - verifyTextPresent("Payment Amount", true): Text 'Payment Amount' is present on page  using regular expression

2023-09-26 18:06:35 - [MESSAGE][PASSED] - Text 'Payment Amount' is present on page  using regular expression

2023-09-26 18:06:35 - [TEST_STEP][PASSED] - verifyElementPresent(findTestObject(orPath_Amount + "/input__paymentAmount"), 30): Object 'Object Repository/RAD_Pages/PaymentAmount_Page/input__paymentAmount' is present

2023-09-26 18:06:35 - [MESSAGE][PASSED] - Object 'Object Repository/RAD_Pages/PaymentAmount_Page/input__paymentAmount' is present

2023-09-26 18:06:35 - [TEST_STEP][PASSED] - verifyElementVisible(findTestObject(orPath_Amount + "/input__paymentAmount")): Object 'Object Repository/RAD_Pages/PaymentAmount_Page/input__paymentAmount' is visible

2023-09-26 18:06:35 - [MESSAGE][PASSED] - Object 'Object Repository/RAD_Pages/PaymentAmount_Page/input__paymentAmount' is visible

2023-09-26 18:06:35 - [TEST_STEP][PASSED] - verifyTextPresent("Service Fee: This electronic government service includes a service/convenience fee. Click here for details", true): Text 'Service Fee: This electronic government service includes a service/convenience fee. Click here for details' is present on page  using regular expression

2023-09-26 18:06:36 - [MESSAGE][PASSED] - Text 'Service Fee: This electronic government service includes a service/convenience fee. Click here for details' is present on page  using regular expression

2023-09-26 18:06:36 - [TEST_STEP][PASSED] - verifyElementPresent(findTestObject(orPath_Amount + "/a_Click here for details"), 30): Object 'Object Repository/RAD_Pages/PaymentAmount_Page/a_Click here for details' is present

2023-09-26 18:06:36 - [MESSAGE][PASSED] - Object 'Object Repository/RAD_Pages/PaymentAmount_Page/a_Click here for details' is present

2023-09-26 18:06:36 - [TEST_STEP][PASSED] - verifyElementPresent(findTestObject(orPath_Landing + "/button_Continue"), 30): Object 'Object Repository/RAD_Pages/Landing_Page/button_Continue' is present

2023-09-26 18:06:36 - [MESSAGE][PASSED] - Object 'Object Repository/RAD_Pages/Landing_Page/button_Continue' is present]]></system-out>
         <system-err><![CDATA[]]></system-err>
      </testcase>
      <testcase name="Test Cases/RAD_TestCases/UI_TestCases/Extension/ExtensionPayments_UI_TC" time="39.316" classname="Test Cases/RAD_TestCases/UI_TestCases/Extension/ExtensionPayments_UI_TC" status="PASSED">
         <system-out><![CDATA[2023-09-26 18:06:36 - [TEST_CASE][PASSED] - Test Cases/RAD_TestCases/UI_TestCases/Extension/ExtensionPayments_UI_TC: Test Cases/RAD_TestCases/UI_TestCases/Extension/ExtensionPayments_UI_TC

2023-09-26 18:06:37 - [TEST_STEP][PASSED] - openBrowser(""): Browser is opened with url: ''

2023-09-26 18:06:37 - [MESSAGE][WARNING] - A browser is already opened. Closing browser and opening a new one

2023-09-26 18:06:38 - [MESSAGE][INFO] - Starting 'Chrome' driver

2023-09-26 18:06:38 - [MESSAGE][INFO] - User set preference: ['acceptInsecureCerts', 'true']

2023-09-26 18:06:38 - [MESSAGE][INFO] - Action delay is set to 0 milliseconds

2023-09-26 18:06:39 - [MESSAGE][PASSED] - Browser is opened with url: ''

2023-09-26 18:06:39 - [TEST_STEP][PASSED] - maximizeWindow(): Current window maximized

2023-09-26 18:06:39 - [MESSAGE][PASSED] - Current window maximized

2023-09-26 18:06:39 - [TEST_STEP][PASSED] - navigateToUrl(RADurl): Navigate to 'https://qa2.velocitypayment.com/client/rad/index.html' successfully

2023-09-26 18:06:41 - [MESSAGE][PASSED] - Navigate to 'https://qa2.velocitypayment.com/client/rad/index.html' successfully

2023-09-26 18:06:41 - [TEST_STEP][PASSED] - orPath_Landing = "Object Repository/RAD_Pages/Landing_Page": null

2023-09-26 18:06:41 - [TEST_STEP][PASSED] - orPath_TaxTypeFilingYear = "Object Repository/RAD_Pages/TaxTypeFilingYear_Page": null

2023-09-26 18:06:41 - [TEST_STEP][PASSED] - orPath_TaxPayer = "Object Repository/RAD_Pages/Taxpayer_Page": null

2023-09-26 18:06:41 - [TEST_STEP][PASSED] - orPath_AddressContact = "Object Repository/RAD_Pages/AddressAndContactInfo_Page": null

2023-09-26 18:06:41 - [TEST_STEP][PASSED] - orPath_FilingStatus = "Object Repository/RAD_Pages/FilingStatus_Page": null

2023-09-26 18:06:41 - [TEST_STEP][PASSED] - orPath_Amount = "Object Repository/RAD_Pages/PaymentAmount_Page": null

2023-09-26 18:06:41 - [TEST_STEP][PASSED] - orPath_TaxInfo = "Object Repository/RAD_Pages/TaxInfo_Page": null

2023-09-26 18:06:41 - [TEST_STEP][PASSED] - selectOptionByLabel(findTestObject(orPath_Landing + "/dd_TaxType"), "Extension Payments", false): All options with label 'Extension Payments' are selected in object 'Object Repository/RAD_Pages/Landing_Page/dd_TaxType' 

2023-09-26 18:06:41 - [MESSAGE][PASSED] - All options with label 'Extension Payments' are selected in object 'Object Repository/RAD_Pages/Landing_Page/dd_TaxType' 

2023-09-26 18:06:41 - [TEST_STEP][PASSED] - verifyElementPresent(findTestObject(orPath_TaxTypeFilingYear + "/select_PaymentType"), 30): Object 'Object Repository/RAD_Pages/TaxTypeFilingYear_Page/select_PaymentType' is present

2023-09-26 18:06:42 - [MESSAGE][PASSED] - Object 'Object Repository/RAD_Pages/TaxTypeFilingYear_Page/select_PaymentType' is present

2023-09-26 18:06:42 - [TEST_STEP][PASSED] - totalOptionsPaymentType = getNumberOfTotalOption(findTestObject(orPath_TaxTypeFilingYear + "/select_PaymentType")): 8 options of object 'Object Repository/RAD_Pages/TaxTypeFilingYear_Page/select_PaymentType' counted

2023-09-26 18:06:42 - [MESSAGE][PASSED] - 8 options of object 'Object Repository/RAD_Pages/TaxTypeFilingYear_Page/select_PaymentType' counted

2023-09-26 18:06:42 - [TEST_STEP][PASSED] - verifyEqual(totalOptionsPaymentType, 8): Actual object '8' and expected object '8' are equal

2023-09-26 18:06:42 - [MESSAGE][PASSED] - Actual object '8' and expected object '8' are equal

2023-09-26 18:06:42 - [TEST_STEP][PASSED] - verifyOptionsPresent(findTestObject(orPath_TaxTypeFilingYear + "/select_PaymentType"), ["Select", "Personal Income Tax", "Corporate Income Tax", "Fiduciary Tax"]): Options [Select, Personal Income Tax, Corporate Income Tax, Fiduciary Tax] present.

2023-09-26 18:06:43 - [MESSAGE][PASSED] - Options [Select, Personal Income Tax, Corporate Income Tax, Fiduciary Tax] present.

2023-09-26 18:06:43 - [TEST_STEP][PASSED] - verifyOptionsPresent(findTestObject(orPath_TaxTypeFilingYear + "/select_PaymentType"), ["PTE Non-Electing Non-S Corp", "PTE Non-Electing S Corp"]): Options [PTE Non-Electing Non-S Corp, PTE Non-Electing S Corp] present.

2023-09-26 18:06:44 - [MESSAGE][PASSED] - Options [PTE Non-Electing Non-S Corp, PTE Non-Electing S Corp] present.

2023-09-26 18:06:44 - [TEST_STEP][PASSED] - verifyOptionsPresent(findTestObject(orPath_TaxTypeFilingYear + "/select_PaymentType"), ["PTE Tax Electing Non-S Corp", "PTE Tax Electing S Corp"]): Options [PTE Tax Electing Non-S Corp, PTE Tax Electing S Corp] present.

2023-09-26 18:06:44 - [MESSAGE][PASSED] - Options [PTE Tax Electing Non-S Corp, PTE Tax Electing S Corp] present.

2023-09-26 18:06:44 - [TEST_STEP][PASSED] - verifyElementPresent(findTestObject(orPath_TaxTypeFilingYear + "/select_FilingYear"), 30): Object 'Object Repository/RAD_Pages/TaxTypeFilingYear_Page/select_FilingYear' is present

2023-09-26 18:06:45 - [MESSAGE][PASSED] - Object 'Object Repository/RAD_Pages/TaxTypeFilingYear_Page/select_FilingYear' is present

2023-09-26 18:06:45 - [TEST_STEP][PASSED] - totalOptionsFilingYear = getNumberOfTotalOption(findTestObject(orPath_TaxTypeFilingYear + "/select_FilingYear")): 1 options of object 'Object Repository/RAD_Pages/TaxTypeFilingYear_Page/select_FilingYear' counted

2023-09-26 18:06:45 - [MESSAGE][PASSED] - 1 options of object 'Object Repository/RAD_Pages/TaxTypeFilingYear_Page/select_FilingYear' counted

2023-09-26 18:06:45 - [TEST_STEP][PASSED] - verifyEqual(totalOptionsFilingYear, 1): Actual object '1' and expected object '1' are equal

2023-09-26 18:06:45 - [MESSAGE][PASSED] - Actual object '1' and expected object '1' are equal

2023-09-26 18:06:45 - [TEST_STEP][PASSED] - verifyOptionsPresent(findTestObject(orPath_TaxTypeFilingYear + "/select_FilingYear"), ["2022"]): Options [2022] present.

2023-09-26 18:06:46 - [MESSAGE][PASSED] - Options [2022] present.

2023-09-26 18:06:46 - [TEST_STEP][PASSED] - verifyTextPresent("Payment Type/Filing Year", true): Text 'Payment Type/Filing Year' is present on page  using regular expression

2023-09-26 18:06:47 - [MESSAGE][PASSED] - Text 'Payment Type/Filing Year' is present on page  using regular expression

2023-09-26 18:06:47 - [TEST_STEP][PASSED] - verifyTextPresent("Taxpayer", true): Text 'Taxpayer' is present on page  using regular expression

2023-09-26 18:06:47 - [MESSAGE][PASSED] - Text 'Taxpayer' is present on page  using regular expression

2023-09-26 18:06:47 - [TEST_STEP][PASSED] - verifyTextPresent("Provide the following taxpayer information", true): Text 'Provide the following taxpayer information' is present on page  using regular expression

2023-09-26 18:06:47 - [MESSAGE][PASSED] - Text 'Provide the following taxpayer information' is present on page  using regular expression

2023-09-26 18:06:47 - [TEST_STEP][PASSED] - verifyTextPresent("Note: If you are paying on behalf of the Taxpayer, enter Taxpayer", true): Text 'Note: If you are paying on behalf of the Taxpayer, enter Taxpayer' is present on page  using regular expression

2023-09-26 18:06:48 - [MESSAGE][PASSED] - Text 'Note: If you are paying on behalf of the Taxpayer, enter Taxpayer' is present on page  using regular expression

2023-09-26 18:06:48 - [TEST_STEP][PASSED] - verifyTextPresent("information here. If you are making a payment for the Taxpayer, you will be required later to enter your own credit card, billing address and other pertinent information", true): Text 'information here. If you are making a payment for the Taxpayer, you will be required later to enter your own credit card, billing address and other pertinent information' is present on page  using regular expression

2023-09-26 18:06:48 - [MESSAGE][PASSED] - Text 'information here. If you are making a payment for the Taxpayer, you will be required later to enter your own credit card, billing address and other pertinent information' is present on page  using regular expression

2023-09-26 18:06:48 - [TEST_STEP][PASSED] - verifyTextPresent("Address and Contact Information", true): Text 'Address and Contact Information' is present on page  using regular expression

2023-09-26 18:06:48 - [MESSAGE][PASSED] - Text 'Address and Contact Information' is present on page  using regular expression

2023-09-26 18:06:48 - [TEST_STEP][PASSED] - verifyTextPresent("Enter the taxpayer", true): Text 'Enter the taxpayer' is present on page  using regular expression

2023-09-26 18:06:49 - [MESSAGE][PASSED] - Text 'Enter the taxpayer' is present on page  using regular expression

2023-09-26 18:06:49 - [TEST_STEP][PASSED] - verifyTextPresent("address and contact information", true): Text 'address and contact information' is present on page  using regular expression

2023-09-26 18:06:49 - [MESSAGE][PASSED] - Text 'address and contact information' is present on page  using regular expression

2023-09-26 18:06:49 - [TEST_STEP][PASSED] - verifyTextPresent("Payment Amount", true): Text 'Payment Amount' is present on page  using regular expression

2023-09-26 18:06:50 - [MESSAGE][PASSED] - Text 'Payment Amount' is present on page  using regular expression

2023-09-26 18:06:50 - [TEST_STEP][PASSED] - verifyTextPresent("Service Fee: This electronic government service includes a service/convenience fee. Click here for details", true): Text 'Service Fee: This electronic government service includes a service/convenience fee. Click here for details' is present on page  using regular expression

2023-09-26 18:06:50 - [MESSAGE][PASSED] - Text 'Service Fee: This electronic government service includes a service/convenience fee. Click here for details' is present on page  using regular expression

2023-09-26 18:06:50 - [TEST_STEP][PASSED] - verifyElementPresent(findTestObject(orPath_Amount + "/a_Click here for details"), 30): Object 'Object Repository/RAD_Pages/PaymentAmount_Page/a_Click here for details' is present

2023-09-26 18:06:50 - [MESSAGE][PASSED] - Object 'Object Repository/RAD_Pages/PaymentAmount_Page/a_Click here for details' is present

2023-09-26 18:06:50 - [TEST_STEP][PASSED] - verifyElementPresent(findTestObject(orPath_Landing + "/button_Continue"), 30): Object 'Object Repository/RAD_Pages/Landing_Page/button_Continue' is present

2023-09-26 18:06:51 - [MESSAGE][PASSED] - Object 'Object Repository/RAD_Pages/Landing_Page/button_Continue' is present

2023-09-26 18:06:51 - [TEST_STEP][PASSED] - verifyElementPresent(findTestObject(orPath_TaxPayer + "/input_firstName"), 30): Object 'Object Repository/RAD_Pages/Taxpayer_Page/input_firstName' is present

2023-09-26 18:06:51 - [MESSAGE][PASSED] - Object 'Object Repository/RAD_Pages/Taxpayer_Page/input_firstName' is present

2023-09-26 18:06:51 - [TEST_STEP][PASSED] - verifyElementPresent(findTestObject(orPath_TaxPayer + "/input_middleName"), 30): Object 'Object Repository/RAD_Pages/Taxpayer_Page/input_middleName' is present

2023-09-26 18:06:51 - [MESSAGE][PASSED] - Object 'Object Repository/RAD_Pages/Taxpayer_Page/input_middleName' is present

2023-09-26 18:06:51 - [TEST_STEP][PASSED] - verifyElementPresent(findTestObject(orPath_TaxPayer + "/input_lastName"), 30): Object 'Object Repository/RAD_Pages/Taxpayer_Page/input_lastName' is present

2023-09-26 18:06:52 - [MESSAGE][PASSED] - Object 'Object Repository/RAD_Pages/Taxpayer_Page/input_lastName' is present

2023-09-26 18:06:52 - [TEST_STEP][PASSED] - verifyElementPresent(findTestObject(orPath_TaxPayer + "/input_suffix"), 30): Object 'Object Repository/RAD_Pages/Taxpayer_Page/input_suffix' is present

2023-09-26 18:06:52 - [MESSAGE][PASSED] - Object 'Object Repository/RAD_Pages/Taxpayer_Page/input_suffix' is present

2023-09-26 18:06:52 - [TEST_STEP][PASSED] - verifyElementPresent(findTestObject("RAD_RecordAndPlay/input_concatSSN"), 30): Object 'Object Repository/RAD_RecordAndPlay/input_concatSSN' is present

2023-09-26 18:06:52 - [MESSAGE][PASSED] - Object 'Object Repository/RAD_RecordAndPlay/input_concatSSN' is present

2023-09-26 18:06:52 - [TEST_STEP][PASSED] - verifyElementPresent(findTestObject("RAD_RecordAndPlay/input_concatReSSN"), 30): Object 'Object Repository/RAD_RecordAndPlay/input_concatReSSN' is present

2023-09-26 18:06:53 - [MESSAGE][PASSED] - Object 'Object Repository/RAD_RecordAndPlay/input_concatReSSN' is present

2023-09-26 18:06:53 - [TEST_STEP][PASSED] - verifyElementPresent(findTestObject(orPath_AddressContact + "/select_Country"), 30): Object 'Object Repository/RAD_Pages/AddressAndContactInfo_Page/select_Country' is present

2023-09-26 18:06:53 - [MESSAGE][PASSED] - Object 'Object Repository/RAD_Pages/AddressAndContactInfo_Page/select_Country' is present

2023-09-26 18:06:53 - [TEST_STEP][PASSED] - verifyElementPresent(findTestObject(orPath_AddressContact + "/input_streetAddress1"), 30): Object 'Object Repository/RAD_Pages/AddressAndContactInfo_Page/input_streetAddress1' is present

2023-09-26 18:06:54 - [MESSAGE][PASSED] - Object 'Object Repository/RAD_Pages/AddressAndContactInfo_Page/input_streetAddress1' is present

2023-09-26 18:06:54 - [TEST_STEP][PASSED] - verifyElementPresent(findTestObject(orPath_AddressContact + "/input_streetAddress2"), 30): Object 'Object Repository/RAD_Pages/AddressAndContactInfo_Page/input_streetAddress2' is present

2023-09-26 18:06:54 - [MESSAGE][PASSED] - Object 'Object Repository/RAD_Pages/AddressAndContactInfo_Page/input_streetAddress2' is present

2023-09-26 18:06:54 - [TEST_STEP][PASSED] - verifyElementPresent(findTestObject(orPath_AddressContact + "/input_city"), 30): Object 'Object Repository/RAD_Pages/AddressAndContactInfo_Page/input_city' is present

2023-09-26 18:06:54 - [MESSAGE][PASSED] - Object 'Object Repository/RAD_Pages/AddressAndContactInfo_Page/input_city' is present

2023-09-26 18:06:54 - [TEST_STEP][PASSED] - verifyElementPresent(findTestObject(orPath_AddressContact + "/select_State"), 30): Object 'Object Repository/RAD_Pages/AddressAndContactInfo_Page/select_State' is present

2023-09-26 18:06:55 - [MESSAGE][PASSED] - Object 'Object Repository/RAD_Pages/AddressAndContactInfo_Page/select_State' is present

2023-09-26 18:06:55 - [TEST_STEP][PASSED] - verifyElementPresent(findTestObject(orPath_AddressContact + "/input_zipCode"), 30): Object 'Object Repository/RAD_Pages/AddressAndContactInfo_Page/input_zipCode' is present

2023-09-26 18:06:55 - [MESSAGE][PASSED] - Object 'Object Repository/RAD_Pages/AddressAndContactInfo_Page/input_zipCode' is present

2023-09-26 18:06:55 - [TEST_STEP][PASSED] - verifyElementPresent(findTestObject(orPath_AddressContact + "/input_phoneNumber"), 30): Object 'Object Repository/RAD_Pages/AddressAndContactInfo_Page/input_phoneNumber' is present

2023-09-26 18:06:55 - [MESSAGE][PASSED] - Object 'Object Repository/RAD_Pages/AddressAndContactInfo_Page/input_phoneNumber' is present

2023-09-26 18:06:55 - [TEST_STEP][PASSED] - verifyElementPresent(findTestObject(orPath_AddressContact + "/input_eMailAddress"), 30): Object 'Object Repository/RAD_Pages/AddressAndContactInfo_Page/input_eMailAddress' is present

2023-09-26 18:06:56 - [MESSAGE][PASSED] - Object 'Object Repository/RAD_Pages/AddressAndContactInfo_Page/input_eMailAddress' is present

2023-09-26 18:06:56 - [TEST_STEP][PASSED] - verifyElementPresent(findTestObject(orPath_AddressContact + "/input_reEnterEMailAddress"), 30): Object 'Object Repository/RAD_Pages/AddressAndContactInfo_Page/input_reEnterEMailAddress' is present

2023-09-26 18:06:56 - [MESSAGE][PASSED] - Object 'Object Repository/RAD_Pages/AddressAndContactInfo_Page/input_reEnterEMailAddress' is present

2023-09-26 18:06:56 - [TEST_STEP][PASSED] - verifyOptionsPresent(findTestObject(orPath_AddressContact + "/select_Country"), ["United States"]): Options [United States] present.

2023-09-26 18:06:57 - [MESSAGE][PASSED] - Options [United States] present.

2023-09-26 18:06:57 - [TEST_STEP][PASSED] - verifyOptionsPresent(findTestObject(orPath_AddressContact + "/select_State"), ["Alabama", "District of Columbia", "Maryland", "Virginia", "Wyoming"]): Options [Alabama, District of Columbia, Maryland, Virginia, Wyoming] present.

2023-09-26 18:06:58 - [MESSAGE][PASSED] - Options [Alabama, District of Columbia, Maryland, Virginia, Wyoming] present.

2023-09-26 18:06:58 - [TEST_STEP][PASSED] - totalOptionsState = getNumberOfTotalOption(findTestObject(orPath_AddressContact + "/select_State")): 52 options of object 'Object Repository/RAD_Pages/AddressAndContactInfo_Page/select_State' counted

2023-09-26 18:06:58 - [MESSAGE][PASSED] - 52 options of object 'Object Repository/RAD_Pages/AddressAndContactInfo_Page/select_State' counted

2023-09-26 18:06:58 - [TEST_STEP][PASSED] - verifyEqual(totalOptionsState, 52): Actual object '52' and expected object '52' are equal

2023-09-26 18:06:58 - [MESSAGE][PASSED] - Actual object '52' and expected object '52' are equal

2023-09-26 18:06:58 - [TEST_STEP][PASSED] - verifyElementPresent(findTestObject(orPath_Amount + "/input__paymentAmount"), 30): Object 'Object Repository/RAD_Pages/PaymentAmount_Page/input__paymentAmount' is present

2023-09-26 18:06:59 - [MESSAGE][PASSED] - Object 'Object Repository/RAD_Pages/PaymentAmount_Page/input__paymentAmount' is present

2023-09-26 18:06:59 - [TEST_STEP][PASSED] - scrollToElement(findTestObject(orPath_Amount + "/input__paymentAmount"), 3): Scroll to object 'Object Repository/RAD_Pages/PaymentAmount_Page/input__paymentAmount' successfully

2023-09-26 18:06:59 - [MESSAGE][PASSED] - Scroll to object 'Object Repository/RAD_Pages/PaymentAmount_Page/input__paymentAmount' successfully

2023-09-26 18:06:59 - [TEST_STEP][PASSED] - selectOptionByLabel(findTestObject(orPath_TaxTypeFilingYear + "/select_PaymentType"), "Personal Income Tax", false): All options with label 'Personal Income Tax' are selected in object 'Object Repository/RAD_Pages/TaxTypeFilingYear_Page/select_PaymentType' 

2023-09-26 18:07:00 - [MESSAGE][PASSED] - All options with label 'Personal Income Tax' are selected in object 'Object Repository/RAD_Pages/TaxTypeFilingYear_Page/select_PaymentType' 

2023-09-26 18:07:00 - [TEST_STEP][PASSED] - verifyElementVisible(findTestObject(orPath_TaxPayer + "/input_firstName")): Object 'Object Repository/RAD_Pages/Taxpayer_Page/input_firstName' is visible

2023-09-26 18:07:00 - [MESSAGE][PASSED] - Object 'Object Repository/RAD_Pages/Taxpayer_Page/input_firstName' is visible

2023-09-26 18:07:00 - [TEST_STEP][PASSED] - verifyElementVisible(findTestObject(orPath_TaxPayer + "/input_middleName")): Object 'Object Repository/RAD_Pages/Taxpayer_Page/input_middleName' is visible

2023-09-26 18:07:01 - [MESSAGE][PASSED] - Object 'Object Repository/RAD_Pages/Taxpayer_Page/input_middleName' is visible

2023-09-26 18:07:01 - [TEST_STEP][PASSED] - verifyElementVisible(findTestObject(orPath_TaxPayer + "/input_lastName")): Object 'Object Repository/RAD_Pages/Taxpayer_Page/input_lastName' is visible

2023-09-26 18:07:01 - [MESSAGE][PASSED] - Object 'Object Repository/RAD_Pages/Taxpayer_Page/input_lastName' is visible

2023-09-26 18:07:01 - [TEST_STEP][PASSED] - verifyElementVisible(findTestObject(orPath_TaxPayer + "/input_suffix")): Object 'Object Repository/RAD_Pages/Taxpayer_Page/input_suffix' is visible

2023-09-26 18:07:01 - [MESSAGE][PASSED] - Object 'Object Repository/RAD_Pages/Taxpayer_Page/input_suffix' is visible

2023-09-26 18:07:01 - [TEST_STEP][PASSED] - verifyElementVisible(findTestObject("RAD_RecordAndPlay/input_concatSSN")): Object 'Object Repository/RAD_RecordAndPlay/input_concatSSN' is visible

2023-09-26 18:07:02 - [MESSAGE][PASSED] - Object 'Object Repository/RAD_RecordAndPlay/input_concatSSN' is visible

2023-09-26 18:07:02 - [TEST_STEP][PASSED] - verifyElementVisible(findTestObject("RAD_RecordAndPlay/input_concatReSSN")): Object 'Object Repository/RAD_RecordAndPlay/input_concatReSSN' is visible

2023-09-26 18:07:02 - [MESSAGE][PASSED] - Object 'Object Repository/RAD_RecordAndPlay/input_concatReSSN' is visible

2023-09-26 18:07:02 - [TEST_STEP][PASSED] - verifyElementVisible(findTestObject(orPath_FilingStatus + "/input_userType_Individual")): Object 'Object Repository/RAD_Pages/FilingStatus_Page/input_userType_Individual' is visible

2023-09-26 18:07:03 - [MESSAGE][PASSED] - Object 'Object Repository/RAD_Pages/FilingStatus_Page/input_userType_Individual' is visible

2023-09-26 18:07:03 - [TEST_STEP][PASSED] - verifyElementVisible(findTestObject(orPath_FilingStatus + "/input_userType_Joint")): Object 'Object Repository/RAD_Pages/FilingStatus_Page/input_userType_Joint' is visible

2023-09-26 18:07:03 - [MESSAGE][PASSED] - Object 'Object Repository/RAD_Pages/FilingStatus_Page/input_userType_Joint' is visible

2023-09-26 18:07:03 - [TEST_STEP][PASSED] - verifyElementNotVisible(findTestObject(orPath_TaxPayer + "/input_Note_businessName")): Object 'Object Repository/RAD_Pages/Taxpayer_Page/input_Note_businessName' is NOT visible

2023-09-26 18:07:03 - [MESSAGE][PASSED] - Object 'Object Repository/RAD_Pages/Taxpayer_Page/input_Note_businessName' is NOT visible

2023-09-26 18:07:03 - [TEST_STEP][PASSED] - verifyElementNotVisible(findTestObject(orPath_TaxInfo + "/input_FederalEIN")): Object 'Object Repository/RAD_Pages/TaxInfo_Page/input_FederalEIN' is NOT visible

2023-09-26 18:07:04 - [MESSAGE][PASSED] - Object 'Object Repository/RAD_Pages/TaxInfo_Page/input_FederalEIN' is NOT visible

2023-09-26 18:07:04 - [TEST_STEP][PASSED] - verifyElementNotVisible(findTestObject(orPath_TaxInfo + "/input_FederalEIN_ReEnter")): Object 'Object Repository/RAD_Pages/TaxInfo_Page/input_FederalEIN_ReEnter' is NOT visible

2023-09-26 18:07:04 - [MESSAGE][PASSED] - Object 'Object Repository/RAD_Pages/TaxInfo_Page/input_FederalEIN_ReEnter' is NOT visible

2023-09-26 18:07:04 - [TEST_STEP][PASSED] - verifyElementNotVisible(findTestObject(orPath_TaxTypeFilingYear + "/select_PeriodEnding")): Object 'Object Repository/RAD_Pages/TaxTypeFilingYear_Page/select_PeriodEnding' is NOT visible

2023-09-26 18:07:05 - [MESSAGE][PASSED] - Object 'Object Repository/RAD_Pages/TaxTypeFilingYear_Page/select_PeriodEnding' is NOT visible

2023-09-26 18:07:05 - [TEST_STEP][PASSED] - verifyElementNotVisible(findTestObject(orPath_TaxInfo + "/input_NoticeInvoiceNumber")): Object 'Object Repository/RAD_Pages/TaxInfo_Page/input_NoticeInvoiceNumber' is NOT visible

2023-09-26 18:07:05 - [MESSAGE][PASSED] - Object 'Object Repository/RAD_Pages/TaxInfo_Page/input_NoticeInvoiceNumber' is NOT visible

2023-09-26 18:07:05 - [TEST_STEP][PASSED] - verifyElementNotVisible(findTestObject(orPath_TaxInfo + "/input_reTypeNoticeInvoiceNumber")): Object 'Object Repository/RAD_Pages/TaxInfo_Page/input_reTypeNoticeInvoiceNumber' is NOT visible

2023-09-26 18:07:05 - [MESSAGE][PASSED] - Object 'Object Repository/RAD_Pages/TaxInfo_Page/input_reTypeNoticeInvoiceNumber' is NOT visible

2023-09-26 18:07:05 - [TEST_STEP][PASSED] - verifyElementNotVisible(findTestObject(orPath_TaxInfo + "/input_MDCRegistrationEL")): Object 'Object Repository/RAD_Pages/TaxInfo_Page/input_MDCRegistrationEL' is NOT visible

2023-09-26 18:07:06 - [MESSAGE][PASSED] - Object 'Object Repository/RAD_Pages/TaxInfo_Page/input_MDCRegistrationEL' is NOT visible

2023-09-26 18:07:06 - [TEST_STEP][PASSED] - selectOptionByLabel(findTestObject(orPath_TaxTypeFilingYear + "/select_PaymentType"), "Corporate Income Tax", false): All options with label 'Corporate Income Tax' are selected in object 'Object Repository/RAD_Pages/TaxTypeFilingYear_Page/select_PaymentType' 

2023-09-26 18:07:06 - [MESSAGE][PASSED] - All options with label 'Corporate Income Tax' are selected in object 'Object Repository/RAD_Pages/TaxTypeFilingYear_Page/select_PaymentType' 

2023-09-26 18:07:06 - [TEST_STEP][PASSED] - verifyElementPresent(findTestObject(orPath_TaxTypeFilingYear + "/select_PeriodEnding"), 30): Object 'Object Repository/RAD_Pages/TaxTypeFilingYear_Page/select_PeriodEnding' is present

2023-09-26 18:07:07 - [MESSAGE][PASSED] - Object 'Object Repository/RAD_Pages/TaxTypeFilingYear_Page/select_PeriodEnding' is present

2023-09-26 18:07:07 - [TEST_STEP][PASSED] - totalOptionsPeriodEnding = getNumberOfTotalOption(findTestObject(orPath_TaxTypeFilingYear + "/select_PeriodEnding")): 13 options of object 'Object Repository/RAD_Pages/TaxTypeFilingYear_Page/select_PeriodEnding' counted

2023-09-26 18:07:07 - [MESSAGE][PASSED] - 13 options of object 'Object Repository/RAD_Pages/TaxTypeFilingYear_Page/select_PeriodEnding' counted

2023-09-26 18:07:07 - [TEST_STEP][PASSED] - verifyEqual(totalOptionsPeriodEnding, 13): Actual object '13' and expected object '13' are equal

2023-09-26 18:07:07 - [MESSAGE][PASSED] - Actual object '13' and expected object '13' are equal

2023-09-26 18:07:07 - [TEST_STEP][PASSED] - verifyOptionsPresent(findTestObject(orPath_TaxTypeFilingYear + "/select_PeriodEnding"), ["Month", "January", "February", "March", "April", "May", "June"]): Options [Month, January, February, March, April, May, June] present.

2023-09-26 18:07:08 - [MESSAGE][PASSED] - Options [Month, January, February, March, April, May, June] present.

2023-09-26 18:07:08 - [TEST_STEP][PASSED] - verifyOptionsPresent(findTestObject(orPath_TaxTypeFilingYear + "/select_PeriodEnding"), ["July", "August", "September", "October", "November", "December"]): Options [July, August, September, October, November, December] present.

2023-09-26 18:07:09 - [MESSAGE][PASSED] - Options [July, August, September, October, November, December] present.

2023-09-26 18:07:09 - [TEST_STEP][PASSED] - verifyElementVisible(findTestObject(orPath_TaxPayer + "/input_Note_businessName")): Object 'Object Repository/RAD_Pages/Taxpayer_Page/input_Note_businessName' is visible

2023-09-26 18:07:09 - [MESSAGE][PASSED] - Object 'Object Repository/RAD_Pages/Taxpayer_Page/input_Note_businessName' is visible

2023-09-26 18:07:09 - [TEST_STEP][PASSED] - verifyElementVisible(findTestObject(orPath_TaxPayer + "/input_BusinessRepfirstName")): Object 'Object Repository/RAD_Pages/Taxpayer_Page/input_BusinessRepfirstName' is visible

2023-09-26 18:07:10 - [MESSAGE][PASSED] - Object 'Object Repository/RAD_Pages/Taxpayer_Page/input_BusinessRepfirstName' is visible

2023-09-26 18:07:10 - [TEST_STEP][PASSED] - verifyElementVisible(findTestObject(orPath_TaxPayer + "/input_BusinessRepmiddleName")): Object 'Object Repository/RAD_Pages/Taxpayer_Page/input_BusinessRepmiddleName' is visible

2023-09-26 18:07:10 - [MESSAGE][PASSED] - Object 'Object Repository/RAD_Pages/Taxpayer_Page/input_BusinessRepmiddleName' is visible

2023-09-26 18:07:10 - [TEST_STEP][PASSED] - verifyElementVisible(findTestObject(orPath_TaxPayer + "/input_BusinessReplastName")): Object 'Object Repository/RAD_Pages/Taxpayer_Page/input_BusinessReplastName' is visible

2023-09-26 18:07:10 - [MESSAGE][PASSED] - Object 'Object Repository/RAD_Pages/Taxpayer_Page/input_BusinessReplastName' is visible

2023-09-26 18:07:10 - [TEST_STEP][PASSED] - verifyElementVisible(findTestObject(orPath_TaxPayer + "/input_BusinessRepsuffix")): Object 'Object Repository/RAD_Pages/Taxpayer_Page/input_BusinessRepsuffix' is visible

2023-09-26 18:07:11 - [MESSAGE][PASSED] - Object 'Object Repository/RAD_Pages/Taxpayer_Page/input_BusinessRepsuffix' is visible

2023-09-26 18:07:11 - [TEST_STEP][PASSED] - verifyElementVisible(findTestObject(orPath_TaxInfo + "/input_FederalEIN")): Object 'Object Repository/RAD_Pages/TaxInfo_Page/input_FederalEIN' is visible

2023-09-26 18:07:11 - [MESSAGE][PASSED] - Object 'Object Repository/RAD_Pages/TaxInfo_Page/input_FederalEIN' is visible

2023-09-26 18:07:11 - [TEST_STEP][PASSED] - verifyElementVisible(findTestObject(orPath_TaxInfo + "/input_FederalEIN_ReEnter")): Object 'Object Repository/RAD_Pages/TaxInfo_Page/input_FederalEIN_ReEnter' is visible

2023-09-26 18:07:12 - [MESSAGE][PASSED] - Object 'Object Repository/RAD_Pages/TaxInfo_Page/input_FederalEIN_ReEnter' is visible

2023-09-26 18:07:12 - [TEST_STEP][PASSED] - verifyElementNotVisible(findTestObject(orPath_TaxPayer + "/input_firstName")): Object 'Object Repository/RAD_Pages/Taxpayer_Page/input_firstName' is NOT visible

2023-09-26 18:07:12 - [MESSAGE][PASSED] - Object 'Object Repository/RAD_Pages/Taxpayer_Page/input_firstName' is NOT visible

2023-09-26 18:07:12 - [TEST_STEP][PASSED] - verifyElementNotVisible(findTestObject(orPath_TaxPayer + "/input_middleName")): Object 'Object Repository/RAD_Pages/Taxpayer_Page/input_middleName' is NOT visible

2023-09-26 18:07:12 - [MESSAGE][PASSED] - Object 'Object Repository/RAD_Pages/Taxpayer_Page/input_middleName' is NOT visible

2023-09-26 18:07:12 - [TEST_STEP][PASSED] - verifyElementNotVisible(findTestObject(orPath_TaxPayer + "/input_lastName")): Object 'Object Repository/RAD_Pages/Taxpayer_Page/input_lastName' is NOT visible

2023-09-26 18:07:13 - [MESSAGE][PASSED] - Object 'Object Repository/RAD_Pages/Taxpayer_Page/input_lastName' is NOT visible

2023-09-26 18:07:13 - [TEST_STEP][PASSED] - verifyElementNotVisible(findTestObject(orPath_TaxPayer + "/input_suffix")): Object 'Object Repository/RAD_Pages/Taxpayer_Page/input_suffix' is NOT visible

2023-09-26 18:07:13 - [MESSAGE][PASSED] - Object 'Object Repository/RAD_Pages/Taxpayer_Page/input_suffix' is NOT visible

2023-09-26 18:07:13 - [TEST_STEP][PASSED] - verifyElementNotVisible(findTestObject("RAD_RecordAndPlay/input_concatSSN")): Object 'Object Repository/RAD_RecordAndPlay/input_concatSSN' is NOT visible

2023-09-26 18:07:13 - [MESSAGE][PASSED] - Object 'Object Repository/RAD_RecordAndPlay/input_concatSSN' is NOT visible

2023-09-26 18:07:13 - [TEST_STEP][PASSED] - verifyElementNotVisible(findTestObject("RAD_RecordAndPlay/input_concatReSSN")): Object 'Object Repository/RAD_RecordAndPlay/input_concatReSSN' is NOT visible

2023-09-26 18:07:14 - [MESSAGE][PASSED] - Object 'Object Repository/RAD_RecordAndPlay/input_concatReSSN' is NOT visible

2023-09-26 18:07:14 - [TEST_STEP][PASSED] - verifyElementNotVisible(findTestObject(orPath_FilingStatus + "/input_userType_Individual")): Object 'Object Repository/RAD_Pages/FilingStatus_Page/input_userType_Individual' is NOT visible

2023-09-26 18:07:14 - [MESSAGE][PASSED] - Object 'Object Repository/RAD_Pages/FilingStatus_Page/input_userType_Individual' is NOT visible

2023-09-26 18:07:14 - [TEST_STEP][PASSED] - verifyElementNotVisible(findTestObject(orPath_FilingStatus + "/input_userType_Joint")): Object 'Object Repository/RAD_Pages/FilingStatus_Page/input_userType_Joint' is NOT visible

2023-09-26 18:07:15 - [MESSAGE][PASSED] - Object 'Object Repository/RAD_Pages/FilingStatus_Page/input_userType_Joint' is NOT visible

2023-09-26 18:07:15 - [TEST_STEP][PASSED] - verifyElementNotVisible(findTestObject(orPath_TaxInfo + "/input_NoticeInvoiceNumber")): Object 'Object Repository/RAD_Pages/TaxInfo_Page/input_NoticeInvoiceNumber' is NOT visible

2023-09-26 18:07:15 - [MESSAGE][PASSED] - Object 'Object Repository/RAD_Pages/TaxInfo_Page/input_NoticeInvoiceNumber' is NOT visible

2023-09-26 18:07:15 - [TEST_STEP][PASSED] - verifyElementNotVisible(findTestObject(orPath_TaxInfo + "/input_reTypeNoticeInvoiceNumber")): Object 'Object Repository/RAD_Pages/TaxInfo_Page/input_reTypeNoticeInvoiceNumber' is NOT visible

2023-09-26 18:07:15 - [MESSAGE][PASSED] - Object 'Object Repository/RAD_Pages/TaxInfo_Page/input_reTypeNoticeInvoiceNumber' is NOT visible

2023-09-26 18:07:15 - [TEST_STEP][PASSED] - verifyElementNotVisible(findTestObject(orPath_TaxInfo + "/input_MDCRegistrationEL")): Object 'Object Repository/RAD_Pages/TaxInfo_Page/input_MDCRegistrationEL' is NOT visible

2023-09-26 18:07:16 - [MESSAGE][PASSED] - Object 'Object Repository/RAD_Pages/TaxInfo_Page/input_MDCRegistrationEL' is NOT visible]]></system-out>
         <system-err><![CDATA[]]></system-err>
      </testcase>
      <testcase name="Test Cases/RAD_TestCases/UI_TestCases/Extension/Extension_Fiduciary_UI_TC" time="26.89" classname="Test Cases/RAD_TestCases/UI_TestCases/Extension/Extension_Fiduciary_UI_TC" status="PASSED">
         <system-out><![CDATA[2023-09-26 18:07:16 - [TEST_CASE][PASSED] - Test Cases/RAD_TestCases/UI_TestCases/Extension/Extension_Fiduciary_UI_TC: Test Cases/RAD_TestCases/UI_TestCases/Extension/Extension_Fiduciary_UI_TC

2023-09-26 18:07:16 - [TEST_STEP][PASSED] - openBrowser(""): Browser is opened with url: ''

2023-09-26 18:07:16 - [MESSAGE][WARNING] - A browser is already opened. Closing browser and opening a new one

2023-09-26 18:07:17 - [MESSAGE][INFO] - Starting 'Chrome' driver

2023-09-26 18:07:17 - [MESSAGE][INFO] - User set preference: ['acceptInsecureCerts', 'true']

2023-09-26 18:07:17 - [MESSAGE][INFO] - Action delay is set to 0 milliseconds

2023-09-26 18:07:18 - [MESSAGE][PASSED] - Browser is opened with url: ''

2023-09-26 18:07:18 - [TEST_STEP][PASSED] - maximizeWindow(): Current window maximized

2023-09-26 18:07:18 - [MESSAGE][PASSED] - Current window maximized

2023-09-26 18:07:18 - [TEST_STEP][PASSED] - navigateToUrl(RADurl): Navigate to 'https://qa2.velocitypayment.com/client/rad/index.html' successfully

2023-09-26 18:07:20 - [MESSAGE][PASSED] - Navigate to 'https://qa2.velocitypayment.com/client/rad/index.html' successfully

2023-09-26 18:07:20 - [TEST_STEP][PASSED] - orPath_Landing = "Object Repository/RAD_Pages/Landing_Page": null

2023-09-26 18:07:20 - [TEST_STEP][PASSED] - orPath_TaxTypeFilingYear = "Object Repository/RAD_Pages/TaxTypeFilingYear_Page": null

2023-09-26 18:07:20 - [TEST_STEP][PASSED] - orPath_TaxPayer = "Object Repository/RAD_Pages/Taxpayer_Page": null

2023-09-26 18:07:20 - [TEST_STEP][PASSED] - orPath_AddressContact = "Object Repository/RAD_Pages/AddressAndContactInfo_Page": null

2023-09-26 18:07:20 - [TEST_STEP][PASSED] - orPath_FilingStatus = "Object Repository/RAD_Pages/FilingStatus_Page": null

2023-09-26 18:07:20 - [TEST_STEP][PASSED] - orPath_Amount = "Object Repository/RAD_Pages/PaymentAmount_Page": null

2023-09-26 18:07:20 - [TEST_STEP][PASSED] - orPath_TaxInfo = "Object Repository/RAD_Pages/TaxInfo_Page": null

2023-09-26 18:07:20 - [TEST_STEP][PASSED] - verifyTextPresent("Payment Type/Filing Year", true): Text 'Payment Type/Filing Year' is present on page  using regular expression

2023-09-26 18:07:20 - [MESSAGE][PASSED] - Text 'Payment Type/Filing Year' is present on page  using regular expression

2023-09-26 18:07:20 - [TEST_STEP][PASSED] - selectOptionByLabel(findTestObject(orPath_Landing + "/dd_TaxType"), "Extension Payments", false): All options with label 'Extension Payments' are selected in object 'Object Repository/RAD_Pages/Landing_Page/dd_TaxType' 

2023-09-26 18:07:21 - [MESSAGE][PASSED] - All options with label 'Extension Payments' are selected in object 'Object Repository/RAD_Pages/Landing_Page/dd_TaxType' 

2023-09-26 18:07:21 - [TEST_STEP][PASSED] - selectOptionByLabel(findTestObject(orPath_TaxTypeFilingYear + "/select_PaymentType"), "Fiduciary Tax", false): All options with label 'Fiduciary Tax' are selected in object 'Object Repository/RAD_Pages/TaxTypeFilingYear_Page/select_PaymentType' 

2023-09-26 18:07:22 - [MESSAGE][PASSED] - All options with label 'Fiduciary Tax' are selected in object 'Object Repository/RAD_Pages/TaxTypeFilingYear_Page/select_PaymentType' 

2023-09-26 18:07:22 - [TEST_STEP][PASSED] - verifyElementPresent(findTestObject(orPath_TaxTypeFilingYear + "/select_FilingYear"), 30): Object 'Object Repository/RAD_Pages/TaxTypeFilingYear_Page/select_FilingYear' is present

2023-09-26 18:07:22 - [MESSAGE][PASSED] - Object 'Object Repository/RAD_Pages/TaxTypeFilingYear_Page/select_FilingYear' is present

2023-09-26 18:07:22 - [TEST_STEP][PASSED] - verifyElementVisible(findTestObject(orPath_TaxTypeFilingYear + "/select_FilingYear")): Object 'Object Repository/RAD_Pages/TaxTypeFilingYear_Page/select_FilingYear' is visible

2023-09-26 18:07:23 - [MESSAGE][PASSED] - Object 'Object Repository/RAD_Pages/TaxTypeFilingYear_Page/select_FilingYear' is visible

2023-09-26 18:07:23 - [TEST_STEP][PASSED] - totalOptionsFilingYear = getNumberOfTotalOption(findTestObject(orPath_TaxTypeFilingYear + "/select_FilingYear")): 1 options of object 'Object Repository/RAD_Pages/TaxTypeFilingYear_Page/select_FilingYear' counted

2023-09-26 18:07:23 - [MESSAGE][PASSED] - 1 options of object 'Object Repository/RAD_Pages/TaxTypeFilingYear_Page/select_FilingYear' counted

2023-09-26 18:07:23 - [TEST_STEP][PASSED] - verifyEqual(totalOptionsFilingYear, 1): Actual object '1' and expected object '1' are equal

2023-09-26 18:07:23 - [MESSAGE][PASSED] - Actual object '1' and expected object '1' are equal

2023-09-26 18:07:23 - [TEST_STEP][PASSED] - verifyOptionsPresent(findTestObject(orPath_TaxTypeFilingYear + "/select_FilingYear"), ["2022"]): Options [2022] present.

2023-09-26 18:07:24 - [MESSAGE][PASSED] - Options [2022] present.

2023-09-26 18:07:24 - [TEST_STEP][PASSED] - verifyElementNotVisible(findTestObject(orPath_TaxTypeFilingYear + "/select_PeriodEnding")): Object 'Object Repository/RAD_Pages/TaxTypeFilingYear_Page/select_PeriodEnding' is NOT visible

2023-09-26 18:07:24 - [MESSAGE][PASSED] - Object 'Object Repository/RAD_Pages/TaxTypeFilingYear_Page/select_PeriodEnding' is NOT visible

2023-09-26 18:07:24 - [TEST_STEP][PASSED] - verifyTextPresent("Taxpayer", true): Text 'Taxpayer' is present on page  using regular expression

2023-09-26 18:07:25 - [MESSAGE][PASSED] - Text 'Taxpayer' is present on page  using regular expression

2023-09-26 18:07:25 - [TEST_STEP][PASSED] - verifyTextPresent("Provide the following taxpayer information", true): Text 'Provide the following taxpayer information' is present on page  using regular expression

2023-09-26 18:07:25 - [MESSAGE][PASSED] - Text 'Provide the following taxpayer information' is present on page  using regular expression

2023-09-26 18:07:25 - [TEST_STEP][PASSED] - verifyTextPresent("Note: If you are paying on behalf of the Taxpayer, enter Taxpayer", true): Text 'Note: If you are paying on behalf of the Taxpayer, enter Taxpayer' is present on page  using regular expression

2023-09-26 18:07:25 - [MESSAGE][PASSED] - Text 'Note: If you are paying on behalf of the Taxpayer, enter Taxpayer' is present on page  using regular expression

2023-09-26 18:07:25 - [TEST_STEP][PASSED] - verifyTextPresent("information here. If you are making a payment for the Taxpayer, you will be required later to enter your own credit card, billing address and other pertinent information", true): Text 'information here. If you are making a payment for the Taxpayer, you will be required later to enter your own credit card, billing address and other pertinent information' is present on page  using regular expression

2023-09-26 18:07:26 - [MESSAGE][PASSED] - Text 'information here. If you are making a payment for the Taxpayer, you will be required later to enter your own credit card, billing address and other pertinent information' is present on page  using regular expression

2023-09-26 18:07:26 - [TEST_STEP][PASSED] - verifyElementVisible(findTestObject(orPath_TaxPayer + "/input_Note_businessName")): Object 'Object Repository/RAD_Pages/Taxpayer_Page/input_Note_businessName' is visible

2023-09-26 18:07:26 - [MESSAGE][PASSED] - Object 'Object Repository/RAD_Pages/Taxpayer_Page/input_Note_businessName' is visible

2023-09-26 18:07:26 - [TEST_STEP][PASSED] - verifyElementVisible(findTestObject(orPath_TaxPayer + "/input_BusinessRepfirstName")): Object 'Object Repository/RAD_Pages/Taxpayer_Page/input_BusinessRepfirstName' is visible

2023-09-26 18:07:26 - [MESSAGE][PASSED] - Object 'Object Repository/RAD_Pages/Taxpayer_Page/input_BusinessRepfirstName' is visible

2023-09-26 18:07:26 - [TEST_STEP][PASSED] - verifyElementVisible(findTestObject(orPath_TaxPayer + "/input_BusinessRepmiddleName")): Object 'Object Repository/RAD_Pages/Taxpayer_Page/input_BusinessRepmiddleName' is visible

2023-09-26 18:07:27 - [MESSAGE][PASSED] - Object 'Object Repository/RAD_Pages/Taxpayer_Page/input_BusinessRepmiddleName' is visible

2023-09-26 18:07:27 - [TEST_STEP][PASSED] - verifyElementVisible(findTestObject(orPath_TaxPayer + "/input_BusinessReplastName")): Object 'Object Repository/RAD_Pages/Taxpayer_Page/input_BusinessReplastName' is visible

2023-09-26 18:07:27 - [MESSAGE][PASSED] - Object 'Object Repository/RAD_Pages/Taxpayer_Page/input_BusinessReplastName' is visible

2023-09-26 18:07:27 - [TEST_STEP][PASSED] - verifyElementVisible(findTestObject(orPath_TaxPayer + "/input_BusinessRepsuffix")): Object 'Object Repository/RAD_Pages/Taxpayer_Page/input_BusinessRepsuffix' is visible

2023-09-26 18:07:27 - [MESSAGE][PASSED] - Object 'Object Repository/RAD_Pages/Taxpayer_Page/input_BusinessRepsuffix' is visible

2023-09-26 18:07:27 - [TEST_STEP][PASSED] - verifyElementNotVisible(findTestObject(orPath_TaxPayer + "/input_firstName")): Object 'Object Repository/RAD_Pages/Taxpayer_Page/input_firstName' is NOT visible

2023-09-26 18:07:28 - [MESSAGE][PASSED] - Object 'Object Repository/RAD_Pages/Taxpayer_Page/input_firstName' is NOT visible

2023-09-26 18:07:28 - [TEST_STEP][PASSED] - verifyElementNotVisible(findTestObject(orPath_TaxPayer + "/input_middleName")): Object 'Object Repository/RAD_Pages/Taxpayer_Page/input_middleName' is NOT visible

2023-09-26 18:07:28 - [MESSAGE][PASSED] - Object 'Object Repository/RAD_Pages/Taxpayer_Page/input_middleName' is NOT visible

2023-09-26 18:07:28 - [TEST_STEP][PASSED] - verifyElementNotVisible(findTestObject(orPath_TaxPayer + "/input_lastName")): Object 'Object Repository/RAD_Pages/Taxpayer_Page/input_lastName' is NOT visible

2023-09-26 18:07:28 - [MESSAGE][PASSED] - Object 'Object Repository/RAD_Pages/Taxpayer_Page/input_lastName' is NOT visible

2023-09-26 18:07:28 - [TEST_STEP][PASSED] - verifyElementNotVisible(findTestObject(orPath_TaxPayer + "/input_suffix")): Object 'Object Repository/RAD_Pages/Taxpayer_Page/input_suffix' is NOT visible

2023-09-26 18:07:29 - [MESSAGE][PASSED] - Object 'Object Repository/RAD_Pages/Taxpayer_Page/input_suffix' is NOT visible

2023-09-26 18:07:29 - [TEST_STEP][PASSED] - verifyElementNotVisible(findTestObject("RAD_RecordAndPlay/input_concatSSN")): Object 'Object Repository/RAD_RecordAndPlay/input_concatSSN' is NOT visible

2023-09-26 18:07:29 - [MESSAGE][PASSED] - Object 'Object Repository/RAD_RecordAndPlay/input_concatSSN' is NOT visible

2023-09-26 18:07:29 - [TEST_STEP][PASSED] - verifyElementNotVisible(findTestObject("RAD_RecordAndPlay/input_concatReSSN")): Object 'Object Repository/RAD_RecordAndPlay/input_concatReSSN' is NOT visible

2023-09-26 18:07:30 - [MESSAGE][PASSED] - Object 'Object Repository/RAD_RecordAndPlay/input_concatReSSN' is NOT visible

2023-09-26 18:07:30 - [TEST_STEP][PASSED] - verifyTextPresent("Address and Contact Information", true): Text 'Address and Contact Information' is present on page  using regular expression

2023-09-26 18:07:30 - [MESSAGE][PASSED] - Text 'Address and Contact Information' is present on page  using regular expression

2023-09-26 18:07:30 - [TEST_STEP][PASSED] - verifyTextPresent("Enter the taxpayer", true): Text 'Enter the taxpayer' is present on page  using regular expression

2023-09-26 18:07:31 - [MESSAGE][PASSED] - Text 'Enter the taxpayer' is present on page  using regular expression

2023-09-26 18:07:31 - [TEST_STEP][PASSED] - verifyTextPresent("address and contact information", true): Text 'address and contact information' is present on page  using regular expression

2023-09-26 18:07:31 - [MESSAGE][PASSED] - Text 'address and contact information' is present on page  using regular expression

2023-09-26 18:07:31 - [TEST_STEP][PASSED] - verifyElementPresent(findTestObject(orPath_AddressContact + "/select_Country"), 30): Object 'Object Repository/RAD_Pages/AddressAndContactInfo_Page/select_Country' is present

2023-09-26 18:07:31 - [MESSAGE][PASSED] - Object 'Object Repository/RAD_Pages/AddressAndContactInfo_Page/select_Country' is present

2023-09-26 18:07:31 - [TEST_STEP][PASSED] - verifyElementPresent(findTestObject(orPath_AddressContact + "/input_streetAddress1"), 30): Object 'Object Repository/RAD_Pages/AddressAndContactInfo_Page/input_streetAddress1' is present

2023-09-26 18:07:32 - [MESSAGE][PASSED] - Object 'Object Repository/RAD_Pages/AddressAndContactInfo_Page/input_streetAddress1' is present

2023-09-26 18:07:32 - [TEST_STEP][PASSED] - verifyElementPresent(findTestObject(orPath_AddressContact + "/input_streetAddress2"), 30): Object 'Object Repository/RAD_Pages/AddressAndContactInfo_Page/input_streetAddress2' is present

2023-09-26 18:07:32 - [MESSAGE][PASSED] - Object 'Object Repository/RAD_Pages/AddressAndContactInfo_Page/input_streetAddress2' is present

2023-09-26 18:07:32 - [TEST_STEP][PASSED] - verifyElementPresent(findTestObject(orPath_AddressContact + "/input_city"), 30): Object 'Object Repository/RAD_Pages/AddressAndContactInfo_Page/input_city' is present

2023-09-26 18:07:32 - [MESSAGE][PASSED] - Object 'Object Repository/RAD_Pages/AddressAndContactInfo_Page/input_city' is present

2023-09-26 18:07:32 - [TEST_STEP][PASSED] - verifyElementPresent(findTestObject(orPath_AddressContact + "/select_State"), 30): Object 'Object Repository/RAD_Pages/AddressAndContactInfo_Page/select_State' is present

2023-09-26 18:07:33 - [MESSAGE][PASSED] - Object 'Object Repository/RAD_Pages/AddressAndContactInfo_Page/select_State' is present

2023-09-26 18:07:33 - [TEST_STEP][PASSED] - verifyElementPresent(findTestObject(orPath_AddressContact + "/input_zipCode"), 30): Object 'Object Repository/RAD_Pages/AddressAndContactInfo_Page/input_zipCode' is present

2023-09-26 18:07:33 - [MESSAGE][PASSED] - Object 'Object Repository/RAD_Pages/AddressAndContactInfo_Page/input_zipCode' is present

2023-09-26 18:07:33 - [TEST_STEP][PASSED] - verifyElementPresent(findTestObject(orPath_AddressContact + "/input_phoneNumber"), 30): Object 'Object Repository/RAD_Pages/AddressAndContactInfo_Page/input_phoneNumber' is present

2023-09-26 18:07:33 - [MESSAGE][PASSED] - Object 'Object Repository/RAD_Pages/AddressAndContactInfo_Page/input_phoneNumber' is present

2023-09-26 18:07:33 - [TEST_STEP][PASSED] - verifyElementPresent(findTestObject(orPath_AddressContact + "/input_eMailAddress"), 30): Object 'Object Repository/RAD_Pages/AddressAndContactInfo_Page/input_eMailAddress' is present

2023-09-26 18:07:34 - [MESSAGE][PASSED] - Object 'Object Repository/RAD_Pages/AddressAndContactInfo_Page/input_eMailAddress' is present

2023-09-26 18:07:34 - [TEST_STEP][PASSED] - verifyElementPresent(findTestObject(orPath_AddressContact + "/input_reEnterEMailAddress"), 30): Object 'Object Repository/RAD_Pages/AddressAndContactInfo_Page/input_reEnterEMailAddress' is present

2023-09-26 18:07:34 - [MESSAGE][PASSED] - Object 'Object Repository/RAD_Pages/AddressAndContactInfo_Page/input_reEnterEMailAddress' is present

2023-09-26 18:07:34 - [TEST_STEP][PASSED] - verifyOptionsPresent(findTestObject(orPath_AddressContact + "/select_Country"), ["United States"]): Options [United States] present.

2023-09-26 18:07:35 - [MESSAGE][PASSED] - Options [United States] present.

2023-09-26 18:07:35 - [TEST_STEP][PASSED] - verifyOptionsPresent(findTestObject(orPath_AddressContact + "/select_State"), ["Alabama", "District of Columbia", "Maryland", "Virginia", "Wyoming"]): Options [Alabama, District of Columbia, Maryland, Virginia, Wyoming] present.

2023-09-26 18:07:36 - [MESSAGE][PASSED] - Options [Alabama, District of Columbia, Maryland, Virginia, Wyoming] present.

2023-09-26 18:07:36 - [TEST_STEP][PASSED] - totalOptionsState = getNumberOfTotalOption(findTestObject(orPath_AddressContact + "/select_State")): 52 options of object 'Object Repository/RAD_Pages/AddressAndContactInfo_Page/select_State' counted

2023-09-26 18:07:36 - [MESSAGE][PASSED] - 52 options of object 'Object Repository/RAD_Pages/AddressAndContactInfo_Page/select_State' counted

2023-09-26 18:07:36 - [TEST_STEP][PASSED] - verifyEqual(totalOptionsState, 52): Actual object '52' and expected object '52' are equal

2023-09-26 18:07:36 - [MESSAGE][PASSED] - Actual object '52' and expected object '52' are equal

2023-09-26 18:07:36 - [TEST_STEP][PASSED] - verifyTextPresent("Tax Information", true): Text 'Tax Information' is present on page  using regular expression

2023-09-26 18:07:37 - [MESSAGE][PASSED] - Text 'Tax Information' is present on page  using regular expression

2023-09-26 18:07:37 - [TEST_STEP][PASSED] - verifyElementVisible(findTestObject(orPath_TaxInfo + "/input_FederalEIN-2")): Object 'Object Repository/RAD_Pages/TaxInfo_Page/input_FederalEIN-2' is visible

2023-09-26 18:07:37 - [MESSAGE][PASSED] - Object 'Object Repository/RAD_Pages/TaxInfo_Page/input_FederalEIN-2' is visible

2023-09-26 18:07:37 - [TEST_STEP][PASSED] - verifyElementVisible(findTestObject(orPath_TaxInfo + "/input_FederalEIN_ReEnter-2")): Object 'Object Repository/RAD_Pages/TaxInfo_Page/input_FederalEIN_ReEnter-2' is visible

2023-09-26 18:07:38 - [MESSAGE][PASSED] - Object 'Object Repository/RAD_Pages/TaxInfo_Page/input_FederalEIN_ReEnter-2' is visible

2023-09-26 18:07:38 - [TEST_STEP][PASSED] - verifyElementNotVisible(findTestObject(orPath_FilingStatus + "/input_userType_Individual")): Object 'Object Repository/RAD_Pages/FilingStatus_Page/input_userType_Individual' is NOT visible

2023-09-26 18:07:38 - [MESSAGE][PASSED] - Object 'Object Repository/RAD_Pages/FilingStatus_Page/input_userType_Individual' is NOT visible

2023-09-26 18:07:38 - [TEST_STEP][PASSED] - verifyElementNotVisible(findTestObject(orPath_FilingStatus + "/input_userType_Joint")): Object 'Object Repository/RAD_Pages/FilingStatus_Page/input_userType_Joint' is NOT visible

2023-09-26 18:07:39 - [MESSAGE][PASSED] - Object 'Object Repository/RAD_Pages/FilingStatus_Page/input_userType_Joint' is NOT visible

2023-09-26 18:07:39 - [TEST_STEP][PASSED] - verifyElementNotVisible(findTestObject(orPath_TaxInfo + "/input_NoticeInvoiceNumber")): Object 'Object Repository/RAD_Pages/TaxInfo_Page/input_NoticeInvoiceNumber' is NOT visible

2023-09-26 18:07:39 - [MESSAGE][PASSED] - Object 'Object Repository/RAD_Pages/TaxInfo_Page/input_NoticeInvoiceNumber' is NOT visible

2023-09-26 18:07:39 - [TEST_STEP][PASSED] - verifyElementNotVisible(findTestObject(orPath_TaxInfo + "/input_reTypeNoticeInvoiceNumber")): Object 'Object Repository/RAD_Pages/TaxInfo_Page/input_reTypeNoticeInvoiceNumber' is NOT visible

2023-09-26 18:07:39 - [MESSAGE][PASSED] - Object 'Object Repository/RAD_Pages/TaxInfo_Page/input_reTypeNoticeInvoiceNumber' is NOT visible

2023-09-26 18:07:39 - [TEST_STEP][PASSED] - verifyElementNotVisible(findTestObject(orPath_TaxInfo + "/input_MDCRegistrationEL")): Object 'Object Repository/RAD_Pages/TaxInfo_Page/input_MDCRegistrationEL' is NOT visible

2023-09-26 18:07:40 - [MESSAGE][PASSED] - Object 'Object Repository/RAD_Pages/TaxInfo_Page/input_MDCRegistrationEL' is NOT visible

2023-09-26 18:07:40 - [TEST_STEP][PASSED] - verifyElementNotVisible(findTestObject(orPath_FilingStatus + "/input_userType_Individual")): Object 'Object Repository/RAD_Pages/FilingStatus_Page/input_userType_Individual' is NOT visible

2023-09-26 18:07:40 - [MESSAGE][PASSED] - Object 'Object Repository/RAD_Pages/FilingStatus_Page/input_userType_Individual' is NOT visible

2023-09-26 18:07:40 - [TEST_STEP][PASSED] - verifyElementNotVisible(findTestObject(orPath_FilingStatus + "/input_userType_Joint")): Object 'Object Repository/RAD_Pages/FilingStatus_Page/input_userType_Joint' is NOT visible

2023-09-26 18:07:40 - [MESSAGE][PASSED] - Object 'Object Repository/RAD_Pages/FilingStatus_Page/input_userType_Joint' is NOT visible

2023-09-26 18:07:40 - [TEST_STEP][PASSED] - verifyTextPresent("Payment Amount", true): Text 'Payment Amount' is present on page  using regular expression

2023-09-26 18:07:41 - [MESSAGE][PASSED] - Text 'Payment Amount' is present on page  using regular expression

2023-09-26 18:07:41 - [TEST_STEP][PASSED] - verifyElementPresent(findTestObject(orPath_Amount + "/input__paymentAmount"), 30): Object 'Object Repository/RAD_Pages/PaymentAmount_Page/input__paymentAmount' is present

2023-09-26 18:07:41 - [MESSAGE][PASSED] - Object 'Object Repository/RAD_Pages/PaymentAmount_Page/input__paymentAmount' is present

2023-09-26 18:07:41 - [TEST_STEP][PASSED] - verifyElementVisible(findTestObject(orPath_Amount + "/input__paymentAmount")): Object 'Object Repository/RAD_Pages/PaymentAmount_Page/input__paymentAmount' is visible

2023-09-26 18:07:41 - [MESSAGE][PASSED] - Object 'Object Repository/RAD_Pages/PaymentAmount_Page/input__paymentAmount' is visible

2023-09-26 18:07:41 - [TEST_STEP][PASSED] - verifyTextPresent("Service Fee: This electronic government service includes a service/convenience fee. Click here for details", true): Text 'Service Fee: This electronic government service includes a service/convenience fee. Click here for details' is present on page  using regular expression

2023-09-26 18:07:42 - [MESSAGE][PASSED] - Text 'Service Fee: This electronic government service includes a service/convenience fee. Click here for details' is present on page  using regular expression

2023-09-26 18:07:42 - [TEST_STEP][PASSED] - verifyElementPresent(findTestObject(orPath_Amount + "/a_Click here for details"), 30): Object 'Object Repository/RAD_Pages/PaymentAmount_Page/a_Click here for details' is present

2023-09-26 18:07:42 - [MESSAGE][PASSED] - Object 'Object Repository/RAD_Pages/PaymentAmount_Page/a_Click here for details' is present

2023-09-26 18:07:42 - [TEST_STEP][PASSED] - verifyElementPresent(findTestObject(orPath_Landing + "/button_Continue"), 30): Object 'Object Repository/RAD_Pages/Landing_Page/button_Continue' is present

2023-09-26 18:07:42 - [MESSAGE][PASSED] - Object 'Object Repository/RAD_Pages/Landing_Page/button_Continue' is present]]></system-out>
         <system-err><![CDATA[]]></system-err>
      </testcase>
      <testcase name="Test Cases/RAD_TestCases/UI_TestCases/Extension/Extension_PTENonElectingNonSCorp_UI_TC" time="27.329" classname="Test Cases/RAD_TestCases/UI_TestCases/Extension/Extension_PTENonElectingNonSCorp_UI_TC" status="FAILED">
         <failure type="FAILED" message="Test Cases/RAD_TestCases/UI_TestCases/Extension/Extension_PTENonElectingNonSCorp_UI_TC FAILED.
Reason:
com.kms.katalon.core.exception.StepFailedException: Object 'Object Repository/RAD_Pages/TaxInfo_Page/input_FederalEIN-2' is NOT visible (Root cause: com.kms.katalon.core.exception.StepFailedException: Object 'Object Repository/RAD_Pages/TaxInfo_Page/input_FederalEIN-2' is NOT visible
	at com.kms.katalon.core.webui.keyword.internal.WebUIKeywordMain.stepFailed(WebUIKeywordMain.groovy:64)
	at com.kms.katalon.core.webui.keyword.builtin.VerifyElementVisibleKeyword$_verifyElementVisible_closure1.doCall(VerifyElementVisibleKeyword.groovy:83)
	at com.kms.katalon.core.webui.keyword.builtin.VerifyElementVisibleKeyword$_verifyElementVisible_closure1.call(VerifyElementVisibleKeyword.groovy)
	at com.kms.katalon.core.webui.keyword.internal.WebUIKeywordMain.runKeyword(WebUIKeywordMain.groovy:20)
	at com.kms.katalon.core.webui.keyword.builtin.VerifyElementVisibleKeyword.verifyElementVisible(VerifyElementVisibleKeyword.groovy:97)
	at com.kms.katalon.core.webui.keyword.builtin.VerifyElementVisibleKeyword.execute(VerifyElementVisibleKeyword.groovy:67)
	at com.kms.katalon.core.keyword.internal.KeywordExecutor.executeKeywordForPlatform(KeywordExecutor.groovy:74)
	at com.kms.katalon.core.webui.keyword.WebUiBuiltInKeywords.verifyElementVisible(WebUiBuiltInKeywords.groovy:376)
	at com.kms.katalon.core.webui.keyword.WebUiBuiltInKeywords$verifyElementVisible$8.call(Unknown Source)
	at Extension_PTENonElectingNonSCorp_UI_TC.run(Extension_PTENonElectingNonSCorp_UI_TC:115)
	at com.kms.katalon.core.main.ScriptEngine.run(ScriptEngine.java:194)
	at com.kms.katalon.core.main.ScriptEngine.runScriptAsRawText(ScriptEngine.java:119)
	at com.kms.katalon.core.main.TestCaseExecutor.runScript(TestCaseExecutor.java:448)
	at com.kms.katalon.core.main.TestCaseExecutor.doExecute(TestCaseExecutor.java:439)
	at com.kms.katalon.core.main.TestCaseExecutor.processExecutionPhase(TestCaseExecutor.java:418)
	at com.kms.katalon.core.main.TestCaseExecutor.accessMainPhase(TestCaseExecutor.java:410)
	at com.kms.katalon.core.main.TestCaseExecutor.execute(TestCaseExecutor.java:285)
	at com.kms.katalon.core.common.CommonExecutor.accessTestCaseMainPhase(CommonExecutor.java:65)
	at com.kms.katalon.core.main.TestSuiteExecutor.accessTestSuiteMainPhase(TestSuiteExecutor.java:148)
	at com.kms.katalon.core.main.TestSuiteExecutor.execute(TestSuiteExecutor.java:106)
	at com.kms.katalon.core.main.TestCaseMain.startTestSuite(TestCaseMain.java:187)
	at com.kms.katalon.core.main.TestCaseMain$startTestSuite$0.call(Unknown Source)
	at TempTestSuite1695765482532.run(TempTestSuite1695765482532.groovy:36)
)
	at com.kms.katalon.core.keyword.internal.KeywordMain.stepFailed(KeywordMain.groovy:39)
	at com.kms.katalon.core.webui.keyword.internal.WebUIKeywordMain.stepFailed(WebUIKeywordMain.groovy:64)
	at com.kms.katalon.core.webui.keyword.builtin.VerifyElementVisibleKeyword$_verifyElementVisible_closure1.doCall(VerifyElementVisibleKeyword.groovy:83)
	at com.kms.katalon.core.webui.keyword.builtin.VerifyElementVisibleKeyword$_verifyElementVisible_closure1.call(VerifyElementVisibleKeyword.groovy)
	at com.kms.katalon.core.webui.keyword.internal.WebUIKeywordMain.runKeyword(WebUIKeywordMain.groovy:20)
	at com.kms.katalon.core.webui.keyword.builtin.VerifyElementVisibleKeyword.verifyElementVisible(VerifyElementVisibleKeyword.groovy:97)
	at com.kms.katalon.core.webui.keyword.builtin.VerifyElementVisibleKeyword.execute(VerifyElementVisibleKeyword.groovy:67)
	at com.kms.katalon.core.keyword.internal.KeywordExecutor.executeKeywordForPlatform(KeywordExecutor.groovy:74)
	at com.kms.katalon.core.webui.keyword.WebUiBuiltInKeywords.verifyElementVisible(WebUiBuiltInKeywords.groovy:376)
	at com.kms.katalon.core.webui.keyword.WebUiBuiltInKeywords$verifyElementVisible$8.call(Unknown Source)
	at Extension_PTENonElectingNonSCorp_UI_TC.run(Extension_PTENonElectingNonSCorp_UI_TC:115)
	at com.kms.katalon.core.main.ScriptEngine.run(ScriptEngine.java:194)
	at com.kms.katalon.core.main.ScriptEngine.runScriptAsRawText(ScriptEngine.java:119)
	at com.kms.katalon.core.main.TestCaseExecutor.runScript(TestCaseExecutor.java:448)
	at com.kms.katalon.core.main.TestCaseExecutor.doExecute(TestCaseExecutor.java:439)
	at com.kms.katalon.core.main.TestCaseExecutor.processExecutionPhase(TestCaseExecutor.java:418)
	at com.kms.katalon.core.main.TestCaseExecutor.accessMainPhase(TestCaseExecutor.java:410)
	at com.kms.katalon.core.main.TestCaseExecutor.execute(TestCaseExecutor.java:285)
	at com.kms.katalon.core.common.CommonExecutor.accessTestCaseMainPhase(CommonExecutor.java:65)
	at com.kms.katalon.core.main.TestSuiteExecutor.accessTestSuiteMainPhase(TestSuiteExecutor.java:148)
	at com.kms.katalon.core.main.TestSuiteExecutor.execute(TestSuiteExecutor.java:106)
	at com.kms.katalon.core.main.TestCaseMain.startTestSuite(TestCaseMain.java:187)
	at com.kms.katalon.core.main.TestCaseMain$startTestSuite$0.call(Unknown Source)
	at TempTestSuite1695765482532.run(TempTestSuite1695765482532.groovy:36)
Caused by: com.kms.katalon.core.exception.StepFailedException: Object 'Object Repository/RAD_Pages/TaxInfo_Page/input_FederalEIN-2' is NOT visible
	... 23 more
"/>
         <system-out><![CDATA[2023-09-26 18:07:42 - [TEST_CASE][FAILED] - Test Cases/RAD_TestCases/UI_TestCases/Extension/Extension_PTENonElectingNonSCorp_UI_TC: Test Cases/RAD_TestCases/UI_TestCases/Extension/Extension_PTENonElectingNonSCorp_UI_TC FAILED.
Reason:
com.kms.katalon.core.exception.StepFailedException: Object 'Object Repository/RAD_Pages/TaxInfo_Page/input_FederalEIN-2' is NOT visible (Root cause: com.kms.katalon.core.exception.StepFailedException: Object 'Object Repository/RAD_Pages/TaxInfo_Page/input_FederalEIN-2' is NOT visible
	at com.kms.katalon.core.webui.keyword.internal.WebUIKeywordMain.stepFailed(WebUIKeywordMain.groovy:64)
	at com.kms.katalon.core.webui.keyword.builtin.VerifyElementVisibleKeyword$_verifyElementVisible_closure1.doCall(VerifyElementVisibleKeyword.groovy:83)
	at com.kms.katalon.core.webui.keyword.builtin.VerifyElementVisibleKeyword$_verifyElementVisible_closure1.call(VerifyElementVisibleKeyword.groovy)
	at com.kms.katalon.core.webui.keyword.internal.WebUIKeywordMain.runKeyword(WebUIKeywordMain.groovy:20)
	at com.kms.katalon.core.webui.keyword.builtin.VerifyElementVisibleKeyword.verifyElementVisible(VerifyElementVisibleKeyword.groovy:97)
	at com.kms.katalon.core.webui.keyword.builtin.VerifyElementVisibleKeyword.execute(VerifyElementVisibleKeyword.groovy:67)
	at com.kms.katalon.core.keyword.internal.KeywordExecutor.executeKeywordForPlatform(KeywordExecutor.groovy:74)
	at com.kms.katalon.core.webui.keyword.WebUiBuiltInKeywords.verifyElementVisible(WebUiBuiltInKeywords.groovy:376)
	at com.kms.katalon.core.webui.keyword.WebUiBuiltInKeywords$verifyElementVisible$8.call(Unknown Source)
	at Extension_PTENonElectingNonSCorp_UI_TC.run(Extension_PTENonElectingNonSCorp_UI_TC:115)
	at com.kms.katalon.core.main.ScriptEngine.run(ScriptEngine.java:194)
	at com.kms.katalon.core.main.ScriptEngine.runScriptAsRawText(ScriptEngine.java:119)
	at com.kms.katalon.core.main.TestCaseExecutor.runScript(TestCaseExecutor.java:448)
	at com.kms.katalon.core.main.TestCaseExecutor.doExecute(TestCaseExecutor.java:439)
	at com.kms.katalon.core.main.TestCaseExecutor.processExecutionPhase(TestCaseExecutor.java:418)
	at com.kms.katalon.core.main.TestCaseExecutor.accessMainPhase(TestCaseExecutor.java:410)
	at com.kms.katalon.core.main.TestCaseExecutor.execute(TestCaseExecutor.java:285)
	at com.kms.katalon.core.common.CommonExecutor.accessTestCaseMainPhase(CommonExecutor.java:65)
	at com.kms.katalon.core.main.TestSuiteExecutor.accessTestSuiteMainPhase(TestSuiteExecutor.java:148)
	at com.kms.katalon.core.main.TestSuiteExecutor.execute(TestSuiteExecutor.java:106)
	at com.kms.katalon.core.main.TestCaseMain.startTestSuite(TestCaseMain.java:187)
	at com.kms.katalon.core.main.TestCaseMain$startTestSuite$0.call(Unknown Source)
	at TempTestSuite1695765482532.run(TempTestSuite1695765482532.groovy:36)
)
	at com.kms.katalon.core.keyword.internal.KeywordMain.stepFailed(KeywordMain.groovy:39)
	at com.kms.katalon.core.webui.keyword.internal.WebUIKeywordMain.stepFailed(WebUIKeywordMain.groovy:64)
	at com.kms.katalon.core.webui.keyword.builtin.VerifyElementVisibleKeyword$_verifyElementVisible_closure1.doCall(VerifyElementVisibleKeyword.groovy:83)
	at com.kms.katalon.core.webui.keyword.builtin.VerifyElementVisibleKeyword$_verifyElementVisible_closure1.call(VerifyElementVisibleKeyword.groovy)
	at com.kms.katalon.core.webui.keyword.internal.WebUIKeywordMain.runKeyword(WebUIKeywordMain.groovy:20)
	at com.kms.katalon.core.webui.keyword.builtin.VerifyElementVisibleKeyword.verifyElementVisible(VerifyElementVisibleKeyword.groovy:97)
	at com.kms.katalon.core.webui.keyword.builtin.VerifyElementVisibleKeyword.execute(VerifyElementVisibleKeyword.groovy:67)
	at com.kms.katalon.core.keyword.internal.KeywordExecutor.executeKeywordForPlatform(KeywordExecutor.groovy:74)
	at com.kms.katalon.core.webui.keyword.WebUiBuiltInKeywords.verifyElementVisible(WebUiBuiltInKeywords.groovy:376)
	at com.kms.katalon.core.webui.keyword.WebUiBuiltInKeywords$verifyElementVisible$8.call(Unknown Source)
	at Extension_PTENonElectingNonSCorp_UI_TC.run(Extension_PTENonElectingNonSCorp_UI_TC:115)
	at com.kms.katalon.core.main.ScriptEngine.run(ScriptEngine.java:194)
	at com.kms.katalon.core.main.ScriptEngine.runScriptAsRawText(ScriptEngine.java:119)
	at com.kms.katalon.core.main.TestCaseExecutor.runScript(TestCaseExecutor.java:448)
	at com.kms.katalon.core.main.TestCaseExecutor.doExecute(TestCaseExecutor.java:439)
	at com.kms.katalon.core.main.TestCaseExecutor.processExecutionPhase(TestCaseExecutor.java:418)
	at com.kms.katalon.core.main.TestCaseExecutor.accessMainPhase(TestCaseExecutor.java:410)
	at com.kms.katalon.core.main.TestCaseExecutor.execute(TestCaseExecutor.java:285)
	at com.kms.katalon.core.common.CommonExecutor.accessTestCaseMainPhase(CommonExecutor.java:65)
	at com.kms.katalon.core.main.TestSuiteExecutor.accessTestSuiteMainPhase(TestSuiteExecutor.java:148)
	at com.kms.katalon.core.main.TestSuiteExecutor.execute(TestSuiteExecutor.java:106)
	at com.kms.katalon.core.main.TestCaseMain.startTestSuite(TestCaseMain.java:187)
	at com.kms.katalon.core.main.TestCaseMain$startTestSuite$0.call(Unknown Source)
	at TempTestSuite1695765482532.run(TempTestSuite1695765482532.groovy:36)
Caused by: com.kms.katalon.core.exception.StepFailedException: Object 'Object Repository/RAD_Pages/TaxInfo_Page/input_FederalEIN-2' is NOT visible
	... 23 more


2023-09-26 18:07:43 - [TEST_STEP][PASSED] - openBrowser(""): Browser is opened with url: ''

2023-09-26 18:07:43 - [MESSAGE][WARNING] - A browser is already opened. Closing browser and opening a new one

2023-09-26 18:07:44 - [MESSAGE][INFO] - Starting 'Chrome' driver

2023-09-26 18:07:44 - [MESSAGE][INFO] - User set preference: ['acceptInsecureCerts', 'true']

2023-09-26 18:07:44 - [MESSAGE][INFO] - Action delay is set to 0 milliseconds

2023-09-26 18:07:45 - [MESSAGE][PASSED] - Browser is opened with url: ''

2023-09-26 18:07:45 - [TEST_STEP][PASSED] - maximizeWindow(): Current window maximized

2023-09-26 18:07:45 - [MESSAGE][PASSED] - Current window maximized

2023-09-26 18:07:45 - [TEST_STEP][PASSED] - navigateToUrl(RADurl): Navigate to 'https://qa2.velocitypayment.com/client/rad/index.html' successfully

2023-09-26 18:07:47 - [MESSAGE][PASSED] - Navigate to 'https://qa2.velocitypayment.com/client/rad/index.html' successfully

2023-09-26 18:07:47 - [TEST_STEP][PASSED] - orPath_Landing = "Object Repository/RAD_Pages/Landing_Page": null

2023-09-26 18:07:47 - [TEST_STEP][PASSED] - orPath_TaxTypeFilingYear = "Object Repository/RAD_Pages/TaxTypeFilingYear_Page": null

2023-09-26 18:07:47 - [TEST_STEP][PASSED] - orPath_TaxPayer = "Object Repository/RAD_Pages/Taxpayer_Page": null

2023-09-26 18:07:47 - [TEST_STEP][PASSED] - orPath_AddressContact = "Object Repository/RAD_Pages/AddressAndContactInfo_Page": null

2023-09-26 18:07:47 - [TEST_STEP][PASSED] - orPath_FilingStatus = "Object Repository/RAD_Pages/FilingStatus_Page": null

2023-09-26 18:07:47 - [TEST_STEP][PASSED] - orPath_Amount = "Object Repository/RAD_Pages/PaymentAmount_Page": null

2023-09-26 18:07:47 - [TEST_STEP][PASSED] - orPath_TaxInfo = "Object Repository/RAD_Pages/TaxInfo_Page": null

2023-09-26 18:07:47 - [TEST_STEP][PASSED] - verifyTextPresent("Payment Type/Filing Year", true): Text 'Payment Type/Filing Year' is present on page  using regular expression

2023-09-26 18:07:47 - [MESSAGE][PASSED] - Text 'Payment Type/Filing Year' is present on page  using regular expression

2023-09-26 18:07:47 - [TEST_STEP][PASSED] - selectOptionByLabel(findTestObject(orPath_Landing + "/dd_TaxType"), "Extension Payments", false): All options with label 'Extension Payments' are selected in object 'Object Repository/RAD_Pages/Landing_Page/dd_TaxType' 

2023-09-26 18:07:48 - [MESSAGE][PASSED] - All options with label 'Extension Payments' are selected in object 'Object Repository/RAD_Pages/Landing_Page/dd_TaxType' 

2023-09-26 18:07:48 - [TEST_STEP][PASSED] - selectOptionByLabel(findTestObject(orPath_TaxTypeFilingYear + "/select_PaymentType"), "PTE Non-Electing Non-S Corp", false): All options with label 'PTE Non-Electing Non-S Corp' are selected in object 'Object Repository/RAD_Pages/TaxTypeFilingYear_Page/select_PaymentType' 

2023-09-26 18:07:49 - [MESSAGE][PASSED] - All options with label 'PTE Non-Electing Non-S Corp' are selected in object 'Object Repository/RAD_Pages/TaxTypeFilingYear_Page/select_PaymentType' 

2023-09-26 18:07:49 - [TEST_STEP][PASSED] - verifyElementPresent(findTestObject(orPath_TaxTypeFilingYear + "/select_FilingYear"), 30): Object 'Object Repository/RAD_Pages/TaxTypeFilingYear_Page/select_FilingYear' is present

2023-09-26 18:07:49 - [MESSAGE][PASSED] - Object 'Object Repository/RAD_Pages/TaxTypeFilingYear_Page/select_FilingYear' is present

2023-09-26 18:07:49 - [TEST_STEP][PASSED] - verifyElementVisible(findTestObject(orPath_TaxTypeFilingYear + "/select_FilingYear")): Object 'Object Repository/RAD_Pages/TaxTypeFilingYear_Page/select_FilingYear' is visible

2023-09-26 18:07:50 - [MESSAGE][PASSED] - Object 'Object Repository/RAD_Pages/TaxTypeFilingYear_Page/select_FilingYear' is visible

2023-09-26 18:07:50 - [TEST_STEP][PASSED] - totalOptionsFilingYear = getNumberOfTotalOption(findTestObject(orPath_TaxTypeFilingYear + "/select_FilingYear")): 1 options of object 'Object Repository/RAD_Pages/TaxTypeFilingYear_Page/select_FilingYear' counted

2023-09-26 18:07:50 - [MESSAGE][PASSED] - 1 options of object 'Object Repository/RAD_Pages/TaxTypeFilingYear_Page/select_FilingYear' counted

2023-09-26 18:07:50 - [TEST_STEP][PASSED] - verifyEqual(totalOptionsFilingYear, 1): Actual object '1' and expected object '1' are equal

2023-09-26 18:07:50 - [MESSAGE][PASSED] - Actual object '1' and expected object '1' are equal

2023-09-26 18:07:50 - [TEST_STEP][PASSED] - verifyOptionsPresent(findTestObject(orPath_TaxTypeFilingYear + "/select_FilingYear"), ["2022"]): Options [2022] present.

2023-09-26 18:07:51 - [MESSAGE][PASSED] - Options [2022] present.

2023-09-26 18:07:51 - [TEST_STEP][PASSED] - verifyElementNotVisible(findTestObject(orPath_TaxTypeFilingYear + "/select_PeriodEnding")): Object 'Object Repository/RAD_Pages/TaxTypeFilingYear_Page/select_PeriodEnding' is NOT visible

2023-09-26 18:07:51 - [MESSAGE][PASSED] - Object 'Object Repository/RAD_Pages/TaxTypeFilingYear_Page/select_PeriodEnding' is NOT visible

2023-09-26 18:07:51 - [TEST_STEP][PASSED] - verifyTextPresent("Taxpayer", true): Text 'Taxpayer' is present on page  using regular expression

2023-09-26 18:07:52 - [MESSAGE][PASSED] - Text 'Taxpayer' is present on page  using regular expression

2023-09-26 18:07:52 - [TEST_STEP][PASSED] - verifyTextPresent("Provide the following taxpayer information", true): Text 'Provide the following taxpayer information' is present on page  using regular expression

2023-09-26 18:07:52 - [MESSAGE][PASSED] - Text 'Provide the following taxpayer information' is present on page  using regular expression

2023-09-26 18:07:52 - [TEST_STEP][PASSED] - verifyTextPresent("Note: If you are paying on behalf of the Taxpayer, enter Taxpayer", true): Text 'Note: If you are paying on behalf of the Taxpayer, enter Taxpayer' is present on page  using regular expression

2023-09-26 18:07:52 - [MESSAGE][PASSED] - Text 'Note: If you are paying on behalf of the Taxpayer, enter Taxpayer' is present on page  using regular expression

2023-09-26 18:07:52 - [TEST_STEP][PASSED] - verifyTextPresent("information here. If you are making a payment for the Taxpayer, you will be required later to enter your own credit card, billing address and other pertinent information", true): Text 'information here. If you are making a payment for the Taxpayer, you will be required later to enter your own credit card, billing address and other pertinent information' is present on page  using regular expression

2023-09-26 18:07:53 - [MESSAGE][PASSED] - Text 'information here. If you are making a payment for the Taxpayer, you will be required later to enter your own credit card, billing address and other pertinent information' is present on page  using regular expression

2023-09-26 18:07:53 - [TEST_STEP][PASSED] - verifyElementVisible(findTestObject(orPath_TaxPayer + "/input_Note_businessName")): Object 'Object Repository/RAD_Pages/Taxpayer_Page/input_Note_businessName' is visible

2023-09-26 18:07:53 - [MESSAGE][PASSED] - Object 'Object Repository/RAD_Pages/Taxpayer_Page/input_Note_businessName' is visible

2023-09-26 18:07:53 - [TEST_STEP][PASSED] - verifyElementVisible(findTestObject(orPath_TaxPayer + "/input_BusinessRepfirstName")): Object 'Object Repository/RAD_Pages/Taxpayer_Page/input_BusinessRepfirstName' is visible

2023-09-26 18:07:53 - [MESSAGE][PASSED] - Object 'Object Repository/RAD_Pages/Taxpayer_Page/input_BusinessRepfirstName' is visible

2023-09-26 18:07:53 - [TEST_STEP][PASSED] - verifyElementVisible(findTestObject(orPath_TaxPayer + "/input_BusinessRepmiddleName")): Object 'Object Repository/RAD_Pages/Taxpayer_Page/input_BusinessRepmiddleName' is visible

2023-09-26 18:07:54 - [MESSAGE][PASSED] - Object 'Object Repository/RAD_Pages/Taxpayer_Page/input_BusinessRepmiddleName' is visible

2023-09-26 18:07:54 - [TEST_STEP][PASSED] - verifyElementVisible(findTestObject(orPath_TaxPayer + "/input_BusinessReplastName")): Object 'Object Repository/RAD_Pages/Taxpayer_Page/input_BusinessReplastName' is visible

2023-09-26 18:07:54 - [MESSAGE][PASSED] - Object 'Object Repository/RAD_Pages/Taxpayer_Page/input_BusinessReplastName' is visible

2023-09-26 18:07:54 - [TEST_STEP][PASSED] - verifyElementVisible(findTestObject(orPath_TaxPayer + "/input_BusinessRepsuffix")): Object 'Object Repository/RAD_Pages/Taxpayer_Page/input_BusinessRepsuffix' is visible

2023-09-26 18:07:54 - [MESSAGE][PASSED] - Object 'Object Repository/RAD_Pages/Taxpayer_Page/input_BusinessRepsuffix' is visible

2023-09-26 18:07:54 - [TEST_STEP][PASSED] - verifyElementNotVisible(findTestObject(orPath_TaxPayer + "/input_firstName")): Object 'Object Repository/RAD_Pages/Taxpayer_Page/input_firstName' is NOT visible

2023-09-26 18:07:55 - [MESSAGE][PASSED] - Object 'Object Repository/RAD_Pages/Taxpayer_Page/input_firstName' is NOT visible

2023-09-26 18:07:55 - [TEST_STEP][PASSED] - verifyElementNotVisible(findTestObject(orPath_TaxPayer + "/input_middleName")): Object 'Object Repository/RAD_Pages/Taxpayer_Page/input_middleName' is NOT visible

2023-09-26 18:07:55 - [MESSAGE][PASSED] - Object 'Object Repository/RAD_Pages/Taxpayer_Page/input_middleName' is NOT visible

2023-09-26 18:07:55 - [TEST_STEP][PASSED] - verifyElementNotVisible(findTestObject(orPath_TaxPayer + "/input_lastName")): Object 'Object Repository/RAD_Pages/Taxpayer_Page/input_lastName' is NOT visible

2023-09-26 18:07:55 - [MESSAGE][PASSED] - Object 'Object Repository/RAD_Pages/Taxpayer_Page/input_lastName' is NOT visible

2023-09-26 18:07:55 - [TEST_STEP][PASSED] - verifyElementNotVisible(findTestObject(orPath_TaxPayer + "/input_suffix")): Object 'Object Repository/RAD_Pages/Taxpayer_Page/input_suffix' is NOT visible

2023-09-26 18:07:56 - [MESSAGE][PASSED] - Object 'Object Repository/RAD_Pages/Taxpayer_Page/input_suffix' is NOT visible

2023-09-26 18:07:56 - [TEST_STEP][PASSED] - verifyElementNotVisible(findTestObject("RAD_RecordAndPlay/input_concatSSN")): Object 'Object Repository/RAD_RecordAndPlay/input_concatSSN' is NOT visible

2023-09-26 18:07:56 - [MESSAGE][PASSED] - Object 'Object Repository/RAD_RecordAndPlay/input_concatSSN' is NOT visible

2023-09-26 18:07:56 - [TEST_STEP][PASSED] - verifyElementNotVisible(findTestObject("RAD_RecordAndPlay/input_concatReSSN")): Object 'Object Repository/RAD_RecordAndPlay/input_concatReSSN' is NOT visible

2023-09-26 18:07:57 - [MESSAGE][PASSED] - Object 'Object Repository/RAD_RecordAndPlay/input_concatReSSN' is NOT visible

2023-09-26 18:07:57 - [TEST_STEP][PASSED] - verifyTextPresent("Address and Contact Information", true): Text 'Address and Contact Information' is present on page  using regular expression

2023-09-26 18:07:57 - [MESSAGE][PASSED] - Text 'Address and Contact Information' is present on page  using regular expression

2023-09-26 18:07:57 - [TEST_STEP][PASSED] - verifyTextPresent("Enter the taxpayer", true): Text 'Enter the taxpayer' is present on page  using regular expression

2023-09-26 18:07:58 - [MESSAGE][PASSED] - Text 'Enter the taxpayer' is present on page  using regular expression

2023-09-26 18:07:58 - [TEST_STEP][PASSED] - verifyTextPresent("address and contact information", true): Text 'address and contact information' is present on page  using regular expression

2023-09-26 18:07:58 - [MESSAGE][PASSED] - Text 'address and contact information' is present on page  using regular expression

2023-09-26 18:07:58 - [TEST_STEP][PASSED] - verifyElementPresent(findTestObject(orPath_AddressContact + "/select_Country"), 30): Object 'Object Repository/RAD_Pages/AddressAndContactInfo_Page/select_Country' is present

2023-09-26 18:07:59 - [MESSAGE][PASSED] - Object 'Object Repository/RAD_Pages/AddressAndContactInfo_Page/select_Country' is present

2023-09-26 18:07:59 - [TEST_STEP][PASSED] - verifyElementPresent(findTestObject(orPath_AddressContact + "/input_streetAddress1"), 30): Object 'Object Repository/RAD_Pages/AddressAndContactInfo_Page/input_streetAddress1' is present

2023-09-26 18:07:59 - [MESSAGE][PASSED] - Object 'Object Repository/RAD_Pages/AddressAndContactInfo_Page/input_streetAddress1' is present

2023-09-26 18:07:59 - [TEST_STEP][PASSED] - verifyElementPresent(findTestObject(orPath_AddressContact + "/input_streetAddress2"), 30): Object 'Object Repository/RAD_Pages/AddressAndContactInfo_Page/input_streetAddress2' is present

2023-09-26 18:07:59 - [MESSAGE][PASSED] - Object 'Object Repository/RAD_Pages/AddressAndContactInfo_Page/input_streetAddress2' is present

2023-09-26 18:07:59 - [TEST_STEP][PASSED] - verifyElementPresent(findTestObject(orPath_AddressContact + "/input_city"), 30): Object 'Object Repository/RAD_Pages/AddressAndContactInfo_Page/input_city' is present

2023-09-26 18:08:00 - [MESSAGE][PASSED] - Object 'Object Repository/RAD_Pages/AddressAndContactInfo_Page/input_city' is present

2023-09-26 18:08:00 - [TEST_STEP][PASSED] - verifyElementPresent(findTestObject(orPath_AddressContact + "/select_State"), 30): Object 'Object Repository/RAD_Pages/AddressAndContactInfo_Page/select_State' is present

2023-09-26 18:08:00 - [MESSAGE][PASSED] - Object 'Object Repository/RAD_Pages/AddressAndContactInfo_Page/select_State' is present

2023-09-26 18:08:00 - [TEST_STEP][PASSED] - verifyElementPresent(findTestObject(orPath_AddressContact + "/input_zipCode"), 30): Object 'Object Repository/RAD_Pages/AddressAndContactInfo_Page/input_zipCode' is present

2023-09-26 18:08:00 - [MESSAGE][PASSED] - Object 'Object Repository/RAD_Pages/AddressAndContactInfo_Page/input_zipCode' is present

2023-09-26 18:08:00 - [TEST_STEP][PASSED] - verifyElementPresent(findTestObject(orPath_AddressContact + "/input_phoneNumber"), 30): Object 'Object Repository/RAD_Pages/AddressAndContactInfo_Page/input_phoneNumber' is present

2023-09-26 18:08:01 - [MESSAGE][PASSED] - Object 'Object Repository/RAD_Pages/AddressAndContactInfo_Page/input_phoneNumber' is present

2023-09-26 18:08:01 - [TEST_STEP][PASSED] - verifyElementPresent(findTestObject(orPath_AddressContact + "/input_eMailAddress"), 30): Object 'Object Repository/RAD_Pages/AddressAndContactInfo_Page/input_eMailAddress' is present

2023-09-26 18:08:01 - [MESSAGE][PASSED] - Object 'Object Repository/RAD_Pages/AddressAndContactInfo_Page/input_eMailAddress' is present

2023-09-26 18:08:01 - [TEST_STEP][PASSED] - verifyElementPresent(findTestObject(orPath_AddressContact + "/input_reEnterEMailAddress"), 30): Object 'Object Repository/RAD_Pages/AddressAndContactInfo_Page/input_reEnterEMailAddress' is present

2023-09-26 18:08:01 - [MESSAGE][PASSED] - Object 'Object Repository/RAD_Pages/AddressAndContactInfo_Page/input_reEnterEMailAddress' is present

2023-09-26 18:08:01 - [TEST_STEP][PASSED] - verifyOptionsPresent(findTestObject(orPath_AddressContact + "/select_Country"), ["United States"]): Options [United States] present.

2023-09-26 18:08:02 - [MESSAGE][PASSED] - Options [United States] present.

2023-09-26 18:08:02 - [TEST_STEP][PASSED] - verifyOptionsPresent(findTestObject(orPath_AddressContact + "/select_State"), ["Alabama", "District of Columbia", "Maryland", "Virginia", "Wyoming"]): Options [Alabama, District of Columbia, Maryland, Virginia, Wyoming] present.

2023-09-26 18:08:03 - [MESSAGE][PASSED] - Options [Alabama, District of Columbia, Maryland, Virginia, Wyoming] present.

2023-09-26 18:08:03 - [TEST_STEP][PASSED] - totalOptionsState = getNumberOfTotalOption(findTestObject(orPath_AddressContact + "/select_State")): 52 options of object 'Object Repository/RAD_Pages/AddressAndContactInfo_Page/select_State' counted

2023-09-26 18:08:03 - [MESSAGE][PASSED] - 52 options of object 'Object Repository/RAD_Pages/AddressAndContactInfo_Page/select_State' counted

2023-09-26 18:08:04 - [TEST_STEP][PASSED] - verifyEqual(totalOptionsState, 52): Actual object '52' and expected object '52' are equal

2023-09-26 18:08:04 - [MESSAGE][PASSED] - Actual object '52' and expected object '52' are equal

2023-09-26 18:08:04 - [TEST_STEP][PASSED] - verifyTextPresent("Tax Information", true): Text 'Tax Information' is present on page  using regular expression

2023-09-26 18:08:04 - [MESSAGE][PASSED] - Text 'Tax Information' is present on page  using regular expression

2023-09-26 18:08:04 - [TEST_STEP][FAILED] - verifyElementVisible(findTestObject(orPath_TaxInfo + "/input_FederalEIN-2")): Object 'Object Repository/RAD_Pages/TaxInfo_Page/input_FederalEIN-2' is NOT visible (Root cause: com.kms.katalon.core.exception.StepFailedException: Object 'Object Repository/RAD_Pages/TaxInfo_Page/input_FederalEIN-2' is NOT visible
	at com.kms.katalon.core.webui.keyword.internal.WebUIKeywordMain.stepFailed(WebUIKeywordMain.groovy:64)
	at com.kms.katalon.core.webui.keyword.builtin.VerifyElementVisibleKeyword$_verifyElementVisible_closure1.doCall(VerifyElementVisibleKeyword.groovy:83)
	at com.kms.katalon.core.webui.keyword.builtin.VerifyElementVisibleKeyword$_verifyElementVisible_closure1.call(VerifyElementVisibleKeyword.groovy)
	at com.kms.katalon.core.webui.keyword.internal.WebUIKeywordMain.runKeyword(WebUIKeywordMain.groovy:20)
	at com.kms.katalon.core.webui.keyword.builtin.VerifyElementVisibleKeyword.verifyElementVisible(VerifyElementVisibleKeyword.groovy:97)
	at com.kms.katalon.core.webui.keyword.builtin.VerifyElementVisibleKeyword.execute(VerifyElementVisibleKeyword.groovy:67)
	at com.kms.katalon.core.keyword.internal.KeywordExecutor.executeKeywordForPlatform(KeywordExecutor.groovy:74)
	at com.kms.katalon.core.webui.keyword.WebUiBuiltInKeywords.verifyElementVisible(WebUiBuiltInKeywords.groovy:376)
	at com.kms.katalon.core.webui.keyword.WebUiBuiltInKeywords$verifyElementVisible$8.call(Unknown Source)
	at Extension_PTENonElectingNonSCorp_UI_TC.run(Extension_PTENonElectingNonSCorp_UI_TC:115)
	at com.kms.katalon.core.main.ScriptEngine.run(ScriptEngine.java:194)
	at com.kms.katalon.core.main.ScriptEngine.runScriptAsRawText(ScriptEngine.java:119)
	at com.kms.katalon.core.main.TestCaseExecutor.runScript(TestCaseExecutor.java:448)
	at com.kms.katalon.core.main.TestCaseExecutor.doExecute(TestCaseExecutor.java:439)
	at com.kms.katalon.core.main.TestCaseExecutor.processExecutionPhase(TestCaseExecutor.java:418)
	at com.kms.katalon.core.main.TestCaseExecutor.accessMainPhase(TestCaseExecutor.java:410)
	at com.kms.katalon.core.main.TestCaseExecutor.execute(TestCaseExecutor.java:285)
	at com.kms.katalon.core.common.CommonExecutor.accessTestCaseMainPhase(CommonExecutor.java:65)
	at com.kms.katalon.core.main.TestSuiteExecutor.accessTestSuiteMainPhase(TestSuiteExecutor.java:148)
	at com.kms.katalon.core.main.TestSuiteExecutor.execute(TestSuiteExecutor.java:106)
	at com.kms.katalon.core.main.TestCaseMain.startTestSuite(TestCaseMain.java:187)
	at com.kms.katalon.core.main.TestCaseMain$startTestSuite$0.call(Unknown Source)
	at TempTestSuite1695765482532.run(TempTestSuite1695765482532.groovy:36)
)

2023-09-26 18:08:05 - [MESSAGE][FAILED] - Object 'Object Repository/RAD_Pages/TaxInfo_Page/input_FederalEIN-2' is NOT visible (Root cause: com.kms.katalon.core.exception.StepFailedException: Object 'Object Repository/RAD_Pages/TaxInfo_Page/input_FederalEIN-2' is NOT visible
	at com.kms.katalon.core.webui.keyword.internal.WebUIKeywordMain.stepFailed(WebUIKeywordMain.groovy:64)
	at com.kms.katalon.core.webui.keyword.builtin.VerifyElementVisibleKeyword$_verifyElementVisible_closure1.doCall(VerifyElementVisibleKeyword.groovy:83)
	at com.kms.katalon.core.webui.keyword.builtin.VerifyElementVisibleKeyword$_verifyElementVisible_closure1.call(VerifyElementVisibleKeyword.groovy)
	at com.kms.katalon.core.webui.keyword.internal.WebUIKeywordMain.runKeyword(WebUIKeywordMain.groovy:20)
	at com.kms.katalon.core.webui.keyword.builtin.VerifyElementVisibleKeyword.verifyElementVisible(VerifyElementVisibleKeyword.groovy:97)
	at com.kms.katalon.core.webui.keyword.builtin.VerifyElementVisibleKeyword.execute(VerifyElementVisibleKeyword.groovy:67)
	at com.kms.katalon.core.keyword.internal.KeywordExecutor.executeKeywordForPlatform(KeywordExecutor.groovy:74)
	at com.kms.katalon.core.webui.keyword.WebUiBuiltInKeywords.verifyElementVisible(WebUiBuiltInKeywords.groovy:376)
	at com.kms.katalon.core.webui.keyword.WebUiBuiltInKeywords$verifyElementVisible$8.call(Unknown Source)
	at Extension_PTENonElectingNonSCorp_UI_TC.run(Extension_PTENonElectingNonSCorp_UI_TC:115)
	at com.kms.katalon.core.main.ScriptEngine.run(ScriptEngine.java:194)
	at com.kms.katalon.core.main.ScriptEngine.runScriptAsRawText(ScriptEngine.java:119)
	at com.kms.katalon.core.main.TestCaseExecutor.runScript(TestCaseExecutor.java:448)
	at com.kms.katalon.core.main.TestCaseExecutor.doExecute(TestCaseExecutor.java:439)
	at com.kms.katalon.core.main.TestCaseExecutor.processExecutionPhase(TestCaseExecutor.java:418)
	at com.kms.katalon.core.main.TestCaseExecutor.accessMainPhase(TestCaseExecutor.java:410)
	at com.kms.katalon.core.main.TestCaseExecutor.execute(TestCaseExecutor.java:285)
	at com.kms.katalon.core.common.CommonExecutor.accessTestCaseMainPhase(CommonExecutor.java:65)
	at com.kms.katalon.core.main.TestSuiteExecutor.accessTestSuiteMainPhase(TestSuiteExecutor.java:148)
	at com.kms.katalon.core.main.TestSuiteExecutor.execute(TestSuiteExecutor.java:106)
	at com.kms.katalon.core.main.TestCaseMain.startTestSuite(TestCaseMain.java:187)
	at com.kms.katalon.core.main.TestCaseMain$startTestSuite$0.call(Unknown Source)
	at TempTestSuite1695765482532.run(TempTestSuite1695765482532.groovy:36)
)
[[ATTACHMENT|E:\\Cloned-Project-Katalon\\VPS-Katalon\\Reports\\20230926_175802\\RAD_TestSuite\\RAD_UI_TestSuite\\20230926_175802\\1695766084819.png]]

2023-09-26 18:08:05 - [TEST_STEP][FAILED] - verifyElementVisible(findTestObject(orPath_TaxInfo + "/input_FederalEIN_ReEnter-2")): Object 'Object Repository/RAD_Pages/TaxInfo_Page/input_FederalEIN_ReEnter-2' is NOT visible (Root cause: com.kms.katalon.core.exception.StepFailedException: Object 'Object Repository/RAD_Pages/TaxInfo_Page/input_FederalEIN_ReEnter-2' is NOT visible
	at com.kms.katalon.core.webui.keyword.internal.WebUIKeywordMain.stepFailed(WebUIKeywordMain.groovy:64)
	at com.kms.katalon.core.webui.keyword.builtin.VerifyElementVisibleKeyword$_verifyElementVisible_closure1.doCall(VerifyElementVisibleKeyword.groovy:83)
	at com.kms.katalon.core.webui.keyword.builtin.VerifyElementVisibleKeyword$_verifyElementVisible_closure1.call(VerifyElementVisibleKeyword.groovy)
	at com.kms.katalon.core.webui.keyword.internal.WebUIKeywordMain.runKeyword(WebUIKeywordMain.groovy:20)
	at com.kms.katalon.core.webui.keyword.builtin.VerifyElementVisibleKeyword.verifyElementVisible(VerifyElementVisibleKeyword.groovy:97)
	at com.kms.katalon.core.webui.keyword.builtin.VerifyElementVisibleKeyword.execute(VerifyElementVisibleKeyword.groovy:67)
	at com.kms.katalon.core.keyword.internal.KeywordExecutor.executeKeywordForPlatform(KeywordExecutor.groovy:74)
	at com.kms.katalon.core.webui.keyword.WebUiBuiltInKeywords.verifyElementVisible(WebUiBuiltInKeywords.groovy:376)
	at com.kms.katalon.core.webui.keyword.WebUiBuiltInKeywords$verifyElementVisible$8.call(Unknown Source)
	at Extension_PTENonElectingNonSCorp_UI_TC.run(Extension_PTENonElectingNonSCorp_UI_TC:116)
	at com.kms.katalon.core.main.ScriptEngine.run(ScriptEngine.java:194)
	at com.kms.katalon.core.main.ScriptEngine.runScriptAsRawText(ScriptEngine.java:119)
	at com.kms.katalon.core.main.TestCaseExecutor.runScript(TestCaseExecutor.java:448)
	at com.kms.katalon.core.main.TestCaseExecutor.doExecute(TestCaseExecutor.java:439)
	at com.kms.katalon.core.main.TestCaseExecutor.processExecutionPhase(TestCaseExecutor.java:418)
	at com.kms.katalon.core.main.TestCaseExecutor.accessMainPhase(TestCaseExecutor.java:410)
	at com.kms.katalon.core.main.TestCaseExecutor.execute(TestCaseExecutor.java:285)
	at com.kms.katalon.core.common.CommonExecutor.accessTestCaseMainPhase(CommonExecutor.java:65)
	at com.kms.katalon.core.main.TestSuiteExecutor.accessTestSuiteMainPhase(TestSuiteExecutor.java:148)
	at com.kms.katalon.core.main.TestSuiteExecutor.execute(TestSuiteExecutor.java:106)
	at com.kms.katalon.core.main.TestCaseMain.startTestSuite(TestCaseMain.java:187)
	at com.kms.katalon.core.main.TestCaseMain$startTestSuite$0.call(Unknown Source)
	at TempTestSuite1695765482532.run(TempTestSuite1695765482532.groovy:36)
)

2023-09-26 18:08:05 - [MESSAGE][FAILED] - Object 'Object Repository/RAD_Pages/TaxInfo_Page/input_FederalEIN_ReEnter-2' is NOT visible (Root cause: com.kms.katalon.core.exception.StepFailedException: Object 'Object Repository/RAD_Pages/TaxInfo_Page/input_FederalEIN_ReEnter-2' is NOT visible
	at com.kms.katalon.core.webui.keyword.internal.WebUIKeywordMain.stepFailed(WebUIKeywordMain.groovy:64)
	at com.kms.katalon.core.webui.keyword.builtin.VerifyElementVisibleKeyword$_verifyElementVisible_closure1.doCall(VerifyElementVisibleKeyword.groovy:83)
	at com.kms.katalon.core.webui.keyword.builtin.VerifyElementVisibleKeyword$_verifyElementVisible_closure1.call(VerifyElementVisibleKeyword.groovy)
	at com.kms.katalon.core.webui.keyword.internal.WebUIKeywordMain.runKeyword(WebUIKeywordMain.groovy:20)
	at com.kms.katalon.core.webui.keyword.builtin.VerifyElementVisibleKeyword.verifyElementVisible(VerifyElementVisibleKeyword.groovy:97)
	at com.kms.katalon.core.webui.keyword.builtin.VerifyElementVisibleKeyword.execute(VerifyElementVisibleKeyword.groovy:67)
	at com.kms.katalon.core.keyword.internal.KeywordExecutor.executeKeywordForPlatform(KeywordExecutor.groovy:74)
	at com.kms.katalon.core.webui.keyword.WebUiBuiltInKeywords.verifyElementVisible(WebUiBuiltInKeywords.groovy:376)
	at com.kms.katalon.core.webui.keyword.WebUiBuiltInKeywords$verifyElementVisible$8.call(Unknown Source)
	at Extension_PTENonElectingNonSCorp_UI_TC.run(Extension_PTENonElectingNonSCorp_UI_TC:116)
	at com.kms.katalon.core.main.ScriptEngine.run(ScriptEngine.java:194)
	at com.kms.katalon.core.main.ScriptEngine.runScriptAsRawText(ScriptEngine.java:119)
	at com.kms.katalon.core.main.TestCaseExecutor.runScript(TestCaseExecutor.java:448)
	at com.kms.katalon.core.main.TestCaseExecutor.doExecute(TestCaseExecutor.java:439)
	at com.kms.katalon.core.main.TestCaseExecutor.processExecutionPhase(TestCaseExecutor.java:418)
	at com.kms.katalon.core.main.TestCaseExecutor.accessMainPhase(TestCaseExecutor.java:410)
	at com.kms.katalon.core.main.TestCaseExecutor.execute(TestCaseExecutor.java:285)
	at com.kms.katalon.core.common.CommonExecutor.accessTestCaseMainPhase(CommonExecutor.java:65)
	at com.kms.katalon.core.main.TestSuiteExecutor.accessTestSuiteMainPhase(TestSuiteExecutor.java:148)
	at com.kms.katalon.core.main.TestSuiteExecutor.execute(TestSuiteExecutor.java:106)
	at com.kms.katalon.core.main.TestCaseMain.startTestSuite(TestCaseMain.java:187)
	at com.kms.katalon.core.main.TestCaseMain$startTestSuite$0.call(Unknown Source)
	at TempTestSuite1695765482532.run(TempTestSuite1695765482532.groovy:36)
)
[[ATTACHMENT|E:\\Cloned-Project-Katalon\\VPS-Katalon\\Reports\\20230926_175802\\RAD_TestSuite\\RAD_UI_TestSuite\\20230926_175802\\1695766085543.png]]

2023-09-26 18:08:05 - [TEST_STEP][PASSED] - verifyElementNotVisible(findTestObject(orPath_FilingStatus + "/input_userType_Individual")): Object 'Object Repository/RAD_Pages/FilingStatus_Page/input_userType_Individual' is NOT visible

2023-09-26 18:08:06 - [MESSAGE][PASSED] - Object 'Object Repository/RAD_Pages/FilingStatus_Page/input_userType_Individual' is NOT visible

2023-09-26 18:08:06 - [TEST_STEP][PASSED] - verifyElementNotVisible(findTestObject(orPath_FilingStatus + "/input_userType_Joint")): Object 'Object Repository/RAD_Pages/FilingStatus_Page/input_userType_Joint' is NOT visible

2023-09-26 18:08:06 - [MESSAGE][PASSED] - Object 'Object Repository/RAD_Pages/FilingStatus_Page/input_userType_Joint' is NOT visible

2023-09-26 18:08:06 - [TEST_STEP][PASSED] - verifyElementNotVisible(findTestObject(orPath_TaxInfo + "/input_NoticeInvoiceNumber")): Object 'Object Repository/RAD_Pages/TaxInfo_Page/input_NoticeInvoiceNumber' is NOT visible

2023-09-26 18:08:06 - [MESSAGE][PASSED] - Object 'Object Repository/RAD_Pages/TaxInfo_Page/input_NoticeInvoiceNumber' is NOT visible

2023-09-26 18:08:06 - [TEST_STEP][PASSED] - verifyElementNotVisible(findTestObject(orPath_TaxInfo + "/input_reTypeNoticeInvoiceNumber")): Object 'Object Repository/RAD_Pages/TaxInfo_Page/input_reTypeNoticeInvoiceNumber' is NOT visible

2023-09-26 18:08:07 - [MESSAGE][PASSED] - Object 'Object Repository/RAD_Pages/TaxInfo_Page/input_reTypeNoticeInvoiceNumber' is NOT visible

2023-09-26 18:08:07 - [TEST_STEP][PASSED] - verifyElementNotVisible(findTestObject(orPath_TaxInfo + "/input_MDCRegistrationEL")): Object 'Object Repository/RAD_Pages/TaxInfo_Page/input_MDCRegistrationEL' is NOT visible

2023-09-26 18:08:07 - [MESSAGE][PASSED] - Object 'Object Repository/RAD_Pages/TaxInfo_Page/input_MDCRegistrationEL' is NOT visible

2023-09-26 18:08:07 - [TEST_STEP][PASSED] - verifyElementNotVisible(findTestObject(orPath_FilingStatus + "/input_userType_Individual")): Object 'Object Repository/RAD_Pages/FilingStatus_Page/input_userType_Individual' is NOT visible

2023-09-26 18:08:07 - [MESSAGE][PASSED] - Object 'Object Repository/RAD_Pages/FilingStatus_Page/input_userType_Individual' is NOT visible

2023-09-26 18:08:07 - [TEST_STEP][PASSED] - verifyElementNotVisible(findTestObject(orPath_FilingStatus + "/input_userType_Joint")): Object 'Object Repository/RAD_Pages/FilingStatus_Page/input_userType_Joint' is NOT visible

2023-09-26 18:08:08 - [MESSAGE][PASSED] - Object 'Object Repository/RAD_Pages/FilingStatus_Page/input_userType_Joint' is NOT visible

2023-09-26 18:08:08 - [TEST_STEP][PASSED] - verifyTextPresent("Payment Amount", true): Text 'Payment Amount' is present on page  using regular expression

2023-09-26 18:08:08 - [MESSAGE][PASSED] - Text 'Payment Amount' is present on page  using regular expression

2023-09-26 18:08:08 - [TEST_STEP][PASSED] - verifyElementPresent(findTestObject(orPath_Amount + "/input__paymentAmount"), 30): Object 'Object Repository/RAD_Pages/PaymentAmount_Page/input__paymentAmount' is present

2023-09-26 18:08:08 - [MESSAGE][PASSED] - Object 'Object Repository/RAD_Pages/PaymentAmount_Page/input__paymentAmount' is present

2023-09-26 18:08:08 - [TEST_STEP][PASSED] - verifyElementVisible(findTestObject(orPath_Amount + "/input__paymentAmount")): Object 'Object Repository/RAD_Pages/PaymentAmount_Page/input__paymentAmount' is visible

2023-09-26 18:08:09 - [MESSAGE][PASSED] - Object 'Object Repository/RAD_Pages/PaymentAmount_Page/input__paymentAmount' is visible

2023-09-26 18:08:09 - [TEST_STEP][PASSED] - verifyTextPresent("Service Fee: This electronic government service includes a service/convenience fee. Click here for details", true): Text 'Service Fee: This electronic government service includes a service/convenience fee. Click here for details' is present on page  using regular expression

2023-09-26 18:08:09 - [MESSAGE][PASSED] - Text 'Service Fee: This electronic government service includes a service/convenience fee. Click here for details' is present on page  using regular expression

2023-09-26 18:08:09 - [TEST_STEP][PASSED] - verifyElementPresent(findTestObject(orPath_Amount + "/a_Click here for details"), 30): Object 'Object Repository/RAD_Pages/PaymentAmount_Page/a_Click here for details' is present

2023-09-26 18:08:09 - [MESSAGE][PASSED] - Object 'Object Repository/RAD_Pages/PaymentAmount_Page/a_Click here for details' is present

2023-09-26 18:08:09 - [TEST_STEP][PASSED] - verifyElementPresent(findTestObject(orPath_Landing + "/button_Continue"), 30): Object 'Object Repository/RAD_Pages/Landing_Page/button_Continue' is present

2023-09-26 18:08:10 - [MESSAGE][PASSED] - Object 'Object Repository/RAD_Pages/Landing_Page/button_Continue' is present]]></system-out>
         <system-err><![CDATA[2023-09-26 18:07:42 - [TEST_CASE][FAILED] - Test Cases/RAD_TestCases/UI_TestCases/Extension/Extension_PTENonElectingNonSCorp_UI_TC: Test Cases/RAD_TestCases/UI_TestCases/Extension/Extension_PTENonElectingNonSCorp_UI_TC FAILED.
Reason:
com.kms.katalon.core.exception.StepFailedException: Object 'Object Repository/RAD_Pages/TaxInfo_Page/input_FederalEIN-2' is NOT visible (Root cause: com.kms.katalon.core.exception.StepFailedException: Object 'Object Repository/RAD_Pages/TaxInfo_Page/input_FederalEIN-2' is NOT visible
	at com.kms.katalon.core.webui.keyword.internal.WebUIKeywordMain.stepFailed(WebUIKeywordMain.groovy:64)
	at com.kms.katalon.core.webui.keyword.builtin.VerifyElementVisibleKeyword$_verifyElementVisible_closure1.doCall(VerifyElementVisibleKeyword.groovy:83)
	at com.kms.katalon.core.webui.keyword.builtin.VerifyElementVisibleKeyword$_verifyElementVisible_closure1.call(VerifyElementVisibleKeyword.groovy)
	at com.kms.katalon.core.webui.keyword.internal.WebUIKeywordMain.runKeyword(WebUIKeywordMain.groovy:20)
	at com.kms.katalon.core.webui.keyword.builtin.VerifyElementVisibleKeyword.verifyElementVisible(VerifyElementVisibleKeyword.groovy:97)
	at com.kms.katalon.core.webui.keyword.builtin.VerifyElementVisibleKeyword.execute(VerifyElementVisibleKeyword.groovy:67)
	at com.kms.katalon.core.keyword.internal.KeywordExecutor.executeKeywordForPlatform(KeywordExecutor.groovy:74)
	at com.kms.katalon.core.webui.keyword.WebUiBuiltInKeywords.verifyElementVisible(WebUiBuiltInKeywords.groovy:376)
	at com.kms.katalon.core.webui.keyword.WebUiBuiltInKeywords$verifyElementVisible$8.call(Unknown Source)
	at Extension_PTENonElectingNonSCorp_UI_TC.run(Extension_PTENonElectingNonSCorp_UI_TC:115)
	at com.kms.katalon.core.main.ScriptEngine.run(ScriptEngine.java:194)
	at com.kms.katalon.core.main.ScriptEngine.runScriptAsRawText(ScriptEngine.java:119)
	at com.kms.katalon.core.main.TestCaseExecutor.runScript(TestCaseExecutor.java:448)
	at com.kms.katalon.core.main.TestCaseExecutor.doExecute(TestCaseExecutor.java:439)
	at com.kms.katalon.core.main.TestCaseExecutor.processExecutionPhase(TestCaseExecutor.java:418)
	at com.kms.katalon.core.main.TestCaseExecutor.accessMainPhase(TestCaseExecutor.java:410)
	at com.kms.katalon.core.main.TestCaseExecutor.execute(TestCaseExecutor.java:285)
	at com.kms.katalon.core.common.CommonExecutor.accessTestCaseMainPhase(CommonExecutor.java:65)
	at com.kms.katalon.core.main.TestSuiteExecutor.accessTestSuiteMainPhase(TestSuiteExecutor.java:148)
	at com.kms.katalon.core.main.TestSuiteExecutor.execute(TestSuiteExecutor.java:106)
	at com.kms.katalon.core.main.TestCaseMain.startTestSuite(TestCaseMain.java:187)
	at com.kms.katalon.core.main.TestCaseMain$startTestSuite$0.call(Unknown Source)
	at TempTestSuite1695765482532.run(TempTestSuite1695765482532.groovy:36)
)
	at com.kms.katalon.core.keyword.internal.KeywordMain.stepFailed(KeywordMain.groovy:39)
	at com.kms.katalon.core.webui.keyword.internal.WebUIKeywordMain.stepFailed(WebUIKeywordMain.groovy:64)
	at com.kms.katalon.core.webui.keyword.builtin.VerifyElementVisibleKeyword$_verifyElementVisible_closure1.doCall(VerifyElementVisibleKeyword.groovy:83)
	at com.kms.katalon.core.webui.keyword.builtin.VerifyElementVisibleKeyword$_verifyElementVisible_closure1.call(VerifyElementVisibleKeyword.groovy)
	at com.kms.katalon.core.webui.keyword.internal.WebUIKeywordMain.runKeyword(WebUIKeywordMain.groovy:20)
	at com.kms.katalon.core.webui.keyword.builtin.VerifyElementVisibleKeyword.verifyElementVisible(VerifyElementVisibleKeyword.groovy:97)
	at com.kms.katalon.core.webui.keyword.builtin.VerifyElementVisibleKeyword.execute(VerifyElementVisibleKeyword.groovy:67)
	at com.kms.katalon.core.keyword.internal.KeywordExecutor.executeKeywordForPlatform(KeywordExecutor.groovy:74)
	at com.kms.katalon.core.webui.keyword.WebUiBuiltInKeywords.verifyElementVisible(WebUiBuiltInKeywords.groovy:376)
	at com.kms.katalon.core.webui.keyword.WebUiBuiltInKeywords$verifyElementVisible$8.call(Unknown Source)
	at Extension_PTENonElectingNonSCorp_UI_TC.run(Extension_PTENonElectingNonSCorp_UI_TC:115)
	at com.kms.katalon.core.main.ScriptEngine.run(ScriptEngine.java:194)
	at com.kms.katalon.core.main.ScriptEngine.runScriptAsRawText(ScriptEngine.java:119)
	at com.kms.katalon.core.main.TestCaseExecutor.runScript(TestCaseExecutor.java:448)
	at com.kms.katalon.core.main.TestCaseExecutor.doExecute(TestCaseExecutor.java:439)
	at com.kms.katalon.core.main.TestCaseExecutor.processExecutionPhase(TestCaseExecutor.java:418)
	at com.kms.katalon.core.main.TestCaseExecutor.accessMainPhase(TestCaseExecutor.java:410)
	at com.kms.katalon.core.main.TestCaseExecutor.execute(TestCaseExecutor.java:285)
	at com.kms.katalon.core.common.CommonExecutor.accessTestCaseMainPhase(CommonExecutor.java:65)
	at com.kms.katalon.core.main.TestSuiteExecutor.accessTestSuiteMainPhase(TestSuiteExecutor.java:148)
	at com.kms.katalon.core.main.TestSuiteExecutor.execute(TestSuiteExecutor.java:106)
	at com.kms.katalon.core.main.TestCaseMain.startTestSuite(TestCaseMain.java:187)
	at com.kms.katalon.core.main.TestCaseMain$startTestSuite$0.call(Unknown Source)
	at TempTestSuite1695765482532.run(TempTestSuite1695765482532.groovy:36)
Caused by: com.kms.katalon.core.exception.StepFailedException: Object 'Object Repository/RAD_Pages/TaxInfo_Page/input_FederalEIN-2' is NOT visible
	... 23 more]]></system-err>
      </testcase>
      <testcase name="Test Cases/RAD_TestCases/UI_TestCases/Extension/Extension_PTENonElectingSCorp_UI_TC" time="25.944" classname="Test Cases/RAD_TestCases/UI_TestCases/Extension/Extension_PTENonElectingSCorp_UI_TC" status="FAILED">
         <failure type="FAILED" message="Test Cases/RAD_TestCases/UI_TestCases/Extension/Extension_PTENonElectingSCorp_UI_TC FAILED.
Reason:
com.kms.katalon.core.exception.StepFailedException: Object 'Object Repository/RAD_Pages/TaxInfo_Page/input_FederalEIN-2' is NOT visible (Root cause: com.kms.katalon.core.exception.StepFailedException: Object 'Object Repository/RAD_Pages/TaxInfo_Page/input_FederalEIN-2' is NOT visible
	at com.kms.katalon.core.webui.keyword.internal.WebUIKeywordMain.stepFailed(WebUIKeywordMain.groovy:64)
	at com.kms.katalon.core.webui.keyword.builtin.VerifyElementVisibleKeyword$_verifyElementVisible_closure1.doCall(VerifyElementVisibleKeyword.groovy:83)
	at com.kms.katalon.core.webui.keyword.builtin.VerifyElementVisibleKeyword$_verifyElementVisible_closure1.call(VerifyElementVisibleKeyword.groovy)
	at com.kms.katalon.core.webui.keyword.internal.WebUIKeywordMain.runKeyword(WebUIKeywordMain.groovy:20)
	at com.kms.katalon.core.webui.keyword.builtin.VerifyElementVisibleKeyword.verifyElementVisible(VerifyElementVisibleKeyword.groovy:97)
	at com.kms.katalon.core.webui.keyword.builtin.VerifyElementVisibleKeyword.execute(VerifyElementVisibleKeyword.groovy:67)
	at com.kms.katalon.core.keyword.internal.KeywordExecutor.executeKeywordForPlatform(KeywordExecutor.groovy:74)
	at com.kms.katalon.core.webui.keyword.WebUiBuiltInKeywords.verifyElementVisible(WebUiBuiltInKeywords.groovy:376)
	at com.kms.katalon.core.webui.keyword.WebUiBuiltInKeywords$verifyElementVisible$8.call(Unknown Source)
	at Extension_PTENonElectingSCorp_UI_TC.run(Extension_PTENonElectingSCorp_UI_TC:115)
	at com.kms.katalon.core.main.ScriptEngine.run(ScriptEngine.java:194)
	at com.kms.katalon.core.main.ScriptEngine.runScriptAsRawText(ScriptEngine.java:119)
	at com.kms.katalon.core.main.TestCaseExecutor.runScript(TestCaseExecutor.java:448)
	at com.kms.katalon.core.main.TestCaseExecutor.doExecute(TestCaseExecutor.java:439)
	at com.kms.katalon.core.main.TestCaseExecutor.processExecutionPhase(TestCaseExecutor.java:418)
	at com.kms.katalon.core.main.TestCaseExecutor.accessMainPhase(TestCaseExecutor.java:410)
	at com.kms.katalon.core.main.TestCaseExecutor.execute(TestCaseExecutor.java:285)
	at com.kms.katalon.core.common.CommonExecutor.accessTestCaseMainPhase(CommonExecutor.java:65)
	at com.kms.katalon.core.main.TestSuiteExecutor.accessTestSuiteMainPhase(TestSuiteExecutor.java:148)
	at com.kms.katalon.core.main.TestSuiteExecutor.execute(TestSuiteExecutor.java:106)
	at com.kms.katalon.core.main.TestCaseMain.startTestSuite(TestCaseMain.java:187)
	at com.kms.katalon.core.main.TestCaseMain$startTestSuite$0.call(Unknown Source)
	at TempTestSuite1695765482532.run(TempTestSuite1695765482532.groovy:36)
)
	at com.kms.katalon.core.keyword.internal.KeywordMain.stepFailed(KeywordMain.groovy:39)
	at com.kms.katalon.core.webui.keyword.internal.WebUIKeywordMain.stepFailed(WebUIKeywordMain.groovy:64)
	at com.kms.katalon.core.webui.keyword.builtin.VerifyElementVisibleKeyword$_verifyElementVisible_closure1.doCall(VerifyElementVisibleKeyword.groovy:83)
	at com.kms.katalon.core.webui.keyword.builtin.VerifyElementVisibleKeyword$_verifyElementVisible_closure1.call(VerifyElementVisibleKeyword.groovy)
	at com.kms.katalon.core.webui.keyword.internal.WebUIKeywordMain.runKeyword(WebUIKeywordMain.groovy:20)
	at com.kms.katalon.core.webui.keyword.builtin.VerifyElementVisibleKeyword.verifyElementVisible(VerifyElementVisibleKeyword.groovy:97)
	at com.kms.katalon.core.webui.keyword.builtin.VerifyElementVisibleKeyword.execute(VerifyElementVisibleKeyword.groovy:67)
	at com.kms.katalon.core.keyword.internal.KeywordExecutor.executeKeywordForPlatform(KeywordExecutor.groovy:74)
	at com.kms.katalon.core.webui.keyword.WebUiBuiltInKeywords.verifyElementVisible(WebUiBuiltInKeywords.groovy:376)
	at com.kms.katalon.core.webui.keyword.WebUiBuiltInKeywords$verifyElementVisible$8.call(Unknown Source)
	at Extension_PTENonElectingSCorp_UI_TC.run(Extension_PTENonElectingSCorp_UI_TC:115)
	at com.kms.katalon.core.main.ScriptEngine.run(ScriptEngine.java:194)
	at com.kms.katalon.core.main.ScriptEngine.runScriptAsRawText(ScriptEngine.java:119)
	at com.kms.katalon.core.main.TestCaseExecutor.runScript(TestCaseExecutor.java:448)
	at com.kms.katalon.core.main.TestCaseExecutor.doExecute(TestCaseExecutor.java:439)
	at com.kms.katalon.core.main.TestCaseExecutor.processExecutionPhase(TestCaseExecutor.java:418)
	at com.kms.katalon.core.main.TestCaseExecutor.accessMainPhase(TestCaseExecutor.java:410)
	at com.kms.katalon.core.main.TestCaseExecutor.execute(TestCaseExecutor.java:285)
	at com.kms.katalon.core.common.CommonExecutor.accessTestCaseMainPhase(CommonExecutor.java:65)
	at com.kms.katalon.core.main.TestSuiteExecutor.accessTestSuiteMainPhase(TestSuiteExecutor.java:148)
	at com.kms.katalon.core.main.TestSuiteExecutor.execute(TestSuiteExecutor.java:106)
	at com.kms.katalon.core.main.TestCaseMain.startTestSuite(TestCaseMain.java:187)
	at com.kms.katalon.core.main.TestCaseMain$startTestSuite$0.call(Unknown Source)
	at TempTestSuite1695765482532.run(TempTestSuite1695765482532.groovy:36)
Caused by: com.kms.katalon.core.exception.StepFailedException: Object 'Object Repository/RAD_Pages/TaxInfo_Page/input_FederalEIN-2' is NOT visible
	... 23 more
"/>
         <system-out><![CDATA[2023-09-26 18:08:10 - [TEST_CASE][FAILED] - Test Cases/RAD_TestCases/UI_TestCases/Extension/Extension_PTENonElectingSCorp_UI_TC: Test Cases/RAD_TestCases/UI_TestCases/Extension/Extension_PTENonElectingSCorp_UI_TC FAILED.
Reason:
com.kms.katalon.core.exception.StepFailedException: Object 'Object Repository/RAD_Pages/TaxInfo_Page/input_FederalEIN-2' is NOT visible (Root cause: com.kms.katalon.core.exception.StepFailedException: Object 'Object Repository/RAD_Pages/TaxInfo_Page/input_FederalEIN-2' is NOT visible
	at com.kms.katalon.core.webui.keyword.internal.WebUIKeywordMain.stepFailed(WebUIKeywordMain.groovy:64)
	at com.kms.katalon.core.webui.keyword.builtin.VerifyElementVisibleKeyword$_verifyElementVisible_closure1.doCall(VerifyElementVisibleKeyword.groovy:83)
	at com.kms.katalon.core.webui.keyword.builtin.VerifyElementVisibleKeyword$_verifyElementVisible_closure1.call(VerifyElementVisibleKeyword.groovy)
	at com.kms.katalon.core.webui.keyword.internal.WebUIKeywordMain.runKeyword(WebUIKeywordMain.groovy:20)
	at com.kms.katalon.core.webui.keyword.builtin.VerifyElementVisibleKeyword.verifyElementVisible(VerifyElementVisibleKeyword.groovy:97)
	at com.kms.katalon.core.webui.keyword.builtin.VerifyElementVisibleKeyword.execute(VerifyElementVisibleKeyword.groovy:67)
	at com.kms.katalon.core.keyword.internal.KeywordExecutor.executeKeywordForPlatform(KeywordExecutor.groovy:74)
	at com.kms.katalon.core.webui.keyword.WebUiBuiltInKeywords.verifyElementVisible(WebUiBuiltInKeywords.groovy:376)
	at com.kms.katalon.core.webui.keyword.WebUiBuiltInKeywords$verifyElementVisible$8.call(Unknown Source)
	at Extension_PTENonElectingSCorp_UI_TC.run(Extension_PTENonElectingSCorp_UI_TC:115)
	at com.kms.katalon.core.main.ScriptEngine.run(ScriptEngine.java:194)
	at com.kms.katalon.core.main.ScriptEngine.runScriptAsRawText(ScriptEngine.java:119)
	at com.kms.katalon.core.main.TestCaseExecutor.runScript(TestCaseExecutor.java:448)
	at com.kms.katalon.core.main.TestCaseExecutor.doExecute(TestCaseExecutor.java:439)
	at com.kms.katalon.core.main.TestCaseExecutor.processExecutionPhase(TestCaseExecutor.java:418)
	at com.kms.katalon.core.main.TestCaseExecutor.accessMainPhase(TestCaseExecutor.java:410)
	at com.kms.katalon.core.main.TestCaseExecutor.execute(TestCaseExecutor.java:285)
	at com.kms.katalon.core.common.CommonExecutor.accessTestCaseMainPhase(CommonExecutor.java:65)
	at com.kms.katalon.core.main.TestSuiteExecutor.accessTestSuiteMainPhase(TestSuiteExecutor.java:148)
	at com.kms.katalon.core.main.TestSuiteExecutor.execute(TestSuiteExecutor.java:106)
	at com.kms.katalon.core.main.TestCaseMain.startTestSuite(TestCaseMain.java:187)
	at com.kms.katalon.core.main.TestCaseMain$startTestSuite$0.call(Unknown Source)
	at TempTestSuite1695765482532.run(TempTestSuite1695765482532.groovy:36)
)
	at com.kms.katalon.core.keyword.internal.KeywordMain.stepFailed(KeywordMain.groovy:39)
	at com.kms.katalon.core.webui.keyword.internal.WebUIKeywordMain.stepFailed(WebUIKeywordMain.groovy:64)
	at com.kms.katalon.core.webui.keyword.builtin.VerifyElementVisibleKeyword$_verifyElementVisible_closure1.doCall(VerifyElementVisibleKeyword.groovy:83)
	at com.kms.katalon.core.webui.keyword.builtin.VerifyElementVisibleKeyword$_verifyElementVisible_closure1.call(VerifyElementVisibleKeyword.groovy)
	at com.kms.katalon.core.webui.keyword.internal.WebUIKeywordMain.runKeyword(WebUIKeywordMain.groovy:20)
	at com.kms.katalon.core.webui.keyword.builtin.VerifyElementVisibleKeyword.verifyElementVisible(VerifyElementVisibleKeyword.groovy:97)
	at com.kms.katalon.core.webui.keyword.builtin.VerifyElementVisibleKeyword.execute(VerifyElementVisibleKeyword.groovy:67)
	at com.kms.katalon.core.keyword.internal.KeywordExecutor.executeKeywordForPlatform(KeywordExecutor.groovy:74)
	at com.kms.katalon.core.webui.keyword.WebUiBuiltInKeywords.verifyElementVisible(WebUiBuiltInKeywords.groovy:376)
	at com.kms.katalon.core.webui.keyword.WebUiBuiltInKeywords$verifyElementVisible$8.call(Unknown Source)
	at Extension_PTENonElectingSCorp_UI_TC.run(Extension_PTENonElectingSCorp_UI_TC:115)
	at com.kms.katalon.core.main.ScriptEngine.run(ScriptEngine.java:194)
	at com.kms.katalon.core.main.ScriptEngine.runScriptAsRawText(ScriptEngine.java:119)
	at com.kms.katalon.core.main.TestCaseExecutor.runScript(TestCaseExecutor.java:448)
	at com.kms.katalon.core.main.TestCaseExecutor.doExecute(TestCaseExecutor.java:439)
	at com.kms.katalon.core.main.TestCaseExecutor.processExecutionPhase(TestCaseExecutor.java:418)
	at com.kms.katalon.core.main.TestCaseExecutor.accessMainPhase(TestCaseExecutor.java:410)
	at com.kms.katalon.core.main.TestCaseExecutor.execute(TestCaseExecutor.java:285)
	at com.kms.katalon.core.common.CommonExecutor.accessTestCaseMainPhase(CommonExecutor.java:65)
	at com.kms.katalon.core.main.TestSuiteExecutor.accessTestSuiteMainPhase(TestSuiteExecutor.java:148)
	at com.kms.katalon.core.main.TestSuiteExecutor.execute(TestSuiteExecutor.java:106)
	at com.kms.katalon.core.main.TestCaseMain.startTestSuite(TestCaseMain.java:187)
	at com.kms.katalon.core.main.TestCaseMain$startTestSuite$0.call(Unknown Source)
	at TempTestSuite1695765482532.run(TempTestSuite1695765482532.groovy:36)
Caused by: com.kms.katalon.core.exception.StepFailedException: Object 'Object Repository/RAD_Pages/TaxInfo_Page/input_FederalEIN-2' is NOT visible
	... 23 more


2023-09-26 18:08:10 - [TEST_STEP][PASSED] - openBrowser(""): Browser is opened with url: ''

2023-09-26 18:08:10 - [MESSAGE][WARNING] - A browser is already opened. Closing browser and opening a new one

2023-09-26 18:08:11 - [MESSAGE][INFO] - Starting 'Chrome' driver

2023-09-26 18:08:11 - [MESSAGE][INFO] - User set preference: ['acceptInsecureCerts', 'true']

2023-09-26 18:08:11 - [MESSAGE][INFO] - Action delay is set to 0 milliseconds

2023-09-26 18:08:13 - [MESSAGE][PASSED] - Browser is opened with url: ''

2023-09-26 18:08:13 - [TEST_STEP][PASSED] - maximizeWindow(): Current window maximized

2023-09-26 18:08:13 - [MESSAGE][PASSED] - Current window maximized

2023-09-26 18:08:13 - [TEST_STEP][PASSED] - navigateToUrl(RADurl): Navigate to 'https://qa2.velocitypayment.com/client/rad/index.html' successfully

2023-09-26 18:08:14 - [MESSAGE][PASSED] - Navigate to 'https://qa2.velocitypayment.com/client/rad/index.html' successfully

2023-09-26 18:08:14 - [TEST_STEP][PASSED] - orPath_Landing = "Object Repository/RAD_Pages/Landing_Page": null

2023-09-26 18:08:14 - [TEST_STEP][PASSED] - orPath_TaxTypeFilingYear = "Object Repository/RAD_Pages/TaxTypeFilingYear_Page": null

2023-09-26 18:08:14 - [TEST_STEP][PASSED] - orPath_TaxPayer = "Object Repository/RAD_Pages/Taxpayer_Page": null

2023-09-26 18:08:14 - [TEST_STEP][PASSED] - orPath_AddressContact = "Object Repository/RAD_Pages/AddressAndContactInfo_Page": null

2023-09-26 18:08:14 - [TEST_STEP][PASSED] - orPath_FilingStatus = "Object Repository/RAD_Pages/FilingStatus_Page": null

2023-09-26 18:08:14 - [TEST_STEP][PASSED] - orPath_Amount = "Object Repository/RAD_Pages/PaymentAmount_Page": null

2023-09-26 18:08:14 - [TEST_STEP][PASSED] - orPath_TaxInfo = "Object Repository/RAD_Pages/TaxInfo_Page": null

2023-09-26 18:08:14 - [TEST_STEP][PASSED] - verifyTextPresent("Payment Type/Filing Year", true): Text 'Payment Type/Filing Year' is present on page  using regular expression

2023-09-26 18:08:15 - [MESSAGE][PASSED] - Text 'Payment Type/Filing Year' is present on page  using regular expression

2023-09-26 18:08:15 - [TEST_STEP][PASSED] - selectOptionByLabel(findTestObject(orPath_Landing + "/dd_TaxType"), "Extension Payments", false): All options with label 'Extension Payments' are selected in object 'Object Repository/RAD_Pages/Landing_Page/dd_TaxType' 

2023-09-26 18:08:15 - [MESSAGE][PASSED] - All options with label 'Extension Payments' are selected in object 'Object Repository/RAD_Pages/Landing_Page/dd_TaxType' 

2023-09-26 18:08:15 - [TEST_STEP][PASSED] - selectOptionByLabel(findTestObject(orPath_TaxTypeFilingYear + "/select_PaymentType"), "PTE Non-Electing S Corp", false): All options with label 'PTE Non-Electing S Corp' are selected in object 'Object Repository/RAD_Pages/TaxTypeFilingYear_Page/select_PaymentType' 

2023-09-26 18:08:16 - [MESSAGE][PASSED] - All options with label 'PTE Non-Electing S Corp' are selected in object 'Object Repository/RAD_Pages/TaxTypeFilingYear_Page/select_PaymentType' 

2023-09-26 18:08:16 - [TEST_STEP][PASSED] - verifyElementPresent(findTestObject(orPath_TaxTypeFilingYear + "/select_FilingYear"), 30): Object 'Object Repository/RAD_Pages/TaxTypeFilingYear_Page/select_FilingYear' is present

2023-09-26 18:08:17 - [MESSAGE][PASSED] - Object 'Object Repository/RAD_Pages/TaxTypeFilingYear_Page/select_FilingYear' is present

2023-09-26 18:08:17 - [TEST_STEP][PASSED] - verifyElementVisible(findTestObject(orPath_TaxTypeFilingYear + "/select_FilingYear")): Object 'Object Repository/RAD_Pages/TaxTypeFilingYear_Page/select_FilingYear' is visible

2023-09-26 18:08:17 - [MESSAGE][PASSED] - Object 'Object Repository/RAD_Pages/TaxTypeFilingYear_Page/select_FilingYear' is visible

2023-09-26 18:08:17 - [TEST_STEP][PASSED] - totalOptionsFilingYear = getNumberOfTotalOption(findTestObject(orPath_TaxTypeFilingYear + "/select_FilingYear")): 1 options of object 'Object Repository/RAD_Pages/TaxTypeFilingYear_Page/select_FilingYear' counted

2023-09-26 18:08:17 - [MESSAGE][PASSED] - 1 options of object 'Object Repository/RAD_Pages/TaxTypeFilingYear_Page/select_FilingYear' counted

2023-09-26 18:08:17 - [TEST_STEP][PASSED] - verifyEqual(totalOptionsFilingYear, 1): Actual object '1' and expected object '1' are equal

2023-09-26 18:08:17 - [MESSAGE][PASSED] - Actual object '1' and expected object '1' are equal

2023-09-26 18:08:17 - [TEST_STEP][PASSED] - verifyOptionsPresent(findTestObject(orPath_TaxTypeFilingYear + "/select_FilingYear"), ["2022"]): Options [2022] present.

2023-09-26 18:08:18 - [MESSAGE][PASSED] - Options [2022] present.

2023-09-26 18:08:18 - [TEST_STEP][PASSED] - verifyElementNotVisible(findTestObject(orPath_TaxTypeFilingYear + "/select_PeriodEnding")): Object 'Object Repository/RAD_Pages/TaxTypeFilingYear_Page/select_PeriodEnding' is NOT visible

2023-09-26 18:08:18 - [MESSAGE][PASSED] - Object 'Object Repository/RAD_Pages/TaxTypeFilingYear_Page/select_PeriodEnding' is NOT visible

2023-09-26 18:08:18 - [TEST_STEP][PASSED] - verifyTextPresent("Taxpayer", true): Text 'Taxpayer' is present on page  using regular expression

2023-09-26 18:08:19 - [MESSAGE][PASSED] - Text 'Taxpayer' is present on page  using regular expression

2023-09-26 18:08:19 - [TEST_STEP][PASSED] - verifyTextPresent("Provide the following taxpayer information", true): Text 'Provide the following taxpayer information' is present on page  using regular expression

2023-09-26 18:08:19 - [MESSAGE][PASSED] - Text 'Provide the following taxpayer information' is present on page  using regular expression

2023-09-26 18:08:19 - [TEST_STEP][PASSED] - verifyTextPresent("Note: If you are paying on behalf of the Taxpayer, enter Taxpayer", true): Text 'Note: If you are paying on behalf of the Taxpayer, enter Taxpayer' is present on page  using regular expression

2023-09-26 18:08:20 - [MESSAGE][PASSED] - Text 'Note: If you are paying on behalf of the Taxpayer, enter Taxpayer' is present on page  using regular expression

2023-09-26 18:08:20 - [TEST_STEP][PASSED] - verifyTextPresent("information here. If you are making a payment for the Taxpayer, you will be required later to enter your own credit card, billing address and other pertinent information", true): Text 'information here. If you are making a payment for the Taxpayer, you will be required later to enter your own credit card, billing address and other pertinent information' is present on page  using regular expression

2023-09-26 18:08:20 - [MESSAGE][PASSED] - Text 'information here. If you are making a payment for the Taxpayer, you will be required later to enter your own credit card, billing address and other pertinent information' is present on page  using regular expression

2023-09-26 18:08:20 - [TEST_STEP][PASSED] - verifyElementVisible(findTestObject(orPath_TaxPayer + "/input_Note_businessName")): Object 'Object Repository/RAD_Pages/Taxpayer_Page/input_Note_businessName' is visible

2023-09-26 18:08:20 - [MESSAGE][PASSED] - Object 'Object Repository/RAD_Pages/Taxpayer_Page/input_Note_businessName' is visible

2023-09-26 18:08:20 - [TEST_STEP][PASSED] - verifyElementVisible(findTestObject(orPath_TaxPayer + "/input_BusinessRepfirstName")): Object 'Object Repository/RAD_Pages/Taxpayer_Page/input_BusinessRepfirstName' is visible

2023-09-26 18:08:21 - [MESSAGE][PASSED] - Object 'Object Repository/RAD_Pages/Taxpayer_Page/input_BusinessRepfirstName' is visible

2023-09-26 18:08:21 - [TEST_STEP][PASSED] - verifyElementVisible(findTestObject(orPath_TaxPayer + "/input_BusinessRepmiddleName")): Object 'Object Repository/RAD_Pages/Taxpayer_Page/input_BusinessRepmiddleName' is visible

2023-09-26 18:08:21 - [MESSAGE][PASSED] - Object 'Object Repository/RAD_Pages/Taxpayer_Page/input_BusinessRepmiddleName' is visible

2023-09-26 18:08:21 - [TEST_STEP][PASSED] - verifyElementVisible(findTestObject(orPath_TaxPayer + "/input_BusinessReplastName")): Object 'Object Repository/RAD_Pages/Taxpayer_Page/input_BusinessReplastName' is visible

2023-09-26 18:08:21 - [MESSAGE][PASSED] - Object 'Object Repository/RAD_Pages/Taxpayer_Page/input_BusinessReplastName' is visible

2023-09-26 18:08:21 - [TEST_STEP][PASSED] - verifyElementVisible(findTestObject(orPath_TaxPayer + "/input_BusinessRepsuffix")): Object 'Object Repository/RAD_Pages/Taxpayer_Page/input_BusinessRepsuffix' is visible

2023-09-26 18:08:22 - [MESSAGE][PASSED] - Object 'Object Repository/RAD_Pages/Taxpayer_Page/input_BusinessRepsuffix' is visible

2023-09-26 18:08:22 - [TEST_STEP][PASSED] - verifyElementNotVisible(findTestObject(orPath_TaxPayer + "/input_firstName")): Object 'Object Repository/RAD_Pages/Taxpayer_Page/input_firstName' is NOT visible

2023-09-26 18:08:22 - [MESSAGE][PASSED] - Object 'Object Repository/RAD_Pages/Taxpayer_Page/input_firstName' is NOT visible

2023-09-26 18:08:22 - [TEST_STEP][PASSED] - verifyElementNotVisible(findTestObject(orPath_TaxPayer + "/input_middleName")): Object 'Object Repository/RAD_Pages/Taxpayer_Page/input_middleName' is NOT visible

2023-09-26 18:08:22 - [MESSAGE][PASSED] - Object 'Object Repository/RAD_Pages/Taxpayer_Page/input_middleName' is NOT visible

2023-09-26 18:08:22 - [TEST_STEP][PASSED] - verifyElementNotVisible(findTestObject(orPath_TaxPayer + "/input_lastName")): Object 'Object Repository/RAD_Pages/Taxpayer_Page/input_lastName' is NOT visible

2023-09-26 18:08:23 - [MESSAGE][PASSED] - Object 'Object Repository/RAD_Pages/Taxpayer_Page/input_lastName' is NOT visible

2023-09-26 18:08:23 - [TEST_STEP][PASSED] - verifyElementNotVisible(findTestObject(orPath_TaxPayer + "/input_suffix")): Object 'Object Repository/RAD_Pages/Taxpayer_Page/input_suffix' is NOT visible

2023-09-26 18:08:23 - [MESSAGE][PASSED] - Object 'Object Repository/RAD_Pages/Taxpayer_Page/input_suffix' is NOT visible

2023-09-26 18:08:23 - [TEST_STEP][PASSED] - verifyElementNotVisible(findTestObject("RAD_RecordAndPlay/input_concatSSN")): Object 'Object Repository/RAD_RecordAndPlay/input_concatSSN' is NOT visible

2023-09-26 18:08:24 - [MESSAGE][PASSED] - Object 'Object Repository/RAD_RecordAndPlay/input_concatSSN' is NOT visible

2023-09-26 18:08:24 - [TEST_STEP][PASSED] - verifyElementNotVisible(findTestObject("RAD_RecordAndPlay/input_concatReSSN")): Object 'Object Repository/RAD_RecordAndPlay/input_concatReSSN' is NOT visible

2023-09-26 18:08:24 - [MESSAGE][PASSED] - Object 'Object Repository/RAD_RecordAndPlay/input_concatReSSN' is NOT visible

2023-09-26 18:08:24 - [TEST_STEP][PASSED] - verifyTextPresent("Address and Contact Information", true): Text 'Address and Contact Information' is present on page  using regular expression

2023-09-26 18:08:25 - [MESSAGE][PASSED] - Text 'Address and Contact Information' is present on page  using regular expression

2023-09-26 18:08:25 - [TEST_STEP][PASSED] - verifyTextPresent("Enter the taxpayer", true): Text 'Enter the taxpayer' is present on page  using regular expression

2023-09-26 18:08:25 - [MESSAGE][PASSED] - Text 'Enter the taxpayer' is present on page  using regular expression

2023-09-26 18:08:25 - [TEST_STEP][PASSED] - verifyTextPresent("address and contact information", true): Text 'address and contact information' is present on page  using regular expression

2023-09-26 18:08:25 - [MESSAGE][PASSED] - Text 'address and contact information' is present on page  using regular expression

2023-09-26 18:08:25 - [TEST_STEP][PASSED] - verifyElementPresent(findTestObject(orPath_AddressContact + "/select_Country"), 30): Object 'Object Repository/RAD_Pages/AddressAndContactInfo_Page/select_Country' is present

2023-09-26 18:08:26 - [MESSAGE][PASSED] - Object 'Object Repository/RAD_Pages/AddressAndContactInfo_Page/select_Country' is present

2023-09-26 18:08:26 - [TEST_STEP][PASSED] - verifyElementPresent(findTestObject(orPath_AddressContact + "/input_streetAddress1"), 30): Object 'Object Repository/RAD_Pages/AddressAndContactInfo_Page/input_streetAddress1' is present

2023-09-26 18:08:26 - [MESSAGE][PASSED] - Object 'Object Repository/RAD_Pages/AddressAndContactInfo_Page/input_streetAddress1' is present

2023-09-26 18:08:26 - [TEST_STEP][PASSED] - verifyElementPresent(findTestObject(orPath_AddressContact + "/input_streetAddress2"), 30): Object 'Object Repository/RAD_Pages/AddressAndContactInfo_Page/input_streetAddress2' is present

2023-09-26 18:08:26 - [MESSAGE][PASSED] - Object 'Object Repository/RAD_Pages/AddressAndContactInfo_Page/input_streetAddress2' is present

2023-09-26 18:08:26 - [TEST_STEP][PASSED] - verifyElementPresent(findTestObject(orPath_AddressContact + "/input_city"), 30): Object 'Object Repository/RAD_Pages/AddressAndContactInfo_Page/input_city' is present

2023-09-26 18:08:27 - [MESSAGE][PASSED] - Object 'Object Repository/RAD_Pages/AddressAndContactInfo_Page/input_city' is present

2023-09-26 18:08:27 - [TEST_STEP][PASSED] - verifyElementPresent(findTestObject(orPath_AddressContact + "/select_State"), 30): Object 'Object Repository/RAD_Pages/AddressAndContactInfo_Page/select_State' is present

2023-09-26 18:08:27 - [MESSAGE][PASSED] - Object 'Object Repository/RAD_Pages/AddressAndContactInfo_Page/select_State' is present

2023-09-26 18:08:27 - [TEST_STEP][PASSED] - verifyElementPresent(findTestObject(orPath_AddressContact + "/input_zipCode"), 30): Object 'Object Repository/RAD_Pages/AddressAndContactInfo_Page/input_zipCode' is present

2023-09-26 18:08:27 - [MESSAGE][PASSED] - Object 'Object Repository/RAD_Pages/AddressAndContactInfo_Page/input_zipCode' is present

2023-09-26 18:08:27 - [TEST_STEP][PASSED] - verifyElementPresent(findTestObject(orPath_AddressContact + "/input_phoneNumber"), 30): Object 'Object Repository/RAD_Pages/AddressAndContactInfo_Page/input_phoneNumber' is present

2023-09-26 18:08:28 - [MESSAGE][PASSED] - Object 'Object Repository/RAD_Pages/AddressAndContactInfo_Page/input_phoneNumber' is present

2023-09-26 18:08:28 - [TEST_STEP][PASSED] - verifyElementPresent(findTestObject(orPath_AddressContact + "/input_eMailAddress"), 30): Object 'Object Repository/RAD_Pages/AddressAndContactInfo_Page/input_eMailAddress' is present

2023-09-26 18:08:28 - [MESSAGE][PASSED] - Object 'Object Repository/RAD_Pages/AddressAndContactInfo_Page/input_eMailAddress' is present

2023-09-26 18:08:28 - [TEST_STEP][PASSED] - verifyElementPresent(findTestObject(orPath_AddressContact + "/input_reEnterEMailAddress"), 30): Object 'Object Repository/RAD_Pages/AddressAndContactInfo_Page/input_reEnterEMailAddress' is present

2023-09-26 18:08:28 - [MESSAGE][PASSED] - Object 'Object Repository/RAD_Pages/AddressAndContactInfo_Page/input_reEnterEMailAddress' is present

2023-09-26 18:08:28 - [TEST_STEP][PASSED] - verifyOptionsPresent(findTestObject(orPath_AddressContact + "/select_Country"), ["United States"]): Options [United States] present.

2023-09-26 18:08:29 - [MESSAGE][PASSED] - Options [United States] present.

2023-09-26 18:08:29 - [TEST_STEP][PASSED] - verifyOptionsPresent(findTestObject(orPath_AddressContact + "/select_State"), ["Alabama", "District of Columbia", "Maryland", "Virginia", "Wyoming"]): Options [Alabama, District of Columbia, Maryland, Virginia, Wyoming] present.

2023-09-26 18:08:30 - [MESSAGE][PASSED] - Options [Alabama, District of Columbia, Maryland, Virginia, Wyoming] present.

2023-09-26 18:08:30 - [TEST_STEP][PASSED] - totalOptionsState = getNumberOfTotalOption(findTestObject(orPath_AddressContact + "/select_State")): 52 options of object 'Object Repository/RAD_Pages/AddressAndContactInfo_Page/select_State' counted

2023-09-26 18:08:30 - [MESSAGE][PASSED] - 52 options of object 'Object Repository/RAD_Pages/AddressAndContactInfo_Page/select_State' counted

2023-09-26 18:08:30 - [TEST_STEP][PASSED] - verifyEqual(totalOptionsState, 52): Actual object '52' and expected object '52' are equal

2023-09-26 18:08:30 - [MESSAGE][PASSED] - Actual object '52' and expected object '52' are equal

2023-09-26 18:08:30 - [TEST_STEP][PASSED] - verifyTextPresent("Tax Information", true): Text 'Tax Information' is present on page  using regular expression

2023-09-26 18:08:31 - [MESSAGE][PASSED] - Text 'Tax Information' is present on page  using regular expression

2023-09-26 18:08:31 - [TEST_STEP][FAILED] - verifyElementVisible(findTestObject(orPath_TaxInfo + "/input_FederalEIN-2")): Object 'Object Repository/RAD_Pages/TaxInfo_Page/input_FederalEIN-2' is NOT visible (Root cause: com.kms.katalon.core.exception.StepFailedException: Object 'Object Repository/RAD_Pages/TaxInfo_Page/input_FederalEIN-2' is NOT visible
	at com.kms.katalon.core.webui.keyword.internal.WebUIKeywordMain.stepFailed(WebUIKeywordMain.groovy:64)
	at com.kms.katalon.core.webui.keyword.builtin.VerifyElementVisibleKeyword$_verifyElementVisible_closure1.doCall(VerifyElementVisibleKeyword.groovy:83)
	at com.kms.katalon.core.webui.keyword.builtin.VerifyElementVisibleKeyword$_verifyElementVisible_closure1.call(VerifyElementVisibleKeyword.groovy)
	at com.kms.katalon.core.webui.keyword.internal.WebUIKeywordMain.runKeyword(WebUIKeywordMain.groovy:20)
	at com.kms.katalon.core.webui.keyword.builtin.VerifyElementVisibleKeyword.verifyElementVisible(VerifyElementVisibleKeyword.groovy:97)
	at com.kms.katalon.core.webui.keyword.builtin.VerifyElementVisibleKeyword.execute(VerifyElementVisibleKeyword.groovy:67)
	at com.kms.katalon.core.keyword.internal.KeywordExecutor.executeKeywordForPlatform(KeywordExecutor.groovy:74)
	at com.kms.katalon.core.webui.keyword.WebUiBuiltInKeywords.verifyElementVisible(WebUiBuiltInKeywords.groovy:376)
	at com.kms.katalon.core.webui.keyword.WebUiBuiltInKeywords$verifyElementVisible$8.call(Unknown Source)
	at Extension_PTENonElectingSCorp_UI_TC.run(Extension_PTENonElectingSCorp_UI_TC:115)
	at com.kms.katalon.core.main.ScriptEngine.run(ScriptEngine.java:194)
	at com.kms.katalon.core.main.ScriptEngine.runScriptAsRawText(ScriptEngine.java:119)
	at com.kms.katalon.core.main.TestCaseExecutor.runScript(TestCaseExecutor.java:448)
	at com.kms.katalon.core.main.TestCaseExecutor.doExecute(TestCaseExecutor.java:439)
	at com.kms.katalon.core.main.TestCaseExecutor.processExecutionPhase(TestCaseExecutor.java:418)
	at com.kms.katalon.core.main.TestCaseExecutor.accessMainPhase(TestCaseExecutor.java:410)
	at com.kms.katalon.core.main.TestCaseExecutor.execute(TestCaseExecutor.java:285)
	at com.kms.katalon.core.common.CommonExecutor.accessTestCaseMainPhase(CommonExecutor.java:65)
	at com.kms.katalon.core.main.TestSuiteExecutor.accessTestSuiteMainPhase(TestSuiteExecutor.java:148)
	at com.kms.katalon.core.main.TestSuiteExecutor.execute(TestSuiteExecutor.java:106)
	at com.kms.katalon.core.main.TestCaseMain.startTestSuite(TestCaseMain.java:187)
	at com.kms.katalon.core.main.TestCaseMain$startTestSuite$0.call(Unknown Source)
	at TempTestSuite1695765482532.run(TempTestSuite1695765482532.groovy:36)
)

2023-09-26 18:08:31 - [MESSAGE][FAILED] - Object 'Object Repository/RAD_Pages/TaxInfo_Page/input_FederalEIN-2' is NOT visible (Root cause: com.kms.katalon.core.exception.StepFailedException: Object 'Object Repository/RAD_Pages/TaxInfo_Page/input_FederalEIN-2' is NOT visible
	at com.kms.katalon.core.webui.keyword.internal.WebUIKeywordMain.stepFailed(WebUIKeywordMain.groovy:64)
	at com.kms.katalon.core.webui.keyword.builtin.VerifyElementVisibleKeyword$_verifyElementVisible_closure1.doCall(VerifyElementVisibleKeyword.groovy:83)
	at com.kms.katalon.core.webui.keyword.builtin.VerifyElementVisibleKeyword$_verifyElementVisible_closure1.call(VerifyElementVisibleKeyword.groovy)
	at com.kms.katalon.core.webui.keyword.internal.WebUIKeywordMain.runKeyword(WebUIKeywordMain.groovy:20)
	at com.kms.katalon.core.webui.keyword.builtin.VerifyElementVisibleKeyword.verifyElementVisible(VerifyElementVisibleKeyword.groovy:97)
	at com.kms.katalon.core.webui.keyword.builtin.VerifyElementVisibleKeyword.execute(VerifyElementVisibleKeyword.groovy:67)
	at com.kms.katalon.core.keyword.internal.KeywordExecutor.executeKeywordForPlatform(KeywordExecutor.groovy:74)
	at com.kms.katalon.core.webui.keyword.WebUiBuiltInKeywords.verifyElementVisible(WebUiBuiltInKeywords.groovy:376)
	at com.kms.katalon.core.webui.keyword.WebUiBuiltInKeywords$verifyElementVisible$8.call(Unknown Source)
	at Extension_PTENonElectingSCorp_UI_TC.run(Extension_PTENonElectingSCorp_UI_TC:115)
	at com.kms.katalon.core.main.ScriptEngine.run(ScriptEngine.java:194)
	at com.kms.katalon.core.main.ScriptEngine.runScriptAsRawText(ScriptEngine.java:119)
	at com.kms.katalon.core.main.TestCaseExecutor.runScript(TestCaseExecutor.java:448)
	at com.kms.katalon.core.main.TestCaseExecutor.doExecute(TestCaseExecutor.java:439)
	at com.kms.katalon.core.main.TestCaseExecutor.processExecutionPhase(TestCaseExecutor.java:418)
	at com.kms.katalon.core.main.TestCaseExecutor.accessMainPhase(TestCaseExecutor.java:410)
	at com.kms.katalon.core.main.TestCaseExecutor.execute(TestCaseExecutor.java:285)
	at com.kms.katalon.core.common.CommonExecutor.accessTestCaseMainPhase(CommonExecutor.java:65)
	at com.kms.katalon.core.main.TestSuiteExecutor.accessTestSuiteMainPhase(TestSuiteExecutor.java:148)
	at com.kms.katalon.core.main.TestSuiteExecutor.execute(TestSuiteExecutor.java:106)
	at com.kms.katalon.core.main.TestCaseMain.startTestSuite(TestCaseMain.java:187)
	at com.kms.katalon.core.main.TestCaseMain$startTestSuite$0.call(Unknown Source)
	at TempTestSuite1695765482532.run(TempTestSuite1695765482532.groovy:36)
)
[[ATTACHMENT|E:\\Cloned-Project-Katalon\\VPS-Katalon\\Reports\\20230926_175802\\RAD_TestSuite\\RAD_UI_TestSuite\\20230926_175802\\1695766111675.png]]

2023-09-26 18:08:31 - [TEST_STEP][FAILED] - verifyElementVisible(findTestObject(orPath_TaxInfo + "/input_FederalEIN_ReEnter-2")): Object 'Object Repository/RAD_Pages/TaxInfo_Page/input_FederalEIN_ReEnter-2' is NOT visible (Root cause: com.kms.katalon.core.exception.StepFailedException: Object 'Object Repository/RAD_Pages/TaxInfo_Page/input_FederalEIN_ReEnter-2' is NOT visible
	at com.kms.katalon.core.webui.keyword.internal.WebUIKeywordMain.stepFailed(WebUIKeywordMain.groovy:64)
	at com.kms.katalon.core.webui.keyword.builtin.VerifyElementVisibleKeyword$_verifyElementVisible_closure1.doCall(VerifyElementVisibleKeyword.groovy:83)
	at com.kms.katalon.core.webui.keyword.builtin.VerifyElementVisibleKeyword$_verifyElementVisible_closure1.call(VerifyElementVisibleKeyword.groovy)
	at com.kms.katalon.core.webui.keyword.internal.WebUIKeywordMain.runKeyword(WebUIKeywordMain.groovy:20)
	at com.kms.katalon.core.webui.keyword.builtin.VerifyElementVisibleKeyword.verifyElementVisible(VerifyElementVisibleKeyword.groovy:97)
	at com.kms.katalon.core.webui.keyword.builtin.VerifyElementVisibleKeyword.execute(VerifyElementVisibleKeyword.groovy:67)
	at com.kms.katalon.core.keyword.internal.KeywordExecutor.executeKeywordForPlatform(KeywordExecutor.groovy:74)
	at com.kms.katalon.core.webui.keyword.WebUiBuiltInKeywords.verifyElementVisible(WebUiBuiltInKeywords.groovy:376)
	at com.kms.katalon.core.webui.keyword.WebUiBuiltInKeywords$verifyElementVisible$8.call(Unknown Source)
	at Extension_PTENonElectingSCorp_UI_TC.run(Extension_PTENonElectingSCorp_UI_TC:116)
	at com.kms.katalon.core.main.ScriptEngine.run(ScriptEngine.java:194)
	at com.kms.katalon.core.main.ScriptEngine.runScriptAsRawText(ScriptEngine.java:119)
	at com.kms.katalon.core.main.TestCaseExecutor.runScript(TestCaseExecutor.java:448)
	at com.kms.katalon.core.main.TestCaseExecutor.doExecute(TestCaseExecutor.java:439)
	at com.kms.katalon.core.main.TestCaseExecutor.processExecutionPhase(TestCaseExecutor.java:418)
	at com.kms.katalon.core.main.TestCaseExecutor.accessMainPhase(TestCaseExecutor.java:410)
	at com.kms.katalon.core.main.TestCaseExecutor.execute(TestCaseExecutor.java:285)
	at com.kms.katalon.core.common.CommonExecutor.accessTestCaseMainPhase(CommonExecutor.java:65)
	at com.kms.katalon.core.main.TestSuiteExecutor.accessTestSuiteMainPhase(TestSuiteExecutor.java:148)
	at com.kms.katalon.core.main.TestSuiteExecutor.execute(TestSuiteExecutor.java:106)
	at com.kms.katalon.core.main.TestCaseMain.startTestSuite(TestCaseMain.java:187)
	at com.kms.katalon.core.main.TestCaseMain$startTestSuite$0.call(Unknown Source)
	at TempTestSuite1695765482532.run(TempTestSuite1695765482532.groovy:36)
)

2023-09-26 18:08:32 - [MESSAGE][FAILED] - Object 'Object Repository/RAD_Pages/TaxInfo_Page/input_FederalEIN_ReEnter-2' is NOT visible (Root cause: com.kms.katalon.core.exception.StepFailedException: Object 'Object Repository/RAD_Pages/TaxInfo_Page/input_FederalEIN_ReEnter-2' is NOT visible
	at com.kms.katalon.core.webui.keyword.internal.WebUIKeywordMain.stepFailed(WebUIKeywordMain.groovy:64)
	at com.kms.katalon.core.webui.keyword.builtin.VerifyElementVisibleKeyword$_verifyElementVisible_closure1.doCall(VerifyElementVisibleKeyword.groovy:83)
	at com.kms.katalon.core.webui.keyword.builtin.VerifyElementVisibleKeyword$_verifyElementVisible_closure1.call(VerifyElementVisibleKeyword.groovy)
	at com.kms.katalon.core.webui.keyword.internal.WebUIKeywordMain.runKeyword(WebUIKeywordMain.groovy:20)
	at com.kms.katalon.core.webui.keyword.builtin.VerifyElementVisibleKeyword.verifyElementVisible(VerifyElementVisibleKeyword.groovy:97)
	at com.kms.katalon.core.webui.keyword.builtin.VerifyElementVisibleKeyword.execute(VerifyElementVisibleKeyword.groovy:67)
	at com.kms.katalon.core.keyword.internal.KeywordExecutor.executeKeywordForPlatform(KeywordExecutor.groovy:74)
	at com.kms.katalon.core.webui.keyword.WebUiBuiltInKeywords.verifyElementVisible(WebUiBuiltInKeywords.groovy:376)
	at com.kms.katalon.core.webui.keyword.WebUiBuiltInKeywords$verifyElementVisible$8.call(Unknown Source)
	at Extension_PTENonElectingSCorp_UI_TC.run(Extension_PTENonElectingSCorp_UI_TC:116)
	at com.kms.katalon.core.main.ScriptEngine.run(ScriptEngine.java:194)
	at com.kms.katalon.core.main.ScriptEngine.runScriptAsRawText(ScriptEngine.java:119)
	at com.kms.katalon.core.main.TestCaseExecutor.runScript(TestCaseExecutor.java:448)
	at com.kms.katalon.core.main.TestCaseExecutor.doExecute(TestCaseExecutor.java:439)
	at com.kms.katalon.core.main.TestCaseExecutor.processExecutionPhase(TestCaseExecutor.java:418)
	at com.kms.katalon.core.main.TestCaseExecutor.accessMainPhase(TestCaseExecutor.java:410)
	at com.kms.katalon.core.main.TestCaseExecutor.execute(TestCaseExecutor.java:285)
	at com.kms.katalon.core.common.CommonExecutor.accessTestCaseMainPhase(CommonExecutor.java:65)
	at com.kms.katalon.core.main.TestSuiteExecutor.accessTestSuiteMainPhase(TestSuiteExecutor.java:148)
	at com.kms.katalon.core.main.TestSuiteExecutor.execute(TestSuiteExecutor.java:106)
	at com.kms.katalon.core.main.TestCaseMain.startTestSuite(TestCaseMain.java:187)
	at com.kms.katalon.core.main.TestCaseMain$startTestSuite$0.call(Unknown Source)
	at TempTestSuite1695765482532.run(TempTestSuite1695765482532.groovy:36)
)
[[ATTACHMENT|E:\\Cloned-Project-Katalon\\VPS-Katalon\\Reports\\20230926_175802\\RAD_TestSuite\\RAD_UI_TestSuite\\20230926_175802\\1695766112305.png]]

2023-09-26 18:08:32 - [TEST_STEP][PASSED] - verifyElementNotVisible(findTestObject(orPath_FilingStatus + "/input_userType_Individual")): Object 'Object Repository/RAD_Pages/FilingStatus_Page/input_userType_Individual' is NOT visible

2023-09-26 18:08:32 - [MESSAGE][PASSED] - Object 'Object Repository/RAD_Pages/FilingStatus_Page/input_userType_Individual' is NOT visible

2023-09-26 18:08:32 - [TEST_STEP][PASSED] - verifyElementNotVisible(findTestObject(orPath_FilingStatus + "/input_userType_Joint")): Object 'Object Repository/RAD_Pages/FilingStatus_Page/input_userType_Joint' is NOT visible

2023-09-26 18:08:33 - [MESSAGE][PASSED] - Object 'Object Repository/RAD_Pages/FilingStatus_Page/input_userType_Joint' is NOT visible

2023-09-26 18:08:33 - [TEST_STEP][PASSED] - verifyElementNotVisible(findTestObject(orPath_TaxInfo + "/input_NoticeInvoiceNumber")): Object 'Object Repository/RAD_Pages/TaxInfo_Page/input_NoticeInvoiceNumber' is NOT visible

2023-09-26 18:08:33 - [MESSAGE][PASSED] - Object 'Object Repository/RAD_Pages/TaxInfo_Page/input_NoticeInvoiceNumber' is NOT visible

2023-09-26 18:08:33 - [TEST_STEP][PASSED] - verifyElementNotVisible(findTestObject(orPath_TaxInfo + "/input_reTypeNoticeInvoiceNumber")): Object 'Object Repository/RAD_Pages/TaxInfo_Page/input_reTypeNoticeInvoiceNumber' is NOT visible

2023-09-26 18:08:33 - [MESSAGE][PASSED] - Object 'Object Repository/RAD_Pages/TaxInfo_Page/input_reTypeNoticeInvoiceNumber' is NOT visible

2023-09-26 18:08:33 - [TEST_STEP][PASSED] - verifyElementNotVisible(findTestObject(orPath_TaxInfo + "/input_MDCRegistrationEL")): Object 'Object Repository/RAD_Pages/TaxInfo_Page/input_MDCRegistrationEL' is NOT visible

2023-09-26 18:08:34 - [MESSAGE][PASSED] - Object 'Object Repository/RAD_Pages/TaxInfo_Page/input_MDCRegistrationEL' is NOT visible

2023-09-26 18:08:34 - [TEST_STEP][PASSED] - verifyTextPresent("Payment Amount", true): Text 'Payment Amount' is present on page  using regular expression

2023-09-26 18:08:34 - [MESSAGE][PASSED] - Text 'Payment Amount' is present on page  using regular expression

2023-09-26 18:08:34 - [TEST_STEP][PASSED] - verifyElementPresent(findTestObject(orPath_Amount + "/input__paymentAmount"), 30): Object 'Object Repository/RAD_Pages/PaymentAmount_Page/input__paymentAmount' is present

2023-09-26 18:08:34 - [MESSAGE][PASSED] - Object 'Object Repository/RAD_Pages/PaymentAmount_Page/input__paymentAmount' is present

2023-09-26 18:08:34 - [TEST_STEP][PASSED] - verifyElementVisible(findTestObject(orPath_Amount + "/input__paymentAmount")): Object 'Object Repository/RAD_Pages/PaymentAmount_Page/input__paymentAmount' is visible

2023-09-26 18:08:35 - [MESSAGE][PASSED] - Object 'Object Repository/RAD_Pages/PaymentAmount_Page/input__paymentAmount' is visible

2023-09-26 18:08:35 - [TEST_STEP][PASSED] - verifyTextPresent("Service Fee: This electronic government service includes a service/convenience fee. Click here for details", true): Text 'Service Fee: This electronic government service includes a service/convenience fee. Click here for details' is present on page  using regular expression

2023-09-26 18:08:35 - [MESSAGE][PASSED] - Text 'Service Fee: This electronic government service includes a service/convenience fee. Click here for details' is present on page  using regular expression

2023-09-26 18:08:35 - [TEST_STEP][PASSED] - verifyElementPresent(findTestObject(orPath_Amount + "/a_Click here for details"), 30): Object 'Object Repository/RAD_Pages/PaymentAmount_Page/a_Click here for details' is present

2023-09-26 18:08:35 - [MESSAGE][PASSED] - Object 'Object Repository/RAD_Pages/PaymentAmount_Page/a_Click here for details' is present

2023-09-26 18:08:35 - [TEST_STEP][PASSED] - verifyElementPresent(findTestObject(orPath_Landing + "/button_Continue"), 30): Object 'Object Repository/RAD_Pages/Landing_Page/button_Continue' is present

2023-09-26 18:08:36 - [MESSAGE][PASSED] - Object 'Object Repository/RAD_Pages/Landing_Page/button_Continue' is present]]></system-out>
         <system-err><![CDATA[2023-09-26 18:08:10 - [TEST_CASE][FAILED] - Test Cases/RAD_TestCases/UI_TestCases/Extension/Extension_PTENonElectingSCorp_UI_TC: Test Cases/RAD_TestCases/UI_TestCases/Extension/Extension_PTENonElectingSCorp_UI_TC FAILED.
Reason:
com.kms.katalon.core.exception.StepFailedException: Object 'Object Repository/RAD_Pages/TaxInfo_Page/input_FederalEIN-2' is NOT visible (Root cause: com.kms.katalon.core.exception.StepFailedException: Object 'Object Repository/RAD_Pages/TaxInfo_Page/input_FederalEIN-2' is NOT visible
	at com.kms.katalon.core.webui.keyword.internal.WebUIKeywordMain.stepFailed(WebUIKeywordMain.groovy:64)
	at com.kms.katalon.core.webui.keyword.builtin.VerifyElementVisibleKeyword$_verifyElementVisible_closure1.doCall(VerifyElementVisibleKeyword.groovy:83)
	at com.kms.katalon.core.webui.keyword.builtin.VerifyElementVisibleKeyword$_verifyElementVisible_closure1.call(VerifyElementVisibleKeyword.groovy)
	at com.kms.katalon.core.webui.keyword.internal.WebUIKeywordMain.runKeyword(WebUIKeywordMain.groovy:20)
	at com.kms.katalon.core.webui.keyword.builtin.VerifyElementVisibleKeyword.verifyElementVisible(VerifyElementVisibleKeyword.groovy:97)
	at com.kms.katalon.core.webui.keyword.builtin.VerifyElementVisibleKeyword.execute(VerifyElementVisibleKeyword.groovy:67)
	at com.kms.katalon.core.keyword.internal.KeywordExecutor.executeKeywordForPlatform(KeywordExecutor.groovy:74)
	at com.kms.katalon.core.webui.keyword.WebUiBuiltInKeywords.verifyElementVisible(WebUiBuiltInKeywords.groovy:376)
	at com.kms.katalon.core.webui.keyword.WebUiBuiltInKeywords$verifyElementVisible$8.call(Unknown Source)
	at Extension_PTENonElectingSCorp_UI_TC.run(Extension_PTENonElectingSCorp_UI_TC:115)
	at com.kms.katalon.core.main.ScriptEngine.run(ScriptEngine.java:194)
	at com.kms.katalon.core.main.ScriptEngine.runScriptAsRawText(ScriptEngine.java:119)
	at com.kms.katalon.core.main.TestCaseExecutor.runScript(TestCaseExecutor.java:448)
	at com.kms.katalon.core.main.TestCaseExecutor.doExecute(TestCaseExecutor.java:439)
	at com.kms.katalon.core.main.TestCaseExecutor.processExecutionPhase(TestCaseExecutor.java:418)
	at com.kms.katalon.core.main.TestCaseExecutor.accessMainPhase(TestCaseExecutor.java:410)
	at com.kms.katalon.core.main.TestCaseExecutor.execute(TestCaseExecutor.java:285)
	at com.kms.katalon.core.common.CommonExecutor.accessTestCaseMainPhase(CommonExecutor.java:65)
	at com.kms.katalon.core.main.TestSuiteExecutor.accessTestSuiteMainPhase(TestSuiteExecutor.java:148)
	at com.kms.katalon.core.main.TestSuiteExecutor.execute(TestSuiteExecutor.java:106)
	at com.kms.katalon.core.main.TestCaseMain.startTestSuite(TestCaseMain.java:187)
	at com.kms.katalon.core.main.TestCaseMain$startTestSuite$0.call(Unknown Source)
	at TempTestSuite1695765482532.run(TempTestSuite1695765482532.groovy:36)
)
	at com.kms.katalon.core.keyword.internal.KeywordMain.stepFailed(KeywordMain.groovy:39)
	at com.kms.katalon.core.webui.keyword.internal.WebUIKeywordMain.stepFailed(WebUIKeywordMain.groovy:64)
	at com.kms.katalon.core.webui.keyword.builtin.VerifyElementVisibleKeyword$_verifyElementVisible_closure1.doCall(VerifyElementVisibleKeyword.groovy:83)
	at com.kms.katalon.core.webui.keyword.builtin.VerifyElementVisibleKeyword$_verifyElementVisible_closure1.call(VerifyElementVisibleKeyword.groovy)
	at com.kms.katalon.core.webui.keyword.internal.WebUIKeywordMain.runKeyword(WebUIKeywordMain.groovy:20)
	at com.kms.katalon.core.webui.keyword.builtin.VerifyElementVisibleKeyword.verifyElementVisible(VerifyElementVisibleKeyword.groovy:97)
	at com.kms.katalon.core.webui.keyword.builtin.VerifyElementVisibleKeyword.execute(VerifyElementVisibleKeyword.groovy:67)
	at com.kms.katalon.core.keyword.internal.KeywordExecutor.executeKeywordForPlatform(KeywordExecutor.groovy:74)
	at com.kms.katalon.core.webui.keyword.WebUiBuiltInKeywords.verifyElementVisible(WebUiBuiltInKeywords.groovy:376)
	at com.kms.katalon.core.webui.keyword.WebUiBuiltInKeywords$verifyElementVisible$8.call(Unknown Source)
	at Extension_PTENonElectingSCorp_UI_TC.run(Extension_PTENonElectingSCorp_UI_TC:115)
	at com.kms.katalon.core.main.ScriptEngine.run(ScriptEngine.java:194)
	at com.kms.katalon.core.main.ScriptEngine.runScriptAsRawText(ScriptEngine.java:119)
	at com.kms.katalon.core.main.TestCaseExecutor.runScript(TestCaseExecutor.java:448)
	at com.kms.katalon.core.main.TestCaseExecutor.doExecute(TestCaseExecutor.java:439)
	at com.kms.katalon.core.main.TestCaseExecutor.processExecutionPhase(TestCaseExecutor.java:418)
	at com.kms.katalon.core.main.TestCaseExecutor.accessMainPhase(TestCaseExecutor.java:410)
	at com.kms.katalon.core.main.TestCaseExecutor.execute(TestCaseExecutor.java:285)
	at com.kms.katalon.core.common.CommonExecutor.accessTestCaseMainPhase(CommonExecutor.java:65)
	at com.kms.katalon.core.main.TestSuiteExecutor.accessTestSuiteMainPhase(TestSuiteExecutor.java:148)
	at com.kms.katalon.core.main.TestSuiteExecutor.execute(TestSuiteExecutor.java:106)
	at com.kms.katalon.core.main.TestCaseMain.startTestSuite(TestCaseMain.java:187)
	at com.kms.katalon.core.main.TestCaseMain$startTestSuite$0.call(Unknown Source)
	at TempTestSuite1695765482532.run(TempTestSuite1695765482532.groovy:36)
Caused by: com.kms.katalon.core.exception.StepFailedException: Object 'Object Repository/RAD_Pages/TaxInfo_Page/input_FederalEIN-2' is NOT visible
	... 23 more]]></system-err>
      </testcase>
      <testcase name="Test Cases/RAD_TestCases/UI_TestCases/Extension/Extension_PTETaxElectingNonSCorp_UI_TC" time="27.094" classname="Test Cases/RAD_TestCases/UI_TestCases/Extension/Extension_PTETaxElectingNonSCorp_UI_TC" status="FAILED">
         <failure type="FAILED" message="Test Cases/RAD_TestCases/UI_TestCases/Extension/Extension_PTETaxElectingNonSCorp_UI_TC FAILED.
Reason:
com.kms.katalon.core.exception.StepFailedException: Object 'Object Repository/RAD_Pages/TaxInfo_Page/input_FederalEIN-2' is NOT visible (Root cause: com.kms.katalon.core.exception.StepFailedException: Object 'Object Repository/RAD_Pages/TaxInfo_Page/input_FederalEIN-2' is NOT visible
	at com.kms.katalon.core.webui.keyword.internal.WebUIKeywordMain.stepFailed(WebUIKeywordMain.groovy:64)
	at com.kms.katalon.core.webui.keyword.builtin.VerifyElementVisibleKeyword$_verifyElementVisible_closure1.doCall(VerifyElementVisibleKeyword.groovy:83)
	at com.kms.katalon.core.webui.keyword.builtin.VerifyElementVisibleKeyword$_verifyElementVisible_closure1.call(VerifyElementVisibleKeyword.groovy)
	at com.kms.katalon.core.webui.keyword.internal.WebUIKeywordMain.runKeyword(WebUIKeywordMain.groovy:20)
	at com.kms.katalon.core.webui.keyword.builtin.VerifyElementVisibleKeyword.verifyElementVisible(VerifyElementVisibleKeyword.groovy:97)
	at com.kms.katalon.core.webui.keyword.builtin.VerifyElementVisibleKeyword.execute(VerifyElementVisibleKeyword.groovy:67)
	at com.kms.katalon.core.keyword.internal.KeywordExecutor.executeKeywordForPlatform(KeywordExecutor.groovy:74)
	at com.kms.katalon.core.webui.keyword.WebUiBuiltInKeywords.verifyElementVisible(WebUiBuiltInKeywords.groovy:376)
	at com.kms.katalon.core.webui.keyword.WebUiBuiltInKeywords$verifyElementVisible$8.call(Unknown Source)
	at Extension_PTETaxElectingNonSCorp_UI_TC.run(Extension_PTETaxElectingNonSCorp_UI_TC:115)
	at com.kms.katalon.core.main.ScriptEngine.run(ScriptEngine.java:194)
	at com.kms.katalon.core.main.ScriptEngine.runScriptAsRawText(ScriptEngine.java:119)
	at com.kms.katalon.core.main.TestCaseExecutor.runScript(TestCaseExecutor.java:448)
	at com.kms.katalon.core.main.TestCaseExecutor.doExecute(TestCaseExecutor.java:439)
	at com.kms.katalon.core.main.TestCaseExecutor.processExecutionPhase(TestCaseExecutor.java:418)
	at com.kms.katalon.core.main.TestCaseExecutor.accessMainPhase(TestCaseExecutor.java:410)
	at com.kms.katalon.core.main.TestCaseExecutor.execute(TestCaseExecutor.java:285)
	at com.kms.katalon.core.common.CommonExecutor.accessTestCaseMainPhase(CommonExecutor.java:65)
	at com.kms.katalon.core.main.TestSuiteExecutor.accessTestSuiteMainPhase(TestSuiteExecutor.java:148)
	at com.kms.katalon.core.main.TestSuiteExecutor.execute(TestSuiteExecutor.java:106)
	at com.kms.katalon.core.main.TestCaseMain.startTestSuite(TestCaseMain.java:187)
	at com.kms.katalon.core.main.TestCaseMain$startTestSuite$0.call(Unknown Source)
	at TempTestSuite1695765482532.run(TempTestSuite1695765482532.groovy:36)
)
	at com.kms.katalon.core.keyword.internal.KeywordMain.stepFailed(KeywordMain.groovy:39)
	at com.kms.katalon.core.webui.keyword.internal.WebUIKeywordMain.stepFailed(WebUIKeywordMain.groovy:64)
	at com.kms.katalon.core.webui.keyword.builtin.VerifyElementVisibleKeyword$_verifyElementVisible_closure1.doCall(VerifyElementVisibleKeyword.groovy:83)
	at com.kms.katalon.core.webui.keyword.builtin.VerifyElementVisibleKeyword$_verifyElementVisible_closure1.call(VerifyElementVisibleKeyword.groovy)
	at com.kms.katalon.core.webui.keyword.internal.WebUIKeywordMain.runKeyword(WebUIKeywordMain.groovy:20)
	at com.kms.katalon.core.webui.keyword.builtin.VerifyElementVisibleKeyword.verifyElementVisible(VerifyElementVisibleKeyword.groovy:97)
	at com.kms.katalon.core.webui.keyword.builtin.VerifyElementVisibleKeyword.execute(VerifyElementVisibleKeyword.groovy:67)
	at com.kms.katalon.core.keyword.internal.KeywordExecutor.executeKeywordForPlatform(KeywordExecutor.groovy:74)
	at com.kms.katalon.core.webui.keyword.WebUiBuiltInKeywords.verifyElementVisible(WebUiBuiltInKeywords.groovy:376)
	at com.kms.katalon.core.webui.keyword.WebUiBuiltInKeywords$verifyElementVisible$8.call(Unknown Source)
	at Extension_PTETaxElectingNonSCorp_UI_TC.run(Extension_PTETaxElectingNonSCorp_UI_TC:115)
	at com.kms.katalon.core.main.ScriptEngine.run(ScriptEngine.java:194)
	at com.kms.katalon.core.main.ScriptEngine.runScriptAsRawText(ScriptEngine.java:119)
	at com.kms.katalon.core.main.TestCaseExecutor.runScript(TestCaseExecutor.java:448)
	at com.kms.katalon.core.main.TestCaseExecutor.doExecute(TestCaseExecutor.java:439)
	at com.kms.katalon.core.main.TestCaseExecutor.processExecutionPhase(TestCaseExecutor.java:418)
	at com.kms.katalon.core.main.TestCaseExecutor.accessMainPhase(TestCaseExecutor.java:410)
	at com.kms.katalon.core.main.TestCaseExecutor.execute(TestCaseExecutor.java:285)
	at com.kms.katalon.core.common.CommonExecutor.accessTestCaseMainPhase(CommonExecutor.java:65)
	at com.kms.katalon.core.main.TestSuiteExecutor.accessTestSuiteMainPhase(TestSuiteExecutor.java:148)
	at com.kms.katalon.core.main.TestSuiteExecutor.execute(TestSuiteExecutor.java:106)
	at com.kms.katalon.core.main.TestCaseMain.startTestSuite(TestCaseMain.java:187)
	at com.kms.katalon.core.main.TestCaseMain$startTestSuite$0.call(Unknown Source)
	at TempTestSuite1695765482532.run(TempTestSuite1695765482532.groovy:36)
Caused by: com.kms.katalon.core.exception.StepFailedException: Object 'Object Repository/RAD_Pages/TaxInfo_Page/input_FederalEIN-2' is NOT visible
	... 23 more
"/>
         <system-out><![CDATA[2023-09-26 18:08:36 - [TEST_CASE][FAILED] - Test Cases/RAD_TestCases/UI_TestCases/Extension/Extension_PTETaxElectingNonSCorp_UI_TC: Test Cases/RAD_TestCases/UI_TestCases/Extension/Extension_PTETaxElectingNonSCorp_UI_TC FAILED.
Reason:
com.kms.katalon.core.exception.StepFailedException: Object 'Object Repository/RAD_Pages/TaxInfo_Page/input_FederalEIN-2' is NOT visible (Root cause: com.kms.katalon.core.exception.StepFailedException: Object 'Object Repository/RAD_Pages/TaxInfo_Page/input_FederalEIN-2' is NOT visible
	at com.kms.katalon.core.webui.keyword.internal.WebUIKeywordMain.stepFailed(WebUIKeywordMain.groovy:64)
	at com.kms.katalon.core.webui.keyword.builtin.VerifyElementVisibleKeyword$_verifyElementVisible_closure1.doCall(VerifyElementVisibleKeyword.groovy:83)
	at com.kms.katalon.core.webui.keyword.builtin.VerifyElementVisibleKeyword$_verifyElementVisible_closure1.call(VerifyElementVisibleKeyword.groovy)
	at com.kms.katalon.core.webui.keyword.internal.WebUIKeywordMain.runKeyword(WebUIKeywordMain.groovy:20)
	at com.kms.katalon.core.webui.keyword.builtin.VerifyElementVisibleKeyword.verifyElementVisible(VerifyElementVisibleKeyword.groovy:97)
	at com.kms.katalon.core.webui.keyword.builtin.VerifyElementVisibleKeyword.execute(VerifyElementVisibleKeyword.groovy:67)
	at com.kms.katalon.core.keyword.internal.KeywordExecutor.executeKeywordForPlatform(KeywordExecutor.groovy:74)
	at com.kms.katalon.core.webui.keyword.WebUiBuiltInKeywords.verifyElementVisible(WebUiBuiltInKeywords.groovy:376)
	at com.kms.katalon.core.webui.keyword.WebUiBuiltInKeywords$verifyElementVisible$8.call(Unknown Source)
	at Extension_PTETaxElectingNonSCorp_UI_TC.run(Extension_PTETaxElectingNonSCorp_UI_TC:115)
	at com.kms.katalon.core.main.ScriptEngine.run(ScriptEngine.java:194)
	at com.kms.katalon.core.main.ScriptEngine.runScriptAsRawText(ScriptEngine.java:119)
	at com.kms.katalon.core.main.TestCaseExecutor.runScript(TestCaseExecutor.java:448)
	at com.kms.katalon.core.main.TestCaseExecutor.doExecute(TestCaseExecutor.java:439)
	at com.kms.katalon.core.main.TestCaseExecutor.processExecutionPhase(TestCaseExecutor.java:418)
	at com.kms.katalon.core.main.TestCaseExecutor.accessMainPhase(TestCaseExecutor.java:410)
	at com.kms.katalon.core.main.TestCaseExecutor.execute(TestCaseExecutor.java:285)
	at com.kms.katalon.core.common.CommonExecutor.accessTestCaseMainPhase(CommonExecutor.java:65)
	at com.kms.katalon.core.main.TestSuiteExecutor.accessTestSuiteMainPhase(TestSuiteExecutor.java:148)
	at com.kms.katalon.core.main.TestSuiteExecutor.execute(TestSuiteExecutor.java:106)
	at com.kms.katalon.core.main.TestCaseMain.startTestSuite(TestCaseMain.java:187)
	at com.kms.katalon.core.main.TestCaseMain$startTestSuite$0.call(Unknown Source)
	at TempTestSuite1695765482532.run(TempTestSuite1695765482532.groovy:36)
)
	at com.kms.katalon.core.keyword.internal.KeywordMain.stepFailed(KeywordMain.groovy:39)
	at com.kms.katalon.core.webui.keyword.internal.WebUIKeywordMain.stepFailed(WebUIKeywordMain.groovy:64)
	at com.kms.katalon.core.webui.keyword.builtin.VerifyElementVisibleKeyword$_verifyElementVisible_closure1.doCall(VerifyElementVisibleKeyword.groovy:83)
	at com.kms.katalon.core.webui.keyword.builtin.VerifyElementVisibleKeyword$_verifyElementVisible_closure1.call(VerifyElementVisibleKeyword.groovy)
	at com.kms.katalon.core.webui.keyword.internal.WebUIKeywordMain.runKeyword(WebUIKeywordMain.groovy:20)
	at com.kms.katalon.core.webui.keyword.builtin.VerifyElementVisibleKeyword.verifyElementVisible(VerifyElementVisibleKeyword.groovy:97)
	at com.kms.katalon.core.webui.keyword.builtin.VerifyElementVisibleKeyword.execute(VerifyElementVisibleKeyword.groovy:67)
	at com.kms.katalon.core.keyword.internal.KeywordExecutor.executeKeywordForPlatform(KeywordExecutor.groovy:74)
	at com.kms.katalon.core.webui.keyword.WebUiBuiltInKeywords.verifyElementVisible(WebUiBuiltInKeywords.groovy:376)
	at com.kms.katalon.core.webui.keyword.WebUiBuiltInKeywords$verifyElementVisible$8.call(Unknown Source)
	at Extension_PTETaxElectingNonSCorp_UI_TC.run(Extension_PTETaxElectingNonSCorp_UI_TC:115)
	at com.kms.katalon.core.main.ScriptEngine.run(ScriptEngine.java:194)
	at com.kms.katalon.core.main.ScriptEngine.runScriptAsRawText(ScriptEngine.java:119)
	at com.kms.katalon.core.main.TestCaseExecutor.runScript(TestCaseExecutor.java:448)
	at com.kms.katalon.core.main.TestCaseExecutor.doExecute(TestCaseExecutor.java:439)
	at com.kms.katalon.core.main.TestCaseExecutor.processExecutionPhase(TestCaseExecutor.java:418)
	at com.kms.katalon.core.main.TestCaseExecutor.accessMainPhase(TestCaseExecutor.java:410)
	at com.kms.katalon.core.main.TestCaseExecutor.execute(TestCaseExecutor.java:285)
	at com.kms.katalon.core.common.CommonExecutor.accessTestCaseMainPhase(CommonExecutor.java:65)
	at com.kms.katalon.core.main.TestSuiteExecutor.accessTestSuiteMainPhase(TestSuiteExecutor.java:148)
	at com.kms.katalon.core.main.TestSuiteExecutor.execute(TestSuiteExecutor.java:106)
	at com.kms.katalon.core.main.TestCaseMain.startTestSuite(TestCaseMain.java:187)
	at com.kms.katalon.core.main.TestCaseMain$startTestSuite$0.call(Unknown Source)
	at TempTestSuite1695765482532.run(TempTestSuite1695765482532.groovy:36)
Caused by: com.kms.katalon.core.exception.StepFailedException: Object 'Object Repository/RAD_Pages/TaxInfo_Page/input_FederalEIN-2' is NOT visible
	... 23 more


2023-09-26 18:08:36 - [TEST_STEP][PASSED] - openBrowser(""): Browser is opened with url: ''

2023-09-26 18:08:36 - [MESSAGE][WARNING] - A browser is already opened. Closing browser and opening a new one

2023-09-26 18:08:37 - [MESSAGE][INFO] - Starting 'Chrome' driver

2023-09-26 18:08:37 - [MESSAGE][INFO] - User set preference: ['acceptInsecureCerts', 'true']

2023-09-26 18:08:37 - [MESSAGE][INFO] - Action delay is set to 0 milliseconds

2023-09-26 18:08:39 - [MESSAGE][PASSED] - Browser is opened with url: ''

2023-09-26 18:08:39 - [TEST_STEP][PASSED] - maximizeWindow(): Current window maximized

2023-09-26 18:08:39 - [MESSAGE][PASSED] - Current window maximized

2023-09-26 18:08:39 - [TEST_STEP][PASSED] - navigateToUrl(RADurl): Navigate to 'https://qa2.velocitypayment.com/client/rad/index.html' successfully

2023-09-26 18:08:41 - [MESSAGE][PASSED] - Navigate to 'https://qa2.velocitypayment.com/client/rad/index.html' successfully

2023-09-26 18:08:41 - [TEST_STEP][PASSED] - orPath_Landing = "Object Repository/RAD_Pages/Landing_Page": null

2023-09-26 18:08:41 - [TEST_STEP][PASSED] - orPath_TaxTypeFilingYear = "Object Repository/RAD_Pages/TaxTypeFilingYear_Page": null

2023-09-26 18:08:41 - [TEST_STEP][PASSED] - orPath_TaxPayer = "Object Repository/RAD_Pages/Taxpayer_Page": null

2023-09-26 18:08:41 - [TEST_STEP][PASSED] - orPath_AddressContact = "Object Repository/RAD_Pages/AddressAndContactInfo_Page": null

2023-09-26 18:08:41 - [TEST_STEP][PASSED] - orPath_FilingStatus = "Object Repository/RAD_Pages/FilingStatus_Page": null

2023-09-26 18:08:41 - [TEST_STEP][PASSED] - orPath_Amount = "Object Repository/RAD_Pages/PaymentAmount_Page": null

2023-09-26 18:08:41 - [TEST_STEP][PASSED] - orPath_TaxInfo = "Object Repository/RAD_Pages/TaxInfo_Page": null

2023-09-26 18:08:41 - [TEST_STEP][PASSED] - verifyTextPresent("Payment Type/Filing Year", true): Text 'Payment Type/Filing Year' is present on page  using regular expression

2023-09-26 18:08:41 - [MESSAGE][PASSED] - Text 'Payment Type/Filing Year' is present on page  using regular expression

2023-09-26 18:08:41 - [TEST_STEP][PASSED] - selectOptionByLabel(findTestObject(orPath_Landing + "/dd_TaxType"), "Extension Payments", false): All options with label 'Extension Payments' are selected in object 'Object Repository/RAD_Pages/Landing_Page/dd_TaxType' 

2023-09-26 18:08:42 - [MESSAGE][PASSED] - All options with label 'Extension Payments' are selected in object 'Object Repository/RAD_Pages/Landing_Page/dd_TaxType' 

2023-09-26 18:08:42 - [TEST_STEP][PASSED] - selectOptionByLabel(findTestObject(orPath_TaxTypeFilingYear + "/select_PaymentType"), "PTE Tax Electing Non-S Corp", false): All options with label 'PTE Tax Electing Non-S Corp' are selected in object 'Object Repository/RAD_Pages/TaxTypeFilingYear_Page/select_PaymentType' 

2023-09-26 18:08:43 - [MESSAGE][PASSED] - All options with label 'PTE Tax Electing Non-S Corp' are selected in object 'Object Repository/RAD_Pages/TaxTypeFilingYear_Page/select_PaymentType' 

2023-09-26 18:08:43 - [TEST_STEP][PASSED] - verifyElementPresent(findTestObject(orPath_TaxTypeFilingYear + "/select_FilingYear"), 30): Object 'Object Repository/RAD_Pages/TaxTypeFilingYear_Page/select_FilingYear' is present

2023-09-26 18:08:43 - [MESSAGE][PASSED] - Object 'Object Repository/RAD_Pages/TaxTypeFilingYear_Page/select_FilingYear' is present

2023-09-26 18:08:43 - [TEST_STEP][PASSED] - verifyElementVisible(findTestObject(orPath_TaxTypeFilingYear + "/select_FilingYear")): Object 'Object Repository/RAD_Pages/TaxTypeFilingYear_Page/select_FilingYear' is visible

2023-09-26 18:08:43 - [MESSAGE][PASSED] - Object 'Object Repository/RAD_Pages/TaxTypeFilingYear_Page/select_FilingYear' is visible

2023-09-26 18:08:43 - [TEST_STEP][PASSED] - totalOptionsFilingYear = getNumberOfTotalOption(findTestObject(orPath_TaxTypeFilingYear + "/select_FilingYear")): 1 options of object 'Object Repository/RAD_Pages/TaxTypeFilingYear_Page/select_FilingYear' counted

2023-09-26 18:08:44 - [MESSAGE][PASSED] - 1 options of object 'Object Repository/RAD_Pages/TaxTypeFilingYear_Page/select_FilingYear' counted

2023-09-26 18:08:44 - [TEST_STEP][PASSED] - verifyEqual(totalOptionsFilingYear, 1): Actual object '1' and expected object '1' are equal

2023-09-26 18:08:44 - [MESSAGE][PASSED] - Actual object '1' and expected object '1' are equal

2023-09-26 18:08:44 - [TEST_STEP][PASSED] - verifyOptionsPresent(findTestObject(orPath_TaxTypeFilingYear + "/select_FilingYear"), ["2022"]): Options [2022] present.

2023-09-26 18:08:45 - [MESSAGE][PASSED] - Options [2022] present.

2023-09-26 18:08:45 - [TEST_STEP][PASSED] - verifyElementNotVisible(findTestObject(orPath_TaxTypeFilingYear + "/select_PeriodEnding")): Object 'Object Repository/RAD_Pages/TaxTypeFilingYear_Page/select_PeriodEnding' is NOT visible

2023-09-26 18:08:45 - [MESSAGE][PASSED] - Object 'Object Repository/RAD_Pages/TaxTypeFilingYear_Page/select_PeriodEnding' is NOT visible

2023-09-26 18:08:45 - [TEST_STEP][PASSED] - verifyTextPresent("Taxpayer", true): Text 'Taxpayer' is present on page  using regular expression

2023-09-26 18:08:45 - [MESSAGE][PASSED] - Text 'Taxpayer' is present on page  using regular expression

2023-09-26 18:08:45 - [TEST_STEP][PASSED] - verifyTextPresent("Provide the following taxpayer information", true): Text 'Provide the following taxpayer information' is present on page  using regular expression

2023-09-26 18:08:46 - [MESSAGE][PASSED] - Text 'Provide the following taxpayer information' is present on page  using regular expression

2023-09-26 18:08:46 - [TEST_STEP][PASSED] - verifyTextPresent("Note: If you are paying on behalf of the Taxpayer, enter Taxpayer", true): Text 'Note: If you are paying on behalf of the Taxpayer, enter Taxpayer' is present on page  using regular expression

2023-09-26 18:08:46 - [MESSAGE][PASSED] - Text 'Note: If you are paying on behalf of the Taxpayer, enter Taxpayer' is present on page  using regular expression

2023-09-26 18:08:46 - [TEST_STEP][PASSED] - verifyTextPresent("information here. If you are making a payment for the Taxpayer, you will be required later to enter your own credit card, billing address and other pertinent information", true): Text 'information here. If you are making a payment for the Taxpayer, you will be required later to enter your own credit card, billing address and other pertinent information' is present on page  using regular expression

2023-09-26 18:08:47 - [MESSAGE][PASSED] - Text 'information here. If you are making a payment for the Taxpayer, you will be required later to enter your own credit card, billing address and other pertinent information' is present on page  using regular expression

2023-09-26 18:08:47 - [TEST_STEP][PASSED] - verifyElementVisible(findTestObject(orPath_TaxPayer + "/input_Note_businessName")): Object 'Object Repository/RAD_Pages/Taxpayer_Page/input_Note_businessName' is visible

2023-09-26 18:08:47 - [MESSAGE][PASSED] - Object 'Object Repository/RAD_Pages/Taxpayer_Page/input_Note_businessName' is visible

2023-09-26 18:08:47 - [TEST_STEP][PASSED] - verifyElementVisible(findTestObject(orPath_TaxPayer + "/input_BusinessRepfirstName")): Object 'Object Repository/RAD_Pages/Taxpayer_Page/input_BusinessRepfirstName' is visible

2023-09-26 18:08:47 - [MESSAGE][PASSED] - Object 'Object Repository/RAD_Pages/Taxpayer_Page/input_BusinessRepfirstName' is visible

2023-09-26 18:08:47 - [TEST_STEP][PASSED] - verifyElementVisible(findTestObject(orPath_TaxPayer + "/input_BusinessRepmiddleName")): Object 'Object Repository/RAD_Pages/Taxpayer_Page/input_BusinessRepmiddleName' is visible

2023-09-26 18:08:48 - [MESSAGE][PASSED] - Object 'Object Repository/RAD_Pages/Taxpayer_Page/input_BusinessRepmiddleName' is visible

2023-09-26 18:08:48 - [TEST_STEP][PASSED] - verifyElementVisible(findTestObject(orPath_TaxPayer + "/input_BusinessReplastName")): Object 'Object Repository/RAD_Pages/Taxpayer_Page/input_BusinessReplastName' is visible

2023-09-26 18:08:48 - [MESSAGE][PASSED] - Object 'Object Repository/RAD_Pages/Taxpayer_Page/input_BusinessReplastName' is visible

2023-09-26 18:08:48 - [TEST_STEP][PASSED] - verifyElementVisible(findTestObject(orPath_TaxPayer + "/input_BusinessRepsuffix")): Object 'Object Repository/RAD_Pages/Taxpayer_Page/input_BusinessRepsuffix' is visible

2023-09-26 18:08:48 - [MESSAGE][PASSED] - Object 'Object Repository/RAD_Pages/Taxpayer_Page/input_BusinessRepsuffix' is visible

2023-09-26 18:08:48 - [TEST_STEP][PASSED] - verifyElementNotVisible(findTestObject(orPath_TaxPayer + "/input_firstName")): Object 'Object Repository/RAD_Pages/Taxpayer_Page/input_firstName' is NOT visible

2023-09-26 18:08:49 - [MESSAGE][PASSED] - Object 'Object Repository/RAD_Pages/Taxpayer_Page/input_firstName' is NOT visible

2023-09-26 18:08:49 - [TEST_STEP][PASSED] - verifyElementNotVisible(findTestObject(orPath_TaxPayer + "/input_middleName")): Object 'Object Repository/RAD_Pages/Taxpayer_Page/input_middleName' is NOT visible

2023-09-26 18:08:49 - [MESSAGE][PASSED] - Object 'Object Repository/RAD_Pages/Taxpayer_Page/input_middleName' is NOT visible

2023-09-26 18:08:49 - [TEST_STEP][PASSED] - verifyElementNotVisible(findTestObject(orPath_TaxPayer + "/input_lastName")): Object 'Object Repository/RAD_Pages/Taxpayer_Page/input_lastName' is NOT visible

2023-09-26 18:08:49 - [MESSAGE][PASSED] - Object 'Object Repository/RAD_Pages/Taxpayer_Page/input_lastName' is NOT visible

2023-09-26 18:08:49 - [TEST_STEP][PASSED] - verifyElementNotVisible(findTestObject(orPath_TaxPayer + "/input_suffix")): Object 'Object Repository/RAD_Pages/Taxpayer_Page/input_suffix' is NOT visible

2023-09-26 18:08:50 - [MESSAGE][PASSED] - Object 'Object Repository/RAD_Pages/Taxpayer_Page/input_suffix' is NOT visible

2023-09-26 18:08:50 - [TEST_STEP][PASSED] - verifyElementNotVisible(findTestObject("RAD_RecordAndPlay/input_concatSSN")): Object 'Object Repository/RAD_RecordAndPlay/input_concatSSN' is NOT visible

2023-09-26 18:08:50 - [MESSAGE][PASSED] - Object 'Object Repository/RAD_RecordAndPlay/input_concatSSN' is NOT visible

2023-09-26 18:08:50 - [TEST_STEP][PASSED] - verifyElementNotVisible(findTestObject("RAD_RecordAndPlay/input_concatReSSN")): Object 'Object Repository/RAD_RecordAndPlay/input_concatReSSN' is NOT visible

2023-09-26 18:08:51 - [MESSAGE][PASSED] - Object 'Object Repository/RAD_RecordAndPlay/input_concatReSSN' is NOT visible

2023-09-26 18:08:51 - [TEST_STEP][PASSED] - verifyTextPresent("Address and Contact Information", true): Text 'Address and Contact Information' is present on page  using regular expression

2023-09-26 18:08:51 - [MESSAGE][PASSED] - Text 'Address and Contact Information' is present on page  using regular expression

2023-09-26 18:08:51 - [TEST_STEP][PASSED] - verifyTextPresent("Enter the taxpayer", true): Text 'Enter the taxpayer' is present on page  using regular expression

2023-09-26 18:08:52 - [MESSAGE][PASSED] - Text 'Enter the taxpayer' is present on page  using regular expression

2023-09-26 18:08:52 - [TEST_STEP][PASSED] - verifyTextPresent("address and contact information", true): Text 'address and contact information' is present on page  using regular expression

2023-09-26 18:08:52 - [MESSAGE][PASSED] - Text 'address and contact information' is present on page  using regular expression

2023-09-26 18:08:52 - [TEST_STEP][PASSED] - verifyElementPresent(findTestObject(orPath_AddressContact + "/select_Country"), 30): Object 'Object Repository/RAD_Pages/AddressAndContactInfo_Page/select_Country' is present

2023-09-26 18:08:52 - [MESSAGE][PASSED] - Object 'Object Repository/RAD_Pages/AddressAndContactInfo_Page/select_Country' is present

2023-09-26 18:08:52 - [TEST_STEP][PASSED] - verifyElementPresent(findTestObject(orPath_AddressContact + "/input_streetAddress1"), 30): Object 'Object Repository/RAD_Pages/AddressAndContactInfo_Page/input_streetAddress1' is present

2023-09-26 18:08:53 - [MESSAGE][PASSED] - Object 'Object Repository/RAD_Pages/AddressAndContactInfo_Page/input_streetAddress1' is present

2023-09-26 18:08:53 - [TEST_STEP][PASSED] - verifyElementPresent(findTestObject(orPath_AddressContact + "/input_streetAddress2"), 30): Object 'Object Repository/RAD_Pages/AddressAndContactInfo_Page/input_streetAddress2' is present

2023-09-26 18:08:53 - [MESSAGE][PASSED] - Object 'Object Repository/RAD_Pages/AddressAndContactInfo_Page/input_streetAddress2' is present

2023-09-26 18:08:53 - [TEST_STEP][PASSED] - verifyElementPresent(findTestObject(orPath_AddressContact + "/input_city"), 30): Object 'Object Repository/RAD_Pages/AddressAndContactInfo_Page/input_city' is present

2023-09-26 18:08:53 - [MESSAGE][PASSED] - Object 'Object Repository/RAD_Pages/AddressAndContactInfo_Page/input_city' is present

2023-09-26 18:08:53 - [TEST_STEP][PASSED] - verifyElementPresent(findTestObject(orPath_AddressContact + "/select_State"), 30): Object 'Object Repository/RAD_Pages/AddressAndContactInfo_Page/select_State' is present

2023-09-26 18:08:54 - [MESSAGE][PASSED] - Object 'Object Repository/RAD_Pages/AddressAndContactInfo_Page/select_State' is present

2023-09-26 18:08:54 - [TEST_STEP][PASSED] - verifyElementPresent(findTestObject(orPath_AddressContact + "/input_zipCode"), 30): Object 'Object Repository/RAD_Pages/AddressAndContactInfo_Page/input_zipCode' is present

2023-09-26 18:08:54 - [MESSAGE][PASSED] - Object 'Object Repository/RAD_Pages/AddressAndContactInfo_Page/input_zipCode' is present

2023-09-26 18:08:54 - [TEST_STEP][PASSED] - verifyElementPresent(findTestObject(orPath_AddressContact + "/input_phoneNumber"), 30): Object 'Object Repository/RAD_Pages/AddressAndContactInfo_Page/input_phoneNumber' is present

2023-09-26 18:08:54 - [MESSAGE][PASSED] - Object 'Object Repository/RAD_Pages/AddressAndContactInfo_Page/input_phoneNumber' is present

2023-09-26 18:08:54 - [TEST_STEP][PASSED] - verifyElementPresent(findTestObject(orPath_AddressContact + "/input_eMailAddress"), 30): Object 'Object Repository/RAD_Pages/AddressAndContactInfo_Page/input_eMailAddress' is present

2023-09-26 18:08:55 - [MESSAGE][PASSED] - Object 'Object Repository/RAD_Pages/AddressAndContactInfo_Page/input_eMailAddress' is present

2023-09-26 18:08:55 - [TEST_STEP][PASSED] - verifyElementPresent(findTestObject(orPath_AddressContact + "/input_reEnterEMailAddress"), 30): Object 'Object Repository/RAD_Pages/AddressAndContactInfo_Page/input_reEnterEMailAddress' is present

2023-09-26 18:08:55 - [MESSAGE][PASSED] - Object 'Object Repository/RAD_Pages/AddressAndContactInfo_Page/input_reEnterEMailAddress' is present

2023-09-26 18:08:55 - [TEST_STEP][PASSED] - verifyOptionsPresent(findTestObject(orPath_AddressContact + "/select_Country"), ["United States"]): Options [United States] present.

2023-09-26 18:08:56 - [MESSAGE][PASSED] - Options [United States] present.

2023-09-26 18:08:56 - [TEST_STEP][PASSED] - verifyOptionsPresent(findTestObject(orPath_AddressContact + "/select_State"), ["Alabama", "District of Columbia", "Maryland", "Virginia", "Wyoming"]): Options [Alabama, District of Columbia, Maryland, Virginia, Wyoming] present.

2023-09-26 18:08:57 - [MESSAGE][PASSED] - Options [Alabama, District of Columbia, Maryland, Virginia, Wyoming] present.

2023-09-26 18:08:57 - [TEST_STEP][PASSED] - totalOptionsState = getNumberOfTotalOption(findTestObject(orPath_AddressContact + "/select_State")): 52 options of object 'Object Repository/RAD_Pages/AddressAndContactInfo_Page/select_State' counted

2023-09-26 18:08:57 - [MESSAGE][PASSED] - 52 options of object 'Object Repository/RAD_Pages/AddressAndContactInfo_Page/select_State' counted

2023-09-26 18:08:57 - [TEST_STEP][PASSED] - verifyEqual(totalOptionsState, 52): Actual object '52' and expected object '52' are equal

2023-09-26 18:08:57 - [MESSAGE][PASSED] - Actual object '52' and expected object '52' are equal

2023-09-26 18:08:57 - [TEST_STEP][PASSED] - verifyTextPresent("Tax Information", true): Text 'Tax Information' is present on page  using regular expression

2023-09-26 18:08:58 - [MESSAGE][PASSED] - Text 'Tax Information' is present on page  using regular expression

2023-09-26 18:08:58 - [TEST_STEP][FAILED] - verifyElementVisible(findTestObject(orPath_TaxInfo + "/input_FederalEIN-2")): Object 'Object Repository/RAD_Pages/TaxInfo_Page/input_FederalEIN-2' is NOT visible (Root cause: com.kms.katalon.core.exception.StepFailedException: Object 'Object Repository/RAD_Pages/TaxInfo_Page/input_FederalEIN-2' is NOT visible
	at com.kms.katalon.core.webui.keyword.internal.WebUIKeywordMain.stepFailed(WebUIKeywordMain.groovy:64)
	at com.kms.katalon.core.webui.keyword.builtin.VerifyElementVisibleKeyword$_verifyElementVisible_closure1.doCall(VerifyElementVisibleKeyword.groovy:83)
	at com.kms.katalon.core.webui.keyword.builtin.VerifyElementVisibleKeyword$_verifyElementVisible_closure1.call(VerifyElementVisibleKeyword.groovy)
	at com.kms.katalon.core.webui.keyword.internal.WebUIKeywordMain.runKeyword(WebUIKeywordMain.groovy:20)
	at com.kms.katalon.core.webui.keyword.builtin.VerifyElementVisibleKeyword.verifyElementVisible(VerifyElementVisibleKeyword.groovy:97)
	at com.kms.katalon.core.webui.keyword.builtin.VerifyElementVisibleKeyword.execute(VerifyElementVisibleKeyword.groovy:67)
	at com.kms.katalon.core.keyword.internal.KeywordExecutor.executeKeywordForPlatform(KeywordExecutor.groovy:74)
	at com.kms.katalon.core.webui.keyword.WebUiBuiltInKeywords.verifyElementVisible(WebUiBuiltInKeywords.groovy:376)
	at com.kms.katalon.core.webui.keyword.WebUiBuiltInKeywords$verifyElementVisible$8.call(Unknown Source)
	at Extension_PTETaxElectingNonSCorp_UI_TC.run(Extension_PTETaxElectingNonSCorp_UI_TC:115)
	at com.kms.katalon.core.main.ScriptEngine.run(ScriptEngine.java:194)
	at com.kms.katalon.core.main.ScriptEngine.runScriptAsRawText(ScriptEngine.java:119)
	at com.kms.katalon.core.main.TestCaseExecutor.runScript(TestCaseExecutor.java:448)
	at com.kms.katalon.core.main.TestCaseExecutor.doExecute(TestCaseExecutor.java:439)
	at com.kms.katalon.core.main.TestCaseExecutor.processExecutionPhase(TestCaseExecutor.java:418)
	at com.kms.katalon.core.main.TestCaseExecutor.accessMainPhase(TestCaseExecutor.java:410)
	at com.kms.katalon.core.main.TestCaseExecutor.execute(TestCaseExecutor.java:285)
	at com.kms.katalon.core.common.CommonExecutor.accessTestCaseMainPhase(CommonExecutor.java:65)
	at com.kms.katalon.core.main.TestSuiteExecutor.accessTestSuiteMainPhase(TestSuiteExecutor.java:148)
	at com.kms.katalon.core.main.TestSuiteExecutor.execute(TestSuiteExecutor.java:106)
	at com.kms.katalon.core.main.TestCaseMain.startTestSuite(TestCaseMain.java:187)
	at com.kms.katalon.core.main.TestCaseMain$startTestSuite$0.call(Unknown Source)
	at TempTestSuite1695765482532.run(TempTestSuite1695765482532.groovy:36)
)

2023-09-26 18:08:58 - [MESSAGE][FAILED] - Object 'Object Repository/RAD_Pages/TaxInfo_Page/input_FederalEIN-2' is NOT visible (Root cause: com.kms.katalon.core.exception.StepFailedException: Object 'Object Repository/RAD_Pages/TaxInfo_Page/input_FederalEIN-2' is NOT visible
	at com.kms.katalon.core.webui.keyword.internal.WebUIKeywordMain.stepFailed(WebUIKeywordMain.groovy:64)
	at com.kms.katalon.core.webui.keyword.builtin.VerifyElementVisibleKeyword$_verifyElementVisible_closure1.doCall(VerifyElementVisibleKeyword.groovy:83)
	at com.kms.katalon.core.webui.keyword.builtin.VerifyElementVisibleKeyword$_verifyElementVisible_closure1.call(VerifyElementVisibleKeyword.groovy)
	at com.kms.katalon.core.webui.keyword.internal.WebUIKeywordMain.runKeyword(WebUIKeywordMain.groovy:20)
	at com.kms.katalon.core.webui.keyword.builtin.VerifyElementVisibleKeyword.verifyElementVisible(VerifyElementVisibleKeyword.groovy:97)
	at com.kms.katalon.core.webui.keyword.builtin.VerifyElementVisibleKeyword.execute(VerifyElementVisibleKeyword.groovy:67)
	at com.kms.katalon.core.keyword.internal.KeywordExecutor.executeKeywordForPlatform(KeywordExecutor.groovy:74)
	at com.kms.katalon.core.webui.keyword.WebUiBuiltInKeywords.verifyElementVisible(WebUiBuiltInKeywords.groovy:376)
	at com.kms.katalon.core.webui.keyword.WebUiBuiltInKeywords$verifyElementVisible$8.call(Unknown Source)
	at Extension_PTETaxElectingNonSCorp_UI_TC.run(Extension_PTETaxElectingNonSCorp_UI_TC:115)
	at com.kms.katalon.core.main.ScriptEngine.run(ScriptEngine.java:194)
	at com.kms.katalon.core.main.ScriptEngine.runScriptAsRawText(ScriptEngine.java:119)
	at com.kms.katalon.core.main.TestCaseExecutor.runScript(TestCaseExecutor.java:448)
	at com.kms.katalon.core.main.TestCaseExecutor.doExecute(TestCaseExecutor.java:439)
	at com.kms.katalon.core.main.TestCaseExecutor.processExecutionPhase(TestCaseExecutor.java:418)
	at com.kms.katalon.core.main.TestCaseExecutor.accessMainPhase(TestCaseExecutor.java:410)
	at com.kms.katalon.core.main.TestCaseExecutor.execute(TestCaseExecutor.java:285)
	at com.kms.katalon.core.common.CommonExecutor.accessTestCaseMainPhase(CommonExecutor.java:65)
	at com.kms.katalon.core.main.TestSuiteExecutor.accessTestSuiteMainPhase(TestSuiteExecutor.java:148)
	at com.kms.katalon.core.main.TestSuiteExecutor.execute(TestSuiteExecutor.java:106)
	at com.kms.katalon.core.main.TestCaseMain.startTestSuite(TestCaseMain.java:187)
	at com.kms.katalon.core.main.TestCaseMain$startTestSuite$0.call(Unknown Source)
	at TempTestSuite1695765482532.run(TempTestSuite1695765482532.groovy:36)
)
[[ATTACHMENT|E:\\Cloned-Project-Katalon\\VPS-Katalon\\Reports\\20230926_175802\\RAD_TestSuite\\RAD_UI_TestSuite\\20230926_175802\\1695766138562.png]]

2023-09-26 18:08:58 - [TEST_STEP][FAILED] - verifyElementVisible(findTestObject(orPath_TaxInfo + "/input_FederalEIN_ReEnter-2")): Object 'Object Repository/RAD_Pages/TaxInfo_Page/input_FederalEIN_ReEnter-2' is NOT visible (Root cause: com.kms.katalon.core.exception.StepFailedException: Object 'Object Repository/RAD_Pages/TaxInfo_Page/input_FederalEIN_ReEnter-2' is NOT visible
	at com.kms.katalon.core.webui.keyword.internal.WebUIKeywordMain.stepFailed(WebUIKeywordMain.groovy:64)
	at com.kms.katalon.core.webui.keyword.builtin.VerifyElementVisibleKeyword$_verifyElementVisible_closure1.doCall(VerifyElementVisibleKeyword.groovy:83)
	at com.kms.katalon.core.webui.keyword.builtin.VerifyElementVisibleKeyword$_verifyElementVisible_closure1.call(VerifyElementVisibleKeyword.groovy)
	at com.kms.katalon.core.webui.keyword.internal.WebUIKeywordMain.runKeyword(WebUIKeywordMain.groovy:20)
	at com.kms.katalon.core.webui.keyword.builtin.VerifyElementVisibleKeyword.verifyElementVisible(VerifyElementVisibleKeyword.groovy:97)
	at com.kms.katalon.core.webui.keyword.builtin.VerifyElementVisibleKeyword.execute(VerifyElementVisibleKeyword.groovy:67)
	at com.kms.katalon.core.keyword.internal.KeywordExecutor.executeKeywordForPlatform(KeywordExecutor.groovy:74)
	at com.kms.katalon.core.webui.keyword.WebUiBuiltInKeywords.verifyElementVisible(WebUiBuiltInKeywords.groovy:376)
	at com.kms.katalon.core.webui.keyword.WebUiBuiltInKeywords$verifyElementVisible$8.call(Unknown Source)
	at Extension_PTETaxElectingNonSCorp_UI_TC.run(Extension_PTETaxElectingNonSCorp_UI_TC:116)
	at com.kms.katalon.core.main.ScriptEngine.run(ScriptEngine.java:194)
	at com.kms.katalon.core.main.ScriptEngine.runScriptAsRawText(ScriptEngine.java:119)
	at com.kms.katalon.core.main.TestCaseExecutor.runScript(TestCaseExecutor.java:448)
	at com.kms.katalon.core.main.TestCaseExecutor.doExecute(TestCaseExecutor.java:439)
	at com.kms.katalon.core.main.TestCaseExecutor.processExecutionPhase(TestCaseExecutor.java:418)
	at com.kms.katalon.core.main.TestCaseExecutor.accessMainPhase(TestCaseExecutor.java:410)
	at com.kms.katalon.core.main.TestCaseExecutor.execute(TestCaseExecutor.java:285)
	at com.kms.katalon.core.common.CommonExecutor.accessTestCaseMainPhase(CommonExecutor.java:65)
	at com.kms.katalon.core.main.TestSuiteExecutor.accessTestSuiteMainPhase(TestSuiteExecutor.java:148)
	at com.kms.katalon.core.main.TestSuiteExecutor.execute(TestSuiteExecutor.java:106)
	at com.kms.katalon.core.main.TestCaseMain.startTestSuite(TestCaseMain.java:187)
	at com.kms.katalon.core.main.TestCaseMain$startTestSuite$0.call(Unknown Source)
	at TempTestSuite1695765482532.run(TempTestSuite1695765482532.groovy:36)
)

2023-09-26 18:08:59 - [MESSAGE][FAILED] - Object 'Object Repository/RAD_Pages/TaxInfo_Page/input_FederalEIN_ReEnter-2' is NOT visible (Root cause: com.kms.katalon.core.exception.StepFailedException: Object 'Object Repository/RAD_Pages/TaxInfo_Page/input_FederalEIN_ReEnter-2' is NOT visible
	at com.kms.katalon.core.webui.keyword.internal.WebUIKeywordMain.stepFailed(WebUIKeywordMain.groovy:64)
	at com.kms.katalon.core.webui.keyword.builtin.VerifyElementVisibleKeyword$_verifyElementVisible_closure1.doCall(VerifyElementVisibleKeyword.groovy:83)
	at com.kms.katalon.core.webui.keyword.builtin.VerifyElementVisibleKeyword$_verifyElementVisible_closure1.call(VerifyElementVisibleKeyword.groovy)
	at com.kms.katalon.core.webui.keyword.internal.WebUIKeywordMain.runKeyword(WebUIKeywordMain.groovy:20)
	at com.kms.katalon.core.webui.keyword.builtin.VerifyElementVisibleKeyword.verifyElementVisible(VerifyElementVisibleKeyword.groovy:97)
	at com.kms.katalon.core.webui.keyword.builtin.VerifyElementVisibleKeyword.execute(VerifyElementVisibleKeyword.groovy:67)
	at com.kms.katalon.core.keyword.internal.KeywordExecutor.executeKeywordForPlatform(KeywordExecutor.groovy:74)
	at com.kms.katalon.core.webui.keyword.WebUiBuiltInKeywords.verifyElementVisible(WebUiBuiltInKeywords.groovy:376)
	at com.kms.katalon.core.webui.keyword.WebUiBuiltInKeywords$verifyElementVisible$8.call(Unknown Source)
	at Extension_PTETaxElectingNonSCorp_UI_TC.run(Extension_PTETaxElectingNonSCorp_UI_TC:116)
	at com.kms.katalon.core.main.ScriptEngine.run(ScriptEngine.java:194)
	at com.kms.katalon.core.main.ScriptEngine.runScriptAsRawText(ScriptEngine.java:119)
	at com.kms.katalon.core.main.TestCaseExecutor.runScript(TestCaseExecutor.java:448)
	at com.kms.katalon.core.main.TestCaseExecutor.doExecute(TestCaseExecutor.java:439)
	at com.kms.katalon.core.main.TestCaseExecutor.processExecutionPhase(TestCaseExecutor.java:418)
	at com.kms.katalon.core.main.TestCaseExecutor.accessMainPhase(TestCaseExecutor.java:410)
	at com.kms.katalon.core.main.TestCaseExecutor.execute(TestCaseExecutor.java:285)
	at com.kms.katalon.core.common.CommonExecutor.accessTestCaseMainPhase(CommonExecutor.java:65)
	at com.kms.katalon.core.main.TestSuiteExecutor.accessTestSuiteMainPhase(TestSuiteExecutor.java:148)
	at com.kms.katalon.core.main.TestSuiteExecutor.execute(TestSuiteExecutor.java:106)
	at com.kms.katalon.core.main.TestCaseMain.startTestSuite(TestCaseMain.java:187)
	at com.kms.katalon.core.main.TestCaseMain$startTestSuite$0.call(Unknown Source)
	at TempTestSuite1695765482532.run(TempTestSuite1695765482532.groovy:36)
)
[[ATTACHMENT|E:\\Cloned-Project-Katalon\\VPS-Katalon\\Reports\\20230926_175802\\RAD_TestSuite\\RAD_UI_TestSuite\\20230926_175802\\1695766139228.png]]

2023-09-26 18:08:59 - [TEST_STEP][PASSED] - verifyElementNotVisible(findTestObject(orPath_FilingStatus + "/input_userType_Individual")): Object 'Object Repository/RAD_Pages/FilingStatus_Page/input_userType_Individual' is NOT visible

2023-09-26 18:08:59 - [MESSAGE][PASSED] - Object 'Object Repository/RAD_Pages/FilingStatus_Page/input_userType_Individual' is NOT visible

2023-09-26 18:08:59 - [TEST_STEP][PASSED] - verifyElementNotVisible(findTestObject(orPath_FilingStatus + "/input_userType_Joint")): Object 'Object Repository/RAD_Pages/FilingStatus_Page/input_userType_Joint' is NOT visible

2023-09-26 18:09:00 - [MESSAGE][PASSED] - Object 'Object Repository/RAD_Pages/FilingStatus_Page/input_userType_Joint' is NOT visible

2023-09-26 18:09:00 - [TEST_STEP][PASSED] - verifyElementNotVisible(findTestObject(orPath_TaxInfo + "/input_NoticeInvoiceNumber")): Object 'Object Repository/RAD_Pages/TaxInfo_Page/input_NoticeInvoiceNumber' is NOT visible

2023-09-26 18:09:00 - [MESSAGE][PASSED] - Object 'Object Repository/RAD_Pages/TaxInfo_Page/input_NoticeInvoiceNumber' is NOT visible

2023-09-26 18:09:00 - [TEST_STEP][PASSED] - verifyElementNotVisible(findTestObject(orPath_TaxInfo + "/input_reTypeNoticeInvoiceNumber")): Object 'Object Repository/RAD_Pages/TaxInfo_Page/input_reTypeNoticeInvoiceNumber' is NOT visible

2023-09-26 18:09:00 - [MESSAGE][PASSED] - Object 'Object Repository/RAD_Pages/TaxInfo_Page/input_reTypeNoticeInvoiceNumber' is NOT visible

2023-09-26 18:09:00 - [TEST_STEP][PASSED] - verifyElementNotVisible(findTestObject(orPath_TaxInfo + "/input_MDCRegistrationEL")): Object 'Object Repository/RAD_Pages/TaxInfo_Page/input_MDCRegistrationEL' is NOT visible

2023-09-26 18:09:01 - [MESSAGE][PASSED] - Object 'Object Repository/RAD_Pages/TaxInfo_Page/input_MDCRegistrationEL' is NOT visible

2023-09-26 18:09:01 - [TEST_STEP][PASSED] - verifyTextPresent("Payment Amount", true): Text 'Payment Amount' is present on page  using regular expression

2023-09-26 18:09:01 - [MESSAGE][PASSED] - Text 'Payment Amount' is present on page  using regular expression

2023-09-26 18:09:01 - [TEST_STEP][PASSED] - verifyElementPresent(findTestObject(orPath_Amount + "/input__paymentAmount"), 30): Object 'Object Repository/RAD_Pages/PaymentAmount_Page/input__paymentAmount' is present

2023-09-26 18:09:01 - [MESSAGE][PASSED] - Object 'Object Repository/RAD_Pages/PaymentAmount_Page/input__paymentAmount' is present

2023-09-26 18:09:01 - [TEST_STEP][PASSED] - verifyElementVisible(findTestObject(orPath_Amount + "/input__paymentAmount")): Object 'Object Repository/RAD_Pages/PaymentAmount_Page/input__paymentAmount' is visible

2023-09-26 18:09:02 - [MESSAGE][PASSED] - Object 'Object Repository/RAD_Pages/PaymentAmount_Page/input__paymentAmount' is visible

2023-09-26 18:09:02 - [TEST_STEP][PASSED] - verifyTextPresent("Service Fee: This electronic government service includes a service/convenience fee. Click here for details", true): Text 'Service Fee: This electronic government service includes a service/convenience fee. Click here for details' is present on page  using regular expression

2023-09-26 18:09:02 - [MESSAGE][PASSED] - Text 'Service Fee: This electronic government service includes a service/convenience fee. Click here for details' is present on page  using regular expression

2023-09-26 18:09:02 - [TEST_STEP][PASSED] - verifyElementPresent(findTestObject(orPath_Amount + "/a_Click here for details"), 30): Object 'Object Repository/RAD_Pages/PaymentAmount_Page/a_Click here for details' is present

2023-09-26 18:09:03 - [MESSAGE][PASSED] - Object 'Object Repository/RAD_Pages/PaymentAmount_Page/a_Click here for details' is present

2023-09-26 18:09:03 - [TEST_STEP][PASSED] - verifyElementPresent(findTestObject(orPath_Landing + "/button_Continue"), 30): Object 'Object Repository/RAD_Pages/Landing_Page/button_Continue' is present

2023-09-26 18:09:03 - [MESSAGE][PASSED] - Object 'Object Repository/RAD_Pages/Landing_Page/button_Continue' is present]]></system-out>
         <system-err><![CDATA[2023-09-26 18:08:36 - [TEST_CASE][FAILED] - Test Cases/RAD_TestCases/UI_TestCases/Extension/Extension_PTETaxElectingNonSCorp_UI_TC: Test Cases/RAD_TestCases/UI_TestCases/Extension/Extension_PTETaxElectingNonSCorp_UI_TC FAILED.
Reason:
com.kms.katalon.core.exception.StepFailedException: Object 'Object Repository/RAD_Pages/TaxInfo_Page/input_FederalEIN-2' is NOT visible (Root cause: com.kms.katalon.core.exception.StepFailedException: Object 'Object Repository/RAD_Pages/TaxInfo_Page/input_FederalEIN-2' is NOT visible
	at com.kms.katalon.core.webui.keyword.internal.WebUIKeywordMain.stepFailed(WebUIKeywordMain.groovy:64)
	at com.kms.katalon.core.webui.keyword.builtin.VerifyElementVisibleKeyword$_verifyElementVisible_closure1.doCall(VerifyElementVisibleKeyword.groovy:83)
	at com.kms.katalon.core.webui.keyword.builtin.VerifyElementVisibleKeyword$_verifyElementVisible_closure1.call(VerifyElementVisibleKeyword.groovy)
	at com.kms.katalon.core.webui.keyword.internal.WebUIKeywordMain.runKeyword(WebUIKeywordMain.groovy:20)
	at com.kms.katalon.core.webui.keyword.builtin.VerifyElementVisibleKeyword.verifyElementVisible(VerifyElementVisibleKeyword.groovy:97)
	at com.kms.katalon.core.webui.keyword.builtin.VerifyElementVisibleKeyword.execute(VerifyElementVisibleKeyword.groovy:67)
	at com.kms.katalon.core.keyword.internal.KeywordExecutor.executeKeywordForPlatform(KeywordExecutor.groovy:74)
	at com.kms.katalon.core.webui.keyword.WebUiBuiltInKeywords.verifyElementVisible(WebUiBuiltInKeywords.groovy:376)
	at com.kms.katalon.core.webui.keyword.WebUiBuiltInKeywords$verifyElementVisible$8.call(Unknown Source)
	at Extension_PTETaxElectingNonSCorp_UI_TC.run(Extension_PTETaxElectingNonSCorp_UI_TC:115)
	at com.kms.katalon.core.main.ScriptEngine.run(ScriptEngine.java:194)
	at com.kms.katalon.core.main.ScriptEngine.runScriptAsRawText(ScriptEngine.java:119)
	at com.kms.katalon.core.main.TestCaseExecutor.runScript(TestCaseExecutor.java:448)
	at com.kms.katalon.core.main.TestCaseExecutor.doExecute(TestCaseExecutor.java:439)
	at com.kms.katalon.core.main.TestCaseExecutor.processExecutionPhase(TestCaseExecutor.java:418)
	at com.kms.katalon.core.main.TestCaseExecutor.accessMainPhase(TestCaseExecutor.java:410)
	at com.kms.katalon.core.main.TestCaseExecutor.execute(TestCaseExecutor.java:285)
	at com.kms.katalon.core.common.CommonExecutor.accessTestCaseMainPhase(CommonExecutor.java:65)
	at com.kms.katalon.core.main.TestSuiteExecutor.accessTestSuiteMainPhase(TestSuiteExecutor.java:148)
	at com.kms.katalon.core.main.TestSuiteExecutor.execute(TestSuiteExecutor.java:106)
	at com.kms.katalon.core.main.TestCaseMain.startTestSuite(TestCaseMain.java:187)
	at com.kms.katalon.core.main.TestCaseMain$startTestSuite$0.call(Unknown Source)
	at TempTestSuite1695765482532.run(TempTestSuite1695765482532.groovy:36)
)
	at com.kms.katalon.core.keyword.internal.KeywordMain.stepFailed(KeywordMain.groovy:39)
	at com.kms.katalon.core.webui.keyword.internal.WebUIKeywordMain.stepFailed(WebUIKeywordMain.groovy:64)
	at com.kms.katalon.core.webui.keyword.builtin.VerifyElementVisibleKeyword$_verifyElementVisible_closure1.doCall(VerifyElementVisibleKeyword.groovy:83)
	at com.kms.katalon.core.webui.keyword.builtin.VerifyElementVisibleKeyword$_verifyElementVisible_closure1.call(VerifyElementVisibleKeyword.groovy)
	at com.kms.katalon.core.webui.keyword.internal.WebUIKeywordMain.runKeyword(WebUIKeywordMain.groovy:20)
	at com.kms.katalon.core.webui.keyword.builtin.VerifyElementVisibleKeyword.verifyElementVisible(VerifyElementVisibleKeyword.groovy:97)
	at com.kms.katalon.core.webui.keyword.builtin.VerifyElementVisibleKeyword.execute(VerifyElementVisibleKeyword.groovy:67)
	at com.kms.katalon.core.keyword.internal.KeywordExecutor.executeKeywordForPlatform(KeywordExecutor.groovy:74)
	at com.kms.katalon.core.webui.keyword.WebUiBuiltInKeywords.verifyElementVisible(WebUiBuiltInKeywords.groovy:376)
	at com.kms.katalon.core.webui.keyword.WebUiBuiltInKeywords$verifyElementVisible$8.call(Unknown Source)
	at Extension_PTETaxElectingNonSCorp_UI_TC.run(Extension_PTETaxElectingNonSCorp_UI_TC:115)
	at com.kms.katalon.core.main.ScriptEngine.run(ScriptEngine.java:194)
	at com.kms.katalon.core.main.ScriptEngine.runScriptAsRawText(ScriptEngine.java:119)
	at com.kms.katalon.core.main.TestCaseExecutor.runScript(TestCaseExecutor.java:448)
	at com.kms.katalon.core.main.TestCaseExecutor.doExecute(TestCaseExecutor.java:439)
	at com.kms.katalon.core.main.TestCaseExecutor.processExecutionPhase(TestCaseExecutor.java:418)
	at com.kms.katalon.core.main.TestCaseExecutor.accessMainPhase(TestCaseExecutor.java:410)
	at com.kms.katalon.core.main.TestCaseExecutor.execute(TestCaseExecutor.java:285)
	at com.kms.katalon.core.common.CommonExecutor.accessTestCaseMainPhase(CommonExecutor.java:65)
	at com.kms.katalon.core.main.TestSuiteExecutor.accessTestSuiteMainPhase(TestSuiteExecutor.java:148)
	at com.kms.katalon.core.main.TestSuiteExecutor.execute(TestSuiteExecutor.java:106)
	at com.kms.katalon.core.main.TestCaseMain.startTestSuite(TestCaseMain.java:187)
	at com.kms.katalon.core.main.TestCaseMain$startTestSuite$0.call(Unknown Source)
	at TempTestSuite1695765482532.run(TempTestSuite1695765482532.groovy:36)
Caused by: com.kms.katalon.core.exception.StepFailedException: Object 'Object Repository/RAD_Pages/TaxInfo_Page/input_FederalEIN-2' is NOT visible
	... 23 more]]></system-err>
      </testcase>
      <testcase name="Test Cases/RAD_TestCases/UI_TestCases/Extension/Extension_PTETaxElectingSCorp_UI_TC" time="26.486" classname="Test Cases/RAD_TestCases/UI_TestCases/Extension/Extension_PTETaxElectingSCorp_UI_TC" status="FAILED">
         <failure type="FAILED" message="Test Cases/RAD_TestCases/UI_TestCases/Extension/Extension_PTETaxElectingSCorp_UI_TC FAILED.
Reason:
com.kms.katalon.core.exception.StepFailedException: Object 'Object Repository/RAD_Pages/TaxInfo_Page/input_FederalEIN-2' is NOT visible (Root cause: com.kms.katalon.core.exception.StepFailedException: Object 'Object Repository/RAD_Pages/TaxInfo_Page/input_FederalEIN-2' is NOT visible
	at com.kms.katalon.core.webui.keyword.internal.WebUIKeywordMain.stepFailed(WebUIKeywordMain.groovy:64)
	at com.kms.katalon.core.webui.keyword.builtin.VerifyElementVisibleKeyword$_verifyElementVisible_closure1.doCall(VerifyElementVisibleKeyword.groovy:83)
	at com.kms.katalon.core.webui.keyword.builtin.VerifyElementVisibleKeyword$_verifyElementVisible_closure1.call(VerifyElementVisibleKeyword.groovy)
	at com.kms.katalon.core.webui.keyword.internal.WebUIKeywordMain.runKeyword(WebUIKeywordMain.groovy:20)
	at com.kms.katalon.core.webui.keyword.builtin.VerifyElementVisibleKeyword.verifyElementVisible(VerifyElementVisibleKeyword.groovy:97)
	at com.kms.katalon.core.webui.keyword.builtin.VerifyElementVisibleKeyword.execute(VerifyElementVisibleKeyword.groovy:67)
	at com.kms.katalon.core.keyword.internal.KeywordExecutor.executeKeywordForPlatform(KeywordExecutor.groovy:74)
	at com.kms.katalon.core.webui.keyword.WebUiBuiltInKeywords.verifyElementVisible(WebUiBuiltInKeywords.groovy:376)
	at com.kms.katalon.core.webui.keyword.WebUiBuiltInKeywords$verifyElementVisible$8.call(Unknown Source)
	at Extension_PTETaxElectingSCorp_UI_TC.run(Extension_PTETaxElectingSCorp_UI_TC:115)
	at com.kms.katalon.core.main.ScriptEngine.run(ScriptEngine.java:194)
	at com.kms.katalon.core.main.ScriptEngine.runScriptAsRawText(ScriptEngine.java:119)
	at com.kms.katalon.core.main.TestCaseExecutor.runScript(TestCaseExecutor.java:448)
	at com.kms.katalon.core.main.TestCaseExecutor.doExecute(TestCaseExecutor.java:439)
	at com.kms.katalon.core.main.TestCaseExecutor.processExecutionPhase(TestCaseExecutor.java:418)
	at com.kms.katalon.core.main.TestCaseExecutor.accessMainPhase(TestCaseExecutor.java:410)
	at com.kms.katalon.core.main.TestCaseExecutor.execute(TestCaseExecutor.java:285)
	at com.kms.katalon.core.common.CommonExecutor.accessTestCaseMainPhase(CommonExecutor.java:65)
	at com.kms.katalon.core.main.TestSuiteExecutor.accessTestSuiteMainPhase(TestSuiteExecutor.java:148)
	at com.kms.katalon.core.main.TestSuiteExecutor.execute(TestSuiteExecutor.java:106)
	at com.kms.katalon.core.main.TestCaseMain.startTestSuite(TestCaseMain.java:187)
	at com.kms.katalon.core.main.TestCaseMain$startTestSuite$0.call(Unknown Source)
	at TempTestSuite1695765482532.run(TempTestSuite1695765482532.groovy:36)
)
	at com.kms.katalon.core.keyword.internal.KeywordMain.stepFailed(KeywordMain.groovy:39)
	at com.kms.katalon.core.webui.keyword.internal.WebUIKeywordMain.stepFailed(WebUIKeywordMain.groovy:64)
	at com.kms.katalon.core.webui.keyword.builtin.VerifyElementVisibleKeyword$_verifyElementVisible_closure1.doCall(VerifyElementVisibleKeyword.groovy:83)
	at com.kms.katalon.core.webui.keyword.builtin.VerifyElementVisibleKeyword$_verifyElementVisible_closure1.call(VerifyElementVisibleKeyword.groovy)
	at com.kms.katalon.core.webui.keyword.internal.WebUIKeywordMain.runKeyword(WebUIKeywordMain.groovy:20)
	at com.kms.katalon.core.webui.keyword.builtin.VerifyElementVisibleKeyword.verifyElementVisible(VerifyElementVisibleKeyword.groovy:97)
	at com.kms.katalon.core.webui.keyword.builtin.VerifyElementVisibleKeyword.execute(VerifyElementVisibleKeyword.groovy:67)
	at com.kms.katalon.core.keyword.internal.KeywordExecutor.executeKeywordForPlatform(KeywordExecutor.groovy:74)
	at com.kms.katalon.core.webui.keyword.WebUiBuiltInKeywords.verifyElementVisible(WebUiBuiltInKeywords.groovy:376)
	at com.kms.katalon.core.webui.keyword.WebUiBuiltInKeywords$verifyElementVisible$8.call(Unknown Source)
	at Extension_PTETaxElectingSCorp_UI_TC.run(Extension_PTETaxElectingSCorp_UI_TC:115)
	at com.kms.katalon.core.main.ScriptEngine.run(ScriptEngine.java:194)
	at com.kms.katalon.core.main.ScriptEngine.runScriptAsRawText(ScriptEngine.java:119)
	at com.kms.katalon.core.main.TestCaseExecutor.runScript(TestCaseExecutor.java:448)
	at com.kms.katalon.core.main.TestCaseExecutor.doExecute(TestCaseExecutor.java:439)
	at com.kms.katalon.core.main.TestCaseExecutor.processExecutionPhase(TestCaseExecutor.java:418)
	at com.kms.katalon.core.main.TestCaseExecutor.accessMainPhase(TestCaseExecutor.java:410)
	at com.kms.katalon.core.main.TestCaseExecutor.execute(TestCaseExecutor.java:285)
	at com.kms.katalon.core.common.CommonExecutor.accessTestCaseMainPhase(CommonExecutor.java:65)
	at com.kms.katalon.core.main.TestSuiteExecutor.accessTestSuiteMainPhase(TestSuiteExecutor.java:148)
	at com.kms.katalon.core.main.TestSuiteExecutor.execute(TestSuiteExecutor.java:106)
	at com.kms.katalon.core.main.TestCaseMain.startTestSuite(TestCaseMain.java:187)
	at com.kms.katalon.core.main.TestCaseMain$startTestSuite$0.call(Unknown Source)
	at TempTestSuite1695765482532.run(TempTestSuite1695765482532.groovy:36)
Caused by: com.kms.katalon.core.exception.StepFailedException: Object 'Object Repository/RAD_Pages/TaxInfo_Page/input_FederalEIN-2' is NOT visible
	... 23 more
"/>
         <system-out><![CDATA[2023-09-26 18:09:03 - [TEST_CASE][FAILED] - Test Cases/RAD_TestCases/UI_TestCases/Extension/Extension_PTETaxElectingSCorp_UI_TC: Test Cases/RAD_TestCases/UI_TestCases/Extension/Extension_PTETaxElectingSCorp_UI_TC FAILED.
Reason:
com.kms.katalon.core.exception.StepFailedException: Object 'Object Repository/RAD_Pages/TaxInfo_Page/input_FederalEIN-2' is NOT visible (Root cause: com.kms.katalon.core.exception.StepFailedException: Object 'Object Repository/RAD_Pages/TaxInfo_Page/input_FederalEIN-2' is NOT visible
	at com.kms.katalon.core.webui.keyword.internal.WebUIKeywordMain.stepFailed(WebUIKeywordMain.groovy:64)
	at com.kms.katalon.core.webui.keyword.builtin.VerifyElementVisibleKeyword$_verifyElementVisible_closure1.doCall(VerifyElementVisibleKeyword.groovy:83)
	at com.kms.katalon.core.webui.keyword.builtin.VerifyElementVisibleKeyword$_verifyElementVisible_closure1.call(VerifyElementVisibleKeyword.groovy)
	at com.kms.katalon.core.webui.keyword.internal.WebUIKeywordMain.runKeyword(WebUIKeywordMain.groovy:20)
	at com.kms.katalon.core.webui.keyword.builtin.VerifyElementVisibleKeyword.verifyElementVisible(VerifyElementVisibleKeyword.groovy:97)
	at com.kms.katalon.core.webui.keyword.builtin.VerifyElementVisibleKeyword.execute(VerifyElementVisibleKeyword.groovy:67)
	at com.kms.katalon.core.keyword.internal.KeywordExecutor.executeKeywordForPlatform(KeywordExecutor.groovy:74)
	at com.kms.katalon.core.webui.keyword.WebUiBuiltInKeywords.verifyElementVisible(WebUiBuiltInKeywords.groovy:376)
	at com.kms.katalon.core.webui.keyword.WebUiBuiltInKeywords$verifyElementVisible$8.call(Unknown Source)
	at Extension_PTETaxElectingSCorp_UI_TC.run(Extension_PTETaxElectingSCorp_UI_TC:115)
	at com.kms.katalon.core.main.ScriptEngine.run(ScriptEngine.java:194)
	at com.kms.katalon.core.main.ScriptEngine.runScriptAsRawText(ScriptEngine.java:119)
	at com.kms.katalon.core.main.TestCaseExecutor.runScript(TestCaseExecutor.java:448)
	at com.kms.katalon.core.main.TestCaseExecutor.doExecute(TestCaseExecutor.java:439)
	at com.kms.katalon.core.main.TestCaseExecutor.processExecutionPhase(TestCaseExecutor.java:418)
	at com.kms.katalon.core.main.TestCaseExecutor.accessMainPhase(TestCaseExecutor.java:410)
	at com.kms.katalon.core.main.TestCaseExecutor.execute(TestCaseExecutor.java:285)
	at com.kms.katalon.core.common.CommonExecutor.accessTestCaseMainPhase(CommonExecutor.java:65)
	at com.kms.katalon.core.main.TestSuiteExecutor.accessTestSuiteMainPhase(TestSuiteExecutor.java:148)
	at com.kms.katalon.core.main.TestSuiteExecutor.execute(TestSuiteExecutor.java:106)
	at com.kms.katalon.core.main.TestCaseMain.startTestSuite(TestCaseMain.java:187)
	at com.kms.katalon.core.main.TestCaseMain$startTestSuite$0.call(Unknown Source)
	at TempTestSuite1695765482532.run(TempTestSuite1695765482532.groovy:36)
)
	at com.kms.katalon.core.keyword.internal.KeywordMain.stepFailed(KeywordMain.groovy:39)
	at com.kms.katalon.core.webui.keyword.internal.WebUIKeywordMain.stepFailed(WebUIKeywordMain.groovy:64)
	at com.kms.katalon.core.webui.keyword.builtin.VerifyElementVisibleKeyword$_verifyElementVisible_closure1.doCall(VerifyElementVisibleKeyword.groovy:83)
	at com.kms.katalon.core.webui.keyword.builtin.VerifyElementVisibleKeyword$_verifyElementVisible_closure1.call(VerifyElementVisibleKeyword.groovy)
	at com.kms.katalon.core.webui.keyword.internal.WebUIKeywordMain.runKeyword(WebUIKeywordMain.groovy:20)
	at com.kms.katalon.core.webui.keyword.builtin.VerifyElementVisibleKeyword.verifyElementVisible(VerifyElementVisibleKeyword.groovy:97)
	at com.kms.katalon.core.webui.keyword.builtin.VerifyElementVisibleKeyword.execute(VerifyElementVisibleKeyword.groovy:67)
	at com.kms.katalon.core.keyword.internal.KeywordExecutor.executeKeywordForPlatform(KeywordExecutor.groovy:74)
	at com.kms.katalon.core.webui.keyword.WebUiBuiltInKeywords.verifyElementVisible(WebUiBuiltInKeywords.groovy:376)
	at com.kms.katalon.core.webui.keyword.WebUiBuiltInKeywords$verifyElementVisible$8.call(Unknown Source)
	at Extension_PTETaxElectingSCorp_UI_TC.run(Extension_PTETaxElectingSCorp_UI_TC:115)
	at com.kms.katalon.core.main.ScriptEngine.run(ScriptEngine.java:194)
	at com.kms.katalon.core.main.ScriptEngine.runScriptAsRawText(ScriptEngine.java:119)
	at com.kms.katalon.core.main.TestCaseExecutor.runScript(TestCaseExecutor.java:448)
	at com.kms.katalon.core.main.TestCaseExecutor.doExecute(TestCaseExecutor.java:439)
	at com.kms.katalon.core.main.TestCaseExecutor.processExecutionPhase(TestCaseExecutor.java:418)
	at com.kms.katalon.core.main.TestCaseExecutor.accessMainPhase(TestCaseExecutor.java:410)
	at com.kms.katalon.core.main.TestCaseExecutor.execute(TestCaseExecutor.java:285)
	at com.kms.katalon.core.common.CommonExecutor.accessTestCaseMainPhase(CommonExecutor.java:65)
	at com.kms.katalon.core.main.TestSuiteExecutor.accessTestSuiteMainPhase(TestSuiteExecutor.java:148)
	at com.kms.katalon.core.main.TestSuiteExecutor.execute(TestSuiteExecutor.java:106)
	at com.kms.katalon.core.main.TestCaseMain.startTestSuite(TestCaseMain.java:187)
	at com.kms.katalon.core.main.TestCaseMain$startTestSuite$0.call(Unknown Source)
	at TempTestSuite1695765482532.run(TempTestSuite1695765482532.groovy:36)
Caused by: com.kms.katalon.core.exception.StepFailedException: Object 'Object Repository/RAD_Pages/TaxInfo_Page/input_FederalEIN-2' is NOT visible
	... 23 more


2023-09-26 18:09:03 - [TEST_STEP][PASSED] - openBrowser(""): Browser is opened with url: ''

2023-09-26 18:09:03 - [MESSAGE][WARNING] - A browser is already opened. Closing browser and opening a new one

2023-09-26 18:09:04 - [MESSAGE][INFO] - Starting 'Chrome' driver

2023-09-26 18:09:04 - [MESSAGE][INFO] - User set preference: ['acceptInsecureCerts', 'true']

2023-09-26 18:09:04 - [MESSAGE][INFO] - Action delay is set to 0 milliseconds

2023-09-26 18:09:06 - [MESSAGE][PASSED] - Browser is opened with url: ''

2023-09-26 18:09:06 - [TEST_STEP][PASSED] - maximizeWindow(): Current window maximized

2023-09-26 18:09:06 - [MESSAGE][PASSED] - Current window maximized

2023-09-26 18:09:06 - [TEST_STEP][PASSED] - navigateToUrl(RADurl): Navigate to 'https://qa2.velocitypayment.com/client/rad/index.html' successfully

2023-09-26 18:09:07 - [MESSAGE][PASSED] - Navigate to 'https://qa2.velocitypayment.com/client/rad/index.html' successfully

2023-09-26 18:09:07 - [TEST_STEP][PASSED] - orPath_Landing = "Object Repository/RAD_Pages/Landing_Page": null

2023-09-26 18:09:07 - [TEST_STEP][PASSED] - orPath_TaxTypeFilingYear = "Object Repository/RAD_Pages/TaxTypeFilingYear_Page": null

2023-09-26 18:09:07 - [TEST_STEP][PASSED] - orPath_TaxPayer = "Object Repository/RAD_Pages/Taxpayer_Page": null

2023-09-26 18:09:07 - [TEST_STEP][PASSED] - orPath_AddressContact = "Object Repository/RAD_Pages/AddressAndContactInfo_Page": null

2023-09-26 18:09:07 - [TEST_STEP][PASSED] - orPath_FilingStatus = "Object Repository/RAD_Pages/FilingStatus_Page": null

2023-09-26 18:09:07 - [TEST_STEP][PASSED] - orPath_Amount = "Object Repository/RAD_Pages/PaymentAmount_Page": null

2023-09-26 18:09:07 - [TEST_STEP][PASSED] - orPath_TaxInfo = "Object Repository/RAD_Pages/TaxInfo_Page": null

2023-09-26 18:09:07 - [TEST_STEP][PASSED] - verifyTextPresent("Payment Type/Filing Year", true): Text 'Payment Type/Filing Year' is present on page  using regular expression

2023-09-26 18:09:08 - [MESSAGE][PASSED] - Text 'Payment Type/Filing Year' is present on page  using regular expression

2023-09-26 18:09:08 - [TEST_STEP][PASSED] - selectOptionByLabel(findTestObject(orPath_Landing + "/dd_TaxType"), "Extension Payments", false): All options with label 'Extension Payments' are selected in object 'Object Repository/RAD_Pages/Landing_Page/dd_TaxType' 

2023-09-26 18:09:09 - [MESSAGE][PASSED] - All options with label 'Extension Payments' are selected in object 'Object Repository/RAD_Pages/Landing_Page/dd_TaxType' 

2023-09-26 18:09:09 - [TEST_STEP][PASSED] - selectOptionByLabel(findTestObject(orPath_TaxTypeFilingYear + "/select_PaymentType"), "PTE Tax Electing S Corp", false): All options with label 'PTE Tax Electing S Corp' are selected in object 'Object Repository/RAD_Pages/TaxTypeFilingYear_Page/select_PaymentType' 

2023-09-26 18:09:09 - [MESSAGE][PASSED] - All options with label 'PTE Tax Electing S Corp' are selected in object 'Object Repository/RAD_Pages/TaxTypeFilingYear_Page/select_PaymentType' 

2023-09-26 18:09:09 - [TEST_STEP][PASSED] - verifyElementPresent(findTestObject(orPath_TaxTypeFilingYear + "/select_FilingYear"), 30): Object 'Object Repository/RAD_Pages/TaxTypeFilingYear_Page/select_FilingYear' is present

2023-09-26 18:09:10 - [MESSAGE][PASSED] - Object 'Object Repository/RAD_Pages/TaxTypeFilingYear_Page/select_FilingYear' is present

2023-09-26 18:09:10 - [TEST_STEP][PASSED] - verifyElementVisible(findTestObject(orPath_TaxTypeFilingYear + "/select_FilingYear")): Object 'Object Repository/RAD_Pages/TaxTypeFilingYear_Page/select_FilingYear' is visible

2023-09-26 18:09:10 - [MESSAGE][PASSED] - Object 'Object Repository/RAD_Pages/TaxTypeFilingYear_Page/select_FilingYear' is visible

2023-09-26 18:09:10 - [TEST_STEP][PASSED] - totalOptionsFilingYear = getNumberOfTotalOption(findTestObject(orPath_TaxTypeFilingYear + "/select_FilingYear")): 1 options of object 'Object Repository/RAD_Pages/TaxTypeFilingYear_Page/select_FilingYear' counted

2023-09-26 18:09:11 - [MESSAGE][PASSED] - 1 options of object 'Object Repository/RAD_Pages/TaxTypeFilingYear_Page/select_FilingYear' counted

2023-09-26 18:09:11 - [TEST_STEP][PASSED] - verifyEqual(totalOptionsFilingYear, 1): Actual object '1' and expected object '1' are equal

2023-09-26 18:09:11 - [MESSAGE][PASSED] - Actual object '1' and expected object '1' are equal

2023-09-26 18:09:11 - [TEST_STEP][PASSED] - verifyOptionsPresent(findTestObject(orPath_TaxTypeFilingYear + "/select_FilingYear"), ["2022"]): Options [2022] present.

2023-09-26 18:09:11 - [MESSAGE][PASSED] - Options [2022] present.

2023-09-26 18:09:11 - [TEST_STEP][PASSED] - verifyElementNotVisible(findTestObject(orPath_TaxTypeFilingYear + "/select_PeriodEnding")): Object 'Object Repository/RAD_Pages/TaxTypeFilingYear_Page/select_PeriodEnding' is NOT visible

2023-09-26 18:09:12 - [MESSAGE][PASSED] - Object 'Object Repository/RAD_Pages/TaxTypeFilingYear_Page/select_PeriodEnding' is NOT visible

2023-09-26 18:09:12 - [TEST_STEP][PASSED] - verifyTextPresent("Taxpayer", true): Text 'Taxpayer' is present on page  using regular expression

2023-09-26 18:09:12 - [MESSAGE][PASSED] - Text 'Taxpayer' is present on page  using regular expression

2023-09-26 18:09:12 - [TEST_STEP][PASSED] - verifyTextPresent("Provide the following taxpayer information", true): Text 'Provide the following taxpayer information' is present on page  using regular expression

2023-09-26 18:09:13 - [MESSAGE][PASSED] - Text 'Provide the following taxpayer information' is present on page  using regular expression

2023-09-26 18:09:13 - [TEST_STEP][PASSED] - verifyTextPresent("Note: If you are paying on behalf of the Taxpayer, enter Taxpayer", true): Text 'Note: If you are paying on behalf of the Taxpayer, enter Taxpayer' is present on page  using regular expression

2023-09-26 18:09:13 - [MESSAGE][PASSED] - Text 'Note: If you are paying on behalf of the Taxpayer, enter Taxpayer' is present on page  using regular expression

2023-09-26 18:09:13 - [TEST_STEP][PASSED] - verifyTextPresent("information here. If you are making a payment for the Taxpayer, you will be required later to enter your own credit card, billing address and other pertinent information", true): Text 'information here. If you are making a payment for the Taxpayer, you will be required later to enter your own credit card, billing address and other pertinent information' is present on page  using regular expression

2023-09-26 18:09:13 - [MESSAGE][PASSED] - Text 'information here. If you are making a payment for the Taxpayer, you will be required later to enter your own credit card, billing address and other pertinent information' is present on page  using regular expression

2023-09-26 18:09:13 - [TEST_STEP][PASSED] - verifyElementVisible(findTestObject(orPath_TaxPayer + "/input_Note_businessName")): Object 'Object Repository/RAD_Pages/Taxpayer_Page/input_Note_businessName' is visible

2023-09-26 18:09:14 - [MESSAGE][PASSED] - Object 'Object Repository/RAD_Pages/Taxpayer_Page/input_Note_businessName' is visible

2023-09-26 18:09:14 - [TEST_STEP][PASSED] - verifyElementVisible(findTestObject(orPath_TaxPayer + "/input_BusinessRepfirstName")): Object 'Object Repository/RAD_Pages/Taxpayer_Page/input_BusinessRepfirstName' is visible

2023-09-26 18:09:14 - [MESSAGE][PASSED] - Object 'Object Repository/RAD_Pages/Taxpayer_Page/input_BusinessRepfirstName' is visible

2023-09-26 18:09:14 - [TEST_STEP][PASSED] - verifyElementVisible(findTestObject(orPath_TaxPayer + "/input_BusinessRepmiddleName")): Object 'Object Repository/RAD_Pages/Taxpayer_Page/input_BusinessRepmiddleName' is visible

2023-09-26 18:09:14 - [MESSAGE][PASSED] - Object 'Object Repository/RAD_Pages/Taxpayer_Page/input_BusinessRepmiddleName' is visible

2023-09-26 18:09:14 - [TEST_STEP][PASSED] - verifyElementVisible(findTestObject(orPath_TaxPayer + "/input_BusinessReplastName")): Object 'Object Repository/RAD_Pages/Taxpayer_Page/input_BusinessReplastName' is visible

2023-09-26 18:09:15 - [MESSAGE][PASSED] - Object 'Object Repository/RAD_Pages/Taxpayer_Page/input_BusinessReplastName' is visible

2023-09-26 18:09:15 - [TEST_STEP][PASSED] - verifyElementVisible(findTestObject(orPath_TaxPayer + "/input_BusinessRepsuffix")): Object 'Object Repository/RAD_Pages/Taxpayer_Page/input_BusinessRepsuffix' is visible

2023-09-26 18:09:15 - [MESSAGE][PASSED] - Object 'Object Repository/RAD_Pages/Taxpayer_Page/input_BusinessRepsuffix' is visible

2023-09-26 18:09:15 - [TEST_STEP][PASSED] - verifyElementNotVisible(findTestObject(orPath_TaxPayer + "/input_firstName")): Object 'Object Repository/RAD_Pages/Taxpayer_Page/input_firstName' is NOT visible

2023-09-26 18:09:15 - [MESSAGE][PASSED] - Object 'Object Repository/RAD_Pages/Taxpayer_Page/input_firstName' is NOT visible

2023-09-26 18:09:15 - [TEST_STEP][PASSED] - verifyElementNotVisible(findTestObject(orPath_TaxPayer + "/input_middleName")): Object 'Object Repository/RAD_Pages/Taxpayer_Page/input_middleName' is NOT visible

2023-09-26 18:09:16 - [MESSAGE][PASSED] - Object 'Object Repository/RAD_Pages/Taxpayer_Page/input_middleName' is NOT visible

2023-09-26 18:09:16 - [TEST_STEP][PASSED] - verifyElementNotVisible(findTestObject(orPath_TaxPayer + "/input_lastName")): Object 'Object Repository/RAD_Pages/Taxpayer_Page/input_lastName' is NOT visible

2023-09-26 18:09:16 - [MESSAGE][PASSED] - Object 'Object Repository/RAD_Pages/Taxpayer_Page/input_lastName' is NOT visible

2023-09-26 18:09:16 - [TEST_STEP][PASSED] - verifyElementNotVisible(findTestObject(orPath_TaxPayer + "/input_suffix")): Object 'Object Repository/RAD_Pages/Taxpayer_Page/input_suffix' is NOT visible

2023-09-26 18:09:16 - [MESSAGE][PASSED] - Object 'Object Repository/RAD_Pages/Taxpayer_Page/input_suffix' is NOT visible

2023-09-26 18:09:16 - [TEST_STEP][PASSED] - verifyElementNotVisible(findTestObject("RAD_RecordAndPlay/input_concatSSN")): Object 'Object Repository/RAD_RecordAndPlay/input_concatSSN' is NOT visible

2023-09-26 18:09:17 - [MESSAGE][PASSED] - Object 'Object Repository/RAD_RecordAndPlay/input_concatSSN' is NOT visible

2023-09-26 18:09:17 - [TEST_STEP][PASSED] - verifyElementNotVisible(findTestObject("RAD_RecordAndPlay/input_concatReSSN")): Object 'Object Repository/RAD_RecordAndPlay/input_concatReSSN' is NOT visible

2023-09-26 18:09:17 - [MESSAGE][PASSED] - Object 'Object Repository/RAD_RecordAndPlay/input_concatReSSN' is NOT visible

2023-09-26 18:09:17 - [TEST_STEP][PASSED] - verifyTextPresent("Address and Contact Information", true): Text 'Address and Contact Information' is present on page  using regular expression

2023-09-26 18:09:18 - [MESSAGE][PASSED] - Text 'Address and Contact Information' is present on page  using regular expression

2023-09-26 18:09:18 - [TEST_STEP][PASSED] - verifyTextPresent("Enter the taxpayer", true): Text 'Enter the taxpayer' is present on page  using regular expression

2023-09-26 18:09:18 - [MESSAGE][PASSED] - Text 'Enter the taxpayer' is present on page  using regular expression

2023-09-26 18:09:18 - [TEST_STEP][PASSED] - verifyTextPresent("address and contact information", true): Text 'address and contact information' is present on page  using regular expression

2023-09-26 18:09:19 - [MESSAGE][PASSED] - Text 'address and contact information' is present on page  using regular expression

2023-09-26 18:09:19 - [TEST_STEP][PASSED] - verifyElementPresent(findTestObject(orPath_AddressContact + "/select_Country"), 30): Object 'Object Repository/RAD_Pages/AddressAndContactInfo_Page/select_Country' is present

2023-09-26 18:09:19 - [MESSAGE][PASSED] - Object 'Object Repository/RAD_Pages/AddressAndContactInfo_Page/select_Country' is present

2023-09-26 18:09:19 - [TEST_STEP][PASSED] - verifyElementPresent(findTestObject(orPath_AddressContact + "/input_streetAddress1"), 30): Object 'Object Repository/RAD_Pages/AddressAndContactInfo_Page/input_streetAddress1' is present

2023-09-26 18:09:19 - [MESSAGE][PASSED] - Object 'Object Repository/RAD_Pages/AddressAndContactInfo_Page/input_streetAddress1' is present

2023-09-26 18:09:19 - [TEST_STEP][PASSED] - verifyElementPresent(findTestObject(orPath_AddressContact + "/input_streetAddress2"), 30): Object 'Object Repository/RAD_Pages/AddressAndContactInfo_Page/input_streetAddress2' is present

2023-09-26 18:09:20 - [MESSAGE][PASSED] - Object 'Object Repository/RAD_Pages/AddressAndContactInfo_Page/input_streetAddress2' is present

2023-09-26 18:09:20 - [TEST_STEP][PASSED] - verifyElementPresent(findTestObject(orPath_AddressContact + "/input_city"), 30): Object 'Object Repository/RAD_Pages/AddressAndContactInfo_Page/input_city' is present

2023-09-26 18:09:20 - [MESSAGE][PASSED] - Object 'Object Repository/RAD_Pages/AddressAndContactInfo_Page/input_city' is present

2023-09-26 18:09:20 - [TEST_STEP][PASSED] - verifyElementPresent(findTestObject(orPath_AddressContact + "/select_State"), 30): Object 'Object Repository/RAD_Pages/AddressAndContactInfo_Page/select_State' is present

2023-09-26 18:09:20 - [MESSAGE][PASSED] - Object 'Object Repository/RAD_Pages/AddressAndContactInfo_Page/select_State' is present

2023-09-26 18:09:20 - [TEST_STEP][PASSED] - verifyElementPresent(findTestObject(orPath_AddressContact + "/input_zipCode"), 30): Object 'Object Repository/RAD_Pages/AddressAndContactInfo_Page/input_zipCode' is present

2023-09-26 18:09:21 - [MESSAGE][PASSED] - Object 'Object Repository/RAD_Pages/AddressAndContactInfo_Page/input_zipCode' is present

2023-09-26 18:09:21 - [TEST_STEP][PASSED] - verifyElementPresent(findTestObject(orPath_AddressContact + "/input_phoneNumber"), 30): Object 'Object Repository/RAD_Pages/AddressAndContactInfo_Page/input_phoneNumber' is present

2023-09-26 18:09:21 - [MESSAGE][PASSED] - Object 'Object Repository/RAD_Pages/AddressAndContactInfo_Page/input_phoneNumber' is present

2023-09-26 18:09:21 - [TEST_STEP][PASSED] - verifyElementPresent(findTestObject(orPath_AddressContact + "/input_eMailAddress"), 30): Object 'Object Repository/RAD_Pages/AddressAndContactInfo_Page/input_eMailAddress' is present

2023-09-26 18:09:21 - [MESSAGE][PASSED] - Object 'Object Repository/RAD_Pages/AddressAndContactInfo_Page/input_eMailAddress' is present

2023-09-26 18:09:21 - [TEST_STEP][PASSED] - verifyElementPresent(findTestObject(orPath_AddressContact + "/input_reEnterEMailAddress"), 30): Object 'Object Repository/RAD_Pages/AddressAndContactInfo_Page/input_reEnterEMailAddress' is present

2023-09-26 18:09:22 - [MESSAGE][PASSED] - Object 'Object Repository/RAD_Pages/AddressAndContactInfo_Page/input_reEnterEMailAddress' is present

2023-09-26 18:09:22 - [TEST_STEP][PASSED] - verifyOptionsPresent(findTestObject(orPath_AddressContact + "/select_Country"), ["United States"]): Options [United States] present.

2023-09-26 18:09:22 - [MESSAGE][PASSED] - Options [United States] present.

2023-09-26 18:09:22 - [TEST_STEP][PASSED] - verifyOptionsPresent(findTestObject(orPath_AddressContact + "/select_State"), ["Alabama", "District of Columbia", "Maryland", "Virginia", "Wyoming"]): Options [Alabama, District of Columbia, Maryland, Virginia, Wyoming] present.

2023-09-26 18:09:23 - [MESSAGE][PASSED] - Options [Alabama, District of Columbia, Maryland, Virginia, Wyoming] present.

2023-09-26 18:09:23 - [TEST_STEP][PASSED] - totalOptionsState = getNumberOfTotalOption(findTestObject(orPath_AddressContact + "/select_State")): 52 options of object 'Object Repository/RAD_Pages/AddressAndContactInfo_Page/select_State' counted

2023-09-26 18:09:24 - [MESSAGE][PASSED] - 52 options of object 'Object Repository/RAD_Pages/AddressAndContactInfo_Page/select_State' counted

2023-09-26 18:09:24 - [TEST_STEP][PASSED] - verifyEqual(totalOptionsState, 52): Actual object '52' and expected object '52' are equal

2023-09-26 18:09:24 - [MESSAGE][PASSED] - Actual object '52' and expected object '52' are equal

2023-09-26 18:09:24 - [TEST_STEP][PASSED] - verifyTextPresent("Tax Information", true): Text 'Tax Information' is present on page  using regular expression

2023-09-26 18:09:24 - [MESSAGE][PASSED] - Text 'Tax Information' is present on page  using regular expression

2023-09-26 18:09:24 - [TEST_STEP][FAILED] - verifyElementVisible(findTestObject(orPath_TaxInfo + "/input_FederalEIN-2")): Object 'Object Repository/RAD_Pages/TaxInfo_Page/input_FederalEIN-2' is NOT visible (Root cause: com.kms.katalon.core.exception.StepFailedException: Object 'Object Repository/RAD_Pages/TaxInfo_Page/input_FederalEIN-2' is NOT visible
	at com.kms.katalon.core.webui.keyword.internal.WebUIKeywordMain.stepFailed(WebUIKeywordMain.groovy:64)
	at com.kms.katalon.core.webui.keyword.builtin.VerifyElementVisibleKeyword$_verifyElementVisible_closure1.doCall(VerifyElementVisibleKeyword.groovy:83)
	at com.kms.katalon.core.webui.keyword.builtin.VerifyElementVisibleKeyword$_verifyElementVisible_closure1.call(VerifyElementVisibleKeyword.groovy)
	at com.kms.katalon.core.webui.keyword.internal.WebUIKeywordMain.runKeyword(WebUIKeywordMain.groovy:20)
	at com.kms.katalon.core.webui.keyword.builtin.VerifyElementVisibleKeyword.verifyElementVisible(VerifyElementVisibleKeyword.groovy:97)
	at com.kms.katalon.core.webui.keyword.builtin.VerifyElementVisibleKeyword.execute(VerifyElementVisibleKeyword.groovy:67)
	at com.kms.katalon.core.keyword.internal.KeywordExecutor.executeKeywordForPlatform(KeywordExecutor.groovy:74)
	at com.kms.katalon.core.webui.keyword.WebUiBuiltInKeywords.verifyElementVisible(WebUiBuiltInKeywords.groovy:376)
	at com.kms.katalon.core.webui.keyword.WebUiBuiltInKeywords$verifyElementVisible$8.call(Unknown Source)
	at Extension_PTETaxElectingSCorp_UI_TC.run(Extension_PTETaxElectingSCorp_UI_TC:115)
	at com.kms.katalon.core.main.ScriptEngine.run(ScriptEngine.java:194)
	at com.kms.katalon.core.main.ScriptEngine.runScriptAsRawText(ScriptEngine.java:119)
	at com.kms.katalon.core.main.TestCaseExecutor.runScript(TestCaseExecutor.java:448)
	at com.kms.katalon.core.main.TestCaseExecutor.doExecute(TestCaseExecutor.java:439)
	at com.kms.katalon.core.main.TestCaseExecutor.processExecutionPhase(TestCaseExecutor.java:418)
	at com.kms.katalon.core.main.TestCaseExecutor.accessMainPhase(TestCaseExecutor.java:410)
	at com.kms.katalon.core.main.TestCaseExecutor.execute(TestCaseExecutor.java:285)
	at com.kms.katalon.core.common.CommonExecutor.accessTestCaseMainPhase(CommonExecutor.java:65)
	at com.kms.katalon.core.main.TestSuiteExecutor.accessTestSuiteMainPhase(TestSuiteExecutor.java:148)
	at com.kms.katalon.core.main.TestSuiteExecutor.execute(TestSuiteExecutor.java:106)
	at com.kms.katalon.core.main.TestCaseMain.startTestSuite(TestCaseMain.java:187)
	at com.kms.katalon.core.main.TestCaseMain$startTestSuite$0.call(Unknown Source)
	at TempTestSuite1695765482532.run(TempTestSuite1695765482532.groovy:36)
)

2023-09-26 18:09:25 - [MESSAGE][FAILED] - Object 'Object Repository/RAD_Pages/TaxInfo_Page/input_FederalEIN-2' is NOT visible (Root cause: com.kms.katalon.core.exception.StepFailedException: Object 'Object Repository/RAD_Pages/TaxInfo_Page/input_FederalEIN-2' is NOT visible
	at com.kms.katalon.core.webui.keyword.internal.WebUIKeywordMain.stepFailed(WebUIKeywordMain.groovy:64)
	at com.kms.katalon.core.webui.keyword.builtin.VerifyElementVisibleKeyword$_verifyElementVisible_closure1.doCall(VerifyElementVisibleKeyword.groovy:83)
	at com.kms.katalon.core.webui.keyword.builtin.VerifyElementVisibleKeyword$_verifyElementVisible_closure1.call(VerifyElementVisibleKeyword.groovy)
	at com.kms.katalon.core.webui.keyword.internal.WebUIKeywordMain.runKeyword(WebUIKeywordMain.groovy:20)
	at com.kms.katalon.core.webui.keyword.builtin.VerifyElementVisibleKeyword.verifyElementVisible(VerifyElementVisibleKeyword.groovy:97)
	at com.kms.katalon.core.webui.keyword.builtin.VerifyElementVisibleKeyword.execute(VerifyElementVisibleKeyword.groovy:67)
	at com.kms.katalon.core.keyword.internal.KeywordExecutor.executeKeywordForPlatform(KeywordExecutor.groovy:74)
	at com.kms.katalon.core.webui.keyword.WebUiBuiltInKeywords.verifyElementVisible(WebUiBuiltInKeywords.groovy:376)
	at com.kms.katalon.core.webui.keyword.WebUiBuiltInKeywords$verifyElementVisible$8.call(Unknown Source)
	at Extension_PTETaxElectingSCorp_UI_TC.run(Extension_PTETaxElectingSCorp_UI_TC:115)
	at com.kms.katalon.core.main.ScriptEngine.run(ScriptEngine.java:194)
	at com.kms.katalon.core.main.ScriptEngine.runScriptAsRawText(ScriptEngine.java:119)
	at com.kms.katalon.core.main.TestCaseExecutor.runScript(TestCaseExecutor.java:448)
	at com.kms.katalon.core.main.TestCaseExecutor.doExecute(TestCaseExecutor.java:439)
	at com.kms.katalon.core.main.TestCaseExecutor.processExecutionPhase(TestCaseExecutor.java:418)
	at com.kms.katalon.core.main.TestCaseExecutor.accessMainPhase(TestCaseExecutor.java:410)
	at com.kms.katalon.core.main.TestCaseExecutor.execute(TestCaseExecutor.java:285)
	at com.kms.katalon.core.common.CommonExecutor.accessTestCaseMainPhase(CommonExecutor.java:65)
	at com.kms.katalon.core.main.TestSuiteExecutor.accessTestSuiteMainPhase(TestSuiteExecutor.java:148)
	at com.kms.katalon.core.main.TestSuiteExecutor.execute(TestSuiteExecutor.java:106)
	at com.kms.katalon.core.main.TestCaseMain.startTestSuite(TestCaseMain.java:187)
	at com.kms.katalon.core.main.TestCaseMain$startTestSuite$0.call(Unknown Source)
	at TempTestSuite1695765482532.run(TempTestSuite1695765482532.groovy:36)
)
[[ATTACHMENT|E:\\Cloned-Project-Katalon\\VPS-Katalon\\Reports\\20230926_175802\\RAD_TestSuite\\RAD_UI_TestSuite\\20230926_175802\\1695766165220.png]]

2023-09-26 18:09:25 - [TEST_STEP][FAILED] - verifyElementVisible(findTestObject(orPath_TaxInfo + "/input_FederalEIN_ReEnter-2")): Object 'Object Repository/RAD_Pages/TaxInfo_Page/input_FederalEIN_ReEnter-2' is NOT visible (Root cause: com.kms.katalon.core.exception.StepFailedException: Object 'Object Repository/RAD_Pages/TaxInfo_Page/input_FederalEIN_ReEnter-2' is NOT visible
	at com.kms.katalon.core.webui.keyword.internal.WebUIKeywordMain.stepFailed(WebUIKeywordMain.groovy:64)
	at com.kms.katalon.core.webui.keyword.builtin.VerifyElementVisibleKeyword$_verifyElementVisible_closure1.doCall(VerifyElementVisibleKeyword.groovy:83)
	at com.kms.katalon.core.webui.keyword.builtin.VerifyElementVisibleKeyword$_verifyElementVisible_closure1.call(VerifyElementVisibleKeyword.groovy)
	at com.kms.katalon.core.webui.keyword.internal.WebUIKeywordMain.runKeyword(WebUIKeywordMain.groovy:20)
	at com.kms.katalon.core.webui.keyword.builtin.VerifyElementVisibleKeyword.verifyElementVisible(VerifyElementVisibleKeyword.groovy:97)
	at com.kms.katalon.core.webui.keyword.builtin.VerifyElementVisibleKeyword.execute(VerifyElementVisibleKeyword.groovy:67)
	at com.kms.katalon.core.keyword.internal.KeywordExecutor.executeKeywordForPlatform(KeywordExecutor.groovy:74)
	at com.kms.katalon.core.webui.keyword.WebUiBuiltInKeywords.verifyElementVisible(WebUiBuiltInKeywords.groovy:376)
	at com.kms.katalon.core.webui.keyword.WebUiBuiltInKeywords$verifyElementVisible$8.call(Unknown Source)
	at Extension_PTETaxElectingSCorp_UI_TC.run(Extension_PTETaxElectingSCorp_UI_TC:116)
	at com.kms.katalon.core.main.ScriptEngine.run(ScriptEngine.java:194)
	at com.kms.katalon.core.main.ScriptEngine.runScriptAsRawText(ScriptEngine.java:119)
	at com.kms.katalon.core.main.TestCaseExecutor.runScript(TestCaseExecutor.java:448)
	at com.kms.katalon.core.main.TestCaseExecutor.doExecute(TestCaseExecutor.java:439)
	at com.kms.katalon.core.main.TestCaseExecutor.processExecutionPhase(TestCaseExecutor.java:418)
	at com.kms.katalon.core.main.TestCaseExecutor.accessMainPhase(TestCaseExecutor.java:410)
	at com.kms.katalon.core.main.TestCaseExecutor.execute(TestCaseExecutor.java:285)
	at com.kms.katalon.core.common.CommonExecutor.accessTestCaseMainPhase(CommonExecutor.java:65)
	at com.kms.katalon.core.main.TestSuiteExecutor.accessTestSuiteMainPhase(TestSuiteExecutor.java:148)
	at com.kms.katalon.core.main.TestSuiteExecutor.execute(TestSuiteExecutor.java:106)
	at com.kms.katalon.core.main.TestCaseMain.startTestSuite(TestCaseMain.java:187)
	at com.kms.katalon.core.main.TestCaseMain$startTestSuite$0.call(Unknown Source)
	at TempTestSuite1695765482532.run(TempTestSuite1695765482532.groovy:36)
)

2023-09-26 18:09:26 - [MESSAGE][FAILED] - Object 'Object Repository/RAD_Pages/TaxInfo_Page/input_FederalEIN_ReEnter-2' is NOT visible (Root cause: com.kms.katalon.core.exception.StepFailedException: Object 'Object Repository/RAD_Pages/TaxInfo_Page/input_FederalEIN_ReEnter-2' is NOT visible
	at com.kms.katalon.core.webui.keyword.internal.WebUIKeywordMain.stepFailed(WebUIKeywordMain.groovy:64)
	at com.kms.katalon.core.webui.keyword.builtin.VerifyElementVisibleKeyword$_verifyElementVisible_closure1.doCall(VerifyElementVisibleKeyword.groovy:83)
	at com.kms.katalon.core.webui.keyword.builtin.VerifyElementVisibleKeyword$_verifyElementVisible_closure1.call(VerifyElementVisibleKeyword.groovy)
	at com.kms.katalon.core.webui.keyword.internal.WebUIKeywordMain.runKeyword(WebUIKeywordMain.groovy:20)
	at com.kms.katalon.core.webui.keyword.builtin.VerifyElementVisibleKeyword.verifyElementVisible(VerifyElementVisibleKeyword.groovy:97)
	at com.kms.katalon.core.webui.keyword.builtin.VerifyElementVisibleKeyword.execute(VerifyElementVisibleKeyword.groovy:67)
	at com.kms.katalon.core.keyword.internal.KeywordExecutor.executeKeywordForPlatform(KeywordExecutor.groovy:74)
	at com.kms.katalon.core.webui.keyword.WebUiBuiltInKeywords.verifyElementVisible(WebUiBuiltInKeywords.groovy:376)
	at com.kms.katalon.core.webui.keyword.WebUiBuiltInKeywords$verifyElementVisible$8.call(Unknown Source)
	at Extension_PTETaxElectingSCorp_UI_TC.run(Extension_PTETaxElectingSCorp_UI_TC:116)
	at com.kms.katalon.core.main.ScriptEngine.run(ScriptEngine.java:194)
	at com.kms.katalon.core.main.ScriptEngine.runScriptAsRawText(ScriptEngine.java:119)
	at com.kms.katalon.core.main.TestCaseExecutor.runScript(TestCaseExecutor.java:448)
	at com.kms.katalon.core.main.TestCaseExecutor.doExecute(TestCaseExecutor.java:439)
	at com.kms.katalon.core.main.TestCaseExecutor.processExecutionPhase(TestCaseExecutor.java:418)
	at com.kms.katalon.core.main.TestCaseExecutor.accessMainPhase(TestCaseExecutor.java:410)
	at com.kms.katalon.core.main.TestCaseExecutor.execute(TestCaseExecutor.java:285)
	at com.kms.katalon.core.common.CommonExecutor.accessTestCaseMainPhase(CommonExecutor.java:65)
	at com.kms.katalon.core.main.TestSuiteExecutor.accessTestSuiteMainPhase(TestSuiteExecutor.java:148)
	at com.kms.katalon.core.main.TestSuiteExecutor.execute(TestSuiteExecutor.java:106)
	at com.kms.katalon.core.main.TestCaseMain.startTestSuite(TestCaseMain.java:187)
	at com.kms.katalon.core.main.TestCaseMain$startTestSuite$0.call(Unknown Source)
	at TempTestSuite1695765482532.run(TempTestSuite1695765482532.groovy:36)
)
[[ATTACHMENT|E:\\Cloned-Project-Katalon\\VPS-Katalon\\Reports\\20230926_175802\\RAD_TestSuite\\RAD_UI_TestSuite\\20230926_175802\\1695766165868.png]]

2023-09-26 18:09:26 - [TEST_STEP][PASSED] - verifyElementNotVisible(findTestObject(orPath_TaxInfo + "/input_NoticeInvoiceNumber")): Object 'Object Repository/RAD_Pages/TaxInfo_Page/input_NoticeInvoiceNumber' is NOT visible

2023-09-26 18:09:26 - [MESSAGE][PASSED] - Object 'Object Repository/RAD_Pages/TaxInfo_Page/input_NoticeInvoiceNumber' is NOT visible

2023-09-26 18:09:26 - [TEST_STEP][PASSED] - verifyElementNotVisible(findTestObject(orPath_TaxInfo + "/input_reTypeNoticeInvoiceNumber")): Object 'Object Repository/RAD_Pages/TaxInfo_Page/input_reTypeNoticeInvoiceNumber' is NOT visible

2023-09-26 18:09:26 - [MESSAGE][PASSED] - Object 'Object Repository/RAD_Pages/TaxInfo_Page/input_reTypeNoticeInvoiceNumber' is NOT visible

2023-09-26 18:09:26 - [TEST_STEP][PASSED] - verifyElementNotVisible(findTestObject(orPath_TaxInfo + "/input_MDCRegistrationEL")): Object 'Object Repository/RAD_Pages/TaxInfo_Page/input_MDCRegistrationEL' is NOT visible

2023-09-26 18:09:27 - [MESSAGE][PASSED] - Object 'Object Repository/RAD_Pages/TaxInfo_Page/input_MDCRegistrationEL' is NOT visible

2023-09-26 18:09:27 - [TEST_STEP][PASSED] - verifyElementNotVisible(findTestObject(orPath_FilingStatus + "/input_userType_Individual")): Object 'Object Repository/RAD_Pages/FilingStatus_Page/input_userType_Individual' is NOT visible

2023-09-26 18:09:27 - [MESSAGE][PASSED] - Object 'Object Repository/RAD_Pages/FilingStatus_Page/input_userType_Individual' is NOT visible

2023-09-26 18:09:27 - [TEST_STEP][PASSED] - verifyElementNotVisible(findTestObject(orPath_FilingStatus + "/input_userType_Joint")): Object 'Object Repository/RAD_Pages/FilingStatus_Page/input_userType_Joint' is NOT visible

2023-09-26 18:09:27 - [MESSAGE][PASSED] - Object 'Object Repository/RAD_Pages/FilingStatus_Page/input_userType_Joint' is NOT visible

2023-09-26 18:09:27 - [TEST_STEP][PASSED] - verifyTextPresent("Payment Amount", true): Text 'Payment Amount' is present on page  using regular expression

2023-09-26 18:09:28 - [MESSAGE][PASSED] - Text 'Payment Amount' is present on page  using regular expression

2023-09-26 18:09:28 - [TEST_STEP][PASSED] - verifyElementPresent(findTestObject(orPath_Amount + "/input__paymentAmount"), 30): Object 'Object Repository/RAD_Pages/PaymentAmount_Page/input__paymentAmount' is present

2023-09-26 18:09:28 - [MESSAGE][PASSED] - Object 'Object Repository/RAD_Pages/PaymentAmount_Page/input__paymentAmount' is present

2023-09-26 18:09:28 - [TEST_STEP][PASSED] - verifyElementVisible(findTestObject(orPath_Amount + "/input__paymentAmount")): Object 'Object Repository/RAD_Pages/PaymentAmount_Page/input__paymentAmount' is visible

2023-09-26 18:09:28 - [MESSAGE][PASSED] - Object 'Object Repository/RAD_Pages/PaymentAmount_Page/input__paymentAmount' is visible

2023-09-26 18:09:28 - [TEST_STEP][PASSED] - verifyTextPresent("Service Fee: This electronic government service includes a service/convenience fee. Click here for details", true): Text 'Service Fee: This electronic government service includes a service/convenience fee. Click here for details' is present on page  using regular expression

2023-09-26 18:09:29 - [MESSAGE][PASSED] - Text 'Service Fee: This electronic government service includes a service/convenience fee. Click here for details' is present on page  using regular expression

2023-09-26 18:09:29 - [TEST_STEP][PASSED] - verifyElementPresent(findTestObject(orPath_Amount + "/a_Click here for details"), 30): Object 'Object Repository/RAD_Pages/PaymentAmount_Page/a_Click here for details' is present

2023-09-26 18:09:29 - [MESSAGE][PASSED] - Object 'Object Repository/RAD_Pages/PaymentAmount_Page/a_Click here for details' is present

2023-09-26 18:09:29 - [TEST_STEP][PASSED] - verifyElementPresent(findTestObject(orPath_Landing + "/button_Continue"), 30): Object 'Object Repository/RAD_Pages/Landing_Page/button_Continue' is present

2023-09-26 18:09:29 - [MESSAGE][PASSED] - Object 'Object Repository/RAD_Pages/Landing_Page/button_Continue' is present]]></system-out>
         <system-err><![CDATA[2023-09-26 18:09:03 - [TEST_CASE][FAILED] - Test Cases/RAD_TestCases/UI_TestCases/Extension/Extension_PTETaxElectingSCorp_UI_TC: Test Cases/RAD_TestCases/UI_TestCases/Extension/Extension_PTETaxElectingSCorp_UI_TC FAILED.
Reason:
com.kms.katalon.core.exception.StepFailedException: Object 'Object Repository/RAD_Pages/TaxInfo_Page/input_FederalEIN-2' is NOT visible (Root cause: com.kms.katalon.core.exception.StepFailedException: Object 'Object Repository/RAD_Pages/TaxInfo_Page/input_FederalEIN-2' is NOT visible
	at com.kms.katalon.core.webui.keyword.internal.WebUIKeywordMain.stepFailed(WebUIKeywordMain.groovy:64)
	at com.kms.katalon.core.webui.keyword.builtin.VerifyElementVisibleKeyword$_verifyElementVisible_closure1.doCall(VerifyElementVisibleKeyword.groovy:83)
	at com.kms.katalon.core.webui.keyword.builtin.VerifyElementVisibleKeyword$_verifyElementVisible_closure1.call(VerifyElementVisibleKeyword.groovy)
	at com.kms.katalon.core.webui.keyword.internal.WebUIKeywordMain.runKeyword(WebUIKeywordMain.groovy:20)
	at com.kms.katalon.core.webui.keyword.builtin.VerifyElementVisibleKeyword.verifyElementVisible(VerifyElementVisibleKeyword.groovy:97)
	at com.kms.katalon.core.webui.keyword.builtin.VerifyElementVisibleKeyword.execute(VerifyElementVisibleKeyword.groovy:67)
	at com.kms.katalon.core.keyword.internal.KeywordExecutor.executeKeywordForPlatform(KeywordExecutor.groovy:74)
	at com.kms.katalon.core.webui.keyword.WebUiBuiltInKeywords.verifyElementVisible(WebUiBuiltInKeywords.groovy:376)
	at com.kms.katalon.core.webui.keyword.WebUiBuiltInKeywords$verifyElementVisible$8.call(Unknown Source)
	at Extension_PTETaxElectingSCorp_UI_TC.run(Extension_PTETaxElectingSCorp_UI_TC:115)
	at com.kms.katalon.core.main.ScriptEngine.run(ScriptEngine.java:194)
	at com.kms.katalon.core.main.ScriptEngine.runScriptAsRawText(ScriptEngine.java:119)
	at com.kms.katalon.core.main.TestCaseExecutor.runScript(TestCaseExecutor.java:448)
	at com.kms.katalon.core.main.TestCaseExecutor.doExecute(TestCaseExecutor.java:439)
	at com.kms.katalon.core.main.TestCaseExecutor.processExecutionPhase(TestCaseExecutor.java:418)
	at com.kms.katalon.core.main.TestCaseExecutor.accessMainPhase(TestCaseExecutor.java:410)
	at com.kms.katalon.core.main.TestCaseExecutor.execute(TestCaseExecutor.java:285)
	at com.kms.katalon.core.common.CommonExecutor.accessTestCaseMainPhase(CommonExecutor.java:65)
	at com.kms.katalon.core.main.TestSuiteExecutor.accessTestSuiteMainPhase(TestSuiteExecutor.java:148)
	at com.kms.katalon.core.main.TestSuiteExecutor.execute(TestSuiteExecutor.java:106)
	at com.kms.katalon.core.main.TestCaseMain.startTestSuite(TestCaseMain.java:187)
	at com.kms.katalon.core.main.TestCaseMain$startTestSuite$0.call(Unknown Source)
	at TempTestSuite1695765482532.run(TempTestSuite1695765482532.groovy:36)
)
	at com.kms.katalon.core.keyword.internal.KeywordMain.stepFailed(KeywordMain.groovy:39)
	at com.kms.katalon.core.webui.keyword.internal.WebUIKeywordMain.stepFailed(WebUIKeywordMain.groovy:64)
	at com.kms.katalon.core.webui.keyword.builtin.VerifyElementVisibleKeyword$_verifyElementVisible_closure1.doCall(VerifyElementVisibleKeyword.groovy:83)
	at com.kms.katalon.core.webui.keyword.builtin.VerifyElementVisibleKeyword$_verifyElementVisible_closure1.call(VerifyElementVisibleKeyword.groovy)
	at com.kms.katalon.core.webui.keyword.internal.WebUIKeywordMain.runKeyword(WebUIKeywordMain.groovy:20)
	at com.kms.katalon.core.webui.keyword.builtin.VerifyElementVisibleKeyword.verifyElementVisible(VerifyElementVisibleKeyword.groovy:97)
	at com.kms.katalon.core.webui.keyword.builtin.VerifyElementVisibleKeyword.execute(VerifyElementVisibleKeyword.groovy:67)
	at com.kms.katalon.core.keyword.internal.KeywordExecutor.executeKeywordForPlatform(KeywordExecutor.groovy:74)
	at com.kms.katalon.core.webui.keyword.WebUiBuiltInKeywords.verifyElementVisible(WebUiBuiltInKeywords.groovy:376)
	at com.kms.katalon.core.webui.keyword.WebUiBuiltInKeywords$verifyElementVisible$8.call(Unknown Source)
	at Extension_PTETaxElectingSCorp_UI_TC.run(Extension_PTETaxElectingSCorp_UI_TC:115)
	at com.kms.katalon.core.main.ScriptEngine.run(ScriptEngine.java:194)
	at com.kms.katalon.core.main.ScriptEngine.runScriptAsRawText(ScriptEngine.java:119)
	at com.kms.katalon.core.main.TestCaseExecutor.runScript(TestCaseExecutor.java:448)
	at com.kms.katalon.core.main.TestCaseExecutor.doExecute(TestCaseExecutor.java:439)
	at com.kms.katalon.core.main.TestCaseExecutor.processExecutionPhase(TestCaseExecutor.java:418)
	at com.kms.katalon.core.main.TestCaseExecutor.accessMainPhase(TestCaseExecutor.java:410)
	at com.kms.katalon.core.main.TestCaseExecutor.execute(TestCaseExecutor.java:285)
	at com.kms.katalon.core.common.CommonExecutor.accessTestCaseMainPhase(CommonExecutor.java:65)
	at com.kms.katalon.core.main.TestSuiteExecutor.accessTestSuiteMainPhase(TestSuiteExecutor.java:148)
	at com.kms.katalon.core.main.TestSuiteExecutor.execute(TestSuiteExecutor.java:106)
	at com.kms.katalon.core.main.TestCaseMain.startTestSuite(TestCaseMain.java:187)
	at com.kms.katalon.core.main.TestCaseMain$startTestSuite$0.call(Unknown Source)
	at TempTestSuite1695765482532.run(TempTestSuite1695765482532.groovy:36)
Caused by: com.kms.katalon.core.exception.StepFailedException: Object 'Object Repository/RAD_Pages/TaxInfo_Page/input_FederalEIN-2' is NOT visible
	... 23 more]]></system-err>
      </testcase>
      <testcase name="Test Cases/RAD_TestCases/UI_TestCases/New Liability/NewLiability_Fiduciary_UI_TC" time="26.077" classname="Test Cases/RAD_TestCases/UI_TestCases/New Liability/NewLiability_Fiduciary_UI_TC" status="PASSED">
         <system-out><![CDATA[2023-09-26 18:09:29 - [TEST_CASE][PASSED] - Test Cases/RAD_TestCases/UI_TestCases/New Liability/NewLiability_Fiduciary_UI_TC: Test Cases/RAD_TestCases/UI_TestCases/New Liability/NewLiability_Fiduciary_UI_TC

2023-09-26 18:09:30 - [TEST_STEP][PASSED] - openBrowser(""): Browser is opened with url: ''

2023-09-26 18:09:30 - [MESSAGE][WARNING] - A browser is already opened. Closing browser and opening a new one

2023-09-26 18:09:31 - [MESSAGE][INFO] - Starting 'Chrome' driver

2023-09-26 18:09:31 - [MESSAGE][INFO] - User set preference: ['acceptInsecureCerts', 'true']

2023-09-26 18:09:31 - [MESSAGE][INFO] - Action delay is set to 0 milliseconds

2023-09-26 18:09:32 - [MESSAGE][PASSED] - Browser is opened with url: ''

2023-09-26 18:09:32 - [TEST_STEP][PASSED] - maximizeWindow(): Current window maximized

2023-09-26 18:09:32 - [MESSAGE][PASSED] - Current window maximized

2023-09-26 18:09:32 - [TEST_STEP][PASSED] - navigateToUrl(RADurl): Navigate to 'https://qa2.velocitypayment.com/client/rad/index.html' successfully

2023-09-26 18:09:34 - [MESSAGE][PASSED] - Navigate to 'https://qa2.velocitypayment.com/client/rad/index.html' successfully

2023-09-26 18:09:34 - [TEST_STEP][PASSED] - orPath_Landing = "Object Repository/RAD_Pages/Landing_Page": null

2023-09-26 18:09:34 - [TEST_STEP][PASSED] - orPath_TaxTypeFilingYear = "Object Repository/RAD_Pages/TaxTypeFilingYear_Page": null

2023-09-26 18:09:34 - [TEST_STEP][PASSED] - orPath_TaxPayer = "Object Repository/RAD_Pages/Taxpayer_Page": null

2023-09-26 18:09:34 - [TEST_STEP][PASSED] - orPath_AddressContact = "Object Repository/RAD_Pages/AddressAndContactInfo_Page": null

2023-09-26 18:09:34 - [TEST_STEP][PASSED] - orPath_FilingStatus = "Object Repository/RAD_Pages/FilingStatus_Page": null

2023-09-26 18:09:34 - [TEST_STEP][PASSED] - orPath_Amount = "Object Repository/RAD_Pages/PaymentAmount_Page": null

2023-09-26 18:09:34 - [TEST_STEP][PASSED] - orPath_TaxInfo = "Object Repository/RAD_Pages/TaxInfo_Page": null

2023-09-26 18:09:34 - [TEST_STEP][PASSED] - selectOptionByLabel(findTestObject(orPath_Landing + "/dd_TaxType"), "New Tax Return Amount Due", false): All options with label 'New Tax Return Amount Due' are selected in object 'Object Repository/RAD_Pages/Landing_Page/dd_TaxType' 

2023-09-26 18:09:34 - [MESSAGE][PASSED] - All options with label 'New Tax Return Amount Due' are selected in object 'Object Repository/RAD_Pages/Landing_Page/dd_TaxType' 

2023-09-26 18:09:34 - [TEST_STEP][PASSED] - selectOptionByLabel(findTestObject("Object Repository/RAD_Pages/Landing_Page/select_NewTaxReturnAmountDue_TaxType"), "Fiduciary Tax", false): All options with label 'Fiduciary Tax' are selected in object 'Object Repository/RAD_Pages/Landing_Page/select_NewTaxReturnAmountDue_TaxType' 

2023-09-26 18:09:35 - [MESSAGE][PASSED] - All options with label 'Fiduciary Tax' are selected in object 'Object Repository/RAD_Pages/Landing_Page/select_NewTaxReturnAmountDue_TaxType' 

2023-09-26 18:09:35 - [TEST_STEP][PASSED] - verifyElementPresent(findTestObject(orPath_TaxTypeFilingYear + "/select_FilingYear"), 30): Object 'Object Repository/RAD_Pages/TaxTypeFilingYear_Page/select_FilingYear' is present

2023-09-26 18:09:36 - [MESSAGE][PASSED] - Object 'Object Repository/RAD_Pages/TaxTypeFilingYear_Page/select_FilingYear' is present

2023-09-26 18:09:36 - [TEST_STEP][PASSED] - verifyElementVisible(findTestObject(orPath_TaxTypeFilingYear + "/select_FilingYear")): Object 'Object Repository/RAD_Pages/TaxTypeFilingYear_Page/select_FilingYear' is visible

2023-09-26 18:09:36 - [MESSAGE][PASSED] - Object 'Object Repository/RAD_Pages/TaxTypeFilingYear_Page/select_FilingYear' is visible

2023-09-26 18:09:36 - [TEST_STEP][PASSED] - totalOptionsFilingYear = getNumberOfTotalOption(findTestObject(orPath_TaxTypeFilingYear + "/select_FilingYear")): 4 options of object 'Object Repository/RAD_Pages/TaxTypeFilingYear_Page/select_FilingYear' counted

2023-09-26 18:09:37 - [MESSAGE][PASSED] - 4 options of object 'Object Repository/RAD_Pages/TaxTypeFilingYear_Page/select_FilingYear' counted

2023-09-26 18:09:37 - [TEST_STEP][PASSED] - verifyEqual(totalOptionsFilingYear, 4): Actual object '4' and expected object '4' are equal

2023-09-26 18:09:37 - [MESSAGE][PASSED] - Actual object '4' and expected object '4' are equal

2023-09-26 18:09:37 - [TEST_STEP][PASSED] - verifyOptionsPresent(findTestObject(orPath_TaxTypeFilingYear + "/select_FilingYear"), ["2022", "2021", "2020"]): Options [2022, 2021, 2020] present.

2023-09-26 18:09:37 - [MESSAGE][PASSED] - Options [2022, 2021, 2020] present.

2023-09-26 18:09:37 - [TEST_STEP][PASSED] - verifyElementNotVisible(findTestObject(orPath_TaxTypeFilingYear + "/select_PeriodEnding")): Object 'Object Repository/RAD_Pages/TaxTypeFilingYear_Page/select_PeriodEnding' is NOT visible

2023-09-26 18:09:38 - [MESSAGE][PASSED] - Object 'Object Repository/RAD_Pages/TaxTypeFilingYear_Page/select_PeriodEnding' is NOT visible

2023-09-26 18:09:38 - [TEST_STEP][PASSED] - verifyTextPresent("Taxpayer", true): Text 'Taxpayer' is present on page  using regular expression

2023-09-26 18:09:38 - [MESSAGE][PASSED] - Text 'Taxpayer' is present on page  using regular expression

2023-09-26 18:09:38 - [TEST_STEP][PASSED] - verifyTextPresent("Provide the following taxpayer information", true): Text 'Provide the following taxpayer information' is present on page  using regular expression

2023-09-26 18:09:39 - [MESSAGE][PASSED] - Text 'Provide the following taxpayer information' is present on page  using regular expression

2023-09-26 18:09:39 - [TEST_STEP][PASSED] - verifyTextPresent("Note: If you are paying on behalf of the Taxpayer, enter Taxpayer", true): Text 'Note: If you are paying on behalf of the Taxpayer, enter Taxpayer' is present on page  using regular expression

2023-09-26 18:09:39 - [MESSAGE][PASSED] - Text 'Note: If you are paying on behalf of the Taxpayer, enter Taxpayer' is present on page  using regular expression

2023-09-26 18:09:39 - [TEST_STEP][PASSED] - verifyTextPresent("information here. If you are making a payment for the Taxpayer, you will be required later to enter your own credit card, billing address and other pertinent information", true): Text 'information here. If you are making a payment for the Taxpayer, you will be required later to enter your own credit card, billing address and other pertinent information' is present on page  using regular expression

2023-09-26 18:09:39 - [MESSAGE][PASSED] - Text 'information here. If you are making a payment for the Taxpayer, you will be required later to enter your own credit card, billing address and other pertinent information' is present on page  using regular expression

2023-09-26 18:09:39 - [TEST_STEP][PASSED] - verifyElementVisible(findTestObject(orPath_TaxPayer + "/input_Note_businessName")): Object 'Object Repository/RAD_Pages/Taxpayer_Page/input_Note_businessName' is visible

2023-09-26 18:09:40 - [MESSAGE][PASSED] - Object 'Object Repository/RAD_Pages/Taxpayer_Page/input_Note_businessName' is visible

2023-09-26 18:09:40 - [TEST_STEP][PASSED] - verifyElementVisible(findTestObject(orPath_TaxPayer + "/input_BusinessRepfirstName")): Object 'Object Repository/RAD_Pages/Taxpayer_Page/input_BusinessRepfirstName' is visible

2023-09-26 18:09:40 - [MESSAGE][PASSED] - Object 'Object Repository/RAD_Pages/Taxpayer_Page/input_BusinessRepfirstName' is visible

2023-09-26 18:09:40 - [TEST_STEP][PASSED] - verifyElementVisible(findTestObject(orPath_TaxPayer + "/input_BusinessRepmiddleName")): Object 'Object Repository/RAD_Pages/Taxpayer_Page/input_BusinessRepmiddleName' is visible

2023-09-26 18:09:40 - [MESSAGE][PASSED] - Object 'Object Repository/RAD_Pages/Taxpayer_Page/input_BusinessRepmiddleName' is visible

2023-09-26 18:09:40 - [TEST_STEP][PASSED] - verifyElementVisible(findTestObject(orPath_TaxPayer + "/input_BusinessReplastName")): Object 'Object Repository/RAD_Pages/Taxpayer_Page/input_BusinessReplastName' is visible

2023-09-26 18:09:41 - [MESSAGE][PASSED] - Object 'Object Repository/RAD_Pages/Taxpayer_Page/input_BusinessReplastName' is visible

2023-09-26 18:09:41 - [TEST_STEP][PASSED] - verifyElementVisible(findTestObject(orPath_TaxPayer + "/input_BusinessRepsuffix")): Object 'Object Repository/RAD_Pages/Taxpayer_Page/input_BusinessRepsuffix' is visible

2023-09-26 18:09:41 - [MESSAGE][PASSED] - Object 'Object Repository/RAD_Pages/Taxpayer_Page/input_BusinessRepsuffix' is visible

2023-09-26 18:09:41 - [TEST_STEP][PASSED] - verifyElementNotVisible(findTestObject(orPath_TaxPayer + "/input_firstName")): Object 'Object Repository/RAD_Pages/Taxpayer_Page/input_firstName' is NOT visible

2023-09-26 18:09:41 - [MESSAGE][PASSED] - Object 'Object Repository/RAD_Pages/Taxpayer_Page/input_firstName' is NOT visible

2023-09-26 18:09:41 - [TEST_STEP][PASSED] - verifyElementNotVisible(findTestObject(orPath_TaxPayer + "/input_middleName")): Object 'Object Repository/RAD_Pages/Taxpayer_Page/input_middleName' is NOT visible

2023-09-26 18:09:42 - [MESSAGE][PASSED] - Object 'Object Repository/RAD_Pages/Taxpayer_Page/input_middleName' is NOT visible

2023-09-26 18:09:42 - [TEST_STEP][PASSED] - verifyElementNotVisible(findTestObject(orPath_TaxPayer + "/input_lastName")): Object 'Object Repository/RAD_Pages/Taxpayer_Page/input_lastName' is NOT visible

2023-09-26 18:09:42 - [MESSAGE][PASSED] - Object 'Object Repository/RAD_Pages/Taxpayer_Page/input_lastName' is NOT visible

2023-09-26 18:09:42 - [TEST_STEP][PASSED] - verifyElementNotVisible(findTestObject(orPath_TaxPayer + "/input_suffix")): Object 'Object Repository/RAD_Pages/Taxpayer_Page/input_suffix' is NOT visible

2023-09-26 18:09:42 - [MESSAGE][PASSED] - Object 'Object Repository/RAD_Pages/Taxpayer_Page/input_suffix' is NOT visible

2023-09-26 18:09:42 - [TEST_STEP][PASSED] - verifyElementNotVisible(findTestObject("RAD_RecordAndPlay/input_concatSSN")): Object 'Object Repository/RAD_RecordAndPlay/input_concatSSN' is NOT visible

2023-09-26 18:09:43 - [MESSAGE][PASSED] - Object 'Object Repository/RAD_RecordAndPlay/input_concatSSN' is NOT visible

2023-09-26 18:09:43 - [TEST_STEP][PASSED] - verifyElementNotVisible(findTestObject("RAD_RecordAndPlay/input_concatReSSN")): Object 'Object Repository/RAD_RecordAndPlay/input_concatReSSN' is NOT visible

2023-09-26 18:09:43 - [MESSAGE][PASSED] - Object 'Object Repository/RAD_RecordAndPlay/input_concatReSSN' is NOT visible

2023-09-26 18:09:43 - [TEST_STEP][PASSED] - verifyTextPresent("Address and Contact Information", true): Text 'Address and Contact Information' is present on page  using regular expression

2023-09-26 18:09:44 - [MESSAGE][PASSED] - Text 'Address and Contact Information' is present on page  using regular expression

2023-09-26 18:09:44 - [TEST_STEP][PASSED] - verifyTextPresent("Enter the taxpayer", true): Text 'Enter the taxpayer' is present on page  using regular expression

2023-09-26 18:09:44 - [MESSAGE][PASSED] - Text 'Enter the taxpayer' is present on page  using regular expression

2023-09-26 18:09:44 - [TEST_STEP][PASSED] - verifyTextPresent("address and contact information", true): Text 'address and contact information' is present on page  using regular expression

2023-09-26 18:09:45 - [MESSAGE][PASSED] - Text 'address and contact information' is present on page  using regular expression

2023-09-26 18:09:45 - [TEST_STEP][PASSED] - verifyElementPresent(findTestObject(orPath_AddressContact + "/select_Country"), 30): Object 'Object Repository/RAD_Pages/AddressAndContactInfo_Page/select_Country' is present

2023-09-26 18:09:45 - [MESSAGE][PASSED] - Object 'Object Repository/RAD_Pages/AddressAndContactInfo_Page/select_Country' is present

2023-09-26 18:09:45 - [TEST_STEP][PASSED] - verifyElementPresent(findTestObject(orPath_AddressContact + "/input_streetAddress1"), 30): Object 'Object Repository/RAD_Pages/AddressAndContactInfo_Page/input_streetAddress1' is present

2023-09-26 18:09:45 - [MESSAGE][PASSED] - Object 'Object Repository/RAD_Pages/AddressAndContactInfo_Page/input_streetAddress1' is present

2023-09-26 18:09:45 - [TEST_STEP][PASSED] - verifyElementPresent(findTestObject(orPath_AddressContact + "/input_streetAddress2"), 30): Object 'Object Repository/RAD_Pages/AddressAndContactInfo_Page/input_streetAddress2' is present

2023-09-26 18:09:46 - [MESSAGE][PASSED] - Object 'Object Repository/RAD_Pages/AddressAndContactInfo_Page/input_streetAddress2' is present

2023-09-26 18:09:46 - [TEST_STEP][PASSED] - verifyElementPresent(findTestObject(orPath_AddressContact + "/input_city"), 30): Object 'Object Repository/RAD_Pages/AddressAndContactInfo_Page/input_city' is present

2023-09-26 18:09:46 - [MESSAGE][PASSED] - Object 'Object Repository/RAD_Pages/AddressAndContactInfo_Page/input_city' is present

2023-09-26 18:09:46 - [TEST_STEP][PASSED] - verifyElementPresent(findTestObject(orPath_AddressContact + "/select_State"), 30): Object 'Object Repository/RAD_Pages/AddressAndContactInfo_Page/select_State' is present

2023-09-26 18:09:46 - [MESSAGE][PASSED] - Object 'Object Repository/RAD_Pages/AddressAndContactInfo_Page/select_State' is present

2023-09-26 18:09:46 - [TEST_STEP][PASSED] - verifyElementPresent(findTestObject(orPath_AddressContact + "/input_zipCode"), 30): Object 'Object Repository/RAD_Pages/AddressAndContactInfo_Page/input_zipCode' is present

2023-09-26 18:09:47 - [MESSAGE][PASSED] - Object 'Object Repository/RAD_Pages/AddressAndContactInfo_Page/input_zipCode' is present

2023-09-26 18:09:47 - [TEST_STEP][PASSED] - verifyElementPresent(findTestObject(orPath_AddressContact + "/input_phoneNumber"), 30): Object 'Object Repository/RAD_Pages/AddressAndContactInfo_Page/input_phoneNumber' is present

2023-09-26 18:09:47 - [MESSAGE][PASSED] - Object 'Object Repository/RAD_Pages/AddressAndContactInfo_Page/input_phoneNumber' is present

2023-09-26 18:09:47 - [TEST_STEP][PASSED] - verifyElementPresent(findTestObject(orPath_AddressContact + "/input_eMailAddress"), 30): Object 'Object Repository/RAD_Pages/AddressAndContactInfo_Page/input_eMailAddress' is present

2023-09-26 18:09:48 - [MESSAGE][PASSED] - Object 'Object Repository/RAD_Pages/AddressAndContactInfo_Page/input_eMailAddress' is present

2023-09-26 18:09:48 - [TEST_STEP][PASSED] - verifyElementPresent(findTestObject(orPath_AddressContact + "/input_reEnterEMailAddress"), 30): Object 'Object Repository/RAD_Pages/AddressAndContactInfo_Page/input_reEnterEMailAddress' is present

2023-09-26 18:09:48 - [MESSAGE][PASSED] - Object 'Object Repository/RAD_Pages/AddressAndContactInfo_Page/input_reEnterEMailAddress' is present

2023-09-26 18:09:48 - [TEST_STEP][PASSED] - verifyOptionsPresent(findTestObject(orPath_AddressContact + "/select_Country"), ["United States"]): Options [United States] present.

2023-09-26 18:09:48 - [MESSAGE][PASSED] - Options [United States] present.

2023-09-26 18:09:48 - [TEST_STEP][PASSED] - verifyOptionsPresent(findTestObject(orPath_AddressContact + "/select_State"), ["Alabama", "District of Columbia", "Maryland", "Virginia", "Wyoming"]): Options [Alabama, District of Columbia, Maryland, Virginia, Wyoming] present.

2023-09-26 18:09:49 - [MESSAGE][PASSED] - Options [Alabama, District of Columbia, Maryland, Virginia, Wyoming] present.

2023-09-26 18:09:49 - [TEST_STEP][PASSED] - totalOptionsState = getNumberOfTotalOption(findTestObject(orPath_AddressContact + "/select_State")): 52 options of object 'Object Repository/RAD_Pages/AddressAndContactInfo_Page/select_State' counted

2023-09-26 18:09:50 - [MESSAGE][PASSED] - 52 options of object 'Object Repository/RAD_Pages/AddressAndContactInfo_Page/select_State' counted

2023-09-26 18:09:50 - [TEST_STEP][PASSED] - verifyEqual(totalOptionsState, 52): Actual object '52' and expected object '52' are equal

2023-09-26 18:09:50 - [MESSAGE][PASSED] - Actual object '52' and expected object '52' are equal

2023-09-26 18:09:50 - [TEST_STEP][PASSED] - verifyTextPresent("Tax Information", true): Text 'Tax Information' is present on page  using regular expression

2023-09-26 18:09:50 - [MESSAGE][PASSED] - Text 'Tax Information' is present on page  using regular expression

2023-09-26 18:09:50 - [TEST_STEP][PASSED] - verifyElementVisible(findTestObject(orPath_TaxInfo + "/input_FederalEIN-2")): Object 'Object Repository/RAD_Pages/TaxInfo_Page/input_FederalEIN-2' is visible

2023-09-26 18:09:51 - [MESSAGE][PASSED] - Object 'Object Repository/RAD_Pages/TaxInfo_Page/input_FederalEIN-2' is visible

2023-09-26 18:09:51 - [TEST_STEP][PASSED] - verifyElementVisible(findTestObject(orPath_TaxInfo + "/input_FederalEIN_ReEnter-2")): Object 'Object Repository/RAD_Pages/TaxInfo_Page/input_FederalEIN_ReEnter-2' is visible

2023-09-26 18:09:51 - [MESSAGE][PASSED] - Object 'Object Repository/RAD_Pages/TaxInfo_Page/input_FederalEIN_ReEnter-2' is visible

2023-09-26 18:09:51 - [TEST_STEP][PASSED] - verifyElementNotVisible(findTestObject(orPath_TaxInfo + "/input_NoticeInvoiceNumber")): Object 'Object Repository/RAD_Pages/TaxInfo_Page/input_NoticeInvoiceNumber' is NOT visible

2023-09-26 18:09:52 - [MESSAGE][PASSED] - Object 'Object Repository/RAD_Pages/TaxInfo_Page/input_NoticeInvoiceNumber' is NOT visible

2023-09-26 18:09:52 - [TEST_STEP][PASSED] - verifyElementNotVisible(findTestObject(orPath_TaxInfo + "/input_reTypeNoticeInvoiceNumber")): Object 'Object Repository/RAD_Pages/TaxInfo_Page/input_reTypeNoticeInvoiceNumber' is NOT visible

2023-09-26 18:09:52 - [MESSAGE][PASSED] - Object 'Object Repository/RAD_Pages/TaxInfo_Page/input_reTypeNoticeInvoiceNumber' is NOT visible

2023-09-26 18:09:52 - [TEST_STEP][PASSED] - verifyElementNotVisible(findTestObject(orPath_TaxInfo + "/input_MDCRegistrationEL")): Object 'Object Repository/RAD_Pages/TaxInfo_Page/input_MDCRegistrationEL' is NOT visible

2023-09-26 18:09:53 - [MESSAGE][PASSED] - Object 'Object Repository/RAD_Pages/TaxInfo_Page/input_MDCRegistrationEL' is NOT visible

2023-09-26 18:09:53 - [TEST_STEP][PASSED] - verifyElementNotVisible(findTestObject(orPath_FilingStatus + "/input_userType_Individual")): Object 'Object Repository/RAD_Pages/FilingStatus_Page/input_userType_Individual' is NOT visible

2023-09-26 18:09:53 - [MESSAGE][PASSED] - Object 'Object Repository/RAD_Pages/FilingStatus_Page/input_userType_Individual' is NOT visible

2023-09-26 18:09:53 - [TEST_STEP][PASSED] - verifyElementNotVisible(findTestObject(orPath_FilingStatus + "/input_userType_Joint")): Object 'Object Repository/RAD_Pages/FilingStatus_Page/input_userType_Joint' is NOT visible

2023-09-26 18:09:53 - [MESSAGE][PASSED] - Object 'Object Repository/RAD_Pages/FilingStatus_Page/input_userType_Joint' is NOT visible

2023-09-26 18:09:53 - [TEST_STEP][PASSED] - verifyTextPresent("Payment Amount", true): Text 'Payment Amount' is present on page  using regular expression

2023-09-26 18:09:54 - [MESSAGE][PASSED] - Text 'Payment Amount' is present on page  using regular expression

2023-09-26 18:09:54 - [TEST_STEP][PASSED] - verifyElementPresent(findTestObject(orPath_Amount + "/input__paymentAmount"), 30): Object 'Object Repository/RAD_Pages/PaymentAmount_Page/input__paymentAmount' is present

2023-09-26 18:09:54 - [MESSAGE][PASSED] - Object 'Object Repository/RAD_Pages/PaymentAmount_Page/input__paymentAmount' is present

2023-09-26 18:09:54 - [TEST_STEP][PASSED] - verifyElementVisible(findTestObject(orPath_Amount + "/input__paymentAmount")): Object 'Object Repository/RAD_Pages/PaymentAmount_Page/input__paymentAmount' is visible

2023-09-26 18:09:54 - [MESSAGE][PASSED] - Object 'Object Repository/RAD_Pages/PaymentAmount_Page/input__paymentAmount' is visible

2023-09-26 18:09:54 - [TEST_STEP][PASSED] - verifyTextPresent("Service Fee: This electronic government service includes a service/convenience fee. Click here for details", true): Text 'Service Fee: This electronic government service includes a service/convenience fee. Click here for details' is present on page  using regular expression

2023-09-26 18:09:55 - [MESSAGE][PASSED] - Text 'Service Fee: This electronic government service includes a service/convenience fee. Click here for details' is present on page  using regular expression

2023-09-26 18:09:55 - [TEST_STEP][PASSED] - verifyElementPresent(findTestObject(orPath_Amount + "/a_Click here for details"), 30): Object 'Object Repository/RAD_Pages/PaymentAmount_Page/a_Click here for details' is present

2023-09-26 18:09:55 - [MESSAGE][PASSED] - Object 'Object Repository/RAD_Pages/PaymentAmount_Page/a_Click here for details' is present

2023-09-26 18:09:55 - [TEST_STEP][PASSED] - verifyElementPresent(findTestObject(orPath_Landing + "/button_Continue"), 30): Object 'Object Repository/RAD_Pages/Landing_Page/button_Continue' is present

2023-09-26 18:09:55 - [MESSAGE][PASSED] - Object 'Object Repository/RAD_Pages/Landing_Page/button_Continue' is present]]></system-out>
         <system-err><![CDATA[]]></system-err>
      </testcase>
      <testcase name="Test Cases/RAD_TestCases/UI_TestCases/New Liability/NewLiability_PersonalIncomeTax_UI_TC" time="43.251" classname="Test Cases/RAD_TestCases/UI_TestCases/New Liability/NewLiability_PersonalIncomeTax_UI_TC" status="PASSED">
         <system-out><![CDATA[2023-09-26 18:09:55 - [TEST_CASE][PASSED] - Test Cases/RAD_TestCases/UI_TestCases/New Liability/NewLiability_PersonalIncomeTax_UI_TC: Test Cases/RAD_TestCases/UI_TestCases/New Liability/NewLiability_PersonalIncomeTax_UI_TC

2023-09-26 18:09:56 - [TEST_STEP][PASSED] - openBrowser(""): Browser is opened with url: ''

2023-09-26 18:09:56 - [MESSAGE][WARNING] - A browser is already opened. Closing browser and opening a new one

2023-09-26 18:09:57 - [MESSAGE][INFO] - Starting 'Chrome' driver

2023-09-26 18:09:57 - [MESSAGE][INFO] - User set preference: ['acceptInsecureCerts', 'true']

2023-09-26 18:09:57 - [MESSAGE][INFO] - Action delay is set to 0 milliseconds

2023-09-26 18:09:58 - [MESSAGE][PASSED] - Browser is opened with url: ''

2023-09-26 18:09:58 - [TEST_STEP][PASSED] - maximizeWindow(): Current window maximized

2023-09-26 18:09:58 - [MESSAGE][PASSED] - Current window maximized

2023-09-26 18:09:58 - [TEST_STEP][PASSED] - navigateToUrl(RADurl): Navigate to 'https://qa2.velocitypayment.com/client/rad/index.html' successfully

2023-09-26 18:10:00 - [MESSAGE][PASSED] - Navigate to 'https://qa2.velocitypayment.com/client/rad/index.html' successfully

2023-09-26 18:10:00 - [TEST_STEP][PASSED] - orPath_Landing = "Object Repository/RAD_Pages/Landing_Page": null

2023-09-26 18:10:00 - [TEST_STEP][PASSED] - orPath_TaxTypeFilingYear = "Object Repository/RAD_Pages/TaxTypeFilingYear_Page": null

2023-09-26 18:10:00 - [TEST_STEP][PASSED] - orPath_TaxPayer = "Object Repository/RAD_Pages/Taxpayer_Page": null

2023-09-26 18:10:00 - [TEST_STEP][PASSED] - orPath_AddressContact = "Object Repository/RAD_Pages/AddressAndContactInfo_Page": null

2023-09-26 18:10:00 - [TEST_STEP][PASSED] - orPath_FilingStatus = "Object Repository/RAD_Pages/FilingStatus_Page": null

2023-09-26 18:10:00 - [TEST_STEP][PASSED] - orPath_Amount = "Object Repository/RAD_Pages/PaymentAmount_Page": null

2023-09-26 18:10:00 - [TEST_STEP][PASSED] - orPath_TaxInfo = "Object Repository/RAD_Pages/TaxInfo_Page": null

2023-09-26 18:10:00 - [TEST_STEP][PASSED] - selectOptionByLabel(findTestObject(orPath_Landing + "/dd_TaxType"), "New Tax Return Amount Due", false): All options with label 'New Tax Return Amount Due' are selected in object 'Object Repository/RAD_Pages/Landing_Page/dd_TaxType' 

2023-09-26 18:10:01 - [MESSAGE][PASSED] - All options with label 'New Tax Return Amount Due' are selected in object 'Object Repository/RAD_Pages/Landing_Page/dd_TaxType' 

2023-09-26 18:10:01 - [TEST_STEP][PASSED] - selectOptionByLabel(findTestObject("Object Repository/RAD_Pages/Landing_Page/select_NewTaxReturnAmountDue_TaxType"), "Personal Income Tax", false): All options with label 'Personal Income Tax' are selected in object 'Object Repository/RAD_Pages/Landing_Page/select_NewTaxReturnAmountDue_TaxType' 

2023-09-26 18:10:01 - [MESSAGE][PASSED] - All options with label 'Personal Income Tax' are selected in object 'Object Repository/RAD_Pages/Landing_Page/select_NewTaxReturnAmountDue_TaxType' 

2023-09-26 18:10:01 - [TEST_STEP][PASSED] - verifyElementPresent(findTestObject(orPath_TaxTypeFilingYear + "/select_FilingYear"), 30): Object 'Object Repository/RAD_Pages/TaxTypeFilingYear_Page/select_FilingYear' is present

2023-09-26 18:10:02 - [MESSAGE][PASSED] - Object 'Object Repository/RAD_Pages/TaxTypeFilingYear_Page/select_FilingYear' is present

2023-09-26 18:10:02 - [TEST_STEP][PASSED] - totalOptionsFilingYear = getNumberOfTotalOption(findTestObject(orPath_TaxTypeFilingYear + "/select_FilingYear")): 4 options of object 'Object Repository/RAD_Pages/TaxTypeFilingYear_Page/select_FilingYear' counted

2023-09-26 18:10:02 - [MESSAGE][PASSED] - 4 options of object 'Object Repository/RAD_Pages/TaxTypeFilingYear_Page/select_FilingYear' counted

2023-09-26 18:10:02 - [TEST_STEP][PASSED] - verifyEqual(totalOptionsFilingYear, 4): Actual object '4' and expected object '4' are equal

2023-09-26 18:10:02 - [MESSAGE][PASSED] - Actual object '4' and expected object '4' are equal

2023-09-26 18:10:02 - [TEST_STEP][PASSED] - verifyOptionsPresent(findTestObject(orPath_TaxTypeFilingYear + "/select_FilingYear"), ["2020", "2021", "2022"]): Options [2020, 2021, 2022] present.

2023-09-26 18:10:03 - [MESSAGE][PASSED] - Options [2020, 2021, 2022] present.

2023-09-26 18:10:03 - [TEST_STEP][PASSED] - verifyElementNotVisible(findTestObject(orPath_TaxTypeFilingYear + "/select_PeriodEnding")): Object 'Object Repository/RAD_Pages/TaxTypeFilingYear_Page/select_PeriodEnding' is NOT visible

2023-09-26 18:10:03 - [MESSAGE][PASSED] - Object 'Object Repository/RAD_Pages/TaxTypeFilingYear_Page/select_PeriodEnding' is NOT visible

2023-09-26 18:10:03 - [TEST_STEP][PASSED] - verifyTextPresent("Payment Type/Filing Year", true): Text 'Payment Type/Filing Year' is present on page  using regular expression

2023-09-26 18:10:04 - [MESSAGE][PASSED] - Text 'Payment Type/Filing Year' is present on page  using regular expression

2023-09-26 18:10:04 - [TEST_STEP][PASSED] - verifyTextPresent("Taxpayer", true): Text 'Taxpayer' is present on page  using regular expression

2023-09-26 18:10:04 - [MESSAGE][PASSED] - Text 'Taxpayer' is present on page  using regular expression

2023-09-26 18:10:04 - [TEST_STEP][PASSED] - verifyTextPresent("Provide the following taxpayer information", true): Text 'Provide the following taxpayer information' is present on page  using regular expression

2023-09-26 18:10:05 - [MESSAGE][PASSED] - Text 'Provide the following taxpayer information' is present on page  using regular expression

2023-09-26 18:10:05 - [TEST_STEP][PASSED] - verifyTextPresent("Note: If you are paying on behalf of the Taxpayer, enter Taxpayer", true): Text 'Note: If you are paying on behalf of the Taxpayer, enter Taxpayer' is present on page  using regular expression

2023-09-26 18:10:05 - [MESSAGE][PASSED] - Text 'Note: If you are paying on behalf of the Taxpayer, enter Taxpayer' is present on page  using regular expression

2023-09-26 18:10:05 - [TEST_STEP][PASSED] - verifyTextPresent("information here. If you are making a payment for the Taxpayer, you will be required later to enter your own credit card, billing address and other pertinent information", true): Text 'information here. If you are making a payment for the Taxpayer, you will be required later to enter your own credit card, billing address and other pertinent information' is present on page  using regular expression

2023-09-26 18:10:05 - [MESSAGE][PASSED] - Text 'information here. If you are making a payment for the Taxpayer, you will be required later to enter your own credit card, billing address and other pertinent information' is present on page  using regular expression

2023-09-26 18:10:05 - [TEST_STEP][PASSED] - verifyTextPresent("Address and Contact Information", true): Text 'Address and Contact Information' is present on page  using regular expression

2023-09-26 18:10:06 - [MESSAGE][PASSED] - Text 'Address and Contact Information' is present on page  using regular expression

2023-09-26 18:10:06 - [TEST_STEP][PASSED] - verifyTextPresent("Enter the taxpayer", true): Text 'Enter the taxpayer' is present on page  using regular expression

2023-09-26 18:10:06 - [MESSAGE][PASSED] - Text 'Enter the taxpayer' is present on page  using regular expression

2023-09-26 18:10:06 - [TEST_STEP][PASSED] - verifyTextPresent("address and contact information", true): Text 'address and contact information' is present on page  using regular expression

2023-09-26 18:10:07 - [MESSAGE][PASSED] - Text 'address and contact information' is present on page  using regular expression

2023-09-26 18:10:07 - [TEST_STEP][PASSED] - verifyTextPresent("Filing Status", true): Text 'Filing Status' is present on page  using regular expression

2023-09-26 18:10:07 - [MESSAGE][PASSED] - Text 'Filing Status' is present on page  using regular expression

2023-09-26 18:10:07 - [TEST_STEP][PASSED] - verifyTextPresent("Is this an Individual or Joint Filing?", true): Text 'Is this an Individual or Joint Filing?' is present on page  using regular expression

2023-09-26 18:10:07 - [MESSAGE][PASSED] - Text 'Is this an Individual or Joint Filing?' is present on page  using regular expression

2023-09-26 18:10:07 - [TEST_STEP][PASSED] - verifyTextPresent("Filing type", true): Text 'Filing type' is present on page  using regular expression

2023-09-26 18:10:08 - [MESSAGE][PASSED] - Text 'Filing type' is present on page  using regular expression

2023-09-26 18:10:08 - [TEST_STEP][PASSED] - verifyTextPresent("Individual Filing", true): Text 'Individual Filing' is present on page  using regular expression

2023-09-26 18:10:08 - [MESSAGE][PASSED] - Text 'Individual Filing' is present on page  using regular expression

2023-09-26 18:10:08 - [TEST_STEP][PASSED] - verifyTextPresent("Joint Filing", true): Text 'Joint Filing' is present on page  using regular expression

2023-09-26 18:10:09 - [MESSAGE][PASSED] - Text 'Joint Filing' is present on page  using regular expression

2023-09-26 18:10:09 - [TEST_STEP][PASSED] - verifyTextPresent("Payment Amount", true): Text 'Payment Amount' is present on page  using regular expression

2023-09-26 18:10:09 - [MESSAGE][PASSED] - Text 'Payment Amount' is present on page  using regular expression

2023-09-26 18:10:09 - [TEST_STEP][PASSED] - verifyTextPresent("Service Fee: This electronic government service includes a service/convenience fee. Click here for details", true): Text 'Service Fee: This electronic government service includes a service/convenience fee. Click here for details' is present on page  using regular expression

2023-09-26 18:10:09 - [MESSAGE][PASSED] - Text 'Service Fee: This electronic government service includes a service/convenience fee. Click here for details' is present on page  using regular expression

2023-09-26 18:10:09 - [TEST_STEP][PASSED] - verifyElementPresent(findTestObject(orPath_Amount + "/a_Click here for details"), 30): Object 'Object Repository/RAD_Pages/PaymentAmount_Page/a_Click here for details' is present

2023-09-26 18:10:10 - [MESSAGE][PASSED] - Object 'Object Repository/RAD_Pages/PaymentAmount_Page/a_Click here for details' is present

2023-09-26 18:10:10 - [TEST_STEP][PASSED] - verifyElementPresent(findTestObject(orPath_Landing + "/button_Continue"), 30): Object 'Object Repository/RAD_Pages/Landing_Page/button_Continue' is present

2023-09-26 18:10:10 - [MESSAGE][PASSED] - Object 'Object Repository/RAD_Pages/Landing_Page/button_Continue' is present

2023-09-26 18:10:10 - [TEST_STEP][PASSED] - verifyElementPresent(findTestObject(orPath_TaxPayer + "/input_firstName"), 30): Object 'Object Repository/RAD_Pages/Taxpayer_Page/input_firstName' is present

2023-09-26 18:10:10 - [MESSAGE][PASSED] - Object 'Object Repository/RAD_Pages/Taxpayer_Page/input_firstName' is present

2023-09-26 18:10:10 - [TEST_STEP][PASSED] - verifyElementPresent(findTestObject(orPath_TaxPayer + "/input_middleName"), 30): Object 'Object Repository/RAD_Pages/Taxpayer_Page/input_middleName' is present

2023-09-26 18:10:11 - [MESSAGE][PASSED] - Object 'Object Repository/RAD_Pages/Taxpayer_Page/input_middleName' is present

2023-09-26 18:10:11 - [TEST_STEP][PASSED] - verifyElementPresent(findTestObject(orPath_TaxPayer + "/input_lastName"), 30): Object 'Object Repository/RAD_Pages/Taxpayer_Page/input_lastName' is present

2023-09-26 18:10:11 - [MESSAGE][PASSED] - Object 'Object Repository/RAD_Pages/Taxpayer_Page/input_lastName' is present

2023-09-26 18:10:11 - [TEST_STEP][PASSED] - verifyElementPresent(findTestObject(orPath_TaxPayer + "/input_suffix"), 30): Object 'Object Repository/RAD_Pages/Taxpayer_Page/input_suffix' is present

2023-09-26 18:10:11 - [MESSAGE][PASSED] - Object 'Object Repository/RAD_Pages/Taxpayer_Page/input_suffix' is present

2023-09-26 18:10:11 - [TEST_STEP][PASSED] - verifyElementPresent(findTestObject("RAD_RecordAndPlay/input_concatSSN"), 30): Object 'Object Repository/RAD_RecordAndPlay/input_concatSSN' is present

2023-09-26 18:10:12 - [MESSAGE][PASSED] - Object 'Object Repository/RAD_RecordAndPlay/input_concatSSN' is present

2023-09-26 18:10:12 - [TEST_STEP][PASSED] - verifyElementPresent(findTestObject("RAD_RecordAndPlay/input_concatReSSN"), 30): Object 'Object Repository/RAD_RecordAndPlay/input_concatReSSN' is present

2023-09-26 18:10:12 - [MESSAGE][PASSED] - Object 'Object Repository/RAD_RecordAndPlay/input_concatReSSN' is present

2023-09-26 18:10:12 - [TEST_STEP][PASSED] - verifyElementPresent(findTestObject(orPath_AddressContact + "/select_Country"), 30): Object 'Object Repository/RAD_Pages/AddressAndContactInfo_Page/select_Country' is present

2023-09-26 18:10:13 - [MESSAGE][PASSED] - Object 'Object Repository/RAD_Pages/AddressAndContactInfo_Page/select_Country' is present

2023-09-26 18:10:13 - [TEST_STEP][PASSED] - verifyElementPresent(findTestObject(orPath_AddressContact + "/input_streetAddress1"), 30): Object 'Object Repository/RAD_Pages/AddressAndContactInfo_Page/input_streetAddress1' is present

2023-09-26 18:10:13 - [MESSAGE][PASSED] - Object 'Object Repository/RAD_Pages/AddressAndContactInfo_Page/input_streetAddress1' is present

2023-09-26 18:10:13 - [TEST_STEP][PASSED] - verifyElementPresent(findTestObject(orPath_AddressContact + "/input_streetAddress2"), 30): Object 'Object Repository/RAD_Pages/AddressAndContactInfo_Page/input_streetAddress2' is present

2023-09-26 18:10:14 - [MESSAGE][PASSED] - Object 'Object Repository/RAD_Pages/AddressAndContactInfo_Page/input_streetAddress2' is present

2023-09-26 18:10:14 - [TEST_STEP][PASSED] - verifyElementPresent(findTestObject(orPath_AddressContact + "/input_city"), 30): Object 'Object Repository/RAD_Pages/AddressAndContactInfo_Page/input_city' is present

2023-09-26 18:10:14 - [MESSAGE][PASSED] - Object 'Object Repository/RAD_Pages/AddressAndContactInfo_Page/input_city' is present

2023-09-26 18:10:14 - [TEST_STEP][PASSED] - verifyElementPresent(findTestObject(orPath_AddressContact + "/select_State"), 30): Object 'Object Repository/RAD_Pages/AddressAndContactInfo_Page/select_State' is present

2023-09-26 18:10:14 - [MESSAGE][PASSED] - Object 'Object Repository/RAD_Pages/AddressAndContactInfo_Page/select_State' is present

2023-09-26 18:10:14 - [TEST_STEP][PASSED] - verifyElementPresent(findTestObject(orPath_AddressContact + "/input_zipCode"), 30): Object 'Object Repository/RAD_Pages/AddressAndContactInfo_Page/input_zipCode' is present

2023-09-26 18:10:15 - [MESSAGE][PASSED] - Object 'Object Repository/RAD_Pages/AddressAndContactInfo_Page/input_zipCode' is present

2023-09-26 18:10:15 - [TEST_STEP][PASSED] - verifyElementPresent(findTestObject(orPath_AddressContact + "/input_phoneNumber"), 30): Object 'Object Repository/RAD_Pages/AddressAndContactInfo_Page/input_phoneNumber' is present

2023-09-26 18:10:15 - [MESSAGE][PASSED] - Object 'Object Repository/RAD_Pages/AddressAndContactInfo_Page/input_phoneNumber' is present

2023-09-26 18:10:15 - [TEST_STEP][PASSED] - verifyElementPresent(findTestObject(orPath_AddressContact + "/input_eMailAddress"), 30): Object 'Object Repository/RAD_Pages/AddressAndContactInfo_Page/input_eMailAddress' is present

2023-09-26 18:10:15 - [MESSAGE][PASSED] - Object 'Object Repository/RAD_Pages/AddressAndContactInfo_Page/input_eMailAddress' is present

2023-09-26 18:10:15 - [TEST_STEP][PASSED] - verifyElementPresent(findTestObject(orPath_AddressContact + "/input_reEnterEMailAddress"), 30): Object 'Object Repository/RAD_Pages/AddressAndContactInfo_Page/input_reEnterEMailAddress' is present

2023-09-26 18:10:15 - [MESSAGE][PASSED] - Object 'Object Repository/RAD_Pages/AddressAndContactInfo_Page/input_reEnterEMailAddress' is present

2023-09-26 18:10:15 - [TEST_STEP][PASSED] - verifyOptionsPresent(findTestObject(orPath_AddressContact + "/select_Country"), ["United States"]): Options [United States] present.

2023-09-26 18:10:16 - [MESSAGE][PASSED] - Options [United States] present.

2023-09-26 18:10:16 - [TEST_STEP][PASSED] - verifyOptionsPresent(findTestObject(orPath_AddressContact + "/select_State"), ["Alabama", "District of Columbia", "Maryland", "Virginia", "Wyoming"]): Options [Alabama, District of Columbia, Maryland, Virginia, Wyoming] present.

2023-09-26 18:10:17 - [MESSAGE][PASSED] - Options [Alabama, District of Columbia, Maryland, Virginia, Wyoming] present.

2023-09-26 18:10:17 - [TEST_STEP][PASSED] - totalOptionsState = getNumberOfTotalOption(findTestObject(orPath_AddressContact + "/select_State")): 52 options of object 'Object Repository/RAD_Pages/AddressAndContactInfo_Page/select_State' counted

2023-09-26 18:10:18 - [MESSAGE][PASSED] - 52 options of object 'Object Repository/RAD_Pages/AddressAndContactInfo_Page/select_State' counted

2023-09-26 18:10:18 - [TEST_STEP][PASSED] - verifyEqual(totalOptionsState, 52): Actual object '52' and expected object '52' are equal

2023-09-26 18:10:18 - [MESSAGE][PASSED] - Actual object '52' and expected object '52' are equal

2023-09-26 18:10:18 - [TEST_STEP][PASSED] - verifyElementNotVisible(findTestObject(orPath_TaxInfo + "/input_NoticeInvoiceNumber")): Object 'Object Repository/RAD_Pages/TaxInfo_Page/input_NoticeInvoiceNumber' is NOT visible

2023-09-26 18:10:18 - [MESSAGE][PASSED] - Object 'Object Repository/RAD_Pages/TaxInfo_Page/input_NoticeInvoiceNumber' is NOT visible

2023-09-26 18:10:18 - [TEST_STEP][PASSED] - verifyElementNotVisible(findTestObject(orPath_TaxInfo + "/input_reTypeNoticeInvoiceNumber")): Object 'Object Repository/RAD_Pages/TaxInfo_Page/input_reTypeNoticeInvoiceNumber' is NOT visible

2023-09-26 18:10:18 - [MESSAGE][PASSED] - Object 'Object Repository/RAD_Pages/TaxInfo_Page/input_reTypeNoticeInvoiceNumber' is NOT visible

2023-09-26 18:10:18 - [TEST_STEP][PASSED] - verifyElementNotVisible(findTestObject(orPath_TaxInfo + "/input_FederalEIN-2")): Object 'Object Repository/RAD_Pages/TaxInfo_Page/input_FederalEIN-2' is NOT visible

2023-09-26 18:10:19 - [MESSAGE][PASSED] - Object 'Object Repository/RAD_Pages/TaxInfo_Page/input_FederalEIN-2' is NOT visible

2023-09-26 18:10:19 - [TEST_STEP][PASSED] - verifyElementNotVisible(findTestObject(orPath_TaxInfo + "/input_FederalEIN_ReEnter-2")): Object 'Object Repository/RAD_Pages/TaxInfo_Page/input_FederalEIN_ReEnter-2' is NOT visible

2023-09-26 18:10:19 - [MESSAGE][PASSED] - Object 'Object Repository/RAD_Pages/TaxInfo_Page/input_FederalEIN_ReEnter-2' is NOT visible

2023-09-26 18:10:19 - [TEST_STEP][PASSED] - verifyElementNotVisible(findTestObject(orPath_TaxInfo + "/input_MDCRegistrationEL")): Object 'Object Repository/RAD_Pages/TaxInfo_Page/input_MDCRegistrationEL' is NOT visible

2023-09-26 18:10:20 - [MESSAGE][PASSED] - Object 'Object Repository/RAD_Pages/TaxInfo_Page/input_MDCRegistrationEL' is NOT visible

2023-09-26 18:10:20 - [TEST_STEP][PASSED] - verifyElementNotVisible(findTestObject(orPath_TaxPayer + "/input_Note_businessName")): Object 'Object Repository/RAD_Pages/Taxpayer_Page/input_Note_businessName' is NOT visible

2023-09-26 18:10:20 - [MESSAGE][PASSED] - Object 'Object Repository/RAD_Pages/Taxpayer_Page/input_Note_businessName' is NOT visible

2023-09-26 18:10:20 - [TEST_STEP][PASSED] - verifyElementPresent(findTestObject(orPath_FilingStatus + "/input_userType_Individual"), 30): Object 'Object Repository/RAD_Pages/FilingStatus_Page/input_userType_Individual' is present

2023-09-26 18:10:21 - [MESSAGE][PASSED] - Object 'Object Repository/RAD_Pages/FilingStatus_Page/input_userType_Individual' is present

2023-09-26 18:10:21 - [TEST_STEP][PASSED] - verifyElementVisible(findTestObject(orPath_FilingStatus + "/input_userType_Individual")): Object 'Object Repository/RAD_Pages/FilingStatus_Page/input_userType_Individual' is visible

2023-09-26 18:10:21 - [MESSAGE][PASSED] - Object 'Object Repository/RAD_Pages/FilingStatus_Page/input_userType_Individual' is visible

2023-09-26 18:10:21 - [TEST_STEP][PASSED] - verifyElementPresent(findTestObject(orPath_FilingStatus + "/input_userType_Joint"), 30): Object 'Object Repository/RAD_Pages/FilingStatus_Page/input_userType_Joint' is present

2023-09-26 18:10:21 - [MESSAGE][PASSED] - Object 'Object Repository/RAD_Pages/FilingStatus_Page/input_userType_Joint' is present

2023-09-26 18:10:21 - [TEST_STEP][PASSED] - verifyElementVisible(findTestObject(orPath_FilingStatus + "/input_userType_Joint")): Object 'Object Repository/RAD_Pages/FilingStatus_Page/input_userType_Joint' is visible

2023-09-26 18:10:22 - [MESSAGE][PASSED] - Object 'Object Repository/RAD_Pages/FilingStatus_Page/input_userType_Joint' is visible

2023-09-26 18:10:22 - [TEST_STEP][PASSED] - verifyElementPresent(findTestObject(orPath_Amount + "/input__paymentAmount"), 30): Object 'Object Repository/RAD_Pages/PaymentAmount_Page/input__paymentAmount' is present

2023-09-26 18:10:22 - [MESSAGE][PASSED] - Object 'Object Repository/RAD_Pages/PaymentAmount_Page/input__paymentAmount' is present

2023-09-26 18:10:22 - [TEST_STEP][PASSED] - delay(10): Delayed 10 second(s)

2023-09-26 18:10:32 - [MESSAGE][PASSED] - Delayed 10 second(s)

2023-09-26 18:10:32 - [TEST_STEP][PASSED] - scrollToElement(findTestObject(orPath_Amount + "/input__paymentAmount"), 3): Scroll to object 'Object Repository/RAD_Pages/PaymentAmount_Page/input__paymentAmount' successfully

2023-09-26 18:10:32 - [MESSAGE][PASSED] - Scroll to object 'Object Repository/RAD_Pages/PaymentAmount_Page/input__paymentAmount' successfully

2023-09-26 18:10:32 - [TEST_STEP][PASSED] - waitForElementClickable(findTestObject(orPath_FilingStatus + "/input_userType_Joint"), 5): Object 'Object Repository/RAD_Pages/FilingStatus_Page/input_userType_Joint' is clickable

2023-09-26 18:10:33 - [MESSAGE][PASSED] - Object 'Object Repository/RAD_Pages/FilingStatus_Page/input_userType_Joint' is clickable

2023-09-26 18:10:33 - [TEST_STEP][PASSED] - click(findTestObject(orPath_FilingStatus + "/input_userType_Joint")): Object: 'Object Repository/RAD_Pages/FilingStatus_Page/input_userType_Joint' is clicked on

2023-09-26 18:10:33 - [MESSAGE][PASSED] - Object: 'Object Repository/RAD_Pages/FilingStatus_Page/input_userType_Joint' is clicked on

2023-09-26 18:10:33 - [TEST_STEP][PASSED] - verifyTextPresent("Provide the following information for the joint filer", true): Text 'Provide the following information for the joint filer' is present on page  using regular expression

2023-09-26 18:10:34 - [MESSAGE][PASSED] - Text 'Provide the following information for the joint filer' is present on page  using regular expression

2023-09-26 18:10:34 - [TEST_STEP][PASSED] - verifyElementPresent(findTestObject(orPath_FilingStatus + "/input_jointFirstName"), 30): Object 'Object Repository/RAD_Pages/FilingStatus_Page/input_jointFirstName' is present

2023-09-26 18:10:34 - [MESSAGE][PASSED] - Object 'Object Repository/RAD_Pages/FilingStatus_Page/input_jointFirstName' is present

2023-09-26 18:10:34 - [TEST_STEP][PASSED] - verifyElementPresent(findTestObject(orPath_FilingStatus + "/input_jointMiddleName"), 30): Object 'Object Repository/RAD_Pages/FilingStatus_Page/input_jointMiddleName' is present

2023-09-26 18:10:35 - [MESSAGE][PASSED] - Object 'Object Repository/RAD_Pages/FilingStatus_Page/input_jointMiddleName' is present

2023-09-26 18:10:35 - [TEST_STEP][PASSED] - verifyElementPresent(findTestObject(orPath_FilingStatus + "/input_jointLastName"), 30): Object 'Object Repository/RAD_Pages/FilingStatus_Page/input_jointLastName' is present

2023-09-26 18:10:35 - [MESSAGE][PASSED] - Object 'Object Repository/RAD_Pages/FilingStatus_Page/input_jointLastName' is present

2023-09-26 18:10:35 - [TEST_STEP][PASSED] - verifyElementPresent(findTestObject(orPath_FilingStatus + "/input_jointSuffix"), 30): Object 'Object Repository/RAD_Pages/FilingStatus_Page/input_jointSuffix' is present

2023-09-26 18:10:35 - [MESSAGE][PASSED] - Object 'Object Repository/RAD_Pages/FilingStatus_Page/input_jointSuffix' is present

2023-09-26 18:10:35 - [TEST_STEP][PASSED] - verifyElementPresent(findTestObject("Object Repository/RAD_RecordAndPlay/input_JointFilerSSN"), 30): Object 'Object Repository/RAD_RecordAndPlay/input_JointFilerSSN' is present

2023-09-26 18:10:36 - [MESSAGE][PASSED] - Object 'Object Repository/RAD_RecordAndPlay/input_JointFilerSSN' is present

2023-09-26 18:10:36 - [TEST_STEP][PASSED] - verifyElementPresent(findTestObject("Object Repository/RAD_RecordAndPlay/input_reTypeJointFilerSSN"), 30): Object 'Object Repository/RAD_RecordAndPlay/input_reTypeJointFilerSSN' is present

2023-09-26 18:10:36 - [MESSAGE][PASSED] - Object 'Object Repository/RAD_RecordAndPlay/input_reTypeJointFilerSSN' is present

2023-09-26 18:10:36 - [TEST_STEP][PASSED] - verifyTextPresent("Payment Amount", true): Text 'Payment Amount' is present on page  using regular expression

2023-09-26 18:10:37 - [MESSAGE][PASSED] - Text 'Payment Amount' is present on page  using regular expression

2023-09-26 18:10:37 - [TEST_STEP][PASSED] - verifyElementPresent(findTestObject(orPath_Amount + "/input__paymentAmount"), 30): Object 'Object Repository/RAD_Pages/PaymentAmount_Page/input__paymentAmount' is present

2023-09-26 18:10:37 - [MESSAGE][PASSED] - Object 'Object Repository/RAD_Pages/PaymentAmount_Page/input__paymentAmount' is present

2023-09-26 18:10:37 - [TEST_STEP][PASSED] - verifyElementVisible(findTestObject(orPath_Amount + "/input__paymentAmount")): Object 'Object Repository/RAD_Pages/PaymentAmount_Page/input__paymentAmount' is visible

2023-09-26 18:10:38 - [MESSAGE][PASSED] - Object 'Object Repository/RAD_Pages/PaymentAmount_Page/input__paymentAmount' is visible

2023-09-26 18:10:38 - [TEST_STEP][PASSED] - verifyTextPresent("Service Fee: This electronic government service includes a service/convenience fee. Click here for details", true): Text 'Service Fee: This electronic government service includes a service/convenience fee. Click here for details' is present on page  using regular expression

2023-09-26 18:10:38 - [MESSAGE][PASSED] - Text 'Service Fee: This electronic government service includes a service/convenience fee. Click here for details' is present on page  using regular expression

2023-09-26 18:10:38 - [TEST_STEP][PASSED] - verifyElementPresent(findTestObject(orPath_Amount + "/a_Click here for details"), 30): Object 'Object Repository/RAD_Pages/PaymentAmount_Page/a_Click here for details' is present

2023-09-26 18:10:38 - [MESSAGE][PASSED] - Object 'Object Repository/RAD_Pages/PaymentAmount_Page/a_Click here for details' is present

2023-09-26 18:10:38 - [TEST_STEP][PASSED] - verifyElementPresent(findTestObject(orPath_Landing + "/button_Continue"), 30): Object 'Object Repository/RAD_Pages/Landing_Page/button_Continue' is present

2023-09-26 18:10:39 - [MESSAGE][PASSED] - Object 'Object Repository/RAD_Pages/Landing_Page/button_Continue' is present]]></system-out>
         <system-err><![CDATA[]]></system-err>
      </testcase>
      <testcase name="Test Cases/RAD_TestCases/UI_TestCases/New Liability/NewLiability_PTENonElectingNonSCorp_UI_TC" time="26.267" classname="Test Cases/RAD_TestCases/UI_TestCases/New Liability/NewLiability_PTENonElectingNonSCorp_UI_TC" status="FAILED">
         <failure type="FAILED" message="Test Cases/RAD_TestCases/UI_TestCases/New Liability/NewLiability_PTENonElectingNonSCorp_UI_TC FAILED.
Reason:
com.kms.katalon.core.exception.StepFailedException: Object 'Object Repository/RAD_Pages/TaxInfo_Page/input_FederalEIN-2' is NOT visible (Root cause: com.kms.katalon.core.exception.StepFailedException: Object 'Object Repository/RAD_Pages/TaxInfo_Page/input_FederalEIN-2' is NOT visible
	at com.kms.katalon.core.webui.keyword.internal.WebUIKeywordMain.stepFailed(WebUIKeywordMain.groovy:64)
	at com.kms.katalon.core.webui.keyword.builtin.VerifyElementVisibleKeyword$_verifyElementVisible_closure1.doCall(VerifyElementVisibleKeyword.groovy:83)
	at com.kms.katalon.core.webui.keyword.builtin.VerifyElementVisibleKeyword$_verifyElementVisible_closure1.call(VerifyElementVisibleKeyword.groovy)
	at com.kms.katalon.core.webui.keyword.internal.WebUIKeywordMain.runKeyword(WebUIKeywordMain.groovy:20)
	at com.kms.katalon.core.webui.keyword.builtin.VerifyElementVisibleKeyword.verifyElementVisible(VerifyElementVisibleKeyword.groovy:97)
	at com.kms.katalon.core.webui.keyword.builtin.VerifyElementVisibleKeyword.execute(VerifyElementVisibleKeyword.groovy:67)
	at com.kms.katalon.core.keyword.internal.KeywordExecutor.executeKeywordForPlatform(KeywordExecutor.groovy:74)
	at com.kms.katalon.core.webui.keyword.WebUiBuiltInKeywords.verifyElementVisible(WebUiBuiltInKeywords.groovy:376)
	at com.kms.katalon.core.webui.keyword.WebUiBuiltInKeywords$verifyElementVisible$8.call(Unknown Source)
	at NewLiability_PTENonElectingNonSCorp_UI_TC.run(NewLiability_PTENonElectingNonSCorp_UI_TC:112)
	at com.kms.katalon.core.main.ScriptEngine.run(ScriptEngine.java:194)
	at com.kms.katalon.core.main.ScriptEngine.runScriptAsRawText(ScriptEngine.java:119)
	at com.kms.katalon.core.main.TestCaseExecutor.runScript(TestCaseExecutor.java:448)
	at com.kms.katalon.core.main.TestCaseExecutor.doExecute(TestCaseExecutor.java:439)
	at com.kms.katalon.core.main.TestCaseExecutor.processExecutionPhase(TestCaseExecutor.java:418)
	at com.kms.katalon.core.main.TestCaseExecutor.accessMainPhase(TestCaseExecutor.java:410)
	at com.kms.katalon.core.main.TestCaseExecutor.execute(TestCaseExecutor.java:285)
	at com.kms.katalon.core.common.CommonExecutor.accessTestCaseMainPhase(CommonExecutor.java:65)
	at com.kms.katalon.core.main.TestSuiteExecutor.accessTestSuiteMainPhase(TestSuiteExecutor.java:148)
	at com.kms.katalon.core.main.TestSuiteExecutor.execute(TestSuiteExecutor.java:106)
	at com.kms.katalon.core.main.TestCaseMain.startTestSuite(TestCaseMain.java:187)
	at com.kms.katalon.core.main.TestCaseMain$startTestSuite$0.call(Unknown Source)
	at TempTestSuite1695765482532.run(TempTestSuite1695765482532.groovy:36)
)
	at com.kms.katalon.core.keyword.internal.KeywordMain.stepFailed(KeywordMain.groovy:39)
	at com.kms.katalon.core.webui.keyword.internal.WebUIKeywordMain.stepFailed(WebUIKeywordMain.groovy:64)
	at com.kms.katalon.core.webui.keyword.builtin.VerifyElementVisibleKeyword$_verifyElementVisible_closure1.doCall(VerifyElementVisibleKeyword.groovy:83)
	at com.kms.katalon.core.webui.keyword.builtin.VerifyElementVisibleKeyword$_verifyElementVisible_closure1.call(VerifyElementVisibleKeyword.groovy)
	at com.kms.katalon.core.webui.keyword.internal.WebUIKeywordMain.runKeyword(WebUIKeywordMain.groovy:20)
	at com.kms.katalon.core.webui.keyword.builtin.VerifyElementVisibleKeyword.verifyElementVisible(VerifyElementVisibleKeyword.groovy:97)
	at com.kms.katalon.core.webui.keyword.builtin.VerifyElementVisibleKeyword.execute(VerifyElementVisibleKeyword.groovy:67)
	at com.kms.katalon.core.keyword.internal.KeywordExecutor.executeKeywordForPlatform(KeywordExecutor.groovy:74)
	at com.kms.katalon.core.webui.keyword.WebUiBuiltInKeywords.verifyElementVisible(WebUiBuiltInKeywords.groovy:376)
	at com.kms.katalon.core.webui.keyword.WebUiBuiltInKeywords$verifyElementVisible$8.call(Unknown Source)
	at NewLiability_PTENonElectingNonSCorp_UI_TC.run(NewLiability_PTENonElectingNonSCorp_UI_TC:112)
	at com.kms.katalon.core.main.ScriptEngine.run(ScriptEngine.java:194)
	at com.kms.katalon.core.main.ScriptEngine.runScriptAsRawText(ScriptEngine.java:119)
	at com.kms.katalon.core.main.TestCaseExecutor.runScript(TestCaseExecutor.java:448)
	at com.kms.katalon.core.main.TestCaseExecutor.doExecute(TestCaseExecutor.java:439)
	at com.kms.katalon.core.main.TestCaseExecutor.processExecutionPhase(TestCaseExecutor.java:418)
	at com.kms.katalon.core.main.TestCaseExecutor.accessMainPhase(TestCaseExecutor.java:410)
	at com.kms.katalon.core.main.TestCaseExecutor.execute(TestCaseExecutor.java:285)
	at com.kms.katalon.core.common.CommonExecutor.accessTestCaseMainPhase(CommonExecutor.java:65)
	at com.kms.katalon.core.main.TestSuiteExecutor.accessTestSuiteMainPhase(TestSuiteExecutor.java:148)
	at com.kms.katalon.core.main.TestSuiteExecutor.execute(TestSuiteExecutor.java:106)
	at com.kms.katalon.core.main.TestCaseMain.startTestSuite(TestCaseMain.java:187)
	at com.kms.katalon.core.main.TestCaseMain$startTestSuite$0.call(Unknown Source)
	at TempTestSuite1695765482532.run(TempTestSuite1695765482532.groovy:36)
Caused by: com.kms.katalon.core.exception.StepFailedException: Object 'Object Repository/RAD_Pages/TaxInfo_Page/input_FederalEIN-2' is NOT visible
	... 23 more
"/>
         <system-out><![CDATA[2023-09-26 18:10:39 - [TEST_CASE][FAILED] - Test Cases/RAD_TestCases/UI_TestCases/New Liability/NewLiability_PTENonElectingNonSCorp_UI_TC: Test Cases/RAD_TestCases/UI_TestCases/New Liability/NewLiability_PTENonElectingNonSCorp_UI_TC FAILED.
Reason:
com.kms.katalon.core.exception.StepFailedException: Object 'Object Repository/RAD_Pages/TaxInfo_Page/input_FederalEIN-2' is NOT visible (Root cause: com.kms.katalon.core.exception.StepFailedException: Object 'Object Repository/RAD_Pages/TaxInfo_Page/input_FederalEIN-2' is NOT visible
	at com.kms.katalon.core.webui.keyword.internal.WebUIKeywordMain.stepFailed(WebUIKeywordMain.groovy:64)
	at com.kms.katalon.core.webui.keyword.builtin.VerifyElementVisibleKeyword$_verifyElementVisible_closure1.doCall(VerifyElementVisibleKeyword.groovy:83)
	at com.kms.katalon.core.webui.keyword.builtin.VerifyElementVisibleKeyword$_verifyElementVisible_closure1.call(VerifyElementVisibleKeyword.groovy)
	at com.kms.katalon.core.webui.keyword.internal.WebUIKeywordMain.runKeyword(WebUIKeywordMain.groovy:20)
	at com.kms.katalon.core.webui.keyword.builtin.VerifyElementVisibleKeyword.verifyElementVisible(VerifyElementVisibleKeyword.groovy:97)
	at com.kms.katalon.core.webui.keyword.builtin.VerifyElementVisibleKeyword.execute(VerifyElementVisibleKeyword.groovy:67)
	at com.kms.katalon.core.keyword.internal.KeywordExecutor.executeKeywordForPlatform(KeywordExecutor.groovy:74)
	at com.kms.katalon.core.webui.keyword.WebUiBuiltInKeywords.verifyElementVisible(WebUiBuiltInKeywords.groovy:376)
	at com.kms.katalon.core.webui.keyword.WebUiBuiltInKeywords$verifyElementVisible$8.call(Unknown Source)
	at NewLiability_PTENonElectingNonSCorp_UI_TC.run(NewLiability_PTENonElectingNonSCorp_UI_TC:112)
	at com.kms.katalon.core.main.ScriptEngine.run(ScriptEngine.java:194)
	at com.kms.katalon.core.main.ScriptEngine.runScriptAsRawText(ScriptEngine.java:119)
	at com.kms.katalon.core.main.TestCaseExecutor.runScript(TestCaseExecutor.java:448)
	at com.kms.katalon.core.main.TestCaseExecutor.doExecute(TestCaseExecutor.java:439)
	at com.kms.katalon.core.main.TestCaseExecutor.processExecutionPhase(TestCaseExecutor.java:418)
	at com.kms.katalon.core.main.TestCaseExecutor.accessMainPhase(TestCaseExecutor.java:410)
	at com.kms.katalon.core.main.TestCaseExecutor.execute(TestCaseExecutor.java:285)
	at com.kms.katalon.core.common.CommonExecutor.accessTestCaseMainPhase(CommonExecutor.java:65)
	at com.kms.katalon.core.main.TestSuiteExecutor.accessTestSuiteMainPhase(TestSuiteExecutor.java:148)
	at com.kms.katalon.core.main.TestSuiteExecutor.execute(TestSuiteExecutor.java:106)
	at com.kms.katalon.core.main.TestCaseMain.startTestSuite(TestCaseMain.java:187)
	at com.kms.katalon.core.main.TestCaseMain$startTestSuite$0.call(Unknown Source)
	at TempTestSuite1695765482532.run(TempTestSuite1695765482532.groovy:36)
)
	at com.kms.katalon.core.keyword.internal.KeywordMain.stepFailed(KeywordMain.groovy:39)
	at com.kms.katalon.core.webui.keyword.internal.WebUIKeywordMain.stepFailed(WebUIKeywordMain.groovy:64)
	at com.kms.katalon.core.webui.keyword.builtin.VerifyElementVisibleKeyword$_verifyElementVisible_closure1.doCall(VerifyElementVisibleKeyword.groovy:83)
	at com.kms.katalon.core.webui.keyword.builtin.VerifyElementVisibleKeyword$_verifyElementVisible_closure1.call(VerifyElementVisibleKeyword.groovy)
	at com.kms.katalon.core.webui.keyword.internal.WebUIKeywordMain.runKeyword(WebUIKeywordMain.groovy:20)
	at com.kms.katalon.core.webui.keyword.builtin.VerifyElementVisibleKeyword.verifyElementVisible(VerifyElementVisibleKeyword.groovy:97)
	at com.kms.katalon.core.webui.keyword.builtin.VerifyElementVisibleKeyword.execute(VerifyElementVisibleKeyword.groovy:67)
	at com.kms.katalon.core.keyword.internal.KeywordExecutor.executeKeywordForPlatform(KeywordExecutor.groovy:74)
	at com.kms.katalon.core.webui.keyword.WebUiBuiltInKeywords.verifyElementVisible(WebUiBuiltInKeywords.groovy:376)
	at com.kms.katalon.core.webui.keyword.WebUiBuiltInKeywords$verifyElementVisible$8.call(Unknown Source)
	at NewLiability_PTENonElectingNonSCorp_UI_TC.run(NewLiability_PTENonElectingNonSCorp_UI_TC:112)
	at com.kms.katalon.core.main.ScriptEngine.run(ScriptEngine.java:194)
	at com.kms.katalon.core.main.ScriptEngine.runScriptAsRawText(ScriptEngine.java:119)
	at com.kms.katalon.core.main.TestCaseExecutor.runScript(TestCaseExecutor.java:448)
	at com.kms.katalon.core.main.TestCaseExecutor.doExecute(TestCaseExecutor.java:439)
	at com.kms.katalon.core.main.TestCaseExecutor.processExecutionPhase(TestCaseExecutor.java:418)
	at com.kms.katalon.core.main.TestCaseExecutor.accessMainPhase(TestCaseExecutor.java:410)
	at com.kms.katalon.core.main.TestCaseExecutor.execute(TestCaseExecutor.java:285)
	at com.kms.katalon.core.common.CommonExecutor.accessTestCaseMainPhase(CommonExecutor.java:65)
	at com.kms.katalon.core.main.TestSuiteExecutor.accessTestSuiteMainPhase(TestSuiteExecutor.java:148)
	at com.kms.katalon.core.main.TestSuiteExecutor.execute(TestSuiteExecutor.java:106)
	at com.kms.katalon.core.main.TestCaseMain.startTestSuite(TestCaseMain.java:187)
	at com.kms.katalon.core.main.TestCaseMain$startTestSuite$0.call(Unknown Source)
	at TempTestSuite1695765482532.run(TempTestSuite1695765482532.groovy:36)
Caused by: com.kms.katalon.core.exception.StepFailedException: Object 'Object Repository/RAD_Pages/TaxInfo_Page/input_FederalEIN-2' is NOT visible
	... 23 more


2023-09-26 18:10:39 - [TEST_STEP][PASSED] - openBrowser(""): Browser is opened with url: ''

2023-09-26 18:10:39 - [MESSAGE][WARNING] - A browser is already opened. Closing browser and opening a new one

2023-09-26 18:10:40 - [MESSAGE][INFO] - Starting 'Chrome' driver

2023-09-26 18:10:40 - [MESSAGE][INFO] - User set preference: ['acceptInsecureCerts', 'true']

2023-09-26 18:10:40 - [MESSAGE][INFO] - Action delay is set to 0 milliseconds

2023-09-26 18:10:41 - [MESSAGE][PASSED] - Browser is opened with url: ''

2023-09-26 18:10:41 - [TEST_STEP][PASSED] - maximizeWindow(): Current window maximized

2023-09-26 18:10:42 - [MESSAGE][PASSED] - Current window maximized

2023-09-26 18:10:42 - [TEST_STEP][PASSED] - navigateToUrl(RADurl): Navigate to 'https://qa2.velocitypayment.com/client/rad/index.html' successfully

2023-09-26 18:10:43 - [MESSAGE][PASSED] - Navigate to 'https://qa2.velocitypayment.com/client/rad/index.html' successfully

2023-09-26 18:10:43 - [TEST_STEP][PASSED] - orPath_Landing = "Object Repository/RAD_Pages/Landing_Page": null

2023-09-26 18:10:43 - [TEST_STEP][PASSED] - orPath_TaxTypeFilingYear = "Object Repository/RAD_Pages/TaxTypeFilingYear_Page": null

2023-09-26 18:10:43 - [TEST_STEP][PASSED] - orPath_TaxPayer = "Object Repository/RAD_Pages/Taxpayer_Page": null

2023-09-26 18:10:43 - [TEST_STEP][PASSED] - orPath_AddressContact = "Object Repository/RAD_Pages/AddressAndContactInfo_Page": null

2023-09-26 18:10:43 - [TEST_STEP][PASSED] - orPath_FilingStatus = "Object Repository/RAD_Pages/FilingStatus_Page": null

2023-09-26 18:10:43 - [TEST_STEP][PASSED] - orPath_Amount = "Object Repository/RAD_Pages/PaymentAmount_Page": null

2023-09-26 18:10:43 - [TEST_STEP][PASSED] - orPath_TaxInfo = "Object Repository/RAD_Pages/TaxInfo_Page": null

2023-09-26 18:10:43 - [TEST_STEP][PASSED] - selectOptionByLabel(findTestObject(orPath_Landing + "/dd_TaxType"), "New Tax Return Amount Due", false): All options with label 'New Tax Return Amount Due' are selected in object 'Object Repository/RAD_Pages/Landing_Page/dd_TaxType' 

2023-09-26 18:10:44 - [MESSAGE][PASSED] - All options with label 'New Tax Return Amount Due' are selected in object 'Object Repository/RAD_Pages/Landing_Page/dd_TaxType' 

2023-09-26 18:10:44 - [TEST_STEP][PASSED] - selectOptionByLabel(findTestObject("Object Repository/RAD_Pages/Landing_Page/select_NewTaxReturnAmountDue_TaxType"), "PTE Non-Electing Non-S Corp", false): All options with label 'PTE Non-Electing Non-S Corp' are selected in object 'Object Repository/RAD_Pages/Landing_Page/select_NewTaxReturnAmountDue_TaxType' 

2023-09-26 18:10:45 - [MESSAGE][PASSED] - All options with label 'PTE Non-Electing Non-S Corp' are selected in object 'Object Repository/RAD_Pages/Landing_Page/select_NewTaxReturnAmountDue_TaxType' 

2023-09-26 18:10:45 - [TEST_STEP][PASSED] - verifyElementPresent(findTestObject(orPath_TaxTypeFilingYear + "/select_FilingYear"), 30): Object 'Object Repository/RAD_Pages/TaxTypeFilingYear_Page/select_FilingYear' is present

2023-09-26 18:10:45 - [MESSAGE][PASSED] - Object 'Object Repository/RAD_Pages/TaxTypeFilingYear_Page/select_FilingYear' is present

2023-09-26 18:10:45 - [TEST_STEP][PASSED] - verifyElementVisible(findTestObject(orPath_TaxTypeFilingYear + "/select_FilingYear")): Object 'Object Repository/RAD_Pages/TaxTypeFilingYear_Page/select_FilingYear' is visible

2023-09-26 18:10:45 - [MESSAGE][PASSED] - Object 'Object Repository/RAD_Pages/TaxTypeFilingYear_Page/select_FilingYear' is visible

2023-09-26 18:10:45 - [TEST_STEP][PASSED] - totalOptionsFilingYear = getNumberOfTotalOption(findTestObject(orPath_TaxTypeFilingYear + "/select_FilingYear")): 4 options of object 'Object Repository/RAD_Pages/TaxTypeFilingYear_Page/select_FilingYear' counted

2023-09-26 18:10:46 - [MESSAGE][PASSED] - 4 options of object 'Object Repository/RAD_Pages/TaxTypeFilingYear_Page/select_FilingYear' counted

2023-09-26 18:10:46 - [TEST_STEP][PASSED] - verifyEqual(totalOptionsFilingYear, 4): Actual object '4' and expected object '4' are equal

2023-09-26 18:10:46 - [MESSAGE][PASSED] - Actual object '4' and expected object '4' are equal

2023-09-26 18:10:46 - [TEST_STEP][PASSED] - verifyOptionsPresent(findTestObject(orPath_TaxTypeFilingYear + "/select_FilingYear"), ["2022", "2021", "2020"]): Options [2022, 2021, 2020] present.

2023-09-26 18:10:47 - [MESSAGE][PASSED] - Options [2022, 2021, 2020] present.

2023-09-26 18:10:47 - [TEST_STEP][PASSED] - verifyElementNotVisible(findTestObject(orPath_TaxTypeFilingYear + "/select_PeriodEnding")): Object 'Object Repository/RAD_Pages/TaxTypeFilingYear_Page/select_PeriodEnding' is NOT visible

2023-09-26 18:10:47 - [MESSAGE][PASSED] - Object 'Object Repository/RAD_Pages/TaxTypeFilingYear_Page/select_PeriodEnding' is NOT visible

2023-09-26 18:10:47 - [TEST_STEP][PASSED] - verifyTextPresent("Taxpayer", true): Text 'Taxpayer' is present on page  using regular expression

2023-09-26 18:10:48 - [MESSAGE][PASSED] - Text 'Taxpayer' is present on page  using regular expression

2023-09-26 18:10:48 - [TEST_STEP][PASSED] - verifyTextPresent("Provide the following taxpayer information", true): Text 'Provide the following taxpayer information' is present on page  using regular expression

2023-09-26 18:10:48 - [MESSAGE][PASSED] - Text 'Provide the following taxpayer information' is present on page  using regular expression

2023-09-26 18:10:48 - [TEST_STEP][PASSED] - verifyTextPresent("Note: If you are paying on behalf of the Taxpayer, enter Taxpayer", true): Text 'Note: If you are paying on behalf of the Taxpayer, enter Taxpayer' is present on page  using regular expression

2023-09-26 18:10:48 - [MESSAGE][PASSED] - Text 'Note: If you are paying on behalf of the Taxpayer, enter Taxpayer' is present on page  using regular expression

2023-09-26 18:10:48 - [TEST_STEP][PASSED] - verifyTextPresent("information here. If you are making a payment for the Taxpayer, you will be required later to enter your own credit card, billing address and other pertinent information", true): Text 'information here. If you are making a payment for the Taxpayer, you will be required later to enter your own credit card, billing address and other pertinent information' is present on page  using regular expression

2023-09-26 18:10:49 - [MESSAGE][PASSED] - Text 'information here. If you are making a payment for the Taxpayer, you will be required later to enter your own credit card, billing address and other pertinent information' is present on page  using regular expression

2023-09-26 18:10:49 - [TEST_STEP][PASSED] - verifyElementVisible(findTestObject(orPath_TaxPayer + "/input_Note_businessName")): Object 'Object Repository/RAD_Pages/Taxpayer_Page/input_Note_businessName' is visible

2023-09-26 18:10:49 - [MESSAGE][PASSED] - Object 'Object Repository/RAD_Pages/Taxpayer_Page/input_Note_businessName' is visible

2023-09-26 18:10:49 - [TEST_STEP][PASSED] - verifyElementVisible(findTestObject(orPath_TaxPayer + "/input_BusinessRepfirstName")): Object 'Object Repository/RAD_Pages/Taxpayer_Page/input_BusinessRepfirstName' is visible

2023-09-26 18:10:49 - [MESSAGE][PASSED] - Object 'Object Repository/RAD_Pages/Taxpayer_Page/input_BusinessRepfirstName' is visible

2023-09-26 18:10:49 - [TEST_STEP][PASSED] - verifyElementVisible(findTestObject(orPath_TaxPayer + "/input_BusinessRepmiddleName")): Object 'Object Repository/RAD_Pages/Taxpayer_Page/input_BusinessRepmiddleName' is visible

2023-09-26 18:10:50 - [MESSAGE][PASSED] - Object 'Object Repository/RAD_Pages/Taxpayer_Page/input_BusinessRepmiddleName' is visible

2023-09-26 18:10:50 - [TEST_STEP][PASSED] - verifyElementVisible(findTestObject(orPath_TaxPayer + "/input_BusinessReplastName")): Object 'Object Repository/RAD_Pages/Taxpayer_Page/input_BusinessReplastName' is visible

2023-09-26 18:10:50 - [MESSAGE][PASSED] - Object 'Object Repository/RAD_Pages/Taxpayer_Page/input_BusinessReplastName' is visible

2023-09-26 18:10:50 - [TEST_STEP][PASSED] - verifyElementVisible(findTestObject(orPath_TaxPayer + "/input_BusinessRepsuffix")): Object 'Object Repository/RAD_Pages/Taxpayer_Page/input_BusinessRepsuffix' is visible

2023-09-26 18:10:50 - [MESSAGE][PASSED] - Object 'Object Repository/RAD_Pages/Taxpayer_Page/input_BusinessRepsuffix' is visible

2023-09-26 18:10:50 - [TEST_STEP][PASSED] - verifyElementNotVisible(findTestObject(orPath_TaxPayer + "/input_firstName")): Object 'Object Repository/RAD_Pages/Taxpayer_Page/input_firstName' is NOT visible

2023-09-26 18:10:51 - [MESSAGE][PASSED] - Object 'Object Repository/RAD_Pages/Taxpayer_Page/input_firstName' is NOT visible

2023-09-26 18:10:51 - [TEST_STEP][PASSED] - verifyElementNotVisible(findTestObject(orPath_TaxPayer + "/input_middleName")): Object 'Object Repository/RAD_Pages/Taxpayer_Page/input_middleName' is NOT visible

2023-09-26 18:10:51 - [MESSAGE][PASSED] - Object 'Object Repository/RAD_Pages/Taxpayer_Page/input_middleName' is NOT visible

2023-09-26 18:10:51 - [TEST_STEP][PASSED] - verifyElementNotVisible(findTestObject(orPath_TaxPayer + "/input_lastName")): Object 'Object Repository/RAD_Pages/Taxpayer_Page/input_lastName' is NOT visible

2023-09-26 18:10:52 - [MESSAGE][PASSED] - Object 'Object Repository/RAD_Pages/Taxpayer_Page/input_lastName' is NOT visible

2023-09-26 18:10:52 - [TEST_STEP][PASSED] - verifyElementNotVisible(findTestObject(orPath_TaxPayer + "/input_suffix")): Object 'Object Repository/RAD_Pages/Taxpayer_Page/input_suffix' is NOT visible

2023-09-26 18:10:52 - [MESSAGE][PASSED] - Object 'Object Repository/RAD_Pages/Taxpayer_Page/input_suffix' is NOT visible

2023-09-26 18:10:52 - [TEST_STEP][PASSED] - verifyElementNotVisible(findTestObject("RAD_RecordAndPlay/input_concatSSN")): Object 'Object Repository/RAD_RecordAndPlay/input_concatSSN' is NOT visible

2023-09-26 18:10:52 - [MESSAGE][PASSED] - Object 'Object Repository/RAD_RecordAndPlay/input_concatSSN' is NOT visible

2023-09-26 18:10:52 - [TEST_STEP][PASSED] - verifyElementNotVisible(findTestObject("RAD_RecordAndPlay/input_concatReSSN")): Object 'Object Repository/RAD_RecordAndPlay/input_concatReSSN' is NOT visible

2023-09-26 18:10:53 - [MESSAGE][PASSED] - Object 'Object Repository/RAD_RecordAndPlay/input_concatReSSN' is NOT visible

2023-09-26 18:10:53 - [TEST_STEP][PASSED] - verifyTextPresent("Address and Contact Information", true): Text 'Address and Contact Information' is present on page  using regular expression

2023-09-26 18:10:53 - [MESSAGE][PASSED] - Text 'Address and Contact Information' is present on page  using regular expression

2023-09-26 18:10:53 - [TEST_STEP][PASSED] - verifyTextPresent("Enter the taxpayer", true): Text 'Enter the taxpayer' is present on page  using regular expression

2023-09-26 18:10:54 - [MESSAGE][PASSED] - Text 'Enter the taxpayer' is present on page  using regular expression

2023-09-26 18:10:54 - [TEST_STEP][PASSED] - verifyTextPresent("address and contact information", true): Text 'address and contact information' is present on page  using regular expression

2023-09-26 18:10:54 - [MESSAGE][PASSED] - Text 'address and contact information' is present on page  using regular expression

2023-09-26 18:10:54 - [TEST_STEP][PASSED] - verifyElementPresent(findTestObject(orPath_AddressContact + "/select_Country"), 30): Object 'Object Repository/RAD_Pages/AddressAndContactInfo_Page/select_Country' is present

2023-09-26 18:10:55 - [MESSAGE][PASSED] - Object 'Object Repository/RAD_Pages/AddressAndContactInfo_Page/select_Country' is present

2023-09-26 18:10:55 - [TEST_STEP][PASSED] - verifyElementPresent(findTestObject(orPath_AddressContact + "/input_streetAddress1"), 30): Object 'Object Repository/RAD_Pages/AddressAndContactInfo_Page/input_streetAddress1' is present

2023-09-26 18:10:55 - [MESSAGE][PASSED] - Object 'Object Repository/RAD_Pages/AddressAndContactInfo_Page/input_streetAddress1' is present

2023-09-26 18:10:55 - [TEST_STEP][PASSED] - verifyElementPresent(findTestObject(orPath_AddressContact + "/input_streetAddress2"), 30): Object 'Object Repository/RAD_Pages/AddressAndContactInfo_Page/input_streetAddress2' is present

2023-09-26 18:10:55 - [MESSAGE][PASSED] - Object 'Object Repository/RAD_Pages/AddressAndContactInfo_Page/input_streetAddress2' is present

2023-09-26 18:10:55 - [TEST_STEP][PASSED] - verifyElementPresent(findTestObject(orPath_AddressContact + "/input_city"), 30): Object 'Object Repository/RAD_Pages/AddressAndContactInfo_Page/input_city' is present

2023-09-26 18:10:56 - [MESSAGE][PASSED] - Object 'Object Repository/RAD_Pages/AddressAndContactInfo_Page/input_city' is present

2023-09-26 18:10:56 - [TEST_STEP][PASSED] - verifyElementPresent(findTestObject(orPath_AddressContact + "/select_State"), 30): Object 'Object Repository/RAD_Pages/AddressAndContactInfo_Page/select_State' is present

2023-09-26 18:10:56 - [MESSAGE][PASSED] - Object 'Object Repository/RAD_Pages/AddressAndContactInfo_Page/select_State' is present

2023-09-26 18:10:56 - [TEST_STEP][PASSED] - verifyElementPresent(findTestObject(orPath_AddressContact + "/input_zipCode"), 30): Object 'Object Repository/RAD_Pages/AddressAndContactInfo_Page/input_zipCode' is present

2023-09-26 18:10:56 - [MESSAGE][PASSED] - Object 'Object Repository/RAD_Pages/AddressAndContactInfo_Page/input_zipCode' is present

2023-09-26 18:10:56 - [TEST_STEP][PASSED] - verifyElementPresent(findTestObject(orPath_AddressContact + "/input_phoneNumber"), 30): Object 'Object Repository/RAD_Pages/AddressAndContactInfo_Page/input_phoneNumber' is present

2023-09-26 18:10:57 - [MESSAGE][PASSED] - Object 'Object Repository/RAD_Pages/AddressAndContactInfo_Page/input_phoneNumber' is present

2023-09-26 18:10:57 - [TEST_STEP][PASSED] - verifyElementPresent(findTestObject(orPath_AddressContact + "/input_eMailAddress"), 30): Object 'Object Repository/RAD_Pages/AddressAndContactInfo_Page/input_eMailAddress' is present

2023-09-26 18:10:57 - [MESSAGE][PASSED] - Object 'Object Repository/RAD_Pages/AddressAndContactInfo_Page/input_eMailAddress' is present

2023-09-26 18:10:57 - [TEST_STEP][PASSED] - verifyElementPresent(findTestObject(orPath_AddressContact + "/input_reEnterEMailAddress"), 30): Object 'Object Repository/RAD_Pages/AddressAndContactInfo_Page/input_reEnterEMailAddress' is present

2023-09-26 18:10:57 - [MESSAGE][PASSED] - Object 'Object Repository/RAD_Pages/AddressAndContactInfo_Page/input_reEnterEMailAddress' is present

2023-09-26 18:10:57 - [TEST_STEP][PASSED] - verifyOptionsPresent(findTestObject(orPath_AddressContact + "/select_Country"), ["United States"]): Options [United States] present.

2023-09-26 18:10:58 - [MESSAGE][PASSED] - Options [United States] present.

2023-09-26 18:10:58 - [TEST_STEP][PASSED] - verifyOptionsPresent(findTestObject(orPath_AddressContact + "/select_State"), ["Alabama", "District of Columbia", "Maryland", "Virginia", "Wyoming"]): Options [Alabama, District of Columbia, Maryland, Virginia, Wyoming] present.

2023-09-26 18:10:59 - [MESSAGE][PASSED] - Options [Alabama, District of Columbia, Maryland, Virginia, Wyoming] present.

2023-09-26 18:10:59 - [TEST_STEP][PASSED] - totalOptionsState = getNumberOfTotalOption(findTestObject(orPath_AddressContact + "/select_State")): 52 options of object 'Object Repository/RAD_Pages/AddressAndContactInfo_Page/select_State' counted

2023-09-26 18:10:59 - [MESSAGE][PASSED] - 52 options of object 'Object Repository/RAD_Pages/AddressAndContactInfo_Page/select_State' counted

2023-09-26 18:10:59 - [TEST_STEP][PASSED] - verifyEqual(totalOptionsState, 52): Actual object '52' and expected object '52' are equal

2023-09-26 18:10:59 - [MESSAGE][PASSED] - Actual object '52' and expected object '52' are equal

2023-09-26 18:10:59 - [TEST_STEP][PASSED] - verifyTextPresent("Tax Information", true): Text 'Tax Information' is present on page  using regular expression

2023-09-26 18:11:00 - [MESSAGE][PASSED] - Text 'Tax Information' is present on page  using regular expression

2023-09-26 18:11:00 - [TEST_STEP][FAILED] - verifyElementVisible(findTestObject(orPath_TaxInfo + "/input_FederalEIN-2")): Object 'Object Repository/RAD_Pages/TaxInfo_Page/input_FederalEIN-2' is NOT visible (Root cause: com.kms.katalon.core.exception.StepFailedException: Object 'Object Repository/RAD_Pages/TaxInfo_Page/input_FederalEIN-2' is NOT visible
	at com.kms.katalon.core.webui.keyword.internal.WebUIKeywordMain.stepFailed(WebUIKeywordMain.groovy:64)
	at com.kms.katalon.core.webui.keyword.builtin.VerifyElementVisibleKeyword$_verifyElementVisible_closure1.doCall(VerifyElementVisibleKeyword.groovy:83)
	at com.kms.katalon.core.webui.keyword.builtin.VerifyElementVisibleKeyword$_verifyElementVisible_closure1.call(VerifyElementVisibleKeyword.groovy)
	at com.kms.katalon.core.webui.keyword.internal.WebUIKeywordMain.runKeyword(WebUIKeywordMain.groovy:20)
	at com.kms.katalon.core.webui.keyword.builtin.VerifyElementVisibleKeyword.verifyElementVisible(VerifyElementVisibleKeyword.groovy:97)
	at com.kms.katalon.core.webui.keyword.builtin.VerifyElementVisibleKeyword.execute(VerifyElementVisibleKeyword.groovy:67)
	at com.kms.katalon.core.keyword.internal.KeywordExecutor.executeKeywordForPlatform(KeywordExecutor.groovy:74)
	at com.kms.katalon.core.webui.keyword.WebUiBuiltInKeywords.verifyElementVisible(WebUiBuiltInKeywords.groovy:376)
	at com.kms.katalon.core.webui.keyword.WebUiBuiltInKeywords$verifyElementVisible$8.call(Unknown Source)
	at NewLiability_PTENonElectingNonSCorp_UI_TC.run(NewLiability_PTENonElectingNonSCorp_UI_TC:112)
	at com.kms.katalon.core.main.ScriptEngine.run(ScriptEngine.java:194)
	at com.kms.katalon.core.main.ScriptEngine.runScriptAsRawText(ScriptEngine.java:119)
	at com.kms.katalon.core.main.TestCaseExecutor.runScript(TestCaseExecutor.java:448)
	at com.kms.katalon.core.main.TestCaseExecutor.doExecute(TestCaseExecutor.java:439)
	at com.kms.katalon.core.main.TestCaseExecutor.processExecutionPhase(TestCaseExecutor.java:418)
	at com.kms.katalon.core.main.TestCaseExecutor.accessMainPhase(TestCaseExecutor.java:410)
	at com.kms.katalon.core.main.TestCaseExecutor.execute(TestCaseExecutor.java:285)
	at com.kms.katalon.core.common.CommonExecutor.accessTestCaseMainPhase(CommonExecutor.java:65)
	at com.kms.katalon.core.main.TestSuiteExecutor.accessTestSuiteMainPhase(TestSuiteExecutor.java:148)
	at com.kms.katalon.core.main.TestSuiteExecutor.execute(TestSuiteExecutor.java:106)
	at com.kms.katalon.core.main.TestCaseMain.startTestSuite(TestCaseMain.java:187)
	at com.kms.katalon.core.main.TestCaseMain$startTestSuite$0.call(Unknown Source)
	at TempTestSuite1695765482532.run(TempTestSuite1695765482532.groovy:36)
)

2023-09-26 18:11:01 - [MESSAGE][FAILED] - Object 'Object Repository/RAD_Pages/TaxInfo_Page/input_FederalEIN-2' is NOT visible (Root cause: com.kms.katalon.core.exception.StepFailedException: Object 'Object Repository/RAD_Pages/TaxInfo_Page/input_FederalEIN-2' is NOT visible
	at com.kms.katalon.core.webui.keyword.internal.WebUIKeywordMain.stepFailed(WebUIKeywordMain.groovy:64)
	at com.kms.katalon.core.webui.keyword.builtin.VerifyElementVisibleKeyword$_verifyElementVisible_closure1.doCall(VerifyElementVisibleKeyword.groovy:83)
	at com.kms.katalon.core.webui.keyword.builtin.VerifyElementVisibleKeyword$_verifyElementVisible_closure1.call(VerifyElementVisibleKeyword.groovy)
	at com.kms.katalon.core.webui.keyword.internal.WebUIKeywordMain.runKeyword(WebUIKeywordMain.groovy:20)
	at com.kms.katalon.core.webui.keyword.builtin.VerifyElementVisibleKeyword.verifyElementVisible(VerifyElementVisibleKeyword.groovy:97)
	at com.kms.katalon.core.webui.keyword.builtin.VerifyElementVisibleKeyword.execute(VerifyElementVisibleKeyword.groovy:67)
	at com.kms.katalon.core.keyword.internal.KeywordExecutor.executeKeywordForPlatform(KeywordExecutor.groovy:74)
	at com.kms.katalon.core.webui.keyword.WebUiBuiltInKeywords.verifyElementVisible(WebUiBuiltInKeywords.groovy:376)
	at com.kms.katalon.core.webui.keyword.WebUiBuiltInKeywords$verifyElementVisible$8.call(Unknown Source)
	at NewLiability_PTENonElectingNonSCorp_UI_TC.run(NewLiability_PTENonElectingNonSCorp_UI_TC:112)
	at com.kms.katalon.core.main.ScriptEngine.run(ScriptEngine.java:194)
	at com.kms.katalon.core.main.ScriptEngine.runScriptAsRawText(ScriptEngine.java:119)
	at com.kms.katalon.core.main.TestCaseExecutor.runScript(TestCaseExecutor.java:448)
	at com.kms.katalon.core.main.TestCaseExecutor.doExecute(TestCaseExecutor.java:439)
	at com.kms.katalon.core.main.TestCaseExecutor.processExecutionPhase(TestCaseExecutor.java:418)
	at com.kms.katalon.core.main.TestCaseExecutor.accessMainPhase(TestCaseExecutor.java:410)
	at com.kms.katalon.core.main.TestCaseExecutor.execute(TestCaseExecutor.java:285)
	at com.kms.katalon.core.common.CommonExecutor.accessTestCaseMainPhase(CommonExecutor.java:65)
	at com.kms.katalon.core.main.TestSuiteExecutor.accessTestSuiteMainPhase(TestSuiteExecutor.java:148)
	at com.kms.katalon.core.main.TestSuiteExecutor.execute(TestSuiteExecutor.java:106)
	at com.kms.katalon.core.main.TestCaseMain.startTestSuite(TestCaseMain.java:187)
	at com.kms.katalon.core.main.TestCaseMain$startTestSuite$0.call(Unknown Source)
	at TempTestSuite1695765482532.run(TempTestSuite1695765482532.groovy:36)
)
[[ATTACHMENT|E:\\Cloned-Project-Katalon\\VPS-Katalon\\Reports\\20230926_175802\\RAD_TestSuite\\RAD_UI_TestSuite\\20230926_175802\\1695766260798.png]]

2023-09-26 18:11:01 - [TEST_STEP][FAILED] - verifyElementVisible(findTestObject(orPath_TaxInfo + "/input_FederalEIN_ReEnter-2")): Object 'Object Repository/RAD_Pages/TaxInfo_Page/input_FederalEIN_ReEnter-2' is NOT visible (Root cause: com.kms.katalon.core.exception.StepFailedException: Object 'Object Repository/RAD_Pages/TaxInfo_Page/input_FederalEIN_ReEnter-2' is NOT visible
	at com.kms.katalon.core.webui.keyword.internal.WebUIKeywordMain.stepFailed(WebUIKeywordMain.groovy:64)
	at com.kms.katalon.core.webui.keyword.builtin.VerifyElementVisibleKeyword$_verifyElementVisible_closure1.doCall(VerifyElementVisibleKeyword.groovy:83)
	at com.kms.katalon.core.webui.keyword.builtin.VerifyElementVisibleKeyword$_verifyElementVisible_closure1.call(VerifyElementVisibleKeyword.groovy)
	at com.kms.katalon.core.webui.keyword.internal.WebUIKeywordMain.runKeyword(WebUIKeywordMain.groovy:20)
	at com.kms.katalon.core.webui.keyword.builtin.VerifyElementVisibleKeyword.verifyElementVisible(VerifyElementVisibleKeyword.groovy:97)
	at com.kms.katalon.core.webui.keyword.builtin.VerifyElementVisibleKeyword.execute(VerifyElementVisibleKeyword.groovy:67)
	at com.kms.katalon.core.keyword.internal.KeywordExecutor.executeKeywordForPlatform(KeywordExecutor.groovy:74)
	at com.kms.katalon.core.webui.keyword.WebUiBuiltInKeywords.verifyElementVisible(WebUiBuiltInKeywords.groovy:376)
	at com.kms.katalon.core.webui.keyword.WebUiBuiltInKeywords$verifyElementVisible$8.call(Unknown Source)
	at NewLiability_PTENonElectingNonSCorp_UI_TC.run(NewLiability_PTENonElectingNonSCorp_UI_TC:113)
	at com.kms.katalon.core.main.ScriptEngine.run(ScriptEngine.java:194)
	at com.kms.katalon.core.main.ScriptEngine.runScriptAsRawText(ScriptEngine.java:119)
	at com.kms.katalon.core.main.TestCaseExecutor.runScript(TestCaseExecutor.java:448)
	at com.kms.katalon.core.main.TestCaseExecutor.doExecute(TestCaseExecutor.java:439)
	at com.kms.katalon.core.main.TestCaseExecutor.processExecutionPhase(TestCaseExecutor.java:418)
	at com.kms.katalon.core.main.TestCaseExecutor.accessMainPhase(TestCaseExecutor.java:410)
	at com.kms.katalon.core.main.TestCaseExecutor.execute(TestCaseExecutor.java:285)
	at com.kms.katalon.core.common.CommonExecutor.accessTestCaseMainPhase(CommonExecutor.java:65)
	at com.kms.katalon.core.main.TestSuiteExecutor.accessTestSuiteMainPhase(TestSuiteExecutor.java:148)
	at com.kms.katalon.core.main.TestSuiteExecutor.execute(TestSuiteExecutor.java:106)
	at com.kms.katalon.core.main.TestCaseMain.startTestSuite(TestCaseMain.java:187)
	at com.kms.katalon.core.main.TestCaseMain$startTestSuite$0.call(Unknown Source)
	at TempTestSuite1695765482532.run(TempTestSuite1695765482532.groovy:36)
)

2023-09-26 18:11:01 - [MESSAGE][FAILED] - Object 'Object Repository/RAD_Pages/TaxInfo_Page/input_FederalEIN_ReEnter-2' is NOT visible (Root cause: com.kms.katalon.core.exception.StepFailedException: Object 'Object Repository/RAD_Pages/TaxInfo_Page/input_FederalEIN_ReEnter-2' is NOT visible
	at com.kms.katalon.core.webui.keyword.internal.WebUIKeywordMain.stepFailed(WebUIKeywordMain.groovy:64)
	at com.kms.katalon.core.webui.keyword.builtin.VerifyElementVisibleKeyword$_verifyElementVisible_closure1.doCall(VerifyElementVisibleKeyword.groovy:83)
	at com.kms.katalon.core.webui.keyword.builtin.VerifyElementVisibleKeyword$_verifyElementVisible_closure1.call(VerifyElementVisibleKeyword.groovy)
	at com.kms.katalon.core.webui.keyword.internal.WebUIKeywordMain.runKeyword(WebUIKeywordMain.groovy:20)
	at com.kms.katalon.core.webui.keyword.builtin.VerifyElementVisibleKeyword.verifyElementVisible(VerifyElementVisibleKeyword.groovy:97)
	at com.kms.katalon.core.webui.keyword.builtin.VerifyElementVisibleKeyword.execute(VerifyElementVisibleKeyword.groovy:67)
	at com.kms.katalon.core.keyword.internal.KeywordExecutor.executeKeywordForPlatform(KeywordExecutor.groovy:74)
	at com.kms.katalon.core.webui.keyword.WebUiBuiltInKeywords.verifyElementVisible(WebUiBuiltInKeywords.groovy:376)
	at com.kms.katalon.core.webui.keyword.WebUiBuiltInKeywords$verifyElementVisible$8.call(Unknown Source)
	at NewLiability_PTENonElectingNonSCorp_UI_TC.run(NewLiability_PTENonElectingNonSCorp_UI_TC:113)
	at com.kms.katalon.core.main.ScriptEngine.run(ScriptEngine.java:194)
	at com.kms.katalon.core.main.ScriptEngine.runScriptAsRawText(ScriptEngine.java:119)
	at com.kms.katalon.core.main.TestCaseExecutor.runScript(TestCaseExecutor.java:448)
	at com.kms.katalon.core.main.TestCaseExecutor.doExecute(TestCaseExecutor.java:439)
	at com.kms.katalon.core.main.TestCaseExecutor.processExecutionPhase(TestCaseExecutor.java:418)
	at com.kms.katalon.core.main.TestCaseExecutor.accessMainPhase(TestCaseExecutor.java:410)
	at com.kms.katalon.core.main.TestCaseExecutor.execute(TestCaseExecutor.java:285)
	at com.kms.katalon.core.common.CommonExecutor.accessTestCaseMainPhase(CommonExecutor.java:65)
	at com.kms.katalon.core.main.TestSuiteExecutor.accessTestSuiteMainPhase(TestSuiteExecutor.java:148)
	at com.kms.katalon.core.main.TestSuiteExecutor.execute(TestSuiteExecutor.java:106)
	at com.kms.katalon.core.main.TestCaseMain.startTestSuite(TestCaseMain.java:187)
	at com.kms.katalon.core.main.TestCaseMain$startTestSuite$0.call(Unknown Source)
	at TempTestSuite1695765482532.run(TempTestSuite1695765482532.groovy:36)
)
[[ATTACHMENT|E:\\Cloned-Project-Katalon\\VPS-Katalon\\Reports\\20230926_175802\\RAD_TestSuite\\RAD_UI_TestSuite\\20230926_175802\\1695766261490.png]]

2023-09-26 18:11:01 - [TEST_STEP][PASSED] - verifyElementNotVisible(findTestObject(orPath_TaxInfo + "/input_NoticeInvoiceNumber")): Object 'Object Repository/RAD_Pages/TaxInfo_Page/input_NoticeInvoiceNumber' is NOT visible

2023-09-26 18:11:02 - [MESSAGE][PASSED] - Object 'Object Repository/RAD_Pages/TaxInfo_Page/input_NoticeInvoiceNumber' is NOT visible

2023-09-26 18:11:02 - [TEST_STEP][PASSED] - verifyElementNotVisible(findTestObject(orPath_TaxInfo + "/input_reTypeNoticeInvoiceNumber")): Object 'Object Repository/RAD_Pages/TaxInfo_Page/input_reTypeNoticeInvoiceNumber' is NOT visible

2023-09-26 18:11:02 - [MESSAGE][PASSED] - Object 'Object Repository/RAD_Pages/TaxInfo_Page/input_reTypeNoticeInvoiceNumber' is NOT visible

2023-09-26 18:11:02 - [TEST_STEP][PASSED] - verifyElementNotVisible(findTestObject(orPath_TaxInfo + "/input_MDCRegistrationEL")): Object 'Object Repository/RAD_Pages/TaxInfo_Page/input_MDCRegistrationEL' is NOT visible

2023-09-26 18:11:02 - [MESSAGE][PASSED] - Object 'Object Repository/RAD_Pages/TaxInfo_Page/input_MDCRegistrationEL' is NOT visible

2023-09-26 18:11:02 - [TEST_STEP][PASSED] - verifyElementNotVisible(findTestObject(orPath_FilingStatus + "/input_userType_Individual")): Object 'Object Repository/RAD_Pages/FilingStatus_Page/input_userType_Individual' is NOT visible

2023-09-26 18:11:03 - [MESSAGE][PASSED] - Object 'Object Repository/RAD_Pages/FilingStatus_Page/input_userType_Individual' is NOT visible

2023-09-26 18:11:03 - [TEST_STEP][PASSED] - verifyElementNotVisible(findTestObject(orPath_FilingStatus + "/input_userType_Joint")): Object 'Object Repository/RAD_Pages/FilingStatus_Page/input_userType_Joint' is NOT visible

2023-09-26 18:11:03 - [MESSAGE][PASSED] - Object 'Object Repository/RAD_Pages/FilingStatus_Page/input_userType_Joint' is NOT visible

2023-09-26 18:11:03 - [TEST_STEP][PASSED] - verifyTextPresent("Payment Amount", true): Text 'Payment Amount' is present on page  using regular expression

2023-09-26 18:11:03 - [MESSAGE][PASSED] - Text 'Payment Amount' is present on page  using regular expression

2023-09-26 18:11:03 - [TEST_STEP][PASSED] - verifyElementPresent(findTestObject(orPath_Amount + "/input__paymentAmount"), 30): Object 'Object Repository/RAD_Pages/PaymentAmount_Page/input__paymentAmount' is present

2023-09-26 18:11:04 - [MESSAGE][PASSED] - Object 'Object Repository/RAD_Pages/PaymentAmount_Page/input__paymentAmount' is present

2023-09-26 18:11:04 - [TEST_STEP][PASSED] - verifyElementVisible(findTestObject(orPath_Amount + "/input__paymentAmount")): Object 'Object Repository/RAD_Pages/PaymentAmount_Page/input__paymentAmount' is visible

2023-09-26 18:11:04 - [MESSAGE][PASSED] - Object 'Object Repository/RAD_Pages/PaymentAmount_Page/input__paymentAmount' is visible

2023-09-26 18:11:04 - [TEST_STEP][PASSED] - verifyTextPresent("Service Fee: This electronic government service includes a service/convenience fee. Click here for details", true): Text 'Service Fee: This electronic government service includes a service/convenience fee. Click here for details' is present on page  using regular expression

2023-09-26 18:11:04 - [MESSAGE][PASSED] - Text 'Service Fee: This electronic government service includes a service/convenience fee. Click here for details' is present on page  using regular expression

2023-09-26 18:11:04 - [TEST_STEP][PASSED] - verifyElementPresent(findTestObject(orPath_Amount + "/a_Click here for details"), 30): Object 'Object Repository/RAD_Pages/PaymentAmount_Page/a_Click here for details' is present

2023-09-26 18:11:05 - [MESSAGE][PASSED] - Object 'Object Repository/RAD_Pages/PaymentAmount_Page/a_Click here for details' is present

2023-09-26 18:11:05 - [TEST_STEP][PASSED] - verifyElementPresent(findTestObject(orPath_Landing + "/button_Continue"), 30): Object 'Object Repository/RAD_Pages/Landing_Page/button_Continue' is present

2023-09-26 18:11:05 - [MESSAGE][PASSED] - Object 'Object Repository/RAD_Pages/Landing_Page/button_Continue' is present]]></system-out>
         <system-err><![CDATA[2023-09-26 18:10:39 - [TEST_CASE][FAILED] - Test Cases/RAD_TestCases/UI_TestCases/New Liability/NewLiability_PTENonElectingNonSCorp_UI_TC: Test Cases/RAD_TestCases/UI_TestCases/New Liability/NewLiability_PTENonElectingNonSCorp_UI_TC FAILED.
Reason:
com.kms.katalon.core.exception.StepFailedException: Object 'Object Repository/RAD_Pages/TaxInfo_Page/input_FederalEIN-2' is NOT visible (Root cause: com.kms.katalon.core.exception.StepFailedException: Object 'Object Repository/RAD_Pages/TaxInfo_Page/input_FederalEIN-2' is NOT visible
	at com.kms.katalon.core.webui.keyword.internal.WebUIKeywordMain.stepFailed(WebUIKeywordMain.groovy:64)
	at com.kms.katalon.core.webui.keyword.builtin.VerifyElementVisibleKeyword$_verifyElementVisible_closure1.doCall(VerifyElementVisibleKeyword.groovy:83)
	at com.kms.katalon.core.webui.keyword.builtin.VerifyElementVisibleKeyword$_verifyElementVisible_closure1.call(VerifyElementVisibleKeyword.groovy)
	at com.kms.katalon.core.webui.keyword.internal.WebUIKeywordMain.runKeyword(WebUIKeywordMain.groovy:20)
	at com.kms.katalon.core.webui.keyword.builtin.VerifyElementVisibleKeyword.verifyElementVisible(VerifyElementVisibleKeyword.groovy:97)
	at com.kms.katalon.core.webui.keyword.builtin.VerifyElementVisibleKeyword.execute(VerifyElementVisibleKeyword.groovy:67)
	at com.kms.katalon.core.keyword.internal.KeywordExecutor.executeKeywordForPlatform(KeywordExecutor.groovy:74)
	at com.kms.katalon.core.webui.keyword.WebUiBuiltInKeywords.verifyElementVisible(WebUiBuiltInKeywords.groovy:376)
	at com.kms.katalon.core.webui.keyword.WebUiBuiltInKeywords$verifyElementVisible$8.call(Unknown Source)
	at NewLiability_PTENonElectingNonSCorp_UI_TC.run(NewLiability_PTENonElectingNonSCorp_UI_TC:112)
	at com.kms.katalon.core.main.ScriptEngine.run(ScriptEngine.java:194)
	at com.kms.katalon.core.main.ScriptEngine.runScriptAsRawText(ScriptEngine.java:119)
	at com.kms.katalon.core.main.TestCaseExecutor.runScript(TestCaseExecutor.java:448)
	at com.kms.katalon.core.main.TestCaseExecutor.doExecute(TestCaseExecutor.java:439)
	at com.kms.katalon.core.main.TestCaseExecutor.processExecutionPhase(TestCaseExecutor.java:418)
	at com.kms.katalon.core.main.TestCaseExecutor.accessMainPhase(TestCaseExecutor.java:410)
	at com.kms.katalon.core.main.TestCaseExecutor.execute(TestCaseExecutor.java:285)
	at com.kms.katalon.core.common.CommonExecutor.accessTestCaseMainPhase(CommonExecutor.java:65)
	at com.kms.katalon.core.main.TestSuiteExecutor.accessTestSuiteMainPhase(TestSuiteExecutor.java:148)
	at com.kms.katalon.core.main.TestSuiteExecutor.execute(TestSuiteExecutor.java:106)
	at com.kms.katalon.core.main.TestCaseMain.startTestSuite(TestCaseMain.java:187)
	at com.kms.katalon.core.main.TestCaseMain$startTestSuite$0.call(Unknown Source)
	at TempTestSuite1695765482532.run(TempTestSuite1695765482532.groovy:36)
)
	at com.kms.katalon.core.keyword.internal.KeywordMain.stepFailed(KeywordMain.groovy:39)
	at com.kms.katalon.core.webui.keyword.internal.WebUIKeywordMain.stepFailed(WebUIKeywordMain.groovy:64)
	at com.kms.katalon.core.webui.keyword.builtin.VerifyElementVisibleKeyword$_verifyElementVisible_closure1.doCall(VerifyElementVisibleKeyword.groovy:83)
	at com.kms.katalon.core.webui.keyword.builtin.VerifyElementVisibleKeyword$_verifyElementVisible_closure1.call(VerifyElementVisibleKeyword.groovy)
	at com.kms.katalon.core.webui.keyword.internal.WebUIKeywordMain.runKeyword(WebUIKeywordMain.groovy:20)
	at com.kms.katalon.core.webui.keyword.builtin.VerifyElementVisibleKeyword.verifyElementVisible(VerifyElementVisibleKeyword.groovy:97)
	at com.kms.katalon.core.webui.keyword.builtin.VerifyElementVisibleKeyword.execute(VerifyElementVisibleKeyword.groovy:67)
	at com.kms.katalon.core.keyword.internal.KeywordExecutor.executeKeywordForPlatform(KeywordExecutor.groovy:74)
	at com.kms.katalon.core.webui.keyword.WebUiBuiltInKeywords.verifyElementVisible(WebUiBuiltInKeywords.groovy:376)
	at com.kms.katalon.core.webui.keyword.WebUiBuiltInKeywords$verifyElementVisible$8.call(Unknown Source)
	at NewLiability_PTENonElectingNonSCorp_UI_TC.run(NewLiability_PTENonElectingNonSCorp_UI_TC:112)
	at com.kms.katalon.core.main.ScriptEngine.run(ScriptEngine.java:194)
	at com.kms.katalon.core.main.ScriptEngine.runScriptAsRawText(ScriptEngine.java:119)
	at com.kms.katalon.core.main.TestCaseExecutor.runScript(TestCaseExecutor.java:448)
	at com.kms.katalon.core.main.TestCaseExecutor.doExecute(TestCaseExecutor.java:439)
	at com.kms.katalon.core.main.TestCaseExecutor.processExecutionPhase(TestCaseExecutor.java:418)
	at com.kms.katalon.core.main.TestCaseExecutor.accessMainPhase(TestCaseExecutor.java:410)
	at com.kms.katalon.core.main.TestCaseExecutor.execute(TestCaseExecutor.java:285)
	at com.kms.katalon.core.common.CommonExecutor.accessTestCaseMainPhase(CommonExecutor.java:65)
	at com.kms.katalon.core.main.TestSuiteExecutor.accessTestSuiteMainPhase(TestSuiteExecutor.java:148)
	at com.kms.katalon.core.main.TestSuiteExecutor.execute(TestSuiteExecutor.java:106)
	at com.kms.katalon.core.main.TestCaseMain.startTestSuite(TestCaseMain.java:187)
	at com.kms.katalon.core.main.TestCaseMain$startTestSuite$0.call(Unknown Source)
	at TempTestSuite1695765482532.run(TempTestSuite1695765482532.groovy:36)
Caused by: com.kms.katalon.core.exception.StepFailedException: Object 'Object Repository/RAD_Pages/TaxInfo_Page/input_FederalEIN-2' is NOT visible
	... 23 more]]></system-err>
      </testcase>
      <testcase name="Test Cases/RAD_TestCases/UI_TestCases/New Liability/NewLiability_PTENonElectingSCorp_UI_TC" time="26.225" classname="Test Cases/RAD_TestCases/UI_TestCases/New Liability/NewLiability_PTENonElectingSCorp_UI_TC" status="FAILED">
         <failure type="FAILED" message="Test Cases/RAD_TestCases/UI_TestCases/New Liability/NewLiability_PTENonElectingSCorp_UI_TC FAILED.
Reason:
com.kms.katalon.core.exception.StepFailedException: Object 'Object Repository/RAD_Pages/TaxInfo_Page/input_FederalEIN-2' is NOT visible (Root cause: com.kms.katalon.core.exception.StepFailedException: Object 'Object Repository/RAD_Pages/TaxInfo_Page/input_FederalEIN-2' is NOT visible
	at com.kms.katalon.core.webui.keyword.internal.WebUIKeywordMain.stepFailed(WebUIKeywordMain.groovy:64)
	at com.kms.katalon.core.webui.keyword.builtin.VerifyElementVisibleKeyword$_verifyElementVisible_closure1.doCall(VerifyElementVisibleKeyword.groovy:83)
	at com.kms.katalon.core.webui.keyword.builtin.VerifyElementVisibleKeyword$_verifyElementVisible_closure1.call(VerifyElementVisibleKeyword.groovy)
	at com.kms.katalon.core.webui.keyword.internal.WebUIKeywordMain.runKeyword(WebUIKeywordMain.groovy:20)
	at com.kms.katalon.core.webui.keyword.builtin.VerifyElementVisibleKeyword.verifyElementVisible(VerifyElementVisibleKeyword.groovy:97)
	at com.kms.katalon.core.webui.keyword.builtin.VerifyElementVisibleKeyword.execute(VerifyElementVisibleKeyword.groovy:67)
	at com.kms.katalon.core.keyword.internal.KeywordExecutor.executeKeywordForPlatform(KeywordExecutor.groovy:74)
	at com.kms.katalon.core.webui.keyword.WebUiBuiltInKeywords.verifyElementVisible(WebUiBuiltInKeywords.groovy:376)
	at com.kms.katalon.core.webui.keyword.WebUiBuiltInKeywords$verifyElementVisible$8.call(Unknown Source)
	at NewLiability_PTENonElectingSCorp_UI_TC.run(NewLiability_PTENonElectingSCorp_UI_TC:112)
	at com.kms.katalon.core.main.ScriptEngine.run(ScriptEngine.java:194)
	at com.kms.katalon.core.main.ScriptEngine.runScriptAsRawText(ScriptEngine.java:119)
	at com.kms.katalon.core.main.TestCaseExecutor.runScript(TestCaseExecutor.java:448)
	at com.kms.katalon.core.main.TestCaseExecutor.doExecute(TestCaseExecutor.java:439)
	at com.kms.katalon.core.main.TestCaseExecutor.processExecutionPhase(TestCaseExecutor.java:418)
	at com.kms.katalon.core.main.TestCaseExecutor.accessMainPhase(TestCaseExecutor.java:410)
	at com.kms.katalon.core.main.TestCaseExecutor.execute(TestCaseExecutor.java:285)
	at com.kms.katalon.core.common.CommonExecutor.accessTestCaseMainPhase(CommonExecutor.java:65)
	at com.kms.katalon.core.main.TestSuiteExecutor.accessTestSuiteMainPhase(TestSuiteExecutor.java:148)
	at com.kms.katalon.core.main.TestSuiteExecutor.execute(TestSuiteExecutor.java:106)
	at com.kms.katalon.core.main.TestCaseMain.startTestSuite(TestCaseMain.java:187)
	at com.kms.katalon.core.main.TestCaseMain$startTestSuite$0.call(Unknown Source)
	at TempTestSuite1695765482532.run(TempTestSuite1695765482532.groovy:36)
)
	at com.kms.katalon.core.keyword.internal.KeywordMain.stepFailed(KeywordMain.groovy:39)
	at com.kms.katalon.core.webui.keyword.internal.WebUIKeywordMain.stepFailed(WebUIKeywordMain.groovy:64)
	at com.kms.katalon.core.webui.keyword.builtin.VerifyElementVisibleKeyword$_verifyElementVisible_closure1.doCall(VerifyElementVisibleKeyword.groovy:83)
	at com.kms.katalon.core.webui.keyword.builtin.VerifyElementVisibleKeyword$_verifyElementVisible_closure1.call(VerifyElementVisibleKeyword.groovy)
	at com.kms.katalon.core.webui.keyword.internal.WebUIKeywordMain.runKeyword(WebUIKeywordMain.groovy:20)
	at com.kms.katalon.core.webui.keyword.builtin.VerifyElementVisibleKeyword.verifyElementVisible(VerifyElementVisibleKeyword.groovy:97)
	at com.kms.katalon.core.webui.keyword.builtin.VerifyElementVisibleKeyword.execute(VerifyElementVisibleKeyword.groovy:67)
	at com.kms.katalon.core.keyword.internal.KeywordExecutor.executeKeywordForPlatform(KeywordExecutor.groovy:74)
	at com.kms.katalon.core.webui.keyword.WebUiBuiltInKeywords.verifyElementVisible(WebUiBuiltInKeywords.groovy:376)
	at com.kms.katalon.core.webui.keyword.WebUiBuiltInKeywords$verifyElementVisible$8.call(Unknown Source)
	at NewLiability_PTENonElectingSCorp_UI_TC.run(NewLiability_PTENonElectingSCorp_UI_TC:112)
	at com.kms.katalon.core.main.ScriptEngine.run(ScriptEngine.java:194)
	at com.kms.katalon.core.main.ScriptEngine.runScriptAsRawText(ScriptEngine.java:119)
	at com.kms.katalon.core.main.TestCaseExecutor.runScript(TestCaseExecutor.java:448)
	at com.kms.katalon.core.main.TestCaseExecutor.doExecute(TestCaseExecutor.java:439)
	at com.kms.katalon.core.main.TestCaseExecutor.processExecutionPhase(TestCaseExecutor.java:418)
	at com.kms.katalon.core.main.TestCaseExecutor.accessMainPhase(TestCaseExecutor.java:410)
	at com.kms.katalon.core.main.TestCaseExecutor.execute(TestCaseExecutor.java:285)
	at com.kms.katalon.core.common.CommonExecutor.accessTestCaseMainPhase(CommonExecutor.java:65)
	at com.kms.katalon.core.main.TestSuiteExecutor.accessTestSuiteMainPhase(TestSuiteExecutor.java:148)
	at com.kms.katalon.core.main.TestSuiteExecutor.execute(TestSuiteExecutor.java:106)
	at com.kms.katalon.core.main.TestCaseMain.startTestSuite(TestCaseMain.java:187)
	at com.kms.katalon.core.main.TestCaseMain$startTestSuite$0.call(Unknown Source)
	at TempTestSuite1695765482532.run(TempTestSuite1695765482532.groovy:36)
Caused by: com.kms.katalon.core.exception.StepFailedException: Object 'Object Repository/RAD_Pages/TaxInfo_Page/input_FederalEIN-2' is NOT visible
	... 23 more
"/>
         <system-out><![CDATA[2023-09-26 18:11:05 - [TEST_CASE][FAILED] - Test Cases/RAD_TestCases/UI_TestCases/New Liability/NewLiability_PTENonElectingSCorp_UI_TC: Test Cases/RAD_TestCases/UI_TestCases/New Liability/NewLiability_PTENonElectingSCorp_UI_TC FAILED.
Reason:
com.kms.katalon.core.exception.StepFailedException: Object 'Object Repository/RAD_Pages/TaxInfo_Page/input_FederalEIN-2' is NOT visible (Root cause: com.kms.katalon.core.exception.StepFailedException: Object 'Object Repository/RAD_Pages/TaxInfo_Page/input_FederalEIN-2' is NOT visible
	at com.kms.katalon.core.webui.keyword.internal.WebUIKeywordMain.stepFailed(WebUIKeywordMain.groovy:64)
	at com.kms.katalon.core.webui.keyword.builtin.VerifyElementVisibleKeyword$_verifyElementVisible_closure1.doCall(VerifyElementVisibleKeyword.groovy:83)
	at com.kms.katalon.core.webui.keyword.builtin.VerifyElementVisibleKeyword$_verifyElementVisible_closure1.call(VerifyElementVisibleKeyword.groovy)
	at com.kms.katalon.core.webui.keyword.internal.WebUIKeywordMain.runKeyword(WebUIKeywordMain.groovy:20)
	at com.kms.katalon.core.webui.keyword.builtin.VerifyElementVisibleKeyword.verifyElementVisible(VerifyElementVisibleKeyword.groovy:97)
	at com.kms.katalon.core.webui.keyword.builtin.VerifyElementVisibleKeyword.execute(VerifyElementVisibleKeyword.groovy:67)
	at com.kms.katalon.core.keyword.internal.KeywordExecutor.executeKeywordForPlatform(KeywordExecutor.groovy:74)
	at com.kms.katalon.core.webui.keyword.WebUiBuiltInKeywords.verifyElementVisible(WebUiBuiltInKeywords.groovy:376)
	at com.kms.katalon.core.webui.keyword.WebUiBuiltInKeywords$verifyElementVisible$8.call(Unknown Source)
	at NewLiability_PTENonElectingSCorp_UI_TC.run(NewLiability_PTENonElectingSCorp_UI_TC:112)
	at com.kms.katalon.core.main.ScriptEngine.run(ScriptEngine.java:194)
	at com.kms.katalon.core.main.ScriptEngine.runScriptAsRawText(ScriptEngine.java:119)
	at com.kms.katalon.core.main.TestCaseExecutor.runScript(TestCaseExecutor.java:448)
	at com.kms.katalon.core.main.TestCaseExecutor.doExecute(TestCaseExecutor.java:439)
	at com.kms.katalon.core.main.TestCaseExecutor.processExecutionPhase(TestCaseExecutor.java:418)
	at com.kms.katalon.core.main.TestCaseExecutor.accessMainPhase(TestCaseExecutor.java:410)
	at com.kms.katalon.core.main.TestCaseExecutor.execute(TestCaseExecutor.java:285)
	at com.kms.katalon.core.common.CommonExecutor.accessTestCaseMainPhase(CommonExecutor.java:65)
	at com.kms.katalon.core.main.TestSuiteExecutor.accessTestSuiteMainPhase(TestSuiteExecutor.java:148)
	at com.kms.katalon.core.main.TestSuiteExecutor.execute(TestSuiteExecutor.java:106)
	at com.kms.katalon.core.main.TestCaseMain.startTestSuite(TestCaseMain.java:187)
	at com.kms.katalon.core.main.TestCaseMain$startTestSuite$0.call(Unknown Source)
	at TempTestSuite1695765482532.run(TempTestSuite1695765482532.groovy:36)
)
	at com.kms.katalon.core.keyword.internal.KeywordMain.stepFailed(KeywordMain.groovy:39)
	at com.kms.katalon.core.webui.keyword.internal.WebUIKeywordMain.stepFailed(WebUIKeywordMain.groovy:64)
	at com.kms.katalon.core.webui.keyword.builtin.VerifyElementVisibleKeyword$_verifyElementVisible_closure1.doCall(VerifyElementVisibleKeyword.groovy:83)
	at com.kms.katalon.core.webui.keyword.builtin.VerifyElementVisibleKeyword$_verifyElementVisible_closure1.call(VerifyElementVisibleKeyword.groovy)
	at com.kms.katalon.core.webui.keyword.internal.WebUIKeywordMain.runKeyword(WebUIKeywordMain.groovy:20)
	at com.kms.katalon.core.webui.keyword.builtin.VerifyElementVisibleKeyword.verifyElementVisible(VerifyElementVisibleKeyword.groovy:97)
	at com.kms.katalon.core.webui.keyword.builtin.VerifyElementVisibleKeyword.execute(VerifyElementVisibleKeyword.groovy:67)
	at com.kms.katalon.core.keyword.internal.KeywordExecutor.executeKeywordForPlatform(KeywordExecutor.groovy:74)
	at com.kms.katalon.core.webui.keyword.WebUiBuiltInKeywords.verifyElementVisible(WebUiBuiltInKeywords.groovy:376)
	at com.kms.katalon.core.webui.keyword.WebUiBuiltInKeywords$verifyElementVisible$8.call(Unknown Source)
	at NewLiability_PTENonElectingSCorp_UI_TC.run(NewLiability_PTENonElectingSCorp_UI_TC:112)
	at com.kms.katalon.core.main.ScriptEngine.run(ScriptEngine.java:194)
	at com.kms.katalon.core.main.ScriptEngine.runScriptAsRawText(ScriptEngine.java:119)
	at com.kms.katalon.core.main.TestCaseExecutor.runScript(TestCaseExecutor.java:448)
	at com.kms.katalon.core.main.TestCaseExecutor.doExecute(TestCaseExecutor.java:439)
	at com.kms.katalon.core.main.TestCaseExecutor.processExecutionPhase(TestCaseExecutor.java:418)
	at com.kms.katalon.core.main.TestCaseExecutor.accessMainPhase(TestCaseExecutor.java:410)
	at com.kms.katalon.core.main.TestCaseExecutor.execute(TestCaseExecutor.java:285)
	at com.kms.katalon.core.common.CommonExecutor.accessTestCaseMainPhase(CommonExecutor.java:65)
	at com.kms.katalon.core.main.TestSuiteExecutor.accessTestSuiteMainPhase(TestSuiteExecutor.java:148)
	at com.kms.katalon.core.main.TestSuiteExecutor.execute(TestSuiteExecutor.java:106)
	at com.kms.katalon.core.main.TestCaseMain.startTestSuite(TestCaseMain.java:187)
	at com.kms.katalon.core.main.TestCaseMain$startTestSuite$0.call(Unknown Source)
	at TempTestSuite1695765482532.run(TempTestSuite1695765482532.groovy:36)
Caused by: com.kms.katalon.core.exception.StepFailedException: Object 'Object Repository/RAD_Pages/TaxInfo_Page/input_FederalEIN-2' is NOT visible
	... 23 more


2023-09-26 18:11:05 - [TEST_STEP][PASSED] - openBrowser(""): Browser is opened with url: ''

2023-09-26 18:11:05 - [MESSAGE][WARNING] - A browser is already opened. Closing browser and opening a new one

2023-09-26 18:11:06 - [MESSAGE][INFO] - Starting 'Chrome' driver

2023-09-26 18:11:06 - [MESSAGE][INFO] - User set preference: ['acceptInsecureCerts', 'true']

2023-09-26 18:11:06 - [MESSAGE][INFO] - Action delay is set to 0 milliseconds

2023-09-26 18:11:08 - [MESSAGE][PASSED] - Browser is opened with url: ''

2023-09-26 18:11:08 - [TEST_STEP][PASSED] - maximizeWindow(): Current window maximized

2023-09-26 18:11:08 - [MESSAGE][PASSED] - Current window maximized

2023-09-26 18:11:08 - [TEST_STEP][PASSED] - navigateToUrl(RADurl): Navigate to 'https://qa2.velocitypayment.com/client/rad/index.html' successfully

2023-09-26 18:11:09 - [MESSAGE][PASSED] - Navigate to 'https://qa2.velocitypayment.com/client/rad/index.html' successfully

2023-09-26 18:11:09 - [TEST_STEP][PASSED] - orPath_Landing = "Object Repository/RAD_Pages/Landing_Page": null

2023-09-26 18:11:09 - [TEST_STEP][PASSED] - orPath_TaxTypeFilingYear = "Object Repository/RAD_Pages/TaxTypeFilingYear_Page": null

2023-09-26 18:11:09 - [TEST_STEP][PASSED] - orPath_TaxPayer = "Object Repository/RAD_Pages/Taxpayer_Page": null

2023-09-26 18:11:09 - [TEST_STEP][PASSED] - orPath_AddressContact = "Object Repository/RAD_Pages/AddressAndContactInfo_Page": null

2023-09-26 18:11:09 - [TEST_STEP][PASSED] - orPath_FilingStatus = "Object Repository/RAD_Pages/FilingStatus_Page": null

2023-09-26 18:11:09 - [TEST_STEP][PASSED] - orPath_Amount = "Object Repository/RAD_Pages/PaymentAmount_Page": null

2023-09-26 18:11:09 - [TEST_STEP][PASSED] - orPath_TaxInfo = "Object Repository/RAD_Pages/TaxInfo_Page": null

2023-09-26 18:11:09 - [TEST_STEP][PASSED] - selectOptionByLabel(findTestObject(orPath_Landing + "/dd_TaxType"), "New Tax Return Amount Due", false): All options with label 'New Tax Return Amount Due' are selected in object 'Object Repository/RAD_Pages/Landing_Page/dd_TaxType' 

2023-09-26 18:11:10 - [MESSAGE][PASSED] - All options with label 'New Tax Return Amount Due' are selected in object 'Object Repository/RAD_Pages/Landing_Page/dd_TaxType' 

2023-09-26 18:11:10 - [TEST_STEP][PASSED] - selectOptionByLabel(findTestObject("Object Repository/RAD_Pages/Landing_Page/select_NewTaxReturnAmountDue_TaxType"), "PTE Non-Electing S Corp", false): All options with label 'PTE Non-Electing S Corp' are selected in object 'Object Repository/RAD_Pages/Landing_Page/select_NewTaxReturnAmountDue_TaxType' 

2023-09-26 18:11:11 - [MESSAGE][PASSED] - All options with label 'PTE Non-Electing S Corp' are selected in object 'Object Repository/RAD_Pages/Landing_Page/select_NewTaxReturnAmountDue_TaxType' 

2023-09-26 18:11:11 - [TEST_STEP][PASSED] - verifyElementPresent(findTestObject(orPath_TaxTypeFilingYear + "/select_FilingYear"), 30): Object 'Object Repository/RAD_Pages/TaxTypeFilingYear_Page/select_FilingYear' is present

2023-09-26 18:11:11 - [MESSAGE][PASSED] - Object 'Object Repository/RAD_Pages/TaxTypeFilingYear_Page/select_FilingYear' is present

2023-09-26 18:11:11 - [TEST_STEP][PASSED] - verifyElementVisible(findTestObject(orPath_TaxTypeFilingYear + "/select_FilingYear")): Object 'Object Repository/RAD_Pages/TaxTypeFilingYear_Page/select_FilingYear' is visible

2023-09-26 18:11:12 - [MESSAGE][PASSED] - Object 'Object Repository/RAD_Pages/TaxTypeFilingYear_Page/select_FilingYear' is visible

2023-09-26 18:11:12 - [TEST_STEP][PASSED] - totalOptionsFilingYear = getNumberOfTotalOption(findTestObject(orPath_TaxTypeFilingYear + "/select_FilingYear")): 4 options of object 'Object Repository/RAD_Pages/TaxTypeFilingYear_Page/select_FilingYear' counted

2023-09-26 18:11:12 - [MESSAGE][PASSED] - 4 options of object 'Object Repository/RAD_Pages/TaxTypeFilingYear_Page/select_FilingYear' counted

2023-09-26 18:11:12 - [TEST_STEP][PASSED] - verifyEqual(totalOptionsFilingYear, 4): Actual object '4' and expected object '4' are equal

2023-09-26 18:11:12 - [MESSAGE][PASSED] - Actual object '4' and expected object '4' are equal

2023-09-26 18:11:12 - [TEST_STEP][PASSED] - verifyOptionsPresent(findTestObject(orPath_TaxTypeFilingYear + "/select_FilingYear"), ["2022", "2021", "2020"]): Options [2022, 2021, 2020] present.

2023-09-26 18:11:13 - [MESSAGE][PASSED] - Options [2022, 2021, 2020] present.

2023-09-26 18:11:13 - [TEST_STEP][PASSED] - verifyElementNotVisible(findTestObject(orPath_TaxTypeFilingYear + "/select_PeriodEnding")): Object 'Object Repository/RAD_Pages/TaxTypeFilingYear_Page/select_PeriodEnding' is NOT visible

2023-09-26 18:11:13 - [MESSAGE][PASSED] - Object 'Object Repository/RAD_Pages/TaxTypeFilingYear_Page/select_PeriodEnding' is NOT visible

2023-09-26 18:11:13 - [TEST_STEP][PASSED] - verifyTextPresent("Taxpayer", true): Text 'Taxpayer' is present on page  using regular expression

2023-09-26 18:11:14 - [MESSAGE][PASSED] - Text 'Taxpayer' is present on page  using regular expression

2023-09-26 18:11:14 - [TEST_STEP][PASSED] - verifyTextPresent("Provide the following taxpayer information", true): Text 'Provide the following taxpayer information' is present on page  using regular expression

2023-09-26 18:11:14 - [MESSAGE][PASSED] - Text 'Provide the following taxpayer information' is present on page  using regular expression

2023-09-26 18:11:14 - [TEST_STEP][PASSED] - verifyTextPresent("Note: If you are paying on behalf of the Taxpayer, enter Taxpayer", true): Text 'Note: If you are paying on behalf of the Taxpayer, enter Taxpayer' is present on page  using regular expression

2023-09-26 18:11:14 - [MESSAGE][PASSED] - Text 'Note: If you are paying on behalf of the Taxpayer, enter Taxpayer' is present on page  using regular expression

2023-09-26 18:11:14 - [TEST_STEP][PASSED] - verifyTextPresent("information here. If you are making a payment for the Taxpayer, you will be required later to enter your own credit card, billing address and other pertinent information", true): Text 'information here. If you are making a payment for the Taxpayer, you will be required later to enter your own credit card, billing address and other pertinent information' is present on page  using regular expression

2023-09-26 18:11:15 - [MESSAGE][PASSED] - Text 'information here. If you are making a payment for the Taxpayer, you will be required later to enter your own credit card, billing address and other pertinent information' is present on page  using regular expression

2023-09-26 18:11:15 - [TEST_STEP][PASSED] - verifyElementVisible(findTestObject(orPath_TaxPayer + "/input_Note_businessName")): Object 'Object Repository/RAD_Pages/Taxpayer_Page/input_Note_businessName' is visible

2023-09-26 18:11:15 - [MESSAGE][PASSED] - Object 'Object Repository/RAD_Pages/Taxpayer_Page/input_Note_businessName' is visible

2023-09-26 18:11:15 - [TEST_STEP][PASSED] - verifyElementVisible(findTestObject(orPath_TaxPayer + "/input_BusinessRepfirstName")): Object 'Object Repository/RAD_Pages/Taxpayer_Page/input_BusinessRepfirstName' is visible

2023-09-26 18:11:16 - [MESSAGE][PASSED] - Object 'Object Repository/RAD_Pages/Taxpayer_Page/input_BusinessRepfirstName' is visible

2023-09-26 18:11:16 - [TEST_STEP][PASSED] - verifyElementVisible(findTestObject(orPath_TaxPayer + "/input_BusinessRepmiddleName")): Object 'Object Repository/RAD_Pages/Taxpayer_Page/input_BusinessRepmiddleName' is visible

2023-09-26 18:11:16 - [MESSAGE][PASSED] - Object 'Object Repository/RAD_Pages/Taxpayer_Page/input_BusinessRepmiddleName' is visible

2023-09-26 18:11:16 - [TEST_STEP][PASSED] - verifyElementVisible(findTestObject(orPath_TaxPayer + "/input_BusinessReplastName")): Object 'Object Repository/RAD_Pages/Taxpayer_Page/input_BusinessReplastName' is visible

2023-09-26 18:11:16 - [MESSAGE][PASSED] - Object 'Object Repository/RAD_Pages/Taxpayer_Page/input_BusinessReplastName' is visible

2023-09-26 18:11:16 - [TEST_STEP][PASSED] - verifyElementVisible(findTestObject(orPath_TaxPayer + "/input_BusinessRepsuffix")): Object 'Object Repository/RAD_Pages/Taxpayer_Page/input_BusinessRepsuffix' is visible

2023-09-26 18:11:17 - [MESSAGE][PASSED] - Object 'Object Repository/RAD_Pages/Taxpayer_Page/input_BusinessRepsuffix' is visible

2023-09-26 18:11:17 - [TEST_STEP][PASSED] - verifyElementNotVisible(findTestObject(orPath_TaxPayer + "/input_firstName")): Object 'Object Repository/RAD_Pages/Taxpayer_Page/input_firstName' is NOT visible

2023-09-26 18:11:17 - [MESSAGE][PASSED] - Object 'Object Repository/RAD_Pages/Taxpayer_Page/input_firstName' is NOT visible

2023-09-26 18:11:17 - [TEST_STEP][PASSED] - verifyElementNotVisible(findTestObject(orPath_TaxPayer + "/input_middleName")): Object 'Object Repository/RAD_Pages/Taxpayer_Page/input_middleName' is NOT visible

2023-09-26 18:11:17 - [MESSAGE][PASSED] - Object 'Object Repository/RAD_Pages/Taxpayer_Page/input_middleName' is NOT visible

2023-09-26 18:11:17 - [TEST_STEP][PASSED] - verifyElementNotVisible(findTestObject(orPath_TaxPayer + "/input_lastName")): Object 'Object Repository/RAD_Pages/Taxpayer_Page/input_lastName' is NOT visible

2023-09-26 18:11:18 - [MESSAGE][PASSED] - Object 'Object Repository/RAD_Pages/Taxpayer_Page/input_lastName' is NOT visible

2023-09-26 18:11:18 - [TEST_STEP][PASSED] - verifyElementNotVisible(findTestObject(orPath_TaxPayer + "/input_suffix")): Object 'Object Repository/RAD_Pages/Taxpayer_Page/input_suffix' is NOT visible

2023-09-26 18:11:18 - [MESSAGE][PASSED] - Object 'Object Repository/RAD_Pages/Taxpayer_Page/input_suffix' is NOT visible

2023-09-26 18:11:18 - [TEST_STEP][PASSED] - verifyElementNotVisible(findTestObject("RAD_RecordAndPlay/input_concatSSN")): Object 'Object Repository/RAD_RecordAndPlay/input_concatSSN' is NOT visible

2023-09-26 18:11:18 - [MESSAGE][PASSED] - Object 'Object Repository/RAD_RecordAndPlay/input_concatSSN' is NOT visible

2023-09-26 18:11:18 - [TEST_STEP][PASSED] - verifyElementNotVisible(findTestObject("RAD_RecordAndPlay/input_concatReSSN")): Object 'Object Repository/RAD_RecordAndPlay/input_concatReSSN' is NOT visible

2023-09-26 18:11:19 - [MESSAGE][PASSED] - Object 'Object Repository/RAD_RecordAndPlay/input_concatReSSN' is NOT visible

2023-09-26 18:11:19 - [TEST_STEP][PASSED] - verifyTextPresent("Address and Contact Information", true): Text 'Address and Contact Information' is present on page  using regular expression

2023-09-26 18:11:19 - [MESSAGE][PASSED] - Text 'Address and Contact Information' is present on page  using regular expression

2023-09-26 18:11:19 - [TEST_STEP][PASSED] - verifyTextPresent("Enter the taxpayer", true): Text 'Enter the taxpayer' is present on page  using regular expression

2023-09-26 18:11:20 - [MESSAGE][PASSED] - Text 'Enter the taxpayer' is present on page  using regular expression

2023-09-26 18:11:20 - [TEST_STEP][PASSED] - verifyTextPresent("address and contact information", true): Text 'address and contact information' is present on page  using regular expression

2023-09-26 18:11:20 - [MESSAGE][PASSED] - Text 'address and contact information' is present on page  using regular expression

2023-09-26 18:11:20 - [TEST_STEP][PASSED] - verifyElementPresent(findTestObject(orPath_AddressContact + "/select_Country"), 30): Object 'Object Repository/RAD_Pages/AddressAndContactInfo_Page/select_Country' is present

2023-09-26 18:11:21 - [MESSAGE][PASSED] - Object 'Object Repository/RAD_Pages/AddressAndContactInfo_Page/select_Country' is present

2023-09-26 18:11:21 - [TEST_STEP][PASSED] - verifyElementPresent(findTestObject(orPath_AddressContact + "/input_streetAddress1"), 30): Object 'Object Repository/RAD_Pages/AddressAndContactInfo_Page/input_streetAddress1' is present

2023-09-26 18:11:21 - [MESSAGE][PASSED] - Object 'Object Repository/RAD_Pages/AddressAndContactInfo_Page/input_streetAddress1' is present

2023-09-26 18:11:21 - [TEST_STEP][PASSED] - verifyElementPresent(findTestObject(orPath_AddressContact + "/input_streetAddress2"), 30): Object 'Object Repository/RAD_Pages/AddressAndContactInfo_Page/input_streetAddress2' is present

2023-09-26 18:11:21 - [MESSAGE][PASSED] - Object 'Object Repository/RAD_Pages/AddressAndContactInfo_Page/input_streetAddress2' is present

2023-09-26 18:11:21 - [TEST_STEP][PASSED] - verifyElementPresent(findTestObject(orPath_AddressContact + "/input_city"), 30): Object 'Object Repository/RAD_Pages/AddressAndContactInfo_Page/input_city' is present

2023-09-26 18:11:22 - [MESSAGE][PASSED] - Object 'Object Repository/RAD_Pages/AddressAndContactInfo_Page/input_city' is present

2023-09-26 18:11:22 - [TEST_STEP][PASSED] - verifyElementPresent(findTestObject(orPath_AddressContact + "/select_State"), 30): Object 'Object Repository/RAD_Pages/AddressAndContactInfo_Page/select_State' is present

2023-09-26 18:11:22 - [MESSAGE][PASSED] - Object 'Object Repository/RAD_Pages/AddressAndContactInfo_Page/select_State' is present

2023-09-26 18:11:22 - [TEST_STEP][PASSED] - verifyElementPresent(findTestObject(orPath_AddressContact + "/input_zipCode"), 30): Object 'Object Repository/RAD_Pages/AddressAndContactInfo_Page/input_zipCode' is present

2023-09-26 18:11:22 - [MESSAGE][PASSED] - Object 'Object Repository/RAD_Pages/AddressAndContactInfo_Page/input_zipCode' is present

2023-09-26 18:11:22 - [TEST_STEP][PASSED] - verifyElementPresent(findTestObject(orPath_AddressContact + "/input_phoneNumber"), 30): Object 'Object Repository/RAD_Pages/AddressAndContactInfo_Page/input_phoneNumber' is present

2023-09-26 18:11:23 - [MESSAGE][PASSED] - Object 'Object Repository/RAD_Pages/AddressAndContactInfo_Page/input_phoneNumber' is present

2023-09-26 18:11:23 - [TEST_STEP][PASSED] - verifyElementPresent(findTestObject(orPath_AddressContact + "/input_eMailAddress"), 30): Object 'Object Repository/RAD_Pages/AddressAndContactInfo_Page/input_eMailAddress' is present

2023-09-26 18:11:23 - [MESSAGE][PASSED] - Object 'Object Repository/RAD_Pages/AddressAndContactInfo_Page/input_eMailAddress' is present

2023-09-26 18:11:23 - [TEST_STEP][PASSED] - verifyElementPresent(findTestObject(orPath_AddressContact + "/input_reEnterEMailAddress"), 30): Object 'Object Repository/RAD_Pages/AddressAndContactInfo_Page/input_reEnterEMailAddress' is present

2023-09-26 18:11:23 - [MESSAGE][PASSED] - Object 'Object Repository/RAD_Pages/AddressAndContactInfo_Page/input_reEnterEMailAddress' is present

2023-09-26 18:11:23 - [TEST_STEP][PASSED] - verifyOptionsPresent(findTestObject(orPath_AddressContact + "/select_Country"), ["United States"]): Options [United States] present.

2023-09-26 18:11:24 - [MESSAGE][PASSED] - Options [United States] present.

2023-09-26 18:11:24 - [TEST_STEP][PASSED] - verifyOptionsPresent(findTestObject(orPath_AddressContact + "/select_State"), ["Alabama", "District of Columbia", "Maryland", "Virginia", "Wyoming"]): Options [Alabama, District of Columbia, Maryland, Virginia, Wyoming] present.

2023-09-26 18:11:25 - [MESSAGE][PASSED] - Options [Alabama, District of Columbia, Maryland, Virginia, Wyoming] present.

2023-09-26 18:11:25 - [TEST_STEP][PASSED] - totalOptionsState = getNumberOfTotalOption(findTestObject(orPath_AddressContact + "/select_State")): 52 options of object 'Object Repository/RAD_Pages/AddressAndContactInfo_Page/select_State' counted

2023-09-26 18:11:26 - [MESSAGE][PASSED] - 52 options of object 'Object Repository/RAD_Pages/AddressAndContactInfo_Page/select_State' counted

2023-09-26 18:11:26 - [TEST_STEP][PASSED] - verifyEqual(totalOptionsState, 52): Actual object '52' and expected object '52' are equal

2023-09-26 18:11:26 - [MESSAGE][PASSED] - Actual object '52' and expected object '52' are equal

2023-09-26 18:11:26 - [TEST_STEP][PASSED] - verifyTextPresent("Tax Information", true): Text 'Tax Information' is present on page  using regular expression

2023-09-26 18:11:26 - [MESSAGE][PASSED] - Text 'Tax Information' is present on page  using regular expression

2023-09-26 18:11:26 - [TEST_STEP][FAILED] - verifyElementVisible(findTestObject(orPath_TaxInfo + "/input_FederalEIN-2")): Object 'Object Repository/RAD_Pages/TaxInfo_Page/input_FederalEIN-2' is NOT visible (Root cause: com.kms.katalon.core.exception.StepFailedException: Object 'Object Repository/RAD_Pages/TaxInfo_Page/input_FederalEIN-2' is NOT visible
	at com.kms.katalon.core.webui.keyword.internal.WebUIKeywordMain.stepFailed(WebUIKeywordMain.groovy:64)
	at com.kms.katalon.core.webui.keyword.builtin.VerifyElementVisibleKeyword$_verifyElementVisible_closure1.doCall(VerifyElementVisibleKeyword.groovy:83)
	at com.kms.katalon.core.webui.keyword.builtin.VerifyElementVisibleKeyword$_verifyElementVisible_closure1.call(VerifyElementVisibleKeyword.groovy)
	at com.kms.katalon.core.webui.keyword.internal.WebUIKeywordMain.runKeyword(WebUIKeywordMain.groovy:20)
	at com.kms.katalon.core.webui.keyword.builtin.VerifyElementVisibleKeyword.verifyElementVisible(VerifyElementVisibleKeyword.groovy:97)
	at com.kms.katalon.core.webui.keyword.builtin.VerifyElementVisibleKeyword.execute(VerifyElementVisibleKeyword.groovy:67)
	at com.kms.katalon.core.keyword.internal.KeywordExecutor.executeKeywordForPlatform(KeywordExecutor.groovy:74)
	at com.kms.katalon.core.webui.keyword.WebUiBuiltInKeywords.verifyElementVisible(WebUiBuiltInKeywords.groovy:376)
	at com.kms.katalon.core.webui.keyword.WebUiBuiltInKeywords$verifyElementVisible$8.call(Unknown Source)
	at NewLiability_PTENonElectingSCorp_UI_TC.run(NewLiability_PTENonElectingSCorp_UI_TC:112)
	at com.kms.katalon.core.main.ScriptEngine.run(ScriptEngine.java:194)
	at com.kms.katalon.core.main.ScriptEngine.runScriptAsRawText(ScriptEngine.java:119)
	at com.kms.katalon.core.main.TestCaseExecutor.runScript(TestCaseExecutor.java:448)
	at com.kms.katalon.core.main.TestCaseExecutor.doExecute(TestCaseExecutor.java:439)
	at com.kms.katalon.core.main.TestCaseExecutor.processExecutionPhase(TestCaseExecutor.java:418)
	at com.kms.katalon.core.main.TestCaseExecutor.accessMainPhase(TestCaseExecutor.java:410)
	at com.kms.katalon.core.main.TestCaseExecutor.execute(TestCaseExecutor.java:285)
	at com.kms.katalon.core.common.CommonExecutor.accessTestCaseMainPhase(CommonExecutor.java:65)
	at com.kms.katalon.core.main.TestSuiteExecutor.accessTestSuiteMainPhase(TestSuiteExecutor.java:148)
	at com.kms.katalon.core.main.TestSuiteExecutor.execute(TestSuiteExecutor.java:106)
	at com.kms.katalon.core.main.TestCaseMain.startTestSuite(TestCaseMain.java:187)
	at com.kms.katalon.core.main.TestCaseMain$startTestSuite$0.call(Unknown Source)
	at TempTestSuite1695765482532.run(TempTestSuite1695765482532.groovy:36)
)

2023-09-26 18:11:27 - [MESSAGE][FAILED] - Object 'Object Repository/RAD_Pages/TaxInfo_Page/input_FederalEIN-2' is NOT visible (Root cause: com.kms.katalon.core.exception.StepFailedException: Object 'Object Repository/RAD_Pages/TaxInfo_Page/input_FederalEIN-2' is NOT visible
	at com.kms.katalon.core.webui.keyword.internal.WebUIKeywordMain.stepFailed(WebUIKeywordMain.groovy:64)
	at com.kms.katalon.core.webui.keyword.builtin.VerifyElementVisibleKeyword$_verifyElementVisible_closure1.doCall(VerifyElementVisibleKeyword.groovy:83)
	at com.kms.katalon.core.webui.keyword.builtin.VerifyElementVisibleKeyword$_verifyElementVisible_closure1.call(VerifyElementVisibleKeyword.groovy)
	at com.kms.katalon.core.webui.keyword.internal.WebUIKeywordMain.runKeyword(WebUIKeywordMain.groovy:20)
	at com.kms.katalon.core.webui.keyword.builtin.VerifyElementVisibleKeyword.verifyElementVisible(VerifyElementVisibleKeyword.groovy:97)
	at com.kms.katalon.core.webui.keyword.builtin.VerifyElementVisibleKeyword.execute(VerifyElementVisibleKeyword.groovy:67)
	at com.kms.katalon.core.keyword.internal.KeywordExecutor.executeKeywordForPlatform(KeywordExecutor.groovy:74)
	at com.kms.katalon.core.webui.keyword.WebUiBuiltInKeywords.verifyElementVisible(WebUiBuiltInKeywords.groovy:376)
	at com.kms.katalon.core.webui.keyword.WebUiBuiltInKeywords$verifyElementVisible$8.call(Unknown Source)
	at NewLiability_PTENonElectingSCorp_UI_TC.run(NewLiability_PTENonElectingSCorp_UI_TC:112)
	at com.kms.katalon.core.main.ScriptEngine.run(ScriptEngine.java:194)
	at com.kms.katalon.core.main.ScriptEngine.runScriptAsRawText(ScriptEngine.java:119)
	at com.kms.katalon.core.main.TestCaseExecutor.runScript(TestCaseExecutor.java:448)
	at com.kms.katalon.core.main.TestCaseExecutor.doExecute(TestCaseExecutor.java:439)
	at com.kms.katalon.core.main.TestCaseExecutor.processExecutionPhase(TestCaseExecutor.java:418)
	at com.kms.katalon.core.main.TestCaseExecutor.accessMainPhase(TestCaseExecutor.java:410)
	at com.kms.katalon.core.main.TestCaseExecutor.execute(TestCaseExecutor.java:285)
	at com.kms.katalon.core.common.CommonExecutor.accessTestCaseMainPhase(CommonExecutor.java:65)
	at com.kms.katalon.core.main.TestSuiteExecutor.accessTestSuiteMainPhase(TestSuiteExecutor.java:148)
	at com.kms.katalon.core.main.TestSuiteExecutor.execute(TestSuiteExecutor.java:106)
	at com.kms.katalon.core.main.TestCaseMain.startTestSuite(TestCaseMain.java:187)
	at com.kms.katalon.core.main.TestCaseMain$startTestSuite$0.call(Unknown Source)
	at TempTestSuite1695765482532.run(TempTestSuite1695765482532.groovy:36)
)
[[ATTACHMENT|E:\\Cloned-Project-Katalon\\VPS-Katalon\\Reports\\20230926_175802\\RAD_TestSuite\\RAD_UI_TestSuite\\20230926_175802\\1695766286853.png]]

2023-09-26 18:11:27 - [TEST_STEP][FAILED] - verifyElementVisible(findTestObject(orPath_TaxInfo + "/input_FederalEIN_ReEnter-2")): Object 'Object Repository/RAD_Pages/TaxInfo_Page/input_FederalEIN_ReEnter-2' is NOT visible (Root cause: com.kms.katalon.core.exception.StepFailedException: Object 'Object Repository/RAD_Pages/TaxInfo_Page/input_FederalEIN_ReEnter-2' is NOT visible
	at com.kms.katalon.core.webui.keyword.internal.WebUIKeywordMain.stepFailed(WebUIKeywordMain.groovy:64)
	at com.kms.katalon.core.webui.keyword.builtin.VerifyElementVisibleKeyword$_verifyElementVisible_closure1.doCall(VerifyElementVisibleKeyword.groovy:83)
	at com.kms.katalon.core.webui.keyword.builtin.VerifyElementVisibleKeyword$_verifyElementVisible_closure1.call(VerifyElementVisibleKeyword.groovy)
	at com.kms.katalon.core.webui.keyword.internal.WebUIKeywordMain.runKeyword(WebUIKeywordMain.groovy:20)
	at com.kms.katalon.core.webui.keyword.builtin.VerifyElementVisibleKeyword.verifyElementVisible(VerifyElementVisibleKeyword.groovy:97)
	at com.kms.katalon.core.webui.keyword.builtin.VerifyElementVisibleKeyword.execute(VerifyElementVisibleKeyword.groovy:67)
	at com.kms.katalon.core.keyword.internal.KeywordExecutor.executeKeywordForPlatform(KeywordExecutor.groovy:74)
	at com.kms.katalon.core.webui.keyword.WebUiBuiltInKeywords.verifyElementVisible(WebUiBuiltInKeywords.groovy:376)
	at com.kms.katalon.core.webui.keyword.WebUiBuiltInKeywords$verifyElementVisible$8.call(Unknown Source)
	at NewLiability_PTENonElectingSCorp_UI_TC.run(NewLiability_PTENonElectingSCorp_UI_TC:113)
	at com.kms.katalon.core.main.ScriptEngine.run(ScriptEngine.java:194)
	at com.kms.katalon.core.main.ScriptEngine.runScriptAsRawText(ScriptEngine.java:119)
	at com.kms.katalon.core.main.TestCaseExecutor.runScript(TestCaseExecutor.java:448)
	at com.kms.katalon.core.main.TestCaseExecutor.doExecute(TestCaseExecutor.java:439)
	at com.kms.katalon.core.main.TestCaseExecutor.processExecutionPhase(TestCaseExecutor.java:418)
	at com.kms.katalon.core.main.TestCaseExecutor.accessMainPhase(TestCaseExecutor.java:410)
	at com.kms.katalon.core.main.TestCaseExecutor.execute(TestCaseExecutor.java:285)
	at com.kms.katalon.core.common.CommonExecutor.accessTestCaseMainPhase(CommonExecutor.java:65)
	at com.kms.katalon.core.main.TestSuiteExecutor.accessTestSuiteMainPhase(TestSuiteExecutor.java:148)
	at com.kms.katalon.core.main.TestSuiteExecutor.execute(TestSuiteExecutor.java:106)
	at com.kms.katalon.core.main.TestCaseMain.startTestSuite(TestCaseMain.java:187)
	at com.kms.katalon.core.main.TestCaseMain$startTestSuite$0.call(Unknown Source)
	at TempTestSuite1695765482532.run(TempTestSuite1695765482532.groovy:36)
)

2023-09-26 18:11:27 - [MESSAGE][FAILED] - Object 'Object Repository/RAD_Pages/TaxInfo_Page/input_FederalEIN_ReEnter-2' is NOT visible (Root cause: com.kms.katalon.core.exception.StepFailedException: Object 'Object Repository/RAD_Pages/TaxInfo_Page/input_FederalEIN_ReEnter-2' is NOT visible
	at com.kms.katalon.core.webui.keyword.internal.WebUIKeywordMain.stepFailed(WebUIKeywordMain.groovy:64)
	at com.kms.katalon.core.webui.keyword.builtin.VerifyElementVisibleKeyword$_verifyElementVisible_closure1.doCall(VerifyElementVisibleKeyword.groovy:83)
	at com.kms.katalon.core.webui.keyword.builtin.VerifyElementVisibleKeyword$_verifyElementVisible_closure1.call(VerifyElementVisibleKeyword.groovy)
	at com.kms.katalon.core.webui.keyword.internal.WebUIKeywordMain.runKeyword(WebUIKeywordMain.groovy:20)
	at com.kms.katalon.core.webui.keyword.builtin.VerifyElementVisibleKeyword.verifyElementVisible(VerifyElementVisibleKeyword.groovy:97)
	at com.kms.katalon.core.webui.keyword.builtin.VerifyElementVisibleKeyword.execute(VerifyElementVisibleKeyword.groovy:67)
	at com.kms.katalon.core.keyword.internal.KeywordExecutor.executeKeywordForPlatform(KeywordExecutor.groovy:74)
	at com.kms.katalon.core.webui.keyword.WebUiBuiltInKeywords.verifyElementVisible(WebUiBuiltInKeywords.groovy:376)
	at com.kms.katalon.core.webui.keyword.WebUiBuiltInKeywords$verifyElementVisible$8.call(Unknown Source)
	at NewLiability_PTENonElectingSCorp_UI_TC.run(NewLiability_PTENonElectingSCorp_UI_TC:113)
	at com.kms.katalon.core.main.ScriptEngine.run(ScriptEngine.java:194)
	at com.kms.katalon.core.main.ScriptEngine.runScriptAsRawText(ScriptEngine.java:119)
	at com.kms.katalon.core.main.TestCaseExecutor.runScript(TestCaseExecutor.java:448)
	at com.kms.katalon.core.main.TestCaseExecutor.doExecute(TestCaseExecutor.java:439)
	at com.kms.katalon.core.main.TestCaseExecutor.processExecutionPhase(TestCaseExecutor.java:418)
	at com.kms.katalon.core.main.TestCaseExecutor.accessMainPhase(TestCaseExecutor.java:410)
	at com.kms.katalon.core.main.TestCaseExecutor.execute(TestCaseExecutor.java:285)
	at com.kms.katalon.core.common.CommonExecutor.accessTestCaseMainPhase(CommonExecutor.java:65)
	at com.kms.katalon.core.main.TestSuiteExecutor.accessTestSuiteMainPhase(TestSuiteExecutor.java:148)
	at com.kms.katalon.core.main.TestSuiteExecutor.execute(TestSuiteExecutor.java:106)
	at com.kms.katalon.core.main.TestCaseMain.startTestSuite(TestCaseMain.java:187)
	at com.kms.katalon.core.main.TestCaseMain$startTestSuite$0.call(Unknown Source)
	at TempTestSuite1695765482532.run(TempTestSuite1695765482532.groovy:36)
)
[[ATTACHMENT|E:\\Cloned-Project-Katalon\\VPS-Katalon\\Reports\\20230926_175802\\RAD_TestSuite\\RAD_UI_TestSuite\\20230926_175802\\1695766287530.png]]

2023-09-26 18:11:27 - [TEST_STEP][PASSED] - verifyElementNotVisible(findTestObject(orPath_TaxInfo + "/input_NoticeInvoiceNumber")): Object 'Object Repository/RAD_Pages/TaxInfo_Page/input_NoticeInvoiceNumber' is NOT visible

2023-09-26 18:11:28 - [MESSAGE][PASSED] - Object 'Object Repository/RAD_Pages/TaxInfo_Page/input_NoticeInvoiceNumber' is NOT visible

2023-09-26 18:11:28 - [TEST_STEP][PASSED] - verifyElementNotVisible(findTestObject(orPath_TaxInfo + "/input_reTypeNoticeInvoiceNumber")): Object 'Object Repository/RAD_Pages/TaxInfo_Page/input_reTypeNoticeInvoiceNumber' is NOT visible

2023-09-26 18:11:28 - [MESSAGE][PASSED] - Object 'Object Repository/RAD_Pages/TaxInfo_Page/input_reTypeNoticeInvoiceNumber' is NOT visible

2023-09-26 18:11:28 - [TEST_STEP][PASSED] - verifyElementNotVisible(findTestObject(orPath_TaxInfo + "/input_MDCRegistrationEL")): Object 'Object Repository/RAD_Pages/TaxInfo_Page/input_MDCRegistrationEL' is NOT visible

2023-09-26 18:11:28 - [MESSAGE][PASSED] - Object 'Object Repository/RAD_Pages/TaxInfo_Page/input_MDCRegistrationEL' is NOT visible

2023-09-26 18:11:28 - [TEST_STEP][PASSED] - verifyElementNotVisible(findTestObject(orPath_FilingStatus + "/input_userType_Individual")): Object 'Object Repository/RAD_Pages/FilingStatus_Page/input_userType_Individual' is NOT visible

2023-09-26 18:11:29 - [MESSAGE][PASSED] - Object 'Object Repository/RAD_Pages/FilingStatus_Page/input_userType_Individual' is NOT visible

2023-09-26 18:11:29 - [TEST_STEP][PASSED] - verifyElementNotVisible(findTestObject(orPath_FilingStatus + "/input_userType_Joint")): Object 'Object Repository/RAD_Pages/FilingStatus_Page/input_userType_Joint' is NOT visible

2023-09-26 18:11:29 - [MESSAGE][PASSED] - Object 'Object Repository/RAD_Pages/FilingStatus_Page/input_userType_Joint' is NOT visible

2023-09-26 18:11:29 - [TEST_STEP][PASSED] - verifyTextPresent("Payment Amount", true): Text 'Payment Amount' is present on page  using regular expression

2023-09-26 18:11:29 - [MESSAGE][PASSED] - Text 'Payment Amount' is present on page  using regular expression

2023-09-26 18:11:29 - [TEST_STEP][PASSED] - verifyElementPresent(findTestObject(orPath_Amount + "/input__paymentAmount"), 30): Object 'Object Repository/RAD_Pages/PaymentAmount_Page/input__paymentAmount' is present

2023-09-26 18:11:30 - [MESSAGE][PASSED] - Object 'Object Repository/RAD_Pages/PaymentAmount_Page/input__paymentAmount' is present

2023-09-26 18:11:30 - [TEST_STEP][PASSED] - verifyElementVisible(findTestObject(orPath_Amount + "/input__paymentAmount")): Object 'Object Repository/RAD_Pages/PaymentAmount_Page/input__paymentAmount' is visible

2023-09-26 18:11:30 - [MESSAGE][PASSED] - Object 'Object Repository/RAD_Pages/PaymentAmount_Page/input__paymentAmount' is visible

2023-09-26 18:11:30 - [TEST_STEP][PASSED] - verifyTextPresent("Service Fee: This electronic government service includes a service/convenience fee. Click here for details", true): Text 'Service Fee: This electronic government service includes a service/convenience fee. Click here for details' is present on page  using regular expression

2023-09-26 18:11:31 - [MESSAGE][PASSED] - Text 'Service Fee: This electronic government service includes a service/convenience fee. Click here for details' is present on page  using regular expression

2023-09-26 18:11:31 - [TEST_STEP][PASSED] - verifyElementPresent(findTestObject(orPath_Amount + "/a_Click here for details"), 30): Object 'Object Repository/RAD_Pages/PaymentAmount_Page/a_Click here for details' is present

2023-09-26 18:11:31 - [MESSAGE][PASSED] - Object 'Object Repository/RAD_Pages/PaymentAmount_Page/a_Click here for details' is present

2023-09-26 18:11:31 - [TEST_STEP][PASSED] - verifyElementPresent(findTestObject(orPath_Landing + "/button_Continue"), 30): Object 'Object Repository/RAD_Pages/Landing_Page/button_Continue' is present

2023-09-26 18:11:31 - [MESSAGE][PASSED] - Object 'Object Repository/RAD_Pages/Landing_Page/button_Continue' is present]]></system-out>
         <system-err><![CDATA[2023-09-26 18:11:05 - [TEST_CASE][FAILED] - Test Cases/RAD_TestCases/UI_TestCases/New Liability/NewLiability_PTENonElectingSCorp_UI_TC: Test Cases/RAD_TestCases/UI_TestCases/New Liability/NewLiability_PTENonElectingSCorp_UI_TC FAILED.
Reason:
com.kms.katalon.core.exception.StepFailedException: Object 'Object Repository/RAD_Pages/TaxInfo_Page/input_FederalEIN-2' is NOT visible (Root cause: com.kms.katalon.core.exception.StepFailedException: Object 'Object Repository/RAD_Pages/TaxInfo_Page/input_FederalEIN-2' is NOT visible
	at com.kms.katalon.core.webui.keyword.internal.WebUIKeywordMain.stepFailed(WebUIKeywordMain.groovy:64)
	at com.kms.katalon.core.webui.keyword.builtin.VerifyElementVisibleKeyword$_verifyElementVisible_closure1.doCall(VerifyElementVisibleKeyword.groovy:83)
	at com.kms.katalon.core.webui.keyword.builtin.VerifyElementVisibleKeyword$_verifyElementVisible_closure1.call(VerifyElementVisibleKeyword.groovy)
	at com.kms.katalon.core.webui.keyword.internal.WebUIKeywordMain.runKeyword(WebUIKeywordMain.groovy:20)
	at com.kms.katalon.core.webui.keyword.builtin.VerifyElementVisibleKeyword.verifyElementVisible(VerifyElementVisibleKeyword.groovy:97)
	at com.kms.katalon.core.webui.keyword.builtin.VerifyElementVisibleKeyword.execute(VerifyElementVisibleKeyword.groovy:67)
	at com.kms.katalon.core.keyword.internal.KeywordExecutor.executeKeywordForPlatform(KeywordExecutor.groovy:74)
	at com.kms.katalon.core.webui.keyword.WebUiBuiltInKeywords.verifyElementVisible(WebUiBuiltInKeywords.groovy:376)
	at com.kms.katalon.core.webui.keyword.WebUiBuiltInKeywords$verifyElementVisible$8.call(Unknown Source)
	at NewLiability_PTENonElectingSCorp_UI_TC.run(NewLiability_PTENonElectingSCorp_UI_TC:112)
	at com.kms.katalon.core.main.ScriptEngine.run(ScriptEngine.java:194)
	at com.kms.katalon.core.main.ScriptEngine.runScriptAsRawText(ScriptEngine.java:119)
	at com.kms.katalon.core.main.TestCaseExecutor.runScript(TestCaseExecutor.java:448)
	at com.kms.katalon.core.main.TestCaseExecutor.doExecute(TestCaseExecutor.java:439)
	at com.kms.katalon.core.main.TestCaseExecutor.processExecutionPhase(TestCaseExecutor.java:418)
	at com.kms.katalon.core.main.TestCaseExecutor.accessMainPhase(TestCaseExecutor.java:410)
	at com.kms.katalon.core.main.TestCaseExecutor.execute(TestCaseExecutor.java:285)
	at com.kms.katalon.core.common.CommonExecutor.accessTestCaseMainPhase(CommonExecutor.java:65)
	at com.kms.katalon.core.main.TestSuiteExecutor.accessTestSuiteMainPhase(TestSuiteExecutor.java:148)
	at com.kms.katalon.core.main.TestSuiteExecutor.execute(TestSuiteExecutor.java:106)
	at com.kms.katalon.core.main.TestCaseMain.startTestSuite(TestCaseMain.java:187)
	at com.kms.katalon.core.main.TestCaseMain$startTestSuite$0.call(Unknown Source)
	at TempTestSuite1695765482532.run(TempTestSuite1695765482532.groovy:36)
)
	at com.kms.katalon.core.keyword.internal.KeywordMain.stepFailed(KeywordMain.groovy:39)
	at com.kms.katalon.core.webui.keyword.internal.WebUIKeywordMain.stepFailed(WebUIKeywordMain.groovy:64)
	at com.kms.katalon.core.webui.keyword.builtin.VerifyElementVisibleKeyword$_verifyElementVisible_closure1.doCall(VerifyElementVisibleKeyword.groovy:83)
	at com.kms.katalon.core.webui.keyword.builtin.VerifyElementVisibleKeyword$_verifyElementVisible_closure1.call(VerifyElementVisibleKeyword.groovy)
	at com.kms.katalon.core.webui.keyword.internal.WebUIKeywordMain.runKeyword(WebUIKeywordMain.groovy:20)
	at com.kms.katalon.core.webui.keyword.builtin.VerifyElementVisibleKeyword.verifyElementVisible(VerifyElementVisibleKeyword.groovy:97)
	at com.kms.katalon.core.webui.keyword.builtin.VerifyElementVisibleKeyword.execute(VerifyElementVisibleKeyword.groovy:67)
	at com.kms.katalon.core.keyword.internal.KeywordExecutor.executeKeywordForPlatform(KeywordExecutor.groovy:74)
	at com.kms.katalon.core.webui.keyword.WebUiBuiltInKeywords.verifyElementVisible(WebUiBuiltInKeywords.groovy:376)
	at com.kms.katalon.core.webui.keyword.WebUiBuiltInKeywords$verifyElementVisible$8.call(Unknown Source)
	at NewLiability_PTENonElectingSCorp_UI_TC.run(NewLiability_PTENonElectingSCorp_UI_TC:112)
	at com.kms.katalon.core.main.ScriptEngine.run(ScriptEngine.java:194)
	at com.kms.katalon.core.main.ScriptEngine.runScriptAsRawText(ScriptEngine.java:119)
	at com.kms.katalon.core.main.TestCaseExecutor.runScript(TestCaseExecutor.java:448)
	at com.kms.katalon.core.main.TestCaseExecutor.doExecute(TestCaseExecutor.java:439)
	at com.kms.katalon.core.main.TestCaseExecutor.processExecutionPhase(TestCaseExecutor.java:418)
	at com.kms.katalon.core.main.TestCaseExecutor.accessMainPhase(TestCaseExecutor.java:410)
	at com.kms.katalon.core.main.TestCaseExecutor.execute(TestCaseExecutor.java:285)
	at com.kms.katalon.core.common.CommonExecutor.accessTestCaseMainPhase(CommonExecutor.java:65)
	at com.kms.katalon.core.main.TestSuiteExecutor.accessTestSuiteMainPhase(TestSuiteExecutor.java:148)
	at com.kms.katalon.core.main.TestSuiteExecutor.execute(TestSuiteExecutor.java:106)
	at com.kms.katalon.core.main.TestCaseMain.startTestSuite(TestCaseMain.java:187)
	at com.kms.katalon.core.main.TestCaseMain$startTestSuite$0.call(Unknown Source)
	at TempTestSuite1695765482532.run(TempTestSuite1695765482532.groovy:36)
Caused by: com.kms.katalon.core.exception.StepFailedException: Object 'Object Repository/RAD_Pages/TaxInfo_Page/input_FederalEIN-2' is NOT visible
	... 23 more]]></system-err>
      </testcase>
      <testcase name="Test Cases/RAD_TestCases/UI_TestCases/New Liability/NewLiability_PTETaxElectingNonSCorp_UI_TC" time="26.473" classname="Test Cases/RAD_TestCases/UI_TestCases/New Liability/NewLiability_PTETaxElectingNonSCorp_UI_TC" status="FAILED">
         <failure type="FAILED" message="Test Cases/RAD_TestCases/UI_TestCases/New Liability/NewLiability_PTETaxElectingNonSCorp_UI_TC FAILED.
Reason:
com.kms.katalon.core.exception.StepFailedException: Object 'Object Repository/RAD_Pages/TaxInfo_Page/input_FederalEIN-2' is NOT visible (Root cause: com.kms.katalon.core.exception.StepFailedException: Object 'Object Repository/RAD_Pages/TaxInfo_Page/input_FederalEIN-2' is NOT visible
	at com.kms.katalon.core.webui.keyword.internal.WebUIKeywordMain.stepFailed(WebUIKeywordMain.groovy:64)
	at com.kms.katalon.core.webui.keyword.builtin.VerifyElementVisibleKeyword$_verifyElementVisible_closure1.doCall(VerifyElementVisibleKeyword.groovy:83)
	at com.kms.katalon.core.webui.keyword.builtin.VerifyElementVisibleKeyword$_verifyElementVisible_closure1.call(VerifyElementVisibleKeyword.groovy)
	at com.kms.katalon.core.webui.keyword.internal.WebUIKeywordMain.runKeyword(WebUIKeywordMain.groovy:20)
	at com.kms.katalon.core.webui.keyword.builtin.VerifyElementVisibleKeyword.verifyElementVisible(VerifyElementVisibleKeyword.groovy:97)
	at com.kms.katalon.core.webui.keyword.builtin.VerifyElementVisibleKeyword.execute(VerifyElementVisibleKeyword.groovy:67)
	at com.kms.katalon.core.keyword.internal.KeywordExecutor.executeKeywordForPlatform(KeywordExecutor.groovy:74)
	at com.kms.katalon.core.webui.keyword.WebUiBuiltInKeywords.verifyElementVisible(WebUiBuiltInKeywords.groovy:376)
	at com.kms.katalon.core.webui.keyword.WebUiBuiltInKeywords$verifyElementVisible$8.call(Unknown Source)
	at NewLiability_PTETaxElectingNonSCorp_UI_TC.run(NewLiability_PTETaxElectingNonSCorp_UI_TC:112)
	at com.kms.katalon.core.main.ScriptEngine.run(ScriptEngine.java:194)
	at com.kms.katalon.core.main.ScriptEngine.runScriptAsRawText(ScriptEngine.java:119)
	at com.kms.katalon.core.main.TestCaseExecutor.runScript(TestCaseExecutor.java:448)
	at com.kms.katalon.core.main.TestCaseExecutor.doExecute(TestCaseExecutor.java:439)
	at com.kms.katalon.core.main.TestCaseExecutor.processExecutionPhase(TestCaseExecutor.java:418)
	at com.kms.katalon.core.main.TestCaseExecutor.accessMainPhase(TestCaseExecutor.java:410)
	at com.kms.katalon.core.main.TestCaseExecutor.execute(TestCaseExecutor.java:285)
	at com.kms.katalon.core.common.CommonExecutor.accessTestCaseMainPhase(CommonExecutor.java:65)
	at com.kms.katalon.core.main.TestSuiteExecutor.accessTestSuiteMainPhase(TestSuiteExecutor.java:148)
	at com.kms.katalon.core.main.TestSuiteExecutor.execute(TestSuiteExecutor.java:106)
	at com.kms.katalon.core.main.TestCaseMain.startTestSuite(TestCaseMain.java:187)
	at com.kms.katalon.core.main.TestCaseMain$startTestSuite$0.call(Unknown Source)
	at TempTestSuite1695765482532.run(TempTestSuite1695765482532.groovy:36)
)
	at com.kms.katalon.core.keyword.internal.KeywordMain.stepFailed(KeywordMain.groovy:39)
	at com.kms.katalon.core.webui.keyword.internal.WebUIKeywordMain.stepFailed(WebUIKeywordMain.groovy:64)
	at com.kms.katalon.core.webui.keyword.builtin.VerifyElementVisibleKeyword$_verifyElementVisible_closure1.doCall(VerifyElementVisibleKeyword.groovy:83)
	at com.kms.katalon.core.webui.keyword.builtin.VerifyElementVisibleKeyword$_verifyElementVisible_closure1.call(VerifyElementVisibleKeyword.groovy)
	at com.kms.katalon.core.webui.keyword.internal.WebUIKeywordMain.runKeyword(WebUIKeywordMain.groovy:20)
	at com.kms.katalon.core.webui.keyword.builtin.VerifyElementVisibleKeyword.verifyElementVisible(VerifyElementVisibleKeyword.groovy:97)
	at com.kms.katalon.core.webui.keyword.builtin.VerifyElementVisibleKeyword.execute(VerifyElementVisibleKeyword.groovy:67)
	at com.kms.katalon.core.keyword.internal.KeywordExecutor.executeKeywordForPlatform(KeywordExecutor.groovy:74)
	at com.kms.katalon.core.webui.keyword.WebUiBuiltInKeywords.verifyElementVisible(WebUiBuiltInKeywords.groovy:376)
	at com.kms.katalon.core.webui.keyword.WebUiBuiltInKeywords$verifyElementVisible$8.call(Unknown Source)
	at NewLiability_PTETaxElectingNonSCorp_UI_TC.run(NewLiability_PTETaxElectingNonSCorp_UI_TC:112)
	at com.kms.katalon.core.main.ScriptEngine.run(ScriptEngine.java:194)
	at com.kms.katalon.core.main.ScriptEngine.runScriptAsRawText(ScriptEngine.java:119)
	at com.kms.katalon.core.main.TestCaseExecutor.runScript(TestCaseExecutor.java:448)
	at com.kms.katalon.core.main.TestCaseExecutor.doExecute(TestCaseExecutor.java:439)
	at com.kms.katalon.core.main.TestCaseExecutor.processExecutionPhase(TestCaseExecutor.java:418)
	at com.kms.katalon.core.main.TestCaseExecutor.accessMainPhase(TestCaseExecutor.java:410)
	at com.kms.katalon.core.main.TestCaseExecutor.execute(TestCaseExecutor.java:285)
	at com.kms.katalon.core.common.CommonExecutor.accessTestCaseMainPhase(CommonExecutor.java:65)
	at com.kms.katalon.core.main.TestSuiteExecutor.accessTestSuiteMainPhase(TestSuiteExecutor.java:148)
	at com.kms.katalon.core.main.TestSuiteExecutor.execute(TestSuiteExecutor.java:106)
	at com.kms.katalon.core.main.TestCaseMain.startTestSuite(TestCaseMain.java:187)
	at com.kms.katalon.core.main.TestCaseMain$startTestSuite$0.call(Unknown Source)
	at TempTestSuite1695765482532.run(TempTestSuite1695765482532.groovy:36)
Caused by: com.kms.katalon.core.exception.StepFailedException: Object 'Object Repository/RAD_Pages/TaxInfo_Page/input_FederalEIN-2' is NOT visible
	... 23 more
"/>
         <system-out><![CDATA[2023-09-26 18:11:31 - [TEST_CASE][FAILED] - Test Cases/RAD_TestCases/UI_TestCases/New Liability/NewLiability_PTETaxElectingNonSCorp_UI_TC: Test Cases/RAD_TestCases/UI_TestCases/New Liability/NewLiability_PTETaxElectingNonSCorp_UI_TC FAILED.
Reason:
com.kms.katalon.core.exception.StepFailedException: Object 'Object Repository/RAD_Pages/TaxInfo_Page/input_FederalEIN-2' is NOT visible (Root cause: com.kms.katalon.core.exception.StepFailedException: Object 'Object Repository/RAD_Pages/TaxInfo_Page/input_FederalEIN-2' is NOT visible
	at com.kms.katalon.core.webui.keyword.internal.WebUIKeywordMain.stepFailed(WebUIKeywordMain.groovy:64)
	at com.kms.katalon.core.webui.keyword.builtin.VerifyElementVisibleKeyword$_verifyElementVisible_closure1.doCall(VerifyElementVisibleKeyword.groovy:83)
	at com.kms.katalon.core.webui.keyword.builtin.VerifyElementVisibleKeyword$_verifyElementVisible_closure1.call(VerifyElementVisibleKeyword.groovy)
	at com.kms.katalon.core.webui.keyword.internal.WebUIKeywordMain.runKeyword(WebUIKeywordMain.groovy:20)
	at com.kms.katalon.core.webui.keyword.builtin.VerifyElementVisibleKeyword.verifyElementVisible(VerifyElementVisibleKeyword.groovy:97)
	at com.kms.katalon.core.webui.keyword.builtin.VerifyElementVisibleKeyword.execute(VerifyElementVisibleKeyword.groovy:67)
	at com.kms.katalon.core.keyword.internal.KeywordExecutor.executeKeywordForPlatform(KeywordExecutor.groovy:74)
	at com.kms.katalon.core.webui.keyword.WebUiBuiltInKeywords.verifyElementVisible(WebUiBuiltInKeywords.groovy:376)
	at com.kms.katalon.core.webui.keyword.WebUiBuiltInKeywords$verifyElementVisible$8.call(Unknown Source)
	at NewLiability_PTETaxElectingNonSCorp_UI_TC.run(NewLiability_PTETaxElectingNonSCorp_UI_TC:112)
	at com.kms.katalon.core.main.ScriptEngine.run(ScriptEngine.java:194)
	at com.kms.katalon.core.main.ScriptEngine.runScriptAsRawText(ScriptEngine.java:119)
	at com.kms.katalon.core.main.TestCaseExecutor.runScript(TestCaseExecutor.java:448)
	at com.kms.katalon.core.main.TestCaseExecutor.doExecute(TestCaseExecutor.java:439)
	at com.kms.katalon.core.main.TestCaseExecutor.processExecutionPhase(TestCaseExecutor.java:418)
	at com.kms.katalon.core.main.TestCaseExecutor.accessMainPhase(TestCaseExecutor.java:410)
	at com.kms.katalon.core.main.TestCaseExecutor.execute(TestCaseExecutor.java:285)
	at com.kms.katalon.core.common.CommonExecutor.accessTestCaseMainPhase(CommonExecutor.java:65)
	at com.kms.katalon.core.main.TestSuiteExecutor.accessTestSuiteMainPhase(TestSuiteExecutor.java:148)
	at com.kms.katalon.core.main.TestSuiteExecutor.execute(TestSuiteExecutor.java:106)
	at com.kms.katalon.core.main.TestCaseMain.startTestSuite(TestCaseMain.java:187)
	at com.kms.katalon.core.main.TestCaseMain$startTestSuite$0.call(Unknown Source)
	at TempTestSuite1695765482532.run(TempTestSuite1695765482532.groovy:36)
)
	at com.kms.katalon.core.keyword.internal.KeywordMain.stepFailed(KeywordMain.groovy:39)
	at com.kms.katalon.core.webui.keyword.internal.WebUIKeywordMain.stepFailed(WebUIKeywordMain.groovy:64)
	at com.kms.katalon.core.webui.keyword.builtin.VerifyElementVisibleKeyword$_verifyElementVisible_closure1.doCall(VerifyElementVisibleKeyword.groovy:83)
	at com.kms.katalon.core.webui.keyword.builtin.VerifyElementVisibleKeyword$_verifyElementVisible_closure1.call(VerifyElementVisibleKeyword.groovy)
	at com.kms.katalon.core.webui.keyword.internal.WebUIKeywordMain.runKeyword(WebUIKeywordMain.groovy:20)
	at com.kms.katalon.core.webui.keyword.builtin.VerifyElementVisibleKeyword.verifyElementVisible(VerifyElementVisibleKeyword.groovy:97)
	at com.kms.katalon.core.webui.keyword.builtin.VerifyElementVisibleKeyword.execute(VerifyElementVisibleKeyword.groovy:67)
	at com.kms.katalon.core.keyword.internal.KeywordExecutor.executeKeywordForPlatform(KeywordExecutor.groovy:74)
	at com.kms.katalon.core.webui.keyword.WebUiBuiltInKeywords.verifyElementVisible(WebUiBuiltInKeywords.groovy:376)
	at com.kms.katalon.core.webui.keyword.WebUiBuiltInKeywords$verifyElementVisible$8.call(Unknown Source)
	at NewLiability_PTETaxElectingNonSCorp_UI_TC.run(NewLiability_PTETaxElectingNonSCorp_UI_TC:112)
	at com.kms.katalon.core.main.ScriptEngine.run(ScriptEngine.java:194)
	at com.kms.katalon.core.main.ScriptEngine.runScriptAsRawText(ScriptEngine.java:119)
	at com.kms.katalon.core.main.TestCaseExecutor.runScript(TestCaseExecutor.java:448)
	at com.kms.katalon.core.main.TestCaseExecutor.doExecute(TestCaseExecutor.java:439)
	at com.kms.katalon.core.main.TestCaseExecutor.processExecutionPhase(TestCaseExecutor.java:418)
	at com.kms.katalon.core.main.TestCaseExecutor.accessMainPhase(TestCaseExecutor.java:410)
	at com.kms.katalon.core.main.TestCaseExecutor.execute(TestCaseExecutor.java:285)
	at com.kms.katalon.core.common.CommonExecutor.accessTestCaseMainPhase(CommonExecutor.java:65)
	at com.kms.katalon.core.main.TestSuiteExecutor.accessTestSuiteMainPhase(TestSuiteExecutor.java:148)
	at com.kms.katalon.core.main.TestSuiteExecutor.execute(TestSuiteExecutor.java:106)
	at com.kms.katalon.core.main.TestCaseMain.startTestSuite(TestCaseMain.java:187)
	at com.kms.katalon.core.main.TestCaseMain$startTestSuite$0.call(Unknown Source)
	at TempTestSuite1695765482532.run(TempTestSuite1695765482532.groovy:36)
Caused by: com.kms.katalon.core.exception.StepFailedException: Object 'Object Repository/RAD_Pages/TaxInfo_Page/input_FederalEIN-2' is NOT visible
	... 23 more


2023-09-26 18:11:32 - [TEST_STEP][PASSED] - openBrowser(""): Browser is opened with url: ''

2023-09-26 18:11:32 - [MESSAGE][WARNING] - A browser is already opened. Closing browser and opening a new one

2023-09-26 18:11:32 - [MESSAGE][INFO] - Starting 'Chrome' driver

2023-09-26 18:11:32 - [MESSAGE][INFO] - User set preference: ['acceptInsecureCerts', 'true']

2023-09-26 18:11:32 - [MESSAGE][INFO] - Action delay is set to 0 milliseconds

2023-09-26 18:11:34 - [MESSAGE][PASSED] - Browser is opened with url: ''

2023-09-26 18:11:34 - [TEST_STEP][PASSED] - maximizeWindow(): Current window maximized

2023-09-26 18:11:34 - [MESSAGE][PASSED] - Current window maximized

2023-09-26 18:11:34 - [TEST_STEP][PASSED] - navigateToUrl(RADurl): Navigate to 'https://qa2.velocitypayment.com/client/rad/index.html' successfully

2023-09-26 18:11:36 - [MESSAGE][PASSED] - Navigate to 'https://qa2.velocitypayment.com/client/rad/index.html' successfully

2023-09-26 18:11:36 - [TEST_STEP][PASSED] - orPath_Landing = "Object Repository/RAD_Pages/Landing_Page": null

2023-09-26 18:11:36 - [TEST_STEP][PASSED] - orPath_TaxTypeFilingYear = "Object Repository/RAD_Pages/TaxTypeFilingYear_Page": null

2023-09-26 18:11:36 - [TEST_STEP][PASSED] - orPath_TaxPayer = "Object Repository/RAD_Pages/Taxpayer_Page": null

2023-09-26 18:11:36 - [TEST_STEP][PASSED] - orPath_AddressContact = "Object Repository/RAD_Pages/AddressAndContactInfo_Page": null

2023-09-26 18:11:36 - [TEST_STEP][PASSED] - orPath_FilingStatus = "Object Repository/RAD_Pages/FilingStatus_Page": null

2023-09-26 18:11:36 - [TEST_STEP][PASSED] - orPath_Amount = "Object Repository/RAD_Pages/PaymentAmount_Page": null

2023-09-26 18:11:36 - [TEST_STEP][PASSED] - orPath_TaxInfo = "Object Repository/RAD_Pages/TaxInfo_Page": null

2023-09-26 18:11:36 - [TEST_STEP][PASSED] - selectOptionByLabel(findTestObject(orPath_Landing + "/dd_TaxType"), "New Tax Return Amount Due", false): All options with label 'New Tax Return Amount Due' are selected in object 'Object Repository/RAD_Pages/Landing_Page/dd_TaxType' 

2023-09-26 18:11:36 - [MESSAGE][PASSED] - All options with label 'New Tax Return Amount Due' are selected in object 'Object Repository/RAD_Pages/Landing_Page/dd_TaxType' 

2023-09-26 18:11:36 - [TEST_STEP][PASSED] - selectOptionByLabel(findTestObject("Object Repository/RAD_Pages/Landing_Page/select_NewTaxReturnAmountDue_TaxType"), "PTE Tax Electing Non-S Corp", false): All options with label 'PTE Tax Electing Non-S Corp' are selected in object 'Object Repository/RAD_Pages/Landing_Page/select_NewTaxReturnAmountDue_TaxType' 

2023-09-26 18:11:37 - [MESSAGE][PASSED] - All options with label 'PTE Tax Electing Non-S Corp' are selected in object 'Object Repository/RAD_Pages/Landing_Page/select_NewTaxReturnAmountDue_TaxType' 

2023-09-26 18:11:37 - [TEST_STEP][PASSED] - verifyElementPresent(findTestObject(orPath_TaxTypeFilingYear + "/select_FilingYear"), 30): Object 'Object Repository/RAD_Pages/TaxTypeFilingYear_Page/select_FilingYear' is present

2023-09-26 18:11:38 - [MESSAGE][PASSED] - Object 'Object Repository/RAD_Pages/TaxTypeFilingYear_Page/select_FilingYear' is present

2023-09-26 18:11:38 - [TEST_STEP][PASSED] - verifyElementVisible(findTestObject(orPath_TaxTypeFilingYear + "/select_FilingYear")): Object 'Object Repository/RAD_Pages/TaxTypeFilingYear_Page/select_FilingYear' is visible

2023-09-26 18:11:38 - [MESSAGE][PASSED] - Object 'Object Repository/RAD_Pages/TaxTypeFilingYear_Page/select_FilingYear' is visible

2023-09-26 18:11:38 - [TEST_STEP][PASSED] - totalOptionsFilingYear = getNumberOfTotalOption(findTestObject(orPath_TaxTypeFilingYear + "/select_FilingYear")): 4 options of object 'Object Repository/RAD_Pages/TaxTypeFilingYear_Page/select_FilingYear' counted

2023-09-26 18:11:39 - [MESSAGE][PASSED] - 4 options of object 'Object Repository/RAD_Pages/TaxTypeFilingYear_Page/select_FilingYear' counted

2023-09-26 18:11:39 - [TEST_STEP][PASSED] - verifyEqual(totalOptionsFilingYear, 4): Actual object '4' and expected object '4' are equal

2023-09-26 18:11:39 - [MESSAGE][PASSED] - Actual object '4' and expected object '4' are equal

2023-09-26 18:11:39 - [TEST_STEP][PASSED] - verifyOptionsPresent(findTestObject(orPath_TaxTypeFilingYear + "/select_FilingYear"), ["2022", "2021", "2020"]): Options [2022, 2021, 2020] present.

2023-09-26 18:11:39 - [MESSAGE][PASSED] - Options [2022, 2021, 2020] present.

2023-09-26 18:11:39 - [TEST_STEP][PASSED] - verifyElementNotVisible(findTestObject(orPath_TaxTypeFilingYear + "/select_PeriodEnding")): Object 'Object Repository/RAD_Pages/TaxTypeFilingYear_Page/select_PeriodEnding' is NOT visible

2023-09-26 18:11:40 - [MESSAGE][PASSED] - Object 'Object Repository/RAD_Pages/TaxTypeFilingYear_Page/select_PeriodEnding' is NOT visible

2023-09-26 18:11:40 - [TEST_STEP][PASSED] - verifyTextPresent("Taxpayer", true): Text 'Taxpayer' is present on page  using regular expression

2023-09-26 18:11:40 - [MESSAGE][PASSED] - Text 'Taxpayer' is present on page  using regular expression

2023-09-26 18:11:40 - [TEST_STEP][PASSED] - verifyTextPresent("Provide the following taxpayer information", true): Text 'Provide the following taxpayer information' is present on page  using regular expression

2023-09-26 18:11:40 - [MESSAGE][PASSED] - Text 'Provide the following taxpayer information' is present on page  using regular expression

2023-09-26 18:11:40 - [TEST_STEP][PASSED] - verifyTextPresent("Note: If you are paying on behalf of the Taxpayer, enter Taxpayer", true): Text 'Note: If you are paying on behalf of the Taxpayer, enter Taxpayer' is present on page  using regular expression

2023-09-26 18:11:41 - [MESSAGE][PASSED] - Text 'Note: If you are paying on behalf of the Taxpayer, enter Taxpayer' is present on page  using regular expression

2023-09-26 18:11:41 - [TEST_STEP][PASSED] - verifyTextPresent("information here. If you are making a payment for the Taxpayer, you will be required later to enter your own credit card, billing address and other pertinent information", true): Text 'information here. If you are making a payment for the Taxpayer, you will be required later to enter your own credit card, billing address and other pertinent information' is present on page  using regular expression

2023-09-26 18:11:41 - [MESSAGE][PASSED] - Text 'information here. If you are making a payment for the Taxpayer, you will be required later to enter your own credit card, billing address and other pertinent information' is present on page  using regular expression

2023-09-26 18:11:41 - [TEST_STEP][PASSED] - verifyElementVisible(findTestObject(orPath_TaxPayer + "/input_Note_businessName")): Object 'Object Repository/RAD_Pages/Taxpayer_Page/input_Note_businessName' is visible

2023-09-26 18:11:42 - [MESSAGE][PASSED] - Object 'Object Repository/RAD_Pages/Taxpayer_Page/input_Note_businessName' is visible

2023-09-26 18:11:42 - [TEST_STEP][PASSED] - verifyElementVisible(findTestObject(orPath_TaxPayer + "/input_BusinessRepfirstName")): Object 'Object Repository/RAD_Pages/Taxpayer_Page/input_BusinessRepfirstName' is visible

2023-09-26 18:11:42 - [MESSAGE][PASSED] - Object 'Object Repository/RAD_Pages/Taxpayer_Page/input_BusinessRepfirstName' is visible

2023-09-26 18:11:42 - [TEST_STEP][PASSED] - verifyElementVisible(findTestObject(orPath_TaxPayer + "/input_BusinessRepmiddleName")): Object 'Object Repository/RAD_Pages/Taxpayer_Page/input_BusinessRepmiddleName' is visible

2023-09-26 18:11:42 - [MESSAGE][PASSED] - Object 'Object Repository/RAD_Pages/Taxpayer_Page/input_BusinessRepmiddleName' is visible

2023-09-26 18:11:42 - [TEST_STEP][PASSED] - verifyElementVisible(findTestObject(orPath_TaxPayer + "/input_BusinessReplastName")): Object 'Object Repository/RAD_Pages/Taxpayer_Page/input_BusinessReplastName' is visible

2023-09-26 18:11:43 - [MESSAGE][PASSED] - Object 'Object Repository/RAD_Pages/Taxpayer_Page/input_BusinessReplastName' is visible

2023-09-26 18:11:43 - [TEST_STEP][PASSED] - verifyElementVisible(findTestObject(orPath_TaxPayer + "/input_BusinessRepsuffix")): Object 'Object Repository/RAD_Pages/Taxpayer_Page/input_BusinessRepsuffix' is visible

2023-09-26 18:11:43 - [MESSAGE][PASSED] - Object 'Object Repository/RAD_Pages/Taxpayer_Page/input_BusinessRepsuffix' is visible

2023-09-26 18:11:43 - [TEST_STEP][PASSED] - verifyElementNotVisible(findTestObject(orPath_TaxPayer + "/input_firstName")): Object 'Object Repository/RAD_Pages/Taxpayer_Page/input_firstName' is NOT visible

2023-09-26 18:11:43 - [MESSAGE][PASSED] - Object 'Object Repository/RAD_Pages/Taxpayer_Page/input_firstName' is NOT visible

2023-09-26 18:11:43 - [TEST_STEP][PASSED] - verifyElementNotVisible(findTestObject(orPath_TaxPayer + "/input_middleName")): Object 'Object Repository/RAD_Pages/Taxpayer_Page/input_middleName' is NOT visible

2023-09-26 18:11:44 - [MESSAGE][PASSED] - Object 'Object Repository/RAD_Pages/Taxpayer_Page/input_middleName' is NOT visible

2023-09-26 18:11:44 - [TEST_STEP][PASSED] - verifyElementNotVisible(findTestObject(orPath_TaxPayer + "/input_lastName")): Object 'Object Repository/RAD_Pages/Taxpayer_Page/input_lastName' is NOT visible

2023-09-26 18:11:44 - [MESSAGE][PASSED] - Object 'Object Repository/RAD_Pages/Taxpayer_Page/input_lastName' is NOT visible

2023-09-26 18:11:44 - [TEST_STEP][PASSED] - verifyElementNotVisible(findTestObject(orPath_TaxPayer + "/input_suffix")): Object 'Object Repository/RAD_Pages/Taxpayer_Page/input_suffix' is NOT visible

2023-09-26 18:11:44 - [MESSAGE][PASSED] - Object 'Object Repository/RAD_Pages/Taxpayer_Page/input_suffix' is NOT visible

2023-09-26 18:11:44 - [TEST_STEP][PASSED] - verifyElementNotVisible(findTestObject("RAD_RecordAndPlay/input_concatSSN")): Object 'Object Repository/RAD_RecordAndPlay/input_concatSSN' is NOT visible

2023-09-26 18:11:45 - [MESSAGE][PASSED] - Object 'Object Repository/RAD_RecordAndPlay/input_concatSSN' is NOT visible

2023-09-26 18:11:45 - [TEST_STEP][PASSED] - verifyElementNotVisible(findTestObject("RAD_RecordAndPlay/input_concatReSSN")): Object 'Object Repository/RAD_RecordAndPlay/input_concatReSSN' is NOT visible

2023-09-26 18:11:45 - [MESSAGE][PASSED] - Object 'Object Repository/RAD_RecordAndPlay/input_concatReSSN' is NOT visible

2023-09-26 18:11:45 - [TEST_STEP][PASSED] - verifyTextPresent("Address and Contact Information", true): Text 'Address and Contact Information' is present on page  using regular expression

2023-09-26 18:11:46 - [MESSAGE][PASSED] - Text 'Address and Contact Information' is present on page  using regular expression

2023-09-26 18:11:46 - [TEST_STEP][PASSED] - verifyTextPresent("Enter the taxpayer", true): Text 'Enter the taxpayer' is present on page  using regular expression

2023-09-26 18:11:46 - [MESSAGE][PASSED] - Text 'Enter the taxpayer' is present on page  using regular expression

2023-09-26 18:11:46 - [TEST_STEP][PASSED] - verifyTextPresent("address and contact information", true): Text 'address and contact information' is present on page  using regular expression

2023-09-26 18:11:47 - [MESSAGE][PASSED] - Text 'address and contact information' is present on page  using regular expression

2023-09-26 18:11:47 - [TEST_STEP][PASSED] - verifyElementPresent(findTestObject(orPath_AddressContact + "/select_Country"), 30): Object 'Object Repository/RAD_Pages/AddressAndContactInfo_Page/select_Country' is present

2023-09-26 18:11:47 - [MESSAGE][PASSED] - Object 'Object Repository/RAD_Pages/AddressAndContactInfo_Page/select_Country' is present

2023-09-26 18:11:47 - [TEST_STEP][PASSED] - verifyElementPresent(findTestObject(orPath_AddressContact + "/input_streetAddress1"), 30): Object 'Object Repository/RAD_Pages/AddressAndContactInfo_Page/input_streetAddress1' is present

2023-09-26 18:11:47 - [MESSAGE][PASSED] - Object 'Object Repository/RAD_Pages/AddressAndContactInfo_Page/input_streetAddress1' is present

2023-09-26 18:11:47 - [TEST_STEP][PASSED] - verifyElementPresent(findTestObject(orPath_AddressContact + "/input_streetAddress2"), 30): Object 'Object Repository/RAD_Pages/AddressAndContactInfo_Page/input_streetAddress2' is present

2023-09-26 18:11:48 - [MESSAGE][PASSED] - Object 'Object Repository/RAD_Pages/AddressAndContactInfo_Page/input_streetAddress2' is present

2023-09-26 18:11:48 - [TEST_STEP][PASSED] - verifyElementPresent(findTestObject(orPath_AddressContact + "/input_city"), 30): Object 'Object Repository/RAD_Pages/AddressAndContactInfo_Page/input_city' is present

2023-09-26 18:11:48 - [MESSAGE][PASSED] - Object 'Object Repository/RAD_Pages/AddressAndContactInfo_Page/input_city' is present

2023-09-26 18:11:48 - [TEST_STEP][PASSED] - verifyElementPresent(findTestObject(orPath_AddressContact + "/select_State"), 30): Object 'Object Repository/RAD_Pages/AddressAndContactInfo_Page/select_State' is present

2023-09-26 18:11:48 - [MESSAGE][PASSED] - Object 'Object Repository/RAD_Pages/AddressAndContactInfo_Page/select_State' is present

2023-09-26 18:11:48 - [TEST_STEP][PASSED] - verifyElementPresent(findTestObject(orPath_AddressContact + "/input_zipCode"), 30): Object 'Object Repository/RAD_Pages/AddressAndContactInfo_Page/input_zipCode' is present

2023-09-26 18:11:49 - [MESSAGE][PASSED] - Object 'Object Repository/RAD_Pages/AddressAndContactInfo_Page/input_zipCode' is present

2023-09-26 18:11:49 - [TEST_STEP][PASSED] - verifyElementPresent(findTestObject(orPath_AddressContact + "/input_phoneNumber"), 30): Object 'Object Repository/RAD_Pages/AddressAndContactInfo_Page/input_phoneNumber' is present

2023-09-26 18:11:49 - [MESSAGE][PASSED] - Object 'Object Repository/RAD_Pages/AddressAndContactInfo_Page/input_phoneNumber' is present

2023-09-26 18:11:49 - [TEST_STEP][PASSED] - verifyElementPresent(findTestObject(orPath_AddressContact + "/input_eMailAddress"), 30): Object 'Object Repository/RAD_Pages/AddressAndContactInfo_Page/input_eMailAddress' is present

2023-09-26 18:11:49 - [MESSAGE][PASSED] - Object 'Object Repository/RAD_Pages/AddressAndContactInfo_Page/input_eMailAddress' is present

2023-09-26 18:11:49 - [TEST_STEP][PASSED] - verifyElementPresent(findTestObject(orPath_AddressContact + "/input_reEnterEMailAddress"), 30): Object 'Object Repository/RAD_Pages/AddressAndContactInfo_Page/input_reEnterEMailAddress' is present

2023-09-26 18:11:50 - [MESSAGE][PASSED] - Object 'Object Repository/RAD_Pages/AddressAndContactInfo_Page/input_reEnterEMailAddress' is present

2023-09-26 18:11:50 - [TEST_STEP][PASSED] - verifyOptionsPresent(findTestObject(orPath_AddressContact + "/select_Country"), ["United States"]): Options [United States] present.

2023-09-26 18:11:50 - [MESSAGE][PASSED] - Options [United States] present.

2023-09-26 18:11:50 - [TEST_STEP][PASSED] - verifyOptionsPresent(findTestObject(orPath_AddressContact + "/select_State"), ["Alabama", "District of Columbia", "Maryland", "Virginia", "Wyoming"]): Options [Alabama, District of Columbia, Maryland, Virginia, Wyoming] present.

2023-09-26 18:11:51 - [MESSAGE][PASSED] - Options [Alabama, District of Columbia, Maryland, Virginia, Wyoming] present.

2023-09-26 18:11:51 - [TEST_STEP][PASSED] - totalOptionsState = getNumberOfTotalOption(findTestObject(orPath_AddressContact + "/select_State")): 52 options of object 'Object Repository/RAD_Pages/AddressAndContactInfo_Page/select_State' counted

2023-09-26 18:11:52 - [MESSAGE][PASSED] - 52 options of object 'Object Repository/RAD_Pages/AddressAndContactInfo_Page/select_State' counted

2023-09-26 18:11:52 - [TEST_STEP][PASSED] - verifyEqual(totalOptionsState, 52): Actual object '52' and expected object '52' are equal

2023-09-26 18:11:52 - [MESSAGE][PASSED] - Actual object '52' and expected object '52' are equal

2023-09-26 18:11:52 - [TEST_STEP][PASSED] - verifyTextPresent("Tax Information", true): Text 'Tax Information' is present on page  using regular expression

2023-09-26 18:11:52 - [MESSAGE][PASSED] - Text 'Tax Information' is present on page  using regular expression

2023-09-26 18:11:52 - [TEST_STEP][FAILED] - verifyElementVisible(findTestObject(orPath_TaxInfo + "/input_FederalEIN-2")): Object 'Object Repository/RAD_Pages/TaxInfo_Page/input_FederalEIN-2' is NOT visible (Root cause: com.kms.katalon.core.exception.StepFailedException: Object 'Object Repository/RAD_Pages/TaxInfo_Page/input_FederalEIN-2' is NOT visible
	at com.kms.katalon.core.webui.keyword.internal.WebUIKeywordMain.stepFailed(WebUIKeywordMain.groovy:64)
	at com.kms.katalon.core.webui.keyword.builtin.VerifyElementVisibleKeyword$_verifyElementVisible_closure1.doCall(VerifyElementVisibleKeyword.groovy:83)
	at com.kms.katalon.core.webui.keyword.builtin.VerifyElementVisibleKeyword$_verifyElementVisible_closure1.call(VerifyElementVisibleKeyword.groovy)
	at com.kms.katalon.core.webui.keyword.internal.WebUIKeywordMain.runKeyword(WebUIKeywordMain.groovy:20)
	at com.kms.katalon.core.webui.keyword.builtin.VerifyElementVisibleKeyword.verifyElementVisible(VerifyElementVisibleKeyword.groovy:97)
	at com.kms.katalon.core.webui.keyword.builtin.VerifyElementVisibleKeyword.execute(VerifyElementVisibleKeyword.groovy:67)
	at com.kms.katalon.core.keyword.internal.KeywordExecutor.executeKeywordForPlatform(KeywordExecutor.groovy:74)
	at com.kms.katalon.core.webui.keyword.WebUiBuiltInKeywords.verifyElementVisible(WebUiBuiltInKeywords.groovy:376)
	at com.kms.katalon.core.webui.keyword.WebUiBuiltInKeywords$verifyElementVisible$8.call(Unknown Source)
	at NewLiability_PTETaxElectingNonSCorp_UI_TC.run(NewLiability_PTETaxElectingNonSCorp_UI_TC:112)
	at com.kms.katalon.core.main.ScriptEngine.run(ScriptEngine.java:194)
	at com.kms.katalon.core.main.ScriptEngine.runScriptAsRawText(ScriptEngine.java:119)
	at com.kms.katalon.core.main.TestCaseExecutor.runScript(TestCaseExecutor.java:448)
	at com.kms.katalon.core.main.TestCaseExecutor.doExecute(TestCaseExecutor.java:439)
	at com.kms.katalon.core.main.TestCaseExecutor.processExecutionPhase(TestCaseExecutor.java:418)
	at com.kms.katalon.core.main.TestCaseExecutor.accessMainPhase(TestCaseExecutor.java:410)
	at com.kms.katalon.core.main.TestCaseExecutor.execute(TestCaseExecutor.java:285)
	at com.kms.katalon.core.common.CommonExecutor.accessTestCaseMainPhase(CommonExecutor.java:65)
	at com.kms.katalon.core.main.TestSuiteExecutor.accessTestSuiteMainPhase(TestSuiteExecutor.java:148)
	at com.kms.katalon.core.main.TestSuiteExecutor.execute(TestSuiteExecutor.java:106)
	at com.kms.katalon.core.main.TestCaseMain.startTestSuite(TestCaseMain.java:187)
	at com.kms.katalon.core.main.TestCaseMain$startTestSuite$0.call(Unknown Source)
	at TempTestSuite1695765482532.run(TempTestSuite1695765482532.groovy:36)
)

2023-09-26 18:11:53 - [MESSAGE][FAILED] - Object 'Object Repository/RAD_Pages/TaxInfo_Page/input_FederalEIN-2' is NOT visible (Root cause: com.kms.katalon.core.exception.StepFailedException: Object 'Object Repository/RAD_Pages/TaxInfo_Page/input_FederalEIN-2' is NOT visible
	at com.kms.katalon.core.webui.keyword.internal.WebUIKeywordMain.stepFailed(WebUIKeywordMain.groovy:64)
	at com.kms.katalon.core.webui.keyword.builtin.VerifyElementVisibleKeyword$_verifyElementVisible_closure1.doCall(VerifyElementVisibleKeyword.groovy:83)
	at com.kms.katalon.core.webui.keyword.builtin.VerifyElementVisibleKeyword$_verifyElementVisible_closure1.call(VerifyElementVisibleKeyword.groovy)
	at com.kms.katalon.core.webui.keyword.internal.WebUIKeywordMain.runKeyword(WebUIKeywordMain.groovy:20)
	at com.kms.katalon.core.webui.keyword.builtin.VerifyElementVisibleKeyword.verifyElementVisible(VerifyElementVisibleKeyword.groovy:97)
	at com.kms.katalon.core.webui.keyword.builtin.VerifyElementVisibleKeyword.execute(VerifyElementVisibleKeyword.groovy:67)
	at com.kms.katalon.core.keyword.internal.KeywordExecutor.executeKeywordForPlatform(KeywordExecutor.groovy:74)
	at com.kms.katalon.core.webui.keyword.WebUiBuiltInKeywords.verifyElementVisible(WebUiBuiltInKeywords.groovy:376)
	at com.kms.katalon.core.webui.keyword.WebUiBuiltInKeywords$verifyElementVisible$8.call(Unknown Source)
	at NewLiability_PTETaxElectingNonSCorp_UI_TC.run(NewLiability_PTETaxElectingNonSCorp_UI_TC:112)
	at com.kms.katalon.core.main.ScriptEngine.run(ScriptEngine.java:194)
	at com.kms.katalon.core.main.ScriptEngine.runScriptAsRawText(ScriptEngine.java:119)
	at com.kms.katalon.core.main.TestCaseExecutor.runScript(TestCaseExecutor.java:448)
	at com.kms.katalon.core.main.TestCaseExecutor.doExecute(TestCaseExecutor.java:439)
	at com.kms.katalon.core.main.TestCaseExecutor.processExecutionPhase(TestCaseExecutor.java:418)
	at com.kms.katalon.core.main.TestCaseExecutor.accessMainPhase(TestCaseExecutor.java:410)
	at com.kms.katalon.core.main.TestCaseExecutor.execute(TestCaseExecutor.java:285)
	at com.kms.katalon.core.common.CommonExecutor.accessTestCaseMainPhase(CommonExecutor.java:65)
	at com.kms.katalon.core.main.TestSuiteExecutor.accessTestSuiteMainPhase(TestSuiteExecutor.java:148)
	at com.kms.katalon.core.main.TestSuiteExecutor.execute(TestSuiteExecutor.java:106)
	at com.kms.katalon.core.main.TestCaseMain.startTestSuite(TestCaseMain.java:187)
	at com.kms.katalon.core.main.TestCaseMain$startTestSuite$0.call(Unknown Source)
	at TempTestSuite1695765482532.run(TempTestSuite1695765482532.groovy:36)
)
[[ATTACHMENT|E:\\Cloned-Project-Katalon\\VPS-Katalon\\Reports\\20230926_175802\\RAD_TestSuite\\RAD_UI_TestSuite\\20230926_175802\\1695766313294.png]]

2023-09-26 18:11:53 - [TEST_STEP][FAILED] - verifyElementVisible(findTestObject(orPath_TaxInfo + "/input_FederalEIN_ReEnter-2")): Object 'Object Repository/RAD_Pages/TaxInfo_Page/input_FederalEIN_ReEnter-2' is NOT visible (Root cause: com.kms.katalon.core.exception.StepFailedException: Object 'Object Repository/RAD_Pages/TaxInfo_Page/input_FederalEIN_ReEnter-2' is NOT visible
	at com.kms.katalon.core.webui.keyword.internal.WebUIKeywordMain.stepFailed(WebUIKeywordMain.groovy:64)
	at com.kms.katalon.core.webui.keyword.builtin.VerifyElementVisibleKeyword$_verifyElementVisible_closure1.doCall(VerifyElementVisibleKeyword.groovy:83)
	at com.kms.katalon.core.webui.keyword.builtin.VerifyElementVisibleKeyword$_verifyElementVisible_closure1.call(VerifyElementVisibleKeyword.groovy)
	at com.kms.katalon.core.webui.keyword.internal.WebUIKeywordMain.runKeyword(WebUIKeywordMain.groovy:20)
	at com.kms.katalon.core.webui.keyword.builtin.VerifyElementVisibleKeyword.verifyElementVisible(VerifyElementVisibleKeyword.groovy:97)
	at com.kms.katalon.core.webui.keyword.builtin.VerifyElementVisibleKeyword.execute(VerifyElementVisibleKeyword.groovy:67)
	at com.kms.katalon.core.keyword.internal.KeywordExecutor.executeKeywordForPlatform(KeywordExecutor.groovy:74)
	at com.kms.katalon.core.webui.keyword.WebUiBuiltInKeywords.verifyElementVisible(WebUiBuiltInKeywords.groovy:376)
	at com.kms.katalon.core.webui.keyword.WebUiBuiltInKeywords$verifyElementVisible$8.call(Unknown Source)
	at NewLiability_PTETaxElectingNonSCorp_UI_TC.run(NewLiability_PTETaxElectingNonSCorp_UI_TC:113)
	at com.kms.katalon.core.main.ScriptEngine.run(ScriptEngine.java:194)
	at com.kms.katalon.core.main.ScriptEngine.runScriptAsRawText(ScriptEngine.java:119)
	at com.kms.katalon.core.main.TestCaseExecutor.runScript(TestCaseExecutor.java:448)
	at com.kms.katalon.core.main.TestCaseExecutor.doExecute(TestCaseExecutor.java:439)
	at com.kms.katalon.core.main.TestCaseExecutor.processExecutionPhase(TestCaseExecutor.java:418)
	at com.kms.katalon.core.main.TestCaseExecutor.accessMainPhase(TestCaseExecutor.java:410)
	at com.kms.katalon.core.main.TestCaseExecutor.execute(TestCaseExecutor.java:285)
	at com.kms.katalon.core.common.CommonExecutor.accessTestCaseMainPhase(CommonExecutor.java:65)
	at com.kms.katalon.core.main.TestSuiteExecutor.accessTestSuiteMainPhase(TestSuiteExecutor.java:148)
	at com.kms.katalon.core.main.TestSuiteExecutor.execute(TestSuiteExecutor.java:106)
	at com.kms.katalon.core.main.TestCaseMain.startTestSuite(TestCaseMain.java:187)
	at com.kms.katalon.core.main.TestCaseMain$startTestSuite$0.call(Unknown Source)
	at TempTestSuite1695765482532.run(TempTestSuite1695765482532.groovy:36)
)

2023-09-26 18:11:54 - [MESSAGE][FAILED] - Object 'Object Repository/RAD_Pages/TaxInfo_Page/input_FederalEIN_ReEnter-2' is NOT visible (Root cause: com.kms.katalon.core.exception.StepFailedException: Object 'Object Repository/RAD_Pages/TaxInfo_Page/input_FederalEIN_ReEnter-2' is NOT visible
	at com.kms.katalon.core.webui.keyword.internal.WebUIKeywordMain.stepFailed(WebUIKeywordMain.groovy:64)
	at com.kms.katalon.core.webui.keyword.builtin.VerifyElementVisibleKeyword$_verifyElementVisible_closure1.doCall(VerifyElementVisibleKeyword.groovy:83)
	at com.kms.katalon.core.webui.keyword.builtin.VerifyElementVisibleKeyword$_verifyElementVisible_closure1.call(VerifyElementVisibleKeyword.groovy)
	at com.kms.katalon.core.webui.keyword.internal.WebUIKeywordMain.runKeyword(WebUIKeywordMain.groovy:20)
	at com.kms.katalon.core.webui.keyword.builtin.VerifyElementVisibleKeyword.verifyElementVisible(VerifyElementVisibleKeyword.groovy:97)
	at com.kms.katalon.core.webui.keyword.builtin.VerifyElementVisibleKeyword.execute(VerifyElementVisibleKeyword.groovy:67)
	at com.kms.katalon.core.keyword.internal.KeywordExecutor.executeKeywordForPlatform(KeywordExecutor.groovy:74)
	at com.kms.katalon.core.webui.keyword.WebUiBuiltInKeywords.verifyElementVisible(WebUiBuiltInKeywords.groovy:376)
	at com.kms.katalon.core.webui.keyword.WebUiBuiltInKeywords$verifyElementVisible$8.call(Unknown Source)
	at NewLiability_PTETaxElectingNonSCorp_UI_TC.run(NewLiability_PTETaxElectingNonSCorp_UI_TC:113)
	at com.kms.katalon.core.main.ScriptEngine.run(ScriptEngine.java:194)
	at com.kms.katalon.core.main.ScriptEngine.runScriptAsRawText(ScriptEngine.java:119)
	at com.kms.katalon.core.main.TestCaseExecutor.runScript(TestCaseExecutor.java:448)
	at com.kms.katalon.core.main.TestCaseExecutor.doExecute(TestCaseExecutor.java:439)
	at com.kms.katalon.core.main.TestCaseExecutor.processExecutionPhase(TestCaseExecutor.java:418)
	at com.kms.katalon.core.main.TestCaseExecutor.accessMainPhase(TestCaseExecutor.java:410)
	at com.kms.katalon.core.main.TestCaseExecutor.execute(TestCaseExecutor.java:285)
	at com.kms.katalon.core.common.CommonExecutor.accessTestCaseMainPhase(CommonExecutor.java:65)
	at com.kms.katalon.core.main.TestSuiteExecutor.accessTestSuiteMainPhase(TestSuiteExecutor.java:148)
	at com.kms.katalon.core.main.TestSuiteExecutor.execute(TestSuiteExecutor.java:106)
	at com.kms.katalon.core.main.TestCaseMain.startTestSuite(TestCaseMain.java:187)
	at com.kms.katalon.core.main.TestCaseMain$startTestSuite$0.call(Unknown Source)
	at TempTestSuite1695765482532.run(TempTestSuite1695765482532.groovy:36)
)
[[ATTACHMENT|E:\\Cloned-Project-Katalon\\VPS-Katalon\\Reports\\20230926_175802\\RAD_TestSuite\\RAD_UI_TestSuite\\20230926_175802\\1695766314012.png]]

2023-09-26 18:11:54 - [TEST_STEP][PASSED] - verifyElementNotVisible(findTestObject(orPath_TaxInfo + "/input_NoticeInvoiceNumber")): Object 'Object Repository/RAD_Pages/TaxInfo_Page/input_NoticeInvoiceNumber' is NOT visible

2023-09-26 18:11:54 - [MESSAGE][PASSED] - Object 'Object Repository/RAD_Pages/TaxInfo_Page/input_NoticeInvoiceNumber' is NOT visible

2023-09-26 18:11:54 - [TEST_STEP][PASSED] - verifyElementNotVisible(findTestObject(orPath_TaxInfo + "/input_reTypeNoticeInvoiceNumber")): Object 'Object Repository/RAD_Pages/TaxInfo_Page/input_reTypeNoticeInvoiceNumber' is NOT visible

2023-09-26 18:11:54 - [MESSAGE][PASSED] - Object 'Object Repository/RAD_Pages/TaxInfo_Page/input_reTypeNoticeInvoiceNumber' is NOT visible

2023-09-26 18:11:54 - [TEST_STEP][PASSED] - verifyElementNotVisible(findTestObject(orPath_TaxInfo + "/input_MDCRegistrationEL")): Object 'Object Repository/RAD_Pages/TaxInfo_Page/input_MDCRegistrationEL' is NOT visible

2023-09-26 18:11:55 - [MESSAGE][PASSED] - Object 'Object Repository/RAD_Pages/TaxInfo_Page/input_MDCRegistrationEL' is NOT visible

2023-09-26 18:11:55 - [TEST_STEP][PASSED] - verifyElementNotVisible(findTestObject(orPath_FilingStatus + "/input_userType_Individual")): Object 'Object Repository/RAD_Pages/FilingStatus_Page/input_userType_Individual' is NOT visible

2023-09-26 18:11:55 - [MESSAGE][PASSED] - Object 'Object Repository/RAD_Pages/FilingStatus_Page/input_userType_Individual' is NOT visible

2023-09-26 18:11:55 - [TEST_STEP][PASSED] - verifyElementNotVisible(findTestObject(orPath_FilingStatus + "/input_userType_Joint")): Object 'Object Repository/RAD_Pages/FilingStatus_Page/input_userType_Joint' is NOT visible

2023-09-26 18:11:55 - [MESSAGE][PASSED] - Object 'Object Repository/RAD_Pages/FilingStatus_Page/input_userType_Joint' is NOT visible

2023-09-26 18:11:55 - [TEST_STEP][PASSED] - verifyTextPresent("Payment Amount", true): Text 'Payment Amount' is present on page  using regular expression

2023-09-26 18:11:56 - [MESSAGE][PASSED] - Text 'Payment Amount' is present on page  using regular expression

2023-09-26 18:11:56 - [TEST_STEP][PASSED] - verifyElementPresent(findTestObject(orPath_Amount + "/input__paymentAmount"), 30): Object 'Object Repository/RAD_Pages/PaymentAmount_Page/input__paymentAmount' is present

2023-09-26 18:11:56 - [MESSAGE][PASSED] - Object 'Object Repository/RAD_Pages/PaymentAmount_Page/input__paymentAmount' is present

2023-09-26 18:11:56 - [TEST_STEP][PASSED] - verifyElementVisible(findTestObject(orPath_Amount + "/input__paymentAmount")): Object 'Object Repository/RAD_Pages/PaymentAmount_Page/input__paymentAmount' is visible

2023-09-26 18:11:57 - [MESSAGE][PASSED] - Object 'Object Repository/RAD_Pages/PaymentAmount_Page/input__paymentAmount' is visible

2023-09-26 18:11:57 - [TEST_STEP][PASSED] - verifyTextPresent("Service Fee: This electronic government service includes a service/convenience fee. Click here for details", true): Text 'Service Fee: This electronic government service includes a service/convenience fee. Click here for details' is present on page  using regular expression

2023-09-26 18:11:57 - [MESSAGE][PASSED] - Text 'Service Fee: This electronic government service includes a service/convenience fee. Click here for details' is present on page  using regular expression

2023-09-26 18:11:57 - [TEST_STEP][PASSED] - verifyElementPresent(findTestObject(orPath_Amount + "/a_Click here for details"), 30): Object 'Object Repository/RAD_Pages/PaymentAmount_Page/a_Click here for details' is present

2023-09-26 18:11:57 - [MESSAGE][PASSED] - Object 'Object Repository/RAD_Pages/PaymentAmount_Page/a_Click here for details' is present

2023-09-26 18:11:57 - [TEST_STEP][PASSED] - verifyElementPresent(findTestObject(orPath_Landing + "/button_Continue"), 30): Object 'Object Repository/RAD_Pages/Landing_Page/button_Continue' is present

2023-09-26 18:11:58 - [MESSAGE][PASSED] - Object 'Object Repository/RAD_Pages/Landing_Page/button_Continue' is present]]></system-out>
         <system-err><![CDATA[2023-09-26 18:11:31 - [TEST_CASE][FAILED] - Test Cases/RAD_TestCases/UI_TestCases/New Liability/NewLiability_PTETaxElectingNonSCorp_UI_TC: Test Cases/RAD_TestCases/UI_TestCases/New Liability/NewLiability_PTETaxElectingNonSCorp_UI_TC FAILED.
Reason:
com.kms.katalon.core.exception.StepFailedException: Object 'Object Repository/RAD_Pages/TaxInfo_Page/input_FederalEIN-2' is NOT visible (Root cause: com.kms.katalon.core.exception.StepFailedException: Object 'Object Repository/RAD_Pages/TaxInfo_Page/input_FederalEIN-2' is NOT visible
	at com.kms.katalon.core.webui.keyword.internal.WebUIKeywordMain.stepFailed(WebUIKeywordMain.groovy:64)
	at com.kms.katalon.core.webui.keyword.builtin.VerifyElementVisibleKeyword$_verifyElementVisible_closure1.doCall(VerifyElementVisibleKeyword.groovy:83)
	at com.kms.katalon.core.webui.keyword.builtin.VerifyElementVisibleKeyword$_verifyElementVisible_closure1.call(VerifyElementVisibleKeyword.groovy)
	at com.kms.katalon.core.webui.keyword.internal.WebUIKeywordMain.runKeyword(WebUIKeywordMain.groovy:20)
	at com.kms.katalon.core.webui.keyword.builtin.VerifyElementVisibleKeyword.verifyElementVisible(VerifyElementVisibleKeyword.groovy:97)
	at com.kms.katalon.core.webui.keyword.builtin.VerifyElementVisibleKeyword.execute(VerifyElementVisibleKeyword.groovy:67)
	at com.kms.katalon.core.keyword.internal.KeywordExecutor.executeKeywordForPlatform(KeywordExecutor.groovy:74)
	at com.kms.katalon.core.webui.keyword.WebUiBuiltInKeywords.verifyElementVisible(WebUiBuiltInKeywords.groovy:376)
	at com.kms.katalon.core.webui.keyword.WebUiBuiltInKeywords$verifyElementVisible$8.call(Unknown Source)
	at NewLiability_PTETaxElectingNonSCorp_UI_TC.run(NewLiability_PTETaxElectingNonSCorp_UI_TC:112)
	at com.kms.katalon.core.main.ScriptEngine.run(ScriptEngine.java:194)
	at com.kms.katalon.core.main.ScriptEngine.runScriptAsRawText(ScriptEngine.java:119)
	at com.kms.katalon.core.main.TestCaseExecutor.runScript(TestCaseExecutor.java:448)
	at com.kms.katalon.core.main.TestCaseExecutor.doExecute(TestCaseExecutor.java:439)
	at com.kms.katalon.core.main.TestCaseExecutor.processExecutionPhase(TestCaseExecutor.java:418)
	at com.kms.katalon.core.main.TestCaseExecutor.accessMainPhase(TestCaseExecutor.java:410)
	at com.kms.katalon.core.main.TestCaseExecutor.execute(TestCaseExecutor.java:285)
	at com.kms.katalon.core.common.CommonExecutor.accessTestCaseMainPhase(CommonExecutor.java:65)
	at com.kms.katalon.core.main.TestSuiteExecutor.accessTestSuiteMainPhase(TestSuiteExecutor.java:148)
	at com.kms.katalon.core.main.TestSuiteExecutor.execute(TestSuiteExecutor.java:106)
	at com.kms.katalon.core.main.TestCaseMain.startTestSuite(TestCaseMain.java:187)
	at com.kms.katalon.core.main.TestCaseMain$startTestSuite$0.call(Unknown Source)
	at TempTestSuite1695765482532.run(TempTestSuite1695765482532.groovy:36)
)
	at com.kms.katalon.core.keyword.internal.KeywordMain.stepFailed(KeywordMain.groovy:39)
	at com.kms.katalon.core.webui.keyword.internal.WebUIKeywordMain.stepFailed(WebUIKeywordMain.groovy:64)
	at com.kms.katalon.core.webui.keyword.builtin.VerifyElementVisibleKeyword$_verifyElementVisible_closure1.doCall(VerifyElementVisibleKeyword.groovy:83)
	at com.kms.katalon.core.webui.keyword.builtin.VerifyElementVisibleKeyword$_verifyElementVisible_closure1.call(VerifyElementVisibleKeyword.groovy)
	at com.kms.katalon.core.webui.keyword.internal.WebUIKeywordMain.runKeyword(WebUIKeywordMain.groovy:20)
	at com.kms.katalon.core.webui.keyword.builtin.VerifyElementVisibleKeyword.verifyElementVisible(VerifyElementVisibleKeyword.groovy:97)
	at com.kms.katalon.core.webui.keyword.builtin.VerifyElementVisibleKeyword.execute(VerifyElementVisibleKeyword.groovy:67)
	at com.kms.katalon.core.keyword.internal.KeywordExecutor.executeKeywordForPlatform(KeywordExecutor.groovy:74)
	at com.kms.katalon.core.webui.keyword.WebUiBuiltInKeywords.verifyElementVisible(WebUiBuiltInKeywords.groovy:376)
	at com.kms.katalon.core.webui.keyword.WebUiBuiltInKeywords$verifyElementVisible$8.call(Unknown Source)
	at NewLiability_PTETaxElectingNonSCorp_UI_TC.run(NewLiability_PTETaxElectingNonSCorp_UI_TC:112)
	at com.kms.katalon.core.main.ScriptEngine.run(ScriptEngine.java:194)
	at com.kms.katalon.core.main.ScriptEngine.runScriptAsRawText(ScriptEngine.java:119)
	at com.kms.katalon.core.main.TestCaseExecutor.runScript(TestCaseExecutor.java:448)
	at com.kms.katalon.core.main.TestCaseExecutor.doExecute(TestCaseExecutor.java:439)
	at com.kms.katalon.core.main.TestCaseExecutor.processExecutionPhase(TestCaseExecutor.java:418)
	at com.kms.katalon.core.main.TestCaseExecutor.accessMainPhase(TestCaseExecutor.java:410)
	at com.kms.katalon.core.main.TestCaseExecutor.execute(TestCaseExecutor.java:285)
	at com.kms.katalon.core.common.CommonExecutor.accessTestCaseMainPhase(CommonExecutor.java:65)
	at com.kms.katalon.core.main.TestSuiteExecutor.accessTestSuiteMainPhase(TestSuiteExecutor.java:148)
	at com.kms.katalon.core.main.TestSuiteExecutor.execute(TestSuiteExecutor.java:106)
	at com.kms.katalon.core.main.TestCaseMain.startTestSuite(TestCaseMain.java:187)
	at com.kms.katalon.core.main.TestCaseMain$startTestSuite$0.call(Unknown Source)
	at TempTestSuite1695765482532.run(TempTestSuite1695765482532.groovy:36)
Caused by: com.kms.katalon.core.exception.StepFailedException: Object 'Object Repository/RAD_Pages/TaxInfo_Page/input_FederalEIN-2' is NOT visible
	... 23 more]]></system-err>
      </testcase>
      <testcase name="Test Cases/RAD_TestCases/UI_TestCases/New Liability/NewLiability_PTETaxElectingSCorp_UI_TC" time="26.434" classname="Test Cases/RAD_TestCases/UI_TestCases/New Liability/NewLiability_PTETaxElectingSCorp_UI_TC" status="FAILED">
         <failure type="FAILED" message="Test Cases/RAD_TestCases/UI_TestCases/New Liability/NewLiability_PTETaxElectingSCorp_UI_TC FAILED.
Reason:
com.kms.katalon.core.exception.StepFailedException: Object 'Object Repository/RAD_Pages/TaxInfo_Page/input_FederalEIN-2' is NOT visible (Root cause: com.kms.katalon.core.exception.StepFailedException: Object 'Object Repository/RAD_Pages/TaxInfo_Page/input_FederalEIN-2' is NOT visible
	at com.kms.katalon.core.webui.keyword.internal.WebUIKeywordMain.stepFailed(WebUIKeywordMain.groovy:64)
	at com.kms.katalon.core.webui.keyword.builtin.VerifyElementVisibleKeyword$_verifyElementVisible_closure1.doCall(VerifyElementVisibleKeyword.groovy:83)
	at com.kms.katalon.core.webui.keyword.builtin.VerifyElementVisibleKeyword$_verifyElementVisible_closure1.call(VerifyElementVisibleKeyword.groovy)
	at com.kms.katalon.core.webui.keyword.internal.WebUIKeywordMain.runKeyword(WebUIKeywordMain.groovy:20)
	at com.kms.katalon.core.webui.keyword.builtin.VerifyElementVisibleKeyword.verifyElementVisible(VerifyElementVisibleKeyword.groovy:97)
	at com.kms.katalon.core.webui.keyword.builtin.VerifyElementVisibleKeyword.execute(VerifyElementVisibleKeyword.groovy:67)
	at com.kms.katalon.core.keyword.internal.KeywordExecutor.executeKeywordForPlatform(KeywordExecutor.groovy:74)
	at com.kms.katalon.core.webui.keyword.WebUiBuiltInKeywords.verifyElementVisible(WebUiBuiltInKeywords.groovy:376)
	at com.kms.katalon.core.webui.keyword.WebUiBuiltInKeywords$verifyElementVisible$8.call(Unknown Source)
	at NewLiability_PTETaxElectingSCorp_UI_TC.run(NewLiability_PTETaxElectingSCorp_UI_TC:112)
	at com.kms.katalon.core.main.ScriptEngine.run(ScriptEngine.java:194)
	at com.kms.katalon.core.main.ScriptEngine.runScriptAsRawText(ScriptEngine.java:119)
	at com.kms.katalon.core.main.TestCaseExecutor.runScript(TestCaseExecutor.java:448)
	at com.kms.katalon.core.main.TestCaseExecutor.doExecute(TestCaseExecutor.java:439)
	at com.kms.katalon.core.main.TestCaseExecutor.processExecutionPhase(TestCaseExecutor.java:418)
	at com.kms.katalon.core.main.TestCaseExecutor.accessMainPhase(TestCaseExecutor.java:410)
	at com.kms.katalon.core.main.TestCaseExecutor.execute(TestCaseExecutor.java:285)
	at com.kms.katalon.core.common.CommonExecutor.accessTestCaseMainPhase(CommonExecutor.java:65)
	at com.kms.katalon.core.main.TestSuiteExecutor.accessTestSuiteMainPhase(TestSuiteExecutor.java:148)
	at com.kms.katalon.core.main.TestSuiteExecutor.execute(TestSuiteExecutor.java:106)
	at com.kms.katalon.core.main.TestCaseMain.startTestSuite(TestCaseMain.java:187)
	at com.kms.katalon.core.main.TestCaseMain$startTestSuite$0.call(Unknown Source)
	at TempTestSuite1695765482532.run(TempTestSuite1695765482532.groovy:36)
)
	at com.kms.katalon.core.keyword.internal.KeywordMain.stepFailed(KeywordMain.groovy:39)
	at com.kms.katalon.core.webui.keyword.internal.WebUIKeywordMain.stepFailed(WebUIKeywordMain.groovy:64)
	at com.kms.katalon.core.webui.keyword.builtin.VerifyElementVisibleKeyword$_verifyElementVisible_closure1.doCall(VerifyElementVisibleKeyword.groovy:83)
	at com.kms.katalon.core.webui.keyword.builtin.VerifyElementVisibleKeyword$_verifyElementVisible_closure1.call(VerifyElementVisibleKeyword.groovy)
	at com.kms.katalon.core.webui.keyword.internal.WebUIKeywordMain.runKeyword(WebUIKeywordMain.groovy:20)
	at com.kms.katalon.core.webui.keyword.builtin.VerifyElementVisibleKeyword.verifyElementVisible(VerifyElementVisibleKeyword.groovy:97)
	at com.kms.katalon.core.webui.keyword.builtin.VerifyElementVisibleKeyword.execute(VerifyElementVisibleKeyword.groovy:67)
	at com.kms.katalon.core.keyword.internal.KeywordExecutor.executeKeywordForPlatform(KeywordExecutor.groovy:74)
	at com.kms.katalon.core.webui.keyword.WebUiBuiltInKeywords.verifyElementVisible(WebUiBuiltInKeywords.groovy:376)
	at com.kms.katalon.core.webui.keyword.WebUiBuiltInKeywords$verifyElementVisible$8.call(Unknown Source)
	at NewLiability_PTETaxElectingSCorp_UI_TC.run(NewLiability_PTETaxElectingSCorp_UI_TC:112)
	at com.kms.katalon.core.main.ScriptEngine.run(ScriptEngine.java:194)
	at com.kms.katalon.core.main.ScriptEngine.runScriptAsRawText(ScriptEngine.java:119)
	at com.kms.katalon.core.main.TestCaseExecutor.runScript(TestCaseExecutor.java:448)
	at com.kms.katalon.core.main.TestCaseExecutor.doExecute(TestCaseExecutor.java:439)
	at com.kms.katalon.core.main.TestCaseExecutor.processExecutionPhase(TestCaseExecutor.java:418)
	at com.kms.katalon.core.main.TestCaseExecutor.accessMainPhase(TestCaseExecutor.java:410)
	at com.kms.katalon.core.main.TestCaseExecutor.execute(TestCaseExecutor.java:285)
	at com.kms.katalon.core.common.CommonExecutor.accessTestCaseMainPhase(CommonExecutor.java:65)
	at com.kms.katalon.core.main.TestSuiteExecutor.accessTestSuiteMainPhase(TestSuiteExecutor.java:148)
	at com.kms.katalon.core.main.TestSuiteExecutor.execute(TestSuiteExecutor.java:106)
	at com.kms.katalon.core.main.TestCaseMain.startTestSuite(TestCaseMain.java:187)
	at com.kms.katalon.core.main.TestCaseMain$startTestSuite$0.call(Unknown Source)
	at TempTestSuite1695765482532.run(TempTestSuite1695765482532.groovy:36)
Caused by: com.kms.katalon.core.exception.StepFailedException: Object 'Object Repository/RAD_Pages/TaxInfo_Page/input_FederalEIN-2' is NOT visible
	... 23 more
"/>
         <system-out><![CDATA[2023-09-26 18:11:58 - [TEST_CASE][FAILED] - Test Cases/RAD_TestCases/UI_TestCases/New Liability/NewLiability_PTETaxElectingSCorp_UI_TC: Test Cases/RAD_TestCases/UI_TestCases/New Liability/NewLiability_PTETaxElectingSCorp_UI_TC FAILED.
Reason:
com.kms.katalon.core.exception.StepFailedException: Object 'Object Repository/RAD_Pages/TaxInfo_Page/input_FederalEIN-2' is NOT visible (Root cause: com.kms.katalon.core.exception.StepFailedException: Object 'Object Repository/RAD_Pages/TaxInfo_Page/input_FederalEIN-2' is NOT visible
	at com.kms.katalon.core.webui.keyword.internal.WebUIKeywordMain.stepFailed(WebUIKeywordMain.groovy:64)
	at com.kms.katalon.core.webui.keyword.builtin.VerifyElementVisibleKeyword$_verifyElementVisible_closure1.doCall(VerifyElementVisibleKeyword.groovy:83)
	at com.kms.katalon.core.webui.keyword.builtin.VerifyElementVisibleKeyword$_verifyElementVisible_closure1.call(VerifyElementVisibleKeyword.groovy)
	at com.kms.katalon.core.webui.keyword.internal.WebUIKeywordMain.runKeyword(WebUIKeywordMain.groovy:20)
	at com.kms.katalon.core.webui.keyword.builtin.VerifyElementVisibleKeyword.verifyElementVisible(VerifyElementVisibleKeyword.groovy:97)
	at com.kms.katalon.core.webui.keyword.builtin.VerifyElementVisibleKeyword.execute(VerifyElementVisibleKeyword.groovy:67)
	at com.kms.katalon.core.keyword.internal.KeywordExecutor.executeKeywordForPlatform(KeywordExecutor.groovy:74)
	at com.kms.katalon.core.webui.keyword.WebUiBuiltInKeywords.verifyElementVisible(WebUiBuiltInKeywords.groovy:376)
	at com.kms.katalon.core.webui.keyword.WebUiBuiltInKeywords$verifyElementVisible$8.call(Unknown Source)
	at NewLiability_PTETaxElectingSCorp_UI_TC.run(NewLiability_PTETaxElectingSCorp_UI_TC:112)
	at com.kms.katalon.core.main.ScriptEngine.run(ScriptEngine.java:194)
	at com.kms.katalon.core.main.ScriptEngine.runScriptAsRawText(ScriptEngine.java:119)
	at com.kms.katalon.core.main.TestCaseExecutor.runScript(TestCaseExecutor.java:448)
	at com.kms.katalon.core.main.TestCaseExecutor.doExecute(TestCaseExecutor.java:439)
	at com.kms.katalon.core.main.TestCaseExecutor.processExecutionPhase(TestCaseExecutor.java:418)
	at com.kms.katalon.core.main.TestCaseExecutor.accessMainPhase(TestCaseExecutor.java:410)
	at com.kms.katalon.core.main.TestCaseExecutor.execute(TestCaseExecutor.java:285)
	at com.kms.katalon.core.common.CommonExecutor.accessTestCaseMainPhase(CommonExecutor.java:65)
	at com.kms.katalon.core.main.TestSuiteExecutor.accessTestSuiteMainPhase(TestSuiteExecutor.java:148)
	at com.kms.katalon.core.main.TestSuiteExecutor.execute(TestSuiteExecutor.java:106)
	at com.kms.katalon.core.main.TestCaseMain.startTestSuite(TestCaseMain.java:187)
	at com.kms.katalon.core.main.TestCaseMain$startTestSuite$0.call(Unknown Source)
	at TempTestSuite1695765482532.run(TempTestSuite1695765482532.groovy:36)
)
	at com.kms.katalon.core.keyword.internal.KeywordMain.stepFailed(KeywordMain.groovy:39)
	at com.kms.katalon.core.webui.keyword.internal.WebUIKeywordMain.stepFailed(WebUIKeywordMain.groovy:64)
	at com.kms.katalon.core.webui.keyword.builtin.VerifyElementVisibleKeyword$_verifyElementVisible_closure1.doCall(VerifyElementVisibleKeyword.groovy:83)
	at com.kms.katalon.core.webui.keyword.builtin.VerifyElementVisibleKeyword$_verifyElementVisible_closure1.call(VerifyElementVisibleKeyword.groovy)
	at com.kms.katalon.core.webui.keyword.internal.WebUIKeywordMain.runKeyword(WebUIKeywordMain.groovy:20)
	at com.kms.katalon.core.webui.keyword.builtin.VerifyElementVisibleKeyword.verifyElementVisible(VerifyElementVisibleKeyword.groovy:97)
	at com.kms.katalon.core.webui.keyword.builtin.VerifyElementVisibleKeyword.execute(VerifyElementVisibleKeyword.groovy:67)
	at com.kms.katalon.core.keyword.internal.KeywordExecutor.executeKeywordForPlatform(KeywordExecutor.groovy:74)
	at com.kms.katalon.core.webui.keyword.WebUiBuiltInKeywords.verifyElementVisible(WebUiBuiltInKeywords.groovy:376)
	at com.kms.katalon.core.webui.keyword.WebUiBuiltInKeywords$verifyElementVisible$8.call(Unknown Source)
	at NewLiability_PTETaxElectingSCorp_UI_TC.run(NewLiability_PTETaxElectingSCorp_UI_TC:112)
	at com.kms.katalon.core.main.ScriptEngine.run(ScriptEngine.java:194)
	at com.kms.katalon.core.main.ScriptEngine.runScriptAsRawText(ScriptEngine.java:119)
	at com.kms.katalon.core.main.TestCaseExecutor.runScript(TestCaseExecutor.java:448)
	at com.kms.katalon.core.main.TestCaseExecutor.doExecute(TestCaseExecutor.java:439)
	at com.kms.katalon.core.main.TestCaseExecutor.processExecutionPhase(TestCaseExecutor.java:418)
	at com.kms.katalon.core.main.TestCaseExecutor.accessMainPhase(TestCaseExecutor.java:410)
	at com.kms.katalon.core.main.TestCaseExecutor.execute(TestCaseExecutor.java:285)
	at com.kms.katalon.core.common.CommonExecutor.accessTestCaseMainPhase(CommonExecutor.java:65)
	at com.kms.katalon.core.main.TestSuiteExecutor.accessTestSuiteMainPhase(TestSuiteExecutor.java:148)
	at com.kms.katalon.core.main.TestSuiteExecutor.execute(TestSuiteExecutor.java:106)
	at com.kms.katalon.core.main.TestCaseMain.startTestSuite(TestCaseMain.java:187)
	at com.kms.katalon.core.main.TestCaseMain$startTestSuite$0.call(Unknown Source)
	at TempTestSuite1695765482532.run(TempTestSuite1695765482532.groovy:36)
Caused by: com.kms.katalon.core.exception.StepFailedException: Object 'Object Repository/RAD_Pages/TaxInfo_Page/input_FederalEIN-2' is NOT visible
	... 23 more


2023-09-26 18:11:58 - [TEST_STEP][PASSED] - openBrowser(""): Browser is opened with url: ''

2023-09-26 18:11:58 - [MESSAGE][WARNING] - A browser is already opened. Closing browser and opening a new one

2023-09-26 18:11:59 - [MESSAGE][INFO] - Starting 'Chrome' driver

2023-09-26 18:11:59 - [MESSAGE][INFO] - User set preference: ['acceptInsecureCerts', 'true']

2023-09-26 18:11:59 - [MESSAGE][INFO] - Action delay is set to 0 milliseconds

2023-09-26 18:12:00 - [MESSAGE][PASSED] - Browser is opened with url: ''

2023-09-26 18:12:00 - [TEST_STEP][PASSED] - maximizeWindow(): Current window maximized

2023-09-26 18:12:01 - [MESSAGE][PASSED] - Current window maximized

2023-09-26 18:12:01 - [TEST_STEP][PASSED] - navigateToUrl(RADurl): Navigate to 'https://qa2.velocitypayment.com/client/rad/index.html' successfully

2023-09-26 18:12:02 - [MESSAGE][PASSED] - Navigate to 'https://qa2.velocitypayment.com/client/rad/index.html' successfully

2023-09-26 18:12:02 - [TEST_STEP][PASSED] - orPath_Landing = "Object Repository/RAD_Pages/Landing_Page": null

2023-09-26 18:12:02 - [TEST_STEP][PASSED] - orPath_TaxTypeFilingYear = "Object Repository/RAD_Pages/TaxTypeFilingYear_Page": null

2023-09-26 18:12:02 - [TEST_STEP][PASSED] - orPath_TaxPayer = "Object Repository/RAD_Pages/Taxpayer_Page": null

2023-09-26 18:12:02 - [TEST_STEP][PASSED] - orPath_AddressContact = "Object Repository/RAD_Pages/AddressAndContactInfo_Page": null

2023-09-26 18:12:02 - [TEST_STEP][PASSED] - orPath_FilingStatus = "Object Repository/RAD_Pages/FilingStatus_Page": null

2023-09-26 18:12:02 - [TEST_STEP][PASSED] - orPath_Amount = "Object Repository/RAD_Pages/PaymentAmount_Page": null

2023-09-26 18:12:02 - [TEST_STEP][PASSED] - orPath_TaxInfo = "Object Repository/RAD_Pages/TaxInfo_Page": null

2023-09-26 18:12:02 - [TEST_STEP][PASSED] - selectOptionByLabel(findTestObject(orPath_Landing + "/dd_TaxType"), "New Tax Return Amount Due", false): All options with label 'New Tax Return Amount Due' are selected in object 'Object Repository/RAD_Pages/Landing_Page/dd_TaxType' 

2023-09-26 18:12:03 - [MESSAGE][PASSED] - All options with label 'New Tax Return Amount Due' are selected in object 'Object Repository/RAD_Pages/Landing_Page/dd_TaxType' 

2023-09-26 18:12:03 - [TEST_STEP][PASSED] - selectOptionByLabel(findTestObject("Object Repository/RAD_Pages/Landing_Page/select_NewTaxReturnAmountDue_TaxType"), "PTE Tax Electing S Corp", false): All options with label 'PTE Tax Electing S Corp' are selected in object 'Object Repository/RAD_Pages/Landing_Page/select_NewTaxReturnAmountDue_TaxType' 

2023-09-26 18:12:04 - [MESSAGE][PASSED] - All options with label 'PTE Tax Electing S Corp' are selected in object 'Object Repository/RAD_Pages/Landing_Page/select_NewTaxReturnAmountDue_TaxType' 

2023-09-26 18:12:04 - [TEST_STEP][PASSED] - verifyElementPresent(findTestObject(orPath_TaxTypeFilingYear + "/select_FilingYear"), 30): Object 'Object Repository/RAD_Pages/TaxTypeFilingYear_Page/select_FilingYear' is present

2023-09-26 18:12:04 - [MESSAGE][PASSED] - Object 'Object Repository/RAD_Pages/TaxTypeFilingYear_Page/select_FilingYear' is present

2023-09-26 18:12:04 - [TEST_STEP][PASSED] - verifyElementVisible(findTestObject(orPath_TaxTypeFilingYear + "/select_FilingYear")): Object 'Object Repository/RAD_Pages/TaxTypeFilingYear_Page/select_FilingYear' is visible

2023-09-26 18:12:04 - [MESSAGE][PASSED] - Object 'Object Repository/RAD_Pages/TaxTypeFilingYear_Page/select_FilingYear' is visible

2023-09-26 18:12:04 - [TEST_STEP][PASSED] - totalOptionsFilingYear = getNumberOfTotalOption(findTestObject(orPath_TaxTypeFilingYear + "/select_FilingYear")): 4 options of object 'Object Repository/RAD_Pages/TaxTypeFilingYear_Page/select_FilingYear' counted

2023-09-26 18:12:05 - [MESSAGE][PASSED] - 4 options of object 'Object Repository/RAD_Pages/TaxTypeFilingYear_Page/select_FilingYear' counted

2023-09-26 18:12:05 - [TEST_STEP][PASSED] - verifyEqual(totalOptionsFilingYear, 4): Actual object '4' and expected object '4' are equal

2023-09-26 18:12:05 - [MESSAGE][PASSED] - Actual object '4' and expected object '4' are equal

2023-09-26 18:12:05 - [TEST_STEP][PASSED] - verifyOptionsPresent(findTestObject(orPath_TaxTypeFilingYear + "/select_FilingYear"), ["2022", "2021", "2020"]): Options [2022, 2021, 2020] present.

2023-09-26 18:12:06 - [MESSAGE][PASSED] - Options [2022, 2021, 2020] present.

2023-09-26 18:12:06 - [TEST_STEP][PASSED] - verifyElementNotVisible(findTestObject(orPath_TaxTypeFilingYear + "/select_PeriodEnding")): Object 'Object Repository/RAD_Pages/TaxTypeFilingYear_Page/select_PeriodEnding' is NOT visible

2023-09-26 18:12:06 - [MESSAGE][PASSED] - Object 'Object Repository/RAD_Pages/TaxTypeFilingYear_Page/select_PeriodEnding' is NOT visible

2023-09-26 18:12:06 - [TEST_STEP][PASSED] - verifyTextPresent("Taxpayer", true): Text 'Taxpayer' is present on page  using regular expression

2023-09-26 18:12:06 - [MESSAGE][PASSED] - Text 'Taxpayer' is present on page  using regular expression

2023-09-26 18:12:06 - [TEST_STEP][PASSED] - verifyTextPresent("Provide the following taxpayer information", true): Text 'Provide the following taxpayer information' is present on page  using regular expression

2023-09-26 18:12:07 - [MESSAGE][PASSED] - Text 'Provide the following taxpayer information' is present on page  using regular expression

2023-09-26 18:12:07 - [TEST_STEP][PASSED] - verifyTextPresent("Note: If you are paying on behalf of the Taxpayer, enter Taxpayer", true): Text 'Note: If you are paying on behalf of the Taxpayer, enter Taxpayer' is present on page  using regular expression

2023-09-26 18:12:07 - [MESSAGE][PASSED] - Text 'Note: If you are paying on behalf of the Taxpayer, enter Taxpayer' is present on page  using regular expression

2023-09-26 18:12:07 - [TEST_STEP][PASSED] - verifyTextPresent("information here. If you are making a payment for the Taxpayer, you will be required later to enter your own credit card, billing address and other pertinent information", true): Text 'information here. If you are making a payment for the Taxpayer, you will be required later to enter your own credit card, billing address and other pertinent information' is present on page  using regular expression

2023-09-26 18:12:08 - [MESSAGE][PASSED] - Text 'information here. If you are making a payment for the Taxpayer, you will be required later to enter your own credit card, billing address and other pertinent information' is present on page  using regular expression

2023-09-26 18:12:08 - [TEST_STEP][PASSED] - verifyElementVisible(findTestObject(orPath_TaxPayer + "/input_Note_businessName")): Object 'Object Repository/RAD_Pages/Taxpayer_Page/input_Note_businessName' is visible

2023-09-26 18:12:08 - [MESSAGE][PASSED] - Object 'Object Repository/RAD_Pages/Taxpayer_Page/input_Note_businessName' is visible

2023-09-26 18:12:08 - [TEST_STEP][PASSED] - verifyElementVisible(findTestObject(orPath_TaxPayer + "/input_BusinessRepfirstName")): Object 'Object Repository/RAD_Pages/Taxpayer_Page/input_BusinessRepfirstName' is visible

2023-09-26 18:12:08 - [MESSAGE][PASSED] - Object 'Object Repository/RAD_Pages/Taxpayer_Page/input_BusinessRepfirstName' is visible

2023-09-26 18:12:08 - [TEST_STEP][PASSED] - verifyElementVisible(findTestObject(orPath_TaxPayer + "/input_BusinessRepmiddleName")): Object 'Object Repository/RAD_Pages/Taxpayer_Page/input_BusinessRepmiddleName' is visible

2023-09-26 18:12:09 - [MESSAGE][PASSED] - Object 'Object Repository/RAD_Pages/Taxpayer_Page/input_BusinessRepmiddleName' is visible

2023-09-26 18:12:09 - [TEST_STEP][PASSED] - verifyElementVisible(findTestObject(orPath_TaxPayer + "/input_BusinessReplastName")): Object 'Object Repository/RAD_Pages/Taxpayer_Page/input_BusinessReplastName' is visible

2023-09-26 18:12:09 - [MESSAGE][PASSED] - Object 'Object Repository/RAD_Pages/Taxpayer_Page/input_BusinessReplastName' is visible

2023-09-26 18:12:09 - [TEST_STEP][PASSED] - verifyElementVisible(findTestObject(orPath_TaxPayer + "/input_BusinessRepsuffix")): Object 'Object Repository/RAD_Pages/Taxpayer_Page/input_BusinessRepsuffix' is visible

2023-09-26 18:12:09 - [MESSAGE][PASSED] - Object 'Object Repository/RAD_Pages/Taxpayer_Page/input_BusinessRepsuffix' is visible

2023-09-26 18:12:09 - [TEST_STEP][PASSED] - verifyElementNotVisible(findTestObject(orPath_TaxPayer + "/input_firstName")): Object 'Object Repository/RAD_Pages/Taxpayer_Page/input_firstName' is NOT visible

2023-09-26 18:12:10 - [MESSAGE][PASSED] - Object 'Object Repository/RAD_Pages/Taxpayer_Page/input_firstName' is NOT visible

2023-09-26 18:12:10 - [TEST_STEP][PASSED] - verifyElementNotVisible(findTestObject(orPath_TaxPayer + "/input_middleName")): Object 'Object Repository/RAD_Pages/Taxpayer_Page/input_middleName' is NOT visible

2023-09-26 18:12:10 - [MESSAGE][PASSED] - Object 'Object Repository/RAD_Pages/Taxpayer_Page/input_middleName' is NOT visible

2023-09-26 18:12:10 - [TEST_STEP][PASSED] - verifyElementNotVisible(findTestObject(orPath_TaxPayer + "/input_lastName")): Object 'Object Repository/RAD_Pages/Taxpayer_Page/input_lastName' is NOT visible

2023-09-26 18:12:10 - [MESSAGE][PASSED] - Object 'Object Repository/RAD_Pages/Taxpayer_Page/input_lastName' is NOT visible

2023-09-26 18:12:10 - [TEST_STEP][PASSED] - verifyElementNotVisible(findTestObject(orPath_TaxPayer + "/input_suffix")): Object 'Object Repository/RAD_Pages/Taxpayer_Page/input_suffix' is NOT visible

2023-09-26 18:12:11 - [MESSAGE][PASSED] - Object 'Object Repository/RAD_Pages/Taxpayer_Page/input_suffix' is NOT visible

2023-09-26 18:12:11 - [TEST_STEP][PASSED] - verifyElementNotVisible(findTestObject("RAD_RecordAndPlay/input_concatSSN")): Object 'Object Repository/RAD_RecordAndPlay/input_concatSSN' is NOT visible

2023-09-26 18:12:11 - [MESSAGE][PASSED] - Object 'Object Repository/RAD_RecordAndPlay/input_concatSSN' is NOT visible

2023-09-26 18:12:11 - [TEST_STEP][PASSED] - verifyElementNotVisible(findTestObject("RAD_RecordAndPlay/input_concatReSSN")): Object 'Object Repository/RAD_RecordAndPlay/input_concatReSSN' is NOT visible

2023-09-26 18:12:12 - [MESSAGE][PASSED] - Object 'Object Repository/RAD_RecordAndPlay/input_concatReSSN' is NOT visible

2023-09-26 18:12:12 - [TEST_STEP][PASSED] - verifyTextPresent("Address and Contact Information", true): Text 'Address and Contact Information' is present on page  using regular expression

2023-09-26 18:12:12 - [MESSAGE][PASSED] - Text 'Address and Contact Information' is present on page  using regular expression

2023-09-26 18:12:12 - [TEST_STEP][PASSED] - verifyTextPresent("Enter the taxpayer", true): Text 'Enter the taxpayer' is present on page  using regular expression

2023-09-26 18:12:13 - [MESSAGE][PASSED] - Text 'Enter the taxpayer' is present on page  using regular expression

2023-09-26 18:12:13 - [TEST_STEP][PASSED] - verifyTextPresent("address and contact information", true): Text 'address and contact information' is present on page  using regular expression

2023-09-26 18:12:13 - [MESSAGE][PASSED] - Text 'address and contact information' is present on page  using regular expression

2023-09-26 18:12:13 - [TEST_STEP][PASSED] - verifyElementPresent(findTestObject(orPath_AddressContact + "/select_Country"), 30): Object 'Object Repository/RAD_Pages/AddressAndContactInfo_Page/select_Country' is present

2023-09-26 18:12:14 - [MESSAGE][PASSED] - Object 'Object Repository/RAD_Pages/AddressAndContactInfo_Page/select_Country' is present

2023-09-26 18:12:14 - [TEST_STEP][PASSED] - verifyElementPresent(findTestObject(orPath_AddressContact + "/input_streetAddress1"), 30): Object 'Object Repository/RAD_Pages/AddressAndContactInfo_Page/input_streetAddress1' is present

2023-09-26 18:12:14 - [MESSAGE][PASSED] - Object 'Object Repository/RAD_Pages/AddressAndContactInfo_Page/input_streetAddress1' is present

2023-09-26 18:12:14 - [TEST_STEP][PASSED] - verifyElementPresent(findTestObject(orPath_AddressContact + "/input_streetAddress2"), 30): Object 'Object Repository/RAD_Pages/AddressAndContactInfo_Page/input_streetAddress2' is present

2023-09-26 18:12:14 - [MESSAGE][PASSED] - Object 'Object Repository/RAD_Pages/AddressAndContactInfo_Page/input_streetAddress2' is present

2023-09-26 18:12:14 - [TEST_STEP][PASSED] - verifyElementPresent(findTestObject(orPath_AddressContact + "/input_city"), 30): Object 'Object Repository/RAD_Pages/AddressAndContactInfo_Page/input_city' is present

2023-09-26 18:12:15 - [MESSAGE][PASSED] - Object 'Object Repository/RAD_Pages/AddressAndContactInfo_Page/input_city' is present

2023-09-26 18:12:15 - [TEST_STEP][PASSED] - verifyElementPresent(findTestObject(orPath_AddressContact + "/select_State"), 30): Object 'Object Repository/RAD_Pages/AddressAndContactInfo_Page/select_State' is present

2023-09-26 18:12:15 - [MESSAGE][PASSED] - Object 'Object Repository/RAD_Pages/AddressAndContactInfo_Page/select_State' is present

2023-09-26 18:12:15 - [TEST_STEP][PASSED] - verifyElementPresent(findTestObject(orPath_AddressContact + "/input_zipCode"), 30): Object 'Object Repository/RAD_Pages/AddressAndContactInfo_Page/input_zipCode' is present

2023-09-26 18:12:15 - [MESSAGE][PASSED] - Object 'Object Repository/RAD_Pages/AddressAndContactInfo_Page/input_zipCode' is present

2023-09-26 18:12:15 - [TEST_STEP][PASSED] - verifyElementPresent(findTestObject(orPath_AddressContact + "/input_phoneNumber"), 30): Object 'Object Repository/RAD_Pages/AddressAndContactInfo_Page/input_phoneNumber' is present

2023-09-26 18:12:16 - [MESSAGE][PASSED] - Object 'Object Repository/RAD_Pages/AddressAndContactInfo_Page/input_phoneNumber' is present

2023-09-26 18:12:16 - [TEST_STEP][PASSED] - verifyElementPresent(findTestObject(orPath_AddressContact + "/input_eMailAddress"), 30): Object 'Object Repository/RAD_Pages/AddressAndContactInfo_Page/input_eMailAddress' is present

2023-09-26 18:12:16 - [MESSAGE][PASSED] - Object 'Object Repository/RAD_Pages/AddressAndContactInfo_Page/input_eMailAddress' is present

2023-09-26 18:12:16 - [TEST_STEP][PASSED] - verifyElementPresent(findTestObject(orPath_AddressContact + "/input_reEnterEMailAddress"), 30): Object 'Object Repository/RAD_Pages/AddressAndContactInfo_Page/input_reEnterEMailAddress' is present

2023-09-26 18:12:16 - [MESSAGE][PASSED] - Object 'Object Repository/RAD_Pages/AddressAndContactInfo_Page/input_reEnterEMailAddress' is present

2023-09-26 18:12:16 - [TEST_STEP][PASSED] - verifyOptionsPresent(findTestObject(orPath_AddressContact + "/select_Country"), ["United States"]): Options [United States] present.

2023-09-26 18:12:17 - [MESSAGE][PASSED] - Options [United States] present.

2023-09-26 18:12:17 - [TEST_STEP][PASSED] - verifyOptionsPresent(findTestObject(orPath_AddressContact + "/select_State"), ["Alabama", "District of Columbia", "Maryland", "Virginia", "Wyoming"]): Options [Alabama, District of Columbia, Maryland, Virginia, Wyoming] present.

2023-09-26 18:12:18 - [MESSAGE][PASSED] - Options [Alabama, District of Columbia, Maryland, Virginia, Wyoming] present.

2023-09-26 18:12:18 - [TEST_STEP][PASSED] - totalOptionsState = getNumberOfTotalOption(findTestObject(orPath_AddressContact + "/select_State")): 52 options of object 'Object Repository/RAD_Pages/AddressAndContactInfo_Page/select_State' counted

2023-09-26 18:12:18 - [MESSAGE][PASSED] - 52 options of object 'Object Repository/RAD_Pages/AddressAndContactInfo_Page/select_State' counted

2023-09-26 18:12:18 - [TEST_STEP][PASSED] - verifyEqual(totalOptionsState, 52): Actual object '52' and expected object '52' are equal

2023-09-26 18:12:18 - [MESSAGE][PASSED] - Actual object '52' and expected object '52' are equal

2023-09-26 18:12:18 - [TEST_STEP][PASSED] - verifyTextPresent("Tax Information", true): Text 'Tax Information' is present on page  using regular expression

2023-09-26 18:12:19 - [MESSAGE][PASSED] - Text 'Tax Information' is present on page  using regular expression

2023-09-26 18:12:19 - [TEST_STEP][FAILED] - verifyElementVisible(findTestObject(orPath_TaxInfo + "/input_FederalEIN-2")): Object 'Object Repository/RAD_Pages/TaxInfo_Page/input_FederalEIN-2' is NOT visible (Root cause: com.kms.katalon.core.exception.StepFailedException: Object 'Object Repository/RAD_Pages/TaxInfo_Page/input_FederalEIN-2' is NOT visible
	at com.kms.katalon.core.webui.keyword.internal.WebUIKeywordMain.stepFailed(WebUIKeywordMain.groovy:64)
	at com.kms.katalon.core.webui.keyword.builtin.VerifyElementVisibleKeyword$_verifyElementVisible_closure1.doCall(VerifyElementVisibleKeyword.groovy:83)
	at com.kms.katalon.core.webui.keyword.builtin.VerifyElementVisibleKeyword$_verifyElementVisible_closure1.call(VerifyElementVisibleKeyword.groovy)
	at com.kms.katalon.core.webui.keyword.internal.WebUIKeywordMain.runKeyword(WebUIKeywordMain.groovy:20)
	at com.kms.katalon.core.webui.keyword.builtin.VerifyElementVisibleKeyword.verifyElementVisible(VerifyElementVisibleKeyword.groovy:97)
	at com.kms.katalon.core.webui.keyword.builtin.VerifyElementVisibleKeyword.execute(VerifyElementVisibleKeyword.groovy:67)
	at com.kms.katalon.core.keyword.internal.KeywordExecutor.executeKeywordForPlatform(KeywordExecutor.groovy:74)
	at com.kms.katalon.core.webui.keyword.WebUiBuiltInKeywords.verifyElementVisible(WebUiBuiltInKeywords.groovy:376)
	at com.kms.katalon.core.webui.keyword.WebUiBuiltInKeywords$verifyElementVisible$8.call(Unknown Source)
	at NewLiability_PTETaxElectingSCorp_UI_TC.run(NewLiability_PTETaxElectingSCorp_UI_TC:112)
	at com.kms.katalon.core.main.ScriptEngine.run(ScriptEngine.java:194)
	at com.kms.katalon.core.main.ScriptEngine.runScriptAsRawText(ScriptEngine.java:119)
	at com.kms.katalon.core.main.TestCaseExecutor.runScript(TestCaseExecutor.java:448)
	at com.kms.katalon.core.main.TestCaseExecutor.doExecute(TestCaseExecutor.java:439)
	at com.kms.katalon.core.main.TestCaseExecutor.processExecutionPhase(TestCaseExecutor.java:418)
	at com.kms.katalon.core.main.TestCaseExecutor.accessMainPhase(TestCaseExecutor.java:410)
	at com.kms.katalon.core.main.TestCaseExecutor.execute(TestCaseExecutor.java:285)
	at com.kms.katalon.core.common.CommonExecutor.accessTestCaseMainPhase(CommonExecutor.java:65)
	at com.kms.katalon.core.main.TestSuiteExecutor.accessTestSuiteMainPhase(TestSuiteExecutor.java:148)
	at com.kms.katalon.core.main.TestSuiteExecutor.execute(TestSuiteExecutor.java:106)
	at com.kms.katalon.core.main.TestCaseMain.startTestSuite(TestCaseMain.java:187)
	at com.kms.katalon.core.main.TestCaseMain$startTestSuite$0.call(Unknown Source)
	at TempTestSuite1695765482532.run(TempTestSuite1695765482532.groovy:36)
)

2023-09-26 18:12:19 - [MESSAGE][FAILED] - Object 'Object Repository/RAD_Pages/TaxInfo_Page/input_FederalEIN-2' is NOT visible (Root cause: com.kms.katalon.core.exception.StepFailedException: Object 'Object Repository/RAD_Pages/TaxInfo_Page/input_FederalEIN-2' is NOT visible
	at com.kms.katalon.core.webui.keyword.internal.WebUIKeywordMain.stepFailed(WebUIKeywordMain.groovy:64)
	at com.kms.katalon.core.webui.keyword.builtin.VerifyElementVisibleKeyword$_verifyElementVisible_closure1.doCall(VerifyElementVisibleKeyword.groovy:83)
	at com.kms.katalon.core.webui.keyword.builtin.VerifyElementVisibleKeyword$_verifyElementVisible_closure1.call(VerifyElementVisibleKeyword.groovy)
	at com.kms.katalon.core.webui.keyword.internal.WebUIKeywordMain.runKeyword(WebUIKeywordMain.groovy:20)
	at com.kms.katalon.core.webui.keyword.builtin.VerifyElementVisibleKeyword.verifyElementVisible(VerifyElementVisibleKeyword.groovy:97)
	at com.kms.katalon.core.webui.keyword.builtin.VerifyElementVisibleKeyword.execute(VerifyElementVisibleKeyword.groovy:67)
	at com.kms.katalon.core.keyword.internal.KeywordExecutor.executeKeywordForPlatform(KeywordExecutor.groovy:74)
	at com.kms.katalon.core.webui.keyword.WebUiBuiltInKeywords.verifyElementVisible(WebUiBuiltInKeywords.groovy:376)
	at com.kms.katalon.core.webui.keyword.WebUiBuiltInKeywords$verifyElementVisible$8.call(Unknown Source)
	at NewLiability_PTETaxElectingSCorp_UI_TC.run(NewLiability_PTETaxElectingSCorp_UI_TC:112)
	at com.kms.katalon.core.main.ScriptEngine.run(ScriptEngine.java:194)
	at com.kms.katalon.core.main.ScriptEngine.runScriptAsRawText(ScriptEngine.java:119)
	at com.kms.katalon.core.main.TestCaseExecutor.runScript(TestCaseExecutor.java:448)
	at com.kms.katalon.core.main.TestCaseExecutor.doExecute(TestCaseExecutor.java:439)
	at com.kms.katalon.core.main.TestCaseExecutor.processExecutionPhase(TestCaseExecutor.java:418)
	at com.kms.katalon.core.main.TestCaseExecutor.accessMainPhase(TestCaseExecutor.java:410)
	at com.kms.katalon.core.main.TestCaseExecutor.execute(TestCaseExecutor.java:285)
	at com.kms.katalon.core.common.CommonExecutor.accessTestCaseMainPhase(CommonExecutor.java:65)
	at com.kms.katalon.core.main.TestSuiteExecutor.accessTestSuiteMainPhase(TestSuiteExecutor.java:148)
	at com.kms.katalon.core.main.TestSuiteExecutor.execute(TestSuiteExecutor.java:106)
	at com.kms.katalon.core.main.TestCaseMain.startTestSuite(TestCaseMain.java:187)
	at com.kms.katalon.core.main.TestCaseMain$startTestSuite$0.call(Unknown Source)
	at TempTestSuite1695765482532.run(TempTestSuite1695765482532.groovy:36)
)
[[ATTACHMENT|E:\\Cloned-Project-Katalon\\VPS-Katalon\\Reports\\20230926_175802\\RAD_TestSuite\\RAD_UI_TestSuite\\20230926_175802\\1695766339764.png]]

2023-09-26 18:12:20 - [TEST_STEP][FAILED] - verifyElementVisible(findTestObject(orPath_TaxInfo + "/input_FederalEIN_ReEnter-2")): Object 'Object Repository/RAD_Pages/TaxInfo_Page/input_FederalEIN_ReEnter-2' is NOT visible (Root cause: com.kms.katalon.core.exception.StepFailedException: Object 'Object Repository/RAD_Pages/TaxInfo_Page/input_FederalEIN_ReEnter-2' is NOT visible
	at com.kms.katalon.core.webui.keyword.internal.WebUIKeywordMain.stepFailed(WebUIKeywordMain.groovy:64)
	at com.kms.katalon.core.webui.keyword.builtin.VerifyElementVisibleKeyword$_verifyElementVisible_closure1.doCall(VerifyElementVisibleKeyword.groovy:83)
	at com.kms.katalon.core.webui.keyword.builtin.VerifyElementVisibleKeyword$_verifyElementVisible_closure1.call(VerifyElementVisibleKeyword.groovy)
	at com.kms.katalon.core.webui.keyword.internal.WebUIKeywordMain.runKeyword(WebUIKeywordMain.groovy:20)
	at com.kms.katalon.core.webui.keyword.builtin.VerifyElementVisibleKeyword.verifyElementVisible(VerifyElementVisibleKeyword.groovy:97)
	at com.kms.katalon.core.webui.keyword.builtin.VerifyElementVisibleKeyword.execute(VerifyElementVisibleKeyword.groovy:67)
	at com.kms.katalon.core.keyword.internal.KeywordExecutor.executeKeywordForPlatform(KeywordExecutor.groovy:74)
	at com.kms.katalon.core.webui.keyword.WebUiBuiltInKeywords.verifyElementVisible(WebUiBuiltInKeywords.groovy:376)
	at com.kms.katalon.core.webui.keyword.WebUiBuiltInKeywords$verifyElementVisible$8.call(Unknown Source)
	at NewLiability_PTETaxElectingSCorp_UI_TC.run(NewLiability_PTETaxElectingSCorp_UI_TC:113)
	at com.kms.katalon.core.main.ScriptEngine.run(ScriptEngine.java:194)
	at com.kms.katalon.core.main.ScriptEngine.runScriptAsRawText(ScriptEngine.java:119)
	at com.kms.katalon.core.main.TestCaseExecutor.runScript(TestCaseExecutor.java:448)
	at com.kms.katalon.core.main.TestCaseExecutor.doExecute(TestCaseExecutor.java:439)
	at com.kms.katalon.core.main.TestCaseExecutor.processExecutionPhase(TestCaseExecutor.java:418)
	at com.kms.katalon.core.main.TestCaseExecutor.accessMainPhase(TestCaseExecutor.java:410)
	at com.kms.katalon.core.main.TestCaseExecutor.execute(TestCaseExecutor.java:285)
	at com.kms.katalon.core.common.CommonExecutor.accessTestCaseMainPhase(CommonExecutor.java:65)
	at com.kms.katalon.core.main.TestSuiteExecutor.accessTestSuiteMainPhase(TestSuiteExecutor.java:148)
	at com.kms.katalon.core.main.TestSuiteExecutor.execute(TestSuiteExecutor.java:106)
	at com.kms.katalon.core.main.TestCaseMain.startTestSuite(TestCaseMain.java:187)
	at com.kms.katalon.core.main.TestCaseMain$startTestSuite$0.call(Unknown Source)
	at TempTestSuite1695765482532.run(TempTestSuite1695765482532.groovy:36)
)

2023-09-26 18:12:20 - [MESSAGE][FAILED] - Object 'Object Repository/RAD_Pages/TaxInfo_Page/input_FederalEIN_ReEnter-2' is NOT visible (Root cause: com.kms.katalon.core.exception.StepFailedException: Object 'Object Repository/RAD_Pages/TaxInfo_Page/input_FederalEIN_ReEnter-2' is NOT visible
	at com.kms.katalon.core.webui.keyword.internal.WebUIKeywordMain.stepFailed(WebUIKeywordMain.groovy:64)
	at com.kms.katalon.core.webui.keyword.builtin.VerifyElementVisibleKeyword$_verifyElementVisible_closure1.doCall(VerifyElementVisibleKeyword.groovy:83)
	at com.kms.katalon.core.webui.keyword.builtin.VerifyElementVisibleKeyword$_verifyElementVisible_closure1.call(VerifyElementVisibleKeyword.groovy)
	at com.kms.katalon.core.webui.keyword.internal.WebUIKeywordMain.runKeyword(WebUIKeywordMain.groovy:20)
	at com.kms.katalon.core.webui.keyword.builtin.VerifyElementVisibleKeyword.verifyElementVisible(VerifyElementVisibleKeyword.groovy:97)
	at com.kms.katalon.core.webui.keyword.builtin.VerifyElementVisibleKeyword.execute(VerifyElementVisibleKeyword.groovy:67)
	at com.kms.katalon.core.keyword.internal.KeywordExecutor.executeKeywordForPlatform(KeywordExecutor.groovy:74)
	at com.kms.katalon.core.webui.keyword.WebUiBuiltInKeywords.verifyElementVisible(WebUiBuiltInKeywords.groovy:376)
	at com.kms.katalon.core.webui.keyword.WebUiBuiltInKeywords$verifyElementVisible$8.call(Unknown Source)
	at NewLiability_PTETaxElectingSCorp_UI_TC.run(NewLiability_PTETaxElectingSCorp_UI_TC:113)
	at com.kms.katalon.core.main.ScriptEngine.run(ScriptEngine.java:194)
	at com.kms.katalon.core.main.ScriptEngine.runScriptAsRawText(ScriptEngine.java:119)
	at com.kms.katalon.core.main.TestCaseExecutor.runScript(TestCaseExecutor.java:448)
	at com.kms.katalon.core.main.TestCaseExecutor.doExecute(TestCaseExecutor.java:439)
	at com.kms.katalon.core.main.TestCaseExecutor.processExecutionPhase(TestCaseExecutor.java:418)
	at com.kms.katalon.core.main.TestCaseExecutor.accessMainPhase(TestCaseExecutor.java:410)
	at com.kms.katalon.core.main.TestCaseExecutor.execute(TestCaseExecutor.java:285)
	at com.kms.katalon.core.common.CommonExecutor.accessTestCaseMainPhase(CommonExecutor.java:65)
	at com.kms.katalon.core.main.TestSuiteExecutor.accessTestSuiteMainPhase(TestSuiteExecutor.java:148)
	at com.kms.katalon.core.main.TestSuiteExecutor.execute(TestSuiteExecutor.java:106)
	at com.kms.katalon.core.main.TestCaseMain.startTestSuite(TestCaseMain.java:187)
	at com.kms.katalon.core.main.TestCaseMain$startTestSuite$0.call(Unknown Source)
	at TempTestSuite1695765482532.run(TempTestSuite1695765482532.groovy:36)
)
[[ATTACHMENT|E:\\Cloned-Project-Katalon\\VPS-Katalon\\Reports\\20230926_175802\\RAD_TestSuite\\RAD_UI_TestSuite\\20230926_175802\\1695766340450.png]]

2023-09-26 18:12:20 - [TEST_STEP][PASSED] - verifyElementNotVisible(findTestObject(orPath_TaxInfo + "/input_NoticeInvoiceNumber")): Object 'Object Repository/RAD_Pages/TaxInfo_Page/input_NoticeInvoiceNumber' is NOT visible

2023-09-26 18:12:21 - [MESSAGE][PASSED] - Object 'Object Repository/RAD_Pages/TaxInfo_Page/input_NoticeInvoiceNumber' is NOT visible

2023-09-26 18:12:21 - [TEST_STEP][PASSED] - verifyElementNotVisible(findTestObject(orPath_TaxInfo + "/input_reTypeNoticeInvoiceNumber")): Object 'Object Repository/RAD_Pages/TaxInfo_Page/input_reTypeNoticeInvoiceNumber' is NOT visible

2023-09-26 18:12:21 - [MESSAGE][PASSED] - Object 'Object Repository/RAD_Pages/TaxInfo_Page/input_reTypeNoticeInvoiceNumber' is NOT visible

2023-09-26 18:12:21 - [TEST_STEP][PASSED] - verifyElementNotVisible(findTestObject(orPath_TaxInfo + "/input_MDCRegistrationEL")): Object 'Object Repository/RAD_Pages/TaxInfo_Page/input_MDCRegistrationEL' is NOT visible

2023-09-26 18:12:21 - [MESSAGE][PASSED] - Object 'Object Repository/RAD_Pages/TaxInfo_Page/input_MDCRegistrationEL' is NOT visible

2023-09-26 18:12:21 - [TEST_STEP][PASSED] - verifyElementNotVisible(findTestObject(orPath_FilingStatus + "/input_userType_Individual")): Object 'Object Repository/RAD_Pages/FilingStatus_Page/input_userType_Individual' is NOT visible

2023-09-26 18:12:22 - [MESSAGE][PASSED] - Object 'Object Repository/RAD_Pages/FilingStatus_Page/input_userType_Individual' is NOT visible

2023-09-26 18:12:22 - [TEST_STEP][PASSED] - verifyElementNotVisible(findTestObject(orPath_FilingStatus + "/input_userType_Joint")): Object 'Object Repository/RAD_Pages/FilingStatus_Page/input_userType_Joint' is NOT visible

2023-09-26 18:12:22 - [MESSAGE][PASSED] - Object 'Object Repository/RAD_Pages/FilingStatus_Page/input_userType_Joint' is NOT visible

2023-09-26 18:12:22 - [TEST_STEP][PASSED] - verifyTextPresent("Payment Amount", true): Text 'Payment Amount' is present on page  using regular expression

2023-09-26 18:12:22 - [MESSAGE][PASSED] - Text 'Payment Amount' is present on page  using regular expression

2023-09-26 18:12:22 - [TEST_STEP][PASSED] - verifyElementPresent(findTestObject(orPath_Amount + "/input__paymentAmount"), 30): Object 'Object Repository/RAD_Pages/PaymentAmount_Page/input__paymentAmount' is present

2023-09-26 18:12:23 - [MESSAGE][PASSED] - Object 'Object Repository/RAD_Pages/PaymentAmount_Page/input__paymentAmount' is present

2023-09-26 18:12:23 - [TEST_STEP][PASSED] - verifyElementVisible(findTestObject(orPath_Amount + "/input__paymentAmount")): Object 'Object Repository/RAD_Pages/PaymentAmount_Page/input__paymentAmount' is visible

2023-09-26 18:12:23 - [MESSAGE][PASSED] - Object 'Object Repository/RAD_Pages/PaymentAmount_Page/input__paymentAmount' is visible

2023-09-26 18:12:23 - [TEST_STEP][PASSED] - verifyTextPresent("Service Fee: This electronic government service includes a service/convenience fee. Click here for details", true): Text 'Service Fee: This electronic government service includes a service/convenience fee. Click here for details' is present on page  using regular expression

2023-09-26 18:12:23 - [MESSAGE][PASSED] - Text 'Service Fee: This electronic government service includes a service/convenience fee. Click here for details' is present on page  using regular expression

2023-09-26 18:12:23 - [TEST_STEP][PASSED] - verifyElementPresent(findTestObject(orPath_Amount + "/a_Click here for details"), 30): Object 'Object Repository/RAD_Pages/PaymentAmount_Page/a_Click here for details' is present

2023-09-26 18:12:24 - [MESSAGE][PASSED] - Object 'Object Repository/RAD_Pages/PaymentAmount_Page/a_Click here for details' is present

2023-09-26 18:12:24 - [TEST_STEP][PASSED] - verifyElementPresent(findTestObject(orPath_Landing + "/button_Continue"), 30): Object 'Object Repository/RAD_Pages/Landing_Page/button_Continue' is present

2023-09-26 18:12:24 - [MESSAGE][PASSED] - Object 'Object Repository/RAD_Pages/Landing_Page/button_Continue' is present]]></system-out>
         <system-err><![CDATA[2023-09-26 18:11:58 - [TEST_CASE][FAILED] - Test Cases/RAD_TestCases/UI_TestCases/New Liability/NewLiability_PTETaxElectingSCorp_UI_TC: Test Cases/RAD_TestCases/UI_TestCases/New Liability/NewLiability_PTETaxElectingSCorp_UI_TC FAILED.
Reason:
com.kms.katalon.core.exception.StepFailedException: Object 'Object Repository/RAD_Pages/TaxInfo_Page/input_FederalEIN-2' is NOT visible (Root cause: com.kms.katalon.core.exception.StepFailedException: Object 'Object Repository/RAD_Pages/TaxInfo_Page/input_FederalEIN-2' is NOT visible
	at com.kms.katalon.core.webui.keyword.internal.WebUIKeywordMain.stepFailed(WebUIKeywordMain.groovy:64)
	at com.kms.katalon.core.webui.keyword.builtin.VerifyElementVisibleKeyword$_verifyElementVisible_closure1.doCall(VerifyElementVisibleKeyword.groovy:83)
	at com.kms.katalon.core.webui.keyword.builtin.VerifyElementVisibleKeyword$_verifyElementVisible_closure1.call(VerifyElementVisibleKeyword.groovy)
	at com.kms.katalon.core.webui.keyword.internal.WebUIKeywordMain.runKeyword(WebUIKeywordMain.groovy:20)
	at com.kms.katalon.core.webui.keyword.builtin.VerifyElementVisibleKeyword.verifyElementVisible(VerifyElementVisibleKeyword.groovy:97)
	at com.kms.katalon.core.webui.keyword.builtin.VerifyElementVisibleKeyword.execute(VerifyElementVisibleKeyword.groovy:67)
	at com.kms.katalon.core.keyword.internal.KeywordExecutor.executeKeywordForPlatform(KeywordExecutor.groovy:74)
	at com.kms.katalon.core.webui.keyword.WebUiBuiltInKeywords.verifyElementVisible(WebUiBuiltInKeywords.groovy:376)
	at com.kms.katalon.core.webui.keyword.WebUiBuiltInKeywords$verifyElementVisible$8.call(Unknown Source)
	at NewLiability_PTETaxElectingSCorp_UI_TC.run(NewLiability_PTETaxElectingSCorp_UI_TC:112)
	at com.kms.katalon.core.main.ScriptEngine.run(ScriptEngine.java:194)
	at com.kms.katalon.core.main.ScriptEngine.runScriptAsRawText(ScriptEngine.java:119)
	at com.kms.katalon.core.main.TestCaseExecutor.runScript(TestCaseExecutor.java:448)
	at com.kms.katalon.core.main.TestCaseExecutor.doExecute(TestCaseExecutor.java:439)
	at com.kms.katalon.core.main.TestCaseExecutor.processExecutionPhase(TestCaseExecutor.java:418)
	at com.kms.katalon.core.main.TestCaseExecutor.accessMainPhase(TestCaseExecutor.java:410)
	at com.kms.katalon.core.main.TestCaseExecutor.execute(TestCaseExecutor.java:285)
	at com.kms.katalon.core.common.CommonExecutor.accessTestCaseMainPhase(CommonExecutor.java:65)
	at com.kms.katalon.core.main.TestSuiteExecutor.accessTestSuiteMainPhase(TestSuiteExecutor.java:148)
	at com.kms.katalon.core.main.TestSuiteExecutor.execute(TestSuiteExecutor.java:106)
	at com.kms.katalon.core.main.TestCaseMain.startTestSuite(TestCaseMain.java:187)
	at com.kms.katalon.core.main.TestCaseMain$startTestSuite$0.call(Unknown Source)
	at TempTestSuite1695765482532.run(TempTestSuite1695765482532.groovy:36)
)
	at com.kms.katalon.core.keyword.internal.KeywordMain.stepFailed(KeywordMain.groovy:39)
	at com.kms.katalon.core.webui.keyword.internal.WebUIKeywordMain.stepFailed(WebUIKeywordMain.groovy:64)
	at com.kms.katalon.core.webui.keyword.builtin.VerifyElementVisibleKeyword$_verifyElementVisible_closure1.doCall(VerifyElementVisibleKeyword.groovy:83)
	at com.kms.katalon.core.webui.keyword.builtin.VerifyElementVisibleKeyword$_verifyElementVisible_closure1.call(VerifyElementVisibleKeyword.groovy)
	at com.kms.katalon.core.webui.keyword.internal.WebUIKeywordMain.runKeyword(WebUIKeywordMain.groovy:20)
	at com.kms.katalon.core.webui.keyword.builtin.VerifyElementVisibleKeyword.verifyElementVisible(VerifyElementVisibleKeyword.groovy:97)
	at com.kms.katalon.core.webui.keyword.builtin.VerifyElementVisibleKeyword.execute(VerifyElementVisibleKeyword.groovy:67)
	at com.kms.katalon.core.keyword.internal.KeywordExecutor.executeKeywordForPlatform(KeywordExecutor.groovy:74)
	at com.kms.katalon.core.webui.keyword.WebUiBuiltInKeywords.verifyElementVisible(WebUiBuiltInKeywords.groovy:376)
	at com.kms.katalon.core.webui.keyword.WebUiBuiltInKeywords$verifyElementVisible$8.call(Unknown Source)
	at NewLiability_PTETaxElectingSCorp_UI_TC.run(NewLiability_PTETaxElectingSCorp_UI_TC:112)
	at com.kms.katalon.core.main.ScriptEngine.run(ScriptEngine.java:194)
	at com.kms.katalon.core.main.ScriptEngine.runScriptAsRawText(ScriptEngine.java:119)
	at com.kms.katalon.core.main.TestCaseExecutor.runScript(TestCaseExecutor.java:448)
	at com.kms.katalon.core.main.TestCaseExecutor.doExecute(TestCaseExecutor.java:439)
	at com.kms.katalon.core.main.TestCaseExecutor.processExecutionPhase(TestCaseExecutor.java:418)
	at com.kms.katalon.core.main.TestCaseExecutor.accessMainPhase(TestCaseExecutor.java:410)
	at com.kms.katalon.core.main.TestCaseExecutor.execute(TestCaseExecutor.java:285)
	at com.kms.katalon.core.common.CommonExecutor.accessTestCaseMainPhase(CommonExecutor.java:65)
	at com.kms.katalon.core.main.TestSuiteExecutor.accessTestSuiteMainPhase(TestSuiteExecutor.java:148)
	at com.kms.katalon.core.main.TestSuiteExecutor.execute(TestSuiteExecutor.java:106)
	at com.kms.katalon.core.main.TestCaseMain.startTestSuite(TestCaseMain.java:187)
	at com.kms.katalon.core.main.TestCaseMain$startTestSuite$0.call(Unknown Source)
	at TempTestSuite1695765482532.run(TempTestSuite1695765482532.groovy:36)
Caused by: com.kms.katalon.core.exception.StepFailedException: Object 'Object Repository/RAD_Pages/TaxInfo_Page/input_FederalEIN-2' is NOT visible
	... 23 more]]></system-err>
      </testcase>
      <testcase name="Test Cases/RAD_TestCases/UI_TestCases/New Liability/NewLiability_UI_TC" time="25.665" classname="Test Cases/RAD_TestCases/UI_TestCases/New Liability/NewLiability_UI_TC" status="PASSED">
         <system-out><![CDATA[2023-09-26 18:12:24 - [TEST_CASE][PASSED] - Test Cases/RAD_TestCases/UI_TestCases/New Liability/NewLiability_UI_TC: Test Cases/RAD_TestCases/UI_TestCases/New Liability/NewLiability_UI_TC

2023-09-26 18:12:25 - [TEST_STEP][PASSED] - openBrowser(""): Browser is opened with url: ''

2023-09-26 18:12:25 - [MESSAGE][WARNING] - A browser is already opened. Closing browser and opening a new one

2023-09-26 18:12:25 - [MESSAGE][INFO] - Starting 'Chrome' driver

2023-09-26 18:12:25 - [MESSAGE][INFO] - User set preference: ['acceptInsecureCerts', 'true']

2023-09-26 18:12:25 - [MESSAGE][INFO] - Action delay is set to 0 milliseconds

2023-09-26 18:12:27 - [MESSAGE][PASSED] - Browser is opened with url: ''

2023-09-26 18:12:27 - [TEST_STEP][PASSED] - maximizeWindow(): Current window maximized

2023-09-26 18:12:27 - [MESSAGE][PASSED] - Current window maximized

2023-09-26 18:12:27 - [TEST_STEP][PASSED] - navigateToUrl(RADurl): Navigate to 'https://qa2.velocitypayment.com/client/rad/index.html' successfully

2023-09-26 18:12:29 - [MESSAGE][PASSED] - Navigate to 'https://qa2.velocitypayment.com/client/rad/index.html' successfully

2023-09-26 18:12:29 - [TEST_STEP][PASSED] - orPath_Landing = "Object Repository/RAD_Pages/Landing_Page": null

2023-09-26 18:12:29 - [TEST_STEP][PASSED] - orPath_TaxTypeFilingYear = "Object Repository/RAD_Pages/TaxTypeFilingYear_Page": null

2023-09-26 18:12:29 - [TEST_STEP][PASSED] - orPath_TaxPayer = "Object Repository/RAD_Pages/Taxpayer_Page": null

2023-09-26 18:12:29 - [TEST_STEP][PASSED] - orPath_AddressContact = "Object Repository/RAD_Pages/AddressAndContactInfo_Page": null

2023-09-26 18:12:29 - [TEST_STEP][PASSED] - orPath_FilingStatus = "Object Repository/RAD_Pages/FilingStatus_Page": null

2023-09-26 18:12:29 - [TEST_STEP][PASSED] - orPath_Amount = "Object Repository/RAD_Pages/PaymentAmount_Page": null

2023-09-26 18:12:29 - [TEST_STEP][PASSED] - orPath_TaxInfo = "Object Repository/RAD_Pages/TaxInfo_Page": null

2023-09-26 18:12:29 - [TEST_STEP][PASSED] - selectOptionByLabel(findTestObject(orPath_Landing + "/dd_TaxType"), "New Tax Return Amount Due", false): All options with label 'New Tax Return Amount Due' are selected in object 'Object Repository/RAD_Pages/Landing_Page/dd_TaxType' 

2023-09-26 18:12:29 - [MESSAGE][PASSED] - All options with label 'New Tax Return Amount Due' are selected in object 'Object Repository/RAD_Pages/Landing_Page/dd_TaxType' 

2023-09-26 18:12:29 - [TEST_STEP][PASSED] - totalOptionsPaymentType = getNumberOfTotalOption(findTestObject("Object Repository/RAD_Pages/Landing_Page/select_NewTaxReturnAmountDue_TaxType")): 21 options of object 'Object Repository/RAD_Pages/Landing_Page/select_NewTaxReturnAmountDue_TaxType' counted

2023-09-26 18:12:30 - [MESSAGE][PASSED] - 21 options of object 'Object Repository/RAD_Pages/Landing_Page/select_NewTaxReturnAmountDue_TaxType' counted

2023-09-26 18:12:30 - [TEST_STEP][PASSED] - if (verifyEqual(totalOptionsPaymentType, 21)): null

2023-09-26 18:12:30 - [MESSAGE][PASSED] - Actual object '21' and expected object '21' are equal

2023-09-26 18:12:30 - [TEST_STEP][PASSED] - out.println("Total Options for Payment Type are correct: " + totalOptionsPaymentType): null

2023-09-26 18:12:30 - [TEST_STEP][PASSED] - markPassed("Total Options are correct for Payment Type"): Total Options are correct for Payment Type

2023-09-26 18:12:30 - [MESSAGE][PASSED] - Total Options are correct for Payment Type

2023-09-26 18:12:30 - [TEST_STEP][PASSED] - verifyOptionsPresent(findTestObject("Object Repository/RAD_Pages/Landing_Page/select_NewTaxReturnAmountDue_TaxType"), ["Fiduciary Tax", "Personal Income Tax", "PTE Non-Electing Non-S Corp", "PTE Non-Electing S Corp", "PTE Tax Electing Non-S Corp", "PTE Tax Electing S Corp"]): Options [Fiduciary Tax, Personal Income Tax, PTE Non-Electing Non-S Corp, PTE Non-Electing S Corp, PTE Tax Electing Non-S Corp, PTE Tax Electing S Corp] present.

2023-09-26 18:12:31 - [MESSAGE][PASSED] - Options [Fiduciary Tax, Personal Income Tax, PTE Non-Electing Non-S Corp, PTE Non-Electing S Corp, PTE Tax Electing Non-S Corp, PTE Tax Electing S Corp] present.

2023-09-26 18:12:31 - [TEST_STEP][PASSED] - verifyElementPresent(findTestObject(orPath_TaxTypeFilingYear + "/select_FilingYear"), 30): Object 'Object Repository/RAD_Pages/TaxTypeFilingYear_Page/select_FilingYear' is present

2023-09-26 18:12:31 - [MESSAGE][PASSED] - Object 'Object Repository/RAD_Pages/TaxTypeFilingYear_Page/select_FilingYear' is present

2023-09-26 18:12:31 - [TEST_STEP][PASSED] - verifyElementVisible(findTestObject(orPath_TaxTypeFilingYear + "/select_FilingYear")): Object 'Object Repository/RAD_Pages/TaxTypeFilingYear_Page/select_FilingYear' is visible

2023-09-26 18:12:32 - [MESSAGE][PASSED] - Object 'Object Repository/RAD_Pages/TaxTypeFilingYear_Page/select_FilingYear' is visible

2023-09-26 18:12:32 - [TEST_STEP][PASSED] - totalOptionsFilingYear = getNumberOfTotalOption(findTestObject(orPath_TaxTypeFilingYear + "/select_FilingYear")): 4 options of object 'Object Repository/RAD_Pages/TaxTypeFilingYear_Page/select_FilingYear' counted

2023-09-26 18:12:32 - [MESSAGE][PASSED] - 4 options of object 'Object Repository/RAD_Pages/TaxTypeFilingYear_Page/select_FilingYear' counted

2023-09-26 18:12:32 - [TEST_STEP][PASSED] - verifyEqual(totalOptionsFilingYear, 4): Actual object '4' and expected object '4' are equal

2023-09-26 18:12:32 - [MESSAGE][PASSED] - Actual object '4' and expected object '4' are equal

2023-09-26 18:12:32 - [TEST_STEP][PASSED] - verifyOptionsPresent(findTestObject(orPath_TaxTypeFilingYear + "/select_FilingYear"), ["Select", "2023", "2022", "2021"]): Options [Select, 2023, 2022, 2021] present.

2023-09-26 18:12:33 - [MESSAGE][PASSED] - Options [Select, 2023, 2022, 2021] present.

2023-09-26 18:12:33 - [TEST_STEP][PASSED] - verifyElementNotVisible(findTestObject(orPath_TaxTypeFilingYear + "/select_PeriodEnding")): Object 'Object Repository/RAD_Pages/TaxTypeFilingYear_Page/select_PeriodEnding' is NOT visible

2023-09-26 18:12:33 - [MESSAGE][PASSED] - Object 'Object Repository/RAD_Pages/TaxTypeFilingYear_Page/select_PeriodEnding' is NOT visible

2023-09-26 18:12:33 - [TEST_STEP][PASSED] - verifyTextPresent("Payment Type/Filing Year", true): Text 'Payment Type/Filing Year' is present on page  using regular expression

2023-09-26 18:12:34 - [MESSAGE][PASSED] - Text 'Payment Type/Filing Year' is present on page  using regular expression

2023-09-26 18:12:34 - [TEST_STEP][PASSED] - verifyTextPresent("Taxpayer", true): Text 'Taxpayer' is present on page  using regular expression

2023-09-26 18:12:34 - [MESSAGE][PASSED] - Text 'Taxpayer' is present on page  using regular expression

2023-09-26 18:12:34 - [TEST_STEP][PASSED] - verifyTextPresent("Provide the following taxpayer information", true): Text 'Provide the following taxpayer information' is present on page  using regular expression

2023-09-26 18:12:34 - [MESSAGE][PASSED] - Text 'Provide the following taxpayer information' is present on page  using regular expression

2023-09-26 18:12:34 - [TEST_STEP][PASSED] - verifyTextPresent("Note: If you are paying on behalf of the Taxpayer, enter Taxpayer", true): Text 'Note: If you are paying on behalf of the Taxpayer, enter Taxpayer' is present on page  using regular expression

2023-09-26 18:12:35 - [MESSAGE][PASSED] - Text 'Note: If you are paying on behalf of the Taxpayer, enter Taxpayer' is present on page  using regular expression

2023-09-26 18:12:35 - [TEST_STEP][PASSED] - verifyTextPresent("information here. If you are making a payment for the Taxpayer, you will be required later to enter your own credit card, billing address and other pertinent information", true): Text 'information here. If you are making a payment for the Taxpayer, you will be required later to enter your own credit card, billing address and other pertinent information' is present on page  using regular expression

2023-09-26 18:12:35 - [MESSAGE][PASSED] - Text 'information here. If you are making a payment for the Taxpayer, you will be required later to enter your own credit card, billing address and other pertinent information' is present on page  using regular expression

2023-09-26 18:12:35 - [TEST_STEP][PASSED] - verifyTextPresent("Address and Contact Information", true): Text 'Address and Contact Information' is present on page  using regular expression

2023-09-26 18:12:36 - [MESSAGE][PASSED] - Text 'Address and Contact Information' is present on page  using regular expression

2023-09-26 18:12:36 - [TEST_STEP][PASSED] - verifyTextPresent("Enter the taxpayer", true): Text 'Enter the taxpayer' is present on page  using regular expression

2023-09-26 18:12:36 - [MESSAGE][PASSED] - Text 'Enter the taxpayer' is present on page  using regular expression

2023-09-26 18:12:36 - [TEST_STEP][PASSED] - verifyTextPresent("address and contact information", true): Text 'address and contact information' is present on page  using regular expression

2023-09-26 18:12:36 - [MESSAGE][PASSED] - Text 'address and contact information' is present on page  using regular expression

2023-09-26 18:12:36 - [TEST_STEP][PASSED] - verifyTextPresent("Payment Amount", true): Text 'Payment Amount' is present on page  using regular expression

2023-09-26 18:12:37 - [MESSAGE][PASSED] - Text 'Payment Amount' is present on page  using regular expression

2023-09-26 18:12:37 - [TEST_STEP][PASSED] - verifyTextPresent("Service Fee: This electronic government service includes a service/convenience fee. Click here for details", true): Text 'Service Fee: This electronic government service includes a service/convenience fee. Click here for details' is present on page  using regular expression

2023-09-26 18:12:37 - [MESSAGE][PASSED] - Text 'Service Fee: This electronic government service includes a service/convenience fee. Click here for details' is present on page  using regular expression

2023-09-26 18:12:37 - [TEST_STEP][PASSED] - verifyElementPresent(findTestObject(orPath_Amount + "/a_Click here for details"), 30): Object 'Object Repository/RAD_Pages/PaymentAmount_Page/a_Click here for details' is present

2023-09-26 18:12:38 - [MESSAGE][PASSED] - Object 'Object Repository/RAD_Pages/PaymentAmount_Page/a_Click here for details' is present

2023-09-26 18:12:38 - [TEST_STEP][PASSED] - verifyElementPresent(findTestObject(orPath_Landing + "/button_Continue"), 30): Object 'Object Repository/RAD_Pages/Landing_Page/button_Continue' is present

2023-09-26 18:12:38 - [MESSAGE][PASSED] - Object 'Object Repository/RAD_Pages/Landing_Page/button_Continue' is present

2023-09-26 18:12:38 - [TEST_STEP][PASSED] - verifyElementNotVisible(findTestObject(orPath_TaxPayer + "/input_Note_businessName")): Object 'Object Repository/RAD_Pages/Taxpayer_Page/input_Note_businessName' is NOT visible

2023-09-26 18:12:38 - [MESSAGE][PASSED] - Object 'Object Repository/RAD_Pages/Taxpayer_Page/input_Note_businessName' is NOT visible

2023-09-26 18:12:38 - [TEST_STEP][PASSED] - verifyElementPresent(findTestObject(orPath_TaxPayer + "/input_firstName"), 30): Object 'Object Repository/RAD_Pages/Taxpayer_Page/input_firstName' is present

2023-09-26 18:12:39 - [MESSAGE][PASSED] - Object 'Object Repository/RAD_Pages/Taxpayer_Page/input_firstName' is present

2023-09-26 18:12:39 - [TEST_STEP][PASSED] - verifyElementPresent(findTestObject(orPath_TaxPayer + "/input_middleName"), 30): Object 'Object Repository/RAD_Pages/Taxpayer_Page/input_middleName' is present

2023-09-26 18:12:39 - [MESSAGE][PASSED] - Object 'Object Repository/RAD_Pages/Taxpayer_Page/input_middleName' is present

2023-09-26 18:12:39 - [TEST_STEP][PASSED] - verifyElementPresent(findTestObject(orPath_TaxPayer + "/input_lastName"), 30): Object 'Object Repository/RAD_Pages/Taxpayer_Page/input_lastName' is present

2023-09-26 18:12:39 - [MESSAGE][PASSED] - Object 'Object Repository/RAD_Pages/Taxpayer_Page/input_lastName' is present

2023-09-26 18:12:39 - [TEST_STEP][PASSED] - verifyElementPresent(findTestObject(orPath_TaxPayer + "/input_suffix"), 30): Object 'Object Repository/RAD_Pages/Taxpayer_Page/input_suffix' is present

2023-09-26 18:12:40 - [MESSAGE][PASSED] - Object 'Object Repository/RAD_Pages/Taxpayer_Page/input_suffix' is present

2023-09-26 18:12:40 - [TEST_STEP][PASSED] - verifyElementPresent(findTestObject("RAD_RecordAndPlay/input_concatSSN"), 30): Object 'Object Repository/RAD_RecordAndPlay/input_concatSSN' is present

2023-09-26 18:12:40 - [MESSAGE][PASSED] - Object 'Object Repository/RAD_RecordAndPlay/input_concatSSN' is present

2023-09-26 18:12:40 - [TEST_STEP][PASSED] - verifyElementPresent(findTestObject("RAD_RecordAndPlay/input_concatReSSN"), 30): Object 'Object Repository/RAD_RecordAndPlay/input_concatReSSN' is present

2023-09-26 18:12:41 - [MESSAGE][PASSED] - Object 'Object Repository/RAD_RecordAndPlay/input_concatReSSN' is present

2023-09-26 18:12:41 - [TEST_STEP][PASSED] - verifyElementPresent(findTestObject(orPath_AddressContact + "/select_Country"), 30): Object 'Object Repository/RAD_Pages/AddressAndContactInfo_Page/select_Country' is present

2023-09-26 18:12:41 - [MESSAGE][PASSED] - Object 'Object Repository/RAD_Pages/AddressAndContactInfo_Page/select_Country' is present

2023-09-26 18:12:41 - [TEST_STEP][PASSED] - verifyElementPresent(findTestObject(orPath_AddressContact + "/input_streetAddress1"), 30): Object 'Object Repository/RAD_Pages/AddressAndContactInfo_Page/input_streetAddress1' is present

2023-09-26 18:12:41 - [MESSAGE][PASSED] - Object 'Object Repository/RAD_Pages/AddressAndContactInfo_Page/input_streetAddress1' is present

2023-09-26 18:12:41 - [TEST_STEP][PASSED] - verifyElementPresent(findTestObject(orPath_AddressContact + "/input_streetAddress2"), 30): Object 'Object Repository/RAD_Pages/AddressAndContactInfo_Page/input_streetAddress2' is present

2023-09-26 18:12:42 - [MESSAGE][PASSED] - Object 'Object Repository/RAD_Pages/AddressAndContactInfo_Page/input_streetAddress2' is present

2023-09-26 18:12:42 - [TEST_STEP][PASSED] - verifyElementPresent(findTestObject(orPath_AddressContact + "/input_city"), 30): Object 'Object Repository/RAD_Pages/AddressAndContactInfo_Page/input_city' is present

2023-09-26 18:12:42 - [MESSAGE][PASSED] - Object 'Object Repository/RAD_Pages/AddressAndContactInfo_Page/input_city' is present

2023-09-26 18:12:42 - [TEST_STEP][PASSED] - verifyElementPresent(findTestObject(orPath_AddressContact + "/select_State"), 30): Object 'Object Repository/RAD_Pages/AddressAndContactInfo_Page/select_State' is present

2023-09-26 18:12:42 - [MESSAGE][PASSED] - Object 'Object Repository/RAD_Pages/AddressAndContactInfo_Page/select_State' is present

2023-09-26 18:12:42 - [TEST_STEP][PASSED] - verifyElementPresent(findTestObject(orPath_AddressContact + "/input_zipCode"), 30): Object 'Object Repository/RAD_Pages/AddressAndContactInfo_Page/input_zipCode' is present

2023-09-26 18:12:43 - [MESSAGE][PASSED] - Object 'Object Repository/RAD_Pages/AddressAndContactInfo_Page/input_zipCode' is present

2023-09-26 18:12:43 - [TEST_STEP][PASSED] - verifyElementPresent(findTestObject(orPath_AddressContact + "/input_phoneNumber"), 30): Object 'Object Repository/RAD_Pages/AddressAndContactInfo_Page/input_phoneNumber' is present

2023-09-26 18:12:43 - [MESSAGE][PASSED] - Object 'Object Repository/RAD_Pages/AddressAndContactInfo_Page/input_phoneNumber' is present

2023-09-26 18:12:43 - [TEST_STEP][PASSED] - verifyElementPresent(findTestObject(orPath_AddressContact + "/input_eMailAddress"), 30): Object 'Object Repository/RAD_Pages/AddressAndContactInfo_Page/input_eMailAddress' is present

2023-09-26 18:12:43 - [MESSAGE][PASSED] - Object 'Object Repository/RAD_Pages/AddressAndContactInfo_Page/input_eMailAddress' is present

2023-09-26 18:12:43 - [TEST_STEP][PASSED] - verifyElementPresent(findTestObject(orPath_AddressContact + "/input_reEnterEMailAddress"), 30): Object 'Object Repository/RAD_Pages/AddressAndContactInfo_Page/input_reEnterEMailAddress' is present

2023-09-26 18:12:44 - [MESSAGE][PASSED] - Object 'Object Repository/RAD_Pages/AddressAndContactInfo_Page/input_reEnterEMailAddress' is present

2023-09-26 18:12:44 - [TEST_STEP][PASSED] - verifyOptionsPresent(findTestObject(orPath_AddressContact + "/select_Country"), ["United States"]): Options [United States] present.

2023-09-26 18:12:44 - [MESSAGE][PASSED] - Options [United States] present.

2023-09-26 18:12:44 - [TEST_STEP][PASSED] - verifyOptionsPresent(findTestObject(orPath_AddressContact + "/select_State"), ["Alabama", "District of Columbia", "Maryland", "Virginia", "Wyoming"]): Options [Alabama, District of Columbia, Maryland, Virginia, Wyoming] present.

2023-09-26 18:12:45 - [MESSAGE][PASSED] - Options [Alabama, District of Columbia, Maryland, Virginia, Wyoming] present.

2023-09-26 18:12:45 - [TEST_STEP][PASSED] - totalOptionsState = getNumberOfTotalOption(findTestObject(orPath_AddressContact + "/select_State")): 52 options of object 'Object Repository/RAD_Pages/AddressAndContactInfo_Page/select_State' counted

2023-09-26 18:12:46 - [MESSAGE][PASSED] - 52 options of object 'Object Repository/RAD_Pages/AddressAndContactInfo_Page/select_State' counted

2023-09-26 18:12:46 - [TEST_STEP][PASSED] - verifyEqual(totalOptionsState, 52): Actual object '52' and expected object '52' are equal

2023-09-26 18:12:46 - [MESSAGE][PASSED] - Actual object '52' and expected object '52' are equal

2023-09-26 18:12:46 - [TEST_STEP][PASSED] - verifyTextPresent("Tax Information", true): Text 'Tax Information' is present on page  using regular expression

2023-09-26 18:12:47 - [MESSAGE][PASSED] - Text 'Tax Information' is present on page  using regular expression

2023-09-26 18:12:47 - [TEST_STEP][PASSED] - verifyElementVisible(findTestObject(orPath_TaxInfo + "/input_FederalEIN-2")): Object 'Object Repository/RAD_Pages/TaxInfo_Page/input_FederalEIN-2' is visible

2023-09-26 18:12:47 - [MESSAGE][PASSED] - Object 'Object Repository/RAD_Pages/TaxInfo_Page/input_FederalEIN-2' is visible

2023-09-26 18:12:47 - [TEST_STEP][PASSED] - verifyElementVisible(findTestObject(orPath_TaxInfo + "/input_FederalEIN_ReEnter-2")): Object 'Object Repository/RAD_Pages/TaxInfo_Page/input_FederalEIN_ReEnter-2' is visible

2023-09-26 18:12:47 - [MESSAGE][PASSED] - Object 'Object Repository/RAD_Pages/TaxInfo_Page/input_FederalEIN_ReEnter-2' is visible

2023-09-26 18:12:47 - [TEST_STEP][PASSED] - verifyTextPresent("Payment Amount", true): Text 'Payment Amount' is present on page  using regular expression

2023-09-26 18:12:48 - [MESSAGE][PASSED] - Text 'Payment Amount' is present on page  using regular expression

2023-09-26 18:12:48 - [TEST_STEP][PASSED] - verifyElementPresent(findTestObject(orPath_Amount + "/input__paymentAmount"), 30): Object 'Object Repository/RAD_Pages/PaymentAmount_Page/input__paymentAmount' is present

2023-09-26 18:12:48 - [MESSAGE][PASSED] - Object 'Object Repository/RAD_Pages/PaymentAmount_Page/input__paymentAmount' is present

2023-09-26 18:12:48 - [TEST_STEP][PASSED] - verifyElementVisible(findTestObject(orPath_Amount + "/input__paymentAmount")): Object 'Object Repository/RAD_Pages/PaymentAmount_Page/input__paymentAmount' is visible

2023-09-26 18:12:49 - [MESSAGE][PASSED] - Object 'Object Repository/RAD_Pages/PaymentAmount_Page/input__paymentAmount' is visible

2023-09-26 18:12:49 - [TEST_STEP][PASSED] - verifyTextPresent("Service Fee: This electronic government service includes a service/convenience fee. Click here for details", true): Text 'Service Fee: This electronic government service includes a service/convenience fee. Click here for details' is present on page  using regular expression

2023-09-26 18:12:49 - [MESSAGE][PASSED] - Text 'Service Fee: This electronic government service includes a service/convenience fee. Click here for details' is present on page  using regular expression

2023-09-26 18:12:49 - [TEST_STEP][PASSED] - verifyElementPresent(findTestObject(orPath_Amount + "/a_Click here for details"), 30): Object 'Object Repository/RAD_Pages/PaymentAmount_Page/a_Click here for details' is present

2023-09-26 18:12:49 - [MESSAGE][PASSED] - Object 'Object Repository/RAD_Pages/PaymentAmount_Page/a_Click here for details' is present

2023-09-26 18:12:49 - [TEST_STEP][PASSED] - verifyElementPresent(findTestObject(orPath_Landing + "/button_Continue"), 30): Object 'Object Repository/RAD_Pages/Landing_Page/button_Continue' is present

2023-09-26 18:12:50 - [MESSAGE][PASSED] - Object 'Object Repository/RAD_Pages/Landing_Page/button_Continue' is present]]></system-out>
         <system-err><![CDATA[]]></system-err>
      </testcase>
      <system-out><![CDATA[2023-09-26 17:58:07 - [TEST_SUITE][FAILED] - RAD_UI_TestSuite: Test Cases/RAD_TestCases/UI_TestCases/Estimated/Estimated_PTENonElectingNonSCorp_UI_TC FAILED.
Reason:
com.kms.katalon.core.exception.StepFailedException: Object 'Object Repository/RAD_Pages/TaxInfo_Page/input_FederalEIN-2' is NOT visible (Root cause: com.kms.katalon.core.exception.StepFailedException: Object 'Object Repository/RAD_Pages/TaxInfo_Page/input_FederalEIN-2' is NOT visible
	at com.kms.katalon.core.webui.keyword.internal.WebUIKeywordMain.stepFailed(WebUIKeywordMain.groovy:64)
	at com.kms.katalon.core.webui.keyword.builtin.VerifyElementVisibleKeyword$_verifyElementVisible_closure1.doCall(VerifyElementVisibleKeyword.groovy:83)
	at com.kms.katalon.core.webui.keyword.builtin.VerifyElementVisibleKeyword$_verifyElementVisible_closure1.call(VerifyElementVisibleKeyword.groovy)
	at com.kms.katalon.core.webui.keyword.internal.WebUIKeywordMain.runKeyword(WebUIKeywordMain.groovy:20)
	at com.kms.katalon.core.webui.keyword.builtin.VerifyElementVisibleKeyword.verifyElementVisible(VerifyElementVisibleKeyword.groovy:97)
	at com.kms.katalon.core.webui.keyword.builtin.VerifyElementVisibleKeyword.execute(VerifyElementVisibleKeyword.groovy:67)
	at com.kms.katalon.core.keyword.internal.KeywordExecutor.executeKeywordForPlatform(KeywordExecutor.groovy:74)
	at com.kms.katalon.core.webui.keyword.WebUiBuiltInKeywords.verifyElementVisible(WebUiBuiltInKeywords.groovy:376)
	at com.kms.katalon.core.webui.keyword.WebUiBuiltInKeywords$verifyElementVisible$8.call(Unknown Source)
	at Estimated_PTENonElectingNonSCorp_UI_TC.run(Estimated_PTENonElectingNonSCorp_UI_TC:115)
	at com.kms.katalon.core.main.ScriptEngine.run(ScriptEngine.java:194)
	at com.kms.katalon.core.main.ScriptEngine.runScriptAsRawText(ScriptEngine.java:119)
	at com.kms.katalon.core.main.TestCaseExecutor.runScript(TestCaseExecutor.java:448)
	at com.kms.katalon.core.main.TestCaseExecutor.doExecute(TestCaseExecutor.java:439)
	at com.kms.katalon.core.main.TestCaseExecutor.processExecutionPhase(TestCaseExecutor.java:418)
	at com.kms.katalon.core.main.TestCaseExecutor.accessMainPhase(TestCaseExecutor.java:410)
	at com.kms.katalon.core.main.TestCaseExecutor.execute(TestCaseExecutor.java:285)
	at com.kms.katalon.core.common.CommonExecutor.accessTestCaseMainPhase(CommonExecutor.java:65)
	at com.kms.katalon.core.main.TestSuiteExecutor.accessTestSuiteMainPhase(TestSuiteExecutor.java:148)
	at com.kms.katalon.core.main.TestSuiteExecutor.execute(TestSuiteExecutor.java:106)
	at com.kms.katalon.core.main.TestCaseMain.startTestSuite(TestCaseMain.java:187)
	at com.kms.katalon.core.main.TestCaseMain$startTestSuite$0.call(Unknown Source)
	at TempTestSuite1695765482532.run(TempTestSuite1695765482532.groovy:36)
)
	at com.kms.katalon.core.keyword.internal.KeywordMain.stepFailed(KeywordMain.groovy:39)
	at com.kms.katalon.core.webui.keyword.internal.WebUIKeywordMain.stepFailed(WebUIKeywordMain.groovy:64)
	at com.kms.katalon.core.webui.keyword.builtin.VerifyElementVisibleKeyword$_verifyElementVisible_closure1.doCall(VerifyElementVisibleKeyword.groovy:83)
	at com.kms.katalon.core.webui.keyword.builtin.VerifyElementVisibleKeyword$_verifyElementVisible_closure1.call(VerifyElementVisibleKeyword.groovy)
	at com.kms.katalon.core.webui.keyword.internal.WebUIKeywordMain.runKeyword(WebUIKeywordMain.groovy:20)
	at com.kms.katalon.core.webui.keyword.builtin.VerifyElementVisibleKeyword.verifyElementVisible(VerifyElementVisibleKeyword.groovy:97)
	at com.kms.katalon.core.webui.keyword.builtin.VerifyElementVisibleKeyword.execute(VerifyElementVisibleKeyword.groovy:67)
	at com.kms.katalon.core.keyword.internal.KeywordExecutor.executeKeywordForPlatform(KeywordExecutor.groovy:74)
	at com.kms.katalon.core.webui.keyword.WebUiBuiltInKeywords.verifyElementVisible(WebUiBuiltInKeywords.groovy:376)
	at com.kms.katalon.core.webui.keyword.WebUiBuiltInKeywords$verifyElementVisible$8.call(Unknown Source)
	at Estimated_PTENonElectingNonSCorp_UI_TC.run(Estimated_PTENonElectingNonSCorp_UI_TC:115)
	at com.kms.katalon.core.main.ScriptEngine.run(ScriptEngine.java:194)
	at com.kms.katalon.core.main.ScriptEngine.runScriptAsRawText(ScriptEngine.java:119)
	at com.kms.katalon.core.main.TestCaseExecutor.runScript(TestCaseExecutor.java:448)
	at com.kms.katalon.core.main.TestCaseExecutor.doExecute(TestCaseExecutor.java:439)
	at com.kms.katalon.core.main.TestCaseExecutor.processExecutionPhase(TestCaseExecutor.java:418)
	at com.kms.katalon.core.main.TestCaseExecutor.accessMainPhase(TestCaseExecutor.java:410)
	at com.kms.katalon.core.main.TestCaseExecutor.execute(TestCaseExecutor.java:285)
	at com.kms.katalon.core.common.CommonExecutor.accessTestCaseMainPhase(CommonExecutor.java:65)
	at com.kms.katalon.core.main.TestSuiteExecutor.accessTestSuiteMainPhase(TestSuiteExecutor.java:148)
	at com.kms.katalon.core.main.TestSuiteExecutor.execute(TestSuiteExecutor.java:106)
	at com.kms.katalon.core.main.TestCaseMain.startTestSuite(TestCaseMain.java:187)
	at com.kms.katalon.core.main.TestCaseMain$startTestSuite$0.call(Unknown Source)
	at TempTestSuite1695765482532.run(TempTestSuite1695765482532.groovy:36)
Caused by: com.kms.katalon.core.exception.StepFailedException: Object 'Object Repository/RAD_Pages/TaxInfo_Page/input_FederalEIN-2' is NOT visible
	... 23 more]]></system-out>
      <system-err><![CDATA[2023-09-26 17:58:07 - [TEST_SUITE][FAILED] - RAD_UI_TestSuite: Test Cases/RAD_TestCases/UI_TestCases/Estimated/Estimated_PTENonElectingNonSCorp_UI_TC FAILED.
Reason:
com.kms.katalon.core.exception.StepFailedException: Object 'Object Repository/RAD_Pages/TaxInfo_Page/input_FederalEIN-2' is NOT visible (Root cause: com.kms.katalon.core.exception.StepFailedException: Object 'Object Repository/RAD_Pages/TaxInfo_Page/input_FederalEIN-2' is NOT visible
	at com.kms.katalon.core.webui.keyword.internal.WebUIKeywordMain.stepFailed(WebUIKeywordMain.groovy:64)
	at com.kms.katalon.core.webui.keyword.builtin.VerifyElementVisibleKeyword$_verifyElementVisible_closure1.doCall(VerifyElementVisibleKeyword.groovy:83)
	at com.kms.katalon.core.webui.keyword.builtin.VerifyElementVisibleKeyword$_verifyElementVisible_closure1.call(VerifyElementVisibleKeyword.groovy)
	at com.kms.katalon.core.webui.keyword.internal.WebUIKeywordMain.runKeyword(WebUIKeywordMain.groovy:20)
	at com.kms.katalon.core.webui.keyword.builtin.VerifyElementVisibleKeyword.verifyElementVisible(VerifyElementVisibleKeyword.groovy:97)
	at com.kms.katalon.core.webui.keyword.builtin.VerifyElementVisibleKeyword.execute(VerifyElementVisibleKeyword.groovy:67)
	at com.kms.katalon.core.keyword.internal.KeywordExecutor.executeKeywordForPlatform(KeywordExecutor.groovy:74)
	at com.kms.katalon.core.webui.keyword.WebUiBuiltInKeywords.verifyElementVisible(WebUiBuiltInKeywords.groovy:376)
	at com.kms.katalon.core.webui.keyword.WebUiBuiltInKeywords$verifyElementVisible$8.call(Unknown Source)
	at Estimated_PTENonElectingNonSCorp_UI_TC.run(Estimated_PTENonElectingNonSCorp_UI_TC:115)
	at com.kms.katalon.core.main.ScriptEngine.run(ScriptEngine.java:194)
	at com.kms.katalon.core.main.ScriptEngine.runScriptAsRawText(ScriptEngine.java:119)
	at com.kms.katalon.core.main.TestCaseExecutor.runScript(TestCaseExecutor.java:448)
	at com.kms.katalon.core.main.TestCaseExecutor.doExecute(TestCaseExecutor.java:439)
	at com.kms.katalon.core.main.TestCaseExecutor.processExecutionPhase(TestCaseExecutor.java:418)
	at com.kms.katalon.core.main.TestCaseExecutor.accessMainPhase(TestCaseExecutor.java:410)
	at com.kms.katalon.core.main.TestCaseExecutor.execute(TestCaseExecutor.java:285)
	at com.kms.katalon.core.common.CommonExecutor.accessTestCaseMainPhase(CommonExecutor.java:65)
	at com.kms.katalon.core.main.TestSuiteExecutor.accessTestSuiteMainPhase(TestSuiteExecutor.java:148)
	at com.kms.katalon.core.main.TestSuiteExecutor.execute(TestSuiteExecutor.java:106)
	at com.kms.katalon.core.main.TestCaseMain.startTestSuite(TestCaseMain.java:187)
	at com.kms.katalon.core.main.TestCaseMain$startTestSuite$0.call(Unknown Source)
	at TempTestSuite1695765482532.run(TempTestSuite1695765482532.groovy:36)
)
	at com.kms.katalon.core.keyword.internal.KeywordMain.stepFailed(KeywordMain.groovy:39)
	at com.kms.katalon.core.webui.keyword.internal.WebUIKeywordMain.stepFailed(WebUIKeywordMain.groovy:64)
	at com.kms.katalon.core.webui.keyword.builtin.VerifyElementVisibleKeyword$_verifyElementVisible_closure1.doCall(VerifyElementVisibleKeyword.groovy:83)
	at com.kms.katalon.core.webui.keyword.builtin.VerifyElementVisibleKeyword$_verifyElementVisible_closure1.call(VerifyElementVisibleKeyword.groovy)
	at com.kms.katalon.core.webui.keyword.internal.WebUIKeywordMain.runKeyword(WebUIKeywordMain.groovy:20)
	at com.kms.katalon.core.webui.keyword.builtin.VerifyElementVisibleKeyword.verifyElementVisible(VerifyElementVisibleKeyword.groovy:97)
	at com.kms.katalon.core.webui.keyword.builtin.VerifyElementVisibleKeyword.execute(VerifyElementVisibleKeyword.groovy:67)
	at com.kms.katalon.core.keyword.internal.KeywordExecutor.executeKeywordForPlatform(KeywordExecutor.groovy:74)
	at com.kms.katalon.core.webui.keyword.WebUiBuiltInKeywords.verifyElementVisible(WebUiBuiltInKeywords.groovy:376)
	at com.kms.katalon.core.webui.keyword.WebUiBuiltInKeywords$verifyElementVisible$8.call(Unknown Source)
	at Estimated_PTENonElectingNonSCorp_UI_TC.run(Estimated_PTENonElectingNonSCorp_UI_TC:115)
	at com.kms.katalon.core.main.ScriptEngine.run(ScriptEngine.java:194)
	at com.kms.katalon.core.main.ScriptEngine.runScriptAsRawText(ScriptEngine.java:119)
	at com.kms.katalon.core.main.TestCaseExecutor.runScript(TestCaseExecutor.java:448)
	at com.kms.katalon.core.main.TestCaseExecutor.doExecute(TestCaseExecutor.java:439)
	at com.kms.katalon.core.main.TestCaseExecutor.processExecutionPhase(TestCaseExecutor.java:418)
	at com.kms.katalon.core.main.TestCaseExecutor.accessMainPhase(TestCaseExecutor.java:410)
	at com.kms.katalon.core.main.TestCaseExecutor.execute(TestCaseExecutor.java:285)
	at com.kms.katalon.core.common.CommonExecutor.accessTestCaseMainPhase(CommonExecutor.java:65)
	at com.kms.katalon.core.main.TestSuiteExecutor.accessTestSuiteMainPhase(TestSuiteExecutor.java:148)
	at com.kms.katalon.core.main.TestSuiteExecutor.execute(TestSuiteExecutor.java:106)
	at com.kms.katalon.core.main.TestCaseMain.startTestSuite(TestCaseMain.java:187)
	at com.kms.katalon.core.main.TestCaseMain$startTestSuite$0.call(Unknown Source)
	at TempTestSuite1695765482532.run(TempTestSuite1695765482532.groovy:36)
Caused by: com.kms.katalon.core.exception.StepFailedException: Object 'Object Repository/RAD_Pages/TaxInfo_Page/input_FederalEIN-2' is NOT visible
	... 23 more]]></system-err>
   </testsuite>
</testsuites>
