<?xml version="1.0" encoding="UTF-8"?>
<testsuites name="AdminSuiteBootstrap_MRF_TestSuite" time="763.344" tests="8" failures="3" errors="0">
   <testsuite name="AdminSuiteBootstrap_MRF_TestSuite" tests="8" failures="3" errors="0" time="763.344" skipped="0" timestamp="2024-10-31 21:39:40" hostname="imtiaz - DESKTOP-B2QI6NS.govolution.com" id="Test Suites/QA/VT-Bootstrap/AdminSuiteBootstrap_MRF_TestSuite">
      <properties>
         <property name="deviceName" value=""/>
         <property name="devicePlatform" value=""/>
         <property name="logFolder" value="E:\\Cloned-Project-Katalon\\VPS-Katalon\\Reports\\20241031_213928\\QA\\VT-Bootstrap\\AdminSuiteBootstrap_MRF_TestSuite\\20241031_213929"/>
         <property name="logFiles" value="E:\\Cloned-Project-Katalon\\VPS-Katalon\\Reports\\20241031_213928\\QA\\VT-Bootstrap\\AdminSuiteBootstrap_MRF_TestSuite\\20241031_213929\\execution0.log"/>
         <property name="attachments" value="E:\\Cloned-Project-Katalon\\VPS-Katalon\\Reports\\20241031_213928\\QA\\VT-Bootstrap\\AdminSuiteBootstrap_MRF_TestSuite\\20241031_213929\\1730425336893.png, E:\\Cloned-Project-Katalon\\VPS-Katalon\\Reports\\20241031_213928\\QA\\VT-Bootstrap\\AdminSuiteBootstrap_MRF_TestSuite\\20241031_213929\\1730425447086.png, E:\\Cloned-Project-Katalon\\VPS-Katalon\\Reports\\20241031_213928\\QA\\VT-Bootstrap\\AdminSuiteBootstrap_MRF_TestSuite\\20241031_213929\\1730425516835.png, E:\\Cloned-Project-Katalon\\VPS-Katalon\\Reports\\20241031_213928\\QA\\VT-Bootstrap\\AdminSuiteBootstrap_MRF_TestSuite\\20241031_213929\\1730425586873.png, E:\\Cloned-Project-Katalon\\VPS-Katalon\\Reports\\20241031_213928\\QA\\VT-Bootstrap\\AdminSuiteBootstrap_MRF_TestSuite\\20241031_213929\\1730425658288.png, E:\\Cloned-Project-Katalon\\VPS-Katalon\\Reports\\20241031_213928\\QA\\VT-Bootstrap\\AdminSuiteBootstrap_MRF_TestSuite\\20241031_213929\\1730425729884.png, E:\\Cloned-Project-Katalon\\VPS-Katalon\\Reports\\20241031_213928\\QA\\VT-Bootstrap\\AdminSuiteBootstrap_MRF_TestSuite\\20241031_213929\\1730425799976.png, E:\\Cloned-Project-Katalon\\VPS-Katalon\\Reports\\20241031_213928\\QA\\VT-Bootstrap\\AdminSuiteBootstrap_MRF_TestSuite\\20241031_213929\\1730425872121.png"/>
         <property name="hostName" value="imtiaz - DESKTOP-B2QI6NS.govolution.com"/>
         <property name="os" value="Windows 10 64bit"/>
         <property name="katalonVersion" value="8.6.9.208"/>
         <property name="browser" value="Chrome 130.0.0.0"/>
         <property name="hostAddress" value="172.31.253.185"/>
         <property name="sessionId" value="e0a0a01b1055bcd65879082b271d6137"/>
         <property name="seleniumVersion" value="3.141.59"/>
         <property name="proxyInformation" value="ProxyInformation { proxyOption=NO_PROXY, proxyServerType=HTTP, username=, password=********, proxyServerAddress=, proxyServerPort=0, executionList=&quot;&quot;, isApplyToDesiredCapabilities=true }"/>
         <property name="platform" value="Windows 10"/>
      </properties>
      <testcase name="Test Cases/Admin Suite Bootstrap/VT_TestCases/VerifySaleKeyboard_MRF_TC" time="24.709" classname="Test Cases/Admin Suite Bootstrap/VT_TestCases/VerifySaleKeyboard_MRF_TC" status="PASSED">
         <system-out><![CDATA[2024-10-31 21:39:41 - [TEST_CASE][PASSED] - Test Cases/Admin Suite Bootstrap/VT_TestCases/VerifySaleKeyboard_MRF_TC: Test Cases/Admin Suite Bootstrap/VT_TestCases/VerifySaleKeyboard_MRF_TC

2024-10-31 21:39:41 - [TEST_STEP][PASSED] - path_Dashboard = "Object Repository/AdminSuiteBootstrap_Pages/Dashboard_Bootstrap/": null

2024-10-31 21:39:41 - [TEST_STEP][PASSED] - path_VT = "Object Repository/AdminSuiteBootstrap_Pages/VT_Bootstrap/IssueTransactions/": null

2024-10-31 21:39:41 - [TEST_STEP][PASSED] - path_SaleKB = "Object Repository/AdminSuiteBootstrap_Pages/VT_Bootstrap/SaleKeyboard/": null

2024-10-31 21:39:41 - [TEST_STEP][PASSED] - appliID = "238": null

2024-10-31 21:39:42 - [TEST_STEP][PASSED] - li_1 = "/admin/imtiaz/bootstrap/vpos/": null

2024-10-31 21:39:42 - [TEST_STEP][PASSED] - li_2 = "/transactions/AuthCapForm/": null

2024-10-31 21:39:42 - [TEST_STEP][PASSED] - hrefAppID = li_1 + appliID + li_2: null

2024-10-31 21:39:42 - [TEST_STEP][PASSED] - out.println("hrefID is : " + hrefAppID): null

2024-10-31 21:39:42 - [TEST_STEP][PASSED] - adminSuiteBootstrap.loginFunctionality.login_AdminSuite(): adminSuiteBootstrap.loginFunctionality.login_AdminSuite is PASSED

2024-10-31 21:39:42 - [MESSAGE][INFO] - Starting 'Chrome' driver

2024-10-31 21:39:42 - [MESSAGE][INFO] - User set preference: ['acceptInsecureCerts', 'true']

2024-10-31 21:39:43 - [MESSAGE][INFO] - Action delay is set to 0 milliseconds

2024-10-31 21:39:47 - [MESSAGE][PASSED] - Browser is opened with url: 'https://qa2.velocitypayment.com/admin/imtiaz'

2024-10-31 21:39:47 - [MESSAGE][PASSED] - Current window maximized

2024-10-31 21:39:47 - [MESSAGE][PASSED] - Object 'Object Repository/Login_Page/Login_Username_Okta' is present

2024-10-31 21:39:48 - [MESSAGE][PASSED] - Text 'iahmed' is set on object 'Object Repository/Login_Page/Login_Username_Okta'

2024-10-31 21:39:49 - [MESSAGE][PASSED] - Text 'Hello!7777777' is set on object 'Object Repository/Login_Page/Login_Password_Okta'

2024-10-31 21:39:49 - [MESSAGE][PASSED] - Object: 'Object Repository/Login_Page/Login_Submit_Okta' is clicked on

2024-10-31 21:39:49 - [MESSAGE][PASSED] - adminSuiteBootstrap.loginFunctionality.login_AdminSuite is PASSED

2024-10-31 21:39:49 - [TEST_STEP][PASSED] - click(findTestObject(path_Dashboard + "span_Payment")): Object: 'Object Repository/AdminSuiteBootstrap_Pages/Dashboard_Bootstrap/span_Payment' is clicked on

2024-10-31 21:39:59 - [MESSAGE][PASSED] - Object: 'Object Repository/AdminSuiteBootstrap_Pages/Dashboard_Bootstrap/span_Payment' is clicked on

2024-10-31 21:39:59 - [TEST_STEP][PASSED] - click(findTestObject(path_Dashboard + "a_HelloWorld3")): Object: 'Object Repository/AdminSuiteBootstrap_Pages/Dashboard_Bootstrap/a_HelloWorld3' is clicked on

2024-10-31 21:40:00 - [MESSAGE][PASSED] - Object: 'Object Repository/AdminSuiteBootstrap_Pages/Dashboard_Bootstrap/a_HelloWorld3' is clicked on

2024-10-31 21:40:00 - [TEST_STEP][PASSED] - click(findTestObject(path_VT + "button_Authorization  Capture (Sale)")): Object: 'Object Repository/AdminSuiteBootstrap_Pages/VT_Bootstrap/IssueTransactions/button_Authorization  Capture (Sale)' is clicked on

2024-10-31 21:40:00 - [MESSAGE][PASSED] - Object: 'Object Repository/AdminSuiteBootstrap_Pages/VT_Bootstrap/IssueTransactions/button_Authorization  Capture (Sale)' is clicked on

2024-10-31 21:40:00 - [TEST_STEP][PASSED] - saleKeyboardEntryLink = modifyObjectProperty(findTestObject(path_VT + "a_KeyboardEntry_Sale"), "href", "equals", hrefAppID, true): Modify property of object successfully

2024-10-31 21:40:00 - [MESSAGE][PASSED] - Modify property of object successfully

2024-10-31 21:40:00 - [TEST_STEP][PASSED] - click(saleKeyboardEntryLink): Object: 'Object Repository/AdminSuiteBootstrap_Pages/VT_Bootstrap/IssueTransactions/a_KeyboardEntry_Sale' is clicked on

2024-10-31 21:40:01 - [MESSAGE][PASSED] - Object: 'Object Repository/AdminSuiteBootstrap_Pages/VT_Bootstrap/IssueTransactions/a_KeyboardEntry_Sale' is clicked on

2024-10-31 21:40:01 - [TEST_STEP][PASSED] - click(findTestObject(path_SaleKB + "button_Submit")): Object: 'Object Repository/AdminSuiteBootstrap_Pages/VT_Bootstrap/SaleKeyboard/button_Submit' is clicked on

2024-10-31 21:40:02 - [MESSAGE][PASSED] - Object: 'Object Repository/AdminSuiteBootstrap_Pages/VT_Bootstrap/SaleKeyboard/button_Submit' is clicked on

2024-10-31 21:40:02 - [TEST_STEP][PASSED] - verifyTextPresent("Card Name is required", true): Text 'Card Name is required' is present on page  using regular expression

2024-10-31 21:40:03 - [MESSAGE][PASSED] - Text 'Card Name is required' is present on page  using regular expression

2024-10-31 21:40:03 - [TEST_STEP][PASSED] - verifyTextPresent("Card Number is required", true): Text 'Card Number is required' is present on page  using regular expression

2024-10-31 21:40:03 - [MESSAGE][PASSED] - Text 'Card Number is required' is present on page  using regular expression

2024-10-31 21:40:03 - [TEST_STEP][PASSED] - verifyTextPresent("Card Expiration Month is required", true): Text 'Card Expiration Month is required' is present on page  using regular expression

2024-10-31 21:40:03 - [MESSAGE][PASSED] - Text 'Card Expiration Month is required' is present on page  using regular expression

2024-10-31 21:40:03 - [TEST_STEP][PASSED] - verifyTextPresent("Card Expiration Year is required", true): Text 'Card Expiration Year is required' is present on page  using regular expression

2024-10-31 21:40:04 - [MESSAGE][PASSED] - Text 'Card Expiration Year is required' is present on page  using regular expression

2024-10-31 21:40:04 - [TEST_STEP][PASSED] - verifyTextPresent("Address is required", true): Text 'Address is required' is present on page  using regular expression

2024-10-31 21:40:04 - [MESSAGE][PASSED] - Text 'Address is required' is present on page  using regular expression

2024-10-31 21:40:04 - [TEST_STEP][PASSED] - verifyTextPresent("ZIP Code is required", true): Text 'ZIP Code is required' is present on page  using regular expression

2024-10-31 21:40:05 - [MESSAGE][PASSED] - Text 'ZIP Code is required' is present on page  using regular expression

2024-10-31 21:40:05 - [TEST_STEP][PASSED] - verifyTextPresent("Amount is required", true): Text 'Amount is required' is present on page  using regular expression

2024-10-31 21:40:05 - [MESSAGE][PASSED] - Text 'Amount is required' is present on page  using regular expression

2024-10-31 21:40:05 - [TEST_STEP][PASSED] - verifyTextPresent("This field is required", true): Text 'This field is required' is present on page  using regular expression

2024-10-31 21:40:05 - [MESSAGE][PASSED] - Text 'This field is required' is present on page  using regular expression

2024-10-31 21:40:05 - [TEST_STEP][PASSED] - verifyTextPresent("This field is required", true): Text 'This field is required' is present on page  using regular expression

2024-10-31 21:40:06 - [MESSAGE][PASSED] - Text 'This field is required' is present on page  using regular expression]]></system-out>
         <system-err><![CDATA[]]></system-err>
      </testcase>
      <testcase name="Test Cases/Admin Suite Bootstrap/VT_TestCases/VerifyAuthOnlyKeyboard_MRF_TC" time="22.076" classname="Test Cases/Admin Suite Bootstrap/VT_TestCases/VerifyAuthOnlyKeyboard_MRF_TC" status="PASSED">
         <system-out><![CDATA[2024-10-31 21:40:06 - [TEST_CASE][PASSED] - Test Cases/Admin Suite Bootstrap/VT_TestCases/VerifyAuthOnlyKeyboard_MRF_TC: Test Cases/Admin Suite Bootstrap/VT_TestCases/VerifyAuthOnlyKeyboard_MRF_TC

2024-10-31 21:40:06 - [TEST_STEP][PASSED] - path_Dashboard = "Object Repository/AdminSuiteBootstrap_Pages/Dashboard_Bootstrap/": null

2024-10-31 21:40:06 - [TEST_STEP][PASSED] - path_VT = "Object Repository/AdminSuiteBootstrap_Pages/VT_Bootstrap/IssueTransactions/": null

2024-10-31 21:40:06 - [TEST_STEP][PASSED] - path_SaleKB = "Object Repository/AdminSuiteBootstrap_Pages/VT_Bootstrap/SaleKeyboard/": null

2024-10-31 21:40:06 - [TEST_STEP][PASSED] - appliID = "238": null

2024-10-31 21:40:06 - [TEST_STEP][PASSED] - li_1 = "/admin/imtiaz/bootstrap/vpos/": null

2024-10-31 21:40:06 - [TEST_STEP][PASSED] - li_2 = "/transactions/AuthOnlyForm/": null

2024-10-31 21:40:06 - [TEST_STEP][PASSED] - hrefAppID = li_1 + appliID + li_2: null

2024-10-31 21:40:06 - [TEST_STEP][PASSED] - out.println("hrefID is : " + hrefAppID): null

2024-10-31 21:40:06 - [TEST_STEP][PASSED] - adminSuiteBootstrap.loginFunctionality.login_AdminSuite(): adminSuiteBootstrap.loginFunctionality.login_AdminSuite is PASSED

2024-10-31 21:40:06 - [MESSAGE][WARNING] - A browser is already opened. Closing browser and opening a new one

2024-10-31 21:40:07 - [MESSAGE][INFO] - Starting 'Chrome' driver

2024-10-31 21:40:07 - [MESSAGE][INFO] - User set preference: ['acceptInsecureCerts', 'true']

2024-10-31 21:40:07 - [MESSAGE][INFO] - Action delay is set to 0 milliseconds

2024-10-31 21:40:10 - [MESSAGE][PASSED] - Browser is opened with url: 'https://qa2.velocitypayment.com/admin/imtiaz'

2024-10-31 21:40:10 - [MESSAGE][PASSED] - Current window maximized

2024-10-31 21:40:11 - [MESSAGE][PASSED] - Object 'Object Repository/Login_Page/Login_Username_Okta' is present

2024-10-31 21:40:11 - [MESSAGE][PASSED] - Text 'iahmed' is set on object 'Object Repository/Login_Page/Login_Username_Okta'

2024-10-31 21:40:12 - [MESSAGE][PASSED] - Text 'Hello!7777777' is set on object 'Object Repository/Login_Page/Login_Password_Okta'

2024-10-31 21:40:13 - [MESSAGE][PASSED] - Object: 'Object Repository/Login_Page/Login_Submit_Okta' is clicked on

2024-10-31 21:40:13 - [MESSAGE][PASSED] - adminSuiteBootstrap.loginFunctionality.login_AdminSuite is PASSED

2024-10-31 21:40:13 - [TEST_STEP][PASSED] - click(findTestObject(path_Dashboard + "span_Payment")): Object: 'Object Repository/AdminSuiteBootstrap_Pages/Dashboard_Bootstrap/span_Payment' is clicked on

2024-10-31 21:40:20 - [MESSAGE][PASSED] - Object: 'Object Repository/AdminSuiteBootstrap_Pages/Dashboard_Bootstrap/span_Payment' is clicked on

2024-10-31 21:40:20 - [TEST_STEP][PASSED] - click(findTestObject(path_Dashboard + "a_HelloWorld3")): Object: 'Object Repository/AdminSuiteBootstrap_Pages/Dashboard_Bootstrap/a_HelloWorld3' is clicked on

2024-10-31 21:40:21 - [MESSAGE][PASSED] - Object: 'Object Repository/AdminSuiteBootstrap_Pages/Dashboard_Bootstrap/a_HelloWorld3' is clicked on

2024-10-31 21:40:21 - [TEST_STEP][PASSED] - click(findTestObject(path_VT + "button_Authorization Only")): Object: 'Object Repository/AdminSuiteBootstrap_Pages/VT_Bootstrap/IssueTransactions/button_Authorization Only' is clicked on

2024-10-31 21:40:22 - [MESSAGE][PASSED] - Object: 'Object Repository/AdminSuiteBootstrap_Pages/VT_Bootstrap/IssueTransactions/button_Authorization Only' is clicked on

2024-10-31 21:40:22 - [TEST_STEP][PASSED] - authOnlyKeyboardEntryLink = modifyObjectProperty(findTestObject(path_VT + "a_KeyboardEntry_Sale"), "href", "equals", hrefAppID, true): Modify property of object successfully

2024-10-31 21:40:22 - [MESSAGE][PASSED] - Modify property of object successfully

2024-10-31 21:40:22 - [TEST_STEP][PASSED] - click(authOnlyKeyboardEntryLink): Object: 'Object Repository/AdminSuiteBootstrap_Pages/VT_Bootstrap/IssueTransactions/a_KeyboardEntry_Sale' is clicked on

2024-10-31 21:40:23 - [MESSAGE][PASSED] - Object: 'Object Repository/AdminSuiteBootstrap_Pages/VT_Bootstrap/IssueTransactions/a_KeyboardEntry_Sale' is clicked on

2024-10-31 21:40:23 - [TEST_STEP][PASSED] - click(findTestObject(path_SaleKB + "button_Submit")): Object: 'Object Repository/AdminSuiteBootstrap_Pages/VT_Bootstrap/SaleKeyboard/button_Submit' is clicked on

2024-10-31 21:40:24 - [MESSAGE][PASSED] - Object: 'Object Repository/AdminSuiteBootstrap_Pages/VT_Bootstrap/SaleKeyboard/button_Submit' is clicked on

2024-10-31 21:40:24 - [TEST_STEP][PASSED] - verifyTextPresent("Card Name is required", true): Text 'Card Name is required' is present on page  using regular expression

2024-10-31 21:40:25 - [MESSAGE][PASSED] - Text 'Card Name is required' is present on page  using regular expression

2024-10-31 21:40:25 - [TEST_STEP][PASSED] - verifyTextPresent("Card Number is required", true): Text 'Card Number is required' is present on page  using regular expression

2024-10-31 21:40:25 - [MESSAGE][PASSED] - Text 'Card Number is required' is present on page  using regular expression

2024-10-31 21:40:25 - [TEST_STEP][PASSED] - verifyTextPresent("Card Expiration Month is required", true): Text 'Card Expiration Month is required' is present on page  using regular expression

2024-10-31 21:40:26 - [MESSAGE][PASSED] - Text 'Card Expiration Month is required' is present on page  using regular expression

2024-10-31 21:40:26 - [TEST_STEP][PASSED] - verifyTextPresent("Card Expiration Year is required", true): Text 'Card Expiration Year is required' is present on page  using regular expression

2024-10-31 21:40:26 - [MESSAGE][PASSED] - Text 'Card Expiration Year is required' is present on page  using regular expression

2024-10-31 21:40:26 - [TEST_STEP][PASSED] - verifyTextPresent("Address is required", true): Text 'Address is required' is present on page  using regular expression

2024-10-31 21:40:26 - [MESSAGE][PASSED] - Text 'Address is required' is present on page  using regular expression

2024-10-31 21:40:26 - [TEST_STEP][PASSED] - verifyTextPresent("ZIP Code is required", true): Text 'ZIP Code is required' is present on page  using regular expression

2024-10-31 21:40:27 - [MESSAGE][PASSED] - Text 'ZIP Code is required' is present on page  using regular expression

2024-10-31 21:40:27 - [TEST_STEP][PASSED] - verifyTextPresent("Amount is required", true): Text 'Amount is required' is present on page  using regular expression

2024-10-31 21:40:27 - [MESSAGE][PASSED] - Text 'Amount is required' is present on page  using regular expression

2024-10-31 21:40:27 - [TEST_STEP][PASSED] - verifyTextPresent("This field is required", true): Text 'This field is required' is present on page  using regular expression

2024-10-31 21:40:27 - [MESSAGE][PASSED] - Text 'This field is required' is present on page  using regular expression

2024-10-31 21:40:27 - [TEST_STEP][PASSED] - verifyTextPresent("This field is required", true): Text 'This field is required' is present on page  using regular expression

2024-10-31 21:40:28 - [MESSAGE][PASSED] - Text 'This field is required' is present on page  using regular expression]]></system-out>
         <system-err><![CDATA[]]></system-err>
      </testcase>
      <testcase name="Test Cases/Admin Suite Bootstrap/VT_TestCases/VerifySaleKeyboard_Retail_MRF_TC" time="22.76" classname="Test Cases/Admin Suite Bootstrap/VT_TestCases/VerifySaleKeyboard_Retail_MRF_TC" status="PASSED">
         <system-out><![CDATA[2024-10-31 21:40:28 - [TEST_CASE][PASSED] - Test Cases/Admin Suite Bootstrap/VT_TestCases/VerifySaleKeyboard_Retail_MRF_TC: Test Cases/Admin Suite Bootstrap/VT_TestCases/VerifySaleKeyboard_Retail_MRF_TC

2024-10-31 21:40:28 - [TEST_STEP][PASSED] - path_Dashboard = "Object Repository/AdminSuiteBootstrap_Pages/Dashboard_Bootstrap/": null

2024-10-31 21:40:28 - [TEST_STEP][PASSED] - path_VT = "Object Repository/AdminSuiteBootstrap_Pages/VT_Bootstrap/IssueTransactions/": null

2024-10-31 21:40:28 - [TEST_STEP][PASSED] - path_SaleKB = "Object Repository/AdminSuiteBootstrap_Pages/VT_Bootstrap/SaleKeyboard/": null

2024-10-31 21:40:28 - [TEST_STEP][PASSED] - appliID = "742": null

2024-10-31 21:40:28 - [TEST_STEP][PASSED] - li_1 = "/admin/imtiaz/bootstrap/vpos/": null

2024-10-31 21:40:28 - [TEST_STEP][PASSED] - li_2 = "/transactions/AuthCapForm/": null

2024-10-31 21:40:28 - [TEST_STEP][PASSED] - hrefAppID = li_1 + appliID + li_2: null

2024-10-31 21:40:28 - [TEST_STEP][PASSED] - out.println("hrefID is : " + hrefAppID): null

2024-10-31 21:40:28 - [TEST_STEP][PASSED] - adminSuiteBootstrap.loginFunctionality.login_AdminSuite(): adminSuiteBootstrap.loginFunctionality.login_AdminSuite is PASSED

2024-10-31 21:40:28 - [MESSAGE][WARNING] - A browser is already opened. Closing browser and opening a new one

2024-10-31 21:40:30 - [MESSAGE][INFO] - Starting 'Chrome' driver

2024-10-31 21:40:30 - [MESSAGE][INFO] - User set preference: ['acceptInsecureCerts', 'true']

2024-10-31 21:40:30 - [MESSAGE][INFO] - Action delay is set to 0 milliseconds

2024-10-31 21:40:31 - [MESSAGE][PASSED] - Browser is opened with url: 'https://qa2.velocitypayment.com/admin/imtiaz'

2024-10-31 21:40:32 - [MESSAGE][PASSED] - Current window maximized

2024-10-31 21:40:33 - [MESSAGE][PASSED] - Object 'Object Repository/Login_Page/Login_Username_Okta' is present

2024-10-31 21:40:34 - [MESSAGE][PASSED] - Text 'iahmed' is set on object 'Object Repository/Login_Page/Login_Username_Okta'

2024-10-31 21:40:34 - [MESSAGE][PASSED] - Text 'Hello!7777777' is set on object 'Object Repository/Login_Page/Login_Password_Okta'

2024-10-31 21:40:35 - [MESSAGE][PASSED] - Object: 'Object Repository/Login_Page/Login_Submit_Okta' is clicked on

2024-10-31 21:40:35 - [MESSAGE][PASSED] - adminSuiteBootstrap.loginFunctionality.login_AdminSuite is PASSED

2024-10-31 21:40:35 - [TEST_STEP][PASSED] - click(findTestObject(path_Dashboard + "span_Payment")): Object: 'Object Repository/AdminSuiteBootstrap_Pages/Dashboard_Bootstrap/span_Payment' is clicked on

2024-10-31 21:40:42 - [MESSAGE][PASSED] - Object: 'Object Repository/AdminSuiteBootstrap_Pages/Dashboard_Bootstrap/span_Payment' is clicked on

2024-10-31 21:40:42 - [TEST_STEP][PASSED] - click(findTestObject(path_Dashboard + "a_Access AutoNoCFtp")): Object: 'Object Repository/AdminSuiteBootstrap_Pages/Dashboard_Bootstrap/a_Access AutoNoCFtp' is clicked on

2024-10-31 21:40:43 - [MESSAGE][PASSED] - Object: 'Object Repository/AdminSuiteBootstrap_Pages/Dashboard_Bootstrap/a_Access AutoNoCFtp' is clicked on

2024-10-31 21:40:43 - [TEST_STEP][PASSED] - click(findTestObject(path_VT + "button_Authorization  Capture (Sale)")): Object: 'Object Repository/AdminSuiteBootstrap_Pages/VT_Bootstrap/IssueTransactions/button_Authorization  Capture (Sale)' is clicked on

2024-10-31 21:40:44 - [MESSAGE][PASSED] - Object: 'Object Repository/AdminSuiteBootstrap_Pages/VT_Bootstrap/IssueTransactions/button_Authorization  Capture (Sale)' is clicked on

2024-10-31 21:40:44 - [TEST_STEP][PASSED] - saleKeyboardEntryLink = modifyObjectProperty(findTestObject(path_VT + "a_KeyboardEntry_Sale"), "href", "equals", hrefAppID, true): Modify property of object successfully

2024-10-31 21:40:44 - [MESSAGE][PASSED] - Modify property of object successfully

2024-10-31 21:40:44 - [TEST_STEP][PASSED] - click(saleKeyboardEntryLink): Object: 'Object Repository/AdminSuiteBootstrap_Pages/VT_Bootstrap/IssueTransactions/a_KeyboardEntry_Sale' is clicked on

2024-10-31 21:40:45 - [MESSAGE][PASSED] - Object: 'Object Repository/AdminSuiteBootstrap_Pages/VT_Bootstrap/IssueTransactions/a_KeyboardEntry_Sale' is clicked on

2024-10-31 21:40:45 - [TEST_STEP][PASSED] - selectOptionByValue(findTestObject(path_SaleKB + "select_transactionCategory"), "RETL", true): All options with value 'RETL' are selected in object 'Object Repository/AdminSuiteBootstrap_Pages/VT_Bootstrap/SaleKeyboard/select_transactionCategory'  using regular expression

2024-10-31 21:40:46 - [MESSAGE][PASSED] - All options with value 'RETL' are selected in object 'Object Repository/AdminSuiteBootstrap_Pages/VT_Bootstrap/SaleKeyboard/select_transactionCategory'  using regular expression

2024-10-31 21:40:46 - [TEST_STEP][PASSED] - click(findTestObject(path_SaleKB + "button_Submit")): Object: 'Object Repository/AdminSuiteBootstrap_Pages/VT_Bootstrap/SaleKeyboard/button_Submit' is clicked on

2024-10-31 21:40:47 - [MESSAGE][PASSED] - Object: 'Object Repository/AdminSuiteBootstrap_Pages/VT_Bootstrap/SaleKeyboard/button_Submit' is clicked on

2024-10-31 21:40:47 - [TEST_STEP][PASSED] - verifyTextPresent("Card Name is required", true): Text 'Card Name is required' is present on page  using regular expression

2024-10-31 21:40:48 - [MESSAGE][PASSED] - Text 'Card Name is required' is present on page  using regular expression

2024-10-31 21:40:48 - [TEST_STEP][PASSED] - verifyTextPresent("Card Number is required", true): Text 'Card Number is required' is present on page  using regular expression

2024-10-31 21:40:48 - [MESSAGE][PASSED] - Text 'Card Number is required' is present on page  using regular expression

2024-10-31 21:40:48 - [TEST_STEP][PASSED] - verifyTextPresent("Card Expiration Month is required", true): Text 'Card Expiration Month is required' is present on page  using regular expression

2024-10-31 21:40:48 - [MESSAGE][PASSED] - Text 'Card Expiration Month is required' is present on page  using regular expression

2024-10-31 21:40:48 - [TEST_STEP][PASSED] - verifyTextPresent("Card Expiration Year is required", true): Text 'Card Expiration Year is required' is present on page  using regular expression

2024-10-31 21:40:49 - [MESSAGE][PASSED] - Text 'Card Expiration Year is required' is present on page  using regular expression

2024-10-31 21:40:49 - [TEST_STEP][PASSED] - verifyTextNotPresent("Address is required", true): Text 'Address is required' is not present on page using regular expression

2024-10-31 21:40:49 - [MESSAGE][PASSED] - Text 'Address is required' is not present on page using regular expression

2024-10-31 21:40:49 - [TEST_STEP][PASSED] - verifyTextNotPresent("ZIP Code is required", true): Text 'ZIP Code is required' is not present on page using regular expression

2024-10-31 21:40:49 - [MESSAGE][PASSED] - Text 'ZIP Code is required' is not present on page using regular expression

2024-10-31 21:40:49 - [TEST_STEP][PASSED] - verifyTextPresent("Amount is required", true): Text 'Amount is required' is present on page  using regular expression

2024-10-31 21:40:50 - [MESSAGE][PASSED] - Text 'Amount is required' is present on page  using regular expression

2024-10-31 21:40:50 - [TEST_STEP][PASSED] - verifyTextPresent("This field is required", true): Text 'This field is required' is present on page  using regular expression

2024-10-31 21:40:50 - [MESSAGE][PASSED] - Text 'This field is required' is present on page  using regular expression

2024-10-31 21:40:50 - [TEST_STEP][PASSED] - verifyTextPresent("This field is required", true): Text 'This field is required' is present on page  using regular expression

2024-10-31 21:40:50 - [MESSAGE][PASSED] - Text 'This field is required' is present on page  using regular expression]]></system-out>
         <system-err><![CDATA[]]></system-err>
      </testcase>
      <testcase name="Test Cases/Admin Suite Bootstrap/VT_TestCases/VerifyAuthOnlyKeyboard_Retail_MRF_TC" time="22.107" classname="Test Cases/Admin Suite Bootstrap/VT_TestCases/VerifyAuthOnlyKeyboard_Retail_MRF_TC" status="PASSED">
         <system-out><![CDATA[2024-10-31 21:40:50 - [TEST_CASE][PASSED] - Test Cases/Admin Suite Bootstrap/VT_TestCases/VerifyAuthOnlyKeyboard_Retail_MRF_TC: Test Cases/Admin Suite Bootstrap/VT_TestCases/VerifyAuthOnlyKeyboard_Retail_MRF_TC

2024-10-31 21:40:51 - [TEST_STEP][PASSED] - path_Dashboard = "Object Repository/AdminSuiteBootstrap_Pages/Dashboard_Bootstrap/": null

2024-10-31 21:40:51 - [TEST_STEP][PASSED] - path_VT = "Object Repository/AdminSuiteBootstrap_Pages/VT_Bootstrap/IssueTransactions/": null

2024-10-31 21:40:51 - [TEST_STEP][PASSED] - path_SaleKB = "Object Repository/AdminSuiteBootstrap_Pages/VT_Bootstrap/SaleKeyboard/": null

2024-10-31 21:40:51 - [TEST_STEP][PASSED] - appliID = "742": null

2024-10-31 21:40:51 - [TEST_STEP][PASSED] - li_1 = "/admin/imtiaz/bootstrap/vpos/": null

2024-10-31 21:40:51 - [TEST_STEP][PASSED] - li_2 = "/transactions/AuthOnlyForm/": null

2024-10-31 21:40:51 - [TEST_STEP][PASSED] - hrefAppID = li_1 + appliID + li_2: null

2024-10-31 21:40:51 - [TEST_STEP][PASSED] - out.println("hrefID is : " + hrefAppID): null

2024-10-31 21:40:51 - [TEST_STEP][PASSED] - adminSuiteBootstrap.loginFunctionality.login_AdminSuite(): adminSuiteBootstrap.loginFunctionality.login_AdminSuite is PASSED

2024-10-31 21:40:51 - [MESSAGE][WARNING] - A browser is already opened. Closing browser and opening a new one

2024-10-31 21:40:52 - [MESSAGE][INFO] - Starting 'Chrome' driver

2024-10-31 21:40:52 - [MESSAGE][INFO] - User set preference: ['acceptInsecureCerts', 'true']

2024-10-31 21:40:52 - [MESSAGE][INFO] - Action delay is set to 0 milliseconds

2024-10-31 21:40:55 - [MESSAGE][PASSED] - Browser is opened with url: 'https://qa2.velocitypayment.com/admin/imtiaz'

2024-10-31 21:40:55 - [MESSAGE][PASSED] - Current window maximized

2024-10-31 21:40:55 - [MESSAGE][PASSED] - Object 'Object Repository/Login_Page/Login_Username_Okta' is present

2024-10-31 21:40:56 - [MESSAGE][PASSED] - Text 'iahmed' is set on object 'Object Repository/Login_Page/Login_Username_Okta'

2024-10-31 21:40:57 - [MESSAGE][PASSED] - Text 'Hello!7777777' is set on object 'Object Repository/Login_Page/Login_Password_Okta'

2024-10-31 21:40:57 - [MESSAGE][PASSED] - Object: 'Object Repository/Login_Page/Login_Submit_Okta' is clicked on

2024-10-31 21:40:57 - [MESSAGE][PASSED] - adminSuiteBootstrap.loginFunctionality.login_AdminSuite is PASSED

2024-10-31 21:40:57 - [TEST_STEP][PASSED] - click(findTestObject(path_Dashboard + "span_Payment")): Object: 'Object Repository/AdminSuiteBootstrap_Pages/Dashboard_Bootstrap/span_Payment' is clicked on

2024-10-31 21:41:05 - [MESSAGE][PASSED] - Object: 'Object Repository/AdminSuiteBootstrap_Pages/Dashboard_Bootstrap/span_Payment' is clicked on

2024-10-31 21:41:05 - [TEST_STEP][PASSED] - click(findTestObject(path_Dashboard + "a_Access AutoNoCFtp")): Object: 'Object Repository/AdminSuiteBootstrap_Pages/Dashboard_Bootstrap/a_Access AutoNoCFtp' is clicked on

2024-10-31 21:41:06 - [MESSAGE][PASSED] - Object: 'Object Repository/AdminSuiteBootstrap_Pages/Dashboard_Bootstrap/a_Access AutoNoCFtp' is clicked on

2024-10-31 21:41:06 - [TEST_STEP][PASSED] - click(findTestObject(path_VT + "button_Authorization Only")): Object: 'Object Repository/AdminSuiteBootstrap_Pages/VT_Bootstrap/IssueTransactions/button_Authorization Only' is clicked on

2024-10-31 21:41:06 - [MESSAGE][PASSED] - Object: 'Object Repository/AdminSuiteBootstrap_Pages/VT_Bootstrap/IssueTransactions/button_Authorization Only' is clicked on

2024-10-31 21:41:06 - [TEST_STEP][PASSED] - authOnlyKeyboardEntryLink = modifyObjectProperty(findTestObject(path_VT + "a_KeyboardEntry_Sale"), "href", "equals", hrefAppID, true): Modify property of object successfully

2024-10-31 21:41:06 - [MESSAGE][PASSED] - Modify property of object successfully

2024-10-31 21:41:06 - [TEST_STEP][PASSED] - click(authOnlyKeyboardEntryLink): Object: 'Object Repository/AdminSuiteBootstrap_Pages/VT_Bootstrap/IssueTransactions/a_KeyboardEntry_Sale' is clicked on

2024-10-31 21:41:07 - [MESSAGE][PASSED] - Object: 'Object Repository/AdminSuiteBootstrap_Pages/VT_Bootstrap/IssueTransactions/a_KeyboardEntry_Sale' is clicked on

2024-10-31 21:41:07 - [TEST_STEP][PASSED] - selectOptionByValue(findTestObject(path_SaleKB + "select_transactionCategory"), "RETL", true): All options with value 'RETL' are selected in object 'Object Repository/AdminSuiteBootstrap_Pages/VT_Bootstrap/SaleKeyboard/select_transactionCategory'  using regular expression

2024-10-31 21:41:08 - [MESSAGE][PASSED] - All options with value 'RETL' are selected in object 'Object Repository/AdminSuiteBootstrap_Pages/VT_Bootstrap/SaleKeyboard/select_transactionCategory'  using regular expression

2024-10-31 21:41:08 - [TEST_STEP][PASSED] - click(findTestObject(path_SaleKB + "button_Submit")): Object: 'Object Repository/AdminSuiteBootstrap_Pages/VT_Bootstrap/SaleKeyboard/button_Submit' is clicked on

2024-10-31 21:41:09 - [MESSAGE][PASSED] - Object: 'Object Repository/AdminSuiteBootstrap_Pages/VT_Bootstrap/SaleKeyboard/button_Submit' is clicked on

2024-10-31 21:41:09 - [TEST_STEP][PASSED] - verifyTextPresent("Card Name is required", true): Text 'Card Name is required' is present on page  using regular expression

2024-10-31 21:41:10 - [MESSAGE][PASSED] - Text 'Card Name is required' is present on page  using regular expression

2024-10-31 21:41:10 - [TEST_STEP][PASSED] - verifyTextPresent("Card Number is required", true): Text 'Card Number is required' is present on page  using regular expression

2024-10-31 21:41:10 - [MESSAGE][PASSED] - Text 'Card Number is required' is present on page  using regular expression

2024-10-31 21:41:10 - [TEST_STEP][PASSED] - verifyTextPresent("Card Expiration Month is required", true): Text 'Card Expiration Month is required' is present on page  using regular expression

2024-10-31 21:41:11 - [MESSAGE][PASSED] - Text 'Card Expiration Month is required' is present on page  using regular expression

2024-10-31 21:41:11 - [TEST_STEP][PASSED] - verifyTextPresent("Card Expiration Year is required", true): Text 'Card Expiration Year is required' is present on page  using regular expression

2024-10-31 21:41:11 - [MESSAGE][PASSED] - Text 'Card Expiration Year is required' is present on page  using regular expression

2024-10-31 21:41:11 - [TEST_STEP][PASSED] - verifyTextNotPresent("Address is required", true): Text 'Address is required' is not present on page using regular expression

2024-10-31 21:41:11 - [MESSAGE][PASSED] - Text 'Address is required' is not present on page using regular expression

2024-10-31 21:41:11 - [TEST_STEP][PASSED] - verifyTextNotPresent("ZIP Code is required", true): Text 'ZIP Code is required' is not present on page using regular expression

2024-10-31 21:41:12 - [MESSAGE][PASSED] - Text 'ZIP Code is required' is not present on page using regular expression

2024-10-31 21:41:12 - [TEST_STEP][PASSED] - verifyTextPresent("Amount is required", true): Text 'Amount is required' is present on page  using regular expression

2024-10-31 21:41:12 - [MESSAGE][PASSED] - Text 'Amount is required' is present on page  using regular expression

2024-10-31 21:41:12 - [TEST_STEP][PASSED] - verifyTextPresent("This field is required", true): Text 'This field is required' is present on page  using regular expression

2024-10-31 21:41:12 - [MESSAGE][PASSED] - Text 'This field is required' is present on page  using regular expression

2024-10-31 21:41:12 - [TEST_STEP][PASSED] - verifyTextPresent("This field is required", true): Text 'This field is required' is present on page  using regular expression

2024-10-31 21:41:13 - [MESSAGE][PASSED] - Text 'This field is required' is present on page  using regular expression]]></system-out>
         <system-err><![CDATA[]]></system-err>
      </testcase>
      <testcase name="Test Cases/Admin Suite Bootstrap/VT_TestCases/CaptureMore_TP_AllCF_Generic_Error_TC" time="112.251" classname="Test Cases/Admin Suite Bootstrap/VT_TestCases/CaptureMore_TP_AllCF_Generic_Error_TC" status="FAILED">
         <failure type="FAILED" message="Test Cases/Admin Suite Bootstrap/VT_TestCases/CaptureMore_TP_AllCF_Generic_Error_TC FAILED.
Reason:
com.kms.katalon.core.exception.StepFailedException: Unable to set text '' of object 'Object Repository/AdminSuiteBootstrap_Pages/VT_Bootstrap/SaleKeyboard/input_smsNumber' (Root cause: com.kms.katalon.core.exception.StepFailedException: Unable to set text '' of object 'Object Repository/AdminSuiteBootstrap_Pages/VT_Bootstrap/SaleKeyboard/input_smsNumber'
	at com.kms.katalon.core.webui.keyword.internal.WebUIKeywordMain.stepFailed(WebUIKeywordMain.groovy:64)
	at com.kms.katalon.core.webui.keyword.internal.WebUIKeywordMain.runKeyword(WebUIKeywordMain.groovy:26)
	at com.kms.katalon.core.webui.keyword.builtin.SetTextKeyword.setText(SetTextKeyword.groovy:66)
	at com.kms.katalon.core.webui.keyword.builtin.SetTextKeyword.execute(SetTextKeyword.groovy:37)
	at com.kms.katalon.core.keyword.internal.KeywordExecutor.executeKeywordForPlatform(KeywordExecutor.groovy:74)
	at com.kms.katalon.core.webui.keyword.WebUiBuiltInKeywords.setText(WebUiBuiltInKeywords.groovy:980)
	at com.kms.katalon.core.webui.keyword.WebUiBuiltInKeywords$setText$2.call(Unknown Source)
	at adminSuiteBootstrap.virtualTerminalSetData.saleKeyboard_DataDriven(virtualTerminalSetData.groovy:169)
	at adminSuiteBootstrap.virtualTerminalSetData.invokeMethod(virtualTerminalSetData.groovy)
	at com.kms.katalon.core.main.CustomKeywordDelegatingMetaClass.invokeStaticMethod(CustomKeywordDelegatingMetaClass.java:55)
	at CaptureMore_TP_AllCF_Generic_Error_TC.run(CaptureMore_TP_AllCF_Generic_Error_TC:134)
	at com.kms.katalon.core.main.ScriptEngine.run(ScriptEngine.java:194)
	at com.kms.katalon.core.main.ScriptEngine.runScriptAsRawText(ScriptEngine.java:119)
	at com.kms.katalon.core.main.TestCaseExecutor.runScript(TestCaseExecutor.java:448)
	at com.kms.katalon.core.main.TestCaseExecutor.doExecute(TestCaseExecutor.java:439)
	at com.kms.katalon.core.main.TestCaseExecutor.processExecutionPhase(TestCaseExecutor.java:418)
	at com.kms.katalon.core.main.TestCaseExecutor.accessMainPhase(TestCaseExecutor.java:410)
	at com.kms.katalon.core.main.TestCaseExecutor.execute(TestCaseExecutor.java:285)
	at com.kms.katalon.core.common.CommonExecutor.accessTestCaseMainPhase(CommonExecutor.java:65)
	at com.kms.katalon.core.main.TestSuiteExecutor.accessTestSuiteMainPhase(TestSuiteExecutor.java:148)
	at com.kms.katalon.core.main.TestSuiteExecutor.execute(TestSuiteExecutor.java:106)
	at com.kms.katalon.core.main.TestCaseMain.startTestSuite(TestCaseMain.java:187)
	at com.kms.katalon.core.main.TestCaseMain$startTestSuite$0.call(Unknown Source)
	at TempTestSuite1730425169576.run(TempTestSuite1730425169576.groovy:35)
Caused by: com.kms.katalon.core.webui.exception.WebElementNotFoundException: Web element with id: 'Object Repository/AdminSuiteBootstrap_Pages/VT_Bootstrap/SaleKeyboard/input_smsNumber' located by '//*[@type = 'TEXT' and @name = 'smsNumber' and @id = 'smsNumber']' not found
	at com.kms.katalon.core.webui.common.WebUiCommonHelper.findWebElement(WebUiCommonHelper.java:1381)
	at com.kms.katalon.core.webui.keyword.internal.WebUIAbstractKeyword.findWebElement(WebUIAbstractKeyword.groovy:27)
	at com.kms.katalon.core.webui.keyword.internal.WebUIAbstractKeyword.findWebElement(WebUIAbstractKeyword.groovy:26)
	at com.kms.katalon.core.webui.keyword.builtin.SetTextKeyword$_setText_closure1.doCall(SetTextKeyword.groovy:51)
	at com.kms.katalon.core.webui.keyword.builtin.SetTextKeyword$_setText_closure1.call(SetTextKeyword.groovy)
	at com.kms.katalon.core.webui.keyword.internal.WebUIKeywordMain.runKeyword(WebUIKeywordMain.groovy:20)
	at com.kms.katalon.core.webui.keyword.builtin.SetTextKeyword.setText(SetTextKeyword.groovy:66)
	at com.kms.katalon.core.webui.keyword.builtin.SetTextKeyword.execute(SetTextKeyword.groovy:37)
	at com.kms.katalon.core.keyword.internal.KeywordExecutor.executeKeywordForPlatform(KeywordExecutor.groovy:74)
	at com.kms.katalon.core.webui.keyword.WebUiBuiltInKeywords.setText(WebUiBuiltInKeywords.groovy:980)
	at com.kms.katalon.core.webui.keyword.WebUiBuiltInKeywords$setText$2.call(Unknown Source)
	at adminSuiteBootstrap.virtualTerminalSetData.saleKeyboard_DataDriven(virtualTerminalSetData.groovy:169)
	at adminSuiteBootstrap.virtualTerminalSetData.invokeMethod(virtualTerminalSetData.groovy)
	at com.kms.katalon.core.main.CustomKeywordDelegatingMetaClass.invokeStaticMethod(CustomKeywordDelegatingMetaClass.java:55)
	at Script1648147519136.run(Script1648147519136.groovy:134)
	... 13 more
)
	at com.kms.katalon.core.keyword.internal.KeywordMain.stepFailed(KeywordMain.groovy:39)
	at com.kms.katalon.core.webui.keyword.internal.WebUIKeywordMain.stepFailed(WebUIKeywordMain.groovy:64)
	at com.kms.katalon.core.webui.keyword.internal.WebUIKeywordMain.runKeyword(WebUIKeywordMain.groovy:26)
	at com.kms.katalon.core.webui.keyword.builtin.SetTextKeyword.setText(SetTextKeyword.groovy:66)
	at com.kms.katalon.core.webui.keyword.builtin.SetTextKeyword.execute(SetTextKeyword.groovy:37)
	at com.kms.katalon.core.keyword.internal.KeywordExecutor.executeKeywordForPlatform(KeywordExecutor.groovy:74)
	at com.kms.katalon.core.webui.keyword.WebUiBuiltInKeywords.setText(WebUiBuiltInKeywords.groovy:980)
	at com.kms.katalon.core.webui.keyword.WebUiBuiltInKeywords$setText$2.call(Unknown Source)
	at adminSuiteBootstrap.virtualTerminalSetData.saleKeyboard_DataDriven(virtualTerminalSetData.groovy:169)
	at adminSuiteBootstrap.virtualTerminalSetData.invokeMethod(virtualTerminalSetData.groovy)
	at com.kms.katalon.core.main.CustomKeywordDelegatingMetaClass.invokeStaticMethod(CustomKeywordDelegatingMetaClass.java:55)
	at CaptureMore_TP_AllCF_Generic_Error_TC.run(CaptureMore_TP_AllCF_Generic_Error_TC:134)
	at com.kms.katalon.core.main.ScriptEngine.run(ScriptEngine.java:194)
	at com.kms.katalon.core.main.ScriptEngine.runScriptAsRawText(ScriptEngine.java:119)
	at com.kms.katalon.core.main.TestCaseExecutor.runScript(TestCaseExecutor.java:448)
	at com.kms.katalon.core.main.TestCaseExecutor.doExecute(TestCaseExecutor.java:439)
	at com.kms.katalon.core.main.TestCaseExecutor.processExecutionPhase(TestCaseExecutor.java:418)
	at com.kms.katalon.core.main.TestCaseExecutor.accessMainPhase(TestCaseExecutor.java:410)
	at com.kms.katalon.core.main.TestCaseExecutor.execute(TestCaseExecutor.java:285)
	at com.kms.katalon.core.common.CommonExecutor.accessTestCaseMainPhase(CommonExecutor.java:65)
	at com.kms.katalon.core.main.TestSuiteExecutor.accessTestSuiteMainPhase(TestSuiteExecutor.java:148)
	at com.kms.katalon.core.main.TestSuiteExecutor.execute(TestSuiteExecutor.java:106)
	at com.kms.katalon.core.main.TestCaseMain.startTestSuite(TestCaseMain.java:187)
	at com.kms.katalon.core.main.TestCaseMain$startTestSuite$0.call(Unknown Source)
	at TempTestSuite1730425169576.run(TempTestSuite1730425169576.groovy:35)
Caused by: com.kms.katalon.core.exception.StepFailedException: Unable to set text '' of object 'Object Repository/AdminSuiteBootstrap_Pages/VT_Bootstrap/SaleKeyboard/input_smsNumber'
	... 24 more
Caused by: com.kms.katalon.core.webui.exception.WebElementNotFoundException: Web element with id: 'Object Repository/AdminSuiteBootstrap_Pages/VT_Bootstrap/SaleKeyboard/input_smsNumber' located by '//*[@type = 'TEXT' and @name = 'smsNumber' and @id = 'smsNumber']' not found
	at com.kms.katalon.core.webui.common.WebUiCommonHelper.findWebElement(WebUiCommonHelper.java:1381)
	at com.kms.katalon.core.webui.keyword.internal.WebUIAbstractKeyword.findWebElement(WebUIAbstractKeyword.groovy:27)
	at com.kms.katalon.core.webui.keyword.internal.WebUIAbstractKeyword.findWebElement(WebUIAbstractKeyword.groovy:26)
	at com.kms.katalon.core.webui.keyword.builtin.SetTextKeyword$_setText_closure1.doCall(SetTextKeyword.groovy:51)
	at com.kms.katalon.core.webui.keyword.builtin.SetTextKeyword$_setText_closure1.call(SetTextKeyword.groovy)
	at com.kms.katalon.core.webui.keyword.internal.WebUIKeywordMain.runKeyword(WebUIKeywordMain.groovy:20)
	... 22 more
"/>
         <system-out><![CDATA[2024-10-31 21:41:13 - [TEST_CASE][FAILED] - Test Cases/Admin Suite Bootstrap/VT_TestCases/CaptureMore_TP_AllCF_Generic_Error_TC: Test Cases/Admin Suite Bootstrap/VT_TestCases/CaptureMore_TP_AllCF_Generic_Error_TC FAILED.
Reason:
com.kms.katalon.core.exception.StepFailedException: Unable to set text '' of object 'Object Repository/AdminSuiteBootstrap_Pages/VT_Bootstrap/SaleKeyboard/input_smsNumber' (Root cause: com.kms.katalon.core.exception.StepFailedException: Unable to set text '' of object 'Object Repository/AdminSuiteBootstrap_Pages/VT_Bootstrap/SaleKeyboard/input_smsNumber'
	at com.kms.katalon.core.webui.keyword.internal.WebUIKeywordMain.stepFailed(WebUIKeywordMain.groovy:64)
	at com.kms.katalon.core.webui.keyword.internal.WebUIKeywordMain.runKeyword(WebUIKeywordMain.groovy:26)
	at com.kms.katalon.core.webui.keyword.builtin.SetTextKeyword.setText(SetTextKeyword.groovy:66)
	at com.kms.katalon.core.webui.keyword.builtin.SetTextKeyword.execute(SetTextKeyword.groovy:37)
	at com.kms.katalon.core.keyword.internal.KeywordExecutor.executeKeywordForPlatform(KeywordExecutor.groovy:74)
	at com.kms.katalon.core.webui.keyword.WebUiBuiltInKeywords.setText(WebUiBuiltInKeywords.groovy:980)
	at com.kms.katalon.core.webui.keyword.WebUiBuiltInKeywords$setText$2.call(Unknown Source)
	at adminSuiteBootstrap.virtualTerminalSetData.saleKeyboard_DataDriven(virtualTerminalSetData.groovy:169)
	at adminSuiteBootstrap.virtualTerminalSetData.invokeMethod(virtualTerminalSetData.groovy)
	at com.kms.katalon.core.main.CustomKeywordDelegatingMetaClass.invokeStaticMethod(CustomKeywordDelegatingMetaClass.java:55)
	at CaptureMore_TP_AllCF_Generic_Error_TC.run(CaptureMore_TP_AllCF_Generic_Error_TC:134)
	at com.kms.katalon.core.main.ScriptEngine.run(ScriptEngine.java:194)
	at com.kms.katalon.core.main.ScriptEngine.runScriptAsRawText(ScriptEngine.java:119)
	at com.kms.katalon.core.main.TestCaseExecutor.runScript(TestCaseExecutor.java:448)
	at com.kms.katalon.core.main.TestCaseExecutor.doExecute(TestCaseExecutor.java:439)
	at com.kms.katalon.core.main.TestCaseExecutor.processExecutionPhase(TestCaseExecutor.java:418)
	at com.kms.katalon.core.main.TestCaseExecutor.accessMainPhase(TestCaseExecutor.java:410)
	at com.kms.katalon.core.main.TestCaseExecutor.execute(TestCaseExecutor.java:285)
	at com.kms.katalon.core.common.CommonExecutor.accessTestCaseMainPhase(CommonExecutor.java:65)
	at com.kms.katalon.core.main.TestSuiteExecutor.accessTestSuiteMainPhase(TestSuiteExecutor.java:148)
	at com.kms.katalon.core.main.TestSuiteExecutor.execute(TestSuiteExecutor.java:106)
	at com.kms.katalon.core.main.TestCaseMain.startTestSuite(TestCaseMain.java:187)
	at com.kms.katalon.core.main.TestCaseMain$startTestSuite$0.call(Unknown Source)
	at TempTestSuite1730425169576.run(TempTestSuite1730425169576.groovy:35)
Caused by: com.kms.katalon.core.webui.exception.WebElementNotFoundException: Web element with id: 'Object Repository/AdminSuiteBootstrap_Pages/VT_Bootstrap/SaleKeyboard/input_smsNumber' located by '//*[@type = 'TEXT' and @name = 'smsNumber' and @id = 'smsNumber']' not found
	at com.kms.katalon.core.webui.common.WebUiCommonHelper.findWebElement(WebUiCommonHelper.java:1381)
	at com.kms.katalon.core.webui.keyword.internal.WebUIAbstractKeyword.findWebElement(WebUIAbstractKeyword.groovy:27)
	at com.kms.katalon.core.webui.keyword.internal.WebUIAbstractKeyword.findWebElement(WebUIAbstractKeyword.groovy:26)
	at com.kms.katalon.core.webui.keyword.builtin.SetTextKeyword$_setText_closure1.doCall(SetTextKeyword.groovy:51)
	at com.kms.katalon.core.webui.keyword.builtin.SetTextKeyword$_setText_closure1.call(SetTextKeyword.groovy)
	at com.kms.katalon.core.webui.keyword.internal.WebUIKeywordMain.runKeyword(WebUIKeywordMain.groovy:20)
	at com.kms.katalon.core.webui.keyword.builtin.SetTextKeyword.setText(SetTextKeyword.groovy:66)
	at com.kms.katalon.core.webui.keyword.builtin.SetTextKeyword.execute(SetTextKeyword.groovy:37)
	at com.kms.katalon.core.keyword.internal.KeywordExecutor.executeKeywordForPlatform(KeywordExecutor.groovy:74)
	at com.kms.katalon.core.webui.keyword.WebUiBuiltInKeywords.setText(WebUiBuiltInKeywords.groovy:980)
	at com.kms.katalon.core.webui.keyword.WebUiBuiltInKeywords$setText$2.call(Unknown Source)
	at adminSuiteBootstrap.virtualTerminalSetData.saleKeyboard_DataDriven(virtualTerminalSetData.groovy:169)
	at adminSuiteBootstrap.virtualTerminalSetData.invokeMethod(virtualTerminalSetData.groovy)
	at com.kms.katalon.core.main.CustomKeywordDelegatingMetaClass.invokeStaticMethod(CustomKeywordDelegatingMetaClass.java:55)
	at Script1648147519136.run(Script1648147519136.groovy:134)
	... 13 more
)
	at com.kms.katalon.core.keyword.internal.KeywordMain.stepFailed(KeywordMain.groovy:39)
	at com.kms.katalon.core.webui.keyword.internal.WebUIKeywordMain.stepFailed(WebUIKeywordMain.groovy:64)
	at com.kms.katalon.core.webui.keyword.internal.WebUIKeywordMain.runKeyword(WebUIKeywordMain.groovy:26)
	at com.kms.katalon.core.webui.keyword.builtin.SetTextKeyword.setText(SetTextKeyword.groovy:66)
	at com.kms.katalon.core.webui.keyword.builtin.SetTextKeyword.execute(SetTextKeyword.groovy:37)
	at com.kms.katalon.core.keyword.internal.KeywordExecutor.executeKeywordForPlatform(KeywordExecutor.groovy:74)
	at com.kms.katalon.core.webui.keyword.WebUiBuiltInKeywords.setText(WebUiBuiltInKeywords.groovy:980)
	at com.kms.katalon.core.webui.keyword.WebUiBuiltInKeywords$setText$2.call(Unknown Source)
	at adminSuiteBootstrap.virtualTerminalSetData.saleKeyboard_DataDriven(virtualTerminalSetData.groovy:169)
	at adminSuiteBootstrap.virtualTerminalSetData.invokeMethod(virtualTerminalSetData.groovy)
	at com.kms.katalon.core.main.CustomKeywordDelegatingMetaClass.invokeStaticMethod(CustomKeywordDelegatingMetaClass.java:55)
	at CaptureMore_TP_AllCF_Generic_Error_TC.run(CaptureMore_TP_AllCF_Generic_Error_TC:134)
	at com.kms.katalon.core.main.ScriptEngine.run(ScriptEngine.java:194)
	at com.kms.katalon.core.main.ScriptEngine.runScriptAsRawText(ScriptEngine.java:119)
	at com.kms.katalon.core.main.TestCaseExecutor.runScript(TestCaseExecutor.java:448)
	at com.kms.katalon.core.main.TestCaseExecutor.doExecute(TestCaseExecutor.java:439)
	at com.kms.katalon.core.main.TestCaseExecutor.processExecutionPhase(TestCaseExecutor.java:418)
	at com.kms.katalon.core.main.TestCaseExecutor.accessMainPhase(TestCaseExecutor.java:410)
	at com.kms.katalon.core.main.TestCaseExecutor.execute(TestCaseExecutor.java:285)
	at com.kms.katalon.core.common.CommonExecutor.accessTestCaseMainPhase(CommonExecutor.java:65)
	at com.kms.katalon.core.main.TestSuiteExecutor.accessTestSuiteMainPhase(TestSuiteExecutor.java:148)
	at com.kms.katalon.core.main.TestSuiteExecutor.execute(TestSuiteExecutor.java:106)
	at com.kms.katalon.core.main.TestCaseMain.startTestSuite(TestCaseMain.java:187)
	at com.kms.katalon.core.main.TestCaseMain$startTestSuite$0.call(Unknown Source)
	at TempTestSuite1730425169576.run(TempTestSuite1730425169576.groovy:35)
Caused by: com.kms.katalon.core.exception.StepFailedException: Unable to set text '' of object 'Object Repository/AdminSuiteBootstrap_Pages/VT_Bootstrap/SaleKeyboard/input_smsNumber'
	... 24 more
Caused by: com.kms.katalon.core.webui.exception.WebElementNotFoundException: Web element with id: 'Object Repository/AdminSuiteBootstrap_Pages/VT_Bootstrap/SaleKeyboard/input_smsNumber' located by '//*[@type = 'TEXT' and @name = 'smsNumber' and @id = 'smsNumber']' not found
	at com.kms.katalon.core.webui.common.WebUiCommonHelper.findWebElement(WebUiCommonHelper.java:1381)
	at com.kms.katalon.core.webui.keyword.internal.WebUIAbstractKeyword.findWebElement(WebUIAbstractKeyword.groovy:27)
	at com.kms.katalon.core.webui.keyword.internal.WebUIAbstractKeyword.findWebElement(WebUIAbstractKeyword.groovy:26)
	at com.kms.katalon.core.webui.keyword.builtin.SetTextKeyword$_setText_closure1.doCall(SetTextKeyword.groovy:51)
	at com.kms.katalon.core.webui.keyword.builtin.SetTextKeyword$_setText_closure1.call(SetTextKeyword.groovy)
	at com.kms.katalon.core.webui.keyword.internal.WebUIKeywordMain.runKeyword(WebUIKeywordMain.groovy:20)
	... 22 more


2024-10-31 21:41:13 - [TEST_STEP][PASSED] - path_Dashboard = "Object Repository/AdminSuiteBootstrap_Pages/Dashboard_Bootstrap/": null

2024-10-31 21:41:13 - [TEST_STEP][PASSED] - path_VT = "Object Repository/AdminSuiteBootstrap_Pages/VT_Bootstrap/IssueTransactions/": null

2024-10-31 21:41:13 - [TEST_STEP][PASSED] - path_SaleKB = "Object Repository/AdminSuiteBootstrap_Pages/VT_Bootstrap/SaleKeyboard/": null

2024-10-31 21:41:13 - [TEST_STEP][PASSED] - path_TestMinus = "Object Repository/Page_TestMinusAndAtSigns/": null

2024-10-31 21:41:13 - [TEST_STEP][PASSED] - path_Receipt = "Object Repository/AdminSuiteBootstrap_Pages/VT_Bootstrap/Receipt/": null

2024-10-31 21:41:13 - [TEST_STEP][PASSED] - path_CCSearch = "Object Repository/AdminSuiteBootstrap_Pages/VT_Bootstrap/CCCreditOrVoidSearch/": null

2024-10-31 21:41:13 - [TEST_STEP][PASSED] - path_SearchResults = "Object Repository/AdminSuiteBootstrap_Pages/VT_Bootstrap/SearchResults/": null

2024-10-31 21:41:13 - [TEST_STEP][PASSED] - path_TranxDetails = "Object Repository/AdminSuiteBootstrap_Pages/VT_Bootstrap/TransactionDetails/": null

2024-10-31 21:41:13 - [TEST_STEP][PASSED] - li_1 = vpos_Prefix: null

2024-10-31 21:41:13 - [TEST_STEP][PASSED] - li_2 = "/transactions/AuthOnlyForm/": null

2024-10-31 21:41:13 - [TEST_STEP][PASSED] - executionProfile = getExecutionProfile(): null

2024-10-31 21:41:13 - [TEST_STEP][PASSED] - out.println("executionProfile : " + executionProfile): null

2024-10-31 21:41:13 - [TEST_STEP][PASSED] - appName = <not implemented yet for class: org.codehaus.groovy.ast.expr.EmptyExpression>: null

2024-10-31 21:41:13 - [TEST_STEP][PASSED] - appID = <not implemented yet for class: org.codehaus.groovy.ast.expr.EmptyExpression>: null

2024-10-31 21:41:13 - [TEST_STEP][PASSED] - cardNameV = <not implemented yet for class: org.codehaus.groovy.ast.expr.EmptyExpression>: null

2024-10-31 21:41:13 - [TEST_STEP][PASSED] - al1V = <not implemented yet for class: org.codehaus.groovy.ast.expr.EmptyExpression>: null

2024-10-31 21:41:13 - [TEST_STEP][PASSED] - al2V = <not implemented yet for class: org.codehaus.groovy.ast.expr.EmptyExpression>: null

2024-10-31 21:41:13 - [TEST_STEP][PASSED] - zipV = <not implemented yet for class: org.codehaus.groovy.ast.expr.EmptyExpression>: null

2024-10-31 21:41:13 - [TEST_STEP][PASSED] - cardTypeV = <not implemented yet for class: org.codehaus.groovy.ast.expr.EmptyExpression>: null

2024-10-31 21:41:13 - [TEST_STEP][PASSED] - last4V = <not implemented yet for class: org.codehaus.groovy.ast.expr.EmptyExpression>: null

2024-10-31 21:41:13 - [TEST_STEP][PASSED] - resText = "Fail": null

2024-10-31 21:41:13 - [TEST_STEP][PASSED] - resColumn = "Result": null

2024-10-31 21:41:13 - [TEST_STEP][PASSED] - datCloumn = "Date": null

2024-10-31 21:41:13 - [TEST_STEP][PASSED] - fileLoc = "C:\KatalonData\Bootstrap\VT-Misc-Data.xlsx": null

2024-10-31 21:41:13 - [TEST_STEP][PASSED] - numOfRows = <not implemented yet for class: org.codehaus.groovy.ast.expr.EmptyExpression>: null

2024-10-31 21:41:13 - [TEST_STEP][PASSED] - dataFile = <not implemented yet for class: org.codehaus.groovy.ast.expr.EmptyExpression>: null

2024-10-31 21:41:13 - [TEST_STEP][PASSED] - nameSheet = <not implemented yet for class: org.codehaus.groovy.ast.expr.EmptyExpression>: null

2024-10-31 21:41:13 - [TEST_STEP][PASSED] - nameSheet = "Capture-MoreError": null

2024-10-31 21:41:13 - [TEST_STEP][PASSED] - numOfRows = findTestData("QA/Bootstrap/VT-TestData/VT-Misc-Data-Capture-MoreError").getRowNumbers(): null

2024-10-31 21:41:14 - [TEST_STEP][PASSED] - println("Number of Records: " + numOfRows): null

2024-10-31 21:41:14 - [TEST_STEP][PASSED] - dataFile = "QA/Bootstrap/VT-TestData/VT-Misc-Data-Capture-MoreError": null

2024-10-31 21:41:14 - [TEST_STEP][FAILED] - for ([row = 1, row <= numOfRows, (row++)]): null

2024-10-31 21:41:14 - [TEST_STEP][PASSED] - ExecuteTC = findTestData(dataFile).getValue("Execute", row): null

2024-10-31 21:41:15 - [TEST_STEP][PASSED] - out.println("Value of Execute is : " + ExecuteTC): null

2024-10-31 21:41:15 - [TEST_STEP][PASSED] - switch (executionProfile): null

2024-10-31 21:41:15 - [TEST_STEP][PASSED] - case "QA2Profile":: null

2024-10-31 21:41:15 - [TEST_STEP][PASSED] - appName = findTestData(dataFile).getValue("AppNameQA", row): null

2024-10-31 21:41:15 - [TEST_STEP][PASSED] - appID = findTestData(dataFile).getValue("AppIDQA", row): null

2024-10-31 21:41:15 - [TEST_STEP][PASSED] - break: null

2024-10-31 21:41:15 - [TEST_STEP][PASSED] - hrefAppID = li_1 + appID + li_2: null

2024-10-31 21:41:15 - [TEST_STEP][PASSED] - hrefApp = li_1 + appID + "/": null

2024-10-31 21:41:15 - [TEST_STEP][PASSED] - println("hrefApp : " + hrefApp): null

2024-10-31 21:41:15 - [TEST_STEP][FAILED] - if (ExecuteTC.equalsIgnoreCase("Y")): null

2024-10-31 21:41:15 - [TEST_STEP][PASSED] - out.println("Begin Record Number: " + row): null

2024-10-31 21:41:15 - [TEST_STEP][PASSED] - today = new java.util.Date(): null

2024-10-31 21:41:15 - [TEST_STEP][PASSED] - println(today): null

2024-10-31 21:41:15 - [TEST_STEP][PASSED] - datText = today: null

2024-10-31 21:41:15 - [TEST_STEP][PASSED] - adminSuiteBootstrap.loginFunctionality.login_AdminSuite(): adminSuiteBootstrap.loginFunctionality.login_AdminSuite is PASSED

2024-10-31 21:41:15 - [MESSAGE][WARNING] - A browser is already opened. Closing browser and opening a new one

2024-10-31 21:41:16 - [MESSAGE][INFO] - Starting 'Chrome' driver

2024-10-31 21:41:16 - [MESSAGE][INFO] - User set preference: ['acceptInsecureCerts', 'true']

2024-10-31 21:41:16 - [MESSAGE][INFO] - Action delay is set to 0 milliseconds

2024-10-31 21:41:19 - [MESSAGE][PASSED] - Browser is opened with url: 'https://qa2.velocitypayment.com/admin/imtiaz'

2024-10-31 21:41:19 - [MESSAGE][PASSED] - Current window maximized

2024-10-31 21:41:19 - [MESSAGE][PASSED] - Object 'Object Repository/Login_Page/Login_Username_Okta' is present

2024-10-31 21:41:20 - [MESSAGE][PASSED] - Text 'iahmed' is set on object 'Object Repository/Login_Page/Login_Username_Okta'

2024-10-31 21:41:21 - [MESSAGE][PASSED] - Text 'Hello!7777777' is set on object 'Object Repository/Login_Page/Login_Password_Okta'

2024-10-31 21:41:21 - [MESSAGE][PASSED] - Object: 'Object Repository/Login_Page/Login_Submit_Okta' is clicked on

2024-10-31 21:41:21 - [MESSAGE][PASSED] - adminSuiteBootstrap.loginFunctionality.login_AdminSuite is PASSED

2024-10-31 21:41:21 - [TEST_STEP][PASSED] - click(findTestObject(path_Dashboard + appName)): Object: 'Object Repository/AdminSuiteBootstrap_Pages/Dashboard_Bootstrap/a_Access AutoNoCFtp' is clicked on

2024-10-31 21:41:29 - [MESSAGE][PASSED] - Object: 'Object Repository/AdminSuiteBootstrap_Pages/Dashboard_Bootstrap/a_Access AutoNoCFtp' is clicked on

2024-10-31 21:41:29 - [TEST_STEP][PASSED] - click(findTestObject(path_VT + "button_Authorization Only")): Object: 'Object Repository/AdminSuiteBootstrap_Pages/VT_Bootstrap/IssueTransactions/button_Authorization Only' is clicked on

2024-10-31 21:41:30 - [MESSAGE][PASSED] - Object: 'Object Repository/AdminSuiteBootstrap_Pages/VT_Bootstrap/IssueTransactions/button_Authorization Only' is clicked on

2024-10-31 21:41:30 - [TEST_STEP][PASSED] - authOnlyKeyboardEntryLink = modifyObjectProperty(findTestObject(path_VT + "a_KeyboardEntry_Sale"), "href", "equals", hrefAppID, true): Modify property of object successfully

2024-10-31 21:41:30 - [MESSAGE][PASSED] - Modify property of object successfully

2024-10-31 21:41:30 - [TEST_STEP][PASSED] - click(authOnlyKeyboardEntryLink): Object: 'Object Repository/AdminSuiteBootstrap_Pages/VT_Bootstrap/IssueTransactions/a_KeyboardEntry_Sale' is clicked on

2024-10-31 21:41:32 - [MESSAGE][PASSED] - Object: 'Object Repository/AdminSuiteBootstrap_Pages/VT_Bootstrap/IssueTransactions/a_KeyboardEntry_Sale' is clicked on

2024-10-31 21:41:32 - [TEST_STEP][FAILED] - adminSuiteBootstrap.virtualTerminalSetData.saleKeyboard_DataDriven(row, dataFile): com.kms.katalon.core.exception.StepFailedException: Unable to set text '' of object 'Object Repository/AdminSuiteBootstrap_Pages/VT_Bootstrap/SaleKeyboard/input_smsNumber' (Root cause: com.kms.katalon.core.exception.StepFailedException: Unable to set text '' of object 'Object Repository/AdminSuiteBootstrap_Pages/VT_Bootstrap/SaleKeyboard/input_smsNumber'
	at com.kms.katalon.core.webui.keyword.internal.WebUIKeywordMain.stepFailed(WebUIKeywordMain.groovy:64)
	at com.kms.katalon.core.webui.keyword.internal.WebUIKeywordMain.runKeyword(WebUIKeywordMain.groovy:26)
	at com.kms.katalon.core.webui.keyword.builtin.SetTextKeyword.setText(SetTextKeyword.groovy:66)
	at com.kms.katalon.core.webui.keyword.builtin.SetTextKeyword.execute(SetTextKeyword.groovy:37)
	at com.kms.katalon.core.keyword.internal.KeywordExecutor.executeKeywordForPlatform(KeywordExecutor.groovy:74)
	at com.kms.katalon.core.webui.keyword.WebUiBuiltInKeywords.setText(WebUiBuiltInKeywords.groovy:980)
	at com.kms.katalon.core.webui.keyword.WebUiBuiltInKeywords$setText$2.call(Unknown Source)
	at adminSuiteBootstrap.virtualTerminalSetData.saleKeyboard_DataDriven(virtualTerminalSetData.groovy:169)
	at adminSuiteBootstrap.virtualTerminalSetData.invokeMethod(virtualTerminalSetData.groovy)
	at com.kms.katalon.core.main.CustomKeywordDelegatingMetaClass.invokeStaticMethod(CustomKeywordDelegatingMetaClass.java:55)
	at CaptureMore_TP_AllCF_Generic_Error_TC.run(CaptureMore_TP_AllCF_Generic_Error_TC:134)
	at com.kms.katalon.core.main.ScriptEngine.run(ScriptEngine.java:194)
	at com.kms.katalon.core.main.ScriptEngine.runScriptAsRawText(ScriptEngine.java:119)
	at com.kms.katalon.core.main.TestCaseExecutor.runScript(TestCaseExecutor.java:448)
	at com.kms.katalon.core.main.TestCaseExecutor.doExecute(TestCaseExecutor.java:439)
	at com.kms.katalon.core.main.TestCaseExecutor.processExecutionPhase(TestCaseExecutor.java:418)
	at com.kms.katalon.core.main.TestCaseExecutor.accessMainPhase(TestCaseExecutor.java:410)
	at com.kms.katalon.core.main.TestCaseExecutor.execute(TestCaseExecutor.java:285)
	at com.kms.katalon.core.common.CommonExecutor.accessTestCaseMainPhase(CommonExecutor.java:65)
	at com.kms.katalon.core.main.TestSuiteExecutor.accessTestSuiteMainPhase(TestSuiteExecutor.java:148)
	at com.kms.katalon.core.main.TestSuiteExecutor.execute(TestSuiteExecutor.java:106)
	at com.kms.katalon.core.main.TestCaseMain.startTestSuite(TestCaseMain.java:187)
	at com.kms.katalon.core.main.TestCaseMain$startTestSuite$0.call(Unknown Source)
	at TempTestSuite1730425169576.run(TempTestSuite1730425169576.groovy:35)
Caused by: com.kms.katalon.core.webui.exception.WebElementNotFoundException: Web element with id: 'Object Repository/AdminSuiteBootstrap_Pages/VT_Bootstrap/SaleKeyboard/input_smsNumber' located by '//*[@type = 'TEXT' and @name = 'smsNumber' and @id = 'smsNumber']' not found
	at com.kms.katalon.core.webui.common.WebUiCommonHelper.findWebElement(WebUiCommonHelper.java:1381)
	at com.kms.katalon.core.webui.keyword.internal.WebUIAbstractKeyword.findWebElement(WebUIAbstractKeyword.groovy:27)
	at com.kms.katalon.core.webui.keyword.internal.WebUIAbstractKeyword.findWebElement(WebUIAbstractKeyword.groovy:26)
	at com.kms.katalon.core.webui.keyword.builtin.SetTextKeyword$_setText_closure1.doCall(SetTextKeyword.groovy:51)
	at com.kms.katalon.core.webui.keyword.builtin.SetTextKeyword$_setText_closure1.call(SetTextKeyword.groovy)
	at com.kms.katalon.core.webui.keyword.internal.WebUIKeywordMain.runKeyword(WebUIKeywordMain.groovy:20)
	at com.kms.katalon.core.webui.keyword.builtin.SetTextKeyword.setText(SetTextKeyword.groovy:66)
	at com.kms.katalon.core.webui.keyword.builtin.SetTextKeyword.execute(SetTextKeyword.groovy:37)
	at com.kms.katalon.core.keyword.internal.KeywordExecutor.executeKeywordForPlatform(KeywordExecutor.groovy:74)
	at com.kms.katalon.core.webui.keyword.WebUiBuiltInKeywords.setText(WebUiBuiltInKeywords.groovy:980)
	at com.kms.katalon.core.webui.keyword.WebUiBuiltInKeywords$setText$2.call(Unknown Source)
	at adminSuiteBootstrap.virtualTerminalSetData.saleKeyboard_DataDriven(virtualTerminalSetData.groovy:169)
	at adminSuiteBootstrap.virtualTerminalSetData.invokeMethod(virtualTerminalSetData.groovy)
	at com.kms.katalon.core.main.CustomKeywordDelegatingMetaClass.invokeStaticMethod(CustomKeywordDelegatingMetaClass.java:55)
	at Script1648147519136.run(Script1648147519136.groovy:134)
	... 13 more
)

2024-10-31 21:41:35 - [MESSAGE][PASSED] - Text 'Tulsi Raman' is set on object 'Object Repository/AdminSuiteBootstrap_Pages/VT_Bootstrap/SaleKeyboard/input_cardName'

2024-10-31 21:41:36 - [MESSAGE][PASSED] - All options with value 'RETL' are selected in object 'Object Repository/AdminSuiteBootstrap_Pages/VT_Bootstrap/SaleKeyboard/select_transactionCategory'  using regular expression

2024-10-31 21:41:36 - [MESSAGE][PASSED] - Execute JavaScript 'arguments[0].value ='4012000098765439' ' successfully

2024-10-31 21:41:36 - [MESSAGE][PASSED] - Execute JavaScript 'arguments[0].value ='123' ' successfully

2024-10-31 21:41:38 - [MESSAGE][PASSED] - All options with value '12' are selected in object 'Object Repository/AdminSuiteBootstrap_Pages/VT_Bootstrap/SaleKeyboard/select_MM'  using regular expression

2024-10-31 21:41:39 - [MESSAGE][PASSED] - All options with value '2025' are selected in object 'Object Repository/AdminSuiteBootstrap_Pages/VT_Bootstrap/SaleKeyboard/select_YYYY'  using regular expression

2024-10-31 21:41:39 - [MESSAGE][PASSED] - Text '36 Cornor Road' is set on object 'Object Repository/AdminSuiteBootstrap_Pages/VT_Bootstrap/SaleKeyboard/input__address'

2024-10-31 21:41:40 - [MESSAGE][PASSED] - Text 'Suite 500' is set on object 'Object Repository/AdminSuiteBootstrap_Pages/VT_Bootstrap/SaleKeyboard/input__address2'

2024-10-31 21:41:41 - [MESSAGE][PASSED] - Text '22201' is set on object 'Object Repository/AdminSuiteBootstrap_Pages/VT_Bootstrap/SaleKeyboard/input__zip'

2024-10-31 21:41:41 - [MESSAGE][PASSED] - Text '' is set on object 'Object Repository/AdminSuiteBootstrap_Pages/VT_Bootstrap/SaleKeyboard/input_emailAddress'

2024-10-31 21:42:13 - [MESSAGE][INFO] - Unable to find the element located by 'By.xpath: //*[@type = 'TEXT' and @name = 'smsNumber' and @id = 'smsNumber']'. Please recheck the objects properties to make sure the desired element is located. 

2024-10-31 21:42:13 - [MESSAGE][WARNING] - [SELF-HEALING] Failed to find element with id 'Object Repository/AdminSuiteBootstrap_Pages/VT_Bootstrap/SaleKeyboard/input_smsNumber'. Try using Self-healing.

2024-10-31 21:42:14 - [MESSAGE][INFO] - Unable to find the element located by 'By.xpath: //input[@id='smsNumber']'. Please recheck the objects properties to make sure the desired element is located. 

2024-10-31 21:42:14 - [MESSAGE][INFO] - [SELF-HEALING] Failed Locator: '//input[@id='smsNumber']'.

2024-10-31 21:42:14 - [MESSAGE][INFO] - [SELF-HEALING] Failed Locator: '//form[@id='form1']/div/div/div[3]/div[8]/div[2]/div/input'.

2024-10-31 21:42:14 - [MESSAGE][INFO] - [SELF-HEALING] Failed Locator: '//div[8]/div[2]/div/input'.

2024-10-31 21:42:15 - [MESSAGE][INFO] - [SELF-HEALING] Failed Locator: '//input[@id='smsNumber']'.

2024-10-31 21:42:15 - [MESSAGE][INFO] - [SELF-HEALING] Failed Locator: '//form[@id='form1']/div/div/div[3]/div[8]/div[2]/div/input'.

2024-10-31 21:42:15 - [MESSAGE][INFO] - [SELF-HEALING] Failed Locator: '//div[8]/div[2]/div/input'.

2024-10-31 21:42:16 - [MESSAGE][INFO] - Unable to find the element located by 'By.cssSelector: #smsNumber'. Please recheck the objects properties to make sure the desired element is located. 

2024-10-31 21:42:17 - [MESSAGE][FAILED] - Unable to set text '' of object 'Object Repository/AdminSuiteBootstrap_Pages/VT_Bootstrap/SaleKeyboard/input_smsNumber' (Root cause: com.kms.katalon.core.exception.StepFailedException: Unable to set text '' of object 'Object Repository/AdminSuiteBootstrap_Pages/VT_Bootstrap/SaleKeyboard/input_smsNumber'
	at com.kms.katalon.core.webui.keyword.internal.WebUIKeywordMain.stepFailed(WebUIKeywordMain.groovy:64)
	at com.kms.katalon.core.webui.keyword.internal.WebUIKeywordMain.runKeyword(WebUIKeywordMain.groovy:26)
	at com.kms.katalon.core.webui.keyword.builtin.SetTextKeyword.setText(SetTextKeyword.groovy:66)
	at com.kms.katalon.core.webui.keyword.builtin.SetTextKeyword.execute(SetTextKeyword.groovy:37)
	at com.kms.katalon.core.keyword.internal.KeywordExecutor.executeKeywordForPlatform(KeywordExecutor.groovy:74)
	at com.kms.katalon.core.webui.keyword.WebUiBuiltInKeywords.setText(WebUiBuiltInKeywords.groovy:980)
	at com.kms.katalon.core.webui.keyword.WebUiBuiltInKeywords$setText$2.call(Unknown Source)
	at adminSuiteBootstrap.virtualTerminalSetData.saleKeyboard_DataDriven(virtualTerminalSetData.groovy:169)
	at adminSuiteBootstrap.virtualTerminalSetData.invokeMethod(virtualTerminalSetData.groovy)
	at com.kms.katalon.core.main.CustomKeywordDelegatingMetaClass.invokeStaticMethod(CustomKeywordDelegatingMetaClass.java:55)
	at CaptureMore_TP_AllCF_Generic_Error_TC.run(CaptureMore_TP_AllCF_Generic_Error_TC:134)
	at com.kms.katalon.core.main.ScriptEngine.run(ScriptEngine.java:194)
	at com.kms.katalon.core.main.ScriptEngine.runScriptAsRawText(ScriptEngine.java:119)
	at com.kms.katalon.core.main.TestCaseExecutor.runScript(TestCaseExecutor.java:448)
	at com.kms.katalon.core.main.TestCaseExecutor.doExecute(TestCaseExecutor.java:439)
	at com.kms.katalon.core.main.TestCaseExecutor.processExecutionPhase(TestCaseExecutor.java:418)
	at com.kms.katalon.core.main.TestCaseExecutor.accessMainPhase(TestCaseExecutor.java:410)
	at com.kms.katalon.core.main.TestCaseExecutor.execute(TestCaseExecutor.java:285)
	at com.kms.katalon.core.common.CommonExecutor.accessTestCaseMainPhase(CommonExecutor.java:65)
	at com.kms.katalon.core.main.TestSuiteExecutor.accessTestSuiteMainPhase(TestSuiteExecutor.java:148)
	at com.kms.katalon.core.main.TestSuiteExecutor.execute(TestSuiteExecutor.java:106)
	at com.kms.katalon.core.main.TestCaseMain.startTestSuite(TestCaseMain.java:187)
	at com.kms.katalon.core.main.TestCaseMain$startTestSuite$0.call(Unknown Source)
	at TempTestSuite1730425169576.run(TempTestSuite1730425169576.groovy:35)
Caused by: com.kms.katalon.core.webui.exception.WebElementNotFoundException: Web element with id: 'Object Repository/AdminSuiteBootstrap_Pages/VT_Bootstrap/SaleKeyboard/input_smsNumber' located by '//*[@type = 'TEXT' and @name = 'smsNumber' and @id = 'smsNumber']' not found
	at com.kms.katalon.core.webui.common.WebUiCommonHelper.findWebElement(WebUiCommonHelper.java:1381)
	at com.kms.katalon.core.webui.keyword.internal.WebUIAbstractKeyword.findWebElement(WebUIAbstractKeyword.groovy:27)
	at com.kms.katalon.core.webui.keyword.internal.WebUIAbstractKeyword.findWebElement(WebUIAbstractKeyword.groovy:26)
	at com.kms.katalon.core.webui.keyword.builtin.SetTextKeyword$_setText_closure1.doCall(SetTextKeyword.groovy:51)
	at com.kms.katalon.core.webui.keyword.builtin.SetTextKeyword$_setText_closure1.call(SetTextKeyword.groovy)
	at com.kms.katalon.core.webui.keyword.internal.WebUIKeywordMain.runKeyword(WebUIKeywordMain.groovy:20)
	at com.kms.katalon.core.webui.keyword.builtin.SetTextKeyword.setText(SetTextKeyword.groovy:66)
	at com.kms.katalon.core.webui.keyword.builtin.SetTextKeyword.execute(SetTextKeyword.groovy:37)
	at com.kms.katalon.core.keyword.internal.KeywordExecutor.executeKeywordForPlatform(KeywordExecutor.groovy:74)
	at com.kms.katalon.core.webui.keyword.WebUiBuiltInKeywords.setText(WebUiBuiltInKeywords.groovy:980)
	at com.kms.katalon.core.webui.keyword.WebUiBuiltInKeywords$setText$2.call(Unknown Source)
	at adminSuiteBootstrap.virtualTerminalSetData.saleKeyboard_DataDriven(virtualTerminalSetData.groovy:169)
	at adminSuiteBootstrap.virtualTerminalSetData.invokeMethod(virtualTerminalSetData.groovy)
	at com.kms.katalon.core.main.CustomKeywordDelegatingMetaClass.invokeStaticMethod(CustomKeywordDelegatingMetaClass.java:55)
	at Script1648147519136.run(Script1648147519136.groovy:134)
	... 13 more
)
[[ATTACHMENT|E:\\Cloned-Project-Katalon\\VPS-Katalon\\Reports\\20241031_213928\\QA\\VT-Bootstrap\\AdminSuiteBootstrap_MRF_TestSuite\\20241031_213929\\1730425336893.png]]

2024-10-31 21:42:17 - [MESSAGE][PASSED] - Text '10.50' is set on object 'Object Repository/AdminSuiteBootstrap_Pages/VT_Bootstrap/SaleKeyboard/input_amount'

2024-10-31 21:42:18 - [MESSAGE][PASSED] - Text 'Australia' is set on object 'Object Repository/AdminSuiteBootstrap_Pages/VT_Bootstrap/SaleKeyboard/input_userDefined1'

2024-10-31 21:42:19 - [MESSAGE][PASSED] - Text 'Denmark' is set on object 'Object Repository/AdminSuiteBootstrap_Pages/VT_Bootstrap/SaleKeyboard/input_userDefined2'

2024-10-31 21:42:19 - [MESSAGE][PASSED] - Text 'Sweden' is set on object 'Object Repository/AdminSuiteBootstrap_Pages/VT_Bootstrap/SaleKeyboard/input_userDefined3'

2024-10-31 21:42:20 - [MESSAGE][PASSED] - Text 'Austria' is set on object 'Object Repository/AdminSuiteBootstrap_Pages/VT_Bootstrap/SaleKeyboard/input_userDefined4'

2024-10-31 21:42:21 - [MESSAGE][PASSED] - All options with label 'Orange' are selected in object 'Object Repository/AdminSuiteBootstrap_Pages/VT_Bootstrap/SaleKeyboard/select_UDF5_DropDown'  using regular expression

2024-10-31 21:42:22 - [MESSAGE][PASSED] - All options with label 'Yellow' are selected in object 'Object Repository/AdminSuiteBootstrap_Pages/VT_Bootstrap/SaleKeyboard/select_UDF6_DropDown'  using regular expression

2024-10-31 21:42:22 - [MESSAGE][PASSED] - Text 'Norway' is set on object 'Object Repository/AdminSuiteBootstrap_Pages/VT_Bootstrap/SaleKeyboard/input_userDefined7'

2024-10-31 21:42:23 - [MESSAGE][PASSED] - Text 'Netherlands' is set on object 'Object Repository/AdminSuiteBootstrap_Pages/VT_Bootstrap/SaleKeyboard/input_userDefined8'

2024-10-31 21:42:24 - [MESSAGE][PASSED] - Text 'Switzerland' is set on object 'Object Repository/AdminSuiteBootstrap_Pages/VT_Bootstrap/SaleKeyboard/input_userDefined9'

2024-10-31 21:42:25 - [MESSAGE][PASSED] - Text 'France' is set on object 'Object Repository/AdminSuiteBootstrap_Pages/VT_Bootstrap/SaleKeyboard/input_userDefined10'

2024-10-31 21:42:26 - [MESSAGE][PASSED] - Object: 'Object Repository/AdminSuiteBootstrap_Pages/VT_Bootstrap/SaleKeyboard/button_Submit' is clicked on

2024-10-31 21:42:26 - [MESSAGE][FAILED] - com.kms.katalon.core.exception.StepFailedException: Unable to set text '' of object 'Object Repository/AdminSuiteBootstrap_Pages/VT_Bootstrap/SaleKeyboard/input_smsNumber' (Root cause: com.kms.katalon.core.exception.StepFailedException: Unable to set text '' of object 'Object Repository/AdminSuiteBootstrap_Pages/VT_Bootstrap/SaleKeyboard/input_smsNumber'
	at com.kms.katalon.core.webui.keyword.internal.WebUIKeywordMain.stepFailed(WebUIKeywordMain.groovy:64)
	at com.kms.katalon.core.webui.keyword.internal.WebUIKeywordMain.runKeyword(WebUIKeywordMain.groovy:26)
	at com.kms.katalon.core.webui.keyword.builtin.SetTextKeyword.setText(SetTextKeyword.groovy:66)
	at com.kms.katalon.core.webui.keyword.builtin.SetTextKeyword.execute(SetTextKeyword.groovy:37)
	at com.kms.katalon.core.keyword.internal.KeywordExecutor.executeKeywordForPlatform(KeywordExecutor.groovy:74)
	at com.kms.katalon.core.webui.keyword.WebUiBuiltInKeywords.setText(WebUiBuiltInKeywords.groovy:980)
	at com.kms.katalon.core.webui.keyword.WebUiBuiltInKeywords$setText$2.call(Unknown Source)
	at adminSuiteBootstrap.virtualTerminalSetData.saleKeyboard_DataDriven(virtualTerminalSetData.groovy:169)
	at adminSuiteBootstrap.virtualTerminalSetData.invokeMethod(virtualTerminalSetData.groovy)
	at com.kms.katalon.core.main.CustomKeywordDelegatingMetaClass.invokeStaticMethod(CustomKeywordDelegatingMetaClass.java:55)
	at CaptureMore_TP_AllCF_Generic_Error_TC.run(CaptureMore_TP_AllCF_Generic_Error_TC:134)
	at com.kms.katalon.core.main.ScriptEngine.run(ScriptEngine.java:194)
	at com.kms.katalon.core.main.ScriptEngine.runScriptAsRawText(ScriptEngine.java:119)
	at com.kms.katalon.core.main.TestCaseExecutor.runScript(TestCaseExecutor.java:448)
	at com.kms.katalon.core.main.TestCaseExecutor.doExecute(TestCaseExecutor.java:439)
	at com.kms.katalon.core.main.TestCaseExecutor.processExecutionPhase(TestCaseExecutor.java:418)
	at com.kms.katalon.core.main.TestCaseExecutor.accessMainPhase(TestCaseExecutor.java:410)
	at com.kms.katalon.core.main.TestCaseExecutor.execute(TestCaseExecutor.java:285)
	at com.kms.katalon.core.common.CommonExecutor.accessTestCaseMainPhase(CommonExecutor.java:65)
	at com.kms.katalon.core.main.TestSuiteExecutor.accessTestSuiteMainPhase(TestSuiteExecutor.java:148)
	at com.kms.katalon.core.main.TestSuiteExecutor.execute(TestSuiteExecutor.java:106)
	at com.kms.katalon.core.main.TestCaseMain.startTestSuite(TestCaseMain.java:187)
	at com.kms.katalon.core.main.TestCaseMain$startTestSuite$0.call(Unknown Source)
	at TempTestSuite1730425169576.run(TempTestSuite1730425169576.groovy:35)
Caused by: com.kms.katalon.core.webui.exception.WebElementNotFoundException: Web element with id: 'Object Repository/AdminSuiteBootstrap_Pages/VT_Bootstrap/SaleKeyboard/input_smsNumber' located by '//*[@type = 'TEXT' and @name = 'smsNumber' and @id = 'smsNumber']' not found
	at com.kms.katalon.core.webui.common.WebUiCommonHelper.findWebElement(WebUiCommonHelper.java:1381)
	at com.kms.katalon.core.webui.keyword.internal.WebUIAbstractKeyword.findWebElement(WebUIAbstractKeyword.groovy:27)
	at com.kms.katalon.core.webui.keyword.internal.WebUIAbstractKeyword.findWebElement(WebUIAbstractKeyword.groovy:26)
	at com.kms.katalon.core.webui.keyword.builtin.SetTextKeyword$_setText_closure1.doCall(SetTextKeyword.groovy:51)
	at com.kms.katalon.core.webui.keyword.builtin.SetTextKeyword$_setText_closure1.call(SetTextKeyword.groovy)
	at com.kms.katalon.core.webui.keyword.internal.WebUIKeywordMain.runKeyword(WebUIKeywordMain.groovy:20)
	at com.kms.katalon.core.webui.keyword.builtin.SetTextKeyword.setText(SetTextKeyword.groovy:66)
	at com.kms.katalon.core.webui.keyword.builtin.SetTextKeyword.execute(SetTextKeyword.groovy:37)
	at com.kms.katalon.core.keyword.internal.KeywordExecutor.executeKeywordForPlatform(KeywordExecutor.groovy:74)
	at com.kms.katalon.core.webui.keyword.WebUiBuiltInKeywords.setText(WebUiBuiltInKeywords.groovy:980)
	at com.kms.katalon.core.webui.keyword.WebUiBuiltInKeywords$setText$2.call(Unknown Source)
	at adminSuiteBootstrap.virtualTerminalSetData.saleKeyboard_DataDriven(virtualTerminalSetData.groovy:169)
	at adminSuiteBootstrap.virtualTerminalSetData.invokeMethod(virtualTerminalSetData.groovy)
	at com.kms.katalon.core.main.CustomKeywordDelegatingMetaClass.invokeStaticMethod(CustomKeywordDelegatingMetaClass.java:55)
	at Script1648147519136.run(Script1648147519136.groovy:134)
	... 13 more
)

2024-10-31 21:42:26 - [TEST_STEP][PASSED] - if (verifyTextPresent("Transaction Successful", true)): null

2024-10-31 21:42:27 - [MESSAGE][PASSED] - Text 'Transaction Successful' is present on page  using regular expression

2024-10-31 21:42:27 - [TEST_STEP][PASSED] - sdf = getText(findTestObject(path_Receipt + "td_AutoNoC031622113752957Ahm")): Text of object 'Object Repository/AdminSuiteBootstrap_Pages/VT_Bootstrap/Receipt/td_AutoNoC031622113752957Ahm' is: 'AutoNoC103124213347000Ahm'

2024-10-31 21:42:27 - [MESSAGE][PASSED] - Text of object 'Object Repository/AdminSuiteBootstrap_Pages/VT_Bootstrap/Receipt/td_AutoNoC031622113752957Ahm' is: 'AutoNoC103124213347000Ahm'

2024-10-31 21:42:27 - [TEST_STEP][PASSED] - out.println("sdf: " + sdf): null

2024-10-31 21:42:27 - [TEST_STEP][PASSED] - remID = sdf: null

2024-10-31 21:42:27 - [TEST_STEP][PASSED] - out.println("remID: " + remID): null

2024-10-31 21:42:27 - [TEST_STEP][PASSED] - click(findTestObject(path_Receipt + "button_Continue")): Object: 'Object Repository/AdminSuiteBootstrap_Pages/VT_Bootstrap/Receipt/button_Continue' is clicked on

2024-10-31 21:42:28 - [MESSAGE][PASSED] - Object: 'Object Repository/AdminSuiteBootstrap_Pages/VT_Bootstrap/Receipt/button_Continue' is clicked on

2024-10-31 21:42:28 - [TEST_STEP][PASSED] - click(findTestObject(path_VT + "a_Search Transactions")): Object: 'Object Repository/AdminSuiteBootstrap_Pages/VT_Bootstrap/IssueTransactions/a_Search Transactions' is clicked on

2024-10-31 21:42:29 - [MESSAGE][PASSED] - Object: 'Object Repository/AdminSuiteBootstrap_Pages/VT_Bootstrap/IssueTransactions/a_Search Transactions' is clicked on

2024-10-31 21:42:29 - [TEST_STEP][PASSED] - setText(findTestObject(path_CCSearch + "input_Search By_searchValue"), remID): Text 'AutoNoC103124213347000Ahm' is set on object 'Object Repository/AdminSuiteBootstrap_Pages/VT_Bootstrap/CCCreditOrVoidSearch/input_Search By_searchValue'

2024-10-31 21:42:30 - [MESSAGE][PASSED] - Text 'AutoNoC103124213347000Ahm' is set on object 'Object Repository/AdminSuiteBootstrap_Pages/VT_Bootstrap/CCCreditOrVoidSearch/input_Search By_searchValue'

2024-10-31 21:42:30 - [TEST_STEP][PASSED] - click(findTestObject(path_CCSearch + "option_Authorization")): Object: 'Object Repository/AdminSuiteBootstrap_Pages/VT_Bootstrap/CCCreditOrVoidSearch/option_Authorization' is clicked on

2024-10-31 21:42:30 - [MESSAGE][PASSED] - Object: 'Object Repository/AdminSuiteBootstrap_Pages/VT_Bootstrap/CCCreditOrVoidSearch/option_Authorization' is clicked on

2024-10-31 21:42:30 - [TEST_STEP][PASSED] - click(findTestObject(path_CCSearch + "button_Submit")): Object: 'Object Repository/AdminSuiteBootstrap_Pages/VT_Bootstrap/CCCreditOrVoidSearch/button_Submit' is clicked on

2024-10-31 21:42:31 - [MESSAGE][PASSED] - Object: 'Object Repository/AdminSuiteBootstrap_Pages/VT_Bootstrap/CCCreditOrVoidSearch/button_Submit' is clicked on

2024-10-31 21:42:31 - [TEST_STEP][PASSED] - fgr = getText(findTestObject(path_SearchResults + "div_Payment ID")): Text of object 'Object Repository/AdminSuiteBootstrap_Pages/VT_Bootstrap/SearchResults/div_Payment ID' is: 'Issue Transactions
Search Transactions'

2024-10-31 21:43:02 - [MESSAGE][INFO] - Unable to find the element located by 'By.xpath: /html[1]/body[@class="app sidebar-mini"]/main[@class="app-content"]/div[@class="d-flex"]/div[@class="tile w-100"]/div[@class="border"]/div[@class="tile-body"]/div[@class="tile-body"]/div[@class="table-responsive px-3"]/div[1]/div[@class="tile-body"]'. Please recheck the objects properties to make sure the desired element is located. 

2024-10-31 21:43:02 - [MESSAGE][WARNING] - [SELF-HEALING] Failed to find element with id 'Object Repository/AdminSuiteBootstrap_Pages/VT_Bootstrap/SearchResults/div_Payment ID'. Try using Self-healing.

2024-10-31 21:43:04 - [MESSAGE][INFO] - Unable to find the element located by 'By.xpath: (.//*[normalize-space(text()) and normalize-space(.)='Last'])[1]/following::div[1]'. Please recheck the objects properties to make sure the desired element is located. 

2024-10-31 21:43:04 - [MESSAGE][INFO] - [SELF-HEALING] Failed Locator: '(.//*[normalize-space(text()) and normalize-space(.)='Last'])[1]/following::div[1]'.

2024-10-31 21:43:04 - [MESSAGE][INFO] - [SELF-HEALING] Failed Locator: '(.//*[normalize-space(text()) and normalize-space(.)='Next'])[1]/following::div[1]'.

2024-10-31 21:43:04 - [MESSAGE][INFO] - [SELF-HEALING] Working Locator: '//div[2]/div/div/div[2]'.

2024-10-31 21:43:05 - [MESSAGE][INFO] - [SELF-HEALING] Screenshot: E:/Cloned-Project-Katalon/VPS-Katalon/Reports/Self-healing/Object Repository/AdminSuiteBootstrap_Pages/VT_Bootstrap/SearchResults/div_Payment ID_position.png

2024-10-31 21:43:05 - [MESSAGE][WARNING] - [SELF-HEALING] The current locator of test object 'Object Repository/AdminSuiteBootstrap_Pages/VT_Bootstrap/SearchResults/div_Payment ID' was broken. Propose an alternative one: '//div[2]/div/div/div[2]'.

2024-10-31 21:43:05 - [MESSAGE][PASSED] - Text of object 'Object Repository/AdminSuiteBootstrap_Pages/VT_Bootstrap/SearchResults/div_Payment ID' is: 'Issue Transactions
Search Transactions'

2024-10-31 21:43:05 - [TEST_STEP][ERROR] - payID = substring(89, 98).trim(): Test Cases/Admin Suite Bootstrap/VT_TestCases/CaptureMore_TP_AllCF_Generic_Error_TC FAILED.
Reason:
java.lang.StringIndexOutOfBoundsException: String index out of range: 98
	at java_lang_String$substring$2.call(Unknown Source)
	at CaptureMore_TP_AllCF_Generic_Error_TC.run(CaptureMore_TP_AllCF_Generic_Error_TC:163)
	at com.kms.katalon.core.main.ScriptEngine.run(ScriptEngine.java:194)
	at com.kms.katalon.core.main.ScriptEngine.runScriptAsRawText(ScriptEngine.java:119)
	at com.kms.katalon.core.main.TestCaseExecutor.runScript(TestCaseExecutor.java:448)
	at com.kms.katalon.core.main.TestCaseExecutor.doExecute(TestCaseExecutor.java:439)
	at com.kms.katalon.core.main.TestCaseExecutor.processExecutionPhase(TestCaseExecutor.java:418)
	at com.kms.katalon.core.main.TestCaseExecutor.accessMainPhase(TestCaseExecutor.java:410)
	at com.kms.katalon.core.main.TestCaseExecutor.execute(TestCaseExecutor.java:285)
	at com.kms.katalon.core.common.CommonExecutor.accessTestCaseMainPhase(CommonExecutor.java:65)
	at com.kms.katalon.core.main.TestSuiteExecutor.accessTestSuiteMainPhase(TestSuiteExecutor.java:148)
	at com.kms.katalon.core.main.TestSuiteExecutor.execute(TestSuiteExecutor.java:106)
	at com.kms.katalon.core.main.TestCaseMain.startTestSuite(TestCaseMain.java:187)
	at com.kms.katalon.core.main.TestCaseMain$startTestSuite$0.call(Unknown Source)
	at TempTestSuite1730425169576.run(TempTestSuite1730425169576.groovy:35)


2024-10-31 21:43:05 - [MESSAGE][ERROR] - Test Cases/Admin Suite Bootstrap/VT_TestCases/CaptureMore_TP_AllCF_Generic_Error_TC FAILED.
Reason:
java.lang.StringIndexOutOfBoundsException: String index out of range: 98
	at java_lang_String$substring$2.call(Unknown Source)
	at CaptureMore_TP_AllCF_Generic_Error_TC.run(CaptureMore_TP_AllCF_Generic_Error_TC:163)
	at com.kms.katalon.core.main.ScriptEngine.run(ScriptEngine.java:194)
	at com.kms.katalon.core.main.ScriptEngine.runScriptAsRawText(ScriptEngine.java:119)
	at com.kms.katalon.core.main.TestCaseExecutor.runScript(TestCaseExecutor.java:448)
	at com.kms.katalon.core.main.TestCaseExecutor.doExecute(TestCaseExecutor.java:439)
	at com.kms.katalon.core.main.TestCaseExecutor.processExecutionPhase(TestCaseExecutor.java:418)
	at com.kms.katalon.core.main.TestCaseExecutor.accessMainPhase(TestCaseExecutor.java:410)
	at com.kms.katalon.core.main.TestCaseExecutor.execute(TestCaseExecutor.java:285)
	at com.kms.katalon.core.common.CommonExecutor.accessTestCaseMainPhase(CommonExecutor.java:65)
	at com.kms.katalon.core.main.TestSuiteExecutor.accessTestSuiteMainPhase(TestSuiteExecutor.java:148)
	at com.kms.katalon.core.main.TestSuiteExecutor.execute(TestSuiteExecutor.java:106)
	at com.kms.katalon.core.main.TestCaseMain.startTestSuite(TestCaseMain.java:187)
	at com.kms.katalon.core.main.TestCaseMain$startTestSuite$0.call(Unknown Source)
	at TempTestSuite1730425169576.run(TempTestSuite1730425169576.groovy:35)]]></system-out>
         <system-err><![CDATA[2024-10-31 21:41:13 - [TEST_CASE][FAILED] - Test Cases/Admin Suite Bootstrap/VT_TestCases/CaptureMore_TP_AllCF_Generic_Error_TC: Test Cases/Admin Suite Bootstrap/VT_TestCases/CaptureMore_TP_AllCF_Generic_Error_TC FAILED.
Reason:
com.kms.katalon.core.exception.StepFailedException: Unable to set text '' of object 'Object Repository/AdminSuiteBootstrap_Pages/VT_Bootstrap/SaleKeyboard/input_smsNumber' (Root cause: com.kms.katalon.core.exception.StepFailedException: Unable to set text '' of object 'Object Repository/AdminSuiteBootstrap_Pages/VT_Bootstrap/SaleKeyboard/input_smsNumber'
	at com.kms.katalon.core.webui.keyword.internal.WebUIKeywordMain.stepFailed(WebUIKeywordMain.groovy:64)
	at com.kms.katalon.core.webui.keyword.internal.WebUIKeywordMain.runKeyword(WebUIKeywordMain.groovy:26)
	at com.kms.katalon.core.webui.keyword.builtin.SetTextKeyword.setText(SetTextKeyword.groovy:66)
	at com.kms.katalon.core.webui.keyword.builtin.SetTextKeyword.execute(SetTextKeyword.groovy:37)
	at com.kms.katalon.core.keyword.internal.KeywordExecutor.executeKeywordForPlatform(KeywordExecutor.groovy:74)
	at com.kms.katalon.core.webui.keyword.WebUiBuiltInKeywords.setText(WebUiBuiltInKeywords.groovy:980)
	at com.kms.katalon.core.webui.keyword.WebUiBuiltInKeywords$setText$2.call(Unknown Source)
	at adminSuiteBootstrap.virtualTerminalSetData.saleKeyboard_DataDriven(virtualTerminalSetData.groovy:169)
	at adminSuiteBootstrap.virtualTerminalSetData.invokeMethod(virtualTerminalSetData.groovy)
	at com.kms.katalon.core.main.CustomKeywordDelegatingMetaClass.invokeStaticMethod(CustomKeywordDelegatingMetaClass.java:55)
	at CaptureMore_TP_AllCF_Generic_Error_TC.run(CaptureMore_TP_AllCF_Generic_Error_TC:134)
	at com.kms.katalon.core.main.ScriptEngine.run(ScriptEngine.java:194)
	at com.kms.katalon.core.main.ScriptEngine.runScriptAsRawText(ScriptEngine.java:119)
	at com.kms.katalon.core.main.TestCaseExecutor.runScript(TestCaseExecutor.java:448)
	at com.kms.katalon.core.main.TestCaseExecutor.doExecute(TestCaseExecutor.java:439)
	at com.kms.katalon.core.main.TestCaseExecutor.processExecutionPhase(TestCaseExecutor.java:418)
	at com.kms.katalon.core.main.TestCaseExecutor.accessMainPhase(TestCaseExecutor.java:410)
	at com.kms.katalon.core.main.TestCaseExecutor.execute(TestCaseExecutor.java:285)
	at com.kms.katalon.core.common.CommonExecutor.accessTestCaseMainPhase(CommonExecutor.java:65)
	at com.kms.katalon.core.main.TestSuiteExecutor.accessTestSuiteMainPhase(TestSuiteExecutor.java:148)
	at com.kms.katalon.core.main.TestSuiteExecutor.execute(TestSuiteExecutor.java:106)
	at com.kms.katalon.core.main.TestCaseMain.startTestSuite(TestCaseMain.java:187)
	at com.kms.katalon.core.main.TestCaseMain$startTestSuite$0.call(Unknown Source)
	at TempTestSuite1730425169576.run(TempTestSuite1730425169576.groovy:35)
Caused by: com.kms.katalon.core.webui.exception.WebElementNotFoundException: Web element with id: 'Object Repository/AdminSuiteBootstrap_Pages/VT_Bootstrap/SaleKeyboard/input_smsNumber' located by '//*[@type = 'TEXT' and @name = 'smsNumber' and @id = 'smsNumber']' not found
	at com.kms.katalon.core.webui.common.WebUiCommonHelper.findWebElement(WebUiCommonHelper.java:1381)
	at com.kms.katalon.core.webui.keyword.internal.WebUIAbstractKeyword.findWebElement(WebUIAbstractKeyword.groovy:27)
	at com.kms.katalon.core.webui.keyword.internal.WebUIAbstractKeyword.findWebElement(WebUIAbstractKeyword.groovy:26)
	at com.kms.katalon.core.webui.keyword.builtin.SetTextKeyword$_setText_closure1.doCall(SetTextKeyword.groovy:51)
	at com.kms.katalon.core.webui.keyword.builtin.SetTextKeyword$_setText_closure1.call(SetTextKeyword.groovy)
	at com.kms.katalon.core.webui.keyword.internal.WebUIKeywordMain.runKeyword(WebUIKeywordMain.groovy:20)
	at com.kms.katalon.core.webui.keyword.builtin.SetTextKeyword.setText(SetTextKeyword.groovy:66)
	at com.kms.katalon.core.webui.keyword.builtin.SetTextKeyword.execute(SetTextKeyword.groovy:37)
	at com.kms.katalon.core.keyword.internal.KeywordExecutor.executeKeywordForPlatform(KeywordExecutor.groovy:74)
	at com.kms.katalon.core.webui.keyword.WebUiBuiltInKeywords.setText(WebUiBuiltInKeywords.groovy:980)
	at com.kms.katalon.core.webui.keyword.WebUiBuiltInKeywords$setText$2.call(Unknown Source)
	at adminSuiteBootstrap.virtualTerminalSetData.saleKeyboard_DataDriven(virtualTerminalSetData.groovy:169)
	at adminSuiteBootstrap.virtualTerminalSetData.invokeMethod(virtualTerminalSetData.groovy)
	at com.kms.katalon.core.main.CustomKeywordDelegatingMetaClass.invokeStaticMethod(CustomKeywordDelegatingMetaClass.java:55)
	at Script1648147519136.run(Script1648147519136.groovy:134)
	... 13 more
)
	at com.kms.katalon.core.keyword.internal.KeywordMain.stepFailed(KeywordMain.groovy:39)
	at com.kms.katalon.core.webui.keyword.internal.WebUIKeywordMain.stepFailed(WebUIKeywordMain.groovy:64)
	at com.kms.katalon.core.webui.keyword.internal.WebUIKeywordMain.runKeyword(WebUIKeywordMain.groovy:26)
	at com.kms.katalon.core.webui.keyword.builtin.SetTextKeyword.setText(SetTextKeyword.groovy:66)
	at com.kms.katalon.core.webui.keyword.builtin.SetTextKeyword.execute(SetTextKeyword.groovy:37)
	at com.kms.katalon.core.keyword.internal.KeywordExecutor.executeKeywordForPlatform(KeywordExecutor.groovy:74)
	at com.kms.katalon.core.webui.keyword.WebUiBuiltInKeywords.setText(WebUiBuiltInKeywords.groovy:980)
	at com.kms.katalon.core.webui.keyword.WebUiBuiltInKeywords$setText$2.call(Unknown Source)
	at adminSuiteBootstrap.virtualTerminalSetData.saleKeyboard_DataDriven(virtualTerminalSetData.groovy:169)
	at adminSuiteBootstrap.virtualTerminalSetData.invokeMethod(virtualTerminalSetData.groovy)
	at com.kms.katalon.core.main.CustomKeywordDelegatingMetaClass.invokeStaticMethod(CustomKeywordDelegatingMetaClass.java:55)
	at CaptureMore_TP_AllCF_Generic_Error_TC.run(CaptureMore_TP_AllCF_Generic_Error_TC:134)
	at com.kms.katalon.core.main.ScriptEngine.run(ScriptEngine.java:194)
	at com.kms.katalon.core.main.ScriptEngine.runScriptAsRawText(ScriptEngine.java:119)
	at com.kms.katalon.core.main.TestCaseExecutor.runScript(TestCaseExecutor.java:448)
	at com.kms.katalon.core.main.TestCaseExecutor.doExecute(TestCaseExecutor.java:439)
	at com.kms.katalon.core.main.TestCaseExecutor.processExecutionPhase(TestCaseExecutor.java:418)
	at com.kms.katalon.core.main.TestCaseExecutor.accessMainPhase(TestCaseExecutor.java:410)
	at com.kms.katalon.core.main.TestCaseExecutor.execute(TestCaseExecutor.java:285)
	at com.kms.katalon.core.common.CommonExecutor.accessTestCaseMainPhase(CommonExecutor.java:65)
	at com.kms.katalon.core.main.TestSuiteExecutor.accessTestSuiteMainPhase(TestSuiteExecutor.java:148)
	at com.kms.katalon.core.main.TestSuiteExecutor.execute(TestSuiteExecutor.java:106)
	at com.kms.katalon.core.main.TestCaseMain.startTestSuite(TestCaseMain.java:187)
	at com.kms.katalon.core.main.TestCaseMain$startTestSuite$0.call(Unknown Source)
	at TempTestSuite1730425169576.run(TempTestSuite1730425169576.groovy:35)
Caused by: com.kms.katalon.core.exception.StepFailedException: Unable to set text '' of object 'Object Repository/AdminSuiteBootstrap_Pages/VT_Bootstrap/SaleKeyboard/input_smsNumber'
	... 24 more
Caused by: com.kms.katalon.core.webui.exception.WebElementNotFoundException: Web element with id: 'Object Repository/AdminSuiteBootstrap_Pages/VT_Bootstrap/SaleKeyboard/input_smsNumber' located by '//*[@type = 'TEXT' and @name = 'smsNumber' and @id = 'smsNumber']' not found
	at com.kms.katalon.core.webui.common.WebUiCommonHelper.findWebElement(WebUiCommonHelper.java:1381)
	at com.kms.katalon.core.webui.keyword.internal.WebUIAbstractKeyword.findWebElement(WebUIAbstractKeyword.groovy:27)
	at com.kms.katalon.core.webui.keyword.internal.WebUIAbstractKeyword.findWebElement(WebUIAbstractKeyword.groovy:26)
	at com.kms.katalon.core.webui.keyword.builtin.SetTextKeyword$_setText_closure1.doCall(SetTextKeyword.groovy:51)
	at com.kms.katalon.core.webui.keyword.builtin.SetTextKeyword$_setText_closure1.call(SetTextKeyword.groovy)
	at com.kms.katalon.core.webui.keyword.internal.WebUIKeywordMain.runKeyword(WebUIKeywordMain.groovy:20)
	... 22 more]]></system-err>
      </testcase>
      <testcase name="Test Cases/Admin Suite Bootstrap/VT_TestCases/SaleKeyboard_TP_AllCF_FieldVal_Generic_Error_TC" time="356.072" classname="Test Cases/Admin Suite Bootstrap/VT_TestCases/SaleKeyboard_TP_AllCF_FieldVal_Generic_Error_TC" status="FAILED">
         <failure type="FAILED" message="Test Cases/Admin Suite Bootstrap/VT_TestCases/SaleKeyboard_TP_AllCF_FieldVal_Generic_Error_TC FAILED.
Reason:
com.kms.katalon.core.exception.StepFailedException: Unable to set text '' of object 'Object Repository/AdminSuiteBootstrap_Pages/VT_Bootstrap/SaleKeyboard/input_smsNumber' (Root cause: com.kms.katalon.core.exception.StepFailedException: Unable to set text '' of object 'Object Repository/AdminSuiteBootstrap_Pages/VT_Bootstrap/SaleKeyboard/input_smsNumber'
	at com.kms.katalon.core.webui.keyword.internal.WebUIKeywordMain.stepFailed(WebUIKeywordMain.groovy:64)
	at com.kms.katalon.core.webui.keyword.internal.WebUIKeywordMain.runKeyword(WebUIKeywordMain.groovy:26)
	at com.kms.katalon.core.webui.keyword.builtin.SetTextKeyword.setText(SetTextKeyword.groovy:66)
	at com.kms.katalon.core.webui.keyword.builtin.SetTextKeyword.execute(SetTextKeyword.groovy:37)
	at com.kms.katalon.core.keyword.internal.KeywordExecutor.executeKeywordForPlatform(KeywordExecutor.groovy:74)
	at com.kms.katalon.core.webui.keyword.WebUiBuiltInKeywords.setText(WebUiBuiltInKeywords.groovy:980)
	at com.kms.katalon.core.webui.keyword.WebUiBuiltInKeywords$setText$2.call(Unknown Source)
	at adminSuiteBootstrap.virtualTerminalSetData.saleKeyboard_DataDriven(virtualTerminalSetData.groovy:169)
	at adminSuiteBootstrap.virtualTerminalSetData.invokeMethod(virtualTerminalSetData.groovy)
	at com.kms.katalon.core.main.CustomKeywordDelegatingMetaClass.invokeStaticMethod(CustomKeywordDelegatingMetaClass.java:55)
	at SaleKeyboard_TP_AllCF_FieldVal_Generic_Error_TC.run(SaleKeyboard_TP_AllCF_FieldVal_Generic_Error_TC:124)
	at com.kms.katalon.core.main.ScriptEngine.run(ScriptEngine.java:194)
	at com.kms.katalon.core.main.ScriptEngine.runScriptAsRawText(ScriptEngine.java:119)
	at com.kms.katalon.core.main.TestCaseExecutor.runScript(TestCaseExecutor.java:448)
	at com.kms.katalon.core.main.TestCaseExecutor.doExecute(TestCaseExecutor.java:439)
	at com.kms.katalon.core.main.TestCaseExecutor.processExecutionPhase(TestCaseExecutor.java:418)
	at com.kms.katalon.core.main.TestCaseExecutor.accessMainPhase(TestCaseExecutor.java:410)
	at com.kms.katalon.core.main.TestCaseExecutor.execute(TestCaseExecutor.java:285)
	at com.kms.katalon.core.common.CommonExecutor.accessTestCaseMainPhase(CommonExecutor.java:65)
	at com.kms.katalon.core.main.TestSuiteExecutor.accessTestSuiteMainPhase(TestSuiteExecutor.java:148)
	at com.kms.katalon.core.main.TestSuiteExecutor.execute(TestSuiteExecutor.java:106)
	at com.kms.katalon.core.main.TestCaseMain.startTestSuite(TestCaseMain.java:187)
	at com.kms.katalon.core.main.TestCaseMain$startTestSuite$0.call(Unknown Source)
	at TempTestSuite1730425169576.run(TempTestSuite1730425169576.groovy:35)
Caused by: com.kms.katalon.core.webui.exception.WebElementNotFoundException: Web element with id: 'Object Repository/AdminSuiteBootstrap_Pages/VT_Bootstrap/SaleKeyboard/input_smsNumber' located by '//*[@type = 'TEXT' and @name = 'smsNumber' and @id = 'smsNumber']' not found
	at com.kms.katalon.core.webui.common.WebUiCommonHelper.findWebElement(WebUiCommonHelper.java:1381)
	at com.kms.katalon.core.webui.keyword.internal.WebUIAbstractKeyword.findWebElement(WebUIAbstractKeyword.groovy:27)
	at com.kms.katalon.core.webui.keyword.internal.WebUIAbstractKeyword.findWebElement(WebUIAbstractKeyword.groovy:26)
	at com.kms.katalon.core.webui.keyword.builtin.SetTextKeyword$_setText_closure1.doCall(SetTextKeyword.groovy:51)
	at com.kms.katalon.core.webui.keyword.builtin.SetTextKeyword$_setText_closure1.call(SetTextKeyword.groovy)
	at com.kms.katalon.core.webui.keyword.internal.WebUIKeywordMain.runKeyword(WebUIKeywordMain.groovy:20)
	at com.kms.katalon.core.webui.keyword.builtin.SetTextKeyword.setText(SetTextKeyword.groovy:66)
	at com.kms.katalon.core.webui.keyword.builtin.SetTextKeyword.execute(SetTextKeyword.groovy:37)
	at com.kms.katalon.core.keyword.internal.KeywordExecutor.executeKeywordForPlatform(KeywordExecutor.groovy:74)
	at com.kms.katalon.core.webui.keyword.WebUiBuiltInKeywords.setText(WebUiBuiltInKeywords.groovy:980)
	at com.kms.katalon.core.webui.keyword.WebUiBuiltInKeywords$setText$2.call(Unknown Source)
	at adminSuiteBootstrap.virtualTerminalSetData.saleKeyboard_DataDriven(virtualTerminalSetData.groovy:169)
	at adminSuiteBootstrap.virtualTerminalSetData.invokeMethod(virtualTerminalSetData.groovy)
	at com.kms.katalon.core.main.CustomKeywordDelegatingMetaClass.invokeStaticMethod(CustomKeywordDelegatingMetaClass.java:55)
	at Script1648241494239.run(Script1648241494239.groovy:124)
	... 13 more
)
	at com.kms.katalon.core.keyword.internal.KeywordMain.stepFailed(KeywordMain.groovy:39)
	at com.kms.katalon.core.webui.keyword.internal.WebUIKeywordMain.stepFailed(WebUIKeywordMain.groovy:64)
	at com.kms.katalon.core.webui.keyword.internal.WebUIKeywordMain.runKeyword(WebUIKeywordMain.groovy:26)
	at com.kms.katalon.core.webui.keyword.builtin.SetTextKeyword.setText(SetTextKeyword.groovy:66)
	at com.kms.katalon.core.webui.keyword.builtin.SetTextKeyword.execute(SetTextKeyword.groovy:37)
	at com.kms.katalon.core.keyword.internal.KeywordExecutor.executeKeywordForPlatform(KeywordExecutor.groovy:74)
	at com.kms.katalon.core.webui.keyword.WebUiBuiltInKeywords.setText(WebUiBuiltInKeywords.groovy:980)
	at com.kms.katalon.core.webui.keyword.WebUiBuiltInKeywords$setText$2.call(Unknown Source)
	at adminSuiteBootstrap.virtualTerminalSetData.saleKeyboard_DataDriven(virtualTerminalSetData.groovy:169)
	at adminSuiteBootstrap.virtualTerminalSetData.invokeMethod(virtualTerminalSetData.groovy)
	at com.kms.katalon.core.main.CustomKeywordDelegatingMetaClass.invokeStaticMethod(CustomKeywordDelegatingMetaClass.java:55)
	at SaleKeyboard_TP_AllCF_FieldVal_Generic_Error_TC.run(SaleKeyboard_TP_AllCF_FieldVal_Generic_Error_TC:124)
	at com.kms.katalon.core.main.ScriptEngine.run(ScriptEngine.java:194)
	at com.kms.katalon.core.main.ScriptEngine.runScriptAsRawText(ScriptEngine.java:119)
	at com.kms.katalon.core.main.TestCaseExecutor.runScript(TestCaseExecutor.java:448)
	at com.kms.katalon.core.main.TestCaseExecutor.doExecute(TestCaseExecutor.java:439)
	at com.kms.katalon.core.main.TestCaseExecutor.processExecutionPhase(TestCaseExecutor.java:418)
	at com.kms.katalon.core.main.TestCaseExecutor.accessMainPhase(TestCaseExecutor.java:410)
	at com.kms.katalon.core.main.TestCaseExecutor.execute(TestCaseExecutor.java:285)
	at com.kms.katalon.core.common.CommonExecutor.accessTestCaseMainPhase(CommonExecutor.java:65)
	at com.kms.katalon.core.main.TestSuiteExecutor.accessTestSuiteMainPhase(TestSuiteExecutor.java:148)
	at com.kms.katalon.core.main.TestSuiteExecutor.execute(TestSuiteExecutor.java:106)
	at com.kms.katalon.core.main.TestCaseMain.startTestSuite(TestCaseMain.java:187)
	at com.kms.katalon.core.main.TestCaseMain$startTestSuite$0.call(Unknown Source)
	at TempTestSuite1730425169576.run(TempTestSuite1730425169576.groovy:35)
Caused by: com.kms.katalon.core.exception.StepFailedException: Unable to set text '' of object 'Object Repository/AdminSuiteBootstrap_Pages/VT_Bootstrap/SaleKeyboard/input_smsNumber'
	... 24 more
Caused by: com.kms.katalon.core.webui.exception.WebElementNotFoundException: Web element with id: 'Object Repository/AdminSuiteBootstrap_Pages/VT_Bootstrap/SaleKeyboard/input_smsNumber' located by '//*[@type = 'TEXT' and @name = 'smsNumber' and @id = 'smsNumber']' not found
	at com.kms.katalon.core.webui.common.WebUiCommonHelper.findWebElement(WebUiCommonHelper.java:1381)
	at com.kms.katalon.core.webui.keyword.internal.WebUIAbstractKeyword.findWebElement(WebUIAbstractKeyword.groovy:27)
	at com.kms.katalon.core.webui.keyword.internal.WebUIAbstractKeyword.findWebElement(WebUIAbstractKeyword.groovy:26)
	at com.kms.katalon.core.webui.keyword.builtin.SetTextKeyword$_setText_closure1.doCall(SetTextKeyword.groovy:51)
	at com.kms.katalon.core.webui.keyword.builtin.SetTextKeyword$_setText_closure1.call(SetTextKeyword.groovy)
	at com.kms.katalon.core.webui.keyword.internal.WebUIKeywordMain.runKeyword(WebUIKeywordMain.groovy:20)
	... 22 more
"/>
         <system-out><![CDATA[2024-10-31 21:43:05 - [TEST_CASE][FAILED] - Test Cases/Admin Suite Bootstrap/VT_TestCases/SaleKeyboard_TP_AllCF_FieldVal_Generic_Error_TC: Test Cases/Admin Suite Bootstrap/VT_TestCases/SaleKeyboard_TP_AllCF_FieldVal_Generic_Error_TC FAILED.
Reason:
com.kms.katalon.core.exception.StepFailedException: Unable to set text '' of object 'Object Repository/AdminSuiteBootstrap_Pages/VT_Bootstrap/SaleKeyboard/input_smsNumber' (Root cause: com.kms.katalon.core.exception.StepFailedException: Unable to set text '' of object 'Object Repository/AdminSuiteBootstrap_Pages/VT_Bootstrap/SaleKeyboard/input_smsNumber'
	at com.kms.katalon.core.webui.keyword.internal.WebUIKeywordMain.stepFailed(WebUIKeywordMain.groovy:64)
	at com.kms.katalon.core.webui.keyword.internal.WebUIKeywordMain.runKeyword(WebUIKeywordMain.groovy:26)
	at com.kms.katalon.core.webui.keyword.builtin.SetTextKeyword.setText(SetTextKeyword.groovy:66)
	at com.kms.katalon.core.webui.keyword.builtin.SetTextKeyword.execute(SetTextKeyword.groovy:37)
	at com.kms.katalon.core.keyword.internal.KeywordExecutor.executeKeywordForPlatform(KeywordExecutor.groovy:74)
	at com.kms.katalon.core.webui.keyword.WebUiBuiltInKeywords.setText(WebUiBuiltInKeywords.groovy:980)
	at com.kms.katalon.core.webui.keyword.WebUiBuiltInKeywords$setText$2.call(Unknown Source)
	at adminSuiteBootstrap.virtualTerminalSetData.saleKeyboard_DataDriven(virtualTerminalSetData.groovy:169)
	at adminSuiteBootstrap.virtualTerminalSetData.invokeMethod(virtualTerminalSetData.groovy)
	at com.kms.katalon.core.main.CustomKeywordDelegatingMetaClass.invokeStaticMethod(CustomKeywordDelegatingMetaClass.java:55)
	at SaleKeyboard_TP_AllCF_FieldVal_Generic_Error_TC.run(SaleKeyboard_TP_AllCF_FieldVal_Generic_Error_TC:124)
	at com.kms.katalon.core.main.ScriptEngine.run(ScriptEngine.java:194)
	at com.kms.katalon.core.main.ScriptEngine.runScriptAsRawText(ScriptEngine.java:119)
	at com.kms.katalon.core.main.TestCaseExecutor.runScript(TestCaseExecutor.java:448)
	at com.kms.katalon.core.main.TestCaseExecutor.doExecute(TestCaseExecutor.java:439)
	at com.kms.katalon.core.main.TestCaseExecutor.processExecutionPhase(TestCaseExecutor.java:418)
	at com.kms.katalon.core.main.TestCaseExecutor.accessMainPhase(TestCaseExecutor.java:410)
	at com.kms.katalon.core.main.TestCaseExecutor.execute(TestCaseExecutor.java:285)
	at com.kms.katalon.core.common.CommonExecutor.accessTestCaseMainPhase(CommonExecutor.java:65)
	at com.kms.katalon.core.main.TestSuiteExecutor.accessTestSuiteMainPhase(TestSuiteExecutor.java:148)
	at com.kms.katalon.core.main.TestSuiteExecutor.execute(TestSuiteExecutor.java:106)
	at com.kms.katalon.core.main.TestCaseMain.startTestSuite(TestCaseMain.java:187)
	at com.kms.katalon.core.main.TestCaseMain$startTestSuite$0.call(Unknown Source)
	at TempTestSuite1730425169576.run(TempTestSuite1730425169576.groovy:35)
Caused by: com.kms.katalon.core.webui.exception.WebElementNotFoundException: Web element with id: 'Object Repository/AdminSuiteBootstrap_Pages/VT_Bootstrap/SaleKeyboard/input_smsNumber' located by '//*[@type = 'TEXT' and @name = 'smsNumber' and @id = 'smsNumber']' not found
	at com.kms.katalon.core.webui.common.WebUiCommonHelper.findWebElement(WebUiCommonHelper.java:1381)
	at com.kms.katalon.core.webui.keyword.internal.WebUIAbstractKeyword.findWebElement(WebUIAbstractKeyword.groovy:27)
	at com.kms.katalon.core.webui.keyword.internal.WebUIAbstractKeyword.findWebElement(WebUIAbstractKeyword.groovy:26)
	at com.kms.katalon.core.webui.keyword.builtin.SetTextKeyword$_setText_closure1.doCall(SetTextKeyword.groovy:51)
	at com.kms.katalon.core.webui.keyword.builtin.SetTextKeyword$_setText_closure1.call(SetTextKeyword.groovy)
	at com.kms.katalon.core.webui.keyword.internal.WebUIKeywordMain.runKeyword(WebUIKeywordMain.groovy:20)
	at com.kms.katalon.core.webui.keyword.builtin.SetTextKeyword.setText(SetTextKeyword.groovy:66)
	at com.kms.katalon.core.webui.keyword.builtin.SetTextKeyword.execute(SetTextKeyword.groovy:37)
	at com.kms.katalon.core.keyword.internal.KeywordExecutor.executeKeywordForPlatform(KeywordExecutor.groovy:74)
	at com.kms.katalon.core.webui.keyword.WebUiBuiltInKeywords.setText(WebUiBuiltInKeywords.groovy:980)
	at com.kms.katalon.core.webui.keyword.WebUiBuiltInKeywords$setText$2.call(Unknown Source)
	at adminSuiteBootstrap.virtualTerminalSetData.saleKeyboard_DataDriven(virtualTerminalSetData.groovy:169)
	at adminSuiteBootstrap.virtualTerminalSetData.invokeMethod(virtualTerminalSetData.groovy)
	at com.kms.katalon.core.main.CustomKeywordDelegatingMetaClass.invokeStaticMethod(CustomKeywordDelegatingMetaClass.java:55)
	at Script1648241494239.run(Script1648241494239.groovy:124)
	... 13 more
)
	at com.kms.katalon.core.keyword.internal.KeywordMain.stepFailed(KeywordMain.groovy:39)
	at com.kms.katalon.core.webui.keyword.internal.WebUIKeywordMain.stepFailed(WebUIKeywordMain.groovy:64)
	at com.kms.katalon.core.webui.keyword.internal.WebUIKeywordMain.runKeyword(WebUIKeywordMain.groovy:26)
	at com.kms.katalon.core.webui.keyword.builtin.SetTextKeyword.setText(SetTextKeyword.groovy:66)
	at com.kms.katalon.core.webui.keyword.builtin.SetTextKeyword.execute(SetTextKeyword.groovy:37)
	at com.kms.katalon.core.keyword.internal.KeywordExecutor.executeKeywordForPlatform(KeywordExecutor.groovy:74)
	at com.kms.katalon.core.webui.keyword.WebUiBuiltInKeywords.setText(WebUiBuiltInKeywords.groovy:980)
	at com.kms.katalon.core.webui.keyword.WebUiBuiltInKeywords$setText$2.call(Unknown Source)
	at adminSuiteBootstrap.virtualTerminalSetData.saleKeyboard_DataDriven(virtualTerminalSetData.groovy:169)
	at adminSuiteBootstrap.virtualTerminalSetData.invokeMethod(virtualTerminalSetData.groovy)
	at com.kms.katalon.core.main.CustomKeywordDelegatingMetaClass.invokeStaticMethod(CustomKeywordDelegatingMetaClass.java:55)
	at SaleKeyboard_TP_AllCF_FieldVal_Generic_Error_TC.run(SaleKeyboard_TP_AllCF_FieldVal_Generic_Error_TC:124)
	at com.kms.katalon.core.main.ScriptEngine.run(ScriptEngine.java:194)
	at com.kms.katalon.core.main.ScriptEngine.runScriptAsRawText(ScriptEngine.java:119)
	at com.kms.katalon.core.main.TestCaseExecutor.runScript(TestCaseExecutor.java:448)
	at com.kms.katalon.core.main.TestCaseExecutor.doExecute(TestCaseExecutor.java:439)
	at com.kms.katalon.core.main.TestCaseExecutor.processExecutionPhase(TestCaseExecutor.java:418)
	at com.kms.katalon.core.main.TestCaseExecutor.accessMainPhase(TestCaseExecutor.java:410)
	at com.kms.katalon.core.main.TestCaseExecutor.execute(TestCaseExecutor.java:285)
	at com.kms.katalon.core.common.CommonExecutor.accessTestCaseMainPhase(CommonExecutor.java:65)
	at com.kms.katalon.core.main.TestSuiteExecutor.accessTestSuiteMainPhase(TestSuiteExecutor.java:148)
	at com.kms.katalon.core.main.TestSuiteExecutor.execute(TestSuiteExecutor.java:106)
	at com.kms.katalon.core.main.TestCaseMain.startTestSuite(TestCaseMain.java:187)
	at com.kms.katalon.core.main.TestCaseMain$startTestSuite$0.call(Unknown Source)
	at TempTestSuite1730425169576.run(TempTestSuite1730425169576.groovy:35)
Caused by: com.kms.katalon.core.exception.StepFailedException: Unable to set text '' of object 'Object Repository/AdminSuiteBootstrap_Pages/VT_Bootstrap/SaleKeyboard/input_smsNumber'
	... 24 more
Caused by: com.kms.katalon.core.webui.exception.WebElementNotFoundException: Web element with id: 'Object Repository/AdminSuiteBootstrap_Pages/VT_Bootstrap/SaleKeyboard/input_smsNumber' located by '//*[@type = 'TEXT' and @name = 'smsNumber' and @id = 'smsNumber']' not found
	at com.kms.katalon.core.webui.common.WebUiCommonHelper.findWebElement(WebUiCommonHelper.java:1381)
	at com.kms.katalon.core.webui.keyword.internal.WebUIAbstractKeyword.findWebElement(WebUIAbstractKeyword.groovy:27)
	at com.kms.katalon.core.webui.keyword.internal.WebUIAbstractKeyword.findWebElement(WebUIAbstractKeyword.groovy:26)
	at com.kms.katalon.core.webui.keyword.builtin.SetTextKeyword$_setText_closure1.doCall(SetTextKeyword.groovy:51)
	at com.kms.katalon.core.webui.keyword.builtin.SetTextKeyword$_setText_closure1.call(SetTextKeyword.groovy)
	at com.kms.katalon.core.webui.keyword.internal.WebUIKeywordMain.runKeyword(WebUIKeywordMain.groovy:20)
	... 22 more


2024-10-31 21:43:05 - [TEST_STEP][PASSED] - path_Dashboard = "Object Repository/AdminSuiteBootstrap_Pages/Dashboard_Bootstrap/": null

2024-10-31 21:43:05 - [TEST_STEP][PASSED] - path_VT = "Object Repository/AdminSuiteBootstrap_Pages/VT_Bootstrap/IssueTransactions/": null

2024-10-31 21:43:05 - [TEST_STEP][PASSED] - path_SaleKB = "Object Repository/AdminSuiteBootstrap_Pages/VT_Bootstrap/SaleKeyboard/": null

2024-10-31 21:43:05 - [TEST_STEP][PASSED] - path_TestMinus = "Object Repository/Page_TestMinusAndAtSigns/": null

2024-10-31 21:43:05 - [TEST_STEP][PASSED] - li_1 = vpos_Prefix: null

2024-10-31 21:43:05 - [TEST_STEP][PASSED] - li_2 = "/transactions/AuthCapForm/": null

2024-10-31 21:43:05 - [TEST_STEP][PASSED] - executionProfile = getExecutionProfile(): null

2024-10-31 21:43:05 - [TEST_STEP][PASSED] - out.println("executionProfile : " + executionProfile): null

2024-10-31 21:43:05 - [TEST_STEP][PASSED] - appName = <not implemented yet for class: org.codehaus.groovy.ast.expr.EmptyExpression>: null

2024-10-31 21:43:05 - [TEST_STEP][PASSED] - appID = <not implemented yet for class: org.codehaus.groovy.ast.expr.EmptyExpression>: null

2024-10-31 21:43:05 - [TEST_STEP][PASSED] - cardNameV = <not implemented yet for class: org.codehaus.groovy.ast.expr.EmptyExpression>: null

2024-10-31 21:43:05 - [TEST_STEP][PASSED] - al1V = <not implemented yet for class: org.codehaus.groovy.ast.expr.EmptyExpression>: null

2024-10-31 21:43:05 - [TEST_STEP][PASSED] - al2V = <not implemented yet for class: org.codehaus.groovy.ast.expr.EmptyExpression>: null

2024-10-31 21:43:05 - [TEST_STEP][PASSED] - zipV = <not implemented yet for class: org.codehaus.groovy.ast.expr.EmptyExpression>: null

2024-10-31 21:43:05 - [TEST_STEP][PASSED] - cardTypeV = <not implemented yet for class: org.codehaus.groovy.ast.expr.EmptyExpression>: null

2024-10-31 21:43:05 - [TEST_STEP][PASSED] - last4V = <not implemented yet for class: org.codehaus.groovy.ast.expr.EmptyExpression>: null

2024-10-31 21:43:05 - [TEST_STEP][PASSED] - resText = "Fail": null

2024-10-31 21:43:05 - [TEST_STEP][PASSED] - resColumn = "Result": null

2024-10-31 21:43:05 - [TEST_STEP][PASSED] - datCloumn = "Date": null

2024-10-31 21:43:05 - [TEST_STEP][PASSED] - fileLoc = "C:\KatalonData\Bootstrap\VT-Misc-Data.xlsx": null

2024-10-31 21:43:05 - [TEST_STEP][PASSED] - numOfRows = <not implemented yet for class: org.codehaus.groovy.ast.expr.EmptyExpression>: null

2024-10-31 21:43:05 - [TEST_STEP][PASSED] - dataFile = <not implemented yet for class: org.codehaus.groovy.ast.expr.EmptyExpression>: null

2024-10-31 21:43:05 - [TEST_STEP][PASSED] - nameSheet = <not implemented yet for class: org.codehaus.groovy.ast.expr.EmptyExpression>: null

2024-10-31 21:43:05 - [TEST_STEP][PASSED] - nameSheet = "FieldValidationError": null

2024-10-31 21:43:05 - [TEST_STEP][PASSED] - numOfRows = findTestData("QA/Bootstrap/VT-TestData/VT-FieldValidationError").getRowNumbers(): null

2024-10-31 21:43:06 - [TEST_STEP][PASSED] - println("Number of Records: " + numOfRows): null

2024-10-31 21:43:06 - [TEST_STEP][PASSED] - dataFile = "QA/Bootstrap/VT-TestData/VT-FieldValidationError": null

2024-10-31 21:43:06 - [TEST_STEP][FAILED] - for ([row = 1, row <= numOfRows, (row++)]): null

2024-10-31 21:43:06 - [TEST_STEP][PASSED] - ExecuteTC = findTestData(dataFile).getValue("Execute", row): null

2024-10-31 21:43:06 - [TEST_STEP][PASSED] - out.println("Value of Execute is : " + ExecuteTC): null

2024-10-31 21:43:06 - [TEST_STEP][PASSED] - switch (executionProfile): null

2024-10-31 21:43:06 - [TEST_STEP][PASSED] - case "QA2Profile":: null

2024-10-31 21:43:06 - [TEST_STEP][PASSED] - appName = findTestData(dataFile).getValue("AppNameQA", row): null

2024-10-31 21:43:06 - [TEST_STEP][PASSED] - appID = findTestData(dataFile).getValue("AppIDQA", row): null

2024-10-31 21:43:06 - [TEST_STEP][PASSED] - break: null

2024-10-31 21:43:06 - [TEST_STEP][PASSED] - hrefAppID = li_1 + appID + li_2: null

2024-10-31 21:43:06 - [TEST_STEP][PASSED] - hrefApp = li_1 + appID + "/": null

2024-10-31 21:43:06 - [TEST_STEP][PASSED] - println("hrefApp : " + hrefApp): null

2024-10-31 21:43:06 - [TEST_STEP][FAILED] - if (ExecuteTC.equalsIgnoreCase("Y")): null

2024-10-31 21:43:06 - [TEST_STEP][PASSED] - out.println("Begin Record Number: " + row): null

2024-10-31 21:43:06 - [TEST_STEP][PASSED] - today = new java.util.Date(): null

2024-10-31 21:43:06 - [TEST_STEP][PASSED] - println(today): null

2024-10-31 21:43:06 - [TEST_STEP][PASSED] - datText = today: null

2024-10-31 21:43:06 - [TEST_STEP][PASSED] - adminSuiteBootstrap.loginFunctionality.login_AdminSuite(): adminSuiteBootstrap.loginFunctionality.login_AdminSuite is PASSED

2024-10-31 21:43:06 - [MESSAGE][WARNING] - A browser is already opened. Closing browser and opening a new one

2024-10-31 21:43:07 - [MESSAGE][INFO] - Starting 'Chrome' driver

2024-10-31 21:43:07 - [MESSAGE][INFO] - User set preference: ['acceptInsecureCerts', 'true']

2024-10-31 21:43:07 - [MESSAGE][INFO] - Action delay is set to 0 milliseconds

2024-10-31 21:43:09 - [MESSAGE][PASSED] - Browser is opened with url: 'https://qa2.velocitypayment.com/admin/imtiaz'

2024-10-31 21:43:11 - [MESSAGE][PASSED] - Current window maximized

2024-10-31 21:43:11 - [MESSAGE][PASSED] - Object 'Object Repository/Login_Page/Login_Username_Okta' is present

2024-10-31 21:43:12 - [MESSAGE][PASSED] - Text 'iahmed' is set on object 'Object Repository/Login_Page/Login_Username_Okta'

2024-10-31 21:43:12 - [MESSAGE][PASSED] - Text 'Hello!7777777' is set on object 'Object Repository/Login_Page/Login_Password_Okta'

2024-10-31 21:43:13 - [MESSAGE][PASSED] - Object: 'Object Repository/Login_Page/Login_Submit_Okta' is clicked on

2024-10-31 21:43:13 - [MESSAGE][PASSED] - adminSuiteBootstrap.loginFunctionality.login_AdminSuite is PASSED

2024-10-31 21:43:13 - [TEST_STEP][PASSED] - click(findTestObject(path_Dashboard + appName)): Object: 'Object Repository/AdminSuiteBootstrap_Pages/Dashboard_Bootstrap/a_Access AutoNoCFtp' is clicked on

2024-10-31 21:43:21 - [MESSAGE][PASSED] - Object: 'Object Repository/AdminSuiteBootstrap_Pages/Dashboard_Bootstrap/a_Access AutoNoCFtp' is clicked on

2024-10-31 21:43:21 - [TEST_STEP][PASSED] - click(findTestObject(path_VT + "button_Authorization  Capture (Sale)")): Object: 'Object Repository/AdminSuiteBootstrap_Pages/VT_Bootstrap/IssueTransactions/button_Authorization  Capture (Sale)' is clicked on

2024-10-31 21:43:22 - [MESSAGE][PASSED] - Object: 'Object Repository/AdminSuiteBootstrap_Pages/VT_Bootstrap/IssueTransactions/button_Authorization  Capture (Sale)' is clicked on

2024-10-31 21:43:22 - [TEST_STEP][PASSED] - saleKeyboardEntryLink = modifyObjectProperty(findTestObject(path_VT + "a_KeyboardEntry_Sale"), "href", "equals", hrefAppID, true): Modify property of object successfully

2024-10-31 21:43:22 - [MESSAGE][PASSED] - Modify property of object successfully

2024-10-31 21:43:22 - [TEST_STEP][PASSED] - click(saleKeyboardEntryLink): Object: 'Object Repository/AdminSuiteBootstrap_Pages/VT_Bootstrap/IssueTransactions/a_KeyboardEntry_Sale' is clicked on

2024-10-31 21:43:23 - [MESSAGE][PASSED] - Object: 'Object Repository/AdminSuiteBootstrap_Pages/VT_Bootstrap/IssueTransactions/a_KeyboardEntry_Sale' is clicked on

2024-10-31 21:43:23 - [TEST_STEP][FAILED] - adminSuiteBootstrap.virtualTerminalSetData.saleKeyboard_DataDriven(row, dataFile): com.kms.katalon.core.exception.StepFailedException: Unable to set text '' of object 'Object Repository/AdminSuiteBootstrap_Pages/VT_Bootstrap/SaleKeyboard/input_smsNumber' (Root cause: com.kms.katalon.core.exception.StepFailedException: Unable to set text '' of object 'Object Repository/AdminSuiteBootstrap_Pages/VT_Bootstrap/SaleKeyboard/input_smsNumber'
	at com.kms.katalon.core.webui.keyword.internal.WebUIKeywordMain.stepFailed(WebUIKeywordMain.groovy:64)
	at com.kms.katalon.core.webui.keyword.internal.WebUIKeywordMain.runKeyword(WebUIKeywordMain.groovy:26)
	at com.kms.katalon.core.webui.keyword.builtin.SetTextKeyword.setText(SetTextKeyword.groovy:66)
	at com.kms.katalon.core.webui.keyword.builtin.SetTextKeyword.execute(SetTextKeyword.groovy:37)
	at com.kms.katalon.core.keyword.internal.KeywordExecutor.executeKeywordForPlatform(KeywordExecutor.groovy:74)
	at com.kms.katalon.core.webui.keyword.WebUiBuiltInKeywords.setText(WebUiBuiltInKeywords.groovy:980)
	at com.kms.katalon.core.webui.keyword.WebUiBuiltInKeywords$setText$2.call(Unknown Source)
	at adminSuiteBootstrap.virtualTerminalSetData.saleKeyboard_DataDriven(virtualTerminalSetData.groovy:169)
	at adminSuiteBootstrap.virtualTerminalSetData.invokeMethod(virtualTerminalSetData.groovy)
	at com.kms.katalon.core.main.CustomKeywordDelegatingMetaClass.invokeStaticMethod(CustomKeywordDelegatingMetaClass.java:55)
	at SaleKeyboard_TP_AllCF_FieldVal_Generic_Error_TC.run(SaleKeyboard_TP_AllCF_FieldVal_Generic_Error_TC:124)
	at com.kms.katalon.core.main.ScriptEngine.run(ScriptEngine.java:194)
	at com.kms.katalon.core.main.ScriptEngine.runScriptAsRawText(ScriptEngine.java:119)
	at com.kms.katalon.core.main.TestCaseExecutor.runScript(TestCaseExecutor.java:448)
	at com.kms.katalon.core.main.TestCaseExecutor.doExecute(TestCaseExecutor.java:439)
	at com.kms.katalon.core.main.TestCaseExecutor.processExecutionPhase(TestCaseExecutor.java:418)
	at com.kms.katalon.core.main.TestCaseExecutor.accessMainPhase(TestCaseExecutor.java:410)
	at com.kms.katalon.core.main.TestCaseExecutor.execute(TestCaseExecutor.java:285)
	at com.kms.katalon.core.common.CommonExecutor.accessTestCaseMainPhase(CommonExecutor.java:65)
	at com.kms.katalon.core.main.TestSuiteExecutor.accessTestSuiteMainPhase(TestSuiteExecutor.java:148)
	at com.kms.katalon.core.main.TestSuiteExecutor.execute(TestSuiteExecutor.java:106)
	at com.kms.katalon.core.main.TestCaseMain.startTestSuite(TestCaseMain.java:187)
	at com.kms.katalon.core.main.TestCaseMain$startTestSuite$0.call(Unknown Source)
	at TempTestSuite1730425169576.run(TempTestSuite1730425169576.groovy:35)
Caused by: com.kms.katalon.core.webui.exception.WebElementNotFoundException: Web element with id: 'Object Repository/AdminSuiteBootstrap_Pages/VT_Bootstrap/SaleKeyboard/input_smsNumber' located by '//*[@type = 'TEXT' and @name = 'smsNumber' and @id = 'smsNumber']' not found
	at com.kms.katalon.core.webui.common.WebUiCommonHelper.findWebElement(WebUiCommonHelper.java:1381)
	at com.kms.katalon.core.webui.keyword.internal.WebUIAbstractKeyword.findWebElement(WebUIAbstractKeyword.groovy:27)
	at com.kms.katalon.core.webui.keyword.internal.WebUIAbstractKeyword.findWebElement(WebUIAbstractKeyword.groovy:26)
	at com.kms.katalon.core.webui.keyword.builtin.SetTextKeyword$_setText_closure1.doCall(SetTextKeyword.groovy:51)
	at com.kms.katalon.core.webui.keyword.builtin.SetTextKeyword$_setText_closure1.call(SetTextKeyword.groovy)
	at com.kms.katalon.core.webui.keyword.internal.WebUIKeywordMain.runKeyword(WebUIKeywordMain.groovy:20)
	at com.kms.katalon.core.webui.keyword.builtin.SetTextKeyword.setText(SetTextKeyword.groovy:66)
	at com.kms.katalon.core.webui.keyword.builtin.SetTextKeyword.execute(SetTextKeyword.groovy:37)
	at com.kms.katalon.core.keyword.internal.KeywordExecutor.executeKeywordForPlatform(KeywordExecutor.groovy:74)
	at com.kms.katalon.core.webui.keyword.WebUiBuiltInKeywords.setText(WebUiBuiltInKeywords.groovy:980)
	at com.kms.katalon.core.webui.keyword.WebUiBuiltInKeywords$setText$2.call(Unknown Source)
	at adminSuiteBootstrap.virtualTerminalSetData.saleKeyboard_DataDriven(virtualTerminalSetData.groovy:169)
	at adminSuiteBootstrap.virtualTerminalSetData.invokeMethod(virtualTerminalSetData.groovy)
	at com.kms.katalon.core.main.CustomKeywordDelegatingMetaClass.invokeStaticMethod(CustomKeywordDelegatingMetaClass.java:55)
	at Script1648241494239.run(Script1648241494239.groovy:124)
	... 13 more
)

2024-10-31 21:43:25 - [MESSAGE][PASSED] - Text 'Tulsi Raman' is set on object 'Object Repository/AdminSuiteBootstrap_Pages/VT_Bootstrap/SaleKeyboard/input_cardName'

2024-10-31 21:43:26 - [MESSAGE][PASSED] - All options with value 'RETL' are selected in object 'Object Repository/AdminSuiteBootstrap_Pages/VT_Bootstrap/SaleKeyboard/select_transactionCategory'  using regular expression

2024-10-31 21:43:26 - [MESSAGE][PASSED] - Execute JavaScript 'arguments[0].value ='4012000098765439' ' successfully

2024-10-31 21:43:27 - [MESSAGE][PASSED] - Execute JavaScript 'arguments[0].value ='123' ' successfully

2024-10-31 21:43:28 - [MESSAGE][PASSED] - All options with value '12' are selected in object 'Object Repository/AdminSuiteBootstrap_Pages/VT_Bootstrap/SaleKeyboard/select_MM'  using regular expression

2024-10-31 21:43:29 - [MESSAGE][PASSED] - All options with value '2025' are selected in object 'Object Repository/AdminSuiteBootstrap_Pages/VT_Bootstrap/SaleKeyboard/select_YYYY'  using regular expression

2024-10-31 21:43:30 - [MESSAGE][PASSED] - Text '36 Cornor Road' is set on object 'Object Repository/AdminSuiteBootstrap_Pages/VT_Bootstrap/SaleKeyboard/input__address'

2024-10-31 21:43:30 - [MESSAGE][PASSED] - Text 'Suite 500' is set on object 'Object Repository/AdminSuiteBootstrap_Pages/VT_Bootstrap/SaleKeyboard/input__address2'

2024-10-31 21:43:31 - [MESSAGE][PASSED] - Text '22201' is set on object 'Object Repository/AdminSuiteBootstrap_Pages/VT_Bootstrap/SaleKeyboard/input__zip'

2024-10-31 21:43:32 - [MESSAGE][PASSED] - Text '@domainsample.com' is set on object 'Object Repository/AdminSuiteBootstrap_Pages/VT_Bootstrap/SaleKeyboard/input_emailAddress'

2024-10-31 21:44:03 - [MESSAGE][INFO] - Unable to find the element located by 'By.xpath: //*[@type = 'TEXT' and @name = 'smsNumber' and @id = 'smsNumber']'. Please recheck the objects properties to make sure the desired element is located. 

2024-10-31 21:44:03 - [MESSAGE][WARNING] - [SELF-HEALING] Failed to find element with id 'Object Repository/AdminSuiteBootstrap_Pages/VT_Bootstrap/SaleKeyboard/input_smsNumber'. Try using Self-healing.

2024-10-31 21:44:04 - [MESSAGE][INFO] - Unable to find the element located by 'By.xpath: //input[@id='smsNumber']'. Please recheck the objects properties to make sure the desired element is located. 

2024-10-31 21:44:04 - [MESSAGE][INFO] - [SELF-HEALING] Failed Locator: '//input[@id='smsNumber']'.

2024-10-31 21:44:04 - [MESSAGE][INFO] - [SELF-HEALING] Failed Locator: '//form[@id='form1']/div/div/div[3]/div[8]/div[2]/div/input'.

2024-10-31 21:44:05 - [MESSAGE][INFO] - [SELF-HEALING] Failed Locator: '//div[8]/div[2]/div/input'.

2024-10-31 21:44:05 - [MESSAGE][INFO] - [SELF-HEALING] Failed Locator: '//input[@id='smsNumber']'.

2024-10-31 21:44:05 - [MESSAGE][INFO] - [SELF-HEALING] Failed Locator: '//form[@id='form1']/div/div/div[3]/div[8]/div[2]/div/input'.

2024-10-31 21:44:05 - [MESSAGE][INFO] - [SELF-HEALING] Failed Locator: '//div[8]/div[2]/div/input'.

2024-10-31 21:44:07 - [MESSAGE][INFO] - Unable to find the element located by 'By.cssSelector: #smsNumber'. Please recheck the objects properties to make sure the desired element is located. 

2024-10-31 21:44:07 - [MESSAGE][FAILED] - Unable to set text '' of object 'Object Repository/AdminSuiteBootstrap_Pages/VT_Bootstrap/SaleKeyboard/input_smsNumber' (Root cause: com.kms.katalon.core.exception.StepFailedException: Unable to set text '' of object 'Object Repository/AdminSuiteBootstrap_Pages/VT_Bootstrap/SaleKeyboard/input_smsNumber'
	at com.kms.katalon.core.webui.keyword.internal.WebUIKeywordMain.stepFailed(WebUIKeywordMain.groovy:64)
	at com.kms.katalon.core.webui.keyword.internal.WebUIKeywordMain.runKeyword(WebUIKeywordMain.groovy:26)
	at com.kms.katalon.core.webui.keyword.builtin.SetTextKeyword.setText(SetTextKeyword.groovy:66)
	at com.kms.katalon.core.webui.keyword.builtin.SetTextKeyword.execute(SetTextKeyword.groovy:37)
	at com.kms.katalon.core.keyword.internal.KeywordExecutor.executeKeywordForPlatform(KeywordExecutor.groovy:74)
	at com.kms.katalon.core.webui.keyword.WebUiBuiltInKeywords.setText(WebUiBuiltInKeywords.groovy:980)
	at com.kms.katalon.core.webui.keyword.WebUiBuiltInKeywords$setText$2.call(Unknown Source)
	at adminSuiteBootstrap.virtualTerminalSetData.saleKeyboard_DataDriven(virtualTerminalSetData.groovy:169)
	at adminSuiteBootstrap.virtualTerminalSetData.invokeMethod(virtualTerminalSetData.groovy)
	at com.kms.katalon.core.main.CustomKeywordDelegatingMetaClass.invokeStaticMethod(CustomKeywordDelegatingMetaClass.java:55)
	at SaleKeyboard_TP_AllCF_FieldVal_Generic_Error_TC.run(SaleKeyboard_TP_AllCF_FieldVal_Generic_Error_TC:124)
	at com.kms.katalon.core.main.ScriptEngine.run(ScriptEngine.java:194)
	at com.kms.katalon.core.main.ScriptEngine.runScriptAsRawText(ScriptEngine.java:119)
	at com.kms.katalon.core.main.TestCaseExecutor.runScript(TestCaseExecutor.java:448)
	at com.kms.katalon.core.main.TestCaseExecutor.doExecute(TestCaseExecutor.java:439)
	at com.kms.katalon.core.main.TestCaseExecutor.processExecutionPhase(TestCaseExecutor.java:418)
	at com.kms.katalon.core.main.TestCaseExecutor.accessMainPhase(TestCaseExecutor.java:410)
	at com.kms.katalon.core.main.TestCaseExecutor.execute(TestCaseExecutor.java:285)
	at com.kms.katalon.core.common.CommonExecutor.accessTestCaseMainPhase(CommonExecutor.java:65)
	at com.kms.katalon.core.main.TestSuiteExecutor.accessTestSuiteMainPhase(TestSuiteExecutor.java:148)
	at com.kms.katalon.core.main.TestSuiteExecutor.execute(TestSuiteExecutor.java:106)
	at com.kms.katalon.core.main.TestCaseMain.startTestSuite(TestCaseMain.java:187)
	at com.kms.katalon.core.main.TestCaseMain$startTestSuite$0.call(Unknown Source)
	at TempTestSuite1730425169576.run(TempTestSuite1730425169576.groovy:35)
Caused by: com.kms.katalon.core.webui.exception.WebElementNotFoundException: Web element with id: 'Object Repository/AdminSuiteBootstrap_Pages/VT_Bootstrap/SaleKeyboard/input_smsNumber' located by '//*[@type = 'TEXT' and @name = 'smsNumber' and @id = 'smsNumber']' not found
	at com.kms.katalon.core.webui.common.WebUiCommonHelper.findWebElement(WebUiCommonHelper.java:1381)
	at com.kms.katalon.core.webui.keyword.internal.WebUIAbstractKeyword.findWebElement(WebUIAbstractKeyword.groovy:27)
	at com.kms.katalon.core.webui.keyword.internal.WebUIAbstractKeyword.findWebElement(WebUIAbstractKeyword.groovy:26)
	at com.kms.katalon.core.webui.keyword.builtin.SetTextKeyword$_setText_closure1.doCall(SetTextKeyword.groovy:51)
	at com.kms.katalon.core.webui.keyword.builtin.SetTextKeyword$_setText_closure1.call(SetTextKeyword.groovy)
	at com.kms.katalon.core.webui.keyword.internal.WebUIKeywordMain.runKeyword(WebUIKeywordMain.groovy:20)
	at com.kms.katalon.core.webui.keyword.builtin.SetTextKeyword.setText(SetTextKeyword.groovy:66)
	at com.kms.katalon.core.webui.keyword.builtin.SetTextKeyword.execute(SetTextKeyword.groovy:37)
	at com.kms.katalon.core.keyword.internal.KeywordExecutor.executeKeywordForPlatform(KeywordExecutor.groovy:74)
	at com.kms.katalon.core.webui.keyword.WebUiBuiltInKeywords.setText(WebUiBuiltInKeywords.groovy:980)
	at com.kms.katalon.core.webui.keyword.WebUiBuiltInKeywords$setText$2.call(Unknown Source)
	at adminSuiteBootstrap.virtualTerminalSetData.saleKeyboard_DataDriven(virtualTerminalSetData.groovy:169)
	at adminSuiteBootstrap.virtualTerminalSetData.invokeMethod(virtualTerminalSetData.groovy)
	at com.kms.katalon.core.main.CustomKeywordDelegatingMetaClass.invokeStaticMethod(CustomKeywordDelegatingMetaClass.java:55)
	at Script1648241494239.run(Script1648241494239.groovy:124)
	... 13 more
)
[[ATTACHMENT|E:\\Cloned-Project-Katalon\\VPS-Katalon\\Reports\\20241031_213928\\QA\\VT-Bootstrap\\AdminSuiteBootstrap_MRF_TestSuite\\20241031_213929\\1730425447086.png]]

2024-10-31 21:44:07 - [MESSAGE][PASSED] - Text '10.50' is set on object 'Object Repository/AdminSuiteBootstrap_Pages/VT_Bootstrap/SaleKeyboard/input_amount'

2024-10-31 21:44:08 - [MESSAGE][PASSED] - Text 'Australia' is set on object 'Object Repository/AdminSuiteBootstrap_Pages/VT_Bootstrap/SaleKeyboard/input_userDefined1'

2024-10-31 21:44:09 - [MESSAGE][PASSED] - Text 'Denmark' is set on object 'Object Repository/AdminSuiteBootstrap_Pages/VT_Bootstrap/SaleKeyboard/input_userDefined2'

2024-10-31 21:44:09 - [MESSAGE][PASSED] - Text 'Sweden' is set on object 'Object Repository/AdminSuiteBootstrap_Pages/VT_Bootstrap/SaleKeyboard/input_userDefined3'

2024-10-31 21:44:10 - [MESSAGE][PASSED] - Text 'Austria' is set on object 'Object Repository/AdminSuiteBootstrap_Pages/VT_Bootstrap/SaleKeyboard/input_userDefined4'

2024-10-31 21:44:11 - [MESSAGE][PASSED] - All options with label 'Orange' are selected in object 'Object Repository/AdminSuiteBootstrap_Pages/VT_Bootstrap/SaleKeyboard/select_UDF5_DropDown'  using regular expression

2024-10-31 21:44:12 - [MESSAGE][PASSED] - All options with label 'Yellow' are selected in object 'Object Repository/AdminSuiteBootstrap_Pages/VT_Bootstrap/SaleKeyboard/select_UDF6_DropDown'  using regular expression

2024-10-31 21:44:12 - [MESSAGE][PASSED] - Text 'Norway' is set on object 'Object Repository/AdminSuiteBootstrap_Pages/VT_Bootstrap/SaleKeyboard/input_userDefined7'

2024-10-31 21:44:13 - [MESSAGE][PASSED] - Text 'Netherlands' is set on object 'Object Repository/AdminSuiteBootstrap_Pages/VT_Bootstrap/SaleKeyboard/input_userDefined8'

2024-10-31 21:44:14 - [MESSAGE][PASSED] - Text 'Switzerland' is set on object 'Object Repository/AdminSuiteBootstrap_Pages/VT_Bootstrap/SaleKeyboard/input_userDefined9'

2024-10-31 21:44:14 - [MESSAGE][PASSED] - Text 'France' is set on object 'Object Repository/AdminSuiteBootstrap_Pages/VT_Bootstrap/SaleKeyboard/input_userDefined10'

2024-10-31 21:44:15 - [MESSAGE][PASSED] - Object: 'Object Repository/AdminSuiteBootstrap_Pages/VT_Bootstrap/SaleKeyboard/button_Submit' is clicked on

2024-10-31 21:44:15 - [MESSAGE][FAILED] - com.kms.katalon.core.exception.StepFailedException: Unable to set text '' of object 'Object Repository/AdminSuiteBootstrap_Pages/VT_Bootstrap/SaleKeyboard/input_smsNumber' (Root cause: com.kms.katalon.core.exception.StepFailedException: Unable to set text '' of object 'Object Repository/AdminSuiteBootstrap_Pages/VT_Bootstrap/SaleKeyboard/input_smsNumber'
	at com.kms.katalon.core.webui.keyword.internal.WebUIKeywordMain.stepFailed(WebUIKeywordMain.groovy:64)
	at com.kms.katalon.core.webui.keyword.internal.WebUIKeywordMain.runKeyword(WebUIKeywordMain.groovy:26)
	at com.kms.katalon.core.webui.keyword.builtin.SetTextKeyword.setText(SetTextKeyword.groovy:66)
	at com.kms.katalon.core.webui.keyword.builtin.SetTextKeyword.execute(SetTextKeyword.groovy:37)
	at com.kms.katalon.core.keyword.internal.KeywordExecutor.executeKeywordForPlatform(KeywordExecutor.groovy:74)
	at com.kms.katalon.core.webui.keyword.WebUiBuiltInKeywords.setText(WebUiBuiltInKeywords.groovy:980)
	at com.kms.katalon.core.webui.keyword.WebUiBuiltInKeywords$setText$2.call(Unknown Source)
	at adminSuiteBootstrap.virtualTerminalSetData.saleKeyboard_DataDriven(virtualTerminalSetData.groovy:169)
	at adminSuiteBootstrap.virtualTerminalSetData.invokeMethod(virtualTerminalSetData.groovy)
	at com.kms.katalon.core.main.CustomKeywordDelegatingMetaClass.invokeStaticMethod(CustomKeywordDelegatingMetaClass.java:55)
	at SaleKeyboard_TP_AllCF_FieldVal_Generic_Error_TC.run(SaleKeyboard_TP_AllCF_FieldVal_Generic_Error_TC:124)
	at com.kms.katalon.core.main.ScriptEngine.run(ScriptEngine.java:194)
	at com.kms.katalon.core.main.ScriptEngine.runScriptAsRawText(ScriptEngine.java:119)
	at com.kms.katalon.core.main.TestCaseExecutor.runScript(TestCaseExecutor.java:448)
	at com.kms.katalon.core.main.TestCaseExecutor.doExecute(TestCaseExecutor.java:439)
	at com.kms.katalon.core.main.TestCaseExecutor.processExecutionPhase(TestCaseExecutor.java:418)
	at com.kms.katalon.core.main.TestCaseExecutor.accessMainPhase(TestCaseExecutor.java:410)
	at com.kms.katalon.core.main.TestCaseExecutor.execute(TestCaseExecutor.java:285)
	at com.kms.katalon.core.common.CommonExecutor.accessTestCaseMainPhase(CommonExecutor.java:65)
	at com.kms.katalon.core.main.TestSuiteExecutor.accessTestSuiteMainPhase(TestSuiteExecutor.java:148)
	at com.kms.katalon.core.main.TestSuiteExecutor.execute(TestSuiteExecutor.java:106)
	at com.kms.katalon.core.main.TestCaseMain.startTestSuite(TestCaseMain.java:187)
	at com.kms.katalon.core.main.TestCaseMain$startTestSuite$0.call(Unknown Source)
	at TempTestSuite1730425169576.run(TempTestSuite1730425169576.groovy:35)
Caused by: com.kms.katalon.core.webui.exception.WebElementNotFoundException: Web element with id: 'Object Repository/AdminSuiteBootstrap_Pages/VT_Bootstrap/SaleKeyboard/input_smsNumber' located by '//*[@type = 'TEXT' and @name = 'smsNumber' and @id = 'smsNumber']' not found
	at com.kms.katalon.core.webui.common.WebUiCommonHelper.findWebElement(WebUiCommonHelper.java:1381)
	at com.kms.katalon.core.webui.keyword.internal.WebUIAbstractKeyword.findWebElement(WebUIAbstractKeyword.groovy:27)
	at com.kms.katalon.core.webui.keyword.internal.WebUIAbstractKeyword.findWebElement(WebUIAbstractKeyword.groovy:26)
	at com.kms.katalon.core.webui.keyword.builtin.SetTextKeyword$_setText_closure1.doCall(SetTextKeyword.groovy:51)
	at com.kms.katalon.core.webui.keyword.builtin.SetTextKeyword$_setText_closure1.call(SetTextKeyword.groovy)
	at com.kms.katalon.core.webui.keyword.internal.WebUIKeywordMain.runKeyword(WebUIKeywordMain.groovy:20)
	at com.kms.katalon.core.webui.keyword.builtin.SetTextKeyword.setText(SetTextKeyword.groovy:66)
	at com.kms.katalon.core.webui.keyword.builtin.SetTextKeyword.execute(SetTextKeyword.groovy:37)
	at com.kms.katalon.core.keyword.internal.KeywordExecutor.executeKeywordForPlatform(KeywordExecutor.groovy:74)
	at com.kms.katalon.core.webui.keyword.WebUiBuiltInKeywords.setText(WebUiBuiltInKeywords.groovy:980)
	at com.kms.katalon.core.webui.keyword.WebUiBuiltInKeywords$setText$2.call(Unknown Source)
	at adminSuiteBootstrap.virtualTerminalSetData.saleKeyboard_DataDriven(virtualTerminalSetData.groovy:169)
	at adminSuiteBootstrap.virtualTerminalSetData.invokeMethod(virtualTerminalSetData.groovy)
	at com.kms.katalon.core.main.CustomKeywordDelegatingMetaClass.invokeStaticMethod(CustomKeywordDelegatingMetaClass.java:55)
	at Script1648241494239.run(Script1648241494239.groovy:124)
	... 13 more
)

2024-10-31 21:44:15 - [TEST_STEP][PASSED] - verifyError = findTestData(dataFile).getValue("VerifyError", row): null

2024-10-31 21:44:15 - [TEST_STEP][PASSED] - verifyTextPresent(verifyError, true): Text 'Email address is invalid' is present on page  using regular expression

2024-10-31 21:44:16 - [MESSAGE][PASSED] - Text 'Email address is invalid' is present on page  using regular expression

2024-10-31 21:44:16 - [TEST_STEP][PASSED] - closeBrowser(): Browser is closed

2024-10-31 21:44:17 - [MESSAGE][PASSED] - Browser is closed

2024-10-31 21:44:17 - [TEST_STEP][PASSED] - ExecuteTC = findTestData(dataFile).getValue("Execute", row): null

2024-10-31 21:44:17 - [TEST_STEP][PASSED] - out.println("Value of Execute is : " + ExecuteTC): null

2024-10-31 21:44:17 - [TEST_STEP][PASSED] - switch (executionProfile): null

2024-10-31 21:44:17 - [TEST_STEP][PASSED] - case "QA2Profile":: null

2024-10-31 21:44:17 - [TEST_STEP][PASSED] - appName = findTestData(dataFile).getValue("AppNameQA", row): null

2024-10-31 21:44:17 - [TEST_STEP][PASSED] - appID = findTestData(dataFile).getValue("AppIDQA", row): null

2024-10-31 21:44:17 - [TEST_STEP][PASSED] - break: null

2024-10-31 21:44:17 - [TEST_STEP][PASSED] - hrefAppID = li_1 + appID + li_2: null

2024-10-31 21:44:17 - [TEST_STEP][PASSED] - hrefApp = li_1 + appID + "/": null

2024-10-31 21:44:17 - [TEST_STEP][PASSED] - println("hrefApp : " + hrefApp): null

2024-10-31 21:44:17 - [TEST_STEP][FAILED] - if (ExecuteTC.equalsIgnoreCase("Y")): null

2024-10-31 21:44:17 - [TEST_STEP][PASSED] - out.println("Begin Record Number: " + row): null

2024-10-31 21:44:17 - [TEST_STEP][PASSED] - today = new java.util.Date(): null

2024-10-31 21:44:17 - [TEST_STEP][PASSED] - println(today): null

2024-10-31 21:44:17 - [TEST_STEP][PASSED] - datText = today: null

2024-10-31 21:44:17 - [TEST_STEP][PASSED] - adminSuiteBootstrap.loginFunctionality.login_AdminSuite(): adminSuiteBootstrap.loginFunctionality.login_AdminSuite is PASSED

2024-10-31 21:44:17 - [MESSAGE][INFO] - Starting 'Chrome' driver

2024-10-31 21:44:17 - [MESSAGE][INFO] - User set preference: ['acceptInsecureCerts', 'true']

2024-10-31 21:44:17 - [MESSAGE][INFO] - Action delay is set to 0 milliseconds

2024-10-31 21:44:20 - [MESSAGE][PASSED] - Browser is opened with url: 'https://qa2.velocitypayment.com/admin/imtiaz'

2024-10-31 21:44:20 - [MESSAGE][PASSED] - Current window maximized

2024-10-31 21:44:21 - [MESSAGE][PASSED] - Object 'Object Repository/Login_Page/Login_Username_Okta' is present

2024-10-31 21:44:21 - [MESSAGE][PASSED] - Text 'iahmed' is set on object 'Object Repository/Login_Page/Login_Username_Okta'

2024-10-31 21:44:22 - [MESSAGE][PASSED] - Text 'Hello!7777777' is set on object 'Object Repository/Login_Page/Login_Password_Okta'

2024-10-31 21:44:23 - [MESSAGE][PASSED] - Object: 'Object Repository/Login_Page/Login_Submit_Okta' is clicked on

2024-10-31 21:44:23 - [MESSAGE][PASSED] - adminSuiteBootstrap.loginFunctionality.login_AdminSuite is PASSED

2024-10-31 21:44:23 - [TEST_STEP][PASSED] - click(findTestObject(path_Dashboard + appName)): Object: 'Object Repository/AdminSuiteBootstrap_Pages/Dashboard_Bootstrap/a_Access AutoNoCFtp' is clicked on

2024-10-31 21:44:31 - [MESSAGE][PASSED] - Object: 'Object Repository/AdminSuiteBootstrap_Pages/Dashboard_Bootstrap/a_Access AutoNoCFtp' is clicked on

2024-10-31 21:44:31 - [TEST_STEP][PASSED] - click(findTestObject(path_VT + "button_Authorization  Capture (Sale)")): Object: 'Object Repository/AdminSuiteBootstrap_Pages/VT_Bootstrap/IssueTransactions/button_Authorization  Capture (Sale)' is clicked on

2024-10-31 21:44:31 - [MESSAGE][PASSED] - Object: 'Object Repository/AdminSuiteBootstrap_Pages/VT_Bootstrap/IssueTransactions/button_Authorization  Capture (Sale)' is clicked on

2024-10-31 21:44:31 - [TEST_STEP][PASSED] - saleKeyboardEntryLink = modifyObjectProperty(findTestObject(path_VT + "a_KeyboardEntry_Sale"), "href", "equals", hrefAppID, true): Modify property of object successfully

2024-10-31 21:44:32 - [MESSAGE][PASSED] - Modify property of object successfully

2024-10-31 21:44:32 - [TEST_STEP][PASSED] - click(saleKeyboardEntryLink): Object: 'Object Repository/AdminSuiteBootstrap_Pages/VT_Bootstrap/IssueTransactions/a_KeyboardEntry_Sale' is clicked on

2024-10-31 21:44:32 - [MESSAGE][PASSED] - Object: 'Object Repository/AdminSuiteBootstrap_Pages/VT_Bootstrap/IssueTransactions/a_KeyboardEntry_Sale' is clicked on

2024-10-31 21:44:32 - [TEST_STEP][FAILED] - adminSuiteBootstrap.virtualTerminalSetData.saleKeyboard_DataDriven(row, dataFile): com.kms.katalon.core.exception.StepFailedException: Unable to set text '' of object 'Object Repository/AdminSuiteBootstrap_Pages/VT_Bootstrap/SaleKeyboard/input_smsNumber' (Root cause: com.kms.katalon.core.exception.StepFailedException: Unable to set text '' of object 'Object Repository/AdminSuiteBootstrap_Pages/VT_Bootstrap/SaleKeyboard/input_smsNumber'
	at com.kms.katalon.core.webui.keyword.internal.WebUIKeywordMain.stepFailed(WebUIKeywordMain.groovy:64)
	at com.kms.katalon.core.webui.keyword.internal.WebUIKeywordMain.runKeyword(WebUIKeywordMain.groovy:26)
	at com.kms.katalon.core.webui.keyword.builtin.SetTextKeyword.setText(SetTextKeyword.groovy:66)
	at com.kms.katalon.core.webui.keyword.builtin.SetTextKeyword.execute(SetTextKeyword.groovy:37)
	at com.kms.katalon.core.keyword.internal.KeywordExecutor.executeKeywordForPlatform(KeywordExecutor.groovy:74)
	at com.kms.katalon.core.webui.keyword.WebUiBuiltInKeywords.setText(WebUiBuiltInKeywords.groovy:980)
	at com.kms.katalon.core.webui.keyword.WebUiBuiltInKeywords$setText$2.call(Unknown Source)
	at adminSuiteBootstrap.virtualTerminalSetData.saleKeyboard_DataDriven(virtualTerminalSetData.groovy:169)
	at adminSuiteBootstrap.virtualTerminalSetData.invokeMethod(virtualTerminalSetData.groovy)
	at com.kms.katalon.core.main.CustomKeywordDelegatingMetaClass.invokeStaticMethod(CustomKeywordDelegatingMetaClass.java:55)
	at SaleKeyboard_TP_AllCF_FieldVal_Generic_Error_TC.run(SaleKeyboard_TP_AllCF_FieldVal_Generic_Error_TC:124)
	at com.kms.katalon.core.main.ScriptEngine.run(ScriptEngine.java:194)
	at com.kms.katalon.core.main.ScriptEngine.runScriptAsRawText(ScriptEngine.java:119)
	at com.kms.katalon.core.main.TestCaseExecutor.runScript(TestCaseExecutor.java:448)
	at com.kms.katalon.core.main.TestCaseExecutor.doExecute(TestCaseExecutor.java:439)
	at com.kms.katalon.core.main.TestCaseExecutor.processExecutionPhase(TestCaseExecutor.java:418)
	at com.kms.katalon.core.main.TestCaseExecutor.accessMainPhase(TestCaseExecutor.java:410)
	at com.kms.katalon.core.main.TestCaseExecutor.execute(TestCaseExecutor.java:285)
	at com.kms.katalon.core.common.CommonExecutor.accessTestCaseMainPhase(CommonExecutor.java:65)
	at com.kms.katalon.core.main.TestSuiteExecutor.accessTestSuiteMainPhase(TestSuiteExecutor.java:148)
	at com.kms.katalon.core.main.TestSuiteExecutor.execute(TestSuiteExecutor.java:106)
	at com.kms.katalon.core.main.TestCaseMain.startTestSuite(TestCaseMain.java:187)
	at com.kms.katalon.core.main.TestCaseMain$startTestSuite$0.call(Unknown Source)
	at TempTestSuite1730425169576.run(TempTestSuite1730425169576.groovy:35)
Caused by: com.kms.katalon.core.webui.exception.WebElementNotFoundException: Web element with id: 'Object Repository/AdminSuiteBootstrap_Pages/VT_Bootstrap/SaleKeyboard/input_smsNumber' located by '//*[@type = 'TEXT' and @name = 'smsNumber' and @id = 'smsNumber']' not found
	at com.kms.katalon.core.webui.common.WebUiCommonHelper.findWebElement(WebUiCommonHelper.java:1381)
	at com.kms.katalon.core.webui.keyword.internal.WebUIAbstractKeyword.findWebElement(WebUIAbstractKeyword.groovy:27)
	at com.kms.katalon.core.webui.keyword.internal.WebUIAbstractKeyword.findWebElement(WebUIAbstractKeyword.groovy:26)
	at com.kms.katalon.core.webui.keyword.builtin.SetTextKeyword$_setText_closure1.doCall(SetTextKeyword.groovy:51)
	at com.kms.katalon.core.webui.keyword.builtin.SetTextKeyword$_setText_closure1.call(SetTextKeyword.groovy)
	at com.kms.katalon.core.webui.keyword.internal.WebUIKeywordMain.runKeyword(WebUIKeywordMain.groovy:20)
	at com.kms.katalon.core.webui.keyword.builtin.SetTextKeyword.setText(SetTextKeyword.groovy:66)
	at com.kms.katalon.core.webui.keyword.builtin.SetTextKeyword.execute(SetTextKeyword.groovy:37)
	at com.kms.katalon.core.keyword.internal.KeywordExecutor.executeKeywordForPlatform(KeywordExecutor.groovy:74)
	at com.kms.katalon.core.webui.keyword.WebUiBuiltInKeywords.setText(WebUiBuiltInKeywords.groovy:980)
	at com.kms.katalon.core.webui.keyword.WebUiBuiltInKeywords$setText$2.call(Unknown Source)
	at adminSuiteBootstrap.virtualTerminalSetData.saleKeyboard_DataDriven(virtualTerminalSetData.groovy:169)
	at adminSuiteBootstrap.virtualTerminalSetData.invokeMethod(virtualTerminalSetData.groovy)
	at com.kms.katalon.core.main.CustomKeywordDelegatingMetaClass.invokeStaticMethod(CustomKeywordDelegatingMetaClass.java:55)
	at Script1648241494239.run(Script1648241494239.groovy:124)
	... 13 more
)

2024-10-31 21:44:34 - [MESSAGE][PASSED] - Text 'Janaki James' is set on object 'Object Repository/AdminSuiteBootstrap_Pages/VT_Bootstrap/SaleKeyboard/input_cardName'

2024-10-31 21:44:35 - [MESSAGE][PASSED] - All options with value 'MOTO' are selected in object 'Object Repository/AdminSuiteBootstrap_Pages/VT_Bootstrap/SaleKeyboard/select_transactionCategory'  using regular expression

2024-10-31 21:44:36 - [MESSAGE][PASSED] - Execute JavaScript 'arguments[0].value ='4012000098765439' ' successfully

2024-10-31 21:44:36 - [MESSAGE][PASSED] - Execute JavaScript 'arguments[0].value ='123' ' successfully

2024-10-31 21:44:37 - [MESSAGE][PASSED] - All options with value '12' are selected in object 'Object Repository/AdminSuiteBootstrap_Pages/VT_Bootstrap/SaleKeyboard/select_MM'  using regular expression

2024-10-31 21:44:38 - [MESSAGE][PASSED] - All options with value '2025' are selected in object 'Object Repository/AdminSuiteBootstrap_Pages/VT_Bootstrap/SaleKeyboard/select_YYYY'  using regular expression

2024-10-31 21:44:39 - [MESSAGE][PASSED] - Text '36 Cornor Road' is set on object 'Object Repository/AdminSuiteBootstrap_Pages/VT_Bootstrap/SaleKeyboard/input__address'

2024-10-31 21:44:40 - [MESSAGE][PASSED] - Text 'Suite 500' is set on object 'Object Repository/AdminSuiteBootstrap_Pages/VT_Bootstrap/SaleKeyboard/input__address2'

2024-10-31 21:44:41 - [MESSAGE][PASSED] - Text '22201' is set on object 'Object Repository/AdminSuiteBootstrap_Pages/VT_Bootstrap/SaleKeyboard/input__zip'

2024-10-31 21:44:41 - [MESSAGE][PASSED] - Text 'johndoedomainsample.com' is set on object 'Object Repository/AdminSuiteBootstrap_Pages/VT_Bootstrap/SaleKeyboard/input_emailAddress'

2024-10-31 21:45:12 - [MESSAGE][INFO] - Unable to find the element located by 'By.xpath: //*[@type = 'TEXT' and @name = 'smsNumber' and @id = 'smsNumber']'. Please recheck the objects properties to make sure the desired element is located. 

2024-10-31 21:45:12 - [MESSAGE][WARNING] - [SELF-HEALING] Failed to find element with id 'Object Repository/AdminSuiteBootstrap_Pages/VT_Bootstrap/SaleKeyboard/input_smsNumber'. Try using Self-healing.

2024-10-31 21:45:14 - [MESSAGE][INFO] - Unable to find the element located by 'By.xpath: //input[@id='smsNumber']'. Please recheck the objects properties to make sure the desired element is located. 

2024-10-31 21:45:14 - [MESSAGE][INFO] - [SELF-HEALING] Failed Locator: '//input[@id='smsNumber']'.

2024-10-31 21:45:14 - [MESSAGE][INFO] - [SELF-HEALING] Failed Locator: '//form[@id='form1']/div/div/div[3]/div[8]/div[2]/div/input'.

2024-10-31 21:45:14 - [MESSAGE][INFO] - [SELF-HEALING] Failed Locator: '//div[8]/div[2]/div/input'.

2024-10-31 21:45:15 - [MESSAGE][INFO] - [SELF-HEALING] Failed Locator: '//input[@id='smsNumber']'.

2024-10-31 21:45:15 - [MESSAGE][INFO] - [SELF-HEALING] Failed Locator: '//form[@id='form1']/div/div/div[3]/div[8]/div[2]/div/input'.

2024-10-31 21:45:15 - [MESSAGE][INFO] - [SELF-HEALING] Failed Locator: '//div[8]/div[2]/div/input'.

2024-10-31 21:45:16 - [MESSAGE][INFO] - Unable to find the element located by 'By.cssSelector: #smsNumber'. Please recheck the objects properties to make sure the desired element is located. 

2024-10-31 21:45:17 - [MESSAGE][FAILED] - Unable to set text '' of object 'Object Repository/AdminSuiteBootstrap_Pages/VT_Bootstrap/SaleKeyboard/input_smsNumber' (Root cause: com.kms.katalon.core.exception.StepFailedException: Unable to set text '' of object 'Object Repository/AdminSuiteBootstrap_Pages/VT_Bootstrap/SaleKeyboard/input_smsNumber'
	at com.kms.katalon.core.webui.keyword.internal.WebUIKeywordMain.stepFailed(WebUIKeywordMain.groovy:64)
	at com.kms.katalon.core.webui.keyword.internal.WebUIKeywordMain.runKeyword(WebUIKeywordMain.groovy:26)
	at com.kms.katalon.core.webui.keyword.builtin.SetTextKeyword.setText(SetTextKeyword.groovy:66)
	at com.kms.katalon.core.webui.keyword.builtin.SetTextKeyword.execute(SetTextKeyword.groovy:37)
	at com.kms.katalon.core.keyword.internal.KeywordExecutor.executeKeywordForPlatform(KeywordExecutor.groovy:74)
	at com.kms.katalon.core.webui.keyword.WebUiBuiltInKeywords.setText(WebUiBuiltInKeywords.groovy:980)
	at com.kms.katalon.core.webui.keyword.WebUiBuiltInKeywords$setText$2.call(Unknown Source)
	at adminSuiteBootstrap.virtualTerminalSetData.saleKeyboard_DataDriven(virtualTerminalSetData.groovy:169)
	at adminSuiteBootstrap.virtualTerminalSetData.invokeMethod(virtualTerminalSetData.groovy)
	at com.kms.katalon.core.main.CustomKeywordDelegatingMetaClass.invokeStaticMethod(CustomKeywordDelegatingMetaClass.java:55)
	at SaleKeyboard_TP_AllCF_FieldVal_Generic_Error_TC.run(SaleKeyboard_TP_AllCF_FieldVal_Generic_Error_TC:124)
	at com.kms.katalon.core.main.ScriptEngine.run(ScriptEngine.java:194)
	at com.kms.katalon.core.main.ScriptEngine.runScriptAsRawText(ScriptEngine.java:119)
	at com.kms.katalon.core.main.TestCaseExecutor.runScript(TestCaseExecutor.java:448)
	at com.kms.katalon.core.main.TestCaseExecutor.doExecute(TestCaseExecutor.java:439)
	at com.kms.katalon.core.main.TestCaseExecutor.processExecutionPhase(TestCaseExecutor.java:418)
	at com.kms.katalon.core.main.TestCaseExecutor.accessMainPhase(TestCaseExecutor.java:410)
	at com.kms.katalon.core.main.TestCaseExecutor.execute(TestCaseExecutor.java:285)
	at com.kms.katalon.core.common.CommonExecutor.accessTestCaseMainPhase(CommonExecutor.java:65)
	at com.kms.katalon.core.main.TestSuiteExecutor.accessTestSuiteMainPhase(TestSuiteExecutor.java:148)
	at com.kms.katalon.core.main.TestSuiteExecutor.execute(TestSuiteExecutor.java:106)
	at com.kms.katalon.core.main.TestCaseMain.startTestSuite(TestCaseMain.java:187)
	at com.kms.katalon.core.main.TestCaseMain$startTestSuite$0.call(Unknown Source)
	at TempTestSuite1730425169576.run(TempTestSuite1730425169576.groovy:35)
Caused by: com.kms.katalon.core.webui.exception.WebElementNotFoundException: Web element with id: 'Object Repository/AdminSuiteBootstrap_Pages/VT_Bootstrap/SaleKeyboard/input_smsNumber' located by '//*[@type = 'TEXT' and @name = 'smsNumber' and @id = 'smsNumber']' not found
	at com.kms.katalon.core.webui.common.WebUiCommonHelper.findWebElement(WebUiCommonHelper.java:1381)
	at com.kms.katalon.core.webui.keyword.internal.WebUIAbstractKeyword.findWebElement(WebUIAbstractKeyword.groovy:27)
	at com.kms.katalon.core.webui.keyword.internal.WebUIAbstractKeyword.findWebElement(WebUIAbstractKeyword.groovy:26)
	at com.kms.katalon.core.webui.keyword.builtin.SetTextKeyword$_setText_closure1.doCall(SetTextKeyword.groovy:51)
	at com.kms.katalon.core.webui.keyword.builtin.SetTextKeyword$_setText_closure1.call(SetTextKeyword.groovy)
	at com.kms.katalon.core.webui.keyword.internal.WebUIKeywordMain.runKeyword(WebUIKeywordMain.groovy:20)
	at com.kms.katalon.core.webui.keyword.builtin.SetTextKeyword.setText(SetTextKeyword.groovy:66)
	at com.kms.katalon.core.webui.keyword.builtin.SetTextKeyword.execute(SetTextKeyword.groovy:37)
	at com.kms.katalon.core.keyword.internal.KeywordExecutor.executeKeywordForPlatform(KeywordExecutor.groovy:74)
	at com.kms.katalon.core.webui.keyword.WebUiBuiltInKeywords.setText(WebUiBuiltInKeywords.groovy:980)
	at com.kms.katalon.core.webui.keyword.WebUiBuiltInKeywords$setText$2.call(Unknown Source)
	at adminSuiteBootstrap.virtualTerminalSetData.saleKeyboard_DataDriven(virtualTerminalSetData.groovy:169)
	at adminSuiteBootstrap.virtualTerminalSetData.invokeMethod(virtualTerminalSetData.groovy)
	at com.kms.katalon.core.main.CustomKeywordDelegatingMetaClass.invokeStaticMethod(CustomKeywordDelegatingMetaClass.java:55)
	at Script1648241494239.run(Script1648241494239.groovy:124)
	... 13 more
)
[[ATTACHMENT|E:\\Cloned-Project-Katalon\\VPS-Katalon\\Reports\\20241031_213928\\QA\\VT-Bootstrap\\AdminSuiteBootstrap_MRF_TestSuite\\20241031_213929\\1730425516835.png]]

2024-10-31 21:45:17 - [MESSAGE][PASSED] - Text '10.50' is set on object 'Object Repository/AdminSuiteBootstrap_Pages/VT_Bootstrap/SaleKeyboard/input_amount'

2024-10-31 21:45:18 - [MESSAGE][PASSED] - Text 'Australia' is set on object 'Object Repository/AdminSuiteBootstrap_Pages/VT_Bootstrap/SaleKeyboard/input_userDefined1'

2024-10-31 21:45:19 - [MESSAGE][PASSED] - Text 'Denmark' is set on object 'Object Repository/AdminSuiteBootstrap_Pages/VT_Bootstrap/SaleKeyboard/input_userDefined2'

2024-10-31 21:45:19 - [MESSAGE][PASSED] - Text 'Sweden' is set on object 'Object Repository/AdminSuiteBootstrap_Pages/VT_Bootstrap/SaleKeyboard/input_userDefined3'

2024-10-31 21:45:20 - [MESSAGE][PASSED] - Text 'Austria' is set on object 'Object Repository/AdminSuiteBootstrap_Pages/VT_Bootstrap/SaleKeyboard/input_userDefined4'

2024-10-31 21:45:21 - [MESSAGE][PASSED] - All options with label 'Orange' are selected in object 'Object Repository/AdminSuiteBootstrap_Pages/VT_Bootstrap/SaleKeyboard/select_UDF5_DropDown'  using regular expression

2024-10-31 21:45:22 - [MESSAGE][PASSED] - All options with label 'Yellow' are selected in object 'Object Repository/AdminSuiteBootstrap_Pages/VT_Bootstrap/SaleKeyboard/select_UDF6_DropDown'  using regular expression

2024-10-31 21:45:22 - [MESSAGE][PASSED] - Text 'Norway' is set on object 'Object Repository/AdminSuiteBootstrap_Pages/VT_Bootstrap/SaleKeyboard/input_userDefined7'

2024-10-31 21:45:23 - [MESSAGE][PASSED] - Text 'Netherlands' is set on object 'Object Repository/AdminSuiteBootstrap_Pages/VT_Bootstrap/SaleKeyboard/input_userDefined8'

2024-10-31 21:45:24 - [MESSAGE][PASSED] - Text 'Switzerland' is set on object 'Object Repository/AdminSuiteBootstrap_Pages/VT_Bootstrap/SaleKeyboard/input_userDefined9'

2024-10-31 21:45:24 - [MESSAGE][PASSED] - Text 'France' is set on object 'Object Repository/AdminSuiteBootstrap_Pages/VT_Bootstrap/SaleKeyboard/input_userDefined10'

2024-10-31 21:45:25 - [MESSAGE][PASSED] - Object: 'Object Repository/AdminSuiteBootstrap_Pages/VT_Bootstrap/SaleKeyboard/button_Submit' is clicked on

2024-10-31 21:45:25 - [MESSAGE][FAILED] - com.kms.katalon.core.exception.StepFailedException: Unable to set text '' of object 'Object Repository/AdminSuiteBootstrap_Pages/VT_Bootstrap/SaleKeyboard/input_smsNumber' (Root cause: com.kms.katalon.core.exception.StepFailedException: Unable to set text '' of object 'Object Repository/AdminSuiteBootstrap_Pages/VT_Bootstrap/SaleKeyboard/input_smsNumber'
	at com.kms.katalon.core.webui.keyword.internal.WebUIKeywordMain.stepFailed(WebUIKeywordMain.groovy:64)
	at com.kms.katalon.core.webui.keyword.internal.WebUIKeywordMain.runKeyword(WebUIKeywordMain.groovy:26)
	at com.kms.katalon.core.webui.keyword.builtin.SetTextKeyword.setText(SetTextKeyword.groovy:66)
	at com.kms.katalon.core.webui.keyword.builtin.SetTextKeyword.execute(SetTextKeyword.groovy:37)
	at com.kms.katalon.core.keyword.internal.KeywordExecutor.executeKeywordForPlatform(KeywordExecutor.groovy:74)
	at com.kms.katalon.core.webui.keyword.WebUiBuiltInKeywords.setText(WebUiBuiltInKeywords.groovy:980)
	at com.kms.katalon.core.webui.keyword.WebUiBuiltInKeywords$setText$2.call(Unknown Source)
	at adminSuiteBootstrap.virtualTerminalSetData.saleKeyboard_DataDriven(virtualTerminalSetData.groovy:169)
	at adminSuiteBootstrap.virtualTerminalSetData.invokeMethod(virtualTerminalSetData.groovy)
	at com.kms.katalon.core.main.CustomKeywordDelegatingMetaClass.invokeStaticMethod(CustomKeywordDelegatingMetaClass.java:55)
	at SaleKeyboard_TP_AllCF_FieldVal_Generic_Error_TC.run(SaleKeyboard_TP_AllCF_FieldVal_Generic_Error_TC:124)
	at com.kms.katalon.core.main.ScriptEngine.run(ScriptEngine.java:194)
	at com.kms.katalon.core.main.ScriptEngine.runScriptAsRawText(ScriptEngine.java:119)
	at com.kms.katalon.core.main.TestCaseExecutor.runScript(TestCaseExecutor.java:448)
	at com.kms.katalon.core.main.TestCaseExecutor.doExecute(TestCaseExecutor.java:439)
	at com.kms.katalon.core.main.TestCaseExecutor.processExecutionPhase(TestCaseExecutor.java:418)
	at com.kms.katalon.core.main.TestCaseExecutor.accessMainPhase(TestCaseExecutor.java:410)
	at com.kms.katalon.core.main.TestCaseExecutor.execute(TestCaseExecutor.java:285)
	at com.kms.katalon.core.common.CommonExecutor.accessTestCaseMainPhase(CommonExecutor.java:65)
	at com.kms.katalon.core.main.TestSuiteExecutor.accessTestSuiteMainPhase(TestSuiteExecutor.java:148)
	at com.kms.katalon.core.main.TestSuiteExecutor.execute(TestSuiteExecutor.java:106)
	at com.kms.katalon.core.main.TestCaseMain.startTestSuite(TestCaseMain.java:187)
	at com.kms.katalon.core.main.TestCaseMain$startTestSuite$0.call(Unknown Source)
	at TempTestSuite1730425169576.run(TempTestSuite1730425169576.groovy:35)
Caused by: com.kms.katalon.core.webui.exception.WebElementNotFoundException: Web element with id: 'Object Repository/AdminSuiteBootstrap_Pages/VT_Bootstrap/SaleKeyboard/input_smsNumber' located by '//*[@type = 'TEXT' and @name = 'smsNumber' and @id = 'smsNumber']' not found
	at com.kms.katalon.core.webui.common.WebUiCommonHelper.findWebElement(WebUiCommonHelper.java:1381)
	at com.kms.katalon.core.webui.keyword.internal.WebUIAbstractKeyword.findWebElement(WebUIAbstractKeyword.groovy:27)
	at com.kms.katalon.core.webui.keyword.internal.WebUIAbstractKeyword.findWebElement(WebUIAbstractKeyword.groovy:26)
	at com.kms.katalon.core.webui.keyword.builtin.SetTextKeyword$_setText_closure1.doCall(SetTextKeyword.groovy:51)
	at com.kms.katalon.core.webui.keyword.builtin.SetTextKeyword$_setText_closure1.call(SetTextKeyword.groovy)
	at com.kms.katalon.core.webui.keyword.internal.WebUIKeywordMain.runKeyword(WebUIKeywordMain.groovy:20)
	at com.kms.katalon.core.webui.keyword.builtin.SetTextKeyword.setText(SetTextKeyword.groovy:66)
	at com.kms.katalon.core.webui.keyword.builtin.SetTextKeyword.execute(SetTextKeyword.groovy:37)
	at com.kms.katalon.core.keyword.internal.KeywordExecutor.executeKeywordForPlatform(KeywordExecutor.groovy:74)
	at com.kms.katalon.core.webui.keyword.WebUiBuiltInKeywords.setText(WebUiBuiltInKeywords.groovy:980)
	at com.kms.katalon.core.webui.keyword.WebUiBuiltInKeywords$setText$2.call(Unknown Source)
	at adminSuiteBootstrap.virtualTerminalSetData.saleKeyboard_DataDriven(virtualTerminalSetData.groovy:169)
	at adminSuiteBootstrap.virtualTerminalSetData.invokeMethod(virtualTerminalSetData.groovy)
	at com.kms.katalon.core.main.CustomKeywordDelegatingMetaClass.invokeStaticMethod(CustomKeywordDelegatingMetaClass.java:55)
	at Script1648241494239.run(Script1648241494239.groovy:124)
	... 13 more
)

2024-10-31 21:45:25 - [TEST_STEP][PASSED] - verifyError = findTestData(dataFile).getValue("VerifyError", row): null

2024-10-31 21:45:25 - [TEST_STEP][PASSED] - verifyTextPresent(verifyError, true): Text 'Email address is invalid' is present on page  using regular expression

2024-10-31 21:45:26 - [MESSAGE][PASSED] - Text 'Email address is invalid' is present on page  using regular expression

2024-10-31 21:45:26 - [TEST_STEP][PASSED] - closeBrowser(): Browser is closed

2024-10-31 21:45:27 - [MESSAGE][PASSED] - Browser is closed

2024-10-31 21:45:27 - [TEST_STEP][PASSED] - ExecuteTC = findTestData(dataFile).getValue("Execute", row): null

2024-10-31 21:45:28 - [TEST_STEP][PASSED] - out.println("Value of Execute is : " + ExecuteTC): null

2024-10-31 21:45:28 - [TEST_STEP][PASSED] - switch (executionProfile): null

2024-10-31 21:45:28 - [TEST_STEP][PASSED] - case "QA2Profile":: null

2024-10-31 21:45:28 - [TEST_STEP][PASSED] - appName = findTestData(dataFile).getValue("AppNameQA", row): null

2024-10-31 21:45:28 - [TEST_STEP][PASSED] - appID = findTestData(dataFile).getValue("AppIDQA", row): null

2024-10-31 21:45:28 - [TEST_STEP][PASSED] - break: null

2024-10-31 21:45:28 - [TEST_STEP][PASSED] - hrefAppID = li_1 + appID + li_2: null

2024-10-31 21:45:28 - [TEST_STEP][PASSED] - hrefApp = li_1 + appID + "/": null

2024-10-31 21:45:28 - [TEST_STEP][PASSED] - println("hrefApp : " + hrefApp): null

2024-10-31 21:45:28 - [TEST_STEP][FAILED] - if (ExecuteTC.equalsIgnoreCase("Y")): null

2024-10-31 21:45:28 - [TEST_STEP][PASSED] - out.println("Begin Record Number: " + row): null

2024-10-31 21:45:28 - [TEST_STEP][PASSED] - today = new java.util.Date(): null

2024-10-31 21:45:28 - [TEST_STEP][PASSED] - println(today): null

2024-10-31 21:45:28 - [TEST_STEP][PASSED] - datText = today: null

2024-10-31 21:45:28 - [TEST_STEP][PASSED] - adminSuiteBootstrap.loginFunctionality.login_AdminSuite(): adminSuiteBootstrap.loginFunctionality.login_AdminSuite is PASSED

2024-10-31 21:45:28 - [MESSAGE][INFO] - Starting 'Chrome' driver

2024-10-31 21:45:28 - [MESSAGE][INFO] - User set preference: ['acceptInsecureCerts', 'true']

2024-10-31 21:45:28 - [MESSAGE][INFO] - Action delay is set to 0 milliseconds

2024-10-31 21:45:30 - [MESSAGE][PASSED] - Browser is opened with url: 'https://qa2.velocitypayment.com/admin/imtiaz'

2024-10-31 21:45:30 - [MESSAGE][PASSED] - Current window maximized

2024-10-31 21:45:31 - [MESSAGE][PASSED] - Object 'Object Repository/Login_Page/Login_Username_Okta' is present

2024-10-31 21:45:32 - [MESSAGE][PASSED] - Text 'iahmed' is set on object 'Object Repository/Login_Page/Login_Username_Okta'

2024-10-31 21:45:32 - [MESSAGE][PASSED] - Text 'Hello!7777777' is set on object 'Object Repository/Login_Page/Login_Password_Okta'

2024-10-31 21:45:33 - [MESSAGE][PASSED] - Object: 'Object Repository/Login_Page/Login_Submit_Okta' is clicked on

2024-10-31 21:45:33 - [MESSAGE][PASSED] - adminSuiteBootstrap.loginFunctionality.login_AdminSuite is PASSED

2024-10-31 21:45:33 - [TEST_STEP][PASSED] - click(findTestObject(path_Dashboard + appName)): Object: 'Object Repository/AdminSuiteBootstrap_Pages/Dashboard_Bootstrap/a_Access AutoSingleCFtpQA' is clicked on

2024-10-31 21:45:41 - [MESSAGE][PASSED] - Object: 'Object Repository/AdminSuiteBootstrap_Pages/Dashboard_Bootstrap/a_Access AutoSingleCFtpQA' is clicked on

2024-10-31 21:45:41 - [TEST_STEP][PASSED] - click(findTestObject(path_VT + "button_Authorization  Capture (Sale)")): Object: 'Object Repository/AdminSuiteBootstrap_Pages/VT_Bootstrap/IssueTransactions/button_Authorization  Capture (Sale)' is clicked on

2024-10-31 21:45:41 - [MESSAGE][PASSED] - Object: 'Object Repository/AdminSuiteBootstrap_Pages/VT_Bootstrap/IssueTransactions/button_Authorization  Capture (Sale)' is clicked on

2024-10-31 21:45:41 - [TEST_STEP][PASSED] - saleKeyboardEntryLink = modifyObjectProperty(findTestObject(path_VT + "a_KeyboardEntry_Sale"), "href", "equals", hrefAppID, true): Modify property of object successfully

2024-10-31 21:45:41 - [MESSAGE][PASSED] - Modify property of object successfully

2024-10-31 21:45:41 - [TEST_STEP][PASSED] - click(saleKeyboardEntryLink): Object: 'Object Repository/AdminSuiteBootstrap_Pages/VT_Bootstrap/IssueTransactions/a_KeyboardEntry_Sale' is clicked on

2024-10-31 21:45:43 - [MESSAGE][PASSED] - Object: 'Object Repository/AdminSuiteBootstrap_Pages/VT_Bootstrap/IssueTransactions/a_KeyboardEntry_Sale' is clicked on

2024-10-31 21:45:43 - [TEST_STEP][FAILED] - adminSuiteBootstrap.virtualTerminalSetData.saleKeyboard_DataDriven(row, dataFile): com.kms.katalon.core.exception.StepFailedException: Unable to set text '' of object 'Object Repository/AdminSuiteBootstrap_Pages/VT_Bootstrap/SaleKeyboard/input_smsNumber' (Root cause: com.kms.katalon.core.exception.StepFailedException: Unable to set text '' of object 'Object Repository/AdminSuiteBootstrap_Pages/VT_Bootstrap/SaleKeyboard/input_smsNumber'
	at com.kms.katalon.core.webui.keyword.internal.WebUIKeywordMain.stepFailed(WebUIKeywordMain.groovy:64)
	at com.kms.katalon.core.webui.keyword.internal.WebUIKeywordMain.runKeyword(WebUIKeywordMain.groovy:26)
	at com.kms.katalon.core.webui.keyword.builtin.SetTextKeyword.setText(SetTextKeyword.groovy:66)
	at com.kms.katalon.core.webui.keyword.builtin.SetTextKeyword.execute(SetTextKeyword.groovy:37)
	at com.kms.katalon.core.keyword.internal.KeywordExecutor.executeKeywordForPlatform(KeywordExecutor.groovy:74)
	at com.kms.katalon.core.webui.keyword.WebUiBuiltInKeywords.setText(WebUiBuiltInKeywords.groovy:980)
	at com.kms.katalon.core.webui.keyword.WebUiBuiltInKeywords$setText$2.call(Unknown Source)
	at adminSuiteBootstrap.virtualTerminalSetData.saleKeyboard_DataDriven(virtualTerminalSetData.groovy:169)
	at adminSuiteBootstrap.virtualTerminalSetData.invokeMethod(virtualTerminalSetData.groovy)
	at com.kms.katalon.core.main.CustomKeywordDelegatingMetaClass.invokeStaticMethod(CustomKeywordDelegatingMetaClass.java:55)
	at SaleKeyboard_TP_AllCF_FieldVal_Generic_Error_TC.run(SaleKeyboard_TP_AllCF_FieldVal_Generic_Error_TC:124)
	at com.kms.katalon.core.main.ScriptEngine.run(ScriptEngine.java:194)
	at com.kms.katalon.core.main.ScriptEngine.runScriptAsRawText(ScriptEngine.java:119)
	at com.kms.katalon.core.main.TestCaseExecutor.runScript(TestCaseExecutor.java:448)
	at com.kms.katalon.core.main.TestCaseExecutor.doExecute(TestCaseExecutor.java:439)
	at com.kms.katalon.core.main.TestCaseExecutor.processExecutionPhase(TestCaseExecutor.java:418)
	at com.kms.katalon.core.main.TestCaseExecutor.accessMainPhase(TestCaseExecutor.java:410)
	at com.kms.katalon.core.main.TestCaseExecutor.execute(TestCaseExecutor.java:285)
	at com.kms.katalon.core.common.CommonExecutor.accessTestCaseMainPhase(CommonExecutor.java:65)
	at com.kms.katalon.core.main.TestSuiteExecutor.accessTestSuiteMainPhase(TestSuiteExecutor.java:148)
	at com.kms.katalon.core.main.TestSuiteExecutor.execute(TestSuiteExecutor.java:106)
	at com.kms.katalon.core.main.TestCaseMain.startTestSuite(TestCaseMain.java:187)
	at com.kms.katalon.core.main.TestCaseMain$startTestSuite$0.call(Unknown Source)
	at TempTestSuite1730425169576.run(TempTestSuite1730425169576.groovy:35)
Caused by: com.kms.katalon.core.webui.exception.WebElementNotFoundException: Web element with id: 'Object Repository/AdminSuiteBootstrap_Pages/VT_Bootstrap/SaleKeyboard/input_smsNumber' located by '//*[@type = 'TEXT' and @name = 'smsNumber' and @id = 'smsNumber']' not found
	at com.kms.katalon.core.webui.common.WebUiCommonHelper.findWebElement(WebUiCommonHelper.java:1381)
	at com.kms.katalon.core.webui.keyword.internal.WebUIAbstractKeyword.findWebElement(WebUIAbstractKeyword.groovy:27)
	at com.kms.katalon.core.webui.keyword.internal.WebUIAbstractKeyword.findWebElement(WebUIAbstractKeyword.groovy:26)
	at com.kms.katalon.core.webui.keyword.builtin.SetTextKeyword$_setText_closure1.doCall(SetTextKeyword.groovy:51)
	at com.kms.katalon.core.webui.keyword.builtin.SetTextKeyword$_setText_closure1.call(SetTextKeyword.groovy)
	at com.kms.katalon.core.webui.keyword.internal.WebUIKeywordMain.runKeyword(WebUIKeywordMain.groovy:20)
	at com.kms.katalon.core.webui.keyword.builtin.SetTextKeyword.setText(SetTextKeyword.groovy:66)
	at com.kms.katalon.core.webui.keyword.builtin.SetTextKeyword.execute(SetTextKeyword.groovy:37)
	at com.kms.katalon.core.keyword.internal.KeywordExecutor.executeKeywordForPlatform(KeywordExecutor.groovy:74)
	at com.kms.katalon.core.webui.keyword.WebUiBuiltInKeywords.setText(WebUiBuiltInKeywords.groovy:980)
	at com.kms.katalon.core.webui.keyword.WebUiBuiltInKeywords$setText$2.call(Unknown Source)
	at adminSuiteBootstrap.virtualTerminalSetData.saleKeyboard_DataDriven(virtualTerminalSetData.groovy:169)
	at adminSuiteBootstrap.virtualTerminalSetData.invokeMethod(virtualTerminalSetData.groovy)
	at com.kms.katalon.core.main.CustomKeywordDelegatingMetaClass.invokeStaticMethod(CustomKeywordDelegatingMetaClass.java:55)
	at Script1648241494239.run(Script1648241494239.groovy:124)
	... 13 more
)

2024-10-31 21:45:45 - [MESSAGE][PASSED] - Text 'Tulsi Raman' is set on object 'Object Repository/AdminSuiteBootstrap_Pages/VT_Bootstrap/SaleKeyboard/input_cardName'

2024-10-31 21:45:46 - [MESSAGE][PASSED] - All options with value 'RETL' are selected in object 'Object Repository/AdminSuiteBootstrap_Pages/VT_Bootstrap/SaleKeyboard/select_transactionCategory'  using regular expression

2024-10-31 21:45:46 - [MESSAGE][PASSED] - Execute JavaScript 'arguments[0].value ='5146312200000035' ' successfully

2024-10-31 21:45:46 - [MESSAGE][PASSED] - Execute JavaScript 'arguments[0].value ='123' ' successfully

2024-10-31 21:45:47 - [MESSAGE][PASSED] - All options with value '12' are selected in object 'Object Repository/AdminSuiteBootstrap_Pages/VT_Bootstrap/SaleKeyboard/select_MM'  using regular expression

2024-10-31 21:45:48 - [MESSAGE][PASSED] - All options with value '2025' are selected in object 'Object Repository/AdminSuiteBootstrap_Pages/VT_Bootstrap/SaleKeyboard/select_YYYY'  using regular expression

2024-10-31 21:45:49 - [MESSAGE][PASSED] - Text '1478 Jhatka Palace' is set on object 'Object Repository/AdminSuiteBootstrap_Pages/VT_Bootstrap/SaleKeyboard/input__address'

2024-10-31 21:45:50 - [MESSAGE][PASSED] - Text 'Suite 500' is set on object 'Object Repository/AdminSuiteBootstrap_Pages/VT_Bootstrap/SaleKeyboard/input__address2'

2024-10-31 21:45:51 - [MESSAGE][PASSED] - Text '22201' is set on object 'Object Repository/AdminSuiteBootstrap_Pages/VT_Bootstrap/SaleKeyboard/input__zip'

2024-10-31 21:45:51 - [MESSAGE][PASSED] - Text 'john.doe@.net' is set on object 'Object Repository/AdminSuiteBootstrap_Pages/VT_Bootstrap/SaleKeyboard/input_emailAddress'

2024-10-31 21:46:22 - [MESSAGE][INFO] - Unable to find the element located by 'By.xpath: //*[@type = 'TEXT' and @name = 'smsNumber' and @id = 'smsNumber']'. Please recheck the objects properties to make sure the desired element is located. 

2024-10-31 21:46:22 - [MESSAGE][WARNING] - [SELF-HEALING] Failed to find element with id 'Object Repository/AdminSuiteBootstrap_Pages/VT_Bootstrap/SaleKeyboard/input_smsNumber'. Try using Self-healing.

2024-10-31 21:46:24 - [MESSAGE][INFO] - Unable to find the element located by 'By.xpath: //input[@id='smsNumber']'. Please recheck the objects properties to make sure the desired element is located. 

2024-10-31 21:46:24 - [MESSAGE][INFO] - [SELF-HEALING] Failed Locator: '//input[@id='smsNumber']'.

2024-10-31 21:46:24 - [MESSAGE][INFO] - [SELF-HEALING] Failed Locator: '//form[@id='form1']/div/div/div[3]/div[8]/div[2]/div/input'.

2024-10-31 21:46:24 - [MESSAGE][INFO] - [SELF-HEALING] Failed Locator: '//div[8]/div[2]/div/input'.

2024-10-31 21:46:25 - [MESSAGE][INFO] - [SELF-HEALING] Failed Locator: '//input[@id='smsNumber']'.

2024-10-31 21:46:25 - [MESSAGE][INFO] - [SELF-HEALING] Failed Locator: '//form[@id='form1']/div/div/div[3]/div[8]/div[2]/div/input'.

2024-10-31 21:46:25 - [MESSAGE][INFO] - [SELF-HEALING] Failed Locator: '//div[8]/div[2]/div/input'.

2024-10-31 21:46:26 - [MESSAGE][INFO] - Unable to find the element located by 'By.cssSelector: #smsNumber'. Please recheck the objects properties to make sure the desired element is located. 

2024-10-31 21:46:27 - [MESSAGE][FAILED] - Unable to set text '' of object 'Object Repository/AdminSuiteBootstrap_Pages/VT_Bootstrap/SaleKeyboard/input_smsNumber' (Root cause: com.kms.katalon.core.exception.StepFailedException: Unable to set text '' of object 'Object Repository/AdminSuiteBootstrap_Pages/VT_Bootstrap/SaleKeyboard/input_smsNumber'
	at com.kms.katalon.core.webui.keyword.internal.WebUIKeywordMain.stepFailed(WebUIKeywordMain.groovy:64)
	at com.kms.katalon.core.webui.keyword.internal.WebUIKeywordMain.runKeyword(WebUIKeywordMain.groovy:26)
	at com.kms.katalon.core.webui.keyword.builtin.SetTextKeyword.setText(SetTextKeyword.groovy:66)
	at com.kms.katalon.core.webui.keyword.builtin.SetTextKeyword.execute(SetTextKeyword.groovy:37)
	at com.kms.katalon.core.keyword.internal.KeywordExecutor.executeKeywordForPlatform(KeywordExecutor.groovy:74)
	at com.kms.katalon.core.webui.keyword.WebUiBuiltInKeywords.setText(WebUiBuiltInKeywords.groovy:980)
	at com.kms.katalon.core.webui.keyword.WebUiBuiltInKeywords$setText$2.call(Unknown Source)
	at adminSuiteBootstrap.virtualTerminalSetData.saleKeyboard_DataDriven(virtualTerminalSetData.groovy:169)
	at adminSuiteBootstrap.virtualTerminalSetData.invokeMethod(virtualTerminalSetData.groovy)
	at com.kms.katalon.core.main.CustomKeywordDelegatingMetaClass.invokeStaticMethod(CustomKeywordDelegatingMetaClass.java:55)
	at SaleKeyboard_TP_AllCF_FieldVal_Generic_Error_TC.run(SaleKeyboard_TP_AllCF_FieldVal_Generic_Error_TC:124)
	at com.kms.katalon.core.main.ScriptEngine.run(ScriptEngine.java:194)
	at com.kms.katalon.core.main.ScriptEngine.runScriptAsRawText(ScriptEngine.java:119)
	at com.kms.katalon.core.main.TestCaseExecutor.runScript(TestCaseExecutor.java:448)
	at com.kms.katalon.core.main.TestCaseExecutor.doExecute(TestCaseExecutor.java:439)
	at com.kms.katalon.core.main.TestCaseExecutor.processExecutionPhase(TestCaseExecutor.java:418)
	at com.kms.katalon.core.main.TestCaseExecutor.accessMainPhase(TestCaseExecutor.java:410)
	at com.kms.katalon.core.main.TestCaseExecutor.execute(TestCaseExecutor.java:285)
	at com.kms.katalon.core.common.CommonExecutor.accessTestCaseMainPhase(CommonExecutor.java:65)
	at com.kms.katalon.core.main.TestSuiteExecutor.accessTestSuiteMainPhase(TestSuiteExecutor.java:148)
	at com.kms.katalon.core.main.TestSuiteExecutor.execute(TestSuiteExecutor.java:106)
	at com.kms.katalon.core.main.TestCaseMain.startTestSuite(TestCaseMain.java:187)
	at com.kms.katalon.core.main.TestCaseMain$startTestSuite$0.call(Unknown Source)
	at TempTestSuite1730425169576.run(TempTestSuite1730425169576.groovy:35)
Caused by: com.kms.katalon.core.webui.exception.WebElementNotFoundException: Web element with id: 'Object Repository/AdminSuiteBootstrap_Pages/VT_Bootstrap/SaleKeyboard/input_smsNumber' located by '//*[@type = 'TEXT' and @name = 'smsNumber' and @id = 'smsNumber']' not found
	at com.kms.katalon.core.webui.common.WebUiCommonHelper.findWebElement(WebUiCommonHelper.java:1381)
	at com.kms.katalon.core.webui.keyword.internal.WebUIAbstractKeyword.findWebElement(WebUIAbstractKeyword.groovy:27)
	at com.kms.katalon.core.webui.keyword.internal.WebUIAbstractKeyword.findWebElement(WebUIAbstractKeyword.groovy:26)
	at com.kms.katalon.core.webui.keyword.builtin.SetTextKeyword$_setText_closure1.doCall(SetTextKeyword.groovy:51)
	at com.kms.katalon.core.webui.keyword.builtin.SetTextKeyword$_setText_closure1.call(SetTextKeyword.groovy)
	at com.kms.katalon.core.webui.keyword.internal.WebUIKeywordMain.runKeyword(WebUIKeywordMain.groovy:20)
	at com.kms.katalon.core.webui.keyword.builtin.SetTextKeyword.setText(SetTextKeyword.groovy:66)
	at com.kms.katalon.core.webui.keyword.builtin.SetTextKeyword.execute(SetTextKeyword.groovy:37)
	at com.kms.katalon.core.keyword.internal.KeywordExecutor.executeKeywordForPlatform(KeywordExecutor.groovy:74)
	at com.kms.katalon.core.webui.keyword.WebUiBuiltInKeywords.setText(WebUiBuiltInKeywords.groovy:980)
	at com.kms.katalon.core.webui.keyword.WebUiBuiltInKeywords$setText$2.call(Unknown Source)
	at adminSuiteBootstrap.virtualTerminalSetData.saleKeyboard_DataDriven(virtualTerminalSetData.groovy:169)
	at adminSuiteBootstrap.virtualTerminalSetData.invokeMethod(virtualTerminalSetData.groovy)
	at com.kms.katalon.core.main.CustomKeywordDelegatingMetaClass.invokeStaticMethod(CustomKeywordDelegatingMetaClass.java:55)
	at Script1648241494239.run(Script1648241494239.groovy:124)
	... 13 more
)
[[ATTACHMENT|E:\\Cloned-Project-Katalon\\VPS-Katalon\\Reports\\20241031_213928\\QA\\VT-Bootstrap\\AdminSuiteBootstrap_MRF_TestSuite\\20241031_213929\\1730425586873.png]]

2024-10-31 21:46:27 - [MESSAGE][PASSED] - Text '10.50' is set on object 'Object Repository/AdminSuiteBootstrap_Pages/VT_Bootstrap/SaleKeyboard/input_amount'

2024-10-31 21:46:29 - [MESSAGE][PASSED] - Text 'Australia' is set on object 'Object Repository/AdminSuiteBootstrap_Pages/VT_Bootstrap/SaleKeyboard/input_userDefined1'

2024-10-31 21:46:29 - [MESSAGE][PASSED] - Text 'Denmark' is set on object 'Object Repository/AdminSuiteBootstrap_Pages/VT_Bootstrap/SaleKeyboard/input_userDefined2'

2024-10-31 21:46:30 - [MESSAGE][PASSED] - Text 'Sweden' is set on object 'Object Repository/AdminSuiteBootstrap_Pages/VT_Bootstrap/SaleKeyboard/input_userDefined3'

2024-10-31 21:46:31 - [MESSAGE][PASSED] - Text 'Austria' is set on object 'Object Repository/AdminSuiteBootstrap_Pages/VT_Bootstrap/SaleKeyboard/input_userDefined4'

2024-10-31 21:46:32 - [MESSAGE][PASSED] - All options with label 'Orange' are selected in object 'Object Repository/AdminSuiteBootstrap_Pages/VT_Bootstrap/SaleKeyboard/select_UDF5_DropDown'  using regular expression

2024-10-31 21:46:32 - [MESSAGE][PASSED] - All options with label 'Yellow' are selected in object 'Object Repository/AdminSuiteBootstrap_Pages/VT_Bootstrap/SaleKeyboard/select_UDF6_DropDown'  using regular expression

2024-10-31 21:46:33 - [MESSAGE][PASSED] - Text 'Norway' is set on object 'Object Repository/AdminSuiteBootstrap_Pages/VT_Bootstrap/SaleKeyboard/input_userDefined7'

2024-10-31 21:46:34 - [MESSAGE][PASSED] - Text 'Netherlands' is set on object 'Object Repository/AdminSuiteBootstrap_Pages/VT_Bootstrap/SaleKeyboard/input_userDefined8'

2024-10-31 21:46:34 - [MESSAGE][PASSED] - Text 'Switzerland' is set on object 'Object Repository/AdminSuiteBootstrap_Pages/VT_Bootstrap/SaleKeyboard/input_userDefined9'

2024-10-31 21:46:35 - [MESSAGE][PASSED] - Text 'France' is set on object 'Object Repository/AdminSuiteBootstrap_Pages/VT_Bootstrap/SaleKeyboard/input_userDefined10'

2024-10-31 21:46:36 - [MESSAGE][PASSED] - Object: 'Object Repository/AdminSuiteBootstrap_Pages/VT_Bootstrap/SaleKeyboard/button_Submit' is clicked on

2024-10-31 21:46:36 - [MESSAGE][FAILED] - com.kms.katalon.core.exception.StepFailedException: Unable to set text '' of object 'Object Repository/AdminSuiteBootstrap_Pages/VT_Bootstrap/SaleKeyboard/input_smsNumber' (Root cause: com.kms.katalon.core.exception.StepFailedException: Unable to set text '' of object 'Object Repository/AdminSuiteBootstrap_Pages/VT_Bootstrap/SaleKeyboard/input_smsNumber'
	at com.kms.katalon.core.webui.keyword.internal.WebUIKeywordMain.stepFailed(WebUIKeywordMain.groovy:64)
	at com.kms.katalon.core.webui.keyword.internal.WebUIKeywordMain.runKeyword(WebUIKeywordMain.groovy:26)
	at com.kms.katalon.core.webui.keyword.builtin.SetTextKeyword.setText(SetTextKeyword.groovy:66)
	at com.kms.katalon.core.webui.keyword.builtin.SetTextKeyword.execute(SetTextKeyword.groovy:37)
	at com.kms.katalon.core.keyword.internal.KeywordExecutor.executeKeywordForPlatform(KeywordExecutor.groovy:74)
	at com.kms.katalon.core.webui.keyword.WebUiBuiltInKeywords.setText(WebUiBuiltInKeywords.groovy:980)
	at com.kms.katalon.core.webui.keyword.WebUiBuiltInKeywords$setText$2.call(Unknown Source)
	at adminSuiteBootstrap.virtualTerminalSetData.saleKeyboard_DataDriven(virtualTerminalSetData.groovy:169)
	at adminSuiteBootstrap.virtualTerminalSetData.invokeMethod(virtualTerminalSetData.groovy)
	at com.kms.katalon.core.main.CustomKeywordDelegatingMetaClass.invokeStaticMethod(CustomKeywordDelegatingMetaClass.java:55)
	at SaleKeyboard_TP_AllCF_FieldVal_Generic_Error_TC.run(SaleKeyboard_TP_AllCF_FieldVal_Generic_Error_TC:124)
	at com.kms.katalon.core.main.ScriptEngine.run(ScriptEngine.java:194)
	at com.kms.katalon.core.main.ScriptEngine.runScriptAsRawText(ScriptEngine.java:119)
	at com.kms.katalon.core.main.TestCaseExecutor.runScript(TestCaseExecutor.java:448)
	at com.kms.katalon.core.main.TestCaseExecutor.doExecute(TestCaseExecutor.java:439)
	at com.kms.katalon.core.main.TestCaseExecutor.processExecutionPhase(TestCaseExecutor.java:418)
	at com.kms.katalon.core.main.TestCaseExecutor.accessMainPhase(TestCaseExecutor.java:410)
	at com.kms.katalon.core.main.TestCaseExecutor.execute(TestCaseExecutor.java:285)
	at com.kms.katalon.core.common.CommonExecutor.accessTestCaseMainPhase(CommonExecutor.java:65)
	at com.kms.katalon.core.main.TestSuiteExecutor.accessTestSuiteMainPhase(TestSuiteExecutor.java:148)
	at com.kms.katalon.core.main.TestSuiteExecutor.execute(TestSuiteExecutor.java:106)
	at com.kms.katalon.core.main.TestCaseMain.startTestSuite(TestCaseMain.java:187)
	at com.kms.katalon.core.main.TestCaseMain$startTestSuite$0.call(Unknown Source)
	at TempTestSuite1730425169576.run(TempTestSuite1730425169576.groovy:35)
Caused by: com.kms.katalon.core.webui.exception.WebElementNotFoundException: Web element with id: 'Object Repository/AdminSuiteBootstrap_Pages/VT_Bootstrap/SaleKeyboard/input_smsNumber' located by '//*[@type = 'TEXT' and @name = 'smsNumber' and @id = 'smsNumber']' not found
	at com.kms.katalon.core.webui.common.WebUiCommonHelper.findWebElement(WebUiCommonHelper.java:1381)
	at com.kms.katalon.core.webui.keyword.internal.WebUIAbstractKeyword.findWebElement(WebUIAbstractKeyword.groovy:27)
	at com.kms.katalon.core.webui.keyword.internal.WebUIAbstractKeyword.findWebElement(WebUIAbstractKeyword.groovy:26)
	at com.kms.katalon.core.webui.keyword.builtin.SetTextKeyword$_setText_closure1.doCall(SetTextKeyword.groovy:51)
	at com.kms.katalon.core.webui.keyword.builtin.SetTextKeyword$_setText_closure1.call(SetTextKeyword.groovy)
	at com.kms.katalon.core.webui.keyword.internal.WebUIKeywordMain.runKeyword(WebUIKeywordMain.groovy:20)
	at com.kms.katalon.core.webui.keyword.builtin.SetTextKeyword.setText(SetTextKeyword.groovy:66)
	at com.kms.katalon.core.webui.keyword.builtin.SetTextKeyword.execute(SetTextKeyword.groovy:37)
	at com.kms.katalon.core.keyword.internal.KeywordExecutor.executeKeywordForPlatform(KeywordExecutor.groovy:74)
	at com.kms.katalon.core.webui.keyword.WebUiBuiltInKeywords.setText(WebUiBuiltInKeywords.groovy:980)
	at com.kms.katalon.core.webui.keyword.WebUiBuiltInKeywords$setText$2.call(Unknown Source)
	at adminSuiteBootstrap.virtualTerminalSetData.saleKeyboard_DataDriven(virtualTerminalSetData.groovy:169)
	at adminSuiteBootstrap.virtualTerminalSetData.invokeMethod(virtualTerminalSetData.groovy)
	at com.kms.katalon.core.main.CustomKeywordDelegatingMetaClass.invokeStaticMethod(CustomKeywordDelegatingMetaClass.java:55)
	at Script1648241494239.run(Script1648241494239.groovy:124)
	... 13 more
)

2024-10-31 21:46:36 - [TEST_STEP][PASSED] - verifyError = findTestData(dataFile).getValue("VerifyError", row): null

2024-10-31 21:46:36 - [TEST_STEP][PASSED] - verifyTextPresent(verifyError, true): Text 'Email address is invalid' is present on page  using regular expression

2024-10-31 21:46:37 - [MESSAGE][PASSED] - Text 'Email address is invalid' is present on page  using regular expression

2024-10-31 21:46:37 - [TEST_STEP][PASSED] - closeBrowser(): Browser is closed

2024-10-31 21:46:39 - [MESSAGE][PASSED] - Browser is closed

2024-10-31 21:46:39 - [TEST_STEP][PASSED] - ExecuteTC = findTestData(dataFile).getValue("Execute", row): null

2024-10-31 21:46:39 - [TEST_STEP][PASSED] - out.println("Value of Execute is : " + ExecuteTC): null

2024-10-31 21:46:39 - [TEST_STEP][PASSED] - switch (executionProfile): null

2024-10-31 21:46:39 - [TEST_STEP][PASSED] - case "QA2Profile":: null

2024-10-31 21:46:39 - [TEST_STEP][PASSED] - appName = findTestData(dataFile).getValue("AppNameQA", row): null

2024-10-31 21:46:39 - [TEST_STEP][PASSED] - appID = findTestData(dataFile).getValue("AppIDQA", row): null

2024-10-31 21:46:39 - [TEST_STEP][PASSED] - break: null

2024-10-31 21:46:39 - [TEST_STEP][PASSED] - hrefAppID = li_1 + appID + li_2: null

2024-10-31 21:46:39 - [TEST_STEP][PASSED] - hrefApp = li_1 + appID + "/": null

2024-10-31 21:46:39 - [TEST_STEP][PASSED] - println("hrefApp : " + hrefApp): null

2024-10-31 21:46:39 - [TEST_STEP][FAILED] - if (ExecuteTC.equalsIgnoreCase("Y")): null

2024-10-31 21:46:39 - [TEST_STEP][PASSED] - out.println("Begin Record Number: " + row): null

2024-10-31 21:46:39 - [TEST_STEP][PASSED] - today = new java.util.Date(): null

2024-10-31 21:46:39 - [TEST_STEP][PASSED] - println(today): null

2024-10-31 21:46:39 - [TEST_STEP][PASSED] - datText = today: null

2024-10-31 21:46:39 - [TEST_STEP][PASSED] - adminSuiteBootstrap.loginFunctionality.login_AdminSuite(): adminSuiteBootstrap.loginFunctionality.login_AdminSuite is PASSED

2024-10-31 21:46:39 - [MESSAGE][INFO] - Starting 'Chrome' driver

2024-10-31 21:46:39 - [MESSAGE][INFO] - User set preference: ['acceptInsecureCerts', 'true']

2024-10-31 21:46:39 - [MESSAGE][INFO] - Action delay is set to 0 milliseconds

2024-10-31 21:46:42 - [MESSAGE][PASSED] - Browser is opened with url: 'https://qa2.velocitypayment.com/admin/imtiaz'

2024-10-31 21:46:42 - [MESSAGE][PASSED] - Current window maximized

2024-10-31 21:46:42 - [MESSAGE][PASSED] - Object 'Object Repository/Login_Page/Login_Username_Okta' is present

2024-10-31 21:46:43 - [MESSAGE][PASSED] - Text 'iahmed' is set on object 'Object Repository/Login_Page/Login_Username_Okta'

2024-10-31 21:46:43 - [MESSAGE][PASSED] - Text 'Hello!7777777' is set on object 'Object Repository/Login_Page/Login_Password_Okta'

2024-10-31 21:46:44 - [MESSAGE][PASSED] - Object: 'Object Repository/Login_Page/Login_Submit_Okta' is clicked on

2024-10-31 21:46:44 - [MESSAGE][PASSED] - adminSuiteBootstrap.loginFunctionality.login_AdminSuite is PASSED

2024-10-31 21:46:44 - [TEST_STEP][PASSED] - click(findTestObject(path_Dashboard + appName)): Object: 'Object Repository/AdminSuiteBootstrap_Pages/Dashboard_Bootstrap/a_Access AutoSingleCFtpQA' is clicked on

2024-10-31 21:46:52 - [MESSAGE][PASSED] - Object: 'Object Repository/AdminSuiteBootstrap_Pages/Dashboard_Bootstrap/a_Access AutoSingleCFtpQA' is clicked on

2024-10-31 21:46:52 - [TEST_STEP][PASSED] - click(findTestObject(path_VT + "button_Authorization  Capture (Sale)")): Object: 'Object Repository/AdminSuiteBootstrap_Pages/VT_Bootstrap/IssueTransactions/button_Authorization  Capture (Sale)' is clicked on

2024-10-31 21:46:53 - [MESSAGE][PASSED] - Object: 'Object Repository/AdminSuiteBootstrap_Pages/VT_Bootstrap/IssueTransactions/button_Authorization  Capture (Sale)' is clicked on

2024-10-31 21:46:53 - [TEST_STEP][PASSED] - saleKeyboardEntryLink = modifyObjectProperty(findTestObject(path_VT + "a_KeyboardEntry_Sale"), "href", "equals", hrefAppID, true): Modify property of object successfully

2024-10-31 21:46:53 - [MESSAGE][PASSED] - Modify property of object successfully

2024-10-31 21:46:53 - [TEST_STEP][PASSED] - click(saleKeyboardEntryLink): Object: 'Object Repository/AdminSuiteBootstrap_Pages/VT_Bootstrap/IssueTransactions/a_KeyboardEntry_Sale' is clicked on

2024-10-31 21:46:53 - [MESSAGE][PASSED] - Object: 'Object Repository/AdminSuiteBootstrap_Pages/VT_Bootstrap/IssueTransactions/a_KeyboardEntry_Sale' is clicked on

2024-10-31 21:46:53 - [TEST_STEP][FAILED] - adminSuiteBootstrap.virtualTerminalSetData.saleKeyboard_DataDriven(row, dataFile): com.kms.katalon.core.exception.StepFailedException: Unable to set text '' of object 'Object Repository/AdminSuiteBootstrap_Pages/VT_Bootstrap/SaleKeyboard/input_smsNumber' (Root cause: com.kms.katalon.core.exception.StepFailedException: Unable to set text '' of object 'Object Repository/AdminSuiteBootstrap_Pages/VT_Bootstrap/SaleKeyboard/input_smsNumber'
	at com.kms.katalon.core.webui.keyword.internal.WebUIKeywordMain.stepFailed(WebUIKeywordMain.groovy:64)
	at com.kms.katalon.core.webui.keyword.internal.WebUIKeywordMain.runKeyword(WebUIKeywordMain.groovy:26)
	at com.kms.katalon.core.webui.keyword.builtin.SetTextKeyword.setText(SetTextKeyword.groovy:66)
	at com.kms.katalon.core.webui.keyword.builtin.SetTextKeyword.execute(SetTextKeyword.groovy:37)
	at com.kms.katalon.core.keyword.internal.KeywordExecutor.executeKeywordForPlatform(KeywordExecutor.groovy:74)
	at com.kms.katalon.core.webui.keyword.WebUiBuiltInKeywords.setText(WebUiBuiltInKeywords.groovy:980)
	at com.kms.katalon.core.webui.keyword.WebUiBuiltInKeywords$setText$2.call(Unknown Source)
	at adminSuiteBootstrap.virtualTerminalSetData.saleKeyboard_DataDriven(virtualTerminalSetData.groovy:169)
	at adminSuiteBootstrap.virtualTerminalSetData.invokeMethod(virtualTerminalSetData.groovy)
	at com.kms.katalon.core.main.CustomKeywordDelegatingMetaClass.invokeStaticMethod(CustomKeywordDelegatingMetaClass.java:55)
	at SaleKeyboard_TP_AllCF_FieldVal_Generic_Error_TC.run(SaleKeyboard_TP_AllCF_FieldVal_Generic_Error_TC:124)
	at com.kms.katalon.core.main.ScriptEngine.run(ScriptEngine.java:194)
	at com.kms.katalon.core.main.ScriptEngine.runScriptAsRawText(ScriptEngine.java:119)
	at com.kms.katalon.core.main.TestCaseExecutor.runScript(TestCaseExecutor.java:448)
	at com.kms.katalon.core.main.TestCaseExecutor.doExecute(TestCaseExecutor.java:439)
	at com.kms.katalon.core.main.TestCaseExecutor.processExecutionPhase(TestCaseExecutor.java:418)
	at com.kms.katalon.core.main.TestCaseExecutor.accessMainPhase(TestCaseExecutor.java:410)
	at com.kms.katalon.core.main.TestCaseExecutor.execute(TestCaseExecutor.java:285)
	at com.kms.katalon.core.common.CommonExecutor.accessTestCaseMainPhase(CommonExecutor.java:65)
	at com.kms.katalon.core.main.TestSuiteExecutor.accessTestSuiteMainPhase(TestSuiteExecutor.java:148)
	at com.kms.katalon.core.main.TestSuiteExecutor.execute(TestSuiteExecutor.java:106)
	at com.kms.katalon.core.main.TestCaseMain.startTestSuite(TestCaseMain.java:187)
	at com.kms.katalon.core.main.TestCaseMain$startTestSuite$0.call(Unknown Source)
	at TempTestSuite1730425169576.run(TempTestSuite1730425169576.groovy:35)
Caused by: com.kms.katalon.core.webui.exception.WebElementNotFoundException: Web element with id: 'Object Repository/AdminSuiteBootstrap_Pages/VT_Bootstrap/SaleKeyboard/input_smsNumber' located by '//*[@type = 'TEXT' and @name = 'smsNumber' and @id = 'smsNumber']' not found
	at com.kms.katalon.core.webui.common.WebUiCommonHelper.findWebElement(WebUiCommonHelper.java:1381)
	at com.kms.katalon.core.webui.keyword.internal.WebUIAbstractKeyword.findWebElement(WebUIAbstractKeyword.groovy:27)
	at com.kms.katalon.core.webui.keyword.internal.WebUIAbstractKeyword.findWebElement(WebUIAbstractKeyword.groovy:26)
	at com.kms.katalon.core.webui.keyword.builtin.SetTextKeyword$_setText_closure1.doCall(SetTextKeyword.groovy:51)
	at com.kms.katalon.core.webui.keyword.builtin.SetTextKeyword$_setText_closure1.call(SetTextKeyword.groovy)
	at com.kms.katalon.core.webui.keyword.internal.WebUIKeywordMain.runKeyword(WebUIKeywordMain.groovy:20)
	at com.kms.katalon.core.webui.keyword.builtin.SetTextKeyword.setText(SetTextKeyword.groovy:66)
	at com.kms.katalon.core.webui.keyword.builtin.SetTextKeyword.execute(SetTextKeyword.groovy:37)
	at com.kms.katalon.core.keyword.internal.KeywordExecutor.executeKeywordForPlatform(KeywordExecutor.groovy:74)
	at com.kms.katalon.core.webui.keyword.WebUiBuiltInKeywords.setText(WebUiBuiltInKeywords.groovy:980)
	at com.kms.katalon.core.webui.keyword.WebUiBuiltInKeywords$setText$2.call(Unknown Source)
	at adminSuiteBootstrap.virtualTerminalSetData.saleKeyboard_DataDriven(virtualTerminalSetData.groovy:169)
	at adminSuiteBootstrap.virtualTerminalSetData.invokeMethod(virtualTerminalSetData.groovy)
	at com.kms.katalon.core.main.CustomKeywordDelegatingMetaClass.invokeStaticMethod(CustomKeywordDelegatingMetaClass.java:55)
	at Script1648241494239.run(Script1648241494239.groovy:124)
	... 13 more
)

2024-10-31 21:46:56 - [MESSAGE][PASSED] - Text 'Janaki James' is set on object 'Object Repository/AdminSuiteBootstrap_Pages/VT_Bootstrap/SaleKeyboard/input_cardName'

2024-10-31 21:46:57 - [MESSAGE][PASSED] - All options with value 'MOTO' are selected in object 'Object Repository/AdminSuiteBootstrap_Pages/VT_Bootstrap/SaleKeyboard/select_transactionCategory'  using regular expression

2024-10-31 21:46:57 - [MESSAGE][PASSED] - Execute JavaScript 'arguments[0].value ='5146312200000035' ' successfully

2024-10-31 21:46:58 - [MESSAGE][PASSED] - Execute JavaScript 'arguments[0].value ='123' ' successfully

2024-10-31 21:46:59 - [MESSAGE][PASSED] - All options with value '12' are selected in object 'Object Repository/AdminSuiteBootstrap_Pages/VT_Bootstrap/SaleKeyboard/select_MM'  using regular expression

2024-10-31 21:47:00 - [MESSAGE][PASSED] - All options with value '2025' are selected in object 'Object Repository/AdminSuiteBootstrap_Pages/VT_Bootstrap/SaleKeyboard/select_YYYY'  using regular expression

2024-10-31 21:47:01 - [MESSAGE][PASSED] - Text '1478 Jhatka Palace' is set on object 'Object Repository/AdminSuiteBootstrap_Pages/VT_Bootstrap/SaleKeyboard/input__address'

2024-10-31 21:47:01 - [MESSAGE][PASSED] - Text 'Suite 500' is set on object 'Object Repository/AdminSuiteBootstrap_Pages/VT_Bootstrap/SaleKeyboard/input__address2'

2024-10-31 21:47:02 - [MESSAGE][PASSED] - Text '22201' is set on object 'Object Repository/AdminSuiteBootstrap_Pages/VT_Bootstrap/SaleKeyboard/input__zip'

2024-10-31 21:47:03 - [MESSAGE][PASSED] - Text 'john.doe43@domainsample' is set on object 'Object Repository/AdminSuiteBootstrap_Pages/VT_Bootstrap/SaleKeyboard/input_emailAddress'

2024-10-31 21:47:34 - [MESSAGE][INFO] - Unable to find the element located by 'By.xpath: //*[@type = 'TEXT' and @name = 'smsNumber' and @id = 'smsNumber']'. Please recheck the objects properties to make sure the desired element is located. 

2024-10-31 21:47:34 - [MESSAGE][WARNING] - [SELF-HEALING] Failed to find element with id 'Object Repository/AdminSuiteBootstrap_Pages/VT_Bootstrap/SaleKeyboard/input_smsNumber'. Try using Self-healing.

2024-10-31 21:47:35 - [MESSAGE][INFO] - Unable to find the element located by 'By.xpath: //input[@id='smsNumber']'. Please recheck the objects properties to make sure the desired element is located. 

2024-10-31 21:47:35 - [MESSAGE][INFO] - [SELF-HEALING] Failed Locator: '//input[@id='smsNumber']'.

2024-10-31 21:47:36 - [MESSAGE][INFO] - [SELF-HEALING] Failed Locator: '//form[@id='form1']/div/div/div[3]/div[8]/div[2]/div/input'.

2024-10-31 21:47:36 - [MESSAGE][INFO] - [SELF-HEALING] Failed Locator: '//div[8]/div[2]/div/input'.

2024-10-31 21:47:36 - [MESSAGE][INFO] - [SELF-HEALING] Failed Locator: '//input[@id='smsNumber']'.

2024-10-31 21:47:36 - [MESSAGE][INFO] - [SELF-HEALING] Failed Locator: '//form[@id='form1']/div/div/div[3]/div[8]/div[2]/div/input'.

2024-10-31 21:47:37 - [MESSAGE][INFO] - [SELF-HEALING] Failed Locator: '//div[8]/div[2]/div/input'.

2024-10-31 21:47:38 - [MESSAGE][INFO] - Unable to find the element located by 'By.cssSelector: #smsNumber'. Please recheck the objects properties to make sure the desired element is located. 

2024-10-31 21:47:38 - [MESSAGE][FAILED] - Unable to set text '' of object 'Object Repository/AdminSuiteBootstrap_Pages/VT_Bootstrap/SaleKeyboard/input_smsNumber' (Root cause: com.kms.katalon.core.exception.StepFailedException: Unable to set text '' of object 'Object Repository/AdminSuiteBootstrap_Pages/VT_Bootstrap/SaleKeyboard/input_smsNumber'
	at com.kms.katalon.core.webui.keyword.internal.WebUIKeywordMain.stepFailed(WebUIKeywordMain.groovy:64)
	at com.kms.katalon.core.webui.keyword.internal.WebUIKeywordMain.runKeyword(WebUIKeywordMain.groovy:26)
	at com.kms.katalon.core.webui.keyword.builtin.SetTextKeyword.setText(SetTextKeyword.groovy:66)
	at com.kms.katalon.core.webui.keyword.builtin.SetTextKeyword.execute(SetTextKeyword.groovy:37)
	at com.kms.katalon.core.keyword.internal.KeywordExecutor.executeKeywordForPlatform(KeywordExecutor.groovy:74)
	at com.kms.katalon.core.webui.keyword.WebUiBuiltInKeywords.setText(WebUiBuiltInKeywords.groovy:980)
	at com.kms.katalon.core.webui.keyword.WebUiBuiltInKeywords$setText$2.call(Unknown Source)
	at adminSuiteBootstrap.virtualTerminalSetData.saleKeyboard_DataDriven(virtualTerminalSetData.groovy:169)
	at adminSuiteBootstrap.virtualTerminalSetData.invokeMethod(virtualTerminalSetData.groovy)
	at com.kms.katalon.core.main.CustomKeywordDelegatingMetaClass.invokeStaticMethod(CustomKeywordDelegatingMetaClass.java:55)
	at SaleKeyboard_TP_AllCF_FieldVal_Generic_Error_TC.run(SaleKeyboard_TP_AllCF_FieldVal_Generic_Error_TC:124)
	at com.kms.katalon.core.main.ScriptEngine.run(ScriptEngine.java:194)
	at com.kms.katalon.core.main.ScriptEngine.runScriptAsRawText(ScriptEngine.java:119)
	at com.kms.katalon.core.main.TestCaseExecutor.runScript(TestCaseExecutor.java:448)
	at com.kms.katalon.core.main.TestCaseExecutor.doExecute(TestCaseExecutor.java:439)
	at com.kms.katalon.core.main.TestCaseExecutor.processExecutionPhase(TestCaseExecutor.java:418)
	at com.kms.katalon.core.main.TestCaseExecutor.accessMainPhase(TestCaseExecutor.java:410)
	at com.kms.katalon.core.main.TestCaseExecutor.execute(TestCaseExecutor.java:285)
	at com.kms.katalon.core.common.CommonExecutor.accessTestCaseMainPhase(CommonExecutor.java:65)
	at com.kms.katalon.core.main.TestSuiteExecutor.accessTestSuiteMainPhase(TestSuiteExecutor.java:148)
	at com.kms.katalon.core.main.TestSuiteExecutor.execute(TestSuiteExecutor.java:106)
	at com.kms.katalon.core.main.TestCaseMain.startTestSuite(TestCaseMain.java:187)
	at com.kms.katalon.core.main.TestCaseMain$startTestSuite$0.call(Unknown Source)
	at TempTestSuite1730425169576.run(TempTestSuite1730425169576.groovy:35)
Caused by: com.kms.katalon.core.webui.exception.WebElementNotFoundException: Web element with id: 'Object Repository/AdminSuiteBootstrap_Pages/VT_Bootstrap/SaleKeyboard/input_smsNumber' located by '//*[@type = 'TEXT' and @name = 'smsNumber' and @id = 'smsNumber']' not found
	at com.kms.katalon.core.webui.common.WebUiCommonHelper.findWebElement(WebUiCommonHelper.java:1381)
	at com.kms.katalon.core.webui.keyword.internal.WebUIAbstractKeyword.findWebElement(WebUIAbstractKeyword.groovy:27)
	at com.kms.katalon.core.webui.keyword.internal.WebUIAbstractKeyword.findWebElement(WebUIAbstractKeyword.groovy:26)
	at com.kms.katalon.core.webui.keyword.builtin.SetTextKeyword$_setText_closure1.doCall(SetTextKeyword.groovy:51)
	at com.kms.katalon.core.webui.keyword.builtin.SetTextKeyword$_setText_closure1.call(SetTextKeyword.groovy)
	at com.kms.katalon.core.webui.keyword.internal.WebUIKeywordMain.runKeyword(WebUIKeywordMain.groovy:20)
	at com.kms.katalon.core.webui.keyword.builtin.SetTextKeyword.setText(SetTextKeyword.groovy:66)
	at com.kms.katalon.core.webui.keyword.builtin.SetTextKeyword.execute(SetTextKeyword.groovy:37)
	at com.kms.katalon.core.keyword.internal.KeywordExecutor.executeKeywordForPlatform(KeywordExecutor.groovy:74)
	at com.kms.katalon.core.webui.keyword.WebUiBuiltInKeywords.setText(WebUiBuiltInKeywords.groovy:980)
	at com.kms.katalon.core.webui.keyword.WebUiBuiltInKeywords$setText$2.call(Unknown Source)
	at adminSuiteBootstrap.virtualTerminalSetData.saleKeyboard_DataDriven(virtualTerminalSetData.groovy:169)
	at adminSuiteBootstrap.virtualTerminalSetData.invokeMethod(virtualTerminalSetData.groovy)
	at com.kms.katalon.core.main.CustomKeywordDelegatingMetaClass.invokeStaticMethod(CustomKeywordDelegatingMetaClass.java:55)
	at Script1648241494239.run(Script1648241494239.groovy:124)
	... 13 more
)
[[ATTACHMENT|E:\\Cloned-Project-Katalon\\VPS-Katalon\\Reports\\20241031_213928\\QA\\VT-Bootstrap\\AdminSuiteBootstrap_MRF_TestSuite\\20241031_213929\\1730425658288.png]]

2024-10-31 21:47:39 - [MESSAGE][PASSED] - Text '10.50' is set on object 'Object Repository/AdminSuiteBootstrap_Pages/VT_Bootstrap/SaleKeyboard/input_amount'

2024-10-31 21:47:40 - [MESSAGE][PASSED] - Text 'Australia' is set on object 'Object Repository/AdminSuiteBootstrap_Pages/VT_Bootstrap/SaleKeyboard/input_userDefined1'

2024-10-31 21:47:41 - [MESSAGE][PASSED] - Text 'Denmark' is set on object 'Object Repository/AdminSuiteBootstrap_Pages/VT_Bootstrap/SaleKeyboard/input_userDefined2'

2024-10-31 21:47:41 - [MESSAGE][PASSED] - Text 'Sweden' is set on object 'Object Repository/AdminSuiteBootstrap_Pages/VT_Bootstrap/SaleKeyboard/input_userDefined3'

2024-10-31 21:47:42 - [MESSAGE][PASSED] - Text 'Austria' is set on object 'Object Repository/AdminSuiteBootstrap_Pages/VT_Bootstrap/SaleKeyboard/input_userDefined4'

2024-10-31 21:47:43 - [MESSAGE][PASSED] - All options with label 'Orange' are selected in object 'Object Repository/AdminSuiteBootstrap_Pages/VT_Bootstrap/SaleKeyboard/select_UDF5_DropDown'  using regular expression

2024-10-31 21:47:44 - [MESSAGE][PASSED] - All options with label 'Yellow' are selected in object 'Object Repository/AdminSuiteBootstrap_Pages/VT_Bootstrap/SaleKeyboard/select_UDF6_DropDown'  using regular expression

2024-10-31 21:47:44 - [MESSAGE][PASSED] - Text 'Norway' is set on object 'Object Repository/AdminSuiteBootstrap_Pages/VT_Bootstrap/SaleKeyboard/input_userDefined7'

2024-10-31 21:47:45 - [MESSAGE][PASSED] - Text 'Netherlands' is set on object 'Object Repository/AdminSuiteBootstrap_Pages/VT_Bootstrap/SaleKeyboard/input_userDefined8'

2024-10-31 21:47:46 - [MESSAGE][PASSED] - Text 'Switzerland' is set on object 'Object Repository/AdminSuiteBootstrap_Pages/VT_Bootstrap/SaleKeyboard/input_userDefined9'

2024-10-31 21:47:47 - [MESSAGE][PASSED] - Text 'France' is set on object 'Object Repository/AdminSuiteBootstrap_Pages/VT_Bootstrap/SaleKeyboard/input_userDefined10'

2024-10-31 21:47:48 - [MESSAGE][PASSED] - Object: 'Object Repository/AdminSuiteBootstrap_Pages/VT_Bootstrap/SaleKeyboard/button_Submit' is clicked on

2024-10-31 21:47:48 - [MESSAGE][FAILED] - com.kms.katalon.core.exception.StepFailedException: Unable to set text '' of object 'Object Repository/AdminSuiteBootstrap_Pages/VT_Bootstrap/SaleKeyboard/input_smsNumber' (Root cause: com.kms.katalon.core.exception.StepFailedException: Unable to set text '' of object 'Object Repository/AdminSuiteBootstrap_Pages/VT_Bootstrap/SaleKeyboard/input_smsNumber'
	at com.kms.katalon.core.webui.keyword.internal.WebUIKeywordMain.stepFailed(WebUIKeywordMain.groovy:64)
	at com.kms.katalon.core.webui.keyword.internal.WebUIKeywordMain.runKeyword(WebUIKeywordMain.groovy:26)
	at com.kms.katalon.core.webui.keyword.builtin.SetTextKeyword.setText(SetTextKeyword.groovy:66)
	at com.kms.katalon.core.webui.keyword.builtin.SetTextKeyword.execute(SetTextKeyword.groovy:37)
	at com.kms.katalon.core.keyword.internal.KeywordExecutor.executeKeywordForPlatform(KeywordExecutor.groovy:74)
	at com.kms.katalon.core.webui.keyword.WebUiBuiltInKeywords.setText(WebUiBuiltInKeywords.groovy:980)
	at com.kms.katalon.core.webui.keyword.WebUiBuiltInKeywords$setText$2.call(Unknown Source)
	at adminSuiteBootstrap.virtualTerminalSetData.saleKeyboard_DataDriven(virtualTerminalSetData.groovy:169)
	at adminSuiteBootstrap.virtualTerminalSetData.invokeMethod(virtualTerminalSetData.groovy)
	at com.kms.katalon.core.main.CustomKeywordDelegatingMetaClass.invokeStaticMethod(CustomKeywordDelegatingMetaClass.java:55)
	at SaleKeyboard_TP_AllCF_FieldVal_Generic_Error_TC.run(SaleKeyboard_TP_AllCF_FieldVal_Generic_Error_TC:124)
	at com.kms.katalon.core.main.ScriptEngine.run(ScriptEngine.java:194)
	at com.kms.katalon.core.main.ScriptEngine.runScriptAsRawText(ScriptEngine.java:119)
	at com.kms.katalon.core.main.TestCaseExecutor.runScript(TestCaseExecutor.java:448)
	at com.kms.katalon.core.main.TestCaseExecutor.doExecute(TestCaseExecutor.java:439)
	at com.kms.katalon.core.main.TestCaseExecutor.processExecutionPhase(TestCaseExecutor.java:418)
	at com.kms.katalon.core.main.TestCaseExecutor.accessMainPhase(TestCaseExecutor.java:410)
	at com.kms.katalon.core.main.TestCaseExecutor.execute(TestCaseExecutor.java:285)
	at com.kms.katalon.core.common.CommonExecutor.accessTestCaseMainPhase(CommonExecutor.java:65)
	at com.kms.katalon.core.main.TestSuiteExecutor.accessTestSuiteMainPhase(TestSuiteExecutor.java:148)
	at com.kms.katalon.core.main.TestSuiteExecutor.execute(TestSuiteExecutor.java:106)
	at com.kms.katalon.core.main.TestCaseMain.startTestSuite(TestCaseMain.java:187)
	at com.kms.katalon.core.main.TestCaseMain$startTestSuite$0.call(Unknown Source)
	at TempTestSuite1730425169576.run(TempTestSuite1730425169576.groovy:35)
Caused by: com.kms.katalon.core.webui.exception.WebElementNotFoundException: Web element with id: 'Object Repository/AdminSuiteBootstrap_Pages/VT_Bootstrap/SaleKeyboard/input_smsNumber' located by '//*[@type = 'TEXT' and @name = 'smsNumber' and @id = 'smsNumber']' not found
	at com.kms.katalon.core.webui.common.WebUiCommonHelper.findWebElement(WebUiCommonHelper.java:1381)
	at com.kms.katalon.core.webui.keyword.internal.WebUIAbstractKeyword.findWebElement(WebUIAbstractKeyword.groovy:27)
	at com.kms.katalon.core.webui.keyword.internal.WebUIAbstractKeyword.findWebElement(WebUIAbstractKeyword.groovy:26)
	at com.kms.katalon.core.webui.keyword.builtin.SetTextKeyword$_setText_closure1.doCall(SetTextKeyword.groovy:51)
	at com.kms.katalon.core.webui.keyword.builtin.SetTextKeyword$_setText_closure1.call(SetTextKeyword.groovy)
	at com.kms.katalon.core.webui.keyword.internal.WebUIKeywordMain.runKeyword(WebUIKeywordMain.groovy:20)
	at com.kms.katalon.core.webui.keyword.builtin.SetTextKeyword.setText(SetTextKeyword.groovy:66)
	at com.kms.katalon.core.webui.keyword.builtin.SetTextKeyword.execute(SetTextKeyword.groovy:37)
	at com.kms.katalon.core.keyword.internal.KeywordExecutor.executeKeywordForPlatform(KeywordExecutor.groovy:74)
	at com.kms.katalon.core.webui.keyword.WebUiBuiltInKeywords.setText(WebUiBuiltInKeywords.groovy:980)
	at com.kms.katalon.core.webui.keyword.WebUiBuiltInKeywords$setText$2.call(Unknown Source)
	at adminSuiteBootstrap.virtualTerminalSetData.saleKeyboard_DataDriven(virtualTerminalSetData.groovy:169)
	at adminSuiteBootstrap.virtualTerminalSetData.invokeMethod(virtualTerminalSetData.groovy)
	at com.kms.katalon.core.main.CustomKeywordDelegatingMetaClass.invokeStaticMethod(CustomKeywordDelegatingMetaClass.java:55)
	at Script1648241494239.run(Script1648241494239.groovy:124)
	... 13 more
)

2024-10-31 21:47:48 - [TEST_STEP][PASSED] - verifyError = findTestData(dataFile).getValue("VerifyError", row): null

2024-10-31 21:47:48 - [TEST_STEP][PASSED] - verifyTextPresent(verifyError, true): Text 'Email address is invalid' is present on page  using regular expression

2024-10-31 21:47:49 - [MESSAGE][PASSED] - Text 'Email address is invalid' is present on page  using regular expression

2024-10-31 21:47:49 - [TEST_STEP][PASSED] - closeBrowser(): Browser is closed

2024-10-31 21:47:50 - [MESSAGE][PASSED] - Browser is closed

2024-10-31 21:47:50 - [TEST_STEP][PASSED] - ExecuteTC = findTestData(dataFile).getValue("Execute", row): null

2024-10-31 21:47:50 - [TEST_STEP][PASSED] - out.println("Value of Execute is : " + ExecuteTC): null

2024-10-31 21:47:50 - [TEST_STEP][PASSED] - switch (executionProfile): null

2024-10-31 21:47:50 - [TEST_STEP][PASSED] - case "QA2Profile":: null

2024-10-31 21:47:50 - [TEST_STEP][PASSED] - appName = findTestData(dataFile).getValue("AppNameQA", row): null

2024-10-31 21:47:50 - [TEST_STEP][PASSED] - appID = findTestData(dataFile).getValue("AppIDQA", row): null

2024-10-31 21:47:50 - [TEST_STEP][PASSED] - break: null

2024-10-31 21:47:50 - [TEST_STEP][PASSED] - hrefAppID = li_1 + appID + li_2: null

2024-10-31 21:47:50 - [TEST_STEP][PASSED] - hrefApp = li_1 + appID + "/": null

2024-10-31 21:47:50 - [TEST_STEP][PASSED] - println("hrefApp : " + hrefApp): null

2024-10-31 21:47:50 - [TEST_STEP][FAILED] - if (ExecuteTC.equalsIgnoreCase("Y")): null

2024-10-31 21:47:50 - [TEST_STEP][PASSED] - out.println("Begin Record Number: " + row): null

2024-10-31 21:47:50 - [TEST_STEP][PASSED] - today = new java.util.Date(): null

2024-10-31 21:47:50 - [TEST_STEP][PASSED] - println(today): null

2024-10-31 21:47:50 - [TEST_STEP][PASSED] - datText = today: null

2024-10-31 21:47:50 - [TEST_STEP][PASSED] - adminSuiteBootstrap.loginFunctionality.login_AdminSuite(): adminSuiteBootstrap.loginFunctionality.login_AdminSuite is PASSED

2024-10-31 21:47:50 - [MESSAGE][INFO] - Starting 'Chrome' driver

2024-10-31 21:47:50 - [MESSAGE][INFO] - User set preference: ['acceptInsecureCerts', 'true']

2024-10-31 21:47:50 - [MESSAGE][INFO] - Action delay is set to 0 milliseconds

2024-10-31 21:47:52 - [MESSAGE][PASSED] - Browser is opened with url: 'https://qa2.velocitypayment.com/admin/imtiaz'

2024-10-31 21:47:53 - [MESSAGE][PASSED] - Current window maximized

2024-10-31 21:47:53 - [MESSAGE][PASSED] - Object 'Object Repository/Login_Page/Login_Username_Okta' is present

2024-10-31 21:47:54 - [MESSAGE][PASSED] - Text 'iahmed' is set on object 'Object Repository/Login_Page/Login_Username_Okta'

2024-10-31 21:47:55 - [MESSAGE][PASSED] - Text 'Hello!7777777' is set on object 'Object Repository/Login_Page/Login_Password_Okta'

2024-10-31 21:47:55 - [MESSAGE][PASSED] - Object: 'Object Repository/Login_Page/Login_Submit_Okta' is clicked on

2024-10-31 21:47:55 - [MESSAGE][PASSED] - adminSuiteBootstrap.loginFunctionality.login_AdminSuite is PASSED

2024-10-31 21:47:55 - [TEST_STEP][PASSED] - click(findTestObject(path_Dashboard + appName)): Object: 'Object Repository/AdminSuiteBootstrap_Pages/Dashboard_Bootstrap/a_Access AutoNoCFtp' is clicked on

2024-10-31 21:48:04 - [MESSAGE][PASSED] - Object: 'Object Repository/AdminSuiteBootstrap_Pages/Dashboard_Bootstrap/a_Access AutoNoCFtp' is clicked on

2024-10-31 21:48:04 - [TEST_STEP][PASSED] - click(findTestObject(path_VT + "button_Authorization  Capture (Sale)")): Object: 'Object Repository/AdminSuiteBootstrap_Pages/VT_Bootstrap/IssueTransactions/button_Authorization  Capture (Sale)' is clicked on

2024-10-31 21:48:04 - [MESSAGE][PASSED] - Object: 'Object Repository/AdminSuiteBootstrap_Pages/VT_Bootstrap/IssueTransactions/button_Authorization  Capture (Sale)' is clicked on

2024-10-31 21:48:04 - [TEST_STEP][PASSED] - saleKeyboardEntryLink = modifyObjectProperty(findTestObject(path_VT + "a_KeyboardEntry_Sale"), "href", "equals", hrefAppID, true): Modify property of object successfully

2024-10-31 21:48:04 - [MESSAGE][PASSED] - Modify property of object successfully

2024-10-31 21:48:04 - [TEST_STEP][PASSED] - click(saleKeyboardEntryLink): Object: 'Object Repository/AdminSuiteBootstrap_Pages/VT_Bootstrap/IssueTransactions/a_KeyboardEntry_Sale' is clicked on

2024-10-31 21:48:05 - [MESSAGE][PASSED] - Object: 'Object Repository/AdminSuiteBootstrap_Pages/VT_Bootstrap/IssueTransactions/a_KeyboardEntry_Sale' is clicked on

2024-10-31 21:48:05 - [TEST_STEP][FAILED] - adminSuiteBootstrap.virtualTerminalSetData.saleKeyboard_DataDriven(row, dataFile): com.kms.katalon.core.exception.StepFailedException: Unable to set text '12345' of object 'Object Repository/AdminSuiteBootstrap_Pages/VT_Bootstrap/SaleKeyboard/input_smsNumber' (Root cause: com.kms.katalon.core.exception.StepFailedException: Unable to set text '12345' of object 'Object Repository/AdminSuiteBootstrap_Pages/VT_Bootstrap/SaleKeyboard/input_smsNumber'
	at com.kms.katalon.core.webui.keyword.internal.WebUIKeywordMain.stepFailed(WebUIKeywordMain.groovy:64)
	at com.kms.katalon.core.webui.keyword.internal.WebUIKeywordMain.runKeyword(WebUIKeywordMain.groovy:26)
	at com.kms.katalon.core.webui.keyword.builtin.SetTextKeyword.setText(SetTextKeyword.groovy:66)
	at com.kms.katalon.core.webui.keyword.builtin.SetTextKeyword.execute(SetTextKeyword.groovy:37)
	at com.kms.katalon.core.keyword.internal.KeywordExecutor.executeKeywordForPlatform(KeywordExecutor.groovy:74)
	at com.kms.katalon.core.webui.keyword.WebUiBuiltInKeywords.setText(WebUiBuiltInKeywords.groovy:980)
	at com.kms.katalon.core.webui.keyword.WebUiBuiltInKeywords$setText$2.call(Unknown Source)
	at adminSuiteBootstrap.virtualTerminalSetData.saleKeyboard_DataDriven(virtualTerminalSetData.groovy:169)
	at adminSuiteBootstrap.virtualTerminalSetData.invokeMethod(virtualTerminalSetData.groovy)
	at com.kms.katalon.core.main.CustomKeywordDelegatingMetaClass.invokeStaticMethod(CustomKeywordDelegatingMetaClass.java:55)
	at SaleKeyboard_TP_AllCF_FieldVal_Generic_Error_TC.run(SaleKeyboard_TP_AllCF_FieldVal_Generic_Error_TC:124)
	at com.kms.katalon.core.main.ScriptEngine.run(ScriptEngine.java:194)
	at com.kms.katalon.core.main.ScriptEngine.runScriptAsRawText(ScriptEngine.java:119)
	at com.kms.katalon.core.main.TestCaseExecutor.runScript(TestCaseExecutor.java:448)
	at com.kms.katalon.core.main.TestCaseExecutor.doExecute(TestCaseExecutor.java:439)
	at com.kms.katalon.core.main.TestCaseExecutor.processExecutionPhase(TestCaseExecutor.java:418)
	at com.kms.katalon.core.main.TestCaseExecutor.accessMainPhase(TestCaseExecutor.java:410)
	at com.kms.katalon.core.main.TestCaseExecutor.execute(TestCaseExecutor.java:285)
	at com.kms.katalon.core.common.CommonExecutor.accessTestCaseMainPhase(CommonExecutor.java:65)
	at com.kms.katalon.core.main.TestSuiteExecutor.accessTestSuiteMainPhase(TestSuiteExecutor.java:148)
	at com.kms.katalon.core.main.TestSuiteExecutor.execute(TestSuiteExecutor.java:106)
	at com.kms.katalon.core.main.TestCaseMain.startTestSuite(TestCaseMain.java:187)
	at com.kms.katalon.core.main.TestCaseMain$startTestSuite$0.call(Unknown Source)
	at TempTestSuite1730425169576.run(TempTestSuite1730425169576.groovy:35)
Caused by: com.kms.katalon.core.webui.exception.WebElementNotFoundException: Web element with id: 'Object Repository/AdminSuiteBootstrap_Pages/VT_Bootstrap/SaleKeyboard/input_smsNumber' located by '//*[@type = 'TEXT' and @name = 'smsNumber' and @id = 'smsNumber']' not found
	at com.kms.katalon.core.webui.common.WebUiCommonHelper.findWebElement(WebUiCommonHelper.java:1381)
	at com.kms.katalon.core.webui.keyword.internal.WebUIAbstractKeyword.findWebElement(WebUIAbstractKeyword.groovy:27)
	at com.kms.katalon.core.webui.keyword.internal.WebUIAbstractKeyword.findWebElement(WebUIAbstractKeyword.groovy:26)
	at com.kms.katalon.core.webui.keyword.builtin.SetTextKeyword$_setText_closure1.doCall(SetTextKeyword.groovy:51)
	at com.kms.katalon.core.webui.keyword.builtin.SetTextKeyword$_setText_closure1.call(SetTextKeyword.groovy)
	at com.kms.katalon.core.webui.keyword.internal.WebUIKeywordMain.runKeyword(WebUIKeywordMain.groovy:20)
	at com.kms.katalon.core.webui.keyword.builtin.SetTextKeyword.setText(SetTextKeyword.groovy:66)
	at com.kms.katalon.core.webui.keyword.builtin.SetTextKeyword.execute(SetTextKeyword.groovy:37)
	at com.kms.katalon.core.keyword.internal.KeywordExecutor.executeKeywordForPlatform(KeywordExecutor.groovy:74)
	at com.kms.katalon.core.webui.keyword.WebUiBuiltInKeywords.setText(WebUiBuiltInKeywords.groovy:980)
	at com.kms.katalon.core.webui.keyword.WebUiBuiltInKeywords$setText$2.call(Unknown Source)
	at adminSuiteBootstrap.virtualTerminalSetData.saleKeyboard_DataDriven(virtualTerminalSetData.groovy:169)
	at adminSuiteBootstrap.virtualTerminalSetData.invokeMethod(virtualTerminalSetData.groovy)
	at com.kms.katalon.core.main.CustomKeywordDelegatingMetaClass.invokeStaticMethod(CustomKeywordDelegatingMetaClass.java:55)
	at Script1648241494239.run(Script1648241494239.groovy:124)
	... 13 more
)

2024-10-31 21:48:08 - [MESSAGE][PASSED] - Text 'Tulsi Raman' is set on object 'Object Repository/AdminSuiteBootstrap_Pages/VT_Bootstrap/SaleKeyboard/input_cardName'

2024-10-31 21:48:09 - [MESSAGE][PASSED] - All options with value 'RETL' are selected in object 'Object Repository/AdminSuiteBootstrap_Pages/VT_Bootstrap/SaleKeyboard/select_transactionCategory'  using regular expression

2024-10-31 21:48:09 - [MESSAGE][PASSED] - Execute JavaScript 'arguments[0].value ='4012000098765439' ' successfully

2024-10-31 21:48:10 - [MESSAGE][PASSED] - Execute JavaScript 'arguments[0].value ='123' ' successfully

2024-10-31 21:48:11 - [MESSAGE][PASSED] - All options with value '12' are selected in object 'Object Repository/AdminSuiteBootstrap_Pages/VT_Bootstrap/SaleKeyboard/select_MM'  using regular expression

2024-10-31 21:48:12 - [MESSAGE][PASSED] - All options with value '2025' are selected in object 'Object Repository/AdminSuiteBootstrap_Pages/VT_Bootstrap/SaleKeyboard/select_YYYY'  using regular expression

2024-10-31 21:48:12 - [MESSAGE][PASSED] - Text '36 Cornor Road' is set on object 'Object Repository/AdminSuiteBootstrap_Pages/VT_Bootstrap/SaleKeyboard/input__address'

2024-10-31 21:48:13 - [MESSAGE][PASSED] - Text 'Suite 500' is set on object 'Object Repository/AdminSuiteBootstrap_Pages/VT_Bootstrap/SaleKeyboard/input__address2'

2024-10-31 21:48:14 - [MESSAGE][PASSED] - Text '22201' is set on object 'Object Repository/AdminSuiteBootstrap_Pages/VT_Bootstrap/SaleKeyboard/input__zip'

2024-10-31 21:48:14 - [MESSAGE][PASSED] - Text '' is set on object 'Object Repository/AdminSuiteBootstrap_Pages/VT_Bootstrap/SaleKeyboard/input_emailAddress'

2024-10-31 21:48:46 - [MESSAGE][INFO] - Unable to find the element located by 'By.xpath: //*[@type = 'TEXT' and @name = 'smsNumber' and @id = 'smsNumber']'. Please recheck the objects properties to make sure the desired element is located. 

2024-10-31 21:48:46 - [MESSAGE][WARNING] - [SELF-HEALING] Failed to find element with id 'Object Repository/AdminSuiteBootstrap_Pages/VT_Bootstrap/SaleKeyboard/input_smsNumber'. Try using Self-healing.

2024-10-31 21:48:47 - [MESSAGE][INFO] - Unable to find the element located by 'By.xpath: //input[@id='smsNumber']'. Please recheck the objects properties to make sure the desired element is located. 

2024-10-31 21:48:47 - [MESSAGE][INFO] - [SELF-HEALING] Failed Locator: '//input[@id='smsNumber']'.

2024-10-31 21:48:47 - [MESSAGE][INFO] - [SELF-HEALING] Failed Locator: '//form[@id='form1']/div/div/div[3]/div[8]/div[2]/div/input'.

2024-10-31 21:48:47 - [MESSAGE][INFO] - [SELF-HEALING] Failed Locator: '//div[8]/div[2]/div/input'.

2024-10-31 21:48:48 - [MESSAGE][INFO] - [SELF-HEALING] Failed Locator: '//input[@id='smsNumber']'.

2024-10-31 21:48:48 - [MESSAGE][INFO] - [SELF-HEALING] Failed Locator: '//form[@id='form1']/div/div/div[3]/div[8]/div[2]/div/input'.

2024-10-31 21:48:48 - [MESSAGE][INFO] - [SELF-HEALING] Failed Locator: '//div[8]/div[2]/div/input'.

2024-10-31 21:48:49 - [MESSAGE][INFO] - Unable to find the element located by 'By.cssSelector: #smsNumber'. Please recheck the objects properties to make sure the desired element is located. 

2024-10-31 21:48:50 - [MESSAGE][FAILED] - Unable to set text '12345' of object 'Object Repository/AdminSuiteBootstrap_Pages/VT_Bootstrap/SaleKeyboard/input_smsNumber' (Root cause: com.kms.katalon.core.exception.StepFailedException: Unable to set text '12345' of object 'Object Repository/AdminSuiteBootstrap_Pages/VT_Bootstrap/SaleKeyboard/input_smsNumber'
	at com.kms.katalon.core.webui.keyword.internal.WebUIKeywordMain.stepFailed(WebUIKeywordMain.groovy:64)
	at com.kms.katalon.core.webui.keyword.internal.WebUIKeywordMain.runKeyword(WebUIKeywordMain.groovy:26)
	at com.kms.katalon.core.webui.keyword.builtin.SetTextKeyword.setText(SetTextKeyword.groovy:66)
	at com.kms.katalon.core.webui.keyword.builtin.SetTextKeyword.execute(SetTextKeyword.groovy:37)
	at com.kms.katalon.core.keyword.internal.KeywordExecutor.executeKeywordForPlatform(KeywordExecutor.groovy:74)
	at com.kms.katalon.core.webui.keyword.WebUiBuiltInKeywords.setText(WebUiBuiltInKeywords.groovy:980)
	at com.kms.katalon.core.webui.keyword.WebUiBuiltInKeywords$setText$2.call(Unknown Source)
	at adminSuiteBootstrap.virtualTerminalSetData.saleKeyboard_DataDriven(virtualTerminalSetData.groovy:169)
	at adminSuiteBootstrap.virtualTerminalSetData.invokeMethod(virtualTerminalSetData.groovy)
	at com.kms.katalon.core.main.CustomKeywordDelegatingMetaClass.invokeStaticMethod(CustomKeywordDelegatingMetaClass.java:55)
	at SaleKeyboard_TP_AllCF_FieldVal_Generic_Error_TC.run(SaleKeyboard_TP_AllCF_FieldVal_Generic_Error_TC:124)
	at com.kms.katalon.core.main.ScriptEngine.run(ScriptEngine.java:194)
	at com.kms.katalon.core.main.ScriptEngine.runScriptAsRawText(ScriptEngine.java:119)
	at com.kms.katalon.core.main.TestCaseExecutor.runScript(TestCaseExecutor.java:448)
	at com.kms.katalon.core.main.TestCaseExecutor.doExecute(TestCaseExecutor.java:439)
	at com.kms.katalon.core.main.TestCaseExecutor.processExecutionPhase(TestCaseExecutor.java:418)
	at com.kms.katalon.core.main.TestCaseExecutor.accessMainPhase(TestCaseExecutor.java:410)
	at com.kms.katalon.core.main.TestCaseExecutor.execute(TestCaseExecutor.java:285)
	at com.kms.katalon.core.common.CommonExecutor.accessTestCaseMainPhase(CommonExecutor.java:65)
	at com.kms.katalon.core.main.TestSuiteExecutor.accessTestSuiteMainPhase(TestSuiteExecutor.java:148)
	at com.kms.katalon.core.main.TestSuiteExecutor.execute(TestSuiteExecutor.java:106)
	at com.kms.katalon.core.main.TestCaseMain.startTestSuite(TestCaseMain.java:187)
	at com.kms.katalon.core.main.TestCaseMain$startTestSuite$0.call(Unknown Source)
	at TempTestSuite1730425169576.run(TempTestSuite1730425169576.groovy:35)
Caused by: com.kms.katalon.core.webui.exception.WebElementNotFoundException: Web element with id: 'Object Repository/AdminSuiteBootstrap_Pages/VT_Bootstrap/SaleKeyboard/input_smsNumber' located by '//*[@type = 'TEXT' and @name = 'smsNumber' and @id = 'smsNumber']' not found
	at com.kms.katalon.core.webui.common.WebUiCommonHelper.findWebElement(WebUiCommonHelper.java:1381)
	at com.kms.katalon.core.webui.keyword.internal.WebUIAbstractKeyword.findWebElement(WebUIAbstractKeyword.groovy:27)
	at com.kms.katalon.core.webui.keyword.internal.WebUIAbstractKeyword.findWebElement(WebUIAbstractKeyword.groovy:26)
	at com.kms.katalon.core.webui.keyword.builtin.SetTextKeyword$_setText_closure1.doCall(SetTextKeyword.groovy:51)
	at com.kms.katalon.core.webui.keyword.builtin.SetTextKeyword$_setText_closure1.call(SetTextKeyword.groovy)
	at com.kms.katalon.core.webui.keyword.internal.WebUIKeywordMain.runKeyword(WebUIKeywordMain.groovy:20)
	at com.kms.katalon.core.webui.keyword.builtin.SetTextKeyword.setText(SetTextKeyword.groovy:66)
	at com.kms.katalon.core.webui.keyword.builtin.SetTextKeyword.execute(SetTextKeyword.groovy:37)
	at com.kms.katalon.core.keyword.internal.KeywordExecutor.executeKeywordForPlatform(KeywordExecutor.groovy:74)
	at com.kms.katalon.core.webui.keyword.WebUiBuiltInKeywords.setText(WebUiBuiltInKeywords.groovy:980)
	at com.kms.katalon.core.webui.keyword.WebUiBuiltInKeywords$setText$2.call(Unknown Source)
	at adminSuiteBootstrap.virtualTerminalSetData.saleKeyboard_DataDriven(virtualTerminalSetData.groovy:169)
	at adminSuiteBootstrap.virtualTerminalSetData.invokeMethod(virtualTerminalSetData.groovy)
	at com.kms.katalon.core.main.CustomKeywordDelegatingMetaClass.invokeStaticMethod(CustomKeywordDelegatingMetaClass.java:55)
	at Script1648241494239.run(Script1648241494239.groovy:124)
	... 13 more
)
[[ATTACHMENT|E:\\Cloned-Project-Katalon\\VPS-Katalon\\Reports\\20241031_213928\\QA\\VT-Bootstrap\\AdminSuiteBootstrap_MRF_TestSuite\\20241031_213929\\1730425729884.png]]

2024-10-31 21:48:50 - [MESSAGE][PASSED] - Text '10.50' is set on object 'Object Repository/AdminSuiteBootstrap_Pages/VT_Bootstrap/SaleKeyboard/input_amount'

2024-10-31 21:48:51 - [MESSAGE][PASSED] - Text 'Australia' is set on object 'Object Repository/AdminSuiteBootstrap_Pages/VT_Bootstrap/SaleKeyboard/input_userDefined1'

2024-10-31 21:48:52 - [MESSAGE][PASSED] - Text 'Denmark' is set on object 'Object Repository/AdminSuiteBootstrap_Pages/VT_Bootstrap/SaleKeyboard/input_userDefined2'

2024-10-31 21:48:52 - [MESSAGE][PASSED] - Text 'Sweden' is set on object 'Object Repository/AdminSuiteBootstrap_Pages/VT_Bootstrap/SaleKeyboard/input_userDefined3'

2024-10-31 21:48:53 - [MESSAGE][PASSED] - Text 'Austria' is set on object 'Object Repository/AdminSuiteBootstrap_Pages/VT_Bootstrap/SaleKeyboard/input_userDefined4'

2024-10-31 21:48:54 - [MESSAGE][PASSED] - All options with label 'Orange' are selected in object 'Object Repository/AdminSuiteBootstrap_Pages/VT_Bootstrap/SaleKeyboard/select_UDF5_DropDown'  using regular expression

2024-10-31 21:48:55 - [MESSAGE][PASSED] - All options with label 'Yellow' are selected in object 'Object Repository/AdminSuiteBootstrap_Pages/VT_Bootstrap/SaleKeyboard/select_UDF6_DropDown'  using regular expression

2024-10-31 21:48:55 - [MESSAGE][PASSED] - Text 'Norway' is set on object 'Object Repository/AdminSuiteBootstrap_Pages/VT_Bootstrap/SaleKeyboard/input_userDefined7'

2024-10-31 21:48:56 - [MESSAGE][PASSED] - Text 'Netherlands' is set on object 'Object Repository/AdminSuiteBootstrap_Pages/VT_Bootstrap/SaleKeyboard/input_userDefined8'

2024-10-31 21:48:57 - [MESSAGE][PASSED] - Text 'Switzerland' is set on object 'Object Repository/AdminSuiteBootstrap_Pages/VT_Bootstrap/SaleKeyboard/input_userDefined9'

2024-10-31 21:48:57 - [MESSAGE][PASSED] - Text 'France' is set on object 'Object Repository/AdminSuiteBootstrap_Pages/VT_Bootstrap/SaleKeyboard/input_userDefined10'

2024-10-31 21:48:59 - [MESSAGE][PASSED] - Object: 'Object Repository/AdminSuiteBootstrap_Pages/VT_Bootstrap/SaleKeyboard/button_Submit' is clicked on

2024-10-31 21:48:59 - [MESSAGE][FAILED] - com.kms.katalon.core.exception.StepFailedException: Unable to set text '12345' of object 'Object Repository/AdminSuiteBootstrap_Pages/VT_Bootstrap/SaleKeyboard/input_smsNumber' (Root cause: com.kms.katalon.core.exception.StepFailedException: Unable to set text '12345' of object 'Object Repository/AdminSuiteBootstrap_Pages/VT_Bootstrap/SaleKeyboard/input_smsNumber'
	at com.kms.katalon.core.webui.keyword.internal.WebUIKeywordMain.stepFailed(WebUIKeywordMain.groovy:64)
	at com.kms.katalon.core.webui.keyword.internal.WebUIKeywordMain.runKeyword(WebUIKeywordMain.groovy:26)
	at com.kms.katalon.core.webui.keyword.builtin.SetTextKeyword.setText(SetTextKeyword.groovy:66)
	at com.kms.katalon.core.webui.keyword.builtin.SetTextKeyword.execute(SetTextKeyword.groovy:37)
	at com.kms.katalon.core.keyword.internal.KeywordExecutor.executeKeywordForPlatform(KeywordExecutor.groovy:74)
	at com.kms.katalon.core.webui.keyword.WebUiBuiltInKeywords.setText(WebUiBuiltInKeywords.groovy:980)
	at com.kms.katalon.core.webui.keyword.WebUiBuiltInKeywords$setText$2.call(Unknown Source)
	at adminSuiteBootstrap.virtualTerminalSetData.saleKeyboard_DataDriven(virtualTerminalSetData.groovy:169)
	at adminSuiteBootstrap.virtualTerminalSetData.invokeMethod(virtualTerminalSetData.groovy)
	at com.kms.katalon.core.main.CustomKeywordDelegatingMetaClass.invokeStaticMethod(CustomKeywordDelegatingMetaClass.java:55)
	at SaleKeyboard_TP_AllCF_FieldVal_Generic_Error_TC.run(SaleKeyboard_TP_AllCF_FieldVal_Generic_Error_TC:124)
	at com.kms.katalon.core.main.ScriptEngine.run(ScriptEngine.java:194)
	at com.kms.katalon.core.main.ScriptEngine.runScriptAsRawText(ScriptEngine.java:119)
	at com.kms.katalon.core.main.TestCaseExecutor.runScript(TestCaseExecutor.java:448)
	at com.kms.katalon.core.main.TestCaseExecutor.doExecute(TestCaseExecutor.java:439)
	at com.kms.katalon.core.main.TestCaseExecutor.processExecutionPhase(TestCaseExecutor.java:418)
	at com.kms.katalon.core.main.TestCaseExecutor.accessMainPhase(TestCaseExecutor.java:410)
	at com.kms.katalon.core.main.TestCaseExecutor.execute(TestCaseExecutor.java:285)
	at com.kms.katalon.core.common.CommonExecutor.accessTestCaseMainPhase(CommonExecutor.java:65)
	at com.kms.katalon.core.main.TestSuiteExecutor.accessTestSuiteMainPhase(TestSuiteExecutor.java:148)
	at com.kms.katalon.core.main.TestSuiteExecutor.execute(TestSuiteExecutor.java:106)
	at com.kms.katalon.core.main.TestCaseMain.startTestSuite(TestCaseMain.java:187)
	at com.kms.katalon.core.main.TestCaseMain$startTestSuite$0.call(Unknown Source)
	at TempTestSuite1730425169576.run(TempTestSuite1730425169576.groovy:35)
Caused by: com.kms.katalon.core.webui.exception.WebElementNotFoundException: Web element with id: 'Object Repository/AdminSuiteBootstrap_Pages/VT_Bootstrap/SaleKeyboard/input_smsNumber' located by '//*[@type = 'TEXT' and @name = 'smsNumber' and @id = 'smsNumber']' not found
	at com.kms.katalon.core.webui.common.WebUiCommonHelper.findWebElement(WebUiCommonHelper.java:1381)
	at com.kms.katalon.core.webui.keyword.internal.WebUIAbstractKeyword.findWebElement(WebUIAbstractKeyword.groovy:27)
	at com.kms.katalon.core.webui.keyword.internal.WebUIAbstractKeyword.findWebElement(WebUIAbstractKeyword.groovy:26)
	at com.kms.katalon.core.webui.keyword.builtin.SetTextKeyword$_setText_closure1.doCall(SetTextKeyword.groovy:51)
	at com.kms.katalon.core.webui.keyword.builtin.SetTextKeyword$_setText_closure1.call(SetTextKeyword.groovy)
	at com.kms.katalon.core.webui.keyword.internal.WebUIKeywordMain.runKeyword(WebUIKeywordMain.groovy:20)
	at com.kms.katalon.core.webui.keyword.builtin.SetTextKeyword.setText(SetTextKeyword.groovy:66)
	at com.kms.katalon.core.webui.keyword.builtin.SetTextKeyword.execute(SetTextKeyword.groovy:37)
	at com.kms.katalon.core.keyword.internal.KeywordExecutor.executeKeywordForPlatform(KeywordExecutor.groovy:74)
	at com.kms.katalon.core.webui.keyword.WebUiBuiltInKeywords.setText(WebUiBuiltInKeywords.groovy:980)
	at com.kms.katalon.core.webui.keyword.WebUiBuiltInKeywords$setText$2.call(Unknown Source)
	at adminSuiteBootstrap.virtualTerminalSetData.saleKeyboard_DataDriven(virtualTerminalSetData.groovy:169)
	at adminSuiteBootstrap.virtualTerminalSetData.invokeMethod(virtualTerminalSetData.groovy)
	at com.kms.katalon.core.main.CustomKeywordDelegatingMetaClass.invokeStaticMethod(CustomKeywordDelegatingMetaClass.java:55)
	at Script1648241494239.run(Script1648241494239.groovy:124)
	... 13 more
)

2024-10-31 21:48:59 - [TEST_STEP][PASSED] - verifyError = findTestData(dataFile).getValue("VerifyError", row): null

2024-10-31 21:48:59 - [TEST_STEP][FAILED] - verifyTextPresent(verifyError, true): Text 'Text Receipt Phone Number is invalid' is not present on page  using regular expression (Root cause: com.kms.katalon.core.exception.StepFailedException: Text 'Text Receipt Phone Number is invalid' is not present on page  using regular expression
	at com.kms.katalon.core.webui.keyword.internal.WebUIKeywordMain.stepFailed(WebUIKeywordMain.groovy:64)
	at com.kms.katalon.core.webui.keyword.builtin.VerifyTextPresentKeyword$_verifyTextPresent_closure1.doCall(VerifyTextPresentKeyword.groovy:79)
	at com.kms.katalon.core.webui.keyword.builtin.VerifyTextPresentKeyword$_verifyTextPresent_closure1.call(VerifyTextPresentKeyword.groovy)
	at com.kms.katalon.core.webui.keyword.internal.WebUIKeywordMain.runKeyword(WebUIKeywordMain.groovy:20)
	at com.kms.katalon.core.webui.keyword.builtin.VerifyTextPresentKeyword.verifyTextPresent(VerifyTextPresentKeyword.groovy:83)
	at com.kms.katalon.core.webui.keyword.builtin.VerifyTextPresentKeyword.execute(VerifyTextPresentKeyword.groovy:68)
	at com.kms.katalon.core.keyword.internal.KeywordExecutor.executeKeywordForPlatform(KeywordExecutor.groovy:74)
	at com.kms.katalon.core.webui.keyword.WebUiBuiltInKeywords.verifyTextPresent(WebUiBuiltInKeywords.groovy:1723)
	at com.kms.katalon.core.webui.keyword.WebUiBuiltInKeywords$verifyTextPresent$5.call(Unknown Source)
	at SaleKeyboard_TP_AllCF_FieldVal_Generic_Error_TC.run(SaleKeyboard_TP_AllCF_FieldVal_Generic_Error_TC:128)
	at com.kms.katalon.core.main.ScriptEngine.run(ScriptEngine.java:194)
	at com.kms.katalon.core.main.ScriptEngine.runScriptAsRawText(ScriptEngine.java:119)
	at com.kms.katalon.core.main.TestCaseExecutor.runScript(TestCaseExecutor.java:448)
	at com.kms.katalon.core.main.TestCaseExecutor.doExecute(TestCaseExecutor.java:439)
	at com.kms.katalon.core.main.TestCaseExecutor.processExecutionPhase(TestCaseExecutor.java:418)
	at com.kms.katalon.core.main.TestCaseExecutor.accessMainPhase(TestCaseExecutor.java:410)
	at com.kms.katalon.core.main.TestCaseExecutor.execute(TestCaseExecutor.java:285)
	at com.kms.katalon.core.common.CommonExecutor.accessTestCaseMainPhase(CommonExecutor.java:65)
	at com.kms.katalon.core.main.TestSuiteExecutor.accessTestSuiteMainPhase(TestSuiteExecutor.java:148)
	at com.kms.katalon.core.main.TestSuiteExecutor.execute(TestSuiteExecutor.java:106)
	at com.kms.katalon.core.main.TestCaseMain.startTestSuite(TestCaseMain.java:187)
	at com.kms.katalon.core.main.TestCaseMain$startTestSuite$0.call(Unknown Source)
	at TempTestSuite1730425169576.run(TempTestSuite1730425169576.groovy:35)
)

2024-10-31 21:49:00 - [MESSAGE][FAILED] - Text 'Text Receipt Phone Number is invalid' is not present on page  using regular expression (Root cause: com.kms.katalon.core.exception.StepFailedException: Text 'Text Receipt Phone Number is invalid' is not present on page  using regular expression
	at com.kms.katalon.core.webui.keyword.internal.WebUIKeywordMain.stepFailed(WebUIKeywordMain.groovy:64)
	at com.kms.katalon.core.webui.keyword.builtin.VerifyTextPresentKeyword$_verifyTextPresent_closure1.doCall(VerifyTextPresentKeyword.groovy:79)
	at com.kms.katalon.core.webui.keyword.builtin.VerifyTextPresentKeyword$_verifyTextPresent_closure1.call(VerifyTextPresentKeyword.groovy)
	at com.kms.katalon.core.webui.keyword.internal.WebUIKeywordMain.runKeyword(WebUIKeywordMain.groovy:20)
	at com.kms.katalon.core.webui.keyword.builtin.VerifyTextPresentKeyword.verifyTextPresent(VerifyTextPresentKeyword.groovy:83)
	at com.kms.katalon.core.webui.keyword.builtin.VerifyTextPresentKeyword.execute(VerifyTextPresentKeyword.groovy:68)
	at com.kms.katalon.core.keyword.internal.KeywordExecutor.executeKeywordForPlatform(KeywordExecutor.groovy:74)
	at com.kms.katalon.core.webui.keyword.WebUiBuiltInKeywords.verifyTextPresent(WebUiBuiltInKeywords.groovy:1723)
	at com.kms.katalon.core.webui.keyword.WebUiBuiltInKeywords$verifyTextPresent$5.call(Unknown Source)
	at SaleKeyboard_TP_AllCF_FieldVal_Generic_Error_TC.run(SaleKeyboard_TP_AllCF_FieldVal_Generic_Error_TC:128)
	at com.kms.katalon.core.main.ScriptEngine.run(ScriptEngine.java:194)
	at com.kms.katalon.core.main.ScriptEngine.runScriptAsRawText(ScriptEngine.java:119)
	at com.kms.katalon.core.main.TestCaseExecutor.runScript(TestCaseExecutor.java:448)
	at com.kms.katalon.core.main.TestCaseExecutor.doExecute(TestCaseExecutor.java:439)
	at com.kms.katalon.core.main.TestCaseExecutor.processExecutionPhase(TestCaseExecutor.java:418)
	at com.kms.katalon.core.main.TestCaseExecutor.accessMainPhase(TestCaseExecutor.java:410)
	at com.kms.katalon.core.main.TestCaseExecutor.execute(TestCaseExecutor.java:285)
	at com.kms.katalon.core.common.CommonExecutor.accessTestCaseMainPhase(CommonExecutor.java:65)
	at com.kms.katalon.core.main.TestSuiteExecutor.accessTestSuiteMainPhase(TestSuiteExecutor.java:148)
	at com.kms.katalon.core.main.TestSuiteExecutor.execute(TestSuiteExecutor.java:106)
	at com.kms.katalon.core.main.TestCaseMain.startTestSuite(TestCaseMain.java:187)
	at com.kms.katalon.core.main.TestCaseMain$startTestSuite$0.call(Unknown Source)
	at TempTestSuite1730425169576.run(TempTestSuite1730425169576.groovy:35)
)

2024-10-31 21:49:00 - [TEST_STEP][PASSED] - closeBrowser(): Browser is closed

2024-10-31 21:49:01 - [MESSAGE][PASSED] - Browser is closed]]></system-out>
         <system-err><![CDATA[2024-10-31 21:43:05 - [TEST_CASE][FAILED] - Test Cases/Admin Suite Bootstrap/VT_TestCases/SaleKeyboard_TP_AllCF_FieldVal_Generic_Error_TC: Test Cases/Admin Suite Bootstrap/VT_TestCases/SaleKeyboard_TP_AllCF_FieldVal_Generic_Error_TC FAILED.
Reason:
com.kms.katalon.core.exception.StepFailedException: Unable to set text '' of object 'Object Repository/AdminSuiteBootstrap_Pages/VT_Bootstrap/SaleKeyboard/input_smsNumber' (Root cause: com.kms.katalon.core.exception.StepFailedException: Unable to set text '' of object 'Object Repository/AdminSuiteBootstrap_Pages/VT_Bootstrap/SaleKeyboard/input_smsNumber'
	at com.kms.katalon.core.webui.keyword.internal.WebUIKeywordMain.stepFailed(WebUIKeywordMain.groovy:64)
	at com.kms.katalon.core.webui.keyword.internal.WebUIKeywordMain.runKeyword(WebUIKeywordMain.groovy:26)
	at com.kms.katalon.core.webui.keyword.builtin.SetTextKeyword.setText(SetTextKeyword.groovy:66)
	at com.kms.katalon.core.webui.keyword.builtin.SetTextKeyword.execute(SetTextKeyword.groovy:37)
	at com.kms.katalon.core.keyword.internal.KeywordExecutor.executeKeywordForPlatform(KeywordExecutor.groovy:74)
	at com.kms.katalon.core.webui.keyword.WebUiBuiltInKeywords.setText(WebUiBuiltInKeywords.groovy:980)
	at com.kms.katalon.core.webui.keyword.WebUiBuiltInKeywords$setText$2.call(Unknown Source)
	at adminSuiteBootstrap.virtualTerminalSetData.saleKeyboard_DataDriven(virtualTerminalSetData.groovy:169)
	at adminSuiteBootstrap.virtualTerminalSetData.invokeMethod(virtualTerminalSetData.groovy)
	at com.kms.katalon.core.main.CustomKeywordDelegatingMetaClass.invokeStaticMethod(CustomKeywordDelegatingMetaClass.java:55)
	at SaleKeyboard_TP_AllCF_FieldVal_Generic_Error_TC.run(SaleKeyboard_TP_AllCF_FieldVal_Generic_Error_TC:124)
	at com.kms.katalon.core.main.ScriptEngine.run(ScriptEngine.java:194)
	at com.kms.katalon.core.main.ScriptEngine.runScriptAsRawText(ScriptEngine.java:119)
	at com.kms.katalon.core.main.TestCaseExecutor.runScript(TestCaseExecutor.java:448)
	at com.kms.katalon.core.main.TestCaseExecutor.doExecute(TestCaseExecutor.java:439)
	at com.kms.katalon.core.main.TestCaseExecutor.processExecutionPhase(TestCaseExecutor.java:418)
	at com.kms.katalon.core.main.TestCaseExecutor.accessMainPhase(TestCaseExecutor.java:410)
	at com.kms.katalon.core.main.TestCaseExecutor.execute(TestCaseExecutor.java:285)
	at com.kms.katalon.core.common.CommonExecutor.accessTestCaseMainPhase(CommonExecutor.java:65)
	at com.kms.katalon.core.main.TestSuiteExecutor.accessTestSuiteMainPhase(TestSuiteExecutor.java:148)
	at com.kms.katalon.core.main.TestSuiteExecutor.execute(TestSuiteExecutor.java:106)
	at com.kms.katalon.core.main.TestCaseMain.startTestSuite(TestCaseMain.java:187)
	at com.kms.katalon.core.main.TestCaseMain$startTestSuite$0.call(Unknown Source)
	at TempTestSuite1730425169576.run(TempTestSuite1730425169576.groovy:35)
Caused by: com.kms.katalon.core.webui.exception.WebElementNotFoundException: Web element with id: 'Object Repository/AdminSuiteBootstrap_Pages/VT_Bootstrap/SaleKeyboard/input_smsNumber' located by '//*[@type = 'TEXT' and @name = 'smsNumber' and @id = 'smsNumber']' not found
	at com.kms.katalon.core.webui.common.WebUiCommonHelper.findWebElement(WebUiCommonHelper.java:1381)
	at com.kms.katalon.core.webui.keyword.internal.WebUIAbstractKeyword.findWebElement(WebUIAbstractKeyword.groovy:27)
	at com.kms.katalon.core.webui.keyword.internal.WebUIAbstractKeyword.findWebElement(WebUIAbstractKeyword.groovy:26)
	at com.kms.katalon.core.webui.keyword.builtin.SetTextKeyword$_setText_closure1.doCall(SetTextKeyword.groovy:51)
	at com.kms.katalon.core.webui.keyword.builtin.SetTextKeyword$_setText_closure1.call(SetTextKeyword.groovy)
	at com.kms.katalon.core.webui.keyword.internal.WebUIKeywordMain.runKeyword(WebUIKeywordMain.groovy:20)
	at com.kms.katalon.core.webui.keyword.builtin.SetTextKeyword.setText(SetTextKeyword.groovy:66)
	at com.kms.katalon.core.webui.keyword.builtin.SetTextKeyword.execute(SetTextKeyword.groovy:37)
	at com.kms.katalon.core.keyword.internal.KeywordExecutor.executeKeywordForPlatform(KeywordExecutor.groovy:74)
	at com.kms.katalon.core.webui.keyword.WebUiBuiltInKeywords.setText(WebUiBuiltInKeywords.groovy:980)
	at com.kms.katalon.core.webui.keyword.WebUiBuiltInKeywords$setText$2.call(Unknown Source)
	at adminSuiteBootstrap.virtualTerminalSetData.saleKeyboard_DataDriven(virtualTerminalSetData.groovy:169)
	at adminSuiteBootstrap.virtualTerminalSetData.invokeMethod(virtualTerminalSetData.groovy)
	at com.kms.katalon.core.main.CustomKeywordDelegatingMetaClass.invokeStaticMethod(CustomKeywordDelegatingMetaClass.java:55)
	at Script1648241494239.run(Script1648241494239.groovy:124)
	... 13 more
)
	at com.kms.katalon.core.keyword.internal.KeywordMain.stepFailed(KeywordMain.groovy:39)
	at com.kms.katalon.core.webui.keyword.internal.WebUIKeywordMain.stepFailed(WebUIKeywordMain.groovy:64)
	at com.kms.katalon.core.webui.keyword.internal.WebUIKeywordMain.runKeyword(WebUIKeywordMain.groovy:26)
	at com.kms.katalon.core.webui.keyword.builtin.SetTextKeyword.setText(SetTextKeyword.groovy:66)
	at com.kms.katalon.core.webui.keyword.builtin.SetTextKeyword.execute(SetTextKeyword.groovy:37)
	at com.kms.katalon.core.keyword.internal.KeywordExecutor.executeKeywordForPlatform(KeywordExecutor.groovy:74)
	at com.kms.katalon.core.webui.keyword.WebUiBuiltInKeywords.setText(WebUiBuiltInKeywords.groovy:980)
	at com.kms.katalon.core.webui.keyword.WebUiBuiltInKeywords$setText$2.call(Unknown Source)
	at adminSuiteBootstrap.virtualTerminalSetData.saleKeyboard_DataDriven(virtualTerminalSetData.groovy:169)
	at adminSuiteBootstrap.virtualTerminalSetData.invokeMethod(virtualTerminalSetData.groovy)
	at com.kms.katalon.core.main.CustomKeywordDelegatingMetaClass.invokeStaticMethod(CustomKeywordDelegatingMetaClass.java:55)
	at SaleKeyboard_TP_AllCF_FieldVal_Generic_Error_TC.run(SaleKeyboard_TP_AllCF_FieldVal_Generic_Error_TC:124)
	at com.kms.katalon.core.main.ScriptEngine.run(ScriptEngine.java:194)
	at com.kms.katalon.core.main.ScriptEngine.runScriptAsRawText(ScriptEngine.java:119)
	at com.kms.katalon.core.main.TestCaseExecutor.runScript(TestCaseExecutor.java:448)
	at com.kms.katalon.core.main.TestCaseExecutor.doExecute(TestCaseExecutor.java:439)
	at com.kms.katalon.core.main.TestCaseExecutor.processExecutionPhase(TestCaseExecutor.java:418)
	at com.kms.katalon.core.main.TestCaseExecutor.accessMainPhase(TestCaseExecutor.java:410)
	at com.kms.katalon.core.main.TestCaseExecutor.execute(TestCaseExecutor.java:285)
	at com.kms.katalon.core.common.CommonExecutor.accessTestCaseMainPhase(CommonExecutor.java:65)
	at com.kms.katalon.core.main.TestSuiteExecutor.accessTestSuiteMainPhase(TestSuiteExecutor.java:148)
	at com.kms.katalon.core.main.TestSuiteExecutor.execute(TestSuiteExecutor.java:106)
	at com.kms.katalon.core.main.TestCaseMain.startTestSuite(TestCaseMain.java:187)
	at com.kms.katalon.core.main.TestCaseMain$startTestSuite$0.call(Unknown Source)
	at TempTestSuite1730425169576.run(TempTestSuite1730425169576.groovy:35)
Caused by: com.kms.katalon.core.exception.StepFailedException: Unable to set text '' of object 'Object Repository/AdminSuiteBootstrap_Pages/VT_Bootstrap/SaleKeyboard/input_smsNumber'
	... 24 more
Caused by: com.kms.katalon.core.webui.exception.WebElementNotFoundException: Web element with id: 'Object Repository/AdminSuiteBootstrap_Pages/VT_Bootstrap/SaleKeyboard/input_smsNumber' located by '//*[@type = 'TEXT' and @name = 'smsNumber' and @id = 'smsNumber']' not found
	at com.kms.katalon.core.webui.common.WebUiCommonHelper.findWebElement(WebUiCommonHelper.java:1381)
	at com.kms.katalon.core.webui.keyword.internal.WebUIAbstractKeyword.findWebElement(WebUIAbstractKeyword.groovy:27)
	at com.kms.katalon.core.webui.keyword.internal.WebUIAbstractKeyword.findWebElement(WebUIAbstractKeyword.groovy:26)
	at com.kms.katalon.core.webui.keyword.builtin.SetTextKeyword$_setText_closure1.doCall(SetTextKeyword.groovy:51)
	at com.kms.katalon.core.webui.keyword.builtin.SetTextKeyword$_setText_closure1.call(SetTextKeyword.groovy)
	at com.kms.katalon.core.webui.keyword.internal.WebUIKeywordMain.runKeyword(WebUIKeywordMain.groovy:20)
	... 22 more]]></system-err>
      </testcase>
      <testcase name="Test Cases/Admin Suite Bootstrap/VT_ACH_TestCases/DebitPersonal_ConfirmACNum_Error_TC" time="145.448" classname="Test Cases/Admin Suite Bootstrap/VT_ACH_TestCases/DebitPersonal_ConfirmACNum_Error_TC" status="FAILED">
         <failure type="FAILED" message="Test Cases/Admin Suite Bootstrap/VT_ACH_TestCases/DebitPersonal_ConfirmACNum_Error_TC FAILED.
Reason:
com.kms.katalon.core.exception.StepFailedException: Unable to set text '' of object 'Object Repository/AdminSuiteBootstrap_Pages/VT_Bootstrap/ACHPersonal/input_smsNumber' (Root cause: com.kms.katalon.core.exception.StepFailedException: Unable to set text '' of object 'Object Repository/AdminSuiteBootstrap_Pages/VT_Bootstrap/ACHPersonal/input_smsNumber'
	at com.kms.katalon.core.webui.keyword.internal.WebUIKeywordMain.stepFailed(WebUIKeywordMain.groovy:64)
	at com.kms.katalon.core.webui.keyword.internal.WebUIKeywordMain.runKeyword(WebUIKeywordMain.groovy:26)
	at com.kms.katalon.core.webui.keyword.builtin.SetTextKeyword.setText(SetTextKeyword.groovy:66)
	at com.kms.katalon.core.webui.keyword.builtin.SetTextKeyword.execute(SetTextKeyword.groovy:37)
	at com.kms.katalon.core.keyword.internal.KeywordExecutor.executeKeywordForPlatform(KeywordExecutor.groovy:74)
	at com.kms.katalon.core.webui.keyword.WebUiBuiltInKeywords.setText(WebUiBuiltInKeywords.groovy:980)
	at com.kms.katalon.core.webui.keyword.WebUiBuiltInKeywords$setText$2.call(Unknown Source)
	at adminSuiteBootstrap.debitPersonalsetData.debitPersonal_DataDriven(debitPersonalsetData.groovy:68)
	at adminSuiteBootstrap.debitPersonalsetData.invokeMethod(debitPersonalsetData.groovy)
	at com.kms.katalon.core.main.CustomKeywordDelegatingMetaClass.invokeStaticMethod(CustomKeywordDelegatingMetaClass.java:55)
	at DebitPersonal_ConfirmACNum_Error_TC.run(DebitPersonal_ConfirmACNum_Error_TC:129)
	at com.kms.katalon.core.main.ScriptEngine.run(ScriptEngine.java:194)
	at com.kms.katalon.core.main.ScriptEngine.runScriptAsRawText(ScriptEngine.java:119)
	at com.kms.katalon.core.main.TestCaseExecutor.runScript(TestCaseExecutor.java:448)
	at com.kms.katalon.core.main.TestCaseExecutor.doExecute(TestCaseExecutor.java:439)
	at com.kms.katalon.core.main.TestCaseExecutor.processExecutionPhase(TestCaseExecutor.java:418)
	at com.kms.katalon.core.main.TestCaseExecutor.accessMainPhase(TestCaseExecutor.java:410)
	at com.kms.katalon.core.main.TestCaseExecutor.execute(TestCaseExecutor.java:285)
	at com.kms.katalon.core.common.CommonExecutor.accessTestCaseMainPhase(CommonExecutor.java:65)
	at com.kms.katalon.core.main.TestSuiteExecutor.accessTestSuiteMainPhase(TestSuiteExecutor.java:148)
	at com.kms.katalon.core.main.TestSuiteExecutor.execute(TestSuiteExecutor.java:106)
	at com.kms.katalon.core.main.TestCaseMain.startTestSuite(TestCaseMain.java:187)
	at com.kms.katalon.core.main.TestCaseMain$startTestSuite$0.call(Unknown Source)
	at TempTestSuite1730425169576.run(TempTestSuite1730425169576.groovy:35)
Caused by: com.kms.katalon.core.webui.exception.WebElementNotFoundException: Web element with id: 'Object Repository/AdminSuiteBootstrap_Pages/VT_Bootstrap/ACHPersonal/input_smsNumber' located by '//*[@type = 'TEXT' and @name = 'smsNumber' and @id = 'smsNumber']' not found
	at com.kms.katalon.core.webui.common.WebUiCommonHelper.findWebElement(WebUiCommonHelper.java:1381)
	at com.kms.katalon.core.webui.keyword.internal.WebUIAbstractKeyword.findWebElement(WebUIAbstractKeyword.groovy:27)
	at com.kms.katalon.core.webui.keyword.internal.WebUIAbstractKeyword.findWebElement(WebUIAbstractKeyword.groovy:26)
	at com.kms.katalon.core.webui.keyword.builtin.SetTextKeyword$_setText_closure1.doCall(SetTextKeyword.groovy:51)
	at com.kms.katalon.core.webui.keyword.builtin.SetTextKeyword$_setText_closure1.call(SetTextKeyword.groovy)
	at com.kms.katalon.core.webui.keyword.internal.WebUIKeywordMain.runKeyword(WebUIKeywordMain.groovy:20)
	at com.kms.katalon.core.webui.keyword.builtin.SetTextKeyword.setText(SetTextKeyword.groovy:66)
	at com.kms.katalon.core.webui.keyword.builtin.SetTextKeyword.execute(SetTextKeyword.groovy:37)
	at com.kms.katalon.core.keyword.internal.KeywordExecutor.executeKeywordForPlatform(KeywordExecutor.groovy:74)
	at com.kms.katalon.core.webui.keyword.WebUiBuiltInKeywords.setText(WebUiBuiltInKeywords.groovy:980)
	at com.kms.katalon.core.webui.keyword.WebUiBuiltInKeywords$setText$2.call(Unknown Source)
	at adminSuiteBootstrap.debitPersonalsetData.debitPersonal_DataDriven(debitPersonalsetData.groovy:68)
	at adminSuiteBootstrap.debitPersonalsetData.invokeMethod(debitPersonalsetData.groovy)
	at com.kms.katalon.core.main.CustomKeywordDelegatingMetaClass.invokeStaticMethod(CustomKeywordDelegatingMetaClass.java:55)
	at Script1649100571514.run(Script1649100571514.groovy:129)
	... 13 more
)
	at com.kms.katalon.core.keyword.internal.KeywordMain.stepFailed(KeywordMain.groovy:39)
	at com.kms.katalon.core.webui.keyword.internal.WebUIKeywordMain.stepFailed(WebUIKeywordMain.groovy:64)
	at com.kms.katalon.core.webui.keyword.internal.WebUIKeywordMain.runKeyword(WebUIKeywordMain.groovy:26)
	at com.kms.katalon.core.webui.keyword.builtin.SetTextKeyword.setText(SetTextKeyword.groovy:66)
	at com.kms.katalon.core.webui.keyword.builtin.SetTextKeyword.execute(SetTextKeyword.groovy:37)
	at com.kms.katalon.core.keyword.internal.KeywordExecutor.executeKeywordForPlatform(KeywordExecutor.groovy:74)
	at com.kms.katalon.core.webui.keyword.WebUiBuiltInKeywords.setText(WebUiBuiltInKeywords.groovy:980)
	at com.kms.katalon.core.webui.keyword.WebUiBuiltInKeywords$setText$2.call(Unknown Source)
	at adminSuiteBootstrap.debitPersonalsetData.debitPersonal_DataDriven(debitPersonalsetData.groovy:68)
	at adminSuiteBootstrap.debitPersonalsetData.invokeMethod(debitPersonalsetData.groovy)
	at com.kms.katalon.core.main.CustomKeywordDelegatingMetaClass.invokeStaticMethod(CustomKeywordDelegatingMetaClass.java:55)
	at DebitPersonal_ConfirmACNum_Error_TC.run(DebitPersonal_ConfirmACNum_Error_TC:129)
	at com.kms.katalon.core.main.ScriptEngine.run(ScriptEngine.java:194)
	at com.kms.katalon.core.main.ScriptEngine.runScriptAsRawText(ScriptEngine.java:119)
	at com.kms.katalon.core.main.TestCaseExecutor.runScript(TestCaseExecutor.java:448)
	at com.kms.katalon.core.main.TestCaseExecutor.doExecute(TestCaseExecutor.java:439)
	at com.kms.katalon.core.main.TestCaseExecutor.processExecutionPhase(TestCaseExecutor.java:418)
	at com.kms.katalon.core.main.TestCaseExecutor.accessMainPhase(TestCaseExecutor.java:410)
	at com.kms.katalon.core.main.TestCaseExecutor.execute(TestCaseExecutor.java:285)
	at com.kms.katalon.core.common.CommonExecutor.accessTestCaseMainPhase(CommonExecutor.java:65)
	at com.kms.katalon.core.main.TestSuiteExecutor.accessTestSuiteMainPhase(TestSuiteExecutor.java:148)
	at com.kms.katalon.core.main.TestSuiteExecutor.execute(TestSuiteExecutor.java:106)
	at com.kms.katalon.core.main.TestCaseMain.startTestSuite(TestCaseMain.java:187)
	at com.kms.katalon.core.main.TestCaseMain$startTestSuite$0.call(Unknown Source)
	at TempTestSuite1730425169576.run(TempTestSuite1730425169576.groovy:35)
Caused by: com.kms.katalon.core.exception.StepFailedException: Unable to set text '' of object 'Object Repository/AdminSuiteBootstrap_Pages/VT_Bootstrap/ACHPersonal/input_smsNumber'
	... 24 more
Caused by: com.kms.katalon.core.webui.exception.WebElementNotFoundException: Web element with id: 'Object Repository/AdminSuiteBootstrap_Pages/VT_Bootstrap/ACHPersonal/input_smsNumber' located by '//*[@type = 'TEXT' and @name = 'smsNumber' and @id = 'smsNumber']' not found
	at com.kms.katalon.core.webui.common.WebUiCommonHelper.findWebElement(WebUiCommonHelper.java:1381)
	at com.kms.katalon.core.webui.keyword.internal.WebUIAbstractKeyword.findWebElement(WebUIAbstractKeyword.groovy:27)
	at com.kms.katalon.core.webui.keyword.internal.WebUIAbstractKeyword.findWebElement(WebUIAbstractKeyword.groovy:26)
	at com.kms.katalon.core.webui.keyword.builtin.SetTextKeyword$_setText_closure1.doCall(SetTextKeyword.groovy:51)
	at com.kms.katalon.core.webui.keyword.builtin.SetTextKeyword$_setText_closure1.call(SetTextKeyword.groovy)
	at com.kms.katalon.core.webui.keyword.internal.WebUIKeywordMain.runKeyword(WebUIKeywordMain.groovy:20)
	... 22 more
"/>
         <system-out><![CDATA[2024-10-31 21:49:01 - [TEST_CASE][FAILED] - Test Cases/Admin Suite Bootstrap/VT_ACH_TestCases/DebitPersonal_ConfirmACNum_Error_TC: Test Cases/Admin Suite Bootstrap/VT_ACH_TestCases/DebitPersonal_ConfirmACNum_Error_TC FAILED.
Reason:
com.kms.katalon.core.exception.StepFailedException: Unable to set text '' of object 'Object Repository/AdminSuiteBootstrap_Pages/VT_Bootstrap/ACHPersonal/input_smsNumber' (Root cause: com.kms.katalon.core.exception.StepFailedException: Unable to set text '' of object 'Object Repository/AdminSuiteBootstrap_Pages/VT_Bootstrap/ACHPersonal/input_smsNumber'
	at com.kms.katalon.core.webui.keyword.internal.WebUIKeywordMain.stepFailed(WebUIKeywordMain.groovy:64)
	at com.kms.katalon.core.webui.keyword.internal.WebUIKeywordMain.runKeyword(WebUIKeywordMain.groovy:26)
	at com.kms.katalon.core.webui.keyword.builtin.SetTextKeyword.setText(SetTextKeyword.groovy:66)
	at com.kms.katalon.core.webui.keyword.builtin.SetTextKeyword.execute(SetTextKeyword.groovy:37)
	at com.kms.katalon.core.keyword.internal.KeywordExecutor.executeKeywordForPlatform(KeywordExecutor.groovy:74)
	at com.kms.katalon.core.webui.keyword.WebUiBuiltInKeywords.setText(WebUiBuiltInKeywords.groovy:980)
	at com.kms.katalon.core.webui.keyword.WebUiBuiltInKeywords$setText$2.call(Unknown Source)
	at adminSuiteBootstrap.debitPersonalsetData.debitPersonal_DataDriven(debitPersonalsetData.groovy:68)
	at adminSuiteBootstrap.debitPersonalsetData.invokeMethod(debitPersonalsetData.groovy)
	at com.kms.katalon.core.main.CustomKeywordDelegatingMetaClass.invokeStaticMethod(CustomKeywordDelegatingMetaClass.java:55)
	at DebitPersonal_ConfirmACNum_Error_TC.run(DebitPersonal_ConfirmACNum_Error_TC:129)
	at com.kms.katalon.core.main.ScriptEngine.run(ScriptEngine.java:194)
	at com.kms.katalon.core.main.ScriptEngine.runScriptAsRawText(ScriptEngine.java:119)
	at com.kms.katalon.core.main.TestCaseExecutor.runScript(TestCaseExecutor.java:448)
	at com.kms.katalon.core.main.TestCaseExecutor.doExecute(TestCaseExecutor.java:439)
	at com.kms.katalon.core.main.TestCaseExecutor.processExecutionPhase(TestCaseExecutor.java:418)
	at com.kms.katalon.core.main.TestCaseExecutor.accessMainPhase(TestCaseExecutor.java:410)
	at com.kms.katalon.core.main.TestCaseExecutor.execute(TestCaseExecutor.java:285)
	at com.kms.katalon.core.common.CommonExecutor.accessTestCaseMainPhase(CommonExecutor.java:65)
	at com.kms.katalon.core.main.TestSuiteExecutor.accessTestSuiteMainPhase(TestSuiteExecutor.java:148)
	at com.kms.katalon.core.main.TestSuiteExecutor.execute(TestSuiteExecutor.java:106)
	at com.kms.katalon.core.main.TestCaseMain.startTestSuite(TestCaseMain.java:187)
	at com.kms.katalon.core.main.TestCaseMain$startTestSuite$0.call(Unknown Source)
	at TempTestSuite1730425169576.run(TempTestSuite1730425169576.groovy:35)
Caused by: com.kms.katalon.core.webui.exception.WebElementNotFoundException: Web element with id: 'Object Repository/AdminSuiteBootstrap_Pages/VT_Bootstrap/ACHPersonal/input_smsNumber' located by '//*[@type = 'TEXT' and @name = 'smsNumber' and @id = 'smsNumber']' not found
	at com.kms.katalon.core.webui.common.WebUiCommonHelper.findWebElement(WebUiCommonHelper.java:1381)
	at com.kms.katalon.core.webui.keyword.internal.WebUIAbstractKeyword.findWebElement(WebUIAbstractKeyword.groovy:27)
	at com.kms.katalon.core.webui.keyword.internal.WebUIAbstractKeyword.findWebElement(WebUIAbstractKeyword.groovy:26)
	at com.kms.katalon.core.webui.keyword.builtin.SetTextKeyword$_setText_closure1.doCall(SetTextKeyword.groovy:51)
	at com.kms.katalon.core.webui.keyword.builtin.SetTextKeyword$_setText_closure1.call(SetTextKeyword.groovy)
	at com.kms.katalon.core.webui.keyword.internal.WebUIKeywordMain.runKeyword(WebUIKeywordMain.groovy:20)
	at com.kms.katalon.core.webui.keyword.builtin.SetTextKeyword.setText(SetTextKeyword.groovy:66)
	at com.kms.katalon.core.webui.keyword.builtin.SetTextKeyword.execute(SetTextKeyword.groovy:37)
	at com.kms.katalon.core.keyword.internal.KeywordExecutor.executeKeywordForPlatform(KeywordExecutor.groovy:74)
	at com.kms.katalon.core.webui.keyword.WebUiBuiltInKeywords.setText(WebUiBuiltInKeywords.groovy:980)
	at com.kms.katalon.core.webui.keyword.WebUiBuiltInKeywords$setText$2.call(Unknown Source)
	at adminSuiteBootstrap.debitPersonalsetData.debitPersonal_DataDriven(debitPersonalsetData.groovy:68)
	at adminSuiteBootstrap.debitPersonalsetData.invokeMethod(debitPersonalsetData.groovy)
	at com.kms.katalon.core.main.CustomKeywordDelegatingMetaClass.invokeStaticMethod(CustomKeywordDelegatingMetaClass.java:55)
	at Script1649100571514.run(Script1649100571514.groovy:129)
	... 13 more
)
	at com.kms.katalon.core.keyword.internal.KeywordMain.stepFailed(KeywordMain.groovy:39)
	at com.kms.katalon.core.webui.keyword.internal.WebUIKeywordMain.stepFailed(WebUIKeywordMain.groovy:64)
	at com.kms.katalon.core.webui.keyword.internal.WebUIKeywordMain.runKeyword(WebUIKeywordMain.groovy:26)
	at com.kms.katalon.core.webui.keyword.builtin.SetTextKeyword.setText(SetTextKeyword.groovy:66)
	at com.kms.katalon.core.webui.keyword.builtin.SetTextKeyword.execute(SetTextKeyword.groovy:37)
	at com.kms.katalon.core.keyword.internal.KeywordExecutor.executeKeywordForPlatform(KeywordExecutor.groovy:74)
	at com.kms.katalon.core.webui.keyword.WebUiBuiltInKeywords.setText(WebUiBuiltInKeywords.groovy:980)
	at com.kms.katalon.core.webui.keyword.WebUiBuiltInKeywords$setText$2.call(Unknown Source)
	at adminSuiteBootstrap.debitPersonalsetData.debitPersonal_DataDriven(debitPersonalsetData.groovy:68)
	at adminSuiteBootstrap.debitPersonalsetData.invokeMethod(debitPersonalsetData.groovy)
	at com.kms.katalon.core.main.CustomKeywordDelegatingMetaClass.invokeStaticMethod(CustomKeywordDelegatingMetaClass.java:55)
	at DebitPersonal_ConfirmACNum_Error_TC.run(DebitPersonal_ConfirmACNum_Error_TC:129)
	at com.kms.katalon.core.main.ScriptEngine.run(ScriptEngine.java:194)
	at com.kms.katalon.core.main.ScriptEngine.runScriptAsRawText(ScriptEngine.java:119)
	at com.kms.katalon.core.main.TestCaseExecutor.runScript(TestCaseExecutor.java:448)
	at com.kms.katalon.core.main.TestCaseExecutor.doExecute(TestCaseExecutor.java:439)
	at com.kms.katalon.core.main.TestCaseExecutor.processExecutionPhase(TestCaseExecutor.java:418)
	at com.kms.katalon.core.main.TestCaseExecutor.accessMainPhase(TestCaseExecutor.java:410)
	at com.kms.katalon.core.main.TestCaseExecutor.execute(TestCaseExecutor.java:285)
	at com.kms.katalon.core.common.CommonExecutor.accessTestCaseMainPhase(CommonExecutor.java:65)
	at com.kms.katalon.core.main.TestSuiteExecutor.accessTestSuiteMainPhase(TestSuiteExecutor.java:148)
	at com.kms.katalon.core.main.TestSuiteExecutor.execute(TestSuiteExecutor.java:106)
	at com.kms.katalon.core.main.TestCaseMain.startTestSuite(TestCaseMain.java:187)
	at com.kms.katalon.core.main.TestCaseMain$startTestSuite$0.call(Unknown Source)
	at TempTestSuite1730425169576.run(TempTestSuite1730425169576.groovy:35)
Caused by: com.kms.katalon.core.exception.StepFailedException: Unable to set text '' of object 'Object Repository/AdminSuiteBootstrap_Pages/VT_Bootstrap/ACHPersonal/input_smsNumber'
	... 24 more
Caused by: com.kms.katalon.core.webui.exception.WebElementNotFoundException: Web element with id: 'Object Repository/AdminSuiteBootstrap_Pages/VT_Bootstrap/ACHPersonal/input_smsNumber' located by '//*[@type = 'TEXT' and @name = 'smsNumber' and @id = 'smsNumber']' not found
	at com.kms.katalon.core.webui.common.WebUiCommonHelper.findWebElement(WebUiCommonHelper.java:1381)
	at com.kms.katalon.core.webui.keyword.internal.WebUIAbstractKeyword.findWebElement(WebUIAbstractKeyword.groovy:27)
	at com.kms.katalon.core.webui.keyword.internal.WebUIAbstractKeyword.findWebElement(WebUIAbstractKeyword.groovy:26)
	at com.kms.katalon.core.webui.keyword.builtin.SetTextKeyword$_setText_closure1.doCall(SetTextKeyword.groovy:51)
	at com.kms.katalon.core.webui.keyword.builtin.SetTextKeyword$_setText_closure1.call(SetTextKeyword.groovy)
	at com.kms.katalon.core.webui.keyword.internal.WebUIKeywordMain.runKeyword(WebUIKeywordMain.groovy:20)
	... 22 more


2024-10-31 21:49:01 - [TEST_STEP][PASSED] - path_Dashboard = "Object Repository/AdminSuiteBootstrap_Pages/Dashboard_Bootstrap/": null

2024-10-31 21:49:01 - [TEST_STEP][PASSED] - path_VT = "Object Repository/AdminSuiteBootstrap_Pages/VT_Bootstrap/IssueTransactions/": null

2024-10-31 21:49:01 - [TEST_STEP][PASSED] - path_DebitPersonal = "Object Repository/AdminSuiteBootstrap_Pages/VT_Bootstrap/ACHPersonal/": null

2024-10-31 21:49:01 - [TEST_STEP][PASSED] - li_1 = vpos_Prefix: null

2024-10-31 21:49:01 - [TEST_STEP][PASSED] - li_2 = "/transactions/AuthCapForm/": null

2024-10-31 21:49:01 - [TEST_STEP][PASSED] - executionProfile = getExecutionProfile(): null

2024-10-31 21:49:01 - [TEST_STEP][PASSED] - out.println("executionProfile : " + executionProfile): null

2024-10-31 21:49:01 - [TEST_STEP][PASSED] - appName = <not implemented yet for class: org.codehaus.groovy.ast.expr.EmptyExpression>: null

2024-10-31 21:49:01 - [TEST_STEP][PASSED] - appID = <not implemented yet for class: org.codehaus.groovy.ast.expr.EmptyExpression>: null

2024-10-31 21:49:01 - [TEST_STEP][PASSED] - cardNameV = <not implemented yet for class: org.codehaus.groovy.ast.expr.EmptyExpression>: null

2024-10-31 21:49:01 - [TEST_STEP][PASSED] - al1V = <not implemented yet for class: org.codehaus.groovy.ast.expr.EmptyExpression>: null

2024-10-31 21:49:01 - [TEST_STEP][PASSED] - al2V = <not implemented yet for class: org.codehaus.groovy.ast.expr.EmptyExpression>: null

2024-10-31 21:49:01 - [TEST_STEP][PASSED] - zipV = <not implemented yet for class: org.codehaus.groovy.ast.expr.EmptyExpression>: null

2024-10-31 21:49:01 - [TEST_STEP][PASSED] - accType = <not implemented yet for class: org.codehaus.groovy.ast.expr.EmptyExpression>: null

2024-10-31 21:49:01 - [TEST_STEP][PASSED] - last4V = <not implemented yet for class: org.codehaus.groovy.ast.expr.EmptyExpression>: null

2024-10-31 21:49:01 - [TEST_STEP][PASSED] - resText = "Fail": null

2024-10-31 21:49:01 - [TEST_STEP][PASSED] - resColumn = "Result": null

2024-10-31 21:49:01 - [TEST_STEP][PASSED] - datCloumn = "Date": null

2024-10-31 21:49:01 - [TEST_STEP][PASSED] - fileLoc = "C:\KatalonData\Bootstrap\VT-Misc-Data.xlsx": null

2024-10-31 21:49:01 - [TEST_STEP][PASSED] - numOfRows = <not implemented yet for class: org.codehaus.groovy.ast.expr.EmptyExpression>: null

2024-10-31 21:49:01 - [TEST_STEP][PASSED] - dataFile = <not implemented yet for class: org.codehaus.groovy.ast.expr.EmptyExpression>: null

2024-10-31 21:49:01 - [TEST_STEP][PASSED] - nameSheet = <not implemented yet for class: org.codehaus.groovy.ast.expr.EmptyExpression>: null

2024-10-31 21:49:01 - [TEST_STEP][PASSED] - nameSheet = "VT-ACHPersonal-DualCF-Generic": null

2024-10-31 21:49:01 - [TEST_STEP][PASSED] - numOfRows = findTestData("QA/Bootstrap/VT-ACH-TestData/VT-DebitData-ConfAcNumError").getRowNumbers(): null

2024-10-31 21:49:01 - [TEST_STEP][PASSED] - println("Number of Records: " + numOfRows): null

2024-10-31 21:49:01 - [TEST_STEP][PASSED] - dataFile = "QA/Bootstrap/VT-ACH-TestData/VT-DebitData-ConfAcNumError": null

2024-10-31 21:49:01 - [TEST_STEP][FAILED] - for ([row = 1, row <= numOfRows, (row++)]): null

2024-10-31 21:49:01 - [TEST_STEP][PASSED] - ExecuteTC = findTestData(dataFile).getValue("Execute", row): null

2024-10-31 21:49:02 - [TEST_STEP][PASSED] - out.println("Value of Execute is : " + ExecuteTC): null

2024-10-31 21:49:02 - [TEST_STEP][PASSED] - switch (executionProfile): null

2024-10-31 21:49:02 - [TEST_STEP][PASSED] - case "QA2Profile":: null

2024-10-31 21:49:02 - [TEST_STEP][PASSED] - appName = findTestData(dataFile).getValue("AppNameQA", row): null

2024-10-31 21:49:02 - [TEST_STEP][PASSED] - appID = findTestData(dataFile).getValue("AppIDQA", row): null

2024-10-31 21:49:02 - [TEST_STEP][PASSED] - break: null

2024-10-31 21:49:02 - [TEST_STEP][PASSED] - hrefAppID = li_1 + appID + li_2: null

2024-10-31 21:49:02 - [TEST_STEP][PASSED] - hrefApp = li_1 + appID + "/": null

2024-10-31 21:49:02 - [TEST_STEP][PASSED] - println("hrefApp : " + hrefApp): null

2024-10-31 21:49:02 - [TEST_STEP][FAILED] - if (ExecuteTC.equalsIgnoreCase("Y")): null

2024-10-31 21:49:02 - [TEST_STEP][PASSED] - out.println("Begin Record Number: " + row): null

2024-10-31 21:49:02 - [TEST_STEP][PASSED] - today = new java.util.Date(): null

2024-10-31 21:49:02 - [TEST_STEP][PASSED] - println(today): null

2024-10-31 21:49:02 - [TEST_STEP][PASSED] - datText = today: null

2024-10-31 21:49:02 - [TEST_STEP][PASSED] - adminSuiteBootstrap.loginFunctionality.login_AdminSuite(): adminSuiteBootstrap.loginFunctionality.login_AdminSuite is PASSED

2024-10-31 21:49:02 - [MESSAGE][INFO] - Starting 'Chrome' driver

2024-10-31 21:49:02 - [MESSAGE][INFO] - User set preference: ['acceptInsecureCerts', 'true']

2024-10-31 21:49:02 - [MESSAGE][INFO] - Action delay is set to 0 milliseconds

2024-10-31 21:49:05 - [MESSAGE][PASSED] - Browser is opened with url: 'https://qa2.velocitypayment.com/admin/imtiaz'

2024-10-31 21:49:05 - [MESSAGE][PASSED] - Current window maximized

2024-10-31 21:49:05 - [MESSAGE][PASSED] - Object 'Object Repository/Login_Page/Login_Username_Okta' is present

2024-10-31 21:49:06 - [MESSAGE][PASSED] - Text 'iahmed' is set on object 'Object Repository/Login_Page/Login_Username_Okta'

2024-10-31 21:49:07 - [MESSAGE][PASSED] - Text 'Hello!7777777' is set on object 'Object Repository/Login_Page/Login_Password_Okta'

2024-10-31 21:49:07 - [MESSAGE][PASSED] - Object: 'Object Repository/Login_Page/Login_Submit_Okta' is clicked on

2024-10-31 21:49:07 - [MESSAGE][PASSED] - adminSuiteBootstrap.loginFunctionality.login_AdminSuite is PASSED

2024-10-31 21:49:07 - [TEST_STEP][PASSED] - click(findTestObject(path_Dashboard + appName)): Object: 'Object Repository/AdminSuiteBootstrap_Pages/Dashboard_Bootstrap/a_Access Prod 1182 App' is clicked on

2024-10-31 21:49:16 - [MESSAGE][PASSED] - Object: 'Object Repository/AdminSuiteBootstrap_Pages/Dashboard_Bootstrap/a_Access Prod 1182 App' is clicked on

2024-10-31 21:49:16 - [TEST_STEP][PASSED] - click(findTestObject(path_VT + "button_Debit")): Object: 'Object Repository/AdminSuiteBootstrap_Pages/VT_Bootstrap/IssueTransactions/button_Debit' is clicked on

2024-10-31 21:49:16 - [MESSAGE][PASSED] - Object: 'Object Repository/AdminSuiteBootstrap_Pages/VT_Bootstrap/IssueTransactions/button_Debit' is clicked on

2024-10-31 21:49:16 - [TEST_STEP][PASSED] - click(findTestObject(path_VT + "a_Personal")): Object: 'Object Repository/AdminSuiteBootstrap_Pages/VT_Bootstrap/IssueTransactions/a_Personal' is clicked on

2024-10-31 21:49:18 - [MESSAGE][PASSED] - Object: 'Object Repository/AdminSuiteBootstrap_Pages/VT_Bootstrap/IssueTransactions/a_Personal' is clicked on

2024-10-31 21:49:18 - [TEST_STEP][PASSED] - confirmAcNum = findTestData(dataFile).getValue("ConfirmAcNum", row): null

2024-10-31 21:49:18 - [TEST_STEP][PASSED] - setText(findTestObject(path_DebitPersonal + "input_confirmAccountNumber"), confirmAcNum): Text '' is set on object 'Object Repository/AdminSuiteBootstrap_Pages/VT_Bootstrap/ACHPersonal/input_confirmAccountNumber'

2024-10-31 21:49:19 - [MESSAGE][PASSED] - Text '' is set on object 'Object Repository/AdminSuiteBootstrap_Pages/VT_Bootstrap/ACHPersonal/input_confirmAccountNumber'

2024-10-31 21:49:19 - [TEST_STEP][FAILED] - adminSuiteBootstrap.debitPersonalsetData.debitPersonal_DataDriven(row, dataFile): com.kms.katalon.core.exception.StepFailedException: Unable to set text '' of object 'Object Repository/AdminSuiteBootstrap_Pages/VT_Bootstrap/ACHPersonal/input_smsNumber' (Root cause: com.kms.katalon.core.exception.StepFailedException: Unable to set text '' of object 'Object Repository/AdminSuiteBootstrap_Pages/VT_Bootstrap/ACHPersonal/input_smsNumber'
	at com.kms.katalon.core.webui.keyword.internal.WebUIKeywordMain.stepFailed(WebUIKeywordMain.groovy:64)
	at com.kms.katalon.core.webui.keyword.internal.WebUIKeywordMain.runKeyword(WebUIKeywordMain.groovy:26)
	at com.kms.katalon.core.webui.keyword.builtin.SetTextKeyword.setText(SetTextKeyword.groovy:66)
	at com.kms.katalon.core.webui.keyword.builtin.SetTextKeyword.execute(SetTextKeyword.groovy:37)
	at com.kms.katalon.core.keyword.internal.KeywordExecutor.executeKeywordForPlatform(KeywordExecutor.groovy:74)
	at com.kms.katalon.core.webui.keyword.WebUiBuiltInKeywords.setText(WebUiBuiltInKeywords.groovy:980)
	at com.kms.katalon.core.webui.keyword.WebUiBuiltInKeywords$setText$2.call(Unknown Source)
	at adminSuiteBootstrap.debitPersonalsetData.debitPersonal_DataDriven(debitPersonalsetData.groovy:68)
	at adminSuiteBootstrap.debitPersonalsetData.invokeMethod(debitPersonalsetData.groovy)
	at com.kms.katalon.core.main.CustomKeywordDelegatingMetaClass.invokeStaticMethod(CustomKeywordDelegatingMetaClass.java:55)
	at DebitPersonal_ConfirmACNum_Error_TC.run(DebitPersonal_ConfirmACNum_Error_TC:129)
	at com.kms.katalon.core.main.ScriptEngine.run(ScriptEngine.java:194)
	at com.kms.katalon.core.main.ScriptEngine.runScriptAsRawText(ScriptEngine.java:119)
	at com.kms.katalon.core.main.TestCaseExecutor.runScript(TestCaseExecutor.java:448)
	at com.kms.katalon.core.main.TestCaseExecutor.doExecute(TestCaseExecutor.java:439)
	at com.kms.katalon.core.main.TestCaseExecutor.processExecutionPhase(TestCaseExecutor.java:418)
	at com.kms.katalon.core.main.TestCaseExecutor.accessMainPhase(TestCaseExecutor.java:410)
	at com.kms.katalon.core.main.TestCaseExecutor.execute(TestCaseExecutor.java:285)
	at com.kms.katalon.core.common.CommonExecutor.accessTestCaseMainPhase(CommonExecutor.java:65)
	at com.kms.katalon.core.main.TestSuiteExecutor.accessTestSuiteMainPhase(TestSuiteExecutor.java:148)
	at com.kms.katalon.core.main.TestSuiteExecutor.execute(TestSuiteExecutor.java:106)
	at com.kms.katalon.core.main.TestCaseMain.startTestSuite(TestCaseMain.java:187)
	at com.kms.katalon.core.main.TestCaseMain$startTestSuite$0.call(Unknown Source)
	at TempTestSuite1730425169576.run(TempTestSuite1730425169576.groovy:35)
Caused by: com.kms.katalon.core.webui.exception.WebElementNotFoundException: Web element with id: 'Object Repository/AdminSuiteBootstrap_Pages/VT_Bootstrap/ACHPersonal/input_smsNumber' located by '//*[@type = 'TEXT' and @name = 'smsNumber' and @id = 'smsNumber']' not found
	at com.kms.katalon.core.webui.common.WebUiCommonHelper.findWebElement(WebUiCommonHelper.java:1381)
	at com.kms.katalon.core.webui.keyword.internal.WebUIAbstractKeyword.findWebElement(WebUIAbstractKeyword.groovy:27)
	at com.kms.katalon.core.webui.keyword.internal.WebUIAbstractKeyword.findWebElement(WebUIAbstractKeyword.groovy:26)
	at com.kms.katalon.core.webui.keyword.builtin.SetTextKeyword$_setText_closure1.doCall(SetTextKeyword.groovy:51)
	at com.kms.katalon.core.webui.keyword.builtin.SetTextKeyword$_setText_closure1.call(SetTextKeyword.groovy)
	at com.kms.katalon.core.webui.keyword.internal.WebUIKeywordMain.runKeyword(WebUIKeywordMain.groovy:20)
	at com.kms.katalon.core.webui.keyword.builtin.SetTextKeyword.setText(SetTextKeyword.groovy:66)
	at com.kms.katalon.core.webui.keyword.builtin.SetTextKeyword.execute(SetTextKeyword.groovy:37)
	at com.kms.katalon.core.keyword.internal.KeywordExecutor.executeKeywordForPlatform(KeywordExecutor.groovy:74)
	at com.kms.katalon.core.webui.keyword.WebUiBuiltInKeywords.setText(WebUiBuiltInKeywords.groovy:980)
	at com.kms.katalon.core.webui.keyword.WebUiBuiltInKeywords$setText$2.call(Unknown Source)
	at adminSuiteBootstrap.debitPersonalsetData.debitPersonal_DataDriven(debitPersonalsetData.groovy:68)
	at adminSuiteBootstrap.debitPersonalsetData.invokeMethod(debitPersonalsetData.groovy)
	at com.kms.katalon.core.main.CustomKeywordDelegatingMetaClass.invokeStaticMethod(CustomKeywordDelegatingMetaClass.java:55)
	at Script1649100571514.run(Script1649100571514.groovy:129)
	... 13 more
)

2024-10-31 21:49:21 - [MESSAGE][PASSED] - Text 'Confirm' is set on object 'Object Repository/AdminSuiteBootstrap_Pages/VT_Bootstrap/ACHPersonal/input_firstName'

2024-10-31 21:49:22 - [MESSAGE][PASSED] - Text 'Acnumber' is set on object 'Object Repository/AdminSuiteBootstrap_Pages/VT_Bootstrap/ACHPersonal/input_lastName'

2024-10-31 21:49:23 - [MESSAGE][PASSED] - Text '133 Meadow Ln' is set on object 'Object Repository/AdminSuiteBootstrap_Pages/VT_Bootstrap/ACHPersonal/input_address'

2024-10-31 21:49:24 - [MESSAGE][PASSED] - Text 'apt #123' is set on object 'Object Repository/AdminSuiteBootstrap_Pages/VT_Bootstrap/ACHPersonal/input_address2'

2024-10-31 21:49:24 - [MESSAGE][PASSED] - Text '22201' is set on object 'Object Repository/AdminSuiteBootstrap_Pages/VT_Bootstrap/ACHPersonal/input_zip'

2024-10-31 21:49:25 - [MESSAGE][PASSED] - Text '' is set on object 'Object Repository/AdminSuiteBootstrap_Pages/VT_Bootstrap/ACHPersonal/input_emailAddress'

2024-10-31 21:49:56 - [MESSAGE][INFO] - Unable to find the element located by 'By.xpath: //*[@type = 'TEXT' and @name = 'smsNumber' and @id = 'smsNumber']'. Please recheck the objects properties to make sure the desired element is located. 

2024-10-31 21:49:56 - [MESSAGE][WARNING] - [SELF-HEALING] Failed to find element with id 'Object Repository/AdminSuiteBootstrap_Pages/VT_Bootstrap/ACHPersonal/input_smsNumber'. Try using Self-healing.

2024-10-31 21:49:57 - [MESSAGE][INFO] - Unable to find the element located by 'By.xpath: //input[@id='smsNumber']'. Please recheck the objects properties to make sure the desired element is located. 

2024-10-31 21:49:57 - [MESSAGE][INFO] - [SELF-HEALING] Failed Locator: '//input[@id='smsNumber']'.

2024-10-31 21:49:58 - [MESSAGE][INFO] - [SELF-HEALING] Failed Locator: '//form[@id='form1']/div/div[3]/div/div[2]/div[7]/div[2]/div/input'.

2024-10-31 21:49:58 - [MESSAGE][INFO] - [SELF-HEALING] Failed Locator: '//div[7]/div[2]/div/input'.

2024-10-31 21:49:58 - [MESSAGE][INFO] - [SELF-HEALING] Failed Locator: '//input[@type = 'TEXT' and @placeholder = '###-###-####' and @name = 'smsNumber' and @id = 'smsNumber']'.

2024-10-31 21:49:59 - [MESSAGE][INFO] - Unable to find the element located by 'By.cssSelector: #smsNumber'. Please recheck the objects properties to make sure the desired element is located. 

2024-10-31 21:50:00 - [MESSAGE][FAILED] - Unable to set text '' of object 'Object Repository/AdminSuiteBootstrap_Pages/VT_Bootstrap/ACHPersonal/input_smsNumber' (Root cause: com.kms.katalon.core.exception.StepFailedException: Unable to set text '' of object 'Object Repository/AdminSuiteBootstrap_Pages/VT_Bootstrap/ACHPersonal/input_smsNumber'
	at com.kms.katalon.core.webui.keyword.internal.WebUIKeywordMain.stepFailed(WebUIKeywordMain.groovy:64)
	at com.kms.katalon.core.webui.keyword.internal.WebUIKeywordMain.runKeyword(WebUIKeywordMain.groovy:26)
	at com.kms.katalon.core.webui.keyword.builtin.SetTextKeyword.setText(SetTextKeyword.groovy:66)
	at com.kms.katalon.core.webui.keyword.builtin.SetTextKeyword.execute(SetTextKeyword.groovy:37)
	at com.kms.katalon.core.keyword.internal.KeywordExecutor.executeKeywordForPlatform(KeywordExecutor.groovy:74)
	at com.kms.katalon.core.webui.keyword.WebUiBuiltInKeywords.setText(WebUiBuiltInKeywords.groovy:980)
	at com.kms.katalon.core.webui.keyword.WebUiBuiltInKeywords$setText$2.call(Unknown Source)
	at adminSuiteBootstrap.debitPersonalsetData.debitPersonal_DataDriven(debitPersonalsetData.groovy:68)
	at adminSuiteBootstrap.debitPersonalsetData.invokeMethod(debitPersonalsetData.groovy)
	at com.kms.katalon.core.main.CustomKeywordDelegatingMetaClass.invokeStaticMethod(CustomKeywordDelegatingMetaClass.java:55)
	at DebitPersonal_ConfirmACNum_Error_TC.run(DebitPersonal_ConfirmACNum_Error_TC:129)
	at com.kms.katalon.core.main.ScriptEngine.run(ScriptEngine.java:194)
	at com.kms.katalon.core.main.ScriptEngine.runScriptAsRawText(ScriptEngine.java:119)
	at com.kms.katalon.core.main.TestCaseExecutor.runScript(TestCaseExecutor.java:448)
	at com.kms.katalon.core.main.TestCaseExecutor.doExecute(TestCaseExecutor.java:439)
	at com.kms.katalon.core.main.TestCaseExecutor.processExecutionPhase(TestCaseExecutor.java:418)
	at com.kms.katalon.core.main.TestCaseExecutor.accessMainPhase(TestCaseExecutor.java:410)
	at com.kms.katalon.core.main.TestCaseExecutor.execute(TestCaseExecutor.java:285)
	at com.kms.katalon.core.common.CommonExecutor.accessTestCaseMainPhase(CommonExecutor.java:65)
	at com.kms.katalon.core.main.TestSuiteExecutor.accessTestSuiteMainPhase(TestSuiteExecutor.java:148)
	at com.kms.katalon.core.main.TestSuiteExecutor.execute(TestSuiteExecutor.java:106)
	at com.kms.katalon.core.main.TestCaseMain.startTestSuite(TestCaseMain.java:187)
	at com.kms.katalon.core.main.TestCaseMain$startTestSuite$0.call(Unknown Source)
	at TempTestSuite1730425169576.run(TempTestSuite1730425169576.groovy:35)
Caused by: com.kms.katalon.core.webui.exception.WebElementNotFoundException: Web element with id: 'Object Repository/AdminSuiteBootstrap_Pages/VT_Bootstrap/ACHPersonal/input_smsNumber' located by '//*[@type = 'TEXT' and @name = 'smsNumber' and @id = 'smsNumber']' not found
	at com.kms.katalon.core.webui.common.WebUiCommonHelper.findWebElement(WebUiCommonHelper.java:1381)
	at com.kms.katalon.core.webui.keyword.internal.WebUIAbstractKeyword.findWebElement(WebUIAbstractKeyword.groovy:27)
	at com.kms.katalon.core.webui.keyword.internal.WebUIAbstractKeyword.findWebElement(WebUIAbstractKeyword.groovy:26)
	at com.kms.katalon.core.webui.keyword.builtin.SetTextKeyword$_setText_closure1.doCall(SetTextKeyword.groovy:51)
	at com.kms.katalon.core.webui.keyword.builtin.SetTextKeyword$_setText_closure1.call(SetTextKeyword.groovy)
	at com.kms.katalon.core.webui.keyword.internal.WebUIKeywordMain.runKeyword(WebUIKeywordMain.groovy:20)
	at com.kms.katalon.core.webui.keyword.builtin.SetTextKeyword.setText(SetTextKeyword.groovy:66)
	at com.kms.katalon.core.webui.keyword.builtin.SetTextKeyword.execute(SetTextKeyword.groovy:37)
	at com.kms.katalon.core.keyword.internal.KeywordExecutor.executeKeywordForPlatform(KeywordExecutor.groovy:74)
	at com.kms.katalon.core.webui.keyword.WebUiBuiltInKeywords.setText(WebUiBuiltInKeywords.groovy:980)
	at com.kms.katalon.core.webui.keyword.WebUiBuiltInKeywords$setText$2.call(Unknown Source)
	at adminSuiteBootstrap.debitPersonalsetData.debitPersonal_DataDriven(debitPersonalsetData.groovy:68)
	at adminSuiteBootstrap.debitPersonalsetData.invokeMethod(debitPersonalsetData.groovy)
	at com.kms.katalon.core.main.CustomKeywordDelegatingMetaClass.invokeStaticMethod(CustomKeywordDelegatingMetaClass.java:55)
	at Script1649100571514.run(Script1649100571514.groovy:129)
	... 13 more
)
[[ATTACHMENT|E:\\Cloned-Project-Katalon\\VPS-Katalon\\Reports\\20241031_213928\\QA\\VT-Bootstrap\\AdminSuiteBootstrap_MRF_TestSuite\\20241031_213929\\1730425799976.png]]

2024-10-31 21:50:00 - [MESSAGE][PASSED] - Text '45681001' is set on object 'Object Repository/AdminSuiteBootstrap_Pages/VT_Bootstrap/ACHPersonal/input_accountNumber'

2024-10-31 21:50:01 - [MESSAGE][PASSED] - Text '256072691' is set on object 'Object Repository/AdminSuiteBootstrap_Pages/VT_Bootstrap/ACHPersonal/input_routingNumber'

2024-10-31 21:50:02 - [MESSAGE][PASSED] - All options with label 'Checking' are selected in object 'Object Repository/AdminSuiteBootstrap_Pages/VT_Bootstrap/ACHPersonal/select_AccountType'  using regular expression

2024-10-31 21:50:03 - [MESSAGE][PASSED] - All options with label 'PPD - Prearranged Payment and Deposit Entry' are selected in object 'Object Repository/AdminSuiteBootstrap_Pages/VT_Bootstrap/ACHPersonal/select_STD'  using regular expression

2024-10-31 21:50:04 - [MESSAGE][PASSED] - Text '11.5' is set on object 'Object Repository/AdminSuiteBootstrap_Pages/VT_Bootstrap/ACHPersonal/input_amount'

2024-10-31 21:50:05 - [MESSAGE][PASSED] - Text 'Denmark' is set on object 'Object Repository/AdminSuiteBootstrap_Pages/VT_Bootstrap/ACHPersonal/input_userDefined1'

2024-10-31 21:50:05 - [MESSAGE][PASSED] - Text 'Australia' is set on object 'Object Repository/AdminSuiteBootstrap_Pages/VT_Bootstrap/ACHPersonal/input_userDefined2'

2024-10-31 21:50:06 - [MESSAGE][PASSED] - Text 'Austria' is set on object 'Object Repository/AdminSuiteBootstrap_Pages/VT_Bootstrap/ACHPersonal/input_userDefined3'

2024-10-31 21:50:07 - [MESSAGE][PASSED] - Text 'Sweden' is set on object 'Object Repository/AdminSuiteBootstrap_Pages/VT_Bootstrap/ACHPersonal/input_userDefined4'

2024-10-31 21:50:08 - [MESSAGE][PASSED] - All options with label 'Yellow' are selected in object 'Object Repository/AdminSuiteBootstrap_Pages/VT_Bootstrap/ACHPersonal/select_UDF5'  using regular expression

2024-10-31 21:50:09 - [MESSAGE][PASSED] - All options with label 'Orange' are selected in object 'Object Repository/AdminSuiteBootstrap_Pages/VT_Bootstrap/ACHPersonal/select_UDF6'  using regular expression

2024-10-31 21:50:09 - [MESSAGE][PASSED] - Text 'Netherlands' is set on object 'Object Repository/AdminSuiteBootstrap_Pages/VT_Bootstrap/ACHPersonal/input_userDefined7'

2024-10-31 21:50:10 - [MESSAGE][PASSED] - Text 'Norway' is set on object 'Object Repository/AdminSuiteBootstrap_Pages/VT_Bootstrap/ACHPersonal/input_userDefined8'

2024-10-31 21:50:11 - [MESSAGE][PASSED] - Text 'France' is set on object 'Object Repository/AdminSuiteBootstrap_Pages/VT_Bootstrap/ACHPersonal/input_userDefined9'

2024-10-31 21:50:11 - [MESSAGE][PASSED] - Text 'Switzerland' is set on object 'Object Repository/AdminSuiteBootstrap_Pages/VT_Bootstrap/ACHPersonal/input_userDefined10'

2024-10-31 21:50:13 - [MESSAGE][PASSED] - Object: 'Object Repository/AdminSuiteBootstrap_Pages/VT_Bootstrap/ACHPersonal/button_Submit' is clicked on

2024-10-31 21:50:13 - [MESSAGE][FAILED] - com.kms.katalon.core.exception.StepFailedException: Unable to set text '' of object 'Object Repository/AdminSuiteBootstrap_Pages/VT_Bootstrap/ACHPersonal/input_smsNumber' (Root cause: com.kms.katalon.core.exception.StepFailedException: Unable to set text '' of object 'Object Repository/AdminSuiteBootstrap_Pages/VT_Bootstrap/ACHPersonal/input_smsNumber'
	at com.kms.katalon.core.webui.keyword.internal.WebUIKeywordMain.stepFailed(WebUIKeywordMain.groovy:64)
	at com.kms.katalon.core.webui.keyword.internal.WebUIKeywordMain.runKeyword(WebUIKeywordMain.groovy:26)
	at com.kms.katalon.core.webui.keyword.builtin.SetTextKeyword.setText(SetTextKeyword.groovy:66)
	at com.kms.katalon.core.webui.keyword.builtin.SetTextKeyword.execute(SetTextKeyword.groovy:37)
	at com.kms.katalon.core.keyword.internal.KeywordExecutor.executeKeywordForPlatform(KeywordExecutor.groovy:74)
	at com.kms.katalon.core.webui.keyword.WebUiBuiltInKeywords.setText(WebUiBuiltInKeywords.groovy:980)
	at com.kms.katalon.core.webui.keyword.WebUiBuiltInKeywords$setText$2.call(Unknown Source)
	at adminSuiteBootstrap.debitPersonalsetData.debitPersonal_DataDriven(debitPersonalsetData.groovy:68)
	at adminSuiteBootstrap.debitPersonalsetData.invokeMethod(debitPersonalsetData.groovy)
	at com.kms.katalon.core.main.CustomKeywordDelegatingMetaClass.invokeStaticMethod(CustomKeywordDelegatingMetaClass.java:55)
	at DebitPersonal_ConfirmACNum_Error_TC.run(DebitPersonal_ConfirmACNum_Error_TC:129)
	at com.kms.katalon.core.main.ScriptEngine.run(ScriptEngine.java:194)
	at com.kms.katalon.core.main.ScriptEngine.runScriptAsRawText(ScriptEngine.java:119)
	at com.kms.katalon.core.main.TestCaseExecutor.runScript(TestCaseExecutor.java:448)
	at com.kms.katalon.core.main.TestCaseExecutor.doExecute(TestCaseExecutor.java:439)
	at com.kms.katalon.core.main.TestCaseExecutor.processExecutionPhase(TestCaseExecutor.java:418)
	at com.kms.katalon.core.main.TestCaseExecutor.accessMainPhase(TestCaseExecutor.java:410)
	at com.kms.katalon.core.main.TestCaseExecutor.execute(TestCaseExecutor.java:285)
	at com.kms.katalon.core.common.CommonExecutor.accessTestCaseMainPhase(CommonExecutor.java:65)
	at com.kms.katalon.core.main.TestSuiteExecutor.accessTestSuiteMainPhase(TestSuiteExecutor.java:148)
	at com.kms.katalon.core.main.TestSuiteExecutor.execute(TestSuiteExecutor.java:106)
	at com.kms.katalon.core.main.TestCaseMain.startTestSuite(TestCaseMain.java:187)
	at com.kms.katalon.core.main.TestCaseMain$startTestSuite$0.call(Unknown Source)
	at TempTestSuite1730425169576.run(TempTestSuite1730425169576.groovy:35)
Caused by: com.kms.katalon.core.webui.exception.WebElementNotFoundException: Web element with id: 'Object Repository/AdminSuiteBootstrap_Pages/VT_Bootstrap/ACHPersonal/input_smsNumber' located by '//*[@type = 'TEXT' and @name = 'smsNumber' and @id = 'smsNumber']' not found
	at com.kms.katalon.core.webui.common.WebUiCommonHelper.findWebElement(WebUiCommonHelper.java:1381)
	at com.kms.katalon.core.webui.keyword.internal.WebUIAbstractKeyword.findWebElement(WebUIAbstractKeyword.groovy:27)
	at com.kms.katalon.core.webui.keyword.internal.WebUIAbstractKeyword.findWebElement(WebUIAbstractKeyword.groovy:26)
	at com.kms.katalon.core.webui.keyword.builtin.SetTextKeyword$_setText_closure1.doCall(SetTextKeyword.groovy:51)
	at com.kms.katalon.core.webui.keyword.builtin.SetTextKeyword$_setText_closure1.call(SetTextKeyword.groovy)
	at com.kms.katalon.core.webui.keyword.internal.WebUIKeywordMain.runKeyword(WebUIKeywordMain.groovy:20)
	at com.kms.katalon.core.webui.keyword.builtin.SetTextKeyword.setText(SetTextKeyword.groovy:66)
	at com.kms.katalon.core.webui.keyword.builtin.SetTextKeyword.execute(SetTextKeyword.groovy:37)
	at com.kms.katalon.core.keyword.internal.KeywordExecutor.executeKeywordForPlatform(KeywordExecutor.groovy:74)
	at com.kms.katalon.core.webui.keyword.WebUiBuiltInKeywords.setText(WebUiBuiltInKeywords.groovy:980)
	at com.kms.katalon.core.webui.keyword.WebUiBuiltInKeywords$setText$2.call(Unknown Source)
	at adminSuiteBootstrap.debitPersonalsetData.debitPersonal_DataDriven(debitPersonalsetData.groovy:68)
	at adminSuiteBootstrap.debitPersonalsetData.invokeMethod(debitPersonalsetData.groovy)
	at com.kms.katalon.core.main.CustomKeywordDelegatingMetaClass.invokeStaticMethod(CustomKeywordDelegatingMetaClass.java:55)
	at Script1649100571514.run(Script1649100571514.groovy:129)
	... 13 more
)

2024-10-31 21:50:13 - [TEST_STEP][PASSED] - confirmError = findTestData(dataFile).getValue("ErrorMessage", row): null

2024-10-31 21:50:13 - [TEST_STEP][PASSED] - verifyTextPresent(confirmError, true): Text 'The Confirm Account Number field is a required field' is present on page  using regular expression

2024-10-31 21:50:13 - [MESSAGE][PASSED] - Text 'The Confirm Account Number field is a required field' is present on page  using regular expression

2024-10-31 21:50:13 - [TEST_STEP][PASSED] - closeBrowser(): Browser is closed

2024-10-31 21:50:15 - [MESSAGE][PASSED] - Browser is closed

2024-10-31 21:50:15 - [TEST_STEP][PASSED] - ExecuteTC = findTestData(dataFile).getValue("Execute", row): null

2024-10-31 21:50:15 - [TEST_STEP][PASSED] - out.println("Value of Execute is : " + ExecuteTC): null

2024-10-31 21:50:15 - [TEST_STEP][PASSED] - switch (executionProfile): null

2024-10-31 21:50:15 - [TEST_STEP][PASSED] - case "QA2Profile":: null

2024-10-31 21:50:15 - [TEST_STEP][PASSED] - appName = findTestData(dataFile).getValue("AppNameQA", row): null

2024-10-31 21:50:15 - [TEST_STEP][PASSED] - appID = findTestData(dataFile).getValue("AppIDQA", row): null

2024-10-31 21:50:15 - [TEST_STEP][PASSED] - break: null

2024-10-31 21:50:15 - [TEST_STEP][PASSED] - hrefAppID = li_1 + appID + li_2: null

2024-10-31 21:50:15 - [TEST_STEP][PASSED] - hrefApp = li_1 + appID + "/": null

2024-10-31 21:50:15 - [TEST_STEP][PASSED] - println("hrefApp : " + hrefApp): null

2024-10-31 21:50:15 - [TEST_STEP][FAILED] - if (ExecuteTC.equalsIgnoreCase("Y")): null

2024-10-31 21:50:15 - [TEST_STEP][PASSED] - out.println("Begin Record Number: " + row): null

2024-10-31 21:50:15 - [TEST_STEP][PASSED] - today = new java.util.Date(): null

2024-10-31 21:50:15 - [TEST_STEP][PASSED] - println(today): null

2024-10-31 21:50:15 - [TEST_STEP][PASSED] - datText = today: null

2024-10-31 21:50:15 - [TEST_STEP][PASSED] - adminSuiteBootstrap.loginFunctionality.login_AdminSuite(): adminSuiteBootstrap.loginFunctionality.login_AdminSuite is PASSED

2024-10-31 21:50:15 - [MESSAGE][INFO] - Starting 'Chrome' driver

2024-10-31 21:50:15 - [MESSAGE][INFO] - User set preference: ['acceptInsecureCerts', 'true']

2024-10-31 21:50:15 - [MESSAGE][INFO] - Action delay is set to 0 milliseconds

2024-10-31 21:50:18 - [MESSAGE][PASSED] - Browser is opened with url: 'https://qa2.velocitypayment.com/admin/imtiaz'

2024-10-31 21:50:18 - [MESSAGE][PASSED] - Current window maximized

2024-10-31 21:50:18 - [MESSAGE][PASSED] - Object 'Object Repository/Login_Page/Login_Username_Okta' is present

2024-10-31 21:50:19 - [MESSAGE][PASSED] - Text 'iahmed' is set on object 'Object Repository/Login_Page/Login_Username_Okta'

2024-10-31 21:50:20 - [MESSAGE][PASSED] - Text 'Hello!7777777' is set on object 'Object Repository/Login_Page/Login_Password_Okta'

2024-10-31 21:50:20 - [MESSAGE][PASSED] - Object: 'Object Repository/Login_Page/Login_Submit_Okta' is clicked on

2024-10-31 21:50:20 - [MESSAGE][PASSED] - adminSuiteBootstrap.loginFunctionality.login_AdminSuite is PASSED

2024-10-31 21:50:20 - [TEST_STEP][PASSED] - click(findTestObject(path_Dashboard + appName)): Object: 'Object Repository/AdminSuiteBootstrap_Pages/Dashboard_Bootstrap/a_Access Prod 1182 App' is clicked on

2024-10-31 21:50:28 - [MESSAGE][PASSED] - Object: 'Object Repository/AdminSuiteBootstrap_Pages/Dashboard_Bootstrap/a_Access Prod 1182 App' is clicked on

2024-10-31 21:50:28 - [TEST_STEP][PASSED] - click(findTestObject(path_VT + "button_Debit")): Object: 'Object Repository/AdminSuiteBootstrap_Pages/VT_Bootstrap/IssueTransactions/button_Debit' is clicked on

2024-10-31 21:50:29 - [MESSAGE][PASSED] - Object: 'Object Repository/AdminSuiteBootstrap_Pages/VT_Bootstrap/IssueTransactions/button_Debit' is clicked on

2024-10-31 21:50:29 - [TEST_STEP][PASSED] - click(findTestObject(path_VT + "a_Personal")): Object: 'Object Repository/AdminSuiteBootstrap_Pages/VT_Bootstrap/IssueTransactions/a_Personal' is clicked on

2024-10-31 21:50:30 - [MESSAGE][PASSED] - Object: 'Object Repository/AdminSuiteBootstrap_Pages/VT_Bootstrap/IssueTransactions/a_Personal' is clicked on

2024-10-31 21:50:30 - [TEST_STEP][PASSED] - confirmAcNum = findTestData(dataFile).getValue("ConfirmAcNum", row): null

2024-10-31 21:50:30 - [TEST_STEP][PASSED] - setText(findTestObject(path_DebitPersonal + "input_confirmAccountNumber"), confirmAcNum): Text '123456' is set on object 'Object Repository/AdminSuiteBootstrap_Pages/VT_Bootstrap/ACHPersonal/input_confirmAccountNumber'

2024-10-31 21:50:30 - [MESSAGE][PASSED] - Text '123456' is set on object 'Object Repository/AdminSuiteBootstrap_Pages/VT_Bootstrap/ACHPersonal/input_confirmAccountNumber'

2024-10-31 21:50:30 - [TEST_STEP][FAILED] - adminSuiteBootstrap.debitPersonalsetData.debitPersonal_DataDriven(row, dataFile): com.kms.katalon.core.exception.StepFailedException: Unable to set text '' of object 'Object Repository/AdminSuiteBootstrap_Pages/VT_Bootstrap/ACHPersonal/input_smsNumber' (Root cause: com.kms.katalon.core.exception.StepFailedException: Unable to set text '' of object 'Object Repository/AdminSuiteBootstrap_Pages/VT_Bootstrap/ACHPersonal/input_smsNumber'
	at com.kms.katalon.core.webui.keyword.internal.WebUIKeywordMain.stepFailed(WebUIKeywordMain.groovy:64)
	at com.kms.katalon.core.webui.keyword.internal.WebUIKeywordMain.runKeyword(WebUIKeywordMain.groovy:26)
	at com.kms.katalon.core.webui.keyword.builtin.SetTextKeyword.setText(SetTextKeyword.groovy:66)
	at com.kms.katalon.core.webui.keyword.builtin.SetTextKeyword.execute(SetTextKeyword.groovy:37)
	at com.kms.katalon.core.keyword.internal.KeywordExecutor.executeKeywordForPlatform(KeywordExecutor.groovy:74)
	at com.kms.katalon.core.webui.keyword.WebUiBuiltInKeywords.setText(WebUiBuiltInKeywords.groovy:980)
	at com.kms.katalon.core.webui.keyword.WebUiBuiltInKeywords$setText$2.call(Unknown Source)
	at adminSuiteBootstrap.debitPersonalsetData.debitPersonal_DataDriven(debitPersonalsetData.groovy:68)
	at adminSuiteBootstrap.debitPersonalsetData.invokeMethod(debitPersonalsetData.groovy)
	at com.kms.katalon.core.main.CustomKeywordDelegatingMetaClass.invokeStaticMethod(CustomKeywordDelegatingMetaClass.java:55)
	at DebitPersonal_ConfirmACNum_Error_TC.run(DebitPersonal_ConfirmACNum_Error_TC:129)
	at com.kms.katalon.core.main.ScriptEngine.run(ScriptEngine.java:194)
	at com.kms.katalon.core.main.ScriptEngine.runScriptAsRawText(ScriptEngine.java:119)
	at com.kms.katalon.core.main.TestCaseExecutor.runScript(TestCaseExecutor.java:448)
	at com.kms.katalon.core.main.TestCaseExecutor.doExecute(TestCaseExecutor.java:439)
	at com.kms.katalon.core.main.TestCaseExecutor.processExecutionPhase(TestCaseExecutor.java:418)
	at com.kms.katalon.core.main.TestCaseExecutor.accessMainPhase(TestCaseExecutor.java:410)
	at com.kms.katalon.core.main.TestCaseExecutor.execute(TestCaseExecutor.java:285)
	at com.kms.katalon.core.common.CommonExecutor.accessTestCaseMainPhase(CommonExecutor.java:65)
	at com.kms.katalon.core.main.TestSuiteExecutor.accessTestSuiteMainPhase(TestSuiteExecutor.java:148)
	at com.kms.katalon.core.main.TestSuiteExecutor.execute(TestSuiteExecutor.java:106)
	at com.kms.katalon.core.main.TestCaseMain.startTestSuite(TestCaseMain.java:187)
	at com.kms.katalon.core.main.TestCaseMain$startTestSuite$0.call(Unknown Source)
	at TempTestSuite1730425169576.run(TempTestSuite1730425169576.groovy:35)
Caused by: com.kms.katalon.core.webui.exception.WebElementNotFoundException: Web element with id: 'Object Repository/AdminSuiteBootstrap_Pages/VT_Bootstrap/ACHPersonal/input_smsNumber' located by '//*[@type = 'TEXT' and @name = 'smsNumber' and @id = 'smsNumber']' not found
	at com.kms.katalon.core.webui.common.WebUiCommonHelper.findWebElement(WebUiCommonHelper.java:1381)
	at com.kms.katalon.core.webui.keyword.internal.WebUIAbstractKeyword.findWebElement(WebUIAbstractKeyword.groovy:27)
	at com.kms.katalon.core.webui.keyword.internal.WebUIAbstractKeyword.findWebElement(WebUIAbstractKeyword.groovy:26)
	at com.kms.katalon.core.webui.keyword.builtin.SetTextKeyword$_setText_closure1.doCall(SetTextKeyword.groovy:51)
	at com.kms.katalon.core.webui.keyword.builtin.SetTextKeyword$_setText_closure1.call(SetTextKeyword.groovy)
	at com.kms.katalon.core.webui.keyword.internal.WebUIKeywordMain.runKeyword(WebUIKeywordMain.groovy:20)
	at com.kms.katalon.core.webui.keyword.builtin.SetTextKeyword.setText(SetTextKeyword.groovy:66)
	at com.kms.katalon.core.webui.keyword.builtin.SetTextKeyword.execute(SetTextKeyword.groovy:37)
	at com.kms.katalon.core.keyword.internal.KeywordExecutor.executeKeywordForPlatform(KeywordExecutor.groovy:74)
	at com.kms.katalon.core.webui.keyword.WebUiBuiltInKeywords.setText(WebUiBuiltInKeywords.groovy:980)
	at com.kms.katalon.core.webui.keyword.WebUiBuiltInKeywords$setText$2.call(Unknown Source)
	at adminSuiteBootstrap.debitPersonalsetData.debitPersonal_DataDriven(debitPersonalsetData.groovy:68)
	at adminSuiteBootstrap.debitPersonalsetData.invokeMethod(debitPersonalsetData.groovy)
	at com.kms.katalon.core.main.CustomKeywordDelegatingMetaClass.invokeStaticMethod(CustomKeywordDelegatingMetaClass.java:55)
	at Script1649100571514.run(Script1649100571514.groovy:129)
	... 13 more
)

2024-10-31 21:50:33 - [MESSAGE][PASSED] - Text 'Confirm' is set on object 'Object Repository/AdminSuiteBootstrap_Pages/VT_Bootstrap/ACHPersonal/input_firstName'

2024-10-31 21:50:34 - [MESSAGE][PASSED] - Text 'Acnumber' is set on object 'Object Repository/AdminSuiteBootstrap_Pages/VT_Bootstrap/ACHPersonal/input_lastName'

2024-10-31 21:50:34 - [MESSAGE][PASSED] - Text '6 Greenleaf Ave' is set on object 'Object Repository/AdminSuiteBootstrap_Pages/VT_Bootstrap/ACHPersonal/input_address'

2024-10-31 21:50:35 - [MESSAGE][PASSED] - Text 'apt #3' is set on object 'Object Repository/AdminSuiteBootstrap_Pages/VT_Bootstrap/ACHPersonal/input_address2'

2024-10-31 21:50:36 - [MESSAGE][PASSED] - Text '22201' is set on object 'Object Repository/AdminSuiteBootstrap_Pages/VT_Bootstrap/ACHPersonal/input_zip'

2024-10-31 21:50:36 - [MESSAGE][PASSED] - Text '' is set on object 'Object Repository/AdminSuiteBootstrap_Pages/VT_Bootstrap/ACHPersonal/input_emailAddress'

2024-10-31 21:51:08 - [MESSAGE][INFO] - Unable to find the element located by 'By.xpath: //*[@type = 'TEXT' and @name = 'smsNumber' and @id = 'smsNumber']'. Please recheck the objects properties to make sure the desired element is located. 

2024-10-31 21:51:08 - [MESSAGE][WARNING] - [SELF-HEALING] Failed to find element with id 'Object Repository/AdminSuiteBootstrap_Pages/VT_Bootstrap/ACHPersonal/input_smsNumber'. Try using Self-healing.

2024-10-31 21:51:09 - [MESSAGE][INFO] - Unable to find the element located by 'By.xpath: //input[@id='smsNumber']'. Please recheck the objects properties to make sure the desired element is located. 

2024-10-31 21:51:09 - [MESSAGE][INFO] - [SELF-HEALING] Failed Locator: '//input[@id='smsNumber']'.

2024-10-31 21:51:09 - [MESSAGE][INFO] - [SELF-HEALING] Failed Locator: '//form[@id='form1']/div/div[3]/div/div[2]/div[7]/div[2]/div/input'.

2024-10-31 21:51:09 - [MESSAGE][INFO] - [SELF-HEALING] Failed Locator: '//div[7]/div[2]/div/input'.

2024-10-31 21:51:10 - [MESSAGE][INFO] - [SELF-HEALING] Failed Locator: '//input[@type = 'TEXT' and @placeholder = '###-###-####' and @name = 'smsNumber' and @id = 'smsNumber']'.

2024-10-31 21:51:10 - [MESSAGE][INFO] - [SELF-HEALING] Failed Locator: '//input[@id='smsNumber']'.

2024-10-31 21:51:10 - [MESSAGE][INFO] - [SELF-HEALING] Failed Locator: '//form[@id='form1']/div/div[3]/div/div[2]/div[7]/div[2]/div/input'.

2024-10-31 21:51:10 - [MESSAGE][INFO] - [SELF-HEALING] Failed Locator: '//div[7]/div[2]/div/input'.

2024-10-31 21:51:10 - [MESSAGE][INFO] - [SELF-HEALING] Failed Locator: '//input[@type = 'TEXT' and @placeholder = '###-###-####' and @name = 'smsNumber' and @id = 'smsNumber']'.

2024-10-31 21:51:12 - [MESSAGE][INFO] - Unable to find the element located by 'By.cssSelector: #smsNumber'. Please recheck the objects properties to make sure the desired element is located. 

2024-10-31 21:51:12 - [MESSAGE][FAILED] - Unable to set text '' of object 'Object Repository/AdminSuiteBootstrap_Pages/VT_Bootstrap/ACHPersonal/input_smsNumber' (Root cause: com.kms.katalon.core.exception.StepFailedException: Unable to set text '' of object 'Object Repository/AdminSuiteBootstrap_Pages/VT_Bootstrap/ACHPersonal/input_smsNumber'
	at com.kms.katalon.core.webui.keyword.internal.WebUIKeywordMain.stepFailed(WebUIKeywordMain.groovy:64)
	at com.kms.katalon.core.webui.keyword.internal.WebUIKeywordMain.runKeyword(WebUIKeywordMain.groovy:26)
	at com.kms.katalon.core.webui.keyword.builtin.SetTextKeyword.setText(SetTextKeyword.groovy:66)
	at com.kms.katalon.core.webui.keyword.builtin.SetTextKeyword.execute(SetTextKeyword.groovy:37)
	at com.kms.katalon.core.keyword.internal.KeywordExecutor.executeKeywordForPlatform(KeywordExecutor.groovy:74)
	at com.kms.katalon.core.webui.keyword.WebUiBuiltInKeywords.setText(WebUiBuiltInKeywords.groovy:980)
	at com.kms.katalon.core.webui.keyword.WebUiBuiltInKeywords$setText$2.call(Unknown Source)
	at adminSuiteBootstrap.debitPersonalsetData.debitPersonal_DataDriven(debitPersonalsetData.groovy:68)
	at adminSuiteBootstrap.debitPersonalsetData.invokeMethod(debitPersonalsetData.groovy)
	at com.kms.katalon.core.main.CustomKeywordDelegatingMetaClass.invokeStaticMethod(CustomKeywordDelegatingMetaClass.java:55)
	at DebitPersonal_ConfirmACNum_Error_TC.run(DebitPersonal_ConfirmACNum_Error_TC:129)
	at com.kms.katalon.core.main.ScriptEngine.run(ScriptEngine.java:194)
	at com.kms.katalon.core.main.ScriptEngine.runScriptAsRawText(ScriptEngine.java:119)
	at com.kms.katalon.core.main.TestCaseExecutor.runScript(TestCaseExecutor.java:448)
	at com.kms.katalon.core.main.TestCaseExecutor.doExecute(TestCaseExecutor.java:439)
	at com.kms.katalon.core.main.TestCaseExecutor.processExecutionPhase(TestCaseExecutor.java:418)
	at com.kms.katalon.core.main.TestCaseExecutor.accessMainPhase(TestCaseExecutor.java:410)
	at com.kms.katalon.core.main.TestCaseExecutor.execute(TestCaseExecutor.java:285)
	at com.kms.katalon.core.common.CommonExecutor.accessTestCaseMainPhase(CommonExecutor.java:65)
	at com.kms.katalon.core.main.TestSuiteExecutor.accessTestSuiteMainPhase(TestSuiteExecutor.java:148)
	at com.kms.katalon.core.main.TestSuiteExecutor.execute(TestSuiteExecutor.java:106)
	at com.kms.katalon.core.main.TestCaseMain.startTestSuite(TestCaseMain.java:187)
	at com.kms.katalon.core.main.TestCaseMain$startTestSuite$0.call(Unknown Source)
	at TempTestSuite1730425169576.run(TempTestSuite1730425169576.groovy:35)
Caused by: com.kms.katalon.core.webui.exception.WebElementNotFoundException: Web element with id: 'Object Repository/AdminSuiteBootstrap_Pages/VT_Bootstrap/ACHPersonal/input_smsNumber' located by '//*[@type = 'TEXT' and @name = 'smsNumber' and @id = 'smsNumber']' not found
	at com.kms.katalon.core.webui.common.WebUiCommonHelper.findWebElement(WebUiCommonHelper.java:1381)
	at com.kms.katalon.core.webui.keyword.internal.WebUIAbstractKeyword.findWebElement(WebUIAbstractKeyword.groovy:27)
	at com.kms.katalon.core.webui.keyword.internal.WebUIAbstractKeyword.findWebElement(WebUIAbstractKeyword.groovy:26)
	at com.kms.katalon.core.webui.keyword.builtin.SetTextKeyword$_setText_closure1.doCall(SetTextKeyword.groovy:51)
	at com.kms.katalon.core.webui.keyword.builtin.SetTextKeyword$_setText_closure1.call(SetTextKeyword.groovy)
	at com.kms.katalon.core.webui.keyword.internal.WebUIKeywordMain.runKeyword(WebUIKeywordMain.groovy:20)
	at com.kms.katalon.core.webui.keyword.builtin.SetTextKeyword.setText(SetTextKeyword.groovy:66)
	at com.kms.katalon.core.webui.keyword.builtin.SetTextKeyword.execute(SetTextKeyword.groovy:37)
	at com.kms.katalon.core.keyword.internal.KeywordExecutor.executeKeywordForPlatform(KeywordExecutor.groovy:74)
	at com.kms.katalon.core.webui.keyword.WebUiBuiltInKeywords.setText(WebUiBuiltInKeywords.groovy:980)
	at com.kms.katalon.core.webui.keyword.WebUiBuiltInKeywords$setText$2.call(Unknown Source)
	at adminSuiteBootstrap.debitPersonalsetData.debitPersonal_DataDriven(debitPersonalsetData.groovy:68)
	at adminSuiteBootstrap.debitPersonalsetData.invokeMethod(debitPersonalsetData.groovy)
	at com.kms.katalon.core.main.CustomKeywordDelegatingMetaClass.invokeStaticMethod(CustomKeywordDelegatingMetaClass.java:55)
	at Script1649100571514.run(Script1649100571514.groovy:129)
	... 13 more
)
[[ATTACHMENT|E:\\Cloned-Project-Katalon\\VPS-Katalon\\Reports\\20241031_213928\\QA\\VT-Bootstrap\\AdminSuiteBootstrap_MRF_TestSuite\\20241031_213929\\1730425872121.png]]

2024-10-31 21:51:13 - [MESSAGE][PASSED] - Text '45681002' is set on object 'Object Repository/AdminSuiteBootstrap_Pages/VT_Bootstrap/ACHPersonal/input_accountNumber'

2024-10-31 21:51:13 - [MESSAGE][PASSED] - Text '256072691' is set on object 'Object Repository/AdminSuiteBootstrap_Pages/VT_Bootstrap/ACHPersonal/input_routingNumber'

2024-10-31 21:51:14 - [MESSAGE][PASSED] - All options with label 'Checking' are selected in object 'Object Repository/AdminSuiteBootstrap_Pages/VT_Bootstrap/ACHPersonal/select_AccountType'  using regular expression

2024-10-31 21:51:15 - [MESSAGE][PASSED] - All options with label 'TEL - Telephone-Initiated Entry' are selected in object 'Object Repository/AdminSuiteBootstrap_Pages/VT_Bootstrap/ACHPersonal/select_STD'  using regular expression

2024-10-31 21:51:15 - [MESSAGE][PASSED] - Text '11.5' is set on object 'Object Repository/AdminSuiteBootstrap_Pages/VT_Bootstrap/ACHPersonal/input_amount'

2024-10-31 21:51:17 - [MESSAGE][PASSED] - Text 'Denmark' is set on object 'Object Repository/AdminSuiteBootstrap_Pages/VT_Bootstrap/ACHPersonal/input_userDefined1'

2024-10-31 21:51:17 - [MESSAGE][PASSED] - Text 'Australia' is set on object 'Object Repository/AdminSuiteBootstrap_Pages/VT_Bootstrap/ACHPersonal/input_userDefined2'

2024-10-31 21:51:18 - [MESSAGE][PASSED] - Text 'Austria' is set on object 'Object Repository/AdminSuiteBootstrap_Pages/VT_Bootstrap/ACHPersonal/input_userDefined3'

2024-10-31 21:51:19 - [MESSAGE][PASSED] - Text 'Sweden' is set on object 'Object Repository/AdminSuiteBootstrap_Pages/VT_Bootstrap/ACHPersonal/input_userDefined4'

2024-10-31 21:51:19 - [MESSAGE][PASSED] - All options with label 'Yellow' are selected in object 'Object Repository/AdminSuiteBootstrap_Pages/VT_Bootstrap/ACHPersonal/select_UDF5'  using regular expression

2024-10-31 21:51:20 - [MESSAGE][PASSED] - All options with label 'Orange' are selected in object 'Object Repository/AdminSuiteBootstrap_Pages/VT_Bootstrap/ACHPersonal/select_UDF6'  using regular expression

2024-10-31 21:51:21 - [MESSAGE][PASSED] - Text 'Netherlands' is set on object 'Object Repository/AdminSuiteBootstrap_Pages/VT_Bootstrap/ACHPersonal/input_userDefined7'

2024-10-31 21:51:22 - [MESSAGE][PASSED] - Text 'Norway' is set on object 'Object Repository/AdminSuiteBootstrap_Pages/VT_Bootstrap/ACHPersonal/input_userDefined8'

2024-10-31 21:51:22 - [MESSAGE][PASSED] - Text 'France' is set on object 'Object Repository/AdminSuiteBootstrap_Pages/VT_Bootstrap/ACHPersonal/input_userDefined9'

2024-10-31 21:51:23 - [MESSAGE][PASSED] - Text 'Switzerland' is set on object 'Object Repository/AdminSuiteBootstrap_Pages/VT_Bootstrap/ACHPersonal/input_userDefined10'

2024-10-31 21:51:24 - [MESSAGE][PASSED] - Object: 'Object Repository/AdminSuiteBootstrap_Pages/VT_Bootstrap/ACHPersonal/button_Submit' is clicked on

2024-10-31 21:51:24 - [MESSAGE][FAILED] - com.kms.katalon.core.exception.StepFailedException: Unable to set text '' of object 'Object Repository/AdminSuiteBootstrap_Pages/VT_Bootstrap/ACHPersonal/input_smsNumber' (Root cause: com.kms.katalon.core.exception.StepFailedException: Unable to set text '' of object 'Object Repository/AdminSuiteBootstrap_Pages/VT_Bootstrap/ACHPersonal/input_smsNumber'
	at com.kms.katalon.core.webui.keyword.internal.WebUIKeywordMain.stepFailed(WebUIKeywordMain.groovy:64)
	at com.kms.katalon.core.webui.keyword.internal.WebUIKeywordMain.runKeyword(WebUIKeywordMain.groovy:26)
	at com.kms.katalon.core.webui.keyword.builtin.SetTextKeyword.setText(SetTextKeyword.groovy:66)
	at com.kms.katalon.core.webui.keyword.builtin.SetTextKeyword.execute(SetTextKeyword.groovy:37)
	at com.kms.katalon.core.keyword.internal.KeywordExecutor.executeKeywordForPlatform(KeywordExecutor.groovy:74)
	at com.kms.katalon.core.webui.keyword.WebUiBuiltInKeywords.setText(WebUiBuiltInKeywords.groovy:980)
	at com.kms.katalon.core.webui.keyword.WebUiBuiltInKeywords$setText$2.call(Unknown Source)
	at adminSuiteBootstrap.debitPersonalsetData.debitPersonal_DataDriven(debitPersonalsetData.groovy:68)
	at adminSuiteBootstrap.debitPersonalsetData.invokeMethod(debitPersonalsetData.groovy)
	at com.kms.katalon.core.main.CustomKeywordDelegatingMetaClass.invokeStaticMethod(CustomKeywordDelegatingMetaClass.java:55)
	at DebitPersonal_ConfirmACNum_Error_TC.run(DebitPersonal_ConfirmACNum_Error_TC:129)
	at com.kms.katalon.core.main.ScriptEngine.run(ScriptEngine.java:194)
	at com.kms.katalon.core.main.ScriptEngine.runScriptAsRawText(ScriptEngine.java:119)
	at com.kms.katalon.core.main.TestCaseExecutor.runScript(TestCaseExecutor.java:448)
	at com.kms.katalon.core.main.TestCaseExecutor.doExecute(TestCaseExecutor.java:439)
	at com.kms.katalon.core.main.TestCaseExecutor.processExecutionPhase(TestCaseExecutor.java:418)
	at com.kms.katalon.core.main.TestCaseExecutor.accessMainPhase(TestCaseExecutor.java:410)
	at com.kms.katalon.core.main.TestCaseExecutor.execute(TestCaseExecutor.java:285)
	at com.kms.katalon.core.common.CommonExecutor.accessTestCaseMainPhase(CommonExecutor.java:65)
	at com.kms.katalon.core.main.TestSuiteExecutor.accessTestSuiteMainPhase(TestSuiteExecutor.java:148)
	at com.kms.katalon.core.main.TestSuiteExecutor.execute(TestSuiteExecutor.java:106)
	at com.kms.katalon.core.main.TestCaseMain.startTestSuite(TestCaseMain.java:187)
	at com.kms.katalon.core.main.TestCaseMain$startTestSuite$0.call(Unknown Source)
	at TempTestSuite1730425169576.run(TempTestSuite1730425169576.groovy:35)
Caused by: com.kms.katalon.core.webui.exception.WebElementNotFoundException: Web element with id: 'Object Repository/AdminSuiteBootstrap_Pages/VT_Bootstrap/ACHPersonal/input_smsNumber' located by '//*[@type = 'TEXT' and @name = 'smsNumber' and @id = 'smsNumber']' not found
	at com.kms.katalon.core.webui.common.WebUiCommonHelper.findWebElement(WebUiCommonHelper.java:1381)
	at com.kms.katalon.core.webui.keyword.internal.WebUIAbstractKeyword.findWebElement(WebUIAbstractKeyword.groovy:27)
	at com.kms.katalon.core.webui.keyword.internal.WebUIAbstractKeyword.findWebElement(WebUIAbstractKeyword.groovy:26)
	at com.kms.katalon.core.webui.keyword.builtin.SetTextKeyword$_setText_closure1.doCall(SetTextKeyword.groovy:51)
	at com.kms.katalon.core.webui.keyword.builtin.SetTextKeyword$_setText_closure1.call(SetTextKeyword.groovy)
	at com.kms.katalon.core.webui.keyword.internal.WebUIKeywordMain.runKeyword(WebUIKeywordMain.groovy:20)
	at com.kms.katalon.core.webui.keyword.builtin.SetTextKeyword.setText(SetTextKeyword.groovy:66)
	at com.kms.katalon.core.webui.keyword.builtin.SetTextKeyword.execute(SetTextKeyword.groovy:37)
	at com.kms.katalon.core.keyword.internal.KeywordExecutor.executeKeywordForPlatform(KeywordExecutor.groovy:74)
	at com.kms.katalon.core.webui.keyword.WebUiBuiltInKeywords.setText(WebUiBuiltInKeywords.groovy:980)
	at com.kms.katalon.core.webui.keyword.WebUiBuiltInKeywords$setText$2.call(Unknown Source)
	at adminSuiteBootstrap.debitPersonalsetData.debitPersonal_DataDriven(debitPersonalsetData.groovy:68)
	at adminSuiteBootstrap.debitPersonalsetData.invokeMethod(debitPersonalsetData.groovy)
	at com.kms.katalon.core.main.CustomKeywordDelegatingMetaClass.invokeStaticMethod(CustomKeywordDelegatingMetaClass.java:55)
	at Script1649100571514.run(Script1649100571514.groovy:129)
	... 13 more
)

2024-10-31 21:51:24 - [TEST_STEP][PASSED] - confirmError = findTestData(dataFile).getValue("ErrorMessage", row): null

2024-10-31 21:51:24 - [TEST_STEP][PASSED] - verifyTextPresent(confirmError, true): Text 'The ACH Account Number information provided does not match. Please re-enter and confirm your ACH Account Number information' is present on page  using regular expression

2024-10-31 21:51:25 - [MESSAGE][PASSED] - Text 'The ACH Account Number information provided does not match. Please re-enter and confirm your ACH Account Number information' is present on page  using regular expression

2024-10-31 21:51:25 - [TEST_STEP][PASSED] - closeBrowser(): Browser is closed

2024-10-31 21:51:26 - [MESSAGE][PASSED] - Browser is closed]]></system-out>
         <system-err><![CDATA[2024-10-31 21:49:01 - [TEST_CASE][FAILED] - Test Cases/Admin Suite Bootstrap/VT_ACH_TestCases/DebitPersonal_ConfirmACNum_Error_TC: Test Cases/Admin Suite Bootstrap/VT_ACH_TestCases/DebitPersonal_ConfirmACNum_Error_TC FAILED.
Reason:
com.kms.katalon.core.exception.StepFailedException: Unable to set text '' of object 'Object Repository/AdminSuiteBootstrap_Pages/VT_Bootstrap/ACHPersonal/input_smsNumber' (Root cause: com.kms.katalon.core.exception.StepFailedException: Unable to set text '' of object 'Object Repository/AdminSuiteBootstrap_Pages/VT_Bootstrap/ACHPersonal/input_smsNumber'
	at com.kms.katalon.core.webui.keyword.internal.WebUIKeywordMain.stepFailed(WebUIKeywordMain.groovy:64)
	at com.kms.katalon.core.webui.keyword.internal.WebUIKeywordMain.runKeyword(WebUIKeywordMain.groovy:26)
	at com.kms.katalon.core.webui.keyword.builtin.SetTextKeyword.setText(SetTextKeyword.groovy:66)
	at com.kms.katalon.core.webui.keyword.builtin.SetTextKeyword.execute(SetTextKeyword.groovy:37)
	at com.kms.katalon.core.keyword.internal.KeywordExecutor.executeKeywordForPlatform(KeywordExecutor.groovy:74)
	at com.kms.katalon.core.webui.keyword.WebUiBuiltInKeywords.setText(WebUiBuiltInKeywords.groovy:980)
	at com.kms.katalon.core.webui.keyword.WebUiBuiltInKeywords$setText$2.call(Unknown Source)
	at adminSuiteBootstrap.debitPersonalsetData.debitPersonal_DataDriven(debitPersonalsetData.groovy:68)
	at adminSuiteBootstrap.debitPersonalsetData.invokeMethod(debitPersonalsetData.groovy)
	at com.kms.katalon.core.main.CustomKeywordDelegatingMetaClass.invokeStaticMethod(CustomKeywordDelegatingMetaClass.java:55)
	at DebitPersonal_ConfirmACNum_Error_TC.run(DebitPersonal_ConfirmACNum_Error_TC:129)
	at com.kms.katalon.core.main.ScriptEngine.run(ScriptEngine.java:194)
	at com.kms.katalon.core.main.ScriptEngine.runScriptAsRawText(ScriptEngine.java:119)
	at com.kms.katalon.core.main.TestCaseExecutor.runScript(TestCaseExecutor.java:448)
	at com.kms.katalon.core.main.TestCaseExecutor.doExecute(TestCaseExecutor.java:439)
	at com.kms.katalon.core.main.TestCaseExecutor.processExecutionPhase(TestCaseExecutor.java:418)
	at com.kms.katalon.core.main.TestCaseExecutor.accessMainPhase(TestCaseExecutor.java:410)
	at com.kms.katalon.core.main.TestCaseExecutor.execute(TestCaseExecutor.java:285)
	at com.kms.katalon.core.common.CommonExecutor.accessTestCaseMainPhase(CommonExecutor.java:65)
	at com.kms.katalon.core.main.TestSuiteExecutor.accessTestSuiteMainPhase(TestSuiteExecutor.java:148)
	at com.kms.katalon.core.main.TestSuiteExecutor.execute(TestSuiteExecutor.java:106)
	at com.kms.katalon.core.main.TestCaseMain.startTestSuite(TestCaseMain.java:187)
	at com.kms.katalon.core.main.TestCaseMain$startTestSuite$0.call(Unknown Source)
	at TempTestSuite1730425169576.run(TempTestSuite1730425169576.groovy:35)
Caused by: com.kms.katalon.core.webui.exception.WebElementNotFoundException: Web element with id: 'Object Repository/AdminSuiteBootstrap_Pages/VT_Bootstrap/ACHPersonal/input_smsNumber' located by '//*[@type = 'TEXT' and @name = 'smsNumber' and @id = 'smsNumber']' not found
	at com.kms.katalon.core.webui.common.WebUiCommonHelper.findWebElement(WebUiCommonHelper.java:1381)
	at com.kms.katalon.core.webui.keyword.internal.WebUIAbstractKeyword.findWebElement(WebUIAbstractKeyword.groovy:27)
	at com.kms.katalon.core.webui.keyword.internal.WebUIAbstractKeyword.findWebElement(WebUIAbstractKeyword.groovy:26)
	at com.kms.katalon.core.webui.keyword.builtin.SetTextKeyword$_setText_closure1.doCall(SetTextKeyword.groovy:51)
	at com.kms.katalon.core.webui.keyword.builtin.SetTextKeyword$_setText_closure1.call(SetTextKeyword.groovy)
	at com.kms.katalon.core.webui.keyword.internal.WebUIKeywordMain.runKeyword(WebUIKeywordMain.groovy:20)
	at com.kms.katalon.core.webui.keyword.builtin.SetTextKeyword.setText(SetTextKeyword.groovy:66)
	at com.kms.katalon.core.webui.keyword.builtin.SetTextKeyword.execute(SetTextKeyword.groovy:37)
	at com.kms.katalon.core.keyword.internal.KeywordExecutor.executeKeywordForPlatform(KeywordExecutor.groovy:74)
	at com.kms.katalon.core.webui.keyword.WebUiBuiltInKeywords.setText(WebUiBuiltInKeywords.groovy:980)
	at com.kms.katalon.core.webui.keyword.WebUiBuiltInKeywords$setText$2.call(Unknown Source)
	at adminSuiteBootstrap.debitPersonalsetData.debitPersonal_DataDriven(debitPersonalsetData.groovy:68)
	at adminSuiteBootstrap.debitPersonalsetData.invokeMethod(debitPersonalsetData.groovy)
	at com.kms.katalon.core.main.CustomKeywordDelegatingMetaClass.invokeStaticMethod(CustomKeywordDelegatingMetaClass.java:55)
	at Script1649100571514.run(Script1649100571514.groovy:129)
	... 13 more
)
	at com.kms.katalon.core.keyword.internal.KeywordMain.stepFailed(KeywordMain.groovy:39)
	at com.kms.katalon.core.webui.keyword.internal.WebUIKeywordMain.stepFailed(WebUIKeywordMain.groovy:64)
	at com.kms.katalon.core.webui.keyword.internal.WebUIKeywordMain.runKeyword(WebUIKeywordMain.groovy:26)
	at com.kms.katalon.core.webui.keyword.builtin.SetTextKeyword.setText(SetTextKeyword.groovy:66)
	at com.kms.katalon.core.webui.keyword.builtin.SetTextKeyword.execute(SetTextKeyword.groovy:37)
	at com.kms.katalon.core.keyword.internal.KeywordExecutor.executeKeywordForPlatform(KeywordExecutor.groovy:74)
	at com.kms.katalon.core.webui.keyword.WebUiBuiltInKeywords.setText(WebUiBuiltInKeywords.groovy:980)
	at com.kms.katalon.core.webui.keyword.WebUiBuiltInKeywords$setText$2.call(Unknown Source)
	at adminSuiteBootstrap.debitPersonalsetData.debitPersonal_DataDriven(debitPersonalsetData.groovy:68)
	at adminSuiteBootstrap.debitPersonalsetData.invokeMethod(debitPersonalsetData.groovy)
	at com.kms.katalon.core.main.CustomKeywordDelegatingMetaClass.invokeStaticMethod(CustomKeywordDelegatingMetaClass.java:55)
	at DebitPersonal_ConfirmACNum_Error_TC.run(DebitPersonal_ConfirmACNum_Error_TC:129)
	at com.kms.katalon.core.main.ScriptEngine.run(ScriptEngine.java:194)
	at com.kms.katalon.core.main.ScriptEngine.runScriptAsRawText(ScriptEngine.java:119)
	at com.kms.katalon.core.main.TestCaseExecutor.runScript(TestCaseExecutor.java:448)
	at com.kms.katalon.core.main.TestCaseExecutor.doExecute(TestCaseExecutor.java:439)
	at com.kms.katalon.core.main.TestCaseExecutor.processExecutionPhase(TestCaseExecutor.java:418)
	at com.kms.katalon.core.main.TestCaseExecutor.accessMainPhase(TestCaseExecutor.java:410)
	at com.kms.katalon.core.main.TestCaseExecutor.execute(TestCaseExecutor.java:285)
	at com.kms.katalon.core.common.CommonExecutor.accessTestCaseMainPhase(CommonExecutor.java:65)
	at com.kms.katalon.core.main.TestSuiteExecutor.accessTestSuiteMainPhase(TestSuiteExecutor.java:148)
	at com.kms.katalon.core.main.TestSuiteExecutor.execute(TestSuiteExecutor.java:106)
	at com.kms.katalon.core.main.TestCaseMain.startTestSuite(TestCaseMain.java:187)
	at com.kms.katalon.core.main.TestCaseMain$startTestSuite$0.call(Unknown Source)
	at TempTestSuite1730425169576.run(TempTestSuite1730425169576.groovy:35)
Caused by: com.kms.katalon.core.exception.StepFailedException: Unable to set text '' of object 'Object Repository/AdminSuiteBootstrap_Pages/VT_Bootstrap/ACHPersonal/input_smsNumber'
	... 24 more
Caused by: com.kms.katalon.core.webui.exception.WebElementNotFoundException: Web element with id: 'Object Repository/AdminSuiteBootstrap_Pages/VT_Bootstrap/ACHPersonal/input_smsNumber' located by '//*[@type = 'TEXT' and @name = 'smsNumber' and @id = 'smsNumber']' not found
	at com.kms.katalon.core.webui.common.WebUiCommonHelper.findWebElement(WebUiCommonHelper.java:1381)
	at com.kms.katalon.core.webui.keyword.internal.WebUIAbstractKeyword.findWebElement(WebUIAbstractKeyword.groovy:27)
	at com.kms.katalon.core.webui.keyword.internal.WebUIAbstractKeyword.findWebElement(WebUIAbstractKeyword.groovy:26)
	at com.kms.katalon.core.webui.keyword.builtin.SetTextKeyword$_setText_closure1.doCall(SetTextKeyword.groovy:51)
	at com.kms.katalon.core.webui.keyword.builtin.SetTextKeyword$_setText_closure1.call(SetTextKeyword.groovy)
	at com.kms.katalon.core.webui.keyword.internal.WebUIKeywordMain.runKeyword(WebUIKeywordMain.groovy:20)
	... 22 more]]></system-err>
      </testcase>
      <testcase name="Test Cases/Admin Suite Bootstrap/VT_TestCases/SaleKeyboard_CardNotAccepted_Error_TC" time="57.384" classname="Test Cases/Admin Suite Bootstrap/VT_TestCases/SaleKeyboard_CardNotAccepted_Error_TC" status="PASSED">
         <system-out><![CDATA[2024-10-31 21:51:26 - [TEST_CASE][PASSED] - Test Cases/Admin Suite Bootstrap/VT_TestCases/SaleKeyboard_CardNotAccepted_Error_TC: Test Cases/Admin Suite Bootstrap/VT_TestCases/SaleKeyboard_CardNotAccepted_Error_TC

2024-10-31 21:51:27 - [TEST_STEP][PASSED] - path_Dashboard = "Object Repository/AdminSuiteBootstrap_Pages/Dashboard_Bootstrap/": null

2024-10-31 21:51:27 - [TEST_STEP][PASSED] - path_VT = "Object Repository/AdminSuiteBootstrap_Pages/VT_Bootstrap/IssueTransactions/": null

2024-10-31 21:51:27 - [TEST_STEP][PASSED] - path_SaleKB = "Object Repository/AdminSuiteBootstrap_Pages/VT_Bootstrap/SaleKeyboard/": null

2024-10-31 21:51:27 - [TEST_STEP][PASSED] - path_TestMinus = "Object Repository/Page_TestMinusAndAtSigns/": null

2024-10-31 21:51:27 - [TEST_STEP][PASSED] - li_1 = vpos_Prefix: null

2024-10-31 21:51:27 - [TEST_STEP][PASSED] - li_2 = "/transactions/AuthCapForm/": null

2024-10-31 21:51:27 - [TEST_STEP][PASSED] - executionProfile = getExecutionProfile(): null

2024-10-31 21:51:27 - [TEST_STEP][PASSED] - out.println("executionProfile : " + executionProfile): null

2024-10-31 21:51:27 - [TEST_STEP][PASSED] - appName = <not implemented yet for class: org.codehaus.groovy.ast.expr.EmptyExpression>: null

2024-10-31 21:51:27 - [TEST_STEP][PASSED] - appID = <not implemented yet for class: org.codehaus.groovy.ast.expr.EmptyExpression>: null

2024-10-31 21:51:27 - [TEST_STEP][PASSED] - cardNameV = <not implemented yet for class: org.codehaus.groovy.ast.expr.EmptyExpression>: null

2024-10-31 21:51:27 - [TEST_STEP][PASSED] - al1V = <not implemented yet for class: org.codehaus.groovy.ast.expr.EmptyExpression>: null

2024-10-31 21:51:27 - [TEST_STEP][PASSED] - al2V = <not implemented yet for class: org.codehaus.groovy.ast.expr.EmptyExpression>: null

2024-10-31 21:51:27 - [TEST_STEP][PASSED] - zipV = <not implemented yet for class: org.codehaus.groovy.ast.expr.EmptyExpression>: null

2024-10-31 21:51:27 - [TEST_STEP][PASSED] - cardTypeV = <not implemented yet for class: org.codehaus.groovy.ast.expr.EmptyExpression>: null

2024-10-31 21:51:27 - [TEST_STEP][PASSED] - last4V = <not implemented yet for class: org.codehaus.groovy.ast.expr.EmptyExpression>: null

2024-10-31 21:51:27 - [TEST_STEP][PASSED] - phoneNumber = <not implemented yet for class: org.codehaus.groovy.ast.expr.EmptyExpression>: null

2024-10-31 21:51:27 - [TEST_STEP][PASSED] - amount = <not implemented yet for class: org.codehaus.groovy.ast.expr.EmptyExpression>: null

2024-10-31 21:51:27 - [TEST_STEP][PASSED] - resText = "Fail": null

2024-10-31 21:51:27 - [TEST_STEP][PASSED] - resColumn = "Result": null

2024-10-31 21:51:27 - [TEST_STEP][PASSED] - datCloumn = "Date": null

2024-10-31 21:51:27 - [TEST_STEP][PASSED] - fileLoc = "C:\KatalonData\Bootstrap\VT-Misc-Data.xlsx": null

2024-10-31 21:51:27 - [TEST_STEP][PASSED] - numOfrow = <not implemented yet for class: org.codehaus.groovy.ast.expr.EmptyExpression>: null

2024-10-31 21:51:27 - [TEST_STEP][PASSED] - dataFile = <not implemented yet for class: org.codehaus.groovy.ast.expr.EmptyExpression>: null

2024-10-31 21:51:27 - [TEST_STEP][PASSED] - nameSheet = <not implemented yet for class: org.codehaus.groovy.ast.expr.EmptyExpression>: null

2024-10-31 21:51:27 - [TEST_STEP][PASSED] - nameSheet = "Sale-CardNotAccepted": null

2024-10-31 21:51:27 - [TEST_STEP][PASSED] - numOfrow = findTestData("QA/Bootstrap/VT-TestData/VT-SaleCardNotAccepted").getRowNumbers(): null

2024-10-31 21:51:27 - [TEST_STEP][PASSED] - println("Number of Records: " + numOfrow): null

2024-10-31 21:51:27 - [TEST_STEP][PASSED] - dataFile = "QA/Bootstrap/VT-TestData/VT-SaleCardNotAccepted": null

2024-10-31 21:51:27 - [TEST_STEP][PASSED] - for ([row = 1, row <= numOfrow, (row++)]): Browser is closed

2024-10-31 21:51:27 - [TEST_STEP][PASSED] - ExecuteTC = findTestData(dataFile).getValue("Execute", row): null

2024-10-31 21:51:27 - [TEST_STEP][PASSED] - out.println("Value of Execute is : " + ExecuteTC): null

2024-10-31 21:51:27 - [TEST_STEP][PASSED] - switch (executionProfile): null

2024-10-31 21:51:27 - [TEST_STEP][PASSED] - case "QA2Profile":: null

2024-10-31 21:51:27 - [TEST_STEP][PASSED] - appName = findTestData(dataFile).getValue("AppName", row): null

2024-10-31 21:51:27 - [TEST_STEP][PASSED] - appID = findTestData(dataFile).getValue("AppID", row): null

2024-10-31 21:51:27 - [TEST_STEP][PASSED] - break: null

2024-10-31 21:51:27 - [TEST_STEP][PASSED] - hrefAppID = li_1 + appID + li_2: null

2024-10-31 21:51:27 - [TEST_STEP][PASSED] - hrefApp = li_1 + appID + "/": null

2024-10-31 21:51:27 - [TEST_STEP][PASSED] - println("hrefApp : " + hrefApp): null

2024-10-31 21:51:27 - [TEST_STEP][PASSED] - if (ExecuteTC.equalsIgnoreCase("Y")): Browser is closed

2024-10-31 21:51:27 - [TEST_STEP][PASSED] - out.println("Begin Record Number: " + row): null

2024-10-31 21:51:27 - [TEST_STEP][PASSED] - today = new java.util.Date(): null

2024-10-31 21:51:27 - [TEST_STEP][PASSED] - println(today): null

2024-10-31 21:51:27 - [TEST_STEP][PASSED] - datText = today: null

2024-10-31 21:51:27 - [TEST_STEP][PASSED] - adminSuiteBootstrap.loginFunctionality.login_AdminSuite(): adminSuiteBootstrap.loginFunctionality.login_AdminSuite is PASSED

2024-10-31 21:51:27 - [MESSAGE][INFO] - Starting 'Chrome' driver

2024-10-31 21:51:27 - [MESSAGE][INFO] - User set preference: ['acceptInsecureCerts', 'true']

2024-10-31 21:51:27 - [MESSAGE][INFO] - Action delay is set to 0 milliseconds

2024-10-31 21:51:30 - [MESSAGE][PASSED] - Browser is opened with url: 'https://qa2.velocitypayment.com/admin/imtiaz'

2024-10-31 21:51:30 - [MESSAGE][PASSED] - Current window maximized

2024-10-31 21:51:31 - [MESSAGE][PASSED] - Object 'Object Repository/Login_Page/Login_Username_Okta' is present

2024-10-31 21:51:32 - [MESSAGE][PASSED] - Text 'iahmed' is set on object 'Object Repository/Login_Page/Login_Username_Okta'

2024-10-31 21:51:32 - [MESSAGE][PASSED] - Text 'Hello!7777777' is set on object 'Object Repository/Login_Page/Login_Password_Okta'

2024-10-31 21:51:33 - [MESSAGE][PASSED] - Object: 'Object Repository/Login_Page/Login_Submit_Okta' is clicked on

2024-10-31 21:51:33 - [MESSAGE][PASSED] - adminSuiteBootstrap.loginFunctionality.login_AdminSuite is PASSED

2024-10-31 21:51:33 - [TEST_STEP][PASSED] - click(findTestObject(path_Dashboard + appName)): Object: 'Object Repository/AdminSuiteBootstrap_Pages/Dashboard_Bootstrap/a_Access ParcelVRelay27NoCF' is clicked on

2024-10-31 21:51:41 - [MESSAGE][PASSED] - Object: 'Object Repository/AdminSuiteBootstrap_Pages/Dashboard_Bootstrap/a_Access ParcelVRelay27NoCF' is clicked on

2024-10-31 21:51:41 - [TEST_STEP][PASSED] - click(findTestObject(path_VT + "button_Authorization  Capture (Sale)")): Object: 'Object Repository/AdminSuiteBootstrap_Pages/VT_Bootstrap/IssueTransactions/button_Authorization  Capture (Sale)' is clicked on

2024-10-31 21:51:41 - [MESSAGE][PASSED] - Object: 'Object Repository/AdminSuiteBootstrap_Pages/VT_Bootstrap/IssueTransactions/button_Authorization  Capture (Sale)' is clicked on

2024-10-31 21:51:41 - [TEST_STEP][PASSED] - saleKeyboardEntryLink = modifyObjectProperty(findTestObject(path_VT + "a_KeyboardEntry_Sale"), "href", "equals", hrefAppID, true): Modify property of object successfully

2024-10-31 21:51:41 - [MESSAGE][PASSED] - Modify property of object successfully

2024-10-31 21:51:41 - [TEST_STEP][PASSED] - click(saleKeyboardEntryLink): Object: 'Object Repository/AdminSuiteBootstrap_Pages/VT_Bootstrap/IssueTransactions/a_KeyboardEntry_Sale' is clicked on

2024-10-31 21:51:42 - [MESSAGE][PASSED] - Object: 'Object Repository/AdminSuiteBootstrap_Pages/VT_Bootstrap/IssueTransactions/a_KeyboardEntry_Sale' is clicked on

2024-10-31 21:51:42 - [TEST_STEP][PASSED] - cardName = findTestData(dataFile).getValue("CardName", row): null

2024-10-31 21:51:42 - [TEST_STEP][PASSED] - transCat = findTestData(dataFile).getValue("TranxCategory", row): null

2024-10-31 21:51:42 - [TEST_STEP][PASSED] - cardNumber = findTestData(dataFile).getValue("CardNumber", row): null

2024-10-31 21:51:42 - [TEST_STEP][PASSED] - CSC = findTestData(dataFile).getValue("CSC", row): null

2024-10-31 21:51:42 - [TEST_STEP][PASSED] - expM = findTestData(dataFile).getValue("ExpMM", row): null

2024-10-31 21:51:43 - [TEST_STEP][PASSED] - expY = findTestData(dataFile).getValue("ExpYYYY", row): null

2024-10-31 21:51:43 - [TEST_STEP][PASSED] - al1 = findTestData(dataFile).getValue("AL1", row): null

2024-10-31 21:51:43 - [TEST_STEP][PASSED] - al2 = findTestData(dataFile).getValue("AL2", row): null

2024-10-31 21:51:43 - [TEST_STEP][PASSED] - zipCode = findTestData(dataFile).getValue("ZIP", row): null

2024-10-31 21:51:43 - [TEST_STEP][PASSED] - emailAddress = findTestData(dataFile).getValue("Email", row): null

2024-10-31 21:51:43 - [TEST_STEP][PASSED] - phoneNumber = findTestData(dataFile).getValue("Phone", row): null

2024-10-31 21:51:43 - [TEST_STEP][PASSED] - amount = findTestData(dataFile).getValue("Amount", row): null

2024-10-31 21:51:43 - [TEST_STEP][PASSED] - setText(findTestObject(path_SaleKB + "input_cardName"), cardName): Text 'Card Notaccepted' is set on object 'Object Repository/AdminSuiteBootstrap_Pages/VT_Bootstrap/SaleKeyboard/input_cardName'

2024-10-31 21:51:44 - [MESSAGE][PASSED] - Text 'Card Notaccepted' is set on object 'Object Repository/AdminSuiteBootstrap_Pages/VT_Bootstrap/SaleKeyboard/input_cardName'

2024-10-31 21:51:44 - [TEST_STEP][PASSED] - selectOptionByValue(findTestObject(path_SaleKB + "select_transactionCategory"), transCat, true): All options with value 'MOTO' are selected in object 'Object Repository/AdminSuiteBootstrap_Pages/VT_Bootstrap/SaleKeyboard/select_transactionCategory'  using regular expression

2024-10-31 21:51:45 - [MESSAGE][PASSED] - All options with value 'MOTO' are selected in object 'Object Repository/AdminSuiteBootstrap_Pages/VT_Bootstrap/SaleKeyboard/select_transactionCategory'  using regular expression

2024-10-31 21:51:45 - [TEST_STEP][PASSED] - element = findWebElement(findTestObject(path_SaleKB + "input__cardNumber2"), 30): null

2024-10-31 21:51:45 - [TEST_STEP][PASSED] - executeJavaScript("arguments[0].value ='" + cardNumber + "' ", Arrays.asList(element)): Execute JavaScript 'arguments[0].value ='374245002771003' ' successfully

2024-10-31 21:51:45 - [MESSAGE][PASSED] - Execute JavaScript 'arguments[0].value ='374245002771003' ' successfully

2024-10-31 21:51:45 - [TEST_STEP][PASSED] - element2 = findWebElement(findTestObject(path_SaleKB + "input__cvv"), 30): null

2024-10-31 21:51:46 - [TEST_STEP][PASSED] - executeJavaScript("arguments[0].value ='" + CSC + "' ", Arrays.asList(element2)): Execute JavaScript 'arguments[0].value ='123' ' successfully

2024-10-31 21:51:46 - [MESSAGE][PASSED] - Execute JavaScript 'arguments[0].value ='123' ' successfully

2024-10-31 21:51:46 - [TEST_STEP][PASSED] - selectOptionByValue(findTestObject(path_SaleKB + "select_MM"), expM, true): All options with value '12' are selected in object 'Object Repository/AdminSuiteBootstrap_Pages/VT_Bootstrap/SaleKeyboard/select_MM'  using regular expression

2024-10-31 21:51:47 - [MESSAGE][PASSED] - All options with value '12' are selected in object 'Object Repository/AdminSuiteBootstrap_Pages/VT_Bootstrap/SaleKeyboard/select_MM'  using regular expression

2024-10-31 21:51:47 - [TEST_STEP][PASSED] - selectOptionByValue(findTestObject(path_SaleKB + "select_YYYY"), expY, true): All options with value '2025' are selected in object 'Object Repository/AdminSuiteBootstrap_Pages/VT_Bootstrap/SaleKeyboard/select_YYYY'  using regular expression

2024-10-31 21:51:48 - [MESSAGE][PASSED] - All options with value '2025' are selected in object 'Object Repository/AdminSuiteBootstrap_Pages/VT_Bootstrap/SaleKeyboard/select_YYYY'  using regular expression

2024-10-31 21:51:48 - [TEST_STEP][PASSED] - setText(findTestObject(path_SaleKB + "input__address"), al1): Text '36 Cornor Road' is set on object 'Object Repository/AdminSuiteBootstrap_Pages/VT_Bootstrap/SaleKeyboard/input__address'

2024-10-31 21:51:48 - [MESSAGE][PASSED] - Text '36 Cornor Road' is set on object 'Object Repository/AdminSuiteBootstrap_Pages/VT_Bootstrap/SaleKeyboard/input__address'

2024-10-31 21:51:48 - [TEST_STEP][PASSED] - setText(findTestObject(path_SaleKB + "input__address2"), al2): Text 'Suite 500' is set on object 'Object Repository/AdminSuiteBootstrap_Pages/VT_Bootstrap/SaleKeyboard/input__address2'

2024-10-31 21:51:49 - [MESSAGE][PASSED] - Text 'Suite 500' is set on object 'Object Repository/AdminSuiteBootstrap_Pages/VT_Bootstrap/SaleKeyboard/input__address2'

2024-10-31 21:51:49 - [TEST_STEP][PASSED] - setText(findTestObject(path_SaleKB + "input__zip"), zipCode): Text '22201' is set on object 'Object Repository/AdminSuiteBootstrap_Pages/VT_Bootstrap/SaleKeyboard/input__zip'

2024-10-31 21:51:50 - [MESSAGE][PASSED] - Text '22201' is set on object 'Object Repository/AdminSuiteBootstrap_Pages/VT_Bootstrap/SaleKeyboard/input__zip'

2024-10-31 21:51:50 - [TEST_STEP][PASSED] - setText(findTestObject(path_SaleKB + "input_emailAddress"), emailAddress): Text '' is set on object 'Object Repository/AdminSuiteBootstrap_Pages/VT_Bootstrap/SaleKeyboard/input_emailAddress'

2024-10-31 21:51:50 - [MESSAGE][PASSED] - Text '' is set on object 'Object Repository/AdminSuiteBootstrap_Pages/VT_Bootstrap/SaleKeyboard/input_emailAddress'

2024-10-31 21:51:50 - [TEST_STEP][PASSED] - setText(findTestObject(path_SaleKB + "input_amount"), amount): Text '10.50' is set on object 'Object Repository/AdminSuiteBootstrap_Pages/VT_Bootstrap/SaleKeyboard/input_amount'

2024-10-31 21:51:51 - [MESSAGE][PASSED] - Text '10.50' is set on object 'Object Repository/AdminSuiteBootstrap_Pages/VT_Bootstrap/SaleKeyboard/input_amount'

2024-10-31 21:51:51 - [TEST_STEP][PASSED] - click(findTestObject(path_SaleKB + "button_Submit")): Object: 'Object Repository/AdminSuiteBootstrap_Pages/VT_Bootstrap/SaleKeyboard/button_Submit' is clicked on

2024-10-31 21:51:54 - [MESSAGE][PASSED] - Object: 'Object Repository/AdminSuiteBootstrap_Pages/VT_Bootstrap/SaleKeyboard/button_Submit' is clicked on

2024-10-31 21:51:54 - [TEST_STEP][PASSED] - verifyTextPresent("Transaction Failed", true): Text 'Transaction Failed' is present on page  using regular expression

2024-10-31 21:51:54 - [MESSAGE][PASSED] - Text 'Transaction Failed' is present on page  using regular expression

2024-10-31 21:51:54 - [TEST_STEP][PASSED] - verifyTextPresent("Reason: The credit card type you submitted is not supported. Please choose a different card type", true): Text 'Reason: The credit card type you submitted is not supported. Please choose a different card type' is present on page  using regular expression

2024-10-31 21:51:54 - [MESSAGE][PASSED] - Text 'Reason: The credit card type you submitted is not supported. Please choose a different card type' is present on page  using regular expression

2024-10-31 21:51:54 - [TEST_STEP][PASSED] - closeBrowser(): Browser is closed

2024-10-31 21:51:56 - [MESSAGE][PASSED] - Browser is closed

2024-10-31 21:51:56 - [TEST_STEP][PASSED] - ExecuteTC = findTestData(dataFile).getValue("Execute", row): null

2024-10-31 21:51:56 - [TEST_STEP][PASSED] - out.println("Value of Execute is : " + ExecuteTC): null

2024-10-31 21:51:56 - [TEST_STEP][PASSED] - switch (executionProfile): null

2024-10-31 21:51:56 - [TEST_STEP][PASSED] - case "QA2Profile":: null

2024-10-31 21:51:56 - [TEST_STEP][PASSED] - appName = findTestData(dataFile).getValue("AppName", row): null

2024-10-31 21:51:56 - [TEST_STEP][PASSED] - appID = findTestData(dataFile).getValue("AppID", row): null

2024-10-31 21:51:56 - [TEST_STEP][PASSED] - break: null

2024-10-31 21:51:56 - [TEST_STEP][PASSED] - hrefAppID = li_1 + appID + li_2: null

2024-10-31 21:51:56 - [TEST_STEP][PASSED] - hrefApp = li_1 + appID + "/": null

2024-10-31 21:51:56 - [TEST_STEP][PASSED] - println("hrefApp : " + hrefApp): null

2024-10-31 21:51:56 - [TEST_STEP][PASSED] - if (ExecuteTC.equalsIgnoreCase("Y")): Browser is closed

2024-10-31 21:51:56 - [TEST_STEP][PASSED] - out.println("Begin Record Number: " + row): null

2024-10-31 21:51:56 - [TEST_STEP][PASSED] - today = new java.util.Date(): null

2024-10-31 21:51:56 - [TEST_STEP][PASSED] - println(today): null

2024-10-31 21:51:56 - [TEST_STEP][PASSED] - datText = today: null

2024-10-31 21:51:56 - [TEST_STEP][PASSED] - adminSuiteBootstrap.loginFunctionality.login_AdminSuite(): adminSuiteBootstrap.loginFunctionality.login_AdminSuite is PASSED

2024-10-31 21:51:56 - [MESSAGE][INFO] - Starting 'Chrome' driver

2024-10-31 21:51:56 - [MESSAGE][INFO] - User set preference: ['acceptInsecureCerts', 'true']

2024-10-31 21:51:56 - [MESSAGE][INFO] - Action delay is set to 0 milliseconds

2024-10-31 21:51:59 - [MESSAGE][PASSED] - Browser is opened with url: 'https://qa2.velocitypayment.com/admin/imtiaz'

2024-10-31 21:51:59 - [MESSAGE][PASSED] - Current window maximized

2024-10-31 21:51:59 - [MESSAGE][PASSED] - Object 'Object Repository/Login_Page/Login_Username_Okta' is present

2024-10-31 21:52:00 - [MESSAGE][PASSED] - Text 'iahmed' is set on object 'Object Repository/Login_Page/Login_Username_Okta'

2024-10-31 21:52:00 - [MESSAGE][PASSED] - Text 'Hello!7777777' is set on object 'Object Repository/Login_Page/Login_Password_Okta'

2024-10-31 21:52:01 - [MESSAGE][PASSED] - Object: 'Object Repository/Login_Page/Login_Submit_Okta' is clicked on

2024-10-31 21:52:01 - [MESSAGE][PASSED] - adminSuiteBootstrap.loginFunctionality.login_AdminSuite is PASSED

2024-10-31 21:52:01 - [TEST_STEP][PASSED] - click(findTestObject(path_Dashboard + appName)): Object: 'Object Repository/AdminSuiteBootstrap_Pages/Dashboard_Bootstrap/a_Access ParcelVRelay27NoCF' is clicked on

2024-10-31 21:52:09 - [MESSAGE][PASSED] - Object: 'Object Repository/AdminSuiteBootstrap_Pages/Dashboard_Bootstrap/a_Access ParcelVRelay27NoCF' is clicked on

2024-10-31 21:52:09 - [TEST_STEP][PASSED] - click(findTestObject(path_VT + "button_Authorization  Capture (Sale)")): Object: 'Object Repository/AdminSuiteBootstrap_Pages/VT_Bootstrap/IssueTransactions/button_Authorization  Capture (Sale)' is clicked on

2024-10-31 21:52:10 - [MESSAGE][PASSED] - Object: 'Object Repository/AdminSuiteBootstrap_Pages/VT_Bootstrap/IssueTransactions/button_Authorization  Capture (Sale)' is clicked on

2024-10-31 21:52:10 - [TEST_STEP][PASSED] - saleKeyboardEntryLink = modifyObjectProperty(findTestObject(path_VT + "a_KeyboardEntry_Sale"), "href", "equals", hrefAppID, true): Modify property of object successfully

2024-10-31 21:52:10 - [MESSAGE][PASSED] - Modify property of object successfully

2024-10-31 21:52:10 - [TEST_STEP][PASSED] - click(saleKeyboardEntryLink): Object: 'Object Repository/AdminSuiteBootstrap_Pages/VT_Bootstrap/IssueTransactions/a_KeyboardEntry_Sale' is clicked on

2024-10-31 21:52:11 - [MESSAGE][PASSED] - Object: 'Object Repository/AdminSuiteBootstrap_Pages/VT_Bootstrap/IssueTransactions/a_KeyboardEntry_Sale' is clicked on

2024-10-31 21:52:11 - [TEST_STEP][PASSED] - cardName = findTestData(dataFile).getValue("CardName", row): null

2024-10-31 21:52:11 - [TEST_STEP][PASSED] - transCat = findTestData(dataFile).getValue("TranxCategory", row): null

2024-10-31 21:52:11 - [TEST_STEP][PASSED] - cardNumber = findTestData(dataFile).getValue("CardNumber", row): null

2024-10-31 21:52:11 - [TEST_STEP][PASSED] - CSC = findTestData(dataFile).getValue("CSC", row): null

2024-10-31 21:52:11 - [TEST_STEP][PASSED] - expM = findTestData(dataFile).getValue("ExpMM", row): null

2024-10-31 21:52:12 - [TEST_STEP][PASSED] - expY = findTestData(dataFile).getValue("ExpYYYY", row): null

2024-10-31 21:52:12 - [TEST_STEP][PASSED] - al1 = findTestData(dataFile).getValue("AL1", row): null

2024-10-31 21:52:12 - [TEST_STEP][PASSED] - al2 = findTestData(dataFile).getValue("AL2", row): null

2024-10-31 21:52:12 - [TEST_STEP][PASSED] - zipCode = findTestData(dataFile).getValue("ZIP", row): null

2024-10-31 21:52:12 - [TEST_STEP][PASSED] - emailAddress = findTestData(dataFile).getValue("Email", row): null

2024-10-31 21:52:12 - [TEST_STEP][PASSED] - phoneNumber = findTestData(dataFile).getValue("Phone", row): null

2024-10-31 21:52:12 - [TEST_STEP][PASSED] - amount = findTestData(dataFile).getValue("Amount", row): null

2024-10-31 21:52:12 - [TEST_STEP][PASSED] - setText(findTestObject(path_SaleKB + "input_cardName"), cardName): Text 'Card Notaccepted' is set on object 'Object Repository/AdminSuiteBootstrap_Pages/VT_Bootstrap/SaleKeyboard/input_cardName'

2024-10-31 21:52:13 - [MESSAGE][PASSED] - Text 'Card Notaccepted' is set on object 'Object Repository/AdminSuiteBootstrap_Pages/VT_Bootstrap/SaleKeyboard/input_cardName'

2024-10-31 21:52:13 - [TEST_STEP][PASSED] - selectOptionByValue(findTestObject(path_SaleKB + "select_transactionCategory"), transCat, true): All options with value 'RETL' are selected in object 'Object Repository/AdminSuiteBootstrap_Pages/VT_Bootstrap/SaleKeyboard/select_transactionCategory'  using regular expression

2024-10-31 21:52:14 - [MESSAGE][PASSED] - All options with value 'RETL' are selected in object 'Object Repository/AdminSuiteBootstrap_Pages/VT_Bootstrap/SaleKeyboard/select_transactionCategory'  using regular expression

2024-10-31 21:52:14 - [TEST_STEP][PASSED] - element = findWebElement(findTestObject(path_SaleKB + "input__cardNumber2"), 30): null

2024-10-31 21:52:14 - [TEST_STEP][PASSED] - executeJavaScript("arguments[0].value ='" + cardNumber + "' ", Arrays.asList(element)): Execute JavaScript 'arguments[0].value ='374245002771003' ' successfully

2024-10-31 21:52:14 - [MESSAGE][PASSED] - Execute JavaScript 'arguments[0].value ='374245002771003' ' successfully

2024-10-31 21:52:14 - [TEST_STEP][PASSED] - element2 = findWebElement(findTestObject(path_SaleKB + "input__cvv"), 30): null

2024-10-31 21:52:14 - [TEST_STEP][PASSED] - executeJavaScript("arguments[0].value ='" + CSC + "' ", Arrays.asList(element2)): Execute JavaScript 'arguments[0].value ='123' ' successfully

2024-10-31 21:52:15 - [MESSAGE][PASSED] - Execute JavaScript 'arguments[0].value ='123' ' successfully

2024-10-31 21:52:15 - [TEST_STEP][PASSED] - selectOptionByValue(findTestObject(path_SaleKB + "select_MM"), expM, true): All options with value '12' are selected in object 'Object Repository/AdminSuiteBootstrap_Pages/VT_Bootstrap/SaleKeyboard/select_MM'  using regular expression

2024-10-31 21:52:16 - [MESSAGE][PASSED] - All options with value '12' are selected in object 'Object Repository/AdminSuiteBootstrap_Pages/VT_Bootstrap/SaleKeyboard/select_MM'  using regular expression

2024-10-31 21:52:16 - [TEST_STEP][PASSED] - selectOptionByValue(findTestObject(path_SaleKB + "select_YYYY"), expY, true): All options with value '2025' are selected in object 'Object Repository/AdminSuiteBootstrap_Pages/VT_Bootstrap/SaleKeyboard/select_YYYY'  using regular expression

2024-10-31 21:52:17 - [MESSAGE][PASSED] - All options with value '2025' are selected in object 'Object Repository/AdminSuiteBootstrap_Pages/VT_Bootstrap/SaleKeyboard/select_YYYY'  using regular expression

2024-10-31 21:52:17 - [TEST_STEP][PASSED] - setText(findTestObject(path_SaleKB + "input__address"), al1): Text '36 Cornor Road' is set on object 'Object Repository/AdminSuiteBootstrap_Pages/VT_Bootstrap/SaleKeyboard/input__address'

2024-10-31 21:52:17 - [MESSAGE][PASSED] - Text '36 Cornor Road' is set on object 'Object Repository/AdminSuiteBootstrap_Pages/VT_Bootstrap/SaleKeyboard/input__address'

2024-10-31 21:52:17 - [TEST_STEP][PASSED] - setText(findTestObject(path_SaleKB + "input__address2"), al2): Text 'Suite 500' is set on object 'Object Repository/AdminSuiteBootstrap_Pages/VT_Bootstrap/SaleKeyboard/input__address2'

2024-10-31 21:52:18 - [MESSAGE][PASSED] - Text 'Suite 500' is set on object 'Object Repository/AdminSuiteBootstrap_Pages/VT_Bootstrap/SaleKeyboard/input__address2'

2024-10-31 21:52:18 - [TEST_STEP][PASSED] - setText(findTestObject(path_SaleKB + "input__zip"), zipCode): Text '22201' is set on object 'Object Repository/AdminSuiteBootstrap_Pages/VT_Bootstrap/SaleKeyboard/input__zip'

2024-10-31 21:52:18 - [MESSAGE][PASSED] - Text '22201' is set on object 'Object Repository/AdminSuiteBootstrap_Pages/VT_Bootstrap/SaleKeyboard/input__zip'

2024-10-31 21:52:18 - [TEST_STEP][PASSED] - setText(findTestObject(path_SaleKB + "input_emailAddress"), emailAddress): Text '' is set on object 'Object Repository/AdminSuiteBootstrap_Pages/VT_Bootstrap/SaleKeyboard/input_emailAddress'

2024-10-31 21:52:19 - [MESSAGE][PASSED] - Text '' is set on object 'Object Repository/AdminSuiteBootstrap_Pages/VT_Bootstrap/SaleKeyboard/input_emailAddress'

2024-10-31 21:52:19 - [TEST_STEP][PASSED] - setText(findTestObject(path_SaleKB + "input_amount"), amount): Text '10.50' is set on object 'Object Repository/AdminSuiteBootstrap_Pages/VT_Bootstrap/SaleKeyboard/input_amount'

2024-10-31 21:52:20 - [MESSAGE][PASSED] - Text '10.50' is set on object 'Object Repository/AdminSuiteBootstrap_Pages/VT_Bootstrap/SaleKeyboard/input_amount'

2024-10-31 21:52:20 - [TEST_STEP][PASSED] - click(findTestObject(path_SaleKB + "button_Submit")): Object: 'Object Repository/AdminSuiteBootstrap_Pages/VT_Bootstrap/SaleKeyboard/button_Submit' is clicked on

2024-10-31 21:52:22 - [MESSAGE][PASSED] - Object: 'Object Repository/AdminSuiteBootstrap_Pages/VT_Bootstrap/SaleKeyboard/button_Submit' is clicked on

2024-10-31 21:52:22 - [TEST_STEP][PASSED] - verifyTextPresent("Transaction Failed", true): Text 'Transaction Failed' is present on page  using regular expression

2024-10-31 21:52:22 - [MESSAGE][PASSED] - Text 'Transaction Failed' is present on page  using regular expression

2024-10-31 21:52:22 - [TEST_STEP][PASSED] - verifyTextPresent("Reason: The credit card type you submitted is not supported. Please choose a different card type", true): Text 'Reason: The credit card type you submitted is not supported. Please choose a different card type' is present on page  using regular expression

2024-10-31 21:52:22 - [MESSAGE][PASSED] - Text 'Reason: The credit card type you submitted is not supported. Please choose a different card type' is present on page  using regular expression

2024-10-31 21:52:22 - [TEST_STEP][PASSED] - closeBrowser(): Browser is closed

2024-10-31 21:52:24 - [MESSAGE][PASSED] - Browser is closed]]></system-out>
         <system-err><![CDATA[]]></system-err>
      </testcase>
      <system-out><![CDATA[2024-10-31 21:39:40 - [TEST_SUITE][FAILED] - AdminSuiteBootstrap_MRF_TestSuite: Test Cases/Admin Suite Bootstrap/VT_TestCases/CaptureMore_TP_AllCF_Generic_Error_TC FAILED.
Reason:
com.kms.katalon.core.exception.StepFailedException: Unable to set text '' of object 'Object Repository/AdminSuiteBootstrap_Pages/VT_Bootstrap/SaleKeyboard/input_smsNumber' (Root cause: com.kms.katalon.core.exception.StepFailedException: Unable to set text '' of object 'Object Repository/AdminSuiteBootstrap_Pages/VT_Bootstrap/SaleKeyboard/input_smsNumber'
	at com.kms.katalon.core.webui.keyword.internal.WebUIKeywordMain.stepFailed(WebUIKeywordMain.groovy:64)
	at com.kms.katalon.core.webui.keyword.internal.WebUIKeywordMain.runKeyword(WebUIKeywordMain.groovy:26)
	at com.kms.katalon.core.webui.keyword.builtin.SetTextKeyword.setText(SetTextKeyword.groovy:66)
	at com.kms.katalon.core.webui.keyword.builtin.SetTextKeyword.execute(SetTextKeyword.groovy:37)
	at com.kms.katalon.core.keyword.internal.KeywordExecutor.executeKeywordForPlatform(KeywordExecutor.groovy:74)
	at com.kms.katalon.core.webui.keyword.WebUiBuiltInKeywords.setText(WebUiBuiltInKeywords.groovy:980)
	at com.kms.katalon.core.webui.keyword.WebUiBuiltInKeywords$setText$2.call(Unknown Source)
	at adminSuiteBootstrap.virtualTerminalSetData.saleKeyboard_DataDriven(virtualTerminalSetData.groovy:169)
	at adminSuiteBootstrap.virtualTerminalSetData.invokeMethod(virtualTerminalSetData.groovy)
	at com.kms.katalon.core.main.CustomKeywordDelegatingMetaClass.invokeStaticMethod(CustomKeywordDelegatingMetaClass.java:55)
	at CaptureMore_TP_AllCF_Generic_Error_TC.run(CaptureMore_TP_AllCF_Generic_Error_TC:134)
	at com.kms.katalon.core.main.ScriptEngine.run(ScriptEngine.java:194)
	at com.kms.katalon.core.main.ScriptEngine.runScriptAsRawText(ScriptEngine.java:119)
	at com.kms.katalon.core.main.TestCaseExecutor.runScript(TestCaseExecutor.java:448)
	at com.kms.katalon.core.main.TestCaseExecutor.doExecute(TestCaseExecutor.java:439)
	at com.kms.katalon.core.main.TestCaseExecutor.processExecutionPhase(TestCaseExecutor.java:418)
	at com.kms.katalon.core.main.TestCaseExecutor.accessMainPhase(TestCaseExecutor.java:410)
	at com.kms.katalon.core.main.TestCaseExecutor.execute(TestCaseExecutor.java:285)
	at com.kms.katalon.core.common.CommonExecutor.accessTestCaseMainPhase(CommonExecutor.java:65)
	at com.kms.katalon.core.main.TestSuiteExecutor.accessTestSuiteMainPhase(TestSuiteExecutor.java:148)
	at com.kms.katalon.core.main.TestSuiteExecutor.execute(TestSuiteExecutor.java:106)
	at com.kms.katalon.core.main.TestCaseMain.startTestSuite(TestCaseMain.java:187)
	at com.kms.katalon.core.main.TestCaseMain$startTestSuite$0.call(Unknown Source)
	at TempTestSuite1730425169576.run(TempTestSuite1730425169576.groovy:35)
Caused by: com.kms.katalon.core.webui.exception.WebElementNotFoundException: Web element with id: 'Object Repository/AdminSuiteBootstrap_Pages/VT_Bootstrap/SaleKeyboard/input_smsNumber' located by '//*[@type = 'TEXT' and @name = 'smsNumber' and @id = 'smsNumber']' not found
	at com.kms.katalon.core.webui.common.WebUiCommonHelper.findWebElement(WebUiCommonHelper.java:1381)
	at com.kms.katalon.core.webui.keyword.internal.WebUIAbstractKeyword.findWebElement(WebUIAbstractKeyword.groovy:27)
	at com.kms.katalon.core.webui.keyword.internal.WebUIAbstractKeyword.findWebElement(WebUIAbstractKeyword.groovy:26)
	at com.kms.katalon.core.webui.keyword.builtin.SetTextKeyword$_setText_closure1.doCall(SetTextKeyword.groovy:51)
	at com.kms.katalon.core.webui.keyword.builtin.SetTextKeyword$_setText_closure1.call(SetTextKeyword.groovy)
	at com.kms.katalon.core.webui.keyword.internal.WebUIKeywordMain.runKeyword(WebUIKeywordMain.groovy:20)
	at com.kms.katalon.core.webui.keyword.builtin.SetTextKeyword.setText(SetTextKeyword.groovy:66)
	at com.kms.katalon.core.webui.keyword.builtin.SetTextKeyword.execute(SetTextKeyword.groovy:37)
	at com.kms.katalon.core.keyword.internal.KeywordExecutor.executeKeywordForPlatform(KeywordExecutor.groovy:74)
	at com.kms.katalon.core.webui.keyword.WebUiBuiltInKeywords.setText(WebUiBuiltInKeywords.groovy:980)
	at com.kms.katalon.core.webui.keyword.WebUiBuiltInKeywords$setText$2.call(Unknown Source)
	at adminSuiteBootstrap.virtualTerminalSetData.saleKeyboard_DataDriven(virtualTerminalSetData.groovy:169)
	at adminSuiteBootstrap.virtualTerminalSetData.invokeMethod(virtualTerminalSetData.groovy)
	at com.kms.katalon.core.main.CustomKeywordDelegatingMetaClass.invokeStaticMethod(CustomKeywordDelegatingMetaClass.java:55)
	at Script1648147519136.run(Script1648147519136.groovy:134)
	... 13 more
)
	at com.kms.katalon.core.keyword.internal.KeywordMain.stepFailed(KeywordMain.groovy:39)
	at com.kms.katalon.core.webui.keyword.internal.WebUIKeywordMain.stepFailed(WebUIKeywordMain.groovy:64)
	at com.kms.katalon.core.webui.keyword.internal.WebUIKeywordMain.runKeyword(WebUIKeywordMain.groovy:26)
	at com.kms.katalon.core.webui.keyword.builtin.SetTextKeyword.setText(SetTextKeyword.groovy:66)
	at com.kms.katalon.core.webui.keyword.builtin.SetTextKeyword.execute(SetTextKeyword.groovy:37)
	at com.kms.katalon.core.keyword.internal.KeywordExecutor.executeKeywordForPlatform(KeywordExecutor.groovy:74)
	at com.kms.katalon.core.webui.keyword.WebUiBuiltInKeywords.setText(WebUiBuiltInKeywords.groovy:980)
	at com.kms.katalon.core.webui.keyword.WebUiBuiltInKeywords$setText$2.call(Unknown Source)
	at adminSuiteBootstrap.virtualTerminalSetData.saleKeyboard_DataDriven(virtualTerminalSetData.groovy:169)
	at adminSuiteBootstrap.virtualTerminalSetData.invokeMethod(virtualTerminalSetData.groovy)
	at com.kms.katalon.core.main.CustomKeywordDelegatingMetaClass.invokeStaticMethod(CustomKeywordDelegatingMetaClass.java:55)
	at CaptureMore_TP_AllCF_Generic_Error_TC.run(CaptureMore_TP_AllCF_Generic_Error_TC:134)
	at com.kms.katalon.core.main.ScriptEngine.run(ScriptEngine.java:194)
	at com.kms.katalon.core.main.ScriptEngine.runScriptAsRawText(ScriptEngine.java:119)
	at com.kms.katalon.core.main.TestCaseExecutor.runScript(TestCaseExecutor.java:448)
	at com.kms.katalon.core.main.TestCaseExecutor.doExecute(TestCaseExecutor.java:439)
	at com.kms.katalon.core.main.TestCaseExecutor.processExecutionPhase(TestCaseExecutor.java:418)
	at com.kms.katalon.core.main.TestCaseExecutor.accessMainPhase(TestCaseExecutor.java:410)
	at com.kms.katalon.core.main.TestCaseExecutor.execute(TestCaseExecutor.java:285)
	at com.kms.katalon.core.common.CommonExecutor.accessTestCaseMainPhase(CommonExecutor.java:65)
	at com.kms.katalon.core.main.TestSuiteExecutor.accessTestSuiteMainPhase(TestSuiteExecutor.java:148)
	at com.kms.katalon.core.main.TestSuiteExecutor.execute(TestSuiteExecutor.java:106)
	at com.kms.katalon.core.main.TestCaseMain.startTestSuite(TestCaseMain.java:187)
	at com.kms.katalon.core.main.TestCaseMain$startTestSuite$0.call(Unknown Source)
	at TempTestSuite1730425169576.run(TempTestSuite1730425169576.groovy:35)
Caused by: com.kms.katalon.core.exception.StepFailedException: Unable to set text '' of object 'Object Repository/AdminSuiteBootstrap_Pages/VT_Bootstrap/SaleKeyboard/input_smsNumber'
	... 24 more
Caused by: com.kms.katalon.core.webui.exception.WebElementNotFoundException: Web element with id: 'Object Repository/AdminSuiteBootstrap_Pages/VT_Bootstrap/SaleKeyboard/input_smsNumber' located by '//*[@type = 'TEXT' and @name = 'smsNumber' and @id = 'smsNumber']' not found
	at com.kms.katalon.core.webui.common.WebUiCommonHelper.findWebElement(WebUiCommonHelper.java:1381)
	at com.kms.katalon.core.webui.keyword.internal.WebUIAbstractKeyword.findWebElement(WebUIAbstractKeyword.groovy:27)
	at com.kms.katalon.core.webui.keyword.internal.WebUIAbstractKeyword.findWebElement(WebUIAbstractKeyword.groovy:26)
	at com.kms.katalon.core.webui.keyword.builtin.SetTextKeyword$_setText_closure1.doCall(SetTextKeyword.groovy:51)
	at com.kms.katalon.core.webui.keyword.builtin.SetTextKeyword$_setText_closure1.call(SetTextKeyword.groovy)
	at com.kms.katalon.core.webui.keyword.internal.WebUIKeywordMain.runKeyword(WebUIKeywordMain.groovy:20)
	... 22 more]]></system-out>
      <system-err><![CDATA[2024-10-31 21:39:40 - [TEST_SUITE][FAILED] - AdminSuiteBootstrap_MRF_TestSuite: Test Cases/Admin Suite Bootstrap/VT_TestCases/CaptureMore_TP_AllCF_Generic_Error_TC FAILED.
Reason:
com.kms.katalon.core.exception.StepFailedException: Unable to set text '' of object 'Object Repository/AdminSuiteBootstrap_Pages/VT_Bootstrap/SaleKeyboard/input_smsNumber' (Root cause: com.kms.katalon.core.exception.StepFailedException: Unable to set text '' of object 'Object Repository/AdminSuiteBootstrap_Pages/VT_Bootstrap/SaleKeyboard/input_smsNumber'
	at com.kms.katalon.core.webui.keyword.internal.WebUIKeywordMain.stepFailed(WebUIKeywordMain.groovy:64)
	at com.kms.katalon.core.webui.keyword.internal.WebUIKeywordMain.runKeyword(WebUIKeywordMain.groovy:26)
	at com.kms.katalon.core.webui.keyword.builtin.SetTextKeyword.setText(SetTextKeyword.groovy:66)
	at com.kms.katalon.core.webui.keyword.builtin.SetTextKeyword.execute(SetTextKeyword.groovy:37)
	at com.kms.katalon.core.keyword.internal.KeywordExecutor.executeKeywordForPlatform(KeywordExecutor.groovy:74)
	at com.kms.katalon.core.webui.keyword.WebUiBuiltInKeywords.setText(WebUiBuiltInKeywords.groovy:980)
	at com.kms.katalon.core.webui.keyword.WebUiBuiltInKeywords$setText$2.call(Unknown Source)
	at adminSuiteBootstrap.virtualTerminalSetData.saleKeyboard_DataDriven(virtualTerminalSetData.groovy:169)
	at adminSuiteBootstrap.virtualTerminalSetData.invokeMethod(virtualTerminalSetData.groovy)
	at com.kms.katalon.core.main.CustomKeywordDelegatingMetaClass.invokeStaticMethod(CustomKeywordDelegatingMetaClass.java:55)
	at CaptureMore_TP_AllCF_Generic_Error_TC.run(CaptureMore_TP_AllCF_Generic_Error_TC:134)
	at com.kms.katalon.core.main.ScriptEngine.run(ScriptEngine.java:194)
	at com.kms.katalon.core.main.ScriptEngine.runScriptAsRawText(ScriptEngine.java:119)
	at com.kms.katalon.core.main.TestCaseExecutor.runScript(TestCaseExecutor.java:448)
	at com.kms.katalon.core.main.TestCaseExecutor.doExecute(TestCaseExecutor.java:439)
	at com.kms.katalon.core.main.TestCaseExecutor.processExecutionPhase(TestCaseExecutor.java:418)
	at com.kms.katalon.core.main.TestCaseExecutor.accessMainPhase(TestCaseExecutor.java:410)
	at com.kms.katalon.core.main.TestCaseExecutor.execute(TestCaseExecutor.java:285)
	at com.kms.katalon.core.common.CommonExecutor.accessTestCaseMainPhase(CommonExecutor.java:65)
	at com.kms.katalon.core.main.TestSuiteExecutor.accessTestSuiteMainPhase(TestSuiteExecutor.java:148)
	at com.kms.katalon.core.main.TestSuiteExecutor.execute(TestSuiteExecutor.java:106)
	at com.kms.katalon.core.main.TestCaseMain.startTestSuite(TestCaseMain.java:187)
	at com.kms.katalon.core.main.TestCaseMain$startTestSuite$0.call(Unknown Source)
	at TempTestSuite1730425169576.run(TempTestSuite1730425169576.groovy:35)
Caused by: com.kms.katalon.core.webui.exception.WebElementNotFoundException: Web element with id: 'Object Repository/AdminSuiteBootstrap_Pages/VT_Bootstrap/SaleKeyboard/input_smsNumber' located by '//*[@type = 'TEXT' and @name = 'smsNumber' and @id = 'smsNumber']' not found
	at com.kms.katalon.core.webui.common.WebUiCommonHelper.findWebElement(WebUiCommonHelper.java:1381)
	at com.kms.katalon.core.webui.keyword.internal.WebUIAbstractKeyword.findWebElement(WebUIAbstractKeyword.groovy:27)
	at com.kms.katalon.core.webui.keyword.internal.WebUIAbstractKeyword.findWebElement(WebUIAbstractKeyword.groovy:26)
	at com.kms.katalon.core.webui.keyword.builtin.SetTextKeyword$_setText_closure1.doCall(SetTextKeyword.groovy:51)
	at com.kms.katalon.core.webui.keyword.builtin.SetTextKeyword$_setText_closure1.call(SetTextKeyword.groovy)
	at com.kms.katalon.core.webui.keyword.internal.WebUIKeywordMain.runKeyword(WebUIKeywordMain.groovy:20)
	at com.kms.katalon.core.webui.keyword.builtin.SetTextKeyword.setText(SetTextKeyword.groovy:66)
	at com.kms.katalon.core.webui.keyword.builtin.SetTextKeyword.execute(SetTextKeyword.groovy:37)
	at com.kms.katalon.core.keyword.internal.KeywordExecutor.executeKeywordForPlatform(KeywordExecutor.groovy:74)
	at com.kms.katalon.core.webui.keyword.WebUiBuiltInKeywords.setText(WebUiBuiltInKeywords.groovy:980)
	at com.kms.katalon.core.webui.keyword.WebUiBuiltInKeywords$setText$2.call(Unknown Source)
	at adminSuiteBootstrap.virtualTerminalSetData.saleKeyboard_DataDriven(virtualTerminalSetData.groovy:169)
	at adminSuiteBootstrap.virtualTerminalSetData.invokeMethod(virtualTerminalSetData.groovy)
	at com.kms.katalon.core.main.CustomKeywordDelegatingMetaClass.invokeStaticMethod(CustomKeywordDelegatingMetaClass.java:55)
	at Script1648147519136.run(Script1648147519136.groovy:134)
	... 13 more
)
	at com.kms.katalon.core.keyword.internal.KeywordMain.stepFailed(KeywordMain.groovy:39)
	at com.kms.katalon.core.webui.keyword.internal.WebUIKeywordMain.stepFailed(WebUIKeywordMain.groovy:64)
	at com.kms.katalon.core.webui.keyword.internal.WebUIKeywordMain.runKeyword(WebUIKeywordMain.groovy:26)
	at com.kms.katalon.core.webui.keyword.builtin.SetTextKeyword.setText(SetTextKeyword.groovy:66)
	at com.kms.katalon.core.webui.keyword.builtin.SetTextKeyword.execute(SetTextKeyword.groovy:37)
	at com.kms.katalon.core.keyword.internal.KeywordExecutor.executeKeywordForPlatform(KeywordExecutor.groovy:74)
	at com.kms.katalon.core.webui.keyword.WebUiBuiltInKeywords.setText(WebUiBuiltInKeywords.groovy:980)
	at com.kms.katalon.core.webui.keyword.WebUiBuiltInKeywords$setText$2.call(Unknown Source)
	at adminSuiteBootstrap.virtualTerminalSetData.saleKeyboard_DataDriven(virtualTerminalSetData.groovy:169)
	at adminSuiteBootstrap.virtualTerminalSetData.invokeMethod(virtualTerminalSetData.groovy)
	at com.kms.katalon.core.main.CustomKeywordDelegatingMetaClass.invokeStaticMethod(CustomKeywordDelegatingMetaClass.java:55)
	at CaptureMore_TP_AllCF_Generic_Error_TC.run(CaptureMore_TP_AllCF_Generic_Error_TC:134)
	at com.kms.katalon.core.main.ScriptEngine.run(ScriptEngine.java:194)
	at com.kms.katalon.core.main.ScriptEngine.runScriptAsRawText(ScriptEngine.java:119)
	at com.kms.katalon.core.main.TestCaseExecutor.runScript(TestCaseExecutor.java:448)
	at com.kms.katalon.core.main.TestCaseExecutor.doExecute(TestCaseExecutor.java:439)
	at com.kms.katalon.core.main.TestCaseExecutor.processExecutionPhase(TestCaseExecutor.java:418)
	at com.kms.katalon.core.main.TestCaseExecutor.accessMainPhase(TestCaseExecutor.java:410)
	at com.kms.katalon.core.main.TestCaseExecutor.execute(TestCaseExecutor.java:285)
	at com.kms.katalon.core.common.CommonExecutor.accessTestCaseMainPhase(CommonExecutor.java:65)
	at com.kms.katalon.core.main.TestSuiteExecutor.accessTestSuiteMainPhase(TestSuiteExecutor.java:148)
	at com.kms.katalon.core.main.TestSuiteExecutor.execute(TestSuiteExecutor.java:106)
	at com.kms.katalon.core.main.TestCaseMain.startTestSuite(TestCaseMain.java:187)
	at com.kms.katalon.core.main.TestCaseMain$startTestSuite$0.call(Unknown Source)
	at TempTestSuite1730425169576.run(TempTestSuite1730425169576.groovy:35)
Caused by: com.kms.katalon.core.exception.StepFailedException: Unable to set text '' of object 'Object Repository/AdminSuiteBootstrap_Pages/VT_Bootstrap/SaleKeyboard/input_smsNumber'
	... 24 more
Caused by: com.kms.katalon.core.webui.exception.WebElementNotFoundException: Web element with id: 'Object Repository/AdminSuiteBootstrap_Pages/VT_Bootstrap/SaleKeyboard/input_smsNumber' located by '//*[@type = 'TEXT' and @name = 'smsNumber' and @id = 'smsNumber']' not found
	at com.kms.katalon.core.webui.common.WebUiCommonHelper.findWebElement(WebUiCommonHelper.java:1381)
	at com.kms.katalon.core.webui.keyword.internal.WebUIAbstractKeyword.findWebElement(WebUIAbstractKeyword.groovy:27)
	at com.kms.katalon.core.webui.keyword.internal.WebUIAbstractKeyword.findWebElement(WebUIAbstractKeyword.groovy:26)
	at com.kms.katalon.core.webui.keyword.builtin.SetTextKeyword$_setText_closure1.doCall(SetTextKeyword.groovy:51)
	at com.kms.katalon.core.webui.keyword.builtin.SetTextKeyword$_setText_closure1.call(SetTextKeyword.groovy)
	at com.kms.katalon.core.webui.keyword.internal.WebUIKeywordMain.runKeyword(WebUIKeywordMain.groovy:20)
	... 22 more]]></system-err>
   </testsuite>
</testsuites>
