<?xml version="1.0" encoding="UTF-8"?>
<testsuites name="RAD_UI_TestSuite" time="1304.643" tests="10" failures="0" errors="0">
   <testsuite name="RAD_UI_TestSuite" tests="10" failures="0" errors="0" time="1304.643" skipped="0" timestamp="2023-12-20 12:37:14" hostname="imtiaz - DESKTOP-B2QI6NS.govolution.com" id="Test Suites/RAD_TestSuite/RAD_UI_TestSuite">
      <properties>
         <property name="deviceName" value=""/>
         <property name="devicePlatform" value=""/>
         <property name="logFolder" value="E:\\Cloned-Project-Katalon\\VPS-Katalon\\Reports\\20231220_123708\\RAD_TestSuite\\RAD_UI_TestSuite\\20231220_123708"/>
         <property name="logFiles" value="E:\\Cloned-Project-Katalon\\VPS-Katalon\\Reports\\20231220_123708\\RAD_TestSuite\\RAD_UI_TestSuite\\20231220_123708\\execution0.log"/>
         <property name="attachments" value=""/>
         <property name="hostName" value="imtiaz - DESKTOP-B2QI6NS.govolution.com"/>
         <property name="os" value="Windows 10 64bit"/>
         <property name="katalonVersion" value="8.6.6.208"/>
         <property name="browser" value="Chrome 120.0.0.0"/>
         <property name="hostAddress" value="172.31.253.139"/>
         <property name="sessionId" value="a097adf2d2570cea1ab4065c569038c8"/>
         <property name="seleniumVersion" value="3.141.59"/>
         <property name="proxyInformation" value="ProxyInformation { proxyOption=NO_PROXY, proxyServerType=HTTP, username=, password=********, proxyServerAddress=, proxyServerPort=0, executionList=&quot;&quot;, isApplyToDesiredCapabilities=true }"/>
         <property name="platform" value="Windows 10"/>
      </properties>
      <testcase name="Test Cases/RAD_TestCases/Negative_TestCases/FEINmismatchError" time="119.206" classname="Test Cases/RAD_TestCases/Negative_TestCases/FEINmismatchError" status="PASSED">
         <system-out><![CDATA[2023-12-20 12:37:14 - [TEST_CASE][PASSED] - Test Cases/RAD_TestCases/Negative_TestCases/FEINmismatchError: Test Cases/RAD_TestCases/Negative_TestCases/FEINmismatchError

2023-12-20 12:37:15 - [TEST_STEP][PASSED] - resText = "Fail": null

2023-12-20 12:37:15 - [TEST_STEP][PASSED] - resColumn = "Result": null

2023-12-20 12:37:15 - [TEST_STEP][PASSED] - datCloumn = "Date": null

2023-12-20 12:37:15 - [TEST_STEP][PASSED] - fileLoc = "KatalonData/RADTestData/FEINmismatch.xlsx": null

2023-12-20 12:37:15 - [TEST_STEP][PASSED] - nameSheet = "FEINmismatch": null

2023-12-20 12:37:15 - [TEST_STEP][PASSED] - dataFile = "RADTestData/FEINmismatch": null

2023-12-20 12:37:15 - [TEST_STEP][PASSED] - ExecuteTC = <not implemented yet for class: org.codehaus.groovy.ast.expr.EmptyExpression>: null

2023-12-20 12:37:15 - [TEST_STEP][PASSED] - Taxtype = <not implemented yet for class: org.codehaus.groovy.ast.expr.EmptyExpression>: null

2023-12-20 12:37:15 - [TEST_STEP][PASSED] - Paymenttype = <not implemented yet for class: org.codehaus.groovy.ast.expr.EmptyExpression>: null

2023-12-20 12:37:15 - [TEST_STEP][PASSED] - numOfRows = findTestData(dataFile).getRowNumbers(): null

2023-12-20 12:37:16 - [TEST_STEP][PASSED] - println("Number of Records: " + numOfRows): null

2023-12-20 12:37:16 - [TEST_STEP][PASSED] - for ([row = 1, row <= numOfRows, (row++)]): null

2023-12-20 12:37:16 - [TEST_STEP][PASSED] - ExecuteTC = findTestData(dataFile).getValue("Execute", row): null

2023-12-20 12:37:16 - [TEST_STEP][PASSED] - Taxtype = findTestData(dataFile).getValue("TaxType", row): null

2023-12-20 12:37:16 - [TEST_STEP][PASSED] - Paymenttype = findTestData(dataFile).getValue("PaymentType", row): null

2023-12-20 12:37:16 - [TEST_STEP][PASSED] - out.println("Value of Execute is : " + ExecuteTC): null

2023-12-20 12:37:16 - [TEST_STEP][PASSED] - if (ExecuteTC.equalsIgnoreCase("Y")): null

2023-12-20 12:37:16 - [TEST_STEP][PASSED] - out.println("Begin Record Number: " + row): null

2023-12-20 12:37:16 - [TEST_STEP][PASSED] - today = new java.util.Date(): null

2023-12-20 12:37:16 - [TEST_STEP][PASSED] - println(today): null

2023-12-20 12:37:16 - [TEST_STEP][PASSED] - datText = today: null

2023-12-20 12:37:16 - [TEST_STEP][PASSED] - Taxtype = findTestData(dataFile).getValue("TaxType", row): null

2023-12-20 12:37:16 - [TEST_STEP][PASSED] - out.println("Taxtype value is : " + Taxtype): null

2023-12-20 12:37:16 - [TEST_STEP][PASSED] - openBrowser(""): Browser is opened with url: ''

2023-12-20 12:37:16 - [MESSAGE][INFO] - Starting 'Chrome' driver

2023-12-20 12:37:16 - [MESSAGE][INFO] - User set preference: ['acceptInsecureCerts', 'true']

2023-12-20 12:37:16 - [MESSAGE][INFO] - Action delay is set to 0 milliseconds

2023-12-20 12:37:19 - [MESSAGE][PASSED] - Browser is opened with url: ''

2023-12-20 12:37:19 - [TEST_STEP][PASSED] - maximizeWindow(): Current window maximized

2023-12-20 12:37:19 - [MESSAGE][PASSED] - Current window maximized

2023-12-20 12:37:19 - [TEST_STEP][PASSED] - navigateToUrl(RADurl): Navigate to 'https://qa2.velocitypayment.com/client/rad/index.html' successfully

2023-12-20 12:37:22 - [MESSAGE][PASSED] - Navigate to 'https://qa2.velocitypayment.com/client/rad/index.html' successfully

2023-12-20 12:37:22 - [TEST_STEP][PASSED] - orPath_Landing = "Object Repository/RAD_Pages/Landing_Page": null

2023-12-20 12:37:22 - [TEST_STEP][PASSED] - orPath_TaxTypeFilingYear = "Object Repository/RAD_Pages/TaxTypeFilingYear_Page": null

2023-12-20 12:37:22 - [TEST_STEP][PASSED] - orPath_TaxPayer = "Object Repository/RAD_Pages/Taxpayer_Page": null

2023-12-20 12:37:22 - [TEST_STEP][PASSED] - orPath_AddressContact = "Object Repository/RAD_Pages/AddressAndContactInfo_Page": null

2023-12-20 12:37:22 - [TEST_STEP][PASSED] - orPath_FilingStatus = "Object Repository/RAD_Pages/FilingStatus_Page": null

2023-12-20 12:37:22 - [TEST_STEP][PASSED] - orPath_Amount = "Object Repository/RAD_Pages/PaymentAmount_Page": null

2023-12-20 12:37:22 - [TEST_STEP][PASSED] - orPath_TaxInfo = "Object Repository/RAD_Pages/TaxInfo_Page": null

2023-12-20 12:37:22 - [TEST_STEP][PASSED] - orPath_Withholding = "Object Repository/RAD_Pages/Withholding_Page": null

2023-12-20 12:37:22 - [TEST_STEP][PASSED] - orPath_Summary = "Object Repository/RAD_Pages/Summary_Page": null

2023-12-20 12:37:22 - [TEST_STEP][PASSED] - orPath_PaymentReady = "Object Repository/RAD_Pages/PaymentReady_Page": null

2023-12-20 12:37:22 - [TEST_STEP][PASSED] - orPath_PaymentEntry = "Object Repository/RAD_Pages/PaymentEntry_Page": null

2023-12-20 12:37:22 - [TEST_STEP][PASSED] - orPath_PaymentConfirmation = "Object Repository/RAD_Pages/PaymentConfirmation_Page": null

2023-12-20 12:37:22 - [TEST_STEP][PASSED] - orPath_ServiceFeesAccept = "Object Repository/RAD_Pages/ServiceFeeAccept_Page": null

2023-12-20 12:37:22 - [TEST_STEP][PASSED] - selectOptionByLabel(findTestObject(orPath_Landing + "/dd_TaxType"), Paymenttype, false): All options with label 'Existing Liability w/Notice Number' are selected in object 'Object Repository/RAD_Pages/Landing_Page/dd_TaxType' 

2023-12-20 12:37:22 - [MESSAGE][PASSED] - All options with label 'Existing Liability w/Notice Number' are selected in object 'Object Repository/RAD_Pages/Landing_Page/dd_TaxType' 

2023-12-20 12:37:22 - [TEST_STEP][PASSED] - delay(1): Delayed 1 second(s)

2023-12-20 12:37:23 - [MESSAGE][PASSED] - Delayed 1 second(s)

2023-12-20 12:37:23 - [TEST_STEP][PASSED] - switch (Paymenttype): null

2023-12-20 12:37:23 - [TEST_STEP][PASSED] - case "Existing Liability w/Notice Number":: null

2023-12-20 12:37:23 - [TEST_STEP][PASSED] - selectOptionByLabel(findTestObject(orPath_TaxTypeFilingYear + "/select_TaxType_ExistingLiability"), Taxtype, false): All options with label 'Bay Restoration Fee' are selected in object 'Object Repository/RAD_Pages/TaxTypeFilingYear_Page/select_TaxType_ExistingLiability' 

2023-12-20 12:37:24 - [MESSAGE][PASSED] - All options with label 'Bay Restoration Fee' are selected in object 'Object Repository/RAD_Pages/TaxTypeFilingYear_Page/select_TaxType_ExistingLiability' 

2023-12-20 12:37:24 - [TEST_STEP][PASSED] - break: null

2023-12-20 12:37:24 - [TEST_STEP][PASSED] - delay(1): Delayed 1 second(s)

2023-12-20 12:37:25 - [MESSAGE][PASSED] - Delayed 1 second(s)

2023-12-20 12:37:25 - [TEST_STEP][PASSED] - scrollToElement(findTestObject(orPath_Amount + "/input__paymentAmount"), 2, CONTINUE_ON_FAILURE): Scroll to object 'Object Repository/RAD_Pages/PaymentAmount_Page/input__paymentAmount' successfully

2023-12-20 12:37:25 - [MESSAGE][PASSED] - Scroll to object 'Object Repository/RAD_Pages/PaymentAmount_Page/input__paymentAmount' successfully

2023-12-20 12:37:25 - [TEST_STEP][PASSED] - switch (Paymenttype): null

2023-12-20 12:37:25 - [TEST_STEP][PASSED] - case "Existing Liability w/Notice Number":: null

2023-12-20 12:37:25 - [TEST_STEP][PASSED] - setEncryptedText(findTestObject("Object Repository/RAD_RecordAndPlay/input_Existing_FEIN"), "RigbBhfdqODKcAsiUrg+1Q=="): Text ****** has been set on object 'Object Repository/RAD_RecordAndPlay/input_Existing_FEIN'

2023-12-20 12:37:26 - [MESSAGE][PASSED] - Text ****** has been set on object 'Object Repository/RAD_RecordAndPlay/input_Existing_FEIN'

2023-12-20 12:37:26 - [TEST_STEP][PASSED] - setEncryptedText(findTestObject("Object Repository/RAD_RecordAndPlay/input_Existing_RetypeFEIN"), "RigbBhfdqOBBGbZqm4oFJQ=="): Text ****** has been set on object 'Object Repository/RAD_RecordAndPlay/input_Existing_RetypeFEIN'

2023-12-20 12:37:27 - [MESSAGE][PASSED] - Text ****** has been set on object 'Object Repository/RAD_RecordAndPlay/input_Existing_RetypeFEIN'

2023-12-20 12:37:27 - [TEST_STEP][PASSED] - break: null

2023-12-20 12:37:27 - [TEST_STEP][PASSED] - setText(findTestObject(orPath_Amount + "/input__paymentAmount"), ""): Text '' is set on object 'Object Repository/RAD_Pages/PaymentAmount_Page/input__paymentAmount'

2023-12-20 12:37:28 - [MESSAGE][PASSED] - Text '' is set on object 'Object Repository/RAD_Pages/PaymentAmount_Page/input__paymentAmount'

2023-12-20 12:37:28 - [TEST_STEP][PASSED] - verifyTextPresent("The FEIN and Re-type FEIN do not match", true): Text 'The FEIN and Re-type FEIN do not match' is present on page  using regular expression

2023-12-20 12:37:28 - [MESSAGE][PASSED] - Text 'The FEIN and Re-type FEIN do not match' is present on page  using regular expression

2023-12-20 12:37:28 - [TEST_STEP][PASSED] - if (verifyTextPresent("The FEIN and Re-type FEIN do not match", true)): null

2023-12-20 12:37:29 - [MESSAGE][PASSED] - Text 'The FEIN and Re-type FEIN do not match' is present on page  using regular expression

2023-12-20 12:37:29 - [TEST_STEP][PASSED] - println("Error Message is present on the page"): null

2023-12-20 12:37:29 - [TEST_STEP][PASSED] - out.println("Pass Record Number: " + row): null

2023-12-20 12:37:29 - [TEST_STEP][PASSED] - resText = "Pass": null

2023-12-20 12:37:29 - [TEST_STEP][PASSED] - pages.WriteExcel.demoKey(resText, datText, resColumn, datCloumn, fileLoc, nameSheet, row): pages.WriteExcel.demoKey is PASSED

2023-12-20 12:37:29 - [MESSAGE][PASSED] - pages.WriteExcel.demoKey is PASSED

2023-12-20 12:37:29 - [TEST_STEP][PASSED] - ExecuteTC = findTestData(dataFile).getValue("Execute", row): null

2023-12-20 12:37:29 - [TEST_STEP][PASSED] - Taxtype = findTestData(dataFile).getValue("TaxType", row): null

2023-12-20 12:37:29 - [TEST_STEP][PASSED] - Paymenttype = findTestData(dataFile).getValue("PaymentType", row): null

2023-12-20 12:37:29 - [TEST_STEP][PASSED] - out.println("Value of Execute is : " + ExecuteTC): null

2023-12-20 12:37:29 - [TEST_STEP][PASSED] - if (ExecuteTC.equalsIgnoreCase("Y")): null

2023-12-20 12:37:29 - [TEST_STEP][PASSED] - out.println("Begin Record Number: " + row): null

2023-12-20 12:37:29 - [TEST_STEP][PASSED] - today = new java.util.Date(): null

2023-12-20 12:37:29 - [TEST_STEP][PASSED] - println(today): null

2023-12-20 12:37:29 - [TEST_STEP][PASSED] - datText = today: null

2023-12-20 12:37:29 - [TEST_STEP][PASSED] - Taxtype = findTestData(dataFile).getValue("TaxType", row): null

2023-12-20 12:37:29 - [TEST_STEP][PASSED] - out.println("Taxtype value is : " + Taxtype): null

2023-12-20 12:37:29 - [TEST_STEP][PASSED] - openBrowser(""): Browser is opened with url: ''

2023-12-20 12:37:29 - [MESSAGE][WARNING] - A browser is already opened. Closing browser and opening a new one

2023-12-20 12:37:30 - [MESSAGE][INFO] - Starting 'Chrome' driver

2023-12-20 12:37:30 - [MESSAGE][INFO] - User set preference: ['acceptInsecureCerts', 'true']

2023-12-20 12:37:30 - [MESSAGE][INFO] - Action delay is set to 0 milliseconds

2023-12-20 12:37:32 - [MESSAGE][PASSED] - Browser is opened with url: ''

2023-12-20 12:37:32 - [TEST_STEP][PASSED] - maximizeWindow(): Current window maximized

2023-12-20 12:37:32 - [MESSAGE][PASSED] - Current window maximized

2023-12-20 12:37:32 - [TEST_STEP][PASSED] - navigateToUrl(RADurl): Navigate to 'https://qa2.velocitypayment.com/client/rad/index.html' successfully

2023-12-20 12:37:34 - [MESSAGE][PASSED] - Navigate to 'https://qa2.velocitypayment.com/client/rad/index.html' successfully

2023-12-20 12:37:34 - [TEST_STEP][PASSED] - orPath_Landing = "Object Repository/RAD_Pages/Landing_Page": null

2023-12-20 12:37:34 - [TEST_STEP][PASSED] - orPath_TaxTypeFilingYear = "Object Repository/RAD_Pages/TaxTypeFilingYear_Page": null

2023-12-20 12:37:34 - [TEST_STEP][PASSED] - orPath_TaxPayer = "Object Repository/RAD_Pages/Taxpayer_Page": null

2023-12-20 12:37:34 - [TEST_STEP][PASSED] - orPath_AddressContact = "Object Repository/RAD_Pages/AddressAndContactInfo_Page": null

2023-12-20 12:37:34 - [TEST_STEP][PASSED] - orPath_FilingStatus = "Object Repository/RAD_Pages/FilingStatus_Page": null

2023-12-20 12:37:34 - [TEST_STEP][PASSED] - orPath_Amount = "Object Repository/RAD_Pages/PaymentAmount_Page": null

2023-12-20 12:37:34 - [TEST_STEP][PASSED] - orPath_TaxInfo = "Object Repository/RAD_Pages/TaxInfo_Page": null

2023-12-20 12:37:34 - [TEST_STEP][PASSED] - orPath_Withholding = "Object Repository/RAD_Pages/Withholding_Page": null

2023-12-20 12:37:34 - [TEST_STEP][PASSED] - orPath_Summary = "Object Repository/RAD_Pages/Summary_Page": null

2023-12-20 12:37:34 - [TEST_STEP][PASSED] - orPath_PaymentReady = "Object Repository/RAD_Pages/PaymentReady_Page": null

2023-12-20 12:37:34 - [TEST_STEP][PASSED] - orPath_PaymentEntry = "Object Repository/RAD_Pages/PaymentEntry_Page": null

2023-12-20 12:37:34 - [TEST_STEP][PASSED] - orPath_PaymentConfirmation = "Object Repository/RAD_Pages/PaymentConfirmation_Page": null

2023-12-20 12:37:34 - [TEST_STEP][PASSED] - orPath_ServiceFeesAccept = "Object Repository/RAD_Pages/ServiceFeeAccept_Page": null

2023-12-20 12:37:34 - [TEST_STEP][PASSED] - selectOptionByLabel(findTestObject(orPath_Landing + "/dd_TaxType"), Paymenttype, false): All options with label 'Existing Liability w/Notice Number' are selected in object 'Object Repository/RAD_Pages/Landing_Page/dd_TaxType' 

2023-12-20 12:37:35 - [MESSAGE][PASSED] - All options with label 'Existing Liability w/Notice Number' are selected in object 'Object Repository/RAD_Pages/Landing_Page/dd_TaxType' 

2023-12-20 12:37:35 - [TEST_STEP][PASSED] - delay(1): Delayed 1 second(s)

2023-12-20 12:37:36 - [MESSAGE][PASSED] - Delayed 1 second(s)

2023-12-20 12:37:36 - [TEST_STEP][PASSED] - switch (Paymenttype): null

2023-12-20 12:37:36 - [TEST_STEP][PASSED] - case "Existing Liability w/Notice Number":: null

2023-12-20 12:37:36 - [TEST_STEP][PASSED] - selectOptionByLabel(findTestObject(orPath_TaxTypeFilingYear + "/select_TaxType_ExistingLiability"), Taxtype, false): All options with label 'Corporate Income Tax' are selected in object 'Object Repository/RAD_Pages/TaxTypeFilingYear_Page/select_TaxType_ExistingLiability' 

2023-12-20 12:37:37 - [MESSAGE][PASSED] - All options with label 'Corporate Income Tax' are selected in object 'Object Repository/RAD_Pages/TaxTypeFilingYear_Page/select_TaxType_ExistingLiability' 

2023-12-20 12:37:37 - [TEST_STEP][PASSED] - break: null

2023-12-20 12:37:37 - [TEST_STEP][PASSED] - delay(1): Delayed 1 second(s)

2023-12-20 12:37:38 - [MESSAGE][PASSED] - Delayed 1 second(s)

2023-12-20 12:37:38 - [TEST_STEP][PASSED] - scrollToElement(findTestObject(orPath_Amount + "/input__paymentAmount"), 2, CONTINUE_ON_FAILURE): Scroll to object 'Object Repository/RAD_Pages/PaymentAmount_Page/input__paymentAmount' successfully

2023-12-20 12:37:38 - [MESSAGE][PASSED] - Scroll to object 'Object Repository/RAD_Pages/PaymentAmount_Page/input__paymentAmount' successfully

2023-12-20 12:37:38 - [TEST_STEP][PASSED] - switch (Paymenttype): null

2023-12-20 12:37:38 - [TEST_STEP][PASSED] - case "Existing Liability w/Notice Number":: null

2023-12-20 12:37:38 - [TEST_STEP][PASSED] - setEncryptedText(findTestObject("Object Repository/RAD_RecordAndPlay/input_Existing_FEIN"), "RigbBhfdqODKcAsiUrg+1Q=="): Text ****** has been set on object 'Object Repository/RAD_RecordAndPlay/input_Existing_FEIN'

2023-12-20 12:37:38 - [MESSAGE][PASSED] - Text ****** has been set on object 'Object Repository/RAD_RecordAndPlay/input_Existing_FEIN'

2023-12-20 12:37:39 - [TEST_STEP][PASSED] - setEncryptedText(findTestObject("Object Repository/RAD_RecordAndPlay/input_Existing_RetypeFEIN"), "RigbBhfdqOBBGbZqm4oFJQ=="): Text ****** has been set on object 'Object Repository/RAD_RecordAndPlay/input_Existing_RetypeFEIN'

2023-12-20 12:37:39 - [MESSAGE][PASSED] - Text ****** has been set on object 'Object Repository/RAD_RecordAndPlay/input_Existing_RetypeFEIN'

2023-12-20 12:37:39 - [TEST_STEP][PASSED] - break: null

2023-12-20 12:37:39 - [TEST_STEP][PASSED] - setText(findTestObject(orPath_Amount + "/input__paymentAmount"), ""): Text '' is set on object 'Object Repository/RAD_Pages/PaymentAmount_Page/input__paymentAmount'

2023-12-20 12:37:40 - [MESSAGE][PASSED] - Text '' is set on object 'Object Repository/RAD_Pages/PaymentAmount_Page/input__paymentAmount'

2023-12-20 12:37:40 - [TEST_STEP][PASSED] - verifyTextPresent("The FEIN and Re-type FEIN do not match", true): Text 'The FEIN and Re-type FEIN do not match' is present on page  using regular expression

2023-12-20 12:37:40 - [MESSAGE][PASSED] - Text 'The FEIN and Re-type FEIN do not match' is present on page  using regular expression

2023-12-20 12:37:40 - [TEST_STEP][PASSED] - if (verifyTextPresent("The FEIN and Re-type FEIN do not match", true)): null

2023-12-20 12:37:41 - [MESSAGE][PASSED] - Text 'The FEIN and Re-type FEIN do not match' is present on page  using regular expression

2023-12-20 12:37:41 - [TEST_STEP][PASSED] - println("Error Message is present on the page"): null

2023-12-20 12:37:41 - [TEST_STEP][PASSED] - out.println("Pass Record Number: " + row): null

2023-12-20 12:37:41 - [TEST_STEP][PASSED] - resText = "Pass": null

2023-12-20 12:37:41 - [TEST_STEP][PASSED] - pages.WriteExcel.demoKey(resText, datText, resColumn, datCloumn, fileLoc, nameSheet, row): pages.WriteExcel.demoKey is PASSED

2023-12-20 12:37:41 - [MESSAGE][PASSED] - pages.WriteExcel.demoKey is PASSED

2023-12-20 12:37:41 - [TEST_STEP][PASSED] - ExecuteTC = findTestData(dataFile).getValue("Execute", row): null

2023-12-20 12:37:41 - [TEST_STEP][PASSED] - Taxtype = findTestData(dataFile).getValue("TaxType", row): null

2023-12-20 12:37:41 - [TEST_STEP][PASSED] - Paymenttype = findTestData(dataFile).getValue("PaymentType", row): null

2023-12-20 12:37:41 - [TEST_STEP][PASSED] - out.println("Value of Execute is : " + ExecuteTC): null

2023-12-20 12:37:41 - [TEST_STEP][PASSED] - if (ExecuteTC.equalsIgnoreCase("Y")): null

2023-12-20 12:37:41 - [TEST_STEP][PASSED] - out.println("Begin Record Number: " + row): null

2023-12-20 12:37:41 - [TEST_STEP][PASSED] - today = new java.util.Date(): null

2023-12-20 12:37:41 - [TEST_STEP][PASSED] - println(today): null

2023-12-20 12:37:41 - [TEST_STEP][PASSED] - datText = today: null

2023-12-20 12:37:41 - [TEST_STEP][PASSED] - Taxtype = findTestData(dataFile).getValue("TaxType", row): null

2023-12-20 12:37:41 - [TEST_STEP][PASSED] - out.println("Taxtype value is : " + Taxtype): null

2023-12-20 12:37:41 - [TEST_STEP][PASSED] - openBrowser(""): Browser is opened with url: ''

2023-12-20 12:37:41 - [MESSAGE][WARNING] - A browser is already opened. Closing browser and opening a new one

2023-12-20 12:37:42 - [MESSAGE][INFO] - Starting 'Chrome' driver

2023-12-20 12:37:42 - [MESSAGE][INFO] - User set preference: ['acceptInsecureCerts', 'true']

2023-12-20 12:37:42 - [MESSAGE][INFO] - Action delay is set to 0 milliseconds

2023-12-20 12:37:44 - [MESSAGE][PASSED] - Browser is opened with url: ''

2023-12-20 12:37:44 - [TEST_STEP][PASSED] - maximizeWindow(): Current window maximized

2023-12-20 12:37:44 - [MESSAGE][PASSED] - Current window maximized

2023-12-20 12:37:44 - [TEST_STEP][PASSED] - navigateToUrl(RADurl): Navigate to 'https://qa2.velocitypayment.com/client/rad/index.html' successfully

2023-12-20 12:37:45 - [MESSAGE][PASSED] - Navigate to 'https://qa2.velocitypayment.com/client/rad/index.html' successfully

2023-12-20 12:37:45 - [TEST_STEP][PASSED] - orPath_Landing = "Object Repository/RAD_Pages/Landing_Page": null

2023-12-20 12:37:45 - [TEST_STEP][PASSED] - orPath_TaxTypeFilingYear = "Object Repository/RAD_Pages/TaxTypeFilingYear_Page": null

2023-12-20 12:37:45 - [TEST_STEP][PASSED] - orPath_TaxPayer = "Object Repository/RAD_Pages/Taxpayer_Page": null

2023-12-20 12:37:45 - [TEST_STEP][PASSED] - orPath_AddressContact = "Object Repository/RAD_Pages/AddressAndContactInfo_Page": null

2023-12-20 12:37:45 - [TEST_STEP][PASSED] - orPath_FilingStatus = "Object Repository/RAD_Pages/FilingStatus_Page": null

2023-12-20 12:37:45 - [TEST_STEP][PASSED] - orPath_Amount = "Object Repository/RAD_Pages/PaymentAmount_Page": null

2023-12-20 12:37:45 - [TEST_STEP][PASSED] - orPath_TaxInfo = "Object Repository/RAD_Pages/TaxInfo_Page": null

2023-12-20 12:37:45 - [TEST_STEP][PASSED] - orPath_Withholding = "Object Repository/RAD_Pages/Withholding_Page": null

2023-12-20 12:37:45 - [TEST_STEP][PASSED] - orPath_Summary = "Object Repository/RAD_Pages/Summary_Page": null

2023-12-20 12:37:45 - [TEST_STEP][PASSED] - orPath_PaymentReady = "Object Repository/RAD_Pages/PaymentReady_Page": null

2023-12-20 12:37:45 - [TEST_STEP][PASSED] - orPath_PaymentEntry = "Object Repository/RAD_Pages/PaymentEntry_Page": null

2023-12-20 12:37:45 - [TEST_STEP][PASSED] - orPath_PaymentConfirmation = "Object Repository/RAD_Pages/PaymentConfirmation_Page": null

2023-12-20 12:37:45 - [TEST_STEP][PASSED] - orPath_ServiceFeesAccept = "Object Repository/RAD_Pages/ServiceFeeAccept_Page": null

2023-12-20 12:37:45 - [TEST_STEP][PASSED] - selectOptionByLabel(findTestObject(orPath_Landing + "/dd_TaxType"), Paymenttype, false): All options with label 'Existing Liability w/Notice Number' are selected in object 'Object Repository/RAD_Pages/Landing_Page/dd_TaxType' 

2023-12-20 12:37:46 - [MESSAGE][PASSED] - All options with label 'Existing Liability w/Notice Number' are selected in object 'Object Repository/RAD_Pages/Landing_Page/dd_TaxType' 

2023-12-20 12:37:46 - [TEST_STEP][PASSED] - delay(1): Delayed 1 second(s)

2023-12-20 12:37:47 - [MESSAGE][PASSED] - Delayed 1 second(s)

2023-12-20 12:37:47 - [TEST_STEP][PASSED] - switch (Paymenttype): null

2023-12-20 12:37:47 - [TEST_STEP][PASSED] - case "Existing Liability w/Notice Number":: null

2023-12-20 12:37:47 - [TEST_STEP][PASSED] - selectOptionByLabel(findTestObject(orPath_TaxTypeFilingYear + "/select_TaxType_ExistingLiability"), Taxtype, false): All options with label 'Fiduciary Tax' are selected in object 'Object Repository/RAD_Pages/TaxTypeFilingYear_Page/select_TaxType_ExistingLiability' 

2023-12-20 12:37:48 - [MESSAGE][PASSED] - All options with label 'Fiduciary Tax' are selected in object 'Object Repository/RAD_Pages/TaxTypeFilingYear_Page/select_TaxType_ExistingLiability' 

2023-12-20 12:37:48 - [TEST_STEP][PASSED] - break: null

2023-12-20 12:37:48 - [TEST_STEP][PASSED] - delay(1): Delayed 1 second(s)

2023-12-20 12:37:49 - [MESSAGE][PASSED] - Delayed 1 second(s)

2023-12-20 12:37:49 - [TEST_STEP][PASSED] - scrollToElement(findTestObject(orPath_Amount + "/input__paymentAmount"), 2, CONTINUE_ON_FAILURE): Scroll to object 'Object Repository/RAD_Pages/PaymentAmount_Page/input__paymentAmount' successfully

2023-12-20 12:37:49 - [MESSAGE][PASSED] - Scroll to object 'Object Repository/RAD_Pages/PaymentAmount_Page/input__paymentAmount' successfully

2023-12-20 12:37:49 - [TEST_STEP][PASSED] - switch (Paymenttype): null

2023-12-20 12:37:49 - [TEST_STEP][PASSED] - case "Existing Liability w/Notice Number":: null

2023-12-20 12:37:49 - [TEST_STEP][PASSED] - setEncryptedText(findTestObject("Object Repository/RAD_RecordAndPlay/input_Existing_FEIN"), "RigbBhfdqODKcAsiUrg+1Q=="): Text ****** has been set on object 'Object Repository/RAD_RecordAndPlay/input_Existing_FEIN'

2023-12-20 12:37:50 - [MESSAGE][PASSED] - Text ****** has been set on object 'Object Repository/RAD_RecordAndPlay/input_Existing_FEIN'

2023-12-20 12:37:50 - [TEST_STEP][PASSED] - setEncryptedText(findTestObject("Object Repository/RAD_RecordAndPlay/input_Existing_RetypeFEIN"), "RigbBhfdqOBBGbZqm4oFJQ=="): Text ****** has been set on object 'Object Repository/RAD_RecordAndPlay/input_Existing_RetypeFEIN'

2023-12-20 12:37:50 - [MESSAGE][PASSED] - Text ****** has been set on object 'Object Repository/RAD_RecordAndPlay/input_Existing_RetypeFEIN'

2023-12-20 12:37:50 - [TEST_STEP][PASSED] - break: null

2023-12-20 12:37:50 - [TEST_STEP][PASSED] - setText(findTestObject(orPath_Amount + "/input__paymentAmount"), ""): Text '' is set on object 'Object Repository/RAD_Pages/PaymentAmount_Page/input__paymentAmount'

2023-12-20 12:37:51 - [MESSAGE][PASSED] - Text '' is set on object 'Object Repository/RAD_Pages/PaymentAmount_Page/input__paymentAmount'

2023-12-20 12:37:51 - [TEST_STEP][PASSED] - verifyTextPresent("The FEIN and Re-type FEIN do not match", true): Text 'The FEIN and Re-type FEIN do not match' is present on page  using regular expression

2023-12-20 12:37:52 - [MESSAGE][PASSED] - Text 'The FEIN and Re-type FEIN do not match' is present on page  using regular expression

2023-12-20 12:37:52 - [TEST_STEP][PASSED] - if (verifyTextPresent("The FEIN and Re-type FEIN do not match", true)): null

2023-12-20 12:37:52 - [MESSAGE][PASSED] - Text 'The FEIN and Re-type FEIN do not match' is present on page  using regular expression

2023-12-20 12:37:52 - [TEST_STEP][PASSED] - println("Error Message is present on the page"): null

2023-12-20 12:37:52 - [TEST_STEP][PASSED] - out.println("Pass Record Number: " + row): null

2023-12-20 12:37:52 - [TEST_STEP][PASSED] - resText = "Pass": null

2023-12-20 12:37:52 - [TEST_STEP][PASSED] - pages.WriteExcel.demoKey(resText, datText, resColumn, datCloumn, fileLoc, nameSheet, row): pages.WriteExcel.demoKey is PASSED

2023-12-20 12:37:52 - [MESSAGE][PASSED] - pages.WriteExcel.demoKey is PASSED

2023-12-20 12:37:52 - [TEST_STEP][PASSED] - ExecuteTC = findTestData(dataFile).getValue("Execute", row): null

2023-12-20 12:37:52 - [TEST_STEP][PASSED] - Taxtype = findTestData(dataFile).getValue("TaxType", row): null

2023-12-20 12:37:52 - [TEST_STEP][PASSED] - Paymenttype = findTestData(dataFile).getValue("PaymentType", row): null

2023-12-20 12:37:52 - [TEST_STEP][PASSED] - out.println("Value of Execute is : " + ExecuteTC): null

2023-12-20 12:37:52 - [TEST_STEP][PASSED] - if (ExecuteTC.equalsIgnoreCase("Y")): null

2023-12-20 12:37:52 - [TEST_STEP][PASSED] - out.println("Begin Record Number: " + row): null

2023-12-20 12:37:52 - [TEST_STEP][PASSED] - today = new java.util.Date(): null

2023-12-20 12:37:52 - [TEST_STEP][PASSED] - println(today): null

2023-12-20 12:37:52 - [TEST_STEP][PASSED] - datText = today: null

2023-12-20 12:37:52 - [TEST_STEP][PASSED] - Taxtype = findTestData(dataFile).getValue("TaxType", row): null

2023-12-20 12:37:52 - [TEST_STEP][PASSED] - out.println("Taxtype value is : " + Taxtype): null

2023-12-20 12:37:52 - [TEST_STEP][PASSED] - openBrowser(""): Browser is opened with url: ''

2023-12-20 12:37:52 - [MESSAGE][WARNING] - A browser is already opened. Closing browser and opening a new one

2023-12-20 12:37:54 - [MESSAGE][INFO] - Starting 'Chrome' driver

2023-12-20 12:37:54 - [MESSAGE][INFO] - User set preference: ['acceptInsecureCerts', 'true']

2023-12-20 12:37:54 - [MESSAGE][INFO] - Action delay is set to 0 milliseconds

2023-12-20 12:37:55 - [MESSAGE][PASSED] - Browser is opened with url: ''

2023-12-20 12:37:55 - [TEST_STEP][PASSED] - maximizeWindow(): Current window maximized

2023-12-20 12:37:56 - [MESSAGE][PASSED] - Current window maximized

2023-12-20 12:37:56 - [TEST_STEP][PASSED] - navigateToUrl(RADurl): Navigate to 'https://qa2.velocitypayment.com/client/rad/index.html' successfully

2023-12-20 12:37:57 - [MESSAGE][PASSED] - Navigate to 'https://qa2.velocitypayment.com/client/rad/index.html' successfully

2023-12-20 12:37:57 - [TEST_STEP][PASSED] - orPath_Landing = "Object Repository/RAD_Pages/Landing_Page": null

2023-12-20 12:37:57 - [TEST_STEP][PASSED] - orPath_TaxTypeFilingYear = "Object Repository/RAD_Pages/TaxTypeFilingYear_Page": null

2023-12-20 12:37:57 - [TEST_STEP][PASSED] - orPath_TaxPayer = "Object Repository/RAD_Pages/Taxpayer_Page": null

2023-12-20 12:37:57 - [TEST_STEP][PASSED] - orPath_AddressContact = "Object Repository/RAD_Pages/AddressAndContactInfo_Page": null

2023-12-20 12:37:57 - [TEST_STEP][PASSED] - orPath_FilingStatus = "Object Repository/RAD_Pages/FilingStatus_Page": null

2023-12-20 12:37:57 - [TEST_STEP][PASSED] - orPath_Amount = "Object Repository/RAD_Pages/PaymentAmount_Page": null

2023-12-20 12:37:57 - [TEST_STEP][PASSED] - orPath_TaxInfo = "Object Repository/RAD_Pages/TaxInfo_Page": null

2023-12-20 12:37:57 - [TEST_STEP][PASSED] - orPath_Withholding = "Object Repository/RAD_Pages/Withholding_Page": null

2023-12-20 12:37:57 - [TEST_STEP][PASSED] - orPath_Summary = "Object Repository/RAD_Pages/Summary_Page": null

2023-12-20 12:37:57 - [TEST_STEP][PASSED] - orPath_PaymentReady = "Object Repository/RAD_Pages/PaymentReady_Page": null

2023-12-20 12:37:57 - [TEST_STEP][PASSED] - orPath_PaymentEntry = "Object Repository/RAD_Pages/PaymentEntry_Page": null

2023-12-20 12:37:57 - [TEST_STEP][PASSED] - orPath_PaymentConfirmation = "Object Repository/RAD_Pages/PaymentConfirmation_Page": null

2023-12-20 12:37:57 - [TEST_STEP][PASSED] - orPath_ServiceFeesAccept = "Object Repository/RAD_Pages/ServiceFeeAccept_Page": null

2023-12-20 12:37:57 - [TEST_STEP][PASSED] - selectOptionByLabel(findTestObject(orPath_Landing + "/dd_TaxType"), Paymenttype, false): All options with label 'Existing Liability w/Notice Number' are selected in object 'Object Repository/RAD_Pages/Landing_Page/dd_TaxType' 

2023-12-20 12:37:58 - [MESSAGE][PASSED] - All options with label 'Existing Liability w/Notice Number' are selected in object 'Object Repository/RAD_Pages/Landing_Page/dd_TaxType' 

2023-12-20 12:37:58 - [TEST_STEP][PASSED] - delay(1): Delayed 1 second(s)

2023-12-20 12:37:59 - [MESSAGE][PASSED] - Delayed 1 second(s)

2023-12-20 12:37:59 - [TEST_STEP][PASSED] - switch (Paymenttype): null

2023-12-20 12:37:59 - [TEST_STEP][PASSED] - case "Existing Liability w/Notice Number":: null

2023-12-20 12:37:59 - [TEST_STEP][PASSED] - selectOptionByLabel(findTestObject(orPath_TaxTypeFilingYear + "/select_TaxType_ExistingLiability"), Taxtype, false): All options with label 'Sales & Use Tax' are selected in object 'Object Repository/RAD_Pages/TaxTypeFilingYear_Page/select_TaxType_ExistingLiability' 

2023-12-20 12:38:00 - [MESSAGE][PASSED] - All options with label 'Sales & Use Tax' are selected in object 'Object Repository/RAD_Pages/TaxTypeFilingYear_Page/select_TaxType_ExistingLiability' 

2023-12-20 12:38:00 - [TEST_STEP][PASSED] - break: null

2023-12-20 12:38:00 - [TEST_STEP][PASSED] - delay(1): Delayed 1 second(s)

2023-12-20 12:38:01 - [MESSAGE][PASSED] - Delayed 1 second(s)

2023-12-20 12:38:01 - [TEST_STEP][PASSED] - scrollToElement(findTestObject(orPath_Amount + "/input__paymentAmount"), 2, CONTINUE_ON_FAILURE): Scroll to object 'Object Repository/RAD_Pages/PaymentAmount_Page/input__paymentAmount' successfully

2023-12-20 12:38:01 - [MESSAGE][PASSED] - Scroll to object 'Object Repository/RAD_Pages/PaymentAmount_Page/input__paymentAmount' successfully

2023-12-20 12:38:01 - [TEST_STEP][PASSED] - switch (Paymenttype): null

2023-12-20 12:38:01 - [TEST_STEP][PASSED] - case "Existing Liability w/Notice Number":: null

2023-12-20 12:38:01 - [TEST_STEP][PASSED] - setEncryptedText(findTestObject("Object Repository/RAD_RecordAndPlay/input_Existing_FEIN"), "RigbBhfdqODKcAsiUrg+1Q=="): Text ****** has been set on object 'Object Repository/RAD_RecordAndPlay/input_Existing_FEIN'

2023-12-20 12:38:02 - [MESSAGE][PASSED] - Text ****** has been set on object 'Object Repository/RAD_RecordAndPlay/input_Existing_FEIN'

2023-12-20 12:38:02 - [TEST_STEP][PASSED] - setEncryptedText(findTestObject("Object Repository/RAD_RecordAndPlay/input_Existing_RetypeFEIN"), "RigbBhfdqOBBGbZqm4oFJQ=="): Text ****** has been set on object 'Object Repository/RAD_RecordAndPlay/input_Existing_RetypeFEIN'

2023-12-20 12:38:03 - [MESSAGE][PASSED] - Text ****** has been set on object 'Object Repository/RAD_RecordAndPlay/input_Existing_RetypeFEIN'

2023-12-20 12:38:03 - [TEST_STEP][PASSED] - break: null

2023-12-20 12:38:03 - [TEST_STEP][PASSED] - setText(findTestObject(orPath_Amount + "/input__paymentAmount"), ""): Text '' is set on object 'Object Repository/RAD_Pages/PaymentAmount_Page/input__paymentAmount'

2023-12-20 12:38:04 - [MESSAGE][PASSED] - Text '' is set on object 'Object Repository/RAD_Pages/PaymentAmount_Page/input__paymentAmount'

2023-12-20 12:38:04 - [TEST_STEP][PASSED] - verifyTextPresent("The FEIN and Re-type FEIN do not match", true): Text 'The FEIN and Re-type FEIN do not match' is present on page  using regular expression

2023-12-20 12:38:05 - [MESSAGE][PASSED] - Text 'The FEIN and Re-type FEIN do not match' is present on page  using regular expression

2023-12-20 12:38:05 - [TEST_STEP][PASSED] - if (verifyTextPresent("The FEIN and Re-type FEIN do not match", true)): null

2023-12-20 12:38:05 - [MESSAGE][PASSED] - Text 'The FEIN and Re-type FEIN do not match' is present on page  using regular expression

2023-12-20 12:38:05 - [TEST_STEP][PASSED] - println("Error Message is present on the page"): null

2023-12-20 12:38:05 - [TEST_STEP][PASSED] - out.println("Pass Record Number: " + row): null

2023-12-20 12:38:05 - [TEST_STEP][PASSED] - resText = "Pass": null

2023-12-20 12:38:05 - [TEST_STEP][PASSED] - pages.WriteExcel.demoKey(resText, datText, resColumn, datCloumn, fileLoc, nameSheet, row): pages.WriteExcel.demoKey is PASSED

2023-12-20 12:38:05 - [MESSAGE][PASSED] - pages.WriteExcel.demoKey is PASSED

2023-12-20 12:38:05 - [TEST_STEP][PASSED] - ExecuteTC = findTestData(dataFile).getValue("Execute", row): null

2023-12-20 12:38:05 - [TEST_STEP][PASSED] - Taxtype = findTestData(dataFile).getValue("TaxType", row): null

2023-12-20 12:38:05 - [TEST_STEP][PASSED] - Paymenttype = findTestData(dataFile).getValue("PaymentType", row): null

2023-12-20 12:38:05 - [TEST_STEP][PASSED] - out.println("Value of Execute is : " + ExecuteTC): null

2023-12-20 12:38:05 - [TEST_STEP][PASSED] - if (ExecuteTC.equalsIgnoreCase("Y")): null

2023-12-20 12:38:05 - [TEST_STEP][PASSED] - out.println("Begin Record Number: " + row): null

2023-12-20 12:38:05 - [TEST_STEP][PASSED] - today = new java.util.Date(): null

2023-12-20 12:38:05 - [TEST_STEP][PASSED] - println(today): null

2023-12-20 12:38:05 - [TEST_STEP][PASSED] - datText = today: null

2023-12-20 12:38:05 - [TEST_STEP][PASSED] - Taxtype = findTestData(dataFile).getValue("TaxType", row): null

2023-12-20 12:38:05 - [TEST_STEP][PASSED] - out.println("Taxtype value is : " + Taxtype): null

2023-12-20 12:38:05 - [TEST_STEP][PASSED] - openBrowser(""): Browser is opened with url: ''

2023-12-20 12:38:05 - [MESSAGE][WARNING] - A browser is already opened. Closing browser and opening a new one

2023-12-20 12:38:07 - [MESSAGE][INFO] - Starting 'Chrome' driver

2023-12-20 12:38:07 - [MESSAGE][INFO] - User set preference: ['acceptInsecureCerts', 'true']

2023-12-20 12:38:07 - [MESSAGE][INFO] - Action delay is set to 0 milliseconds

2023-12-20 12:38:09 - [MESSAGE][PASSED] - Browser is opened with url: ''

2023-12-20 12:38:09 - [TEST_STEP][PASSED] - maximizeWindow(): Current window maximized

2023-12-20 12:38:09 - [MESSAGE][PASSED] - Current window maximized

2023-12-20 12:38:09 - [TEST_STEP][PASSED] - navigateToUrl(RADurl): Navigate to 'https://qa2.velocitypayment.com/client/rad/index.html' successfully

2023-12-20 12:38:11 - [MESSAGE][PASSED] - Navigate to 'https://qa2.velocitypayment.com/client/rad/index.html' successfully

2023-12-20 12:38:11 - [TEST_STEP][PASSED] - orPath_Landing = "Object Repository/RAD_Pages/Landing_Page": null

2023-12-20 12:38:11 - [TEST_STEP][PASSED] - orPath_TaxTypeFilingYear = "Object Repository/RAD_Pages/TaxTypeFilingYear_Page": null

2023-12-20 12:38:11 - [TEST_STEP][PASSED] - orPath_TaxPayer = "Object Repository/RAD_Pages/Taxpayer_Page": null

2023-12-20 12:38:11 - [TEST_STEP][PASSED] - orPath_AddressContact = "Object Repository/RAD_Pages/AddressAndContactInfo_Page": null

2023-12-20 12:38:11 - [TEST_STEP][PASSED] - orPath_FilingStatus = "Object Repository/RAD_Pages/FilingStatus_Page": null

2023-12-20 12:38:11 - [TEST_STEP][PASSED] - orPath_Amount = "Object Repository/RAD_Pages/PaymentAmount_Page": null

2023-12-20 12:38:11 - [TEST_STEP][PASSED] - orPath_TaxInfo = "Object Repository/RAD_Pages/TaxInfo_Page": null

2023-12-20 12:38:11 - [TEST_STEP][PASSED] - orPath_Withholding = "Object Repository/RAD_Pages/Withholding_Page": null

2023-12-20 12:38:11 - [TEST_STEP][PASSED] - orPath_Summary = "Object Repository/RAD_Pages/Summary_Page": null

2023-12-20 12:38:11 - [TEST_STEP][PASSED] - orPath_PaymentReady = "Object Repository/RAD_Pages/PaymentReady_Page": null

2023-12-20 12:38:11 - [TEST_STEP][PASSED] - orPath_PaymentEntry = "Object Repository/RAD_Pages/PaymentEntry_Page": null

2023-12-20 12:38:11 - [TEST_STEP][PASSED] - orPath_PaymentConfirmation = "Object Repository/RAD_Pages/PaymentConfirmation_Page": null

2023-12-20 12:38:11 - [TEST_STEP][PASSED] - orPath_ServiceFeesAccept = "Object Repository/RAD_Pages/ServiceFeeAccept_Page": null

2023-12-20 12:38:11 - [TEST_STEP][PASSED] - selectOptionByLabel(findTestObject(orPath_Landing + "/dd_TaxType"), Paymenttype, false): All options with label 'Existing Liability w/Notice Number' are selected in object 'Object Repository/RAD_Pages/Landing_Page/dd_TaxType' 

2023-12-20 12:38:11 - [MESSAGE][PASSED] - All options with label 'Existing Liability w/Notice Number' are selected in object 'Object Repository/RAD_Pages/Landing_Page/dd_TaxType' 

2023-12-20 12:38:11 - [TEST_STEP][PASSED] - delay(1): Delayed 1 second(s)

2023-12-20 12:38:12 - [MESSAGE][PASSED] - Delayed 1 second(s)

2023-12-20 12:38:12 - [TEST_STEP][PASSED] - switch (Paymenttype): null

2023-12-20 12:38:12 - [TEST_STEP][PASSED] - case "Existing Liability w/Notice Number":: null

2023-12-20 12:38:12 - [TEST_STEP][PASSED] - selectOptionByLabel(findTestObject(orPath_TaxTypeFilingYear + "/select_TaxType_ExistingLiability"), Taxtype, false): All options with label 'Tire Recycling Fee' are selected in object 'Object Repository/RAD_Pages/TaxTypeFilingYear_Page/select_TaxType_ExistingLiability' 

2023-12-20 12:38:13 - [MESSAGE][PASSED] - All options with label 'Tire Recycling Fee' are selected in object 'Object Repository/RAD_Pages/TaxTypeFilingYear_Page/select_TaxType_ExistingLiability' 

2023-12-20 12:38:13 - [TEST_STEP][PASSED] - break: null

2023-12-20 12:38:13 - [TEST_STEP][PASSED] - delay(1): Delayed 1 second(s)

2023-12-20 12:38:14 - [MESSAGE][PASSED] - Delayed 1 second(s)

2023-12-20 12:38:14 - [TEST_STEP][PASSED] - scrollToElement(findTestObject(orPath_Amount + "/input__paymentAmount"), 2, CONTINUE_ON_FAILURE): Scroll to object 'Object Repository/RAD_Pages/PaymentAmount_Page/input__paymentAmount' successfully

2023-12-20 12:38:14 - [MESSAGE][PASSED] - Scroll to object 'Object Repository/RAD_Pages/PaymentAmount_Page/input__paymentAmount' successfully

2023-12-20 12:38:14 - [TEST_STEP][PASSED] - switch (Paymenttype): null

2023-12-20 12:38:14 - [TEST_STEP][PASSED] - case "Existing Liability w/Notice Number":: null

2023-12-20 12:38:14 - [TEST_STEP][PASSED] - setEncryptedText(findTestObject("Object Repository/RAD_RecordAndPlay/input_Existing_FEIN"), "RigbBhfdqODKcAsiUrg+1Q=="): Text ****** has been set on object 'Object Repository/RAD_RecordAndPlay/input_Existing_FEIN'

2023-12-20 12:38:15 - [MESSAGE][PASSED] - Text ****** has been set on object 'Object Repository/RAD_RecordAndPlay/input_Existing_FEIN'

2023-12-20 12:38:15 - [TEST_STEP][PASSED] - setEncryptedText(findTestObject("Object Repository/RAD_RecordAndPlay/input_Existing_RetypeFEIN"), "RigbBhfdqOBBGbZqm4oFJQ=="): Text ****** has been set on object 'Object Repository/RAD_RecordAndPlay/input_Existing_RetypeFEIN'

2023-12-20 12:38:16 - [MESSAGE][PASSED] - Text ****** has been set on object 'Object Repository/RAD_RecordAndPlay/input_Existing_RetypeFEIN'

2023-12-20 12:38:16 - [TEST_STEP][PASSED] - break: null

2023-12-20 12:38:16 - [TEST_STEP][PASSED] - setText(findTestObject(orPath_Amount + "/input__paymentAmount"), ""): Text '' is set on object 'Object Repository/RAD_Pages/PaymentAmount_Page/input__paymentAmount'

2023-12-20 12:38:17 - [MESSAGE][PASSED] - Text '' is set on object 'Object Repository/RAD_Pages/PaymentAmount_Page/input__paymentAmount'

2023-12-20 12:38:17 - [TEST_STEP][PASSED] - verifyTextPresent("The FEIN and Re-type FEIN do not match", true): Text 'The FEIN and Re-type FEIN do not match' is present on page  using regular expression

2023-12-20 12:38:18 - [MESSAGE][PASSED] - Text 'The FEIN and Re-type FEIN do not match' is present on page  using regular expression

2023-12-20 12:38:18 - [TEST_STEP][PASSED] - if (verifyTextPresent("The FEIN and Re-type FEIN do not match", true)): null

2023-12-20 12:38:18 - [MESSAGE][PASSED] - Text 'The FEIN and Re-type FEIN do not match' is present on page  using regular expression

2023-12-20 12:38:18 - [TEST_STEP][PASSED] - println("Error Message is present on the page"): null

2023-12-20 12:38:18 - [TEST_STEP][PASSED] - out.println("Pass Record Number: " + row): null

2023-12-20 12:38:18 - [TEST_STEP][PASSED] - resText = "Pass": null

2023-12-20 12:38:18 - [TEST_STEP][PASSED] - pages.WriteExcel.demoKey(resText, datText, resColumn, datCloumn, fileLoc, nameSheet, row): pages.WriteExcel.demoKey is PASSED

2023-12-20 12:38:18 - [MESSAGE][PASSED] - pages.WriteExcel.demoKey is PASSED

2023-12-20 12:38:18 - [TEST_STEP][PASSED] - ExecuteTC = findTestData(dataFile).getValue("Execute", row): null

2023-12-20 12:38:18 - [TEST_STEP][PASSED] - Taxtype = findTestData(dataFile).getValue("TaxType", row): null

2023-12-20 12:38:18 - [TEST_STEP][PASSED] - Paymenttype = findTestData(dataFile).getValue("PaymentType", row): null

2023-12-20 12:38:18 - [TEST_STEP][PASSED] - out.println("Value of Execute is : " + ExecuteTC): null

2023-12-20 12:38:18 - [TEST_STEP][PASSED] - if (ExecuteTC.equalsIgnoreCase("Y")): null

2023-12-20 12:38:18 - [TEST_STEP][PASSED] - out.println("Begin Record Number: " + row): null

2023-12-20 12:38:18 - [TEST_STEP][PASSED] - today = new java.util.Date(): null

2023-12-20 12:38:18 - [TEST_STEP][PASSED] - println(today): null

2023-12-20 12:38:18 - [TEST_STEP][PASSED] - datText = today: null

2023-12-20 12:38:18 - [TEST_STEP][PASSED] - Taxtype = findTestData(dataFile).getValue("TaxType", row): null

2023-12-20 12:38:18 - [TEST_STEP][PASSED] - out.println("Taxtype value is : " + Taxtype): null

2023-12-20 12:38:18 - [TEST_STEP][PASSED] - openBrowser(""): Browser is opened with url: ''

2023-12-20 12:38:18 - [MESSAGE][WARNING] - A browser is already opened. Closing browser and opening a new one

2023-12-20 12:38:19 - [MESSAGE][INFO] - Starting 'Chrome' driver

2023-12-20 12:38:19 - [MESSAGE][INFO] - User set preference: ['acceptInsecureCerts', 'true']

2023-12-20 12:38:19 - [MESSAGE][INFO] - Action delay is set to 0 milliseconds

2023-12-20 12:38:21 - [MESSAGE][PASSED] - Browser is opened with url: ''

2023-12-20 12:38:21 - [TEST_STEP][PASSED] - maximizeWindow(): Current window maximized

2023-12-20 12:38:21 - [MESSAGE][PASSED] - Current window maximized

2023-12-20 12:38:21 - [TEST_STEP][PASSED] - navigateToUrl(RADurl): Navigate to 'https://qa2.velocitypayment.com/client/rad/index.html' successfully

2023-12-20 12:38:22 - [MESSAGE][PASSED] - Navigate to 'https://qa2.velocitypayment.com/client/rad/index.html' successfully

2023-12-20 12:38:22 - [TEST_STEP][PASSED] - orPath_Landing = "Object Repository/RAD_Pages/Landing_Page": null

2023-12-20 12:38:22 - [TEST_STEP][PASSED] - orPath_TaxTypeFilingYear = "Object Repository/RAD_Pages/TaxTypeFilingYear_Page": null

2023-12-20 12:38:22 - [TEST_STEP][PASSED] - orPath_TaxPayer = "Object Repository/RAD_Pages/Taxpayer_Page": null

2023-12-20 12:38:22 - [TEST_STEP][PASSED] - orPath_AddressContact = "Object Repository/RAD_Pages/AddressAndContactInfo_Page": null

2023-12-20 12:38:22 - [TEST_STEP][PASSED] - orPath_FilingStatus = "Object Repository/RAD_Pages/FilingStatus_Page": null

2023-12-20 12:38:22 - [TEST_STEP][PASSED] - orPath_Amount = "Object Repository/RAD_Pages/PaymentAmount_Page": null

2023-12-20 12:38:22 - [TEST_STEP][PASSED] - orPath_TaxInfo = "Object Repository/RAD_Pages/TaxInfo_Page": null

2023-12-20 12:38:22 - [TEST_STEP][PASSED] - orPath_Withholding = "Object Repository/RAD_Pages/Withholding_Page": null

2023-12-20 12:38:22 - [TEST_STEP][PASSED] - orPath_Summary = "Object Repository/RAD_Pages/Summary_Page": null

2023-12-20 12:38:22 - [TEST_STEP][PASSED] - orPath_PaymentReady = "Object Repository/RAD_Pages/PaymentReady_Page": null

2023-12-20 12:38:22 - [TEST_STEP][PASSED] - orPath_PaymentEntry = "Object Repository/RAD_Pages/PaymentEntry_Page": null

2023-12-20 12:38:22 - [TEST_STEP][PASSED] - orPath_PaymentConfirmation = "Object Repository/RAD_Pages/PaymentConfirmation_Page": null

2023-12-20 12:38:22 - [TEST_STEP][PASSED] - orPath_ServiceFeesAccept = "Object Repository/RAD_Pages/ServiceFeeAccept_Page": null

2023-12-20 12:38:22 - [TEST_STEP][PASSED] - selectOptionByLabel(findTestObject(orPath_Landing + "/dd_TaxType"), Paymenttype, false): All options with label 'Existing Liability w/Notice Number' are selected in object 'Object Repository/RAD_Pages/Landing_Page/dd_TaxType' 

2023-12-20 12:38:23 - [MESSAGE][PASSED] - All options with label 'Existing Liability w/Notice Number' are selected in object 'Object Repository/RAD_Pages/Landing_Page/dd_TaxType' 

2023-12-20 12:38:23 - [TEST_STEP][PASSED] - delay(1): Delayed 1 second(s)

2023-12-20 12:38:24 - [MESSAGE][PASSED] - Delayed 1 second(s)

2023-12-20 12:38:24 - [TEST_STEP][PASSED] - switch (Paymenttype): null

2023-12-20 12:38:24 - [TEST_STEP][PASSED] - case "Existing Liability w/Notice Number":: null

2023-12-20 12:38:24 - [TEST_STEP][PASSED] - selectOptionByLabel(findTestObject(orPath_TaxTypeFilingYear + "/select_TaxType_ExistingLiability"), Taxtype, false): All options with label 'Withholding Tax' are selected in object 'Object Repository/RAD_Pages/TaxTypeFilingYear_Page/select_TaxType_ExistingLiability' 

2023-12-20 12:38:25 - [MESSAGE][PASSED] - All options with label 'Withholding Tax' are selected in object 'Object Repository/RAD_Pages/TaxTypeFilingYear_Page/select_TaxType_ExistingLiability' 

2023-12-20 12:38:25 - [TEST_STEP][PASSED] - break: null

2023-12-20 12:38:25 - [TEST_STEP][PASSED] - delay(1): Delayed 1 second(s)

2023-12-20 12:38:26 - [MESSAGE][PASSED] - Delayed 1 second(s)

2023-12-20 12:38:26 - [TEST_STEP][PASSED] - scrollToElement(findTestObject(orPath_Amount + "/input__paymentAmount"), 2, CONTINUE_ON_FAILURE): Scroll to object 'Object Repository/RAD_Pages/PaymentAmount_Page/input__paymentAmount' successfully

2023-12-20 12:38:26 - [MESSAGE][PASSED] - Scroll to object 'Object Repository/RAD_Pages/PaymentAmount_Page/input__paymentAmount' successfully

2023-12-20 12:38:26 - [TEST_STEP][PASSED] - switch (Paymenttype): null

2023-12-20 12:38:26 - [TEST_STEP][PASSED] - case "Existing Liability w/Notice Number":: null

2023-12-20 12:38:26 - [TEST_STEP][PASSED] - setEncryptedText(findTestObject("Object Repository/RAD_RecordAndPlay/input_Existing_FEIN"), "RigbBhfdqODKcAsiUrg+1Q=="): Text ****** has been set on object 'Object Repository/RAD_RecordAndPlay/input_Existing_FEIN'

2023-12-20 12:38:27 - [MESSAGE][PASSED] - Text ****** has been set on object 'Object Repository/RAD_RecordAndPlay/input_Existing_FEIN'

2023-12-20 12:38:27 - [TEST_STEP][PASSED] - setEncryptedText(findTestObject("Object Repository/RAD_RecordAndPlay/input_Existing_RetypeFEIN"), "RigbBhfdqOBBGbZqm4oFJQ=="): Text ****** has been set on object 'Object Repository/RAD_RecordAndPlay/input_Existing_RetypeFEIN'

2023-12-20 12:38:27 - [MESSAGE][PASSED] - Text ****** has been set on object 'Object Repository/RAD_RecordAndPlay/input_Existing_RetypeFEIN'

2023-12-20 12:38:27 - [TEST_STEP][PASSED] - break: null

2023-12-20 12:38:27 - [TEST_STEP][PASSED] - setText(findTestObject(orPath_Amount + "/input__paymentAmount"), ""): Text '' is set on object 'Object Repository/RAD_Pages/PaymentAmount_Page/input__paymentAmount'

2023-12-20 12:38:28 - [MESSAGE][PASSED] - Text '' is set on object 'Object Repository/RAD_Pages/PaymentAmount_Page/input__paymentAmount'

2023-12-20 12:38:28 - [TEST_STEP][PASSED] - verifyTextPresent("The FEIN and Re-type FEIN do not match", true): Text 'The FEIN and Re-type FEIN do not match' is present on page  using regular expression

2023-12-20 12:38:29 - [MESSAGE][PASSED] - Text 'The FEIN and Re-type FEIN do not match' is present on page  using regular expression

2023-12-20 12:38:29 - [TEST_STEP][PASSED] - if (verifyTextPresent("The FEIN and Re-type FEIN do not match", true)): null

2023-12-20 12:38:29 - [MESSAGE][PASSED] - Text 'The FEIN and Re-type FEIN do not match' is present on page  using regular expression

2023-12-20 12:38:29 - [TEST_STEP][PASSED] - println("Error Message is present on the page"): null

2023-12-20 12:38:29 - [TEST_STEP][PASSED] - out.println("Pass Record Number: " + row): null

2023-12-20 12:38:29 - [TEST_STEP][PASSED] - resText = "Pass": null

2023-12-20 12:38:29 - [TEST_STEP][PASSED] - pages.WriteExcel.demoKey(resText, datText, resColumn, datCloumn, fileLoc, nameSheet, row): pages.WriteExcel.demoKey is PASSED

2023-12-20 12:38:29 - [MESSAGE][PASSED] - pages.WriteExcel.demoKey is PASSED

2023-12-20 12:38:29 - [TEST_STEP][PASSED] - ExecuteTC = findTestData(dataFile).getValue("Execute", row): null

2023-12-20 12:38:29 - [TEST_STEP][PASSED] - Taxtype = findTestData(dataFile).getValue("TaxType", row): null

2023-12-20 12:38:29 - [TEST_STEP][PASSED] - Paymenttype = findTestData(dataFile).getValue("PaymentType", row): null

2023-12-20 12:38:29 - [TEST_STEP][PASSED] - out.println("Value of Execute is : " + ExecuteTC): null

2023-12-20 12:38:29 - [TEST_STEP][PASSED] - if (ExecuteTC.equalsIgnoreCase("Y")): null

2023-12-20 12:38:29 - [TEST_STEP][PASSED] - out.println("Begin Record Number: " + row): null

2023-12-20 12:38:29 - [TEST_STEP][PASSED] - today = new java.util.Date(): null

2023-12-20 12:38:29 - [TEST_STEP][PASSED] - println(today): null

2023-12-20 12:38:29 - [TEST_STEP][PASSED] - datText = today: null

2023-12-20 12:38:29 - [TEST_STEP][PASSED] - Taxtype = findTestData(dataFile).getValue("TaxType", row): null

2023-12-20 12:38:29 - [TEST_STEP][PASSED] - out.println("Taxtype value is : " + Taxtype): null

2023-12-20 12:38:29 - [TEST_STEP][PASSED] - openBrowser(""): Browser is opened with url: ''

2023-12-20 12:38:29 - [MESSAGE][WARNING] - A browser is already opened. Closing browser and opening a new one

2023-12-20 12:38:30 - [MESSAGE][INFO] - Starting 'Chrome' driver

2023-12-20 12:38:30 - [MESSAGE][INFO] - User set preference: ['acceptInsecureCerts', 'true']

2023-12-20 12:38:30 - [MESSAGE][INFO] - Action delay is set to 0 milliseconds

2023-12-20 12:38:32 - [MESSAGE][PASSED] - Browser is opened with url: ''

2023-12-20 12:38:32 - [TEST_STEP][PASSED] - maximizeWindow(): Current window maximized

2023-12-20 12:38:32 - [MESSAGE][PASSED] - Current window maximized

2023-12-20 12:38:32 - [TEST_STEP][PASSED] - navigateToUrl(RADurl): Navigate to 'https://qa2.velocitypayment.com/client/rad/index.html' successfully

2023-12-20 12:38:33 - [MESSAGE][PASSED] - Navigate to 'https://qa2.velocitypayment.com/client/rad/index.html' successfully

2023-12-20 12:38:33 - [TEST_STEP][PASSED] - orPath_Landing = "Object Repository/RAD_Pages/Landing_Page": null

2023-12-20 12:38:33 - [TEST_STEP][PASSED] - orPath_TaxTypeFilingYear = "Object Repository/RAD_Pages/TaxTypeFilingYear_Page": null

2023-12-20 12:38:33 - [TEST_STEP][PASSED] - orPath_TaxPayer = "Object Repository/RAD_Pages/Taxpayer_Page": null

2023-12-20 12:38:33 - [TEST_STEP][PASSED] - orPath_AddressContact = "Object Repository/RAD_Pages/AddressAndContactInfo_Page": null

2023-12-20 12:38:33 - [TEST_STEP][PASSED] - orPath_FilingStatus = "Object Repository/RAD_Pages/FilingStatus_Page": null

2023-12-20 12:38:33 - [TEST_STEP][PASSED] - orPath_Amount = "Object Repository/RAD_Pages/PaymentAmount_Page": null

2023-12-20 12:38:33 - [TEST_STEP][PASSED] - orPath_TaxInfo = "Object Repository/RAD_Pages/TaxInfo_Page": null

2023-12-20 12:38:33 - [TEST_STEP][PASSED] - orPath_Withholding = "Object Repository/RAD_Pages/Withholding_Page": null

2023-12-20 12:38:33 - [TEST_STEP][PASSED] - orPath_Summary = "Object Repository/RAD_Pages/Summary_Page": null

2023-12-20 12:38:33 - [TEST_STEP][PASSED] - orPath_PaymentReady = "Object Repository/RAD_Pages/PaymentReady_Page": null

2023-12-20 12:38:33 - [TEST_STEP][PASSED] - orPath_PaymentEntry = "Object Repository/RAD_Pages/PaymentEntry_Page": null

2023-12-20 12:38:33 - [TEST_STEP][PASSED] - orPath_PaymentConfirmation = "Object Repository/RAD_Pages/PaymentConfirmation_Page": null

2023-12-20 12:38:33 - [TEST_STEP][PASSED] - orPath_ServiceFeesAccept = "Object Repository/RAD_Pages/ServiceFeeAccept_Page": null

2023-12-20 12:38:33 - [TEST_STEP][PASSED] - selectOptionByLabel(findTestObject(orPath_Landing + "/dd_TaxType"), Paymenttype, false): All options with label 'Existing Liability w/Notice Number' are selected in object 'Object Repository/RAD_Pages/Landing_Page/dd_TaxType' 

2023-12-20 12:38:34 - [MESSAGE][PASSED] - All options with label 'Existing Liability w/Notice Number' are selected in object 'Object Repository/RAD_Pages/Landing_Page/dd_TaxType' 

2023-12-20 12:38:34 - [TEST_STEP][PASSED] - delay(1): Delayed 1 second(s)

2023-12-20 12:38:35 - [MESSAGE][PASSED] - Delayed 1 second(s)

2023-12-20 12:38:35 - [TEST_STEP][PASSED] - switch (Paymenttype): null

2023-12-20 12:38:35 - [TEST_STEP][PASSED] - case "Existing Liability w/Notice Number":: null

2023-12-20 12:38:35 - [TEST_STEP][PASSED] - selectOptionByLabel(findTestObject(orPath_TaxTypeFilingYear + "/select_TaxType_ExistingLiability"), Taxtype, false): All options with label 'Alcohol Tax' are selected in object 'Object Repository/RAD_Pages/TaxTypeFilingYear_Page/select_TaxType_ExistingLiability' 

2023-12-20 12:38:36 - [MESSAGE][PASSED] - All options with label 'Alcohol Tax' are selected in object 'Object Repository/RAD_Pages/TaxTypeFilingYear_Page/select_TaxType_ExistingLiability' 

2023-12-20 12:38:36 - [TEST_STEP][PASSED] - break: null

2023-12-20 12:38:36 - [TEST_STEP][PASSED] - delay(1): Delayed 1 second(s)

2023-12-20 12:38:37 - [MESSAGE][PASSED] - Delayed 1 second(s)

2023-12-20 12:38:37 - [TEST_STEP][PASSED] - scrollToElement(findTestObject(orPath_Amount + "/input__paymentAmount"), 2, CONTINUE_ON_FAILURE): Scroll to object 'Object Repository/RAD_Pages/PaymentAmount_Page/input__paymentAmount' successfully

2023-12-20 12:38:37 - [MESSAGE][PASSED] - Scroll to object 'Object Repository/RAD_Pages/PaymentAmount_Page/input__paymentAmount' successfully

2023-12-20 12:38:37 - [TEST_STEP][PASSED] - switch (Paymenttype): null

2023-12-20 12:38:37 - [TEST_STEP][PASSED] - case "Existing Liability w/Notice Number":: null

2023-12-20 12:38:37 - [TEST_STEP][PASSED] - setEncryptedText(findTestObject("Object Repository/RAD_RecordAndPlay/input_Existing_FEIN"), "RigbBhfdqODKcAsiUrg+1Q=="): Text ****** has been set on object 'Object Repository/RAD_RecordAndPlay/input_Existing_FEIN'

2023-12-20 12:38:38 - [MESSAGE][PASSED] - Text ****** has been set on object 'Object Repository/RAD_RecordAndPlay/input_Existing_FEIN'

2023-12-20 12:38:38 - [TEST_STEP][PASSED] - setEncryptedText(findTestObject("Object Repository/RAD_RecordAndPlay/input_Existing_RetypeFEIN"), "RigbBhfdqOBBGbZqm4oFJQ=="): Text ****** has been set on object 'Object Repository/RAD_RecordAndPlay/input_Existing_RetypeFEIN'

2023-12-20 12:38:38 - [MESSAGE][PASSED] - Text ****** has been set on object 'Object Repository/RAD_RecordAndPlay/input_Existing_RetypeFEIN'

2023-12-20 12:38:38 - [TEST_STEP][PASSED] - break: null

2023-12-20 12:38:38 - [TEST_STEP][PASSED] - setText(findTestObject(orPath_Amount + "/input__paymentAmount"), ""): Text '' is set on object 'Object Repository/RAD_Pages/PaymentAmount_Page/input__paymentAmount'

2023-12-20 12:38:39 - [MESSAGE][PASSED] - Text '' is set on object 'Object Repository/RAD_Pages/PaymentAmount_Page/input__paymentAmount'

2023-12-20 12:38:39 - [TEST_STEP][PASSED] - verifyTextPresent("The FEIN and Re-type FEIN do not match", true): Text 'The FEIN and Re-type FEIN do not match' is present on page  using regular expression

2023-12-20 12:38:40 - [MESSAGE][PASSED] - Text 'The FEIN and Re-type FEIN do not match' is present on page  using regular expression

2023-12-20 12:38:40 - [TEST_STEP][PASSED] - if (verifyTextPresent("The FEIN and Re-type FEIN do not match", true)): null

2023-12-20 12:38:40 - [MESSAGE][PASSED] - Text 'The FEIN and Re-type FEIN do not match' is present on page  using regular expression

2023-12-20 12:38:40 - [TEST_STEP][PASSED] - println("Error Message is present on the page"): null

2023-12-20 12:38:40 - [TEST_STEP][PASSED] - out.println("Pass Record Number: " + row): null

2023-12-20 12:38:40 - [TEST_STEP][PASSED] - resText = "Pass": null

2023-12-20 12:38:40 - [TEST_STEP][PASSED] - pages.WriteExcel.demoKey(resText, datText, resColumn, datCloumn, fileLoc, nameSheet, row): pages.WriteExcel.demoKey is PASSED

2023-12-20 12:38:40 - [MESSAGE][PASSED] - pages.WriteExcel.demoKey is PASSED

2023-12-20 12:38:40 - [TEST_STEP][PASSED] - ExecuteTC = findTestData(dataFile).getValue("Execute", row): null

2023-12-20 12:38:40 - [TEST_STEP][PASSED] - Taxtype = findTestData(dataFile).getValue("TaxType", row): null

2023-12-20 12:38:40 - [TEST_STEP][PASSED] - Paymenttype = findTestData(dataFile).getValue("PaymentType", row): null

2023-12-20 12:38:40 - [TEST_STEP][PASSED] - out.println("Value of Execute is : " + ExecuteTC): null

2023-12-20 12:38:40 - [TEST_STEP][PASSED] - if (ExecuteTC.equalsIgnoreCase("Y")): null

2023-12-20 12:38:40 - [TEST_STEP][PASSED] - out.println("Begin Record Number: " + row): null

2023-12-20 12:38:40 - [TEST_STEP][PASSED] - today = new java.util.Date(): null

2023-12-20 12:38:40 - [TEST_STEP][PASSED] - println(today): null

2023-12-20 12:38:40 - [TEST_STEP][PASSED] - datText = today: null

2023-12-20 12:38:40 - [TEST_STEP][PASSED] - Taxtype = findTestData(dataFile).getValue("TaxType", row): null

2023-12-20 12:38:40 - [TEST_STEP][PASSED] - out.println("Taxtype value is : " + Taxtype): null

2023-12-20 12:38:40 - [TEST_STEP][PASSED] - openBrowser(""): Browser is opened with url: ''

2023-12-20 12:38:40 - [MESSAGE][WARNING] - A browser is already opened. Closing browser and opening a new one

2023-12-20 12:38:41 - [MESSAGE][INFO] - Starting 'Chrome' driver

2023-12-20 12:38:41 - [MESSAGE][INFO] - User set preference: ['acceptInsecureCerts', 'true']

2023-12-20 12:38:41 - [MESSAGE][INFO] - Action delay is set to 0 milliseconds

2023-12-20 12:38:43 - [MESSAGE][PASSED] - Browser is opened with url: ''

2023-12-20 12:38:43 - [TEST_STEP][PASSED] - maximizeWindow(): Current window maximized

2023-12-20 12:38:43 - [MESSAGE][PASSED] - Current window maximized

2023-12-20 12:38:43 - [TEST_STEP][PASSED] - navigateToUrl(RADurl): Navigate to 'https://qa2.velocitypayment.com/client/rad/index.html' successfully

2023-12-20 12:38:43 - [MESSAGE][PASSED] - Navigate to 'https://qa2.velocitypayment.com/client/rad/index.html' successfully

2023-12-20 12:38:43 - [TEST_STEP][PASSED] - orPath_Landing = "Object Repository/RAD_Pages/Landing_Page": null

2023-12-20 12:38:43 - [TEST_STEP][PASSED] - orPath_TaxTypeFilingYear = "Object Repository/RAD_Pages/TaxTypeFilingYear_Page": null

2023-12-20 12:38:43 - [TEST_STEP][PASSED] - orPath_TaxPayer = "Object Repository/RAD_Pages/Taxpayer_Page": null

2023-12-20 12:38:43 - [TEST_STEP][PASSED] - orPath_AddressContact = "Object Repository/RAD_Pages/AddressAndContactInfo_Page": null

2023-12-20 12:38:43 - [TEST_STEP][PASSED] - orPath_FilingStatus = "Object Repository/RAD_Pages/FilingStatus_Page": null

2023-12-20 12:38:43 - [TEST_STEP][PASSED] - orPath_Amount = "Object Repository/RAD_Pages/PaymentAmount_Page": null

2023-12-20 12:38:43 - [TEST_STEP][PASSED] - orPath_TaxInfo = "Object Repository/RAD_Pages/TaxInfo_Page": null

2023-12-20 12:38:43 - [TEST_STEP][PASSED] - orPath_Withholding = "Object Repository/RAD_Pages/Withholding_Page": null

2023-12-20 12:38:43 - [TEST_STEP][PASSED] - orPath_Summary = "Object Repository/RAD_Pages/Summary_Page": null

2023-12-20 12:38:43 - [TEST_STEP][PASSED] - orPath_PaymentReady = "Object Repository/RAD_Pages/PaymentReady_Page": null

2023-12-20 12:38:43 - [TEST_STEP][PASSED] - orPath_PaymentEntry = "Object Repository/RAD_Pages/PaymentEntry_Page": null

2023-12-20 12:38:43 - [TEST_STEP][PASSED] - orPath_PaymentConfirmation = "Object Repository/RAD_Pages/PaymentConfirmation_Page": null

2023-12-20 12:38:43 - [TEST_STEP][PASSED] - orPath_ServiceFeesAccept = "Object Repository/RAD_Pages/ServiceFeeAccept_Page": null

2023-12-20 12:38:43 - [TEST_STEP][PASSED] - selectOptionByLabel(findTestObject(orPath_Landing + "/dd_TaxType"), Paymenttype, false): All options with label 'Quarterly Estimated Tax' are selected in object 'Object Repository/RAD_Pages/Landing_Page/dd_TaxType' 

2023-12-20 12:38:45 - [MESSAGE][PASSED] - All options with label 'Quarterly Estimated Tax' are selected in object 'Object Repository/RAD_Pages/Landing_Page/dd_TaxType' 

2023-12-20 12:38:45 - [TEST_STEP][PASSED] - delay(1): Delayed 1 second(s)

2023-12-20 12:38:46 - [MESSAGE][PASSED] - Delayed 1 second(s)

2023-12-20 12:38:46 - [TEST_STEP][PASSED] - switch (Paymenttype): null

2023-12-20 12:38:46 - [TEST_STEP][PASSED] - case "Quarterly Estimated Tax":: null

2023-12-20 12:38:46 - [TEST_STEP][PASSED] - selectOptionByLabel(findTestObject(orPath_TaxTypeFilingYear + "/select_PaymentType"), Taxtype, false): All options with label 'Corporate Income Tax' are selected in object 'Object Repository/RAD_Pages/TaxTypeFilingYear_Page/select_PaymentType' 

2023-12-20 12:38:47 - [MESSAGE][PASSED] - All options with label 'Corporate Income Tax' are selected in object 'Object Repository/RAD_Pages/TaxTypeFilingYear_Page/select_PaymentType' 

2023-12-20 12:38:47 - [TEST_STEP][PASSED] - break: null

2023-12-20 12:38:47 - [TEST_STEP][PASSED] - delay(1): Delayed 1 second(s)

2023-12-20 12:38:48 - [MESSAGE][PASSED] - Delayed 1 second(s)

2023-12-20 12:38:48 - [TEST_STEP][PASSED] - scrollToElement(findTestObject(orPath_Amount + "/input__paymentAmount"), 2, CONTINUE_ON_FAILURE): Scroll to object 'Object Repository/RAD_Pages/PaymentAmount_Page/input__paymentAmount' successfully

2023-12-20 12:38:48 - [MESSAGE][PASSED] - Scroll to object 'Object Repository/RAD_Pages/PaymentAmount_Page/input__paymentAmount' successfully

2023-12-20 12:38:48 - [TEST_STEP][PASSED] - switch (Paymenttype): null

2023-12-20 12:38:48 - [TEST_STEP][PASSED] - case "Quarterly Estimated Tax":: null

2023-12-20 12:38:48 - [TEST_STEP][PASSED] - setEncryptedText(findTestObject(orPath_TaxInfo + "/input_FederalEIN"), "RigbBhfdqODKcAsiUrg+1Q=="): Text ****** has been set on object 'Object Repository/RAD_Pages/TaxInfo_Page/input_FederalEIN'

2023-12-20 12:38:49 - [MESSAGE][PASSED] - Text ****** has been set on object 'Object Repository/RAD_Pages/TaxInfo_Page/input_FederalEIN'

2023-12-20 12:38:49 - [TEST_STEP][PASSED] - setEncryptedText(findTestObject(orPath_TaxInfo + "/input_FederalEIN_ReEnter"), "RigbBhfdqOBBGbZqm4oFJQ=="): Text ****** has been set on object 'Object Repository/RAD_Pages/TaxInfo_Page/input_FederalEIN_ReEnter'

2023-12-20 12:38:49 - [MESSAGE][PASSED] - Text ****** has been set on object 'Object Repository/RAD_Pages/TaxInfo_Page/input_FederalEIN_ReEnter'

2023-12-20 12:38:49 - [TEST_STEP][PASSED] - break: null

2023-12-20 12:38:49 - [TEST_STEP][PASSED] - setText(findTestObject(orPath_Amount + "/input__paymentAmount"), ""): Text '' is set on object 'Object Repository/RAD_Pages/PaymentAmount_Page/input__paymentAmount'

2023-12-20 12:38:50 - [MESSAGE][PASSED] - Text '' is set on object 'Object Repository/RAD_Pages/PaymentAmount_Page/input__paymentAmount'

2023-12-20 12:38:50 - [TEST_STEP][PASSED] - verifyTextPresent("The FEIN and Re-type FEIN do not match", true): Text 'The FEIN and Re-type FEIN do not match' is present on page  using regular expression

2023-12-20 12:38:51 - [MESSAGE][PASSED] - Text 'The FEIN and Re-type FEIN do not match' is present on page  using regular expression

2023-12-20 12:38:51 - [TEST_STEP][PASSED] - if (verifyTextPresent("The FEIN and Re-type FEIN do not match", true)): null

2023-12-20 12:38:51 - [MESSAGE][PASSED] - Text 'The FEIN and Re-type FEIN do not match' is present on page  using regular expression

2023-12-20 12:38:51 - [TEST_STEP][PASSED] - println("Error Message is present on the page"): null

2023-12-20 12:38:51 - [TEST_STEP][PASSED] - out.println("Pass Record Number: " + row): null

2023-12-20 12:38:51 - [TEST_STEP][PASSED] - resText = "Pass": null

2023-12-20 12:38:51 - [TEST_STEP][PASSED] - pages.WriteExcel.demoKey(resText, datText, resColumn, datCloumn, fileLoc, nameSheet, row): pages.WriteExcel.demoKey is PASSED

2023-12-20 12:38:51 - [MESSAGE][PASSED] - pages.WriteExcel.demoKey is PASSED

2023-12-20 12:38:51 - [TEST_STEP][PASSED] - ExecuteTC = findTestData(dataFile).getValue("Execute", row): null

2023-12-20 12:38:51 - [TEST_STEP][PASSED] - Taxtype = findTestData(dataFile).getValue("TaxType", row): null

2023-12-20 12:38:51 - [TEST_STEP][PASSED] - Paymenttype = findTestData(dataFile).getValue("PaymentType", row): null

2023-12-20 12:38:51 - [TEST_STEP][PASSED] - out.println("Value of Execute is : " + ExecuteTC): null

2023-12-20 12:38:51 - [TEST_STEP][PASSED] - if (ExecuteTC.equalsIgnoreCase("Y")): null

2023-12-20 12:38:51 - [TEST_STEP][PASSED] - out.println("Begin Record Number: " + row): null

2023-12-20 12:38:51 - [TEST_STEP][PASSED] - today = new java.util.Date(): null

2023-12-20 12:38:51 - [TEST_STEP][PASSED] - println(today): null

2023-12-20 12:38:51 - [TEST_STEP][PASSED] - datText = today: null

2023-12-20 12:38:51 - [TEST_STEP][PASSED] - Taxtype = findTestData(dataFile).getValue("TaxType", row): null

2023-12-20 12:38:51 - [TEST_STEP][PASSED] - out.println("Taxtype value is : " + Taxtype): null

2023-12-20 12:38:51 - [TEST_STEP][PASSED] - openBrowser(""): Browser is opened with url: ''

2023-12-20 12:38:51 - [MESSAGE][WARNING] - A browser is already opened. Closing browser and opening a new one

2023-12-20 12:38:52 - [MESSAGE][INFO] - Starting 'Chrome' driver

2023-12-20 12:38:52 - [MESSAGE][INFO] - User set preference: ['acceptInsecureCerts', 'true']

2023-12-20 12:38:52 - [MESSAGE][INFO] - Action delay is set to 0 milliseconds

2023-12-20 12:38:54 - [MESSAGE][PASSED] - Browser is opened with url: ''

2023-12-20 12:38:54 - [TEST_STEP][PASSED] - maximizeWindow(): Current window maximized

2023-12-20 12:38:54 - [MESSAGE][PASSED] - Current window maximized

2023-12-20 12:38:54 - [TEST_STEP][PASSED] - navigateToUrl(RADurl): Navigate to 'https://qa2.velocitypayment.com/client/rad/index.html' successfully

2023-12-20 12:38:55 - [MESSAGE][PASSED] - Navigate to 'https://qa2.velocitypayment.com/client/rad/index.html' successfully

2023-12-20 12:38:55 - [TEST_STEP][PASSED] - orPath_Landing = "Object Repository/RAD_Pages/Landing_Page": null

2023-12-20 12:38:55 - [TEST_STEP][PASSED] - orPath_TaxTypeFilingYear = "Object Repository/RAD_Pages/TaxTypeFilingYear_Page": null

2023-12-20 12:38:55 - [TEST_STEP][PASSED] - orPath_TaxPayer = "Object Repository/RAD_Pages/Taxpayer_Page": null

2023-12-20 12:38:55 - [TEST_STEP][PASSED] - orPath_AddressContact = "Object Repository/RAD_Pages/AddressAndContactInfo_Page": null

2023-12-20 12:38:55 - [TEST_STEP][PASSED] - orPath_FilingStatus = "Object Repository/RAD_Pages/FilingStatus_Page": null

2023-12-20 12:38:55 - [TEST_STEP][PASSED] - orPath_Amount = "Object Repository/RAD_Pages/PaymentAmount_Page": null

2023-12-20 12:38:55 - [TEST_STEP][PASSED] - orPath_TaxInfo = "Object Repository/RAD_Pages/TaxInfo_Page": null

2023-12-20 12:38:55 - [TEST_STEP][PASSED] - orPath_Withholding = "Object Repository/RAD_Pages/Withholding_Page": null

2023-12-20 12:38:55 - [TEST_STEP][PASSED] - orPath_Summary = "Object Repository/RAD_Pages/Summary_Page": null

2023-12-20 12:38:55 - [TEST_STEP][PASSED] - orPath_PaymentReady = "Object Repository/RAD_Pages/PaymentReady_Page": null

2023-12-20 12:38:55 - [TEST_STEP][PASSED] - orPath_PaymentEntry = "Object Repository/RAD_Pages/PaymentEntry_Page": null

2023-12-20 12:38:55 - [TEST_STEP][PASSED] - orPath_PaymentConfirmation = "Object Repository/RAD_Pages/PaymentConfirmation_Page": null

2023-12-20 12:38:55 - [TEST_STEP][PASSED] - orPath_ServiceFeesAccept = "Object Repository/RAD_Pages/ServiceFeeAccept_Page": null

2023-12-20 12:38:55 - [TEST_STEP][PASSED] - selectOptionByLabel(findTestObject(orPath_Landing + "/dd_TaxType"), Paymenttype, false): All options with label 'Quarterly Estimated Tax' are selected in object 'Object Repository/RAD_Pages/Landing_Page/dd_TaxType' 

2023-12-20 12:38:56 - [MESSAGE][PASSED] - All options with label 'Quarterly Estimated Tax' are selected in object 'Object Repository/RAD_Pages/Landing_Page/dd_TaxType' 

2023-12-20 12:38:56 - [TEST_STEP][PASSED] - delay(1): Delayed 1 second(s)

2023-12-20 12:38:57 - [MESSAGE][PASSED] - Delayed 1 second(s)

2023-12-20 12:38:57 - [TEST_STEP][PASSED] - switch (Paymenttype): null

2023-12-20 12:38:57 - [TEST_STEP][PASSED] - case "Quarterly Estimated Tax":: null

2023-12-20 12:38:57 - [TEST_STEP][PASSED] - selectOptionByLabel(findTestObject(orPath_TaxTypeFilingYear + "/select_PaymentType"), Taxtype, false): All options with label 'Fiduciary Tax' are selected in object 'Object Repository/RAD_Pages/TaxTypeFilingYear_Page/select_PaymentType' 

2023-12-20 12:38:58 - [MESSAGE][PASSED] - All options with label 'Fiduciary Tax' are selected in object 'Object Repository/RAD_Pages/TaxTypeFilingYear_Page/select_PaymentType' 

2023-12-20 12:38:58 - [TEST_STEP][PASSED] - break: null

2023-12-20 12:38:58 - [TEST_STEP][PASSED] - delay(1): Delayed 1 second(s)

2023-12-20 12:38:59 - [MESSAGE][PASSED] - Delayed 1 second(s)

2023-12-20 12:38:59 - [TEST_STEP][PASSED] - scrollToElement(findTestObject(orPath_Amount + "/input__paymentAmount"), 2, CONTINUE_ON_FAILURE): Scroll to object 'Object Repository/RAD_Pages/PaymentAmount_Page/input__paymentAmount' successfully

2023-12-20 12:38:59 - [MESSAGE][PASSED] - Scroll to object 'Object Repository/RAD_Pages/PaymentAmount_Page/input__paymentAmount' successfully

2023-12-20 12:38:59 - [TEST_STEP][PASSED] - switch (Paymenttype): null

2023-12-20 12:38:59 - [TEST_STEP][PASSED] - case "Quarterly Estimated Tax":: null

2023-12-20 12:38:59 - [TEST_STEP][PASSED] - setEncryptedText(findTestObject(orPath_TaxInfo + "/input_FederalEIN"), "RigbBhfdqODKcAsiUrg+1Q=="): Text ****** has been set on object 'Object Repository/RAD_Pages/TaxInfo_Page/input_FederalEIN'

2023-12-20 12:39:00 - [MESSAGE][PASSED] - Text ****** has been set on object 'Object Repository/RAD_Pages/TaxInfo_Page/input_FederalEIN'

2023-12-20 12:39:00 - [TEST_STEP][PASSED] - setEncryptedText(findTestObject(orPath_TaxInfo + "/input_FederalEIN_ReEnter"), "RigbBhfdqOBBGbZqm4oFJQ=="): Text ****** has been set on object 'Object Repository/RAD_Pages/TaxInfo_Page/input_FederalEIN_ReEnter'

2023-12-20 12:39:00 - [MESSAGE][PASSED] - Text ****** has been set on object 'Object Repository/RAD_Pages/TaxInfo_Page/input_FederalEIN_ReEnter'

2023-12-20 12:39:00 - [TEST_STEP][PASSED] - break: null

2023-12-20 12:39:00 - [TEST_STEP][PASSED] - setText(findTestObject(orPath_Amount + "/input__paymentAmount"), ""): Text '' is set on object 'Object Repository/RAD_Pages/PaymentAmount_Page/input__paymentAmount'

2023-12-20 12:39:01 - [MESSAGE][PASSED] - Text '' is set on object 'Object Repository/RAD_Pages/PaymentAmount_Page/input__paymentAmount'

2023-12-20 12:39:01 - [TEST_STEP][PASSED] - verifyTextPresent("The FEIN and Re-type FEIN do not match", true): Text 'The FEIN and Re-type FEIN do not match' is present on page  using regular expression

2023-12-20 12:39:02 - [MESSAGE][PASSED] - Text 'The FEIN and Re-type FEIN do not match' is present on page  using regular expression

2023-12-20 12:39:02 - [TEST_STEP][PASSED] - if (verifyTextPresent("The FEIN and Re-type FEIN do not match", true)): null

2023-12-20 12:39:02 - [MESSAGE][PASSED] - Text 'The FEIN and Re-type FEIN do not match' is present on page  using regular expression

2023-12-20 12:39:02 - [TEST_STEP][PASSED] - println("Error Message is present on the page"): null

2023-12-20 12:39:02 - [TEST_STEP][PASSED] - out.println("Pass Record Number: " + row): null

2023-12-20 12:39:02 - [TEST_STEP][PASSED] - resText = "Pass": null

2023-12-20 12:39:02 - [TEST_STEP][PASSED] - pages.WriteExcel.demoKey(resText, datText, resColumn, datCloumn, fileLoc, nameSheet, row): pages.WriteExcel.demoKey is PASSED

2023-12-20 12:39:02 - [MESSAGE][PASSED] - pages.WriteExcel.demoKey is PASSED

2023-12-20 12:39:02 - [TEST_STEP][PASSED] - ExecuteTC = findTestData(dataFile).getValue("Execute", row): null

2023-12-20 12:39:02 - [TEST_STEP][PASSED] - Taxtype = findTestData(dataFile).getValue("TaxType", row): null

2023-12-20 12:39:02 - [TEST_STEP][PASSED] - Paymenttype = findTestData(dataFile).getValue("PaymentType", row): null

2023-12-20 12:39:02 - [TEST_STEP][PASSED] - out.println("Value of Execute is : " + ExecuteTC): null

2023-12-20 12:39:02 - [TEST_STEP][PASSED] - if (ExecuteTC.equalsIgnoreCase("Y")): null

2023-12-20 12:39:02 - [TEST_STEP][PASSED] - ExecuteTC = findTestData(dataFile).getValue("Execute", row): null

2023-12-20 12:39:02 - [TEST_STEP][PASSED] - Taxtype = findTestData(dataFile).getValue("TaxType", row): null

2023-12-20 12:39:02 - [TEST_STEP][PASSED] - Paymenttype = findTestData(dataFile).getValue("PaymentType", row): null

2023-12-20 12:39:02 - [TEST_STEP][PASSED] - out.println("Value of Execute is : " + ExecuteTC): null

2023-12-20 12:39:02 - [TEST_STEP][PASSED] - if (ExecuteTC.equalsIgnoreCase("Y")): null

2023-12-20 12:39:02 - [TEST_STEP][PASSED] - ExecuteTC = findTestData(dataFile).getValue("Execute", row): null

2023-12-20 12:39:02 - [TEST_STEP][PASSED] - Taxtype = findTestData(dataFile).getValue("TaxType", row): null

2023-12-20 12:39:02 - [TEST_STEP][PASSED] - Paymenttype = findTestData(dataFile).getValue("PaymentType", row): null

2023-12-20 12:39:02 - [TEST_STEP][PASSED] - out.println("Value of Execute is : " + ExecuteTC): null

2023-12-20 12:39:02 - [TEST_STEP][PASSED] - if (ExecuteTC.equalsIgnoreCase("Y")): null

2023-12-20 12:39:02 - [TEST_STEP][PASSED] - out.println("Begin Record Number: " + row): null

2023-12-20 12:39:02 - [TEST_STEP][PASSED] - today = new java.util.Date(): null

2023-12-20 12:39:02 - [TEST_STEP][PASSED] - println(today): null

2023-12-20 12:39:02 - [TEST_STEP][PASSED] - datText = today: null

2023-12-20 12:39:02 - [TEST_STEP][PASSED] - Taxtype = findTestData(dataFile).getValue("TaxType", row): null

2023-12-20 12:39:02 - [TEST_STEP][PASSED] - out.println("Taxtype value is : " + Taxtype): null

2023-12-20 12:39:02 - [TEST_STEP][PASSED] - openBrowser(""): Browser is opened with url: ''

2023-12-20 12:39:02 - [MESSAGE][WARNING] - A browser is already opened. Closing browser and opening a new one

2023-12-20 12:39:03 - [MESSAGE][INFO] - Starting 'Chrome' driver

2023-12-20 12:39:03 - [MESSAGE][INFO] - User set preference: ['acceptInsecureCerts', 'true']

2023-12-20 12:39:03 - [MESSAGE][INFO] - Action delay is set to 0 milliseconds

2023-12-20 12:39:05 - [MESSAGE][PASSED] - Browser is opened with url: ''

2023-12-20 12:39:05 - [TEST_STEP][PASSED] - maximizeWindow(): Current window maximized

2023-12-20 12:39:05 - [MESSAGE][PASSED] - Current window maximized

2023-12-20 12:39:05 - [TEST_STEP][PASSED] - navigateToUrl(RADurl): Navigate to 'https://qa2.velocitypayment.com/client/rad/index.html' successfully

2023-12-20 12:39:07 - [MESSAGE][PASSED] - Navigate to 'https://qa2.velocitypayment.com/client/rad/index.html' successfully

2023-12-20 12:39:07 - [TEST_STEP][PASSED] - orPath_Landing = "Object Repository/RAD_Pages/Landing_Page": null

2023-12-20 12:39:07 - [TEST_STEP][PASSED] - orPath_TaxTypeFilingYear = "Object Repository/RAD_Pages/TaxTypeFilingYear_Page": null

2023-12-20 12:39:07 - [TEST_STEP][PASSED] - orPath_TaxPayer = "Object Repository/RAD_Pages/Taxpayer_Page": null

2023-12-20 12:39:07 - [TEST_STEP][PASSED] - orPath_AddressContact = "Object Repository/RAD_Pages/AddressAndContactInfo_Page": null

2023-12-20 12:39:07 - [TEST_STEP][PASSED] - orPath_FilingStatus = "Object Repository/RAD_Pages/FilingStatus_Page": null

2023-12-20 12:39:07 - [TEST_STEP][PASSED] - orPath_Amount = "Object Repository/RAD_Pages/PaymentAmount_Page": null

2023-12-20 12:39:07 - [TEST_STEP][PASSED] - orPath_TaxInfo = "Object Repository/RAD_Pages/TaxInfo_Page": null

2023-12-20 12:39:07 - [TEST_STEP][PASSED] - orPath_Withholding = "Object Repository/RAD_Pages/Withholding_Page": null

2023-12-20 12:39:07 - [TEST_STEP][PASSED] - orPath_Summary = "Object Repository/RAD_Pages/Summary_Page": null

2023-12-20 12:39:07 - [TEST_STEP][PASSED] - orPath_PaymentReady = "Object Repository/RAD_Pages/PaymentReady_Page": null

2023-12-20 12:39:07 - [TEST_STEP][PASSED] - orPath_PaymentEntry = "Object Repository/RAD_Pages/PaymentEntry_Page": null

2023-12-20 12:39:07 - [TEST_STEP][PASSED] - orPath_PaymentConfirmation = "Object Repository/RAD_Pages/PaymentConfirmation_Page": null

2023-12-20 12:39:07 - [TEST_STEP][PASSED] - orPath_ServiceFeesAccept = "Object Repository/RAD_Pages/ServiceFeeAccept_Page": null

2023-12-20 12:39:07 - [TEST_STEP][PASSED] - selectOptionByLabel(findTestObject(orPath_Landing + "/dd_TaxType"), Paymenttype, false): All options with label 'New Tax Return Amount Due' are selected in object 'Object Repository/RAD_Pages/Landing_Page/dd_TaxType' 

2023-12-20 12:39:07 - [MESSAGE][PASSED] - All options with label 'New Tax Return Amount Due' are selected in object 'Object Repository/RAD_Pages/Landing_Page/dd_TaxType' 

2023-12-20 12:39:07 - [TEST_STEP][PASSED] - delay(1): Delayed 1 second(s)

2023-12-20 12:39:08 - [MESSAGE][PASSED] - Delayed 1 second(s)

2023-12-20 12:39:08 - [TEST_STEP][PASSED] - switch (Paymenttype): null

2023-12-20 12:39:08 - [TEST_STEP][PASSED] - case "New Tax Return Amount Due":: null

2023-12-20 12:39:08 - [TEST_STEP][PASSED] - selectOptionByLabel(findTestObject("Object Repository/RAD_Pages/Landing_Page/select_NewTaxReturnAmountDue_TaxType"), Taxtype, false): All options with label 'Fiduciary Tax' are selected in object 'Object Repository/RAD_Pages/Landing_Page/select_NewTaxReturnAmountDue_TaxType' 

2023-12-20 12:39:09 - [MESSAGE][PASSED] - All options with label 'Fiduciary Tax' are selected in object 'Object Repository/RAD_Pages/Landing_Page/select_NewTaxReturnAmountDue_TaxType' 

2023-12-20 12:39:09 - [TEST_STEP][PASSED] - break: null

2023-12-20 12:39:09 - [TEST_STEP][PASSED] - delay(1): Delayed 1 second(s)

2023-12-20 12:39:10 - [MESSAGE][PASSED] - Delayed 1 second(s)

2023-12-20 12:39:10 - [TEST_STEP][PASSED] - scrollToElement(findTestObject(orPath_Amount + "/input__paymentAmount"), 2, CONTINUE_ON_FAILURE): Scroll to object 'Object Repository/RAD_Pages/PaymentAmount_Page/input__paymentAmount' successfully

2023-12-20 12:39:10 - [MESSAGE][PASSED] - Scroll to object 'Object Repository/RAD_Pages/PaymentAmount_Page/input__paymentAmount' successfully

2023-12-20 12:39:10 - [TEST_STEP][PASSED] - switch (Paymenttype): null

2023-12-20 12:39:10 - [TEST_STEP][PASSED] - case "New Tax Return Amount Due":: null

2023-12-20 12:39:10 - [TEST_STEP][PASSED] - setEncryptedText(findTestObject(orPath_TaxInfo + "/input_FederalEIN-2"), "RigbBhfdqODKcAsiUrg+1Q=="): Text ****** has been set on object 'Object Repository/RAD_Pages/TaxInfo_Page/input_FederalEIN-2'

2023-12-20 12:39:11 - [MESSAGE][PASSED] - Text ****** has been set on object 'Object Repository/RAD_Pages/TaxInfo_Page/input_FederalEIN-2'

2023-12-20 12:39:11 - [TEST_STEP][PASSED] - setEncryptedText(findTestObject(orPath_TaxInfo + "/input_FederalEIN_ReEnter-2"), "RigbBhfdqOBBGbZqm4oFJQ=="): Text ****** has been set on object 'Object Repository/RAD_Pages/TaxInfo_Page/input_FederalEIN_ReEnter-2'

2023-12-20 12:39:11 - [MESSAGE][PASSED] - Text ****** has been set on object 'Object Repository/RAD_Pages/TaxInfo_Page/input_FederalEIN_ReEnter-2'

2023-12-20 12:39:11 - [TEST_STEP][PASSED] - break: null

2023-12-20 12:39:11 - [TEST_STEP][PASSED] - setText(findTestObject(orPath_Amount + "/input__paymentAmount"), ""): Text '' is set on object 'Object Repository/RAD_Pages/PaymentAmount_Page/input__paymentAmount'

2023-12-20 12:39:12 - [MESSAGE][PASSED] - Text '' is set on object 'Object Repository/RAD_Pages/PaymentAmount_Page/input__paymentAmount'

2023-12-20 12:39:12 - [TEST_STEP][PASSED] - verifyTextPresent("The FEIN and Re-type FEIN do not match", true): Text 'The FEIN and Re-type FEIN do not match' is present on page  using regular expression

2023-12-20 12:39:13 - [MESSAGE][PASSED] - Text 'The FEIN and Re-type FEIN do not match' is present on page  using regular expression

2023-12-20 12:39:13 - [TEST_STEP][PASSED] - if (verifyTextPresent("The FEIN and Re-type FEIN do not match", true)): null

2023-12-20 12:39:13 - [MESSAGE][PASSED] - Text 'The FEIN and Re-type FEIN do not match' is present on page  using regular expression

2023-12-20 12:39:13 - [TEST_STEP][PASSED] - println("Error Message is present on the page"): null

2023-12-20 12:39:13 - [TEST_STEP][PASSED] - out.println("Pass Record Number: " + row): null

2023-12-20 12:39:13 - [TEST_STEP][PASSED] - resText = "Pass": null

2023-12-20 12:39:13 - [TEST_STEP][PASSED] - pages.WriteExcel.demoKey(resText, datText, resColumn, datCloumn, fileLoc, nameSheet, row): pages.WriteExcel.demoKey is PASSED

2023-12-20 12:39:13 - [MESSAGE][PASSED] - pages.WriteExcel.demoKey is PASSED]]></system-out>
         <system-err><![CDATA[]]></system-err>
      </testcase>
      <testcase name="Test Cases/RAD_TestCases/Negative_TestCases/FEINSSNmismatchError" time="132.247" classname="Test Cases/RAD_TestCases/Negative_TestCases/FEINSSNmismatchError" status="PASSED">
         <system-out><![CDATA[2023-12-20 12:39:13 - [TEST_CASE][PASSED] - Test Cases/RAD_TestCases/Negative_TestCases/FEINSSNmismatchError: Test Cases/RAD_TestCases/Negative_TestCases/FEINSSNmismatchError

2023-12-20 12:39:14 - [TEST_STEP][PASSED] - resText = "Fail": null

2023-12-20 12:39:14 - [TEST_STEP][PASSED] - resColumn = "Result": null

2023-12-20 12:39:14 - [TEST_STEP][PASSED] - datCloumn = "Date": null

2023-12-20 12:39:14 - [TEST_STEP][PASSED] - fileLoc = "KatalonData/RADTestData/FEINmismatch.xlsx": null

2023-12-20 12:39:14 - [TEST_STEP][PASSED] - nameSheet = "FEINSSNmismatch": null

2023-12-20 12:39:14 - [TEST_STEP][PASSED] - dataFile = "RADTestData/FEINSSNmismatch": null

2023-12-20 12:39:14 - [TEST_STEP][PASSED] - ExecuteTC = <not implemented yet for class: org.codehaus.groovy.ast.expr.EmptyExpression>: null

2023-12-20 12:39:14 - [TEST_STEP][PASSED] - Taxtype = <not implemented yet for class: org.codehaus.groovy.ast.expr.EmptyExpression>: null

2023-12-20 12:39:14 - [TEST_STEP][PASSED] - Paymenttype = <not implemented yet for class: org.codehaus.groovy.ast.expr.EmptyExpression>: null

2023-12-20 12:39:14 - [TEST_STEP][PASSED] - numOfRows = findTestData(dataFile).getRowNumbers(): null

2023-12-20 12:39:14 - [TEST_STEP][PASSED] - println("Number of Records: " + numOfRows): null

2023-12-20 12:39:14 - [TEST_STEP][PASSED] - for ([row = 1, row <= numOfRows, (row++)]): null

2023-12-20 12:39:14 - [TEST_STEP][PASSED] - ExecuteTC = findTestData(dataFile).getValue("Execute", row): null

2023-12-20 12:39:14 - [TEST_STEP][PASSED] - Taxtype = findTestData(dataFile).getValue("TaxType", row): null

2023-12-20 12:39:14 - [TEST_STEP][PASSED] - Paymenttype = findTestData(dataFile).getValue("PaymentType", row): null

2023-12-20 12:39:14 - [TEST_STEP][PASSED] - out.println("Value of Execute is : " + ExecuteTC): null

2023-12-20 12:39:14 - [TEST_STEP][PASSED] - if (ExecuteTC.equalsIgnoreCase("Y")): null

2023-12-20 12:39:14 - [TEST_STEP][PASSED] - out.println("Begin Record Number: " + row): null

2023-12-20 12:39:14 - [TEST_STEP][PASSED] - today = new java.util.Date(): null

2023-12-20 12:39:14 - [TEST_STEP][PASSED] - println(today): null

2023-12-20 12:39:14 - [TEST_STEP][PASSED] - datText = today: null

2023-12-20 12:39:14 - [TEST_STEP][PASSED] - Taxtype = findTestData(dataFile).getValue("TaxType", row): null

2023-12-20 12:39:14 - [TEST_STEP][PASSED] - out.println("Taxtype value is : " + Taxtype): null

2023-12-20 12:39:14 - [TEST_STEP][PASSED] - openBrowser(""): Browser is opened with url: ''

2023-12-20 12:39:14 - [MESSAGE][WARNING] - A browser is already opened. Closing browser and opening a new one

2023-12-20 12:39:15 - [MESSAGE][INFO] - Starting 'Chrome' driver

2023-12-20 12:39:15 - [MESSAGE][INFO] - User set preference: ['acceptInsecureCerts', 'true']

2023-12-20 12:39:15 - [MESSAGE][INFO] - Action delay is set to 0 milliseconds

2023-12-20 12:39:17 - [MESSAGE][PASSED] - Browser is opened with url: ''

2023-12-20 12:39:17 - [TEST_STEP][PASSED] - maximizeWindow(): Current window maximized

2023-12-20 12:39:17 - [MESSAGE][PASSED] - Current window maximized

2023-12-20 12:39:17 - [TEST_STEP][PASSED] - navigateToUrl(RADurl): Navigate to 'https://qa2.velocitypayment.com/client/rad/index.html' successfully

2023-12-20 12:39:17 - [MESSAGE][PASSED] - Navigate to 'https://qa2.velocitypayment.com/client/rad/index.html' successfully

2023-12-20 12:39:17 - [TEST_STEP][PASSED] - orPath_Landing = "Object Repository/RAD_Pages/Landing_Page": null

2023-12-20 12:39:17 - [TEST_STEP][PASSED] - orPath_TaxTypeFilingYear = "Object Repository/RAD_Pages/TaxTypeFilingYear_Page": null

2023-12-20 12:39:17 - [TEST_STEP][PASSED] - orPath_TaxPayer = "Object Repository/RAD_Pages/Taxpayer_Page": null

2023-12-20 12:39:17 - [TEST_STEP][PASSED] - orPath_AddressContact = "Object Repository/RAD_Pages/AddressAndContactInfo_Page": null

2023-12-20 12:39:17 - [TEST_STEP][PASSED] - orPath_FilingStatus = "Object Repository/RAD_Pages/FilingStatus_Page": null

2023-12-20 12:39:17 - [TEST_STEP][PASSED] - orPath_Amount = "Object Repository/RAD_Pages/PaymentAmount_Page": null

2023-12-20 12:39:17 - [TEST_STEP][PASSED] - orPath_TaxInfo = "Object Repository/RAD_Pages/TaxInfo_Page": null

2023-12-20 12:39:17 - [TEST_STEP][PASSED] - orPath_Withholding = "Object Repository/RAD_Pages/Withholding_Page": null

2023-12-20 12:39:17 - [TEST_STEP][PASSED] - orPath_Summary = "Object Repository/RAD_Pages/Summary_Page": null

2023-12-20 12:39:17 - [TEST_STEP][PASSED] - orPath_PaymentReady = "Object Repository/RAD_Pages/PaymentReady_Page": null

2023-12-20 12:39:17 - [TEST_STEP][PASSED] - orPath_PaymentEntry = "Object Repository/RAD_Pages/PaymentEntry_Page": null

2023-12-20 12:39:17 - [TEST_STEP][PASSED] - orPath_PaymentConfirmation = "Object Repository/RAD_Pages/PaymentConfirmation_Page": null

2023-12-20 12:39:17 - [TEST_STEP][PASSED] - orPath_ServiceFeesAccept = "Object Repository/RAD_Pages/ServiceFeeAccept_Page": null

2023-12-20 12:39:17 - [TEST_STEP][PASSED] - selectOptionByLabel(findTestObject(orPath_Landing + "/dd_TaxType"), Paymenttype, false): All options with label 'Existing Liability w/Notice Number' are selected in object 'Object Repository/RAD_Pages/Landing_Page/dd_TaxType' 

2023-12-20 12:39:19 - [MESSAGE][PASSED] - All options with label 'Existing Liability w/Notice Number' are selected in object 'Object Repository/RAD_Pages/Landing_Page/dd_TaxType' 

2023-12-20 12:39:19 - [TEST_STEP][PASSED] - delay(1): Delayed 1 second(s)

2023-12-20 12:39:20 - [MESSAGE][PASSED] - Delayed 1 second(s)

2023-12-20 12:39:20 - [TEST_STEP][PASSED] - switch (Paymenttype): null

2023-12-20 12:39:20 - [TEST_STEP][PASSED] - case "Existing Liability w/Notice Number":: null

2023-12-20 12:39:20 - [TEST_STEP][PASSED] - selectOptionByLabel(findTestObject(orPath_TaxTypeFilingYear + "/select_TaxType_ExistingLiability"), Taxtype, false): All options with label 'PTE Non-Electing Non-S Corp' are selected in object 'Object Repository/RAD_Pages/TaxTypeFilingYear_Page/select_TaxType_ExistingLiability' 

2023-12-20 12:39:21 - [MESSAGE][PASSED] - All options with label 'PTE Non-Electing Non-S Corp' are selected in object 'Object Repository/RAD_Pages/TaxTypeFilingYear_Page/select_TaxType_ExistingLiability' 

2023-12-20 12:39:21 - [TEST_STEP][PASSED] - break: null

2023-12-20 12:39:21 - [TEST_STEP][PASSED] - delay(1): Delayed 1 second(s)

2023-12-20 12:39:22 - [MESSAGE][PASSED] - Delayed 1 second(s)

2023-12-20 12:39:22 - [TEST_STEP][PASSED] - scrollToElement(findTestObject(orPath_Amount + "/input__paymentAmount"), 2, CONTINUE_ON_FAILURE): Scroll to object 'Object Repository/RAD_Pages/PaymentAmount_Page/input__paymentAmount' successfully

2023-12-20 12:39:22 - [MESSAGE][PASSED] - Scroll to object 'Object Repository/RAD_Pages/PaymentAmount_Page/input__paymentAmount' successfully

2023-12-20 12:39:22 - [TEST_STEP][PASSED] - switch (Paymenttype): null

2023-12-20 12:39:22 - [TEST_STEP][PASSED] - case "Existing Liability w/Notice Number":: null

2023-12-20 12:39:22 - [TEST_STEP][PASSED] - setEncryptedText(findTestObject(orPath_TaxInfo + "/input_TaxInfo_feinSsn_Existing_New"), "RigbBhfdqODKcAsiUrg+1Q=="): Text ****** has been set on object 'Object Repository/RAD_Pages/TaxInfo_Page/input_TaxInfo_feinSsn_Existing_New'

2023-12-20 12:39:23 - [MESSAGE][PASSED] - Text ****** has been set on object 'Object Repository/RAD_Pages/TaxInfo_Page/input_TaxInfo_feinSsn_Existing_New'

2023-12-20 12:39:23 - [TEST_STEP][PASSED] - setEncryptedText(findTestObject(orPath_TaxInfo + "/input_TaxInfo_RetypefeinSsn_Existing_New"), "RigbBhfdqOD+04WBHw5iKw=="): Text ****** has been set on object 'Object Repository/RAD_Pages/TaxInfo_Page/input_TaxInfo_RetypefeinSsn_Existing_New'

2023-12-20 12:39:23 - [MESSAGE][PASSED] - Text ****** has been set on object 'Object Repository/RAD_Pages/TaxInfo_Page/input_TaxInfo_RetypefeinSsn_Existing_New'

2023-12-20 12:39:23 - [TEST_STEP][PASSED] - break: null

2023-12-20 12:39:23 - [TEST_STEP][PASSED] - setText(findTestObject(orPath_Amount + "/input__paymentAmount"), ""): Text '' is set on object 'Object Repository/RAD_Pages/PaymentAmount_Page/input__paymentAmount'

2023-12-20 12:39:24 - [MESSAGE][PASSED] - Text '' is set on object 'Object Repository/RAD_Pages/PaymentAmount_Page/input__paymentAmount'

2023-12-20 12:39:24 - [TEST_STEP][PASSED] - if (verifyTextPresent("The FEIN/SSN and Re-type FEIN/SSN do not match", true)): null

2023-12-20 12:39:25 - [MESSAGE][PASSED] - Text 'The FEIN/SSN and Re-type FEIN/SSN do not match' is present on page  using regular expression

2023-12-20 12:39:25 - [TEST_STEP][PASSED] - println("Error Message is present on the page"): null

2023-12-20 12:39:25 - [TEST_STEP][PASSED] - out.println("Pass Record Number: " + row): null

2023-12-20 12:39:25 - [TEST_STEP][PASSED] - resText = "Pass": null

2023-12-20 12:39:25 - [TEST_STEP][PASSED] - pages.WriteExcel.demoKey(resText, datText, resColumn, datCloumn, fileLoc, nameSheet, row): pages.WriteExcel.demoKey is PASSED

2023-12-20 12:39:25 - [MESSAGE][PASSED] - pages.WriteExcel.demoKey is PASSED

2023-12-20 12:39:25 - [TEST_STEP][PASSED] - ExecuteTC = findTestData(dataFile).getValue("Execute", row): null

2023-12-20 12:39:25 - [TEST_STEP][PASSED] - Taxtype = findTestData(dataFile).getValue("TaxType", row): null

2023-12-20 12:39:25 - [TEST_STEP][PASSED] - Paymenttype = findTestData(dataFile).getValue("PaymentType", row): null

2023-12-20 12:39:25 - [TEST_STEP][PASSED] - out.println("Value of Execute is : " + ExecuteTC): null

2023-12-20 12:39:25 - [TEST_STEP][PASSED] - if (ExecuteTC.equalsIgnoreCase("Y")): null

2023-12-20 12:39:25 - [TEST_STEP][PASSED] - out.println("Begin Record Number: " + row): null

2023-12-20 12:39:25 - [TEST_STEP][PASSED] - today = new java.util.Date(): null

2023-12-20 12:39:25 - [TEST_STEP][PASSED] - println(today): null

2023-12-20 12:39:25 - [TEST_STEP][PASSED] - datText = today: null

2023-12-20 12:39:25 - [TEST_STEP][PASSED] - Taxtype = findTestData(dataFile).getValue("TaxType", row): null

2023-12-20 12:39:25 - [TEST_STEP][PASSED] - out.println("Taxtype value is : " + Taxtype): null

2023-12-20 12:39:25 - [TEST_STEP][PASSED] - openBrowser(""): Browser is opened with url: ''

2023-12-20 12:39:25 - [MESSAGE][WARNING] - A browser is already opened. Closing browser and opening a new one

2023-12-20 12:39:26 - [MESSAGE][INFO] - Starting 'Chrome' driver

2023-12-20 12:39:26 - [MESSAGE][INFO] - User set preference: ['acceptInsecureCerts', 'true']

2023-12-20 12:39:26 - [MESSAGE][INFO] - Action delay is set to 0 milliseconds

2023-12-20 12:39:28 - [MESSAGE][PASSED] - Browser is opened with url: ''

2023-12-20 12:39:28 - [TEST_STEP][PASSED] - maximizeWindow(): Current window maximized

2023-12-20 12:39:28 - [MESSAGE][PASSED] - Current window maximized

2023-12-20 12:39:28 - [TEST_STEP][PASSED] - navigateToUrl(RADurl): Navigate to 'https://qa2.velocitypayment.com/client/rad/index.html' successfully

2023-12-20 12:39:30 - [MESSAGE][PASSED] - Navigate to 'https://qa2.velocitypayment.com/client/rad/index.html' successfully

2023-12-20 12:39:30 - [TEST_STEP][PASSED] - orPath_Landing = "Object Repository/RAD_Pages/Landing_Page": null

2023-12-20 12:39:30 - [TEST_STEP][PASSED] - orPath_TaxTypeFilingYear = "Object Repository/RAD_Pages/TaxTypeFilingYear_Page": null

2023-12-20 12:39:30 - [TEST_STEP][PASSED] - orPath_TaxPayer = "Object Repository/RAD_Pages/Taxpayer_Page": null

2023-12-20 12:39:30 - [TEST_STEP][PASSED] - orPath_AddressContact = "Object Repository/RAD_Pages/AddressAndContactInfo_Page": null

2023-12-20 12:39:30 - [TEST_STEP][PASSED] - orPath_FilingStatus = "Object Repository/RAD_Pages/FilingStatus_Page": null

2023-12-20 12:39:30 - [TEST_STEP][PASSED] - orPath_Amount = "Object Repository/RAD_Pages/PaymentAmount_Page": null

2023-12-20 12:39:30 - [TEST_STEP][PASSED] - orPath_TaxInfo = "Object Repository/RAD_Pages/TaxInfo_Page": null

2023-12-20 12:39:30 - [TEST_STEP][PASSED] - orPath_Withholding = "Object Repository/RAD_Pages/Withholding_Page": null

2023-12-20 12:39:30 - [TEST_STEP][PASSED] - orPath_Summary = "Object Repository/RAD_Pages/Summary_Page": null

2023-12-20 12:39:30 - [TEST_STEP][PASSED] - orPath_PaymentReady = "Object Repository/RAD_Pages/PaymentReady_Page": null

2023-12-20 12:39:30 - [TEST_STEP][PASSED] - orPath_PaymentEntry = "Object Repository/RAD_Pages/PaymentEntry_Page": null

2023-12-20 12:39:30 - [TEST_STEP][PASSED] - orPath_PaymentConfirmation = "Object Repository/RAD_Pages/PaymentConfirmation_Page": null

2023-12-20 12:39:30 - [TEST_STEP][PASSED] - orPath_ServiceFeesAccept = "Object Repository/RAD_Pages/ServiceFeeAccept_Page": null

2023-12-20 12:39:30 - [TEST_STEP][PASSED] - selectOptionByLabel(findTestObject(orPath_Landing + "/dd_TaxType"), Paymenttype, false): All options with label 'Existing Liability w/Notice Number' are selected in object 'Object Repository/RAD_Pages/Landing_Page/dd_TaxType' 

2023-12-20 12:39:30 - [MESSAGE][PASSED] - All options with label 'Existing Liability w/Notice Number' are selected in object 'Object Repository/RAD_Pages/Landing_Page/dd_TaxType' 

2023-12-20 12:39:30 - [TEST_STEP][PASSED] - delay(1): Delayed 1 second(s)

2023-12-20 12:39:31 - [MESSAGE][PASSED] - Delayed 1 second(s)

2023-12-20 12:39:31 - [TEST_STEP][PASSED] - switch (Paymenttype): null

2023-12-20 12:39:31 - [TEST_STEP][PASSED] - case "Existing Liability w/Notice Number":: null

2023-12-20 12:39:31 - [TEST_STEP][PASSED] - selectOptionByLabel(findTestObject(orPath_TaxTypeFilingYear + "/select_TaxType_ExistingLiability"), Taxtype, false): All options with label 'PTE Non-Electing S Corp' are selected in object 'Object Repository/RAD_Pages/TaxTypeFilingYear_Page/select_TaxType_ExistingLiability' 

2023-12-20 12:39:32 - [MESSAGE][PASSED] - All options with label 'PTE Non-Electing S Corp' are selected in object 'Object Repository/RAD_Pages/TaxTypeFilingYear_Page/select_TaxType_ExistingLiability' 

2023-12-20 12:39:32 - [TEST_STEP][PASSED] - break: null

2023-12-20 12:39:32 - [TEST_STEP][PASSED] - delay(1): Delayed 1 second(s)

2023-12-20 12:39:33 - [MESSAGE][PASSED] - Delayed 1 second(s)

2023-12-20 12:39:33 - [TEST_STEP][PASSED] - scrollToElement(findTestObject(orPath_Amount + "/input__paymentAmount"), 2, CONTINUE_ON_FAILURE): Scroll to object 'Object Repository/RAD_Pages/PaymentAmount_Page/input__paymentAmount' successfully

2023-12-20 12:39:33 - [MESSAGE][PASSED] - Scroll to object 'Object Repository/RAD_Pages/PaymentAmount_Page/input__paymentAmount' successfully

2023-12-20 12:39:33 - [TEST_STEP][PASSED] - switch (Paymenttype): null

2023-12-20 12:39:33 - [TEST_STEP][PASSED] - case "Existing Liability w/Notice Number":: null

2023-12-20 12:39:33 - [TEST_STEP][PASSED] - setEncryptedText(findTestObject(orPath_TaxInfo + "/input_TaxInfo_feinSsn_Existing_New"), "RigbBhfdqODKcAsiUrg+1Q=="): Text ****** has been set on object 'Object Repository/RAD_Pages/TaxInfo_Page/input_TaxInfo_feinSsn_Existing_New'

2023-12-20 12:39:34 - [MESSAGE][PASSED] - Text ****** has been set on object 'Object Repository/RAD_Pages/TaxInfo_Page/input_TaxInfo_feinSsn_Existing_New'

2023-12-20 12:39:34 - [TEST_STEP][PASSED] - setEncryptedText(findTestObject(orPath_TaxInfo + "/input_TaxInfo_RetypefeinSsn_Existing_New"), "RigbBhfdqOD+04WBHw5iKw=="): Text ****** has been set on object 'Object Repository/RAD_Pages/TaxInfo_Page/input_TaxInfo_RetypefeinSsn_Existing_New'

2023-12-20 12:39:35 - [MESSAGE][PASSED] - Text ****** has been set on object 'Object Repository/RAD_Pages/TaxInfo_Page/input_TaxInfo_RetypefeinSsn_Existing_New'

2023-12-20 12:39:35 - [TEST_STEP][PASSED] - break: null

2023-12-20 12:39:35 - [TEST_STEP][PASSED] - setText(findTestObject(orPath_Amount + "/input__paymentAmount"), ""): Text '' is set on object 'Object Repository/RAD_Pages/PaymentAmount_Page/input__paymentAmount'

2023-12-20 12:39:35 - [MESSAGE][PASSED] - Text '' is set on object 'Object Repository/RAD_Pages/PaymentAmount_Page/input__paymentAmount'

2023-12-20 12:39:35 - [TEST_STEP][PASSED] - if (verifyTextPresent("The FEIN/SSN and Re-type FEIN/SSN do not match", true)): null

2023-12-20 12:39:36 - [MESSAGE][PASSED] - Text 'The FEIN/SSN and Re-type FEIN/SSN do not match' is present on page  using regular expression

2023-12-20 12:39:36 - [TEST_STEP][PASSED] - println("Error Message is present on the page"): null

2023-12-20 12:39:36 - [TEST_STEP][PASSED] - out.println("Pass Record Number: " + row): null

2023-12-20 12:39:36 - [TEST_STEP][PASSED] - resText = "Pass": null

2023-12-20 12:39:36 - [TEST_STEP][PASSED] - pages.WriteExcel.demoKey(resText, datText, resColumn, datCloumn, fileLoc, nameSheet, row): pages.WriteExcel.demoKey is PASSED

2023-12-20 12:39:36 - [MESSAGE][PASSED] - pages.WriteExcel.demoKey is PASSED

2023-12-20 12:39:36 - [TEST_STEP][PASSED] - ExecuteTC = findTestData(dataFile).getValue("Execute", row): null

2023-12-20 12:39:36 - [TEST_STEP][PASSED] - Taxtype = findTestData(dataFile).getValue("TaxType", row): null

2023-12-20 12:39:36 - [TEST_STEP][PASSED] - Paymenttype = findTestData(dataFile).getValue("PaymentType", row): null

2023-12-20 12:39:36 - [TEST_STEP][PASSED] - out.println("Value of Execute is : " + ExecuteTC): null

2023-12-20 12:39:36 - [TEST_STEP][PASSED] - if (ExecuteTC.equalsIgnoreCase("Y")): null

2023-12-20 12:39:36 - [TEST_STEP][PASSED] - out.println("Begin Record Number: " + row): null

2023-12-20 12:39:36 - [TEST_STEP][PASSED] - today = new java.util.Date(): null

2023-12-20 12:39:36 - [TEST_STEP][PASSED] - println(today): null

2023-12-20 12:39:36 - [TEST_STEP][PASSED] - datText = today: null

2023-12-20 12:39:36 - [TEST_STEP][PASSED] - Taxtype = findTestData(dataFile).getValue("TaxType", row): null

2023-12-20 12:39:36 - [TEST_STEP][PASSED] - out.println("Taxtype value is : " + Taxtype): null

2023-12-20 12:39:36 - [TEST_STEP][PASSED] - openBrowser(""): Browser is opened with url: ''

2023-12-20 12:39:36 - [MESSAGE][WARNING] - A browser is already opened. Closing browser and opening a new one

2023-12-20 12:39:37 - [MESSAGE][INFO] - Starting 'Chrome' driver

2023-12-20 12:39:37 - [MESSAGE][INFO] - User set preference: ['acceptInsecureCerts', 'true']

2023-12-20 12:39:37 - [MESSAGE][INFO] - Action delay is set to 0 milliseconds

2023-12-20 12:39:39 - [MESSAGE][PASSED] - Browser is opened with url: ''

2023-12-20 12:39:39 - [TEST_STEP][PASSED] - maximizeWindow(): Current window maximized

2023-12-20 12:39:39 - [MESSAGE][PASSED] - Current window maximized

2023-12-20 12:39:39 - [TEST_STEP][PASSED] - navigateToUrl(RADurl): Navigate to 'https://qa2.velocitypayment.com/client/rad/index.html' successfully

2023-12-20 12:39:39 - [MESSAGE][PASSED] - Navigate to 'https://qa2.velocitypayment.com/client/rad/index.html' successfully

2023-12-20 12:39:39 - [TEST_STEP][PASSED] - orPath_Landing = "Object Repository/RAD_Pages/Landing_Page": null

2023-12-20 12:39:39 - [TEST_STEP][PASSED] - orPath_TaxTypeFilingYear = "Object Repository/RAD_Pages/TaxTypeFilingYear_Page": null

2023-12-20 12:39:39 - [TEST_STEP][PASSED] - orPath_TaxPayer = "Object Repository/RAD_Pages/Taxpayer_Page": null

2023-12-20 12:39:39 - [TEST_STEP][PASSED] - orPath_AddressContact = "Object Repository/RAD_Pages/AddressAndContactInfo_Page": null

2023-12-20 12:39:39 - [TEST_STEP][PASSED] - orPath_FilingStatus = "Object Repository/RAD_Pages/FilingStatus_Page": null

2023-12-20 12:39:39 - [TEST_STEP][PASSED] - orPath_Amount = "Object Repository/RAD_Pages/PaymentAmount_Page": null

2023-12-20 12:39:39 - [TEST_STEP][PASSED] - orPath_TaxInfo = "Object Repository/RAD_Pages/TaxInfo_Page": null

2023-12-20 12:39:39 - [TEST_STEP][PASSED] - orPath_Withholding = "Object Repository/RAD_Pages/Withholding_Page": null

2023-12-20 12:39:39 - [TEST_STEP][PASSED] - orPath_Summary = "Object Repository/RAD_Pages/Summary_Page": null

2023-12-20 12:39:39 - [TEST_STEP][PASSED] - orPath_PaymentReady = "Object Repository/RAD_Pages/PaymentReady_Page": null

2023-12-20 12:39:39 - [TEST_STEP][PASSED] - orPath_PaymentEntry = "Object Repository/RAD_Pages/PaymentEntry_Page": null

2023-12-20 12:39:39 - [TEST_STEP][PASSED] - orPath_PaymentConfirmation = "Object Repository/RAD_Pages/PaymentConfirmation_Page": null

2023-12-20 12:39:39 - [TEST_STEP][PASSED] - orPath_ServiceFeesAccept = "Object Repository/RAD_Pages/ServiceFeeAccept_Page": null

2023-12-20 12:39:39 - [TEST_STEP][PASSED] - selectOptionByLabel(findTestObject(orPath_Landing + "/dd_TaxType"), Paymenttype, false): All options with label 'Existing Liability w/Notice Number' are selected in object 'Object Repository/RAD_Pages/Landing_Page/dd_TaxType' 

2023-12-20 12:39:41 - [MESSAGE][PASSED] - All options with label 'Existing Liability w/Notice Number' are selected in object 'Object Repository/RAD_Pages/Landing_Page/dd_TaxType' 

2023-12-20 12:39:41 - [TEST_STEP][PASSED] - delay(1): Delayed 1 second(s)

2023-12-20 12:39:42 - [MESSAGE][PASSED] - Delayed 1 second(s)

2023-12-20 12:39:42 - [TEST_STEP][PASSED] - switch (Paymenttype): null

2023-12-20 12:39:42 - [TEST_STEP][PASSED] - case "Existing Liability w/Notice Number":: null

2023-12-20 12:39:42 - [TEST_STEP][PASSED] - selectOptionByLabel(findTestObject(orPath_TaxTypeFilingYear + "/select_TaxType_ExistingLiability"), Taxtype, false): All options with label 'PTE Tax Electing Non-S Corp' are selected in object 'Object Repository/RAD_Pages/TaxTypeFilingYear_Page/select_TaxType_ExistingLiability' 

2023-12-20 12:39:43 - [MESSAGE][PASSED] - All options with label 'PTE Tax Electing Non-S Corp' are selected in object 'Object Repository/RAD_Pages/TaxTypeFilingYear_Page/select_TaxType_ExistingLiability' 

2023-12-20 12:39:43 - [TEST_STEP][PASSED] - break: null

2023-12-20 12:39:43 - [TEST_STEP][PASSED] - delay(1): Delayed 1 second(s)

2023-12-20 12:39:44 - [MESSAGE][PASSED] - Delayed 1 second(s)

2023-12-20 12:39:44 - [TEST_STEP][PASSED] - scrollToElement(findTestObject(orPath_Amount + "/input__paymentAmount"), 2, CONTINUE_ON_FAILURE): Scroll to object 'Object Repository/RAD_Pages/PaymentAmount_Page/input__paymentAmount' successfully

2023-12-20 12:39:44 - [MESSAGE][PASSED] - Scroll to object 'Object Repository/RAD_Pages/PaymentAmount_Page/input__paymentAmount' successfully

2023-12-20 12:39:44 - [TEST_STEP][PASSED] - switch (Paymenttype): null

2023-12-20 12:39:44 - [TEST_STEP][PASSED] - case "Existing Liability w/Notice Number":: null

2023-12-20 12:39:44 - [TEST_STEP][PASSED] - setEncryptedText(findTestObject(orPath_TaxInfo + "/input_TaxInfo_feinSsn_Existing_New"), "RigbBhfdqODKcAsiUrg+1Q=="): Text ****** has been set on object 'Object Repository/RAD_Pages/TaxInfo_Page/input_TaxInfo_feinSsn_Existing_New'

2023-12-20 12:39:45 - [MESSAGE][PASSED] - Text ****** has been set on object 'Object Repository/RAD_Pages/TaxInfo_Page/input_TaxInfo_feinSsn_Existing_New'

2023-12-20 12:39:45 - [TEST_STEP][PASSED] - setEncryptedText(findTestObject(orPath_TaxInfo + "/input_TaxInfo_RetypefeinSsn_Existing_New"), "RigbBhfdqOD+04WBHw5iKw=="): Text ****** has been set on object 'Object Repository/RAD_Pages/TaxInfo_Page/input_TaxInfo_RetypefeinSsn_Existing_New'

2023-12-20 12:39:45 - [MESSAGE][PASSED] - Text ****** has been set on object 'Object Repository/RAD_Pages/TaxInfo_Page/input_TaxInfo_RetypefeinSsn_Existing_New'

2023-12-20 12:39:45 - [TEST_STEP][PASSED] - break: null

2023-12-20 12:39:45 - [TEST_STEP][PASSED] - setText(findTestObject(orPath_Amount + "/input__paymentAmount"), ""): Text '' is set on object 'Object Repository/RAD_Pages/PaymentAmount_Page/input__paymentAmount'

2023-12-20 12:39:46 - [MESSAGE][PASSED] - Text '' is set on object 'Object Repository/RAD_Pages/PaymentAmount_Page/input__paymentAmount'

2023-12-20 12:39:46 - [TEST_STEP][PASSED] - if (verifyTextPresent("The FEIN/SSN and Re-type FEIN/SSN do not match", true)): null

2023-12-20 12:39:46 - [MESSAGE][PASSED] - Text 'The FEIN/SSN and Re-type FEIN/SSN do not match' is present on page  using regular expression

2023-12-20 12:39:46 - [TEST_STEP][PASSED] - println("Error Message is present on the page"): null

2023-12-20 12:39:46 - [TEST_STEP][PASSED] - out.println("Pass Record Number: " + row): null

2023-12-20 12:39:46 - [TEST_STEP][PASSED] - resText = "Pass": null

2023-12-20 12:39:46 - [TEST_STEP][PASSED] - pages.WriteExcel.demoKey(resText, datText, resColumn, datCloumn, fileLoc, nameSheet, row): pages.WriteExcel.demoKey is PASSED

2023-12-20 12:39:47 - [MESSAGE][PASSED] - pages.WriteExcel.demoKey is PASSED

2023-12-20 12:39:47 - [TEST_STEP][PASSED] - ExecuteTC = findTestData(dataFile).getValue("Execute", row): null

2023-12-20 12:39:47 - [TEST_STEP][PASSED] - Taxtype = findTestData(dataFile).getValue("TaxType", row): null

2023-12-20 12:39:47 - [TEST_STEP][PASSED] - Paymenttype = findTestData(dataFile).getValue("PaymentType", row): null

2023-12-20 12:39:47 - [TEST_STEP][PASSED] - out.println("Value of Execute is : " + ExecuteTC): null

2023-12-20 12:39:47 - [TEST_STEP][PASSED] - if (ExecuteTC.equalsIgnoreCase("Y")): null

2023-12-20 12:39:47 - [TEST_STEP][PASSED] - out.println("Begin Record Number: " + row): null

2023-12-20 12:39:47 - [TEST_STEP][PASSED] - today = new java.util.Date(): null

2023-12-20 12:39:47 - [TEST_STEP][PASSED] - println(today): null

2023-12-20 12:39:47 - [TEST_STEP][PASSED] - datText = today: null

2023-12-20 12:39:47 - [TEST_STEP][PASSED] - Taxtype = findTestData(dataFile).getValue("TaxType", row): null

2023-12-20 12:39:47 - [TEST_STEP][PASSED] - out.println("Taxtype value is : " + Taxtype): null

2023-12-20 12:39:47 - [TEST_STEP][PASSED] - openBrowser(""): Browser is opened with url: ''

2023-12-20 12:39:47 - [MESSAGE][WARNING] - A browser is already opened. Closing browser and opening a new one

2023-12-20 12:39:48 - [MESSAGE][INFO] - Starting 'Chrome' driver

2023-12-20 12:39:48 - [MESSAGE][INFO] - User set preference: ['acceptInsecureCerts', 'true']

2023-12-20 12:39:48 - [MESSAGE][INFO] - Action delay is set to 0 milliseconds

2023-12-20 12:39:49 - [MESSAGE][PASSED] - Browser is opened with url: ''

2023-12-20 12:39:49 - [TEST_STEP][PASSED] - maximizeWindow(): Current window maximized

2023-12-20 12:39:50 - [MESSAGE][PASSED] - Current window maximized

2023-12-20 12:39:50 - [TEST_STEP][PASSED] - navigateToUrl(RADurl): Navigate to 'https://qa2.velocitypayment.com/client/rad/index.html' successfully

2023-12-20 12:39:51 - [MESSAGE][PASSED] - Navigate to 'https://qa2.velocitypayment.com/client/rad/index.html' successfully

2023-12-20 12:39:51 - [TEST_STEP][PASSED] - orPath_Landing = "Object Repository/RAD_Pages/Landing_Page": null

2023-12-20 12:39:51 - [TEST_STEP][PASSED] - orPath_TaxTypeFilingYear = "Object Repository/RAD_Pages/TaxTypeFilingYear_Page": null

2023-12-20 12:39:51 - [TEST_STEP][PASSED] - orPath_TaxPayer = "Object Repository/RAD_Pages/Taxpayer_Page": null

2023-12-20 12:39:51 - [TEST_STEP][PASSED] - orPath_AddressContact = "Object Repository/RAD_Pages/AddressAndContactInfo_Page": null

2023-12-20 12:39:51 - [TEST_STEP][PASSED] - orPath_FilingStatus = "Object Repository/RAD_Pages/FilingStatus_Page": null

2023-12-20 12:39:51 - [TEST_STEP][PASSED] - orPath_Amount = "Object Repository/RAD_Pages/PaymentAmount_Page": null

2023-12-20 12:39:51 - [TEST_STEP][PASSED] - orPath_TaxInfo = "Object Repository/RAD_Pages/TaxInfo_Page": null

2023-12-20 12:39:51 - [TEST_STEP][PASSED] - orPath_Withholding = "Object Repository/RAD_Pages/Withholding_Page": null

2023-12-20 12:39:51 - [TEST_STEP][PASSED] - orPath_Summary = "Object Repository/RAD_Pages/Summary_Page": null

2023-12-20 12:39:51 - [TEST_STEP][PASSED] - orPath_PaymentReady = "Object Repository/RAD_Pages/PaymentReady_Page": null

2023-12-20 12:39:51 - [TEST_STEP][PASSED] - orPath_PaymentEntry = "Object Repository/RAD_Pages/PaymentEntry_Page": null

2023-12-20 12:39:51 - [TEST_STEP][PASSED] - orPath_PaymentConfirmation = "Object Repository/RAD_Pages/PaymentConfirmation_Page": null

2023-12-20 12:39:51 - [TEST_STEP][PASSED] - orPath_ServiceFeesAccept = "Object Repository/RAD_Pages/ServiceFeeAccept_Page": null

2023-12-20 12:39:51 - [TEST_STEP][PASSED] - selectOptionByLabel(findTestObject(orPath_Landing + "/dd_TaxType"), Paymenttype, false): All options with label 'Existing Liability w/Notice Number' are selected in object 'Object Repository/RAD_Pages/Landing_Page/dd_TaxType' 

2023-12-20 12:39:52 - [MESSAGE][PASSED] - All options with label 'Existing Liability w/Notice Number' are selected in object 'Object Repository/RAD_Pages/Landing_Page/dd_TaxType' 

2023-12-20 12:39:52 - [TEST_STEP][PASSED] - delay(1): Delayed 1 second(s)

2023-12-20 12:39:53 - [MESSAGE][PASSED] - Delayed 1 second(s)

2023-12-20 12:39:53 - [TEST_STEP][PASSED] - switch (Paymenttype): null

2023-12-20 12:39:53 - [TEST_STEP][PASSED] - case "Existing Liability w/Notice Number":: null

2023-12-20 12:39:53 - [TEST_STEP][PASSED] - selectOptionByLabel(findTestObject(orPath_TaxTypeFilingYear + "/select_TaxType_ExistingLiability"), Taxtype, false): All options with label 'PTE Tax Electing S Corp' are selected in object 'Object Repository/RAD_Pages/TaxTypeFilingYear_Page/select_TaxType_ExistingLiability' 

2023-12-20 12:39:54 - [MESSAGE][PASSED] - All options with label 'PTE Tax Electing S Corp' are selected in object 'Object Repository/RAD_Pages/TaxTypeFilingYear_Page/select_TaxType_ExistingLiability' 

2023-12-20 12:39:54 - [TEST_STEP][PASSED] - break: null

2023-12-20 12:39:54 - [TEST_STEP][PASSED] - delay(1): Delayed 1 second(s)

2023-12-20 12:39:55 - [MESSAGE][PASSED] - Delayed 1 second(s)

2023-12-20 12:39:55 - [TEST_STEP][PASSED] - scrollToElement(findTestObject(orPath_Amount + "/input__paymentAmount"), 2, CONTINUE_ON_FAILURE): Scroll to object 'Object Repository/RAD_Pages/PaymentAmount_Page/input__paymentAmount' successfully

2023-12-20 12:39:55 - [MESSAGE][PASSED] - Scroll to object 'Object Repository/RAD_Pages/PaymentAmount_Page/input__paymentAmount' successfully

2023-12-20 12:39:55 - [TEST_STEP][PASSED] - switch (Paymenttype): null

2023-12-20 12:39:55 - [TEST_STEP][PASSED] - case "Existing Liability w/Notice Number":: null

2023-12-20 12:39:55 - [TEST_STEP][PASSED] - setEncryptedText(findTestObject(orPath_TaxInfo + "/input_TaxInfo_feinSsn_Existing_New"), "RigbBhfdqODKcAsiUrg+1Q=="): Text ****** has been set on object 'Object Repository/RAD_Pages/TaxInfo_Page/input_TaxInfo_feinSsn_Existing_New'

2023-12-20 12:39:56 - [MESSAGE][PASSED] - Text ****** has been set on object 'Object Repository/RAD_Pages/TaxInfo_Page/input_TaxInfo_feinSsn_Existing_New'

2023-12-20 12:39:56 - [TEST_STEP][PASSED] - setEncryptedText(findTestObject(orPath_TaxInfo + "/input_TaxInfo_RetypefeinSsn_Existing_New"), "RigbBhfdqOD+04WBHw5iKw=="): Text ****** has been set on object 'Object Repository/RAD_Pages/TaxInfo_Page/input_TaxInfo_RetypefeinSsn_Existing_New'

2023-12-20 12:39:56 - [MESSAGE][PASSED] - Text ****** has been set on object 'Object Repository/RAD_Pages/TaxInfo_Page/input_TaxInfo_RetypefeinSsn_Existing_New'

2023-12-20 12:39:56 - [TEST_STEP][PASSED] - break: null

2023-12-20 12:39:56 - [TEST_STEP][PASSED] - setText(findTestObject(orPath_Amount + "/input__paymentAmount"), ""): Text '' is set on object 'Object Repository/RAD_Pages/PaymentAmount_Page/input__paymentAmount'

2023-12-20 12:39:57 - [MESSAGE][PASSED] - Text '' is set on object 'Object Repository/RAD_Pages/PaymentAmount_Page/input__paymentAmount'

2023-12-20 12:39:57 - [TEST_STEP][PASSED] - if (verifyTextPresent("The FEIN/SSN and Re-type FEIN/SSN do not match", true)): null

2023-12-20 12:39:57 - [MESSAGE][PASSED] - Text 'The FEIN/SSN and Re-type FEIN/SSN do not match' is present on page  using regular expression

2023-12-20 12:39:57 - [TEST_STEP][PASSED] - println("Error Message is present on the page"): null

2023-12-20 12:39:57 - [TEST_STEP][PASSED] - out.println("Pass Record Number: " + row): null

2023-12-20 12:39:57 - [TEST_STEP][PASSED] - resText = "Pass": null

2023-12-20 12:39:57 - [TEST_STEP][PASSED] - pages.WriteExcel.demoKey(resText, datText, resColumn, datCloumn, fileLoc, nameSheet, row): pages.WriteExcel.demoKey is PASSED

2023-12-20 12:39:58 - [MESSAGE][PASSED] - pages.WriteExcel.demoKey is PASSED

2023-12-20 12:39:58 - [TEST_STEP][PASSED] - ExecuteTC = findTestData(dataFile).getValue("Execute", row): null

2023-12-20 12:39:58 - [TEST_STEP][PASSED] - Taxtype = findTestData(dataFile).getValue("TaxType", row): null

2023-12-20 12:39:58 - [TEST_STEP][PASSED] - Paymenttype = findTestData(dataFile).getValue("PaymentType", row): null

2023-12-20 12:39:58 - [TEST_STEP][PASSED] - out.println("Value of Execute is : " + ExecuteTC): null

2023-12-20 12:39:58 - [TEST_STEP][PASSED] - if (ExecuteTC.equalsIgnoreCase("Y")): null

2023-12-20 12:39:58 - [TEST_STEP][PASSED] - out.println("Begin Record Number: " + row): null

2023-12-20 12:39:58 - [TEST_STEP][PASSED] - today = new java.util.Date(): null

2023-12-20 12:39:58 - [TEST_STEP][PASSED] - println(today): null

2023-12-20 12:39:58 - [TEST_STEP][PASSED] - datText = today: null

2023-12-20 12:39:58 - [TEST_STEP][PASSED] - Taxtype = findTestData(dataFile).getValue("TaxType", row): null

2023-12-20 12:39:58 - [TEST_STEP][PASSED] - out.println("Taxtype value is : " + Taxtype): null

2023-12-20 12:39:58 - [TEST_STEP][PASSED] - openBrowser(""): Browser is opened with url: ''

2023-12-20 12:39:58 - [MESSAGE][WARNING] - A browser is already opened. Closing browser and opening a new one

2023-12-20 12:39:59 - [MESSAGE][INFO] - Starting 'Chrome' driver

2023-12-20 12:39:59 - [MESSAGE][INFO] - User set preference: ['acceptInsecureCerts', 'true']

2023-12-20 12:39:59 - [MESSAGE][INFO] - Action delay is set to 0 milliseconds

2023-12-20 12:40:01 - [MESSAGE][PASSED] - Browser is opened with url: ''

2023-12-20 12:40:01 - [TEST_STEP][PASSED] - maximizeWindow(): Current window maximized

2023-12-20 12:40:01 - [MESSAGE][PASSED] - Current window maximized

2023-12-20 12:40:01 - [TEST_STEP][PASSED] - navigateToUrl(RADurl): Navigate to 'https://qa2.velocitypayment.com/client/rad/index.html' successfully

2023-12-20 12:40:02 - [MESSAGE][PASSED] - Navigate to 'https://qa2.velocitypayment.com/client/rad/index.html' successfully

2023-12-20 12:40:02 - [TEST_STEP][PASSED] - orPath_Landing = "Object Repository/RAD_Pages/Landing_Page": null

2023-12-20 12:40:02 - [TEST_STEP][PASSED] - orPath_TaxTypeFilingYear = "Object Repository/RAD_Pages/TaxTypeFilingYear_Page": null

2023-12-20 12:40:02 - [TEST_STEP][PASSED] - orPath_TaxPayer = "Object Repository/RAD_Pages/Taxpayer_Page": null

2023-12-20 12:40:02 - [TEST_STEP][PASSED] - orPath_AddressContact = "Object Repository/RAD_Pages/AddressAndContactInfo_Page": null

2023-12-20 12:40:02 - [TEST_STEP][PASSED] - orPath_FilingStatus = "Object Repository/RAD_Pages/FilingStatus_Page": null

2023-12-20 12:40:02 - [TEST_STEP][PASSED] - orPath_Amount = "Object Repository/RAD_Pages/PaymentAmount_Page": null

2023-12-20 12:40:02 - [TEST_STEP][PASSED] - orPath_TaxInfo = "Object Repository/RAD_Pages/TaxInfo_Page": null

2023-12-20 12:40:02 - [TEST_STEP][PASSED] - orPath_Withholding = "Object Repository/RAD_Pages/Withholding_Page": null

2023-12-20 12:40:02 - [TEST_STEP][PASSED] - orPath_Summary = "Object Repository/RAD_Pages/Summary_Page": null

2023-12-20 12:40:02 - [TEST_STEP][PASSED] - orPath_PaymentReady = "Object Repository/RAD_Pages/PaymentReady_Page": null

2023-12-20 12:40:02 - [TEST_STEP][PASSED] - orPath_PaymentEntry = "Object Repository/RAD_Pages/PaymentEntry_Page": null

2023-12-20 12:40:02 - [TEST_STEP][PASSED] - orPath_PaymentConfirmation = "Object Repository/RAD_Pages/PaymentConfirmation_Page": null

2023-12-20 12:40:02 - [TEST_STEP][PASSED] - orPath_ServiceFeesAccept = "Object Repository/RAD_Pages/ServiceFeeAccept_Page": null

2023-12-20 12:40:02 - [TEST_STEP][PASSED] - selectOptionByLabel(findTestObject(orPath_Landing + "/dd_TaxType"), Paymenttype, false): All options with label 'Quarterly Estimated Tax' are selected in object 'Object Repository/RAD_Pages/Landing_Page/dd_TaxType' 

2023-12-20 12:40:03 - [MESSAGE][PASSED] - All options with label 'Quarterly Estimated Tax' are selected in object 'Object Repository/RAD_Pages/Landing_Page/dd_TaxType' 

2023-12-20 12:40:03 - [TEST_STEP][PASSED] - delay(1): Delayed 1 second(s)

2023-12-20 12:40:04 - [MESSAGE][PASSED] - Delayed 1 second(s)

2023-12-20 12:40:04 - [TEST_STEP][PASSED] - switch (Paymenttype): null

2023-12-20 12:40:04 - [TEST_STEP][PASSED] - case "Quarterly Estimated Tax":: null

2023-12-20 12:40:04 - [TEST_STEP][PASSED] - selectOptionByLabel(findTestObject(orPath_TaxTypeFilingYear + "/select_PaymentType"), Taxtype, false): All options with label 'PTE Non-Electing Non-S Corp' are selected in object 'Object Repository/RAD_Pages/TaxTypeFilingYear_Page/select_PaymentType' 

2023-12-20 12:40:05 - [MESSAGE][PASSED] - All options with label 'PTE Non-Electing Non-S Corp' are selected in object 'Object Repository/RAD_Pages/TaxTypeFilingYear_Page/select_PaymentType' 

2023-12-20 12:40:05 - [TEST_STEP][PASSED] - break: null

2023-12-20 12:40:05 - [TEST_STEP][PASSED] - delay(1): Delayed 1 second(s)

2023-12-20 12:40:06 - [MESSAGE][PASSED] - Delayed 1 second(s)

2023-12-20 12:40:06 - [TEST_STEP][PASSED] - scrollToElement(findTestObject(orPath_Amount + "/input__paymentAmount"), 2, CONTINUE_ON_FAILURE): Scroll to object 'Object Repository/RAD_Pages/PaymentAmount_Page/input__paymentAmount' successfully

2023-12-20 12:40:06 - [MESSAGE][PASSED] - Scroll to object 'Object Repository/RAD_Pages/PaymentAmount_Page/input__paymentAmount' successfully

2023-12-20 12:40:06 - [TEST_STEP][PASSED] - switch (Paymenttype): null

2023-12-20 12:40:06 - [TEST_STEP][PASSED] - case "Quarterly Estimated Tax":: null

2023-12-20 12:40:06 - [TEST_STEP][PASSED] - setEncryptedText(findTestObject(orPath_TaxInfo + "/input_TaxInfo_FeinSsn_New_2"), "RigbBhfdqODKcAsiUrg+1Q=="): Text ****** has been set on object 'Object Repository/RAD_Pages/TaxInfo_Page/input_TaxInfo_FeinSsn_New_2'

2023-12-20 12:40:07 - [MESSAGE][PASSED] - Text ****** has been set on object 'Object Repository/RAD_Pages/TaxInfo_Page/input_TaxInfo_FeinSsn_New_2'

2023-12-20 12:40:07 - [TEST_STEP][PASSED] - setEncryptedText(findTestObject(orPath_TaxInfo + "/input_TaxInfo_RetypeFeinSsn_New_2"), "RigbBhfdqOD+04WBHw5iKw=="): Text ****** has been set on object 'Object Repository/RAD_Pages/TaxInfo_Page/input_TaxInfo_RetypeFeinSsn_New_2'

2023-12-20 12:40:07 - [MESSAGE][PASSED] - Text ****** has been set on object 'Object Repository/RAD_Pages/TaxInfo_Page/input_TaxInfo_RetypeFeinSsn_New_2'

2023-12-20 12:40:07 - [TEST_STEP][PASSED] - break: null

2023-12-20 12:40:07 - [TEST_STEP][PASSED] - setText(findTestObject(orPath_Amount + "/input__paymentAmount"), ""): Text '' is set on object 'Object Repository/RAD_Pages/PaymentAmount_Page/input__paymentAmount'

2023-12-20 12:40:08 - [MESSAGE][PASSED] - Text '' is set on object 'Object Repository/RAD_Pages/PaymentAmount_Page/input__paymentAmount'

2023-12-20 12:40:08 - [TEST_STEP][PASSED] - if (verifyTextPresent("The FEIN/SSN and Re-type FEIN/SSN do not match", true)): null

2023-12-20 12:40:09 - [MESSAGE][PASSED] - Text 'The FEIN/SSN and Re-type FEIN/SSN do not match' is present on page  using regular expression

2023-12-20 12:40:09 - [TEST_STEP][PASSED] - println("Error Message is present on the page"): null

2023-12-20 12:40:09 - [TEST_STEP][PASSED] - out.println("Pass Record Number: " + row): null

2023-12-20 12:40:09 - [TEST_STEP][PASSED] - resText = "Pass": null

2023-12-20 12:40:09 - [TEST_STEP][PASSED] - pages.WriteExcel.demoKey(resText, datText, resColumn, datCloumn, fileLoc, nameSheet, row): pages.WriteExcel.demoKey is PASSED

2023-12-20 12:40:09 - [MESSAGE][PASSED] - pages.WriteExcel.demoKey is PASSED

2023-12-20 12:40:09 - [TEST_STEP][PASSED] - ExecuteTC = findTestData(dataFile).getValue("Execute", row): null

2023-12-20 12:40:09 - [TEST_STEP][PASSED] - Taxtype = findTestData(dataFile).getValue("TaxType", row): null

2023-12-20 12:40:09 - [TEST_STEP][PASSED] - Paymenttype = findTestData(dataFile).getValue("PaymentType", row): null

2023-12-20 12:40:09 - [TEST_STEP][PASSED] - out.println("Value of Execute is : " + ExecuteTC): null

2023-12-20 12:40:09 - [TEST_STEP][PASSED] - if (ExecuteTC.equalsIgnoreCase("Y")): null

2023-12-20 12:40:09 - [TEST_STEP][PASSED] - out.println("Begin Record Number: " + row): null

2023-12-20 12:40:09 - [TEST_STEP][PASSED] - today = new java.util.Date(): null

2023-12-20 12:40:09 - [TEST_STEP][PASSED] - println(today): null

2023-12-20 12:40:09 - [TEST_STEP][PASSED] - datText = today: null

2023-12-20 12:40:09 - [TEST_STEP][PASSED] - Taxtype = findTestData(dataFile).getValue("TaxType", row): null

2023-12-20 12:40:09 - [TEST_STEP][PASSED] - out.println("Taxtype value is : " + Taxtype): null

2023-12-20 12:40:09 - [TEST_STEP][PASSED] - openBrowser(""): Browser is opened with url: ''

2023-12-20 12:40:09 - [MESSAGE][WARNING] - A browser is already opened. Closing browser and opening a new one

2023-12-20 12:40:10 - [MESSAGE][INFO] - Starting 'Chrome' driver

2023-12-20 12:40:10 - [MESSAGE][INFO] - User set preference: ['acceptInsecureCerts', 'true']

2023-12-20 12:40:10 - [MESSAGE][INFO] - Action delay is set to 0 milliseconds

2023-12-20 12:40:12 - [MESSAGE][PASSED] - Browser is opened with url: ''

2023-12-20 12:40:12 - [TEST_STEP][PASSED] - maximizeWindow(): Current window maximized

2023-12-20 12:40:12 - [MESSAGE][PASSED] - Current window maximized

2023-12-20 12:40:12 - [TEST_STEP][PASSED] - navigateToUrl(RADurl): Navigate to 'https://qa2.velocitypayment.com/client/rad/index.html' successfully

2023-12-20 12:40:13 - [MESSAGE][PASSED] - Navigate to 'https://qa2.velocitypayment.com/client/rad/index.html' successfully

2023-12-20 12:40:13 - [TEST_STEP][PASSED] - orPath_Landing = "Object Repository/RAD_Pages/Landing_Page": null

2023-12-20 12:40:13 - [TEST_STEP][PASSED] - orPath_TaxTypeFilingYear = "Object Repository/RAD_Pages/TaxTypeFilingYear_Page": null

2023-12-20 12:40:13 - [TEST_STEP][PASSED] - orPath_TaxPayer = "Object Repository/RAD_Pages/Taxpayer_Page": null

2023-12-20 12:40:13 - [TEST_STEP][PASSED] - orPath_AddressContact = "Object Repository/RAD_Pages/AddressAndContactInfo_Page": null

2023-12-20 12:40:13 - [TEST_STEP][PASSED] - orPath_FilingStatus = "Object Repository/RAD_Pages/FilingStatus_Page": null

2023-12-20 12:40:13 - [TEST_STEP][PASSED] - orPath_Amount = "Object Repository/RAD_Pages/PaymentAmount_Page": null

2023-12-20 12:40:13 - [TEST_STEP][PASSED] - orPath_TaxInfo = "Object Repository/RAD_Pages/TaxInfo_Page": null

2023-12-20 12:40:13 - [TEST_STEP][PASSED] - orPath_Withholding = "Object Repository/RAD_Pages/Withholding_Page": null

2023-12-20 12:40:13 - [TEST_STEP][PASSED] - orPath_Summary = "Object Repository/RAD_Pages/Summary_Page": null

2023-12-20 12:40:13 - [TEST_STEP][PASSED] - orPath_PaymentReady = "Object Repository/RAD_Pages/PaymentReady_Page": null

2023-12-20 12:40:13 - [TEST_STEP][PASSED] - orPath_PaymentEntry = "Object Repository/RAD_Pages/PaymentEntry_Page": null

2023-12-20 12:40:13 - [TEST_STEP][PASSED] - orPath_PaymentConfirmation = "Object Repository/RAD_Pages/PaymentConfirmation_Page": null

2023-12-20 12:40:13 - [TEST_STEP][PASSED] - orPath_ServiceFeesAccept = "Object Repository/RAD_Pages/ServiceFeeAccept_Page": null

2023-12-20 12:40:13 - [TEST_STEP][PASSED] - selectOptionByLabel(findTestObject(orPath_Landing + "/dd_TaxType"), Paymenttype, false): All options with label 'Quarterly Estimated Tax' are selected in object 'Object Repository/RAD_Pages/Landing_Page/dd_TaxType' 

2023-12-20 12:40:14 - [MESSAGE][PASSED] - All options with label 'Quarterly Estimated Tax' are selected in object 'Object Repository/RAD_Pages/Landing_Page/dd_TaxType' 

2023-12-20 12:40:14 - [TEST_STEP][PASSED] - delay(1): Delayed 1 second(s)

2023-12-20 12:40:15 - [MESSAGE][PASSED] - Delayed 1 second(s)

2023-12-20 12:40:15 - [TEST_STEP][PASSED] - switch (Paymenttype): null

2023-12-20 12:40:15 - [TEST_STEP][PASSED] - case "Quarterly Estimated Tax":: null

2023-12-20 12:40:15 - [TEST_STEP][PASSED] - selectOptionByLabel(findTestObject(orPath_TaxTypeFilingYear + "/select_PaymentType"), Taxtype, false): All options with label 'PTE Non-Electing S Corp' are selected in object 'Object Repository/RAD_Pages/TaxTypeFilingYear_Page/select_PaymentType' 

2023-12-20 12:40:16 - [MESSAGE][PASSED] - All options with label 'PTE Non-Electing S Corp' are selected in object 'Object Repository/RAD_Pages/TaxTypeFilingYear_Page/select_PaymentType' 

2023-12-20 12:40:16 - [TEST_STEP][PASSED] - break: null

2023-12-20 12:40:16 - [TEST_STEP][PASSED] - delay(1): Delayed 1 second(s)

2023-12-20 12:40:17 - [MESSAGE][PASSED] - Delayed 1 second(s)

2023-12-20 12:40:17 - [TEST_STEP][PASSED] - scrollToElement(findTestObject(orPath_Amount + "/input__paymentAmount"), 2, CONTINUE_ON_FAILURE): Scroll to object 'Object Repository/RAD_Pages/PaymentAmount_Page/input__paymentAmount' successfully

2023-12-20 12:40:17 - [MESSAGE][PASSED] - Scroll to object 'Object Repository/RAD_Pages/PaymentAmount_Page/input__paymentAmount' successfully

2023-12-20 12:40:17 - [TEST_STEP][PASSED] - switch (Paymenttype): null

2023-12-20 12:40:17 - [TEST_STEP][PASSED] - case "Quarterly Estimated Tax":: null

2023-12-20 12:40:17 - [TEST_STEP][PASSED] - setEncryptedText(findTestObject(orPath_TaxInfo + "/input_TaxInfo_FeinSsn_New_2"), "RigbBhfdqODKcAsiUrg+1Q=="): Text ****** has been set on object 'Object Repository/RAD_Pages/TaxInfo_Page/input_TaxInfo_FeinSsn_New_2'

2023-12-20 12:40:18 - [MESSAGE][PASSED] - Text ****** has been set on object 'Object Repository/RAD_Pages/TaxInfo_Page/input_TaxInfo_FeinSsn_New_2'

2023-12-20 12:40:18 - [TEST_STEP][PASSED] - setEncryptedText(findTestObject(orPath_TaxInfo + "/input_TaxInfo_RetypeFeinSsn_New_2"), "RigbBhfdqOD+04WBHw5iKw=="): Text ****** has been set on object 'Object Repository/RAD_Pages/TaxInfo_Page/input_TaxInfo_RetypeFeinSsn_New_2'

2023-12-20 12:40:18 - [MESSAGE][PASSED] - Text ****** has been set on object 'Object Repository/RAD_Pages/TaxInfo_Page/input_TaxInfo_RetypeFeinSsn_New_2'

2023-12-20 12:40:18 - [TEST_STEP][PASSED] - break: null

2023-12-20 12:40:18 - [TEST_STEP][PASSED] - setText(findTestObject(orPath_Amount + "/input__paymentAmount"), ""): Text '' is set on object 'Object Repository/RAD_Pages/PaymentAmount_Page/input__paymentAmount'

2023-12-20 12:40:19 - [MESSAGE][PASSED] - Text '' is set on object 'Object Repository/RAD_Pages/PaymentAmount_Page/input__paymentAmount'

2023-12-20 12:40:19 - [TEST_STEP][PASSED] - if (verifyTextPresent("The FEIN/SSN and Re-type FEIN/SSN do not match", true)): null

2023-12-20 12:40:19 - [MESSAGE][PASSED] - Text 'The FEIN/SSN and Re-type FEIN/SSN do not match' is present on page  using regular expression

2023-12-20 12:40:19 - [TEST_STEP][PASSED] - println("Error Message is present on the page"): null

2023-12-20 12:40:19 - [TEST_STEP][PASSED] - out.println("Pass Record Number: " + row): null

2023-12-20 12:40:19 - [TEST_STEP][PASSED] - resText = "Pass": null

2023-12-20 12:40:19 - [TEST_STEP][PASSED] - pages.WriteExcel.demoKey(resText, datText, resColumn, datCloumn, fileLoc, nameSheet, row): pages.WriteExcel.demoKey is PASSED

2023-12-20 12:40:20 - [MESSAGE][PASSED] - pages.WriteExcel.demoKey is PASSED

2023-12-20 12:40:20 - [TEST_STEP][PASSED] - ExecuteTC = findTestData(dataFile).getValue("Execute", row): null

2023-12-20 12:40:20 - [TEST_STEP][PASSED] - Taxtype = findTestData(dataFile).getValue("TaxType", row): null

2023-12-20 12:40:20 - [TEST_STEP][PASSED] - Paymenttype = findTestData(dataFile).getValue("PaymentType", row): null

2023-12-20 12:40:20 - [TEST_STEP][PASSED] - out.println("Value of Execute is : " + ExecuteTC): null

2023-12-20 12:40:20 - [TEST_STEP][PASSED] - if (ExecuteTC.equalsIgnoreCase("Y")): null

2023-12-20 12:40:20 - [TEST_STEP][PASSED] - out.println("Begin Record Number: " + row): null

2023-12-20 12:40:20 - [TEST_STEP][PASSED] - today = new java.util.Date(): null

2023-12-20 12:40:20 - [TEST_STEP][PASSED] - println(today): null

2023-12-20 12:40:20 - [TEST_STEP][PASSED] - datText = today: null

2023-12-20 12:40:20 - [TEST_STEP][PASSED] - Taxtype = findTestData(dataFile).getValue("TaxType", row): null

2023-12-20 12:40:20 - [TEST_STEP][PASSED] - out.println("Taxtype value is : " + Taxtype): null

2023-12-20 12:40:20 - [TEST_STEP][PASSED] - openBrowser(""): Browser is opened with url: ''

2023-12-20 12:40:20 - [MESSAGE][WARNING] - A browser is already opened. Closing browser and opening a new one

2023-12-20 12:40:21 - [MESSAGE][INFO] - Starting 'Chrome' driver

2023-12-20 12:40:21 - [MESSAGE][INFO] - User set preference: ['acceptInsecureCerts', 'true']

2023-12-20 12:40:21 - [MESSAGE][INFO] - Action delay is set to 0 milliseconds

2023-12-20 12:40:22 - [MESSAGE][PASSED] - Browser is opened with url: ''

2023-12-20 12:40:22 - [TEST_STEP][PASSED] - maximizeWindow(): Current window maximized

2023-12-20 12:40:22 - [MESSAGE][PASSED] - Current window maximized

2023-12-20 12:40:22 - [TEST_STEP][PASSED] - navigateToUrl(RADurl): Navigate to 'https://qa2.velocitypayment.com/client/rad/index.html' successfully

2023-12-20 12:40:24 - [MESSAGE][PASSED] - Navigate to 'https://qa2.velocitypayment.com/client/rad/index.html' successfully

2023-12-20 12:40:24 - [TEST_STEP][PASSED] - orPath_Landing = "Object Repository/RAD_Pages/Landing_Page": null

2023-12-20 12:40:24 - [TEST_STEP][PASSED] - orPath_TaxTypeFilingYear = "Object Repository/RAD_Pages/TaxTypeFilingYear_Page": null

2023-12-20 12:40:24 - [TEST_STEP][PASSED] - orPath_TaxPayer = "Object Repository/RAD_Pages/Taxpayer_Page": null

2023-12-20 12:40:24 - [TEST_STEP][PASSED] - orPath_AddressContact = "Object Repository/RAD_Pages/AddressAndContactInfo_Page": null

2023-12-20 12:40:24 - [TEST_STEP][PASSED] - orPath_FilingStatus = "Object Repository/RAD_Pages/FilingStatus_Page": null

2023-12-20 12:40:24 - [TEST_STEP][PASSED] - orPath_Amount = "Object Repository/RAD_Pages/PaymentAmount_Page": null

2023-12-20 12:40:24 - [TEST_STEP][PASSED] - orPath_TaxInfo = "Object Repository/RAD_Pages/TaxInfo_Page": null

2023-12-20 12:40:24 - [TEST_STEP][PASSED] - orPath_Withholding = "Object Repository/RAD_Pages/Withholding_Page": null

2023-12-20 12:40:24 - [TEST_STEP][PASSED] - orPath_Summary = "Object Repository/RAD_Pages/Summary_Page": null

2023-12-20 12:40:24 - [TEST_STEP][PASSED] - orPath_PaymentReady = "Object Repository/RAD_Pages/PaymentReady_Page": null

2023-12-20 12:40:24 - [TEST_STEP][PASSED] - orPath_PaymentEntry = "Object Repository/RAD_Pages/PaymentEntry_Page": null

2023-12-20 12:40:24 - [TEST_STEP][PASSED] - orPath_PaymentConfirmation = "Object Repository/RAD_Pages/PaymentConfirmation_Page": null

2023-12-20 12:40:24 - [TEST_STEP][PASSED] - orPath_ServiceFeesAccept = "Object Repository/RAD_Pages/ServiceFeeAccept_Page": null

2023-12-20 12:40:24 - [TEST_STEP][PASSED] - selectOptionByLabel(findTestObject(orPath_Landing + "/dd_TaxType"), Paymenttype, false): All options with label 'Quarterly Estimated Tax' are selected in object 'Object Repository/RAD_Pages/Landing_Page/dd_TaxType' 

2023-12-20 12:40:25 - [MESSAGE][PASSED] - All options with label 'Quarterly Estimated Tax' are selected in object 'Object Repository/RAD_Pages/Landing_Page/dd_TaxType' 

2023-12-20 12:40:25 - [TEST_STEP][PASSED] - delay(1): Delayed 1 second(s)

2023-12-20 12:40:26 - [MESSAGE][PASSED] - Delayed 1 second(s)

2023-12-20 12:40:26 - [TEST_STEP][PASSED] - switch (Paymenttype): null

2023-12-20 12:40:26 - [TEST_STEP][PASSED] - case "Quarterly Estimated Tax":: null

2023-12-20 12:40:26 - [TEST_STEP][PASSED] - selectOptionByLabel(findTestObject(orPath_TaxTypeFilingYear + "/select_PaymentType"), Taxtype, false): All options with label 'PTE Tax Electing Non-S Corp' are selected in object 'Object Repository/RAD_Pages/TaxTypeFilingYear_Page/select_PaymentType' 

2023-12-20 12:40:26 - [MESSAGE][PASSED] - All options with label 'PTE Tax Electing Non-S Corp' are selected in object 'Object Repository/RAD_Pages/TaxTypeFilingYear_Page/select_PaymentType' 

2023-12-20 12:40:26 - [TEST_STEP][PASSED] - break: null

2023-12-20 12:40:26 - [TEST_STEP][PASSED] - delay(1): Delayed 1 second(s)

2023-12-20 12:40:27 - [MESSAGE][PASSED] - Delayed 1 second(s)

2023-12-20 12:40:27 - [TEST_STEP][PASSED] - scrollToElement(findTestObject(orPath_Amount + "/input__paymentAmount"), 2, CONTINUE_ON_FAILURE): Scroll to object 'Object Repository/RAD_Pages/PaymentAmount_Page/input__paymentAmount' successfully

2023-12-20 12:40:28 - [MESSAGE][PASSED] - Scroll to object 'Object Repository/RAD_Pages/PaymentAmount_Page/input__paymentAmount' successfully

2023-12-20 12:40:28 - [TEST_STEP][PASSED] - switch (Paymenttype): null

2023-12-20 12:40:28 - [TEST_STEP][PASSED] - case "Quarterly Estimated Tax":: null

2023-12-20 12:40:28 - [TEST_STEP][PASSED] - setEncryptedText(findTestObject(orPath_TaxInfo + "/input_TaxInfo_FeinSsn_New_2"), "RigbBhfdqODKcAsiUrg+1Q=="): Text ****** has been set on object 'Object Repository/RAD_Pages/TaxInfo_Page/input_TaxInfo_FeinSsn_New_2'

2023-12-20 12:40:28 - [MESSAGE][PASSED] - Text ****** has been set on object 'Object Repository/RAD_Pages/TaxInfo_Page/input_TaxInfo_FeinSsn_New_2'

2023-12-20 12:40:28 - [TEST_STEP][PASSED] - setEncryptedText(findTestObject(orPath_TaxInfo + "/input_TaxInfo_RetypeFeinSsn_New_2"), "RigbBhfdqOD+04WBHw5iKw=="): Text ****** has been set on object 'Object Repository/RAD_Pages/TaxInfo_Page/input_TaxInfo_RetypeFeinSsn_New_2'

2023-12-20 12:40:29 - [MESSAGE][PASSED] - Text ****** has been set on object 'Object Repository/RAD_Pages/TaxInfo_Page/input_TaxInfo_RetypeFeinSsn_New_2'

2023-12-20 12:40:29 - [TEST_STEP][PASSED] - break: null

2023-12-20 12:40:29 - [TEST_STEP][PASSED] - setText(findTestObject(orPath_Amount + "/input__paymentAmount"), ""): Text '' is set on object 'Object Repository/RAD_Pages/PaymentAmount_Page/input__paymentAmount'

2023-12-20 12:40:30 - [MESSAGE][PASSED] - Text '' is set on object 'Object Repository/RAD_Pages/PaymentAmount_Page/input__paymentAmount'

2023-12-20 12:40:30 - [TEST_STEP][PASSED] - if (verifyTextPresent("The FEIN/SSN and Re-type FEIN/SSN do not match", true)): null

2023-12-20 12:40:30 - [MESSAGE][PASSED] - Text 'The FEIN/SSN and Re-type FEIN/SSN do not match' is present on page  using regular expression

2023-12-20 12:40:30 - [TEST_STEP][PASSED] - println("Error Message is present on the page"): null

2023-12-20 12:40:30 - [TEST_STEP][PASSED] - out.println("Pass Record Number: " + row): null

2023-12-20 12:40:30 - [TEST_STEP][PASSED] - resText = "Pass": null

2023-12-20 12:40:30 - [TEST_STEP][PASSED] - pages.WriteExcel.demoKey(resText, datText, resColumn, datCloumn, fileLoc, nameSheet, row): pages.WriteExcel.demoKey is PASSED

2023-12-20 12:40:30 - [MESSAGE][PASSED] - pages.WriteExcel.demoKey is PASSED

2023-12-20 12:40:30 - [TEST_STEP][PASSED] - ExecuteTC = findTestData(dataFile).getValue("Execute", row): null

2023-12-20 12:40:30 - [TEST_STEP][PASSED] - Taxtype = findTestData(dataFile).getValue("TaxType", row): null

2023-12-20 12:40:30 - [TEST_STEP][PASSED] - Paymenttype = findTestData(dataFile).getValue("PaymentType", row): null

2023-12-20 12:40:31 - [TEST_STEP][PASSED] - out.println("Value of Execute is : " + ExecuteTC): null

2023-12-20 12:40:31 - [TEST_STEP][PASSED] - if (ExecuteTC.equalsIgnoreCase("Y")): null

2023-12-20 12:40:31 - [TEST_STEP][PASSED] - out.println("Begin Record Number: " + row): null

2023-12-20 12:40:31 - [TEST_STEP][PASSED] - today = new java.util.Date(): null

2023-12-20 12:40:31 - [TEST_STEP][PASSED] - println(today): null

2023-12-20 12:40:31 - [TEST_STEP][PASSED] - datText = today: null

2023-12-20 12:40:31 - [TEST_STEP][PASSED] - Taxtype = findTestData(dataFile).getValue("TaxType", row): null

2023-12-20 12:40:31 - [TEST_STEP][PASSED] - out.println("Taxtype value is : " + Taxtype): null

2023-12-20 12:40:31 - [TEST_STEP][PASSED] - openBrowser(""): Browser is opened with url: ''

2023-12-20 12:40:31 - [MESSAGE][WARNING] - A browser is already opened. Closing browser and opening a new one

2023-12-20 12:40:32 - [MESSAGE][INFO] - Starting 'Chrome' driver

2023-12-20 12:40:32 - [MESSAGE][INFO] - User set preference: ['acceptInsecureCerts', 'true']

2023-12-20 12:40:32 - [MESSAGE][INFO] - Action delay is set to 0 milliseconds

2023-12-20 12:40:33 - [MESSAGE][PASSED] - Browser is opened with url: ''

2023-12-20 12:40:33 - [TEST_STEP][PASSED] - maximizeWindow(): Current window maximized

2023-12-20 12:40:33 - [MESSAGE][PASSED] - Current window maximized

2023-12-20 12:40:33 - [TEST_STEP][PASSED] - navigateToUrl(RADurl): Navigate to 'https://qa2.velocitypayment.com/client/rad/index.html' successfully

2023-12-20 12:40:35 - [MESSAGE][PASSED] - Navigate to 'https://qa2.velocitypayment.com/client/rad/index.html' successfully

2023-12-20 12:40:35 - [TEST_STEP][PASSED] - orPath_Landing = "Object Repository/RAD_Pages/Landing_Page": null

2023-12-20 12:40:35 - [TEST_STEP][PASSED] - orPath_TaxTypeFilingYear = "Object Repository/RAD_Pages/TaxTypeFilingYear_Page": null

2023-12-20 12:40:35 - [TEST_STEP][PASSED] - orPath_TaxPayer = "Object Repository/RAD_Pages/Taxpayer_Page": null

2023-12-20 12:40:35 - [TEST_STEP][PASSED] - orPath_AddressContact = "Object Repository/RAD_Pages/AddressAndContactInfo_Page": null

2023-12-20 12:40:35 - [TEST_STEP][PASSED] - orPath_FilingStatus = "Object Repository/RAD_Pages/FilingStatus_Page": null

2023-12-20 12:40:35 - [TEST_STEP][PASSED] - orPath_Amount = "Object Repository/RAD_Pages/PaymentAmount_Page": null

2023-12-20 12:40:35 - [TEST_STEP][PASSED] - orPath_TaxInfo = "Object Repository/RAD_Pages/TaxInfo_Page": null

2023-12-20 12:40:35 - [TEST_STEP][PASSED] - orPath_Withholding = "Object Repository/RAD_Pages/Withholding_Page": null

2023-12-20 12:40:35 - [TEST_STEP][PASSED] - orPath_Summary = "Object Repository/RAD_Pages/Summary_Page": null

2023-12-20 12:40:35 - [TEST_STEP][PASSED] - orPath_PaymentReady = "Object Repository/RAD_Pages/PaymentReady_Page": null

2023-12-20 12:40:35 - [TEST_STEP][PASSED] - orPath_PaymentEntry = "Object Repository/RAD_Pages/PaymentEntry_Page": null

2023-12-20 12:40:35 - [TEST_STEP][PASSED] - orPath_PaymentConfirmation = "Object Repository/RAD_Pages/PaymentConfirmation_Page": null

2023-12-20 12:40:35 - [TEST_STEP][PASSED] - orPath_ServiceFeesAccept = "Object Repository/RAD_Pages/ServiceFeeAccept_Page": null

2023-12-20 12:40:35 - [TEST_STEP][PASSED] - selectOptionByLabel(findTestObject(orPath_Landing + "/dd_TaxType"), Paymenttype, false): All options with label 'Quarterly Estimated Tax' are selected in object 'Object Repository/RAD_Pages/Landing_Page/dd_TaxType' 

2023-12-20 12:40:36 - [MESSAGE][PASSED] - All options with label 'Quarterly Estimated Tax' are selected in object 'Object Repository/RAD_Pages/Landing_Page/dd_TaxType' 

2023-12-20 12:40:36 - [TEST_STEP][PASSED] - delay(1): Delayed 1 second(s)

2023-12-20 12:40:37 - [MESSAGE][PASSED] - Delayed 1 second(s)

2023-12-20 12:40:37 - [TEST_STEP][PASSED] - switch (Paymenttype): null

2023-12-20 12:40:37 - [TEST_STEP][PASSED] - case "Quarterly Estimated Tax":: null

2023-12-20 12:40:37 - [TEST_STEP][PASSED] - selectOptionByLabel(findTestObject(orPath_TaxTypeFilingYear + "/select_PaymentType"), Taxtype, false): All options with label 'PTE Tax Electing S Corp' are selected in object 'Object Repository/RAD_Pages/TaxTypeFilingYear_Page/select_PaymentType' 

2023-12-20 12:40:37 - [MESSAGE][PASSED] - All options with label 'PTE Tax Electing S Corp' are selected in object 'Object Repository/RAD_Pages/TaxTypeFilingYear_Page/select_PaymentType' 

2023-12-20 12:40:37 - [TEST_STEP][PASSED] - break: null

2023-12-20 12:40:37 - [TEST_STEP][PASSED] - delay(1): Delayed 1 second(s)

2023-12-20 12:40:38 - [MESSAGE][PASSED] - Delayed 1 second(s)

2023-12-20 12:40:38 - [TEST_STEP][PASSED] - scrollToElement(findTestObject(orPath_Amount + "/input__paymentAmount"), 2, CONTINUE_ON_FAILURE): Scroll to object 'Object Repository/RAD_Pages/PaymentAmount_Page/input__paymentAmount' successfully

2023-12-20 12:40:39 - [MESSAGE][PASSED] - Scroll to object 'Object Repository/RAD_Pages/PaymentAmount_Page/input__paymentAmount' successfully

2023-12-20 12:40:39 - [TEST_STEP][PASSED] - switch (Paymenttype): null

2023-12-20 12:40:39 - [TEST_STEP][PASSED] - case "Quarterly Estimated Tax":: null

2023-12-20 12:40:39 - [TEST_STEP][PASSED] - setEncryptedText(findTestObject(orPath_TaxInfo + "/input_TaxInfo_FeinSsn_New_2"), "RigbBhfdqODKcAsiUrg+1Q=="): Text ****** has been set on object 'Object Repository/RAD_Pages/TaxInfo_Page/input_TaxInfo_FeinSsn_New_2'

2023-12-20 12:40:39 - [MESSAGE][PASSED] - Text ****** has been set on object 'Object Repository/RAD_Pages/TaxInfo_Page/input_TaxInfo_FeinSsn_New_2'

2023-12-20 12:40:39 - [TEST_STEP][PASSED] - setEncryptedText(findTestObject(orPath_TaxInfo + "/input_TaxInfo_RetypeFeinSsn_New_2"), "RigbBhfdqOD+04WBHw5iKw=="): Text ****** has been set on object 'Object Repository/RAD_Pages/TaxInfo_Page/input_TaxInfo_RetypeFeinSsn_New_2'

2023-12-20 12:40:40 - [MESSAGE][PASSED] - Text ****** has been set on object 'Object Repository/RAD_Pages/TaxInfo_Page/input_TaxInfo_RetypeFeinSsn_New_2'

2023-12-20 12:40:40 - [TEST_STEP][PASSED] - break: null

2023-12-20 12:40:40 - [TEST_STEP][PASSED] - setText(findTestObject(orPath_Amount + "/input__paymentAmount"), ""): Text '' is set on object 'Object Repository/RAD_Pages/PaymentAmount_Page/input__paymentAmount'

2023-12-20 12:40:41 - [MESSAGE][PASSED] - Text '' is set on object 'Object Repository/RAD_Pages/PaymentAmount_Page/input__paymentAmount'

2023-12-20 12:40:41 - [TEST_STEP][PASSED] - if (verifyTextPresent("The FEIN/SSN and Re-type FEIN/SSN do not match", true)): null

2023-12-20 12:40:41 - [MESSAGE][PASSED] - Text 'The FEIN/SSN and Re-type FEIN/SSN do not match' is present on page  using regular expression

2023-12-20 12:40:41 - [TEST_STEP][PASSED] - println("Error Message is present on the page"): null

2023-12-20 12:40:41 - [TEST_STEP][PASSED] - out.println("Pass Record Number: " + row): null

2023-12-20 12:40:41 - [TEST_STEP][PASSED] - resText = "Pass": null

2023-12-20 12:40:41 - [TEST_STEP][PASSED] - pages.WriteExcel.demoKey(resText, datText, resColumn, datCloumn, fileLoc, nameSheet, row): pages.WriteExcel.demoKey is PASSED

2023-12-20 12:40:41 - [MESSAGE][PASSED] - pages.WriteExcel.demoKey is PASSED

2023-12-20 12:40:41 - [TEST_STEP][PASSED] - ExecuteTC = findTestData(dataFile).getValue("Execute", row): null

2023-12-20 12:40:41 - [TEST_STEP][PASSED] - Taxtype = findTestData(dataFile).getValue("TaxType", row): null

2023-12-20 12:40:41 - [TEST_STEP][PASSED] - Paymenttype = findTestData(dataFile).getValue("PaymentType", row): null

2023-12-20 12:40:41 - [TEST_STEP][PASSED] - out.println("Value of Execute is : " + ExecuteTC): null

2023-12-20 12:40:41 - [TEST_STEP][PASSED] - if (ExecuteTC.equalsIgnoreCase("Y")): null

2023-12-20 12:40:41 - [TEST_STEP][PASSED] - ExecuteTC = findTestData(dataFile).getValue("Execute", row): null

2023-12-20 12:40:42 - [TEST_STEP][PASSED] - Taxtype = findTestData(dataFile).getValue("TaxType", row): null

2023-12-20 12:40:42 - [TEST_STEP][PASSED] - Paymenttype = findTestData(dataFile).getValue("PaymentType", row): null

2023-12-20 12:40:42 - [TEST_STEP][PASSED] - out.println("Value of Execute is : " + ExecuteTC): null

2023-12-20 12:40:42 - [TEST_STEP][PASSED] - if (ExecuteTC.equalsIgnoreCase("Y")): null

2023-12-20 12:40:42 - [TEST_STEP][PASSED] - ExecuteTC = findTestData(dataFile).getValue("Execute", row): null

2023-12-20 12:40:42 - [TEST_STEP][PASSED] - Taxtype = findTestData(dataFile).getValue("TaxType", row): null

2023-12-20 12:40:42 - [TEST_STEP][PASSED] - Paymenttype = findTestData(dataFile).getValue("PaymentType", row): null

2023-12-20 12:40:42 - [TEST_STEP][PASSED] - out.println("Value of Execute is : " + ExecuteTC): null

2023-12-20 12:40:42 - [TEST_STEP][PASSED] - if (ExecuteTC.equalsIgnoreCase("Y")): null

2023-12-20 12:40:42 - [TEST_STEP][PASSED] - ExecuteTC = findTestData(dataFile).getValue("Execute", row): null

2023-12-20 12:40:42 - [TEST_STEP][PASSED] - Taxtype = findTestData(dataFile).getValue("TaxType", row): null

2023-12-20 12:40:42 - [TEST_STEP][PASSED] - Paymenttype = findTestData(dataFile).getValue("PaymentType", row): null

2023-12-20 12:40:42 - [TEST_STEP][PASSED] - out.println("Value of Execute is : " + ExecuteTC): null

2023-12-20 12:40:42 - [TEST_STEP][PASSED] - if (ExecuteTC.equalsIgnoreCase("Y")): null

2023-12-20 12:40:42 - [TEST_STEP][PASSED] - ExecuteTC = findTestData(dataFile).getValue("Execute", row): null

2023-12-20 12:40:42 - [TEST_STEP][PASSED] - Taxtype = findTestData(dataFile).getValue("TaxType", row): null

2023-12-20 12:40:42 - [TEST_STEP][PASSED] - Paymenttype = findTestData(dataFile).getValue("PaymentType", row): null

2023-12-20 12:40:42 - [TEST_STEP][PASSED] - out.println("Value of Execute is : " + ExecuteTC): null

2023-12-20 12:40:42 - [TEST_STEP][PASSED] - if (ExecuteTC.equalsIgnoreCase("Y")): null

2023-12-20 12:40:42 - [TEST_STEP][PASSED] - out.println("Begin Record Number: " + row): null

2023-12-20 12:40:42 - [TEST_STEP][PASSED] - today = new java.util.Date(): null

2023-12-20 12:40:42 - [TEST_STEP][PASSED] - println(today): null

2023-12-20 12:40:42 - [TEST_STEP][PASSED] - datText = today: null

2023-12-20 12:40:42 - [TEST_STEP][PASSED] - Taxtype = findTestData(dataFile).getValue("TaxType", row): null

2023-12-20 12:40:42 - [TEST_STEP][PASSED] - out.println("Taxtype value is : " + Taxtype): null

2023-12-20 12:40:42 - [TEST_STEP][PASSED] - openBrowser(""): Browser is opened with url: ''

2023-12-20 12:40:42 - [MESSAGE][WARNING] - A browser is already opened. Closing browser and opening a new one

2023-12-20 12:40:43 - [MESSAGE][INFO] - Starting 'Chrome' driver

2023-12-20 12:40:43 - [MESSAGE][INFO] - User set preference: ['acceptInsecureCerts', 'true']

2023-12-20 12:40:43 - [MESSAGE][INFO] - Action delay is set to 0 milliseconds

2023-12-20 12:40:45 - [MESSAGE][PASSED] - Browser is opened with url: ''

2023-12-20 12:40:45 - [TEST_STEP][PASSED] - maximizeWindow(): Current window maximized

2023-12-20 12:40:45 - [MESSAGE][PASSED] - Current window maximized

2023-12-20 12:40:45 - [TEST_STEP][PASSED] - navigateToUrl(RADurl): Navigate to 'https://qa2.velocitypayment.com/client/rad/index.html' successfully

2023-12-20 12:40:45 - [MESSAGE][PASSED] - Navigate to 'https://qa2.velocitypayment.com/client/rad/index.html' successfully

2023-12-20 12:40:45 - [TEST_STEP][PASSED] - orPath_Landing = "Object Repository/RAD_Pages/Landing_Page": null

2023-12-20 12:40:45 - [TEST_STEP][PASSED] - orPath_TaxTypeFilingYear = "Object Repository/RAD_Pages/TaxTypeFilingYear_Page": null

2023-12-20 12:40:45 - [TEST_STEP][PASSED] - orPath_TaxPayer = "Object Repository/RAD_Pages/Taxpayer_Page": null

2023-12-20 12:40:45 - [TEST_STEP][PASSED] - orPath_AddressContact = "Object Repository/RAD_Pages/AddressAndContactInfo_Page": null

2023-12-20 12:40:45 - [TEST_STEP][PASSED] - orPath_FilingStatus = "Object Repository/RAD_Pages/FilingStatus_Page": null

2023-12-20 12:40:45 - [TEST_STEP][PASSED] - orPath_Amount = "Object Repository/RAD_Pages/PaymentAmount_Page": null

2023-12-20 12:40:45 - [TEST_STEP][PASSED] - orPath_TaxInfo = "Object Repository/RAD_Pages/TaxInfo_Page": null

2023-12-20 12:40:45 - [TEST_STEP][PASSED] - orPath_Withholding = "Object Repository/RAD_Pages/Withholding_Page": null

2023-12-20 12:40:45 - [TEST_STEP][PASSED] - orPath_Summary = "Object Repository/RAD_Pages/Summary_Page": null

2023-12-20 12:40:45 - [TEST_STEP][PASSED] - orPath_PaymentReady = "Object Repository/RAD_Pages/PaymentReady_Page": null

2023-12-20 12:40:45 - [TEST_STEP][PASSED] - orPath_PaymentEntry = "Object Repository/RAD_Pages/PaymentEntry_Page": null

2023-12-20 12:40:45 - [TEST_STEP][PASSED] - orPath_PaymentConfirmation = "Object Repository/RAD_Pages/PaymentConfirmation_Page": null

2023-12-20 12:40:45 - [TEST_STEP][PASSED] - orPath_ServiceFeesAccept = "Object Repository/RAD_Pages/ServiceFeeAccept_Page": null

2023-12-20 12:40:45 - [TEST_STEP][PASSED] - selectOptionByLabel(findTestObject(orPath_Landing + "/dd_TaxType"), Paymenttype, false): All options with label 'New Tax Return Amount Due' are selected in object 'Object Repository/RAD_Pages/Landing_Page/dd_TaxType' 

2023-12-20 12:40:47 - [MESSAGE][PASSED] - All options with label 'New Tax Return Amount Due' are selected in object 'Object Repository/RAD_Pages/Landing_Page/dd_TaxType' 

2023-12-20 12:40:47 - [TEST_STEP][PASSED] - delay(1): Delayed 1 second(s)

2023-12-20 12:40:48 - [MESSAGE][PASSED] - Delayed 1 second(s)

2023-12-20 12:40:48 - [TEST_STEP][PASSED] - switch (Paymenttype): null

2023-12-20 12:40:48 - [TEST_STEP][PASSED] - case "New Tax Return Amount Due":: null

2023-12-20 12:40:48 - [TEST_STEP][PASSED] - selectOptionByLabel(findTestObject("Object Repository/RAD_Pages/Landing_Page/select_NewTaxReturnAmountDue_TaxType"), Taxtype, false): All options with label 'PTE Non-Electing Non-S Corp' are selected in object 'Object Repository/RAD_Pages/Landing_Page/select_NewTaxReturnAmountDue_TaxType' 

2023-12-20 12:40:49 - [MESSAGE][PASSED] - All options with label 'PTE Non-Electing Non-S Corp' are selected in object 'Object Repository/RAD_Pages/Landing_Page/select_NewTaxReturnAmountDue_TaxType' 

2023-12-20 12:40:49 - [TEST_STEP][PASSED] - break: null

2023-12-20 12:40:49 - [TEST_STEP][PASSED] - delay(1): Delayed 1 second(s)

2023-12-20 12:40:50 - [MESSAGE][PASSED] - Delayed 1 second(s)

2023-12-20 12:40:50 - [TEST_STEP][PASSED] - scrollToElement(findTestObject(orPath_Amount + "/input__paymentAmount"), 2, CONTINUE_ON_FAILURE): Scroll to object 'Object Repository/RAD_Pages/PaymentAmount_Page/input__paymentAmount' successfully

2023-12-20 12:40:50 - [MESSAGE][PASSED] - Scroll to object 'Object Repository/RAD_Pages/PaymentAmount_Page/input__paymentAmount' successfully

2023-12-20 12:40:50 - [TEST_STEP][PASSED] - switch (Paymenttype): null

2023-12-20 12:40:50 - [TEST_STEP][PASSED] - case "New Tax Return Amount Due":: null

2023-12-20 12:40:50 - [TEST_STEP][PASSED] - setEncryptedText(findTestObject(orPath_TaxInfo + "/input_TaxInfo_FeinSsn_New_2"), "RigbBhfdqODKcAsiUrg+1Q=="): Text ****** has been set on object 'Object Repository/RAD_Pages/TaxInfo_Page/input_TaxInfo_FeinSsn_New_2'

2023-12-20 12:40:51 - [MESSAGE][PASSED] - Text ****** has been set on object 'Object Repository/RAD_Pages/TaxInfo_Page/input_TaxInfo_FeinSsn_New_2'

2023-12-20 12:40:51 - [TEST_STEP][PASSED] - setEncryptedText(findTestObject(orPath_TaxInfo + "/input_TaxInfo_RetypeFeinSsn_New_2"), "RigbBhfdqOD+04WBHw5iKw=="): Text ****** has been set on object 'Object Repository/RAD_Pages/TaxInfo_Page/input_TaxInfo_RetypeFeinSsn_New_2'

2023-12-20 12:40:51 - [MESSAGE][PASSED] - Text ****** has been set on object 'Object Repository/RAD_Pages/TaxInfo_Page/input_TaxInfo_RetypeFeinSsn_New_2'

2023-12-20 12:40:51 - [TEST_STEP][PASSED] - break: null

2023-12-20 12:40:51 - [TEST_STEP][PASSED] - setText(findTestObject(orPath_Amount + "/input__paymentAmount"), ""): Text '' is set on object 'Object Repository/RAD_Pages/PaymentAmount_Page/input__paymentAmount'

2023-12-20 12:40:52 - [MESSAGE][PASSED] - Text '' is set on object 'Object Repository/RAD_Pages/PaymentAmount_Page/input__paymentAmount'

2023-12-20 12:40:52 - [TEST_STEP][PASSED] - if (verifyTextPresent("The FEIN/SSN and Re-type FEIN/SSN do not match", true)): null

2023-12-20 12:40:52 - [MESSAGE][PASSED] - Text 'The FEIN/SSN and Re-type FEIN/SSN do not match' is present on page  using regular expression

2023-12-20 12:40:52 - [TEST_STEP][PASSED] - println("Error Message is present on the page"): null

2023-12-20 12:40:52 - [TEST_STEP][PASSED] - out.println("Pass Record Number: " + row): null

2023-12-20 12:40:52 - [TEST_STEP][PASSED] - resText = "Pass": null

2023-12-20 12:40:52 - [TEST_STEP][PASSED] - pages.WriteExcel.demoKey(resText, datText, resColumn, datCloumn, fileLoc, nameSheet, row): pages.WriteExcel.demoKey is PASSED

2023-12-20 12:40:53 - [MESSAGE][PASSED] - pages.WriteExcel.demoKey is PASSED

2023-12-20 12:40:53 - [TEST_STEP][PASSED] - ExecuteTC = findTestData(dataFile).getValue("Execute", row): null

2023-12-20 12:40:53 - [TEST_STEP][PASSED] - Taxtype = findTestData(dataFile).getValue("TaxType", row): null

2023-12-20 12:40:53 - [TEST_STEP][PASSED] - Paymenttype = findTestData(dataFile).getValue("PaymentType", row): null

2023-12-20 12:40:53 - [TEST_STEP][PASSED] - out.println("Value of Execute is : " + ExecuteTC): null

2023-12-20 12:40:53 - [TEST_STEP][PASSED] - if (ExecuteTC.equalsIgnoreCase("Y")): null

2023-12-20 12:40:53 - [TEST_STEP][PASSED] - out.println("Begin Record Number: " + row): null

2023-12-20 12:40:53 - [TEST_STEP][PASSED] - today = new java.util.Date(): null

2023-12-20 12:40:53 - [TEST_STEP][PASSED] - println(today): null

2023-12-20 12:40:53 - [TEST_STEP][PASSED] - datText = today: null

2023-12-20 12:40:53 - [TEST_STEP][PASSED] - Taxtype = findTestData(dataFile).getValue("TaxType", row): null

2023-12-20 12:40:53 - [TEST_STEP][PASSED] - out.println("Taxtype value is : " + Taxtype): null

2023-12-20 12:40:53 - [TEST_STEP][PASSED] - openBrowser(""): Browser is opened with url: ''

2023-12-20 12:40:53 - [MESSAGE][WARNING] - A browser is already opened. Closing browser and opening a new one

2023-12-20 12:40:54 - [MESSAGE][INFO] - Starting 'Chrome' driver

2023-12-20 12:40:54 - [MESSAGE][INFO] - User set preference: ['acceptInsecureCerts', 'true']

2023-12-20 12:40:54 - [MESSAGE][INFO] - Action delay is set to 0 milliseconds

2023-12-20 12:40:56 - [MESSAGE][PASSED] - Browser is opened with url: ''

2023-12-20 12:40:56 - [TEST_STEP][PASSED] - maximizeWindow(): Current window maximized

2023-12-20 12:40:56 - [MESSAGE][PASSED] - Current window maximized

2023-12-20 12:40:56 - [TEST_STEP][PASSED] - navigateToUrl(RADurl): Navigate to 'https://qa2.velocitypayment.com/client/rad/index.html' successfully

2023-12-20 12:40:57 - [MESSAGE][PASSED] - Navigate to 'https://qa2.velocitypayment.com/client/rad/index.html' successfully

2023-12-20 12:40:57 - [TEST_STEP][PASSED] - orPath_Landing = "Object Repository/RAD_Pages/Landing_Page": null

2023-12-20 12:40:57 - [TEST_STEP][PASSED] - orPath_TaxTypeFilingYear = "Object Repository/RAD_Pages/TaxTypeFilingYear_Page": null

2023-12-20 12:40:57 - [TEST_STEP][PASSED] - orPath_TaxPayer = "Object Repository/RAD_Pages/Taxpayer_Page": null

2023-12-20 12:40:57 - [TEST_STEP][PASSED] - orPath_AddressContact = "Object Repository/RAD_Pages/AddressAndContactInfo_Page": null

2023-12-20 12:40:57 - [TEST_STEP][PASSED] - orPath_FilingStatus = "Object Repository/RAD_Pages/FilingStatus_Page": null

2023-12-20 12:40:57 - [TEST_STEP][PASSED] - orPath_Amount = "Object Repository/RAD_Pages/PaymentAmount_Page": null

2023-12-20 12:40:57 - [TEST_STEP][PASSED] - orPath_TaxInfo = "Object Repository/RAD_Pages/TaxInfo_Page": null

2023-12-20 12:40:57 - [TEST_STEP][PASSED] - orPath_Withholding = "Object Repository/RAD_Pages/Withholding_Page": null

2023-12-20 12:40:57 - [TEST_STEP][PASSED] - orPath_Summary = "Object Repository/RAD_Pages/Summary_Page": null

2023-12-20 12:40:57 - [TEST_STEP][PASSED] - orPath_PaymentReady = "Object Repository/RAD_Pages/PaymentReady_Page": null

2023-12-20 12:40:57 - [TEST_STEP][PASSED] - orPath_PaymentEntry = "Object Repository/RAD_Pages/PaymentEntry_Page": null

2023-12-20 12:40:57 - [TEST_STEP][PASSED] - orPath_PaymentConfirmation = "Object Repository/RAD_Pages/PaymentConfirmation_Page": null

2023-12-20 12:40:57 - [TEST_STEP][PASSED] - orPath_ServiceFeesAccept = "Object Repository/RAD_Pages/ServiceFeeAccept_Page": null

2023-12-20 12:40:57 - [TEST_STEP][PASSED] - selectOptionByLabel(findTestObject(orPath_Landing + "/dd_TaxType"), Paymenttype, false): All options with label 'New Tax Return Amount Due' are selected in object 'Object Repository/RAD_Pages/Landing_Page/dd_TaxType' 

2023-12-20 12:40:58 - [MESSAGE][PASSED] - All options with label 'New Tax Return Amount Due' are selected in object 'Object Repository/RAD_Pages/Landing_Page/dd_TaxType' 

2023-12-20 12:40:58 - [TEST_STEP][PASSED] - delay(1): Delayed 1 second(s)

2023-12-20 12:40:59 - [MESSAGE][PASSED] - Delayed 1 second(s)

2023-12-20 12:40:59 - [TEST_STEP][PASSED] - switch (Paymenttype): null

2023-12-20 12:40:59 - [TEST_STEP][PASSED] - case "New Tax Return Amount Due":: null

2023-12-20 12:40:59 - [TEST_STEP][PASSED] - selectOptionByLabel(findTestObject("Object Repository/RAD_Pages/Landing_Page/select_NewTaxReturnAmountDue_TaxType"), Taxtype, false): All options with label 'PTE Non-Electing S Corp' are selected in object 'Object Repository/RAD_Pages/Landing_Page/select_NewTaxReturnAmountDue_TaxType' 

2023-12-20 12:41:00 - [MESSAGE][PASSED] - All options with label 'PTE Non-Electing S Corp' are selected in object 'Object Repository/RAD_Pages/Landing_Page/select_NewTaxReturnAmountDue_TaxType' 

2023-12-20 12:41:00 - [TEST_STEP][PASSED] - break: null

2023-12-20 12:41:00 - [TEST_STEP][PASSED] - delay(1): Delayed 1 second(s)

2023-12-20 12:41:01 - [MESSAGE][PASSED] - Delayed 1 second(s)

2023-12-20 12:41:01 - [TEST_STEP][PASSED] - scrollToElement(findTestObject(orPath_Amount + "/input__paymentAmount"), 2, CONTINUE_ON_FAILURE): Scroll to object 'Object Repository/RAD_Pages/PaymentAmount_Page/input__paymentAmount' successfully

2023-12-20 12:41:01 - [MESSAGE][PASSED] - Scroll to object 'Object Repository/RAD_Pages/PaymentAmount_Page/input__paymentAmount' successfully

2023-12-20 12:41:01 - [TEST_STEP][PASSED] - switch (Paymenttype): null

2023-12-20 12:41:01 - [TEST_STEP][PASSED] - case "New Tax Return Amount Due":: null

2023-12-20 12:41:01 - [TEST_STEP][PASSED] - setEncryptedText(findTestObject(orPath_TaxInfo + "/input_TaxInfo_FeinSsn_New_2"), "RigbBhfdqODKcAsiUrg+1Q=="): Text ****** has been set on object 'Object Repository/RAD_Pages/TaxInfo_Page/input_TaxInfo_FeinSsn_New_2'

2023-12-20 12:41:02 - [MESSAGE][PASSED] - Text ****** has been set on object 'Object Repository/RAD_Pages/TaxInfo_Page/input_TaxInfo_FeinSsn_New_2'

2023-12-20 12:41:02 - [TEST_STEP][PASSED] - setEncryptedText(findTestObject(orPath_TaxInfo + "/input_TaxInfo_RetypeFeinSsn_New_2"), "RigbBhfdqOD+04WBHw5iKw=="): Text ****** has been set on object 'Object Repository/RAD_Pages/TaxInfo_Page/input_TaxInfo_RetypeFeinSsn_New_2'

2023-12-20 12:41:02 - [MESSAGE][PASSED] - Text ****** has been set on object 'Object Repository/RAD_Pages/TaxInfo_Page/input_TaxInfo_RetypeFeinSsn_New_2'

2023-12-20 12:41:02 - [TEST_STEP][PASSED] - break: null

2023-12-20 12:41:02 - [TEST_STEP][PASSED] - setText(findTestObject(orPath_Amount + "/input__paymentAmount"), ""): Text '' is set on object 'Object Repository/RAD_Pages/PaymentAmount_Page/input__paymentAmount'

2023-12-20 12:41:03 - [MESSAGE][PASSED] - Text '' is set on object 'Object Repository/RAD_Pages/PaymentAmount_Page/input__paymentAmount'

2023-12-20 12:41:03 - [TEST_STEP][PASSED] - if (verifyTextPresent("The FEIN/SSN and Re-type FEIN/SSN do not match", true)): null

2023-12-20 12:41:04 - [MESSAGE][PASSED] - Text 'The FEIN/SSN and Re-type FEIN/SSN do not match' is present on page  using regular expression

2023-12-20 12:41:04 - [TEST_STEP][PASSED] - println("Error Message is present on the page"): null

2023-12-20 12:41:04 - [TEST_STEP][PASSED] - out.println("Pass Record Number: " + row): null

2023-12-20 12:41:04 - [TEST_STEP][PASSED] - resText = "Pass": null

2023-12-20 12:41:04 - [TEST_STEP][PASSED] - pages.WriteExcel.demoKey(resText, datText, resColumn, datCloumn, fileLoc, nameSheet, row): pages.WriteExcel.demoKey is PASSED

2023-12-20 12:41:04 - [MESSAGE][PASSED] - pages.WriteExcel.demoKey is PASSED

2023-12-20 12:41:04 - [TEST_STEP][PASSED] - ExecuteTC = findTestData(dataFile).getValue("Execute", row): null

2023-12-20 12:41:04 - [TEST_STEP][PASSED] - Taxtype = findTestData(dataFile).getValue("TaxType", row): null

2023-12-20 12:41:04 - [TEST_STEP][PASSED] - Paymenttype = findTestData(dataFile).getValue("PaymentType", row): null

2023-12-20 12:41:04 - [TEST_STEP][PASSED] - out.println("Value of Execute is : " + ExecuteTC): null

2023-12-20 12:41:04 - [TEST_STEP][PASSED] - if (ExecuteTC.equalsIgnoreCase("Y")): null

2023-12-20 12:41:04 - [TEST_STEP][PASSED] - out.println("Begin Record Number: " + row): null

2023-12-20 12:41:04 - [TEST_STEP][PASSED] - today = new java.util.Date(): null

2023-12-20 12:41:04 - [TEST_STEP][PASSED] - println(today): null

2023-12-20 12:41:04 - [TEST_STEP][PASSED] - datText = today: null

2023-12-20 12:41:04 - [TEST_STEP][PASSED] - Taxtype = findTestData(dataFile).getValue("TaxType", row): null

2023-12-20 12:41:04 - [TEST_STEP][PASSED] - out.println("Taxtype value is : " + Taxtype): null

2023-12-20 12:41:04 - [TEST_STEP][PASSED] - openBrowser(""): Browser is opened with url: ''

2023-12-20 12:41:04 - [MESSAGE][WARNING] - A browser is already opened. Closing browser and opening a new one

2023-12-20 12:41:05 - [MESSAGE][INFO] - Starting 'Chrome' driver

2023-12-20 12:41:05 - [MESSAGE][INFO] - User set preference: ['acceptInsecureCerts', 'true']

2023-12-20 12:41:05 - [MESSAGE][INFO] - Action delay is set to 0 milliseconds

2023-12-20 12:41:06 - [MESSAGE][PASSED] - Browser is opened with url: ''

2023-12-20 12:41:06 - [TEST_STEP][PASSED] - maximizeWindow(): Current window maximized

2023-12-20 12:41:07 - [MESSAGE][PASSED] - Current window maximized

2023-12-20 12:41:07 - [TEST_STEP][PASSED] - navigateToUrl(RADurl): Navigate to 'https://qa2.velocitypayment.com/client/rad/index.html' successfully

2023-12-20 12:41:08 - [MESSAGE][PASSED] - Navigate to 'https://qa2.velocitypayment.com/client/rad/index.html' successfully

2023-12-20 12:41:08 - [TEST_STEP][PASSED] - orPath_Landing = "Object Repository/RAD_Pages/Landing_Page": null

2023-12-20 12:41:08 - [TEST_STEP][PASSED] - orPath_TaxTypeFilingYear = "Object Repository/RAD_Pages/TaxTypeFilingYear_Page": null

2023-12-20 12:41:08 - [TEST_STEP][PASSED] - orPath_TaxPayer = "Object Repository/RAD_Pages/Taxpayer_Page": null

2023-12-20 12:41:08 - [TEST_STEP][PASSED] - orPath_AddressContact = "Object Repository/RAD_Pages/AddressAndContactInfo_Page": null

2023-12-20 12:41:08 - [TEST_STEP][PASSED] - orPath_FilingStatus = "Object Repository/RAD_Pages/FilingStatus_Page": null

2023-12-20 12:41:08 - [TEST_STEP][PASSED] - orPath_Amount = "Object Repository/RAD_Pages/PaymentAmount_Page": null

2023-12-20 12:41:08 - [TEST_STEP][PASSED] - orPath_TaxInfo = "Object Repository/RAD_Pages/TaxInfo_Page": null

2023-12-20 12:41:08 - [TEST_STEP][PASSED] - orPath_Withholding = "Object Repository/RAD_Pages/Withholding_Page": null

2023-12-20 12:41:08 - [TEST_STEP][PASSED] - orPath_Summary = "Object Repository/RAD_Pages/Summary_Page": null

2023-12-20 12:41:08 - [TEST_STEP][PASSED] - orPath_PaymentReady = "Object Repository/RAD_Pages/PaymentReady_Page": null

2023-12-20 12:41:08 - [TEST_STEP][PASSED] - orPath_PaymentEntry = "Object Repository/RAD_Pages/PaymentEntry_Page": null

2023-12-20 12:41:08 - [TEST_STEP][PASSED] - orPath_PaymentConfirmation = "Object Repository/RAD_Pages/PaymentConfirmation_Page": null

2023-12-20 12:41:08 - [TEST_STEP][PASSED] - orPath_ServiceFeesAccept = "Object Repository/RAD_Pages/ServiceFeeAccept_Page": null

2023-12-20 12:41:08 - [TEST_STEP][PASSED] - selectOptionByLabel(findTestObject(orPath_Landing + "/dd_TaxType"), Paymenttype, false): All options with label 'New Tax Return Amount Due' are selected in object 'Object Repository/RAD_Pages/Landing_Page/dd_TaxType' 

2023-12-20 12:41:09 - [MESSAGE][PASSED] - All options with label 'New Tax Return Amount Due' are selected in object 'Object Repository/RAD_Pages/Landing_Page/dd_TaxType' 

2023-12-20 12:41:09 - [TEST_STEP][PASSED] - delay(1): Delayed 1 second(s)

2023-12-20 12:41:10 - [MESSAGE][PASSED] - Delayed 1 second(s)

2023-12-20 12:41:10 - [TEST_STEP][PASSED] - switch (Paymenttype): null

2023-12-20 12:41:10 - [TEST_STEP][PASSED] - case "New Tax Return Amount Due":: null

2023-12-20 12:41:10 - [TEST_STEP][PASSED] - selectOptionByLabel(findTestObject("Object Repository/RAD_Pages/Landing_Page/select_NewTaxReturnAmountDue_TaxType"), Taxtype, false): All options with label 'PTE Tax Electing Non-S Corp' are selected in object 'Object Repository/RAD_Pages/Landing_Page/select_NewTaxReturnAmountDue_TaxType' 

2023-12-20 12:41:11 - [MESSAGE][PASSED] - All options with label 'PTE Tax Electing Non-S Corp' are selected in object 'Object Repository/RAD_Pages/Landing_Page/select_NewTaxReturnAmountDue_TaxType' 

2023-12-20 12:41:11 - [TEST_STEP][PASSED] - break: null

2023-12-20 12:41:11 - [TEST_STEP][PASSED] - delay(1): Delayed 1 second(s)

2023-12-20 12:41:12 - [MESSAGE][PASSED] - Delayed 1 second(s)

2023-12-20 12:41:12 - [TEST_STEP][PASSED] - scrollToElement(findTestObject(orPath_Amount + "/input__paymentAmount"), 2, CONTINUE_ON_FAILURE): Scroll to object 'Object Repository/RAD_Pages/PaymentAmount_Page/input__paymentAmount' successfully

2023-12-20 12:41:12 - [MESSAGE][PASSED] - Scroll to object 'Object Repository/RAD_Pages/PaymentAmount_Page/input__paymentAmount' successfully

2023-12-20 12:41:12 - [TEST_STEP][PASSED] - switch (Paymenttype): null

2023-12-20 12:41:12 - [TEST_STEP][PASSED] - case "New Tax Return Amount Due":: null

2023-12-20 12:41:12 - [TEST_STEP][PASSED] - setEncryptedText(findTestObject(orPath_TaxInfo + "/input_TaxInfo_FeinSsn_New_2"), "RigbBhfdqODKcAsiUrg+1Q=="): Text ****** has been set on object 'Object Repository/RAD_Pages/TaxInfo_Page/input_TaxInfo_FeinSsn_New_2'

2023-12-20 12:41:13 - [MESSAGE][PASSED] - Text ****** has been set on object 'Object Repository/RAD_Pages/TaxInfo_Page/input_TaxInfo_FeinSsn_New_2'

2023-12-20 12:41:13 - [TEST_STEP][PASSED] - setEncryptedText(findTestObject(orPath_TaxInfo + "/input_TaxInfo_RetypeFeinSsn_New_2"), "RigbBhfdqOD+04WBHw5iKw=="): Text ****** has been set on object 'Object Repository/RAD_Pages/TaxInfo_Page/input_TaxInfo_RetypeFeinSsn_New_2'

2023-12-20 12:41:13 - [MESSAGE][PASSED] - Text ****** has been set on object 'Object Repository/RAD_Pages/TaxInfo_Page/input_TaxInfo_RetypeFeinSsn_New_2'

2023-12-20 12:41:13 - [TEST_STEP][PASSED] - break: null

2023-12-20 12:41:13 - [TEST_STEP][PASSED] - setText(findTestObject(orPath_Amount + "/input__paymentAmount"), ""): Text '' is set on object 'Object Repository/RAD_Pages/PaymentAmount_Page/input__paymentAmount'

2023-12-20 12:41:14 - [MESSAGE][PASSED] - Text '' is set on object 'Object Repository/RAD_Pages/PaymentAmount_Page/input__paymentAmount'

2023-12-20 12:41:14 - [TEST_STEP][PASSED] - if (verifyTextPresent("The FEIN/SSN and Re-type FEIN/SSN do not match", true)): null

2023-12-20 12:41:14 - [MESSAGE][PASSED] - Text 'The FEIN/SSN and Re-type FEIN/SSN do not match' is present on page  using regular expression

2023-12-20 12:41:14 - [TEST_STEP][PASSED] - println("Error Message is present on the page"): null

2023-12-20 12:41:14 - [TEST_STEP][PASSED] - out.println("Pass Record Number: " + row): null

2023-12-20 12:41:14 - [TEST_STEP][PASSED] - resText = "Pass": null

2023-12-20 12:41:14 - [TEST_STEP][PASSED] - pages.WriteExcel.demoKey(resText, datText, resColumn, datCloumn, fileLoc, nameSheet, row): pages.WriteExcel.demoKey is PASSED

2023-12-20 12:41:15 - [MESSAGE][PASSED] - pages.WriteExcel.demoKey is PASSED

2023-12-20 12:41:15 - [TEST_STEP][PASSED] - ExecuteTC = findTestData(dataFile).getValue("Execute", row): null

2023-12-20 12:41:15 - [TEST_STEP][PASSED] - Taxtype = findTestData(dataFile).getValue("TaxType", row): null

2023-12-20 12:41:15 - [TEST_STEP][PASSED] - Paymenttype = findTestData(dataFile).getValue("PaymentType", row): null

2023-12-20 12:41:15 - [TEST_STEP][PASSED] - out.println("Value of Execute is : " + ExecuteTC): null

2023-12-20 12:41:15 - [TEST_STEP][PASSED] - if (ExecuteTC.equalsIgnoreCase("Y")): null

2023-12-20 12:41:15 - [TEST_STEP][PASSED] - out.println("Begin Record Number: " + row): null

2023-12-20 12:41:15 - [TEST_STEP][PASSED] - today = new java.util.Date(): null

2023-12-20 12:41:15 - [TEST_STEP][PASSED] - println(today): null

2023-12-20 12:41:15 - [TEST_STEP][PASSED] - datText = today: null

2023-12-20 12:41:15 - [TEST_STEP][PASSED] - Taxtype = findTestData(dataFile).getValue("TaxType", row): null

2023-12-20 12:41:15 - [TEST_STEP][PASSED] - out.println("Taxtype value is : " + Taxtype): null

2023-12-20 12:41:15 - [TEST_STEP][PASSED] - openBrowser(""): Browser is opened with url: ''

2023-12-20 12:41:15 - [MESSAGE][WARNING] - A browser is already opened. Closing browser and opening a new one

2023-12-20 12:41:16 - [MESSAGE][INFO] - Starting 'Chrome' driver

2023-12-20 12:41:16 - [MESSAGE][INFO] - User set preference: ['acceptInsecureCerts', 'true']

2023-12-20 12:41:16 - [MESSAGE][INFO] - Action delay is set to 0 milliseconds

2023-12-20 12:41:18 - [MESSAGE][PASSED] - Browser is opened with url: ''

2023-12-20 12:41:18 - [TEST_STEP][PASSED] - maximizeWindow(): Current window maximized

2023-12-20 12:41:18 - [MESSAGE][PASSED] - Current window maximized

2023-12-20 12:41:18 - [TEST_STEP][PASSED] - navigateToUrl(RADurl): Navigate to 'https://qa2.velocitypayment.com/client/rad/index.html' successfully

2023-12-20 12:41:19 - [MESSAGE][PASSED] - Navigate to 'https://qa2.velocitypayment.com/client/rad/index.html' successfully

2023-12-20 12:41:19 - [TEST_STEP][PASSED] - orPath_Landing = "Object Repository/RAD_Pages/Landing_Page": null

2023-12-20 12:41:19 - [TEST_STEP][PASSED] - orPath_TaxTypeFilingYear = "Object Repository/RAD_Pages/TaxTypeFilingYear_Page": null

2023-12-20 12:41:19 - [TEST_STEP][PASSED] - orPath_TaxPayer = "Object Repository/RAD_Pages/Taxpayer_Page": null

2023-12-20 12:41:19 - [TEST_STEP][PASSED] - orPath_AddressContact = "Object Repository/RAD_Pages/AddressAndContactInfo_Page": null

2023-12-20 12:41:19 - [TEST_STEP][PASSED] - orPath_FilingStatus = "Object Repository/RAD_Pages/FilingStatus_Page": null

2023-12-20 12:41:19 - [TEST_STEP][PASSED] - orPath_Amount = "Object Repository/RAD_Pages/PaymentAmount_Page": null

2023-12-20 12:41:19 - [TEST_STEP][PASSED] - orPath_TaxInfo = "Object Repository/RAD_Pages/TaxInfo_Page": null

2023-12-20 12:41:19 - [TEST_STEP][PASSED] - orPath_Withholding = "Object Repository/RAD_Pages/Withholding_Page": null

2023-12-20 12:41:19 - [TEST_STEP][PASSED] - orPath_Summary = "Object Repository/RAD_Pages/Summary_Page": null

2023-12-20 12:41:19 - [TEST_STEP][PASSED] - orPath_PaymentReady = "Object Repository/RAD_Pages/PaymentReady_Page": null

2023-12-20 12:41:19 - [TEST_STEP][PASSED] - orPath_PaymentEntry = "Object Repository/RAD_Pages/PaymentEntry_Page": null

2023-12-20 12:41:19 - [TEST_STEP][PASSED] - orPath_PaymentConfirmation = "Object Repository/RAD_Pages/PaymentConfirmation_Page": null

2023-12-20 12:41:19 - [TEST_STEP][PASSED] - orPath_ServiceFeesAccept = "Object Repository/RAD_Pages/ServiceFeeAccept_Page": null

2023-12-20 12:41:19 - [TEST_STEP][PASSED] - selectOptionByLabel(findTestObject(orPath_Landing + "/dd_TaxType"), Paymenttype, false): All options with label 'New Tax Return Amount Due' are selected in object 'Object Repository/RAD_Pages/Landing_Page/dd_TaxType' 

2023-12-20 12:41:20 - [MESSAGE][PASSED] - All options with label 'New Tax Return Amount Due' are selected in object 'Object Repository/RAD_Pages/Landing_Page/dd_TaxType' 

2023-12-20 12:41:20 - [TEST_STEP][PASSED] - delay(1): Delayed 1 second(s)

2023-12-20 12:41:21 - [MESSAGE][PASSED] - Delayed 1 second(s)

2023-12-20 12:41:21 - [TEST_STEP][PASSED] - switch (Paymenttype): null

2023-12-20 12:41:21 - [TEST_STEP][PASSED] - case "New Tax Return Amount Due":: null

2023-12-20 12:41:21 - [TEST_STEP][PASSED] - selectOptionByLabel(findTestObject("Object Repository/RAD_Pages/Landing_Page/select_NewTaxReturnAmountDue_TaxType"), Taxtype, false): All options with label 'PTE Tax Electing S Corp' are selected in object 'Object Repository/RAD_Pages/Landing_Page/select_NewTaxReturnAmountDue_TaxType' 

2023-12-20 12:41:22 - [MESSAGE][PASSED] - All options with label 'PTE Tax Electing S Corp' are selected in object 'Object Repository/RAD_Pages/Landing_Page/select_NewTaxReturnAmountDue_TaxType' 

2023-12-20 12:41:22 - [TEST_STEP][PASSED] - break: null

2023-12-20 12:41:22 - [TEST_STEP][PASSED] - delay(1): Delayed 1 second(s)

2023-12-20 12:41:23 - [MESSAGE][PASSED] - Delayed 1 second(s)

2023-12-20 12:41:23 - [TEST_STEP][PASSED] - scrollToElement(findTestObject(orPath_Amount + "/input__paymentAmount"), 2, CONTINUE_ON_FAILURE): Scroll to object 'Object Repository/RAD_Pages/PaymentAmount_Page/input__paymentAmount' successfully

2023-12-20 12:41:23 - [MESSAGE][PASSED] - Scroll to object 'Object Repository/RAD_Pages/PaymentAmount_Page/input__paymentAmount' successfully

2023-12-20 12:41:23 - [TEST_STEP][PASSED] - switch (Paymenttype): null

2023-12-20 12:41:23 - [TEST_STEP][PASSED] - case "New Tax Return Amount Due":: null

2023-12-20 12:41:23 - [TEST_STEP][PASSED] - setEncryptedText(findTestObject(orPath_TaxInfo + "/input_TaxInfo_FeinSsn_New_2"), "RigbBhfdqODKcAsiUrg+1Q=="): Text ****** has been set on object 'Object Repository/RAD_Pages/TaxInfo_Page/input_TaxInfo_FeinSsn_New_2'

2023-12-20 12:41:24 - [MESSAGE][PASSED] - Text ****** has been set on object 'Object Repository/RAD_Pages/TaxInfo_Page/input_TaxInfo_FeinSsn_New_2'

2023-12-20 12:41:24 - [TEST_STEP][PASSED] - setEncryptedText(findTestObject(orPath_TaxInfo + "/input_TaxInfo_RetypeFeinSsn_New_2"), "RigbBhfdqOD+04WBHw5iKw=="): Text ****** has been set on object 'Object Repository/RAD_Pages/TaxInfo_Page/input_TaxInfo_RetypeFeinSsn_New_2'

2023-12-20 12:41:24 - [MESSAGE][PASSED] - Text ****** has been set on object 'Object Repository/RAD_Pages/TaxInfo_Page/input_TaxInfo_RetypeFeinSsn_New_2'

2023-12-20 12:41:24 - [TEST_STEP][PASSED] - break: null

2023-12-20 12:41:24 - [TEST_STEP][PASSED] - setText(findTestObject(orPath_Amount + "/input__paymentAmount"), ""): Text '' is set on object 'Object Repository/RAD_Pages/PaymentAmount_Page/input__paymentAmount'

2023-12-20 12:41:25 - [MESSAGE][PASSED] - Text '' is set on object 'Object Repository/RAD_Pages/PaymentAmount_Page/input__paymentAmount'

2023-12-20 12:41:25 - [TEST_STEP][PASSED] - if (verifyTextPresent("The FEIN/SSN and Re-type FEIN/SSN do not match", true)): null

2023-12-20 12:41:26 - [MESSAGE][PASSED] - Text 'The FEIN/SSN and Re-type FEIN/SSN do not match' is present on page  using regular expression

2023-12-20 12:41:26 - [TEST_STEP][PASSED] - println("Error Message is present on the page"): null

2023-12-20 12:41:26 - [TEST_STEP][PASSED] - out.println("Pass Record Number: " + row): null

2023-12-20 12:41:26 - [TEST_STEP][PASSED] - resText = "Pass": null

2023-12-20 12:41:26 - [TEST_STEP][PASSED] - pages.WriteExcel.demoKey(resText, datText, resColumn, datCloumn, fileLoc, nameSheet, row): pages.WriteExcel.demoKey is PASSED

2023-12-20 12:41:26 - [MESSAGE][PASSED] - pages.WriteExcel.demoKey is PASSED]]></system-out>
         <system-err><![CDATA[]]></system-err>
      </testcase>
      <testcase name="Test Cases/RAD_TestCases/Negative_TestCases/FEINmoreThan9Error-NEW" time="101.673" classname="Test Cases/RAD_TestCases/Negative_TestCases/FEINmoreThan9Error-NEW" status="PASSED">
         <system-out><![CDATA[2023-12-20 12:41:26 - [TEST_CASE][PASSED] - Test Cases/RAD_TestCases/Negative_TestCases/FEINmoreThan9Error-NEW: Test Cases/RAD_TestCases/Negative_TestCases/FEINmoreThan9Error-NEW

2023-12-20 12:41:26 - [TEST_STEP][PASSED] - resText = "Fail": null

2023-12-20 12:41:26 - [TEST_STEP][PASSED] - resColumn = "Result": null

2023-12-20 12:41:26 - [TEST_STEP][PASSED] - datCloumn = "Date": null

2023-12-20 12:41:26 - [TEST_STEP][PASSED] - fileLoc = "KatalonData/RADTestData/FEINmoreThan9Error.xlsx": null

2023-12-20 12:41:26 - [TEST_STEP][PASSED] - nameSheet = "Sheet1": null

2023-12-20 12:41:26 - [TEST_STEP][PASSED] - dataFile = "RADTestData/FEINmoreThan9Error": null

2023-12-20 12:41:26 - [TEST_STEP][PASSED] - ExecuteTC = <not implemented yet for class: org.codehaus.groovy.ast.expr.EmptyExpression>: null

2023-12-20 12:41:26 - [TEST_STEP][PASSED] - Taxtype = <not implemented yet for class: org.codehaus.groovy.ast.expr.EmptyExpression>: null

2023-12-20 12:41:26 - [TEST_STEP][PASSED] - Paymenttype = <not implemented yet for class: org.codehaus.groovy.ast.expr.EmptyExpression>: null

2023-12-20 12:41:26 - [TEST_STEP][PASSED] - numOfRows = findTestData(dataFile).getRowNumbers(): null

2023-12-20 12:41:26 - [TEST_STEP][PASSED] - println("Number of Records: " + numOfRows): null

2023-12-20 12:41:26 - [TEST_STEP][PASSED] - for ([row = 1, row <= numOfRows, (row++)]): null

2023-12-20 12:41:26 - [TEST_STEP][PASSED] - ExecuteTC = findTestData(dataFile).getValue("Execute", row): null

2023-12-20 12:41:26 - [TEST_STEP][PASSED] - Taxtype = findTestData(dataFile).getValue("TaxType", row): null

2023-12-20 12:41:26 - [TEST_STEP][PASSED] - Paymenttype = findTestData(dataFile).getValue("PaymentType", row): null

2023-12-20 12:41:26 - [TEST_STEP][PASSED] - out.println("Value of Execute is : " + ExecuteTC): null

2023-12-20 12:41:26 - [TEST_STEP][PASSED] - if (ExecuteTC.equalsIgnoreCase("Y")): null

2023-12-20 12:41:26 - [TEST_STEP][PASSED] - out.println("Begin Record Number: " + row): null

2023-12-20 12:41:26 - [TEST_STEP][PASSED] - today = new java.util.Date(): null

2023-12-20 12:41:26 - [TEST_STEP][PASSED] - println(today): null

2023-12-20 12:41:26 - [TEST_STEP][PASSED] - datText = today: null

2023-12-20 12:41:26 - [TEST_STEP][PASSED] - Taxtype = findTestData(dataFile).getValue("TaxType", row): null

2023-12-20 12:41:26 - [TEST_STEP][PASSED] - out.println("Taxtype value is : " + Taxtype): null

2023-12-20 12:41:26 - [TEST_STEP][PASSED] - openBrowser(""): Browser is opened with url: ''

2023-12-20 12:41:26 - [MESSAGE][WARNING] - A browser is already opened. Closing browser and opening a new one

2023-12-20 12:41:27 - [MESSAGE][INFO] - Starting 'Chrome' driver

2023-12-20 12:41:27 - [MESSAGE][INFO] - User set preference: ['acceptInsecureCerts', 'true']

2023-12-20 12:41:27 - [MESSAGE][INFO] - Action delay is set to 0 milliseconds

2023-12-20 12:41:29 - [MESSAGE][PASSED] - Browser is opened with url: ''

2023-12-20 12:41:29 - [TEST_STEP][PASSED] - maximizeWindow(): Current window maximized

2023-12-20 12:41:29 - [MESSAGE][PASSED] - Current window maximized

2023-12-20 12:41:29 - [TEST_STEP][PASSED] - navigateToUrl(RADurl): Navigate to 'https://qa2.velocitypayment.com/client/rad/index.html' successfully

2023-12-20 12:41:31 - [MESSAGE][PASSED] - Navigate to 'https://qa2.velocitypayment.com/client/rad/index.html' successfully

2023-12-20 12:41:31 - [TEST_STEP][PASSED] - orPath_Landing = "Object Repository/RAD_Pages/Landing_Page": null

2023-12-20 12:41:31 - [TEST_STEP][PASSED] - orPath_TaxTypeFilingYear = "Object Repository/RAD_Pages/TaxTypeFilingYear_Page": null

2023-12-20 12:41:31 - [TEST_STEP][PASSED] - orPath_TaxPayer = "Object Repository/RAD_Pages/Taxpayer_Page": null

2023-12-20 12:41:31 - [TEST_STEP][PASSED] - orPath_AddressContact = "Object Repository/RAD_Pages/AddressAndContactInfo_Page": null

2023-12-20 12:41:31 - [TEST_STEP][PASSED] - orPath_FilingStatus = "Object Repository/RAD_Pages/FilingStatus_Page": null

2023-12-20 12:41:31 - [TEST_STEP][PASSED] - orPath_Amount = "Object Repository/RAD_Pages/PaymentAmount_Page": null

2023-12-20 12:41:31 - [TEST_STEP][PASSED] - orPath_TaxInfo = "Object Repository/RAD_Pages/TaxInfo_Page": null

2023-12-20 12:41:31 - [TEST_STEP][PASSED] - orPath_Withholding = "Object Repository/RAD_Pages/Withholding_Page": null

2023-12-20 12:41:31 - [TEST_STEP][PASSED] - orPath_Summary = "Object Repository/RAD_Pages/Summary_Page": null

2023-12-20 12:41:31 - [TEST_STEP][PASSED] - orPath_PaymentReady = "Object Repository/RAD_Pages/PaymentReady_Page": null

2023-12-20 12:41:31 - [TEST_STEP][PASSED] - orPath_PaymentEntry = "Object Repository/RAD_Pages/PaymentEntry_Page": null

2023-12-20 12:41:31 - [TEST_STEP][PASSED] - orPath_PaymentConfirmation = "Object Repository/RAD_Pages/PaymentConfirmation_Page": null

2023-12-20 12:41:31 - [TEST_STEP][PASSED] - orPath_ServiceFeesAccept = "Object Repository/RAD_Pages/ServiceFeeAccept_Page": null

2023-12-20 12:41:31 - [TEST_STEP][PASSED] - selectOptionByLabel(findTestObject(orPath_Landing + "/dd_TaxType"), Paymenttype, false): All options with label 'Existing Liability w/Notice Number' are selected in object 'Object Repository/RAD_Pages/Landing_Page/dd_TaxType' 

2023-12-20 12:41:31 - [MESSAGE][PASSED] - All options with label 'Existing Liability w/Notice Number' are selected in object 'Object Repository/RAD_Pages/Landing_Page/dd_TaxType' 

2023-12-20 12:41:31 - [TEST_STEP][PASSED] - delay(1): Delayed 1 second(s)

2023-12-20 12:41:32 - [MESSAGE][PASSED] - Delayed 1 second(s)

2023-12-20 12:41:32 - [TEST_STEP][PASSED] - switch (Paymenttype): null

2023-12-20 12:41:32 - [TEST_STEP][PASSED] - case "Existing Liability w/Notice Number":: null

2023-12-20 12:41:32 - [TEST_STEP][PASSED] - selectOptionByLabel(findTestObject(orPath_TaxTypeFilingYear + "/select_TaxType_ExistingLiability"), Taxtype, false): All options with label 'Bay Restoration Fee' are selected in object 'Object Repository/RAD_Pages/TaxTypeFilingYear_Page/select_TaxType_ExistingLiability' 

2023-12-20 12:41:33 - [MESSAGE][PASSED] - All options with label 'Bay Restoration Fee' are selected in object 'Object Repository/RAD_Pages/TaxTypeFilingYear_Page/select_TaxType_ExistingLiability' 

2023-12-20 12:41:33 - [TEST_STEP][PASSED] - break: null

2023-12-20 12:41:33 - [TEST_STEP][PASSED] - delay(1): Delayed 1 second(s)

2023-12-20 12:41:34 - [MESSAGE][PASSED] - Delayed 1 second(s)

2023-12-20 12:41:34 - [TEST_STEP][PASSED] - switch (Paymenttype): null

2023-12-20 12:41:34 - [TEST_STEP][PASSED] - case "Existing Liability w/Notice Number":: null

2023-12-20 12:41:34 - [TEST_STEP][PASSED] - setEncryptedText(findTestObject("Object Repository/RAD_RecordAndPlay/input_Existing_FEIN"), "RigbBhfdqOBDK95asqKeHw=="): Text ****** has been set on object 'Object Repository/RAD_RecordAndPlay/input_Existing_FEIN'

2023-12-20 12:41:34 - [MESSAGE][PASSED] - Text ****** has been set on object 'Object Repository/RAD_RecordAndPlay/input_Existing_FEIN'

2023-12-20 12:41:34 - [TEST_STEP][PASSED] - setEncryptedText(findTestObject("Object Repository/RAD_RecordAndPlay/input_Existing_RetypeFEIN"), ""): Text ****** has been set on object 'Object Repository/RAD_RecordAndPlay/input_Existing_RetypeFEIN'

2023-12-20 12:41:35 - [MESSAGE][PASSED] - Text ****** has been set on object 'Object Repository/RAD_RecordAndPlay/input_Existing_RetypeFEIN'

2023-12-20 12:41:35 - [TEST_STEP][PASSED] - break: null

2023-12-20 12:41:35 - [TEST_STEP][PASSED] - verifyTextPresent("Please enter a valid FEIN with 9 digits.", true): Text 'Please enter a valid FEIN with 9 digits.' is present on page  using regular expression

2023-12-20 12:41:36 - [MESSAGE][PASSED] - Text 'Please enter a valid FEIN with 9 digits.' is present on page  using regular expression

2023-12-20 12:41:36 - [TEST_STEP][PASSED] - if (verifyTextPresent("Please enter a valid FEIN with 9 digits.", true)): null

2023-12-20 12:41:36 - [MESSAGE][PASSED] - Text 'Please enter a valid FEIN with 9 digits.' is present on page  using regular expression

2023-12-20 12:41:36 - [TEST_STEP][PASSED] - println("Error Message is present on the page"): null

2023-12-20 12:41:36 - [TEST_STEP][PASSED] - out.println("Pass Record Number: " + row): null

2023-12-20 12:41:36 - [TEST_STEP][PASSED] - resText = "Pass": null

2023-12-20 12:41:36 - [TEST_STEP][PASSED] - pages.WriteExcel.demoKey(resText, datText, resColumn, datCloumn, fileLoc, nameSheet, row): pages.WriteExcel.demoKey is PASSED

2023-12-20 12:41:36 - [MESSAGE][PASSED] - pages.WriteExcel.demoKey is PASSED

2023-12-20 12:41:36 - [TEST_STEP][PASSED] - ExecuteTC = findTestData(dataFile).getValue("Execute", row): null

2023-12-20 12:41:36 - [TEST_STEP][PASSED] - Taxtype = findTestData(dataFile).getValue("TaxType", row): null

2023-12-20 12:41:36 - [TEST_STEP][PASSED] - Paymenttype = findTestData(dataFile).getValue("PaymentType", row): null

2023-12-20 12:41:36 - [TEST_STEP][PASSED] - out.println("Value of Execute is : " + ExecuteTC): null

2023-12-20 12:41:36 - [TEST_STEP][PASSED] - if (ExecuteTC.equalsIgnoreCase("Y")): null

2023-12-20 12:41:36 - [TEST_STEP][PASSED] - out.println("Begin Record Number: " + row): null

2023-12-20 12:41:36 - [TEST_STEP][PASSED] - today = new java.util.Date(): null

2023-12-20 12:41:36 - [TEST_STEP][PASSED] - println(today): null

2023-12-20 12:41:36 - [TEST_STEP][PASSED] - datText = today: null

2023-12-20 12:41:36 - [TEST_STEP][PASSED] - Taxtype = findTestData(dataFile).getValue("TaxType", row): null

2023-12-20 12:41:36 - [TEST_STEP][PASSED] - out.println("Taxtype value is : " + Taxtype): null

2023-12-20 12:41:36 - [TEST_STEP][PASSED] - openBrowser(""): Browser is opened with url: ''

2023-12-20 12:41:36 - [MESSAGE][WARNING] - A browser is already opened. Closing browser and opening a new one

2023-12-20 12:41:37 - [MESSAGE][INFO] - Starting 'Chrome' driver

2023-12-20 12:41:37 - [MESSAGE][INFO] - User set preference: ['acceptInsecureCerts', 'true']

2023-12-20 12:41:37 - [MESSAGE][INFO] - Action delay is set to 0 milliseconds

2023-12-20 12:41:39 - [MESSAGE][PASSED] - Browser is opened with url: ''

2023-12-20 12:41:39 - [TEST_STEP][PASSED] - maximizeWindow(): Current window maximized

2023-12-20 12:41:39 - [MESSAGE][PASSED] - Current window maximized

2023-12-20 12:41:39 - [TEST_STEP][PASSED] - navigateToUrl(RADurl): Navigate to 'https://qa2.velocitypayment.com/client/rad/index.html' successfully

2023-12-20 12:41:41 - [MESSAGE][PASSED] - Navigate to 'https://qa2.velocitypayment.com/client/rad/index.html' successfully

2023-12-20 12:41:41 - [TEST_STEP][PASSED] - orPath_Landing = "Object Repository/RAD_Pages/Landing_Page": null

2023-12-20 12:41:41 - [TEST_STEP][PASSED] - orPath_TaxTypeFilingYear = "Object Repository/RAD_Pages/TaxTypeFilingYear_Page": null

2023-12-20 12:41:41 - [TEST_STEP][PASSED] - orPath_TaxPayer = "Object Repository/RAD_Pages/Taxpayer_Page": null

2023-12-20 12:41:41 - [TEST_STEP][PASSED] - orPath_AddressContact = "Object Repository/RAD_Pages/AddressAndContactInfo_Page": null

2023-12-20 12:41:41 - [TEST_STEP][PASSED] - orPath_FilingStatus = "Object Repository/RAD_Pages/FilingStatus_Page": null

2023-12-20 12:41:41 - [TEST_STEP][PASSED] - orPath_Amount = "Object Repository/RAD_Pages/PaymentAmount_Page": null

2023-12-20 12:41:41 - [TEST_STEP][PASSED] - orPath_TaxInfo = "Object Repository/RAD_Pages/TaxInfo_Page": null

2023-12-20 12:41:41 - [TEST_STEP][PASSED] - orPath_Withholding = "Object Repository/RAD_Pages/Withholding_Page": null

2023-12-20 12:41:41 - [TEST_STEP][PASSED] - orPath_Summary = "Object Repository/RAD_Pages/Summary_Page": null

2023-12-20 12:41:41 - [TEST_STEP][PASSED] - orPath_PaymentReady = "Object Repository/RAD_Pages/PaymentReady_Page": null

2023-12-20 12:41:41 - [TEST_STEP][PASSED] - orPath_PaymentEntry = "Object Repository/RAD_Pages/PaymentEntry_Page": null

2023-12-20 12:41:41 - [TEST_STEP][PASSED] - orPath_PaymentConfirmation = "Object Repository/RAD_Pages/PaymentConfirmation_Page": null

2023-12-20 12:41:41 - [TEST_STEP][PASSED] - orPath_ServiceFeesAccept = "Object Repository/RAD_Pages/ServiceFeeAccept_Page": null

2023-12-20 12:41:41 - [TEST_STEP][PASSED] - selectOptionByLabel(findTestObject(orPath_Landing + "/dd_TaxType"), Paymenttype, false): All options with label 'Existing Liability w/Notice Number' are selected in object 'Object Repository/RAD_Pages/Landing_Page/dd_TaxType' 

2023-12-20 12:41:41 - [MESSAGE][PASSED] - All options with label 'Existing Liability w/Notice Number' are selected in object 'Object Repository/RAD_Pages/Landing_Page/dd_TaxType' 

2023-12-20 12:41:41 - [TEST_STEP][PASSED] - delay(1): Delayed 1 second(s)

2023-12-20 12:41:42 - [MESSAGE][PASSED] - Delayed 1 second(s)

2023-12-20 12:41:42 - [TEST_STEP][PASSED] - switch (Paymenttype): null

2023-12-20 12:41:42 - [TEST_STEP][PASSED] - case "Existing Liability w/Notice Number":: null

2023-12-20 12:41:42 - [TEST_STEP][PASSED] - selectOptionByLabel(findTestObject(orPath_TaxTypeFilingYear + "/select_TaxType_ExistingLiability"), Taxtype, false): All options with label 'Corporate Income Tax' are selected in object 'Object Repository/RAD_Pages/TaxTypeFilingYear_Page/select_TaxType_ExistingLiability' 

2023-12-20 12:41:43 - [MESSAGE][PASSED] - All options with label 'Corporate Income Tax' are selected in object 'Object Repository/RAD_Pages/TaxTypeFilingYear_Page/select_TaxType_ExistingLiability' 

2023-12-20 12:41:43 - [TEST_STEP][PASSED] - break: null

2023-12-20 12:41:43 - [TEST_STEP][PASSED] - delay(1): Delayed 1 second(s)

2023-12-20 12:41:44 - [MESSAGE][PASSED] - Delayed 1 second(s)

2023-12-20 12:41:44 - [TEST_STEP][PASSED] - switch (Paymenttype): null

2023-12-20 12:41:44 - [TEST_STEP][PASSED] - case "Existing Liability w/Notice Number":: null

2023-12-20 12:41:44 - [TEST_STEP][PASSED] - setEncryptedText(findTestObject("Object Repository/RAD_RecordAndPlay/input_Existing_FEIN"), "RigbBhfdqOBDK95asqKeHw=="): Text ****** has been set on object 'Object Repository/RAD_RecordAndPlay/input_Existing_FEIN'

2023-12-20 12:41:44 - [MESSAGE][PASSED] - Text ****** has been set on object 'Object Repository/RAD_RecordAndPlay/input_Existing_FEIN'

2023-12-20 12:41:44 - [TEST_STEP][PASSED] - setEncryptedText(findTestObject("Object Repository/RAD_RecordAndPlay/input_Existing_RetypeFEIN"), ""): Text ****** has been set on object 'Object Repository/RAD_RecordAndPlay/input_Existing_RetypeFEIN'

2023-12-20 12:41:45 - [MESSAGE][PASSED] - Text ****** has been set on object 'Object Repository/RAD_RecordAndPlay/input_Existing_RetypeFEIN'

2023-12-20 12:41:45 - [TEST_STEP][PASSED] - break: null

2023-12-20 12:41:45 - [TEST_STEP][PASSED] - verifyTextPresent("Please enter a valid FEIN with 9 digits.", true): Text 'Please enter a valid FEIN with 9 digits.' is present on page  using regular expression

2023-12-20 12:41:46 - [MESSAGE][PASSED] - Text 'Please enter a valid FEIN with 9 digits.' is present on page  using regular expression

2023-12-20 12:41:46 - [TEST_STEP][PASSED] - if (verifyTextPresent("Please enter a valid FEIN with 9 digits.", true)): null

2023-12-20 12:41:46 - [MESSAGE][PASSED] - Text 'Please enter a valid FEIN with 9 digits.' is present on page  using regular expression

2023-12-20 12:41:46 - [TEST_STEP][PASSED] - println("Error Message is present on the page"): null

2023-12-20 12:41:46 - [TEST_STEP][PASSED] - out.println("Pass Record Number: " + row): null

2023-12-20 12:41:46 - [TEST_STEP][PASSED] - resText = "Pass": null

2023-12-20 12:41:46 - [TEST_STEP][PASSED] - pages.WriteExcel.demoKey(resText, datText, resColumn, datCloumn, fileLoc, nameSheet, row): pages.WriteExcel.demoKey is PASSED

2023-12-20 12:41:46 - [MESSAGE][PASSED] - pages.WriteExcel.demoKey is PASSED

2023-12-20 12:41:46 - [TEST_STEP][PASSED] - ExecuteTC = findTestData(dataFile).getValue("Execute", row): null

2023-12-20 12:41:46 - [TEST_STEP][PASSED] - Taxtype = findTestData(dataFile).getValue("TaxType", row): null

2023-12-20 12:41:46 - [TEST_STEP][PASSED] - Paymenttype = findTestData(dataFile).getValue("PaymentType", row): null

2023-12-20 12:41:46 - [TEST_STEP][PASSED] - out.println("Value of Execute is : " + ExecuteTC): null

2023-12-20 12:41:46 - [TEST_STEP][PASSED] - if (ExecuteTC.equalsIgnoreCase("Y")): null

2023-12-20 12:41:46 - [TEST_STEP][PASSED] - out.println("Begin Record Number: " + row): null

2023-12-20 12:41:46 - [TEST_STEP][PASSED] - today = new java.util.Date(): null

2023-12-20 12:41:46 - [TEST_STEP][PASSED] - println(today): null

2023-12-20 12:41:46 - [TEST_STEP][PASSED] - datText = today: null

2023-12-20 12:41:46 - [TEST_STEP][PASSED] - Taxtype = findTestData(dataFile).getValue("TaxType", row): null

2023-12-20 12:41:46 - [TEST_STEP][PASSED] - out.println("Taxtype value is : " + Taxtype): null

2023-12-20 12:41:46 - [TEST_STEP][PASSED] - openBrowser(""): Browser is opened with url: ''

2023-12-20 12:41:46 - [MESSAGE][WARNING] - A browser is already opened. Closing browser and opening a new one

2023-12-20 12:41:47 - [MESSAGE][INFO] - Starting 'Chrome' driver

2023-12-20 12:41:47 - [MESSAGE][INFO] - User set preference: ['acceptInsecureCerts', 'true']

2023-12-20 12:41:47 - [MESSAGE][INFO] - Action delay is set to 0 milliseconds

2023-12-20 12:41:49 - [MESSAGE][PASSED] - Browser is opened with url: ''

2023-12-20 12:41:49 - [TEST_STEP][PASSED] - maximizeWindow(): Current window maximized

2023-12-20 12:41:49 - [MESSAGE][PASSED] - Current window maximized

2023-12-20 12:41:49 - [TEST_STEP][PASSED] - navigateToUrl(RADurl): Navigate to 'https://qa2.velocitypayment.com/client/rad/index.html' successfully

2023-12-20 12:41:51 - [MESSAGE][PASSED] - Navigate to 'https://qa2.velocitypayment.com/client/rad/index.html' successfully

2023-12-20 12:41:51 - [TEST_STEP][PASSED] - orPath_Landing = "Object Repository/RAD_Pages/Landing_Page": null

2023-12-20 12:41:51 - [TEST_STEP][PASSED] - orPath_TaxTypeFilingYear = "Object Repository/RAD_Pages/TaxTypeFilingYear_Page": null

2023-12-20 12:41:51 - [TEST_STEP][PASSED] - orPath_TaxPayer = "Object Repository/RAD_Pages/Taxpayer_Page": null

2023-12-20 12:41:51 - [TEST_STEP][PASSED] - orPath_AddressContact = "Object Repository/RAD_Pages/AddressAndContactInfo_Page": null

2023-12-20 12:41:51 - [TEST_STEP][PASSED] - orPath_FilingStatus = "Object Repository/RAD_Pages/FilingStatus_Page": null

2023-12-20 12:41:51 - [TEST_STEP][PASSED] - orPath_Amount = "Object Repository/RAD_Pages/PaymentAmount_Page": null

2023-12-20 12:41:51 - [TEST_STEP][PASSED] - orPath_TaxInfo = "Object Repository/RAD_Pages/TaxInfo_Page": null

2023-12-20 12:41:51 - [TEST_STEP][PASSED] - orPath_Withholding = "Object Repository/RAD_Pages/Withholding_Page": null

2023-12-20 12:41:51 - [TEST_STEP][PASSED] - orPath_Summary = "Object Repository/RAD_Pages/Summary_Page": null

2023-12-20 12:41:51 - [TEST_STEP][PASSED] - orPath_PaymentReady = "Object Repository/RAD_Pages/PaymentReady_Page": null

2023-12-20 12:41:51 - [TEST_STEP][PASSED] - orPath_PaymentEntry = "Object Repository/RAD_Pages/PaymentEntry_Page": null

2023-12-20 12:41:51 - [TEST_STEP][PASSED] - orPath_PaymentConfirmation = "Object Repository/RAD_Pages/PaymentConfirmation_Page": null

2023-12-20 12:41:51 - [TEST_STEP][PASSED] - orPath_ServiceFeesAccept = "Object Repository/RAD_Pages/ServiceFeeAccept_Page": null

2023-12-20 12:41:51 - [TEST_STEP][PASSED] - selectOptionByLabel(findTestObject(orPath_Landing + "/dd_TaxType"), Paymenttype, false): All options with label 'Existing Liability w/Notice Number' are selected in object 'Object Repository/RAD_Pages/Landing_Page/dd_TaxType' 

2023-12-20 12:41:51 - [MESSAGE][PASSED] - All options with label 'Existing Liability w/Notice Number' are selected in object 'Object Repository/RAD_Pages/Landing_Page/dd_TaxType' 

2023-12-20 12:41:51 - [TEST_STEP][PASSED] - delay(1): Delayed 1 second(s)

2023-12-20 12:41:52 - [MESSAGE][PASSED] - Delayed 1 second(s)

2023-12-20 12:41:52 - [TEST_STEP][PASSED] - switch (Paymenttype): null

2023-12-20 12:41:52 - [TEST_STEP][PASSED] - case "Existing Liability w/Notice Number":: null

2023-12-20 12:41:52 - [TEST_STEP][PASSED] - selectOptionByLabel(findTestObject(orPath_TaxTypeFilingYear + "/select_TaxType_ExistingLiability"), Taxtype, false): All options with label 'Fiduciary Tax' are selected in object 'Object Repository/RAD_Pages/TaxTypeFilingYear_Page/select_TaxType_ExistingLiability' 

2023-12-20 12:41:53 - [MESSAGE][PASSED] - All options with label 'Fiduciary Tax' are selected in object 'Object Repository/RAD_Pages/TaxTypeFilingYear_Page/select_TaxType_ExistingLiability' 

2023-12-20 12:41:53 - [TEST_STEP][PASSED] - break: null

2023-12-20 12:41:53 - [TEST_STEP][PASSED] - delay(1): Delayed 1 second(s)

2023-12-20 12:41:54 - [MESSAGE][PASSED] - Delayed 1 second(s)

2023-12-20 12:41:54 - [TEST_STEP][PASSED] - switch (Paymenttype): null

2023-12-20 12:41:54 - [TEST_STEP][PASSED] - case "Existing Liability w/Notice Number":: null

2023-12-20 12:41:54 - [TEST_STEP][PASSED] - setEncryptedText(findTestObject("Object Repository/RAD_RecordAndPlay/input_Existing_FEIN"), "RigbBhfdqOBDK95asqKeHw=="): Text ****** has been set on object 'Object Repository/RAD_RecordAndPlay/input_Existing_FEIN'

2023-12-20 12:41:54 - [MESSAGE][PASSED] - Text ****** has been set on object 'Object Repository/RAD_RecordAndPlay/input_Existing_FEIN'

2023-12-20 12:41:54 - [TEST_STEP][PASSED] - setEncryptedText(findTestObject("Object Repository/RAD_RecordAndPlay/input_Existing_RetypeFEIN"), ""): Text ****** has been set on object 'Object Repository/RAD_RecordAndPlay/input_Existing_RetypeFEIN'

2023-12-20 12:41:55 - [MESSAGE][PASSED] - Text ****** has been set on object 'Object Repository/RAD_RecordAndPlay/input_Existing_RetypeFEIN'

2023-12-20 12:41:55 - [TEST_STEP][PASSED] - break: null

2023-12-20 12:41:55 - [TEST_STEP][PASSED] - verifyTextPresent("Please enter a valid FEIN with 9 digits.", true): Text 'Please enter a valid FEIN with 9 digits.' is present on page  using regular expression

2023-12-20 12:41:56 - [MESSAGE][PASSED] - Text 'Please enter a valid FEIN with 9 digits.' is present on page  using regular expression

2023-12-20 12:41:56 - [TEST_STEP][PASSED] - if (verifyTextPresent("Please enter a valid FEIN with 9 digits.", true)): null

2023-12-20 12:41:56 - [MESSAGE][PASSED] - Text 'Please enter a valid FEIN with 9 digits.' is present on page  using regular expression

2023-12-20 12:41:56 - [TEST_STEP][PASSED] - println("Error Message is present on the page"): null

2023-12-20 12:41:56 - [TEST_STEP][PASSED] - out.println("Pass Record Number: " + row): null

2023-12-20 12:41:56 - [TEST_STEP][PASSED] - resText = "Pass": null

2023-12-20 12:41:56 - [TEST_STEP][PASSED] - pages.WriteExcel.demoKey(resText, datText, resColumn, datCloumn, fileLoc, nameSheet, row): pages.WriteExcel.demoKey is PASSED

2023-12-20 12:41:56 - [MESSAGE][PASSED] - pages.WriteExcel.demoKey is PASSED

2023-12-20 12:41:56 - [TEST_STEP][PASSED] - ExecuteTC = findTestData(dataFile).getValue("Execute", row): null

2023-12-20 12:41:56 - [TEST_STEP][PASSED] - Taxtype = findTestData(dataFile).getValue("TaxType", row): null

2023-12-20 12:41:56 - [TEST_STEP][PASSED] - Paymenttype = findTestData(dataFile).getValue("PaymentType", row): null

2023-12-20 12:41:56 - [TEST_STEP][PASSED] - out.println("Value of Execute is : " + ExecuteTC): null

2023-12-20 12:41:56 - [TEST_STEP][PASSED] - if (ExecuteTC.equalsIgnoreCase("Y")): null

2023-12-20 12:41:56 - [TEST_STEP][PASSED] - out.println("Begin Record Number: " + row): null

2023-12-20 12:41:56 - [TEST_STEP][PASSED] - today = new java.util.Date(): null

2023-12-20 12:41:56 - [TEST_STEP][PASSED] - println(today): null

2023-12-20 12:41:56 - [TEST_STEP][PASSED] - datText = today: null

2023-12-20 12:41:56 - [TEST_STEP][PASSED] - Taxtype = findTestData(dataFile).getValue("TaxType", row): null

2023-12-20 12:41:56 - [TEST_STEP][PASSED] - out.println("Taxtype value is : " + Taxtype): null

2023-12-20 12:41:56 - [TEST_STEP][PASSED] - openBrowser(""): Browser is opened with url: ''

2023-12-20 12:41:56 - [MESSAGE][WARNING] - A browser is already opened. Closing browser and opening a new one

2023-12-20 12:41:57 - [MESSAGE][INFO] - Starting 'Chrome' driver

2023-12-20 12:41:57 - [MESSAGE][INFO] - User set preference: ['acceptInsecureCerts', 'true']

2023-12-20 12:41:57 - [MESSAGE][INFO] - Action delay is set to 0 milliseconds

2023-12-20 12:41:59 - [MESSAGE][PASSED] - Browser is opened with url: ''

2023-12-20 12:41:59 - [TEST_STEP][PASSED] - maximizeWindow(): Current window maximized

2023-12-20 12:41:59 - [MESSAGE][PASSED] - Current window maximized

2023-12-20 12:41:59 - [TEST_STEP][PASSED] - navigateToUrl(RADurl): Navigate to 'https://qa2.velocitypayment.com/client/rad/index.html' successfully

2023-12-20 12:42:01 - [MESSAGE][PASSED] - Navigate to 'https://qa2.velocitypayment.com/client/rad/index.html' successfully

2023-12-20 12:42:01 - [TEST_STEP][PASSED] - orPath_Landing = "Object Repository/RAD_Pages/Landing_Page": null

2023-12-20 12:42:01 - [TEST_STEP][PASSED] - orPath_TaxTypeFilingYear = "Object Repository/RAD_Pages/TaxTypeFilingYear_Page": null

2023-12-20 12:42:01 - [TEST_STEP][PASSED] - orPath_TaxPayer = "Object Repository/RAD_Pages/Taxpayer_Page": null

2023-12-20 12:42:01 - [TEST_STEP][PASSED] - orPath_AddressContact = "Object Repository/RAD_Pages/AddressAndContactInfo_Page": null

2023-12-20 12:42:01 - [TEST_STEP][PASSED] - orPath_FilingStatus = "Object Repository/RAD_Pages/FilingStatus_Page": null

2023-12-20 12:42:01 - [TEST_STEP][PASSED] - orPath_Amount = "Object Repository/RAD_Pages/PaymentAmount_Page": null

2023-12-20 12:42:01 - [TEST_STEP][PASSED] - orPath_TaxInfo = "Object Repository/RAD_Pages/TaxInfo_Page": null

2023-12-20 12:42:01 - [TEST_STEP][PASSED] - orPath_Withholding = "Object Repository/RAD_Pages/Withholding_Page": null

2023-12-20 12:42:01 - [TEST_STEP][PASSED] - orPath_Summary = "Object Repository/RAD_Pages/Summary_Page": null

2023-12-20 12:42:01 - [TEST_STEP][PASSED] - orPath_PaymentReady = "Object Repository/RAD_Pages/PaymentReady_Page": null

2023-12-20 12:42:01 - [TEST_STEP][PASSED] - orPath_PaymentEntry = "Object Repository/RAD_Pages/PaymentEntry_Page": null

2023-12-20 12:42:01 - [TEST_STEP][PASSED] - orPath_PaymentConfirmation = "Object Repository/RAD_Pages/PaymentConfirmation_Page": null

2023-12-20 12:42:01 - [TEST_STEP][PASSED] - orPath_ServiceFeesAccept = "Object Repository/RAD_Pages/ServiceFeeAccept_Page": null

2023-12-20 12:42:01 - [TEST_STEP][PASSED] - selectOptionByLabel(findTestObject(orPath_Landing + "/dd_TaxType"), Paymenttype, false): All options with label 'Existing Liability w/Notice Number' are selected in object 'Object Repository/RAD_Pages/Landing_Page/dd_TaxType' 

2023-12-20 12:42:02 - [MESSAGE][PASSED] - All options with label 'Existing Liability w/Notice Number' are selected in object 'Object Repository/RAD_Pages/Landing_Page/dd_TaxType' 

2023-12-20 12:42:02 - [TEST_STEP][PASSED] - delay(1): Delayed 1 second(s)

2023-12-20 12:42:03 - [MESSAGE][PASSED] - Delayed 1 second(s)

2023-12-20 12:42:03 - [TEST_STEP][PASSED] - switch (Paymenttype): null

2023-12-20 12:42:03 - [TEST_STEP][PASSED] - case "Existing Liability w/Notice Number":: null

2023-12-20 12:42:03 - [TEST_STEP][PASSED] - selectOptionByLabel(findTestObject(orPath_TaxTypeFilingYear + "/select_TaxType_ExistingLiability"), Taxtype, false): All options with label 'Sales & Use Tax' are selected in object 'Object Repository/RAD_Pages/TaxTypeFilingYear_Page/select_TaxType_ExistingLiability' 

2023-12-20 12:42:03 - [MESSAGE][PASSED] - All options with label 'Sales & Use Tax' are selected in object 'Object Repository/RAD_Pages/TaxTypeFilingYear_Page/select_TaxType_ExistingLiability' 

2023-12-20 12:42:03 - [TEST_STEP][PASSED] - break: null

2023-12-20 12:42:03 - [TEST_STEP][PASSED] - delay(1): Delayed 1 second(s)

2023-12-20 12:42:04 - [MESSAGE][PASSED] - Delayed 1 second(s)

2023-12-20 12:42:04 - [TEST_STEP][PASSED] - switch (Paymenttype): null

2023-12-20 12:42:04 - [TEST_STEP][PASSED] - case "Existing Liability w/Notice Number":: null

2023-12-20 12:42:04 - [TEST_STEP][PASSED] - setEncryptedText(findTestObject("Object Repository/RAD_RecordAndPlay/input_Existing_FEIN"), "RigbBhfdqOBDK95asqKeHw=="): Text ****** has been set on object 'Object Repository/RAD_RecordAndPlay/input_Existing_FEIN'

2023-12-20 12:42:05 - [MESSAGE][PASSED] - Text ****** has been set on object 'Object Repository/RAD_RecordAndPlay/input_Existing_FEIN'

2023-12-20 12:42:05 - [TEST_STEP][PASSED] - setEncryptedText(findTestObject("Object Repository/RAD_RecordAndPlay/input_Existing_RetypeFEIN"), ""): Text ****** has been set on object 'Object Repository/RAD_RecordAndPlay/input_Existing_RetypeFEIN'

2023-12-20 12:42:05 - [MESSAGE][PASSED] - Text ****** has been set on object 'Object Repository/RAD_RecordAndPlay/input_Existing_RetypeFEIN'

2023-12-20 12:42:05 - [TEST_STEP][PASSED] - break: null

2023-12-20 12:42:05 - [TEST_STEP][PASSED] - verifyTextPresent("Please enter a valid FEIN with 9 digits.", true): Text 'Please enter a valid FEIN with 9 digits.' is present on page  using regular expression

2023-12-20 12:42:06 - [MESSAGE][PASSED] - Text 'Please enter a valid FEIN with 9 digits.' is present on page  using regular expression

2023-12-20 12:42:06 - [TEST_STEP][PASSED] - if (verifyTextPresent("Please enter a valid FEIN with 9 digits.", true)): null

2023-12-20 12:42:06 - [MESSAGE][PASSED] - Text 'Please enter a valid FEIN with 9 digits.' is present on page  using regular expression

2023-12-20 12:42:06 - [TEST_STEP][PASSED] - println("Error Message is present on the page"): null

2023-12-20 12:42:06 - [TEST_STEP][PASSED] - out.println("Pass Record Number: " + row): null

2023-12-20 12:42:06 - [TEST_STEP][PASSED] - resText = "Pass": null

2023-12-20 12:42:06 - [TEST_STEP][PASSED] - pages.WriteExcel.demoKey(resText, datText, resColumn, datCloumn, fileLoc, nameSheet, row): pages.WriteExcel.demoKey is PASSED

2023-12-20 12:42:07 - [MESSAGE][PASSED] - pages.WriteExcel.demoKey is PASSED

2023-12-20 12:42:07 - [TEST_STEP][PASSED] - ExecuteTC = findTestData(dataFile).getValue("Execute", row): null

2023-12-20 12:42:07 - [TEST_STEP][PASSED] - Taxtype = findTestData(dataFile).getValue("TaxType", row): null

2023-12-20 12:42:07 - [TEST_STEP][PASSED] - Paymenttype = findTestData(dataFile).getValue("PaymentType", row): null

2023-12-20 12:42:07 - [TEST_STEP][PASSED] - out.println("Value of Execute is : " + ExecuteTC): null

2023-12-20 12:42:07 - [TEST_STEP][PASSED] - if (ExecuteTC.equalsIgnoreCase("Y")): null

2023-12-20 12:42:07 - [TEST_STEP][PASSED] - out.println("Begin Record Number: " + row): null

2023-12-20 12:42:07 - [TEST_STEP][PASSED] - today = new java.util.Date(): null

2023-12-20 12:42:07 - [TEST_STEP][PASSED] - println(today): null

2023-12-20 12:42:07 - [TEST_STEP][PASSED] - datText = today: null

2023-12-20 12:42:07 - [TEST_STEP][PASSED] - Taxtype = findTestData(dataFile).getValue("TaxType", row): null

2023-12-20 12:42:07 - [TEST_STEP][PASSED] - out.println("Taxtype value is : " + Taxtype): null

2023-12-20 12:42:07 - [TEST_STEP][PASSED] - openBrowser(""): Browser is opened with url: ''

2023-12-20 12:42:07 - [MESSAGE][WARNING] - A browser is already opened. Closing browser and opening a new one

2023-12-20 12:42:08 - [MESSAGE][INFO] - Starting 'Chrome' driver

2023-12-20 12:42:08 - [MESSAGE][INFO] - User set preference: ['acceptInsecureCerts', 'true']

2023-12-20 12:42:08 - [MESSAGE][INFO] - Action delay is set to 0 milliseconds

2023-12-20 12:42:10 - [MESSAGE][PASSED] - Browser is opened with url: ''

2023-12-20 12:42:10 - [TEST_STEP][PASSED] - maximizeWindow(): Current window maximized

2023-12-20 12:42:10 - [MESSAGE][PASSED] - Current window maximized

2023-12-20 12:42:10 - [TEST_STEP][PASSED] - navigateToUrl(RADurl): Navigate to 'https://qa2.velocitypayment.com/client/rad/index.html' successfully

2023-12-20 12:42:11 - [MESSAGE][PASSED] - Navigate to 'https://qa2.velocitypayment.com/client/rad/index.html' successfully

2023-12-20 12:42:11 - [TEST_STEP][PASSED] - orPath_Landing = "Object Repository/RAD_Pages/Landing_Page": null

2023-12-20 12:42:11 - [TEST_STEP][PASSED] - orPath_TaxTypeFilingYear = "Object Repository/RAD_Pages/TaxTypeFilingYear_Page": null

2023-12-20 12:42:11 - [TEST_STEP][PASSED] - orPath_TaxPayer = "Object Repository/RAD_Pages/Taxpayer_Page": null

2023-12-20 12:42:11 - [TEST_STEP][PASSED] - orPath_AddressContact = "Object Repository/RAD_Pages/AddressAndContactInfo_Page": null

2023-12-20 12:42:11 - [TEST_STEP][PASSED] - orPath_FilingStatus = "Object Repository/RAD_Pages/FilingStatus_Page": null

2023-12-20 12:42:11 - [TEST_STEP][PASSED] - orPath_Amount = "Object Repository/RAD_Pages/PaymentAmount_Page": null

2023-12-20 12:42:11 - [TEST_STEP][PASSED] - orPath_TaxInfo = "Object Repository/RAD_Pages/TaxInfo_Page": null

2023-12-20 12:42:11 - [TEST_STEP][PASSED] - orPath_Withholding = "Object Repository/RAD_Pages/Withholding_Page": null

2023-12-20 12:42:11 - [TEST_STEP][PASSED] - orPath_Summary = "Object Repository/RAD_Pages/Summary_Page": null

2023-12-20 12:42:11 - [TEST_STEP][PASSED] - orPath_PaymentReady = "Object Repository/RAD_Pages/PaymentReady_Page": null

2023-12-20 12:42:11 - [TEST_STEP][PASSED] - orPath_PaymentEntry = "Object Repository/RAD_Pages/PaymentEntry_Page": null

2023-12-20 12:42:11 - [TEST_STEP][PASSED] - orPath_PaymentConfirmation = "Object Repository/RAD_Pages/PaymentConfirmation_Page": null

2023-12-20 12:42:11 - [TEST_STEP][PASSED] - orPath_ServiceFeesAccept = "Object Repository/RAD_Pages/ServiceFeeAccept_Page": null

2023-12-20 12:42:11 - [TEST_STEP][PASSED] - selectOptionByLabel(findTestObject(orPath_Landing + "/dd_TaxType"), Paymenttype, false): All options with label 'Existing Liability w/Notice Number' are selected in object 'Object Repository/RAD_Pages/Landing_Page/dd_TaxType' 

2023-12-20 12:42:12 - [MESSAGE][PASSED] - All options with label 'Existing Liability w/Notice Number' are selected in object 'Object Repository/RAD_Pages/Landing_Page/dd_TaxType' 

2023-12-20 12:42:12 - [TEST_STEP][PASSED] - delay(1): Delayed 1 second(s)

2023-12-20 12:42:13 - [MESSAGE][PASSED] - Delayed 1 second(s)

2023-12-20 12:42:13 - [TEST_STEP][PASSED] - switch (Paymenttype): null

2023-12-20 12:42:13 - [TEST_STEP][PASSED] - case "Existing Liability w/Notice Number":: null

2023-12-20 12:42:13 - [TEST_STEP][PASSED] - selectOptionByLabel(findTestObject(orPath_TaxTypeFilingYear + "/select_TaxType_ExistingLiability"), Taxtype, false): All options with label 'Tire Recycling Fee' are selected in object 'Object Repository/RAD_Pages/TaxTypeFilingYear_Page/select_TaxType_ExistingLiability' 

2023-12-20 12:42:14 - [MESSAGE][PASSED] - All options with label 'Tire Recycling Fee' are selected in object 'Object Repository/RAD_Pages/TaxTypeFilingYear_Page/select_TaxType_ExistingLiability' 

2023-12-20 12:42:14 - [TEST_STEP][PASSED] - break: null

2023-12-20 12:42:14 - [TEST_STEP][PASSED] - delay(1): Delayed 1 second(s)

2023-12-20 12:42:15 - [MESSAGE][PASSED] - Delayed 1 second(s)

2023-12-20 12:42:15 - [TEST_STEP][PASSED] - switch (Paymenttype): null

2023-12-20 12:42:15 - [TEST_STEP][PASSED] - case "Existing Liability w/Notice Number":: null

2023-12-20 12:42:15 - [TEST_STEP][PASSED] - setEncryptedText(findTestObject("Object Repository/RAD_RecordAndPlay/input_Existing_FEIN"), "RigbBhfdqOBDK95asqKeHw=="): Text ****** has been set on object 'Object Repository/RAD_RecordAndPlay/input_Existing_FEIN'

2023-12-20 12:42:15 - [MESSAGE][PASSED] - Text ****** has been set on object 'Object Repository/RAD_RecordAndPlay/input_Existing_FEIN'

2023-12-20 12:42:15 - [TEST_STEP][PASSED] - setEncryptedText(findTestObject("Object Repository/RAD_RecordAndPlay/input_Existing_RetypeFEIN"), ""): Text ****** has been set on object 'Object Repository/RAD_RecordAndPlay/input_Existing_RetypeFEIN'

2023-12-20 12:42:16 - [MESSAGE][PASSED] - Text ****** has been set on object 'Object Repository/RAD_RecordAndPlay/input_Existing_RetypeFEIN'

2023-12-20 12:42:16 - [TEST_STEP][PASSED] - break: null

2023-12-20 12:42:16 - [TEST_STEP][PASSED] - verifyTextPresent("Please enter a valid FEIN with 9 digits.", true): Text 'Please enter a valid FEIN with 9 digits.' is present on page  using regular expression

2023-12-20 12:42:16 - [MESSAGE][PASSED] - Text 'Please enter a valid FEIN with 9 digits.' is present on page  using regular expression

2023-12-20 12:42:16 - [TEST_STEP][PASSED] - if (verifyTextPresent("Please enter a valid FEIN with 9 digits.", true)): null

2023-12-20 12:42:17 - [MESSAGE][PASSED] - Text 'Please enter a valid FEIN with 9 digits.' is present on page  using regular expression

2023-12-20 12:42:17 - [TEST_STEP][PASSED] - println("Error Message is present on the page"): null

2023-12-20 12:42:17 - [TEST_STEP][PASSED] - out.println("Pass Record Number: " + row): null

2023-12-20 12:42:17 - [TEST_STEP][PASSED] - resText = "Pass": null

2023-12-20 12:42:17 - [TEST_STEP][PASSED] - pages.WriteExcel.demoKey(resText, datText, resColumn, datCloumn, fileLoc, nameSheet, row): pages.WriteExcel.demoKey is PASSED

2023-12-20 12:42:17 - [MESSAGE][PASSED] - pages.WriteExcel.demoKey is PASSED

2023-12-20 12:42:17 - [TEST_STEP][PASSED] - ExecuteTC = findTestData(dataFile).getValue("Execute", row): null

2023-12-20 12:42:17 - [TEST_STEP][PASSED] - Taxtype = findTestData(dataFile).getValue("TaxType", row): null

2023-12-20 12:42:17 - [TEST_STEP][PASSED] - Paymenttype = findTestData(dataFile).getValue("PaymentType", row): null

2023-12-20 12:42:17 - [TEST_STEP][PASSED] - out.println("Value of Execute is : " + ExecuteTC): null

2023-12-20 12:42:17 - [TEST_STEP][PASSED] - if (ExecuteTC.equalsIgnoreCase("Y")): null

2023-12-20 12:42:17 - [TEST_STEP][PASSED] - out.println("Begin Record Number: " + row): null

2023-12-20 12:42:17 - [TEST_STEP][PASSED] - today = new java.util.Date(): null

2023-12-20 12:42:17 - [TEST_STEP][PASSED] - println(today): null

2023-12-20 12:42:17 - [TEST_STEP][PASSED] - datText = today: null

2023-12-20 12:42:17 - [TEST_STEP][PASSED] - Taxtype = findTestData(dataFile).getValue("TaxType", row): null

2023-12-20 12:42:17 - [TEST_STEP][PASSED] - out.println("Taxtype value is : " + Taxtype): null

2023-12-20 12:42:17 - [TEST_STEP][PASSED] - openBrowser(""): Browser is opened with url: ''

2023-12-20 12:42:17 - [MESSAGE][WARNING] - A browser is already opened. Closing browser and opening a new one

2023-12-20 12:42:18 - [MESSAGE][INFO] - Starting 'Chrome' driver

2023-12-20 12:42:18 - [MESSAGE][INFO] - User set preference: ['acceptInsecureCerts', 'true']

2023-12-20 12:42:18 - [MESSAGE][INFO] - Action delay is set to 0 milliseconds

2023-12-20 12:42:20 - [MESSAGE][PASSED] - Browser is opened with url: ''

2023-12-20 12:42:20 - [TEST_STEP][PASSED] - maximizeWindow(): Current window maximized

2023-12-20 12:42:20 - [MESSAGE][PASSED] - Current window maximized

2023-12-20 12:42:20 - [TEST_STEP][PASSED] - navigateToUrl(RADurl): Navigate to 'https://qa2.velocitypayment.com/client/rad/index.html' successfully

2023-12-20 12:42:21 - [MESSAGE][PASSED] - Navigate to 'https://qa2.velocitypayment.com/client/rad/index.html' successfully

2023-12-20 12:42:21 - [TEST_STEP][PASSED] - orPath_Landing = "Object Repository/RAD_Pages/Landing_Page": null

2023-12-20 12:42:21 - [TEST_STEP][PASSED] - orPath_TaxTypeFilingYear = "Object Repository/RAD_Pages/TaxTypeFilingYear_Page": null

2023-12-20 12:42:21 - [TEST_STEP][PASSED] - orPath_TaxPayer = "Object Repository/RAD_Pages/Taxpayer_Page": null

2023-12-20 12:42:21 - [TEST_STEP][PASSED] - orPath_AddressContact = "Object Repository/RAD_Pages/AddressAndContactInfo_Page": null

2023-12-20 12:42:21 - [TEST_STEP][PASSED] - orPath_FilingStatus = "Object Repository/RAD_Pages/FilingStatus_Page": null

2023-12-20 12:42:21 - [TEST_STEP][PASSED] - orPath_Amount = "Object Repository/RAD_Pages/PaymentAmount_Page": null

2023-12-20 12:42:21 - [TEST_STEP][PASSED] - orPath_TaxInfo = "Object Repository/RAD_Pages/TaxInfo_Page": null

2023-12-20 12:42:21 - [TEST_STEP][PASSED] - orPath_Withholding = "Object Repository/RAD_Pages/Withholding_Page": null

2023-12-20 12:42:21 - [TEST_STEP][PASSED] - orPath_Summary = "Object Repository/RAD_Pages/Summary_Page": null

2023-12-20 12:42:21 - [TEST_STEP][PASSED] - orPath_PaymentReady = "Object Repository/RAD_Pages/PaymentReady_Page": null

2023-12-20 12:42:21 - [TEST_STEP][PASSED] - orPath_PaymentEntry = "Object Repository/RAD_Pages/PaymentEntry_Page": null

2023-12-20 12:42:21 - [TEST_STEP][PASSED] - orPath_PaymentConfirmation = "Object Repository/RAD_Pages/PaymentConfirmation_Page": null

2023-12-20 12:42:21 - [TEST_STEP][PASSED] - orPath_ServiceFeesAccept = "Object Repository/RAD_Pages/ServiceFeeAccept_Page": null

2023-12-20 12:42:21 - [TEST_STEP][PASSED] - selectOptionByLabel(findTestObject(orPath_Landing + "/dd_TaxType"), Paymenttype, false): All options with label 'Existing Liability w/Notice Number' are selected in object 'Object Repository/RAD_Pages/Landing_Page/dd_TaxType' 

2023-12-20 12:42:22 - [MESSAGE][PASSED] - All options with label 'Existing Liability w/Notice Number' are selected in object 'Object Repository/RAD_Pages/Landing_Page/dd_TaxType' 

2023-12-20 12:42:22 - [TEST_STEP][PASSED] - delay(1): Delayed 1 second(s)

2023-12-20 12:42:23 - [MESSAGE][PASSED] - Delayed 1 second(s)

2023-12-20 12:42:23 - [TEST_STEP][PASSED] - switch (Paymenttype): null

2023-12-20 12:42:23 - [TEST_STEP][PASSED] - case "Existing Liability w/Notice Number":: null

2023-12-20 12:42:23 - [TEST_STEP][PASSED] - selectOptionByLabel(findTestObject(orPath_TaxTypeFilingYear + "/select_TaxType_ExistingLiability"), Taxtype, false): All options with label 'Withholding Tax' are selected in object 'Object Repository/RAD_Pages/TaxTypeFilingYear_Page/select_TaxType_ExistingLiability' 

2023-12-20 12:42:24 - [MESSAGE][PASSED] - All options with label 'Withholding Tax' are selected in object 'Object Repository/RAD_Pages/TaxTypeFilingYear_Page/select_TaxType_ExistingLiability' 

2023-12-20 12:42:24 - [TEST_STEP][PASSED] - break: null

2023-12-20 12:42:24 - [TEST_STEP][PASSED] - delay(1): Delayed 1 second(s)

2023-12-20 12:42:25 - [MESSAGE][PASSED] - Delayed 1 second(s)

2023-12-20 12:42:25 - [TEST_STEP][PASSED] - switch (Paymenttype): null

2023-12-20 12:42:25 - [TEST_STEP][PASSED] - case "Existing Liability w/Notice Number":: null

2023-12-20 12:42:25 - [TEST_STEP][PASSED] - setEncryptedText(findTestObject("Object Repository/RAD_RecordAndPlay/input_Existing_FEIN"), "RigbBhfdqOBDK95asqKeHw=="): Text ****** has been set on object 'Object Repository/RAD_RecordAndPlay/input_Existing_FEIN'

2023-12-20 12:42:25 - [MESSAGE][PASSED] - Text ****** has been set on object 'Object Repository/RAD_RecordAndPlay/input_Existing_FEIN'

2023-12-20 12:42:25 - [TEST_STEP][PASSED] - setEncryptedText(findTestObject("Object Repository/RAD_RecordAndPlay/input_Existing_RetypeFEIN"), ""): Text ****** has been set on object 'Object Repository/RAD_RecordAndPlay/input_Existing_RetypeFEIN'

2023-12-20 12:42:26 - [MESSAGE][PASSED] - Text ****** has been set on object 'Object Repository/RAD_RecordAndPlay/input_Existing_RetypeFEIN'

2023-12-20 12:42:26 - [TEST_STEP][PASSED] - break: null

2023-12-20 12:42:26 - [TEST_STEP][PASSED] - verifyTextPresent("Please enter a valid FEIN with 9 digits.", true): Text 'Please enter a valid FEIN with 9 digits.' is present on page  using regular expression

2023-12-20 12:42:26 - [MESSAGE][PASSED] - Text 'Please enter a valid FEIN with 9 digits.' is present on page  using regular expression

2023-12-20 12:42:26 - [TEST_STEP][PASSED] - if (verifyTextPresent("Please enter a valid FEIN with 9 digits.", true)): null

2023-12-20 12:42:27 - [MESSAGE][PASSED] - Text 'Please enter a valid FEIN with 9 digits.' is present on page  using regular expression

2023-12-20 12:42:27 - [TEST_STEP][PASSED] - println("Error Message is present on the page"): null

2023-12-20 12:42:27 - [TEST_STEP][PASSED] - out.println("Pass Record Number: " + row): null

2023-12-20 12:42:27 - [TEST_STEP][PASSED] - resText = "Pass": null

2023-12-20 12:42:27 - [TEST_STEP][PASSED] - pages.WriteExcel.demoKey(resText, datText, resColumn, datCloumn, fileLoc, nameSheet, row): pages.WriteExcel.demoKey is PASSED

2023-12-20 12:42:27 - [MESSAGE][PASSED] - pages.WriteExcel.demoKey is PASSED

2023-12-20 12:42:27 - [TEST_STEP][PASSED] - ExecuteTC = findTestData(dataFile).getValue("Execute", row): null

2023-12-20 12:42:27 - [TEST_STEP][PASSED] - Taxtype = findTestData(dataFile).getValue("TaxType", row): null

2023-12-20 12:42:27 - [TEST_STEP][PASSED] - Paymenttype = findTestData(dataFile).getValue("PaymentType", row): null

2023-12-20 12:42:27 - [TEST_STEP][PASSED] - out.println("Value of Execute is : " + ExecuteTC): null

2023-12-20 12:42:27 - [TEST_STEP][PASSED] - if (ExecuteTC.equalsIgnoreCase("Y")): null

2023-12-20 12:42:27 - [TEST_STEP][PASSED] - out.println("Begin Record Number: " + row): null

2023-12-20 12:42:27 - [TEST_STEP][PASSED] - today = new java.util.Date(): null

2023-12-20 12:42:27 - [TEST_STEP][PASSED] - println(today): null

2023-12-20 12:42:27 - [TEST_STEP][PASSED] - datText = today: null

2023-12-20 12:42:27 - [TEST_STEP][PASSED] - Taxtype = findTestData(dataFile).getValue("TaxType", row): null

2023-12-20 12:42:27 - [TEST_STEP][PASSED] - out.println("Taxtype value is : " + Taxtype): null

2023-12-20 12:42:27 - [TEST_STEP][PASSED] - openBrowser(""): Browser is opened with url: ''

2023-12-20 12:42:27 - [MESSAGE][WARNING] - A browser is already opened. Closing browser and opening a new one

2023-12-20 12:42:28 - [MESSAGE][INFO] - Starting 'Chrome' driver

2023-12-20 12:42:28 - [MESSAGE][INFO] - User set preference: ['acceptInsecureCerts', 'true']

2023-12-20 12:42:28 - [MESSAGE][INFO] - Action delay is set to 0 milliseconds

2023-12-20 12:42:30 - [MESSAGE][PASSED] - Browser is opened with url: ''

2023-12-20 12:42:30 - [TEST_STEP][PASSED] - maximizeWindow(): Current window maximized

2023-12-20 12:42:30 - [MESSAGE][PASSED] - Current window maximized

2023-12-20 12:42:30 - [TEST_STEP][PASSED] - navigateToUrl(RADurl): Navigate to 'https://qa2.velocitypayment.com/client/rad/index.html' successfully

2023-12-20 12:42:30 - [MESSAGE][PASSED] - Navigate to 'https://qa2.velocitypayment.com/client/rad/index.html' successfully

2023-12-20 12:42:30 - [TEST_STEP][PASSED] - orPath_Landing = "Object Repository/RAD_Pages/Landing_Page": null

2023-12-20 12:42:30 - [TEST_STEP][PASSED] - orPath_TaxTypeFilingYear = "Object Repository/RAD_Pages/TaxTypeFilingYear_Page": null

2023-12-20 12:42:30 - [TEST_STEP][PASSED] - orPath_TaxPayer = "Object Repository/RAD_Pages/Taxpayer_Page": null

2023-12-20 12:42:30 - [TEST_STEP][PASSED] - orPath_AddressContact = "Object Repository/RAD_Pages/AddressAndContactInfo_Page": null

2023-12-20 12:42:30 - [TEST_STEP][PASSED] - orPath_FilingStatus = "Object Repository/RAD_Pages/FilingStatus_Page": null

2023-12-20 12:42:30 - [TEST_STEP][PASSED] - orPath_Amount = "Object Repository/RAD_Pages/PaymentAmount_Page": null

2023-12-20 12:42:30 - [TEST_STEP][PASSED] - orPath_TaxInfo = "Object Repository/RAD_Pages/TaxInfo_Page": null

2023-12-20 12:42:30 - [TEST_STEP][PASSED] - orPath_Withholding = "Object Repository/RAD_Pages/Withholding_Page": null

2023-12-20 12:42:30 - [TEST_STEP][PASSED] - orPath_Summary = "Object Repository/RAD_Pages/Summary_Page": null

2023-12-20 12:42:30 - [TEST_STEP][PASSED] - orPath_PaymentReady = "Object Repository/RAD_Pages/PaymentReady_Page": null

2023-12-20 12:42:30 - [TEST_STEP][PASSED] - orPath_PaymentEntry = "Object Repository/RAD_Pages/PaymentEntry_Page": null

2023-12-20 12:42:30 - [TEST_STEP][PASSED] - orPath_PaymentConfirmation = "Object Repository/RAD_Pages/PaymentConfirmation_Page": null

2023-12-20 12:42:30 - [TEST_STEP][PASSED] - orPath_ServiceFeesAccept = "Object Repository/RAD_Pages/ServiceFeeAccept_Page": null

2023-12-20 12:42:30 - [TEST_STEP][PASSED] - selectOptionByLabel(findTestObject(orPath_Landing + "/dd_TaxType"), Paymenttype, false): All options with label 'Existing Liability w/Notice Number' are selected in object 'Object Repository/RAD_Pages/Landing_Page/dd_TaxType' 

2023-12-20 12:42:32 - [MESSAGE][PASSED] - All options with label 'Existing Liability w/Notice Number' are selected in object 'Object Repository/RAD_Pages/Landing_Page/dd_TaxType' 

2023-12-20 12:42:32 - [TEST_STEP][PASSED] - delay(1): Delayed 1 second(s)

2023-12-20 12:42:33 - [MESSAGE][PASSED] - Delayed 1 second(s)

2023-12-20 12:42:33 - [TEST_STEP][PASSED] - switch (Paymenttype): null

2023-12-20 12:42:33 - [TEST_STEP][PASSED] - case "Existing Liability w/Notice Number":: null

2023-12-20 12:42:33 - [TEST_STEP][PASSED] - selectOptionByLabel(findTestObject(orPath_TaxTypeFilingYear + "/select_TaxType_ExistingLiability"), Taxtype, false): All options with label 'Alcohol Tax' are selected in object 'Object Repository/RAD_Pages/TaxTypeFilingYear_Page/select_TaxType_ExistingLiability' 

2023-12-20 12:42:34 - [MESSAGE][PASSED] - All options with label 'Alcohol Tax' are selected in object 'Object Repository/RAD_Pages/TaxTypeFilingYear_Page/select_TaxType_ExistingLiability' 

2023-12-20 12:42:34 - [TEST_STEP][PASSED] - break: null

2023-12-20 12:42:34 - [TEST_STEP][PASSED] - delay(1): Delayed 1 second(s)

2023-12-20 12:42:35 - [MESSAGE][PASSED] - Delayed 1 second(s)

2023-12-20 12:42:35 - [TEST_STEP][PASSED] - switch (Paymenttype): null

2023-12-20 12:42:35 - [TEST_STEP][PASSED] - case "Existing Liability w/Notice Number":: null

2023-12-20 12:42:35 - [TEST_STEP][PASSED] - setEncryptedText(findTestObject("Object Repository/RAD_RecordAndPlay/input_Existing_FEIN"), "RigbBhfdqOBDK95asqKeHw=="): Text ****** has been set on object 'Object Repository/RAD_RecordAndPlay/input_Existing_FEIN'

2023-12-20 12:42:35 - [MESSAGE][PASSED] - Text ****** has been set on object 'Object Repository/RAD_RecordAndPlay/input_Existing_FEIN'

2023-12-20 12:42:35 - [TEST_STEP][PASSED] - setEncryptedText(findTestObject("Object Repository/RAD_RecordAndPlay/input_Existing_RetypeFEIN"), ""): Text ****** has been set on object 'Object Repository/RAD_RecordAndPlay/input_Existing_RetypeFEIN'

2023-12-20 12:42:36 - [MESSAGE][PASSED] - Text ****** has been set on object 'Object Repository/RAD_RecordAndPlay/input_Existing_RetypeFEIN'

2023-12-20 12:42:36 - [TEST_STEP][PASSED] - break: null

2023-12-20 12:42:36 - [TEST_STEP][PASSED] - verifyTextPresent("Please enter a valid FEIN with 9 digits.", true): Text 'Please enter a valid FEIN with 9 digits.' is present on page  using regular expression

2023-12-20 12:42:37 - [MESSAGE][PASSED] - Text 'Please enter a valid FEIN with 9 digits.' is present on page  using regular expression

2023-12-20 12:42:37 - [TEST_STEP][PASSED] - if (verifyTextPresent("Please enter a valid FEIN with 9 digits.", true)): null

2023-12-20 12:42:37 - [MESSAGE][PASSED] - Text 'Please enter a valid FEIN with 9 digits.' is present on page  using regular expression

2023-12-20 12:42:37 - [TEST_STEP][PASSED] - println("Error Message is present on the page"): null

2023-12-20 12:42:37 - [TEST_STEP][PASSED] - out.println("Pass Record Number: " + row): null

2023-12-20 12:42:37 - [TEST_STEP][PASSED] - resText = "Pass": null

2023-12-20 12:42:37 - [TEST_STEP][PASSED] - pages.WriteExcel.demoKey(resText, datText, resColumn, datCloumn, fileLoc, nameSheet, row): pages.WriteExcel.demoKey is PASSED

2023-12-20 12:42:37 - [MESSAGE][PASSED] - pages.WriteExcel.demoKey is PASSED

2023-12-20 12:42:37 - [TEST_STEP][PASSED] - ExecuteTC = findTestData(dataFile).getValue("Execute", row): null

2023-12-20 12:42:37 - [TEST_STEP][PASSED] - Taxtype = findTestData(dataFile).getValue("TaxType", row): null

2023-12-20 12:42:37 - [TEST_STEP][PASSED] - Paymenttype = findTestData(dataFile).getValue("PaymentType", row): null

2023-12-20 12:42:37 - [TEST_STEP][PASSED] - out.println("Value of Execute is : " + ExecuteTC): null

2023-12-20 12:42:37 - [TEST_STEP][PASSED] - if (ExecuteTC.equalsIgnoreCase("Y")): null

2023-12-20 12:42:37 - [TEST_STEP][PASSED] - out.println("Begin Record Number: " + row): null

2023-12-20 12:42:37 - [TEST_STEP][PASSED] - today = new java.util.Date(): null

2023-12-20 12:42:37 - [TEST_STEP][PASSED] - println(today): null

2023-12-20 12:42:37 - [TEST_STEP][PASSED] - datText = today: null

2023-12-20 12:42:37 - [TEST_STEP][PASSED] - Taxtype = findTestData(dataFile).getValue("TaxType", row): null

2023-12-20 12:42:37 - [TEST_STEP][PASSED] - out.println("Taxtype value is : " + Taxtype): null

2023-12-20 12:42:37 - [TEST_STEP][PASSED] - openBrowser(""): Browser is opened with url: ''

2023-12-20 12:42:37 - [MESSAGE][WARNING] - A browser is already opened. Closing browser and opening a new one

2023-12-20 12:42:38 - [MESSAGE][INFO] - Starting 'Chrome' driver

2023-12-20 12:42:38 - [MESSAGE][INFO] - User set preference: ['acceptInsecureCerts', 'true']

2023-12-20 12:42:38 - [MESSAGE][INFO] - Action delay is set to 0 milliseconds

2023-12-20 12:42:40 - [MESSAGE][PASSED] - Browser is opened with url: ''

2023-12-20 12:42:40 - [TEST_STEP][PASSED] - maximizeWindow(): Current window maximized

2023-12-20 12:42:40 - [MESSAGE][PASSED] - Current window maximized

2023-12-20 12:42:40 - [TEST_STEP][PASSED] - navigateToUrl(RADurl): Navigate to 'https://qa2.velocitypayment.com/client/rad/index.html' successfully

2023-12-20 12:42:42 - [MESSAGE][PASSED] - Navigate to 'https://qa2.velocitypayment.com/client/rad/index.html' successfully

2023-12-20 12:42:42 - [TEST_STEP][PASSED] - orPath_Landing = "Object Repository/RAD_Pages/Landing_Page": null

2023-12-20 12:42:42 - [TEST_STEP][PASSED] - orPath_TaxTypeFilingYear = "Object Repository/RAD_Pages/TaxTypeFilingYear_Page": null

2023-12-20 12:42:42 - [TEST_STEP][PASSED] - orPath_TaxPayer = "Object Repository/RAD_Pages/Taxpayer_Page": null

2023-12-20 12:42:42 - [TEST_STEP][PASSED] - orPath_AddressContact = "Object Repository/RAD_Pages/AddressAndContactInfo_Page": null

2023-12-20 12:42:42 - [TEST_STEP][PASSED] - orPath_FilingStatus = "Object Repository/RAD_Pages/FilingStatus_Page": null

2023-12-20 12:42:42 - [TEST_STEP][PASSED] - orPath_Amount = "Object Repository/RAD_Pages/PaymentAmount_Page": null

2023-12-20 12:42:42 - [TEST_STEP][PASSED] - orPath_TaxInfo = "Object Repository/RAD_Pages/TaxInfo_Page": null

2023-12-20 12:42:42 - [TEST_STEP][PASSED] - orPath_Withholding = "Object Repository/RAD_Pages/Withholding_Page": null

2023-12-20 12:42:42 - [TEST_STEP][PASSED] - orPath_Summary = "Object Repository/RAD_Pages/Summary_Page": null

2023-12-20 12:42:42 - [TEST_STEP][PASSED] - orPath_PaymentReady = "Object Repository/RAD_Pages/PaymentReady_Page": null

2023-12-20 12:42:42 - [TEST_STEP][PASSED] - orPath_PaymentEntry = "Object Repository/RAD_Pages/PaymentEntry_Page": null

2023-12-20 12:42:42 - [TEST_STEP][PASSED] - orPath_PaymentConfirmation = "Object Repository/RAD_Pages/PaymentConfirmation_Page": null

2023-12-20 12:42:42 - [TEST_STEP][PASSED] - orPath_ServiceFeesAccept = "Object Repository/RAD_Pages/ServiceFeeAccept_Page": null

2023-12-20 12:42:42 - [TEST_STEP][PASSED] - selectOptionByLabel(findTestObject(orPath_Landing + "/dd_TaxType"), Paymenttype, false): All options with label 'Quarterly Estimated Tax' are selected in object 'Object Repository/RAD_Pages/Landing_Page/dd_TaxType' 

2023-12-20 12:42:42 - [MESSAGE][PASSED] - All options with label 'Quarterly Estimated Tax' are selected in object 'Object Repository/RAD_Pages/Landing_Page/dd_TaxType' 

2023-12-20 12:42:42 - [TEST_STEP][PASSED] - delay(1): Delayed 1 second(s)

2023-12-20 12:42:43 - [MESSAGE][PASSED] - Delayed 1 second(s)

2023-12-20 12:42:43 - [TEST_STEP][PASSED] - switch (Paymenttype): null

2023-12-20 12:42:43 - [TEST_STEP][PASSED] - case "Quarterly Estimated Tax":: null

2023-12-20 12:42:43 - [TEST_STEP][PASSED] - selectOptionByLabel(findTestObject(orPath_TaxTypeFilingYear + "/select_PaymentType"), Taxtype, false): All options with label 'Corporate Income Tax' are selected in object 'Object Repository/RAD_Pages/TaxTypeFilingYear_Page/select_PaymentType' 

2023-12-20 12:42:44 - [MESSAGE][PASSED] - All options with label 'Corporate Income Tax' are selected in object 'Object Repository/RAD_Pages/TaxTypeFilingYear_Page/select_PaymentType' 

2023-12-20 12:42:44 - [TEST_STEP][PASSED] - break: null

2023-12-20 12:42:44 - [TEST_STEP][PASSED] - delay(1): Delayed 1 second(s)

2023-12-20 12:42:45 - [MESSAGE][PASSED] - Delayed 1 second(s)

2023-12-20 12:42:45 - [TEST_STEP][PASSED] - switch (Paymenttype): null

2023-12-20 12:42:45 - [TEST_STEP][PASSED] - case "Quarterly Estimated Tax":: null

2023-12-20 12:42:45 - [TEST_STEP][PASSED] - setEncryptedText(findTestObject(orPath_TaxInfo + "/input_FederalEIN"), "RigbBhfdqOBDK95asqKeHw=="): Text ****** has been set on object 'Object Repository/RAD_Pages/TaxInfo_Page/input_FederalEIN'

2023-12-20 12:42:45 - [MESSAGE][PASSED] - Text ****** has been set on object 'Object Repository/RAD_Pages/TaxInfo_Page/input_FederalEIN'

2023-12-20 12:42:45 - [TEST_STEP][PASSED] - setEncryptedText(findTestObject(orPath_TaxInfo + "/input_FederalEIN_ReEnter"), ""): Text ****** has been set on object 'Object Repository/RAD_Pages/TaxInfo_Page/input_FederalEIN_ReEnter'

2023-12-20 12:42:46 - [MESSAGE][PASSED] - Text ****** has been set on object 'Object Repository/RAD_Pages/TaxInfo_Page/input_FederalEIN_ReEnter'

2023-12-20 12:42:46 - [TEST_STEP][PASSED] - break: null

2023-12-20 12:42:46 - [TEST_STEP][PASSED] - verifyTextPresent("Please enter a valid FEIN with 9 digits.", true): Text 'Please enter a valid FEIN with 9 digits.' is present on page  using regular expression

2023-12-20 12:42:47 - [MESSAGE][PASSED] - Text 'Please enter a valid FEIN with 9 digits.' is present on page  using regular expression

2023-12-20 12:42:47 - [TEST_STEP][PASSED] - if (verifyTextPresent("Please enter a valid FEIN with 9 digits.", true)): null

2023-12-20 12:42:47 - [MESSAGE][PASSED] - Text 'Please enter a valid FEIN with 9 digits.' is present on page  using regular expression

2023-12-20 12:42:47 - [TEST_STEP][PASSED] - println("Error Message is present on the page"): null

2023-12-20 12:42:47 - [TEST_STEP][PASSED] - out.println("Pass Record Number: " + row): null

2023-12-20 12:42:47 - [TEST_STEP][PASSED] - resText = "Pass": null

2023-12-20 12:42:47 - [TEST_STEP][PASSED] - pages.WriteExcel.demoKey(resText, datText, resColumn, datCloumn, fileLoc, nameSheet, row): pages.WriteExcel.demoKey is PASSED

2023-12-20 12:42:47 - [MESSAGE][PASSED] - pages.WriteExcel.demoKey is PASSED

2023-12-20 12:42:47 - [TEST_STEP][PASSED] - ExecuteTC = findTestData(dataFile).getValue("Execute", row): null

2023-12-20 12:42:47 - [TEST_STEP][PASSED] - Taxtype = findTestData(dataFile).getValue("TaxType", row): null

2023-12-20 12:42:47 - [TEST_STEP][PASSED] - Paymenttype = findTestData(dataFile).getValue("PaymentType", row): null

2023-12-20 12:42:47 - [TEST_STEP][PASSED] - out.println("Value of Execute is : " + ExecuteTC): null

2023-12-20 12:42:47 - [TEST_STEP][PASSED] - if (ExecuteTC.equalsIgnoreCase("Y")): null

2023-12-20 12:42:47 - [TEST_STEP][PASSED] - out.println("Begin Record Number: " + row): null

2023-12-20 12:42:47 - [TEST_STEP][PASSED] - today = new java.util.Date(): null

2023-12-20 12:42:47 - [TEST_STEP][PASSED] - println(today): null

2023-12-20 12:42:47 - [TEST_STEP][PASSED] - datText = today: null

2023-12-20 12:42:47 - [TEST_STEP][PASSED] - Taxtype = findTestData(dataFile).getValue("TaxType", row): null

2023-12-20 12:42:47 - [TEST_STEP][PASSED] - out.println("Taxtype value is : " + Taxtype): null

2023-12-20 12:42:47 - [TEST_STEP][PASSED] - openBrowser(""): Browser is opened with url: ''

2023-12-20 12:42:47 - [MESSAGE][WARNING] - A browser is already opened. Closing browser and opening a new one

2023-12-20 12:42:48 - [MESSAGE][INFO] - Starting 'Chrome' driver

2023-12-20 12:42:48 - [MESSAGE][INFO] - User set preference: ['acceptInsecureCerts', 'true']

2023-12-20 12:42:48 - [MESSAGE][INFO] - Action delay is set to 0 milliseconds

2023-12-20 12:42:50 - [MESSAGE][PASSED] - Browser is opened with url: ''

2023-12-20 12:42:50 - [TEST_STEP][PASSED] - maximizeWindow(): Current window maximized

2023-12-20 12:42:50 - [MESSAGE][PASSED] - Current window maximized

2023-12-20 12:42:50 - [TEST_STEP][PASSED] - navigateToUrl(RADurl): Navigate to 'https://qa2.velocitypayment.com/client/rad/index.html' successfully

2023-12-20 12:42:52 - [MESSAGE][PASSED] - Navigate to 'https://qa2.velocitypayment.com/client/rad/index.html' successfully

2023-12-20 12:42:52 - [TEST_STEP][PASSED] - orPath_Landing = "Object Repository/RAD_Pages/Landing_Page": null

2023-12-20 12:42:52 - [TEST_STEP][PASSED] - orPath_TaxTypeFilingYear = "Object Repository/RAD_Pages/TaxTypeFilingYear_Page": null

2023-12-20 12:42:52 - [TEST_STEP][PASSED] - orPath_TaxPayer = "Object Repository/RAD_Pages/Taxpayer_Page": null

2023-12-20 12:42:52 - [TEST_STEP][PASSED] - orPath_AddressContact = "Object Repository/RAD_Pages/AddressAndContactInfo_Page": null

2023-12-20 12:42:52 - [TEST_STEP][PASSED] - orPath_FilingStatus = "Object Repository/RAD_Pages/FilingStatus_Page": null

2023-12-20 12:42:52 - [TEST_STEP][PASSED] - orPath_Amount = "Object Repository/RAD_Pages/PaymentAmount_Page": null

2023-12-20 12:42:52 - [TEST_STEP][PASSED] - orPath_TaxInfo = "Object Repository/RAD_Pages/TaxInfo_Page": null

2023-12-20 12:42:52 - [TEST_STEP][PASSED] - orPath_Withholding = "Object Repository/RAD_Pages/Withholding_Page": null

2023-12-20 12:42:52 - [TEST_STEP][PASSED] - orPath_Summary = "Object Repository/RAD_Pages/Summary_Page": null

2023-12-20 12:42:52 - [TEST_STEP][PASSED] - orPath_PaymentReady = "Object Repository/RAD_Pages/PaymentReady_Page": null

2023-12-20 12:42:52 - [TEST_STEP][PASSED] - orPath_PaymentEntry = "Object Repository/RAD_Pages/PaymentEntry_Page": null

2023-12-20 12:42:52 - [TEST_STEP][PASSED] - orPath_PaymentConfirmation = "Object Repository/RAD_Pages/PaymentConfirmation_Page": null

2023-12-20 12:42:52 - [TEST_STEP][PASSED] - orPath_ServiceFeesAccept = "Object Repository/RAD_Pages/ServiceFeeAccept_Page": null

2023-12-20 12:42:52 - [TEST_STEP][PASSED] - selectOptionByLabel(findTestObject(orPath_Landing + "/dd_TaxType"), Paymenttype, false): All options with label 'Quarterly Estimated Tax' are selected in object 'Object Repository/RAD_Pages/Landing_Page/dd_TaxType' 

2023-12-20 12:42:52 - [MESSAGE][PASSED] - All options with label 'Quarterly Estimated Tax' are selected in object 'Object Repository/RAD_Pages/Landing_Page/dd_TaxType' 

2023-12-20 12:42:52 - [TEST_STEP][PASSED] - delay(1): Delayed 1 second(s)

2023-12-20 12:42:53 - [MESSAGE][PASSED] - Delayed 1 second(s)

2023-12-20 12:42:53 - [TEST_STEP][PASSED] - switch (Paymenttype): null

2023-12-20 12:42:53 - [TEST_STEP][PASSED] - case "Quarterly Estimated Tax":: null

2023-12-20 12:42:53 - [TEST_STEP][PASSED] - selectOptionByLabel(findTestObject(orPath_TaxTypeFilingYear + "/select_PaymentType"), Taxtype, false): All options with label 'Fiduciary Tax' are selected in object 'Object Repository/RAD_Pages/TaxTypeFilingYear_Page/select_PaymentType' 

2023-12-20 12:42:54 - [MESSAGE][PASSED] - All options with label 'Fiduciary Tax' are selected in object 'Object Repository/RAD_Pages/TaxTypeFilingYear_Page/select_PaymentType' 

2023-12-20 12:42:54 - [TEST_STEP][PASSED] - break: null

2023-12-20 12:42:54 - [TEST_STEP][PASSED] - delay(1): Delayed 1 second(s)

2023-12-20 12:42:55 - [MESSAGE][PASSED] - Delayed 1 second(s)

2023-12-20 12:42:55 - [TEST_STEP][PASSED] - switch (Paymenttype): null

2023-12-20 12:42:55 - [TEST_STEP][PASSED] - case "Quarterly Estimated Tax":: null

2023-12-20 12:42:55 - [TEST_STEP][PASSED] - setEncryptedText(findTestObject(orPath_TaxInfo + "/input_FederalEIN"), "RigbBhfdqOBDK95asqKeHw=="): Text ****** has been set on object 'Object Repository/RAD_Pages/TaxInfo_Page/input_FederalEIN'

2023-12-20 12:42:55 - [MESSAGE][PASSED] - Text ****** has been set on object 'Object Repository/RAD_Pages/TaxInfo_Page/input_FederalEIN'

2023-12-20 12:42:55 - [TEST_STEP][PASSED] - setEncryptedText(findTestObject(orPath_TaxInfo + "/input_FederalEIN_ReEnter"), ""): Text ****** has been set on object 'Object Repository/RAD_Pages/TaxInfo_Page/input_FederalEIN_ReEnter'

2023-12-20 12:42:56 - [MESSAGE][PASSED] - Text ****** has been set on object 'Object Repository/RAD_Pages/TaxInfo_Page/input_FederalEIN_ReEnter'

2023-12-20 12:42:56 - [TEST_STEP][PASSED] - break: null

2023-12-20 12:42:56 - [TEST_STEP][PASSED] - verifyTextPresent("Please enter a valid FEIN with 9 digits.", true): Text 'Please enter a valid FEIN with 9 digits.' is present on page  using regular expression

2023-12-20 12:42:57 - [MESSAGE][PASSED] - Text 'Please enter a valid FEIN with 9 digits.' is present on page  using regular expression

2023-12-20 12:42:57 - [TEST_STEP][PASSED] - if (verifyTextPresent("Please enter a valid FEIN with 9 digits.", true)): null

2023-12-20 12:42:57 - [MESSAGE][PASSED] - Text 'Please enter a valid FEIN with 9 digits.' is present on page  using regular expression

2023-12-20 12:42:57 - [TEST_STEP][PASSED] - println("Error Message is present on the page"): null

2023-12-20 12:42:57 - [TEST_STEP][PASSED] - out.println("Pass Record Number: " + row): null

2023-12-20 12:42:57 - [TEST_STEP][PASSED] - resText = "Pass": null

2023-12-20 12:42:57 - [TEST_STEP][PASSED] - pages.WriteExcel.demoKey(resText, datText, resColumn, datCloumn, fileLoc, nameSheet, row): pages.WriteExcel.demoKey is PASSED

2023-12-20 12:42:57 - [MESSAGE][PASSED] - pages.WriteExcel.demoKey is PASSED

2023-12-20 12:42:57 - [TEST_STEP][PASSED] - ExecuteTC = findTestData(dataFile).getValue("Execute", row): null

2023-12-20 12:42:57 - [TEST_STEP][PASSED] - Taxtype = findTestData(dataFile).getValue("TaxType", row): null

2023-12-20 12:42:57 - [TEST_STEP][PASSED] - Paymenttype = findTestData(dataFile).getValue("PaymentType", row): null

2023-12-20 12:42:57 - [TEST_STEP][PASSED] - out.println("Value of Execute is : " + ExecuteTC): null

2023-12-20 12:42:57 - [TEST_STEP][PASSED] - if (ExecuteTC.equalsIgnoreCase("Y")): null

2023-12-20 12:42:57 - [TEST_STEP][PASSED] - ExecuteTC = findTestData(dataFile).getValue("Execute", row): null

2023-12-20 12:42:57 - [TEST_STEP][PASSED] - Taxtype = findTestData(dataFile).getValue("TaxType", row): null

2023-12-20 12:42:57 - [TEST_STEP][PASSED] - Paymenttype = findTestData(dataFile).getValue("PaymentType", row): null

2023-12-20 12:42:57 - [TEST_STEP][PASSED] - out.println("Value of Execute is : " + ExecuteTC): null

2023-12-20 12:42:57 - [TEST_STEP][PASSED] - if (ExecuteTC.equalsIgnoreCase("Y")): null

2023-12-20 12:42:57 - [TEST_STEP][PASSED] - ExecuteTC = findTestData(dataFile).getValue("Execute", row): null

2023-12-20 12:42:57 - [TEST_STEP][PASSED] - Taxtype = findTestData(dataFile).getValue("TaxType", row): null

2023-12-20 12:42:57 - [TEST_STEP][PASSED] - Paymenttype = findTestData(dataFile).getValue("PaymentType", row): null

2023-12-20 12:42:57 - [TEST_STEP][PASSED] - out.println("Value of Execute is : " + ExecuteTC): null

2023-12-20 12:42:57 - [TEST_STEP][PASSED] - if (ExecuteTC.equalsIgnoreCase("Y")): null

2023-12-20 12:42:57 - [TEST_STEP][PASSED] - out.println("Begin Record Number: " + row): null

2023-12-20 12:42:57 - [TEST_STEP][PASSED] - today = new java.util.Date(): null

2023-12-20 12:42:57 - [TEST_STEP][PASSED] - println(today): null

2023-12-20 12:42:57 - [TEST_STEP][PASSED] - datText = today: null

2023-12-20 12:42:57 - [TEST_STEP][PASSED] - Taxtype = findTestData(dataFile).getValue("TaxType", row): null

2023-12-20 12:42:57 - [TEST_STEP][PASSED] - out.println("Taxtype value is : " + Taxtype): null

2023-12-20 12:42:57 - [TEST_STEP][PASSED] - openBrowser(""): Browser is opened with url: ''

2023-12-20 12:42:57 - [MESSAGE][WARNING] - A browser is already opened. Closing browser and opening a new one

2023-12-20 12:42:59 - [MESSAGE][INFO] - Starting 'Chrome' driver

2023-12-20 12:42:59 - [MESSAGE][INFO] - User set preference: ['acceptInsecureCerts', 'true']

2023-12-20 12:42:59 - [MESSAGE][INFO] - Action delay is set to 0 milliseconds

2023-12-20 12:43:00 - [MESSAGE][PASSED] - Browser is opened with url: ''

2023-12-20 12:43:00 - [TEST_STEP][PASSED] - maximizeWindow(): Current window maximized

2023-12-20 12:43:00 - [MESSAGE][PASSED] - Current window maximized

2023-12-20 12:43:00 - [TEST_STEP][PASSED] - navigateToUrl(RADurl): Navigate to 'https://qa2.velocitypayment.com/client/rad/index.html' successfully

2023-12-20 12:43:00 - [MESSAGE][PASSED] - Navigate to 'https://qa2.velocitypayment.com/client/rad/index.html' successfully

2023-12-20 12:43:00 - [TEST_STEP][PASSED] - orPath_Landing = "Object Repository/RAD_Pages/Landing_Page": null

2023-12-20 12:43:00 - [TEST_STEP][PASSED] - orPath_TaxTypeFilingYear = "Object Repository/RAD_Pages/TaxTypeFilingYear_Page": null

2023-12-20 12:43:00 - [TEST_STEP][PASSED] - orPath_TaxPayer = "Object Repository/RAD_Pages/Taxpayer_Page": null

2023-12-20 12:43:00 - [TEST_STEP][PASSED] - orPath_AddressContact = "Object Repository/RAD_Pages/AddressAndContactInfo_Page": null

2023-12-20 12:43:00 - [TEST_STEP][PASSED] - orPath_FilingStatus = "Object Repository/RAD_Pages/FilingStatus_Page": null

2023-12-20 12:43:00 - [TEST_STEP][PASSED] - orPath_Amount = "Object Repository/RAD_Pages/PaymentAmount_Page": null

2023-12-20 12:43:00 - [TEST_STEP][PASSED] - orPath_TaxInfo = "Object Repository/RAD_Pages/TaxInfo_Page": null

2023-12-20 12:43:00 - [TEST_STEP][PASSED] - orPath_Withholding = "Object Repository/RAD_Pages/Withholding_Page": null

2023-12-20 12:43:00 - [TEST_STEP][PASSED] - orPath_Summary = "Object Repository/RAD_Pages/Summary_Page": null

2023-12-20 12:43:00 - [TEST_STEP][PASSED] - orPath_PaymentReady = "Object Repository/RAD_Pages/PaymentReady_Page": null

2023-12-20 12:43:00 - [TEST_STEP][PASSED] - orPath_PaymentEntry = "Object Repository/RAD_Pages/PaymentEntry_Page": null

2023-12-20 12:43:00 - [TEST_STEP][PASSED] - orPath_PaymentConfirmation = "Object Repository/RAD_Pages/PaymentConfirmation_Page": null

2023-12-20 12:43:00 - [TEST_STEP][PASSED] - orPath_ServiceFeesAccept = "Object Repository/RAD_Pages/ServiceFeeAccept_Page": null

2023-12-20 12:43:00 - [TEST_STEP][PASSED] - selectOptionByLabel(findTestObject(orPath_Landing + "/dd_TaxType"), Paymenttype, false): All options with label 'New Tax Return Amount Due' are selected in object 'Object Repository/RAD_Pages/Landing_Page/dd_TaxType' 

2023-12-20 12:43:02 - [MESSAGE][PASSED] - All options with label 'New Tax Return Amount Due' are selected in object 'Object Repository/RAD_Pages/Landing_Page/dd_TaxType' 

2023-12-20 12:43:02 - [TEST_STEP][PASSED] - delay(1): Delayed 1 second(s)

2023-12-20 12:43:03 - [MESSAGE][PASSED] - Delayed 1 second(s)

2023-12-20 12:43:03 - [TEST_STEP][PASSED] - switch (Paymenttype): null

2023-12-20 12:43:03 - [TEST_STEP][PASSED] - case "New Tax Return Amount Due":: null

2023-12-20 12:43:03 - [TEST_STEP][PASSED] - selectOptionByLabel(findTestObject("Object Repository/RAD_Pages/Landing_Page/select_NewTaxReturnAmountDue_TaxType"), Taxtype, false): All options with label 'Fiduciary Tax' are selected in object 'Object Repository/RAD_Pages/Landing_Page/select_NewTaxReturnAmountDue_TaxType' 

2023-12-20 12:43:04 - [MESSAGE][PASSED] - All options with label 'Fiduciary Tax' are selected in object 'Object Repository/RAD_Pages/Landing_Page/select_NewTaxReturnAmountDue_TaxType' 

2023-12-20 12:43:04 - [TEST_STEP][PASSED] - break: null

2023-12-20 12:43:04 - [TEST_STEP][PASSED] - delay(1): Delayed 1 second(s)

2023-12-20 12:43:05 - [MESSAGE][PASSED] - Delayed 1 second(s)

2023-12-20 12:43:05 - [TEST_STEP][PASSED] - switch (Paymenttype): null

2023-12-20 12:43:05 - [TEST_STEP][PASSED] - case "New Tax Return Amount Due":: null

2023-12-20 12:43:05 - [TEST_STEP][PASSED] - setEncryptedText(findTestObject(orPath_TaxInfo + "/input_FederalEIN-2"), "RigbBhfdqOBDK95asqKeHw=="): Text ****** has been set on object 'Object Repository/RAD_Pages/TaxInfo_Page/input_FederalEIN-2'

2023-12-20 12:43:06 - [MESSAGE][PASSED] - Text ****** has been set on object 'Object Repository/RAD_Pages/TaxInfo_Page/input_FederalEIN-2'

2023-12-20 12:43:06 - [TEST_STEP][PASSED] - setEncryptedText(findTestObject(orPath_TaxInfo + "/input_FederalEIN_ReEnter-2"), ""): Text ****** has been set on object 'Object Repository/RAD_Pages/TaxInfo_Page/input_FederalEIN_ReEnter-2'

2023-12-20 12:43:06 - [MESSAGE][PASSED] - Text ****** has been set on object 'Object Repository/RAD_Pages/TaxInfo_Page/input_FederalEIN_ReEnter-2'

2023-12-20 12:43:06 - [TEST_STEP][PASSED] - break: null

2023-12-20 12:43:06 - [TEST_STEP][PASSED] - verifyTextPresent("Please enter a valid FEIN with 9 digits.", true): Text 'Please enter a valid FEIN with 9 digits.' is present on page  using regular expression

2023-12-20 12:43:07 - [MESSAGE][PASSED] - Text 'Please enter a valid FEIN with 9 digits.' is present on page  using regular expression

2023-12-20 12:43:07 - [TEST_STEP][PASSED] - if (verifyTextPresent("Please enter a valid FEIN with 9 digits.", true)): null

2023-12-20 12:43:07 - [MESSAGE][PASSED] - Text 'Please enter a valid FEIN with 9 digits.' is present on page  using regular expression

2023-12-20 12:43:07 - [TEST_STEP][PASSED] - println("Error Message is present on the page"): null

2023-12-20 12:43:07 - [TEST_STEP][PASSED] - out.println("Pass Record Number: " + row): null

2023-12-20 12:43:07 - [TEST_STEP][PASSED] - resText = "Pass": null

2023-12-20 12:43:07 - [TEST_STEP][PASSED] - pages.WriteExcel.demoKey(resText, datText, resColumn, datCloumn, fileLoc, nameSheet, row): pages.WriteExcel.demoKey is PASSED

2023-12-20 12:43:07 - [MESSAGE][PASSED] - pages.WriteExcel.demoKey is PASSED]]></system-out>
         <system-err><![CDATA[]]></system-err>
      </testcase>
      <testcase name="Test Cases/RAD_TestCases/Negative_TestCases/FEINandFEINSSNlessThan9Error" time="221.212" classname="Test Cases/RAD_TestCases/Negative_TestCases/FEINandFEINSSNlessThan9Error" status="PASSED">
         <system-out><![CDATA[2023-12-20 12:43:07 - [TEST_CASE][PASSED] - Test Cases/RAD_TestCases/Negative_TestCases/FEINandFEINSSNlessThan9Error: Test Cases/RAD_TestCases/Negative_TestCases/FEINandFEINSSNlessThan9Error

2023-12-20 12:43:08 - [TEST_STEP][PASSED] - resText = "Fail": null

2023-12-20 12:43:08 - [TEST_STEP][PASSED] - resColumn = "Result": null

2023-12-20 12:43:08 - [TEST_STEP][PASSED] - datCloumn = "Date": null

2023-12-20 12:43:08 - [TEST_STEP][PASSED] - fileLoc = "KatalonData/RADTestData/FEINandFEINSSNlessThan9Error.xlsx": null

2023-12-20 12:43:08 - [TEST_STEP][PASSED] - nameSheet = "Sheet1": null

2023-12-20 12:43:08 - [TEST_STEP][PASSED] - dataFile = "RADTestData/FEINandFEINSSNlessThan9Error": null

2023-12-20 12:43:08 - [TEST_STEP][PASSED] - ExecuteTC = <not implemented yet for class: org.codehaus.groovy.ast.expr.EmptyExpression>: null

2023-12-20 12:43:08 - [TEST_STEP][PASSED] - Taxtype = <not implemented yet for class: org.codehaus.groovy.ast.expr.EmptyExpression>: null

2023-12-20 12:43:08 - [TEST_STEP][PASSED] - Paymenttype = <not implemented yet for class: org.codehaus.groovy.ast.expr.EmptyExpression>: null

2023-12-20 12:43:08 - [TEST_STEP][PASSED] - feinSsn = <not implemented yet for class: org.codehaus.groovy.ast.expr.EmptyExpression>: null

2023-12-20 12:43:08 - [TEST_STEP][PASSED] - numOfRows = findTestData(dataFile).getRowNumbers(): null

2023-12-20 12:43:08 - [TEST_STEP][PASSED] - println("Number of Records: " + numOfRows): null

2023-12-20 12:43:08 - [TEST_STEP][PASSED] - for ([row = 1, row <= numOfRows, (row++)]): null

2023-12-20 12:43:08 - [TEST_STEP][PASSED] - ExecuteTC = findTestData(dataFile).getValue("Execute", row): null

2023-12-20 12:43:08 - [TEST_STEP][PASSED] - Taxtype = findTestData(dataFile).getValue("TaxType", row): null

2023-12-20 12:43:08 - [TEST_STEP][PASSED] - Paymenttype = findTestData(dataFile).getValue("PaymentType", row): null

2023-12-20 12:43:08 - [TEST_STEP][PASSED] - feinSsn = findTestData(dataFile).getValue("FEINSSN", row): null

2023-12-20 12:43:08 - [TEST_STEP][PASSED] - out.println("Value of Execute is : " + ExecuteTC): null

2023-12-20 12:43:08 - [TEST_STEP][PASSED] - if (ExecuteTC.equalsIgnoreCase("Y")): null

2023-12-20 12:43:08 - [TEST_STEP][PASSED] - out.println("Begin Record Number: " + row): null

2023-12-20 12:43:08 - [TEST_STEP][PASSED] - today = new java.util.Date(): null

2023-12-20 12:43:08 - [TEST_STEP][PASSED] - println(today): null

2023-12-20 12:43:08 - [TEST_STEP][PASSED] - datText = today: null

2023-12-20 12:43:08 - [TEST_STEP][PASSED] - Taxtype = findTestData(dataFile).getValue("TaxType", row): null

2023-12-20 12:43:08 - [TEST_STEP][PASSED] - out.println("Taxtype value is : " + Taxtype): null

2023-12-20 12:43:08 - [TEST_STEP][PASSED] - openBrowser(""): Browser is opened with url: ''

2023-12-20 12:43:08 - [MESSAGE][WARNING] - A browser is already opened. Closing browser and opening a new one

2023-12-20 12:43:09 - [MESSAGE][INFO] - Starting 'Chrome' driver

2023-12-20 12:43:09 - [MESSAGE][INFO] - User set preference: ['acceptInsecureCerts', 'true']

2023-12-20 12:43:09 - [MESSAGE][INFO] - Action delay is set to 0 milliseconds

2023-12-20 12:43:11 - [MESSAGE][PASSED] - Browser is opened with url: ''

2023-12-20 12:43:11 - [TEST_STEP][PASSED] - maximizeWindow(): Current window maximized

2023-12-20 12:43:11 - [MESSAGE][PASSED] - Current window maximized

2023-12-20 12:43:11 - [TEST_STEP][PASSED] - navigateToUrl(RADurl): Navigate to 'https://qa2.velocitypayment.com/client/rad/index.html' successfully

2023-12-20 12:43:12 - [MESSAGE][PASSED] - Navigate to 'https://qa2.velocitypayment.com/client/rad/index.html' successfully

2023-12-20 12:43:12 - [TEST_STEP][PASSED] - orPath_Landing = "Object Repository/RAD_Pages/Landing_Page": null

2023-12-20 12:43:12 - [TEST_STEP][PASSED] - orPath_TaxTypeFilingYear = "Object Repository/RAD_Pages/TaxTypeFilingYear_Page": null

2023-12-20 12:43:12 - [TEST_STEP][PASSED] - orPath_TaxPayer = "Object Repository/RAD_Pages/Taxpayer_Page": null

2023-12-20 12:43:12 - [TEST_STEP][PASSED] - orPath_AddressContact = "Object Repository/RAD_Pages/AddressAndContactInfo_Page": null

2023-12-20 12:43:12 - [TEST_STEP][PASSED] - orPath_FilingStatus = "Object Repository/RAD_Pages/FilingStatus_Page": null

2023-12-20 12:43:12 - [TEST_STEP][PASSED] - orPath_Amount = "Object Repository/RAD_Pages/PaymentAmount_Page": null

2023-12-20 12:43:12 - [TEST_STEP][PASSED] - orPath_TaxInfo = "Object Repository/RAD_Pages/TaxInfo_Page": null

2023-12-20 12:43:12 - [TEST_STEP][PASSED] - orPath_Withholding = "Object Repository/RAD_Pages/Withholding_Page": null

2023-12-20 12:43:12 - [TEST_STEP][PASSED] - orPath_Summary = "Object Repository/RAD_Pages/Summary_Page": null

2023-12-20 12:43:12 - [TEST_STEP][PASSED] - orPath_PaymentReady = "Object Repository/RAD_Pages/PaymentReady_Page": null

2023-12-20 12:43:12 - [TEST_STEP][PASSED] - orPath_PaymentEntry = "Object Repository/RAD_Pages/PaymentEntry_Page": null

2023-12-20 12:43:12 - [TEST_STEP][PASSED] - orPath_PaymentConfirmation = "Object Repository/RAD_Pages/PaymentConfirmation_Page": null

2023-12-20 12:43:12 - [TEST_STEP][PASSED] - orPath_ServiceFeesAccept = "Object Repository/RAD_Pages/ServiceFeeAccept_Page": null

2023-12-20 12:43:12 - [TEST_STEP][PASSED] - selectOptionByLabel(findTestObject(orPath_Landing + "/dd_TaxType"), Paymenttype, false): All options with label 'Existing Liability w/Notice Number' are selected in object 'Object Repository/RAD_Pages/Landing_Page/dd_TaxType' 

2023-12-20 12:43:13 - [MESSAGE][PASSED] - All options with label 'Existing Liability w/Notice Number' are selected in object 'Object Repository/RAD_Pages/Landing_Page/dd_TaxType' 

2023-12-20 12:43:13 - [TEST_STEP][PASSED] - delay(1): Delayed 1 second(s)

2023-12-20 12:43:14 - [MESSAGE][PASSED] - Delayed 1 second(s)

2023-12-20 12:43:14 - [TEST_STEP][PASSED] - switch (Paymenttype): null

2023-12-20 12:43:14 - [TEST_STEP][PASSED] - case "Existing Liability w/Notice Number":: null

2023-12-20 12:43:14 - [TEST_STEP][PASSED] - selectOptionByLabel(findTestObject(orPath_TaxTypeFilingYear + "/select_TaxType_ExistingLiability"), Taxtype, false): All options with label 'Bay Restoration Fee' are selected in object 'Object Repository/RAD_Pages/TaxTypeFilingYear_Page/select_TaxType_ExistingLiability' 

2023-12-20 12:43:15 - [MESSAGE][PASSED] - All options with label 'Bay Restoration Fee' are selected in object 'Object Repository/RAD_Pages/TaxTypeFilingYear_Page/select_TaxType_ExistingLiability' 

2023-12-20 12:43:15 - [TEST_STEP][PASSED] - break: null

2023-12-20 12:43:15 - [TEST_STEP][PASSED] - delay(1): Delayed 1 second(s)

2023-12-20 12:43:16 - [MESSAGE][PASSED] - Delayed 1 second(s)

2023-12-20 12:43:16 - [TEST_STEP][PASSED] - switch (Paymenttype): null

2023-12-20 12:43:16 - [TEST_STEP][PASSED] - case "Existing Liability w/Notice Number":: null

2023-12-20 12:43:16 - [TEST_STEP][PASSED] - if (feinSsn.equalsIgnoreCase("Y")): null

2023-12-20 12:43:16 - [TEST_STEP][PASSED] - else: Text ****** has been set on object 'Object Repository/RAD_RecordAndPlay/input_Existing_RetypeFEIN'

2023-12-20 12:43:16 - [TEST_STEP][PASSED] - setEncryptedText(findTestObject("Object Repository/RAD_RecordAndPlay/input_Existing_FEIN"), "iGDxf8hSRT4="): Text ****** has been set on object 'Object Repository/RAD_RecordAndPlay/input_Existing_FEIN'

2023-12-20 12:43:16 - [MESSAGE][PASSED] - Text ****** has been set on object 'Object Repository/RAD_RecordAndPlay/input_Existing_FEIN'

2023-12-20 12:43:16 - [TEST_STEP][PASSED] - setEncryptedText(findTestObject("Object Repository/RAD_RecordAndPlay/input_Existing_RetypeFEIN"), ""): Text ****** has been set on object 'Object Repository/RAD_RecordAndPlay/input_Existing_RetypeFEIN'

2023-12-20 12:43:17 - [MESSAGE][PASSED] - Text ****** has been set on object 'Object Repository/RAD_RecordAndPlay/input_Existing_RetypeFEIN'

2023-12-20 12:43:17 - [TEST_STEP][PASSED] - break: null

2023-12-20 12:43:17 - [TEST_STEP][PASSED] - if (feinSsn.equalsIgnoreCase("Y")): null

2023-12-20 12:43:17 - [TEST_STEP][PASSED] - else: null

2023-12-20 12:43:17 - [TEST_STEP][PASSED] - if (verifyTextPresent("Please enter a valid FEIN with 9 digits.", true)): null

2023-12-20 12:43:17 - [MESSAGE][PASSED] - Text 'Please enter a valid FEIN with 9 digits.' is present on page  using regular expression

2023-12-20 12:43:17 - [TEST_STEP][PASSED] - println("Error Message is present on the page"): null

2023-12-20 12:43:17 - [TEST_STEP][PASSED] - out.println("Pass Record Number: " + row): null

2023-12-20 12:43:17 - [TEST_STEP][PASSED] - resText = "Pass": null

2023-12-20 12:43:17 - [TEST_STEP][PASSED] - pages.WriteExcel.demoKey(resText, datText, resColumn, datCloumn, fileLoc, nameSheet, row): pages.WriteExcel.demoKey is PASSED

2023-12-20 12:43:17 - [MESSAGE][PASSED] - pages.WriteExcel.demoKey is PASSED

2023-12-20 12:43:17 - [TEST_STEP][PASSED] - ExecuteTC = findTestData(dataFile).getValue("Execute", row): null

2023-12-20 12:43:18 - [TEST_STEP][PASSED] - Taxtype = findTestData(dataFile).getValue("TaxType", row): null

2023-12-20 12:43:18 - [TEST_STEP][PASSED] - Paymenttype = findTestData(dataFile).getValue("PaymentType", row): null

2023-12-20 12:43:18 - [TEST_STEP][PASSED] - feinSsn = findTestData(dataFile).getValue("FEINSSN", row): null

2023-12-20 12:43:18 - [TEST_STEP][PASSED] - out.println("Value of Execute is : " + ExecuteTC): null

2023-12-20 12:43:18 - [TEST_STEP][PASSED] - if (ExecuteTC.equalsIgnoreCase("Y")): null

2023-12-20 12:43:18 - [TEST_STEP][PASSED] - out.println("Begin Record Number: " + row): null

2023-12-20 12:43:18 - [TEST_STEP][PASSED] - today = new java.util.Date(): null

2023-12-20 12:43:18 - [TEST_STEP][PASSED] - println(today): null

2023-12-20 12:43:18 - [TEST_STEP][PASSED] - datText = today: null

2023-12-20 12:43:18 - [TEST_STEP][PASSED] - Taxtype = findTestData(dataFile).getValue("TaxType", row): null

2023-12-20 12:43:18 - [TEST_STEP][PASSED] - out.println("Taxtype value is : " + Taxtype): null

2023-12-20 12:43:18 - [TEST_STEP][PASSED] - openBrowser(""): Browser is opened with url: ''

2023-12-20 12:43:18 - [MESSAGE][WARNING] - A browser is already opened. Closing browser and opening a new one

2023-12-20 12:43:19 - [MESSAGE][INFO] - Starting 'Chrome' driver

2023-12-20 12:43:19 - [MESSAGE][INFO] - User set preference: ['acceptInsecureCerts', 'true']

2023-12-20 12:43:19 - [MESSAGE][INFO] - Action delay is set to 0 milliseconds

2023-12-20 12:43:21 - [MESSAGE][PASSED] - Browser is opened with url: ''

2023-12-20 12:43:21 - [TEST_STEP][PASSED] - maximizeWindow(): Current window maximized

2023-12-20 12:43:21 - [MESSAGE][PASSED] - Current window maximized

2023-12-20 12:43:21 - [TEST_STEP][PASSED] - navigateToUrl(RADurl): Navigate to 'https://qa2.velocitypayment.com/client/rad/index.html' successfully

2023-12-20 12:43:22 - [MESSAGE][PASSED] - Navigate to 'https://qa2.velocitypayment.com/client/rad/index.html' successfully

2023-12-20 12:43:22 - [TEST_STEP][PASSED] - orPath_Landing = "Object Repository/RAD_Pages/Landing_Page": null

2023-12-20 12:43:22 - [TEST_STEP][PASSED] - orPath_TaxTypeFilingYear = "Object Repository/RAD_Pages/TaxTypeFilingYear_Page": null

2023-12-20 12:43:22 - [TEST_STEP][PASSED] - orPath_TaxPayer = "Object Repository/RAD_Pages/Taxpayer_Page": null

2023-12-20 12:43:22 - [TEST_STEP][PASSED] - orPath_AddressContact = "Object Repository/RAD_Pages/AddressAndContactInfo_Page": null

2023-12-20 12:43:22 - [TEST_STEP][PASSED] - orPath_FilingStatus = "Object Repository/RAD_Pages/FilingStatus_Page": null

2023-12-20 12:43:22 - [TEST_STEP][PASSED] - orPath_Amount = "Object Repository/RAD_Pages/PaymentAmount_Page": null

2023-12-20 12:43:22 - [TEST_STEP][PASSED] - orPath_TaxInfo = "Object Repository/RAD_Pages/TaxInfo_Page": null

2023-12-20 12:43:22 - [TEST_STEP][PASSED] - orPath_Withholding = "Object Repository/RAD_Pages/Withholding_Page": null

2023-12-20 12:43:22 - [TEST_STEP][PASSED] - orPath_Summary = "Object Repository/RAD_Pages/Summary_Page": null

2023-12-20 12:43:22 - [TEST_STEP][PASSED] - orPath_PaymentReady = "Object Repository/RAD_Pages/PaymentReady_Page": null

2023-12-20 12:43:22 - [TEST_STEP][PASSED] - orPath_PaymentEntry = "Object Repository/RAD_Pages/PaymentEntry_Page": null

2023-12-20 12:43:22 - [TEST_STEP][PASSED] - orPath_PaymentConfirmation = "Object Repository/RAD_Pages/PaymentConfirmation_Page": null

2023-12-20 12:43:22 - [TEST_STEP][PASSED] - orPath_ServiceFeesAccept = "Object Repository/RAD_Pages/ServiceFeeAccept_Page": null

2023-12-20 12:43:22 - [TEST_STEP][PASSED] - selectOptionByLabel(findTestObject(orPath_Landing + "/dd_TaxType"), Paymenttype, false): All options with label 'Existing Liability w/Notice Number' are selected in object 'Object Repository/RAD_Pages/Landing_Page/dd_TaxType' 

2023-12-20 12:43:23 - [MESSAGE][PASSED] - All options with label 'Existing Liability w/Notice Number' are selected in object 'Object Repository/RAD_Pages/Landing_Page/dd_TaxType' 

2023-12-20 12:43:23 - [TEST_STEP][PASSED] - delay(1): Delayed 1 second(s)

2023-12-20 12:43:24 - [MESSAGE][PASSED] - Delayed 1 second(s)

2023-12-20 12:43:24 - [TEST_STEP][PASSED] - switch (Paymenttype): null

2023-12-20 12:43:24 - [TEST_STEP][PASSED] - case "Existing Liability w/Notice Number":: null

2023-12-20 12:43:24 - [TEST_STEP][PASSED] - selectOptionByLabel(findTestObject(orPath_TaxTypeFilingYear + "/select_TaxType_ExistingLiability"), Taxtype, false): All options with label 'Corporate Income Tax' are selected in object 'Object Repository/RAD_Pages/TaxTypeFilingYear_Page/select_TaxType_ExistingLiability' 

2023-12-20 12:43:25 - [MESSAGE][PASSED] - All options with label 'Corporate Income Tax' are selected in object 'Object Repository/RAD_Pages/TaxTypeFilingYear_Page/select_TaxType_ExistingLiability' 

2023-12-20 12:43:25 - [TEST_STEP][PASSED] - break: null

2023-12-20 12:43:25 - [TEST_STEP][PASSED] - delay(1): Delayed 1 second(s)

2023-12-20 12:43:26 - [MESSAGE][PASSED] - Delayed 1 second(s)

2023-12-20 12:43:26 - [TEST_STEP][PASSED] - switch (Paymenttype): null

2023-12-20 12:43:26 - [TEST_STEP][PASSED] - case "Existing Liability w/Notice Number":: null

2023-12-20 12:43:26 - [TEST_STEP][PASSED] - if (feinSsn.equalsIgnoreCase("Y")): null

2023-12-20 12:43:26 - [TEST_STEP][PASSED] - else: Text ****** has been set on object 'Object Repository/RAD_RecordAndPlay/input_Existing_RetypeFEIN'

2023-12-20 12:43:26 - [TEST_STEP][PASSED] - setEncryptedText(findTestObject("Object Repository/RAD_RecordAndPlay/input_Existing_FEIN"), "iGDxf8hSRT4="): Text ****** has been set on object 'Object Repository/RAD_RecordAndPlay/input_Existing_FEIN'

2023-12-20 12:43:26 - [MESSAGE][PASSED] - Text ****** has been set on object 'Object Repository/RAD_RecordAndPlay/input_Existing_FEIN'

2023-12-20 12:43:26 - [TEST_STEP][PASSED] - setEncryptedText(findTestObject("Object Repository/RAD_RecordAndPlay/input_Existing_RetypeFEIN"), ""): Text ****** has been set on object 'Object Repository/RAD_RecordAndPlay/input_Existing_RetypeFEIN'

2023-12-20 12:43:27 - [MESSAGE][PASSED] - Text ****** has been set on object 'Object Repository/RAD_RecordAndPlay/input_Existing_RetypeFEIN'

2023-12-20 12:43:27 - [TEST_STEP][PASSED] - break: null

2023-12-20 12:43:27 - [TEST_STEP][PASSED] - if (feinSsn.equalsIgnoreCase("Y")): null

2023-12-20 12:43:27 - [TEST_STEP][PASSED] - else: null

2023-12-20 12:43:27 - [TEST_STEP][PASSED] - if (verifyTextPresent("Please enter a valid FEIN with 9 digits.", true)): null

2023-12-20 12:43:28 - [MESSAGE][PASSED] - Text 'Please enter a valid FEIN with 9 digits.' is present on page  using regular expression

2023-12-20 12:43:28 - [TEST_STEP][PASSED] - println("Error Message is present on the page"): null

2023-12-20 12:43:28 - [TEST_STEP][PASSED] - out.println("Pass Record Number: " + row): null

2023-12-20 12:43:28 - [TEST_STEP][PASSED] - resText = "Pass": null

2023-12-20 12:43:28 - [TEST_STEP][PASSED] - pages.WriteExcel.demoKey(resText, datText, resColumn, datCloumn, fileLoc, nameSheet, row): pages.WriteExcel.demoKey is PASSED

2023-12-20 12:43:28 - [MESSAGE][PASSED] - pages.WriteExcel.demoKey is PASSED

2023-12-20 12:43:28 - [TEST_STEP][PASSED] - ExecuteTC = findTestData(dataFile).getValue("Execute", row): null

2023-12-20 12:43:28 - [TEST_STEP][PASSED] - Taxtype = findTestData(dataFile).getValue("TaxType", row): null

2023-12-20 12:43:28 - [TEST_STEP][PASSED] - Paymenttype = findTestData(dataFile).getValue("PaymentType", row): null

2023-12-20 12:43:28 - [TEST_STEP][PASSED] - feinSsn = findTestData(dataFile).getValue("FEINSSN", row): null

2023-12-20 12:43:28 - [TEST_STEP][PASSED] - out.println("Value of Execute is : " + ExecuteTC): null

2023-12-20 12:43:28 - [TEST_STEP][PASSED] - if (ExecuteTC.equalsIgnoreCase("Y")): null

2023-12-20 12:43:28 - [TEST_STEP][PASSED] - out.println("Begin Record Number: " + row): null

2023-12-20 12:43:28 - [TEST_STEP][PASSED] - today = new java.util.Date(): null

2023-12-20 12:43:28 - [TEST_STEP][PASSED] - println(today): null

2023-12-20 12:43:28 - [TEST_STEP][PASSED] - datText = today: null

2023-12-20 12:43:28 - [TEST_STEP][PASSED] - Taxtype = findTestData(dataFile).getValue("TaxType", row): null

2023-12-20 12:43:28 - [TEST_STEP][PASSED] - out.println("Taxtype value is : " + Taxtype): null

2023-12-20 12:43:28 - [TEST_STEP][PASSED] - openBrowser(""): Browser is opened with url: ''

2023-12-20 12:43:28 - [MESSAGE][WARNING] - A browser is already opened. Closing browser and opening a new one

2023-12-20 12:43:29 - [MESSAGE][INFO] - Starting 'Chrome' driver

2023-12-20 12:43:29 - [MESSAGE][INFO] - User set preference: ['acceptInsecureCerts', 'true']

2023-12-20 12:43:29 - [MESSAGE][INFO] - Action delay is set to 0 milliseconds

2023-12-20 12:43:31 - [MESSAGE][PASSED] - Browser is opened with url: ''

2023-12-20 12:43:31 - [TEST_STEP][PASSED] - maximizeWindow(): Current window maximized

2023-12-20 12:43:31 - [MESSAGE][PASSED] - Current window maximized

2023-12-20 12:43:31 - [TEST_STEP][PASSED] - navigateToUrl(RADurl): Navigate to 'https://qa2.velocitypayment.com/client/rad/index.html' successfully

2023-12-20 12:43:31 - [MESSAGE][PASSED] - Navigate to 'https://qa2.velocitypayment.com/client/rad/index.html' successfully

2023-12-20 12:43:31 - [TEST_STEP][PASSED] - orPath_Landing = "Object Repository/RAD_Pages/Landing_Page": null

2023-12-20 12:43:31 - [TEST_STEP][PASSED] - orPath_TaxTypeFilingYear = "Object Repository/RAD_Pages/TaxTypeFilingYear_Page": null

2023-12-20 12:43:31 - [TEST_STEP][PASSED] - orPath_TaxPayer = "Object Repository/RAD_Pages/Taxpayer_Page": null

2023-12-20 12:43:31 - [TEST_STEP][PASSED] - orPath_AddressContact = "Object Repository/RAD_Pages/AddressAndContactInfo_Page": null

2023-12-20 12:43:31 - [TEST_STEP][PASSED] - orPath_FilingStatus = "Object Repository/RAD_Pages/FilingStatus_Page": null

2023-12-20 12:43:31 - [TEST_STEP][PASSED] - orPath_Amount = "Object Repository/RAD_Pages/PaymentAmount_Page": null

2023-12-20 12:43:31 - [TEST_STEP][PASSED] - orPath_TaxInfo = "Object Repository/RAD_Pages/TaxInfo_Page": null

2023-12-20 12:43:31 - [TEST_STEP][PASSED] - orPath_Withholding = "Object Repository/RAD_Pages/Withholding_Page": null

2023-12-20 12:43:31 - [TEST_STEP][PASSED] - orPath_Summary = "Object Repository/RAD_Pages/Summary_Page": null

2023-12-20 12:43:31 - [TEST_STEP][PASSED] - orPath_PaymentReady = "Object Repository/RAD_Pages/PaymentReady_Page": null

2023-12-20 12:43:31 - [TEST_STEP][PASSED] - orPath_PaymentEntry = "Object Repository/RAD_Pages/PaymentEntry_Page": null

2023-12-20 12:43:31 - [TEST_STEP][PASSED] - orPath_PaymentConfirmation = "Object Repository/RAD_Pages/PaymentConfirmation_Page": null

2023-12-20 12:43:31 - [TEST_STEP][PASSED] - orPath_ServiceFeesAccept = "Object Repository/RAD_Pages/ServiceFeeAccept_Page": null

2023-12-20 12:43:31 - [TEST_STEP][PASSED] - selectOptionByLabel(findTestObject(orPath_Landing + "/dd_TaxType"), Paymenttype, false): All options with label 'Existing Liability w/Notice Number' are selected in object 'Object Repository/RAD_Pages/Landing_Page/dd_TaxType' 

2023-12-20 12:43:33 - [MESSAGE][PASSED] - All options with label 'Existing Liability w/Notice Number' are selected in object 'Object Repository/RAD_Pages/Landing_Page/dd_TaxType' 

2023-12-20 12:43:33 - [TEST_STEP][PASSED] - delay(1): Delayed 1 second(s)

2023-12-20 12:43:34 - [MESSAGE][PASSED] - Delayed 1 second(s)

2023-12-20 12:43:34 - [TEST_STEP][PASSED] - switch (Paymenttype): null

2023-12-20 12:43:34 - [TEST_STEP][PASSED] - case "Existing Liability w/Notice Number":: null

2023-12-20 12:43:34 - [TEST_STEP][PASSED] - selectOptionByLabel(findTestObject(orPath_TaxTypeFilingYear + "/select_TaxType_ExistingLiability"), Taxtype, false): All options with label 'Fiduciary Tax' are selected in object 'Object Repository/RAD_Pages/TaxTypeFilingYear_Page/select_TaxType_ExistingLiability' 

2023-12-20 12:43:35 - [MESSAGE][PASSED] - All options with label 'Fiduciary Tax' are selected in object 'Object Repository/RAD_Pages/TaxTypeFilingYear_Page/select_TaxType_ExistingLiability' 

2023-12-20 12:43:35 - [TEST_STEP][PASSED] - break: null

2023-12-20 12:43:35 - [TEST_STEP][PASSED] - delay(1): Delayed 1 second(s)

2023-12-20 12:43:36 - [MESSAGE][PASSED] - Delayed 1 second(s)

2023-12-20 12:43:36 - [TEST_STEP][PASSED] - switch (Paymenttype): null

2023-12-20 12:43:36 - [TEST_STEP][PASSED] - case "Existing Liability w/Notice Number":: null

2023-12-20 12:43:36 - [TEST_STEP][PASSED] - if (feinSsn.equalsIgnoreCase("Y")): null

2023-12-20 12:43:36 - [TEST_STEP][PASSED] - else: Text ****** has been set on object 'Object Repository/RAD_RecordAndPlay/input_Existing_RetypeFEIN'

2023-12-20 12:43:36 - [TEST_STEP][PASSED] - setEncryptedText(findTestObject("Object Repository/RAD_RecordAndPlay/input_Existing_FEIN"), "iGDxf8hSRT4="): Text ****** has been set on object 'Object Repository/RAD_RecordAndPlay/input_Existing_FEIN'

2023-12-20 12:43:36 - [MESSAGE][PASSED] - Text ****** has been set on object 'Object Repository/RAD_RecordAndPlay/input_Existing_FEIN'

2023-12-20 12:43:36 - [TEST_STEP][PASSED] - setEncryptedText(findTestObject("Object Repository/RAD_RecordAndPlay/input_Existing_RetypeFEIN"), ""): Text ****** has been set on object 'Object Repository/RAD_RecordAndPlay/input_Existing_RetypeFEIN'

2023-12-20 12:43:37 - [MESSAGE][PASSED] - Text ****** has been set on object 'Object Repository/RAD_RecordAndPlay/input_Existing_RetypeFEIN'

2023-12-20 12:43:37 - [TEST_STEP][PASSED] - break: null

2023-12-20 12:43:37 - [TEST_STEP][PASSED] - if (feinSsn.equalsIgnoreCase("Y")): null

2023-12-20 12:43:37 - [TEST_STEP][PASSED] - else: null

2023-12-20 12:43:37 - [TEST_STEP][PASSED] - if (verifyTextPresent("Please enter a valid FEIN with 9 digits.", true)): null

2023-12-20 12:43:38 - [MESSAGE][PASSED] - Text 'Please enter a valid FEIN with 9 digits.' is present on page  using regular expression

2023-12-20 12:43:38 - [TEST_STEP][PASSED] - println("Error Message is present on the page"): null

2023-12-20 12:43:38 - [TEST_STEP][PASSED] - out.println("Pass Record Number: " + row): null

2023-12-20 12:43:38 - [TEST_STEP][PASSED] - resText = "Pass": null

2023-12-20 12:43:38 - [TEST_STEP][PASSED] - pages.WriteExcel.demoKey(resText, datText, resColumn, datCloumn, fileLoc, nameSheet, row): pages.WriteExcel.demoKey is PASSED

2023-12-20 12:43:38 - [MESSAGE][PASSED] - pages.WriteExcel.demoKey is PASSED

2023-12-20 12:43:38 - [TEST_STEP][PASSED] - ExecuteTC = findTestData(dataFile).getValue("Execute", row): null

2023-12-20 12:43:38 - [TEST_STEP][PASSED] - Taxtype = findTestData(dataFile).getValue("TaxType", row): null

2023-12-20 12:43:38 - [TEST_STEP][PASSED] - Paymenttype = findTestData(dataFile).getValue("PaymentType", row): null

2023-12-20 12:43:38 - [TEST_STEP][PASSED] - feinSsn = findTestData(dataFile).getValue("FEINSSN", row): null

2023-12-20 12:43:38 - [TEST_STEP][PASSED] - out.println("Value of Execute is : " + ExecuteTC): null

2023-12-20 12:43:38 - [TEST_STEP][PASSED] - if (ExecuteTC.equalsIgnoreCase("Y")): null

2023-12-20 12:43:38 - [TEST_STEP][PASSED] - out.println("Begin Record Number: " + row): null

2023-12-20 12:43:38 - [TEST_STEP][PASSED] - today = new java.util.Date(): null

2023-12-20 12:43:38 - [TEST_STEP][PASSED] - println(today): null

2023-12-20 12:43:38 - [TEST_STEP][PASSED] - datText = today: null

2023-12-20 12:43:38 - [TEST_STEP][PASSED] - Taxtype = findTestData(dataFile).getValue("TaxType", row): null

2023-12-20 12:43:38 - [TEST_STEP][PASSED] - out.println("Taxtype value is : " + Taxtype): null

2023-12-20 12:43:38 - [TEST_STEP][PASSED] - openBrowser(""): Browser is opened with url: ''

2023-12-20 12:43:38 - [MESSAGE][WARNING] - A browser is already opened. Closing browser and opening a new one

2023-12-20 12:43:39 - [MESSAGE][INFO] - Starting 'Chrome' driver

2023-12-20 12:43:39 - [MESSAGE][INFO] - User set preference: ['acceptInsecureCerts', 'true']

2023-12-20 12:43:39 - [MESSAGE][INFO] - Action delay is set to 0 milliseconds

2023-12-20 12:43:41 - [MESSAGE][PASSED] - Browser is opened with url: ''

2023-12-20 12:43:41 - [TEST_STEP][PASSED] - maximizeWindow(): Current window maximized

2023-12-20 12:43:41 - [MESSAGE][PASSED] - Current window maximized

2023-12-20 12:43:41 - [TEST_STEP][PASSED] - navigateToUrl(RADurl): Navigate to 'https://qa2.velocitypayment.com/client/rad/index.html' successfully

2023-12-20 12:43:43 - [MESSAGE][PASSED] - Navigate to 'https://qa2.velocitypayment.com/client/rad/index.html' successfully

2023-12-20 12:43:43 - [TEST_STEP][PASSED] - orPath_Landing = "Object Repository/RAD_Pages/Landing_Page": null

2023-12-20 12:43:43 - [TEST_STEP][PASSED] - orPath_TaxTypeFilingYear = "Object Repository/RAD_Pages/TaxTypeFilingYear_Page": null

2023-12-20 12:43:43 - [TEST_STEP][PASSED] - orPath_TaxPayer = "Object Repository/RAD_Pages/Taxpayer_Page": null

2023-12-20 12:43:43 - [TEST_STEP][PASSED] - orPath_AddressContact = "Object Repository/RAD_Pages/AddressAndContactInfo_Page": null

2023-12-20 12:43:43 - [TEST_STEP][PASSED] - orPath_FilingStatus = "Object Repository/RAD_Pages/FilingStatus_Page": null

2023-12-20 12:43:43 - [TEST_STEP][PASSED] - orPath_Amount = "Object Repository/RAD_Pages/PaymentAmount_Page": null

2023-12-20 12:43:43 - [TEST_STEP][PASSED] - orPath_TaxInfo = "Object Repository/RAD_Pages/TaxInfo_Page": null

2023-12-20 12:43:43 - [TEST_STEP][PASSED] - orPath_Withholding = "Object Repository/RAD_Pages/Withholding_Page": null

2023-12-20 12:43:43 - [TEST_STEP][PASSED] - orPath_Summary = "Object Repository/RAD_Pages/Summary_Page": null

2023-12-20 12:43:43 - [TEST_STEP][PASSED] - orPath_PaymentReady = "Object Repository/RAD_Pages/PaymentReady_Page": null

2023-12-20 12:43:43 - [TEST_STEP][PASSED] - orPath_PaymentEntry = "Object Repository/RAD_Pages/PaymentEntry_Page": null

2023-12-20 12:43:43 - [TEST_STEP][PASSED] - orPath_PaymentConfirmation = "Object Repository/RAD_Pages/PaymentConfirmation_Page": null

2023-12-20 12:43:43 - [TEST_STEP][PASSED] - orPath_ServiceFeesAccept = "Object Repository/RAD_Pages/ServiceFeeAccept_Page": null

2023-12-20 12:43:43 - [TEST_STEP][PASSED] - selectOptionByLabel(findTestObject(orPath_Landing + "/dd_TaxType"), Paymenttype, false): All options with label 'Existing Liability w/Notice Number' are selected in object 'Object Repository/RAD_Pages/Landing_Page/dd_TaxType' 

2023-12-20 12:43:43 - [MESSAGE][PASSED] - All options with label 'Existing Liability w/Notice Number' are selected in object 'Object Repository/RAD_Pages/Landing_Page/dd_TaxType' 

2023-12-20 12:43:43 - [TEST_STEP][PASSED] - delay(1): Delayed 1 second(s)

2023-12-20 12:43:44 - [MESSAGE][PASSED] - Delayed 1 second(s)

2023-12-20 12:43:44 - [TEST_STEP][PASSED] - switch (Paymenttype): null

2023-12-20 12:43:44 - [TEST_STEP][PASSED] - case "Existing Liability w/Notice Number":: null

2023-12-20 12:43:44 - [TEST_STEP][PASSED] - selectOptionByLabel(findTestObject(orPath_TaxTypeFilingYear + "/select_TaxType_ExistingLiability"), Taxtype, false): All options with label 'PTE Non-Electing Non-S Corp' are selected in object 'Object Repository/RAD_Pages/TaxTypeFilingYear_Page/select_TaxType_ExistingLiability' 

2023-12-20 12:43:45 - [MESSAGE][PASSED] - All options with label 'PTE Non-Electing Non-S Corp' are selected in object 'Object Repository/RAD_Pages/TaxTypeFilingYear_Page/select_TaxType_ExistingLiability' 

2023-12-20 12:43:45 - [TEST_STEP][PASSED] - break: null

2023-12-20 12:43:45 - [TEST_STEP][PASSED] - delay(1): Delayed 1 second(s)

2023-12-20 12:43:46 - [MESSAGE][PASSED] - Delayed 1 second(s)

2023-12-20 12:43:46 - [TEST_STEP][PASSED] - switch (Paymenttype): null

2023-12-20 12:43:46 - [TEST_STEP][PASSED] - case "Existing Liability w/Notice Number":: null

2023-12-20 12:43:46 - [TEST_STEP][PASSED] - if (feinSsn.equalsIgnoreCase("Y")): Text ****** has been set on object 'Object Repository/RAD_Pages/TaxInfo_Page/input_TaxInfo_RetypefeinSsn_Existing_New'

2023-12-20 12:43:46 - [TEST_STEP][PASSED] - setEncryptedText(findTestObject(orPath_TaxInfo + "/input_TaxInfo_feinSsn_Existing_New"), "iGDxf8hSRT4="): Text ****** has been set on object 'Object Repository/RAD_Pages/TaxInfo_Page/input_TaxInfo_feinSsn_Existing_New'

2023-12-20 12:43:46 - [MESSAGE][PASSED] - Text ****** has been set on object 'Object Repository/RAD_Pages/TaxInfo_Page/input_TaxInfo_feinSsn_Existing_New'

2023-12-20 12:43:46 - [TEST_STEP][PASSED] - setEncryptedText(findTestObject(orPath_TaxInfo + "/input_TaxInfo_RetypefeinSsn_Existing_New"), ""): Text ****** has been set on object 'Object Repository/RAD_Pages/TaxInfo_Page/input_TaxInfo_RetypefeinSsn_Existing_New'

2023-12-20 12:43:47 - [MESSAGE][PASSED] - Text ****** has been set on object 'Object Repository/RAD_Pages/TaxInfo_Page/input_TaxInfo_RetypefeinSsn_Existing_New'

2023-12-20 12:43:47 - [TEST_STEP][PASSED] - break: null

2023-12-20 12:43:47 - [TEST_STEP][PASSED] - if (feinSsn.equalsIgnoreCase("Y")): null

2023-12-20 12:43:47 - [TEST_STEP][PASSED] - if (verifyTextPresent("Please enter a valid FEIN/SSN with 9 digits", true)): null

2023-12-20 12:43:48 - [MESSAGE][PASSED] - Text 'Please enter a valid FEIN/SSN with 9 digits' is present on page  using regular expression

2023-12-20 12:43:48 - [TEST_STEP][PASSED] - println("Error Message is present on the page"): null

2023-12-20 12:43:48 - [TEST_STEP][PASSED] - out.println("Pass Record Number: " + row): null

2023-12-20 12:43:48 - [TEST_STEP][PASSED] - resText = "Pass": null

2023-12-20 12:43:48 - [TEST_STEP][PASSED] - pages.WriteExcel.demoKey(resText, datText, resColumn, datCloumn, fileLoc, nameSheet, row): pages.WriteExcel.demoKey is PASSED

2023-12-20 12:43:48 - [MESSAGE][PASSED] - pages.WriteExcel.demoKey is PASSED

2023-12-20 12:43:48 - [TEST_STEP][PASSED] - ExecuteTC = findTestData(dataFile).getValue("Execute", row): null

2023-12-20 12:43:48 - [TEST_STEP][PASSED] - Taxtype = findTestData(dataFile).getValue("TaxType", row): null

2023-12-20 12:43:48 - [TEST_STEP][PASSED] - Paymenttype = findTestData(dataFile).getValue("PaymentType", row): null

2023-12-20 12:43:48 - [TEST_STEP][PASSED] - feinSsn = findTestData(dataFile).getValue("FEINSSN", row): null

2023-12-20 12:43:48 - [TEST_STEP][PASSED] - out.println("Value of Execute is : " + ExecuteTC): null

2023-12-20 12:43:48 - [TEST_STEP][PASSED] - if (ExecuteTC.equalsIgnoreCase("Y")): null

2023-12-20 12:43:48 - [TEST_STEP][PASSED] - out.println("Begin Record Number: " + row): null

2023-12-20 12:43:48 - [TEST_STEP][PASSED] - today = new java.util.Date(): null

2023-12-20 12:43:48 - [TEST_STEP][PASSED] - println(today): null

2023-12-20 12:43:48 - [TEST_STEP][PASSED] - datText = today: null

2023-12-20 12:43:48 - [TEST_STEP][PASSED] - Taxtype = findTestData(dataFile).getValue("TaxType", row): null

2023-12-20 12:43:48 - [TEST_STEP][PASSED] - out.println("Taxtype value is : " + Taxtype): null

2023-12-20 12:43:48 - [TEST_STEP][PASSED] - openBrowser(""): Browser is opened with url: ''

2023-12-20 12:43:48 - [MESSAGE][WARNING] - A browser is already opened. Closing browser and opening a new one

2023-12-20 12:43:49 - [MESSAGE][INFO] - Starting 'Chrome' driver

2023-12-20 12:43:49 - [MESSAGE][INFO] - User set preference: ['acceptInsecureCerts', 'true']

2023-12-20 12:43:49 - [MESSAGE][INFO] - Action delay is set to 0 milliseconds

2023-12-20 12:43:51 - [MESSAGE][PASSED] - Browser is opened with url: ''

2023-12-20 12:43:51 - [TEST_STEP][PASSED] - maximizeWindow(): Current window maximized

2023-12-20 12:43:51 - [MESSAGE][PASSED] - Current window maximized

2023-12-20 12:43:51 - [TEST_STEP][PASSED] - navigateToUrl(RADurl): Navigate to 'https://qa2.velocitypayment.com/client/rad/index.html' successfully

2023-12-20 12:43:53 - [MESSAGE][PASSED] - Navigate to 'https://qa2.velocitypayment.com/client/rad/index.html' successfully

2023-12-20 12:43:53 - [TEST_STEP][PASSED] - orPath_Landing = "Object Repository/RAD_Pages/Landing_Page": null

2023-12-20 12:43:53 - [TEST_STEP][PASSED] - orPath_TaxTypeFilingYear = "Object Repository/RAD_Pages/TaxTypeFilingYear_Page": null

2023-12-20 12:43:53 - [TEST_STEP][PASSED] - orPath_TaxPayer = "Object Repository/RAD_Pages/Taxpayer_Page": null

2023-12-20 12:43:53 - [TEST_STEP][PASSED] - orPath_AddressContact = "Object Repository/RAD_Pages/AddressAndContactInfo_Page": null

2023-12-20 12:43:53 - [TEST_STEP][PASSED] - orPath_FilingStatus = "Object Repository/RAD_Pages/FilingStatus_Page": null

2023-12-20 12:43:53 - [TEST_STEP][PASSED] - orPath_Amount = "Object Repository/RAD_Pages/PaymentAmount_Page": null

2023-12-20 12:43:53 - [TEST_STEP][PASSED] - orPath_TaxInfo = "Object Repository/RAD_Pages/TaxInfo_Page": null

2023-12-20 12:43:53 - [TEST_STEP][PASSED] - orPath_Withholding = "Object Repository/RAD_Pages/Withholding_Page": null

2023-12-20 12:43:53 - [TEST_STEP][PASSED] - orPath_Summary = "Object Repository/RAD_Pages/Summary_Page": null

2023-12-20 12:43:53 - [TEST_STEP][PASSED] - orPath_PaymentReady = "Object Repository/RAD_Pages/PaymentReady_Page": null

2023-12-20 12:43:53 - [TEST_STEP][PASSED] - orPath_PaymentEntry = "Object Repository/RAD_Pages/PaymentEntry_Page": null

2023-12-20 12:43:53 - [TEST_STEP][PASSED] - orPath_PaymentConfirmation = "Object Repository/RAD_Pages/PaymentConfirmation_Page": null

2023-12-20 12:43:53 - [TEST_STEP][PASSED] - orPath_ServiceFeesAccept = "Object Repository/RAD_Pages/ServiceFeeAccept_Page": null

2023-12-20 12:43:53 - [TEST_STEP][PASSED] - selectOptionByLabel(findTestObject(orPath_Landing + "/dd_TaxType"), Paymenttype, false): All options with label 'Existing Liability w/Notice Number' are selected in object 'Object Repository/RAD_Pages/Landing_Page/dd_TaxType' 

2023-12-20 12:43:53 - [MESSAGE][PASSED] - All options with label 'Existing Liability w/Notice Number' are selected in object 'Object Repository/RAD_Pages/Landing_Page/dd_TaxType' 

2023-12-20 12:43:53 - [TEST_STEP][PASSED] - delay(1): Delayed 1 second(s)

2023-12-20 12:43:54 - [MESSAGE][PASSED] - Delayed 1 second(s)

2023-12-20 12:43:54 - [TEST_STEP][PASSED] - switch (Paymenttype): null

2023-12-20 12:43:54 - [TEST_STEP][PASSED] - case "Existing Liability w/Notice Number":: null

2023-12-20 12:43:54 - [TEST_STEP][PASSED] - selectOptionByLabel(findTestObject(orPath_TaxTypeFilingYear + "/select_TaxType_ExistingLiability"), Taxtype, false): All options with label 'PTE Non-Electing S Corp' are selected in object 'Object Repository/RAD_Pages/TaxTypeFilingYear_Page/select_TaxType_ExistingLiability' 

2023-12-20 12:43:55 - [MESSAGE][PASSED] - All options with label 'PTE Non-Electing S Corp' are selected in object 'Object Repository/RAD_Pages/TaxTypeFilingYear_Page/select_TaxType_ExistingLiability' 

2023-12-20 12:43:55 - [TEST_STEP][PASSED] - break: null

2023-12-20 12:43:55 - [TEST_STEP][PASSED] - delay(1): Delayed 1 second(s)

2023-12-20 12:43:56 - [MESSAGE][PASSED] - Delayed 1 second(s)

2023-12-20 12:43:56 - [TEST_STEP][PASSED] - switch (Paymenttype): null

2023-12-20 12:43:56 - [TEST_STEP][PASSED] - case "Existing Liability w/Notice Number":: null

2023-12-20 12:43:56 - [TEST_STEP][PASSED] - if (feinSsn.equalsIgnoreCase("Y")): Text ****** has been set on object 'Object Repository/RAD_Pages/TaxInfo_Page/input_TaxInfo_RetypefeinSsn_Existing_New'

2023-12-20 12:43:56 - [TEST_STEP][PASSED] - setEncryptedText(findTestObject(orPath_TaxInfo + "/input_TaxInfo_feinSsn_Existing_New"), "iGDxf8hSRT4="): Text ****** has been set on object 'Object Repository/RAD_Pages/TaxInfo_Page/input_TaxInfo_feinSsn_Existing_New'

2023-12-20 12:43:56 - [MESSAGE][PASSED] - Text ****** has been set on object 'Object Repository/RAD_Pages/TaxInfo_Page/input_TaxInfo_feinSsn_Existing_New'

2023-12-20 12:43:56 - [TEST_STEP][PASSED] - setEncryptedText(findTestObject(orPath_TaxInfo + "/input_TaxInfo_RetypefeinSsn_Existing_New"), ""): Text ****** has been set on object 'Object Repository/RAD_Pages/TaxInfo_Page/input_TaxInfo_RetypefeinSsn_Existing_New'

2023-12-20 12:43:57 - [MESSAGE][PASSED] - Text ****** has been set on object 'Object Repository/RAD_Pages/TaxInfo_Page/input_TaxInfo_RetypefeinSsn_Existing_New'

2023-12-20 12:43:57 - [TEST_STEP][PASSED] - break: null

2023-12-20 12:43:57 - [TEST_STEP][PASSED] - if (feinSsn.equalsIgnoreCase("Y")): null

2023-12-20 12:43:57 - [TEST_STEP][PASSED] - if (verifyTextPresent("Please enter a valid FEIN/SSN with 9 digits", true)): null

2023-12-20 12:43:58 - [MESSAGE][PASSED] - Text 'Please enter a valid FEIN/SSN with 9 digits' is present on page  using regular expression

2023-12-20 12:43:58 - [TEST_STEP][PASSED] - println("Error Message is present on the page"): null

2023-12-20 12:43:58 - [TEST_STEP][PASSED] - out.println("Pass Record Number: " + row): null

2023-12-20 12:43:58 - [TEST_STEP][PASSED] - resText = "Pass": null

2023-12-20 12:43:58 - [TEST_STEP][PASSED] - pages.WriteExcel.demoKey(resText, datText, resColumn, datCloumn, fileLoc, nameSheet, row): pages.WriteExcel.demoKey is PASSED

2023-12-20 12:43:58 - [MESSAGE][PASSED] - pages.WriteExcel.demoKey is PASSED

2023-12-20 12:43:58 - [TEST_STEP][PASSED] - ExecuteTC = findTestData(dataFile).getValue("Execute", row): null

2023-12-20 12:43:58 - [TEST_STEP][PASSED] - Taxtype = findTestData(dataFile).getValue("TaxType", row): null

2023-12-20 12:43:58 - [TEST_STEP][PASSED] - Paymenttype = findTestData(dataFile).getValue("PaymentType", row): null

2023-12-20 12:43:58 - [TEST_STEP][PASSED] - feinSsn = findTestData(dataFile).getValue("FEINSSN", row): null

2023-12-20 12:43:58 - [TEST_STEP][PASSED] - out.println("Value of Execute is : " + ExecuteTC): null

2023-12-20 12:43:58 - [TEST_STEP][PASSED] - if (ExecuteTC.equalsIgnoreCase("Y")): null

2023-12-20 12:43:58 - [TEST_STEP][PASSED] - out.println("Begin Record Number: " + row): null

2023-12-20 12:43:58 - [TEST_STEP][PASSED] - today = new java.util.Date(): null

2023-12-20 12:43:58 - [TEST_STEP][PASSED] - println(today): null

2023-12-20 12:43:58 - [TEST_STEP][PASSED] - datText = today: null

2023-12-20 12:43:58 - [TEST_STEP][PASSED] - Taxtype = findTestData(dataFile).getValue("TaxType", row): null

2023-12-20 12:43:58 - [TEST_STEP][PASSED] - out.println("Taxtype value is : " + Taxtype): null

2023-12-20 12:43:58 - [TEST_STEP][PASSED] - openBrowser(""): Browser is opened with url: ''

2023-12-20 12:43:58 - [MESSAGE][WARNING] - A browser is already opened. Closing browser and opening a new one

2023-12-20 12:43:59 - [MESSAGE][INFO] - Starting 'Chrome' driver

2023-12-20 12:43:59 - [MESSAGE][INFO] - User set preference: ['acceptInsecureCerts', 'true']

2023-12-20 12:43:59 - [MESSAGE][INFO] - Action delay is set to 0 milliseconds

2023-12-20 12:44:01 - [MESSAGE][PASSED] - Browser is opened with url: ''

2023-12-20 12:44:01 - [TEST_STEP][PASSED] - maximizeWindow(): Current window maximized

2023-12-20 12:44:01 - [MESSAGE][PASSED] - Current window maximized

2023-12-20 12:44:01 - [TEST_STEP][PASSED] - navigateToUrl(RADurl): Navigate to 'https://qa2.velocitypayment.com/client/rad/index.html' successfully

2023-12-20 12:44:02 - [MESSAGE][PASSED] - Navigate to 'https://qa2.velocitypayment.com/client/rad/index.html' successfully

2023-12-20 12:44:02 - [TEST_STEP][PASSED] - orPath_Landing = "Object Repository/RAD_Pages/Landing_Page": null

2023-12-20 12:44:02 - [TEST_STEP][PASSED] - orPath_TaxTypeFilingYear = "Object Repository/RAD_Pages/TaxTypeFilingYear_Page": null

2023-12-20 12:44:02 - [TEST_STEP][PASSED] - orPath_TaxPayer = "Object Repository/RAD_Pages/Taxpayer_Page": null

2023-12-20 12:44:02 - [TEST_STEP][PASSED] - orPath_AddressContact = "Object Repository/RAD_Pages/AddressAndContactInfo_Page": null

2023-12-20 12:44:02 - [TEST_STEP][PASSED] - orPath_FilingStatus = "Object Repository/RAD_Pages/FilingStatus_Page": null

2023-12-20 12:44:02 - [TEST_STEP][PASSED] - orPath_Amount = "Object Repository/RAD_Pages/PaymentAmount_Page": null

2023-12-20 12:44:02 - [TEST_STEP][PASSED] - orPath_TaxInfo = "Object Repository/RAD_Pages/TaxInfo_Page": null

2023-12-20 12:44:02 - [TEST_STEP][PASSED] - orPath_Withholding = "Object Repository/RAD_Pages/Withholding_Page": null

2023-12-20 12:44:02 - [TEST_STEP][PASSED] - orPath_Summary = "Object Repository/RAD_Pages/Summary_Page": null

2023-12-20 12:44:02 - [TEST_STEP][PASSED] - orPath_PaymentReady = "Object Repository/RAD_Pages/PaymentReady_Page": null

2023-12-20 12:44:02 - [TEST_STEP][PASSED] - orPath_PaymentEntry = "Object Repository/RAD_Pages/PaymentEntry_Page": null

2023-12-20 12:44:02 - [TEST_STEP][PASSED] - orPath_PaymentConfirmation = "Object Repository/RAD_Pages/PaymentConfirmation_Page": null

2023-12-20 12:44:02 - [TEST_STEP][PASSED] - orPath_ServiceFeesAccept = "Object Repository/RAD_Pages/ServiceFeeAccept_Page": null

2023-12-20 12:44:02 - [TEST_STEP][PASSED] - selectOptionByLabel(findTestObject(orPath_Landing + "/dd_TaxType"), Paymenttype, false): All options with label 'Existing Liability w/Notice Number' are selected in object 'Object Repository/RAD_Pages/Landing_Page/dd_TaxType' 

2023-12-20 12:44:03 - [MESSAGE][PASSED] - All options with label 'Existing Liability w/Notice Number' are selected in object 'Object Repository/RAD_Pages/Landing_Page/dd_TaxType' 

2023-12-20 12:44:03 - [TEST_STEP][PASSED] - delay(1): Delayed 1 second(s)

2023-12-20 12:44:04 - [MESSAGE][PASSED] - Delayed 1 second(s)

2023-12-20 12:44:04 - [TEST_STEP][PASSED] - switch (Paymenttype): null

2023-12-20 12:44:04 - [TEST_STEP][PASSED] - case "Existing Liability w/Notice Number":: null

2023-12-20 12:44:04 - [TEST_STEP][PASSED] - selectOptionByLabel(findTestObject(orPath_TaxTypeFilingYear + "/select_TaxType_ExistingLiability"), Taxtype, false): All options with label 'Sales & Use Tax' are selected in object 'Object Repository/RAD_Pages/TaxTypeFilingYear_Page/select_TaxType_ExistingLiability' 

2023-12-20 12:44:05 - [MESSAGE][PASSED] - All options with label 'Sales & Use Tax' are selected in object 'Object Repository/RAD_Pages/TaxTypeFilingYear_Page/select_TaxType_ExistingLiability' 

2023-12-20 12:44:05 - [TEST_STEP][PASSED] - break: null

2023-12-20 12:44:05 - [TEST_STEP][PASSED] - delay(1): Delayed 1 second(s)

2023-12-20 12:44:06 - [MESSAGE][PASSED] - Delayed 1 second(s)

2023-12-20 12:44:06 - [TEST_STEP][PASSED] - switch (Paymenttype): null

2023-12-20 12:44:06 - [TEST_STEP][PASSED] - case "Existing Liability w/Notice Number":: null

2023-12-20 12:44:06 - [TEST_STEP][PASSED] - if (feinSsn.equalsIgnoreCase("Y")): null

2023-12-20 12:44:06 - [TEST_STEP][PASSED] - else: Text ****** has been set on object 'Object Repository/RAD_RecordAndPlay/input_Existing_RetypeFEIN'

2023-12-20 12:44:06 - [TEST_STEP][PASSED] - setEncryptedText(findTestObject("Object Repository/RAD_RecordAndPlay/input_Existing_FEIN"), "iGDxf8hSRT4="): Text ****** has been set on object 'Object Repository/RAD_RecordAndPlay/input_Existing_FEIN'

2023-12-20 12:44:06 - [MESSAGE][PASSED] - Text ****** has been set on object 'Object Repository/RAD_RecordAndPlay/input_Existing_FEIN'

2023-12-20 12:44:06 - [TEST_STEP][PASSED] - setEncryptedText(findTestObject("Object Repository/RAD_RecordAndPlay/input_Existing_RetypeFEIN"), ""): Text ****** has been set on object 'Object Repository/RAD_RecordAndPlay/input_Existing_RetypeFEIN'

2023-12-20 12:44:07 - [MESSAGE][PASSED] - Text ****** has been set on object 'Object Repository/RAD_RecordAndPlay/input_Existing_RetypeFEIN'

2023-12-20 12:44:07 - [TEST_STEP][PASSED] - break: null

2023-12-20 12:44:07 - [TEST_STEP][PASSED] - if (feinSsn.equalsIgnoreCase("Y")): null

2023-12-20 12:44:07 - [TEST_STEP][PASSED] - else: null

2023-12-20 12:44:07 - [TEST_STEP][PASSED] - if (verifyTextPresent("Please enter a valid FEIN with 9 digits.", true)): null

2023-12-20 12:44:08 - [MESSAGE][PASSED] - Text 'Please enter a valid FEIN with 9 digits.' is present on page  using regular expression

2023-12-20 12:44:08 - [TEST_STEP][PASSED] - println("Error Message is present on the page"): null

2023-12-20 12:44:08 - [TEST_STEP][PASSED] - out.println("Pass Record Number: " + row): null

2023-12-20 12:44:08 - [TEST_STEP][PASSED] - resText = "Pass": null

2023-12-20 12:44:08 - [TEST_STEP][PASSED] - pages.WriteExcel.demoKey(resText, datText, resColumn, datCloumn, fileLoc, nameSheet, row): pages.WriteExcel.demoKey is PASSED

2023-12-20 12:44:08 - [MESSAGE][PASSED] - pages.WriteExcel.demoKey is PASSED

2023-12-20 12:44:08 - [TEST_STEP][PASSED] - ExecuteTC = findTestData(dataFile).getValue("Execute", row): null

2023-12-20 12:44:08 - [TEST_STEP][PASSED] - Taxtype = findTestData(dataFile).getValue("TaxType", row): null

2023-12-20 12:44:08 - [TEST_STEP][PASSED] - Paymenttype = findTestData(dataFile).getValue("PaymentType", row): null

2023-12-20 12:44:08 - [TEST_STEP][PASSED] - feinSsn = findTestData(dataFile).getValue("FEINSSN", row): null

2023-12-20 12:44:08 - [TEST_STEP][PASSED] - out.println("Value of Execute is : " + ExecuteTC): null

2023-12-20 12:44:08 - [TEST_STEP][PASSED] - if (ExecuteTC.equalsIgnoreCase("Y")): null

2023-12-20 12:44:08 - [TEST_STEP][PASSED] - out.println("Begin Record Number: " + row): null

2023-12-20 12:44:08 - [TEST_STEP][PASSED] - today = new java.util.Date(): null

2023-12-20 12:44:08 - [TEST_STEP][PASSED] - println(today): null

2023-12-20 12:44:08 - [TEST_STEP][PASSED] - datText = today: null

2023-12-20 12:44:08 - [TEST_STEP][PASSED] - Taxtype = findTestData(dataFile).getValue("TaxType", row): null

2023-12-20 12:44:08 - [TEST_STEP][PASSED] - out.println("Taxtype value is : " + Taxtype): null

2023-12-20 12:44:08 - [TEST_STEP][PASSED] - openBrowser(""): Browser is opened with url: ''

2023-12-20 12:44:08 - [MESSAGE][WARNING] - A browser is already opened. Closing browser and opening a new one

2023-12-20 12:44:09 - [MESSAGE][INFO] - Starting 'Chrome' driver

2023-12-20 12:44:09 - [MESSAGE][INFO] - User set preference: ['acceptInsecureCerts', 'true']

2023-12-20 12:44:09 - [MESSAGE][INFO] - Action delay is set to 0 milliseconds

2023-12-20 12:44:11 - [MESSAGE][PASSED] - Browser is opened with url: ''

2023-12-20 12:44:11 - [TEST_STEP][PASSED] - maximizeWindow(): Current window maximized

2023-12-20 12:44:11 - [MESSAGE][PASSED] - Current window maximized

2023-12-20 12:44:11 - [TEST_STEP][PASSED] - navigateToUrl(RADurl): Navigate to 'https://qa2.velocitypayment.com/client/rad/index.html' successfully

2023-12-20 12:44:12 - [MESSAGE][PASSED] - Navigate to 'https://qa2.velocitypayment.com/client/rad/index.html' successfully

2023-12-20 12:44:12 - [TEST_STEP][PASSED] - orPath_Landing = "Object Repository/RAD_Pages/Landing_Page": null

2023-12-20 12:44:12 - [TEST_STEP][PASSED] - orPath_TaxTypeFilingYear = "Object Repository/RAD_Pages/TaxTypeFilingYear_Page": null

2023-12-20 12:44:12 - [TEST_STEP][PASSED] - orPath_TaxPayer = "Object Repository/RAD_Pages/Taxpayer_Page": null

2023-12-20 12:44:12 - [TEST_STEP][PASSED] - orPath_AddressContact = "Object Repository/RAD_Pages/AddressAndContactInfo_Page": null

2023-12-20 12:44:12 - [TEST_STEP][PASSED] - orPath_FilingStatus = "Object Repository/RAD_Pages/FilingStatus_Page": null

2023-12-20 12:44:12 - [TEST_STEP][PASSED] - orPath_Amount = "Object Repository/RAD_Pages/PaymentAmount_Page": null

2023-12-20 12:44:12 - [TEST_STEP][PASSED] - orPath_TaxInfo = "Object Repository/RAD_Pages/TaxInfo_Page": null

2023-12-20 12:44:12 - [TEST_STEP][PASSED] - orPath_Withholding = "Object Repository/RAD_Pages/Withholding_Page": null

2023-12-20 12:44:12 - [TEST_STEP][PASSED] - orPath_Summary = "Object Repository/RAD_Pages/Summary_Page": null

2023-12-20 12:44:12 - [TEST_STEP][PASSED] - orPath_PaymentReady = "Object Repository/RAD_Pages/PaymentReady_Page": null

2023-12-20 12:44:12 - [TEST_STEP][PASSED] - orPath_PaymentEntry = "Object Repository/RAD_Pages/PaymentEntry_Page": null

2023-12-20 12:44:12 - [TEST_STEP][PASSED] - orPath_PaymentConfirmation = "Object Repository/RAD_Pages/PaymentConfirmation_Page": null

2023-12-20 12:44:12 - [TEST_STEP][PASSED] - orPath_ServiceFeesAccept = "Object Repository/RAD_Pages/ServiceFeeAccept_Page": null

2023-12-20 12:44:12 - [TEST_STEP][PASSED] - selectOptionByLabel(findTestObject(orPath_Landing + "/dd_TaxType"), Paymenttype, false): All options with label 'Existing Liability w/Notice Number' are selected in object 'Object Repository/RAD_Pages/Landing_Page/dd_TaxType' 

2023-12-20 12:44:13 - [MESSAGE][PASSED] - All options with label 'Existing Liability w/Notice Number' are selected in object 'Object Repository/RAD_Pages/Landing_Page/dd_TaxType' 

2023-12-20 12:44:13 - [TEST_STEP][PASSED] - delay(1): Delayed 1 second(s)

2023-12-20 12:44:14 - [MESSAGE][PASSED] - Delayed 1 second(s)

2023-12-20 12:44:14 - [TEST_STEP][PASSED] - switch (Paymenttype): null

2023-12-20 12:44:14 - [TEST_STEP][PASSED] - case "Existing Liability w/Notice Number":: null

2023-12-20 12:44:14 - [TEST_STEP][PASSED] - selectOptionByLabel(findTestObject(orPath_TaxTypeFilingYear + "/select_TaxType_ExistingLiability"), Taxtype, false): All options with label 'Tire Recycling Fee' are selected in object 'Object Repository/RAD_Pages/TaxTypeFilingYear_Page/select_TaxType_ExistingLiability' 

2023-12-20 12:44:15 - [MESSAGE][PASSED] - All options with label 'Tire Recycling Fee' are selected in object 'Object Repository/RAD_Pages/TaxTypeFilingYear_Page/select_TaxType_ExistingLiability' 

2023-12-20 12:44:15 - [TEST_STEP][PASSED] - break: null

2023-12-20 12:44:15 - [TEST_STEP][PASSED] - delay(1): Delayed 1 second(s)

2023-12-20 12:44:16 - [MESSAGE][PASSED] - Delayed 1 second(s)

2023-12-20 12:44:16 - [TEST_STEP][PASSED] - switch (Paymenttype): null

2023-12-20 12:44:16 - [TEST_STEP][PASSED] - case "Existing Liability w/Notice Number":: null

2023-12-20 12:44:16 - [TEST_STEP][PASSED] - if (feinSsn.equalsIgnoreCase("Y")): null

2023-12-20 12:44:16 - [TEST_STEP][PASSED] - else: Text ****** has been set on object 'Object Repository/RAD_RecordAndPlay/input_Existing_RetypeFEIN'

2023-12-20 12:44:16 - [TEST_STEP][PASSED] - setEncryptedText(findTestObject("Object Repository/RAD_RecordAndPlay/input_Existing_FEIN"), "iGDxf8hSRT4="): Text ****** has been set on object 'Object Repository/RAD_RecordAndPlay/input_Existing_FEIN'

2023-12-20 12:44:16 - [MESSAGE][PASSED] - Text ****** has been set on object 'Object Repository/RAD_RecordAndPlay/input_Existing_FEIN'

2023-12-20 12:44:16 - [TEST_STEP][PASSED] - setEncryptedText(findTestObject("Object Repository/RAD_RecordAndPlay/input_Existing_RetypeFEIN"), ""): Text ****** has been set on object 'Object Repository/RAD_RecordAndPlay/input_Existing_RetypeFEIN'

2023-12-20 12:44:17 - [MESSAGE][PASSED] - Text ****** has been set on object 'Object Repository/RAD_RecordAndPlay/input_Existing_RetypeFEIN'

2023-12-20 12:44:17 - [TEST_STEP][PASSED] - break: null

2023-12-20 12:44:17 - [TEST_STEP][PASSED] - if (feinSsn.equalsIgnoreCase("Y")): null

2023-12-20 12:44:17 - [TEST_STEP][PASSED] - else: null

2023-12-20 12:44:17 - [TEST_STEP][PASSED] - if (verifyTextPresent("Please enter a valid FEIN with 9 digits.", true)): null

2023-12-20 12:44:18 - [MESSAGE][PASSED] - Text 'Please enter a valid FEIN with 9 digits.' is present on page  using regular expression

2023-12-20 12:44:18 - [TEST_STEP][PASSED] - println("Error Message is present on the page"): null

2023-12-20 12:44:18 - [TEST_STEP][PASSED] - out.println("Pass Record Number: " + row): null

2023-12-20 12:44:18 - [TEST_STEP][PASSED] - resText = "Pass": null

2023-12-20 12:44:18 - [TEST_STEP][PASSED] - pages.WriteExcel.demoKey(resText, datText, resColumn, datCloumn, fileLoc, nameSheet, row): pages.WriteExcel.demoKey is PASSED

2023-12-20 12:44:18 - [MESSAGE][PASSED] - pages.WriteExcel.demoKey is PASSED

2023-12-20 12:44:18 - [TEST_STEP][PASSED] - ExecuteTC = findTestData(dataFile).getValue("Execute", row): null

2023-12-20 12:44:18 - [TEST_STEP][PASSED] - Taxtype = findTestData(dataFile).getValue("TaxType", row): null

2023-12-20 12:44:18 - [TEST_STEP][PASSED] - Paymenttype = findTestData(dataFile).getValue("PaymentType", row): null

2023-12-20 12:44:18 - [TEST_STEP][PASSED] - feinSsn = findTestData(dataFile).getValue("FEINSSN", row): null

2023-12-20 12:44:18 - [TEST_STEP][PASSED] - out.println("Value of Execute is : " + ExecuteTC): null

2023-12-20 12:44:18 - [TEST_STEP][PASSED] - if (ExecuteTC.equalsIgnoreCase("Y")): null

2023-12-20 12:44:18 - [TEST_STEP][PASSED] - out.println("Begin Record Number: " + row): null

2023-12-20 12:44:18 - [TEST_STEP][PASSED] - today = new java.util.Date(): null

2023-12-20 12:44:18 - [TEST_STEP][PASSED] - println(today): null

2023-12-20 12:44:18 - [TEST_STEP][PASSED] - datText = today: null

2023-12-20 12:44:18 - [TEST_STEP][PASSED] - Taxtype = findTestData(dataFile).getValue("TaxType", row): null

2023-12-20 12:44:18 - [TEST_STEP][PASSED] - out.println("Taxtype value is : " + Taxtype): null

2023-12-20 12:44:18 - [TEST_STEP][PASSED] - openBrowser(""): Browser is opened with url: ''

2023-12-20 12:44:18 - [MESSAGE][WARNING] - A browser is already opened. Closing browser and opening a new one

2023-12-20 12:44:19 - [MESSAGE][INFO] - Starting 'Chrome' driver

2023-12-20 12:44:19 - [MESSAGE][INFO] - User set preference: ['acceptInsecureCerts', 'true']

2023-12-20 12:44:19 - [MESSAGE][INFO] - Action delay is set to 0 milliseconds

2023-12-20 12:44:21 - [MESSAGE][PASSED] - Browser is opened with url: ''

2023-12-20 12:44:21 - [TEST_STEP][PASSED] - maximizeWindow(): Current window maximized

2023-12-20 12:44:21 - [MESSAGE][PASSED] - Current window maximized

2023-12-20 12:44:21 - [TEST_STEP][PASSED] - navigateToUrl(RADurl): Navigate to 'https://qa2.velocitypayment.com/client/rad/index.html' successfully

2023-12-20 12:44:22 - [MESSAGE][PASSED] - Navigate to 'https://qa2.velocitypayment.com/client/rad/index.html' successfully

2023-12-20 12:44:22 - [TEST_STEP][PASSED] - orPath_Landing = "Object Repository/RAD_Pages/Landing_Page": null

2023-12-20 12:44:22 - [TEST_STEP][PASSED] - orPath_TaxTypeFilingYear = "Object Repository/RAD_Pages/TaxTypeFilingYear_Page": null

2023-12-20 12:44:22 - [TEST_STEP][PASSED] - orPath_TaxPayer = "Object Repository/RAD_Pages/Taxpayer_Page": null

2023-12-20 12:44:22 - [TEST_STEP][PASSED] - orPath_AddressContact = "Object Repository/RAD_Pages/AddressAndContactInfo_Page": null

2023-12-20 12:44:22 - [TEST_STEP][PASSED] - orPath_FilingStatus = "Object Repository/RAD_Pages/FilingStatus_Page": null

2023-12-20 12:44:22 - [TEST_STEP][PASSED] - orPath_Amount = "Object Repository/RAD_Pages/PaymentAmount_Page": null

2023-12-20 12:44:22 - [TEST_STEP][PASSED] - orPath_TaxInfo = "Object Repository/RAD_Pages/TaxInfo_Page": null

2023-12-20 12:44:22 - [TEST_STEP][PASSED] - orPath_Withholding = "Object Repository/RAD_Pages/Withholding_Page": null

2023-12-20 12:44:22 - [TEST_STEP][PASSED] - orPath_Summary = "Object Repository/RAD_Pages/Summary_Page": null

2023-12-20 12:44:22 - [TEST_STEP][PASSED] - orPath_PaymentReady = "Object Repository/RAD_Pages/PaymentReady_Page": null

2023-12-20 12:44:22 - [TEST_STEP][PASSED] - orPath_PaymentEntry = "Object Repository/RAD_Pages/PaymentEntry_Page": null

2023-12-20 12:44:22 - [TEST_STEP][PASSED] - orPath_PaymentConfirmation = "Object Repository/RAD_Pages/PaymentConfirmation_Page": null

2023-12-20 12:44:22 - [TEST_STEP][PASSED] - orPath_ServiceFeesAccept = "Object Repository/RAD_Pages/ServiceFeeAccept_Page": null

2023-12-20 12:44:22 - [TEST_STEP][PASSED] - selectOptionByLabel(findTestObject(orPath_Landing + "/dd_TaxType"), Paymenttype, false): All options with label 'Existing Liability w/Notice Number' are selected in object 'Object Repository/RAD_Pages/Landing_Page/dd_TaxType' 

2023-12-20 12:44:23 - [MESSAGE][PASSED] - All options with label 'Existing Liability w/Notice Number' are selected in object 'Object Repository/RAD_Pages/Landing_Page/dd_TaxType' 

2023-12-20 12:44:23 - [TEST_STEP][PASSED] - delay(1): Delayed 1 second(s)

2023-12-20 12:44:24 - [MESSAGE][PASSED] - Delayed 1 second(s)

2023-12-20 12:44:24 - [TEST_STEP][PASSED] - switch (Paymenttype): null

2023-12-20 12:44:24 - [TEST_STEP][PASSED] - case "Existing Liability w/Notice Number":: null

2023-12-20 12:44:24 - [TEST_STEP][PASSED] - selectOptionByLabel(findTestObject(orPath_TaxTypeFilingYear + "/select_TaxType_ExistingLiability"), Taxtype, false): All options with label 'Withholding Tax' are selected in object 'Object Repository/RAD_Pages/TaxTypeFilingYear_Page/select_TaxType_ExistingLiability' 

2023-12-20 12:44:25 - [MESSAGE][PASSED] - All options with label 'Withholding Tax' are selected in object 'Object Repository/RAD_Pages/TaxTypeFilingYear_Page/select_TaxType_ExistingLiability' 

2023-12-20 12:44:25 - [TEST_STEP][PASSED] - break: null

2023-12-20 12:44:25 - [TEST_STEP][PASSED] - delay(1): Delayed 1 second(s)

2023-12-20 12:44:26 - [MESSAGE][PASSED] - Delayed 1 second(s)

2023-12-20 12:44:26 - [TEST_STEP][PASSED] - switch (Paymenttype): null

2023-12-20 12:44:26 - [TEST_STEP][PASSED] - case "Existing Liability w/Notice Number":: null

2023-12-20 12:44:26 - [TEST_STEP][PASSED] - if (feinSsn.equalsIgnoreCase("Y")): null

2023-12-20 12:44:26 - [TEST_STEP][PASSED] - else: Text ****** has been set on object 'Object Repository/RAD_RecordAndPlay/input_Existing_RetypeFEIN'

2023-12-20 12:44:26 - [TEST_STEP][PASSED] - setEncryptedText(findTestObject("Object Repository/RAD_RecordAndPlay/input_Existing_FEIN"), "iGDxf8hSRT4="): Text ****** has been set on object 'Object Repository/RAD_RecordAndPlay/input_Existing_FEIN'

2023-12-20 12:44:26 - [MESSAGE][PASSED] - Text ****** has been set on object 'Object Repository/RAD_RecordAndPlay/input_Existing_FEIN'

2023-12-20 12:44:26 - [TEST_STEP][PASSED] - setEncryptedText(findTestObject("Object Repository/RAD_RecordAndPlay/input_Existing_RetypeFEIN"), ""): Text ****** has been set on object 'Object Repository/RAD_RecordAndPlay/input_Existing_RetypeFEIN'

2023-12-20 12:44:27 - [MESSAGE][PASSED] - Text ****** has been set on object 'Object Repository/RAD_RecordAndPlay/input_Existing_RetypeFEIN'

2023-12-20 12:44:27 - [TEST_STEP][PASSED] - break: null

2023-12-20 12:44:27 - [TEST_STEP][PASSED] - if (feinSsn.equalsIgnoreCase("Y")): null

2023-12-20 12:44:27 - [TEST_STEP][PASSED] - else: null

2023-12-20 12:44:27 - [TEST_STEP][PASSED] - if (verifyTextPresent("Please enter a valid FEIN with 9 digits.", true)): null

2023-12-20 12:44:27 - [MESSAGE][PASSED] - Text 'Please enter a valid FEIN with 9 digits.' is present on page  using regular expression

2023-12-20 12:44:27 - [TEST_STEP][PASSED] - println("Error Message is present on the page"): null

2023-12-20 12:44:27 - [TEST_STEP][PASSED] - out.println("Pass Record Number: " + row): null

2023-12-20 12:44:27 - [TEST_STEP][PASSED] - resText = "Pass": null

2023-12-20 12:44:27 - [TEST_STEP][PASSED] - pages.WriteExcel.demoKey(resText, datText, resColumn, datCloumn, fileLoc, nameSheet, row): pages.WriteExcel.demoKey is PASSED

2023-12-20 12:44:27 - [MESSAGE][PASSED] - pages.WriteExcel.demoKey is PASSED

2023-12-20 12:44:27 - [TEST_STEP][PASSED] - ExecuteTC = findTestData(dataFile).getValue("Execute", row): null

2023-12-20 12:44:27 - [TEST_STEP][PASSED] - Taxtype = findTestData(dataFile).getValue("TaxType", row): null

2023-12-20 12:44:28 - [TEST_STEP][PASSED] - Paymenttype = findTestData(dataFile).getValue("PaymentType", row): null

2023-12-20 12:44:28 - [TEST_STEP][PASSED] - feinSsn = findTestData(dataFile).getValue("FEINSSN", row): null

2023-12-20 12:44:28 - [TEST_STEP][PASSED] - out.println("Value of Execute is : " + ExecuteTC): null

2023-12-20 12:44:28 - [TEST_STEP][PASSED] - if (ExecuteTC.equalsIgnoreCase("Y")): null

2023-12-20 12:44:28 - [TEST_STEP][PASSED] - out.println("Begin Record Number: " + row): null

2023-12-20 12:44:28 - [TEST_STEP][PASSED] - today = new java.util.Date(): null

2023-12-20 12:44:28 - [TEST_STEP][PASSED] - println(today): null

2023-12-20 12:44:28 - [TEST_STEP][PASSED] - datText = today: null

2023-12-20 12:44:28 - [TEST_STEP][PASSED] - Taxtype = findTestData(dataFile).getValue("TaxType", row): null

2023-12-20 12:44:28 - [TEST_STEP][PASSED] - out.println("Taxtype value is : " + Taxtype): null

2023-12-20 12:44:28 - [TEST_STEP][PASSED] - openBrowser(""): Browser is opened with url: ''

2023-12-20 12:44:28 - [MESSAGE][WARNING] - A browser is already opened. Closing browser and opening a new one

2023-12-20 12:44:29 - [MESSAGE][INFO] - Starting 'Chrome' driver

2023-12-20 12:44:29 - [MESSAGE][INFO] - User set preference: ['acceptInsecureCerts', 'true']

2023-12-20 12:44:29 - [MESSAGE][INFO] - Action delay is set to 0 milliseconds

2023-12-20 12:44:30 - [MESSAGE][PASSED] - Browser is opened with url: ''

2023-12-20 12:44:30 - [TEST_STEP][PASSED] - maximizeWindow(): Current window maximized

2023-12-20 12:44:31 - [MESSAGE][PASSED] - Current window maximized

2023-12-20 12:44:31 - [TEST_STEP][PASSED] - navigateToUrl(RADurl): Navigate to 'https://qa2.velocitypayment.com/client/rad/index.html' successfully

2023-12-20 12:44:32 - [MESSAGE][PASSED] - Navigate to 'https://qa2.velocitypayment.com/client/rad/index.html' successfully

2023-12-20 12:44:32 - [TEST_STEP][PASSED] - orPath_Landing = "Object Repository/RAD_Pages/Landing_Page": null

2023-12-20 12:44:32 - [TEST_STEP][PASSED] - orPath_TaxTypeFilingYear = "Object Repository/RAD_Pages/TaxTypeFilingYear_Page": null

2023-12-20 12:44:32 - [TEST_STEP][PASSED] - orPath_TaxPayer = "Object Repository/RAD_Pages/Taxpayer_Page": null

2023-12-20 12:44:32 - [TEST_STEP][PASSED] - orPath_AddressContact = "Object Repository/RAD_Pages/AddressAndContactInfo_Page": null

2023-12-20 12:44:32 - [TEST_STEP][PASSED] - orPath_FilingStatus = "Object Repository/RAD_Pages/FilingStatus_Page": null

2023-12-20 12:44:32 - [TEST_STEP][PASSED] - orPath_Amount = "Object Repository/RAD_Pages/PaymentAmount_Page": null

2023-12-20 12:44:32 - [TEST_STEP][PASSED] - orPath_TaxInfo = "Object Repository/RAD_Pages/TaxInfo_Page": null

2023-12-20 12:44:32 - [TEST_STEP][PASSED] - orPath_Withholding = "Object Repository/RAD_Pages/Withholding_Page": null

2023-12-20 12:44:32 - [TEST_STEP][PASSED] - orPath_Summary = "Object Repository/RAD_Pages/Summary_Page": null

2023-12-20 12:44:32 - [TEST_STEP][PASSED] - orPath_PaymentReady = "Object Repository/RAD_Pages/PaymentReady_Page": null

2023-12-20 12:44:32 - [TEST_STEP][PASSED] - orPath_PaymentEntry = "Object Repository/RAD_Pages/PaymentEntry_Page": null

2023-12-20 12:44:32 - [TEST_STEP][PASSED] - orPath_PaymentConfirmation = "Object Repository/RAD_Pages/PaymentConfirmation_Page": null

2023-12-20 12:44:32 - [TEST_STEP][PASSED] - orPath_ServiceFeesAccept = "Object Repository/RAD_Pages/ServiceFeeAccept_Page": null

2023-12-20 12:44:32 - [TEST_STEP][PASSED] - selectOptionByLabel(findTestObject(orPath_Landing + "/dd_TaxType"), Paymenttype, false): All options with label 'Existing Liability w/Notice Number' are selected in object 'Object Repository/RAD_Pages/Landing_Page/dd_TaxType' 

2023-12-20 12:44:33 - [MESSAGE][PASSED] - All options with label 'Existing Liability w/Notice Number' are selected in object 'Object Repository/RAD_Pages/Landing_Page/dd_TaxType' 

2023-12-20 12:44:33 - [TEST_STEP][PASSED] - delay(1): Delayed 1 second(s)

2023-12-20 12:44:34 - [MESSAGE][PASSED] - Delayed 1 second(s)

2023-12-20 12:44:34 - [TEST_STEP][PASSED] - switch (Paymenttype): null

2023-12-20 12:44:34 - [TEST_STEP][PASSED] - case "Existing Liability w/Notice Number":: null

2023-12-20 12:44:34 - [TEST_STEP][PASSED] - selectOptionByLabel(findTestObject(orPath_TaxTypeFilingYear + "/select_TaxType_ExistingLiability"), Taxtype, false): All options with label 'Alcohol Tax' are selected in object 'Object Repository/RAD_Pages/TaxTypeFilingYear_Page/select_TaxType_ExistingLiability' 

2023-12-20 12:44:35 - [MESSAGE][PASSED] - All options with label 'Alcohol Tax' are selected in object 'Object Repository/RAD_Pages/TaxTypeFilingYear_Page/select_TaxType_ExistingLiability' 

2023-12-20 12:44:35 - [TEST_STEP][PASSED] - break: null

2023-12-20 12:44:35 - [TEST_STEP][PASSED] - delay(1): Delayed 1 second(s)

2023-12-20 12:44:36 - [MESSAGE][PASSED] - Delayed 1 second(s)

2023-12-20 12:44:36 - [TEST_STEP][PASSED] - switch (Paymenttype): null

2023-12-20 12:44:36 - [TEST_STEP][PASSED] - case "Existing Liability w/Notice Number":: null

2023-12-20 12:44:36 - [TEST_STEP][PASSED] - if (feinSsn.equalsIgnoreCase("Y")): null

2023-12-20 12:44:36 - [TEST_STEP][PASSED] - else: Text ****** has been set on object 'Object Repository/RAD_RecordAndPlay/input_Existing_RetypeFEIN'

2023-12-20 12:44:36 - [TEST_STEP][PASSED] - setEncryptedText(findTestObject("Object Repository/RAD_RecordAndPlay/input_Existing_FEIN"), "iGDxf8hSRT4="): Text ****** has been set on object 'Object Repository/RAD_RecordAndPlay/input_Existing_FEIN'

2023-12-20 12:44:36 - [MESSAGE][PASSED] - Text ****** has been set on object 'Object Repository/RAD_RecordAndPlay/input_Existing_FEIN'

2023-12-20 12:44:36 - [TEST_STEP][PASSED] - setEncryptedText(findTestObject("Object Repository/RAD_RecordAndPlay/input_Existing_RetypeFEIN"), ""): Text ****** has been set on object 'Object Repository/RAD_RecordAndPlay/input_Existing_RetypeFEIN'

2023-12-20 12:44:37 - [MESSAGE][PASSED] - Text ****** has been set on object 'Object Repository/RAD_RecordAndPlay/input_Existing_RetypeFEIN'

2023-12-20 12:44:37 - [TEST_STEP][PASSED] - break: null

2023-12-20 12:44:37 - [TEST_STEP][PASSED] - if (feinSsn.equalsIgnoreCase("Y")): null

2023-12-20 12:44:37 - [TEST_STEP][PASSED] - else: null

2023-12-20 12:44:37 - [TEST_STEP][PASSED] - if (verifyTextPresent("Please enter a valid FEIN with 9 digits.", true)): null

2023-12-20 12:44:37 - [MESSAGE][PASSED] - Text 'Please enter a valid FEIN with 9 digits.' is present on page  using regular expression

2023-12-20 12:44:37 - [TEST_STEP][PASSED] - println("Error Message is present on the page"): null

2023-12-20 12:44:37 - [TEST_STEP][PASSED] - out.println("Pass Record Number: " + row): null

2023-12-20 12:44:37 - [TEST_STEP][PASSED] - resText = "Pass": null

2023-12-20 12:44:37 - [TEST_STEP][PASSED] - pages.WriteExcel.demoKey(resText, datText, resColumn, datCloumn, fileLoc, nameSheet, row): pages.WriteExcel.demoKey is PASSED

2023-12-20 12:44:38 - [MESSAGE][PASSED] - pages.WriteExcel.demoKey is PASSED

2023-12-20 12:44:38 - [TEST_STEP][PASSED] - ExecuteTC = findTestData(dataFile).getValue("Execute", row): null

2023-12-20 12:44:38 - [TEST_STEP][PASSED] - Taxtype = findTestData(dataFile).getValue("TaxType", row): null

2023-12-20 12:44:38 - [TEST_STEP][PASSED] - Paymenttype = findTestData(dataFile).getValue("PaymentType", row): null

2023-12-20 12:44:38 - [TEST_STEP][PASSED] - feinSsn = findTestData(dataFile).getValue("FEINSSN", row): null

2023-12-20 12:44:38 - [TEST_STEP][PASSED] - out.println("Value of Execute is : " + ExecuteTC): null

2023-12-20 12:44:38 - [TEST_STEP][PASSED] - if (ExecuteTC.equalsIgnoreCase("Y")): null

2023-12-20 12:44:38 - [TEST_STEP][PASSED] - out.println("Begin Record Number: " + row): null

2023-12-20 12:44:38 - [TEST_STEP][PASSED] - today = new java.util.Date(): null

2023-12-20 12:44:38 - [TEST_STEP][PASSED] - println(today): null

2023-12-20 12:44:38 - [TEST_STEP][PASSED] - datText = today: null

2023-12-20 12:44:38 - [TEST_STEP][PASSED] - Taxtype = findTestData(dataFile).getValue("TaxType", row): null

2023-12-20 12:44:38 - [TEST_STEP][PASSED] - out.println("Taxtype value is : " + Taxtype): null

2023-12-20 12:44:38 - [TEST_STEP][PASSED] - openBrowser(""): Browser is opened with url: ''

2023-12-20 12:44:38 - [MESSAGE][WARNING] - A browser is already opened. Closing browser and opening a new one

2023-12-20 12:44:39 - [MESSAGE][INFO] - Starting 'Chrome' driver

2023-12-20 12:44:39 - [MESSAGE][INFO] - User set preference: ['acceptInsecureCerts', 'true']

2023-12-20 12:44:39 - [MESSAGE][INFO] - Action delay is set to 0 milliseconds

2023-12-20 12:44:41 - [MESSAGE][PASSED] - Browser is opened with url: ''

2023-12-20 12:44:41 - [TEST_STEP][PASSED] - maximizeWindow(): Current window maximized

2023-12-20 12:44:41 - [MESSAGE][PASSED] - Current window maximized

2023-12-20 12:44:41 - [TEST_STEP][PASSED] - navigateToUrl(RADurl): Navigate to 'https://qa2.velocitypayment.com/client/rad/index.html' successfully

2023-12-20 12:44:43 - [MESSAGE][PASSED] - Navigate to 'https://qa2.velocitypayment.com/client/rad/index.html' successfully

2023-12-20 12:44:43 - [TEST_STEP][PASSED] - orPath_Landing = "Object Repository/RAD_Pages/Landing_Page": null

2023-12-20 12:44:43 - [TEST_STEP][PASSED] - orPath_TaxTypeFilingYear = "Object Repository/RAD_Pages/TaxTypeFilingYear_Page": null

2023-12-20 12:44:43 - [TEST_STEP][PASSED] - orPath_TaxPayer = "Object Repository/RAD_Pages/Taxpayer_Page": null

2023-12-20 12:44:43 - [TEST_STEP][PASSED] - orPath_AddressContact = "Object Repository/RAD_Pages/AddressAndContactInfo_Page": null

2023-12-20 12:44:43 - [TEST_STEP][PASSED] - orPath_FilingStatus = "Object Repository/RAD_Pages/FilingStatus_Page": null

2023-12-20 12:44:43 - [TEST_STEP][PASSED] - orPath_Amount = "Object Repository/RAD_Pages/PaymentAmount_Page": null

2023-12-20 12:44:43 - [TEST_STEP][PASSED] - orPath_TaxInfo = "Object Repository/RAD_Pages/TaxInfo_Page": null

2023-12-20 12:44:43 - [TEST_STEP][PASSED] - orPath_Withholding = "Object Repository/RAD_Pages/Withholding_Page": null

2023-12-20 12:44:43 - [TEST_STEP][PASSED] - orPath_Summary = "Object Repository/RAD_Pages/Summary_Page": null

2023-12-20 12:44:43 - [TEST_STEP][PASSED] - orPath_PaymentReady = "Object Repository/RAD_Pages/PaymentReady_Page": null

2023-12-20 12:44:43 - [TEST_STEP][PASSED] - orPath_PaymentEntry = "Object Repository/RAD_Pages/PaymentEntry_Page": null

2023-12-20 12:44:43 - [TEST_STEP][PASSED] - orPath_PaymentConfirmation = "Object Repository/RAD_Pages/PaymentConfirmation_Page": null

2023-12-20 12:44:43 - [TEST_STEP][PASSED] - orPath_ServiceFeesAccept = "Object Repository/RAD_Pages/ServiceFeeAccept_Page": null

2023-12-20 12:44:43 - [TEST_STEP][PASSED] - selectOptionByLabel(findTestObject(orPath_Landing + "/dd_TaxType"), Paymenttype, false): All options with label 'Existing Liability w/Notice Number' are selected in object 'Object Repository/RAD_Pages/Landing_Page/dd_TaxType' 

2023-12-20 12:44:43 - [MESSAGE][PASSED] - All options with label 'Existing Liability w/Notice Number' are selected in object 'Object Repository/RAD_Pages/Landing_Page/dd_TaxType' 

2023-12-20 12:44:43 - [TEST_STEP][PASSED] - delay(1): Delayed 1 second(s)

2023-12-20 12:44:44 - [MESSAGE][PASSED] - Delayed 1 second(s)

2023-12-20 12:44:44 - [TEST_STEP][PASSED] - switch (Paymenttype): null

2023-12-20 12:44:44 - [TEST_STEP][PASSED] - case "Existing Liability w/Notice Number":: null

2023-12-20 12:44:44 - [TEST_STEP][PASSED] - selectOptionByLabel(findTestObject(orPath_TaxTypeFilingYear + "/select_TaxType_ExistingLiability"), Taxtype, false): All options with label 'PTE Tax Electing Non-S Corp' are selected in object 'Object Repository/RAD_Pages/TaxTypeFilingYear_Page/select_TaxType_ExistingLiability' 

2023-12-20 12:44:45 - [MESSAGE][PASSED] - All options with label 'PTE Tax Electing Non-S Corp' are selected in object 'Object Repository/RAD_Pages/TaxTypeFilingYear_Page/select_TaxType_ExistingLiability' 

2023-12-20 12:44:45 - [TEST_STEP][PASSED] - break: null

2023-12-20 12:44:45 - [TEST_STEP][PASSED] - delay(1): Delayed 1 second(s)

2023-12-20 12:44:46 - [MESSAGE][PASSED] - Delayed 1 second(s)

2023-12-20 12:44:46 - [TEST_STEP][PASSED] - switch (Paymenttype): null

2023-12-20 12:44:46 - [TEST_STEP][PASSED] - case "Existing Liability w/Notice Number":: null

2023-12-20 12:44:46 - [TEST_STEP][PASSED] - if (feinSsn.equalsIgnoreCase("Y")): Text ****** has been set on object 'Object Repository/RAD_Pages/TaxInfo_Page/input_TaxInfo_RetypefeinSsn_Existing_New'

2023-12-20 12:44:46 - [TEST_STEP][PASSED] - setEncryptedText(findTestObject(orPath_TaxInfo + "/input_TaxInfo_feinSsn_Existing_New"), "iGDxf8hSRT4="): Text ****** has been set on object 'Object Repository/RAD_Pages/TaxInfo_Page/input_TaxInfo_feinSsn_Existing_New'

2023-12-20 12:44:46 - [MESSAGE][PASSED] - Text ****** has been set on object 'Object Repository/RAD_Pages/TaxInfo_Page/input_TaxInfo_feinSsn_Existing_New'

2023-12-20 12:44:47 - [TEST_STEP][PASSED] - setEncryptedText(findTestObject(orPath_TaxInfo + "/input_TaxInfo_RetypefeinSsn_Existing_New"), ""): Text ****** has been set on object 'Object Repository/RAD_Pages/TaxInfo_Page/input_TaxInfo_RetypefeinSsn_Existing_New'

2023-12-20 12:44:47 - [MESSAGE][PASSED] - Text ****** has been set on object 'Object Repository/RAD_Pages/TaxInfo_Page/input_TaxInfo_RetypefeinSsn_Existing_New'

2023-12-20 12:44:47 - [TEST_STEP][PASSED] - break: null

2023-12-20 12:44:47 - [TEST_STEP][PASSED] - if (feinSsn.equalsIgnoreCase("Y")): null

2023-12-20 12:44:47 - [TEST_STEP][PASSED] - if (verifyTextPresent("Please enter a valid FEIN/SSN with 9 digits", true)): null

2023-12-20 12:44:48 - [MESSAGE][PASSED] - Text 'Please enter a valid FEIN/SSN with 9 digits' is present on page  using regular expression

2023-12-20 12:44:48 - [TEST_STEP][PASSED] - println("Error Message is present on the page"): null

2023-12-20 12:44:48 - [TEST_STEP][PASSED] - out.println("Pass Record Number: " + row): null

2023-12-20 12:44:48 - [TEST_STEP][PASSED] - resText = "Pass": null

2023-12-20 12:44:48 - [TEST_STEP][PASSED] - pages.WriteExcel.demoKey(resText, datText, resColumn, datCloumn, fileLoc, nameSheet, row): pages.WriteExcel.demoKey is PASSED

2023-12-20 12:44:48 - [MESSAGE][PASSED] - pages.WriteExcel.demoKey is PASSED

2023-12-20 12:44:48 - [TEST_STEP][PASSED] - ExecuteTC = findTestData(dataFile).getValue("Execute", row): null

2023-12-20 12:44:48 - [TEST_STEP][PASSED] - Taxtype = findTestData(dataFile).getValue("TaxType", row): null

2023-12-20 12:44:48 - [TEST_STEP][PASSED] - Paymenttype = findTestData(dataFile).getValue("PaymentType", row): null

2023-12-20 12:44:48 - [TEST_STEP][PASSED] - feinSsn = findTestData(dataFile).getValue("FEINSSN", row): null

2023-12-20 12:44:48 - [TEST_STEP][PASSED] - out.println("Value of Execute is : " + ExecuteTC): null

2023-12-20 12:44:48 - [TEST_STEP][PASSED] - if (ExecuteTC.equalsIgnoreCase("Y")): null

2023-12-20 12:44:48 - [TEST_STEP][PASSED] - out.println("Begin Record Number: " + row): null

2023-12-20 12:44:48 - [TEST_STEP][PASSED] - today = new java.util.Date(): null

2023-12-20 12:44:48 - [TEST_STEP][PASSED] - println(today): null

2023-12-20 12:44:48 - [TEST_STEP][PASSED] - datText = today: null

2023-12-20 12:44:48 - [TEST_STEP][PASSED] - Taxtype = findTestData(dataFile).getValue("TaxType", row): null

2023-12-20 12:44:48 - [TEST_STEP][PASSED] - out.println("Taxtype value is : " + Taxtype): null

2023-12-20 12:44:48 - [TEST_STEP][PASSED] - openBrowser(""): Browser is opened with url: ''

2023-12-20 12:44:48 - [MESSAGE][WARNING] - A browser is already opened. Closing browser and opening a new one

2023-12-20 12:44:49 - [MESSAGE][INFO] - Starting 'Chrome' driver

2023-12-20 12:44:49 - [MESSAGE][INFO] - User set preference: ['acceptInsecureCerts', 'true']

2023-12-20 12:44:49 - [MESSAGE][INFO] - Action delay is set to 0 milliseconds

2023-12-20 12:44:51 - [MESSAGE][PASSED] - Browser is opened with url: ''

2023-12-20 12:44:51 - [TEST_STEP][PASSED] - maximizeWindow(): Current window maximized

2023-12-20 12:44:51 - [MESSAGE][PASSED] - Current window maximized

2023-12-20 12:44:51 - [TEST_STEP][PASSED] - navigateToUrl(RADurl): Navigate to 'https://qa2.velocitypayment.com/client/rad/index.html' successfully

2023-12-20 12:44:51 - [MESSAGE][PASSED] - Navigate to 'https://qa2.velocitypayment.com/client/rad/index.html' successfully

2023-12-20 12:44:51 - [TEST_STEP][PASSED] - orPath_Landing = "Object Repository/RAD_Pages/Landing_Page": null

2023-12-20 12:44:51 - [TEST_STEP][PASSED] - orPath_TaxTypeFilingYear = "Object Repository/RAD_Pages/TaxTypeFilingYear_Page": null

2023-12-20 12:44:51 - [TEST_STEP][PASSED] - orPath_TaxPayer = "Object Repository/RAD_Pages/Taxpayer_Page": null

2023-12-20 12:44:51 - [TEST_STEP][PASSED] - orPath_AddressContact = "Object Repository/RAD_Pages/AddressAndContactInfo_Page": null

2023-12-20 12:44:51 - [TEST_STEP][PASSED] - orPath_FilingStatus = "Object Repository/RAD_Pages/FilingStatus_Page": null

2023-12-20 12:44:51 - [TEST_STEP][PASSED] - orPath_Amount = "Object Repository/RAD_Pages/PaymentAmount_Page": null

2023-12-20 12:44:51 - [TEST_STEP][PASSED] - orPath_TaxInfo = "Object Repository/RAD_Pages/TaxInfo_Page": null

2023-12-20 12:44:51 - [TEST_STEP][PASSED] - orPath_Withholding = "Object Repository/RAD_Pages/Withholding_Page": null

2023-12-20 12:44:51 - [TEST_STEP][PASSED] - orPath_Summary = "Object Repository/RAD_Pages/Summary_Page": null

2023-12-20 12:44:51 - [TEST_STEP][PASSED] - orPath_PaymentReady = "Object Repository/RAD_Pages/PaymentReady_Page": null

2023-12-20 12:44:51 - [TEST_STEP][PASSED] - orPath_PaymentEntry = "Object Repository/RAD_Pages/PaymentEntry_Page": null

2023-12-20 12:44:51 - [TEST_STEP][PASSED] - orPath_PaymentConfirmation = "Object Repository/RAD_Pages/PaymentConfirmation_Page": null

2023-12-20 12:44:51 - [TEST_STEP][PASSED] - orPath_ServiceFeesAccept = "Object Repository/RAD_Pages/ServiceFeeAccept_Page": null

2023-12-20 12:44:51 - [TEST_STEP][PASSED] - selectOptionByLabel(findTestObject(orPath_Landing + "/dd_TaxType"), Paymenttype, false): All options with label 'Existing Liability w/Notice Number' are selected in object 'Object Repository/RAD_Pages/Landing_Page/dd_TaxType' 

2023-12-20 12:44:53 - [MESSAGE][PASSED] - All options with label 'Existing Liability w/Notice Number' are selected in object 'Object Repository/RAD_Pages/Landing_Page/dd_TaxType' 

2023-12-20 12:44:53 - [TEST_STEP][PASSED] - delay(1): Delayed 1 second(s)

2023-12-20 12:44:54 - [MESSAGE][PASSED] - Delayed 1 second(s)

2023-12-20 12:44:54 - [TEST_STEP][PASSED] - switch (Paymenttype): null

2023-12-20 12:44:54 - [TEST_STEP][PASSED] - case "Existing Liability w/Notice Number":: null

2023-12-20 12:44:54 - [TEST_STEP][PASSED] - selectOptionByLabel(findTestObject(orPath_TaxTypeFilingYear + "/select_TaxType_ExistingLiability"), Taxtype, false): All options with label 'PTE Tax Electing S Corp' are selected in object 'Object Repository/RAD_Pages/TaxTypeFilingYear_Page/select_TaxType_ExistingLiability' 

2023-12-20 12:44:55 - [MESSAGE][PASSED] - All options with label 'PTE Tax Electing S Corp' are selected in object 'Object Repository/RAD_Pages/TaxTypeFilingYear_Page/select_TaxType_ExistingLiability' 

2023-12-20 12:44:55 - [TEST_STEP][PASSED] - break: null

2023-12-20 12:44:55 - [TEST_STEP][PASSED] - delay(1): Delayed 1 second(s)

2023-12-20 12:44:56 - [MESSAGE][PASSED] - Delayed 1 second(s)

2023-12-20 12:44:56 - [TEST_STEP][PASSED] - switch (Paymenttype): null

2023-12-20 12:44:56 - [TEST_STEP][PASSED] - case "Existing Liability w/Notice Number":: null

2023-12-20 12:44:56 - [TEST_STEP][PASSED] - if (feinSsn.equalsIgnoreCase("Y")): Text ****** has been set on object 'Object Repository/RAD_Pages/TaxInfo_Page/input_TaxInfo_RetypefeinSsn_Existing_New'

2023-12-20 12:44:56 - [TEST_STEP][PASSED] - setEncryptedText(findTestObject(orPath_TaxInfo + "/input_TaxInfo_feinSsn_Existing_New"), "iGDxf8hSRT4="): Text ****** has been set on object 'Object Repository/RAD_Pages/TaxInfo_Page/input_TaxInfo_feinSsn_Existing_New'

2023-12-20 12:44:57 - [MESSAGE][PASSED] - Text ****** has been set on object 'Object Repository/RAD_Pages/TaxInfo_Page/input_TaxInfo_feinSsn_Existing_New'

2023-12-20 12:44:57 - [TEST_STEP][PASSED] - setEncryptedText(findTestObject(orPath_TaxInfo + "/input_TaxInfo_RetypefeinSsn_Existing_New"), ""): Text ****** has been set on object 'Object Repository/RAD_Pages/TaxInfo_Page/input_TaxInfo_RetypefeinSsn_Existing_New'

2023-12-20 12:44:57 - [MESSAGE][PASSED] - Text ****** has been set on object 'Object Repository/RAD_Pages/TaxInfo_Page/input_TaxInfo_RetypefeinSsn_Existing_New'

2023-12-20 12:44:57 - [TEST_STEP][PASSED] - break: null

2023-12-20 12:44:57 - [TEST_STEP][PASSED] - if (feinSsn.equalsIgnoreCase("Y")): null

2023-12-20 12:44:57 - [TEST_STEP][PASSED] - if (verifyTextPresent("Please enter a valid FEIN/SSN with 9 digits", true)): null

2023-12-20 12:44:58 - [MESSAGE][PASSED] - Text 'Please enter a valid FEIN/SSN with 9 digits' is present on page  using regular expression

2023-12-20 12:44:58 - [TEST_STEP][PASSED] - println("Error Message is present on the page"): null

2023-12-20 12:44:58 - [TEST_STEP][PASSED] - out.println("Pass Record Number: " + row): null

2023-12-20 12:44:58 - [TEST_STEP][PASSED] - resText = "Pass": null

2023-12-20 12:44:58 - [TEST_STEP][PASSED] - pages.WriteExcel.demoKey(resText, datText, resColumn, datCloumn, fileLoc, nameSheet, row): pages.WriteExcel.demoKey is PASSED

2023-12-20 12:44:58 - [MESSAGE][PASSED] - pages.WriteExcel.demoKey is PASSED

2023-12-20 12:44:58 - [TEST_STEP][PASSED] - ExecuteTC = findTestData(dataFile).getValue("Execute", row): null

2023-12-20 12:44:58 - [TEST_STEP][PASSED] - Taxtype = findTestData(dataFile).getValue("TaxType", row): null

2023-12-20 12:44:58 - [TEST_STEP][PASSED] - Paymenttype = findTestData(dataFile).getValue("PaymentType", row): null

2023-12-20 12:44:58 - [TEST_STEP][PASSED] - feinSsn = findTestData(dataFile).getValue("FEINSSN", row): null

2023-12-20 12:44:58 - [TEST_STEP][PASSED] - out.println("Value of Execute is : " + ExecuteTC): null

2023-12-20 12:44:58 - [TEST_STEP][PASSED] - if (ExecuteTC.equalsIgnoreCase("Y")): null

2023-12-20 12:44:58 - [TEST_STEP][PASSED] - out.println("Begin Record Number: " + row): null

2023-12-20 12:44:58 - [TEST_STEP][PASSED] - today = new java.util.Date(): null

2023-12-20 12:44:58 - [TEST_STEP][PASSED] - println(today): null

2023-12-20 12:44:58 - [TEST_STEP][PASSED] - datText = today: null

2023-12-20 12:44:58 - [TEST_STEP][PASSED] - Taxtype = findTestData(dataFile).getValue("TaxType", row): null

2023-12-20 12:44:58 - [TEST_STEP][PASSED] - out.println("Taxtype value is : " + Taxtype): null

2023-12-20 12:44:58 - [TEST_STEP][PASSED] - openBrowser(""): Browser is opened with url: ''

2023-12-20 12:44:58 - [MESSAGE][WARNING] - A browser is already opened. Closing browser and opening a new one

2023-12-20 12:44:59 - [MESSAGE][INFO] - Starting 'Chrome' driver

2023-12-20 12:44:59 - [MESSAGE][INFO] - User set preference: ['acceptInsecureCerts', 'true']

2023-12-20 12:44:59 - [MESSAGE][INFO] - Action delay is set to 0 milliseconds

2023-12-20 12:45:01 - [MESSAGE][PASSED] - Browser is opened with url: ''

2023-12-20 12:45:01 - [TEST_STEP][PASSED] - maximizeWindow(): Current window maximized

2023-12-20 12:45:01 - [MESSAGE][PASSED] - Current window maximized

2023-12-20 12:45:01 - [TEST_STEP][PASSED] - navigateToUrl(RADurl): Navigate to 'https://qa2.velocitypayment.com/client/rad/index.html' successfully

2023-12-20 12:45:03 - [MESSAGE][PASSED] - Navigate to 'https://qa2.velocitypayment.com/client/rad/index.html' successfully

2023-12-20 12:45:03 - [TEST_STEP][PASSED] - orPath_Landing = "Object Repository/RAD_Pages/Landing_Page": null

2023-12-20 12:45:03 - [TEST_STEP][PASSED] - orPath_TaxTypeFilingYear = "Object Repository/RAD_Pages/TaxTypeFilingYear_Page": null

2023-12-20 12:45:03 - [TEST_STEP][PASSED] - orPath_TaxPayer = "Object Repository/RAD_Pages/Taxpayer_Page": null

2023-12-20 12:45:03 - [TEST_STEP][PASSED] - orPath_AddressContact = "Object Repository/RAD_Pages/AddressAndContactInfo_Page": null

2023-12-20 12:45:03 - [TEST_STEP][PASSED] - orPath_FilingStatus = "Object Repository/RAD_Pages/FilingStatus_Page": null

2023-12-20 12:45:03 - [TEST_STEP][PASSED] - orPath_Amount = "Object Repository/RAD_Pages/PaymentAmount_Page": null

2023-12-20 12:45:03 - [TEST_STEP][PASSED] - orPath_TaxInfo = "Object Repository/RAD_Pages/TaxInfo_Page": null

2023-12-20 12:45:03 - [TEST_STEP][PASSED] - orPath_Withholding = "Object Repository/RAD_Pages/Withholding_Page": null

2023-12-20 12:45:03 - [TEST_STEP][PASSED] - orPath_Summary = "Object Repository/RAD_Pages/Summary_Page": null

2023-12-20 12:45:03 - [TEST_STEP][PASSED] - orPath_PaymentReady = "Object Repository/RAD_Pages/PaymentReady_Page": null

2023-12-20 12:45:03 - [TEST_STEP][PASSED] - orPath_PaymentEntry = "Object Repository/RAD_Pages/PaymentEntry_Page": null

2023-12-20 12:45:03 - [TEST_STEP][PASSED] - orPath_PaymentConfirmation = "Object Repository/RAD_Pages/PaymentConfirmation_Page": null

2023-12-20 12:45:03 - [TEST_STEP][PASSED] - orPath_ServiceFeesAccept = "Object Repository/RAD_Pages/ServiceFeeAccept_Page": null

2023-12-20 12:45:03 - [TEST_STEP][PASSED] - selectOptionByLabel(findTestObject(orPath_Landing + "/dd_TaxType"), Paymenttype, false): All options with label 'Quarterly Estimated Tax' are selected in object 'Object Repository/RAD_Pages/Landing_Page/dd_TaxType' 

2023-12-20 12:45:04 - [MESSAGE][PASSED] - All options with label 'Quarterly Estimated Tax' are selected in object 'Object Repository/RAD_Pages/Landing_Page/dd_TaxType' 

2023-12-20 12:45:04 - [TEST_STEP][PASSED] - delay(1): Delayed 1 second(s)

2023-12-20 12:45:05 - [MESSAGE][PASSED] - Delayed 1 second(s)

2023-12-20 12:45:05 - [TEST_STEP][PASSED] - switch (Paymenttype): null

2023-12-20 12:45:05 - [TEST_STEP][PASSED] - case "Quarterly Estimated Tax":: null

2023-12-20 12:45:05 - [TEST_STEP][PASSED] - selectOptionByLabel(findTestObject(orPath_TaxTypeFilingYear + "/select_PaymentType"), Taxtype, false): All options with label 'Corporate Income Tax' are selected in object 'Object Repository/RAD_Pages/TaxTypeFilingYear_Page/select_PaymentType' 

2023-12-20 12:45:05 - [MESSAGE][PASSED] - All options with label 'Corporate Income Tax' are selected in object 'Object Repository/RAD_Pages/TaxTypeFilingYear_Page/select_PaymentType' 

2023-12-20 12:45:05 - [TEST_STEP][PASSED] - break: null

2023-12-20 12:45:05 - [TEST_STEP][PASSED] - delay(1): Delayed 1 second(s)

2023-12-20 12:45:06 - [MESSAGE][PASSED] - Delayed 1 second(s)

2023-12-20 12:45:06 - [TEST_STEP][PASSED] - switch (Paymenttype): null

2023-12-20 12:45:06 - [TEST_STEP][PASSED] - case "Quarterly Estimated Tax":: null

2023-12-20 12:45:06 - [TEST_STEP][PASSED] - if (feinSsn.equalsIgnoreCase("Y")): null

2023-12-20 12:45:06 - [TEST_STEP][PASSED] - else: Text ****** has been set on object 'Object Repository/RAD_Pages/TaxInfo_Page/input_FederalEIN_ReEnter'

2023-12-20 12:45:06 - [TEST_STEP][PASSED] - setEncryptedText(findTestObject(orPath_TaxInfo + "/input_FederalEIN"), "iGDxf8hSRT4="): Text ****** has been set on object 'Object Repository/RAD_Pages/TaxInfo_Page/input_FederalEIN'

2023-12-20 12:45:07 - [MESSAGE][PASSED] - Text ****** has been set on object 'Object Repository/RAD_Pages/TaxInfo_Page/input_FederalEIN'

2023-12-20 12:45:07 - [TEST_STEP][PASSED] - setEncryptedText(findTestObject(orPath_TaxInfo + "/input_FederalEIN_ReEnter"), ""): Text ****** has been set on object 'Object Repository/RAD_Pages/TaxInfo_Page/input_FederalEIN_ReEnter'

2023-12-20 12:45:08 - [MESSAGE][PASSED] - Text ****** has been set on object 'Object Repository/RAD_Pages/TaxInfo_Page/input_FederalEIN_ReEnter'

2023-12-20 12:45:08 - [TEST_STEP][PASSED] - break: null

2023-12-20 12:45:08 - [TEST_STEP][PASSED] - if (feinSsn.equalsIgnoreCase("Y")): null

2023-12-20 12:45:08 - [TEST_STEP][PASSED] - else: null

2023-12-20 12:45:08 - [TEST_STEP][PASSED] - if (verifyTextPresent("Please enter a valid FEIN with 9 digits.", true)): null

2023-12-20 12:45:09 - [MESSAGE][PASSED] - Text 'Please enter a valid FEIN with 9 digits.' is present on page  using regular expression

2023-12-20 12:45:09 - [TEST_STEP][PASSED] - println("Error Message is present on the page"): null

2023-12-20 12:45:09 - [TEST_STEP][PASSED] - out.println("Pass Record Number: " + row): null

2023-12-20 12:45:09 - [TEST_STEP][PASSED] - resText = "Pass": null

2023-12-20 12:45:09 - [TEST_STEP][PASSED] - pages.WriteExcel.demoKey(resText, datText, resColumn, datCloumn, fileLoc, nameSheet, row): pages.WriteExcel.demoKey is PASSED

2023-12-20 12:45:09 - [MESSAGE][PASSED] - pages.WriteExcel.demoKey is PASSED

2023-12-20 12:45:09 - [TEST_STEP][PASSED] - ExecuteTC = findTestData(dataFile).getValue("Execute", row): null

2023-12-20 12:45:09 - [TEST_STEP][PASSED] - Taxtype = findTestData(dataFile).getValue("TaxType", row): null

2023-12-20 12:45:09 - [TEST_STEP][PASSED] - Paymenttype = findTestData(dataFile).getValue("PaymentType", row): null

2023-12-20 12:45:09 - [TEST_STEP][PASSED] - feinSsn = findTestData(dataFile).getValue("FEINSSN", row): null

2023-12-20 12:45:09 - [TEST_STEP][PASSED] - out.println("Value of Execute is : " + ExecuteTC): null

2023-12-20 12:45:09 - [TEST_STEP][PASSED] - if (ExecuteTC.equalsIgnoreCase("Y")): null

2023-12-20 12:45:09 - [TEST_STEP][PASSED] - out.println("Begin Record Number: " + row): null

2023-12-20 12:45:09 - [TEST_STEP][PASSED] - today = new java.util.Date(): null

2023-12-20 12:45:09 - [TEST_STEP][PASSED] - println(today): null

2023-12-20 12:45:09 - [TEST_STEP][PASSED] - datText = today: null

2023-12-20 12:45:09 - [TEST_STEP][PASSED] - Taxtype = findTestData(dataFile).getValue("TaxType", row): null

2023-12-20 12:45:09 - [TEST_STEP][PASSED] - out.println("Taxtype value is : " + Taxtype): null

2023-12-20 12:45:09 - [TEST_STEP][PASSED] - openBrowser(""): Browser is opened with url: ''

2023-12-20 12:45:09 - [MESSAGE][WARNING] - A browser is already opened. Closing browser and opening a new one

2023-12-20 12:45:10 - [MESSAGE][INFO] - Starting 'Chrome' driver

2023-12-20 12:45:10 - [MESSAGE][INFO] - User set preference: ['acceptInsecureCerts', 'true']

2023-12-20 12:45:10 - [MESSAGE][INFO] - Action delay is set to 0 milliseconds

2023-12-20 12:45:12 - [MESSAGE][PASSED] - Browser is opened with url: ''

2023-12-20 12:45:12 - [TEST_STEP][PASSED] - maximizeWindow(): Current window maximized

2023-12-20 12:45:12 - [MESSAGE][PASSED] - Current window maximized

2023-12-20 12:45:12 - [TEST_STEP][PASSED] - navigateToUrl(RADurl): Navigate to 'https://qa2.velocitypayment.com/client/rad/index.html' successfully

2023-12-20 12:45:14 - [MESSAGE][PASSED] - Navigate to 'https://qa2.velocitypayment.com/client/rad/index.html' successfully

2023-12-20 12:45:14 - [TEST_STEP][PASSED] - orPath_Landing = "Object Repository/RAD_Pages/Landing_Page": null

2023-12-20 12:45:14 - [TEST_STEP][PASSED] - orPath_TaxTypeFilingYear = "Object Repository/RAD_Pages/TaxTypeFilingYear_Page": null

2023-12-20 12:45:14 - [TEST_STEP][PASSED] - orPath_TaxPayer = "Object Repository/RAD_Pages/Taxpayer_Page": null

2023-12-20 12:45:14 - [TEST_STEP][PASSED] - orPath_AddressContact = "Object Repository/RAD_Pages/AddressAndContactInfo_Page": null

2023-12-20 12:45:14 - [TEST_STEP][PASSED] - orPath_FilingStatus = "Object Repository/RAD_Pages/FilingStatus_Page": null

2023-12-20 12:45:14 - [TEST_STEP][PASSED] - orPath_Amount = "Object Repository/RAD_Pages/PaymentAmount_Page": null

2023-12-20 12:45:14 - [TEST_STEP][PASSED] - orPath_TaxInfo = "Object Repository/RAD_Pages/TaxInfo_Page": null

2023-12-20 12:45:14 - [TEST_STEP][PASSED] - orPath_Withholding = "Object Repository/RAD_Pages/Withholding_Page": null

2023-12-20 12:45:14 - [TEST_STEP][PASSED] - orPath_Summary = "Object Repository/RAD_Pages/Summary_Page": null

2023-12-20 12:45:14 - [TEST_STEP][PASSED] - orPath_PaymentReady = "Object Repository/RAD_Pages/PaymentReady_Page": null

2023-12-20 12:45:14 - [TEST_STEP][PASSED] - orPath_PaymentEntry = "Object Repository/RAD_Pages/PaymentEntry_Page": null

2023-12-20 12:45:14 - [TEST_STEP][PASSED] - orPath_PaymentConfirmation = "Object Repository/RAD_Pages/PaymentConfirmation_Page": null

2023-12-20 12:45:14 - [TEST_STEP][PASSED] - orPath_ServiceFeesAccept = "Object Repository/RAD_Pages/ServiceFeeAccept_Page": null

2023-12-20 12:45:14 - [TEST_STEP][PASSED] - selectOptionByLabel(findTestObject(orPath_Landing + "/dd_TaxType"), Paymenttype, false): All options with label 'Quarterly Estimated Tax' are selected in object 'Object Repository/RAD_Pages/Landing_Page/dd_TaxType' 

2023-12-20 12:45:14 - [MESSAGE][PASSED] - All options with label 'Quarterly Estimated Tax' are selected in object 'Object Repository/RAD_Pages/Landing_Page/dd_TaxType' 

2023-12-20 12:45:14 - [TEST_STEP][PASSED] - delay(1): Delayed 1 second(s)

2023-12-20 12:45:15 - [MESSAGE][PASSED] - Delayed 1 second(s)

2023-12-20 12:45:15 - [TEST_STEP][PASSED] - switch (Paymenttype): null

2023-12-20 12:45:15 - [TEST_STEP][PASSED] - case "Quarterly Estimated Tax":: null

2023-12-20 12:45:15 - [TEST_STEP][PASSED] - selectOptionByLabel(findTestObject(orPath_TaxTypeFilingYear + "/select_PaymentType"), Taxtype, false): All options with label 'Fiduciary Tax' are selected in object 'Object Repository/RAD_Pages/TaxTypeFilingYear_Page/select_PaymentType' 

2023-12-20 12:45:16 - [MESSAGE][PASSED] - All options with label 'Fiduciary Tax' are selected in object 'Object Repository/RAD_Pages/TaxTypeFilingYear_Page/select_PaymentType' 

2023-12-20 12:45:16 - [TEST_STEP][PASSED] - break: null

2023-12-20 12:45:16 - [TEST_STEP][PASSED] - delay(1): Delayed 1 second(s)

2023-12-20 12:45:17 - [MESSAGE][PASSED] - Delayed 1 second(s)

2023-12-20 12:45:17 - [TEST_STEP][PASSED] - switch (Paymenttype): null

2023-12-20 12:45:17 - [TEST_STEP][PASSED] - case "Quarterly Estimated Tax":: null

2023-12-20 12:45:17 - [TEST_STEP][PASSED] - if (feinSsn.equalsIgnoreCase("Y")): null

2023-12-20 12:45:17 - [TEST_STEP][PASSED] - else: Text ****** has been set on object 'Object Repository/RAD_Pages/TaxInfo_Page/input_FederalEIN_ReEnter'

2023-12-20 12:45:17 - [TEST_STEP][PASSED] - setEncryptedText(findTestObject(orPath_TaxInfo + "/input_FederalEIN"), "iGDxf8hSRT4="): Text ****** has been set on object 'Object Repository/RAD_Pages/TaxInfo_Page/input_FederalEIN'

2023-12-20 12:45:17 - [MESSAGE][PASSED] - Text ****** has been set on object 'Object Repository/RAD_Pages/TaxInfo_Page/input_FederalEIN'

2023-12-20 12:45:17 - [TEST_STEP][PASSED] - setEncryptedText(findTestObject(orPath_TaxInfo + "/input_FederalEIN_ReEnter"), ""): Text ****** has been set on object 'Object Repository/RAD_Pages/TaxInfo_Page/input_FederalEIN_ReEnter'

2023-12-20 12:45:18 - [MESSAGE][PASSED] - Text ****** has been set on object 'Object Repository/RAD_Pages/TaxInfo_Page/input_FederalEIN_ReEnter'

2023-12-20 12:45:18 - [TEST_STEP][PASSED] - break: null

2023-12-20 12:45:18 - [TEST_STEP][PASSED] - if (feinSsn.equalsIgnoreCase("Y")): null

2023-12-20 12:45:18 - [TEST_STEP][PASSED] - else: null

2023-12-20 12:45:18 - [TEST_STEP][PASSED] - if (verifyTextPresent("Please enter a valid FEIN with 9 digits.", true)): null

2023-12-20 12:45:19 - [MESSAGE][PASSED] - Text 'Please enter a valid FEIN with 9 digits.' is present on page  using regular expression

2023-12-20 12:45:19 - [TEST_STEP][PASSED] - println("Error Message is present on the page"): null

2023-12-20 12:45:19 - [TEST_STEP][PASSED] - out.println("Pass Record Number: " + row): null

2023-12-20 12:45:19 - [TEST_STEP][PASSED] - resText = "Pass": null

2023-12-20 12:45:19 - [TEST_STEP][PASSED] - pages.WriteExcel.demoKey(resText, datText, resColumn, datCloumn, fileLoc, nameSheet, row): pages.WriteExcel.demoKey is PASSED

2023-12-20 12:45:19 - [MESSAGE][PASSED] - pages.WriteExcel.demoKey is PASSED

2023-12-20 12:45:19 - [TEST_STEP][PASSED] - ExecuteTC = findTestData(dataFile).getValue("Execute", row): null

2023-12-20 12:45:19 - [TEST_STEP][PASSED] - Taxtype = findTestData(dataFile).getValue("TaxType", row): null

2023-12-20 12:45:19 - [TEST_STEP][PASSED] - Paymenttype = findTestData(dataFile).getValue("PaymentType", row): null

2023-12-20 12:45:19 - [TEST_STEP][PASSED] - feinSsn = findTestData(dataFile).getValue("FEINSSN", row): null

2023-12-20 12:45:19 - [TEST_STEP][PASSED] - out.println("Value of Execute is : " + ExecuteTC): null

2023-12-20 12:45:19 - [TEST_STEP][PASSED] - if (ExecuteTC.equalsIgnoreCase("Y")): null

2023-12-20 12:45:19 - [TEST_STEP][PASSED] - out.println("Begin Record Number: " + row): null

2023-12-20 12:45:19 - [TEST_STEP][PASSED] - today = new java.util.Date(): null

2023-12-20 12:45:19 - [TEST_STEP][PASSED] - println(today): null

2023-12-20 12:45:19 - [TEST_STEP][PASSED] - datText = today: null

2023-12-20 12:45:19 - [TEST_STEP][PASSED] - Taxtype = findTestData(dataFile).getValue("TaxType", row): null

2023-12-20 12:45:19 - [TEST_STEP][PASSED] - out.println("Taxtype value is : " + Taxtype): null

2023-12-20 12:45:19 - [TEST_STEP][PASSED] - openBrowser(""): Browser is opened with url: ''

2023-12-20 12:45:19 - [MESSAGE][WARNING] - A browser is already opened. Closing browser and opening a new one

2023-12-20 12:45:20 - [MESSAGE][INFO] - Starting 'Chrome' driver

2023-12-20 12:45:20 - [MESSAGE][INFO] - User set preference: ['acceptInsecureCerts', 'true']

2023-12-20 12:45:20 - [MESSAGE][INFO] - Action delay is set to 0 milliseconds

2023-12-20 12:45:22 - [MESSAGE][PASSED] - Browser is opened with url: ''

2023-12-20 12:45:22 - [TEST_STEP][PASSED] - maximizeWindow(): Current window maximized

2023-12-20 12:45:22 - [MESSAGE][PASSED] - Current window maximized

2023-12-20 12:45:22 - [TEST_STEP][PASSED] - navigateToUrl(RADurl): Navigate to 'https://qa2.velocitypayment.com/client/rad/index.html' successfully

2023-12-20 12:45:23 - [MESSAGE][PASSED] - Navigate to 'https://qa2.velocitypayment.com/client/rad/index.html' successfully

2023-12-20 12:45:23 - [TEST_STEP][PASSED] - orPath_Landing = "Object Repository/RAD_Pages/Landing_Page": null

2023-12-20 12:45:23 - [TEST_STEP][PASSED] - orPath_TaxTypeFilingYear = "Object Repository/RAD_Pages/TaxTypeFilingYear_Page": null

2023-12-20 12:45:23 - [TEST_STEP][PASSED] - orPath_TaxPayer = "Object Repository/RAD_Pages/Taxpayer_Page": null

2023-12-20 12:45:23 - [TEST_STEP][PASSED] - orPath_AddressContact = "Object Repository/RAD_Pages/AddressAndContactInfo_Page": null

2023-12-20 12:45:23 - [TEST_STEP][PASSED] - orPath_FilingStatus = "Object Repository/RAD_Pages/FilingStatus_Page": null

2023-12-20 12:45:23 - [TEST_STEP][PASSED] - orPath_Amount = "Object Repository/RAD_Pages/PaymentAmount_Page": null

2023-12-20 12:45:23 - [TEST_STEP][PASSED] - orPath_TaxInfo = "Object Repository/RAD_Pages/TaxInfo_Page": null

2023-12-20 12:45:23 - [TEST_STEP][PASSED] - orPath_Withholding = "Object Repository/RAD_Pages/Withholding_Page": null

2023-12-20 12:45:23 - [TEST_STEP][PASSED] - orPath_Summary = "Object Repository/RAD_Pages/Summary_Page": null

2023-12-20 12:45:23 - [TEST_STEP][PASSED] - orPath_PaymentReady = "Object Repository/RAD_Pages/PaymentReady_Page": null

2023-12-20 12:45:23 - [TEST_STEP][PASSED] - orPath_PaymentEntry = "Object Repository/RAD_Pages/PaymentEntry_Page": null

2023-12-20 12:45:23 - [TEST_STEP][PASSED] - orPath_PaymentConfirmation = "Object Repository/RAD_Pages/PaymentConfirmation_Page": null

2023-12-20 12:45:23 - [TEST_STEP][PASSED] - orPath_ServiceFeesAccept = "Object Repository/RAD_Pages/ServiceFeeAccept_Page": null

2023-12-20 12:45:23 - [TEST_STEP][PASSED] - selectOptionByLabel(findTestObject(orPath_Landing + "/dd_TaxType"), Paymenttype, false): All options with label 'Quarterly Estimated Tax' are selected in object 'Object Repository/RAD_Pages/Landing_Page/dd_TaxType' 

2023-12-20 12:45:24 - [MESSAGE][PASSED] - All options with label 'Quarterly Estimated Tax' are selected in object 'Object Repository/RAD_Pages/Landing_Page/dd_TaxType' 

2023-12-20 12:45:24 - [TEST_STEP][PASSED] - delay(1): Delayed 1 second(s)

2023-12-20 12:45:25 - [MESSAGE][PASSED] - Delayed 1 second(s)

2023-12-20 12:45:25 - [TEST_STEP][PASSED] - switch (Paymenttype): null

2023-12-20 12:45:25 - [TEST_STEP][PASSED] - case "Quarterly Estimated Tax":: null

2023-12-20 12:45:25 - [TEST_STEP][PASSED] - selectOptionByLabel(findTestObject(orPath_TaxTypeFilingYear + "/select_PaymentType"), Taxtype, false): All options with label 'PTE Non-Electing Non-S Corp' are selected in object 'Object Repository/RAD_Pages/TaxTypeFilingYear_Page/select_PaymentType' 

2023-12-20 12:45:26 - [MESSAGE][PASSED] - All options with label 'PTE Non-Electing Non-S Corp' are selected in object 'Object Repository/RAD_Pages/TaxTypeFilingYear_Page/select_PaymentType' 

2023-12-20 12:45:26 - [TEST_STEP][PASSED] - break: null

2023-12-20 12:45:26 - [TEST_STEP][PASSED] - delay(1): Delayed 1 second(s)

2023-12-20 12:45:27 - [MESSAGE][PASSED] - Delayed 1 second(s)

2023-12-20 12:45:27 - [TEST_STEP][PASSED] - switch (Paymenttype): null

2023-12-20 12:45:27 - [TEST_STEP][PASSED] - case "Quarterly Estimated Tax":: null

2023-12-20 12:45:27 - [TEST_STEP][PASSED] - if (feinSsn.equalsIgnoreCase("Y")): Text ****** has been set on object 'Object Repository/RAD_Pages/TaxInfo_Page/input_TaxInfo_RetypeFeinSsn_New_2'

2023-12-20 12:45:27 - [TEST_STEP][PASSED] - setEncryptedText(findTestObject(orPath_TaxInfo + "/input_TaxInfo_FeinSsn_New_2"), "iGDxf8hSRT4="): Text ****** has been set on object 'Object Repository/RAD_Pages/TaxInfo_Page/input_TaxInfo_FeinSsn_New_2'

2023-12-20 12:45:27 - [MESSAGE][PASSED] - Text ****** has been set on object 'Object Repository/RAD_Pages/TaxInfo_Page/input_TaxInfo_FeinSsn_New_2'

2023-12-20 12:45:27 - [TEST_STEP][PASSED] - setEncryptedText(findTestObject(orPath_TaxInfo + "/input_TaxInfo_RetypeFeinSsn_New_2"), ""): Text ****** has been set on object 'Object Repository/RAD_Pages/TaxInfo_Page/input_TaxInfo_RetypeFeinSsn_New_2'

2023-12-20 12:45:28 - [MESSAGE][PASSED] - Text ****** has been set on object 'Object Repository/RAD_Pages/TaxInfo_Page/input_TaxInfo_RetypeFeinSsn_New_2'

2023-12-20 12:45:28 - [TEST_STEP][PASSED] - break: null

2023-12-20 12:45:28 - [TEST_STEP][PASSED] - if (feinSsn.equalsIgnoreCase("Y")): null

2023-12-20 12:45:28 - [TEST_STEP][PASSED] - if (verifyTextPresent("Please enter a valid FEIN/SSN with 9 digits", true)): null

2023-12-20 12:45:29 - [MESSAGE][PASSED] - Text 'Please enter a valid FEIN/SSN with 9 digits' is present on page  using regular expression

2023-12-20 12:45:29 - [TEST_STEP][PASSED] - println("Error Message is present on the page"): null

2023-12-20 12:45:29 - [TEST_STEP][PASSED] - out.println("Pass Record Number: " + row): null

2023-12-20 12:45:29 - [TEST_STEP][PASSED] - resText = "Pass": null

2023-12-20 12:45:29 - [TEST_STEP][PASSED] - pages.WriteExcel.demoKey(resText, datText, resColumn, datCloumn, fileLoc, nameSheet, row): pages.WriteExcel.demoKey is PASSED

2023-12-20 12:45:29 - [MESSAGE][PASSED] - pages.WriteExcel.demoKey is PASSED

2023-12-20 12:45:29 - [TEST_STEP][PASSED] - ExecuteTC = findTestData(dataFile).getValue("Execute", row): null

2023-12-20 12:45:29 - [TEST_STEP][PASSED] - Taxtype = findTestData(dataFile).getValue("TaxType", row): null

2023-12-20 12:45:29 - [TEST_STEP][PASSED] - Paymenttype = findTestData(dataFile).getValue("PaymentType", row): null

2023-12-20 12:45:29 - [TEST_STEP][PASSED] - feinSsn = findTestData(dataFile).getValue("FEINSSN", row): null

2023-12-20 12:45:29 - [TEST_STEP][PASSED] - out.println("Value of Execute is : " + ExecuteTC): null

2023-12-20 12:45:29 - [TEST_STEP][PASSED] - if (ExecuteTC.equalsIgnoreCase("Y")): null

2023-12-20 12:45:29 - [TEST_STEP][PASSED] - out.println("Begin Record Number: " + row): null

2023-12-20 12:45:29 - [TEST_STEP][PASSED] - today = new java.util.Date(): null

2023-12-20 12:45:29 - [TEST_STEP][PASSED] - println(today): null

2023-12-20 12:45:29 - [TEST_STEP][PASSED] - datText = today: null

2023-12-20 12:45:29 - [TEST_STEP][PASSED] - Taxtype = findTestData(dataFile).getValue("TaxType", row): null

2023-12-20 12:45:29 - [TEST_STEP][PASSED] - out.println("Taxtype value is : " + Taxtype): null

2023-12-20 12:45:29 - [TEST_STEP][PASSED] - openBrowser(""): Browser is opened with url: ''

2023-12-20 12:45:29 - [MESSAGE][WARNING] - A browser is already opened. Closing browser and opening a new one

2023-12-20 12:45:30 - [MESSAGE][INFO] - Starting 'Chrome' driver

2023-12-20 12:45:30 - [MESSAGE][INFO] - User set preference: ['acceptInsecureCerts', 'true']

2023-12-20 12:45:30 - [MESSAGE][INFO] - Action delay is set to 0 milliseconds

2023-12-20 12:45:32 - [MESSAGE][PASSED] - Browser is opened with url: ''

2023-12-20 12:45:32 - [TEST_STEP][PASSED] - maximizeWindow(): Current window maximized

2023-12-20 12:45:32 - [MESSAGE][PASSED] - Current window maximized

2023-12-20 12:45:32 - [TEST_STEP][PASSED] - navigateToUrl(RADurl): Navigate to 'https://qa2.velocitypayment.com/client/rad/index.html' successfully

2023-12-20 12:45:32 - [MESSAGE][PASSED] - Navigate to 'https://qa2.velocitypayment.com/client/rad/index.html' successfully

2023-12-20 12:45:32 - [TEST_STEP][PASSED] - orPath_Landing = "Object Repository/RAD_Pages/Landing_Page": null

2023-12-20 12:45:32 - [TEST_STEP][PASSED] - orPath_TaxTypeFilingYear = "Object Repository/RAD_Pages/TaxTypeFilingYear_Page": null

2023-12-20 12:45:32 - [TEST_STEP][PASSED] - orPath_TaxPayer = "Object Repository/RAD_Pages/Taxpayer_Page": null

2023-12-20 12:45:32 - [TEST_STEP][PASSED] - orPath_AddressContact = "Object Repository/RAD_Pages/AddressAndContactInfo_Page": null

2023-12-20 12:45:32 - [TEST_STEP][PASSED] - orPath_FilingStatus = "Object Repository/RAD_Pages/FilingStatus_Page": null

2023-12-20 12:45:32 - [TEST_STEP][PASSED] - orPath_Amount = "Object Repository/RAD_Pages/PaymentAmount_Page": null

2023-12-20 12:45:32 - [TEST_STEP][PASSED] - orPath_TaxInfo = "Object Repository/RAD_Pages/TaxInfo_Page": null

2023-12-20 12:45:32 - [TEST_STEP][PASSED] - orPath_Withholding = "Object Repository/RAD_Pages/Withholding_Page": null

2023-12-20 12:45:32 - [TEST_STEP][PASSED] - orPath_Summary = "Object Repository/RAD_Pages/Summary_Page": null

2023-12-20 12:45:32 - [TEST_STEP][PASSED] - orPath_PaymentReady = "Object Repository/RAD_Pages/PaymentReady_Page": null

2023-12-20 12:45:32 - [TEST_STEP][PASSED] - orPath_PaymentEntry = "Object Repository/RAD_Pages/PaymentEntry_Page": null

2023-12-20 12:45:32 - [TEST_STEP][PASSED] - orPath_PaymentConfirmation = "Object Repository/RAD_Pages/PaymentConfirmation_Page": null

2023-12-20 12:45:32 - [TEST_STEP][PASSED] - orPath_ServiceFeesAccept = "Object Repository/RAD_Pages/ServiceFeeAccept_Page": null

2023-12-20 12:45:32 - [TEST_STEP][PASSED] - selectOptionByLabel(findTestObject(orPath_Landing + "/dd_TaxType"), Paymenttype, false): All options with label 'Quarterly Estimated Tax' are selected in object 'Object Repository/RAD_Pages/Landing_Page/dd_TaxType' 

2023-12-20 12:45:34 - [MESSAGE][PASSED] - All options with label 'Quarterly Estimated Tax' are selected in object 'Object Repository/RAD_Pages/Landing_Page/dd_TaxType' 

2023-12-20 12:45:34 - [TEST_STEP][PASSED] - delay(1): Delayed 1 second(s)

2023-12-20 12:45:35 - [MESSAGE][PASSED] - Delayed 1 second(s)

2023-12-20 12:45:35 - [TEST_STEP][PASSED] - switch (Paymenttype): null

2023-12-20 12:45:35 - [TEST_STEP][PASSED] - case "Quarterly Estimated Tax":: null

2023-12-20 12:45:35 - [TEST_STEP][PASSED] - selectOptionByLabel(findTestObject(orPath_TaxTypeFilingYear + "/select_PaymentType"), Taxtype, false): All options with label 'PTE Non-Electing S Corp' are selected in object 'Object Repository/RAD_Pages/TaxTypeFilingYear_Page/select_PaymentType' 

2023-12-20 12:45:36 - [MESSAGE][PASSED] - All options with label 'PTE Non-Electing S Corp' are selected in object 'Object Repository/RAD_Pages/TaxTypeFilingYear_Page/select_PaymentType' 

2023-12-20 12:45:36 - [TEST_STEP][PASSED] - break: null

2023-12-20 12:45:36 - [TEST_STEP][PASSED] - delay(1): Delayed 1 second(s)

2023-12-20 12:45:37 - [MESSAGE][PASSED] - Delayed 1 second(s)

2023-12-20 12:45:37 - [TEST_STEP][PASSED] - switch (Paymenttype): null

2023-12-20 12:45:37 - [TEST_STEP][PASSED] - case "Quarterly Estimated Tax":: null

2023-12-20 12:45:37 - [TEST_STEP][PASSED] - if (feinSsn.equalsIgnoreCase("Y")): Text ****** has been set on object 'Object Repository/RAD_Pages/TaxInfo_Page/input_TaxInfo_RetypeFeinSsn_New_2'

2023-12-20 12:45:37 - [TEST_STEP][PASSED] - setEncryptedText(findTestObject(orPath_TaxInfo + "/input_TaxInfo_FeinSsn_New_2"), "iGDxf8hSRT4="): Text ****** has been set on object 'Object Repository/RAD_Pages/TaxInfo_Page/input_TaxInfo_FeinSsn_New_2'

2023-12-20 12:45:37 - [MESSAGE][PASSED] - Text ****** has been set on object 'Object Repository/RAD_Pages/TaxInfo_Page/input_TaxInfo_FeinSsn_New_2'

2023-12-20 12:45:37 - [TEST_STEP][PASSED] - setEncryptedText(findTestObject(orPath_TaxInfo + "/input_TaxInfo_RetypeFeinSsn_New_2"), ""): Text ****** has been set on object 'Object Repository/RAD_Pages/TaxInfo_Page/input_TaxInfo_RetypeFeinSsn_New_2'

2023-12-20 12:45:38 - [MESSAGE][PASSED] - Text ****** has been set on object 'Object Repository/RAD_Pages/TaxInfo_Page/input_TaxInfo_RetypeFeinSsn_New_2'

2023-12-20 12:45:38 - [TEST_STEP][PASSED] - break: null

2023-12-20 12:45:38 - [TEST_STEP][PASSED] - if (feinSsn.equalsIgnoreCase("Y")): null

2023-12-20 12:45:38 - [TEST_STEP][PASSED] - if (verifyTextPresent("Please enter a valid FEIN/SSN with 9 digits", true)): null

2023-12-20 12:45:38 - [MESSAGE][PASSED] - Text 'Please enter a valid FEIN/SSN with 9 digits' is present on page  using regular expression

2023-12-20 12:45:38 - [TEST_STEP][PASSED] - println("Error Message is present on the page"): null

2023-12-20 12:45:38 - [TEST_STEP][PASSED] - out.println("Pass Record Number: " + row): null

2023-12-20 12:45:38 - [TEST_STEP][PASSED] - resText = "Pass": null

2023-12-20 12:45:38 - [TEST_STEP][PASSED] - pages.WriteExcel.demoKey(resText, datText, resColumn, datCloumn, fileLoc, nameSheet, row): pages.WriteExcel.demoKey is PASSED

2023-12-20 12:45:38 - [MESSAGE][PASSED] - pages.WriteExcel.demoKey is PASSED

2023-12-20 12:45:38 - [TEST_STEP][PASSED] - ExecuteTC = findTestData(dataFile).getValue("Execute", row): null

2023-12-20 12:45:39 - [TEST_STEP][PASSED] - Taxtype = findTestData(dataFile).getValue("TaxType", row): null

2023-12-20 12:45:39 - [TEST_STEP][PASSED] - Paymenttype = findTestData(dataFile).getValue("PaymentType", row): null

2023-12-20 12:45:39 - [TEST_STEP][PASSED] - feinSsn = findTestData(dataFile).getValue("FEINSSN", row): null

2023-12-20 12:45:39 - [TEST_STEP][PASSED] - out.println("Value of Execute is : " + ExecuteTC): null

2023-12-20 12:45:39 - [TEST_STEP][PASSED] - if (ExecuteTC.equalsIgnoreCase("Y")): null

2023-12-20 12:45:39 - [TEST_STEP][PASSED] - out.println("Begin Record Number: " + row): null

2023-12-20 12:45:39 - [TEST_STEP][PASSED] - today = new java.util.Date(): null

2023-12-20 12:45:39 - [TEST_STEP][PASSED] - println(today): null

2023-12-20 12:45:39 - [TEST_STEP][PASSED] - datText = today: null

2023-12-20 12:45:39 - [TEST_STEP][PASSED] - Taxtype = findTestData(dataFile).getValue("TaxType", row): null

2023-12-20 12:45:39 - [TEST_STEP][PASSED] - out.println("Taxtype value is : " + Taxtype): null

2023-12-20 12:45:39 - [TEST_STEP][PASSED] - openBrowser(""): Browser is opened with url: ''

2023-12-20 12:45:39 - [MESSAGE][WARNING] - A browser is already opened. Closing browser and opening a new one

2023-12-20 12:45:40 - [MESSAGE][INFO] - Starting 'Chrome' driver

2023-12-20 12:45:40 - [MESSAGE][INFO] - User set preference: ['acceptInsecureCerts', 'true']

2023-12-20 12:45:40 - [MESSAGE][INFO] - Action delay is set to 0 milliseconds

2023-12-20 12:45:42 - [MESSAGE][PASSED] - Browser is opened with url: ''

2023-12-20 12:45:42 - [TEST_STEP][PASSED] - maximizeWindow(): Current window maximized

2023-12-20 12:45:42 - [MESSAGE][PASSED] - Current window maximized

2023-12-20 12:45:42 - [TEST_STEP][PASSED] - navigateToUrl(RADurl): Navigate to 'https://qa2.velocitypayment.com/client/rad/index.html' successfully

2023-12-20 12:45:42 - [MESSAGE][PASSED] - Navigate to 'https://qa2.velocitypayment.com/client/rad/index.html' successfully

2023-12-20 12:45:42 - [TEST_STEP][PASSED] - orPath_Landing = "Object Repository/RAD_Pages/Landing_Page": null

2023-12-20 12:45:42 - [TEST_STEP][PASSED] - orPath_TaxTypeFilingYear = "Object Repository/RAD_Pages/TaxTypeFilingYear_Page": null

2023-12-20 12:45:42 - [TEST_STEP][PASSED] - orPath_TaxPayer = "Object Repository/RAD_Pages/Taxpayer_Page": null

2023-12-20 12:45:42 - [TEST_STEP][PASSED] - orPath_AddressContact = "Object Repository/RAD_Pages/AddressAndContactInfo_Page": null

2023-12-20 12:45:42 - [TEST_STEP][PASSED] - orPath_FilingStatus = "Object Repository/RAD_Pages/FilingStatus_Page": null

2023-12-20 12:45:42 - [TEST_STEP][PASSED] - orPath_Amount = "Object Repository/RAD_Pages/PaymentAmount_Page": null

2023-12-20 12:45:42 - [TEST_STEP][PASSED] - orPath_TaxInfo = "Object Repository/RAD_Pages/TaxInfo_Page": null

2023-12-20 12:45:42 - [TEST_STEP][PASSED] - orPath_Withholding = "Object Repository/RAD_Pages/Withholding_Page": null

2023-12-20 12:45:42 - [TEST_STEP][PASSED] - orPath_Summary = "Object Repository/RAD_Pages/Summary_Page": null

2023-12-20 12:45:42 - [TEST_STEP][PASSED] - orPath_PaymentReady = "Object Repository/RAD_Pages/PaymentReady_Page": null

2023-12-20 12:45:42 - [TEST_STEP][PASSED] - orPath_PaymentEntry = "Object Repository/RAD_Pages/PaymentEntry_Page": null

2023-12-20 12:45:42 - [TEST_STEP][PASSED] - orPath_PaymentConfirmation = "Object Repository/RAD_Pages/PaymentConfirmation_Page": null

2023-12-20 12:45:42 - [TEST_STEP][PASSED] - orPath_ServiceFeesAccept = "Object Repository/RAD_Pages/ServiceFeeAccept_Page": null

2023-12-20 12:45:42 - [TEST_STEP][PASSED] - selectOptionByLabel(findTestObject(orPath_Landing + "/dd_TaxType"), Paymenttype, false): All options with label 'Quarterly Estimated Tax' are selected in object 'Object Repository/RAD_Pages/Landing_Page/dd_TaxType' 

2023-12-20 12:45:44 - [MESSAGE][PASSED] - All options with label 'Quarterly Estimated Tax' are selected in object 'Object Repository/RAD_Pages/Landing_Page/dd_TaxType' 

2023-12-20 12:45:44 - [TEST_STEP][PASSED] - delay(1): Delayed 1 second(s)

2023-12-20 12:45:45 - [MESSAGE][PASSED] - Delayed 1 second(s)

2023-12-20 12:45:45 - [TEST_STEP][PASSED] - switch (Paymenttype): null

2023-12-20 12:45:45 - [TEST_STEP][PASSED] - case "Quarterly Estimated Tax":: null

2023-12-20 12:45:45 - [TEST_STEP][PASSED] - selectOptionByLabel(findTestObject(orPath_TaxTypeFilingYear + "/select_PaymentType"), Taxtype, false): All options with label 'PTE Tax Electing Non-S Corp' are selected in object 'Object Repository/RAD_Pages/TaxTypeFilingYear_Page/select_PaymentType' 

2023-12-20 12:45:46 - [MESSAGE][PASSED] - All options with label 'PTE Tax Electing Non-S Corp' are selected in object 'Object Repository/RAD_Pages/TaxTypeFilingYear_Page/select_PaymentType' 

2023-12-20 12:45:46 - [TEST_STEP][PASSED] - break: null

2023-12-20 12:45:46 - [TEST_STEP][PASSED] - delay(1): Delayed 1 second(s)

2023-12-20 12:45:47 - [MESSAGE][PASSED] - Delayed 1 second(s)

2023-12-20 12:45:47 - [TEST_STEP][PASSED] - switch (Paymenttype): null

2023-12-20 12:45:47 - [TEST_STEP][PASSED] - case "Quarterly Estimated Tax":: null

2023-12-20 12:45:47 - [TEST_STEP][PASSED] - if (feinSsn.equalsIgnoreCase("Y")): Text ****** has been set on object 'Object Repository/RAD_Pages/TaxInfo_Page/input_TaxInfo_RetypeFeinSsn_New_2'

2023-12-20 12:45:47 - [TEST_STEP][PASSED] - setEncryptedText(findTestObject(orPath_TaxInfo + "/input_TaxInfo_FeinSsn_New_2"), "iGDxf8hSRT4="): Text ****** has been set on object 'Object Repository/RAD_Pages/TaxInfo_Page/input_TaxInfo_FeinSsn_New_2'

2023-12-20 12:45:47 - [MESSAGE][PASSED] - Text ****** has been set on object 'Object Repository/RAD_Pages/TaxInfo_Page/input_TaxInfo_FeinSsn_New_2'

2023-12-20 12:45:47 - [TEST_STEP][PASSED] - setEncryptedText(findTestObject(orPath_TaxInfo + "/input_TaxInfo_RetypeFeinSsn_New_2"), ""): Text ****** has been set on object 'Object Repository/RAD_Pages/TaxInfo_Page/input_TaxInfo_RetypeFeinSsn_New_2'

2023-12-20 12:45:48 - [MESSAGE][PASSED] - Text ****** has been set on object 'Object Repository/RAD_Pages/TaxInfo_Page/input_TaxInfo_RetypeFeinSsn_New_2'

2023-12-20 12:45:48 - [TEST_STEP][PASSED] - break: null

2023-12-20 12:45:48 - [TEST_STEP][PASSED] - if (feinSsn.equalsIgnoreCase("Y")): null

2023-12-20 12:45:48 - [TEST_STEP][PASSED] - if (verifyTextPresent("Please enter a valid FEIN/SSN with 9 digits", true)): null

2023-12-20 12:45:49 - [MESSAGE][PASSED] - Text 'Please enter a valid FEIN/SSN with 9 digits' is present on page  using regular expression

2023-12-20 12:45:49 - [TEST_STEP][PASSED] - println("Error Message is present on the page"): null

2023-12-20 12:45:49 - [TEST_STEP][PASSED] - out.println("Pass Record Number: " + row): null

2023-12-20 12:45:49 - [TEST_STEP][PASSED] - resText = "Pass": null

2023-12-20 12:45:49 - [TEST_STEP][PASSED] - pages.WriteExcel.demoKey(resText, datText, resColumn, datCloumn, fileLoc, nameSheet, row): pages.WriteExcel.demoKey is PASSED

2023-12-20 12:45:49 - [MESSAGE][PASSED] - pages.WriteExcel.demoKey is PASSED

2023-12-20 12:45:49 - [TEST_STEP][PASSED] - ExecuteTC = findTestData(dataFile).getValue("Execute", row): null

2023-12-20 12:45:49 - [TEST_STEP][PASSED] - Taxtype = findTestData(dataFile).getValue("TaxType", row): null

2023-12-20 12:45:49 - [TEST_STEP][PASSED] - Paymenttype = findTestData(dataFile).getValue("PaymentType", row): null

2023-12-20 12:45:49 - [TEST_STEP][PASSED] - feinSsn = findTestData(dataFile).getValue("FEINSSN", row): null

2023-12-20 12:45:49 - [TEST_STEP][PASSED] - out.println("Value of Execute is : " + ExecuteTC): null

2023-12-20 12:45:49 - [TEST_STEP][PASSED] - if (ExecuteTC.equalsIgnoreCase("Y")): null

2023-12-20 12:45:49 - [TEST_STEP][PASSED] - out.println("Begin Record Number: " + row): null

2023-12-20 12:45:49 - [TEST_STEP][PASSED] - today = new java.util.Date(): null

2023-12-20 12:45:49 - [TEST_STEP][PASSED] - println(today): null

2023-12-20 12:45:49 - [TEST_STEP][PASSED] - datText = today: null

2023-12-20 12:45:49 - [TEST_STEP][PASSED] - Taxtype = findTestData(dataFile).getValue("TaxType", row): null

2023-12-20 12:45:49 - [TEST_STEP][PASSED] - out.println("Taxtype value is : " + Taxtype): null

2023-12-20 12:45:49 - [TEST_STEP][PASSED] - openBrowser(""): Browser is opened with url: ''

2023-12-20 12:45:49 - [MESSAGE][WARNING] - A browser is already opened. Closing browser and opening a new one

2023-12-20 12:45:50 - [MESSAGE][INFO] - Starting 'Chrome' driver

2023-12-20 12:45:50 - [MESSAGE][INFO] - User set preference: ['acceptInsecureCerts', 'true']

2023-12-20 12:45:50 - [MESSAGE][INFO] - Action delay is set to 0 milliseconds

2023-12-20 12:45:52 - [MESSAGE][PASSED] - Browser is opened with url: ''

2023-12-20 12:45:52 - [TEST_STEP][PASSED] - maximizeWindow(): Current window maximized

2023-12-20 12:45:52 - [MESSAGE][PASSED] - Current window maximized

2023-12-20 12:45:52 - [TEST_STEP][PASSED] - navigateToUrl(RADurl): Navigate to 'https://qa2.velocitypayment.com/client/rad/index.html' successfully

2023-12-20 12:45:53 - [MESSAGE][PASSED] - Navigate to 'https://qa2.velocitypayment.com/client/rad/index.html' successfully

2023-12-20 12:45:53 - [TEST_STEP][PASSED] - orPath_Landing = "Object Repository/RAD_Pages/Landing_Page": null

2023-12-20 12:45:53 - [TEST_STEP][PASSED] - orPath_TaxTypeFilingYear = "Object Repository/RAD_Pages/TaxTypeFilingYear_Page": null

2023-12-20 12:45:53 - [TEST_STEP][PASSED] - orPath_TaxPayer = "Object Repository/RAD_Pages/Taxpayer_Page": null

2023-12-20 12:45:53 - [TEST_STEP][PASSED] - orPath_AddressContact = "Object Repository/RAD_Pages/AddressAndContactInfo_Page": null

2023-12-20 12:45:53 - [TEST_STEP][PASSED] - orPath_FilingStatus = "Object Repository/RAD_Pages/FilingStatus_Page": null

2023-12-20 12:45:53 - [TEST_STEP][PASSED] - orPath_Amount = "Object Repository/RAD_Pages/PaymentAmount_Page": null

2023-12-20 12:45:53 - [TEST_STEP][PASSED] - orPath_TaxInfo = "Object Repository/RAD_Pages/TaxInfo_Page": null

2023-12-20 12:45:53 - [TEST_STEP][PASSED] - orPath_Withholding = "Object Repository/RAD_Pages/Withholding_Page": null

2023-12-20 12:45:53 - [TEST_STEP][PASSED] - orPath_Summary = "Object Repository/RAD_Pages/Summary_Page": null

2023-12-20 12:45:53 - [TEST_STEP][PASSED] - orPath_PaymentReady = "Object Repository/RAD_Pages/PaymentReady_Page": null

2023-12-20 12:45:53 - [TEST_STEP][PASSED] - orPath_PaymentEntry = "Object Repository/RAD_Pages/PaymentEntry_Page": null

2023-12-20 12:45:53 - [TEST_STEP][PASSED] - orPath_PaymentConfirmation = "Object Repository/RAD_Pages/PaymentConfirmation_Page": null

2023-12-20 12:45:53 - [TEST_STEP][PASSED] - orPath_ServiceFeesAccept = "Object Repository/RAD_Pages/ServiceFeeAccept_Page": null

2023-12-20 12:45:53 - [TEST_STEP][PASSED] - selectOptionByLabel(findTestObject(orPath_Landing + "/dd_TaxType"), Paymenttype, false): All options with label 'Quarterly Estimated Tax' are selected in object 'Object Repository/RAD_Pages/Landing_Page/dd_TaxType' 

2023-12-20 12:45:54 - [MESSAGE][PASSED] - All options with label 'Quarterly Estimated Tax' are selected in object 'Object Repository/RAD_Pages/Landing_Page/dd_TaxType' 

2023-12-20 12:45:54 - [TEST_STEP][PASSED] - delay(1): Delayed 1 second(s)

2023-12-20 12:45:55 - [MESSAGE][PASSED] - Delayed 1 second(s)

2023-12-20 12:45:55 - [TEST_STEP][PASSED] - switch (Paymenttype): null

2023-12-20 12:45:55 - [TEST_STEP][PASSED] - case "Quarterly Estimated Tax":: null

2023-12-20 12:45:55 - [TEST_STEP][PASSED] - selectOptionByLabel(findTestObject(orPath_TaxTypeFilingYear + "/select_PaymentType"), Taxtype, false): All options with label 'PTE Tax Electing S Corp' are selected in object 'Object Repository/RAD_Pages/TaxTypeFilingYear_Page/select_PaymentType' 

2023-12-20 12:45:56 - [MESSAGE][PASSED] - All options with label 'PTE Tax Electing S Corp' are selected in object 'Object Repository/RAD_Pages/TaxTypeFilingYear_Page/select_PaymentType' 

2023-12-20 12:45:56 - [TEST_STEP][PASSED] - break: null

2023-12-20 12:45:56 - [TEST_STEP][PASSED] - delay(1): Delayed 1 second(s)

2023-12-20 12:45:57 - [MESSAGE][PASSED] - Delayed 1 second(s)

2023-12-20 12:45:57 - [TEST_STEP][PASSED] - switch (Paymenttype): null

2023-12-20 12:45:57 - [TEST_STEP][PASSED] - case "Quarterly Estimated Tax":: null

2023-12-20 12:45:57 - [TEST_STEP][PASSED] - if (feinSsn.equalsIgnoreCase("Y")): Text ****** has been set on object 'Object Repository/RAD_Pages/TaxInfo_Page/input_TaxInfo_RetypeFeinSsn_New_2'

2023-12-20 12:45:57 - [TEST_STEP][PASSED] - setEncryptedText(findTestObject(orPath_TaxInfo + "/input_TaxInfo_FeinSsn_New_2"), "iGDxf8hSRT4="): Text ****** has been set on object 'Object Repository/RAD_Pages/TaxInfo_Page/input_TaxInfo_FeinSsn_New_2'

2023-12-20 12:45:57 - [MESSAGE][PASSED] - Text ****** has been set on object 'Object Repository/RAD_Pages/TaxInfo_Page/input_TaxInfo_FeinSsn_New_2'

2023-12-20 12:45:57 - [TEST_STEP][PASSED] - setEncryptedText(findTestObject(orPath_TaxInfo + "/input_TaxInfo_RetypeFeinSsn_New_2"), ""): Text ****** has been set on object 'Object Repository/RAD_Pages/TaxInfo_Page/input_TaxInfo_RetypeFeinSsn_New_2'

2023-12-20 12:45:58 - [MESSAGE][PASSED] - Text ****** has been set on object 'Object Repository/RAD_Pages/TaxInfo_Page/input_TaxInfo_RetypeFeinSsn_New_2'

2023-12-20 12:45:58 - [TEST_STEP][PASSED] - break: null

2023-12-20 12:45:58 - [TEST_STEP][PASSED] - if (feinSsn.equalsIgnoreCase("Y")): null

2023-12-20 12:45:58 - [TEST_STEP][PASSED] - if (verifyTextPresent("Please enter a valid FEIN/SSN with 9 digits", true)): null

2023-12-20 12:45:58 - [MESSAGE][PASSED] - Text 'Please enter a valid FEIN/SSN with 9 digits' is present on page  using regular expression

2023-12-20 12:45:58 - [TEST_STEP][PASSED] - println("Error Message is present on the page"): null

2023-12-20 12:45:58 - [TEST_STEP][PASSED] - out.println("Pass Record Number: " + row): null

2023-12-20 12:45:58 - [TEST_STEP][PASSED] - resText = "Pass": null

2023-12-20 12:45:58 - [TEST_STEP][PASSED] - pages.WriteExcel.demoKey(resText, datText, resColumn, datCloumn, fileLoc, nameSheet, row): pages.WriteExcel.demoKey is PASSED

2023-12-20 12:45:59 - [MESSAGE][PASSED] - pages.WriteExcel.demoKey is PASSED

2023-12-20 12:45:59 - [TEST_STEP][PASSED] - ExecuteTC = findTestData(dataFile).getValue("Execute", row): null

2023-12-20 12:45:59 - [TEST_STEP][PASSED] - Taxtype = findTestData(dataFile).getValue("TaxType", row): null

2023-12-20 12:45:59 - [TEST_STEP][PASSED] - Paymenttype = findTestData(dataFile).getValue("PaymentType", row): null

2023-12-20 12:45:59 - [TEST_STEP][PASSED] - feinSsn = findTestData(dataFile).getValue("FEINSSN", row): null

2023-12-20 12:45:59 - [TEST_STEP][PASSED] - out.println("Value of Execute is : " + ExecuteTC): null

2023-12-20 12:45:59 - [TEST_STEP][PASSED] - if (ExecuteTC.equalsIgnoreCase("Y")): null

2023-12-20 12:45:59 - [TEST_STEP][PASSED] - ExecuteTC = findTestData(dataFile).getValue("Execute", row): null

2023-12-20 12:45:59 - [TEST_STEP][PASSED] - Taxtype = findTestData(dataFile).getValue("TaxType", row): null

2023-12-20 12:45:59 - [TEST_STEP][PASSED] - Paymenttype = findTestData(dataFile).getValue("PaymentType", row): null

2023-12-20 12:45:59 - [TEST_STEP][PASSED] - feinSsn = findTestData(dataFile).getValue("FEINSSN", row): null

2023-12-20 12:45:59 - [TEST_STEP][PASSED] - out.println("Value of Execute is : " + ExecuteTC): null

2023-12-20 12:45:59 - [TEST_STEP][PASSED] - if (ExecuteTC.equalsIgnoreCase("Y")): null

2023-12-20 12:45:59 - [TEST_STEP][PASSED] - ExecuteTC = findTestData(dataFile).getValue("Execute", row): null

2023-12-20 12:45:59 - [TEST_STEP][PASSED] - Taxtype = findTestData(dataFile).getValue("TaxType", row): null

2023-12-20 12:45:59 - [TEST_STEP][PASSED] - Paymenttype = findTestData(dataFile).getValue("PaymentType", row): null

2023-12-20 12:45:59 - [TEST_STEP][PASSED] - feinSsn = findTestData(dataFile).getValue("FEINSSN", row): null

2023-12-20 12:45:59 - [TEST_STEP][PASSED] - out.println("Value of Execute is : " + ExecuteTC): null

2023-12-20 12:45:59 - [TEST_STEP][PASSED] - if (ExecuteTC.equalsIgnoreCase("Y")): null

2023-12-20 12:45:59 - [TEST_STEP][PASSED] - ExecuteTC = findTestData(dataFile).getValue("Execute", row): null

2023-12-20 12:45:59 - [TEST_STEP][PASSED] - Taxtype = findTestData(dataFile).getValue("TaxType", row): null

2023-12-20 12:45:59 - [TEST_STEP][PASSED] - Paymenttype = findTestData(dataFile).getValue("PaymentType", row): null

2023-12-20 12:45:59 - [TEST_STEP][PASSED] - feinSsn = findTestData(dataFile).getValue("FEINSSN", row): null

2023-12-20 12:45:59 - [TEST_STEP][PASSED] - out.println("Value of Execute is : " + ExecuteTC): null

2023-12-20 12:45:59 - [TEST_STEP][PASSED] - if (ExecuteTC.equalsIgnoreCase("Y")): null

2023-12-20 12:45:59 - [TEST_STEP][PASSED] - ExecuteTC = findTestData(dataFile).getValue("Execute", row): null

2023-12-20 12:45:59 - [TEST_STEP][PASSED] - Taxtype = findTestData(dataFile).getValue("TaxType", row): null

2023-12-20 12:45:59 - [TEST_STEP][PASSED] - Paymenttype = findTestData(dataFile).getValue("PaymentType", row): null

2023-12-20 12:45:59 - [TEST_STEP][PASSED] - feinSsn = findTestData(dataFile).getValue("FEINSSN", row): null

2023-12-20 12:45:59 - [TEST_STEP][PASSED] - out.println("Value of Execute is : " + ExecuteTC): null

2023-12-20 12:45:59 - [TEST_STEP][PASSED] - if (ExecuteTC.equalsIgnoreCase("Y")): null

2023-12-20 12:45:59 - [TEST_STEP][PASSED] - ExecuteTC = findTestData(dataFile).getValue("Execute", row): null

2023-12-20 12:45:59 - [TEST_STEP][PASSED] - Taxtype = findTestData(dataFile).getValue("TaxType", row): null

2023-12-20 12:45:59 - [TEST_STEP][PASSED] - Paymenttype = findTestData(dataFile).getValue("PaymentType", row): null

2023-12-20 12:45:59 - [TEST_STEP][PASSED] - feinSsn = findTestData(dataFile).getValue("FEINSSN", row): null

2023-12-20 12:45:59 - [TEST_STEP][PASSED] - out.println("Value of Execute is : " + ExecuteTC): null

2023-12-20 12:45:59 - [TEST_STEP][PASSED] - if (ExecuteTC.equalsIgnoreCase("Y")): null

2023-12-20 12:45:59 - [TEST_STEP][PASSED] - ExecuteTC = findTestData(dataFile).getValue("Execute", row): null

2023-12-20 12:45:59 - [TEST_STEP][PASSED] - Taxtype = findTestData(dataFile).getValue("TaxType", row): null

2023-12-20 12:45:59 - [TEST_STEP][PASSED] - Paymenttype = findTestData(dataFile).getValue("PaymentType", row): null

2023-12-20 12:46:00 - [TEST_STEP][PASSED] - feinSsn = findTestData(dataFile).getValue("FEINSSN", row): null

2023-12-20 12:46:00 - [TEST_STEP][PASSED] - out.println("Value of Execute is : " + ExecuteTC): null

2023-12-20 12:46:00 - [TEST_STEP][PASSED] - if (ExecuteTC.equalsIgnoreCase("Y")): null

2023-12-20 12:46:00 - [TEST_STEP][PASSED] - out.println("Begin Record Number: " + row): null

2023-12-20 12:46:00 - [TEST_STEP][PASSED] - today = new java.util.Date(): null

2023-12-20 12:46:00 - [TEST_STEP][PASSED] - println(today): null

2023-12-20 12:46:00 - [TEST_STEP][PASSED] - datText = today: null

2023-12-20 12:46:00 - [TEST_STEP][PASSED] - Taxtype = findTestData(dataFile).getValue("TaxType", row): null

2023-12-20 12:46:00 - [TEST_STEP][PASSED] - out.println("Taxtype value is : " + Taxtype): null

2023-12-20 12:46:00 - [TEST_STEP][PASSED] - openBrowser(""): Browser is opened with url: ''

2023-12-20 12:46:00 - [MESSAGE][WARNING] - A browser is already opened. Closing browser and opening a new one

2023-12-20 12:46:01 - [MESSAGE][INFO] - Starting 'Chrome' driver

2023-12-20 12:46:01 - [MESSAGE][INFO] - User set preference: ['acceptInsecureCerts', 'true']

2023-12-20 12:46:01 - [MESSAGE][INFO] - Action delay is set to 0 milliseconds

2023-12-20 12:46:02 - [MESSAGE][PASSED] - Browser is opened with url: ''

2023-12-20 12:46:02 - [TEST_STEP][PASSED] - maximizeWindow(): Current window maximized

2023-12-20 12:46:02 - [MESSAGE][PASSED] - Current window maximized

2023-12-20 12:46:02 - [TEST_STEP][PASSED] - navigateToUrl(RADurl): Navigate to 'https://qa2.velocitypayment.com/client/rad/index.html' successfully

2023-12-20 12:46:04 - [MESSAGE][PASSED] - Navigate to 'https://qa2.velocitypayment.com/client/rad/index.html' successfully

2023-12-20 12:46:04 - [TEST_STEP][PASSED] - orPath_Landing = "Object Repository/RAD_Pages/Landing_Page": null

2023-12-20 12:46:04 - [TEST_STEP][PASSED] - orPath_TaxTypeFilingYear = "Object Repository/RAD_Pages/TaxTypeFilingYear_Page": null

2023-12-20 12:46:04 - [TEST_STEP][PASSED] - orPath_TaxPayer = "Object Repository/RAD_Pages/Taxpayer_Page": null

2023-12-20 12:46:04 - [TEST_STEP][PASSED] - orPath_AddressContact = "Object Repository/RAD_Pages/AddressAndContactInfo_Page": null

2023-12-20 12:46:04 - [TEST_STEP][PASSED] - orPath_FilingStatus = "Object Repository/RAD_Pages/FilingStatus_Page": null

2023-12-20 12:46:04 - [TEST_STEP][PASSED] - orPath_Amount = "Object Repository/RAD_Pages/PaymentAmount_Page": null

2023-12-20 12:46:04 - [TEST_STEP][PASSED] - orPath_TaxInfo = "Object Repository/RAD_Pages/TaxInfo_Page": null

2023-12-20 12:46:04 - [TEST_STEP][PASSED] - orPath_Withholding = "Object Repository/RAD_Pages/Withholding_Page": null

2023-12-20 12:46:04 - [TEST_STEP][PASSED] - orPath_Summary = "Object Repository/RAD_Pages/Summary_Page": null

2023-12-20 12:46:04 - [TEST_STEP][PASSED] - orPath_PaymentReady = "Object Repository/RAD_Pages/PaymentReady_Page": null

2023-12-20 12:46:04 - [TEST_STEP][PASSED] - orPath_PaymentEntry = "Object Repository/RAD_Pages/PaymentEntry_Page": null

2023-12-20 12:46:04 - [TEST_STEP][PASSED] - orPath_PaymentConfirmation = "Object Repository/RAD_Pages/PaymentConfirmation_Page": null

2023-12-20 12:46:04 - [TEST_STEP][PASSED] - orPath_ServiceFeesAccept = "Object Repository/RAD_Pages/ServiceFeeAccept_Page": null

2023-12-20 12:46:04 - [TEST_STEP][PASSED] - selectOptionByLabel(findTestObject(orPath_Landing + "/dd_TaxType"), Paymenttype, false): All options with label 'New Tax Return Amount Due' are selected in object 'Object Repository/RAD_Pages/Landing_Page/dd_TaxType' 

2023-12-20 12:46:05 - [MESSAGE][PASSED] - All options with label 'New Tax Return Amount Due' are selected in object 'Object Repository/RAD_Pages/Landing_Page/dd_TaxType' 

2023-12-20 12:46:05 - [TEST_STEP][PASSED] - delay(1): Delayed 1 second(s)

2023-12-20 12:46:06 - [MESSAGE][PASSED] - Delayed 1 second(s)

2023-12-20 12:46:06 - [TEST_STEP][PASSED] - switch (Paymenttype): null

2023-12-20 12:46:06 - [TEST_STEP][PASSED] - case "New Tax Return Amount Due":: null

2023-12-20 12:46:06 - [TEST_STEP][PASSED] - selectOptionByLabel(findTestObject("Object Repository/RAD_Pages/Landing_Page/select_NewTaxReturnAmountDue_TaxType"), Taxtype, false): All options with label 'Fiduciary Tax' are selected in object 'Object Repository/RAD_Pages/Landing_Page/select_NewTaxReturnAmountDue_TaxType' 

2023-12-20 12:46:06 - [MESSAGE][PASSED] - All options with label 'Fiduciary Tax' are selected in object 'Object Repository/RAD_Pages/Landing_Page/select_NewTaxReturnAmountDue_TaxType' 

2023-12-20 12:46:06 - [TEST_STEP][PASSED] - break: null

2023-12-20 12:46:06 - [TEST_STEP][PASSED] - delay(1): Delayed 1 second(s)

2023-12-20 12:46:07 - [MESSAGE][PASSED] - Delayed 1 second(s)

2023-12-20 12:46:07 - [TEST_STEP][PASSED] - switch (Paymenttype): null

2023-12-20 12:46:07 - [TEST_STEP][PASSED] - case "New Tax Return Amount Due":: null

2023-12-20 12:46:07 - [TEST_STEP][PASSED] - if (feinSsn.equalsIgnoreCase("Y")): null

2023-12-20 12:46:07 - [TEST_STEP][PASSED] - else: Text ****** has been set on object 'Object Repository/RAD_Pages/TaxInfo_Page/input_FederalEIN_ReEnter-2'

2023-12-20 12:46:07 - [TEST_STEP][PASSED] - setEncryptedText(findTestObject(orPath_TaxInfo + "/input_FederalEIN-2"), "iGDxf8hSRT4="): Text ****** has been set on object 'Object Repository/RAD_Pages/TaxInfo_Page/input_FederalEIN-2'

2023-12-20 12:46:08 - [MESSAGE][PASSED] - Text ****** has been set on object 'Object Repository/RAD_Pages/TaxInfo_Page/input_FederalEIN-2'

2023-12-20 12:46:08 - [TEST_STEP][PASSED] - setEncryptedText(findTestObject(orPath_TaxInfo + "/input_FederalEIN_ReEnter-2"), ""): Text ****** has been set on object 'Object Repository/RAD_Pages/TaxInfo_Page/input_FederalEIN_ReEnter-2'

2023-12-20 12:46:09 - [MESSAGE][PASSED] - Text ****** has been set on object 'Object Repository/RAD_Pages/TaxInfo_Page/input_FederalEIN_ReEnter-2'

2023-12-20 12:46:09 - [TEST_STEP][PASSED] - break: null

2023-12-20 12:46:09 - [TEST_STEP][PASSED] - if (feinSsn.equalsIgnoreCase("Y")): null

2023-12-20 12:46:09 - [TEST_STEP][PASSED] - else: null

2023-12-20 12:46:09 - [TEST_STEP][PASSED] - if (verifyTextPresent("Please enter a valid FEIN with 9 digits.", true)): null

2023-12-20 12:46:09 - [MESSAGE][PASSED] - Text 'Please enter a valid FEIN with 9 digits.' is present on page  using regular expression

2023-12-20 12:46:09 - [TEST_STEP][PASSED] - println("Error Message is present on the page"): null

2023-12-20 12:46:09 - [TEST_STEP][PASSED] - out.println("Pass Record Number: " + row): null

2023-12-20 12:46:09 - [TEST_STEP][PASSED] - resText = "Pass": null

2023-12-20 12:46:09 - [TEST_STEP][PASSED] - pages.WriteExcel.demoKey(resText, datText, resColumn, datCloumn, fileLoc, nameSheet, row): pages.WriteExcel.demoKey is PASSED

2023-12-20 12:46:09 - [MESSAGE][PASSED] - pages.WriteExcel.demoKey is PASSED

2023-12-20 12:46:09 - [TEST_STEP][PASSED] - ExecuteTC = findTestData(dataFile).getValue("Execute", row): null

2023-12-20 12:46:09 - [TEST_STEP][PASSED] - Taxtype = findTestData(dataFile).getValue("TaxType", row): null

2023-12-20 12:46:09 - [TEST_STEP][PASSED] - Paymenttype = findTestData(dataFile).getValue("PaymentType", row): null

2023-12-20 12:46:09 - [TEST_STEP][PASSED] - feinSsn = findTestData(dataFile).getValue("FEINSSN", row): null

2023-12-20 12:46:09 - [TEST_STEP][PASSED] - out.println("Value of Execute is : " + ExecuteTC): null

2023-12-20 12:46:09 - [TEST_STEP][PASSED] - if (ExecuteTC.equalsIgnoreCase("Y")): null

2023-12-20 12:46:09 - [TEST_STEP][PASSED] - out.println("Begin Record Number: " + row): null

2023-12-20 12:46:09 - [TEST_STEP][PASSED] - today = new java.util.Date(): null

2023-12-20 12:46:09 - [TEST_STEP][PASSED] - println(today): null

2023-12-20 12:46:09 - [TEST_STEP][PASSED] - datText = today: null

2023-12-20 12:46:09 - [TEST_STEP][PASSED] - Taxtype = findTestData(dataFile).getValue("TaxType", row): null

2023-12-20 12:46:10 - [TEST_STEP][PASSED] - out.println("Taxtype value is : " + Taxtype): null

2023-12-20 12:46:10 - [TEST_STEP][PASSED] - openBrowser(""): Browser is opened with url: ''

2023-12-20 12:46:10 - [MESSAGE][WARNING] - A browser is already opened. Closing browser and opening a new one

2023-12-20 12:46:10 - [MESSAGE][INFO] - Starting 'Chrome' driver

2023-12-20 12:46:10 - [MESSAGE][INFO] - User set preference: ['acceptInsecureCerts', 'true']

2023-12-20 12:46:10 - [MESSAGE][INFO] - Action delay is set to 0 milliseconds

2023-12-20 12:46:12 - [MESSAGE][PASSED] - Browser is opened with url: ''

2023-12-20 12:46:12 - [TEST_STEP][PASSED] - maximizeWindow(): Current window maximized

2023-12-20 12:46:12 - [MESSAGE][PASSED] - Current window maximized

2023-12-20 12:46:12 - [TEST_STEP][PASSED] - navigateToUrl(RADurl): Navigate to 'https://qa2.velocitypayment.com/client/rad/index.html' successfully

2023-12-20 12:46:14 - [MESSAGE][PASSED] - Navigate to 'https://qa2.velocitypayment.com/client/rad/index.html' successfully

2023-12-20 12:46:14 - [TEST_STEP][PASSED] - orPath_Landing = "Object Repository/RAD_Pages/Landing_Page": null

2023-12-20 12:46:14 - [TEST_STEP][PASSED] - orPath_TaxTypeFilingYear = "Object Repository/RAD_Pages/TaxTypeFilingYear_Page": null

2023-12-20 12:46:14 - [TEST_STEP][PASSED] - orPath_TaxPayer = "Object Repository/RAD_Pages/Taxpayer_Page": null

2023-12-20 12:46:14 - [TEST_STEP][PASSED] - orPath_AddressContact = "Object Repository/RAD_Pages/AddressAndContactInfo_Page": null

2023-12-20 12:46:14 - [TEST_STEP][PASSED] - orPath_FilingStatus = "Object Repository/RAD_Pages/FilingStatus_Page": null

2023-12-20 12:46:14 - [TEST_STEP][PASSED] - orPath_Amount = "Object Repository/RAD_Pages/PaymentAmount_Page": null

2023-12-20 12:46:14 - [TEST_STEP][PASSED] - orPath_TaxInfo = "Object Repository/RAD_Pages/TaxInfo_Page": null

2023-12-20 12:46:14 - [TEST_STEP][PASSED] - orPath_Withholding = "Object Repository/RAD_Pages/Withholding_Page": null

2023-12-20 12:46:14 - [TEST_STEP][PASSED] - orPath_Summary = "Object Repository/RAD_Pages/Summary_Page": null

2023-12-20 12:46:14 - [TEST_STEP][PASSED] - orPath_PaymentReady = "Object Repository/RAD_Pages/PaymentReady_Page": null

2023-12-20 12:46:14 - [TEST_STEP][PASSED] - orPath_PaymentEntry = "Object Repository/RAD_Pages/PaymentEntry_Page": null

2023-12-20 12:46:14 - [TEST_STEP][PASSED] - orPath_PaymentConfirmation = "Object Repository/RAD_Pages/PaymentConfirmation_Page": null

2023-12-20 12:46:14 - [TEST_STEP][PASSED] - orPath_ServiceFeesAccept = "Object Repository/RAD_Pages/ServiceFeeAccept_Page": null

2023-12-20 12:46:14 - [TEST_STEP][PASSED] - selectOptionByLabel(findTestObject(orPath_Landing + "/dd_TaxType"), Paymenttype, false): All options with label 'New Tax Return Amount Due' are selected in object 'Object Repository/RAD_Pages/Landing_Page/dd_TaxType' 

2023-12-20 12:46:14 - [MESSAGE][PASSED] - All options with label 'New Tax Return Amount Due' are selected in object 'Object Repository/RAD_Pages/Landing_Page/dd_TaxType' 

2023-12-20 12:46:14 - [TEST_STEP][PASSED] - delay(1): Delayed 1 second(s)

2023-12-20 12:46:15 - [MESSAGE][PASSED] - Delayed 1 second(s)

2023-12-20 12:46:15 - [TEST_STEP][PASSED] - switch (Paymenttype): null

2023-12-20 12:46:15 - [TEST_STEP][PASSED] - case "New Tax Return Amount Due":: null

2023-12-20 12:46:15 - [TEST_STEP][PASSED] - selectOptionByLabel(findTestObject("Object Repository/RAD_Pages/Landing_Page/select_NewTaxReturnAmountDue_TaxType"), Taxtype, false): All options with label 'PTE Non-Electing Non-S Corp' are selected in object 'Object Repository/RAD_Pages/Landing_Page/select_NewTaxReturnAmountDue_TaxType' 

2023-12-20 12:46:16 - [MESSAGE][PASSED] - All options with label 'PTE Non-Electing Non-S Corp' are selected in object 'Object Repository/RAD_Pages/Landing_Page/select_NewTaxReturnAmountDue_TaxType' 

2023-12-20 12:46:16 - [TEST_STEP][PASSED] - break: null

2023-12-20 12:46:16 - [TEST_STEP][PASSED] - delay(1): Delayed 1 second(s)

2023-12-20 12:46:17 - [MESSAGE][PASSED] - Delayed 1 second(s)

2023-12-20 12:46:17 - [TEST_STEP][PASSED] - switch (Paymenttype): null

2023-12-20 12:46:17 - [TEST_STEP][PASSED] - case "New Tax Return Amount Due":: null

2023-12-20 12:46:17 - [TEST_STEP][PASSED] - if (feinSsn.equalsIgnoreCase("Y")): Text ****** has been set on object 'Object Repository/RAD_Pages/TaxInfo_Page/input_TaxInfo_RetypeFeinSsn_New_2'

2023-12-20 12:46:17 - [TEST_STEP][PASSED] - setEncryptedText(findTestObject(orPath_TaxInfo + "//input_TaxInfo_FeinSsn_New_2"), "iGDxf8hSRT4="): Text ****** has been set on object 'Object Repository/RAD_Pages/TaxInfo_Page//input_TaxInfo_FeinSsn_New_2'

2023-12-20 12:46:18 - [MESSAGE][PASSED] - Text ****** has been set on object 'Object Repository/RAD_Pages/TaxInfo_Page//input_TaxInfo_FeinSsn_New_2'

2023-12-20 12:46:18 - [TEST_STEP][PASSED] - setEncryptedText(findTestObject(orPath_TaxInfo + "/input_TaxInfo_RetypeFeinSsn_New_2"), ""): Text ****** has been set on object 'Object Repository/RAD_Pages/TaxInfo_Page/input_TaxInfo_RetypeFeinSsn_New_2'

2023-12-20 12:46:18 - [MESSAGE][PASSED] - Text ****** has been set on object 'Object Repository/RAD_Pages/TaxInfo_Page/input_TaxInfo_RetypeFeinSsn_New_2'

2023-12-20 12:46:18 - [TEST_STEP][PASSED] - break: null

2023-12-20 12:46:18 - [TEST_STEP][PASSED] - if (feinSsn.equalsIgnoreCase("Y")): null

2023-12-20 12:46:18 - [TEST_STEP][PASSED] - if (verifyTextPresent("Please enter a valid FEIN/SSN with 9 digits", true)): null

2023-12-20 12:46:19 - [MESSAGE][PASSED] - Text 'Please enter a valid FEIN/SSN with 9 digits' is present on page  using regular expression

2023-12-20 12:46:19 - [TEST_STEP][PASSED] - println("Error Message is present on the page"): null

2023-12-20 12:46:19 - [TEST_STEP][PASSED] - out.println("Pass Record Number: " + row): null

2023-12-20 12:46:19 - [TEST_STEP][PASSED] - resText = "Pass": null

2023-12-20 12:46:19 - [TEST_STEP][PASSED] - pages.WriteExcel.demoKey(resText, datText, resColumn, datCloumn, fileLoc, nameSheet, row): pages.WriteExcel.demoKey is PASSED

2023-12-20 12:46:19 - [MESSAGE][PASSED] - pages.WriteExcel.demoKey is PASSED

2023-12-20 12:46:19 - [TEST_STEP][PASSED] - ExecuteTC = findTestData(dataFile).getValue("Execute", row): null

2023-12-20 12:46:19 - [TEST_STEP][PASSED] - Taxtype = findTestData(dataFile).getValue("TaxType", row): null

2023-12-20 12:46:19 - [TEST_STEP][PASSED] - Paymenttype = findTestData(dataFile).getValue("PaymentType", row): null

2023-12-20 12:46:19 - [TEST_STEP][PASSED] - feinSsn = findTestData(dataFile).getValue("FEINSSN", row): null

2023-12-20 12:46:19 - [TEST_STEP][PASSED] - out.println("Value of Execute is : " + ExecuteTC): null

2023-12-20 12:46:19 - [TEST_STEP][PASSED] - if (ExecuteTC.equalsIgnoreCase("Y")): null

2023-12-20 12:46:19 - [TEST_STEP][PASSED] - out.println("Begin Record Number: " + row): null

2023-12-20 12:46:19 - [TEST_STEP][PASSED] - today = new java.util.Date(): null

2023-12-20 12:46:19 - [TEST_STEP][PASSED] - println(today): null

2023-12-20 12:46:19 - [TEST_STEP][PASSED] - datText = today: null

2023-12-20 12:46:19 - [TEST_STEP][PASSED] - Taxtype = findTestData(dataFile).getValue("TaxType", row): null

2023-12-20 12:46:19 - [TEST_STEP][PASSED] - out.println("Taxtype value is : " + Taxtype): null

2023-12-20 12:46:19 - [TEST_STEP][PASSED] - openBrowser(""): Browser is opened with url: ''

2023-12-20 12:46:19 - [MESSAGE][WARNING] - A browser is already opened. Closing browser and opening a new one

2023-12-20 12:46:20 - [MESSAGE][INFO] - Starting 'Chrome' driver

2023-12-20 12:46:20 - [MESSAGE][INFO] - User set preference: ['acceptInsecureCerts', 'true']

2023-12-20 12:46:20 - [MESSAGE][INFO] - Action delay is set to 0 milliseconds

2023-12-20 12:46:22 - [MESSAGE][PASSED] - Browser is opened with url: ''

2023-12-20 12:46:22 - [TEST_STEP][PASSED] - maximizeWindow(): Current window maximized

2023-12-20 12:46:22 - [MESSAGE][PASSED] - Current window maximized

2023-12-20 12:46:22 - [TEST_STEP][PASSED] - navigateToUrl(RADurl): Navigate to 'https://qa2.velocitypayment.com/client/rad/index.html' successfully

2023-12-20 12:46:22 - [MESSAGE][PASSED] - Navigate to 'https://qa2.velocitypayment.com/client/rad/index.html' successfully

2023-12-20 12:46:22 - [TEST_STEP][PASSED] - orPath_Landing = "Object Repository/RAD_Pages/Landing_Page": null

2023-12-20 12:46:22 - [TEST_STEP][PASSED] - orPath_TaxTypeFilingYear = "Object Repository/RAD_Pages/TaxTypeFilingYear_Page": null

2023-12-20 12:46:22 - [TEST_STEP][PASSED] - orPath_TaxPayer = "Object Repository/RAD_Pages/Taxpayer_Page": null

2023-12-20 12:46:22 - [TEST_STEP][PASSED] - orPath_AddressContact = "Object Repository/RAD_Pages/AddressAndContactInfo_Page": null

2023-12-20 12:46:22 - [TEST_STEP][PASSED] - orPath_FilingStatus = "Object Repository/RAD_Pages/FilingStatus_Page": null

2023-12-20 12:46:22 - [TEST_STEP][PASSED] - orPath_Amount = "Object Repository/RAD_Pages/PaymentAmount_Page": null

2023-12-20 12:46:22 - [TEST_STEP][PASSED] - orPath_TaxInfo = "Object Repository/RAD_Pages/TaxInfo_Page": null

2023-12-20 12:46:22 - [TEST_STEP][PASSED] - orPath_Withholding = "Object Repository/RAD_Pages/Withholding_Page": null

2023-12-20 12:46:22 - [TEST_STEP][PASSED] - orPath_Summary = "Object Repository/RAD_Pages/Summary_Page": null

2023-12-20 12:46:22 - [TEST_STEP][PASSED] - orPath_PaymentReady = "Object Repository/RAD_Pages/PaymentReady_Page": null

2023-12-20 12:46:22 - [TEST_STEP][PASSED] - orPath_PaymentEntry = "Object Repository/RAD_Pages/PaymentEntry_Page": null

2023-12-20 12:46:22 - [TEST_STEP][PASSED] - orPath_PaymentConfirmation = "Object Repository/RAD_Pages/PaymentConfirmation_Page": null

2023-12-20 12:46:22 - [TEST_STEP][PASSED] - orPath_ServiceFeesAccept = "Object Repository/RAD_Pages/ServiceFeeAccept_Page": null

2023-12-20 12:46:22 - [TEST_STEP][PASSED] - selectOptionByLabel(findTestObject(orPath_Landing + "/dd_TaxType"), Paymenttype, false): All options with label 'New Tax Return Amount Due' are selected in object 'Object Repository/RAD_Pages/Landing_Page/dd_TaxType' 

2023-12-20 12:46:24 - [MESSAGE][PASSED] - All options with label 'New Tax Return Amount Due' are selected in object 'Object Repository/RAD_Pages/Landing_Page/dd_TaxType' 

2023-12-20 12:46:24 - [TEST_STEP][PASSED] - delay(1): Delayed 1 second(s)

2023-12-20 12:46:25 - [MESSAGE][PASSED] - Delayed 1 second(s)

2023-12-20 12:46:25 - [TEST_STEP][PASSED] - switch (Paymenttype): null

2023-12-20 12:46:25 - [TEST_STEP][PASSED] - case "New Tax Return Amount Due":: null

2023-12-20 12:46:25 - [TEST_STEP][PASSED] - selectOptionByLabel(findTestObject("Object Repository/RAD_Pages/Landing_Page/select_NewTaxReturnAmountDue_TaxType"), Taxtype, false): All options with label 'PTE Non-Electing S Corp' are selected in object 'Object Repository/RAD_Pages/Landing_Page/select_NewTaxReturnAmountDue_TaxType' 

2023-12-20 12:46:26 - [MESSAGE][PASSED] - All options with label 'PTE Non-Electing S Corp' are selected in object 'Object Repository/RAD_Pages/Landing_Page/select_NewTaxReturnAmountDue_TaxType' 

2023-12-20 12:46:26 - [TEST_STEP][PASSED] - break: null

2023-12-20 12:46:26 - [TEST_STEP][PASSED] - delay(1): Delayed 1 second(s)

2023-12-20 12:46:27 - [MESSAGE][PASSED] - Delayed 1 second(s)

2023-12-20 12:46:27 - [TEST_STEP][PASSED] - switch (Paymenttype): null

2023-12-20 12:46:27 - [TEST_STEP][PASSED] - case "New Tax Return Amount Due":: null

2023-12-20 12:46:27 - [TEST_STEP][PASSED] - if (feinSsn.equalsIgnoreCase("Y")): Text ****** has been set on object 'Object Repository/RAD_Pages/TaxInfo_Page/input_TaxInfo_RetypeFeinSsn_New_2'

2023-12-20 12:46:27 - [TEST_STEP][PASSED] - setEncryptedText(findTestObject(orPath_TaxInfo + "//input_TaxInfo_FeinSsn_New_2"), "iGDxf8hSRT4="): Text ****** has been set on object 'Object Repository/RAD_Pages/TaxInfo_Page//input_TaxInfo_FeinSsn_New_2'

2023-12-20 12:46:27 - [MESSAGE][PASSED] - Text ****** has been set on object 'Object Repository/RAD_Pages/TaxInfo_Page//input_TaxInfo_FeinSsn_New_2'

2023-12-20 12:46:27 - [TEST_STEP][PASSED] - setEncryptedText(findTestObject(orPath_TaxInfo + "/input_TaxInfo_RetypeFeinSsn_New_2"), ""): Text ****** has been set on object 'Object Repository/RAD_Pages/TaxInfo_Page/input_TaxInfo_RetypeFeinSsn_New_2'

2023-12-20 12:46:28 - [MESSAGE][PASSED] - Text ****** has been set on object 'Object Repository/RAD_Pages/TaxInfo_Page/input_TaxInfo_RetypeFeinSsn_New_2'

2023-12-20 12:46:28 - [TEST_STEP][PASSED] - break: null

2023-12-20 12:46:28 - [TEST_STEP][PASSED] - if (feinSsn.equalsIgnoreCase("Y")): null

2023-12-20 12:46:28 - [TEST_STEP][PASSED] - if (verifyTextPresent("Please enter a valid FEIN/SSN with 9 digits", true)): null

2023-12-20 12:46:29 - [MESSAGE][PASSED] - Text 'Please enter a valid FEIN/SSN with 9 digits' is present on page  using regular expression

2023-12-20 12:46:29 - [TEST_STEP][PASSED] - println("Error Message is present on the page"): null

2023-12-20 12:46:29 - [TEST_STEP][PASSED] - out.println("Pass Record Number: " + row): null

2023-12-20 12:46:29 - [TEST_STEP][PASSED] - resText = "Pass": null

2023-12-20 12:46:29 - [TEST_STEP][PASSED] - pages.WriteExcel.demoKey(resText, datText, resColumn, datCloumn, fileLoc, nameSheet, row): pages.WriteExcel.demoKey is PASSED

2023-12-20 12:46:29 - [MESSAGE][PASSED] - pages.WriteExcel.demoKey is PASSED

2023-12-20 12:46:29 - [TEST_STEP][PASSED] - ExecuteTC = findTestData(dataFile).getValue("Execute", row): null

2023-12-20 12:46:29 - [TEST_STEP][PASSED] - Taxtype = findTestData(dataFile).getValue("TaxType", row): null

2023-12-20 12:46:29 - [TEST_STEP][PASSED] - Paymenttype = findTestData(dataFile).getValue("PaymentType", row): null

2023-12-20 12:46:29 - [TEST_STEP][PASSED] - feinSsn = findTestData(dataFile).getValue("FEINSSN", row): null

2023-12-20 12:46:29 - [TEST_STEP][PASSED] - out.println("Value of Execute is : " + ExecuteTC): null

2023-12-20 12:46:29 - [TEST_STEP][PASSED] - if (ExecuteTC.equalsIgnoreCase("Y")): null

2023-12-20 12:46:29 - [TEST_STEP][PASSED] - out.println("Begin Record Number: " + row): null

2023-12-20 12:46:29 - [TEST_STEP][PASSED] - today = new java.util.Date(): null

2023-12-20 12:46:29 - [TEST_STEP][PASSED] - println(today): null

2023-12-20 12:46:29 - [TEST_STEP][PASSED] - datText = today: null

2023-12-20 12:46:29 - [TEST_STEP][PASSED] - Taxtype = findTestData(dataFile).getValue("TaxType", row): null

2023-12-20 12:46:29 - [TEST_STEP][PASSED] - out.println("Taxtype value is : " + Taxtype): null

2023-12-20 12:46:29 - [TEST_STEP][PASSED] - openBrowser(""): Browser is opened with url: ''

2023-12-20 12:46:29 - [MESSAGE][WARNING] - A browser is already opened. Closing browser and opening a new one

2023-12-20 12:46:30 - [MESSAGE][INFO] - Starting 'Chrome' driver

2023-12-20 12:46:30 - [MESSAGE][INFO] - User set preference: ['acceptInsecureCerts', 'true']

2023-12-20 12:46:30 - [MESSAGE][INFO] - Action delay is set to 0 milliseconds

2023-12-20 12:46:32 - [MESSAGE][PASSED] - Browser is opened with url: ''

2023-12-20 12:46:32 - [TEST_STEP][PASSED] - maximizeWindow(): Current window maximized

2023-12-20 12:46:32 - [MESSAGE][PASSED] - Current window maximized

2023-12-20 12:46:32 - [TEST_STEP][PASSED] - navigateToUrl(RADurl): Navigate to 'https://qa2.velocitypayment.com/client/rad/index.html' successfully

2023-12-20 12:46:32 - [MESSAGE][PASSED] - Navigate to 'https://qa2.velocitypayment.com/client/rad/index.html' successfully

2023-12-20 12:46:32 - [TEST_STEP][PASSED] - orPath_Landing = "Object Repository/RAD_Pages/Landing_Page": null

2023-12-20 12:46:32 - [TEST_STEP][PASSED] - orPath_TaxTypeFilingYear = "Object Repository/RAD_Pages/TaxTypeFilingYear_Page": null

2023-12-20 12:46:32 - [TEST_STEP][PASSED] - orPath_TaxPayer = "Object Repository/RAD_Pages/Taxpayer_Page": null

2023-12-20 12:46:32 - [TEST_STEP][PASSED] - orPath_AddressContact = "Object Repository/RAD_Pages/AddressAndContactInfo_Page": null

2023-12-20 12:46:32 - [TEST_STEP][PASSED] - orPath_FilingStatus = "Object Repository/RAD_Pages/FilingStatus_Page": null

2023-12-20 12:46:32 - [TEST_STEP][PASSED] - orPath_Amount = "Object Repository/RAD_Pages/PaymentAmount_Page": null

2023-12-20 12:46:32 - [TEST_STEP][PASSED] - orPath_TaxInfo = "Object Repository/RAD_Pages/TaxInfo_Page": null

2023-12-20 12:46:32 - [TEST_STEP][PASSED] - orPath_Withholding = "Object Repository/RAD_Pages/Withholding_Page": null

2023-12-20 12:46:32 - [TEST_STEP][PASSED] - orPath_Summary = "Object Repository/RAD_Pages/Summary_Page": null

2023-12-20 12:46:32 - [TEST_STEP][PASSED] - orPath_PaymentReady = "Object Repository/RAD_Pages/PaymentReady_Page": null

2023-12-20 12:46:32 - [TEST_STEP][PASSED] - orPath_PaymentEntry = "Object Repository/RAD_Pages/PaymentEntry_Page": null

2023-12-20 12:46:32 - [TEST_STEP][PASSED] - orPath_PaymentConfirmation = "Object Repository/RAD_Pages/PaymentConfirmation_Page": null

2023-12-20 12:46:32 - [TEST_STEP][PASSED] - orPath_ServiceFeesAccept = "Object Repository/RAD_Pages/ServiceFeeAccept_Page": null

2023-12-20 12:46:32 - [TEST_STEP][PASSED] - selectOptionByLabel(findTestObject(orPath_Landing + "/dd_TaxType"), Paymenttype, false): All options with label 'New Tax Return Amount Due' are selected in object 'Object Repository/RAD_Pages/Landing_Page/dd_TaxType' 

2023-12-20 12:46:34 - [MESSAGE][PASSED] - All options with label 'New Tax Return Amount Due' are selected in object 'Object Repository/RAD_Pages/Landing_Page/dd_TaxType' 

2023-12-20 12:46:34 - [TEST_STEP][PASSED] - delay(1): Delayed 1 second(s)

2023-12-20 12:46:35 - [MESSAGE][PASSED] - Delayed 1 second(s)

2023-12-20 12:46:35 - [TEST_STEP][PASSED] - switch (Paymenttype): null

2023-12-20 12:46:35 - [TEST_STEP][PASSED] - case "New Tax Return Amount Due":: null

2023-12-20 12:46:35 - [TEST_STEP][PASSED] - selectOptionByLabel(findTestObject("Object Repository/RAD_Pages/Landing_Page/select_NewTaxReturnAmountDue_TaxType"), Taxtype, false): All options with label 'PTE Tax Electing Non-S Corp' are selected in object 'Object Repository/RAD_Pages/Landing_Page/select_NewTaxReturnAmountDue_TaxType' 

2023-12-20 12:46:36 - [MESSAGE][PASSED] - All options with label 'PTE Tax Electing Non-S Corp' are selected in object 'Object Repository/RAD_Pages/Landing_Page/select_NewTaxReturnAmountDue_TaxType' 

2023-12-20 12:46:36 - [TEST_STEP][PASSED] - break: null

2023-12-20 12:46:36 - [TEST_STEP][PASSED] - delay(1): Delayed 1 second(s)

2023-12-20 12:46:37 - [MESSAGE][PASSED] - Delayed 1 second(s)

2023-12-20 12:46:37 - [TEST_STEP][PASSED] - switch (Paymenttype): null

2023-12-20 12:46:37 - [TEST_STEP][PASSED] - case "New Tax Return Amount Due":: null

2023-12-20 12:46:37 - [TEST_STEP][PASSED] - if (feinSsn.equalsIgnoreCase("Y")): Text ****** has been set on object 'Object Repository/RAD_Pages/TaxInfo_Page/input_TaxInfo_RetypeFeinSsn_New_2'

2023-12-20 12:46:37 - [TEST_STEP][PASSED] - setEncryptedText(findTestObject(orPath_TaxInfo + "//input_TaxInfo_FeinSsn_New_2"), "iGDxf8hSRT4="): Text ****** has been set on object 'Object Repository/RAD_Pages/TaxInfo_Page//input_TaxInfo_FeinSsn_New_2'

2023-12-20 12:46:37 - [MESSAGE][PASSED] - Text ****** has been set on object 'Object Repository/RAD_Pages/TaxInfo_Page//input_TaxInfo_FeinSsn_New_2'

2023-12-20 12:46:37 - [TEST_STEP][PASSED] - setEncryptedText(findTestObject(orPath_TaxInfo + "/input_TaxInfo_RetypeFeinSsn_New_2"), ""): Text ****** has been set on object 'Object Repository/RAD_Pages/TaxInfo_Page/input_TaxInfo_RetypeFeinSsn_New_2'

2023-12-20 12:46:38 - [MESSAGE][PASSED] - Text ****** has been set on object 'Object Repository/RAD_Pages/TaxInfo_Page/input_TaxInfo_RetypeFeinSsn_New_2'

2023-12-20 12:46:38 - [TEST_STEP][PASSED] - break: null

2023-12-20 12:46:38 - [TEST_STEP][PASSED] - if (feinSsn.equalsIgnoreCase("Y")): null

2023-12-20 12:46:38 - [TEST_STEP][PASSED] - if (verifyTextPresent("Please enter a valid FEIN/SSN with 9 digits", true)): null

2023-12-20 12:46:39 - [MESSAGE][PASSED] - Text 'Please enter a valid FEIN/SSN with 9 digits' is present on page  using regular expression

2023-12-20 12:46:39 - [TEST_STEP][PASSED] - println("Error Message is present on the page"): null

2023-12-20 12:46:39 - [TEST_STEP][PASSED] - out.println("Pass Record Number: " + row): null

2023-12-20 12:46:39 - [TEST_STEP][PASSED] - resText = "Pass": null

2023-12-20 12:46:39 - [TEST_STEP][PASSED] - pages.WriteExcel.demoKey(resText, datText, resColumn, datCloumn, fileLoc, nameSheet, row): pages.WriteExcel.demoKey is PASSED

2023-12-20 12:46:39 - [MESSAGE][PASSED] - pages.WriteExcel.demoKey is PASSED

2023-12-20 12:46:39 - [TEST_STEP][PASSED] - ExecuteTC = findTestData(dataFile).getValue("Execute", row): null

2023-12-20 12:46:39 - [TEST_STEP][PASSED] - Taxtype = findTestData(dataFile).getValue("TaxType", row): null

2023-12-20 12:46:39 - [TEST_STEP][PASSED] - Paymenttype = findTestData(dataFile).getValue("PaymentType", row): null

2023-12-20 12:46:39 - [TEST_STEP][PASSED] - feinSsn = findTestData(dataFile).getValue("FEINSSN", row): null

2023-12-20 12:46:39 - [TEST_STEP][PASSED] - out.println("Value of Execute is : " + ExecuteTC): null

2023-12-20 12:46:39 - [TEST_STEP][PASSED] - if (ExecuteTC.equalsIgnoreCase("Y")): null

2023-12-20 12:46:39 - [TEST_STEP][PASSED] - out.println("Begin Record Number: " + row): null

2023-12-20 12:46:39 - [TEST_STEP][PASSED] - today = new java.util.Date(): null

2023-12-20 12:46:39 - [TEST_STEP][PASSED] - println(today): null

2023-12-20 12:46:39 - [TEST_STEP][PASSED] - datText = today: null

2023-12-20 12:46:39 - [TEST_STEP][PASSED] - Taxtype = findTestData(dataFile).getValue("TaxType", row): null

2023-12-20 12:46:39 - [TEST_STEP][PASSED] - out.println("Taxtype value is : " + Taxtype): null

2023-12-20 12:46:39 - [TEST_STEP][PASSED] - openBrowser(""): Browser is opened with url: ''

2023-12-20 12:46:39 - [MESSAGE][WARNING] - A browser is already opened. Closing browser and opening a new one

2023-12-20 12:46:40 - [MESSAGE][INFO] - Starting 'Chrome' driver

2023-12-20 12:46:40 - [MESSAGE][INFO] - User set preference: ['acceptInsecureCerts', 'true']

2023-12-20 12:46:40 - [MESSAGE][INFO] - Action delay is set to 0 milliseconds

2023-12-20 12:46:42 - [MESSAGE][PASSED] - Browser is opened with url: ''

2023-12-20 12:46:42 - [TEST_STEP][PASSED] - maximizeWindow(): Current window maximized

2023-12-20 12:46:42 - [MESSAGE][PASSED] - Current window maximized

2023-12-20 12:46:42 - [TEST_STEP][PASSED] - navigateToUrl(RADurl): Navigate to 'https://qa2.velocitypayment.com/client/rad/index.html' successfully

2023-12-20 12:46:42 - [MESSAGE][PASSED] - Navigate to 'https://qa2.velocitypayment.com/client/rad/index.html' successfully

2023-12-20 12:46:42 - [TEST_STEP][PASSED] - orPath_Landing = "Object Repository/RAD_Pages/Landing_Page": null

2023-12-20 12:46:42 - [TEST_STEP][PASSED] - orPath_TaxTypeFilingYear = "Object Repository/RAD_Pages/TaxTypeFilingYear_Page": null

2023-12-20 12:46:42 - [TEST_STEP][PASSED] - orPath_TaxPayer = "Object Repository/RAD_Pages/Taxpayer_Page": null

2023-12-20 12:46:42 - [TEST_STEP][PASSED] - orPath_AddressContact = "Object Repository/RAD_Pages/AddressAndContactInfo_Page": null

2023-12-20 12:46:42 - [TEST_STEP][PASSED] - orPath_FilingStatus = "Object Repository/RAD_Pages/FilingStatus_Page": null

2023-12-20 12:46:42 - [TEST_STEP][PASSED] - orPath_Amount = "Object Repository/RAD_Pages/PaymentAmount_Page": null

2023-12-20 12:46:42 - [TEST_STEP][PASSED] - orPath_TaxInfo = "Object Repository/RAD_Pages/TaxInfo_Page": null

2023-12-20 12:46:42 - [TEST_STEP][PASSED] - orPath_Withholding = "Object Repository/RAD_Pages/Withholding_Page": null

2023-12-20 12:46:42 - [TEST_STEP][PASSED] - orPath_Summary = "Object Repository/RAD_Pages/Summary_Page": null

2023-12-20 12:46:42 - [TEST_STEP][PASSED] - orPath_PaymentReady = "Object Repository/RAD_Pages/PaymentReady_Page": null

2023-12-20 12:46:42 - [TEST_STEP][PASSED] - orPath_PaymentEntry = "Object Repository/RAD_Pages/PaymentEntry_Page": null

2023-12-20 12:46:42 - [TEST_STEP][PASSED] - orPath_PaymentConfirmation = "Object Repository/RAD_Pages/PaymentConfirmation_Page": null

2023-12-20 12:46:42 - [TEST_STEP][PASSED] - orPath_ServiceFeesAccept = "Object Repository/RAD_Pages/ServiceFeeAccept_Page": null

2023-12-20 12:46:42 - [TEST_STEP][PASSED] - selectOptionByLabel(findTestObject(orPath_Landing + "/dd_TaxType"), Paymenttype, false): All options with label 'New Tax Return Amount Due' are selected in object 'Object Repository/RAD_Pages/Landing_Page/dd_TaxType' 

2023-12-20 12:46:44 - [MESSAGE][PASSED] - All options with label 'New Tax Return Amount Due' are selected in object 'Object Repository/RAD_Pages/Landing_Page/dd_TaxType' 

2023-12-20 12:46:44 - [TEST_STEP][PASSED] - delay(1): Delayed 1 second(s)

2023-12-20 12:46:45 - [MESSAGE][PASSED] - Delayed 1 second(s)

2023-12-20 12:46:45 - [TEST_STEP][PASSED] - switch (Paymenttype): null

2023-12-20 12:46:45 - [TEST_STEP][PASSED] - case "New Tax Return Amount Due":: null

2023-12-20 12:46:45 - [TEST_STEP][PASSED] - selectOptionByLabel(findTestObject("Object Repository/RAD_Pages/Landing_Page/select_NewTaxReturnAmountDue_TaxType"), Taxtype, false): All options with label 'PTE Tax Electing S Corp' are selected in object 'Object Repository/RAD_Pages/Landing_Page/select_NewTaxReturnAmountDue_TaxType' 

2023-12-20 12:46:46 - [MESSAGE][PASSED] - All options with label 'PTE Tax Electing S Corp' are selected in object 'Object Repository/RAD_Pages/Landing_Page/select_NewTaxReturnAmountDue_TaxType' 

2023-12-20 12:46:46 - [TEST_STEP][PASSED] - break: null

2023-12-20 12:46:46 - [TEST_STEP][PASSED] - delay(1): Delayed 1 second(s)

2023-12-20 12:46:47 - [MESSAGE][PASSED] - Delayed 1 second(s)

2023-12-20 12:46:47 - [TEST_STEP][PASSED] - switch (Paymenttype): null

2023-12-20 12:46:47 - [TEST_STEP][PASSED] - case "New Tax Return Amount Due":: null

2023-12-20 12:46:47 - [TEST_STEP][PASSED] - if (feinSsn.equalsIgnoreCase("Y")): Text ****** has been set on object 'Object Repository/RAD_Pages/TaxInfo_Page/input_TaxInfo_RetypeFeinSsn_New_2'

2023-12-20 12:46:47 - [TEST_STEP][PASSED] - setEncryptedText(findTestObject(orPath_TaxInfo + "//input_TaxInfo_FeinSsn_New_2"), "iGDxf8hSRT4="): Text ****** has been set on object 'Object Repository/RAD_Pages/TaxInfo_Page//input_TaxInfo_FeinSsn_New_2'

2023-12-20 12:46:47 - [MESSAGE][PASSED] - Text ****** has been set on object 'Object Repository/RAD_Pages/TaxInfo_Page//input_TaxInfo_FeinSsn_New_2'

2023-12-20 12:46:47 - [TEST_STEP][PASSED] - setEncryptedText(findTestObject(orPath_TaxInfo + "/input_TaxInfo_RetypeFeinSsn_New_2"), ""): Text ****** has been set on object 'Object Repository/RAD_Pages/TaxInfo_Page/input_TaxInfo_RetypeFeinSsn_New_2'

2023-12-20 12:46:48 - [MESSAGE][PASSED] - Text ****** has been set on object 'Object Repository/RAD_Pages/TaxInfo_Page/input_TaxInfo_RetypeFeinSsn_New_2'

2023-12-20 12:46:48 - [TEST_STEP][PASSED] - break: null

2023-12-20 12:46:48 - [TEST_STEP][PASSED] - if (feinSsn.equalsIgnoreCase("Y")): null

2023-12-20 12:46:48 - [TEST_STEP][PASSED] - if (verifyTextPresent("Please enter a valid FEIN/SSN with 9 digits", true)): null

2023-12-20 12:46:48 - [MESSAGE][PASSED] - Text 'Please enter a valid FEIN/SSN with 9 digits' is present on page  using regular expression

2023-12-20 12:46:48 - [TEST_STEP][PASSED] - println("Error Message is present on the page"): null

2023-12-20 12:46:48 - [TEST_STEP][PASSED] - out.println("Pass Record Number: " + row): null

2023-12-20 12:46:48 - [TEST_STEP][PASSED] - resText = "Pass": null

2023-12-20 12:46:48 - [TEST_STEP][PASSED] - pages.WriteExcel.demoKey(resText, datText, resColumn, datCloumn, fileLoc, nameSheet, row): pages.WriteExcel.demoKey is PASSED

2023-12-20 12:46:49 - [MESSAGE][PASSED] - pages.WriteExcel.demoKey is PASSED]]></system-out>
         <system-err><![CDATA[]]></system-err>
      </testcase>
      <testcase name="Test Cases/RAD_TestCases/Negative_TestCases/EL-NumberValidation" time="289.949" classname="Test Cases/RAD_TestCases/Negative_TestCases/EL-NumberValidation" status="PASSED">
         <system-out><![CDATA[2023-12-20 12:46:49 - [TEST_CASE][PASSED] - Test Cases/RAD_TestCases/Negative_TestCases/EL-NumberValidation: Test Cases/RAD_TestCases/Negative_TestCases/EL-NumberValidation

2023-12-20 12:46:49 - [TEST_STEP][PASSED] - resText = "Fail": null

2023-12-20 12:46:49 - [TEST_STEP][PASSED] - resColumn = "Result": null

2023-12-20 12:46:49 - [TEST_STEP][PASSED] - datCloumn = "Date": null

2023-12-20 12:46:49 - [TEST_STEP][PASSED] - fileLoc = "KatalonData/RADTestData/EL-NumberValidation.xlsx": null

2023-12-20 12:46:49 - [TEST_STEP][PASSED] - nameSheet = "NumberError": null

2023-12-20 12:46:49 - [TEST_STEP][PASSED] - dataFile = "RADTestData/EL-NumberValidation": null

2023-12-20 12:46:49 - [TEST_STEP][PASSED] - ExecuteTC = <not implemented yet for class: org.codehaus.groovy.ast.expr.EmptyExpression>: null

2023-12-20 12:46:49 - [TEST_STEP][PASSED] - Taxtype = <not implemented yet for class: org.codehaus.groovy.ast.expr.EmptyExpression>: null

2023-12-20 12:46:49 - [TEST_STEP][PASSED] - TaxTypeEL = <not implemented yet for class: org.codehaus.groovy.ast.expr.EmptyExpression>: null

2023-12-20 12:46:49 - [TEST_STEP][PASSED] - notInvNumber = <not implemented yet for class: org.codehaus.groovy.ast.expr.EmptyExpression>: null

2023-12-20 12:46:49 - [TEST_STEP][PASSED] - errorMsg = <not implemented yet for class: org.codehaus.groovy.ast.expr.EmptyExpression>: null

2023-12-20 12:46:49 - [TEST_STEP][PASSED] - numOfRows = findTestData(dataFile).getRowNumbers(): null

2023-12-20 12:46:49 - [TEST_STEP][PASSED] - println("Number of Records: " + numOfRows): null

2023-12-20 12:46:49 - [TEST_STEP][PASSED] - for ([row = 1, row <= numOfRows, (row++)]): null

2023-12-20 12:46:49 - [TEST_STEP][PASSED] - ExecuteTC = findTestData(dataFile).getValue("Execute", row): null

2023-12-20 12:46:49 - [TEST_STEP][PASSED] - Taxtype = findTestData(dataFile).getValue("TaxType", row): null

2023-12-20 12:46:49 - [TEST_STEP][PASSED] - TaxTypeEL = findTestData(dataFile).getValue("TaxTypeEL", row): null

2023-12-20 12:46:49 - [TEST_STEP][PASSED] - notInvNumber = findTestData(dataFile).getValue("NotiInvoNumber", row): null

2023-12-20 12:46:49 - [TEST_STEP][PASSED] - errorMsg = findTestData(dataFile).getValue("ErrorMessage", row): null

2023-12-20 12:46:49 - [TEST_STEP][PASSED] - out.println("Value of Execute is : " + ExecuteTC): null

2023-12-20 12:46:49 - [TEST_STEP][PASSED] - if (ExecuteTC.equalsIgnoreCase("Y")): null

2023-12-20 12:46:49 - [TEST_STEP][PASSED] - out.println("Begin Record Number: " + row): null

2023-12-20 12:46:49 - [TEST_STEP][PASSED] - today = new java.util.Date(): null

2023-12-20 12:46:49 - [TEST_STEP][PASSED] - println(today): null

2023-12-20 12:46:49 - [TEST_STEP][PASSED] - datText = today: null

2023-12-20 12:46:49 - [TEST_STEP][PASSED] - Taxtype = findTestData(dataFile).getValue("TaxType", row): null

2023-12-20 12:46:49 - [TEST_STEP][PASSED] - out.println("Taxtype value is : " + Taxtype): null

2023-12-20 12:46:49 - [TEST_STEP][PASSED] - openBrowser(""): Browser is opened with url: ''

2023-12-20 12:46:49 - [MESSAGE][WARNING] - A browser is already opened. Closing browser and opening a new one

2023-12-20 12:46:50 - [MESSAGE][INFO] - Starting 'Chrome' driver

2023-12-20 12:46:50 - [MESSAGE][INFO] - User set preference: ['acceptInsecureCerts', 'true']

2023-12-20 12:46:50 - [MESSAGE][INFO] - Action delay is set to 0 milliseconds

2023-12-20 12:46:52 - [MESSAGE][PASSED] - Browser is opened with url: ''

2023-12-20 12:46:52 - [TEST_STEP][PASSED] - maximizeWindow(): Current window maximized

2023-12-20 12:46:52 - [MESSAGE][PASSED] - Current window maximized

2023-12-20 12:46:52 - [TEST_STEP][PASSED] - navigateToUrl(RADurl): Navigate to 'https://qa2.velocitypayment.com/client/rad/index.html' successfully

2023-12-20 12:46:54 - [MESSAGE][PASSED] - Navigate to 'https://qa2.velocitypayment.com/client/rad/index.html' successfully

2023-12-20 12:46:54 - [TEST_STEP][PASSED] - orPath_Landing = "Object Repository/RAD_Pages/Landing_Page": null

2023-12-20 12:46:54 - [TEST_STEP][PASSED] - orPath_TaxTypeFilingYear = "Object Repository/RAD_Pages/TaxTypeFilingYear_Page": null

2023-12-20 12:46:54 - [TEST_STEP][PASSED] - orPath_TaxPayer = "Object Repository/RAD_Pages/Taxpayer_Page": null

2023-12-20 12:46:54 - [TEST_STEP][PASSED] - orPath_AddressContact = "Object Repository/RAD_Pages/AddressAndContactInfo_Page": null

2023-12-20 12:46:54 - [TEST_STEP][PASSED] - orPath_FilingStatus = "Object Repository/RAD_Pages/FilingStatus_Page": null

2023-12-20 12:46:54 - [TEST_STEP][PASSED] - orPath_Amount = "Object Repository/RAD_Pages/PaymentAmount_Page": null

2023-12-20 12:46:54 - [TEST_STEP][PASSED] - orPath_TaxInfo = "Object Repository/RAD_Pages/TaxInfo_Page": null

2023-12-20 12:46:54 - [TEST_STEP][PASSED] - orPath_Withholding = "Object Repository/RAD_Pages/Withholding_Page": null

2023-12-20 12:46:54 - [TEST_STEP][PASSED] - orPath_Summary = "Object Repository/RAD_Pages/Summary_Page": null

2023-12-20 12:46:54 - [TEST_STEP][PASSED] - orPath_PaymentReady = "Object Repository/RAD_Pages/PaymentReady_Page": null

2023-12-20 12:46:54 - [TEST_STEP][PASSED] - orPath_PaymentEntry = "Object Repository/RAD_Pages/PaymentEntry_Page": null

2023-12-20 12:46:54 - [TEST_STEP][PASSED] - orPath_PaymentConfirmation = "Object Repository/RAD_Pages/PaymentConfirmation_Page": null

2023-12-20 12:46:54 - [TEST_STEP][PASSED] - orPath_ServiceFeesAccept = "Object Repository/RAD_Pages/ServiceFeeAccept_Page": null

2023-12-20 12:46:54 - [TEST_STEP][PASSED] - selectOptionByLabel(findTestObject(orPath_Landing + "/dd_TaxType"), Taxtype, false): All options with label 'Existing Liability w/Notice Number' are selected in object 'Object Repository/RAD_Pages/Landing_Page/dd_TaxType' 

2023-12-20 12:46:54 - [MESSAGE][PASSED] - All options with label 'Existing Liability w/Notice Number' are selected in object 'Object Repository/RAD_Pages/Landing_Page/dd_TaxType' 

2023-12-20 12:46:54 - [TEST_STEP][PASSED] - delay(1): Delayed 1 second(s)

2023-12-20 12:46:55 - [MESSAGE][PASSED] - Delayed 1 second(s)

2023-12-20 12:46:55 - [TEST_STEP][PASSED] - selectOptionByLabel(findTestObject(orPath_TaxTypeFilingYear + "/select_TaxType_ExistingLiability"), TaxTypeEL, false): All options with label 'Bay Restoration Fee' are selected in object 'Object Repository/RAD_Pages/TaxTypeFilingYear_Page/select_TaxType_ExistingLiability' 

2023-12-20 12:46:56 - [MESSAGE][PASSED] - All options with label 'Bay Restoration Fee' are selected in object 'Object Repository/RAD_Pages/TaxTypeFilingYear_Page/select_TaxType_ExistingLiability' 

2023-12-20 12:46:56 - [TEST_STEP][PASSED] - setText(findTestObject(orPath_TaxInfo + "/input_NoticeInvoiceNumber"), notInvNumber): Text '123456789' is set on object 'Object Repository/RAD_Pages/TaxInfo_Page/input_NoticeInvoiceNumber'

2023-12-20 12:46:57 - [MESSAGE][PASSED] - Text '123456789' is set on object 'Object Repository/RAD_Pages/TaxInfo_Page/input_NoticeInvoiceNumber'

2023-12-20 12:46:57 - [TEST_STEP][PASSED] - setText(findTestObject(orPath_TaxInfo + "/input_reTypeNoticeInvoiceNumber"), notInvNumber): Text '123456789' is set on object 'Object Repository/RAD_Pages/TaxInfo_Page/input_reTypeNoticeInvoiceNumber'

2023-12-20 12:46:58 - [MESSAGE][PASSED] - Text '123456789' is set on object 'Object Repository/RAD_Pages/TaxInfo_Page/input_reTypeNoticeInvoiceNumber'

2023-12-20 12:46:58 - [TEST_STEP][PASSED] - println(notInvNumber): null

2023-12-20 12:46:58 - [TEST_STEP][PASSED] - if (verifyTextPresent(errorMsg, true)): null

2023-12-20 12:46:59 - [MESSAGE][PASSED] - Text 'Notice Number must be 13 digits in length, with a value greater than zero' is present on page  using regular expression

2023-12-20 12:46:59 - [TEST_STEP][PASSED] - println("Error Message is present on the page"): null

2023-12-20 12:46:59 - [TEST_STEP][PASSED] - out.println("Pass Record Number: " + row): null

2023-12-20 12:46:59 - [TEST_STEP][PASSED] - resText = "Pass": null

2023-12-20 12:46:59 - [TEST_STEP][PASSED] - pages.WriteExcel.demoKey(resText, datText, resColumn, datCloumn, fileLoc, nameSheet, row): pages.WriteExcel.demoKey is PASSED

2023-12-20 12:46:59 - [MESSAGE][PASSED] - pages.WriteExcel.demoKey is PASSED

2023-12-20 12:46:59 - [TEST_STEP][PASSED] - ExecuteTC = findTestData(dataFile).getValue("Execute", row): null

2023-12-20 12:46:59 - [TEST_STEP][PASSED] - Taxtype = findTestData(dataFile).getValue("TaxType", row): null

2023-12-20 12:46:59 - [TEST_STEP][PASSED] - TaxTypeEL = findTestData(dataFile).getValue("TaxTypeEL", row): null

2023-12-20 12:46:59 - [TEST_STEP][PASSED] - notInvNumber = findTestData(dataFile).getValue("NotiInvoNumber", row): null

2023-12-20 12:46:59 - [TEST_STEP][PASSED] - errorMsg = findTestData(dataFile).getValue("ErrorMessage", row): null

2023-12-20 12:46:59 - [TEST_STEP][PASSED] - out.println("Value of Execute is : " + ExecuteTC): null

2023-12-20 12:46:59 - [TEST_STEP][PASSED] - if (ExecuteTC.equalsIgnoreCase("Y")): null

2023-12-20 12:46:59 - [TEST_STEP][PASSED] - out.println("Begin Record Number: " + row): null

2023-12-20 12:46:59 - [TEST_STEP][PASSED] - today = new java.util.Date(): null

2023-12-20 12:46:59 - [TEST_STEP][PASSED] - println(today): null

2023-12-20 12:46:59 - [TEST_STEP][PASSED] - datText = today: null

2023-12-20 12:46:59 - [TEST_STEP][PASSED] - Taxtype = findTestData(dataFile).getValue("TaxType", row): null

2023-12-20 12:46:59 - [TEST_STEP][PASSED] - out.println("Taxtype value is : " + Taxtype): null

2023-12-20 12:46:59 - [TEST_STEP][PASSED] - openBrowser(""): Browser is opened with url: ''

2023-12-20 12:46:59 - [MESSAGE][WARNING] - A browser is already opened. Closing browser and opening a new one

2023-12-20 12:47:00 - [MESSAGE][INFO] - Starting 'Chrome' driver

2023-12-20 12:47:00 - [MESSAGE][INFO] - User set preference: ['acceptInsecureCerts', 'true']

2023-12-20 12:47:00 - [MESSAGE][INFO] - Action delay is set to 0 milliseconds

2023-12-20 12:47:02 - [MESSAGE][PASSED] - Browser is opened with url: ''

2023-12-20 12:47:02 - [TEST_STEP][PASSED] - maximizeWindow(): Current window maximized

2023-12-20 12:47:02 - [MESSAGE][PASSED] - Current window maximized

2023-12-20 12:47:02 - [TEST_STEP][PASSED] - navigateToUrl(RADurl): Navigate to 'https://qa2.velocitypayment.com/client/rad/index.html' successfully

2023-12-20 12:47:02 - [MESSAGE][PASSED] - Navigate to 'https://qa2.velocitypayment.com/client/rad/index.html' successfully

2023-12-20 12:47:02 - [TEST_STEP][PASSED] - orPath_Landing = "Object Repository/RAD_Pages/Landing_Page": null

2023-12-20 12:47:02 - [TEST_STEP][PASSED] - orPath_TaxTypeFilingYear = "Object Repository/RAD_Pages/TaxTypeFilingYear_Page": null

2023-12-20 12:47:02 - [TEST_STEP][PASSED] - orPath_TaxPayer = "Object Repository/RAD_Pages/Taxpayer_Page": null

2023-12-20 12:47:02 - [TEST_STEP][PASSED] - orPath_AddressContact = "Object Repository/RAD_Pages/AddressAndContactInfo_Page": null

2023-12-20 12:47:02 - [TEST_STEP][PASSED] - orPath_FilingStatus = "Object Repository/RAD_Pages/FilingStatus_Page": null

2023-12-20 12:47:02 - [TEST_STEP][PASSED] - orPath_Amount = "Object Repository/RAD_Pages/PaymentAmount_Page": null

2023-12-20 12:47:02 - [TEST_STEP][PASSED] - orPath_TaxInfo = "Object Repository/RAD_Pages/TaxInfo_Page": null

2023-12-20 12:47:02 - [TEST_STEP][PASSED] - orPath_Withholding = "Object Repository/RAD_Pages/Withholding_Page": null

2023-12-20 12:47:02 - [TEST_STEP][PASSED] - orPath_Summary = "Object Repository/RAD_Pages/Summary_Page": null

2023-12-20 12:47:02 - [TEST_STEP][PASSED] - orPath_PaymentReady = "Object Repository/RAD_Pages/PaymentReady_Page": null

2023-12-20 12:47:02 - [TEST_STEP][PASSED] - orPath_PaymentEntry = "Object Repository/RAD_Pages/PaymentEntry_Page": null

2023-12-20 12:47:02 - [TEST_STEP][PASSED] - orPath_PaymentConfirmation = "Object Repository/RAD_Pages/PaymentConfirmation_Page": null

2023-12-20 12:47:02 - [TEST_STEP][PASSED] - orPath_ServiceFeesAccept = "Object Repository/RAD_Pages/ServiceFeeAccept_Page": null

2023-12-20 12:47:02 - [TEST_STEP][PASSED] - selectOptionByLabel(findTestObject(orPath_Landing + "/dd_TaxType"), Taxtype, false): All options with label 'Existing Liability w/Notice Number' are selected in object 'Object Repository/RAD_Pages/Landing_Page/dd_TaxType' 

2023-12-20 12:47:04 - [MESSAGE][PASSED] - All options with label 'Existing Liability w/Notice Number' are selected in object 'Object Repository/RAD_Pages/Landing_Page/dd_TaxType' 

2023-12-20 12:47:04 - [TEST_STEP][PASSED] - delay(1): Delayed 1 second(s)

2023-12-20 12:47:05 - [MESSAGE][PASSED] - Delayed 1 second(s)

2023-12-20 12:47:05 - [TEST_STEP][PASSED] - selectOptionByLabel(findTestObject(orPath_TaxTypeFilingYear + "/select_TaxType_ExistingLiability"), TaxTypeEL, false): All options with label 'Corporate Income Tax' are selected in object 'Object Repository/RAD_Pages/TaxTypeFilingYear_Page/select_TaxType_ExistingLiability' 

2023-12-20 12:47:06 - [MESSAGE][PASSED] - All options with label 'Corporate Income Tax' are selected in object 'Object Repository/RAD_Pages/TaxTypeFilingYear_Page/select_TaxType_ExistingLiability' 

2023-12-20 12:47:06 - [TEST_STEP][PASSED] - setText(findTestObject(orPath_TaxInfo + "/input_NoticeInvoiceNumber"), notInvNumber): Text '123456789' is set on object 'Object Repository/RAD_Pages/TaxInfo_Page/input_NoticeInvoiceNumber'

2023-12-20 12:47:07 - [MESSAGE][PASSED] - Text '123456789' is set on object 'Object Repository/RAD_Pages/TaxInfo_Page/input_NoticeInvoiceNumber'

2023-12-20 12:47:07 - [TEST_STEP][PASSED] - setText(findTestObject(orPath_TaxInfo + "/input_reTypeNoticeInvoiceNumber"), notInvNumber): Text '123456789' is set on object 'Object Repository/RAD_Pages/TaxInfo_Page/input_reTypeNoticeInvoiceNumber'

2023-12-20 12:47:08 - [MESSAGE][PASSED] - Text '123456789' is set on object 'Object Repository/RAD_Pages/TaxInfo_Page/input_reTypeNoticeInvoiceNumber'

2023-12-20 12:47:08 - [TEST_STEP][PASSED] - println(notInvNumber): null

2023-12-20 12:47:08 - [TEST_STEP][PASSED] - if (verifyTextPresent(errorMsg, true)): null

2023-12-20 12:47:08 - [MESSAGE][PASSED] - Text 'Invoice Number must be 10 or 13 digits in length, with a value greater than zero' is present on page  using regular expression

2023-12-20 12:47:08 - [TEST_STEP][PASSED] - println("Error Message is present on the page"): null

2023-12-20 12:47:08 - [TEST_STEP][PASSED] - out.println("Pass Record Number: " + row): null

2023-12-20 12:47:08 - [TEST_STEP][PASSED] - resText = "Pass": null

2023-12-20 12:47:08 - [TEST_STEP][PASSED] - pages.WriteExcel.demoKey(resText, datText, resColumn, datCloumn, fileLoc, nameSheet, row): pages.WriteExcel.demoKey is PASSED

2023-12-20 12:47:08 - [MESSAGE][PASSED] - pages.WriteExcel.demoKey is PASSED

2023-12-20 12:47:08 - [TEST_STEP][PASSED] - ExecuteTC = findTestData(dataFile).getValue("Execute", row): null

2023-12-20 12:47:08 - [TEST_STEP][PASSED] - Taxtype = findTestData(dataFile).getValue("TaxType", row): null

2023-12-20 12:47:08 - [TEST_STEP][PASSED] - TaxTypeEL = findTestData(dataFile).getValue("TaxTypeEL", row): null

2023-12-20 12:47:09 - [TEST_STEP][PASSED] - notInvNumber = findTestData(dataFile).getValue("NotiInvoNumber", row): null

2023-12-20 12:47:09 - [TEST_STEP][PASSED] - errorMsg = findTestData(dataFile).getValue("ErrorMessage", row): null

2023-12-20 12:47:09 - [TEST_STEP][PASSED] - out.println("Value of Execute is : " + ExecuteTC): null

2023-12-20 12:47:09 - [TEST_STEP][PASSED] - if (ExecuteTC.equalsIgnoreCase("Y")): null

2023-12-20 12:47:09 - [TEST_STEP][PASSED] - out.println("Begin Record Number: " + row): null

2023-12-20 12:47:09 - [TEST_STEP][PASSED] - today = new java.util.Date(): null

2023-12-20 12:47:09 - [TEST_STEP][PASSED] - println(today): null

2023-12-20 12:47:09 - [TEST_STEP][PASSED] - datText = today: null

2023-12-20 12:47:09 - [TEST_STEP][PASSED] - Taxtype = findTestData(dataFile).getValue("TaxType", row): null

2023-12-20 12:47:09 - [TEST_STEP][PASSED] - out.println("Taxtype value is : " + Taxtype): null

2023-12-20 12:47:09 - [TEST_STEP][PASSED] - openBrowser(""): Browser is opened with url: ''

2023-12-20 12:47:09 - [MESSAGE][WARNING] - A browser is already opened. Closing browser and opening a new one

2023-12-20 12:47:10 - [MESSAGE][INFO] - Starting 'Chrome' driver

2023-12-20 12:47:10 - [MESSAGE][INFO] - User set preference: ['acceptInsecureCerts', 'true']

2023-12-20 12:47:10 - [MESSAGE][INFO] - Action delay is set to 0 milliseconds

2023-12-20 12:47:11 - [MESSAGE][PASSED] - Browser is opened with url: ''

2023-12-20 12:47:11 - [TEST_STEP][PASSED] - maximizeWindow(): Current window maximized

2023-12-20 12:47:11 - [MESSAGE][PASSED] - Current window maximized

2023-12-20 12:47:11 - [TEST_STEP][PASSED] - navigateToUrl(RADurl): Navigate to 'https://qa2.velocitypayment.com/client/rad/index.html' successfully

2023-12-20 12:47:13 - [MESSAGE][PASSED] - Navigate to 'https://qa2.velocitypayment.com/client/rad/index.html' successfully

2023-12-20 12:47:13 - [TEST_STEP][PASSED] - orPath_Landing = "Object Repository/RAD_Pages/Landing_Page": null

2023-12-20 12:47:13 - [TEST_STEP][PASSED] - orPath_TaxTypeFilingYear = "Object Repository/RAD_Pages/TaxTypeFilingYear_Page": null

2023-12-20 12:47:13 - [TEST_STEP][PASSED] - orPath_TaxPayer = "Object Repository/RAD_Pages/Taxpayer_Page": null

2023-12-20 12:47:13 - [TEST_STEP][PASSED] - orPath_AddressContact = "Object Repository/RAD_Pages/AddressAndContactInfo_Page": null

2023-12-20 12:47:13 - [TEST_STEP][PASSED] - orPath_FilingStatus = "Object Repository/RAD_Pages/FilingStatus_Page": null

2023-12-20 12:47:13 - [TEST_STEP][PASSED] - orPath_Amount = "Object Repository/RAD_Pages/PaymentAmount_Page": null

2023-12-20 12:47:13 - [TEST_STEP][PASSED] - orPath_TaxInfo = "Object Repository/RAD_Pages/TaxInfo_Page": null

2023-12-20 12:47:13 - [TEST_STEP][PASSED] - orPath_Withholding = "Object Repository/RAD_Pages/Withholding_Page": null

2023-12-20 12:47:13 - [TEST_STEP][PASSED] - orPath_Summary = "Object Repository/RAD_Pages/Summary_Page": null

2023-12-20 12:47:13 - [TEST_STEP][PASSED] - orPath_PaymentReady = "Object Repository/RAD_Pages/PaymentReady_Page": null

2023-12-20 12:47:13 - [TEST_STEP][PASSED] - orPath_PaymentEntry = "Object Repository/RAD_Pages/PaymentEntry_Page": null

2023-12-20 12:47:13 - [TEST_STEP][PASSED] - orPath_PaymentConfirmation = "Object Repository/RAD_Pages/PaymentConfirmation_Page": null

2023-12-20 12:47:13 - [TEST_STEP][PASSED] - orPath_ServiceFeesAccept = "Object Repository/RAD_Pages/ServiceFeeAccept_Page": null

2023-12-20 12:47:13 - [TEST_STEP][PASSED] - selectOptionByLabel(findTestObject(orPath_Landing + "/dd_TaxType"), Taxtype, false): All options with label 'Existing Liability w/Notice Number' are selected in object 'Object Repository/RAD_Pages/Landing_Page/dd_TaxType' 

2023-12-20 12:47:14 - [MESSAGE][PASSED] - All options with label 'Existing Liability w/Notice Number' are selected in object 'Object Repository/RAD_Pages/Landing_Page/dd_TaxType' 

2023-12-20 12:47:14 - [TEST_STEP][PASSED] - delay(1): Delayed 1 second(s)

2023-12-20 12:47:15 - [MESSAGE][PASSED] - Delayed 1 second(s)

2023-12-20 12:47:15 - [TEST_STEP][PASSED] - selectOptionByLabel(findTestObject(orPath_TaxTypeFilingYear + "/select_TaxType_ExistingLiability"), TaxTypeEL, false): All options with label 'Corporate Income Tax' are selected in object 'Object Repository/RAD_Pages/TaxTypeFilingYear_Page/select_TaxType_ExistingLiability' 

2023-12-20 12:47:15 - [MESSAGE][PASSED] - All options with label 'Corporate Income Tax' are selected in object 'Object Repository/RAD_Pages/TaxTypeFilingYear_Page/select_TaxType_ExistingLiability' 

2023-12-20 12:47:15 - [TEST_STEP][PASSED] - setText(findTestObject(orPath_TaxInfo + "/input_NoticeInvoiceNumber"), notInvNumber): Text '12345678901' is set on object 'Object Repository/RAD_Pages/TaxInfo_Page/input_NoticeInvoiceNumber'

2023-12-20 12:47:16 - [MESSAGE][PASSED] - Text '12345678901' is set on object 'Object Repository/RAD_Pages/TaxInfo_Page/input_NoticeInvoiceNumber'

2023-12-20 12:47:16 - [TEST_STEP][PASSED] - setText(findTestObject(orPath_TaxInfo + "/input_reTypeNoticeInvoiceNumber"), notInvNumber): Text '12345678901' is set on object 'Object Repository/RAD_Pages/TaxInfo_Page/input_reTypeNoticeInvoiceNumber'

2023-12-20 12:47:17 - [MESSAGE][PASSED] - Text '12345678901' is set on object 'Object Repository/RAD_Pages/TaxInfo_Page/input_reTypeNoticeInvoiceNumber'

2023-12-20 12:47:17 - [TEST_STEP][PASSED] - println(notInvNumber): null

2023-12-20 12:47:17 - [TEST_STEP][PASSED] - if (verifyTextPresent(errorMsg, true)): null

2023-12-20 12:47:18 - [MESSAGE][PASSED] - Text 'Invoice Number must be 10 or 13 digits in length, with a value greater than zero' is present on page  using regular expression

2023-12-20 12:47:18 - [TEST_STEP][PASSED] - println("Error Message is present on the page"): null

2023-12-20 12:47:18 - [TEST_STEP][PASSED] - out.println("Pass Record Number: " + row): null

2023-12-20 12:47:18 - [TEST_STEP][PASSED] - resText = "Pass": null

2023-12-20 12:47:18 - [TEST_STEP][PASSED] - pages.WriteExcel.demoKey(resText, datText, resColumn, datCloumn, fileLoc, nameSheet, row): pages.WriteExcel.demoKey is PASSED

2023-12-20 12:47:18 - [MESSAGE][PASSED] - pages.WriteExcel.demoKey is PASSED

2023-12-20 12:47:18 - [TEST_STEP][PASSED] - ExecuteTC = findTestData(dataFile).getValue("Execute", row): null

2023-12-20 12:47:18 - [TEST_STEP][PASSED] - Taxtype = findTestData(dataFile).getValue("TaxType", row): null

2023-12-20 12:47:18 - [TEST_STEP][PASSED] - TaxTypeEL = findTestData(dataFile).getValue("TaxTypeEL", row): null

2023-12-20 12:47:18 - [TEST_STEP][PASSED] - notInvNumber = findTestData(dataFile).getValue("NotiInvoNumber", row): null

2023-12-20 12:47:18 - [TEST_STEP][PASSED] - errorMsg = findTestData(dataFile).getValue("ErrorMessage", row): null

2023-12-20 12:47:18 - [TEST_STEP][PASSED] - out.println("Value of Execute is : " + ExecuteTC): null

2023-12-20 12:47:18 - [TEST_STEP][PASSED] - if (ExecuteTC.equalsIgnoreCase("Y")): null

2023-12-20 12:47:18 - [TEST_STEP][PASSED] - out.println("Begin Record Number: " + row): null

2023-12-20 12:47:18 - [TEST_STEP][PASSED] - today = new java.util.Date(): null

2023-12-20 12:47:18 - [TEST_STEP][PASSED] - println(today): null

2023-12-20 12:47:18 - [TEST_STEP][PASSED] - datText = today: null

2023-12-20 12:47:18 - [TEST_STEP][PASSED] - Taxtype = findTestData(dataFile).getValue("TaxType", row): null

2023-12-20 12:47:18 - [TEST_STEP][PASSED] - out.println("Taxtype value is : " + Taxtype): null

2023-12-20 12:47:18 - [TEST_STEP][PASSED] - openBrowser(""): Browser is opened with url: ''

2023-12-20 12:47:18 - [MESSAGE][WARNING] - A browser is already opened. Closing browser and opening a new one

2023-12-20 12:47:19 - [MESSAGE][INFO] - Starting 'Chrome' driver

2023-12-20 12:47:19 - [MESSAGE][INFO] - User set preference: ['acceptInsecureCerts', 'true']

2023-12-20 12:47:19 - [MESSAGE][INFO] - Action delay is set to 0 milliseconds

2023-12-20 12:47:21 - [MESSAGE][PASSED] - Browser is opened with url: ''

2023-12-20 12:47:21 - [TEST_STEP][PASSED] - maximizeWindow(): Current window maximized

2023-12-20 12:47:21 - [MESSAGE][PASSED] - Current window maximized

2023-12-20 12:47:21 - [TEST_STEP][PASSED] - navigateToUrl(RADurl): Navigate to 'https://qa2.velocitypayment.com/client/rad/index.html' successfully

2023-12-20 12:47:21 - [MESSAGE][PASSED] - Navigate to 'https://qa2.velocitypayment.com/client/rad/index.html' successfully

2023-12-20 12:47:21 - [TEST_STEP][PASSED] - orPath_Landing = "Object Repository/RAD_Pages/Landing_Page": null

2023-12-20 12:47:21 - [TEST_STEP][PASSED] - orPath_TaxTypeFilingYear = "Object Repository/RAD_Pages/TaxTypeFilingYear_Page": null

2023-12-20 12:47:21 - [TEST_STEP][PASSED] - orPath_TaxPayer = "Object Repository/RAD_Pages/Taxpayer_Page": null

2023-12-20 12:47:21 - [TEST_STEP][PASSED] - orPath_AddressContact = "Object Repository/RAD_Pages/AddressAndContactInfo_Page": null

2023-12-20 12:47:21 - [TEST_STEP][PASSED] - orPath_FilingStatus = "Object Repository/RAD_Pages/FilingStatus_Page": null

2023-12-20 12:47:21 - [TEST_STEP][PASSED] - orPath_Amount = "Object Repository/RAD_Pages/PaymentAmount_Page": null

2023-12-20 12:47:21 - [TEST_STEP][PASSED] - orPath_TaxInfo = "Object Repository/RAD_Pages/TaxInfo_Page": null

2023-12-20 12:47:21 - [TEST_STEP][PASSED] - orPath_Withholding = "Object Repository/RAD_Pages/Withholding_Page": null

2023-12-20 12:47:21 - [TEST_STEP][PASSED] - orPath_Summary = "Object Repository/RAD_Pages/Summary_Page": null

2023-12-20 12:47:21 - [TEST_STEP][PASSED] - orPath_PaymentReady = "Object Repository/RAD_Pages/PaymentReady_Page": null

2023-12-20 12:47:21 - [TEST_STEP][PASSED] - orPath_PaymentEntry = "Object Repository/RAD_Pages/PaymentEntry_Page": null

2023-12-20 12:47:21 - [TEST_STEP][PASSED] - orPath_PaymentConfirmation = "Object Repository/RAD_Pages/PaymentConfirmation_Page": null

2023-12-20 12:47:21 - [TEST_STEP][PASSED] - orPath_ServiceFeesAccept = "Object Repository/RAD_Pages/ServiceFeeAccept_Page": null

2023-12-20 12:47:21 - [TEST_STEP][PASSED] - selectOptionByLabel(findTestObject(orPath_Landing + "/dd_TaxType"), Taxtype, false): All options with label 'Existing Liability w/Notice Number' are selected in object 'Object Repository/RAD_Pages/Landing_Page/dd_TaxType' 

2023-12-20 12:47:23 - [MESSAGE][PASSED] - All options with label 'Existing Liability w/Notice Number' are selected in object 'Object Repository/RAD_Pages/Landing_Page/dd_TaxType' 

2023-12-20 12:47:23 - [TEST_STEP][PASSED] - delay(1): Delayed 1 second(s)

2023-12-20 12:47:24 - [MESSAGE][PASSED] - Delayed 1 second(s)

2023-12-20 12:47:24 - [TEST_STEP][PASSED] - selectOptionByLabel(findTestObject(orPath_TaxTypeFilingYear + "/select_TaxType_ExistingLiability"), TaxTypeEL, false): All options with label 'Corporate Income Tax' are selected in object 'Object Repository/RAD_Pages/TaxTypeFilingYear_Page/select_TaxType_ExistingLiability' 

2023-12-20 12:47:25 - [MESSAGE][PASSED] - All options with label 'Corporate Income Tax' are selected in object 'Object Repository/RAD_Pages/TaxTypeFilingYear_Page/select_TaxType_ExistingLiability' 

2023-12-20 12:47:25 - [TEST_STEP][PASSED] - setText(findTestObject(orPath_TaxInfo + "/input_NoticeInvoiceNumber"), notInvNumber): Text '123456789012' is set on object 'Object Repository/RAD_Pages/TaxInfo_Page/input_NoticeInvoiceNumber'

2023-12-20 12:47:26 - [MESSAGE][PASSED] - Text '123456789012' is set on object 'Object Repository/RAD_Pages/TaxInfo_Page/input_NoticeInvoiceNumber'

2023-12-20 12:47:26 - [TEST_STEP][PASSED] - setText(findTestObject(orPath_TaxInfo + "/input_reTypeNoticeInvoiceNumber"), notInvNumber): Text '123456789012' is set on object 'Object Repository/RAD_Pages/TaxInfo_Page/input_reTypeNoticeInvoiceNumber'

2023-12-20 12:47:27 - [MESSAGE][PASSED] - Text '123456789012' is set on object 'Object Repository/RAD_Pages/TaxInfo_Page/input_reTypeNoticeInvoiceNumber'

2023-12-20 12:47:27 - [TEST_STEP][PASSED] - println(notInvNumber): null

2023-12-20 12:47:27 - [TEST_STEP][PASSED] - if (verifyTextPresent(errorMsg, true)): null

2023-12-20 12:47:27 - [MESSAGE][PASSED] - Text 'Invoice Number must be 10 or 13 digits in length, with a value greater than zero' is present on page  using regular expression

2023-12-20 12:47:27 - [TEST_STEP][PASSED] - println("Error Message is present on the page"): null

2023-12-20 12:47:27 - [TEST_STEP][PASSED] - out.println("Pass Record Number: " + row): null

2023-12-20 12:47:27 - [TEST_STEP][PASSED] - resText = "Pass": null

2023-12-20 12:47:27 - [TEST_STEP][PASSED] - pages.WriteExcel.demoKey(resText, datText, resColumn, datCloumn, fileLoc, nameSheet, row): pages.WriteExcel.demoKey is PASSED

2023-12-20 12:47:27 - [MESSAGE][PASSED] - pages.WriteExcel.demoKey is PASSED

2023-12-20 12:47:27 - [TEST_STEP][PASSED] - ExecuteTC = findTestData(dataFile).getValue("Execute", row): null

2023-12-20 12:47:28 - [TEST_STEP][PASSED] - Taxtype = findTestData(dataFile).getValue("TaxType", row): null

2023-12-20 12:47:28 - [TEST_STEP][PASSED] - TaxTypeEL = findTestData(dataFile).getValue("TaxTypeEL", row): null

2023-12-20 12:47:28 - [TEST_STEP][PASSED] - notInvNumber = findTestData(dataFile).getValue("NotiInvoNumber", row): null

2023-12-20 12:47:28 - [TEST_STEP][PASSED] - errorMsg = findTestData(dataFile).getValue("ErrorMessage", row): null

2023-12-20 12:47:28 - [TEST_STEP][PASSED] - out.println("Value of Execute is : " + ExecuteTC): null

2023-12-20 12:47:28 - [TEST_STEP][PASSED] - if (ExecuteTC.equalsIgnoreCase("Y")): null

2023-12-20 12:47:28 - [TEST_STEP][PASSED] - out.println("Begin Record Number: " + row): null

2023-12-20 12:47:28 - [TEST_STEP][PASSED] - today = new java.util.Date(): null

2023-12-20 12:47:28 - [TEST_STEP][PASSED] - println(today): null

2023-12-20 12:47:28 - [TEST_STEP][PASSED] - datText = today: null

2023-12-20 12:47:28 - [TEST_STEP][PASSED] - Taxtype = findTestData(dataFile).getValue("TaxType", row): null

2023-12-20 12:47:28 - [TEST_STEP][PASSED] - out.println("Taxtype value is : " + Taxtype): null

2023-12-20 12:47:28 - [TEST_STEP][PASSED] - openBrowser(""): Browser is opened with url: ''

2023-12-20 12:47:28 - [MESSAGE][WARNING] - A browser is already opened. Closing browser and opening a new one

2023-12-20 12:47:29 - [MESSAGE][INFO] - Starting 'Chrome' driver

2023-12-20 12:47:29 - [MESSAGE][INFO] - User set preference: ['acceptInsecureCerts', 'true']

2023-12-20 12:47:29 - [MESSAGE][INFO] - Action delay is set to 0 milliseconds

2023-12-20 12:47:30 - [MESSAGE][PASSED] - Browser is opened with url: ''

2023-12-20 12:47:30 - [TEST_STEP][PASSED] - maximizeWindow(): Current window maximized

2023-12-20 12:47:30 - [MESSAGE][PASSED] - Current window maximized

2023-12-20 12:47:30 - [TEST_STEP][PASSED] - navigateToUrl(RADurl): Navigate to 'https://qa2.velocitypayment.com/client/rad/index.html' successfully

2023-12-20 12:47:32 - [MESSAGE][PASSED] - Navigate to 'https://qa2.velocitypayment.com/client/rad/index.html' successfully

2023-12-20 12:47:32 - [TEST_STEP][PASSED] - orPath_Landing = "Object Repository/RAD_Pages/Landing_Page": null

2023-12-20 12:47:32 - [TEST_STEP][PASSED] - orPath_TaxTypeFilingYear = "Object Repository/RAD_Pages/TaxTypeFilingYear_Page": null

2023-12-20 12:47:32 - [TEST_STEP][PASSED] - orPath_TaxPayer = "Object Repository/RAD_Pages/Taxpayer_Page": null

2023-12-20 12:47:32 - [TEST_STEP][PASSED] - orPath_AddressContact = "Object Repository/RAD_Pages/AddressAndContactInfo_Page": null

2023-12-20 12:47:32 - [TEST_STEP][PASSED] - orPath_FilingStatus = "Object Repository/RAD_Pages/FilingStatus_Page": null

2023-12-20 12:47:32 - [TEST_STEP][PASSED] - orPath_Amount = "Object Repository/RAD_Pages/PaymentAmount_Page": null

2023-12-20 12:47:32 - [TEST_STEP][PASSED] - orPath_TaxInfo = "Object Repository/RAD_Pages/TaxInfo_Page": null

2023-12-20 12:47:32 - [TEST_STEP][PASSED] - orPath_Withholding = "Object Repository/RAD_Pages/Withholding_Page": null

2023-12-20 12:47:32 - [TEST_STEP][PASSED] - orPath_Summary = "Object Repository/RAD_Pages/Summary_Page": null

2023-12-20 12:47:32 - [TEST_STEP][PASSED] - orPath_PaymentReady = "Object Repository/RAD_Pages/PaymentReady_Page": null

2023-12-20 12:47:32 - [TEST_STEP][PASSED] - orPath_PaymentEntry = "Object Repository/RAD_Pages/PaymentEntry_Page": null

2023-12-20 12:47:32 - [TEST_STEP][PASSED] - orPath_PaymentConfirmation = "Object Repository/RAD_Pages/PaymentConfirmation_Page": null

2023-12-20 12:47:32 - [TEST_STEP][PASSED] - orPath_ServiceFeesAccept = "Object Repository/RAD_Pages/ServiceFeeAccept_Page": null

2023-12-20 12:47:32 - [TEST_STEP][PASSED] - selectOptionByLabel(findTestObject(orPath_Landing + "/dd_TaxType"), Taxtype, false): All options with label 'Existing Liability w/Notice Number' are selected in object 'Object Repository/RAD_Pages/Landing_Page/dd_TaxType' 

2023-12-20 12:47:33 - [MESSAGE][PASSED] - All options with label 'Existing Liability w/Notice Number' are selected in object 'Object Repository/RAD_Pages/Landing_Page/dd_TaxType' 

2023-12-20 12:47:33 - [TEST_STEP][PASSED] - delay(1): Delayed 1 second(s)

2023-12-20 12:47:34 - [MESSAGE][PASSED] - Delayed 1 second(s)

2023-12-20 12:47:34 - [TEST_STEP][PASSED] - selectOptionByLabel(findTestObject(orPath_TaxTypeFilingYear + "/select_TaxType_ExistingLiability"), TaxTypeEL, false): All options with label 'Fiduciary Tax' are selected in object 'Object Repository/RAD_Pages/TaxTypeFilingYear_Page/select_TaxType_ExistingLiability' 

2023-12-20 12:47:34 - [MESSAGE][PASSED] - All options with label 'Fiduciary Tax' are selected in object 'Object Repository/RAD_Pages/TaxTypeFilingYear_Page/select_TaxType_ExistingLiability' 

2023-12-20 12:47:34 - [TEST_STEP][PASSED] - setText(findTestObject(orPath_TaxInfo + "/input_NoticeInvoiceNumber"), notInvNumber): Text '123456789' is set on object 'Object Repository/RAD_Pages/TaxInfo_Page/input_NoticeInvoiceNumber'

2023-12-20 12:47:35 - [MESSAGE][PASSED] - Text '123456789' is set on object 'Object Repository/RAD_Pages/TaxInfo_Page/input_NoticeInvoiceNumber'

2023-12-20 12:47:35 - [TEST_STEP][PASSED] - setText(findTestObject(orPath_TaxInfo + "/input_reTypeNoticeInvoiceNumber"), notInvNumber): Text '123456789' is set on object 'Object Repository/RAD_Pages/TaxInfo_Page/input_reTypeNoticeInvoiceNumber'

2023-12-20 12:47:36 - [MESSAGE][PASSED] - Text '123456789' is set on object 'Object Repository/RAD_Pages/TaxInfo_Page/input_reTypeNoticeInvoiceNumber'

2023-12-20 12:47:36 - [TEST_STEP][PASSED] - println(notInvNumber): null

2023-12-20 12:47:36 - [TEST_STEP][PASSED] - if (verifyTextPresent(errorMsg, true)): null

2023-12-20 12:47:37 - [MESSAGE][PASSED] - Text 'Notice Number must be 13 digits in length, with a value greater than zero' is present on page  using regular expression

2023-12-20 12:47:37 - [TEST_STEP][PASSED] - println("Error Message is present on the page"): null

2023-12-20 12:47:37 - [TEST_STEP][PASSED] - out.println("Pass Record Number: " + row): null

2023-12-20 12:47:37 - [TEST_STEP][PASSED] - resText = "Pass": null

2023-12-20 12:47:37 - [TEST_STEP][PASSED] - pages.WriteExcel.demoKey(resText, datText, resColumn, datCloumn, fileLoc, nameSheet, row): pages.WriteExcel.demoKey is PASSED

2023-12-20 12:47:37 - [MESSAGE][PASSED] - pages.WriteExcel.demoKey is PASSED

2023-12-20 12:47:37 - [TEST_STEP][PASSED] - ExecuteTC = findTestData(dataFile).getValue("Execute", row): null

2023-12-20 12:47:37 - [TEST_STEP][PASSED] - Taxtype = findTestData(dataFile).getValue("TaxType", row): null

2023-12-20 12:47:37 - [TEST_STEP][PASSED] - TaxTypeEL = findTestData(dataFile).getValue("TaxTypeEL", row): null

2023-12-20 12:47:37 - [TEST_STEP][PASSED] - notInvNumber = findTestData(dataFile).getValue("NotiInvoNumber", row): null

2023-12-20 12:47:37 - [TEST_STEP][PASSED] - errorMsg = findTestData(dataFile).getValue("ErrorMessage", row): null

2023-12-20 12:47:37 - [TEST_STEP][PASSED] - out.println("Value of Execute is : " + ExecuteTC): null

2023-12-20 12:47:37 - [TEST_STEP][PASSED] - if (ExecuteTC.equalsIgnoreCase("Y")): null

2023-12-20 12:47:37 - [TEST_STEP][PASSED] - out.println("Begin Record Number: " + row): null

2023-12-20 12:47:37 - [TEST_STEP][PASSED] - today = new java.util.Date(): null

2023-12-20 12:47:37 - [TEST_STEP][PASSED] - println(today): null

2023-12-20 12:47:37 - [TEST_STEP][PASSED] - datText = today: null

2023-12-20 12:47:37 - [TEST_STEP][PASSED] - Taxtype = findTestData(dataFile).getValue("TaxType", row): null

2023-12-20 12:47:37 - [TEST_STEP][PASSED] - out.println("Taxtype value is : " + Taxtype): null

2023-12-20 12:47:37 - [TEST_STEP][PASSED] - openBrowser(""): Browser is opened with url: ''

2023-12-20 12:47:37 - [MESSAGE][WARNING] - A browser is already opened. Closing browser and opening a new one

2023-12-20 12:47:38 - [MESSAGE][INFO] - Starting 'Chrome' driver

2023-12-20 12:47:38 - [MESSAGE][INFO] - User set preference: ['acceptInsecureCerts', 'true']

2023-12-20 12:47:38 - [MESSAGE][INFO] - Action delay is set to 0 milliseconds

2023-12-20 12:47:40 - [MESSAGE][PASSED] - Browser is opened with url: ''

2023-12-20 12:47:40 - [TEST_STEP][PASSED] - maximizeWindow(): Current window maximized

2023-12-20 12:47:40 - [MESSAGE][PASSED] - Current window maximized

2023-12-20 12:47:40 - [TEST_STEP][PASSED] - navigateToUrl(RADurl): Navigate to 'https://qa2.velocitypayment.com/client/rad/index.html' successfully

2023-12-20 12:47:42 - [MESSAGE][PASSED] - Navigate to 'https://qa2.velocitypayment.com/client/rad/index.html' successfully

2023-12-20 12:47:42 - [TEST_STEP][PASSED] - orPath_Landing = "Object Repository/RAD_Pages/Landing_Page": null

2023-12-20 12:47:42 - [TEST_STEP][PASSED] - orPath_TaxTypeFilingYear = "Object Repository/RAD_Pages/TaxTypeFilingYear_Page": null

2023-12-20 12:47:42 - [TEST_STEP][PASSED] - orPath_TaxPayer = "Object Repository/RAD_Pages/Taxpayer_Page": null

2023-12-20 12:47:42 - [TEST_STEP][PASSED] - orPath_AddressContact = "Object Repository/RAD_Pages/AddressAndContactInfo_Page": null

2023-12-20 12:47:42 - [TEST_STEP][PASSED] - orPath_FilingStatus = "Object Repository/RAD_Pages/FilingStatus_Page": null

2023-12-20 12:47:42 - [TEST_STEP][PASSED] - orPath_Amount = "Object Repository/RAD_Pages/PaymentAmount_Page": null

2023-12-20 12:47:42 - [TEST_STEP][PASSED] - orPath_TaxInfo = "Object Repository/RAD_Pages/TaxInfo_Page": null

2023-12-20 12:47:42 - [TEST_STEP][PASSED] - orPath_Withholding = "Object Repository/RAD_Pages/Withholding_Page": null

2023-12-20 12:47:42 - [TEST_STEP][PASSED] - orPath_Summary = "Object Repository/RAD_Pages/Summary_Page": null

2023-12-20 12:47:42 - [TEST_STEP][PASSED] - orPath_PaymentReady = "Object Repository/RAD_Pages/PaymentReady_Page": null

2023-12-20 12:47:42 - [TEST_STEP][PASSED] - orPath_PaymentEntry = "Object Repository/RAD_Pages/PaymentEntry_Page": null

2023-12-20 12:47:42 - [TEST_STEP][PASSED] - orPath_PaymentConfirmation = "Object Repository/RAD_Pages/PaymentConfirmation_Page": null

2023-12-20 12:47:42 - [TEST_STEP][PASSED] - orPath_ServiceFeesAccept = "Object Repository/RAD_Pages/ServiceFeeAccept_Page": null

2023-12-20 12:47:42 - [TEST_STEP][PASSED] - selectOptionByLabel(findTestObject(orPath_Landing + "/dd_TaxType"), Taxtype, false): All options with label 'Existing Liability w/Notice Number' are selected in object 'Object Repository/RAD_Pages/Landing_Page/dd_TaxType' 

2023-12-20 12:47:42 - [MESSAGE][PASSED] - All options with label 'Existing Liability w/Notice Number' are selected in object 'Object Repository/RAD_Pages/Landing_Page/dd_TaxType' 

2023-12-20 12:47:42 - [TEST_STEP][PASSED] - delay(1): Delayed 1 second(s)

2023-12-20 12:47:43 - [MESSAGE][PASSED] - Delayed 1 second(s)

2023-12-20 12:47:43 - [TEST_STEP][PASSED] - selectOptionByLabel(findTestObject(orPath_TaxTypeFilingYear + "/select_TaxType_ExistingLiability"), TaxTypeEL, false): All options with label 'Personal Income Tax' are selected in object 'Object Repository/RAD_Pages/TaxTypeFilingYear_Page/select_TaxType_ExistingLiability' 

2023-12-20 12:47:44 - [MESSAGE][PASSED] - All options with label 'Personal Income Tax' are selected in object 'Object Repository/RAD_Pages/TaxTypeFilingYear_Page/select_TaxType_ExistingLiability' 

2023-12-20 12:47:44 - [TEST_STEP][PASSED] - setText(findTestObject(orPath_TaxInfo + "/input_NoticeInvoiceNumber"), notInvNumber): Text '123456789' is set on object 'Object Repository/RAD_Pages/TaxInfo_Page/input_NoticeInvoiceNumber'

2023-12-20 12:47:45 - [MESSAGE][PASSED] - Text '123456789' is set on object 'Object Repository/RAD_Pages/TaxInfo_Page/input_NoticeInvoiceNumber'

2023-12-20 12:47:45 - [TEST_STEP][PASSED] - setText(findTestObject(orPath_TaxInfo + "/input_reTypeNoticeInvoiceNumber"), notInvNumber): Text '123456789' is set on object 'Object Repository/RAD_Pages/TaxInfo_Page/input_reTypeNoticeInvoiceNumber'

2023-12-20 12:47:46 - [MESSAGE][PASSED] - Text '123456789' is set on object 'Object Repository/RAD_Pages/TaxInfo_Page/input_reTypeNoticeInvoiceNumber'

2023-12-20 12:47:46 - [TEST_STEP][PASSED] - println(notInvNumber): null

2023-12-20 12:47:46 - [TEST_STEP][PASSED] - if (verifyTextPresent(errorMsg, true)): null

2023-12-20 12:47:46 - [MESSAGE][PASSED] - Text 'Notice Number must be 13 digits in length, with a value greater than zero' is present on page  using regular expression

2023-12-20 12:47:46 - [TEST_STEP][PASSED] - println("Error Message is present on the page"): null

2023-12-20 12:47:46 - [TEST_STEP][PASSED] - out.println("Pass Record Number: " + row): null

2023-12-20 12:47:46 - [TEST_STEP][PASSED] - resText = "Pass": null

2023-12-20 12:47:46 - [TEST_STEP][PASSED] - pages.WriteExcel.demoKey(resText, datText, resColumn, datCloumn, fileLoc, nameSheet, row): pages.WriteExcel.demoKey is PASSED

2023-12-20 12:47:46 - [MESSAGE][PASSED] - pages.WriteExcel.demoKey is PASSED

2023-12-20 12:47:46 - [TEST_STEP][PASSED] - ExecuteTC = findTestData(dataFile).getValue("Execute", row): null

2023-12-20 12:47:47 - [TEST_STEP][PASSED] - Taxtype = findTestData(dataFile).getValue("TaxType", row): null

2023-12-20 12:47:47 - [TEST_STEP][PASSED] - TaxTypeEL = findTestData(dataFile).getValue("TaxTypeEL", row): null

2023-12-20 12:47:47 - [TEST_STEP][PASSED] - notInvNumber = findTestData(dataFile).getValue("NotiInvoNumber", row): null

2023-12-20 12:47:47 - [TEST_STEP][PASSED] - errorMsg = findTestData(dataFile).getValue("ErrorMessage", row): null

2023-12-20 12:47:47 - [TEST_STEP][PASSED] - out.println("Value of Execute is : " + ExecuteTC): null

2023-12-20 12:47:47 - [TEST_STEP][PASSED] - if (ExecuteTC.equalsIgnoreCase("Y")): null

2023-12-20 12:47:47 - [TEST_STEP][PASSED] - out.println("Begin Record Number: " + row): null

2023-12-20 12:47:47 - [TEST_STEP][PASSED] - today = new java.util.Date(): null

2023-12-20 12:47:47 - [TEST_STEP][PASSED] - println(today): null

2023-12-20 12:47:47 - [TEST_STEP][PASSED] - datText = today: null

2023-12-20 12:47:47 - [TEST_STEP][PASSED] - Taxtype = findTestData(dataFile).getValue("TaxType", row): null

2023-12-20 12:47:47 - [TEST_STEP][PASSED] - out.println("Taxtype value is : " + Taxtype): null

2023-12-20 12:47:47 - [TEST_STEP][PASSED] - openBrowser(""): Browser is opened with url: ''

2023-12-20 12:47:47 - [MESSAGE][WARNING] - A browser is already opened. Closing browser and opening a new one

2023-12-20 12:47:48 - [MESSAGE][INFO] - Starting 'Chrome' driver

2023-12-20 12:47:48 - [MESSAGE][INFO] - User set preference: ['acceptInsecureCerts', 'true']

2023-12-20 12:47:48 - [MESSAGE][INFO] - Action delay is set to 0 milliseconds

2023-12-20 12:47:50 - [MESSAGE][PASSED] - Browser is opened with url: ''

2023-12-20 12:47:50 - [TEST_STEP][PASSED] - maximizeWindow(): Current window maximized

2023-12-20 12:47:50 - [MESSAGE][PASSED] - Current window maximized

2023-12-20 12:47:50 - [TEST_STEP][PASSED] - navigateToUrl(RADurl): Navigate to 'https://qa2.velocitypayment.com/client/rad/index.html' successfully

2023-12-20 12:47:52 - [MESSAGE][PASSED] - Navigate to 'https://qa2.velocitypayment.com/client/rad/index.html' successfully

2023-12-20 12:47:52 - [TEST_STEP][PASSED] - orPath_Landing = "Object Repository/RAD_Pages/Landing_Page": null

2023-12-20 12:47:52 - [TEST_STEP][PASSED] - orPath_TaxTypeFilingYear = "Object Repository/RAD_Pages/TaxTypeFilingYear_Page": null

2023-12-20 12:47:52 - [TEST_STEP][PASSED] - orPath_TaxPayer = "Object Repository/RAD_Pages/Taxpayer_Page": null

2023-12-20 12:47:52 - [TEST_STEP][PASSED] - orPath_AddressContact = "Object Repository/RAD_Pages/AddressAndContactInfo_Page": null

2023-12-20 12:47:52 - [TEST_STEP][PASSED] - orPath_FilingStatus = "Object Repository/RAD_Pages/FilingStatus_Page": null

2023-12-20 12:47:52 - [TEST_STEP][PASSED] - orPath_Amount = "Object Repository/RAD_Pages/PaymentAmount_Page": null

2023-12-20 12:47:52 - [TEST_STEP][PASSED] - orPath_TaxInfo = "Object Repository/RAD_Pages/TaxInfo_Page": null

2023-12-20 12:47:52 - [TEST_STEP][PASSED] - orPath_Withholding = "Object Repository/RAD_Pages/Withholding_Page": null

2023-12-20 12:47:52 - [TEST_STEP][PASSED] - orPath_Summary = "Object Repository/RAD_Pages/Summary_Page": null

2023-12-20 12:47:52 - [TEST_STEP][PASSED] - orPath_PaymentReady = "Object Repository/RAD_Pages/PaymentReady_Page": null

2023-12-20 12:47:52 - [TEST_STEP][PASSED] - orPath_PaymentEntry = "Object Repository/RAD_Pages/PaymentEntry_Page": null

2023-12-20 12:47:52 - [TEST_STEP][PASSED] - orPath_PaymentConfirmation = "Object Repository/RAD_Pages/PaymentConfirmation_Page": null

2023-12-20 12:47:52 - [TEST_STEP][PASSED] - orPath_ServiceFeesAccept = "Object Repository/RAD_Pages/ServiceFeeAccept_Page": null

2023-12-20 12:47:52 - [TEST_STEP][PASSED] - selectOptionByLabel(findTestObject(orPath_Landing + "/dd_TaxType"), Taxtype, false): All options with label 'Existing Liability w/Notice Number' are selected in object 'Object Repository/RAD_Pages/Landing_Page/dd_TaxType' 

2023-12-20 12:47:52 - [MESSAGE][PASSED] - All options with label 'Existing Liability w/Notice Number' are selected in object 'Object Repository/RAD_Pages/Landing_Page/dd_TaxType' 

2023-12-20 12:47:52 - [TEST_STEP][PASSED] - delay(1): Delayed 1 second(s)

2023-12-20 12:47:53 - [MESSAGE][PASSED] - Delayed 1 second(s)

2023-12-20 12:47:53 - [TEST_STEP][PASSED] - selectOptionByLabel(findTestObject(orPath_TaxTypeFilingYear + "/select_TaxType_ExistingLiability"), TaxTypeEL, false): All options with label 'PTE Non-Electing Non-S Corp' are selected in object 'Object Repository/RAD_Pages/TaxTypeFilingYear_Page/select_TaxType_ExistingLiability' 

2023-12-20 12:47:54 - [MESSAGE][PASSED] - All options with label 'PTE Non-Electing Non-S Corp' are selected in object 'Object Repository/RAD_Pages/TaxTypeFilingYear_Page/select_TaxType_ExistingLiability' 

2023-12-20 12:47:54 - [TEST_STEP][PASSED] - setText(findTestObject(orPath_TaxInfo + "/input_NoticeInvoiceNumber"), notInvNumber): Text '123456789' is set on object 'Object Repository/RAD_Pages/TaxInfo_Page/input_NoticeInvoiceNumber'

2023-12-20 12:47:55 - [MESSAGE][PASSED] - Text '123456789' is set on object 'Object Repository/RAD_Pages/TaxInfo_Page/input_NoticeInvoiceNumber'

2023-12-20 12:47:55 - [TEST_STEP][PASSED] - setText(findTestObject(orPath_TaxInfo + "/input_reTypeNoticeInvoiceNumber"), notInvNumber): Text '123456789' is set on object 'Object Repository/RAD_Pages/TaxInfo_Page/input_reTypeNoticeInvoiceNumber'

2023-12-20 12:47:56 - [MESSAGE][PASSED] - Text '123456789' is set on object 'Object Repository/RAD_Pages/TaxInfo_Page/input_reTypeNoticeInvoiceNumber'

2023-12-20 12:47:56 - [TEST_STEP][PASSED] - println(notInvNumber): null

2023-12-20 12:47:56 - [TEST_STEP][PASSED] - if (verifyTextPresent(errorMsg, true)): null

2023-12-20 12:47:56 - [MESSAGE][PASSED] - Text 'Notice Number must be 13 digits in length, with a value greater than zero' is present on page  using regular expression

2023-12-20 12:47:56 - [TEST_STEP][PASSED] - println("Error Message is present on the page"): null

2023-12-20 12:47:56 - [TEST_STEP][PASSED] - out.println("Pass Record Number: " + row): null

2023-12-20 12:47:56 - [TEST_STEP][PASSED] - resText = "Pass": null

2023-12-20 12:47:56 - [TEST_STEP][PASSED] - pages.WriteExcel.demoKey(resText, datText, resColumn, datCloumn, fileLoc, nameSheet, row): pages.WriteExcel.demoKey is PASSED

2023-12-20 12:47:56 - [MESSAGE][PASSED] - pages.WriteExcel.demoKey is PASSED

2023-12-20 12:47:56 - [TEST_STEP][PASSED] - ExecuteTC = findTestData(dataFile).getValue("Execute", row): null

2023-12-20 12:47:56 - [TEST_STEP][PASSED] - Taxtype = findTestData(dataFile).getValue("TaxType", row): null

2023-12-20 12:47:56 - [TEST_STEP][PASSED] - TaxTypeEL = findTestData(dataFile).getValue("TaxTypeEL", row): null

2023-12-20 12:47:56 - [TEST_STEP][PASSED] - notInvNumber = findTestData(dataFile).getValue("NotiInvoNumber", row): null

2023-12-20 12:47:56 - [TEST_STEP][PASSED] - errorMsg = findTestData(dataFile).getValue("ErrorMessage", row): null

2023-12-20 12:47:56 - [TEST_STEP][PASSED] - out.println("Value of Execute is : " + ExecuteTC): null

2023-12-20 12:47:56 - [TEST_STEP][PASSED] - if (ExecuteTC.equalsIgnoreCase("Y")): null

2023-12-20 12:47:56 - [TEST_STEP][PASSED] - out.println("Begin Record Number: " + row): null

2023-12-20 12:47:56 - [TEST_STEP][PASSED] - today = new java.util.Date(): null

2023-12-20 12:47:56 - [TEST_STEP][PASSED] - println(today): null

2023-12-20 12:47:56 - [TEST_STEP][PASSED] - datText = today: null

2023-12-20 12:47:56 - [TEST_STEP][PASSED] - Taxtype = findTestData(dataFile).getValue("TaxType", row): null

2023-12-20 12:47:57 - [TEST_STEP][PASSED] - out.println("Taxtype value is : " + Taxtype): null

2023-12-20 12:47:57 - [TEST_STEP][PASSED] - openBrowser(""): Browser is opened with url: ''

2023-12-20 12:47:57 - [MESSAGE][WARNING] - A browser is already opened. Closing browser and opening a new one

2023-12-20 12:47:58 - [MESSAGE][INFO] - Starting 'Chrome' driver

2023-12-20 12:47:58 - [MESSAGE][INFO] - User set preference: ['acceptInsecureCerts', 'true']

2023-12-20 12:47:58 - [MESSAGE][INFO] - Action delay is set to 0 milliseconds

2023-12-20 12:47:59 - [MESSAGE][PASSED] - Browser is opened with url: ''

2023-12-20 12:47:59 - [TEST_STEP][PASSED] - maximizeWindow(): Current window maximized

2023-12-20 12:48:00 - [MESSAGE][PASSED] - Current window maximized

2023-12-20 12:48:00 - [TEST_STEP][PASSED] - navigateToUrl(RADurl): Navigate to 'https://qa2.velocitypayment.com/client/rad/index.html' successfully

2023-12-20 12:48:01 - [MESSAGE][PASSED] - Navigate to 'https://qa2.velocitypayment.com/client/rad/index.html' successfully

2023-12-20 12:48:01 - [TEST_STEP][PASSED] - orPath_Landing = "Object Repository/RAD_Pages/Landing_Page": null

2023-12-20 12:48:01 - [TEST_STEP][PASSED] - orPath_TaxTypeFilingYear = "Object Repository/RAD_Pages/TaxTypeFilingYear_Page": null

2023-12-20 12:48:01 - [TEST_STEP][PASSED] - orPath_TaxPayer = "Object Repository/RAD_Pages/Taxpayer_Page": null

2023-12-20 12:48:01 - [TEST_STEP][PASSED] - orPath_AddressContact = "Object Repository/RAD_Pages/AddressAndContactInfo_Page": null

2023-12-20 12:48:01 - [TEST_STEP][PASSED] - orPath_FilingStatus = "Object Repository/RAD_Pages/FilingStatus_Page": null

2023-12-20 12:48:01 - [TEST_STEP][PASSED] - orPath_Amount = "Object Repository/RAD_Pages/PaymentAmount_Page": null

2023-12-20 12:48:01 - [TEST_STEP][PASSED] - orPath_TaxInfo = "Object Repository/RAD_Pages/TaxInfo_Page": null

2023-12-20 12:48:01 - [TEST_STEP][PASSED] - orPath_Withholding = "Object Repository/RAD_Pages/Withholding_Page": null

2023-12-20 12:48:01 - [TEST_STEP][PASSED] - orPath_Summary = "Object Repository/RAD_Pages/Summary_Page": null

2023-12-20 12:48:01 - [TEST_STEP][PASSED] - orPath_PaymentReady = "Object Repository/RAD_Pages/PaymentReady_Page": null

2023-12-20 12:48:01 - [TEST_STEP][PASSED] - orPath_PaymentEntry = "Object Repository/RAD_Pages/PaymentEntry_Page": null

2023-12-20 12:48:01 - [TEST_STEP][PASSED] - orPath_PaymentConfirmation = "Object Repository/RAD_Pages/PaymentConfirmation_Page": null

2023-12-20 12:48:01 - [TEST_STEP][PASSED] - orPath_ServiceFeesAccept = "Object Repository/RAD_Pages/ServiceFeeAccept_Page": null

2023-12-20 12:48:01 - [TEST_STEP][PASSED] - selectOptionByLabel(findTestObject(orPath_Landing + "/dd_TaxType"), Taxtype, false): All options with label 'Existing Liability w/Notice Number' are selected in object 'Object Repository/RAD_Pages/Landing_Page/dd_TaxType' 

2023-12-20 12:48:02 - [MESSAGE][PASSED] - All options with label 'Existing Liability w/Notice Number' are selected in object 'Object Repository/RAD_Pages/Landing_Page/dd_TaxType' 

2023-12-20 12:48:02 - [TEST_STEP][PASSED] - delay(1): Delayed 1 second(s)

2023-12-20 12:48:03 - [MESSAGE][PASSED] - Delayed 1 second(s)

2023-12-20 12:48:03 - [TEST_STEP][PASSED] - selectOptionByLabel(findTestObject(orPath_TaxTypeFilingYear + "/select_TaxType_ExistingLiability"), TaxTypeEL, false): All options with label 'PTE Non-Electing S Corp' are selected in object 'Object Repository/RAD_Pages/TaxTypeFilingYear_Page/select_TaxType_ExistingLiability' 

2023-12-20 12:48:03 - [MESSAGE][PASSED] - All options with label 'PTE Non-Electing S Corp' are selected in object 'Object Repository/RAD_Pages/TaxTypeFilingYear_Page/select_TaxType_ExistingLiability' 

2023-12-20 12:48:03 - [TEST_STEP][PASSED] - setText(findTestObject(orPath_TaxInfo + "/input_NoticeInvoiceNumber"), notInvNumber): Text '123456789' is set on object 'Object Repository/RAD_Pages/TaxInfo_Page/input_NoticeInvoiceNumber'

2023-12-20 12:48:04 - [MESSAGE][PASSED] - Text '123456789' is set on object 'Object Repository/RAD_Pages/TaxInfo_Page/input_NoticeInvoiceNumber'

2023-12-20 12:48:04 - [TEST_STEP][PASSED] - setText(findTestObject(orPath_TaxInfo + "/input_reTypeNoticeInvoiceNumber"), notInvNumber): Text '123456789' is set on object 'Object Repository/RAD_Pages/TaxInfo_Page/input_reTypeNoticeInvoiceNumber'

2023-12-20 12:48:05 - [MESSAGE][PASSED] - Text '123456789' is set on object 'Object Repository/RAD_Pages/TaxInfo_Page/input_reTypeNoticeInvoiceNumber'

2023-12-20 12:48:05 - [TEST_STEP][PASSED] - println(notInvNumber): null

2023-12-20 12:48:05 - [TEST_STEP][PASSED] - if (verifyTextPresent(errorMsg, true)): null

2023-12-20 12:48:06 - [MESSAGE][PASSED] - Text 'Notice Number must be 13 digits in length, with a value greater than zero' is present on page  using regular expression

2023-12-20 12:48:06 - [TEST_STEP][PASSED] - println("Error Message is present on the page"): null

2023-12-20 12:48:06 - [TEST_STEP][PASSED] - out.println("Pass Record Number: " + row): null

2023-12-20 12:48:06 - [TEST_STEP][PASSED] - resText = "Pass": null

2023-12-20 12:48:06 - [TEST_STEP][PASSED] - pages.WriteExcel.demoKey(resText, datText, resColumn, datCloumn, fileLoc, nameSheet, row): pages.WriteExcel.demoKey is PASSED

2023-12-20 12:48:06 - [MESSAGE][PASSED] - pages.WriteExcel.demoKey is PASSED

2023-12-20 12:48:06 - [TEST_STEP][PASSED] - ExecuteTC = findTestData(dataFile).getValue("Execute", row): null

2023-12-20 12:48:06 - [TEST_STEP][PASSED] - Taxtype = findTestData(dataFile).getValue("TaxType", row): null

2023-12-20 12:48:06 - [TEST_STEP][PASSED] - TaxTypeEL = findTestData(dataFile).getValue("TaxTypeEL", row): null

2023-12-20 12:48:06 - [TEST_STEP][PASSED] - notInvNumber = findTestData(dataFile).getValue("NotiInvoNumber", row): null

2023-12-20 12:48:06 - [TEST_STEP][PASSED] - errorMsg = findTestData(dataFile).getValue("ErrorMessage", row): null

2023-12-20 12:48:06 - [TEST_STEP][PASSED] - out.println("Value of Execute is : " + ExecuteTC): null

2023-12-20 12:48:06 - [TEST_STEP][PASSED] - if (ExecuteTC.equalsIgnoreCase("Y")): null

2023-12-20 12:48:06 - [TEST_STEP][PASSED] - out.println("Begin Record Number: " + row): null

2023-12-20 12:48:06 - [TEST_STEP][PASSED] - today = new java.util.Date(): null

2023-12-20 12:48:06 - [TEST_STEP][PASSED] - println(today): null

2023-12-20 12:48:06 - [TEST_STEP][PASSED] - datText = today: null

2023-12-20 12:48:06 - [TEST_STEP][PASSED] - Taxtype = findTestData(dataFile).getValue("TaxType", row): null

2023-12-20 12:48:06 - [TEST_STEP][PASSED] - out.println("Taxtype value is : " + Taxtype): null

2023-12-20 12:48:06 - [TEST_STEP][PASSED] - openBrowser(""): Browser is opened with url: ''

2023-12-20 12:48:06 - [MESSAGE][WARNING] - A browser is already opened. Closing browser and opening a new one

2023-12-20 12:48:07 - [MESSAGE][INFO] - Starting 'Chrome' driver

2023-12-20 12:48:07 - [MESSAGE][INFO] - User set preference: ['acceptInsecureCerts', 'true']

2023-12-20 12:48:07 - [MESSAGE][INFO] - Action delay is set to 0 milliseconds

2023-12-20 12:48:09 - [MESSAGE][PASSED] - Browser is opened with url: ''

2023-12-20 12:48:09 - [TEST_STEP][PASSED] - maximizeWindow(): Current window maximized

2023-12-20 12:48:09 - [MESSAGE][PASSED] - Current window maximized

2023-12-20 12:48:09 - [TEST_STEP][PASSED] - navigateToUrl(RADurl): Navigate to 'https://qa2.velocitypayment.com/client/rad/index.html' successfully

2023-12-20 12:48:11 - [MESSAGE][PASSED] - Navigate to 'https://qa2.velocitypayment.com/client/rad/index.html' successfully

2023-12-20 12:48:11 - [TEST_STEP][PASSED] - orPath_Landing = "Object Repository/RAD_Pages/Landing_Page": null

2023-12-20 12:48:11 - [TEST_STEP][PASSED] - orPath_TaxTypeFilingYear = "Object Repository/RAD_Pages/TaxTypeFilingYear_Page": null

2023-12-20 12:48:11 - [TEST_STEP][PASSED] - orPath_TaxPayer = "Object Repository/RAD_Pages/Taxpayer_Page": null

2023-12-20 12:48:11 - [TEST_STEP][PASSED] - orPath_AddressContact = "Object Repository/RAD_Pages/AddressAndContactInfo_Page": null

2023-12-20 12:48:11 - [TEST_STEP][PASSED] - orPath_FilingStatus = "Object Repository/RAD_Pages/FilingStatus_Page": null

2023-12-20 12:48:11 - [TEST_STEP][PASSED] - orPath_Amount = "Object Repository/RAD_Pages/PaymentAmount_Page": null

2023-12-20 12:48:11 - [TEST_STEP][PASSED] - orPath_TaxInfo = "Object Repository/RAD_Pages/TaxInfo_Page": null

2023-12-20 12:48:11 - [TEST_STEP][PASSED] - orPath_Withholding = "Object Repository/RAD_Pages/Withholding_Page": null

2023-12-20 12:48:11 - [TEST_STEP][PASSED] - orPath_Summary = "Object Repository/RAD_Pages/Summary_Page": null

2023-12-20 12:48:11 - [TEST_STEP][PASSED] - orPath_PaymentReady = "Object Repository/RAD_Pages/PaymentReady_Page": null

2023-12-20 12:48:11 - [TEST_STEP][PASSED] - orPath_PaymentEntry = "Object Repository/RAD_Pages/PaymentEntry_Page": null

2023-12-20 12:48:11 - [TEST_STEP][PASSED] - orPath_PaymentConfirmation = "Object Repository/RAD_Pages/PaymentConfirmation_Page": null

2023-12-20 12:48:11 - [TEST_STEP][PASSED] - orPath_ServiceFeesAccept = "Object Repository/RAD_Pages/ServiceFeeAccept_Page": null

2023-12-20 12:48:11 - [TEST_STEP][PASSED] - selectOptionByLabel(findTestObject(orPath_Landing + "/dd_TaxType"), Taxtype, false): All options with label 'Existing Liability w/Notice Number' are selected in object 'Object Repository/RAD_Pages/Landing_Page/dd_TaxType' 

2023-12-20 12:48:11 - [MESSAGE][PASSED] - All options with label 'Existing Liability w/Notice Number' are selected in object 'Object Repository/RAD_Pages/Landing_Page/dd_TaxType' 

2023-12-20 12:48:11 - [TEST_STEP][PASSED] - delay(1): Delayed 1 second(s)

2023-12-20 12:48:12 - [MESSAGE][PASSED] - Delayed 1 second(s)

2023-12-20 12:48:12 - [TEST_STEP][PASSED] - selectOptionByLabel(findTestObject(orPath_TaxTypeFilingYear + "/select_TaxType_ExistingLiability"), TaxTypeEL, false): All options with label 'Sales & Use Tax' are selected in object 'Object Repository/RAD_Pages/TaxTypeFilingYear_Page/select_TaxType_ExistingLiability' 

2023-12-20 12:48:13 - [MESSAGE][PASSED] - All options with label 'Sales & Use Tax' are selected in object 'Object Repository/RAD_Pages/TaxTypeFilingYear_Page/select_TaxType_ExistingLiability' 

2023-12-20 12:48:13 - [TEST_STEP][PASSED] - setText(findTestObject(orPath_TaxInfo + "/input_NoticeInvoiceNumber"), notInvNumber): Text '123456789' is set on object 'Object Repository/RAD_Pages/TaxInfo_Page/input_NoticeInvoiceNumber'

2023-12-20 12:48:14 - [MESSAGE][PASSED] - Text '123456789' is set on object 'Object Repository/RAD_Pages/TaxInfo_Page/input_NoticeInvoiceNumber'

2023-12-20 12:48:14 - [TEST_STEP][PASSED] - setText(findTestObject(orPath_TaxInfo + "/input_reTypeNoticeInvoiceNumber"), notInvNumber): Text '123456789' is set on object 'Object Repository/RAD_Pages/TaxInfo_Page/input_reTypeNoticeInvoiceNumber'

2023-12-20 12:48:15 - [MESSAGE][PASSED] - Text '123456789' is set on object 'Object Repository/RAD_Pages/TaxInfo_Page/input_reTypeNoticeInvoiceNumber'

2023-12-20 12:48:15 - [TEST_STEP][PASSED] - println(notInvNumber): null

2023-12-20 12:48:15 - [TEST_STEP][PASSED] - if (verifyTextPresent(errorMsg, true)): null

2023-12-20 12:48:15 - [MESSAGE][PASSED] - Text 'Notice Number must be 13 digits in length, with a value greater than zero' is present on page  using regular expression

2023-12-20 12:48:15 - [TEST_STEP][PASSED] - println("Error Message is present on the page"): null

2023-12-20 12:48:15 - [TEST_STEP][PASSED] - out.println("Pass Record Number: " + row): null

2023-12-20 12:48:15 - [TEST_STEP][PASSED] - resText = "Pass": null

2023-12-20 12:48:15 - [TEST_STEP][PASSED] - pages.WriteExcel.demoKey(resText, datText, resColumn, datCloumn, fileLoc, nameSheet, row): pages.WriteExcel.demoKey is PASSED

2023-12-20 12:48:15 - [MESSAGE][PASSED] - pages.WriteExcel.demoKey is PASSED

2023-12-20 12:48:15 - [TEST_STEP][PASSED] - ExecuteTC = findTestData(dataFile).getValue("Execute", row): null

2023-12-20 12:48:15 - [TEST_STEP][PASSED] - Taxtype = findTestData(dataFile).getValue("TaxType", row): null

2023-12-20 12:48:15 - [TEST_STEP][PASSED] - TaxTypeEL = findTestData(dataFile).getValue("TaxTypeEL", row): null

2023-12-20 12:48:15 - [TEST_STEP][PASSED] - notInvNumber = findTestData(dataFile).getValue("NotiInvoNumber", row): null

2023-12-20 12:48:15 - [TEST_STEP][PASSED] - errorMsg = findTestData(dataFile).getValue("ErrorMessage", row): null

2023-12-20 12:48:16 - [TEST_STEP][PASSED] - out.println("Value of Execute is : " + ExecuteTC): null

2023-12-20 12:48:16 - [TEST_STEP][PASSED] - if (ExecuteTC.equalsIgnoreCase("Y")): null

2023-12-20 12:48:16 - [TEST_STEP][PASSED] - out.println("Begin Record Number: " + row): null

2023-12-20 12:48:16 - [TEST_STEP][PASSED] - today = new java.util.Date(): null

2023-12-20 12:48:16 - [TEST_STEP][PASSED] - println(today): null

2023-12-20 12:48:16 - [TEST_STEP][PASSED] - datText = today: null

2023-12-20 12:48:16 - [TEST_STEP][PASSED] - Taxtype = findTestData(dataFile).getValue("TaxType", row): null

2023-12-20 12:48:16 - [TEST_STEP][PASSED] - out.println("Taxtype value is : " + Taxtype): null

2023-12-20 12:48:16 - [TEST_STEP][PASSED] - openBrowser(""): Browser is opened with url: ''

2023-12-20 12:48:16 - [MESSAGE][WARNING] - A browser is already opened. Closing browser and opening a new one

2023-12-20 12:48:17 - [MESSAGE][INFO] - Starting 'Chrome' driver

2023-12-20 12:48:17 - [MESSAGE][INFO] - User set preference: ['acceptInsecureCerts', 'true']

2023-12-20 12:48:17 - [MESSAGE][INFO] - Action delay is set to 0 milliseconds

2023-12-20 12:48:18 - [MESSAGE][PASSED] - Browser is opened with url: ''

2023-12-20 12:48:18 - [TEST_STEP][PASSED] - maximizeWindow(): Current window maximized

2023-12-20 12:48:18 - [MESSAGE][PASSED] - Current window maximized

2023-12-20 12:48:18 - [TEST_STEP][PASSED] - navigateToUrl(RADurl): Navigate to 'https://qa2.velocitypayment.com/client/rad/index.html' successfully

2023-12-20 12:48:20 - [MESSAGE][PASSED] - Navigate to 'https://qa2.velocitypayment.com/client/rad/index.html' successfully

2023-12-20 12:48:20 - [TEST_STEP][PASSED] - orPath_Landing = "Object Repository/RAD_Pages/Landing_Page": null

2023-12-20 12:48:20 - [TEST_STEP][PASSED] - orPath_TaxTypeFilingYear = "Object Repository/RAD_Pages/TaxTypeFilingYear_Page": null

2023-12-20 12:48:20 - [TEST_STEP][PASSED] - orPath_TaxPayer = "Object Repository/RAD_Pages/Taxpayer_Page": null

2023-12-20 12:48:20 - [TEST_STEP][PASSED] - orPath_AddressContact = "Object Repository/RAD_Pages/AddressAndContactInfo_Page": null

2023-12-20 12:48:20 - [TEST_STEP][PASSED] - orPath_FilingStatus = "Object Repository/RAD_Pages/FilingStatus_Page": null

2023-12-20 12:48:20 - [TEST_STEP][PASSED] - orPath_Amount = "Object Repository/RAD_Pages/PaymentAmount_Page": null

2023-12-20 12:48:20 - [TEST_STEP][PASSED] - orPath_TaxInfo = "Object Repository/RAD_Pages/TaxInfo_Page": null

2023-12-20 12:48:20 - [TEST_STEP][PASSED] - orPath_Withholding = "Object Repository/RAD_Pages/Withholding_Page": null

2023-12-20 12:48:20 - [TEST_STEP][PASSED] - orPath_Summary = "Object Repository/RAD_Pages/Summary_Page": null

2023-12-20 12:48:20 - [TEST_STEP][PASSED] - orPath_PaymentReady = "Object Repository/RAD_Pages/PaymentReady_Page": null

2023-12-20 12:48:20 - [TEST_STEP][PASSED] - orPath_PaymentEntry = "Object Repository/RAD_Pages/PaymentEntry_Page": null

2023-12-20 12:48:20 - [TEST_STEP][PASSED] - orPath_PaymentConfirmation = "Object Repository/RAD_Pages/PaymentConfirmation_Page": null

2023-12-20 12:48:20 - [TEST_STEP][PASSED] - orPath_ServiceFeesAccept = "Object Repository/RAD_Pages/ServiceFeeAccept_Page": null

2023-12-20 12:48:20 - [TEST_STEP][PASSED] - selectOptionByLabel(findTestObject(orPath_Landing + "/dd_TaxType"), Taxtype, false): All options with label 'Existing Liability w/Notice Number' are selected in object 'Object Repository/RAD_Pages/Landing_Page/dd_TaxType' 

2023-12-20 12:48:20 - [MESSAGE][PASSED] - All options with label 'Existing Liability w/Notice Number' are selected in object 'Object Repository/RAD_Pages/Landing_Page/dd_TaxType' 

2023-12-20 12:48:20 - [TEST_STEP][PASSED] - delay(1): Delayed 1 second(s)

2023-12-20 12:48:21 - [MESSAGE][PASSED] - Delayed 1 second(s)

2023-12-20 12:48:21 - [TEST_STEP][PASSED] - selectOptionByLabel(findTestObject(orPath_TaxTypeFilingYear + "/select_TaxType_ExistingLiability"), TaxTypeEL, false): All options with label 'Tire Recycling Fee' are selected in object 'Object Repository/RAD_Pages/TaxTypeFilingYear_Page/select_TaxType_ExistingLiability' 

2023-12-20 12:48:22 - [MESSAGE][PASSED] - All options with label 'Tire Recycling Fee' are selected in object 'Object Repository/RAD_Pages/TaxTypeFilingYear_Page/select_TaxType_ExistingLiability' 

2023-12-20 12:48:22 - [TEST_STEP][PASSED] - setText(findTestObject(orPath_TaxInfo + "/input_NoticeInvoiceNumber"), notInvNumber): Text '123456789' is set on object 'Object Repository/RAD_Pages/TaxInfo_Page/input_NoticeInvoiceNumber'

2023-12-20 12:48:23 - [MESSAGE][PASSED] - Text '123456789' is set on object 'Object Repository/RAD_Pages/TaxInfo_Page/input_NoticeInvoiceNumber'

2023-12-20 12:48:23 - [TEST_STEP][PASSED] - setText(findTestObject(orPath_TaxInfo + "/input_reTypeNoticeInvoiceNumber"), notInvNumber): Text '123456789' is set on object 'Object Repository/RAD_Pages/TaxInfo_Page/input_reTypeNoticeInvoiceNumber'

2023-12-20 12:48:24 - [MESSAGE][PASSED] - Text '123456789' is set on object 'Object Repository/RAD_Pages/TaxInfo_Page/input_reTypeNoticeInvoiceNumber'

2023-12-20 12:48:24 - [TEST_STEP][PASSED] - println(notInvNumber): null

2023-12-20 12:48:24 - [TEST_STEP][PASSED] - if (verifyTextPresent(errorMsg, true)): null

2023-12-20 12:48:24 - [MESSAGE][PASSED] - Text 'Notice Number must be 13 digits in length, with a value greater than zero' is present on page  using regular expression

2023-12-20 12:48:24 - [TEST_STEP][PASSED] - println("Error Message is present on the page"): null

2023-12-20 12:48:24 - [TEST_STEP][PASSED] - out.println("Pass Record Number: " + row): null

2023-12-20 12:48:24 - [TEST_STEP][PASSED] - resText = "Pass": null

2023-12-20 12:48:24 - [TEST_STEP][PASSED] - pages.WriteExcel.demoKey(resText, datText, resColumn, datCloumn, fileLoc, nameSheet, row): pages.WriteExcel.demoKey is PASSED

2023-12-20 12:48:24 - [MESSAGE][PASSED] - pages.WriteExcel.demoKey is PASSED

2023-12-20 12:48:24 - [TEST_STEP][PASSED] - ExecuteTC = findTestData(dataFile).getValue("Execute", row): null

2023-12-20 12:48:24 - [TEST_STEP][PASSED] - Taxtype = findTestData(dataFile).getValue("TaxType", row): null

2023-12-20 12:48:24 - [TEST_STEP][PASSED] - TaxTypeEL = findTestData(dataFile).getValue("TaxTypeEL", row): null

2023-12-20 12:48:25 - [TEST_STEP][PASSED] - notInvNumber = findTestData(dataFile).getValue("NotiInvoNumber", row): null

2023-12-20 12:48:25 - [TEST_STEP][PASSED] - errorMsg = findTestData(dataFile).getValue("ErrorMessage", row): null

2023-12-20 12:48:25 - [TEST_STEP][PASSED] - out.println("Value of Execute is : " + ExecuteTC): null

2023-12-20 12:48:25 - [TEST_STEP][PASSED] - if (ExecuteTC.equalsIgnoreCase("Y")): null

2023-12-20 12:48:25 - [TEST_STEP][PASSED] - out.println("Begin Record Number: " + row): null

2023-12-20 12:48:25 - [TEST_STEP][PASSED] - today = new java.util.Date(): null

2023-12-20 12:48:25 - [TEST_STEP][PASSED] - println(today): null

2023-12-20 12:48:25 - [TEST_STEP][PASSED] - datText = today: null

2023-12-20 12:48:25 - [TEST_STEP][PASSED] - Taxtype = findTestData(dataFile).getValue("TaxType", row): null

2023-12-20 12:48:25 - [TEST_STEP][PASSED] - out.println("Taxtype value is : " + Taxtype): null

2023-12-20 12:48:25 - [TEST_STEP][PASSED] - openBrowser(""): Browser is opened with url: ''

2023-12-20 12:48:25 - [MESSAGE][WARNING] - A browser is already opened. Closing browser and opening a new one

2023-12-20 12:48:26 - [MESSAGE][INFO] - Starting 'Chrome' driver

2023-12-20 12:48:26 - [MESSAGE][INFO] - User set preference: ['acceptInsecureCerts', 'true']

2023-12-20 12:48:26 - [MESSAGE][INFO] - Action delay is set to 0 milliseconds

2023-12-20 12:48:27 - [MESSAGE][PASSED] - Browser is opened with url: ''

2023-12-20 12:48:27 - [TEST_STEP][PASSED] - maximizeWindow(): Current window maximized

2023-12-20 12:48:28 - [MESSAGE][PASSED] - Current window maximized

2023-12-20 12:48:28 - [TEST_STEP][PASSED] - navigateToUrl(RADurl): Navigate to 'https://qa2.velocitypayment.com/client/rad/index.html' successfully

2023-12-20 12:48:29 - [MESSAGE][PASSED] - Navigate to 'https://qa2.velocitypayment.com/client/rad/index.html' successfully

2023-12-20 12:48:29 - [TEST_STEP][PASSED] - orPath_Landing = "Object Repository/RAD_Pages/Landing_Page": null

2023-12-20 12:48:29 - [TEST_STEP][PASSED] - orPath_TaxTypeFilingYear = "Object Repository/RAD_Pages/TaxTypeFilingYear_Page": null

2023-12-20 12:48:29 - [TEST_STEP][PASSED] - orPath_TaxPayer = "Object Repository/RAD_Pages/Taxpayer_Page": null

2023-12-20 12:48:29 - [TEST_STEP][PASSED] - orPath_AddressContact = "Object Repository/RAD_Pages/AddressAndContactInfo_Page": null

2023-12-20 12:48:29 - [TEST_STEP][PASSED] - orPath_FilingStatus = "Object Repository/RAD_Pages/FilingStatus_Page": null

2023-12-20 12:48:29 - [TEST_STEP][PASSED] - orPath_Amount = "Object Repository/RAD_Pages/PaymentAmount_Page": null

2023-12-20 12:48:29 - [TEST_STEP][PASSED] - orPath_TaxInfo = "Object Repository/RAD_Pages/TaxInfo_Page": null

2023-12-20 12:48:29 - [TEST_STEP][PASSED] - orPath_Withholding = "Object Repository/RAD_Pages/Withholding_Page": null

2023-12-20 12:48:29 - [TEST_STEP][PASSED] - orPath_Summary = "Object Repository/RAD_Pages/Summary_Page": null

2023-12-20 12:48:29 - [TEST_STEP][PASSED] - orPath_PaymentReady = "Object Repository/RAD_Pages/PaymentReady_Page": null

2023-12-20 12:48:29 - [TEST_STEP][PASSED] - orPath_PaymentEntry = "Object Repository/RAD_Pages/PaymentEntry_Page": null

2023-12-20 12:48:29 - [TEST_STEP][PASSED] - orPath_PaymentConfirmation = "Object Repository/RAD_Pages/PaymentConfirmation_Page": null

2023-12-20 12:48:29 - [TEST_STEP][PASSED] - orPath_ServiceFeesAccept = "Object Repository/RAD_Pages/ServiceFeeAccept_Page": null

2023-12-20 12:48:29 - [TEST_STEP][PASSED] - selectOptionByLabel(findTestObject(orPath_Landing + "/dd_TaxType"), Taxtype, false): All options with label 'Existing Liability w/Notice Number' are selected in object 'Object Repository/RAD_Pages/Landing_Page/dd_TaxType' 

2023-12-20 12:48:30 - [MESSAGE][PASSED] - All options with label 'Existing Liability w/Notice Number' are selected in object 'Object Repository/RAD_Pages/Landing_Page/dd_TaxType' 

2023-12-20 12:48:30 - [TEST_STEP][PASSED] - delay(1): Delayed 1 second(s)

2023-12-20 12:48:31 - [MESSAGE][PASSED] - Delayed 1 second(s)

2023-12-20 12:48:31 - [TEST_STEP][PASSED] - selectOptionByLabel(findTestObject(orPath_TaxTypeFilingYear + "/select_TaxType_ExistingLiability"), TaxTypeEL, false): All options with label 'Withholding Tax' are selected in object 'Object Repository/RAD_Pages/TaxTypeFilingYear_Page/select_TaxType_ExistingLiability' 

2023-12-20 12:48:31 - [MESSAGE][PASSED] - All options with label 'Withholding Tax' are selected in object 'Object Repository/RAD_Pages/TaxTypeFilingYear_Page/select_TaxType_ExistingLiability' 

2023-12-20 12:48:31 - [TEST_STEP][PASSED] - setText(findTestObject(orPath_TaxInfo + "/input_NoticeInvoiceNumber"), notInvNumber): Text '123456789' is set on object 'Object Repository/RAD_Pages/TaxInfo_Page/input_NoticeInvoiceNumber'

2023-12-20 12:48:32 - [MESSAGE][PASSED] - Text '123456789' is set on object 'Object Repository/RAD_Pages/TaxInfo_Page/input_NoticeInvoiceNumber'

2023-12-20 12:48:32 - [TEST_STEP][PASSED] - setText(findTestObject(orPath_TaxInfo + "/input_reTypeNoticeInvoiceNumber"), notInvNumber): Text '123456789' is set on object 'Object Repository/RAD_Pages/TaxInfo_Page/input_reTypeNoticeInvoiceNumber'

2023-12-20 12:48:33 - [MESSAGE][PASSED] - Text '123456789' is set on object 'Object Repository/RAD_Pages/TaxInfo_Page/input_reTypeNoticeInvoiceNumber'

2023-12-20 12:48:33 - [TEST_STEP][PASSED] - println(notInvNumber): null

2023-12-20 12:48:33 - [TEST_STEP][PASSED] - if (verifyTextPresent(errorMsg, true)): null

2023-12-20 12:48:34 - [MESSAGE][PASSED] - Text 'Notice Number must be 13 digits in length, with a value greater than zero' is present on page  using regular expression

2023-12-20 12:48:34 - [TEST_STEP][PASSED] - println("Error Message is present on the page"): null

2023-12-20 12:48:34 - [TEST_STEP][PASSED] - out.println("Pass Record Number: " + row): null

2023-12-20 12:48:34 - [TEST_STEP][PASSED] - resText = "Pass": null

2023-12-20 12:48:34 - [TEST_STEP][PASSED] - pages.WriteExcel.demoKey(resText, datText, resColumn, datCloumn, fileLoc, nameSheet, row): pages.WriteExcel.demoKey is PASSED

2023-12-20 12:48:34 - [MESSAGE][PASSED] - pages.WriteExcel.demoKey is PASSED

2023-12-20 12:48:34 - [TEST_STEP][PASSED] - ExecuteTC = findTestData(dataFile).getValue("Execute", row): null

2023-12-20 12:48:34 - [TEST_STEP][PASSED] - Taxtype = findTestData(dataFile).getValue("TaxType", row): null

2023-12-20 12:48:34 - [TEST_STEP][PASSED] - TaxTypeEL = findTestData(dataFile).getValue("TaxTypeEL", row): null

2023-12-20 12:48:34 - [TEST_STEP][PASSED] - notInvNumber = findTestData(dataFile).getValue("NotiInvoNumber", row): null

2023-12-20 12:48:34 - [TEST_STEP][PASSED] - errorMsg = findTestData(dataFile).getValue("ErrorMessage", row): null

2023-12-20 12:48:34 - [TEST_STEP][PASSED] - out.println("Value of Execute is : " + ExecuteTC): null

2023-12-20 12:48:34 - [TEST_STEP][PASSED] - if (ExecuteTC.equalsIgnoreCase("Y")): null

2023-12-20 12:48:34 - [TEST_STEP][PASSED] - out.println("Begin Record Number: " + row): null

2023-12-20 12:48:34 - [TEST_STEP][PASSED] - today = new java.util.Date(): null

2023-12-20 12:48:34 - [TEST_STEP][PASSED] - println(today): null

2023-12-20 12:48:34 - [TEST_STEP][PASSED] - datText = today: null

2023-12-20 12:48:34 - [TEST_STEP][PASSED] - Taxtype = findTestData(dataFile).getValue("TaxType", row): null

2023-12-20 12:48:34 - [TEST_STEP][PASSED] - out.println("Taxtype value is : " + Taxtype): null

2023-12-20 12:48:34 - [TEST_STEP][PASSED] - openBrowser(""): Browser is opened with url: ''

2023-12-20 12:48:34 - [MESSAGE][WARNING] - A browser is already opened. Closing browser and opening a new one

2023-12-20 12:48:35 - [MESSAGE][INFO] - Starting 'Chrome' driver

2023-12-20 12:48:35 - [MESSAGE][INFO] - User set preference: ['acceptInsecureCerts', 'true']

2023-12-20 12:48:35 - [MESSAGE][INFO] - Action delay is set to 0 milliseconds

2023-12-20 12:48:37 - [MESSAGE][PASSED] - Browser is opened with url: ''

2023-12-20 12:48:37 - [TEST_STEP][PASSED] - maximizeWindow(): Current window maximized

2023-12-20 12:48:37 - [MESSAGE][PASSED] - Current window maximized

2023-12-20 12:48:37 - [TEST_STEP][PASSED] - navigateToUrl(RADurl): Navigate to 'https://qa2.velocitypayment.com/client/rad/index.html' successfully

2023-12-20 12:48:39 - [MESSAGE][PASSED] - Navigate to 'https://qa2.velocitypayment.com/client/rad/index.html' successfully

2023-12-20 12:48:39 - [TEST_STEP][PASSED] - orPath_Landing = "Object Repository/RAD_Pages/Landing_Page": null

2023-12-20 12:48:39 - [TEST_STEP][PASSED] - orPath_TaxTypeFilingYear = "Object Repository/RAD_Pages/TaxTypeFilingYear_Page": null

2023-12-20 12:48:39 - [TEST_STEP][PASSED] - orPath_TaxPayer = "Object Repository/RAD_Pages/Taxpayer_Page": null

2023-12-20 12:48:39 - [TEST_STEP][PASSED] - orPath_AddressContact = "Object Repository/RAD_Pages/AddressAndContactInfo_Page": null

2023-12-20 12:48:39 - [TEST_STEP][PASSED] - orPath_FilingStatus = "Object Repository/RAD_Pages/FilingStatus_Page": null

2023-12-20 12:48:39 - [TEST_STEP][PASSED] - orPath_Amount = "Object Repository/RAD_Pages/PaymentAmount_Page": null

2023-12-20 12:48:39 - [TEST_STEP][PASSED] - orPath_TaxInfo = "Object Repository/RAD_Pages/TaxInfo_Page": null

2023-12-20 12:48:39 - [TEST_STEP][PASSED] - orPath_Withholding = "Object Repository/RAD_Pages/Withholding_Page": null

2023-12-20 12:48:39 - [TEST_STEP][PASSED] - orPath_Summary = "Object Repository/RAD_Pages/Summary_Page": null

2023-12-20 12:48:39 - [TEST_STEP][PASSED] - orPath_PaymentReady = "Object Repository/RAD_Pages/PaymentReady_Page": null

2023-12-20 12:48:39 - [TEST_STEP][PASSED] - orPath_PaymentEntry = "Object Repository/RAD_Pages/PaymentEntry_Page": null

2023-12-20 12:48:39 - [TEST_STEP][PASSED] - orPath_PaymentConfirmation = "Object Repository/RAD_Pages/PaymentConfirmation_Page": null

2023-12-20 12:48:39 - [TEST_STEP][PASSED] - orPath_ServiceFeesAccept = "Object Repository/RAD_Pages/ServiceFeeAccept_Page": null

2023-12-20 12:48:39 - [TEST_STEP][PASSED] - selectOptionByLabel(findTestObject(orPath_Landing + "/dd_TaxType"), Taxtype, false): All options with label 'Existing Liability w/Notice Number' are selected in object 'Object Repository/RAD_Pages/Landing_Page/dd_TaxType' 

2023-12-20 12:48:39 - [MESSAGE][PASSED] - All options with label 'Existing Liability w/Notice Number' are selected in object 'Object Repository/RAD_Pages/Landing_Page/dd_TaxType' 

2023-12-20 12:48:39 - [TEST_STEP][PASSED] - delay(1): Delayed 1 second(s)

2023-12-20 12:48:40 - [MESSAGE][PASSED] - Delayed 1 second(s)

2023-12-20 12:48:40 - [TEST_STEP][PASSED] - selectOptionByLabel(findTestObject(orPath_TaxTypeFilingYear + "/select_TaxType_ExistingLiability"), TaxTypeEL, false): All options with label 'Alcohol Tax' are selected in object 'Object Repository/RAD_Pages/TaxTypeFilingYear_Page/select_TaxType_ExistingLiability' 

2023-12-20 12:48:41 - [MESSAGE][PASSED] - All options with label 'Alcohol Tax' are selected in object 'Object Repository/RAD_Pages/TaxTypeFilingYear_Page/select_TaxType_ExistingLiability' 

2023-12-20 12:48:41 - [TEST_STEP][PASSED] - setText(findTestObject(orPath_TaxInfo + "/input_NoticeInvoiceNumber"), notInvNumber): Text '123456789' is set on object 'Object Repository/RAD_Pages/TaxInfo_Page/input_NoticeInvoiceNumber'

2023-12-20 12:48:42 - [MESSAGE][PASSED] - Text '123456789' is set on object 'Object Repository/RAD_Pages/TaxInfo_Page/input_NoticeInvoiceNumber'

2023-12-20 12:48:42 - [TEST_STEP][PASSED] - setText(findTestObject(orPath_TaxInfo + "/input_reTypeNoticeInvoiceNumber"), notInvNumber): Text '123456789' is set on object 'Object Repository/RAD_Pages/TaxInfo_Page/input_reTypeNoticeInvoiceNumber'

2023-12-20 12:48:43 - [MESSAGE][PASSED] - Text '123456789' is set on object 'Object Repository/RAD_Pages/TaxInfo_Page/input_reTypeNoticeInvoiceNumber'

2023-12-20 12:48:43 - [TEST_STEP][PASSED] - println(notInvNumber): null

2023-12-20 12:48:43 - [TEST_STEP][PASSED] - if (verifyTextPresent(errorMsg, true)): null

2023-12-20 12:48:43 - [MESSAGE][PASSED] - Text 'Invoice Number must be 10 or 13 digits in length, with a value greater than zero' is present on page  using regular expression

2023-12-20 12:48:43 - [TEST_STEP][PASSED] - println("Error Message is present on the page"): null

2023-12-20 12:48:43 - [TEST_STEP][PASSED] - out.println("Pass Record Number: " + row): null

2023-12-20 12:48:43 - [TEST_STEP][PASSED] - resText = "Pass": null

2023-12-20 12:48:43 - [TEST_STEP][PASSED] - pages.WriteExcel.demoKey(resText, datText, resColumn, datCloumn, fileLoc, nameSheet, row): pages.WriteExcel.demoKey is PASSED

2023-12-20 12:48:43 - [MESSAGE][PASSED] - pages.WriteExcel.demoKey is PASSED

2023-12-20 12:48:43 - [TEST_STEP][PASSED] - ExecuteTC = findTestData(dataFile).getValue("Execute", row): null

2023-12-20 12:48:43 - [TEST_STEP][PASSED] - Taxtype = findTestData(dataFile).getValue("TaxType", row): null

2023-12-20 12:48:44 - [TEST_STEP][PASSED] - TaxTypeEL = findTestData(dataFile).getValue("TaxTypeEL", row): null

2023-12-20 12:48:44 - [TEST_STEP][PASSED] - notInvNumber = findTestData(dataFile).getValue("NotiInvoNumber", row): null

2023-12-20 12:48:44 - [TEST_STEP][PASSED] - errorMsg = findTestData(dataFile).getValue("ErrorMessage", row): null

2023-12-20 12:48:44 - [TEST_STEP][PASSED] - out.println("Value of Execute is : " + ExecuteTC): null

2023-12-20 12:48:44 - [TEST_STEP][PASSED] - if (ExecuteTC.equalsIgnoreCase("Y")): null

2023-12-20 12:48:44 - [TEST_STEP][PASSED] - out.println("Begin Record Number: " + row): null

2023-12-20 12:48:44 - [TEST_STEP][PASSED] - today = new java.util.Date(): null

2023-12-20 12:48:44 - [TEST_STEP][PASSED] - println(today): null

2023-12-20 12:48:44 - [TEST_STEP][PASSED] - datText = today: null

2023-12-20 12:48:44 - [TEST_STEP][PASSED] - Taxtype = findTestData(dataFile).getValue("TaxType", row): null

2023-12-20 12:48:44 - [TEST_STEP][PASSED] - out.println("Taxtype value is : " + Taxtype): null

2023-12-20 12:48:44 - [TEST_STEP][PASSED] - openBrowser(""): Browser is opened with url: ''

2023-12-20 12:48:44 - [MESSAGE][WARNING] - A browser is already opened. Closing browser and opening a new one

2023-12-20 12:48:46 - [MESSAGE][INFO] - Starting 'Chrome' driver

2023-12-20 12:48:46 - [MESSAGE][INFO] - User set preference: ['acceptInsecureCerts', 'true']

2023-12-20 12:48:46 - [MESSAGE][INFO] - Action delay is set to 0 milliseconds

2023-12-20 12:48:47 - [MESSAGE][PASSED] - Browser is opened with url: ''

2023-12-20 12:48:47 - [TEST_STEP][PASSED] - maximizeWindow(): Current window maximized

2023-12-20 12:48:47 - [MESSAGE][PASSED] - Current window maximized

2023-12-20 12:48:47 - [TEST_STEP][PASSED] - navigateToUrl(RADurl): Navigate to 'https://qa2.velocitypayment.com/client/rad/index.html' successfully

2023-12-20 12:48:49 - [MESSAGE][PASSED] - Navigate to 'https://qa2.velocitypayment.com/client/rad/index.html' successfully

2023-12-20 12:48:49 - [TEST_STEP][PASSED] - orPath_Landing = "Object Repository/RAD_Pages/Landing_Page": null

2023-12-20 12:48:49 - [TEST_STEP][PASSED] - orPath_TaxTypeFilingYear = "Object Repository/RAD_Pages/TaxTypeFilingYear_Page": null

2023-12-20 12:48:49 - [TEST_STEP][PASSED] - orPath_TaxPayer = "Object Repository/RAD_Pages/Taxpayer_Page": null

2023-12-20 12:48:49 - [TEST_STEP][PASSED] - orPath_AddressContact = "Object Repository/RAD_Pages/AddressAndContactInfo_Page": null

2023-12-20 12:48:49 - [TEST_STEP][PASSED] - orPath_FilingStatus = "Object Repository/RAD_Pages/FilingStatus_Page": null

2023-12-20 12:48:49 - [TEST_STEP][PASSED] - orPath_Amount = "Object Repository/RAD_Pages/PaymentAmount_Page": null

2023-12-20 12:48:49 - [TEST_STEP][PASSED] - orPath_TaxInfo = "Object Repository/RAD_Pages/TaxInfo_Page": null

2023-12-20 12:48:49 - [TEST_STEP][PASSED] - orPath_Withholding = "Object Repository/RAD_Pages/Withholding_Page": null

2023-12-20 12:48:49 - [TEST_STEP][PASSED] - orPath_Summary = "Object Repository/RAD_Pages/Summary_Page": null

2023-12-20 12:48:49 - [TEST_STEP][PASSED] - orPath_PaymentReady = "Object Repository/RAD_Pages/PaymentReady_Page": null

2023-12-20 12:48:49 - [TEST_STEP][PASSED] - orPath_PaymentEntry = "Object Repository/RAD_Pages/PaymentEntry_Page": null

2023-12-20 12:48:49 - [TEST_STEP][PASSED] - orPath_PaymentConfirmation = "Object Repository/RAD_Pages/PaymentConfirmation_Page": null

2023-12-20 12:48:49 - [TEST_STEP][PASSED] - orPath_ServiceFeesAccept = "Object Repository/RAD_Pages/ServiceFeeAccept_Page": null

2023-12-20 12:48:49 - [TEST_STEP][PASSED] - selectOptionByLabel(findTestObject(orPath_Landing + "/dd_TaxType"), Taxtype, false): All options with label 'Existing Liability w/Notice Number' are selected in object 'Object Repository/RAD_Pages/Landing_Page/dd_TaxType' 

2023-12-20 12:48:50 - [MESSAGE][PASSED] - All options with label 'Existing Liability w/Notice Number' are selected in object 'Object Repository/RAD_Pages/Landing_Page/dd_TaxType' 

2023-12-20 12:48:50 - [TEST_STEP][PASSED] - delay(1): Delayed 1 second(s)

2023-12-20 12:48:51 - [MESSAGE][PASSED] - Delayed 1 second(s)

2023-12-20 12:48:51 - [TEST_STEP][PASSED] - selectOptionByLabel(findTestObject(orPath_TaxTypeFilingYear + "/select_TaxType_ExistingLiability"), TaxTypeEL, false): All options with label 'Alcohol Tax' are selected in object 'Object Repository/RAD_Pages/TaxTypeFilingYear_Page/select_TaxType_ExistingLiability' 

2023-12-20 12:48:51 - [MESSAGE][PASSED] - All options with label 'Alcohol Tax' are selected in object 'Object Repository/RAD_Pages/TaxTypeFilingYear_Page/select_TaxType_ExistingLiability' 

2023-12-20 12:48:51 - [TEST_STEP][PASSED] - setText(findTestObject(orPath_TaxInfo + "/input_NoticeInvoiceNumber"), notInvNumber): Text '12345678901' is set on object 'Object Repository/RAD_Pages/TaxInfo_Page/input_NoticeInvoiceNumber'

2023-12-20 12:48:52 - [MESSAGE][PASSED] - Text '12345678901' is set on object 'Object Repository/RAD_Pages/TaxInfo_Page/input_NoticeInvoiceNumber'

2023-12-20 12:48:52 - [TEST_STEP][PASSED] - setText(findTestObject(orPath_TaxInfo + "/input_reTypeNoticeInvoiceNumber"), notInvNumber): Text '12345678901' is set on object 'Object Repository/RAD_Pages/TaxInfo_Page/input_reTypeNoticeInvoiceNumber'

2023-12-20 12:48:53 - [MESSAGE][PASSED] - Text '12345678901' is set on object 'Object Repository/RAD_Pages/TaxInfo_Page/input_reTypeNoticeInvoiceNumber'

2023-12-20 12:48:53 - [TEST_STEP][PASSED] - println(notInvNumber): null

2023-12-20 12:48:53 - [TEST_STEP][PASSED] - if (verifyTextPresent(errorMsg, true)): null

2023-12-20 12:48:54 - [MESSAGE][PASSED] - Text 'Invoice Number must be 10 or 13 digits in length, with a value greater than zero' is present on page  using regular expression

2023-12-20 12:48:54 - [TEST_STEP][PASSED] - println("Error Message is present on the page"): null

2023-12-20 12:48:54 - [TEST_STEP][PASSED] - out.println("Pass Record Number: " + row): null

2023-12-20 12:48:54 - [TEST_STEP][PASSED] - resText = "Pass": null

2023-12-20 12:48:54 - [TEST_STEP][PASSED] - pages.WriteExcel.demoKey(resText, datText, resColumn, datCloumn, fileLoc, nameSheet, row): pages.WriteExcel.demoKey is PASSED

2023-12-20 12:48:54 - [MESSAGE][PASSED] - pages.WriteExcel.demoKey is PASSED

2023-12-20 12:48:54 - [TEST_STEP][PASSED] - ExecuteTC = findTestData(dataFile).getValue("Execute", row): null

2023-12-20 12:48:54 - [TEST_STEP][PASSED] - Taxtype = findTestData(dataFile).getValue("TaxType", row): null

2023-12-20 12:48:54 - [TEST_STEP][PASSED] - TaxTypeEL = findTestData(dataFile).getValue("TaxTypeEL", row): null

2023-12-20 12:48:54 - [TEST_STEP][PASSED] - notInvNumber = findTestData(dataFile).getValue("NotiInvoNumber", row): null

2023-12-20 12:48:54 - [TEST_STEP][PASSED] - errorMsg = findTestData(dataFile).getValue("ErrorMessage", row): null

2023-12-20 12:48:54 - [TEST_STEP][PASSED] - out.println("Value of Execute is : " + ExecuteTC): null

2023-12-20 12:48:54 - [TEST_STEP][PASSED] - if (ExecuteTC.equalsIgnoreCase("Y")): null

2023-12-20 12:48:54 - [TEST_STEP][PASSED] - out.println("Begin Record Number: " + row): null

2023-12-20 12:48:54 - [TEST_STEP][PASSED] - today = new java.util.Date(): null

2023-12-20 12:48:54 - [TEST_STEP][PASSED] - println(today): null

2023-12-20 12:48:54 - [TEST_STEP][PASSED] - datText = today: null

2023-12-20 12:48:54 - [TEST_STEP][PASSED] - Taxtype = findTestData(dataFile).getValue("TaxType", row): null

2023-12-20 12:48:54 - [TEST_STEP][PASSED] - out.println("Taxtype value is : " + Taxtype): null

2023-12-20 12:48:54 - [TEST_STEP][PASSED] - openBrowser(""): Browser is opened with url: ''

2023-12-20 12:48:54 - [MESSAGE][WARNING] - A browser is already opened. Closing browser and opening a new one

2023-12-20 12:48:55 - [MESSAGE][INFO] - Starting 'Chrome' driver

2023-12-20 12:48:55 - [MESSAGE][INFO] - User set preference: ['acceptInsecureCerts', 'true']

2023-12-20 12:48:55 - [MESSAGE][INFO] - Action delay is set to 0 milliseconds

2023-12-20 12:48:57 - [MESSAGE][PASSED] - Browser is opened with url: ''

2023-12-20 12:48:57 - [TEST_STEP][PASSED] - maximizeWindow(): Current window maximized

2023-12-20 12:48:57 - [MESSAGE][PASSED] - Current window maximized

2023-12-20 12:48:57 - [TEST_STEP][PASSED] - navigateToUrl(RADurl): Navigate to 'https://qa2.velocitypayment.com/client/rad/index.html' successfully

2023-12-20 12:48:59 - [MESSAGE][PASSED] - Navigate to 'https://qa2.velocitypayment.com/client/rad/index.html' successfully

2023-12-20 12:48:59 - [TEST_STEP][PASSED] - orPath_Landing = "Object Repository/RAD_Pages/Landing_Page": null

2023-12-20 12:48:59 - [TEST_STEP][PASSED] - orPath_TaxTypeFilingYear = "Object Repository/RAD_Pages/TaxTypeFilingYear_Page": null

2023-12-20 12:48:59 - [TEST_STEP][PASSED] - orPath_TaxPayer = "Object Repository/RAD_Pages/Taxpayer_Page": null

2023-12-20 12:48:59 - [TEST_STEP][PASSED] - orPath_AddressContact = "Object Repository/RAD_Pages/AddressAndContactInfo_Page": null

2023-12-20 12:48:59 - [TEST_STEP][PASSED] - orPath_FilingStatus = "Object Repository/RAD_Pages/FilingStatus_Page": null

2023-12-20 12:48:59 - [TEST_STEP][PASSED] - orPath_Amount = "Object Repository/RAD_Pages/PaymentAmount_Page": null

2023-12-20 12:48:59 - [TEST_STEP][PASSED] - orPath_TaxInfo = "Object Repository/RAD_Pages/TaxInfo_Page": null

2023-12-20 12:48:59 - [TEST_STEP][PASSED] - orPath_Withholding = "Object Repository/RAD_Pages/Withholding_Page": null

2023-12-20 12:48:59 - [TEST_STEP][PASSED] - orPath_Summary = "Object Repository/RAD_Pages/Summary_Page": null

2023-12-20 12:48:59 - [TEST_STEP][PASSED] - orPath_PaymentReady = "Object Repository/RAD_Pages/PaymentReady_Page": null

2023-12-20 12:48:59 - [TEST_STEP][PASSED] - orPath_PaymentEntry = "Object Repository/RAD_Pages/PaymentEntry_Page": null

2023-12-20 12:48:59 - [TEST_STEP][PASSED] - orPath_PaymentConfirmation = "Object Repository/RAD_Pages/PaymentConfirmation_Page": null

2023-12-20 12:48:59 - [TEST_STEP][PASSED] - orPath_ServiceFeesAccept = "Object Repository/RAD_Pages/ServiceFeeAccept_Page": null

2023-12-20 12:48:59 - [TEST_STEP][PASSED] - selectOptionByLabel(findTestObject(orPath_Landing + "/dd_TaxType"), Taxtype, false): All options with label 'Existing Liability w/Notice Number' are selected in object 'Object Repository/RAD_Pages/Landing_Page/dd_TaxType' 

2023-12-20 12:48:59 - [MESSAGE][PASSED] - All options with label 'Existing Liability w/Notice Number' are selected in object 'Object Repository/RAD_Pages/Landing_Page/dd_TaxType' 

2023-12-20 12:48:59 - [TEST_STEP][PASSED] - delay(1): Delayed 1 second(s)

2023-12-20 12:49:00 - [MESSAGE][PASSED] - Delayed 1 second(s)

2023-12-20 12:49:00 - [TEST_STEP][PASSED] - selectOptionByLabel(findTestObject(orPath_TaxTypeFilingYear + "/select_TaxType_ExistingLiability"), TaxTypeEL, false): All options with label 'Alcohol Tax' are selected in object 'Object Repository/RAD_Pages/TaxTypeFilingYear_Page/select_TaxType_ExistingLiability' 

2023-12-20 12:49:01 - [MESSAGE][PASSED] - All options with label 'Alcohol Tax' are selected in object 'Object Repository/RAD_Pages/TaxTypeFilingYear_Page/select_TaxType_ExistingLiability' 

2023-12-20 12:49:01 - [TEST_STEP][PASSED] - setText(findTestObject(orPath_TaxInfo + "/input_NoticeInvoiceNumber"), notInvNumber): Text '123456789012' is set on object 'Object Repository/RAD_Pages/TaxInfo_Page/input_NoticeInvoiceNumber'

2023-12-20 12:49:02 - [MESSAGE][PASSED] - Text '123456789012' is set on object 'Object Repository/RAD_Pages/TaxInfo_Page/input_NoticeInvoiceNumber'

2023-12-20 12:49:02 - [TEST_STEP][PASSED] - setText(findTestObject(orPath_TaxInfo + "/input_reTypeNoticeInvoiceNumber"), notInvNumber): Text '123456789012' is set on object 'Object Repository/RAD_Pages/TaxInfo_Page/input_reTypeNoticeInvoiceNumber'

2023-12-20 12:49:03 - [MESSAGE][PASSED] - Text '123456789012' is set on object 'Object Repository/RAD_Pages/TaxInfo_Page/input_reTypeNoticeInvoiceNumber'

2023-12-20 12:49:03 - [TEST_STEP][PASSED] - println(notInvNumber): null

2023-12-20 12:49:03 - [TEST_STEP][PASSED] - if (verifyTextPresent(errorMsg, true)): null

2023-12-20 12:49:03 - [MESSAGE][PASSED] - Text 'Invoice Number must be 10 or 13 digits in length, with a value greater than zero' is present on page  using regular expression

2023-12-20 12:49:03 - [TEST_STEP][PASSED] - println("Error Message is present on the page"): null

2023-12-20 12:49:03 - [TEST_STEP][PASSED] - out.println("Pass Record Number: " + row): null

2023-12-20 12:49:03 - [TEST_STEP][PASSED] - resText = "Pass": null

2023-12-20 12:49:03 - [TEST_STEP][PASSED] - pages.WriteExcel.demoKey(resText, datText, resColumn, datCloumn, fileLoc, nameSheet, row): pages.WriteExcel.demoKey is PASSED

2023-12-20 12:49:03 - [MESSAGE][PASSED] - pages.WriteExcel.demoKey is PASSED

2023-12-20 12:49:03 - [TEST_STEP][PASSED] - ExecuteTC = findTestData(dataFile).getValue("Execute", row): null

2023-12-20 12:49:03 - [TEST_STEP][PASSED] - Taxtype = findTestData(dataFile).getValue("TaxType", row): null

2023-12-20 12:49:04 - [TEST_STEP][PASSED] - TaxTypeEL = findTestData(dataFile).getValue("TaxTypeEL", row): null

2023-12-20 12:49:04 - [TEST_STEP][PASSED] - notInvNumber = findTestData(dataFile).getValue("NotiInvoNumber", row): null

2023-12-20 12:49:04 - [TEST_STEP][PASSED] - errorMsg = findTestData(dataFile).getValue("ErrorMessage", row): null

2023-12-20 12:49:04 - [TEST_STEP][PASSED] - out.println("Value of Execute is : " + ExecuteTC): null

2023-12-20 12:49:04 - [TEST_STEP][PASSED] - if (ExecuteTC.equalsIgnoreCase("Y")): null

2023-12-20 12:49:04 - [TEST_STEP][PASSED] - out.println("Begin Record Number: " + row): null

2023-12-20 12:49:04 - [TEST_STEP][PASSED] - today = new java.util.Date(): null

2023-12-20 12:49:04 - [TEST_STEP][PASSED] - println(today): null

2023-12-20 12:49:04 - [TEST_STEP][PASSED] - datText = today: null

2023-12-20 12:49:04 - [TEST_STEP][PASSED] - Taxtype = findTestData(dataFile).getValue("TaxType", row): null

2023-12-20 12:49:04 - [TEST_STEP][PASSED] - out.println("Taxtype value is : " + Taxtype): null

2023-12-20 12:49:04 - [TEST_STEP][PASSED] - openBrowser(""): Browser is opened with url: ''

2023-12-20 12:49:04 - [MESSAGE][WARNING] - A browser is already opened. Closing browser and opening a new one

2023-12-20 12:49:05 - [MESSAGE][INFO] - Starting 'Chrome' driver

2023-12-20 12:49:05 - [MESSAGE][INFO] - User set preference: ['acceptInsecureCerts', 'true']

2023-12-20 12:49:05 - [MESSAGE][INFO] - Action delay is set to 0 milliseconds

2023-12-20 12:49:06 - [MESSAGE][PASSED] - Browser is opened with url: ''

2023-12-20 12:49:06 - [TEST_STEP][PASSED] - maximizeWindow(): Current window maximized

2023-12-20 12:49:06 - [MESSAGE][PASSED] - Current window maximized

2023-12-20 12:49:06 - [TEST_STEP][PASSED] - navigateToUrl(RADurl): Navigate to 'https://qa2.velocitypayment.com/client/rad/index.html' successfully

2023-12-20 12:49:09 - [MESSAGE][PASSED] - Navigate to 'https://qa2.velocitypayment.com/client/rad/index.html' successfully

2023-12-20 12:49:09 - [TEST_STEP][PASSED] - orPath_Landing = "Object Repository/RAD_Pages/Landing_Page": null

2023-12-20 12:49:09 - [TEST_STEP][PASSED] - orPath_TaxTypeFilingYear = "Object Repository/RAD_Pages/TaxTypeFilingYear_Page": null

2023-12-20 12:49:09 - [TEST_STEP][PASSED] - orPath_TaxPayer = "Object Repository/RAD_Pages/Taxpayer_Page": null

2023-12-20 12:49:09 - [TEST_STEP][PASSED] - orPath_AddressContact = "Object Repository/RAD_Pages/AddressAndContactInfo_Page": null

2023-12-20 12:49:09 - [TEST_STEP][PASSED] - orPath_FilingStatus = "Object Repository/RAD_Pages/FilingStatus_Page": null

2023-12-20 12:49:09 - [TEST_STEP][PASSED] - orPath_Amount = "Object Repository/RAD_Pages/PaymentAmount_Page": null

2023-12-20 12:49:09 - [TEST_STEP][PASSED] - orPath_TaxInfo = "Object Repository/RAD_Pages/TaxInfo_Page": null

2023-12-20 12:49:09 - [TEST_STEP][PASSED] - orPath_Withholding = "Object Repository/RAD_Pages/Withholding_Page": null

2023-12-20 12:49:09 - [TEST_STEP][PASSED] - orPath_Summary = "Object Repository/RAD_Pages/Summary_Page": null

2023-12-20 12:49:09 - [TEST_STEP][PASSED] - orPath_PaymentReady = "Object Repository/RAD_Pages/PaymentReady_Page": null

2023-12-20 12:49:09 - [TEST_STEP][PASSED] - orPath_PaymentEntry = "Object Repository/RAD_Pages/PaymentEntry_Page": null

2023-12-20 12:49:09 - [TEST_STEP][PASSED] - orPath_PaymentConfirmation = "Object Repository/RAD_Pages/PaymentConfirmation_Page": null

2023-12-20 12:49:09 - [TEST_STEP][PASSED] - orPath_ServiceFeesAccept = "Object Repository/RAD_Pages/ServiceFeeAccept_Page": null

2023-12-20 12:49:09 - [TEST_STEP][PASSED] - selectOptionByLabel(findTestObject(orPath_Landing + "/dd_TaxType"), Taxtype, false): All options with label 'Existing Liability w/Notice Number' are selected in object 'Object Repository/RAD_Pages/Landing_Page/dd_TaxType' 

2023-12-20 12:49:10 - [MESSAGE][PASSED] - All options with label 'Existing Liability w/Notice Number' are selected in object 'Object Repository/RAD_Pages/Landing_Page/dd_TaxType' 

2023-12-20 12:49:10 - [TEST_STEP][PASSED] - delay(1): Delayed 1 second(s)

2023-12-20 12:49:11 - [MESSAGE][PASSED] - Delayed 1 second(s)

2023-12-20 12:49:11 - [TEST_STEP][PASSED] - selectOptionByLabel(findTestObject(orPath_TaxTypeFilingYear + "/select_TaxType_ExistingLiability"), TaxTypeEL, false): All options with label 'PTE Tax Electing Non-S Corp' are selected in object 'Object Repository/RAD_Pages/TaxTypeFilingYear_Page/select_TaxType_ExistingLiability' 

2023-12-20 12:49:11 - [MESSAGE][PASSED] - All options with label 'PTE Tax Electing Non-S Corp' are selected in object 'Object Repository/RAD_Pages/TaxTypeFilingYear_Page/select_TaxType_ExistingLiability' 

2023-12-20 12:49:11 - [TEST_STEP][PASSED] - setText(findTestObject(orPath_TaxInfo + "/input_NoticeInvoiceNumber"), notInvNumber): Text '123456789' is set on object 'Object Repository/RAD_Pages/TaxInfo_Page/input_NoticeInvoiceNumber'

2023-12-20 12:49:12 - [MESSAGE][PASSED] - Text '123456789' is set on object 'Object Repository/RAD_Pages/TaxInfo_Page/input_NoticeInvoiceNumber'

2023-12-20 12:49:12 - [TEST_STEP][PASSED] - setText(findTestObject(orPath_TaxInfo + "/input_reTypeNoticeInvoiceNumber"), notInvNumber): Text '123456789' is set on object 'Object Repository/RAD_Pages/TaxInfo_Page/input_reTypeNoticeInvoiceNumber'

2023-12-20 12:49:13 - [MESSAGE][PASSED] - Text '123456789' is set on object 'Object Repository/RAD_Pages/TaxInfo_Page/input_reTypeNoticeInvoiceNumber'

2023-12-20 12:49:13 - [TEST_STEP][PASSED] - println(notInvNumber): null

2023-12-20 12:49:13 - [TEST_STEP][PASSED] - if (verifyTextPresent(errorMsg, true)): null

2023-12-20 12:49:14 - [MESSAGE][PASSED] - Text 'Notice Number must be 13 digits in length, with a value greater than zero' is present on page  using regular expression

2023-12-20 12:49:14 - [TEST_STEP][PASSED] - println("Error Message is present on the page"): null

2023-12-20 12:49:14 - [TEST_STEP][PASSED] - out.println("Pass Record Number: " + row): null

2023-12-20 12:49:14 - [TEST_STEP][PASSED] - resText = "Pass": null

2023-12-20 12:49:14 - [TEST_STEP][PASSED] - pages.WriteExcel.demoKey(resText, datText, resColumn, datCloumn, fileLoc, nameSheet, row): pages.WriteExcel.demoKey is PASSED

2023-12-20 12:49:14 - [MESSAGE][PASSED] - pages.WriteExcel.demoKey is PASSED

2023-12-20 12:49:14 - [TEST_STEP][PASSED] - ExecuteTC = findTestData(dataFile).getValue("Execute", row): null

2023-12-20 12:49:14 - [TEST_STEP][PASSED] - Taxtype = findTestData(dataFile).getValue("TaxType", row): null

2023-12-20 12:49:14 - [TEST_STEP][PASSED] - TaxTypeEL = findTestData(dataFile).getValue("TaxTypeEL", row): null

2023-12-20 12:49:14 - [TEST_STEP][PASSED] - notInvNumber = findTestData(dataFile).getValue("NotiInvoNumber", row): null

2023-12-20 12:49:14 - [TEST_STEP][PASSED] - errorMsg = findTestData(dataFile).getValue("ErrorMessage", row): null

2023-12-20 12:49:14 - [TEST_STEP][PASSED] - out.println("Value of Execute is : " + ExecuteTC): null

2023-12-20 12:49:14 - [TEST_STEP][PASSED] - if (ExecuteTC.equalsIgnoreCase("Y")): null

2023-12-20 12:49:14 - [TEST_STEP][PASSED] - out.println("Begin Record Number: " + row): null

2023-12-20 12:49:14 - [TEST_STEP][PASSED] - today = new java.util.Date(): null

2023-12-20 12:49:14 - [TEST_STEP][PASSED] - println(today): null

2023-12-20 12:49:14 - [TEST_STEP][PASSED] - datText = today: null

2023-12-20 12:49:14 - [TEST_STEP][PASSED] - Taxtype = findTestData(dataFile).getValue("TaxType", row): null

2023-12-20 12:49:14 - [TEST_STEP][PASSED] - out.println("Taxtype value is : " + Taxtype): null

2023-12-20 12:49:14 - [TEST_STEP][PASSED] - openBrowser(""): Browser is opened with url: ''

2023-12-20 12:49:14 - [MESSAGE][WARNING] - A browser is already opened. Closing browser and opening a new one

2023-12-20 12:49:15 - [MESSAGE][INFO] - Starting 'Chrome' driver

2023-12-20 12:49:15 - [MESSAGE][INFO] - User set preference: ['acceptInsecureCerts', 'true']

2023-12-20 12:49:15 - [MESSAGE][INFO] - Action delay is set to 0 milliseconds

2023-12-20 12:49:17 - [MESSAGE][PASSED] - Browser is opened with url: ''

2023-12-20 12:49:17 - [TEST_STEP][PASSED] - maximizeWindow(): Current window maximized

2023-12-20 12:49:17 - [MESSAGE][PASSED] - Current window maximized

2023-12-20 12:49:17 - [TEST_STEP][PASSED] - navigateToUrl(RADurl): Navigate to 'https://qa2.velocitypayment.com/client/rad/index.html' successfully

2023-12-20 12:49:17 - [MESSAGE][PASSED] - Navigate to 'https://qa2.velocitypayment.com/client/rad/index.html' successfully

2023-12-20 12:49:17 - [TEST_STEP][PASSED] - orPath_Landing = "Object Repository/RAD_Pages/Landing_Page": null

2023-12-20 12:49:17 - [TEST_STEP][PASSED] - orPath_TaxTypeFilingYear = "Object Repository/RAD_Pages/TaxTypeFilingYear_Page": null

2023-12-20 12:49:17 - [TEST_STEP][PASSED] - orPath_TaxPayer = "Object Repository/RAD_Pages/Taxpayer_Page": null

2023-12-20 12:49:17 - [TEST_STEP][PASSED] - orPath_AddressContact = "Object Repository/RAD_Pages/AddressAndContactInfo_Page": null

2023-12-20 12:49:17 - [TEST_STEP][PASSED] - orPath_FilingStatus = "Object Repository/RAD_Pages/FilingStatus_Page": null

2023-12-20 12:49:17 - [TEST_STEP][PASSED] - orPath_Amount = "Object Repository/RAD_Pages/PaymentAmount_Page": null

2023-12-20 12:49:17 - [TEST_STEP][PASSED] - orPath_TaxInfo = "Object Repository/RAD_Pages/TaxInfo_Page": null

2023-12-20 12:49:17 - [TEST_STEP][PASSED] - orPath_Withholding = "Object Repository/RAD_Pages/Withholding_Page": null

2023-12-20 12:49:17 - [TEST_STEP][PASSED] - orPath_Summary = "Object Repository/RAD_Pages/Summary_Page": null

2023-12-20 12:49:17 - [TEST_STEP][PASSED] - orPath_PaymentReady = "Object Repository/RAD_Pages/PaymentReady_Page": null

2023-12-20 12:49:17 - [TEST_STEP][PASSED] - orPath_PaymentEntry = "Object Repository/RAD_Pages/PaymentEntry_Page": null

2023-12-20 12:49:17 - [TEST_STEP][PASSED] - orPath_PaymentConfirmation = "Object Repository/RAD_Pages/PaymentConfirmation_Page": null

2023-12-20 12:49:17 - [TEST_STEP][PASSED] - orPath_ServiceFeesAccept = "Object Repository/RAD_Pages/ServiceFeeAccept_Page": null

2023-12-20 12:49:17 - [TEST_STEP][PASSED] - selectOptionByLabel(findTestObject(orPath_Landing + "/dd_TaxType"), Taxtype, false): All options with label 'Existing Liability w/Notice Number' are selected in object 'Object Repository/RAD_Pages/Landing_Page/dd_TaxType' 

2023-12-20 12:49:19 - [MESSAGE][PASSED] - All options with label 'Existing Liability w/Notice Number' are selected in object 'Object Repository/RAD_Pages/Landing_Page/dd_TaxType' 

2023-12-20 12:49:19 - [TEST_STEP][PASSED] - delay(1): Delayed 1 second(s)

2023-12-20 12:49:20 - [MESSAGE][PASSED] - Delayed 1 second(s)

2023-12-20 12:49:20 - [TEST_STEP][PASSED] - selectOptionByLabel(findTestObject(orPath_TaxTypeFilingYear + "/select_TaxType_ExistingLiability"), TaxTypeEL, false): All options with label 'PTE Tax Electing S Corp' are selected in object 'Object Repository/RAD_Pages/TaxTypeFilingYear_Page/select_TaxType_ExistingLiability' 

2023-12-20 12:49:21 - [MESSAGE][PASSED] - All options with label 'PTE Tax Electing S Corp' are selected in object 'Object Repository/RAD_Pages/TaxTypeFilingYear_Page/select_TaxType_ExistingLiability' 

2023-12-20 12:49:21 - [TEST_STEP][PASSED] - setText(findTestObject(orPath_TaxInfo + "/input_NoticeInvoiceNumber"), notInvNumber): Text '123456789' is set on object 'Object Repository/RAD_Pages/TaxInfo_Page/input_NoticeInvoiceNumber'

2023-12-20 12:49:22 - [MESSAGE][PASSED] - Text '123456789' is set on object 'Object Repository/RAD_Pages/TaxInfo_Page/input_NoticeInvoiceNumber'

2023-12-20 12:49:22 - [TEST_STEP][PASSED] - setText(findTestObject(orPath_TaxInfo + "/input_reTypeNoticeInvoiceNumber"), notInvNumber): Text '123456789' is set on object 'Object Repository/RAD_Pages/TaxInfo_Page/input_reTypeNoticeInvoiceNumber'

2023-12-20 12:49:23 - [MESSAGE][PASSED] - Text '123456789' is set on object 'Object Repository/RAD_Pages/TaxInfo_Page/input_reTypeNoticeInvoiceNumber'

2023-12-20 12:49:23 - [TEST_STEP][PASSED] - println(notInvNumber): null

2023-12-20 12:49:23 - [TEST_STEP][PASSED] - if (verifyTextPresent(errorMsg, true)): null

2023-12-20 12:49:24 - [MESSAGE][PASSED] - Text 'Notice Number must be 13 digits in length, with a value greater than zero' is present on page  using regular expression

2023-12-20 12:49:24 - [TEST_STEP][PASSED] - println("Error Message is present on the page"): null

2023-12-20 12:49:24 - [TEST_STEP][PASSED] - out.println("Pass Record Number: " + row): null

2023-12-20 12:49:24 - [TEST_STEP][PASSED] - resText = "Pass": null

2023-12-20 12:49:24 - [TEST_STEP][PASSED] - pages.WriteExcel.demoKey(resText, datText, resColumn, datCloumn, fileLoc, nameSheet, row): pages.WriteExcel.demoKey is PASSED

2023-12-20 12:49:24 - [MESSAGE][PASSED] - pages.WriteExcel.demoKey is PASSED

2023-12-20 12:49:24 - [TEST_STEP][PASSED] - ExecuteTC = findTestData(dataFile).getValue("Execute", row): null

2023-12-20 12:49:24 - [TEST_STEP][PASSED] - Taxtype = findTestData(dataFile).getValue("TaxType", row): null

2023-12-20 12:49:24 - [TEST_STEP][PASSED] - TaxTypeEL = findTestData(dataFile).getValue("TaxTypeEL", row): null

2023-12-20 12:49:24 - [TEST_STEP][PASSED] - notInvNumber = findTestData(dataFile).getValue("NotiInvoNumber", row): null

2023-12-20 12:49:24 - [TEST_STEP][PASSED] - errorMsg = findTestData(dataFile).getValue("ErrorMessage", row): null

2023-12-20 12:49:24 - [TEST_STEP][PASSED] - out.println("Value of Execute is : " + ExecuteTC): null

2023-12-20 12:49:24 - [TEST_STEP][PASSED] - if (ExecuteTC.equalsIgnoreCase("Y")): null

2023-12-20 12:49:24 - [TEST_STEP][PASSED] - out.println("Begin Record Number: " + row): null

2023-12-20 12:49:24 - [TEST_STEP][PASSED] - today = new java.util.Date(): null

2023-12-20 12:49:24 - [TEST_STEP][PASSED] - println(today): null

2023-12-20 12:49:24 - [TEST_STEP][PASSED] - datText = today: null

2023-12-20 12:49:24 - [TEST_STEP][PASSED] - Taxtype = findTestData(dataFile).getValue("TaxType", row): null

2023-12-20 12:49:24 - [TEST_STEP][PASSED] - out.println("Taxtype value is : " + Taxtype): null

2023-12-20 12:49:24 - [TEST_STEP][PASSED] - openBrowser(""): Browser is opened with url: ''

2023-12-20 12:49:24 - [MESSAGE][WARNING] - A browser is already opened. Closing browser and opening a new one

2023-12-20 12:49:26 - [MESSAGE][INFO] - Starting 'Chrome' driver

2023-12-20 12:49:26 - [MESSAGE][INFO] - User set preference: ['acceptInsecureCerts', 'true']

2023-12-20 12:49:26 - [MESSAGE][INFO] - Action delay is set to 0 milliseconds

2023-12-20 12:49:28 - [MESSAGE][PASSED] - Browser is opened with url: ''

2023-12-20 12:49:28 - [TEST_STEP][PASSED] - maximizeWindow(): Current window maximized

2023-12-20 12:49:28 - [MESSAGE][PASSED] - Current window maximized

2023-12-20 12:49:28 - [TEST_STEP][PASSED] - navigateToUrl(RADurl): Navigate to 'https://qa2.velocitypayment.com/client/rad/index.html' successfully

2023-12-20 12:49:30 - [MESSAGE][PASSED] - Navigate to 'https://qa2.velocitypayment.com/client/rad/index.html' successfully

2023-12-20 12:49:30 - [TEST_STEP][PASSED] - orPath_Landing = "Object Repository/RAD_Pages/Landing_Page": null

2023-12-20 12:49:30 - [TEST_STEP][PASSED] - orPath_TaxTypeFilingYear = "Object Repository/RAD_Pages/TaxTypeFilingYear_Page": null

2023-12-20 12:49:30 - [TEST_STEP][PASSED] - orPath_TaxPayer = "Object Repository/RAD_Pages/Taxpayer_Page": null

2023-12-20 12:49:30 - [TEST_STEP][PASSED] - orPath_AddressContact = "Object Repository/RAD_Pages/AddressAndContactInfo_Page": null

2023-12-20 12:49:30 - [TEST_STEP][PASSED] - orPath_FilingStatus = "Object Repository/RAD_Pages/FilingStatus_Page": null

2023-12-20 12:49:30 - [TEST_STEP][PASSED] - orPath_Amount = "Object Repository/RAD_Pages/PaymentAmount_Page": null

2023-12-20 12:49:30 - [TEST_STEP][PASSED] - orPath_TaxInfo = "Object Repository/RAD_Pages/TaxInfo_Page": null

2023-12-20 12:49:30 - [TEST_STEP][PASSED] - orPath_Withholding = "Object Repository/RAD_Pages/Withholding_Page": null

2023-12-20 12:49:30 - [TEST_STEP][PASSED] - orPath_Summary = "Object Repository/RAD_Pages/Summary_Page": null

2023-12-20 12:49:30 - [TEST_STEP][PASSED] - orPath_PaymentReady = "Object Repository/RAD_Pages/PaymentReady_Page": null

2023-12-20 12:49:30 - [TEST_STEP][PASSED] - orPath_PaymentEntry = "Object Repository/RAD_Pages/PaymentEntry_Page": null

2023-12-20 12:49:30 - [TEST_STEP][PASSED] - orPath_PaymentConfirmation = "Object Repository/RAD_Pages/PaymentConfirmation_Page": null

2023-12-20 12:49:30 - [TEST_STEP][PASSED] - orPath_ServiceFeesAccept = "Object Repository/RAD_Pages/ServiceFeeAccept_Page": null

2023-12-20 12:49:30 - [TEST_STEP][PASSED] - selectOptionByLabel(findTestObject(orPath_Landing + "/dd_TaxType"), Taxtype, false): All options with label 'Existing Liability w/Notice Number' are selected in object 'Object Repository/RAD_Pages/Landing_Page/dd_TaxType' 

2023-12-20 12:49:30 - [MESSAGE][PASSED] - All options with label 'Existing Liability w/Notice Number' are selected in object 'Object Repository/RAD_Pages/Landing_Page/dd_TaxType' 

2023-12-20 12:49:30 - [TEST_STEP][PASSED] - delay(1): Delayed 1 second(s)

2023-12-20 12:49:31 - [MESSAGE][PASSED] - Delayed 1 second(s)

2023-12-20 12:49:31 - [TEST_STEP][PASSED] - selectOptionByLabel(findTestObject(orPath_TaxTypeFilingYear + "/select_TaxType_ExistingLiability"), TaxTypeEL, false): All options with label 'Bay Restoration Fee' are selected in object 'Object Repository/RAD_Pages/TaxTypeFilingYear_Page/select_TaxType_ExistingLiability' 

2023-12-20 12:49:32 - [MESSAGE][PASSED] - All options with label 'Bay Restoration Fee' are selected in object 'Object Repository/RAD_Pages/TaxTypeFilingYear_Page/select_TaxType_ExistingLiability' 

2023-12-20 12:49:32 - [TEST_STEP][PASSED] - setText(findTestObject(orPath_TaxInfo + "/input_NoticeInvoiceNumber"), notInvNumber): Text '0000000000000' is set on object 'Object Repository/RAD_Pages/TaxInfo_Page/input_NoticeInvoiceNumber'

2023-12-20 12:49:33 - [MESSAGE][PASSED] - Text '0000000000000' is set on object 'Object Repository/RAD_Pages/TaxInfo_Page/input_NoticeInvoiceNumber'

2023-12-20 12:49:33 - [TEST_STEP][PASSED] - setText(findTestObject(orPath_TaxInfo + "/input_reTypeNoticeInvoiceNumber"), notInvNumber): Text '0000000000000' is set on object 'Object Repository/RAD_Pages/TaxInfo_Page/input_reTypeNoticeInvoiceNumber'

2023-12-20 12:49:34 - [MESSAGE][PASSED] - Text '0000000000000' is set on object 'Object Repository/RAD_Pages/TaxInfo_Page/input_reTypeNoticeInvoiceNumber'

2023-12-20 12:49:34 - [TEST_STEP][PASSED] - println(notInvNumber): null

2023-12-20 12:49:34 - [TEST_STEP][PASSED] - if (verifyTextPresent(errorMsg, true)): null

2023-12-20 12:49:34 - [MESSAGE][PASSED] - Text 'Notice Number must be 13 digits in length, with a value greater than zero' is present on page  using regular expression

2023-12-20 12:49:34 - [TEST_STEP][PASSED] - println("Error Message is present on the page"): null

2023-12-20 12:49:34 - [TEST_STEP][PASSED] - out.println("Pass Record Number: " + row): null

2023-12-20 12:49:34 - [TEST_STEP][PASSED] - resText = "Pass": null

2023-12-20 12:49:34 - [TEST_STEP][PASSED] - pages.WriteExcel.demoKey(resText, datText, resColumn, datCloumn, fileLoc, nameSheet, row): pages.WriteExcel.demoKey is PASSED

2023-12-20 12:49:35 - [MESSAGE][PASSED] - pages.WriteExcel.demoKey is PASSED

2023-12-20 12:49:35 - [TEST_STEP][PASSED] - ExecuteTC = findTestData(dataFile).getValue("Execute", row): null

2023-12-20 12:49:35 - [TEST_STEP][PASSED] - Taxtype = findTestData(dataFile).getValue("TaxType", row): null

2023-12-20 12:49:35 - [TEST_STEP][PASSED] - TaxTypeEL = findTestData(dataFile).getValue("TaxTypeEL", row): null

2023-12-20 12:49:35 - [TEST_STEP][PASSED] - notInvNumber = findTestData(dataFile).getValue("NotiInvoNumber", row): null

2023-12-20 12:49:35 - [TEST_STEP][PASSED] - errorMsg = findTestData(dataFile).getValue("ErrorMessage", row): null

2023-12-20 12:49:35 - [TEST_STEP][PASSED] - out.println("Value of Execute is : " + ExecuteTC): null

2023-12-20 12:49:35 - [TEST_STEP][PASSED] - if (ExecuteTC.equalsIgnoreCase("Y")): null

2023-12-20 12:49:35 - [TEST_STEP][PASSED] - out.println("Begin Record Number: " + row): null

2023-12-20 12:49:35 - [TEST_STEP][PASSED] - today = new java.util.Date(): null

2023-12-20 12:49:35 - [TEST_STEP][PASSED] - println(today): null

2023-12-20 12:49:35 - [TEST_STEP][PASSED] - datText = today: null

2023-12-20 12:49:35 - [TEST_STEP][PASSED] - Taxtype = findTestData(dataFile).getValue("TaxType", row): null

2023-12-20 12:49:35 - [TEST_STEP][PASSED] - out.println("Taxtype value is : " + Taxtype): null

2023-12-20 12:49:35 - [TEST_STEP][PASSED] - openBrowser(""): Browser is opened with url: ''

2023-12-20 12:49:35 - [MESSAGE][WARNING] - A browser is already opened. Closing browser and opening a new one

2023-12-20 12:49:36 - [MESSAGE][INFO] - Starting 'Chrome' driver

2023-12-20 12:49:36 - [MESSAGE][INFO] - User set preference: ['acceptInsecureCerts', 'true']

2023-12-20 12:49:36 - [MESSAGE][INFO] - Action delay is set to 0 milliseconds

2023-12-20 12:49:37 - [MESSAGE][PASSED] - Browser is opened with url: ''

2023-12-20 12:49:37 - [TEST_STEP][PASSED] - maximizeWindow(): Current window maximized

2023-12-20 12:49:38 - [MESSAGE][PASSED] - Current window maximized

2023-12-20 12:49:38 - [TEST_STEP][PASSED] - navigateToUrl(RADurl): Navigate to 'https://qa2.velocitypayment.com/client/rad/index.html' successfully

2023-12-20 12:49:39 - [MESSAGE][PASSED] - Navigate to 'https://qa2.velocitypayment.com/client/rad/index.html' successfully

2023-12-20 12:49:39 - [TEST_STEP][PASSED] - orPath_Landing = "Object Repository/RAD_Pages/Landing_Page": null

2023-12-20 12:49:39 - [TEST_STEP][PASSED] - orPath_TaxTypeFilingYear = "Object Repository/RAD_Pages/TaxTypeFilingYear_Page": null

2023-12-20 12:49:39 - [TEST_STEP][PASSED] - orPath_TaxPayer = "Object Repository/RAD_Pages/Taxpayer_Page": null

2023-12-20 12:49:39 - [TEST_STEP][PASSED] - orPath_AddressContact = "Object Repository/RAD_Pages/AddressAndContactInfo_Page": null

2023-12-20 12:49:39 - [TEST_STEP][PASSED] - orPath_FilingStatus = "Object Repository/RAD_Pages/FilingStatus_Page": null

2023-12-20 12:49:39 - [TEST_STEP][PASSED] - orPath_Amount = "Object Repository/RAD_Pages/PaymentAmount_Page": null

2023-12-20 12:49:39 - [TEST_STEP][PASSED] - orPath_TaxInfo = "Object Repository/RAD_Pages/TaxInfo_Page": null

2023-12-20 12:49:39 - [TEST_STEP][PASSED] - orPath_Withholding = "Object Repository/RAD_Pages/Withholding_Page": null

2023-12-20 12:49:39 - [TEST_STEP][PASSED] - orPath_Summary = "Object Repository/RAD_Pages/Summary_Page": null

2023-12-20 12:49:39 - [TEST_STEP][PASSED] - orPath_PaymentReady = "Object Repository/RAD_Pages/PaymentReady_Page": null

2023-12-20 12:49:39 - [TEST_STEP][PASSED] - orPath_PaymentEntry = "Object Repository/RAD_Pages/PaymentEntry_Page": null

2023-12-20 12:49:39 - [TEST_STEP][PASSED] - orPath_PaymentConfirmation = "Object Repository/RAD_Pages/PaymentConfirmation_Page": null

2023-12-20 12:49:39 - [TEST_STEP][PASSED] - orPath_ServiceFeesAccept = "Object Repository/RAD_Pages/ServiceFeeAccept_Page": null

2023-12-20 12:49:39 - [TEST_STEP][PASSED] - selectOptionByLabel(findTestObject(orPath_Landing + "/dd_TaxType"), Taxtype, false): All options with label 'Existing Liability w/Notice Number' are selected in object 'Object Repository/RAD_Pages/Landing_Page/dd_TaxType' 

2023-12-20 12:49:40 - [MESSAGE][PASSED] - All options with label 'Existing Liability w/Notice Number' are selected in object 'Object Repository/RAD_Pages/Landing_Page/dd_TaxType' 

2023-12-20 12:49:40 - [TEST_STEP][PASSED] - delay(1): Delayed 1 second(s)

2023-12-20 12:49:41 - [MESSAGE][PASSED] - Delayed 1 second(s)

2023-12-20 12:49:41 - [TEST_STEP][PASSED] - selectOptionByLabel(findTestObject(orPath_TaxTypeFilingYear + "/select_TaxType_ExistingLiability"), TaxTypeEL, false): All options with label 'Corporate Income Tax' are selected in object 'Object Repository/RAD_Pages/TaxTypeFilingYear_Page/select_TaxType_ExistingLiability' 

2023-12-20 12:49:41 - [MESSAGE][PASSED] - All options with label 'Corporate Income Tax' are selected in object 'Object Repository/RAD_Pages/TaxTypeFilingYear_Page/select_TaxType_ExistingLiability' 

2023-12-20 12:49:41 - [TEST_STEP][PASSED] - setText(findTestObject(orPath_TaxInfo + "/input_NoticeInvoiceNumber"), notInvNumber): Text '0000000000000' is set on object 'Object Repository/RAD_Pages/TaxInfo_Page/input_NoticeInvoiceNumber'

2023-12-20 12:49:42 - [MESSAGE][PASSED] - Text '0000000000000' is set on object 'Object Repository/RAD_Pages/TaxInfo_Page/input_NoticeInvoiceNumber'

2023-12-20 12:49:42 - [TEST_STEP][PASSED] - setText(findTestObject(orPath_TaxInfo + "/input_reTypeNoticeInvoiceNumber"), notInvNumber): Text '0000000000000' is set on object 'Object Repository/RAD_Pages/TaxInfo_Page/input_reTypeNoticeInvoiceNumber'

2023-12-20 12:49:43 - [MESSAGE][PASSED] - Text '0000000000000' is set on object 'Object Repository/RAD_Pages/TaxInfo_Page/input_reTypeNoticeInvoiceNumber'

2023-12-20 12:49:43 - [TEST_STEP][PASSED] - println(notInvNumber): null

2023-12-20 12:49:43 - [TEST_STEP][PASSED] - if (verifyTextPresent(errorMsg, true)): null

2023-12-20 12:49:44 - [MESSAGE][PASSED] - Text 'Invoice Number must be 10 or 13 digits in length, with a value greater than zero' is present on page  using regular expression

2023-12-20 12:49:44 - [TEST_STEP][PASSED] - println("Error Message is present on the page"): null

2023-12-20 12:49:44 - [TEST_STEP][PASSED] - out.println("Pass Record Number: " + row): null

2023-12-20 12:49:44 - [TEST_STEP][PASSED] - resText = "Pass": null

2023-12-20 12:49:44 - [TEST_STEP][PASSED] - pages.WriteExcel.demoKey(resText, datText, resColumn, datCloumn, fileLoc, nameSheet, row): pages.WriteExcel.demoKey is PASSED

2023-12-20 12:49:44 - [MESSAGE][PASSED] - pages.WriteExcel.demoKey is PASSED

2023-12-20 12:49:44 - [TEST_STEP][PASSED] - ExecuteTC = findTestData(dataFile).getValue("Execute", row): null

2023-12-20 12:49:44 - [TEST_STEP][PASSED] - Taxtype = findTestData(dataFile).getValue("TaxType", row): null

2023-12-20 12:49:44 - [TEST_STEP][PASSED] - TaxTypeEL = findTestData(dataFile).getValue("TaxTypeEL", row): null

2023-12-20 12:49:44 - [TEST_STEP][PASSED] - notInvNumber = findTestData(dataFile).getValue("NotiInvoNumber", row): null

2023-12-20 12:49:44 - [TEST_STEP][PASSED] - errorMsg = findTestData(dataFile).getValue("ErrorMessage", row): null

2023-12-20 12:49:44 - [TEST_STEP][PASSED] - out.println("Value of Execute is : " + ExecuteTC): null

2023-12-20 12:49:44 - [TEST_STEP][PASSED] - if (ExecuteTC.equalsIgnoreCase("Y")): null

2023-12-20 12:49:44 - [TEST_STEP][PASSED] - out.println("Begin Record Number: " + row): null

2023-12-20 12:49:44 - [TEST_STEP][PASSED] - today = new java.util.Date(): null

2023-12-20 12:49:44 - [TEST_STEP][PASSED] - println(today): null

2023-12-20 12:49:44 - [TEST_STEP][PASSED] - datText = today: null

2023-12-20 12:49:44 - [TEST_STEP][PASSED] - Taxtype = findTestData(dataFile).getValue("TaxType", row): null

2023-12-20 12:49:44 - [TEST_STEP][PASSED] - out.println("Taxtype value is : " + Taxtype): null

2023-12-20 12:49:44 - [TEST_STEP][PASSED] - openBrowser(""): Browser is opened with url: ''

2023-12-20 12:49:44 - [MESSAGE][WARNING] - A browser is already opened. Closing browser and opening a new one

2023-12-20 12:49:45 - [MESSAGE][INFO] - Starting 'Chrome' driver

2023-12-20 12:49:45 - [MESSAGE][INFO] - User set preference: ['acceptInsecureCerts', 'true']

2023-12-20 12:49:45 - [MESSAGE][INFO] - Action delay is set to 0 milliseconds

2023-12-20 12:49:47 - [MESSAGE][PASSED] - Browser is opened with url: ''

2023-12-20 12:49:47 - [TEST_STEP][PASSED] - maximizeWindow(): Current window maximized

2023-12-20 12:49:47 - [MESSAGE][PASSED] - Current window maximized

2023-12-20 12:49:47 - [TEST_STEP][PASSED] - navigateToUrl(RADurl): Navigate to 'https://qa2.velocitypayment.com/client/rad/index.html' successfully

2023-12-20 12:49:49 - [MESSAGE][PASSED] - Navigate to 'https://qa2.velocitypayment.com/client/rad/index.html' successfully

2023-12-20 12:49:49 - [TEST_STEP][PASSED] - orPath_Landing = "Object Repository/RAD_Pages/Landing_Page": null

2023-12-20 12:49:49 - [TEST_STEP][PASSED] - orPath_TaxTypeFilingYear = "Object Repository/RAD_Pages/TaxTypeFilingYear_Page": null

2023-12-20 12:49:49 - [TEST_STEP][PASSED] - orPath_TaxPayer = "Object Repository/RAD_Pages/Taxpayer_Page": null

2023-12-20 12:49:49 - [TEST_STEP][PASSED] - orPath_AddressContact = "Object Repository/RAD_Pages/AddressAndContactInfo_Page": null

2023-12-20 12:49:49 - [TEST_STEP][PASSED] - orPath_FilingStatus = "Object Repository/RAD_Pages/FilingStatus_Page": null

2023-12-20 12:49:49 - [TEST_STEP][PASSED] - orPath_Amount = "Object Repository/RAD_Pages/PaymentAmount_Page": null

2023-12-20 12:49:49 - [TEST_STEP][PASSED] - orPath_TaxInfo = "Object Repository/RAD_Pages/TaxInfo_Page": null

2023-12-20 12:49:49 - [TEST_STEP][PASSED] - orPath_Withholding = "Object Repository/RAD_Pages/Withholding_Page": null

2023-12-20 12:49:49 - [TEST_STEP][PASSED] - orPath_Summary = "Object Repository/RAD_Pages/Summary_Page": null

2023-12-20 12:49:49 - [TEST_STEP][PASSED] - orPath_PaymentReady = "Object Repository/RAD_Pages/PaymentReady_Page": null

2023-12-20 12:49:49 - [TEST_STEP][PASSED] - orPath_PaymentEntry = "Object Repository/RAD_Pages/PaymentEntry_Page": null

2023-12-20 12:49:49 - [TEST_STEP][PASSED] - orPath_PaymentConfirmation = "Object Repository/RAD_Pages/PaymentConfirmation_Page": null

2023-12-20 12:49:49 - [TEST_STEP][PASSED] - orPath_ServiceFeesAccept = "Object Repository/RAD_Pages/ServiceFeeAccept_Page": null

2023-12-20 12:49:49 - [TEST_STEP][PASSED] - selectOptionByLabel(findTestObject(orPath_Landing + "/dd_TaxType"), Taxtype, false): All options with label 'Existing Liability w/Notice Number' are selected in object 'Object Repository/RAD_Pages/Landing_Page/dd_TaxType' 

2023-12-20 12:49:50 - [MESSAGE][PASSED] - All options with label 'Existing Liability w/Notice Number' are selected in object 'Object Repository/RAD_Pages/Landing_Page/dd_TaxType' 

2023-12-20 12:49:50 - [TEST_STEP][PASSED] - delay(1): Delayed 1 second(s)

2023-12-20 12:49:51 - [MESSAGE][PASSED] - Delayed 1 second(s)

2023-12-20 12:49:51 - [TEST_STEP][PASSED] - selectOptionByLabel(findTestObject(orPath_TaxTypeFilingYear + "/select_TaxType_ExistingLiability"), TaxTypeEL, false): All options with label 'Corporate Income Tax' are selected in object 'Object Repository/RAD_Pages/TaxTypeFilingYear_Page/select_TaxType_ExistingLiability' 

2023-12-20 12:49:51 - [MESSAGE][PASSED] - All options with label 'Corporate Income Tax' are selected in object 'Object Repository/RAD_Pages/TaxTypeFilingYear_Page/select_TaxType_ExistingLiability' 

2023-12-20 12:49:51 - [TEST_STEP][PASSED] - setText(findTestObject(orPath_TaxInfo + "/input_NoticeInvoiceNumber"), notInvNumber): Text '0000000000' is set on object 'Object Repository/RAD_Pages/TaxInfo_Page/input_NoticeInvoiceNumber'

2023-12-20 12:49:52 - [MESSAGE][PASSED] - Text '0000000000' is set on object 'Object Repository/RAD_Pages/TaxInfo_Page/input_NoticeInvoiceNumber'

2023-12-20 12:49:52 - [TEST_STEP][PASSED] - setText(findTestObject(orPath_TaxInfo + "/input_reTypeNoticeInvoiceNumber"), notInvNumber): Text '0000000000' is set on object 'Object Repository/RAD_Pages/TaxInfo_Page/input_reTypeNoticeInvoiceNumber'

2023-12-20 12:49:53 - [MESSAGE][PASSED] - Text '0000000000' is set on object 'Object Repository/RAD_Pages/TaxInfo_Page/input_reTypeNoticeInvoiceNumber'

2023-12-20 12:49:53 - [TEST_STEP][PASSED] - println(notInvNumber): null

2023-12-20 12:49:53 - [TEST_STEP][PASSED] - if (verifyTextPresent(errorMsg, true)): null

2023-12-20 12:49:54 - [MESSAGE][PASSED] - Text 'Invoice Number must be 10 or 13 digits in length, with a value greater than zero' is present on page  using regular expression

2023-12-20 12:49:54 - [TEST_STEP][PASSED] - println("Error Message is present on the page"): null

2023-12-20 12:49:54 - [TEST_STEP][PASSED] - out.println("Pass Record Number: " + row): null

2023-12-20 12:49:54 - [TEST_STEP][PASSED] - resText = "Pass": null

2023-12-20 12:49:54 - [TEST_STEP][PASSED] - pages.WriteExcel.demoKey(resText, datText, resColumn, datCloumn, fileLoc, nameSheet, row): pages.WriteExcel.demoKey is PASSED

2023-12-20 12:49:54 - [MESSAGE][PASSED] - pages.WriteExcel.demoKey is PASSED

2023-12-20 12:49:54 - [TEST_STEP][PASSED] - ExecuteTC = findTestData(dataFile).getValue("Execute", row): null

2023-12-20 12:49:54 - [TEST_STEP][PASSED] - Taxtype = findTestData(dataFile).getValue("TaxType", row): null

2023-12-20 12:49:54 - [TEST_STEP][PASSED] - TaxTypeEL = findTestData(dataFile).getValue("TaxTypeEL", row): null

2023-12-20 12:49:54 - [TEST_STEP][PASSED] - notInvNumber = findTestData(dataFile).getValue("NotiInvoNumber", row): null

2023-12-20 12:49:54 - [TEST_STEP][PASSED] - errorMsg = findTestData(dataFile).getValue("ErrorMessage", row): null

2023-12-20 12:49:54 - [TEST_STEP][PASSED] - out.println("Value of Execute is : " + ExecuteTC): null

2023-12-20 12:49:54 - [TEST_STEP][PASSED] - if (ExecuteTC.equalsIgnoreCase("Y")): null

2023-12-20 12:49:54 - [TEST_STEP][PASSED] - out.println("Begin Record Number: " + row): null

2023-12-20 12:49:54 - [TEST_STEP][PASSED] - today = new java.util.Date(): null

2023-12-20 12:49:54 - [TEST_STEP][PASSED] - println(today): null

2023-12-20 12:49:54 - [TEST_STEP][PASSED] - datText = today: null

2023-12-20 12:49:54 - [TEST_STEP][PASSED] - Taxtype = findTestData(dataFile).getValue("TaxType", row): null

2023-12-20 12:49:54 - [TEST_STEP][PASSED] - out.println("Taxtype value is : " + Taxtype): null

2023-12-20 12:49:54 - [TEST_STEP][PASSED] - openBrowser(""): Browser is opened with url: ''

2023-12-20 12:49:54 - [MESSAGE][WARNING] - A browser is already opened. Closing browser and opening a new one

2023-12-20 12:49:55 - [MESSAGE][INFO] - Starting 'Chrome' driver

2023-12-20 12:49:55 - [MESSAGE][INFO] - User set preference: ['acceptInsecureCerts', 'true']

2023-12-20 12:49:55 - [MESSAGE][INFO] - Action delay is set to 0 milliseconds

2023-12-20 12:49:57 - [MESSAGE][PASSED] - Browser is opened with url: ''

2023-12-20 12:49:57 - [TEST_STEP][PASSED] - maximizeWindow(): Current window maximized

2023-12-20 12:49:57 - [MESSAGE][PASSED] - Current window maximized

2023-12-20 12:49:57 - [TEST_STEP][PASSED] - navigateToUrl(RADurl): Navigate to 'https://qa2.velocitypayment.com/client/rad/index.html' successfully

2023-12-20 12:49:58 - [MESSAGE][PASSED] - Navigate to 'https://qa2.velocitypayment.com/client/rad/index.html' successfully

2023-12-20 12:49:58 - [TEST_STEP][PASSED] - orPath_Landing = "Object Repository/RAD_Pages/Landing_Page": null

2023-12-20 12:49:58 - [TEST_STEP][PASSED] - orPath_TaxTypeFilingYear = "Object Repository/RAD_Pages/TaxTypeFilingYear_Page": null

2023-12-20 12:49:58 - [TEST_STEP][PASSED] - orPath_TaxPayer = "Object Repository/RAD_Pages/Taxpayer_Page": null

2023-12-20 12:49:58 - [TEST_STEP][PASSED] - orPath_AddressContact = "Object Repository/RAD_Pages/AddressAndContactInfo_Page": null

2023-12-20 12:49:58 - [TEST_STEP][PASSED] - orPath_FilingStatus = "Object Repository/RAD_Pages/FilingStatus_Page": null

2023-12-20 12:49:58 - [TEST_STEP][PASSED] - orPath_Amount = "Object Repository/RAD_Pages/PaymentAmount_Page": null

2023-12-20 12:49:58 - [TEST_STEP][PASSED] - orPath_TaxInfo = "Object Repository/RAD_Pages/TaxInfo_Page": null

2023-12-20 12:49:58 - [TEST_STEP][PASSED] - orPath_Withholding = "Object Repository/RAD_Pages/Withholding_Page": null

2023-12-20 12:49:58 - [TEST_STEP][PASSED] - orPath_Summary = "Object Repository/RAD_Pages/Summary_Page": null

2023-12-20 12:49:58 - [TEST_STEP][PASSED] - orPath_PaymentReady = "Object Repository/RAD_Pages/PaymentReady_Page": null

2023-12-20 12:49:58 - [TEST_STEP][PASSED] - orPath_PaymentEntry = "Object Repository/RAD_Pages/PaymentEntry_Page": null

2023-12-20 12:49:58 - [TEST_STEP][PASSED] - orPath_PaymentConfirmation = "Object Repository/RAD_Pages/PaymentConfirmation_Page": null

2023-12-20 12:49:58 - [TEST_STEP][PASSED] - orPath_ServiceFeesAccept = "Object Repository/RAD_Pages/ServiceFeeAccept_Page": null

2023-12-20 12:49:58 - [TEST_STEP][PASSED] - selectOptionByLabel(findTestObject(orPath_Landing + "/dd_TaxType"), Taxtype, false): All options with label 'Existing Liability w/Notice Number' are selected in object 'Object Repository/RAD_Pages/Landing_Page/dd_TaxType' 

2023-12-20 12:49:59 - [MESSAGE][PASSED] - All options with label 'Existing Liability w/Notice Number' are selected in object 'Object Repository/RAD_Pages/Landing_Page/dd_TaxType' 

2023-12-20 12:49:59 - [TEST_STEP][PASSED] - delay(1): Delayed 1 second(s)

2023-12-20 12:50:00 - [MESSAGE][PASSED] - Delayed 1 second(s)

2023-12-20 12:50:00 - [TEST_STEP][PASSED] - selectOptionByLabel(findTestObject(orPath_TaxTypeFilingYear + "/select_TaxType_ExistingLiability"), TaxTypeEL, false): All options with label 'Fiduciary Tax' are selected in object 'Object Repository/RAD_Pages/TaxTypeFilingYear_Page/select_TaxType_ExistingLiability' 

2023-12-20 12:50:01 - [MESSAGE][PASSED] - All options with label 'Fiduciary Tax' are selected in object 'Object Repository/RAD_Pages/TaxTypeFilingYear_Page/select_TaxType_ExistingLiability' 

2023-12-20 12:50:01 - [TEST_STEP][PASSED] - setText(findTestObject(orPath_TaxInfo + "/input_NoticeInvoiceNumber"), notInvNumber): Text '0000000000000' is set on object 'Object Repository/RAD_Pages/TaxInfo_Page/input_NoticeInvoiceNumber'

2023-12-20 12:50:02 - [MESSAGE][PASSED] - Text '0000000000000' is set on object 'Object Repository/RAD_Pages/TaxInfo_Page/input_NoticeInvoiceNumber'

2023-12-20 12:50:02 - [TEST_STEP][PASSED] - setText(findTestObject(orPath_TaxInfo + "/input_reTypeNoticeInvoiceNumber"), notInvNumber): Text '0000000000000' is set on object 'Object Repository/RAD_Pages/TaxInfo_Page/input_reTypeNoticeInvoiceNumber'

2023-12-20 12:50:03 - [MESSAGE][PASSED] - Text '0000000000000' is set on object 'Object Repository/RAD_Pages/TaxInfo_Page/input_reTypeNoticeInvoiceNumber'

2023-12-20 12:50:03 - [TEST_STEP][PASSED] - println(notInvNumber): null

2023-12-20 12:50:03 - [TEST_STEP][PASSED] - if (verifyTextPresent(errorMsg, true)): null

2023-12-20 12:50:03 - [MESSAGE][PASSED] - Text 'Notice Number must be 13 digits in length, with a value greater than zero' is present on page  using regular expression

2023-12-20 12:50:03 - [TEST_STEP][PASSED] - println("Error Message is present on the page"): null

2023-12-20 12:50:03 - [TEST_STEP][PASSED] - out.println("Pass Record Number: " + row): null

2023-12-20 12:50:03 - [TEST_STEP][PASSED] - resText = "Pass": null

2023-12-20 12:50:03 - [TEST_STEP][PASSED] - pages.WriteExcel.demoKey(resText, datText, resColumn, datCloumn, fileLoc, nameSheet, row): pages.WriteExcel.demoKey is PASSED

2023-12-20 12:50:03 - [MESSAGE][PASSED] - pages.WriteExcel.demoKey is PASSED

2023-12-20 12:50:03 - [TEST_STEP][PASSED] - ExecuteTC = findTestData(dataFile).getValue("Execute", row): null

2023-12-20 12:50:03 - [TEST_STEP][PASSED] - Taxtype = findTestData(dataFile).getValue("TaxType", row): null

2023-12-20 12:50:03 - [TEST_STEP][PASSED] - TaxTypeEL = findTestData(dataFile).getValue("TaxTypeEL", row): null

2023-12-20 12:50:03 - [TEST_STEP][PASSED] - notInvNumber = findTestData(dataFile).getValue("NotiInvoNumber", row): null

2023-12-20 12:50:03 - [TEST_STEP][PASSED] - errorMsg = findTestData(dataFile).getValue("ErrorMessage", row): null

2023-12-20 12:50:03 - [TEST_STEP][PASSED] - out.println("Value of Execute is : " + ExecuteTC): null

2023-12-20 12:50:03 - [TEST_STEP][PASSED] - if (ExecuteTC.equalsIgnoreCase("Y")): null

2023-12-20 12:50:03 - [TEST_STEP][PASSED] - out.println("Begin Record Number: " + row): null

2023-12-20 12:50:03 - [TEST_STEP][PASSED] - today = new java.util.Date(): null

2023-12-20 12:50:03 - [TEST_STEP][PASSED] - println(today): null

2023-12-20 12:50:03 - [TEST_STEP][PASSED] - datText = today: null

2023-12-20 12:50:03 - [TEST_STEP][PASSED] - Taxtype = findTestData(dataFile).getValue("TaxType", row): null

2023-12-20 12:50:04 - [TEST_STEP][PASSED] - out.println("Taxtype value is : " + Taxtype): null

2023-12-20 12:50:04 - [TEST_STEP][PASSED] - openBrowser(""): Browser is opened with url: ''

2023-12-20 12:50:04 - [MESSAGE][WARNING] - A browser is already opened. Closing browser and opening a new one

2023-12-20 12:50:04 - [MESSAGE][INFO] - Starting 'Chrome' driver

2023-12-20 12:50:04 - [MESSAGE][INFO] - User set preference: ['acceptInsecureCerts', 'true']

2023-12-20 12:50:05 - [MESSAGE][INFO] - Action delay is set to 0 milliseconds

2023-12-20 12:50:06 - [MESSAGE][PASSED] - Browser is opened with url: ''

2023-12-20 12:50:06 - [TEST_STEP][PASSED] - maximizeWindow(): Current window maximized

2023-12-20 12:50:06 - [MESSAGE][PASSED] - Current window maximized

2023-12-20 12:50:06 - [TEST_STEP][PASSED] - navigateToUrl(RADurl): Navigate to 'https://qa2.velocitypayment.com/client/rad/index.html' successfully

2023-12-20 12:50:08 - [MESSAGE][PASSED] - Navigate to 'https://qa2.velocitypayment.com/client/rad/index.html' successfully

2023-12-20 12:50:08 - [TEST_STEP][PASSED] - orPath_Landing = "Object Repository/RAD_Pages/Landing_Page": null

2023-12-20 12:50:08 - [TEST_STEP][PASSED] - orPath_TaxTypeFilingYear = "Object Repository/RAD_Pages/TaxTypeFilingYear_Page": null

2023-12-20 12:50:08 - [TEST_STEP][PASSED] - orPath_TaxPayer = "Object Repository/RAD_Pages/Taxpayer_Page": null

2023-12-20 12:50:08 - [TEST_STEP][PASSED] - orPath_AddressContact = "Object Repository/RAD_Pages/AddressAndContactInfo_Page": null

2023-12-20 12:50:08 - [TEST_STEP][PASSED] - orPath_FilingStatus = "Object Repository/RAD_Pages/FilingStatus_Page": null

2023-12-20 12:50:08 - [TEST_STEP][PASSED] - orPath_Amount = "Object Repository/RAD_Pages/PaymentAmount_Page": null

2023-12-20 12:50:08 - [TEST_STEP][PASSED] - orPath_TaxInfo = "Object Repository/RAD_Pages/TaxInfo_Page": null

2023-12-20 12:50:08 - [TEST_STEP][PASSED] - orPath_Withholding = "Object Repository/RAD_Pages/Withholding_Page": null

2023-12-20 12:50:08 - [TEST_STEP][PASSED] - orPath_Summary = "Object Repository/RAD_Pages/Summary_Page": null

2023-12-20 12:50:08 - [TEST_STEP][PASSED] - orPath_PaymentReady = "Object Repository/RAD_Pages/PaymentReady_Page": null

2023-12-20 12:50:08 - [TEST_STEP][PASSED] - orPath_PaymentEntry = "Object Repository/RAD_Pages/PaymentEntry_Page": null

2023-12-20 12:50:08 - [TEST_STEP][PASSED] - orPath_PaymentConfirmation = "Object Repository/RAD_Pages/PaymentConfirmation_Page": null

2023-12-20 12:50:08 - [TEST_STEP][PASSED] - orPath_ServiceFeesAccept = "Object Repository/RAD_Pages/ServiceFeeAccept_Page": null

2023-12-20 12:50:08 - [TEST_STEP][PASSED] - selectOptionByLabel(findTestObject(orPath_Landing + "/dd_TaxType"), Taxtype, false): All options with label 'Existing Liability w/Notice Number' are selected in object 'Object Repository/RAD_Pages/Landing_Page/dd_TaxType' 

2023-12-20 12:50:09 - [MESSAGE][PASSED] - All options with label 'Existing Liability w/Notice Number' are selected in object 'Object Repository/RAD_Pages/Landing_Page/dd_TaxType' 

2023-12-20 12:50:09 - [TEST_STEP][PASSED] - delay(1): Delayed 1 second(s)

2023-12-20 12:50:10 - [MESSAGE][PASSED] - Delayed 1 second(s)

2023-12-20 12:50:10 - [TEST_STEP][PASSED] - selectOptionByLabel(findTestObject(orPath_TaxTypeFilingYear + "/select_TaxType_ExistingLiability"), TaxTypeEL, false): All options with label 'Personal Income Tax' are selected in object 'Object Repository/RAD_Pages/TaxTypeFilingYear_Page/select_TaxType_ExistingLiability' 

2023-12-20 12:50:10 - [MESSAGE][PASSED] - All options with label 'Personal Income Tax' are selected in object 'Object Repository/RAD_Pages/TaxTypeFilingYear_Page/select_TaxType_ExistingLiability' 

2023-12-20 12:50:10 - [TEST_STEP][PASSED] - setText(findTestObject(orPath_TaxInfo + "/input_NoticeInvoiceNumber"), notInvNumber): Text '0000000000000' is set on object 'Object Repository/RAD_Pages/TaxInfo_Page/input_NoticeInvoiceNumber'

2023-12-20 12:50:11 - [MESSAGE][PASSED] - Text '0000000000000' is set on object 'Object Repository/RAD_Pages/TaxInfo_Page/input_NoticeInvoiceNumber'

2023-12-20 12:50:11 - [TEST_STEP][PASSED] - setText(findTestObject(orPath_TaxInfo + "/input_reTypeNoticeInvoiceNumber"), notInvNumber): Text '0000000000000' is set on object 'Object Repository/RAD_Pages/TaxInfo_Page/input_reTypeNoticeInvoiceNumber'

2023-12-20 12:50:12 - [MESSAGE][PASSED] - Text '0000000000000' is set on object 'Object Repository/RAD_Pages/TaxInfo_Page/input_reTypeNoticeInvoiceNumber'

2023-12-20 12:50:12 - [TEST_STEP][PASSED] - println(notInvNumber): null

2023-12-20 12:50:12 - [TEST_STEP][PASSED] - if (verifyTextPresent(errorMsg, true)): null

2023-12-20 12:50:13 - [MESSAGE][PASSED] - Text 'Notice Number must be 13 digits in length, with a value greater than zero' is present on page  using regular expression

2023-12-20 12:50:13 - [TEST_STEP][PASSED] - println("Error Message is present on the page"): null

2023-12-20 12:50:13 - [TEST_STEP][PASSED] - out.println("Pass Record Number: " + row): null

2023-12-20 12:50:13 - [TEST_STEP][PASSED] - resText = "Pass": null

2023-12-20 12:50:13 - [TEST_STEP][PASSED] - pages.WriteExcel.demoKey(resText, datText, resColumn, datCloumn, fileLoc, nameSheet, row): pages.WriteExcel.demoKey is PASSED

2023-12-20 12:50:13 - [MESSAGE][PASSED] - pages.WriteExcel.demoKey is PASSED

2023-12-20 12:50:13 - [TEST_STEP][PASSED] - ExecuteTC = findTestData(dataFile).getValue("Execute", row): null

2023-12-20 12:50:13 - [TEST_STEP][PASSED] - Taxtype = findTestData(dataFile).getValue("TaxType", row): null

2023-12-20 12:50:13 - [TEST_STEP][PASSED] - TaxTypeEL = findTestData(dataFile).getValue("TaxTypeEL", row): null

2023-12-20 12:50:13 - [TEST_STEP][PASSED] - notInvNumber = findTestData(dataFile).getValue("NotiInvoNumber", row): null

2023-12-20 12:50:13 - [TEST_STEP][PASSED] - errorMsg = findTestData(dataFile).getValue("ErrorMessage", row): null

2023-12-20 12:50:13 - [TEST_STEP][PASSED] - out.println("Value of Execute is : " + ExecuteTC): null

2023-12-20 12:50:13 - [TEST_STEP][PASSED] - if (ExecuteTC.equalsIgnoreCase("Y")): null

2023-12-20 12:50:13 - [TEST_STEP][PASSED] - out.println("Begin Record Number: " + row): null

2023-12-20 12:50:13 - [TEST_STEP][PASSED] - today = new java.util.Date(): null

2023-12-20 12:50:13 - [TEST_STEP][PASSED] - println(today): null

2023-12-20 12:50:13 - [TEST_STEP][PASSED] - datText = today: null

2023-12-20 12:50:13 - [TEST_STEP][PASSED] - Taxtype = findTestData(dataFile).getValue("TaxType", row): null

2023-12-20 12:50:13 - [TEST_STEP][PASSED] - out.println("Taxtype value is : " + Taxtype): null

2023-12-20 12:50:13 - [TEST_STEP][PASSED] - openBrowser(""): Browser is opened with url: ''

2023-12-20 12:50:13 - [MESSAGE][WARNING] - A browser is already opened. Closing browser and opening a new one

2023-12-20 12:50:14 - [MESSAGE][INFO] - Starting 'Chrome' driver

2023-12-20 12:50:14 - [MESSAGE][INFO] - User set preference: ['acceptInsecureCerts', 'true']

2023-12-20 12:50:14 - [MESSAGE][INFO] - Action delay is set to 0 milliseconds

2023-12-20 12:50:16 - [MESSAGE][PASSED] - Browser is opened with url: ''

2023-12-20 12:50:16 - [TEST_STEP][PASSED] - maximizeWindow(): Current window maximized

2023-12-20 12:50:16 - [MESSAGE][PASSED] - Current window maximized

2023-12-20 12:50:16 - [TEST_STEP][PASSED] - navigateToUrl(RADurl): Navigate to 'https://qa2.velocitypayment.com/client/rad/index.html' successfully

2023-12-20 12:50:18 - [MESSAGE][PASSED] - Navigate to 'https://qa2.velocitypayment.com/client/rad/index.html' successfully

2023-12-20 12:50:18 - [TEST_STEP][PASSED] - orPath_Landing = "Object Repository/RAD_Pages/Landing_Page": null

2023-12-20 12:50:18 - [TEST_STEP][PASSED] - orPath_TaxTypeFilingYear = "Object Repository/RAD_Pages/TaxTypeFilingYear_Page": null

2023-12-20 12:50:18 - [TEST_STEP][PASSED] - orPath_TaxPayer = "Object Repository/RAD_Pages/Taxpayer_Page": null

2023-12-20 12:50:18 - [TEST_STEP][PASSED] - orPath_AddressContact = "Object Repository/RAD_Pages/AddressAndContactInfo_Page": null

2023-12-20 12:50:18 - [TEST_STEP][PASSED] - orPath_FilingStatus = "Object Repository/RAD_Pages/FilingStatus_Page": null

2023-12-20 12:50:18 - [TEST_STEP][PASSED] - orPath_Amount = "Object Repository/RAD_Pages/PaymentAmount_Page": null

2023-12-20 12:50:18 - [TEST_STEP][PASSED] - orPath_TaxInfo = "Object Repository/RAD_Pages/TaxInfo_Page": null

2023-12-20 12:50:18 - [TEST_STEP][PASSED] - orPath_Withholding = "Object Repository/RAD_Pages/Withholding_Page": null

2023-12-20 12:50:18 - [TEST_STEP][PASSED] - orPath_Summary = "Object Repository/RAD_Pages/Summary_Page": null

2023-12-20 12:50:18 - [TEST_STEP][PASSED] - orPath_PaymentReady = "Object Repository/RAD_Pages/PaymentReady_Page": null

2023-12-20 12:50:18 - [TEST_STEP][PASSED] - orPath_PaymentEntry = "Object Repository/RAD_Pages/PaymentEntry_Page": null

2023-12-20 12:50:18 - [TEST_STEP][PASSED] - orPath_PaymentConfirmation = "Object Repository/RAD_Pages/PaymentConfirmation_Page": null

2023-12-20 12:50:18 - [TEST_STEP][PASSED] - orPath_ServiceFeesAccept = "Object Repository/RAD_Pages/ServiceFeeAccept_Page": null

2023-12-20 12:50:18 - [TEST_STEP][PASSED] - selectOptionByLabel(findTestObject(orPath_Landing + "/dd_TaxType"), Taxtype, false): All options with label 'Existing Liability w/Notice Number' are selected in object 'Object Repository/RAD_Pages/Landing_Page/dd_TaxType' 

2023-12-20 12:50:18 - [MESSAGE][PASSED] - All options with label 'Existing Liability w/Notice Number' are selected in object 'Object Repository/RAD_Pages/Landing_Page/dd_TaxType' 

2023-12-20 12:50:18 - [TEST_STEP][PASSED] - delay(1): Delayed 1 second(s)

2023-12-20 12:50:19 - [MESSAGE][PASSED] - Delayed 1 second(s)

2023-12-20 12:50:19 - [TEST_STEP][PASSED] - selectOptionByLabel(findTestObject(orPath_TaxTypeFilingYear + "/select_TaxType_ExistingLiability"), TaxTypeEL, false): All options with label 'PTE Non-Electing Non-S Corp' are selected in object 'Object Repository/RAD_Pages/TaxTypeFilingYear_Page/select_TaxType_ExistingLiability' 

2023-12-20 12:50:20 - [MESSAGE][PASSED] - All options with label 'PTE Non-Electing Non-S Corp' are selected in object 'Object Repository/RAD_Pages/TaxTypeFilingYear_Page/select_TaxType_ExistingLiability' 

2023-12-20 12:50:20 - [TEST_STEP][PASSED] - setText(findTestObject(orPath_TaxInfo + "/input_NoticeInvoiceNumber"), notInvNumber): Text '0000000000000' is set on object 'Object Repository/RAD_Pages/TaxInfo_Page/input_NoticeInvoiceNumber'

2023-12-20 12:50:21 - [MESSAGE][PASSED] - Text '0000000000000' is set on object 'Object Repository/RAD_Pages/TaxInfo_Page/input_NoticeInvoiceNumber'

2023-12-20 12:50:21 - [TEST_STEP][PASSED] - setText(findTestObject(orPath_TaxInfo + "/input_reTypeNoticeInvoiceNumber"), notInvNumber): Text '0000000000000' is set on object 'Object Repository/RAD_Pages/TaxInfo_Page/input_reTypeNoticeInvoiceNumber'

2023-12-20 12:50:22 - [MESSAGE][PASSED] - Text '0000000000000' is set on object 'Object Repository/RAD_Pages/TaxInfo_Page/input_reTypeNoticeInvoiceNumber'

2023-12-20 12:50:22 - [TEST_STEP][PASSED] - println(notInvNumber): null

2023-12-20 12:50:22 - [TEST_STEP][PASSED] - if (verifyTextPresent(errorMsg, true)): null

2023-12-20 12:50:22 - [MESSAGE][PASSED] - Text 'Notice Number must be 13 digits in length, with a value greater than zero' is present on page  using regular expression

2023-12-20 12:50:22 - [TEST_STEP][PASSED] - println("Error Message is present on the page"): null

2023-12-20 12:50:22 - [TEST_STEP][PASSED] - out.println("Pass Record Number: " + row): null

2023-12-20 12:50:22 - [TEST_STEP][PASSED] - resText = "Pass": null

2023-12-20 12:50:22 - [TEST_STEP][PASSED] - pages.WriteExcel.demoKey(resText, datText, resColumn, datCloumn, fileLoc, nameSheet, row): pages.WriteExcel.demoKey is PASSED

2023-12-20 12:50:22 - [MESSAGE][PASSED] - pages.WriteExcel.demoKey is PASSED

2023-12-20 12:50:22 - [TEST_STEP][PASSED] - ExecuteTC = findTestData(dataFile).getValue("Execute", row): null

2023-12-20 12:50:22 - [TEST_STEP][PASSED] - Taxtype = findTestData(dataFile).getValue("TaxType", row): null

2023-12-20 12:50:22 - [TEST_STEP][PASSED] - TaxTypeEL = findTestData(dataFile).getValue("TaxTypeEL", row): null

2023-12-20 12:50:22 - [TEST_STEP][PASSED] - notInvNumber = findTestData(dataFile).getValue("NotiInvoNumber", row): null

2023-12-20 12:50:22 - [TEST_STEP][PASSED] - errorMsg = findTestData(dataFile).getValue("ErrorMessage", row): null

2023-12-20 12:50:22 - [TEST_STEP][PASSED] - out.println("Value of Execute is : " + ExecuteTC): null

2023-12-20 12:50:22 - [TEST_STEP][PASSED] - if (ExecuteTC.equalsIgnoreCase("Y")): null

2023-12-20 12:50:22 - [TEST_STEP][PASSED] - out.println("Begin Record Number: " + row): null

2023-12-20 12:50:22 - [TEST_STEP][PASSED] - today = new java.util.Date(): null

2023-12-20 12:50:22 - [TEST_STEP][PASSED] - println(today): null

2023-12-20 12:50:23 - [TEST_STEP][PASSED] - datText = today: null

2023-12-20 12:50:23 - [TEST_STEP][PASSED] - Taxtype = findTestData(dataFile).getValue("TaxType", row): null

2023-12-20 12:50:23 - [TEST_STEP][PASSED] - out.println("Taxtype value is : " + Taxtype): null

2023-12-20 12:50:23 - [TEST_STEP][PASSED] - openBrowser(""): Browser is opened with url: ''

2023-12-20 12:50:23 - [MESSAGE][WARNING] - A browser is already opened. Closing browser and opening a new one

2023-12-20 12:50:24 - [MESSAGE][INFO] - Starting 'Chrome' driver

2023-12-20 12:50:24 - [MESSAGE][INFO] - User set preference: ['acceptInsecureCerts', 'true']

2023-12-20 12:50:24 - [MESSAGE][INFO] - Action delay is set to 0 milliseconds

2023-12-20 12:50:25 - [MESSAGE][PASSED] - Browser is opened with url: ''

2023-12-20 12:50:25 - [TEST_STEP][PASSED] - maximizeWindow(): Current window maximized

2023-12-20 12:50:25 - [MESSAGE][PASSED] - Current window maximized

2023-12-20 12:50:25 - [TEST_STEP][PASSED] - navigateToUrl(RADurl): Navigate to 'https://qa2.velocitypayment.com/client/rad/index.html' successfully

2023-12-20 12:50:27 - [MESSAGE][PASSED] - Navigate to 'https://qa2.velocitypayment.com/client/rad/index.html' successfully

2023-12-20 12:50:27 - [TEST_STEP][PASSED] - orPath_Landing = "Object Repository/RAD_Pages/Landing_Page": null

2023-12-20 12:50:27 - [TEST_STEP][PASSED] - orPath_TaxTypeFilingYear = "Object Repository/RAD_Pages/TaxTypeFilingYear_Page": null

2023-12-20 12:50:27 - [TEST_STEP][PASSED] - orPath_TaxPayer = "Object Repository/RAD_Pages/Taxpayer_Page": null

2023-12-20 12:50:27 - [TEST_STEP][PASSED] - orPath_AddressContact = "Object Repository/RAD_Pages/AddressAndContactInfo_Page": null

2023-12-20 12:50:27 - [TEST_STEP][PASSED] - orPath_FilingStatus = "Object Repository/RAD_Pages/FilingStatus_Page": null

2023-12-20 12:50:27 - [TEST_STEP][PASSED] - orPath_Amount = "Object Repository/RAD_Pages/PaymentAmount_Page": null

2023-12-20 12:50:27 - [TEST_STEP][PASSED] - orPath_TaxInfo = "Object Repository/RAD_Pages/TaxInfo_Page": null

2023-12-20 12:50:27 - [TEST_STEP][PASSED] - orPath_Withholding = "Object Repository/RAD_Pages/Withholding_Page": null

2023-12-20 12:50:27 - [TEST_STEP][PASSED] - orPath_Summary = "Object Repository/RAD_Pages/Summary_Page": null

2023-12-20 12:50:27 - [TEST_STEP][PASSED] - orPath_PaymentReady = "Object Repository/RAD_Pages/PaymentReady_Page": null

2023-12-20 12:50:27 - [TEST_STEP][PASSED] - orPath_PaymentEntry = "Object Repository/RAD_Pages/PaymentEntry_Page": null

2023-12-20 12:50:27 - [TEST_STEP][PASSED] - orPath_PaymentConfirmation = "Object Repository/RAD_Pages/PaymentConfirmation_Page": null

2023-12-20 12:50:27 - [TEST_STEP][PASSED] - orPath_ServiceFeesAccept = "Object Repository/RAD_Pages/ServiceFeeAccept_Page": null

2023-12-20 12:50:27 - [TEST_STEP][PASSED] - selectOptionByLabel(findTestObject(orPath_Landing + "/dd_TaxType"), Taxtype, false): All options with label 'Existing Liability w/Notice Number' are selected in object 'Object Repository/RAD_Pages/Landing_Page/dd_TaxType' 

2023-12-20 12:50:27 - [MESSAGE][PASSED] - All options with label 'Existing Liability w/Notice Number' are selected in object 'Object Repository/RAD_Pages/Landing_Page/dd_TaxType' 

2023-12-20 12:50:27 - [TEST_STEP][PASSED] - delay(1): Delayed 1 second(s)

2023-12-20 12:50:28 - [MESSAGE][PASSED] - Delayed 1 second(s)

2023-12-20 12:50:28 - [TEST_STEP][PASSED] - selectOptionByLabel(findTestObject(orPath_TaxTypeFilingYear + "/select_TaxType_ExistingLiability"), TaxTypeEL, false): All options with label 'PTE Non-Electing S Corp' are selected in object 'Object Repository/RAD_Pages/TaxTypeFilingYear_Page/select_TaxType_ExistingLiability' 

2023-12-20 12:50:29 - [MESSAGE][PASSED] - All options with label 'PTE Non-Electing S Corp' are selected in object 'Object Repository/RAD_Pages/TaxTypeFilingYear_Page/select_TaxType_ExistingLiability' 

2023-12-20 12:50:29 - [TEST_STEP][PASSED] - setText(findTestObject(orPath_TaxInfo + "/input_NoticeInvoiceNumber"), notInvNumber): Text '0000000000000' is set on object 'Object Repository/RAD_Pages/TaxInfo_Page/input_NoticeInvoiceNumber'

2023-12-20 12:50:30 - [MESSAGE][PASSED] - Text '0000000000000' is set on object 'Object Repository/RAD_Pages/TaxInfo_Page/input_NoticeInvoiceNumber'

2023-12-20 12:50:30 - [TEST_STEP][PASSED] - setText(findTestObject(orPath_TaxInfo + "/input_reTypeNoticeInvoiceNumber"), notInvNumber): Text '0000000000000' is set on object 'Object Repository/RAD_Pages/TaxInfo_Page/input_reTypeNoticeInvoiceNumber'

2023-12-20 12:50:31 - [MESSAGE][PASSED] - Text '0000000000000' is set on object 'Object Repository/RAD_Pages/TaxInfo_Page/input_reTypeNoticeInvoiceNumber'

2023-12-20 12:50:31 - [TEST_STEP][PASSED] - println(notInvNumber): null

2023-12-20 12:50:31 - [TEST_STEP][PASSED] - if (verifyTextPresent(errorMsg, true)): null

2023-12-20 12:50:32 - [MESSAGE][PASSED] - Text 'Notice Number must be 13 digits in length, with a value greater than zero' is present on page  using regular expression

2023-12-20 12:50:32 - [TEST_STEP][PASSED] - println("Error Message is present on the page"): null

2023-12-20 12:50:32 - [TEST_STEP][PASSED] - out.println("Pass Record Number: " + row): null

2023-12-20 12:50:32 - [TEST_STEP][PASSED] - resText = "Pass": null

2023-12-20 12:50:32 - [TEST_STEP][PASSED] - pages.WriteExcel.demoKey(resText, datText, resColumn, datCloumn, fileLoc, nameSheet, row): pages.WriteExcel.demoKey is PASSED

2023-12-20 12:50:32 - [MESSAGE][PASSED] - pages.WriteExcel.demoKey is PASSED

2023-12-20 12:50:32 - [TEST_STEP][PASSED] - ExecuteTC = findTestData(dataFile).getValue("Execute", row): null

2023-12-20 12:50:32 - [TEST_STEP][PASSED] - Taxtype = findTestData(dataFile).getValue("TaxType", row): null

2023-12-20 12:50:32 - [TEST_STEP][PASSED] - TaxTypeEL = findTestData(dataFile).getValue("TaxTypeEL", row): null

2023-12-20 12:50:32 - [TEST_STEP][PASSED] - notInvNumber = findTestData(dataFile).getValue("NotiInvoNumber", row): null

2023-12-20 12:50:32 - [TEST_STEP][PASSED] - errorMsg = findTestData(dataFile).getValue("ErrorMessage", row): null

2023-12-20 12:50:32 - [TEST_STEP][PASSED] - out.println("Value of Execute is : " + ExecuteTC): null

2023-12-20 12:50:32 - [TEST_STEP][PASSED] - if (ExecuteTC.equalsIgnoreCase("Y")): null

2023-12-20 12:50:32 - [TEST_STEP][PASSED] - out.println("Begin Record Number: " + row): null

2023-12-20 12:50:32 - [TEST_STEP][PASSED] - today = new java.util.Date(): null

2023-12-20 12:50:32 - [TEST_STEP][PASSED] - println(today): null

2023-12-20 12:50:32 - [TEST_STEP][PASSED] - datText = today: null

2023-12-20 12:50:32 - [TEST_STEP][PASSED] - Taxtype = findTestData(dataFile).getValue("TaxType", row): null

2023-12-20 12:50:32 - [TEST_STEP][PASSED] - out.println("Taxtype value is : " + Taxtype): null

2023-12-20 12:50:32 - [TEST_STEP][PASSED] - openBrowser(""): Browser is opened with url: ''

2023-12-20 12:50:32 - [MESSAGE][WARNING] - A browser is already opened. Closing browser and opening a new one

2023-12-20 12:50:33 - [MESSAGE][INFO] - Starting 'Chrome' driver

2023-12-20 12:50:33 - [MESSAGE][INFO] - User set preference: ['acceptInsecureCerts', 'true']

2023-12-20 12:50:33 - [MESSAGE][INFO] - Action delay is set to 0 milliseconds

2023-12-20 12:50:35 - [MESSAGE][PASSED] - Browser is opened with url: ''

2023-12-20 12:50:35 - [TEST_STEP][PASSED] - maximizeWindow(): Current window maximized

2023-12-20 12:50:35 - [MESSAGE][PASSED] - Current window maximized

2023-12-20 12:50:35 - [TEST_STEP][PASSED] - navigateToUrl(RADurl): Navigate to 'https://qa2.velocitypayment.com/client/rad/index.html' successfully

2023-12-20 12:50:35 - [MESSAGE][PASSED] - Navigate to 'https://qa2.velocitypayment.com/client/rad/index.html' successfully

2023-12-20 12:50:35 - [TEST_STEP][PASSED] - orPath_Landing = "Object Repository/RAD_Pages/Landing_Page": null

2023-12-20 12:50:35 - [TEST_STEP][PASSED] - orPath_TaxTypeFilingYear = "Object Repository/RAD_Pages/TaxTypeFilingYear_Page": null

2023-12-20 12:50:35 - [TEST_STEP][PASSED] - orPath_TaxPayer = "Object Repository/RAD_Pages/Taxpayer_Page": null

2023-12-20 12:50:35 - [TEST_STEP][PASSED] - orPath_AddressContact = "Object Repository/RAD_Pages/AddressAndContactInfo_Page": null

2023-12-20 12:50:35 - [TEST_STEP][PASSED] - orPath_FilingStatus = "Object Repository/RAD_Pages/FilingStatus_Page": null

2023-12-20 12:50:35 - [TEST_STEP][PASSED] - orPath_Amount = "Object Repository/RAD_Pages/PaymentAmount_Page": null

2023-12-20 12:50:35 - [TEST_STEP][PASSED] - orPath_TaxInfo = "Object Repository/RAD_Pages/TaxInfo_Page": null

2023-12-20 12:50:35 - [TEST_STEP][PASSED] - orPath_Withholding = "Object Repository/RAD_Pages/Withholding_Page": null

2023-12-20 12:50:35 - [TEST_STEP][PASSED] - orPath_Summary = "Object Repository/RAD_Pages/Summary_Page": null

2023-12-20 12:50:35 - [TEST_STEP][PASSED] - orPath_PaymentReady = "Object Repository/RAD_Pages/PaymentReady_Page": null

2023-12-20 12:50:35 - [TEST_STEP][PASSED] - orPath_PaymentEntry = "Object Repository/RAD_Pages/PaymentEntry_Page": null

2023-12-20 12:50:35 - [TEST_STEP][PASSED] - orPath_PaymentConfirmation = "Object Repository/RAD_Pages/PaymentConfirmation_Page": null

2023-12-20 12:50:35 - [TEST_STEP][PASSED] - orPath_ServiceFeesAccept = "Object Repository/RAD_Pages/ServiceFeeAccept_Page": null

2023-12-20 12:50:35 - [TEST_STEP][PASSED] - selectOptionByLabel(findTestObject(orPath_Landing + "/dd_TaxType"), Taxtype, false): All options with label 'Existing Liability w/Notice Number' are selected in object 'Object Repository/RAD_Pages/Landing_Page/dd_TaxType' 

2023-12-20 12:50:37 - [MESSAGE][PASSED] - All options with label 'Existing Liability w/Notice Number' are selected in object 'Object Repository/RAD_Pages/Landing_Page/dd_TaxType' 

2023-12-20 12:50:37 - [TEST_STEP][PASSED] - delay(1): Delayed 1 second(s)

2023-12-20 12:50:38 - [MESSAGE][PASSED] - Delayed 1 second(s)

2023-12-20 12:50:38 - [TEST_STEP][PASSED] - selectOptionByLabel(findTestObject(orPath_TaxTypeFilingYear + "/select_TaxType_ExistingLiability"), TaxTypeEL, false): All options with label 'Sales & Use Tax' are selected in object 'Object Repository/RAD_Pages/TaxTypeFilingYear_Page/select_TaxType_ExistingLiability' 

2023-12-20 12:50:39 - [MESSAGE][PASSED] - All options with label 'Sales & Use Tax' are selected in object 'Object Repository/RAD_Pages/TaxTypeFilingYear_Page/select_TaxType_ExistingLiability' 

2023-12-20 12:50:39 - [TEST_STEP][PASSED] - setText(findTestObject(orPath_TaxInfo + "/input_NoticeInvoiceNumber"), notInvNumber): Text '0000000000000' is set on object 'Object Repository/RAD_Pages/TaxInfo_Page/input_NoticeInvoiceNumber'

2023-12-20 12:50:40 - [MESSAGE][PASSED] - Text '0000000000000' is set on object 'Object Repository/RAD_Pages/TaxInfo_Page/input_NoticeInvoiceNumber'

2023-12-20 12:50:40 - [TEST_STEP][PASSED] - setText(findTestObject(orPath_TaxInfo + "/input_reTypeNoticeInvoiceNumber"), notInvNumber): Text '0000000000000' is set on object 'Object Repository/RAD_Pages/TaxInfo_Page/input_reTypeNoticeInvoiceNumber'

2023-12-20 12:50:41 - [MESSAGE][PASSED] - Text '0000000000000' is set on object 'Object Repository/RAD_Pages/TaxInfo_Page/input_reTypeNoticeInvoiceNumber'

2023-12-20 12:50:41 - [TEST_STEP][PASSED] - println(notInvNumber): null

2023-12-20 12:50:41 - [TEST_STEP][PASSED] - if (verifyTextPresent(errorMsg, true)): null

2023-12-20 12:50:41 - [MESSAGE][PASSED] - Text 'Notice Number must be 13 digits in length, with a value greater than zero' is present on page  using regular expression

2023-12-20 12:50:41 - [TEST_STEP][PASSED] - println("Error Message is present on the page"): null

2023-12-20 12:50:41 - [TEST_STEP][PASSED] - out.println("Pass Record Number: " + row): null

2023-12-20 12:50:41 - [TEST_STEP][PASSED] - resText = "Pass": null

2023-12-20 12:50:41 - [TEST_STEP][PASSED] - pages.WriteExcel.demoKey(resText, datText, resColumn, datCloumn, fileLoc, nameSheet, row): pages.WriteExcel.demoKey is PASSED

2023-12-20 12:50:42 - [MESSAGE][PASSED] - pages.WriteExcel.demoKey is PASSED

2023-12-20 12:50:42 - [TEST_STEP][PASSED] - ExecuteTC = findTestData(dataFile).getValue("Execute", row): null

2023-12-20 12:50:42 - [TEST_STEP][PASSED] - Taxtype = findTestData(dataFile).getValue("TaxType", row): null

2023-12-20 12:50:42 - [TEST_STEP][PASSED] - TaxTypeEL = findTestData(dataFile).getValue("TaxTypeEL", row): null

2023-12-20 12:50:42 - [TEST_STEP][PASSED] - notInvNumber = findTestData(dataFile).getValue("NotiInvoNumber", row): null

2023-12-20 12:50:42 - [TEST_STEP][PASSED] - errorMsg = findTestData(dataFile).getValue("ErrorMessage", row): null

2023-12-20 12:50:42 - [TEST_STEP][PASSED] - out.println("Value of Execute is : " + ExecuteTC): null

2023-12-20 12:50:42 - [TEST_STEP][PASSED] - if (ExecuteTC.equalsIgnoreCase("Y")): null

2023-12-20 12:50:42 - [TEST_STEP][PASSED] - out.println("Begin Record Number: " + row): null

2023-12-20 12:50:42 - [TEST_STEP][PASSED] - today = new java.util.Date(): null

2023-12-20 12:50:42 - [TEST_STEP][PASSED] - println(today): null

2023-12-20 12:50:42 - [TEST_STEP][PASSED] - datText = today: null

2023-12-20 12:50:42 - [TEST_STEP][PASSED] - Taxtype = findTestData(dataFile).getValue("TaxType", row): null

2023-12-20 12:50:42 - [TEST_STEP][PASSED] - out.println("Taxtype value is : " + Taxtype): null

2023-12-20 12:50:42 - [TEST_STEP][PASSED] - openBrowser(""): Browser is opened with url: ''

2023-12-20 12:50:42 - [MESSAGE][WARNING] - A browser is already opened. Closing browser and opening a new one

2023-12-20 12:50:43 - [MESSAGE][INFO] - Starting 'Chrome' driver

2023-12-20 12:50:43 - [MESSAGE][INFO] - User set preference: ['acceptInsecureCerts', 'true']

2023-12-20 12:50:43 - [MESSAGE][INFO] - Action delay is set to 0 milliseconds

2023-12-20 12:50:44 - [MESSAGE][PASSED] - Browser is opened with url: ''

2023-12-20 12:50:44 - [TEST_STEP][PASSED] - maximizeWindow(): Current window maximized

2023-12-20 12:50:44 - [MESSAGE][PASSED] - Current window maximized

2023-12-20 12:50:44 - [TEST_STEP][PASSED] - navigateToUrl(RADurl): Navigate to 'https://qa2.velocitypayment.com/client/rad/index.html' successfully

2023-12-20 12:50:46 - [MESSAGE][PASSED] - Navigate to 'https://qa2.velocitypayment.com/client/rad/index.html' successfully

2023-12-20 12:50:46 - [TEST_STEP][PASSED] - orPath_Landing = "Object Repository/RAD_Pages/Landing_Page": null

2023-12-20 12:50:46 - [TEST_STEP][PASSED] - orPath_TaxTypeFilingYear = "Object Repository/RAD_Pages/TaxTypeFilingYear_Page": null

2023-12-20 12:50:46 - [TEST_STEP][PASSED] - orPath_TaxPayer = "Object Repository/RAD_Pages/Taxpayer_Page": null

2023-12-20 12:50:46 - [TEST_STEP][PASSED] - orPath_AddressContact = "Object Repository/RAD_Pages/AddressAndContactInfo_Page": null

2023-12-20 12:50:46 - [TEST_STEP][PASSED] - orPath_FilingStatus = "Object Repository/RAD_Pages/FilingStatus_Page": null

2023-12-20 12:50:46 - [TEST_STEP][PASSED] - orPath_Amount = "Object Repository/RAD_Pages/PaymentAmount_Page": null

2023-12-20 12:50:46 - [TEST_STEP][PASSED] - orPath_TaxInfo = "Object Repository/RAD_Pages/TaxInfo_Page": null

2023-12-20 12:50:46 - [TEST_STEP][PASSED] - orPath_Withholding = "Object Repository/RAD_Pages/Withholding_Page": null

2023-12-20 12:50:46 - [TEST_STEP][PASSED] - orPath_Summary = "Object Repository/RAD_Pages/Summary_Page": null

2023-12-20 12:50:46 - [TEST_STEP][PASSED] - orPath_PaymentReady = "Object Repository/RAD_Pages/PaymentReady_Page": null

2023-12-20 12:50:46 - [TEST_STEP][PASSED] - orPath_PaymentEntry = "Object Repository/RAD_Pages/PaymentEntry_Page": null

2023-12-20 12:50:46 - [TEST_STEP][PASSED] - orPath_PaymentConfirmation = "Object Repository/RAD_Pages/PaymentConfirmation_Page": null

2023-12-20 12:50:46 - [TEST_STEP][PASSED] - orPath_ServiceFeesAccept = "Object Repository/RAD_Pages/ServiceFeeAccept_Page": null

2023-12-20 12:50:46 - [TEST_STEP][PASSED] - selectOptionByLabel(findTestObject(orPath_Landing + "/dd_TaxType"), Taxtype, false): All options with label 'Existing Liability w/Notice Number' are selected in object 'Object Repository/RAD_Pages/Landing_Page/dd_TaxType' 

2023-12-20 12:50:47 - [MESSAGE][PASSED] - All options with label 'Existing Liability w/Notice Number' are selected in object 'Object Repository/RAD_Pages/Landing_Page/dd_TaxType' 

2023-12-20 12:50:47 - [TEST_STEP][PASSED] - delay(1): Delayed 1 second(s)

2023-12-20 12:50:48 - [MESSAGE][PASSED] - Delayed 1 second(s)

2023-12-20 12:50:48 - [TEST_STEP][PASSED] - selectOptionByLabel(findTestObject(orPath_TaxTypeFilingYear + "/select_TaxType_ExistingLiability"), TaxTypeEL, false): All options with label 'Tire Recycling Fee' are selected in object 'Object Repository/RAD_Pages/TaxTypeFilingYear_Page/select_TaxType_ExistingLiability' 

2023-12-20 12:50:48 - [MESSAGE][PASSED] - All options with label 'Tire Recycling Fee' are selected in object 'Object Repository/RAD_Pages/TaxTypeFilingYear_Page/select_TaxType_ExistingLiability' 

2023-12-20 12:50:48 - [TEST_STEP][PASSED] - setText(findTestObject(orPath_TaxInfo + "/input_NoticeInvoiceNumber"), notInvNumber): Text '0000000000000' is set on object 'Object Repository/RAD_Pages/TaxInfo_Page/input_NoticeInvoiceNumber'

2023-12-20 12:50:49 - [MESSAGE][PASSED] - Text '0000000000000' is set on object 'Object Repository/RAD_Pages/TaxInfo_Page/input_NoticeInvoiceNumber'

2023-12-20 12:50:49 - [TEST_STEP][PASSED] - setText(findTestObject(orPath_TaxInfo + "/input_reTypeNoticeInvoiceNumber"), notInvNumber): Text '0000000000000' is set on object 'Object Repository/RAD_Pages/TaxInfo_Page/input_reTypeNoticeInvoiceNumber'

2023-12-20 12:50:50 - [MESSAGE][PASSED] - Text '0000000000000' is set on object 'Object Repository/RAD_Pages/TaxInfo_Page/input_reTypeNoticeInvoiceNumber'

2023-12-20 12:50:50 - [TEST_STEP][PASSED] - println(notInvNumber): null

2023-12-20 12:50:50 - [TEST_STEP][PASSED] - if (verifyTextPresent(errorMsg, true)): null

2023-12-20 12:50:51 - [MESSAGE][PASSED] - Text 'Notice Number must be 13 digits in length, with a value greater than zero' is present on page  using regular expression

2023-12-20 12:50:51 - [TEST_STEP][PASSED] - println("Error Message is present on the page"): null

2023-12-20 12:50:51 - [TEST_STEP][PASSED] - out.println("Pass Record Number: " + row): null

2023-12-20 12:50:51 - [TEST_STEP][PASSED] - resText = "Pass": null

2023-12-20 12:50:51 - [TEST_STEP][PASSED] - pages.WriteExcel.demoKey(resText, datText, resColumn, datCloumn, fileLoc, nameSheet, row): pages.WriteExcel.demoKey is PASSED

2023-12-20 12:50:51 - [MESSAGE][PASSED] - pages.WriteExcel.demoKey is PASSED

2023-12-20 12:50:51 - [TEST_STEP][PASSED] - ExecuteTC = findTestData(dataFile).getValue("Execute", row): null

2023-12-20 12:50:51 - [TEST_STEP][PASSED] - Taxtype = findTestData(dataFile).getValue("TaxType", row): null

2023-12-20 12:50:51 - [TEST_STEP][PASSED] - TaxTypeEL = findTestData(dataFile).getValue("TaxTypeEL", row): null

2023-12-20 12:50:51 - [TEST_STEP][PASSED] - notInvNumber = findTestData(dataFile).getValue("NotiInvoNumber", row): null

2023-12-20 12:50:51 - [TEST_STEP][PASSED] - errorMsg = findTestData(dataFile).getValue("ErrorMessage", row): null

2023-12-20 12:50:51 - [TEST_STEP][PASSED] - out.println("Value of Execute is : " + ExecuteTC): null

2023-12-20 12:50:51 - [TEST_STEP][PASSED] - if (ExecuteTC.equalsIgnoreCase("Y")): null

2023-12-20 12:50:51 - [TEST_STEP][PASSED] - out.println("Begin Record Number: " + row): null

2023-12-20 12:50:51 - [TEST_STEP][PASSED] - today = new java.util.Date(): null

2023-12-20 12:50:51 - [TEST_STEP][PASSED] - println(today): null

2023-12-20 12:50:51 - [TEST_STEP][PASSED] - datText = today: null

2023-12-20 12:50:51 - [TEST_STEP][PASSED] - Taxtype = findTestData(dataFile).getValue("TaxType", row): null

2023-12-20 12:50:51 - [TEST_STEP][PASSED] - out.println("Taxtype value is : " + Taxtype): null

2023-12-20 12:50:51 - [TEST_STEP][PASSED] - openBrowser(""): Browser is opened with url: ''

2023-12-20 12:50:51 - [MESSAGE][WARNING] - A browser is already opened. Closing browser and opening a new one

2023-12-20 12:50:52 - [MESSAGE][INFO] - Starting 'Chrome' driver

2023-12-20 12:50:52 - [MESSAGE][INFO] - User set preference: ['acceptInsecureCerts', 'true']

2023-12-20 12:50:52 - [MESSAGE][INFO] - Action delay is set to 0 milliseconds

2023-12-20 12:50:54 - [MESSAGE][PASSED] - Browser is opened with url: ''

2023-12-20 12:50:54 - [TEST_STEP][PASSED] - maximizeWindow(): Current window maximized

2023-12-20 12:50:54 - [MESSAGE][PASSED] - Current window maximized

2023-12-20 12:50:54 - [TEST_STEP][PASSED] - navigateToUrl(RADurl): Navigate to 'https://qa2.velocitypayment.com/client/rad/index.html' successfully

2023-12-20 12:50:56 - [MESSAGE][PASSED] - Navigate to 'https://qa2.velocitypayment.com/client/rad/index.html' successfully

2023-12-20 12:50:56 - [TEST_STEP][PASSED] - orPath_Landing = "Object Repository/RAD_Pages/Landing_Page": null

2023-12-20 12:50:56 - [TEST_STEP][PASSED] - orPath_TaxTypeFilingYear = "Object Repository/RAD_Pages/TaxTypeFilingYear_Page": null

2023-12-20 12:50:56 - [TEST_STEP][PASSED] - orPath_TaxPayer = "Object Repository/RAD_Pages/Taxpayer_Page": null

2023-12-20 12:50:56 - [TEST_STEP][PASSED] - orPath_AddressContact = "Object Repository/RAD_Pages/AddressAndContactInfo_Page": null

2023-12-20 12:50:56 - [TEST_STEP][PASSED] - orPath_FilingStatus = "Object Repository/RAD_Pages/FilingStatus_Page": null

2023-12-20 12:50:56 - [TEST_STEP][PASSED] - orPath_Amount = "Object Repository/RAD_Pages/PaymentAmount_Page": null

2023-12-20 12:50:56 - [TEST_STEP][PASSED] - orPath_TaxInfo = "Object Repository/RAD_Pages/TaxInfo_Page": null

2023-12-20 12:50:56 - [TEST_STEP][PASSED] - orPath_Withholding = "Object Repository/RAD_Pages/Withholding_Page": null

2023-12-20 12:50:56 - [TEST_STEP][PASSED] - orPath_Summary = "Object Repository/RAD_Pages/Summary_Page": null

2023-12-20 12:50:56 - [TEST_STEP][PASSED] - orPath_PaymentReady = "Object Repository/RAD_Pages/PaymentReady_Page": null

2023-12-20 12:50:56 - [TEST_STEP][PASSED] - orPath_PaymentEntry = "Object Repository/RAD_Pages/PaymentEntry_Page": null

2023-12-20 12:50:56 - [TEST_STEP][PASSED] - orPath_PaymentConfirmation = "Object Repository/RAD_Pages/PaymentConfirmation_Page": null

2023-12-20 12:50:56 - [TEST_STEP][PASSED] - orPath_ServiceFeesAccept = "Object Repository/RAD_Pages/ServiceFeeAccept_Page": null

2023-12-20 12:50:56 - [TEST_STEP][PASSED] - selectOptionByLabel(findTestObject(orPath_Landing + "/dd_TaxType"), Taxtype, false): All options with label 'Existing Liability w/Notice Number' are selected in object 'Object Repository/RAD_Pages/Landing_Page/dd_TaxType' 

2023-12-20 12:50:56 - [MESSAGE][PASSED] - All options with label 'Existing Liability w/Notice Number' are selected in object 'Object Repository/RAD_Pages/Landing_Page/dd_TaxType' 

2023-12-20 12:50:56 - [TEST_STEP][PASSED] - delay(1): Delayed 1 second(s)

2023-12-20 12:50:57 - [MESSAGE][PASSED] - Delayed 1 second(s)

2023-12-20 12:50:57 - [TEST_STEP][PASSED] - selectOptionByLabel(findTestObject(orPath_TaxTypeFilingYear + "/select_TaxType_ExistingLiability"), TaxTypeEL, false): All options with label 'Withholding Tax' are selected in object 'Object Repository/RAD_Pages/TaxTypeFilingYear_Page/select_TaxType_ExistingLiability' 

2023-12-20 12:50:58 - [MESSAGE][PASSED] - All options with label 'Withholding Tax' are selected in object 'Object Repository/RAD_Pages/TaxTypeFilingYear_Page/select_TaxType_ExistingLiability' 

2023-12-20 12:50:58 - [TEST_STEP][PASSED] - setText(findTestObject(orPath_TaxInfo + "/input_NoticeInvoiceNumber"), notInvNumber): Text '0000000000000' is set on object 'Object Repository/RAD_Pages/TaxInfo_Page/input_NoticeInvoiceNumber'

2023-12-20 12:50:59 - [MESSAGE][PASSED] - Text '0000000000000' is set on object 'Object Repository/RAD_Pages/TaxInfo_Page/input_NoticeInvoiceNumber'

2023-12-20 12:50:59 - [TEST_STEP][PASSED] - setText(findTestObject(orPath_TaxInfo + "/input_reTypeNoticeInvoiceNumber"), notInvNumber): Text '0000000000000' is set on object 'Object Repository/RAD_Pages/TaxInfo_Page/input_reTypeNoticeInvoiceNumber'

2023-12-20 12:51:00 - [MESSAGE][PASSED] - Text '0000000000000' is set on object 'Object Repository/RAD_Pages/TaxInfo_Page/input_reTypeNoticeInvoiceNumber'

2023-12-20 12:51:00 - [TEST_STEP][PASSED] - println(notInvNumber): null

2023-12-20 12:51:00 - [TEST_STEP][PASSED] - if (verifyTextPresent(errorMsg, true)): null

2023-12-20 12:51:00 - [MESSAGE][PASSED] - Text 'Notice Number must be 13 digits in length, with a value greater than zero' is present on page  using regular expression

2023-12-20 12:51:00 - [TEST_STEP][PASSED] - println("Error Message is present on the page"): null

2023-12-20 12:51:00 - [TEST_STEP][PASSED] - out.println("Pass Record Number: " + row): null

2023-12-20 12:51:00 - [TEST_STEP][PASSED] - resText = "Pass": null

2023-12-20 12:51:00 - [TEST_STEP][PASSED] - pages.WriteExcel.demoKey(resText, datText, resColumn, datCloumn, fileLoc, nameSheet, row): pages.WriteExcel.demoKey is PASSED

2023-12-20 12:51:00 - [MESSAGE][PASSED] - pages.WriteExcel.demoKey is PASSED

2023-12-20 12:51:00 - [TEST_STEP][PASSED] - ExecuteTC = findTestData(dataFile).getValue("Execute", row): null

2023-12-20 12:51:00 - [TEST_STEP][PASSED] - Taxtype = findTestData(dataFile).getValue("TaxType", row): null

2023-12-20 12:51:00 - [TEST_STEP][PASSED] - TaxTypeEL = findTestData(dataFile).getValue("TaxTypeEL", row): null

2023-12-20 12:51:00 - [TEST_STEP][PASSED] - notInvNumber = findTestData(dataFile).getValue("NotiInvoNumber", row): null

2023-12-20 12:51:00 - [TEST_STEP][PASSED] - errorMsg = findTestData(dataFile).getValue("ErrorMessage", row): null

2023-12-20 12:51:01 - [TEST_STEP][PASSED] - out.println("Value of Execute is : " + ExecuteTC): null

2023-12-20 12:51:01 - [TEST_STEP][PASSED] - if (ExecuteTC.equalsIgnoreCase("Y")): null

2023-12-20 12:51:01 - [TEST_STEP][PASSED] - out.println("Begin Record Number: " + row): null

2023-12-20 12:51:01 - [TEST_STEP][PASSED] - today = new java.util.Date(): null

2023-12-20 12:51:01 - [TEST_STEP][PASSED] - println(today): null

2023-12-20 12:51:01 - [TEST_STEP][PASSED] - datText = today: null

2023-12-20 12:51:01 - [TEST_STEP][PASSED] - Taxtype = findTestData(dataFile).getValue("TaxType", row): null

2023-12-20 12:51:01 - [TEST_STEP][PASSED] - out.println("Taxtype value is : " + Taxtype): null

2023-12-20 12:51:01 - [TEST_STEP][PASSED] - openBrowser(""): Browser is opened with url: ''

2023-12-20 12:51:01 - [MESSAGE][WARNING] - A browser is already opened. Closing browser and opening a new one

2023-12-20 12:51:02 - [MESSAGE][INFO] - Starting 'Chrome' driver

2023-12-20 12:51:02 - [MESSAGE][INFO] - User set preference: ['acceptInsecureCerts', 'true']

2023-12-20 12:51:02 - [MESSAGE][INFO] - Action delay is set to 0 milliseconds

2023-12-20 12:51:03 - [MESSAGE][PASSED] - Browser is opened with url: ''

2023-12-20 12:51:03 - [TEST_STEP][PASSED] - maximizeWindow(): Current window maximized

2023-12-20 12:51:03 - [MESSAGE][PASSED] - Current window maximized

2023-12-20 12:51:03 - [TEST_STEP][PASSED] - navigateToUrl(RADurl): Navigate to 'https://qa2.velocitypayment.com/client/rad/index.html' successfully

2023-12-20 12:51:05 - [MESSAGE][PASSED] - Navigate to 'https://qa2.velocitypayment.com/client/rad/index.html' successfully

2023-12-20 12:51:05 - [TEST_STEP][PASSED] - orPath_Landing = "Object Repository/RAD_Pages/Landing_Page": null

2023-12-20 12:51:05 - [TEST_STEP][PASSED] - orPath_TaxTypeFilingYear = "Object Repository/RAD_Pages/TaxTypeFilingYear_Page": null

2023-12-20 12:51:05 - [TEST_STEP][PASSED] - orPath_TaxPayer = "Object Repository/RAD_Pages/Taxpayer_Page": null

2023-12-20 12:51:05 - [TEST_STEP][PASSED] - orPath_AddressContact = "Object Repository/RAD_Pages/AddressAndContactInfo_Page": null

2023-12-20 12:51:05 - [TEST_STEP][PASSED] - orPath_FilingStatus = "Object Repository/RAD_Pages/FilingStatus_Page": null

2023-12-20 12:51:05 - [TEST_STEP][PASSED] - orPath_Amount = "Object Repository/RAD_Pages/PaymentAmount_Page": null

2023-12-20 12:51:05 - [TEST_STEP][PASSED] - orPath_TaxInfo = "Object Repository/RAD_Pages/TaxInfo_Page": null

2023-12-20 12:51:05 - [TEST_STEP][PASSED] - orPath_Withholding = "Object Repository/RAD_Pages/Withholding_Page": null

2023-12-20 12:51:05 - [TEST_STEP][PASSED] - orPath_Summary = "Object Repository/RAD_Pages/Summary_Page": null

2023-12-20 12:51:05 - [TEST_STEP][PASSED] - orPath_PaymentReady = "Object Repository/RAD_Pages/PaymentReady_Page": null

2023-12-20 12:51:05 - [TEST_STEP][PASSED] - orPath_PaymentEntry = "Object Repository/RAD_Pages/PaymentEntry_Page": null

2023-12-20 12:51:05 - [TEST_STEP][PASSED] - orPath_PaymentConfirmation = "Object Repository/RAD_Pages/PaymentConfirmation_Page": null

2023-12-20 12:51:05 - [TEST_STEP][PASSED] - orPath_ServiceFeesAccept = "Object Repository/RAD_Pages/ServiceFeeAccept_Page": null

2023-12-20 12:51:05 - [TEST_STEP][PASSED] - selectOptionByLabel(findTestObject(orPath_Landing + "/dd_TaxType"), Taxtype, false): All options with label 'Existing Liability w/Notice Number' are selected in object 'Object Repository/RAD_Pages/Landing_Page/dd_TaxType' 

2023-12-20 12:51:06 - [MESSAGE][PASSED] - All options with label 'Existing Liability w/Notice Number' are selected in object 'Object Repository/RAD_Pages/Landing_Page/dd_TaxType' 

2023-12-20 12:51:06 - [TEST_STEP][PASSED] - delay(1): Delayed 1 second(s)

2023-12-20 12:51:07 - [MESSAGE][PASSED] - Delayed 1 second(s)

2023-12-20 12:51:07 - [TEST_STEP][PASSED] - selectOptionByLabel(findTestObject(orPath_TaxTypeFilingYear + "/select_TaxType_ExistingLiability"), TaxTypeEL, false): All options with label 'Alcohol Tax' are selected in object 'Object Repository/RAD_Pages/TaxTypeFilingYear_Page/select_TaxType_ExistingLiability' 

2023-12-20 12:51:07 - [MESSAGE][PASSED] - All options with label 'Alcohol Tax' are selected in object 'Object Repository/RAD_Pages/TaxTypeFilingYear_Page/select_TaxType_ExistingLiability' 

2023-12-20 12:51:07 - [TEST_STEP][PASSED] - setText(findTestObject(orPath_TaxInfo + "/input_NoticeInvoiceNumber"), notInvNumber): Text '0000000000000' is set on object 'Object Repository/RAD_Pages/TaxInfo_Page/input_NoticeInvoiceNumber'

2023-12-20 12:51:08 - [MESSAGE][PASSED] - Text '0000000000000' is set on object 'Object Repository/RAD_Pages/TaxInfo_Page/input_NoticeInvoiceNumber'

2023-12-20 12:51:08 - [TEST_STEP][PASSED] - setText(findTestObject(orPath_TaxInfo + "/input_reTypeNoticeInvoiceNumber"), notInvNumber): Text '0000000000000' is set on object 'Object Repository/RAD_Pages/TaxInfo_Page/input_reTypeNoticeInvoiceNumber'

2023-12-20 12:51:09 - [MESSAGE][PASSED] - Text '0000000000000' is set on object 'Object Repository/RAD_Pages/TaxInfo_Page/input_reTypeNoticeInvoiceNumber'

2023-12-20 12:51:09 - [TEST_STEP][PASSED] - println(notInvNumber): null

2023-12-20 12:51:09 - [TEST_STEP][PASSED] - if (verifyTextPresent(errorMsg, true)): null

2023-12-20 12:51:10 - [MESSAGE][PASSED] - Text 'Invoice Number must be 10 or 13 digits in length, with a value greater than zero' is present on page  using regular expression

2023-12-20 12:51:10 - [TEST_STEP][PASSED] - println("Error Message is present on the page"): null

2023-12-20 12:51:10 - [TEST_STEP][PASSED] - out.println("Pass Record Number: " + row): null

2023-12-20 12:51:10 - [TEST_STEP][PASSED] - resText = "Pass": null

2023-12-20 12:51:10 - [TEST_STEP][PASSED] - pages.WriteExcel.demoKey(resText, datText, resColumn, datCloumn, fileLoc, nameSheet, row): pages.WriteExcel.demoKey is PASSED

2023-12-20 12:51:10 - [MESSAGE][PASSED] - pages.WriteExcel.demoKey is PASSED

2023-12-20 12:51:10 - [TEST_STEP][PASSED] - ExecuteTC = findTestData(dataFile).getValue("Execute", row): null

2023-12-20 12:51:10 - [TEST_STEP][PASSED] - Taxtype = findTestData(dataFile).getValue("TaxType", row): null

2023-12-20 12:51:10 - [TEST_STEP][PASSED] - TaxTypeEL = findTestData(dataFile).getValue("TaxTypeEL", row): null

2023-12-20 12:51:10 - [TEST_STEP][PASSED] - notInvNumber = findTestData(dataFile).getValue("NotiInvoNumber", row): null

2023-12-20 12:51:10 - [TEST_STEP][PASSED] - errorMsg = findTestData(dataFile).getValue("ErrorMessage", row): null

2023-12-20 12:51:10 - [TEST_STEP][PASSED] - out.println("Value of Execute is : " + ExecuteTC): null

2023-12-20 12:51:10 - [TEST_STEP][PASSED] - if (ExecuteTC.equalsIgnoreCase("Y")): null

2023-12-20 12:51:10 - [TEST_STEP][PASSED] - out.println("Begin Record Number: " + row): null

2023-12-20 12:51:10 - [TEST_STEP][PASSED] - today = new java.util.Date(): null

2023-12-20 12:51:10 - [TEST_STEP][PASSED] - println(today): null

2023-12-20 12:51:10 - [TEST_STEP][PASSED] - datText = today: null

2023-12-20 12:51:10 - [TEST_STEP][PASSED] - Taxtype = findTestData(dataFile).getValue("TaxType", row): null

2023-12-20 12:51:10 - [TEST_STEP][PASSED] - out.println("Taxtype value is : " + Taxtype): null

2023-12-20 12:51:10 - [TEST_STEP][PASSED] - openBrowser(""): Browser is opened with url: ''

2023-12-20 12:51:10 - [MESSAGE][WARNING] - A browser is already opened. Closing browser and opening a new one

2023-12-20 12:51:11 - [MESSAGE][INFO] - Starting 'Chrome' driver

2023-12-20 12:51:11 - [MESSAGE][INFO] - User set preference: ['acceptInsecureCerts', 'true']

2023-12-20 12:51:11 - [MESSAGE][INFO] - Action delay is set to 0 milliseconds

2023-12-20 12:51:13 - [MESSAGE][PASSED] - Browser is opened with url: ''

2023-12-20 12:51:13 - [TEST_STEP][PASSED] - maximizeWindow(): Current window maximized

2023-12-20 12:51:13 - [MESSAGE][PASSED] - Current window maximized

2023-12-20 12:51:13 - [TEST_STEP][PASSED] - navigateToUrl(RADurl): Navigate to 'https://qa2.velocitypayment.com/client/rad/index.html' successfully

2023-12-20 12:51:15 - [MESSAGE][PASSED] - Navigate to 'https://qa2.velocitypayment.com/client/rad/index.html' successfully

2023-12-20 12:51:15 - [TEST_STEP][PASSED] - orPath_Landing = "Object Repository/RAD_Pages/Landing_Page": null

2023-12-20 12:51:15 - [TEST_STEP][PASSED] - orPath_TaxTypeFilingYear = "Object Repository/RAD_Pages/TaxTypeFilingYear_Page": null

2023-12-20 12:51:15 - [TEST_STEP][PASSED] - orPath_TaxPayer = "Object Repository/RAD_Pages/Taxpayer_Page": null

2023-12-20 12:51:15 - [TEST_STEP][PASSED] - orPath_AddressContact = "Object Repository/RAD_Pages/AddressAndContactInfo_Page": null

2023-12-20 12:51:15 - [TEST_STEP][PASSED] - orPath_FilingStatus = "Object Repository/RAD_Pages/FilingStatus_Page": null

2023-12-20 12:51:15 - [TEST_STEP][PASSED] - orPath_Amount = "Object Repository/RAD_Pages/PaymentAmount_Page": null

2023-12-20 12:51:15 - [TEST_STEP][PASSED] - orPath_TaxInfo = "Object Repository/RAD_Pages/TaxInfo_Page": null

2023-12-20 12:51:15 - [TEST_STEP][PASSED] - orPath_Withholding = "Object Repository/RAD_Pages/Withholding_Page": null

2023-12-20 12:51:15 - [TEST_STEP][PASSED] - orPath_Summary = "Object Repository/RAD_Pages/Summary_Page": null

2023-12-20 12:51:15 - [TEST_STEP][PASSED] - orPath_PaymentReady = "Object Repository/RAD_Pages/PaymentReady_Page": null

2023-12-20 12:51:15 - [TEST_STEP][PASSED] - orPath_PaymentEntry = "Object Repository/RAD_Pages/PaymentEntry_Page": null

2023-12-20 12:51:15 - [TEST_STEP][PASSED] - orPath_PaymentConfirmation = "Object Repository/RAD_Pages/PaymentConfirmation_Page": null

2023-12-20 12:51:15 - [TEST_STEP][PASSED] - orPath_ServiceFeesAccept = "Object Repository/RAD_Pages/ServiceFeeAccept_Page": null

2023-12-20 12:51:15 - [TEST_STEP][PASSED] - selectOptionByLabel(findTestObject(orPath_Landing + "/dd_TaxType"), Taxtype, false): All options with label 'Existing Liability w/Notice Number' are selected in object 'Object Repository/RAD_Pages/Landing_Page/dd_TaxType' 

2023-12-20 12:51:15 - [MESSAGE][PASSED] - All options with label 'Existing Liability w/Notice Number' are selected in object 'Object Repository/RAD_Pages/Landing_Page/dd_TaxType' 

2023-12-20 12:51:15 - [TEST_STEP][PASSED] - delay(1): Delayed 1 second(s)

2023-12-20 12:51:16 - [MESSAGE][PASSED] - Delayed 1 second(s)

2023-12-20 12:51:16 - [TEST_STEP][PASSED] - selectOptionByLabel(findTestObject(orPath_TaxTypeFilingYear + "/select_TaxType_ExistingLiability"), TaxTypeEL, false): All options with label 'Alcohol Tax' are selected in object 'Object Repository/RAD_Pages/TaxTypeFilingYear_Page/select_TaxType_ExistingLiability' 

2023-12-20 12:51:17 - [MESSAGE][PASSED] - All options with label 'Alcohol Tax' are selected in object 'Object Repository/RAD_Pages/TaxTypeFilingYear_Page/select_TaxType_ExistingLiability' 

2023-12-20 12:51:17 - [TEST_STEP][PASSED] - setText(findTestObject(orPath_TaxInfo + "/input_NoticeInvoiceNumber"), notInvNumber): Text '0000000000' is set on object 'Object Repository/RAD_Pages/TaxInfo_Page/input_NoticeInvoiceNumber'

2023-12-20 12:51:18 - [MESSAGE][PASSED] - Text '0000000000' is set on object 'Object Repository/RAD_Pages/TaxInfo_Page/input_NoticeInvoiceNumber'

2023-12-20 12:51:18 - [TEST_STEP][PASSED] - setText(findTestObject(orPath_TaxInfo + "/input_reTypeNoticeInvoiceNumber"), notInvNumber): Text '0000000000' is set on object 'Object Repository/RAD_Pages/TaxInfo_Page/input_reTypeNoticeInvoiceNumber'

2023-12-20 12:51:19 - [MESSAGE][PASSED] - Text '0000000000' is set on object 'Object Repository/RAD_Pages/TaxInfo_Page/input_reTypeNoticeInvoiceNumber'

2023-12-20 12:51:19 - [TEST_STEP][PASSED] - println(notInvNumber): null

2023-12-20 12:51:19 - [TEST_STEP][PASSED] - if (verifyTextPresent(errorMsg, true)): null

2023-12-20 12:51:19 - [MESSAGE][PASSED] - Text 'Invoice Number must be 10 or 13 digits in length, with a value greater than zero' is present on page  using regular expression

2023-12-20 12:51:19 - [TEST_STEP][PASSED] - println("Error Message is present on the page"): null

2023-12-20 12:51:19 - [TEST_STEP][PASSED] - out.println("Pass Record Number: " + row): null

2023-12-20 12:51:19 - [TEST_STEP][PASSED] - resText = "Pass": null

2023-12-20 12:51:19 - [TEST_STEP][PASSED] - pages.WriteExcel.demoKey(resText, datText, resColumn, datCloumn, fileLoc, nameSheet, row): pages.WriteExcel.demoKey is PASSED

2023-12-20 12:51:19 - [MESSAGE][PASSED] - pages.WriteExcel.demoKey is PASSED

2023-12-20 12:51:19 - [TEST_STEP][PASSED] - ExecuteTC = findTestData(dataFile).getValue("Execute", row): null

2023-12-20 12:51:19 - [TEST_STEP][PASSED] - Taxtype = findTestData(dataFile).getValue("TaxType", row): null

2023-12-20 12:51:19 - [TEST_STEP][PASSED] - TaxTypeEL = findTestData(dataFile).getValue("TaxTypeEL", row): null

2023-12-20 12:51:19 - [TEST_STEP][PASSED] - notInvNumber = findTestData(dataFile).getValue("NotiInvoNumber", row): null

2023-12-20 12:51:19 - [TEST_STEP][PASSED] - errorMsg = findTestData(dataFile).getValue("ErrorMessage", row): null

2023-12-20 12:51:20 - [TEST_STEP][PASSED] - out.println("Value of Execute is : " + ExecuteTC): null

2023-12-20 12:51:20 - [TEST_STEP][PASSED] - if (ExecuteTC.equalsIgnoreCase("Y")): null

2023-12-20 12:51:20 - [TEST_STEP][PASSED] - out.println("Begin Record Number: " + row): null

2023-12-20 12:51:20 - [TEST_STEP][PASSED] - today = new java.util.Date(): null

2023-12-20 12:51:20 - [TEST_STEP][PASSED] - println(today): null

2023-12-20 12:51:20 - [TEST_STEP][PASSED] - datText = today: null

2023-12-20 12:51:20 - [TEST_STEP][PASSED] - Taxtype = findTestData(dataFile).getValue("TaxType", row): null

2023-12-20 12:51:20 - [TEST_STEP][PASSED] - out.println("Taxtype value is : " + Taxtype): null

2023-12-20 12:51:20 - [TEST_STEP][PASSED] - openBrowser(""): Browser is opened with url: ''

2023-12-20 12:51:20 - [MESSAGE][WARNING] - A browser is already opened. Closing browser and opening a new one

2023-12-20 12:51:21 - [MESSAGE][INFO] - Starting 'Chrome' driver

2023-12-20 12:51:21 - [MESSAGE][INFO] - User set preference: ['acceptInsecureCerts', 'true']

2023-12-20 12:51:21 - [MESSAGE][INFO] - Action delay is set to 0 milliseconds

2023-12-20 12:51:22 - [MESSAGE][PASSED] - Browser is opened with url: ''

2023-12-20 12:51:22 - [TEST_STEP][PASSED] - maximizeWindow(): Current window maximized

2023-12-20 12:51:22 - [MESSAGE][PASSED] - Current window maximized

2023-12-20 12:51:22 - [TEST_STEP][PASSED] - navigateToUrl(RADurl): Navigate to 'https://qa2.velocitypayment.com/client/rad/index.html' successfully

2023-12-20 12:51:24 - [MESSAGE][PASSED] - Navigate to 'https://qa2.velocitypayment.com/client/rad/index.html' successfully

2023-12-20 12:51:24 - [TEST_STEP][PASSED] - orPath_Landing = "Object Repository/RAD_Pages/Landing_Page": null

2023-12-20 12:51:24 - [TEST_STEP][PASSED] - orPath_TaxTypeFilingYear = "Object Repository/RAD_Pages/TaxTypeFilingYear_Page": null

2023-12-20 12:51:24 - [TEST_STEP][PASSED] - orPath_TaxPayer = "Object Repository/RAD_Pages/Taxpayer_Page": null

2023-12-20 12:51:24 - [TEST_STEP][PASSED] - orPath_AddressContact = "Object Repository/RAD_Pages/AddressAndContactInfo_Page": null

2023-12-20 12:51:24 - [TEST_STEP][PASSED] - orPath_FilingStatus = "Object Repository/RAD_Pages/FilingStatus_Page": null

2023-12-20 12:51:24 - [TEST_STEP][PASSED] - orPath_Amount = "Object Repository/RAD_Pages/PaymentAmount_Page": null

2023-12-20 12:51:24 - [TEST_STEP][PASSED] - orPath_TaxInfo = "Object Repository/RAD_Pages/TaxInfo_Page": null

2023-12-20 12:51:24 - [TEST_STEP][PASSED] - orPath_Withholding = "Object Repository/RAD_Pages/Withholding_Page": null

2023-12-20 12:51:24 - [TEST_STEP][PASSED] - orPath_Summary = "Object Repository/RAD_Pages/Summary_Page": null

2023-12-20 12:51:24 - [TEST_STEP][PASSED] - orPath_PaymentReady = "Object Repository/RAD_Pages/PaymentReady_Page": null

2023-12-20 12:51:24 - [TEST_STEP][PASSED] - orPath_PaymentEntry = "Object Repository/RAD_Pages/PaymentEntry_Page": null

2023-12-20 12:51:24 - [TEST_STEP][PASSED] - orPath_PaymentConfirmation = "Object Repository/RAD_Pages/PaymentConfirmation_Page": null

2023-12-20 12:51:24 - [TEST_STEP][PASSED] - orPath_ServiceFeesAccept = "Object Repository/RAD_Pages/ServiceFeeAccept_Page": null

2023-12-20 12:51:24 - [TEST_STEP][PASSED] - selectOptionByLabel(findTestObject(orPath_Landing + "/dd_TaxType"), Taxtype, false): All options with label 'Existing Liability w/Notice Number' are selected in object 'Object Repository/RAD_Pages/Landing_Page/dd_TaxType' 

2023-12-20 12:51:25 - [MESSAGE][PASSED] - All options with label 'Existing Liability w/Notice Number' are selected in object 'Object Repository/RAD_Pages/Landing_Page/dd_TaxType' 

2023-12-20 12:51:25 - [TEST_STEP][PASSED] - delay(1): Delayed 1 second(s)

2023-12-20 12:51:26 - [MESSAGE][PASSED] - Delayed 1 second(s)

2023-12-20 12:51:26 - [TEST_STEP][PASSED] - selectOptionByLabel(findTestObject(orPath_TaxTypeFilingYear + "/select_TaxType_ExistingLiability"), TaxTypeEL, false): All options with label 'PTE Tax Electing Non-S Corp' are selected in object 'Object Repository/RAD_Pages/TaxTypeFilingYear_Page/select_TaxType_ExistingLiability' 

2023-12-20 12:51:26 - [MESSAGE][PASSED] - All options with label 'PTE Tax Electing Non-S Corp' are selected in object 'Object Repository/RAD_Pages/TaxTypeFilingYear_Page/select_TaxType_ExistingLiability' 

2023-12-20 12:51:26 - [TEST_STEP][PASSED] - setText(findTestObject(orPath_TaxInfo + "/input_NoticeInvoiceNumber"), notInvNumber): Text '0000000000000' is set on object 'Object Repository/RAD_Pages/TaxInfo_Page/input_NoticeInvoiceNumber'

2023-12-20 12:51:27 - [MESSAGE][PASSED] - Text '0000000000000' is set on object 'Object Repository/RAD_Pages/TaxInfo_Page/input_NoticeInvoiceNumber'

2023-12-20 12:51:27 - [TEST_STEP][PASSED] - setText(findTestObject(orPath_TaxInfo + "/input_reTypeNoticeInvoiceNumber"), notInvNumber): Text '0000000000000' is set on object 'Object Repository/RAD_Pages/TaxInfo_Page/input_reTypeNoticeInvoiceNumber'

2023-12-20 12:51:28 - [MESSAGE][PASSED] - Text '0000000000000' is set on object 'Object Repository/RAD_Pages/TaxInfo_Page/input_reTypeNoticeInvoiceNumber'

2023-12-20 12:51:28 - [TEST_STEP][PASSED] - println(notInvNumber): null

2023-12-20 12:51:28 - [TEST_STEP][PASSED] - if (verifyTextPresent(errorMsg, true)): null

2023-12-20 12:51:29 - [MESSAGE][PASSED] - Text 'Notice Number must be 13 digits in length, with a value greater than zero' is present on page  using regular expression

2023-12-20 12:51:29 - [TEST_STEP][PASSED] - println("Error Message is present on the page"): null

2023-12-20 12:51:29 - [TEST_STEP][PASSED] - out.println("Pass Record Number: " + row): null

2023-12-20 12:51:29 - [TEST_STEP][PASSED] - resText = "Pass": null

2023-12-20 12:51:29 - [TEST_STEP][PASSED] - pages.WriteExcel.demoKey(resText, datText, resColumn, datCloumn, fileLoc, nameSheet, row): pages.WriteExcel.demoKey is PASSED

2023-12-20 12:51:29 - [MESSAGE][PASSED] - pages.WriteExcel.demoKey is PASSED

2023-12-20 12:51:29 - [TEST_STEP][PASSED] - ExecuteTC = findTestData(dataFile).getValue("Execute", row): null

2023-12-20 12:51:29 - [TEST_STEP][PASSED] - Taxtype = findTestData(dataFile).getValue("TaxType", row): null

2023-12-20 12:51:29 - [TEST_STEP][PASSED] - TaxTypeEL = findTestData(dataFile).getValue("TaxTypeEL", row): null

2023-12-20 12:51:29 - [TEST_STEP][PASSED] - notInvNumber = findTestData(dataFile).getValue("NotiInvoNumber", row): null

2023-12-20 12:51:29 - [TEST_STEP][PASSED] - errorMsg = findTestData(dataFile).getValue("ErrorMessage", row): null

2023-12-20 12:51:29 - [TEST_STEP][PASSED] - out.println("Value of Execute is : " + ExecuteTC): null

2023-12-20 12:51:29 - [TEST_STEP][PASSED] - if (ExecuteTC.equalsIgnoreCase("Y")): null

2023-12-20 12:51:29 - [TEST_STEP][PASSED] - out.println("Begin Record Number: " + row): null

2023-12-20 12:51:29 - [TEST_STEP][PASSED] - today = new java.util.Date(): null

2023-12-20 12:51:29 - [TEST_STEP][PASSED] - println(today): null

2023-12-20 12:51:29 - [TEST_STEP][PASSED] - datText = today: null

2023-12-20 12:51:29 - [TEST_STEP][PASSED] - Taxtype = findTestData(dataFile).getValue("TaxType", row): null

2023-12-20 12:51:29 - [TEST_STEP][PASSED] - out.println("Taxtype value is : " + Taxtype): null

2023-12-20 12:51:29 - [TEST_STEP][PASSED] - openBrowser(""): Browser is opened with url: ''

2023-12-20 12:51:29 - [MESSAGE][WARNING] - A browser is already opened. Closing browser and opening a new one

2023-12-20 12:51:30 - [MESSAGE][INFO] - Starting 'Chrome' driver

2023-12-20 12:51:30 - [MESSAGE][INFO] - User set preference: ['acceptInsecureCerts', 'true']

2023-12-20 12:51:30 - [MESSAGE][INFO] - Action delay is set to 0 milliseconds

2023-12-20 12:51:32 - [MESSAGE][PASSED] - Browser is opened with url: ''

2023-12-20 12:51:32 - [TEST_STEP][PASSED] - maximizeWindow(): Current window maximized

2023-12-20 12:51:32 - [MESSAGE][PASSED] - Current window maximized

2023-12-20 12:51:32 - [TEST_STEP][PASSED] - navigateToUrl(RADurl): Navigate to 'https://qa2.velocitypayment.com/client/rad/index.html' successfully

2023-12-20 12:51:32 - [MESSAGE][PASSED] - Navigate to 'https://qa2.velocitypayment.com/client/rad/index.html' successfully

2023-12-20 12:51:32 - [TEST_STEP][PASSED] - orPath_Landing = "Object Repository/RAD_Pages/Landing_Page": null

2023-12-20 12:51:32 - [TEST_STEP][PASSED] - orPath_TaxTypeFilingYear = "Object Repository/RAD_Pages/TaxTypeFilingYear_Page": null

2023-12-20 12:51:32 - [TEST_STEP][PASSED] - orPath_TaxPayer = "Object Repository/RAD_Pages/Taxpayer_Page": null

2023-12-20 12:51:32 - [TEST_STEP][PASSED] - orPath_AddressContact = "Object Repository/RAD_Pages/AddressAndContactInfo_Page": null

2023-12-20 12:51:32 - [TEST_STEP][PASSED] - orPath_FilingStatus = "Object Repository/RAD_Pages/FilingStatus_Page": null

2023-12-20 12:51:32 - [TEST_STEP][PASSED] - orPath_Amount = "Object Repository/RAD_Pages/PaymentAmount_Page": null

2023-12-20 12:51:32 - [TEST_STEP][PASSED] - orPath_TaxInfo = "Object Repository/RAD_Pages/TaxInfo_Page": null

2023-12-20 12:51:32 - [TEST_STEP][PASSED] - orPath_Withholding = "Object Repository/RAD_Pages/Withholding_Page": null

2023-12-20 12:51:32 - [TEST_STEP][PASSED] - orPath_Summary = "Object Repository/RAD_Pages/Summary_Page": null

2023-12-20 12:51:32 - [TEST_STEP][PASSED] - orPath_PaymentReady = "Object Repository/RAD_Pages/PaymentReady_Page": null

2023-12-20 12:51:32 - [TEST_STEP][PASSED] - orPath_PaymentEntry = "Object Repository/RAD_Pages/PaymentEntry_Page": null

2023-12-20 12:51:32 - [TEST_STEP][PASSED] - orPath_PaymentConfirmation = "Object Repository/RAD_Pages/PaymentConfirmation_Page": null

2023-12-20 12:51:32 - [TEST_STEP][PASSED] - orPath_ServiceFeesAccept = "Object Repository/RAD_Pages/ServiceFeeAccept_Page": null

2023-12-20 12:51:32 - [TEST_STEP][PASSED] - selectOptionByLabel(findTestObject(orPath_Landing + "/dd_TaxType"), Taxtype, false): All options with label 'Existing Liability w/Notice Number' are selected in object 'Object Repository/RAD_Pages/Landing_Page/dd_TaxType' 

2023-12-20 12:51:34 - [MESSAGE][PASSED] - All options with label 'Existing Liability w/Notice Number' are selected in object 'Object Repository/RAD_Pages/Landing_Page/dd_TaxType' 

2023-12-20 12:51:34 - [TEST_STEP][PASSED] - delay(1): Delayed 1 second(s)

2023-12-20 12:51:35 - [MESSAGE][PASSED] - Delayed 1 second(s)

2023-12-20 12:51:35 - [TEST_STEP][PASSED] - selectOptionByLabel(findTestObject(orPath_TaxTypeFilingYear + "/select_TaxType_ExistingLiability"), TaxTypeEL, false): All options with label 'PTE Tax Electing S Corp' are selected in object 'Object Repository/RAD_Pages/TaxTypeFilingYear_Page/select_TaxType_ExistingLiability' 

2023-12-20 12:51:36 - [MESSAGE][PASSED] - All options with label 'PTE Tax Electing S Corp' are selected in object 'Object Repository/RAD_Pages/TaxTypeFilingYear_Page/select_TaxType_ExistingLiability' 

2023-12-20 12:51:36 - [TEST_STEP][PASSED] - setText(findTestObject(orPath_TaxInfo + "/input_NoticeInvoiceNumber"), notInvNumber): Text '0000000000000' is set on object 'Object Repository/RAD_Pages/TaxInfo_Page/input_NoticeInvoiceNumber'

2023-12-20 12:51:37 - [MESSAGE][PASSED] - Text '0000000000000' is set on object 'Object Repository/RAD_Pages/TaxInfo_Page/input_NoticeInvoiceNumber'

2023-12-20 12:51:37 - [TEST_STEP][PASSED] - setText(findTestObject(orPath_TaxInfo + "/input_reTypeNoticeInvoiceNumber"), notInvNumber): Text '0000000000000' is set on object 'Object Repository/RAD_Pages/TaxInfo_Page/input_reTypeNoticeInvoiceNumber'

2023-12-20 12:51:38 - [MESSAGE][PASSED] - Text '0000000000000' is set on object 'Object Repository/RAD_Pages/TaxInfo_Page/input_reTypeNoticeInvoiceNumber'

2023-12-20 12:51:38 - [TEST_STEP][PASSED] - println(notInvNumber): null

2023-12-20 12:51:38 - [TEST_STEP][PASSED] - if (verifyTextPresent(errorMsg, true)): null

2023-12-20 12:51:38 - [MESSAGE][PASSED] - Text 'Notice Number must be 13 digits in length, with a value greater than zero' is present on page  using regular expression

2023-12-20 12:51:38 - [TEST_STEP][PASSED] - println("Error Message is present on the page"): null

2023-12-20 12:51:38 - [TEST_STEP][PASSED] - out.println("Pass Record Number: " + row): null

2023-12-20 12:51:38 - [TEST_STEP][PASSED] - resText = "Pass": null

2023-12-20 12:51:38 - [TEST_STEP][PASSED] - pages.WriteExcel.demoKey(resText, datText, resColumn, datCloumn, fileLoc, nameSheet, row): pages.WriteExcel.demoKey is PASSED

2023-12-20 12:51:38 - [MESSAGE][PASSED] - pages.WriteExcel.demoKey is PASSED]]></system-out>
         <system-err><![CDATA[]]></system-err>
      </testcase>
      <testcase name="Test Cases/RAD_TestCases/Negative_TestCases/EMailNoMatch" time="309.593" classname="Test Cases/RAD_TestCases/Negative_TestCases/EMailNoMatch" status="PASSED">
         <system-out><![CDATA[2023-12-20 12:51:38 - [TEST_CASE][PASSED] - Test Cases/RAD_TestCases/Negative_TestCases/EMailNoMatch: Test Cases/RAD_TestCases/Negative_TestCases/EMailNoMatch

2023-12-20 12:51:39 - [TEST_STEP][PASSED] - resText = "Fail": null

2023-12-20 12:51:39 - [TEST_STEP][PASSED] - resColumn = "Result": null

2023-12-20 12:51:39 - [TEST_STEP][PASSED] - datCloumn = "Date": null

2023-12-20 12:51:39 - [TEST_STEP][PASSED] - fileLoc = "KatalonData/RADTestData/EmailNoMatch.xlsx": null

2023-12-20 12:51:39 - [TEST_STEP][PASSED] - nameSheet = "Sheet1": null

2023-12-20 12:51:39 - [TEST_STEP][PASSED] - dataFile = "RADTestData/EmailNoMatch": null

2023-12-20 12:51:39 - [TEST_STEP][PASSED] - ExecuteTC = <not implemented yet for class: org.codehaus.groovy.ast.expr.EmptyExpression>: null

2023-12-20 12:51:39 - [TEST_STEP][PASSED] - Taxtype = <not implemented yet for class: org.codehaus.groovy.ast.expr.EmptyExpression>: null

2023-12-20 12:51:39 - [TEST_STEP][PASSED] - numOfRows = findTestData(dataFile).getRowNumbers(): null

2023-12-20 12:51:39 - [TEST_STEP][PASSED] - println("Number of Records: " + numOfRows): null

2023-12-20 12:51:39 - [TEST_STEP][PASSED] - for ([row = 1, row <= numOfRows, (row++)]): null

2023-12-20 12:51:39 - [TEST_STEP][PASSED] - ExecuteTC = findTestData(dataFile).getValue("Execute", row): null

2023-12-20 12:51:39 - [TEST_STEP][PASSED] - Taxtype = findTestData(dataFile).getValue("TaxType", row): null

2023-12-20 12:51:39 - [TEST_STEP][PASSED] - Paymenttype = findTestData(dataFile).getValue("PaymentType", row): null

2023-12-20 12:51:39 - [TEST_STEP][PASSED] - out.println("Value of Execute is : " + ExecuteTC): null

2023-12-20 12:51:39 - [TEST_STEP][PASSED] - if (ExecuteTC.equalsIgnoreCase("Y")): null

2023-12-20 12:51:39 - [TEST_STEP][PASSED] - out.println("Begin Record Number: " + row): null

2023-12-20 12:51:39 - [TEST_STEP][PASSED] - today = new java.util.Date(): null

2023-12-20 12:51:39 - [TEST_STEP][PASSED] - println(today): null

2023-12-20 12:51:39 - [TEST_STEP][PASSED] - datText = today: null

2023-12-20 12:51:39 - [TEST_STEP][PASSED] - Taxtype = findTestData(dataFile).getValue("TaxType", row): null

2023-12-20 12:51:39 - [TEST_STEP][PASSED] - out.println("Taxtype value is : " + Taxtype): null

2023-12-20 12:51:39 - [TEST_STEP][PASSED] - openBrowser(""): Browser is opened with url: ''

2023-12-20 12:51:39 - [MESSAGE][WARNING] - A browser is already opened. Closing browser and opening a new one

2023-12-20 12:51:40 - [MESSAGE][INFO] - Starting 'Chrome' driver

2023-12-20 12:51:40 - [MESSAGE][INFO] - User set preference: ['acceptInsecureCerts', 'true']

2023-12-20 12:51:40 - [MESSAGE][INFO] - Action delay is set to 0 milliseconds

2023-12-20 12:51:42 - [MESSAGE][PASSED] - Browser is opened with url: ''

2023-12-20 12:51:42 - [TEST_STEP][PASSED] - maximizeWindow(): Current window maximized

2023-12-20 12:51:42 - [MESSAGE][PASSED] - Current window maximized

2023-12-20 12:51:42 - [TEST_STEP][PASSED] - navigateToUrl(RADurl): Navigate to 'https://qa2.velocitypayment.com/client/rad/index.html' successfully

2023-12-20 12:51:44 - [MESSAGE][PASSED] - Navigate to 'https://qa2.velocitypayment.com/client/rad/index.html' successfully

2023-12-20 12:51:44 - [TEST_STEP][PASSED] - orPath_Landing = "Object Repository/RAD_Pages/Landing_Page": null

2023-12-20 12:51:44 - [TEST_STEP][PASSED] - orPath_TaxTypeFilingYear = "Object Repository/RAD_Pages/TaxTypeFilingYear_Page": null

2023-12-20 12:51:44 - [TEST_STEP][PASSED] - orPath_TaxPayer = "Object Repository/RAD_Pages/Taxpayer_Page": null

2023-12-20 12:51:44 - [TEST_STEP][PASSED] - orPath_AddressContact = "Object Repository/RAD_Pages/AddressAndContactInfo_Page": null

2023-12-20 12:51:44 - [TEST_STEP][PASSED] - orPath_FilingStatus = "Object Repository/RAD_Pages/FilingStatus_Page": null

2023-12-20 12:51:44 - [TEST_STEP][PASSED] - orPath_Amount = "Object Repository/RAD_Pages/PaymentAmount_Page": null

2023-12-20 12:51:44 - [TEST_STEP][PASSED] - selectOptionByLabel(findTestObject(orPath_Landing + "/dd_TaxType"), Paymenttype, false): All options with label 'Existing Liability w/Notice Number' are selected in object 'Object Repository/RAD_Pages/Landing_Page/dd_TaxType' 

2023-12-20 12:51:45 - [MESSAGE][PASSED] - All options with label 'Existing Liability w/Notice Number' are selected in object 'Object Repository/RAD_Pages/Landing_Page/dd_TaxType' 

2023-12-20 12:51:45 - [TEST_STEP][PASSED] - delay(1): Delayed 1 second(s)

2023-12-20 12:51:46 - [MESSAGE][PASSED] - Delayed 1 second(s)

2023-12-20 12:51:46 - [TEST_STEP][PASSED] - switch (Paymenttype): null

2023-12-20 12:51:46 - [TEST_STEP][PASSED] - case "Existing Liability w/Notice Number":: null

2023-12-20 12:51:46 - [TEST_STEP][PASSED] - selectOptionByLabel(findTestObject(orPath_TaxTypeFilingYear + "/select_TaxType_ExistingLiability"), Taxtype, false): All options with label 'Bay Restoration Fee' are selected in object 'Object Repository/RAD_Pages/TaxTypeFilingYear_Page/select_TaxType_ExistingLiability' 

2023-12-20 12:51:46 - [MESSAGE][PASSED] - All options with label 'Bay Restoration Fee' are selected in object 'Object Repository/RAD_Pages/TaxTypeFilingYear_Page/select_TaxType_ExistingLiability' 

2023-12-20 12:51:46 - [TEST_STEP][PASSED] - break: null

2023-12-20 12:51:46 - [TEST_STEP][PASSED] - delay(1): Delayed 1 second(s)

2023-12-20 12:51:47 - [MESSAGE][PASSED] - Delayed 1 second(s)

2023-12-20 12:51:47 - [TEST_STEP][PASSED] - scrollToElement(findTestObject(orPath_Amount + "/input__paymentAmount"), 3): Scroll to object 'Object Repository/RAD_Pages/PaymentAmount_Page/input__paymentAmount' successfully

2023-12-20 12:51:47 - [MESSAGE][PASSED] - Scroll to object 'Object Repository/RAD_Pages/PaymentAmount_Page/input__paymentAmount' successfully

2023-12-20 12:51:47 - [TEST_STEP][PASSED] - setText(findTestObject(orPath_AddressContact + "/input_eMailAddress"), "imtiazster@gmail.com"): Text 'imtiazster@gmail.com' is set on object 'Object Repository/RAD_Pages/AddressAndContactInfo_Page/input_eMailAddress'

2023-12-20 12:51:48 - [MESSAGE][PASSED] - Text 'imtiazster@gmail.com' is set on object 'Object Repository/RAD_Pages/AddressAndContactInfo_Page/input_eMailAddress'

2023-12-20 12:51:48 - [TEST_STEP][PASSED] - setText(findTestObject(orPath_AddressContact + "/input_reEnterEMailAddress"), "iahmed@govolution.com"): Text 'iahmed@govolution.com' is set on object 'Object Repository/RAD_Pages/AddressAndContactInfo_Page/input_reEnterEMailAddress'

2023-12-20 12:51:49 - [MESSAGE][PASSED] - Text 'iahmed@govolution.com' is set on object 'Object Repository/RAD_Pages/AddressAndContactInfo_Page/input_reEnterEMailAddress'

2023-12-20 12:51:49 - [TEST_STEP][PASSED] - delay(2): Delayed 2 second(s)

2023-12-20 12:51:51 - [MESSAGE][PASSED] - Delayed 2 second(s)

2023-12-20 12:51:51 - [TEST_STEP][PASSED] - if (verifyTextPresent("The Email and Re-enter email do not match", true)): null

2023-12-20 12:51:52 - [MESSAGE][PASSED] - Text 'The Email and Re-enter email do not match' is present on page  using regular expression

2023-12-20 12:51:52 - [TEST_STEP][PASSED] - println("Emails Dont match text is present"): null

2023-12-20 12:51:52 - [TEST_STEP][PASSED] - out.println("Pass Record Number: " + row): null

2023-12-20 12:51:52 - [TEST_STEP][PASSED] - resText = "Pass": null

2023-12-20 12:51:52 - [TEST_STEP][PASSED] - pages.WriteExcel.demoKey(resText, datText, resColumn, datCloumn, fileLoc, nameSheet, row): pages.WriteExcel.demoKey is PASSED

2023-12-20 12:51:52 - [MESSAGE][PASSED] - pages.WriteExcel.demoKey is PASSED

2023-12-20 12:51:52 - [TEST_STEP][PASSED] - ExecuteTC = findTestData(dataFile).getValue("Execute", row): null

2023-12-20 12:51:52 - [TEST_STEP][PASSED] - Taxtype = findTestData(dataFile).getValue("TaxType", row): null

2023-12-20 12:51:52 - [TEST_STEP][PASSED] - Paymenttype = findTestData(dataFile).getValue("PaymentType", row): null

2023-12-20 12:51:52 - [TEST_STEP][PASSED] - out.println("Value of Execute is : " + ExecuteTC): null

2023-12-20 12:51:52 - [TEST_STEP][PASSED] - if (ExecuteTC.equalsIgnoreCase("Y")): null

2023-12-20 12:51:52 - [TEST_STEP][PASSED] - out.println("Begin Record Number: " + row): null

2023-12-20 12:51:52 - [TEST_STEP][PASSED] - today = new java.util.Date(): null

2023-12-20 12:51:52 - [TEST_STEP][PASSED] - println(today): null

2023-12-20 12:51:52 - [TEST_STEP][PASSED] - datText = today: null

2023-12-20 12:51:52 - [TEST_STEP][PASSED] - Taxtype = findTestData(dataFile).getValue("TaxType", row): null

2023-12-20 12:51:52 - [TEST_STEP][PASSED] - out.println("Taxtype value is : " + Taxtype): null

2023-12-20 12:51:52 - [TEST_STEP][PASSED] - openBrowser(""): Browser is opened with url: ''

2023-12-20 12:51:52 - [MESSAGE][WARNING] - A browser is already opened. Closing browser and opening a new one

2023-12-20 12:51:53 - [MESSAGE][INFO] - Starting 'Chrome' driver

2023-12-20 12:51:53 - [MESSAGE][INFO] - User set preference: ['acceptInsecureCerts', 'true']

2023-12-20 12:51:53 - [MESSAGE][INFO] - Action delay is set to 0 milliseconds

2023-12-20 12:51:54 - [MESSAGE][PASSED] - Browser is opened with url: ''

2023-12-20 12:51:54 - [TEST_STEP][PASSED] - maximizeWindow(): Current window maximized

2023-12-20 12:51:55 - [MESSAGE][PASSED] - Current window maximized

2023-12-20 12:51:55 - [TEST_STEP][PASSED] - navigateToUrl(RADurl): Navigate to 'https://qa2.velocitypayment.com/client/rad/index.html' successfully

2023-12-20 12:51:56 - [MESSAGE][PASSED] - Navigate to 'https://qa2.velocitypayment.com/client/rad/index.html' successfully

2023-12-20 12:51:56 - [TEST_STEP][PASSED] - orPath_Landing = "Object Repository/RAD_Pages/Landing_Page": null

2023-12-20 12:51:56 - [TEST_STEP][PASSED] - orPath_TaxTypeFilingYear = "Object Repository/RAD_Pages/TaxTypeFilingYear_Page": null

2023-12-20 12:51:56 - [TEST_STEP][PASSED] - orPath_TaxPayer = "Object Repository/RAD_Pages/Taxpayer_Page": null

2023-12-20 12:51:56 - [TEST_STEP][PASSED] - orPath_AddressContact = "Object Repository/RAD_Pages/AddressAndContactInfo_Page": null

2023-12-20 12:51:56 - [TEST_STEP][PASSED] - orPath_FilingStatus = "Object Repository/RAD_Pages/FilingStatus_Page": null

2023-12-20 12:51:56 - [TEST_STEP][PASSED] - orPath_Amount = "Object Repository/RAD_Pages/PaymentAmount_Page": null

2023-12-20 12:51:56 - [TEST_STEP][PASSED] - selectOptionByLabel(findTestObject(orPath_Landing + "/dd_TaxType"), Paymenttype, false): All options with label 'Existing Liability w/Notice Number' are selected in object 'Object Repository/RAD_Pages/Landing_Page/dd_TaxType' 

2023-12-20 12:51:57 - [MESSAGE][PASSED] - All options with label 'Existing Liability w/Notice Number' are selected in object 'Object Repository/RAD_Pages/Landing_Page/dd_TaxType' 

2023-12-20 12:51:57 - [TEST_STEP][PASSED] - delay(1): Delayed 1 second(s)

2023-12-20 12:51:58 - [MESSAGE][PASSED] - Delayed 1 second(s)

2023-12-20 12:51:58 - [TEST_STEP][PASSED] - switch (Paymenttype): null

2023-12-20 12:51:58 - [TEST_STEP][PASSED] - case "Existing Liability w/Notice Number":: null

2023-12-20 12:51:58 - [TEST_STEP][PASSED] - selectOptionByLabel(findTestObject(orPath_TaxTypeFilingYear + "/select_TaxType_ExistingLiability"), Taxtype, false): All options with label 'Corporate Income Tax' are selected in object 'Object Repository/RAD_Pages/TaxTypeFilingYear_Page/select_TaxType_ExistingLiability' 

2023-12-20 12:51:58 - [MESSAGE][PASSED] - All options with label 'Corporate Income Tax' are selected in object 'Object Repository/RAD_Pages/TaxTypeFilingYear_Page/select_TaxType_ExistingLiability' 

2023-12-20 12:51:58 - [TEST_STEP][PASSED] - break: null

2023-12-20 12:51:58 - [TEST_STEP][PASSED] - delay(1): Delayed 1 second(s)

2023-12-20 12:51:59 - [MESSAGE][PASSED] - Delayed 1 second(s)

2023-12-20 12:51:59 - [TEST_STEP][PASSED] - scrollToElement(findTestObject(orPath_Amount + "/input__paymentAmount"), 3): Scroll to object 'Object Repository/RAD_Pages/PaymentAmount_Page/input__paymentAmount' successfully

2023-12-20 12:52:00 - [MESSAGE][PASSED] - Scroll to object 'Object Repository/RAD_Pages/PaymentAmount_Page/input__paymentAmount' successfully

2023-12-20 12:52:00 - [TEST_STEP][PASSED] - setText(findTestObject(orPath_AddressContact + "/input_eMailAddress"), "imtiazster@gmail.com"): Text 'imtiazster@gmail.com' is set on object 'Object Repository/RAD_Pages/AddressAndContactInfo_Page/input_eMailAddress'

2023-12-20 12:52:01 - [MESSAGE][PASSED] - Text 'imtiazster@gmail.com' is set on object 'Object Repository/RAD_Pages/AddressAndContactInfo_Page/input_eMailAddress'

2023-12-20 12:52:01 - [TEST_STEP][PASSED] - setText(findTestObject(orPath_AddressContact + "/input_reEnterEMailAddress"), "iahmed@govolution.com"): Text 'iahmed@govolution.com' is set on object 'Object Repository/RAD_Pages/AddressAndContactInfo_Page/input_reEnterEMailAddress'

2023-12-20 12:52:02 - [MESSAGE][PASSED] - Text 'iahmed@govolution.com' is set on object 'Object Repository/RAD_Pages/AddressAndContactInfo_Page/input_reEnterEMailAddress'

2023-12-20 12:52:02 - [TEST_STEP][PASSED] - delay(2): Delayed 2 second(s)

2023-12-20 12:52:04 - [MESSAGE][PASSED] - Delayed 2 second(s)

2023-12-20 12:52:04 - [TEST_STEP][PASSED] - if (verifyTextPresent("The Email and Re-enter email do not match", true)): null

2023-12-20 12:52:04 - [MESSAGE][PASSED] - Text 'The Email and Re-enter email do not match' is present on page  using regular expression

2023-12-20 12:52:04 - [TEST_STEP][PASSED] - println("Emails Dont match text is present"): null

2023-12-20 12:52:04 - [TEST_STEP][PASSED] - out.println("Pass Record Number: " + row): null

2023-12-20 12:52:04 - [TEST_STEP][PASSED] - resText = "Pass": null

2023-12-20 12:52:04 - [TEST_STEP][PASSED] - pages.WriteExcel.demoKey(resText, datText, resColumn, datCloumn, fileLoc, nameSheet, row): pages.WriteExcel.demoKey is PASSED

2023-12-20 12:52:04 - [MESSAGE][PASSED] - pages.WriteExcel.demoKey is PASSED

2023-12-20 12:52:04 - [TEST_STEP][PASSED] - ExecuteTC = findTestData(dataFile).getValue("Execute", row): null

2023-12-20 12:52:04 - [TEST_STEP][PASSED] - Taxtype = findTestData(dataFile).getValue("TaxType", row): null

2023-12-20 12:52:04 - [TEST_STEP][PASSED] - Paymenttype = findTestData(dataFile).getValue("PaymentType", row): null

2023-12-20 12:52:04 - [TEST_STEP][PASSED] - out.println("Value of Execute is : " + ExecuteTC): null

2023-12-20 12:52:04 - [TEST_STEP][PASSED] - if (ExecuteTC.equalsIgnoreCase("Y")): null

2023-12-20 12:52:04 - [TEST_STEP][PASSED] - out.println("Begin Record Number: " + row): null

2023-12-20 12:52:04 - [TEST_STEP][PASSED] - today = new java.util.Date(): null

2023-12-20 12:52:04 - [TEST_STEP][PASSED] - println(today): null

2023-12-20 12:52:04 - [TEST_STEP][PASSED] - datText = today: null

2023-12-20 12:52:04 - [TEST_STEP][PASSED] - Taxtype = findTestData(dataFile).getValue("TaxType", row): null

2023-12-20 12:52:04 - [TEST_STEP][PASSED] - out.println("Taxtype value is : " + Taxtype): null

2023-12-20 12:52:04 - [TEST_STEP][PASSED] - openBrowser(""): Browser is opened with url: ''

2023-12-20 12:52:04 - [MESSAGE][WARNING] - A browser is already opened. Closing browser and opening a new one

2023-12-20 12:52:05 - [MESSAGE][INFO] - Starting 'Chrome' driver

2023-12-20 12:52:05 - [MESSAGE][INFO] - User set preference: ['acceptInsecureCerts', 'true']

2023-12-20 12:52:05 - [MESSAGE][INFO] - Action delay is set to 0 milliseconds

2023-12-20 12:52:07 - [MESSAGE][PASSED] - Browser is opened with url: ''

2023-12-20 12:52:07 - [TEST_STEP][PASSED] - maximizeWindow(): Current window maximized

2023-12-20 12:52:07 - [MESSAGE][PASSED] - Current window maximized

2023-12-20 12:52:07 - [TEST_STEP][PASSED] - navigateToUrl(RADurl): Navigate to 'https://qa2.velocitypayment.com/client/rad/index.html' successfully

2023-12-20 12:52:07 - [MESSAGE][PASSED] - Navigate to 'https://qa2.velocitypayment.com/client/rad/index.html' successfully

2023-12-20 12:52:07 - [TEST_STEP][PASSED] - orPath_Landing = "Object Repository/RAD_Pages/Landing_Page": null

2023-12-20 12:52:07 - [TEST_STEP][PASSED] - orPath_TaxTypeFilingYear = "Object Repository/RAD_Pages/TaxTypeFilingYear_Page": null

2023-12-20 12:52:07 - [TEST_STEP][PASSED] - orPath_TaxPayer = "Object Repository/RAD_Pages/Taxpayer_Page": null

2023-12-20 12:52:07 - [TEST_STEP][PASSED] - orPath_AddressContact = "Object Repository/RAD_Pages/AddressAndContactInfo_Page": null

2023-12-20 12:52:07 - [TEST_STEP][PASSED] - orPath_FilingStatus = "Object Repository/RAD_Pages/FilingStatus_Page": null

2023-12-20 12:52:07 - [TEST_STEP][PASSED] - orPath_Amount = "Object Repository/RAD_Pages/PaymentAmount_Page": null

2023-12-20 12:52:07 - [TEST_STEP][PASSED] - selectOptionByLabel(findTestObject(orPath_Landing + "/dd_TaxType"), Paymenttype, false): All options with label 'Existing Liability w/Notice Number' are selected in object 'Object Repository/RAD_Pages/Landing_Page/dd_TaxType' 

2023-12-20 12:52:09 - [MESSAGE][PASSED] - All options with label 'Existing Liability w/Notice Number' are selected in object 'Object Repository/RAD_Pages/Landing_Page/dd_TaxType' 

2023-12-20 12:52:09 - [TEST_STEP][PASSED] - delay(1): Delayed 1 second(s)

2023-12-20 12:52:10 - [MESSAGE][PASSED] - Delayed 1 second(s)

2023-12-20 12:52:10 - [TEST_STEP][PASSED] - switch (Paymenttype): null

2023-12-20 12:52:10 - [TEST_STEP][PASSED] - case "Existing Liability w/Notice Number":: null

2023-12-20 12:52:10 - [TEST_STEP][PASSED] - selectOptionByLabel(findTestObject(orPath_TaxTypeFilingYear + "/select_TaxType_ExistingLiability"), Taxtype, false): All options with label 'Fiduciary Tax' are selected in object 'Object Repository/RAD_Pages/TaxTypeFilingYear_Page/select_TaxType_ExistingLiability' 

2023-12-20 12:52:11 - [MESSAGE][PASSED] - All options with label 'Fiduciary Tax' are selected in object 'Object Repository/RAD_Pages/TaxTypeFilingYear_Page/select_TaxType_ExistingLiability' 

2023-12-20 12:52:11 - [TEST_STEP][PASSED] - break: null

2023-12-20 12:52:11 - [TEST_STEP][PASSED] - delay(1): Delayed 1 second(s)

2023-12-20 12:52:12 - [MESSAGE][PASSED] - Delayed 1 second(s)

2023-12-20 12:52:12 - [TEST_STEP][PASSED] - scrollToElement(findTestObject(orPath_Amount + "/input__paymentAmount"), 3): Scroll to object 'Object Repository/RAD_Pages/PaymentAmount_Page/input__paymentAmount' successfully

2023-12-20 12:52:12 - [MESSAGE][PASSED] - Scroll to object 'Object Repository/RAD_Pages/PaymentAmount_Page/input__paymentAmount' successfully

2023-12-20 12:52:12 - [TEST_STEP][PASSED] - setText(findTestObject(orPath_AddressContact + "/input_eMailAddress"), "imtiazster@gmail.com"): Text 'imtiazster@gmail.com' is set on object 'Object Repository/RAD_Pages/AddressAndContactInfo_Page/input_eMailAddress'

2023-12-20 12:52:13 - [MESSAGE][PASSED] - Text 'imtiazster@gmail.com' is set on object 'Object Repository/RAD_Pages/AddressAndContactInfo_Page/input_eMailAddress'

2023-12-20 12:52:13 - [TEST_STEP][PASSED] - setText(findTestObject(orPath_AddressContact + "/input_reEnterEMailAddress"), "iahmed@govolution.com"): Text 'iahmed@govolution.com' is set on object 'Object Repository/RAD_Pages/AddressAndContactInfo_Page/input_reEnterEMailAddress'

2023-12-20 12:52:14 - [MESSAGE][PASSED] - Text 'iahmed@govolution.com' is set on object 'Object Repository/RAD_Pages/AddressAndContactInfo_Page/input_reEnterEMailAddress'

2023-12-20 12:52:14 - [TEST_STEP][PASSED] - delay(2): Delayed 2 second(s)

2023-12-20 12:52:16 - [MESSAGE][PASSED] - Delayed 2 second(s)

2023-12-20 12:52:16 - [TEST_STEP][PASSED] - if (verifyTextPresent("The Email and Re-enter email do not match", true)): null

2023-12-20 12:52:16 - [MESSAGE][PASSED] - Text 'The Email and Re-enter email do not match' is present on page  using regular expression

2023-12-20 12:52:16 - [TEST_STEP][PASSED] - println("Emails Dont match text is present"): null

2023-12-20 12:52:16 - [TEST_STEP][PASSED] - out.println("Pass Record Number: " + row): null

2023-12-20 12:52:16 - [TEST_STEP][PASSED] - resText = "Pass": null

2023-12-20 12:52:16 - [TEST_STEP][PASSED] - pages.WriteExcel.demoKey(resText, datText, resColumn, datCloumn, fileLoc, nameSheet, row): pages.WriteExcel.demoKey is PASSED

2023-12-20 12:52:16 - [MESSAGE][PASSED] - pages.WriteExcel.demoKey is PASSED

2023-12-20 12:52:16 - [TEST_STEP][PASSED] - ExecuteTC = findTestData(dataFile).getValue("Execute", row): null

2023-12-20 12:52:16 - [TEST_STEP][PASSED] - Taxtype = findTestData(dataFile).getValue("TaxType", row): null

2023-12-20 12:52:16 - [TEST_STEP][PASSED] - Paymenttype = findTestData(dataFile).getValue("PaymentType", row): null

2023-12-20 12:52:16 - [TEST_STEP][PASSED] - out.println("Value of Execute is : " + ExecuteTC): null

2023-12-20 12:52:16 - [TEST_STEP][PASSED] - if (ExecuteTC.equalsIgnoreCase("Y")): null

2023-12-20 12:52:16 - [TEST_STEP][PASSED] - out.println("Begin Record Number: " + row): null

2023-12-20 12:52:16 - [TEST_STEP][PASSED] - today = new java.util.Date(): null

2023-12-20 12:52:16 - [TEST_STEP][PASSED] - println(today): null

2023-12-20 12:52:16 - [TEST_STEP][PASSED] - datText = today: null

2023-12-20 12:52:16 - [TEST_STEP][PASSED] - Taxtype = findTestData(dataFile).getValue("TaxType", row): null

2023-12-20 12:52:16 - [TEST_STEP][PASSED] - out.println("Taxtype value is : " + Taxtype): null

2023-12-20 12:52:16 - [TEST_STEP][PASSED] - openBrowser(""): Browser is opened with url: ''

2023-12-20 12:52:16 - [MESSAGE][WARNING] - A browser is already opened. Closing browser and opening a new one

2023-12-20 12:52:17 - [MESSAGE][INFO] - Starting 'Chrome' driver

2023-12-20 12:52:17 - [MESSAGE][INFO] - User set preference: ['acceptInsecureCerts', 'true']

2023-12-20 12:52:17 - [MESSAGE][INFO] - Action delay is set to 0 milliseconds

2023-12-20 12:52:19 - [MESSAGE][PASSED] - Browser is opened with url: ''

2023-12-20 12:52:19 - [TEST_STEP][PASSED] - maximizeWindow(): Current window maximized

2023-12-20 12:52:19 - [MESSAGE][PASSED] - Current window maximized

2023-12-20 12:52:19 - [TEST_STEP][PASSED] - navigateToUrl(RADurl): Navigate to 'https://qa2.velocitypayment.com/client/rad/index.html' successfully

2023-12-20 12:52:21 - [MESSAGE][PASSED] - Navigate to 'https://qa2.velocitypayment.com/client/rad/index.html' successfully

2023-12-20 12:52:21 - [TEST_STEP][PASSED] - orPath_Landing = "Object Repository/RAD_Pages/Landing_Page": null

2023-12-20 12:52:21 - [TEST_STEP][PASSED] - orPath_TaxTypeFilingYear = "Object Repository/RAD_Pages/TaxTypeFilingYear_Page": null

2023-12-20 12:52:21 - [TEST_STEP][PASSED] - orPath_TaxPayer = "Object Repository/RAD_Pages/Taxpayer_Page": null

2023-12-20 12:52:21 - [TEST_STEP][PASSED] - orPath_AddressContact = "Object Repository/RAD_Pages/AddressAndContactInfo_Page": null

2023-12-20 12:52:21 - [TEST_STEP][PASSED] - orPath_FilingStatus = "Object Repository/RAD_Pages/FilingStatus_Page": null

2023-12-20 12:52:21 - [TEST_STEP][PASSED] - orPath_Amount = "Object Repository/RAD_Pages/PaymentAmount_Page": null

2023-12-20 12:52:21 - [TEST_STEP][PASSED] - selectOptionByLabel(findTestObject(orPath_Landing + "/dd_TaxType"), Paymenttype, false): All options with label 'Existing Liability w/Notice Number' are selected in object 'Object Repository/RAD_Pages/Landing_Page/dd_TaxType' 

2023-12-20 12:52:21 - [MESSAGE][PASSED] - All options with label 'Existing Liability w/Notice Number' are selected in object 'Object Repository/RAD_Pages/Landing_Page/dd_TaxType' 

2023-12-20 12:52:21 - [TEST_STEP][PASSED] - delay(1): Delayed 1 second(s)

2023-12-20 12:52:22 - [MESSAGE][PASSED] - Delayed 1 second(s)

2023-12-20 12:52:22 - [TEST_STEP][PASSED] - switch (Paymenttype): null

2023-12-20 12:52:22 - [TEST_STEP][PASSED] - case "Existing Liability w/Notice Number":: null

2023-12-20 12:52:22 - [TEST_STEP][PASSED] - selectOptionByLabel(findTestObject(orPath_TaxTypeFilingYear + "/select_TaxType_ExistingLiability"), Taxtype, false): All options with label 'PTE Non-Electing Non-S Corp' are selected in object 'Object Repository/RAD_Pages/TaxTypeFilingYear_Page/select_TaxType_ExistingLiability' 

2023-12-20 12:52:23 - [MESSAGE][PASSED] - All options with label 'PTE Non-Electing Non-S Corp' are selected in object 'Object Repository/RAD_Pages/TaxTypeFilingYear_Page/select_TaxType_ExistingLiability' 

2023-12-20 12:52:23 - [TEST_STEP][PASSED] - break: null

2023-12-20 12:52:23 - [TEST_STEP][PASSED] - delay(1): Delayed 1 second(s)

2023-12-20 12:52:24 - [MESSAGE][PASSED] - Delayed 1 second(s)

2023-12-20 12:52:24 - [TEST_STEP][PASSED] - scrollToElement(findTestObject(orPath_Amount + "/input__paymentAmount"), 3): Scroll to object 'Object Repository/RAD_Pages/PaymentAmount_Page/input__paymentAmount' successfully

2023-12-20 12:52:24 - [MESSAGE][PASSED] - Scroll to object 'Object Repository/RAD_Pages/PaymentAmount_Page/input__paymentAmount' successfully

2023-12-20 12:52:24 - [TEST_STEP][PASSED] - setText(findTestObject(orPath_AddressContact + "/input_eMailAddress"), "imtiazster@gmail.com"): Text 'imtiazster@gmail.com' is set on object 'Object Repository/RAD_Pages/AddressAndContactInfo_Page/input_eMailAddress'

2023-12-20 12:52:25 - [MESSAGE][PASSED] - Text 'imtiazster@gmail.com' is set on object 'Object Repository/RAD_Pages/AddressAndContactInfo_Page/input_eMailAddress'

2023-12-20 12:52:25 - [TEST_STEP][PASSED] - setText(findTestObject(orPath_AddressContact + "/input_reEnterEMailAddress"), "iahmed@govolution.com"): Text 'iahmed@govolution.com' is set on object 'Object Repository/RAD_Pages/AddressAndContactInfo_Page/input_reEnterEMailAddress'

2023-12-20 12:52:26 - [MESSAGE][PASSED] - Text 'iahmed@govolution.com' is set on object 'Object Repository/RAD_Pages/AddressAndContactInfo_Page/input_reEnterEMailAddress'

2023-12-20 12:52:26 - [TEST_STEP][PASSED] - delay(2): Delayed 2 second(s)

2023-12-20 12:52:28 - [MESSAGE][PASSED] - Delayed 2 second(s)

2023-12-20 12:52:28 - [TEST_STEP][PASSED] - if (verifyTextPresent("The Email and Re-enter email do not match", true)): null

2023-12-20 12:52:28 - [MESSAGE][PASSED] - Text 'The Email and Re-enter email do not match' is present on page  using regular expression

2023-12-20 12:52:28 - [TEST_STEP][PASSED] - println("Emails Dont match text is present"): null

2023-12-20 12:52:28 - [TEST_STEP][PASSED] - out.println("Pass Record Number: " + row): null

2023-12-20 12:52:28 - [TEST_STEP][PASSED] - resText = "Pass": null

2023-12-20 12:52:28 - [TEST_STEP][PASSED] - pages.WriteExcel.demoKey(resText, datText, resColumn, datCloumn, fileLoc, nameSheet, row): pages.WriteExcel.demoKey is PASSED

2023-12-20 12:52:28 - [MESSAGE][PASSED] - pages.WriteExcel.demoKey is PASSED

2023-12-20 12:52:28 - [TEST_STEP][PASSED] - ExecuteTC = findTestData(dataFile).getValue("Execute", row): null

2023-12-20 12:52:29 - [TEST_STEP][PASSED] - Taxtype = findTestData(dataFile).getValue("TaxType", row): null

2023-12-20 12:52:29 - [TEST_STEP][PASSED] - Paymenttype = findTestData(dataFile).getValue("PaymentType", row): null

2023-12-20 12:52:29 - [TEST_STEP][PASSED] - out.println("Value of Execute is : " + ExecuteTC): null

2023-12-20 12:52:29 - [TEST_STEP][PASSED] - if (ExecuteTC.equalsIgnoreCase("Y")): null

2023-12-20 12:52:29 - [TEST_STEP][PASSED] - out.println("Begin Record Number: " + row): null

2023-12-20 12:52:29 - [TEST_STEP][PASSED] - today = new java.util.Date(): null

2023-12-20 12:52:29 - [TEST_STEP][PASSED] - println(today): null

2023-12-20 12:52:29 - [TEST_STEP][PASSED] - datText = today: null

2023-12-20 12:52:29 - [TEST_STEP][PASSED] - Taxtype = findTestData(dataFile).getValue("TaxType", row): null

2023-12-20 12:52:29 - [TEST_STEP][PASSED] - out.println("Taxtype value is : " + Taxtype): null

2023-12-20 12:52:29 - [TEST_STEP][PASSED] - openBrowser(""): Browser is opened with url: ''

2023-12-20 12:52:29 - [MESSAGE][WARNING] - A browser is already opened. Closing browser and opening a new one

2023-12-20 12:52:30 - [MESSAGE][INFO] - Starting 'Chrome' driver

2023-12-20 12:52:30 - [MESSAGE][INFO] - User set preference: ['acceptInsecureCerts', 'true']

2023-12-20 12:52:30 - [MESSAGE][INFO] - Action delay is set to 0 milliseconds

2023-12-20 12:52:31 - [MESSAGE][PASSED] - Browser is opened with url: ''

2023-12-20 12:52:31 - [TEST_STEP][PASSED] - maximizeWindow(): Current window maximized

2023-12-20 12:52:31 - [MESSAGE][PASSED] - Current window maximized

2023-12-20 12:52:31 - [TEST_STEP][PASSED] - navigateToUrl(RADurl): Navigate to 'https://qa2.velocitypayment.com/client/rad/index.html' successfully

2023-12-20 12:52:33 - [MESSAGE][PASSED] - Navigate to 'https://qa2.velocitypayment.com/client/rad/index.html' successfully

2023-12-20 12:52:33 - [TEST_STEP][PASSED] - orPath_Landing = "Object Repository/RAD_Pages/Landing_Page": null

2023-12-20 12:52:33 - [TEST_STEP][PASSED] - orPath_TaxTypeFilingYear = "Object Repository/RAD_Pages/TaxTypeFilingYear_Page": null

2023-12-20 12:52:33 - [TEST_STEP][PASSED] - orPath_TaxPayer = "Object Repository/RAD_Pages/Taxpayer_Page": null

2023-12-20 12:52:33 - [TEST_STEP][PASSED] - orPath_AddressContact = "Object Repository/RAD_Pages/AddressAndContactInfo_Page": null

2023-12-20 12:52:33 - [TEST_STEP][PASSED] - orPath_FilingStatus = "Object Repository/RAD_Pages/FilingStatus_Page": null

2023-12-20 12:52:33 - [TEST_STEP][PASSED] - orPath_Amount = "Object Repository/RAD_Pages/PaymentAmount_Page": null

2023-12-20 12:52:33 - [TEST_STEP][PASSED] - selectOptionByLabel(findTestObject(orPath_Landing + "/dd_TaxType"), Paymenttype, false): All options with label 'Existing Liability w/Notice Number' are selected in object 'Object Repository/RAD_Pages/Landing_Page/dd_TaxType' 

2023-12-20 12:52:34 - [MESSAGE][PASSED] - All options with label 'Existing Liability w/Notice Number' are selected in object 'Object Repository/RAD_Pages/Landing_Page/dd_TaxType' 

2023-12-20 12:52:34 - [TEST_STEP][PASSED] - delay(1): Delayed 1 second(s)

2023-12-20 12:52:35 - [MESSAGE][PASSED] - Delayed 1 second(s)

2023-12-20 12:52:35 - [TEST_STEP][PASSED] - switch (Paymenttype): null

2023-12-20 12:52:35 - [TEST_STEP][PASSED] - case "Existing Liability w/Notice Number":: null

2023-12-20 12:52:35 - [TEST_STEP][PASSED] - selectOptionByLabel(findTestObject(orPath_TaxTypeFilingYear + "/select_TaxType_ExistingLiability"), Taxtype, false): All options with label 'PTE Non-Electing S Corp' are selected in object 'Object Repository/RAD_Pages/TaxTypeFilingYear_Page/select_TaxType_ExistingLiability' 

2023-12-20 12:52:35 - [MESSAGE][PASSED] - All options with label 'PTE Non-Electing S Corp' are selected in object 'Object Repository/RAD_Pages/TaxTypeFilingYear_Page/select_TaxType_ExistingLiability' 

2023-12-20 12:52:35 - [TEST_STEP][PASSED] - break: null

2023-12-20 12:52:35 - [TEST_STEP][PASSED] - delay(1): Delayed 1 second(s)

2023-12-20 12:52:36 - [MESSAGE][PASSED] - Delayed 1 second(s)

2023-12-20 12:52:36 - [TEST_STEP][PASSED] - scrollToElement(findTestObject(orPath_Amount + "/input__paymentAmount"), 3): Scroll to object 'Object Repository/RAD_Pages/PaymentAmount_Page/input__paymentAmount' successfully

2023-12-20 12:52:36 - [MESSAGE][PASSED] - Scroll to object 'Object Repository/RAD_Pages/PaymentAmount_Page/input__paymentAmount' successfully

2023-12-20 12:52:36 - [TEST_STEP][PASSED] - setText(findTestObject(orPath_AddressContact + "/input_eMailAddress"), "imtiazster@gmail.com"): Text 'imtiazster@gmail.com' is set on object 'Object Repository/RAD_Pages/AddressAndContactInfo_Page/input_eMailAddress'

2023-12-20 12:52:37 - [MESSAGE][PASSED] - Text 'imtiazster@gmail.com' is set on object 'Object Repository/RAD_Pages/AddressAndContactInfo_Page/input_eMailAddress'

2023-12-20 12:52:37 - [TEST_STEP][PASSED] - setText(findTestObject(orPath_AddressContact + "/input_reEnterEMailAddress"), "iahmed@govolution.com"): Text 'iahmed@govolution.com' is set on object 'Object Repository/RAD_Pages/AddressAndContactInfo_Page/input_reEnterEMailAddress'

2023-12-20 12:52:38 - [MESSAGE][PASSED] - Text 'iahmed@govolution.com' is set on object 'Object Repository/RAD_Pages/AddressAndContactInfo_Page/input_reEnterEMailAddress'

2023-12-20 12:52:38 - [TEST_STEP][PASSED] - delay(2): Delayed 2 second(s)

2023-12-20 12:52:40 - [MESSAGE][PASSED] - Delayed 2 second(s)

2023-12-20 12:52:40 - [TEST_STEP][PASSED] - if (verifyTextPresent("The Email and Re-enter email do not match", true)): null

2023-12-20 12:52:41 - [MESSAGE][PASSED] - Text 'The Email and Re-enter email do not match' is present on page  using regular expression

2023-12-20 12:52:41 - [TEST_STEP][PASSED] - println("Emails Dont match text is present"): null

2023-12-20 12:52:41 - [TEST_STEP][PASSED] - out.println("Pass Record Number: " + row): null

2023-12-20 12:52:41 - [TEST_STEP][PASSED] - resText = "Pass": null

2023-12-20 12:52:41 - [TEST_STEP][PASSED] - pages.WriteExcel.demoKey(resText, datText, resColumn, datCloumn, fileLoc, nameSheet, row): pages.WriteExcel.demoKey is PASSED

2023-12-20 12:52:41 - [MESSAGE][PASSED] - pages.WriteExcel.demoKey is PASSED

2023-12-20 12:52:41 - [TEST_STEP][PASSED] - ExecuteTC = findTestData(dataFile).getValue("Execute", row): null

2023-12-20 12:52:41 - [TEST_STEP][PASSED] - Taxtype = findTestData(dataFile).getValue("TaxType", row): null

2023-12-20 12:52:41 - [TEST_STEP][PASSED] - Paymenttype = findTestData(dataFile).getValue("PaymentType", row): null

2023-12-20 12:52:41 - [TEST_STEP][PASSED] - out.println("Value of Execute is : " + ExecuteTC): null

2023-12-20 12:52:41 - [TEST_STEP][PASSED] - if (ExecuteTC.equalsIgnoreCase("Y")): null

2023-12-20 12:52:41 - [TEST_STEP][PASSED] - out.println("Begin Record Number: " + row): null

2023-12-20 12:52:41 - [TEST_STEP][PASSED] - today = new java.util.Date(): null

2023-12-20 12:52:41 - [TEST_STEP][PASSED] - println(today): null

2023-12-20 12:52:41 - [TEST_STEP][PASSED] - datText = today: null

2023-12-20 12:52:41 - [TEST_STEP][PASSED] - Taxtype = findTestData(dataFile).getValue("TaxType", row): null

2023-12-20 12:52:41 - [TEST_STEP][PASSED] - out.println("Taxtype value is : " + Taxtype): null

2023-12-20 12:52:41 - [TEST_STEP][PASSED] - openBrowser(""): Browser is opened with url: ''

2023-12-20 12:52:41 - [MESSAGE][WARNING] - A browser is already opened. Closing browser and opening a new one

2023-12-20 12:52:42 - [MESSAGE][INFO] - Starting 'Chrome' driver

2023-12-20 12:52:42 - [MESSAGE][INFO] - User set preference: ['acceptInsecureCerts', 'true']

2023-12-20 12:52:42 - [MESSAGE][INFO] - Action delay is set to 0 milliseconds

2023-12-20 12:52:44 - [MESSAGE][PASSED] - Browser is opened with url: ''

2023-12-20 12:52:44 - [TEST_STEP][PASSED] - maximizeWindow(): Current window maximized

2023-12-20 12:52:44 - [MESSAGE][PASSED] - Current window maximized

2023-12-20 12:52:44 - [TEST_STEP][PASSED] - navigateToUrl(RADurl): Navigate to 'https://qa2.velocitypayment.com/client/rad/index.html' successfully

2023-12-20 12:52:44 - [MESSAGE][PASSED] - Navigate to 'https://qa2.velocitypayment.com/client/rad/index.html' successfully

2023-12-20 12:52:44 - [TEST_STEP][PASSED] - orPath_Landing = "Object Repository/RAD_Pages/Landing_Page": null

2023-12-20 12:52:44 - [TEST_STEP][PASSED] - orPath_TaxTypeFilingYear = "Object Repository/RAD_Pages/TaxTypeFilingYear_Page": null

2023-12-20 12:52:44 - [TEST_STEP][PASSED] - orPath_TaxPayer = "Object Repository/RAD_Pages/Taxpayer_Page": null

2023-12-20 12:52:44 - [TEST_STEP][PASSED] - orPath_AddressContact = "Object Repository/RAD_Pages/AddressAndContactInfo_Page": null

2023-12-20 12:52:44 - [TEST_STEP][PASSED] - orPath_FilingStatus = "Object Repository/RAD_Pages/FilingStatus_Page": null

2023-12-20 12:52:44 - [TEST_STEP][PASSED] - orPath_Amount = "Object Repository/RAD_Pages/PaymentAmount_Page": null

2023-12-20 12:52:44 - [TEST_STEP][PASSED] - selectOptionByLabel(findTestObject(orPath_Landing + "/dd_TaxType"), Paymenttype, false): All options with label 'Existing Liability w/Notice Number' are selected in object 'Object Repository/RAD_Pages/Landing_Page/dd_TaxType' 

2023-12-20 12:52:46 - [MESSAGE][PASSED] - All options with label 'Existing Liability w/Notice Number' are selected in object 'Object Repository/RAD_Pages/Landing_Page/dd_TaxType' 

2023-12-20 12:52:46 - [TEST_STEP][PASSED] - delay(1): Delayed 1 second(s)

2023-12-20 12:52:47 - [MESSAGE][PASSED] - Delayed 1 second(s)

2023-12-20 12:52:47 - [TEST_STEP][PASSED] - switch (Paymenttype): null

2023-12-20 12:52:47 - [TEST_STEP][PASSED] - case "Existing Liability w/Notice Number":: null

2023-12-20 12:52:47 - [TEST_STEP][PASSED] - selectOptionByLabel(findTestObject(orPath_TaxTypeFilingYear + "/select_TaxType_ExistingLiability"), Taxtype, false): All options with label 'Sales & Use Tax' are selected in object 'Object Repository/RAD_Pages/TaxTypeFilingYear_Page/select_TaxType_ExistingLiability' 

2023-12-20 12:52:48 - [MESSAGE][PASSED] - All options with label 'Sales & Use Tax' are selected in object 'Object Repository/RAD_Pages/TaxTypeFilingYear_Page/select_TaxType_ExistingLiability' 

2023-12-20 12:52:48 - [TEST_STEP][PASSED] - break: null

2023-12-20 12:52:48 - [TEST_STEP][PASSED] - delay(1): Delayed 1 second(s)

2023-12-20 12:52:49 - [MESSAGE][PASSED] - Delayed 1 second(s)

2023-12-20 12:52:49 - [TEST_STEP][PASSED] - scrollToElement(findTestObject(orPath_Amount + "/input__paymentAmount"), 3): Scroll to object 'Object Repository/RAD_Pages/PaymentAmount_Page/input__paymentAmount' successfully

2023-12-20 12:52:49 - [MESSAGE][PASSED] - Scroll to object 'Object Repository/RAD_Pages/PaymentAmount_Page/input__paymentAmount' successfully

2023-12-20 12:52:49 - [TEST_STEP][PASSED] - setText(findTestObject(orPath_AddressContact + "/input_eMailAddress"), "imtiazster@gmail.com"): Text 'imtiazster@gmail.com' is set on object 'Object Repository/RAD_Pages/AddressAndContactInfo_Page/input_eMailAddress'

2023-12-20 12:52:50 - [MESSAGE][PASSED] - Text 'imtiazster@gmail.com' is set on object 'Object Repository/RAD_Pages/AddressAndContactInfo_Page/input_eMailAddress'

2023-12-20 12:52:50 - [TEST_STEP][PASSED] - setText(findTestObject(orPath_AddressContact + "/input_reEnterEMailAddress"), "iahmed@govolution.com"): Text 'iahmed@govolution.com' is set on object 'Object Repository/RAD_Pages/AddressAndContactInfo_Page/input_reEnterEMailAddress'

2023-12-20 12:52:51 - [MESSAGE][PASSED] - Text 'iahmed@govolution.com' is set on object 'Object Repository/RAD_Pages/AddressAndContactInfo_Page/input_reEnterEMailAddress'

2023-12-20 12:52:51 - [TEST_STEP][PASSED] - delay(2): Delayed 2 second(s)

2023-12-20 12:52:53 - [MESSAGE][PASSED] - Delayed 2 second(s)

2023-12-20 12:52:53 - [TEST_STEP][PASSED] - if (verifyTextPresent("The Email and Re-enter email do not match", true)): null

2023-12-20 12:52:53 - [MESSAGE][PASSED] - Text 'The Email and Re-enter email do not match' is present on page  using regular expression

2023-12-20 12:52:53 - [TEST_STEP][PASSED] - println("Emails Dont match text is present"): null

2023-12-20 12:52:53 - [TEST_STEP][PASSED] - out.println("Pass Record Number: " + row): null

2023-12-20 12:52:53 - [TEST_STEP][PASSED] - resText = "Pass": null

2023-12-20 12:52:53 - [TEST_STEP][PASSED] - pages.WriteExcel.demoKey(resText, datText, resColumn, datCloumn, fileLoc, nameSheet, row): pages.WriteExcel.demoKey is PASSED

2023-12-20 12:52:53 - [MESSAGE][PASSED] - pages.WriteExcel.demoKey is PASSED

2023-12-20 12:52:53 - [TEST_STEP][PASSED] - ExecuteTC = findTestData(dataFile).getValue("Execute", row): null

2023-12-20 12:52:53 - [TEST_STEP][PASSED] - Taxtype = findTestData(dataFile).getValue("TaxType", row): null

2023-12-20 12:52:53 - [TEST_STEP][PASSED] - Paymenttype = findTestData(dataFile).getValue("PaymentType", row): null

2023-12-20 12:52:53 - [TEST_STEP][PASSED] - out.println("Value of Execute is : " + ExecuteTC): null

2023-12-20 12:52:53 - [TEST_STEP][PASSED] - if (ExecuteTC.equalsIgnoreCase("Y")): null

2023-12-20 12:52:53 - [TEST_STEP][PASSED] - out.println("Begin Record Number: " + row): null

2023-12-20 12:52:53 - [TEST_STEP][PASSED] - today = new java.util.Date(): null

2023-12-20 12:52:53 - [TEST_STEP][PASSED] - println(today): null

2023-12-20 12:52:53 - [TEST_STEP][PASSED] - datText = today: null

2023-12-20 12:52:53 - [TEST_STEP][PASSED] - Taxtype = findTestData(dataFile).getValue("TaxType", row): null

2023-12-20 12:52:53 - [TEST_STEP][PASSED] - out.println("Taxtype value is : " + Taxtype): null

2023-12-20 12:52:53 - [TEST_STEP][PASSED] - openBrowser(""): Browser is opened with url: ''

2023-12-20 12:52:53 - [MESSAGE][WARNING] - A browser is already opened. Closing browser and opening a new one

2023-12-20 12:52:54 - [MESSAGE][INFO] - Starting 'Chrome' driver

2023-12-20 12:52:54 - [MESSAGE][INFO] - User set preference: ['acceptInsecureCerts', 'true']

2023-12-20 12:52:54 - [MESSAGE][INFO] - Action delay is set to 0 milliseconds

2023-12-20 12:52:56 - [MESSAGE][PASSED] - Browser is opened with url: ''

2023-12-20 12:52:56 - [TEST_STEP][PASSED] - maximizeWindow(): Current window maximized

2023-12-20 12:52:56 - [MESSAGE][PASSED] - Current window maximized

2023-12-20 12:52:56 - [TEST_STEP][PASSED] - navigateToUrl(RADurl): Navigate to 'https://qa2.velocitypayment.com/client/rad/index.html' successfully

2023-12-20 12:52:58 - [MESSAGE][PASSED] - Navigate to 'https://qa2.velocitypayment.com/client/rad/index.html' successfully

2023-12-20 12:52:58 - [TEST_STEP][PASSED] - orPath_Landing = "Object Repository/RAD_Pages/Landing_Page": null

2023-12-20 12:52:58 - [TEST_STEP][PASSED] - orPath_TaxTypeFilingYear = "Object Repository/RAD_Pages/TaxTypeFilingYear_Page": null

2023-12-20 12:52:58 - [TEST_STEP][PASSED] - orPath_TaxPayer = "Object Repository/RAD_Pages/Taxpayer_Page": null

2023-12-20 12:52:58 - [TEST_STEP][PASSED] - orPath_AddressContact = "Object Repository/RAD_Pages/AddressAndContactInfo_Page": null

2023-12-20 12:52:58 - [TEST_STEP][PASSED] - orPath_FilingStatus = "Object Repository/RAD_Pages/FilingStatus_Page": null

2023-12-20 12:52:58 - [TEST_STEP][PASSED] - orPath_Amount = "Object Repository/RAD_Pages/PaymentAmount_Page": null

2023-12-20 12:52:58 - [TEST_STEP][PASSED] - selectOptionByLabel(findTestObject(orPath_Landing + "/dd_TaxType"), Paymenttype, false): All options with label 'Existing Liability w/Notice Number' are selected in object 'Object Repository/RAD_Pages/Landing_Page/dd_TaxType' 

2023-12-20 12:52:58 - [MESSAGE][PASSED] - All options with label 'Existing Liability w/Notice Number' are selected in object 'Object Repository/RAD_Pages/Landing_Page/dd_TaxType' 

2023-12-20 12:52:58 - [TEST_STEP][PASSED] - delay(1): Delayed 1 second(s)

2023-12-20 12:52:59 - [MESSAGE][PASSED] - Delayed 1 second(s)

2023-12-20 12:52:59 - [TEST_STEP][PASSED] - switch (Paymenttype): null

2023-12-20 12:52:59 - [TEST_STEP][PASSED] - case "Existing Liability w/Notice Number":: null

2023-12-20 12:52:59 - [TEST_STEP][PASSED] - selectOptionByLabel(findTestObject(orPath_TaxTypeFilingYear + "/select_TaxType_ExistingLiability"), Taxtype, false): All options with label 'Tire Recycling Fee' are selected in object 'Object Repository/RAD_Pages/TaxTypeFilingYear_Page/select_TaxType_ExistingLiability' 

2023-12-20 12:53:00 - [MESSAGE][PASSED] - All options with label 'Tire Recycling Fee' are selected in object 'Object Repository/RAD_Pages/TaxTypeFilingYear_Page/select_TaxType_ExistingLiability' 

2023-12-20 12:53:00 - [TEST_STEP][PASSED] - break: null

2023-12-20 12:53:00 - [TEST_STEP][PASSED] - delay(1): Delayed 1 second(s)

2023-12-20 12:53:01 - [MESSAGE][PASSED] - Delayed 1 second(s)

2023-12-20 12:53:01 - [TEST_STEP][PASSED] - scrollToElement(findTestObject(orPath_Amount + "/input__paymentAmount"), 3): Scroll to object 'Object Repository/RAD_Pages/PaymentAmount_Page/input__paymentAmount' successfully

2023-12-20 12:53:01 - [MESSAGE][PASSED] - Scroll to object 'Object Repository/RAD_Pages/PaymentAmount_Page/input__paymentAmount' successfully

2023-12-20 12:53:01 - [TEST_STEP][PASSED] - setText(findTestObject(orPath_AddressContact + "/input_eMailAddress"), "imtiazster@gmail.com"): Text 'imtiazster@gmail.com' is set on object 'Object Repository/RAD_Pages/AddressAndContactInfo_Page/input_eMailAddress'

2023-12-20 12:53:02 - [MESSAGE][PASSED] - Text 'imtiazster@gmail.com' is set on object 'Object Repository/RAD_Pages/AddressAndContactInfo_Page/input_eMailAddress'

2023-12-20 12:53:02 - [TEST_STEP][PASSED] - setText(findTestObject(orPath_AddressContact + "/input_reEnterEMailAddress"), "iahmed@govolution.com"): Text 'iahmed@govolution.com' is set on object 'Object Repository/RAD_Pages/AddressAndContactInfo_Page/input_reEnterEMailAddress'

2023-12-20 12:53:03 - [MESSAGE][PASSED] - Text 'iahmed@govolution.com' is set on object 'Object Repository/RAD_Pages/AddressAndContactInfo_Page/input_reEnterEMailAddress'

2023-12-20 12:53:03 - [TEST_STEP][PASSED] - delay(2): Delayed 2 second(s)

2023-12-20 12:53:05 - [MESSAGE][PASSED] - Delayed 2 second(s)

2023-12-20 12:53:05 - [TEST_STEP][PASSED] - if (verifyTextPresent("The Email and Re-enter email do not match", true)): null

2023-12-20 12:53:05 - [MESSAGE][PASSED] - Text 'The Email and Re-enter email do not match' is present on page  using regular expression

2023-12-20 12:53:05 - [TEST_STEP][PASSED] - println("Emails Dont match text is present"): null

2023-12-20 12:53:05 - [TEST_STEP][PASSED] - out.println("Pass Record Number: " + row): null

2023-12-20 12:53:05 - [TEST_STEP][PASSED] - resText = "Pass": null

2023-12-20 12:53:05 - [TEST_STEP][PASSED] - pages.WriteExcel.demoKey(resText, datText, resColumn, datCloumn, fileLoc, nameSheet, row): pages.WriteExcel.demoKey is PASSED

2023-12-20 12:53:05 - [MESSAGE][PASSED] - pages.WriteExcel.demoKey is PASSED

2023-12-20 12:53:05 - [TEST_STEP][PASSED] - ExecuteTC = findTestData(dataFile).getValue("Execute", row): null

2023-12-20 12:53:05 - [TEST_STEP][PASSED] - Taxtype = findTestData(dataFile).getValue("TaxType", row): null

2023-12-20 12:53:05 - [TEST_STEP][PASSED] - Paymenttype = findTestData(dataFile).getValue("PaymentType", row): null

2023-12-20 12:53:06 - [TEST_STEP][PASSED] - out.println("Value of Execute is : " + ExecuteTC): null

2023-12-20 12:53:06 - [TEST_STEP][PASSED] - if (ExecuteTC.equalsIgnoreCase("Y")): null

2023-12-20 12:53:06 - [TEST_STEP][PASSED] - out.println("Begin Record Number: " + row): null

2023-12-20 12:53:06 - [TEST_STEP][PASSED] - today = new java.util.Date(): null

2023-12-20 12:53:06 - [TEST_STEP][PASSED] - println(today): null

2023-12-20 12:53:06 - [TEST_STEP][PASSED] - datText = today: null

2023-12-20 12:53:06 - [TEST_STEP][PASSED] - Taxtype = findTestData(dataFile).getValue("TaxType", row): null

2023-12-20 12:53:06 - [TEST_STEP][PASSED] - out.println("Taxtype value is : " + Taxtype): null

2023-12-20 12:53:06 - [TEST_STEP][PASSED] - openBrowser(""): Browser is opened with url: ''

2023-12-20 12:53:06 - [MESSAGE][WARNING] - A browser is already opened. Closing browser and opening a new one

2023-12-20 12:53:07 - [MESSAGE][INFO] - Starting 'Chrome' driver

2023-12-20 12:53:07 - [MESSAGE][INFO] - User set preference: ['acceptInsecureCerts', 'true']

2023-12-20 12:53:07 - [MESSAGE][INFO] - Action delay is set to 0 milliseconds

2023-12-20 12:53:08 - [MESSAGE][PASSED] - Browser is opened with url: ''

2023-12-20 12:53:08 - [TEST_STEP][PASSED] - maximizeWindow(): Current window maximized

2023-12-20 12:53:08 - [MESSAGE][PASSED] - Current window maximized

2023-12-20 12:53:08 - [TEST_STEP][PASSED] - navigateToUrl(RADurl): Navigate to 'https://qa2.velocitypayment.com/client/rad/index.html' successfully

2023-12-20 12:53:10 - [MESSAGE][PASSED] - Navigate to 'https://qa2.velocitypayment.com/client/rad/index.html' successfully

2023-12-20 12:53:10 - [TEST_STEP][PASSED] - orPath_Landing = "Object Repository/RAD_Pages/Landing_Page": null

2023-12-20 12:53:10 - [TEST_STEP][PASSED] - orPath_TaxTypeFilingYear = "Object Repository/RAD_Pages/TaxTypeFilingYear_Page": null

2023-12-20 12:53:10 - [TEST_STEP][PASSED] - orPath_TaxPayer = "Object Repository/RAD_Pages/Taxpayer_Page": null

2023-12-20 12:53:10 - [TEST_STEP][PASSED] - orPath_AddressContact = "Object Repository/RAD_Pages/AddressAndContactInfo_Page": null

2023-12-20 12:53:10 - [TEST_STEP][PASSED] - orPath_FilingStatus = "Object Repository/RAD_Pages/FilingStatus_Page": null

2023-12-20 12:53:10 - [TEST_STEP][PASSED] - orPath_Amount = "Object Repository/RAD_Pages/PaymentAmount_Page": null

2023-12-20 12:53:10 - [TEST_STEP][PASSED] - selectOptionByLabel(findTestObject(orPath_Landing + "/dd_TaxType"), Paymenttype, false): All options with label 'Existing Liability w/Notice Number' are selected in object 'Object Repository/RAD_Pages/Landing_Page/dd_TaxType' 

2023-12-20 12:53:10 - [MESSAGE][PASSED] - All options with label 'Existing Liability w/Notice Number' are selected in object 'Object Repository/RAD_Pages/Landing_Page/dd_TaxType' 

2023-12-20 12:53:10 - [TEST_STEP][PASSED] - delay(1): Delayed 1 second(s)

2023-12-20 12:53:11 - [MESSAGE][PASSED] - Delayed 1 second(s)

2023-12-20 12:53:11 - [TEST_STEP][PASSED] - switch (Paymenttype): null

2023-12-20 12:53:11 - [TEST_STEP][PASSED] - case "Existing Liability w/Notice Number":: null

2023-12-20 12:53:11 - [TEST_STEP][PASSED] - selectOptionByLabel(findTestObject(orPath_TaxTypeFilingYear + "/select_TaxType_ExistingLiability"), Taxtype, false): All options with label 'Withholding Tax' are selected in object 'Object Repository/RAD_Pages/TaxTypeFilingYear_Page/select_TaxType_ExistingLiability' 

2023-12-20 12:53:12 - [MESSAGE][PASSED] - All options with label 'Withholding Tax' are selected in object 'Object Repository/RAD_Pages/TaxTypeFilingYear_Page/select_TaxType_ExistingLiability' 

2023-12-20 12:53:12 - [TEST_STEP][PASSED] - break: null

2023-12-20 12:53:12 - [TEST_STEP][PASSED] - delay(1): Delayed 1 second(s)

2023-12-20 12:53:13 - [MESSAGE][PASSED] - Delayed 1 second(s)

2023-12-20 12:53:13 - [TEST_STEP][PASSED] - scrollToElement(findTestObject(orPath_Amount + "/input__paymentAmount"), 3): Scroll to object 'Object Repository/RAD_Pages/PaymentAmount_Page/input__paymentAmount' successfully

2023-12-20 12:53:13 - [MESSAGE][PASSED] - Scroll to object 'Object Repository/RAD_Pages/PaymentAmount_Page/input__paymentAmount' successfully

2023-12-20 12:53:13 - [TEST_STEP][PASSED] - setText(findTestObject(orPath_AddressContact + "/input_eMailAddress"), "imtiazster@gmail.com"): Text 'imtiazster@gmail.com' is set on object 'Object Repository/RAD_Pages/AddressAndContactInfo_Page/input_eMailAddress'

2023-12-20 12:53:14 - [MESSAGE][PASSED] - Text 'imtiazster@gmail.com' is set on object 'Object Repository/RAD_Pages/AddressAndContactInfo_Page/input_eMailAddress'

2023-12-20 12:53:14 - [TEST_STEP][PASSED] - setText(findTestObject(orPath_AddressContact + "/input_reEnterEMailAddress"), "iahmed@govolution.com"): Text 'iahmed@govolution.com' is set on object 'Object Repository/RAD_Pages/AddressAndContactInfo_Page/input_reEnterEMailAddress'

2023-12-20 12:53:15 - [MESSAGE][PASSED] - Text 'iahmed@govolution.com' is set on object 'Object Repository/RAD_Pages/AddressAndContactInfo_Page/input_reEnterEMailAddress'

2023-12-20 12:53:15 - [TEST_STEP][PASSED] - delay(2): Delayed 2 second(s)

2023-12-20 12:53:17 - [MESSAGE][PASSED] - Delayed 2 second(s)

2023-12-20 12:53:17 - [TEST_STEP][PASSED] - if (verifyTextPresent("The Email and Re-enter email do not match", true)): null

2023-12-20 12:53:18 - [MESSAGE][PASSED] - Text 'The Email and Re-enter email do not match' is present on page  using regular expression

2023-12-20 12:53:18 - [TEST_STEP][PASSED] - println("Emails Dont match text is present"): null

2023-12-20 12:53:18 - [TEST_STEP][PASSED] - out.println("Pass Record Number: " + row): null

2023-12-20 12:53:18 - [TEST_STEP][PASSED] - resText = "Pass": null

2023-12-20 12:53:18 - [TEST_STEP][PASSED] - pages.WriteExcel.demoKey(resText, datText, resColumn, datCloumn, fileLoc, nameSheet, row): pages.WriteExcel.demoKey is PASSED

2023-12-20 12:53:18 - [MESSAGE][PASSED] - pages.WriteExcel.demoKey is PASSED

2023-12-20 12:53:18 - [TEST_STEP][PASSED] - ExecuteTC = findTestData(dataFile).getValue("Execute", row): null

2023-12-20 12:53:18 - [TEST_STEP][PASSED] - Taxtype = findTestData(dataFile).getValue("TaxType", row): null

2023-12-20 12:53:18 - [TEST_STEP][PASSED] - Paymenttype = findTestData(dataFile).getValue("PaymentType", row): null

2023-12-20 12:53:18 - [TEST_STEP][PASSED] - out.println("Value of Execute is : " + ExecuteTC): null

2023-12-20 12:53:18 - [TEST_STEP][PASSED] - if (ExecuteTC.equalsIgnoreCase("Y")): null

2023-12-20 12:53:18 - [TEST_STEP][PASSED] - out.println("Begin Record Number: " + row): null

2023-12-20 12:53:18 - [TEST_STEP][PASSED] - today = new java.util.Date(): null

2023-12-20 12:53:18 - [TEST_STEP][PASSED] - println(today): null

2023-12-20 12:53:18 - [TEST_STEP][PASSED] - datText = today: null

2023-12-20 12:53:18 - [TEST_STEP][PASSED] - Taxtype = findTestData(dataFile).getValue("TaxType", row): null

2023-12-20 12:53:18 - [TEST_STEP][PASSED] - out.println("Taxtype value is : " + Taxtype): null

2023-12-20 12:53:18 - [TEST_STEP][PASSED] - openBrowser(""): Browser is opened with url: ''

2023-12-20 12:53:18 - [MESSAGE][WARNING] - A browser is already opened. Closing browser and opening a new one

2023-12-20 12:53:19 - [MESSAGE][INFO] - Starting 'Chrome' driver

2023-12-20 12:53:19 - [MESSAGE][INFO] - User set preference: ['acceptInsecureCerts', 'true']

2023-12-20 12:53:19 - [MESSAGE][INFO] - Action delay is set to 0 milliseconds

2023-12-20 12:53:20 - [MESSAGE][PASSED] - Browser is opened with url: ''

2023-12-20 12:53:20 - [TEST_STEP][PASSED] - maximizeWindow(): Current window maximized

2023-12-20 12:53:20 - [MESSAGE][PASSED] - Current window maximized

2023-12-20 12:53:20 - [TEST_STEP][PASSED] - navigateToUrl(RADurl): Navigate to 'https://qa2.velocitypayment.com/client/rad/index.html' successfully

2023-12-20 12:53:22 - [MESSAGE][PASSED] - Navigate to 'https://qa2.velocitypayment.com/client/rad/index.html' successfully

2023-12-20 12:53:22 - [TEST_STEP][PASSED] - orPath_Landing = "Object Repository/RAD_Pages/Landing_Page": null

2023-12-20 12:53:22 - [TEST_STEP][PASSED] - orPath_TaxTypeFilingYear = "Object Repository/RAD_Pages/TaxTypeFilingYear_Page": null

2023-12-20 12:53:22 - [TEST_STEP][PASSED] - orPath_TaxPayer = "Object Repository/RAD_Pages/Taxpayer_Page": null

2023-12-20 12:53:22 - [TEST_STEP][PASSED] - orPath_AddressContact = "Object Repository/RAD_Pages/AddressAndContactInfo_Page": null

2023-12-20 12:53:22 - [TEST_STEP][PASSED] - orPath_FilingStatus = "Object Repository/RAD_Pages/FilingStatus_Page": null

2023-12-20 12:53:22 - [TEST_STEP][PASSED] - orPath_Amount = "Object Repository/RAD_Pages/PaymentAmount_Page": null

2023-12-20 12:53:22 - [TEST_STEP][PASSED] - selectOptionByLabel(findTestObject(orPath_Landing + "/dd_TaxType"), Paymenttype, false): All options with label 'Existing Liability w/Notice Number' are selected in object 'Object Repository/RAD_Pages/Landing_Page/dd_TaxType' 

2023-12-20 12:53:23 - [MESSAGE][PASSED] - All options with label 'Existing Liability w/Notice Number' are selected in object 'Object Repository/RAD_Pages/Landing_Page/dd_TaxType' 

2023-12-20 12:53:23 - [TEST_STEP][PASSED] - delay(1): Delayed 1 second(s)

2023-12-20 12:53:24 - [MESSAGE][PASSED] - Delayed 1 second(s)

2023-12-20 12:53:24 - [TEST_STEP][PASSED] - switch (Paymenttype): null

2023-12-20 12:53:24 - [TEST_STEP][PASSED] - case "Existing Liability w/Notice Number":: null

2023-12-20 12:53:24 - [TEST_STEP][PASSED] - selectOptionByLabel(findTestObject(orPath_TaxTypeFilingYear + "/select_TaxType_ExistingLiability"), Taxtype, false): All options with label 'Alcohol Tax' are selected in object 'Object Repository/RAD_Pages/TaxTypeFilingYear_Page/select_TaxType_ExistingLiability' 

2023-12-20 12:53:24 - [MESSAGE][PASSED] - All options with label 'Alcohol Tax' are selected in object 'Object Repository/RAD_Pages/TaxTypeFilingYear_Page/select_TaxType_ExistingLiability' 

2023-12-20 12:53:24 - [TEST_STEP][PASSED] - break: null

2023-12-20 12:53:24 - [TEST_STEP][PASSED] - delay(1): Delayed 1 second(s)

2023-12-20 12:53:25 - [MESSAGE][PASSED] - Delayed 1 second(s)

2023-12-20 12:53:25 - [TEST_STEP][PASSED] - scrollToElement(findTestObject(orPath_Amount + "/input__paymentAmount"), 3): Scroll to object 'Object Repository/RAD_Pages/PaymentAmount_Page/input__paymentAmount' successfully

2023-12-20 12:53:25 - [MESSAGE][PASSED] - Scroll to object 'Object Repository/RAD_Pages/PaymentAmount_Page/input__paymentAmount' successfully

2023-12-20 12:53:25 - [TEST_STEP][PASSED] - setText(findTestObject(orPath_AddressContact + "/input_eMailAddress"), "imtiazster@gmail.com"): Text 'imtiazster@gmail.com' is set on object 'Object Repository/RAD_Pages/AddressAndContactInfo_Page/input_eMailAddress'

2023-12-20 12:53:27 - [MESSAGE][PASSED] - Text 'imtiazster@gmail.com' is set on object 'Object Repository/RAD_Pages/AddressAndContactInfo_Page/input_eMailAddress'

2023-12-20 12:53:27 - [TEST_STEP][PASSED] - setText(findTestObject(orPath_AddressContact + "/input_reEnterEMailAddress"), "iahmed@govolution.com"): Text 'iahmed@govolution.com' is set on object 'Object Repository/RAD_Pages/AddressAndContactInfo_Page/input_reEnterEMailAddress'

2023-12-20 12:53:28 - [MESSAGE][PASSED] - Text 'iahmed@govolution.com' is set on object 'Object Repository/RAD_Pages/AddressAndContactInfo_Page/input_reEnterEMailAddress'

2023-12-20 12:53:28 - [TEST_STEP][PASSED] - delay(2): Delayed 2 second(s)

2023-12-20 12:53:30 - [MESSAGE][PASSED] - Delayed 2 second(s)

2023-12-20 12:53:30 - [TEST_STEP][PASSED] - if (verifyTextPresent("The Email and Re-enter email do not match", true)): null

2023-12-20 12:53:30 - [MESSAGE][PASSED] - Text 'The Email and Re-enter email do not match' is present on page  using regular expression

2023-12-20 12:53:30 - [TEST_STEP][PASSED] - println("Emails Dont match text is present"): null

2023-12-20 12:53:30 - [TEST_STEP][PASSED] - out.println("Pass Record Number: " + row): null

2023-12-20 12:53:30 - [TEST_STEP][PASSED] - resText = "Pass": null

2023-12-20 12:53:30 - [TEST_STEP][PASSED] - pages.WriteExcel.demoKey(resText, datText, resColumn, datCloumn, fileLoc, nameSheet, row): pages.WriteExcel.demoKey is PASSED

2023-12-20 12:53:30 - [MESSAGE][PASSED] - pages.WriteExcel.demoKey is PASSED

2023-12-20 12:53:30 - [TEST_STEP][PASSED] - ExecuteTC = findTestData(dataFile).getValue("Execute", row): null

2023-12-20 12:53:30 - [TEST_STEP][PASSED] - Taxtype = findTestData(dataFile).getValue("TaxType", row): null

2023-12-20 12:53:30 - [TEST_STEP][PASSED] - Paymenttype = findTestData(dataFile).getValue("PaymentType", row): null

2023-12-20 12:53:30 - [TEST_STEP][PASSED] - out.println("Value of Execute is : " + ExecuteTC): null

2023-12-20 12:53:30 - [TEST_STEP][PASSED] - if (ExecuteTC.equalsIgnoreCase("Y")): null

2023-12-20 12:53:30 - [TEST_STEP][PASSED] - out.println("Begin Record Number: " + row): null

2023-12-20 12:53:30 - [TEST_STEP][PASSED] - today = new java.util.Date(): null

2023-12-20 12:53:30 - [TEST_STEP][PASSED] - println(today): null

2023-12-20 12:53:30 - [TEST_STEP][PASSED] - datText = today: null

2023-12-20 12:53:30 - [TEST_STEP][PASSED] - Taxtype = findTestData(dataFile).getValue("TaxType", row): null

2023-12-20 12:53:30 - [TEST_STEP][PASSED] - out.println("Taxtype value is : " + Taxtype): null

2023-12-20 12:53:30 - [TEST_STEP][PASSED] - openBrowser(""): Browser is opened with url: ''

2023-12-20 12:53:30 - [MESSAGE][WARNING] - A browser is already opened. Closing browser and opening a new one

2023-12-20 12:53:31 - [MESSAGE][INFO] - Starting 'Chrome' driver

2023-12-20 12:53:31 - [MESSAGE][INFO] - User set preference: ['acceptInsecureCerts', 'true']

2023-12-20 12:53:31 - [MESSAGE][INFO] - Action delay is set to 0 milliseconds

2023-12-20 12:53:33 - [MESSAGE][PASSED] - Browser is opened with url: ''

2023-12-20 12:53:33 - [TEST_STEP][PASSED] - maximizeWindow(): Current window maximized

2023-12-20 12:53:33 - [MESSAGE][PASSED] - Current window maximized

2023-12-20 12:53:33 - [TEST_STEP][PASSED] - navigateToUrl(RADurl): Navigate to 'https://qa2.velocitypayment.com/client/rad/index.html' successfully

2023-12-20 12:53:35 - [MESSAGE][PASSED] - Navigate to 'https://qa2.velocitypayment.com/client/rad/index.html' successfully

2023-12-20 12:53:35 - [TEST_STEP][PASSED] - orPath_Landing = "Object Repository/RAD_Pages/Landing_Page": null

2023-12-20 12:53:35 - [TEST_STEP][PASSED] - orPath_TaxTypeFilingYear = "Object Repository/RAD_Pages/TaxTypeFilingYear_Page": null

2023-12-20 12:53:35 - [TEST_STEP][PASSED] - orPath_TaxPayer = "Object Repository/RAD_Pages/Taxpayer_Page": null

2023-12-20 12:53:35 - [TEST_STEP][PASSED] - orPath_AddressContact = "Object Repository/RAD_Pages/AddressAndContactInfo_Page": null

2023-12-20 12:53:35 - [TEST_STEP][PASSED] - orPath_FilingStatus = "Object Repository/RAD_Pages/FilingStatus_Page": null

2023-12-20 12:53:35 - [TEST_STEP][PASSED] - orPath_Amount = "Object Repository/RAD_Pages/PaymentAmount_Page": null

2023-12-20 12:53:35 - [TEST_STEP][PASSED] - selectOptionByLabel(findTestObject(orPath_Landing + "/dd_TaxType"), Paymenttype, false): All options with label 'Existing Liability w/Notice Number' are selected in object 'Object Repository/RAD_Pages/Landing_Page/dd_TaxType' 

2023-12-20 12:53:35 - [MESSAGE][PASSED] - All options with label 'Existing Liability w/Notice Number' are selected in object 'Object Repository/RAD_Pages/Landing_Page/dd_TaxType' 

2023-12-20 12:53:35 - [TEST_STEP][PASSED] - delay(1): Delayed 1 second(s)

2023-12-20 12:53:36 - [MESSAGE][PASSED] - Delayed 1 second(s)

2023-12-20 12:53:36 - [TEST_STEP][PASSED] - switch (Paymenttype): null

2023-12-20 12:53:36 - [TEST_STEP][PASSED] - case "Existing Liability w/Notice Number":: null

2023-12-20 12:53:36 - [TEST_STEP][PASSED] - selectOptionByLabel(findTestObject(orPath_TaxTypeFilingYear + "/select_TaxType_ExistingLiability"), Taxtype, false): All options with label 'PTE Tax Electing Non-S Corp' are selected in object 'Object Repository/RAD_Pages/TaxTypeFilingYear_Page/select_TaxType_ExistingLiability' 

2023-12-20 12:53:37 - [MESSAGE][PASSED] - All options with label 'PTE Tax Electing Non-S Corp' are selected in object 'Object Repository/RAD_Pages/TaxTypeFilingYear_Page/select_TaxType_ExistingLiability' 

2023-12-20 12:53:37 - [TEST_STEP][PASSED] - break: null

2023-12-20 12:53:37 - [TEST_STEP][PASSED] - delay(1): Delayed 1 second(s)

2023-12-20 12:53:38 - [MESSAGE][PASSED] - Delayed 1 second(s)

2023-12-20 12:53:38 - [TEST_STEP][PASSED] - scrollToElement(findTestObject(orPath_Amount + "/input__paymentAmount"), 3): Scroll to object 'Object Repository/RAD_Pages/PaymentAmount_Page/input__paymentAmount' successfully

2023-12-20 12:53:38 - [MESSAGE][PASSED] - Scroll to object 'Object Repository/RAD_Pages/PaymentAmount_Page/input__paymentAmount' successfully

2023-12-20 12:53:38 - [TEST_STEP][PASSED] - setText(findTestObject(orPath_AddressContact + "/input_eMailAddress"), "imtiazster@gmail.com"): Text 'imtiazster@gmail.com' is set on object 'Object Repository/RAD_Pages/AddressAndContactInfo_Page/input_eMailAddress'

2023-12-20 12:53:39 - [MESSAGE][PASSED] - Text 'imtiazster@gmail.com' is set on object 'Object Repository/RAD_Pages/AddressAndContactInfo_Page/input_eMailAddress'

2023-12-20 12:53:39 - [TEST_STEP][PASSED] - setText(findTestObject(orPath_AddressContact + "/input_reEnterEMailAddress"), "iahmed@govolution.com"): Text 'iahmed@govolution.com' is set on object 'Object Repository/RAD_Pages/AddressAndContactInfo_Page/input_reEnterEMailAddress'

2023-12-20 12:53:40 - [MESSAGE][PASSED] - Text 'iahmed@govolution.com' is set on object 'Object Repository/RAD_Pages/AddressAndContactInfo_Page/input_reEnterEMailAddress'

2023-12-20 12:53:40 - [TEST_STEP][PASSED] - delay(2): Delayed 2 second(s)

2023-12-20 12:53:42 - [MESSAGE][PASSED] - Delayed 2 second(s)

2023-12-20 12:53:42 - [TEST_STEP][PASSED] - if (verifyTextPresent("The Email and Re-enter email do not match", true)): null

2023-12-20 12:53:42 - [MESSAGE][PASSED] - Text 'The Email and Re-enter email do not match' is present on page  using regular expression

2023-12-20 12:53:42 - [TEST_STEP][PASSED] - println("Emails Dont match text is present"): null

2023-12-20 12:53:42 - [TEST_STEP][PASSED] - out.println("Pass Record Number: " + row): null

2023-12-20 12:53:42 - [TEST_STEP][PASSED] - resText = "Pass": null

2023-12-20 12:53:42 - [TEST_STEP][PASSED] - pages.WriteExcel.demoKey(resText, datText, resColumn, datCloumn, fileLoc, nameSheet, row): pages.WriteExcel.demoKey is PASSED

2023-12-20 12:53:42 - [MESSAGE][PASSED] - pages.WriteExcel.demoKey is PASSED

2023-12-20 12:53:42 - [TEST_STEP][PASSED] - ExecuteTC = findTestData(dataFile).getValue("Execute", row): null

2023-12-20 12:53:42 - [TEST_STEP][PASSED] - Taxtype = findTestData(dataFile).getValue("TaxType", row): null

2023-12-20 12:53:43 - [TEST_STEP][PASSED] - Paymenttype = findTestData(dataFile).getValue("PaymentType", row): null

2023-12-20 12:53:43 - [TEST_STEP][PASSED] - out.println("Value of Execute is : " + ExecuteTC): null

2023-12-20 12:53:43 - [TEST_STEP][PASSED] - if (ExecuteTC.equalsIgnoreCase("Y")): null

2023-12-20 12:53:43 - [TEST_STEP][PASSED] - out.println("Begin Record Number: " + row): null

2023-12-20 12:53:43 - [TEST_STEP][PASSED] - today = new java.util.Date(): null

2023-12-20 12:53:43 - [TEST_STEP][PASSED] - println(today): null

2023-12-20 12:53:43 - [TEST_STEP][PASSED] - datText = today: null

2023-12-20 12:53:43 - [TEST_STEP][PASSED] - Taxtype = findTestData(dataFile).getValue("TaxType", row): null

2023-12-20 12:53:43 - [TEST_STEP][PASSED] - out.println("Taxtype value is : " + Taxtype): null

2023-12-20 12:53:43 - [TEST_STEP][PASSED] - openBrowser(""): Browser is opened with url: ''

2023-12-20 12:53:43 - [MESSAGE][WARNING] - A browser is already opened. Closing browser and opening a new one

2023-12-20 12:53:44 - [MESSAGE][INFO] - Starting 'Chrome' driver

2023-12-20 12:53:44 - [MESSAGE][INFO] - User set preference: ['acceptInsecureCerts', 'true']

2023-12-20 12:53:44 - [MESSAGE][INFO] - Action delay is set to 0 milliseconds

2023-12-20 12:53:45 - [MESSAGE][PASSED] - Browser is opened with url: ''

2023-12-20 12:53:45 - [TEST_STEP][PASSED] - maximizeWindow(): Current window maximized

2023-12-20 12:53:45 - [MESSAGE][PASSED] - Current window maximized

2023-12-20 12:53:45 - [TEST_STEP][PASSED] - navigateToUrl(RADurl): Navigate to 'https://qa2.velocitypayment.com/client/rad/index.html' successfully

2023-12-20 12:53:47 - [MESSAGE][PASSED] - Navigate to 'https://qa2.velocitypayment.com/client/rad/index.html' successfully

2023-12-20 12:53:47 - [TEST_STEP][PASSED] - orPath_Landing = "Object Repository/RAD_Pages/Landing_Page": null

2023-12-20 12:53:47 - [TEST_STEP][PASSED] - orPath_TaxTypeFilingYear = "Object Repository/RAD_Pages/TaxTypeFilingYear_Page": null

2023-12-20 12:53:47 - [TEST_STEP][PASSED] - orPath_TaxPayer = "Object Repository/RAD_Pages/Taxpayer_Page": null

2023-12-20 12:53:47 - [TEST_STEP][PASSED] - orPath_AddressContact = "Object Repository/RAD_Pages/AddressAndContactInfo_Page": null

2023-12-20 12:53:47 - [TEST_STEP][PASSED] - orPath_FilingStatus = "Object Repository/RAD_Pages/FilingStatus_Page": null

2023-12-20 12:53:47 - [TEST_STEP][PASSED] - orPath_Amount = "Object Repository/RAD_Pages/PaymentAmount_Page": null

2023-12-20 12:53:47 - [TEST_STEP][PASSED] - selectOptionByLabel(findTestObject(orPath_Landing + "/dd_TaxType"), Paymenttype, false): All options with label 'Existing Liability w/Notice Number' are selected in object 'Object Repository/RAD_Pages/Landing_Page/dd_TaxType' 

2023-12-20 12:53:47 - [MESSAGE][PASSED] - All options with label 'Existing Liability w/Notice Number' are selected in object 'Object Repository/RAD_Pages/Landing_Page/dd_TaxType' 

2023-12-20 12:53:47 - [TEST_STEP][PASSED] - delay(1): Delayed 1 second(s)

2023-12-20 12:53:48 - [MESSAGE][PASSED] - Delayed 1 second(s)

2023-12-20 12:53:48 - [TEST_STEP][PASSED] - switch (Paymenttype): null

2023-12-20 12:53:49 - [TEST_STEP][PASSED] - case "Existing Liability w/Notice Number":: null

2023-12-20 12:53:49 - [TEST_STEP][PASSED] - selectOptionByLabel(findTestObject(orPath_TaxTypeFilingYear + "/select_TaxType_ExistingLiability"), Taxtype, false): All options with label 'PTE Tax Electing S Corp' are selected in object 'Object Repository/RAD_Pages/TaxTypeFilingYear_Page/select_TaxType_ExistingLiability' 

2023-12-20 12:53:49 - [MESSAGE][PASSED] - All options with label 'PTE Tax Electing S Corp' are selected in object 'Object Repository/RAD_Pages/TaxTypeFilingYear_Page/select_TaxType_ExistingLiability' 

2023-12-20 12:53:49 - [TEST_STEP][PASSED] - break: null

2023-12-20 12:53:49 - [TEST_STEP][PASSED] - delay(1): Delayed 1 second(s)

2023-12-20 12:53:50 - [MESSAGE][PASSED] - Delayed 1 second(s)

2023-12-20 12:53:50 - [TEST_STEP][PASSED] - scrollToElement(findTestObject(orPath_Amount + "/input__paymentAmount"), 3): Scroll to object 'Object Repository/RAD_Pages/PaymentAmount_Page/input__paymentAmount' successfully

2023-12-20 12:53:50 - [MESSAGE][PASSED] - Scroll to object 'Object Repository/RAD_Pages/PaymentAmount_Page/input__paymentAmount' successfully

2023-12-20 12:53:50 - [TEST_STEP][PASSED] - setText(findTestObject(orPath_AddressContact + "/input_eMailAddress"), "imtiazster@gmail.com"): Text 'imtiazster@gmail.com' is set on object 'Object Repository/RAD_Pages/AddressAndContactInfo_Page/input_eMailAddress'

2023-12-20 12:53:51 - [MESSAGE][PASSED] - Text 'imtiazster@gmail.com' is set on object 'Object Repository/RAD_Pages/AddressAndContactInfo_Page/input_eMailAddress'

2023-12-20 12:53:51 - [TEST_STEP][PASSED] - setText(findTestObject(orPath_AddressContact + "/input_reEnterEMailAddress"), "iahmed@govolution.com"): Text 'iahmed@govolution.com' is set on object 'Object Repository/RAD_Pages/AddressAndContactInfo_Page/input_reEnterEMailAddress'

2023-12-20 12:53:52 - [MESSAGE][PASSED] - Text 'iahmed@govolution.com' is set on object 'Object Repository/RAD_Pages/AddressAndContactInfo_Page/input_reEnterEMailAddress'

2023-12-20 12:53:52 - [TEST_STEP][PASSED] - delay(2): Delayed 2 second(s)

2023-12-20 12:53:54 - [MESSAGE][PASSED] - Delayed 2 second(s)

2023-12-20 12:53:54 - [TEST_STEP][PASSED] - if (verifyTextPresent("The Email and Re-enter email do not match", true)): null

2023-12-20 12:53:55 - [MESSAGE][PASSED] - Text 'The Email and Re-enter email do not match' is present on page  using regular expression

2023-12-20 12:53:55 - [TEST_STEP][PASSED] - println("Emails Dont match text is present"): null

2023-12-20 12:53:55 - [TEST_STEP][PASSED] - out.println("Pass Record Number: " + row): null

2023-12-20 12:53:55 - [TEST_STEP][PASSED] - resText = "Pass": null

2023-12-20 12:53:55 - [TEST_STEP][PASSED] - pages.WriteExcel.demoKey(resText, datText, resColumn, datCloumn, fileLoc, nameSheet, row): pages.WriteExcel.demoKey is PASSED

2023-12-20 12:53:55 - [MESSAGE][PASSED] - pages.WriteExcel.demoKey is PASSED

2023-12-20 12:53:55 - [TEST_STEP][PASSED] - ExecuteTC = findTestData(dataFile).getValue("Execute", row): null

2023-12-20 12:53:55 - [TEST_STEP][PASSED] - Taxtype = findTestData(dataFile).getValue("TaxType", row): null

2023-12-20 12:53:55 - [TEST_STEP][PASSED] - Paymenttype = findTestData(dataFile).getValue("PaymentType", row): null

2023-12-20 12:53:55 - [TEST_STEP][PASSED] - out.println("Value of Execute is : " + ExecuteTC): null

2023-12-20 12:53:55 - [TEST_STEP][PASSED] - if (ExecuteTC.equalsIgnoreCase("Y")): null

2023-12-20 12:53:55 - [TEST_STEP][PASSED] - out.println("Begin Record Number: " + row): null

2023-12-20 12:53:55 - [TEST_STEP][PASSED] - today = new java.util.Date(): null

2023-12-20 12:53:55 - [TEST_STEP][PASSED] - println(today): null

2023-12-20 12:53:55 - [TEST_STEP][PASSED] - datText = today: null

2023-12-20 12:53:55 - [TEST_STEP][PASSED] - Taxtype = findTestData(dataFile).getValue("TaxType", row): null

2023-12-20 12:53:55 - [TEST_STEP][PASSED] - out.println("Taxtype value is : " + Taxtype): null

2023-12-20 12:53:55 - [TEST_STEP][PASSED] - openBrowser(""): Browser is opened with url: ''

2023-12-20 12:53:55 - [MESSAGE][WARNING] - A browser is already opened. Closing browser and opening a new one

2023-12-20 12:53:56 - [MESSAGE][INFO] - Starting 'Chrome' driver

2023-12-20 12:53:56 - [MESSAGE][INFO] - User set preference: ['acceptInsecureCerts', 'true']

2023-12-20 12:53:56 - [MESSAGE][INFO] - Action delay is set to 0 milliseconds

2023-12-20 12:53:58 - [MESSAGE][PASSED] - Browser is opened with url: ''

2023-12-20 12:53:58 - [TEST_STEP][PASSED] - maximizeWindow(): Current window maximized

2023-12-20 12:53:58 - [MESSAGE][PASSED] - Current window maximized

2023-12-20 12:53:58 - [TEST_STEP][PASSED] - navigateToUrl(RADurl): Navigate to 'https://qa2.velocitypayment.com/client/rad/index.html' successfully

2023-12-20 12:53:59 - [MESSAGE][PASSED] - Navigate to 'https://qa2.velocitypayment.com/client/rad/index.html' successfully

2023-12-20 12:53:59 - [TEST_STEP][PASSED] - orPath_Landing = "Object Repository/RAD_Pages/Landing_Page": null

2023-12-20 12:53:59 - [TEST_STEP][PASSED] - orPath_TaxTypeFilingYear = "Object Repository/RAD_Pages/TaxTypeFilingYear_Page": null

2023-12-20 12:53:59 - [TEST_STEP][PASSED] - orPath_TaxPayer = "Object Repository/RAD_Pages/Taxpayer_Page": null

2023-12-20 12:53:59 - [TEST_STEP][PASSED] - orPath_AddressContact = "Object Repository/RAD_Pages/AddressAndContactInfo_Page": null

2023-12-20 12:53:59 - [TEST_STEP][PASSED] - orPath_FilingStatus = "Object Repository/RAD_Pages/FilingStatus_Page": null

2023-12-20 12:53:59 - [TEST_STEP][PASSED] - orPath_Amount = "Object Repository/RAD_Pages/PaymentAmount_Page": null

2023-12-20 12:53:59 - [TEST_STEP][PASSED] - selectOptionByLabel(findTestObject(orPath_Landing + "/dd_TaxType"), Paymenttype, false): All options with label 'Existing Liability w/Notice Number' are selected in object 'Object Repository/RAD_Pages/Landing_Page/dd_TaxType' 

2023-12-20 12:54:00 - [MESSAGE][PASSED] - All options with label 'Existing Liability w/Notice Number' are selected in object 'Object Repository/RAD_Pages/Landing_Page/dd_TaxType' 

2023-12-20 12:54:00 - [TEST_STEP][PASSED] - delay(1): Delayed 1 second(s)

2023-12-20 12:54:01 - [MESSAGE][PASSED] - Delayed 1 second(s)

2023-12-20 12:54:01 - [TEST_STEP][PASSED] - switch (Paymenttype): null

2023-12-20 12:54:01 - [TEST_STEP][PASSED] - case "Existing Liability w/Notice Number":: null

2023-12-20 12:54:01 - [TEST_STEP][PASSED] - selectOptionByLabel(findTestObject(orPath_TaxTypeFilingYear + "/select_TaxType_ExistingLiability"), Taxtype, false): All options with label 'Personal Income Tax' are selected in object 'Object Repository/RAD_Pages/TaxTypeFilingYear_Page/select_TaxType_ExistingLiability' 

2023-12-20 12:54:02 - [MESSAGE][PASSED] - All options with label 'Personal Income Tax' are selected in object 'Object Repository/RAD_Pages/TaxTypeFilingYear_Page/select_TaxType_ExistingLiability' 

2023-12-20 12:54:02 - [TEST_STEP][PASSED] - break: null

2023-12-20 12:54:02 - [TEST_STEP][PASSED] - delay(1): Delayed 1 second(s)

2023-12-20 12:54:03 - [MESSAGE][PASSED] - Delayed 1 second(s)

2023-12-20 12:54:03 - [TEST_STEP][PASSED] - scrollToElement(findTestObject(orPath_Amount + "/input__paymentAmount"), 3): Scroll to object 'Object Repository/RAD_Pages/PaymentAmount_Page/input__paymentAmount' successfully

2023-12-20 12:54:03 - [MESSAGE][PASSED] - Scroll to object 'Object Repository/RAD_Pages/PaymentAmount_Page/input__paymentAmount' successfully

2023-12-20 12:54:03 - [TEST_STEP][PASSED] - setText(findTestObject(orPath_AddressContact + "/input_eMailAddress"), "imtiazster@gmail.com"): Text 'imtiazster@gmail.com' is set on object 'Object Repository/RAD_Pages/AddressAndContactInfo_Page/input_eMailAddress'

2023-12-20 12:54:04 - [MESSAGE][PASSED] - Text 'imtiazster@gmail.com' is set on object 'Object Repository/RAD_Pages/AddressAndContactInfo_Page/input_eMailAddress'

2023-12-20 12:54:04 - [TEST_STEP][PASSED] - setText(findTestObject(orPath_AddressContact + "/input_reEnterEMailAddress"), "iahmed@govolution.com"): Text 'iahmed@govolution.com' is set on object 'Object Repository/RAD_Pages/AddressAndContactInfo_Page/input_reEnterEMailAddress'

2023-12-20 12:54:05 - [MESSAGE][PASSED] - Text 'iahmed@govolution.com' is set on object 'Object Repository/RAD_Pages/AddressAndContactInfo_Page/input_reEnterEMailAddress'

2023-12-20 12:54:05 - [TEST_STEP][PASSED] - delay(2): Delayed 2 second(s)

2023-12-20 12:54:07 - [MESSAGE][PASSED] - Delayed 2 second(s)

2023-12-20 12:54:07 - [TEST_STEP][PASSED] - if (verifyTextPresent("The Email and Re-enter email do not match", true)): null

2023-12-20 12:54:07 - [MESSAGE][PASSED] - Text 'The Email and Re-enter email do not match' is present on page  using regular expression

2023-12-20 12:54:07 - [TEST_STEP][PASSED] - println("Emails Dont match text is present"): null

2023-12-20 12:54:07 - [TEST_STEP][PASSED] - out.println("Pass Record Number: " + row): null

2023-12-20 12:54:07 - [TEST_STEP][PASSED] - resText = "Pass": null

2023-12-20 12:54:07 - [TEST_STEP][PASSED] - pages.WriteExcel.demoKey(resText, datText, resColumn, datCloumn, fileLoc, nameSheet, row): pages.WriteExcel.demoKey is PASSED

2023-12-20 12:54:07 - [MESSAGE][PASSED] - pages.WriteExcel.demoKey is PASSED

2023-12-20 12:54:07 - [TEST_STEP][PASSED] - ExecuteTC = findTestData(dataFile).getValue("Execute", row): null

2023-12-20 12:54:07 - [TEST_STEP][PASSED] - Taxtype = findTestData(dataFile).getValue("TaxType", row): null

2023-12-20 12:54:07 - [TEST_STEP][PASSED] - Paymenttype = findTestData(dataFile).getValue("PaymentType", row): null

2023-12-20 12:54:07 - [TEST_STEP][PASSED] - out.println("Value of Execute is : " + ExecuteTC): null

2023-12-20 12:54:07 - [TEST_STEP][PASSED] - if (ExecuteTC.equalsIgnoreCase("Y")): null

2023-12-20 12:54:07 - [TEST_STEP][PASSED] - out.println("Begin Record Number: " + row): null

2023-12-20 12:54:07 - [TEST_STEP][PASSED] - today = new java.util.Date(): null

2023-12-20 12:54:07 - [TEST_STEP][PASSED] - println(today): null

2023-12-20 12:54:07 - [TEST_STEP][PASSED] - datText = today: null

2023-12-20 12:54:07 - [TEST_STEP][PASSED] - Taxtype = findTestData(dataFile).getValue("TaxType", row): null

2023-12-20 12:54:07 - [TEST_STEP][PASSED] - out.println("Taxtype value is : " + Taxtype): null

2023-12-20 12:54:07 - [TEST_STEP][PASSED] - openBrowser(""): Browser is opened with url: ''

2023-12-20 12:54:07 - [MESSAGE][WARNING] - A browser is already opened. Closing browser and opening a new one

2023-12-20 12:54:08 - [MESSAGE][INFO] - Starting 'Chrome' driver

2023-12-20 12:54:08 - [MESSAGE][INFO] - User set preference: ['acceptInsecureCerts', 'true']

2023-12-20 12:54:08 - [MESSAGE][INFO] - Action delay is set to 0 milliseconds

2023-12-20 12:54:10 - [MESSAGE][PASSED] - Browser is opened with url: ''

2023-12-20 12:54:10 - [TEST_STEP][PASSED] - maximizeWindow(): Current window maximized

2023-12-20 12:54:10 - [MESSAGE][PASSED] - Current window maximized

2023-12-20 12:54:10 - [TEST_STEP][PASSED] - navigateToUrl(RADurl): Navigate to 'https://qa2.velocitypayment.com/client/rad/index.html' successfully

2023-12-20 12:54:10 - [MESSAGE][PASSED] - Navigate to 'https://qa2.velocitypayment.com/client/rad/index.html' successfully

2023-12-20 12:54:10 - [TEST_STEP][PASSED] - orPath_Landing = "Object Repository/RAD_Pages/Landing_Page": null

2023-12-20 12:54:10 - [TEST_STEP][PASSED] - orPath_TaxTypeFilingYear = "Object Repository/RAD_Pages/TaxTypeFilingYear_Page": null

2023-12-20 12:54:10 - [TEST_STEP][PASSED] - orPath_TaxPayer = "Object Repository/RAD_Pages/Taxpayer_Page": null

2023-12-20 12:54:10 - [TEST_STEP][PASSED] - orPath_AddressContact = "Object Repository/RAD_Pages/AddressAndContactInfo_Page": null

2023-12-20 12:54:10 - [TEST_STEP][PASSED] - orPath_FilingStatus = "Object Repository/RAD_Pages/FilingStatus_Page": null

2023-12-20 12:54:10 - [TEST_STEP][PASSED] - orPath_Amount = "Object Repository/RAD_Pages/PaymentAmount_Page": null

2023-12-20 12:54:10 - [TEST_STEP][PASSED] - selectOptionByLabel(findTestObject(orPath_Landing + "/dd_TaxType"), Paymenttype, false): All options with label 'Quarterly Estimated Tax' are selected in object 'Object Repository/RAD_Pages/Landing_Page/dd_TaxType' 

2023-12-20 12:54:12 - [MESSAGE][PASSED] - All options with label 'Quarterly Estimated Tax' are selected in object 'Object Repository/RAD_Pages/Landing_Page/dd_TaxType' 

2023-12-20 12:54:12 - [TEST_STEP][PASSED] - delay(1): Delayed 1 second(s)

2023-12-20 12:54:13 - [MESSAGE][PASSED] - Delayed 1 second(s)

2023-12-20 12:54:13 - [TEST_STEP][PASSED] - switch (Paymenttype): null

2023-12-20 12:54:13 - [TEST_STEP][PASSED] - case "Quarterly Estimated Tax":: null

2023-12-20 12:54:13 - [TEST_STEP][PASSED] - selectOptionByLabel(findTestObject(orPath_TaxTypeFilingYear + "/select_PaymentType"), Taxtype, false): All options with label 'Corporate Income Tax' are selected in object 'Object Repository/RAD_Pages/TaxTypeFilingYear_Page/select_PaymentType' 

2023-12-20 12:54:14 - [MESSAGE][PASSED] - All options with label 'Corporate Income Tax' are selected in object 'Object Repository/RAD_Pages/TaxTypeFilingYear_Page/select_PaymentType' 

2023-12-20 12:54:14 - [TEST_STEP][PASSED] - break: null

2023-12-20 12:54:14 - [TEST_STEP][PASSED] - delay(1): Delayed 1 second(s)

2023-12-20 12:54:15 - [MESSAGE][PASSED] - Delayed 1 second(s)

2023-12-20 12:54:15 - [TEST_STEP][PASSED] - scrollToElement(findTestObject(orPath_Amount + "/input__paymentAmount"), 3): Scroll to object 'Object Repository/RAD_Pages/PaymentAmount_Page/input__paymentAmount' successfully

2023-12-20 12:54:15 - [MESSAGE][PASSED] - Scroll to object 'Object Repository/RAD_Pages/PaymentAmount_Page/input__paymentAmount' successfully

2023-12-20 12:54:15 - [TEST_STEP][PASSED] - setText(findTestObject(orPath_AddressContact + "/input_eMailAddress"), "imtiazster@gmail.com"): Text 'imtiazster@gmail.com' is set on object 'Object Repository/RAD_Pages/AddressAndContactInfo_Page/input_eMailAddress'

2023-12-20 12:54:16 - [MESSAGE][PASSED] - Text 'imtiazster@gmail.com' is set on object 'Object Repository/RAD_Pages/AddressAndContactInfo_Page/input_eMailAddress'

2023-12-20 12:54:16 - [TEST_STEP][PASSED] - setText(findTestObject(orPath_AddressContact + "/input_reEnterEMailAddress"), "iahmed@govolution.com"): Text 'iahmed@govolution.com' is set on object 'Object Repository/RAD_Pages/AddressAndContactInfo_Page/input_reEnterEMailAddress'

2023-12-20 12:54:17 - [MESSAGE][PASSED] - Text 'iahmed@govolution.com' is set on object 'Object Repository/RAD_Pages/AddressAndContactInfo_Page/input_reEnterEMailAddress'

2023-12-20 12:54:17 - [TEST_STEP][PASSED] - delay(2): Delayed 2 second(s)

2023-12-20 12:54:19 - [MESSAGE][PASSED] - Delayed 2 second(s)

2023-12-20 12:54:19 - [TEST_STEP][PASSED] - if (verifyTextPresent("The Email and Re-enter email do not match", true)): null

2023-12-20 12:54:19 - [MESSAGE][PASSED] - Text 'The Email and Re-enter email do not match' is present on page  using regular expression

2023-12-20 12:54:19 - [TEST_STEP][PASSED] - println("Emails Dont match text is present"): null

2023-12-20 12:54:19 - [TEST_STEP][PASSED] - out.println("Pass Record Number: " + row): null

2023-12-20 12:54:19 - [TEST_STEP][PASSED] - resText = "Pass": null

2023-12-20 12:54:19 - [TEST_STEP][PASSED] - pages.WriteExcel.demoKey(resText, datText, resColumn, datCloumn, fileLoc, nameSheet, row): pages.WriteExcel.demoKey is PASSED

2023-12-20 12:54:19 - [MESSAGE][PASSED] - pages.WriteExcel.demoKey is PASSED

2023-12-20 12:54:19 - [TEST_STEP][PASSED] - ExecuteTC = findTestData(dataFile).getValue("Execute", row): null

2023-12-20 12:54:19 - [TEST_STEP][PASSED] - Taxtype = findTestData(dataFile).getValue("TaxType", row): null

2023-12-20 12:54:19 - [TEST_STEP][PASSED] - Paymenttype = findTestData(dataFile).getValue("PaymentType", row): null

2023-12-20 12:54:19 - [TEST_STEP][PASSED] - out.println("Value of Execute is : " + ExecuteTC): null

2023-12-20 12:54:19 - [TEST_STEP][PASSED] - if (ExecuteTC.equalsIgnoreCase("Y")): null

2023-12-20 12:54:19 - [TEST_STEP][PASSED] - out.println("Begin Record Number: " + row): null

2023-12-20 12:54:19 - [TEST_STEP][PASSED] - today = new java.util.Date(): null

2023-12-20 12:54:19 - [TEST_STEP][PASSED] - println(today): null

2023-12-20 12:54:19 - [TEST_STEP][PASSED] - datText = today: null

2023-12-20 12:54:19 - [TEST_STEP][PASSED] - Taxtype = findTestData(dataFile).getValue("TaxType", row): null

2023-12-20 12:54:19 - [TEST_STEP][PASSED] - out.println("Taxtype value is : " + Taxtype): null

2023-12-20 12:54:19 - [TEST_STEP][PASSED] - openBrowser(""): Browser is opened with url: ''

2023-12-20 12:54:19 - [MESSAGE][WARNING] - A browser is already opened. Closing browser and opening a new one

2023-12-20 12:54:21 - [MESSAGE][INFO] - Starting 'Chrome' driver

2023-12-20 12:54:21 - [MESSAGE][INFO] - User set preference: ['acceptInsecureCerts', 'true']

2023-12-20 12:54:21 - [MESSAGE][INFO] - Action delay is set to 0 milliseconds

2023-12-20 12:54:22 - [MESSAGE][PASSED] - Browser is opened with url: ''

2023-12-20 12:54:22 - [TEST_STEP][PASSED] - maximizeWindow(): Current window maximized

2023-12-20 12:54:22 - [MESSAGE][PASSED] - Current window maximized

2023-12-20 12:54:22 - [TEST_STEP][PASSED] - navigateToUrl(RADurl): Navigate to 'https://qa2.velocitypayment.com/client/rad/index.html' successfully

2023-12-20 12:54:24 - [MESSAGE][PASSED] - Navigate to 'https://qa2.velocitypayment.com/client/rad/index.html' successfully

2023-12-20 12:54:24 - [TEST_STEP][PASSED] - orPath_Landing = "Object Repository/RAD_Pages/Landing_Page": null

2023-12-20 12:54:24 - [TEST_STEP][PASSED] - orPath_TaxTypeFilingYear = "Object Repository/RAD_Pages/TaxTypeFilingYear_Page": null

2023-12-20 12:54:24 - [TEST_STEP][PASSED] - orPath_TaxPayer = "Object Repository/RAD_Pages/Taxpayer_Page": null

2023-12-20 12:54:24 - [TEST_STEP][PASSED] - orPath_AddressContact = "Object Repository/RAD_Pages/AddressAndContactInfo_Page": null

2023-12-20 12:54:24 - [TEST_STEP][PASSED] - orPath_FilingStatus = "Object Repository/RAD_Pages/FilingStatus_Page": null

2023-12-20 12:54:24 - [TEST_STEP][PASSED] - orPath_Amount = "Object Repository/RAD_Pages/PaymentAmount_Page": null

2023-12-20 12:54:24 - [TEST_STEP][PASSED] - selectOptionByLabel(findTestObject(orPath_Landing + "/dd_TaxType"), Paymenttype, false): All options with label 'Quarterly Estimated Tax' are selected in object 'Object Repository/RAD_Pages/Landing_Page/dd_TaxType' 

2023-12-20 12:54:25 - [MESSAGE][PASSED] - All options with label 'Quarterly Estimated Tax' are selected in object 'Object Repository/RAD_Pages/Landing_Page/dd_TaxType' 

2023-12-20 12:54:25 - [TEST_STEP][PASSED] - delay(1): Delayed 1 second(s)

2023-12-20 12:54:26 - [MESSAGE][PASSED] - Delayed 1 second(s)

2023-12-20 12:54:26 - [TEST_STEP][PASSED] - switch (Paymenttype): null

2023-12-20 12:54:26 - [TEST_STEP][PASSED] - case "Quarterly Estimated Tax":: null

2023-12-20 12:54:26 - [TEST_STEP][PASSED] - selectOptionByLabel(findTestObject(orPath_TaxTypeFilingYear + "/select_PaymentType"), Taxtype, false): All options with label 'Fiduciary Tax' are selected in object 'Object Repository/RAD_Pages/TaxTypeFilingYear_Page/select_PaymentType' 

2023-12-20 12:54:26 - [MESSAGE][PASSED] - All options with label 'Fiduciary Tax' are selected in object 'Object Repository/RAD_Pages/TaxTypeFilingYear_Page/select_PaymentType' 

2023-12-20 12:54:26 - [TEST_STEP][PASSED] - break: null

2023-12-20 12:54:26 - [TEST_STEP][PASSED] - delay(1): Delayed 1 second(s)

2023-12-20 12:54:27 - [MESSAGE][PASSED] - Delayed 1 second(s)

2023-12-20 12:54:27 - [TEST_STEP][PASSED] - scrollToElement(findTestObject(orPath_Amount + "/input__paymentAmount"), 3): Scroll to object 'Object Repository/RAD_Pages/PaymentAmount_Page/input__paymentAmount' successfully

2023-12-20 12:54:27 - [MESSAGE][PASSED] - Scroll to object 'Object Repository/RAD_Pages/PaymentAmount_Page/input__paymentAmount' successfully

2023-12-20 12:54:27 - [TEST_STEP][PASSED] - setText(findTestObject(orPath_AddressContact + "/input_eMailAddress"), "imtiazster@gmail.com"): Text 'imtiazster@gmail.com' is set on object 'Object Repository/RAD_Pages/AddressAndContactInfo_Page/input_eMailAddress'

2023-12-20 12:54:28 - [MESSAGE][PASSED] - Text 'imtiazster@gmail.com' is set on object 'Object Repository/RAD_Pages/AddressAndContactInfo_Page/input_eMailAddress'

2023-12-20 12:54:28 - [TEST_STEP][PASSED] - setText(findTestObject(orPath_AddressContact + "/input_reEnterEMailAddress"), "iahmed@govolution.com"): Text 'iahmed@govolution.com' is set on object 'Object Repository/RAD_Pages/AddressAndContactInfo_Page/input_reEnterEMailAddress'

2023-12-20 12:54:29 - [MESSAGE][PASSED] - Text 'iahmed@govolution.com' is set on object 'Object Repository/RAD_Pages/AddressAndContactInfo_Page/input_reEnterEMailAddress'

2023-12-20 12:54:29 - [TEST_STEP][PASSED] - delay(2): Delayed 2 second(s)

2023-12-20 12:54:31 - [MESSAGE][PASSED] - Delayed 2 second(s)

2023-12-20 12:54:31 - [TEST_STEP][PASSED] - if (verifyTextPresent("The Email and Re-enter email do not match", true)): null

2023-12-20 12:54:32 - [MESSAGE][PASSED] - Text 'The Email and Re-enter email do not match' is present on page  using regular expression

2023-12-20 12:54:32 - [TEST_STEP][PASSED] - println("Emails Dont match text is present"): null

2023-12-20 12:54:32 - [TEST_STEP][PASSED] - out.println("Pass Record Number: " + row): null

2023-12-20 12:54:32 - [TEST_STEP][PASSED] - resText = "Pass": null

2023-12-20 12:54:32 - [TEST_STEP][PASSED] - pages.WriteExcel.demoKey(resText, datText, resColumn, datCloumn, fileLoc, nameSheet, row): pages.WriteExcel.demoKey is PASSED

2023-12-20 12:54:32 - [MESSAGE][PASSED] - pages.WriteExcel.demoKey is PASSED

2023-12-20 12:54:32 - [TEST_STEP][PASSED] - ExecuteTC = findTestData(dataFile).getValue("Execute", row): null

2023-12-20 12:54:32 - [TEST_STEP][PASSED] - Taxtype = findTestData(dataFile).getValue("TaxType", row): null

2023-12-20 12:54:32 - [TEST_STEP][PASSED] - Paymenttype = findTestData(dataFile).getValue("PaymentType", row): null

2023-12-20 12:54:32 - [TEST_STEP][PASSED] - out.println("Value of Execute is : " + ExecuteTC): null

2023-12-20 12:54:32 - [TEST_STEP][PASSED] - if (ExecuteTC.equalsIgnoreCase("Y")): null

2023-12-20 12:54:32 - [TEST_STEP][PASSED] - out.println("Begin Record Number: " + row): null

2023-12-20 12:54:32 - [TEST_STEP][PASSED] - today = new java.util.Date(): null

2023-12-20 12:54:32 - [TEST_STEP][PASSED] - println(today): null

2023-12-20 12:54:32 - [TEST_STEP][PASSED] - datText = today: null

2023-12-20 12:54:32 - [TEST_STEP][PASSED] - Taxtype = findTestData(dataFile).getValue("TaxType", row): null

2023-12-20 12:54:32 - [TEST_STEP][PASSED] - out.println("Taxtype value is : " + Taxtype): null

2023-12-20 12:54:32 - [TEST_STEP][PASSED] - openBrowser(""): Browser is opened with url: ''

2023-12-20 12:54:32 - [MESSAGE][WARNING] - A browser is already opened. Closing browser and opening a new one

2023-12-20 12:54:33 - [MESSAGE][INFO] - Starting 'Chrome' driver

2023-12-20 12:54:33 - [MESSAGE][INFO] - User set preference: ['acceptInsecureCerts', 'true']

2023-12-20 12:54:33 - [MESSAGE][INFO] - Action delay is set to 0 milliseconds

2023-12-20 12:54:35 - [MESSAGE][PASSED] - Browser is opened with url: ''

2023-12-20 12:54:35 - [TEST_STEP][PASSED] - maximizeWindow(): Current window maximized

2023-12-20 12:54:35 - [MESSAGE][PASSED] - Current window maximized

2023-12-20 12:54:35 - [TEST_STEP][PASSED] - navigateToUrl(RADurl): Navigate to 'https://qa2.velocitypayment.com/client/rad/index.html' successfully

2023-12-20 12:54:36 - [MESSAGE][PASSED] - Navigate to 'https://qa2.velocitypayment.com/client/rad/index.html' successfully

2023-12-20 12:54:36 - [TEST_STEP][PASSED] - orPath_Landing = "Object Repository/RAD_Pages/Landing_Page": null

2023-12-20 12:54:36 - [TEST_STEP][PASSED] - orPath_TaxTypeFilingYear = "Object Repository/RAD_Pages/TaxTypeFilingYear_Page": null

2023-12-20 12:54:36 - [TEST_STEP][PASSED] - orPath_TaxPayer = "Object Repository/RAD_Pages/Taxpayer_Page": null

2023-12-20 12:54:36 - [TEST_STEP][PASSED] - orPath_AddressContact = "Object Repository/RAD_Pages/AddressAndContactInfo_Page": null

2023-12-20 12:54:36 - [TEST_STEP][PASSED] - orPath_FilingStatus = "Object Repository/RAD_Pages/FilingStatus_Page": null

2023-12-20 12:54:36 - [TEST_STEP][PASSED] - orPath_Amount = "Object Repository/RAD_Pages/PaymentAmount_Page": null

2023-12-20 12:54:36 - [TEST_STEP][PASSED] - selectOptionByLabel(findTestObject(orPath_Landing + "/dd_TaxType"), Paymenttype, false): All options with label 'Quarterly Estimated Tax' are selected in object 'Object Repository/RAD_Pages/Landing_Page/dd_TaxType' 

2023-12-20 12:54:37 - [MESSAGE][PASSED] - All options with label 'Quarterly Estimated Tax' are selected in object 'Object Repository/RAD_Pages/Landing_Page/dd_TaxType' 

2023-12-20 12:54:37 - [TEST_STEP][PASSED] - delay(1): Delayed 1 second(s)

2023-12-20 12:54:38 - [MESSAGE][PASSED] - Delayed 1 second(s)

2023-12-20 12:54:38 - [TEST_STEP][PASSED] - switch (Paymenttype): null

2023-12-20 12:54:38 - [TEST_STEP][PASSED] - case "Quarterly Estimated Tax":: null

2023-12-20 12:54:38 - [TEST_STEP][PASSED] - selectOptionByLabel(findTestObject(orPath_TaxTypeFilingYear + "/select_PaymentType"), Taxtype, false): All options with label 'PTE Non-Electing Non-S Corp' are selected in object 'Object Repository/RAD_Pages/TaxTypeFilingYear_Page/select_PaymentType' 

2023-12-20 12:54:38 - [MESSAGE][PASSED] - All options with label 'PTE Non-Electing Non-S Corp' are selected in object 'Object Repository/RAD_Pages/TaxTypeFilingYear_Page/select_PaymentType' 

2023-12-20 12:54:38 - [TEST_STEP][PASSED] - break: null

2023-12-20 12:54:38 - [TEST_STEP][PASSED] - delay(1): Delayed 1 second(s)

2023-12-20 12:54:39 - [MESSAGE][PASSED] - Delayed 1 second(s)

2023-12-20 12:54:39 - [TEST_STEP][PASSED] - scrollToElement(findTestObject(orPath_Amount + "/input__paymentAmount"), 3): Scroll to object 'Object Repository/RAD_Pages/PaymentAmount_Page/input__paymentAmount' successfully

2023-12-20 12:54:40 - [MESSAGE][PASSED] - Scroll to object 'Object Repository/RAD_Pages/PaymentAmount_Page/input__paymentAmount' successfully

2023-12-20 12:54:40 - [TEST_STEP][PASSED] - setText(findTestObject(orPath_AddressContact + "/input_eMailAddress"), "imtiazster@gmail.com"): Text 'imtiazster@gmail.com' is set on object 'Object Repository/RAD_Pages/AddressAndContactInfo_Page/input_eMailAddress'

2023-12-20 12:54:41 - [MESSAGE][PASSED] - Text 'imtiazster@gmail.com' is set on object 'Object Repository/RAD_Pages/AddressAndContactInfo_Page/input_eMailAddress'

2023-12-20 12:54:41 - [TEST_STEP][PASSED] - setText(findTestObject(orPath_AddressContact + "/input_reEnterEMailAddress"), "iahmed@govolution.com"): Text 'iahmed@govolution.com' is set on object 'Object Repository/RAD_Pages/AddressAndContactInfo_Page/input_reEnterEMailAddress'

2023-12-20 12:54:42 - [MESSAGE][PASSED] - Text 'iahmed@govolution.com' is set on object 'Object Repository/RAD_Pages/AddressAndContactInfo_Page/input_reEnterEMailAddress'

2023-12-20 12:54:42 - [TEST_STEP][PASSED] - delay(2): Delayed 2 second(s)

2023-12-20 12:54:44 - [MESSAGE][PASSED] - Delayed 2 second(s)

2023-12-20 12:54:44 - [TEST_STEP][PASSED] - if (verifyTextPresent("The Email and Re-enter email do not match", true)): null

2023-12-20 12:54:44 - [MESSAGE][PASSED] - Text 'The Email and Re-enter email do not match' is present on page  using regular expression

2023-12-20 12:54:44 - [TEST_STEP][PASSED] - println("Emails Dont match text is present"): null

2023-12-20 12:54:44 - [TEST_STEP][PASSED] - out.println("Pass Record Number: " + row): null

2023-12-20 12:54:44 - [TEST_STEP][PASSED] - resText = "Pass": null

2023-12-20 12:54:44 - [TEST_STEP][PASSED] - pages.WriteExcel.demoKey(resText, datText, resColumn, datCloumn, fileLoc, nameSheet, row): pages.WriteExcel.demoKey is PASSED

2023-12-20 12:54:44 - [MESSAGE][PASSED] - pages.WriteExcel.demoKey is PASSED

2023-12-20 12:54:44 - [TEST_STEP][PASSED] - ExecuteTC = findTestData(dataFile).getValue("Execute", row): null

2023-12-20 12:54:44 - [TEST_STEP][PASSED] - Taxtype = findTestData(dataFile).getValue("TaxType", row): null

2023-12-20 12:54:44 - [TEST_STEP][PASSED] - Paymenttype = findTestData(dataFile).getValue("PaymentType", row): null

2023-12-20 12:54:44 - [TEST_STEP][PASSED] - out.println("Value of Execute is : " + ExecuteTC): null

2023-12-20 12:54:44 - [TEST_STEP][PASSED] - if (ExecuteTC.equalsIgnoreCase("Y")): null

2023-12-20 12:54:44 - [TEST_STEP][PASSED] - out.println("Begin Record Number: " + row): null

2023-12-20 12:54:44 - [TEST_STEP][PASSED] - today = new java.util.Date(): null

2023-12-20 12:54:44 - [TEST_STEP][PASSED] - println(today): null

2023-12-20 12:54:44 - [TEST_STEP][PASSED] - datText = today: null

2023-12-20 12:54:44 - [TEST_STEP][PASSED] - Taxtype = findTestData(dataFile).getValue("TaxType", row): null

2023-12-20 12:54:44 - [TEST_STEP][PASSED] - out.println("Taxtype value is : " + Taxtype): null

2023-12-20 12:54:44 - [TEST_STEP][PASSED] - openBrowser(""): Browser is opened with url: ''

2023-12-20 12:54:44 - [MESSAGE][WARNING] - A browser is already opened. Closing browser and opening a new one

2023-12-20 12:54:45 - [MESSAGE][INFO] - Starting 'Chrome' driver

2023-12-20 12:54:45 - [MESSAGE][INFO] - User set preference: ['acceptInsecureCerts', 'true']

2023-12-20 12:54:45 - [MESSAGE][INFO] - Action delay is set to 0 milliseconds

2023-12-20 12:54:47 - [MESSAGE][PASSED] - Browser is opened with url: ''

2023-12-20 12:54:47 - [TEST_STEP][PASSED] - maximizeWindow(): Current window maximized

2023-12-20 12:54:47 - [MESSAGE][PASSED] - Current window maximized

2023-12-20 12:54:47 - [TEST_STEP][PASSED] - navigateToUrl(RADurl): Navigate to 'https://qa2.velocitypayment.com/client/rad/index.html' successfully

2023-12-20 12:54:47 - [MESSAGE][PASSED] - Navigate to 'https://qa2.velocitypayment.com/client/rad/index.html' successfully

2023-12-20 12:54:47 - [TEST_STEP][PASSED] - orPath_Landing = "Object Repository/RAD_Pages/Landing_Page": null

2023-12-20 12:54:47 - [TEST_STEP][PASSED] - orPath_TaxTypeFilingYear = "Object Repository/RAD_Pages/TaxTypeFilingYear_Page": null

2023-12-20 12:54:47 - [TEST_STEP][PASSED] - orPath_TaxPayer = "Object Repository/RAD_Pages/Taxpayer_Page": null

2023-12-20 12:54:47 - [TEST_STEP][PASSED] - orPath_AddressContact = "Object Repository/RAD_Pages/AddressAndContactInfo_Page": null

2023-12-20 12:54:47 - [TEST_STEP][PASSED] - orPath_FilingStatus = "Object Repository/RAD_Pages/FilingStatus_Page": null

2023-12-20 12:54:47 - [TEST_STEP][PASSED] - orPath_Amount = "Object Repository/RAD_Pages/PaymentAmount_Page": null

2023-12-20 12:54:47 - [TEST_STEP][PASSED] - selectOptionByLabel(findTestObject(orPath_Landing + "/dd_TaxType"), Paymenttype, false): All options with label 'Quarterly Estimated Tax' are selected in object 'Object Repository/RAD_Pages/Landing_Page/dd_TaxType' 

2023-12-20 12:54:49 - [MESSAGE][PASSED] - All options with label 'Quarterly Estimated Tax' are selected in object 'Object Repository/RAD_Pages/Landing_Page/dd_TaxType' 

2023-12-20 12:54:49 - [TEST_STEP][PASSED] - delay(1): Delayed 1 second(s)

2023-12-20 12:54:50 - [MESSAGE][PASSED] - Delayed 1 second(s)

2023-12-20 12:54:50 - [TEST_STEP][PASSED] - switch (Paymenttype): null

2023-12-20 12:54:50 - [TEST_STEP][PASSED] - case "Quarterly Estimated Tax":: null

2023-12-20 12:54:50 - [TEST_STEP][PASSED] - selectOptionByLabel(findTestObject(orPath_TaxTypeFilingYear + "/select_PaymentType"), Taxtype, false): All options with label 'PTE Non-Electing S Corp' are selected in object 'Object Repository/RAD_Pages/TaxTypeFilingYear_Page/select_PaymentType' 

2023-12-20 12:54:51 - [MESSAGE][PASSED] - All options with label 'PTE Non-Electing S Corp' are selected in object 'Object Repository/RAD_Pages/TaxTypeFilingYear_Page/select_PaymentType' 

2023-12-20 12:54:51 - [TEST_STEP][PASSED] - break: null

2023-12-20 12:54:51 - [TEST_STEP][PASSED] - delay(1): Delayed 1 second(s)

2023-12-20 12:54:52 - [MESSAGE][PASSED] - Delayed 1 second(s)

2023-12-20 12:54:52 - [TEST_STEP][PASSED] - scrollToElement(findTestObject(orPath_Amount + "/input__paymentAmount"), 3): Scroll to object 'Object Repository/RAD_Pages/PaymentAmount_Page/input__paymentAmount' successfully

2023-12-20 12:54:52 - [MESSAGE][PASSED] - Scroll to object 'Object Repository/RAD_Pages/PaymentAmount_Page/input__paymentAmount' successfully

2023-12-20 12:54:52 - [TEST_STEP][PASSED] - setText(findTestObject(orPath_AddressContact + "/input_eMailAddress"), "imtiazster@gmail.com"): Text 'imtiazster@gmail.com' is set on object 'Object Repository/RAD_Pages/AddressAndContactInfo_Page/input_eMailAddress'

2023-12-20 12:54:53 - [MESSAGE][PASSED] - Text 'imtiazster@gmail.com' is set on object 'Object Repository/RAD_Pages/AddressAndContactInfo_Page/input_eMailAddress'

2023-12-20 12:54:53 - [TEST_STEP][PASSED] - setText(findTestObject(orPath_AddressContact + "/input_reEnterEMailAddress"), "iahmed@govolution.com"): Text 'iahmed@govolution.com' is set on object 'Object Repository/RAD_Pages/AddressAndContactInfo_Page/input_reEnterEMailAddress'

2023-12-20 12:54:54 - [MESSAGE][PASSED] - Text 'iahmed@govolution.com' is set on object 'Object Repository/RAD_Pages/AddressAndContactInfo_Page/input_reEnterEMailAddress'

2023-12-20 12:54:54 - [TEST_STEP][PASSED] - delay(2): Delayed 2 second(s)

2023-12-20 12:54:56 - [MESSAGE][PASSED] - Delayed 2 second(s)

2023-12-20 12:54:56 - [TEST_STEP][PASSED] - if (verifyTextPresent("The Email and Re-enter email do not match", true)): null

2023-12-20 12:54:56 - [MESSAGE][PASSED] - Text 'The Email and Re-enter email do not match' is present on page  using regular expression

2023-12-20 12:54:56 - [TEST_STEP][PASSED] - println("Emails Dont match text is present"): null

2023-12-20 12:54:56 - [TEST_STEP][PASSED] - out.println("Pass Record Number: " + row): null

2023-12-20 12:54:56 - [TEST_STEP][PASSED] - resText = "Pass": null

2023-12-20 12:54:56 - [TEST_STEP][PASSED] - pages.WriteExcel.demoKey(resText, datText, resColumn, datCloumn, fileLoc, nameSheet, row): pages.WriteExcel.demoKey is PASSED

2023-12-20 12:54:56 - [MESSAGE][PASSED] - pages.WriteExcel.demoKey is PASSED

2023-12-20 12:54:56 - [TEST_STEP][PASSED] - ExecuteTC = findTestData(dataFile).getValue("Execute", row): null

2023-12-20 12:54:56 - [TEST_STEP][PASSED] - Taxtype = findTestData(dataFile).getValue("TaxType", row): null

2023-12-20 12:54:56 - [TEST_STEP][PASSED] - Paymenttype = findTestData(dataFile).getValue("PaymentType", row): null

2023-12-20 12:54:57 - [TEST_STEP][PASSED] - out.println("Value of Execute is : " + ExecuteTC): null

2023-12-20 12:54:57 - [TEST_STEP][PASSED] - if (ExecuteTC.equalsIgnoreCase("Y")): null

2023-12-20 12:54:57 - [TEST_STEP][PASSED] - out.println("Begin Record Number: " + row): null

2023-12-20 12:54:57 - [TEST_STEP][PASSED] - today = new java.util.Date(): null

2023-12-20 12:54:57 - [TEST_STEP][PASSED] - println(today): null

2023-12-20 12:54:57 - [TEST_STEP][PASSED] - datText = today: null

2023-12-20 12:54:57 - [TEST_STEP][PASSED] - Taxtype = findTestData(dataFile).getValue("TaxType", row): null

2023-12-20 12:54:57 - [TEST_STEP][PASSED] - out.println("Taxtype value is : " + Taxtype): null

2023-12-20 12:54:57 - [TEST_STEP][PASSED] - openBrowser(""): Browser is opened with url: ''

2023-12-20 12:54:57 - [MESSAGE][WARNING] - A browser is already opened. Closing browser and opening a new one

2023-12-20 12:54:57 - [MESSAGE][INFO] - Starting 'Chrome' driver

2023-12-20 12:54:57 - [MESSAGE][INFO] - User set preference: ['acceptInsecureCerts', 'true']

2023-12-20 12:54:57 - [MESSAGE][INFO] - Action delay is set to 0 milliseconds

2023-12-20 12:54:59 - [MESSAGE][PASSED] - Browser is opened with url: ''

2023-12-20 12:54:59 - [TEST_STEP][PASSED] - maximizeWindow(): Current window maximized

2023-12-20 12:54:59 - [MESSAGE][PASSED] - Current window maximized

2023-12-20 12:54:59 - [TEST_STEP][PASSED] - navigateToUrl(RADurl): Navigate to 'https://qa2.velocitypayment.com/client/rad/index.html' successfully

2023-12-20 12:55:01 - [MESSAGE][PASSED] - Navigate to 'https://qa2.velocitypayment.com/client/rad/index.html' successfully

2023-12-20 12:55:01 - [TEST_STEP][PASSED] - orPath_Landing = "Object Repository/RAD_Pages/Landing_Page": null

2023-12-20 12:55:01 - [TEST_STEP][PASSED] - orPath_TaxTypeFilingYear = "Object Repository/RAD_Pages/TaxTypeFilingYear_Page": null

2023-12-20 12:55:01 - [TEST_STEP][PASSED] - orPath_TaxPayer = "Object Repository/RAD_Pages/Taxpayer_Page": null

2023-12-20 12:55:01 - [TEST_STEP][PASSED] - orPath_AddressContact = "Object Repository/RAD_Pages/AddressAndContactInfo_Page": null

2023-12-20 12:55:01 - [TEST_STEP][PASSED] - orPath_FilingStatus = "Object Repository/RAD_Pages/FilingStatus_Page": null

2023-12-20 12:55:01 - [TEST_STEP][PASSED] - orPath_Amount = "Object Repository/RAD_Pages/PaymentAmount_Page": null

2023-12-20 12:55:01 - [TEST_STEP][PASSED] - selectOptionByLabel(findTestObject(orPath_Landing + "/dd_TaxType"), Paymenttype, false): All options with label 'Quarterly Estimated Tax' are selected in object 'Object Repository/RAD_Pages/Landing_Page/dd_TaxType' 

2023-12-20 12:55:01 - [MESSAGE][PASSED] - All options with label 'Quarterly Estimated Tax' are selected in object 'Object Repository/RAD_Pages/Landing_Page/dd_TaxType' 

2023-12-20 12:55:01 - [TEST_STEP][PASSED] - delay(1): Delayed 1 second(s)

2023-12-20 12:55:02 - [MESSAGE][PASSED] - Delayed 1 second(s)

2023-12-20 12:55:02 - [TEST_STEP][PASSED] - switch (Paymenttype): null

2023-12-20 12:55:02 - [TEST_STEP][PASSED] - case "Quarterly Estimated Tax":: null

2023-12-20 12:55:02 - [TEST_STEP][PASSED] - selectOptionByLabel(findTestObject(orPath_TaxTypeFilingYear + "/select_PaymentType"), Taxtype, false): All options with label 'PTE Tax Electing Non-S Corp' are selected in object 'Object Repository/RAD_Pages/TaxTypeFilingYear_Page/select_PaymentType' 

2023-12-20 12:55:03 - [MESSAGE][PASSED] - All options with label 'PTE Tax Electing Non-S Corp' are selected in object 'Object Repository/RAD_Pages/TaxTypeFilingYear_Page/select_PaymentType' 

2023-12-20 12:55:03 - [TEST_STEP][PASSED] - break: null

2023-12-20 12:55:03 - [TEST_STEP][PASSED] - delay(1): Delayed 1 second(s)

2023-12-20 12:55:04 - [MESSAGE][PASSED] - Delayed 1 second(s)

2023-12-20 12:55:04 - [TEST_STEP][PASSED] - scrollToElement(findTestObject(orPath_Amount + "/input__paymentAmount"), 3): Scroll to object 'Object Repository/RAD_Pages/PaymentAmount_Page/input__paymentAmount' successfully

2023-12-20 12:55:04 - [MESSAGE][PASSED] - Scroll to object 'Object Repository/RAD_Pages/PaymentAmount_Page/input__paymentAmount' successfully

2023-12-20 12:55:04 - [TEST_STEP][PASSED] - setText(findTestObject(orPath_AddressContact + "/input_eMailAddress"), "imtiazster@gmail.com"): Text 'imtiazster@gmail.com' is set on object 'Object Repository/RAD_Pages/AddressAndContactInfo_Page/input_eMailAddress'

2023-12-20 12:55:05 - [MESSAGE][PASSED] - Text 'imtiazster@gmail.com' is set on object 'Object Repository/RAD_Pages/AddressAndContactInfo_Page/input_eMailAddress'

2023-12-20 12:55:05 - [TEST_STEP][PASSED] - setText(findTestObject(orPath_AddressContact + "/input_reEnterEMailAddress"), "iahmed@govolution.com"): Text 'iahmed@govolution.com' is set on object 'Object Repository/RAD_Pages/AddressAndContactInfo_Page/input_reEnterEMailAddress'

2023-12-20 12:55:06 - [MESSAGE][PASSED] - Text 'iahmed@govolution.com' is set on object 'Object Repository/RAD_Pages/AddressAndContactInfo_Page/input_reEnterEMailAddress'

2023-12-20 12:55:06 - [TEST_STEP][PASSED] - delay(2): Delayed 2 second(s)

2023-12-20 12:55:08 - [MESSAGE][PASSED] - Delayed 2 second(s)

2023-12-20 12:55:08 - [TEST_STEP][PASSED] - if (verifyTextPresent("The Email and Re-enter email do not match", true)): null

2023-12-20 12:55:09 - [MESSAGE][PASSED] - Text 'The Email and Re-enter email do not match' is present on page  using regular expression

2023-12-20 12:55:09 - [TEST_STEP][PASSED] - println("Emails Dont match text is present"): null

2023-12-20 12:55:09 - [TEST_STEP][PASSED] - out.println("Pass Record Number: " + row): null

2023-12-20 12:55:09 - [TEST_STEP][PASSED] - resText = "Pass": null

2023-12-20 12:55:09 - [TEST_STEP][PASSED] - pages.WriteExcel.demoKey(resText, datText, resColumn, datCloumn, fileLoc, nameSheet, row): pages.WriteExcel.demoKey is PASSED

2023-12-20 12:55:09 - [MESSAGE][PASSED] - pages.WriteExcel.demoKey is PASSED

2023-12-20 12:55:09 - [TEST_STEP][PASSED] - ExecuteTC = findTestData(dataFile).getValue("Execute", row): null

2023-12-20 12:55:09 - [TEST_STEP][PASSED] - Taxtype = findTestData(dataFile).getValue("TaxType", row): null

2023-12-20 12:55:09 - [TEST_STEP][PASSED] - Paymenttype = findTestData(dataFile).getValue("PaymentType", row): null

2023-12-20 12:55:09 - [TEST_STEP][PASSED] - out.println("Value of Execute is : " + ExecuteTC): null

2023-12-20 12:55:09 - [TEST_STEP][PASSED] - if (ExecuteTC.equalsIgnoreCase("Y")): null

2023-12-20 12:55:09 - [TEST_STEP][PASSED] - out.println("Begin Record Number: " + row): null

2023-12-20 12:55:09 - [TEST_STEP][PASSED] - today = new java.util.Date(): null

2023-12-20 12:55:09 - [TEST_STEP][PASSED] - println(today): null

2023-12-20 12:55:09 - [TEST_STEP][PASSED] - datText = today: null

2023-12-20 12:55:09 - [TEST_STEP][PASSED] - Taxtype = findTestData(dataFile).getValue("TaxType", row): null

2023-12-20 12:55:09 - [TEST_STEP][PASSED] - out.println("Taxtype value is : " + Taxtype): null

2023-12-20 12:55:09 - [TEST_STEP][PASSED] - openBrowser(""): Browser is opened with url: ''

2023-12-20 12:55:09 - [MESSAGE][WARNING] - A browser is already opened. Closing browser and opening a new one

2023-12-20 12:55:10 - [MESSAGE][INFO] - Starting 'Chrome' driver

2023-12-20 12:55:10 - [MESSAGE][INFO] - User set preference: ['acceptInsecureCerts', 'true']

2023-12-20 12:55:10 - [MESSAGE][INFO] - Action delay is set to 0 milliseconds

2023-12-20 12:55:11 - [MESSAGE][PASSED] - Browser is opened with url: ''

2023-12-20 12:55:11 - [TEST_STEP][PASSED] - maximizeWindow(): Current window maximized

2023-12-20 12:55:11 - [MESSAGE][PASSED] - Current window maximized

2023-12-20 12:55:11 - [TEST_STEP][PASSED] - navigateToUrl(RADurl): Navigate to 'https://qa2.velocitypayment.com/client/rad/index.html' successfully

2023-12-20 12:55:13 - [MESSAGE][PASSED] - Navigate to 'https://qa2.velocitypayment.com/client/rad/index.html' successfully

2023-12-20 12:55:13 - [TEST_STEP][PASSED] - orPath_Landing = "Object Repository/RAD_Pages/Landing_Page": null

2023-12-20 12:55:13 - [TEST_STEP][PASSED] - orPath_TaxTypeFilingYear = "Object Repository/RAD_Pages/TaxTypeFilingYear_Page": null

2023-12-20 12:55:13 - [TEST_STEP][PASSED] - orPath_TaxPayer = "Object Repository/RAD_Pages/Taxpayer_Page": null

2023-12-20 12:55:13 - [TEST_STEP][PASSED] - orPath_AddressContact = "Object Repository/RAD_Pages/AddressAndContactInfo_Page": null

2023-12-20 12:55:13 - [TEST_STEP][PASSED] - orPath_FilingStatus = "Object Repository/RAD_Pages/FilingStatus_Page": null

2023-12-20 12:55:13 - [TEST_STEP][PASSED] - orPath_Amount = "Object Repository/RAD_Pages/PaymentAmount_Page": null

2023-12-20 12:55:13 - [TEST_STEP][PASSED] - selectOptionByLabel(findTestObject(orPath_Landing + "/dd_TaxType"), Paymenttype, false): All options with label 'Quarterly Estimated Tax' are selected in object 'Object Repository/RAD_Pages/Landing_Page/dd_TaxType' 

2023-12-20 12:55:14 - [MESSAGE][PASSED] - All options with label 'Quarterly Estimated Tax' are selected in object 'Object Repository/RAD_Pages/Landing_Page/dd_TaxType' 

2023-12-20 12:55:14 - [TEST_STEP][PASSED] - delay(1): Delayed 1 second(s)

2023-12-20 12:55:15 - [MESSAGE][PASSED] - Delayed 1 second(s)

2023-12-20 12:55:15 - [TEST_STEP][PASSED] - switch (Paymenttype): null

2023-12-20 12:55:15 - [TEST_STEP][PASSED] - case "Quarterly Estimated Tax":: null

2023-12-20 12:55:15 - [TEST_STEP][PASSED] - selectOptionByLabel(findTestObject(orPath_TaxTypeFilingYear + "/select_PaymentType"), Taxtype, false): All options with label 'PTE Tax Electing S Corp' are selected in object 'Object Repository/RAD_Pages/TaxTypeFilingYear_Page/select_PaymentType' 

2023-12-20 12:55:15 - [MESSAGE][PASSED] - All options with label 'PTE Tax Electing S Corp' are selected in object 'Object Repository/RAD_Pages/TaxTypeFilingYear_Page/select_PaymentType' 

2023-12-20 12:55:15 - [TEST_STEP][PASSED] - break: null

2023-12-20 12:55:15 - [TEST_STEP][PASSED] - delay(1): Delayed 1 second(s)

2023-12-20 12:55:16 - [MESSAGE][PASSED] - Delayed 1 second(s)

2023-12-20 12:55:16 - [TEST_STEP][PASSED] - scrollToElement(findTestObject(orPath_Amount + "/input__paymentAmount"), 3): Scroll to object 'Object Repository/RAD_Pages/PaymentAmount_Page/input__paymentAmount' successfully

2023-12-20 12:55:17 - [MESSAGE][PASSED] - Scroll to object 'Object Repository/RAD_Pages/PaymentAmount_Page/input__paymentAmount' successfully

2023-12-20 12:55:17 - [TEST_STEP][PASSED] - setText(findTestObject(orPath_AddressContact + "/input_eMailAddress"), "imtiazster@gmail.com"): Text 'imtiazster@gmail.com' is set on object 'Object Repository/RAD_Pages/AddressAndContactInfo_Page/input_eMailAddress'

2023-12-20 12:55:18 - [MESSAGE][PASSED] - Text 'imtiazster@gmail.com' is set on object 'Object Repository/RAD_Pages/AddressAndContactInfo_Page/input_eMailAddress'

2023-12-20 12:55:18 - [TEST_STEP][PASSED] - setText(findTestObject(orPath_AddressContact + "/input_reEnterEMailAddress"), "iahmed@govolution.com"): Text 'iahmed@govolution.com' is set on object 'Object Repository/RAD_Pages/AddressAndContactInfo_Page/input_reEnterEMailAddress'

2023-12-20 12:55:19 - [MESSAGE][PASSED] - Text 'iahmed@govolution.com' is set on object 'Object Repository/RAD_Pages/AddressAndContactInfo_Page/input_reEnterEMailAddress'

2023-12-20 12:55:19 - [TEST_STEP][PASSED] - delay(2): Delayed 2 second(s)

2023-12-20 12:55:21 - [MESSAGE][PASSED] - Delayed 2 second(s)

2023-12-20 12:55:21 - [TEST_STEP][PASSED] - if (verifyTextPresent("The Email and Re-enter email do not match", true)): null

2023-12-20 12:55:21 - [MESSAGE][PASSED] - Text 'The Email and Re-enter email do not match' is present on page  using regular expression

2023-12-20 12:55:21 - [TEST_STEP][PASSED] - println("Emails Dont match text is present"): null

2023-12-20 12:55:21 - [TEST_STEP][PASSED] - out.println("Pass Record Number: " + row): null

2023-12-20 12:55:21 - [TEST_STEP][PASSED] - resText = "Pass": null

2023-12-20 12:55:21 - [TEST_STEP][PASSED] - pages.WriteExcel.demoKey(resText, datText, resColumn, datCloumn, fileLoc, nameSheet, row): pages.WriteExcel.demoKey is PASSED

2023-12-20 12:55:21 - [MESSAGE][PASSED] - pages.WriteExcel.demoKey is PASSED

2023-12-20 12:55:21 - [TEST_STEP][PASSED] - ExecuteTC = findTestData(dataFile).getValue("Execute", row): null

2023-12-20 12:55:21 - [TEST_STEP][PASSED] - Taxtype = findTestData(dataFile).getValue("TaxType", row): null

2023-12-20 12:55:21 - [TEST_STEP][PASSED] - Paymenttype = findTestData(dataFile).getValue("PaymentType", row): null

2023-12-20 12:55:21 - [TEST_STEP][PASSED] - out.println("Value of Execute is : " + ExecuteTC): null

2023-12-20 12:55:21 - [TEST_STEP][PASSED] - if (ExecuteTC.equalsIgnoreCase("Y")): null

2023-12-20 12:55:21 - [TEST_STEP][PASSED] - out.println("Begin Record Number: " + row): null

2023-12-20 12:55:21 - [TEST_STEP][PASSED] - today = new java.util.Date(): null

2023-12-20 12:55:21 - [TEST_STEP][PASSED] - println(today): null

2023-12-20 12:55:21 - [TEST_STEP][PASSED] - datText = today: null

2023-12-20 12:55:21 - [TEST_STEP][PASSED] - Taxtype = findTestData(dataFile).getValue("TaxType", row): null

2023-12-20 12:55:21 - [TEST_STEP][PASSED] - out.println("Taxtype value is : " + Taxtype): null

2023-12-20 12:55:21 - [TEST_STEP][PASSED] - openBrowser(""): Browser is opened with url: ''

2023-12-20 12:55:21 - [MESSAGE][WARNING] - A browser is already opened. Closing browser and opening a new one

2023-12-20 12:55:22 - [MESSAGE][INFO] - Starting 'Chrome' driver

2023-12-20 12:55:22 - [MESSAGE][INFO] - User set preference: ['acceptInsecureCerts', 'true']

2023-12-20 12:55:22 - [MESSAGE][INFO] - Action delay is set to 0 milliseconds

2023-12-20 12:55:24 - [MESSAGE][PASSED] - Browser is opened with url: ''

2023-12-20 12:55:24 - [TEST_STEP][PASSED] - maximizeWindow(): Current window maximized

2023-12-20 12:55:24 - [MESSAGE][PASSED] - Current window maximized

2023-12-20 12:55:24 - [TEST_STEP][PASSED] - navigateToUrl(RADurl): Navigate to 'https://qa2.velocitypayment.com/client/rad/index.html' successfully

2023-12-20 12:55:26 - [MESSAGE][PASSED] - Navigate to 'https://qa2.velocitypayment.com/client/rad/index.html' successfully

2023-12-20 12:55:26 - [TEST_STEP][PASSED] - orPath_Landing = "Object Repository/RAD_Pages/Landing_Page": null

2023-12-20 12:55:26 - [TEST_STEP][PASSED] - orPath_TaxTypeFilingYear = "Object Repository/RAD_Pages/TaxTypeFilingYear_Page": null

2023-12-20 12:55:26 - [TEST_STEP][PASSED] - orPath_TaxPayer = "Object Repository/RAD_Pages/Taxpayer_Page": null

2023-12-20 12:55:26 - [TEST_STEP][PASSED] - orPath_AddressContact = "Object Repository/RAD_Pages/AddressAndContactInfo_Page": null

2023-12-20 12:55:26 - [TEST_STEP][PASSED] - orPath_FilingStatus = "Object Repository/RAD_Pages/FilingStatus_Page": null

2023-12-20 12:55:26 - [TEST_STEP][PASSED] - orPath_Amount = "Object Repository/RAD_Pages/PaymentAmount_Page": null

2023-12-20 12:55:26 - [TEST_STEP][PASSED] - selectOptionByLabel(findTestObject(orPath_Landing + "/dd_TaxType"), Paymenttype, false): All options with label 'Quarterly Estimated Tax' are selected in object 'Object Repository/RAD_Pages/Landing_Page/dd_TaxType' 

2023-12-20 12:55:26 - [MESSAGE][PASSED] - All options with label 'Quarterly Estimated Tax' are selected in object 'Object Repository/RAD_Pages/Landing_Page/dd_TaxType' 

2023-12-20 12:55:26 - [TEST_STEP][PASSED] - delay(1): Delayed 1 second(s)

2023-12-20 12:55:27 - [MESSAGE][PASSED] - Delayed 1 second(s)

2023-12-20 12:55:27 - [TEST_STEP][PASSED] - switch (Paymenttype): null

2023-12-20 12:55:27 - [TEST_STEP][PASSED] - case "Quarterly Estimated Tax":: null

2023-12-20 12:55:27 - [TEST_STEP][PASSED] - selectOptionByLabel(findTestObject(orPath_TaxTypeFilingYear + "/select_PaymentType"), Taxtype, false): All options with label 'Personal Income Tax' are selected in object 'Object Repository/RAD_Pages/TaxTypeFilingYear_Page/select_PaymentType' 

2023-12-20 12:55:28 - [MESSAGE][PASSED] - All options with label 'Personal Income Tax' are selected in object 'Object Repository/RAD_Pages/TaxTypeFilingYear_Page/select_PaymentType' 

2023-12-20 12:55:28 - [TEST_STEP][PASSED] - break: null

2023-12-20 12:55:28 - [TEST_STEP][PASSED] - delay(1): Delayed 1 second(s)

2023-12-20 12:55:29 - [MESSAGE][PASSED] - Delayed 1 second(s)

2023-12-20 12:55:29 - [TEST_STEP][PASSED] - scrollToElement(findTestObject(orPath_Amount + "/input__paymentAmount"), 3): Scroll to object 'Object Repository/RAD_Pages/PaymentAmount_Page/input__paymentAmount' successfully

2023-12-20 12:55:29 - [MESSAGE][PASSED] - Scroll to object 'Object Repository/RAD_Pages/PaymentAmount_Page/input__paymentAmount' successfully

2023-12-20 12:55:29 - [TEST_STEP][PASSED] - setText(findTestObject(orPath_AddressContact + "/input_eMailAddress"), "imtiazster@gmail.com"): Text 'imtiazster@gmail.com' is set on object 'Object Repository/RAD_Pages/AddressAndContactInfo_Page/input_eMailAddress'

2023-12-20 12:55:30 - [MESSAGE][PASSED] - Text 'imtiazster@gmail.com' is set on object 'Object Repository/RAD_Pages/AddressAndContactInfo_Page/input_eMailAddress'

2023-12-20 12:55:30 - [TEST_STEP][PASSED] - setText(findTestObject(orPath_AddressContact + "/input_reEnterEMailAddress"), "iahmed@govolution.com"): Text 'iahmed@govolution.com' is set on object 'Object Repository/RAD_Pages/AddressAndContactInfo_Page/input_reEnterEMailAddress'

2023-12-20 12:55:31 - [MESSAGE][PASSED] - Text 'iahmed@govolution.com' is set on object 'Object Repository/RAD_Pages/AddressAndContactInfo_Page/input_reEnterEMailAddress'

2023-12-20 12:55:31 - [TEST_STEP][PASSED] - delay(2): Delayed 2 second(s)

2023-12-20 12:55:33 - [MESSAGE][PASSED] - Delayed 2 second(s)

2023-12-20 12:55:33 - [TEST_STEP][PASSED] - if (verifyTextPresent("The Email and Re-enter email do not match", true)): null

2023-12-20 12:55:33 - [MESSAGE][PASSED] - Text 'The Email and Re-enter email do not match' is present on page  using regular expression

2023-12-20 12:55:33 - [TEST_STEP][PASSED] - println("Emails Dont match text is present"): null

2023-12-20 12:55:33 - [TEST_STEP][PASSED] - out.println("Pass Record Number: " + row): null

2023-12-20 12:55:33 - [TEST_STEP][PASSED] - resText = "Pass": null

2023-12-20 12:55:33 - [TEST_STEP][PASSED] - pages.WriteExcel.demoKey(resText, datText, resColumn, datCloumn, fileLoc, nameSheet, row): pages.WriteExcel.demoKey is PASSED

2023-12-20 12:55:33 - [MESSAGE][PASSED] - pages.WriteExcel.demoKey is PASSED

2023-12-20 12:55:33 - [TEST_STEP][PASSED] - ExecuteTC = findTestData(dataFile).getValue("Execute", row): null

2023-12-20 12:55:34 - [TEST_STEP][PASSED] - Taxtype = findTestData(dataFile).getValue("TaxType", row): null

2023-12-20 12:55:34 - [TEST_STEP][PASSED] - Paymenttype = findTestData(dataFile).getValue("PaymentType", row): null

2023-12-20 12:55:34 - [TEST_STEP][PASSED] - out.println("Value of Execute is : " + ExecuteTC): null

2023-12-20 12:55:34 - [TEST_STEP][PASSED] - if (ExecuteTC.equalsIgnoreCase("Y")): null

2023-12-20 12:55:34 - [TEST_STEP][PASSED] - ExecuteTC = findTestData(dataFile).getValue("Execute", row): null

2023-12-20 12:55:34 - [TEST_STEP][PASSED] - Taxtype = findTestData(dataFile).getValue("TaxType", row): null

2023-12-20 12:55:34 - [TEST_STEP][PASSED] - Paymenttype = findTestData(dataFile).getValue("PaymentType", row): null

2023-12-20 12:55:34 - [TEST_STEP][PASSED] - out.println("Value of Execute is : " + ExecuteTC): null

2023-12-20 12:55:34 - [TEST_STEP][PASSED] - if (ExecuteTC.equalsIgnoreCase("Y")): null

2023-12-20 12:55:34 - [TEST_STEP][PASSED] - ExecuteTC = findTestData(dataFile).getValue("Execute", row): null

2023-12-20 12:55:34 - [TEST_STEP][PASSED] - Taxtype = findTestData(dataFile).getValue("TaxType", row): null

2023-12-20 12:55:34 - [TEST_STEP][PASSED] - Paymenttype = findTestData(dataFile).getValue("PaymentType", row): null

2023-12-20 12:55:34 - [TEST_STEP][PASSED] - out.println("Value of Execute is : " + ExecuteTC): null

2023-12-20 12:55:34 - [TEST_STEP][PASSED] - if (ExecuteTC.equalsIgnoreCase("Y")): null

2023-12-20 12:55:34 - [TEST_STEP][PASSED] - ExecuteTC = findTestData(dataFile).getValue("Execute", row): null

2023-12-20 12:55:34 - [TEST_STEP][PASSED] - Taxtype = findTestData(dataFile).getValue("TaxType", row): null

2023-12-20 12:55:34 - [TEST_STEP][PASSED] - Paymenttype = findTestData(dataFile).getValue("PaymentType", row): null

2023-12-20 12:55:34 - [TEST_STEP][PASSED] - out.println("Value of Execute is : " + ExecuteTC): null

2023-12-20 12:55:34 - [TEST_STEP][PASSED] - if (ExecuteTC.equalsIgnoreCase("Y")): null

2023-12-20 12:55:34 - [TEST_STEP][PASSED] - ExecuteTC = findTestData(dataFile).getValue("Execute", row): null

2023-12-20 12:55:34 - [TEST_STEP][PASSED] - Taxtype = findTestData(dataFile).getValue("TaxType", row): null

2023-12-20 12:55:34 - [TEST_STEP][PASSED] - Paymenttype = findTestData(dataFile).getValue("PaymentType", row): null

2023-12-20 12:55:34 - [TEST_STEP][PASSED] - out.println("Value of Execute is : " + ExecuteTC): null

2023-12-20 12:55:34 - [TEST_STEP][PASSED] - if (ExecuteTC.equalsIgnoreCase("Y")): null

2023-12-20 12:55:34 - [TEST_STEP][PASSED] - ExecuteTC = findTestData(dataFile).getValue("Execute", row): null

2023-12-20 12:55:34 - [TEST_STEP][PASSED] - Taxtype = findTestData(dataFile).getValue("TaxType", row): null

2023-12-20 12:55:34 - [TEST_STEP][PASSED] - Paymenttype = findTestData(dataFile).getValue("PaymentType", row): null

2023-12-20 12:55:34 - [TEST_STEP][PASSED] - out.println("Value of Execute is : " + ExecuteTC): null

2023-12-20 12:55:34 - [TEST_STEP][PASSED] - if (ExecuteTC.equalsIgnoreCase("Y")): null

2023-12-20 12:55:34 - [TEST_STEP][PASSED] - ExecuteTC = findTestData(dataFile).getValue("Execute", row): null

2023-12-20 12:55:34 - [TEST_STEP][PASSED] - Taxtype = findTestData(dataFile).getValue("TaxType", row): null

2023-12-20 12:55:34 - [TEST_STEP][PASSED] - Paymenttype = findTestData(dataFile).getValue("PaymentType", row): null

2023-12-20 12:55:34 - [TEST_STEP][PASSED] - out.println("Value of Execute is : " + ExecuteTC): null

2023-12-20 12:55:34 - [TEST_STEP][PASSED] - if (ExecuteTC.equalsIgnoreCase("Y")): null

2023-12-20 12:55:34 - [TEST_STEP][PASSED] - ExecuteTC = findTestData(dataFile).getValue("Execute", row): null

2023-12-20 12:55:34 - [TEST_STEP][PASSED] - Taxtype = findTestData(dataFile).getValue("TaxType", row): null

2023-12-20 12:55:34 - [TEST_STEP][PASSED] - Paymenttype = findTestData(dataFile).getValue("PaymentType", row): null

2023-12-20 12:55:34 - [TEST_STEP][PASSED] - out.println("Value of Execute is : " + ExecuteTC): null

2023-12-20 12:55:34 - [TEST_STEP][PASSED] - if (ExecuteTC.equalsIgnoreCase("Y")): null

2023-12-20 12:55:34 - [TEST_STEP][PASSED] - out.println("Begin Record Number: " + row): null

2023-12-20 12:55:34 - [TEST_STEP][PASSED] - today = new java.util.Date(): null

2023-12-20 12:55:34 - [TEST_STEP][PASSED] - println(today): null

2023-12-20 12:55:34 - [TEST_STEP][PASSED] - datText = today: null

2023-12-20 12:55:34 - [TEST_STEP][PASSED] - Taxtype = findTestData(dataFile).getValue("TaxType", row): null

2023-12-20 12:55:34 - [TEST_STEP][PASSED] - out.println("Taxtype value is : " + Taxtype): null

2023-12-20 12:55:34 - [TEST_STEP][PASSED] - openBrowser(""): Browser is opened with url: ''

2023-12-20 12:55:34 - [MESSAGE][WARNING] - A browser is already opened. Closing browser and opening a new one

2023-12-20 12:55:35 - [MESSAGE][INFO] - Starting 'Chrome' driver

2023-12-20 12:55:35 - [MESSAGE][INFO] - User set preference: ['acceptInsecureCerts', 'true']

2023-12-20 12:55:35 - [MESSAGE][INFO] - Action delay is set to 0 milliseconds

2023-12-20 12:55:37 - [MESSAGE][PASSED] - Browser is opened with url: ''

2023-12-20 12:55:37 - [TEST_STEP][PASSED] - maximizeWindow(): Current window maximized

2023-12-20 12:55:37 - [MESSAGE][PASSED] - Current window maximized

2023-12-20 12:55:37 - [TEST_STEP][PASSED] - navigateToUrl(RADurl): Navigate to 'https://qa2.velocitypayment.com/client/rad/index.html' successfully

2023-12-20 12:55:39 - [MESSAGE][PASSED] - Navigate to 'https://qa2.velocitypayment.com/client/rad/index.html' successfully

2023-12-20 12:55:39 - [TEST_STEP][PASSED] - orPath_Landing = "Object Repository/RAD_Pages/Landing_Page": null

2023-12-20 12:55:39 - [TEST_STEP][PASSED] - orPath_TaxTypeFilingYear = "Object Repository/RAD_Pages/TaxTypeFilingYear_Page": null

2023-12-20 12:55:39 - [TEST_STEP][PASSED] - orPath_TaxPayer = "Object Repository/RAD_Pages/Taxpayer_Page": null

2023-12-20 12:55:39 - [TEST_STEP][PASSED] - orPath_AddressContact = "Object Repository/RAD_Pages/AddressAndContactInfo_Page": null

2023-12-20 12:55:39 - [TEST_STEP][PASSED] - orPath_FilingStatus = "Object Repository/RAD_Pages/FilingStatus_Page": null

2023-12-20 12:55:39 - [TEST_STEP][PASSED] - orPath_Amount = "Object Repository/RAD_Pages/PaymentAmount_Page": null

2023-12-20 12:55:39 - [TEST_STEP][PASSED] - selectOptionByLabel(findTestObject(orPath_Landing + "/dd_TaxType"), Paymenttype, false): All options with label 'New Tax Return Amount Due' are selected in object 'Object Repository/RAD_Pages/Landing_Page/dd_TaxType' 

2023-12-20 12:55:39 - [MESSAGE][PASSED] - All options with label 'New Tax Return Amount Due' are selected in object 'Object Repository/RAD_Pages/Landing_Page/dd_TaxType' 

2023-12-20 12:55:39 - [TEST_STEP][PASSED] - delay(1): Delayed 1 second(s)

2023-12-20 12:55:40 - [MESSAGE][PASSED] - Delayed 1 second(s)

2023-12-20 12:55:40 - [TEST_STEP][PASSED] - switch (Paymenttype): null

2023-12-20 12:55:40 - [TEST_STEP][PASSED] - case "New Tax Return Amount Due":: null

2023-12-20 12:55:40 - [TEST_STEP][PASSED] - selectOptionByLabel(findTestObject("Object Repository/RAD_Pages/Landing_Page/select_NewTaxReturnAmountDue_TaxType"), Taxtype, false): All options with label 'Fiduciary Tax' are selected in object 'Object Repository/RAD_Pages/Landing_Page/select_NewTaxReturnAmountDue_TaxType' 

2023-12-20 12:55:41 - [MESSAGE][PASSED] - All options with label 'Fiduciary Tax' are selected in object 'Object Repository/RAD_Pages/Landing_Page/select_NewTaxReturnAmountDue_TaxType' 

2023-12-20 12:55:41 - [TEST_STEP][PASSED] - break: null

2023-12-20 12:55:41 - [TEST_STEP][PASSED] - delay(1): Delayed 1 second(s)

2023-12-20 12:55:42 - [MESSAGE][PASSED] - Delayed 1 second(s)

2023-12-20 12:55:42 - [TEST_STEP][PASSED] - scrollToElement(findTestObject(orPath_Amount + "/input__paymentAmount"), 3): Scroll to object 'Object Repository/RAD_Pages/PaymentAmount_Page/input__paymentAmount' successfully

2023-12-20 12:55:42 - [MESSAGE][PASSED] - Scroll to object 'Object Repository/RAD_Pages/PaymentAmount_Page/input__paymentAmount' successfully

2023-12-20 12:55:42 - [TEST_STEP][PASSED] - setText(findTestObject(orPath_AddressContact + "/input_eMailAddress"), "imtiazster@gmail.com"): Text 'imtiazster@gmail.com' is set on object 'Object Repository/RAD_Pages/AddressAndContactInfo_Page/input_eMailAddress'

2023-12-20 12:55:43 - [MESSAGE][PASSED] - Text 'imtiazster@gmail.com' is set on object 'Object Repository/RAD_Pages/AddressAndContactInfo_Page/input_eMailAddress'

2023-12-20 12:55:43 - [TEST_STEP][PASSED] - setText(findTestObject(orPath_AddressContact + "/input_reEnterEMailAddress"), "iahmed@govolution.com"): Text 'iahmed@govolution.com' is set on object 'Object Repository/RAD_Pages/AddressAndContactInfo_Page/input_reEnterEMailAddress'

2023-12-20 12:55:44 - [MESSAGE][PASSED] - Text 'iahmed@govolution.com' is set on object 'Object Repository/RAD_Pages/AddressAndContactInfo_Page/input_reEnterEMailAddress'

2023-12-20 12:55:44 - [TEST_STEP][PASSED] - delay(2): Delayed 2 second(s)

2023-12-20 12:55:46 - [MESSAGE][PASSED] - Delayed 2 second(s)

2023-12-20 12:55:46 - [TEST_STEP][PASSED] - if (verifyTextPresent("The Email and Re-enter email do not match", true)): null

2023-12-20 12:55:46 - [MESSAGE][PASSED] - Text 'The Email and Re-enter email do not match' is present on page  using regular expression

2023-12-20 12:55:46 - [TEST_STEP][PASSED] - println("Emails Dont match text is present"): null

2023-12-20 12:55:46 - [TEST_STEP][PASSED] - out.println("Pass Record Number: " + row): null

2023-12-20 12:55:46 - [TEST_STEP][PASSED] - resText = "Pass": null

2023-12-20 12:55:46 - [TEST_STEP][PASSED] - pages.WriteExcel.demoKey(resText, datText, resColumn, datCloumn, fileLoc, nameSheet, row): pages.WriteExcel.demoKey is PASSED

2023-12-20 12:55:46 - [MESSAGE][PASSED] - pages.WriteExcel.demoKey is PASSED

2023-12-20 12:55:46 - [TEST_STEP][PASSED] - ExecuteTC = findTestData(dataFile).getValue("Execute", row): null

2023-12-20 12:55:46 - [TEST_STEP][PASSED] - Taxtype = findTestData(dataFile).getValue("TaxType", row): null

2023-12-20 12:55:47 - [TEST_STEP][PASSED] - Paymenttype = findTestData(dataFile).getValue("PaymentType", row): null

2023-12-20 12:55:47 - [TEST_STEP][PASSED] - out.println("Value of Execute is : " + ExecuteTC): null

2023-12-20 12:55:47 - [TEST_STEP][PASSED] - if (ExecuteTC.equalsIgnoreCase("Y")): null

2023-12-20 12:55:47 - [TEST_STEP][PASSED] - out.println("Begin Record Number: " + row): null

2023-12-20 12:55:47 - [TEST_STEP][PASSED] - today = new java.util.Date(): null

2023-12-20 12:55:47 - [TEST_STEP][PASSED] - println(today): null

2023-12-20 12:55:47 - [TEST_STEP][PASSED] - datText = today: null

2023-12-20 12:55:47 - [TEST_STEP][PASSED] - Taxtype = findTestData(dataFile).getValue("TaxType", row): null

2023-12-20 12:55:47 - [TEST_STEP][PASSED] - out.println("Taxtype value is : " + Taxtype): null

2023-12-20 12:55:47 - [TEST_STEP][PASSED] - openBrowser(""): Browser is opened with url: ''

2023-12-20 12:55:47 - [MESSAGE][WARNING] - A browser is already opened. Closing browser and opening a new one

2023-12-20 12:55:48 - [MESSAGE][INFO] - Starting 'Chrome' driver

2023-12-20 12:55:48 - [MESSAGE][INFO] - User set preference: ['acceptInsecureCerts', 'true']

2023-12-20 12:55:48 - [MESSAGE][INFO] - Action delay is set to 0 milliseconds

2023-12-20 12:55:49 - [MESSAGE][PASSED] - Browser is opened with url: ''

2023-12-20 12:55:49 - [TEST_STEP][PASSED] - maximizeWindow(): Current window maximized

2023-12-20 12:55:49 - [MESSAGE][PASSED] - Current window maximized

2023-12-20 12:55:49 - [TEST_STEP][PASSED] - navigateToUrl(RADurl): Navigate to 'https://qa2.velocitypayment.com/client/rad/index.html' successfully

2023-12-20 12:55:51 - [MESSAGE][PASSED] - Navigate to 'https://qa2.velocitypayment.com/client/rad/index.html' successfully

2023-12-20 12:55:51 - [TEST_STEP][PASSED] - orPath_Landing = "Object Repository/RAD_Pages/Landing_Page": null

2023-12-20 12:55:51 - [TEST_STEP][PASSED] - orPath_TaxTypeFilingYear = "Object Repository/RAD_Pages/TaxTypeFilingYear_Page": null

2023-12-20 12:55:51 - [TEST_STEP][PASSED] - orPath_TaxPayer = "Object Repository/RAD_Pages/Taxpayer_Page": null

2023-12-20 12:55:51 - [TEST_STEP][PASSED] - orPath_AddressContact = "Object Repository/RAD_Pages/AddressAndContactInfo_Page": null

2023-12-20 12:55:51 - [TEST_STEP][PASSED] - orPath_FilingStatus = "Object Repository/RAD_Pages/FilingStatus_Page": null

2023-12-20 12:55:51 - [TEST_STEP][PASSED] - orPath_Amount = "Object Repository/RAD_Pages/PaymentAmount_Page": null

2023-12-20 12:55:51 - [TEST_STEP][PASSED] - selectOptionByLabel(findTestObject(orPath_Landing + "/dd_TaxType"), Paymenttype, false): All options with label 'New Tax Return Amount Due' are selected in object 'Object Repository/RAD_Pages/Landing_Page/dd_TaxType' 

2023-12-20 12:55:51 - [MESSAGE][PASSED] - All options with label 'New Tax Return Amount Due' are selected in object 'Object Repository/RAD_Pages/Landing_Page/dd_TaxType' 

2023-12-20 12:55:51 - [TEST_STEP][PASSED] - delay(1): Delayed 1 second(s)

2023-12-20 12:55:52 - [MESSAGE][PASSED] - Delayed 1 second(s)

2023-12-20 12:55:52 - [TEST_STEP][PASSED] - switch (Paymenttype): null

2023-12-20 12:55:52 - [TEST_STEP][PASSED] - case "New Tax Return Amount Due":: null

2023-12-20 12:55:52 - [TEST_STEP][PASSED] - selectOptionByLabel(findTestObject("Object Repository/RAD_Pages/Landing_Page/select_NewTaxReturnAmountDue_TaxType"), Taxtype, false): All options with label 'PTE Non-Electing Non-S Corp' are selected in object 'Object Repository/RAD_Pages/Landing_Page/select_NewTaxReturnAmountDue_TaxType' 

2023-12-20 12:55:53 - [MESSAGE][PASSED] - All options with label 'PTE Non-Electing Non-S Corp' are selected in object 'Object Repository/RAD_Pages/Landing_Page/select_NewTaxReturnAmountDue_TaxType' 

2023-12-20 12:55:53 - [TEST_STEP][PASSED] - break: null

2023-12-20 12:55:53 - [TEST_STEP][PASSED] - delay(1): Delayed 1 second(s)

2023-12-20 12:55:54 - [MESSAGE][PASSED] - Delayed 1 second(s)

2023-12-20 12:55:54 - [TEST_STEP][PASSED] - scrollToElement(findTestObject(orPath_Amount + "/input__paymentAmount"), 3): Scroll to object 'Object Repository/RAD_Pages/PaymentAmount_Page/input__paymentAmount' successfully

2023-12-20 12:55:54 - [MESSAGE][PASSED] - Scroll to object 'Object Repository/RAD_Pages/PaymentAmount_Page/input__paymentAmount' successfully

2023-12-20 12:55:54 - [TEST_STEP][PASSED] - setText(findTestObject(orPath_AddressContact + "/input_eMailAddress"), "imtiazster@gmail.com"): Text 'imtiazster@gmail.com' is set on object 'Object Repository/RAD_Pages/AddressAndContactInfo_Page/input_eMailAddress'

2023-12-20 12:55:55 - [MESSAGE][PASSED] - Text 'imtiazster@gmail.com' is set on object 'Object Repository/RAD_Pages/AddressAndContactInfo_Page/input_eMailAddress'

2023-12-20 12:55:55 - [TEST_STEP][PASSED] - setText(findTestObject(orPath_AddressContact + "/input_reEnterEMailAddress"), "iahmed@govolution.com"): Text 'iahmed@govolution.com' is set on object 'Object Repository/RAD_Pages/AddressAndContactInfo_Page/input_reEnterEMailAddress'

2023-12-20 12:55:56 - [MESSAGE][PASSED] - Text 'iahmed@govolution.com' is set on object 'Object Repository/RAD_Pages/AddressAndContactInfo_Page/input_reEnterEMailAddress'

2023-12-20 12:55:56 - [TEST_STEP][PASSED] - delay(2): Delayed 2 second(s)

2023-12-20 12:55:58 - [MESSAGE][PASSED] - Delayed 2 second(s)

2023-12-20 12:55:58 - [TEST_STEP][PASSED] - if (verifyTextPresent("The Email and Re-enter email do not match", true)): null

2023-12-20 12:55:58 - [MESSAGE][PASSED] - Text 'The Email and Re-enter email do not match' is present on page  using regular expression

2023-12-20 12:55:58 - [TEST_STEP][PASSED] - println("Emails Dont match text is present"): null

2023-12-20 12:55:58 - [TEST_STEP][PASSED] - out.println("Pass Record Number: " + row): null

2023-12-20 12:55:58 - [TEST_STEP][PASSED] - resText = "Pass": null

2023-12-20 12:55:58 - [TEST_STEP][PASSED] - pages.WriteExcel.demoKey(resText, datText, resColumn, datCloumn, fileLoc, nameSheet, row): pages.WriteExcel.demoKey is PASSED

2023-12-20 12:55:59 - [MESSAGE][PASSED] - pages.WriteExcel.demoKey is PASSED

2023-12-20 12:55:59 - [TEST_STEP][PASSED] - ExecuteTC = findTestData(dataFile).getValue("Execute", row): null

2023-12-20 12:55:59 - [TEST_STEP][PASSED] - Taxtype = findTestData(dataFile).getValue("TaxType", row): null

2023-12-20 12:55:59 - [TEST_STEP][PASSED] - Paymenttype = findTestData(dataFile).getValue("PaymentType", row): null

2023-12-20 12:55:59 - [TEST_STEP][PASSED] - out.println("Value of Execute is : " + ExecuteTC): null

2023-12-20 12:55:59 - [TEST_STEP][PASSED] - if (ExecuteTC.equalsIgnoreCase("Y")): null

2023-12-20 12:55:59 - [TEST_STEP][PASSED] - out.println("Begin Record Number: " + row): null

2023-12-20 12:55:59 - [TEST_STEP][PASSED] - today = new java.util.Date(): null

2023-12-20 12:55:59 - [TEST_STEP][PASSED] - println(today): null

2023-12-20 12:55:59 - [TEST_STEP][PASSED] - datText = today: null

2023-12-20 12:55:59 - [TEST_STEP][PASSED] - Taxtype = findTestData(dataFile).getValue("TaxType", row): null

2023-12-20 12:55:59 - [TEST_STEP][PASSED] - out.println("Taxtype value is : " + Taxtype): null

2023-12-20 12:55:59 - [TEST_STEP][PASSED] - openBrowser(""): Browser is opened with url: ''

2023-12-20 12:55:59 - [MESSAGE][WARNING] - A browser is already opened. Closing browser and opening a new one

2023-12-20 12:56:00 - [MESSAGE][INFO] - Starting 'Chrome' driver

2023-12-20 12:56:00 - [MESSAGE][INFO] - User set preference: ['acceptInsecureCerts', 'true']

2023-12-20 12:56:00 - [MESSAGE][INFO] - Action delay is set to 0 milliseconds

2023-12-20 12:56:01 - [MESSAGE][PASSED] - Browser is opened with url: ''

2023-12-20 12:56:01 - [TEST_STEP][PASSED] - maximizeWindow(): Current window maximized

2023-12-20 12:56:01 - [MESSAGE][PASSED] - Current window maximized

2023-12-20 12:56:01 - [TEST_STEP][PASSED] - navigateToUrl(RADurl): Navigate to 'https://qa2.velocitypayment.com/client/rad/index.html' successfully

2023-12-20 12:56:02 - [MESSAGE][PASSED] - Navigate to 'https://qa2.velocitypayment.com/client/rad/index.html' successfully

2023-12-20 12:56:02 - [TEST_STEP][PASSED] - orPath_Landing = "Object Repository/RAD_Pages/Landing_Page": null

2023-12-20 12:56:02 - [TEST_STEP][PASSED] - orPath_TaxTypeFilingYear = "Object Repository/RAD_Pages/TaxTypeFilingYear_Page": null

2023-12-20 12:56:02 - [TEST_STEP][PASSED] - orPath_TaxPayer = "Object Repository/RAD_Pages/Taxpayer_Page": null

2023-12-20 12:56:02 - [TEST_STEP][PASSED] - orPath_AddressContact = "Object Repository/RAD_Pages/AddressAndContactInfo_Page": null

2023-12-20 12:56:02 - [TEST_STEP][PASSED] - orPath_FilingStatus = "Object Repository/RAD_Pages/FilingStatus_Page": null

2023-12-20 12:56:02 - [TEST_STEP][PASSED] - orPath_Amount = "Object Repository/RAD_Pages/PaymentAmount_Page": null

2023-12-20 12:56:02 - [TEST_STEP][PASSED] - selectOptionByLabel(findTestObject(orPath_Landing + "/dd_TaxType"), Paymenttype, false): All options with label 'New Tax Return Amount Due' are selected in object 'Object Repository/RAD_Pages/Landing_Page/dd_TaxType' 

2023-12-20 12:56:04 - [MESSAGE][PASSED] - All options with label 'New Tax Return Amount Due' are selected in object 'Object Repository/RAD_Pages/Landing_Page/dd_TaxType' 

2023-12-20 12:56:04 - [TEST_STEP][PASSED] - delay(1): Delayed 1 second(s)

2023-12-20 12:56:05 - [MESSAGE][PASSED] - Delayed 1 second(s)

2023-12-20 12:56:05 - [TEST_STEP][PASSED] - switch (Paymenttype): null

2023-12-20 12:56:05 - [TEST_STEP][PASSED] - case "New Tax Return Amount Due":: null

2023-12-20 12:56:05 - [TEST_STEP][PASSED] - selectOptionByLabel(findTestObject("Object Repository/RAD_Pages/Landing_Page/select_NewTaxReturnAmountDue_TaxType"), Taxtype, false): All options with label 'PTE Non-Electing S Corp' are selected in object 'Object Repository/RAD_Pages/Landing_Page/select_NewTaxReturnAmountDue_TaxType' 

2023-12-20 12:56:05 - [MESSAGE][PASSED] - All options with label 'PTE Non-Electing S Corp' are selected in object 'Object Repository/RAD_Pages/Landing_Page/select_NewTaxReturnAmountDue_TaxType' 

2023-12-20 12:56:05 - [TEST_STEP][PASSED] - break: null

2023-12-20 12:56:05 - [TEST_STEP][PASSED] - delay(1): Delayed 1 second(s)

2023-12-20 12:56:06 - [MESSAGE][PASSED] - Delayed 1 second(s)

2023-12-20 12:56:06 - [TEST_STEP][PASSED] - scrollToElement(findTestObject(orPath_Amount + "/input__paymentAmount"), 3): Scroll to object 'Object Repository/RAD_Pages/PaymentAmount_Page/input__paymentAmount' successfully

2023-12-20 12:56:07 - [MESSAGE][PASSED] - Scroll to object 'Object Repository/RAD_Pages/PaymentAmount_Page/input__paymentAmount' successfully

2023-12-20 12:56:07 - [TEST_STEP][PASSED] - setText(findTestObject(orPath_AddressContact + "/input_eMailAddress"), "imtiazster@gmail.com"): Text 'imtiazster@gmail.com' is set on object 'Object Repository/RAD_Pages/AddressAndContactInfo_Page/input_eMailAddress'

2023-12-20 12:56:08 - [MESSAGE][PASSED] - Text 'imtiazster@gmail.com' is set on object 'Object Repository/RAD_Pages/AddressAndContactInfo_Page/input_eMailAddress'

2023-12-20 12:56:08 - [TEST_STEP][PASSED] - setText(findTestObject(orPath_AddressContact + "/input_reEnterEMailAddress"), "iahmed@govolution.com"): Text 'iahmed@govolution.com' is set on object 'Object Repository/RAD_Pages/AddressAndContactInfo_Page/input_reEnterEMailAddress'

2023-12-20 12:56:08 - [MESSAGE][PASSED] - Text 'iahmed@govolution.com' is set on object 'Object Repository/RAD_Pages/AddressAndContactInfo_Page/input_reEnterEMailAddress'

2023-12-20 12:56:08 - [TEST_STEP][PASSED] - delay(2): Delayed 2 second(s)

2023-12-20 12:56:10 - [MESSAGE][PASSED] - Delayed 2 second(s)

2023-12-20 12:56:10 - [TEST_STEP][PASSED] - if (verifyTextPresent("The Email and Re-enter email do not match", true)): null

2023-12-20 12:56:11 - [MESSAGE][PASSED] - Text 'The Email and Re-enter email do not match' is present on page  using regular expression

2023-12-20 12:56:11 - [TEST_STEP][PASSED] - println("Emails Dont match text is present"): null

2023-12-20 12:56:11 - [TEST_STEP][PASSED] - out.println("Pass Record Number: " + row): null

2023-12-20 12:56:11 - [TEST_STEP][PASSED] - resText = "Pass": null

2023-12-20 12:56:11 - [TEST_STEP][PASSED] - pages.WriteExcel.demoKey(resText, datText, resColumn, datCloumn, fileLoc, nameSheet, row): pages.WriteExcel.demoKey is PASSED

2023-12-20 12:56:11 - [MESSAGE][PASSED] - pages.WriteExcel.demoKey is PASSED

2023-12-20 12:56:11 - [TEST_STEP][PASSED] - ExecuteTC = findTestData(dataFile).getValue("Execute", row): null

2023-12-20 12:56:11 - [TEST_STEP][PASSED] - Taxtype = findTestData(dataFile).getValue("TaxType", row): null

2023-12-20 12:56:11 - [TEST_STEP][PASSED] - Paymenttype = findTestData(dataFile).getValue("PaymentType", row): null

2023-12-20 12:56:11 - [TEST_STEP][PASSED] - out.println("Value of Execute is : " + ExecuteTC): null

2023-12-20 12:56:11 - [TEST_STEP][PASSED] - if (ExecuteTC.equalsIgnoreCase("Y")): null

2023-12-20 12:56:11 - [TEST_STEP][PASSED] - out.println("Begin Record Number: " + row): null

2023-12-20 12:56:11 - [TEST_STEP][PASSED] - today = new java.util.Date(): null

2023-12-20 12:56:11 - [TEST_STEP][PASSED] - println(today): null

2023-12-20 12:56:11 - [TEST_STEP][PASSED] - datText = today: null

2023-12-20 12:56:11 - [TEST_STEP][PASSED] - Taxtype = findTestData(dataFile).getValue("TaxType", row): null

2023-12-20 12:56:11 - [TEST_STEP][PASSED] - out.println("Taxtype value is : " + Taxtype): null

2023-12-20 12:56:11 - [TEST_STEP][PASSED] - openBrowser(""): Browser is opened with url: ''

2023-12-20 12:56:11 - [MESSAGE][WARNING] - A browser is already opened. Closing browser and opening a new one

2023-12-20 12:56:12 - [MESSAGE][INFO] - Starting 'Chrome' driver

2023-12-20 12:56:12 - [MESSAGE][INFO] - User set preference: ['acceptInsecureCerts', 'true']

2023-12-20 12:56:12 - [MESSAGE][INFO] - Action delay is set to 0 milliseconds

2023-12-20 12:56:14 - [MESSAGE][PASSED] - Browser is opened with url: ''

2023-12-20 12:56:14 - [TEST_STEP][PASSED] - maximizeWindow(): Current window maximized

2023-12-20 12:56:14 - [MESSAGE][PASSED] - Current window maximized

2023-12-20 12:56:14 - [TEST_STEP][PASSED] - navigateToUrl(RADurl): Navigate to 'https://qa2.velocitypayment.com/client/rad/index.html' successfully

2023-12-20 12:56:16 - [MESSAGE][PASSED] - Navigate to 'https://qa2.velocitypayment.com/client/rad/index.html' successfully

2023-12-20 12:56:16 - [TEST_STEP][PASSED] - orPath_Landing = "Object Repository/RAD_Pages/Landing_Page": null

2023-12-20 12:56:16 - [TEST_STEP][PASSED] - orPath_TaxTypeFilingYear = "Object Repository/RAD_Pages/TaxTypeFilingYear_Page": null

2023-12-20 12:56:16 - [TEST_STEP][PASSED] - orPath_TaxPayer = "Object Repository/RAD_Pages/Taxpayer_Page": null

2023-12-20 12:56:16 - [TEST_STEP][PASSED] - orPath_AddressContact = "Object Repository/RAD_Pages/AddressAndContactInfo_Page": null

2023-12-20 12:56:16 - [TEST_STEP][PASSED] - orPath_FilingStatus = "Object Repository/RAD_Pages/FilingStatus_Page": null

2023-12-20 12:56:16 - [TEST_STEP][PASSED] - orPath_Amount = "Object Repository/RAD_Pages/PaymentAmount_Page": null

2023-12-20 12:56:16 - [TEST_STEP][PASSED] - selectOptionByLabel(findTestObject(orPath_Landing + "/dd_TaxType"), Paymenttype, false): All options with label 'New Tax Return Amount Due' are selected in object 'Object Repository/RAD_Pages/Landing_Page/dd_TaxType' 

2023-12-20 12:56:16 - [MESSAGE][PASSED] - All options with label 'New Tax Return Amount Due' are selected in object 'Object Repository/RAD_Pages/Landing_Page/dd_TaxType' 

2023-12-20 12:56:16 - [TEST_STEP][PASSED] - delay(1): Delayed 1 second(s)

2023-12-20 12:56:17 - [MESSAGE][PASSED] - Delayed 1 second(s)

2023-12-20 12:56:17 - [TEST_STEP][PASSED] - switch (Paymenttype): null

2023-12-20 12:56:17 - [TEST_STEP][PASSED] - case "New Tax Return Amount Due":: null

2023-12-20 12:56:17 - [TEST_STEP][PASSED] - selectOptionByLabel(findTestObject("Object Repository/RAD_Pages/Landing_Page/select_NewTaxReturnAmountDue_TaxType"), Taxtype, false): All options with label 'PTE Tax Electing Non-S Corp' are selected in object 'Object Repository/RAD_Pages/Landing_Page/select_NewTaxReturnAmountDue_TaxType' 

2023-12-20 12:56:18 - [MESSAGE][PASSED] - All options with label 'PTE Tax Electing Non-S Corp' are selected in object 'Object Repository/RAD_Pages/Landing_Page/select_NewTaxReturnAmountDue_TaxType' 

2023-12-20 12:56:18 - [TEST_STEP][PASSED] - break: null

2023-12-20 12:56:18 - [TEST_STEP][PASSED] - delay(1): Delayed 1 second(s)

2023-12-20 12:56:19 - [MESSAGE][PASSED] - Delayed 1 second(s)

2023-12-20 12:56:19 - [TEST_STEP][PASSED] - scrollToElement(findTestObject(orPath_Amount + "/input__paymentAmount"), 3): Scroll to object 'Object Repository/RAD_Pages/PaymentAmount_Page/input__paymentAmount' successfully

2023-12-20 12:56:19 - [MESSAGE][PASSED] - Scroll to object 'Object Repository/RAD_Pages/PaymentAmount_Page/input__paymentAmount' successfully

2023-12-20 12:56:19 - [TEST_STEP][PASSED] - setText(findTestObject(orPath_AddressContact + "/input_eMailAddress"), "imtiazster@gmail.com"): Text 'imtiazster@gmail.com' is set on object 'Object Repository/RAD_Pages/AddressAndContactInfo_Page/input_eMailAddress'

2023-12-20 12:56:20 - [MESSAGE][PASSED] - Text 'imtiazster@gmail.com' is set on object 'Object Repository/RAD_Pages/AddressAndContactInfo_Page/input_eMailAddress'

2023-12-20 12:56:20 - [TEST_STEP][PASSED] - setText(findTestObject(orPath_AddressContact + "/input_reEnterEMailAddress"), "iahmed@govolution.com"): Text 'iahmed@govolution.com' is set on object 'Object Repository/RAD_Pages/AddressAndContactInfo_Page/input_reEnterEMailAddress'

2023-12-20 12:56:21 - [MESSAGE][PASSED] - Text 'iahmed@govolution.com' is set on object 'Object Repository/RAD_Pages/AddressAndContactInfo_Page/input_reEnterEMailAddress'

2023-12-20 12:56:21 - [TEST_STEP][PASSED] - delay(2): Delayed 2 second(s)

2023-12-20 12:56:23 - [MESSAGE][PASSED] - Delayed 2 second(s)

2023-12-20 12:56:23 - [TEST_STEP][PASSED] - if (verifyTextPresent("The Email and Re-enter email do not match", true)): null

2023-12-20 12:56:23 - [MESSAGE][PASSED] - Text 'The Email and Re-enter email do not match' is present on page  using regular expression

2023-12-20 12:56:23 - [TEST_STEP][PASSED] - println("Emails Dont match text is present"): null

2023-12-20 12:56:23 - [TEST_STEP][PASSED] - out.println("Pass Record Number: " + row): null

2023-12-20 12:56:23 - [TEST_STEP][PASSED] - resText = "Pass": null

2023-12-20 12:56:23 - [TEST_STEP][PASSED] - pages.WriteExcel.demoKey(resText, datText, resColumn, datCloumn, fileLoc, nameSheet, row): pages.WriteExcel.demoKey is PASSED

2023-12-20 12:56:23 - [MESSAGE][PASSED] - pages.WriteExcel.demoKey is PASSED

2023-12-20 12:56:23 - [TEST_STEP][PASSED] - ExecuteTC = findTestData(dataFile).getValue("Execute", row): null

2023-12-20 12:56:23 - [TEST_STEP][PASSED] - Taxtype = findTestData(dataFile).getValue("TaxType", row): null

2023-12-20 12:56:23 - [TEST_STEP][PASSED] - Paymenttype = findTestData(dataFile).getValue("PaymentType", row): null

2023-12-20 12:56:24 - [TEST_STEP][PASSED] - out.println("Value of Execute is : " + ExecuteTC): null

2023-12-20 12:56:24 - [TEST_STEP][PASSED] - if (ExecuteTC.equalsIgnoreCase("Y")): null

2023-12-20 12:56:24 - [TEST_STEP][PASSED] - out.println("Begin Record Number: " + row): null

2023-12-20 12:56:24 - [TEST_STEP][PASSED] - today = new java.util.Date(): null

2023-12-20 12:56:24 - [TEST_STEP][PASSED] - println(today): null

2023-12-20 12:56:24 - [TEST_STEP][PASSED] - datText = today: null

2023-12-20 12:56:24 - [TEST_STEP][PASSED] - Taxtype = findTestData(dataFile).getValue("TaxType", row): null

2023-12-20 12:56:24 - [TEST_STEP][PASSED] - out.println("Taxtype value is : " + Taxtype): null

2023-12-20 12:56:24 - [TEST_STEP][PASSED] - openBrowser(""): Browser is opened with url: ''

2023-12-20 12:56:24 - [MESSAGE][WARNING] - A browser is already opened. Closing browser and opening a new one

2023-12-20 12:56:25 - [MESSAGE][INFO] - Starting 'Chrome' driver

2023-12-20 12:56:25 - [MESSAGE][INFO] - User set preference: ['acceptInsecureCerts', 'true']

2023-12-20 12:56:25 - [MESSAGE][INFO] - Action delay is set to 0 milliseconds

2023-12-20 12:56:26 - [MESSAGE][PASSED] - Browser is opened with url: ''

2023-12-20 12:56:26 - [TEST_STEP][PASSED] - maximizeWindow(): Current window maximized

2023-12-20 12:56:26 - [MESSAGE][PASSED] - Current window maximized

2023-12-20 12:56:26 - [TEST_STEP][PASSED] - navigateToUrl(RADurl): Navigate to 'https://qa2.velocitypayment.com/client/rad/index.html' successfully

2023-12-20 12:56:28 - [MESSAGE][PASSED] - Navigate to 'https://qa2.velocitypayment.com/client/rad/index.html' successfully

2023-12-20 12:56:28 - [TEST_STEP][PASSED] - orPath_Landing = "Object Repository/RAD_Pages/Landing_Page": null

2023-12-20 12:56:28 - [TEST_STEP][PASSED] - orPath_TaxTypeFilingYear = "Object Repository/RAD_Pages/TaxTypeFilingYear_Page": null

2023-12-20 12:56:28 - [TEST_STEP][PASSED] - orPath_TaxPayer = "Object Repository/RAD_Pages/Taxpayer_Page": null

2023-12-20 12:56:28 - [TEST_STEP][PASSED] - orPath_AddressContact = "Object Repository/RAD_Pages/AddressAndContactInfo_Page": null

2023-12-20 12:56:28 - [TEST_STEP][PASSED] - orPath_FilingStatus = "Object Repository/RAD_Pages/FilingStatus_Page": null

2023-12-20 12:56:28 - [TEST_STEP][PASSED] - orPath_Amount = "Object Repository/RAD_Pages/PaymentAmount_Page": null

2023-12-20 12:56:28 - [TEST_STEP][PASSED] - selectOptionByLabel(findTestObject(orPath_Landing + "/dd_TaxType"), Paymenttype, false): All options with label 'New Tax Return Amount Due' are selected in object 'Object Repository/RAD_Pages/Landing_Page/dd_TaxType' 

2023-12-20 12:56:29 - [MESSAGE][PASSED] - All options with label 'New Tax Return Amount Due' are selected in object 'Object Repository/RAD_Pages/Landing_Page/dd_TaxType' 

2023-12-20 12:56:29 - [TEST_STEP][PASSED] - delay(1): Delayed 1 second(s)

2023-12-20 12:56:30 - [MESSAGE][PASSED] - Delayed 1 second(s)

2023-12-20 12:56:30 - [TEST_STEP][PASSED] - switch (Paymenttype): null

2023-12-20 12:56:30 - [TEST_STEP][PASSED] - case "New Tax Return Amount Due":: null

2023-12-20 12:56:30 - [TEST_STEP][PASSED] - selectOptionByLabel(findTestObject("Object Repository/RAD_Pages/Landing_Page/select_NewTaxReturnAmountDue_TaxType"), Taxtype, false): All options with label 'PTE Tax Electing S Corp' are selected in object 'Object Repository/RAD_Pages/Landing_Page/select_NewTaxReturnAmountDue_TaxType' 

2023-12-20 12:56:30 - [MESSAGE][PASSED] - All options with label 'PTE Tax Electing S Corp' are selected in object 'Object Repository/RAD_Pages/Landing_Page/select_NewTaxReturnAmountDue_TaxType' 

2023-12-20 12:56:30 - [TEST_STEP][PASSED] - break: null

2023-12-20 12:56:30 - [TEST_STEP][PASSED] - delay(1): Delayed 1 second(s)

2023-12-20 12:56:31 - [MESSAGE][PASSED] - Delayed 1 second(s)

2023-12-20 12:56:31 - [TEST_STEP][PASSED] - scrollToElement(findTestObject(orPath_Amount + "/input__paymentAmount"), 3): Scroll to object 'Object Repository/RAD_Pages/PaymentAmount_Page/input__paymentAmount' successfully

2023-12-20 12:56:31 - [MESSAGE][PASSED] - Scroll to object 'Object Repository/RAD_Pages/PaymentAmount_Page/input__paymentAmount' successfully

2023-12-20 12:56:31 - [TEST_STEP][PASSED] - setText(findTestObject(orPath_AddressContact + "/input_eMailAddress"), "imtiazster@gmail.com"): Text 'imtiazster@gmail.com' is set on object 'Object Repository/RAD_Pages/AddressAndContactInfo_Page/input_eMailAddress'

2023-12-20 12:56:33 - [MESSAGE][PASSED] - Text 'imtiazster@gmail.com' is set on object 'Object Repository/RAD_Pages/AddressAndContactInfo_Page/input_eMailAddress'

2023-12-20 12:56:33 - [TEST_STEP][PASSED] - setText(findTestObject(orPath_AddressContact + "/input_reEnterEMailAddress"), "iahmed@govolution.com"): Text 'iahmed@govolution.com' is set on object 'Object Repository/RAD_Pages/AddressAndContactInfo_Page/input_reEnterEMailAddress'

2023-12-20 12:56:33 - [MESSAGE][PASSED] - Text 'iahmed@govolution.com' is set on object 'Object Repository/RAD_Pages/AddressAndContactInfo_Page/input_reEnterEMailAddress'

2023-12-20 12:56:33 - [TEST_STEP][PASSED] - delay(2): Delayed 2 second(s)

2023-12-20 12:56:35 - [MESSAGE][PASSED] - Delayed 2 second(s)

2023-12-20 12:56:35 - [TEST_STEP][PASSED] - if (verifyTextPresent("The Email and Re-enter email do not match", true)): null

2023-12-20 12:56:36 - [MESSAGE][PASSED] - Text 'The Email and Re-enter email do not match' is present on page  using regular expression

2023-12-20 12:56:36 - [TEST_STEP][PASSED] - println("Emails Dont match text is present"): null

2023-12-20 12:56:36 - [TEST_STEP][PASSED] - out.println("Pass Record Number: " + row): null

2023-12-20 12:56:36 - [TEST_STEP][PASSED] - resText = "Pass": null

2023-12-20 12:56:36 - [TEST_STEP][PASSED] - pages.WriteExcel.demoKey(resText, datText, resColumn, datCloumn, fileLoc, nameSheet, row): pages.WriteExcel.demoKey is PASSED

2023-12-20 12:56:36 - [MESSAGE][PASSED] - pages.WriteExcel.demoKey is PASSED

2023-12-20 12:56:36 - [TEST_STEP][PASSED] - ExecuteTC = findTestData(dataFile).getValue("Execute", row): null

2023-12-20 12:56:36 - [TEST_STEP][PASSED] - Taxtype = findTestData(dataFile).getValue("TaxType", row): null

2023-12-20 12:56:36 - [TEST_STEP][PASSED] - Paymenttype = findTestData(dataFile).getValue("PaymentType", row): null

2023-12-20 12:56:36 - [TEST_STEP][PASSED] - out.println("Value of Execute is : " + ExecuteTC): null

2023-12-20 12:56:36 - [TEST_STEP][PASSED] - if (ExecuteTC.equalsIgnoreCase("Y")): null

2023-12-20 12:56:36 - [TEST_STEP][PASSED] - out.println("Begin Record Number: " + row): null

2023-12-20 12:56:36 - [TEST_STEP][PASSED] - today = new java.util.Date(): null

2023-12-20 12:56:36 - [TEST_STEP][PASSED] - println(today): null

2023-12-20 12:56:36 - [TEST_STEP][PASSED] - datText = today: null

2023-12-20 12:56:36 - [TEST_STEP][PASSED] - Taxtype = findTestData(dataFile).getValue("TaxType", row): null

2023-12-20 12:56:36 - [TEST_STEP][PASSED] - out.println("Taxtype value is : " + Taxtype): null

2023-12-20 12:56:36 - [TEST_STEP][PASSED] - openBrowser(""): Browser is opened with url: ''

2023-12-20 12:56:36 - [MESSAGE][WARNING] - A browser is already opened. Closing browser and opening a new one

2023-12-20 12:56:37 - [MESSAGE][INFO] - Starting 'Chrome' driver

2023-12-20 12:56:37 - [MESSAGE][INFO] - User set preference: ['acceptInsecureCerts', 'true']

2023-12-20 12:56:37 - [MESSAGE][INFO] - Action delay is set to 0 milliseconds

2023-12-20 12:56:38 - [MESSAGE][PASSED] - Browser is opened with url: ''

2023-12-20 12:56:38 - [TEST_STEP][PASSED] - maximizeWindow(): Current window maximized

2023-12-20 12:56:39 - [MESSAGE][PASSED] - Current window maximized

2023-12-20 12:56:39 - [TEST_STEP][PASSED] - navigateToUrl(RADurl): Navigate to 'https://qa2.velocitypayment.com/client/rad/index.html' successfully

2023-12-20 12:56:40 - [MESSAGE][PASSED] - Navigate to 'https://qa2.velocitypayment.com/client/rad/index.html' successfully

2023-12-20 12:56:40 - [TEST_STEP][PASSED] - orPath_Landing = "Object Repository/RAD_Pages/Landing_Page": null

2023-12-20 12:56:40 - [TEST_STEP][PASSED] - orPath_TaxTypeFilingYear = "Object Repository/RAD_Pages/TaxTypeFilingYear_Page": null

2023-12-20 12:56:40 - [TEST_STEP][PASSED] - orPath_TaxPayer = "Object Repository/RAD_Pages/Taxpayer_Page": null

2023-12-20 12:56:40 - [TEST_STEP][PASSED] - orPath_AddressContact = "Object Repository/RAD_Pages/AddressAndContactInfo_Page": null

2023-12-20 12:56:40 - [TEST_STEP][PASSED] - orPath_FilingStatus = "Object Repository/RAD_Pages/FilingStatus_Page": null

2023-12-20 12:56:40 - [TEST_STEP][PASSED] - orPath_Amount = "Object Repository/RAD_Pages/PaymentAmount_Page": null

2023-12-20 12:56:40 - [TEST_STEP][PASSED] - selectOptionByLabel(findTestObject(orPath_Landing + "/dd_TaxType"), Paymenttype, false): All options with label 'New Tax Return Amount Due' are selected in object 'Object Repository/RAD_Pages/Landing_Page/dd_TaxType' 

2023-12-20 12:56:41 - [MESSAGE][PASSED] - All options with label 'New Tax Return Amount Due' are selected in object 'Object Repository/RAD_Pages/Landing_Page/dd_TaxType' 

2023-12-20 12:56:41 - [TEST_STEP][PASSED] - delay(1): Delayed 1 second(s)

2023-12-20 12:56:42 - [MESSAGE][PASSED] - Delayed 1 second(s)

2023-12-20 12:56:42 - [TEST_STEP][PASSED] - switch (Paymenttype): null

2023-12-20 12:56:42 - [TEST_STEP][PASSED] - case "New Tax Return Amount Due":: null

2023-12-20 12:56:42 - [TEST_STEP][PASSED] - selectOptionByLabel(findTestObject("Object Repository/RAD_Pages/Landing_Page/select_NewTaxReturnAmountDue_TaxType"), Taxtype, false): All options with label 'Personal Income Tax' are selected in object 'Object Repository/RAD_Pages/Landing_Page/select_NewTaxReturnAmountDue_TaxType' 

2023-12-20 12:56:43 - [MESSAGE][PASSED] - All options with label 'Personal Income Tax' are selected in object 'Object Repository/RAD_Pages/Landing_Page/select_NewTaxReturnAmountDue_TaxType' 

2023-12-20 12:56:43 - [TEST_STEP][PASSED] - break: null

2023-12-20 12:56:43 - [TEST_STEP][PASSED] - delay(1): Delayed 1 second(s)

2023-12-20 12:56:44 - [MESSAGE][PASSED] - Delayed 1 second(s)

2023-12-20 12:56:44 - [TEST_STEP][PASSED] - scrollToElement(findTestObject(orPath_Amount + "/input__paymentAmount"), 3): Scroll to object 'Object Repository/RAD_Pages/PaymentAmount_Page/input__paymentAmount' successfully

2023-12-20 12:56:44 - [MESSAGE][PASSED] - Scroll to object 'Object Repository/RAD_Pages/PaymentAmount_Page/input__paymentAmount' successfully

2023-12-20 12:56:44 - [TEST_STEP][PASSED] - setText(findTestObject(orPath_AddressContact + "/input_eMailAddress"), "imtiazster@gmail.com"): Text 'imtiazster@gmail.com' is set on object 'Object Repository/RAD_Pages/AddressAndContactInfo_Page/input_eMailAddress'

2023-12-20 12:56:45 - [MESSAGE][PASSED] - Text 'imtiazster@gmail.com' is set on object 'Object Repository/RAD_Pages/AddressAndContactInfo_Page/input_eMailAddress'

2023-12-20 12:56:45 - [TEST_STEP][PASSED] - setText(findTestObject(orPath_AddressContact + "/input_reEnterEMailAddress"), "iahmed@govolution.com"): Text 'iahmed@govolution.com' is set on object 'Object Repository/RAD_Pages/AddressAndContactInfo_Page/input_reEnterEMailAddress'

2023-12-20 12:56:46 - [MESSAGE][PASSED] - Text 'iahmed@govolution.com' is set on object 'Object Repository/RAD_Pages/AddressAndContactInfo_Page/input_reEnterEMailAddress'

2023-12-20 12:56:46 - [TEST_STEP][PASSED] - delay(2): Delayed 2 second(s)

2023-12-20 12:56:48 - [MESSAGE][PASSED] - Delayed 2 second(s)

2023-12-20 12:56:48 - [TEST_STEP][PASSED] - if (verifyTextPresent("The Email and Re-enter email do not match", true)): null

2023-12-20 12:56:48 - [MESSAGE][PASSED] - Text 'The Email and Re-enter email do not match' is present on page  using regular expression

2023-12-20 12:56:48 - [TEST_STEP][PASSED] - println("Emails Dont match text is present"): null

2023-12-20 12:56:48 - [TEST_STEP][PASSED] - out.println("Pass Record Number: " + row): null

2023-12-20 12:56:48 - [TEST_STEP][PASSED] - resText = "Pass": null

2023-12-20 12:56:48 - [TEST_STEP][PASSED] - pages.WriteExcel.demoKey(resText, datText, resColumn, datCloumn, fileLoc, nameSheet, row): pages.WriteExcel.demoKey is PASSED

2023-12-20 12:56:48 - [MESSAGE][PASSED] - pages.WriteExcel.demoKey is PASSED]]></system-out>
         <system-err><![CDATA[]]></system-err>
      </testcase>
      <testcase name="Test Cases/RAD_TestCases/Negative_TestCases/TaxPayerSSNNoMatch" time="39.223" classname="Test Cases/RAD_TestCases/Negative_TestCases/TaxPayerSSNNoMatch" status="PASSED">
         <system-out><![CDATA[2023-12-20 12:56:48 - [TEST_CASE][PASSED] - Test Cases/RAD_TestCases/Negative_TestCases/TaxPayerSSNNoMatch: Test Cases/RAD_TestCases/Negative_TestCases/TaxPayerSSNNoMatch

2023-12-20 12:56:49 - [TEST_STEP][PASSED] - resText = "Fail": null

2023-12-20 12:56:49 - [TEST_STEP][PASSED] - resColumn = "Result": null

2023-12-20 12:56:49 - [TEST_STEP][PASSED] - datCloumn = "Date": null

2023-12-20 12:56:49 - [TEST_STEP][PASSED] - fileLoc = "KatalonData/RADTestData/TaxPayerSSNNoMatch.xlsx": null

2023-12-20 12:56:49 - [TEST_STEP][PASSED] - nameSheet = "Sheet1": null

2023-12-20 12:56:49 - [TEST_STEP][PASSED] - dataFile = "RADTestData/TaxPayerSSNNoMatch": null

2023-12-20 12:56:49 - [TEST_STEP][PASSED] - ExecuteTC = <not implemented yet for class: org.codehaus.groovy.ast.expr.EmptyExpression>: null

2023-12-20 12:56:49 - [TEST_STEP][PASSED] - Taxtype = <not implemented yet for class: org.codehaus.groovy.ast.expr.EmptyExpression>: null

2023-12-20 12:56:49 - [TEST_STEP][PASSED] - numOfRows = findTestData(dataFile).getRowNumbers(): null

2023-12-20 12:56:49 - [TEST_STEP][PASSED] - println("Number of Records: " + numOfRows): null

2023-12-20 12:56:49 - [TEST_STEP][PASSED] - for ([row = 1, row <= numOfRows, (row++)]): null

2023-12-20 12:56:49 - [TEST_STEP][PASSED] - ExecuteTC = findTestData(dataFile).getValue("Execute", row): null

2023-12-20 12:56:49 - [TEST_STEP][PASSED] - Taxtype = findTestData(dataFile).getValue("TaxType", row): null

2023-12-20 12:56:49 - [TEST_STEP][PASSED] - Paymenttype = findTestData(dataFile).getValue("PaymentType", row): null

2023-12-20 12:56:49 - [TEST_STEP][PASSED] - out.println("Value of Execute is : " + ExecuteTC): null

2023-12-20 12:56:49 - [TEST_STEP][PASSED] - if (ExecuteTC.equalsIgnoreCase("Y")): null

2023-12-20 12:56:49 - [TEST_STEP][PASSED] - out.println("Begin Record Number: " + row): null

2023-12-20 12:56:49 - [TEST_STEP][PASSED] - today = new java.util.Date(): null

2023-12-20 12:56:49 - [TEST_STEP][PASSED] - println(today): null

2023-12-20 12:56:49 - [TEST_STEP][PASSED] - datText = today: null

2023-12-20 12:56:49 - [TEST_STEP][PASSED] - Taxtype = findTestData(dataFile).getValue("TaxType", row): null

2023-12-20 12:56:49 - [TEST_STEP][PASSED] - out.println("Taxtype value is : " + Taxtype): null

2023-12-20 12:56:49 - [TEST_STEP][PASSED] - openBrowser(""): Browser is opened with url: ''

2023-12-20 12:56:49 - [MESSAGE][WARNING] - A browser is already opened. Closing browser and opening a new one

2023-12-20 12:56:50 - [MESSAGE][INFO] - Starting 'Chrome' driver

2023-12-20 12:56:50 - [MESSAGE][INFO] - User set preference: ['acceptInsecureCerts', 'true']

2023-12-20 12:56:50 - [MESSAGE][INFO] - Action delay is set to 0 milliseconds

2023-12-20 12:56:51 - [MESSAGE][PASSED] - Browser is opened with url: ''

2023-12-20 12:56:51 - [TEST_STEP][PASSED] - maximizeWindow(): Current window maximized

2023-12-20 12:56:51 - [MESSAGE][PASSED] - Current window maximized

2023-12-20 12:56:51 - [TEST_STEP][PASSED] - navigateToUrl(RADurl): Navigate to 'https://qa2.velocitypayment.com/client/rad/index.html' successfully

2023-12-20 12:56:53 - [MESSAGE][PASSED] - Navigate to 'https://qa2.velocitypayment.com/client/rad/index.html' successfully

2023-12-20 12:56:53 - [TEST_STEP][PASSED] - orPath_Landing = "Object Repository/RAD_Pages/Landing_Page": null

2023-12-20 12:56:53 - [TEST_STEP][PASSED] - orPath_TaxTypeFilingYear = "Object Repository/RAD_Pages/TaxTypeFilingYear_Page": null

2023-12-20 12:56:53 - [TEST_STEP][PASSED] - orPath_TaxPayer = "Object Repository/RAD_Pages/Taxpayer_Page": null

2023-12-20 12:56:53 - [TEST_STEP][PASSED] - orPath_AddressContact = "Object Repository/RAD_Pages/AddressAndContactInfo_Page": null

2023-12-20 12:56:53 - [TEST_STEP][PASSED] - orPath_FilingStatus = "Object Repository/RAD_Pages/FilingStatus_Page": null

2023-12-20 12:56:53 - [TEST_STEP][PASSED] - orPath_Amount = "Object Repository/RAD_Pages/PaymentAmount_Page": null

2023-12-20 12:56:53 - [TEST_STEP][PASSED] - orPath_TaxInfo = "Object Repository/RAD_Pages/TaxInfo_Page": null

2023-12-20 12:56:53 - [TEST_STEP][PASSED] - selectOptionByLabel(findTestObject(orPath_Landing + "/dd_TaxType"), Paymenttype, false): All options with label 'Existing Liability w/Notice Number' are selected in object 'Object Repository/RAD_Pages/Landing_Page/dd_TaxType' 

2023-12-20 12:56:54 - [MESSAGE][PASSED] - All options with label 'Existing Liability w/Notice Number' are selected in object 'Object Repository/RAD_Pages/Landing_Page/dd_TaxType' 

2023-12-20 12:56:54 - [TEST_STEP][PASSED] - delay(1): Delayed 1 second(s)

2023-12-20 12:56:55 - [MESSAGE][PASSED] - Delayed 1 second(s)

2023-12-20 12:56:55 - [TEST_STEP][PASSED] - switch (Paymenttype): null

2023-12-20 12:56:55 - [TEST_STEP][PASSED] - case "Existing Liability w/Notice Number":: null

2023-12-20 12:56:55 - [TEST_STEP][PASSED] - selectOptionByLabel(findTestObject(orPath_TaxTypeFilingYear + "/select_TaxType_ExistingLiability"), Taxtype, false): All options with label 'Personal Income Tax' are selected in object 'Object Repository/RAD_Pages/TaxTypeFilingYear_Page/select_TaxType_ExistingLiability' 

2023-12-20 12:56:55 - [MESSAGE][PASSED] - All options with label 'Personal Income Tax' are selected in object 'Object Repository/RAD_Pages/TaxTypeFilingYear_Page/select_TaxType_ExistingLiability' 

2023-12-20 12:56:55 - [TEST_STEP][PASSED] - break: null

2023-12-20 12:56:55 - [TEST_STEP][PASSED] - delay(1): Delayed 1 second(s)

2023-12-20 12:56:56 - [MESSAGE][PASSED] - Delayed 1 second(s)

2023-12-20 12:56:56 - [TEST_STEP][PASSED] - scrollToElement(findTestObject(orPath_TaxPayer + "/input_firstName"), 3): Scroll to object 'Object Repository/RAD_Pages/Taxpayer_Page/input_firstName' successfully

2023-12-20 12:56:56 - [MESSAGE][PASSED] - Scroll to object 'Object Repository/RAD_Pages/Taxpayer_Page/input_firstName' successfully

2023-12-20 12:56:56 - [TEST_STEP][PASSED] - switch (Paymenttype): null

2023-12-20 12:56:56 - [TEST_STEP][PASSED] - case "Existing Liability w/Notice Number":: null

2023-12-20 12:56:56 - [TEST_STEP][PASSED] - setText(findTestObject(orPath_TaxInfo + "/input_Existing_SSN"), "111111111"): Text '111111111' is set on object 'Object Repository/RAD_Pages/TaxInfo_Page/input_Existing_SSN'

2023-12-20 12:56:57 - [MESSAGE][PASSED] - Text '111111111' is set on object 'Object Repository/RAD_Pages/TaxInfo_Page/input_Existing_SSN'

2023-12-20 12:56:57 - [TEST_STEP][PASSED] - setText(findTestObject(orPath_TaxInfo + "/input_Existing_RetypeSSN"), "222222222"): Text '222222222' is set on object 'Object Repository/RAD_Pages/TaxInfo_Page/input_Existing_RetypeSSN'

2023-12-20 12:56:58 - [MESSAGE][PASSED] - Text '222222222' is set on object 'Object Repository/RAD_Pages/TaxInfo_Page/input_Existing_RetypeSSN'

2023-12-20 12:56:58 - [TEST_STEP][PASSED] - setText(findTestObject(orPath_TaxPayer + "/input_lastName"), "Anderson"): Text 'Anderson' is set on object 'Object Repository/RAD_Pages/Taxpayer_Page/input_lastName'

2023-12-20 12:56:59 - [MESSAGE][PASSED] - Text 'Anderson' is set on object 'Object Repository/RAD_Pages/Taxpayer_Page/input_lastName'

2023-12-20 12:56:59 - [TEST_STEP][PASSED] - break: null

2023-12-20 12:56:59 - [TEST_STEP][PASSED] - delay(2): Delayed 2 second(s)

2023-12-20 12:57:01 - [MESSAGE][PASSED] - Delayed 2 second(s)

2023-12-20 12:57:01 - [TEST_STEP][PASSED] - if (verifyTextPresent("The SSN and Re-type SSN do not match", true)): null

2023-12-20 12:57:01 - [MESSAGE][PASSED] - Text 'The SSN and Re-type SSN do not match' is present on page  using regular expression

2023-12-20 12:57:01 - [TEST_STEP][PASSED] - println("Taxpayer SSN Dont match text is present"): null

2023-12-20 12:57:01 - [TEST_STEP][PASSED] - out.println("Pass Record Number: " + row): null

2023-12-20 12:57:01 - [TEST_STEP][PASSED] - resText = "Pass": null

2023-12-20 12:57:01 - [TEST_STEP][PASSED] - pages.WriteExcel.demoKey(resText, datText, resColumn, datCloumn, fileLoc, nameSheet, row): pages.WriteExcel.demoKey is PASSED

2023-12-20 12:57:01 - [MESSAGE][PASSED] - pages.WriteExcel.demoKey is PASSED

2023-12-20 12:57:01 - [TEST_STEP][PASSED] - ExecuteTC = findTestData(dataFile).getValue("Execute", row): null

2023-12-20 12:57:01 - [TEST_STEP][PASSED] - Taxtype = findTestData(dataFile).getValue("TaxType", row): null

2023-12-20 12:57:02 - [TEST_STEP][PASSED] - Paymenttype = findTestData(dataFile).getValue("PaymentType", row): null

2023-12-20 12:57:02 - [TEST_STEP][PASSED] - out.println("Value of Execute is : " + ExecuteTC): null

2023-12-20 12:57:02 - [TEST_STEP][PASSED] - if (ExecuteTC.equalsIgnoreCase("Y")): null

2023-12-20 12:57:02 - [TEST_STEP][PASSED] - out.println("Begin Record Number: " + row): null

2023-12-20 12:57:02 - [TEST_STEP][PASSED] - today = new java.util.Date(): null

2023-12-20 12:57:02 - [TEST_STEP][PASSED] - println(today): null

2023-12-20 12:57:02 - [TEST_STEP][PASSED] - datText = today: null

2023-12-20 12:57:02 - [TEST_STEP][PASSED] - Taxtype = findTestData(dataFile).getValue("TaxType", row): null

2023-12-20 12:57:02 - [TEST_STEP][PASSED] - out.println("Taxtype value is : " + Taxtype): null

2023-12-20 12:57:02 - [TEST_STEP][PASSED] - openBrowser(""): Browser is opened with url: ''

2023-12-20 12:57:02 - [MESSAGE][WARNING] - A browser is already opened. Closing browser and opening a new one

2023-12-20 12:57:03 - [MESSAGE][INFO] - Starting 'Chrome' driver

2023-12-20 12:57:03 - [MESSAGE][INFO] - User set preference: ['acceptInsecureCerts', 'true']

2023-12-20 12:57:03 - [MESSAGE][INFO] - Action delay is set to 0 milliseconds

2023-12-20 12:57:04 - [MESSAGE][PASSED] - Browser is opened with url: ''

2023-12-20 12:57:04 - [TEST_STEP][PASSED] - maximizeWindow(): Current window maximized

2023-12-20 12:57:04 - [MESSAGE][PASSED] - Current window maximized

2023-12-20 12:57:04 - [TEST_STEP][PASSED] - navigateToUrl(RADurl): Navigate to 'https://qa2.velocitypayment.com/client/rad/index.html' successfully

2023-12-20 12:57:06 - [MESSAGE][PASSED] - Navigate to 'https://qa2.velocitypayment.com/client/rad/index.html' successfully

2023-12-20 12:57:06 - [TEST_STEP][PASSED] - orPath_Landing = "Object Repository/RAD_Pages/Landing_Page": null

2023-12-20 12:57:06 - [TEST_STEP][PASSED] - orPath_TaxTypeFilingYear = "Object Repository/RAD_Pages/TaxTypeFilingYear_Page": null

2023-12-20 12:57:06 - [TEST_STEP][PASSED] - orPath_TaxPayer = "Object Repository/RAD_Pages/Taxpayer_Page": null

2023-12-20 12:57:06 - [TEST_STEP][PASSED] - orPath_AddressContact = "Object Repository/RAD_Pages/AddressAndContactInfo_Page": null

2023-12-20 12:57:06 - [TEST_STEP][PASSED] - orPath_FilingStatus = "Object Repository/RAD_Pages/FilingStatus_Page": null

2023-12-20 12:57:06 - [TEST_STEP][PASSED] - orPath_Amount = "Object Repository/RAD_Pages/PaymentAmount_Page": null

2023-12-20 12:57:06 - [TEST_STEP][PASSED] - orPath_TaxInfo = "Object Repository/RAD_Pages/TaxInfo_Page": null

2023-12-20 12:57:06 - [TEST_STEP][PASSED] - selectOptionByLabel(findTestObject(orPath_Landing + "/dd_TaxType"), Paymenttype, false): All options with label 'Quarterly Estimated Tax' are selected in object 'Object Repository/RAD_Pages/Landing_Page/dd_TaxType' 

2023-12-20 12:57:06 - [MESSAGE][PASSED] - All options with label 'Quarterly Estimated Tax' are selected in object 'Object Repository/RAD_Pages/Landing_Page/dd_TaxType' 

2023-12-20 12:57:06 - [TEST_STEP][PASSED] - delay(1): Delayed 1 second(s)

2023-12-20 12:57:07 - [MESSAGE][PASSED] - Delayed 1 second(s)

2023-12-20 12:57:07 - [TEST_STEP][PASSED] - switch (Paymenttype): null

2023-12-20 12:57:07 - [TEST_STEP][PASSED] - case "Quarterly Estimated Tax":: null

2023-12-20 12:57:07 - [TEST_STEP][PASSED] - selectOptionByLabel(findTestObject(orPath_TaxTypeFilingYear + "/select_PaymentType"), Taxtype, false): All options with label 'Personal Income Tax' are selected in object 'Object Repository/RAD_Pages/TaxTypeFilingYear_Page/select_PaymentType' 

2023-12-20 12:57:08 - [MESSAGE][PASSED] - All options with label 'Personal Income Tax' are selected in object 'Object Repository/RAD_Pages/TaxTypeFilingYear_Page/select_PaymentType' 

2023-12-20 12:57:08 - [TEST_STEP][PASSED] - break: null

2023-12-20 12:57:08 - [TEST_STEP][PASSED] - delay(1): Delayed 1 second(s)

2023-12-20 12:57:09 - [MESSAGE][PASSED] - Delayed 1 second(s)

2023-12-20 12:57:09 - [TEST_STEP][PASSED] - scrollToElement(findTestObject(orPath_TaxPayer + "/input_firstName"), 3): Scroll to object 'Object Repository/RAD_Pages/Taxpayer_Page/input_firstName' successfully

2023-12-20 12:57:09 - [MESSAGE][PASSED] - Scroll to object 'Object Repository/RAD_Pages/Taxpayer_Page/input_firstName' successfully

2023-12-20 12:57:09 - [TEST_STEP][PASSED] - switch (Paymenttype): null

2023-12-20 12:57:09 - [TEST_STEP][PASSED] - case "Quarterly Estimated Tax":: null

2023-12-20 12:57:09 - [TEST_STEP][PASSED] - setText(findTestObject("RAD_RecordAndPlay/input_concatSSN"), "111111111"): Text '111111111' is set on object 'Object Repository/RAD_RecordAndPlay/input_concatSSN'

2023-12-20 12:57:10 - [MESSAGE][PASSED] - Text '111111111' is set on object 'Object Repository/RAD_RecordAndPlay/input_concatSSN'

2023-12-20 12:57:10 - [TEST_STEP][PASSED] - setText(findTestObject("RAD_RecordAndPlay/input_concatReSSN"), "222222222"): Text '222222222' is set on object 'Object Repository/RAD_RecordAndPlay/input_concatReSSN'

2023-12-20 12:57:11 - [MESSAGE][PASSED] - Text '222222222' is set on object 'Object Repository/RAD_RecordAndPlay/input_concatReSSN'

2023-12-20 12:57:11 - [TEST_STEP][PASSED] - setText(findTestObject(orPath_TaxPayer + "/input_lastName"), "Anderson"): Text 'Anderson' is set on object 'Object Repository/RAD_Pages/Taxpayer_Page/input_lastName'

2023-12-20 12:57:12 - [MESSAGE][PASSED] - Text 'Anderson' is set on object 'Object Repository/RAD_Pages/Taxpayer_Page/input_lastName'

2023-12-20 12:57:12 - [TEST_STEP][PASSED] - break: null

2023-12-20 12:57:12 - [TEST_STEP][PASSED] - delay(2): Delayed 2 second(s)

2023-12-20 12:57:14 - [MESSAGE][PASSED] - Delayed 2 second(s)

2023-12-20 12:57:14 - [TEST_STEP][PASSED] - if (verifyTextPresent("The SSN and Re-type SSN do not match", true)): null

2023-12-20 12:57:14 - [MESSAGE][PASSED] - Text 'The SSN and Re-type SSN do not match' is present on page  using regular expression

2023-12-20 12:57:14 - [TEST_STEP][PASSED] - println("Taxpayer SSN Dont match text is present"): null

2023-12-20 12:57:14 - [TEST_STEP][PASSED] - out.println("Pass Record Number: " + row): null

2023-12-20 12:57:14 - [TEST_STEP][PASSED] - resText = "Pass": null

2023-12-20 12:57:14 - [TEST_STEP][PASSED] - pages.WriteExcel.demoKey(resText, datText, resColumn, datCloumn, fileLoc, nameSheet, row): pages.WriteExcel.demoKey is PASSED

2023-12-20 12:57:14 - [MESSAGE][PASSED] - pages.WriteExcel.demoKey is PASSED

2023-12-20 12:57:14 - [TEST_STEP][PASSED] - ExecuteTC = findTestData(dataFile).getValue("Execute", row): null

2023-12-20 12:57:14 - [TEST_STEP][PASSED] - Taxtype = findTestData(dataFile).getValue("TaxType", row): null

2023-12-20 12:57:14 - [TEST_STEP][PASSED] - Paymenttype = findTestData(dataFile).getValue("PaymentType", row): null

2023-12-20 12:57:14 - [TEST_STEP][PASSED] - out.println("Value of Execute is : " + ExecuteTC): null

2023-12-20 12:57:14 - [TEST_STEP][PASSED] - if (ExecuteTC.equalsIgnoreCase("Y")): null

2023-12-20 12:57:14 - [TEST_STEP][PASSED] - ExecuteTC = findTestData(dataFile).getValue("Execute", row): null

2023-12-20 12:57:14 - [TEST_STEP][PASSED] - Taxtype = findTestData(dataFile).getValue("TaxType", row): null

2023-12-20 12:57:14 - [TEST_STEP][PASSED] - Paymenttype = findTestData(dataFile).getValue("PaymentType", row): null

2023-12-20 12:57:14 - [TEST_STEP][PASSED] - out.println("Value of Execute is : " + ExecuteTC): null

2023-12-20 12:57:14 - [TEST_STEP][PASSED] - if (ExecuteTC.equalsIgnoreCase("Y")): null

2023-12-20 12:57:14 - [TEST_STEP][PASSED] - out.println("Begin Record Number: " + row): null

2023-12-20 12:57:14 - [TEST_STEP][PASSED] - today = new java.util.Date(): null

2023-12-20 12:57:14 - [TEST_STEP][PASSED] - println(today): null

2023-12-20 12:57:14 - [TEST_STEP][PASSED] - datText = today: null

2023-12-20 12:57:14 - [TEST_STEP][PASSED] - Taxtype = findTestData(dataFile).getValue("TaxType", row): null

2023-12-20 12:57:14 - [TEST_STEP][PASSED] - out.println("Taxtype value is : " + Taxtype): null

2023-12-20 12:57:14 - [TEST_STEP][PASSED] - openBrowser(""): Browser is opened with url: ''

2023-12-20 12:57:14 - [MESSAGE][WARNING] - A browser is already opened. Closing browser and opening a new one

2023-12-20 12:57:15 - [MESSAGE][INFO] - Starting 'Chrome' driver

2023-12-20 12:57:15 - [MESSAGE][INFO] - User set preference: ['acceptInsecureCerts', 'true']

2023-12-20 12:57:15 - [MESSAGE][INFO] - Action delay is set to 0 milliseconds

2023-12-20 12:57:17 - [MESSAGE][PASSED] - Browser is opened with url: ''

2023-12-20 12:57:17 - [TEST_STEP][PASSED] - maximizeWindow(): Current window maximized

2023-12-20 12:57:17 - [MESSAGE][PASSED] - Current window maximized

2023-12-20 12:57:17 - [TEST_STEP][PASSED] - navigateToUrl(RADurl): Navigate to 'https://qa2.velocitypayment.com/client/rad/index.html' successfully

2023-12-20 12:57:19 - [MESSAGE][PASSED] - Navigate to 'https://qa2.velocitypayment.com/client/rad/index.html' successfully

2023-12-20 12:57:19 - [TEST_STEP][PASSED] - orPath_Landing = "Object Repository/RAD_Pages/Landing_Page": null

2023-12-20 12:57:19 - [TEST_STEP][PASSED] - orPath_TaxTypeFilingYear = "Object Repository/RAD_Pages/TaxTypeFilingYear_Page": null

2023-12-20 12:57:19 - [TEST_STEP][PASSED] - orPath_TaxPayer = "Object Repository/RAD_Pages/Taxpayer_Page": null

2023-12-20 12:57:19 - [TEST_STEP][PASSED] - orPath_AddressContact = "Object Repository/RAD_Pages/AddressAndContactInfo_Page": null

2023-12-20 12:57:19 - [TEST_STEP][PASSED] - orPath_FilingStatus = "Object Repository/RAD_Pages/FilingStatus_Page": null

2023-12-20 12:57:19 - [TEST_STEP][PASSED] - orPath_Amount = "Object Repository/RAD_Pages/PaymentAmount_Page": null

2023-12-20 12:57:19 - [TEST_STEP][PASSED] - orPath_TaxInfo = "Object Repository/RAD_Pages/TaxInfo_Page": null

2023-12-20 12:57:19 - [TEST_STEP][PASSED] - selectOptionByLabel(findTestObject(orPath_Landing + "/dd_TaxType"), Paymenttype, false): All options with label 'New Tax Return Amount Due' are selected in object 'Object Repository/RAD_Pages/Landing_Page/dd_TaxType' 

2023-12-20 12:57:20 - [MESSAGE][PASSED] - All options with label 'New Tax Return Amount Due' are selected in object 'Object Repository/RAD_Pages/Landing_Page/dd_TaxType' 

2023-12-20 12:57:20 - [TEST_STEP][PASSED] - delay(1): Delayed 1 second(s)

2023-12-20 12:57:21 - [MESSAGE][PASSED] - Delayed 1 second(s)

2023-12-20 12:57:21 - [TEST_STEP][PASSED] - switch (Paymenttype): null

2023-12-20 12:57:21 - [TEST_STEP][PASSED] - case "New Tax Return Amount Due":: null

2023-12-20 12:57:21 - [TEST_STEP][PASSED] - selectOptionByLabel(findTestObject("Object Repository/RAD_Pages/Landing_Page/select_NewTaxReturnAmountDue_TaxType"), Taxtype, false): All options with label 'Personal Income Tax' are selected in object 'Object Repository/RAD_Pages/Landing_Page/select_NewTaxReturnAmountDue_TaxType' 

2023-12-20 12:57:21 - [MESSAGE][PASSED] - All options with label 'Personal Income Tax' are selected in object 'Object Repository/RAD_Pages/Landing_Page/select_NewTaxReturnAmountDue_TaxType' 

2023-12-20 12:57:21 - [TEST_STEP][PASSED] - break: null

2023-12-20 12:57:21 - [TEST_STEP][PASSED] - delay(1): Delayed 1 second(s)

2023-12-20 12:57:22 - [MESSAGE][PASSED] - Delayed 1 second(s)

2023-12-20 12:57:22 - [TEST_STEP][PASSED] - scrollToElement(findTestObject(orPath_TaxPayer + "/input_firstName"), 3): Scroll to object 'Object Repository/RAD_Pages/Taxpayer_Page/input_firstName' successfully

2023-12-20 12:57:23 - [MESSAGE][PASSED] - Scroll to object 'Object Repository/RAD_Pages/Taxpayer_Page/input_firstName' successfully

2023-12-20 12:57:23 - [TEST_STEP][PASSED] - switch (Paymenttype): null

2023-12-20 12:57:23 - [TEST_STEP][PASSED] - case "New Tax Return Amount Due":: null

2023-12-20 12:57:23 - [TEST_STEP][PASSED] - setText(findTestObject("RAD_RecordAndPlay/input_concatSSN"), "111111111"): Text '111111111' is set on object 'Object Repository/RAD_RecordAndPlay/input_concatSSN'

2023-12-20 12:57:23 - [MESSAGE][PASSED] - Text '111111111' is set on object 'Object Repository/RAD_RecordAndPlay/input_concatSSN'

2023-12-20 12:57:23 - [TEST_STEP][PASSED] - setText(findTestObject("RAD_RecordAndPlay/input_concatReSSN"), "222222222"): Text '222222222' is set on object 'Object Repository/RAD_RecordAndPlay/input_concatReSSN'

2023-12-20 12:57:24 - [MESSAGE][PASSED] - Text '222222222' is set on object 'Object Repository/RAD_RecordAndPlay/input_concatReSSN'

2023-12-20 12:57:24 - [TEST_STEP][PASSED] - setText(findTestObject(orPath_TaxPayer + "/input_lastName"), "Anderson"): Text 'Anderson' is set on object 'Object Repository/RAD_Pages/Taxpayer_Page/input_lastName'

2023-12-20 12:57:25 - [MESSAGE][PASSED] - Text 'Anderson' is set on object 'Object Repository/RAD_Pages/Taxpayer_Page/input_lastName'

2023-12-20 12:57:25 - [TEST_STEP][PASSED] - break: null

2023-12-20 12:57:25 - [TEST_STEP][PASSED] - delay(2): Delayed 2 second(s)

2023-12-20 12:57:27 - [MESSAGE][PASSED] - Delayed 2 second(s)

2023-12-20 12:57:27 - [TEST_STEP][PASSED] - if (verifyTextPresent("The SSN and Re-type SSN do not match", true)): null

2023-12-20 12:57:27 - [MESSAGE][PASSED] - Text 'The SSN and Re-type SSN do not match' is present on page  using regular expression

2023-12-20 12:57:27 - [TEST_STEP][PASSED] - println("Taxpayer SSN Dont match text is present"): null

2023-12-20 12:57:27 - [TEST_STEP][PASSED] - out.println("Pass Record Number: " + row): null

2023-12-20 12:57:27 - [TEST_STEP][PASSED] - resText = "Pass": null

2023-12-20 12:57:27 - [TEST_STEP][PASSED] - pages.WriteExcel.demoKey(resText, datText, resColumn, datCloumn, fileLoc, nameSheet, row): pages.WriteExcel.demoKey is PASSED

2023-12-20 12:57:27 - [MESSAGE][PASSED] - pages.WriteExcel.demoKey is PASSED]]></system-out>
         <system-err><![CDATA[]]></system-err>
      </testcase>
      <testcase name="Test Cases/RAD_TestCases/Negative_TestCases/SSNmoreThan9Error" time="36.873" classname="Test Cases/RAD_TestCases/Negative_TestCases/SSNmoreThan9Error" status="PASSED">
         <system-out><![CDATA[2023-12-20 12:57:27 - [TEST_CASE][PASSED] - Test Cases/RAD_TestCases/Negative_TestCases/SSNmoreThan9Error: Test Cases/RAD_TestCases/Negative_TestCases/SSNmoreThan9Error

2023-12-20 12:57:28 - [TEST_STEP][PASSED] - resText = "Fail": null

2023-12-20 12:57:28 - [TEST_STEP][PASSED] - resColumn = "Result": null

2023-12-20 12:57:28 - [TEST_STEP][PASSED] - datCloumn = "Date": null

2023-12-20 12:57:28 - [TEST_STEP][PASSED] - fileLoc = "KatalonData/RADTestData/SSNmoreThan9Error.xlsx": null

2023-12-20 12:57:28 - [TEST_STEP][PASSED] - nameSheet = "Sheet1": null

2023-12-20 12:57:28 - [TEST_STEP][PASSED] - dataFile = "RADTestData/SSNmoreThan9Error": null

2023-12-20 12:57:28 - [TEST_STEP][PASSED] - ExecuteTC = <not implemented yet for class: org.codehaus.groovy.ast.expr.EmptyExpression>: null

2023-12-20 12:57:28 - [TEST_STEP][PASSED] - Taxtype = <not implemented yet for class: org.codehaus.groovy.ast.expr.EmptyExpression>: null

2023-12-20 12:57:28 - [TEST_STEP][PASSED] - numOfRows = findTestData(dataFile).getRowNumbers(): null

2023-12-20 12:57:28 - [TEST_STEP][PASSED] - println("Number of Records: " + numOfRows): null

2023-12-20 12:57:28 - [TEST_STEP][PASSED] - for ([row = 1, row <= numOfRows, (row++)]): null

2023-12-20 12:57:28 - [TEST_STEP][PASSED] - ExecuteTC = findTestData(dataFile).getValue("Execute", row): null

2023-12-20 12:57:28 - [TEST_STEP][PASSED] - Taxtype = findTestData(dataFile).getValue("TaxType", row): null

2023-12-20 12:57:28 - [TEST_STEP][PASSED] - Paymenttype = findTestData(dataFile).getValue("PaymentType", row): null

2023-12-20 12:57:28 - [TEST_STEP][PASSED] - out.println("Value of Execute is : " + ExecuteTC): null

2023-12-20 12:57:28 - [TEST_STEP][PASSED] - if (ExecuteTC.equalsIgnoreCase("Y")): null

2023-12-20 12:57:28 - [TEST_STEP][PASSED] - out.println("Begin Record Number: " + row): null

2023-12-20 12:57:28 - [TEST_STEP][PASSED] - today = new java.util.Date(): null

2023-12-20 12:57:28 - [TEST_STEP][PASSED] - println(today): null

2023-12-20 12:57:28 - [TEST_STEP][PASSED] - datText = today: null

2023-12-20 12:57:28 - [TEST_STEP][PASSED] - Taxtype = findTestData(dataFile).getValue("TaxType", row): null

2023-12-20 12:57:28 - [TEST_STEP][PASSED] - out.println("Taxtype value is : " + Taxtype): null

2023-12-20 12:57:28 - [TEST_STEP][PASSED] - openBrowser(""): Browser is opened with url: ''

2023-12-20 12:57:28 - [MESSAGE][WARNING] - A browser is already opened. Closing browser and opening a new one

2023-12-20 12:57:29 - [MESSAGE][INFO] - Starting 'Chrome' driver

2023-12-20 12:57:29 - [MESSAGE][INFO] - User set preference: ['acceptInsecureCerts', 'true']

2023-12-20 12:57:29 - [MESSAGE][INFO] - Action delay is set to 0 milliseconds

2023-12-20 12:57:31 - [MESSAGE][PASSED] - Browser is opened with url: ''

2023-12-20 12:57:31 - [TEST_STEP][PASSED] - maximizeWindow(): Current window maximized

2023-12-20 12:57:31 - [MESSAGE][PASSED] - Current window maximized

2023-12-20 12:57:31 - [TEST_STEP][PASSED] - navigateToUrl(RADurl): Navigate to 'https://qa2.velocitypayment.com/client/rad/index.html' successfully

2023-12-20 12:57:33 - [MESSAGE][PASSED] - Navigate to 'https://qa2.velocitypayment.com/client/rad/index.html' successfully

2023-12-20 12:57:33 - [TEST_STEP][PASSED] - orPath_Landing = "Object Repository/RAD_Pages/Landing_Page": null

2023-12-20 12:57:33 - [TEST_STEP][PASSED] - orPath_TaxTypeFilingYear = "Object Repository/RAD_Pages/TaxTypeFilingYear_Page": null

2023-12-20 12:57:33 - [TEST_STEP][PASSED] - orPath_TaxPayer = "Object Repository/RAD_Pages/Taxpayer_Page": null

2023-12-20 12:57:33 - [TEST_STEP][PASSED] - orPath_AddressContact = "Object Repository/RAD_Pages/AddressAndContactInfo_Page": null

2023-12-20 12:57:33 - [TEST_STEP][PASSED] - orPath_FilingStatus = "Object Repository/RAD_Pages/FilingStatus_Page": null

2023-12-20 12:57:33 - [TEST_STEP][PASSED] - orPath_Amount = "Object Repository/RAD_Pages/PaymentAmount_Page": null

2023-12-20 12:57:33 - [TEST_STEP][PASSED] - orPath_TaxInfo = "Object Repository/RAD_Pages/TaxInfo_Page": null

2023-12-20 12:57:33 - [TEST_STEP][PASSED] - selectOptionByLabel(findTestObject(orPath_Landing + "/dd_TaxType"), Paymenttype, false): All options with label 'Existing Liability w/Notice Number' are selected in object 'Object Repository/RAD_Pages/Landing_Page/dd_TaxType' 

2023-12-20 12:57:33 - [MESSAGE][PASSED] - All options with label 'Existing Liability w/Notice Number' are selected in object 'Object Repository/RAD_Pages/Landing_Page/dd_TaxType' 

2023-12-20 12:57:33 - [TEST_STEP][PASSED] - delay(1): Delayed 1 second(s)

2023-12-20 12:57:34 - [MESSAGE][PASSED] - Delayed 1 second(s)

2023-12-20 12:57:34 - [TEST_STEP][PASSED] - switch (Paymenttype): null

2023-12-20 12:57:34 - [TEST_STEP][PASSED] - case "Existing Liability w/Notice Number":: null

2023-12-20 12:57:34 - [TEST_STEP][PASSED] - selectOptionByLabel(findTestObject(orPath_TaxTypeFilingYear + "/select_TaxType_ExistingLiability"), Taxtype, false): All options with label 'Personal Income Tax' are selected in object 'Object Repository/RAD_Pages/TaxTypeFilingYear_Page/select_TaxType_ExistingLiability' 

2023-12-20 12:57:35 - [MESSAGE][PASSED] - All options with label 'Personal Income Tax' are selected in object 'Object Repository/RAD_Pages/TaxTypeFilingYear_Page/select_TaxType_ExistingLiability' 

2023-12-20 12:57:35 - [TEST_STEP][PASSED] - break: null

2023-12-20 12:57:35 - [TEST_STEP][PASSED] - delay(1): Delayed 1 second(s)

2023-12-20 12:57:36 - [MESSAGE][PASSED] - Delayed 1 second(s)

2023-12-20 12:57:36 - [TEST_STEP][PASSED] - scrollToElement(findTestObject(orPath_TaxPayer + "/input_firstName"), 3): Scroll to object 'Object Repository/RAD_Pages/Taxpayer_Page/input_firstName' successfully

2023-12-20 12:57:36 - [MESSAGE][PASSED] - Scroll to object 'Object Repository/RAD_Pages/Taxpayer_Page/input_firstName' successfully

2023-12-20 12:57:36 - [TEST_STEP][PASSED] - switch (Paymenttype): null

2023-12-20 12:57:36 - [TEST_STEP][PASSED] - case "Existing Liability w/Notice Number":: null

2023-12-20 12:57:36 - [TEST_STEP][PASSED] - setText(findTestObject(orPath_TaxInfo + "/input_Existing_SSN"), "1111111111"): Text '1111111111' is set on object 'Object Repository/RAD_Pages/TaxInfo_Page/input_Existing_SSN'

2023-12-20 12:57:37 - [MESSAGE][PASSED] - Text '1111111111' is set on object 'Object Repository/RAD_Pages/TaxInfo_Page/input_Existing_SSN'

2023-12-20 12:57:37 - [TEST_STEP][PASSED] - setText(findTestObject(orPath_TaxInfo + "/input_Existing_RetypeSSN"), ""): Text '' is set on object 'Object Repository/RAD_Pages/TaxInfo_Page/input_Existing_RetypeSSN'

2023-12-20 12:57:37 - [MESSAGE][PASSED] - Text '' is set on object 'Object Repository/RAD_Pages/TaxInfo_Page/input_Existing_RetypeSSN'

2023-12-20 12:57:37 - [TEST_STEP][PASSED] - break: null

2023-12-20 12:57:37 - [TEST_STEP][PASSED] - delay(2): Delayed 2 second(s)

2023-12-20 12:57:39 - [MESSAGE][PASSED] - Delayed 2 second(s)

2023-12-20 12:57:39 - [TEST_STEP][PASSED] - if (verifyTextPresent("Please enter a valid SSN with 9 digits", true)): null

2023-12-20 12:57:40 - [MESSAGE][PASSED] - Text 'Please enter a valid SSN with 9 digits' is present on page  using regular expression

2023-12-20 12:57:40 - [TEST_STEP][PASSED] - println("Please enter a valid SSN with 9 digits"): null

2023-12-20 12:57:40 - [TEST_STEP][PASSED] - out.println("Pass Record Number: " + row): null

2023-12-20 12:57:40 - [TEST_STEP][PASSED] - resText = "Pass": null

2023-12-20 12:57:40 - [TEST_STEP][PASSED] - pages.WriteExcel.demoKey(resText, datText, resColumn, datCloumn, fileLoc, nameSheet, row): pages.WriteExcel.demoKey is PASSED

2023-12-20 12:57:40 - [MESSAGE][PASSED] - pages.WriteExcel.demoKey is PASSED

2023-12-20 12:57:40 - [TEST_STEP][PASSED] - ExecuteTC = findTestData(dataFile).getValue("Execute", row): null

2023-12-20 12:57:40 - [TEST_STEP][PASSED] - Taxtype = findTestData(dataFile).getValue("TaxType", row): null

2023-12-20 12:57:40 - [TEST_STEP][PASSED] - Paymenttype = findTestData(dataFile).getValue("PaymentType", row): null

2023-12-20 12:57:40 - [TEST_STEP][PASSED] - out.println("Value of Execute is : " + ExecuteTC): null

2023-12-20 12:57:40 - [TEST_STEP][PASSED] - if (ExecuteTC.equalsIgnoreCase("Y")): null

2023-12-20 12:57:40 - [TEST_STEP][PASSED] - out.println("Begin Record Number: " + row): null

2023-12-20 12:57:40 - [TEST_STEP][PASSED] - today = new java.util.Date(): null

2023-12-20 12:57:40 - [TEST_STEP][PASSED] - println(today): null

2023-12-20 12:57:40 - [TEST_STEP][PASSED] - datText = today: null

2023-12-20 12:57:40 - [TEST_STEP][PASSED] - Taxtype = findTestData(dataFile).getValue("TaxType", row): null

2023-12-20 12:57:40 - [TEST_STEP][PASSED] - out.println("Taxtype value is : " + Taxtype): null

2023-12-20 12:57:40 - [TEST_STEP][PASSED] - openBrowser(""): Browser is opened with url: ''

2023-12-20 12:57:40 - [MESSAGE][WARNING] - A browser is already opened. Closing browser and opening a new one

2023-12-20 12:57:41 - [MESSAGE][INFO] - Starting 'Chrome' driver

2023-12-20 12:57:41 - [MESSAGE][INFO] - User set preference: ['acceptInsecureCerts', 'true']

2023-12-20 12:57:41 - [MESSAGE][INFO] - Action delay is set to 0 milliseconds

2023-12-20 12:57:43 - [MESSAGE][PASSED] - Browser is opened with url: ''

2023-12-20 12:57:43 - [TEST_STEP][PASSED] - maximizeWindow(): Current window maximized

2023-12-20 12:57:43 - [MESSAGE][PASSED] - Current window maximized

2023-12-20 12:57:43 - [TEST_STEP][PASSED] - navigateToUrl(RADurl): Navigate to 'https://qa2.velocitypayment.com/client/rad/index.html' successfully

2023-12-20 12:57:44 - [MESSAGE][PASSED] - Navigate to 'https://qa2.velocitypayment.com/client/rad/index.html' successfully

2023-12-20 12:57:44 - [TEST_STEP][PASSED] - orPath_Landing = "Object Repository/RAD_Pages/Landing_Page": null

2023-12-20 12:57:44 - [TEST_STEP][PASSED] - orPath_TaxTypeFilingYear = "Object Repository/RAD_Pages/TaxTypeFilingYear_Page": null

2023-12-20 12:57:44 - [TEST_STEP][PASSED] - orPath_TaxPayer = "Object Repository/RAD_Pages/Taxpayer_Page": null

2023-12-20 12:57:44 - [TEST_STEP][PASSED] - orPath_AddressContact = "Object Repository/RAD_Pages/AddressAndContactInfo_Page": null

2023-12-20 12:57:44 - [TEST_STEP][PASSED] - orPath_FilingStatus = "Object Repository/RAD_Pages/FilingStatus_Page": null

2023-12-20 12:57:44 - [TEST_STEP][PASSED] - orPath_Amount = "Object Repository/RAD_Pages/PaymentAmount_Page": null

2023-12-20 12:57:44 - [TEST_STEP][PASSED] - orPath_TaxInfo = "Object Repository/RAD_Pages/TaxInfo_Page": null

2023-12-20 12:57:44 - [TEST_STEP][PASSED] - selectOptionByLabel(findTestObject(orPath_Landing + "/dd_TaxType"), Paymenttype, false): All options with label 'Quarterly Estimated Tax' are selected in object 'Object Repository/RAD_Pages/Landing_Page/dd_TaxType' 

2023-12-20 12:57:45 - [MESSAGE][PASSED] - All options with label 'Quarterly Estimated Tax' are selected in object 'Object Repository/RAD_Pages/Landing_Page/dd_TaxType' 

2023-12-20 12:57:45 - [TEST_STEP][PASSED] - delay(1): Delayed 1 second(s)

2023-12-20 12:57:46 - [MESSAGE][PASSED] - Delayed 1 second(s)

2023-12-20 12:57:46 - [TEST_STEP][PASSED] - switch (Paymenttype): null

2023-12-20 12:57:46 - [TEST_STEP][PASSED] - case "Quarterly Estimated Tax":: null

2023-12-20 12:57:46 - [TEST_STEP][PASSED] - selectOptionByLabel(findTestObject(orPath_TaxTypeFilingYear + "/select_PaymentType"), Taxtype, false): All options with label 'Personal Income Tax' are selected in object 'Object Repository/RAD_Pages/TaxTypeFilingYear_Page/select_PaymentType' 

2023-12-20 12:57:47 - [MESSAGE][PASSED] - All options with label 'Personal Income Tax' are selected in object 'Object Repository/RAD_Pages/TaxTypeFilingYear_Page/select_PaymentType' 

2023-12-20 12:57:47 - [TEST_STEP][PASSED] - break: null

2023-12-20 12:57:47 - [TEST_STEP][PASSED] - delay(1): Delayed 1 second(s)

2023-12-20 12:57:48 - [MESSAGE][PASSED] - Delayed 1 second(s)

2023-12-20 12:57:48 - [TEST_STEP][PASSED] - scrollToElement(findTestObject(orPath_TaxPayer + "/input_firstName"), 3): Scroll to object 'Object Repository/RAD_Pages/Taxpayer_Page/input_firstName' successfully

2023-12-20 12:57:48 - [MESSAGE][PASSED] - Scroll to object 'Object Repository/RAD_Pages/Taxpayer_Page/input_firstName' successfully

2023-12-20 12:57:48 - [TEST_STEP][PASSED] - switch (Paymenttype): null

2023-12-20 12:57:48 - [TEST_STEP][PASSED] - case "Quarterly Estimated Tax":: null

2023-12-20 12:57:48 - [TEST_STEP][PASSED] - setText(findTestObject("RAD_RecordAndPlay/input_concatSSN"), "1111111111"): Text '1111111111' is set on object 'Object Repository/RAD_RecordAndPlay/input_concatSSN'

2023-12-20 12:57:49 - [MESSAGE][PASSED] - Text '1111111111' is set on object 'Object Repository/RAD_RecordAndPlay/input_concatSSN'

2023-12-20 12:57:49 - [TEST_STEP][PASSED] - setText(findTestObject("RAD_RecordAndPlay/input_concatReSSN"), ""): Text '' is set on object 'Object Repository/RAD_RecordAndPlay/input_concatReSSN'

2023-12-20 12:57:49 - [MESSAGE][PASSED] - Text '' is set on object 'Object Repository/RAD_RecordAndPlay/input_concatReSSN'

2023-12-20 12:57:49 - [TEST_STEP][PASSED] - break: null

2023-12-20 12:57:49 - [TEST_STEP][PASSED] - delay(2): Delayed 2 second(s)

2023-12-20 12:57:51 - [MESSAGE][PASSED] - Delayed 2 second(s)

2023-12-20 12:57:51 - [TEST_STEP][PASSED] - if (verifyTextPresent("Please enter a valid SSN with 9 digits", true)): null

2023-12-20 12:57:52 - [MESSAGE][PASSED] - Text 'Please enter a valid SSN with 9 digits' is present on page  using regular expression

2023-12-20 12:57:52 - [TEST_STEP][PASSED] - println("Please enter a valid SSN with 9 digits"): null

2023-12-20 12:57:52 - [TEST_STEP][PASSED] - out.println("Pass Record Number: " + row): null

2023-12-20 12:57:52 - [TEST_STEP][PASSED] - resText = "Pass": null

2023-12-20 12:57:52 - [TEST_STEP][PASSED] - pages.WriteExcel.demoKey(resText, datText, resColumn, datCloumn, fileLoc, nameSheet, row): pages.WriteExcel.demoKey is PASSED

2023-12-20 12:57:52 - [MESSAGE][PASSED] - pages.WriteExcel.demoKey is PASSED

2023-12-20 12:57:52 - [TEST_STEP][PASSED] - ExecuteTC = findTestData(dataFile).getValue("Execute", row): null

2023-12-20 12:57:52 - [TEST_STEP][PASSED] - Taxtype = findTestData(dataFile).getValue("TaxType", row): null

2023-12-20 12:57:52 - [TEST_STEP][PASSED] - Paymenttype = findTestData(dataFile).getValue("PaymentType", row): null

2023-12-20 12:57:52 - [TEST_STEP][PASSED] - out.println("Value of Execute is : " + ExecuteTC): null

2023-12-20 12:57:52 - [TEST_STEP][PASSED] - if (ExecuteTC.equalsIgnoreCase("Y")): null

2023-12-20 12:57:52 - [TEST_STEP][PASSED] - ExecuteTC = findTestData(dataFile).getValue("Execute", row): null

2023-12-20 12:57:52 - [TEST_STEP][PASSED] - Taxtype = findTestData(dataFile).getValue("TaxType", row): null

2023-12-20 12:57:52 - [TEST_STEP][PASSED] - Paymenttype = findTestData(dataFile).getValue("PaymentType", row): null

2023-12-20 12:57:52 - [TEST_STEP][PASSED] - out.println("Value of Execute is : " + ExecuteTC): null

2023-12-20 12:57:52 - [TEST_STEP][PASSED] - if (ExecuteTC.equalsIgnoreCase("Y")): null

2023-12-20 12:57:52 - [TEST_STEP][PASSED] - out.println("Begin Record Number: " + row): null

2023-12-20 12:57:52 - [TEST_STEP][PASSED] - today = new java.util.Date(): null

2023-12-20 12:57:52 - [TEST_STEP][PASSED] - println(today): null

2023-12-20 12:57:52 - [TEST_STEP][PASSED] - datText = today: null

2023-12-20 12:57:52 - [TEST_STEP][PASSED] - Taxtype = findTestData(dataFile).getValue("TaxType", row): null

2023-12-20 12:57:52 - [TEST_STEP][PASSED] - out.println("Taxtype value is : " + Taxtype): null

2023-12-20 12:57:52 - [TEST_STEP][PASSED] - openBrowser(""): Browser is opened with url: ''

2023-12-20 12:57:52 - [MESSAGE][WARNING] - A browser is already opened. Closing browser and opening a new one

2023-12-20 12:57:53 - [MESSAGE][INFO] - Starting 'Chrome' driver

2023-12-20 12:57:53 - [MESSAGE][INFO] - User set preference: ['acceptInsecureCerts', 'true']

2023-12-20 12:57:53 - [MESSAGE][INFO] - Action delay is set to 0 milliseconds

2023-12-20 12:57:54 - [MESSAGE][PASSED] - Browser is opened with url: ''

2023-12-20 12:57:54 - [TEST_STEP][PASSED] - maximizeWindow(): Current window maximized

2023-12-20 12:57:55 - [MESSAGE][PASSED] - Current window maximized

2023-12-20 12:57:55 - [TEST_STEP][PASSED] - navigateToUrl(RADurl): Navigate to 'https://qa2.velocitypayment.com/client/rad/index.html' successfully

2023-12-20 12:57:57 - [MESSAGE][PASSED] - Navigate to 'https://qa2.velocitypayment.com/client/rad/index.html' successfully

2023-12-20 12:57:57 - [TEST_STEP][PASSED] - orPath_Landing = "Object Repository/RAD_Pages/Landing_Page": null

2023-12-20 12:57:57 - [TEST_STEP][PASSED] - orPath_TaxTypeFilingYear = "Object Repository/RAD_Pages/TaxTypeFilingYear_Page": null

2023-12-20 12:57:57 - [TEST_STEP][PASSED] - orPath_TaxPayer = "Object Repository/RAD_Pages/Taxpayer_Page": null

2023-12-20 12:57:57 - [TEST_STEP][PASSED] - orPath_AddressContact = "Object Repository/RAD_Pages/AddressAndContactInfo_Page": null

2023-12-20 12:57:57 - [TEST_STEP][PASSED] - orPath_FilingStatus = "Object Repository/RAD_Pages/FilingStatus_Page": null

2023-12-20 12:57:57 - [TEST_STEP][PASSED] - orPath_Amount = "Object Repository/RAD_Pages/PaymentAmount_Page": null

2023-12-20 12:57:57 - [TEST_STEP][PASSED] - orPath_TaxInfo = "Object Repository/RAD_Pages/TaxInfo_Page": null

2023-12-20 12:57:57 - [TEST_STEP][PASSED] - selectOptionByLabel(findTestObject(orPath_Landing + "/dd_TaxType"), Paymenttype, false): All options with label 'New Tax Return Amount Due' are selected in object 'Object Repository/RAD_Pages/Landing_Page/dd_TaxType' 

2023-12-20 12:57:57 - [MESSAGE][PASSED] - All options with label 'New Tax Return Amount Due' are selected in object 'Object Repository/RAD_Pages/Landing_Page/dd_TaxType' 

2023-12-20 12:57:57 - [TEST_STEP][PASSED] - delay(1): Delayed 1 second(s)

2023-12-20 12:57:58 - [MESSAGE][PASSED] - Delayed 1 second(s)

2023-12-20 12:57:58 - [TEST_STEP][PASSED] - switch (Paymenttype): null

2023-12-20 12:57:58 - [TEST_STEP][PASSED] - case "New Tax Return Amount Due":: null

2023-12-20 12:57:58 - [TEST_STEP][PASSED] - selectOptionByLabel(findTestObject("Object Repository/RAD_Pages/Landing_Page/select_NewTaxReturnAmountDue_TaxType"), Taxtype, false): All options with label 'Personal Income Tax' are selected in object 'Object Repository/RAD_Pages/Landing_Page/select_NewTaxReturnAmountDue_TaxType' 

2023-12-20 12:57:59 - [MESSAGE][PASSED] - All options with label 'Personal Income Tax' are selected in object 'Object Repository/RAD_Pages/Landing_Page/select_NewTaxReturnAmountDue_TaxType' 

2023-12-20 12:57:59 - [TEST_STEP][PASSED] - break: null

2023-12-20 12:57:59 - [TEST_STEP][PASSED] - delay(1): Delayed 1 second(s)

2023-12-20 12:58:00 - [MESSAGE][PASSED] - Delayed 1 second(s)

2023-12-20 12:58:00 - [TEST_STEP][PASSED] - scrollToElement(findTestObject(orPath_TaxPayer + "/input_firstName"), 3): Scroll to object 'Object Repository/RAD_Pages/Taxpayer_Page/input_firstName' successfully

2023-12-20 12:58:00 - [MESSAGE][PASSED] - Scroll to object 'Object Repository/RAD_Pages/Taxpayer_Page/input_firstName' successfully

2023-12-20 12:58:00 - [TEST_STEP][PASSED] - switch (Paymenttype): null

2023-12-20 12:58:00 - [TEST_STEP][PASSED] - case "New Tax Return Amount Due":: null

2023-12-20 12:58:00 - [TEST_STEP][PASSED] - setText(findTestObject("RAD_RecordAndPlay/input_concatSSN"), "1111111111"): Text '1111111111' is set on object 'Object Repository/RAD_RecordAndPlay/input_concatSSN'

2023-12-20 12:58:01 - [MESSAGE][PASSED] - Text '1111111111' is set on object 'Object Repository/RAD_RecordAndPlay/input_concatSSN'

2023-12-20 12:58:01 - [TEST_STEP][PASSED] - setText(findTestObject("RAD_RecordAndPlay/input_concatReSSN"), ""): Text '' is set on object 'Object Repository/RAD_RecordAndPlay/input_concatReSSN'

2023-12-20 12:58:02 - [MESSAGE][PASSED] - Text '' is set on object 'Object Repository/RAD_RecordAndPlay/input_concatReSSN'

2023-12-20 12:58:02 - [TEST_STEP][PASSED] - break: null

2023-12-20 12:58:02 - [TEST_STEP][PASSED] - delay(2): Delayed 2 second(s)

2023-12-20 12:58:04 - [MESSAGE][PASSED] - Delayed 2 second(s)

2023-12-20 12:58:04 - [TEST_STEP][PASSED] - if (verifyTextPresent("Please enter a valid SSN with 9 digits", true)): null

2023-12-20 12:58:04 - [MESSAGE][PASSED] - Text 'Please enter a valid SSN with 9 digits' is present on page  using regular expression

2023-12-20 12:58:04 - [TEST_STEP][PASSED] - println("Please enter a valid SSN with 9 digits"): null

2023-12-20 12:58:04 - [TEST_STEP][PASSED] - out.println("Pass Record Number: " + row): null

2023-12-20 12:58:04 - [TEST_STEP][PASSED] - resText = "Pass": null

2023-12-20 12:58:04 - [TEST_STEP][PASSED] - pages.WriteExcel.demoKey(resText, datText, resColumn, datCloumn, fileLoc, nameSheet, row): pages.WriteExcel.demoKey is PASSED

2023-12-20 12:58:04 - [MESSAGE][PASSED] - pages.WriteExcel.demoKey is PASSED]]></system-out>
         <system-err><![CDATA[]]></system-err>
      </testcase>
      <testcase name="Test Cases/RAD_TestCases/Negative_TestCases/JointFilerSSNnoMatch-NEW" time="27.643" classname="Test Cases/RAD_TestCases/Negative_TestCases/JointFilerSSNnoMatch-NEW" status="PASSED">
         <system-out><![CDATA[2023-12-20 12:58:04 - [TEST_CASE][PASSED] - Test Cases/RAD_TestCases/Negative_TestCases/JointFilerSSNnoMatch-NEW: Test Cases/RAD_TestCases/Negative_TestCases/JointFilerSSNnoMatch-NEW

2023-12-20 12:58:05 - [TEST_STEP][PASSED] - resText = "Fail": null

2023-12-20 12:58:05 - [TEST_STEP][PASSED] - resColumn = "Result": null

2023-12-20 12:58:05 - [TEST_STEP][PASSED] - datCloumn = "Date": null

2023-12-20 12:58:05 - [TEST_STEP][PASSED] - fileLoc = "KatalonData/RADTestData/JointFilerSSNnoMatch.xlsx": null

2023-12-20 12:58:05 - [TEST_STEP][PASSED] - nameSheet = "Sheet1": null

2023-12-20 12:58:05 - [TEST_STEP][PASSED] - dataFile = "RADTestData/JointFilerSSNnoMatch": null

2023-12-20 12:58:05 - [TEST_STEP][PASSED] - ExecuteTC = <not implemented yet for class: org.codehaus.groovy.ast.expr.EmptyExpression>: null

2023-12-20 12:58:05 - [TEST_STEP][PASSED] - Taxtype = <not implemented yet for class: org.codehaus.groovy.ast.expr.EmptyExpression>: null

2023-12-20 12:58:05 - [TEST_STEP][PASSED] - numOfRows = findTestData(dataFile).getRowNumbers(): null

2023-12-20 12:58:05 - [TEST_STEP][PASSED] - println("Number of Records: " + numOfRows): null

2023-12-20 12:58:05 - [TEST_STEP][PASSED] - for ([row = 1, row <= numOfRows, (row++)]): null

2023-12-20 12:58:05 - [TEST_STEP][PASSED] - ExecuteTC = findTestData(dataFile).getValue("Execute", row): null

2023-12-20 12:58:05 - [TEST_STEP][PASSED] - Taxtype = findTestData(dataFile).getValue("TaxType", row): null

2023-12-20 12:58:05 - [TEST_STEP][PASSED] - Paymenttype = findTestData(dataFile).getValue("PaymentType", row): null

2023-12-20 12:58:05 - [TEST_STEP][PASSED] - out.println("Value of Execute is : " + ExecuteTC): null

2023-12-20 12:58:05 - [TEST_STEP][PASSED] - if (ExecuteTC.equalsIgnoreCase("Y")): null

2023-12-20 12:58:05 - [TEST_STEP][PASSED] - out.println("Begin Record Number: " + row): null

2023-12-20 12:58:05 - [TEST_STEP][PASSED] - today = new java.util.Date(): null

2023-12-20 12:58:05 - [TEST_STEP][PASSED] - println(today): null

2023-12-20 12:58:05 - [TEST_STEP][PASSED] - datText = today: null

2023-12-20 12:58:05 - [TEST_STEP][PASSED] - Taxtype = findTestData(dataFile).getValue("TaxType", row): null

2023-12-20 12:58:05 - [TEST_STEP][PASSED] - out.println("Taxtype value is : " + Taxtype): null

2023-12-20 12:58:05 - [TEST_STEP][PASSED] - openBrowser(""): Browser is opened with url: ''

2023-12-20 12:58:05 - [MESSAGE][WARNING] - A browser is already opened. Closing browser and opening a new one

2023-12-20 12:58:06 - [MESSAGE][INFO] - Starting 'Chrome' driver

2023-12-20 12:58:06 - [MESSAGE][INFO] - User set preference: ['acceptInsecureCerts', 'true']

2023-12-20 12:58:06 - [MESSAGE][INFO] - Action delay is set to 0 milliseconds

2023-12-20 12:58:07 - [MESSAGE][PASSED] - Browser is opened with url: ''

2023-12-20 12:58:08 - [TEST_STEP][PASSED] - maximizeWindow(): Current window maximized

2023-12-20 12:58:08 - [MESSAGE][PASSED] - Current window maximized

2023-12-20 12:58:08 - [TEST_STEP][PASSED] - navigateToUrl(RADurl): Navigate to 'https://qa2.velocitypayment.com/client/rad/index.html' successfully

2023-12-20 12:58:09 - [MESSAGE][PASSED] - Navigate to 'https://qa2.velocitypayment.com/client/rad/index.html' successfully

2023-12-20 12:58:09 - [TEST_STEP][PASSED] - orPath_Landing = "Object Repository/RAD_Pages/Landing_Page": null

2023-12-20 12:58:09 - [TEST_STEP][PASSED] - orPath_TaxTypeFilingYear = "Object Repository/RAD_Pages/TaxTypeFilingYear_Page": null

2023-12-20 12:58:09 - [TEST_STEP][PASSED] - orPath_TaxPayer = "Object Repository/RAD_Pages/Taxpayer_Page": null

2023-12-20 12:58:09 - [TEST_STEP][PASSED] - orPath_AddressContact = "Object Repository/RAD_Pages/AddressAndContactInfo_Page": null

2023-12-20 12:58:09 - [TEST_STEP][PASSED] - orPath_FilingStatus = "Object Repository/RAD_Pages/FilingStatus_Page": null

2023-12-20 12:58:09 - [TEST_STEP][PASSED] - orPath_Amount = "Object Repository/RAD_Pages/PaymentAmount_Page": null

2023-12-20 12:58:09 - [TEST_STEP][PASSED] - orPath_TaxInfo = "Object Repository/RAD_Pages/TaxInfo_Page": null

2023-12-20 12:58:09 - [TEST_STEP][PASSED] - selectOptionByLabel(findTestObject(orPath_Landing + "/dd_TaxType"), Paymenttype, false): All options with label 'Quarterly Estimated Tax' are selected in object 'Object Repository/RAD_Pages/Landing_Page/dd_TaxType' 

2023-12-20 12:58:10 - [MESSAGE][PASSED] - All options with label 'Quarterly Estimated Tax' are selected in object 'Object Repository/RAD_Pages/Landing_Page/dd_TaxType' 

2023-12-20 12:58:10 - [TEST_STEP][PASSED] - delay(1): Delayed 1 second(s)

2023-12-20 12:58:11 - [MESSAGE][PASSED] - Delayed 1 second(s)

2023-12-20 12:58:11 - [TEST_STEP][PASSED] - switch (Paymenttype): null

2023-12-20 12:58:11 - [TEST_STEP][PASSED] - case "Quarterly Estimated Tax":: null

2023-12-20 12:58:11 - [TEST_STEP][PASSED] - selectOptionByLabel(findTestObject(orPath_TaxTypeFilingYear + "/select_PaymentType"), Taxtype, false): All options with label 'Personal Income Tax' are selected in object 'Object Repository/RAD_Pages/TaxTypeFilingYear_Page/select_PaymentType' 

2023-12-20 12:58:11 - [MESSAGE][PASSED] - All options with label 'Personal Income Tax' are selected in object 'Object Repository/RAD_Pages/TaxTypeFilingYear_Page/select_PaymentType' 

2023-12-20 12:58:11 - [TEST_STEP][PASSED] - break: null

2023-12-20 12:58:11 - [TEST_STEP][PASSED] - delay(1): Delayed 1 second(s)

2023-12-20 12:58:12 - [MESSAGE][PASSED] - Delayed 1 second(s)

2023-12-20 12:58:12 - [TEST_STEP][PASSED] - scrollToElement(findTestObject(orPath_Amount + "/input__paymentAmount"), 2, CONTINUE_ON_FAILURE): Scroll to object 'Object Repository/RAD_Pages/PaymentAmount_Page/input__paymentAmount' successfully

2023-12-20 12:58:13 - [MESSAGE][PASSED] - Scroll to object 'Object Repository/RAD_Pages/PaymentAmount_Page/input__paymentAmount' successfully

2023-12-20 12:58:13 - [TEST_STEP][PASSED] - waitForElementClickable(findTestObject(orPath_FilingStatus + "/input_userType_Joint"), 5): Object 'Object Repository/RAD_Pages/FilingStatus_Page/input_userType_Joint' is clickable

2023-12-20 12:58:13 - [MESSAGE][PASSED] - Object 'Object Repository/RAD_Pages/FilingStatus_Page/input_userType_Joint' is clickable

2023-12-20 12:58:13 - [TEST_STEP][PASSED] - click(findTestObject(orPath_FilingStatus + "/input_userType_Joint")): Object: 'Object Repository/RAD_Pages/FilingStatus_Page/input_userType_Joint' is clicked on

2023-12-20 12:58:14 - [MESSAGE][PASSED] - Object: 'Object Repository/RAD_Pages/FilingStatus_Page/input_userType_Joint' is clicked on

2023-12-20 12:58:14 - [TEST_STEP][PASSED] - setText(findTestObject("Object Repository/RAD_RecordAndPlay/input_JointFilerSSN"), "111116523"): Text '111116523' is set on object 'Object Repository/RAD_RecordAndPlay/input_JointFilerSSN'

2023-12-20 12:58:14 - [MESSAGE][PASSED] - Text '111116523' is set on object 'Object Repository/RAD_RecordAndPlay/input_JointFilerSSN'

2023-12-20 12:58:14 - [TEST_STEP][PASSED] - setText(findTestObject("Object Repository/RAD_RecordAndPlay/input_reTypeJointFilerSSN"), "222226523"): Text '222226523' is set on object 'Object Repository/RAD_RecordAndPlay/input_reTypeJointFilerSSN'

2023-12-20 12:58:15 - [MESSAGE][PASSED] - Text '222226523' is set on object 'Object Repository/RAD_RecordAndPlay/input_reTypeJointFilerSSN'

2023-12-20 12:58:15 - [TEST_STEP][PASSED] - setText(findTestObject(orPath_Amount + "/input__paymentAmount"), ""): Text '' is set on object 'Object Repository/RAD_Pages/PaymentAmount_Page/input__paymentAmount'

2023-12-20 12:58:16 - [MESSAGE][PASSED] - Text '' is set on object 'Object Repository/RAD_Pages/PaymentAmount_Page/input__paymentAmount'

2023-12-20 12:58:16 - [TEST_STEP][PASSED] - delay(2): Delayed 2 second(s)

2023-12-20 12:58:18 - [MESSAGE][PASSED] - Delayed 2 second(s)

2023-12-20 12:58:18 - [TEST_STEP][PASSED] - if (verifyTextPresent("The SSN and Re-type SSN do not match", true)): null

2023-12-20 12:58:18 - [MESSAGE][PASSED] - Text 'The SSN and Re-type SSN do not match' is present on page  using regular expression

2023-12-20 12:58:18 - [TEST_STEP][PASSED] - println("Joint Filer SSN Dont match text is present"): null

2023-12-20 12:58:18 - [TEST_STEP][PASSED] - out.println("Pass Record Number: " + row): null

2023-12-20 12:58:18 - [TEST_STEP][PASSED] - resText = "Pass": null

2023-12-20 12:58:18 - [TEST_STEP][PASSED] - pages.WriteExcel.demoKey(resText, datText, resColumn, datCloumn, fileLoc, nameSheet, row): pages.WriteExcel.demoKey is PASSED

2023-12-20 12:58:18 - [MESSAGE][PASSED] - pages.WriteExcel.demoKey is PASSED

2023-12-20 12:58:18 - [TEST_STEP][PASSED] - ExecuteTC = findTestData(dataFile).getValue("Execute", row): null

2023-12-20 12:58:18 - [TEST_STEP][PASSED] - Taxtype = findTestData(dataFile).getValue("TaxType", row): null

2023-12-20 12:58:18 - [TEST_STEP][PASSED] - Paymenttype = findTestData(dataFile).getValue("PaymentType", row): null

2023-12-20 12:58:18 - [TEST_STEP][PASSED] - out.println("Value of Execute is : " + ExecuteTC): null

2023-12-20 12:58:18 - [TEST_STEP][PASSED] - if (ExecuteTC.equalsIgnoreCase("Y")): null

2023-12-20 12:58:18 - [TEST_STEP][PASSED] - ExecuteTC = findTestData(dataFile).getValue("Execute", row): null

2023-12-20 12:58:18 - [TEST_STEP][PASSED] - Taxtype = findTestData(dataFile).getValue("TaxType", row): null

2023-12-20 12:58:19 - [TEST_STEP][PASSED] - Paymenttype = findTestData(dataFile).getValue("PaymentType", row): null

2023-12-20 12:58:19 - [TEST_STEP][PASSED] - out.println("Value of Execute is : " + ExecuteTC): null

2023-12-20 12:58:19 - [TEST_STEP][PASSED] - if (ExecuteTC.equalsIgnoreCase("Y")): null

2023-12-20 12:58:19 - [TEST_STEP][PASSED] - out.println("Begin Record Number: " + row): null

2023-12-20 12:58:19 - [TEST_STEP][PASSED] - today = new java.util.Date(): null

2023-12-20 12:58:19 - [TEST_STEP][PASSED] - println(today): null

2023-12-20 12:58:19 - [TEST_STEP][PASSED] - datText = today: null

2023-12-20 12:58:19 - [TEST_STEP][PASSED] - Taxtype = findTestData(dataFile).getValue("TaxType", row): null

2023-12-20 12:58:19 - [TEST_STEP][PASSED] - out.println("Taxtype value is : " + Taxtype): null

2023-12-20 12:58:19 - [TEST_STEP][PASSED] - openBrowser(""): Browser is opened with url: ''

2023-12-20 12:58:19 - [MESSAGE][WARNING] - A browser is already opened. Closing browser and opening a new one

2023-12-20 12:58:20 - [MESSAGE][INFO] - Starting 'Chrome' driver

2023-12-20 12:58:20 - [MESSAGE][INFO] - User set preference: ['acceptInsecureCerts', 'true']

2023-12-20 12:58:20 - [MESSAGE][INFO] - Action delay is set to 0 milliseconds

2023-12-20 12:58:21 - [MESSAGE][PASSED] - Browser is opened with url: ''

2023-12-20 12:58:21 - [TEST_STEP][PASSED] - maximizeWindow(): Current window maximized

2023-12-20 12:58:21 - [MESSAGE][PASSED] - Current window maximized

2023-12-20 12:58:21 - [TEST_STEP][PASSED] - navigateToUrl(RADurl): Navigate to 'https://qa2.velocitypayment.com/client/rad/index.html' successfully

2023-12-20 12:58:23 - [MESSAGE][PASSED] - Navigate to 'https://qa2.velocitypayment.com/client/rad/index.html' successfully

2023-12-20 12:58:23 - [TEST_STEP][PASSED] - orPath_Landing = "Object Repository/RAD_Pages/Landing_Page": null

2023-12-20 12:58:23 - [TEST_STEP][PASSED] - orPath_TaxTypeFilingYear = "Object Repository/RAD_Pages/TaxTypeFilingYear_Page": null

2023-12-20 12:58:23 - [TEST_STEP][PASSED] - orPath_TaxPayer = "Object Repository/RAD_Pages/Taxpayer_Page": null

2023-12-20 12:58:23 - [TEST_STEP][PASSED] - orPath_AddressContact = "Object Repository/RAD_Pages/AddressAndContactInfo_Page": null

2023-12-20 12:58:23 - [TEST_STEP][PASSED] - orPath_FilingStatus = "Object Repository/RAD_Pages/FilingStatus_Page": null

2023-12-20 12:58:23 - [TEST_STEP][PASSED] - orPath_Amount = "Object Repository/RAD_Pages/PaymentAmount_Page": null

2023-12-20 12:58:23 - [TEST_STEP][PASSED] - orPath_TaxInfo = "Object Repository/RAD_Pages/TaxInfo_Page": null

2023-12-20 12:58:23 - [TEST_STEP][PASSED] - selectOptionByLabel(findTestObject(orPath_Landing + "/dd_TaxType"), Paymenttype, false): All options with label 'New Tax Return Amount Due' are selected in object 'Object Repository/RAD_Pages/Landing_Page/dd_TaxType' 

2023-12-20 12:58:24 - [MESSAGE][PASSED] - All options with label 'New Tax Return Amount Due' are selected in object 'Object Repository/RAD_Pages/Landing_Page/dd_TaxType' 

2023-12-20 12:58:24 - [TEST_STEP][PASSED] - delay(1): Delayed 1 second(s)

2023-12-20 12:58:25 - [MESSAGE][PASSED] - Delayed 1 second(s)

2023-12-20 12:58:25 - [TEST_STEP][PASSED] - switch (Paymenttype): null

2023-12-20 12:58:25 - [TEST_STEP][PASSED] - case "New Tax Return Amount Due":: null

2023-12-20 12:58:25 - [TEST_STEP][PASSED] - selectOptionByLabel(findTestObject("Object Repository/RAD_Pages/Landing_Page/select_NewTaxReturnAmountDue_TaxType"), Taxtype, false): All options with label 'Personal Income Tax' are selected in object 'Object Repository/RAD_Pages/Landing_Page/select_NewTaxReturnAmountDue_TaxType' 

2023-12-20 12:58:25 - [MESSAGE][PASSED] - All options with label 'Personal Income Tax' are selected in object 'Object Repository/RAD_Pages/Landing_Page/select_NewTaxReturnAmountDue_TaxType' 

2023-12-20 12:58:25 - [TEST_STEP][PASSED] - break: null

2023-12-20 12:58:25 - [TEST_STEP][PASSED] - delay(1): Delayed 1 second(s)

2023-12-20 12:58:26 - [MESSAGE][PASSED] - Delayed 1 second(s)

2023-12-20 12:58:26 - [TEST_STEP][PASSED] - scrollToElement(findTestObject(orPath_Amount + "/input__paymentAmount"), 2, CONTINUE_ON_FAILURE): Scroll to object 'Object Repository/RAD_Pages/PaymentAmount_Page/input__paymentAmount' successfully

2023-12-20 12:58:26 - [MESSAGE][PASSED] - Scroll to object 'Object Repository/RAD_Pages/PaymentAmount_Page/input__paymentAmount' successfully

2023-12-20 12:58:26 - [TEST_STEP][PASSED] - waitForElementClickable(findTestObject(orPath_FilingStatus + "/input_userType_Joint"), 5): Object 'Object Repository/RAD_Pages/FilingStatus_Page/input_userType_Joint' is clickable

2023-12-20 12:58:27 - [MESSAGE][PASSED] - Object 'Object Repository/RAD_Pages/FilingStatus_Page/input_userType_Joint' is clickable

2023-12-20 12:58:27 - [TEST_STEP][PASSED] - click(findTestObject(orPath_FilingStatus + "/input_userType_Joint")): Object: 'Object Repository/RAD_Pages/FilingStatus_Page/input_userType_Joint' is clicked on

2023-12-20 12:58:27 - [MESSAGE][PASSED] - Object: 'Object Repository/RAD_Pages/FilingStatus_Page/input_userType_Joint' is clicked on

2023-12-20 12:58:27 - [TEST_STEP][PASSED] - setText(findTestObject("Object Repository/RAD_RecordAndPlay/input_JointFilerSSN"), "111116523"): Text '111116523' is set on object 'Object Repository/RAD_RecordAndPlay/input_JointFilerSSN'

2023-12-20 12:58:28 - [MESSAGE][PASSED] - Text '111116523' is set on object 'Object Repository/RAD_RecordAndPlay/input_JointFilerSSN'

2023-12-20 12:58:28 - [TEST_STEP][PASSED] - setText(findTestObject("Object Repository/RAD_RecordAndPlay/input_reTypeJointFilerSSN"), "222226523"): Text '222226523' is set on object 'Object Repository/RAD_RecordAndPlay/input_reTypeJointFilerSSN'

2023-12-20 12:58:28 - [MESSAGE][PASSED] - Text '222226523' is set on object 'Object Repository/RAD_RecordAndPlay/input_reTypeJointFilerSSN'

2023-12-20 12:58:29 - [TEST_STEP][PASSED] - setText(findTestObject(orPath_Amount + "/input__paymentAmount"), ""): Text '' is set on object 'Object Repository/RAD_Pages/PaymentAmount_Page/input__paymentAmount'

2023-12-20 12:58:29 - [MESSAGE][PASSED] - Text '' is set on object 'Object Repository/RAD_Pages/PaymentAmount_Page/input__paymentAmount'

2023-12-20 12:58:29 - [TEST_STEP][PASSED] - delay(2): Delayed 2 second(s)

2023-12-20 12:58:31 - [MESSAGE][PASSED] - Delayed 2 second(s)

2023-12-20 12:58:31 - [TEST_STEP][PASSED] - if (verifyTextPresent("The SSN and Re-type SSN do not match", true)): null

2023-12-20 12:58:32 - [MESSAGE][PASSED] - Text 'The SSN and Re-type SSN do not match' is present on page  using regular expression

2023-12-20 12:58:32 - [TEST_STEP][PASSED] - println("Joint Filer SSN Dont match text is present"): null

2023-12-20 12:58:32 - [TEST_STEP][PASSED] - out.println("Pass Record Number: " + row): null

2023-12-20 12:58:32 - [TEST_STEP][PASSED] - resText = "Pass": null

2023-12-20 12:58:32 - [TEST_STEP][PASSED] - pages.WriteExcel.demoKey(resText, datText, resColumn, datCloumn, fileLoc, nameSheet, row): pages.WriteExcel.demoKey is PASSED

2023-12-20 12:58:32 - [MESSAGE][PASSED] - pages.WriteExcel.demoKey is PASSED]]></system-out>
         <system-err><![CDATA[]]></system-err>
      </testcase>
      <testcase name="Test Cases/RAD_TestCases/Negative_TestCases/JointFilerSSNmoreThan9Error" time="26.212" classname="Test Cases/RAD_TestCases/Negative_TestCases/JointFilerSSNmoreThan9Error" status="PASSED">
         <system-out><![CDATA[2023-12-20 12:58:32 - [TEST_CASE][PASSED] - Test Cases/RAD_TestCases/Negative_TestCases/JointFilerSSNmoreThan9Error: Test Cases/RAD_TestCases/Negative_TestCases/JointFilerSSNmoreThan9Error

2023-12-20 12:58:33 - [TEST_STEP][PASSED] - resText = "Fail": null

2023-12-20 12:58:33 - [TEST_STEP][PASSED] - resColumn = "Result": null

2023-12-20 12:58:33 - [TEST_STEP][PASSED] - datCloumn = "Date": null

2023-12-20 12:58:33 - [TEST_STEP][PASSED] - fileLoc = "KatalonData/RADTestData/JointFilerSSNmoreThan9Error.xlsx": null

2023-12-20 12:58:33 - [TEST_STEP][PASSED] - nameSheet = "Sheet1": null

2023-12-20 12:58:33 - [TEST_STEP][PASSED] - dataFile = "RADTestData/JointFilerSSNmoreThan9Error": null

2023-12-20 12:58:33 - [TEST_STEP][PASSED] - ExecuteTC = <not implemented yet for class: org.codehaus.groovy.ast.expr.EmptyExpression>: null

2023-12-20 12:58:33 - [TEST_STEP][PASSED] - Taxtype = <not implemented yet for class: org.codehaus.groovy.ast.expr.EmptyExpression>: null

2023-12-20 12:58:33 - [TEST_STEP][PASSED] - numOfRows = findTestData(dataFile).getRowNumbers(): null

2023-12-20 12:58:33 - [TEST_STEP][PASSED] - println("Number of Records: " + numOfRows): null

2023-12-20 12:58:33 - [TEST_STEP][PASSED] - for ([row = 1, row <= numOfRows, (row++)]): null

2023-12-20 12:58:33 - [TEST_STEP][PASSED] - ExecuteTC = findTestData(dataFile).getValue("Execute", row): null

2023-12-20 12:58:33 - [TEST_STEP][PASSED] - Taxtype = findTestData(dataFile).getValue("TaxType", row): null

2023-12-20 12:58:33 - [TEST_STEP][PASSED] - Paymenttype = findTestData(dataFile).getValue("PaymentType", row): null

2023-12-20 12:58:33 - [TEST_STEP][PASSED] - out.println("Value of Execute is : " + ExecuteTC): null

2023-12-20 12:58:33 - [TEST_STEP][PASSED] - if (ExecuteTC.equalsIgnoreCase("Y")): null

2023-12-20 12:58:33 - [TEST_STEP][PASSED] - out.println("Begin Record Number: " + row): null

2023-12-20 12:58:33 - [TEST_STEP][PASSED] - today = new java.util.Date(): null

2023-12-20 12:58:33 - [TEST_STEP][PASSED] - println(today): null

2023-12-20 12:58:33 - [TEST_STEP][PASSED] - datText = today: null

2023-12-20 12:58:33 - [TEST_STEP][PASSED] - Taxtype = findTestData(dataFile).getValue("TaxType", row): null

2023-12-20 12:58:33 - [TEST_STEP][PASSED] - out.println("Taxtype value is : " + Taxtype): null

2023-12-20 12:58:33 - [TEST_STEP][PASSED] - openBrowser(""): Browser is opened with url: ''

2023-12-20 12:58:33 - [MESSAGE][WARNING] - A browser is already opened. Closing browser and opening a new one

2023-12-20 12:58:34 - [MESSAGE][INFO] - Starting 'Chrome' driver

2023-12-20 12:58:34 - [MESSAGE][INFO] - User set preference: ['acceptInsecureCerts', 'true']

2023-12-20 12:58:34 - [MESSAGE][INFO] - Action delay is set to 0 milliseconds

2023-12-20 12:58:35 - [MESSAGE][PASSED] - Browser is opened with url: ''

2023-12-20 12:58:35 - [TEST_STEP][PASSED] - maximizeWindow(): Current window maximized

2023-12-20 12:58:35 - [MESSAGE][PASSED] - Current window maximized

2023-12-20 12:58:35 - [TEST_STEP][PASSED] - navigateToUrl(RADurl): Navigate to 'https://qa2.velocitypayment.com/client/rad/index.html' successfully

2023-12-20 12:58:37 - [MESSAGE][PASSED] - Navigate to 'https://qa2.velocitypayment.com/client/rad/index.html' successfully

2023-12-20 12:58:37 - [TEST_STEP][PASSED] - orPath_Landing = "Object Repository/RAD_Pages/Landing_Page": null

2023-12-20 12:58:37 - [TEST_STEP][PASSED] - orPath_TaxTypeFilingYear = "Object Repository/RAD_Pages/TaxTypeFilingYear_Page": null

2023-12-20 12:58:37 - [TEST_STEP][PASSED] - orPath_TaxPayer = "Object Repository/RAD_Pages/Taxpayer_Page": null

2023-12-20 12:58:37 - [TEST_STEP][PASSED] - orPath_AddressContact = "Object Repository/RAD_Pages/AddressAndContactInfo_Page": null

2023-12-20 12:58:37 - [TEST_STEP][PASSED] - orPath_FilingStatus = "Object Repository/RAD_Pages/FilingStatus_Page": null

2023-12-20 12:58:37 - [TEST_STEP][PASSED] - orPath_Amount = "Object Repository/RAD_Pages/PaymentAmount_Page": null

2023-12-20 12:58:37 - [TEST_STEP][PASSED] - orPath_TaxInfo = "Object Repository/RAD_Pages/TaxInfo_Page": null

2023-12-20 12:58:37 - [TEST_STEP][PASSED] - selectOptionByLabel(findTestObject(orPath_Landing + "/dd_TaxType"), Paymenttype, false): All options with label 'Quarterly Estimated Tax' are selected in object 'Object Repository/RAD_Pages/Landing_Page/dd_TaxType' 

2023-12-20 12:58:38 - [MESSAGE][PASSED] - All options with label 'Quarterly Estimated Tax' are selected in object 'Object Repository/RAD_Pages/Landing_Page/dd_TaxType' 

2023-12-20 12:58:38 - [TEST_STEP][PASSED] - delay(1): Delayed 1 second(s)

2023-12-20 12:58:39 - [MESSAGE][PASSED] - Delayed 1 second(s)

2023-12-20 12:58:39 - [TEST_STEP][PASSED] - switch (Paymenttype): null

2023-12-20 12:58:39 - [TEST_STEP][PASSED] - case "Quarterly Estimated Tax":: null

2023-12-20 12:58:39 - [TEST_STEP][PASSED] - selectOptionByLabel(findTestObject(orPath_TaxTypeFilingYear + "/select_PaymentType"), Taxtype, false): All options with label 'Personal Income Tax' are selected in object 'Object Repository/RAD_Pages/TaxTypeFilingYear_Page/select_PaymentType' 

2023-12-20 12:58:39 - [MESSAGE][PASSED] - All options with label 'Personal Income Tax' are selected in object 'Object Repository/RAD_Pages/TaxTypeFilingYear_Page/select_PaymentType' 

2023-12-20 12:58:39 - [TEST_STEP][PASSED] - break: null

2023-12-20 12:58:39 - [TEST_STEP][PASSED] - delay(1): Delayed 1 second(s)

2023-12-20 12:58:40 - [MESSAGE][PASSED] - Delayed 1 second(s)

2023-12-20 12:58:40 - [TEST_STEP][PASSED] - scrollToElement(findTestObject(orPath_Amount + "/input__paymentAmount"), 2, CONTINUE_ON_FAILURE): Scroll to object 'Object Repository/RAD_Pages/PaymentAmount_Page/input__paymentAmount' successfully

2023-12-20 12:58:41 - [MESSAGE][PASSED] - Scroll to object 'Object Repository/RAD_Pages/PaymentAmount_Page/input__paymentAmount' successfully

2023-12-20 12:58:41 - [TEST_STEP][PASSED] - waitForElementClickable(findTestObject(orPath_FilingStatus + "/input_userType_Joint"), 5): Object 'Object Repository/RAD_Pages/FilingStatus_Page/input_userType_Joint' is clickable

2023-12-20 12:58:41 - [MESSAGE][PASSED] - Object 'Object Repository/RAD_Pages/FilingStatus_Page/input_userType_Joint' is clickable

2023-12-20 12:58:41 - [TEST_STEP][PASSED] - click(findTestObject(orPath_FilingStatus + "/input_userType_Joint")): Object: 'Object Repository/RAD_Pages/FilingStatus_Page/input_userType_Joint' is clicked on

2023-12-20 12:58:42 - [MESSAGE][PASSED] - Object: 'Object Repository/RAD_Pages/FilingStatus_Page/input_userType_Joint' is clicked on

2023-12-20 12:58:42 - [TEST_STEP][PASSED] - setText(findTestObject("Object Repository/RAD_RecordAndPlay/input_JointFilerSSN"), "1111165230"): Text '1111165230' is set on object 'Object Repository/RAD_RecordAndPlay/input_JointFilerSSN'

2023-12-20 12:58:42 - [MESSAGE][PASSED] - Text '1111165230' is set on object 'Object Repository/RAD_RecordAndPlay/input_JointFilerSSN'

2023-12-20 12:58:42 - [TEST_STEP][PASSED] - setText(findTestObject(orPath_Amount + "/input__paymentAmount"), ""): Text '' is set on object 'Object Repository/RAD_Pages/PaymentAmount_Page/input__paymentAmount'

2023-12-20 12:58:43 - [MESSAGE][PASSED] - Text '' is set on object 'Object Repository/RAD_Pages/PaymentAmount_Page/input__paymentAmount'

2023-12-20 12:58:43 - [TEST_STEP][PASSED] - delay(2): Delayed 2 second(s)

2023-12-20 12:58:45 - [MESSAGE][PASSED] - Delayed 2 second(s)

2023-12-20 12:58:45 - [TEST_STEP][PASSED] - if (verifyTextPresent("Please enter a valid SSN with 9 digits", true)): null

2023-12-20 12:58:45 - [MESSAGE][PASSED] - Text 'Please enter a valid SSN with 9 digits' is present on page  using regular expression

2023-12-20 12:58:45 - [TEST_STEP][PASSED] - println("Please enter a valid SSN with 9 digits"): null

2023-12-20 12:58:45 - [TEST_STEP][PASSED] - out.println("Pass Record Number: " + row): null

2023-12-20 12:58:45 - [TEST_STEP][PASSED] - resText = "Pass": null

2023-12-20 12:58:45 - [TEST_STEP][PASSED] - pages.WriteExcel.demoKey(resText, datText, resColumn, datCloumn, fileLoc, nameSheet, row): pages.WriteExcel.demoKey is PASSED

2023-12-20 12:58:45 - [MESSAGE][PASSED] - pages.WriteExcel.demoKey is PASSED

2023-12-20 12:58:45 - [TEST_STEP][PASSED] - ExecuteTC = findTestData(dataFile).getValue("Execute", row): null

2023-12-20 12:58:45 - [TEST_STEP][PASSED] - Taxtype = findTestData(dataFile).getValue("TaxType", row): null

2023-12-20 12:58:45 - [TEST_STEP][PASSED] - Paymenttype = findTestData(dataFile).getValue("PaymentType", row): null

2023-12-20 12:58:45 - [TEST_STEP][PASSED] - out.println("Value of Execute is : " + ExecuteTC): null

2023-12-20 12:58:45 - [TEST_STEP][PASSED] - if (ExecuteTC.equalsIgnoreCase("Y")): null

2023-12-20 12:58:45 - [TEST_STEP][PASSED] - ExecuteTC = findTestData(dataFile).getValue("Execute", row): null

2023-12-20 12:58:45 - [TEST_STEP][PASSED] - Taxtype = findTestData(dataFile).getValue("TaxType", row): null

2023-12-20 12:58:45 - [TEST_STEP][PASSED] - Paymenttype = findTestData(dataFile).getValue("PaymentType", row): null

2023-12-20 12:58:45 - [TEST_STEP][PASSED] - out.println("Value of Execute is : " + ExecuteTC): null

2023-12-20 12:58:45 - [TEST_STEP][PASSED] - if (ExecuteTC.equalsIgnoreCase("Y")): null

2023-12-20 12:58:45 - [TEST_STEP][PASSED] - out.println("Begin Record Number: " + row): null

2023-12-20 12:58:45 - [TEST_STEP][PASSED] - today = new java.util.Date(): null

2023-12-20 12:58:45 - [TEST_STEP][PASSED] - println(today): null

2023-12-20 12:58:45 - [TEST_STEP][PASSED] - datText = today: null

2023-12-20 12:58:45 - [TEST_STEP][PASSED] - Taxtype = findTestData(dataFile).getValue("TaxType", row): null

2023-12-20 12:58:46 - [TEST_STEP][PASSED] - out.println("Taxtype value is : " + Taxtype): null

2023-12-20 12:58:46 - [TEST_STEP][PASSED] - openBrowser(""): Browser is opened with url: ''

2023-12-20 12:58:46 - [MESSAGE][WARNING] - A browser is already opened. Closing browser and opening a new one

2023-12-20 12:58:46 - [MESSAGE][INFO] - Starting 'Chrome' driver

2023-12-20 12:58:46 - [MESSAGE][INFO] - User set preference: ['acceptInsecureCerts', 'true']

2023-12-20 12:58:46 - [MESSAGE][INFO] - Action delay is set to 0 milliseconds

2023-12-20 12:58:48 - [MESSAGE][PASSED] - Browser is opened with url: ''

2023-12-20 12:58:48 - [TEST_STEP][PASSED] - maximizeWindow(): Current window maximized

2023-12-20 12:58:48 - [MESSAGE][PASSED] - Current window maximized

2023-12-20 12:58:48 - [TEST_STEP][PASSED] - navigateToUrl(RADurl): Navigate to 'https://qa2.velocitypayment.com/client/rad/index.html' successfully

2023-12-20 12:58:50 - [MESSAGE][PASSED] - Navigate to 'https://qa2.velocitypayment.com/client/rad/index.html' successfully

2023-12-20 12:58:50 - [TEST_STEP][PASSED] - orPath_Landing = "Object Repository/RAD_Pages/Landing_Page": null

2023-12-20 12:58:50 - [TEST_STEP][PASSED] - orPath_TaxTypeFilingYear = "Object Repository/RAD_Pages/TaxTypeFilingYear_Page": null

2023-12-20 12:58:50 - [TEST_STEP][PASSED] - orPath_TaxPayer = "Object Repository/RAD_Pages/Taxpayer_Page": null

2023-12-20 12:58:50 - [TEST_STEP][PASSED] - orPath_AddressContact = "Object Repository/RAD_Pages/AddressAndContactInfo_Page": null

2023-12-20 12:58:50 - [TEST_STEP][PASSED] - orPath_FilingStatus = "Object Repository/RAD_Pages/FilingStatus_Page": null

2023-12-20 12:58:50 - [TEST_STEP][PASSED] - orPath_Amount = "Object Repository/RAD_Pages/PaymentAmount_Page": null

2023-12-20 12:58:50 - [TEST_STEP][PASSED] - orPath_TaxInfo = "Object Repository/RAD_Pages/TaxInfo_Page": null

2023-12-20 12:58:50 - [TEST_STEP][PASSED] - selectOptionByLabel(findTestObject(orPath_Landing + "/dd_TaxType"), Paymenttype, false): All options with label 'New Tax Return Amount Due' are selected in object 'Object Repository/RAD_Pages/Landing_Page/dd_TaxType' 

2023-12-20 12:58:51 - [MESSAGE][PASSED] - All options with label 'New Tax Return Amount Due' are selected in object 'Object Repository/RAD_Pages/Landing_Page/dd_TaxType' 

2023-12-20 12:58:51 - [TEST_STEP][PASSED] - delay(1): Delayed 1 second(s)

2023-12-20 12:58:52 - [MESSAGE][PASSED] - Delayed 1 second(s)

2023-12-20 12:58:52 - [TEST_STEP][PASSED] - switch (Paymenttype): null

2023-12-20 12:58:52 - [TEST_STEP][PASSED] - case "New Tax Return Amount Due":: null

2023-12-20 12:58:52 - [TEST_STEP][PASSED] - selectOptionByLabel(findTestObject("Object Repository/RAD_Pages/Landing_Page/select_NewTaxReturnAmountDue_TaxType"), Taxtype, false): All options with label 'Personal Income Tax' are selected in object 'Object Repository/RAD_Pages/Landing_Page/select_NewTaxReturnAmountDue_TaxType' 

2023-12-20 12:58:52 - [MESSAGE][PASSED] - All options with label 'Personal Income Tax' are selected in object 'Object Repository/RAD_Pages/Landing_Page/select_NewTaxReturnAmountDue_TaxType' 

2023-12-20 12:58:52 - [TEST_STEP][PASSED] - break: null

2023-12-20 12:58:52 - [TEST_STEP][PASSED] - delay(1): Delayed 1 second(s)

2023-12-20 12:58:53 - [MESSAGE][PASSED] - Delayed 1 second(s)

2023-12-20 12:58:53 - [TEST_STEP][PASSED] - scrollToElement(findTestObject(orPath_Amount + "/input__paymentAmount"), 2, CONTINUE_ON_FAILURE): Scroll to object 'Object Repository/RAD_Pages/PaymentAmount_Page/input__paymentAmount' successfully

2023-12-20 12:58:54 - [MESSAGE][PASSED] - Scroll to object 'Object Repository/RAD_Pages/PaymentAmount_Page/input__paymentAmount' successfully

2023-12-20 12:58:54 - [TEST_STEP][PASSED] - waitForElementClickable(findTestObject(orPath_FilingStatus + "/input_userType_Joint"), 5): Object 'Object Repository/RAD_Pages/FilingStatus_Page/input_userType_Joint' is clickable

2023-12-20 12:58:54 - [MESSAGE][PASSED] - Object 'Object Repository/RAD_Pages/FilingStatus_Page/input_userType_Joint' is clickable

2023-12-20 12:58:54 - [TEST_STEP][PASSED] - click(findTestObject(orPath_FilingStatus + "/input_userType_Joint")): Object: 'Object Repository/RAD_Pages/FilingStatus_Page/input_userType_Joint' is clicked on

2023-12-20 12:58:54 - [MESSAGE][PASSED] - Object: 'Object Repository/RAD_Pages/FilingStatus_Page/input_userType_Joint' is clicked on

2023-12-20 12:58:54 - [TEST_STEP][PASSED] - setText(findTestObject("Object Repository/RAD_RecordAndPlay/input_JointFilerSSN"), "1111165230"): Text '1111165230' is set on object 'Object Repository/RAD_RecordAndPlay/input_JointFilerSSN'

2023-12-20 12:58:55 - [MESSAGE][PASSED] - Text '1111165230' is set on object 'Object Repository/RAD_RecordAndPlay/input_JointFilerSSN'

2023-12-20 12:58:55 - [TEST_STEP][PASSED] - setText(findTestObject(orPath_Amount + "/input__paymentAmount"), ""): Text '' is set on object 'Object Repository/RAD_Pages/PaymentAmount_Page/input__paymentAmount'

2023-12-20 12:58:56 - [MESSAGE][PASSED] - Text '' is set on object 'Object Repository/RAD_Pages/PaymentAmount_Page/input__paymentAmount'

2023-12-20 12:58:56 - [TEST_STEP][PASSED] - delay(2): Delayed 2 second(s)

2023-12-20 12:58:58 - [MESSAGE][PASSED] - Delayed 2 second(s)

2023-12-20 12:58:58 - [TEST_STEP][PASSED] - if (verifyTextPresent("Please enter a valid SSN with 9 digits", true)): null

2023-12-20 12:58:58 - [MESSAGE][PASSED] - Text 'Please enter a valid SSN with 9 digits' is present on page  using regular expression

2023-12-20 12:58:58 - [TEST_STEP][PASSED] - println("Please enter a valid SSN with 9 digits"): null

2023-12-20 12:58:58 - [TEST_STEP][PASSED] - out.println("Pass Record Number: " + row): null

2023-12-20 12:58:58 - [TEST_STEP][PASSED] - resText = "Pass": null

2023-12-20 12:58:58 - [TEST_STEP][PASSED] - pages.WriteExcel.demoKey(resText, datText, resColumn, datCloumn, fileLoc, nameSheet, row): pages.WriteExcel.demoKey is PASSED

2023-12-20 12:58:58 - [MESSAGE][PASSED] - pages.WriteExcel.demoKey is PASSED]]></system-out>
         <system-err><![CDATA[]]></system-err>
      </testcase>
      <system-out><![CDATA[2023-12-20 12:37:14 - [TEST_SUITE][PASSED] - RAD_UI_TestSuite: Test Cases/RAD_TestCases/Negative_TestCases/JointFilerSSNmoreThan9Error]]></system-out>
      <system-err><![CDATA[]]></system-err>
   </testsuite>
</testsuites>
