<?xml version="1.0" encoding="UTF-8"?>
<testsuites name="QA_BBP_Regression" time="163.258" tests="5" failures="0" errors="0">
   <testsuite name="QA_BBP_Regression" tests="5" failures="0" errors="0" time="163.258" skipped="0" timestamp="2023-11-16 13:22:35" hostname="imtiaz - DESKTOP-B2QI6NS.govolution.com" id="Test Suites/QA/BBP/QA_BBP_Regression">
      <properties>
         <property name="deviceName" value=""/>
         <property name="devicePlatform" value=""/>
         <property name="logFolder" value="E:\\Cloned-Project-Katalon\\VPS-Katalon\\Reports\\20231116_132227\\QA\\BBP\\QA_BBP_Regression\\20231116_132227"/>
         <property name="logFiles" value="E:\\Cloned-Project-Katalon\\VPS-Katalon\\Reports\\20231116_132227\\QA\\BBP\\QA_BBP_Regression\\20231116_132227\\execution0.log"/>
         <property name="attachments" value=""/>
         <property name="hostName" value="imtiaz - DESKTOP-B2QI6NS.govolution.com"/>
         <property name="os" value="Windows 10 64bit"/>
         <property name="katalonVersion" value="8.6.6.208"/>
         <property name="browser" value="Chrome 119.0.0.0"/>
         <property name="hostAddress" value="172.31.253.139"/>
         <property name="sessionId" value="f470b0e4dc369e5b64ef916fe501712b"/>
         <property name="seleniumVersion" value="3.141.59"/>
         <property name="proxyInformation" value="ProxyInformation { proxyOption=NO_PROXY, proxyServerType=HTTP, username=, password=********, proxyServerAddress=, proxyServerPort=0, executionList=&quot;&quot;, isApplyToDesiredCapabilities=true }"/>
         <property name="platform" value="Windows 10"/>
      </properties>
      <testcase name="Test Cases/BBP-SelIDE/ChangePaymentMethodCorptoCC" time="38.822" classname="Test Cases/BBP-SelIDE/ChangePaymentMethodCorptoCC" status="PASSED">
         <system-out><![CDATA[2023-11-16 13:22:35 - [TEST_CASE][PASSED] - Test Cases/BBP-SelIDE/ChangePaymentMethodCorptoCC: Test Cases/BBP-SelIDE/ChangePaymentMethodCorptoCC

2023-11-16 13:22:36 - [TEST_STEP][PASSED] - softAssertion = new org.testng.asserts.SoftAssert(): null

2023-11-16 13:22:36 - [TEST_STEP][PASSED] - openBrowser("https://www.google.com/"): Browser is opened with url: 'https://www.google.com/'

2023-11-16 13:22:36 - [MESSAGE][INFO] - Starting 'Chrome' driver

2023-11-16 13:22:37 - [MESSAGE][INFO] - User set preference: ['acceptInsecureCerts', 'true']

2023-11-16 13:22:37 - [MESSAGE][INFO] - Action delay is set to 0 milliseconds

2023-11-16 13:22:41 - [MESSAGE][PASSED] - Browser is opened with url: 'https://www.google.com/'

2023-11-16 13:22:41 - [TEST_STEP][PASSED] - driver = getWebDriver(): null

2023-11-16 13:22:41 - [TEST_STEP][PASSED] - baseUrl = "https://www.google.com/": null

2023-11-16 13:22:41 - [TEST_STEP][PASSED] - selenium = new com.thoughtworks.selenium.webdriven.WebDriverBackedSelenium(driver, baseUrl): null

2023-11-16 13:22:41 - [TEST_STEP][PASSED] - bbpURL = BBPURL: null

2023-11-16 13:22:42 - [TEST_STEP][PASSED] - selenium.open(bbpURL): null

2023-11-16 13:22:43 - [TEST_STEP][PASSED] - selenium.type("id=field1", "111150"): null

2023-11-16 13:22:43 - [TEST_STEP][PASSED] - selenium.type("id=field2", "111151"): null

2023-11-16 13:22:43 - [TEST_STEP][PASSED] - selenium.click("name=Test"): null

2023-11-16 13:22:43 - [TEST_STEP][PASSED] - Thread.sleep(2000): null

2023-11-16 13:22:45 - [TEST_STEP][PASSED] - selenium.click("name=paysubmit"): null

2023-11-16 13:22:46 - [TEST_STEP][PASSED] - selenium.waitForPageToLoad("30000"): null

2023-11-16 13:22:47 - [TEST_STEP][PASSED] - selenium.click("xpath=(//input[@name='paymentMethod'])[3]"): null

2023-11-16 13:22:47 - [TEST_STEP][PASSED] - selenium.click("css=input[type="submit"]"): null

2023-11-16 13:22:49 - [TEST_STEP][PASSED] - selenium.waitForPageToLoad("30000"): null

2023-11-16 13:22:49 - [TEST_STEP][PASSED] - selenium.type("name=amount", 00".toString()): null

2023-11-16 13:22:49 - [TEST_STEP][PASSED] - selenium.type("name=userDefined2", "UDF2 Data3".toString()): null

2023-11-16 13:22:49 - [TEST_STEP][PASSED] - selenium.type("name=userDefined3", "UDF3 Data3".toString()): null

2023-11-16 13:22:49 - [TEST_STEP][PASSED] - selenium.select("name=variableField4DropdownGroupItemID", "label=Purple"): null

2023-11-16 13:22:49 - [TEST_STEP][PASSED] - selenium.select("name=variableField5DropdownGroupItemID", "label=Orange"): null

2023-11-16 13:22:50 - [TEST_STEP][PASSED] - selenium.type("name=userDefined6", "UDF6 Data3".toString()): null

2023-11-16 13:22:50 - [TEST_STEP][PASSED] - selenium.type("name=userDefined7", "UDF7 Data3".toString()): null

2023-11-16 13:22:50 - [TEST_STEP][PASSED] - selenium.type("name=userDefined8", "UDF8 Data3".toString()): null

2023-11-16 13:22:50 - [TEST_STEP][PASSED] - selenium.type("name=billingCompanyname", "My Company".toString()): null

2023-11-16 13:22:50 - [TEST_STEP][PASSED] - selenium.type("id=routingNumber", "256072691"): null

2023-11-16 13:22:50 - [TEST_STEP][PASSED] - selenium.type("id=accountNumber", "33333333"): null

2023-11-16 13:22:50 - [TEST_STEP][PASSED] - selenium.type("id=confirmAccountNumber", "33333333"): null

2023-11-16 13:22:50 - [TEST_STEP][PASSED] - selenium.type("name=ein", "123456789"): null

2023-11-16 13:22:50 - [TEST_STEP][PASSED] - selenium.type("name=billingAddress", "2311 york road".toString()): null

2023-11-16 13:22:50 - [TEST_STEP][PASSED] - selenium.type("name=billingAddress2", "suite 600".toString()): null

2023-11-16 13:22:50 - [TEST_STEP][PASSED] - selenium.type("id=billing-zip-input", "21054"): null

2023-11-16 13:22:50 - [TEST_STEP][PASSED] - selenium.type("name=emailAddress", com".toString()): null

2023-11-16 13:22:50 - [TEST_STEP][PASSED] - selenium.click("id=checkedAcceptCondition"): null

2023-11-16 13:22:51 - [TEST_STEP][PASSED] - selenium.click("name=achSubmit"): null

2023-11-16 13:22:51 - [TEST_STEP][PASSED] - selenium.waitForPageToLoad("30000"): null

2023-11-16 13:22:51 - [TEST_STEP][PASSED] - verifyTextPresent("Please verify the following information:", true): Text 'Please verify the following information:' is present on page  using regular expression

2023-11-16 13:22:52 - [MESSAGE][PASSED] - Text 'Please verify the following information:' is present on page  using regular expression

2023-11-16 13:22:52 - [TEST_STEP][PASSED] - verifyTextPresent("Is this information correct", true): Text 'Is this information correct' is present on page  using regular expression

2023-11-16 13:22:52 - [MESSAGE][PASSED] - Text 'Is this information correct' is present on page  using regular expression

2023-11-16 13:22:52 - [TEST_STEP][PASSED] - softAssertion.assertEquals("Corporate Checking", selenium.getText("//tr[20]/td[3]")): null

2023-11-16 13:22:52 - [TEST_STEP][PASSED] - selenium.click("name=changePaymentMethodButton"): null

2023-11-16 13:22:52 - [TEST_STEP][PASSED] - selenium.waitForPageToLoad("30000"): null

2023-11-16 13:22:53 - [TEST_STEP][PASSED] - selenium.click("name=paymentMethod"): null

2023-11-16 13:22:53 - [TEST_STEP][PASSED] - selenium.click("css=input[type="submit"]"): null

2023-11-16 13:22:54 - [TEST_STEP][PASSED] - selenium.waitForPageToLoad("30000"): null

2023-11-16 13:22:55 - [TEST_STEP][PASSED] - selenium.type("name=amount", 00".toString()): null

2023-11-16 13:22:55 - [TEST_STEP][PASSED] - selenium.type("name=userDefined2", "UDF2 Data1".toString()): null

2023-11-16 13:22:55 - [TEST_STEP][PASSED] - selenium.type("name=userDefined3", "UDF3 Data1".toString()): null

2023-11-16 13:22:55 - [TEST_STEP][PASSED] - selenium.select("name=variableField4DropdownGroupItemID", "label=Purple"): null

2023-11-16 13:22:55 - [TEST_STEP][PASSED] - selenium.select("name=variableField5DropdownGroupItemID", "label=Orange"): null

2023-11-16 13:22:55 - [TEST_STEP][PASSED] - selenium.type("name=userDefined6", "UDF6 Data1".toString()): null

2023-11-16 13:22:55 - [TEST_STEP][PASSED] - selenium.type("name=userDefined7", "UDF7 Data1".toString()): null

2023-11-16 13:22:55 - [TEST_STEP][PASSED] - selenium.type("name=userDefined8", "UDF8 Data1".toString()): null

2023-11-16 13:22:55 - [TEST_STEP][PASSED] - selenium.type("name=billingName", "Hunter Helms".toString()): null

2023-11-16 13:22:55 - [TEST_STEP][PASSED] - selenium.type("id=cardNumber", "4111111111111111"): null

2023-11-16 13:22:55 - [TEST_STEP][PASSED] - selenium.type("id=spc", "123"): null

2023-11-16 13:22:55 - [TEST_STEP][PASSED] - selenium.select("name=cardExpMonth", "label=04"): null

2023-11-16 13:22:55 - [TEST_STEP][PASSED] - selenium.select("name=cardExpYear", "label=2025"): null

2023-11-16 13:22:55 - [TEST_STEP][PASSED] - selenium.type("name=billingAddress", "2311 york road".toString()): null

2023-11-16 13:22:55 - [TEST_STEP][PASSED] - selenium.type("name=billingAddress2", "Suite 600".toString()): null

2023-11-16 13:22:56 - [TEST_STEP][PASSED] - selenium.type("id=billing-zip-input", "21054"): null

2023-11-16 13:22:56 - [TEST_STEP][PASSED] - selenium.type("name=emailAddress", com".toString()): null

2023-11-16 13:22:56 - [TEST_STEP][PASSED] - selenium.click("id=checkedAcceptCondition"): null

2023-11-16 13:22:56 - [TEST_STEP][PASSED] - selenium.click("name=ccSubmit"): null

2023-11-16 13:22:56 - [TEST_STEP][PASSED] - selenium.waitForPageToLoad("30000"): null

2023-11-16 13:22:57 - [TEST_STEP][PASSED] - verifyTextPresent("Please verify the following information:", true): Text 'Please verify the following information:' is present on page  using regular expression

2023-11-16 13:22:57 - [MESSAGE][PASSED] - Text 'Please verify the following information:' is present on page  using regular expression

2023-11-16 13:22:57 - [TEST_STEP][PASSED] - verifyTextPresent("Is this information correct", true): Text 'Is this information correct' is present on page  using regular expression

2023-11-16 13:22:57 - [MESSAGE][PASSED] - Text 'Is this information correct' is present on page  using regular expression

2023-11-16 13:22:57 - [TEST_STEP][PASSED] - verifyTextPresent("Visa", true): Text 'Visa' is present on page  using regular expression

2023-11-16 13:22:58 - [MESSAGE][PASSED] - Text 'Visa' is present on page  using regular expression

2023-11-16 13:22:58 - [TEST_STEP][PASSED] - selenium.click("name=confirmNotifyAction"): null

2023-11-16 13:22:58 - [TEST_STEP][PASSED] - selenium.waitForPageToLoad("30000"): null

2023-11-16 13:22:59 - [TEST_STEP][PASSED] - Thread.sleep(15000): null

2023-11-16 13:23:14 - [TEST_STEP][PASSED] - verifyTextPresent("Authorization and Capture", true): Text 'Authorization and Capture' is present on page  using regular expression

2023-11-16 13:23:14 - [MESSAGE][PASSED] - Text 'Authorization and Capture' is present on page  using regular expression]]></system-out>
         <system-err><![CDATA[]]></system-err>
      </testcase>
      <testcase name="Test Cases/BBP-SelIDE/ChangePaymentMethodCorptoPC" time="36.707" classname="Test Cases/BBP-SelIDE/ChangePaymentMethodCorptoPC" status="PASSED">
         <system-out><![CDATA[2023-11-16 13:23:14 - [TEST_CASE][PASSED] - Test Cases/BBP-SelIDE/ChangePaymentMethodCorptoPC: Test Cases/BBP-SelIDE/ChangePaymentMethodCorptoPC

2023-11-16 13:23:15 - [TEST_STEP][PASSED] - softAssertion = new org.testng.asserts.SoftAssert(): null

2023-11-16 13:23:15 - [TEST_STEP][PASSED] - openBrowser("https://www.google.com/"): Browser is opened with url: 'https://www.google.com/'

2023-11-16 13:23:15 - [MESSAGE][WARNING] - A browser is already opened. Closing browser and opening a new one

2023-11-16 13:23:17 - [MESSAGE][INFO] - Starting 'Chrome' driver

2023-11-16 13:23:17 - [MESSAGE][INFO] - User set preference: ['acceptInsecureCerts', 'true']

2023-11-16 13:23:17 - [MESSAGE][INFO] - Action delay is set to 0 milliseconds

2023-11-16 13:23:19 - [MESSAGE][PASSED] - Browser is opened with url: 'https://www.google.com/'

2023-11-16 13:23:19 - [TEST_STEP][PASSED] - driver = getWebDriver(): null

2023-11-16 13:23:19 - [TEST_STEP][PASSED] - baseUrl = "https://www.google.com/": null

2023-11-16 13:23:19 - [TEST_STEP][PASSED] - selenium = new com.thoughtworks.selenium.webdriven.WebDriverBackedSelenium(driver, baseUrl): null

2023-11-16 13:23:20 - [TEST_STEP][PASSED] - bbpURL = BBPURL: null

2023-11-16 13:23:20 - [TEST_STEP][PASSED] - selenium.open(bbpURL): null

2023-11-16 13:23:20 - [TEST_STEP][PASSED] - selenium.type("id=field1", "111150"): null

2023-11-16 13:23:21 - [TEST_STEP][PASSED] - selenium.type("id=field2", "111151"): null

2023-11-16 13:23:21 - [TEST_STEP][PASSED] - selenium.click("name=Test"): null

2023-11-16 13:23:21 - [TEST_STEP][PASSED] - Thread.sleep(2000): null

2023-11-16 13:23:23 - [TEST_STEP][PASSED] - selenium.click("name=paysubmit"): null

2023-11-16 13:23:23 - [TEST_STEP][PASSED] - selenium.waitForPageToLoad("30000"): null

2023-11-16 13:23:24 - [TEST_STEP][PASSED] - selenium.click("xpath=(//input[@name='paymentMethod'])[3]"): null

2023-11-16 13:23:24 - [TEST_STEP][PASSED] - selenium.click("css=input[type="submit"]"): null

2023-11-16 13:23:25 - [TEST_STEP][PASSED] - selenium.waitForPageToLoad("30000"): null

2023-11-16 13:23:25 - [TEST_STEP][PASSED] - verifyTextPresent("Required fields are highlighted with an asterisk.", true): Text 'Required fields are highlighted with an asterisk.' is present on page  using regular expression

2023-11-16 13:23:25 - [MESSAGE][PASSED] - Text 'Required fields are highlighted with an asterisk.' is present on page  using regular expression

2023-11-16 13:23:25 - [TEST_STEP][PASSED] - verifyTextPresent("Please enter the following billing information about your payment:", true): Text 'Please enter the following billing information about your payment:' is present on page  using regular expression

2023-11-16 13:23:26 - [MESSAGE][PASSED] - Text 'Please enter the following billing information about your payment:' is present on page  using regular expression

2023-11-16 13:23:26 - [TEST_STEP][PASSED] - selenium.type("name=amount", 00".toString()): null

2023-11-16 13:23:26 - [TEST_STEP][PASSED] - selenium.type("name=userDefined2", "UDF2 Data3".toString()): null

2023-11-16 13:23:26 - [TEST_STEP][PASSED] - selenium.type("name=userDefined3", "UDF3 Data3".toString()): null

2023-11-16 13:23:26 - [TEST_STEP][PASSED] - selenium.select("name=variableField4DropdownGroupItemID", "label=Purple"): null

2023-11-16 13:23:26 - [TEST_STEP][PASSED] - selenium.select("name=variableField5DropdownGroupItemID", "label=Orange"): null

2023-11-16 13:23:26 - [TEST_STEP][PASSED] - selenium.type("name=userDefined6", "UDF6 Data3".toString()): null

2023-11-16 13:23:26 - [TEST_STEP][PASSED] - selenium.type("name=userDefined7", "UDF7 Data3".toString()): null

2023-11-16 13:23:26 - [TEST_STEP][PASSED] - selenium.type("name=userDefined8", "UDF8 Data3".toString()): null

2023-11-16 13:23:26 - [TEST_STEP][PASSED] - selenium.type("name=billingCompanyname", "My Company".toString()): null

2023-11-16 13:23:26 - [TEST_STEP][PASSED] - selenium.type("id=routingNumber", "256072691"): null

2023-11-16 13:23:27 - [TEST_STEP][PASSED] - selenium.type("id=accountNumber", "33333333"): null

2023-11-16 13:23:27 - [TEST_STEP][PASSED] - selenium.type("id=confirmAccountNumber", "33333333"): null

2023-11-16 13:23:27 - [TEST_STEP][PASSED] - selenium.type("name=ein", "123456789"): null

2023-11-16 13:23:27 - [TEST_STEP][PASSED] - selenium.type("name=billingAddress", "2311 york road".toString()): null

2023-11-16 13:23:27 - [TEST_STEP][PASSED] - selenium.type("name=billingAddress2", "suite 600".toString()): null

2023-11-16 13:23:27 - [TEST_STEP][PASSED] - selenium.type("id=billing-zip-input", "21054"): null

2023-11-16 13:23:27 - [TEST_STEP][PASSED] - selenium.type("name=emailAddress", com".toString()): null

2023-11-16 13:23:27 - [TEST_STEP][PASSED] - selenium.click("id=checkedAcceptCondition"): null

2023-11-16 13:23:27 - [TEST_STEP][PASSED] - selenium.click("name=achSubmit"): null

2023-11-16 13:23:28 - [TEST_STEP][PASSED] - selenium.waitForPageToLoad("30000"): null

2023-11-16 13:23:28 - [TEST_STEP][PASSED] - verifyTextPresent("Please verify the following information:", true): Text 'Please verify the following information:' is present on page  using regular expression

2023-11-16 13:23:28 - [MESSAGE][PASSED] - Text 'Please verify the following information:' is present on page  using regular expression

2023-11-16 13:23:28 - [TEST_STEP][PASSED] - verifyTextPresent("Is this information correct", true): Text 'Is this information correct' is present on page  using regular expression

2023-11-16 13:23:29 - [MESSAGE][PASSED] - Text 'Is this information correct' is present on page  using regular expression

2023-11-16 13:23:29 - [TEST_STEP][PASSED] - softAssertion.assertEquals("Corporate Checking", selenium.getText("//tr[20]/td[3]")): null

2023-11-16 13:23:29 - [TEST_STEP][PASSED] - selenium.click("name=changePaymentMethodButton"): null

2023-11-16 13:23:29 - [TEST_STEP][PASSED] - selenium.waitForPageToLoad("30000"): null

2023-11-16 13:23:30 - [TEST_STEP][PASSED] - selenium.click("xpath=(//input[@name='paymentMethod'])[2]"): null

2023-11-16 13:23:30 - [TEST_STEP][PASSED] - selenium.click("css=input[type="submit"]"): null

2023-11-16 13:23:31 - [TEST_STEP][PASSED] - selenium.waitForPageToLoad("30000"): null

2023-11-16 13:23:31 - [TEST_STEP][PASSED] - selenium.type("name=amount", 00".toString()): null

2023-11-16 13:23:31 - [TEST_STEP][PASSED] - selenium.type("name=userDefined2", "UDF2 Data2".toString()): null

2023-11-16 13:23:31 - [TEST_STEP][PASSED] - selenium.type("name=userDefined3", "UDF3 Data2".toString()): null

2023-11-16 13:23:31 - [TEST_STEP][PASSED] - selenium.select("name=variableField4DropdownGroupItemID", "label=Purple"): null

2023-11-16 13:23:31 - [TEST_STEP][PASSED] - selenium.select("name=variableField5DropdownGroupItemID", "label=Orange"): null

2023-11-16 13:23:31 - [TEST_STEP][PASSED] - selenium.type("name=userDefined6", "UDF6 Data2".toString()): null

2023-11-16 13:23:31 - [TEST_STEP][PASSED] - selenium.type("name=userDefined7", "UDF7 Data2".toString()): null

2023-11-16 13:23:31 - [TEST_STEP][PASSED] - selenium.type("name=userDefined8", "UDF8 Data2".toString()): null

2023-11-16 13:23:32 - [TEST_STEP][PASSED] - selenium.type("name=billingFirstname", "Molly"): null

2023-11-16 13:23:32 - [TEST_STEP][PASSED] - selenium.type("name=billingLastname", "Hunter"): null

2023-11-16 13:23:32 - [TEST_STEP][PASSED] - selenium.type("id=routingNumber", "256072691"): null

2023-11-16 13:23:32 - [TEST_STEP][PASSED] - selenium.type("id=accountNumber", "11111111"): null

2023-11-16 13:23:32 - [TEST_STEP][PASSED] - selenium.type("id=confirmAccountNumber", "11111111"): null

2023-11-16 13:23:32 - [TEST_STEP][PASSED] - selenium.click("name=accountType"): null

2023-11-16 13:23:32 - [TEST_STEP][PASSED] - selenium.type("name=billingAddress", "2311 york road".toString()): null

2023-11-16 13:23:32 - [TEST_STEP][PASSED] - selenium.type("name=billingAddress2", "Suite 600".toString()): null

2023-11-16 13:23:32 - [TEST_STEP][PASSED] - selenium.type("id=billing-zip-input", "21054"): null

2023-11-16 13:23:32 - [TEST_STEP][PASSED] - selenium.type("name=emailAddress", com".toString()): null

2023-11-16 13:23:32 - [TEST_STEP][PASSED] - selenium.click("id=checkedAcceptCondition"): null

2023-11-16 13:23:32 - [TEST_STEP][PASSED] - selenium.click("name=achSubmit"): null

2023-11-16 13:23:33 - [TEST_STEP][PASSED] - selenium.waitForPageToLoad("30000"): null

2023-11-16 13:23:33 - [TEST_STEP][PASSED] - verifyTextPresent("Please verify the following information:", true): Text 'Please verify the following information:' is present on page  using regular expression

2023-11-16 13:23:33 - [MESSAGE][PASSED] - Text 'Please verify the following information:' is present on page  using regular expression

2023-11-16 13:23:33 - [TEST_STEP][PASSED] - verifyTextPresent("Is this information correct", true): Text 'Is this information correct' is present on page  using regular expression

2023-11-16 13:23:34 - [MESSAGE][PASSED] - Text 'Is this information correct' is present on page  using regular expression

2023-11-16 13:23:34 - [TEST_STEP][PASSED] - verifyTextPresent("Personal Checking", true): Text 'Personal Checking' is present on page  using regular expression

2023-11-16 13:23:34 - [MESSAGE][PASSED] - Text 'Personal Checking' is present on page  using regular expression

2023-11-16 13:23:34 - [TEST_STEP][PASSED] - selenium.click("name=confirmNotifyAction"): null

2023-11-16 13:23:35 - [TEST_STEP][PASSED] - selenium.waitForPageToLoad("30000"): null

2023-11-16 13:23:35 - [TEST_STEP][PASSED] - Thread.sleep(15000): null

2023-11-16 13:23:50 - [TEST_STEP][PASSED] - verifyTextPresent("Debit", true): Text 'Debit' is present on page  using regular expression

2023-11-16 13:23:50 - [MESSAGE][PASSED] - Text 'Debit' is present on page  using regular expression

2023-11-16 13:23:50 - [TEST_STEP][PASSED] - verifyTextPresent("Personal", true): Text 'Personal' is present on page  using regular expression

2023-11-16 13:23:51 - [MESSAGE][PASSED] - Text 'Personal' is present on page  using regular expression

2023-11-16 13:23:51 - [TEST_STEP][PASSED] - verifyTextPresent("Checking", true): Text 'Checking' is present on page  using regular expression

2023-11-16 13:23:51 - [MESSAGE][PASSED] - Text 'Checking' is present on page  using regular expression]]></system-out>
         <system-err><![CDATA[]]></system-err>
      </testcase>
      <testcase name="Test Cases/BBP-SelIDE/ChangePaymentMethodPCtoCC" time="35.965" classname="Test Cases/BBP-SelIDE/ChangePaymentMethodPCtoCC" status="PASSED">
         <system-out><![CDATA[2023-11-16 13:23:51 - [TEST_CASE][PASSED] - Test Cases/BBP-SelIDE/ChangePaymentMethodPCtoCC: Test Cases/BBP-SelIDE/ChangePaymentMethodPCtoCC

2023-11-16 13:23:52 - [TEST_STEP][PASSED] - softAssertion = new org.testng.asserts.SoftAssert(): null

2023-11-16 13:23:52 - [TEST_STEP][PASSED] - openBrowser("https://www.google.com/"): Browser is opened with url: 'https://www.google.com/'

2023-11-16 13:23:52 - [MESSAGE][WARNING] - A browser is already opened. Closing browser and opening a new one

2023-11-16 13:23:53 - [MESSAGE][INFO] - Starting 'Chrome' driver

2023-11-16 13:23:53 - [MESSAGE][INFO] - User set preference: ['acceptInsecureCerts', 'true']

2023-11-16 13:23:53 - [MESSAGE][INFO] - Action delay is set to 0 milliseconds

2023-11-16 13:23:56 - [MESSAGE][PASSED] - Browser is opened with url: 'https://www.google.com/'

2023-11-16 13:23:56 - [TEST_STEP][PASSED] - driver = getWebDriver(): null

2023-11-16 13:23:56 - [TEST_STEP][PASSED] - baseUrl = "https://www.google.com/": null

2023-11-16 13:23:56 - [TEST_STEP][PASSED] - selenium = new com.thoughtworks.selenium.webdriven.WebDriverBackedSelenium(driver, baseUrl): null

2023-11-16 13:23:56 - [TEST_STEP][PASSED] - bbpURL = BBPURL: null

2023-11-16 13:23:56 - [TEST_STEP][PASSED] - selenium.open(bbpURL): null

2023-11-16 13:23:56 - [TEST_STEP][PASSED] - selenium.type("id=field1", "111150"): null

2023-11-16 13:23:56 - [TEST_STEP][PASSED] - selenium.type("id=field2", "111151"): null

2023-11-16 13:23:56 - [TEST_STEP][PASSED] - selenium.click("name=Test"): null

2023-11-16 13:23:57 - [TEST_STEP][PASSED] - Thread.sleep(2000): null

2023-11-16 13:23:59 - [TEST_STEP][PASSED] - selenium.click("name=paysubmit"): null

2023-11-16 13:23:59 - [TEST_STEP][PASSED] - selenium.waitForPageToLoad("30000"): null

2023-11-16 13:24:00 - [TEST_STEP][PASSED] - selenium.click("xpath=(//input[@name='paymentMethod'])[2]"): null

2023-11-16 13:24:00 - [TEST_STEP][PASSED] - selenium.click("css=input[type="submit"]"): null

2023-11-16 13:24:01 - [TEST_STEP][PASSED] - selenium.waitForPageToLoad("30000"): null

2023-11-16 13:24:01 - [TEST_STEP][PASSED] - verifyTextPresent("Required fields are highlighted with an asterisk.", true): Text 'Required fields are highlighted with an asterisk.' is present on page  using regular expression

2023-11-16 13:24:02 - [MESSAGE][PASSED] - Text 'Required fields are highlighted with an asterisk.' is present on page  using regular expression

2023-11-16 13:24:02 - [TEST_STEP][PASSED] - verifyTextPresent("Please enter the following billing information about your payment:", true): Text 'Please enter the following billing information about your payment:' is present on page  using regular expression

2023-11-16 13:24:02 - [MESSAGE][PASSED] - Text 'Please enter the following billing information about your payment:' is present on page  using regular expression

2023-11-16 13:24:02 - [TEST_STEP][PASSED] - selenium.type("name=amount", 00".toString()): null

2023-11-16 13:24:02 - [TEST_STEP][PASSED] - selenium.type("name=userDefined2", "UDF2 Data2".toString()): null

2023-11-16 13:24:02 - [TEST_STEP][PASSED] - selenium.type("name=userDefined3", "UDF3 Data2".toString()): null

2023-11-16 13:24:02 - [TEST_STEP][PASSED] - selenium.select("name=variableField4DropdownGroupItemID", "label=Purple"): null

2023-11-16 13:24:02 - [TEST_STEP][PASSED] - selenium.select("name=variableField5DropdownGroupItemID", "label=Orange"): null

2023-11-16 13:24:02 - [TEST_STEP][PASSED] - selenium.type("name=userDefined6", "UDF6 Data2".toString()): null

2023-11-16 13:24:02 - [TEST_STEP][PASSED] - selenium.type("name=userDefined7", "UDF7 Data2".toString()): null

2023-11-16 13:24:02 - [TEST_STEP][PASSED] - selenium.type("name=userDefined8", "UDF8 Data2".toString()): null

2023-11-16 13:24:02 - [TEST_STEP][PASSED] - selenium.type("name=billingFirstname", "Molly"): null

2023-11-16 13:24:02 - [TEST_STEP][PASSED] - selenium.type("name=billingLastname", "Hunter"): null

2023-11-16 13:24:03 - [TEST_STEP][PASSED] - selenium.type("id=routingNumber", "256072691"): null

2023-11-16 13:24:03 - [TEST_STEP][PASSED] - selenium.type("id=accountNumber", "11111111"): null

2023-11-16 13:24:03 - [TEST_STEP][PASSED] - selenium.type("id=confirmAccountNumber", "11111111"): null

2023-11-16 13:24:03 - [TEST_STEP][PASSED] - selenium.click("name=accountType"): null

2023-11-16 13:24:03 - [TEST_STEP][PASSED] - selenium.type("name=billingAddress", "2311 york road".toString()): null

2023-11-16 13:24:03 - [TEST_STEP][PASSED] - selenium.type("name=billingAddress2", "Suite 600".toString()): null

2023-11-16 13:24:03 - [TEST_STEP][PASSED] - selenium.type("id=billing-zip-input", "21054"): null

2023-11-16 13:24:03 - [TEST_STEP][PASSED] - selenium.type("name=emailAddress", com".toString()): null

2023-11-16 13:24:03 - [TEST_STEP][PASSED] - selenium.click("id=checkedAcceptCondition"): null

2023-11-16 13:24:03 - [TEST_STEP][PASSED] - selenium.click("name=achSubmit"): null

2023-11-16 13:24:04 - [TEST_STEP][PASSED] - selenium.waitForPageToLoad("30000"): null

2023-11-16 13:24:04 - [TEST_STEP][PASSED] - verifyTextPresent("Please verify the following information:", true): Text 'Please verify the following information:' is present on page  using regular expression

2023-11-16 13:24:04 - [MESSAGE][PASSED] - Text 'Please verify the following information:' is present on page  using regular expression

2023-11-16 13:24:04 - [TEST_STEP][PASSED] - verifyTextPresent("Is this information correct", true): Text 'Is this information correct' is present on page  using regular expression

2023-11-16 13:24:05 - [MESSAGE][PASSED] - Text 'Is this information correct' is present on page  using regular expression

2023-11-16 13:24:05 - [TEST_STEP][PASSED] - verifyTextPresent("Personal Checking", true): Text 'Personal Checking' is present on page  using regular expression

2023-11-16 13:24:05 - [MESSAGE][PASSED] - Text 'Personal Checking' is present on page  using regular expression

2023-11-16 13:24:05 - [TEST_STEP][PASSED] - selenium.click("name=changePaymentMethodButton"): null

2023-11-16 13:24:05 - [TEST_STEP][PASSED] - selenium.waitForPageToLoad("30000"): null

2023-11-16 13:24:06 - [TEST_STEP][PASSED] - selenium.click("name=paymentMethod"): null

2023-11-16 13:24:06 - [TEST_STEP][PASSED] - selenium.click("css=input[type="submit"]"): null

2023-11-16 13:24:07 - [TEST_STEP][PASSED] - selenium.waitForPageToLoad("30000"): null

2023-11-16 13:24:07 - [TEST_STEP][PASSED] - selenium.type("name=amount", 00".toString()): null

2023-11-16 13:24:07 - [TEST_STEP][PASSED] - selenium.type("name=userDefined2", "UDF2 Data1".toString()): null

2023-11-16 13:24:07 - [TEST_STEP][PASSED] - selenium.type("name=userDefined3", "UDF3 Data1".toString()): null

2023-11-16 13:24:07 - [TEST_STEP][PASSED] - selenium.select("name=variableField4DropdownGroupItemID", "label=Purple"): null

2023-11-16 13:24:08 - [TEST_STEP][PASSED] - selenium.select("name=variableField5DropdownGroupItemID", "label=Orange"): null

2023-11-16 13:24:08 - [TEST_STEP][PASSED] - selenium.type("name=userDefined6", "UDF6 Data1".toString()): null

2023-11-16 13:24:08 - [TEST_STEP][PASSED] - selenium.type("name=userDefined7", "UDF7 Data1".toString()): null

2023-11-16 13:24:08 - [TEST_STEP][PASSED] - selenium.type("name=userDefined8", "UDF8 Data1".toString()): null

2023-11-16 13:24:08 - [TEST_STEP][PASSED] - selenium.type("name=billingName", "Hunter Helms".toString()): null

2023-11-16 13:24:08 - [TEST_STEP][PASSED] - selenium.type("id=cardNumber", "4111111111111111"): null

2023-11-16 13:24:08 - [TEST_STEP][PASSED] - selenium.type("id=spc", "123"): null

2023-11-16 13:24:08 - [TEST_STEP][PASSED] - selenium.select("name=cardExpMonth", "label=04"): null

2023-11-16 13:24:08 - [TEST_STEP][PASSED] - selenium.select("name=cardExpYear", "label=2025"): null

2023-11-16 13:24:08 - [TEST_STEP][PASSED] - selenium.type("name=billingAddress", "2311 york road".toString()): null

2023-11-16 13:24:08 - [TEST_STEP][PASSED] - selenium.type("name=billingAddress2", "Suite 600".toString()): null

2023-11-16 13:24:08 - [TEST_STEP][PASSED] - selenium.type("id=billing-zip-input", "21054"): null

2023-11-16 13:24:09 - [TEST_STEP][PASSED] - selenium.type("name=emailAddress", com".toString()): null

2023-11-16 13:24:09 - [TEST_STEP][PASSED] - selenium.click("id=checkedAcceptCondition"): null

2023-11-16 13:24:09 - [TEST_STEP][PASSED] - selenium.click("name=ccSubmit"): null

2023-11-16 13:24:09 - [TEST_STEP][PASSED] - selenium.waitForPageToLoad("30000"): null

2023-11-16 13:24:10 - [TEST_STEP][PASSED] - verifyTextPresent("Please verify the following information:", true): Text 'Please verify the following information:' is present on page  using regular expression

2023-11-16 13:24:10 - [MESSAGE][PASSED] - Text 'Please verify the following information:' is present on page  using regular expression

2023-11-16 13:24:10 - [TEST_STEP][PASSED] - verifyTextPresent("Is this information correct", true): Text 'Is this information correct' is present on page  using regular expression

2023-11-16 13:24:10 - [MESSAGE][PASSED] - Text 'Is this information correct' is present on page  using regular expression

2023-11-16 13:24:10 - [TEST_STEP][PASSED] - verifyTextPresent("Visa", true): Text 'Visa' is present on page  using regular expression

2023-11-16 13:24:11 - [MESSAGE][PASSED] - Text 'Visa' is present on page  using regular expression

2023-11-16 13:24:11 - [TEST_STEP][PASSED] - selenium.click("name=confirmNotifyAction"): null

2023-11-16 13:24:11 - [TEST_STEP][PASSED] - selenium.waitForPageToLoad("30000"): null

2023-11-16 13:24:12 - [TEST_STEP][PASSED] - Thread.sleep(15000): null

2023-11-16 13:24:27 - [TEST_STEP][PASSED] - verifyTextPresent("Authorization and Capture", true): Text 'Authorization and Capture' is present on page  using regular expression

2023-11-16 13:24:27 - [MESSAGE][PASSED] - Text 'Authorization and Capture' is present on page  using regular expression]]></system-out>
         <system-err><![CDATA[]]></system-err>
      </testcase>
      <testcase name="Test Cases/BBP-SelIDE/ChangePaymentMethodPCtoCorp" time="37.433" classname="Test Cases/BBP-SelIDE/ChangePaymentMethodPCtoCorp" status="PASSED">
         <system-out><![CDATA[2023-11-16 13:24:27 - [TEST_CASE][PASSED] - Test Cases/BBP-SelIDE/ChangePaymentMethodPCtoCorp: Test Cases/BBP-SelIDE/ChangePaymentMethodPCtoCorp

2023-11-16 13:24:28 - [TEST_STEP][PASSED] - softAssertion = new org.testng.asserts.SoftAssert(): null

2023-11-16 13:24:28 - [TEST_STEP][PASSED] - openBrowser("https://www.google.com/"): Browser is opened with url: 'https://www.google.com/'

2023-11-16 13:24:28 - [MESSAGE][WARNING] - A browser is already opened. Closing browser and opening a new one

2023-11-16 13:24:29 - [MESSAGE][INFO] - Starting 'Chrome' driver

2023-11-16 13:24:29 - [MESSAGE][INFO] - User set preference: ['acceptInsecureCerts', 'true']

2023-11-16 13:24:29 - [MESSAGE][INFO] - Action delay is set to 0 milliseconds

2023-11-16 13:24:32 - [MESSAGE][PASSED] - Browser is opened with url: 'https://www.google.com/'

2023-11-16 13:24:32 - [TEST_STEP][PASSED] - driver = getWebDriver(): null

2023-11-16 13:24:32 - [TEST_STEP][PASSED] - baseUrl = "https://www.google.com/": null

2023-11-16 13:24:32 - [TEST_STEP][PASSED] - selenium = new com.thoughtworks.selenium.webdriven.WebDriverBackedSelenium(driver, baseUrl): null

2023-11-16 13:24:32 - [TEST_STEP][PASSED] - bbpURL = BBPURL: null

2023-11-16 13:24:32 - [TEST_STEP][PASSED] - selenium.open(bbpURL): null

2023-11-16 13:24:32 - [TEST_STEP][PASSED] - selenium.type("id=field1", "111150"): null

2023-11-16 13:24:32 - [TEST_STEP][PASSED] - selenium.type("id=field2", "111151"): null

2023-11-16 13:24:32 - [TEST_STEP][PASSED] - selenium.click("name=Test"): null

2023-11-16 13:24:33 - [TEST_STEP][PASSED] - Thread.sleep(2000): null

2023-11-16 13:24:35 - [TEST_STEP][PASSED] - selenium.click("name=paysubmit"): null

2023-11-16 13:24:35 - [TEST_STEP][PASSED] - selenium.waitForPageToLoad("30000"): null

2023-11-16 13:24:36 - [TEST_STEP][PASSED] - selenium.click("xpath=(//input[@name='paymentMethod'])[2]"): null

2023-11-16 13:24:36 - [TEST_STEP][PASSED] - selenium.click("css=input[type="submit"]"): null

2023-11-16 13:24:37 - [TEST_STEP][PASSED] - selenium.waitForPageToLoad("30000"): null

2023-11-16 13:24:38 - [TEST_STEP][PASSED] - verifyTextPresent("Required fields are highlighted with an asterisk.", true): Text 'Required fields are highlighted with an asterisk.' is present on page  using regular expression

2023-11-16 13:24:38 - [MESSAGE][PASSED] - Text 'Required fields are highlighted with an asterisk.' is present on page  using regular expression

2023-11-16 13:24:38 - [TEST_STEP][PASSED] - verifyTextPresent("Please enter the following billing information about your payment:", true): Text 'Please enter the following billing information about your payment:' is present on page  using regular expression

2023-11-16 13:24:38 - [MESSAGE][PASSED] - Text 'Please enter the following billing information about your payment:' is present on page  using regular expression

2023-11-16 13:24:38 - [TEST_STEP][PASSED] - selenium.type("name=amount", 00".toString()): null

2023-11-16 13:24:38 - [TEST_STEP][PASSED] - selenium.type("name=userDefined2", "UDF2 Data2".toString()): null

2023-11-16 13:24:38 - [TEST_STEP][PASSED] - selenium.type("name=userDefined3", "UDF3 Data2".toString()): null

2023-11-16 13:24:38 - [TEST_STEP][PASSED] - selenium.select("name=variableField4DropdownGroupItemID", "label=Purple"): null

2023-11-16 13:24:39 - [TEST_STEP][PASSED] - selenium.select("name=variableField5DropdownGroupItemID", "label=Orange"): null

2023-11-16 13:24:39 - [TEST_STEP][PASSED] - selenium.type("name=userDefined6", "UDF6 Data2".toString()): null

2023-11-16 13:24:39 - [TEST_STEP][PASSED] - selenium.type("name=userDefined7", "UDF7 Data2".toString()): null

2023-11-16 13:24:39 - [TEST_STEP][PASSED] - selenium.type("name=userDefined8", "UDF8 Data2".toString()): null

2023-11-16 13:24:39 - [TEST_STEP][PASSED] - selenium.type("name=billingFirstname", "Molly"): null

2023-11-16 13:24:39 - [TEST_STEP][PASSED] - selenium.type("name=billingLastname", "Hunter"): null

2023-11-16 13:24:39 - [TEST_STEP][PASSED] - selenium.type("id=routingNumber", "256072691"): null

2023-11-16 13:24:39 - [TEST_STEP][PASSED] - selenium.type("id=accountNumber", "11111111"): null

2023-11-16 13:24:39 - [TEST_STEP][PASSED] - selenium.type("id=confirmAccountNumber", "11111111"): null

2023-11-16 13:24:39 - [TEST_STEP][PASSED] - selenium.click("name=accountType"): null

2023-11-16 13:24:39 - [TEST_STEP][PASSED] - selenium.type("name=billingAddress", "2311 york road".toString()): null

2023-11-16 13:24:39 - [TEST_STEP][PASSED] - selenium.type("name=billingAddress2", "Suite 600".toString()): null

2023-11-16 13:24:39 - [TEST_STEP][PASSED] - selenium.type("id=billing-zip-input", "21054"): null

2023-11-16 13:24:40 - [TEST_STEP][PASSED] - selenium.type("name=emailAddress", com".toString()): null

2023-11-16 13:24:40 - [TEST_STEP][PASSED] - selenium.click("id=checkedAcceptCondition"): null

2023-11-16 13:24:40 - [TEST_STEP][PASSED] - selenium.click("name=achSubmit"): null

2023-11-16 13:24:40 - [TEST_STEP][PASSED] - selenium.waitForPageToLoad("30000"): null

2023-11-16 13:24:41 - [TEST_STEP][PASSED] - verifyTextPresent("Please verify the following information:", true): Text 'Please verify the following information:' is present on page  using regular expression

2023-11-16 13:24:41 - [MESSAGE][PASSED] - Text 'Please verify the following information:' is present on page  using regular expression

2023-11-16 13:24:41 - [TEST_STEP][PASSED] - verifyTextPresent("Is this information correct", true): Text 'Is this information correct' is present on page  using regular expression

2023-11-16 13:24:42 - [MESSAGE][PASSED] - Text 'Is this information correct' is present on page  using regular expression

2023-11-16 13:24:42 - [TEST_STEP][PASSED] - verifyTextPresent("Personal Checking", true): Text 'Personal Checking' is present on page  using regular expression

2023-11-16 13:24:42 - [MESSAGE][PASSED] - Text 'Personal Checking' is present on page  using regular expression

2023-11-16 13:24:42 - [TEST_STEP][PASSED] - selenium.click("name=changePaymentMethodButton"): null

2023-11-16 13:24:42 - [TEST_STEP][PASSED] - selenium.waitForPageToLoad("30000"): null

2023-11-16 13:24:43 - [TEST_STEP][PASSED] - selenium.click("xpath=(//input[@name='paymentMethod'])[3]"): null

2023-11-16 13:24:43 - [TEST_STEP][PASSED] - selenium.click("css=input[type="submit"]"): null

2023-11-16 13:24:44 - [TEST_STEP][PASSED] - selenium.waitForPageToLoad("30000"): null

2023-11-16 13:24:44 - [TEST_STEP][PASSED] - selenium.type("name=amount", 00".toString()): null

2023-11-16 13:24:44 - [TEST_STEP][PASSED] - selenium.type("name=userDefined2", "UDF2 Data3".toString()): null

2023-11-16 13:24:45 - [TEST_STEP][PASSED] - selenium.type("name=userDefined3", "UDF3 Data3".toString()): null

2023-11-16 13:24:45 - [TEST_STEP][PASSED] - selenium.select("name=variableField4DropdownGroupItemID", "label=Purple"): null

2023-11-16 13:24:45 - [TEST_STEP][PASSED] - selenium.select("name=variableField5DropdownGroupItemID", "label=Orange"): null

2023-11-16 13:24:45 - [TEST_STEP][PASSED] - selenium.type("name=userDefined6", "UDF6 Data3".toString()): null

2023-11-16 13:24:45 - [TEST_STEP][PASSED] - selenium.type("name=userDefined7", "UDF7 Data3".toString()): null

2023-11-16 13:24:45 - [TEST_STEP][PASSED] - selenium.type("name=userDefined8", "UDF8 Data3".toString()): null

2023-11-16 13:24:45 - [TEST_STEP][PASSED] - selenium.type("name=billingCompanyname", "My Company".toString()): null

2023-11-16 13:24:45 - [TEST_STEP][PASSED] - selenium.type("id=routingNumber", "256072691"): null

2023-11-16 13:24:45 - [TEST_STEP][PASSED] - selenium.type("id=accountNumber", "33333333"): null

2023-11-16 13:24:45 - [TEST_STEP][PASSED] - selenium.type("id=confirmAccountNumber", "33333333"): null

2023-11-16 13:24:45 - [TEST_STEP][PASSED] - selenium.type("name=ein", "123456789"): null

2023-11-16 13:24:45 - [TEST_STEP][PASSED] - selenium.type("name=billingAddress", "2311 york road".toString()): null

2023-11-16 13:24:45 - [TEST_STEP][PASSED] - selenium.type("name=billingAddress2", "suite 600".toString()): null

2023-11-16 13:24:45 - [TEST_STEP][PASSED] - selenium.type("id=billing-zip-input", "21054"): null

2023-11-16 13:24:45 - [TEST_STEP][PASSED] - selenium.type("name=emailAddress", com".toString()): null

2023-11-16 13:24:46 - [TEST_STEP][PASSED] - selenium.click("id=checkedAcceptCondition"): null

2023-11-16 13:24:46 - [TEST_STEP][PASSED] - selenium.click("name=achSubmit"): null

2023-11-16 13:24:46 - [TEST_STEP][PASSED] - selenium.waitForPageToLoad("30000"): null

2023-11-16 13:24:47 - [TEST_STEP][PASSED] - verifyTextPresent("Please verify the following information:", true): Text 'Please verify the following information:' is present on page  using regular expression

2023-11-16 13:24:47 - [MESSAGE][PASSED] - Text 'Please verify the following information:' is present on page  using regular expression

2023-11-16 13:24:47 - [TEST_STEP][PASSED] - verifyTextPresent("Is this information correct", true): Text 'Is this information correct' is present on page  using regular expression

2023-11-16 13:24:47 - [MESSAGE][PASSED] - Text 'Is this information correct' is present on page  using regular expression

2023-11-16 13:24:47 - [TEST_STEP][PASSED] - verifyTextPresent("Corporate Checking", true): Text 'Corporate Checking' is present on page  using regular expression

2023-11-16 13:24:48 - [MESSAGE][PASSED] - Text 'Corporate Checking' is present on page  using regular expression

2023-11-16 13:24:48 - [TEST_STEP][PASSED] - selenium.click("name=confirmNotifyAction"): null

2023-11-16 13:24:48 - [TEST_STEP][PASSED] - selenium.waitForPageToLoad("30000"): null

2023-11-16 13:24:49 - [TEST_STEP][PASSED] - Thread.sleep(15000): null

2023-11-16 13:25:04 - [TEST_STEP][PASSED] - verifyTextPresent("Debit", true): Text 'Debit' is present on page  using regular expression

2023-11-16 13:25:04 - [MESSAGE][PASSED] - Text 'Debit' is present on page  using regular expression

2023-11-16 13:25:04 - [TEST_STEP][PASSED] - verifyTextPresent("Corporate", true): Text 'Corporate' is present on page  using regular expression

2023-11-16 13:25:04 - [MESSAGE][PASSED] - Text 'Corporate' is present on page  using regular expression

2023-11-16 13:25:04 - [TEST_STEP][PASSED] - verifyTextPresent("Checking", true): Text 'Checking' is present on page  using regular expression

2023-11-16 13:25:04 - [MESSAGE][PASSED] - Text 'Checking' is present on page  using regular expression]]></system-out>
         <system-err><![CDATA[]]></system-err>
      </testcase>
      <testcase name="Test Cases/BBP-SelIDE/ChangePaymentMethodPersonalACH" time="13.853" classname="Test Cases/BBP-SelIDE/ChangePaymentMethodPersonalACH" status="PASSED">
         <system-out><![CDATA[2023-11-16 13:25:04 - [TEST_CASE][PASSED] - Test Cases/BBP-SelIDE/ChangePaymentMethodPersonalACH: Test Cases/BBP-SelIDE/ChangePaymentMethodPersonalACH

2023-11-16 13:25:05 - [TEST_STEP][PASSED] - softAssertion = new org.testng.asserts.SoftAssert(): null

2023-11-16 13:25:05 - [TEST_STEP][PASSED] - openBrowser("https://www.google.com/"): Browser is opened with url: 'https://www.google.com/'

2023-11-16 13:25:05 - [MESSAGE][WARNING] - A browser is already opened. Closing browser and opening a new one

2023-11-16 13:25:06 - [MESSAGE][INFO] - Starting 'Chrome' driver

2023-11-16 13:25:06 - [MESSAGE][INFO] - User set preference: ['acceptInsecureCerts', 'true']

2023-11-16 13:25:06 - [MESSAGE][INFO] - Action delay is set to 0 milliseconds

2023-11-16 13:25:08 - [MESSAGE][PASSED] - Browser is opened with url: 'https://www.google.com/'

2023-11-16 13:25:08 - [TEST_STEP][PASSED] - driver = getWebDriver(): null

2023-11-16 13:25:08 - [TEST_STEP][PASSED] - baseUrl = "https://www.google.com/": null

2023-11-16 13:25:08 - [TEST_STEP][PASSED] - selenium = new com.thoughtworks.selenium.webdriven.WebDriverBackedSelenium(driver, baseUrl): null

2023-11-16 13:25:08 - [TEST_STEP][PASSED] - bbpURL = BBPURL: null

2023-11-16 13:25:08 - [TEST_STEP][PASSED] - selenium.open(bbpURL): null

2023-11-16 13:25:10 - [TEST_STEP][PASSED] - selenium.type("id=field1", "111150"): null

2023-11-16 13:25:10 - [TEST_STEP][PASSED] - selenium.type("id=field2", "111151"): null

2023-11-16 13:25:10 - [TEST_STEP][PASSED] - selenium.click("name=Test"): null

2023-11-16 13:25:10 - [TEST_STEP][PASSED] - Thread.sleep(2000): null

2023-11-16 13:25:12 - [TEST_STEP][PASSED] - selenium.click("name=paysubmit"): null

2023-11-16 13:25:13 - [TEST_STEP][PASSED] - selenium.waitForPageToLoad("30000"): null

2023-11-16 13:25:13 - [TEST_STEP][PASSED] - selenium.click("xpath=(//input[@name='paymentMethod'])[2]"): null

2023-11-16 13:25:14 - [TEST_STEP][PASSED] - selenium.click("css=input[type="submit"]"): null

2023-11-16 13:25:15 - [TEST_STEP][PASSED] - selenium.waitForPageToLoad("30000"): null

2023-11-16 13:25:15 - [TEST_STEP][PASSED] - selenium.click("name=changePaymentMethodButton"): null

2023-11-16 13:25:16 - [TEST_STEP][PASSED] - selenium.waitForPageToLoad("30000"): null

2023-11-16 13:25:16 - [TEST_STEP][PASSED] - verifyTextPresent("Select Payment Method", true): Text 'Select Payment Method' is present on page  using regular expression

2023-11-16 13:25:16 - [MESSAGE][PASSED] - Text 'Select Payment Method' is present on page  using regular expression

2023-11-16 13:25:16 - [TEST_STEP][PASSED] - verifyElementPresent(findTestObject("Object Repository/BBP/SelectPaymentMethod_Page/input_PayByCC"), 30): Object 'Object Repository/BBP/SelectPaymentMethod_Page/input_PayByCC' is present

2023-11-16 13:25:17 - [MESSAGE][PASSED] - Object 'Object Repository/BBP/SelectPaymentMethod_Page/input_PayByCC' is present

2023-11-16 13:25:17 - [TEST_STEP][PASSED] - verifyTextPresent("Pay by Credit or Debit Card", true): Text 'Pay by Credit or Debit Card' is present on page  using regular expression

2023-11-16 13:25:17 - [MESSAGE][PASSED] - Text 'Pay by Credit or Debit Card' is present on page  using regular expression

2023-11-16 13:25:17 - [TEST_STEP][PASSED] - verifyElementPresent(findTestObject("Object Repository/BBP/SelectPaymentMethod_Page/input_PayByPC"), 30): Object 'Object Repository/BBP/SelectPaymentMethod_Page/input_PayByPC' is present

2023-11-16 13:25:17 - [MESSAGE][PASSED] - Object 'Object Repository/BBP/SelectPaymentMethod_Page/input_PayByPC' is present

2023-11-16 13:25:17 - [TEST_STEP][PASSED] - verifyTextPresent("Pay by Personal Check", true): Text 'Pay by Personal Check' is present on page  using regular expression

2023-11-16 13:25:18 - [MESSAGE][PASSED] - Text 'Pay by Personal Check' is present on page  using regular expression

2023-11-16 13:25:18 - [TEST_STEP][PASSED] - verifyElementPresent(findTestObject("Object Repository/BBP/SelectPaymentMethod_Page/input_PayByCorp"), 30): Object 'Object Repository/BBP/SelectPaymentMethod_Page/input_PayByCorp' is present

2023-11-16 13:25:18 - [MESSAGE][PASSED] - Object 'Object Repository/BBP/SelectPaymentMethod_Page/input_PayByCorp' is present

2023-11-16 13:25:18 - [TEST_STEP][PASSED] - verifyTextPresent("Pay by Corporate Check", true): Text 'Pay by Corporate Check' is present on page  using regular expression

2023-11-16 13:25:18 - [MESSAGE][PASSED] - Text 'Pay by Corporate Check' is present on page  using regular expression]]></system-out>
         <system-err><![CDATA[]]></system-err>
      </testcase>
      <system-out><![CDATA[2023-11-16 13:22:35 - [TEST_SUITE][PASSED] - QA_BBP_Regression: Test Cases/BBP-SelIDE/ChangePaymentMethodPersonalACH]]></system-out>
      <system-err><![CDATA[]]></system-err>
   </testsuite>
</testsuites>
