<?xml version="1.0" encoding="UTF-8"?>
<testsuites name="AdminSuiteBootstrap_Main_TestSuite" time="559.924" tests="6" failures="2" errors="0">
   <testsuite name="AdminSuiteBootstrap_MRF_TestSuite" tests="2" failures="0" errors="0" time="43.452" skipped="0" timestamp="2022-02-11 23:01:54" hostname="iahmed - DESKTOP-B2QI6NS.govolution.com" id="Test Suites/AdminSuiteBootstrap_TestSuite/AdminSuiteBootstrap_MRF_TestSuite">
      <properties>
         <property name="deviceName" value=""/>
         <property name="devicePlatform" value=""/>
         <property name="logFolder" value="E:\\Cloned-Project-Katalon\\VPS-Katalon\\Reports\\20220211_230143\\AdminSuiteBootstrap_TestSuite\\AdminSuiteBootstrap_MRF_TestSuite\\20220211_230145"/>
         <property name="logFiles" value="E:\\Cloned-Project-Katalon\\VPS-Katalon\\Reports\\20220211_230143\\AdminSuiteBootstrap_TestSuite\\AdminSuiteBootstrap_MRF_TestSuite\\20220211_230145\\execution0.log"/>
         <property name="attachments" value=""/>
         <property name="hostName" value="iahmed - DESKTOP-B2QI6NS.govolution.com"/>
         <property name="os" value="Windows 10 64bit"/>
         <property name="katalonVersion" value="8.2.0.208"/>
         <property name="browser" value="Chrome 98.0.4758.82"/>
         <property name="hostAddress" value="172.31.253.177"/>
         <property name="sessionId" value="ca975267c67c528569b471433c066bbc"/>
         <property name="seleniumVersion" value="3.141.59"/>
         <property name="proxyInformation" value="ProxyInformation { proxyOption=NO_PROXY, proxyServerType=HTTP, username=, password=********, proxyServerAddress=, proxyServerPort=0, executionList=&quot;&quot;, isApplyToDesiredCapabilities=true }"/>
         <property name="platform" value="Windows 10"/>
      </properties>
      <testcase name="Test Cases/Admin Suite Bootstrap/VT_TestCases/VerifySaleKeyboard_MRF_TC" time="21.839" classname="Test Cases/Admin Suite Bootstrap/VT_TestCases/VerifySaleKeyboard_MRF_TC" status="PASSED">
         <system-out><![CDATA[2022-02-11 23:01:55 - [TEST_CASE][PASSED] - Test Cases/Admin Suite Bootstrap/VT_TestCases/VerifySaleKeyboard_MRF_TC: Test Cases/Admin Suite Bootstrap/VT_TestCases/VerifySaleKeyboard_MRF_TC

2022-02-11 23:01:56 - [TEST_STEP][PASSED] - path_Dashboard = "Object Repository/AdminSuiteBootstrap_Pages/Dashboard_Bootstrap/": null

2022-02-11 23:01:56 - [TEST_STEP][PASSED] - path_VT = "Object Repository/AdminSuiteBootstrap_Pages/VT_Bootstrap/IssueTransactions/": null

2022-02-11 23:01:56 - [TEST_STEP][PASSED] - path_SaleKB = "Object Repository/AdminSuiteBootstrap_Pages/VT_Bootstrap/SaleKeyboard/": null

2022-02-11 23:01:56 - [TEST_STEP][PASSED] - appliID = "238": null

2022-02-11 23:01:56 - [TEST_STEP][PASSED] - li_1 = "/admin/imtiaz/bootstrap/vpos/": null

2022-02-11 23:01:56 - [TEST_STEP][PASSED] - li_2 = "/transactions/AuthCapForm/": null

2022-02-11 23:01:56 - [TEST_STEP][PASSED] - hrefAppID = li_1 + appliID + li_2: null

2022-02-11 23:01:56 - [TEST_STEP][PASSED] - out.println("hrefID is : " + hrefAppID): null

2022-02-11 23:01:56 - [TEST_STEP][PASSED] - adminSuiteBootstrap.loginFunctionality.login_AdminSuite(): adminSuiteBootstrap.loginFunctionality.login_AdminSuite is PASSED

2022-02-11 23:01:56 - [MESSAGE][INFO] - Starting 'Chrome' driver

2022-02-11 23:01:56 - [MESSAGE][INFO] - User set preference: ['acceptInsecureCerts', 'true']

2022-02-11 23:01:56 - [MESSAGE][INFO] - Action delay is set to 0 milliseconds

2022-02-11 23:02:00 - [MESSAGE][PASSED] - Browser is opened with url: 'https://qa.velocitypayment.com/admin/imtiaz'

2022-02-11 23:02:01 - [MESSAGE][PASSED] - Current window maximized

2022-02-11 23:02:01 - [MESSAGE][PASSED] - Object 'Object Repository/Login_Page/Login_Username' is present

2022-02-11 23:02:02 - [MESSAGE][PASSED] - Text 'iahmed' is set on object 'Object Repository/Login_Page/Login_Username'

2022-02-11 23:02:03 - [MESSAGE][PASSED] - Text 'hello2222' is set on object 'Object Repository/Login_Page/Login_Password'

2022-02-11 23:02:07 - [MESSAGE][PASSED] - Object: 'Object Repository/Login_Page/Login_Submit' is clicked on

2022-02-11 23:02:07 - [MESSAGE][PASSED] - adminSuiteBootstrap.loginFunctionality.login_AdminSuite is PASSED

2022-02-11 23:02:07 - [TEST_STEP][PASSED] - click(findTestObject(path_Dashboard + "span_Payment")): Object: 'Object Repository/AdminSuiteBootstrap_Pages/Dashboard_Bootstrap/span_Payment' is clicked on

2022-02-11 23:02:07 - [MESSAGE][PASSED] - Object: 'Object Repository/AdminSuiteBootstrap_Pages/Dashboard_Bootstrap/span_Payment' is clicked on

2022-02-11 23:02:08 - [TEST_STEP][PASSED] - click(findTestObject(path_Dashboard + "a_HelloWorld3")): Object: 'Object Repository/AdminSuiteBootstrap_Pages/Dashboard_Bootstrap/a_HelloWorld3' is clicked on

2022-02-11 23:02:09 - [MESSAGE][PASSED] - Object: 'Object Repository/AdminSuiteBootstrap_Pages/Dashboard_Bootstrap/a_HelloWorld3' is clicked on

2022-02-11 23:02:09 - [TEST_STEP][PASSED] - click(findTestObject(path_VT + "button_Authorization  Capture (Sale)")): Object: 'Object Repository/AdminSuiteBootstrap_Pages/VT_Bootstrap/IssueTransactions/button_Authorization  Capture (Sale)' is clicked on

2022-02-11 23:02:09 - [MESSAGE][PASSED] - Object: 'Object Repository/AdminSuiteBootstrap_Pages/VT_Bootstrap/IssueTransactions/button_Authorization  Capture (Sale)' is clicked on

2022-02-11 23:02:09 - [TEST_STEP][PASSED] - saleKeyboardEntryLink = modifyObjectProperty(findTestObject(path_VT + "a_KeyboardEntry_Sale"), "href", "equals", hrefAppID, true): Modify property of object successfully

2022-02-11 23:02:09 - [MESSAGE][PASSED] - Modify property of object successfully

2022-02-11 23:02:09 - [TEST_STEP][PASSED] - click(saleKeyboardEntryLink): Object: 'Object Repository/AdminSuiteBootstrap_Pages/VT_Bootstrap/IssueTransactions/a_KeyboardEntry_Sale' is clicked on

2022-02-11 23:02:11 - [MESSAGE][PASSED] - Object: 'Object Repository/AdminSuiteBootstrap_Pages/VT_Bootstrap/IssueTransactions/a_KeyboardEntry_Sale' is clicked on

2022-02-11 23:02:11 - [TEST_STEP][PASSED] - click(findTestObject(path_SaleKB + "button_Submit")): Object: 'Object Repository/AdminSuiteBootstrap_Pages/VT_Bootstrap/SaleKeyboard/button_Submit' is clicked on

2022-02-11 23:02:12 - [MESSAGE][PASSED] - Object: 'Object Repository/AdminSuiteBootstrap_Pages/VT_Bootstrap/SaleKeyboard/button_Submit' is clicked on

2022-02-11 23:02:12 - [TEST_STEP][PASSED] - verifyTextPresent("Card Name is required", true): Text 'Card Name is required' is present on page  using regular expression

2022-02-11 23:02:13 - [MESSAGE][PASSED] - Text 'Card Name is required' is present on page  using regular expression

2022-02-11 23:02:13 - [TEST_STEP][PASSED] - verifyTextPresent("Card Number is required", true): Text 'Card Number is required' is present on page  using regular expression

2022-02-11 23:02:14 - [MESSAGE][PASSED] - Text 'Card Number is required' is present on page  using regular expression

2022-02-11 23:02:14 - [TEST_STEP][PASSED] - verifyTextPresent("Card Expiration Month is required", true): Text 'Card Expiration Month is required' is present on page  using regular expression

2022-02-11 23:02:14 - [MESSAGE][PASSED] - Text 'Card Expiration Month is required' is present on page  using regular expression

2022-02-11 23:02:14 - [TEST_STEP][PASSED] - verifyTextPresent("Card Expiration Year is required", true): Text 'Card Expiration Year is required' is present on page  using regular expression

2022-02-11 23:02:15 - [MESSAGE][PASSED] - Text 'Card Expiration Year is required' is present on page  using regular expression

2022-02-11 23:02:15 - [TEST_STEP][PASSED] - verifyTextPresent("Address is required", true): Text 'Address is required' is present on page  using regular expression

2022-02-11 23:02:15 - [MESSAGE][PASSED] - Text 'Address is required' is present on page  using regular expression

2022-02-11 23:02:15 - [TEST_STEP][PASSED] - verifyTextPresent("ZIP Code is required", true): Text 'ZIP Code is required' is present on page  using regular expression

2022-02-11 23:02:16 - [MESSAGE][PASSED] - Text 'ZIP Code is required' is present on page  using regular expression

2022-02-11 23:02:16 - [TEST_STEP][PASSED] - verifyTextPresent("Amount is required", true): Text 'Amount is required' is present on page  using regular expression

2022-02-11 23:02:16 - [MESSAGE][PASSED] - Text 'Amount is required' is present on page  using regular expression

2022-02-11 23:02:16 - [TEST_STEP][PASSED] - verifyTextPresent("This field is required", true): Text 'This field is required' is present on page  using regular expression

2022-02-11 23:02:16 - [MESSAGE][PASSED] - Text 'This field is required' is present on page  using regular expression

2022-02-11 23:02:16 - [TEST_STEP][PASSED] - verifyTextPresent("This field is required", true): Text 'This field is required' is present on page  using regular expression

2022-02-11 23:02:17 - [MESSAGE][PASSED] - Text 'This field is required' is present on page  using regular expression]]></system-out>
         <system-err><![CDATA[]]></system-err>
      </testcase>
      <testcase name="Test Cases/Admin Suite Bootstrap/VT_TestCases/VerifyAuthOnlyKeyboard_MRF_TC" time="21.171" classname="Test Cases/Admin Suite Bootstrap/VT_TestCases/VerifyAuthOnlyKeyboard_MRF_TC" status="PASSED">
         <system-out><![CDATA[2022-02-11 23:02:17 - [TEST_CASE][PASSED] - Test Cases/Admin Suite Bootstrap/VT_TestCases/VerifyAuthOnlyKeyboard_MRF_TC: Test Cases/Admin Suite Bootstrap/VT_TestCases/VerifyAuthOnlyKeyboard_MRF_TC

2022-02-11 23:02:17 - [TEST_STEP][PASSED] - path_Dashboard = "Object Repository/AdminSuiteBootstrap_Pages/Dashboard_Bootstrap/": null

2022-02-11 23:02:17 - [TEST_STEP][PASSED] - path_VT = "Object Repository/AdminSuiteBootstrap_Pages/VT_Bootstrap/IssueTransactions/": null

2022-02-11 23:02:17 - [TEST_STEP][PASSED] - path_SaleKB = "Object Repository/AdminSuiteBootstrap_Pages/VT_Bootstrap/SaleKeyboard/": null

2022-02-11 23:02:17 - [TEST_STEP][PASSED] - appliID = "238": null

2022-02-11 23:02:17 - [TEST_STEP][PASSED] - li_1 = "/admin/imtiaz/bootstrap/vpos/": null

2022-02-11 23:02:17 - [TEST_STEP][PASSED] - li_2 = "/transactions/AuthOnlyForm/": null

2022-02-11 23:02:17 - [TEST_STEP][PASSED] - hrefAppID = li_1 + appliID + li_2: null

2022-02-11 23:02:17 - [TEST_STEP][PASSED] - out.println("hrefID is : " + hrefAppID): null

2022-02-11 23:02:17 - [TEST_STEP][PASSED] - adminSuiteBootstrap.loginFunctionality.login_AdminSuite(): adminSuiteBootstrap.loginFunctionality.login_AdminSuite is PASSED

2022-02-11 23:02:17 - [MESSAGE][WARNING] - A browser is already opened. Closing browser and opening a new one

2022-02-11 23:02:18 - [MESSAGE][INFO] - Starting 'Chrome' driver

2022-02-11 23:02:18 - [MESSAGE][INFO] - User set preference: ['acceptInsecureCerts', 'true']

2022-02-11 23:02:18 - [MESSAGE][INFO] - Action delay is set to 0 milliseconds

2022-02-11 23:02:21 - [MESSAGE][PASSED] - Browser is opened with url: 'https://qa.velocitypayment.com/admin/imtiaz'

2022-02-11 23:02:21 - [MESSAGE][PASSED] - Current window maximized

2022-02-11 23:02:22 - [MESSAGE][PASSED] - Object 'Object Repository/Login_Page/Login_Username' is present

2022-02-11 23:02:23 - [MESSAGE][PASSED] - Text 'iahmed' is set on object 'Object Repository/Login_Page/Login_Username'

2022-02-11 23:02:23 - [MESSAGE][PASSED] - Text 'hello2222' is set on object 'Object Repository/Login_Page/Login_Password'

2022-02-11 23:02:28 - [MESSAGE][PASSED] - Object: 'Object Repository/Login_Page/Login_Submit' is clicked on

2022-02-11 23:02:28 - [MESSAGE][PASSED] - adminSuiteBootstrap.loginFunctionality.login_AdminSuite is PASSED

2022-02-11 23:02:28 - [TEST_STEP][PASSED] - click(findTestObject(path_Dashboard + "span_Payment")): Object: 'Object Repository/AdminSuiteBootstrap_Pages/Dashboard_Bootstrap/span_Payment' is clicked on

2022-02-11 23:02:29 - [MESSAGE][PASSED] - Object: 'Object Repository/AdminSuiteBootstrap_Pages/Dashboard_Bootstrap/span_Payment' is clicked on

2022-02-11 23:02:29 - [TEST_STEP][PASSED] - click(findTestObject(path_Dashboard + "a_HelloWorld3")): Object: 'Object Repository/AdminSuiteBootstrap_Pages/Dashboard_Bootstrap/a_HelloWorld3' is clicked on

2022-02-11 23:02:30 - [MESSAGE][PASSED] - Object: 'Object Repository/AdminSuiteBootstrap_Pages/Dashboard_Bootstrap/a_HelloWorld3' is clicked on

2022-02-11 23:02:30 - [TEST_STEP][PASSED] - click(findTestObject(path_VT + "button_Authorization Only")): Object: 'Object Repository/AdminSuiteBootstrap_Pages/VT_Bootstrap/IssueTransactions/button_Authorization Only' is clicked on

2022-02-11 23:02:30 - [MESSAGE][PASSED] - Object: 'Object Repository/AdminSuiteBootstrap_Pages/VT_Bootstrap/IssueTransactions/button_Authorization Only' is clicked on

2022-02-11 23:02:30 - [TEST_STEP][PASSED] - authOnlyKeyboardEntryLink = modifyObjectProperty(findTestObject(path_VT + "a_KeyboardEntry_Sale"), "href", "equals", hrefAppID, true): Modify property of object successfully

2022-02-11 23:02:30 - [MESSAGE][PASSED] - Modify property of object successfully

2022-02-11 23:02:30 - [TEST_STEP][PASSED] - click(authOnlyKeyboardEntryLink): Object: 'Object Repository/AdminSuiteBootstrap_Pages/VT_Bootstrap/IssueTransactions/a_KeyboardEntry_Sale' is clicked on

2022-02-11 23:02:32 - [MESSAGE][PASSED] - Object: 'Object Repository/AdminSuiteBootstrap_Pages/VT_Bootstrap/IssueTransactions/a_KeyboardEntry_Sale' is clicked on

2022-02-11 23:02:32 - [TEST_STEP][PASSED] - click(findTestObject(path_SaleKB + "button_Submit")): Object: 'Object Repository/AdminSuiteBootstrap_Pages/VT_Bootstrap/SaleKeyboard/button_Submit' is clicked on

2022-02-11 23:02:34 - [MESSAGE][PASSED] - Object: 'Object Repository/AdminSuiteBootstrap_Pages/VT_Bootstrap/SaleKeyboard/button_Submit' is clicked on

2022-02-11 23:02:34 - [TEST_STEP][PASSED] - verifyTextPresent("Card Name is required", true): Text 'Card Name is required' is present on page  using regular expression

2022-02-11 23:02:35 - [MESSAGE][PASSED] - Text 'Card Name is required' is present on page  using regular expression

2022-02-11 23:02:35 - [TEST_STEP][PASSED] - verifyTextPresent("Card Number is required", true): Text 'Card Number is required' is present on page  using regular expression

2022-02-11 23:02:35 - [MESSAGE][PASSED] - Text 'Card Number is required' is present on page  using regular expression

2022-02-11 23:02:35 - [TEST_STEP][PASSED] - verifyTextPresent("Card Expiration Month is required", true): Text 'Card Expiration Month is required' is present on page  using regular expression

2022-02-11 23:02:35 - [MESSAGE][PASSED] - Text 'Card Expiration Month is required' is present on page  using regular expression

2022-02-11 23:02:35 - [TEST_STEP][PASSED] - verifyTextPresent("Card Expiration Year is required", true): Text 'Card Expiration Year is required' is present on page  using regular expression

2022-02-11 23:02:36 - [MESSAGE][PASSED] - Text 'Card Expiration Year is required' is present on page  using regular expression

2022-02-11 23:02:36 - [TEST_STEP][PASSED] - verifyTextPresent("Address is required", true): Text 'Address is required' is present on page  using regular expression

2022-02-11 23:02:36 - [MESSAGE][PASSED] - Text 'Address is required' is present on page  using regular expression

2022-02-11 23:02:36 - [TEST_STEP][PASSED] - verifyTextPresent("ZIP Code is required", true): Text 'ZIP Code is required' is present on page  using regular expression

2022-02-11 23:02:37 - [MESSAGE][PASSED] - Text 'ZIP Code is required' is present on page  using regular expression

2022-02-11 23:02:37 - [TEST_STEP][PASSED] - verifyTextPresent("Amount is required", true): Text 'Amount is required' is present on page  using regular expression

2022-02-11 23:02:37 - [MESSAGE][PASSED] - Text 'Amount is required' is present on page  using regular expression

2022-02-11 23:02:37 - [TEST_STEP][PASSED] - verifyTextPresent("This field is required", true): Text 'This field is required' is present on page  using regular expression

2022-02-11 23:02:38 - [MESSAGE][PASSED] - Text 'This field is required' is present on page  using regular expression

2022-02-11 23:02:38 - [TEST_STEP][PASSED] - verifyTextPresent("This field is required", true): Text 'This field is required' is present on page  using regular expression

2022-02-11 23:02:38 - [MESSAGE][PASSED] - Text 'This field is required' is present on page  using regular expression]]></system-out>
         <system-err><![CDATA[]]></system-err>
      </testcase>
      <system-out><![CDATA[2022-02-11 23:01:54 - [TEST_SUITE][PASSED] - AdminSuiteBootstrap_MRF_TestSuite: Test Cases/Admin Suite Bootstrap/VT_TestCases/VerifyAuthOnlyKeyboard_MRF_TC]]></system-out>
      <system-err><![CDATA[]]></system-err>
   </testsuite>
   <testsuite name="AdminSuiteBootstrap_UI_TestSuite" tests="2" failures="0" errors="0" time="75.778" skipped="0" timestamp="2022-02-11 23:02:42" hostname="iahmed - DESKTOP-B2QI6NS.govolution.com" id="Test Suites/AdminSuiteBootstrap_TestSuite/AdminSuiteBootstrap_UI_TestSuite">
      <properties>
         <property name="deviceName" value=""/>
         <property name="devicePlatform" value=""/>
         <property name="logFolder" value="E:\\Cloned-Project-Katalon\\VPS-Katalon\\Reports\\20220211_230143\\AdminSuiteBootstrap_TestSuite\\AdminSuiteBootstrap_UI_TestSuite\\20220211_230147"/>
         <property name="logFiles" value="E:\\Cloned-Project-Katalon\\VPS-Katalon\\Reports\\20220211_230143\\AdminSuiteBootstrap_TestSuite\\AdminSuiteBootstrap_UI_TestSuite\\20220211_230147\\execution0.log"/>
         <property name="attachments" value=""/>
         <property name="hostName" value="iahmed - DESKTOP-B2QI6NS.govolution.com"/>
         <property name="os" value="Windows 10 64bit"/>
         <property name="katalonVersion" value="8.2.0.208"/>
         <property name="browser" value="Chrome 98.0.4758.82"/>
         <property name="hostAddress" value="172.31.253.177"/>
         <property name="sessionId" value="b7fe61321b4d6f97c64d411c9e435f44"/>
         <property name="seleniumVersion" value="3.141.59"/>
         <property name="proxyInformation" value="ProxyInformation { proxyOption=NO_PROXY, proxyServerType=HTTP, username=, password=********, proxyServerAddress=, proxyServerPort=0, executionList=&quot;&quot;, isApplyToDesiredCapabilities=true }"/>
         <property name="platform" value="Windows 10"/>
      </properties>
      <testcase name="Test Cases/Admin Suite Bootstrap/VT_TestCases/VerifySaleKeyboard_UI_1_TC" time="38.479" classname="Test Cases/Admin Suite Bootstrap/VT_TestCases/VerifySaleKeyboard_UI_1_TC" status="PASSED">
         <system-out><![CDATA[2022-02-11 23:02:43 - [TEST_CASE][PASSED] - Test Cases/Admin Suite Bootstrap/VT_TestCases/VerifySaleKeyboard_UI_1_TC: Test Cases/Admin Suite Bootstrap/VT_TestCases/VerifySaleKeyboard_UI_1_TC

2022-02-11 23:02:43 - [TEST_STEP][PASSED] - path_Dashboard = "Object Repository/AdminSuiteBootstrap_Pages/Dashboard_Bootstrap/": null

2022-02-11 23:02:43 - [TEST_STEP][PASSED] - path_VT = "Object Repository/AdminSuiteBootstrap_Pages/VT_Bootstrap/IssueTransactions/": null

2022-02-11 23:02:43 - [TEST_STEP][PASSED] - path_SaleKB = "Object Repository/AdminSuiteBootstrap_Pages/VT_Bootstrap/SaleKeyboard/": null

2022-02-11 23:02:43 - [TEST_STEP][PASSED] - appliID = "238": null

2022-02-11 23:02:43 - [TEST_STEP][PASSED] - li_1 = "/admin/imtiaz/bootstrap/vpos/": null

2022-02-11 23:02:43 - [TEST_STEP][PASSED] - li_2 = "/transactions/AuthCapForm/": null

2022-02-11 23:02:43 - [TEST_STEP][PASSED] - hrefAppID = li_1 + appliID + li_2: null

2022-02-11 23:02:43 - [TEST_STEP][PASSED] - out.println("hrefID is : " + hrefAppID): null

2022-02-11 23:02:43 - [TEST_STEP][PASSED] - adminSuiteBootstrap.loginFunctionality.login_AdminSuite(): adminSuiteBootstrap.loginFunctionality.login_AdminSuite is PASSED

2022-02-11 23:02:44 - [MESSAGE][INFO] - Starting 'Chrome' driver

2022-02-11 23:02:44 - [MESSAGE][INFO] - User set preference: ['acceptInsecureCerts', 'true']

2022-02-11 23:02:44 - [MESSAGE][INFO] - Action delay is set to 0 milliseconds

2022-02-11 23:02:48 - [MESSAGE][PASSED] - Browser is opened with url: 'https://qa.velocitypayment.com/admin/imtiaz'

2022-02-11 23:02:48 - [MESSAGE][PASSED] - Current window maximized

2022-02-11 23:02:49 - [MESSAGE][PASSED] - Object 'Object Repository/Login_Page/Login_Username' is present

2022-02-11 23:02:50 - [MESSAGE][PASSED] - Text 'iahmed' is set on object 'Object Repository/Login_Page/Login_Username'

2022-02-11 23:02:50 - [MESSAGE][PASSED] - Text 'hello2222' is set on object 'Object Repository/Login_Page/Login_Password'

2022-02-11 23:02:55 - [MESSAGE][PASSED] - Object: 'Object Repository/Login_Page/Login_Submit' is clicked on

2022-02-11 23:02:55 - [MESSAGE][PASSED] - adminSuiteBootstrap.loginFunctionality.login_AdminSuite is PASSED

2022-02-11 23:02:55 - [TEST_STEP][PASSED] - click(findTestObject(path_Dashboard + "span_Payment")): Object: 'Object Repository/AdminSuiteBootstrap_Pages/Dashboard_Bootstrap/span_Payment' is clicked on

2022-02-11 23:02:56 - [MESSAGE][PASSED] - Object: 'Object Repository/AdminSuiteBootstrap_Pages/Dashboard_Bootstrap/span_Payment' is clicked on

2022-02-11 23:02:56 - [TEST_STEP][PASSED] - click(findTestObject(path_Dashboard + "a_HelloWorld3")): Object: 'Object Repository/AdminSuiteBootstrap_Pages/Dashboard_Bootstrap/a_HelloWorld3' is clicked on

2022-02-11 23:02:57 - [MESSAGE][PASSED] - Object: 'Object Repository/AdminSuiteBootstrap_Pages/Dashboard_Bootstrap/a_HelloWorld3' is clicked on

2022-02-11 23:02:57 - [TEST_STEP][PASSED] - click(findTestObject(path_VT + "button_Authorization  Capture (Sale)")): Object: 'Object Repository/AdminSuiteBootstrap_Pages/VT_Bootstrap/IssueTransactions/button_Authorization  Capture (Sale)' is clicked on

2022-02-11 23:02:57 - [MESSAGE][PASSED] - Object: 'Object Repository/AdminSuiteBootstrap_Pages/VT_Bootstrap/IssueTransactions/button_Authorization  Capture (Sale)' is clicked on

2022-02-11 23:02:57 - [TEST_STEP][PASSED] - saleKeyboardEntryLink = modifyObjectProperty(findTestObject(path_VT + "a_KeyboardEntry_Sale"), "href", "equals", hrefAppID, true): Modify property of object successfully

2022-02-11 23:02:58 - [MESSAGE][PASSED] - Modify property of object successfully

2022-02-11 23:02:58 - [TEST_STEP][PASSED] - click(saleKeyboardEntryLink): Object: 'Object Repository/AdminSuiteBootstrap_Pages/VT_Bootstrap/IssueTransactions/a_KeyboardEntry_Sale' is clicked on

2022-02-11 23:02:59 - [MESSAGE][PASSED] - Object: 'Object Repository/AdminSuiteBootstrap_Pages/VT_Bootstrap/IssueTransactions/a_KeyboardEntry_Sale' is clicked on

2022-02-11 23:02:59 - [TEST_STEP][PASSED] - verifyTextPresent("Issue Transactions", true): Text 'Issue Transactions' is present on page  using regular expression

2022-02-11 23:03:00 - [MESSAGE][PASSED] - Text 'Issue Transactions' is present on page  using regular expression

2022-02-11 23:03:00 - [TEST_STEP][PASSED] - verifyTextPresent("Credit Card Authorization Capture", true): Text 'Credit Card Authorization Capture' is present on page  using regular expression

2022-02-11 23:03:00 - [MESSAGE][PASSED] - Text 'Credit Card Authorization Capture' is present on page  using regular expression

2022-02-11 23:03:00 - [TEST_STEP][PASSED] - verifyTextPresent("Required fields are highlighted with an asterisk", true): Text 'Required fields are highlighted with an asterisk' is present on page  using regular expression

2022-02-11 23:03:01 - [MESSAGE][PASSED] - Text 'Required fields are highlighted with an asterisk' is present on page  using regular expression

2022-02-11 23:03:01 - [TEST_STEP][PASSED] - verifyTextPresent("Remittance ID", true): Text 'Remittance ID' is present on page  using regular expression

2022-02-11 23:03:01 - [MESSAGE][PASSED] - Text 'Remittance ID' is present on page  using regular expression

2022-02-11 23:03:01 - [TEST_STEP][PASSED] - verifyTextPresent("Bill/Invoice Information", true): Text 'Bill/Invoice Information' is present on page  using regular expression

2022-02-11 23:03:01 - [MESSAGE][PASSED] - Text 'Bill/Invoice Information' is present on page  using regular expression

2022-02-11 23:03:01 - [TEST_STEP][PASSED] - verifyTextPresent("Application: Hello World3", true): Text 'Application: Hello World3' is present on page  using regular expression

2022-02-11 23:03:02 - [MESSAGE][PASSED] - Text 'Application: Hello World3' is present on page  using regular expression

2022-02-11 23:03:02 - [TEST_STEP][PASSED] - verifyElementVisible(findTestObject(path_SaleKB + "input_cardName")): Object 'Object Repository/AdminSuiteBootstrap_Pages/VT_Bootstrap/SaleKeyboard/input_cardName' is visible

2022-02-11 23:03:02 - [MESSAGE][PASSED] - Object 'Object Repository/AdminSuiteBootstrap_Pages/VT_Bootstrap/SaleKeyboard/input_cardName' is visible

2022-02-11 23:03:02 - [TEST_STEP][PASSED] - verifyElementPresent(findTestObject(path_SaleKB + "input_cardName"), 30): Object 'Object Repository/AdminSuiteBootstrap_Pages/VT_Bootstrap/SaleKeyboard/input_cardName' is present

2022-02-11 23:03:03 - [MESSAGE][PASSED] - Object 'Object Repository/AdminSuiteBootstrap_Pages/VT_Bootstrap/SaleKeyboard/input_cardName' is present

2022-02-11 23:03:03 - [TEST_STEP][PASSED] - verifyElementVisible(findTestObject(path_SaleKB + "select_transactionCategory")): Object 'Object Repository/AdminSuiteBootstrap_Pages/VT_Bootstrap/SaleKeyboard/select_transactionCategory' is visible

2022-02-11 23:03:03 - [MESSAGE][PASSED] - Object 'Object Repository/AdminSuiteBootstrap_Pages/VT_Bootstrap/SaleKeyboard/select_transactionCategory' is visible

2022-02-11 23:03:03 - [TEST_STEP][PASSED] - verifyElementPresent(findTestObject(path_SaleKB + "select_transactionCategory"), 30): Object 'Object Repository/AdminSuiteBootstrap_Pages/VT_Bootstrap/SaleKeyboard/select_transactionCategory' is present

2022-02-11 23:03:03 - [MESSAGE][PASSED] - Object 'Object Repository/AdminSuiteBootstrap_Pages/VT_Bootstrap/SaleKeyboard/select_transactionCategory' is present

2022-02-11 23:03:03 - [TEST_STEP][PASSED] - verifyElementPresent(findTestObject(path_SaleKB + "input__cardNumber"), 30): Object 'Object Repository/AdminSuiteBootstrap_Pages/VT_Bootstrap/SaleKeyboard/input__cardNumber' is present

2022-02-11 23:03:04 - [MESSAGE][PASSED] - Object 'Object Repository/AdminSuiteBootstrap_Pages/VT_Bootstrap/SaleKeyboard/input__cardNumber' is present

2022-02-11 23:03:04 - [TEST_STEP][PASSED] - verifyElementPresent(findTestObject(path_SaleKB + "input__cvv"), 30): Object 'Object Repository/AdminSuiteBootstrap_Pages/VT_Bootstrap/SaleKeyboard/input__cvv' is present

2022-02-11 23:03:04 - [MESSAGE][PASSED] - Object 'Object Repository/AdminSuiteBootstrap_Pages/VT_Bootstrap/SaleKeyboard/input__cvv' is present

2022-02-11 23:03:04 - [TEST_STEP][PASSED] - verifyElementVisible(findTestObject(path_SaleKB + "select_MM")): Object 'Object Repository/AdminSuiteBootstrap_Pages/VT_Bootstrap/SaleKeyboard/select_MM' is visible

2022-02-11 23:03:04 - [MESSAGE][PASSED] - Object 'Object Repository/AdminSuiteBootstrap_Pages/VT_Bootstrap/SaleKeyboard/select_MM' is visible

2022-02-11 23:03:04 - [TEST_STEP][PASSED] - verifyElementPresent(findTestObject(path_SaleKB + "select_MM"), 30): Object 'Object Repository/AdminSuiteBootstrap_Pages/VT_Bootstrap/SaleKeyboard/select_MM' is present

2022-02-11 23:03:05 - [MESSAGE][PASSED] - Object 'Object Repository/AdminSuiteBootstrap_Pages/VT_Bootstrap/SaleKeyboard/select_MM' is present

2022-02-11 23:03:05 - [TEST_STEP][PASSED] - verifyElementVisible(findTestObject(path_SaleKB + "select_YYYY")): Object 'Object Repository/AdminSuiteBootstrap_Pages/VT_Bootstrap/SaleKeyboard/select_YYYY' is visible

2022-02-11 23:03:05 - [MESSAGE][PASSED] - Object 'Object Repository/AdminSuiteBootstrap_Pages/VT_Bootstrap/SaleKeyboard/select_YYYY' is visible

2022-02-11 23:03:05 - [TEST_STEP][PASSED] - verifyElementPresent(findTestObject(path_SaleKB + "select_YYYY"), 30): Object 'Object Repository/AdminSuiteBootstrap_Pages/VT_Bootstrap/SaleKeyboard/select_YYYY' is present

2022-02-11 23:03:05 - [MESSAGE][PASSED] - Object 'Object Repository/AdminSuiteBootstrap_Pages/VT_Bootstrap/SaleKeyboard/select_YYYY' is present

2022-02-11 23:03:05 - [TEST_STEP][PASSED] - verifyElementVisible(findTestObject(path_SaleKB + "input__address")): Object 'Object Repository/AdminSuiteBootstrap_Pages/VT_Bootstrap/SaleKeyboard/input__address' is visible

2022-02-11 23:03:06 - [MESSAGE][PASSED] - Object 'Object Repository/AdminSuiteBootstrap_Pages/VT_Bootstrap/SaleKeyboard/input__address' is visible

2022-02-11 23:03:06 - [TEST_STEP][PASSED] - verifyElementPresent(findTestObject(path_SaleKB + "input__address"), 30): Object 'Object Repository/AdminSuiteBootstrap_Pages/VT_Bootstrap/SaleKeyboard/input__address' is present

2022-02-11 23:03:06 - [MESSAGE][PASSED] - Object 'Object Repository/AdminSuiteBootstrap_Pages/VT_Bootstrap/SaleKeyboard/input__address' is present

2022-02-11 23:03:06 - [TEST_STEP][PASSED] - verifyElementVisible(findTestObject(path_SaleKB + "input__address2")): Object 'Object Repository/AdminSuiteBootstrap_Pages/VT_Bootstrap/SaleKeyboard/input__address2' is visible

2022-02-11 23:03:06 - [MESSAGE][PASSED] - Object 'Object Repository/AdminSuiteBootstrap_Pages/VT_Bootstrap/SaleKeyboard/input__address2' is visible

2022-02-11 23:03:06 - [TEST_STEP][PASSED] - verifyElementPresent(findTestObject(path_SaleKB + "input__address2"), 30): Object 'Object Repository/AdminSuiteBootstrap_Pages/VT_Bootstrap/SaleKeyboard/input__address2' is present

2022-02-11 23:03:07 - [MESSAGE][PASSED] - Object 'Object Repository/AdminSuiteBootstrap_Pages/VT_Bootstrap/SaleKeyboard/input__address2' is present

2022-02-11 23:03:07 - [TEST_STEP][PASSED] - verifyElementVisible(findTestObject(path_SaleKB + "select_Country")): Object 'Object Repository/AdminSuiteBootstrap_Pages/VT_Bootstrap/SaleKeyboard/select_Country' is visible

2022-02-11 23:03:07 - [MESSAGE][PASSED] - Object 'Object Repository/AdminSuiteBootstrap_Pages/VT_Bootstrap/SaleKeyboard/select_Country' is visible

2022-02-11 23:03:07 - [TEST_STEP][PASSED] - verifyElementPresent(findTestObject(path_SaleKB + "select_Country"), 30): Object 'Object Repository/AdminSuiteBootstrap_Pages/VT_Bootstrap/SaleKeyboard/select_Country' is present

2022-02-11 23:03:07 - [MESSAGE][PASSED] - Object 'Object Repository/AdminSuiteBootstrap_Pages/VT_Bootstrap/SaleKeyboard/select_Country' is present

2022-02-11 23:03:07 - [TEST_STEP][PASSED] - verifyElementVisible(findTestObject(path_SaleKB + "input__zip")): Object 'Object Repository/AdminSuiteBootstrap_Pages/VT_Bootstrap/SaleKeyboard/input__zip' is visible

2022-02-11 23:03:08 - [MESSAGE][PASSED] - Object 'Object Repository/AdminSuiteBootstrap_Pages/VT_Bootstrap/SaleKeyboard/input__zip' is visible

2022-02-11 23:03:08 - [TEST_STEP][PASSED] - verifyElementPresent(findTestObject(path_SaleKB + "input__zip"), 30): Object 'Object Repository/AdminSuiteBootstrap_Pages/VT_Bootstrap/SaleKeyboard/input__zip' is present

2022-02-11 23:03:08 - [MESSAGE][PASSED] - Object 'Object Repository/AdminSuiteBootstrap_Pages/VT_Bootstrap/SaleKeyboard/input__zip' is present

2022-02-11 23:03:08 - [TEST_STEP][PASSED] - verifyElementVisible(findTestObject(path_SaleKB + "input__city")): Object 'Object Repository/AdminSuiteBootstrap_Pages/VT_Bootstrap/SaleKeyboard/input__city' is visible

2022-02-11 23:03:08 - [MESSAGE][PASSED] - Object 'Object Repository/AdminSuiteBootstrap_Pages/VT_Bootstrap/SaleKeyboard/input__city' is visible

2022-02-11 23:03:08 - [TEST_STEP][PASSED] - verifyElementPresent(findTestObject(path_SaleKB + "input__city"), 30): Object 'Object Repository/AdminSuiteBootstrap_Pages/VT_Bootstrap/SaleKeyboard/input__city' is present

2022-02-11 23:03:09 - [MESSAGE][PASSED] - Object 'Object Repository/AdminSuiteBootstrap_Pages/VT_Bootstrap/SaleKeyboard/input__city' is present

2022-02-11 23:03:09 - [TEST_STEP][PASSED] - verifyElementVisible(findTestObject(path_SaleKB + "select_State")): Object 'Object Repository/AdminSuiteBootstrap_Pages/VT_Bootstrap/SaleKeyboard/select_State' is visible

2022-02-11 23:03:09 - [MESSAGE][PASSED] - Object 'Object Repository/AdminSuiteBootstrap_Pages/VT_Bootstrap/SaleKeyboard/select_State' is visible

2022-02-11 23:03:09 - [TEST_STEP][PASSED] - verifyElementPresent(findTestObject(path_SaleKB + "select_State"), 30): Object 'Object Repository/AdminSuiteBootstrap_Pages/VT_Bootstrap/SaleKeyboard/select_State' is present

2022-02-11 23:03:09 - [MESSAGE][PASSED] - Object 'Object Repository/AdminSuiteBootstrap_Pages/VT_Bootstrap/SaleKeyboard/select_State' is present

2022-02-11 23:03:09 - [TEST_STEP][PASSED] - verifyElementVisible(findTestObject(path_SaleKB + "input_emailAddress")): Object 'Object Repository/AdminSuiteBootstrap_Pages/VT_Bootstrap/SaleKeyboard/input_emailAddress' is visible

2022-02-11 23:03:10 - [MESSAGE][PASSED] - Object 'Object Repository/AdminSuiteBootstrap_Pages/VT_Bootstrap/SaleKeyboard/input_emailAddress' is visible

2022-02-11 23:03:10 - [TEST_STEP][PASSED] - verifyElementPresent(findTestObject(path_SaleKB + "input_emailAddress"), 30): Object 'Object Repository/AdminSuiteBootstrap_Pages/VT_Bootstrap/SaleKeyboard/input_emailAddress' is present

2022-02-11 23:03:10 - [MESSAGE][PASSED] - Object 'Object Repository/AdminSuiteBootstrap_Pages/VT_Bootstrap/SaleKeyboard/input_emailAddress' is present

2022-02-11 23:03:10 - [TEST_STEP][PASSED] - verifyElementVisible(findTestObject(path_SaleKB + "input_smsNumber")): Object 'Object Repository/AdminSuiteBootstrap_Pages/VT_Bootstrap/SaleKeyboard/input_smsNumber' is visible

2022-02-11 23:03:10 - [MESSAGE][PASSED] - Object 'Object Repository/AdminSuiteBootstrap_Pages/VT_Bootstrap/SaleKeyboard/input_smsNumber' is visible

2022-02-11 23:03:10 - [TEST_STEP][PASSED] - verifyElementPresent(findTestObject(path_SaleKB + "input_smsNumber"), 30): Object 'Object Repository/AdminSuiteBootstrap_Pages/VT_Bootstrap/SaleKeyboard/input_smsNumber' is present

2022-02-11 23:03:11 - [MESSAGE][PASSED] - Object 'Object Repository/AdminSuiteBootstrap_Pages/VT_Bootstrap/SaleKeyboard/input_smsNumber' is present

2022-02-11 23:03:11 - [TEST_STEP][PASSED] - verifyElementVisible(findTestObject(path_SaleKB + "input_amount")): Object 'Object Repository/AdminSuiteBootstrap_Pages/VT_Bootstrap/SaleKeyboard/input_amount' is visible

2022-02-11 23:03:11 - [MESSAGE][PASSED] - Object 'Object Repository/AdminSuiteBootstrap_Pages/VT_Bootstrap/SaleKeyboard/input_amount' is visible

2022-02-11 23:03:11 - [TEST_STEP][PASSED] - verifyElementPresent(findTestObject(path_SaleKB + "input_amount"), 30): Object 'Object Repository/AdminSuiteBootstrap_Pages/VT_Bootstrap/SaleKeyboard/input_amount' is present

2022-02-11 23:03:11 - [MESSAGE][PASSED] - Object 'Object Repository/AdminSuiteBootstrap_Pages/VT_Bootstrap/SaleKeyboard/input_amount' is present

2022-02-11 23:03:11 - [TEST_STEP][PASSED] - verifyElementVisible(findTestObject(path_SaleKB + "input_convenienceFee")): Object 'Object Repository/AdminSuiteBootstrap_Pages/VT_Bootstrap/SaleKeyboard/input_convenienceFee' is visible

2022-02-11 23:03:12 - [MESSAGE][PASSED] - Object 'Object Repository/AdminSuiteBootstrap_Pages/VT_Bootstrap/SaleKeyboard/input_convenienceFee' is visible

2022-02-11 23:03:12 - [TEST_STEP][PASSED] - verifyElementPresent(findTestObject(path_SaleKB + "input_convenienceFee"), 30): Object 'Object Repository/AdminSuiteBootstrap_Pages/VT_Bootstrap/SaleKeyboard/input_convenienceFee' is present

2022-02-11 23:03:12 - [MESSAGE][PASSED] - Object 'Object Repository/AdminSuiteBootstrap_Pages/VT_Bootstrap/SaleKeyboard/input_convenienceFee' is present

2022-02-11 23:03:12 - [TEST_STEP][PASSED] - verifyElementVisible(findTestObject(path_SaleKB + "input_convenienceFeeType")): Object 'Object Repository/AdminSuiteBootstrap_Pages/VT_Bootstrap/SaleKeyboard/input_convenienceFeeType' is visible

2022-02-11 23:03:12 - [MESSAGE][PASSED] - Object 'Object Repository/AdminSuiteBootstrap_Pages/VT_Bootstrap/SaleKeyboard/input_convenienceFeeType' is visible

2022-02-11 23:03:12 - [TEST_STEP][PASSED] - verifyElementPresent(findTestObject(path_SaleKB + "input_convenienceFeeType"), 30): Object 'Object Repository/AdminSuiteBootstrap_Pages/VT_Bootstrap/SaleKeyboard/input_convenienceFeeType' is present

2022-02-11 23:03:13 - [MESSAGE][PASSED] - Object 'Object Repository/AdminSuiteBootstrap_Pages/VT_Bootstrap/SaleKeyboard/input_convenienceFeeType' is present

2022-02-11 23:03:13 - [TEST_STEP][PASSED] - verifyElementVisible(findTestObject(path_SaleKB + "input_totalAmount")): Object 'Object Repository/AdminSuiteBootstrap_Pages/VT_Bootstrap/SaleKeyboard/input_totalAmount' is visible

2022-02-11 23:03:13 - [MESSAGE][PASSED] - Object 'Object Repository/AdminSuiteBootstrap_Pages/VT_Bootstrap/SaleKeyboard/input_totalAmount' is visible

2022-02-11 23:03:13 - [TEST_STEP][PASSED] - verifyElementPresent(findTestObject(path_SaleKB + "input_totalAmount"), 30): Object 'Object Repository/AdminSuiteBootstrap_Pages/VT_Bootstrap/SaleKeyboard/input_totalAmount' is present

2022-02-11 23:03:13 - [MESSAGE][PASSED] - Object 'Object Repository/AdminSuiteBootstrap_Pages/VT_Bootstrap/SaleKeyboard/input_totalAmount' is present

2022-02-11 23:03:13 - [TEST_STEP][PASSED] - verifyElementVisible(findTestObject(path_SaleKB + "input_userDefined1")): Object 'Object Repository/AdminSuiteBootstrap_Pages/VT_Bootstrap/SaleKeyboard/input_userDefined1' is visible

2022-02-11 23:03:14 - [MESSAGE][PASSED] - Object 'Object Repository/AdminSuiteBootstrap_Pages/VT_Bootstrap/SaleKeyboard/input_userDefined1' is visible

2022-02-11 23:03:14 - [TEST_STEP][PASSED] - verifyElementPresent(findTestObject(path_SaleKB + "input_userDefined1"), 30): Object 'Object Repository/AdminSuiteBootstrap_Pages/VT_Bootstrap/SaleKeyboard/input_userDefined1' is present

2022-02-11 23:03:14 - [MESSAGE][PASSED] - Object 'Object Repository/AdminSuiteBootstrap_Pages/VT_Bootstrap/SaleKeyboard/input_userDefined1' is present

2022-02-11 23:03:14 - [TEST_STEP][PASSED] - verifyElementVisible(findTestObject(path_SaleKB + "input_userDefined2")): Object 'Object Repository/AdminSuiteBootstrap_Pages/VT_Bootstrap/SaleKeyboard/input_userDefined2' is visible

2022-02-11 23:03:14 - [MESSAGE][PASSED] - Object 'Object Repository/AdminSuiteBootstrap_Pages/VT_Bootstrap/SaleKeyboard/input_userDefined2' is visible

2022-02-11 23:03:14 - [TEST_STEP][PASSED] - verifyElementPresent(findTestObject(path_SaleKB + "input_userDefined2"), 30): Object 'Object Repository/AdminSuiteBootstrap_Pages/VT_Bootstrap/SaleKeyboard/input_userDefined2' is present

2022-02-11 23:03:15 - [MESSAGE][PASSED] - Object 'Object Repository/AdminSuiteBootstrap_Pages/VT_Bootstrap/SaleKeyboard/input_userDefined2' is present

2022-02-11 23:03:15 - [TEST_STEP][PASSED] - verifyElementVisible(findTestObject(path_SaleKB + "input_userDefined3")): Object 'Object Repository/AdminSuiteBootstrap_Pages/VT_Bootstrap/SaleKeyboard/input_userDefined3' is visible

2022-02-11 23:03:15 - [MESSAGE][PASSED] - Object 'Object Repository/AdminSuiteBootstrap_Pages/VT_Bootstrap/SaleKeyboard/input_userDefined3' is visible

2022-02-11 23:03:15 - [TEST_STEP][PASSED] - verifyElementPresent(findTestObject(path_SaleKB + "input_userDefined3"), 30): Object 'Object Repository/AdminSuiteBootstrap_Pages/VT_Bootstrap/SaleKeyboard/input_userDefined3' is present

2022-02-11 23:03:15 - [MESSAGE][PASSED] - Object 'Object Repository/AdminSuiteBootstrap_Pages/VT_Bootstrap/SaleKeyboard/input_userDefined3' is present

2022-02-11 23:03:15 - [TEST_STEP][PASSED] - verifyElementVisible(findTestObject(path_SaleKB + "input_userDefined4")): Object 'Object Repository/AdminSuiteBootstrap_Pages/VT_Bootstrap/SaleKeyboard/input_userDefined4' is visible

2022-02-11 23:03:16 - [MESSAGE][PASSED] - Object 'Object Repository/AdminSuiteBootstrap_Pages/VT_Bootstrap/SaleKeyboard/input_userDefined4' is visible

2022-02-11 23:03:16 - [TEST_STEP][PASSED] - verifyElementPresent(findTestObject(path_SaleKB + "input_userDefined4"), 30): Object 'Object Repository/AdminSuiteBootstrap_Pages/VT_Bootstrap/SaleKeyboard/input_userDefined4' is present

2022-02-11 23:03:16 - [MESSAGE][PASSED] - Object 'Object Repository/AdminSuiteBootstrap_Pages/VT_Bootstrap/SaleKeyboard/input_userDefined4' is present

2022-02-11 23:03:16 - [TEST_STEP][PASSED] - verifyElementVisible(findTestObject(path_SaleKB + "select_UDF5_DropDown")): Object 'Object Repository/AdminSuiteBootstrap_Pages/VT_Bootstrap/SaleKeyboard/select_UDF5_DropDown' is visible

2022-02-11 23:03:16 - [MESSAGE][PASSED] - Object 'Object Repository/AdminSuiteBootstrap_Pages/VT_Bootstrap/SaleKeyboard/select_UDF5_DropDown' is visible

2022-02-11 23:03:16 - [TEST_STEP][PASSED] - verifyElementPresent(findTestObject(path_SaleKB + "select_UDF5_DropDown"), 30): Object 'Object Repository/AdminSuiteBootstrap_Pages/VT_Bootstrap/SaleKeyboard/select_UDF5_DropDown' is present

2022-02-11 23:03:17 - [MESSAGE][PASSED] - Object 'Object Repository/AdminSuiteBootstrap_Pages/VT_Bootstrap/SaleKeyboard/select_UDF5_DropDown' is present

2022-02-11 23:03:17 - [TEST_STEP][PASSED] - verifyElementVisible(findTestObject(path_SaleKB + "select_UDF6_DropDown")): Object 'Object Repository/AdminSuiteBootstrap_Pages/VT_Bootstrap/SaleKeyboard/select_UDF6_DropDown' is visible

2022-02-11 23:03:17 - [MESSAGE][PASSED] - Object 'Object Repository/AdminSuiteBootstrap_Pages/VT_Bootstrap/SaleKeyboard/select_UDF6_DropDown' is visible

2022-02-11 23:03:17 - [TEST_STEP][PASSED] - verifyElementPresent(findTestObject(path_SaleKB + "select_UDF6_DropDown"), 30): Object 'Object Repository/AdminSuiteBootstrap_Pages/VT_Bootstrap/SaleKeyboard/select_UDF6_DropDown' is present

2022-02-11 23:03:17 - [MESSAGE][PASSED] - Object 'Object Repository/AdminSuiteBootstrap_Pages/VT_Bootstrap/SaleKeyboard/select_UDF6_DropDown' is present

2022-02-11 23:03:17 - [TEST_STEP][PASSED] - verifyElementVisible(findTestObject(path_SaleKB + "input_userDefined7")): Object 'Object Repository/AdminSuiteBootstrap_Pages/VT_Bootstrap/SaleKeyboard/input_userDefined7' is visible

2022-02-11 23:03:18 - [MESSAGE][PASSED] - Object 'Object Repository/AdminSuiteBootstrap_Pages/VT_Bootstrap/SaleKeyboard/input_userDefined7' is visible

2022-02-11 23:03:18 - [TEST_STEP][PASSED] - verifyElementPresent(findTestObject(path_SaleKB + "input_userDefined7"), 30): Object 'Object Repository/AdminSuiteBootstrap_Pages/VT_Bootstrap/SaleKeyboard/input_userDefined7' is present

2022-02-11 23:03:18 - [MESSAGE][PASSED] - Object 'Object Repository/AdminSuiteBootstrap_Pages/VT_Bootstrap/SaleKeyboard/input_userDefined7' is present

2022-02-11 23:03:18 - [TEST_STEP][PASSED] - verifyElementVisible(findTestObject(path_SaleKB + "input_userDefined8")): Object 'Object Repository/AdminSuiteBootstrap_Pages/VT_Bootstrap/SaleKeyboard/input_userDefined8' is visible

2022-02-11 23:03:18 - [MESSAGE][PASSED] - Object 'Object Repository/AdminSuiteBootstrap_Pages/VT_Bootstrap/SaleKeyboard/input_userDefined8' is visible

2022-02-11 23:03:18 - [TEST_STEP][PASSED] - verifyElementPresent(findTestObject(path_SaleKB + "input_userDefined8"), 30): Object 'Object Repository/AdminSuiteBootstrap_Pages/VT_Bootstrap/SaleKeyboard/input_userDefined8' is present

2022-02-11 23:03:19 - [MESSAGE][PASSED] - Object 'Object Repository/AdminSuiteBootstrap_Pages/VT_Bootstrap/SaleKeyboard/input_userDefined8' is present

2022-02-11 23:03:19 - [TEST_STEP][PASSED] - verifyElementVisible(findTestObject(path_SaleKB + "input_userDefined9")): Object 'Object Repository/AdminSuiteBootstrap_Pages/VT_Bootstrap/SaleKeyboard/input_userDefined9' is visible

2022-02-11 23:03:19 - [MESSAGE][PASSED] - Object 'Object Repository/AdminSuiteBootstrap_Pages/VT_Bootstrap/SaleKeyboard/input_userDefined9' is visible

2022-02-11 23:03:19 - [TEST_STEP][PASSED] - verifyElementPresent(findTestObject(path_SaleKB + "input_userDefined9"), 30): Object 'Object Repository/AdminSuiteBootstrap_Pages/VT_Bootstrap/SaleKeyboard/input_userDefined9' is present

2022-02-11 23:03:19 - [MESSAGE][PASSED] - Object 'Object Repository/AdminSuiteBootstrap_Pages/VT_Bootstrap/SaleKeyboard/input_userDefined9' is present

2022-02-11 23:03:19 - [TEST_STEP][PASSED] - verifyElementVisible(findTestObject(path_SaleKB + "input_userDefined10")): Object 'Object Repository/AdminSuiteBootstrap_Pages/VT_Bootstrap/SaleKeyboard/input_userDefined10' is visible

2022-02-11 23:03:20 - [MESSAGE][PASSED] - Object 'Object Repository/AdminSuiteBootstrap_Pages/VT_Bootstrap/SaleKeyboard/input_userDefined10' is visible

2022-02-11 23:03:20 - [TEST_STEP][PASSED] - verifyElementPresent(findTestObject(path_SaleKB + "input_userDefined10"), 30): Object 'Object Repository/AdminSuiteBootstrap_Pages/VT_Bootstrap/SaleKeyboard/input_userDefined10' is present

2022-02-11 23:03:20 - [MESSAGE][PASSED] - Object 'Object Repository/AdminSuiteBootstrap_Pages/VT_Bootstrap/SaleKeyboard/input_userDefined10' is present

2022-02-11 23:03:20 - [TEST_STEP][PASSED] - verifyElementVisible(findTestObject(path_SaleKB + "button_Submit")): Object 'Object Repository/AdminSuiteBootstrap_Pages/VT_Bootstrap/SaleKeyboard/button_Submit' is visible

2022-02-11 23:03:20 - [MESSAGE][PASSED] - Object 'Object Repository/AdminSuiteBootstrap_Pages/VT_Bootstrap/SaleKeyboard/button_Submit' is visible

2022-02-11 23:03:20 - [TEST_STEP][PASSED] - verifyElementPresent(findTestObject(path_SaleKB + "button_Submit"), 30): Object 'Object Repository/AdminSuiteBootstrap_Pages/VT_Bootstrap/SaleKeyboard/button_Submit' is present

2022-02-11 23:03:21 - [MESSAGE][PASSED] - Object 'Object Repository/AdminSuiteBootstrap_Pages/VT_Bootstrap/SaleKeyboard/button_Submit' is present

2022-02-11 23:03:21 - [TEST_STEP][PASSED] - verifyElementVisible(findTestObject(path_SaleKB + "button_Reset")): Object 'Object Repository/AdminSuiteBootstrap_Pages/VT_Bootstrap/SaleKeyboard/button_Reset' is visible

2022-02-11 23:03:21 - [MESSAGE][PASSED] - Object 'Object Repository/AdminSuiteBootstrap_Pages/VT_Bootstrap/SaleKeyboard/button_Reset' is visible

2022-02-11 23:03:21 - [TEST_STEP][PASSED] - verifyElementPresent(findTestObject(path_SaleKB + "button_Reset"), 30): Object 'Object Repository/AdminSuiteBootstrap_Pages/VT_Bootstrap/SaleKeyboard/button_Reset' is present

2022-02-11 23:03:21 - [MESSAGE][PASSED] - Object 'Object Repository/AdminSuiteBootstrap_Pages/VT_Bootstrap/SaleKeyboard/button_Reset' is present]]></system-out>
         <system-err><![CDATA[]]></system-err>
      </testcase>
      <testcase name="Test Cases/Admin Suite Bootstrap/VT_TestCases/VerifyAuthOnlyKeyboard_UI_1_TC" time="36.866" classname="Test Cases/Admin Suite Bootstrap/VT_TestCases/VerifyAuthOnlyKeyboard_UI_1_TC" status="PASSED">
         <system-out><![CDATA[2022-02-11 23:03:21 - [TEST_CASE][PASSED] - Test Cases/Admin Suite Bootstrap/VT_TestCases/VerifyAuthOnlyKeyboard_UI_1_TC: Test Cases/Admin Suite Bootstrap/VT_TestCases/VerifyAuthOnlyKeyboard_UI_1_TC

2022-02-11 23:03:22 - [TEST_STEP][PASSED] - path_Dashboard = "Object Repository/AdminSuiteBootstrap_Pages/Dashboard_Bootstrap/": null

2022-02-11 23:03:22 - [TEST_STEP][PASSED] - path_VT = "Object Repository/AdminSuiteBootstrap_Pages/VT_Bootstrap/IssueTransactions/": null

2022-02-11 23:03:22 - [TEST_STEP][PASSED] - path_SaleKB = "Object Repository/AdminSuiteBootstrap_Pages/VT_Bootstrap/SaleKeyboard/": null

2022-02-11 23:03:22 - [TEST_STEP][PASSED] - appliID = "238": null

2022-02-11 23:03:22 - [TEST_STEP][PASSED] - li_1 = "/admin/imtiaz/bootstrap/vpos/": null

2022-02-11 23:03:22 - [TEST_STEP][PASSED] - li_2 = "/transactions/AuthOnlyForm/": null

2022-02-11 23:03:22 - [TEST_STEP][PASSED] - hrefAppID = li_1 + appliID + li_2: null

2022-02-11 23:03:22 - [TEST_STEP][PASSED] - out.println("hrefID is : " + hrefAppID): null

2022-02-11 23:03:22 - [TEST_STEP][PASSED] - adminSuiteBootstrap.loginFunctionality.login_AdminSuite(): adminSuiteBootstrap.loginFunctionality.login_AdminSuite is PASSED

2022-02-11 23:03:22 - [MESSAGE][WARNING] - A browser is already opened. Closing browser and opening a new one

2022-02-11 23:03:23 - [MESSAGE][INFO] - Starting 'Chrome' driver

2022-02-11 23:03:23 - [MESSAGE][INFO] - User set preference: ['acceptInsecureCerts', 'true']

2022-02-11 23:03:23 - [MESSAGE][INFO] - Action delay is set to 0 milliseconds

2022-02-11 23:03:26 - [MESSAGE][PASSED] - Browser is opened with url: 'https://qa.velocitypayment.com/admin/imtiaz'

2022-02-11 23:03:26 - [MESSAGE][PASSED] - Current window maximized

2022-02-11 23:03:26 - [MESSAGE][PASSED] - Object 'Object Repository/Login_Page/Login_Username' is present

2022-02-11 23:03:27 - [MESSAGE][PASSED] - Text 'iahmed' is set on object 'Object Repository/Login_Page/Login_Username'

2022-02-11 23:03:28 - [MESSAGE][PASSED] - Text 'hello2222' is set on object 'Object Repository/Login_Page/Login_Password'

2022-02-11 23:03:32 - [MESSAGE][PASSED] - Object: 'Object Repository/Login_Page/Login_Submit' is clicked on

2022-02-11 23:03:32 - [MESSAGE][PASSED] - adminSuiteBootstrap.loginFunctionality.login_AdminSuite is PASSED

2022-02-11 23:03:32 - [TEST_STEP][PASSED] - click(findTestObject(path_Dashboard + "span_Payment")): Object: 'Object Repository/AdminSuiteBootstrap_Pages/Dashboard_Bootstrap/span_Payment' is clicked on

2022-02-11 23:03:33 - [MESSAGE][PASSED] - Object: 'Object Repository/AdminSuiteBootstrap_Pages/Dashboard_Bootstrap/span_Payment' is clicked on

2022-02-11 23:03:33 - [TEST_STEP][PASSED] - click(findTestObject(path_Dashboard + "a_HelloWorld3")): Object: 'Object Repository/AdminSuiteBootstrap_Pages/Dashboard_Bootstrap/a_HelloWorld3' is clicked on

2022-02-11 23:03:34 - [MESSAGE][PASSED] - Object: 'Object Repository/AdminSuiteBootstrap_Pages/Dashboard_Bootstrap/a_HelloWorld3' is clicked on

2022-02-11 23:03:34 - [TEST_STEP][PASSED] - click(findTestObject(path_VT + "button_Authorization Only")): Object: 'Object Repository/AdminSuiteBootstrap_Pages/VT_Bootstrap/IssueTransactions/button_Authorization Only' is clicked on

2022-02-11 23:03:35 - [MESSAGE][PASSED] - Object: 'Object Repository/AdminSuiteBootstrap_Pages/VT_Bootstrap/IssueTransactions/button_Authorization Only' is clicked on

2022-02-11 23:03:35 - [TEST_STEP][PASSED] - authOnlyKeyboardEntryLink = modifyObjectProperty(findTestObject(path_VT + "a_KeyboardEntry_Sale"), "href", "equals", hrefAppID, true): Modify property of object successfully

2022-02-11 23:03:35 - [MESSAGE][PASSED] - Modify property of object successfully

2022-02-11 23:03:35 - [TEST_STEP][PASSED] - click(authOnlyKeyboardEntryLink): Object: 'Object Repository/AdminSuiteBootstrap_Pages/VT_Bootstrap/IssueTransactions/a_KeyboardEntry_Sale' is clicked on

2022-02-11 23:03:36 - [MESSAGE][PASSED] - Object: 'Object Repository/AdminSuiteBootstrap_Pages/VT_Bootstrap/IssueTransactions/a_KeyboardEntry_Sale' is clicked on

2022-02-11 23:03:36 - [TEST_STEP][PASSED] - verifyTextPresent("Issue Transactions", true): Text 'Issue Transactions' is present on page  using regular expression

2022-02-11 23:03:37 - [MESSAGE][PASSED] - Text 'Issue Transactions' is present on page  using regular expression

2022-02-11 23:03:37 - [TEST_STEP][PASSED] - verifyTextPresent("Credit Card Authorization", true): Text 'Credit Card Authorization' is present on page  using regular expression

2022-02-11 23:03:38 - [MESSAGE][PASSED] - Text 'Credit Card Authorization' is present on page  using regular expression

2022-02-11 23:03:38 - [TEST_STEP][PASSED] - verifyTextPresent("Required fields are highlighted with an asterisk", true): Text 'Required fields are highlighted with an asterisk' is present on page  using regular expression

2022-02-11 23:03:38 - [MESSAGE][PASSED] - Text 'Required fields are highlighted with an asterisk' is present on page  using regular expression

2022-02-11 23:03:38 - [TEST_STEP][PASSED] - verifyTextPresent("Remittance ID", true): Text 'Remittance ID' is present on page  using regular expression

2022-02-11 23:03:38 - [MESSAGE][PASSED] - Text 'Remittance ID' is present on page  using regular expression

2022-02-11 23:03:38 - [TEST_STEP][PASSED] - verifyTextPresent("Bill/Invoice Information", true): Text 'Bill/Invoice Information' is present on page  using regular expression

2022-02-11 23:03:39 - [MESSAGE][PASSED] - Text 'Bill/Invoice Information' is present on page  using regular expression

2022-02-11 23:03:39 - [TEST_STEP][PASSED] - verifyTextPresent("Application: Hello World3", true): Text 'Application: Hello World3' is present on page  using regular expression

2022-02-11 23:03:39 - [MESSAGE][PASSED] - Text 'Application: Hello World3' is present on page  using regular expression

2022-02-11 23:03:39 - [TEST_STEP][PASSED] - verifyElementVisible(findTestObject(path_SaleKB + "input_cardName")): Object 'Object Repository/AdminSuiteBootstrap_Pages/VT_Bootstrap/SaleKeyboard/input_cardName' is visible

2022-02-11 23:03:40 - [MESSAGE][PASSED] - Object 'Object Repository/AdminSuiteBootstrap_Pages/VT_Bootstrap/SaleKeyboard/input_cardName' is visible

2022-02-11 23:03:40 - [TEST_STEP][PASSED] - verifyElementPresent(findTestObject(path_SaleKB + "input_cardName"), 30): Object 'Object Repository/AdminSuiteBootstrap_Pages/VT_Bootstrap/SaleKeyboard/input_cardName' is present

2022-02-11 23:03:40 - [MESSAGE][PASSED] - Object 'Object Repository/AdminSuiteBootstrap_Pages/VT_Bootstrap/SaleKeyboard/input_cardName' is present

2022-02-11 23:03:40 - [TEST_STEP][PASSED] - verifyElementVisible(findTestObject(path_SaleKB + "select_transactionCategory")): Object 'Object Repository/AdminSuiteBootstrap_Pages/VT_Bootstrap/SaleKeyboard/select_transactionCategory' is visible

2022-02-11 23:03:40 - [MESSAGE][PASSED] - Object 'Object Repository/AdminSuiteBootstrap_Pages/VT_Bootstrap/SaleKeyboard/select_transactionCategory' is visible

2022-02-11 23:03:40 - [TEST_STEP][PASSED] - verifyElementPresent(findTestObject(path_SaleKB + "select_transactionCategory"), 30): Object 'Object Repository/AdminSuiteBootstrap_Pages/VT_Bootstrap/SaleKeyboard/select_transactionCategory' is present

2022-02-11 23:03:40 - [MESSAGE][PASSED] - Object 'Object Repository/AdminSuiteBootstrap_Pages/VT_Bootstrap/SaleKeyboard/select_transactionCategory' is present

2022-02-11 23:03:40 - [TEST_STEP][PASSED] - verifyElementPresent(findTestObject(path_SaleKB + "input__cardNumber"), 30): Object 'Object Repository/AdminSuiteBootstrap_Pages/VT_Bootstrap/SaleKeyboard/input__cardNumber' is present

2022-02-11 23:03:41 - [MESSAGE][PASSED] - Object 'Object Repository/AdminSuiteBootstrap_Pages/VT_Bootstrap/SaleKeyboard/input__cardNumber' is present

2022-02-11 23:03:41 - [TEST_STEP][PASSED] - verifyElementPresent(findTestObject(path_SaleKB + "input__cvv"), 30): Object 'Object Repository/AdminSuiteBootstrap_Pages/VT_Bootstrap/SaleKeyboard/input__cvv' is present

2022-02-11 23:03:41 - [MESSAGE][PASSED] - Object 'Object Repository/AdminSuiteBootstrap_Pages/VT_Bootstrap/SaleKeyboard/input__cvv' is present

2022-02-11 23:03:41 - [TEST_STEP][PASSED] - verifyElementVisible(findTestObject(path_SaleKB + "select_MM")): Object 'Object Repository/AdminSuiteBootstrap_Pages/VT_Bootstrap/SaleKeyboard/select_MM' is visible

2022-02-11 23:03:41 - [MESSAGE][PASSED] - Object 'Object Repository/AdminSuiteBootstrap_Pages/VT_Bootstrap/SaleKeyboard/select_MM' is visible

2022-02-11 23:03:41 - [TEST_STEP][PASSED] - verifyElementPresent(findTestObject(path_SaleKB + "select_MM"), 30): Object 'Object Repository/AdminSuiteBootstrap_Pages/VT_Bootstrap/SaleKeyboard/select_MM' is present

2022-02-11 23:03:42 - [MESSAGE][PASSED] - Object 'Object Repository/AdminSuiteBootstrap_Pages/VT_Bootstrap/SaleKeyboard/select_MM' is present

2022-02-11 23:03:42 - [TEST_STEP][PASSED] - verifyElementVisible(findTestObject(path_SaleKB + "select_YYYY")): Object 'Object Repository/AdminSuiteBootstrap_Pages/VT_Bootstrap/SaleKeyboard/select_YYYY' is visible

2022-02-11 23:03:42 - [MESSAGE][PASSED] - Object 'Object Repository/AdminSuiteBootstrap_Pages/VT_Bootstrap/SaleKeyboard/select_YYYY' is visible

2022-02-11 23:03:42 - [TEST_STEP][PASSED] - verifyElementPresent(findTestObject(path_SaleKB + "select_YYYY"), 30): Object 'Object Repository/AdminSuiteBootstrap_Pages/VT_Bootstrap/SaleKeyboard/select_YYYY' is present

2022-02-11 23:03:42 - [MESSAGE][PASSED] - Object 'Object Repository/AdminSuiteBootstrap_Pages/VT_Bootstrap/SaleKeyboard/select_YYYY' is present

2022-02-11 23:03:42 - [TEST_STEP][PASSED] - verifyElementVisible(findTestObject(path_SaleKB + "input__address")): Object 'Object Repository/AdminSuiteBootstrap_Pages/VT_Bootstrap/SaleKeyboard/input__address' is visible

2022-02-11 23:03:43 - [MESSAGE][PASSED] - Object 'Object Repository/AdminSuiteBootstrap_Pages/VT_Bootstrap/SaleKeyboard/input__address' is visible

2022-02-11 23:03:43 - [TEST_STEP][PASSED] - verifyElementPresent(findTestObject(path_SaleKB + "input__address"), 30): Object 'Object Repository/AdminSuiteBootstrap_Pages/VT_Bootstrap/SaleKeyboard/input__address' is present

2022-02-11 23:03:43 - [MESSAGE][PASSED] - Object 'Object Repository/AdminSuiteBootstrap_Pages/VT_Bootstrap/SaleKeyboard/input__address' is present

2022-02-11 23:03:43 - [TEST_STEP][PASSED] - verifyElementVisible(findTestObject(path_SaleKB + "input__address2")): Object 'Object Repository/AdminSuiteBootstrap_Pages/VT_Bootstrap/SaleKeyboard/input__address2' is visible

2022-02-11 23:03:43 - [MESSAGE][PASSED] - Object 'Object Repository/AdminSuiteBootstrap_Pages/VT_Bootstrap/SaleKeyboard/input__address2' is visible

2022-02-11 23:03:43 - [TEST_STEP][PASSED] - verifyElementPresent(findTestObject(path_SaleKB + "input__address2"), 30): Object 'Object Repository/AdminSuiteBootstrap_Pages/VT_Bootstrap/SaleKeyboard/input__address2' is present

2022-02-11 23:03:44 - [MESSAGE][PASSED] - Object 'Object Repository/AdminSuiteBootstrap_Pages/VT_Bootstrap/SaleKeyboard/input__address2' is present

2022-02-11 23:03:44 - [TEST_STEP][PASSED] - verifyElementVisible(findTestObject(path_SaleKB + "select_Country")): Object 'Object Repository/AdminSuiteBootstrap_Pages/VT_Bootstrap/SaleKeyboard/select_Country' is visible

2022-02-11 23:03:44 - [MESSAGE][PASSED] - Object 'Object Repository/AdminSuiteBootstrap_Pages/VT_Bootstrap/SaleKeyboard/select_Country' is visible

2022-02-11 23:03:44 - [TEST_STEP][PASSED] - verifyElementPresent(findTestObject(path_SaleKB + "select_Country"), 30): Object 'Object Repository/AdminSuiteBootstrap_Pages/VT_Bootstrap/SaleKeyboard/select_Country' is present

2022-02-11 23:03:44 - [MESSAGE][PASSED] - Object 'Object Repository/AdminSuiteBootstrap_Pages/VT_Bootstrap/SaleKeyboard/select_Country' is present

2022-02-11 23:03:44 - [TEST_STEP][PASSED] - verifyElementVisible(findTestObject(path_SaleKB + "input__zip")): Object 'Object Repository/AdminSuiteBootstrap_Pages/VT_Bootstrap/SaleKeyboard/input__zip' is visible

2022-02-11 23:03:45 - [MESSAGE][PASSED] - Object 'Object Repository/AdminSuiteBootstrap_Pages/VT_Bootstrap/SaleKeyboard/input__zip' is visible

2022-02-11 23:03:45 - [TEST_STEP][PASSED] - verifyElementPresent(findTestObject(path_SaleKB + "input__zip"), 30): Object 'Object Repository/AdminSuiteBootstrap_Pages/VT_Bootstrap/SaleKeyboard/input__zip' is present

2022-02-11 23:03:45 - [MESSAGE][PASSED] - Object 'Object Repository/AdminSuiteBootstrap_Pages/VT_Bootstrap/SaleKeyboard/input__zip' is present

2022-02-11 23:03:45 - [TEST_STEP][PASSED] - verifyElementVisible(findTestObject(path_SaleKB + "input__city")): Object 'Object Repository/AdminSuiteBootstrap_Pages/VT_Bootstrap/SaleKeyboard/input__city' is visible

2022-02-11 23:03:45 - [MESSAGE][PASSED] - Object 'Object Repository/AdminSuiteBootstrap_Pages/VT_Bootstrap/SaleKeyboard/input__city' is visible

2022-02-11 23:03:45 - [TEST_STEP][PASSED] - verifyElementPresent(findTestObject(path_SaleKB + "input__city"), 30): Object 'Object Repository/AdminSuiteBootstrap_Pages/VT_Bootstrap/SaleKeyboard/input__city' is present

2022-02-11 23:03:46 - [MESSAGE][PASSED] - Object 'Object Repository/AdminSuiteBootstrap_Pages/VT_Bootstrap/SaleKeyboard/input__city' is present

2022-02-11 23:03:46 - [TEST_STEP][PASSED] - verifyElementVisible(findTestObject(path_SaleKB + "select_State")): Object 'Object Repository/AdminSuiteBootstrap_Pages/VT_Bootstrap/SaleKeyboard/select_State' is visible

2022-02-11 23:03:46 - [MESSAGE][PASSED] - Object 'Object Repository/AdminSuiteBootstrap_Pages/VT_Bootstrap/SaleKeyboard/select_State' is visible

2022-02-11 23:03:46 - [TEST_STEP][PASSED] - verifyElementPresent(findTestObject(path_SaleKB + "select_State"), 30): Object 'Object Repository/AdminSuiteBootstrap_Pages/VT_Bootstrap/SaleKeyboard/select_State' is present

2022-02-11 23:03:46 - [MESSAGE][PASSED] - Object 'Object Repository/AdminSuiteBootstrap_Pages/VT_Bootstrap/SaleKeyboard/select_State' is present

2022-02-11 23:03:46 - [TEST_STEP][PASSED] - verifyElementVisible(findTestObject(path_SaleKB + "input_emailAddress")): Object 'Object Repository/AdminSuiteBootstrap_Pages/VT_Bootstrap/SaleKeyboard/input_emailAddress' is visible

2022-02-11 23:03:47 - [MESSAGE][PASSED] - Object 'Object Repository/AdminSuiteBootstrap_Pages/VT_Bootstrap/SaleKeyboard/input_emailAddress' is visible

2022-02-11 23:03:47 - [TEST_STEP][PASSED] - verifyElementPresent(findTestObject(path_SaleKB + "input_emailAddress"), 30): Object 'Object Repository/AdminSuiteBootstrap_Pages/VT_Bootstrap/SaleKeyboard/input_emailAddress' is present

2022-02-11 23:03:47 - [MESSAGE][PASSED] - Object 'Object Repository/AdminSuiteBootstrap_Pages/VT_Bootstrap/SaleKeyboard/input_emailAddress' is present

2022-02-11 23:03:47 - [TEST_STEP][PASSED] - verifyElementVisible(findTestObject(path_SaleKB + "input_smsNumber")): Object 'Object Repository/AdminSuiteBootstrap_Pages/VT_Bootstrap/SaleKeyboard/input_smsNumber' is visible

2022-02-11 23:03:47 - [MESSAGE][PASSED] - Object 'Object Repository/AdminSuiteBootstrap_Pages/VT_Bootstrap/SaleKeyboard/input_smsNumber' is visible

2022-02-11 23:03:47 - [TEST_STEP][PASSED] - verifyElementPresent(findTestObject(path_SaleKB + "input_smsNumber"), 30): Object 'Object Repository/AdminSuiteBootstrap_Pages/VT_Bootstrap/SaleKeyboard/input_smsNumber' is present

2022-02-11 23:03:48 - [MESSAGE][PASSED] - Object 'Object Repository/AdminSuiteBootstrap_Pages/VT_Bootstrap/SaleKeyboard/input_smsNumber' is present

2022-02-11 23:03:48 - [TEST_STEP][PASSED] - verifyElementVisible(findTestObject(path_SaleKB + "input_amount")): Object 'Object Repository/AdminSuiteBootstrap_Pages/VT_Bootstrap/SaleKeyboard/input_amount' is visible

2022-02-11 23:03:48 - [MESSAGE][PASSED] - Object 'Object Repository/AdminSuiteBootstrap_Pages/VT_Bootstrap/SaleKeyboard/input_amount' is visible

2022-02-11 23:03:48 - [TEST_STEP][PASSED] - verifyElementPresent(findTestObject(path_SaleKB + "input_amount"), 30): Object 'Object Repository/AdminSuiteBootstrap_Pages/VT_Bootstrap/SaleKeyboard/input_amount' is present

2022-02-11 23:03:48 - [MESSAGE][PASSED] - Object 'Object Repository/AdminSuiteBootstrap_Pages/VT_Bootstrap/SaleKeyboard/input_amount' is present

2022-02-11 23:03:48 - [TEST_STEP][PASSED] - verifyElementVisible(findTestObject(path_SaleKB + "input_convenienceFee")): Object 'Object Repository/AdminSuiteBootstrap_Pages/VT_Bootstrap/SaleKeyboard/input_convenienceFee' is visible

2022-02-11 23:03:49 - [MESSAGE][PASSED] - Object 'Object Repository/AdminSuiteBootstrap_Pages/VT_Bootstrap/SaleKeyboard/input_convenienceFee' is visible

2022-02-11 23:03:49 - [TEST_STEP][PASSED] - verifyElementPresent(findTestObject(path_SaleKB + "input_convenienceFee"), 30): Object 'Object Repository/AdminSuiteBootstrap_Pages/VT_Bootstrap/SaleKeyboard/input_convenienceFee' is present

2022-02-11 23:03:49 - [MESSAGE][PASSED] - Object 'Object Repository/AdminSuiteBootstrap_Pages/VT_Bootstrap/SaleKeyboard/input_convenienceFee' is present

2022-02-11 23:03:49 - [TEST_STEP][PASSED] - verifyElementVisible(findTestObject(path_SaleKB + "input_convenienceFeeType")): Object 'Object Repository/AdminSuiteBootstrap_Pages/VT_Bootstrap/SaleKeyboard/input_convenienceFeeType' is visible

2022-02-11 23:03:49 - [MESSAGE][PASSED] - Object 'Object Repository/AdminSuiteBootstrap_Pages/VT_Bootstrap/SaleKeyboard/input_convenienceFeeType' is visible

2022-02-11 23:03:49 - [TEST_STEP][PASSED] - verifyElementPresent(findTestObject(path_SaleKB + "input_convenienceFeeType"), 30): Object 'Object Repository/AdminSuiteBootstrap_Pages/VT_Bootstrap/SaleKeyboard/input_convenienceFeeType' is present

2022-02-11 23:03:50 - [MESSAGE][PASSED] - Object 'Object Repository/AdminSuiteBootstrap_Pages/VT_Bootstrap/SaleKeyboard/input_convenienceFeeType' is present

2022-02-11 23:03:50 - [TEST_STEP][PASSED] - verifyElementVisible(findTestObject(path_SaleKB + "input_totalAmount")): Object 'Object Repository/AdminSuiteBootstrap_Pages/VT_Bootstrap/SaleKeyboard/input_totalAmount' is visible

2022-02-11 23:03:50 - [MESSAGE][PASSED] - Object 'Object Repository/AdminSuiteBootstrap_Pages/VT_Bootstrap/SaleKeyboard/input_totalAmount' is visible

2022-02-11 23:03:50 - [TEST_STEP][PASSED] - verifyElementPresent(findTestObject(path_SaleKB + "input_totalAmount"), 30): Object 'Object Repository/AdminSuiteBootstrap_Pages/VT_Bootstrap/SaleKeyboard/input_totalAmount' is present

2022-02-11 23:03:50 - [MESSAGE][PASSED] - Object 'Object Repository/AdminSuiteBootstrap_Pages/VT_Bootstrap/SaleKeyboard/input_totalAmount' is present

2022-02-11 23:03:50 - [TEST_STEP][PASSED] - verifyElementVisible(findTestObject(path_SaleKB + "input_userDefined1")): Object 'Object Repository/AdminSuiteBootstrap_Pages/VT_Bootstrap/SaleKeyboard/input_userDefined1' is visible

2022-02-11 23:03:51 - [MESSAGE][PASSED] - Object 'Object Repository/AdminSuiteBootstrap_Pages/VT_Bootstrap/SaleKeyboard/input_userDefined1' is visible

2022-02-11 23:03:51 - [TEST_STEP][PASSED] - verifyElementPresent(findTestObject(path_SaleKB + "input_userDefined1"), 30): Object 'Object Repository/AdminSuiteBootstrap_Pages/VT_Bootstrap/SaleKeyboard/input_userDefined1' is present

2022-02-11 23:03:51 - [MESSAGE][PASSED] - Object 'Object Repository/AdminSuiteBootstrap_Pages/VT_Bootstrap/SaleKeyboard/input_userDefined1' is present

2022-02-11 23:03:51 - [TEST_STEP][PASSED] - verifyElementVisible(findTestObject(path_SaleKB + "input_userDefined2")): Object 'Object Repository/AdminSuiteBootstrap_Pages/VT_Bootstrap/SaleKeyboard/input_userDefined2' is visible

2022-02-11 23:03:51 - [MESSAGE][PASSED] - Object 'Object Repository/AdminSuiteBootstrap_Pages/VT_Bootstrap/SaleKeyboard/input_userDefined2' is visible

2022-02-11 23:03:51 - [TEST_STEP][PASSED] - verifyElementPresent(findTestObject(path_SaleKB + "input_userDefined2"), 30): Object 'Object Repository/AdminSuiteBootstrap_Pages/VT_Bootstrap/SaleKeyboard/input_userDefined2' is present

2022-02-11 23:03:52 - [MESSAGE][PASSED] - Object 'Object Repository/AdminSuiteBootstrap_Pages/VT_Bootstrap/SaleKeyboard/input_userDefined2' is present

2022-02-11 23:03:52 - [TEST_STEP][PASSED] - verifyElementVisible(findTestObject(path_SaleKB + "input_userDefined3")): Object 'Object Repository/AdminSuiteBootstrap_Pages/VT_Bootstrap/SaleKeyboard/input_userDefined3' is visible

2022-02-11 23:03:52 - [MESSAGE][PASSED] - Object 'Object Repository/AdminSuiteBootstrap_Pages/VT_Bootstrap/SaleKeyboard/input_userDefined3' is visible

2022-02-11 23:03:52 - [TEST_STEP][PASSED] - verifyElementPresent(findTestObject(path_SaleKB + "input_userDefined3"), 30): Object 'Object Repository/AdminSuiteBootstrap_Pages/VT_Bootstrap/SaleKeyboard/input_userDefined3' is present

2022-02-11 23:03:52 - [MESSAGE][PASSED] - Object 'Object Repository/AdminSuiteBootstrap_Pages/VT_Bootstrap/SaleKeyboard/input_userDefined3' is present

2022-02-11 23:03:52 - [TEST_STEP][PASSED] - verifyElementVisible(findTestObject(path_SaleKB + "input_userDefined4")): Object 'Object Repository/AdminSuiteBootstrap_Pages/VT_Bootstrap/SaleKeyboard/input_userDefined4' is visible

2022-02-11 23:03:53 - [MESSAGE][PASSED] - Object 'Object Repository/AdminSuiteBootstrap_Pages/VT_Bootstrap/SaleKeyboard/input_userDefined4' is visible

2022-02-11 23:03:53 - [TEST_STEP][PASSED] - verifyElementPresent(findTestObject(path_SaleKB + "input_userDefined4"), 30): Object 'Object Repository/AdminSuiteBootstrap_Pages/VT_Bootstrap/SaleKeyboard/input_userDefined4' is present

2022-02-11 23:03:53 - [MESSAGE][PASSED] - Object 'Object Repository/AdminSuiteBootstrap_Pages/VT_Bootstrap/SaleKeyboard/input_userDefined4' is present

2022-02-11 23:03:53 - [TEST_STEP][PASSED] - verifyElementVisible(findTestObject(path_SaleKB + "select_UDF5_DropDown")): Object 'Object Repository/AdminSuiteBootstrap_Pages/VT_Bootstrap/SaleKeyboard/select_UDF5_DropDown' is visible

2022-02-11 23:03:53 - [MESSAGE][PASSED] - Object 'Object Repository/AdminSuiteBootstrap_Pages/VT_Bootstrap/SaleKeyboard/select_UDF5_DropDown' is visible

2022-02-11 23:03:53 - [TEST_STEP][PASSED] - verifyElementPresent(findTestObject(path_SaleKB + "select_UDF5_DropDown"), 30): Object 'Object Repository/AdminSuiteBootstrap_Pages/VT_Bootstrap/SaleKeyboard/select_UDF5_DropDown' is present

2022-02-11 23:03:54 - [MESSAGE][PASSED] - Object 'Object Repository/AdminSuiteBootstrap_Pages/VT_Bootstrap/SaleKeyboard/select_UDF5_DropDown' is present

2022-02-11 23:03:54 - [TEST_STEP][PASSED] - verifyElementVisible(findTestObject(path_SaleKB + "select_UDF6_DropDown")): Object 'Object Repository/AdminSuiteBootstrap_Pages/VT_Bootstrap/SaleKeyboard/select_UDF6_DropDown' is visible

2022-02-11 23:03:54 - [MESSAGE][PASSED] - Object 'Object Repository/AdminSuiteBootstrap_Pages/VT_Bootstrap/SaleKeyboard/select_UDF6_DropDown' is visible

2022-02-11 23:03:54 - [TEST_STEP][PASSED] - verifyElementPresent(findTestObject(path_SaleKB + "select_UDF6_DropDown"), 30): Object 'Object Repository/AdminSuiteBootstrap_Pages/VT_Bootstrap/SaleKeyboard/select_UDF6_DropDown' is present

2022-02-11 23:03:54 - [MESSAGE][PASSED] - Object 'Object Repository/AdminSuiteBootstrap_Pages/VT_Bootstrap/SaleKeyboard/select_UDF6_DropDown' is present

2022-02-11 23:03:54 - [TEST_STEP][PASSED] - verifyElementVisible(findTestObject(path_SaleKB + "input_userDefined7")): Object 'Object Repository/AdminSuiteBootstrap_Pages/VT_Bootstrap/SaleKeyboard/input_userDefined7' is visible

2022-02-11 23:03:55 - [MESSAGE][PASSED] - Object 'Object Repository/AdminSuiteBootstrap_Pages/VT_Bootstrap/SaleKeyboard/input_userDefined7' is visible

2022-02-11 23:03:55 - [TEST_STEP][PASSED] - verifyElementPresent(findTestObject(path_SaleKB + "input_userDefined7"), 30): Object 'Object Repository/AdminSuiteBootstrap_Pages/VT_Bootstrap/SaleKeyboard/input_userDefined7' is present

2022-02-11 23:03:55 - [MESSAGE][PASSED] - Object 'Object Repository/AdminSuiteBootstrap_Pages/VT_Bootstrap/SaleKeyboard/input_userDefined7' is present

2022-02-11 23:03:55 - [TEST_STEP][PASSED] - verifyElementVisible(findTestObject(path_SaleKB + "input_userDefined8")): Object 'Object Repository/AdminSuiteBootstrap_Pages/VT_Bootstrap/SaleKeyboard/input_userDefined8' is visible

2022-02-11 23:03:55 - [MESSAGE][PASSED] - Object 'Object Repository/AdminSuiteBootstrap_Pages/VT_Bootstrap/SaleKeyboard/input_userDefined8' is visible

2022-02-11 23:03:55 - [TEST_STEP][PASSED] - verifyElementPresent(findTestObject(path_SaleKB + "input_userDefined8"), 30): Object 'Object Repository/AdminSuiteBootstrap_Pages/VT_Bootstrap/SaleKeyboard/input_userDefined8' is present

2022-02-11 23:03:55 - [MESSAGE][PASSED] - Object 'Object Repository/AdminSuiteBootstrap_Pages/VT_Bootstrap/SaleKeyboard/input_userDefined8' is present

2022-02-11 23:03:55 - [TEST_STEP][PASSED] - verifyElementVisible(findTestObject(path_SaleKB + "input_userDefined9")): Object 'Object Repository/AdminSuiteBootstrap_Pages/VT_Bootstrap/SaleKeyboard/input_userDefined9' is visible

2022-02-11 23:03:56 - [MESSAGE][PASSED] - Object 'Object Repository/AdminSuiteBootstrap_Pages/VT_Bootstrap/SaleKeyboard/input_userDefined9' is visible

2022-02-11 23:03:56 - [TEST_STEP][PASSED] - verifyElementPresent(findTestObject(path_SaleKB + "input_userDefined9"), 30): Object 'Object Repository/AdminSuiteBootstrap_Pages/VT_Bootstrap/SaleKeyboard/input_userDefined9' is present

2022-02-11 23:03:56 - [MESSAGE][PASSED] - Object 'Object Repository/AdminSuiteBootstrap_Pages/VT_Bootstrap/SaleKeyboard/input_userDefined9' is present

2022-02-11 23:03:56 - [TEST_STEP][PASSED] - verifyElementVisible(findTestObject(path_SaleKB + "input_userDefined10")): Object 'Object Repository/AdminSuiteBootstrap_Pages/VT_Bootstrap/SaleKeyboard/input_userDefined10' is visible

2022-02-11 23:03:57 - [MESSAGE][PASSED] - Object 'Object Repository/AdminSuiteBootstrap_Pages/VT_Bootstrap/SaleKeyboard/input_userDefined10' is visible

2022-02-11 23:03:57 - [TEST_STEP][PASSED] - verifyElementPresent(findTestObject(path_SaleKB + "input_userDefined10"), 30): Object 'Object Repository/AdminSuiteBootstrap_Pages/VT_Bootstrap/SaleKeyboard/input_userDefined10' is present

2022-02-11 23:03:57 - [MESSAGE][PASSED] - Object 'Object Repository/AdminSuiteBootstrap_Pages/VT_Bootstrap/SaleKeyboard/input_userDefined10' is present

2022-02-11 23:03:57 - [TEST_STEP][PASSED] - verifyElementVisible(findTestObject(path_SaleKB + "button_Submit")): Object 'Object Repository/AdminSuiteBootstrap_Pages/VT_Bootstrap/SaleKeyboard/button_Submit' is visible

2022-02-11 23:03:57 - [MESSAGE][PASSED] - Object 'Object Repository/AdminSuiteBootstrap_Pages/VT_Bootstrap/SaleKeyboard/button_Submit' is visible

2022-02-11 23:03:57 - [TEST_STEP][PASSED] - verifyElementPresent(findTestObject(path_SaleKB + "button_Submit"), 30): Object 'Object Repository/AdminSuiteBootstrap_Pages/VT_Bootstrap/SaleKeyboard/button_Submit' is present

2022-02-11 23:03:57 - [MESSAGE][PASSED] - Object 'Object Repository/AdminSuiteBootstrap_Pages/VT_Bootstrap/SaleKeyboard/button_Submit' is present

2022-02-11 23:03:57 - [TEST_STEP][PASSED] - verifyElementVisible(findTestObject(path_SaleKB + "button_Reset")): Object 'Object Repository/AdminSuiteBootstrap_Pages/VT_Bootstrap/SaleKeyboard/button_Reset' is visible

2022-02-11 23:03:58 - [MESSAGE][PASSED] - Object 'Object Repository/AdminSuiteBootstrap_Pages/VT_Bootstrap/SaleKeyboard/button_Reset' is visible

2022-02-11 23:03:58 - [TEST_STEP][PASSED] - verifyElementPresent(findTestObject(path_SaleKB + "button_Reset"), 30): Object 'Object Repository/AdminSuiteBootstrap_Pages/VT_Bootstrap/SaleKeyboard/button_Reset' is present

2022-02-11 23:03:58 - [MESSAGE][PASSED] - Object 'Object Repository/AdminSuiteBootstrap_Pages/VT_Bootstrap/SaleKeyboard/button_Reset' is present]]></system-out>
         <system-err><![CDATA[]]></system-err>
      </testcase>
      <system-out><![CDATA[2022-02-11 23:02:42 - [TEST_SUITE][PASSED] - AdminSuiteBootstrap_UI_TestSuite: Test Cases/Admin Suite Bootstrap/VT_TestCases/VerifyAuthOnlyKeyboard_UI_1_TC]]></system-out>
      <system-err><![CDATA[]]></system-err>
   </testsuite>
   <testsuite name="AdminSuiteBootstrap_Payments_TestSuite" tests="2" failures="2" errors="0" time="427.298" skipped="0" timestamp="2022-02-11 23:04:03" hostname="iahmed - DESKTOP-B2QI6NS.govolution.com" id="Test Suites/AdminSuiteBootstrap_TestSuite/AdminSuiteBootstrap_Payments_TestSuite">
      <properties>
         <property name="deviceName" value=""/>
         <property name="devicePlatform" value=""/>
         <property name="logFolder" value="E:\\Cloned-Project-Katalon\\VPS-Katalon\\Reports\\20220211_230143\\AdminSuiteBootstrap_TestSuite\\AdminSuiteBootstrap_Payments_TestSuite\\20220211_230149"/>
         <property name="logFiles" value="E:\\Cloned-Project-Katalon\\VPS-Katalon\\Reports\\20220211_230143\\AdminSuiteBootstrap_TestSuite\\AdminSuiteBootstrap_Payments_TestSuite\\20220211_230149\\execution0.log"/>
         <property name="attachments" value=""/>
         <property name="hostName" value="iahmed - DESKTOP-B2QI6NS.govolution.com"/>
         <property name="os" value="Windows 10 64bit"/>
         <property name="katalonVersion" value="8.2.0.208"/>
         <property name="browser" value="Chrome 98.0.4758.82"/>
         <property name="hostAddress" value="172.31.253.177"/>
         <property name="sessionId" value="ef170bf40d4257b9b0cbcc96d0a3b486"/>
         <property name="seleniumVersion" value="3.141.59"/>
         <property name="proxyInformation" value="ProxyInformation { proxyOption=NO_PROXY, proxyServerType=HTTP, username=, password=********, proxyServerAddress=, proxyServerPort=0, executionList=&quot;&quot;, isApplyToDesiredCapabilities=true }"/>
         <property name="platform" value="Windows 10"/>
      </properties>
      <testcase name="Test Cases/Admin Suite Bootstrap/VT_TestCases/SaleKeyboard_TP_SCF_App238_Payment_TC" time="216.24" classname="Test Cases/Admin Suite Bootstrap/VT_TestCases/SaleKeyboard_TP_SCF_App238_Payment_TC" status="FAILED">
         <failure type="FAILED" message="Test Cases/Admin Suite Bootstrap/VT_TestCases/SaleKeyboard_TP_SCF_App238_Payment_TC FAILED.
Reason:
com.kms.katalon.core.exception.StepFailedException: Text 'UDF1' is not present on page  using regular expression (Root cause: com.kms.katalon.core.exception.StepFailedException: Text 'UDF1' is not present on page  using regular expression
	at com.kms.katalon.core.webui.keyword.internal.WebUIKeywordMain.stepFailed(WebUIKeywordMain.groovy:64)
	at com.kms.katalon.core.webui.keyword.builtin.VerifyTextPresentKeyword$_verifyTextPresent_closure1.doCall(VerifyTextPresentKeyword.groovy:79)
	at com.kms.katalon.core.webui.keyword.builtin.VerifyTextPresentKeyword$_verifyTextPresent_closure1.call(VerifyTextPresentKeyword.groovy)
	at com.kms.katalon.core.webui.keyword.internal.WebUIKeywordMain.runKeyword(WebUIKeywordMain.groovy:20)
	at com.kms.katalon.core.webui.keyword.builtin.VerifyTextPresentKeyword.verifyTextPresent(VerifyTextPresentKeyword.groovy:83)
	at com.kms.katalon.core.webui.keyword.builtin.VerifyTextPresentKeyword.execute(VerifyTextPresentKeyword.groovy:68)
	at com.kms.katalon.core.keyword.internal.KeywordExecutor.executeKeywordForPlatform(KeywordExecutor.groovy:74)
	at com.kms.katalon.core.webui.keyword.WebUiBuiltInKeywords.verifyTextPresent(WebUiBuiltInKeywords.groovy:1723)
	at com.kms.katalon.core.webui.keyword.WebUiBuiltInKeywords$verifyTextPresent$8.call(Unknown Source)
	at SaleKeyboard_TP_SCF_App238_Payment_TC.run(SaleKeyboard_TP_SCF_App238_Payment_TC:66)
	at com.kms.katalon.core.main.ScriptEngine.run(ScriptEngine.java:194)
	at com.kms.katalon.core.main.ScriptEngine.runScriptAsRawText(ScriptEngine.java:119)
	at com.kms.katalon.core.main.TestCaseExecutor.runScript(TestCaseExecutor.java:442)
	at com.kms.katalon.core.main.TestCaseExecutor.doExecute(TestCaseExecutor.java:433)
	at com.kms.katalon.core.main.TestCaseExecutor.processExecutionPhase(TestCaseExecutor.java:412)
	at com.kms.katalon.core.main.TestCaseExecutor.accessMainPhase(TestCaseExecutor.java:404)
	at com.kms.katalon.core.main.TestCaseExecutor.execute(TestCaseExecutor.java:281)
	at com.kms.katalon.core.main.TestSuiteExecutor.accessTestCaseMainPhase(TestSuiteExecutor.java:202)
	at com.kms.katalon.core.main.TestSuiteExecutor.accessTestSuiteMainPhase(TestSuiteExecutor.java:164)
	at com.kms.katalon.core.main.TestSuiteExecutor.execute(TestSuiteExecutor.java:105)
	at com.kms.katalon.core.main.TestCaseMain.startTestSuite(TestCaseMain.java:181)
	at com.kms.katalon.core.main.TestCaseMain$startTestSuite$0.call(Unknown Source)
	at TempTestSuite1644638509545.run(TempTestSuite1644638509545.groovy:36)
)
	at com.kms.katalon.core.keyword.internal.KeywordMain.stepFailed(KeywordMain.groovy:39)
	at com.kms.katalon.core.webui.keyword.internal.WebUIKeywordMain.stepFailed(WebUIKeywordMain.groovy:64)
	at com.kms.katalon.core.webui.keyword.builtin.VerifyTextPresentKeyword$_verifyTextPresent_closure1.doCall(VerifyTextPresentKeyword.groovy:79)
	at com.kms.katalon.core.webui.keyword.builtin.VerifyTextPresentKeyword$_verifyTextPresent_closure1.call(VerifyTextPresentKeyword.groovy)
	at com.kms.katalon.core.webui.keyword.internal.WebUIKeywordMain.runKeyword(WebUIKeywordMain.groovy:20)
	at com.kms.katalon.core.webui.keyword.builtin.VerifyTextPresentKeyword.verifyTextPresent(VerifyTextPresentKeyword.groovy:83)
	at com.kms.katalon.core.webui.keyword.builtin.VerifyTextPresentKeyword.execute(VerifyTextPresentKeyword.groovy:68)
	at com.kms.katalon.core.keyword.internal.KeywordExecutor.executeKeywordForPlatform(KeywordExecutor.groovy:74)
	at com.kms.katalon.core.webui.keyword.WebUiBuiltInKeywords.verifyTextPresent(WebUiBuiltInKeywords.groovy:1723)
	at com.kms.katalon.core.webui.keyword.WebUiBuiltInKeywords$verifyTextPresent$8.call(Unknown Source)
	at SaleKeyboard_TP_SCF_App238_Payment_TC.run(SaleKeyboard_TP_SCF_App238_Payment_TC:66)
	at com.kms.katalon.core.main.ScriptEngine.run(ScriptEngine.java:194)
	at com.kms.katalon.core.main.ScriptEngine.runScriptAsRawText(ScriptEngine.java:119)
	at com.kms.katalon.core.main.TestCaseExecutor.runScript(TestCaseExecutor.java:442)
	at com.kms.katalon.core.main.TestCaseExecutor.doExecute(TestCaseExecutor.java:433)
	at com.kms.katalon.core.main.TestCaseExecutor.processExecutionPhase(TestCaseExecutor.java:412)
	at com.kms.katalon.core.main.TestCaseExecutor.accessMainPhase(TestCaseExecutor.java:404)
	at com.kms.katalon.core.main.TestCaseExecutor.execute(TestCaseExecutor.java:281)
	at com.kms.katalon.core.main.TestSuiteExecutor.accessTestCaseMainPhase(TestSuiteExecutor.java:202)
	at com.kms.katalon.core.main.TestSuiteExecutor.accessTestSuiteMainPhase(TestSuiteExecutor.java:164)
	at com.kms.katalon.core.main.TestSuiteExecutor.execute(TestSuiteExecutor.java:105)
	at com.kms.katalon.core.main.TestCaseMain.startTestSuite(TestCaseMain.java:181)
	at com.kms.katalon.core.main.TestCaseMain$startTestSuite$0.call(Unknown Source)
	at TempTestSuite1644638509545.run(TempTestSuite1644638509545.groovy:36)
Caused by: com.kms.katalon.core.exception.StepFailedException: Text 'UDF1' is not present on page  using regular expression
	... 23 more
"/>
         <system-out><![CDATA[2022-02-11 23:04:03 - [TEST_CASE][FAILED] - Test Cases/Admin Suite Bootstrap/VT_TestCases/SaleKeyboard_TP_SCF_App238_Payment_TC: Test Cases/Admin Suite Bootstrap/VT_TestCases/SaleKeyboard_TP_SCF_App238_Payment_TC FAILED.
Reason:
com.kms.katalon.core.exception.StepFailedException: Text 'UDF1' is not present on page  using regular expression (Root cause: com.kms.katalon.core.exception.StepFailedException: Text 'UDF1' is not present on page  using regular expression
	at com.kms.katalon.core.webui.keyword.internal.WebUIKeywordMain.stepFailed(WebUIKeywordMain.groovy:64)
	at com.kms.katalon.core.webui.keyword.builtin.VerifyTextPresentKeyword$_verifyTextPresent_closure1.doCall(VerifyTextPresentKeyword.groovy:79)
	at com.kms.katalon.core.webui.keyword.builtin.VerifyTextPresentKeyword$_verifyTextPresent_closure1.call(VerifyTextPresentKeyword.groovy)
	at com.kms.katalon.core.webui.keyword.internal.WebUIKeywordMain.runKeyword(WebUIKeywordMain.groovy:20)
	at com.kms.katalon.core.webui.keyword.builtin.VerifyTextPresentKeyword.verifyTextPresent(VerifyTextPresentKeyword.groovy:83)
	at com.kms.katalon.core.webui.keyword.builtin.VerifyTextPresentKeyword.execute(VerifyTextPresentKeyword.groovy:68)
	at com.kms.katalon.core.keyword.internal.KeywordExecutor.executeKeywordForPlatform(KeywordExecutor.groovy:74)
	at com.kms.katalon.core.webui.keyword.WebUiBuiltInKeywords.verifyTextPresent(WebUiBuiltInKeywords.groovy:1723)
	at com.kms.katalon.core.webui.keyword.WebUiBuiltInKeywords$verifyTextPresent$8.call(Unknown Source)
	at SaleKeyboard_TP_SCF_App238_Payment_TC.run(SaleKeyboard_TP_SCF_App238_Payment_TC:66)
	at com.kms.katalon.core.main.ScriptEngine.run(ScriptEngine.java:194)
	at com.kms.katalon.core.main.ScriptEngine.runScriptAsRawText(ScriptEngine.java:119)
	at com.kms.katalon.core.main.TestCaseExecutor.runScript(TestCaseExecutor.java:442)
	at com.kms.katalon.core.main.TestCaseExecutor.doExecute(TestCaseExecutor.java:433)
	at com.kms.katalon.core.main.TestCaseExecutor.processExecutionPhase(TestCaseExecutor.java:412)
	at com.kms.katalon.core.main.TestCaseExecutor.accessMainPhase(TestCaseExecutor.java:404)
	at com.kms.katalon.core.main.TestCaseExecutor.execute(TestCaseExecutor.java:281)
	at com.kms.katalon.core.main.TestSuiteExecutor.accessTestCaseMainPhase(TestSuiteExecutor.java:202)
	at com.kms.katalon.core.main.TestSuiteExecutor.accessTestSuiteMainPhase(TestSuiteExecutor.java:164)
	at com.kms.katalon.core.main.TestSuiteExecutor.execute(TestSuiteExecutor.java:105)
	at com.kms.katalon.core.main.TestCaseMain.startTestSuite(TestCaseMain.java:181)
	at com.kms.katalon.core.main.TestCaseMain$startTestSuite$0.call(Unknown Source)
	at TempTestSuite1644638509545.run(TempTestSuite1644638509545.groovy:36)
)
	at com.kms.katalon.core.keyword.internal.KeywordMain.stepFailed(KeywordMain.groovy:39)
	at com.kms.katalon.core.webui.keyword.internal.WebUIKeywordMain.stepFailed(WebUIKeywordMain.groovy:64)
	at com.kms.katalon.core.webui.keyword.builtin.VerifyTextPresentKeyword$_verifyTextPresent_closure1.doCall(VerifyTextPresentKeyword.groovy:79)
	at com.kms.katalon.core.webui.keyword.builtin.VerifyTextPresentKeyword$_verifyTextPresent_closure1.call(VerifyTextPresentKeyword.groovy)
	at com.kms.katalon.core.webui.keyword.internal.WebUIKeywordMain.runKeyword(WebUIKeywordMain.groovy:20)
	at com.kms.katalon.core.webui.keyword.builtin.VerifyTextPresentKeyword.verifyTextPresent(VerifyTextPresentKeyword.groovy:83)
	at com.kms.katalon.core.webui.keyword.builtin.VerifyTextPresentKeyword.execute(VerifyTextPresentKeyword.groovy:68)
	at com.kms.katalon.core.keyword.internal.KeywordExecutor.executeKeywordForPlatform(KeywordExecutor.groovy:74)
	at com.kms.katalon.core.webui.keyword.WebUiBuiltInKeywords.verifyTextPresent(WebUiBuiltInKeywords.groovy:1723)
	at com.kms.katalon.core.webui.keyword.WebUiBuiltInKeywords$verifyTextPresent$8.call(Unknown Source)
	at SaleKeyboard_TP_SCF_App238_Payment_TC.run(SaleKeyboard_TP_SCF_App238_Payment_TC:66)
	at com.kms.katalon.core.main.ScriptEngine.run(ScriptEngine.java:194)
	at com.kms.katalon.core.main.ScriptEngine.runScriptAsRawText(ScriptEngine.java:119)
	at com.kms.katalon.core.main.TestCaseExecutor.runScript(TestCaseExecutor.java:442)
	at com.kms.katalon.core.main.TestCaseExecutor.doExecute(TestCaseExecutor.java:433)
	at com.kms.katalon.core.main.TestCaseExecutor.processExecutionPhase(TestCaseExecutor.java:412)
	at com.kms.katalon.core.main.TestCaseExecutor.accessMainPhase(TestCaseExecutor.java:404)
	at com.kms.katalon.core.main.TestCaseExecutor.execute(TestCaseExecutor.java:281)
	at com.kms.katalon.core.main.TestSuiteExecutor.accessTestCaseMainPhase(TestSuiteExecutor.java:202)
	at com.kms.katalon.core.main.TestSuiteExecutor.accessTestSuiteMainPhase(TestSuiteExecutor.java:164)
	at com.kms.katalon.core.main.TestSuiteExecutor.execute(TestSuiteExecutor.java:105)
	at com.kms.katalon.core.main.TestCaseMain.startTestSuite(TestCaseMain.java:181)
	at com.kms.katalon.core.main.TestCaseMain$startTestSuite$0.call(Unknown Source)
	at TempTestSuite1644638509545.run(TempTestSuite1644638509545.groovy:36)
Caused by: com.kms.katalon.core.exception.StepFailedException: Text 'UDF1' is not present on page  using regular expression
	... 23 more


2022-02-11 23:04:04 - [TEST_STEP][PASSED] - path_Dashboard = "Object Repository/AdminSuiteBootstrap_Pages/Dashboard_Bootstrap/": null

2022-02-11 23:04:04 - [TEST_STEP][PASSED] - path_VT = "Object Repository/AdminSuiteBootstrap_Pages/VT_Bootstrap/IssueTransactions/": null

2022-02-11 23:04:04 - [TEST_STEP][PASSED] - path_SaleKB = "Object Repository/AdminSuiteBootstrap_Pages/VT_Bootstrap/SaleKeyboard/": null

2022-02-11 23:04:04 - [TEST_STEP][PASSED] - appliID = "238": null

2022-02-11 23:04:04 - [TEST_STEP][PASSED] - li_1 = "/admin/imtiaz/bootstrap/vpos/": null

2022-02-11 23:04:04 - [TEST_STEP][PASSED] - li_2 = "/transactions/AuthCapForm/": null

2022-02-11 23:04:04 - [TEST_STEP][PASSED] - hrefAppID = li_1 + appliID + li_2: null

2022-02-11 23:04:04 - [TEST_STEP][PASSED] - out.println("hrefID is : " + hrefAppID): null

2022-02-11 23:04:04 - [TEST_STEP][PASSED] - cardNumbers = ["4012000098765439", "5146312200000035", "371449635392376", "6011000993026909"]: null

2022-02-11 23:04:04 - [TEST_STEP][PASSED] - listSize = cardNumbers.size(): null

2022-02-11 23:04:04 - [TEST_STEP][PASSED] - println(listSize): null

2022-02-11 23:04:04 - [TEST_STEP][FAILED] - for ([i = 0, i < listSize, (i++)]): Text '21093' is present on page  using regular expression

2022-02-11 23:04:04 - [TEST_STEP][PASSED] - adminSuiteBootstrap.loginFunctionality.login_AdminSuite(): adminSuiteBootstrap.loginFunctionality.login_AdminSuite is PASSED

2022-02-11 23:04:04 - [MESSAGE][INFO] - Starting 'Chrome' driver

2022-02-11 23:04:04 - [MESSAGE][INFO] - User set preference: ['acceptInsecureCerts', 'true']

2022-02-11 23:04:04 - [MESSAGE][INFO] - Action delay is set to 0 milliseconds

2022-02-11 23:04:09 - [MESSAGE][PASSED] - Browser is opened with url: 'https://qa.velocitypayment.com/admin/imtiaz'

2022-02-11 23:04:09 - [MESSAGE][PASSED] - Current window maximized

2022-02-11 23:04:09 - [MESSAGE][PASSED] - Object 'Object Repository/Login_Page/Login_Username' is present

2022-02-11 23:04:10 - [MESSAGE][PASSED] - Text 'iahmed' is set on object 'Object Repository/Login_Page/Login_Username'

2022-02-11 23:04:11 - [MESSAGE][PASSED] - Text 'hello2222' is set on object 'Object Repository/Login_Page/Login_Password'

2022-02-11 23:04:15 - [MESSAGE][PASSED] - Object: 'Object Repository/Login_Page/Login_Submit' is clicked on

2022-02-11 23:04:15 - [MESSAGE][PASSED] - adminSuiteBootstrap.loginFunctionality.login_AdminSuite is PASSED

2022-02-11 23:04:15 - [TEST_STEP][PASSED] - click(findTestObject(path_Dashboard + "span_Payment")): Object: 'Object Repository/AdminSuiteBootstrap_Pages/Dashboard_Bootstrap/span_Payment' is clicked on

2022-02-11 23:04:16 - [MESSAGE][PASSED] - Object: 'Object Repository/AdminSuiteBootstrap_Pages/Dashboard_Bootstrap/span_Payment' is clicked on

2022-02-11 23:04:16 - [TEST_STEP][PASSED] - click(findTestObject(path_Dashboard + "a_HelloWorld3")): Object: 'Object Repository/AdminSuiteBootstrap_Pages/Dashboard_Bootstrap/a_HelloWorld3' is clicked on

2022-02-11 23:04:17 - [MESSAGE][PASSED] - Object: 'Object Repository/AdminSuiteBootstrap_Pages/Dashboard_Bootstrap/a_HelloWorld3' is clicked on

2022-02-11 23:04:17 - [TEST_STEP][PASSED] - click(findTestObject(path_VT + "button_Authorization  Capture (Sale)")): Object: 'Object Repository/AdminSuiteBootstrap_Pages/VT_Bootstrap/IssueTransactions/button_Authorization  Capture (Sale)' is clicked on

2022-02-11 23:04:18 - [MESSAGE][PASSED] - Object: 'Object Repository/AdminSuiteBootstrap_Pages/VT_Bootstrap/IssueTransactions/button_Authorization  Capture (Sale)' is clicked on

2022-02-11 23:04:18 - [TEST_STEP][PASSED] - saleKeyboardEntryLink = modifyObjectProperty(findTestObject(path_VT + "a_KeyboardEntry_Sale"), "href", "equals", hrefAppID, true): Modify property of object successfully

2022-02-11 23:04:18 - [MESSAGE][PASSED] - Modify property of object successfully

2022-02-11 23:04:18 - [TEST_STEP][PASSED] - click(saleKeyboardEntryLink): Object: 'Object Repository/AdminSuiteBootstrap_Pages/VT_Bootstrap/IssueTransactions/a_KeyboardEntry_Sale' is clicked on

2022-02-11 23:04:19 - [MESSAGE][PASSED] - Object: 'Object Repository/AdminSuiteBootstrap_Pages/VT_Bootstrap/IssueTransactions/a_KeyboardEntry_Sale' is clicked on

2022-02-11 23:04:19 - [TEST_STEP][PASSED] - adminSuiteBootstrap.virtualTerminalSetData.saleKeyboard_HardCoded_AllCardTypes(cardNumbers[i]): adminSuiteBootstrap.virtualTerminalSetData.saleKeyboard_HardCoded_AllCardTypes is PASSED

2022-02-11 23:04:20 - [MESSAGE][PASSED] - Text 'Shiv Hari' is set on object 'Object Repository/AdminSuiteBootstrap_Pages/VT_Bootstrap/SaleKeyboard/input_cardName'

2022-02-11 23:04:21 - [MESSAGE][PASSED] - All options with value 'MOTO' are selected in object 'Object Repository/AdminSuiteBootstrap_Pages/VT_Bootstrap/SaleKeyboard/select_transactionCategory'  using regular expression

2022-02-11 23:04:22 - [MESSAGE][PASSED] - Execute JavaScript 'arguments[0].value ='4012000098765439' ' successfully

2022-02-11 23:04:22 - [MESSAGE][PASSED] - Execute JavaScript 'arguments[0].value ='123'' successfully

2022-02-11 23:04:23 - [MESSAGE][PASSED] - All options with value '12' are selected in object 'Object Repository/AdminSuiteBootstrap_Pages/VT_Bootstrap/SaleKeyboard/select_MM'  using regular expression

2022-02-11 23:04:24 - [MESSAGE][PASSED] - All options with value '2026' are selected in object 'Object Repository/AdminSuiteBootstrap_Pages/VT_Bootstrap/SaleKeyboard/select_YYYY'  using regular expression

2022-02-11 23:04:25 - [MESSAGE][PASSED] - Text '2311 York road' is set on object 'Object Repository/AdminSuiteBootstrap_Pages/VT_Bootstrap/SaleKeyboard/input__address'

2022-02-11 23:04:26 - [MESSAGE][PASSED] - Text 'Suite 500' is set on object 'Object Repository/AdminSuiteBootstrap_Pages/VT_Bootstrap/SaleKeyboard/input__address2'

2022-02-11 23:04:26 - [MESSAGE][PASSED] - Text '21093' is set on object 'Object Repository/AdminSuiteBootstrap_Pages/VT_Bootstrap/SaleKeyboard/input__zip'

2022-02-11 23:04:27 - [MESSAGE][PASSED] - Text 'iahmed@govolution.com' is set on object 'Object Repository/AdminSuiteBootstrap_Pages/VT_Bootstrap/SaleKeyboard/input_emailAddress'

2022-02-11 23:04:29 - [MESSAGE][PASSED] - Text '' is set on object 'Object Repository/AdminSuiteBootstrap_Pages/VT_Bootstrap/SaleKeyboard/input_smsNumber'

2022-02-11 23:04:29 - [MESSAGE][PASSED] - Text '10.50' is set on object 'Object Repository/AdminSuiteBootstrap_Pages/VT_Bootstrap/SaleKeyboard/input_amount'

2022-02-11 23:04:31 - [MESSAGE][PASSED] - Text 'Australia' is set on object 'Object Repository/AdminSuiteBootstrap_Pages/VT_Bootstrap/SaleKeyboard/input_userDefined1'

2022-02-11 23:04:31 - [MESSAGE][PASSED] - Text 'Denmark' is set on object 'Object Repository/AdminSuiteBootstrap_Pages/VT_Bootstrap/SaleKeyboard/input_userDefined2'

2022-02-11 23:04:32 - [MESSAGE][PASSED] - Text 'Sweden' is set on object 'Object Repository/AdminSuiteBootstrap_Pages/VT_Bootstrap/SaleKeyboard/input_userDefined3'

2022-02-11 23:04:33 - [MESSAGE][PASSED] - Text 'Austria' is set on object 'Object Repository/AdminSuiteBootstrap_Pages/VT_Bootstrap/SaleKeyboard/input_userDefined4'

2022-02-11 23:04:34 - [MESSAGE][PASSED] - All options with label 'Orange' are selected in object 'Object Repository/AdminSuiteBootstrap_Pages/VT_Bootstrap/SaleKeyboard/select_UDF5_DropDown'  using regular expression

2022-02-11 23:04:35 - [MESSAGE][PASSED] - All options with label 'Yellow' are selected in object 'Object Repository/AdminSuiteBootstrap_Pages/VT_Bootstrap/SaleKeyboard/select_UDF6_DropDown'  using regular expression

2022-02-11 23:04:36 - [MESSAGE][PASSED] - Text 'Norway' is set on object 'Object Repository/AdminSuiteBootstrap_Pages/VT_Bootstrap/SaleKeyboard/input_userDefined7'

2022-02-11 23:04:36 - [MESSAGE][PASSED] - Text 'Netherlands' is set on object 'Object Repository/AdminSuiteBootstrap_Pages/VT_Bootstrap/SaleKeyboard/input_userDefined8'

2022-02-11 23:04:37 - [MESSAGE][PASSED] - Text 'Switzerland' is set on object 'Object Repository/AdminSuiteBootstrap_Pages/VT_Bootstrap/SaleKeyboard/input_userDefined9'

2022-02-11 23:04:38 - [MESSAGE][PASSED] - Text 'France' is set on object 'Object Repository/AdminSuiteBootstrap_Pages/VT_Bootstrap/SaleKeyboard/input_userDefined10'

2022-02-11 23:04:39 - [MESSAGE][PASSED] - Object: 'Object Repository/AdminSuiteBootstrap_Pages/VT_Bootstrap/SaleKeyboard/button_Submit' is clicked on

2022-02-11 23:04:39 - [MESSAGE][PASSED] - adminSuiteBootstrap.virtualTerminalSetData.saleKeyboard_HardCoded_AllCardTypes is PASSED

2022-02-11 23:04:39 - [TEST_STEP][PASSED] - verifyTextPresent("Transaction Successful", true): Text 'Transaction Successful' is present on page  using regular expression

2022-02-11 23:04:40 - [MESSAGE][PASSED] - Text 'Transaction Successful' is present on page  using regular expression

2022-02-11 23:04:40 - [TEST_STEP][PASSED] - verifyElementVisible(findTestObject("Object Repository/AdminSuiteBootstrap_Pages/VT_Bootstrap/Receipt/button_Continue")): Object 'Object Repository/AdminSuiteBootstrap_Pages/VT_Bootstrap/Receipt/button_Continue' is visible

2022-02-11 23:04:40 - [MESSAGE][PASSED] - Object 'Object Repository/AdminSuiteBootstrap_Pages/VT_Bootstrap/Receipt/button_Continue' is visible

2022-02-11 23:04:40 - [TEST_STEP][PASSED] - verifyElementPresent(findTestObject("Object Repository/AdminSuiteBootstrap_Pages/VT_Bootstrap/Receipt/button_Continue"), 20): Object 'Object Repository/AdminSuiteBootstrap_Pages/VT_Bootstrap/Receipt/button_Continue' is present

2022-02-11 23:04:41 - [MESSAGE][PASSED] - Object 'Object Repository/AdminSuiteBootstrap_Pages/VT_Bootstrap/Receipt/button_Continue' is present

2022-02-11 23:04:41 - [TEST_STEP][PASSED] - verifyElementVisible(findTestObject("Object Repository/AdminSuiteBootstrap_Pages/VT_Bootstrap/Receipt/button_Print")): Object 'Object Repository/AdminSuiteBootstrap_Pages/VT_Bootstrap/Receipt/button_Print' is visible

2022-02-11 23:04:41 - [MESSAGE][PASSED] - Object 'Object Repository/AdminSuiteBootstrap_Pages/VT_Bootstrap/Receipt/button_Print' is visible

2022-02-11 23:04:41 - [TEST_STEP][PASSED] - verifyElementPresent(findTestObject("Object Repository/AdminSuiteBootstrap_Pages/VT_Bootstrap/Receipt/button_Print"), 20): Object 'Object Repository/AdminSuiteBootstrap_Pages/VT_Bootstrap/Receipt/button_Print' is present

2022-02-11 23:04:41 - [MESSAGE][PASSED] - Object 'Object Repository/AdminSuiteBootstrap_Pages/VT_Bootstrap/Receipt/button_Print' is present

2022-02-11 23:04:41 - [TEST_STEP][PASSED] - verifyTextPresent("Remittance ID", true): Text 'Remittance ID' is present on page  using regular expression

2022-02-11 23:04:42 - [MESSAGE][PASSED] - Text 'Remittance ID' is present on page  using regular expression

2022-02-11 23:04:42 - [TEST_STEP][PASSED] - verifyTextPresent("Received", true): Text 'Received' is present on page  using regular expression

2022-02-11 23:04:42 - [MESSAGE][PASSED] - Text 'Received' is present on page  using regular expression

2022-02-11 23:04:42 - [TEST_STEP][FAILED] - verifyTextPresent("UDF1", true): Text 'UDF1' is not present on page  using regular expression (Root cause: com.kms.katalon.core.exception.StepFailedException: Text 'UDF1' is not present on page  using regular expression
	at com.kms.katalon.core.webui.keyword.internal.WebUIKeywordMain.stepFailed(WebUIKeywordMain.groovy:64)
	at com.kms.katalon.core.webui.keyword.builtin.VerifyTextPresentKeyword$_verifyTextPresent_closure1.doCall(VerifyTextPresentKeyword.groovy:79)
	at com.kms.katalon.core.webui.keyword.builtin.VerifyTextPresentKeyword$_verifyTextPresent_closure1.call(VerifyTextPresentKeyword.groovy)
	at com.kms.katalon.core.webui.keyword.internal.WebUIKeywordMain.runKeyword(WebUIKeywordMain.groovy:20)
	at com.kms.katalon.core.webui.keyword.builtin.VerifyTextPresentKeyword.verifyTextPresent(VerifyTextPresentKeyword.groovy:83)
	at com.kms.katalon.core.webui.keyword.builtin.VerifyTextPresentKeyword.execute(VerifyTextPresentKeyword.groovy:68)
	at com.kms.katalon.core.keyword.internal.KeywordExecutor.executeKeywordForPlatform(KeywordExecutor.groovy:74)
	at com.kms.katalon.core.webui.keyword.WebUiBuiltInKeywords.verifyTextPresent(WebUiBuiltInKeywords.groovy:1723)
	at com.kms.katalon.core.webui.keyword.WebUiBuiltInKeywords$verifyTextPresent$8.call(Unknown Source)
	at SaleKeyboard_TP_SCF_App238_Payment_TC.run(SaleKeyboard_TP_SCF_App238_Payment_TC:66)
	at com.kms.katalon.core.main.ScriptEngine.run(ScriptEngine.java:194)
	at com.kms.katalon.core.main.ScriptEngine.runScriptAsRawText(ScriptEngine.java:119)
	at com.kms.katalon.core.main.TestCaseExecutor.runScript(TestCaseExecutor.java:442)
	at com.kms.katalon.core.main.TestCaseExecutor.doExecute(TestCaseExecutor.java:433)
	at com.kms.katalon.core.main.TestCaseExecutor.processExecutionPhase(TestCaseExecutor.java:412)
	at com.kms.katalon.core.main.TestCaseExecutor.accessMainPhase(TestCaseExecutor.java:404)
	at com.kms.katalon.core.main.TestCaseExecutor.execute(TestCaseExecutor.java:281)
	at com.kms.katalon.core.main.TestSuiteExecutor.accessTestCaseMainPhase(TestSuiteExecutor.java:202)
	at com.kms.katalon.core.main.TestSuiteExecutor.accessTestSuiteMainPhase(TestSuiteExecutor.java:164)
	at com.kms.katalon.core.main.TestSuiteExecutor.execute(TestSuiteExecutor.java:105)
	at com.kms.katalon.core.main.TestCaseMain.startTestSuite(TestCaseMain.java:181)
	at com.kms.katalon.core.main.TestCaseMain$startTestSuite$0.call(Unknown Source)
	at TempTestSuite1644638509545.run(TempTestSuite1644638509545.groovy:36)
)

2022-02-11 23:04:42 - [MESSAGE][FAILED] - Text 'UDF1' is not present on page  using regular expression (Root cause: com.kms.katalon.core.exception.StepFailedException: Text 'UDF1' is not present on page  using regular expression
	at com.kms.katalon.core.webui.keyword.internal.WebUIKeywordMain.stepFailed(WebUIKeywordMain.groovy:64)
	at com.kms.katalon.core.webui.keyword.builtin.VerifyTextPresentKeyword$_verifyTextPresent_closure1.doCall(VerifyTextPresentKeyword.groovy:79)
	at com.kms.katalon.core.webui.keyword.builtin.VerifyTextPresentKeyword$_verifyTextPresent_closure1.call(VerifyTextPresentKeyword.groovy)
	at com.kms.katalon.core.webui.keyword.internal.WebUIKeywordMain.runKeyword(WebUIKeywordMain.groovy:20)
	at com.kms.katalon.core.webui.keyword.builtin.VerifyTextPresentKeyword.verifyTextPresent(VerifyTextPresentKeyword.groovy:83)
	at com.kms.katalon.core.webui.keyword.builtin.VerifyTextPresentKeyword.execute(VerifyTextPresentKeyword.groovy:68)
	at com.kms.katalon.core.keyword.internal.KeywordExecutor.executeKeywordForPlatform(KeywordExecutor.groovy:74)
	at com.kms.katalon.core.webui.keyword.WebUiBuiltInKeywords.verifyTextPresent(WebUiBuiltInKeywords.groovy:1723)
	at com.kms.katalon.core.webui.keyword.WebUiBuiltInKeywords$verifyTextPresent$8.call(Unknown Source)
	at SaleKeyboard_TP_SCF_App238_Payment_TC.run(SaleKeyboard_TP_SCF_App238_Payment_TC:66)
	at com.kms.katalon.core.main.ScriptEngine.run(ScriptEngine.java:194)
	at com.kms.katalon.core.main.ScriptEngine.runScriptAsRawText(ScriptEngine.java:119)
	at com.kms.katalon.core.main.TestCaseExecutor.runScript(TestCaseExecutor.java:442)
	at com.kms.katalon.core.main.TestCaseExecutor.doExecute(TestCaseExecutor.java:433)
	at com.kms.katalon.core.main.TestCaseExecutor.processExecutionPhase(TestCaseExecutor.java:412)
	at com.kms.katalon.core.main.TestCaseExecutor.accessMainPhase(TestCaseExecutor.java:404)
	at com.kms.katalon.core.main.TestCaseExecutor.execute(TestCaseExecutor.java:281)
	at com.kms.katalon.core.main.TestSuiteExecutor.accessTestCaseMainPhase(TestSuiteExecutor.java:202)
	at com.kms.katalon.core.main.TestSuiteExecutor.accessTestSuiteMainPhase(TestSuiteExecutor.java:164)
	at com.kms.katalon.core.main.TestSuiteExecutor.execute(TestSuiteExecutor.java:105)
	at com.kms.katalon.core.main.TestCaseMain.startTestSuite(TestCaseMain.java:181)
	at com.kms.katalon.core.main.TestCaseMain$startTestSuite$0.call(Unknown Source)
	at TempTestSuite1644638509545.run(TempTestSuite1644638509545.groovy:36)
)

2022-02-11 23:04:42 - [TEST_STEP][PASSED] - verifyTextPresent("UDF2", true): Text 'UDF2' is present on page  using regular expression

2022-02-11 23:04:43 - [MESSAGE][PASSED] - Text 'UDF2' is present on page  using regular expression

2022-02-11 23:04:43 - [TEST_STEP][PASSED] - verifyTextPresent("UDF3", true): Text 'UDF3' is present on page  using regular expression

2022-02-11 23:04:43 - [MESSAGE][PASSED] - Text 'UDF3' is present on page  using regular expression

2022-02-11 23:04:43 - [TEST_STEP][PASSED] - verifyTextPresent("UDF4", true): Text 'UDF4' is present on page  using regular expression

2022-02-11 23:04:43 - [MESSAGE][PASSED] - Text 'UDF4' is present on page  using regular expression

2022-02-11 23:04:43 - [TEST_STEP][PASSED] - verifyTextPresent("UDF5", true): Text 'UDF5' is present on page  using regular expression

2022-02-11 23:04:44 - [MESSAGE][PASSED] - Text 'UDF5' is present on page  using regular expression

2022-02-11 23:04:44 - [TEST_STEP][PASSED] - verifyTextPresent("UDF6", true): Text 'UDF6' is present on page  using regular expression

2022-02-11 23:04:44 - [MESSAGE][PASSED] - Text 'UDF6' is present on page  using regular expression

2022-02-11 23:04:44 - [TEST_STEP][PASSED] - verifyTextPresent("UDF7", true): Text 'UDF7' is present on page  using regular expression

2022-02-11 23:04:44 - [MESSAGE][PASSED] - Text 'UDF7' is present on page  using regular expression

2022-02-11 23:04:44 - [TEST_STEP][PASSED] - verifyTextPresent("UDF8", true): Text 'UDF8' is present on page  using regular expression

2022-02-11 23:04:45 - [MESSAGE][PASSED] - Text 'UDF8' is present on page  using regular expression

2022-02-11 23:04:45 - [TEST_STEP][PASSED] - verifyTextPresent("UDF9", true): Text 'UDF9' is present on page  using regular expression

2022-02-11 23:04:45 - [MESSAGE][PASSED] - Text 'UDF9' is present on page  using regular expression

2022-02-11 23:04:45 - [TEST_STEP][PASSED] - verifyTextPresent("UDF 10", true): Text 'UDF 10' is present on page  using regular expression

2022-02-11 23:04:45 - [MESSAGE][PASSED] - Text 'UDF 10' is present on page  using regular expression

2022-02-11 23:04:45 - [TEST_STEP][FAILED] - verifyTextPresent("Australia", true): Text 'Australia' is not present on page  using regular expression (Root cause: com.kms.katalon.core.exception.StepFailedException: Text 'Australia' is not present on page  using regular expression
	at com.kms.katalon.core.webui.keyword.internal.WebUIKeywordMain.stepFailed(WebUIKeywordMain.groovy:64)
	at com.kms.katalon.core.webui.keyword.builtin.VerifyTextPresentKeyword$_verifyTextPresent_closure1.doCall(VerifyTextPresentKeyword.groovy:79)
	at com.kms.katalon.core.webui.keyword.builtin.VerifyTextPresentKeyword$_verifyTextPresent_closure1.call(VerifyTextPresentKeyword.groovy)
	at com.kms.katalon.core.webui.keyword.internal.WebUIKeywordMain.runKeyword(WebUIKeywordMain.groovy:20)
	at com.kms.katalon.core.webui.keyword.builtin.VerifyTextPresentKeyword.verifyTextPresent(VerifyTextPresentKeyword.groovy:83)
	at com.kms.katalon.core.webui.keyword.builtin.VerifyTextPresentKeyword.execute(VerifyTextPresentKeyword.groovy:68)
	at com.kms.katalon.core.keyword.internal.KeywordExecutor.executeKeywordForPlatform(KeywordExecutor.groovy:74)
	at com.kms.katalon.core.webui.keyword.WebUiBuiltInKeywords.verifyTextPresent(WebUiBuiltInKeywords.groovy:1723)
	at com.kms.katalon.core.webui.keyword.WebUiBuiltInKeywords$verifyTextPresent$8.call(Unknown Source)
	at SaleKeyboard_TP_SCF_App238_Payment_TC.run(SaleKeyboard_TP_SCF_App238_Payment_TC:77)
	at com.kms.katalon.core.main.ScriptEngine.run(ScriptEngine.java:194)
	at com.kms.katalon.core.main.ScriptEngine.runScriptAsRawText(ScriptEngine.java:119)
	at com.kms.katalon.core.main.TestCaseExecutor.runScript(TestCaseExecutor.java:442)
	at com.kms.katalon.core.main.TestCaseExecutor.doExecute(TestCaseExecutor.java:433)
	at com.kms.katalon.core.main.TestCaseExecutor.processExecutionPhase(TestCaseExecutor.java:412)
	at com.kms.katalon.core.main.TestCaseExecutor.accessMainPhase(TestCaseExecutor.java:404)
	at com.kms.katalon.core.main.TestCaseExecutor.execute(TestCaseExecutor.java:281)
	at com.kms.katalon.core.main.TestSuiteExecutor.accessTestCaseMainPhase(TestSuiteExecutor.java:202)
	at com.kms.katalon.core.main.TestSuiteExecutor.accessTestSuiteMainPhase(TestSuiteExecutor.java:164)
	at com.kms.katalon.core.main.TestSuiteExecutor.execute(TestSuiteExecutor.java:105)
	at com.kms.katalon.core.main.TestCaseMain.startTestSuite(TestCaseMain.java:181)
	at com.kms.katalon.core.main.TestCaseMain$startTestSuite$0.call(Unknown Source)
	at TempTestSuite1644638509545.run(TempTestSuite1644638509545.groovy:36)
)

2022-02-11 23:04:46 - [MESSAGE][FAILED] - Text 'Australia' is not present on page  using regular expression (Root cause: com.kms.katalon.core.exception.StepFailedException: Text 'Australia' is not present on page  using regular expression
	at com.kms.katalon.core.webui.keyword.internal.WebUIKeywordMain.stepFailed(WebUIKeywordMain.groovy:64)
	at com.kms.katalon.core.webui.keyword.builtin.VerifyTextPresentKeyword$_verifyTextPresent_closure1.doCall(VerifyTextPresentKeyword.groovy:79)
	at com.kms.katalon.core.webui.keyword.builtin.VerifyTextPresentKeyword$_verifyTextPresent_closure1.call(VerifyTextPresentKeyword.groovy)
	at com.kms.katalon.core.webui.keyword.internal.WebUIKeywordMain.runKeyword(WebUIKeywordMain.groovy:20)
	at com.kms.katalon.core.webui.keyword.builtin.VerifyTextPresentKeyword.verifyTextPresent(VerifyTextPresentKeyword.groovy:83)
	at com.kms.katalon.core.webui.keyword.builtin.VerifyTextPresentKeyword.execute(VerifyTextPresentKeyword.groovy:68)
	at com.kms.katalon.core.keyword.internal.KeywordExecutor.executeKeywordForPlatform(KeywordExecutor.groovy:74)
	at com.kms.katalon.core.webui.keyword.WebUiBuiltInKeywords.verifyTextPresent(WebUiBuiltInKeywords.groovy:1723)
	at com.kms.katalon.core.webui.keyword.WebUiBuiltInKeywords$verifyTextPresent$8.call(Unknown Source)
	at SaleKeyboard_TP_SCF_App238_Payment_TC.run(SaleKeyboard_TP_SCF_App238_Payment_TC:77)
	at com.kms.katalon.core.main.ScriptEngine.run(ScriptEngine.java:194)
	at com.kms.katalon.core.main.ScriptEngine.runScriptAsRawText(ScriptEngine.java:119)
	at com.kms.katalon.core.main.TestCaseExecutor.runScript(TestCaseExecutor.java:442)
	at com.kms.katalon.core.main.TestCaseExecutor.doExecute(TestCaseExecutor.java:433)
	at com.kms.katalon.core.main.TestCaseExecutor.processExecutionPhase(TestCaseExecutor.java:412)
	at com.kms.katalon.core.main.TestCaseExecutor.accessMainPhase(TestCaseExecutor.java:404)
	at com.kms.katalon.core.main.TestCaseExecutor.execute(TestCaseExecutor.java:281)
	at com.kms.katalon.core.main.TestSuiteExecutor.accessTestCaseMainPhase(TestSuiteExecutor.java:202)
	at com.kms.katalon.core.main.TestSuiteExecutor.accessTestSuiteMainPhase(TestSuiteExecutor.java:164)
	at com.kms.katalon.core.main.TestSuiteExecutor.execute(TestSuiteExecutor.java:105)
	at com.kms.katalon.core.main.TestCaseMain.startTestSuite(TestCaseMain.java:181)
	at com.kms.katalon.core.main.TestCaseMain$startTestSuite$0.call(Unknown Source)
	at TempTestSuite1644638509545.run(TempTestSuite1644638509545.groovy:36)
)

2022-02-11 23:04:46 - [TEST_STEP][PASSED] - verifyTextPresent("Denmark", true): Text 'Denmark' is present on page  using regular expression

2022-02-11 23:04:46 - [MESSAGE][PASSED] - Text 'Denmark' is present on page  using regular expression

2022-02-11 23:04:46 - [TEST_STEP][PASSED] - verifyTextPresent("Sweden", true): Text 'Sweden' is present on page  using regular expression

2022-02-11 23:04:46 - [MESSAGE][PASSED] - Text 'Sweden' is present on page  using regular expression

2022-02-11 23:04:46 - [TEST_STEP][PASSED] - verifyTextPresent("Austria", true): Text 'Austria' is present on page  using regular expression

2022-02-11 23:04:47 - [MESSAGE][PASSED] - Text 'Austria' is present on page  using regular expression

2022-02-11 23:04:47 - [TEST_STEP][PASSED] - verifyTextPresent("Orange Recorded", true): Text 'Orange Recorded' is present on page  using regular expression

2022-02-11 23:04:47 - [MESSAGE][PASSED] - Text 'Orange Recorded' is present on page  using regular expression

2022-02-11 23:04:47 - [TEST_STEP][PASSED] - verifyTextPresent("Yellow Recorded", true): Text 'Yellow Recorded' is present on page  using regular expression

2022-02-11 23:04:47 - [MESSAGE][PASSED] - Text 'Yellow Recorded' is present on page  using regular expression

2022-02-11 23:04:47 - [TEST_STEP][PASSED] - verifyTextPresent("Norway", true): Text 'Norway' is present on page  using regular expression

2022-02-11 23:04:48 - [MESSAGE][PASSED] - Text 'Norway' is present on page  using regular expression

2022-02-11 23:04:48 - [TEST_STEP][PASSED] - verifyTextPresent("Netherlands", true): Text 'Netherlands' is present on page  using regular expression

2022-02-11 23:04:48 - [MESSAGE][PASSED] - Text 'Netherlands' is present on page  using regular expression

2022-02-11 23:04:48 - [TEST_STEP][PASSED] - verifyTextPresent("Switzerland", true): Text 'Switzerland' is present on page  using regular expression

2022-02-11 23:04:48 - [MESSAGE][PASSED] - Text 'Switzerland' is present on page  using regular expression

2022-02-11 23:04:48 - [TEST_STEP][PASSED] - verifyTextPresent("France", true): Text 'France' is present on page  using regular expression

2022-02-11 23:04:49 - [MESSAGE][PASSED] - Text 'France' is present on page  using regular expression

2022-02-11 23:04:49 - [TEST_STEP][PASSED] - verifyTextPresent("Amount", true): Text 'Amount' is present on page  using regular expression

2022-02-11 23:04:49 - [MESSAGE][PASSED] - Text 'Amount' is present on page  using regular expression

2022-02-11 23:04:49 - [TEST_STEP][PASSED] - verifyTextPresent("Convenience Fee", true): Text 'Convenience Fee' is present on page  using regular expression

2022-02-11 23:04:49 - [MESSAGE][PASSED] - Text 'Convenience Fee' is present on page  using regular expression

2022-02-11 23:04:50 - [TEST_STEP][PASSED] - verifyTextPresent("Convenience Fee Type", true): Text 'Convenience Fee Type' is present on page  using regular expression

2022-02-11 23:04:50 - [MESSAGE][PASSED] - Text 'Convenience Fee Type' is present on page  using regular expression

2022-02-11 23:04:50 - [TEST_STEP][PASSED] - verifyTextPresent("Total Amount", true): Text 'Total Amount' is present on page  using regular expression

2022-02-11 23:04:50 - [MESSAGE][PASSED] - Text 'Total Amount' is present on page  using regular expression

2022-02-11 23:04:50 - [TEST_STEP][PASSED] - verifyTextPresent("Transaction Type", true): Text 'Transaction Type' is present on page  using regular expression

2022-02-11 23:04:51 - [MESSAGE][PASSED] - Text 'Transaction Type' is present on page  using regular expression

2022-02-11 23:04:51 - [TEST_STEP][PASSED] - verifyTextPresent("10.50", true): Text '10.50' is present on page  using regular expression

2022-02-11 23:04:51 - [MESSAGE][PASSED] - Text '10.50' is present on page  using regular expression

2022-02-11 23:04:51 - [TEST_STEP][PASSED] - verifyTextPresent("5.00", true): Text '5.00' is present on page  using regular expression

2022-02-11 23:04:51 - [MESSAGE][PASSED] - Text '5.00' is present on page  using regular expression

2022-02-11 23:04:51 - [TEST_STEP][PASSED] - verifyTextPresent("Single Transaction", true): Text 'Single Transaction' is present on page  using regular expression

2022-02-11 23:04:52 - [MESSAGE][PASSED] - Text 'Single Transaction' is present on page  using regular expression

2022-02-11 23:04:52 - [TEST_STEP][PASSED] - verifyTextPresent("15.50", true): Text '15.50' is present on page  using regular expression

2022-02-11 23:04:52 - [MESSAGE][PASSED] - Text '15.50' is present on page  using regular expression

2022-02-11 23:04:52 - [TEST_STEP][PASSED] - verifyTextPresent("Authorization and Capture", true): Text 'Authorization and Capture' is present on page  using regular expression

2022-02-11 23:04:52 - [MESSAGE][PASSED] - Text 'Authorization and Capture' is present on page  using regular expression

2022-02-11 23:04:52 - [TEST_STEP][PASSED] - verifyTextPresent("Card Information", true): Text 'Card Information' is present on page  using regular expression

2022-02-11 23:04:53 - [MESSAGE][PASSED] - Text 'Card Information' is present on page  using regular expression

2022-02-11 23:04:53 - [TEST_STEP][PASSED] - verifyTextPresent("SHIV HARI", true): Text 'SHIV HARI' is present on page  using regular expression

2022-02-11 23:04:53 - [MESSAGE][PASSED] - Text 'SHIV HARI' is present on page  using regular expression

2022-02-11 23:04:53 - [TEST_STEP][PASSED] - switch (cardNumbers[i]): null

2022-02-11 23:04:53 - [TEST_STEP][PASSED] - case "4012000098765439":: null

2022-02-11 23:04:53 - [TEST_STEP][PASSED] - verifyTextPresent("Visa", true): Text 'Visa' is present on page  using regular expression

2022-02-11 23:04:53 - [MESSAGE][PASSED] - Text 'Visa' is present on page  using regular expression

2022-02-11 23:04:53 - [TEST_STEP][PASSED] - verifyTextPresent("5439", true): Text '5439' is present on page  using regular expression

2022-02-11 23:04:54 - [MESSAGE][PASSED] - Text '5439' is present on page  using regular expression

2022-02-11 23:04:54 - [TEST_STEP][PASSED] - break: null

2022-02-11 23:04:54 - [TEST_STEP][PASSED] - verifyTextPresent("Address Line 1", true): Text 'Address Line 1' is present on page  using regular expression

2022-02-11 23:04:54 - [MESSAGE][PASSED] - Text 'Address Line 1' is present on page  using regular expression

2022-02-11 23:04:54 - [TEST_STEP][PASSED] - verifyTextPresent("Address Line 2", true): Text 'Address Line 2' is present on page  using regular expression

2022-02-11 23:04:54 - [MESSAGE][PASSED] - Text 'Address Line 2' is present on page  using regular expression

2022-02-11 23:04:54 - [TEST_STEP][PASSED] - verifyTextPresent("Country", true): Text 'Country' is present on page  using regular expression

2022-02-11 23:04:55 - [MESSAGE][PASSED] - Text 'Country' is present on page  using regular expression

2022-02-11 23:04:55 - [TEST_STEP][PASSED] - verifyTextPresent("City", true): Text 'City' is present on page  using regular expression

2022-02-11 23:04:55 - [MESSAGE][PASSED] - Text 'City' is present on page  using regular expression

2022-02-11 23:04:55 - [TEST_STEP][PASSED] - verifyTextPresent("State", true): Text 'State' is present on page  using regular expression

2022-02-11 23:04:55 - [MESSAGE][PASSED] - Text 'State' is present on page  using regular expression

2022-02-11 23:04:55 - [TEST_STEP][PASSED] - verifyTextPresent("ZIP Code", true): Text 'ZIP Code' is present on page  using regular expression

2022-02-11 23:04:56 - [MESSAGE][PASSED] - Text 'ZIP Code' is present on page  using regular expression

2022-02-11 23:04:56 - [TEST_STEP][PASSED] - verifyTextPresent("2311 York road", true): Text '2311 York road' is present on page  using regular expression

2022-02-11 23:04:56 - [MESSAGE][PASSED] - Text '2311 York road' is present on page  using regular expression

2022-02-11 23:04:56 - [TEST_STEP][PASSED] - verifyTextPresent("Suite 500", true): Text 'Suite 500' is present on page  using regular expression

2022-02-11 23:04:56 - [MESSAGE][PASSED] - Text 'Suite 500' is present on page  using regular expression

2022-02-11 23:04:56 - [TEST_STEP][PASSED] - verifyTextPresent("United States", true): Text 'United States' is present on page  using regular expression

2022-02-11 23:04:57 - [MESSAGE][PASSED] - Text 'United States' is present on page  using regular expression

2022-02-11 23:04:57 - [TEST_STEP][PASSED] - verifyTextPresent("LUTHERVILLE TIMONIUM", true): Text 'LUTHERVILLE TIMONIUM' is present on page  using regular expression

2022-02-11 23:04:57 - [MESSAGE][PASSED] - Text 'LUTHERVILLE TIMONIUM' is present on page  using regular expression

2022-02-11 23:04:57 - [TEST_STEP][PASSED] - verifyTextPresent("Maryland", true): Text 'Maryland' is present on page  using regular expression

2022-02-11 23:04:57 - [MESSAGE][PASSED] - Text 'Maryland' is present on page  using regular expression

2022-02-11 23:04:57 - [TEST_STEP][PASSED] - verifyTextPresent("21093", true): Text '21093' is present on page  using regular expression

2022-02-11 23:04:58 - [MESSAGE][PASSED] - Text '21093' is present on page  using regular expression

2022-02-11 23:04:58 - [TEST_STEP][PASSED] - adminSuiteBootstrap.loginFunctionality.login_AdminSuite(): adminSuiteBootstrap.loginFunctionality.login_AdminSuite is PASSED

2022-02-11 23:04:58 - [MESSAGE][WARNING] - A browser is already opened. Closing browser and opening a new one

2022-02-11 23:04:59 - [MESSAGE][INFO] - Starting 'Chrome' driver

2022-02-11 23:04:59 - [MESSAGE][INFO] - User set preference: ['acceptInsecureCerts', 'true']

2022-02-11 23:04:59 - [MESSAGE][INFO] - Action delay is set to 0 milliseconds

2022-02-11 23:05:02 - [MESSAGE][PASSED] - Browser is opened with url: 'https://qa.velocitypayment.com/admin/imtiaz'

2022-02-11 23:05:02 - [MESSAGE][PASSED] - Current window maximized

2022-02-11 23:05:02 - [MESSAGE][PASSED] - Object 'Object Repository/Login_Page/Login_Username' is present

2022-02-11 23:05:03 - [MESSAGE][PASSED] - Text 'iahmed' is set on object 'Object Repository/Login_Page/Login_Username'

2022-02-11 23:05:03 - [MESSAGE][PASSED] - Text 'hello2222' is set on object 'Object Repository/Login_Page/Login_Password'

2022-02-11 23:05:08 - [MESSAGE][PASSED] - Object: 'Object Repository/Login_Page/Login_Submit' is clicked on

2022-02-11 23:05:08 - [MESSAGE][PASSED] - adminSuiteBootstrap.loginFunctionality.login_AdminSuite is PASSED

2022-02-11 23:05:08 - [TEST_STEP][PASSED] - click(findTestObject(path_Dashboard + "span_Payment")): Object: 'Object Repository/AdminSuiteBootstrap_Pages/Dashboard_Bootstrap/span_Payment' is clicked on

2022-02-11 23:05:08 - [MESSAGE][PASSED] - Object: 'Object Repository/AdminSuiteBootstrap_Pages/Dashboard_Bootstrap/span_Payment' is clicked on

2022-02-11 23:05:08 - [TEST_STEP][PASSED] - click(findTestObject(path_Dashboard + "a_HelloWorld3")): Object: 'Object Repository/AdminSuiteBootstrap_Pages/Dashboard_Bootstrap/a_HelloWorld3' is clicked on

2022-02-11 23:05:10 - [MESSAGE][PASSED] - Object: 'Object Repository/AdminSuiteBootstrap_Pages/Dashboard_Bootstrap/a_HelloWorld3' is clicked on

2022-02-11 23:05:10 - [TEST_STEP][PASSED] - click(findTestObject(path_VT + "button_Authorization  Capture (Sale)")): Object: 'Object Repository/AdminSuiteBootstrap_Pages/VT_Bootstrap/IssueTransactions/button_Authorization  Capture (Sale)' is clicked on

2022-02-11 23:05:10 - [MESSAGE][PASSED] - Object: 'Object Repository/AdminSuiteBootstrap_Pages/VT_Bootstrap/IssueTransactions/button_Authorization  Capture (Sale)' is clicked on

2022-02-11 23:05:10 - [TEST_STEP][PASSED] - saleKeyboardEntryLink = modifyObjectProperty(findTestObject(path_VT + "a_KeyboardEntry_Sale"), "href", "equals", hrefAppID, true): Modify property of object successfully

2022-02-11 23:05:10 - [MESSAGE][PASSED] - Modify property of object successfully

2022-02-11 23:05:10 - [TEST_STEP][PASSED] - click(saleKeyboardEntryLink): Object: 'Object Repository/AdminSuiteBootstrap_Pages/VT_Bootstrap/IssueTransactions/a_KeyboardEntry_Sale' is clicked on

2022-02-11 23:05:11 - [MESSAGE][PASSED] - Object: 'Object Repository/AdminSuiteBootstrap_Pages/VT_Bootstrap/IssueTransactions/a_KeyboardEntry_Sale' is clicked on

2022-02-11 23:05:11 - [TEST_STEP][PASSED] - adminSuiteBootstrap.virtualTerminalSetData.saleKeyboard_HardCoded_AllCardTypes(cardNumbers[i]): adminSuiteBootstrap.virtualTerminalSetData.saleKeyboard_HardCoded_AllCardTypes is PASSED

2022-02-11 23:05:13 - [MESSAGE][PASSED] - Text 'Shiv Hari' is set on object 'Object Repository/AdminSuiteBootstrap_Pages/VT_Bootstrap/SaleKeyboard/input_cardName'

2022-02-11 23:05:14 - [MESSAGE][PASSED] - All options with value 'MOTO' are selected in object 'Object Repository/AdminSuiteBootstrap_Pages/VT_Bootstrap/SaleKeyboard/select_transactionCategory'  using regular expression

2022-02-11 23:05:14 - [MESSAGE][PASSED] - Execute JavaScript 'arguments[0].value ='5146312200000035' ' successfully

2022-02-11 23:05:14 - [MESSAGE][PASSED] - Execute JavaScript 'arguments[0].value ='123'' successfully

2022-02-11 23:05:15 - [MESSAGE][PASSED] - All options with value '12' are selected in object 'Object Repository/AdminSuiteBootstrap_Pages/VT_Bootstrap/SaleKeyboard/select_MM'  using regular expression

2022-02-11 23:05:16 - [MESSAGE][PASSED] - All options with value '2026' are selected in object 'Object Repository/AdminSuiteBootstrap_Pages/VT_Bootstrap/SaleKeyboard/select_YYYY'  using regular expression

2022-02-11 23:05:17 - [MESSAGE][PASSED] - Text '2311 York road' is set on object 'Object Repository/AdminSuiteBootstrap_Pages/VT_Bootstrap/SaleKeyboard/input__address'

2022-02-11 23:05:17 - [MESSAGE][PASSED] - Text 'Suite 500' is set on object 'Object Repository/AdminSuiteBootstrap_Pages/VT_Bootstrap/SaleKeyboard/input__address2'

2022-02-11 23:05:18 - [MESSAGE][PASSED] - Text '21093' is set on object 'Object Repository/AdminSuiteBootstrap_Pages/VT_Bootstrap/SaleKeyboard/input__zip'

2022-02-11 23:05:19 - [MESSAGE][PASSED] - Text 'iahmed@govolution.com' is set on object 'Object Repository/AdminSuiteBootstrap_Pages/VT_Bootstrap/SaleKeyboard/input_emailAddress'

2022-02-11 23:05:20 - [MESSAGE][PASSED] - Text '' is set on object 'Object Repository/AdminSuiteBootstrap_Pages/VT_Bootstrap/SaleKeyboard/input_smsNumber'

2022-02-11 23:05:21 - [MESSAGE][PASSED] - Text '10.50' is set on object 'Object Repository/AdminSuiteBootstrap_Pages/VT_Bootstrap/SaleKeyboard/input_amount'

2022-02-11 23:05:22 - [MESSAGE][PASSED] - Text 'Australia' is set on object 'Object Repository/AdminSuiteBootstrap_Pages/VT_Bootstrap/SaleKeyboard/input_userDefined1'

2022-02-11 23:05:23 - [MESSAGE][PASSED] - Text 'Denmark' is set on object 'Object Repository/AdminSuiteBootstrap_Pages/VT_Bootstrap/SaleKeyboard/input_userDefined2'

2022-02-11 23:05:24 - [MESSAGE][PASSED] - Text 'Sweden' is set on object 'Object Repository/AdminSuiteBootstrap_Pages/VT_Bootstrap/SaleKeyboard/input_userDefined3'

2022-02-11 23:05:24 - [MESSAGE][PASSED] - Text 'Austria' is set on object 'Object Repository/AdminSuiteBootstrap_Pages/VT_Bootstrap/SaleKeyboard/input_userDefined4'

2022-02-11 23:05:25 - [MESSAGE][PASSED] - All options with label 'Orange' are selected in object 'Object Repository/AdminSuiteBootstrap_Pages/VT_Bootstrap/SaleKeyboard/select_UDF5_DropDown'  using regular expression

2022-02-11 23:05:26 - [MESSAGE][PASSED] - All options with label 'Yellow' are selected in object 'Object Repository/AdminSuiteBootstrap_Pages/VT_Bootstrap/SaleKeyboard/select_UDF6_DropDown'  using regular expression

2022-02-11 23:05:27 - [MESSAGE][PASSED] - Text 'Norway' is set on object 'Object Repository/AdminSuiteBootstrap_Pages/VT_Bootstrap/SaleKeyboard/input_userDefined7'

2022-02-11 23:05:28 - [MESSAGE][PASSED] - Text 'Netherlands' is set on object 'Object Repository/AdminSuiteBootstrap_Pages/VT_Bootstrap/SaleKeyboard/input_userDefined8'

2022-02-11 23:05:29 - [MESSAGE][PASSED] - Text 'Switzerland' is set on object 'Object Repository/AdminSuiteBootstrap_Pages/VT_Bootstrap/SaleKeyboard/input_userDefined9'

2022-02-11 23:05:29 - [MESSAGE][PASSED] - Text 'France' is set on object 'Object Repository/AdminSuiteBootstrap_Pages/VT_Bootstrap/SaleKeyboard/input_userDefined10'

2022-02-11 23:05:31 - [MESSAGE][PASSED] - Object: 'Object Repository/AdminSuiteBootstrap_Pages/VT_Bootstrap/SaleKeyboard/button_Submit' is clicked on

2022-02-11 23:05:31 - [MESSAGE][PASSED] - adminSuiteBootstrap.virtualTerminalSetData.saleKeyboard_HardCoded_AllCardTypes is PASSED

2022-02-11 23:05:31 - [TEST_STEP][PASSED] - verifyTextPresent("Transaction Successful", true): Text 'Transaction Successful' is present on page  using regular expression

2022-02-11 23:05:32 - [MESSAGE][PASSED] - Text 'Transaction Successful' is present on page  using regular expression

2022-02-11 23:05:32 - [TEST_STEP][PASSED] - verifyElementVisible(findTestObject("Object Repository/AdminSuiteBootstrap_Pages/VT_Bootstrap/Receipt/button_Continue")): Object 'Object Repository/AdminSuiteBootstrap_Pages/VT_Bootstrap/Receipt/button_Continue' is visible

2022-02-11 23:05:32 - [MESSAGE][PASSED] - Object 'Object Repository/AdminSuiteBootstrap_Pages/VT_Bootstrap/Receipt/button_Continue' is visible

2022-02-11 23:05:32 - [TEST_STEP][PASSED] - verifyElementPresent(findTestObject("Object Repository/AdminSuiteBootstrap_Pages/VT_Bootstrap/Receipt/button_Continue"), 20): Object 'Object Repository/AdminSuiteBootstrap_Pages/VT_Bootstrap/Receipt/button_Continue' is present

2022-02-11 23:05:33 - [MESSAGE][PASSED] - Object 'Object Repository/AdminSuiteBootstrap_Pages/VT_Bootstrap/Receipt/button_Continue' is present

2022-02-11 23:05:33 - [TEST_STEP][PASSED] - verifyElementVisible(findTestObject("Object Repository/AdminSuiteBootstrap_Pages/VT_Bootstrap/Receipt/button_Print")): Object 'Object Repository/AdminSuiteBootstrap_Pages/VT_Bootstrap/Receipt/button_Print' is visible

2022-02-11 23:05:33 - [MESSAGE][PASSED] - Object 'Object Repository/AdminSuiteBootstrap_Pages/VT_Bootstrap/Receipt/button_Print' is visible

2022-02-11 23:05:33 - [TEST_STEP][PASSED] - verifyElementPresent(findTestObject("Object Repository/AdminSuiteBootstrap_Pages/VT_Bootstrap/Receipt/button_Print"), 20): Object 'Object Repository/AdminSuiteBootstrap_Pages/VT_Bootstrap/Receipt/button_Print' is present

2022-02-11 23:05:33 - [MESSAGE][PASSED] - Object 'Object Repository/AdminSuiteBootstrap_Pages/VT_Bootstrap/Receipt/button_Print' is present

2022-02-11 23:05:33 - [TEST_STEP][PASSED] - verifyTextPresent("Remittance ID", true): Text 'Remittance ID' is present on page  using regular expression

2022-02-11 23:05:34 - [MESSAGE][PASSED] - Text 'Remittance ID' is present on page  using regular expression

2022-02-11 23:05:34 - [TEST_STEP][PASSED] - verifyTextPresent("Received", true): Text 'Received' is present on page  using regular expression

2022-02-11 23:05:34 - [MESSAGE][PASSED] - Text 'Received' is present on page  using regular expression

2022-02-11 23:05:34 - [TEST_STEP][FAILED] - verifyTextPresent("UDF1", true): Text 'UDF1' is not present on page  using regular expression (Root cause: com.kms.katalon.core.exception.StepFailedException: Text 'UDF1' is not present on page  using regular expression
	at com.kms.katalon.core.webui.keyword.internal.WebUIKeywordMain.stepFailed(WebUIKeywordMain.groovy:64)
	at com.kms.katalon.core.webui.keyword.builtin.VerifyTextPresentKeyword$_verifyTextPresent_closure1.doCall(VerifyTextPresentKeyword.groovy:79)
	at com.kms.katalon.core.webui.keyword.builtin.VerifyTextPresentKeyword$_verifyTextPresent_closure1.call(VerifyTextPresentKeyword.groovy)
	at com.kms.katalon.core.webui.keyword.internal.WebUIKeywordMain.runKeyword(WebUIKeywordMain.groovy:20)
	at com.kms.katalon.core.webui.keyword.builtin.VerifyTextPresentKeyword.verifyTextPresent(VerifyTextPresentKeyword.groovy:83)
	at com.kms.katalon.core.webui.keyword.builtin.VerifyTextPresentKeyword.execute(VerifyTextPresentKeyword.groovy:68)
	at com.kms.katalon.core.keyword.internal.KeywordExecutor.executeKeywordForPlatform(KeywordExecutor.groovy:74)
	at com.kms.katalon.core.webui.keyword.WebUiBuiltInKeywords.verifyTextPresent(WebUiBuiltInKeywords.groovy:1723)
	at com.kms.katalon.core.webui.keyword.WebUiBuiltInKeywords$verifyTextPresent$8.call(Unknown Source)
	at SaleKeyboard_TP_SCF_App238_Payment_TC.run(SaleKeyboard_TP_SCF_App238_Payment_TC:66)
	at com.kms.katalon.core.main.ScriptEngine.run(ScriptEngine.java:194)
	at com.kms.katalon.core.main.ScriptEngine.runScriptAsRawText(ScriptEngine.java:119)
	at com.kms.katalon.core.main.TestCaseExecutor.runScript(TestCaseExecutor.java:442)
	at com.kms.katalon.core.main.TestCaseExecutor.doExecute(TestCaseExecutor.java:433)
	at com.kms.katalon.core.main.TestCaseExecutor.processExecutionPhase(TestCaseExecutor.java:412)
	at com.kms.katalon.core.main.TestCaseExecutor.accessMainPhase(TestCaseExecutor.java:404)
	at com.kms.katalon.core.main.TestCaseExecutor.execute(TestCaseExecutor.java:281)
	at com.kms.katalon.core.main.TestSuiteExecutor.accessTestCaseMainPhase(TestSuiteExecutor.java:202)
	at com.kms.katalon.core.main.TestSuiteExecutor.accessTestSuiteMainPhase(TestSuiteExecutor.java:164)
	at com.kms.katalon.core.main.TestSuiteExecutor.execute(TestSuiteExecutor.java:105)
	at com.kms.katalon.core.main.TestCaseMain.startTestSuite(TestCaseMain.java:181)
	at com.kms.katalon.core.main.TestCaseMain$startTestSuite$0.call(Unknown Source)
	at TempTestSuite1644638509545.run(TempTestSuite1644638509545.groovy:36)
)

2022-02-11 23:05:34 - [MESSAGE][FAILED] - Text 'UDF1' is not present on page  using regular expression (Root cause: com.kms.katalon.core.exception.StepFailedException: Text 'UDF1' is not present on page  using regular expression
	at com.kms.katalon.core.webui.keyword.internal.WebUIKeywordMain.stepFailed(WebUIKeywordMain.groovy:64)
	at com.kms.katalon.core.webui.keyword.builtin.VerifyTextPresentKeyword$_verifyTextPresent_closure1.doCall(VerifyTextPresentKeyword.groovy:79)
	at com.kms.katalon.core.webui.keyword.builtin.VerifyTextPresentKeyword$_verifyTextPresent_closure1.call(VerifyTextPresentKeyword.groovy)
	at com.kms.katalon.core.webui.keyword.internal.WebUIKeywordMain.runKeyword(WebUIKeywordMain.groovy:20)
	at com.kms.katalon.core.webui.keyword.builtin.VerifyTextPresentKeyword.verifyTextPresent(VerifyTextPresentKeyword.groovy:83)
	at com.kms.katalon.core.webui.keyword.builtin.VerifyTextPresentKeyword.execute(VerifyTextPresentKeyword.groovy:68)
	at com.kms.katalon.core.keyword.internal.KeywordExecutor.executeKeywordForPlatform(KeywordExecutor.groovy:74)
	at com.kms.katalon.core.webui.keyword.WebUiBuiltInKeywords.verifyTextPresent(WebUiBuiltInKeywords.groovy:1723)
	at com.kms.katalon.core.webui.keyword.WebUiBuiltInKeywords$verifyTextPresent$8.call(Unknown Source)
	at SaleKeyboard_TP_SCF_App238_Payment_TC.run(SaleKeyboard_TP_SCF_App238_Payment_TC:66)
	at com.kms.katalon.core.main.ScriptEngine.run(ScriptEngine.java:194)
	at com.kms.katalon.core.main.ScriptEngine.runScriptAsRawText(ScriptEngine.java:119)
	at com.kms.katalon.core.main.TestCaseExecutor.runScript(TestCaseExecutor.java:442)
	at com.kms.katalon.core.main.TestCaseExecutor.doExecute(TestCaseExecutor.java:433)
	at com.kms.katalon.core.main.TestCaseExecutor.processExecutionPhase(TestCaseExecutor.java:412)
	at com.kms.katalon.core.main.TestCaseExecutor.accessMainPhase(TestCaseExecutor.java:404)
	at com.kms.katalon.core.main.TestCaseExecutor.execute(TestCaseExecutor.java:281)
	at com.kms.katalon.core.main.TestSuiteExecutor.accessTestCaseMainPhase(TestSuiteExecutor.java:202)
	at com.kms.katalon.core.main.TestSuiteExecutor.accessTestSuiteMainPhase(TestSuiteExecutor.java:164)
	at com.kms.katalon.core.main.TestSuiteExecutor.execute(TestSuiteExecutor.java:105)
	at com.kms.katalon.core.main.TestCaseMain.startTestSuite(TestCaseMain.java:181)
	at com.kms.katalon.core.main.TestCaseMain$startTestSuite$0.call(Unknown Source)
	at TempTestSuite1644638509545.run(TempTestSuite1644638509545.groovy:36)
)

2022-02-11 23:05:34 - [TEST_STEP][PASSED] - verifyTextPresent("UDF2", true): Text 'UDF2' is present on page  using regular expression

2022-02-11 23:05:35 - [MESSAGE][PASSED] - Text 'UDF2' is present on page  using regular expression

2022-02-11 23:05:35 - [TEST_STEP][PASSED] - verifyTextPresent("UDF3", true): Text 'UDF3' is present on page  using regular expression

2022-02-11 23:05:35 - [MESSAGE][PASSED] - Text 'UDF3' is present on page  using regular expression

2022-02-11 23:05:35 - [TEST_STEP][PASSED] - verifyTextPresent("UDF4", true): Text 'UDF4' is present on page  using regular expression

2022-02-11 23:05:35 - [MESSAGE][PASSED] - Text 'UDF4' is present on page  using regular expression

2022-02-11 23:05:35 - [TEST_STEP][PASSED] - verifyTextPresent("UDF5", true): Text 'UDF5' is present on page  using regular expression

2022-02-11 23:05:36 - [MESSAGE][PASSED] - Text 'UDF5' is present on page  using regular expression

2022-02-11 23:05:36 - [TEST_STEP][PASSED] - verifyTextPresent("UDF6", true): Text 'UDF6' is present on page  using regular expression

2022-02-11 23:05:36 - [MESSAGE][PASSED] - Text 'UDF6' is present on page  using regular expression

2022-02-11 23:05:36 - [TEST_STEP][PASSED] - verifyTextPresent("UDF7", true): Text 'UDF7' is present on page  using regular expression

2022-02-11 23:05:36 - [MESSAGE][PASSED] - Text 'UDF7' is present on page  using regular expression

2022-02-11 23:05:36 - [TEST_STEP][PASSED] - verifyTextPresent("UDF8", true): Text 'UDF8' is present on page  using regular expression

2022-02-11 23:05:37 - [MESSAGE][PASSED] - Text 'UDF8' is present on page  using regular expression

2022-02-11 23:05:37 - [TEST_STEP][PASSED] - verifyTextPresent("UDF9", true): Text 'UDF9' is present on page  using regular expression

2022-02-11 23:05:37 - [MESSAGE][PASSED] - Text 'UDF9' is present on page  using regular expression

2022-02-11 23:05:37 - [TEST_STEP][PASSED] - verifyTextPresent("UDF 10", true): Text 'UDF 10' is present on page  using regular expression

2022-02-11 23:05:37 - [MESSAGE][PASSED] - Text 'UDF 10' is present on page  using regular expression

2022-02-11 23:05:37 - [TEST_STEP][FAILED] - verifyTextPresent("Australia", true): Text 'Australia' is not present on page  using regular expression (Root cause: com.kms.katalon.core.exception.StepFailedException: Text 'Australia' is not present on page  using regular expression
	at com.kms.katalon.core.webui.keyword.internal.WebUIKeywordMain.stepFailed(WebUIKeywordMain.groovy:64)
	at com.kms.katalon.core.webui.keyword.builtin.VerifyTextPresentKeyword$_verifyTextPresent_closure1.doCall(VerifyTextPresentKeyword.groovy:79)
	at com.kms.katalon.core.webui.keyword.builtin.VerifyTextPresentKeyword$_verifyTextPresent_closure1.call(VerifyTextPresentKeyword.groovy)
	at com.kms.katalon.core.webui.keyword.internal.WebUIKeywordMain.runKeyword(WebUIKeywordMain.groovy:20)
	at com.kms.katalon.core.webui.keyword.builtin.VerifyTextPresentKeyword.verifyTextPresent(VerifyTextPresentKeyword.groovy:83)
	at com.kms.katalon.core.webui.keyword.builtin.VerifyTextPresentKeyword.execute(VerifyTextPresentKeyword.groovy:68)
	at com.kms.katalon.core.keyword.internal.KeywordExecutor.executeKeywordForPlatform(KeywordExecutor.groovy:74)
	at com.kms.katalon.core.webui.keyword.WebUiBuiltInKeywords.verifyTextPresent(WebUiBuiltInKeywords.groovy:1723)
	at com.kms.katalon.core.webui.keyword.WebUiBuiltInKeywords$verifyTextPresent$8.call(Unknown Source)
	at SaleKeyboard_TP_SCF_App238_Payment_TC.run(SaleKeyboard_TP_SCF_App238_Payment_TC:77)
	at com.kms.katalon.core.main.ScriptEngine.run(ScriptEngine.java:194)
	at com.kms.katalon.core.main.ScriptEngine.runScriptAsRawText(ScriptEngine.java:119)
	at com.kms.katalon.core.main.TestCaseExecutor.runScript(TestCaseExecutor.java:442)
	at com.kms.katalon.core.main.TestCaseExecutor.doExecute(TestCaseExecutor.java:433)
	at com.kms.katalon.core.main.TestCaseExecutor.processExecutionPhase(TestCaseExecutor.java:412)
	at com.kms.katalon.core.main.TestCaseExecutor.accessMainPhase(TestCaseExecutor.java:404)
	at com.kms.katalon.core.main.TestCaseExecutor.execute(TestCaseExecutor.java:281)
	at com.kms.katalon.core.main.TestSuiteExecutor.accessTestCaseMainPhase(TestSuiteExecutor.java:202)
	at com.kms.katalon.core.main.TestSuiteExecutor.accessTestSuiteMainPhase(TestSuiteExecutor.java:164)
	at com.kms.katalon.core.main.TestSuiteExecutor.execute(TestSuiteExecutor.java:105)
	at com.kms.katalon.core.main.TestCaseMain.startTestSuite(TestCaseMain.java:181)
	at com.kms.katalon.core.main.TestCaseMain$startTestSuite$0.call(Unknown Source)
	at TempTestSuite1644638509545.run(TempTestSuite1644638509545.groovy:36)
)

2022-02-11 23:05:38 - [MESSAGE][FAILED] - Text 'Australia' is not present on page  using regular expression (Root cause: com.kms.katalon.core.exception.StepFailedException: Text 'Australia' is not present on page  using regular expression
	at com.kms.katalon.core.webui.keyword.internal.WebUIKeywordMain.stepFailed(WebUIKeywordMain.groovy:64)
	at com.kms.katalon.core.webui.keyword.builtin.VerifyTextPresentKeyword$_verifyTextPresent_closure1.doCall(VerifyTextPresentKeyword.groovy:79)
	at com.kms.katalon.core.webui.keyword.builtin.VerifyTextPresentKeyword$_verifyTextPresent_closure1.call(VerifyTextPresentKeyword.groovy)
	at com.kms.katalon.core.webui.keyword.internal.WebUIKeywordMain.runKeyword(WebUIKeywordMain.groovy:20)
	at com.kms.katalon.core.webui.keyword.builtin.VerifyTextPresentKeyword.verifyTextPresent(VerifyTextPresentKeyword.groovy:83)
	at com.kms.katalon.core.webui.keyword.builtin.VerifyTextPresentKeyword.execute(VerifyTextPresentKeyword.groovy:68)
	at com.kms.katalon.core.keyword.internal.KeywordExecutor.executeKeywordForPlatform(KeywordExecutor.groovy:74)
	at com.kms.katalon.core.webui.keyword.WebUiBuiltInKeywords.verifyTextPresent(WebUiBuiltInKeywords.groovy:1723)
	at com.kms.katalon.core.webui.keyword.WebUiBuiltInKeywords$verifyTextPresent$8.call(Unknown Source)
	at SaleKeyboard_TP_SCF_App238_Payment_TC.run(SaleKeyboard_TP_SCF_App238_Payment_TC:77)
	at com.kms.katalon.core.main.ScriptEngine.run(ScriptEngine.java:194)
	at com.kms.katalon.core.main.ScriptEngine.runScriptAsRawText(ScriptEngine.java:119)
	at com.kms.katalon.core.main.TestCaseExecutor.runScript(TestCaseExecutor.java:442)
	at com.kms.katalon.core.main.TestCaseExecutor.doExecute(TestCaseExecutor.java:433)
	at com.kms.katalon.core.main.TestCaseExecutor.processExecutionPhase(TestCaseExecutor.java:412)
	at com.kms.katalon.core.main.TestCaseExecutor.accessMainPhase(TestCaseExecutor.java:404)
	at com.kms.katalon.core.main.TestCaseExecutor.execute(TestCaseExecutor.java:281)
	at com.kms.katalon.core.main.TestSuiteExecutor.accessTestCaseMainPhase(TestSuiteExecutor.java:202)
	at com.kms.katalon.core.main.TestSuiteExecutor.accessTestSuiteMainPhase(TestSuiteExecutor.java:164)
	at com.kms.katalon.core.main.TestSuiteExecutor.execute(TestSuiteExecutor.java:105)
	at com.kms.katalon.core.main.TestCaseMain.startTestSuite(TestCaseMain.java:181)
	at com.kms.katalon.core.main.TestCaseMain$startTestSuite$0.call(Unknown Source)
	at TempTestSuite1644638509545.run(TempTestSuite1644638509545.groovy:36)
)

2022-02-11 23:05:38 - [TEST_STEP][PASSED] - verifyTextPresent("Denmark", true): Text 'Denmark' is present on page  using regular expression

2022-02-11 23:05:38 - [MESSAGE][PASSED] - Text 'Denmark' is present on page  using regular expression

2022-02-11 23:05:38 - [TEST_STEP][PASSED] - verifyTextPresent("Sweden", true): Text 'Sweden' is present on page  using regular expression

2022-02-11 23:05:38 - [MESSAGE][PASSED] - Text 'Sweden' is present on page  using regular expression

2022-02-11 23:05:38 - [TEST_STEP][PASSED] - verifyTextPresent("Austria", true): Text 'Austria' is present on page  using regular expression

2022-02-11 23:05:39 - [MESSAGE][PASSED] - Text 'Austria' is present on page  using regular expression

2022-02-11 23:05:39 - [TEST_STEP][PASSED] - verifyTextPresent("Orange Recorded", true): Text 'Orange Recorded' is present on page  using regular expression

2022-02-11 23:05:39 - [MESSAGE][PASSED] - Text 'Orange Recorded' is present on page  using regular expression

2022-02-11 23:05:39 - [TEST_STEP][PASSED] - verifyTextPresent("Yellow Recorded", true): Text 'Yellow Recorded' is present on page  using regular expression

2022-02-11 23:05:39 - [MESSAGE][PASSED] - Text 'Yellow Recorded' is present on page  using regular expression

2022-02-11 23:05:39 - [TEST_STEP][PASSED] - verifyTextPresent("Norway", true): Text 'Norway' is present on page  using regular expression

2022-02-11 23:05:40 - [MESSAGE][PASSED] - Text 'Norway' is present on page  using regular expression

2022-02-11 23:05:40 - [TEST_STEP][PASSED] - verifyTextPresent("Netherlands", true): Text 'Netherlands' is present on page  using regular expression

2022-02-11 23:05:40 - [MESSAGE][PASSED] - Text 'Netherlands' is present on page  using regular expression

2022-02-11 23:05:40 - [TEST_STEP][PASSED] - verifyTextPresent("Switzerland", true): Text 'Switzerland' is present on page  using regular expression

2022-02-11 23:05:40 - [MESSAGE][PASSED] - Text 'Switzerland' is present on page  using regular expression

2022-02-11 23:05:40 - [TEST_STEP][PASSED] - verifyTextPresent("France", true): Text 'France' is present on page  using regular expression

2022-02-11 23:05:41 - [MESSAGE][PASSED] - Text 'France' is present on page  using regular expression

2022-02-11 23:05:41 - [TEST_STEP][PASSED] - verifyTextPresent("Amount", true): Text 'Amount' is present on page  using regular expression

2022-02-11 23:05:41 - [MESSAGE][PASSED] - Text 'Amount' is present on page  using regular expression

2022-02-11 23:05:41 - [TEST_STEP][PASSED] - verifyTextPresent("Convenience Fee", true): Text 'Convenience Fee' is present on page  using regular expression

2022-02-11 23:05:41 - [MESSAGE][PASSED] - Text 'Convenience Fee' is present on page  using regular expression

2022-02-11 23:05:41 - [TEST_STEP][PASSED] - verifyTextPresent("Convenience Fee Type", true): Text 'Convenience Fee Type' is present on page  using regular expression

2022-02-11 23:05:42 - [MESSAGE][PASSED] - Text 'Convenience Fee Type' is present on page  using regular expression

2022-02-11 23:05:42 - [TEST_STEP][PASSED] - verifyTextPresent("Total Amount", true): Text 'Total Amount' is present on page  using regular expression

2022-02-11 23:05:42 - [MESSAGE][PASSED] - Text 'Total Amount' is present on page  using regular expression

2022-02-11 23:05:42 - [TEST_STEP][PASSED] - verifyTextPresent("Transaction Type", true): Text 'Transaction Type' is present on page  using regular expression

2022-02-11 23:05:42 - [MESSAGE][PASSED] - Text 'Transaction Type' is present on page  using regular expression

2022-02-11 23:05:42 - [TEST_STEP][PASSED] - verifyTextPresent("10.50", true): Text '10.50' is present on page  using regular expression

2022-02-11 23:05:43 - [MESSAGE][PASSED] - Text '10.50' is present on page  using regular expression

2022-02-11 23:05:43 - [TEST_STEP][PASSED] - verifyTextPresent("5.00", true): Text '5.00' is present on page  using regular expression

2022-02-11 23:05:43 - [MESSAGE][PASSED] - Text '5.00' is present on page  using regular expression

2022-02-11 23:05:43 - [TEST_STEP][PASSED] - verifyTextPresent("Single Transaction", true): Text 'Single Transaction' is present on page  using regular expression

2022-02-11 23:05:43 - [MESSAGE][PASSED] - Text 'Single Transaction' is present on page  using regular expression

2022-02-11 23:05:43 - [TEST_STEP][PASSED] - verifyTextPresent("15.50", true): Text '15.50' is present on page  using regular expression

2022-02-11 23:05:44 - [MESSAGE][PASSED] - Text '15.50' is present on page  using regular expression

2022-02-11 23:05:44 - [TEST_STEP][PASSED] - verifyTextPresent("Authorization and Capture", true): Text 'Authorization and Capture' is present on page  using regular expression

2022-02-11 23:05:44 - [MESSAGE][PASSED] - Text 'Authorization and Capture' is present on page  using regular expression

2022-02-11 23:05:44 - [TEST_STEP][PASSED] - verifyTextPresent("Card Information", true): Text 'Card Information' is present on page  using regular expression

2022-02-11 23:05:44 - [MESSAGE][PASSED] - Text 'Card Information' is present on page  using regular expression

2022-02-11 23:05:44 - [TEST_STEP][PASSED] - verifyTextPresent("SHIV HARI", true): Text 'SHIV HARI' is present on page  using regular expression

2022-02-11 23:05:45 - [MESSAGE][PASSED] - Text 'SHIV HARI' is present on page  using regular expression

2022-02-11 23:05:45 - [TEST_STEP][PASSED] - switch (cardNumbers[i]): null

2022-02-11 23:05:45 - [TEST_STEP][PASSED] - case "5146312200000035":: null

2022-02-11 23:05:45 - [TEST_STEP][PASSED] - verifyTextPresent("MasterCard", true): Text 'MasterCard' is present on page  using regular expression

2022-02-11 23:05:45 - [MESSAGE][PASSED] - Text 'MasterCard' is present on page  using regular expression

2022-02-11 23:05:45 - [TEST_STEP][PASSED] - verifyTextPresent("0035", true): Text '0035' is present on page  using regular expression

2022-02-11 23:05:45 - [MESSAGE][PASSED] - Text '0035' is present on page  using regular expression

2022-02-11 23:05:45 - [TEST_STEP][PASSED] - break: null

2022-02-11 23:05:45 - [TEST_STEP][PASSED] - verifyTextPresent("Address Line 1", true): Text 'Address Line 1' is present on page  using regular expression

2022-02-11 23:05:46 - [MESSAGE][PASSED] - Text 'Address Line 1' is present on page  using regular expression

2022-02-11 23:05:46 - [TEST_STEP][PASSED] - verifyTextPresent("Address Line 2", true): Text 'Address Line 2' is present on page  using regular expression

2022-02-11 23:05:46 - [MESSAGE][PASSED] - Text 'Address Line 2' is present on page  using regular expression

2022-02-11 23:05:46 - [TEST_STEP][PASSED] - verifyTextPresent("Country", true): Text 'Country' is present on page  using regular expression

2022-02-11 23:05:46 - [MESSAGE][PASSED] - Text 'Country' is present on page  using regular expression

2022-02-11 23:05:46 - [TEST_STEP][PASSED] - verifyTextPresent("City", true): Text 'City' is present on page  using regular expression

2022-02-11 23:05:47 - [MESSAGE][PASSED] - Text 'City' is present on page  using regular expression

2022-02-11 23:05:47 - [TEST_STEP][PASSED] - verifyTextPresent("State", true): Text 'State' is present on page  using regular expression

2022-02-11 23:05:47 - [MESSAGE][PASSED] - Text 'State' is present on page  using regular expression

2022-02-11 23:05:47 - [TEST_STEP][PASSED] - verifyTextPresent("ZIP Code", true): Text 'ZIP Code' is present on page  using regular expression

2022-02-11 23:05:48 - [MESSAGE][PASSED] - Text 'ZIP Code' is present on page  using regular expression

2022-02-11 23:05:48 - [TEST_STEP][PASSED] - verifyTextPresent("2311 York road", true): Text '2311 York road' is present on page  using regular expression

2022-02-11 23:05:48 - [MESSAGE][PASSED] - Text '2311 York road' is present on page  using regular expression

2022-02-11 23:05:48 - [TEST_STEP][PASSED] - verifyTextPresent("Suite 500", true): Text 'Suite 500' is present on page  using regular expression

2022-02-11 23:05:48 - [MESSAGE][PASSED] - Text 'Suite 500' is present on page  using regular expression

2022-02-11 23:05:48 - [TEST_STEP][PASSED] - verifyTextPresent("United States", true): Text 'United States' is present on page  using regular expression

2022-02-11 23:05:49 - [MESSAGE][PASSED] - Text 'United States' is present on page  using regular expression

2022-02-11 23:05:49 - [TEST_STEP][PASSED] - verifyTextPresent("LUTHERVILLE TIMONIUM", true): Text 'LUTHERVILLE TIMONIUM' is present on page  using regular expression

2022-02-11 23:05:49 - [MESSAGE][PASSED] - Text 'LUTHERVILLE TIMONIUM' is present on page  using regular expression

2022-02-11 23:05:49 - [TEST_STEP][PASSED] - verifyTextPresent("Maryland", true): Text 'Maryland' is present on page  using regular expression

2022-02-11 23:05:49 - [MESSAGE][PASSED] - Text 'Maryland' is present on page  using regular expression

2022-02-11 23:05:49 - [TEST_STEP][PASSED] - verifyTextPresent("21093", true): Text '21093' is present on page  using regular expression

2022-02-11 23:05:50 - [MESSAGE][PASSED] - Text '21093' is present on page  using regular expression

2022-02-11 23:05:50 - [TEST_STEP][PASSED] - adminSuiteBootstrap.loginFunctionality.login_AdminSuite(): adminSuiteBootstrap.loginFunctionality.login_AdminSuite is PASSED

2022-02-11 23:05:50 - [MESSAGE][WARNING] - A browser is already opened. Closing browser and opening a new one

2022-02-11 23:05:50 - [MESSAGE][INFO] - Starting 'Chrome' driver

2022-02-11 23:05:50 - [MESSAGE][INFO] - User set preference: ['acceptInsecureCerts', 'true']

2022-02-11 23:05:50 - [MESSAGE][INFO] - Action delay is set to 0 milliseconds

2022-02-11 23:05:54 - [MESSAGE][PASSED] - Browser is opened with url: 'https://qa.velocitypayment.com/admin/imtiaz'

2022-02-11 23:05:54 - [MESSAGE][PASSED] - Current window maximized

2022-02-11 23:05:54 - [MESSAGE][PASSED] - Object 'Object Repository/Login_Page/Login_Username' is present

2022-02-11 23:05:55 - [MESSAGE][PASSED] - Text 'iahmed' is set on object 'Object Repository/Login_Page/Login_Username'

2022-02-11 23:05:55 - [MESSAGE][PASSED] - Text 'hello2222' is set on object 'Object Repository/Login_Page/Login_Password'

2022-02-11 23:06:00 - [MESSAGE][PASSED] - Object: 'Object Repository/Login_Page/Login_Submit' is clicked on

2022-02-11 23:06:00 - [MESSAGE][PASSED] - adminSuiteBootstrap.loginFunctionality.login_AdminSuite is PASSED

2022-02-11 23:06:00 - [TEST_STEP][PASSED] - click(findTestObject(path_Dashboard + "span_Payment")): Object: 'Object Repository/AdminSuiteBootstrap_Pages/Dashboard_Bootstrap/span_Payment' is clicked on

2022-02-11 23:06:01 - [MESSAGE][PASSED] - Object: 'Object Repository/AdminSuiteBootstrap_Pages/Dashboard_Bootstrap/span_Payment' is clicked on

2022-02-11 23:06:01 - [TEST_STEP][PASSED] - click(findTestObject(path_Dashboard + "a_HelloWorld3")): Object: 'Object Repository/AdminSuiteBootstrap_Pages/Dashboard_Bootstrap/a_HelloWorld3' is clicked on

2022-02-11 23:06:02 - [MESSAGE][PASSED] - Object: 'Object Repository/AdminSuiteBootstrap_Pages/Dashboard_Bootstrap/a_HelloWorld3' is clicked on

2022-02-11 23:06:02 - [TEST_STEP][PASSED] - click(findTestObject(path_VT + "button_Authorization  Capture (Sale)")): Object: 'Object Repository/AdminSuiteBootstrap_Pages/VT_Bootstrap/IssueTransactions/button_Authorization  Capture (Sale)' is clicked on

2022-02-11 23:06:03 - [MESSAGE][PASSED] - Object: 'Object Repository/AdminSuiteBootstrap_Pages/VT_Bootstrap/IssueTransactions/button_Authorization  Capture (Sale)' is clicked on

2022-02-11 23:06:03 - [TEST_STEP][PASSED] - saleKeyboardEntryLink = modifyObjectProperty(findTestObject(path_VT + "a_KeyboardEntry_Sale"), "href", "equals", hrefAppID, true): Modify property of object successfully

2022-02-11 23:06:03 - [MESSAGE][PASSED] - Modify property of object successfully

2022-02-11 23:06:03 - [TEST_STEP][PASSED] - click(saleKeyboardEntryLink): Object: 'Object Repository/AdminSuiteBootstrap_Pages/VT_Bootstrap/IssueTransactions/a_KeyboardEntry_Sale' is clicked on

2022-02-11 23:06:04 - [MESSAGE][PASSED] - Object: 'Object Repository/AdminSuiteBootstrap_Pages/VT_Bootstrap/IssueTransactions/a_KeyboardEntry_Sale' is clicked on

2022-02-11 23:06:04 - [TEST_STEP][PASSED] - adminSuiteBootstrap.virtualTerminalSetData.saleKeyboard_HardCoded_AllCardTypes(cardNumbers[i]): adminSuiteBootstrap.virtualTerminalSetData.saleKeyboard_HardCoded_AllCardTypes is PASSED

2022-02-11 23:06:05 - [MESSAGE][PASSED] - Text 'Shiv Hari' is set on object 'Object Repository/AdminSuiteBootstrap_Pages/VT_Bootstrap/SaleKeyboard/input_cardName'

2022-02-11 23:06:06 - [MESSAGE][PASSED] - All options with value 'MOTO' are selected in object 'Object Repository/AdminSuiteBootstrap_Pages/VT_Bootstrap/SaleKeyboard/select_transactionCategory'  using regular expression

2022-02-11 23:06:07 - [MESSAGE][PASSED] - Execute JavaScript 'arguments[0].value ='371449635392376' ' successfully

2022-02-11 23:06:07 - [MESSAGE][PASSED] - Execute JavaScript 'arguments[0].value ='123'' successfully

2022-02-11 23:06:08 - [MESSAGE][PASSED] - All options with value '12' are selected in object 'Object Repository/AdminSuiteBootstrap_Pages/VT_Bootstrap/SaleKeyboard/select_MM'  using regular expression

2022-02-11 23:06:09 - [MESSAGE][PASSED] - All options with value '2026' are selected in object 'Object Repository/AdminSuiteBootstrap_Pages/VT_Bootstrap/SaleKeyboard/select_YYYY'  using regular expression

2022-02-11 23:06:10 - [MESSAGE][PASSED] - Text '2311 York road' is set on object 'Object Repository/AdminSuiteBootstrap_Pages/VT_Bootstrap/SaleKeyboard/input__address'

2022-02-11 23:06:11 - [MESSAGE][PASSED] - Text 'Suite 500' is set on object 'Object Repository/AdminSuiteBootstrap_Pages/VT_Bootstrap/SaleKeyboard/input__address2'

2022-02-11 23:06:11 - [MESSAGE][PASSED] - Text '21093' is set on object 'Object Repository/AdminSuiteBootstrap_Pages/VT_Bootstrap/SaleKeyboard/input__zip'

2022-02-11 23:06:12 - [MESSAGE][PASSED] - Text 'iahmed@govolution.com' is set on object 'Object Repository/AdminSuiteBootstrap_Pages/VT_Bootstrap/SaleKeyboard/input_emailAddress'

2022-02-11 23:06:14 - [MESSAGE][PASSED] - Text '' is set on object 'Object Repository/AdminSuiteBootstrap_Pages/VT_Bootstrap/SaleKeyboard/input_smsNumber'

2022-02-11 23:06:15 - [MESSAGE][PASSED] - Text '10.50' is set on object 'Object Repository/AdminSuiteBootstrap_Pages/VT_Bootstrap/SaleKeyboard/input_amount'

2022-02-11 23:06:16 - [MESSAGE][PASSED] - Text 'Australia' is set on object 'Object Repository/AdminSuiteBootstrap_Pages/VT_Bootstrap/SaleKeyboard/input_userDefined1'

2022-02-11 23:06:17 - [MESSAGE][PASSED] - Text 'Denmark' is set on object 'Object Repository/AdminSuiteBootstrap_Pages/VT_Bootstrap/SaleKeyboard/input_userDefined2'

2022-02-11 23:06:17 - [MESSAGE][PASSED] - Text 'Sweden' is set on object 'Object Repository/AdminSuiteBootstrap_Pages/VT_Bootstrap/SaleKeyboard/input_userDefined3'

2022-02-11 23:06:18 - [MESSAGE][PASSED] - Text 'Austria' is set on object 'Object Repository/AdminSuiteBootstrap_Pages/VT_Bootstrap/SaleKeyboard/input_userDefined4'

2022-02-11 23:06:19 - [MESSAGE][PASSED] - All options with label 'Orange' are selected in object 'Object Repository/AdminSuiteBootstrap_Pages/VT_Bootstrap/SaleKeyboard/select_UDF5_DropDown'  using regular expression

2022-02-11 23:06:20 - [MESSAGE][PASSED] - All options with label 'Yellow' are selected in object 'Object Repository/AdminSuiteBootstrap_Pages/VT_Bootstrap/SaleKeyboard/select_UDF6_DropDown'  using regular expression

2022-02-11 23:06:21 - [MESSAGE][PASSED] - Text 'Norway' is set on object 'Object Repository/AdminSuiteBootstrap_Pages/VT_Bootstrap/SaleKeyboard/input_userDefined7'

2022-02-11 23:06:21 - [MESSAGE][PASSED] - Text 'Netherlands' is set on object 'Object Repository/AdminSuiteBootstrap_Pages/VT_Bootstrap/SaleKeyboard/input_userDefined8'

2022-02-11 23:06:22 - [MESSAGE][PASSED] - Text 'Switzerland' is set on object 'Object Repository/AdminSuiteBootstrap_Pages/VT_Bootstrap/SaleKeyboard/input_userDefined9'

2022-02-11 23:06:23 - [MESSAGE][PASSED] - Text 'France' is set on object 'Object Repository/AdminSuiteBootstrap_Pages/VT_Bootstrap/SaleKeyboard/input_userDefined10'

2022-02-11 23:06:25 - [MESSAGE][PASSED] - Object: 'Object Repository/AdminSuiteBootstrap_Pages/VT_Bootstrap/SaleKeyboard/button_Submit' is clicked on

2022-02-11 23:06:25 - [MESSAGE][PASSED] - adminSuiteBootstrap.virtualTerminalSetData.saleKeyboard_HardCoded_AllCardTypes is PASSED

2022-02-11 23:06:25 - [TEST_STEP][PASSED] - verifyTextPresent("Transaction Successful", true): Text 'Transaction Successful' is present on page  using regular expression

2022-02-11 23:06:25 - [MESSAGE][PASSED] - Text 'Transaction Successful' is present on page  using regular expression

2022-02-11 23:06:25 - [TEST_STEP][PASSED] - verifyElementVisible(findTestObject("Object Repository/AdminSuiteBootstrap_Pages/VT_Bootstrap/Receipt/button_Continue")): Object 'Object Repository/AdminSuiteBootstrap_Pages/VT_Bootstrap/Receipt/button_Continue' is visible

2022-02-11 23:06:26 - [MESSAGE][PASSED] - Object 'Object Repository/AdminSuiteBootstrap_Pages/VT_Bootstrap/Receipt/button_Continue' is visible

2022-02-11 23:06:26 - [TEST_STEP][PASSED] - verifyElementPresent(findTestObject("Object Repository/AdminSuiteBootstrap_Pages/VT_Bootstrap/Receipt/button_Continue"), 20): Object 'Object Repository/AdminSuiteBootstrap_Pages/VT_Bootstrap/Receipt/button_Continue' is present

2022-02-11 23:06:26 - [MESSAGE][PASSED] - Object 'Object Repository/AdminSuiteBootstrap_Pages/VT_Bootstrap/Receipt/button_Continue' is present

2022-02-11 23:06:26 - [TEST_STEP][PASSED] - verifyElementVisible(findTestObject("Object Repository/AdminSuiteBootstrap_Pages/VT_Bootstrap/Receipt/button_Print")): Object 'Object Repository/AdminSuiteBootstrap_Pages/VT_Bootstrap/Receipt/button_Print' is visible

2022-02-11 23:06:26 - [MESSAGE][PASSED] - Object 'Object Repository/AdminSuiteBootstrap_Pages/VT_Bootstrap/Receipt/button_Print' is visible

2022-02-11 23:06:26 - [TEST_STEP][PASSED] - verifyElementPresent(findTestObject("Object Repository/AdminSuiteBootstrap_Pages/VT_Bootstrap/Receipt/button_Print"), 20): Object 'Object Repository/AdminSuiteBootstrap_Pages/VT_Bootstrap/Receipt/button_Print' is present

2022-02-11 23:06:27 - [MESSAGE][PASSED] - Object 'Object Repository/AdminSuiteBootstrap_Pages/VT_Bootstrap/Receipt/button_Print' is present

2022-02-11 23:06:27 - [TEST_STEP][PASSED] - verifyTextPresent("Remittance ID", true): Text 'Remittance ID' is present on page  using regular expression

2022-02-11 23:06:27 - [MESSAGE][PASSED] - Text 'Remittance ID' is present on page  using regular expression

2022-02-11 23:06:27 - [TEST_STEP][PASSED] - verifyTextPresent("Received", true): Text 'Received' is present on page  using regular expression

2022-02-11 23:06:27 - [MESSAGE][PASSED] - Text 'Received' is present on page  using regular expression

2022-02-11 23:06:27 - [TEST_STEP][FAILED] - verifyTextPresent("UDF1", true): Text 'UDF1' is not present on page  using regular expression (Root cause: com.kms.katalon.core.exception.StepFailedException: Text 'UDF1' is not present on page  using regular expression
	at com.kms.katalon.core.webui.keyword.internal.WebUIKeywordMain.stepFailed(WebUIKeywordMain.groovy:64)
	at com.kms.katalon.core.webui.keyword.builtin.VerifyTextPresentKeyword$_verifyTextPresent_closure1.doCall(VerifyTextPresentKeyword.groovy:79)
	at com.kms.katalon.core.webui.keyword.builtin.VerifyTextPresentKeyword$_verifyTextPresent_closure1.call(VerifyTextPresentKeyword.groovy)
	at com.kms.katalon.core.webui.keyword.internal.WebUIKeywordMain.runKeyword(WebUIKeywordMain.groovy:20)
	at com.kms.katalon.core.webui.keyword.builtin.VerifyTextPresentKeyword.verifyTextPresent(VerifyTextPresentKeyword.groovy:83)
	at com.kms.katalon.core.webui.keyword.builtin.VerifyTextPresentKeyword.execute(VerifyTextPresentKeyword.groovy:68)
	at com.kms.katalon.core.keyword.internal.KeywordExecutor.executeKeywordForPlatform(KeywordExecutor.groovy:74)
	at com.kms.katalon.core.webui.keyword.WebUiBuiltInKeywords.verifyTextPresent(WebUiBuiltInKeywords.groovy:1723)
	at com.kms.katalon.core.webui.keyword.WebUiBuiltInKeywords$verifyTextPresent$8.call(Unknown Source)
	at SaleKeyboard_TP_SCF_App238_Payment_TC.run(SaleKeyboard_TP_SCF_App238_Payment_TC:66)
	at com.kms.katalon.core.main.ScriptEngine.run(ScriptEngine.java:194)
	at com.kms.katalon.core.main.ScriptEngine.runScriptAsRawText(ScriptEngine.java:119)
	at com.kms.katalon.core.main.TestCaseExecutor.runScript(TestCaseExecutor.java:442)
	at com.kms.katalon.core.main.TestCaseExecutor.doExecute(TestCaseExecutor.java:433)
	at com.kms.katalon.core.main.TestCaseExecutor.processExecutionPhase(TestCaseExecutor.java:412)
	at com.kms.katalon.core.main.TestCaseExecutor.accessMainPhase(TestCaseExecutor.java:404)
	at com.kms.katalon.core.main.TestCaseExecutor.execute(TestCaseExecutor.java:281)
	at com.kms.katalon.core.main.TestSuiteExecutor.accessTestCaseMainPhase(TestSuiteExecutor.java:202)
	at com.kms.katalon.core.main.TestSuiteExecutor.accessTestSuiteMainPhase(TestSuiteExecutor.java:164)
	at com.kms.katalon.core.main.TestSuiteExecutor.execute(TestSuiteExecutor.java:105)
	at com.kms.katalon.core.main.TestCaseMain.startTestSuite(TestCaseMain.java:181)
	at com.kms.katalon.core.main.TestCaseMain$startTestSuite$0.call(Unknown Source)
	at TempTestSuite1644638509545.run(TempTestSuite1644638509545.groovy:36)
)

2022-02-11 23:06:28 - [MESSAGE][FAILED] - Text 'UDF1' is not present on page  using regular expression (Root cause: com.kms.katalon.core.exception.StepFailedException: Text 'UDF1' is not present on page  using regular expression
	at com.kms.katalon.core.webui.keyword.internal.WebUIKeywordMain.stepFailed(WebUIKeywordMain.groovy:64)
	at com.kms.katalon.core.webui.keyword.builtin.VerifyTextPresentKeyword$_verifyTextPresent_closure1.doCall(VerifyTextPresentKeyword.groovy:79)
	at com.kms.katalon.core.webui.keyword.builtin.VerifyTextPresentKeyword$_verifyTextPresent_closure1.call(VerifyTextPresentKeyword.groovy)
	at com.kms.katalon.core.webui.keyword.internal.WebUIKeywordMain.runKeyword(WebUIKeywordMain.groovy:20)
	at com.kms.katalon.core.webui.keyword.builtin.VerifyTextPresentKeyword.verifyTextPresent(VerifyTextPresentKeyword.groovy:83)
	at com.kms.katalon.core.webui.keyword.builtin.VerifyTextPresentKeyword.execute(VerifyTextPresentKeyword.groovy:68)
	at com.kms.katalon.core.keyword.internal.KeywordExecutor.executeKeywordForPlatform(KeywordExecutor.groovy:74)
	at com.kms.katalon.core.webui.keyword.WebUiBuiltInKeywords.verifyTextPresent(WebUiBuiltInKeywords.groovy:1723)
	at com.kms.katalon.core.webui.keyword.WebUiBuiltInKeywords$verifyTextPresent$8.call(Unknown Source)
	at SaleKeyboard_TP_SCF_App238_Payment_TC.run(SaleKeyboard_TP_SCF_App238_Payment_TC:66)
	at com.kms.katalon.core.main.ScriptEngine.run(ScriptEngine.java:194)
	at com.kms.katalon.core.main.ScriptEngine.runScriptAsRawText(ScriptEngine.java:119)
	at com.kms.katalon.core.main.TestCaseExecutor.runScript(TestCaseExecutor.java:442)
	at com.kms.katalon.core.main.TestCaseExecutor.doExecute(TestCaseExecutor.java:433)
	at com.kms.katalon.core.main.TestCaseExecutor.processExecutionPhase(TestCaseExecutor.java:412)
	at com.kms.katalon.core.main.TestCaseExecutor.accessMainPhase(TestCaseExecutor.java:404)
	at com.kms.katalon.core.main.TestCaseExecutor.execute(TestCaseExecutor.java:281)
	at com.kms.katalon.core.main.TestSuiteExecutor.accessTestCaseMainPhase(TestSuiteExecutor.java:202)
	at com.kms.katalon.core.main.TestSuiteExecutor.accessTestSuiteMainPhase(TestSuiteExecutor.java:164)
	at com.kms.katalon.core.main.TestSuiteExecutor.execute(TestSuiteExecutor.java:105)
	at com.kms.katalon.core.main.TestCaseMain.startTestSuite(TestCaseMain.java:181)
	at com.kms.katalon.core.main.TestCaseMain$startTestSuite$0.call(Unknown Source)
	at TempTestSuite1644638509545.run(TempTestSuite1644638509545.groovy:36)
)

2022-02-11 23:06:28 - [TEST_STEP][PASSED] - verifyTextPresent("UDF2", true): Text 'UDF2' is present on page  using regular expression

2022-02-11 23:06:28 - [MESSAGE][PASSED] - Text 'UDF2' is present on page  using regular expression

2022-02-11 23:06:28 - [TEST_STEP][PASSED] - verifyTextPresent("UDF3", true): Text 'UDF3' is present on page  using regular expression

2022-02-11 23:06:28 - [MESSAGE][PASSED] - Text 'UDF3' is present on page  using regular expression

2022-02-11 23:06:28 - [TEST_STEP][PASSED] - verifyTextPresent("UDF4", true): Text 'UDF4' is present on page  using regular expression

2022-02-11 23:06:29 - [MESSAGE][PASSED] - Text 'UDF4' is present on page  using regular expression

2022-02-11 23:06:29 - [TEST_STEP][PASSED] - verifyTextPresent("UDF5", true): Text 'UDF5' is present on page  using regular expression

2022-02-11 23:06:29 - [MESSAGE][PASSED] - Text 'UDF5' is present on page  using regular expression

2022-02-11 23:06:29 - [TEST_STEP][PASSED] - verifyTextPresent("UDF6", true): Text 'UDF6' is present on page  using regular expression

2022-02-11 23:06:29 - [MESSAGE][PASSED] - Text 'UDF6' is present on page  using regular expression

2022-02-11 23:06:29 - [TEST_STEP][PASSED] - verifyTextPresent("UDF7", true): Text 'UDF7' is present on page  using regular expression

2022-02-11 23:06:30 - [MESSAGE][PASSED] - Text 'UDF7' is present on page  using regular expression

2022-02-11 23:06:30 - [TEST_STEP][PASSED] - verifyTextPresent("UDF8", true): Text 'UDF8' is present on page  using regular expression

2022-02-11 23:06:30 - [MESSAGE][PASSED] - Text 'UDF8' is present on page  using regular expression

2022-02-11 23:06:30 - [TEST_STEP][PASSED] - verifyTextPresent("UDF9", true): Text 'UDF9' is present on page  using regular expression

2022-02-11 23:06:30 - [MESSAGE][PASSED] - Text 'UDF9' is present on page  using regular expression

2022-02-11 23:06:30 - [TEST_STEP][PASSED] - verifyTextPresent("UDF 10", true): Text 'UDF 10' is present on page  using regular expression

2022-02-11 23:06:31 - [MESSAGE][PASSED] - Text 'UDF 10' is present on page  using regular expression

2022-02-11 23:06:31 - [TEST_STEP][FAILED] - verifyTextPresent("Australia", true): Text 'Australia' is not present on page  using regular expression (Root cause: com.kms.katalon.core.exception.StepFailedException: Text 'Australia' is not present on page  using regular expression
	at com.kms.katalon.core.webui.keyword.internal.WebUIKeywordMain.stepFailed(WebUIKeywordMain.groovy:64)
	at com.kms.katalon.core.webui.keyword.builtin.VerifyTextPresentKeyword$_verifyTextPresent_closure1.doCall(VerifyTextPresentKeyword.groovy:79)
	at com.kms.katalon.core.webui.keyword.builtin.VerifyTextPresentKeyword$_verifyTextPresent_closure1.call(VerifyTextPresentKeyword.groovy)
	at com.kms.katalon.core.webui.keyword.internal.WebUIKeywordMain.runKeyword(WebUIKeywordMain.groovy:20)
	at com.kms.katalon.core.webui.keyword.builtin.VerifyTextPresentKeyword.verifyTextPresent(VerifyTextPresentKeyword.groovy:83)
	at com.kms.katalon.core.webui.keyword.builtin.VerifyTextPresentKeyword.execute(VerifyTextPresentKeyword.groovy:68)
	at com.kms.katalon.core.keyword.internal.KeywordExecutor.executeKeywordForPlatform(KeywordExecutor.groovy:74)
	at com.kms.katalon.core.webui.keyword.WebUiBuiltInKeywords.verifyTextPresent(WebUiBuiltInKeywords.groovy:1723)
	at com.kms.katalon.core.webui.keyword.WebUiBuiltInKeywords$verifyTextPresent$8.call(Unknown Source)
	at SaleKeyboard_TP_SCF_App238_Payment_TC.run(SaleKeyboard_TP_SCF_App238_Payment_TC:77)
	at com.kms.katalon.core.main.ScriptEngine.run(ScriptEngine.java:194)
	at com.kms.katalon.core.main.ScriptEngine.runScriptAsRawText(ScriptEngine.java:119)
	at com.kms.katalon.core.main.TestCaseExecutor.runScript(TestCaseExecutor.java:442)
	at com.kms.katalon.core.main.TestCaseExecutor.doExecute(TestCaseExecutor.java:433)
	at com.kms.katalon.core.main.TestCaseExecutor.processExecutionPhase(TestCaseExecutor.java:412)
	at com.kms.katalon.core.main.TestCaseExecutor.accessMainPhase(TestCaseExecutor.java:404)
	at com.kms.katalon.core.main.TestCaseExecutor.execute(TestCaseExecutor.java:281)
	at com.kms.katalon.core.main.TestSuiteExecutor.accessTestCaseMainPhase(TestSuiteExecutor.java:202)
	at com.kms.katalon.core.main.TestSuiteExecutor.accessTestSuiteMainPhase(TestSuiteExecutor.java:164)
	at com.kms.katalon.core.main.TestSuiteExecutor.execute(TestSuiteExecutor.java:105)
	at com.kms.katalon.core.main.TestCaseMain.startTestSuite(TestCaseMain.java:181)
	at com.kms.katalon.core.main.TestCaseMain$startTestSuite$0.call(Unknown Source)
	at TempTestSuite1644638509545.run(TempTestSuite1644638509545.groovy:36)
)

2022-02-11 23:06:31 - [MESSAGE][FAILED] - Text 'Australia' is not present on page  using regular expression (Root cause: com.kms.katalon.core.exception.StepFailedException: Text 'Australia' is not present on page  using regular expression
	at com.kms.katalon.core.webui.keyword.internal.WebUIKeywordMain.stepFailed(WebUIKeywordMain.groovy:64)
	at com.kms.katalon.core.webui.keyword.builtin.VerifyTextPresentKeyword$_verifyTextPresent_closure1.doCall(VerifyTextPresentKeyword.groovy:79)
	at com.kms.katalon.core.webui.keyword.builtin.VerifyTextPresentKeyword$_verifyTextPresent_closure1.call(VerifyTextPresentKeyword.groovy)
	at com.kms.katalon.core.webui.keyword.internal.WebUIKeywordMain.runKeyword(WebUIKeywordMain.groovy:20)
	at com.kms.katalon.core.webui.keyword.builtin.VerifyTextPresentKeyword.verifyTextPresent(VerifyTextPresentKeyword.groovy:83)
	at com.kms.katalon.core.webui.keyword.builtin.VerifyTextPresentKeyword.execute(VerifyTextPresentKeyword.groovy:68)
	at com.kms.katalon.core.keyword.internal.KeywordExecutor.executeKeywordForPlatform(KeywordExecutor.groovy:74)
	at com.kms.katalon.core.webui.keyword.WebUiBuiltInKeywords.verifyTextPresent(WebUiBuiltInKeywords.groovy:1723)
	at com.kms.katalon.core.webui.keyword.WebUiBuiltInKeywords$verifyTextPresent$8.call(Unknown Source)
	at SaleKeyboard_TP_SCF_App238_Payment_TC.run(SaleKeyboard_TP_SCF_App238_Payment_TC:77)
	at com.kms.katalon.core.main.ScriptEngine.run(ScriptEngine.java:194)
	at com.kms.katalon.core.main.ScriptEngine.runScriptAsRawText(ScriptEngine.java:119)
	at com.kms.katalon.core.main.TestCaseExecutor.runScript(TestCaseExecutor.java:442)
	at com.kms.katalon.core.main.TestCaseExecutor.doExecute(TestCaseExecutor.java:433)
	at com.kms.katalon.core.main.TestCaseExecutor.processExecutionPhase(TestCaseExecutor.java:412)
	at com.kms.katalon.core.main.TestCaseExecutor.accessMainPhase(TestCaseExecutor.java:404)
	at com.kms.katalon.core.main.TestCaseExecutor.execute(TestCaseExecutor.java:281)
	at com.kms.katalon.core.main.TestSuiteExecutor.accessTestCaseMainPhase(TestSuiteExecutor.java:202)
	at com.kms.katalon.core.main.TestSuiteExecutor.accessTestSuiteMainPhase(TestSuiteExecutor.java:164)
	at com.kms.katalon.core.main.TestSuiteExecutor.execute(TestSuiteExecutor.java:105)
	at com.kms.katalon.core.main.TestCaseMain.startTestSuite(TestCaseMain.java:181)
	at com.kms.katalon.core.main.TestCaseMain$startTestSuite$0.call(Unknown Source)
	at TempTestSuite1644638509545.run(TempTestSuite1644638509545.groovy:36)
)

2022-02-11 23:06:31 - [TEST_STEP][PASSED] - verifyTextPresent("Denmark", true): Text 'Denmark' is present on page  using regular expression

2022-02-11 23:06:31 - [MESSAGE][PASSED] - Text 'Denmark' is present on page  using regular expression

2022-02-11 23:06:31 - [TEST_STEP][PASSED] - verifyTextPresent("Sweden", true): Text 'Sweden' is present on page  using regular expression

2022-02-11 23:06:32 - [MESSAGE][PASSED] - Text 'Sweden' is present on page  using regular expression

2022-02-11 23:06:32 - [TEST_STEP][PASSED] - verifyTextPresent("Austria", true): Text 'Austria' is present on page  using regular expression

2022-02-11 23:06:32 - [MESSAGE][PASSED] - Text 'Austria' is present on page  using regular expression

2022-02-11 23:06:32 - [TEST_STEP][PASSED] - verifyTextPresent("Orange Recorded", true): Text 'Orange Recorded' is present on page  using regular expression

2022-02-11 23:06:32 - [MESSAGE][PASSED] - Text 'Orange Recorded' is present on page  using regular expression

2022-02-11 23:06:32 - [TEST_STEP][PASSED] - verifyTextPresent("Yellow Recorded", true): Text 'Yellow Recorded' is present on page  using regular expression

2022-02-11 23:06:33 - [MESSAGE][PASSED] - Text 'Yellow Recorded' is present on page  using regular expression

2022-02-11 23:06:33 - [TEST_STEP][PASSED] - verifyTextPresent("Norway", true): Text 'Norway' is present on page  using regular expression

2022-02-11 23:06:33 - [MESSAGE][PASSED] - Text 'Norway' is present on page  using regular expression

2022-02-11 23:06:33 - [TEST_STEP][PASSED] - verifyTextPresent("Netherlands", true): Text 'Netherlands' is present on page  using regular expression

2022-02-11 23:06:33 - [MESSAGE][PASSED] - Text 'Netherlands' is present on page  using regular expression

2022-02-11 23:06:33 - [TEST_STEP][PASSED] - verifyTextPresent("Switzerland", true): Text 'Switzerland' is present on page  using regular expression

2022-02-11 23:06:34 - [MESSAGE][PASSED] - Text 'Switzerland' is present on page  using regular expression

2022-02-11 23:06:34 - [TEST_STEP][PASSED] - verifyTextPresent("France", true): Text 'France' is present on page  using regular expression

2022-02-11 23:06:34 - [MESSAGE][PASSED] - Text 'France' is present on page  using regular expression

2022-02-11 23:06:34 - [TEST_STEP][PASSED] - verifyTextPresent("Amount", true): Text 'Amount' is present on page  using regular expression

2022-02-11 23:06:34 - [MESSAGE][PASSED] - Text 'Amount' is present on page  using regular expression

2022-02-11 23:06:34 - [TEST_STEP][PASSED] - verifyTextPresent("Convenience Fee", true): Text 'Convenience Fee' is present on page  using regular expression

2022-02-11 23:06:35 - [MESSAGE][PASSED] - Text 'Convenience Fee' is present on page  using regular expression

2022-02-11 23:06:35 - [TEST_STEP][PASSED] - verifyTextPresent("Convenience Fee Type", true): Text 'Convenience Fee Type' is present on page  using regular expression

2022-02-11 23:06:35 - [MESSAGE][PASSED] - Text 'Convenience Fee Type' is present on page  using regular expression

2022-02-11 23:06:35 - [TEST_STEP][PASSED] - verifyTextPresent("Total Amount", true): Text 'Total Amount' is present on page  using regular expression

2022-02-11 23:06:35 - [MESSAGE][PASSED] - Text 'Total Amount' is present on page  using regular expression

2022-02-11 23:06:35 - [TEST_STEP][PASSED] - verifyTextPresent("Transaction Type", true): Text 'Transaction Type' is present on page  using regular expression

2022-02-11 23:06:36 - [MESSAGE][PASSED] - Text 'Transaction Type' is present on page  using regular expression

2022-02-11 23:06:36 - [TEST_STEP][PASSED] - verifyTextPresent("10.50", true): Text '10.50' is present on page  using regular expression

2022-02-11 23:06:36 - [MESSAGE][PASSED] - Text '10.50' is present on page  using regular expression

2022-02-11 23:06:36 - [TEST_STEP][PASSED] - verifyTextPresent("5.00", true): Text '5.00' is present on page  using regular expression

2022-02-11 23:06:36 - [MESSAGE][PASSED] - Text '5.00' is present on page  using regular expression

2022-02-11 23:06:36 - [TEST_STEP][PASSED] - verifyTextPresent("Single Transaction", true): Text 'Single Transaction' is present on page  using regular expression

2022-02-11 23:06:37 - [MESSAGE][PASSED] - Text 'Single Transaction' is present on page  using regular expression

2022-02-11 23:06:37 - [TEST_STEP][PASSED] - verifyTextPresent("15.50", true): Text '15.50' is present on page  using regular expression

2022-02-11 23:06:37 - [MESSAGE][PASSED] - Text '15.50' is present on page  using regular expression

2022-02-11 23:06:37 - [TEST_STEP][PASSED] - verifyTextPresent("Authorization and Capture", true): Text 'Authorization and Capture' is present on page  using regular expression

2022-02-11 23:06:38 - [MESSAGE][PASSED] - Text 'Authorization and Capture' is present on page  using regular expression

2022-02-11 23:06:38 - [TEST_STEP][PASSED] - verifyTextPresent("Card Information", true): Text 'Card Information' is present on page  using regular expression

2022-02-11 23:06:38 - [MESSAGE][PASSED] - Text 'Card Information' is present on page  using regular expression

2022-02-11 23:06:38 - [TEST_STEP][PASSED] - verifyTextPresent("SHIV HARI", true): Text 'SHIV HARI' is present on page  using regular expression

2022-02-11 23:06:38 - [MESSAGE][PASSED] - Text 'SHIV HARI' is present on page  using regular expression

2022-02-11 23:06:38 - [TEST_STEP][PASSED] - switch (cardNumbers[i]): null

2022-02-11 23:06:38 - [TEST_STEP][PASSED] - case "371449635392376":: null

2022-02-11 23:06:38 - [TEST_STEP][PASSED] - verifyTextPresent("American Express", true): Text 'American Express' is present on page  using regular expression

2022-02-11 23:06:39 - [MESSAGE][PASSED] - Text 'American Express' is present on page  using regular expression

2022-02-11 23:06:39 - [TEST_STEP][PASSED] - verifyTextPresent("2376", true): Text '2376' is present on page  using regular expression

2022-02-11 23:06:39 - [MESSAGE][PASSED] - Text '2376' is present on page  using regular expression

2022-02-11 23:06:39 - [TEST_STEP][PASSED] - break: null

2022-02-11 23:06:39 - [TEST_STEP][PASSED] - verifyTextPresent("Address Line 1", true): Text 'Address Line 1' is present on page  using regular expression

2022-02-11 23:06:39 - [MESSAGE][PASSED] - Text 'Address Line 1' is present on page  using regular expression

2022-02-11 23:06:39 - [TEST_STEP][PASSED] - verifyTextPresent("Address Line 2", true): Text 'Address Line 2' is present on page  using regular expression

2022-02-11 23:06:40 - [MESSAGE][PASSED] - Text 'Address Line 2' is present on page  using regular expression

2022-02-11 23:06:40 - [TEST_STEP][PASSED] - verifyTextPresent("Country", true): Text 'Country' is present on page  using regular expression

2022-02-11 23:06:40 - [MESSAGE][PASSED] - Text 'Country' is present on page  using regular expression

2022-02-11 23:06:40 - [TEST_STEP][PASSED] - verifyTextPresent("City", true): Text 'City' is present on page  using regular expression

2022-02-11 23:06:40 - [MESSAGE][PASSED] - Text 'City' is present on page  using regular expression

2022-02-11 23:06:40 - [TEST_STEP][PASSED] - verifyTextPresent("State", true): Text 'State' is present on page  using regular expression

2022-02-11 23:06:41 - [MESSAGE][PASSED] - Text 'State' is present on page  using regular expression

2022-02-11 23:06:41 - [TEST_STEP][PASSED] - verifyTextPresent("ZIP Code", true): Text 'ZIP Code' is present on page  using regular expression

2022-02-11 23:06:41 - [MESSAGE][PASSED] - Text 'ZIP Code' is present on page  using regular expression

2022-02-11 23:06:41 - [TEST_STEP][PASSED] - verifyTextPresent("2311 York road", true): Text '2311 York road' is present on page  using regular expression

2022-02-11 23:06:41 - [MESSAGE][PASSED] - Text '2311 York road' is present on page  using regular expression

2022-02-11 23:06:41 - [TEST_STEP][PASSED] - verifyTextPresent("Suite 500", true): Text 'Suite 500' is present on page  using regular expression

2022-02-11 23:06:42 - [MESSAGE][PASSED] - Text 'Suite 500' is present on page  using regular expression

2022-02-11 23:06:42 - [TEST_STEP][PASSED] - verifyTextPresent("United States", true): Text 'United States' is present on page  using regular expression

2022-02-11 23:06:42 - [MESSAGE][PASSED] - Text 'United States' is present on page  using regular expression

2022-02-11 23:06:42 - [TEST_STEP][PASSED] - verifyTextPresent("LUTHERVILLE TIMONIUM", true): Text 'LUTHERVILLE TIMONIUM' is present on page  using regular expression

2022-02-11 23:06:42 - [MESSAGE][PASSED] - Text 'LUTHERVILLE TIMONIUM' is present on page  using regular expression

2022-02-11 23:06:42 - [TEST_STEP][PASSED] - verifyTextPresent("Maryland", true): Text 'Maryland' is present on page  using regular expression

2022-02-11 23:06:43 - [MESSAGE][PASSED] - Text 'Maryland' is present on page  using regular expression

2022-02-11 23:06:43 - [TEST_STEP][PASSED] - verifyTextPresent("21093", true): Text '21093' is present on page  using regular expression

2022-02-11 23:06:43 - [MESSAGE][PASSED] - Text '21093' is present on page  using regular expression

2022-02-11 23:06:43 - [TEST_STEP][PASSED] - adminSuiteBootstrap.loginFunctionality.login_AdminSuite(): adminSuiteBootstrap.loginFunctionality.login_AdminSuite is PASSED

2022-02-11 23:06:43 - [MESSAGE][WARNING] - A browser is already opened. Closing browser and opening a new one

2022-02-11 23:06:44 - [MESSAGE][INFO] - Starting 'Chrome' driver

2022-02-11 23:06:44 - [MESSAGE][INFO] - User set preference: ['acceptInsecureCerts', 'true']

2022-02-11 23:06:44 - [MESSAGE][INFO] - Action delay is set to 0 milliseconds

2022-02-11 23:06:47 - [MESSAGE][PASSED] - Browser is opened with url: 'https://qa.velocitypayment.com/admin/imtiaz'

2022-02-11 23:06:47 - [MESSAGE][PASSED] - Current window maximized

2022-02-11 23:06:48 - [MESSAGE][PASSED] - Object 'Object Repository/Login_Page/Login_Username' is present

2022-02-11 23:06:48 - [MESSAGE][PASSED] - Text 'iahmed' is set on object 'Object Repository/Login_Page/Login_Username'

2022-02-11 23:06:49 - [MESSAGE][PASSED] - Text 'hello2222' is set on object 'Object Repository/Login_Page/Login_Password'

2022-02-11 23:06:54 - [MESSAGE][PASSED] - Object: 'Object Repository/Login_Page/Login_Submit' is clicked on

2022-02-11 23:06:54 - [MESSAGE][PASSED] - adminSuiteBootstrap.loginFunctionality.login_AdminSuite is PASSED

2022-02-11 23:06:54 - [TEST_STEP][PASSED] - click(findTestObject(path_Dashboard + "span_Payment")): Object: 'Object Repository/AdminSuiteBootstrap_Pages/Dashboard_Bootstrap/span_Payment' is clicked on

2022-02-11 23:06:54 - [MESSAGE][PASSED] - Object: 'Object Repository/AdminSuiteBootstrap_Pages/Dashboard_Bootstrap/span_Payment' is clicked on

2022-02-11 23:06:54 - [TEST_STEP][PASSED] - click(findTestObject(path_Dashboard + "a_HelloWorld3")): Object: 'Object Repository/AdminSuiteBootstrap_Pages/Dashboard_Bootstrap/a_HelloWorld3' is clicked on

2022-02-11 23:06:55 - [MESSAGE][PASSED] - Object: 'Object Repository/AdminSuiteBootstrap_Pages/Dashboard_Bootstrap/a_HelloWorld3' is clicked on

2022-02-11 23:06:55 - [TEST_STEP][PASSED] - click(findTestObject(path_VT + "button_Authorization  Capture (Sale)")): Object: 'Object Repository/AdminSuiteBootstrap_Pages/VT_Bootstrap/IssueTransactions/button_Authorization  Capture (Sale)' is clicked on

2022-02-11 23:06:56 - [MESSAGE][PASSED] - Object: 'Object Repository/AdminSuiteBootstrap_Pages/VT_Bootstrap/IssueTransactions/button_Authorization  Capture (Sale)' is clicked on

2022-02-11 23:06:56 - [TEST_STEP][PASSED] - saleKeyboardEntryLink = modifyObjectProperty(findTestObject(path_VT + "a_KeyboardEntry_Sale"), "href", "equals", hrefAppID, true): Modify property of object successfully

2022-02-11 23:06:56 - [MESSAGE][PASSED] - Modify property of object successfully

2022-02-11 23:06:56 - [TEST_STEP][PASSED] - click(saleKeyboardEntryLink): Object: 'Object Repository/AdminSuiteBootstrap_Pages/VT_Bootstrap/IssueTransactions/a_KeyboardEntry_Sale' is clicked on

2022-02-11 23:06:58 - [MESSAGE][PASSED] - Object: 'Object Repository/AdminSuiteBootstrap_Pages/VT_Bootstrap/IssueTransactions/a_KeyboardEntry_Sale' is clicked on

2022-02-11 23:06:58 - [TEST_STEP][PASSED] - adminSuiteBootstrap.virtualTerminalSetData.saleKeyboard_HardCoded_AllCardTypes(cardNumbers[i]): adminSuiteBootstrap.virtualTerminalSetData.saleKeyboard_HardCoded_AllCardTypes is PASSED

2022-02-11 23:06:59 - [MESSAGE][PASSED] - Text 'Shiv Hari' is set on object 'Object Repository/AdminSuiteBootstrap_Pages/VT_Bootstrap/SaleKeyboard/input_cardName'

2022-02-11 23:07:00 - [MESSAGE][PASSED] - All options with value 'MOTO' are selected in object 'Object Repository/AdminSuiteBootstrap_Pages/VT_Bootstrap/SaleKeyboard/select_transactionCategory'  using regular expression

2022-02-11 23:07:00 - [MESSAGE][PASSED] - Execute JavaScript 'arguments[0].value ='6011000993026909' ' successfully

2022-02-11 23:07:01 - [MESSAGE][PASSED] - Execute JavaScript 'arguments[0].value ='123'' successfully

2022-02-11 23:07:02 - [MESSAGE][PASSED] - All options with value '12' are selected in object 'Object Repository/AdminSuiteBootstrap_Pages/VT_Bootstrap/SaleKeyboard/select_MM'  using regular expression

2022-02-11 23:07:03 - [MESSAGE][PASSED] - All options with value '2026' are selected in object 'Object Repository/AdminSuiteBootstrap_Pages/VT_Bootstrap/SaleKeyboard/select_YYYY'  using regular expression

2022-02-11 23:07:03 - [MESSAGE][PASSED] - Text '2311 York road' is set on object 'Object Repository/AdminSuiteBootstrap_Pages/VT_Bootstrap/SaleKeyboard/input__address'

2022-02-11 23:07:04 - [MESSAGE][PASSED] - Text 'Suite 500' is set on object 'Object Repository/AdminSuiteBootstrap_Pages/VT_Bootstrap/SaleKeyboard/input__address2'

2022-02-11 23:07:05 - [MESSAGE][PASSED] - Text '21093' is set on object 'Object Repository/AdminSuiteBootstrap_Pages/VT_Bootstrap/SaleKeyboard/input__zip'

2022-02-11 23:07:06 - [MESSAGE][PASSED] - Text 'iahmed@govolution.com' is set on object 'Object Repository/AdminSuiteBootstrap_Pages/VT_Bootstrap/SaleKeyboard/input_emailAddress'

2022-02-11 23:07:08 - [MESSAGE][PASSED] - Text '' is set on object 'Object Repository/AdminSuiteBootstrap_Pages/VT_Bootstrap/SaleKeyboard/input_smsNumber'

2022-02-11 23:07:09 - [MESSAGE][PASSED] - Text '10.50' is set on object 'Object Repository/AdminSuiteBootstrap_Pages/VT_Bootstrap/SaleKeyboard/input_amount'

2022-02-11 23:07:11 - [MESSAGE][PASSED] - Text 'Australia' is set on object 'Object Repository/AdminSuiteBootstrap_Pages/VT_Bootstrap/SaleKeyboard/input_userDefined1'

2022-02-11 23:07:12 - [MESSAGE][PASSED] - Text 'Denmark' is set on object 'Object Repository/AdminSuiteBootstrap_Pages/VT_Bootstrap/SaleKeyboard/input_userDefined2'

2022-02-11 23:07:12 - [MESSAGE][PASSED] - Text 'Sweden' is set on object 'Object Repository/AdminSuiteBootstrap_Pages/VT_Bootstrap/SaleKeyboard/input_userDefined3'

2022-02-11 23:07:13 - [MESSAGE][PASSED] - Text 'Austria' is set on object 'Object Repository/AdminSuiteBootstrap_Pages/VT_Bootstrap/SaleKeyboard/input_userDefined4'

2022-02-11 23:07:14 - [MESSAGE][PASSED] - All options with label 'Orange' are selected in object 'Object Repository/AdminSuiteBootstrap_Pages/VT_Bootstrap/SaleKeyboard/select_UDF5_DropDown'  using regular expression

2022-02-11 23:07:15 - [MESSAGE][PASSED] - All options with label 'Yellow' are selected in object 'Object Repository/AdminSuiteBootstrap_Pages/VT_Bootstrap/SaleKeyboard/select_UDF6_DropDown'  using regular expression

2022-02-11 23:07:16 - [MESSAGE][PASSED] - Text 'Norway' is set on object 'Object Repository/AdminSuiteBootstrap_Pages/VT_Bootstrap/SaleKeyboard/input_userDefined7'

2022-02-11 23:07:16 - [MESSAGE][PASSED] - Text 'Netherlands' is set on object 'Object Repository/AdminSuiteBootstrap_Pages/VT_Bootstrap/SaleKeyboard/input_userDefined8'

2022-02-11 23:07:17 - [MESSAGE][PASSED] - Text 'Switzerland' is set on object 'Object Repository/AdminSuiteBootstrap_Pages/VT_Bootstrap/SaleKeyboard/input_userDefined9'

2022-02-11 23:07:18 - [MESSAGE][PASSED] - Text 'France' is set on object 'Object Repository/AdminSuiteBootstrap_Pages/VT_Bootstrap/SaleKeyboard/input_userDefined10'

2022-02-11 23:07:21 - [MESSAGE][PASSED] - Object: 'Object Repository/AdminSuiteBootstrap_Pages/VT_Bootstrap/SaleKeyboard/button_Submit' is clicked on

2022-02-11 23:07:21 - [MESSAGE][PASSED] - adminSuiteBootstrap.virtualTerminalSetData.saleKeyboard_HardCoded_AllCardTypes is PASSED

2022-02-11 23:07:21 - [TEST_STEP][PASSED] - verifyTextPresent("Transaction Successful", true): Text 'Transaction Successful' is present on page  using regular expression

2022-02-11 23:07:22 - [MESSAGE][PASSED] - Text 'Transaction Successful' is present on page  using regular expression

2022-02-11 23:07:22 - [TEST_STEP][PASSED] - verifyElementVisible(findTestObject("Object Repository/AdminSuiteBootstrap_Pages/VT_Bootstrap/Receipt/button_Continue")): Object 'Object Repository/AdminSuiteBootstrap_Pages/VT_Bootstrap/Receipt/button_Continue' is visible

2022-02-11 23:07:22 - [MESSAGE][PASSED] - Object 'Object Repository/AdminSuiteBootstrap_Pages/VT_Bootstrap/Receipt/button_Continue' is visible

2022-02-11 23:07:22 - [TEST_STEP][PASSED] - verifyElementPresent(findTestObject("Object Repository/AdminSuiteBootstrap_Pages/VT_Bootstrap/Receipt/button_Continue"), 20): Object 'Object Repository/AdminSuiteBootstrap_Pages/VT_Bootstrap/Receipt/button_Continue' is present

2022-02-11 23:07:22 - [MESSAGE][PASSED] - Object 'Object Repository/AdminSuiteBootstrap_Pages/VT_Bootstrap/Receipt/button_Continue' is present

2022-02-11 23:07:22 - [TEST_STEP][PASSED] - verifyElementVisible(findTestObject("Object Repository/AdminSuiteBootstrap_Pages/VT_Bootstrap/Receipt/button_Print")): Object 'Object Repository/AdminSuiteBootstrap_Pages/VT_Bootstrap/Receipt/button_Print' is visible

2022-02-11 23:07:23 - [MESSAGE][PASSED] - Object 'Object Repository/AdminSuiteBootstrap_Pages/VT_Bootstrap/Receipt/button_Print' is visible

2022-02-11 23:07:23 - [TEST_STEP][PASSED] - verifyElementPresent(findTestObject("Object Repository/AdminSuiteBootstrap_Pages/VT_Bootstrap/Receipt/button_Print"), 20): Object 'Object Repository/AdminSuiteBootstrap_Pages/VT_Bootstrap/Receipt/button_Print' is present

2022-02-11 23:07:23 - [MESSAGE][PASSED] - Object 'Object Repository/AdminSuiteBootstrap_Pages/VT_Bootstrap/Receipt/button_Print' is present

2022-02-11 23:07:23 - [TEST_STEP][PASSED] - verifyTextPresent("Remittance ID", true): Text 'Remittance ID' is present on page  using regular expression

2022-02-11 23:07:23 - [MESSAGE][PASSED] - Text 'Remittance ID' is present on page  using regular expression

2022-02-11 23:07:23 - [TEST_STEP][PASSED] - verifyTextPresent("Received", true): Text 'Received' is present on page  using regular expression

2022-02-11 23:07:24 - [MESSAGE][PASSED] - Text 'Received' is present on page  using regular expression

2022-02-11 23:07:24 - [TEST_STEP][FAILED] - verifyTextPresent("UDF1", true): Text 'UDF1' is not present on page  using regular expression (Root cause: com.kms.katalon.core.exception.StepFailedException: Text 'UDF1' is not present on page  using regular expression
	at com.kms.katalon.core.webui.keyword.internal.WebUIKeywordMain.stepFailed(WebUIKeywordMain.groovy:64)
	at com.kms.katalon.core.webui.keyword.builtin.VerifyTextPresentKeyword$_verifyTextPresent_closure1.doCall(VerifyTextPresentKeyword.groovy:79)
	at com.kms.katalon.core.webui.keyword.builtin.VerifyTextPresentKeyword$_verifyTextPresent_closure1.call(VerifyTextPresentKeyword.groovy)
	at com.kms.katalon.core.webui.keyword.internal.WebUIKeywordMain.runKeyword(WebUIKeywordMain.groovy:20)
	at com.kms.katalon.core.webui.keyword.builtin.VerifyTextPresentKeyword.verifyTextPresent(VerifyTextPresentKeyword.groovy:83)
	at com.kms.katalon.core.webui.keyword.builtin.VerifyTextPresentKeyword.execute(VerifyTextPresentKeyword.groovy:68)
	at com.kms.katalon.core.keyword.internal.KeywordExecutor.executeKeywordForPlatform(KeywordExecutor.groovy:74)
	at com.kms.katalon.core.webui.keyword.WebUiBuiltInKeywords.verifyTextPresent(WebUiBuiltInKeywords.groovy:1723)
	at com.kms.katalon.core.webui.keyword.WebUiBuiltInKeywords$verifyTextPresent$8.call(Unknown Source)
	at SaleKeyboard_TP_SCF_App238_Payment_TC.run(SaleKeyboard_TP_SCF_App238_Payment_TC:66)
	at com.kms.katalon.core.main.ScriptEngine.run(ScriptEngine.java:194)
	at com.kms.katalon.core.main.ScriptEngine.runScriptAsRawText(ScriptEngine.java:119)
	at com.kms.katalon.core.main.TestCaseExecutor.runScript(TestCaseExecutor.java:442)
	at com.kms.katalon.core.main.TestCaseExecutor.doExecute(TestCaseExecutor.java:433)
	at com.kms.katalon.core.main.TestCaseExecutor.processExecutionPhase(TestCaseExecutor.java:412)
	at com.kms.katalon.core.main.TestCaseExecutor.accessMainPhase(TestCaseExecutor.java:404)
	at com.kms.katalon.core.main.TestCaseExecutor.execute(TestCaseExecutor.java:281)
	at com.kms.katalon.core.main.TestSuiteExecutor.accessTestCaseMainPhase(TestSuiteExecutor.java:202)
	at com.kms.katalon.core.main.TestSuiteExecutor.accessTestSuiteMainPhase(TestSuiteExecutor.java:164)
	at com.kms.katalon.core.main.TestSuiteExecutor.execute(TestSuiteExecutor.java:105)
	at com.kms.katalon.core.main.TestCaseMain.startTestSuite(TestCaseMain.java:181)
	at com.kms.katalon.core.main.TestCaseMain$startTestSuite$0.call(Unknown Source)
	at TempTestSuite1644638509545.run(TempTestSuite1644638509545.groovy:36)
)

2022-02-11 23:07:24 - [MESSAGE][FAILED] - Text 'UDF1' is not present on page  using regular expression (Root cause: com.kms.katalon.core.exception.StepFailedException: Text 'UDF1' is not present on page  using regular expression
	at com.kms.katalon.core.webui.keyword.internal.WebUIKeywordMain.stepFailed(WebUIKeywordMain.groovy:64)
	at com.kms.katalon.core.webui.keyword.builtin.VerifyTextPresentKeyword$_verifyTextPresent_closure1.doCall(VerifyTextPresentKeyword.groovy:79)
	at com.kms.katalon.core.webui.keyword.builtin.VerifyTextPresentKeyword$_verifyTextPresent_closure1.call(VerifyTextPresentKeyword.groovy)
	at com.kms.katalon.core.webui.keyword.internal.WebUIKeywordMain.runKeyword(WebUIKeywordMain.groovy:20)
	at com.kms.katalon.core.webui.keyword.builtin.VerifyTextPresentKeyword.verifyTextPresent(VerifyTextPresentKeyword.groovy:83)
	at com.kms.katalon.core.webui.keyword.builtin.VerifyTextPresentKeyword.execute(VerifyTextPresentKeyword.groovy:68)
	at com.kms.katalon.core.keyword.internal.KeywordExecutor.executeKeywordForPlatform(KeywordExecutor.groovy:74)
	at com.kms.katalon.core.webui.keyword.WebUiBuiltInKeywords.verifyTextPresent(WebUiBuiltInKeywords.groovy:1723)
	at com.kms.katalon.core.webui.keyword.WebUiBuiltInKeywords$verifyTextPresent$8.call(Unknown Source)
	at SaleKeyboard_TP_SCF_App238_Payment_TC.run(SaleKeyboard_TP_SCF_App238_Payment_TC:66)
	at com.kms.katalon.core.main.ScriptEngine.run(ScriptEngine.java:194)
	at com.kms.katalon.core.main.ScriptEngine.runScriptAsRawText(ScriptEngine.java:119)
	at com.kms.katalon.core.main.TestCaseExecutor.runScript(TestCaseExecutor.java:442)
	at com.kms.katalon.core.main.TestCaseExecutor.doExecute(TestCaseExecutor.java:433)
	at com.kms.katalon.core.main.TestCaseExecutor.processExecutionPhase(TestCaseExecutor.java:412)
	at com.kms.katalon.core.main.TestCaseExecutor.accessMainPhase(TestCaseExecutor.java:404)
	at com.kms.katalon.core.main.TestCaseExecutor.execute(TestCaseExecutor.java:281)
	at com.kms.katalon.core.main.TestSuiteExecutor.accessTestCaseMainPhase(TestSuiteExecutor.java:202)
	at com.kms.katalon.core.main.TestSuiteExecutor.accessTestSuiteMainPhase(TestSuiteExecutor.java:164)
	at com.kms.katalon.core.main.TestSuiteExecutor.execute(TestSuiteExecutor.java:105)
	at com.kms.katalon.core.main.TestCaseMain.startTestSuite(TestCaseMain.java:181)
	at com.kms.katalon.core.main.TestCaseMain$startTestSuite$0.call(Unknown Source)
	at TempTestSuite1644638509545.run(TempTestSuite1644638509545.groovy:36)
)

2022-02-11 23:07:24 - [TEST_STEP][PASSED] - verifyTextPresent("UDF2", true): Text 'UDF2' is present on page  using regular expression

2022-02-11 23:07:24 - [MESSAGE][PASSED] - Text 'UDF2' is present on page  using regular expression

2022-02-11 23:07:24 - [TEST_STEP][PASSED] - verifyTextPresent("UDF3", true): Text 'UDF3' is present on page  using regular expression

2022-02-11 23:07:25 - [MESSAGE][PASSED] - Text 'UDF3' is present on page  using regular expression

2022-02-11 23:07:25 - [TEST_STEP][PASSED] - verifyTextPresent("UDF4", true): Text 'UDF4' is present on page  using regular expression

2022-02-11 23:07:25 - [MESSAGE][PASSED] - Text 'UDF4' is present on page  using regular expression

2022-02-11 23:07:25 - [TEST_STEP][PASSED] - verifyTextPresent("UDF5", true): Text 'UDF5' is present on page  using regular expression

2022-02-11 23:07:25 - [MESSAGE][PASSED] - Text 'UDF5' is present on page  using regular expression

2022-02-11 23:07:25 - [TEST_STEP][PASSED] - verifyTextPresent("UDF6", true): Text 'UDF6' is present on page  using regular expression

2022-02-11 23:07:26 - [MESSAGE][PASSED] - Text 'UDF6' is present on page  using regular expression

2022-02-11 23:07:26 - [TEST_STEP][PASSED] - verifyTextPresent("UDF7", true): Text 'UDF7' is present on page  using regular expression

2022-02-11 23:07:26 - [MESSAGE][PASSED] - Text 'UDF7' is present on page  using regular expression

2022-02-11 23:07:26 - [TEST_STEP][PASSED] - verifyTextPresent("UDF8", true): Text 'UDF8' is present on page  using regular expression

2022-02-11 23:07:27 - [MESSAGE][PASSED] - Text 'UDF8' is present on page  using regular expression

2022-02-11 23:07:27 - [TEST_STEP][PASSED] - verifyTextPresent("UDF9", true): Text 'UDF9' is present on page  using regular expression

2022-02-11 23:07:27 - [MESSAGE][PASSED] - Text 'UDF9' is present on page  using regular expression

2022-02-11 23:07:27 - [TEST_STEP][PASSED] - verifyTextPresent("UDF 10", true): Text 'UDF 10' is present on page  using regular expression

2022-02-11 23:07:27 - [MESSAGE][PASSED] - Text 'UDF 10' is present on page  using regular expression

2022-02-11 23:07:27 - [TEST_STEP][FAILED] - verifyTextPresent("Australia", true): Text 'Australia' is not present on page  using regular expression (Root cause: com.kms.katalon.core.exception.StepFailedException: Text 'Australia' is not present on page  using regular expression
	at com.kms.katalon.core.webui.keyword.internal.WebUIKeywordMain.stepFailed(WebUIKeywordMain.groovy:64)
	at com.kms.katalon.core.webui.keyword.builtin.VerifyTextPresentKeyword$_verifyTextPresent_closure1.doCall(VerifyTextPresentKeyword.groovy:79)
	at com.kms.katalon.core.webui.keyword.builtin.VerifyTextPresentKeyword$_verifyTextPresent_closure1.call(VerifyTextPresentKeyword.groovy)
	at com.kms.katalon.core.webui.keyword.internal.WebUIKeywordMain.runKeyword(WebUIKeywordMain.groovy:20)
	at com.kms.katalon.core.webui.keyword.builtin.VerifyTextPresentKeyword.verifyTextPresent(VerifyTextPresentKeyword.groovy:83)
	at com.kms.katalon.core.webui.keyword.builtin.VerifyTextPresentKeyword.execute(VerifyTextPresentKeyword.groovy:68)
	at com.kms.katalon.core.keyword.internal.KeywordExecutor.executeKeywordForPlatform(KeywordExecutor.groovy:74)
	at com.kms.katalon.core.webui.keyword.WebUiBuiltInKeywords.verifyTextPresent(WebUiBuiltInKeywords.groovy:1723)
	at com.kms.katalon.core.webui.keyword.WebUiBuiltInKeywords$verifyTextPresent$8.call(Unknown Source)
	at SaleKeyboard_TP_SCF_App238_Payment_TC.run(SaleKeyboard_TP_SCF_App238_Payment_TC:77)
	at com.kms.katalon.core.main.ScriptEngine.run(ScriptEngine.java:194)
	at com.kms.katalon.core.main.ScriptEngine.runScriptAsRawText(ScriptEngine.java:119)
	at com.kms.katalon.core.main.TestCaseExecutor.runScript(TestCaseExecutor.java:442)
	at com.kms.katalon.core.main.TestCaseExecutor.doExecute(TestCaseExecutor.java:433)
	at com.kms.katalon.core.main.TestCaseExecutor.processExecutionPhase(TestCaseExecutor.java:412)
	at com.kms.katalon.core.main.TestCaseExecutor.accessMainPhase(TestCaseExecutor.java:404)
	at com.kms.katalon.core.main.TestCaseExecutor.execute(TestCaseExecutor.java:281)
	at com.kms.katalon.core.main.TestSuiteExecutor.accessTestCaseMainPhase(TestSuiteExecutor.java:202)
	at com.kms.katalon.core.main.TestSuiteExecutor.accessTestSuiteMainPhase(TestSuiteExecutor.java:164)
	at com.kms.katalon.core.main.TestSuiteExecutor.execute(TestSuiteExecutor.java:105)
	at com.kms.katalon.core.main.TestCaseMain.startTestSuite(TestCaseMain.java:181)
	at com.kms.katalon.core.main.TestCaseMain$startTestSuite$0.call(Unknown Source)
	at TempTestSuite1644638509545.run(TempTestSuite1644638509545.groovy:36)
)

2022-02-11 23:07:28 - [MESSAGE][FAILED] - Text 'Australia' is not present on page  using regular expression (Root cause: com.kms.katalon.core.exception.StepFailedException: Text 'Australia' is not present on page  using regular expression
	at com.kms.katalon.core.webui.keyword.internal.WebUIKeywordMain.stepFailed(WebUIKeywordMain.groovy:64)
	at com.kms.katalon.core.webui.keyword.builtin.VerifyTextPresentKeyword$_verifyTextPresent_closure1.doCall(VerifyTextPresentKeyword.groovy:79)
	at com.kms.katalon.core.webui.keyword.builtin.VerifyTextPresentKeyword$_verifyTextPresent_closure1.call(VerifyTextPresentKeyword.groovy)
	at com.kms.katalon.core.webui.keyword.internal.WebUIKeywordMain.runKeyword(WebUIKeywordMain.groovy:20)
	at com.kms.katalon.core.webui.keyword.builtin.VerifyTextPresentKeyword.verifyTextPresent(VerifyTextPresentKeyword.groovy:83)
	at com.kms.katalon.core.webui.keyword.builtin.VerifyTextPresentKeyword.execute(VerifyTextPresentKeyword.groovy:68)
	at com.kms.katalon.core.keyword.internal.KeywordExecutor.executeKeywordForPlatform(KeywordExecutor.groovy:74)
	at com.kms.katalon.core.webui.keyword.WebUiBuiltInKeywords.verifyTextPresent(WebUiBuiltInKeywords.groovy:1723)
	at com.kms.katalon.core.webui.keyword.WebUiBuiltInKeywords$verifyTextPresent$8.call(Unknown Source)
	at SaleKeyboard_TP_SCF_App238_Payment_TC.run(SaleKeyboard_TP_SCF_App238_Payment_TC:77)
	at com.kms.katalon.core.main.ScriptEngine.run(ScriptEngine.java:194)
	at com.kms.katalon.core.main.ScriptEngine.runScriptAsRawText(ScriptEngine.java:119)
	at com.kms.katalon.core.main.TestCaseExecutor.runScript(TestCaseExecutor.java:442)
	at com.kms.katalon.core.main.TestCaseExecutor.doExecute(TestCaseExecutor.java:433)
	at com.kms.katalon.core.main.TestCaseExecutor.processExecutionPhase(TestCaseExecutor.java:412)
	at com.kms.katalon.core.main.TestCaseExecutor.accessMainPhase(TestCaseExecutor.java:404)
	at com.kms.katalon.core.main.TestCaseExecutor.execute(TestCaseExecutor.java:281)
	at com.kms.katalon.core.main.TestSuiteExecutor.accessTestCaseMainPhase(TestSuiteExecutor.java:202)
	at com.kms.katalon.core.main.TestSuiteExecutor.accessTestSuiteMainPhase(TestSuiteExecutor.java:164)
	at com.kms.katalon.core.main.TestSuiteExecutor.execute(TestSuiteExecutor.java:105)
	at com.kms.katalon.core.main.TestCaseMain.startTestSuite(TestCaseMain.java:181)
	at com.kms.katalon.core.main.TestCaseMain$startTestSuite$0.call(Unknown Source)
	at TempTestSuite1644638509545.run(TempTestSuite1644638509545.groovy:36)
)

2022-02-11 23:07:28 - [TEST_STEP][PASSED] - verifyTextPresent("Denmark", true): Text 'Denmark' is present on page  using regular expression

2022-02-11 23:07:28 - [MESSAGE][PASSED] - Text 'Denmark' is present on page  using regular expression

2022-02-11 23:07:28 - [TEST_STEP][PASSED] - verifyTextPresent("Sweden", true): Text 'Sweden' is present on page  using regular expression

2022-02-11 23:07:28 - [MESSAGE][PASSED] - Text 'Sweden' is present on page  using regular expression

2022-02-11 23:07:28 - [TEST_STEP][PASSED] - verifyTextPresent("Austria", true): Text 'Austria' is present on page  using regular expression

2022-02-11 23:07:29 - [MESSAGE][PASSED] - Text 'Austria' is present on page  using regular expression

2022-02-11 23:07:29 - [TEST_STEP][PASSED] - verifyTextPresent("Orange Recorded", true): Text 'Orange Recorded' is present on page  using regular expression

2022-02-11 23:07:29 - [MESSAGE][PASSED] - Text 'Orange Recorded' is present on page  using regular expression

2022-02-11 23:07:29 - [TEST_STEP][PASSED] - verifyTextPresent("Yellow Recorded", true): Text 'Yellow Recorded' is present on page  using regular expression

2022-02-11 23:07:29 - [MESSAGE][PASSED] - Text 'Yellow Recorded' is present on page  using regular expression

2022-02-11 23:07:29 - [TEST_STEP][PASSED] - verifyTextPresent("Norway", true): Text 'Norway' is present on page  using regular expression

2022-02-11 23:07:30 - [MESSAGE][PASSED] - Text 'Norway' is present on page  using regular expression

2022-02-11 23:07:30 - [TEST_STEP][PASSED] - verifyTextPresent("Netherlands", true): Text 'Netherlands' is present on page  using regular expression

2022-02-11 23:07:30 - [MESSAGE][PASSED] - Text 'Netherlands' is present on page  using regular expression

2022-02-11 23:07:30 - [TEST_STEP][PASSED] - verifyTextPresent("Switzerland", true): Text 'Switzerland' is present on page  using regular expression

2022-02-11 23:07:30 - [MESSAGE][PASSED] - Text 'Switzerland' is present on page  using regular expression

2022-02-11 23:07:30 - [TEST_STEP][PASSED] - verifyTextPresent("France", true): Text 'France' is present on page  using regular expression

2022-02-11 23:07:31 - [MESSAGE][PASSED] - Text 'France' is present on page  using regular expression

2022-02-11 23:07:31 - [TEST_STEP][PASSED] - verifyTextPresent("Amount", true): Text 'Amount' is present on page  using regular expression

2022-02-11 23:07:31 - [MESSAGE][PASSED] - Text 'Amount' is present on page  using regular expression

2022-02-11 23:07:31 - [TEST_STEP][PASSED] - verifyTextPresent("Convenience Fee", true): Text 'Convenience Fee' is present on page  using regular expression

2022-02-11 23:07:31 - [MESSAGE][PASSED] - Text 'Convenience Fee' is present on page  using regular expression

2022-02-11 23:07:31 - [TEST_STEP][PASSED] - verifyTextPresent("Convenience Fee Type", true): Text 'Convenience Fee Type' is present on page  using regular expression

2022-02-11 23:07:32 - [MESSAGE][PASSED] - Text 'Convenience Fee Type' is present on page  using regular expression

2022-02-11 23:07:32 - [TEST_STEP][PASSED] - verifyTextPresent("Total Amount", true): Text 'Total Amount' is present on page  using regular expression

2022-02-11 23:07:32 - [MESSAGE][PASSED] - Text 'Total Amount' is present on page  using regular expression

2022-02-11 23:07:32 - [TEST_STEP][PASSED] - verifyTextPresent("Transaction Type", true): Text 'Transaction Type' is present on page  using regular expression

2022-02-11 23:07:32 - [MESSAGE][PASSED] - Text 'Transaction Type' is present on page  using regular expression

2022-02-11 23:07:32 - [TEST_STEP][PASSED] - verifyTextPresent("10.50", true): Text '10.50' is present on page  using regular expression

2022-02-11 23:07:33 - [MESSAGE][PASSED] - Text '10.50' is present on page  using regular expression

2022-02-11 23:07:33 - [TEST_STEP][PASSED] - verifyTextPresent("5.00", true): Text '5.00' is present on page  using regular expression

2022-02-11 23:07:33 - [MESSAGE][PASSED] - Text '5.00' is present on page  using regular expression

2022-02-11 23:07:33 - [TEST_STEP][PASSED] - verifyTextPresent("Single Transaction", true): Text 'Single Transaction' is present on page  using regular expression

2022-02-11 23:07:33 - [MESSAGE][PASSED] - Text 'Single Transaction' is present on page  using regular expression

2022-02-11 23:07:33 - [TEST_STEP][PASSED] - verifyTextPresent("15.50", true): Text '15.50' is present on page  using regular expression

2022-02-11 23:07:34 - [MESSAGE][PASSED] - Text '15.50' is present on page  using regular expression

2022-02-11 23:07:34 - [TEST_STEP][PASSED] - verifyTextPresent("Authorization and Capture", true): Text 'Authorization and Capture' is present on page  using regular expression

2022-02-11 23:07:34 - [MESSAGE][PASSED] - Text 'Authorization and Capture' is present on page  using regular expression

2022-02-11 23:07:34 - [TEST_STEP][PASSED] - verifyTextPresent("Card Information", true): Text 'Card Information' is present on page  using regular expression

2022-02-11 23:07:34 - [MESSAGE][PASSED] - Text 'Card Information' is present on page  using regular expression

2022-02-11 23:07:34 - [TEST_STEP][PASSED] - verifyTextPresent("SHIV HARI", true): Text 'SHIV HARI' is present on page  using regular expression

2022-02-11 23:07:35 - [MESSAGE][PASSED] - Text 'SHIV HARI' is present on page  using regular expression

2022-02-11 23:07:35 - [TEST_STEP][PASSED] - switch (cardNumbers[i]): null

2022-02-11 23:07:35 - [TEST_STEP][PASSED] - case "6011000993026909":: null

2022-02-11 23:07:35 - [TEST_STEP][PASSED] - verifyTextPresent("Discover", true): Text 'Discover' is present on page  using regular expression

2022-02-11 23:07:35 - [MESSAGE][PASSED] - Text 'Discover' is present on page  using regular expression

2022-02-11 23:07:35 - [TEST_STEP][PASSED] - verifyTextPresent("6909", true): Text '6909' is present on page  using regular expression

2022-02-11 23:07:35 - [MESSAGE][PASSED] - Text '6909' is present on page  using regular expression

2022-02-11 23:07:35 - [TEST_STEP][PASSED] - break: null

2022-02-11 23:07:35 - [TEST_STEP][PASSED] - verifyTextPresent("Address Line 1", true): Text 'Address Line 1' is present on page  using regular expression

2022-02-11 23:07:36 - [MESSAGE][PASSED] - Text 'Address Line 1' is present on page  using regular expression

2022-02-11 23:07:36 - [TEST_STEP][PASSED] - verifyTextPresent("Address Line 2", true): Text 'Address Line 2' is present on page  using regular expression

2022-02-11 23:07:36 - [MESSAGE][PASSED] - Text 'Address Line 2' is present on page  using regular expression

2022-02-11 23:07:36 - [TEST_STEP][PASSED] - verifyTextPresent("Country", true): Text 'Country' is present on page  using regular expression

2022-02-11 23:07:36 - [MESSAGE][PASSED] - Text 'Country' is present on page  using regular expression

2022-02-11 23:07:36 - [TEST_STEP][PASSED] - verifyTextPresent("City", true): Text 'City' is present on page  using regular expression

2022-02-11 23:07:37 - [MESSAGE][PASSED] - Text 'City' is present on page  using regular expression

2022-02-11 23:07:37 - [TEST_STEP][PASSED] - verifyTextPresent("State", true): Text 'State' is present on page  using regular expression

2022-02-11 23:07:37 - [MESSAGE][PASSED] - Text 'State' is present on page  using regular expression

2022-02-11 23:07:37 - [TEST_STEP][PASSED] - verifyTextPresent("ZIP Code", true): Text 'ZIP Code' is present on page  using regular expression

2022-02-11 23:07:37 - [MESSAGE][PASSED] - Text 'ZIP Code' is present on page  using regular expression

2022-02-11 23:07:37 - [TEST_STEP][PASSED] - verifyTextPresent("2311 York road", true): Text '2311 York road' is present on page  using regular expression

2022-02-11 23:07:38 - [MESSAGE][PASSED] - Text '2311 York road' is present on page  using regular expression

2022-02-11 23:07:38 - [TEST_STEP][PASSED] - verifyTextPresent("Suite 500", true): Text 'Suite 500' is present on page  using regular expression

2022-02-11 23:07:38 - [MESSAGE][PASSED] - Text 'Suite 500' is present on page  using regular expression

2022-02-11 23:07:38 - [TEST_STEP][PASSED] - verifyTextPresent("United States", true): Text 'United States' is present on page  using regular expression

2022-02-11 23:07:38 - [MESSAGE][PASSED] - Text 'United States' is present on page  using regular expression

2022-02-11 23:07:38 - [TEST_STEP][PASSED] - verifyTextPresent("LUTHERVILLE TIMONIUM", true): Text 'LUTHERVILLE TIMONIUM' is present on page  using regular expression

2022-02-11 23:07:39 - [MESSAGE][PASSED] - Text 'LUTHERVILLE TIMONIUM' is present on page  using regular expression

2022-02-11 23:07:39 - [TEST_STEP][PASSED] - verifyTextPresent("Maryland", true): Text 'Maryland' is present on page  using regular expression

2022-02-11 23:07:39 - [MESSAGE][PASSED] - Text 'Maryland' is present on page  using regular expression

2022-02-11 23:07:39 - [TEST_STEP][PASSED] - verifyTextPresent("21093", true): Text '21093' is present on page  using regular expression

2022-02-11 23:07:39 - [MESSAGE][PASSED] - Text '21093' is present on page  using regular expression]]></system-out>
         <system-err><![CDATA[2022-02-11 23:04:03 - [TEST_CASE][FAILED] - Test Cases/Admin Suite Bootstrap/VT_TestCases/SaleKeyboard_TP_SCF_App238_Payment_TC: Test Cases/Admin Suite Bootstrap/VT_TestCases/SaleKeyboard_TP_SCF_App238_Payment_TC FAILED.
Reason:
com.kms.katalon.core.exception.StepFailedException: Text 'UDF1' is not present on page  using regular expression (Root cause: com.kms.katalon.core.exception.StepFailedException: Text 'UDF1' is not present on page  using regular expression
	at com.kms.katalon.core.webui.keyword.internal.WebUIKeywordMain.stepFailed(WebUIKeywordMain.groovy:64)
	at com.kms.katalon.core.webui.keyword.builtin.VerifyTextPresentKeyword$_verifyTextPresent_closure1.doCall(VerifyTextPresentKeyword.groovy:79)
	at com.kms.katalon.core.webui.keyword.builtin.VerifyTextPresentKeyword$_verifyTextPresent_closure1.call(VerifyTextPresentKeyword.groovy)
	at com.kms.katalon.core.webui.keyword.internal.WebUIKeywordMain.runKeyword(WebUIKeywordMain.groovy:20)
	at com.kms.katalon.core.webui.keyword.builtin.VerifyTextPresentKeyword.verifyTextPresent(VerifyTextPresentKeyword.groovy:83)
	at com.kms.katalon.core.webui.keyword.builtin.VerifyTextPresentKeyword.execute(VerifyTextPresentKeyword.groovy:68)
	at com.kms.katalon.core.keyword.internal.KeywordExecutor.executeKeywordForPlatform(KeywordExecutor.groovy:74)
	at com.kms.katalon.core.webui.keyword.WebUiBuiltInKeywords.verifyTextPresent(WebUiBuiltInKeywords.groovy:1723)
	at com.kms.katalon.core.webui.keyword.WebUiBuiltInKeywords$verifyTextPresent$8.call(Unknown Source)
	at SaleKeyboard_TP_SCF_App238_Payment_TC.run(SaleKeyboard_TP_SCF_App238_Payment_TC:66)
	at com.kms.katalon.core.main.ScriptEngine.run(ScriptEngine.java:194)
	at com.kms.katalon.core.main.ScriptEngine.runScriptAsRawText(ScriptEngine.java:119)
	at com.kms.katalon.core.main.TestCaseExecutor.runScript(TestCaseExecutor.java:442)
	at com.kms.katalon.core.main.TestCaseExecutor.doExecute(TestCaseExecutor.java:433)
	at com.kms.katalon.core.main.TestCaseExecutor.processExecutionPhase(TestCaseExecutor.java:412)
	at com.kms.katalon.core.main.TestCaseExecutor.accessMainPhase(TestCaseExecutor.java:404)
	at com.kms.katalon.core.main.TestCaseExecutor.execute(TestCaseExecutor.java:281)
	at com.kms.katalon.core.main.TestSuiteExecutor.accessTestCaseMainPhase(TestSuiteExecutor.java:202)
	at com.kms.katalon.core.main.TestSuiteExecutor.accessTestSuiteMainPhase(TestSuiteExecutor.java:164)
	at com.kms.katalon.core.main.TestSuiteExecutor.execute(TestSuiteExecutor.java:105)
	at com.kms.katalon.core.main.TestCaseMain.startTestSuite(TestCaseMain.java:181)
	at com.kms.katalon.core.main.TestCaseMain$startTestSuite$0.call(Unknown Source)
	at TempTestSuite1644638509545.run(TempTestSuite1644638509545.groovy:36)
)
	at com.kms.katalon.core.keyword.internal.KeywordMain.stepFailed(KeywordMain.groovy:39)
	at com.kms.katalon.core.webui.keyword.internal.WebUIKeywordMain.stepFailed(WebUIKeywordMain.groovy:64)
	at com.kms.katalon.core.webui.keyword.builtin.VerifyTextPresentKeyword$_verifyTextPresent_closure1.doCall(VerifyTextPresentKeyword.groovy:79)
	at com.kms.katalon.core.webui.keyword.builtin.VerifyTextPresentKeyword$_verifyTextPresent_closure1.call(VerifyTextPresentKeyword.groovy)
	at com.kms.katalon.core.webui.keyword.internal.WebUIKeywordMain.runKeyword(WebUIKeywordMain.groovy:20)
	at com.kms.katalon.core.webui.keyword.builtin.VerifyTextPresentKeyword.verifyTextPresent(VerifyTextPresentKeyword.groovy:83)
	at com.kms.katalon.core.webui.keyword.builtin.VerifyTextPresentKeyword.execute(VerifyTextPresentKeyword.groovy:68)
	at com.kms.katalon.core.keyword.internal.KeywordExecutor.executeKeywordForPlatform(KeywordExecutor.groovy:74)
	at com.kms.katalon.core.webui.keyword.WebUiBuiltInKeywords.verifyTextPresent(WebUiBuiltInKeywords.groovy:1723)
	at com.kms.katalon.core.webui.keyword.WebUiBuiltInKeywords$verifyTextPresent$8.call(Unknown Source)
	at SaleKeyboard_TP_SCF_App238_Payment_TC.run(SaleKeyboard_TP_SCF_App238_Payment_TC:66)
	at com.kms.katalon.core.main.ScriptEngine.run(ScriptEngine.java:194)
	at com.kms.katalon.core.main.ScriptEngine.runScriptAsRawText(ScriptEngine.java:119)
	at com.kms.katalon.core.main.TestCaseExecutor.runScript(TestCaseExecutor.java:442)
	at com.kms.katalon.core.main.TestCaseExecutor.doExecute(TestCaseExecutor.java:433)
	at com.kms.katalon.core.main.TestCaseExecutor.processExecutionPhase(TestCaseExecutor.java:412)
	at com.kms.katalon.core.main.TestCaseExecutor.accessMainPhase(TestCaseExecutor.java:404)
	at com.kms.katalon.core.main.TestCaseExecutor.execute(TestCaseExecutor.java:281)
	at com.kms.katalon.core.main.TestSuiteExecutor.accessTestCaseMainPhase(TestSuiteExecutor.java:202)
	at com.kms.katalon.core.main.TestSuiteExecutor.accessTestSuiteMainPhase(TestSuiteExecutor.java:164)
	at com.kms.katalon.core.main.TestSuiteExecutor.execute(TestSuiteExecutor.java:105)
	at com.kms.katalon.core.main.TestCaseMain.startTestSuite(TestCaseMain.java:181)
	at com.kms.katalon.core.main.TestCaseMain$startTestSuite$0.call(Unknown Source)
	at TempTestSuite1644638509545.run(TempTestSuite1644638509545.groovy:36)
Caused by: com.kms.katalon.core.exception.StepFailedException: Text 'UDF1' is not present on page  using regular expression
	... 23 more]]></system-err>
      </testcase>
      <testcase name="Test Cases/Admin Suite Bootstrap/VT_TestCases/SaleKeyboard_TP_DCF_App255_Payment_TC" time="210.648" classname="Test Cases/Admin Suite Bootstrap/VT_TestCases/SaleKeyboard_TP_DCF_App255_Payment_TC" status="FAILED">
         <failure type="FAILED" message="Test Cases/Admin Suite Bootstrap/VT_TestCases/SaleKeyboard_TP_DCF_App255_Payment_TC FAILED.
Reason:
com.kms.katalon.core.exception.StepFailedException: Text 'UDF1' is not present on page  using regular expression (Root cause: com.kms.katalon.core.exception.StepFailedException: Text 'UDF1' is not present on page  using regular expression
	at com.kms.katalon.core.webui.keyword.internal.WebUIKeywordMain.stepFailed(WebUIKeywordMain.groovy:64)
	at com.kms.katalon.core.webui.keyword.builtin.VerifyTextPresentKeyword$_verifyTextPresent_closure1.doCall(VerifyTextPresentKeyword.groovy:79)
	at com.kms.katalon.core.webui.keyword.builtin.VerifyTextPresentKeyword$_verifyTextPresent_closure1.call(VerifyTextPresentKeyword.groovy)
	at com.kms.katalon.core.webui.keyword.internal.WebUIKeywordMain.runKeyword(WebUIKeywordMain.groovy:20)
	at com.kms.katalon.core.webui.keyword.builtin.VerifyTextPresentKeyword.verifyTextPresent(VerifyTextPresentKeyword.groovy:83)
	at com.kms.katalon.core.webui.keyword.builtin.VerifyTextPresentKeyword.execute(VerifyTextPresentKeyword.groovy:68)
	at com.kms.katalon.core.keyword.internal.KeywordExecutor.executeKeywordForPlatform(KeywordExecutor.groovy:74)
	at com.kms.katalon.core.webui.keyword.WebUiBuiltInKeywords.verifyTextPresent(WebUiBuiltInKeywords.groovy:1723)
	at com.kms.katalon.core.webui.keyword.WebUiBuiltInKeywords$verifyTextPresent$8.call(Unknown Source)
	at SaleKeyboard_TP_DCF_App255_Payment_TC.run(SaleKeyboard_TP_DCF_App255_Payment_TC:67)
	at com.kms.katalon.core.main.ScriptEngine.run(ScriptEngine.java:194)
	at com.kms.katalon.core.main.ScriptEngine.runScriptAsRawText(ScriptEngine.java:119)
	at com.kms.katalon.core.main.TestCaseExecutor.runScript(TestCaseExecutor.java:442)
	at com.kms.katalon.core.main.TestCaseExecutor.doExecute(TestCaseExecutor.java:433)
	at com.kms.katalon.core.main.TestCaseExecutor.processExecutionPhase(TestCaseExecutor.java:412)
	at com.kms.katalon.core.main.TestCaseExecutor.accessMainPhase(TestCaseExecutor.java:404)
	at com.kms.katalon.core.main.TestCaseExecutor.execute(TestCaseExecutor.java:281)
	at com.kms.katalon.core.main.TestSuiteExecutor.accessTestCaseMainPhase(TestSuiteExecutor.java:202)
	at com.kms.katalon.core.main.TestSuiteExecutor.accessTestSuiteMainPhase(TestSuiteExecutor.java:164)
	at com.kms.katalon.core.main.TestSuiteExecutor.execute(TestSuiteExecutor.java:105)
	at com.kms.katalon.core.main.TestCaseMain.startTestSuite(TestCaseMain.java:181)
	at com.kms.katalon.core.main.TestCaseMain$startTestSuite$0.call(Unknown Source)
	at TempTestSuite1644638509545.run(TempTestSuite1644638509545.groovy:36)
)
	at com.kms.katalon.core.keyword.internal.KeywordMain.stepFailed(KeywordMain.groovy:39)
	at com.kms.katalon.core.webui.keyword.internal.WebUIKeywordMain.stepFailed(WebUIKeywordMain.groovy:64)
	at com.kms.katalon.core.webui.keyword.builtin.VerifyTextPresentKeyword$_verifyTextPresent_closure1.doCall(VerifyTextPresentKeyword.groovy:79)
	at com.kms.katalon.core.webui.keyword.builtin.VerifyTextPresentKeyword$_verifyTextPresent_closure1.call(VerifyTextPresentKeyword.groovy)
	at com.kms.katalon.core.webui.keyword.internal.WebUIKeywordMain.runKeyword(WebUIKeywordMain.groovy:20)
	at com.kms.katalon.core.webui.keyword.builtin.VerifyTextPresentKeyword.verifyTextPresent(VerifyTextPresentKeyword.groovy:83)
	at com.kms.katalon.core.webui.keyword.builtin.VerifyTextPresentKeyword.execute(VerifyTextPresentKeyword.groovy:68)
	at com.kms.katalon.core.keyword.internal.KeywordExecutor.executeKeywordForPlatform(KeywordExecutor.groovy:74)
	at com.kms.katalon.core.webui.keyword.WebUiBuiltInKeywords.verifyTextPresent(WebUiBuiltInKeywords.groovy:1723)
	at com.kms.katalon.core.webui.keyword.WebUiBuiltInKeywords$verifyTextPresent$8.call(Unknown Source)
	at SaleKeyboard_TP_DCF_App255_Payment_TC.run(SaleKeyboard_TP_DCF_App255_Payment_TC:67)
	at com.kms.katalon.core.main.ScriptEngine.run(ScriptEngine.java:194)
	at com.kms.katalon.core.main.ScriptEngine.runScriptAsRawText(ScriptEngine.java:119)
	at com.kms.katalon.core.main.TestCaseExecutor.runScript(TestCaseExecutor.java:442)
	at com.kms.katalon.core.main.TestCaseExecutor.doExecute(TestCaseExecutor.java:433)
	at com.kms.katalon.core.main.TestCaseExecutor.processExecutionPhase(TestCaseExecutor.java:412)
	at com.kms.katalon.core.main.TestCaseExecutor.accessMainPhase(TestCaseExecutor.java:404)
	at com.kms.katalon.core.main.TestCaseExecutor.execute(TestCaseExecutor.java:281)
	at com.kms.katalon.core.main.TestSuiteExecutor.accessTestCaseMainPhase(TestSuiteExecutor.java:202)
	at com.kms.katalon.core.main.TestSuiteExecutor.accessTestSuiteMainPhase(TestSuiteExecutor.java:164)
	at com.kms.katalon.core.main.TestSuiteExecutor.execute(TestSuiteExecutor.java:105)
	at com.kms.katalon.core.main.TestCaseMain.startTestSuite(TestCaseMain.java:181)
	at com.kms.katalon.core.main.TestCaseMain$startTestSuite$0.call(Unknown Source)
	at TempTestSuite1644638509545.run(TempTestSuite1644638509545.groovy:36)
Caused by: com.kms.katalon.core.exception.StepFailedException: Text 'UDF1' is not present on page  using regular expression
	... 23 more
"/>
         <system-out><![CDATA[2022-02-11 23:07:39 - [TEST_CASE][FAILED] - Test Cases/Admin Suite Bootstrap/VT_TestCases/SaleKeyboard_TP_DCF_App255_Payment_TC: Test Cases/Admin Suite Bootstrap/VT_TestCases/SaleKeyboard_TP_DCF_App255_Payment_TC FAILED.
Reason:
com.kms.katalon.core.exception.StepFailedException: Text 'UDF1' is not present on page  using regular expression (Root cause: com.kms.katalon.core.exception.StepFailedException: Text 'UDF1' is not present on page  using regular expression
	at com.kms.katalon.core.webui.keyword.internal.WebUIKeywordMain.stepFailed(WebUIKeywordMain.groovy:64)
	at com.kms.katalon.core.webui.keyword.builtin.VerifyTextPresentKeyword$_verifyTextPresent_closure1.doCall(VerifyTextPresentKeyword.groovy:79)
	at com.kms.katalon.core.webui.keyword.builtin.VerifyTextPresentKeyword$_verifyTextPresent_closure1.call(VerifyTextPresentKeyword.groovy)
	at com.kms.katalon.core.webui.keyword.internal.WebUIKeywordMain.runKeyword(WebUIKeywordMain.groovy:20)
	at com.kms.katalon.core.webui.keyword.builtin.VerifyTextPresentKeyword.verifyTextPresent(VerifyTextPresentKeyword.groovy:83)
	at com.kms.katalon.core.webui.keyword.builtin.VerifyTextPresentKeyword.execute(VerifyTextPresentKeyword.groovy:68)
	at com.kms.katalon.core.keyword.internal.KeywordExecutor.executeKeywordForPlatform(KeywordExecutor.groovy:74)
	at com.kms.katalon.core.webui.keyword.WebUiBuiltInKeywords.verifyTextPresent(WebUiBuiltInKeywords.groovy:1723)
	at com.kms.katalon.core.webui.keyword.WebUiBuiltInKeywords$verifyTextPresent$8.call(Unknown Source)
	at SaleKeyboard_TP_DCF_App255_Payment_TC.run(SaleKeyboard_TP_DCF_App255_Payment_TC:67)
	at com.kms.katalon.core.main.ScriptEngine.run(ScriptEngine.java:194)
	at com.kms.katalon.core.main.ScriptEngine.runScriptAsRawText(ScriptEngine.java:119)
	at com.kms.katalon.core.main.TestCaseExecutor.runScript(TestCaseExecutor.java:442)
	at com.kms.katalon.core.main.TestCaseExecutor.doExecute(TestCaseExecutor.java:433)
	at com.kms.katalon.core.main.TestCaseExecutor.processExecutionPhase(TestCaseExecutor.java:412)
	at com.kms.katalon.core.main.TestCaseExecutor.accessMainPhase(TestCaseExecutor.java:404)
	at com.kms.katalon.core.main.TestCaseExecutor.execute(TestCaseExecutor.java:281)
	at com.kms.katalon.core.main.TestSuiteExecutor.accessTestCaseMainPhase(TestSuiteExecutor.java:202)
	at com.kms.katalon.core.main.TestSuiteExecutor.accessTestSuiteMainPhase(TestSuiteExecutor.java:164)
	at com.kms.katalon.core.main.TestSuiteExecutor.execute(TestSuiteExecutor.java:105)
	at com.kms.katalon.core.main.TestCaseMain.startTestSuite(TestCaseMain.java:181)
	at com.kms.katalon.core.main.TestCaseMain$startTestSuite$0.call(Unknown Source)
	at TempTestSuite1644638509545.run(TempTestSuite1644638509545.groovy:36)
)
	at com.kms.katalon.core.keyword.internal.KeywordMain.stepFailed(KeywordMain.groovy:39)
	at com.kms.katalon.core.webui.keyword.internal.WebUIKeywordMain.stepFailed(WebUIKeywordMain.groovy:64)
	at com.kms.katalon.core.webui.keyword.builtin.VerifyTextPresentKeyword$_verifyTextPresent_closure1.doCall(VerifyTextPresentKeyword.groovy:79)
	at com.kms.katalon.core.webui.keyword.builtin.VerifyTextPresentKeyword$_verifyTextPresent_closure1.call(VerifyTextPresentKeyword.groovy)
	at com.kms.katalon.core.webui.keyword.internal.WebUIKeywordMain.runKeyword(WebUIKeywordMain.groovy:20)
	at com.kms.katalon.core.webui.keyword.builtin.VerifyTextPresentKeyword.verifyTextPresent(VerifyTextPresentKeyword.groovy:83)
	at com.kms.katalon.core.webui.keyword.builtin.VerifyTextPresentKeyword.execute(VerifyTextPresentKeyword.groovy:68)
	at com.kms.katalon.core.keyword.internal.KeywordExecutor.executeKeywordForPlatform(KeywordExecutor.groovy:74)
	at com.kms.katalon.core.webui.keyword.WebUiBuiltInKeywords.verifyTextPresent(WebUiBuiltInKeywords.groovy:1723)
	at com.kms.katalon.core.webui.keyword.WebUiBuiltInKeywords$verifyTextPresent$8.call(Unknown Source)
	at SaleKeyboard_TP_DCF_App255_Payment_TC.run(SaleKeyboard_TP_DCF_App255_Payment_TC:67)
	at com.kms.katalon.core.main.ScriptEngine.run(ScriptEngine.java:194)
	at com.kms.katalon.core.main.ScriptEngine.runScriptAsRawText(ScriptEngine.java:119)
	at com.kms.katalon.core.main.TestCaseExecutor.runScript(TestCaseExecutor.java:442)
	at com.kms.katalon.core.main.TestCaseExecutor.doExecute(TestCaseExecutor.java:433)
	at com.kms.katalon.core.main.TestCaseExecutor.processExecutionPhase(TestCaseExecutor.java:412)
	at com.kms.katalon.core.main.TestCaseExecutor.accessMainPhase(TestCaseExecutor.java:404)
	at com.kms.katalon.core.main.TestCaseExecutor.execute(TestCaseExecutor.java:281)
	at com.kms.katalon.core.main.TestSuiteExecutor.accessTestCaseMainPhase(TestSuiteExecutor.java:202)
	at com.kms.katalon.core.main.TestSuiteExecutor.accessTestSuiteMainPhase(TestSuiteExecutor.java:164)
	at com.kms.katalon.core.main.TestSuiteExecutor.execute(TestSuiteExecutor.java:105)
	at com.kms.katalon.core.main.TestCaseMain.startTestSuite(TestCaseMain.java:181)
	at com.kms.katalon.core.main.TestCaseMain$startTestSuite$0.call(Unknown Source)
	at TempTestSuite1644638509545.run(TempTestSuite1644638509545.groovy:36)
Caused by: com.kms.katalon.core.exception.StepFailedException: Text 'UDF1' is not present on page  using regular expression
	... 23 more


2022-02-11 23:07:40 - [TEST_STEP][PASSED] - path_Dashboard = "Object Repository/AdminSuiteBootstrap_Pages/Dashboard_Bootstrap/": null

2022-02-11 23:07:40 - [TEST_STEP][PASSED] - path_VT = "Object Repository/AdminSuiteBootstrap_Pages/VT_Bootstrap/IssueTransactions/": null

2022-02-11 23:07:40 - [TEST_STEP][PASSED] - path_SaleKB = "Object Repository/AdminSuiteBootstrap_Pages/VT_Bootstrap/SaleKeyboard/": null

2022-02-11 23:07:40 - [TEST_STEP][PASSED] - appliID = "255": null

2022-02-11 23:07:40 - [TEST_STEP][PASSED] - li_1 = "/admin/imtiaz/bootstrap/vpos/": null

2022-02-11 23:07:40 - [TEST_STEP][PASSED] - li_2 = "/transactions/AuthCapForm/": null

2022-02-11 23:07:40 - [TEST_STEP][PASSED] - hrefAppID = li_1 + appliID + li_2: null

2022-02-11 23:07:40 - [TEST_STEP][PASSED] - out.println("hrefID is : " + hrefAppID): null

2022-02-11 23:07:40 - [TEST_STEP][PASSED] - cardNumbers = ["4012000098765439", "5146312200000035", "371449635392376", "6011000993026909"]: null

2022-02-11 23:07:40 - [TEST_STEP][PASSED] - listSize = cardNumbers.size(): null

2022-02-11 23:07:40 - [TEST_STEP][PASSED] - println(listSize): null

2022-02-11 23:07:40 - [TEST_STEP][FAILED] - for ([i = 0, i < listSize, (i++)]): Text '21093' is present on page  using regular expression

2022-02-11 23:07:40 - [TEST_STEP][PASSED] - adminSuiteBootstrap.loginFunctionality.login_AdminSuite(): adminSuiteBootstrap.loginFunctionality.login_AdminSuite is PASSED

2022-02-11 23:07:40 - [MESSAGE][WARNING] - A browser is already opened. Closing browser and opening a new one

2022-02-11 23:07:41 - [MESSAGE][INFO] - Starting 'Chrome' driver

2022-02-11 23:07:41 - [MESSAGE][INFO] - User set preference: ['acceptInsecureCerts', 'true']

2022-02-11 23:07:41 - [MESSAGE][INFO] - Action delay is set to 0 milliseconds

2022-02-11 23:07:43 - [MESSAGE][PASSED] - Browser is opened with url: 'https://qa.velocitypayment.com/admin/imtiaz'

2022-02-11 23:07:43 - [MESSAGE][PASSED] - Current window maximized

2022-02-11 23:07:44 - [MESSAGE][PASSED] - Object 'Object Repository/Login_Page/Login_Username' is present

2022-02-11 23:07:44 - [MESSAGE][PASSED] - Text 'iahmed' is set on object 'Object Repository/Login_Page/Login_Username'

2022-02-11 23:07:45 - [MESSAGE][PASSED] - Text 'hello2222' is set on object 'Object Repository/Login_Page/Login_Password'

2022-02-11 23:07:49 - [MESSAGE][PASSED] - Object: 'Object Repository/Login_Page/Login_Submit' is clicked on

2022-02-11 23:07:49 - [MESSAGE][PASSED] - adminSuiteBootstrap.loginFunctionality.login_AdminSuite is PASSED

2022-02-11 23:07:49 - [TEST_STEP][PASSED] - click(findTestObject(path_Dashboard + "span_Payment")): Object: 'Object Repository/AdminSuiteBootstrap_Pages/Dashboard_Bootstrap/span_Payment' is clicked on

2022-02-11 23:07:50 - [MESSAGE][PASSED] - Object: 'Object Repository/AdminSuiteBootstrap_Pages/Dashboard_Bootstrap/span_Payment' is clicked on

2022-02-11 23:07:50 - [TEST_STEP][PASSED] - scrollToElement(findTestObject(path_Dashboard + "span_Reporting"), 3): Scroll to object 'Object Repository/AdminSuiteBootstrap_Pages/Dashboard_Bootstrap/span_Reporting' successfully

2022-02-11 23:07:50 - [MESSAGE][PASSED] - Scroll to object 'Object Repository/AdminSuiteBootstrap_Pages/Dashboard_Bootstrap/span_Reporting' successfully

2022-02-11 23:07:50 - [TEST_STEP][PASSED] - click(findTestObject(path_Dashboard + "a_Sabu 1")): Object: 'Object Repository/AdminSuiteBootstrap_Pages/Dashboard_Bootstrap/a_Sabu 1' is clicked on

2022-02-11 23:07:51 - [MESSAGE][PASSED] - Object: 'Object Repository/AdminSuiteBootstrap_Pages/Dashboard_Bootstrap/a_Sabu 1' is clicked on

2022-02-11 23:07:51 - [TEST_STEP][PASSED] - click(findTestObject(path_VT + "button_Authorization  Capture (Sale)")): Object: 'Object Repository/AdminSuiteBootstrap_Pages/VT_Bootstrap/IssueTransactions/button_Authorization  Capture (Sale)' is clicked on

2022-02-11 23:07:52 - [MESSAGE][PASSED] - Object: 'Object Repository/AdminSuiteBootstrap_Pages/VT_Bootstrap/IssueTransactions/button_Authorization  Capture (Sale)' is clicked on

2022-02-11 23:07:52 - [TEST_STEP][PASSED] - saleKeyboardEntryLink = modifyObjectProperty(findTestObject(path_VT + "a_KeyboardEntry_Sale"), "href", "equals", hrefAppID, true): Modify property of object successfully

2022-02-11 23:07:52 - [MESSAGE][PASSED] - Modify property of object successfully

2022-02-11 23:07:52 - [TEST_STEP][PASSED] - click(saleKeyboardEntryLink): Object: 'Object Repository/AdminSuiteBootstrap_Pages/VT_Bootstrap/IssueTransactions/a_KeyboardEntry_Sale' is clicked on

2022-02-11 23:07:53 - [MESSAGE][PASSED] - Object: 'Object Repository/AdminSuiteBootstrap_Pages/VT_Bootstrap/IssueTransactions/a_KeyboardEntry_Sale' is clicked on

2022-02-11 23:07:53 - [TEST_STEP][PASSED] - adminSuiteBootstrap.virtualTerminalSetData.saleKeyboard_HardCoded_AllCardTypes(cardNumbers[i]): adminSuiteBootstrap.virtualTerminalSetData.saleKeyboard_HardCoded_AllCardTypes is PASSED

2022-02-11 23:07:54 - [MESSAGE][PASSED] - Text 'Shiv Hari' is set on object 'Object Repository/AdminSuiteBootstrap_Pages/VT_Bootstrap/SaleKeyboard/input_cardName'

2022-02-11 23:07:55 - [MESSAGE][PASSED] - All options with value 'MOTO' are selected in object 'Object Repository/AdminSuiteBootstrap_Pages/VT_Bootstrap/SaleKeyboard/select_transactionCategory'  using regular expression

2022-02-11 23:07:56 - [MESSAGE][PASSED] - Execute JavaScript 'arguments[0].value ='4012000098765439' ' successfully

2022-02-11 23:07:56 - [MESSAGE][PASSED] - Execute JavaScript 'arguments[0].value ='123'' successfully

2022-02-11 23:07:57 - [MESSAGE][PASSED] - All options with value '12' are selected in object 'Object Repository/AdminSuiteBootstrap_Pages/VT_Bootstrap/SaleKeyboard/select_MM'  using regular expression

2022-02-11 23:07:58 - [MESSAGE][PASSED] - All options with value '2026' are selected in object 'Object Repository/AdminSuiteBootstrap_Pages/VT_Bootstrap/SaleKeyboard/select_YYYY'  using regular expression

2022-02-11 23:07:59 - [MESSAGE][PASSED] - Text '2311 York road' is set on object 'Object Repository/AdminSuiteBootstrap_Pages/VT_Bootstrap/SaleKeyboard/input__address'

2022-02-11 23:08:00 - [MESSAGE][PASSED] - Text 'Suite 500' is set on object 'Object Repository/AdminSuiteBootstrap_Pages/VT_Bootstrap/SaleKeyboard/input__address2'

2022-02-11 23:08:01 - [MESSAGE][PASSED] - Text '21093' is set on object 'Object Repository/AdminSuiteBootstrap_Pages/VT_Bootstrap/SaleKeyboard/input__zip'

2022-02-11 23:08:01 - [MESSAGE][PASSED] - Text 'iahmed@govolution.com' is set on object 'Object Repository/AdminSuiteBootstrap_Pages/VT_Bootstrap/SaleKeyboard/input_emailAddress'

2022-02-11 23:08:03 - [MESSAGE][PASSED] - Text '' is set on object 'Object Repository/AdminSuiteBootstrap_Pages/VT_Bootstrap/SaleKeyboard/input_smsNumber'

2022-02-11 23:08:03 - [MESSAGE][PASSED] - Text '10.50' is set on object 'Object Repository/AdminSuiteBootstrap_Pages/VT_Bootstrap/SaleKeyboard/input_amount'

2022-02-11 23:08:05 - [MESSAGE][PASSED] - Text 'Australia' is set on object 'Object Repository/AdminSuiteBootstrap_Pages/VT_Bootstrap/SaleKeyboard/input_userDefined1'

2022-02-11 23:08:06 - [MESSAGE][PASSED] - Text 'Denmark' is set on object 'Object Repository/AdminSuiteBootstrap_Pages/VT_Bootstrap/SaleKeyboard/input_userDefined2'

2022-02-11 23:08:06 - [MESSAGE][PASSED] - Text 'Sweden' is set on object 'Object Repository/AdminSuiteBootstrap_Pages/VT_Bootstrap/SaleKeyboard/input_userDefined3'

2022-02-11 23:08:07 - [MESSAGE][PASSED] - Text 'Austria' is set on object 'Object Repository/AdminSuiteBootstrap_Pages/VT_Bootstrap/SaleKeyboard/input_userDefined4'

2022-02-11 23:08:08 - [MESSAGE][PASSED] - All options with label 'Orange' are selected in object 'Object Repository/AdminSuiteBootstrap_Pages/VT_Bootstrap/SaleKeyboard/select_UDF5_DropDown'  using regular expression

2022-02-11 23:08:09 - [MESSAGE][PASSED] - All options with label 'Yellow' are selected in object 'Object Repository/AdminSuiteBootstrap_Pages/VT_Bootstrap/SaleKeyboard/select_UDF6_DropDown'  using regular expression

2022-02-11 23:08:10 - [MESSAGE][PASSED] - Text 'Norway' is set on object 'Object Repository/AdminSuiteBootstrap_Pages/VT_Bootstrap/SaleKeyboard/input_userDefined7'

2022-02-11 23:08:10 - [MESSAGE][PASSED] - Text 'Netherlands' is set on object 'Object Repository/AdminSuiteBootstrap_Pages/VT_Bootstrap/SaleKeyboard/input_userDefined8'

2022-02-11 23:08:11 - [MESSAGE][PASSED] - Text 'Switzerland' is set on object 'Object Repository/AdminSuiteBootstrap_Pages/VT_Bootstrap/SaleKeyboard/input_userDefined9'

2022-02-11 23:08:12 - [MESSAGE][PASSED] - Text 'France' is set on object 'Object Repository/AdminSuiteBootstrap_Pages/VT_Bootstrap/SaleKeyboard/input_userDefined10'

2022-02-11 23:08:14 - [MESSAGE][PASSED] - Object: 'Object Repository/AdminSuiteBootstrap_Pages/VT_Bootstrap/SaleKeyboard/button_Submit' is clicked on

2022-02-11 23:08:14 - [MESSAGE][PASSED] - adminSuiteBootstrap.virtualTerminalSetData.saleKeyboard_HardCoded_AllCardTypes is PASSED

2022-02-11 23:08:14 - [TEST_STEP][PASSED] - verifyTextPresent("Transaction Successful", true): Text 'Transaction Successful' is present on page  using regular expression

2022-02-11 23:08:15 - [MESSAGE][PASSED] - Text 'Transaction Successful' is present on page  using regular expression

2022-02-11 23:08:15 - [TEST_STEP][PASSED] - verifyElementVisible(findTestObject("Object Repository/AdminSuiteBootstrap_Pages/VT_Bootstrap/Receipt/button_Continue")): Object 'Object Repository/AdminSuiteBootstrap_Pages/VT_Bootstrap/Receipt/button_Continue' is visible

2022-02-11 23:08:15 - [MESSAGE][PASSED] - Object 'Object Repository/AdminSuiteBootstrap_Pages/VT_Bootstrap/Receipt/button_Continue' is visible

2022-02-11 23:08:15 - [TEST_STEP][PASSED] - verifyElementPresent(findTestObject("Object Repository/AdminSuiteBootstrap_Pages/VT_Bootstrap/Receipt/button_Continue"), 20): Object 'Object Repository/AdminSuiteBootstrap_Pages/VT_Bootstrap/Receipt/button_Continue' is present

2022-02-11 23:08:15 - [MESSAGE][PASSED] - Object 'Object Repository/AdminSuiteBootstrap_Pages/VT_Bootstrap/Receipt/button_Continue' is present

2022-02-11 23:08:15 - [TEST_STEP][PASSED] - verifyElementVisible(findTestObject("Object Repository/AdminSuiteBootstrap_Pages/VT_Bootstrap/Receipt/button_Print")): Object 'Object Repository/AdminSuiteBootstrap_Pages/VT_Bootstrap/Receipt/button_Print' is visible

2022-02-11 23:08:16 - [MESSAGE][PASSED] - Object 'Object Repository/AdminSuiteBootstrap_Pages/VT_Bootstrap/Receipt/button_Print' is visible

2022-02-11 23:08:16 - [TEST_STEP][PASSED] - verifyElementPresent(findTestObject("Object Repository/AdminSuiteBootstrap_Pages/VT_Bootstrap/Receipt/button_Print"), 20): Object 'Object Repository/AdminSuiteBootstrap_Pages/VT_Bootstrap/Receipt/button_Print' is present

2022-02-11 23:08:16 - [MESSAGE][PASSED] - Object 'Object Repository/AdminSuiteBootstrap_Pages/VT_Bootstrap/Receipt/button_Print' is present

2022-02-11 23:08:16 - [TEST_STEP][PASSED] - verifyTextPresent("Remittance ID", true): Text 'Remittance ID' is present on page  using regular expression

2022-02-11 23:08:16 - [MESSAGE][PASSED] - Text 'Remittance ID' is present on page  using regular expression

2022-02-11 23:08:16 - [TEST_STEP][PASSED] - verifyTextPresent("Received", true): Text 'Received' is present on page  using regular expression

2022-02-11 23:08:17 - [MESSAGE][PASSED] - Text 'Received' is present on page  using regular expression

2022-02-11 23:08:17 - [TEST_STEP][FAILED] - verifyTextPresent("UDF1", true): Text 'UDF1' is not present on page  using regular expression (Root cause: com.kms.katalon.core.exception.StepFailedException: Text 'UDF1' is not present on page  using regular expression
	at com.kms.katalon.core.webui.keyword.internal.WebUIKeywordMain.stepFailed(WebUIKeywordMain.groovy:64)
	at com.kms.katalon.core.webui.keyword.builtin.VerifyTextPresentKeyword$_verifyTextPresent_closure1.doCall(VerifyTextPresentKeyword.groovy:79)
	at com.kms.katalon.core.webui.keyword.builtin.VerifyTextPresentKeyword$_verifyTextPresent_closure1.call(VerifyTextPresentKeyword.groovy)
	at com.kms.katalon.core.webui.keyword.internal.WebUIKeywordMain.runKeyword(WebUIKeywordMain.groovy:20)
	at com.kms.katalon.core.webui.keyword.builtin.VerifyTextPresentKeyword.verifyTextPresent(VerifyTextPresentKeyword.groovy:83)
	at com.kms.katalon.core.webui.keyword.builtin.VerifyTextPresentKeyword.execute(VerifyTextPresentKeyword.groovy:68)
	at com.kms.katalon.core.keyword.internal.KeywordExecutor.executeKeywordForPlatform(KeywordExecutor.groovy:74)
	at com.kms.katalon.core.webui.keyword.WebUiBuiltInKeywords.verifyTextPresent(WebUiBuiltInKeywords.groovy:1723)
	at com.kms.katalon.core.webui.keyword.WebUiBuiltInKeywords$verifyTextPresent$8.call(Unknown Source)
	at SaleKeyboard_TP_DCF_App255_Payment_TC.run(SaleKeyboard_TP_DCF_App255_Payment_TC:67)
	at com.kms.katalon.core.main.ScriptEngine.run(ScriptEngine.java:194)
	at com.kms.katalon.core.main.ScriptEngine.runScriptAsRawText(ScriptEngine.java:119)
	at com.kms.katalon.core.main.TestCaseExecutor.runScript(TestCaseExecutor.java:442)
	at com.kms.katalon.core.main.TestCaseExecutor.doExecute(TestCaseExecutor.java:433)
	at com.kms.katalon.core.main.TestCaseExecutor.processExecutionPhase(TestCaseExecutor.java:412)
	at com.kms.katalon.core.main.TestCaseExecutor.accessMainPhase(TestCaseExecutor.java:404)
	at com.kms.katalon.core.main.TestCaseExecutor.execute(TestCaseExecutor.java:281)
	at com.kms.katalon.core.main.TestSuiteExecutor.accessTestCaseMainPhase(TestSuiteExecutor.java:202)
	at com.kms.katalon.core.main.TestSuiteExecutor.accessTestSuiteMainPhase(TestSuiteExecutor.java:164)
	at com.kms.katalon.core.main.TestSuiteExecutor.execute(TestSuiteExecutor.java:105)
	at com.kms.katalon.core.main.TestCaseMain.startTestSuite(TestCaseMain.java:181)
	at com.kms.katalon.core.main.TestCaseMain$startTestSuite$0.call(Unknown Source)
	at TempTestSuite1644638509545.run(TempTestSuite1644638509545.groovy:36)
)

2022-02-11 23:08:17 - [MESSAGE][FAILED] - Text 'UDF1' is not present on page  using regular expression (Root cause: com.kms.katalon.core.exception.StepFailedException: Text 'UDF1' is not present on page  using regular expression
	at com.kms.katalon.core.webui.keyword.internal.WebUIKeywordMain.stepFailed(WebUIKeywordMain.groovy:64)
	at com.kms.katalon.core.webui.keyword.builtin.VerifyTextPresentKeyword$_verifyTextPresent_closure1.doCall(VerifyTextPresentKeyword.groovy:79)
	at com.kms.katalon.core.webui.keyword.builtin.VerifyTextPresentKeyword$_verifyTextPresent_closure1.call(VerifyTextPresentKeyword.groovy)
	at com.kms.katalon.core.webui.keyword.internal.WebUIKeywordMain.runKeyword(WebUIKeywordMain.groovy:20)
	at com.kms.katalon.core.webui.keyword.builtin.VerifyTextPresentKeyword.verifyTextPresent(VerifyTextPresentKeyword.groovy:83)
	at com.kms.katalon.core.webui.keyword.builtin.VerifyTextPresentKeyword.execute(VerifyTextPresentKeyword.groovy:68)
	at com.kms.katalon.core.keyword.internal.KeywordExecutor.executeKeywordForPlatform(KeywordExecutor.groovy:74)
	at com.kms.katalon.core.webui.keyword.WebUiBuiltInKeywords.verifyTextPresent(WebUiBuiltInKeywords.groovy:1723)
	at com.kms.katalon.core.webui.keyword.WebUiBuiltInKeywords$verifyTextPresent$8.call(Unknown Source)
	at SaleKeyboard_TP_DCF_App255_Payment_TC.run(SaleKeyboard_TP_DCF_App255_Payment_TC:67)
	at com.kms.katalon.core.main.ScriptEngine.run(ScriptEngine.java:194)
	at com.kms.katalon.core.main.ScriptEngine.runScriptAsRawText(ScriptEngine.java:119)
	at com.kms.katalon.core.main.TestCaseExecutor.runScript(TestCaseExecutor.java:442)
	at com.kms.katalon.core.main.TestCaseExecutor.doExecute(TestCaseExecutor.java:433)
	at com.kms.katalon.core.main.TestCaseExecutor.processExecutionPhase(TestCaseExecutor.java:412)
	at com.kms.katalon.core.main.TestCaseExecutor.accessMainPhase(TestCaseExecutor.java:404)
	at com.kms.katalon.core.main.TestCaseExecutor.execute(TestCaseExecutor.java:281)
	at com.kms.katalon.core.main.TestSuiteExecutor.accessTestCaseMainPhase(TestSuiteExecutor.java:202)
	at com.kms.katalon.core.main.TestSuiteExecutor.accessTestSuiteMainPhase(TestSuiteExecutor.java:164)
	at com.kms.katalon.core.main.TestSuiteExecutor.execute(TestSuiteExecutor.java:105)
	at com.kms.katalon.core.main.TestCaseMain.startTestSuite(TestCaseMain.java:181)
	at com.kms.katalon.core.main.TestCaseMain$startTestSuite$0.call(Unknown Source)
	at TempTestSuite1644638509545.run(TempTestSuite1644638509545.groovy:36)
)

2022-02-11 23:08:17 - [TEST_STEP][PASSED] - verifyTextPresent("UDF2", true): Text 'UDF2' is present on page  using regular expression

2022-02-11 23:08:17 - [MESSAGE][PASSED] - Text 'UDF2' is present on page  using regular expression

2022-02-11 23:08:17 - [TEST_STEP][PASSED] - verifyTextPresent("UDF3", true): Text 'UDF3' is present on page  using regular expression

2022-02-11 23:08:18 - [MESSAGE][PASSED] - Text 'UDF3' is present on page  using regular expression

2022-02-11 23:08:18 - [TEST_STEP][PASSED] - verifyTextPresent("UDF4", true): Text 'UDF4' is present on page  using regular expression

2022-02-11 23:08:18 - [MESSAGE][PASSED] - Text 'UDF4' is present on page  using regular expression

2022-02-11 23:08:18 - [TEST_STEP][PASSED] - verifyTextPresent("UDF5", true): Text 'UDF5' is present on page  using regular expression

2022-02-11 23:08:18 - [MESSAGE][PASSED] - Text 'UDF5' is present on page  using regular expression

2022-02-11 23:08:18 - [TEST_STEP][PASSED] - verifyTextPresent("UDF6", true): Text 'UDF6' is present on page  using regular expression

2022-02-11 23:08:19 - [MESSAGE][PASSED] - Text 'UDF6' is present on page  using regular expression

2022-02-11 23:08:19 - [TEST_STEP][PASSED] - verifyTextPresent("UDF7", true): Text 'UDF7' is present on page  using regular expression

2022-02-11 23:08:19 - [MESSAGE][PASSED] - Text 'UDF7' is present on page  using regular expression

2022-02-11 23:08:19 - [TEST_STEP][PASSED] - verifyTextPresent("UDF8", true): Text 'UDF8' is present on page  using regular expression

2022-02-11 23:08:19 - [MESSAGE][PASSED] - Text 'UDF8' is present on page  using regular expression

2022-02-11 23:08:19 - [TEST_STEP][PASSED] - verifyTextPresent("UDF9", true): Text 'UDF9' is present on page  using regular expression

2022-02-11 23:08:20 - [MESSAGE][PASSED] - Text 'UDF9' is present on page  using regular expression

2022-02-11 23:08:20 - [TEST_STEP][PASSED] - verifyTextPresent("UDF 10", true): Text 'UDF 10' is present on page  using regular expression

2022-02-11 23:08:20 - [MESSAGE][PASSED] - Text 'UDF 10' is present on page  using regular expression

2022-02-11 23:08:20 - [TEST_STEP][FAILED] - verifyTextPresent("Australia", true): Text 'Australia' is not present on page  using regular expression (Root cause: com.kms.katalon.core.exception.StepFailedException: Text 'Australia' is not present on page  using regular expression
	at com.kms.katalon.core.webui.keyword.internal.WebUIKeywordMain.stepFailed(WebUIKeywordMain.groovy:64)
	at com.kms.katalon.core.webui.keyword.builtin.VerifyTextPresentKeyword$_verifyTextPresent_closure1.doCall(VerifyTextPresentKeyword.groovy:79)
	at com.kms.katalon.core.webui.keyword.builtin.VerifyTextPresentKeyword$_verifyTextPresent_closure1.call(VerifyTextPresentKeyword.groovy)
	at com.kms.katalon.core.webui.keyword.internal.WebUIKeywordMain.runKeyword(WebUIKeywordMain.groovy:20)
	at com.kms.katalon.core.webui.keyword.builtin.VerifyTextPresentKeyword.verifyTextPresent(VerifyTextPresentKeyword.groovy:83)
	at com.kms.katalon.core.webui.keyword.builtin.VerifyTextPresentKeyword.execute(VerifyTextPresentKeyword.groovy:68)
	at com.kms.katalon.core.keyword.internal.KeywordExecutor.executeKeywordForPlatform(KeywordExecutor.groovy:74)
	at com.kms.katalon.core.webui.keyword.WebUiBuiltInKeywords.verifyTextPresent(WebUiBuiltInKeywords.groovy:1723)
	at com.kms.katalon.core.webui.keyword.WebUiBuiltInKeywords$verifyTextPresent$8.call(Unknown Source)
	at SaleKeyboard_TP_DCF_App255_Payment_TC.run(SaleKeyboard_TP_DCF_App255_Payment_TC:78)
	at com.kms.katalon.core.main.ScriptEngine.run(ScriptEngine.java:194)
	at com.kms.katalon.core.main.ScriptEngine.runScriptAsRawText(ScriptEngine.java:119)
	at com.kms.katalon.core.main.TestCaseExecutor.runScript(TestCaseExecutor.java:442)
	at com.kms.katalon.core.main.TestCaseExecutor.doExecute(TestCaseExecutor.java:433)
	at com.kms.katalon.core.main.TestCaseExecutor.processExecutionPhase(TestCaseExecutor.java:412)
	at com.kms.katalon.core.main.TestCaseExecutor.accessMainPhase(TestCaseExecutor.java:404)
	at com.kms.katalon.core.main.TestCaseExecutor.execute(TestCaseExecutor.java:281)
	at com.kms.katalon.core.main.TestSuiteExecutor.accessTestCaseMainPhase(TestSuiteExecutor.java:202)
	at com.kms.katalon.core.main.TestSuiteExecutor.accessTestSuiteMainPhase(TestSuiteExecutor.java:164)
	at com.kms.katalon.core.main.TestSuiteExecutor.execute(TestSuiteExecutor.java:105)
	at com.kms.katalon.core.main.TestCaseMain.startTestSuite(TestCaseMain.java:181)
	at com.kms.katalon.core.main.TestCaseMain$startTestSuite$0.call(Unknown Source)
	at TempTestSuite1644638509545.run(TempTestSuite1644638509545.groovy:36)
)

2022-02-11 23:08:20 - [MESSAGE][FAILED] - Text 'Australia' is not present on page  using regular expression (Root cause: com.kms.katalon.core.exception.StepFailedException: Text 'Australia' is not present on page  using regular expression
	at com.kms.katalon.core.webui.keyword.internal.WebUIKeywordMain.stepFailed(WebUIKeywordMain.groovy:64)
	at com.kms.katalon.core.webui.keyword.builtin.VerifyTextPresentKeyword$_verifyTextPresent_closure1.doCall(VerifyTextPresentKeyword.groovy:79)
	at com.kms.katalon.core.webui.keyword.builtin.VerifyTextPresentKeyword$_verifyTextPresent_closure1.call(VerifyTextPresentKeyword.groovy)
	at com.kms.katalon.core.webui.keyword.internal.WebUIKeywordMain.runKeyword(WebUIKeywordMain.groovy:20)
	at com.kms.katalon.core.webui.keyword.builtin.VerifyTextPresentKeyword.verifyTextPresent(VerifyTextPresentKeyword.groovy:83)
	at com.kms.katalon.core.webui.keyword.builtin.VerifyTextPresentKeyword.execute(VerifyTextPresentKeyword.groovy:68)
	at com.kms.katalon.core.keyword.internal.KeywordExecutor.executeKeywordForPlatform(KeywordExecutor.groovy:74)
	at com.kms.katalon.core.webui.keyword.WebUiBuiltInKeywords.verifyTextPresent(WebUiBuiltInKeywords.groovy:1723)
	at com.kms.katalon.core.webui.keyword.WebUiBuiltInKeywords$verifyTextPresent$8.call(Unknown Source)
	at SaleKeyboard_TP_DCF_App255_Payment_TC.run(SaleKeyboard_TP_DCF_App255_Payment_TC:78)
	at com.kms.katalon.core.main.ScriptEngine.run(ScriptEngine.java:194)
	at com.kms.katalon.core.main.ScriptEngine.runScriptAsRawText(ScriptEngine.java:119)
	at com.kms.katalon.core.main.TestCaseExecutor.runScript(TestCaseExecutor.java:442)
	at com.kms.katalon.core.main.TestCaseExecutor.doExecute(TestCaseExecutor.java:433)
	at com.kms.katalon.core.main.TestCaseExecutor.processExecutionPhase(TestCaseExecutor.java:412)
	at com.kms.katalon.core.main.TestCaseExecutor.accessMainPhase(TestCaseExecutor.java:404)
	at com.kms.katalon.core.main.TestCaseExecutor.execute(TestCaseExecutor.java:281)
	at com.kms.katalon.core.main.TestSuiteExecutor.accessTestCaseMainPhase(TestSuiteExecutor.java:202)
	at com.kms.katalon.core.main.TestSuiteExecutor.accessTestSuiteMainPhase(TestSuiteExecutor.java:164)
	at com.kms.katalon.core.main.TestSuiteExecutor.execute(TestSuiteExecutor.java:105)
	at com.kms.katalon.core.main.TestCaseMain.startTestSuite(TestCaseMain.java:181)
	at com.kms.katalon.core.main.TestCaseMain$startTestSuite$0.call(Unknown Source)
	at TempTestSuite1644638509545.run(TempTestSuite1644638509545.groovy:36)
)

2022-02-11 23:08:20 - [TEST_STEP][PASSED] - verifyTextPresent("Denmark", true): Text 'Denmark' is present on page  using regular expression

2022-02-11 23:08:21 - [MESSAGE][PASSED] - Text 'Denmark' is present on page  using regular expression

2022-02-11 23:08:21 - [TEST_STEP][PASSED] - verifyTextPresent("Sweden", true): Text 'Sweden' is present on page  using regular expression

2022-02-11 23:08:21 - [MESSAGE][PASSED] - Text 'Sweden' is present on page  using regular expression

2022-02-11 23:08:21 - [TEST_STEP][PASSED] - verifyTextPresent("Austria", true): Text 'Austria' is present on page  using regular expression

2022-02-11 23:08:22 - [MESSAGE][PASSED] - Text 'Austria' is present on page  using regular expression

2022-02-11 23:08:22 - [TEST_STEP][PASSED] - verifyTextPresent("Orange Recorded", true): Text 'Orange Recorded' is present on page  using regular expression

2022-02-11 23:08:22 - [MESSAGE][PASSED] - Text 'Orange Recorded' is present on page  using regular expression

2022-02-11 23:08:22 - [TEST_STEP][PASSED] - verifyTextPresent("Yellow Recorded", true): Text 'Yellow Recorded' is present on page  using regular expression

2022-02-11 23:08:22 - [MESSAGE][PASSED] - Text 'Yellow Recorded' is present on page  using regular expression

2022-02-11 23:08:22 - [TEST_STEP][PASSED] - verifyTextPresent("Norway", true): Text 'Norway' is present on page  using regular expression

2022-02-11 23:08:23 - [MESSAGE][PASSED] - Text 'Norway' is present on page  using regular expression

2022-02-11 23:08:23 - [TEST_STEP][PASSED] - verifyTextPresent("Netherlands", true): Text 'Netherlands' is present on page  using regular expression

2022-02-11 23:08:23 - [MESSAGE][PASSED] - Text 'Netherlands' is present on page  using regular expression

2022-02-11 23:08:23 - [TEST_STEP][PASSED] - verifyTextPresent("Switzerland", true): Text 'Switzerland' is present on page  using regular expression

2022-02-11 23:08:23 - [MESSAGE][PASSED] - Text 'Switzerland' is present on page  using regular expression

2022-02-11 23:08:23 - [TEST_STEP][PASSED] - verifyTextPresent("France", true): Text 'France' is present on page  using regular expression

2022-02-11 23:08:24 - [MESSAGE][PASSED] - Text 'France' is present on page  using regular expression

2022-02-11 23:08:24 - [TEST_STEP][PASSED] - verifyTextPresent("Amount", true): Text 'Amount' is present on page  using regular expression

2022-02-11 23:08:24 - [MESSAGE][PASSED] - Text 'Amount' is present on page  using regular expression

2022-02-11 23:08:24 - [TEST_STEP][PASSED] - verifyTextPresent("Convenience Fee", true): Text 'Convenience Fee' is present on page  using regular expression

2022-02-11 23:08:24 - [MESSAGE][PASSED] - Text 'Convenience Fee' is present on page  using regular expression

2022-02-11 23:08:24 - [TEST_STEP][PASSED] - verifyTextPresent("Convenience Fee Type", true): Text 'Convenience Fee Type' is present on page  using regular expression

2022-02-11 23:08:25 - [MESSAGE][PASSED] - Text 'Convenience Fee Type' is present on page  using regular expression

2022-02-11 23:08:25 - [TEST_STEP][PASSED] - verifyTextPresent("Total Amount", true): Text 'Total Amount' is present on page  using regular expression

2022-02-11 23:08:25 - [MESSAGE][PASSED] - Text 'Total Amount' is present on page  using regular expression

2022-02-11 23:08:25 - [TEST_STEP][PASSED] - verifyTextPresent("Transaction Type", true): Text 'Transaction Type' is present on page  using regular expression

2022-02-11 23:08:25 - [MESSAGE][PASSED] - Text 'Transaction Type' is present on page  using regular expression

2022-02-11 23:08:25 - [TEST_STEP][PASSED] - verifyTextPresent("10.50", true): Text '10.50' is present on page  using regular expression

2022-02-11 23:08:26 - [MESSAGE][PASSED] - Text '10.50' is present on page  using regular expression

2022-02-11 23:08:26 - [TEST_STEP][PASSED] - verifyTextPresent("5.00", true): Text '5.00' is present on page  using regular expression

2022-02-11 23:08:26 - [MESSAGE][PASSED] - Text '5.00' is present on page  using regular expression

2022-02-11 23:08:26 - [TEST_STEP][PASSED] - verifyTextPresent("Dual Transaction", true): Text 'Dual Transaction' is present on page  using regular expression

2022-02-11 23:08:26 - [MESSAGE][PASSED] - Text 'Dual Transaction' is present on page  using regular expression

2022-02-11 23:08:26 - [TEST_STEP][PASSED] - verifyTextPresent("15.50", true): Text '15.50' is present on page  using regular expression

2022-02-11 23:08:27 - [MESSAGE][PASSED] - Text '15.50' is present on page  using regular expression

2022-02-11 23:08:27 - [TEST_STEP][PASSED] - verifyTextPresent("Authorization and Capture", true): Text 'Authorization and Capture' is present on page  using regular expression

2022-02-11 23:08:27 - [MESSAGE][PASSED] - Text 'Authorization and Capture' is present on page  using regular expression

2022-02-11 23:08:27 - [TEST_STEP][PASSED] - verifyTextPresent("Card Information", true): Text 'Card Information' is present on page  using regular expression

2022-02-11 23:08:27 - [MESSAGE][PASSED] - Text 'Card Information' is present on page  using regular expression

2022-02-11 23:08:27 - [TEST_STEP][PASSED] - verifyTextPresent("SHIV HARI", true): Text 'SHIV HARI' is present on page  using regular expression

2022-02-11 23:08:28 - [MESSAGE][PASSED] - Text 'SHIV HARI' is present on page  using regular expression

2022-02-11 23:08:28 - [TEST_STEP][PASSED] - switch (cardNumbers[i]): null

2022-02-11 23:08:28 - [TEST_STEP][PASSED] - case "4012000098765439":: null

2022-02-11 23:08:28 - [TEST_STEP][PASSED] - verifyTextPresent("Visa", true): Text 'Visa' is present on page  using regular expression

2022-02-11 23:08:28 - [MESSAGE][PASSED] - Text 'Visa' is present on page  using regular expression

2022-02-11 23:08:28 - [TEST_STEP][PASSED] - verifyTextPresent("5439", true): Text '5439' is present on page  using regular expression

2022-02-11 23:08:28 - [MESSAGE][PASSED] - Text '5439' is present on page  using regular expression

2022-02-11 23:08:28 - [TEST_STEP][PASSED] - break: null

2022-02-11 23:08:28 - [TEST_STEP][PASSED] - verifyTextPresent("Address Line 1", true): Text 'Address Line 1' is present on page  using regular expression

2022-02-11 23:08:29 - [MESSAGE][PASSED] - Text 'Address Line 1' is present on page  using regular expression

2022-02-11 23:08:29 - [TEST_STEP][PASSED] - verifyTextPresent("Address Line 2", true): Text 'Address Line 2' is present on page  using regular expression

2022-02-11 23:08:29 - [MESSAGE][PASSED] - Text 'Address Line 2' is present on page  using regular expression

2022-02-11 23:08:29 - [TEST_STEP][PASSED] - verifyTextPresent("Country", true): Text 'Country' is present on page  using regular expression

2022-02-11 23:08:29 - [MESSAGE][PASSED] - Text 'Country' is present on page  using regular expression

2022-02-11 23:08:29 - [TEST_STEP][PASSED] - verifyTextPresent("City", true): Text 'City' is present on page  using regular expression

2022-02-11 23:08:30 - [MESSAGE][PASSED] - Text 'City' is present on page  using regular expression

2022-02-11 23:08:30 - [TEST_STEP][PASSED] - verifyTextPresent("State", true): Text 'State' is present on page  using regular expression

2022-02-11 23:08:30 - [MESSAGE][PASSED] - Text 'State' is present on page  using regular expression

2022-02-11 23:08:30 - [TEST_STEP][PASSED] - verifyTextPresent("ZIP Code", true): Text 'ZIP Code' is present on page  using regular expression

2022-02-11 23:08:30 - [MESSAGE][PASSED] - Text 'ZIP Code' is present on page  using regular expression

2022-02-11 23:08:30 - [TEST_STEP][PASSED] - verifyTextPresent("2311 York road", true): Text '2311 York road' is present on page  using regular expression

2022-02-11 23:08:31 - [MESSAGE][PASSED] - Text '2311 York road' is present on page  using regular expression

2022-02-11 23:08:31 - [TEST_STEP][PASSED] - verifyTextPresent("Suite 500", true): Text 'Suite 500' is present on page  using regular expression

2022-02-11 23:08:31 - [MESSAGE][PASSED] - Text 'Suite 500' is present on page  using regular expression

2022-02-11 23:08:31 - [TEST_STEP][PASSED] - verifyTextPresent("United States", true): Text 'United States' is present on page  using regular expression

2022-02-11 23:08:31 - [MESSAGE][PASSED] - Text 'United States' is present on page  using regular expression

2022-02-11 23:08:31 - [TEST_STEP][PASSED] - verifyTextPresent("LUTHERVILLE TIMONIUM", true): Text 'LUTHERVILLE TIMONIUM' is present on page  using regular expression

2022-02-11 23:08:32 - [MESSAGE][PASSED] - Text 'LUTHERVILLE TIMONIUM' is present on page  using regular expression

2022-02-11 23:08:32 - [TEST_STEP][PASSED] - verifyTextPresent("Maryland", true): Text 'Maryland' is present on page  using regular expression

2022-02-11 23:08:32 - [MESSAGE][PASSED] - Text 'Maryland' is present on page  using regular expression

2022-02-11 23:08:32 - [TEST_STEP][PASSED] - verifyTextPresent("21093", true): Text '21093' is present on page  using regular expression

2022-02-11 23:08:32 - [MESSAGE][PASSED] - Text '21093' is present on page  using regular expression

2022-02-11 23:08:32 - [TEST_STEP][PASSED] - adminSuiteBootstrap.loginFunctionality.login_AdminSuite(): adminSuiteBootstrap.loginFunctionality.login_AdminSuite is PASSED

2022-02-11 23:08:32 - [MESSAGE][WARNING] - A browser is already opened. Closing browser and opening a new one

2022-02-11 23:08:33 - [MESSAGE][INFO] - Starting 'Chrome' driver

2022-02-11 23:08:33 - [MESSAGE][INFO] - User set preference: ['acceptInsecureCerts', 'true']

2022-02-11 23:08:33 - [MESSAGE][INFO] - Action delay is set to 0 milliseconds

2022-02-11 23:08:36 - [MESSAGE][PASSED] - Browser is opened with url: 'https://qa.velocitypayment.com/admin/imtiaz'

2022-02-11 23:08:36 - [MESSAGE][PASSED] - Current window maximized

2022-02-11 23:08:37 - [MESSAGE][PASSED] - Object 'Object Repository/Login_Page/Login_Username' is present

2022-02-11 23:08:37 - [MESSAGE][PASSED] - Text 'iahmed' is set on object 'Object Repository/Login_Page/Login_Username'

2022-02-11 23:08:38 - [MESSAGE][PASSED] - Text 'hello2222' is set on object 'Object Repository/Login_Page/Login_Password'

2022-02-11 23:08:42 - [MESSAGE][PASSED] - Object: 'Object Repository/Login_Page/Login_Submit' is clicked on

2022-02-11 23:08:42 - [MESSAGE][PASSED] - adminSuiteBootstrap.loginFunctionality.login_AdminSuite is PASSED

2022-02-11 23:08:42 - [TEST_STEP][PASSED] - click(findTestObject(path_Dashboard + "span_Payment")): Object: 'Object Repository/AdminSuiteBootstrap_Pages/Dashboard_Bootstrap/span_Payment' is clicked on

2022-02-11 23:08:43 - [MESSAGE][PASSED] - Object: 'Object Repository/AdminSuiteBootstrap_Pages/Dashboard_Bootstrap/span_Payment' is clicked on

2022-02-11 23:08:43 - [TEST_STEP][PASSED] - scrollToElement(findTestObject(path_Dashboard + "span_Reporting"), 3): Scroll to object 'Object Repository/AdminSuiteBootstrap_Pages/Dashboard_Bootstrap/span_Reporting' successfully

2022-02-11 23:08:43 - [MESSAGE][PASSED] - Scroll to object 'Object Repository/AdminSuiteBootstrap_Pages/Dashboard_Bootstrap/span_Reporting' successfully

2022-02-11 23:08:43 - [TEST_STEP][PASSED] - click(findTestObject(path_Dashboard + "a_Sabu 1")): Object: 'Object Repository/AdminSuiteBootstrap_Pages/Dashboard_Bootstrap/a_Sabu 1' is clicked on

2022-02-11 23:08:45 - [MESSAGE][PASSED] - Object: 'Object Repository/AdminSuiteBootstrap_Pages/Dashboard_Bootstrap/a_Sabu 1' is clicked on

2022-02-11 23:08:45 - [TEST_STEP][PASSED] - click(findTestObject(path_VT + "button_Authorization  Capture (Sale)")): Object: 'Object Repository/AdminSuiteBootstrap_Pages/VT_Bootstrap/IssueTransactions/button_Authorization  Capture (Sale)' is clicked on

2022-02-11 23:08:45 - [MESSAGE][PASSED] - Object: 'Object Repository/AdminSuiteBootstrap_Pages/VT_Bootstrap/IssueTransactions/button_Authorization  Capture (Sale)' is clicked on

2022-02-11 23:08:45 - [TEST_STEP][PASSED] - saleKeyboardEntryLink = modifyObjectProperty(findTestObject(path_VT + "a_KeyboardEntry_Sale"), "href", "equals", hrefAppID, true): Modify property of object successfully

2022-02-11 23:08:45 - [MESSAGE][PASSED] - Modify property of object successfully

2022-02-11 23:08:45 - [TEST_STEP][PASSED] - click(saleKeyboardEntryLink): Object: 'Object Repository/AdminSuiteBootstrap_Pages/VT_Bootstrap/IssueTransactions/a_KeyboardEntry_Sale' is clicked on

2022-02-11 23:08:46 - [MESSAGE][PASSED] - Object: 'Object Repository/AdminSuiteBootstrap_Pages/VT_Bootstrap/IssueTransactions/a_KeyboardEntry_Sale' is clicked on

2022-02-11 23:08:46 - [TEST_STEP][PASSED] - adminSuiteBootstrap.virtualTerminalSetData.saleKeyboard_HardCoded_AllCardTypes(cardNumbers[i]): adminSuiteBootstrap.virtualTerminalSetData.saleKeyboard_HardCoded_AllCardTypes is PASSED

2022-02-11 23:08:48 - [MESSAGE][PASSED] - Text 'Shiv Hari' is set on object 'Object Repository/AdminSuiteBootstrap_Pages/VT_Bootstrap/SaleKeyboard/input_cardName'

2022-02-11 23:08:48 - [MESSAGE][PASSED] - All options with value 'MOTO' are selected in object 'Object Repository/AdminSuiteBootstrap_Pages/VT_Bootstrap/SaleKeyboard/select_transactionCategory'  using regular expression

2022-02-11 23:08:49 - [MESSAGE][PASSED] - Execute JavaScript 'arguments[0].value ='5146312200000035' ' successfully

2022-02-11 23:08:49 - [MESSAGE][PASSED] - Execute JavaScript 'arguments[0].value ='123'' successfully

2022-02-11 23:08:50 - [MESSAGE][PASSED] - All options with value '12' are selected in object 'Object Repository/AdminSuiteBootstrap_Pages/VT_Bootstrap/SaleKeyboard/select_MM'  using regular expression

2022-02-11 23:08:51 - [MESSAGE][PASSED] - All options with value '2026' are selected in object 'Object Repository/AdminSuiteBootstrap_Pages/VT_Bootstrap/SaleKeyboard/select_YYYY'  using regular expression

2022-02-11 23:08:52 - [MESSAGE][PASSED] - Text '2311 York road' is set on object 'Object Repository/AdminSuiteBootstrap_Pages/VT_Bootstrap/SaleKeyboard/input__address'

2022-02-11 23:08:52 - [MESSAGE][PASSED] - Text 'Suite 500' is set on object 'Object Repository/AdminSuiteBootstrap_Pages/VT_Bootstrap/SaleKeyboard/input__address2'

2022-02-11 23:08:53 - [MESSAGE][PASSED] - Text '21093' is set on object 'Object Repository/AdminSuiteBootstrap_Pages/VT_Bootstrap/SaleKeyboard/input__zip'

2022-02-11 23:08:54 - [MESSAGE][PASSED] - Text 'iahmed@govolution.com' is set on object 'Object Repository/AdminSuiteBootstrap_Pages/VT_Bootstrap/SaleKeyboard/input_emailAddress'

2022-02-11 23:08:55 - [MESSAGE][PASSED] - Text '' is set on object 'Object Repository/AdminSuiteBootstrap_Pages/VT_Bootstrap/SaleKeyboard/input_smsNumber'

2022-02-11 23:08:56 - [MESSAGE][PASSED] - Text '10.50' is set on object 'Object Repository/AdminSuiteBootstrap_Pages/VT_Bootstrap/SaleKeyboard/input_amount'

2022-02-11 23:08:57 - [MESSAGE][PASSED] - Text 'Australia' is set on object 'Object Repository/AdminSuiteBootstrap_Pages/VT_Bootstrap/SaleKeyboard/input_userDefined1'

2022-02-11 23:08:58 - [MESSAGE][PASSED] - Text 'Denmark' is set on object 'Object Repository/AdminSuiteBootstrap_Pages/VT_Bootstrap/SaleKeyboard/input_userDefined2'

2022-02-11 23:08:58 - [MESSAGE][PASSED] - Text 'Sweden' is set on object 'Object Repository/AdminSuiteBootstrap_Pages/VT_Bootstrap/SaleKeyboard/input_userDefined3'

2022-02-11 23:08:59 - [MESSAGE][PASSED] - Text 'Austria' is set on object 'Object Repository/AdminSuiteBootstrap_Pages/VT_Bootstrap/SaleKeyboard/input_userDefined4'

2022-02-11 23:09:00 - [MESSAGE][PASSED] - All options with label 'Orange' are selected in object 'Object Repository/AdminSuiteBootstrap_Pages/VT_Bootstrap/SaleKeyboard/select_UDF5_DropDown'  using regular expression

2022-02-11 23:09:01 - [MESSAGE][PASSED] - All options with label 'Yellow' are selected in object 'Object Repository/AdminSuiteBootstrap_Pages/VT_Bootstrap/SaleKeyboard/select_UDF6_DropDown'  using regular expression

2022-02-11 23:09:02 - [MESSAGE][PASSED] - Text 'Norway' is set on object 'Object Repository/AdminSuiteBootstrap_Pages/VT_Bootstrap/SaleKeyboard/input_userDefined7'

2022-02-11 23:09:03 - [MESSAGE][PASSED] - Text 'Netherlands' is set on object 'Object Repository/AdminSuiteBootstrap_Pages/VT_Bootstrap/SaleKeyboard/input_userDefined8'

2022-02-11 23:09:03 - [MESSAGE][PASSED] - Text 'Switzerland' is set on object 'Object Repository/AdminSuiteBootstrap_Pages/VT_Bootstrap/SaleKeyboard/input_userDefined9'

2022-02-11 23:09:04 - [MESSAGE][PASSED] - Text 'France' is set on object 'Object Repository/AdminSuiteBootstrap_Pages/VT_Bootstrap/SaleKeyboard/input_userDefined10'

2022-02-11 23:09:06 - [MESSAGE][PASSED] - Object: 'Object Repository/AdminSuiteBootstrap_Pages/VT_Bootstrap/SaleKeyboard/button_Submit' is clicked on

2022-02-11 23:09:06 - [MESSAGE][PASSED] - adminSuiteBootstrap.virtualTerminalSetData.saleKeyboard_HardCoded_AllCardTypes is PASSED

2022-02-11 23:09:06 - [TEST_STEP][PASSED] - verifyTextPresent("Transaction Successful", true): Text 'Transaction Successful' is present on page  using regular expression

2022-02-11 23:09:07 - [MESSAGE][PASSED] - Text 'Transaction Successful' is present on page  using regular expression

2022-02-11 23:09:07 - [TEST_STEP][PASSED] - verifyElementVisible(findTestObject("Object Repository/AdminSuiteBootstrap_Pages/VT_Bootstrap/Receipt/button_Continue")): Object 'Object Repository/AdminSuiteBootstrap_Pages/VT_Bootstrap/Receipt/button_Continue' is visible

2022-02-11 23:09:07 - [MESSAGE][PASSED] - Object 'Object Repository/AdminSuiteBootstrap_Pages/VT_Bootstrap/Receipt/button_Continue' is visible

2022-02-11 23:09:07 - [TEST_STEP][PASSED] - verifyElementPresent(findTestObject("Object Repository/AdminSuiteBootstrap_Pages/VT_Bootstrap/Receipt/button_Continue"), 20): Object 'Object Repository/AdminSuiteBootstrap_Pages/VT_Bootstrap/Receipt/button_Continue' is present

2022-02-11 23:09:07 - [MESSAGE][PASSED] - Object 'Object Repository/AdminSuiteBootstrap_Pages/VT_Bootstrap/Receipt/button_Continue' is present

2022-02-11 23:09:07 - [TEST_STEP][PASSED] - verifyElementVisible(findTestObject("Object Repository/AdminSuiteBootstrap_Pages/VT_Bootstrap/Receipt/button_Print")): Object 'Object Repository/AdminSuiteBootstrap_Pages/VT_Bootstrap/Receipt/button_Print' is visible

2022-02-11 23:09:08 - [MESSAGE][PASSED] - Object 'Object Repository/AdminSuiteBootstrap_Pages/VT_Bootstrap/Receipt/button_Print' is visible

2022-02-11 23:09:08 - [TEST_STEP][PASSED] - verifyElementPresent(findTestObject("Object Repository/AdminSuiteBootstrap_Pages/VT_Bootstrap/Receipt/button_Print"), 20): Object 'Object Repository/AdminSuiteBootstrap_Pages/VT_Bootstrap/Receipt/button_Print' is present

2022-02-11 23:09:08 - [MESSAGE][PASSED] - Object 'Object Repository/AdminSuiteBootstrap_Pages/VT_Bootstrap/Receipt/button_Print' is present

2022-02-11 23:09:08 - [TEST_STEP][PASSED] - verifyTextPresent("Remittance ID", true): Text 'Remittance ID' is present on page  using regular expression

2022-02-11 23:09:08 - [MESSAGE][PASSED] - Text 'Remittance ID' is present on page  using regular expression

2022-02-11 23:09:08 - [TEST_STEP][PASSED] - verifyTextPresent("Received", true): Text 'Received' is present on page  using regular expression

2022-02-11 23:09:09 - [MESSAGE][PASSED] - Text 'Received' is present on page  using regular expression

2022-02-11 23:09:09 - [TEST_STEP][FAILED] - verifyTextPresent("UDF1", true): Text 'UDF1' is not present on page  using regular expression (Root cause: com.kms.katalon.core.exception.StepFailedException: Text 'UDF1' is not present on page  using regular expression
	at com.kms.katalon.core.webui.keyword.internal.WebUIKeywordMain.stepFailed(WebUIKeywordMain.groovy:64)
	at com.kms.katalon.core.webui.keyword.builtin.VerifyTextPresentKeyword$_verifyTextPresent_closure1.doCall(VerifyTextPresentKeyword.groovy:79)
	at com.kms.katalon.core.webui.keyword.builtin.VerifyTextPresentKeyword$_verifyTextPresent_closure1.call(VerifyTextPresentKeyword.groovy)
	at com.kms.katalon.core.webui.keyword.internal.WebUIKeywordMain.runKeyword(WebUIKeywordMain.groovy:20)
	at com.kms.katalon.core.webui.keyword.builtin.VerifyTextPresentKeyword.verifyTextPresent(VerifyTextPresentKeyword.groovy:83)
	at com.kms.katalon.core.webui.keyword.builtin.VerifyTextPresentKeyword.execute(VerifyTextPresentKeyword.groovy:68)
	at com.kms.katalon.core.keyword.internal.KeywordExecutor.executeKeywordForPlatform(KeywordExecutor.groovy:74)
	at com.kms.katalon.core.webui.keyword.WebUiBuiltInKeywords.verifyTextPresent(WebUiBuiltInKeywords.groovy:1723)
	at com.kms.katalon.core.webui.keyword.WebUiBuiltInKeywords$verifyTextPresent$8.call(Unknown Source)
	at SaleKeyboard_TP_DCF_App255_Payment_TC.run(SaleKeyboard_TP_DCF_App255_Payment_TC:67)
	at com.kms.katalon.core.main.ScriptEngine.run(ScriptEngine.java:194)
	at com.kms.katalon.core.main.ScriptEngine.runScriptAsRawText(ScriptEngine.java:119)
	at com.kms.katalon.core.main.TestCaseExecutor.runScript(TestCaseExecutor.java:442)
	at com.kms.katalon.core.main.TestCaseExecutor.doExecute(TestCaseExecutor.java:433)
	at com.kms.katalon.core.main.TestCaseExecutor.processExecutionPhase(TestCaseExecutor.java:412)
	at com.kms.katalon.core.main.TestCaseExecutor.accessMainPhase(TestCaseExecutor.java:404)
	at com.kms.katalon.core.main.TestCaseExecutor.execute(TestCaseExecutor.java:281)
	at com.kms.katalon.core.main.TestSuiteExecutor.accessTestCaseMainPhase(TestSuiteExecutor.java:202)
	at com.kms.katalon.core.main.TestSuiteExecutor.accessTestSuiteMainPhase(TestSuiteExecutor.java:164)
	at com.kms.katalon.core.main.TestSuiteExecutor.execute(TestSuiteExecutor.java:105)
	at com.kms.katalon.core.main.TestCaseMain.startTestSuite(TestCaseMain.java:181)
	at com.kms.katalon.core.main.TestCaseMain$startTestSuite$0.call(Unknown Source)
	at TempTestSuite1644638509545.run(TempTestSuite1644638509545.groovy:36)
)

2022-02-11 23:09:09 - [MESSAGE][FAILED] - Text 'UDF1' is not present on page  using regular expression (Root cause: com.kms.katalon.core.exception.StepFailedException: Text 'UDF1' is not present on page  using regular expression
	at com.kms.katalon.core.webui.keyword.internal.WebUIKeywordMain.stepFailed(WebUIKeywordMain.groovy:64)
	at com.kms.katalon.core.webui.keyword.builtin.VerifyTextPresentKeyword$_verifyTextPresent_closure1.doCall(VerifyTextPresentKeyword.groovy:79)
	at com.kms.katalon.core.webui.keyword.builtin.VerifyTextPresentKeyword$_verifyTextPresent_closure1.call(VerifyTextPresentKeyword.groovy)
	at com.kms.katalon.core.webui.keyword.internal.WebUIKeywordMain.runKeyword(WebUIKeywordMain.groovy:20)
	at com.kms.katalon.core.webui.keyword.builtin.VerifyTextPresentKeyword.verifyTextPresent(VerifyTextPresentKeyword.groovy:83)
	at com.kms.katalon.core.webui.keyword.builtin.VerifyTextPresentKeyword.execute(VerifyTextPresentKeyword.groovy:68)
	at com.kms.katalon.core.keyword.internal.KeywordExecutor.executeKeywordForPlatform(KeywordExecutor.groovy:74)
	at com.kms.katalon.core.webui.keyword.WebUiBuiltInKeywords.verifyTextPresent(WebUiBuiltInKeywords.groovy:1723)
	at com.kms.katalon.core.webui.keyword.WebUiBuiltInKeywords$verifyTextPresent$8.call(Unknown Source)
	at SaleKeyboard_TP_DCF_App255_Payment_TC.run(SaleKeyboard_TP_DCF_App255_Payment_TC:67)
	at com.kms.katalon.core.main.ScriptEngine.run(ScriptEngine.java:194)
	at com.kms.katalon.core.main.ScriptEngine.runScriptAsRawText(ScriptEngine.java:119)
	at com.kms.katalon.core.main.TestCaseExecutor.runScript(TestCaseExecutor.java:442)
	at com.kms.katalon.core.main.TestCaseExecutor.doExecute(TestCaseExecutor.java:433)
	at com.kms.katalon.core.main.TestCaseExecutor.processExecutionPhase(TestCaseExecutor.java:412)
	at com.kms.katalon.core.main.TestCaseExecutor.accessMainPhase(TestCaseExecutor.java:404)
	at com.kms.katalon.core.main.TestCaseExecutor.execute(TestCaseExecutor.java:281)
	at com.kms.katalon.core.main.TestSuiteExecutor.accessTestCaseMainPhase(TestSuiteExecutor.java:202)
	at com.kms.katalon.core.main.TestSuiteExecutor.accessTestSuiteMainPhase(TestSuiteExecutor.java:164)
	at com.kms.katalon.core.main.TestSuiteExecutor.execute(TestSuiteExecutor.java:105)
	at com.kms.katalon.core.main.TestCaseMain.startTestSuite(TestCaseMain.java:181)
	at com.kms.katalon.core.main.TestCaseMain$startTestSuite$0.call(Unknown Source)
	at TempTestSuite1644638509545.run(TempTestSuite1644638509545.groovy:36)
)

2022-02-11 23:09:09 - [TEST_STEP][PASSED] - verifyTextPresent("UDF2", true): Text 'UDF2' is present on page  using regular expression

2022-02-11 23:09:09 - [MESSAGE][PASSED] - Text 'UDF2' is present on page  using regular expression

2022-02-11 23:09:09 - [TEST_STEP][PASSED] - verifyTextPresent("UDF3", true): Text 'UDF3' is present on page  using regular expression

2022-02-11 23:09:10 - [MESSAGE][PASSED] - Text 'UDF3' is present on page  using regular expression

2022-02-11 23:09:10 - [TEST_STEP][PASSED] - verifyTextPresent("UDF4", true): Text 'UDF4' is present on page  using regular expression

2022-02-11 23:09:10 - [MESSAGE][PASSED] - Text 'UDF4' is present on page  using regular expression

2022-02-11 23:09:10 - [TEST_STEP][PASSED] - verifyTextPresent("UDF5", true): Text 'UDF5' is present on page  using regular expression

2022-02-11 23:09:10 - [MESSAGE][PASSED] - Text 'UDF5' is present on page  using regular expression

2022-02-11 23:09:10 - [TEST_STEP][PASSED] - verifyTextPresent("UDF6", true): Text 'UDF6' is present on page  using regular expression

2022-02-11 23:09:11 - [MESSAGE][PASSED] - Text 'UDF6' is present on page  using regular expression

2022-02-11 23:09:11 - [TEST_STEP][PASSED] - verifyTextPresent("UDF7", true): Text 'UDF7' is present on page  using regular expression

2022-02-11 23:09:11 - [MESSAGE][PASSED] - Text 'UDF7' is present on page  using regular expression

2022-02-11 23:09:11 - [TEST_STEP][PASSED] - verifyTextPresent("UDF8", true): Text 'UDF8' is present on page  using regular expression

2022-02-11 23:09:11 - [MESSAGE][PASSED] - Text 'UDF8' is present on page  using regular expression

2022-02-11 23:09:11 - [TEST_STEP][PASSED] - verifyTextPresent("UDF9", true): Text 'UDF9' is present on page  using regular expression

2022-02-11 23:09:12 - [MESSAGE][PASSED] - Text 'UDF9' is present on page  using regular expression

2022-02-11 23:09:12 - [TEST_STEP][PASSED] - verifyTextPresent("UDF 10", true): Text 'UDF 10' is present on page  using regular expression

2022-02-11 23:09:12 - [MESSAGE][PASSED] - Text 'UDF 10' is present on page  using regular expression

2022-02-11 23:09:12 - [TEST_STEP][FAILED] - verifyTextPresent("Australia", true): Text 'Australia' is not present on page  using regular expression (Root cause: com.kms.katalon.core.exception.StepFailedException: Text 'Australia' is not present on page  using regular expression
	at com.kms.katalon.core.webui.keyword.internal.WebUIKeywordMain.stepFailed(WebUIKeywordMain.groovy:64)
	at com.kms.katalon.core.webui.keyword.builtin.VerifyTextPresentKeyword$_verifyTextPresent_closure1.doCall(VerifyTextPresentKeyword.groovy:79)
	at com.kms.katalon.core.webui.keyword.builtin.VerifyTextPresentKeyword$_verifyTextPresent_closure1.call(VerifyTextPresentKeyword.groovy)
	at com.kms.katalon.core.webui.keyword.internal.WebUIKeywordMain.runKeyword(WebUIKeywordMain.groovy:20)
	at com.kms.katalon.core.webui.keyword.builtin.VerifyTextPresentKeyword.verifyTextPresent(VerifyTextPresentKeyword.groovy:83)
	at com.kms.katalon.core.webui.keyword.builtin.VerifyTextPresentKeyword.execute(VerifyTextPresentKeyword.groovy:68)
	at com.kms.katalon.core.keyword.internal.KeywordExecutor.executeKeywordForPlatform(KeywordExecutor.groovy:74)
	at com.kms.katalon.core.webui.keyword.WebUiBuiltInKeywords.verifyTextPresent(WebUiBuiltInKeywords.groovy:1723)
	at com.kms.katalon.core.webui.keyword.WebUiBuiltInKeywords$verifyTextPresent$8.call(Unknown Source)
	at SaleKeyboard_TP_DCF_App255_Payment_TC.run(SaleKeyboard_TP_DCF_App255_Payment_TC:78)
	at com.kms.katalon.core.main.ScriptEngine.run(ScriptEngine.java:194)
	at com.kms.katalon.core.main.ScriptEngine.runScriptAsRawText(ScriptEngine.java:119)
	at com.kms.katalon.core.main.TestCaseExecutor.runScript(TestCaseExecutor.java:442)
	at com.kms.katalon.core.main.TestCaseExecutor.doExecute(TestCaseExecutor.java:433)
	at com.kms.katalon.core.main.TestCaseExecutor.processExecutionPhase(TestCaseExecutor.java:412)
	at com.kms.katalon.core.main.TestCaseExecutor.accessMainPhase(TestCaseExecutor.java:404)
	at com.kms.katalon.core.main.TestCaseExecutor.execute(TestCaseExecutor.java:281)
	at com.kms.katalon.core.main.TestSuiteExecutor.accessTestCaseMainPhase(TestSuiteExecutor.java:202)
	at com.kms.katalon.core.main.TestSuiteExecutor.accessTestSuiteMainPhase(TestSuiteExecutor.java:164)
	at com.kms.katalon.core.main.TestSuiteExecutor.execute(TestSuiteExecutor.java:105)
	at com.kms.katalon.core.main.TestCaseMain.startTestSuite(TestCaseMain.java:181)
	at com.kms.katalon.core.main.TestCaseMain$startTestSuite$0.call(Unknown Source)
	at TempTestSuite1644638509545.run(TempTestSuite1644638509545.groovy:36)
)

2022-02-11 23:09:12 - [MESSAGE][FAILED] - Text 'Australia' is not present on page  using regular expression (Root cause: com.kms.katalon.core.exception.StepFailedException: Text 'Australia' is not present on page  using regular expression
	at com.kms.katalon.core.webui.keyword.internal.WebUIKeywordMain.stepFailed(WebUIKeywordMain.groovy:64)
	at com.kms.katalon.core.webui.keyword.builtin.VerifyTextPresentKeyword$_verifyTextPresent_closure1.doCall(VerifyTextPresentKeyword.groovy:79)
	at com.kms.katalon.core.webui.keyword.builtin.VerifyTextPresentKeyword$_verifyTextPresent_closure1.call(VerifyTextPresentKeyword.groovy)
	at com.kms.katalon.core.webui.keyword.internal.WebUIKeywordMain.runKeyword(WebUIKeywordMain.groovy:20)
	at com.kms.katalon.core.webui.keyword.builtin.VerifyTextPresentKeyword.verifyTextPresent(VerifyTextPresentKeyword.groovy:83)
	at com.kms.katalon.core.webui.keyword.builtin.VerifyTextPresentKeyword.execute(VerifyTextPresentKeyword.groovy:68)
	at com.kms.katalon.core.keyword.internal.KeywordExecutor.executeKeywordForPlatform(KeywordExecutor.groovy:74)
	at com.kms.katalon.core.webui.keyword.WebUiBuiltInKeywords.verifyTextPresent(WebUiBuiltInKeywords.groovy:1723)
	at com.kms.katalon.core.webui.keyword.WebUiBuiltInKeywords$verifyTextPresent$8.call(Unknown Source)
	at SaleKeyboard_TP_DCF_App255_Payment_TC.run(SaleKeyboard_TP_DCF_App255_Payment_TC:78)
	at com.kms.katalon.core.main.ScriptEngine.run(ScriptEngine.java:194)
	at com.kms.katalon.core.main.ScriptEngine.runScriptAsRawText(ScriptEngine.java:119)
	at com.kms.katalon.core.main.TestCaseExecutor.runScript(TestCaseExecutor.java:442)
	at com.kms.katalon.core.main.TestCaseExecutor.doExecute(TestCaseExecutor.java:433)
	at com.kms.katalon.core.main.TestCaseExecutor.processExecutionPhase(TestCaseExecutor.java:412)
	at com.kms.katalon.core.main.TestCaseExecutor.accessMainPhase(TestCaseExecutor.java:404)
	at com.kms.katalon.core.main.TestCaseExecutor.execute(TestCaseExecutor.java:281)
	at com.kms.katalon.core.main.TestSuiteExecutor.accessTestCaseMainPhase(TestSuiteExecutor.java:202)
	at com.kms.katalon.core.main.TestSuiteExecutor.accessTestSuiteMainPhase(TestSuiteExecutor.java:164)
	at com.kms.katalon.core.main.TestSuiteExecutor.execute(TestSuiteExecutor.java:105)
	at com.kms.katalon.core.main.TestCaseMain.startTestSuite(TestCaseMain.java:181)
	at com.kms.katalon.core.main.TestCaseMain$startTestSuite$0.call(Unknown Source)
	at TempTestSuite1644638509545.run(TempTestSuite1644638509545.groovy:36)
)

2022-02-11 23:09:12 - [TEST_STEP][PASSED] - verifyTextPresent("Denmark", true): Text 'Denmark' is present on page  using regular expression

2022-02-11 23:09:13 - [MESSAGE][PASSED] - Text 'Denmark' is present on page  using regular expression

2022-02-11 23:09:13 - [TEST_STEP][PASSED] - verifyTextPresent("Sweden", true): Text 'Sweden' is present on page  using regular expression

2022-02-11 23:09:13 - [MESSAGE][PASSED] - Text 'Sweden' is present on page  using regular expression

2022-02-11 23:09:13 - [TEST_STEP][PASSED] - verifyTextPresent("Austria", true): Text 'Austria' is present on page  using regular expression

2022-02-11 23:09:13 - [MESSAGE][PASSED] - Text 'Austria' is present on page  using regular expression

2022-02-11 23:09:13 - [TEST_STEP][PASSED] - verifyTextPresent("Orange Recorded", true): Text 'Orange Recorded' is present on page  using regular expression

2022-02-11 23:09:14 - [MESSAGE][PASSED] - Text 'Orange Recorded' is present on page  using regular expression

2022-02-11 23:09:14 - [TEST_STEP][PASSED] - verifyTextPresent("Yellow Recorded", true): Text 'Yellow Recorded' is present on page  using regular expression

2022-02-11 23:09:14 - [MESSAGE][PASSED] - Text 'Yellow Recorded' is present on page  using regular expression

2022-02-11 23:09:14 - [TEST_STEP][PASSED] - verifyTextPresent("Norway", true): Text 'Norway' is present on page  using regular expression

2022-02-11 23:09:14 - [MESSAGE][PASSED] - Text 'Norway' is present on page  using regular expression

2022-02-11 23:09:14 - [TEST_STEP][PASSED] - verifyTextPresent("Netherlands", true): Text 'Netherlands' is present on page  using regular expression

2022-02-11 23:09:15 - [MESSAGE][PASSED] - Text 'Netherlands' is present on page  using regular expression

2022-02-11 23:09:15 - [TEST_STEP][PASSED] - verifyTextPresent("Switzerland", true): Text 'Switzerland' is present on page  using regular expression

2022-02-11 23:09:15 - [MESSAGE][PASSED] - Text 'Switzerland' is present on page  using regular expression

2022-02-11 23:09:15 - [TEST_STEP][PASSED] - verifyTextPresent("France", true): Text 'France' is present on page  using regular expression

2022-02-11 23:09:15 - [MESSAGE][PASSED] - Text 'France' is present on page  using regular expression

2022-02-11 23:09:15 - [TEST_STEP][PASSED] - verifyTextPresent("Amount", true): Text 'Amount' is present on page  using regular expression

2022-02-11 23:09:16 - [MESSAGE][PASSED] - Text 'Amount' is present on page  using regular expression

2022-02-11 23:09:16 - [TEST_STEP][PASSED] - verifyTextPresent("Convenience Fee", true): Text 'Convenience Fee' is present on page  using regular expression

2022-02-11 23:09:16 - [MESSAGE][PASSED] - Text 'Convenience Fee' is present on page  using regular expression

2022-02-11 23:09:16 - [TEST_STEP][PASSED] - verifyTextPresent("Convenience Fee Type", true): Text 'Convenience Fee Type' is present on page  using regular expression

2022-02-11 23:09:17 - [MESSAGE][PASSED] - Text 'Convenience Fee Type' is present on page  using regular expression

2022-02-11 23:09:17 - [TEST_STEP][PASSED] - verifyTextPresent("Total Amount", true): Text 'Total Amount' is present on page  using regular expression

2022-02-11 23:09:17 - [MESSAGE][PASSED] - Text 'Total Amount' is present on page  using regular expression

2022-02-11 23:09:17 - [TEST_STEP][PASSED] - verifyTextPresent("Transaction Type", true): Text 'Transaction Type' is present on page  using regular expression

2022-02-11 23:09:17 - [MESSAGE][PASSED] - Text 'Transaction Type' is present on page  using regular expression

2022-02-11 23:09:17 - [TEST_STEP][PASSED] - verifyTextPresent("10.50", true): Text '10.50' is present on page  using regular expression

2022-02-11 23:09:18 - [MESSAGE][PASSED] - Text '10.50' is present on page  using regular expression

2022-02-11 23:09:18 - [TEST_STEP][PASSED] - verifyTextPresent("5.00", true): Text '5.00' is present on page  using regular expression

2022-02-11 23:09:18 - [MESSAGE][PASSED] - Text '5.00' is present on page  using regular expression

2022-02-11 23:09:18 - [TEST_STEP][PASSED] - verifyTextPresent("Dual Transaction", true): Text 'Dual Transaction' is present on page  using regular expression

2022-02-11 23:09:18 - [MESSAGE][PASSED] - Text 'Dual Transaction' is present on page  using regular expression

2022-02-11 23:09:18 - [TEST_STEP][PASSED] - verifyTextPresent("15.50", true): Text '15.50' is present on page  using regular expression

2022-02-11 23:09:19 - [MESSAGE][PASSED] - Text '15.50' is present on page  using regular expression

2022-02-11 23:09:19 - [TEST_STEP][PASSED] - verifyTextPresent("Authorization and Capture", true): Text 'Authorization and Capture' is present on page  using regular expression

2022-02-11 23:09:19 - [MESSAGE][PASSED] - Text 'Authorization and Capture' is present on page  using regular expression

2022-02-11 23:09:19 - [TEST_STEP][PASSED] - verifyTextPresent("Card Information", true): Text 'Card Information' is present on page  using regular expression

2022-02-11 23:09:19 - [MESSAGE][PASSED] - Text 'Card Information' is present on page  using regular expression

2022-02-11 23:09:19 - [TEST_STEP][PASSED] - verifyTextPresent("SHIV HARI", true): Text 'SHIV HARI' is present on page  using regular expression

2022-02-11 23:09:20 - [MESSAGE][PASSED] - Text 'SHIV HARI' is present on page  using regular expression

2022-02-11 23:09:20 - [TEST_STEP][PASSED] - switch (cardNumbers[i]): null

2022-02-11 23:09:20 - [TEST_STEP][PASSED] - case "5146312200000035":: null

2022-02-11 23:09:20 - [TEST_STEP][PASSED] - verifyTextPresent("MasterCard", true): Text 'MasterCard' is present on page  using regular expression

2022-02-11 23:09:20 - [MESSAGE][PASSED] - Text 'MasterCard' is present on page  using regular expression

2022-02-11 23:09:20 - [TEST_STEP][PASSED] - verifyTextPresent("0035", true): Text '0035' is present on page  using regular expression

2022-02-11 23:09:20 - [MESSAGE][PASSED] - Text '0035' is present on page  using regular expression

2022-02-11 23:09:20 - [TEST_STEP][PASSED] - break: null

2022-02-11 23:09:20 - [TEST_STEP][PASSED] - verifyTextPresent("Address Line 1", true): Text 'Address Line 1' is present on page  using regular expression

2022-02-11 23:09:21 - [MESSAGE][PASSED] - Text 'Address Line 1' is present on page  using regular expression

2022-02-11 23:09:21 - [TEST_STEP][PASSED] - verifyTextPresent("Address Line 2", true): Text 'Address Line 2' is present on page  using regular expression

2022-02-11 23:09:21 - [MESSAGE][PASSED] - Text 'Address Line 2' is present on page  using regular expression

2022-02-11 23:09:21 - [TEST_STEP][PASSED] - verifyTextPresent("Country", true): Text 'Country' is present on page  using regular expression

2022-02-11 23:09:21 - [MESSAGE][PASSED] - Text 'Country' is present on page  using regular expression

2022-02-11 23:09:21 - [TEST_STEP][PASSED] - verifyTextPresent("City", true): Text 'City' is present on page  using regular expression

2022-02-11 23:09:22 - [MESSAGE][PASSED] - Text 'City' is present on page  using regular expression

2022-02-11 23:09:22 - [TEST_STEP][PASSED] - verifyTextPresent("State", true): Text 'State' is present on page  using regular expression

2022-02-11 23:09:22 - [MESSAGE][PASSED] - Text 'State' is present on page  using regular expression

2022-02-11 23:09:22 - [TEST_STEP][PASSED] - verifyTextPresent("ZIP Code", true): Text 'ZIP Code' is present on page  using regular expression

2022-02-11 23:09:22 - [MESSAGE][PASSED] - Text 'ZIP Code' is present on page  using regular expression

2022-02-11 23:09:22 - [TEST_STEP][PASSED] - verifyTextPresent("2311 York road", true): Text '2311 York road' is present on page  using regular expression

2022-02-11 23:09:23 - [MESSAGE][PASSED] - Text '2311 York road' is present on page  using regular expression

2022-02-11 23:09:23 - [TEST_STEP][PASSED] - verifyTextPresent("Suite 500", true): Text 'Suite 500' is present on page  using regular expression

2022-02-11 23:09:23 - [MESSAGE][PASSED] - Text 'Suite 500' is present on page  using regular expression

2022-02-11 23:09:23 - [TEST_STEP][PASSED] - verifyTextPresent("United States", true): Text 'United States' is present on page  using regular expression

2022-02-11 23:09:23 - [MESSAGE][PASSED] - Text 'United States' is present on page  using regular expression

2022-02-11 23:09:23 - [TEST_STEP][PASSED] - verifyTextPresent("LUTHERVILLE TIMONIUM", true): Text 'LUTHERVILLE TIMONIUM' is present on page  using regular expression

2022-02-11 23:09:24 - [MESSAGE][PASSED] - Text 'LUTHERVILLE TIMONIUM' is present on page  using regular expression

2022-02-11 23:09:24 - [TEST_STEP][PASSED] - verifyTextPresent("Maryland", true): Text 'Maryland' is present on page  using regular expression

2022-02-11 23:09:24 - [MESSAGE][PASSED] - Text 'Maryland' is present on page  using regular expression

2022-02-11 23:09:24 - [TEST_STEP][PASSED] - verifyTextPresent("21093", true): Text '21093' is present on page  using regular expression

2022-02-11 23:09:24 - [MESSAGE][PASSED] - Text '21093' is present on page  using regular expression

2022-02-11 23:09:24 - [TEST_STEP][PASSED] - adminSuiteBootstrap.loginFunctionality.login_AdminSuite(): adminSuiteBootstrap.loginFunctionality.login_AdminSuite is PASSED

2022-02-11 23:09:24 - [MESSAGE][WARNING] - A browser is already opened. Closing browser and opening a new one

2022-02-11 23:09:25 - [MESSAGE][INFO] - Starting 'Chrome' driver

2022-02-11 23:09:25 - [MESSAGE][INFO] - User set preference: ['acceptInsecureCerts', 'true']

2022-02-11 23:09:25 - [MESSAGE][INFO] - Action delay is set to 0 milliseconds

2022-02-11 23:09:28 - [MESSAGE][PASSED] - Browser is opened with url: 'https://qa.velocitypayment.com/admin/imtiaz'

2022-02-11 23:09:28 - [MESSAGE][PASSED] - Current window maximized

2022-02-11 23:09:29 - [MESSAGE][PASSED] - Object 'Object Repository/Login_Page/Login_Username' is present

2022-02-11 23:09:29 - [MESSAGE][PASSED] - Text 'iahmed' is set on object 'Object Repository/Login_Page/Login_Username'

2022-02-11 23:09:30 - [MESSAGE][PASSED] - Text 'hello2222' is set on object 'Object Repository/Login_Page/Login_Password'

2022-02-11 23:09:34 - [MESSAGE][PASSED] - Object: 'Object Repository/Login_Page/Login_Submit' is clicked on

2022-02-11 23:09:34 - [MESSAGE][PASSED] - adminSuiteBootstrap.loginFunctionality.login_AdminSuite is PASSED

2022-02-11 23:09:34 - [TEST_STEP][PASSED] - click(findTestObject(path_Dashboard + "span_Payment")): Object: 'Object Repository/AdminSuiteBootstrap_Pages/Dashboard_Bootstrap/span_Payment' is clicked on

2022-02-11 23:09:35 - [MESSAGE][PASSED] - Object: 'Object Repository/AdminSuiteBootstrap_Pages/Dashboard_Bootstrap/span_Payment' is clicked on

2022-02-11 23:09:35 - [TEST_STEP][PASSED] - scrollToElement(findTestObject(path_Dashboard + "span_Reporting"), 3): Scroll to object 'Object Repository/AdminSuiteBootstrap_Pages/Dashboard_Bootstrap/span_Reporting' successfully

2022-02-11 23:09:35 - [MESSAGE][PASSED] - Scroll to object 'Object Repository/AdminSuiteBootstrap_Pages/Dashboard_Bootstrap/span_Reporting' successfully

2022-02-11 23:09:35 - [TEST_STEP][PASSED] - click(findTestObject(path_Dashboard + "a_Sabu 1")): Object: 'Object Repository/AdminSuiteBootstrap_Pages/Dashboard_Bootstrap/a_Sabu 1' is clicked on

2022-02-11 23:09:37 - [MESSAGE][PASSED] - Object: 'Object Repository/AdminSuiteBootstrap_Pages/Dashboard_Bootstrap/a_Sabu 1' is clicked on

2022-02-11 23:09:37 - [TEST_STEP][PASSED] - click(findTestObject(path_VT + "button_Authorization  Capture (Sale)")): Object: 'Object Repository/AdminSuiteBootstrap_Pages/VT_Bootstrap/IssueTransactions/button_Authorization  Capture (Sale)' is clicked on

2022-02-11 23:09:37 - [MESSAGE][PASSED] - Object: 'Object Repository/AdminSuiteBootstrap_Pages/VT_Bootstrap/IssueTransactions/button_Authorization  Capture (Sale)' is clicked on

2022-02-11 23:09:37 - [TEST_STEP][PASSED] - saleKeyboardEntryLink = modifyObjectProperty(findTestObject(path_VT + "a_KeyboardEntry_Sale"), "href", "equals", hrefAppID, true): Modify property of object successfully

2022-02-11 23:09:37 - [MESSAGE][PASSED] - Modify property of object successfully

2022-02-11 23:09:37 - [TEST_STEP][PASSED] - click(saleKeyboardEntryLink): Object: 'Object Repository/AdminSuiteBootstrap_Pages/VT_Bootstrap/IssueTransactions/a_KeyboardEntry_Sale' is clicked on

2022-02-11 23:09:39 - [MESSAGE][PASSED] - Object: 'Object Repository/AdminSuiteBootstrap_Pages/VT_Bootstrap/IssueTransactions/a_KeyboardEntry_Sale' is clicked on

2022-02-11 23:09:39 - [TEST_STEP][PASSED] - adminSuiteBootstrap.virtualTerminalSetData.saleKeyboard_HardCoded_AllCardTypes(cardNumbers[i]): adminSuiteBootstrap.virtualTerminalSetData.saleKeyboard_HardCoded_AllCardTypes is PASSED

2022-02-11 23:09:40 - [MESSAGE][PASSED] - Text 'Shiv Hari' is set on object 'Object Repository/AdminSuiteBootstrap_Pages/VT_Bootstrap/SaleKeyboard/input_cardName'

2022-02-11 23:09:41 - [MESSAGE][PASSED] - All options with value 'MOTO' are selected in object 'Object Repository/AdminSuiteBootstrap_Pages/VT_Bootstrap/SaleKeyboard/select_transactionCategory'  using regular expression

2022-02-11 23:09:41 - [MESSAGE][PASSED] - Execute JavaScript 'arguments[0].value ='371449635392376' ' successfully

2022-02-11 23:09:41 - [MESSAGE][PASSED] - Execute JavaScript 'arguments[0].value ='123'' successfully

2022-02-11 23:09:42 - [MESSAGE][PASSED] - All options with value '12' are selected in object 'Object Repository/AdminSuiteBootstrap_Pages/VT_Bootstrap/SaleKeyboard/select_MM'  using regular expression

2022-02-11 23:09:43 - [MESSAGE][PASSED] - All options with value '2026' are selected in object 'Object Repository/AdminSuiteBootstrap_Pages/VT_Bootstrap/SaleKeyboard/select_YYYY'  using regular expression

2022-02-11 23:09:44 - [MESSAGE][PASSED] - Text '2311 York road' is set on object 'Object Repository/AdminSuiteBootstrap_Pages/VT_Bootstrap/SaleKeyboard/input__address'

2022-02-11 23:09:45 - [MESSAGE][PASSED] - Text 'Suite 500' is set on object 'Object Repository/AdminSuiteBootstrap_Pages/VT_Bootstrap/SaleKeyboard/input__address2'

2022-02-11 23:09:45 - [MESSAGE][PASSED] - Text '21093' is set on object 'Object Repository/AdminSuiteBootstrap_Pages/VT_Bootstrap/SaleKeyboard/input__zip'

2022-02-11 23:09:46 - [MESSAGE][PASSED] - Text 'iahmed@govolution.com' is set on object 'Object Repository/AdminSuiteBootstrap_Pages/VT_Bootstrap/SaleKeyboard/input_emailAddress'

2022-02-11 23:09:48 - [MESSAGE][PASSED] - Text '' is set on object 'Object Repository/AdminSuiteBootstrap_Pages/VT_Bootstrap/SaleKeyboard/input_smsNumber'

2022-02-11 23:09:48 - [MESSAGE][PASSED] - Text '10.50' is set on object 'Object Repository/AdminSuiteBootstrap_Pages/VT_Bootstrap/SaleKeyboard/input_amount'

2022-02-11 23:09:50 - [MESSAGE][PASSED] - Text 'Australia' is set on object 'Object Repository/AdminSuiteBootstrap_Pages/VT_Bootstrap/SaleKeyboard/input_userDefined1'

2022-02-11 23:09:50 - [MESSAGE][PASSED] - Text 'Denmark' is set on object 'Object Repository/AdminSuiteBootstrap_Pages/VT_Bootstrap/SaleKeyboard/input_userDefined2'

2022-02-11 23:09:51 - [MESSAGE][PASSED] - Text 'Sweden' is set on object 'Object Repository/AdminSuiteBootstrap_Pages/VT_Bootstrap/SaleKeyboard/input_userDefined3'

2022-02-11 23:09:52 - [MESSAGE][PASSED] - Text 'Austria' is set on object 'Object Repository/AdminSuiteBootstrap_Pages/VT_Bootstrap/SaleKeyboard/input_userDefined4'

2022-02-11 23:09:53 - [MESSAGE][PASSED] - All options with label 'Orange' are selected in object 'Object Repository/AdminSuiteBootstrap_Pages/VT_Bootstrap/SaleKeyboard/select_UDF5_DropDown'  using regular expression

2022-02-11 23:09:54 - [MESSAGE][PASSED] - All options with label 'Yellow' are selected in object 'Object Repository/AdminSuiteBootstrap_Pages/VT_Bootstrap/SaleKeyboard/select_UDF6_DropDown'  using regular expression

2022-02-11 23:09:54 - [MESSAGE][PASSED] - Text 'Norway' is set on object 'Object Repository/AdminSuiteBootstrap_Pages/VT_Bootstrap/SaleKeyboard/input_userDefined7'

2022-02-11 23:09:55 - [MESSAGE][PASSED] - Text 'Netherlands' is set on object 'Object Repository/AdminSuiteBootstrap_Pages/VT_Bootstrap/SaleKeyboard/input_userDefined8'

2022-02-11 23:09:56 - [MESSAGE][PASSED] - Text 'Switzerland' is set on object 'Object Repository/AdminSuiteBootstrap_Pages/VT_Bootstrap/SaleKeyboard/input_userDefined9'

2022-02-11 23:09:57 - [MESSAGE][PASSED] - Text 'France' is set on object 'Object Repository/AdminSuiteBootstrap_Pages/VT_Bootstrap/SaleKeyboard/input_userDefined10'

2022-02-11 23:09:59 - [MESSAGE][PASSED] - Object: 'Object Repository/AdminSuiteBootstrap_Pages/VT_Bootstrap/SaleKeyboard/button_Submit' is clicked on

2022-02-11 23:09:59 - [MESSAGE][PASSED] - adminSuiteBootstrap.virtualTerminalSetData.saleKeyboard_HardCoded_AllCardTypes is PASSED

2022-02-11 23:09:59 - [TEST_STEP][PASSED] - verifyTextPresent("Transaction Successful", true): Text 'Transaction Successful' is present on page  using regular expression

2022-02-11 23:10:00 - [MESSAGE][PASSED] - Text 'Transaction Successful' is present on page  using regular expression

2022-02-11 23:10:00 - [TEST_STEP][PASSED] - verifyElementVisible(findTestObject("Object Repository/AdminSuiteBootstrap_Pages/VT_Bootstrap/Receipt/button_Continue")): Object 'Object Repository/AdminSuiteBootstrap_Pages/VT_Bootstrap/Receipt/button_Continue' is visible

2022-02-11 23:10:00 - [MESSAGE][PASSED] - Object 'Object Repository/AdminSuiteBootstrap_Pages/VT_Bootstrap/Receipt/button_Continue' is visible

2022-02-11 23:10:00 - [TEST_STEP][PASSED] - verifyElementPresent(findTestObject("Object Repository/AdminSuiteBootstrap_Pages/VT_Bootstrap/Receipt/button_Continue"), 20): Object 'Object Repository/AdminSuiteBootstrap_Pages/VT_Bootstrap/Receipt/button_Continue' is present

2022-02-11 23:10:00 - [MESSAGE][PASSED] - Object 'Object Repository/AdminSuiteBootstrap_Pages/VT_Bootstrap/Receipt/button_Continue' is present

2022-02-11 23:10:00 - [TEST_STEP][PASSED] - verifyElementVisible(findTestObject("Object Repository/AdminSuiteBootstrap_Pages/VT_Bootstrap/Receipt/button_Print")): Object 'Object Repository/AdminSuiteBootstrap_Pages/VT_Bootstrap/Receipt/button_Print' is visible

2022-02-11 23:10:01 - [MESSAGE][PASSED] - Object 'Object Repository/AdminSuiteBootstrap_Pages/VT_Bootstrap/Receipt/button_Print' is visible

2022-02-11 23:10:01 - [TEST_STEP][PASSED] - verifyElementPresent(findTestObject("Object Repository/AdminSuiteBootstrap_Pages/VT_Bootstrap/Receipt/button_Print"), 20): Object 'Object Repository/AdminSuiteBootstrap_Pages/VT_Bootstrap/Receipt/button_Print' is present

2022-02-11 23:10:01 - [MESSAGE][PASSED] - Object 'Object Repository/AdminSuiteBootstrap_Pages/VT_Bootstrap/Receipt/button_Print' is present

2022-02-11 23:10:01 - [TEST_STEP][PASSED] - verifyTextPresent("Remittance ID", true): Text 'Remittance ID' is present on page  using regular expression

2022-02-11 23:10:01 - [MESSAGE][PASSED] - Text 'Remittance ID' is present on page  using regular expression

2022-02-11 23:10:01 - [TEST_STEP][PASSED] - verifyTextPresent("Received", true): Text 'Received' is present on page  using regular expression

2022-02-11 23:10:02 - [MESSAGE][PASSED] - Text 'Received' is present on page  using regular expression

2022-02-11 23:10:02 - [TEST_STEP][FAILED] - verifyTextPresent("UDF1", true): Text 'UDF1' is not present on page  using regular expression (Root cause: com.kms.katalon.core.exception.StepFailedException: Text 'UDF1' is not present on page  using regular expression
	at com.kms.katalon.core.webui.keyword.internal.WebUIKeywordMain.stepFailed(WebUIKeywordMain.groovy:64)
	at com.kms.katalon.core.webui.keyword.builtin.VerifyTextPresentKeyword$_verifyTextPresent_closure1.doCall(VerifyTextPresentKeyword.groovy:79)
	at com.kms.katalon.core.webui.keyword.builtin.VerifyTextPresentKeyword$_verifyTextPresent_closure1.call(VerifyTextPresentKeyword.groovy)
	at com.kms.katalon.core.webui.keyword.internal.WebUIKeywordMain.runKeyword(WebUIKeywordMain.groovy:20)
	at com.kms.katalon.core.webui.keyword.builtin.VerifyTextPresentKeyword.verifyTextPresent(VerifyTextPresentKeyword.groovy:83)
	at com.kms.katalon.core.webui.keyword.builtin.VerifyTextPresentKeyword.execute(VerifyTextPresentKeyword.groovy:68)
	at com.kms.katalon.core.keyword.internal.KeywordExecutor.executeKeywordForPlatform(KeywordExecutor.groovy:74)
	at com.kms.katalon.core.webui.keyword.WebUiBuiltInKeywords.verifyTextPresent(WebUiBuiltInKeywords.groovy:1723)
	at com.kms.katalon.core.webui.keyword.WebUiBuiltInKeywords$verifyTextPresent$8.call(Unknown Source)
	at SaleKeyboard_TP_DCF_App255_Payment_TC.run(SaleKeyboard_TP_DCF_App255_Payment_TC:67)
	at com.kms.katalon.core.main.ScriptEngine.run(ScriptEngine.java:194)
	at com.kms.katalon.core.main.ScriptEngine.runScriptAsRawText(ScriptEngine.java:119)
	at com.kms.katalon.core.main.TestCaseExecutor.runScript(TestCaseExecutor.java:442)
	at com.kms.katalon.core.main.TestCaseExecutor.doExecute(TestCaseExecutor.java:433)
	at com.kms.katalon.core.main.TestCaseExecutor.processExecutionPhase(TestCaseExecutor.java:412)
	at com.kms.katalon.core.main.TestCaseExecutor.accessMainPhase(TestCaseExecutor.java:404)
	at com.kms.katalon.core.main.TestCaseExecutor.execute(TestCaseExecutor.java:281)
	at com.kms.katalon.core.main.TestSuiteExecutor.accessTestCaseMainPhase(TestSuiteExecutor.java:202)
	at com.kms.katalon.core.main.TestSuiteExecutor.accessTestSuiteMainPhase(TestSuiteExecutor.java:164)
	at com.kms.katalon.core.main.TestSuiteExecutor.execute(TestSuiteExecutor.java:105)
	at com.kms.katalon.core.main.TestCaseMain.startTestSuite(TestCaseMain.java:181)
	at com.kms.katalon.core.main.TestCaseMain$startTestSuite$0.call(Unknown Source)
	at TempTestSuite1644638509545.run(TempTestSuite1644638509545.groovy:36)
)

2022-02-11 23:10:02 - [MESSAGE][FAILED] - Text 'UDF1' is not present on page  using regular expression (Root cause: com.kms.katalon.core.exception.StepFailedException: Text 'UDF1' is not present on page  using regular expression
	at com.kms.katalon.core.webui.keyword.internal.WebUIKeywordMain.stepFailed(WebUIKeywordMain.groovy:64)
	at com.kms.katalon.core.webui.keyword.builtin.VerifyTextPresentKeyword$_verifyTextPresent_closure1.doCall(VerifyTextPresentKeyword.groovy:79)
	at com.kms.katalon.core.webui.keyword.builtin.VerifyTextPresentKeyword$_verifyTextPresent_closure1.call(VerifyTextPresentKeyword.groovy)
	at com.kms.katalon.core.webui.keyword.internal.WebUIKeywordMain.runKeyword(WebUIKeywordMain.groovy:20)
	at com.kms.katalon.core.webui.keyword.builtin.VerifyTextPresentKeyword.verifyTextPresent(VerifyTextPresentKeyword.groovy:83)
	at com.kms.katalon.core.webui.keyword.builtin.VerifyTextPresentKeyword.execute(VerifyTextPresentKeyword.groovy:68)
	at com.kms.katalon.core.keyword.internal.KeywordExecutor.executeKeywordForPlatform(KeywordExecutor.groovy:74)
	at com.kms.katalon.core.webui.keyword.WebUiBuiltInKeywords.verifyTextPresent(WebUiBuiltInKeywords.groovy:1723)
	at com.kms.katalon.core.webui.keyword.WebUiBuiltInKeywords$verifyTextPresent$8.call(Unknown Source)
	at SaleKeyboard_TP_DCF_App255_Payment_TC.run(SaleKeyboard_TP_DCF_App255_Payment_TC:67)
	at com.kms.katalon.core.main.ScriptEngine.run(ScriptEngine.java:194)
	at com.kms.katalon.core.main.ScriptEngine.runScriptAsRawText(ScriptEngine.java:119)
	at com.kms.katalon.core.main.TestCaseExecutor.runScript(TestCaseExecutor.java:442)
	at com.kms.katalon.core.main.TestCaseExecutor.doExecute(TestCaseExecutor.java:433)
	at com.kms.katalon.core.main.TestCaseExecutor.processExecutionPhase(TestCaseExecutor.java:412)
	at com.kms.katalon.core.main.TestCaseExecutor.accessMainPhase(TestCaseExecutor.java:404)
	at com.kms.katalon.core.main.TestCaseExecutor.execute(TestCaseExecutor.java:281)
	at com.kms.katalon.core.main.TestSuiteExecutor.accessTestCaseMainPhase(TestSuiteExecutor.java:202)
	at com.kms.katalon.core.main.TestSuiteExecutor.accessTestSuiteMainPhase(TestSuiteExecutor.java:164)
	at com.kms.katalon.core.main.TestSuiteExecutor.execute(TestSuiteExecutor.java:105)
	at com.kms.katalon.core.main.TestCaseMain.startTestSuite(TestCaseMain.java:181)
	at com.kms.katalon.core.main.TestCaseMain$startTestSuite$0.call(Unknown Source)
	at TempTestSuite1644638509545.run(TempTestSuite1644638509545.groovy:36)
)

2022-02-11 23:10:02 - [TEST_STEP][PASSED] - verifyTextPresent("UDF2", true): Text 'UDF2' is present on page  using regular expression

2022-02-11 23:10:02 - [MESSAGE][PASSED] - Text 'UDF2' is present on page  using regular expression

2022-02-11 23:10:02 - [TEST_STEP][PASSED] - verifyTextPresent("UDF3", true): Text 'UDF3' is present on page  using regular expression

2022-02-11 23:10:03 - [MESSAGE][PASSED] - Text 'UDF3' is present on page  using regular expression

2022-02-11 23:10:03 - [TEST_STEP][PASSED] - verifyTextPresent("UDF4", true): Text 'UDF4' is present on page  using regular expression

2022-02-11 23:10:03 - [MESSAGE][PASSED] - Text 'UDF4' is present on page  using regular expression

2022-02-11 23:10:03 - [TEST_STEP][PASSED] - verifyTextPresent("UDF5", true): Text 'UDF5' is present on page  using regular expression

2022-02-11 23:10:03 - [MESSAGE][PASSED] - Text 'UDF5' is present on page  using regular expression

2022-02-11 23:10:03 - [TEST_STEP][PASSED] - verifyTextPresent("UDF6", true): Text 'UDF6' is present on page  using regular expression

2022-02-11 23:10:04 - [MESSAGE][PASSED] - Text 'UDF6' is present on page  using regular expression

2022-02-11 23:10:04 - [TEST_STEP][PASSED] - verifyTextPresent("UDF7", true): Text 'UDF7' is present on page  using regular expression

2022-02-11 23:10:04 - [MESSAGE][PASSED] - Text 'UDF7' is present on page  using regular expression

2022-02-11 23:10:04 - [TEST_STEP][PASSED] - verifyTextPresent("UDF8", true): Text 'UDF8' is present on page  using regular expression

2022-02-11 23:10:04 - [MESSAGE][PASSED] - Text 'UDF8' is present on page  using regular expression

2022-02-11 23:10:04 - [TEST_STEP][PASSED] - verifyTextPresent("UDF9", true): Text 'UDF9' is present on page  using regular expression

2022-02-11 23:10:05 - [MESSAGE][PASSED] - Text 'UDF9' is present on page  using regular expression

2022-02-11 23:10:05 - [TEST_STEP][PASSED] - verifyTextPresent("UDF 10", true): Text 'UDF 10' is present on page  using regular expression

2022-02-11 23:10:05 - [MESSAGE][PASSED] - Text 'UDF 10' is present on page  using regular expression

2022-02-11 23:10:05 - [TEST_STEP][FAILED] - verifyTextPresent("Australia", true): Text 'Australia' is not present on page  using regular expression (Root cause: com.kms.katalon.core.exception.StepFailedException: Text 'Australia' is not present on page  using regular expression
	at com.kms.katalon.core.webui.keyword.internal.WebUIKeywordMain.stepFailed(WebUIKeywordMain.groovy:64)
	at com.kms.katalon.core.webui.keyword.builtin.VerifyTextPresentKeyword$_verifyTextPresent_closure1.doCall(VerifyTextPresentKeyword.groovy:79)
	at com.kms.katalon.core.webui.keyword.builtin.VerifyTextPresentKeyword$_verifyTextPresent_closure1.call(VerifyTextPresentKeyword.groovy)
	at com.kms.katalon.core.webui.keyword.internal.WebUIKeywordMain.runKeyword(WebUIKeywordMain.groovy:20)
	at com.kms.katalon.core.webui.keyword.builtin.VerifyTextPresentKeyword.verifyTextPresent(VerifyTextPresentKeyword.groovy:83)
	at com.kms.katalon.core.webui.keyword.builtin.VerifyTextPresentKeyword.execute(VerifyTextPresentKeyword.groovy:68)
	at com.kms.katalon.core.keyword.internal.KeywordExecutor.executeKeywordForPlatform(KeywordExecutor.groovy:74)
	at com.kms.katalon.core.webui.keyword.WebUiBuiltInKeywords.verifyTextPresent(WebUiBuiltInKeywords.groovy:1723)
	at com.kms.katalon.core.webui.keyword.WebUiBuiltInKeywords$verifyTextPresent$8.call(Unknown Source)
	at SaleKeyboard_TP_DCF_App255_Payment_TC.run(SaleKeyboard_TP_DCF_App255_Payment_TC:78)
	at com.kms.katalon.core.main.ScriptEngine.run(ScriptEngine.java:194)
	at com.kms.katalon.core.main.ScriptEngine.runScriptAsRawText(ScriptEngine.java:119)
	at com.kms.katalon.core.main.TestCaseExecutor.runScript(TestCaseExecutor.java:442)
	at com.kms.katalon.core.main.TestCaseExecutor.doExecute(TestCaseExecutor.java:433)
	at com.kms.katalon.core.main.TestCaseExecutor.processExecutionPhase(TestCaseExecutor.java:412)
	at com.kms.katalon.core.main.TestCaseExecutor.accessMainPhase(TestCaseExecutor.java:404)
	at com.kms.katalon.core.main.TestCaseExecutor.execute(TestCaseExecutor.java:281)
	at com.kms.katalon.core.main.TestSuiteExecutor.accessTestCaseMainPhase(TestSuiteExecutor.java:202)
	at com.kms.katalon.core.main.TestSuiteExecutor.accessTestSuiteMainPhase(TestSuiteExecutor.java:164)
	at com.kms.katalon.core.main.TestSuiteExecutor.execute(TestSuiteExecutor.java:105)
	at com.kms.katalon.core.main.TestCaseMain.startTestSuite(TestCaseMain.java:181)
	at com.kms.katalon.core.main.TestCaseMain$startTestSuite$0.call(Unknown Source)
	at TempTestSuite1644638509545.run(TempTestSuite1644638509545.groovy:36)
)

2022-02-11 23:10:05 - [MESSAGE][FAILED] - Text 'Australia' is not present on page  using regular expression (Root cause: com.kms.katalon.core.exception.StepFailedException: Text 'Australia' is not present on page  using regular expression
	at com.kms.katalon.core.webui.keyword.internal.WebUIKeywordMain.stepFailed(WebUIKeywordMain.groovy:64)
	at com.kms.katalon.core.webui.keyword.builtin.VerifyTextPresentKeyword$_verifyTextPresent_closure1.doCall(VerifyTextPresentKeyword.groovy:79)
	at com.kms.katalon.core.webui.keyword.builtin.VerifyTextPresentKeyword$_verifyTextPresent_closure1.call(VerifyTextPresentKeyword.groovy)
	at com.kms.katalon.core.webui.keyword.internal.WebUIKeywordMain.runKeyword(WebUIKeywordMain.groovy:20)
	at com.kms.katalon.core.webui.keyword.builtin.VerifyTextPresentKeyword.verifyTextPresent(VerifyTextPresentKeyword.groovy:83)
	at com.kms.katalon.core.webui.keyword.builtin.VerifyTextPresentKeyword.execute(VerifyTextPresentKeyword.groovy:68)
	at com.kms.katalon.core.keyword.internal.KeywordExecutor.executeKeywordForPlatform(KeywordExecutor.groovy:74)
	at com.kms.katalon.core.webui.keyword.WebUiBuiltInKeywords.verifyTextPresent(WebUiBuiltInKeywords.groovy:1723)
	at com.kms.katalon.core.webui.keyword.WebUiBuiltInKeywords$verifyTextPresent$8.call(Unknown Source)
	at SaleKeyboard_TP_DCF_App255_Payment_TC.run(SaleKeyboard_TP_DCF_App255_Payment_TC:78)
	at com.kms.katalon.core.main.ScriptEngine.run(ScriptEngine.java:194)
	at com.kms.katalon.core.main.ScriptEngine.runScriptAsRawText(ScriptEngine.java:119)
	at com.kms.katalon.core.main.TestCaseExecutor.runScript(TestCaseExecutor.java:442)
	at com.kms.katalon.core.main.TestCaseExecutor.doExecute(TestCaseExecutor.java:433)
	at com.kms.katalon.core.main.TestCaseExecutor.processExecutionPhase(TestCaseExecutor.java:412)
	at com.kms.katalon.core.main.TestCaseExecutor.accessMainPhase(TestCaseExecutor.java:404)
	at com.kms.katalon.core.main.TestCaseExecutor.execute(TestCaseExecutor.java:281)
	at com.kms.katalon.core.main.TestSuiteExecutor.accessTestCaseMainPhase(TestSuiteExecutor.java:202)
	at com.kms.katalon.core.main.TestSuiteExecutor.accessTestSuiteMainPhase(TestSuiteExecutor.java:164)
	at com.kms.katalon.core.main.TestSuiteExecutor.execute(TestSuiteExecutor.java:105)
	at com.kms.katalon.core.main.TestCaseMain.startTestSuite(TestCaseMain.java:181)
	at com.kms.katalon.core.main.TestCaseMain$startTestSuite$0.call(Unknown Source)
	at TempTestSuite1644638509545.run(TempTestSuite1644638509545.groovy:36)
)

2022-02-11 23:10:05 - [TEST_STEP][PASSED] - verifyTextPresent("Denmark", true): Text 'Denmark' is present on page  using regular expression

2022-02-11 23:10:06 - [MESSAGE][PASSED] - Text 'Denmark' is present on page  using regular expression

2022-02-11 23:10:06 - [TEST_STEP][PASSED] - verifyTextPresent("Sweden", true): Text 'Sweden' is present on page  using regular expression

2022-02-11 23:10:06 - [MESSAGE][PASSED] - Text 'Sweden' is present on page  using regular expression

2022-02-11 23:10:06 - [TEST_STEP][PASSED] - verifyTextPresent("Austria", true): Text 'Austria' is present on page  using regular expression

2022-02-11 23:10:06 - [MESSAGE][PASSED] - Text 'Austria' is present on page  using regular expression

2022-02-11 23:10:06 - [TEST_STEP][PASSED] - verifyTextPresent("Orange Recorded", true): Text 'Orange Recorded' is present on page  using regular expression

2022-02-11 23:10:07 - [MESSAGE][PASSED] - Text 'Orange Recorded' is present on page  using regular expression

2022-02-11 23:10:07 - [TEST_STEP][PASSED] - verifyTextPresent("Yellow Recorded", true): Text 'Yellow Recorded' is present on page  using regular expression

2022-02-11 23:10:07 - [MESSAGE][PASSED] - Text 'Yellow Recorded' is present on page  using regular expression

2022-02-11 23:10:07 - [TEST_STEP][PASSED] - verifyTextPresent("Norway", true): Text 'Norway' is present on page  using regular expression

2022-02-11 23:10:07 - [MESSAGE][PASSED] - Text 'Norway' is present on page  using regular expression

2022-02-11 23:10:07 - [TEST_STEP][PASSED] - verifyTextPresent("Netherlands", true): Text 'Netherlands' is present on page  using regular expression

2022-02-11 23:10:08 - [MESSAGE][PASSED] - Text 'Netherlands' is present on page  using regular expression

2022-02-11 23:10:08 - [TEST_STEP][PASSED] - verifyTextPresent("Switzerland", true): Text 'Switzerland' is present on page  using regular expression

2022-02-11 23:10:08 - [MESSAGE][PASSED] - Text 'Switzerland' is present on page  using regular expression

2022-02-11 23:10:08 - [TEST_STEP][PASSED] - verifyTextPresent("France", true): Text 'France' is present on page  using regular expression

2022-02-11 23:10:08 - [MESSAGE][PASSED] - Text 'France' is present on page  using regular expression

2022-02-11 23:10:08 - [TEST_STEP][PASSED] - verifyTextPresent("Amount", true): Text 'Amount' is present on page  using regular expression

2022-02-11 23:10:09 - [MESSAGE][PASSED] - Text 'Amount' is present on page  using regular expression

2022-02-11 23:10:09 - [TEST_STEP][PASSED] - verifyTextPresent("Convenience Fee", true): Text 'Convenience Fee' is present on page  using regular expression

2022-02-11 23:10:09 - [MESSAGE][PASSED] - Text 'Convenience Fee' is present on page  using regular expression

2022-02-11 23:10:09 - [TEST_STEP][PASSED] - verifyTextPresent("Convenience Fee Type", true): Text 'Convenience Fee Type' is present on page  using regular expression

2022-02-11 23:10:09 - [MESSAGE][PASSED] - Text 'Convenience Fee Type' is present on page  using regular expression

2022-02-11 23:10:09 - [TEST_STEP][PASSED] - verifyTextPresent("Total Amount", true): Text 'Total Amount' is present on page  using regular expression

2022-02-11 23:10:10 - [MESSAGE][PASSED] - Text 'Total Amount' is present on page  using regular expression

2022-02-11 23:10:10 - [TEST_STEP][PASSED] - verifyTextPresent("Transaction Type", true): Text 'Transaction Type' is present on page  using regular expression

2022-02-11 23:10:10 - [MESSAGE][PASSED] - Text 'Transaction Type' is present on page  using regular expression

2022-02-11 23:10:10 - [TEST_STEP][PASSED] - verifyTextPresent("10.50", true): Text '10.50' is present on page  using regular expression

2022-02-11 23:10:10 - [MESSAGE][PASSED] - Text '10.50' is present on page  using regular expression

2022-02-11 23:10:10 - [TEST_STEP][PASSED] - verifyTextPresent("5.00", true): Text '5.00' is present on page  using regular expression

2022-02-11 23:10:11 - [MESSAGE][PASSED] - Text '5.00' is present on page  using regular expression

2022-02-11 23:10:11 - [TEST_STEP][PASSED] - verifyTextPresent("Dual Transaction", true): Text 'Dual Transaction' is present on page  using regular expression

2022-02-11 23:10:11 - [MESSAGE][PASSED] - Text 'Dual Transaction' is present on page  using regular expression

2022-02-11 23:10:11 - [TEST_STEP][PASSED] - verifyTextPresent("15.50", true): Text '15.50' is present on page  using regular expression

2022-02-11 23:10:11 - [MESSAGE][PASSED] - Text '15.50' is present on page  using regular expression

2022-02-11 23:10:11 - [TEST_STEP][PASSED] - verifyTextPresent("Authorization and Capture", true): Text 'Authorization and Capture' is present on page  using regular expression

2022-02-11 23:10:12 - [MESSAGE][PASSED] - Text 'Authorization and Capture' is present on page  using regular expression

2022-02-11 23:10:12 - [TEST_STEP][PASSED] - verifyTextPresent("Card Information", true): Text 'Card Information' is present on page  using regular expression

2022-02-11 23:10:12 - [MESSAGE][PASSED] - Text 'Card Information' is present on page  using regular expression

2022-02-11 23:10:12 - [TEST_STEP][PASSED] - verifyTextPresent("SHIV HARI", true): Text 'SHIV HARI' is present on page  using regular expression

2022-02-11 23:10:12 - [MESSAGE][PASSED] - Text 'SHIV HARI' is present on page  using regular expression

2022-02-11 23:10:12 - [TEST_STEP][PASSED] - switch (cardNumbers[i]): null

2022-02-11 23:10:12 - [TEST_STEP][PASSED] - case "371449635392376":: null

2022-02-11 23:10:12 - [TEST_STEP][PASSED] - verifyTextPresent("American Express", true): Text 'American Express' is present on page  using regular expression

2022-02-11 23:10:13 - [MESSAGE][PASSED] - Text 'American Express' is present on page  using regular expression

2022-02-11 23:10:13 - [TEST_STEP][PASSED] - verifyTextPresent("2376", true): Text '2376' is present on page  using regular expression

2022-02-11 23:10:13 - [MESSAGE][PASSED] - Text '2376' is present on page  using regular expression

2022-02-11 23:10:13 - [TEST_STEP][PASSED] - break: null

2022-02-11 23:10:13 - [TEST_STEP][PASSED] - verifyTextPresent("Address Line 1", true): Text 'Address Line 1' is present on page  using regular expression

2022-02-11 23:10:13 - [MESSAGE][PASSED] - Text 'Address Line 1' is present on page  using regular expression

2022-02-11 23:10:13 - [TEST_STEP][PASSED] - verifyTextPresent("Address Line 2", true): Text 'Address Line 2' is present on page  using regular expression

2022-02-11 23:10:14 - [MESSAGE][PASSED] - Text 'Address Line 2' is present on page  using regular expression

2022-02-11 23:10:14 - [TEST_STEP][PASSED] - verifyTextPresent("Country", true): Text 'Country' is present on page  using regular expression

2022-02-11 23:10:14 - [MESSAGE][PASSED] - Text 'Country' is present on page  using regular expression

2022-02-11 23:10:14 - [TEST_STEP][PASSED] - verifyTextPresent("City", true): Text 'City' is present on page  using regular expression

2022-02-11 23:10:14 - [MESSAGE][PASSED] - Text 'City' is present on page  using regular expression

2022-02-11 23:10:14 - [TEST_STEP][PASSED] - verifyTextPresent("State", true): Text 'State' is present on page  using regular expression

2022-02-11 23:10:15 - [MESSAGE][PASSED] - Text 'State' is present on page  using regular expression

2022-02-11 23:10:15 - [TEST_STEP][PASSED] - verifyTextPresent("ZIP Code", true): Text 'ZIP Code' is present on page  using regular expression

2022-02-11 23:10:15 - [MESSAGE][PASSED] - Text 'ZIP Code' is present on page  using regular expression

2022-02-11 23:10:15 - [TEST_STEP][PASSED] - verifyTextPresent("2311 York road", true): Text '2311 York road' is present on page  using regular expression

2022-02-11 23:10:15 - [MESSAGE][PASSED] - Text '2311 York road' is present on page  using regular expression

2022-02-11 23:10:15 - [TEST_STEP][PASSED] - verifyTextPresent("Suite 500", true): Text 'Suite 500' is present on page  using regular expression

2022-02-11 23:10:16 - [MESSAGE][PASSED] - Text 'Suite 500' is present on page  using regular expression

2022-02-11 23:10:16 - [TEST_STEP][PASSED] - verifyTextPresent("United States", true): Text 'United States' is present on page  using regular expression

2022-02-11 23:10:16 - [MESSAGE][PASSED] - Text 'United States' is present on page  using regular expression

2022-02-11 23:10:16 - [TEST_STEP][PASSED] - verifyTextPresent("LUTHERVILLE TIMONIUM", true): Text 'LUTHERVILLE TIMONIUM' is present on page  using regular expression

2022-02-11 23:10:16 - [MESSAGE][PASSED] - Text 'LUTHERVILLE TIMONIUM' is present on page  using regular expression

2022-02-11 23:10:16 - [TEST_STEP][PASSED] - verifyTextPresent("Maryland", true): Text 'Maryland' is present on page  using regular expression

2022-02-11 23:10:17 - [MESSAGE][PASSED] - Text 'Maryland' is present on page  using regular expression

2022-02-11 23:10:17 - [TEST_STEP][PASSED] - verifyTextPresent("21093", true): Text '21093' is present on page  using regular expression

2022-02-11 23:10:17 - [MESSAGE][PASSED] - Text '21093' is present on page  using regular expression

2022-02-11 23:10:17 - [TEST_STEP][PASSED] - adminSuiteBootstrap.loginFunctionality.login_AdminSuite(): adminSuiteBootstrap.loginFunctionality.login_AdminSuite is PASSED

2022-02-11 23:10:17 - [MESSAGE][WARNING] - A browser is already opened. Closing browser and opening a new one

2022-02-11 23:10:18 - [MESSAGE][INFO] - Starting 'Chrome' driver

2022-02-11 23:10:18 - [MESSAGE][INFO] - User set preference: ['acceptInsecureCerts', 'true']

2022-02-11 23:10:18 - [MESSAGE][INFO] - Action delay is set to 0 milliseconds

2022-02-11 23:10:21 - [MESSAGE][PASSED] - Browser is opened with url: 'https://qa.velocitypayment.com/admin/imtiaz'

2022-02-11 23:10:21 - [MESSAGE][PASSED] - Current window maximized

2022-02-11 23:10:21 - [MESSAGE][PASSED] - Object 'Object Repository/Login_Page/Login_Username' is present

2022-02-11 23:10:22 - [MESSAGE][PASSED] - Text 'iahmed' is set on object 'Object Repository/Login_Page/Login_Username'

2022-02-11 23:10:23 - [MESSAGE][PASSED] - Text 'hello2222' is set on object 'Object Repository/Login_Page/Login_Password'

2022-02-11 23:10:27 - [MESSAGE][PASSED] - Object: 'Object Repository/Login_Page/Login_Submit' is clicked on

2022-02-11 23:10:27 - [MESSAGE][PASSED] - adminSuiteBootstrap.loginFunctionality.login_AdminSuite is PASSED

2022-02-11 23:10:27 - [TEST_STEP][PASSED] - click(findTestObject(path_Dashboard + "span_Payment")): Object: 'Object Repository/AdminSuiteBootstrap_Pages/Dashboard_Bootstrap/span_Payment' is clicked on

2022-02-11 23:10:28 - [MESSAGE][PASSED] - Object: 'Object Repository/AdminSuiteBootstrap_Pages/Dashboard_Bootstrap/span_Payment' is clicked on

2022-02-11 23:10:28 - [TEST_STEP][PASSED] - scrollToElement(findTestObject(path_Dashboard + "span_Reporting"), 3): Scroll to object 'Object Repository/AdminSuiteBootstrap_Pages/Dashboard_Bootstrap/span_Reporting' successfully

2022-02-11 23:10:28 - [MESSAGE][PASSED] - Scroll to object 'Object Repository/AdminSuiteBootstrap_Pages/Dashboard_Bootstrap/span_Reporting' successfully

2022-02-11 23:10:28 - [TEST_STEP][PASSED] - click(findTestObject(path_Dashboard + "a_Sabu 1")): Object: 'Object Repository/AdminSuiteBootstrap_Pages/Dashboard_Bootstrap/a_Sabu 1' is clicked on

2022-02-11 23:10:30 - [MESSAGE][PASSED] - Object: 'Object Repository/AdminSuiteBootstrap_Pages/Dashboard_Bootstrap/a_Sabu 1' is clicked on

2022-02-11 23:10:30 - [TEST_STEP][PASSED] - click(findTestObject(path_VT + "button_Authorization  Capture (Sale)")): Object: 'Object Repository/AdminSuiteBootstrap_Pages/VT_Bootstrap/IssueTransactions/button_Authorization  Capture (Sale)' is clicked on

2022-02-11 23:10:30 - [MESSAGE][PASSED] - Object: 'Object Repository/AdminSuiteBootstrap_Pages/VT_Bootstrap/IssueTransactions/button_Authorization  Capture (Sale)' is clicked on

2022-02-11 23:10:30 - [TEST_STEP][PASSED] - saleKeyboardEntryLink = modifyObjectProperty(findTestObject(path_VT + "a_KeyboardEntry_Sale"), "href", "equals", hrefAppID, true): Modify property of object successfully

2022-02-11 23:10:30 - [MESSAGE][PASSED] - Modify property of object successfully

2022-02-11 23:10:30 - [TEST_STEP][PASSED] - click(saleKeyboardEntryLink): Object: 'Object Repository/AdminSuiteBootstrap_Pages/VT_Bootstrap/IssueTransactions/a_KeyboardEntry_Sale' is clicked on

2022-02-11 23:10:32 - [MESSAGE][PASSED] - Object: 'Object Repository/AdminSuiteBootstrap_Pages/VT_Bootstrap/IssueTransactions/a_KeyboardEntry_Sale' is clicked on

2022-02-11 23:10:32 - [TEST_STEP][PASSED] - adminSuiteBootstrap.virtualTerminalSetData.saleKeyboard_HardCoded_AllCardTypes(cardNumbers[i]): adminSuiteBootstrap.virtualTerminalSetData.saleKeyboard_HardCoded_AllCardTypes is PASSED

2022-02-11 23:10:33 - [MESSAGE][PASSED] - Text 'Shiv Hari' is set on object 'Object Repository/AdminSuiteBootstrap_Pages/VT_Bootstrap/SaleKeyboard/input_cardName'

2022-02-11 23:10:34 - [MESSAGE][PASSED] - All options with value 'MOTO' are selected in object 'Object Repository/AdminSuiteBootstrap_Pages/VT_Bootstrap/SaleKeyboard/select_transactionCategory'  using regular expression

2022-02-11 23:10:34 - [MESSAGE][PASSED] - Execute JavaScript 'arguments[0].value ='6011000993026909' ' successfully

2022-02-11 23:10:34 - [MESSAGE][PASSED] - Execute JavaScript 'arguments[0].value ='123'' successfully

2022-02-11 23:10:35 - [MESSAGE][PASSED] - All options with value '12' are selected in object 'Object Repository/AdminSuiteBootstrap_Pages/VT_Bootstrap/SaleKeyboard/select_MM'  using regular expression

2022-02-11 23:10:36 - [MESSAGE][PASSED] - All options with value '2026' are selected in object 'Object Repository/AdminSuiteBootstrap_Pages/VT_Bootstrap/SaleKeyboard/select_YYYY'  using regular expression

2022-02-11 23:10:37 - [MESSAGE][PASSED] - Text '2311 York road' is set on object 'Object Repository/AdminSuiteBootstrap_Pages/VT_Bootstrap/SaleKeyboard/input__address'

2022-02-11 23:10:37 - [MESSAGE][PASSED] - Text 'Suite 500' is set on object 'Object Repository/AdminSuiteBootstrap_Pages/VT_Bootstrap/SaleKeyboard/input__address2'

2022-02-11 23:10:38 - [MESSAGE][PASSED] - Text '21093' is set on object 'Object Repository/AdminSuiteBootstrap_Pages/VT_Bootstrap/SaleKeyboard/input__zip'

2022-02-11 23:10:39 - [MESSAGE][PASSED] - Text 'iahmed@govolution.com' is set on object 'Object Repository/AdminSuiteBootstrap_Pages/VT_Bootstrap/SaleKeyboard/input_emailAddress'

2022-02-11 23:10:40 - [MESSAGE][PASSED] - Text '' is set on object 'Object Repository/AdminSuiteBootstrap_Pages/VT_Bootstrap/SaleKeyboard/input_smsNumber'

2022-02-11 23:10:41 - [MESSAGE][PASSED] - Text '10.50' is set on object 'Object Repository/AdminSuiteBootstrap_Pages/VT_Bootstrap/SaleKeyboard/input_amount'

2022-02-11 23:10:43 - [MESSAGE][PASSED] - Text 'Australia' is set on object 'Object Repository/AdminSuiteBootstrap_Pages/VT_Bootstrap/SaleKeyboard/input_userDefined1'

2022-02-11 23:10:43 - [MESSAGE][PASSED] - Text 'Denmark' is set on object 'Object Repository/AdminSuiteBootstrap_Pages/VT_Bootstrap/SaleKeyboard/input_userDefined2'

2022-02-11 23:10:44 - [MESSAGE][PASSED] - Text 'Sweden' is set on object 'Object Repository/AdminSuiteBootstrap_Pages/VT_Bootstrap/SaleKeyboard/input_userDefined3'

2022-02-11 23:10:45 - [MESSAGE][PASSED] - Text 'Austria' is set on object 'Object Repository/AdminSuiteBootstrap_Pages/VT_Bootstrap/SaleKeyboard/input_userDefined4'

2022-02-11 23:10:46 - [MESSAGE][PASSED] - All options with label 'Orange' are selected in object 'Object Repository/AdminSuiteBootstrap_Pages/VT_Bootstrap/SaleKeyboard/select_UDF5_DropDown'  using regular expression

2022-02-11 23:10:47 - [MESSAGE][PASSED] - All options with label 'Yellow' are selected in object 'Object Repository/AdminSuiteBootstrap_Pages/VT_Bootstrap/SaleKeyboard/select_UDF6_DropDown'  using regular expression

2022-02-11 23:10:47 - [MESSAGE][PASSED] - Text 'Norway' is set on object 'Object Repository/AdminSuiteBootstrap_Pages/VT_Bootstrap/SaleKeyboard/input_userDefined7'

2022-02-11 23:10:48 - [MESSAGE][PASSED] - Text 'Netherlands' is set on object 'Object Repository/AdminSuiteBootstrap_Pages/VT_Bootstrap/SaleKeyboard/input_userDefined8'

2022-02-11 23:10:49 - [MESSAGE][PASSED] - Text 'Switzerland' is set on object 'Object Repository/AdminSuiteBootstrap_Pages/VT_Bootstrap/SaleKeyboard/input_userDefined9'

2022-02-11 23:10:49 - [MESSAGE][PASSED] - Text 'France' is set on object 'Object Repository/AdminSuiteBootstrap_Pages/VT_Bootstrap/SaleKeyboard/input_userDefined10'

2022-02-11 23:10:52 - [MESSAGE][PASSED] - Object: 'Object Repository/AdminSuiteBootstrap_Pages/VT_Bootstrap/SaleKeyboard/button_Submit' is clicked on

2022-02-11 23:10:52 - [MESSAGE][PASSED] - adminSuiteBootstrap.virtualTerminalSetData.saleKeyboard_HardCoded_AllCardTypes is PASSED

2022-02-11 23:10:52 - [TEST_STEP][PASSED] - verifyTextPresent("Transaction Successful", true): Text 'Transaction Successful' is present on page  using regular expression

2022-02-11 23:10:52 - [MESSAGE][PASSED] - Text 'Transaction Successful' is present on page  using regular expression

2022-02-11 23:10:52 - [TEST_STEP][PASSED] - verifyElementVisible(findTestObject("Object Repository/AdminSuiteBootstrap_Pages/VT_Bootstrap/Receipt/button_Continue")): Object 'Object Repository/AdminSuiteBootstrap_Pages/VT_Bootstrap/Receipt/button_Continue' is visible

2022-02-11 23:10:53 - [MESSAGE][PASSED] - Object 'Object Repository/AdminSuiteBootstrap_Pages/VT_Bootstrap/Receipt/button_Continue' is visible

2022-02-11 23:10:53 - [TEST_STEP][PASSED] - verifyElementPresent(findTestObject("Object Repository/AdminSuiteBootstrap_Pages/VT_Bootstrap/Receipt/button_Continue"), 20): Object 'Object Repository/AdminSuiteBootstrap_Pages/VT_Bootstrap/Receipt/button_Continue' is present

2022-02-11 23:10:53 - [MESSAGE][PASSED] - Object 'Object Repository/AdminSuiteBootstrap_Pages/VT_Bootstrap/Receipt/button_Continue' is present

2022-02-11 23:10:53 - [TEST_STEP][PASSED] - verifyElementVisible(findTestObject("Object Repository/AdminSuiteBootstrap_Pages/VT_Bootstrap/Receipt/button_Print")): Object 'Object Repository/AdminSuiteBootstrap_Pages/VT_Bootstrap/Receipt/button_Print' is visible

2022-02-11 23:10:53 - [MESSAGE][PASSED] - Object 'Object Repository/AdminSuiteBootstrap_Pages/VT_Bootstrap/Receipt/button_Print' is visible

2022-02-11 23:10:53 - [TEST_STEP][PASSED] - verifyElementPresent(findTestObject("Object Repository/AdminSuiteBootstrap_Pages/VT_Bootstrap/Receipt/button_Print"), 20): Object 'Object Repository/AdminSuiteBootstrap_Pages/VT_Bootstrap/Receipt/button_Print' is present

2022-02-11 23:10:54 - [MESSAGE][PASSED] - Object 'Object Repository/AdminSuiteBootstrap_Pages/VT_Bootstrap/Receipt/button_Print' is present

2022-02-11 23:10:54 - [TEST_STEP][PASSED] - verifyTextPresent("Remittance ID", true): Text 'Remittance ID' is present on page  using regular expression

2022-02-11 23:10:54 - [MESSAGE][PASSED] - Text 'Remittance ID' is present on page  using regular expression

2022-02-11 23:10:54 - [TEST_STEP][PASSED] - verifyTextPresent("Received", true): Text 'Received' is present on page  using regular expression

2022-02-11 23:10:54 - [MESSAGE][PASSED] - Text 'Received' is present on page  using regular expression

2022-02-11 23:10:54 - [TEST_STEP][FAILED] - verifyTextPresent("UDF1", true): Text 'UDF1' is not present on page  using regular expression (Root cause: com.kms.katalon.core.exception.StepFailedException: Text 'UDF1' is not present on page  using regular expression
	at com.kms.katalon.core.webui.keyword.internal.WebUIKeywordMain.stepFailed(WebUIKeywordMain.groovy:64)
	at com.kms.katalon.core.webui.keyword.builtin.VerifyTextPresentKeyword$_verifyTextPresent_closure1.doCall(VerifyTextPresentKeyword.groovy:79)
	at com.kms.katalon.core.webui.keyword.builtin.VerifyTextPresentKeyword$_verifyTextPresent_closure1.call(VerifyTextPresentKeyword.groovy)
	at com.kms.katalon.core.webui.keyword.internal.WebUIKeywordMain.runKeyword(WebUIKeywordMain.groovy:20)
	at com.kms.katalon.core.webui.keyword.builtin.VerifyTextPresentKeyword.verifyTextPresent(VerifyTextPresentKeyword.groovy:83)
	at com.kms.katalon.core.webui.keyword.builtin.VerifyTextPresentKeyword.execute(VerifyTextPresentKeyword.groovy:68)
	at com.kms.katalon.core.keyword.internal.KeywordExecutor.executeKeywordForPlatform(KeywordExecutor.groovy:74)
	at com.kms.katalon.core.webui.keyword.WebUiBuiltInKeywords.verifyTextPresent(WebUiBuiltInKeywords.groovy:1723)
	at com.kms.katalon.core.webui.keyword.WebUiBuiltInKeywords$verifyTextPresent$8.call(Unknown Source)
	at SaleKeyboard_TP_DCF_App255_Payment_TC.run(SaleKeyboard_TP_DCF_App255_Payment_TC:67)
	at com.kms.katalon.core.main.ScriptEngine.run(ScriptEngine.java:194)
	at com.kms.katalon.core.main.ScriptEngine.runScriptAsRawText(ScriptEngine.java:119)
	at com.kms.katalon.core.main.TestCaseExecutor.runScript(TestCaseExecutor.java:442)
	at com.kms.katalon.core.main.TestCaseExecutor.doExecute(TestCaseExecutor.java:433)
	at com.kms.katalon.core.main.TestCaseExecutor.processExecutionPhase(TestCaseExecutor.java:412)
	at com.kms.katalon.core.main.TestCaseExecutor.accessMainPhase(TestCaseExecutor.java:404)
	at com.kms.katalon.core.main.TestCaseExecutor.execute(TestCaseExecutor.java:281)
	at com.kms.katalon.core.main.TestSuiteExecutor.accessTestCaseMainPhase(TestSuiteExecutor.java:202)
	at com.kms.katalon.core.main.TestSuiteExecutor.accessTestSuiteMainPhase(TestSuiteExecutor.java:164)
	at com.kms.katalon.core.main.TestSuiteExecutor.execute(TestSuiteExecutor.java:105)
	at com.kms.katalon.core.main.TestCaseMain.startTestSuite(TestCaseMain.java:181)
	at com.kms.katalon.core.main.TestCaseMain$startTestSuite$0.call(Unknown Source)
	at TempTestSuite1644638509545.run(TempTestSuite1644638509545.groovy:36)
)

2022-02-11 23:10:55 - [MESSAGE][FAILED] - Text 'UDF1' is not present on page  using regular expression (Root cause: com.kms.katalon.core.exception.StepFailedException: Text 'UDF1' is not present on page  using regular expression
	at com.kms.katalon.core.webui.keyword.internal.WebUIKeywordMain.stepFailed(WebUIKeywordMain.groovy:64)
	at com.kms.katalon.core.webui.keyword.builtin.VerifyTextPresentKeyword$_verifyTextPresent_closure1.doCall(VerifyTextPresentKeyword.groovy:79)
	at com.kms.katalon.core.webui.keyword.builtin.VerifyTextPresentKeyword$_verifyTextPresent_closure1.call(VerifyTextPresentKeyword.groovy)
	at com.kms.katalon.core.webui.keyword.internal.WebUIKeywordMain.runKeyword(WebUIKeywordMain.groovy:20)
	at com.kms.katalon.core.webui.keyword.builtin.VerifyTextPresentKeyword.verifyTextPresent(VerifyTextPresentKeyword.groovy:83)
	at com.kms.katalon.core.webui.keyword.builtin.VerifyTextPresentKeyword.execute(VerifyTextPresentKeyword.groovy:68)
	at com.kms.katalon.core.keyword.internal.KeywordExecutor.executeKeywordForPlatform(KeywordExecutor.groovy:74)
	at com.kms.katalon.core.webui.keyword.WebUiBuiltInKeywords.verifyTextPresent(WebUiBuiltInKeywords.groovy:1723)
	at com.kms.katalon.core.webui.keyword.WebUiBuiltInKeywords$verifyTextPresent$8.call(Unknown Source)
	at SaleKeyboard_TP_DCF_App255_Payment_TC.run(SaleKeyboard_TP_DCF_App255_Payment_TC:67)
	at com.kms.katalon.core.main.ScriptEngine.run(ScriptEngine.java:194)
	at com.kms.katalon.core.main.ScriptEngine.runScriptAsRawText(ScriptEngine.java:119)
	at com.kms.katalon.core.main.TestCaseExecutor.runScript(TestCaseExecutor.java:442)
	at com.kms.katalon.core.main.TestCaseExecutor.doExecute(TestCaseExecutor.java:433)
	at com.kms.katalon.core.main.TestCaseExecutor.processExecutionPhase(TestCaseExecutor.java:412)
	at com.kms.katalon.core.main.TestCaseExecutor.accessMainPhase(TestCaseExecutor.java:404)
	at com.kms.katalon.core.main.TestCaseExecutor.execute(TestCaseExecutor.java:281)
	at com.kms.katalon.core.main.TestSuiteExecutor.accessTestCaseMainPhase(TestSuiteExecutor.java:202)
	at com.kms.katalon.core.main.TestSuiteExecutor.accessTestSuiteMainPhase(TestSuiteExecutor.java:164)
	at com.kms.katalon.core.main.TestSuiteExecutor.execute(TestSuiteExecutor.java:105)
	at com.kms.katalon.core.main.TestCaseMain.startTestSuite(TestCaseMain.java:181)
	at com.kms.katalon.core.main.TestCaseMain$startTestSuite$0.call(Unknown Source)
	at TempTestSuite1644638509545.run(TempTestSuite1644638509545.groovy:36)
)

2022-02-11 23:10:55 - [TEST_STEP][PASSED] - verifyTextPresent("UDF2", true): Text 'UDF2' is present on page  using regular expression

2022-02-11 23:10:55 - [MESSAGE][PASSED] - Text 'UDF2' is present on page  using regular expression

2022-02-11 23:10:55 - [TEST_STEP][PASSED] - verifyTextPresent("UDF3", true): Text 'UDF3' is present on page  using regular expression

2022-02-11 23:10:55 - [MESSAGE][PASSED] - Text 'UDF3' is present on page  using regular expression

2022-02-11 23:10:55 - [TEST_STEP][PASSED] - verifyTextPresent("UDF4", true): Text 'UDF4' is present on page  using regular expression

2022-02-11 23:10:56 - [MESSAGE][PASSED] - Text 'UDF4' is present on page  using regular expression

2022-02-11 23:10:56 - [TEST_STEP][PASSED] - verifyTextPresent("UDF5", true): Text 'UDF5' is present on page  using regular expression

2022-02-11 23:10:56 - [MESSAGE][PASSED] - Text 'UDF5' is present on page  using regular expression

2022-02-11 23:10:56 - [TEST_STEP][PASSED] - verifyTextPresent("UDF6", true): Text 'UDF6' is present on page  using regular expression

2022-02-11 23:10:56 - [MESSAGE][PASSED] - Text 'UDF6' is present on page  using regular expression

2022-02-11 23:10:56 - [TEST_STEP][PASSED] - verifyTextPresent("UDF7", true): Text 'UDF7' is present on page  using regular expression

2022-02-11 23:10:57 - [MESSAGE][PASSED] - Text 'UDF7' is present on page  using regular expression

2022-02-11 23:10:57 - [TEST_STEP][PASSED] - verifyTextPresent("UDF8", true): Text 'UDF8' is present on page  using regular expression

2022-02-11 23:10:57 - [MESSAGE][PASSED] - Text 'UDF8' is present on page  using regular expression

2022-02-11 23:10:57 - [TEST_STEP][PASSED] - verifyTextPresent("UDF9", true): Text 'UDF9' is present on page  using regular expression

2022-02-11 23:10:57 - [MESSAGE][PASSED] - Text 'UDF9' is present on page  using regular expression

2022-02-11 23:10:57 - [TEST_STEP][PASSED] - verifyTextPresent("UDF 10", true): Text 'UDF 10' is present on page  using regular expression

2022-02-11 23:10:58 - [MESSAGE][PASSED] - Text 'UDF 10' is present on page  using regular expression

2022-02-11 23:10:58 - [TEST_STEP][FAILED] - verifyTextPresent("Australia", true): Text 'Australia' is not present on page  using regular expression (Root cause: com.kms.katalon.core.exception.StepFailedException: Text 'Australia' is not present on page  using regular expression
	at com.kms.katalon.core.webui.keyword.internal.WebUIKeywordMain.stepFailed(WebUIKeywordMain.groovy:64)
	at com.kms.katalon.core.webui.keyword.builtin.VerifyTextPresentKeyword$_verifyTextPresent_closure1.doCall(VerifyTextPresentKeyword.groovy:79)
	at com.kms.katalon.core.webui.keyword.builtin.VerifyTextPresentKeyword$_verifyTextPresent_closure1.call(VerifyTextPresentKeyword.groovy)
	at com.kms.katalon.core.webui.keyword.internal.WebUIKeywordMain.runKeyword(WebUIKeywordMain.groovy:20)
	at com.kms.katalon.core.webui.keyword.builtin.VerifyTextPresentKeyword.verifyTextPresent(VerifyTextPresentKeyword.groovy:83)
	at com.kms.katalon.core.webui.keyword.builtin.VerifyTextPresentKeyword.execute(VerifyTextPresentKeyword.groovy:68)
	at com.kms.katalon.core.keyword.internal.KeywordExecutor.executeKeywordForPlatform(KeywordExecutor.groovy:74)
	at com.kms.katalon.core.webui.keyword.WebUiBuiltInKeywords.verifyTextPresent(WebUiBuiltInKeywords.groovy:1723)
	at com.kms.katalon.core.webui.keyword.WebUiBuiltInKeywords$verifyTextPresent$8.call(Unknown Source)
	at SaleKeyboard_TP_DCF_App255_Payment_TC.run(SaleKeyboard_TP_DCF_App255_Payment_TC:78)
	at com.kms.katalon.core.main.ScriptEngine.run(ScriptEngine.java:194)
	at com.kms.katalon.core.main.ScriptEngine.runScriptAsRawText(ScriptEngine.java:119)
	at com.kms.katalon.core.main.TestCaseExecutor.runScript(TestCaseExecutor.java:442)
	at com.kms.katalon.core.main.TestCaseExecutor.doExecute(TestCaseExecutor.java:433)
	at com.kms.katalon.core.main.TestCaseExecutor.processExecutionPhase(TestCaseExecutor.java:412)
	at com.kms.katalon.core.main.TestCaseExecutor.accessMainPhase(TestCaseExecutor.java:404)
	at com.kms.katalon.core.main.TestCaseExecutor.execute(TestCaseExecutor.java:281)
	at com.kms.katalon.core.main.TestSuiteExecutor.accessTestCaseMainPhase(TestSuiteExecutor.java:202)
	at com.kms.katalon.core.main.TestSuiteExecutor.accessTestSuiteMainPhase(TestSuiteExecutor.java:164)
	at com.kms.katalon.core.main.TestSuiteExecutor.execute(TestSuiteExecutor.java:105)
	at com.kms.katalon.core.main.TestCaseMain.startTestSuite(TestCaseMain.java:181)
	at com.kms.katalon.core.main.TestCaseMain$startTestSuite$0.call(Unknown Source)
	at TempTestSuite1644638509545.run(TempTestSuite1644638509545.groovy:36)
)

2022-02-11 23:10:58 - [MESSAGE][FAILED] - Text 'Australia' is not present on page  using regular expression (Root cause: com.kms.katalon.core.exception.StepFailedException: Text 'Australia' is not present on page  using regular expression
	at com.kms.katalon.core.webui.keyword.internal.WebUIKeywordMain.stepFailed(WebUIKeywordMain.groovy:64)
	at com.kms.katalon.core.webui.keyword.builtin.VerifyTextPresentKeyword$_verifyTextPresent_closure1.doCall(VerifyTextPresentKeyword.groovy:79)
	at com.kms.katalon.core.webui.keyword.builtin.VerifyTextPresentKeyword$_verifyTextPresent_closure1.call(VerifyTextPresentKeyword.groovy)
	at com.kms.katalon.core.webui.keyword.internal.WebUIKeywordMain.runKeyword(WebUIKeywordMain.groovy:20)
	at com.kms.katalon.core.webui.keyword.builtin.VerifyTextPresentKeyword.verifyTextPresent(VerifyTextPresentKeyword.groovy:83)
	at com.kms.katalon.core.webui.keyword.builtin.VerifyTextPresentKeyword.execute(VerifyTextPresentKeyword.groovy:68)
	at com.kms.katalon.core.keyword.internal.KeywordExecutor.executeKeywordForPlatform(KeywordExecutor.groovy:74)
	at com.kms.katalon.core.webui.keyword.WebUiBuiltInKeywords.verifyTextPresent(WebUiBuiltInKeywords.groovy:1723)
	at com.kms.katalon.core.webui.keyword.WebUiBuiltInKeywords$verifyTextPresent$8.call(Unknown Source)
	at SaleKeyboard_TP_DCF_App255_Payment_TC.run(SaleKeyboard_TP_DCF_App255_Payment_TC:78)
	at com.kms.katalon.core.main.ScriptEngine.run(ScriptEngine.java:194)
	at com.kms.katalon.core.main.ScriptEngine.runScriptAsRawText(ScriptEngine.java:119)
	at com.kms.katalon.core.main.TestCaseExecutor.runScript(TestCaseExecutor.java:442)
	at com.kms.katalon.core.main.TestCaseExecutor.doExecute(TestCaseExecutor.java:433)
	at com.kms.katalon.core.main.TestCaseExecutor.processExecutionPhase(TestCaseExecutor.java:412)
	at com.kms.katalon.core.main.TestCaseExecutor.accessMainPhase(TestCaseExecutor.java:404)
	at com.kms.katalon.core.main.TestCaseExecutor.execute(TestCaseExecutor.java:281)
	at com.kms.katalon.core.main.TestSuiteExecutor.accessTestCaseMainPhase(TestSuiteExecutor.java:202)
	at com.kms.katalon.core.main.TestSuiteExecutor.accessTestSuiteMainPhase(TestSuiteExecutor.java:164)
	at com.kms.katalon.core.main.TestSuiteExecutor.execute(TestSuiteExecutor.java:105)
	at com.kms.katalon.core.main.TestCaseMain.startTestSuite(TestCaseMain.java:181)
	at com.kms.katalon.core.main.TestCaseMain$startTestSuite$0.call(Unknown Source)
	at TempTestSuite1644638509545.run(TempTestSuite1644638509545.groovy:36)
)

2022-02-11 23:10:58 - [TEST_STEP][PASSED] - verifyTextPresent("Denmark", true): Text 'Denmark' is present on page  using regular expression

2022-02-11 23:10:58 - [MESSAGE][PASSED] - Text 'Denmark' is present on page  using regular expression

2022-02-11 23:10:58 - [TEST_STEP][PASSED] - verifyTextPresent("Sweden", true): Text 'Sweden' is present on page  using regular expression

2022-02-11 23:10:59 - [MESSAGE][PASSED] - Text 'Sweden' is present on page  using regular expression

2022-02-11 23:10:59 - [TEST_STEP][PASSED] - verifyTextPresent("Austria", true): Text 'Austria' is present on page  using regular expression

2022-02-11 23:10:59 - [MESSAGE][PASSED] - Text 'Austria' is present on page  using regular expression

2022-02-11 23:10:59 - [TEST_STEP][PASSED] - verifyTextPresent("Orange Recorded", true): Text 'Orange Recorded' is present on page  using regular expression

2022-02-11 23:10:59 - [MESSAGE][PASSED] - Text 'Orange Recorded' is present on page  using regular expression

2022-02-11 23:10:59 - [TEST_STEP][PASSED] - verifyTextPresent("Yellow Recorded", true): Text 'Yellow Recorded' is present on page  using regular expression

2022-02-11 23:11:00 - [MESSAGE][PASSED] - Text 'Yellow Recorded' is present on page  using regular expression

2022-02-11 23:11:00 - [TEST_STEP][PASSED] - verifyTextPresent("Norway", true): Text 'Norway' is present on page  using regular expression

2022-02-11 23:11:00 - [MESSAGE][PASSED] - Text 'Norway' is present on page  using regular expression

2022-02-11 23:11:00 - [TEST_STEP][PASSED] - verifyTextPresent("Netherlands", true): Text 'Netherlands' is present on page  using regular expression

2022-02-11 23:11:00 - [MESSAGE][PASSED] - Text 'Netherlands' is present on page  using regular expression

2022-02-11 23:11:01 - [TEST_STEP][PASSED] - verifyTextPresent("Switzerland", true): Text 'Switzerland' is present on page  using regular expression

2022-02-11 23:11:01 - [MESSAGE][PASSED] - Text 'Switzerland' is present on page  using regular expression

2022-02-11 23:11:01 - [TEST_STEP][PASSED] - verifyTextPresent("France", true): Text 'France' is present on page  using regular expression

2022-02-11 23:11:01 - [MESSAGE][PASSED] - Text 'France' is present on page  using regular expression

2022-02-11 23:11:01 - [TEST_STEP][PASSED] - verifyTextPresent("Amount", true): Text 'Amount' is present on page  using regular expression

2022-02-11 23:11:01 - [MESSAGE][PASSED] - Text 'Amount' is present on page  using regular expression

2022-02-11 23:11:01 - [TEST_STEP][PASSED] - verifyTextPresent("Convenience Fee", true): Text 'Convenience Fee' is present on page  using regular expression

2022-02-11 23:11:02 - [MESSAGE][PASSED] - Text 'Convenience Fee' is present on page  using regular expression

2022-02-11 23:11:02 - [TEST_STEP][PASSED] - verifyTextPresent("Convenience Fee Type", true): Text 'Convenience Fee Type' is present on page  using regular expression

2022-02-11 23:11:02 - [MESSAGE][PASSED] - Text 'Convenience Fee Type' is present on page  using regular expression

2022-02-11 23:11:02 - [TEST_STEP][PASSED] - verifyTextPresent("Total Amount", true): Text 'Total Amount' is present on page  using regular expression

2022-02-11 23:11:03 - [MESSAGE][PASSED] - Text 'Total Amount' is present on page  using regular expression

2022-02-11 23:11:03 - [TEST_STEP][PASSED] - verifyTextPresent("Transaction Type", true): Text 'Transaction Type' is present on page  using regular expression

2022-02-11 23:11:03 - [MESSAGE][PASSED] - Text 'Transaction Type' is present on page  using regular expression

2022-02-11 23:11:03 - [TEST_STEP][PASSED] - verifyTextPresent("10.50", true): Text '10.50' is present on page  using regular expression

2022-02-11 23:11:03 - [MESSAGE][PASSED] - Text '10.50' is present on page  using regular expression

2022-02-11 23:11:03 - [TEST_STEP][PASSED] - verifyTextPresent("5.00", true): Text '5.00' is present on page  using regular expression

2022-02-11 23:11:04 - [MESSAGE][PASSED] - Text '5.00' is present on page  using regular expression

2022-02-11 23:11:04 - [TEST_STEP][PASSED] - verifyTextPresent("Dual Transaction", true): Text 'Dual Transaction' is present on page  using regular expression

2022-02-11 23:11:04 - [MESSAGE][PASSED] - Text 'Dual Transaction' is present on page  using regular expression

2022-02-11 23:11:04 - [TEST_STEP][PASSED] - verifyTextPresent("15.50", true): Text '15.50' is present on page  using regular expression

2022-02-11 23:11:04 - [MESSAGE][PASSED] - Text '15.50' is present on page  using regular expression

2022-02-11 23:11:04 - [TEST_STEP][PASSED] - verifyTextPresent("Authorization and Capture", true): Text 'Authorization and Capture' is present on page  using regular expression

2022-02-11 23:11:05 - [MESSAGE][PASSED] - Text 'Authorization and Capture' is present on page  using regular expression

2022-02-11 23:11:05 - [TEST_STEP][PASSED] - verifyTextPresent("Card Information", true): Text 'Card Information' is present on page  using regular expression

2022-02-11 23:11:05 - [MESSAGE][PASSED] - Text 'Card Information' is present on page  using regular expression

2022-02-11 23:11:05 - [TEST_STEP][PASSED] - verifyTextPresent("SHIV HARI", true): Text 'SHIV HARI' is present on page  using regular expression

2022-02-11 23:11:05 - [MESSAGE][PASSED] - Text 'SHIV HARI' is present on page  using regular expression

2022-02-11 23:11:05 - [TEST_STEP][PASSED] - switch (cardNumbers[i]): null

2022-02-11 23:11:05 - [TEST_STEP][PASSED] - case "6011000993026909":: null

2022-02-11 23:11:05 - [TEST_STEP][PASSED] - verifyTextPresent("Discover", true): Text 'Discover' is present on page  using regular expression

2022-02-11 23:11:06 - [MESSAGE][PASSED] - Text 'Discover' is present on page  using regular expression

2022-02-11 23:11:06 - [TEST_STEP][PASSED] - verifyTextPresent("6909", true): Text '6909' is present on page  using regular expression

2022-02-11 23:11:06 - [MESSAGE][PASSED] - Text '6909' is present on page  using regular expression

2022-02-11 23:11:06 - [TEST_STEP][PASSED] - break: null

2022-02-11 23:11:06 - [TEST_STEP][PASSED] - verifyTextPresent("Address Line 1", true): Text 'Address Line 1' is present on page  using regular expression

2022-02-11 23:11:06 - [MESSAGE][PASSED] - Text 'Address Line 1' is present on page  using regular expression

2022-02-11 23:11:06 - [TEST_STEP][PASSED] - verifyTextPresent("Address Line 2", true): Text 'Address Line 2' is present on page  using regular expression

2022-02-11 23:11:07 - [MESSAGE][PASSED] - Text 'Address Line 2' is present on page  using regular expression

2022-02-11 23:11:07 - [TEST_STEP][PASSED] - verifyTextPresent("Country", true): Text 'Country' is present on page  using regular expression

2022-02-11 23:11:07 - [MESSAGE][PASSED] - Text 'Country' is present on page  using regular expression

2022-02-11 23:11:07 - [TEST_STEP][PASSED] - verifyTextPresent("City", true): Text 'City' is present on page  using regular expression

2022-02-11 23:11:07 - [MESSAGE][PASSED] - Text 'City' is present on page  using regular expression

2022-02-11 23:11:07 - [TEST_STEP][PASSED] - verifyTextPresent("State", true): Text 'State' is present on page  using regular expression

2022-02-11 23:11:08 - [MESSAGE][PASSED] - Text 'State' is present on page  using regular expression

2022-02-11 23:11:08 - [TEST_STEP][PASSED] - verifyTextPresent("ZIP Code", true): Text 'ZIP Code' is present on page  using regular expression

2022-02-11 23:11:08 - [MESSAGE][PASSED] - Text 'ZIP Code' is present on page  using regular expression

2022-02-11 23:11:08 - [TEST_STEP][PASSED] - verifyTextPresent("2311 York road", true): Text '2311 York road' is present on page  using regular expression

2022-02-11 23:11:08 - [MESSAGE][PASSED] - Text '2311 York road' is present on page  using regular expression

2022-02-11 23:11:08 - [TEST_STEP][PASSED] - verifyTextPresent("Suite 500", true): Text 'Suite 500' is present on page  using regular expression

2022-02-11 23:11:09 - [MESSAGE][PASSED] - Text 'Suite 500' is present on page  using regular expression

2022-02-11 23:11:09 - [TEST_STEP][PASSED] - verifyTextPresent("United States", true): Text 'United States' is present on page  using regular expression

2022-02-11 23:11:09 - [MESSAGE][PASSED] - Text 'United States' is present on page  using regular expression

2022-02-11 23:11:09 - [TEST_STEP][PASSED] - verifyTextPresent("LUTHERVILLE TIMONIUM", true): Text 'LUTHERVILLE TIMONIUM' is present on page  using regular expression

2022-02-11 23:11:09 - [MESSAGE][PASSED] - Text 'LUTHERVILLE TIMONIUM' is present on page  using regular expression

2022-02-11 23:11:09 - [TEST_STEP][PASSED] - verifyTextPresent("Maryland", true): Text 'Maryland' is present on page  using regular expression

2022-02-11 23:11:10 - [MESSAGE][PASSED] - Text 'Maryland' is present on page  using regular expression

2022-02-11 23:11:10 - [TEST_STEP][PASSED] - verifyTextPresent("21093", true): Text '21093' is present on page  using regular expression

2022-02-11 23:11:10 - [MESSAGE][PASSED] - Text '21093' is present on page  using regular expression]]></system-out>
         <system-err><![CDATA[2022-02-11 23:07:39 - [TEST_CASE][FAILED] - Test Cases/Admin Suite Bootstrap/VT_TestCases/SaleKeyboard_TP_DCF_App255_Payment_TC: Test Cases/Admin Suite Bootstrap/VT_TestCases/SaleKeyboard_TP_DCF_App255_Payment_TC FAILED.
Reason:
com.kms.katalon.core.exception.StepFailedException: Text 'UDF1' is not present on page  using regular expression (Root cause: com.kms.katalon.core.exception.StepFailedException: Text 'UDF1' is not present on page  using regular expression
	at com.kms.katalon.core.webui.keyword.internal.WebUIKeywordMain.stepFailed(WebUIKeywordMain.groovy:64)
	at com.kms.katalon.core.webui.keyword.builtin.VerifyTextPresentKeyword$_verifyTextPresent_closure1.doCall(VerifyTextPresentKeyword.groovy:79)
	at com.kms.katalon.core.webui.keyword.builtin.VerifyTextPresentKeyword$_verifyTextPresent_closure1.call(VerifyTextPresentKeyword.groovy)
	at com.kms.katalon.core.webui.keyword.internal.WebUIKeywordMain.runKeyword(WebUIKeywordMain.groovy:20)
	at com.kms.katalon.core.webui.keyword.builtin.VerifyTextPresentKeyword.verifyTextPresent(VerifyTextPresentKeyword.groovy:83)
	at com.kms.katalon.core.webui.keyword.builtin.VerifyTextPresentKeyword.execute(VerifyTextPresentKeyword.groovy:68)
	at com.kms.katalon.core.keyword.internal.KeywordExecutor.executeKeywordForPlatform(KeywordExecutor.groovy:74)
	at com.kms.katalon.core.webui.keyword.WebUiBuiltInKeywords.verifyTextPresent(WebUiBuiltInKeywords.groovy:1723)
	at com.kms.katalon.core.webui.keyword.WebUiBuiltInKeywords$verifyTextPresent$8.call(Unknown Source)
	at SaleKeyboard_TP_DCF_App255_Payment_TC.run(SaleKeyboard_TP_DCF_App255_Payment_TC:67)
	at com.kms.katalon.core.main.ScriptEngine.run(ScriptEngine.java:194)
	at com.kms.katalon.core.main.ScriptEngine.runScriptAsRawText(ScriptEngine.java:119)
	at com.kms.katalon.core.main.TestCaseExecutor.runScript(TestCaseExecutor.java:442)
	at com.kms.katalon.core.main.TestCaseExecutor.doExecute(TestCaseExecutor.java:433)
	at com.kms.katalon.core.main.TestCaseExecutor.processExecutionPhase(TestCaseExecutor.java:412)
	at com.kms.katalon.core.main.TestCaseExecutor.accessMainPhase(TestCaseExecutor.java:404)
	at com.kms.katalon.core.main.TestCaseExecutor.execute(TestCaseExecutor.java:281)
	at com.kms.katalon.core.main.TestSuiteExecutor.accessTestCaseMainPhase(TestSuiteExecutor.java:202)
	at com.kms.katalon.core.main.TestSuiteExecutor.accessTestSuiteMainPhase(TestSuiteExecutor.java:164)
	at com.kms.katalon.core.main.TestSuiteExecutor.execute(TestSuiteExecutor.java:105)
	at com.kms.katalon.core.main.TestCaseMain.startTestSuite(TestCaseMain.java:181)
	at com.kms.katalon.core.main.TestCaseMain$startTestSuite$0.call(Unknown Source)
	at TempTestSuite1644638509545.run(TempTestSuite1644638509545.groovy:36)
)
	at com.kms.katalon.core.keyword.internal.KeywordMain.stepFailed(KeywordMain.groovy:39)
	at com.kms.katalon.core.webui.keyword.internal.WebUIKeywordMain.stepFailed(WebUIKeywordMain.groovy:64)
	at com.kms.katalon.core.webui.keyword.builtin.VerifyTextPresentKeyword$_verifyTextPresent_closure1.doCall(VerifyTextPresentKeyword.groovy:79)
	at com.kms.katalon.core.webui.keyword.builtin.VerifyTextPresentKeyword$_verifyTextPresent_closure1.call(VerifyTextPresentKeyword.groovy)
	at com.kms.katalon.core.webui.keyword.internal.WebUIKeywordMain.runKeyword(WebUIKeywordMain.groovy:20)
	at com.kms.katalon.core.webui.keyword.builtin.VerifyTextPresentKeyword.verifyTextPresent(VerifyTextPresentKeyword.groovy:83)
	at com.kms.katalon.core.webui.keyword.builtin.VerifyTextPresentKeyword.execute(VerifyTextPresentKeyword.groovy:68)
	at com.kms.katalon.core.keyword.internal.KeywordExecutor.executeKeywordForPlatform(KeywordExecutor.groovy:74)
	at com.kms.katalon.core.webui.keyword.WebUiBuiltInKeywords.verifyTextPresent(WebUiBuiltInKeywords.groovy:1723)
	at com.kms.katalon.core.webui.keyword.WebUiBuiltInKeywords$verifyTextPresent$8.call(Unknown Source)
	at SaleKeyboard_TP_DCF_App255_Payment_TC.run(SaleKeyboard_TP_DCF_App255_Payment_TC:67)
	at com.kms.katalon.core.main.ScriptEngine.run(ScriptEngine.java:194)
	at com.kms.katalon.core.main.ScriptEngine.runScriptAsRawText(ScriptEngine.java:119)
	at com.kms.katalon.core.main.TestCaseExecutor.runScript(TestCaseExecutor.java:442)
	at com.kms.katalon.core.main.TestCaseExecutor.doExecute(TestCaseExecutor.java:433)
	at com.kms.katalon.core.main.TestCaseExecutor.processExecutionPhase(TestCaseExecutor.java:412)
	at com.kms.katalon.core.main.TestCaseExecutor.accessMainPhase(TestCaseExecutor.java:404)
	at com.kms.katalon.core.main.TestCaseExecutor.execute(TestCaseExecutor.java:281)
	at com.kms.katalon.core.main.TestSuiteExecutor.accessTestCaseMainPhase(TestSuiteExecutor.java:202)
	at com.kms.katalon.core.main.TestSuiteExecutor.accessTestSuiteMainPhase(TestSuiteExecutor.java:164)
	at com.kms.katalon.core.main.TestSuiteExecutor.execute(TestSuiteExecutor.java:105)
	at com.kms.katalon.core.main.TestCaseMain.startTestSuite(TestCaseMain.java:181)
	at com.kms.katalon.core.main.TestCaseMain$startTestSuite$0.call(Unknown Source)
	at TempTestSuite1644638509545.run(TempTestSuite1644638509545.groovy:36)
Caused by: com.kms.katalon.core.exception.StepFailedException: Text 'UDF1' is not present on page  using regular expression
	... 23 more]]></system-err>
      </testcase>
      <system-out><![CDATA[2022-02-11 23:04:03 - [TEST_SUITE][FAILED] - AdminSuiteBootstrap_Payments_TestSuite: Test Cases/Admin Suite Bootstrap/VT_TestCases/SaleKeyboard_TP_SCF_App238_Payment_TC FAILED.
Reason:
com.kms.katalon.core.exception.StepFailedException: Text 'UDF1' is not present on page  using regular expression (Root cause: com.kms.katalon.core.exception.StepFailedException: Text 'UDF1' is not present on page  using regular expression
	at com.kms.katalon.core.webui.keyword.internal.WebUIKeywordMain.stepFailed(WebUIKeywordMain.groovy:64)
	at com.kms.katalon.core.webui.keyword.builtin.VerifyTextPresentKeyword$_verifyTextPresent_closure1.doCall(VerifyTextPresentKeyword.groovy:79)
	at com.kms.katalon.core.webui.keyword.builtin.VerifyTextPresentKeyword$_verifyTextPresent_closure1.call(VerifyTextPresentKeyword.groovy)
	at com.kms.katalon.core.webui.keyword.internal.WebUIKeywordMain.runKeyword(WebUIKeywordMain.groovy:20)
	at com.kms.katalon.core.webui.keyword.builtin.VerifyTextPresentKeyword.verifyTextPresent(VerifyTextPresentKeyword.groovy:83)
	at com.kms.katalon.core.webui.keyword.builtin.VerifyTextPresentKeyword.execute(VerifyTextPresentKeyword.groovy:68)
	at com.kms.katalon.core.keyword.internal.KeywordExecutor.executeKeywordForPlatform(KeywordExecutor.groovy:74)
	at com.kms.katalon.core.webui.keyword.WebUiBuiltInKeywords.verifyTextPresent(WebUiBuiltInKeywords.groovy:1723)
	at com.kms.katalon.core.webui.keyword.WebUiBuiltInKeywords$verifyTextPresent$8.call(Unknown Source)
	at SaleKeyboard_TP_SCF_App238_Payment_TC.run(SaleKeyboard_TP_SCF_App238_Payment_TC:66)
	at com.kms.katalon.core.main.ScriptEngine.run(ScriptEngine.java:194)
	at com.kms.katalon.core.main.ScriptEngine.runScriptAsRawText(ScriptEngine.java:119)
	at com.kms.katalon.core.main.TestCaseExecutor.runScript(TestCaseExecutor.java:442)
	at com.kms.katalon.core.main.TestCaseExecutor.doExecute(TestCaseExecutor.java:433)
	at com.kms.katalon.core.main.TestCaseExecutor.processExecutionPhase(TestCaseExecutor.java:412)
	at com.kms.katalon.core.main.TestCaseExecutor.accessMainPhase(TestCaseExecutor.java:404)
	at com.kms.katalon.core.main.TestCaseExecutor.execute(TestCaseExecutor.java:281)
	at com.kms.katalon.core.main.TestSuiteExecutor.accessTestCaseMainPhase(TestSuiteExecutor.java:202)
	at com.kms.katalon.core.main.TestSuiteExecutor.accessTestSuiteMainPhase(TestSuiteExecutor.java:164)
	at com.kms.katalon.core.main.TestSuiteExecutor.execute(TestSuiteExecutor.java:105)
	at com.kms.katalon.core.main.TestCaseMain.startTestSuite(TestCaseMain.java:181)
	at com.kms.katalon.core.main.TestCaseMain$startTestSuite$0.call(Unknown Source)
	at TempTestSuite1644638509545.run(TempTestSuite1644638509545.groovy:36)
)
	at com.kms.katalon.core.keyword.internal.KeywordMain.stepFailed(KeywordMain.groovy:39)
	at com.kms.katalon.core.webui.keyword.internal.WebUIKeywordMain.stepFailed(WebUIKeywordMain.groovy:64)
	at com.kms.katalon.core.webui.keyword.builtin.VerifyTextPresentKeyword$_verifyTextPresent_closure1.doCall(VerifyTextPresentKeyword.groovy:79)
	at com.kms.katalon.core.webui.keyword.builtin.VerifyTextPresentKeyword$_verifyTextPresent_closure1.call(VerifyTextPresentKeyword.groovy)
	at com.kms.katalon.core.webui.keyword.internal.WebUIKeywordMain.runKeyword(WebUIKeywordMain.groovy:20)
	at com.kms.katalon.core.webui.keyword.builtin.VerifyTextPresentKeyword.verifyTextPresent(VerifyTextPresentKeyword.groovy:83)
	at com.kms.katalon.core.webui.keyword.builtin.VerifyTextPresentKeyword.execute(VerifyTextPresentKeyword.groovy:68)
	at com.kms.katalon.core.keyword.internal.KeywordExecutor.executeKeywordForPlatform(KeywordExecutor.groovy:74)
	at com.kms.katalon.core.webui.keyword.WebUiBuiltInKeywords.verifyTextPresent(WebUiBuiltInKeywords.groovy:1723)
	at com.kms.katalon.core.webui.keyword.WebUiBuiltInKeywords$verifyTextPresent$8.call(Unknown Source)
	at SaleKeyboard_TP_SCF_App238_Payment_TC.run(SaleKeyboard_TP_SCF_App238_Payment_TC:66)
	at com.kms.katalon.core.main.ScriptEngine.run(ScriptEngine.java:194)
	at com.kms.katalon.core.main.ScriptEngine.runScriptAsRawText(ScriptEngine.java:119)
	at com.kms.katalon.core.main.TestCaseExecutor.runScript(TestCaseExecutor.java:442)
	at com.kms.katalon.core.main.TestCaseExecutor.doExecute(TestCaseExecutor.java:433)
	at com.kms.katalon.core.main.TestCaseExecutor.processExecutionPhase(TestCaseExecutor.java:412)
	at com.kms.katalon.core.main.TestCaseExecutor.accessMainPhase(TestCaseExecutor.java:404)
	at com.kms.katalon.core.main.TestCaseExecutor.execute(TestCaseExecutor.java:281)
	at com.kms.katalon.core.main.TestSuiteExecutor.accessTestCaseMainPhase(TestSuiteExecutor.java:202)
	at com.kms.katalon.core.main.TestSuiteExecutor.accessTestSuiteMainPhase(TestSuiteExecutor.java:164)
	at com.kms.katalon.core.main.TestSuiteExecutor.execute(TestSuiteExecutor.java:105)
	at com.kms.katalon.core.main.TestCaseMain.startTestSuite(TestCaseMain.java:181)
	at com.kms.katalon.core.main.TestCaseMain$startTestSuite$0.call(Unknown Source)
	at TempTestSuite1644638509545.run(TempTestSuite1644638509545.groovy:36)
Caused by: com.kms.katalon.core.exception.StepFailedException: Text 'UDF1' is not present on page  using regular expression
	... 23 more]]></system-out>
      <system-err><![CDATA[2022-02-11 23:04:03 - [TEST_SUITE][FAILED] - AdminSuiteBootstrap_Payments_TestSuite: Test Cases/Admin Suite Bootstrap/VT_TestCases/SaleKeyboard_TP_SCF_App238_Payment_TC FAILED.
Reason:
com.kms.katalon.core.exception.StepFailedException: Text 'UDF1' is not present on page  using regular expression (Root cause: com.kms.katalon.core.exception.StepFailedException: Text 'UDF1' is not present on page  using regular expression
	at com.kms.katalon.core.webui.keyword.internal.WebUIKeywordMain.stepFailed(WebUIKeywordMain.groovy:64)
	at com.kms.katalon.core.webui.keyword.builtin.VerifyTextPresentKeyword$_verifyTextPresent_closure1.doCall(VerifyTextPresentKeyword.groovy:79)
	at com.kms.katalon.core.webui.keyword.builtin.VerifyTextPresentKeyword$_verifyTextPresent_closure1.call(VerifyTextPresentKeyword.groovy)
	at com.kms.katalon.core.webui.keyword.internal.WebUIKeywordMain.runKeyword(WebUIKeywordMain.groovy:20)
	at com.kms.katalon.core.webui.keyword.builtin.VerifyTextPresentKeyword.verifyTextPresent(VerifyTextPresentKeyword.groovy:83)
	at com.kms.katalon.core.webui.keyword.builtin.VerifyTextPresentKeyword.execute(VerifyTextPresentKeyword.groovy:68)
	at com.kms.katalon.core.keyword.internal.KeywordExecutor.executeKeywordForPlatform(KeywordExecutor.groovy:74)
	at com.kms.katalon.core.webui.keyword.WebUiBuiltInKeywords.verifyTextPresent(WebUiBuiltInKeywords.groovy:1723)
	at com.kms.katalon.core.webui.keyword.WebUiBuiltInKeywords$verifyTextPresent$8.call(Unknown Source)
	at SaleKeyboard_TP_SCF_App238_Payment_TC.run(SaleKeyboard_TP_SCF_App238_Payment_TC:66)
	at com.kms.katalon.core.main.ScriptEngine.run(ScriptEngine.java:194)
	at com.kms.katalon.core.main.ScriptEngine.runScriptAsRawText(ScriptEngine.java:119)
	at com.kms.katalon.core.main.TestCaseExecutor.runScript(TestCaseExecutor.java:442)
	at com.kms.katalon.core.main.TestCaseExecutor.doExecute(TestCaseExecutor.java:433)
	at com.kms.katalon.core.main.TestCaseExecutor.processExecutionPhase(TestCaseExecutor.java:412)
	at com.kms.katalon.core.main.TestCaseExecutor.accessMainPhase(TestCaseExecutor.java:404)
	at com.kms.katalon.core.main.TestCaseExecutor.execute(TestCaseExecutor.java:281)
	at com.kms.katalon.core.main.TestSuiteExecutor.accessTestCaseMainPhase(TestSuiteExecutor.java:202)
	at com.kms.katalon.core.main.TestSuiteExecutor.accessTestSuiteMainPhase(TestSuiteExecutor.java:164)
	at com.kms.katalon.core.main.TestSuiteExecutor.execute(TestSuiteExecutor.java:105)
	at com.kms.katalon.core.main.TestCaseMain.startTestSuite(TestCaseMain.java:181)
	at com.kms.katalon.core.main.TestCaseMain$startTestSuite$0.call(Unknown Source)
	at TempTestSuite1644638509545.run(TempTestSuite1644638509545.groovy:36)
)
	at com.kms.katalon.core.keyword.internal.KeywordMain.stepFailed(KeywordMain.groovy:39)
	at com.kms.katalon.core.webui.keyword.internal.WebUIKeywordMain.stepFailed(WebUIKeywordMain.groovy:64)
	at com.kms.katalon.core.webui.keyword.builtin.VerifyTextPresentKeyword$_verifyTextPresent_closure1.doCall(VerifyTextPresentKeyword.groovy:79)
	at com.kms.katalon.core.webui.keyword.builtin.VerifyTextPresentKeyword$_verifyTextPresent_closure1.call(VerifyTextPresentKeyword.groovy)
	at com.kms.katalon.core.webui.keyword.internal.WebUIKeywordMain.runKeyword(WebUIKeywordMain.groovy:20)
	at com.kms.katalon.core.webui.keyword.builtin.VerifyTextPresentKeyword.verifyTextPresent(VerifyTextPresentKeyword.groovy:83)
	at com.kms.katalon.core.webui.keyword.builtin.VerifyTextPresentKeyword.execute(VerifyTextPresentKeyword.groovy:68)
	at com.kms.katalon.core.keyword.internal.KeywordExecutor.executeKeywordForPlatform(KeywordExecutor.groovy:74)
	at com.kms.katalon.core.webui.keyword.WebUiBuiltInKeywords.verifyTextPresent(WebUiBuiltInKeywords.groovy:1723)
	at com.kms.katalon.core.webui.keyword.WebUiBuiltInKeywords$verifyTextPresent$8.call(Unknown Source)
	at SaleKeyboard_TP_SCF_App238_Payment_TC.run(SaleKeyboard_TP_SCF_App238_Payment_TC:66)
	at com.kms.katalon.core.main.ScriptEngine.run(ScriptEngine.java:194)
	at com.kms.katalon.core.main.ScriptEngine.runScriptAsRawText(ScriptEngine.java:119)
	at com.kms.katalon.core.main.TestCaseExecutor.runScript(TestCaseExecutor.java:442)
	at com.kms.katalon.core.main.TestCaseExecutor.doExecute(TestCaseExecutor.java:433)
	at com.kms.katalon.core.main.TestCaseExecutor.processExecutionPhase(TestCaseExecutor.java:412)
	at com.kms.katalon.core.main.TestCaseExecutor.accessMainPhase(TestCaseExecutor.java:404)
	at com.kms.katalon.core.main.TestCaseExecutor.execute(TestCaseExecutor.java:281)
	at com.kms.katalon.core.main.TestSuiteExecutor.accessTestCaseMainPhase(TestSuiteExecutor.java:202)
	at com.kms.katalon.core.main.TestSuiteExecutor.accessTestSuiteMainPhase(TestSuiteExecutor.java:164)
	at com.kms.katalon.core.main.TestSuiteExecutor.execute(TestSuiteExecutor.java:105)
	at com.kms.katalon.core.main.TestCaseMain.startTestSuite(TestCaseMain.java:181)
	at com.kms.katalon.core.main.TestCaseMain$startTestSuite$0.call(Unknown Source)
	at TempTestSuite1644638509545.run(TempTestSuite1644638509545.groovy:36)
Caused by: com.kms.katalon.core.exception.StepFailedException: Text 'UDF1' is not present on page  using regular expression
	... 23 more]]></system-err>
   </testsuite>
</testsuites>
