<?xml version="1.0" encoding="UTF-8"?>
<testsuites name="RAD_UI_TestSuite" time="3574.835" tests="13" failures="4" errors="0">
   <testsuite name="RAD_UI_TestSuite" tests="13" failures="4" errors="0" time="3574.835" skipped="0" timestamp="2024-11-07 17:37:09" hostname="imtiaz - DESKTOP-B2QI6NS.govolution.com" id="Test Suites/RAD_TestSuite/RAD_UI_TestSuite">
      <properties>
         <property name="deviceName" value=""/>
         <property name="devicePlatform" value=""/>
         <property name="logFolder" value="E:\\Cloned-Project-Katalon\\VPS-Katalon\\Reports\\20241107_173700\\RAD_TestSuite\\RAD_UI_TestSuite\\20241107_173700"/>
         <property name="logFiles" value="E:\\Cloned-Project-Katalon\\VPS-Katalon\\Reports\\20241107_173700\\RAD_TestSuite\\RAD_UI_TestSuite\\20241107_173700\\execution0.log, E:\\Cloned-Project-Katalon\\VPS-Katalon\\Reports\\20241107_173700\\RAD_TestSuite\\RAD_UI_TestSuite\\20241107_173700\\execution1.log"/>
         <property name="attachments" value="E:\\Cloned-Project-Katalon\\VPS-Katalon\\Reports\\20241107_173700\\RAD_TestSuite\\RAD_UI_TestSuite\\20241107_173700\\1731019515810.png, E:\\Cloned-Project-Katalon\\VPS-Katalon\\Reports\\20241107_173700\\RAD_TestSuite\\RAD_UI_TestSuite\\20241107_173700\\1731022290219.png, E:\\Cloned-Project-Katalon\\VPS-Katalon\\Reports\\20241107_173700\\RAD_TestSuite\\RAD_UI_TestSuite\\20241107_173700\\1731022296826.png, E:\\Cloned-Project-Katalon\\VPS-Katalon\\Reports\\20241107_173700\\RAD_TestSuite\\RAD_UI_TestSuite\\20241107_173700\\1731022297571.png, E:\\Cloned-Project-Katalon\\VPS-Katalon\\Reports\\20241107_173700\\RAD_TestSuite\\RAD_UI_TestSuite\\20241107_173700\\1731022414135.png, E:\\Cloned-Project-Katalon\\VPS-Katalon\\Reports\\20241107_173700\\RAD_TestSuite\\RAD_UI_TestSuite\\20241107_173700\\1731022417013.png, E:\\Cloned-Project-Katalon\\VPS-Katalon\\Reports\\20241107_173700\\RAD_TestSuite\\RAD_UI_TestSuite\\20241107_173700\\1731022417724.png, E:\\Cloned-Project-Katalon\\VPS-Katalon\\Reports\\20241107_173700\\RAD_TestSuite\\RAD_UI_TestSuite\\20241107_173700\\1731022433619.png, E:\\Cloned-Project-Katalon\\VPS-Katalon\\Reports\\20241107_173700\\RAD_TestSuite\\RAD_UI_TestSuite\\20241107_173700\\1731022436518.png, E:\\Cloned-Project-Katalon\\VPS-Katalon\\Reports\\20241107_173700\\RAD_TestSuite\\RAD_UI_TestSuite\\20241107_173700\\1731022437212.png, E:\\Cloned-Project-Katalon\\VPS-Katalon\\Reports\\20241107_173700\\RAD_TestSuite\\RAD_UI_TestSuite\\20241107_173700\\1731022453979.png, E:\\Cloned-Project-Katalon\\VPS-Katalon\\Reports\\20241107_173700\\RAD_TestSuite\\RAD_UI_TestSuite\\20241107_173700\\1731022456962.png, E:\\Cloned-Project-Katalon\\VPS-Katalon\\Reports\\20241107_173700\\RAD_TestSuite\\RAD_UI_TestSuite\\20241107_173700\\1731022457667.png"/>
         <property name="hostName" value="imtiaz - DESKTOP-B2QI6NS.govolution.com"/>
         <property name="os" value="Windows 10 64bit"/>
         <property name="katalonVersion" value="8.6.9.208"/>
         <property name="browser" value="Chrome 130.0.0.0"/>
         <property name="hostAddress" value="172.31.253.185"/>
         <property name="sessionId" value="878e7455578cbe273ad6f52581295507"/>
         <property name="seleniumVersion" value="3.141.59"/>
         <property name="proxyInformation" value="ProxyInformation { proxyOption=NO_PROXY, proxyServerType=HTTP, username=, password=********, proxyServerAddress=, proxyServerPort=0, executionList=&quot;&quot;, isApplyToDesiredCapabilities=true }"/>
         <property name="platform" value="Windows 10"/>
      </properties>
      <testcase name="Test Cases/RAD_TestCases/UI_TestCases/Existing/ExistingLiability_UI_TC" time="30.588" classname="Test Cases/RAD_TestCases/UI_TestCases/Existing/ExistingLiability_UI_TC" status="PASSED">
         <system-out><![CDATA[2024-11-07 17:37:09 - [TEST_CASE][PASSED] - Test Cases/RAD_TestCases/UI_TestCases/Existing/ExistingLiability_UI_TC: Test Cases/RAD_TestCases/UI_TestCases/Existing/ExistingLiability_UI_TC

2024-11-07 17:37:10 - [TEST_STEP][PASSED] - openBrowser(""): Browser is opened with url: ''

2024-11-07 17:37:11 - [MESSAGE][INFO] - Starting 'Chrome' driver

2024-11-07 17:37:11 - [MESSAGE][INFO] - User set preference: ['acceptInsecureCerts', 'true']

2024-11-07 17:37:11 - [MESSAGE][INFO] - Action delay is set to 0 milliseconds

2024-11-07 17:37:16 - [MESSAGE][PASSED] - Browser is opened with url: ''

2024-11-07 17:37:16 - [TEST_STEP][PASSED] - maximizeWindow(): Current window maximized

2024-11-07 17:37:16 - [MESSAGE][PASSED] - Current window maximized

2024-11-07 17:37:16 - [TEST_STEP][PASSED] - navigateToUrl(RADurl): Navigate to 'https://www.velocitypayment.com/client/rad/index.html' successfully

2024-11-07 17:37:19 - [MESSAGE][PASSED] - Navigate to 'https://www.velocitypayment.com/client/rad/index.html' successfully

2024-11-07 17:37:19 - [TEST_STEP][PASSED] - orPath_Landing = "Object Repository/RAD_Pages/Landing_Page": null

2024-11-07 17:37:19 - [TEST_STEP][PASSED] - orPath_TaxTypeFilingYear = "Object Repository/RAD_Pages/TaxTypeFilingYear_Page": null

2024-11-07 17:37:19 - [TEST_STEP][PASSED] - orPath_TaxPayer = "Object Repository/RAD_Pages/Taxpayer_Page": null

2024-11-07 17:37:19 - [TEST_STEP][PASSED] - orPath_AddressContact = "Object Repository/RAD_Pages/AddressAndContactInfo_Page": null

2024-11-07 17:37:19 - [TEST_STEP][PASSED] - orPath_TaxInfo = "Object Repository/RAD_Pages/TaxInfo_Page": null

2024-11-07 17:37:19 - [TEST_STEP][PASSED] - orPath_Withholding = "Object Repository/RAD_Pages/Withholding_Page": null

2024-11-07 17:37:19 - [TEST_STEP][PASSED] - orPath_FilingStatus = "Object Repository/RAD_Pages/FilingStatus_Page": null

2024-11-07 17:37:19 - [TEST_STEP][PASSED] - orPath_Amount = "Object Repository/RAD_Pages/PaymentAmount_Page": null

2024-11-07 17:37:19 - [TEST_STEP][PASSED] - orPath_SalesTaxReturnInfo = "Object Repository/RAD_Pages/SalesTaxReturnInfo_Page": null

2024-11-07 17:37:19 - [TEST_STEP][PASSED] - selectOptionByLabel(findTestObject(orPath_Landing + "/dd_TaxType"), "Existing Liability with Notice/Invoice Number", false): All options with label 'Existing Liability with Notice/Invoice Number' are selected in object 'Object Repository/RAD_Pages/Landing_Page/dd_TaxType' 

2024-11-07 17:37:21 - [MESSAGE][PASSED] - All options with label 'Existing Liability with Notice/Invoice Number' are selected in object 'Object Repository/RAD_Pages/Landing_Page/dd_TaxType' 

2024-11-07 17:37:21 - [TEST_STEP][PASSED] - verifyElementPresent(findTestObject(orPath_TaxTypeFilingYear + "/select_TaxType_ExistingLiability"), 30): Object 'Object Repository/RAD_Pages/TaxTypeFilingYear_Page/select_TaxType_ExistingLiability' is present

2024-11-07 17:37:21 - [MESSAGE][PASSED] - Object 'Object Repository/RAD_Pages/TaxTypeFilingYear_Page/select_TaxType_ExistingLiability' is present

2024-11-07 17:37:21 - [TEST_STEP][PASSED] - totalOptionsExistingLiability = getNumberOfTotalOption(findTestObject(orPath_TaxTypeFilingYear + "/select_TaxType_ExistingLiability")): 20 options of object 'Object Repository/RAD_Pages/TaxTypeFilingYear_Page/select_TaxType_ExistingLiability' counted

2024-11-07 17:37:22 - [MESSAGE][PASSED] - 20 options of object 'Object Repository/RAD_Pages/TaxTypeFilingYear_Page/select_TaxType_ExistingLiability' counted

2024-11-07 17:37:22 - [TEST_STEP][PASSED] - verifyEqual(totalOptionsExistingLiability, 20): Actual object '20' and expected object '20' are equal

2024-11-07 17:37:22 - [MESSAGE][PASSED] - Actual object '20' and expected object '20' are equal

2024-11-07 17:37:22 - [TEST_STEP][PASSED] - verifyOptionsPresent(findTestObject(orPath_TaxTypeFilingYear + "/select_TaxType_ExistingLiability"), ["Bay Restoration Fee", "Corporate Income Tax", "Fiduciary Tax"]): Options [Bay Restoration Fee, Corporate Income Tax, Fiduciary Tax] present.

2024-11-07 17:37:23 - [MESSAGE][PASSED] - Options [Bay Restoration Fee, Corporate Income Tax, Fiduciary Tax] present.

2024-11-07 17:37:23 - [TEST_STEP][PASSED] - verifyOptionsPresent(findTestObject(orPath_TaxTypeFilingYear + "/select_TaxType_ExistingLiability"), ["Personal Income Tax", "PTE Non-Electing Non-S Corp", "PTE Non-Electing S Corp"]): Options [Personal Income Tax, PTE Non-Electing Non-S Corp, PTE Non-Electing S Corp] present.

2024-11-07 17:37:23 - [MESSAGE][PASSED] - Options [Personal Income Tax, PTE Non-Electing Non-S Corp, PTE Non-Electing S Corp] present.

2024-11-07 17:37:23 - [TEST_STEP][PASSED] - verifyOptionsPresent(findTestObject(orPath_TaxTypeFilingYear + "/select_TaxType_ExistingLiability"), ["PTE Tax Electing Non-S Corp", "PTE Tax Electing S Corp", "Sales & Use Tax"]): Options [PTE Tax Electing Non-S Corp, PTE Tax Electing S Corp, Sales & Use Tax] present.

2024-11-07 17:37:24 - [MESSAGE][PASSED] - Options [PTE Tax Electing Non-S Corp, PTE Tax Electing S Corp, Sales & Use Tax] present.

2024-11-07 17:37:24 - [TEST_STEP][PASSED] - verifyOptionsPresent(findTestObject(orPath_TaxTypeFilingYear + "/select_TaxType_ExistingLiability"), ["Withholding Tax", "Alcohol Tax", "Tire Recycling Fee"]): Options [Withholding Tax, Alcohol Tax, Tire Recycling Fee] present.

2024-11-07 17:37:25 - [MESSAGE][PASSED] - Options [Withholding Tax, Alcohol Tax, Tire Recycling Fee] present.

2024-11-07 17:37:25 - [TEST_STEP][PASSED] - verifyOptionsPresent(findTestObject(orPath_TaxTypeFilingYear + "/select_TaxType_ExistingLiability"), ["Admissions and Amusement Tax", "Motor Fuel Tax"]): Options [Admissions and Amusement Tax, Motor Fuel Tax] present.

2024-11-07 17:37:26 - [MESSAGE][PASSED] - Options [Admissions and Amusement Tax, Motor Fuel Tax] present.

2024-11-07 17:37:26 - [TEST_STEP][PASSED] - verifyOptionsPresent(findTestObject(orPath_TaxTypeFilingYear + "/select_TaxType_ExistingLiability"), ["Slots License Fee", "Tobacco Tax", "Transportation Network Services"]): Options [Slots License Fee, Tobacco Tax, Transportation Network Services] present.

2024-11-07 17:37:27 - [MESSAGE][PASSED] - Options [Slots License Fee, Tobacco Tax, Transportation Network Services] present.

2024-11-07 17:37:27 - [TEST_STEP][PASSED] - verifyOptionsPresent(findTestObject(orPath_TaxTypeFilingYear + "/select_TaxType_ExistingLiability"), ["Unclaimed Property", "IFTA Tax"]): Options [Unclaimed Property, IFTA Tax] present.

2024-11-07 17:37:27 - [MESSAGE][PASSED] - Options [Unclaimed Property, IFTA Tax] present.

2024-11-07 17:37:27 - [TEST_STEP][PASSED] - verifyTextPresent("Payment Type/Filing Year", true): Text 'Payment Type/Filing Year' is present on page  using regular expression

2024-11-07 17:37:28 - [MESSAGE][PASSED] - Text 'Payment Type/Filing Year' is present on page  using regular expression

2024-11-07 17:37:28 - [TEST_STEP][PASSED] - verifyTextPresent("Taxpayer", true): Text 'Taxpayer' is present on page  using regular expression

2024-11-07 17:37:28 - [MESSAGE][PASSED] - Text 'Taxpayer' is present on page  using regular expression

2024-11-07 17:37:28 - [TEST_STEP][PASSED] - verifyTextPresent("Provide the following taxpayer information", true): Text 'Provide the following taxpayer information' is present on page  using regular expression

2024-11-07 17:37:28 - [MESSAGE][PASSED] - Text 'Provide the following taxpayer information' is present on page  using regular expression

2024-11-07 17:37:28 - [TEST_STEP][PASSED] - verifyTextPresent("Note: If you are paying on behalf of the Taxpayer, enter Taxpayer", true): Text 'Note: If you are paying on behalf of the Taxpayer, enter Taxpayer' is present on page  using regular expression

2024-11-07 17:37:29 - [MESSAGE][PASSED] - Text 'Note: If you are paying on behalf of the Taxpayer, enter Taxpayer' is present on page  using regular expression

2024-11-07 17:37:29 - [TEST_STEP][PASSED] - verifyTextPresent("information here. If you are making a payment for the Taxpayer, you will be required later to enter your own credit card, billing address and other pertinent information", true): Text 'information here. If you are making a payment for the Taxpayer, you will be required later to enter your own credit card, billing address and other pertinent information' is present on page  using regular expression

2024-11-07 17:37:29 - [MESSAGE][PASSED] - Text 'information here. If you are making a payment for the Taxpayer, you will be required later to enter your own credit card, billing address and other pertinent information' is present on page  using regular expression

2024-11-07 17:37:29 - [TEST_STEP][PASSED] - verifyTextPresent("Address and Contact Information", true): Text 'Address and Contact Information' is present on page  using regular expression

2024-11-07 17:37:29 - [MESSAGE][PASSED] - Text 'Address and Contact Information' is present on page  using regular expression

2024-11-07 17:37:29 - [TEST_STEP][PASSED] - verifyTextPresent("Enter the taxpayer", true): Text 'Enter the taxpayer' is present on page  using regular expression

2024-11-07 17:37:30 - [MESSAGE][PASSED] - Text 'Enter the taxpayer' is present on page  using regular expression

2024-11-07 17:37:30 - [TEST_STEP][PASSED] - verifyTextPresent("address and contact information", true): Text 'address and contact information' is present on page  using regular expression

2024-11-07 17:37:30 - [MESSAGE][PASSED] - Text 'address and contact information' is present on page  using regular expression

2024-11-07 17:37:30 - [TEST_STEP][PASSED] - verifyTextPresent("Tax Information", true): Text 'Tax Information' is present on page  using regular expression

2024-11-07 17:37:30 - [MESSAGE][PASSED] - Text 'Tax Information' is present on page  using regular expression

2024-11-07 17:37:30 - [TEST_STEP][PASSED] - verifyTextPresent("Payment Amount", true): Text 'Payment Amount' is present on page  using regular expression

2024-11-07 17:37:31 - [MESSAGE][PASSED] - Text 'Payment Amount' is present on page  using regular expression

2024-11-07 17:37:31 - [TEST_STEP][PASSED] - verifyTextPresent("Service Fee: This electronic government service includes a service/convenience fee. Click here for details", true): Text 'Service Fee: This electronic government service includes a service/convenience fee. Click here for details' is present on page  using regular expression

2024-11-07 17:37:31 - [MESSAGE][PASSED] - Text 'Service Fee: This electronic government service includes a service/convenience fee. Click here for details' is present on page  using regular expression

2024-11-07 17:37:31 - [TEST_STEP][PASSED] - verifyElementPresent(findTestObject(orPath_Amount + "/a_Click here for details"), 30): Object 'Object Repository/RAD_Pages/PaymentAmount_Page/a_Click here for details' is present

2024-11-07 17:37:32 - [MESSAGE][PASSED] - Object 'Object Repository/RAD_Pages/PaymentAmount_Page/a_Click here for details' is present

2024-11-07 17:37:32 - [TEST_STEP][PASSED] - verifyElementPresent(findTestObject(orPath_Landing + "/button_Continue"), 30): Object 'Object Repository/RAD_Pages/Landing_Page/button_Continue' is present

2024-11-07 17:37:32 - [MESSAGE][PASSED] - Object 'Object Repository/RAD_Pages/Landing_Page/button_Continue' is present

2024-11-07 17:37:32 - [TEST_STEP][PASSED] - verifyElementPresent(findTestObject(orPath_TaxPayer + "/input_firstName"), 30): Object 'Object Repository/RAD_Pages/Taxpayer_Page/input_firstName' is present

2024-11-07 17:37:32 - [MESSAGE][PASSED] - Object 'Object Repository/RAD_Pages/Taxpayer_Page/input_firstName' is present

2024-11-07 17:37:32 - [TEST_STEP][PASSED] - verifyElementPresent(findTestObject(orPath_TaxPayer + "/input_middleName"), 30): Object 'Object Repository/RAD_Pages/Taxpayer_Page/input_middleName' is present

2024-11-07 17:37:33 - [MESSAGE][PASSED] - Object 'Object Repository/RAD_Pages/Taxpayer_Page/input_middleName' is present

2024-11-07 17:37:33 - [TEST_STEP][PASSED] - verifyElementPresent(findTestObject(orPath_TaxPayer + "/input_lastName"), 30): Object 'Object Repository/RAD_Pages/Taxpayer_Page/input_lastName' is present

2024-11-07 17:37:33 - [MESSAGE][PASSED] - Object 'Object Repository/RAD_Pages/Taxpayer_Page/input_lastName' is present

2024-11-07 17:37:33 - [TEST_STEP][PASSED] - verifyElementPresent(findTestObject(orPath_TaxPayer + "/input_suffix"), 30): Object 'Object Repository/RAD_Pages/Taxpayer_Page/input_suffix' is present

2024-11-07 17:37:34 - [MESSAGE][PASSED] - Object 'Object Repository/RAD_Pages/Taxpayer_Page/input_suffix' is present

2024-11-07 17:37:34 - [TEST_STEP][PASSED] - verifyElementPresent(findTestObject(orPath_AddressContact + "/select_Country"), 30): Object 'Object Repository/RAD_Pages/AddressAndContactInfo_Page/select_Country' is present

2024-11-07 17:37:34 - [MESSAGE][PASSED] - Object 'Object Repository/RAD_Pages/AddressAndContactInfo_Page/select_Country' is present

2024-11-07 17:37:34 - [TEST_STEP][PASSED] - verifyElementPresent(findTestObject(orPath_AddressContact + "/input_streetAddress1"), 30): Object 'Object Repository/RAD_Pages/AddressAndContactInfo_Page/input_streetAddress1' is present

2024-11-07 17:37:34 - [MESSAGE][PASSED] - Object 'Object Repository/RAD_Pages/AddressAndContactInfo_Page/input_streetAddress1' is present

2024-11-07 17:37:34 - [TEST_STEP][PASSED] - verifyElementPresent(findTestObject(orPath_AddressContact + "/input_streetAddress2"), 30): Object 'Object Repository/RAD_Pages/AddressAndContactInfo_Page/input_streetAddress2' is present

2024-11-07 17:37:34 - [MESSAGE][PASSED] - Object 'Object Repository/RAD_Pages/AddressAndContactInfo_Page/input_streetAddress2' is present

2024-11-07 17:37:34 - [TEST_STEP][PASSED] - verifyElementPresent(findTestObject(orPath_AddressContact + "/input_city"), 30): Object 'Object Repository/RAD_Pages/AddressAndContactInfo_Page/input_city' is present

2024-11-07 17:37:35 - [MESSAGE][PASSED] - Object 'Object Repository/RAD_Pages/AddressAndContactInfo_Page/input_city' is present

2024-11-07 17:37:35 - [TEST_STEP][PASSED] - verifyElementPresent(findTestObject(orPath_AddressContact + "/select_State"), 30): Object 'Object Repository/RAD_Pages/AddressAndContactInfo_Page/select_State' is present

2024-11-07 17:37:35 - [MESSAGE][PASSED] - Object 'Object Repository/RAD_Pages/AddressAndContactInfo_Page/select_State' is present

2024-11-07 17:37:35 - [TEST_STEP][PASSED] - verifyElementPresent(findTestObject(orPath_AddressContact + "/input_zipCode"), 30): Object 'Object Repository/RAD_Pages/AddressAndContactInfo_Page/input_zipCode' is present

2024-11-07 17:37:35 - [MESSAGE][PASSED] - Object 'Object Repository/RAD_Pages/AddressAndContactInfo_Page/input_zipCode' is present

2024-11-07 17:37:35 - [TEST_STEP][PASSED] - verifyElementPresent(findTestObject(orPath_AddressContact + "/input_phoneNumber"), 30): Object 'Object Repository/RAD_Pages/AddressAndContactInfo_Page/input_phoneNumber' is present

2024-11-07 17:37:36 - [MESSAGE][PASSED] - Object 'Object Repository/RAD_Pages/AddressAndContactInfo_Page/input_phoneNumber' is present

2024-11-07 17:37:36 - [TEST_STEP][PASSED] - verifyElementPresent(findTestObject(orPath_AddressContact + "/input_eMailAddress"), 30): Object 'Object Repository/RAD_Pages/AddressAndContactInfo_Page/input_eMailAddress' is present

2024-11-07 17:37:36 - [MESSAGE][PASSED] - Object 'Object Repository/RAD_Pages/AddressAndContactInfo_Page/input_eMailAddress' is present

2024-11-07 17:37:36 - [TEST_STEP][PASSED] - verifyElementPresent(findTestObject(orPath_AddressContact + "/input_reEnterEMailAddress"), 30): Object 'Object Repository/RAD_Pages/AddressAndContactInfo_Page/input_reEnterEMailAddress' is present

2024-11-07 17:37:37 - [MESSAGE][PASSED] - Object 'Object Repository/RAD_Pages/AddressAndContactInfo_Page/input_reEnterEMailAddress' is present

2024-11-07 17:37:37 - [TEST_STEP][PASSED] - verifyOptionsPresent(findTestObject(orPath_AddressContact + "/select_Country"), ["United States"]): Options [United States] present.

2024-11-07 17:37:37 - [MESSAGE][PASSED] - Options [United States] present.

2024-11-07 17:37:37 - [TEST_STEP][PASSED] - verifyOptionsPresent(findTestObject(orPath_AddressContact + "/select_State"), ["Alabama", "District of Columbia", "Maryland", "Virginia", "Wyoming"]): Options [Alabama, District of Columbia, Maryland, Virginia, Wyoming] present.

2024-11-07 17:37:38 - [MESSAGE][PASSED] - Options [Alabama, District of Columbia, Maryland, Virginia, Wyoming] present.

2024-11-07 17:37:38 - [TEST_STEP][PASSED] - totalOptionsState = getNumberOfTotalOption(findTestObject(orPath_AddressContact + "/select_State")): 52 options of object 'Object Repository/RAD_Pages/AddressAndContactInfo_Page/select_State' counted

2024-11-07 17:37:39 - [MESSAGE][PASSED] - 52 options of object 'Object Repository/RAD_Pages/AddressAndContactInfo_Page/select_State' counted

2024-11-07 17:37:39 - [TEST_STEP][PASSED] - verifyEqual(totalOptionsState, 52): Actual object '52' and expected object '52' are equal

2024-11-07 17:37:39 - [MESSAGE][PASSED] - Actual object '52' and expected object '52' are equal

2024-11-07 17:37:39 - [TEST_STEP][PASSED] - verifyElementPresent(findTestObject(orPath_TaxInfo + "/input_NoticeInvoiceNumber"), 30): Object 'Object Repository/RAD_Pages/TaxInfo_Page/input_NoticeInvoiceNumber' is present

2024-11-07 17:37:39 - [MESSAGE][PASSED] - Object 'Object Repository/RAD_Pages/TaxInfo_Page/input_NoticeInvoiceNumber' is present

2024-11-07 17:37:39 - [TEST_STEP][PASSED] - verifyElementPresent(findTestObject(orPath_TaxInfo + "/input_reTypeNoticeInvoiceNumber"), 30): Object 'Object Repository/RAD_Pages/TaxInfo_Page/input_reTypeNoticeInvoiceNumber' is present

2024-11-07 17:37:39 - [MESSAGE][PASSED] - Object 'Object Repository/RAD_Pages/TaxInfo_Page/input_reTypeNoticeInvoiceNumber' is present

2024-11-07 17:37:39 - [TEST_STEP][PASSED] - verifyElementPresent(findTestObject(orPath_Amount + "/input__paymentAmount"), 30): Object 'Object Repository/RAD_Pages/PaymentAmount_Page/input__paymentAmount' is present

2024-11-07 17:37:40 - [MESSAGE][PASSED] - Object 'Object Repository/RAD_Pages/PaymentAmount_Page/input__paymentAmount' is present]]></system-out>
         <system-err><![CDATA[]]></system-err>
      </testcase>
      <testcase name="Test Cases/RAD_TestCases/UI_TestCases/New Liability/NewLiability_UI_TC" time="28.053" classname="Test Cases/RAD_TestCases/UI_TestCases/New Liability/NewLiability_UI_TC" status="PASSED">
         <system-out><![CDATA[2024-11-07 17:37:40 - [TEST_CASE][PASSED] - Test Cases/RAD_TestCases/UI_TestCases/New Liability/NewLiability_UI_TC: Test Cases/RAD_TestCases/UI_TestCases/New Liability/NewLiability_UI_TC

2024-11-07 17:37:40 - [TEST_STEP][PASSED] - openBrowser(""): Browser is opened with url: ''

2024-11-07 17:37:40 - [MESSAGE][WARNING] - A browser is already opened. Closing browser and opening a new one

2024-11-07 17:37:42 - [MESSAGE][INFO] - Starting 'Chrome' driver

2024-11-07 17:37:42 - [MESSAGE][INFO] - User set preference: ['acceptInsecureCerts', 'true']

2024-11-07 17:37:42 - [MESSAGE][INFO] - Action delay is set to 0 milliseconds

2024-11-07 17:37:43 - [MESSAGE][PASSED] - Browser is opened with url: ''

2024-11-07 17:37:43 - [TEST_STEP][PASSED] - maximizeWindow(): Current window maximized

2024-11-07 17:37:43 - [MESSAGE][PASSED] - Current window maximized

2024-11-07 17:37:43 - [TEST_STEP][PASSED] - navigateToUrl(RADurl): Navigate to 'https://www.velocitypayment.com/client/rad/index.html' successfully

2024-11-07 17:37:46 - [MESSAGE][PASSED] - Navigate to 'https://www.velocitypayment.com/client/rad/index.html' successfully

2024-11-07 17:37:46 - [TEST_STEP][PASSED] - orPath_Landing = "Object Repository/RAD_Pages/Landing_Page": null

2024-11-07 17:37:46 - [TEST_STEP][PASSED] - orPath_TaxTypeFilingYear = "Object Repository/RAD_Pages/TaxTypeFilingYear_Page": null

2024-11-07 17:37:46 - [TEST_STEP][PASSED] - orPath_TaxPayer = "Object Repository/RAD_Pages/Taxpayer_Page": null

2024-11-07 17:37:46 - [TEST_STEP][PASSED] - orPath_AddressContact = "Object Repository/RAD_Pages/AddressAndContactInfo_Page": null

2024-11-07 17:37:46 - [TEST_STEP][PASSED] - orPath_FilingStatus = "Object Repository/RAD_Pages/FilingStatus_Page": null

2024-11-07 17:37:46 - [TEST_STEP][PASSED] - orPath_Amount = "Object Repository/RAD_Pages/PaymentAmount_Page": null

2024-11-07 17:37:46 - [TEST_STEP][PASSED] - orPath_TaxInfo = "Object Repository/RAD_Pages/TaxInfo_Page": null

2024-11-07 17:37:46 - [TEST_STEP][PASSED] - selectOptionByLabel(findTestObject(orPath_Landing + "/dd_TaxType"), "New Tax Return Amount Due", false): All options with label 'New Tax Return Amount Due' are selected in object 'Object Repository/RAD_Pages/Landing_Page/dd_TaxType' 

2024-11-07 17:37:47 - [MESSAGE][PASSED] - All options with label 'New Tax Return Amount Due' are selected in object 'Object Repository/RAD_Pages/Landing_Page/dd_TaxType' 

2024-11-07 17:37:47 - [TEST_STEP][PASSED] - totalOptionsPaymentType = getNumberOfTotalOption(findTestObject("Object Repository/RAD_Pages/Landing_Page/select_NewTaxReturnAmountDue_TaxType")): 20 options of object 'Object Repository/RAD_Pages/Landing_Page/select_NewTaxReturnAmountDue_TaxType' counted

2024-11-07 17:37:47 - [MESSAGE][PASSED] - 20 options of object 'Object Repository/RAD_Pages/Landing_Page/select_NewTaxReturnAmountDue_TaxType' counted

2024-11-07 17:37:47 - [TEST_STEP][PASSED] - if (verifyEqual(totalOptionsPaymentType, 20)): null

2024-11-07 17:37:47 - [MESSAGE][PASSED] - Actual object '20' and expected object '20' are equal

2024-11-07 17:37:47 - [TEST_STEP][PASSED] - out.println("Total Options for Payment Type are correct: " + totalOptionsPaymentType): null

2024-11-07 17:37:47 - [TEST_STEP][PASSED] - markPassed("Total Options are correct for Payment Type"): Total Options are correct for Payment Type

2024-11-07 17:37:47 - [MESSAGE][PASSED] - Total Options are correct for Payment Type

2024-11-07 17:37:47 - [TEST_STEP][PASSED] - verifyOptionsPresent(findTestObject("Object Repository/RAD_Pages/Landing_Page/select_NewTaxReturnAmountDue_TaxType"), ["Fiduciary Tax", "Personal Income Tax", "PTE Non-Electing Non-S Corp", "PTE Non-Electing S Corp", "PTE Tax Electing Non-S Corp", "PTE Tax Electing S Corp"]): Options [Fiduciary Tax, Personal Income Tax, PTE Non-Electing Non-S Corp, PTE Non-Electing S Corp, PTE Tax Electing Non-S Corp, PTE Tax Electing S Corp] present.

2024-11-07 17:37:48 - [MESSAGE][PASSED] - Options [Fiduciary Tax, Personal Income Tax, PTE Non-Electing Non-S Corp, PTE Non-Electing S Corp, PTE Tax Electing Non-S Corp, PTE Tax Electing S Corp] present.

2024-11-07 17:37:48 - [TEST_STEP][PASSED] - verifyOptionsPresent(findTestObject("Object Repository/RAD_Pages/Landing_Page/select_NewTaxReturnAmountDue_TaxType"), ["Admissions and Amusement Tax", "Alcohol Tax", "Bay Restoration Fee", "Corporate Income Tax", "Motor Fuel Tax"]): Options [Admissions and Amusement Tax, Alcohol Tax, Bay Restoration Fee, Corporate Income Tax, Motor Fuel Tax] present.

2024-11-07 17:37:49 - [MESSAGE][PASSED] - Options [Admissions and Amusement Tax, Alcohol Tax, Bay Restoration Fee, Corporate Income Tax, Motor Fuel Tax] present.

2024-11-07 17:37:49 - [TEST_STEP][PASSED] - verifyOptionsPresent(findTestObject("Object Repository/RAD_Pages/Landing_Page/select_NewTaxReturnAmountDue_TaxType"), ["Sales and Use Tax", "Slots License Fee", "Tire Recycling Fee", "Tobacco Tax", "Transportation Network Services"]): Options [Sales and Use Tax, Slots License Fee, Tire Recycling Fee, Tobacco Tax, Transportation Network Services] present.

2024-11-07 17:37:50 - [MESSAGE][PASSED] - Options [Sales and Use Tax, Slots License Fee, Tire Recycling Fee, Tobacco Tax, Transportation Network Services] present.

2024-11-07 17:37:50 - [TEST_STEP][PASSED] - verifyOptionsPresent(findTestObject("Object Repository/RAD_Pages/Landing_Page/select_NewTaxReturnAmountDue_TaxType"), ["Unclaimed Property", "Withholding Tax"]): Options [Unclaimed Property, Withholding Tax] present.

2024-11-07 17:37:50 - [MESSAGE][PASSED] - Options [Unclaimed Property, Withholding Tax] present.

2024-11-07 17:37:50 - [TEST_STEP][PASSED] - verifyElementPresent(findTestObject(orPath_TaxTypeFilingYear + "/select_FilingYear"), 30): Object 'Object Repository/RAD_Pages/TaxTypeFilingYear_Page/select_FilingYear' is present

2024-11-07 17:37:51 - [MESSAGE][PASSED] - Object 'Object Repository/RAD_Pages/TaxTypeFilingYear_Page/select_FilingYear' is present

2024-11-07 17:37:51 - [TEST_STEP][PASSED] - verifyElementVisible(findTestObject(orPath_TaxTypeFilingYear + "/select_FilingYear")): Object 'Object Repository/RAD_Pages/TaxTypeFilingYear_Page/select_FilingYear' is visible

2024-11-07 17:37:51 - [MESSAGE][PASSED] - Object 'Object Repository/RAD_Pages/TaxTypeFilingYear_Page/select_FilingYear' is visible

2024-11-07 17:37:51 - [TEST_STEP][PASSED] - totalOptionsFilingYear = getNumberOfTotalOption(findTestObject(orPath_TaxTypeFilingYear + "/select_FilingYear")): 4 options of object 'Object Repository/RAD_Pages/TaxTypeFilingYear_Page/select_FilingYear' counted

2024-11-07 17:37:52 - [MESSAGE][PASSED] - 4 options of object 'Object Repository/RAD_Pages/TaxTypeFilingYear_Page/select_FilingYear' counted

2024-11-07 17:37:52 - [TEST_STEP][PASSED] - verifyEqual(totalOptionsFilingYear, 4): Actual object '4' and expected object '4' are equal

2024-11-07 17:37:52 - [MESSAGE][PASSED] - Actual object '4' and expected object '4' are equal

2024-11-07 17:37:52 - [TEST_STEP][PASSED] - verifyOptionsPresent(findTestObject(orPath_TaxTypeFilingYear + "/select_FilingYear"), ["Select", "2023", "2022", "2021"]): Options [Select, 2023, 2022, 2021] present.

2024-11-07 17:37:52 - [MESSAGE][PASSED] - Options [Select, 2023, 2022, 2021] present.

2024-11-07 17:37:52 - [TEST_STEP][PASSED] - verifyElementNotVisible(findTestObject(orPath_TaxTypeFilingYear + "/select_PeriodEnding")): Object 'Object Repository/RAD_Pages/TaxTypeFilingYear_Page/select_PeriodEnding' is NOT visible

2024-11-07 17:37:53 - [MESSAGE][PASSED] - Object 'Object Repository/RAD_Pages/TaxTypeFilingYear_Page/select_PeriodEnding' is NOT visible

2024-11-07 17:37:53 - [TEST_STEP][PASSED] - verifyTextPresent("Payment Type/Filing Year", true): Text 'Payment Type/Filing Year' is present on page  using regular expression

2024-11-07 17:37:53 - [MESSAGE][PASSED] - Text 'Payment Type/Filing Year' is present on page  using regular expression

2024-11-07 17:37:53 - [TEST_STEP][PASSED] - verifyTextPresent("Taxpayer", true): Text 'Taxpayer' is present on page  using regular expression

2024-11-07 17:37:53 - [MESSAGE][PASSED] - Text 'Taxpayer' is present on page  using regular expression

2024-11-07 17:37:53 - [TEST_STEP][PASSED] - verifyTextPresent("Provide the following taxpayer information", true): Text 'Provide the following taxpayer information' is present on page  using regular expression

2024-11-07 17:37:54 - [MESSAGE][PASSED] - Text 'Provide the following taxpayer information' is present on page  using regular expression

2024-11-07 17:37:54 - [TEST_STEP][PASSED] - verifyTextPresent("Note: If you are paying on behalf of the Taxpayer, enter Taxpayer", true): Text 'Note: If you are paying on behalf of the Taxpayer, enter Taxpayer' is present on page  using regular expression

2024-11-07 17:37:54 - [MESSAGE][PASSED] - Text 'Note: If you are paying on behalf of the Taxpayer, enter Taxpayer' is present on page  using regular expression

2024-11-07 17:37:54 - [TEST_STEP][PASSED] - verifyTextPresent("information here. If you are making a payment for the Taxpayer, you will be required later to enter your own credit card, billing address and other pertinent information", true): Text 'information here. If you are making a payment for the Taxpayer, you will be required later to enter your own credit card, billing address and other pertinent information' is present on page  using regular expression

2024-11-07 17:37:54 - [MESSAGE][PASSED] - Text 'information here. If you are making a payment for the Taxpayer, you will be required later to enter your own credit card, billing address and other pertinent information' is present on page  using regular expression

2024-11-07 17:37:54 - [TEST_STEP][PASSED] - verifyTextPresent("Address and Contact Information", true): Text 'Address and Contact Information' is present on page  using regular expression

2024-11-07 17:37:55 - [MESSAGE][PASSED] - Text 'Address and Contact Information' is present on page  using regular expression

2024-11-07 17:37:55 - [TEST_STEP][PASSED] - verifyTextPresent("Enter the taxpayer", true): Text 'Enter the taxpayer' is present on page  using regular expression

2024-11-07 17:37:55 - [MESSAGE][PASSED] - Text 'Enter the taxpayer' is present on page  using regular expression

2024-11-07 17:37:55 - [TEST_STEP][PASSED] - verifyTextPresent("address and contact information", true): Text 'address and contact information' is present on page  using regular expression

2024-11-07 17:37:56 - [MESSAGE][PASSED] - Text 'address and contact information' is present on page  using regular expression

2024-11-07 17:37:56 - [TEST_STEP][PASSED] - verifyTextPresent("Payment Amount", true): Text 'Payment Amount' is present on page  using regular expression

2024-11-07 17:37:56 - [MESSAGE][PASSED] - Text 'Payment Amount' is present on page  using regular expression

2024-11-07 17:37:56 - [TEST_STEP][PASSED] - verifyTextPresent("Service Fee: This electronic government service includes a service/convenience fee. Click here for details", true): Text 'Service Fee: This electronic government service includes a service/convenience fee. Click here for details' is present on page  using regular expression

2024-11-07 17:37:56 - [MESSAGE][PASSED] - Text 'Service Fee: This electronic government service includes a service/convenience fee. Click here for details' is present on page  using regular expression

2024-11-07 17:37:56 - [TEST_STEP][PASSED] - verifyElementPresent(findTestObject(orPath_Amount + "/a_Click here for details"), 30): Object 'Object Repository/RAD_Pages/PaymentAmount_Page/a_Click here for details' is present

2024-11-07 17:37:57 - [MESSAGE][PASSED] - Object 'Object Repository/RAD_Pages/PaymentAmount_Page/a_Click here for details' is present

2024-11-07 17:37:57 - [TEST_STEP][PASSED] - verifyElementPresent(findTestObject(orPath_Landing + "/button_Continue"), 30): Object 'Object Repository/RAD_Pages/Landing_Page/button_Continue' is present

2024-11-07 17:37:57 - [MESSAGE][PASSED] - Object 'Object Repository/RAD_Pages/Landing_Page/button_Continue' is present

2024-11-07 17:37:57 - [TEST_STEP][PASSED] - verifyElementNotVisible(findTestObject(orPath_TaxPayer + "/input_Note_businessName")): Object 'Object Repository/RAD_Pages/Taxpayer_Page/input_Note_businessName' is NOT visible

2024-11-07 17:37:57 - [MESSAGE][PASSED] - Object 'Object Repository/RAD_Pages/Taxpayer_Page/input_Note_businessName' is NOT visible

2024-11-07 17:37:57 - [TEST_STEP][PASSED] - verifyElementPresent(findTestObject(orPath_TaxPayer + "/input_firstName"), 30): Object 'Object Repository/RAD_Pages/Taxpayer_Page/input_firstName' is present

2024-11-07 17:37:58 - [MESSAGE][PASSED] - Object 'Object Repository/RAD_Pages/Taxpayer_Page/input_firstName' is present

2024-11-07 17:37:58 - [TEST_STEP][PASSED] - verifyElementPresent(findTestObject(orPath_TaxPayer + "/input_middleName"), 30): Object 'Object Repository/RAD_Pages/Taxpayer_Page/input_middleName' is present

2024-11-07 17:37:58 - [MESSAGE][PASSED] - Object 'Object Repository/RAD_Pages/Taxpayer_Page/input_middleName' is present

2024-11-07 17:37:58 - [TEST_STEP][PASSED] - verifyElementPresent(findTestObject(orPath_TaxPayer + "/input_lastName"), 30): Object 'Object Repository/RAD_Pages/Taxpayer_Page/input_lastName' is present

2024-11-07 17:37:58 - [MESSAGE][PASSED] - Object 'Object Repository/RAD_Pages/Taxpayer_Page/input_lastName' is present

2024-11-07 17:37:58 - [TEST_STEP][PASSED] - verifyElementPresent(findTestObject(orPath_TaxPayer + "/input_suffix"), 30): Object 'Object Repository/RAD_Pages/Taxpayer_Page/input_suffix' is present

2024-11-07 17:37:59 - [MESSAGE][PASSED] - Object 'Object Repository/RAD_Pages/Taxpayer_Page/input_suffix' is present

2024-11-07 17:37:59 - [TEST_STEP][PASSED] - verifyElementPresent(findTestObject("RAD_RecordAndPlay/input_concatSSN"), 30): Object 'Object Repository/RAD_RecordAndPlay/input_concatSSN' is present

2024-11-07 17:37:59 - [MESSAGE][PASSED] - Object 'Object Repository/RAD_RecordAndPlay/input_concatSSN' is present

2024-11-07 17:37:59 - [TEST_STEP][PASSED] - verifyElementPresent(findTestObject("RAD_RecordAndPlay/input_concatReSSN"), 30): Object 'Object Repository/RAD_RecordAndPlay/input_concatReSSN' is present

2024-11-07 17:38:00 - [MESSAGE][PASSED] - Object 'Object Repository/RAD_RecordAndPlay/input_concatReSSN' is present

2024-11-07 17:38:00 - [TEST_STEP][PASSED] - verifyElementPresent(findTestObject(orPath_AddressContact + "/select_Country"), 30): Object 'Object Repository/RAD_Pages/AddressAndContactInfo_Page/select_Country' is present

2024-11-07 17:38:00 - [MESSAGE][PASSED] - Object 'Object Repository/RAD_Pages/AddressAndContactInfo_Page/select_Country' is present

2024-11-07 17:38:00 - [TEST_STEP][PASSED] - verifyElementPresent(findTestObject(orPath_AddressContact + "/input_streetAddress1"), 30): Object 'Object Repository/RAD_Pages/AddressAndContactInfo_Page/input_streetAddress1' is present

2024-11-07 17:38:00 - [MESSAGE][PASSED] - Object 'Object Repository/RAD_Pages/AddressAndContactInfo_Page/input_streetAddress1' is present

2024-11-07 17:38:00 - [TEST_STEP][PASSED] - verifyElementPresent(findTestObject(orPath_AddressContact + "/input_streetAddress2"), 30): Object 'Object Repository/RAD_Pages/AddressAndContactInfo_Page/input_streetAddress2' is present

2024-11-07 17:38:01 - [MESSAGE][PASSED] - Object 'Object Repository/RAD_Pages/AddressAndContactInfo_Page/input_streetAddress2' is present

2024-11-07 17:38:01 - [TEST_STEP][PASSED] - verifyElementPresent(findTestObject(orPath_AddressContact + "/input_city"), 30): Object 'Object Repository/RAD_Pages/AddressAndContactInfo_Page/input_city' is present

2024-11-07 17:38:01 - [MESSAGE][PASSED] - Object 'Object Repository/RAD_Pages/AddressAndContactInfo_Page/input_city' is present

2024-11-07 17:38:01 - [TEST_STEP][PASSED] - verifyElementPresent(findTestObject(orPath_AddressContact + "/select_State"), 30): Object 'Object Repository/RAD_Pages/AddressAndContactInfo_Page/select_State' is present

2024-11-07 17:38:01 - [MESSAGE][PASSED] - Object 'Object Repository/RAD_Pages/AddressAndContactInfo_Page/select_State' is present

2024-11-07 17:38:01 - [TEST_STEP][PASSED] - verifyElementPresent(findTestObject(orPath_AddressContact + "/input_zipCode"), 30): Object 'Object Repository/RAD_Pages/AddressAndContactInfo_Page/input_zipCode' is present

2024-11-07 17:38:02 - [MESSAGE][PASSED] - Object 'Object Repository/RAD_Pages/AddressAndContactInfo_Page/input_zipCode' is present

2024-11-07 17:38:02 - [TEST_STEP][PASSED] - verifyElementPresent(findTestObject(orPath_AddressContact + "/input_phoneNumber"), 30): Object 'Object Repository/RAD_Pages/AddressAndContactInfo_Page/input_phoneNumber' is present

2024-11-07 17:38:02 - [MESSAGE][PASSED] - Object 'Object Repository/RAD_Pages/AddressAndContactInfo_Page/input_phoneNumber' is present

2024-11-07 17:38:02 - [TEST_STEP][PASSED] - verifyElementPresent(findTestObject(orPath_AddressContact + "/input_eMailAddress"), 30): Object 'Object Repository/RAD_Pages/AddressAndContactInfo_Page/input_eMailAddress' is present

2024-11-07 17:38:02 - [MESSAGE][PASSED] - Object 'Object Repository/RAD_Pages/AddressAndContactInfo_Page/input_eMailAddress' is present

2024-11-07 17:38:02 - [TEST_STEP][PASSED] - verifyElementPresent(findTestObject(orPath_AddressContact + "/input_reEnterEMailAddress"), 30): Object 'Object Repository/RAD_Pages/AddressAndContactInfo_Page/input_reEnterEMailAddress' is present

2024-11-07 17:38:02 - [MESSAGE][PASSED] - Object 'Object Repository/RAD_Pages/AddressAndContactInfo_Page/input_reEnterEMailAddress' is present

2024-11-07 17:38:02 - [TEST_STEP][PASSED] - verifyOptionsPresent(findTestObject(orPath_AddressContact + "/select_Country"), ["United States"]): Options [United States] present.

2024-11-07 17:38:03 - [MESSAGE][PASSED] - Options [United States] present.

2024-11-07 17:38:03 - [TEST_STEP][PASSED] - verifyOptionsPresent(findTestObject(orPath_AddressContact + "/select_State"), ["Alabama", "District of Columbia", "Maryland", "Virginia", "Wyoming"]): Options [Alabama, District of Columbia, Maryland, Virginia, Wyoming] present.

2024-11-07 17:38:04 - [MESSAGE][PASSED] - Options [Alabama, District of Columbia, Maryland, Virginia, Wyoming] present.

2024-11-07 17:38:04 - [TEST_STEP][PASSED] - totalOptionsState = getNumberOfTotalOption(findTestObject(orPath_AddressContact + "/select_State")): 52 options of object 'Object Repository/RAD_Pages/AddressAndContactInfo_Page/select_State' counted

2024-11-07 17:38:05 - [MESSAGE][PASSED] - 52 options of object 'Object Repository/RAD_Pages/AddressAndContactInfo_Page/select_State' counted

2024-11-07 17:38:05 - [TEST_STEP][PASSED] - verifyEqual(totalOptionsState, 52): Actual object '52' and expected object '52' are equal

2024-11-07 17:38:05 - [MESSAGE][PASSED] - Actual object '52' and expected object '52' are equal

2024-11-07 17:38:05 - [TEST_STEP][PASSED] - verifyTextPresent("Tax Information", true): Text 'Tax Information' is present on page  using regular expression

2024-11-07 17:38:05 - [MESSAGE][PASSED] - Text 'Tax Information' is present on page  using regular expression

2024-11-07 17:38:05 - [TEST_STEP][PASSED] - verifyElementVisible(findTestObject(orPath_TaxInfo + "/input_FederalEIN-2")): Object 'Object Repository/RAD_Pages/TaxInfo_Page/input_FederalEIN-2' is visible

2024-11-07 17:38:05 - [MESSAGE][PASSED] - Object 'Object Repository/RAD_Pages/TaxInfo_Page/input_FederalEIN-2' is visible

2024-11-07 17:38:05 - [TEST_STEP][PASSED] - verifyElementVisible(findTestObject(orPath_TaxInfo + "/input_FederalEIN_ReEnter-2")): Object 'Object Repository/RAD_Pages/TaxInfo_Page/input_FederalEIN_ReEnter-2' is visible

2024-11-07 17:38:06 - [MESSAGE][PASSED] - Object 'Object Repository/RAD_Pages/TaxInfo_Page/input_FederalEIN_ReEnter-2' is visible

2024-11-07 17:38:06 - [TEST_STEP][PASSED] - verifyTextPresent("Payment Amount", true): Text 'Payment Amount' is present on page  using regular expression

2024-11-07 17:38:06 - [MESSAGE][PASSED] - Text 'Payment Amount' is present on page  using regular expression

2024-11-07 17:38:06 - [TEST_STEP][PASSED] - verifyElementPresent(findTestObject(orPath_Amount + "/input__paymentAmount"), 30): Object 'Object Repository/RAD_Pages/PaymentAmount_Page/input__paymentAmount' is present

2024-11-07 17:38:07 - [MESSAGE][PASSED] - Object 'Object Repository/RAD_Pages/PaymentAmount_Page/input__paymentAmount' is present

2024-11-07 17:38:07 - [TEST_STEP][PASSED] - verifyElementVisible(findTestObject(orPath_Amount + "/input__paymentAmount")): Object 'Object Repository/RAD_Pages/PaymentAmount_Page/input__paymentAmount' is visible

2024-11-07 17:38:07 - [MESSAGE][PASSED] - Object 'Object Repository/RAD_Pages/PaymentAmount_Page/input__paymentAmount' is visible

2024-11-07 17:38:07 - [TEST_STEP][PASSED] - verifyTextPresent("Service Fee: This electronic government service includes a service/convenience fee. Click here for details", true): Text 'Service Fee: This electronic government service includes a service/convenience fee. Click here for details' is present on page  using regular expression

2024-11-07 17:38:07 - [MESSAGE][PASSED] - Text 'Service Fee: This electronic government service includes a service/convenience fee. Click here for details' is present on page  using regular expression

2024-11-07 17:38:07 - [TEST_STEP][PASSED] - verifyElementPresent(findTestObject(orPath_Amount + "/a_Click here for details"), 30): Object 'Object Repository/RAD_Pages/PaymentAmount_Page/a_Click here for details' is present

2024-11-07 17:38:08 - [MESSAGE][PASSED] - Object 'Object Repository/RAD_Pages/PaymentAmount_Page/a_Click here for details' is present

2024-11-07 17:38:08 - [TEST_STEP][PASSED] - verifyElementPresent(findTestObject(orPath_Landing + "/button_Continue"), 30): Object 'Object Repository/RAD_Pages/Landing_Page/button_Continue' is present

2024-11-07 17:38:08 - [MESSAGE][PASSED] - Object 'Object Repository/RAD_Pages/Landing_Page/button_Continue' is present]]></system-out>
         <system-err><![CDATA[]]></system-err>
      </testcase>
      <testcase name="Test Cases/RAD_TestCases/Negative_TestCases/EL-NumberValidation" time="624.048" classname="Test Cases/RAD_TestCases/Negative_TestCases/EL-NumberValidation" status="FAILED">
         <failure type="FAILED" message="Test Cases/RAD_TestCases/Negative_TestCases/EL-NumberValidation FAILED.
Reason:
com.kms.katalon.core.exception.StepFailedException: Unable to select option by label 'Estate Tax' of object 'Object Repository/RAD_Pages/TaxTypeFilingYear_Page/select_TaxType_ExistingLiability'  (Root cause: com.kms.katalon.core.exception.StepFailedException: Unable to select option by label 'Estate Tax' of object 'Object Repository/RAD_Pages/TaxTypeFilingYear_Page/select_TaxType_ExistingLiability' 
	at com.kms.katalon.core.webui.keyword.internal.WebUIKeywordMain.stepFailed(WebUIKeywordMain.groovy:64)
	at com.kms.katalon.core.webui.keyword.internal.WebUIKeywordMain.runKeyword(WebUIKeywordMain.groovy:26)
	at com.kms.katalon.core.webui.keyword.builtin.SelectOptionByLabelKeyword.selectOptionByLabel(SelectOptionByLabelKeyword.groovy:98)
	at com.kms.katalon.core.webui.keyword.builtin.SelectOptionByLabelKeyword.execute(SelectOptionByLabelKeyword.groovy:71)
	at com.kms.katalon.core.keyword.internal.KeywordExecutor.executeKeywordForPlatform(KeywordExecutor.groovy:74)
	at com.kms.katalon.core.webui.keyword.WebUiBuiltInKeywords.selectOptionByLabel(WebUiBuiltInKeywords.groovy:1230)
	at com.kms.katalon.core.webui.keyword.WebUiBuiltInKeywords$selectOptionByLabel$2.call(Unknown Source)
	at EL-NumberValidation.run(EL-NumberValidation:88)
	at com.kms.katalon.core.main.ScriptEngine.run(ScriptEngine.java:194)
	at com.kms.katalon.core.main.ScriptEngine.runScriptAsRawText(ScriptEngine.java:119)
	at com.kms.katalon.core.main.TestCaseExecutor.runScript(TestCaseExecutor.java:448)
	at com.kms.katalon.core.main.TestCaseExecutor.doExecute(TestCaseExecutor.java:439)
	at com.kms.katalon.core.main.TestCaseExecutor.processExecutionPhase(TestCaseExecutor.java:418)
	at com.kms.katalon.core.main.TestCaseExecutor.accessMainPhase(TestCaseExecutor.java:410)
	at com.kms.katalon.core.main.TestCaseExecutor.execute(TestCaseExecutor.java:285)
	at com.kms.katalon.core.common.CommonExecutor.accessTestCaseMainPhase(CommonExecutor.java:65)
	at com.kms.katalon.core.main.TestSuiteExecutor.accessTestSuiteMainPhase(TestSuiteExecutor.java:148)
	at com.kms.katalon.core.main.TestSuiteExecutor.execute(TestSuiteExecutor.java:106)
	at com.kms.katalon.core.main.TestCaseMain.startTestSuite(TestCaseMain.java:187)
	at com.kms.katalon.core.main.TestCaseMain$startTestSuite$0.call(Unknown Source)
	at TempTestSuite1731019020691.run(TempTestSuite1731019020691.groovy:35)
Caused by: org.openqa.selenium.NoSuchElementException: Cannot locate element with text: Estate Tax
For documentation on this error, please visit: https://www.seleniumhq.org/exceptions/no_such_element.html
Build info: version: '3.141.59', revision: 'e82be7d358', time: '2018-11-14T08:25:53'
System info: host: 'DESKTOP-B2QI6NS', ip: '172.31.253.185', os.name: 'Windows 10', os.arch: 'amd64', os.version: '10.0', java.version: '1.8.0_181'
Driver info: driver.version: unknown
	at org.openqa.selenium.support.ui.Select.selectByVisibleText(Select.java:147)
	at com.kms.katalon.core.webui.common.WebUiCommonHelper.selectOrDeselectOptionsByLabel(WebUiCommonHelper.java:310)
	at com.kms.katalon.core.webui.keyword.builtin.SelectOptionByLabelKeyword$_selectOptionByLabel_closure1.doCall(SelectOptionByLabelKeyword.groovy:87)
	at com.kms.katalon.core.webui.keyword.builtin.SelectOptionByLabelKeyword$_selectOptionByLabel_closure1.call(SelectOptionByLabelKeyword.groovy)
	at com.kms.katalon.core.webui.keyword.internal.WebUIKeywordMain.runKeyword(WebUIKeywordMain.groovy:20)
	at com.kms.katalon.core.webui.keyword.builtin.SelectOptionByLabelKeyword.selectOptionByLabel(SelectOptionByLabelKeyword.groovy:98)
	at com.kms.katalon.core.webui.keyword.builtin.SelectOptionByLabelKeyword.execute(SelectOptionByLabelKeyword.groovy:71)
	at com.kms.katalon.core.keyword.internal.KeywordExecutor.executeKeywordForPlatform(KeywordExecutor.groovy:74)
	at com.kms.katalon.core.webui.keyword.WebUiBuiltInKeywords.selectOptionByLabel(WebUiBuiltInKeywords.groovy:1230)
	at com.kms.katalon.core.webui.keyword.WebUiBuiltInKeywords$selectOptionByLabel$2.call(Unknown Source)
	at Script1667491086754.run(Script1667491086754.groovy:88)
	... 13 more
)
	at com.kms.katalon.core.keyword.internal.KeywordMain.stepFailed(KeywordMain.groovy:39)
	at com.kms.katalon.core.webui.keyword.internal.WebUIKeywordMain.stepFailed(WebUIKeywordMain.groovy:64)
	at com.kms.katalon.core.webui.keyword.internal.WebUIKeywordMain.runKeyword(WebUIKeywordMain.groovy:26)
	at com.kms.katalon.core.webui.keyword.builtin.SelectOptionByLabelKeyword.selectOptionByLabel(SelectOptionByLabelKeyword.groovy:98)
	at com.kms.katalon.core.webui.keyword.builtin.SelectOptionByLabelKeyword.execute(SelectOptionByLabelKeyword.groovy:71)
	at com.kms.katalon.core.keyword.internal.KeywordExecutor.executeKeywordForPlatform(KeywordExecutor.groovy:74)
	at com.kms.katalon.core.webui.keyword.WebUiBuiltInKeywords.selectOptionByLabel(WebUiBuiltInKeywords.groovy:1230)
	at com.kms.katalon.core.webui.keyword.WebUiBuiltInKeywords$selectOptionByLabel$2.call(Unknown Source)
	at EL-NumberValidation.run(EL-NumberValidation:88)
	at com.kms.katalon.core.main.ScriptEngine.run(ScriptEngine.java:194)
	at com.kms.katalon.core.main.ScriptEngine.runScriptAsRawText(ScriptEngine.java:119)
	at com.kms.katalon.core.main.TestCaseExecutor.runScript(TestCaseExecutor.java:448)
	at com.kms.katalon.core.main.TestCaseExecutor.doExecute(TestCaseExecutor.java:439)
	at com.kms.katalon.core.main.TestCaseExecutor.processExecutionPhase(TestCaseExecutor.java:418)
	at com.kms.katalon.core.main.TestCaseExecutor.accessMainPhase(TestCaseExecutor.java:410)
	at com.kms.katalon.core.main.TestCaseExecutor.execute(TestCaseExecutor.java:285)
	at com.kms.katalon.core.common.CommonExecutor.accessTestCaseMainPhase(CommonExecutor.java:65)
	at com.kms.katalon.core.main.TestSuiteExecutor.accessTestSuiteMainPhase(TestSuiteExecutor.java:148)
	at com.kms.katalon.core.main.TestSuiteExecutor.execute(TestSuiteExecutor.java:106)
	at com.kms.katalon.core.main.TestCaseMain.startTestSuite(TestCaseMain.java:187)
	at com.kms.katalon.core.main.TestCaseMain$startTestSuite$0.call(Unknown Source)
	at TempTestSuite1731019020691.run(TempTestSuite1731019020691.groovy:35)
Caused by: com.kms.katalon.core.exception.StepFailedException: Unable to select option by label 'Estate Tax' of object 'Object Repository/RAD_Pages/TaxTypeFilingYear_Page/select_TaxType_ExistingLiability' 
	... 21 more
Caused by: org.openqa.selenium.NoSuchElementException: Cannot locate element with text: Estate Tax
For documentation on this error, please visit: https://www.seleniumhq.org/exceptions/no_such_element.html
Build info: version: '3.141.59', revision: 'e82be7d358', time: '2018-11-14T08:25:53'
System info: host: 'DESKTOP-B2QI6NS', ip: '172.31.253.185', os.name: 'Windows 10', os.arch: 'amd64', os.version: '10.0', java.version: '1.8.0_181'
Driver info: driver.version: unknown
	at org.openqa.selenium.support.ui.Select.selectByVisibleText(Select.java:147)
	at com.kms.katalon.core.webui.common.WebUiCommonHelper.selectOrDeselectOptionsByLabel(WebUiCommonHelper.java:310)
	at com.kms.katalon.core.webui.keyword.builtin.SelectOptionByLabelKeyword$_selectOptionByLabel_closure1.doCall(SelectOptionByLabelKeyword.groovy:87)
	at com.kms.katalon.core.webui.keyword.builtin.SelectOptionByLabelKeyword$_selectOptionByLabel_closure1.call(SelectOptionByLabelKeyword.groovy)
	at com.kms.katalon.core.webui.keyword.internal.WebUIKeywordMain.runKeyword(WebUIKeywordMain.groovy:20)
	... 19 more
"/>
         <system-out><![CDATA[2024-11-07 17:38:08 - [TEST_CASE][FAILED] - Test Cases/RAD_TestCases/Negative_TestCases/EL-NumberValidation: Test Cases/RAD_TestCases/Negative_TestCases/EL-NumberValidation FAILED.
Reason:
com.kms.katalon.core.exception.StepFailedException: Unable to select option by label 'Estate Tax' of object 'Object Repository/RAD_Pages/TaxTypeFilingYear_Page/select_TaxType_ExistingLiability'  (Root cause: com.kms.katalon.core.exception.StepFailedException: Unable to select option by label 'Estate Tax' of object 'Object Repository/RAD_Pages/TaxTypeFilingYear_Page/select_TaxType_ExistingLiability' 
	at com.kms.katalon.core.webui.keyword.internal.WebUIKeywordMain.stepFailed(WebUIKeywordMain.groovy:64)
	at com.kms.katalon.core.webui.keyword.internal.WebUIKeywordMain.runKeyword(WebUIKeywordMain.groovy:26)
	at com.kms.katalon.core.webui.keyword.builtin.SelectOptionByLabelKeyword.selectOptionByLabel(SelectOptionByLabelKeyword.groovy:98)
	at com.kms.katalon.core.webui.keyword.builtin.SelectOptionByLabelKeyword.execute(SelectOptionByLabelKeyword.groovy:71)
	at com.kms.katalon.core.keyword.internal.KeywordExecutor.executeKeywordForPlatform(KeywordExecutor.groovy:74)
	at com.kms.katalon.core.webui.keyword.WebUiBuiltInKeywords.selectOptionByLabel(WebUiBuiltInKeywords.groovy:1230)
	at com.kms.katalon.core.webui.keyword.WebUiBuiltInKeywords$selectOptionByLabel$2.call(Unknown Source)
	at EL-NumberValidation.run(EL-NumberValidation:88)
	at com.kms.katalon.core.main.ScriptEngine.run(ScriptEngine.java:194)
	at com.kms.katalon.core.main.ScriptEngine.runScriptAsRawText(ScriptEngine.java:119)
	at com.kms.katalon.core.main.TestCaseExecutor.runScript(TestCaseExecutor.java:448)
	at com.kms.katalon.core.main.TestCaseExecutor.doExecute(TestCaseExecutor.java:439)
	at com.kms.katalon.core.main.TestCaseExecutor.processExecutionPhase(TestCaseExecutor.java:418)
	at com.kms.katalon.core.main.TestCaseExecutor.accessMainPhase(TestCaseExecutor.java:410)
	at com.kms.katalon.core.main.TestCaseExecutor.execute(TestCaseExecutor.java:285)
	at com.kms.katalon.core.common.CommonExecutor.accessTestCaseMainPhase(CommonExecutor.java:65)
	at com.kms.katalon.core.main.TestSuiteExecutor.accessTestSuiteMainPhase(TestSuiteExecutor.java:148)
	at com.kms.katalon.core.main.TestSuiteExecutor.execute(TestSuiteExecutor.java:106)
	at com.kms.katalon.core.main.TestCaseMain.startTestSuite(TestCaseMain.java:187)
	at com.kms.katalon.core.main.TestCaseMain$startTestSuite$0.call(Unknown Source)
	at TempTestSuite1731019020691.run(TempTestSuite1731019020691.groovy:35)
Caused by: org.openqa.selenium.NoSuchElementException: Cannot locate element with text: Estate Tax
For documentation on this error, please visit: https://www.seleniumhq.org/exceptions/no_such_element.html
Build info: version: '3.141.59', revision: 'e82be7d358', time: '2018-11-14T08:25:53'
System info: host: 'DESKTOP-B2QI6NS', ip: '172.31.253.185', os.name: 'Windows 10', os.arch: 'amd64', os.version: '10.0', java.version: '1.8.0_181'
Driver info: driver.version: unknown
	at org.openqa.selenium.support.ui.Select.selectByVisibleText(Select.java:147)
	at com.kms.katalon.core.webui.common.WebUiCommonHelper.selectOrDeselectOptionsByLabel(WebUiCommonHelper.java:310)
	at com.kms.katalon.core.webui.keyword.builtin.SelectOptionByLabelKeyword$_selectOptionByLabel_closure1.doCall(SelectOptionByLabelKeyword.groovy:87)
	at com.kms.katalon.core.webui.keyword.builtin.SelectOptionByLabelKeyword$_selectOptionByLabel_closure1.call(SelectOptionByLabelKeyword.groovy)
	at com.kms.katalon.core.webui.keyword.internal.WebUIKeywordMain.runKeyword(WebUIKeywordMain.groovy:20)
	at com.kms.katalon.core.webui.keyword.builtin.SelectOptionByLabelKeyword.selectOptionByLabel(SelectOptionByLabelKeyword.groovy:98)
	at com.kms.katalon.core.webui.keyword.builtin.SelectOptionByLabelKeyword.execute(SelectOptionByLabelKeyword.groovy:71)
	at com.kms.katalon.core.keyword.internal.KeywordExecutor.executeKeywordForPlatform(KeywordExecutor.groovy:74)
	at com.kms.katalon.core.webui.keyword.WebUiBuiltInKeywords.selectOptionByLabel(WebUiBuiltInKeywords.groovy:1230)
	at com.kms.katalon.core.webui.keyword.WebUiBuiltInKeywords$selectOptionByLabel$2.call(Unknown Source)
	at Script1667491086754.run(Script1667491086754.groovy:88)
	... 13 more
)
	at com.kms.katalon.core.keyword.internal.KeywordMain.stepFailed(KeywordMain.groovy:39)
	at com.kms.katalon.core.webui.keyword.internal.WebUIKeywordMain.stepFailed(WebUIKeywordMain.groovy:64)
	at com.kms.katalon.core.webui.keyword.internal.WebUIKeywordMain.runKeyword(WebUIKeywordMain.groovy:26)
	at com.kms.katalon.core.webui.keyword.builtin.SelectOptionByLabelKeyword.selectOptionByLabel(SelectOptionByLabelKeyword.groovy:98)
	at com.kms.katalon.core.webui.keyword.builtin.SelectOptionByLabelKeyword.execute(SelectOptionByLabelKeyword.groovy:71)
	at com.kms.katalon.core.keyword.internal.KeywordExecutor.executeKeywordForPlatform(KeywordExecutor.groovy:74)
	at com.kms.katalon.core.webui.keyword.WebUiBuiltInKeywords.selectOptionByLabel(WebUiBuiltInKeywords.groovy:1230)
	at com.kms.katalon.core.webui.keyword.WebUiBuiltInKeywords$selectOptionByLabel$2.call(Unknown Source)
	at EL-NumberValidation.run(EL-NumberValidation:88)
	at com.kms.katalon.core.main.ScriptEngine.run(ScriptEngine.java:194)
	at com.kms.katalon.core.main.ScriptEngine.runScriptAsRawText(ScriptEngine.java:119)
	at com.kms.katalon.core.main.TestCaseExecutor.runScript(TestCaseExecutor.java:448)
	at com.kms.katalon.core.main.TestCaseExecutor.doExecute(TestCaseExecutor.java:439)
	at com.kms.katalon.core.main.TestCaseExecutor.processExecutionPhase(TestCaseExecutor.java:418)
	at com.kms.katalon.core.main.TestCaseExecutor.accessMainPhase(TestCaseExecutor.java:410)
	at com.kms.katalon.core.main.TestCaseExecutor.execute(TestCaseExecutor.java:285)
	at com.kms.katalon.core.common.CommonExecutor.accessTestCaseMainPhase(CommonExecutor.java:65)
	at com.kms.katalon.core.main.TestSuiteExecutor.accessTestSuiteMainPhase(TestSuiteExecutor.java:148)
	at com.kms.katalon.core.main.TestSuiteExecutor.execute(TestSuiteExecutor.java:106)
	at com.kms.katalon.core.main.TestCaseMain.startTestSuite(TestCaseMain.java:187)
	at com.kms.katalon.core.main.TestCaseMain$startTestSuite$0.call(Unknown Source)
	at TempTestSuite1731019020691.run(TempTestSuite1731019020691.groovy:35)
Caused by: com.kms.katalon.core.exception.StepFailedException: Unable to select option by label 'Estate Tax' of object 'Object Repository/RAD_Pages/TaxTypeFilingYear_Page/select_TaxType_ExistingLiability' 
	... 21 more
Caused by: org.openqa.selenium.NoSuchElementException: Cannot locate element with text: Estate Tax
For documentation on this error, please visit: https://www.seleniumhq.org/exceptions/no_such_element.html
Build info: version: '3.141.59', revision: 'e82be7d358', time: '2018-11-14T08:25:53'
System info: host: 'DESKTOP-B2QI6NS', ip: '172.31.253.185', os.name: 'Windows 10', os.arch: 'amd64', os.version: '10.0', java.version: '1.8.0_181'
Driver info: driver.version: unknown
	at org.openqa.selenium.support.ui.Select.selectByVisibleText(Select.java:147)
	at com.kms.katalon.core.webui.common.WebUiCommonHelper.selectOrDeselectOptionsByLabel(WebUiCommonHelper.java:310)
	at com.kms.katalon.core.webui.keyword.builtin.SelectOptionByLabelKeyword$_selectOptionByLabel_closure1.doCall(SelectOptionByLabelKeyword.groovy:87)
	at com.kms.katalon.core.webui.keyword.builtin.SelectOptionByLabelKeyword$_selectOptionByLabel_closure1.call(SelectOptionByLabelKeyword.groovy)
	at com.kms.katalon.core.webui.keyword.internal.WebUIKeywordMain.runKeyword(WebUIKeywordMain.groovy:20)
	... 19 more


2024-11-07 17:38:09 - [TEST_STEP][PASSED] - resText = "Fail": null

2024-11-07 17:38:09 - [TEST_STEP][PASSED] - resColumn = "Result": null

2024-11-07 17:38:09 - [TEST_STEP][PASSED] - datCloumn = "Date": null

2024-11-07 17:38:09 - [TEST_STEP][PASSED] - fileLoc = "KatalonData/RADTestData/EL-NumberValidation.xlsx": null

2024-11-07 17:38:09 - [TEST_STEP][PASSED] - nameSheet = "NumberError": null

2024-11-07 17:38:09 - [TEST_STEP][PASSED] - dataFile = "RADTestData/EL-NumberValidation": null

2024-11-07 17:38:09 - [TEST_STEP][PASSED] - ExecuteTC = <not implemented yet for class: org.codehaus.groovy.ast.expr.EmptyExpression>: null

2024-11-07 17:38:09 - [TEST_STEP][PASSED] - Taxtype = <not implemented yet for class: org.codehaus.groovy.ast.expr.EmptyExpression>: null

2024-11-07 17:38:09 - [TEST_STEP][PASSED] - TaxTypeEL = <not implemented yet for class: org.codehaus.groovy.ast.expr.EmptyExpression>: null

2024-11-07 17:38:09 - [TEST_STEP][PASSED] - notInvNumber = <not implemented yet for class: org.codehaus.groovy.ast.expr.EmptyExpression>: null

2024-11-07 17:38:09 - [TEST_STEP][PASSED] - errorMsg = <not implemented yet for class: org.codehaus.groovy.ast.expr.EmptyExpression>: null

2024-11-07 17:38:09 - [TEST_STEP][PASSED] - numOfRows = findTestData(dataFile).getRowNumbers(): null

2024-11-07 17:38:10 - [TEST_STEP][PASSED] - println("Number of Records: " + numOfRows): null

2024-11-07 17:38:10 - [TEST_STEP][FAILED] - for ([row = 1, row <= numOfRows, (row++)]): null

2024-11-07 17:38:10 - [TEST_STEP][PASSED] - ExecuteTC = findTestData(dataFile).getValue("Execute", row): null

2024-11-07 17:38:10 - [TEST_STEP][PASSED] - Taxtype = findTestData(dataFile).getValue("TaxType", row): null

2024-11-07 17:38:10 - [TEST_STEP][PASSED] - TaxTypeEL = findTestData(dataFile).getValue("TaxTypeEL", row): null

2024-11-07 17:38:10 - [TEST_STEP][PASSED] - notInvNumber = findTestData(dataFile).getValue("NotiInvoNumber", row): null

2024-11-07 17:38:10 - [TEST_STEP][PASSED] - errorMsg = findTestData(dataFile).getValue("ErrorMessage", row): null

2024-11-07 17:38:10 - [TEST_STEP][PASSED] - out.println("Value of Execute is : " + ExecuteTC): null

2024-11-07 17:38:10 - [TEST_STEP][PASSED] - if (ExecuteTC.equalsIgnoreCase("Y")): null

2024-11-07 17:38:10 - [TEST_STEP][PASSED] - out.println("Begin Record Number: " + row): null

2024-11-07 17:38:10 - [TEST_STEP][PASSED] - today = new java.util.Date(): null

2024-11-07 17:38:10 - [TEST_STEP][PASSED] - println(today): null

2024-11-07 17:38:10 - [TEST_STEP][PASSED] - datText = today: null

2024-11-07 17:38:10 - [TEST_STEP][PASSED] - Taxtype = findTestData(dataFile).getValue("TaxType", row): null

2024-11-07 17:38:10 - [TEST_STEP][PASSED] - out.println("Taxtype value is : " + Taxtype): null

2024-11-07 17:38:10 - [TEST_STEP][PASSED] - openBrowser(""): Browser is opened with url: ''

2024-11-07 17:38:10 - [MESSAGE][WARNING] - A browser is already opened. Closing browser and opening a new one

2024-11-07 17:38:12 - [MESSAGE][INFO] - Starting 'Chrome' driver

2024-11-07 17:38:12 - [MESSAGE][INFO] - User set preference: ['acceptInsecureCerts', 'true']

2024-11-07 17:38:12 - [MESSAGE][INFO] - Action delay is set to 0 milliseconds

2024-11-07 17:38:14 - [MESSAGE][PASSED] - Browser is opened with url: ''

2024-11-07 17:38:14 - [TEST_STEP][PASSED] - maximizeWindow(): Current window maximized

2024-11-07 17:38:14 - [MESSAGE][PASSED] - Current window maximized

2024-11-07 17:38:14 - [TEST_STEP][PASSED] - navigateToUrl(RADurl): Navigate to 'https://www.velocitypayment.com/client/rad/index.html' successfully

2024-11-07 17:38:15 - [MESSAGE][PASSED] - Navigate to 'https://www.velocitypayment.com/client/rad/index.html' successfully

2024-11-07 17:38:15 - [TEST_STEP][PASSED] - orPath_Landing = "Object Repository/RAD_Pages/Landing_Page": null

2024-11-07 17:38:15 - [TEST_STEP][PASSED] - orPath_TaxTypeFilingYear = "Object Repository/RAD_Pages/TaxTypeFilingYear_Page": null

2024-11-07 17:38:15 - [TEST_STEP][PASSED] - orPath_TaxPayer = "Object Repository/RAD_Pages/Taxpayer_Page": null

2024-11-07 17:38:15 - [TEST_STEP][PASSED] - orPath_AddressContact = "Object Repository/RAD_Pages/AddressAndContactInfo_Page": null

2024-11-07 17:38:15 - [TEST_STEP][PASSED] - orPath_FilingStatus = "Object Repository/RAD_Pages/FilingStatus_Page": null

2024-11-07 17:38:15 - [TEST_STEP][PASSED] - orPath_Amount = "Object Repository/RAD_Pages/PaymentAmount_Page": null

2024-11-07 17:38:15 - [TEST_STEP][PASSED] - orPath_TaxInfo = "Object Repository/RAD_Pages/TaxInfo_Page": null

2024-11-07 17:38:15 - [TEST_STEP][PASSED] - orPath_Withholding = "Object Repository/RAD_Pages/Withholding_Page": null

2024-11-07 17:38:15 - [TEST_STEP][PASSED] - orPath_Summary = "Object Repository/RAD_Pages/Summary_Page": null

2024-11-07 17:38:15 - [TEST_STEP][PASSED] - orPath_PaymentReady = "Object Repository/RAD_Pages/PaymentReady_Page": null

2024-11-07 17:38:15 - [TEST_STEP][PASSED] - orPath_PaymentEntry = "Object Repository/RAD_Pages/PaymentEntry_Page": null

2024-11-07 17:38:15 - [TEST_STEP][PASSED] - orPath_PaymentConfirmation = "Object Repository/RAD_Pages/PaymentConfirmation_Page": null

2024-11-07 17:38:15 - [TEST_STEP][PASSED] - orPath_ServiceFeesAccept = "Object Repository/RAD_Pages/ServiceFeeAccept_Page": null

2024-11-07 17:38:15 - [TEST_STEP][PASSED] - selectOptionByLabel(findTestObject(orPath_Landing + "/dd_TaxType"), Taxtype, false): All options with label 'Existing Liability with Notice/Invoice Number' are selected in object 'Object Repository/RAD_Pages/Landing_Page/dd_TaxType' 

2024-11-07 17:38:16 - [MESSAGE][PASSED] - All options with label 'Existing Liability with Notice/Invoice Number' are selected in object 'Object Repository/RAD_Pages/Landing_Page/dd_TaxType' 

2024-11-07 17:38:16 - [TEST_STEP][PASSED] - delay(1): Delayed 1 second(s)

2024-11-07 17:38:17 - [MESSAGE][PASSED] - Delayed 1 second(s)

2024-11-07 17:38:17 - [TEST_STEP][PASSED] - selectOptionByLabel(findTestObject(orPath_TaxTypeFilingYear + "/select_TaxType_ExistingLiability"), TaxTypeEL, false): All options with label 'Bay Restoration Fee' are selected in object 'Object Repository/RAD_Pages/TaxTypeFilingYear_Page/select_TaxType_ExistingLiability' 

2024-11-07 17:38:18 - [MESSAGE][PASSED] - All options with label 'Bay Restoration Fee' are selected in object 'Object Repository/RAD_Pages/TaxTypeFilingYear_Page/select_TaxType_ExistingLiability' 

2024-11-07 17:38:18 - [TEST_STEP][PASSED] - setText(findTestObject(orPath_TaxInfo + "/input_NoticeInvoiceNumber"), notInvNumber): Text '123456789' is set on object 'Object Repository/RAD_Pages/TaxInfo_Page/input_NoticeInvoiceNumber'

2024-11-07 17:38:19 - [MESSAGE][PASSED] - Text '123456789' is set on object 'Object Repository/RAD_Pages/TaxInfo_Page/input_NoticeInvoiceNumber'

2024-11-07 17:38:19 - [TEST_STEP][PASSED] - setText(findTestObject(orPath_TaxInfo + "/input_reTypeNoticeInvoiceNumber"), notInvNumber): Text '123456789' is set on object 'Object Repository/RAD_Pages/TaxInfo_Page/input_reTypeNoticeInvoiceNumber'

2024-11-07 17:38:20 - [MESSAGE][PASSED] - Text '123456789' is set on object 'Object Repository/RAD_Pages/TaxInfo_Page/input_reTypeNoticeInvoiceNumber'

2024-11-07 17:38:20 - [TEST_STEP][PASSED] - println(notInvNumber): null

2024-11-07 17:38:20 - [TEST_STEP][PASSED] - if (verifyTextPresent(errorMsg, true)): null

2024-11-07 17:38:20 - [MESSAGE][PASSED] - Text 'Notice Number or Invoice Number must be 10, 11, or 13 digits in length, with a value greater than zero' is present on page  using regular expression

2024-11-07 17:38:20 - [TEST_STEP][PASSED] - println("Error Message is present on the page"): null

2024-11-07 17:38:20 - [TEST_STEP][PASSED] - out.println("Pass Record Number: " + row): null

2024-11-07 17:38:20 - [TEST_STEP][PASSED] - resText = "Pass": null

2024-11-07 17:38:20 - [TEST_STEP][PASSED] - pages.WriteExcel.demoKey(resText, datText, resColumn, datCloumn, fileLoc, nameSheet, row): pages.WriteExcel.demoKey is PASSED

2024-11-07 17:38:21 - [MESSAGE][PASSED] - pages.WriteExcel.demoKey is PASSED

2024-11-07 17:38:21 - [TEST_STEP][PASSED] - ExecuteTC = findTestData(dataFile).getValue("Execute", row): null

2024-11-07 17:38:21 - [TEST_STEP][PASSED] - Taxtype = findTestData(dataFile).getValue("TaxType", row): null

2024-11-07 17:38:21 - [TEST_STEP][PASSED] - TaxTypeEL = findTestData(dataFile).getValue("TaxTypeEL", row): null

2024-11-07 17:38:21 - [TEST_STEP][PASSED] - notInvNumber = findTestData(dataFile).getValue("NotiInvoNumber", row): null

2024-11-07 17:38:21 - [TEST_STEP][PASSED] - errorMsg = findTestData(dataFile).getValue("ErrorMessage", row): null

2024-11-07 17:38:22 - [TEST_STEP][PASSED] - out.println("Value of Execute is : " + ExecuteTC): null

2024-11-07 17:38:22 - [TEST_STEP][PASSED] - if (ExecuteTC.equalsIgnoreCase("Y")): null

2024-11-07 17:38:22 - [TEST_STEP][PASSED] - out.println("Begin Record Number: " + row): null

2024-11-07 17:38:22 - [TEST_STEP][PASSED] - today = new java.util.Date(): null

2024-11-07 17:38:22 - [TEST_STEP][PASSED] - println(today): null

2024-11-07 17:38:22 - [TEST_STEP][PASSED] - datText = today: null

2024-11-07 17:38:22 - [TEST_STEP][PASSED] - Taxtype = findTestData(dataFile).getValue("TaxType", row): null

2024-11-07 17:38:22 - [TEST_STEP][PASSED] - out.println("Taxtype value is : " + Taxtype): null

2024-11-07 17:38:22 - [TEST_STEP][PASSED] - openBrowser(""): Browser is opened with url: ''

2024-11-07 17:38:22 - [MESSAGE][WARNING] - A browser is already opened. Closing browser and opening a new one

2024-11-07 17:38:23 - [MESSAGE][INFO] - Starting 'Chrome' driver

2024-11-07 17:38:23 - [MESSAGE][INFO] - User set preference: ['acceptInsecureCerts', 'true']

2024-11-07 17:38:23 - [MESSAGE][INFO] - Action delay is set to 0 milliseconds

2024-11-07 17:38:25 - [MESSAGE][PASSED] - Browser is opened with url: ''

2024-11-07 17:38:25 - [TEST_STEP][PASSED] - maximizeWindow(): Current window maximized

2024-11-07 17:38:25 - [MESSAGE][PASSED] - Current window maximized

2024-11-07 17:38:25 - [TEST_STEP][PASSED] - navigateToUrl(RADurl): Navigate to 'https://www.velocitypayment.com/client/rad/index.html' successfully

2024-11-07 17:38:27 - [MESSAGE][PASSED] - Navigate to 'https://www.velocitypayment.com/client/rad/index.html' successfully

2024-11-07 17:38:27 - [TEST_STEP][PASSED] - orPath_Landing = "Object Repository/RAD_Pages/Landing_Page": null

2024-11-07 17:38:27 - [TEST_STEP][PASSED] - orPath_TaxTypeFilingYear = "Object Repository/RAD_Pages/TaxTypeFilingYear_Page": null

2024-11-07 17:38:27 - [TEST_STEP][PASSED] - orPath_TaxPayer = "Object Repository/RAD_Pages/Taxpayer_Page": null

2024-11-07 17:38:27 - [TEST_STEP][PASSED] - orPath_AddressContact = "Object Repository/RAD_Pages/AddressAndContactInfo_Page": null

2024-11-07 17:38:27 - [TEST_STEP][PASSED] - orPath_FilingStatus = "Object Repository/RAD_Pages/FilingStatus_Page": null

2024-11-07 17:38:27 - [TEST_STEP][PASSED] - orPath_Amount = "Object Repository/RAD_Pages/PaymentAmount_Page": null

2024-11-07 17:38:27 - [TEST_STEP][PASSED] - orPath_TaxInfo = "Object Repository/RAD_Pages/TaxInfo_Page": null

2024-11-07 17:38:27 - [TEST_STEP][PASSED] - orPath_Withholding = "Object Repository/RAD_Pages/Withholding_Page": null

2024-11-07 17:38:27 - [TEST_STEP][PASSED] - orPath_Summary = "Object Repository/RAD_Pages/Summary_Page": null

2024-11-07 17:38:27 - [TEST_STEP][PASSED] - orPath_PaymentReady = "Object Repository/RAD_Pages/PaymentReady_Page": null

2024-11-07 17:38:27 - [TEST_STEP][PASSED] - orPath_PaymentEntry = "Object Repository/RAD_Pages/PaymentEntry_Page": null

2024-11-07 17:38:27 - [TEST_STEP][PASSED] - orPath_PaymentConfirmation = "Object Repository/RAD_Pages/PaymentConfirmation_Page": null

2024-11-07 17:38:27 - [TEST_STEP][PASSED] - orPath_ServiceFeesAccept = "Object Repository/RAD_Pages/ServiceFeeAccept_Page": null

2024-11-07 17:38:27 - [TEST_STEP][PASSED] - selectOptionByLabel(findTestObject(orPath_Landing + "/dd_TaxType"), Taxtype, false): All options with label 'Existing Liability with Notice/Invoice Number' are selected in object 'Object Repository/RAD_Pages/Landing_Page/dd_TaxType' 

2024-11-07 17:38:28 - [MESSAGE][PASSED] - All options with label 'Existing Liability with Notice/Invoice Number' are selected in object 'Object Repository/RAD_Pages/Landing_Page/dd_TaxType' 

2024-11-07 17:38:28 - [TEST_STEP][PASSED] - delay(1): Delayed 1 second(s)

2024-11-07 17:38:29 - [MESSAGE][PASSED] - Delayed 1 second(s)

2024-11-07 17:38:29 - [TEST_STEP][PASSED] - selectOptionByLabel(findTestObject(orPath_TaxTypeFilingYear + "/select_TaxType_ExistingLiability"), TaxTypeEL, false): All options with label 'Bay Restoration Fee' are selected in object 'Object Repository/RAD_Pages/TaxTypeFilingYear_Page/select_TaxType_ExistingLiability' 

2024-11-07 17:38:30 - [MESSAGE][PASSED] - All options with label 'Bay Restoration Fee' are selected in object 'Object Repository/RAD_Pages/TaxTypeFilingYear_Page/select_TaxType_ExistingLiability' 

2024-11-07 17:38:30 - [TEST_STEP][PASSED] - setText(findTestObject(orPath_TaxInfo + "/input_NoticeInvoiceNumber"), notInvNumber): Text '123456789012' is set on object 'Object Repository/RAD_Pages/TaxInfo_Page/input_NoticeInvoiceNumber'

2024-11-07 17:38:31 - [MESSAGE][PASSED] - Text '123456789012' is set on object 'Object Repository/RAD_Pages/TaxInfo_Page/input_NoticeInvoiceNumber'

2024-11-07 17:38:31 - [TEST_STEP][PASSED] - setText(findTestObject(orPath_TaxInfo + "/input_reTypeNoticeInvoiceNumber"), notInvNumber): Text '123456789012' is set on object 'Object Repository/RAD_Pages/TaxInfo_Page/input_reTypeNoticeInvoiceNumber'

2024-11-07 17:38:32 - [MESSAGE][PASSED] - Text '123456789012' is set on object 'Object Repository/RAD_Pages/TaxInfo_Page/input_reTypeNoticeInvoiceNumber'

2024-11-07 17:38:32 - [TEST_STEP][PASSED] - println(notInvNumber): null

2024-11-07 17:38:32 - [TEST_STEP][PASSED] - if (verifyTextPresent(errorMsg, true)): null

2024-11-07 17:38:32 - [MESSAGE][PASSED] - Text 'Notice Number or Invoice Number must be 10, 11, or 13 digits in length, with a value greater than zero' is present on page  using regular expression

2024-11-07 17:38:32 - [TEST_STEP][PASSED] - println("Error Message is present on the page"): null

2024-11-07 17:38:32 - [TEST_STEP][PASSED] - out.println("Pass Record Number: " + row): null

2024-11-07 17:38:32 - [TEST_STEP][PASSED] - resText = "Pass": null

2024-11-07 17:38:32 - [TEST_STEP][PASSED] - pages.WriteExcel.demoKey(resText, datText, resColumn, datCloumn, fileLoc, nameSheet, row): pages.WriteExcel.demoKey is PASSED

2024-11-07 17:38:32 - [MESSAGE][PASSED] - pages.WriteExcel.demoKey is PASSED

2024-11-07 17:38:32 - [TEST_STEP][PASSED] - ExecuteTC = findTestData(dataFile).getValue("Execute", row): null

2024-11-07 17:38:32 - [TEST_STEP][PASSED] - Taxtype = findTestData(dataFile).getValue("TaxType", row): null

2024-11-07 17:38:32 - [TEST_STEP][PASSED] - TaxTypeEL = findTestData(dataFile).getValue("TaxTypeEL", row): null

2024-11-07 17:38:32 - [TEST_STEP][PASSED] - notInvNumber = findTestData(dataFile).getValue("NotiInvoNumber", row): null

2024-11-07 17:38:33 - [TEST_STEP][PASSED] - errorMsg = findTestData(dataFile).getValue("ErrorMessage", row): null

2024-11-07 17:38:33 - [TEST_STEP][PASSED] - out.println("Value of Execute is : " + ExecuteTC): null

2024-11-07 17:38:33 - [TEST_STEP][PASSED] - if (ExecuteTC.equalsIgnoreCase("Y")): null

2024-11-07 17:38:33 - [TEST_STEP][PASSED] - out.println("Begin Record Number: " + row): null

2024-11-07 17:38:33 - [TEST_STEP][PASSED] - today = new java.util.Date(): null

2024-11-07 17:38:33 - [TEST_STEP][PASSED] - println(today): null

2024-11-07 17:38:33 - [TEST_STEP][PASSED] - datText = today: null

2024-11-07 17:38:33 - [TEST_STEP][PASSED] - Taxtype = findTestData(dataFile).getValue("TaxType", row): null

2024-11-07 17:38:33 - [TEST_STEP][PASSED] - out.println("Taxtype value is : " + Taxtype): null

2024-11-07 17:38:33 - [TEST_STEP][PASSED] - openBrowser(""): Browser is opened with url: ''

2024-11-07 17:38:33 - [MESSAGE][WARNING] - A browser is already opened. Closing browser and opening a new one

2024-11-07 17:38:34 - [MESSAGE][INFO] - Starting 'Chrome' driver

2024-11-07 17:38:34 - [MESSAGE][INFO] - User set preference: ['acceptInsecureCerts', 'true']

2024-11-07 17:38:34 - [MESSAGE][INFO] - Action delay is set to 0 milliseconds

2024-11-07 17:38:36 - [MESSAGE][PASSED] - Browser is opened with url: ''

2024-11-07 17:38:36 - [TEST_STEP][PASSED] - maximizeWindow(): Current window maximized

2024-11-07 17:38:36 - [MESSAGE][PASSED] - Current window maximized

2024-11-07 17:38:36 - [TEST_STEP][PASSED] - navigateToUrl(RADurl): Navigate to 'https://www.velocitypayment.com/client/rad/index.html' successfully

2024-11-07 17:38:36 - [MESSAGE][PASSED] - Navigate to 'https://www.velocitypayment.com/client/rad/index.html' successfully

2024-11-07 17:38:36 - [TEST_STEP][PASSED] - orPath_Landing = "Object Repository/RAD_Pages/Landing_Page": null

2024-11-07 17:38:36 - [TEST_STEP][PASSED] - orPath_TaxTypeFilingYear = "Object Repository/RAD_Pages/TaxTypeFilingYear_Page": null

2024-11-07 17:38:36 - [TEST_STEP][PASSED] - orPath_TaxPayer = "Object Repository/RAD_Pages/Taxpayer_Page": null

2024-11-07 17:38:36 - [TEST_STEP][PASSED] - orPath_AddressContact = "Object Repository/RAD_Pages/AddressAndContactInfo_Page": null

2024-11-07 17:38:36 - [TEST_STEP][PASSED] - orPath_FilingStatus = "Object Repository/RAD_Pages/FilingStatus_Page": null

2024-11-07 17:38:36 - [TEST_STEP][PASSED] - orPath_Amount = "Object Repository/RAD_Pages/PaymentAmount_Page": null

2024-11-07 17:38:36 - [TEST_STEP][PASSED] - orPath_TaxInfo = "Object Repository/RAD_Pages/TaxInfo_Page": null

2024-11-07 17:38:36 - [TEST_STEP][PASSED] - orPath_Withholding = "Object Repository/RAD_Pages/Withholding_Page": null

2024-11-07 17:38:36 - [TEST_STEP][PASSED] - orPath_Summary = "Object Repository/RAD_Pages/Summary_Page": null

2024-11-07 17:38:36 - [TEST_STEP][PASSED] - orPath_PaymentReady = "Object Repository/RAD_Pages/PaymentReady_Page": null

2024-11-07 17:38:36 - [TEST_STEP][PASSED] - orPath_PaymentEntry = "Object Repository/RAD_Pages/PaymentEntry_Page": null

2024-11-07 17:38:36 - [TEST_STEP][PASSED] - orPath_PaymentConfirmation = "Object Repository/RAD_Pages/PaymentConfirmation_Page": null

2024-11-07 17:38:36 - [TEST_STEP][PASSED] - orPath_ServiceFeesAccept = "Object Repository/RAD_Pages/ServiceFeeAccept_Page": null

2024-11-07 17:38:36 - [TEST_STEP][PASSED] - selectOptionByLabel(findTestObject(orPath_Landing + "/dd_TaxType"), Taxtype, false): All options with label 'Existing Liability with Notice/Invoice Number' are selected in object 'Object Repository/RAD_Pages/Landing_Page/dd_TaxType' 

2024-11-07 17:38:39 - [MESSAGE][PASSED] - All options with label 'Existing Liability with Notice/Invoice Number' are selected in object 'Object Repository/RAD_Pages/Landing_Page/dd_TaxType' 

2024-11-07 17:38:39 - [TEST_STEP][PASSED] - delay(1): Delayed 1 second(s)

2024-11-07 17:38:40 - [MESSAGE][PASSED] - Delayed 1 second(s)

2024-11-07 17:38:40 - [TEST_STEP][PASSED] - selectOptionByLabel(findTestObject(orPath_TaxTypeFilingYear + "/select_TaxType_ExistingLiability"), TaxTypeEL, false): All options with label 'Bay Restoration Fee' are selected in object 'Object Repository/RAD_Pages/TaxTypeFilingYear_Page/select_TaxType_ExistingLiability' 

2024-11-07 17:38:41 - [MESSAGE][PASSED] - All options with label 'Bay Restoration Fee' are selected in object 'Object Repository/RAD_Pages/TaxTypeFilingYear_Page/select_TaxType_ExistingLiability' 

2024-11-07 17:38:41 - [TEST_STEP][PASSED] - setText(findTestObject(orPath_TaxInfo + "/input_NoticeInvoiceNumber"), notInvNumber): Text '0000000000' is set on object 'Object Repository/RAD_Pages/TaxInfo_Page/input_NoticeInvoiceNumber'

2024-11-07 17:38:42 - [MESSAGE][PASSED] - Text '0000000000' is set on object 'Object Repository/RAD_Pages/TaxInfo_Page/input_NoticeInvoiceNumber'

2024-11-07 17:38:42 - [TEST_STEP][PASSED] - setText(findTestObject(orPath_TaxInfo + "/input_reTypeNoticeInvoiceNumber"), notInvNumber): Text '0000000000' is set on object 'Object Repository/RAD_Pages/TaxInfo_Page/input_reTypeNoticeInvoiceNumber'

2024-11-07 17:38:43 - [MESSAGE][PASSED] - Text '0000000000' is set on object 'Object Repository/RAD_Pages/TaxInfo_Page/input_reTypeNoticeInvoiceNumber'

2024-11-07 17:38:43 - [TEST_STEP][PASSED] - println(notInvNumber): null

2024-11-07 17:38:43 - [TEST_STEP][PASSED] - if (verifyTextPresent(errorMsg, true)): null

2024-11-07 17:38:43 - [MESSAGE][PASSED] - Text 'Notice Number or Invoice Number must be 10, 11, or 13 digits in length, with a value greater than zero' is present on page  using regular expression

2024-11-07 17:38:43 - [TEST_STEP][PASSED] - println("Error Message is present on the page"): null

2024-11-07 17:38:43 - [TEST_STEP][PASSED] - out.println("Pass Record Number: " + row): null

2024-11-07 17:38:43 - [TEST_STEP][PASSED] - resText = "Pass": null

2024-11-07 17:38:43 - [TEST_STEP][PASSED] - pages.WriteExcel.demoKey(resText, datText, resColumn, datCloumn, fileLoc, nameSheet, row): pages.WriteExcel.demoKey is PASSED

2024-11-07 17:38:43 - [MESSAGE][PASSED] - pages.WriteExcel.demoKey is PASSED

2024-11-07 17:38:43 - [TEST_STEP][PASSED] - ExecuteTC = findTestData(dataFile).getValue("Execute", row): null

2024-11-07 17:38:43 - [TEST_STEP][PASSED] - Taxtype = findTestData(dataFile).getValue("TaxType", row): null

2024-11-07 17:38:43 - [TEST_STEP][PASSED] - TaxTypeEL = findTestData(dataFile).getValue("TaxTypeEL", row): null

2024-11-07 17:38:43 - [TEST_STEP][PASSED] - notInvNumber = findTestData(dataFile).getValue("NotiInvoNumber", row): null

2024-11-07 17:38:43 - [TEST_STEP][PASSED] - errorMsg = findTestData(dataFile).getValue("ErrorMessage", row): null

2024-11-07 17:38:43 - [TEST_STEP][PASSED] - out.println("Value of Execute is : " + ExecuteTC): null

2024-11-07 17:38:43 - [TEST_STEP][PASSED] - if (ExecuteTC.equalsIgnoreCase("Y")): null

2024-11-07 17:38:43 - [TEST_STEP][PASSED] - out.println("Begin Record Number: " + row): null

2024-11-07 17:38:43 - [TEST_STEP][PASSED] - today = new java.util.Date(): null

2024-11-07 17:38:43 - [TEST_STEP][PASSED] - println(today): null

2024-11-07 17:38:43 - [TEST_STEP][PASSED] - datText = today: null

2024-11-07 17:38:43 - [TEST_STEP][PASSED] - Taxtype = findTestData(dataFile).getValue("TaxType", row): null

2024-11-07 17:38:43 - [TEST_STEP][PASSED] - out.println("Taxtype value is : " + Taxtype): null

2024-11-07 17:38:43 - [TEST_STEP][PASSED] - openBrowser(""): Browser is opened with url: ''

2024-11-07 17:38:43 - [MESSAGE][WARNING] - A browser is already opened. Closing browser and opening a new one

2024-11-07 17:38:45 - [MESSAGE][INFO] - Starting 'Chrome' driver

2024-11-07 17:38:45 - [MESSAGE][INFO] - User set preference: ['acceptInsecureCerts', 'true']

2024-11-07 17:38:45 - [MESSAGE][INFO] - Action delay is set to 0 milliseconds

2024-11-07 17:38:47 - [MESSAGE][PASSED] - Browser is opened with url: ''

2024-11-07 17:38:47 - [TEST_STEP][PASSED] - maximizeWindow(): Current window maximized

2024-11-07 17:38:47 - [MESSAGE][PASSED] - Current window maximized

2024-11-07 17:38:47 - [TEST_STEP][PASSED] - navigateToUrl(RADurl): Navigate to 'https://www.velocitypayment.com/client/rad/index.html' successfully

2024-11-07 17:38:47 - [MESSAGE][PASSED] - Navigate to 'https://www.velocitypayment.com/client/rad/index.html' successfully

2024-11-07 17:38:47 - [TEST_STEP][PASSED] - orPath_Landing = "Object Repository/RAD_Pages/Landing_Page": null

2024-11-07 17:38:47 - [TEST_STEP][PASSED] - orPath_TaxTypeFilingYear = "Object Repository/RAD_Pages/TaxTypeFilingYear_Page": null

2024-11-07 17:38:47 - [TEST_STEP][PASSED] - orPath_TaxPayer = "Object Repository/RAD_Pages/Taxpayer_Page": null

2024-11-07 17:38:47 - [TEST_STEP][PASSED] - orPath_AddressContact = "Object Repository/RAD_Pages/AddressAndContactInfo_Page": null

2024-11-07 17:38:47 - [TEST_STEP][PASSED] - orPath_FilingStatus = "Object Repository/RAD_Pages/FilingStatus_Page": null

2024-11-07 17:38:47 - [TEST_STEP][PASSED] - orPath_Amount = "Object Repository/RAD_Pages/PaymentAmount_Page": null

2024-11-07 17:38:47 - [TEST_STEP][PASSED] - orPath_TaxInfo = "Object Repository/RAD_Pages/TaxInfo_Page": null

2024-11-07 17:38:47 - [TEST_STEP][PASSED] - orPath_Withholding = "Object Repository/RAD_Pages/Withholding_Page": null

2024-11-07 17:38:47 - [TEST_STEP][PASSED] - orPath_Summary = "Object Repository/RAD_Pages/Summary_Page": null

2024-11-07 17:38:47 - [TEST_STEP][PASSED] - orPath_PaymentReady = "Object Repository/RAD_Pages/PaymentReady_Page": null

2024-11-07 17:38:47 - [TEST_STEP][PASSED] - orPath_PaymentEntry = "Object Repository/RAD_Pages/PaymentEntry_Page": null

2024-11-07 17:38:47 - [TEST_STEP][PASSED] - orPath_PaymentConfirmation = "Object Repository/RAD_Pages/PaymentConfirmation_Page": null

2024-11-07 17:38:47 - [TEST_STEP][PASSED] - orPath_ServiceFeesAccept = "Object Repository/RAD_Pages/ServiceFeeAccept_Page": null

2024-11-07 17:38:47 - [TEST_STEP][PASSED] - selectOptionByLabel(findTestObject(orPath_Landing + "/dd_TaxType"), Taxtype, false): All options with label 'Existing Liability with Notice/Invoice Number' are selected in object 'Object Repository/RAD_Pages/Landing_Page/dd_TaxType' 

2024-11-07 17:38:49 - [MESSAGE][PASSED] - All options with label 'Existing Liability with Notice/Invoice Number' are selected in object 'Object Repository/RAD_Pages/Landing_Page/dd_TaxType' 

2024-11-07 17:38:49 - [TEST_STEP][PASSED] - delay(1): Delayed 1 second(s)

2024-11-07 17:38:50 - [MESSAGE][PASSED] - Delayed 1 second(s)

2024-11-07 17:38:50 - [TEST_STEP][PASSED] - selectOptionByLabel(findTestObject(orPath_TaxTypeFilingYear + "/select_TaxType_ExistingLiability"), TaxTypeEL, false): All options with label 'Corporate Income Tax' are selected in object 'Object Repository/RAD_Pages/TaxTypeFilingYear_Page/select_TaxType_ExistingLiability' 

2024-11-07 17:38:51 - [MESSAGE][PASSED] - All options with label 'Corporate Income Tax' are selected in object 'Object Repository/RAD_Pages/TaxTypeFilingYear_Page/select_TaxType_ExistingLiability' 

2024-11-07 17:38:51 - [TEST_STEP][PASSED] - setText(findTestObject(orPath_TaxInfo + "/input_NoticeInvoiceNumber"), notInvNumber): Text '123456789' is set on object 'Object Repository/RAD_Pages/TaxInfo_Page/input_NoticeInvoiceNumber'

2024-11-07 17:38:52 - [MESSAGE][PASSED] - Text '123456789' is set on object 'Object Repository/RAD_Pages/TaxInfo_Page/input_NoticeInvoiceNumber'

2024-11-07 17:38:52 - [TEST_STEP][PASSED] - setText(findTestObject(orPath_TaxInfo + "/input_reTypeNoticeInvoiceNumber"), notInvNumber): Text '123456789' is set on object 'Object Repository/RAD_Pages/TaxInfo_Page/input_reTypeNoticeInvoiceNumber'

2024-11-07 17:38:54 - [MESSAGE][PASSED] - Text '123456789' is set on object 'Object Repository/RAD_Pages/TaxInfo_Page/input_reTypeNoticeInvoiceNumber'

2024-11-07 17:38:54 - [TEST_STEP][PASSED] - println(notInvNumber): null

2024-11-07 17:38:54 - [TEST_STEP][PASSED] - if (verifyTextPresent(errorMsg, true)): null

2024-11-07 17:38:54 - [MESSAGE][PASSED] - Text 'Notice Number or Invoice Number must be 10, 11, or 13 digits in length, with a value greater than zero' is present on page  using regular expression

2024-11-07 17:38:54 - [TEST_STEP][PASSED] - println("Error Message is present on the page"): null

2024-11-07 17:38:54 - [TEST_STEP][PASSED] - out.println("Pass Record Number: " + row): null

2024-11-07 17:38:54 - [TEST_STEP][PASSED] - resText = "Pass": null

2024-11-07 17:38:54 - [TEST_STEP][PASSED] - pages.WriteExcel.demoKey(resText, datText, resColumn, datCloumn, fileLoc, nameSheet, row): pages.WriteExcel.demoKey is PASSED

2024-11-07 17:38:54 - [MESSAGE][PASSED] - pages.WriteExcel.demoKey is PASSED

2024-11-07 17:38:54 - [TEST_STEP][PASSED] - ExecuteTC = findTestData(dataFile).getValue("Execute", row): null

2024-11-07 17:38:54 - [TEST_STEP][PASSED] - Taxtype = findTestData(dataFile).getValue("TaxType", row): null

2024-11-07 17:38:55 - [TEST_STEP][PASSED] - TaxTypeEL = findTestData(dataFile).getValue("TaxTypeEL", row): null

2024-11-07 17:38:55 - [TEST_STEP][PASSED] - notInvNumber = findTestData(dataFile).getValue("NotiInvoNumber", row): null

2024-11-07 17:38:55 - [TEST_STEP][PASSED] - errorMsg = findTestData(dataFile).getValue("ErrorMessage", row): null

2024-11-07 17:38:55 - [TEST_STEP][PASSED] - out.println("Value of Execute is : " + ExecuteTC): null

2024-11-07 17:38:55 - [TEST_STEP][PASSED] - if (ExecuteTC.equalsIgnoreCase("Y")): null

2024-11-07 17:38:55 - [TEST_STEP][PASSED] - out.println("Begin Record Number: " + row): null

2024-11-07 17:38:55 - [TEST_STEP][PASSED] - today = new java.util.Date(): null

2024-11-07 17:38:55 - [TEST_STEP][PASSED] - println(today): null

2024-11-07 17:38:55 - [TEST_STEP][PASSED] - datText = today: null

2024-11-07 17:38:55 - [TEST_STEP][PASSED] - Taxtype = findTestData(dataFile).getValue("TaxType", row): null

2024-11-07 17:38:55 - [TEST_STEP][PASSED] - out.println("Taxtype value is : " + Taxtype): null

2024-11-07 17:38:55 - [TEST_STEP][PASSED] - openBrowser(""): Browser is opened with url: ''

2024-11-07 17:38:55 - [MESSAGE][WARNING] - A browser is already opened. Closing browser and opening a new one

2024-11-07 17:38:56 - [MESSAGE][INFO] - Starting 'Chrome' driver

2024-11-07 17:38:56 - [MESSAGE][INFO] - User set preference: ['acceptInsecureCerts', 'true']

2024-11-07 17:38:56 - [MESSAGE][INFO] - Action delay is set to 0 milliseconds

2024-11-07 17:38:59 - [MESSAGE][PASSED] - Browser is opened with url: ''

2024-11-07 17:38:59 - [TEST_STEP][PASSED] - maximizeWindow(): Current window maximized

2024-11-07 17:38:59 - [MESSAGE][PASSED] - Current window maximized

2024-11-07 17:38:59 - [TEST_STEP][PASSED] - navigateToUrl(RADurl): Navigate to 'https://www.velocitypayment.com/client/rad/index.html' successfully

2024-11-07 17:39:02 - [MESSAGE][PASSED] - Navigate to 'https://www.velocitypayment.com/client/rad/index.html' successfully

2024-11-07 17:39:02 - [TEST_STEP][PASSED] - orPath_Landing = "Object Repository/RAD_Pages/Landing_Page": null

2024-11-07 17:39:02 - [TEST_STEP][PASSED] - orPath_TaxTypeFilingYear = "Object Repository/RAD_Pages/TaxTypeFilingYear_Page": null

2024-11-07 17:39:02 - [TEST_STEP][PASSED] - orPath_TaxPayer = "Object Repository/RAD_Pages/Taxpayer_Page": null

2024-11-07 17:39:02 - [TEST_STEP][PASSED] - orPath_AddressContact = "Object Repository/RAD_Pages/AddressAndContactInfo_Page": null

2024-11-07 17:39:02 - [TEST_STEP][PASSED] - orPath_FilingStatus = "Object Repository/RAD_Pages/FilingStatus_Page": null

2024-11-07 17:39:02 - [TEST_STEP][PASSED] - orPath_Amount = "Object Repository/RAD_Pages/PaymentAmount_Page": null

2024-11-07 17:39:02 - [TEST_STEP][PASSED] - orPath_TaxInfo = "Object Repository/RAD_Pages/TaxInfo_Page": null

2024-11-07 17:39:02 - [TEST_STEP][PASSED] - orPath_Withholding = "Object Repository/RAD_Pages/Withholding_Page": null

2024-11-07 17:39:02 - [TEST_STEP][PASSED] - orPath_Summary = "Object Repository/RAD_Pages/Summary_Page": null

2024-11-07 17:39:02 - [TEST_STEP][PASSED] - orPath_PaymentReady = "Object Repository/RAD_Pages/PaymentReady_Page": null

2024-11-07 17:39:02 - [TEST_STEP][PASSED] - orPath_PaymentEntry = "Object Repository/RAD_Pages/PaymentEntry_Page": null

2024-11-07 17:39:02 - [TEST_STEP][PASSED] - orPath_PaymentConfirmation = "Object Repository/RAD_Pages/PaymentConfirmation_Page": null

2024-11-07 17:39:02 - [TEST_STEP][PASSED] - orPath_ServiceFeesAccept = "Object Repository/RAD_Pages/ServiceFeeAccept_Page": null

2024-11-07 17:39:02 - [TEST_STEP][PASSED] - selectOptionByLabel(findTestObject(orPath_Landing + "/dd_TaxType"), Taxtype, false): All options with label 'Existing Liability with Notice/Invoice Number' are selected in object 'Object Repository/RAD_Pages/Landing_Page/dd_TaxType' 

2024-11-07 17:39:02 - [MESSAGE][PASSED] - All options with label 'Existing Liability with Notice/Invoice Number' are selected in object 'Object Repository/RAD_Pages/Landing_Page/dd_TaxType' 

2024-11-07 17:39:02 - [TEST_STEP][PASSED] - delay(1): Delayed 1 second(s)

2024-11-07 17:39:03 - [MESSAGE][PASSED] - Delayed 1 second(s)

2024-11-07 17:39:03 - [TEST_STEP][PASSED] - selectOptionByLabel(findTestObject(orPath_TaxTypeFilingYear + "/select_TaxType_ExistingLiability"), TaxTypeEL, false): All options with label 'Corporate Income Tax' are selected in object 'Object Repository/RAD_Pages/TaxTypeFilingYear_Page/select_TaxType_ExistingLiability' 

2024-11-07 17:39:04 - [MESSAGE][PASSED] - All options with label 'Corporate Income Tax' are selected in object 'Object Repository/RAD_Pages/TaxTypeFilingYear_Page/select_TaxType_ExistingLiability' 

2024-11-07 17:39:04 - [TEST_STEP][PASSED] - setText(findTestObject(orPath_TaxInfo + "/input_NoticeInvoiceNumber"), notInvNumber): Text '123456789012' is set on object 'Object Repository/RAD_Pages/TaxInfo_Page/input_NoticeInvoiceNumber'

2024-11-07 17:39:05 - [MESSAGE][PASSED] - Text '123456789012' is set on object 'Object Repository/RAD_Pages/TaxInfo_Page/input_NoticeInvoiceNumber'

2024-11-07 17:39:05 - [TEST_STEP][PASSED] - setText(findTestObject(orPath_TaxInfo + "/input_reTypeNoticeInvoiceNumber"), notInvNumber): Text '123456789012' is set on object 'Object Repository/RAD_Pages/TaxInfo_Page/input_reTypeNoticeInvoiceNumber'

2024-11-07 17:39:06 - [MESSAGE][PASSED] - Text '123456789012' is set on object 'Object Repository/RAD_Pages/TaxInfo_Page/input_reTypeNoticeInvoiceNumber'

2024-11-07 17:39:06 - [TEST_STEP][PASSED] - println(notInvNumber): null

2024-11-07 17:39:06 - [TEST_STEP][PASSED] - if (verifyTextPresent(errorMsg, true)): null

2024-11-07 17:39:07 - [MESSAGE][PASSED] - Text 'Notice Number or Invoice Number must be 10, 11, or 13 digits in length, with a value greater than zero' is present on page  using regular expression

2024-11-07 17:39:07 - [TEST_STEP][PASSED] - println("Error Message is present on the page"): null

2024-11-07 17:39:07 - [TEST_STEP][PASSED] - out.println("Pass Record Number: " + row): null

2024-11-07 17:39:07 - [TEST_STEP][PASSED] - resText = "Pass": null

2024-11-07 17:39:07 - [TEST_STEP][PASSED] - pages.WriteExcel.demoKey(resText, datText, resColumn, datCloumn, fileLoc, nameSheet, row): pages.WriteExcel.demoKey is PASSED

2024-11-07 17:39:07 - [MESSAGE][PASSED] - pages.WriteExcel.demoKey is PASSED

2024-11-07 17:39:07 - [TEST_STEP][PASSED] - ExecuteTC = findTestData(dataFile).getValue("Execute", row): null

2024-11-07 17:39:07 - [TEST_STEP][PASSED] - Taxtype = findTestData(dataFile).getValue("TaxType", row): null

2024-11-07 17:39:07 - [TEST_STEP][PASSED] - TaxTypeEL = findTestData(dataFile).getValue("TaxTypeEL", row): null

2024-11-07 17:39:07 - [TEST_STEP][PASSED] - notInvNumber = findTestData(dataFile).getValue("NotiInvoNumber", row): null

2024-11-07 17:39:07 - [TEST_STEP][PASSED] - errorMsg = findTestData(dataFile).getValue("ErrorMessage", row): null

2024-11-07 17:39:07 - [TEST_STEP][PASSED] - out.println("Value of Execute is : " + ExecuteTC): null

2024-11-07 17:39:07 - [TEST_STEP][PASSED] - if (ExecuteTC.equalsIgnoreCase("Y")): null

2024-11-07 17:39:07 - [TEST_STEP][PASSED] - out.println("Begin Record Number: " + row): null

2024-11-07 17:39:07 - [TEST_STEP][PASSED] - today = new java.util.Date(): null

2024-11-07 17:39:07 - [TEST_STEP][PASSED] - println(today): null

2024-11-07 17:39:07 - [TEST_STEP][PASSED] - datText = today: null

2024-11-07 17:39:07 - [TEST_STEP][PASSED] - Taxtype = findTestData(dataFile).getValue("TaxType", row): null

2024-11-07 17:39:07 - [TEST_STEP][PASSED] - out.println("Taxtype value is : " + Taxtype): null

2024-11-07 17:39:07 - [TEST_STEP][PASSED] - openBrowser(""): Browser is opened with url: ''

2024-11-07 17:39:07 - [MESSAGE][WARNING] - A browser is already opened. Closing browser and opening a new one

2024-11-07 17:39:08 - [MESSAGE][INFO] - Starting 'Chrome' driver

2024-11-07 17:39:08 - [MESSAGE][INFO] - User set preference: ['acceptInsecureCerts', 'true']

2024-11-07 17:39:08 - [MESSAGE][INFO] - Action delay is set to 0 milliseconds

2024-11-07 17:39:10 - [MESSAGE][PASSED] - Browser is opened with url: ''

2024-11-07 17:39:10 - [TEST_STEP][PASSED] - maximizeWindow(): Current window maximized

2024-11-07 17:39:10 - [MESSAGE][PASSED] - Current window maximized

2024-11-07 17:39:10 - [TEST_STEP][PASSED] - navigateToUrl(RADurl): Navigate to 'https://www.velocitypayment.com/client/rad/index.html' successfully

2024-11-07 17:39:14 - [MESSAGE][PASSED] - Navigate to 'https://www.velocitypayment.com/client/rad/index.html' successfully

2024-11-07 17:39:14 - [TEST_STEP][PASSED] - orPath_Landing = "Object Repository/RAD_Pages/Landing_Page": null

2024-11-07 17:39:14 - [TEST_STEP][PASSED] - orPath_TaxTypeFilingYear = "Object Repository/RAD_Pages/TaxTypeFilingYear_Page": null

2024-11-07 17:39:14 - [TEST_STEP][PASSED] - orPath_TaxPayer = "Object Repository/RAD_Pages/Taxpayer_Page": null

2024-11-07 17:39:14 - [TEST_STEP][PASSED] - orPath_AddressContact = "Object Repository/RAD_Pages/AddressAndContactInfo_Page": null

2024-11-07 17:39:14 - [TEST_STEP][PASSED] - orPath_FilingStatus = "Object Repository/RAD_Pages/FilingStatus_Page": null

2024-11-07 17:39:14 - [TEST_STEP][PASSED] - orPath_Amount = "Object Repository/RAD_Pages/PaymentAmount_Page": null

2024-11-07 17:39:14 - [TEST_STEP][PASSED] - orPath_TaxInfo = "Object Repository/RAD_Pages/TaxInfo_Page": null

2024-11-07 17:39:14 - [TEST_STEP][PASSED] - orPath_Withholding = "Object Repository/RAD_Pages/Withholding_Page": null

2024-11-07 17:39:14 - [TEST_STEP][PASSED] - orPath_Summary = "Object Repository/RAD_Pages/Summary_Page": null

2024-11-07 17:39:14 - [TEST_STEP][PASSED] - orPath_PaymentReady = "Object Repository/RAD_Pages/PaymentReady_Page": null

2024-11-07 17:39:14 - [TEST_STEP][PASSED] - orPath_PaymentEntry = "Object Repository/RAD_Pages/PaymentEntry_Page": null

2024-11-07 17:39:14 - [TEST_STEP][PASSED] - orPath_PaymentConfirmation = "Object Repository/RAD_Pages/PaymentConfirmation_Page": null

2024-11-07 17:39:14 - [TEST_STEP][PASSED] - orPath_ServiceFeesAccept = "Object Repository/RAD_Pages/ServiceFeeAccept_Page": null

2024-11-07 17:39:14 - [TEST_STEP][PASSED] - selectOptionByLabel(findTestObject(orPath_Landing + "/dd_TaxType"), Taxtype, false): All options with label 'Existing Liability with Notice/Invoice Number' are selected in object 'Object Repository/RAD_Pages/Landing_Page/dd_TaxType' 

2024-11-07 17:39:15 - [MESSAGE][PASSED] - All options with label 'Existing Liability with Notice/Invoice Number' are selected in object 'Object Repository/RAD_Pages/Landing_Page/dd_TaxType' 

2024-11-07 17:39:15 - [TEST_STEP][PASSED] - delay(1): Delayed 1 second(s)

2024-11-07 17:39:16 - [MESSAGE][PASSED] - Delayed 1 second(s)

2024-11-07 17:39:16 - [TEST_STEP][PASSED] - selectOptionByLabel(findTestObject(orPath_TaxTypeFilingYear + "/select_TaxType_ExistingLiability"), TaxTypeEL, false): All options with label 'Corporate Income Tax' are selected in object 'Object Repository/RAD_Pages/TaxTypeFilingYear_Page/select_TaxType_ExistingLiability' 

2024-11-07 17:39:17 - [MESSAGE][PASSED] - All options with label 'Corporate Income Tax' are selected in object 'Object Repository/RAD_Pages/TaxTypeFilingYear_Page/select_TaxType_ExistingLiability' 

2024-11-07 17:39:17 - [TEST_STEP][PASSED] - setText(findTestObject(orPath_TaxInfo + "/input_NoticeInvoiceNumber"), notInvNumber): Text '0000000000' is set on object 'Object Repository/RAD_Pages/TaxInfo_Page/input_NoticeInvoiceNumber'

2024-11-07 17:39:18 - [MESSAGE][PASSED] - Text '0000000000' is set on object 'Object Repository/RAD_Pages/TaxInfo_Page/input_NoticeInvoiceNumber'

2024-11-07 17:39:18 - [TEST_STEP][PASSED] - setText(findTestObject(orPath_TaxInfo + "/input_reTypeNoticeInvoiceNumber"), notInvNumber): Text '0000000000' is set on object 'Object Repository/RAD_Pages/TaxInfo_Page/input_reTypeNoticeInvoiceNumber'

2024-11-07 17:39:19 - [MESSAGE][PASSED] - Text '0000000000' is set on object 'Object Repository/RAD_Pages/TaxInfo_Page/input_reTypeNoticeInvoiceNumber'

2024-11-07 17:39:19 - [TEST_STEP][PASSED] - println(notInvNumber): null

2024-11-07 17:39:19 - [TEST_STEP][PASSED] - if (verifyTextPresent(errorMsg, true)): null

2024-11-07 17:39:19 - [MESSAGE][PASSED] - Text 'Notice Number or Invoice Number must be 10, 11, or 13 digits in length, with a value greater than zero' is present on page  using regular expression

2024-11-07 17:39:19 - [TEST_STEP][PASSED] - println("Error Message is present on the page"): null

2024-11-07 17:39:19 - [TEST_STEP][PASSED] - out.println("Pass Record Number: " + row): null

2024-11-07 17:39:19 - [TEST_STEP][PASSED] - resText = "Pass": null

2024-11-07 17:39:19 - [TEST_STEP][PASSED] - pages.WriteExcel.demoKey(resText, datText, resColumn, datCloumn, fileLoc, nameSheet, row): pages.WriteExcel.demoKey is PASSED

2024-11-07 17:39:19 - [MESSAGE][PASSED] - pages.WriteExcel.demoKey is PASSED

2024-11-07 17:39:19 - [TEST_STEP][PASSED] - ExecuteTC = findTestData(dataFile).getValue("Execute", row): null

2024-11-07 17:39:19 - [TEST_STEP][PASSED] - Taxtype = findTestData(dataFile).getValue("TaxType", row): null

2024-11-07 17:39:19 - [TEST_STEP][PASSED] - TaxTypeEL = findTestData(dataFile).getValue("TaxTypeEL", row): null

2024-11-07 17:39:19 - [TEST_STEP][PASSED] - notInvNumber = findTestData(dataFile).getValue("NotiInvoNumber", row): null

2024-11-07 17:39:19 - [TEST_STEP][PASSED] - errorMsg = findTestData(dataFile).getValue("ErrorMessage", row): null

2024-11-07 17:39:19 - [TEST_STEP][PASSED] - out.println("Value of Execute is : " + ExecuteTC): null

2024-11-07 17:39:19 - [TEST_STEP][PASSED] - if (ExecuteTC.equalsIgnoreCase("Y")): null

2024-11-07 17:39:19 - [TEST_STEP][PASSED] - out.println("Begin Record Number: " + row): null

2024-11-07 17:39:19 - [TEST_STEP][PASSED] - today = new java.util.Date(): null

2024-11-07 17:39:19 - [TEST_STEP][PASSED] - println(today): null

2024-11-07 17:39:19 - [TEST_STEP][PASSED] - datText = today: null

2024-11-07 17:39:19 - [TEST_STEP][PASSED] - Taxtype = findTestData(dataFile).getValue("TaxType", row): null

2024-11-07 17:39:20 - [TEST_STEP][PASSED] - out.println("Taxtype value is : " + Taxtype): null

2024-11-07 17:39:20 - [TEST_STEP][PASSED] - openBrowser(""): Browser is opened with url: ''

2024-11-07 17:39:20 - [MESSAGE][WARNING] - A browser is already opened. Closing browser and opening a new one

2024-11-07 17:39:21 - [MESSAGE][INFO] - Starting 'Chrome' driver

2024-11-07 17:39:21 - [MESSAGE][INFO] - User set preference: ['acceptInsecureCerts', 'true']

2024-11-07 17:39:21 - [MESSAGE][INFO] - Action delay is set to 0 milliseconds

2024-11-07 17:39:23 - [MESSAGE][PASSED] - Browser is opened with url: ''

2024-11-07 17:39:23 - [TEST_STEP][PASSED] - maximizeWindow(): Current window maximized

2024-11-07 17:39:23 - [MESSAGE][PASSED] - Current window maximized

2024-11-07 17:39:23 - [TEST_STEP][PASSED] - navigateToUrl(RADurl): Navigate to 'https://www.velocitypayment.com/client/rad/index.html' successfully

2024-11-07 17:39:25 - [MESSAGE][PASSED] - Navigate to 'https://www.velocitypayment.com/client/rad/index.html' successfully

2024-11-07 17:39:25 - [TEST_STEP][PASSED] - orPath_Landing = "Object Repository/RAD_Pages/Landing_Page": null

2024-11-07 17:39:25 - [TEST_STEP][PASSED] - orPath_TaxTypeFilingYear = "Object Repository/RAD_Pages/TaxTypeFilingYear_Page": null

2024-11-07 17:39:25 - [TEST_STEP][PASSED] - orPath_TaxPayer = "Object Repository/RAD_Pages/Taxpayer_Page": null

2024-11-07 17:39:25 - [TEST_STEP][PASSED] - orPath_AddressContact = "Object Repository/RAD_Pages/AddressAndContactInfo_Page": null

2024-11-07 17:39:25 - [TEST_STEP][PASSED] - orPath_FilingStatus = "Object Repository/RAD_Pages/FilingStatus_Page": null

2024-11-07 17:39:25 - [TEST_STEP][PASSED] - orPath_Amount = "Object Repository/RAD_Pages/PaymentAmount_Page": null

2024-11-07 17:39:25 - [TEST_STEP][PASSED] - orPath_TaxInfo = "Object Repository/RAD_Pages/TaxInfo_Page": null

2024-11-07 17:39:25 - [TEST_STEP][PASSED] - orPath_Withholding = "Object Repository/RAD_Pages/Withholding_Page": null

2024-11-07 17:39:25 - [TEST_STEP][PASSED] - orPath_Summary = "Object Repository/RAD_Pages/Summary_Page": null

2024-11-07 17:39:25 - [TEST_STEP][PASSED] - orPath_PaymentReady = "Object Repository/RAD_Pages/PaymentReady_Page": null

2024-11-07 17:39:25 - [TEST_STEP][PASSED] - orPath_PaymentEntry = "Object Repository/RAD_Pages/PaymentEntry_Page": null

2024-11-07 17:39:25 - [TEST_STEP][PASSED] - orPath_PaymentConfirmation = "Object Repository/RAD_Pages/PaymentConfirmation_Page": null

2024-11-07 17:39:25 - [TEST_STEP][PASSED] - orPath_ServiceFeesAccept = "Object Repository/RAD_Pages/ServiceFeeAccept_Page": null

2024-11-07 17:39:25 - [TEST_STEP][PASSED] - selectOptionByLabel(findTestObject(orPath_Landing + "/dd_TaxType"), Taxtype, false): All options with label 'Existing Liability with Notice/Invoice Number' are selected in object 'Object Repository/RAD_Pages/Landing_Page/dd_TaxType' 

2024-11-07 17:39:26 - [MESSAGE][PASSED] - All options with label 'Existing Liability with Notice/Invoice Number' are selected in object 'Object Repository/RAD_Pages/Landing_Page/dd_TaxType' 

2024-11-07 17:39:26 - [TEST_STEP][PASSED] - delay(1): Delayed 1 second(s)

2024-11-07 17:39:27 - [MESSAGE][PASSED] - Delayed 1 second(s)

2024-11-07 17:39:27 - [TEST_STEP][PASSED] - selectOptionByLabel(findTestObject(orPath_TaxTypeFilingYear + "/select_TaxType_ExistingLiability"), TaxTypeEL, false): All options with label 'Fiduciary Tax' are selected in object 'Object Repository/RAD_Pages/TaxTypeFilingYear_Page/select_TaxType_ExistingLiability' 

2024-11-07 17:39:27 - [MESSAGE][PASSED] - All options with label 'Fiduciary Tax' are selected in object 'Object Repository/RAD_Pages/TaxTypeFilingYear_Page/select_TaxType_ExistingLiability' 

2024-11-07 17:39:27 - [TEST_STEP][PASSED] - setText(findTestObject(orPath_TaxInfo + "/input_NoticeInvoiceNumber"), notInvNumber): Text '123456789' is set on object 'Object Repository/RAD_Pages/TaxInfo_Page/input_NoticeInvoiceNumber'

2024-11-07 17:39:28 - [MESSAGE][PASSED] - Text '123456789' is set on object 'Object Repository/RAD_Pages/TaxInfo_Page/input_NoticeInvoiceNumber'

2024-11-07 17:39:28 - [TEST_STEP][PASSED] - setText(findTestObject(orPath_TaxInfo + "/input_reTypeNoticeInvoiceNumber"), notInvNumber): Text '123456789' is set on object 'Object Repository/RAD_Pages/TaxInfo_Page/input_reTypeNoticeInvoiceNumber'

2024-11-07 17:39:29 - [MESSAGE][PASSED] - Text '123456789' is set on object 'Object Repository/RAD_Pages/TaxInfo_Page/input_reTypeNoticeInvoiceNumber'

2024-11-07 17:39:29 - [TEST_STEP][PASSED] - println(notInvNumber): null

2024-11-07 17:39:29 - [TEST_STEP][PASSED] - if (verifyTextPresent(errorMsg, true)): null

2024-11-07 17:39:29 - [MESSAGE][PASSED] - Text 'Notice Number or Invoice Number must be 10, 11, or 13 digits in length, with a value greater than zero' is present on page  using regular expression

2024-11-07 17:39:29 - [TEST_STEP][PASSED] - println("Error Message is present on the page"): null

2024-11-07 17:39:29 - [TEST_STEP][PASSED] - out.println("Pass Record Number: " + row): null

2024-11-07 17:39:29 - [TEST_STEP][PASSED] - resText = "Pass": null

2024-11-07 17:39:29 - [TEST_STEP][PASSED] - pages.WriteExcel.demoKey(resText, datText, resColumn, datCloumn, fileLoc, nameSheet, row): pages.WriteExcel.demoKey is PASSED

2024-11-07 17:39:29 - [MESSAGE][PASSED] - pages.WriteExcel.demoKey is PASSED

2024-11-07 17:39:29 - [TEST_STEP][PASSED] - ExecuteTC = findTestData(dataFile).getValue("Execute", row): null

2024-11-07 17:39:29 - [TEST_STEP][PASSED] - Taxtype = findTestData(dataFile).getValue("TaxType", row): null

2024-11-07 17:39:29 - [TEST_STEP][PASSED] - TaxTypeEL = findTestData(dataFile).getValue("TaxTypeEL", row): null

2024-11-07 17:39:30 - [TEST_STEP][PASSED] - notInvNumber = findTestData(dataFile).getValue("NotiInvoNumber", row): null

2024-11-07 17:39:30 - [TEST_STEP][PASSED] - errorMsg = findTestData(dataFile).getValue("ErrorMessage", row): null

2024-11-07 17:39:30 - [TEST_STEP][PASSED] - out.println("Value of Execute is : " + ExecuteTC): null

2024-11-07 17:39:30 - [TEST_STEP][PASSED] - if (ExecuteTC.equalsIgnoreCase("Y")): null

2024-11-07 17:39:30 - [TEST_STEP][PASSED] - out.println("Begin Record Number: " + row): null

2024-11-07 17:39:30 - [TEST_STEP][PASSED] - today = new java.util.Date(): null

2024-11-07 17:39:30 - [TEST_STEP][PASSED] - println(today): null

2024-11-07 17:39:30 - [TEST_STEP][PASSED] - datText = today: null

2024-11-07 17:39:30 - [TEST_STEP][PASSED] - Taxtype = findTestData(dataFile).getValue("TaxType", row): null

2024-11-07 17:39:30 - [TEST_STEP][PASSED] - out.println("Taxtype value is : " + Taxtype): null

2024-11-07 17:39:30 - [TEST_STEP][PASSED] - openBrowser(""): Browser is opened with url: ''

2024-11-07 17:39:30 - [MESSAGE][WARNING] - A browser is already opened. Closing browser and opening a new one

2024-11-07 17:39:31 - [MESSAGE][INFO] - Starting 'Chrome' driver

2024-11-07 17:39:31 - [MESSAGE][INFO] - User set preference: ['acceptInsecureCerts', 'true']

2024-11-07 17:39:31 - [MESSAGE][INFO] - Action delay is set to 0 milliseconds

2024-11-07 17:39:33 - [MESSAGE][PASSED] - Browser is opened with url: ''

2024-11-07 17:39:33 - [TEST_STEP][PASSED] - maximizeWindow(): Current window maximized

2024-11-07 17:39:33 - [MESSAGE][PASSED] - Current window maximized

2024-11-07 17:39:33 - [TEST_STEP][PASSED] - navigateToUrl(RADurl): Navigate to 'https://www.velocitypayment.com/client/rad/index.html' successfully

2024-11-07 17:39:35 - [MESSAGE][PASSED] - Navigate to 'https://www.velocitypayment.com/client/rad/index.html' successfully

2024-11-07 17:39:35 - [TEST_STEP][PASSED] - orPath_Landing = "Object Repository/RAD_Pages/Landing_Page": null

2024-11-07 17:39:35 - [TEST_STEP][PASSED] - orPath_TaxTypeFilingYear = "Object Repository/RAD_Pages/TaxTypeFilingYear_Page": null

2024-11-07 17:39:35 - [TEST_STEP][PASSED] - orPath_TaxPayer = "Object Repository/RAD_Pages/Taxpayer_Page": null

2024-11-07 17:39:35 - [TEST_STEP][PASSED] - orPath_AddressContact = "Object Repository/RAD_Pages/AddressAndContactInfo_Page": null

2024-11-07 17:39:35 - [TEST_STEP][PASSED] - orPath_FilingStatus = "Object Repository/RAD_Pages/FilingStatus_Page": null

2024-11-07 17:39:35 - [TEST_STEP][PASSED] - orPath_Amount = "Object Repository/RAD_Pages/PaymentAmount_Page": null

2024-11-07 17:39:35 - [TEST_STEP][PASSED] - orPath_TaxInfo = "Object Repository/RAD_Pages/TaxInfo_Page": null

2024-11-07 17:39:35 - [TEST_STEP][PASSED] - orPath_Withholding = "Object Repository/RAD_Pages/Withholding_Page": null

2024-11-07 17:39:35 - [TEST_STEP][PASSED] - orPath_Summary = "Object Repository/RAD_Pages/Summary_Page": null

2024-11-07 17:39:35 - [TEST_STEP][PASSED] - orPath_PaymentReady = "Object Repository/RAD_Pages/PaymentReady_Page": null

2024-11-07 17:39:35 - [TEST_STEP][PASSED] - orPath_PaymentEntry = "Object Repository/RAD_Pages/PaymentEntry_Page": null

2024-11-07 17:39:35 - [TEST_STEP][PASSED] - orPath_PaymentConfirmation = "Object Repository/RAD_Pages/PaymentConfirmation_Page": null

2024-11-07 17:39:35 - [TEST_STEP][PASSED] - orPath_ServiceFeesAccept = "Object Repository/RAD_Pages/ServiceFeeAccept_Page": null

2024-11-07 17:39:35 - [TEST_STEP][PASSED] - selectOptionByLabel(findTestObject(orPath_Landing + "/dd_TaxType"), Taxtype, false): All options with label 'Existing Liability with Notice/Invoice Number' are selected in object 'Object Repository/RAD_Pages/Landing_Page/dd_TaxType' 

2024-11-07 17:39:36 - [MESSAGE][PASSED] - All options with label 'Existing Liability with Notice/Invoice Number' are selected in object 'Object Repository/RAD_Pages/Landing_Page/dd_TaxType' 

2024-11-07 17:39:36 - [TEST_STEP][PASSED] - delay(1): Delayed 1 second(s)

2024-11-07 17:39:37 - [MESSAGE][PASSED] - Delayed 1 second(s)

2024-11-07 17:39:37 - [TEST_STEP][PASSED] - selectOptionByLabel(findTestObject(orPath_TaxTypeFilingYear + "/select_TaxType_ExistingLiability"), TaxTypeEL, false): All options with label 'Fiduciary Tax' are selected in object 'Object Repository/RAD_Pages/TaxTypeFilingYear_Page/select_TaxType_ExistingLiability' 

2024-11-07 17:39:38 - [MESSAGE][PASSED] - All options with label 'Fiduciary Tax' are selected in object 'Object Repository/RAD_Pages/TaxTypeFilingYear_Page/select_TaxType_ExistingLiability' 

2024-11-07 17:39:38 - [TEST_STEP][PASSED] - setText(findTestObject(orPath_TaxInfo + "/input_NoticeInvoiceNumber"), notInvNumber): Text '123456789012' is set on object 'Object Repository/RAD_Pages/TaxInfo_Page/input_NoticeInvoiceNumber'

2024-11-07 17:39:39 - [MESSAGE][PASSED] - Text '123456789012' is set on object 'Object Repository/RAD_Pages/TaxInfo_Page/input_NoticeInvoiceNumber'

2024-11-07 17:39:39 - [TEST_STEP][PASSED] - setText(findTestObject(orPath_TaxInfo + "/input_reTypeNoticeInvoiceNumber"), notInvNumber): Text '123456789012' is set on object 'Object Repository/RAD_Pages/TaxInfo_Page/input_reTypeNoticeInvoiceNumber'

2024-11-07 17:39:40 - [MESSAGE][PASSED] - Text '123456789012' is set on object 'Object Repository/RAD_Pages/TaxInfo_Page/input_reTypeNoticeInvoiceNumber'

2024-11-07 17:39:40 - [TEST_STEP][PASSED] - println(notInvNumber): null

2024-11-07 17:39:40 - [TEST_STEP][PASSED] - if (verifyTextPresent(errorMsg, true)): null

2024-11-07 17:39:40 - [MESSAGE][PASSED] - Text 'Notice Number or Invoice Number must be 10, 11, or 13 digits in length, with a value greater than zero' is present on page  using regular expression

2024-11-07 17:39:40 - [TEST_STEP][PASSED] - println("Error Message is present on the page"): null

2024-11-07 17:39:40 - [TEST_STEP][PASSED] - out.println("Pass Record Number: " + row): null

2024-11-07 17:39:40 - [TEST_STEP][PASSED] - resText = "Pass": null

2024-11-07 17:39:40 - [TEST_STEP][PASSED] - pages.WriteExcel.demoKey(resText, datText, resColumn, datCloumn, fileLoc, nameSheet, row): pages.WriteExcel.demoKey is PASSED

2024-11-07 17:39:40 - [MESSAGE][PASSED] - pages.WriteExcel.demoKey is PASSED

2024-11-07 17:39:40 - [TEST_STEP][PASSED] - ExecuteTC = findTestData(dataFile).getValue("Execute", row): null

2024-11-07 17:39:40 - [TEST_STEP][PASSED] - Taxtype = findTestData(dataFile).getValue("TaxType", row): null

2024-11-07 17:39:40 - [TEST_STEP][PASSED] - TaxTypeEL = findTestData(dataFile).getValue("TaxTypeEL", row): null

2024-11-07 17:39:40 - [TEST_STEP][PASSED] - notInvNumber = findTestData(dataFile).getValue("NotiInvoNumber", row): null

2024-11-07 17:39:40 - [TEST_STEP][PASSED] - errorMsg = findTestData(dataFile).getValue("ErrorMessage", row): null

2024-11-07 17:39:40 - [TEST_STEP][PASSED] - out.println("Value of Execute is : " + ExecuteTC): null

2024-11-07 17:39:40 - [TEST_STEP][PASSED] - if (ExecuteTC.equalsIgnoreCase("Y")): null

2024-11-07 17:39:40 - [TEST_STEP][PASSED] - out.println("Begin Record Number: " + row): null

2024-11-07 17:39:40 - [TEST_STEP][PASSED] - today = new java.util.Date(): null

2024-11-07 17:39:40 - [TEST_STEP][PASSED] - println(today): null

2024-11-07 17:39:40 - [TEST_STEP][PASSED] - datText = today: null

2024-11-07 17:39:40 - [TEST_STEP][PASSED] - Taxtype = findTestData(dataFile).getValue("TaxType", row): null

2024-11-07 17:39:40 - [TEST_STEP][PASSED] - out.println("Taxtype value is : " + Taxtype): null

2024-11-07 17:39:40 - [TEST_STEP][PASSED] - openBrowser(""): Browser is opened with url: ''

2024-11-07 17:39:40 - [MESSAGE][WARNING] - A browser is already opened. Closing browser and opening a new one

2024-11-07 17:39:42 - [MESSAGE][INFO] - Starting 'Chrome' driver

2024-11-07 17:39:42 - [MESSAGE][INFO] - User set preference: ['acceptInsecureCerts', 'true']

2024-11-07 17:39:42 - [MESSAGE][INFO] - Action delay is set to 0 milliseconds

2024-11-07 17:39:44 - [MESSAGE][PASSED] - Browser is opened with url: ''

2024-11-07 17:39:44 - [TEST_STEP][PASSED] - maximizeWindow(): Current window maximized

2024-11-07 17:39:44 - [MESSAGE][PASSED] - Current window maximized

2024-11-07 17:39:44 - [TEST_STEP][PASSED] - navigateToUrl(RADurl): Navigate to 'https://www.velocitypayment.com/client/rad/index.html' successfully

2024-11-07 17:39:44 - [MESSAGE][PASSED] - Navigate to 'https://www.velocitypayment.com/client/rad/index.html' successfully

2024-11-07 17:39:44 - [TEST_STEP][PASSED] - orPath_Landing = "Object Repository/RAD_Pages/Landing_Page": null

2024-11-07 17:39:44 - [TEST_STEP][PASSED] - orPath_TaxTypeFilingYear = "Object Repository/RAD_Pages/TaxTypeFilingYear_Page": null

2024-11-07 17:39:44 - [TEST_STEP][PASSED] - orPath_TaxPayer = "Object Repository/RAD_Pages/Taxpayer_Page": null

2024-11-07 17:39:44 - [TEST_STEP][PASSED] - orPath_AddressContact = "Object Repository/RAD_Pages/AddressAndContactInfo_Page": null

2024-11-07 17:39:44 - [TEST_STEP][PASSED] - orPath_FilingStatus = "Object Repository/RAD_Pages/FilingStatus_Page": null

2024-11-07 17:39:44 - [TEST_STEP][PASSED] - orPath_Amount = "Object Repository/RAD_Pages/PaymentAmount_Page": null

2024-11-07 17:39:44 - [TEST_STEP][PASSED] - orPath_TaxInfo = "Object Repository/RAD_Pages/TaxInfo_Page": null

2024-11-07 17:39:44 - [TEST_STEP][PASSED] - orPath_Withholding = "Object Repository/RAD_Pages/Withholding_Page": null

2024-11-07 17:39:44 - [TEST_STEP][PASSED] - orPath_Summary = "Object Repository/RAD_Pages/Summary_Page": null

2024-11-07 17:39:44 - [TEST_STEP][PASSED] - orPath_PaymentReady = "Object Repository/RAD_Pages/PaymentReady_Page": null

2024-11-07 17:39:44 - [TEST_STEP][PASSED] - orPath_PaymentEntry = "Object Repository/RAD_Pages/PaymentEntry_Page": null

2024-11-07 17:39:44 - [TEST_STEP][PASSED] - orPath_PaymentConfirmation = "Object Repository/RAD_Pages/PaymentConfirmation_Page": null

2024-11-07 17:39:44 - [TEST_STEP][PASSED] - orPath_ServiceFeesAccept = "Object Repository/RAD_Pages/ServiceFeeAccept_Page": null

2024-11-07 17:39:44 - [TEST_STEP][PASSED] - selectOptionByLabel(findTestObject(orPath_Landing + "/dd_TaxType"), Taxtype, false): All options with label 'Existing Liability with Notice/Invoice Number' are selected in object 'Object Repository/RAD_Pages/Landing_Page/dd_TaxType' 

2024-11-07 17:39:46 - [MESSAGE][PASSED] - All options with label 'Existing Liability with Notice/Invoice Number' are selected in object 'Object Repository/RAD_Pages/Landing_Page/dd_TaxType' 

2024-11-07 17:39:46 - [TEST_STEP][PASSED] - delay(1): Delayed 1 second(s)

2024-11-07 17:39:47 - [MESSAGE][PASSED] - Delayed 1 second(s)

2024-11-07 17:39:47 - [TEST_STEP][PASSED] - selectOptionByLabel(findTestObject(orPath_TaxTypeFilingYear + "/select_TaxType_ExistingLiability"), TaxTypeEL, false): All options with label 'Fiduciary Tax' are selected in object 'Object Repository/RAD_Pages/TaxTypeFilingYear_Page/select_TaxType_ExistingLiability' 

2024-11-07 17:39:48 - [MESSAGE][PASSED] - All options with label 'Fiduciary Tax' are selected in object 'Object Repository/RAD_Pages/TaxTypeFilingYear_Page/select_TaxType_ExistingLiability' 

2024-11-07 17:39:48 - [TEST_STEP][PASSED] - setText(findTestObject(orPath_TaxInfo + "/input_NoticeInvoiceNumber"), notInvNumber): Text '0000000000' is set on object 'Object Repository/RAD_Pages/TaxInfo_Page/input_NoticeInvoiceNumber'

2024-11-07 17:39:49 - [MESSAGE][PASSED] - Text '0000000000' is set on object 'Object Repository/RAD_Pages/TaxInfo_Page/input_NoticeInvoiceNumber'

2024-11-07 17:39:49 - [TEST_STEP][PASSED] - setText(findTestObject(orPath_TaxInfo + "/input_reTypeNoticeInvoiceNumber"), notInvNumber): Text '0000000000' is set on object 'Object Repository/RAD_Pages/TaxInfo_Page/input_reTypeNoticeInvoiceNumber'

2024-11-07 17:39:50 - [MESSAGE][PASSED] - Text '0000000000' is set on object 'Object Repository/RAD_Pages/TaxInfo_Page/input_reTypeNoticeInvoiceNumber'

2024-11-07 17:39:50 - [TEST_STEP][PASSED] - println(notInvNumber): null

2024-11-07 17:39:50 - [TEST_STEP][PASSED] - if (verifyTextPresent(errorMsg, true)): null

2024-11-07 17:39:50 - [MESSAGE][PASSED] - Text 'Notice Number or Invoice Number must be 10, 11, or 13 digits in length, with a value greater than zero' is present on page  using regular expression

2024-11-07 17:39:50 - [TEST_STEP][PASSED] - println("Error Message is present on the page"): null

2024-11-07 17:39:50 - [TEST_STEP][PASSED] - out.println("Pass Record Number: " + row): null

2024-11-07 17:39:50 - [TEST_STEP][PASSED] - resText = "Pass": null

2024-11-07 17:39:50 - [TEST_STEP][PASSED] - pages.WriteExcel.demoKey(resText, datText, resColumn, datCloumn, fileLoc, nameSheet, row): pages.WriteExcel.demoKey is PASSED

2024-11-07 17:39:50 - [MESSAGE][PASSED] - pages.WriteExcel.demoKey is PASSED

2024-11-07 17:39:50 - [TEST_STEP][PASSED] - ExecuteTC = findTestData(dataFile).getValue("Execute", row): null

2024-11-07 17:39:50 - [TEST_STEP][PASSED] - Taxtype = findTestData(dataFile).getValue("TaxType", row): null

2024-11-07 17:39:50 - [TEST_STEP][PASSED] - TaxTypeEL = findTestData(dataFile).getValue("TaxTypeEL", row): null

2024-11-07 17:39:50 - [TEST_STEP][PASSED] - notInvNumber = findTestData(dataFile).getValue("NotiInvoNumber", row): null

2024-11-07 17:39:51 - [TEST_STEP][PASSED] - errorMsg = findTestData(dataFile).getValue("ErrorMessage", row): null

2024-11-07 17:39:51 - [TEST_STEP][PASSED] - out.println("Value of Execute is : " + ExecuteTC): null

2024-11-07 17:39:51 - [TEST_STEP][PASSED] - if (ExecuteTC.equalsIgnoreCase("Y")): null

2024-11-07 17:39:51 - [TEST_STEP][PASSED] - out.println("Begin Record Number: " + row): null

2024-11-07 17:39:51 - [TEST_STEP][PASSED] - today = new java.util.Date(): null

2024-11-07 17:39:51 - [TEST_STEP][PASSED] - println(today): null

2024-11-07 17:39:51 - [TEST_STEP][PASSED] - datText = today: null

2024-11-07 17:39:51 - [TEST_STEP][PASSED] - Taxtype = findTestData(dataFile).getValue("TaxType", row): null

2024-11-07 17:39:51 - [TEST_STEP][PASSED] - out.println("Taxtype value is : " + Taxtype): null

2024-11-07 17:39:51 - [TEST_STEP][PASSED] - openBrowser(""): Browser is opened with url: ''

2024-11-07 17:39:51 - [MESSAGE][WARNING] - A browser is already opened. Closing browser and opening a new one

2024-11-07 17:39:52 - [MESSAGE][INFO] - Starting 'Chrome' driver

2024-11-07 17:39:52 - [MESSAGE][INFO] - User set preference: ['acceptInsecureCerts', 'true']

2024-11-07 17:39:52 - [MESSAGE][INFO] - Action delay is set to 0 milliseconds

2024-11-07 17:39:54 - [MESSAGE][PASSED] - Browser is opened with url: ''

2024-11-07 17:39:54 - [TEST_STEP][PASSED] - maximizeWindow(): Current window maximized

2024-11-07 17:39:54 - [MESSAGE][PASSED] - Current window maximized

2024-11-07 17:39:54 - [TEST_STEP][PASSED] - navigateToUrl(RADurl): Navigate to 'https://www.velocitypayment.com/client/rad/index.html' successfully

2024-11-07 17:39:56 - [MESSAGE][PASSED] - Navigate to 'https://www.velocitypayment.com/client/rad/index.html' successfully

2024-11-07 17:39:56 - [TEST_STEP][PASSED] - orPath_Landing = "Object Repository/RAD_Pages/Landing_Page": null

2024-11-07 17:39:56 - [TEST_STEP][PASSED] - orPath_TaxTypeFilingYear = "Object Repository/RAD_Pages/TaxTypeFilingYear_Page": null

2024-11-07 17:39:56 - [TEST_STEP][PASSED] - orPath_TaxPayer = "Object Repository/RAD_Pages/Taxpayer_Page": null

2024-11-07 17:39:56 - [TEST_STEP][PASSED] - orPath_AddressContact = "Object Repository/RAD_Pages/AddressAndContactInfo_Page": null

2024-11-07 17:39:56 - [TEST_STEP][PASSED] - orPath_FilingStatus = "Object Repository/RAD_Pages/FilingStatus_Page": null

2024-11-07 17:39:56 - [TEST_STEP][PASSED] - orPath_Amount = "Object Repository/RAD_Pages/PaymentAmount_Page": null

2024-11-07 17:39:56 - [TEST_STEP][PASSED] - orPath_TaxInfo = "Object Repository/RAD_Pages/TaxInfo_Page": null

2024-11-07 17:39:56 - [TEST_STEP][PASSED] - orPath_Withholding = "Object Repository/RAD_Pages/Withholding_Page": null

2024-11-07 17:39:56 - [TEST_STEP][PASSED] - orPath_Summary = "Object Repository/RAD_Pages/Summary_Page": null

2024-11-07 17:39:56 - [TEST_STEP][PASSED] - orPath_PaymentReady = "Object Repository/RAD_Pages/PaymentReady_Page": null

2024-11-07 17:39:56 - [TEST_STEP][PASSED] - orPath_PaymentEntry = "Object Repository/RAD_Pages/PaymentEntry_Page": null

2024-11-07 17:39:56 - [TEST_STEP][PASSED] - orPath_PaymentConfirmation = "Object Repository/RAD_Pages/PaymentConfirmation_Page": null

2024-11-07 17:39:56 - [TEST_STEP][PASSED] - orPath_ServiceFeesAccept = "Object Repository/RAD_Pages/ServiceFeeAccept_Page": null

2024-11-07 17:39:56 - [TEST_STEP][PASSED] - selectOptionByLabel(findTestObject(orPath_Landing + "/dd_TaxType"), Taxtype, false): All options with label 'Existing Liability with Notice/Invoice Number' are selected in object 'Object Repository/RAD_Pages/Landing_Page/dd_TaxType' 

2024-11-07 17:39:57 - [MESSAGE][PASSED] - All options with label 'Existing Liability with Notice/Invoice Number' are selected in object 'Object Repository/RAD_Pages/Landing_Page/dd_TaxType' 

2024-11-07 17:39:57 - [TEST_STEP][PASSED] - delay(1): Delayed 1 second(s)

2024-11-07 17:39:58 - [MESSAGE][PASSED] - Delayed 1 second(s)

2024-11-07 17:39:58 - [TEST_STEP][PASSED] - selectOptionByLabel(findTestObject(orPath_TaxTypeFilingYear + "/select_TaxType_ExistingLiability"), TaxTypeEL, false): All options with label 'Personal Income Tax' are selected in object 'Object Repository/RAD_Pages/TaxTypeFilingYear_Page/select_TaxType_ExistingLiability' 

2024-11-07 17:39:58 - [MESSAGE][PASSED] - All options with label 'Personal Income Tax' are selected in object 'Object Repository/RAD_Pages/TaxTypeFilingYear_Page/select_TaxType_ExistingLiability' 

2024-11-07 17:39:58 - [TEST_STEP][PASSED] - setText(findTestObject(orPath_TaxInfo + "/input_NoticeInvoiceNumber"), notInvNumber): Text '123456789' is set on object 'Object Repository/RAD_Pages/TaxInfo_Page/input_NoticeInvoiceNumber'

2024-11-07 17:39:59 - [MESSAGE][PASSED] - Text '123456789' is set on object 'Object Repository/RAD_Pages/TaxInfo_Page/input_NoticeInvoiceNumber'

2024-11-07 17:39:59 - [TEST_STEP][PASSED] - setText(findTestObject(orPath_TaxInfo + "/input_reTypeNoticeInvoiceNumber"), notInvNumber): Text '123456789' is set on object 'Object Repository/RAD_Pages/TaxInfo_Page/input_reTypeNoticeInvoiceNumber'

2024-11-07 17:40:00 - [MESSAGE][PASSED] - Text '123456789' is set on object 'Object Repository/RAD_Pages/TaxInfo_Page/input_reTypeNoticeInvoiceNumber'

2024-11-07 17:40:00 - [TEST_STEP][PASSED] - println(notInvNumber): null

2024-11-07 17:40:00 - [TEST_STEP][PASSED] - if (verifyTextPresent(errorMsg, true)): null

2024-11-07 17:40:01 - [MESSAGE][PASSED] - Text 'Notice Number or Invoice Number must be 10, 11, or 13 digits in length, with a value greater than zero' is present on page  using regular expression

2024-11-07 17:40:01 - [TEST_STEP][PASSED] - println("Error Message is present on the page"): null

2024-11-07 17:40:01 - [TEST_STEP][PASSED] - out.println("Pass Record Number: " + row): null

2024-11-07 17:40:01 - [TEST_STEP][PASSED] - resText = "Pass": null

2024-11-07 17:40:01 - [TEST_STEP][PASSED] - pages.WriteExcel.demoKey(resText, datText, resColumn, datCloumn, fileLoc, nameSheet, row): pages.WriteExcel.demoKey is PASSED

2024-11-07 17:40:01 - [MESSAGE][PASSED] - pages.WriteExcel.demoKey is PASSED

2024-11-07 17:40:01 - [TEST_STEP][PASSED] - ExecuteTC = findTestData(dataFile).getValue("Execute", row): null

2024-11-07 17:40:01 - [TEST_STEP][PASSED] - Taxtype = findTestData(dataFile).getValue("TaxType", row): null

2024-11-07 17:40:01 - [TEST_STEP][PASSED] - TaxTypeEL = findTestData(dataFile).getValue("TaxTypeEL", row): null

2024-11-07 17:40:01 - [TEST_STEP][PASSED] - notInvNumber = findTestData(dataFile).getValue("NotiInvoNumber", row): null

2024-11-07 17:40:01 - [TEST_STEP][PASSED] - errorMsg = findTestData(dataFile).getValue("ErrorMessage", row): null

2024-11-07 17:40:01 - [TEST_STEP][PASSED] - out.println("Value of Execute is : " + ExecuteTC): null

2024-11-07 17:40:01 - [TEST_STEP][PASSED] - if (ExecuteTC.equalsIgnoreCase("Y")): null

2024-11-07 17:40:01 - [TEST_STEP][PASSED] - out.println("Begin Record Number: " + row): null

2024-11-07 17:40:01 - [TEST_STEP][PASSED] - today = new java.util.Date(): null

2024-11-07 17:40:01 - [TEST_STEP][PASSED] - println(today): null

2024-11-07 17:40:01 - [TEST_STEP][PASSED] - datText = today: null

2024-11-07 17:40:01 - [TEST_STEP][PASSED] - Taxtype = findTestData(dataFile).getValue("TaxType", row): null

2024-11-07 17:40:01 - [TEST_STEP][PASSED] - out.println("Taxtype value is : " + Taxtype): null

2024-11-07 17:40:01 - [TEST_STEP][PASSED] - openBrowser(""): Browser is opened with url: ''

2024-11-07 17:40:01 - [MESSAGE][WARNING] - A browser is already opened. Closing browser and opening a new one

2024-11-07 17:40:02 - [MESSAGE][INFO] - Starting 'Chrome' driver

2024-11-07 17:40:02 - [MESSAGE][INFO] - User set preference: ['acceptInsecureCerts', 'true']

2024-11-07 17:40:02 - [MESSAGE][INFO] - Action delay is set to 0 milliseconds

2024-11-07 17:40:04 - [MESSAGE][PASSED] - Browser is opened with url: ''

2024-11-07 17:40:04 - [TEST_STEP][PASSED] - maximizeWindow(): Current window maximized

2024-11-07 17:40:04 - [MESSAGE][PASSED] - Current window maximized

2024-11-07 17:40:04 - [TEST_STEP][PASSED] - navigateToUrl(RADurl): Navigate to 'https://www.velocitypayment.com/client/rad/index.html' successfully

2024-11-07 17:40:06 - [MESSAGE][PASSED] - Navigate to 'https://www.velocitypayment.com/client/rad/index.html' successfully

2024-11-07 17:40:06 - [TEST_STEP][PASSED] - orPath_Landing = "Object Repository/RAD_Pages/Landing_Page": null

2024-11-07 17:40:06 - [TEST_STEP][PASSED] - orPath_TaxTypeFilingYear = "Object Repository/RAD_Pages/TaxTypeFilingYear_Page": null

2024-11-07 17:40:06 - [TEST_STEP][PASSED] - orPath_TaxPayer = "Object Repository/RAD_Pages/Taxpayer_Page": null

2024-11-07 17:40:06 - [TEST_STEP][PASSED] - orPath_AddressContact = "Object Repository/RAD_Pages/AddressAndContactInfo_Page": null

2024-11-07 17:40:06 - [TEST_STEP][PASSED] - orPath_FilingStatus = "Object Repository/RAD_Pages/FilingStatus_Page": null

2024-11-07 17:40:06 - [TEST_STEP][PASSED] - orPath_Amount = "Object Repository/RAD_Pages/PaymentAmount_Page": null

2024-11-07 17:40:06 - [TEST_STEP][PASSED] - orPath_TaxInfo = "Object Repository/RAD_Pages/TaxInfo_Page": null

2024-11-07 17:40:06 - [TEST_STEP][PASSED] - orPath_Withholding = "Object Repository/RAD_Pages/Withholding_Page": null

2024-11-07 17:40:06 - [TEST_STEP][PASSED] - orPath_Summary = "Object Repository/RAD_Pages/Summary_Page": null

2024-11-07 17:40:06 - [TEST_STEP][PASSED] - orPath_PaymentReady = "Object Repository/RAD_Pages/PaymentReady_Page": null

2024-11-07 17:40:06 - [TEST_STEP][PASSED] - orPath_PaymentEntry = "Object Repository/RAD_Pages/PaymentEntry_Page": null

2024-11-07 17:40:06 - [TEST_STEP][PASSED] - orPath_PaymentConfirmation = "Object Repository/RAD_Pages/PaymentConfirmation_Page": null

2024-11-07 17:40:06 - [TEST_STEP][PASSED] - orPath_ServiceFeesAccept = "Object Repository/RAD_Pages/ServiceFeeAccept_Page": null

2024-11-07 17:40:06 - [TEST_STEP][PASSED] - selectOptionByLabel(findTestObject(orPath_Landing + "/dd_TaxType"), Taxtype, false): All options with label 'Existing Liability with Notice/Invoice Number' are selected in object 'Object Repository/RAD_Pages/Landing_Page/dd_TaxType' 

2024-11-07 17:40:07 - [MESSAGE][PASSED] - All options with label 'Existing Liability with Notice/Invoice Number' are selected in object 'Object Repository/RAD_Pages/Landing_Page/dd_TaxType' 

2024-11-07 17:40:07 - [TEST_STEP][PASSED] - delay(1): Delayed 1 second(s)

2024-11-07 17:40:08 - [MESSAGE][PASSED] - Delayed 1 second(s)

2024-11-07 17:40:08 - [TEST_STEP][PASSED] - selectOptionByLabel(findTestObject(orPath_TaxTypeFilingYear + "/select_TaxType_ExistingLiability"), TaxTypeEL, false): All options with label 'Personal Income Tax' are selected in object 'Object Repository/RAD_Pages/TaxTypeFilingYear_Page/select_TaxType_ExistingLiability' 

2024-11-07 17:40:08 - [MESSAGE][PASSED] - All options with label 'Personal Income Tax' are selected in object 'Object Repository/RAD_Pages/TaxTypeFilingYear_Page/select_TaxType_ExistingLiability' 

2024-11-07 17:40:08 - [TEST_STEP][PASSED] - setText(findTestObject(orPath_TaxInfo + "/input_NoticeInvoiceNumber"), notInvNumber): Text '123456789012' is set on object 'Object Repository/RAD_Pages/TaxInfo_Page/input_NoticeInvoiceNumber'

2024-11-07 17:40:09 - [MESSAGE][PASSED] - Text '123456789012' is set on object 'Object Repository/RAD_Pages/TaxInfo_Page/input_NoticeInvoiceNumber'

2024-11-07 17:40:09 - [TEST_STEP][PASSED] - setText(findTestObject(orPath_TaxInfo + "/input_reTypeNoticeInvoiceNumber"), notInvNumber): Text '123456789012' is set on object 'Object Repository/RAD_Pages/TaxInfo_Page/input_reTypeNoticeInvoiceNumber'

2024-11-07 17:40:10 - [MESSAGE][PASSED] - Text '123456789012' is set on object 'Object Repository/RAD_Pages/TaxInfo_Page/input_reTypeNoticeInvoiceNumber'

2024-11-07 17:40:10 - [TEST_STEP][PASSED] - println(notInvNumber): null

2024-11-07 17:40:10 - [TEST_STEP][PASSED] - if (verifyTextPresent(errorMsg, true)): null

2024-11-07 17:40:11 - [MESSAGE][PASSED] - Text 'Notice Number or Invoice Number must be 10, 11, or 13 digits in length, with a value greater than zero' is present on page  using regular expression

2024-11-07 17:40:11 - [TEST_STEP][PASSED] - println("Error Message is present on the page"): null

2024-11-07 17:40:11 - [TEST_STEP][PASSED] - out.println("Pass Record Number: " + row): null

2024-11-07 17:40:11 - [TEST_STEP][PASSED] - resText = "Pass": null

2024-11-07 17:40:11 - [TEST_STEP][PASSED] - pages.WriteExcel.demoKey(resText, datText, resColumn, datCloumn, fileLoc, nameSheet, row): pages.WriteExcel.demoKey is PASSED

2024-11-07 17:40:11 - [MESSAGE][PASSED] - pages.WriteExcel.demoKey is PASSED

2024-11-07 17:40:11 - [TEST_STEP][PASSED] - ExecuteTC = findTestData(dataFile).getValue("Execute", row): null

2024-11-07 17:40:11 - [TEST_STEP][PASSED] - Taxtype = findTestData(dataFile).getValue("TaxType", row): null

2024-11-07 17:40:11 - [TEST_STEP][PASSED] - TaxTypeEL = findTestData(dataFile).getValue("TaxTypeEL", row): null

2024-11-07 17:40:11 - [TEST_STEP][PASSED] - notInvNumber = findTestData(dataFile).getValue("NotiInvoNumber", row): null

2024-11-07 17:40:11 - [TEST_STEP][PASSED] - errorMsg = findTestData(dataFile).getValue("ErrorMessage", row): null

2024-11-07 17:40:11 - [TEST_STEP][PASSED] - out.println("Value of Execute is : " + ExecuteTC): null

2024-11-07 17:40:11 - [TEST_STEP][PASSED] - if (ExecuteTC.equalsIgnoreCase("Y")): null

2024-11-07 17:40:11 - [TEST_STEP][PASSED] - out.println("Begin Record Number: " + row): null

2024-11-07 17:40:11 - [TEST_STEP][PASSED] - today = new java.util.Date(): null

2024-11-07 17:40:11 - [TEST_STEP][PASSED] - println(today): null

2024-11-07 17:40:11 - [TEST_STEP][PASSED] - datText = today: null

2024-11-07 17:40:11 - [TEST_STEP][PASSED] - Taxtype = findTestData(dataFile).getValue("TaxType", row): null

2024-11-07 17:40:11 - [TEST_STEP][PASSED] - out.println("Taxtype value is : " + Taxtype): null

2024-11-07 17:40:11 - [TEST_STEP][PASSED] - openBrowser(""): Browser is opened with url: ''

2024-11-07 17:40:11 - [MESSAGE][WARNING] - A browser is already opened. Closing browser and opening a new one

2024-11-07 17:40:12 - [MESSAGE][INFO] - Starting 'Chrome' driver

2024-11-07 17:40:12 - [MESSAGE][INFO] - User set preference: ['acceptInsecureCerts', 'true']

2024-11-07 17:40:12 - [MESSAGE][INFO] - Action delay is set to 0 milliseconds

2024-11-07 17:40:14 - [MESSAGE][PASSED] - Browser is opened with url: ''

2024-11-07 17:40:14 - [TEST_STEP][PASSED] - maximizeWindow(): Current window maximized

2024-11-07 17:40:14 - [MESSAGE][PASSED] - Current window maximized

2024-11-07 17:40:14 - [TEST_STEP][PASSED] - navigateToUrl(RADurl): Navigate to 'https://www.velocitypayment.com/client/rad/index.html' successfully

2024-11-07 17:40:16 - [MESSAGE][PASSED] - Navigate to 'https://www.velocitypayment.com/client/rad/index.html' successfully

2024-11-07 17:40:16 - [TEST_STEP][PASSED] - orPath_Landing = "Object Repository/RAD_Pages/Landing_Page": null

2024-11-07 17:40:16 - [TEST_STEP][PASSED] - orPath_TaxTypeFilingYear = "Object Repository/RAD_Pages/TaxTypeFilingYear_Page": null

2024-11-07 17:40:16 - [TEST_STEP][PASSED] - orPath_TaxPayer = "Object Repository/RAD_Pages/Taxpayer_Page": null

2024-11-07 17:40:16 - [TEST_STEP][PASSED] - orPath_AddressContact = "Object Repository/RAD_Pages/AddressAndContactInfo_Page": null

2024-11-07 17:40:16 - [TEST_STEP][PASSED] - orPath_FilingStatus = "Object Repository/RAD_Pages/FilingStatus_Page": null

2024-11-07 17:40:16 - [TEST_STEP][PASSED] - orPath_Amount = "Object Repository/RAD_Pages/PaymentAmount_Page": null

2024-11-07 17:40:16 - [TEST_STEP][PASSED] - orPath_TaxInfo = "Object Repository/RAD_Pages/TaxInfo_Page": null

2024-11-07 17:40:16 - [TEST_STEP][PASSED] - orPath_Withholding = "Object Repository/RAD_Pages/Withholding_Page": null

2024-11-07 17:40:16 - [TEST_STEP][PASSED] - orPath_Summary = "Object Repository/RAD_Pages/Summary_Page": null

2024-11-07 17:40:16 - [TEST_STEP][PASSED] - orPath_PaymentReady = "Object Repository/RAD_Pages/PaymentReady_Page": null

2024-11-07 17:40:16 - [TEST_STEP][PASSED] - orPath_PaymentEntry = "Object Repository/RAD_Pages/PaymentEntry_Page": null

2024-11-07 17:40:16 - [TEST_STEP][PASSED] - orPath_PaymentConfirmation = "Object Repository/RAD_Pages/PaymentConfirmation_Page": null

2024-11-07 17:40:16 - [TEST_STEP][PASSED] - orPath_ServiceFeesAccept = "Object Repository/RAD_Pages/ServiceFeeAccept_Page": null

2024-11-07 17:40:16 - [TEST_STEP][PASSED] - selectOptionByLabel(findTestObject(orPath_Landing + "/dd_TaxType"), Taxtype, false): All options with label 'Existing Liability with Notice/Invoice Number' are selected in object 'Object Repository/RAD_Pages/Landing_Page/dd_TaxType' 

2024-11-07 17:40:17 - [MESSAGE][PASSED] - All options with label 'Existing Liability with Notice/Invoice Number' are selected in object 'Object Repository/RAD_Pages/Landing_Page/dd_TaxType' 

2024-11-07 17:40:17 - [TEST_STEP][PASSED] - delay(1): Delayed 1 second(s)

2024-11-07 17:40:18 - [MESSAGE][PASSED] - Delayed 1 second(s)

2024-11-07 17:40:18 - [TEST_STEP][PASSED] - selectOptionByLabel(findTestObject(orPath_TaxTypeFilingYear + "/select_TaxType_ExistingLiability"), TaxTypeEL, false): All options with label 'Personal Income Tax' are selected in object 'Object Repository/RAD_Pages/TaxTypeFilingYear_Page/select_TaxType_ExistingLiability' 

2024-11-07 17:40:19 - [MESSAGE][PASSED] - All options with label 'Personal Income Tax' are selected in object 'Object Repository/RAD_Pages/TaxTypeFilingYear_Page/select_TaxType_ExistingLiability' 

2024-11-07 17:40:19 - [TEST_STEP][PASSED] - setText(findTestObject(orPath_TaxInfo + "/input_NoticeInvoiceNumber"), notInvNumber): Text '0000000000' is set on object 'Object Repository/RAD_Pages/TaxInfo_Page/input_NoticeInvoiceNumber'

2024-11-07 17:40:20 - [MESSAGE][PASSED] - Text '0000000000' is set on object 'Object Repository/RAD_Pages/TaxInfo_Page/input_NoticeInvoiceNumber'

2024-11-07 17:40:20 - [TEST_STEP][PASSED] - setText(findTestObject(orPath_TaxInfo + "/input_reTypeNoticeInvoiceNumber"), notInvNumber): Text '0000000000' is set on object 'Object Repository/RAD_Pages/TaxInfo_Page/input_reTypeNoticeInvoiceNumber'

2024-11-07 17:40:20 - [MESSAGE][PASSED] - Text '0000000000' is set on object 'Object Repository/RAD_Pages/TaxInfo_Page/input_reTypeNoticeInvoiceNumber'

2024-11-07 17:40:20 - [TEST_STEP][PASSED] - println(notInvNumber): null

2024-11-07 17:40:20 - [TEST_STEP][PASSED] - if (verifyTextPresent(errorMsg, true)): null

2024-11-07 17:40:21 - [MESSAGE][PASSED] - Text 'Notice Number or Invoice Number must be 10, 11, or 13 digits in length, with a value greater than zero' is present on page  using regular expression

2024-11-07 17:40:21 - [TEST_STEP][PASSED] - println("Error Message is present on the page"): null

2024-11-07 17:40:21 - [TEST_STEP][PASSED] - out.println("Pass Record Number: " + row): null

2024-11-07 17:40:21 - [TEST_STEP][PASSED] - resText = "Pass": null

2024-11-07 17:40:21 - [TEST_STEP][PASSED] - pages.WriteExcel.demoKey(resText, datText, resColumn, datCloumn, fileLoc, nameSheet, row): pages.WriteExcel.demoKey is PASSED

2024-11-07 17:40:21 - [MESSAGE][PASSED] - pages.WriteExcel.demoKey is PASSED

2024-11-07 17:40:21 - [TEST_STEP][PASSED] - ExecuteTC = findTestData(dataFile).getValue("Execute", row): null

2024-11-07 17:40:21 - [TEST_STEP][PASSED] - Taxtype = findTestData(dataFile).getValue("TaxType", row): null

2024-11-07 17:40:21 - [TEST_STEP][PASSED] - TaxTypeEL = findTestData(dataFile).getValue("TaxTypeEL", row): null

2024-11-07 17:40:21 - [TEST_STEP][PASSED] - notInvNumber = findTestData(dataFile).getValue("NotiInvoNumber", row): null

2024-11-07 17:40:21 - [TEST_STEP][PASSED] - errorMsg = findTestData(dataFile).getValue("ErrorMessage", row): null

2024-11-07 17:40:21 - [TEST_STEP][PASSED] - out.println("Value of Execute is : " + ExecuteTC): null

2024-11-07 17:40:21 - [TEST_STEP][PASSED] - if (ExecuteTC.equalsIgnoreCase("Y")): null

2024-11-07 17:40:21 - [TEST_STEP][PASSED] - out.println("Begin Record Number: " + row): null

2024-11-07 17:40:21 - [TEST_STEP][PASSED] - today = new java.util.Date(): null

2024-11-07 17:40:21 - [TEST_STEP][PASSED] - println(today): null

2024-11-07 17:40:21 - [TEST_STEP][PASSED] - datText = today: null

2024-11-07 17:40:21 - [TEST_STEP][PASSED] - Taxtype = findTestData(dataFile).getValue("TaxType", row): null

2024-11-07 17:40:21 - [TEST_STEP][PASSED] - out.println("Taxtype value is : " + Taxtype): null

2024-11-07 17:40:21 - [TEST_STEP][PASSED] - openBrowser(""): Browser is opened with url: ''

2024-11-07 17:40:21 - [MESSAGE][WARNING] - A browser is already opened. Closing browser and opening a new one

2024-11-07 17:40:23 - [MESSAGE][INFO] - Starting 'Chrome' driver

2024-11-07 17:40:23 - [MESSAGE][INFO] - User set preference: ['acceptInsecureCerts', 'true']

2024-11-07 17:40:23 - [MESSAGE][INFO] - Action delay is set to 0 milliseconds

2024-11-07 17:40:25 - [MESSAGE][PASSED] - Browser is opened with url: ''

2024-11-07 17:40:25 - [TEST_STEP][PASSED] - maximizeWindow(): Current window maximized

2024-11-07 17:40:25 - [MESSAGE][PASSED] - Current window maximized

2024-11-07 17:40:25 - [TEST_STEP][PASSED] - navigateToUrl(RADurl): Navigate to 'https://www.velocitypayment.com/client/rad/index.html' successfully

2024-11-07 17:40:28 - [MESSAGE][PASSED] - Navigate to 'https://www.velocitypayment.com/client/rad/index.html' successfully

2024-11-07 17:40:28 - [TEST_STEP][PASSED] - orPath_Landing = "Object Repository/RAD_Pages/Landing_Page": null

2024-11-07 17:40:28 - [TEST_STEP][PASSED] - orPath_TaxTypeFilingYear = "Object Repository/RAD_Pages/TaxTypeFilingYear_Page": null

2024-11-07 17:40:28 - [TEST_STEP][PASSED] - orPath_TaxPayer = "Object Repository/RAD_Pages/Taxpayer_Page": null

2024-11-07 17:40:28 - [TEST_STEP][PASSED] - orPath_AddressContact = "Object Repository/RAD_Pages/AddressAndContactInfo_Page": null

2024-11-07 17:40:28 - [TEST_STEP][PASSED] - orPath_FilingStatus = "Object Repository/RAD_Pages/FilingStatus_Page": null

2024-11-07 17:40:28 - [TEST_STEP][PASSED] - orPath_Amount = "Object Repository/RAD_Pages/PaymentAmount_Page": null

2024-11-07 17:40:28 - [TEST_STEP][PASSED] - orPath_TaxInfo = "Object Repository/RAD_Pages/TaxInfo_Page": null

2024-11-07 17:40:28 - [TEST_STEP][PASSED] - orPath_Withholding = "Object Repository/RAD_Pages/Withholding_Page": null

2024-11-07 17:40:28 - [TEST_STEP][PASSED] - orPath_Summary = "Object Repository/RAD_Pages/Summary_Page": null

2024-11-07 17:40:28 - [TEST_STEP][PASSED] - orPath_PaymentReady = "Object Repository/RAD_Pages/PaymentReady_Page": null

2024-11-07 17:40:28 - [TEST_STEP][PASSED] - orPath_PaymentEntry = "Object Repository/RAD_Pages/PaymentEntry_Page": null

2024-11-07 17:40:28 - [TEST_STEP][PASSED] - orPath_PaymentConfirmation = "Object Repository/RAD_Pages/PaymentConfirmation_Page": null

2024-11-07 17:40:28 - [TEST_STEP][PASSED] - orPath_ServiceFeesAccept = "Object Repository/RAD_Pages/ServiceFeeAccept_Page": null

2024-11-07 17:40:28 - [TEST_STEP][PASSED] - selectOptionByLabel(findTestObject(orPath_Landing + "/dd_TaxType"), Taxtype, false): All options with label 'Existing Liability with Notice/Invoice Number' are selected in object 'Object Repository/RAD_Pages/Landing_Page/dd_TaxType' 

2024-11-07 17:40:28 - [MESSAGE][PASSED] - All options with label 'Existing Liability with Notice/Invoice Number' are selected in object 'Object Repository/RAD_Pages/Landing_Page/dd_TaxType' 

2024-11-07 17:40:28 - [TEST_STEP][PASSED] - delay(1): Delayed 1 second(s)

2024-11-07 17:40:29 - [MESSAGE][PASSED] - Delayed 1 second(s)

2024-11-07 17:40:29 - [TEST_STEP][PASSED] - selectOptionByLabel(findTestObject(orPath_TaxTypeFilingYear + "/select_TaxType_ExistingLiability"), TaxTypeEL, false): All options with label 'PTE Non-Electing Non-S Corp' are selected in object 'Object Repository/RAD_Pages/TaxTypeFilingYear_Page/select_TaxType_ExistingLiability' 

2024-11-07 17:40:30 - [MESSAGE][PASSED] - All options with label 'PTE Non-Electing Non-S Corp' are selected in object 'Object Repository/RAD_Pages/TaxTypeFilingYear_Page/select_TaxType_ExistingLiability' 

2024-11-07 17:40:30 - [TEST_STEP][PASSED] - setText(findTestObject(orPath_TaxInfo + "/input_NoticeInvoiceNumber"), notInvNumber): Text '123456789' is set on object 'Object Repository/RAD_Pages/TaxInfo_Page/input_NoticeInvoiceNumber'

2024-11-07 17:40:31 - [MESSAGE][PASSED] - Text '123456789' is set on object 'Object Repository/RAD_Pages/TaxInfo_Page/input_NoticeInvoiceNumber'

2024-11-07 17:40:31 - [TEST_STEP][PASSED] - setText(findTestObject(orPath_TaxInfo + "/input_reTypeNoticeInvoiceNumber"), notInvNumber): Text '123456789' is set on object 'Object Repository/RAD_Pages/TaxInfo_Page/input_reTypeNoticeInvoiceNumber'

2024-11-07 17:40:32 - [MESSAGE][PASSED] - Text '123456789' is set on object 'Object Repository/RAD_Pages/TaxInfo_Page/input_reTypeNoticeInvoiceNumber'

2024-11-07 17:40:32 - [TEST_STEP][PASSED] - println(notInvNumber): null

2024-11-07 17:40:32 - [TEST_STEP][PASSED] - if (verifyTextPresent(errorMsg, true)): null

2024-11-07 17:40:32 - [MESSAGE][PASSED] - Text 'Notice Number or Invoice Number must be 10, 11, or 13 digits in length, with a value greater than zero' is present on page  using regular expression

2024-11-07 17:40:32 - [TEST_STEP][PASSED] - println("Error Message is present on the page"): null

2024-11-07 17:40:32 - [TEST_STEP][PASSED] - out.println("Pass Record Number: " + row): null

2024-11-07 17:40:32 - [TEST_STEP][PASSED] - resText = "Pass": null

2024-11-07 17:40:32 - [TEST_STEP][PASSED] - pages.WriteExcel.demoKey(resText, datText, resColumn, datCloumn, fileLoc, nameSheet, row): pages.WriteExcel.demoKey is PASSED

2024-11-07 17:40:32 - [MESSAGE][PASSED] - pages.WriteExcel.demoKey is PASSED

2024-11-07 17:40:32 - [TEST_STEP][PASSED] - ExecuteTC = findTestData(dataFile).getValue("Execute", row): null

2024-11-07 17:40:32 - [TEST_STEP][PASSED] - Taxtype = findTestData(dataFile).getValue("TaxType", row): null

2024-11-07 17:40:32 - [TEST_STEP][PASSED] - TaxTypeEL = findTestData(dataFile).getValue("TaxTypeEL", row): null

2024-11-07 17:40:32 - [TEST_STEP][PASSED] - notInvNumber = findTestData(dataFile).getValue("NotiInvoNumber", row): null

2024-11-07 17:40:32 - [TEST_STEP][PASSED] - errorMsg = findTestData(dataFile).getValue("ErrorMessage", row): null

2024-11-07 17:40:32 - [TEST_STEP][PASSED] - out.println("Value of Execute is : " + ExecuteTC): null

2024-11-07 17:40:32 - [TEST_STEP][PASSED] - if (ExecuteTC.equalsIgnoreCase("Y")): null

2024-11-07 17:40:32 - [TEST_STEP][PASSED] - out.println("Begin Record Number: " + row): null

2024-11-07 17:40:32 - [TEST_STEP][PASSED] - today = new java.util.Date(): null

2024-11-07 17:40:32 - [TEST_STEP][PASSED] - println(today): null

2024-11-07 17:40:32 - [TEST_STEP][PASSED] - datText = today: null

2024-11-07 17:40:32 - [TEST_STEP][PASSED] - Taxtype = findTestData(dataFile).getValue("TaxType", row): null

2024-11-07 17:40:32 - [TEST_STEP][PASSED] - out.println("Taxtype value is : " + Taxtype): null

2024-11-07 17:40:32 - [TEST_STEP][PASSED] - openBrowser(""): Browser is opened with url: ''

2024-11-07 17:40:32 - [MESSAGE][WARNING] - A browser is already opened. Closing browser and opening a new one

2024-11-07 17:40:34 - [MESSAGE][INFO] - Starting 'Chrome' driver

2024-11-07 17:40:34 - [MESSAGE][INFO] - User set preference: ['acceptInsecureCerts', 'true']

2024-11-07 17:40:34 - [MESSAGE][INFO] - Action delay is set to 0 milliseconds

2024-11-07 17:40:36 - [MESSAGE][PASSED] - Browser is opened with url: ''

2024-11-07 17:40:36 - [TEST_STEP][PASSED] - maximizeWindow(): Current window maximized

2024-11-07 17:40:36 - [MESSAGE][PASSED] - Current window maximized

2024-11-07 17:40:36 - [TEST_STEP][PASSED] - navigateToUrl(RADurl): Navigate to 'https://www.velocitypayment.com/client/rad/index.html' successfully

2024-11-07 17:40:38 - [MESSAGE][PASSED] - Navigate to 'https://www.velocitypayment.com/client/rad/index.html' successfully

2024-11-07 17:40:38 - [TEST_STEP][PASSED] - orPath_Landing = "Object Repository/RAD_Pages/Landing_Page": null

2024-11-07 17:40:38 - [TEST_STEP][PASSED] - orPath_TaxTypeFilingYear = "Object Repository/RAD_Pages/TaxTypeFilingYear_Page": null

2024-11-07 17:40:38 - [TEST_STEP][PASSED] - orPath_TaxPayer = "Object Repository/RAD_Pages/Taxpayer_Page": null

2024-11-07 17:40:38 - [TEST_STEP][PASSED] - orPath_AddressContact = "Object Repository/RAD_Pages/AddressAndContactInfo_Page": null

2024-11-07 17:40:38 - [TEST_STEP][PASSED] - orPath_FilingStatus = "Object Repository/RAD_Pages/FilingStatus_Page": null

2024-11-07 17:40:38 - [TEST_STEP][PASSED] - orPath_Amount = "Object Repository/RAD_Pages/PaymentAmount_Page": null

2024-11-07 17:40:38 - [TEST_STEP][PASSED] - orPath_TaxInfo = "Object Repository/RAD_Pages/TaxInfo_Page": null

2024-11-07 17:40:38 - [TEST_STEP][PASSED] - orPath_Withholding = "Object Repository/RAD_Pages/Withholding_Page": null

2024-11-07 17:40:38 - [TEST_STEP][PASSED] - orPath_Summary = "Object Repository/RAD_Pages/Summary_Page": null

2024-11-07 17:40:38 - [TEST_STEP][PASSED] - orPath_PaymentReady = "Object Repository/RAD_Pages/PaymentReady_Page": null

2024-11-07 17:40:38 - [TEST_STEP][PASSED] - orPath_PaymentEntry = "Object Repository/RAD_Pages/PaymentEntry_Page": null

2024-11-07 17:40:38 - [TEST_STEP][PASSED] - orPath_PaymentConfirmation = "Object Repository/RAD_Pages/PaymentConfirmation_Page": null

2024-11-07 17:40:38 - [TEST_STEP][PASSED] - orPath_ServiceFeesAccept = "Object Repository/RAD_Pages/ServiceFeeAccept_Page": null

2024-11-07 17:40:38 - [TEST_STEP][PASSED] - selectOptionByLabel(findTestObject(orPath_Landing + "/dd_TaxType"), Taxtype, false): All options with label 'Existing Liability with Notice/Invoice Number' are selected in object 'Object Repository/RAD_Pages/Landing_Page/dd_TaxType' 

2024-11-07 17:40:38 - [MESSAGE][PASSED] - All options with label 'Existing Liability with Notice/Invoice Number' are selected in object 'Object Repository/RAD_Pages/Landing_Page/dd_TaxType' 

2024-11-07 17:40:38 - [TEST_STEP][PASSED] - delay(1): Delayed 1 second(s)

2024-11-07 17:40:39 - [MESSAGE][PASSED] - Delayed 1 second(s)

2024-11-07 17:40:39 - [TEST_STEP][PASSED] - selectOptionByLabel(findTestObject(orPath_TaxTypeFilingYear + "/select_TaxType_ExistingLiability"), TaxTypeEL, false): All options with label 'PTE Non-Electing Non-S Corp' are selected in object 'Object Repository/RAD_Pages/TaxTypeFilingYear_Page/select_TaxType_ExistingLiability' 

2024-11-07 17:40:40 - [MESSAGE][PASSED] - All options with label 'PTE Non-Electing Non-S Corp' are selected in object 'Object Repository/RAD_Pages/TaxTypeFilingYear_Page/select_TaxType_ExistingLiability' 

2024-11-07 17:40:40 - [TEST_STEP][PASSED] - setText(findTestObject(orPath_TaxInfo + "/input_NoticeInvoiceNumber"), notInvNumber): Text '123456789012' is set on object 'Object Repository/RAD_Pages/TaxInfo_Page/input_NoticeInvoiceNumber'

2024-11-07 17:40:41 - [MESSAGE][PASSED] - Text '123456789012' is set on object 'Object Repository/RAD_Pages/TaxInfo_Page/input_NoticeInvoiceNumber'

2024-11-07 17:40:41 - [TEST_STEP][PASSED] - setText(findTestObject(orPath_TaxInfo + "/input_reTypeNoticeInvoiceNumber"), notInvNumber): Text '123456789012' is set on object 'Object Repository/RAD_Pages/TaxInfo_Page/input_reTypeNoticeInvoiceNumber'

2024-11-07 17:40:42 - [MESSAGE][PASSED] - Text '123456789012' is set on object 'Object Repository/RAD_Pages/TaxInfo_Page/input_reTypeNoticeInvoiceNumber'

2024-11-07 17:40:42 - [TEST_STEP][PASSED] - println(notInvNumber): null

2024-11-07 17:40:42 - [TEST_STEP][PASSED] - if (verifyTextPresent(errorMsg, true)): null

2024-11-07 17:40:43 - [MESSAGE][PASSED] - Text 'Notice Number or Invoice Number must be 10, 11, or 13 digits in length, with a value greater than zero' is present on page  using regular expression

2024-11-07 17:40:43 - [TEST_STEP][PASSED] - println("Error Message is present on the page"): null

2024-11-07 17:40:43 - [TEST_STEP][PASSED] - out.println("Pass Record Number: " + row): null

2024-11-07 17:40:43 - [TEST_STEP][PASSED] - resText = "Pass": null

2024-11-07 17:40:43 - [TEST_STEP][PASSED] - pages.WriteExcel.demoKey(resText, datText, resColumn, datCloumn, fileLoc, nameSheet, row): pages.WriteExcel.demoKey is PASSED

2024-11-07 17:40:43 - [MESSAGE][PASSED] - pages.WriteExcel.demoKey is PASSED

2024-11-07 17:40:43 - [TEST_STEP][PASSED] - ExecuteTC = findTestData(dataFile).getValue("Execute", row): null

2024-11-07 17:40:43 - [TEST_STEP][PASSED] - Taxtype = findTestData(dataFile).getValue("TaxType", row): null

2024-11-07 17:40:43 - [TEST_STEP][PASSED] - TaxTypeEL = findTestData(dataFile).getValue("TaxTypeEL", row): null

2024-11-07 17:40:43 - [TEST_STEP][PASSED] - notInvNumber = findTestData(dataFile).getValue("NotiInvoNumber", row): null

2024-11-07 17:40:43 - [TEST_STEP][PASSED] - errorMsg = findTestData(dataFile).getValue("ErrorMessage", row): null

2024-11-07 17:40:43 - [TEST_STEP][PASSED] - out.println("Value of Execute is : " + ExecuteTC): null

2024-11-07 17:40:43 - [TEST_STEP][PASSED] - if (ExecuteTC.equalsIgnoreCase("Y")): null

2024-11-07 17:40:43 - [TEST_STEP][PASSED] - out.println("Begin Record Number: " + row): null

2024-11-07 17:40:43 - [TEST_STEP][PASSED] - today = new java.util.Date(): null

2024-11-07 17:40:43 - [TEST_STEP][PASSED] - println(today): null

2024-11-07 17:40:43 - [TEST_STEP][PASSED] - datText = today: null

2024-11-07 17:40:43 - [TEST_STEP][PASSED] - Taxtype = findTestData(dataFile).getValue("TaxType", row): null

2024-11-07 17:40:43 - [TEST_STEP][PASSED] - out.println("Taxtype value is : " + Taxtype): null

2024-11-07 17:40:43 - [TEST_STEP][PASSED] - openBrowser(""): Browser is opened with url: ''

2024-11-07 17:40:43 - [MESSAGE][WARNING] - A browser is already opened. Closing browser and opening a new one

2024-11-07 17:40:44 - [MESSAGE][INFO] - Starting 'Chrome' driver

2024-11-07 17:40:44 - [MESSAGE][INFO] - User set preference: ['acceptInsecureCerts', 'true']

2024-11-07 17:40:44 - [MESSAGE][INFO] - Action delay is set to 0 milliseconds

2024-11-07 17:40:46 - [MESSAGE][PASSED] - Browser is opened with url: ''

2024-11-07 17:40:46 - [TEST_STEP][PASSED] - maximizeWindow(): Current window maximized

2024-11-07 17:40:46 - [MESSAGE][PASSED] - Current window maximized

2024-11-07 17:40:46 - [TEST_STEP][PASSED] - navigateToUrl(RADurl): Navigate to 'https://www.velocitypayment.com/client/rad/index.html' successfully

2024-11-07 17:40:46 - [MESSAGE][PASSED] - Navigate to 'https://www.velocitypayment.com/client/rad/index.html' successfully

2024-11-07 17:40:46 - [TEST_STEP][PASSED] - orPath_Landing = "Object Repository/RAD_Pages/Landing_Page": null

2024-11-07 17:40:46 - [TEST_STEP][PASSED] - orPath_TaxTypeFilingYear = "Object Repository/RAD_Pages/TaxTypeFilingYear_Page": null

2024-11-07 17:40:46 - [TEST_STEP][PASSED] - orPath_TaxPayer = "Object Repository/RAD_Pages/Taxpayer_Page": null

2024-11-07 17:40:46 - [TEST_STEP][PASSED] - orPath_AddressContact = "Object Repository/RAD_Pages/AddressAndContactInfo_Page": null

2024-11-07 17:40:46 - [TEST_STEP][PASSED] - orPath_FilingStatus = "Object Repository/RAD_Pages/FilingStatus_Page": null

2024-11-07 17:40:46 - [TEST_STEP][PASSED] - orPath_Amount = "Object Repository/RAD_Pages/PaymentAmount_Page": null

2024-11-07 17:40:46 - [TEST_STEP][PASSED] - orPath_TaxInfo = "Object Repository/RAD_Pages/TaxInfo_Page": null

2024-11-07 17:40:46 - [TEST_STEP][PASSED] - orPath_Withholding = "Object Repository/RAD_Pages/Withholding_Page": null

2024-11-07 17:40:46 - [TEST_STEP][PASSED] - orPath_Summary = "Object Repository/RAD_Pages/Summary_Page": null

2024-11-07 17:40:46 - [TEST_STEP][PASSED] - orPath_PaymentReady = "Object Repository/RAD_Pages/PaymentReady_Page": null

2024-11-07 17:40:46 - [TEST_STEP][PASSED] - orPath_PaymentEntry = "Object Repository/RAD_Pages/PaymentEntry_Page": null

2024-11-07 17:40:46 - [TEST_STEP][PASSED] - orPath_PaymentConfirmation = "Object Repository/RAD_Pages/PaymentConfirmation_Page": null

2024-11-07 17:40:46 - [TEST_STEP][PASSED] - orPath_ServiceFeesAccept = "Object Repository/RAD_Pages/ServiceFeeAccept_Page": null

2024-11-07 17:40:46 - [TEST_STEP][PASSED] - selectOptionByLabel(findTestObject(orPath_Landing + "/dd_TaxType"), Taxtype, false): All options with label 'Existing Liability with Notice/Invoice Number' are selected in object 'Object Repository/RAD_Pages/Landing_Page/dd_TaxType' 

2024-11-07 17:40:49 - [MESSAGE][PASSED] - All options with label 'Existing Liability with Notice/Invoice Number' are selected in object 'Object Repository/RAD_Pages/Landing_Page/dd_TaxType' 

2024-11-07 17:40:49 - [TEST_STEP][PASSED] - delay(1): Delayed 1 second(s)

2024-11-07 17:40:50 - [MESSAGE][PASSED] - Delayed 1 second(s)

2024-11-07 17:40:50 - [TEST_STEP][PASSED] - selectOptionByLabel(findTestObject(orPath_TaxTypeFilingYear + "/select_TaxType_ExistingLiability"), TaxTypeEL, false): All options with label 'PTE Non-Electing Non-S Corp' are selected in object 'Object Repository/RAD_Pages/TaxTypeFilingYear_Page/select_TaxType_ExistingLiability' 

2024-11-07 17:40:50 - [MESSAGE][PASSED] - All options with label 'PTE Non-Electing Non-S Corp' are selected in object 'Object Repository/RAD_Pages/TaxTypeFilingYear_Page/select_TaxType_ExistingLiability' 

2024-11-07 17:40:50 - [TEST_STEP][PASSED] - setText(findTestObject(orPath_TaxInfo + "/input_NoticeInvoiceNumber"), notInvNumber): Text '0000000000' is set on object 'Object Repository/RAD_Pages/TaxInfo_Page/input_NoticeInvoiceNumber'

2024-11-07 17:40:51 - [MESSAGE][PASSED] - Text '0000000000' is set on object 'Object Repository/RAD_Pages/TaxInfo_Page/input_NoticeInvoiceNumber'

2024-11-07 17:40:51 - [TEST_STEP][PASSED] - setText(findTestObject(orPath_TaxInfo + "/input_reTypeNoticeInvoiceNumber"), notInvNumber): Text '0000000000' is set on object 'Object Repository/RAD_Pages/TaxInfo_Page/input_reTypeNoticeInvoiceNumber'

2024-11-07 17:40:52 - [MESSAGE][PASSED] - Text '0000000000' is set on object 'Object Repository/RAD_Pages/TaxInfo_Page/input_reTypeNoticeInvoiceNumber'

2024-11-07 17:40:52 - [TEST_STEP][PASSED] - println(notInvNumber): null

2024-11-07 17:40:52 - [TEST_STEP][PASSED] - if (verifyTextPresent(errorMsg, true)): null

2024-11-07 17:40:53 - [MESSAGE][PASSED] - Text 'Notice Number or Invoice Number must be 10, 11, or 13 digits in length, with a value greater than zero' is present on page  using regular expression

2024-11-07 17:40:53 - [TEST_STEP][PASSED] - println("Error Message is present on the page"): null

2024-11-07 17:40:53 - [TEST_STEP][PASSED] - out.println("Pass Record Number: " + row): null

2024-11-07 17:40:53 - [TEST_STEP][PASSED] - resText = "Pass": null

2024-11-07 17:40:53 - [TEST_STEP][PASSED] - pages.WriteExcel.demoKey(resText, datText, resColumn, datCloumn, fileLoc, nameSheet, row): pages.WriteExcel.demoKey is PASSED

2024-11-07 17:40:53 - [MESSAGE][PASSED] - pages.WriteExcel.demoKey is PASSED

2024-11-07 17:40:53 - [TEST_STEP][PASSED] - ExecuteTC = findTestData(dataFile).getValue("Execute", row): null

2024-11-07 17:40:53 - [TEST_STEP][PASSED] - Taxtype = findTestData(dataFile).getValue("TaxType", row): null

2024-11-07 17:40:53 - [TEST_STEP][PASSED] - TaxTypeEL = findTestData(dataFile).getValue("TaxTypeEL", row): null

2024-11-07 17:40:53 - [TEST_STEP][PASSED] - notInvNumber = findTestData(dataFile).getValue("NotiInvoNumber", row): null

2024-11-07 17:40:53 - [TEST_STEP][PASSED] - errorMsg = findTestData(dataFile).getValue("ErrorMessage", row): null

2024-11-07 17:40:53 - [TEST_STEP][PASSED] - out.println("Value of Execute is : " + ExecuteTC): null

2024-11-07 17:40:53 - [TEST_STEP][PASSED] - if (ExecuteTC.equalsIgnoreCase("Y")): null

2024-11-07 17:40:53 - [TEST_STEP][PASSED] - out.println("Begin Record Number: " + row): null

2024-11-07 17:40:53 - [TEST_STEP][PASSED] - today = new java.util.Date(): null

2024-11-07 17:40:53 - [TEST_STEP][PASSED] - println(today): null

2024-11-07 17:40:53 - [TEST_STEP][PASSED] - datText = today: null

2024-11-07 17:40:53 - [TEST_STEP][PASSED] - Taxtype = findTestData(dataFile).getValue("TaxType", row): null

2024-11-07 17:40:53 - [TEST_STEP][PASSED] - out.println("Taxtype value is : " + Taxtype): null

2024-11-07 17:40:53 - [TEST_STEP][PASSED] - openBrowser(""): Browser is opened with url: ''

2024-11-07 17:40:53 - [MESSAGE][WARNING] - A browser is already opened. Closing browser and opening a new one

2024-11-07 17:40:54 - [MESSAGE][INFO] - Starting 'Chrome' driver

2024-11-07 17:40:54 - [MESSAGE][INFO] - User set preference: ['acceptInsecureCerts', 'true']

2024-11-07 17:40:54 - [MESSAGE][INFO] - Action delay is set to 0 milliseconds

2024-11-07 17:40:56 - [MESSAGE][PASSED] - Browser is opened with url: ''

2024-11-07 17:40:56 - [TEST_STEP][PASSED] - maximizeWindow(): Current window maximized

2024-11-07 17:40:56 - [MESSAGE][PASSED] - Current window maximized

2024-11-07 17:40:56 - [TEST_STEP][PASSED] - navigateToUrl(RADurl): Navigate to 'https://www.velocitypayment.com/client/rad/index.html' successfully

2024-11-07 17:40:58 - [MESSAGE][PASSED] - Navigate to 'https://www.velocitypayment.com/client/rad/index.html' successfully

2024-11-07 17:40:58 - [TEST_STEP][PASSED] - orPath_Landing = "Object Repository/RAD_Pages/Landing_Page": null

2024-11-07 17:40:58 - [TEST_STEP][PASSED] - orPath_TaxTypeFilingYear = "Object Repository/RAD_Pages/TaxTypeFilingYear_Page": null

2024-11-07 17:40:58 - [TEST_STEP][PASSED] - orPath_TaxPayer = "Object Repository/RAD_Pages/Taxpayer_Page": null

2024-11-07 17:40:58 - [TEST_STEP][PASSED] - orPath_AddressContact = "Object Repository/RAD_Pages/AddressAndContactInfo_Page": null

2024-11-07 17:40:58 - [TEST_STEP][PASSED] - orPath_FilingStatus = "Object Repository/RAD_Pages/FilingStatus_Page": null

2024-11-07 17:40:58 - [TEST_STEP][PASSED] - orPath_Amount = "Object Repository/RAD_Pages/PaymentAmount_Page": null

2024-11-07 17:40:58 - [TEST_STEP][PASSED] - orPath_TaxInfo = "Object Repository/RAD_Pages/TaxInfo_Page": null

2024-11-07 17:40:58 - [TEST_STEP][PASSED] - orPath_Withholding = "Object Repository/RAD_Pages/Withholding_Page": null

2024-11-07 17:40:58 - [TEST_STEP][PASSED] - orPath_Summary = "Object Repository/RAD_Pages/Summary_Page": null

2024-11-07 17:40:58 - [TEST_STEP][PASSED] - orPath_PaymentReady = "Object Repository/RAD_Pages/PaymentReady_Page": null

2024-11-07 17:40:58 - [TEST_STEP][PASSED] - orPath_PaymentEntry = "Object Repository/RAD_Pages/PaymentEntry_Page": null

2024-11-07 17:40:58 - [TEST_STEP][PASSED] - orPath_PaymentConfirmation = "Object Repository/RAD_Pages/PaymentConfirmation_Page": null

2024-11-07 17:40:58 - [TEST_STEP][PASSED] - orPath_ServiceFeesAccept = "Object Repository/RAD_Pages/ServiceFeeAccept_Page": null

2024-11-07 17:40:58 - [TEST_STEP][PASSED] - selectOptionByLabel(findTestObject(orPath_Landing + "/dd_TaxType"), Taxtype, false): All options with label 'Existing Liability with Notice/Invoice Number' are selected in object 'Object Repository/RAD_Pages/Landing_Page/dd_TaxType' 

2024-11-07 17:40:59 - [MESSAGE][PASSED] - All options with label 'Existing Liability with Notice/Invoice Number' are selected in object 'Object Repository/RAD_Pages/Landing_Page/dd_TaxType' 

2024-11-07 17:40:59 - [TEST_STEP][PASSED] - delay(1): Delayed 1 second(s)

2024-11-07 17:41:00 - [MESSAGE][PASSED] - Delayed 1 second(s)

2024-11-07 17:41:00 - [TEST_STEP][PASSED] - selectOptionByLabel(findTestObject(orPath_TaxTypeFilingYear + "/select_TaxType_ExistingLiability"), TaxTypeEL, false): All options with label 'PTE Non-Electing S Corp' are selected in object 'Object Repository/RAD_Pages/TaxTypeFilingYear_Page/select_TaxType_ExistingLiability' 

2024-11-07 17:41:01 - [MESSAGE][PASSED] - All options with label 'PTE Non-Electing S Corp' are selected in object 'Object Repository/RAD_Pages/TaxTypeFilingYear_Page/select_TaxType_ExistingLiability' 

2024-11-07 17:41:01 - [TEST_STEP][PASSED] - setText(findTestObject(orPath_TaxInfo + "/input_NoticeInvoiceNumber"), notInvNumber): Text '123456789' is set on object 'Object Repository/RAD_Pages/TaxInfo_Page/input_NoticeInvoiceNumber'

2024-11-07 17:41:01 - [MESSAGE][PASSED] - Text '123456789' is set on object 'Object Repository/RAD_Pages/TaxInfo_Page/input_NoticeInvoiceNumber'

2024-11-07 17:41:01 - [TEST_STEP][PASSED] - setText(findTestObject(orPath_TaxInfo + "/input_reTypeNoticeInvoiceNumber"), notInvNumber): Text '123456789' is set on object 'Object Repository/RAD_Pages/TaxInfo_Page/input_reTypeNoticeInvoiceNumber'

2024-11-07 17:41:02 - [MESSAGE][PASSED] - Text '123456789' is set on object 'Object Repository/RAD_Pages/TaxInfo_Page/input_reTypeNoticeInvoiceNumber'

2024-11-07 17:41:02 - [TEST_STEP][PASSED] - println(notInvNumber): null

2024-11-07 17:41:02 - [TEST_STEP][PASSED] - if (verifyTextPresent(errorMsg, true)): null

2024-11-07 17:41:03 - [MESSAGE][PASSED] - Text 'Notice Number or Invoice Number must be 10, 11, or 13 digits in length, with a value greater than zero' is present on page  using regular expression

2024-11-07 17:41:03 - [TEST_STEP][PASSED] - println("Error Message is present on the page"): null

2024-11-07 17:41:03 - [TEST_STEP][PASSED] - out.println("Pass Record Number: " + row): null

2024-11-07 17:41:03 - [TEST_STEP][PASSED] - resText = "Pass": null

2024-11-07 17:41:03 - [TEST_STEP][PASSED] - pages.WriteExcel.demoKey(resText, datText, resColumn, datCloumn, fileLoc, nameSheet, row): pages.WriteExcel.demoKey is PASSED

2024-11-07 17:41:03 - [MESSAGE][PASSED] - pages.WriteExcel.demoKey is PASSED

2024-11-07 17:41:03 - [TEST_STEP][PASSED] - ExecuteTC = findTestData(dataFile).getValue("Execute", row): null

2024-11-07 17:41:03 - [TEST_STEP][PASSED] - Taxtype = findTestData(dataFile).getValue("TaxType", row): null

2024-11-07 17:41:03 - [TEST_STEP][PASSED] - TaxTypeEL = findTestData(dataFile).getValue("TaxTypeEL", row): null

2024-11-07 17:41:03 - [TEST_STEP][PASSED] - notInvNumber = findTestData(dataFile).getValue("NotiInvoNumber", row): null

2024-11-07 17:41:03 - [TEST_STEP][PASSED] - errorMsg = findTestData(dataFile).getValue("ErrorMessage", row): null

2024-11-07 17:41:03 - [TEST_STEP][PASSED] - out.println("Value of Execute is : " + ExecuteTC): null

2024-11-07 17:41:03 - [TEST_STEP][PASSED] - if (ExecuteTC.equalsIgnoreCase("Y")): null

2024-11-07 17:41:03 - [TEST_STEP][PASSED] - out.println("Begin Record Number: " + row): null

2024-11-07 17:41:03 - [TEST_STEP][PASSED] - today = new java.util.Date(): null

2024-11-07 17:41:03 - [TEST_STEP][PASSED] - println(today): null

2024-11-07 17:41:03 - [TEST_STEP][PASSED] - datText = today: null

2024-11-07 17:41:03 - [TEST_STEP][PASSED] - Taxtype = findTestData(dataFile).getValue("TaxType", row): null

2024-11-07 17:41:03 - [TEST_STEP][PASSED] - out.println("Taxtype value is : " + Taxtype): null

2024-11-07 17:41:03 - [TEST_STEP][PASSED] - openBrowser(""): Browser is opened with url: ''

2024-11-07 17:41:03 - [MESSAGE][WARNING] - A browser is already opened. Closing browser and opening a new one

2024-11-07 17:41:05 - [MESSAGE][INFO] - Starting 'Chrome' driver

2024-11-07 17:41:05 - [MESSAGE][INFO] - User set preference: ['acceptInsecureCerts', 'true']

2024-11-07 17:41:05 - [MESSAGE][INFO] - Action delay is set to 0 milliseconds

2024-11-07 17:41:06 - [MESSAGE][PASSED] - Browser is opened with url: ''

2024-11-07 17:41:06 - [TEST_STEP][PASSED] - maximizeWindow(): Current window maximized

2024-11-07 17:41:06 - [MESSAGE][PASSED] - Current window maximized

2024-11-07 17:41:06 - [TEST_STEP][PASSED] - navigateToUrl(RADurl): Navigate to 'https://www.velocitypayment.com/client/rad/index.html' successfully

2024-11-07 17:41:08 - [MESSAGE][PASSED] - Navigate to 'https://www.velocitypayment.com/client/rad/index.html' successfully

2024-11-07 17:41:08 - [TEST_STEP][PASSED] - orPath_Landing = "Object Repository/RAD_Pages/Landing_Page": null

2024-11-07 17:41:08 - [TEST_STEP][PASSED] - orPath_TaxTypeFilingYear = "Object Repository/RAD_Pages/TaxTypeFilingYear_Page": null

2024-11-07 17:41:08 - [TEST_STEP][PASSED] - orPath_TaxPayer = "Object Repository/RAD_Pages/Taxpayer_Page": null

2024-11-07 17:41:08 - [TEST_STEP][PASSED] - orPath_AddressContact = "Object Repository/RAD_Pages/AddressAndContactInfo_Page": null

2024-11-07 17:41:08 - [TEST_STEP][PASSED] - orPath_FilingStatus = "Object Repository/RAD_Pages/FilingStatus_Page": null

2024-11-07 17:41:08 - [TEST_STEP][PASSED] - orPath_Amount = "Object Repository/RAD_Pages/PaymentAmount_Page": null

2024-11-07 17:41:08 - [TEST_STEP][PASSED] - orPath_TaxInfo = "Object Repository/RAD_Pages/TaxInfo_Page": null

2024-11-07 17:41:08 - [TEST_STEP][PASSED] - orPath_Withholding = "Object Repository/RAD_Pages/Withholding_Page": null

2024-11-07 17:41:08 - [TEST_STEP][PASSED] - orPath_Summary = "Object Repository/RAD_Pages/Summary_Page": null

2024-11-07 17:41:08 - [TEST_STEP][PASSED] - orPath_PaymentReady = "Object Repository/RAD_Pages/PaymentReady_Page": null

2024-11-07 17:41:08 - [TEST_STEP][PASSED] - orPath_PaymentEntry = "Object Repository/RAD_Pages/PaymentEntry_Page": null

2024-11-07 17:41:08 - [TEST_STEP][PASSED] - orPath_PaymentConfirmation = "Object Repository/RAD_Pages/PaymentConfirmation_Page": null

2024-11-07 17:41:08 - [TEST_STEP][PASSED] - orPath_ServiceFeesAccept = "Object Repository/RAD_Pages/ServiceFeeAccept_Page": null

2024-11-07 17:41:08 - [TEST_STEP][PASSED] - selectOptionByLabel(findTestObject(orPath_Landing + "/dd_TaxType"), Taxtype, false): All options with label 'Existing Liability with Notice/Invoice Number' are selected in object 'Object Repository/RAD_Pages/Landing_Page/dd_TaxType' 

2024-11-07 17:41:09 - [MESSAGE][PASSED] - All options with label 'Existing Liability with Notice/Invoice Number' are selected in object 'Object Repository/RAD_Pages/Landing_Page/dd_TaxType' 

2024-11-07 17:41:09 - [TEST_STEP][PASSED] - delay(1): Delayed 1 second(s)

2024-11-07 17:41:10 - [MESSAGE][PASSED] - Delayed 1 second(s)

2024-11-07 17:41:10 - [TEST_STEP][PASSED] - selectOptionByLabel(findTestObject(orPath_TaxTypeFilingYear + "/select_TaxType_ExistingLiability"), TaxTypeEL, false): All options with label 'PTE Non-Electing S Corp' are selected in object 'Object Repository/RAD_Pages/TaxTypeFilingYear_Page/select_TaxType_ExistingLiability' 

2024-11-07 17:41:11 - [MESSAGE][PASSED] - All options with label 'PTE Non-Electing S Corp' are selected in object 'Object Repository/RAD_Pages/TaxTypeFilingYear_Page/select_TaxType_ExistingLiability' 

2024-11-07 17:41:11 - [TEST_STEP][PASSED] - setText(findTestObject(orPath_TaxInfo + "/input_NoticeInvoiceNumber"), notInvNumber): Text '123456789012' is set on object 'Object Repository/RAD_Pages/TaxInfo_Page/input_NoticeInvoiceNumber'

2024-11-07 17:41:12 - [MESSAGE][PASSED] - Text '123456789012' is set on object 'Object Repository/RAD_Pages/TaxInfo_Page/input_NoticeInvoiceNumber'

2024-11-07 17:41:12 - [TEST_STEP][PASSED] - setText(findTestObject(orPath_TaxInfo + "/input_reTypeNoticeInvoiceNumber"), notInvNumber): Text '123456789012' is set on object 'Object Repository/RAD_Pages/TaxInfo_Page/input_reTypeNoticeInvoiceNumber'

2024-11-07 17:41:13 - [MESSAGE][PASSED] - Text '123456789012' is set on object 'Object Repository/RAD_Pages/TaxInfo_Page/input_reTypeNoticeInvoiceNumber'

2024-11-07 17:41:13 - [TEST_STEP][PASSED] - println(notInvNumber): null

2024-11-07 17:41:13 - [TEST_STEP][PASSED] - if (verifyTextPresent(errorMsg, true)): null

2024-11-07 17:41:13 - [MESSAGE][PASSED] - Text 'Notice Number or Invoice Number must be 10, 11, or 13 digits in length, with a value greater than zero' is present on page  using regular expression

2024-11-07 17:41:13 - [TEST_STEP][PASSED] - println("Error Message is present on the page"): null

2024-11-07 17:41:13 - [TEST_STEP][PASSED] - out.println("Pass Record Number: " + row): null

2024-11-07 17:41:13 - [TEST_STEP][PASSED] - resText = "Pass": null

2024-11-07 17:41:13 - [TEST_STEP][PASSED] - pages.WriteExcel.demoKey(resText, datText, resColumn, datCloumn, fileLoc, nameSheet, row): pages.WriteExcel.demoKey is PASSED

2024-11-07 17:41:13 - [MESSAGE][PASSED] - pages.WriteExcel.demoKey is PASSED

2024-11-07 17:41:13 - [TEST_STEP][PASSED] - ExecuteTC = findTestData(dataFile).getValue("Execute", row): null

2024-11-07 17:41:13 - [TEST_STEP][PASSED] - Taxtype = findTestData(dataFile).getValue("TaxType", row): null

2024-11-07 17:41:13 - [TEST_STEP][PASSED] - TaxTypeEL = findTestData(dataFile).getValue("TaxTypeEL", row): null

2024-11-07 17:41:13 - [TEST_STEP][PASSED] - notInvNumber = findTestData(dataFile).getValue("NotiInvoNumber", row): null

2024-11-07 17:41:13 - [TEST_STEP][PASSED] - errorMsg = findTestData(dataFile).getValue("ErrorMessage", row): null

2024-11-07 17:41:13 - [TEST_STEP][PASSED] - out.println("Value of Execute is : " + ExecuteTC): null

2024-11-07 17:41:13 - [TEST_STEP][PASSED] - if (ExecuteTC.equalsIgnoreCase("Y")): null

2024-11-07 17:41:13 - [TEST_STEP][PASSED] - out.println("Begin Record Number: " + row): null

2024-11-07 17:41:13 - [TEST_STEP][PASSED] - today = new java.util.Date(): null

2024-11-07 17:41:13 - [TEST_STEP][PASSED] - println(today): null

2024-11-07 17:41:13 - [TEST_STEP][PASSED] - datText = today: null

2024-11-07 17:41:13 - [TEST_STEP][PASSED] - Taxtype = findTestData(dataFile).getValue("TaxType", row): null

2024-11-07 17:41:13 - [TEST_STEP][PASSED] - out.println("Taxtype value is : " + Taxtype): null

2024-11-07 17:41:13 - [TEST_STEP][PASSED] - openBrowser(""): Browser is opened with url: ''

2024-11-07 17:41:13 - [MESSAGE][WARNING] - A browser is already opened. Closing browser and opening a new one

2024-11-07 17:41:15 - [MESSAGE][INFO] - Starting 'Chrome' driver

2024-11-07 17:41:15 - [MESSAGE][INFO] - User set preference: ['acceptInsecureCerts', 'true']

2024-11-07 17:41:15 - [MESSAGE][INFO] - Action delay is set to 0 milliseconds

2024-11-07 17:41:17 - [MESSAGE][PASSED] - Browser is opened with url: ''

2024-11-07 17:41:17 - [TEST_STEP][PASSED] - maximizeWindow(): Current window maximized

2024-11-07 17:41:17 - [MESSAGE][PASSED] - Current window maximized

2024-11-07 17:41:17 - [TEST_STEP][PASSED] - navigateToUrl(RADurl): Navigate to 'https://www.velocitypayment.com/client/rad/index.html' successfully

2024-11-07 17:41:18 - [MESSAGE][PASSED] - Navigate to 'https://www.velocitypayment.com/client/rad/index.html' successfully

2024-11-07 17:41:18 - [TEST_STEP][PASSED] - orPath_Landing = "Object Repository/RAD_Pages/Landing_Page": null

2024-11-07 17:41:18 - [TEST_STEP][PASSED] - orPath_TaxTypeFilingYear = "Object Repository/RAD_Pages/TaxTypeFilingYear_Page": null

2024-11-07 17:41:18 - [TEST_STEP][PASSED] - orPath_TaxPayer = "Object Repository/RAD_Pages/Taxpayer_Page": null

2024-11-07 17:41:18 - [TEST_STEP][PASSED] - orPath_AddressContact = "Object Repository/RAD_Pages/AddressAndContactInfo_Page": null

2024-11-07 17:41:18 - [TEST_STEP][PASSED] - orPath_FilingStatus = "Object Repository/RAD_Pages/FilingStatus_Page": null

2024-11-07 17:41:18 - [TEST_STEP][PASSED] - orPath_Amount = "Object Repository/RAD_Pages/PaymentAmount_Page": null

2024-11-07 17:41:18 - [TEST_STEP][PASSED] - orPath_TaxInfo = "Object Repository/RAD_Pages/TaxInfo_Page": null

2024-11-07 17:41:18 - [TEST_STEP][PASSED] - orPath_Withholding = "Object Repository/RAD_Pages/Withholding_Page": null

2024-11-07 17:41:18 - [TEST_STEP][PASSED] - orPath_Summary = "Object Repository/RAD_Pages/Summary_Page": null

2024-11-07 17:41:18 - [TEST_STEP][PASSED] - orPath_PaymentReady = "Object Repository/RAD_Pages/PaymentReady_Page": null

2024-11-07 17:41:18 - [TEST_STEP][PASSED] - orPath_PaymentEntry = "Object Repository/RAD_Pages/PaymentEntry_Page": null

2024-11-07 17:41:18 - [TEST_STEP][PASSED] - orPath_PaymentConfirmation = "Object Repository/RAD_Pages/PaymentConfirmation_Page": null

2024-11-07 17:41:18 - [TEST_STEP][PASSED] - orPath_ServiceFeesAccept = "Object Repository/RAD_Pages/ServiceFeeAccept_Page": null

2024-11-07 17:41:18 - [TEST_STEP][PASSED] - selectOptionByLabel(findTestObject(orPath_Landing + "/dd_TaxType"), Taxtype, false): All options with label 'Existing Liability with Notice/Invoice Number' are selected in object 'Object Repository/RAD_Pages/Landing_Page/dd_TaxType' 

2024-11-07 17:41:21 - [MESSAGE][PASSED] - All options with label 'Existing Liability with Notice/Invoice Number' are selected in object 'Object Repository/RAD_Pages/Landing_Page/dd_TaxType' 

2024-11-07 17:41:21 - [TEST_STEP][PASSED] - delay(1): Delayed 1 second(s)

2024-11-07 17:41:22 - [MESSAGE][PASSED] - Delayed 1 second(s)

2024-11-07 17:41:22 - [TEST_STEP][PASSED] - selectOptionByLabel(findTestObject(orPath_TaxTypeFilingYear + "/select_TaxType_ExistingLiability"), TaxTypeEL, false): All options with label 'PTE Non-Electing S Corp' are selected in object 'Object Repository/RAD_Pages/TaxTypeFilingYear_Page/select_TaxType_ExistingLiability' 

2024-11-07 17:41:22 - [MESSAGE][PASSED] - All options with label 'PTE Non-Electing S Corp' are selected in object 'Object Repository/RAD_Pages/TaxTypeFilingYear_Page/select_TaxType_ExistingLiability' 

2024-11-07 17:41:22 - [TEST_STEP][PASSED] - setText(findTestObject(orPath_TaxInfo + "/input_NoticeInvoiceNumber"), notInvNumber): Text '0000000000' is set on object 'Object Repository/RAD_Pages/TaxInfo_Page/input_NoticeInvoiceNumber'

2024-11-07 17:41:23 - [MESSAGE][PASSED] - Text '0000000000' is set on object 'Object Repository/RAD_Pages/TaxInfo_Page/input_NoticeInvoiceNumber'

2024-11-07 17:41:23 - [TEST_STEP][PASSED] - setText(findTestObject(orPath_TaxInfo + "/input_reTypeNoticeInvoiceNumber"), notInvNumber): Text '0000000000' is set on object 'Object Repository/RAD_Pages/TaxInfo_Page/input_reTypeNoticeInvoiceNumber'

2024-11-07 17:41:25 - [MESSAGE][PASSED] - Text '0000000000' is set on object 'Object Repository/RAD_Pages/TaxInfo_Page/input_reTypeNoticeInvoiceNumber'

2024-11-07 17:41:25 - [TEST_STEP][PASSED] - println(notInvNumber): null

2024-11-07 17:41:25 - [TEST_STEP][PASSED] - if (verifyTextPresent(errorMsg, true)): null

2024-11-07 17:41:25 - [MESSAGE][PASSED] - Text 'Notice Number or Invoice Number must be 10, 11, or 13 digits in length, with a value greater than zero' is present on page  using regular expression

2024-11-07 17:41:25 - [TEST_STEP][PASSED] - println("Error Message is present on the page"): null

2024-11-07 17:41:25 - [TEST_STEP][PASSED] - out.println("Pass Record Number: " + row): null

2024-11-07 17:41:25 - [TEST_STEP][PASSED] - resText = "Pass": null

2024-11-07 17:41:25 - [TEST_STEP][PASSED] - pages.WriteExcel.demoKey(resText, datText, resColumn, datCloumn, fileLoc, nameSheet, row): pages.WriteExcel.demoKey is PASSED

2024-11-07 17:41:25 - [MESSAGE][PASSED] - pages.WriteExcel.demoKey is PASSED

2024-11-07 17:41:25 - [TEST_STEP][PASSED] - ExecuteTC = findTestData(dataFile).getValue("Execute", row): null

2024-11-07 17:41:25 - [TEST_STEP][PASSED] - Taxtype = findTestData(dataFile).getValue("TaxType", row): null

2024-11-07 17:41:25 - [TEST_STEP][PASSED] - TaxTypeEL = findTestData(dataFile).getValue("TaxTypeEL", row): null

2024-11-07 17:41:25 - [TEST_STEP][PASSED] - notInvNumber = findTestData(dataFile).getValue("NotiInvoNumber", row): null

2024-11-07 17:41:25 - [TEST_STEP][PASSED] - errorMsg = findTestData(dataFile).getValue("ErrorMessage", row): null

2024-11-07 17:41:25 - [TEST_STEP][PASSED] - out.println("Value of Execute is : " + ExecuteTC): null

2024-11-07 17:41:25 - [TEST_STEP][PASSED] - if (ExecuteTC.equalsIgnoreCase("Y")): null

2024-11-07 17:41:25 - [TEST_STEP][PASSED] - out.println("Begin Record Number: " + row): null

2024-11-07 17:41:25 - [TEST_STEP][PASSED] - today = new java.util.Date(): null

2024-11-07 17:41:25 - [TEST_STEP][PASSED] - println(today): null

2024-11-07 17:41:25 - [TEST_STEP][PASSED] - datText = today: null

2024-11-07 17:41:25 - [TEST_STEP][PASSED] - Taxtype = findTestData(dataFile).getValue("TaxType", row): null

2024-11-07 17:41:26 - [TEST_STEP][PASSED] - out.println("Taxtype value is : " + Taxtype): null

2024-11-07 17:41:26 - [TEST_STEP][PASSED] - openBrowser(""): Browser is opened with url: ''

2024-11-07 17:41:26 - [MESSAGE][WARNING] - A browser is already opened. Closing browser and opening a new one

2024-11-07 17:41:28 - [MESSAGE][INFO] - Starting 'Chrome' driver

2024-11-07 17:41:28 - [MESSAGE][INFO] - User set preference: ['acceptInsecureCerts', 'true']

2024-11-07 17:41:28 - [MESSAGE][INFO] - Action delay is set to 0 milliseconds

2024-11-07 17:41:30 - [MESSAGE][PASSED] - Browser is opened with url: ''

2024-11-07 17:41:30 - [TEST_STEP][PASSED] - maximizeWindow(): Current window maximized

2024-11-07 17:41:30 - [MESSAGE][PASSED] - Current window maximized

2024-11-07 17:41:30 - [TEST_STEP][PASSED] - navigateToUrl(RADurl): Navigate to 'https://www.velocitypayment.com/client/rad/index.html' successfully

2024-11-07 17:41:32 - [MESSAGE][PASSED] - Navigate to 'https://www.velocitypayment.com/client/rad/index.html' successfully

2024-11-07 17:41:32 - [TEST_STEP][PASSED] - orPath_Landing = "Object Repository/RAD_Pages/Landing_Page": null

2024-11-07 17:41:32 - [TEST_STEP][PASSED] - orPath_TaxTypeFilingYear = "Object Repository/RAD_Pages/TaxTypeFilingYear_Page": null

2024-11-07 17:41:32 - [TEST_STEP][PASSED] - orPath_TaxPayer = "Object Repository/RAD_Pages/Taxpayer_Page": null

2024-11-07 17:41:32 - [TEST_STEP][PASSED] - orPath_AddressContact = "Object Repository/RAD_Pages/AddressAndContactInfo_Page": null

2024-11-07 17:41:32 - [TEST_STEP][PASSED] - orPath_FilingStatus = "Object Repository/RAD_Pages/FilingStatus_Page": null

2024-11-07 17:41:32 - [TEST_STEP][PASSED] - orPath_Amount = "Object Repository/RAD_Pages/PaymentAmount_Page": null

2024-11-07 17:41:32 - [TEST_STEP][PASSED] - orPath_TaxInfo = "Object Repository/RAD_Pages/TaxInfo_Page": null

2024-11-07 17:41:32 - [TEST_STEP][PASSED] - orPath_Withholding = "Object Repository/RAD_Pages/Withholding_Page": null

2024-11-07 17:41:32 - [TEST_STEP][PASSED] - orPath_Summary = "Object Repository/RAD_Pages/Summary_Page": null

2024-11-07 17:41:32 - [TEST_STEP][PASSED] - orPath_PaymentReady = "Object Repository/RAD_Pages/PaymentReady_Page": null

2024-11-07 17:41:32 - [TEST_STEP][PASSED] - orPath_PaymentEntry = "Object Repository/RAD_Pages/PaymentEntry_Page": null

2024-11-07 17:41:32 - [TEST_STEP][PASSED] - orPath_PaymentConfirmation = "Object Repository/RAD_Pages/PaymentConfirmation_Page": null

2024-11-07 17:41:32 - [TEST_STEP][PASSED] - orPath_ServiceFeesAccept = "Object Repository/RAD_Pages/ServiceFeeAccept_Page": null

2024-11-07 17:41:32 - [TEST_STEP][PASSED] - selectOptionByLabel(findTestObject(orPath_Landing + "/dd_TaxType"), Taxtype, false): All options with label 'Existing Liability with Notice/Invoice Number' are selected in object 'Object Repository/RAD_Pages/Landing_Page/dd_TaxType' 

2024-11-07 17:41:33 - [MESSAGE][PASSED] - All options with label 'Existing Liability with Notice/Invoice Number' are selected in object 'Object Repository/RAD_Pages/Landing_Page/dd_TaxType' 

2024-11-07 17:41:33 - [TEST_STEP][PASSED] - delay(1): Delayed 1 second(s)

2024-11-07 17:41:34 - [MESSAGE][PASSED] - Delayed 1 second(s)

2024-11-07 17:41:34 - [TEST_STEP][PASSED] - selectOptionByLabel(findTestObject(orPath_TaxTypeFilingYear + "/select_TaxType_ExistingLiability"), TaxTypeEL, false): All options with label 'Sales & Use Tax' are selected in object 'Object Repository/RAD_Pages/TaxTypeFilingYear_Page/select_TaxType_ExistingLiability' 

2024-11-07 17:41:34 - [MESSAGE][PASSED] - All options with label 'Sales & Use Tax' are selected in object 'Object Repository/RAD_Pages/TaxTypeFilingYear_Page/select_TaxType_ExistingLiability' 

2024-11-07 17:41:34 - [TEST_STEP][PASSED] - setText(findTestObject(orPath_TaxInfo + "/input_NoticeInvoiceNumber"), notInvNumber): Text '123456789' is set on object 'Object Repository/RAD_Pages/TaxInfo_Page/input_NoticeInvoiceNumber'

2024-11-07 17:41:35 - [MESSAGE][PASSED] - Text '123456789' is set on object 'Object Repository/RAD_Pages/TaxInfo_Page/input_NoticeInvoiceNumber'

2024-11-07 17:41:35 - [TEST_STEP][PASSED] - setText(findTestObject(orPath_TaxInfo + "/input_reTypeNoticeInvoiceNumber"), notInvNumber): Text '123456789' is set on object 'Object Repository/RAD_Pages/TaxInfo_Page/input_reTypeNoticeInvoiceNumber'

2024-11-07 17:41:36 - [MESSAGE][PASSED] - Text '123456789' is set on object 'Object Repository/RAD_Pages/TaxInfo_Page/input_reTypeNoticeInvoiceNumber'

2024-11-07 17:41:36 - [TEST_STEP][PASSED] - println(notInvNumber): null

2024-11-07 17:41:36 - [TEST_STEP][PASSED] - if (verifyTextPresent(errorMsg, true)): null

2024-11-07 17:41:36 - [MESSAGE][PASSED] - Text 'Notice Number or Invoice Number must be 10, 11, or 13 digits in length, with a value greater than zero' is present on page  using regular expression

2024-11-07 17:41:36 - [TEST_STEP][PASSED] - println("Error Message is present on the page"): null

2024-11-07 17:41:36 - [TEST_STEP][PASSED] - out.println("Pass Record Number: " + row): null

2024-11-07 17:41:36 - [TEST_STEP][PASSED] - resText = "Pass": null

2024-11-07 17:41:36 - [TEST_STEP][PASSED] - pages.WriteExcel.demoKey(resText, datText, resColumn, datCloumn, fileLoc, nameSheet, row): pages.WriteExcel.demoKey is PASSED

2024-11-07 17:41:36 - [MESSAGE][PASSED] - pages.WriteExcel.demoKey is PASSED

2024-11-07 17:41:36 - [TEST_STEP][PASSED] - ExecuteTC = findTestData(dataFile).getValue("Execute", row): null

2024-11-07 17:41:36 - [TEST_STEP][PASSED] - Taxtype = findTestData(dataFile).getValue("TaxType", row): null

2024-11-07 17:41:37 - [TEST_STEP][PASSED] - TaxTypeEL = findTestData(dataFile).getValue("TaxTypeEL", row): null

2024-11-07 17:41:37 - [TEST_STEP][PASSED] - notInvNumber = findTestData(dataFile).getValue("NotiInvoNumber", row): null

2024-11-07 17:41:37 - [TEST_STEP][PASSED] - errorMsg = findTestData(dataFile).getValue("ErrorMessage", row): null

2024-11-07 17:41:37 - [TEST_STEP][PASSED] - out.println("Value of Execute is : " + ExecuteTC): null

2024-11-07 17:41:37 - [TEST_STEP][PASSED] - if (ExecuteTC.equalsIgnoreCase("Y")): null

2024-11-07 17:41:37 - [TEST_STEP][PASSED] - out.println("Begin Record Number: " + row): null

2024-11-07 17:41:37 - [TEST_STEP][PASSED] - today = new java.util.Date(): null

2024-11-07 17:41:37 - [TEST_STEP][PASSED] - println(today): null

2024-11-07 17:41:37 - [TEST_STEP][PASSED] - datText = today: null

2024-11-07 17:41:37 - [TEST_STEP][PASSED] - Taxtype = findTestData(dataFile).getValue("TaxType", row): null

2024-11-07 17:41:37 - [TEST_STEP][PASSED] - out.println("Taxtype value is : " + Taxtype): null

2024-11-07 17:41:37 - [TEST_STEP][PASSED] - openBrowser(""): Browser is opened with url: ''

2024-11-07 17:41:37 - [MESSAGE][WARNING] - A browser is already opened. Closing browser and opening a new one

2024-11-07 17:41:38 - [MESSAGE][INFO] - Starting 'Chrome' driver

2024-11-07 17:41:38 - [MESSAGE][INFO] - User set preference: ['acceptInsecureCerts', 'true']

2024-11-07 17:41:38 - [MESSAGE][INFO] - Action delay is set to 0 milliseconds

2024-11-07 17:41:40 - [MESSAGE][PASSED] - Browser is opened with url: ''

2024-11-07 17:41:40 - [TEST_STEP][PASSED] - maximizeWindow(): Current window maximized

2024-11-07 17:41:40 - [MESSAGE][PASSED] - Current window maximized

2024-11-07 17:41:40 - [TEST_STEP][PASSED] - navigateToUrl(RADurl): Navigate to 'https://www.velocitypayment.com/client/rad/index.html' successfully

2024-11-07 17:41:41 - [MESSAGE][PASSED] - Navigate to 'https://www.velocitypayment.com/client/rad/index.html' successfully

2024-11-07 17:41:41 - [TEST_STEP][PASSED] - orPath_Landing = "Object Repository/RAD_Pages/Landing_Page": null

2024-11-07 17:41:41 - [TEST_STEP][PASSED] - orPath_TaxTypeFilingYear = "Object Repository/RAD_Pages/TaxTypeFilingYear_Page": null

2024-11-07 17:41:41 - [TEST_STEP][PASSED] - orPath_TaxPayer = "Object Repository/RAD_Pages/Taxpayer_Page": null

2024-11-07 17:41:41 - [TEST_STEP][PASSED] - orPath_AddressContact = "Object Repository/RAD_Pages/AddressAndContactInfo_Page": null

2024-11-07 17:41:41 - [TEST_STEP][PASSED] - orPath_FilingStatus = "Object Repository/RAD_Pages/FilingStatus_Page": null

2024-11-07 17:41:41 - [TEST_STEP][PASSED] - orPath_Amount = "Object Repository/RAD_Pages/PaymentAmount_Page": null

2024-11-07 17:41:41 - [TEST_STEP][PASSED] - orPath_TaxInfo = "Object Repository/RAD_Pages/TaxInfo_Page": null

2024-11-07 17:41:41 - [TEST_STEP][PASSED] - orPath_Withholding = "Object Repository/RAD_Pages/Withholding_Page": null

2024-11-07 17:41:41 - [TEST_STEP][PASSED] - orPath_Summary = "Object Repository/RAD_Pages/Summary_Page": null

2024-11-07 17:41:41 - [TEST_STEP][PASSED] - orPath_PaymentReady = "Object Repository/RAD_Pages/PaymentReady_Page": null

2024-11-07 17:41:41 - [TEST_STEP][PASSED] - orPath_PaymentEntry = "Object Repository/RAD_Pages/PaymentEntry_Page": null

2024-11-07 17:41:41 - [TEST_STEP][PASSED] - orPath_PaymentConfirmation = "Object Repository/RAD_Pages/PaymentConfirmation_Page": null

2024-11-07 17:41:41 - [TEST_STEP][PASSED] - orPath_ServiceFeesAccept = "Object Repository/RAD_Pages/ServiceFeeAccept_Page": null

2024-11-07 17:41:41 - [TEST_STEP][PASSED] - selectOptionByLabel(findTestObject(orPath_Landing + "/dd_TaxType"), Taxtype, false): All options with label 'Existing Liability with Notice/Invoice Number' are selected in object 'Object Repository/RAD_Pages/Landing_Page/dd_TaxType' 

2024-11-07 17:41:42 - [MESSAGE][PASSED] - All options with label 'Existing Liability with Notice/Invoice Number' are selected in object 'Object Repository/RAD_Pages/Landing_Page/dd_TaxType' 

2024-11-07 17:41:42 - [TEST_STEP][PASSED] - delay(1): Delayed 1 second(s)

2024-11-07 17:41:43 - [MESSAGE][PASSED] - Delayed 1 second(s)

2024-11-07 17:41:43 - [TEST_STEP][PASSED] - selectOptionByLabel(findTestObject(orPath_TaxTypeFilingYear + "/select_TaxType_ExistingLiability"), TaxTypeEL, false): All options with label 'Sales & Use Tax' are selected in object 'Object Repository/RAD_Pages/TaxTypeFilingYear_Page/select_TaxType_ExistingLiability' 

2024-11-07 17:41:44 - [MESSAGE][PASSED] - All options with label 'Sales & Use Tax' are selected in object 'Object Repository/RAD_Pages/TaxTypeFilingYear_Page/select_TaxType_ExistingLiability' 

2024-11-07 17:41:44 - [TEST_STEP][PASSED] - setText(findTestObject(orPath_TaxInfo + "/input_NoticeInvoiceNumber"), notInvNumber): Text '123456789012' is set on object 'Object Repository/RAD_Pages/TaxInfo_Page/input_NoticeInvoiceNumber'

2024-11-07 17:41:45 - [MESSAGE][PASSED] - Text '123456789012' is set on object 'Object Repository/RAD_Pages/TaxInfo_Page/input_NoticeInvoiceNumber'

2024-11-07 17:41:45 - [TEST_STEP][PASSED] - setText(findTestObject(orPath_TaxInfo + "/input_reTypeNoticeInvoiceNumber"), notInvNumber): Text '123456789012' is set on object 'Object Repository/RAD_Pages/TaxInfo_Page/input_reTypeNoticeInvoiceNumber'

2024-11-07 17:41:46 - [MESSAGE][PASSED] - Text '123456789012' is set on object 'Object Repository/RAD_Pages/TaxInfo_Page/input_reTypeNoticeInvoiceNumber'

2024-11-07 17:41:46 - [TEST_STEP][PASSED] - println(notInvNumber): null

2024-11-07 17:41:46 - [TEST_STEP][PASSED] - if (verifyTextPresent(errorMsg, true)): null

2024-11-07 17:41:46 - [MESSAGE][PASSED] - Text 'Notice Number or Invoice Number must be 10, 11, or 13 digits in length, with a value greater than zero' is present on page  using regular expression

2024-11-07 17:41:46 - [TEST_STEP][PASSED] - println("Error Message is present on the page"): null

2024-11-07 17:41:46 - [TEST_STEP][PASSED] - out.println("Pass Record Number: " + row): null

2024-11-07 17:41:46 - [TEST_STEP][PASSED] - resText = "Pass": null

2024-11-07 17:41:46 - [TEST_STEP][PASSED] - pages.WriteExcel.demoKey(resText, datText, resColumn, datCloumn, fileLoc, nameSheet, row): pages.WriteExcel.demoKey is PASSED

2024-11-07 17:41:46 - [MESSAGE][PASSED] - pages.WriteExcel.demoKey is PASSED

2024-11-07 17:41:46 - [TEST_STEP][PASSED] - ExecuteTC = findTestData(dataFile).getValue("Execute", row): null

2024-11-07 17:41:46 - [TEST_STEP][PASSED] - Taxtype = findTestData(dataFile).getValue("TaxType", row): null

2024-11-07 17:41:46 - [TEST_STEP][PASSED] - TaxTypeEL = findTestData(dataFile).getValue("TaxTypeEL", row): null

2024-11-07 17:41:46 - [TEST_STEP][PASSED] - notInvNumber = findTestData(dataFile).getValue("NotiInvoNumber", row): null

2024-11-07 17:41:46 - [TEST_STEP][PASSED] - errorMsg = findTestData(dataFile).getValue("ErrorMessage", row): null

2024-11-07 17:41:46 - [TEST_STEP][PASSED] - out.println("Value of Execute is : " + ExecuteTC): null

2024-11-07 17:41:46 - [TEST_STEP][PASSED] - if (ExecuteTC.equalsIgnoreCase("Y")): null

2024-11-07 17:41:46 - [TEST_STEP][PASSED] - out.println("Begin Record Number: " + row): null

2024-11-07 17:41:46 - [TEST_STEP][PASSED] - today = new java.util.Date(): null

2024-11-07 17:41:46 - [TEST_STEP][PASSED] - println(today): null

2024-11-07 17:41:46 - [TEST_STEP][PASSED] - datText = today: null

2024-11-07 17:41:46 - [TEST_STEP][PASSED] - Taxtype = findTestData(dataFile).getValue("TaxType", row): null

2024-11-07 17:41:46 - [TEST_STEP][PASSED] - out.println("Taxtype value is : " + Taxtype): null

2024-11-07 17:41:46 - [TEST_STEP][PASSED] - openBrowser(""): Browser is opened with url: ''

2024-11-07 17:41:46 - [MESSAGE][WARNING] - A browser is already opened. Closing browser and opening a new one

2024-11-07 17:41:48 - [MESSAGE][INFO] - Starting 'Chrome' driver

2024-11-07 17:41:48 - [MESSAGE][INFO] - User set preference: ['acceptInsecureCerts', 'true']

2024-11-07 17:41:48 - [MESSAGE][INFO] - Action delay is set to 0 milliseconds

2024-11-07 17:41:49 - [MESSAGE][PASSED] - Browser is opened with url: ''

2024-11-07 17:41:49 - [TEST_STEP][PASSED] - maximizeWindow(): Current window maximized

2024-11-07 17:41:49 - [MESSAGE][PASSED] - Current window maximized

2024-11-07 17:41:49 - [TEST_STEP][PASSED] - navigateToUrl(RADurl): Navigate to 'https://www.velocitypayment.com/client/rad/index.html' successfully

2024-11-07 17:41:51 - [MESSAGE][PASSED] - Navigate to 'https://www.velocitypayment.com/client/rad/index.html' successfully

2024-11-07 17:41:51 - [TEST_STEP][PASSED] - orPath_Landing = "Object Repository/RAD_Pages/Landing_Page": null

2024-11-07 17:41:51 - [TEST_STEP][PASSED] - orPath_TaxTypeFilingYear = "Object Repository/RAD_Pages/TaxTypeFilingYear_Page": null

2024-11-07 17:41:51 - [TEST_STEP][PASSED] - orPath_TaxPayer = "Object Repository/RAD_Pages/Taxpayer_Page": null

2024-11-07 17:41:51 - [TEST_STEP][PASSED] - orPath_AddressContact = "Object Repository/RAD_Pages/AddressAndContactInfo_Page": null

2024-11-07 17:41:51 - [TEST_STEP][PASSED] - orPath_FilingStatus = "Object Repository/RAD_Pages/FilingStatus_Page": null

2024-11-07 17:41:51 - [TEST_STEP][PASSED] - orPath_Amount = "Object Repository/RAD_Pages/PaymentAmount_Page": null

2024-11-07 17:41:51 - [TEST_STEP][PASSED] - orPath_TaxInfo = "Object Repository/RAD_Pages/TaxInfo_Page": null

2024-11-07 17:41:51 - [TEST_STEP][PASSED] - orPath_Withholding = "Object Repository/RAD_Pages/Withholding_Page": null

2024-11-07 17:41:51 - [TEST_STEP][PASSED] - orPath_Summary = "Object Repository/RAD_Pages/Summary_Page": null

2024-11-07 17:41:51 - [TEST_STEP][PASSED] - orPath_PaymentReady = "Object Repository/RAD_Pages/PaymentReady_Page": null

2024-11-07 17:41:51 - [TEST_STEP][PASSED] - orPath_PaymentEntry = "Object Repository/RAD_Pages/PaymentEntry_Page": null

2024-11-07 17:41:51 - [TEST_STEP][PASSED] - orPath_PaymentConfirmation = "Object Repository/RAD_Pages/PaymentConfirmation_Page": null

2024-11-07 17:41:51 - [TEST_STEP][PASSED] - orPath_ServiceFeesAccept = "Object Repository/RAD_Pages/ServiceFeeAccept_Page": null

2024-11-07 17:41:51 - [TEST_STEP][PASSED] - selectOptionByLabel(findTestObject(orPath_Landing + "/dd_TaxType"), Taxtype, false): All options with label 'Existing Liability with Notice/Invoice Number' are selected in object 'Object Repository/RAD_Pages/Landing_Page/dd_TaxType' 

2024-11-07 17:41:52 - [MESSAGE][PASSED] - All options with label 'Existing Liability with Notice/Invoice Number' are selected in object 'Object Repository/RAD_Pages/Landing_Page/dd_TaxType' 

2024-11-07 17:41:52 - [TEST_STEP][PASSED] - delay(1): Delayed 1 second(s)

2024-11-07 17:41:53 - [MESSAGE][PASSED] - Delayed 1 second(s)

2024-11-07 17:41:53 - [TEST_STEP][PASSED] - selectOptionByLabel(findTestObject(orPath_TaxTypeFilingYear + "/select_TaxType_ExistingLiability"), TaxTypeEL, false): All options with label 'Sales & Use Tax' are selected in object 'Object Repository/RAD_Pages/TaxTypeFilingYear_Page/select_TaxType_ExistingLiability' 

2024-11-07 17:41:54 - [MESSAGE][PASSED] - All options with label 'Sales & Use Tax' are selected in object 'Object Repository/RAD_Pages/TaxTypeFilingYear_Page/select_TaxType_ExistingLiability' 

2024-11-07 17:41:54 - [TEST_STEP][PASSED] - setText(findTestObject(orPath_TaxInfo + "/input_NoticeInvoiceNumber"), notInvNumber): Text '0000000000' is set on object 'Object Repository/RAD_Pages/TaxInfo_Page/input_NoticeInvoiceNumber'

2024-11-07 17:41:55 - [MESSAGE][PASSED] - Text '0000000000' is set on object 'Object Repository/RAD_Pages/TaxInfo_Page/input_NoticeInvoiceNumber'

2024-11-07 17:41:55 - [TEST_STEP][PASSED] - setText(findTestObject(orPath_TaxInfo + "/input_reTypeNoticeInvoiceNumber"), notInvNumber): Text '0000000000' is set on object 'Object Repository/RAD_Pages/TaxInfo_Page/input_reTypeNoticeInvoiceNumber'

2024-11-07 17:41:56 - [MESSAGE][PASSED] - Text '0000000000' is set on object 'Object Repository/RAD_Pages/TaxInfo_Page/input_reTypeNoticeInvoiceNumber'

2024-11-07 17:41:56 - [TEST_STEP][PASSED] - println(notInvNumber): null

2024-11-07 17:41:56 - [TEST_STEP][PASSED] - if (verifyTextPresent(errorMsg, true)): null

2024-11-07 17:41:56 - [MESSAGE][PASSED] - Text 'Notice Number or Invoice Number must be 10, 11, or 13 digits in length, with a value greater than zero' is present on page  using regular expression

2024-11-07 17:41:56 - [TEST_STEP][PASSED] - println("Error Message is present on the page"): null

2024-11-07 17:41:56 - [TEST_STEP][PASSED] - out.println("Pass Record Number: " + row): null

2024-11-07 17:41:56 - [TEST_STEP][PASSED] - resText = "Pass": null

2024-11-07 17:41:56 - [TEST_STEP][PASSED] - pages.WriteExcel.demoKey(resText, datText, resColumn, datCloumn, fileLoc, nameSheet, row): pages.WriteExcel.demoKey is PASSED

2024-11-07 17:41:56 - [MESSAGE][PASSED] - pages.WriteExcel.demoKey is PASSED

2024-11-07 17:41:56 - [TEST_STEP][PASSED] - ExecuteTC = findTestData(dataFile).getValue("Execute", row): null

2024-11-07 17:41:56 - [TEST_STEP][PASSED] - Taxtype = findTestData(dataFile).getValue("TaxType", row): null

2024-11-07 17:41:56 - [TEST_STEP][PASSED] - TaxTypeEL = findTestData(dataFile).getValue("TaxTypeEL", row): null

2024-11-07 17:41:56 - [TEST_STEP][PASSED] - notInvNumber = findTestData(dataFile).getValue("NotiInvoNumber", row): null

2024-11-07 17:41:56 - [TEST_STEP][PASSED] - errorMsg = findTestData(dataFile).getValue("ErrorMessage", row): null

2024-11-07 17:41:56 - [TEST_STEP][PASSED] - out.println("Value of Execute is : " + ExecuteTC): null

2024-11-07 17:41:56 - [TEST_STEP][PASSED] - if (ExecuteTC.equalsIgnoreCase("Y")): null

2024-11-07 17:41:56 - [TEST_STEP][PASSED] - out.println("Begin Record Number: " + row): null

2024-11-07 17:41:56 - [TEST_STEP][PASSED] - today = new java.util.Date(): null

2024-11-07 17:41:56 - [TEST_STEP][PASSED] - println(today): null

2024-11-07 17:41:56 - [TEST_STEP][PASSED] - datText = today: null

2024-11-07 17:41:56 - [TEST_STEP][PASSED] - Taxtype = findTestData(dataFile).getValue("TaxType", row): null

2024-11-07 17:41:56 - [TEST_STEP][PASSED] - out.println("Taxtype value is : " + Taxtype): null

2024-11-07 17:41:56 - [TEST_STEP][PASSED] - openBrowser(""): Browser is opened with url: ''

2024-11-07 17:41:56 - [MESSAGE][WARNING] - A browser is already opened. Closing browser and opening a new one

2024-11-07 17:41:58 - [MESSAGE][INFO] - Starting 'Chrome' driver

2024-11-07 17:41:58 - [MESSAGE][INFO] - User set preference: ['acceptInsecureCerts', 'true']

2024-11-07 17:41:58 - [MESSAGE][INFO] - Action delay is set to 0 milliseconds

2024-11-07 17:42:00 - [MESSAGE][PASSED] - Browser is opened with url: ''

2024-11-07 17:42:00 - [TEST_STEP][PASSED] - maximizeWindow(): Current window maximized

2024-11-07 17:42:00 - [MESSAGE][PASSED] - Current window maximized

2024-11-07 17:42:00 - [TEST_STEP][PASSED] - navigateToUrl(RADurl): Navigate to 'https://www.velocitypayment.com/client/rad/index.html' successfully

2024-11-07 17:42:02 - [MESSAGE][PASSED] - Navigate to 'https://www.velocitypayment.com/client/rad/index.html' successfully

2024-11-07 17:42:02 - [TEST_STEP][PASSED] - orPath_Landing = "Object Repository/RAD_Pages/Landing_Page": null

2024-11-07 17:42:02 - [TEST_STEP][PASSED] - orPath_TaxTypeFilingYear = "Object Repository/RAD_Pages/TaxTypeFilingYear_Page": null

2024-11-07 17:42:02 - [TEST_STEP][PASSED] - orPath_TaxPayer = "Object Repository/RAD_Pages/Taxpayer_Page": null

2024-11-07 17:42:02 - [TEST_STEP][PASSED] - orPath_AddressContact = "Object Repository/RAD_Pages/AddressAndContactInfo_Page": null

2024-11-07 17:42:02 - [TEST_STEP][PASSED] - orPath_FilingStatus = "Object Repository/RAD_Pages/FilingStatus_Page": null

2024-11-07 17:42:02 - [TEST_STEP][PASSED] - orPath_Amount = "Object Repository/RAD_Pages/PaymentAmount_Page": null

2024-11-07 17:42:02 - [TEST_STEP][PASSED] - orPath_TaxInfo = "Object Repository/RAD_Pages/TaxInfo_Page": null

2024-11-07 17:42:02 - [TEST_STEP][PASSED] - orPath_Withholding = "Object Repository/RAD_Pages/Withholding_Page": null

2024-11-07 17:42:02 - [TEST_STEP][PASSED] - orPath_Summary = "Object Repository/RAD_Pages/Summary_Page": null

2024-11-07 17:42:02 - [TEST_STEP][PASSED] - orPath_PaymentReady = "Object Repository/RAD_Pages/PaymentReady_Page": null

2024-11-07 17:42:02 - [TEST_STEP][PASSED] - orPath_PaymentEntry = "Object Repository/RAD_Pages/PaymentEntry_Page": null

2024-11-07 17:42:02 - [TEST_STEP][PASSED] - orPath_PaymentConfirmation = "Object Repository/RAD_Pages/PaymentConfirmation_Page": null

2024-11-07 17:42:02 - [TEST_STEP][PASSED] - orPath_ServiceFeesAccept = "Object Repository/RAD_Pages/ServiceFeeAccept_Page": null

2024-11-07 17:42:02 - [TEST_STEP][PASSED] - selectOptionByLabel(findTestObject(orPath_Landing + "/dd_TaxType"), Taxtype, false): All options with label 'Existing Liability with Notice/Invoice Number' are selected in object 'Object Repository/RAD_Pages/Landing_Page/dd_TaxType' 

2024-11-07 17:42:02 - [MESSAGE][PASSED] - All options with label 'Existing Liability with Notice/Invoice Number' are selected in object 'Object Repository/RAD_Pages/Landing_Page/dd_TaxType' 

2024-11-07 17:42:02 - [TEST_STEP][PASSED] - delay(1): Delayed 1 second(s)

2024-11-07 17:42:03 - [MESSAGE][PASSED] - Delayed 1 second(s)

2024-11-07 17:42:03 - [TEST_STEP][PASSED] - selectOptionByLabel(findTestObject(orPath_TaxTypeFilingYear + "/select_TaxType_ExistingLiability"), TaxTypeEL, false): All options with label 'Tire Recycling Fee' are selected in object 'Object Repository/RAD_Pages/TaxTypeFilingYear_Page/select_TaxType_ExistingLiability' 

2024-11-07 17:42:04 - [MESSAGE][PASSED] - All options with label 'Tire Recycling Fee' are selected in object 'Object Repository/RAD_Pages/TaxTypeFilingYear_Page/select_TaxType_ExistingLiability' 

2024-11-07 17:42:04 - [TEST_STEP][PASSED] - setText(findTestObject(orPath_TaxInfo + "/input_NoticeInvoiceNumber"), notInvNumber): Text '123456789' is set on object 'Object Repository/RAD_Pages/TaxInfo_Page/input_NoticeInvoiceNumber'

2024-11-07 17:42:05 - [MESSAGE][PASSED] - Text '123456789' is set on object 'Object Repository/RAD_Pages/TaxInfo_Page/input_NoticeInvoiceNumber'

2024-11-07 17:42:05 - [TEST_STEP][PASSED] - setText(findTestObject(orPath_TaxInfo + "/input_reTypeNoticeInvoiceNumber"), notInvNumber): Text '123456789' is set on object 'Object Repository/RAD_Pages/TaxInfo_Page/input_reTypeNoticeInvoiceNumber'

2024-11-07 17:42:06 - [MESSAGE][PASSED] - Text '123456789' is set on object 'Object Repository/RAD_Pages/TaxInfo_Page/input_reTypeNoticeInvoiceNumber'

2024-11-07 17:42:06 - [TEST_STEP][PASSED] - println(notInvNumber): null

2024-11-07 17:42:06 - [TEST_STEP][PASSED] - if (verifyTextPresent(errorMsg, true)): null

2024-11-07 17:42:06 - [MESSAGE][PASSED] - Text 'Notice Number or Invoice Number must be 10, 11, or 13 digits in length, with a value greater than zero' is present on page  using regular expression

2024-11-07 17:42:06 - [TEST_STEP][PASSED] - println("Error Message is present on the page"): null

2024-11-07 17:42:06 - [TEST_STEP][PASSED] - out.println("Pass Record Number: " + row): null

2024-11-07 17:42:06 - [TEST_STEP][PASSED] - resText = "Pass": null

2024-11-07 17:42:06 - [TEST_STEP][PASSED] - pages.WriteExcel.demoKey(resText, datText, resColumn, datCloumn, fileLoc, nameSheet, row): pages.WriteExcel.demoKey is PASSED

2024-11-07 17:42:06 - [MESSAGE][PASSED] - pages.WriteExcel.demoKey is PASSED

2024-11-07 17:42:06 - [TEST_STEP][PASSED] - ExecuteTC = findTestData(dataFile).getValue("Execute", row): null

2024-11-07 17:42:06 - [TEST_STEP][PASSED] - Taxtype = findTestData(dataFile).getValue("TaxType", row): null

2024-11-07 17:42:06 - [TEST_STEP][PASSED] - TaxTypeEL = findTestData(dataFile).getValue("TaxTypeEL", row): null

2024-11-07 17:42:06 - [TEST_STEP][PASSED] - notInvNumber = findTestData(dataFile).getValue("NotiInvoNumber", row): null

2024-11-07 17:42:06 - [TEST_STEP][PASSED] - errorMsg = findTestData(dataFile).getValue("ErrorMessage", row): null

2024-11-07 17:42:06 - [TEST_STEP][PASSED] - out.println("Value of Execute is : " + ExecuteTC): null

2024-11-07 17:42:06 - [TEST_STEP][PASSED] - if (ExecuteTC.equalsIgnoreCase("Y")): null

2024-11-07 17:42:06 - [TEST_STEP][PASSED] - out.println("Begin Record Number: " + row): null

2024-11-07 17:42:06 - [TEST_STEP][PASSED] - today = new java.util.Date(): null

2024-11-07 17:42:06 - [TEST_STEP][PASSED] - println(today): null

2024-11-07 17:42:06 - [TEST_STEP][PASSED] - datText = today: null

2024-11-07 17:42:06 - [TEST_STEP][PASSED] - Taxtype = findTestData(dataFile).getValue("TaxType", row): null

2024-11-07 17:42:06 - [TEST_STEP][PASSED] - out.println("Taxtype value is : " + Taxtype): null

2024-11-07 17:42:06 - [TEST_STEP][PASSED] - openBrowser(""): Browser is opened with url: ''

2024-11-07 17:42:06 - [MESSAGE][WARNING] - A browser is already opened. Closing browser and opening a new one

2024-11-07 17:42:08 - [MESSAGE][INFO] - Starting 'Chrome' driver

2024-11-07 17:42:08 - [MESSAGE][INFO] - User set preference: ['acceptInsecureCerts', 'true']

2024-11-07 17:42:08 - [MESSAGE][INFO] - Action delay is set to 0 milliseconds

2024-11-07 17:42:09 - [MESSAGE][PASSED] - Browser is opened with url: ''

2024-11-07 17:42:09 - [TEST_STEP][PASSED] - maximizeWindow(): Current window maximized

2024-11-07 17:42:09 - [MESSAGE][PASSED] - Current window maximized

2024-11-07 17:42:09 - [TEST_STEP][PASSED] - navigateToUrl(RADurl): Navigate to 'https://www.velocitypayment.com/client/rad/index.html' successfully

2024-11-07 17:42:11 - [MESSAGE][PASSED] - Navigate to 'https://www.velocitypayment.com/client/rad/index.html' successfully

2024-11-07 17:42:11 - [TEST_STEP][PASSED] - orPath_Landing = "Object Repository/RAD_Pages/Landing_Page": null

2024-11-07 17:42:11 - [TEST_STEP][PASSED] - orPath_TaxTypeFilingYear = "Object Repository/RAD_Pages/TaxTypeFilingYear_Page": null

2024-11-07 17:42:11 - [TEST_STEP][PASSED] - orPath_TaxPayer = "Object Repository/RAD_Pages/Taxpayer_Page": null

2024-11-07 17:42:11 - [TEST_STEP][PASSED] - orPath_AddressContact = "Object Repository/RAD_Pages/AddressAndContactInfo_Page": null

2024-11-07 17:42:11 - [TEST_STEP][PASSED] - orPath_FilingStatus = "Object Repository/RAD_Pages/FilingStatus_Page": null

2024-11-07 17:42:11 - [TEST_STEP][PASSED] - orPath_Amount = "Object Repository/RAD_Pages/PaymentAmount_Page": null

2024-11-07 17:42:11 - [TEST_STEP][PASSED] - orPath_TaxInfo = "Object Repository/RAD_Pages/TaxInfo_Page": null

2024-11-07 17:42:11 - [TEST_STEP][PASSED] - orPath_Withholding = "Object Repository/RAD_Pages/Withholding_Page": null

2024-11-07 17:42:11 - [TEST_STEP][PASSED] - orPath_Summary = "Object Repository/RAD_Pages/Summary_Page": null

2024-11-07 17:42:11 - [TEST_STEP][PASSED] - orPath_PaymentReady = "Object Repository/RAD_Pages/PaymentReady_Page": null

2024-11-07 17:42:11 - [TEST_STEP][PASSED] - orPath_PaymentEntry = "Object Repository/RAD_Pages/PaymentEntry_Page": null

2024-11-07 17:42:11 - [TEST_STEP][PASSED] - orPath_PaymentConfirmation = "Object Repository/RAD_Pages/PaymentConfirmation_Page": null

2024-11-07 17:42:11 - [TEST_STEP][PASSED] - orPath_ServiceFeesAccept = "Object Repository/RAD_Pages/ServiceFeeAccept_Page": null

2024-11-07 17:42:11 - [TEST_STEP][PASSED] - selectOptionByLabel(findTestObject(orPath_Landing + "/dd_TaxType"), Taxtype, false): All options with label 'Existing Liability with Notice/Invoice Number' are selected in object 'Object Repository/RAD_Pages/Landing_Page/dd_TaxType' 

2024-11-07 17:42:12 - [MESSAGE][PASSED] - All options with label 'Existing Liability with Notice/Invoice Number' are selected in object 'Object Repository/RAD_Pages/Landing_Page/dd_TaxType' 

2024-11-07 17:42:12 - [TEST_STEP][PASSED] - delay(1): Delayed 1 second(s)

2024-11-07 17:42:13 - [MESSAGE][PASSED] - Delayed 1 second(s)

2024-11-07 17:42:13 - [TEST_STEP][PASSED] - selectOptionByLabel(findTestObject(orPath_TaxTypeFilingYear + "/select_TaxType_ExistingLiability"), TaxTypeEL, false): All options with label 'Tire Recycling Fee' are selected in object 'Object Repository/RAD_Pages/TaxTypeFilingYear_Page/select_TaxType_ExistingLiability' 

2024-11-07 17:42:14 - [MESSAGE][PASSED] - All options with label 'Tire Recycling Fee' are selected in object 'Object Repository/RAD_Pages/TaxTypeFilingYear_Page/select_TaxType_ExistingLiability' 

2024-11-07 17:42:14 - [TEST_STEP][PASSED] - setText(findTestObject(orPath_TaxInfo + "/input_NoticeInvoiceNumber"), notInvNumber): Text '123456789012' is set on object 'Object Repository/RAD_Pages/TaxInfo_Page/input_NoticeInvoiceNumber'

2024-11-07 17:42:14 - [MESSAGE][PASSED] - Text '123456789012' is set on object 'Object Repository/RAD_Pages/TaxInfo_Page/input_NoticeInvoiceNumber'

2024-11-07 17:42:14 - [TEST_STEP][PASSED] - setText(findTestObject(orPath_TaxInfo + "/input_reTypeNoticeInvoiceNumber"), notInvNumber): Text '123456789012' is set on object 'Object Repository/RAD_Pages/TaxInfo_Page/input_reTypeNoticeInvoiceNumber'

2024-11-07 17:42:15 - [MESSAGE][PASSED] - Text '123456789012' is set on object 'Object Repository/RAD_Pages/TaxInfo_Page/input_reTypeNoticeInvoiceNumber'

2024-11-07 17:42:15 - [TEST_STEP][PASSED] - println(notInvNumber): null

2024-11-07 17:42:15 - [TEST_STEP][PASSED] - if (verifyTextPresent(errorMsg, true)): null

2024-11-07 17:42:16 - [MESSAGE][PASSED] - Text 'Notice Number or Invoice Number must be 10, 11, or 13 digits in length, with a value greater than zero' is present on page  using regular expression

2024-11-07 17:42:16 - [TEST_STEP][PASSED] - println("Error Message is present on the page"): null

2024-11-07 17:42:16 - [TEST_STEP][PASSED] - out.println("Pass Record Number: " + row): null

2024-11-07 17:42:16 - [TEST_STEP][PASSED] - resText = "Pass": null

2024-11-07 17:42:16 - [TEST_STEP][PASSED] - pages.WriteExcel.demoKey(resText, datText, resColumn, datCloumn, fileLoc, nameSheet, row): pages.WriteExcel.demoKey is PASSED

2024-11-07 17:42:16 - [MESSAGE][PASSED] - pages.WriteExcel.demoKey is PASSED

2024-11-07 17:42:16 - [TEST_STEP][PASSED] - ExecuteTC = findTestData(dataFile).getValue("Execute", row): null

2024-11-07 17:42:16 - [TEST_STEP][PASSED] - Taxtype = findTestData(dataFile).getValue("TaxType", row): null

2024-11-07 17:42:16 - [TEST_STEP][PASSED] - TaxTypeEL = findTestData(dataFile).getValue("TaxTypeEL", row): null

2024-11-07 17:42:16 - [TEST_STEP][PASSED] - notInvNumber = findTestData(dataFile).getValue("NotiInvoNumber", row): null

2024-11-07 17:42:16 - [TEST_STEP][PASSED] - errorMsg = findTestData(dataFile).getValue("ErrorMessage", row): null

2024-11-07 17:42:16 - [TEST_STEP][PASSED] - out.println("Value of Execute is : " + ExecuteTC): null

2024-11-07 17:42:16 - [TEST_STEP][PASSED] - if (ExecuteTC.equalsIgnoreCase("Y")): null

2024-11-07 17:42:16 - [TEST_STEP][PASSED] - out.println("Begin Record Number: " + row): null

2024-11-07 17:42:16 - [TEST_STEP][PASSED] - today = new java.util.Date(): null

2024-11-07 17:42:16 - [TEST_STEP][PASSED] - println(today): null

2024-11-07 17:42:16 - [TEST_STEP][PASSED] - datText = today: null

2024-11-07 17:42:16 - [TEST_STEP][PASSED] - Taxtype = findTestData(dataFile).getValue("TaxType", row): null

2024-11-07 17:42:16 - [TEST_STEP][PASSED] - out.println("Taxtype value is : " + Taxtype): null

2024-11-07 17:42:16 - [TEST_STEP][PASSED] - openBrowser(""): Browser is opened with url: ''

2024-11-07 17:42:16 - [MESSAGE][WARNING] - A browser is already opened. Closing browser and opening a new one

2024-11-07 17:42:17 - [MESSAGE][INFO] - Starting 'Chrome' driver

2024-11-07 17:42:17 - [MESSAGE][INFO] - User set preference: ['acceptInsecureCerts', 'true']

2024-11-07 17:42:17 - [MESSAGE][INFO] - Action delay is set to 0 milliseconds

2024-11-07 17:42:19 - [MESSAGE][PASSED] - Browser is opened with url: ''

2024-11-07 17:42:19 - [TEST_STEP][PASSED] - maximizeWindow(): Current window maximized

2024-11-07 17:42:19 - [MESSAGE][PASSED] - Current window maximized

2024-11-07 17:42:19 - [TEST_STEP][PASSED] - navigateToUrl(RADurl): Navigate to 'https://www.velocitypayment.com/client/rad/index.html' successfully

2024-11-07 17:42:21 - [MESSAGE][PASSED] - Navigate to 'https://www.velocitypayment.com/client/rad/index.html' successfully

2024-11-07 17:42:21 - [TEST_STEP][PASSED] - orPath_Landing = "Object Repository/RAD_Pages/Landing_Page": null

2024-11-07 17:42:21 - [TEST_STEP][PASSED] - orPath_TaxTypeFilingYear = "Object Repository/RAD_Pages/TaxTypeFilingYear_Page": null

2024-11-07 17:42:21 - [TEST_STEP][PASSED] - orPath_TaxPayer = "Object Repository/RAD_Pages/Taxpayer_Page": null

2024-11-07 17:42:21 - [TEST_STEP][PASSED] - orPath_AddressContact = "Object Repository/RAD_Pages/AddressAndContactInfo_Page": null

2024-11-07 17:42:21 - [TEST_STEP][PASSED] - orPath_FilingStatus = "Object Repository/RAD_Pages/FilingStatus_Page": null

2024-11-07 17:42:21 - [TEST_STEP][PASSED] - orPath_Amount = "Object Repository/RAD_Pages/PaymentAmount_Page": null

2024-11-07 17:42:21 - [TEST_STEP][PASSED] - orPath_TaxInfo = "Object Repository/RAD_Pages/TaxInfo_Page": null

2024-11-07 17:42:21 - [TEST_STEP][PASSED] - orPath_Withholding = "Object Repository/RAD_Pages/Withholding_Page": null

2024-11-07 17:42:21 - [TEST_STEP][PASSED] - orPath_Summary = "Object Repository/RAD_Pages/Summary_Page": null

2024-11-07 17:42:21 - [TEST_STEP][PASSED] - orPath_PaymentReady = "Object Repository/RAD_Pages/PaymentReady_Page": null

2024-11-07 17:42:21 - [TEST_STEP][PASSED] - orPath_PaymentEntry = "Object Repository/RAD_Pages/PaymentEntry_Page": null

2024-11-07 17:42:21 - [TEST_STEP][PASSED] - orPath_PaymentConfirmation = "Object Repository/RAD_Pages/PaymentConfirmation_Page": null

2024-11-07 17:42:21 - [TEST_STEP][PASSED] - orPath_ServiceFeesAccept = "Object Repository/RAD_Pages/ServiceFeeAccept_Page": null

2024-11-07 17:42:21 - [TEST_STEP][PASSED] - selectOptionByLabel(findTestObject(orPath_Landing + "/dd_TaxType"), Taxtype, false): All options with label 'Existing Liability with Notice/Invoice Number' are selected in object 'Object Repository/RAD_Pages/Landing_Page/dd_TaxType' 

2024-11-07 17:42:21 - [MESSAGE][PASSED] - All options with label 'Existing Liability with Notice/Invoice Number' are selected in object 'Object Repository/RAD_Pages/Landing_Page/dd_TaxType' 

2024-11-07 17:42:21 - [TEST_STEP][PASSED] - delay(1): Delayed 1 second(s)

2024-11-07 17:42:22 - [MESSAGE][PASSED] - Delayed 1 second(s)

2024-11-07 17:42:22 - [TEST_STEP][PASSED] - selectOptionByLabel(findTestObject(orPath_TaxTypeFilingYear + "/select_TaxType_ExistingLiability"), TaxTypeEL, false): All options with label 'Tire Recycling Fee' are selected in object 'Object Repository/RAD_Pages/TaxTypeFilingYear_Page/select_TaxType_ExistingLiability' 

2024-11-07 17:42:23 - [MESSAGE][PASSED] - All options with label 'Tire Recycling Fee' are selected in object 'Object Repository/RAD_Pages/TaxTypeFilingYear_Page/select_TaxType_ExistingLiability' 

2024-11-07 17:42:23 - [TEST_STEP][PASSED] - setText(findTestObject(orPath_TaxInfo + "/input_NoticeInvoiceNumber"), notInvNumber): Text '0000000000' is set on object 'Object Repository/RAD_Pages/TaxInfo_Page/input_NoticeInvoiceNumber'

2024-11-07 17:42:24 - [MESSAGE][PASSED] - Text '0000000000' is set on object 'Object Repository/RAD_Pages/TaxInfo_Page/input_NoticeInvoiceNumber'

2024-11-07 17:42:24 - [TEST_STEP][PASSED] - setText(findTestObject(orPath_TaxInfo + "/input_reTypeNoticeInvoiceNumber"), notInvNumber): Text '0000000000' is set on object 'Object Repository/RAD_Pages/TaxInfo_Page/input_reTypeNoticeInvoiceNumber'

2024-11-07 17:42:25 - [MESSAGE][PASSED] - Text '0000000000' is set on object 'Object Repository/RAD_Pages/TaxInfo_Page/input_reTypeNoticeInvoiceNumber'

2024-11-07 17:42:25 - [TEST_STEP][PASSED] - println(notInvNumber): null

2024-11-07 17:42:25 - [TEST_STEP][PASSED] - if (verifyTextPresent(errorMsg, true)): null

2024-11-07 17:42:25 - [MESSAGE][PASSED] - Text 'Notice Number or Invoice Number must be 10, 11, or 13 digits in length, with a value greater than zero' is present on page  using regular expression

2024-11-07 17:42:25 - [TEST_STEP][PASSED] - println("Error Message is present on the page"): null

2024-11-07 17:42:25 - [TEST_STEP][PASSED] - out.println("Pass Record Number: " + row): null

2024-11-07 17:42:25 - [TEST_STEP][PASSED] - resText = "Pass": null

2024-11-07 17:42:25 - [TEST_STEP][PASSED] - pages.WriteExcel.demoKey(resText, datText, resColumn, datCloumn, fileLoc, nameSheet, row): pages.WriteExcel.demoKey is PASSED

2024-11-07 17:42:25 - [MESSAGE][PASSED] - pages.WriteExcel.demoKey is PASSED

2024-11-07 17:42:25 - [TEST_STEP][PASSED] - ExecuteTC = findTestData(dataFile).getValue("Execute", row): null

2024-11-07 17:42:25 - [TEST_STEP][PASSED] - Taxtype = findTestData(dataFile).getValue("TaxType", row): null

2024-11-07 17:42:25 - [TEST_STEP][PASSED] - TaxTypeEL = findTestData(dataFile).getValue("TaxTypeEL", row): null

2024-11-07 17:42:25 - [TEST_STEP][PASSED] - notInvNumber = findTestData(dataFile).getValue("NotiInvoNumber", row): null

2024-11-07 17:42:25 - [TEST_STEP][PASSED] - errorMsg = findTestData(dataFile).getValue("ErrorMessage", row): null

2024-11-07 17:42:26 - [TEST_STEP][PASSED] - out.println("Value of Execute is : " + ExecuteTC): null

2024-11-07 17:42:26 - [TEST_STEP][PASSED] - if (ExecuteTC.equalsIgnoreCase("Y")): null

2024-11-07 17:42:26 - [TEST_STEP][PASSED] - out.println("Begin Record Number: " + row): null

2024-11-07 17:42:26 - [TEST_STEP][PASSED] - today = new java.util.Date(): null

2024-11-07 17:42:26 - [TEST_STEP][PASSED] - println(today): null

2024-11-07 17:42:26 - [TEST_STEP][PASSED] - datText = today: null

2024-11-07 17:42:26 - [TEST_STEP][PASSED] - Taxtype = findTestData(dataFile).getValue("TaxType", row): null

2024-11-07 17:42:26 - [TEST_STEP][PASSED] - out.println("Taxtype value is : " + Taxtype): null

2024-11-07 17:42:26 - [TEST_STEP][PASSED] - openBrowser(""): Browser is opened with url: ''

2024-11-07 17:42:26 - [MESSAGE][WARNING] - A browser is already opened. Closing browser and opening a new one

2024-11-07 17:42:27 - [MESSAGE][INFO] - Starting 'Chrome' driver

2024-11-07 17:42:27 - [MESSAGE][INFO] - User set preference: ['acceptInsecureCerts', 'true']

2024-11-07 17:42:27 - [MESSAGE][INFO] - Action delay is set to 0 milliseconds

2024-11-07 17:42:29 - [MESSAGE][PASSED] - Browser is opened with url: ''

2024-11-07 17:42:29 - [TEST_STEP][PASSED] - maximizeWindow(): Current window maximized

2024-11-07 17:42:29 - [MESSAGE][PASSED] - Current window maximized

2024-11-07 17:42:29 - [TEST_STEP][PASSED] - navigateToUrl(RADurl): Navigate to 'https://www.velocitypayment.com/client/rad/index.html' successfully

2024-11-07 17:42:31 - [MESSAGE][PASSED] - Navigate to 'https://www.velocitypayment.com/client/rad/index.html' successfully

2024-11-07 17:42:31 - [TEST_STEP][PASSED] - orPath_Landing = "Object Repository/RAD_Pages/Landing_Page": null

2024-11-07 17:42:31 - [TEST_STEP][PASSED] - orPath_TaxTypeFilingYear = "Object Repository/RAD_Pages/TaxTypeFilingYear_Page": null

2024-11-07 17:42:31 - [TEST_STEP][PASSED] - orPath_TaxPayer = "Object Repository/RAD_Pages/Taxpayer_Page": null

2024-11-07 17:42:31 - [TEST_STEP][PASSED] - orPath_AddressContact = "Object Repository/RAD_Pages/AddressAndContactInfo_Page": null

2024-11-07 17:42:31 - [TEST_STEP][PASSED] - orPath_FilingStatus = "Object Repository/RAD_Pages/FilingStatus_Page": null

2024-11-07 17:42:31 - [TEST_STEP][PASSED] - orPath_Amount = "Object Repository/RAD_Pages/PaymentAmount_Page": null

2024-11-07 17:42:31 - [TEST_STEP][PASSED] - orPath_TaxInfo = "Object Repository/RAD_Pages/TaxInfo_Page": null

2024-11-07 17:42:31 - [TEST_STEP][PASSED] - orPath_Withholding = "Object Repository/RAD_Pages/Withholding_Page": null

2024-11-07 17:42:31 - [TEST_STEP][PASSED] - orPath_Summary = "Object Repository/RAD_Pages/Summary_Page": null

2024-11-07 17:42:31 - [TEST_STEP][PASSED] - orPath_PaymentReady = "Object Repository/RAD_Pages/PaymentReady_Page": null

2024-11-07 17:42:31 - [TEST_STEP][PASSED] - orPath_PaymentEntry = "Object Repository/RAD_Pages/PaymentEntry_Page": null

2024-11-07 17:42:31 - [TEST_STEP][PASSED] - orPath_PaymentConfirmation = "Object Repository/RAD_Pages/PaymentConfirmation_Page": null

2024-11-07 17:42:31 - [TEST_STEP][PASSED] - orPath_ServiceFeesAccept = "Object Repository/RAD_Pages/ServiceFeeAccept_Page": null

2024-11-07 17:42:31 - [TEST_STEP][PASSED] - selectOptionByLabel(findTestObject(orPath_Landing + "/dd_TaxType"), Taxtype, false): All options with label 'Existing Liability with Notice/Invoice Number' are selected in object 'Object Repository/RAD_Pages/Landing_Page/dd_TaxType' 

2024-11-07 17:42:31 - [MESSAGE][PASSED] - All options with label 'Existing Liability with Notice/Invoice Number' are selected in object 'Object Repository/RAD_Pages/Landing_Page/dd_TaxType' 

2024-11-07 17:42:31 - [TEST_STEP][PASSED] - delay(1): Delayed 1 second(s)

2024-11-07 17:42:32 - [MESSAGE][PASSED] - Delayed 1 second(s)

2024-11-07 17:42:32 - [TEST_STEP][PASSED] - selectOptionByLabel(findTestObject(orPath_TaxTypeFilingYear + "/select_TaxType_ExistingLiability"), TaxTypeEL, false): All options with label 'Withholding Tax' are selected in object 'Object Repository/RAD_Pages/TaxTypeFilingYear_Page/select_TaxType_ExistingLiability' 

2024-11-07 17:42:33 - [MESSAGE][PASSED] - All options with label 'Withholding Tax' are selected in object 'Object Repository/RAD_Pages/TaxTypeFilingYear_Page/select_TaxType_ExistingLiability' 

2024-11-07 17:42:33 - [TEST_STEP][PASSED] - setText(findTestObject(orPath_TaxInfo + "/input_NoticeInvoiceNumber"), notInvNumber): Text '123456789' is set on object 'Object Repository/RAD_Pages/TaxInfo_Page/input_NoticeInvoiceNumber'

2024-11-07 17:42:34 - [MESSAGE][PASSED] - Text '123456789' is set on object 'Object Repository/RAD_Pages/TaxInfo_Page/input_NoticeInvoiceNumber'

2024-11-07 17:42:34 - [TEST_STEP][PASSED] - setText(findTestObject(orPath_TaxInfo + "/input_reTypeNoticeInvoiceNumber"), notInvNumber): Text '123456789' is set on object 'Object Repository/RAD_Pages/TaxInfo_Page/input_reTypeNoticeInvoiceNumber'

2024-11-07 17:42:35 - [MESSAGE][PASSED] - Text '123456789' is set on object 'Object Repository/RAD_Pages/TaxInfo_Page/input_reTypeNoticeInvoiceNumber'

2024-11-07 17:42:35 - [TEST_STEP][PASSED] - println(notInvNumber): null

2024-11-07 17:42:35 - [TEST_STEP][PASSED] - if (verifyTextPresent(errorMsg, true)): null

2024-11-07 17:42:35 - [MESSAGE][PASSED] - Text 'Notice Number or Invoice Number must be 10, 11, or 13 digits in length, with a value greater than zero' is present on page  using regular expression

2024-11-07 17:42:35 - [TEST_STEP][PASSED] - println("Error Message is present on the page"): null

2024-11-07 17:42:35 - [TEST_STEP][PASSED] - out.println("Pass Record Number: " + row): null

2024-11-07 17:42:35 - [TEST_STEP][PASSED] - resText = "Pass": null

2024-11-07 17:42:35 - [TEST_STEP][PASSED] - pages.WriteExcel.demoKey(resText, datText, resColumn, datCloumn, fileLoc, nameSheet, row): pages.WriteExcel.demoKey is PASSED

2024-11-07 17:42:35 - [MESSAGE][PASSED] - pages.WriteExcel.demoKey is PASSED

2024-11-07 17:42:35 - [TEST_STEP][PASSED] - ExecuteTC = findTestData(dataFile).getValue("Execute", row): null

2024-11-07 17:42:35 - [TEST_STEP][PASSED] - Taxtype = findTestData(dataFile).getValue("TaxType", row): null

2024-11-07 17:42:35 - [TEST_STEP][PASSED] - TaxTypeEL = findTestData(dataFile).getValue("TaxTypeEL", row): null

2024-11-07 17:42:35 - [TEST_STEP][PASSED] - notInvNumber = findTestData(dataFile).getValue("NotiInvoNumber", row): null

2024-11-07 17:42:36 - [TEST_STEP][PASSED] - errorMsg = findTestData(dataFile).getValue("ErrorMessage", row): null

2024-11-07 17:42:36 - [TEST_STEP][PASSED] - out.println("Value of Execute is : " + ExecuteTC): null

2024-11-07 17:42:36 - [TEST_STEP][PASSED] - if (ExecuteTC.equalsIgnoreCase("Y")): null

2024-11-07 17:42:36 - [TEST_STEP][PASSED] - out.println("Begin Record Number: " + row): null

2024-11-07 17:42:36 - [TEST_STEP][PASSED] - today = new java.util.Date(): null

2024-11-07 17:42:36 - [TEST_STEP][PASSED] - println(today): null

2024-11-07 17:42:36 - [TEST_STEP][PASSED] - datText = today: null

2024-11-07 17:42:36 - [TEST_STEP][PASSED] - Taxtype = findTestData(dataFile).getValue("TaxType", row): null

2024-11-07 17:42:36 - [TEST_STEP][PASSED] - out.println("Taxtype value is : " + Taxtype): null

2024-11-07 17:42:36 - [TEST_STEP][PASSED] - openBrowser(""): Browser is opened with url: ''

2024-11-07 17:42:36 - [MESSAGE][WARNING] - A browser is already opened. Closing browser and opening a new one

2024-11-07 17:42:37 - [MESSAGE][INFO] - Starting 'Chrome' driver

2024-11-07 17:42:37 - [MESSAGE][INFO] - User set preference: ['acceptInsecureCerts', 'true']

2024-11-07 17:42:37 - [MESSAGE][INFO] - Action delay is set to 0 milliseconds

2024-11-07 17:42:39 - [MESSAGE][PASSED] - Browser is opened with url: ''

2024-11-07 17:42:39 - [TEST_STEP][PASSED] - maximizeWindow(): Current window maximized

2024-11-07 17:42:39 - [MESSAGE][PASSED] - Current window maximized

2024-11-07 17:42:39 - [TEST_STEP][PASSED] - navigateToUrl(RADurl): Navigate to 'https://www.velocitypayment.com/client/rad/index.html' successfully

2024-11-07 17:42:41 - [MESSAGE][PASSED] - Navigate to 'https://www.velocitypayment.com/client/rad/index.html' successfully

2024-11-07 17:42:41 - [TEST_STEP][PASSED] - orPath_Landing = "Object Repository/RAD_Pages/Landing_Page": null

2024-11-07 17:42:41 - [TEST_STEP][PASSED] - orPath_TaxTypeFilingYear = "Object Repository/RAD_Pages/TaxTypeFilingYear_Page": null

2024-11-07 17:42:41 - [TEST_STEP][PASSED] - orPath_TaxPayer = "Object Repository/RAD_Pages/Taxpayer_Page": null

2024-11-07 17:42:41 - [TEST_STEP][PASSED] - orPath_AddressContact = "Object Repository/RAD_Pages/AddressAndContactInfo_Page": null

2024-11-07 17:42:41 - [TEST_STEP][PASSED] - orPath_FilingStatus = "Object Repository/RAD_Pages/FilingStatus_Page": null

2024-11-07 17:42:41 - [TEST_STEP][PASSED] - orPath_Amount = "Object Repository/RAD_Pages/PaymentAmount_Page": null

2024-11-07 17:42:41 - [TEST_STEP][PASSED] - orPath_TaxInfo = "Object Repository/RAD_Pages/TaxInfo_Page": null

2024-11-07 17:42:41 - [TEST_STEP][PASSED] - orPath_Withholding = "Object Repository/RAD_Pages/Withholding_Page": null

2024-11-07 17:42:41 - [TEST_STEP][PASSED] - orPath_Summary = "Object Repository/RAD_Pages/Summary_Page": null

2024-11-07 17:42:41 - [TEST_STEP][PASSED] - orPath_PaymentReady = "Object Repository/RAD_Pages/PaymentReady_Page": null

2024-11-07 17:42:41 - [TEST_STEP][PASSED] - orPath_PaymentEntry = "Object Repository/RAD_Pages/PaymentEntry_Page": null

2024-11-07 17:42:41 - [TEST_STEP][PASSED] - orPath_PaymentConfirmation = "Object Repository/RAD_Pages/PaymentConfirmation_Page": null

2024-11-07 17:42:41 - [TEST_STEP][PASSED] - orPath_ServiceFeesAccept = "Object Repository/RAD_Pages/ServiceFeeAccept_Page": null

2024-11-07 17:42:41 - [TEST_STEP][PASSED] - selectOptionByLabel(findTestObject(orPath_Landing + "/dd_TaxType"), Taxtype, false): All options with label 'Existing Liability with Notice/Invoice Number' are selected in object 'Object Repository/RAD_Pages/Landing_Page/dd_TaxType' 

2024-11-07 17:42:41 - [MESSAGE][PASSED] - All options with label 'Existing Liability with Notice/Invoice Number' are selected in object 'Object Repository/RAD_Pages/Landing_Page/dd_TaxType' 

2024-11-07 17:42:41 - [TEST_STEP][PASSED] - delay(1): Delayed 1 second(s)

2024-11-07 17:42:42 - [MESSAGE][PASSED] - Delayed 1 second(s)

2024-11-07 17:42:42 - [TEST_STEP][PASSED] - selectOptionByLabel(findTestObject(orPath_TaxTypeFilingYear + "/select_TaxType_ExistingLiability"), TaxTypeEL, false): All options with label 'Withholding Tax' are selected in object 'Object Repository/RAD_Pages/TaxTypeFilingYear_Page/select_TaxType_ExistingLiability' 

2024-11-07 17:42:43 - [MESSAGE][PASSED] - All options with label 'Withholding Tax' are selected in object 'Object Repository/RAD_Pages/TaxTypeFilingYear_Page/select_TaxType_ExistingLiability' 

2024-11-07 17:42:43 - [TEST_STEP][PASSED] - setText(findTestObject(orPath_TaxInfo + "/input_NoticeInvoiceNumber"), notInvNumber): Text '123456789012' is set on object 'Object Repository/RAD_Pages/TaxInfo_Page/input_NoticeInvoiceNumber'

2024-11-07 17:42:44 - [MESSAGE][PASSED] - Text '123456789012' is set on object 'Object Repository/RAD_Pages/TaxInfo_Page/input_NoticeInvoiceNumber'

2024-11-07 17:42:44 - [TEST_STEP][PASSED] - setText(findTestObject(orPath_TaxInfo + "/input_reTypeNoticeInvoiceNumber"), notInvNumber): Text '123456789012' is set on object 'Object Repository/RAD_Pages/TaxInfo_Page/input_reTypeNoticeInvoiceNumber'

2024-11-07 17:42:45 - [MESSAGE][PASSED] - Text '123456789012' is set on object 'Object Repository/RAD_Pages/TaxInfo_Page/input_reTypeNoticeInvoiceNumber'

2024-11-07 17:42:45 - [TEST_STEP][PASSED] - println(notInvNumber): null

2024-11-07 17:42:45 - [TEST_STEP][PASSED] - if (verifyTextPresent(errorMsg, true)): null

2024-11-07 17:42:45 - [MESSAGE][PASSED] - Text 'Notice Number or Invoice Number must be 10, 11, or 13 digits in length, with a value greater than zero' is present on page  using regular expression

2024-11-07 17:42:45 - [TEST_STEP][PASSED] - println("Error Message is present on the page"): null

2024-11-07 17:42:45 - [TEST_STEP][PASSED] - out.println("Pass Record Number: " + row): null

2024-11-07 17:42:45 - [TEST_STEP][PASSED] - resText = "Pass": null

2024-11-07 17:42:45 - [TEST_STEP][PASSED] - pages.WriteExcel.demoKey(resText, datText, resColumn, datCloumn, fileLoc, nameSheet, row): pages.WriteExcel.demoKey is PASSED

2024-11-07 17:42:45 - [MESSAGE][PASSED] - pages.WriteExcel.demoKey is PASSED

2024-11-07 17:42:45 - [TEST_STEP][PASSED] - ExecuteTC = findTestData(dataFile).getValue("Execute", row): null

2024-11-07 17:42:45 - [TEST_STEP][PASSED] - Taxtype = findTestData(dataFile).getValue("TaxType", row): null

2024-11-07 17:42:45 - [TEST_STEP][PASSED] - TaxTypeEL = findTestData(dataFile).getValue("TaxTypeEL", row): null

2024-11-07 17:42:45 - [TEST_STEP][PASSED] - notInvNumber = findTestData(dataFile).getValue("NotiInvoNumber", row): null

2024-11-07 17:42:45 - [TEST_STEP][PASSED] - errorMsg = findTestData(dataFile).getValue("ErrorMessage", row): null

2024-11-07 17:42:45 - [TEST_STEP][PASSED] - out.println("Value of Execute is : " + ExecuteTC): null

2024-11-07 17:42:45 - [TEST_STEP][PASSED] - if (ExecuteTC.equalsIgnoreCase("Y")): null

2024-11-07 17:42:45 - [TEST_STEP][PASSED] - out.println("Begin Record Number: " + row): null

2024-11-07 17:42:45 - [TEST_STEP][PASSED] - today = new java.util.Date(): null

2024-11-07 17:42:45 - [TEST_STEP][PASSED] - println(today): null

2024-11-07 17:42:45 - [TEST_STEP][PASSED] - datText = today: null

2024-11-07 17:42:45 - [TEST_STEP][PASSED] - Taxtype = findTestData(dataFile).getValue("TaxType", row): null

2024-11-07 17:42:46 - [TEST_STEP][PASSED] - out.println("Taxtype value is : " + Taxtype): null

2024-11-07 17:42:46 - [TEST_STEP][PASSED] - openBrowser(""): Browser is opened with url: ''

2024-11-07 17:42:46 - [MESSAGE][WARNING] - A browser is already opened. Closing browser and opening a new one

2024-11-07 17:42:47 - [MESSAGE][INFO] - Starting 'Chrome' driver

2024-11-07 17:42:47 - [MESSAGE][INFO] - User set preference: ['acceptInsecureCerts', 'true']

2024-11-07 17:42:47 - [MESSAGE][INFO] - Action delay is set to 0 milliseconds

2024-11-07 17:42:49 - [MESSAGE][PASSED] - Browser is opened with url: ''

2024-11-07 17:42:49 - [TEST_STEP][PASSED] - maximizeWindow(): Current window maximized

2024-11-07 17:42:49 - [MESSAGE][PASSED] - Current window maximized

2024-11-07 17:42:49 - [TEST_STEP][PASSED] - navigateToUrl(RADurl): Navigate to 'https://www.velocitypayment.com/client/rad/index.html' successfully

2024-11-07 17:42:51 - [MESSAGE][PASSED] - Navigate to 'https://www.velocitypayment.com/client/rad/index.html' successfully

2024-11-07 17:42:51 - [TEST_STEP][PASSED] - orPath_Landing = "Object Repository/RAD_Pages/Landing_Page": null

2024-11-07 17:42:51 - [TEST_STEP][PASSED] - orPath_TaxTypeFilingYear = "Object Repository/RAD_Pages/TaxTypeFilingYear_Page": null

2024-11-07 17:42:51 - [TEST_STEP][PASSED] - orPath_TaxPayer = "Object Repository/RAD_Pages/Taxpayer_Page": null

2024-11-07 17:42:51 - [TEST_STEP][PASSED] - orPath_AddressContact = "Object Repository/RAD_Pages/AddressAndContactInfo_Page": null

2024-11-07 17:42:51 - [TEST_STEP][PASSED] - orPath_FilingStatus = "Object Repository/RAD_Pages/FilingStatus_Page": null

2024-11-07 17:42:51 - [TEST_STEP][PASSED] - orPath_Amount = "Object Repository/RAD_Pages/PaymentAmount_Page": null

2024-11-07 17:42:51 - [TEST_STEP][PASSED] - orPath_TaxInfo = "Object Repository/RAD_Pages/TaxInfo_Page": null

2024-11-07 17:42:51 - [TEST_STEP][PASSED] - orPath_Withholding = "Object Repository/RAD_Pages/Withholding_Page": null

2024-11-07 17:42:51 - [TEST_STEP][PASSED] - orPath_Summary = "Object Repository/RAD_Pages/Summary_Page": null

2024-11-07 17:42:51 - [TEST_STEP][PASSED] - orPath_PaymentReady = "Object Repository/RAD_Pages/PaymentReady_Page": null

2024-11-07 17:42:51 - [TEST_STEP][PASSED] - orPath_PaymentEntry = "Object Repository/RAD_Pages/PaymentEntry_Page": null

2024-11-07 17:42:51 - [TEST_STEP][PASSED] - orPath_PaymentConfirmation = "Object Repository/RAD_Pages/PaymentConfirmation_Page": null

2024-11-07 17:42:51 - [TEST_STEP][PASSED] - orPath_ServiceFeesAccept = "Object Repository/RAD_Pages/ServiceFeeAccept_Page": null

2024-11-07 17:42:51 - [TEST_STEP][PASSED] - selectOptionByLabel(findTestObject(orPath_Landing + "/dd_TaxType"), Taxtype, false): All options with label 'Existing Liability with Notice/Invoice Number' are selected in object 'Object Repository/RAD_Pages/Landing_Page/dd_TaxType' 

2024-11-07 17:42:51 - [MESSAGE][PASSED] - All options with label 'Existing Liability with Notice/Invoice Number' are selected in object 'Object Repository/RAD_Pages/Landing_Page/dd_TaxType' 

2024-11-07 17:42:51 - [TEST_STEP][PASSED] - delay(1): Delayed 1 second(s)

2024-11-07 17:42:52 - [MESSAGE][PASSED] - Delayed 1 second(s)

2024-11-07 17:42:52 - [TEST_STEP][PASSED] - selectOptionByLabel(findTestObject(orPath_TaxTypeFilingYear + "/select_TaxType_ExistingLiability"), TaxTypeEL, false): All options with label 'Withholding Tax' are selected in object 'Object Repository/RAD_Pages/TaxTypeFilingYear_Page/select_TaxType_ExistingLiability' 

2024-11-07 17:42:53 - [MESSAGE][PASSED] - All options with label 'Withholding Tax' are selected in object 'Object Repository/RAD_Pages/TaxTypeFilingYear_Page/select_TaxType_ExistingLiability' 

2024-11-07 17:42:53 - [TEST_STEP][PASSED] - setText(findTestObject(orPath_TaxInfo + "/input_NoticeInvoiceNumber"), notInvNumber): Text '0000000000' is set on object 'Object Repository/RAD_Pages/TaxInfo_Page/input_NoticeInvoiceNumber'

2024-11-07 17:42:54 - [MESSAGE][PASSED] - Text '0000000000' is set on object 'Object Repository/RAD_Pages/TaxInfo_Page/input_NoticeInvoiceNumber'

2024-11-07 17:42:54 - [TEST_STEP][PASSED] - setText(findTestObject(orPath_TaxInfo + "/input_reTypeNoticeInvoiceNumber"), notInvNumber): Text '0000000000' is set on object 'Object Repository/RAD_Pages/TaxInfo_Page/input_reTypeNoticeInvoiceNumber'

2024-11-07 17:42:55 - [MESSAGE][PASSED] - Text '0000000000' is set on object 'Object Repository/RAD_Pages/TaxInfo_Page/input_reTypeNoticeInvoiceNumber'

2024-11-07 17:42:55 - [TEST_STEP][PASSED] - println(notInvNumber): null

2024-11-07 17:42:55 - [TEST_STEP][PASSED] - if (verifyTextPresent(errorMsg, true)): null

2024-11-07 17:42:55 - [MESSAGE][PASSED] - Text 'Notice Number or Invoice Number must be 10, 11, or 13 digits in length, with a value greater than zero' is present on page  using regular expression

2024-11-07 17:42:55 - [TEST_STEP][PASSED] - println("Error Message is present on the page"): null

2024-11-07 17:42:55 - [TEST_STEP][PASSED] - out.println("Pass Record Number: " + row): null

2024-11-07 17:42:55 - [TEST_STEP][PASSED] - resText = "Pass": null

2024-11-07 17:42:55 - [TEST_STEP][PASSED] - pages.WriteExcel.demoKey(resText, datText, resColumn, datCloumn, fileLoc, nameSheet, row): pages.WriteExcel.demoKey is PASSED

2024-11-07 17:42:55 - [MESSAGE][PASSED] - pages.WriteExcel.demoKey is PASSED

2024-11-07 17:42:55 - [TEST_STEP][PASSED] - ExecuteTC = findTestData(dataFile).getValue("Execute", row): null

2024-11-07 17:42:55 - [TEST_STEP][PASSED] - Taxtype = findTestData(dataFile).getValue("TaxType", row): null

2024-11-07 17:42:55 - [TEST_STEP][PASSED] - TaxTypeEL = findTestData(dataFile).getValue("TaxTypeEL", row): null

2024-11-07 17:42:55 - [TEST_STEP][PASSED] - notInvNumber = findTestData(dataFile).getValue("NotiInvoNumber", row): null

2024-11-07 17:42:55 - [TEST_STEP][PASSED] - errorMsg = findTestData(dataFile).getValue("ErrorMessage", row): null

2024-11-07 17:42:55 - [TEST_STEP][PASSED] - out.println("Value of Execute is : " + ExecuteTC): null

2024-11-07 17:42:55 - [TEST_STEP][PASSED] - if (ExecuteTC.equalsIgnoreCase("Y")): null

2024-11-07 17:42:55 - [TEST_STEP][PASSED] - out.println("Begin Record Number: " + row): null

2024-11-07 17:42:55 - [TEST_STEP][PASSED] - today = new java.util.Date(): null

2024-11-07 17:42:55 - [TEST_STEP][PASSED] - println(today): null

2024-11-07 17:42:55 - [TEST_STEP][PASSED] - datText = today: null

2024-11-07 17:42:55 - [TEST_STEP][PASSED] - Taxtype = findTestData(dataFile).getValue("TaxType", row): null

2024-11-07 17:42:56 - [TEST_STEP][PASSED] - out.println("Taxtype value is : " + Taxtype): null

2024-11-07 17:42:56 - [TEST_STEP][PASSED] - openBrowser(""): Browser is opened with url: ''

2024-11-07 17:42:56 - [MESSAGE][WARNING] - A browser is already opened. Closing browser and opening a new one

2024-11-07 17:42:57 - [MESSAGE][INFO] - Starting 'Chrome' driver

2024-11-07 17:42:57 - [MESSAGE][INFO] - User set preference: ['acceptInsecureCerts', 'true']

2024-11-07 17:42:57 - [MESSAGE][INFO] - Action delay is set to 0 milliseconds

2024-11-07 17:42:59 - [MESSAGE][PASSED] - Browser is opened with url: ''

2024-11-07 17:42:59 - [TEST_STEP][PASSED] - maximizeWindow(): Current window maximized

2024-11-07 17:42:59 - [MESSAGE][PASSED] - Current window maximized

2024-11-07 17:42:59 - [TEST_STEP][PASSED] - navigateToUrl(RADurl): Navigate to 'https://www.velocitypayment.com/client/rad/index.html' successfully

2024-11-07 17:43:01 - [MESSAGE][PASSED] - Navigate to 'https://www.velocitypayment.com/client/rad/index.html' successfully

2024-11-07 17:43:01 - [TEST_STEP][PASSED] - orPath_Landing = "Object Repository/RAD_Pages/Landing_Page": null

2024-11-07 17:43:01 - [TEST_STEP][PASSED] - orPath_TaxTypeFilingYear = "Object Repository/RAD_Pages/TaxTypeFilingYear_Page": null

2024-11-07 17:43:01 - [TEST_STEP][PASSED] - orPath_TaxPayer = "Object Repository/RAD_Pages/Taxpayer_Page": null

2024-11-07 17:43:01 - [TEST_STEP][PASSED] - orPath_AddressContact = "Object Repository/RAD_Pages/AddressAndContactInfo_Page": null

2024-11-07 17:43:01 - [TEST_STEP][PASSED] - orPath_FilingStatus = "Object Repository/RAD_Pages/FilingStatus_Page": null

2024-11-07 17:43:01 - [TEST_STEP][PASSED] - orPath_Amount = "Object Repository/RAD_Pages/PaymentAmount_Page": null

2024-11-07 17:43:01 - [TEST_STEP][PASSED] - orPath_TaxInfo = "Object Repository/RAD_Pages/TaxInfo_Page": null

2024-11-07 17:43:01 - [TEST_STEP][PASSED] - orPath_Withholding = "Object Repository/RAD_Pages/Withholding_Page": null

2024-11-07 17:43:01 - [TEST_STEP][PASSED] - orPath_Summary = "Object Repository/RAD_Pages/Summary_Page": null

2024-11-07 17:43:01 - [TEST_STEP][PASSED] - orPath_PaymentReady = "Object Repository/RAD_Pages/PaymentReady_Page": null

2024-11-07 17:43:01 - [TEST_STEP][PASSED] - orPath_PaymentEntry = "Object Repository/RAD_Pages/PaymentEntry_Page": null

2024-11-07 17:43:01 - [TEST_STEP][PASSED] - orPath_PaymentConfirmation = "Object Repository/RAD_Pages/PaymentConfirmation_Page": null

2024-11-07 17:43:01 - [TEST_STEP][PASSED] - orPath_ServiceFeesAccept = "Object Repository/RAD_Pages/ServiceFeeAccept_Page": null

2024-11-07 17:43:01 - [TEST_STEP][PASSED] - selectOptionByLabel(findTestObject(orPath_Landing + "/dd_TaxType"), Taxtype, false): All options with label 'Existing Liability with Notice/Invoice Number' are selected in object 'Object Repository/RAD_Pages/Landing_Page/dd_TaxType' 

2024-11-07 17:43:02 - [MESSAGE][PASSED] - All options with label 'Existing Liability with Notice/Invoice Number' are selected in object 'Object Repository/RAD_Pages/Landing_Page/dd_TaxType' 

2024-11-07 17:43:02 - [TEST_STEP][PASSED] - delay(1): Delayed 1 second(s)

2024-11-07 17:43:03 - [MESSAGE][PASSED] - Delayed 1 second(s)

2024-11-07 17:43:03 - [TEST_STEP][PASSED] - selectOptionByLabel(findTestObject(orPath_TaxTypeFilingYear + "/select_TaxType_ExistingLiability"), TaxTypeEL, false): All options with label 'Alcohol Tax' are selected in object 'Object Repository/RAD_Pages/TaxTypeFilingYear_Page/select_TaxType_ExistingLiability' 

2024-11-07 17:43:04 - [MESSAGE][PASSED] - All options with label 'Alcohol Tax' are selected in object 'Object Repository/RAD_Pages/TaxTypeFilingYear_Page/select_TaxType_ExistingLiability' 

2024-11-07 17:43:04 - [TEST_STEP][PASSED] - setText(findTestObject(orPath_TaxInfo + "/input_NoticeInvoiceNumber"), notInvNumber): Text '123456789' is set on object 'Object Repository/RAD_Pages/TaxInfo_Page/input_NoticeInvoiceNumber'

2024-11-07 17:43:05 - [MESSAGE][PASSED] - Text '123456789' is set on object 'Object Repository/RAD_Pages/TaxInfo_Page/input_NoticeInvoiceNumber'

2024-11-07 17:43:05 - [TEST_STEP][PASSED] - setText(findTestObject(orPath_TaxInfo + "/input_reTypeNoticeInvoiceNumber"), notInvNumber): Text '123456789' is set on object 'Object Repository/RAD_Pages/TaxInfo_Page/input_reTypeNoticeInvoiceNumber'

2024-11-07 17:43:06 - [MESSAGE][PASSED] - Text '123456789' is set on object 'Object Repository/RAD_Pages/TaxInfo_Page/input_reTypeNoticeInvoiceNumber'

2024-11-07 17:43:06 - [TEST_STEP][PASSED] - println(notInvNumber): null

2024-11-07 17:43:06 - [TEST_STEP][PASSED] - if (verifyTextPresent(errorMsg, true)): null

2024-11-07 17:43:06 - [MESSAGE][PASSED] - Text 'Notice Number or Invoice Number must be 10, 11, or 13 digits in length, with a value greater than zero' is present on page  using regular expression

2024-11-07 17:43:06 - [TEST_STEP][PASSED] - println("Error Message is present on the page"): null

2024-11-07 17:43:06 - [TEST_STEP][PASSED] - out.println("Pass Record Number: " + row): null

2024-11-07 17:43:06 - [TEST_STEP][PASSED] - resText = "Pass": null

2024-11-07 17:43:06 - [TEST_STEP][PASSED] - pages.WriteExcel.demoKey(resText, datText, resColumn, datCloumn, fileLoc, nameSheet, row): pages.WriteExcel.demoKey is PASSED

2024-11-07 17:43:06 - [MESSAGE][PASSED] - pages.WriteExcel.demoKey is PASSED

2024-11-07 17:43:06 - [TEST_STEP][PASSED] - ExecuteTC = findTestData(dataFile).getValue("Execute", row): null

2024-11-07 17:43:06 - [TEST_STEP][PASSED] - Taxtype = findTestData(dataFile).getValue("TaxType", row): null

2024-11-07 17:43:06 - [TEST_STEP][PASSED] - TaxTypeEL = findTestData(dataFile).getValue("TaxTypeEL", row): null

2024-11-07 17:43:06 - [TEST_STEP][PASSED] - notInvNumber = findTestData(dataFile).getValue("NotiInvoNumber", row): null

2024-11-07 17:43:06 - [TEST_STEP][PASSED] - errorMsg = findTestData(dataFile).getValue("ErrorMessage", row): null

2024-11-07 17:43:06 - [TEST_STEP][PASSED] - out.println("Value of Execute is : " + ExecuteTC): null

2024-11-07 17:43:06 - [TEST_STEP][PASSED] - if (ExecuteTC.equalsIgnoreCase("Y")): null

2024-11-07 17:43:06 - [TEST_STEP][PASSED] - out.println("Begin Record Number: " + row): null

2024-11-07 17:43:06 - [TEST_STEP][PASSED] - today = new java.util.Date(): null

2024-11-07 17:43:06 - [TEST_STEP][PASSED] - println(today): null

2024-11-07 17:43:06 - [TEST_STEP][PASSED] - datText = today: null

2024-11-07 17:43:06 - [TEST_STEP][PASSED] - Taxtype = findTestData(dataFile).getValue("TaxType", row): null

2024-11-07 17:43:06 - [TEST_STEP][PASSED] - out.println("Taxtype value is : " + Taxtype): null

2024-11-07 17:43:06 - [TEST_STEP][PASSED] - openBrowser(""): Browser is opened with url: ''

2024-11-07 17:43:06 - [MESSAGE][WARNING] - A browser is already opened. Closing browser and opening a new one

2024-11-07 17:43:08 - [MESSAGE][INFO] - Starting 'Chrome' driver

2024-11-07 17:43:08 - [MESSAGE][INFO] - User set preference: ['acceptInsecureCerts', 'true']

2024-11-07 17:43:08 - [MESSAGE][INFO] - Action delay is set to 0 milliseconds

2024-11-07 17:43:10 - [MESSAGE][PASSED] - Browser is opened with url: ''

2024-11-07 17:43:10 - [TEST_STEP][PASSED] - maximizeWindow(): Current window maximized

2024-11-07 17:43:10 - [MESSAGE][PASSED] - Current window maximized

2024-11-07 17:43:10 - [TEST_STEP][PASSED] - navigateToUrl(RADurl): Navigate to 'https://www.velocitypayment.com/client/rad/index.html' successfully

2024-11-07 17:43:12 - [MESSAGE][PASSED] - Navigate to 'https://www.velocitypayment.com/client/rad/index.html' successfully

2024-11-07 17:43:12 - [TEST_STEP][PASSED] - orPath_Landing = "Object Repository/RAD_Pages/Landing_Page": null

2024-11-07 17:43:12 - [TEST_STEP][PASSED] - orPath_TaxTypeFilingYear = "Object Repository/RAD_Pages/TaxTypeFilingYear_Page": null

2024-11-07 17:43:12 - [TEST_STEP][PASSED] - orPath_TaxPayer = "Object Repository/RAD_Pages/Taxpayer_Page": null

2024-11-07 17:43:12 - [TEST_STEP][PASSED] - orPath_AddressContact = "Object Repository/RAD_Pages/AddressAndContactInfo_Page": null

2024-11-07 17:43:12 - [TEST_STEP][PASSED] - orPath_FilingStatus = "Object Repository/RAD_Pages/FilingStatus_Page": null

2024-11-07 17:43:12 - [TEST_STEP][PASSED] - orPath_Amount = "Object Repository/RAD_Pages/PaymentAmount_Page": null

2024-11-07 17:43:12 - [TEST_STEP][PASSED] - orPath_TaxInfo = "Object Repository/RAD_Pages/TaxInfo_Page": null

2024-11-07 17:43:12 - [TEST_STEP][PASSED] - orPath_Withholding = "Object Repository/RAD_Pages/Withholding_Page": null

2024-11-07 17:43:12 - [TEST_STEP][PASSED] - orPath_Summary = "Object Repository/RAD_Pages/Summary_Page": null

2024-11-07 17:43:12 - [TEST_STEP][PASSED] - orPath_PaymentReady = "Object Repository/RAD_Pages/PaymentReady_Page": null

2024-11-07 17:43:12 - [TEST_STEP][PASSED] - orPath_PaymentEntry = "Object Repository/RAD_Pages/PaymentEntry_Page": null

2024-11-07 17:43:12 - [TEST_STEP][PASSED] - orPath_PaymentConfirmation = "Object Repository/RAD_Pages/PaymentConfirmation_Page": null

2024-11-07 17:43:12 - [TEST_STEP][PASSED] - orPath_ServiceFeesAccept = "Object Repository/RAD_Pages/ServiceFeeAccept_Page": null

2024-11-07 17:43:12 - [TEST_STEP][PASSED] - selectOptionByLabel(findTestObject(orPath_Landing + "/dd_TaxType"), Taxtype, false): All options with label 'Existing Liability with Notice/Invoice Number' are selected in object 'Object Repository/RAD_Pages/Landing_Page/dd_TaxType' 

2024-11-07 17:43:13 - [MESSAGE][PASSED] - All options with label 'Existing Liability with Notice/Invoice Number' are selected in object 'Object Repository/RAD_Pages/Landing_Page/dd_TaxType' 

2024-11-07 17:43:13 - [TEST_STEP][PASSED] - delay(1): Delayed 1 second(s)

2024-11-07 17:43:14 - [MESSAGE][PASSED] - Delayed 1 second(s)

2024-11-07 17:43:14 - [TEST_STEP][PASSED] - selectOptionByLabel(findTestObject(orPath_TaxTypeFilingYear + "/select_TaxType_ExistingLiability"), TaxTypeEL, false): All options with label 'Alcohol Tax' are selected in object 'Object Repository/RAD_Pages/TaxTypeFilingYear_Page/select_TaxType_ExistingLiability' 

2024-11-07 17:43:15 - [MESSAGE][PASSED] - All options with label 'Alcohol Tax' are selected in object 'Object Repository/RAD_Pages/TaxTypeFilingYear_Page/select_TaxType_ExistingLiability' 

2024-11-07 17:43:15 - [TEST_STEP][PASSED] - setText(findTestObject(orPath_TaxInfo + "/input_NoticeInvoiceNumber"), notInvNumber): Text '123456789012' is set on object 'Object Repository/RAD_Pages/TaxInfo_Page/input_NoticeInvoiceNumber'

2024-11-07 17:43:15 - [MESSAGE][PASSED] - Text '123456789012' is set on object 'Object Repository/RAD_Pages/TaxInfo_Page/input_NoticeInvoiceNumber'

2024-11-07 17:43:15 - [TEST_STEP][PASSED] - setText(findTestObject(orPath_TaxInfo + "/input_reTypeNoticeInvoiceNumber"), notInvNumber): Text '123456789012' is set on object 'Object Repository/RAD_Pages/TaxInfo_Page/input_reTypeNoticeInvoiceNumber'

2024-11-07 17:43:16 - [MESSAGE][PASSED] - Text '123456789012' is set on object 'Object Repository/RAD_Pages/TaxInfo_Page/input_reTypeNoticeInvoiceNumber'

2024-11-07 17:43:16 - [TEST_STEP][PASSED] - println(notInvNumber): null

2024-11-07 17:43:16 - [TEST_STEP][PASSED] - if (verifyTextPresent(errorMsg, true)): null

2024-11-07 17:43:17 - [MESSAGE][PASSED] - Text 'Notice Number or Invoice Number must be 10, 11, or 13 digits in length, with a value greater than zero' is present on page  using regular expression

2024-11-07 17:43:17 - [TEST_STEP][PASSED] - println("Error Message is present on the page"): null

2024-11-07 17:43:17 - [TEST_STEP][PASSED] - out.println("Pass Record Number: " + row): null

2024-11-07 17:43:17 - [TEST_STEP][PASSED] - resText = "Pass": null

2024-11-07 17:43:17 - [TEST_STEP][PASSED] - pages.WriteExcel.demoKey(resText, datText, resColumn, datCloumn, fileLoc, nameSheet, row): pages.WriteExcel.demoKey is PASSED

2024-11-07 17:43:17 - [MESSAGE][PASSED] - pages.WriteExcel.demoKey is PASSED

2024-11-07 17:43:17 - [TEST_STEP][PASSED] - ExecuteTC = findTestData(dataFile).getValue("Execute", row): null

2024-11-07 17:43:17 - [TEST_STEP][PASSED] - Taxtype = findTestData(dataFile).getValue("TaxType", row): null

2024-11-07 17:43:17 - [TEST_STEP][PASSED] - TaxTypeEL = findTestData(dataFile).getValue("TaxTypeEL", row): null

2024-11-07 17:43:17 - [TEST_STEP][PASSED] - notInvNumber = findTestData(dataFile).getValue("NotiInvoNumber", row): null

2024-11-07 17:43:17 - [TEST_STEP][PASSED] - errorMsg = findTestData(dataFile).getValue("ErrorMessage", row): null

2024-11-07 17:43:17 - [TEST_STEP][PASSED] - out.println("Value of Execute is : " + ExecuteTC): null

2024-11-07 17:43:17 - [TEST_STEP][PASSED] - if (ExecuteTC.equalsIgnoreCase("Y")): null

2024-11-07 17:43:17 - [TEST_STEP][PASSED] - out.println("Begin Record Number: " + row): null

2024-11-07 17:43:17 - [TEST_STEP][PASSED] - today = new java.util.Date(): null

2024-11-07 17:43:17 - [TEST_STEP][PASSED] - println(today): null

2024-11-07 17:43:17 - [TEST_STEP][PASSED] - datText = today: null

2024-11-07 17:43:17 - [TEST_STEP][PASSED] - Taxtype = findTestData(dataFile).getValue("TaxType", row): null

2024-11-07 17:43:17 - [TEST_STEP][PASSED] - out.println("Taxtype value is : " + Taxtype): null

2024-11-07 17:43:17 - [TEST_STEP][PASSED] - openBrowser(""): Browser is opened with url: ''

2024-11-07 17:43:17 - [MESSAGE][WARNING] - A browser is already opened. Closing browser and opening a new one

2024-11-07 17:43:20 - [MESSAGE][INFO] - Starting 'Chrome' driver

2024-11-07 17:43:20 - [MESSAGE][INFO] - User set preference: ['acceptInsecureCerts', 'true']

2024-11-07 17:43:20 - [MESSAGE][INFO] - Action delay is set to 0 milliseconds

2024-11-07 17:43:21 - [MESSAGE][PASSED] - Browser is opened with url: ''

2024-11-07 17:43:21 - [TEST_STEP][PASSED] - maximizeWindow(): Current window maximized

2024-11-07 17:43:22 - [MESSAGE][PASSED] - Current window maximized

2024-11-07 17:43:22 - [TEST_STEP][PASSED] - navigateToUrl(RADurl): Navigate to 'https://www.velocitypayment.com/client/rad/index.html' successfully

2024-11-07 17:43:24 - [MESSAGE][PASSED] - Navigate to 'https://www.velocitypayment.com/client/rad/index.html' successfully

2024-11-07 17:43:24 - [TEST_STEP][PASSED] - orPath_Landing = "Object Repository/RAD_Pages/Landing_Page": null

2024-11-07 17:43:24 - [TEST_STEP][PASSED] - orPath_TaxTypeFilingYear = "Object Repository/RAD_Pages/TaxTypeFilingYear_Page": null

2024-11-07 17:43:24 - [TEST_STEP][PASSED] - orPath_TaxPayer = "Object Repository/RAD_Pages/Taxpayer_Page": null

2024-11-07 17:43:24 - [TEST_STEP][PASSED] - orPath_AddressContact = "Object Repository/RAD_Pages/AddressAndContactInfo_Page": null

2024-11-07 17:43:24 - [TEST_STEP][PASSED] - orPath_FilingStatus = "Object Repository/RAD_Pages/FilingStatus_Page": null

2024-11-07 17:43:24 - [TEST_STEP][PASSED] - orPath_Amount = "Object Repository/RAD_Pages/PaymentAmount_Page": null

2024-11-07 17:43:24 - [TEST_STEP][PASSED] - orPath_TaxInfo = "Object Repository/RAD_Pages/TaxInfo_Page": null

2024-11-07 17:43:24 - [TEST_STEP][PASSED] - orPath_Withholding = "Object Repository/RAD_Pages/Withholding_Page": null

2024-11-07 17:43:24 - [TEST_STEP][PASSED] - orPath_Summary = "Object Repository/RAD_Pages/Summary_Page": null

2024-11-07 17:43:24 - [TEST_STEP][PASSED] - orPath_PaymentReady = "Object Repository/RAD_Pages/PaymentReady_Page": null

2024-11-07 17:43:24 - [TEST_STEP][PASSED] - orPath_PaymentEntry = "Object Repository/RAD_Pages/PaymentEntry_Page": null

2024-11-07 17:43:24 - [TEST_STEP][PASSED] - orPath_PaymentConfirmation = "Object Repository/RAD_Pages/PaymentConfirmation_Page": null

2024-11-07 17:43:24 - [TEST_STEP][PASSED] - orPath_ServiceFeesAccept = "Object Repository/RAD_Pages/ServiceFeeAccept_Page": null

2024-11-07 17:43:24 - [TEST_STEP][PASSED] - selectOptionByLabel(findTestObject(orPath_Landing + "/dd_TaxType"), Taxtype, false): All options with label 'Existing Liability with Notice/Invoice Number' are selected in object 'Object Repository/RAD_Pages/Landing_Page/dd_TaxType' 

2024-11-07 17:43:25 - [MESSAGE][PASSED] - All options with label 'Existing Liability with Notice/Invoice Number' are selected in object 'Object Repository/RAD_Pages/Landing_Page/dd_TaxType' 

2024-11-07 17:43:25 - [TEST_STEP][PASSED] - delay(1): Delayed 1 second(s)

2024-11-07 17:43:26 - [MESSAGE][PASSED] - Delayed 1 second(s)

2024-11-07 17:43:26 - [TEST_STEP][PASSED] - selectOptionByLabel(findTestObject(orPath_TaxTypeFilingYear + "/select_TaxType_ExistingLiability"), TaxTypeEL, false): All options with label 'Alcohol Tax' are selected in object 'Object Repository/RAD_Pages/TaxTypeFilingYear_Page/select_TaxType_ExistingLiability' 

2024-11-07 17:43:26 - [MESSAGE][PASSED] - All options with label 'Alcohol Tax' are selected in object 'Object Repository/RAD_Pages/TaxTypeFilingYear_Page/select_TaxType_ExistingLiability' 

2024-11-07 17:43:26 - [TEST_STEP][PASSED] - setText(findTestObject(orPath_TaxInfo + "/input_NoticeInvoiceNumber"), notInvNumber): Text '0000000000' is set on object 'Object Repository/RAD_Pages/TaxInfo_Page/input_NoticeInvoiceNumber'

2024-11-07 17:43:27 - [MESSAGE][PASSED] - Text '0000000000' is set on object 'Object Repository/RAD_Pages/TaxInfo_Page/input_NoticeInvoiceNumber'

2024-11-07 17:43:27 - [TEST_STEP][PASSED] - setText(findTestObject(orPath_TaxInfo + "/input_reTypeNoticeInvoiceNumber"), notInvNumber): Text '0000000000' is set on object 'Object Repository/RAD_Pages/TaxInfo_Page/input_reTypeNoticeInvoiceNumber'

2024-11-07 17:43:28 - [MESSAGE][PASSED] - Text '0000000000' is set on object 'Object Repository/RAD_Pages/TaxInfo_Page/input_reTypeNoticeInvoiceNumber'

2024-11-07 17:43:28 - [TEST_STEP][PASSED] - println(notInvNumber): null

2024-11-07 17:43:28 - [TEST_STEP][PASSED] - if (verifyTextPresent(errorMsg, true)): null

2024-11-07 17:43:29 - [MESSAGE][PASSED] - Text 'Notice Number or Invoice Number must be 10, 11, or 13 digits in length, with a value greater than zero' is present on page  using regular expression

2024-11-07 17:43:29 - [TEST_STEP][PASSED] - println("Error Message is present on the page"): null

2024-11-07 17:43:29 - [TEST_STEP][PASSED] - out.println("Pass Record Number: " + row): null

2024-11-07 17:43:29 - [TEST_STEP][PASSED] - resText = "Pass": null

2024-11-07 17:43:29 - [TEST_STEP][PASSED] - pages.WriteExcel.demoKey(resText, datText, resColumn, datCloumn, fileLoc, nameSheet, row): pages.WriteExcel.demoKey is PASSED

2024-11-07 17:43:29 - [MESSAGE][PASSED] - pages.WriteExcel.demoKey is PASSED

2024-11-07 17:43:29 - [TEST_STEP][PASSED] - ExecuteTC = findTestData(dataFile).getValue("Execute", row): null

2024-11-07 17:43:29 - [TEST_STEP][PASSED] - Taxtype = findTestData(dataFile).getValue("TaxType", row): null

2024-11-07 17:43:29 - [TEST_STEP][PASSED] - TaxTypeEL = findTestData(dataFile).getValue("TaxTypeEL", row): null

2024-11-07 17:43:29 - [TEST_STEP][PASSED] - notInvNumber = findTestData(dataFile).getValue("NotiInvoNumber", row): null

2024-11-07 17:43:29 - [TEST_STEP][PASSED] - errorMsg = findTestData(dataFile).getValue("ErrorMessage", row): null

2024-11-07 17:43:29 - [TEST_STEP][PASSED] - out.println("Value of Execute is : " + ExecuteTC): null

2024-11-07 17:43:29 - [TEST_STEP][PASSED] - if (ExecuteTC.equalsIgnoreCase("Y")): null

2024-11-07 17:43:29 - [TEST_STEP][PASSED] - out.println("Begin Record Number: " + row): null

2024-11-07 17:43:29 - [TEST_STEP][PASSED] - today = new java.util.Date(): null

2024-11-07 17:43:29 - [TEST_STEP][PASSED] - println(today): null

2024-11-07 17:43:29 - [TEST_STEP][PASSED] - datText = today: null

2024-11-07 17:43:29 - [TEST_STEP][PASSED] - Taxtype = findTestData(dataFile).getValue("TaxType", row): null

2024-11-07 17:43:29 - [TEST_STEP][PASSED] - out.println("Taxtype value is : " + Taxtype): null

2024-11-07 17:43:29 - [TEST_STEP][PASSED] - openBrowser(""): Browser is opened with url: ''

2024-11-07 17:43:29 - [MESSAGE][WARNING] - A browser is already opened. Closing browser and opening a new one

2024-11-07 17:43:31 - [MESSAGE][INFO] - Starting 'Chrome' driver

2024-11-07 17:43:31 - [MESSAGE][INFO] - User set preference: ['acceptInsecureCerts', 'true']

2024-11-07 17:43:31 - [MESSAGE][INFO] - Action delay is set to 0 milliseconds

2024-11-07 17:43:32 - [MESSAGE][PASSED] - Browser is opened with url: ''

2024-11-07 17:43:32 - [TEST_STEP][PASSED] - maximizeWindow(): Current window maximized

2024-11-07 17:43:32 - [MESSAGE][PASSED] - Current window maximized

2024-11-07 17:43:32 - [TEST_STEP][PASSED] - navigateToUrl(RADurl): Navigate to 'https://www.velocitypayment.com/client/rad/index.html' successfully

2024-11-07 17:43:35 - [MESSAGE][PASSED] - Navigate to 'https://www.velocitypayment.com/client/rad/index.html' successfully

2024-11-07 17:43:35 - [TEST_STEP][PASSED] - orPath_Landing = "Object Repository/RAD_Pages/Landing_Page": null

2024-11-07 17:43:35 - [TEST_STEP][PASSED] - orPath_TaxTypeFilingYear = "Object Repository/RAD_Pages/TaxTypeFilingYear_Page": null

2024-11-07 17:43:35 - [TEST_STEP][PASSED] - orPath_TaxPayer = "Object Repository/RAD_Pages/Taxpayer_Page": null

2024-11-07 17:43:35 - [TEST_STEP][PASSED] - orPath_AddressContact = "Object Repository/RAD_Pages/AddressAndContactInfo_Page": null

2024-11-07 17:43:35 - [TEST_STEP][PASSED] - orPath_FilingStatus = "Object Repository/RAD_Pages/FilingStatus_Page": null

2024-11-07 17:43:35 - [TEST_STEP][PASSED] - orPath_Amount = "Object Repository/RAD_Pages/PaymentAmount_Page": null

2024-11-07 17:43:35 - [TEST_STEP][PASSED] - orPath_TaxInfo = "Object Repository/RAD_Pages/TaxInfo_Page": null

2024-11-07 17:43:35 - [TEST_STEP][PASSED] - orPath_Withholding = "Object Repository/RAD_Pages/Withholding_Page": null

2024-11-07 17:43:35 - [TEST_STEP][PASSED] - orPath_Summary = "Object Repository/RAD_Pages/Summary_Page": null

2024-11-07 17:43:35 - [TEST_STEP][PASSED] - orPath_PaymentReady = "Object Repository/RAD_Pages/PaymentReady_Page": null

2024-11-07 17:43:35 - [TEST_STEP][PASSED] - orPath_PaymentEntry = "Object Repository/RAD_Pages/PaymentEntry_Page": null

2024-11-07 17:43:35 - [TEST_STEP][PASSED] - orPath_PaymentConfirmation = "Object Repository/RAD_Pages/PaymentConfirmation_Page": null

2024-11-07 17:43:35 - [TEST_STEP][PASSED] - orPath_ServiceFeesAccept = "Object Repository/RAD_Pages/ServiceFeeAccept_Page": null

2024-11-07 17:43:35 - [TEST_STEP][PASSED] - selectOptionByLabel(findTestObject(orPath_Landing + "/dd_TaxType"), Taxtype, false): All options with label 'Existing Liability with Notice/Invoice Number' are selected in object 'Object Repository/RAD_Pages/Landing_Page/dd_TaxType' 

2024-11-07 17:43:35 - [MESSAGE][PASSED] - All options with label 'Existing Liability with Notice/Invoice Number' are selected in object 'Object Repository/RAD_Pages/Landing_Page/dd_TaxType' 

2024-11-07 17:43:35 - [TEST_STEP][PASSED] - delay(1): Delayed 1 second(s)

2024-11-07 17:43:36 - [MESSAGE][PASSED] - Delayed 1 second(s)

2024-11-07 17:43:36 - [TEST_STEP][PASSED] - selectOptionByLabel(findTestObject(orPath_TaxTypeFilingYear + "/select_TaxType_ExistingLiability"), TaxTypeEL, false): All options with label 'PTE Tax Electing Non-S Corp' are selected in object 'Object Repository/RAD_Pages/TaxTypeFilingYear_Page/select_TaxType_ExistingLiability' 

2024-11-07 17:43:37 - [MESSAGE][PASSED] - All options with label 'PTE Tax Electing Non-S Corp' are selected in object 'Object Repository/RAD_Pages/TaxTypeFilingYear_Page/select_TaxType_ExistingLiability' 

2024-11-07 17:43:37 - [TEST_STEP][PASSED] - setText(findTestObject(orPath_TaxInfo + "/input_NoticeInvoiceNumber"), notInvNumber): Text '123456789' is set on object 'Object Repository/RAD_Pages/TaxInfo_Page/input_NoticeInvoiceNumber'

2024-11-07 17:43:38 - [MESSAGE][PASSED] - Text '123456789' is set on object 'Object Repository/RAD_Pages/TaxInfo_Page/input_NoticeInvoiceNumber'

2024-11-07 17:43:38 - [TEST_STEP][PASSED] - setText(findTestObject(orPath_TaxInfo + "/input_reTypeNoticeInvoiceNumber"), notInvNumber): Text '123456789' is set on object 'Object Repository/RAD_Pages/TaxInfo_Page/input_reTypeNoticeInvoiceNumber'

2024-11-07 17:43:39 - [MESSAGE][PASSED] - Text '123456789' is set on object 'Object Repository/RAD_Pages/TaxInfo_Page/input_reTypeNoticeInvoiceNumber'

2024-11-07 17:43:39 - [TEST_STEP][PASSED] - println(notInvNumber): null

2024-11-07 17:43:39 - [TEST_STEP][PASSED] - if (verifyTextPresent(errorMsg, true)): null

2024-11-07 17:43:39 - [MESSAGE][PASSED] - Text 'Notice Number or Invoice Number must be 10, 11, or 13 digits in length, with a value greater than zero' is present on page  using regular expression

2024-11-07 17:43:39 - [TEST_STEP][PASSED] - println("Error Message is present on the page"): null

2024-11-07 17:43:39 - [TEST_STEP][PASSED] - out.println("Pass Record Number: " + row): null

2024-11-07 17:43:39 - [TEST_STEP][PASSED] - resText = "Pass": null

2024-11-07 17:43:39 - [TEST_STEP][PASSED] - pages.WriteExcel.demoKey(resText, datText, resColumn, datCloumn, fileLoc, nameSheet, row): pages.WriteExcel.demoKey is PASSED

2024-11-07 17:43:39 - [MESSAGE][PASSED] - pages.WriteExcel.demoKey is PASSED

2024-11-07 17:43:39 - [TEST_STEP][PASSED] - ExecuteTC = findTestData(dataFile).getValue("Execute", row): null

2024-11-07 17:43:39 - [TEST_STEP][PASSED] - Taxtype = findTestData(dataFile).getValue("TaxType", row): null

2024-11-07 17:43:39 - [TEST_STEP][PASSED] - TaxTypeEL = findTestData(dataFile).getValue("TaxTypeEL", row): null

2024-11-07 17:43:39 - [TEST_STEP][PASSED] - notInvNumber = findTestData(dataFile).getValue("NotiInvoNumber", row): null

2024-11-07 17:43:39 - [TEST_STEP][PASSED] - errorMsg = findTestData(dataFile).getValue("ErrorMessage", row): null

2024-11-07 17:43:40 - [TEST_STEP][PASSED] - out.println("Value of Execute is : " + ExecuteTC): null

2024-11-07 17:43:40 - [TEST_STEP][PASSED] - if (ExecuteTC.equalsIgnoreCase("Y")): null

2024-11-07 17:43:40 - [TEST_STEP][PASSED] - out.println("Begin Record Number: " + row): null

2024-11-07 17:43:40 - [TEST_STEP][PASSED] - today = new java.util.Date(): null

2024-11-07 17:43:40 - [TEST_STEP][PASSED] - println(today): null

2024-11-07 17:43:40 - [TEST_STEP][PASSED] - datText = today: null

2024-11-07 17:43:40 - [TEST_STEP][PASSED] - Taxtype = findTestData(dataFile).getValue("TaxType", row): null

2024-11-07 17:43:40 - [TEST_STEP][PASSED] - out.println("Taxtype value is : " + Taxtype): null

2024-11-07 17:43:40 - [TEST_STEP][PASSED] - openBrowser(""): Browser is opened with url: ''

2024-11-07 17:43:40 - [MESSAGE][WARNING] - A browser is already opened. Closing browser and opening a new one

2024-11-07 17:43:41 - [MESSAGE][INFO] - Starting 'Chrome' driver

2024-11-07 17:43:41 - [MESSAGE][INFO] - User set preference: ['acceptInsecureCerts', 'true']

2024-11-07 17:43:41 - [MESSAGE][INFO] - Action delay is set to 0 milliseconds

2024-11-07 17:43:43 - [MESSAGE][PASSED] - Browser is opened with url: ''

2024-11-07 17:43:43 - [TEST_STEP][PASSED] - maximizeWindow(): Current window maximized

2024-11-07 17:43:43 - [MESSAGE][PASSED] - Current window maximized

2024-11-07 17:43:43 - [TEST_STEP][PASSED] - navigateToUrl(RADurl): Navigate to 'https://www.velocitypayment.com/client/rad/index.html' successfully

2024-11-07 17:43:45 - [MESSAGE][PASSED] - Navigate to 'https://www.velocitypayment.com/client/rad/index.html' successfully

2024-11-07 17:43:45 - [TEST_STEP][PASSED] - orPath_Landing = "Object Repository/RAD_Pages/Landing_Page": null

2024-11-07 17:43:45 - [TEST_STEP][PASSED] - orPath_TaxTypeFilingYear = "Object Repository/RAD_Pages/TaxTypeFilingYear_Page": null

2024-11-07 17:43:45 - [TEST_STEP][PASSED] - orPath_TaxPayer = "Object Repository/RAD_Pages/Taxpayer_Page": null

2024-11-07 17:43:45 - [TEST_STEP][PASSED] - orPath_AddressContact = "Object Repository/RAD_Pages/AddressAndContactInfo_Page": null

2024-11-07 17:43:45 - [TEST_STEP][PASSED] - orPath_FilingStatus = "Object Repository/RAD_Pages/FilingStatus_Page": null

2024-11-07 17:43:45 - [TEST_STEP][PASSED] - orPath_Amount = "Object Repository/RAD_Pages/PaymentAmount_Page": null

2024-11-07 17:43:45 - [TEST_STEP][PASSED] - orPath_TaxInfo = "Object Repository/RAD_Pages/TaxInfo_Page": null

2024-11-07 17:43:45 - [TEST_STEP][PASSED] - orPath_Withholding = "Object Repository/RAD_Pages/Withholding_Page": null

2024-11-07 17:43:45 - [TEST_STEP][PASSED] - orPath_Summary = "Object Repository/RAD_Pages/Summary_Page": null

2024-11-07 17:43:45 - [TEST_STEP][PASSED] - orPath_PaymentReady = "Object Repository/RAD_Pages/PaymentReady_Page": null

2024-11-07 17:43:45 - [TEST_STEP][PASSED] - orPath_PaymentEntry = "Object Repository/RAD_Pages/PaymentEntry_Page": null

2024-11-07 17:43:45 - [TEST_STEP][PASSED] - orPath_PaymentConfirmation = "Object Repository/RAD_Pages/PaymentConfirmation_Page": null

2024-11-07 17:43:45 - [TEST_STEP][PASSED] - orPath_ServiceFeesAccept = "Object Repository/RAD_Pages/ServiceFeeAccept_Page": null

2024-11-07 17:43:45 - [TEST_STEP][PASSED] - selectOptionByLabel(findTestObject(orPath_Landing + "/dd_TaxType"), Taxtype, false): All options with label 'Existing Liability with Notice/Invoice Number' are selected in object 'Object Repository/RAD_Pages/Landing_Page/dd_TaxType' 

2024-11-07 17:43:46 - [MESSAGE][PASSED] - All options with label 'Existing Liability with Notice/Invoice Number' are selected in object 'Object Repository/RAD_Pages/Landing_Page/dd_TaxType' 

2024-11-07 17:43:46 - [TEST_STEP][PASSED] - delay(1): Delayed 1 second(s)

2024-11-07 17:43:47 - [MESSAGE][PASSED] - Delayed 1 second(s)

2024-11-07 17:43:47 - [TEST_STEP][PASSED] - selectOptionByLabel(findTestObject(orPath_TaxTypeFilingYear + "/select_TaxType_ExistingLiability"), TaxTypeEL, false): All options with label 'PTE Tax Electing Non-S Corp' are selected in object 'Object Repository/RAD_Pages/TaxTypeFilingYear_Page/select_TaxType_ExistingLiability' 

2024-11-07 17:43:48 - [MESSAGE][PASSED] - All options with label 'PTE Tax Electing Non-S Corp' are selected in object 'Object Repository/RAD_Pages/TaxTypeFilingYear_Page/select_TaxType_ExistingLiability' 

2024-11-07 17:43:48 - [TEST_STEP][PASSED] - setText(findTestObject(orPath_TaxInfo + "/input_NoticeInvoiceNumber"), notInvNumber): Text '123456789012' is set on object 'Object Repository/RAD_Pages/TaxInfo_Page/input_NoticeInvoiceNumber'

2024-11-07 17:43:49 - [MESSAGE][PASSED] - Text '123456789012' is set on object 'Object Repository/RAD_Pages/TaxInfo_Page/input_NoticeInvoiceNumber'

2024-11-07 17:43:49 - [TEST_STEP][PASSED] - setText(findTestObject(orPath_TaxInfo + "/input_reTypeNoticeInvoiceNumber"), notInvNumber): Text '123456789012' is set on object 'Object Repository/RAD_Pages/TaxInfo_Page/input_reTypeNoticeInvoiceNumber'

2024-11-07 17:43:50 - [MESSAGE][PASSED] - Text '123456789012' is set on object 'Object Repository/RAD_Pages/TaxInfo_Page/input_reTypeNoticeInvoiceNumber'

2024-11-07 17:43:50 - [TEST_STEP][PASSED] - println(notInvNumber): null

2024-11-07 17:43:50 - [TEST_STEP][PASSED] - if (verifyTextPresent(errorMsg, true)): null

2024-11-07 17:43:50 - [MESSAGE][PASSED] - Text 'Notice Number or Invoice Number must be 10, 11, or 13 digits in length, with a value greater than zero' is present on page  using regular expression

2024-11-07 17:43:50 - [TEST_STEP][PASSED] - println("Error Message is present on the page"): null

2024-11-07 17:43:50 - [TEST_STEP][PASSED] - out.println("Pass Record Number: " + row): null

2024-11-07 17:43:50 - [TEST_STEP][PASSED] - resText = "Pass": null

2024-11-07 17:43:50 - [TEST_STEP][PASSED] - pages.WriteExcel.demoKey(resText, datText, resColumn, datCloumn, fileLoc, nameSheet, row): pages.WriteExcel.demoKey is PASSED

2024-11-07 17:43:50 - [MESSAGE][PASSED] - pages.WriteExcel.demoKey is PASSED

2024-11-07 17:43:50 - [TEST_STEP][PASSED] - ExecuteTC = findTestData(dataFile).getValue("Execute", row): null

2024-11-07 17:43:50 - [TEST_STEP][PASSED] - Taxtype = findTestData(dataFile).getValue("TaxType", row): null

2024-11-07 17:43:50 - [TEST_STEP][PASSED] - TaxTypeEL = findTestData(dataFile).getValue("TaxTypeEL", row): null

2024-11-07 17:43:50 - [TEST_STEP][PASSED] - notInvNumber = findTestData(dataFile).getValue("NotiInvoNumber", row): null

2024-11-07 17:43:50 - [TEST_STEP][PASSED] - errorMsg = findTestData(dataFile).getValue("ErrorMessage", row): null

2024-11-07 17:43:50 - [TEST_STEP][PASSED] - out.println("Value of Execute is : " + ExecuteTC): null

2024-11-07 17:43:50 - [TEST_STEP][PASSED] - if (ExecuteTC.equalsIgnoreCase("Y")): null

2024-11-07 17:43:50 - [TEST_STEP][PASSED] - out.println("Begin Record Number: " + row): null

2024-11-07 17:43:50 - [TEST_STEP][PASSED] - today = new java.util.Date(): null

2024-11-07 17:43:50 - [TEST_STEP][PASSED] - println(today): null

2024-11-07 17:43:50 - [TEST_STEP][PASSED] - datText = today: null

2024-11-07 17:43:50 - [TEST_STEP][PASSED] - Taxtype = findTestData(dataFile).getValue("TaxType", row): null

2024-11-07 17:43:50 - [TEST_STEP][PASSED] - out.println("Taxtype value is : " + Taxtype): null

2024-11-07 17:43:50 - [TEST_STEP][PASSED] - openBrowser(""): Browser is opened with url: ''

2024-11-07 17:43:50 - [MESSAGE][WARNING] - A browser is already opened. Closing browser and opening a new one

2024-11-07 17:43:52 - [MESSAGE][INFO] - Starting 'Chrome' driver

2024-11-07 17:43:52 - [MESSAGE][INFO] - User set preference: ['acceptInsecureCerts', 'true']

2024-11-07 17:43:52 - [MESSAGE][INFO] - Action delay is set to 0 milliseconds

2024-11-07 17:43:54 - [MESSAGE][PASSED] - Browser is opened with url: ''

2024-11-07 17:43:54 - [TEST_STEP][PASSED] - maximizeWindow(): Current window maximized

2024-11-07 17:43:54 - [MESSAGE][PASSED] - Current window maximized

2024-11-07 17:43:54 - [TEST_STEP][PASSED] - navigateToUrl(RADurl): Navigate to 'https://www.velocitypayment.com/client/rad/index.html' successfully

2024-11-07 17:43:56 - [MESSAGE][PASSED] - Navigate to 'https://www.velocitypayment.com/client/rad/index.html' successfully

2024-11-07 17:43:56 - [TEST_STEP][PASSED] - orPath_Landing = "Object Repository/RAD_Pages/Landing_Page": null

2024-11-07 17:43:56 - [TEST_STEP][PASSED] - orPath_TaxTypeFilingYear = "Object Repository/RAD_Pages/TaxTypeFilingYear_Page": null

2024-11-07 17:43:56 - [TEST_STEP][PASSED] - orPath_TaxPayer = "Object Repository/RAD_Pages/Taxpayer_Page": null

2024-11-07 17:43:56 - [TEST_STEP][PASSED] - orPath_AddressContact = "Object Repository/RAD_Pages/AddressAndContactInfo_Page": null

2024-11-07 17:43:56 - [TEST_STEP][PASSED] - orPath_FilingStatus = "Object Repository/RAD_Pages/FilingStatus_Page": null

2024-11-07 17:43:56 - [TEST_STEP][PASSED] - orPath_Amount = "Object Repository/RAD_Pages/PaymentAmount_Page": null

2024-11-07 17:43:56 - [TEST_STEP][PASSED] - orPath_TaxInfo = "Object Repository/RAD_Pages/TaxInfo_Page": null

2024-11-07 17:43:56 - [TEST_STEP][PASSED] - orPath_Withholding = "Object Repository/RAD_Pages/Withholding_Page": null

2024-11-07 17:43:56 - [TEST_STEP][PASSED] - orPath_Summary = "Object Repository/RAD_Pages/Summary_Page": null

2024-11-07 17:43:56 - [TEST_STEP][PASSED] - orPath_PaymentReady = "Object Repository/RAD_Pages/PaymentReady_Page": null

2024-11-07 17:43:56 - [TEST_STEP][PASSED] - orPath_PaymentEntry = "Object Repository/RAD_Pages/PaymentEntry_Page": null

2024-11-07 17:43:56 - [TEST_STEP][PASSED] - orPath_PaymentConfirmation = "Object Repository/RAD_Pages/PaymentConfirmation_Page": null

2024-11-07 17:43:56 - [TEST_STEP][PASSED] - orPath_ServiceFeesAccept = "Object Repository/RAD_Pages/ServiceFeeAccept_Page": null

2024-11-07 17:43:56 - [TEST_STEP][PASSED] - selectOptionByLabel(findTestObject(orPath_Landing + "/dd_TaxType"), Taxtype, false): All options with label 'Existing Liability with Notice/Invoice Number' are selected in object 'Object Repository/RAD_Pages/Landing_Page/dd_TaxType' 

2024-11-07 17:43:57 - [MESSAGE][PASSED] - All options with label 'Existing Liability with Notice/Invoice Number' are selected in object 'Object Repository/RAD_Pages/Landing_Page/dd_TaxType' 

2024-11-07 17:43:57 - [TEST_STEP][PASSED] - delay(1): Delayed 1 second(s)

2024-11-07 17:43:58 - [MESSAGE][PASSED] - Delayed 1 second(s)

2024-11-07 17:43:58 - [TEST_STEP][PASSED] - selectOptionByLabel(findTestObject(orPath_TaxTypeFilingYear + "/select_TaxType_ExistingLiability"), TaxTypeEL, false): All options with label 'PTE Tax Electing Non-S Corp' are selected in object 'Object Repository/RAD_Pages/TaxTypeFilingYear_Page/select_TaxType_ExistingLiability' 

2024-11-07 17:43:59 - [MESSAGE][PASSED] - All options with label 'PTE Tax Electing Non-S Corp' are selected in object 'Object Repository/RAD_Pages/TaxTypeFilingYear_Page/select_TaxType_ExistingLiability' 

2024-11-07 17:43:59 - [TEST_STEP][PASSED] - setText(findTestObject(orPath_TaxInfo + "/input_NoticeInvoiceNumber"), notInvNumber): Text '0000000000' is set on object 'Object Repository/RAD_Pages/TaxInfo_Page/input_NoticeInvoiceNumber'

2024-11-07 17:43:59 - [MESSAGE][PASSED] - Text '0000000000' is set on object 'Object Repository/RAD_Pages/TaxInfo_Page/input_NoticeInvoiceNumber'

2024-11-07 17:43:59 - [TEST_STEP][PASSED] - setText(findTestObject(orPath_TaxInfo + "/input_reTypeNoticeInvoiceNumber"), notInvNumber): Text '0000000000' is set on object 'Object Repository/RAD_Pages/TaxInfo_Page/input_reTypeNoticeInvoiceNumber'

2024-11-07 17:44:00 - [MESSAGE][PASSED] - Text '0000000000' is set on object 'Object Repository/RAD_Pages/TaxInfo_Page/input_reTypeNoticeInvoiceNumber'

2024-11-07 17:44:00 - [TEST_STEP][PASSED] - println(notInvNumber): null

2024-11-07 17:44:00 - [TEST_STEP][PASSED] - if (verifyTextPresent(errorMsg, true)): null

2024-11-07 17:44:01 - [MESSAGE][PASSED] - Text 'Notice Number or Invoice Number must be 10, 11, or 13 digits in length, with a value greater than zero' is present on page  using regular expression

2024-11-07 17:44:01 - [TEST_STEP][PASSED] - println("Error Message is present on the page"): null

2024-11-07 17:44:01 - [TEST_STEP][PASSED] - out.println("Pass Record Number: " + row): null

2024-11-07 17:44:01 - [TEST_STEP][PASSED] - resText = "Pass": null

2024-11-07 17:44:01 - [TEST_STEP][PASSED] - pages.WriteExcel.demoKey(resText, datText, resColumn, datCloumn, fileLoc, nameSheet, row): pages.WriteExcel.demoKey is PASSED

2024-11-07 17:44:01 - [MESSAGE][PASSED] - pages.WriteExcel.demoKey is PASSED

2024-11-07 17:44:01 - [TEST_STEP][PASSED] - ExecuteTC = findTestData(dataFile).getValue("Execute", row): null

2024-11-07 17:44:01 - [TEST_STEP][PASSED] - Taxtype = findTestData(dataFile).getValue("TaxType", row): null

2024-11-07 17:44:01 - [TEST_STEP][PASSED] - TaxTypeEL = findTestData(dataFile).getValue("TaxTypeEL", row): null

2024-11-07 17:44:01 - [TEST_STEP][PASSED] - notInvNumber = findTestData(dataFile).getValue("NotiInvoNumber", row): null

2024-11-07 17:44:01 - [TEST_STEP][PASSED] - errorMsg = findTestData(dataFile).getValue("ErrorMessage", row): null

2024-11-07 17:44:01 - [TEST_STEP][PASSED] - out.println("Value of Execute is : " + ExecuteTC): null

2024-11-07 17:44:01 - [TEST_STEP][PASSED] - if (ExecuteTC.equalsIgnoreCase("Y")): null

2024-11-07 17:44:01 - [TEST_STEP][PASSED] - out.println("Begin Record Number: " + row): null

2024-11-07 17:44:01 - [TEST_STEP][PASSED] - today = new java.util.Date(): null

2024-11-07 17:44:01 - [TEST_STEP][PASSED] - println(today): null

2024-11-07 17:44:01 - [TEST_STEP][PASSED] - datText = today: null

2024-11-07 17:44:01 - [TEST_STEP][PASSED] - Taxtype = findTestData(dataFile).getValue("TaxType", row): null

2024-11-07 17:44:01 - [TEST_STEP][PASSED] - out.println("Taxtype value is : " + Taxtype): null

2024-11-07 17:44:01 - [TEST_STEP][PASSED] - openBrowser(""): Browser is opened with url: ''

2024-11-07 17:44:01 - [MESSAGE][WARNING] - A browser is already opened. Closing browser and opening a new one

2024-11-07 17:44:03 - [MESSAGE][INFO] - Starting 'Chrome' driver

2024-11-07 17:44:03 - [MESSAGE][INFO] - User set preference: ['acceptInsecureCerts', 'true']

2024-11-07 17:44:03 - [MESSAGE][INFO] - Action delay is set to 0 milliseconds

2024-11-07 17:44:05 - [MESSAGE][PASSED] - Browser is opened with url: ''

2024-11-07 17:44:05 - [TEST_STEP][PASSED] - maximizeWindow(): Current window maximized

2024-11-07 17:44:05 - [MESSAGE][PASSED] - Current window maximized

2024-11-07 17:44:05 - [TEST_STEP][PASSED] - navigateToUrl(RADurl): Navigate to 'https://www.velocitypayment.com/client/rad/index.html' successfully

2024-11-07 17:44:05 - [MESSAGE][PASSED] - Navigate to 'https://www.velocitypayment.com/client/rad/index.html' successfully

2024-11-07 17:44:05 - [TEST_STEP][PASSED] - orPath_Landing = "Object Repository/RAD_Pages/Landing_Page": null

2024-11-07 17:44:05 - [TEST_STEP][PASSED] - orPath_TaxTypeFilingYear = "Object Repository/RAD_Pages/TaxTypeFilingYear_Page": null

2024-11-07 17:44:05 - [TEST_STEP][PASSED] - orPath_TaxPayer = "Object Repository/RAD_Pages/Taxpayer_Page": null

2024-11-07 17:44:05 - [TEST_STEP][PASSED] - orPath_AddressContact = "Object Repository/RAD_Pages/AddressAndContactInfo_Page": null

2024-11-07 17:44:05 - [TEST_STEP][PASSED] - orPath_FilingStatus = "Object Repository/RAD_Pages/FilingStatus_Page": null

2024-11-07 17:44:05 - [TEST_STEP][PASSED] - orPath_Amount = "Object Repository/RAD_Pages/PaymentAmount_Page": null

2024-11-07 17:44:05 - [TEST_STEP][PASSED] - orPath_TaxInfo = "Object Repository/RAD_Pages/TaxInfo_Page": null

2024-11-07 17:44:05 - [TEST_STEP][PASSED] - orPath_Withholding = "Object Repository/RAD_Pages/Withholding_Page": null

2024-11-07 17:44:05 - [TEST_STEP][PASSED] - orPath_Summary = "Object Repository/RAD_Pages/Summary_Page": null

2024-11-07 17:44:05 - [TEST_STEP][PASSED] - orPath_PaymentReady = "Object Repository/RAD_Pages/PaymentReady_Page": null

2024-11-07 17:44:05 - [TEST_STEP][PASSED] - orPath_PaymentEntry = "Object Repository/RAD_Pages/PaymentEntry_Page": null

2024-11-07 17:44:05 - [TEST_STEP][PASSED] - orPath_PaymentConfirmation = "Object Repository/RAD_Pages/PaymentConfirmation_Page": null

2024-11-07 17:44:05 - [TEST_STEP][PASSED] - orPath_ServiceFeesAccept = "Object Repository/RAD_Pages/ServiceFeeAccept_Page": null

2024-11-07 17:44:05 - [TEST_STEP][PASSED] - selectOptionByLabel(findTestObject(orPath_Landing + "/dd_TaxType"), Taxtype, false): All options with label 'Existing Liability with Notice/Invoice Number' are selected in object 'Object Repository/RAD_Pages/Landing_Page/dd_TaxType' 

2024-11-07 17:44:07 - [MESSAGE][PASSED] - All options with label 'Existing Liability with Notice/Invoice Number' are selected in object 'Object Repository/RAD_Pages/Landing_Page/dd_TaxType' 

2024-11-07 17:44:07 - [TEST_STEP][PASSED] - delay(1): Delayed 1 second(s)

2024-11-07 17:44:08 - [MESSAGE][PASSED] - Delayed 1 second(s)

2024-11-07 17:44:08 - [TEST_STEP][PASSED] - selectOptionByLabel(findTestObject(orPath_TaxTypeFilingYear + "/select_TaxType_ExistingLiability"), TaxTypeEL, false): All options with label 'PTE Tax Electing S Corp' are selected in object 'Object Repository/RAD_Pages/TaxTypeFilingYear_Page/select_TaxType_ExistingLiability' 

2024-11-07 17:44:09 - [MESSAGE][PASSED] - All options with label 'PTE Tax Electing S Corp' are selected in object 'Object Repository/RAD_Pages/TaxTypeFilingYear_Page/select_TaxType_ExistingLiability' 

2024-11-07 17:44:09 - [TEST_STEP][PASSED] - setText(findTestObject(orPath_TaxInfo + "/input_NoticeInvoiceNumber"), notInvNumber): Text '123456789' is set on object 'Object Repository/RAD_Pages/TaxInfo_Page/input_NoticeInvoiceNumber'

2024-11-07 17:44:10 - [MESSAGE][PASSED] - Text '123456789' is set on object 'Object Repository/RAD_Pages/TaxInfo_Page/input_NoticeInvoiceNumber'

2024-11-07 17:44:10 - [TEST_STEP][PASSED] - setText(findTestObject(orPath_TaxInfo + "/input_reTypeNoticeInvoiceNumber"), notInvNumber): Text '123456789' is set on object 'Object Repository/RAD_Pages/TaxInfo_Page/input_reTypeNoticeInvoiceNumber'

2024-11-07 17:44:11 - [MESSAGE][PASSED] - Text '123456789' is set on object 'Object Repository/RAD_Pages/TaxInfo_Page/input_reTypeNoticeInvoiceNumber'

2024-11-07 17:44:11 - [TEST_STEP][PASSED] - println(notInvNumber): null

2024-11-07 17:44:11 - [TEST_STEP][PASSED] - if (verifyTextPresent(errorMsg, true)): null

2024-11-07 17:44:11 - [MESSAGE][PASSED] - Text 'Notice Number or Invoice Number must be 10, 11, or 13 digits in length, with a value greater than zero' is present on page  using regular expression

2024-11-07 17:44:11 - [TEST_STEP][PASSED] - println("Error Message is present on the page"): null

2024-11-07 17:44:11 - [TEST_STEP][PASSED] - out.println("Pass Record Number: " + row): null

2024-11-07 17:44:11 - [TEST_STEP][PASSED] - resText = "Pass": null

2024-11-07 17:44:11 - [TEST_STEP][PASSED] - pages.WriteExcel.demoKey(resText, datText, resColumn, datCloumn, fileLoc, nameSheet, row): pages.WriteExcel.demoKey is PASSED

2024-11-07 17:44:11 - [MESSAGE][PASSED] - pages.WriteExcel.demoKey is PASSED

2024-11-07 17:44:11 - [TEST_STEP][PASSED] - ExecuteTC = findTestData(dataFile).getValue("Execute", row): null

2024-11-07 17:44:11 - [TEST_STEP][PASSED] - Taxtype = findTestData(dataFile).getValue("TaxType", row): null

2024-11-07 17:44:11 - [TEST_STEP][PASSED] - TaxTypeEL = findTestData(dataFile).getValue("TaxTypeEL", row): null

2024-11-07 17:44:11 - [TEST_STEP][PASSED] - notInvNumber = findTestData(dataFile).getValue("NotiInvoNumber", row): null

2024-11-07 17:44:11 - [TEST_STEP][PASSED] - errorMsg = findTestData(dataFile).getValue("ErrorMessage", row): null

2024-11-07 17:44:11 - [TEST_STEP][PASSED] - out.println("Value of Execute is : " + ExecuteTC): null

2024-11-07 17:44:11 - [TEST_STEP][PASSED] - if (ExecuteTC.equalsIgnoreCase("Y")): null

2024-11-07 17:44:11 - [TEST_STEP][PASSED] - out.println("Begin Record Number: " + row): null

2024-11-07 17:44:11 - [TEST_STEP][PASSED] - today = new java.util.Date(): null

2024-11-07 17:44:11 - [TEST_STEP][PASSED] - println(today): null

2024-11-07 17:44:11 - [TEST_STEP][PASSED] - datText = today: null

2024-11-07 17:44:11 - [TEST_STEP][PASSED] - Taxtype = findTestData(dataFile).getValue("TaxType", row): null

2024-11-07 17:44:11 - [TEST_STEP][PASSED] - out.println("Taxtype value is : " + Taxtype): null

2024-11-07 17:44:11 - [TEST_STEP][PASSED] - openBrowser(""): Browser is opened with url: ''

2024-11-07 17:44:11 - [MESSAGE][WARNING] - A browser is already opened. Closing browser and opening a new one

2024-11-07 17:44:13 - [MESSAGE][INFO] - Starting 'Chrome' driver

2024-11-07 17:44:13 - [MESSAGE][INFO] - User set preference: ['acceptInsecureCerts', 'true']

2024-11-07 17:44:13 - [MESSAGE][INFO] - Action delay is set to 0 milliseconds

2024-11-07 17:44:15 - [MESSAGE][PASSED] - Browser is opened with url: ''

2024-11-07 17:44:15 - [TEST_STEP][PASSED] - maximizeWindow(): Current window maximized

2024-11-07 17:44:15 - [MESSAGE][PASSED] - Current window maximized

2024-11-07 17:44:15 - [TEST_STEP][PASSED] - navigateToUrl(RADurl): Navigate to 'https://www.velocitypayment.com/client/rad/index.html' successfully

2024-11-07 17:44:18 - [MESSAGE][PASSED] - Navigate to 'https://www.velocitypayment.com/client/rad/index.html' successfully

2024-11-07 17:44:18 - [TEST_STEP][PASSED] - orPath_Landing = "Object Repository/RAD_Pages/Landing_Page": null

2024-11-07 17:44:18 - [TEST_STEP][PASSED] - orPath_TaxTypeFilingYear = "Object Repository/RAD_Pages/TaxTypeFilingYear_Page": null

2024-11-07 17:44:18 - [TEST_STEP][PASSED] - orPath_TaxPayer = "Object Repository/RAD_Pages/Taxpayer_Page": null

2024-11-07 17:44:18 - [TEST_STEP][PASSED] - orPath_AddressContact = "Object Repository/RAD_Pages/AddressAndContactInfo_Page": null

2024-11-07 17:44:18 - [TEST_STEP][PASSED] - orPath_FilingStatus = "Object Repository/RAD_Pages/FilingStatus_Page": null

2024-11-07 17:44:18 - [TEST_STEP][PASSED] - orPath_Amount = "Object Repository/RAD_Pages/PaymentAmount_Page": null

2024-11-07 17:44:18 - [TEST_STEP][PASSED] - orPath_TaxInfo = "Object Repository/RAD_Pages/TaxInfo_Page": null

2024-11-07 17:44:18 - [TEST_STEP][PASSED] - orPath_Withholding = "Object Repository/RAD_Pages/Withholding_Page": null

2024-11-07 17:44:18 - [TEST_STEP][PASSED] - orPath_Summary = "Object Repository/RAD_Pages/Summary_Page": null

2024-11-07 17:44:18 - [TEST_STEP][PASSED] - orPath_PaymentReady = "Object Repository/RAD_Pages/PaymentReady_Page": null

2024-11-07 17:44:18 - [TEST_STEP][PASSED] - orPath_PaymentEntry = "Object Repository/RAD_Pages/PaymentEntry_Page": null

2024-11-07 17:44:18 - [TEST_STEP][PASSED] - orPath_PaymentConfirmation = "Object Repository/RAD_Pages/PaymentConfirmation_Page": null

2024-11-07 17:44:18 - [TEST_STEP][PASSED] - orPath_ServiceFeesAccept = "Object Repository/RAD_Pages/ServiceFeeAccept_Page": null

2024-11-07 17:44:18 - [TEST_STEP][PASSED] - selectOptionByLabel(findTestObject(orPath_Landing + "/dd_TaxType"), Taxtype, false): All options with label 'Existing Liability with Notice/Invoice Number' are selected in object 'Object Repository/RAD_Pages/Landing_Page/dd_TaxType' 

2024-11-07 17:44:19 - [MESSAGE][PASSED] - All options with label 'Existing Liability with Notice/Invoice Number' are selected in object 'Object Repository/RAD_Pages/Landing_Page/dd_TaxType' 

2024-11-07 17:44:19 - [TEST_STEP][PASSED] - delay(1): Delayed 1 second(s)

2024-11-07 17:44:20 - [MESSAGE][PASSED] - Delayed 1 second(s)

2024-11-07 17:44:20 - [TEST_STEP][PASSED] - selectOptionByLabel(findTestObject(orPath_TaxTypeFilingYear + "/select_TaxType_ExistingLiability"), TaxTypeEL, false): All options with label 'PTE Tax Electing S Corp' are selected in object 'Object Repository/RAD_Pages/TaxTypeFilingYear_Page/select_TaxType_ExistingLiability' 

2024-11-07 17:44:21 - [MESSAGE][PASSED] - All options with label 'PTE Tax Electing S Corp' are selected in object 'Object Repository/RAD_Pages/TaxTypeFilingYear_Page/select_TaxType_ExistingLiability' 

2024-11-07 17:44:21 - [TEST_STEP][PASSED] - setText(findTestObject(orPath_TaxInfo + "/input_NoticeInvoiceNumber"), notInvNumber): Text '123456789012' is set on object 'Object Repository/RAD_Pages/TaxInfo_Page/input_NoticeInvoiceNumber'

2024-11-07 17:44:22 - [MESSAGE][PASSED] - Text '123456789012' is set on object 'Object Repository/RAD_Pages/TaxInfo_Page/input_NoticeInvoiceNumber'

2024-11-07 17:44:22 - [TEST_STEP][PASSED] - setText(findTestObject(orPath_TaxInfo + "/input_reTypeNoticeInvoiceNumber"), notInvNumber): Text '123456789012' is set on object 'Object Repository/RAD_Pages/TaxInfo_Page/input_reTypeNoticeInvoiceNumber'

2024-11-07 17:44:22 - [MESSAGE][PASSED] - Text '123456789012' is set on object 'Object Repository/RAD_Pages/TaxInfo_Page/input_reTypeNoticeInvoiceNumber'

2024-11-07 17:44:22 - [TEST_STEP][PASSED] - println(notInvNumber): null

2024-11-07 17:44:22 - [TEST_STEP][PASSED] - if (verifyTextPresent(errorMsg, true)): null

2024-11-07 17:44:23 - [MESSAGE][PASSED] - Text 'Notice Number or Invoice Number must be 10, 11, or 13 digits in length, with a value greater than zero' is present on page  using regular expression

2024-11-07 17:44:23 - [TEST_STEP][PASSED] - println("Error Message is present on the page"): null

2024-11-07 17:44:23 - [TEST_STEP][PASSED] - out.println("Pass Record Number: " + row): null

2024-11-07 17:44:23 - [TEST_STEP][PASSED] - resText = "Pass": null

2024-11-07 17:44:23 - [TEST_STEP][PASSED] - pages.WriteExcel.demoKey(resText, datText, resColumn, datCloumn, fileLoc, nameSheet, row): pages.WriteExcel.demoKey is PASSED

2024-11-07 17:44:23 - [MESSAGE][PASSED] - pages.WriteExcel.demoKey is PASSED

2024-11-07 17:44:23 - [TEST_STEP][PASSED] - ExecuteTC = findTestData(dataFile).getValue("Execute", row): null

2024-11-07 17:44:23 - [TEST_STEP][PASSED] - Taxtype = findTestData(dataFile).getValue("TaxType", row): null

2024-11-07 17:44:23 - [TEST_STEP][PASSED] - TaxTypeEL = findTestData(dataFile).getValue("TaxTypeEL", row): null

2024-11-07 17:44:23 - [TEST_STEP][PASSED] - notInvNumber = findTestData(dataFile).getValue("NotiInvoNumber", row): null

2024-11-07 17:44:23 - [TEST_STEP][PASSED] - errorMsg = findTestData(dataFile).getValue("ErrorMessage", row): null

2024-11-07 17:44:23 - [TEST_STEP][PASSED] - out.println("Value of Execute is : " + ExecuteTC): null

2024-11-07 17:44:23 - [TEST_STEP][PASSED] - if (ExecuteTC.equalsIgnoreCase("Y")): null

2024-11-07 17:44:23 - [TEST_STEP][PASSED] - out.println("Begin Record Number: " + row): null

2024-11-07 17:44:23 - [TEST_STEP][PASSED] - today = new java.util.Date(): null

2024-11-07 17:44:23 - [TEST_STEP][PASSED] - println(today): null

2024-11-07 17:44:23 - [TEST_STEP][PASSED] - datText = today: null

2024-11-07 17:44:23 - [TEST_STEP][PASSED] - Taxtype = findTestData(dataFile).getValue("TaxType", row): null

2024-11-07 17:44:23 - [TEST_STEP][PASSED] - out.println("Taxtype value is : " + Taxtype): null

2024-11-07 17:44:23 - [TEST_STEP][PASSED] - openBrowser(""): Browser is opened with url: ''

2024-11-07 17:44:23 - [MESSAGE][WARNING] - A browser is already opened. Closing browser and opening a new one

2024-11-07 17:44:25 - [MESSAGE][INFO] - Starting 'Chrome' driver

2024-11-07 17:44:25 - [MESSAGE][INFO] - User set preference: ['acceptInsecureCerts', 'true']

2024-11-07 17:44:25 - [MESSAGE][INFO] - Action delay is set to 0 milliseconds

2024-11-07 17:44:26 - [MESSAGE][PASSED] - Browser is opened with url: ''

2024-11-07 17:44:26 - [TEST_STEP][PASSED] - maximizeWindow(): Current window maximized

2024-11-07 17:44:26 - [MESSAGE][PASSED] - Current window maximized

2024-11-07 17:44:26 - [TEST_STEP][PASSED] - navigateToUrl(RADurl): Navigate to 'https://www.velocitypayment.com/client/rad/index.html' successfully

2024-11-07 17:44:28 - [MESSAGE][PASSED] - Navigate to 'https://www.velocitypayment.com/client/rad/index.html' successfully

2024-11-07 17:44:28 - [TEST_STEP][PASSED] - orPath_Landing = "Object Repository/RAD_Pages/Landing_Page": null

2024-11-07 17:44:28 - [TEST_STEP][PASSED] - orPath_TaxTypeFilingYear = "Object Repository/RAD_Pages/TaxTypeFilingYear_Page": null

2024-11-07 17:44:28 - [TEST_STEP][PASSED] - orPath_TaxPayer = "Object Repository/RAD_Pages/Taxpayer_Page": null

2024-11-07 17:44:28 - [TEST_STEP][PASSED] - orPath_AddressContact = "Object Repository/RAD_Pages/AddressAndContactInfo_Page": null

2024-11-07 17:44:28 - [TEST_STEP][PASSED] - orPath_FilingStatus = "Object Repository/RAD_Pages/FilingStatus_Page": null

2024-11-07 17:44:28 - [TEST_STEP][PASSED] - orPath_Amount = "Object Repository/RAD_Pages/PaymentAmount_Page": null

2024-11-07 17:44:28 - [TEST_STEP][PASSED] - orPath_TaxInfo = "Object Repository/RAD_Pages/TaxInfo_Page": null

2024-11-07 17:44:28 - [TEST_STEP][PASSED] - orPath_Withholding = "Object Repository/RAD_Pages/Withholding_Page": null

2024-11-07 17:44:28 - [TEST_STEP][PASSED] - orPath_Summary = "Object Repository/RAD_Pages/Summary_Page": null

2024-11-07 17:44:28 - [TEST_STEP][PASSED] - orPath_PaymentReady = "Object Repository/RAD_Pages/PaymentReady_Page": null

2024-11-07 17:44:28 - [TEST_STEP][PASSED] - orPath_PaymentEntry = "Object Repository/RAD_Pages/PaymentEntry_Page": null

2024-11-07 17:44:28 - [TEST_STEP][PASSED] - orPath_PaymentConfirmation = "Object Repository/RAD_Pages/PaymentConfirmation_Page": null

2024-11-07 17:44:28 - [TEST_STEP][PASSED] - orPath_ServiceFeesAccept = "Object Repository/RAD_Pages/ServiceFeeAccept_Page": null

2024-11-07 17:44:28 - [TEST_STEP][PASSED] - selectOptionByLabel(findTestObject(orPath_Landing + "/dd_TaxType"), Taxtype, false): All options with label 'Existing Liability with Notice/Invoice Number' are selected in object 'Object Repository/RAD_Pages/Landing_Page/dd_TaxType' 

2024-11-07 17:44:29 - [MESSAGE][PASSED] - All options with label 'Existing Liability with Notice/Invoice Number' are selected in object 'Object Repository/RAD_Pages/Landing_Page/dd_TaxType' 

2024-11-07 17:44:29 - [TEST_STEP][PASSED] - delay(1): Delayed 1 second(s)

2024-11-07 17:44:30 - [MESSAGE][PASSED] - Delayed 1 second(s)

2024-11-07 17:44:30 - [TEST_STEP][PASSED] - selectOptionByLabel(findTestObject(orPath_TaxTypeFilingYear + "/select_TaxType_ExistingLiability"), TaxTypeEL, false): All options with label 'PTE Tax Electing S Corp' are selected in object 'Object Repository/RAD_Pages/TaxTypeFilingYear_Page/select_TaxType_ExistingLiability' 

2024-11-07 17:44:31 - [MESSAGE][PASSED] - All options with label 'PTE Tax Electing S Corp' are selected in object 'Object Repository/RAD_Pages/TaxTypeFilingYear_Page/select_TaxType_ExistingLiability' 

2024-11-07 17:44:31 - [TEST_STEP][PASSED] - setText(findTestObject(orPath_TaxInfo + "/input_NoticeInvoiceNumber"), notInvNumber): Text '0000000000' is set on object 'Object Repository/RAD_Pages/TaxInfo_Page/input_NoticeInvoiceNumber'

2024-11-07 17:44:31 - [MESSAGE][PASSED] - Text '0000000000' is set on object 'Object Repository/RAD_Pages/TaxInfo_Page/input_NoticeInvoiceNumber'

2024-11-07 17:44:31 - [TEST_STEP][PASSED] - setText(findTestObject(orPath_TaxInfo + "/input_reTypeNoticeInvoiceNumber"), notInvNumber): Text '0000000000' is set on object 'Object Repository/RAD_Pages/TaxInfo_Page/input_reTypeNoticeInvoiceNumber'

2024-11-07 17:44:32 - [MESSAGE][PASSED] - Text '0000000000' is set on object 'Object Repository/RAD_Pages/TaxInfo_Page/input_reTypeNoticeInvoiceNumber'

2024-11-07 17:44:32 - [TEST_STEP][PASSED] - println(notInvNumber): null

2024-11-07 17:44:32 - [TEST_STEP][PASSED] - if (verifyTextPresent(errorMsg, true)): null

2024-11-07 17:44:33 - [MESSAGE][PASSED] - Text 'Notice Number or Invoice Number must be 10, 11, or 13 digits in length, with a value greater than zero' is present on page  using regular expression

2024-11-07 17:44:33 - [TEST_STEP][PASSED] - println("Error Message is present on the page"): null

2024-11-07 17:44:33 - [TEST_STEP][PASSED] - out.println("Pass Record Number: " + row): null

2024-11-07 17:44:33 - [TEST_STEP][PASSED] - resText = "Pass": null

2024-11-07 17:44:33 - [TEST_STEP][PASSED] - pages.WriteExcel.demoKey(resText, datText, resColumn, datCloumn, fileLoc, nameSheet, row): pages.WriteExcel.demoKey is PASSED

2024-11-07 17:44:33 - [MESSAGE][PASSED] - pages.WriteExcel.demoKey is PASSED

2024-11-07 17:44:33 - [TEST_STEP][PASSED] - ExecuteTC = findTestData(dataFile).getValue("Execute", row): null

2024-11-07 17:44:33 - [TEST_STEP][PASSED] - Taxtype = findTestData(dataFile).getValue("TaxType", row): null

2024-11-07 17:44:33 - [TEST_STEP][PASSED] - TaxTypeEL = findTestData(dataFile).getValue("TaxTypeEL", row): null

2024-11-07 17:44:33 - [TEST_STEP][PASSED] - notInvNumber = findTestData(dataFile).getValue("NotiInvoNumber", row): null

2024-11-07 17:44:33 - [TEST_STEP][PASSED] - errorMsg = findTestData(dataFile).getValue("ErrorMessage", row): null

2024-11-07 17:44:33 - [TEST_STEP][PASSED] - out.println("Value of Execute is : " + ExecuteTC): null

2024-11-07 17:44:33 - [TEST_STEP][PASSED] - if (ExecuteTC.equalsIgnoreCase("Y")): null

2024-11-07 17:44:33 - [TEST_STEP][PASSED] - out.println("Begin Record Number: " + row): null

2024-11-07 17:44:33 - [TEST_STEP][PASSED] - today = new java.util.Date(): null

2024-11-07 17:44:33 - [TEST_STEP][PASSED] - println(today): null

2024-11-07 17:44:33 - [TEST_STEP][PASSED] - datText = today: null

2024-11-07 17:44:33 - [TEST_STEP][PASSED] - Taxtype = findTestData(dataFile).getValue("TaxType", row): null

2024-11-07 17:44:33 - [TEST_STEP][PASSED] - out.println("Taxtype value is : " + Taxtype): null

2024-11-07 17:44:33 - [TEST_STEP][PASSED] - openBrowser(""): Browser is opened with url: ''

2024-11-07 17:44:33 - [MESSAGE][WARNING] - A browser is already opened. Closing browser and opening a new one

2024-11-07 17:44:35 - [MESSAGE][INFO] - Starting 'Chrome' driver

2024-11-07 17:44:35 - [MESSAGE][INFO] - User set preference: ['acceptInsecureCerts', 'true']

2024-11-07 17:44:35 - [MESSAGE][INFO] - Action delay is set to 0 milliseconds

2024-11-07 17:44:36 - [MESSAGE][PASSED] - Browser is opened with url: ''

2024-11-07 17:44:36 - [TEST_STEP][PASSED] - maximizeWindow(): Current window maximized

2024-11-07 17:44:36 - [MESSAGE][PASSED] - Current window maximized

2024-11-07 17:44:36 - [TEST_STEP][PASSED] - navigateToUrl(RADurl): Navigate to 'https://www.velocitypayment.com/client/rad/index.html' successfully

2024-11-07 17:44:38 - [MESSAGE][PASSED] - Navigate to 'https://www.velocitypayment.com/client/rad/index.html' successfully

2024-11-07 17:44:38 - [TEST_STEP][PASSED] - orPath_Landing = "Object Repository/RAD_Pages/Landing_Page": null

2024-11-07 17:44:38 - [TEST_STEP][PASSED] - orPath_TaxTypeFilingYear = "Object Repository/RAD_Pages/TaxTypeFilingYear_Page": null

2024-11-07 17:44:38 - [TEST_STEP][PASSED] - orPath_TaxPayer = "Object Repository/RAD_Pages/Taxpayer_Page": null

2024-11-07 17:44:38 - [TEST_STEP][PASSED] - orPath_AddressContact = "Object Repository/RAD_Pages/AddressAndContactInfo_Page": null

2024-11-07 17:44:38 - [TEST_STEP][PASSED] - orPath_FilingStatus = "Object Repository/RAD_Pages/FilingStatus_Page": null

2024-11-07 17:44:38 - [TEST_STEP][PASSED] - orPath_Amount = "Object Repository/RAD_Pages/PaymentAmount_Page": null

2024-11-07 17:44:38 - [TEST_STEP][PASSED] - orPath_TaxInfo = "Object Repository/RAD_Pages/TaxInfo_Page": null

2024-11-07 17:44:38 - [TEST_STEP][PASSED] - orPath_Withholding = "Object Repository/RAD_Pages/Withholding_Page": null

2024-11-07 17:44:38 - [TEST_STEP][PASSED] - orPath_Summary = "Object Repository/RAD_Pages/Summary_Page": null

2024-11-07 17:44:38 - [TEST_STEP][PASSED] - orPath_PaymentReady = "Object Repository/RAD_Pages/PaymentReady_Page": null

2024-11-07 17:44:38 - [TEST_STEP][PASSED] - orPath_PaymentEntry = "Object Repository/RAD_Pages/PaymentEntry_Page": null

2024-11-07 17:44:38 - [TEST_STEP][PASSED] - orPath_PaymentConfirmation = "Object Repository/RAD_Pages/PaymentConfirmation_Page": null

2024-11-07 17:44:38 - [TEST_STEP][PASSED] - orPath_ServiceFeesAccept = "Object Repository/RAD_Pages/ServiceFeeAccept_Page": null

2024-11-07 17:44:38 - [TEST_STEP][PASSED] - selectOptionByLabel(findTestObject(orPath_Landing + "/dd_TaxType"), Taxtype, false): All options with label 'Existing Liability with Notice/Invoice Number' are selected in object 'Object Repository/RAD_Pages/Landing_Page/dd_TaxType' 

2024-11-07 17:44:39 - [MESSAGE][PASSED] - All options with label 'Existing Liability with Notice/Invoice Number' are selected in object 'Object Repository/RAD_Pages/Landing_Page/dd_TaxType' 

2024-11-07 17:44:39 - [TEST_STEP][PASSED] - delay(1): Delayed 1 second(s)

2024-11-07 17:44:40 - [MESSAGE][PASSED] - Delayed 1 second(s)

2024-11-07 17:44:40 - [TEST_STEP][PASSED] - selectOptionByLabel(findTestObject(orPath_TaxTypeFilingYear + "/select_TaxType_ExistingLiability"), TaxTypeEL, false): All options with label 'Admissions and Amusement Tax' are selected in object 'Object Repository/RAD_Pages/TaxTypeFilingYear_Page/select_TaxType_ExistingLiability' 

2024-11-07 17:44:41 - [MESSAGE][PASSED] - All options with label 'Admissions and Amusement Tax' are selected in object 'Object Repository/RAD_Pages/TaxTypeFilingYear_Page/select_TaxType_ExistingLiability' 

2024-11-07 17:44:41 - [TEST_STEP][PASSED] - setText(findTestObject(orPath_TaxInfo + "/input_NoticeInvoiceNumber"), notInvNumber): Text '123456789' is set on object 'Object Repository/RAD_Pages/TaxInfo_Page/input_NoticeInvoiceNumber'

2024-11-07 17:44:41 - [MESSAGE][PASSED] - Text '123456789' is set on object 'Object Repository/RAD_Pages/TaxInfo_Page/input_NoticeInvoiceNumber'

2024-11-07 17:44:41 - [TEST_STEP][PASSED] - setText(findTestObject(orPath_TaxInfo + "/input_reTypeNoticeInvoiceNumber"), notInvNumber): Text '123456789' is set on object 'Object Repository/RAD_Pages/TaxInfo_Page/input_reTypeNoticeInvoiceNumber'

2024-11-07 17:44:42 - [MESSAGE][PASSED] - Text '123456789' is set on object 'Object Repository/RAD_Pages/TaxInfo_Page/input_reTypeNoticeInvoiceNumber'

2024-11-07 17:44:42 - [TEST_STEP][PASSED] - println(notInvNumber): null

2024-11-07 17:44:42 - [TEST_STEP][PASSED] - if (verifyTextPresent(errorMsg, true)): null

2024-11-07 17:44:43 - [MESSAGE][PASSED] - Text 'Notice Number or Invoice Number must be 10, 11, or 13 digits in length, with a value greater than zero' is present on page  using regular expression

2024-11-07 17:44:43 - [TEST_STEP][PASSED] - println("Error Message is present on the page"): null

2024-11-07 17:44:43 - [TEST_STEP][PASSED] - out.println("Pass Record Number: " + row): null

2024-11-07 17:44:43 - [TEST_STEP][PASSED] - resText = "Pass": null

2024-11-07 17:44:43 - [TEST_STEP][PASSED] - pages.WriteExcel.demoKey(resText, datText, resColumn, datCloumn, fileLoc, nameSheet, row): pages.WriteExcel.demoKey is PASSED

2024-11-07 17:44:43 - [MESSAGE][PASSED] - pages.WriteExcel.demoKey is PASSED

2024-11-07 17:44:43 - [TEST_STEP][PASSED] - ExecuteTC = findTestData(dataFile).getValue("Execute", row): null

2024-11-07 17:44:43 - [TEST_STEP][PASSED] - Taxtype = findTestData(dataFile).getValue("TaxType", row): null

2024-11-07 17:44:43 - [TEST_STEP][PASSED] - TaxTypeEL = findTestData(dataFile).getValue("TaxTypeEL", row): null

2024-11-07 17:44:43 - [TEST_STEP][PASSED] - notInvNumber = findTestData(dataFile).getValue("NotiInvoNumber", row): null

2024-11-07 17:44:43 - [TEST_STEP][PASSED] - errorMsg = findTestData(dataFile).getValue("ErrorMessage", row): null

2024-11-07 17:44:43 - [TEST_STEP][PASSED] - out.println("Value of Execute is : " + ExecuteTC): null

2024-11-07 17:44:43 - [TEST_STEP][PASSED] - if (ExecuteTC.equalsIgnoreCase("Y")): null

2024-11-07 17:44:43 - [TEST_STEP][PASSED] - out.println("Begin Record Number: " + row): null

2024-11-07 17:44:43 - [TEST_STEP][PASSED] - today = new java.util.Date(): null

2024-11-07 17:44:43 - [TEST_STEP][PASSED] - println(today): null

2024-11-07 17:44:43 - [TEST_STEP][PASSED] - datText = today: null

2024-11-07 17:44:43 - [TEST_STEP][PASSED] - Taxtype = findTestData(dataFile).getValue("TaxType", row): null

2024-11-07 17:44:43 - [TEST_STEP][PASSED] - out.println("Taxtype value is : " + Taxtype): null

2024-11-07 17:44:43 - [TEST_STEP][PASSED] - openBrowser(""): Browser is opened with url: ''

2024-11-07 17:44:43 - [MESSAGE][WARNING] - A browser is already opened. Closing browser and opening a new one

2024-11-07 17:44:45 - [MESSAGE][INFO] - Starting 'Chrome' driver

2024-11-07 17:44:45 - [MESSAGE][INFO] - User set preference: ['acceptInsecureCerts', 'true']

2024-11-07 17:44:45 - [MESSAGE][INFO] - Action delay is set to 0 milliseconds

2024-11-07 17:44:47 - [MESSAGE][PASSED] - Browser is opened with url: ''

2024-11-07 17:44:47 - [TEST_STEP][PASSED] - maximizeWindow(): Current window maximized

2024-11-07 17:44:47 - [MESSAGE][PASSED] - Current window maximized

2024-11-07 17:44:47 - [TEST_STEP][PASSED] - navigateToUrl(RADurl): Navigate to 'https://www.velocitypayment.com/client/rad/index.html' successfully

2024-11-07 17:44:49 - [MESSAGE][PASSED] - Navigate to 'https://www.velocitypayment.com/client/rad/index.html' successfully

2024-11-07 17:44:49 - [TEST_STEP][PASSED] - orPath_Landing = "Object Repository/RAD_Pages/Landing_Page": null

2024-11-07 17:44:49 - [TEST_STEP][PASSED] - orPath_TaxTypeFilingYear = "Object Repository/RAD_Pages/TaxTypeFilingYear_Page": null

2024-11-07 17:44:49 - [TEST_STEP][PASSED] - orPath_TaxPayer = "Object Repository/RAD_Pages/Taxpayer_Page": null

2024-11-07 17:44:49 - [TEST_STEP][PASSED] - orPath_AddressContact = "Object Repository/RAD_Pages/AddressAndContactInfo_Page": null

2024-11-07 17:44:49 - [TEST_STEP][PASSED] - orPath_FilingStatus = "Object Repository/RAD_Pages/FilingStatus_Page": null

2024-11-07 17:44:49 - [TEST_STEP][PASSED] - orPath_Amount = "Object Repository/RAD_Pages/PaymentAmount_Page": null

2024-11-07 17:44:49 - [TEST_STEP][PASSED] - orPath_TaxInfo = "Object Repository/RAD_Pages/TaxInfo_Page": null

2024-11-07 17:44:49 - [TEST_STEP][PASSED] - orPath_Withholding = "Object Repository/RAD_Pages/Withholding_Page": null

2024-11-07 17:44:49 - [TEST_STEP][PASSED] - orPath_Summary = "Object Repository/RAD_Pages/Summary_Page": null

2024-11-07 17:44:49 - [TEST_STEP][PASSED] - orPath_PaymentReady = "Object Repository/RAD_Pages/PaymentReady_Page": null

2024-11-07 17:44:49 - [TEST_STEP][PASSED] - orPath_PaymentEntry = "Object Repository/RAD_Pages/PaymentEntry_Page": null

2024-11-07 17:44:49 - [TEST_STEP][PASSED] - orPath_PaymentConfirmation = "Object Repository/RAD_Pages/PaymentConfirmation_Page": null

2024-11-07 17:44:49 - [TEST_STEP][PASSED] - orPath_ServiceFeesAccept = "Object Repository/RAD_Pages/ServiceFeeAccept_Page": null

2024-11-07 17:44:49 - [TEST_STEP][PASSED] - selectOptionByLabel(findTestObject(orPath_Landing + "/dd_TaxType"), Taxtype, false): All options with label 'Existing Liability with Notice/Invoice Number' are selected in object 'Object Repository/RAD_Pages/Landing_Page/dd_TaxType' 

2024-11-07 17:44:50 - [MESSAGE][PASSED] - All options with label 'Existing Liability with Notice/Invoice Number' are selected in object 'Object Repository/RAD_Pages/Landing_Page/dd_TaxType' 

2024-11-07 17:44:50 - [TEST_STEP][PASSED] - delay(1): Delayed 1 second(s)

2024-11-07 17:44:51 - [MESSAGE][PASSED] - Delayed 1 second(s)

2024-11-07 17:44:51 - [TEST_STEP][PASSED] - selectOptionByLabel(findTestObject(orPath_TaxTypeFilingYear + "/select_TaxType_ExistingLiability"), TaxTypeEL, false): All options with label 'Admissions and Amusement Tax' are selected in object 'Object Repository/RAD_Pages/TaxTypeFilingYear_Page/select_TaxType_ExistingLiability' 

2024-11-07 17:44:51 - [MESSAGE][PASSED] - All options with label 'Admissions and Amusement Tax' are selected in object 'Object Repository/RAD_Pages/TaxTypeFilingYear_Page/select_TaxType_ExistingLiability' 

2024-11-07 17:44:51 - [TEST_STEP][PASSED] - setText(findTestObject(orPath_TaxInfo + "/input_NoticeInvoiceNumber"), notInvNumber): Text '123456789012' is set on object 'Object Repository/RAD_Pages/TaxInfo_Page/input_NoticeInvoiceNumber'

2024-11-07 17:44:52 - [MESSAGE][PASSED] - Text '123456789012' is set on object 'Object Repository/RAD_Pages/TaxInfo_Page/input_NoticeInvoiceNumber'

2024-11-07 17:44:52 - [TEST_STEP][PASSED] - setText(findTestObject(orPath_TaxInfo + "/input_reTypeNoticeInvoiceNumber"), notInvNumber): Text '123456789012' is set on object 'Object Repository/RAD_Pages/TaxInfo_Page/input_reTypeNoticeInvoiceNumber'

2024-11-07 17:44:53 - [MESSAGE][PASSED] - Text '123456789012' is set on object 'Object Repository/RAD_Pages/TaxInfo_Page/input_reTypeNoticeInvoiceNumber'

2024-11-07 17:44:53 - [TEST_STEP][PASSED] - println(notInvNumber): null

2024-11-07 17:44:53 - [TEST_STEP][PASSED] - if (verifyTextPresent(errorMsg, true)): null

2024-11-07 17:44:53 - [MESSAGE][PASSED] - Text 'Notice Number or Invoice Number must be 10, 11, or 13 digits in length, with a value greater than zero' is present on page  using regular expression

2024-11-07 17:44:53 - [TEST_STEP][PASSED] - println("Error Message is present on the page"): null

2024-11-07 17:44:53 - [TEST_STEP][PASSED] - out.println("Pass Record Number: " + row): null

2024-11-07 17:44:53 - [TEST_STEP][PASSED] - resText = "Pass": null

2024-11-07 17:44:53 - [TEST_STEP][PASSED] - pages.WriteExcel.demoKey(resText, datText, resColumn, datCloumn, fileLoc, nameSheet, row): pages.WriteExcel.demoKey is PASSED

2024-11-07 17:44:54 - [MESSAGE][PASSED] - pages.WriteExcel.demoKey is PASSED

2024-11-07 17:44:54 - [TEST_STEP][PASSED] - ExecuteTC = findTestData(dataFile).getValue("Execute", row): null

2024-11-07 17:44:54 - [TEST_STEP][PASSED] - Taxtype = findTestData(dataFile).getValue("TaxType", row): null

2024-11-07 17:44:54 - [TEST_STEP][PASSED] - TaxTypeEL = findTestData(dataFile).getValue("TaxTypeEL", row): null

2024-11-07 17:44:54 - [TEST_STEP][PASSED] - notInvNumber = findTestData(dataFile).getValue("NotiInvoNumber", row): null

2024-11-07 17:44:54 - [TEST_STEP][PASSED] - errorMsg = findTestData(dataFile).getValue("ErrorMessage", row): null

2024-11-07 17:44:54 - [TEST_STEP][PASSED] - out.println("Value of Execute is : " + ExecuteTC): null

2024-11-07 17:44:54 - [TEST_STEP][PASSED] - if (ExecuteTC.equalsIgnoreCase("Y")): null

2024-11-07 17:44:54 - [TEST_STEP][PASSED] - out.println("Begin Record Number: " + row): null

2024-11-07 17:44:54 - [TEST_STEP][PASSED] - today = new java.util.Date(): null

2024-11-07 17:44:54 - [TEST_STEP][PASSED] - println(today): null

2024-11-07 17:44:54 - [TEST_STEP][PASSED] - datText = today: null

2024-11-07 17:44:54 - [TEST_STEP][PASSED] - Taxtype = findTestData(dataFile).getValue("TaxType", row): null

2024-11-07 17:44:54 - [TEST_STEP][PASSED] - out.println("Taxtype value is : " + Taxtype): null

2024-11-07 17:44:54 - [TEST_STEP][PASSED] - openBrowser(""): Browser is opened with url: ''

2024-11-07 17:44:54 - [MESSAGE][WARNING] - A browser is already opened. Closing browser and opening a new one

2024-11-07 17:44:56 - [MESSAGE][INFO] - Starting 'Chrome' driver

2024-11-07 17:44:56 - [MESSAGE][INFO] - User set preference: ['acceptInsecureCerts', 'true']

2024-11-07 17:44:56 - [MESSAGE][INFO] - Action delay is set to 0 milliseconds

2024-11-07 17:44:58 - [MESSAGE][PASSED] - Browser is opened with url: ''

2024-11-07 17:44:58 - [TEST_STEP][PASSED] - maximizeWindow(): Current window maximized

2024-11-07 17:44:58 - [MESSAGE][PASSED] - Current window maximized

2024-11-07 17:44:58 - [TEST_STEP][PASSED] - navigateToUrl(RADurl): Navigate to 'https://www.velocitypayment.com/client/rad/index.html' successfully

2024-11-07 17:44:58 - [MESSAGE][PASSED] - Navigate to 'https://www.velocitypayment.com/client/rad/index.html' successfully

2024-11-07 17:44:58 - [TEST_STEP][PASSED] - orPath_Landing = "Object Repository/RAD_Pages/Landing_Page": null

2024-11-07 17:44:58 - [TEST_STEP][PASSED] - orPath_TaxTypeFilingYear = "Object Repository/RAD_Pages/TaxTypeFilingYear_Page": null

2024-11-07 17:44:58 - [TEST_STEP][PASSED] - orPath_TaxPayer = "Object Repository/RAD_Pages/Taxpayer_Page": null

2024-11-07 17:44:58 - [TEST_STEP][PASSED] - orPath_AddressContact = "Object Repository/RAD_Pages/AddressAndContactInfo_Page": null

2024-11-07 17:44:58 - [TEST_STEP][PASSED] - orPath_FilingStatus = "Object Repository/RAD_Pages/FilingStatus_Page": null

2024-11-07 17:44:58 - [TEST_STEP][PASSED] - orPath_Amount = "Object Repository/RAD_Pages/PaymentAmount_Page": null

2024-11-07 17:44:58 - [TEST_STEP][PASSED] - orPath_TaxInfo = "Object Repository/RAD_Pages/TaxInfo_Page": null

2024-11-07 17:44:58 - [TEST_STEP][PASSED] - orPath_Withholding = "Object Repository/RAD_Pages/Withholding_Page": null

2024-11-07 17:44:58 - [TEST_STEP][PASSED] - orPath_Summary = "Object Repository/RAD_Pages/Summary_Page": null

2024-11-07 17:44:58 - [TEST_STEP][PASSED] - orPath_PaymentReady = "Object Repository/RAD_Pages/PaymentReady_Page": null

2024-11-07 17:44:58 - [TEST_STEP][PASSED] - orPath_PaymentEntry = "Object Repository/RAD_Pages/PaymentEntry_Page": null

2024-11-07 17:44:58 - [TEST_STEP][PASSED] - orPath_PaymentConfirmation = "Object Repository/RAD_Pages/PaymentConfirmation_Page": null

2024-11-07 17:44:58 - [TEST_STEP][PASSED] - orPath_ServiceFeesAccept = "Object Repository/RAD_Pages/ServiceFeeAccept_Page": null

2024-11-07 17:44:58 - [TEST_STEP][PASSED] - selectOptionByLabel(findTestObject(orPath_Landing + "/dd_TaxType"), Taxtype, false): All options with label 'Existing Liability with Notice/Invoice Number' are selected in object 'Object Repository/RAD_Pages/Landing_Page/dd_TaxType' 

2024-11-07 17:45:01 - [MESSAGE][PASSED] - All options with label 'Existing Liability with Notice/Invoice Number' are selected in object 'Object Repository/RAD_Pages/Landing_Page/dd_TaxType' 

2024-11-07 17:45:01 - [TEST_STEP][PASSED] - delay(1): Delayed 1 second(s)

2024-11-07 17:45:02 - [MESSAGE][PASSED] - Delayed 1 second(s)

2024-11-07 17:45:02 - [TEST_STEP][PASSED] - selectOptionByLabel(findTestObject(orPath_TaxTypeFilingYear + "/select_TaxType_ExistingLiability"), TaxTypeEL, false): All options with label 'Admissions and Amusement Tax' are selected in object 'Object Repository/RAD_Pages/TaxTypeFilingYear_Page/select_TaxType_ExistingLiability' 

2024-11-07 17:45:03 - [MESSAGE][PASSED] - All options with label 'Admissions and Amusement Tax' are selected in object 'Object Repository/RAD_Pages/TaxTypeFilingYear_Page/select_TaxType_ExistingLiability' 

2024-11-07 17:45:03 - [TEST_STEP][PASSED] - setText(findTestObject(orPath_TaxInfo + "/input_NoticeInvoiceNumber"), notInvNumber): Text '0000000000' is set on object 'Object Repository/RAD_Pages/TaxInfo_Page/input_NoticeInvoiceNumber'

2024-11-07 17:45:04 - [MESSAGE][PASSED] - Text '0000000000' is set on object 'Object Repository/RAD_Pages/TaxInfo_Page/input_NoticeInvoiceNumber'

2024-11-07 17:45:04 - [TEST_STEP][PASSED] - setText(findTestObject(orPath_TaxInfo + "/input_reTypeNoticeInvoiceNumber"), notInvNumber): Text '0000000000' is set on object 'Object Repository/RAD_Pages/TaxInfo_Page/input_reTypeNoticeInvoiceNumber'

2024-11-07 17:45:05 - [MESSAGE][PASSED] - Text '0000000000' is set on object 'Object Repository/RAD_Pages/TaxInfo_Page/input_reTypeNoticeInvoiceNumber'

2024-11-07 17:45:05 - [TEST_STEP][PASSED] - println(notInvNumber): null

2024-11-07 17:45:05 - [TEST_STEP][PASSED] - if (verifyTextPresent(errorMsg, true)): null

2024-11-07 17:45:06 - [MESSAGE][PASSED] - Text 'Notice Number or Invoice Number must be 10, 11, or 13 digits in length, with a value greater than zero' is present on page  using regular expression

2024-11-07 17:45:06 - [TEST_STEP][PASSED] - println("Error Message is present on the page"): null

2024-11-07 17:45:06 - [TEST_STEP][PASSED] - out.println("Pass Record Number: " + row): null

2024-11-07 17:45:06 - [TEST_STEP][PASSED] - resText = "Pass": null

2024-11-07 17:45:06 - [TEST_STEP][PASSED] - pages.WriteExcel.demoKey(resText, datText, resColumn, datCloumn, fileLoc, nameSheet, row): pages.WriteExcel.demoKey is PASSED

2024-11-07 17:45:06 - [MESSAGE][PASSED] - pages.WriteExcel.demoKey is PASSED

2024-11-07 17:45:06 - [TEST_STEP][PASSED] - ExecuteTC = findTestData(dataFile).getValue("Execute", row): null

2024-11-07 17:45:06 - [TEST_STEP][PASSED] - Taxtype = findTestData(dataFile).getValue("TaxType", row): null

2024-11-07 17:45:06 - [TEST_STEP][PASSED] - TaxTypeEL = findTestData(dataFile).getValue("TaxTypeEL", row): null

2024-11-07 17:45:06 - [TEST_STEP][PASSED] - notInvNumber = findTestData(dataFile).getValue("NotiInvoNumber", row): null

2024-11-07 17:45:06 - [TEST_STEP][PASSED] - errorMsg = findTestData(dataFile).getValue("ErrorMessage", row): null

2024-11-07 17:45:06 - [TEST_STEP][PASSED] - out.println("Value of Execute is : " + ExecuteTC): null

2024-11-07 17:45:06 - [TEST_STEP][PASSED] - if (ExecuteTC.equalsIgnoreCase("Y")): null

2024-11-07 17:45:06 - [TEST_STEP][PASSED] - ExecuteTC = findTestData(dataFile).getValue("Execute", row): null

2024-11-07 17:45:06 - [TEST_STEP][PASSED] - Taxtype = findTestData(dataFile).getValue("TaxType", row): null

2024-11-07 17:45:06 - [TEST_STEP][PASSED] - TaxTypeEL = findTestData(dataFile).getValue("TaxTypeEL", row): null

2024-11-07 17:45:06 - [TEST_STEP][PASSED] - notInvNumber = findTestData(dataFile).getValue("NotiInvoNumber", row): null

2024-11-07 17:45:06 - [TEST_STEP][PASSED] - errorMsg = findTestData(dataFile).getValue("ErrorMessage", row): null

2024-11-07 17:45:06 - [TEST_STEP][PASSED] - out.println("Value of Execute is : " + ExecuteTC): null

2024-11-07 17:45:06 - [TEST_STEP][PASSED] - if (ExecuteTC.equalsIgnoreCase("Y")): null

2024-11-07 17:45:06 - [TEST_STEP][PASSED] - ExecuteTC = findTestData(dataFile).getValue("Execute", row): null

2024-11-07 17:45:06 - [TEST_STEP][PASSED] - Taxtype = findTestData(dataFile).getValue("TaxType", row): null

2024-11-07 17:45:07 - [TEST_STEP][PASSED] - TaxTypeEL = findTestData(dataFile).getValue("TaxTypeEL", row): null

2024-11-07 17:45:07 - [TEST_STEP][PASSED] - notInvNumber = findTestData(dataFile).getValue("NotiInvoNumber", row): null

2024-11-07 17:45:07 - [TEST_STEP][PASSED] - errorMsg = findTestData(dataFile).getValue("ErrorMessage", row): null

2024-11-07 17:45:07 - [TEST_STEP][PASSED] - out.println("Value of Execute is : " + ExecuteTC): null

2024-11-07 17:45:07 - [TEST_STEP][FAILED] - if (ExecuteTC.equalsIgnoreCase("Y")): null

2024-11-07 17:45:07 - [TEST_STEP][PASSED] - out.println("Begin Record Number: " + row): null

2024-11-07 17:45:07 - [TEST_STEP][PASSED] - today = new java.util.Date(): null

2024-11-07 17:45:07 - [TEST_STEP][PASSED] - println(today): null

2024-11-07 17:45:07 - [TEST_STEP][PASSED] - datText = today: null

2024-11-07 17:45:07 - [TEST_STEP][PASSED] - Taxtype = findTestData(dataFile).getValue("TaxType", row): null

2024-11-07 17:45:07 - [TEST_STEP][PASSED] - out.println("Taxtype value is : " + Taxtype): null

2024-11-07 17:45:07 - [TEST_STEP][PASSED] - openBrowser(""): Browser is opened with url: ''

2024-11-07 17:45:07 - [MESSAGE][WARNING] - A browser is already opened. Closing browser and opening a new one

2024-11-07 17:45:09 - [MESSAGE][INFO] - Starting 'Chrome' driver

2024-11-07 17:45:09 - [MESSAGE][INFO] - User set preference: ['acceptInsecureCerts', 'true']

2024-11-07 17:45:09 - [MESSAGE][INFO] - Action delay is set to 0 milliseconds

2024-11-07 17:45:10 - [MESSAGE][PASSED] - Browser is opened with url: ''

2024-11-07 17:45:10 - [TEST_STEP][PASSED] - maximizeWindow(): Current window maximized

2024-11-07 17:45:10 - [MESSAGE][PASSED] - Current window maximized

2024-11-07 17:45:10 - [TEST_STEP][PASSED] - navigateToUrl(RADurl): Navigate to 'https://www.velocitypayment.com/client/rad/index.html' successfully

2024-11-07 17:45:13 - [MESSAGE][PASSED] - Navigate to 'https://www.velocitypayment.com/client/rad/index.html' successfully

2024-11-07 17:45:13 - [TEST_STEP][PASSED] - orPath_Landing = "Object Repository/RAD_Pages/Landing_Page": null

2024-11-07 17:45:13 - [TEST_STEP][PASSED] - orPath_TaxTypeFilingYear = "Object Repository/RAD_Pages/TaxTypeFilingYear_Page": null

2024-11-07 17:45:13 - [TEST_STEP][PASSED] - orPath_TaxPayer = "Object Repository/RAD_Pages/Taxpayer_Page": null

2024-11-07 17:45:13 - [TEST_STEP][PASSED] - orPath_AddressContact = "Object Repository/RAD_Pages/AddressAndContactInfo_Page": null

2024-11-07 17:45:13 - [TEST_STEP][PASSED] - orPath_FilingStatus = "Object Repository/RAD_Pages/FilingStatus_Page": null

2024-11-07 17:45:13 - [TEST_STEP][PASSED] - orPath_Amount = "Object Repository/RAD_Pages/PaymentAmount_Page": null

2024-11-07 17:45:13 - [TEST_STEP][PASSED] - orPath_TaxInfo = "Object Repository/RAD_Pages/TaxInfo_Page": null

2024-11-07 17:45:13 - [TEST_STEP][PASSED] - orPath_Withholding = "Object Repository/RAD_Pages/Withholding_Page": null

2024-11-07 17:45:13 - [TEST_STEP][PASSED] - orPath_Summary = "Object Repository/RAD_Pages/Summary_Page": null

2024-11-07 17:45:13 - [TEST_STEP][PASSED] - orPath_PaymentReady = "Object Repository/RAD_Pages/PaymentReady_Page": null

2024-11-07 17:45:13 - [TEST_STEP][PASSED] - orPath_PaymentEntry = "Object Repository/RAD_Pages/PaymentEntry_Page": null

2024-11-07 17:45:13 - [TEST_STEP][PASSED] - orPath_PaymentConfirmation = "Object Repository/RAD_Pages/PaymentConfirmation_Page": null

2024-11-07 17:45:13 - [TEST_STEP][PASSED] - orPath_ServiceFeesAccept = "Object Repository/RAD_Pages/ServiceFeeAccept_Page": null

2024-11-07 17:45:13 - [TEST_STEP][PASSED] - selectOptionByLabel(findTestObject(orPath_Landing + "/dd_TaxType"), Taxtype, false): All options with label 'Existing Liability with Notice/Invoice Number' are selected in object 'Object Repository/RAD_Pages/Landing_Page/dd_TaxType' 

2024-11-07 17:45:13 - [MESSAGE][PASSED] - All options with label 'Existing Liability with Notice/Invoice Number' are selected in object 'Object Repository/RAD_Pages/Landing_Page/dd_TaxType' 

2024-11-07 17:45:13 - [TEST_STEP][PASSED] - delay(1): Delayed 1 second(s)

2024-11-07 17:45:14 - [MESSAGE][PASSED] - Delayed 1 second(s)

2024-11-07 17:45:14 - [TEST_STEP][FAILED] - selectOptionByLabel(findTestObject(orPath_TaxTypeFilingYear + "/select_TaxType_ExistingLiability"), TaxTypeEL, false): Unable to select option by label 'Estate Tax' of object 'Object Repository/RAD_Pages/TaxTypeFilingYear_Page/select_TaxType_ExistingLiability'  (Root cause: com.kms.katalon.core.exception.StepFailedException: Unable to select option by label 'Estate Tax' of object 'Object Repository/RAD_Pages/TaxTypeFilingYear_Page/select_TaxType_ExistingLiability' 
	at com.kms.katalon.core.webui.keyword.internal.WebUIKeywordMain.stepFailed(WebUIKeywordMain.groovy:64)
	at com.kms.katalon.core.webui.keyword.internal.WebUIKeywordMain.runKeyword(WebUIKeywordMain.groovy:26)
	at com.kms.katalon.core.webui.keyword.builtin.SelectOptionByLabelKeyword.selectOptionByLabel(SelectOptionByLabelKeyword.groovy:98)
	at com.kms.katalon.core.webui.keyword.builtin.SelectOptionByLabelKeyword.execute(SelectOptionByLabelKeyword.groovy:71)
	at com.kms.katalon.core.keyword.internal.KeywordExecutor.executeKeywordForPlatform(KeywordExecutor.groovy:74)
	at com.kms.katalon.core.webui.keyword.WebUiBuiltInKeywords.selectOptionByLabel(WebUiBuiltInKeywords.groovy:1230)
	at com.kms.katalon.core.webui.keyword.WebUiBuiltInKeywords$selectOptionByLabel$2.call(Unknown Source)
	at EL-NumberValidation.run(EL-NumberValidation:88)
	at com.kms.katalon.core.main.ScriptEngine.run(ScriptEngine.java:194)
	at com.kms.katalon.core.main.ScriptEngine.runScriptAsRawText(ScriptEngine.java:119)
	at com.kms.katalon.core.main.TestCaseExecutor.runScript(TestCaseExecutor.java:448)
	at com.kms.katalon.core.main.TestCaseExecutor.doExecute(TestCaseExecutor.java:439)
	at com.kms.katalon.core.main.TestCaseExecutor.processExecutionPhase(TestCaseExecutor.java:418)
	at com.kms.katalon.core.main.TestCaseExecutor.accessMainPhase(TestCaseExecutor.java:410)
	at com.kms.katalon.core.main.TestCaseExecutor.execute(TestCaseExecutor.java:285)
	at com.kms.katalon.core.common.CommonExecutor.accessTestCaseMainPhase(CommonExecutor.java:65)
	at com.kms.katalon.core.main.TestSuiteExecutor.accessTestSuiteMainPhase(TestSuiteExecutor.java:148)
	at com.kms.katalon.core.main.TestSuiteExecutor.execute(TestSuiteExecutor.java:106)
	at com.kms.katalon.core.main.TestCaseMain.startTestSuite(TestCaseMain.java:187)
	at com.kms.katalon.core.main.TestCaseMain$startTestSuite$0.call(Unknown Source)
	at TempTestSuite1731019020691.run(TempTestSuite1731019020691.groovy:35)
Caused by: org.openqa.selenium.NoSuchElementException: Cannot locate element with text: Estate Tax
For documentation on this error, please visit: https://www.seleniumhq.org/exceptions/no_such_element.html
Build info: version: '3.141.59', revision: 'e82be7d358', time: '2018-11-14T08:25:53'
System info: host: 'DESKTOP-B2QI6NS', ip: '172.31.253.185', os.name: 'Windows 10', os.arch: 'amd64', os.version: '10.0', java.version: '1.8.0_181'
Driver info: driver.version: unknown
	at org.openqa.selenium.support.ui.Select.selectByVisibleText(Select.java:147)
	at com.kms.katalon.core.webui.common.WebUiCommonHelper.selectOrDeselectOptionsByLabel(WebUiCommonHelper.java:310)
	at com.kms.katalon.core.webui.keyword.builtin.SelectOptionByLabelKeyword$_selectOptionByLabel_closure1.doCall(SelectOptionByLabelKeyword.groovy:87)
	at com.kms.katalon.core.webui.keyword.builtin.SelectOptionByLabelKeyword$_selectOptionByLabel_closure1.call(SelectOptionByLabelKeyword.groovy)
	at com.kms.katalon.core.webui.keyword.internal.WebUIKeywordMain.runKeyword(WebUIKeywordMain.groovy:20)
	at com.kms.katalon.core.webui.keyword.builtin.SelectOptionByLabelKeyword.selectOptionByLabel(SelectOptionByLabelKeyword.groovy:98)
	at com.kms.katalon.core.webui.keyword.builtin.SelectOptionByLabelKeyword.execute(SelectOptionByLabelKeyword.groovy:71)
	at com.kms.katalon.core.keyword.internal.KeywordExecutor.executeKeywordForPlatform(KeywordExecutor.groovy:74)
	at com.kms.katalon.core.webui.keyword.WebUiBuiltInKeywords.selectOptionByLabel(WebUiBuiltInKeywords.groovy:1230)
	at com.kms.katalon.core.webui.keyword.WebUiBuiltInKeywords$selectOptionByLabel$2.call(Unknown Source)
	at Script1667491086754.run(Script1667491086754.groovy:88)
	... 13 more
)

2024-11-07 17:45:16 - [MESSAGE][FAILED] - Unable to select option by label 'Estate Tax' of object 'Object Repository/RAD_Pages/TaxTypeFilingYear_Page/select_TaxType_ExistingLiability'  (Root cause: com.kms.katalon.core.exception.StepFailedException: Unable to select option by label 'Estate Tax' of object 'Object Repository/RAD_Pages/TaxTypeFilingYear_Page/select_TaxType_ExistingLiability' 
	at com.kms.katalon.core.webui.keyword.internal.WebUIKeywordMain.stepFailed(WebUIKeywordMain.groovy:64)
	at com.kms.katalon.core.webui.keyword.internal.WebUIKeywordMain.runKeyword(WebUIKeywordMain.groovy:26)
	at com.kms.katalon.core.webui.keyword.builtin.SelectOptionByLabelKeyword.selectOptionByLabel(SelectOptionByLabelKeyword.groovy:98)
	at com.kms.katalon.core.webui.keyword.builtin.SelectOptionByLabelKeyword.execute(SelectOptionByLabelKeyword.groovy:71)
	at com.kms.katalon.core.keyword.internal.KeywordExecutor.executeKeywordForPlatform(KeywordExecutor.groovy:74)
	at com.kms.katalon.core.webui.keyword.WebUiBuiltInKeywords.selectOptionByLabel(WebUiBuiltInKeywords.groovy:1230)
	at com.kms.katalon.core.webui.keyword.WebUiBuiltInKeywords$selectOptionByLabel$2.call(Unknown Source)
	at EL-NumberValidation.run(EL-NumberValidation:88)
	at com.kms.katalon.core.main.ScriptEngine.run(ScriptEngine.java:194)
	at com.kms.katalon.core.main.ScriptEngine.runScriptAsRawText(ScriptEngine.java:119)
	at com.kms.katalon.core.main.TestCaseExecutor.runScript(TestCaseExecutor.java:448)
	at com.kms.katalon.core.main.TestCaseExecutor.doExecute(TestCaseExecutor.java:439)
	at com.kms.katalon.core.main.TestCaseExecutor.processExecutionPhase(TestCaseExecutor.java:418)
	at com.kms.katalon.core.main.TestCaseExecutor.accessMainPhase(TestCaseExecutor.java:410)
	at com.kms.katalon.core.main.TestCaseExecutor.execute(TestCaseExecutor.java:285)
	at com.kms.katalon.core.common.CommonExecutor.accessTestCaseMainPhase(CommonExecutor.java:65)
	at com.kms.katalon.core.main.TestSuiteExecutor.accessTestSuiteMainPhase(TestSuiteExecutor.java:148)
	at com.kms.katalon.core.main.TestSuiteExecutor.execute(TestSuiteExecutor.java:106)
	at com.kms.katalon.core.main.TestCaseMain.startTestSuite(TestCaseMain.java:187)
	at com.kms.katalon.core.main.TestCaseMain$startTestSuite$0.call(Unknown Source)
	at TempTestSuite1731019020691.run(TempTestSuite1731019020691.groovy:35)
Caused by: org.openqa.selenium.NoSuchElementException: Cannot locate element with text: Estate Tax
For documentation on this error, please visit: https://www.seleniumhq.org/exceptions/no_such_element.html
Build info: version: '3.141.59', revision: 'e82be7d358', time: '2018-11-14T08:25:53'
System info: host: 'DESKTOP-B2QI6NS', ip: '172.31.253.185', os.name: 'Windows 10', os.arch: 'amd64', os.version: '10.0', java.version: '1.8.0_181'
Driver info: driver.version: unknown
	at org.openqa.selenium.support.ui.Select.selectByVisibleText(Select.java:147)
	at com.kms.katalon.core.webui.common.WebUiCommonHelper.selectOrDeselectOptionsByLabel(WebUiCommonHelper.java:310)
	at com.kms.katalon.core.webui.keyword.builtin.SelectOptionByLabelKeyword$_selectOptionByLabel_closure1.doCall(SelectOptionByLabelKeyword.groovy:87)
	at com.kms.katalon.core.webui.keyword.builtin.SelectOptionByLabelKeyword$_selectOptionByLabel_closure1.call(SelectOptionByLabelKeyword.groovy)
	at com.kms.katalon.core.webui.keyword.internal.WebUIKeywordMain.runKeyword(WebUIKeywordMain.groovy:20)
	at com.kms.katalon.core.webui.keyword.builtin.SelectOptionByLabelKeyword.selectOptionByLabel(SelectOptionByLabelKeyword.groovy:98)
	at com.kms.katalon.core.webui.keyword.builtin.SelectOptionByLabelKeyword.execute(SelectOptionByLabelKeyword.groovy:71)
	at com.kms.katalon.core.keyword.internal.KeywordExecutor.executeKeywordForPlatform(KeywordExecutor.groovy:74)
	at com.kms.katalon.core.webui.keyword.WebUiBuiltInKeywords.selectOptionByLabel(WebUiBuiltInKeywords.groovy:1230)
	at com.kms.katalon.core.webui.keyword.WebUiBuiltInKeywords$selectOptionByLabel$2.call(Unknown Source)
	at Script1667491086754.run(Script1667491086754.groovy:88)
	... 13 more
)
[[ATTACHMENT|E:\\Cloned-Project-Katalon\\VPS-Katalon\\Reports\\20241107_173700\\RAD_TestSuite\\RAD_UI_TestSuite\\20241107_173700\\1731019515810.png]]

2024-11-07 17:45:16 - [TEST_STEP][PASSED] - setText(findTestObject(orPath_TaxInfo + "/input_NoticeInvoiceNumber"), notInvNumber): Text '0000000000' is set on object 'Object Repository/RAD_Pages/TaxInfo_Page/input_NoticeInvoiceNumber'

2024-11-07 17:45:16 - [MESSAGE][PASSED] - Text '0000000000' is set on object 'Object Repository/RAD_Pages/TaxInfo_Page/input_NoticeInvoiceNumber'

2024-11-07 17:45:16 - [TEST_STEP][PASSED] - setText(findTestObject(orPath_TaxInfo + "/input_reTypeNoticeInvoiceNumber"), notInvNumber): Text '0000000000' is set on object 'Object Repository/RAD_Pages/TaxInfo_Page/input_reTypeNoticeInvoiceNumber'

2024-11-07 17:45:17 - [MESSAGE][PASSED] - Text '0000000000' is set on object 'Object Repository/RAD_Pages/TaxInfo_Page/input_reTypeNoticeInvoiceNumber'

2024-11-07 17:45:17 - [TEST_STEP][PASSED] - println(notInvNumber): null

2024-11-07 17:45:17 - [TEST_STEP][PASSED] - if (verifyTextPresent(errorMsg, true)): null

2024-11-07 17:45:18 - [MESSAGE][PASSED] - Text 'Notice Number or Invoice Number must be 10, 11, or 13 digits in length, with a value greater than zero' is present on page  using regular expression

2024-11-07 17:45:18 - [TEST_STEP][PASSED] - println("Error Message is present on the page"): null

2024-11-07 17:45:18 - [TEST_STEP][PASSED] - out.println("Pass Record Number: " + row): null

2024-11-07 17:45:18 - [TEST_STEP][PASSED] - resText = "Pass": null

2024-11-07 17:45:18 - [TEST_STEP][PASSED] - pages.WriteExcel.demoKey(resText, datText, resColumn, datCloumn, fileLoc, nameSheet, row): pages.WriteExcel.demoKey is PASSED

2024-11-07 17:45:18 - [MESSAGE][PASSED] - pages.WriteExcel.demoKey is PASSED

2024-11-07 17:45:18 - [TEST_STEP][PASSED] - ExecuteTC = findTestData(dataFile).getValue("Execute", row): null

2024-11-07 17:45:18 - [TEST_STEP][PASSED] - Taxtype = findTestData(dataFile).getValue("TaxType", row): null

2024-11-07 17:45:18 - [TEST_STEP][PASSED] - TaxTypeEL = findTestData(dataFile).getValue("TaxTypeEL", row): null

2024-11-07 17:45:18 - [TEST_STEP][PASSED] - notInvNumber = findTestData(dataFile).getValue("NotiInvoNumber", row): null

2024-11-07 17:45:18 - [TEST_STEP][PASSED] - errorMsg = findTestData(dataFile).getValue("ErrorMessage", row): null

2024-11-07 17:45:18 - [TEST_STEP][PASSED] - out.println("Value of Execute is : " + ExecuteTC): null

2024-11-07 17:45:18 - [TEST_STEP][PASSED] - if (ExecuteTC.equalsIgnoreCase("Y")): null

2024-11-07 17:45:18 - [TEST_STEP][PASSED] - out.println("Begin Record Number: " + row): null

2024-11-07 17:45:18 - [TEST_STEP][PASSED] - today = new java.util.Date(): null

2024-11-07 17:45:18 - [TEST_STEP][PASSED] - println(today): null

2024-11-07 17:45:18 - [TEST_STEP][PASSED] - datText = today: null

2024-11-07 17:45:18 - [TEST_STEP][PASSED] - Taxtype = findTestData(dataFile).getValue("TaxType", row): null

2024-11-07 17:45:18 - [TEST_STEP][PASSED] - out.println("Taxtype value is : " + Taxtype): null

2024-11-07 17:45:18 - [TEST_STEP][PASSED] - openBrowser(""): Browser is opened with url: ''

2024-11-07 17:45:18 - [MESSAGE][WARNING] - A browser is already opened. Closing browser and opening a new one

2024-11-07 17:45:19 - [MESSAGE][INFO] - Starting 'Chrome' driver

2024-11-07 17:45:19 - [MESSAGE][INFO] - User set preference: ['acceptInsecureCerts', 'true']

2024-11-07 17:45:19 - [MESSAGE][INFO] - Action delay is set to 0 milliseconds

2024-11-07 17:45:21 - [MESSAGE][PASSED] - Browser is opened with url: ''

2024-11-07 17:45:21 - [TEST_STEP][PASSED] - maximizeWindow(): Current window maximized

2024-11-07 17:45:21 - [MESSAGE][PASSED] - Current window maximized

2024-11-07 17:45:21 - [TEST_STEP][PASSED] - navigateToUrl(RADurl): Navigate to 'https://www.velocitypayment.com/client/rad/index.html' successfully

2024-11-07 17:45:24 - [MESSAGE][PASSED] - Navigate to 'https://www.velocitypayment.com/client/rad/index.html' successfully

2024-11-07 17:45:24 - [TEST_STEP][PASSED] - orPath_Landing = "Object Repository/RAD_Pages/Landing_Page": null

2024-11-07 17:45:24 - [TEST_STEP][PASSED] - orPath_TaxTypeFilingYear = "Object Repository/RAD_Pages/TaxTypeFilingYear_Page": null

2024-11-07 17:45:24 - [TEST_STEP][PASSED] - orPath_TaxPayer = "Object Repository/RAD_Pages/Taxpayer_Page": null

2024-11-07 17:45:24 - [TEST_STEP][PASSED] - orPath_AddressContact = "Object Repository/RAD_Pages/AddressAndContactInfo_Page": null

2024-11-07 17:45:24 - [TEST_STEP][PASSED] - orPath_FilingStatus = "Object Repository/RAD_Pages/FilingStatus_Page": null

2024-11-07 17:45:24 - [TEST_STEP][PASSED] - orPath_Amount = "Object Repository/RAD_Pages/PaymentAmount_Page": null

2024-11-07 17:45:24 - [TEST_STEP][PASSED] - orPath_TaxInfo = "Object Repository/RAD_Pages/TaxInfo_Page": null

2024-11-07 17:45:24 - [TEST_STEP][PASSED] - orPath_Withholding = "Object Repository/RAD_Pages/Withholding_Page": null

2024-11-07 17:45:24 - [TEST_STEP][PASSED] - orPath_Summary = "Object Repository/RAD_Pages/Summary_Page": null

2024-11-07 17:45:24 - [TEST_STEP][PASSED] - orPath_PaymentReady = "Object Repository/RAD_Pages/PaymentReady_Page": null

2024-11-07 17:45:24 - [TEST_STEP][PASSED] - orPath_PaymentEntry = "Object Repository/RAD_Pages/PaymentEntry_Page": null

2024-11-07 17:45:24 - [TEST_STEP][PASSED] - orPath_PaymentConfirmation = "Object Repository/RAD_Pages/PaymentConfirmation_Page": null

2024-11-07 17:45:24 - [TEST_STEP][PASSED] - orPath_ServiceFeesAccept = "Object Repository/RAD_Pages/ServiceFeeAccept_Page": null

2024-11-07 17:45:24 - [TEST_STEP][PASSED] - selectOptionByLabel(findTestObject(orPath_Landing + "/dd_TaxType"), Taxtype, false): All options with label 'Existing Liability with Notice/Invoice Number' are selected in object 'Object Repository/RAD_Pages/Landing_Page/dd_TaxType' 

2024-11-07 17:45:24 - [MESSAGE][PASSED] - All options with label 'Existing Liability with Notice/Invoice Number' are selected in object 'Object Repository/RAD_Pages/Landing_Page/dd_TaxType' 

2024-11-07 17:45:24 - [TEST_STEP][PASSED] - delay(1): Delayed 1 second(s)

2024-11-07 17:45:25 - [MESSAGE][PASSED] - Delayed 1 second(s)

2024-11-07 17:45:25 - [TEST_STEP][PASSED] - selectOptionByLabel(findTestObject(orPath_TaxTypeFilingYear + "/select_TaxType_ExistingLiability"), TaxTypeEL, false): All options with label 'Motor Fuel Tax' are selected in object 'Object Repository/RAD_Pages/TaxTypeFilingYear_Page/select_TaxType_ExistingLiability' 

2024-11-07 17:45:26 - [MESSAGE][PASSED] - All options with label 'Motor Fuel Tax' are selected in object 'Object Repository/RAD_Pages/TaxTypeFilingYear_Page/select_TaxType_ExistingLiability' 

2024-11-07 17:45:26 - [TEST_STEP][PASSED] - setText(findTestObject(orPath_TaxInfo + "/input_NoticeInvoiceNumber"), notInvNumber): Text '123456789' is set on object 'Object Repository/RAD_Pages/TaxInfo_Page/input_NoticeInvoiceNumber'

2024-11-07 17:45:27 - [MESSAGE][PASSED] - Text '123456789' is set on object 'Object Repository/RAD_Pages/TaxInfo_Page/input_NoticeInvoiceNumber'

2024-11-07 17:45:27 - [TEST_STEP][PASSED] - setText(findTestObject(orPath_TaxInfo + "/input_reTypeNoticeInvoiceNumber"), notInvNumber): Text '123456789' is set on object 'Object Repository/RAD_Pages/TaxInfo_Page/input_reTypeNoticeInvoiceNumber'

2024-11-07 17:45:28 - [MESSAGE][PASSED] - Text '123456789' is set on object 'Object Repository/RAD_Pages/TaxInfo_Page/input_reTypeNoticeInvoiceNumber'

2024-11-07 17:45:28 - [TEST_STEP][PASSED] - println(notInvNumber): null

2024-11-07 17:45:28 - [TEST_STEP][PASSED] - if (verifyTextPresent(errorMsg, true)): null

2024-11-07 17:45:28 - [MESSAGE][PASSED] - Text 'Notice Number or Invoice Number must be 10, 11, or 13 digits in length, with a value greater than zero' is present on page  using regular expression

2024-11-07 17:45:28 - [TEST_STEP][PASSED] - println("Error Message is present on the page"): null

2024-11-07 17:45:28 - [TEST_STEP][PASSED] - out.println("Pass Record Number: " + row): null

2024-11-07 17:45:28 - [TEST_STEP][PASSED] - resText = "Pass": null

2024-11-07 17:45:28 - [TEST_STEP][PASSED] - pages.WriteExcel.demoKey(resText, datText, resColumn, datCloumn, fileLoc, nameSheet, row): pages.WriteExcel.demoKey is PASSED

2024-11-07 17:45:28 - [MESSAGE][PASSED] - pages.WriteExcel.demoKey is PASSED

2024-11-07 17:45:28 - [TEST_STEP][PASSED] - ExecuteTC = findTestData(dataFile).getValue("Execute", row): null

2024-11-07 17:45:28 - [TEST_STEP][PASSED] - Taxtype = findTestData(dataFile).getValue("TaxType", row): null

2024-11-07 17:45:28 - [TEST_STEP][PASSED] - TaxTypeEL = findTestData(dataFile).getValue("TaxTypeEL", row): null

2024-11-07 17:45:28 - [TEST_STEP][PASSED] - notInvNumber = findTestData(dataFile).getValue("NotiInvoNumber", row): null

2024-11-07 17:45:28 - [TEST_STEP][PASSED] - errorMsg = findTestData(dataFile).getValue("ErrorMessage", row): null

2024-11-07 17:45:28 - [TEST_STEP][PASSED] - out.println("Value of Execute is : " + ExecuteTC): null

2024-11-07 17:45:28 - [TEST_STEP][PASSED] - if (ExecuteTC.equalsIgnoreCase("Y")): null

2024-11-07 17:45:28 - [TEST_STEP][PASSED] - out.println("Begin Record Number: " + row): null

2024-11-07 17:45:28 - [TEST_STEP][PASSED] - today = new java.util.Date(): null

2024-11-07 17:45:28 - [TEST_STEP][PASSED] - println(today): null

2024-11-07 17:45:28 - [TEST_STEP][PASSED] - datText = today: null

2024-11-07 17:45:28 - [TEST_STEP][PASSED] - Taxtype = findTestData(dataFile).getValue("TaxType", row): null

2024-11-07 17:45:28 - [TEST_STEP][PASSED] - out.println("Taxtype value is : " + Taxtype): null

2024-11-07 17:45:28 - [TEST_STEP][PASSED] - openBrowser(""): Browser is opened with url: ''

2024-11-07 17:45:28 - [MESSAGE][WARNING] - A browser is already opened. Closing browser and opening a new one

2024-11-07 17:45:30 - [MESSAGE][INFO] - Starting 'Chrome' driver

2024-11-07 17:45:30 - [MESSAGE][INFO] - User set preference: ['acceptInsecureCerts', 'true']

2024-11-07 17:45:30 - [MESSAGE][INFO] - Action delay is set to 0 milliseconds

2024-11-07 17:45:32 - [MESSAGE][PASSED] - Browser is opened with url: ''

2024-11-07 17:45:32 - [TEST_STEP][PASSED] - maximizeWindow(): Current window maximized

2024-11-07 17:45:32 - [MESSAGE][PASSED] - Current window maximized

2024-11-07 17:45:32 - [TEST_STEP][PASSED] - navigateToUrl(RADurl): Navigate to 'https://www.velocitypayment.com/client/rad/index.html' successfully

2024-11-07 17:45:32 - [MESSAGE][PASSED] - Navigate to 'https://www.velocitypayment.com/client/rad/index.html' successfully

2024-11-07 17:45:32 - [TEST_STEP][PASSED] - orPath_Landing = "Object Repository/RAD_Pages/Landing_Page": null

2024-11-07 17:45:32 - [TEST_STEP][PASSED] - orPath_TaxTypeFilingYear = "Object Repository/RAD_Pages/TaxTypeFilingYear_Page": null

2024-11-07 17:45:32 - [TEST_STEP][PASSED] - orPath_TaxPayer = "Object Repository/RAD_Pages/Taxpayer_Page": null

2024-11-07 17:45:32 - [TEST_STEP][PASSED] - orPath_AddressContact = "Object Repository/RAD_Pages/AddressAndContactInfo_Page": null

2024-11-07 17:45:32 - [TEST_STEP][PASSED] - orPath_FilingStatus = "Object Repository/RAD_Pages/FilingStatus_Page": null

2024-11-07 17:45:32 - [TEST_STEP][PASSED] - orPath_Amount = "Object Repository/RAD_Pages/PaymentAmount_Page": null

2024-11-07 17:45:32 - [TEST_STEP][PASSED] - orPath_TaxInfo = "Object Repository/RAD_Pages/TaxInfo_Page": null

2024-11-07 17:45:32 - [TEST_STEP][PASSED] - orPath_Withholding = "Object Repository/RAD_Pages/Withholding_Page": null

2024-11-07 17:45:32 - [TEST_STEP][PASSED] - orPath_Summary = "Object Repository/RAD_Pages/Summary_Page": null

2024-11-07 17:45:32 - [TEST_STEP][PASSED] - orPath_PaymentReady = "Object Repository/RAD_Pages/PaymentReady_Page": null

2024-11-07 17:45:32 - [TEST_STEP][PASSED] - orPath_PaymentEntry = "Object Repository/RAD_Pages/PaymentEntry_Page": null

2024-11-07 17:45:32 - [TEST_STEP][PASSED] - orPath_PaymentConfirmation = "Object Repository/RAD_Pages/PaymentConfirmation_Page": null

2024-11-07 17:45:32 - [TEST_STEP][PASSED] - orPath_ServiceFeesAccept = "Object Repository/RAD_Pages/ServiceFeeAccept_Page": null

2024-11-07 17:45:32 - [TEST_STEP][PASSED] - selectOptionByLabel(findTestObject(orPath_Landing + "/dd_TaxType"), Taxtype, false): All options with label 'Existing Liability with Notice/Invoice Number' are selected in object 'Object Repository/RAD_Pages/Landing_Page/dd_TaxType' 

2024-11-07 17:45:34 - [MESSAGE][PASSED] - All options with label 'Existing Liability with Notice/Invoice Number' are selected in object 'Object Repository/RAD_Pages/Landing_Page/dd_TaxType' 

2024-11-07 17:45:34 - [TEST_STEP][PASSED] - delay(1): Delayed 1 second(s)

2024-11-07 17:45:35 - [MESSAGE][PASSED] - Delayed 1 second(s)

2024-11-07 17:45:35 - [TEST_STEP][PASSED] - selectOptionByLabel(findTestObject(orPath_TaxTypeFilingYear + "/select_TaxType_ExistingLiability"), TaxTypeEL, false): All options with label 'Motor Fuel Tax' are selected in object 'Object Repository/RAD_Pages/TaxTypeFilingYear_Page/select_TaxType_ExistingLiability' 

2024-11-07 17:45:36 - [MESSAGE][PASSED] - All options with label 'Motor Fuel Tax' are selected in object 'Object Repository/RAD_Pages/TaxTypeFilingYear_Page/select_TaxType_ExistingLiability' 

2024-11-07 17:45:36 - [TEST_STEP][PASSED] - setText(findTestObject(orPath_TaxInfo + "/input_NoticeInvoiceNumber"), notInvNumber): Text '123456789012' is set on object 'Object Repository/RAD_Pages/TaxInfo_Page/input_NoticeInvoiceNumber'

2024-11-07 17:45:37 - [MESSAGE][PASSED] - Text '123456789012' is set on object 'Object Repository/RAD_Pages/TaxInfo_Page/input_NoticeInvoiceNumber'

2024-11-07 17:45:37 - [TEST_STEP][PASSED] - setText(findTestObject(orPath_TaxInfo + "/input_reTypeNoticeInvoiceNumber"), notInvNumber): Text '123456789012' is set on object 'Object Repository/RAD_Pages/TaxInfo_Page/input_reTypeNoticeInvoiceNumber'

2024-11-07 17:45:38 - [MESSAGE][PASSED] - Text '123456789012' is set on object 'Object Repository/RAD_Pages/TaxInfo_Page/input_reTypeNoticeInvoiceNumber'

2024-11-07 17:45:38 - [TEST_STEP][PASSED] - println(notInvNumber): null

2024-11-07 17:45:38 - [TEST_STEP][PASSED] - if (verifyTextPresent(errorMsg, true)): null

2024-11-07 17:45:38 - [MESSAGE][PASSED] - Text 'Notice Number or Invoice Number must be 10, 11, or 13 digits in length, with a value greater than zero' is present on page  using regular expression

2024-11-07 17:45:38 - [TEST_STEP][PASSED] - println("Error Message is present on the page"): null

2024-11-07 17:45:38 - [TEST_STEP][PASSED] - out.println("Pass Record Number: " + row): null

2024-11-07 17:45:38 - [TEST_STEP][PASSED] - resText = "Pass": null

2024-11-07 17:45:38 - [TEST_STEP][PASSED] - pages.WriteExcel.demoKey(resText, datText, resColumn, datCloumn, fileLoc, nameSheet, row): pages.WriteExcel.demoKey is PASSED

2024-11-07 17:45:38 - [MESSAGE][PASSED] - pages.WriteExcel.demoKey is PASSED

2024-11-07 17:45:38 - [TEST_STEP][PASSED] - ExecuteTC = findTestData(dataFile).getValue("Execute", row): null

2024-11-07 17:45:38 - [TEST_STEP][PASSED] - Taxtype = findTestData(dataFile).getValue("TaxType", row): null

2024-11-07 17:45:38 - [TEST_STEP][PASSED] - TaxTypeEL = findTestData(dataFile).getValue("TaxTypeEL", row): null

2024-11-07 17:45:38 - [TEST_STEP][PASSED] - notInvNumber = findTestData(dataFile).getValue("NotiInvoNumber", row): null

2024-11-07 17:45:38 - [TEST_STEP][PASSED] - errorMsg = findTestData(dataFile).getValue("ErrorMessage", row): null

2024-11-07 17:45:38 - [TEST_STEP][PASSED] - out.println("Value of Execute is : " + ExecuteTC): null

2024-11-07 17:45:38 - [TEST_STEP][PASSED] - if (ExecuteTC.equalsIgnoreCase("Y")): null

2024-11-07 17:45:38 - [TEST_STEP][PASSED] - out.println("Begin Record Number: " + row): null

2024-11-07 17:45:38 - [TEST_STEP][PASSED] - today = new java.util.Date(): null

2024-11-07 17:45:38 - [TEST_STEP][PASSED] - println(today): null

2024-11-07 17:45:38 - [TEST_STEP][PASSED] - datText = today: null

2024-11-07 17:45:38 - [TEST_STEP][PASSED] - Taxtype = findTestData(dataFile).getValue("TaxType", row): null

2024-11-07 17:45:38 - [TEST_STEP][PASSED] - out.println("Taxtype value is : " + Taxtype): null

2024-11-07 17:45:38 - [TEST_STEP][PASSED] - openBrowser(""): Browser is opened with url: ''

2024-11-07 17:45:38 - [MESSAGE][WARNING] - A browser is already opened. Closing browser and opening a new one

2024-11-07 17:45:40 - [MESSAGE][INFO] - Starting 'Chrome' driver

2024-11-07 17:45:40 - [MESSAGE][INFO] - User set preference: ['acceptInsecureCerts', 'true']

2024-11-07 17:45:40 - [MESSAGE][INFO] - Action delay is set to 0 milliseconds

2024-11-07 17:45:42 - [MESSAGE][PASSED] - Browser is opened with url: ''

2024-11-07 17:45:42 - [TEST_STEP][PASSED] - maximizeWindow(): Current window maximized

2024-11-07 17:45:42 - [MESSAGE][PASSED] - Current window maximized

2024-11-07 17:45:42 - [TEST_STEP][PASSED] - navigateToUrl(RADurl): Navigate to 'https://www.velocitypayment.com/client/rad/index.html' successfully

2024-11-07 17:45:44 - [MESSAGE][PASSED] - Navigate to 'https://www.velocitypayment.com/client/rad/index.html' successfully

2024-11-07 17:45:44 - [TEST_STEP][PASSED] - orPath_Landing = "Object Repository/RAD_Pages/Landing_Page": null

2024-11-07 17:45:44 - [TEST_STEP][PASSED] - orPath_TaxTypeFilingYear = "Object Repository/RAD_Pages/TaxTypeFilingYear_Page": null

2024-11-07 17:45:44 - [TEST_STEP][PASSED] - orPath_TaxPayer = "Object Repository/RAD_Pages/Taxpayer_Page": null

2024-11-07 17:45:44 - [TEST_STEP][PASSED] - orPath_AddressContact = "Object Repository/RAD_Pages/AddressAndContactInfo_Page": null

2024-11-07 17:45:44 - [TEST_STEP][PASSED] - orPath_FilingStatus = "Object Repository/RAD_Pages/FilingStatus_Page": null

2024-11-07 17:45:44 - [TEST_STEP][PASSED] - orPath_Amount = "Object Repository/RAD_Pages/PaymentAmount_Page": null

2024-11-07 17:45:44 - [TEST_STEP][PASSED] - orPath_TaxInfo = "Object Repository/RAD_Pages/TaxInfo_Page": null

2024-11-07 17:45:44 - [TEST_STEP][PASSED] - orPath_Withholding = "Object Repository/RAD_Pages/Withholding_Page": null

2024-11-07 17:45:44 - [TEST_STEP][PASSED] - orPath_Summary = "Object Repository/RAD_Pages/Summary_Page": null

2024-11-07 17:45:44 - [TEST_STEP][PASSED] - orPath_PaymentReady = "Object Repository/RAD_Pages/PaymentReady_Page": null

2024-11-07 17:45:44 - [TEST_STEP][PASSED] - orPath_PaymentEntry = "Object Repository/RAD_Pages/PaymentEntry_Page": null

2024-11-07 17:45:44 - [TEST_STEP][PASSED] - orPath_PaymentConfirmation = "Object Repository/RAD_Pages/PaymentConfirmation_Page": null

2024-11-07 17:45:44 - [TEST_STEP][PASSED] - orPath_ServiceFeesAccept = "Object Repository/RAD_Pages/ServiceFeeAccept_Page": null

2024-11-07 17:45:44 - [TEST_STEP][PASSED] - selectOptionByLabel(findTestObject(orPath_Landing + "/dd_TaxType"), Taxtype, false): All options with label 'Existing Liability with Notice/Invoice Number' are selected in object 'Object Repository/RAD_Pages/Landing_Page/dd_TaxType' 

2024-11-07 17:45:45 - [MESSAGE][PASSED] - All options with label 'Existing Liability with Notice/Invoice Number' are selected in object 'Object Repository/RAD_Pages/Landing_Page/dd_TaxType' 

2024-11-07 17:45:45 - [TEST_STEP][PASSED] - delay(1): Delayed 1 second(s)

2024-11-07 17:45:46 - [MESSAGE][PASSED] - Delayed 1 second(s)

2024-11-07 17:45:46 - [TEST_STEP][PASSED] - selectOptionByLabel(findTestObject(orPath_TaxTypeFilingYear + "/select_TaxType_ExistingLiability"), TaxTypeEL, false): All options with label 'Motor Fuel Tax' are selected in object 'Object Repository/RAD_Pages/TaxTypeFilingYear_Page/select_TaxType_ExistingLiability' 

2024-11-07 17:45:47 - [MESSAGE][PASSED] - All options with label 'Motor Fuel Tax' are selected in object 'Object Repository/RAD_Pages/TaxTypeFilingYear_Page/select_TaxType_ExistingLiability' 

2024-11-07 17:45:47 - [TEST_STEP][PASSED] - setText(findTestObject(orPath_TaxInfo + "/input_NoticeInvoiceNumber"), notInvNumber): Text '0000000000' is set on object 'Object Repository/RAD_Pages/TaxInfo_Page/input_NoticeInvoiceNumber'

2024-11-07 17:45:48 - [MESSAGE][PASSED] - Text '0000000000' is set on object 'Object Repository/RAD_Pages/TaxInfo_Page/input_NoticeInvoiceNumber'

2024-11-07 17:45:48 - [TEST_STEP][PASSED] - setText(findTestObject(orPath_TaxInfo + "/input_reTypeNoticeInvoiceNumber"), notInvNumber): Text '0000000000' is set on object 'Object Repository/RAD_Pages/TaxInfo_Page/input_reTypeNoticeInvoiceNumber'

2024-11-07 17:45:48 - [MESSAGE][PASSED] - Text '0000000000' is set on object 'Object Repository/RAD_Pages/TaxInfo_Page/input_reTypeNoticeInvoiceNumber'

2024-11-07 17:45:48 - [TEST_STEP][PASSED] - println(notInvNumber): null

2024-11-07 17:45:48 - [TEST_STEP][PASSED] - if (verifyTextPresent(errorMsg, true)): null

2024-11-07 17:45:49 - [MESSAGE][PASSED] - Text 'Notice Number or Invoice Number must be 10, 11, or 13 digits in length, with a value greater than zero' is present on page  using regular expression

2024-11-07 17:45:49 - [TEST_STEP][PASSED] - println("Error Message is present on the page"): null

2024-11-07 17:45:49 - [TEST_STEP][PASSED] - out.println("Pass Record Number: " + row): null

2024-11-07 17:45:49 - [TEST_STEP][PASSED] - resText = "Pass": null

2024-11-07 17:45:49 - [TEST_STEP][PASSED] - pages.WriteExcel.demoKey(resText, datText, resColumn, datCloumn, fileLoc, nameSheet, row): pages.WriteExcel.demoKey is PASSED

2024-11-07 17:45:49 - [MESSAGE][PASSED] - pages.WriteExcel.demoKey is PASSED

2024-11-07 17:45:49 - [TEST_STEP][PASSED] - ExecuteTC = findTestData(dataFile).getValue("Execute", row): null

2024-11-07 17:45:49 - [TEST_STEP][PASSED] - Taxtype = findTestData(dataFile).getValue("TaxType", row): null

2024-11-07 17:45:49 - [TEST_STEP][PASSED] - TaxTypeEL = findTestData(dataFile).getValue("TaxTypeEL", row): null

2024-11-07 17:45:49 - [TEST_STEP][PASSED] - notInvNumber = findTestData(dataFile).getValue("NotiInvoNumber", row): null

2024-11-07 17:45:49 - [TEST_STEP][PASSED] - errorMsg = findTestData(dataFile).getValue("ErrorMessage", row): null

2024-11-07 17:45:49 - [TEST_STEP][PASSED] - out.println("Value of Execute is : " + ExecuteTC): null

2024-11-07 17:45:49 - [TEST_STEP][PASSED] - if (ExecuteTC.equalsIgnoreCase("Y")): null

2024-11-07 17:45:49 - [TEST_STEP][PASSED] - out.println("Begin Record Number: " + row): null

2024-11-07 17:45:49 - [TEST_STEP][PASSED] - today = new java.util.Date(): null

2024-11-07 17:45:49 - [TEST_STEP][PASSED] - println(today): null

2024-11-07 17:45:49 - [TEST_STEP][PASSED] - datText = today: null

2024-11-07 17:45:49 - [TEST_STEP][PASSED] - Taxtype = findTestData(dataFile).getValue("TaxType", row): null

2024-11-07 17:45:49 - [TEST_STEP][PASSED] - out.println("Taxtype value is : " + Taxtype): null

2024-11-07 17:45:49 - [TEST_STEP][PASSED] - openBrowser(""): Browser is opened with url: ''

2024-11-07 17:45:49 - [MESSAGE][WARNING] - A browser is already opened. Closing browser and opening a new one

2024-11-07 17:45:51 - [MESSAGE][INFO] - Starting 'Chrome' driver

2024-11-07 17:45:51 - [MESSAGE][INFO] - User set preference: ['acceptInsecureCerts', 'true']

2024-11-07 17:45:51 - [MESSAGE][INFO] - Action delay is set to 0 milliseconds

2024-11-07 17:45:53 - [MESSAGE][PASSED] - Browser is opened with url: ''

2024-11-07 17:45:53 - [TEST_STEP][PASSED] - maximizeWindow(): Current window maximized

2024-11-07 17:45:53 - [MESSAGE][PASSED] - Current window maximized

2024-11-07 17:45:53 - [TEST_STEP][PASSED] - navigateToUrl(RADurl): Navigate to 'https://www.velocitypayment.com/client/rad/index.html' successfully

2024-11-07 17:45:55 - [MESSAGE][PASSED] - Navigate to 'https://www.velocitypayment.com/client/rad/index.html' successfully

2024-11-07 17:45:55 - [TEST_STEP][PASSED] - orPath_Landing = "Object Repository/RAD_Pages/Landing_Page": null

2024-11-07 17:45:55 - [TEST_STEP][PASSED] - orPath_TaxTypeFilingYear = "Object Repository/RAD_Pages/TaxTypeFilingYear_Page": null

2024-11-07 17:45:55 - [TEST_STEP][PASSED] - orPath_TaxPayer = "Object Repository/RAD_Pages/Taxpayer_Page": null

2024-11-07 17:45:55 - [TEST_STEP][PASSED] - orPath_AddressContact = "Object Repository/RAD_Pages/AddressAndContactInfo_Page": null

2024-11-07 17:45:55 - [TEST_STEP][PASSED] - orPath_FilingStatus = "Object Repository/RAD_Pages/FilingStatus_Page": null

2024-11-07 17:45:55 - [TEST_STEP][PASSED] - orPath_Amount = "Object Repository/RAD_Pages/PaymentAmount_Page": null

2024-11-07 17:45:55 - [TEST_STEP][PASSED] - orPath_TaxInfo = "Object Repository/RAD_Pages/TaxInfo_Page": null

2024-11-07 17:45:55 - [TEST_STEP][PASSED] - orPath_Withholding = "Object Repository/RAD_Pages/Withholding_Page": null

2024-11-07 17:45:55 - [TEST_STEP][PASSED] - orPath_Summary = "Object Repository/RAD_Pages/Summary_Page": null

2024-11-07 17:45:55 - [TEST_STEP][PASSED] - orPath_PaymentReady = "Object Repository/RAD_Pages/PaymentReady_Page": null

2024-11-07 17:45:55 - [TEST_STEP][PASSED] - orPath_PaymentEntry = "Object Repository/RAD_Pages/PaymentEntry_Page": null

2024-11-07 17:45:55 - [TEST_STEP][PASSED] - orPath_PaymentConfirmation = "Object Repository/RAD_Pages/PaymentConfirmation_Page": null

2024-11-07 17:45:55 - [TEST_STEP][PASSED] - orPath_ServiceFeesAccept = "Object Repository/RAD_Pages/ServiceFeeAccept_Page": null

2024-11-07 17:45:55 - [TEST_STEP][PASSED] - selectOptionByLabel(findTestObject(orPath_Landing + "/dd_TaxType"), Taxtype, false): All options with label 'Existing Liability with Notice/Invoice Number' are selected in object 'Object Repository/RAD_Pages/Landing_Page/dd_TaxType' 

2024-11-07 17:45:56 - [MESSAGE][PASSED] - All options with label 'Existing Liability with Notice/Invoice Number' are selected in object 'Object Repository/RAD_Pages/Landing_Page/dd_TaxType' 

2024-11-07 17:45:56 - [TEST_STEP][PASSED] - delay(1): Delayed 1 second(s)

2024-11-07 17:45:57 - [MESSAGE][PASSED] - Delayed 1 second(s)

2024-11-07 17:45:57 - [TEST_STEP][PASSED] - selectOptionByLabel(findTestObject(orPath_TaxTypeFilingYear + "/select_TaxType_ExistingLiability"), TaxTypeEL, false): All options with label 'Slots License Fee' are selected in object 'Object Repository/RAD_Pages/TaxTypeFilingYear_Page/select_TaxType_ExistingLiability' 

2024-11-07 17:45:57 - [MESSAGE][PASSED] - All options with label 'Slots License Fee' are selected in object 'Object Repository/RAD_Pages/TaxTypeFilingYear_Page/select_TaxType_ExistingLiability' 

2024-11-07 17:45:57 - [TEST_STEP][PASSED] - setText(findTestObject(orPath_TaxInfo + "/input_NoticeInvoiceNumber"), notInvNumber): Text '123456789' is set on object 'Object Repository/RAD_Pages/TaxInfo_Page/input_NoticeInvoiceNumber'

2024-11-07 17:45:58 - [MESSAGE][PASSED] - Text '123456789' is set on object 'Object Repository/RAD_Pages/TaxInfo_Page/input_NoticeInvoiceNumber'

2024-11-07 17:45:58 - [TEST_STEP][PASSED] - setText(findTestObject(orPath_TaxInfo + "/input_reTypeNoticeInvoiceNumber"), notInvNumber): Text '123456789' is set on object 'Object Repository/RAD_Pages/TaxInfo_Page/input_reTypeNoticeInvoiceNumber'

2024-11-07 17:45:59 - [MESSAGE][PASSED] - Text '123456789' is set on object 'Object Repository/RAD_Pages/TaxInfo_Page/input_reTypeNoticeInvoiceNumber'

2024-11-07 17:45:59 - [TEST_STEP][PASSED] - println(notInvNumber): null

2024-11-07 17:45:59 - [TEST_STEP][PASSED] - if (verifyTextPresent(errorMsg, true)): null

2024-11-07 17:45:59 - [MESSAGE][PASSED] - Text 'Notice Number or Invoice Number must be 10, 11, or 13 digits in length, with a value greater than zero' is present on page  using regular expression

2024-11-07 17:45:59 - [TEST_STEP][PASSED] - println("Error Message is present on the page"): null

2024-11-07 17:45:59 - [TEST_STEP][PASSED] - out.println("Pass Record Number: " + row): null

2024-11-07 17:45:59 - [TEST_STEP][PASSED] - resText = "Pass": null

2024-11-07 17:45:59 - [TEST_STEP][PASSED] - pages.WriteExcel.demoKey(resText, datText, resColumn, datCloumn, fileLoc, nameSheet, row): pages.WriteExcel.demoKey is PASSED

2024-11-07 17:45:59 - [MESSAGE][PASSED] - pages.WriteExcel.demoKey is PASSED

2024-11-07 17:45:59 - [TEST_STEP][PASSED] - ExecuteTC = findTestData(dataFile).getValue("Execute", row): null

2024-11-07 17:46:00 - [TEST_STEP][PASSED] - Taxtype = findTestData(dataFile).getValue("TaxType", row): null

2024-11-07 17:46:00 - [TEST_STEP][PASSED] - TaxTypeEL = findTestData(dataFile).getValue("TaxTypeEL", row): null

2024-11-07 17:46:00 - [TEST_STEP][PASSED] - notInvNumber = findTestData(dataFile).getValue("NotiInvoNumber", row): null

2024-11-07 17:46:00 - [TEST_STEP][PASSED] - errorMsg = findTestData(dataFile).getValue("ErrorMessage", row): null

2024-11-07 17:46:00 - [TEST_STEP][PASSED] - out.println("Value of Execute is : " + ExecuteTC): null

2024-11-07 17:46:00 - [TEST_STEP][PASSED] - if (ExecuteTC.equalsIgnoreCase("Y")): null

2024-11-07 17:46:00 - [TEST_STEP][PASSED] - out.println("Begin Record Number: " + row): null

2024-11-07 17:46:00 - [TEST_STEP][PASSED] - today = new java.util.Date(): null

2024-11-07 17:46:00 - [TEST_STEP][PASSED] - println(today): null

2024-11-07 17:46:00 - [TEST_STEP][PASSED] - datText = today: null

2024-11-07 17:46:00 - [TEST_STEP][PASSED] - Taxtype = findTestData(dataFile).getValue("TaxType", row): null

2024-11-07 17:46:00 - [TEST_STEP][PASSED] - out.println("Taxtype value is : " + Taxtype): null

2024-11-07 17:46:00 - [TEST_STEP][PASSED] - openBrowser(""): Browser is opened with url: ''

2024-11-07 17:46:00 - [MESSAGE][WARNING] - A browser is already opened. Closing browser and opening a new one

2024-11-07 17:46:02 - [MESSAGE][INFO] - Starting 'Chrome' driver

2024-11-07 17:46:02 - [MESSAGE][INFO] - User set preference: ['acceptInsecureCerts', 'true']

2024-11-07 17:46:02 - [MESSAGE][INFO] - Action delay is set to 0 milliseconds

2024-11-07 17:46:03 - [MESSAGE][PASSED] - Browser is opened with url: ''

2024-11-07 17:46:03 - [TEST_STEP][PASSED] - maximizeWindow(): Current window maximized

2024-11-07 17:46:03 - [MESSAGE][PASSED] - Current window maximized

2024-11-07 17:46:03 - [TEST_STEP][PASSED] - navigateToUrl(RADurl): Navigate to 'https://www.velocitypayment.com/client/rad/index.html' successfully

2024-11-07 17:46:05 - [MESSAGE][PASSED] - Navigate to 'https://www.velocitypayment.com/client/rad/index.html' successfully

2024-11-07 17:46:05 - [TEST_STEP][PASSED] - orPath_Landing = "Object Repository/RAD_Pages/Landing_Page": null

2024-11-07 17:46:05 - [TEST_STEP][PASSED] - orPath_TaxTypeFilingYear = "Object Repository/RAD_Pages/TaxTypeFilingYear_Page": null

2024-11-07 17:46:05 - [TEST_STEP][PASSED] - orPath_TaxPayer = "Object Repository/RAD_Pages/Taxpayer_Page": null

2024-11-07 17:46:05 - [TEST_STEP][PASSED] - orPath_AddressContact = "Object Repository/RAD_Pages/AddressAndContactInfo_Page": null

2024-11-07 17:46:05 - [TEST_STEP][PASSED] - orPath_FilingStatus = "Object Repository/RAD_Pages/FilingStatus_Page": null

2024-11-07 17:46:05 - [TEST_STEP][PASSED] - orPath_Amount = "Object Repository/RAD_Pages/PaymentAmount_Page": null

2024-11-07 17:46:05 - [TEST_STEP][PASSED] - orPath_TaxInfo = "Object Repository/RAD_Pages/TaxInfo_Page": null

2024-11-07 17:46:05 - [TEST_STEP][PASSED] - orPath_Withholding = "Object Repository/RAD_Pages/Withholding_Page": null

2024-11-07 17:46:05 - [TEST_STEP][PASSED] - orPath_Summary = "Object Repository/RAD_Pages/Summary_Page": null

2024-11-07 17:46:05 - [TEST_STEP][PASSED] - orPath_PaymentReady = "Object Repository/RAD_Pages/PaymentReady_Page": null

2024-11-07 17:46:05 - [TEST_STEP][PASSED] - orPath_PaymentEntry = "Object Repository/RAD_Pages/PaymentEntry_Page": null

2024-11-07 17:46:05 - [TEST_STEP][PASSED] - orPath_PaymentConfirmation = "Object Repository/RAD_Pages/PaymentConfirmation_Page": null

2024-11-07 17:46:05 - [TEST_STEP][PASSED] - orPath_ServiceFeesAccept = "Object Repository/RAD_Pages/ServiceFeeAccept_Page": null

2024-11-07 17:46:05 - [TEST_STEP][PASSED] - selectOptionByLabel(findTestObject(orPath_Landing + "/dd_TaxType"), Taxtype, false): All options with label 'Existing Liability with Notice/Invoice Number' are selected in object 'Object Repository/RAD_Pages/Landing_Page/dd_TaxType' 

2024-11-07 17:46:06 - [MESSAGE][PASSED] - All options with label 'Existing Liability with Notice/Invoice Number' are selected in object 'Object Repository/RAD_Pages/Landing_Page/dd_TaxType' 

2024-11-07 17:46:06 - [TEST_STEP][PASSED] - delay(1): Delayed 1 second(s)

2024-11-07 17:46:07 - [MESSAGE][PASSED] - Delayed 1 second(s)

2024-11-07 17:46:07 - [TEST_STEP][PASSED] - selectOptionByLabel(findTestObject(orPath_TaxTypeFilingYear + "/select_TaxType_ExistingLiability"), TaxTypeEL, false): All options with label 'Slots License Fee' are selected in object 'Object Repository/RAD_Pages/TaxTypeFilingYear_Page/select_TaxType_ExistingLiability' 

2024-11-07 17:46:08 - [MESSAGE][PASSED] - All options with label 'Slots License Fee' are selected in object 'Object Repository/RAD_Pages/TaxTypeFilingYear_Page/select_TaxType_ExistingLiability' 

2024-11-07 17:46:08 - [TEST_STEP][PASSED] - setText(findTestObject(orPath_TaxInfo + "/input_NoticeInvoiceNumber"), notInvNumber): Text '123456789012' is set on object 'Object Repository/RAD_Pages/TaxInfo_Page/input_NoticeInvoiceNumber'

2024-11-07 17:46:08 - [MESSAGE][PASSED] - Text '123456789012' is set on object 'Object Repository/RAD_Pages/TaxInfo_Page/input_NoticeInvoiceNumber'

2024-11-07 17:46:08 - [TEST_STEP][PASSED] - setText(findTestObject(orPath_TaxInfo + "/input_reTypeNoticeInvoiceNumber"), notInvNumber): Text '123456789012' is set on object 'Object Repository/RAD_Pages/TaxInfo_Page/input_reTypeNoticeInvoiceNumber'

2024-11-07 17:46:09 - [MESSAGE][PASSED] - Text '123456789012' is set on object 'Object Repository/RAD_Pages/TaxInfo_Page/input_reTypeNoticeInvoiceNumber'

2024-11-07 17:46:09 - [TEST_STEP][PASSED] - println(notInvNumber): null

2024-11-07 17:46:09 - [TEST_STEP][PASSED] - if (verifyTextPresent(errorMsg, true)): null

2024-11-07 17:46:10 - [MESSAGE][PASSED] - Text 'Notice Number or Invoice Number must be 10, 11, or 13 digits in length, with a value greater than zero' is present on page  using regular expression

2024-11-07 17:46:10 - [TEST_STEP][PASSED] - println("Error Message is present on the page"): null

2024-11-07 17:46:10 - [TEST_STEP][PASSED] - out.println("Pass Record Number: " + row): null

2024-11-07 17:46:10 - [TEST_STEP][PASSED] - resText = "Pass": null

2024-11-07 17:46:10 - [TEST_STEP][PASSED] - pages.WriteExcel.demoKey(resText, datText, resColumn, datCloumn, fileLoc, nameSheet, row): pages.WriteExcel.demoKey is PASSED

2024-11-07 17:46:10 - [MESSAGE][PASSED] - pages.WriteExcel.demoKey is PASSED

2024-11-07 17:46:10 - [TEST_STEP][PASSED] - ExecuteTC = findTestData(dataFile).getValue("Execute", row): null

2024-11-07 17:46:10 - [TEST_STEP][PASSED] - Taxtype = findTestData(dataFile).getValue("TaxType", row): null

2024-11-07 17:46:10 - [TEST_STEP][PASSED] - TaxTypeEL = findTestData(dataFile).getValue("TaxTypeEL", row): null

2024-11-07 17:46:10 - [TEST_STEP][PASSED] - notInvNumber = findTestData(dataFile).getValue("NotiInvoNumber", row): null

2024-11-07 17:46:10 - [TEST_STEP][PASSED] - errorMsg = findTestData(dataFile).getValue("ErrorMessage", row): null

2024-11-07 17:46:10 - [TEST_STEP][PASSED] - out.println("Value of Execute is : " + ExecuteTC): null

2024-11-07 17:46:10 - [TEST_STEP][PASSED] - if (ExecuteTC.equalsIgnoreCase("Y")): null

2024-11-07 17:46:10 - [TEST_STEP][PASSED] - out.println("Begin Record Number: " + row): null

2024-11-07 17:46:10 - [TEST_STEP][PASSED] - today = new java.util.Date(): null

2024-11-07 17:46:10 - [TEST_STEP][PASSED] - println(today): null

2024-11-07 17:46:10 - [TEST_STEP][PASSED] - datText = today: null

2024-11-07 17:46:10 - [TEST_STEP][PASSED] - Taxtype = findTestData(dataFile).getValue("TaxType", row): null

2024-11-07 17:46:10 - [TEST_STEP][PASSED] - out.println("Taxtype value is : " + Taxtype): null

2024-11-07 17:46:10 - [TEST_STEP][PASSED] - openBrowser(""): Browser is opened with url: ''

2024-11-07 17:46:10 - [MESSAGE][WARNING] - A browser is already opened. Closing browser and opening a new one

2024-11-07 17:46:12 - [MESSAGE][INFO] - Starting 'Chrome' driver

2024-11-07 17:46:12 - [MESSAGE][INFO] - User set preference: ['acceptInsecureCerts', 'true']

2024-11-07 17:46:12 - [MESSAGE][INFO] - Action delay is set to 0 milliseconds

2024-11-07 17:46:14 - [MESSAGE][PASSED] - Browser is opened with url: ''

2024-11-07 17:46:14 - [TEST_STEP][PASSED] - maximizeWindow(): Current window maximized

2024-11-07 17:46:14 - [MESSAGE][PASSED] - Current window maximized

2024-11-07 17:46:14 - [TEST_STEP][PASSED] - navigateToUrl(RADurl): Navigate to 'https://www.velocitypayment.com/client/rad/index.html' successfully

2024-11-07 17:46:14 - [MESSAGE][PASSED] - Navigate to 'https://www.velocitypayment.com/client/rad/index.html' successfully

2024-11-07 17:46:14 - [TEST_STEP][PASSED] - orPath_Landing = "Object Repository/RAD_Pages/Landing_Page": null

2024-11-07 17:46:14 - [TEST_STEP][PASSED] - orPath_TaxTypeFilingYear = "Object Repository/RAD_Pages/TaxTypeFilingYear_Page": null

2024-11-07 17:46:14 - [TEST_STEP][PASSED] - orPath_TaxPayer = "Object Repository/RAD_Pages/Taxpayer_Page": null

2024-11-07 17:46:14 - [TEST_STEP][PASSED] - orPath_AddressContact = "Object Repository/RAD_Pages/AddressAndContactInfo_Page": null

2024-11-07 17:46:14 - [TEST_STEP][PASSED] - orPath_FilingStatus = "Object Repository/RAD_Pages/FilingStatus_Page": null

2024-11-07 17:46:14 - [TEST_STEP][PASSED] - orPath_Amount = "Object Repository/RAD_Pages/PaymentAmount_Page": null

2024-11-07 17:46:14 - [TEST_STEP][PASSED] - orPath_TaxInfo = "Object Repository/RAD_Pages/TaxInfo_Page": null

2024-11-07 17:46:14 - [TEST_STEP][PASSED] - orPath_Withholding = "Object Repository/RAD_Pages/Withholding_Page": null

2024-11-07 17:46:14 - [TEST_STEP][PASSED] - orPath_Summary = "Object Repository/RAD_Pages/Summary_Page": null

2024-11-07 17:46:14 - [TEST_STEP][PASSED] - orPath_PaymentReady = "Object Repository/RAD_Pages/PaymentReady_Page": null

2024-11-07 17:46:14 - [TEST_STEP][PASSED] - orPath_PaymentEntry = "Object Repository/RAD_Pages/PaymentEntry_Page": null

2024-11-07 17:46:14 - [TEST_STEP][PASSED] - orPath_PaymentConfirmation = "Object Repository/RAD_Pages/PaymentConfirmation_Page": null

2024-11-07 17:46:14 - [TEST_STEP][PASSED] - orPath_ServiceFeesAccept = "Object Repository/RAD_Pages/ServiceFeeAccept_Page": null

2024-11-07 17:46:14 - [TEST_STEP][PASSED] - selectOptionByLabel(findTestObject(orPath_Landing + "/dd_TaxType"), Taxtype, false): All options with label 'Existing Liability with Notice/Invoice Number' are selected in object 'Object Repository/RAD_Pages/Landing_Page/dd_TaxType' 

2024-11-07 17:46:16 - [MESSAGE][PASSED] - All options with label 'Existing Liability with Notice/Invoice Number' are selected in object 'Object Repository/RAD_Pages/Landing_Page/dd_TaxType' 

2024-11-07 17:46:16 - [TEST_STEP][PASSED] - delay(1): Delayed 1 second(s)

2024-11-07 17:46:17 - [MESSAGE][PASSED] - Delayed 1 second(s)

2024-11-07 17:46:17 - [TEST_STEP][PASSED] - selectOptionByLabel(findTestObject(orPath_TaxTypeFilingYear + "/select_TaxType_ExistingLiability"), TaxTypeEL, false): All options with label 'Slots License Fee' are selected in object 'Object Repository/RAD_Pages/TaxTypeFilingYear_Page/select_TaxType_ExistingLiability' 

2024-11-07 17:46:18 - [MESSAGE][PASSED] - All options with label 'Slots License Fee' are selected in object 'Object Repository/RAD_Pages/TaxTypeFilingYear_Page/select_TaxType_ExistingLiability' 

2024-11-07 17:46:18 - [TEST_STEP][PASSED] - setText(findTestObject(orPath_TaxInfo + "/input_NoticeInvoiceNumber"), notInvNumber): Text '0000000000' is set on object 'Object Repository/RAD_Pages/TaxInfo_Page/input_NoticeInvoiceNumber'

2024-11-07 17:46:19 - [MESSAGE][PASSED] - Text '0000000000' is set on object 'Object Repository/RAD_Pages/TaxInfo_Page/input_NoticeInvoiceNumber'

2024-11-07 17:46:19 - [TEST_STEP][PASSED] - setText(findTestObject(orPath_TaxInfo + "/input_reTypeNoticeInvoiceNumber"), notInvNumber): Text '0000000000' is set on object 'Object Repository/RAD_Pages/TaxInfo_Page/input_reTypeNoticeInvoiceNumber'

2024-11-07 17:46:20 - [MESSAGE][PASSED] - Text '0000000000' is set on object 'Object Repository/RAD_Pages/TaxInfo_Page/input_reTypeNoticeInvoiceNumber'

2024-11-07 17:46:20 - [TEST_STEP][PASSED] - println(notInvNumber): null

2024-11-07 17:46:20 - [TEST_STEP][PASSED] - if (verifyTextPresent(errorMsg, true)): null

2024-11-07 17:46:20 - [MESSAGE][PASSED] - Text 'Notice Number or Invoice Number must be 10, 11, or 13 digits in length, with a value greater than zero' is present on page  using regular expression

2024-11-07 17:46:20 - [TEST_STEP][PASSED] - println("Error Message is present on the page"): null

2024-11-07 17:46:20 - [TEST_STEP][PASSED] - out.println("Pass Record Number: " + row): null

2024-11-07 17:46:20 - [TEST_STEP][PASSED] - resText = "Pass": null

2024-11-07 17:46:20 - [TEST_STEP][PASSED] - pages.WriteExcel.demoKey(resText, datText, resColumn, datCloumn, fileLoc, nameSheet, row): pages.WriteExcel.demoKey is PASSED

2024-11-07 17:46:20 - [MESSAGE][PASSED] - pages.WriteExcel.demoKey is PASSED

2024-11-07 17:46:20 - [TEST_STEP][PASSED] - ExecuteTC = findTestData(dataFile).getValue("Execute", row): null

2024-11-07 17:46:20 - [TEST_STEP][PASSED] - Taxtype = findTestData(dataFile).getValue("TaxType", row): null

2024-11-07 17:46:21 - [TEST_STEP][PASSED] - TaxTypeEL = findTestData(dataFile).getValue("TaxTypeEL", row): null

2024-11-07 17:46:21 - [TEST_STEP][PASSED] - notInvNumber = findTestData(dataFile).getValue("NotiInvoNumber", row): null

2024-11-07 17:46:21 - [TEST_STEP][PASSED] - errorMsg = findTestData(dataFile).getValue("ErrorMessage", row): null

2024-11-07 17:46:21 - [TEST_STEP][PASSED] - out.println("Value of Execute is : " + ExecuteTC): null

2024-11-07 17:46:21 - [TEST_STEP][PASSED] - if (ExecuteTC.equalsIgnoreCase("Y")): null

2024-11-07 17:46:21 - [TEST_STEP][PASSED] - out.println("Begin Record Number: " + row): null

2024-11-07 17:46:21 - [TEST_STEP][PASSED] - today = new java.util.Date(): null

2024-11-07 17:46:21 - [TEST_STEP][PASSED] - println(today): null

2024-11-07 17:46:21 - [TEST_STEP][PASSED] - datText = today: null

2024-11-07 17:46:21 - [TEST_STEP][PASSED] - Taxtype = findTestData(dataFile).getValue("TaxType", row): null

2024-11-07 17:46:21 - [TEST_STEP][PASSED] - out.println("Taxtype value is : " + Taxtype): null

2024-11-07 17:46:21 - [TEST_STEP][PASSED] - openBrowser(""): Browser is opened with url: ''

2024-11-07 17:46:21 - [MESSAGE][WARNING] - A browser is already opened. Closing browser and opening a new one

2024-11-07 17:46:23 - [MESSAGE][INFO] - Starting 'Chrome' driver

2024-11-07 17:46:23 - [MESSAGE][INFO] - User set preference: ['acceptInsecureCerts', 'true']

2024-11-07 17:46:23 - [MESSAGE][INFO] - Action delay is set to 0 milliseconds

2024-11-07 17:46:24 - [MESSAGE][PASSED] - Browser is opened with url: ''

2024-11-07 17:46:24 - [TEST_STEP][PASSED] - maximizeWindow(): Current window maximized

2024-11-07 17:46:25 - [MESSAGE][PASSED] - Current window maximized

2024-11-07 17:46:25 - [TEST_STEP][PASSED] - navigateToUrl(RADurl): Navigate to 'https://www.velocitypayment.com/client/rad/index.html' successfully

2024-11-07 17:46:27 - [MESSAGE][PASSED] - Navigate to 'https://www.velocitypayment.com/client/rad/index.html' successfully

2024-11-07 17:46:27 - [TEST_STEP][PASSED] - orPath_Landing = "Object Repository/RAD_Pages/Landing_Page": null

2024-11-07 17:46:27 - [TEST_STEP][PASSED] - orPath_TaxTypeFilingYear = "Object Repository/RAD_Pages/TaxTypeFilingYear_Page": null

2024-11-07 17:46:27 - [TEST_STEP][PASSED] - orPath_TaxPayer = "Object Repository/RAD_Pages/Taxpayer_Page": null

2024-11-07 17:46:27 - [TEST_STEP][PASSED] - orPath_AddressContact = "Object Repository/RAD_Pages/AddressAndContactInfo_Page": null

2024-11-07 17:46:27 - [TEST_STEP][PASSED] - orPath_FilingStatus = "Object Repository/RAD_Pages/FilingStatus_Page": null

2024-11-07 17:46:27 - [TEST_STEP][PASSED] - orPath_Amount = "Object Repository/RAD_Pages/PaymentAmount_Page": null

2024-11-07 17:46:27 - [TEST_STEP][PASSED] - orPath_TaxInfo = "Object Repository/RAD_Pages/TaxInfo_Page": null

2024-11-07 17:46:27 - [TEST_STEP][PASSED] - orPath_Withholding = "Object Repository/RAD_Pages/Withholding_Page": null

2024-11-07 17:46:27 - [TEST_STEP][PASSED] - orPath_Summary = "Object Repository/RAD_Pages/Summary_Page": null

2024-11-07 17:46:27 - [TEST_STEP][PASSED] - orPath_PaymentReady = "Object Repository/RAD_Pages/PaymentReady_Page": null

2024-11-07 17:46:27 - [TEST_STEP][PASSED] - orPath_PaymentEntry = "Object Repository/RAD_Pages/PaymentEntry_Page": null

2024-11-07 17:46:27 - [TEST_STEP][PASSED] - orPath_PaymentConfirmation = "Object Repository/RAD_Pages/PaymentConfirmation_Page": null

2024-11-07 17:46:27 - [TEST_STEP][PASSED] - orPath_ServiceFeesAccept = "Object Repository/RAD_Pages/ServiceFeeAccept_Page": null

2024-11-07 17:46:27 - [TEST_STEP][PASSED] - selectOptionByLabel(findTestObject(orPath_Landing + "/dd_TaxType"), Taxtype, false): All options with label 'Existing Liability with Notice/Invoice Number' are selected in object 'Object Repository/RAD_Pages/Landing_Page/dd_TaxType' 

2024-11-07 17:46:27 - [MESSAGE][PASSED] - All options with label 'Existing Liability with Notice/Invoice Number' are selected in object 'Object Repository/RAD_Pages/Landing_Page/dd_TaxType' 

2024-11-07 17:46:27 - [TEST_STEP][PASSED] - delay(1): Delayed 1 second(s)

2024-11-07 17:46:28 - [MESSAGE][PASSED] - Delayed 1 second(s)

2024-11-07 17:46:28 - [TEST_STEP][PASSED] - selectOptionByLabel(findTestObject(orPath_TaxTypeFilingYear + "/select_TaxType_ExistingLiability"), TaxTypeEL, false): All options with label 'Tobacco Tax' are selected in object 'Object Repository/RAD_Pages/TaxTypeFilingYear_Page/select_TaxType_ExistingLiability' 

2024-11-07 17:46:29 - [MESSAGE][PASSED] - All options with label 'Tobacco Tax' are selected in object 'Object Repository/RAD_Pages/TaxTypeFilingYear_Page/select_TaxType_ExistingLiability' 

2024-11-07 17:46:29 - [TEST_STEP][PASSED] - setText(findTestObject(orPath_TaxInfo + "/input_NoticeInvoiceNumber"), notInvNumber): Text '123456789' is set on object 'Object Repository/RAD_Pages/TaxInfo_Page/input_NoticeInvoiceNumber'

2024-11-07 17:46:30 - [MESSAGE][PASSED] - Text '123456789' is set on object 'Object Repository/RAD_Pages/TaxInfo_Page/input_NoticeInvoiceNumber'

2024-11-07 17:46:30 - [TEST_STEP][PASSED] - setText(findTestObject(orPath_TaxInfo + "/input_reTypeNoticeInvoiceNumber"), notInvNumber): Text '123456789' is set on object 'Object Repository/RAD_Pages/TaxInfo_Page/input_reTypeNoticeInvoiceNumber'

2024-11-07 17:46:31 - [MESSAGE][PASSED] - Text '123456789' is set on object 'Object Repository/RAD_Pages/TaxInfo_Page/input_reTypeNoticeInvoiceNumber'

2024-11-07 17:46:31 - [TEST_STEP][PASSED] - println(notInvNumber): null

2024-11-07 17:46:31 - [TEST_STEP][PASSED] - if (verifyTextPresent(errorMsg, true)): null

2024-11-07 17:46:31 - [MESSAGE][PASSED] - Text 'Notice Number or Invoice Number must be 10, 11, or 13 digits in length, with a value greater than zero' is present on page  using regular expression

2024-11-07 17:46:31 - [TEST_STEP][PASSED] - println("Error Message is present on the page"): null

2024-11-07 17:46:31 - [TEST_STEP][PASSED] - out.println("Pass Record Number: " + row): null

2024-11-07 17:46:31 - [TEST_STEP][PASSED] - resText = "Pass": null

2024-11-07 17:46:31 - [TEST_STEP][PASSED] - pages.WriteExcel.demoKey(resText, datText, resColumn, datCloumn, fileLoc, nameSheet, row): pages.WriteExcel.demoKey is PASSED

2024-11-07 17:46:31 - [MESSAGE][PASSED] - pages.WriteExcel.demoKey is PASSED

2024-11-07 17:46:31 - [TEST_STEP][PASSED] - ExecuteTC = findTestData(dataFile).getValue("Execute", row): null

2024-11-07 17:46:31 - [TEST_STEP][PASSED] - Taxtype = findTestData(dataFile).getValue("TaxType", row): null

2024-11-07 17:46:31 - [TEST_STEP][PASSED] - TaxTypeEL = findTestData(dataFile).getValue("TaxTypeEL", row): null

2024-11-07 17:46:31 - [TEST_STEP][PASSED] - notInvNumber = findTestData(dataFile).getValue("NotiInvoNumber", row): null

2024-11-07 17:46:31 - [TEST_STEP][PASSED] - errorMsg = findTestData(dataFile).getValue("ErrorMessage", row): null

2024-11-07 17:46:31 - [TEST_STEP][PASSED] - out.println("Value of Execute is : " + ExecuteTC): null

2024-11-07 17:46:31 - [TEST_STEP][PASSED] - if (ExecuteTC.equalsIgnoreCase("Y")): null

2024-11-07 17:46:31 - [TEST_STEP][PASSED] - out.println("Begin Record Number: " + row): null

2024-11-07 17:46:31 - [TEST_STEP][PASSED] - today = new java.util.Date(): null

2024-11-07 17:46:31 - [TEST_STEP][PASSED] - println(today): null

2024-11-07 17:46:31 - [TEST_STEP][PASSED] - datText = today: null

2024-11-07 17:46:31 - [TEST_STEP][PASSED] - Taxtype = findTestData(dataFile).getValue("TaxType", row): null

2024-11-07 17:46:31 - [TEST_STEP][PASSED] - out.println("Taxtype value is : " + Taxtype): null

2024-11-07 17:46:31 - [TEST_STEP][PASSED] - openBrowser(""): Browser is opened with url: ''

2024-11-07 17:46:31 - [MESSAGE][WARNING] - A browser is already opened. Closing browser and opening a new one

2024-11-07 17:46:33 - [MESSAGE][INFO] - Starting 'Chrome' driver

2024-11-07 17:46:33 - [MESSAGE][INFO] - User set preference: ['acceptInsecureCerts', 'true']

2024-11-07 17:46:33 - [MESSAGE][INFO] - Action delay is set to 0 milliseconds

2024-11-07 17:46:35 - [MESSAGE][PASSED] - Browser is opened with url: ''

2024-11-07 17:46:35 - [TEST_STEP][PASSED] - maximizeWindow(): Current window maximized

2024-11-07 17:46:35 - [MESSAGE][PASSED] - Current window maximized

2024-11-07 17:46:35 - [TEST_STEP][PASSED] - navigateToUrl(RADurl): Navigate to 'https://www.velocitypayment.com/client/rad/index.html' successfully

2024-11-07 17:46:37 - [MESSAGE][PASSED] - Navigate to 'https://www.velocitypayment.com/client/rad/index.html' successfully

2024-11-07 17:46:37 - [TEST_STEP][PASSED] - orPath_Landing = "Object Repository/RAD_Pages/Landing_Page": null

2024-11-07 17:46:37 - [TEST_STEP][PASSED] - orPath_TaxTypeFilingYear = "Object Repository/RAD_Pages/TaxTypeFilingYear_Page": null

2024-11-07 17:46:37 - [TEST_STEP][PASSED] - orPath_TaxPayer = "Object Repository/RAD_Pages/Taxpayer_Page": null

2024-11-07 17:46:37 - [TEST_STEP][PASSED] - orPath_AddressContact = "Object Repository/RAD_Pages/AddressAndContactInfo_Page": null

2024-11-07 17:46:37 - [TEST_STEP][PASSED] - orPath_FilingStatus = "Object Repository/RAD_Pages/FilingStatus_Page": null

2024-11-07 17:46:37 - [TEST_STEP][PASSED] - orPath_Amount = "Object Repository/RAD_Pages/PaymentAmount_Page": null

2024-11-07 17:46:37 - [TEST_STEP][PASSED] - orPath_TaxInfo = "Object Repository/RAD_Pages/TaxInfo_Page": null

2024-11-07 17:46:37 - [TEST_STEP][PASSED] - orPath_Withholding = "Object Repository/RAD_Pages/Withholding_Page": null

2024-11-07 17:46:37 - [TEST_STEP][PASSED] - orPath_Summary = "Object Repository/RAD_Pages/Summary_Page": null

2024-11-07 17:46:37 - [TEST_STEP][PASSED] - orPath_PaymentReady = "Object Repository/RAD_Pages/PaymentReady_Page": null

2024-11-07 17:46:37 - [TEST_STEP][PASSED] - orPath_PaymentEntry = "Object Repository/RAD_Pages/PaymentEntry_Page": null

2024-11-07 17:46:37 - [TEST_STEP][PASSED] - orPath_PaymentConfirmation = "Object Repository/RAD_Pages/PaymentConfirmation_Page": null

2024-11-07 17:46:37 - [TEST_STEP][PASSED] - orPath_ServiceFeesAccept = "Object Repository/RAD_Pages/ServiceFeeAccept_Page": null

2024-11-07 17:46:37 - [TEST_STEP][PASSED] - selectOptionByLabel(findTestObject(orPath_Landing + "/dd_TaxType"), Taxtype, false): All options with label 'Existing Liability with Notice/Invoice Number' are selected in object 'Object Repository/RAD_Pages/Landing_Page/dd_TaxType' 

2024-11-07 17:46:37 - [MESSAGE][PASSED] - All options with label 'Existing Liability with Notice/Invoice Number' are selected in object 'Object Repository/RAD_Pages/Landing_Page/dd_TaxType' 

2024-11-07 17:46:37 - [TEST_STEP][PASSED] - delay(1): Delayed 1 second(s)

2024-11-07 17:46:38 - [MESSAGE][PASSED] - Delayed 1 second(s)

2024-11-07 17:46:38 - [TEST_STEP][PASSED] - selectOptionByLabel(findTestObject(orPath_TaxTypeFilingYear + "/select_TaxType_ExistingLiability"), TaxTypeEL, false): All options with label 'Tobacco Tax' are selected in object 'Object Repository/RAD_Pages/TaxTypeFilingYear_Page/select_TaxType_ExistingLiability' 

2024-11-07 17:46:39 - [MESSAGE][PASSED] - All options with label 'Tobacco Tax' are selected in object 'Object Repository/RAD_Pages/TaxTypeFilingYear_Page/select_TaxType_ExistingLiability' 

2024-11-07 17:46:39 - [TEST_STEP][PASSED] - setText(findTestObject(orPath_TaxInfo + "/input_NoticeInvoiceNumber"), notInvNumber): Text '123456789012' is set on object 'Object Repository/RAD_Pages/TaxInfo_Page/input_NoticeInvoiceNumber'

2024-11-07 17:46:40 - [MESSAGE][PASSED] - Text '123456789012' is set on object 'Object Repository/RAD_Pages/TaxInfo_Page/input_NoticeInvoiceNumber'

2024-11-07 17:46:40 - [TEST_STEP][PASSED] - setText(findTestObject(orPath_TaxInfo + "/input_reTypeNoticeInvoiceNumber"), notInvNumber): Text '123456789012' is set on object 'Object Repository/RAD_Pages/TaxInfo_Page/input_reTypeNoticeInvoiceNumber'

2024-11-07 17:46:41 - [MESSAGE][PASSED] - Text '123456789012' is set on object 'Object Repository/RAD_Pages/TaxInfo_Page/input_reTypeNoticeInvoiceNumber'

2024-11-07 17:46:41 - [TEST_STEP][PASSED] - println(notInvNumber): null

2024-11-07 17:46:41 - [TEST_STEP][PASSED] - if (verifyTextPresent(errorMsg, true)): null

2024-11-07 17:46:41 - [MESSAGE][PASSED] - Text 'Notice Number or Invoice Number must be 10, 11, or 13 digits in length, with a value greater than zero' is present on page  using regular expression

2024-11-07 17:46:41 - [TEST_STEP][PASSED] - println("Error Message is present on the page"): null

2024-11-07 17:46:41 - [TEST_STEP][PASSED] - out.println("Pass Record Number: " + row): null

2024-11-07 17:46:41 - [TEST_STEP][PASSED] - resText = "Pass": null

2024-11-07 17:46:41 - [TEST_STEP][PASSED] - pages.WriteExcel.demoKey(resText, datText, resColumn, datCloumn, fileLoc, nameSheet, row): pages.WriteExcel.demoKey is PASSED

2024-11-07 17:46:41 - [MESSAGE][PASSED] - pages.WriteExcel.demoKey is PASSED

2024-11-07 17:46:41 - [TEST_STEP][PASSED] - ExecuteTC = findTestData(dataFile).getValue("Execute", row): null

2024-11-07 17:46:41 - [TEST_STEP][PASSED] - Taxtype = findTestData(dataFile).getValue("TaxType", row): null

2024-11-07 17:46:41 - [TEST_STEP][PASSED] - TaxTypeEL = findTestData(dataFile).getValue("TaxTypeEL", row): null

2024-11-07 17:46:41 - [TEST_STEP][PASSED] - notInvNumber = findTestData(dataFile).getValue("NotiInvoNumber", row): null

2024-11-07 17:46:41 - [TEST_STEP][PASSED] - errorMsg = findTestData(dataFile).getValue("ErrorMessage", row): null

2024-11-07 17:46:42 - [TEST_STEP][PASSED] - out.println("Value of Execute is : " + ExecuteTC): null

2024-11-07 17:46:42 - [TEST_STEP][PASSED] - if (ExecuteTC.equalsIgnoreCase("Y")): null

2024-11-07 17:46:42 - [TEST_STEP][PASSED] - out.println("Begin Record Number: " + row): null

2024-11-07 17:46:42 - [TEST_STEP][PASSED] - today = new java.util.Date(): null

2024-11-07 17:46:42 - [TEST_STEP][PASSED] - println(today): null

2024-11-07 17:46:42 - [TEST_STEP][PASSED] - datText = today: null

2024-11-07 17:46:42 - [TEST_STEP][PASSED] - Taxtype = findTestData(dataFile).getValue("TaxType", row): null

2024-11-07 17:46:42 - [TEST_STEP][PASSED] - out.println("Taxtype value is : " + Taxtype): null

2024-11-07 17:46:42 - [TEST_STEP][PASSED] - openBrowser(""): Browser is opened with url: ''

2024-11-07 17:46:42 - [MESSAGE][WARNING] - A browser is already opened. Closing browser and opening a new one

2024-11-07 17:46:43 - [MESSAGE][INFO] - Starting 'Chrome' driver

2024-11-07 17:46:43 - [MESSAGE][INFO] - User set preference: ['acceptInsecureCerts', 'true']

2024-11-07 17:46:43 - [MESSAGE][INFO] - Action delay is set to 0 milliseconds

2024-11-07 17:46:45 - [MESSAGE][PASSED] - Browser is opened with url: ''

2024-11-07 17:46:45 - [TEST_STEP][PASSED] - maximizeWindow(): Current window maximized

2024-11-07 17:46:45 - [MESSAGE][PASSED] - Current window maximized

2024-11-07 17:46:45 - [TEST_STEP][PASSED] - navigateToUrl(RADurl): Navigate to 'https://www.velocitypayment.com/client/rad/index.html' successfully

2024-11-07 17:46:48 - [MESSAGE][PASSED] - Navigate to 'https://www.velocitypayment.com/client/rad/index.html' successfully

2024-11-07 17:46:48 - [TEST_STEP][PASSED] - orPath_Landing = "Object Repository/RAD_Pages/Landing_Page": null

2024-11-07 17:46:48 - [TEST_STEP][PASSED] - orPath_TaxTypeFilingYear = "Object Repository/RAD_Pages/TaxTypeFilingYear_Page": null

2024-11-07 17:46:48 - [TEST_STEP][PASSED] - orPath_TaxPayer = "Object Repository/RAD_Pages/Taxpayer_Page": null

2024-11-07 17:46:48 - [TEST_STEP][PASSED] - orPath_AddressContact = "Object Repository/RAD_Pages/AddressAndContactInfo_Page": null

2024-11-07 17:46:48 - [TEST_STEP][PASSED] - orPath_FilingStatus = "Object Repository/RAD_Pages/FilingStatus_Page": null

2024-11-07 17:46:48 - [TEST_STEP][PASSED] - orPath_Amount = "Object Repository/RAD_Pages/PaymentAmount_Page": null

2024-11-07 17:46:48 - [TEST_STEP][PASSED] - orPath_TaxInfo = "Object Repository/RAD_Pages/TaxInfo_Page": null

2024-11-07 17:46:48 - [TEST_STEP][PASSED] - orPath_Withholding = "Object Repository/RAD_Pages/Withholding_Page": null

2024-11-07 17:46:48 - [TEST_STEP][PASSED] - orPath_Summary = "Object Repository/RAD_Pages/Summary_Page": null

2024-11-07 17:46:48 - [TEST_STEP][PASSED] - orPath_PaymentReady = "Object Repository/RAD_Pages/PaymentReady_Page": null

2024-11-07 17:46:48 - [TEST_STEP][PASSED] - orPath_PaymentEntry = "Object Repository/RAD_Pages/PaymentEntry_Page": null

2024-11-07 17:46:48 - [TEST_STEP][PASSED] - orPath_PaymentConfirmation = "Object Repository/RAD_Pages/PaymentConfirmation_Page": null

2024-11-07 17:46:48 - [TEST_STEP][PASSED] - orPath_ServiceFeesAccept = "Object Repository/RAD_Pages/ServiceFeeAccept_Page": null

2024-11-07 17:46:48 - [TEST_STEP][PASSED] - selectOptionByLabel(findTestObject(orPath_Landing + "/dd_TaxType"), Taxtype, false): All options with label 'Existing Liability with Notice/Invoice Number' are selected in object 'Object Repository/RAD_Pages/Landing_Page/dd_TaxType' 

2024-11-07 17:46:48 - [MESSAGE][PASSED] - All options with label 'Existing Liability with Notice/Invoice Number' are selected in object 'Object Repository/RAD_Pages/Landing_Page/dd_TaxType' 

2024-11-07 17:46:48 - [TEST_STEP][PASSED] - delay(1): Delayed 1 second(s)

2024-11-07 17:46:49 - [MESSAGE][PASSED] - Delayed 1 second(s)

2024-11-07 17:46:49 - [TEST_STEP][PASSED] - selectOptionByLabel(findTestObject(orPath_TaxTypeFilingYear + "/select_TaxType_ExistingLiability"), TaxTypeEL, false): All options with label 'Tobacco Tax' are selected in object 'Object Repository/RAD_Pages/TaxTypeFilingYear_Page/select_TaxType_ExistingLiability' 

2024-11-07 17:46:50 - [MESSAGE][PASSED] - All options with label 'Tobacco Tax' are selected in object 'Object Repository/RAD_Pages/TaxTypeFilingYear_Page/select_TaxType_ExistingLiability' 

2024-11-07 17:46:50 - [TEST_STEP][PASSED] - setText(findTestObject(orPath_TaxInfo + "/input_NoticeInvoiceNumber"), notInvNumber): Text '0000000000' is set on object 'Object Repository/RAD_Pages/TaxInfo_Page/input_NoticeInvoiceNumber'

2024-11-07 17:46:51 - [MESSAGE][PASSED] - Text '0000000000' is set on object 'Object Repository/RAD_Pages/TaxInfo_Page/input_NoticeInvoiceNumber'

2024-11-07 17:46:51 - [TEST_STEP][PASSED] - setText(findTestObject(orPath_TaxInfo + "/input_reTypeNoticeInvoiceNumber"), notInvNumber): Text '0000000000' is set on object 'Object Repository/RAD_Pages/TaxInfo_Page/input_reTypeNoticeInvoiceNumber'

2024-11-07 17:46:53 - [MESSAGE][PASSED] - Text '0000000000' is set on object 'Object Repository/RAD_Pages/TaxInfo_Page/input_reTypeNoticeInvoiceNumber'

2024-11-07 17:46:53 - [TEST_STEP][PASSED] - println(notInvNumber): null

2024-11-07 17:46:53 - [TEST_STEP][PASSED] - if (verifyTextPresent(errorMsg, true)): null

2024-11-07 17:46:53 - [MESSAGE][PASSED] - Text 'Notice Number or Invoice Number must be 10, 11, or 13 digits in length, with a value greater than zero' is present on page  using regular expression

2024-11-07 17:46:53 - [TEST_STEP][PASSED] - println("Error Message is present on the page"): null

2024-11-07 17:46:53 - [TEST_STEP][PASSED] - out.println("Pass Record Number: " + row): null

2024-11-07 17:46:53 - [TEST_STEP][PASSED] - resText = "Pass": null

2024-11-07 17:46:53 - [TEST_STEP][PASSED] - pages.WriteExcel.demoKey(resText, datText, resColumn, datCloumn, fileLoc, nameSheet, row): pages.WriteExcel.demoKey is PASSED

2024-11-07 17:46:53 - [MESSAGE][PASSED] - pages.WriteExcel.demoKey is PASSED

2024-11-07 17:46:53 - [TEST_STEP][PASSED] - ExecuteTC = findTestData(dataFile).getValue("Execute", row): null

2024-11-07 17:46:53 - [TEST_STEP][PASSED] - Taxtype = findTestData(dataFile).getValue("TaxType", row): null

2024-11-07 17:46:53 - [TEST_STEP][PASSED] - TaxTypeEL = findTestData(dataFile).getValue("TaxTypeEL", row): null

2024-11-07 17:46:53 - [TEST_STEP][PASSED] - notInvNumber = findTestData(dataFile).getValue("NotiInvoNumber", row): null

2024-11-07 17:46:54 - [TEST_STEP][PASSED] - errorMsg = findTestData(dataFile).getValue("ErrorMessage", row): null

2024-11-07 17:46:54 - [TEST_STEP][PASSED] - out.println("Value of Execute is : " + ExecuteTC): null

2024-11-07 17:46:54 - [TEST_STEP][PASSED] - if (ExecuteTC.equalsIgnoreCase("Y")): null

2024-11-07 17:46:54 - [TEST_STEP][PASSED] - out.println("Begin Record Number: " + row): null

2024-11-07 17:46:54 - [TEST_STEP][PASSED] - today = new java.util.Date(): null

2024-11-07 17:46:54 - [TEST_STEP][PASSED] - println(today): null

2024-11-07 17:46:54 - [TEST_STEP][PASSED] - datText = today: null

2024-11-07 17:46:54 - [TEST_STEP][PASSED] - Taxtype = findTestData(dataFile).getValue("TaxType", row): null

2024-11-07 17:46:54 - [TEST_STEP][PASSED] - out.println("Taxtype value is : " + Taxtype): null

2024-11-07 17:46:54 - [TEST_STEP][PASSED] - openBrowser(""): Browser is opened with url: ''

2024-11-07 17:46:54 - [MESSAGE][WARNING] - A browser is already opened. Closing browser and opening a new one

2024-11-07 17:46:55 - [MESSAGE][INFO] - Starting 'Chrome' driver

2024-11-07 17:46:55 - [MESSAGE][INFO] - User set preference: ['acceptInsecureCerts', 'true']

2024-11-07 17:46:55 - [MESSAGE][INFO] - Action delay is set to 0 milliseconds

2024-11-07 17:46:57 - [MESSAGE][PASSED] - Browser is opened with url: ''

2024-11-07 17:46:57 - [TEST_STEP][PASSED] - maximizeWindow(): Current window maximized

2024-11-07 17:46:57 - [MESSAGE][PASSED] - Current window maximized

2024-11-07 17:46:57 - [TEST_STEP][PASSED] - navigateToUrl(RADurl): Navigate to 'https://www.velocitypayment.com/client/rad/index.html' successfully

2024-11-07 17:46:58 - [MESSAGE][PASSED] - Navigate to 'https://www.velocitypayment.com/client/rad/index.html' successfully

2024-11-07 17:46:58 - [TEST_STEP][PASSED] - orPath_Landing = "Object Repository/RAD_Pages/Landing_Page": null

2024-11-07 17:46:58 - [TEST_STEP][PASSED] - orPath_TaxTypeFilingYear = "Object Repository/RAD_Pages/TaxTypeFilingYear_Page": null

2024-11-07 17:46:58 - [TEST_STEP][PASSED] - orPath_TaxPayer = "Object Repository/RAD_Pages/Taxpayer_Page": null

2024-11-07 17:46:58 - [TEST_STEP][PASSED] - orPath_AddressContact = "Object Repository/RAD_Pages/AddressAndContactInfo_Page": null

2024-11-07 17:46:58 - [TEST_STEP][PASSED] - orPath_FilingStatus = "Object Repository/RAD_Pages/FilingStatus_Page": null

2024-11-07 17:46:58 - [TEST_STEP][PASSED] - orPath_Amount = "Object Repository/RAD_Pages/PaymentAmount_Page": null

2024-11-07 17:46:58 - [TEST_STEP][PASSED] - orPath_TaxInfo = "Object Repository/RAD_Pages/TaxInfo_Page": null

2024-11-07 17:46:58 - [TEST_STEP][PASSED] - orPath_Withholding = "Object Repository/RAD_Pages/Withholding_Page": null

2024-11-07 17:46:58 - [TEST_STEP][PASSED] - orPath_Summary = "Object Repository/RAD_Pages/Summary_Page": null

2024-11-07 17:46:58 - [TEST_STEP][PASSED] - orPath_PaymentReady = "Object Repository/RAD_Pages/PaymentReady_Page": null

2024-11-07 17:46:58 - [TEST_STEP][PASSED] - orPath_PaymentEntry = "Object Repository/RAD_Pages/PaymentEntry_Page": null

2024-11-07 17:46:58 - [TEST_STEP][PASSED] - orPath_PaymentConfirmation = "Object Repository/RAD_Pages/PaymentConfirmation_Page": null

2024-11-07 17:46:58 - [TEST_STEP][PASSED] - orPath_ServiceFeesAccept = "Object Repository/RAD_Pages/ServiceFeeAccept_Page": null

2024-11-07 17:46:58 - [TEST_STEP][PASSED] - selectOptionByLabel(findTestObject(orPath_Landing + "/dd_TaxType"), Taxtype, false): All options with label 'Existing Liability with Notice/Invoice Number' are selected in object 'Object Repository/RAD_Pages/Landing_Page/dd_TaxType' 

2024-11-07 17:47:00 - [MESSAGE][PASSED] - All options with label 'Existing Liability with Notice/Invoice Number' are selected in object 'Object Repository/RAD_Pages/Landing_Page/dd_TaxType' 

2024-11-07 17:47:00 - [TEST_STEP][PASSED] - delay(1): Delayed 1 second(s)

2024-11-07 17:47:01 - [MESSAGE][PASSED] - Delayed 1 second(s)

2024-11-07 17:47:01 - [TEST_STEP][PASSED] - selectOptionByLabel(findTestObject(orPath_TaxTypeFilingYear + "/select_TaxType_ExistingLiability"), TaxTypeEL, false): All options with label 'Transportation Network Services' are selected in object 'Object Repository/RAD_Pages/TaxTypeFilingYear_Page/select_TaxType_ExistingLiability' 

2024-11-07 17:47:02 - [MESSAGE][PASSED] - All options with label 'Transportation Network Services' are selected in object 'Object Repository/RAD_Pages/TaxTypeFilingYear_Page/select_TaxType_ExistingLiability' 

2024-11-07 17:47:02 - [TEST_STEP][PASSED] - setText(findTestObject(orPath_TaxInfo + "/input_NoticeInvoiceNumber"), notInvNumber): Text '123456789' is set on object 'Object Repository/RAD_Pages/TaxInfo_Page/input_NoticeInvoiceNumber'

2024-11-07 17:47:03 - [MESSAGE][PASSED] - Text '123456789' is set on object 'Object Repository/RAD_Pages/TaxInfo_Page/input_NoticeInvoiceNumber'

2024-11-07 17:47:03 - [TEST_STEP][PASSED] - setText(findTestObject(orPath_TaxInfo + "/input_reTypeNoticeInvoiceNumber"), notInvNumber): Text '123456789' is set on object 'Object Repository/RAD_Pages/TaxInfo_Page/input_reTypeNoticeInvoiceNumber'

2024-11-07 17:47:04 - [MESSAGE][PASSED] - Text '123456789' is set on object 'Object Repository/RAD_Pages/TaxInfo_Page/input_reTypeNoticeInvoiceNumber'

2024-11-07 17:47:04 - [TEST_STEP][PASSED] - println(notInvNumber): null

2024-11-07 17:47:04 - [TEST_STEP][PASSED] - if (verifyTextPresent(errorMsg, true)): null

2024-11-07 17:47:04 - [MESSAGE][PASSED] - Text 'Notice Number or Invoice Number must be 10, 11, or 13 digits in length, with a value greater than zero' is present on page  using regular expression

2024-11-07 17:47:04 - [TEST_STEP][PASSED] - println("Error Message is present on the page"): null

2024-11-07 17:47:04 - [TEST_STEP][PASSED] - out.println("Pass Record Number: " + row): null

2024-11-07 17:47:04 - [TEST_STEP][PASSED] - resText = "Pass": null

2024-11-07 17:47:04 - [TEST_STEP][PASSED] - pages.WriteExcel.demoKey(resText, datText, resColumn, datCloumn, fileLoc, nameSheet, row): pages.WriteExcel.demoKey is PASSED

2024-11-07 17:47:04 - [MESSAGE][PASSED] - pages.WriteExcel.demoKey is PASSED

2024-11-07 17:47:04 - [TEST_STEP][PASSED] - ExecuteTC = findTestData(dataFile).getValue("Execute", row): null

2024-11-07 17:47:04 - [TEST_STEP][PASSED] - Taxtype = findTestData(dataFile).getValue("TaxType", row): null

2024-11-07 17:47:04 - [TEST_STEP][PASSED] - TaxTypeEL = findTestData(dataFile).getValue("TaxTypeEL", row): null

2024-11-07 17:47:04 - [TEST_STEP][PASSED] - notInvNumber = findTestData(dataFile).getValue("NotiInvoNumber", row): null

2024-11-07 17:47:04 - [TEST_STEP][PASSED] - errorMsg = findTestData(dataFile).getValue("ErrorMessage", row): null

2024-11-07 17:47:04 - [TEST_STEP][PASSED] - out.println("Value of Execute is : " + ExecuteTC): null

2024-11-07 17:47:04 - [TEST_STEP][PASSED] - if (ExecuteTC.equalsIgnoreCase("Y")): null

2024-11-07 17:47:04 - [TEST_STEP][PASSED] - out.println("Begin Record Number: " + row): null

2024-11-07 17:47:04 - [TEST_STEP][PASSED] - today = new java.util.Date(): null

2024-11-07 17:47:04 - [TEST_STEP][PASSED] - println(today): null

2024-11-07 17:47:04 - [TEST_STEP][PASSED] - datText = today: null

2024-11-07 17:47:04 - [TEST_STEP][PASSED] - Taxtype = findTestData(dataFile).getValue("TaxType", row): null

2024-11-07 17:47:04 - [TEST_STEP][PASSED] - out.println("Taxtype value is : " + Taxtype): null

2024-11-07 17:47:04 - [TEST_STEP][PASSED] - openBrowser(""): Browser is opened with url: ''

2024-11-07 17:47:04 - [MESSAGE][WARNING] - A browser is already opened. Closing browser and opening a new one

2024-11-07 17:47:06 - [MESSAGE][INFO] - Starting 'Chrome' driver

2024-11-07 17:47:06 - [MESSAGE][INFO] - User set preference: ['acceptInsecureCerts', 'true']

2024-11-07 17:47:06 - [MESSAGE][INFO] - Action delay is set to 0 milliseconds

2024-11-07 17:47:08 - [MESSAGE][PASSED] - Browser is opened with url: ''

2024-11-07 17:47:08 - [TEST_STEP][PASSED] - maximizeWindow(): Current window maximized

2024-11-07 17:47:08 - [MESSAGE][PASSED] - Current window maximized

2024-11-07 17:47:08 - [TEST_STEP][PASSED] - navigateToUrl(RADurl): Navigate to 'https://www.velocitypayment.com/client/rad/index.html' successfully

2024-11-07 17:47:10 - [MESSAGE][PASSED] - Navigate to 'https://www.velocitypayment.com/client/rad/index.html' successfully

2024-11-07 17:47:10 - [TEST_STEP][PASSED] - orPath_Landing = "Object Repository/RAD_Pages/Landing_Page": null

2024-11-07 17:47:10 - [TEST_STEP][PASSED] - orPath_TaxTypeFilingYear = "Object Repository/RAD_Pages/TaxTypeFilingYear_Page": null

2024-11-07 17:47:10 - [TEST_STEP][PASSED] - orPath_TaxPayer = "Object Repository/RAD_Pages/Taxpayer_Page": null

2024-11-07 17:47:10 - [TEST_STEP][PASSED] - orPath_AddressContact = "Object Repository/RAD_Pages/AddressAndContactInfo_Page": null

2024-11-07 17:47:10 - [TEST_STEP][PASSED] - orPath_FilingStatus = "Object Repository/RAD_Pages/FilingStatus_Page": null

2024-11-07 17:47:10 - [TEST_STEP][PASSED] - orPath_Amount = "Object Repository/RAD_Pages/PaymentAmount_Page": null

2024-11-07 17:47:10 - [TEST_STEP][PASSED] - orPath_TaxInfo = "Object Repository/RAD_Pages/TaxInfo_Page": null

2024-11-07 17:47:10 - [TEST_STEP][PASSED] - orPath_Withholding = "Object Repository/RAD_Pages/Withholding_Page": null

2024-11-07 17:47:10 - [TEST_STEP][PASSED] - orPath_Summary = "Object Repository/RAD_Pages/Summary_Page": null

2024-11-07 17:47:10 - [TEST_STEP][PASSED] - orPath_PaymentReady = "Object Repository/RAD_Pages/PaymentReady_Page": null

2024-11-07 17:47:10 - [TEST_STEP][PASSED] - orPath_PaymentEntry = "Object Repository/RAD_Pages/PaymentEntry_Page": null

2024-11-07 17:47:10 - [TEST_STEP][PASSED] - orPath_PaymentConfirmation = "Object Repository/RAD_Pages/PaymentConfirmation_Page": null

2024-11-07 17:47:10 - [TEST_STEP][PASSED] - orPath_ServiceFeesAccept = "Object Repository/RAD_Pages/ServiceFeeAccept_Page": null

2024-11-07 17:47:10 - [TEST_STEP][PASSED] - selectOptionByLabel(findTestObject(orPath_Landing + "/dd_TaxType"), Taxtype, false): All options with label 'Existing Liability with Notice/Invoice Number' are selected in object 'Object Repository/RAD_Pages/Landing_Page/dd_TaxType' 

2024-11-07 17:47:11 - [MESSAGE][PASSED] - All options with label 'Existing Liability with Notice/Invoice Number' are selected in object 'Object Repository/RAD_Pages/Landing_Page/dd_TaxType' 

2024-11-07 17:47:11 - [TEST_STEP][PASSED] - delay(1): Delayed 1 second(s)

2024-11-07 17:47:12 - [MESSAGE][PASSED] - Delayed 1 second(s)

2024-11-07 17:47:12 - [TEST_STEP][PASSED] - selectOptionByLabel(findTestObject(orPath_TaxTypeFilingYear + "/select_TaxType_ExistingLiability"), TaxTypeEL, false): All options with label 'Transportation Network Services' are selected in object 'Object Repository/RAD_Pages/TaxTypeFilingYear_Page/select_TaxType_ExistingLiability' 

2024-11-07 17:47:13 - [MESSAGE][PASSED] - All options with label 'Transportation Network Services' are selected in object 'Object Repository/RAD_Pages/TaxTypeFilingYear_Page/select_TaxType_ExistingLiability' 

2024-11-07 17:47:13 - [TEST_STEP][PASSED] - setText(findTestObject(orPath_TaxInfo + "/input_NoticeInvoiceNumber"), notInvNumber): Text '123456789012' is set on object 'Object Repository/RAD_Pages/TaxInfo_Page/input_NoticeInvoiceNumber'

2024-11-07 17:47:14 - [MESSAGE][PASSED] - Text '123456789012' is set on object 'Object Repository/RAD_Pages/TaxInfo_Page/input_NoticeInvoiceNumber'

2024-11-07 17:47:14 - [TEST_STEP][PASSED] - setText(findTestObject(orPath_TaxInfo + "/input_reTypeNoticeInvoiceNumber"), notInvNumber): Text '123456789012' is set on object 'Object Repository/RAD_Pages/TaxInfo_Page/input_reTypeNoticeInvoiceNumber'

2024-11-07 17:47:14 - [MESSAGE][PASSED] - Text '123456789012' is set on object 'Object Repository/RAD_Pages/TaxInfo_Page/input_reTypeNoticeInvoiceNumber'

2024-11-07 17:47:14 - [TEST_STEP][PASSED] - println(notInvNumber): null

2024-11-07 17:47:14 - [TEST_STEP][PASSED] - if (verifyTextPresent(errorMsg, true)): null

2024-11-07 17:47:15 - [MESSAGE][PASSED] - Text 'Notice Number or Invoice Number must be 10, 11, or 13 digits in length, with a value greater than zero' is present on page  using regular expression

2024-11-07 17:47:15 - [TEST_STEP][PASSED] - println("Error Message is present on the page"): null

2024-11-07 17:47:15 - [TEST_STEP][PASSED] - out.println("Pass Record Number: " + row): null

2024-11-07 17:47:15 - [TEST_STEP][PASSED] - resText = "Pass": null

2024-11-07 17:47:15 - [TEST_STEP][PASSED] - pages.WriteExcel.demoKey(resText, datText, resColumn, datCloumn, fileLoc, nameSheet, row): pages.WriteExcel.demoKey is PASSED

2024-11-07 17:47:15 - [MESSAGE][PASSED] - pages.WriteExcel.demoKey is PASSED

2024-11-07 17:47:15 - [TEST_STEP][PASSED] - ExecuteTC = findTestData(dataFile).getValue("Execute", row): null

2024-11-07 17:47:15 - [TEST_STEP][PASSED] - Taxtype = findTestData(dataFile).getValue("TaxType", row): null

2024-11-07 17:47:15 - [TEST_STEP][PASSED] - TaxTypeEL = findTestData(dataFile).getValue("TaxTypeEL", row): null

2024-11-07 17:47:15 - [TEST_STEP][PASSED] - notInvNumber = findTestData(dataFile).getValue("NotiInvoNumber", row): null

2024-11-07 17:47:15 - [TEST_STEP][PASSED] - errorMsg = findTestData(dataFile).getValue("ErrorMessage", row): null

2024-11-07 17:47:15 - [TEST_STEP][PASSED] - out.println("Value of Execute is : " + ExecuteTC): null

2024-11-07 17:47:15 - [TEST_STEP][PASSED] - if (ExecuteTC.equalsIgnoreCase("Y")): null

2024-11-07 17:47:15 - [TEST_STEP][PASSED] - out.println("Begin Record Number: " + row): null

2024-11-07 17:47:15 - [TEST_STEP][PASSED] - today = new java.util.Date(): null

2024-11-07 17:47:15 - [TEST_STEP][PASSED] - println(today): null

2024-11-07 17:47:15 - [TEST_STEP][PASSED] - datText = today: null

2024-11-07 17:47:15 - [TEST_STEP][PASSED] - Taxtype = findTestData(dataFile).getValue("TaxType", row): null

2024-11-07 17:47:15 - [TEST_STEP][PASSED] - out.println("Taxtype value is : " + Taxtype): null

2024-11-07 17:47:15 - [TEST_STEP][PASSED] - openBrowser(""): Browser is opened with url: ''

2024-11-07 17:47:15 - [MESSAGE][WARNING] - A browser is already opened. Closing browser and opening a new one

2024-11-07 17:47:17 - [MESSAGE][INFO] - Starting 'Chrome' driver

2024-11-07 17:47:17 - [MESSAGE][INFO] - User set preference: ['acceptInsecureCerts', 'true']

2024-11-07 17:47:17 - [MESSAGE][INFO] - Action delay is set to 0 milliseconds

2024-11-07 17:47:18 - [MESSAGE][PASSED] - Browser is opened with url: ''

2024-11-07 17:47:18 - [TEST_STEP][PASSED] - maximizeWindow(): Current window maximized

2024-11-07 17:47:19 - [MESSAGE][PASSED] - Current window maximized

2024-11-07 17:47:19 - [TEST_STEP][PASSED] - navigateToUrl(RADurl): Navigate to 'https://www.velocitypayment.com/client/rad/index.html' successfully

2024-11-07 17:47:21 - [MESSAGE][PASSED] - Navigate to 'https://www.velocitypayment.com/client/rad/index.html' successfully

2024-11-07 17:47:21 - [TEST_STEP][PASSED] - orPath_Landing = "Object Repository/RAD_Pages/Landing_Page": null

2024-11-07 17:47:21 - [TEST_STEP][PASSED] - orPath_TaxTypeFilingYear = "Object Repository/RAD_Pages/TaxTypeFilingYear_Page": null

2024-11-07 17:47:21 - [TEST_STEP][PASSED] - orPath_TaxPayer = "Object Repository/RAD_Pages/Taxpayer_Page": null

2024-11-07 17:47:21 - [TEST_STEP][PASSED] - orPath_AddressContact = "Object Repository/RAD_Pages/AddressAndContactInfo_Page": null

2024-11-07 17:47:21 - [TEST_STEP][PASSED] - orPath_FilingStatus = "Object Repository/RAD_Pages/FilingStatus_Page": null

2024-11-07 17:47:21 - [TEST_STEP][PASSED] - orPath_Amount = "Object Repository/RAD_Pages/PaymentAmount_Page": null

2024-11-07 17:47:21 - [TEST_STEP][PASSED] - orPath_TaxInfo = "Object Repository/RAD_Pages/TaxInfo_Page": null

2024-11-07 17:47:21 - [TEST_STEP][PASSED] - orPath_Withholding = "Object Repository/RAD_Pages/Withholding_Page": null

2024-11-07 17:47:21 - [TEST_STEP][PASSED] - orPath_Summary = "Object Repository/RAD_Pages/Summary_Page": null

2024-11-07 17:47:21 - [TEST_STEP][PASSED] - orPath_PaymentReady = "Object Repository/RAD_Pages/PaymentReady_Page": null

2024-11-07 17:47:21 - [TEST_STEP][PASSED] - orPath_PaymentEntry = "Object Repository/RAD_Pages/PaymentEntry_Page": null

2024-11-07 17:47:21 - [TEST_STEP][PASSED] - orPath_PaymentConfirmation = "Object Repository/RAD_Pages/PaymentConfirmation_Page": null

2024-11-07 17:47:21 - [TEST_STEP][PASSED] - orPath_ServiceFeesAccept = "Object Repository/RAD_Pages/ServiceFeeAccept_Page": null

2024-11-07 17:47:21 - [TEST_STEP][PASSED] - selectOptionByLabel(findTestObject(orPath_Landing + "/dd_TaxType"), Taxtype, false): All options with label 'Existing Liability with Notice/Invoice Number' are selected in object 'Object Repository/RAD_Pages/Landing_Page/dd_TaxType' 

2024-11-07 17:47:21 - [MESSAGE][PASSED] - All options with label 'Existing Liability with Notice/Invoice Number' are selected in object 'Object Repository/RAD_Pages/Landing_Page/dd_TaxType' 

2024-11-07 17:47:21 - [TEST_STEP][PASSED] - delay(1): Delayed 1 second(s)

2024-11-07 17:47:22 - [MESSAGE][PASSED] - Delayed 1 second(s)

2024-11-07 17:47:22 - [TEST_STEP][PASSED] - selectOptionByLabel(findTestObject(orPath_TaxTypeFilingYear + "/select_TaxType_ExistingLiability"), TaxTypeEL, false): All options with label 'Transportation Network Services' are selected in object 'Object Repository/RAD_Pages/TaxTypeFilingYear_Page/select_TaxType_ExistingLiability' 

2024-11-07 17:47:23 - [MESSAGE][PASSED] - All options with label 'Transportation Network Services' are selected in object 'Object Repository/RAD_Pages/TaxTypeFilingYear_Page/select_TaxType_ExistingLiability' 

2024-11-07 17:47:23 - [TEST_STEP][PASSED] - setText(findTestObject(orPath_TaxInfo + "/input_NoticeInvoiceNumber"), notInvNumber): Text '0000000000' is set on object 'Object Repository/RAD_Pages/TaxInfo_Page/input_NoticeInvoiceNumber'

2024-11-07 17:47:24 - [MESSAGE][PASSED] - Text '0000000000' is set on object 'Object Repository/RAD_Pages/TaxInfo_Page/input_NoticeInvoiceNumber'

2024-11-07 17:47:24 - [TEST_STEP][PASSED] - setText(findTestObject(orPath_TaxInfo + "/input_reTypeNoticeInvoiceNumber"), notInvNumber): Text '0000000000' is set on object 'Object Repository/RAD_Pages/TaxInfo_Page/input_reTypeNoticeInvoiceNumber'

2024-11-07 17:47:25 - [MESSAGE][PASSED] - Text '0000000000' is set on object 'Object Repository/RAD_Pages/TaxInfo_Page/input_reTypeNoticeInvoiceNumber'

2024-11-07 17:47:25 - [TEST_STEP][PASSED] - println(notInvNumber): null

2024-11-07 17:47:25 - [TEST_STEP][PASSED] - if (verifyTextPresent(errorMsg, true)): null

2024-11-07 17:47:25 - [MESSAGE][PASSED] - Text 'Notice Number or Invoice Number must be 10, 11, or 13 digits in length, with a value greater than zero' is present on page  using regular expression

2024-11-07 17:47:25 - [TEST_STEP][PASSED] - println("Error Message is present on the page"): null

2024-11-07 17:47:25 - [TEST_STEP][PASSED] - out.println("Pass Record Number: " + row): null

2024-11-07 17:47:25 - [TEST_STEP][PASSED] - resText = "Pass": null

2024-11-07 17:47:25 - [TEST_STEP][PASSED] - pages.WriteExcel.demoKey(resText, datText, resColumn, datCloumn, fileLoc, nameSheet, row): pages.WriteExcel.demoKey is PASSED

2024-11-07 17:47:25 - [MESSAGE][PASSED] - pages.WriteExcel.demoKey is PASSED

2024-11-07 17:47:25 - [TEST_STEP][PASSED] - ExecuteTC = findTestData(dataFile).getValue("Execute", row): null

2024-11-07 17:47:25 - [TEST_STEP][PASSED] - Taxtype = findTestData(dataFile).getValue("TaxType", row): null

2024-11-07 17:47:25 - [TEST_STEP][PASSED] - TaxTypeEL = findTestData(dataFile).getValue("TaxTypeEL", row): null

2024-11-07 17:47:25 - [TEST_STEP][PASSED] - notInvNumber = findTestData(dataFile).getValue("NotiInvoNumber", row): null

2024-11-07 17:47:25 - [TEST_STEP][PASSED] - errorMsg = findTestData(dataFile).getValue("ErrorMessage", row): null

2024-11-07 17:47:25 - [TEST_STEP][PASSED] - out.println("Value of Execute is : " + ExecuteTC): null

2024-11-07 17:47:25 - [TEST_STEP][PASSED] - if (ExecuteTC.equalsIgnoreCase("Y")): null

2024-11-07 17:47:25 - [TEST_STEP][PASSED] - out.println("Begin Record Number: " + row): null

2024-11-07 17:47:25 - [TEST_STEP][PASSED] - today = new java.util.Date(): null

2024-11-07 17:47:25 - [TEST_STEP][PASSED] - println(today): null

2024-11-07 17:47:25 - [TEST_STEP][PASSED] - datText = today: null

2024-11-07 17:47:25 - [TEST_STEP][PASSED] - Taxtype = findTestData(dataFile).getValue("TaxType", row): null

2024-11-07 17:47:25 - [TEST_STEP][PASSED] - out.println("Taxtype value is : " + Taxtype): null

2024-11-07 17:47:25 - [TEST_STEP][PASSED] - openBrowser(""): Browser is opened with url: ''

2024-11-07 17:47:25 - [MESSAGE][WARNING] - A browser is already opened. Closing browser and opening a new one

2024-11-07 17:47:27 - [MESSAGE][INFO] - Starting 'Chrome' driver

2024-11-07 17:47:27 - [MESSAGE][INFO] - User set preference: ['acceptInsecureCerts', 'true']

2024-11-07 17:47:27 - [MESSAGE][INFO] - Action delay is set to 0 milliseconds

2024-11-07 17:47:29 - [MESSAGE][PASSED] - Browser is opened with url: ''

2024-11-07 17:47:29 - [TEST_STEP][PASSED] - maximizeWindow(): Current window maximized

2024-11-07 17:47:29 - [MESSAGE][PASSED] - Current window maximized

2024-11-07 17:47:29 - [TEST_STEP][PASSED] - navigateToUrl(RADurl): Navigate to 'https://www.velocitypayment.com/client/rad/index.html' successfully

2024-11-07 17:47:29 - [MESSAGE][PASSED] - Navigate to 'https://www.velocitypayment.com/client/rad/index.html' successfully

2024-11-07 17:47:29 - [TEST_STEP][PASSED] - orPath_Landing = "Object Repository/RAD_Pages/Landing_Page": null

2024-11-07 17:47:29 - [TEST_STEP][PASSED] - orPath_TaxTypeFilingYear = "Object Repository/RAD_Pages/TaxTypeFilingYear_Page": null

2024-11-07 17:47:29 - [TEST_STEP][PASSED] - orPath_TaxPayer = "Object Repository/RAD_Pages/Taxpayer_Page": null

2024-11-07 17:47:29 - [TEST_STEP][PASSED] - orPath_AddressContact = "Object Repository/RAD_Pages/AddressAndContactInfo_Page": null

2024-11-07 17:47:29 - [TEST_STEP][PASSED] - orPath_FilingStatus = "Object Repository/RAD_Pages/FilingStatus_Page": null

2024-11-07 17:47:29 - [TEST_STEP][PASSED] - orPath_Amount = "Object Repository/RAD_Pages/PaymentAmount_Page": null

2024-11-07 17:47:29 - [TEST_STEP][PASSED] - orPath_TaxInfo = "Object Repository/RAD_Pages/TaxInfo_Page": null

2024-11-07 17:47:29 - [TEST_STEP][PASSED] - orPath_Withholding = "Object Repository/RAD_Pages/Withholding_Page": null

2024-11-07 17:47:29 - [TEST_STEP][PASSED] - orPath_Summary = "Object Repository/RAD_Pages/Summary_Page": null

2024-11-07 17:47:29 - [TEST_STEP][PASSED] - orPath_PaymentReady = "Object Repository/RAD_Pages/PaymentReady_Page": null

2024-11-07 17:47:29 - [TEST_STEP][PASSED] - orPath_PaymentEntry = "Object Repository/RAD_Pages/PaymentEntry_Page": null

2024-11-07 17:47:29 - [TEST_STEP][PASSED] - orPath_PaymentConfirmation = "Object Repository/RAD_Pages/PaymentConfirmation_Page": null

2024-11-07 17:47:29 - [TEST_STEP][PASSED] - orPath_ServiceFeesAccept = "Object Repository/RAD_Pages/ServiceFeeAccept_Page": null

2024-11-07 17:47:29 - [TEST_STEP][PASSED] - selectOptionByLabel(findTestObject(orPath_Landing + "/dd_TaxType"), Taxtype, false): All options with label 'Existing Liability with Notice/Invoice Number' are selected in object 'Object Repository/RAD_Pages/Landing_Page/dd_TaxType' 

2024-11-07 17:47:32 - [MESSAGE][PASSED] - All options with label 'Existing Liability with Notice/Invoice Number' are selected in object 'Object Repository/RAD_Pages/Landing_Page/dd_TaxType' 

2024-11-07 17:47:32 - [TEST_STEP][PASSED] - delay(1): Delayed 1 second(s)

2024-11-07 17:47:33 - [MESSAGE][PASSED] - Delayed 1 second(s)

2024-11-07 17:47:33 - [TEST_STEP][PASSED] - selectOptionByLabel(findTestObject(orPath_TaxTypeFilingYear + "/select_TaxType_ExistingLiability"), TaxTypeEL, false): All options with label 'Unclaimed Property' are selected in object 'Object Repository/RAD_Pages/TaxTypeFilingYear_Page/select_TaxType_ExistingLiability' 

2024-11-07 17:47:33 - [MESSAGE][PASSED] - All options with label 'Unclaimed Property' are selected in object 'Object Repository/RAD_Pages/TaxTypeFilingYear_Page/select_TaxType_ExistingLiability' 

2024-11-07 17:47:33 - [TEST_STEP][PASSED] - setText(findTestObject(orPath_TaxInfo + "/input_NoticeInvoiceNumber"), notInvNumber): Text '123456789' is set on object 'Object Repository/RAD_Pages/TaxInfo_Page/input_NoticeInvoiceNumber'

2024-11-07 17:47:34 - [MESSAGE][PASSED] - Text '123456789' is set on object 'Object Repository/RAD_Pages/TaxInfo_Page/input_NoticeInvoiceNumber'

2024-11-07 17:47:34 - [TEST_STEP][PASSED] - setText(findTestObject(orPath_TaxInfo + "/input_reTypeNoticeInvoiceNumber"), notInvNumber): Text '123456789' is set on object 'Object Repository/RAD_Pages/TaxInfo_Page/input_reTypeNoticeInvoiceNumber'

2024-11-07 17:47:35 - [MESSAGE][PASSED] - Text '123456789' is set on object 'Object Repository/RAD_Pages/TaxInfo_Page/input_reTypeNoticeInvoiceNumber'

2024-11-07 17:47:35 - [TEST_STEP][PASSED] - println(notInvNumber): null

2024-11-07 17:47:35 - [TEST_STEP][PASSED] - if (verifyTextPresent(errorMsg, true)): null

2024-11-07 17:47:35 - [MESSAGE][PASSED] - Text 'Notice Number or Invoice Number must be 10, 11, or 13 digits in length, with a value greater than zero' is present on page  using regular expression

2024-11-07 17:47:35 - [TEST_STEP][PASSED] - println("Error Message is present on the page"): null

2024-11-07 17:47:35 - [TEST_STEP][PASSED] - out.println("Pass Record Number: " + row): null

2024-11-07 17:47:35 - [TEST_STEP][PASSED] - resText = "Pass": null

2024-11-07 17:47:35 - [TEST_STEP][PASSED] - pages.WriteExcel.demoKey(resText, datText, resColumn, datCloumn, fileLoc, nameSheet, row): pages.WriteExcel.demoKey is PASSED

2024-11-07 17:47:35 - [MESSAGE][PASSED] - pages.WriteExcel.demoKey is PASSED

2024-11-07 17:47:35 - [TEST_STEP][PASSED] - ExecuteTC = findTestData(dataFile).getValue("Execute", row): null

2024-11-07 17:47:35 - [TEST_STEP][PASSED] - Taxtype = findTestData(dataFile).getValue("TaxType", row): null

2024-11-07 17:47:35 - [TEST_STEP][PASSED] - TaxTypeEL = findTestData(dataFile).getValue("TaxTypeEL", row): null

2024-11-07 17:47:36 - [TEST_STEP][PASSED] - notInvNumber = findTestData(dataFile).getValue("NotiInvoNumber", row): null

2024-11-07 17:47:36 - [TEST_STEP][PASSED] - errorMsg = findTestData(dataFile).getValue("ErrorMessage", row): null

2024-11-07 17:47:36 - [TEST_STEP][PASSED] - out.println("Value of Execute is : " + ExecuteTC): null

2024-11-07 17:47:36 - [TEST_STEP][PASSED] - if (ExecuteTC.equalsIgnoreCase("Y")): null

2024-11-07 17:47:36 - [TEST_STEP][PASSED] - out.println("Begin Record Number: " + row): null

2024-11-07 17:47:36 - [TEST_STEP][PASSED] - today = new java.util.Date(): null

2024-11-07 17:47:36 - [TEST_STEP][PASSED] - println(today): null

2024-11-07 17:47:36 - [TEST_STEP][PASSED] - datText = today: null

2024-11-07 17:47:36 - [TEST_STEP][PASSED] - Taxtype = findTestData(dataFile).getValue("TaxType", row): null

2024-11-07 17:47:36 - [TEST_STEP][PASSED] - out.println("Taxtype value is : " + Taxtype): null

2024-11-07 17:47:36 - [TEST_STEP][PASSED] - openBrowser(""): Browser is opened with url: ''

2024-11-07 17:47:36 - [MESSAGE][WARNING] - A browser is already opened. Closing browser and opening a new one

2024-11-07 17:47:37 - [MESSAGE][INFO] - Starting 'Chrome' driver

2024-11-07 17:47:37 - [MESSAGE][INFO] - User set preference: ['acceptInsecureCerts', 'true']

2024-11-07 17:47:37 - [MESSAGE][INFO] - Action delay is set to 0 milliseconds

2024-11-07 17:47:39 - [MESSAGE][PASSED] - Browser is opened with url: ''

2024-11-07 17:47:39 - [TEST_STEP][PASSED] - maximizeWindow(): Current window maximized

2024-11-07 17:47:39 - [MESSAGE][PASSED] - Current window maximized

2024-11-07 17:47:39 - [TEST_STEP][PASSED] - navigateToUrl(RADurl): Navigate to 'https://www.velocitypayment.com/client/rad/index.html' successfully

2024-11-07 17:47:39 - [MESSAGE][PASSED] - Navigate to 'https://www.velocitypayment.com/client/rad/index.html' successfully

2024-11-07 17:47:39 - [TEST_STEP][PASSED] - orPath_Landing = "Object Repository/RAD_Pages/Landing_Page": null

2024-11-07 17:47:39 - [TEST_STEP][PASSED] - orPath_TaxTypeFilingYear = "Object Repository/RAD_Pages/TaxTypeFilingYear_Page": null

2024-11-07 17:47:39 - [TEST_STEP][PASSED] - orPath_TaxPayer = "Object Repository/RAD_Pages/Taxpayer_Page": null

2024-11-07 17:47:39 - [TEST_STEP][PASSED] - orPath_AddressContact = "Object Repository/RAD_Pages/AddressAndContactInfo_Page": null

2024-11-07 17:47:39 - [TEST_STEP][PASSED] - orPath_FilingStatus = "Object Repository/RAD_Pages/FilingStatus_Page": null

2024-11-07 17:47:39 - [TEST_STEP][PASSED] - orPath_Amount = "Object Repository/RAD_Pages/PaymentAmount_Page": null

2024-11-07 17:47:39 - [TEST_STEP][PASSED] - orPath_TaxInfo = "Object Repository/RAD_Pages/TaxInfo_Page": null

2024-11-07 17:47:39 - [TEST_STEP][PASSED] - orPath_Withholding = "Object Repository/RAD_Pages/Withholding_Page": null

2024-11-07 17:47:39 - [TEST_STEP][PASSED] - orPath_Summary = "Object Repository/RAD_Pages/Summary_Page": null

2024-11-07 17:47:39 - [TEST_STEP][PASSED] - orPath_PaymentReady = "Object Repository/RAD_Pages/PaymentReady_Page": null

2024-11-07 17:47:39 - [TEST_STEP][PASSED] - orPath_PaymentEntry = "Object Repository/RAD_Pages/PaymentEntry_Page": null

2024-11-07 17:47:39 - [TEST_STEP][PASSED] - orPath_PaymentConfirmation = "Object Repository/RAD_Pages/PaymentConfirmation_Page": null

2024-11-07 17:47:39 - [TEST_STEP][PASSED] - orPath_ServiceFeesAccept = "Object Repository/RAD_Pages/ServiceFeeAccept_Page": null

2024-11-07 17:47:39 - [TEST_STEP][PASSED] - selectOptionByLabel(findTestObject(orPath_Landing + "/dd_TaxType"), Taxtype, false): All options with label 'Existing Liability with Notice/Invoice Number' are selected in object 'Object Repository/RAD_Pages/Landing_Page/dd_TaxType' 

2024-11-07 17:47:42 - [MESSAGE][PASSED] - All options with label 'Existing Liability with Notice/Invoice Number' are selected in object 'Object Repository/RAD_Pages/Landing_Page/dd_TaxType' 

2024-11-07 17:47:42 - [TEST_STEP][PASSED] - delay(1): Delayed 1 second(s)

2024-11-07 17:47:43 - [MESSAGE][PASSED] - Delayed 1 second(s)

2024-11-07 17:47:43 - [TEST_STEP][PASSED] - selectOptionByLabel(findTestObject(orPath_TaxTypeFilingYear + "/select_TaxType_ExistingLiability"), TaxTypeEL, false): All options with label 'Unclaimed Property' are selected in object 'Object Repository/RAD_Pages/TaxTypeFilingYear_Page/select_TaxType_ExistingLiability' 

2024-11-07 17:47:43 - [MESSAGE][PASSED] - All options with label 'Unclaimed Property' are selected in object 'Object Repository/RAD_Pages/TaxTypeFilingYear_Page/select_TaxType_ExistingLiability' 

2024-11-07 17:47:43 - [TEST_STEP][PASSED] - setText(findTestObject(orPath_TaxInfo + "/input_NoticeInvoiceNumber"), notInvNumber): Text '123456789012' is set on object 'Object Repository/RAD_Pages/TaxInfo_Page/input_NoticeInvoiceNumber'

2024-11-07 17:47:44 - [MESSAGE][PASSED] - Text '123456789012' is set on object 'Object Repository/RAD_Pages/TaxInfo_Page/input_NoticeInvoiceNumber'

2024-11-07 17:47:44 - [TEST_STEP][PASSED] - setText(findTestObject(orPath_TaxInfo + "/input_reTypeNoticeInvoiceNumber"), notInvNumber): Text '123456789012' is set on object 'Object Repository/RAD_Pages/TaxInfo_Page/input_reTypeNoticeInvoiceNumber'

2024-11-07 17:47:45 - [MESSAGE][PASSED] - Text '123456789012' is set on object 'Object Repository/RAD_Pages/TaxInfo_Page/input_reTypeNoticeInvoiceNumber'

2024-11-07 17:47:45 - [TEST_STEP][PASSED] - println(notInvNumber): null

2024-11-07 17:47:45 - [TEST_STEP][PASSED] - if (verifyTextPresent(errorMsg, true)): null

2024-11-07 17:47:46 - [MESSAGE][PASSED] - Text 'Notice Number or Invoice Number must be 10, 11, or 13 digits in length, with a value greater than zero' is present on page  using regular expression

2024-11-07 17:47:46 - [TEST_STEP][PASSED] - println("Error Message is present on the page"): null

2024-11-07 17:47:46 - [TEST_STEP][PASSED] - out.println("Pass Record Number: " + row): null

2024-11-07 17:47:46 - [TEST_STEP][PASSED] - resText = "Pass": null

2024-11-07 17:47:46 - [TEST_STEP][PASSED] - pages.WriteExcel.demoKey(resText, datText, resColumn, datCloumn, fileLoc, nameSheet, row): pages.WriteExcel.demoKey is PASSED

2024-11-07 17:47:46 - [MESSAGE][PASSED] - pages.WriteExcel.demoKey is PASSED

2024-11-07 17:47:46 - [TEST_STEP][PASSED] - ExecuteTC = findTestData(dataFile).getValue("Execute", row): null

2024-11-07 17:47:46 - [TEST_STEP][PASSED] - Taxtype = findTestData(dataFile).getValue("TaxType", row): null

2024-11-07 17:47:46 - [TEST_STEP][PASSED] - TaxTypeEL = findTestData(dataFile).getValue("TaxTypeEL", row): null

2024-11-07 17:47:46 - [TEST_STEP][PASSED] - notInvNumber = findTestData(dataFile).getValue("NotiInvoNumber", row): null

2024-11-07 17:47:46 - [TEST_STEP][PASSED] - errorMsg = findTestData(dataFile).getValue("ErrorMessage", row): null

2024-11-07 17:47:46 - [TEST_STEP][PASSED] - out.println("Value of Execute is : " + ExecuteTC): null

2024-11-07 17:47:46 - [TEST_STEP][PASSED] - if (ExecuteTC.equalsIgnoreCase("Y")): null

2024-11-07 17:47:46 - [TEST_STEP][PASSED] - out.println("Begin Record Number: " + row): null

2024-11-07 17:47:46 - [TEST_STEP][PASSED] - today = new java.util.Date(): null

2024-11-07 17:47:46 - [TEST_STEP][PASSED] - println(today): null

2024-11-07 17:47:46 - [TEST_STEP][PASSED] - datText = today: null

2024-11-07 17:47:46 - [TEST_STEP][PASSED] - Taxtype = findTestData(dataFile).getValue("TaxType", row): null

2024-11-07 17:47:46 - [TEST_STEP][PASSED] - out.println("Taxtype value is : " + Taxtype): null

2024-11-07 17:47:46 - [TEST_STEP][PASSED] - openBrowser(""): Browser is opened with url: ''

2024-11-07 17:47:46 - [MESSAGE][WARNING] - A browser is already opened. Closing browser and opening a new one

2024-11-07 17:47:49 - [MESSAGE][INFO] - Starting 'Chrome' driver

2024-11-07 17:47:49 - [MESSAGE][INFO] - User set preference: ['acceptInsecureCerts', 'true']

2024-11-07 17:47:49 - [MESSAGE][INFO] - Action delay is set to 0 milliseconds

2024-11-07 17:47:50 - [MESSAGE][PASSED] - Browser is opened with url: ''

2024-11-07 17:47:50 - [TEST_STEP][PASSED] - maximizeWindow(): Current window maximized

2024-11-07 17:47:51 - [MESSAGE][PASSED] - Current window maximized

2024-11-07 17:47:51 - [TEST_STEP][PASSED] - navigateToUrl(RADurl): Navigate to 'https://www.velocitypayment.com/client/rad/index.html' successfully

2024-11-07 17:47:53 - [MESSAGE][PASSED] - Navigate to 'https://www.velocitypayment.com/client/rad/index.html' successfully

2024-11-07 17:47:53 - [TEST_STEP][PASSED] - orPath_Landing = "Object Repository/RAD_Pages/Landing_Page": null

2024-11-07 17:47:53 - [TEST_STEP][PASSED] - orPath_TaxTypeFilingYear = "Object Repository/RAD_Pages/TaxTypeFilingYear_Page": null

2024-11-07 17:47:53 - [TEST_STEP][PASSED] - orPath_TaxPayer = "Object Repository/RAD_Pages/Taxpayer_Page": null

2024-11-07 17:47:53 - [TEST_STEP][PASSED] - orPath_AddressContact = "Object Repository/RAD_Pages/AddressAndContactInfo_Page": null

2024-11-07 17:47:53 - [TEST_STEP][PASSED] - orPath_FilingStatus = "Object Repository/RAD_Pages/FilingStatus_Page": null

2024-11-07 17:47:53 - [TEST_STEP][PASSED] - orPath_Amount = "Object Repository/RAD_Pages/PaymentAmount_Page": null

2024-11-07 17:47:53 - [TEST_STEP][PASSED] - orPath_TaxInfo = "Object Repository/RAD_Pages/TaxInfo_Page": null

2024-11-07 17:47:53 - [TEST_STEP][PASSED] - orPath_Withholding = "Object Repository/RAD_Pages/Withholding_Page": null

2024-11-07 17:47:53 - [TEST_STEP][PASSED] - orPath_Summary = "Object Repository/RAD_Pages/Summary_Page": null

2024-11-07 17:47:53 - [TEST_STEP][PASSED] - orPath_PaymentReady = "Object Repository/RAD_Pages/PaymentReady_Page": null

2024-11-07 17:47:53 - [TEST_STEP][PASSED] - orPath_PaymentEntry = "Object Repository/RAD_Pages/PaymentEntry_Page": null

2024-11-07 17:47:53 - [TEST_STEP][PASSED] - orPath_PaymentConfirmation = "Object Repository/RAD_Pages/PaymentConfirmation_Page": null

2024-11-07 17:47:53 - [TEST_STEP][PASSED] - orPath_ServiceFeesAccept = "Object Repository/RAD_Pages/ServiceFeeAccept_Page": null

2024-11-07 17:47:53 - [TEST_STEP][PASSED] - selectOptionByLabel(findTestObject(orPath_Landing + "/dd_TaxType"), Taxtype, false): All options with label 'Existing Liability with Notice/Invoice Number' are selected in object 'Object Repository/RAD_Pages/Landing_Page/dd_TaxType' 

2024-11-07 17:47:54 - [MESSAGE][PASSED] - All options with label 'Existing Liability with Notice/Invoice Number' are selected in object 'Object Repository/RAD_Pages/Landing_Page/dd_TaxType' 

2024-11-07 17:47:54 - [TEST_STEP][PASSED] - delay(1): Delayed 1 second(s)

2024-11-07 17:47:55 - [MESSAGE][PASSED] - Delayed 1 second(s)

2024-11-07 17:47:55 - [TEST_STEP][PASSED] - selectOptionByLabel(findTestObject(orPath_TaxTypeFilingYear + "/select_TaxType_ExistingLiability"), TaxTypeEL, false): All options with label 'Unclaimed Property' are selected in object 'Object Repository/RAD_Pages/TaxTypeFilingYear_Page/select_TaxType_ExistingLiability' 

2024-11-07 17:47:56 - [MESSAGE][PASSED] - All options with label 'Unclaimed Property' are selected in object 'Object Repository/RAD_Pages/TaxTypeFilingYear_Page/select_TaxType_ExistingLiability' 

2024-11-07 17:47:56 - [TEST_STEP][PASSED] - setText(findTestObject(orPath_TaxInfo + "/input_NoticeInvoiceNumber"), notInvNumber): Text '0000000000' is set on object 'Object Repository/RAD_Pages/TaxInfo_Page/input_NoticeInvoiceNumber'

2024-11-07 17:47:56 - [MESSAGE][PASSED] - Text '0000000000' is set on object 'Object Repository/RAD_Pages/TaxInfo_Page/input_NoticeInvoiceNumber'

2024-11-07 17:47:56 - [TEST_STEP][PASSED] - setText(findTestObject(orPath_TaxInfo + "/input_reTypeNoticeInvoiceNumber"), notInvNumber): Text '0000000000' is set on object 'Object Repository/RAD_Pages/TaxInfo_Page/input_reTypeNoticeInvoiceNumber'

2024-11-07 17:47:57 - [MESSAGE][PASSED] - Text '0000000000' is set on object 'Object Repository/RAD_Pages/TaxInfo_Page/input_reTypeNoticeInvoiceNumber'

2024-11-07 17:47:57 - [TEST_STEP][PASSED] - println(notInvNumber): null

2024-11-07 17:47:57 - [TEST_STEP][PASSED] - if (verifyTextPresent(errorMsg, true)): null

2024-11-07 17:47:58 - [MESSAGE][PASSED] - Text 'Notice Number or Invoice Number must be 10, 11, or 13 digits in length, with a value greater than zero' is present on page  using regular expression

2024-11-07 17:47:58 - [TEST_STEP][PASSED] - println("Error Message is present on the page"): null

2024-11-07 17:47:58 - [TEST_STEP][PASSED] - out.println("Pass Record Number: " + row): null

2024-11-07 17:47:58 - [TEST_STEP][PASSED] - resText = "Pass": null

2024-11-07 17:47:58 - [TEST_STEP][PASSED] - pages.WriteExcel.demoKey(resText, datText, resColumn, datCloumn, fileLoc, nameSheet, row): pages.WriteExcel.demoKey is PASSED

2024-11-07 17:47:58 - [MESSAGE][PASSED] - pages.WriteExcel.demoKey is PASSED

2024-11-07 17:47:58 - [TEST_STEP][PASSED] - ExecuteTC = findTestData(dataFile).getValue("Execute", row): null

2024-11-07 17:47:58 - [TEST_STEP][PASSED] - Taxtype = findTestData(dataFile).getValue("TaxType", row): null

2024-11-07 17:47:58 - [TEST_STEP][PASSED] - TaxTypeEL = findTestData(dataFile).getValue("TaxTypeEL", row): null

2024-11-07 17:47:58 - [TEST_STEP][PASSED] - notInvNumber = findTestData(dataFile).getValue("NotiInvoNumber", row): null

2024-11-07 17:47:58 - [TEST_STEP][PASSED] - errorMsg = findTestData(dataFile).getValue("ErrorMessage", row): null

2024-11-07 17:47:58 - [TEST_STEP][PASSED] - out.println("Value of Execute is : " + ExecuteTC): null

2024-11-07 17:47:58 - [TEST_STEP][PASSED] - if (ExecuteTC.equalsIgnoreCase("Y")): null

2024-11-07 17:47:58 - [TEST_STEP][PASSED] - out.println("Begin Record Number: " + row): null

2024-11-07 17:47:58 - [TEST_STEP][PASSED] - today = new java.util.Date(): null

2024-11-07 17:47:58 - [TEST_STEP][PASSED] - println(today): null

2024-11-07 17:47:58 - [TEST_STEP][PASSED] - datText = today: null

2024-11-07 17:47:58 - [TEST_STEP][PASSED] - Taxtype = findTestData(dataFile).getValue("TaxType", row): null

2024-11-07 17:47:58 - [TEST_STEP][PASSED] - out.println("Taxtype value is : " + Taxtype): null

2024-11-07 17:47:58 - [TEST_STEP][PASSED] - openBrowser(""): Browser is opened with url: ''

2024-11-07 17:47:58 - [MESSAGE][WARNING] - A browser is already opened. Closing browser and opening a new one

2024-11-07 17:48:00 - [MESSAGE][INFO] - Starting 'Chrome' driver

2024-11-07 17:48:00 - [MESSAGE][INFO] - User set preference: ['acceptInsecureCerts', 'true']

2024-11-07 17:48:00 - [MESSAGE][INFO] - Action delay is set to 0 milliseconds

2024-11-07 17:48:02 - [MESSAGE][PASSED] - Browser is opened with url: ''

2024-11-07 17:48:02 - [TEST_STEP][PASSED] - maximizeWindow(): Current window maximized

2024-11-07 17:48:02 - [MESSAGE][PASSED] - Current window maximized

2024-11-07 17:48:02 - [TEST_STEP][PASSED] - navigateToUrl(RADurl): Navigate to 'https://www.velocitypayment.com/client/rad/index.html' successfully

2024-11-07 17:48:04 - [MESSAGE][PASSED] - Navigate to 'https://www.velocitypayment.com/client/rad/index.html' successfully

2024-11-07 17:48:04 - [TEST_STEP][PASSED] - orPath_Landing = "Object Repository/RAD_Pages/Landing_Page": null

2024-11-07 17:48:04 - [TEST_STEP][PASSED] - orPath_TaxTypeFilingYear = "Object Repository/RAD_Pages/TaxTypeFilingYear_Page": null

2024-11-07 17:48:04 - [TEST_STEP][PASSED] - orPath_TaxPayer = "Object Repository/RAD_Pages/Taxpayer_Page": null

2024-11-07 17:48:04 - [TEST_STEP][PASSED] - orPath_AddressContact = "Object Repository/RAD_Pages/AddressAndContactInfo_Page": null

2024-11-07 17:48:04 - [TEST_STEP][PASSED] - orPath_FilingStatus = "Object Repository/RAD_Pages/FilingStatus_Page": null

2024-11-07 17:48:04 - [TEST_STEP][PASSED] - orPath_Amount = "Object Repository/RAD_Pages/PaymentAmount_Page": null

2024-11-07 17:48:04 - [TEST_STEP][PASSED] - orPath_TaxInfo = "Object Repository/RAD_Pages/TaxInfo_Page": null

2024-11-07 17:48:04 - [TEST_STEP][PASSED] - orPath_Withholding = "Object Repository/RAD_Pages/Withholding_Page": null

2024-11-07 17:48:04 - [TEST_STEP][PASSED] - orPath_Summary = "Object Repository/RAD_Pages/Summary_Page": null

2024-11-07 17:48:04 - [TEST_STEP][PASSED] - orPath_PaymentReady = "Object Repository/RAD_Pages/PaymentReady_Page": null

2024-11-07 17:48:04 - [TEST_STEP][PASSED] - orPath_PaymentEntry = "Object Repository/RAD_Pages/PaymentEntry_Page": null

2024-11-07 17:48:04 - [TEST_STEP][PASSED] - orPath_PaymentConfirmation = "Object Repository/RAD_Pages/PaymentConfirmation_Page": null

2024-11-07 17:48:04 - [TEST_STEP][PASSED] - orPath_ServiceFeesAccept = "Object Repository/RAD_Pages/ServiceFeeAccept_Page": null

2024-11-07 17:48:04 - [TEST_STEP][PASSED] - selectOptionByLabel(findTestObject(orPath_Landing + "/dd_TaxType"), Taxtype, false): All options with label 'Existing Liability with Notice/Invoice Number' are selected in object 'Object Repository/RAD_Pages/Landing_Page/dd_TaxType' 

2024-11-07 17:48:05 - [MESSAGE][PASSED] - All options with label 'Existing Liability with Notice/Invoice Number' are selected in object 'Object Repository/RAD_Pages/Landing_Page/dd_TaxType' 

2024-11-07 17:48:05 - [TEST_STEP][PASSED] - delay(1): Delayed 1 second(s)

2024-11-07 17:48:06 - [MESSAGE][PASSED] - Delayed 1 second(s)

2024-11-07 17:48:06 - [TEST_STEP][PASSED] - selectOptionByLabel(findTestObject(orPath_TaxTypeFilingYear + "/select_TaxType_ExistingLiability"), TaxTypeEL, false): All options with label 'IFTA Tax' are selected in object 'Object Repository/RAD_Pages/TaxTypeFilingYear_Page/select_TaxType_ExistingLiability' 

2024-11-07 17:48:07 - [MESSAGE][PASSED] - All options with label 'IFTA Tax' are selected in object 'Object Repository/RAD_Pages/TaxTypeFilingYear_Page/select_TaxType_ExistingLiability' 

2024-11-07 17:48:07 - [TEST_STEP][PASSED] - setText(findTestObject(orPath_TaxInfo + "/input_NoticeInvoiceNumber"), notInvNumber): Text '123456789' is set on object 'Object Repository/RAD_Pages/TaxInfo_Page/input_NoticeInvoiceNumber'

2024-11-07 17:48:08 - [MESSAGE][PASSED] - Text '123456789' is set on object 'Object Repository/RAD_Pages/TaxInfo_Page/input_NoticeInvoiceNumber'

2024-11-07 17:48:08 - [TEST_STEP][PASSED] - setText(findTestObject(orPath_TaxInfo + "/input_reTypeNoticeInvoiceNumber"), notInvNumber): Text '123456789' is set on object 'Object Repository/RAD_Pages/TaxInfo_Page/input_reTypeNoticeInvoiceNumber'

2024-11-07 17:48:08 - [MESSAGE][PASSED] - Text '123456789' is set on object 'Object Repository/RAD_Pages/TaxInfo_Page/input_reTypeNoticeInvoiceNumber'

2024-11-07 17:48:08 - [TEST_STEP][PASSED] - println(notInvNumber): null

2024-11-07 17:48:08 - [TEST_STEP][PASSED] - if (verifyTextPresent(errorMsg, true)): null

2024-11-07 17:48:09 - [MESSAGE][PASSED] - Text 'Notice Number or Invoice Number must be 10, 11, or 13 digits in length, with a value greater than zero' is present on page  using regular expression

2024-11-07 17:48:09 - [TEST_STEP][PASSED] - println("Error Message is present on the page"): null

2024-11-07 17:48:09 - [TEST_STEP][PASSED] - out.println("Pass Record Number: " + row): null

2024-11-07 17:48:09 - [TEST_STEP][PASSED] - resText = "Pass": null

2024-11-07 17:48:09 - [TEST_STEP][PASSED] - pages.WriteExcel.demoKey(resText, datText, resColumn, datCloumn, fileLoc, nameSheet, row): pages.WriteExcel.demoKey is PASSED

2024-11-07 17:48:09 - [MESSAGE][PASSED] - pages.WriteExcel.demoKey is PASSED

2024-11-07 17:48:09 - [TEST_STEP][PASSED] - ExecuteTC = findTestData(dataFile).getValue("Execute", row): null

2024-11-07 17:48:09 - [TEST_STEP][PASSED] - Taxtype = findTestData(dataFile).getValue("TaxType", row): null

2024-11-07 17:48:09 - [TEST_STEP][PASSED] - TaxTypeEL = findTestData(dataFile).getValue("TaxTypeEL", row): null

2024-11-07 17:48:09 - [TEST_STEP][PASSED] - notInvNumber = findTestData(dataFile).getValue("NotiInvoNumber", row): null

2024-11-07 17:48:09 - [TEST_STEP][PASSED] - errorMsg = findTestData(dataFile).getValue("ErrorMessage", row): null

2024-11-07 17:48:09 - [TEST_STEP][PASSED] - out.println("Value of Execute is : " + ExecuteTC): null

2024-11-07 17:48:09 - [TEST_STEP][PASSED] - if (ExecuteTC.equalsIgnoreCase("Y")): null

2024-11-07 17:48:09 - [TEST_STEP][PASSED] - out.println("Begin Record Number: " + row): null

2024-11-07 17:48:09 - [TEST_STEP][PASSED] - today = new java.util.Date(): null

2024-11-07 17:48:09 - [TEST_STEP][PASSED] - println(today): null

2024-11-07 17:48:09 - [TEST_STEP][PASSED] - datText = today: null

2024-11-07 17:48:09 - [TEST_STEP][PASSED] - Taxtype = findTestData(dataFile).getValue("TaxType", row): null

2024-11-07 17:48:09 - [TEST_STEP][PASSED] - out.println("Taxtype value is : " + Taxtype): null

2024-11-07 17:48:09 - [TEST_STEP][PASSED] - openBrowser(""): Browser is opened with url: ''

2024-11-07 17:48:09 - [MESSAGE][WARNING] - A browser is already opened. Closing browser and opening a new one

2024-11-07 17:48:12 - [MESSAGE][INFO] - Starting 'Chrome' driver

2024-11-07 17:48:12 - [MESSAGE][INFO] - User set preference: ['acceptInsecureCerts', 'true']

2024-11-07 17:48:12 - [MESSAGE][INFO] - Action delay is set to 0 milliseconds

2024-11-07 17:48:13 - [MESSAGE][PASSED] - Browser is opened with url: ''

2024-11-07 17:48:13 - [TEST_STEP][PASSED] - maximizeWindow(): Current window maximized

2024-11-07 17:48:14 - [MESSAGE][PASSED] - Current window maximized

2024-11-07 17:48:14 - [TEST_STEP][PASSED] - navigateToUrl(RADurl): Navigate to 'https://www.velocitypayment.com/client/rad/index.html' successfully

2024-11-07 17:48:16 - [MESSAGE][PASSED] - Navigate to 'https://www.velocitypayment.com/client/rad/index.html' successfully

2024-11-07 17:48:16 - [TEST_STEP][PASSED] - orPath_Landing = "Object Repository/RAD_Pages/Landing_Page": null

2024-11-07 17:48:16 - [TEST_STEP][PASSED] - orPath_TaxTypeFilingYear = "Object Repository/RAD_Pages/TaxTypeFilingYear_Page": null

2024-11-07 17:48:16 - [TEST_STEP][PASSED] - orPath_TaxPayer = "Object Repository/RAD_Pages/Taxpayer_Page": null

2024-11-07 17:48:16 - [TEST_STEP][PASSED] - orPath_AddressContact = "Object Repository/RAD_Pages/AddressAndContactInfo_Page": null

2024-11-07 17:48:16 - [TEST_STEP][PASSED] - orPath_FilingStatus = "Object Repository/RAD_Pages/FilingStatus_Page": null

2024-11-07 17:48:16 - [TEST_STEP][PASSED] - orPath_Amount = "Object Repository/RAD_Pages/PaymentAmount_Page": null

2024-11-07 17:48:16 - [TEST_STEP][PASSED] - orPath_TaxInfo = "Object Repository/RAD_Pages/TaxInfo_Page": null

2024-11-07 17:48:16 - [TEST_STEP][PASSED] - orPath_Withholding = "Object Repository/RAD_Pages/Withholding_Page": null

2024-11-07 17:48:16 - [TEST_STEP][PASSED] - orPath_Summary = "Object Repository/RAD_Pages/Summary_Page": null

2024-11-07 17:48:16 - [TEST_STEP][PASSED] - orPath_PaymentReady = "Object Repository/RAD_Pages/PaymentReady_Page": null

2024-11-07 17:48:16 - [TEST_STEP][PASSED] - orPath_PaymentEntry = "Object Repository/RAD_Pages/PaymentEntry_Page": null

2024-11-07 17:48:16 - [TEST_STEP][PASSED] - orPath_PaymentConfirmation = "Object Repository/RAD_Pages/PaymentConfirmation_Page": null

2024-11-07 17:48:16 - [TEST_STEP][PASSED] - orPath_ServiceFeesAccept = "Object Repository/RAD_Pages/ServiceFeeAccept_Page": null

2024-11-07 17:48:16 - [TEST_STEP][PASSED] - selectOptionByLabel(findTestObject(orPath_Landing + "/dd_TaxType"), Taxtype, false): All options with label 'Existing Liability with Notice/Invoice Number' are selected in object 'Object Repository/RAD_Pages/Landing_Page/dd_TaxType' 

2024-11-07 17:48:17 - [MESSAGE][PASSED] - All options with label 'Existing Liability with Notice/Invoice Number' are selected in object 'Object Repository/RAD_Pages/Landing_Page/dd_TaxType' 

2024-11-07 17:48:17 - [TEST_STEP][PASSED] - delay(1): Delayed 1 second(s)

2024-11-07 17:48:18 - [MESSAGE][PASSED] - Delayed 1 second(s)

2024-11-07 17:48:18 - [TEST_STEP][PASSED] - selectOptionByLabel(findTestObject(orPath_TaxTypeFilingYear + "/select_TaxType_ExistingLiability"), TaxTypeEL, false): All options with label 'IFTA Tax' are selected in object 'Object Repository/RAD_Pages/TaxTypeFilingYear_Page/select_TaxType_ExistingLiability' 

2024-11-07 17:48:19 - [MESSAGE][PASSED] - All options with label 'IFTA Tax' are selected in object 'Object Repository/RAD_Pages/TaxTypeFilingYear_Page/select_TaxType_ExistingLiability' 

2024-11-07 17:48:19 - [TEST_STEP][PASSED] - setText(findTestObject(orPath_TaxInfo + "/input_NoticeInvoiceNumber"), notInvNumber): Text '123456789012' is set on object 'Object Repository/RAD_Pages/TaxInfo_Page/input_NoticeInvoiceNumber'

2024-11-07 17:48:20 - [MESSAGE][PASSED] - Text '123456789012' is set on object 'Object Repository/RAD_Pages/TaxInfo_Page/input_NoticeInvoiceNumber'

2024-11-07 17:48:20 - [TEST_STEP][PASSED] - setText(findTestObject(orPath_TaxInfo + "/input_reTypeNoticeInvoiceNumber"), notInvNumber): Text '123456789012' is set on object 'Object Repository/RAD_Pages/TaxInfo_Page/input_reTypeNoticeInvoiceNumber'

2024-11-07 17:48:21 - [MESSAGE][PASSED] - Text '123456789012' is set on object 'Object Repository/RAD_Pages/TaxInfo_Page/input_reTypeNoticeInvoiceNumber'

2024-11-07 17:48:21 - [TEST_STEP][PASSED] - println(notInvNumber): null

2024-11-07 17:48:21 - [TEST_STEP][PASSED] - if (verifyTextPresent(errorMsg, true)): null

2024-11-07 17:48:21 - [MESSAGE][PASSED] - Text 'Notice Number or Invoice Number must be 10, 11, or 13 digits in length, with a value greater than zero' is present on page  using regular expression

2024-11-07 17:48:21 - [TEST_STEP][PASSED] - println("Error Message is present on the page"): null

2024-11-07 17:48:21 - [TEST_STEP][PASSED] - out.println("Pass Record Number: " + row): null

2024-11-07 17:48:21 - [TEST_STEP][PASSED] - resText = "Pass": null

2024-11-07 17:48:21 - [TEST_STEP][PASSED] - pages.WriteExcel.demoKey(resText, datText, resColumn, datCloumn, fileLoc, nameSheet, row): pages.WriteExcel.demoKey is PASSED

2024-11-07 17:48:21 - [MESSAGE][PASSED] - pages.WriteExcel.demoKey is PASSED

2024-11-07 17:48:21 - [TEST_STEP][PASSED] - ExecuteTC = findTestData(dataFile).getValue("Execute", row): null

2024-11-07 17:48:21 - [TEST_STEP][PASSED] - Taxtype = findTestData(dataFile).getValue("TaxType", row): null

2024-11-07 17:48:21 - [TEST_STEP][PASSED] - TaxTypeEL = findTestData(dataFile).getValue("TaxTypeEL", row): null

2024-11-07 17:48:21 - [TEST_STEP][PASSED] - notInvNumber = findTestData(dataFile).getValue("NotiInvoNumber", row): null

2024-11-07 17:48:21 - [TEST_STEP][PASSED] - errorMsg = findTestData(dataFile).getValue("ErrorMessage", row): null

2024-11-07 17:48:21 - [TEST_STEP][PASSED] - out.println("Value of Execute is : " + ExecuteTC): null

2024-11-07 17:48:21 - [TEST_STEP][PASSED] - if (ExecuteTC.equalsIgnoreCase("Y")): null

2024-11-07 17:48:21 - [TEST_STEP][PASSED] - out.println("Begin Record Number: " + row): null

2024-11-07 17:48:21 - [TEST_STEP][PASSED] - today = new java.util.Date(): null

2024-11-07 17:48:21 - [TEST_STEP][PASSED] - println(today): null

2024-11-07 17:48:21 - [TEST_STEP][PASSED] - datText = today: null

2024-11-07 17:48:21 - [TEST_STEP][PASSED] - Taxtype = findTestData(dataFile).getValue("TaxType", row): null

2024-11-07 17:48:21 - [TEST_STEP][PASSED] - out.println("Taxtype value is : " + Taxtype): null

2024-11-07 17:48:21 - [TEST_STEP][PASSED] - openBrowser(""): Browser is opened with url: ''

2024-11-07 17:48:21 - [MESSAGE][WARNING] - A browser is already opened. Closing browser and opening a new one

2024-11-07 17:48:23 - [MESSAGE][INFO] - Starting 'Chrome' driver

2024-11-07 17:48:23 - [MESSAGE][INFO] - User set preference: ['acceptInsecureCerts', 'true']

2024-11-07 17:48:23 - [MESSAGE][INFO] - Action delay is set to 0 milliseconds

2024-11-07 17:48:25 - [MESSAGE][PASSED] - Browser is opened with url: ''

2024-11-07 17:48:25 - [TEST_STEP][PASSED] - maximizeWindow(): Current window maximized

2024-11-07 17:48:25 - [MESSAGE][PASSED] - Current window maximized

2024-11-07 17:48:25 - [TEST_STEP][PASSED] - navigateToUrl(RADurl): Navigate to 'https://www.velocitypayment.com/client/rad/index.html' successfully

2024-11-07 17:48:27 - [MESSAGE][PASSED] - Navigate to 'https://www.velocitypayment.com/client/rad/index.html' successfully

2024-11-07 17:48:27 - [TEST_STEP][PASSED] - orPath_Landing = "Object Repository/RAD_Pages/Landing_Page": null

2024-11-07 17:48:27 - [TEST_STEP][PASSED] - orPath_TaxTypeFilingYear = "Object Repository/RAD_Pages/TaxTypeFilingYear_Page": null

2024-11-07 17:48:27 - [TEST_STEP][PASSED] - orPath_TaxPayer = "Object Repository/RAD_Pages/Taxpayer_Page": null

2024-11-07 17:48:27 - [TEST_STEP][PASSED] - orPath_AddressContact = "Object Repository/RAD_Pages/AddressAndContactInfo_Page": null

2024-11-07 17:48:27 - [TEST_STEP][PASSED] - orPath_FilingStatus = "Object Repository/RAD_Pages/FilingStatus_Page": null

2024-11-07 17:48:27 - [TEST_STEP][PASSED] - orPath_Amount = "Object Repository/RAD_Pages/PaymentAmount_Page": null

2024-11-07 17:48:27 - [TEST_STEP][PASSED] - orPath_TaxInfo = "Object Repository/RAD_Pages/TaxInfo_Page": null

2024-11-07 17:48:27 - [TEST_STEP][PASSED] - orPath_Withholding = "Object Repository/RAD_Pages/Withholding_Page": null

2024-11-07 17:48:27 - [TEST_STEP][PASSED] - orPath_Summary = "Object Repository/RAD_Pages/Summary_Page": null

2024-11-07 17:48:27 - [TEST_STEP][PASSED] - orPath_PaymentReady = "Object Repository/RAD_Pages/PaymentReady_Page": null

2024-11-07 17:48:27 - [TEST_STEP][PASSED] - orPath_PaymentEntry = "Object Repository/RAD_Pages/PaymentEntry_Page": null

2024-11-07 17:48:27 - [TEST_STEP][PASSED] - orPath_PaymentConfirmation = "Object Repository/RAD_Pages/PaymentConfirmation_Page": null

2024-11-07 17:48:27 - [TEST_STEP][PASSED] - orPath_ServiceFeesAccept = "Object Repository/RAD_Pages/ServiceFeeAccept_Page": null

2024-11-07 17:48:27 - [TEST_STEP][PASSED] - selectOptionByLabel(findTestObject(orPath_Landing + "/dd_TaxType"), Taxtype, false): All options with label 'Existing Liability with Notice/Invoice Number' are selected in object 'Object Repository/RAD_Pages/Landing_Page/dd_TaxType' 

2024-11-07 17:48:28 - [MESSAGE][PASSED] - All options with label 'Existing Liability with Notice/Invoice Number' are selected in object 'Object Repository/RAD_Pages/Landing_Page/dd_TaxType' 

2024-11-07 17:48:28 - [TEST_STEP][PASSED] - delay(1): Delayed 1 second(s)

2024-11-07 17:48:29 - [MESSAGE][PASSED] - Delayed 1 second(s)

2024-11-07 17:48:29 - [TEST_STEP][PASSED] - selectOptionByLabel(findTestObject(orPath_TaxTypeFilingYear + "/select_TaxType_ExistingLiability"), TaxTypeEL, false): All options with label 'IFTA Tax' are selected in object 'Object Repository/RAD_Pages/TaxTypeFilingYear_Page/select_TaxType_ExistingLiability' 

2024-11-07 17:48:30 - [MESSAGE][PASSED] - All options with label 'IFTA Tax' are selected in object 'Object Repository/RAD_Pages/TaxTypeFilingYear_Page/select_TaxType_ExistingLiability' 

2024-11-07 17:48:30 - [TEST_STEP][PASSED] - setText(findTestObject(orPath_TaxInfo + "/input_NoticeInvoiceNumber"), notInvNumber): Text '0000000000' is set on object 'Object Repository/RAD_Pages/TaxInfo_Page/input_NoticeInvoiceNumber'

2024-11-07 17:48:30 - [MESSAGE][PASSED] - Text '0000000000' is set on object 'Object Repository/RAD_Pages/TaxInfo_Page/input_NoticeInvoiceNumber'

2024-11-07 17:48:30 - [TEST_STEP][PASSED] - setText(findTestObject(orPath_TaxInfo + "/input_reTypeNoticeInvoiceNumber"), notInvNumber): Text '0000000000' is set on object 'Object Repository/RAD_Pages/TaxInfo_Page/input_reTypeNoticeInvoiceNumber'

2024-11-07 17:48:31 - [MESSAGE][PASSED] - Text '0000000000' is set on object 'Object Repository/RAD_Pages/TaxInfo_Page/input_reTypeNoticeInvoiceNumber'

2024-11-07 17:48:31 - [TEST_STEP][PASSED] - println(notInvNumber): null

2024-11-07 17:48:31 - [TEST_STEP][PASSED] - if (verifyTextPresent(errorMsg, true)): null

2024-11-07 17:48:32 - [MESSAGE][PASSED] - Text 'Notice Number or Invoice Number must be 10, 11, or 13 digits in length, with a value greater than zero' is present on page  using regular expression

2024-11-07 17:48:32 - [TEST_STEP][PASSED] - println("Error Message is present on the page"): null

2024-11-07 17:48:32 - [TEST_STEP][PASSED] - out.println("Pass Record Number: " + row): null

2024-11-07 17:48:32 - [TEST_STEP][PASSED] - resText = "Pass": null

2024-11-07 17:48:32 - [TEST_STEP][PASSED] - pages.WriteExcel.demoKey(resText, datText, resColumn, datCloumn, fileLoc, nameSheet, row): pages.WriteExcel.demoKey is PASSED

2024-11-07 17:48:32 - [MESSAGE][PASSED] - pages.WriteExcel.demoKey is PASSED]]></system-out>
         <system-err><![CDATA[2024-11-07 17:38:08 - [TEST_CASE][FAILED] - Test Cases/RAD_TestCases/Negative_TestCases/EL-NumberValidation: Test Cases/RAD_TestCases/Negative_TestCases/EL-NumberValidation FAILED.
Reason:
com.kms.katalon.core.exception.StepFailedException: Unable to select option by label 'Estate Tax' of object 'Object Repository/RAD_Pages/TaxTypeFilingYear_Page/select_TaxType_ExistingLiability'  (Root cause: com.kms.katalon.core.exception.StepFailedException: Unable to select option by label 'Estate Tax' of object 'Object Repository/RAD_Pages/TaxTypeFilingYear_Page/select_TaxType_ExistingLiability' 
	at com.kms.katalon.core.webui.keyword.internal.WebUIKeywordMain.stepFailed(WebUIKeywordMain.groovy:64)
	at com.kms.katalon.core.webui.keyword.internal.WebUIKeywordMain.runKeyword(WebUIKeywordMain.groovy:26)
	at com.kms.katalon.core.webui.keyword.builtin.SelectOptionByLabelKeyword.selectOptionByLabel(SelectOptionByLabelKeyword.groovy:98)
	at com.kms.katalon.core.webui.keyword.builtin.SelectOptionByLabelKeyword.execute(SelectOptionByLabelKeyword.groovy:71)
	at com.kms.katalon.core.keyword.internal.KeywordExecutor.executeKeywordForPlatform(KeywordExecutor.groovy:74)
	at com.kms.katalon.core.webui.keyword.WebUiBuiltInKeywords.selectOptionByLabel(WebUiBuiltInKeywords.groovy:1230)
	at com.kms.katalon.core.webui.keyword.WebUiBuiltInKeywords$selectOptionByLabel$2.call(Unknown Source)
	at EL-NumberValidation.run(EL-NumberValidation:88)
	at com.kms.katalon.core.main.ScriptEngine.run(ScriptEngine.java:194)
	at com.kms.katalon.core.main.ScriptEngine.runScriptAsRawText(ScriptEngine.java:119)
	at com.kms.katalon.core.main.TestCaseExecutor.runScript(TestCaseExecutor.java:448)
	at com.kms.katalon.core.main.TestCaseExecutor.doExecute(TestCaseExecutor.java:439)
	at com.kms.katalon.core.main.TestCaseExecutor.processExecutionPhase(TestCaseExecutor.java:418)
	at com.kms.katalon.core.main.TestCaseExecutor.accessMainPhase(TestCaseExecutor.java:410)
	at com.kms.katalon.core.main.TestCaseExecutor.execute(TestCaseExecutor.java:285)
	at com.kms.katalon.core.common.CommonExecutor.accessTestCaseMainPhase(CommonExecutor.java:65)
	at com.kms.katalon.core.main.TestSuiteExecutor.accessTestSuiteMainPhase(TestSuiteExecutor.java:148)
	at com.kms.katalon.core.main.TestSuiteExecutor.execute(TestSuiteExecutor.java:106)
	at com.kms.katalon.core.main.TestCaseMain.startTestSuite(TestCaseMain.java:187)
	at com.kms.katalon.core.main.TestCaseMain$startTestSuite$0.call(Unknown Source)
	at TempTestSuite1731019020691.run(TempTestSuite1731019020691.groovy:35)
Caused by: org.openqa.selenium.NoSuchElementException: Cannot locate element with text: Estate Tax
For documentation on this error, please visit: https://www.seleniumhq.org/exceptions/no_such_element.html
Build info: version: '3.141.59', revision: 'e82be7d358', time: '2018-11-14T08:25:53'
System info: host: 'DESKTOP-B2QI6NS', ip: '172.31.253.185', os.name: 'Windows 10', os.arch: 'amd64', os.version: '10.0', java.version: '1.8.0_181'
Driver info: driver.version: unknown
	at org.openqa.selenium.support.ui.Select.selectByVisibleText(Select.java:147)
	at com.kms.katalon.core.webui.common.WebUiCommonHelper.selectOrDeselectOptionsByLabel(WebUiCommonHelper.java:310)
	at com.kms.katalon.core.webui.keyword.builtin.SelectOptionByLabelKeyword$_selectOptionByLabel_closure1.doCall(SelectOptionByLabelKeyword.groovy:87)
	at com.kms.katalon.core.webui.keyword.builtin.SelectOptionByLabelKeyword$_selectOptionByLabel_closure1.call(SelectOptionByLabelKeyword.groovy)
	at com.kms.katalon.core.webui.keyword.internal.WebUIKeywordMain.runKeyword(WebUIKeywordMain.groovy:20)
	at com.kms.katalon.core.webui.keyword.builtin.SelectOptionByLabelKeyword.selectOptionByLabel(SelectOptionByLabelKeyword.groovy:98)
	at com.kms.katalon.core.webui.keyword.builtin.SelectOptionByLabelKeyword.execute(SelectOptionByLabelKeyword.groovy:71)
	at com.kms.katalon.core.keyword.internal.KeywordExecutor.executeKeywordForPlatform(KeywordExecutor.groovy:74)
	at com.kms.katalon.core.webui.keyword.WebUiBuiltInKeywords.selectOptionByLabel(WebUiBuiltInKeywords.groovy:1230)
	at com.kms.katalon.core.webui.keyword.WebUiBuiltInKeywords$selectOptionByLabel$2.call(Unknown Source)
	at Script1667491086754.run(Script1667491086754.groovy:88)
	... 13 more
)
	at com.kms.katalon.core.keyword.internal.KeywordMain.stepFailed(KeywordMain.groovy:39)
	at com.kms.katalon.core.webui.keyword.internal.WebUIKeywordMain.stepFailed(WebUIKeywordMain.groovy:64)
	at com.kms.katalon.core.webui.keyword.internal.WebUIKeywordMain.runKeyword(WebUIKeywordMain.groovy:26)
	at com.kms.katalon.core.webui.keyword.builtin.SelectOptionByLabelKeyword.selectOptionByLabel(SelectOptionByLabelKeyword.groovy:98)
	at com.kms.katalon.core.webui.keyword.builtin.SelectOptionByLabelKeyword.execute(SelectOptionByLabelKeyword.groovy:71)
	at com.kms.katalon.core.keyword.internal.KeywordExecutor.executeKeywordForPlatform(KeywordExecutor.groovy:74)
	at com.kms.katalon.core.webui.keyword.WebUiBuiltInKeywords.selectOptionByLabel(WebUiBuiltInKeywords.groovy:1230)
	at com.kms.katalon.core.webui.keyword.WebUiBuiltInKeywords$selectOptionByLabel$2.call(Unknown Source)
	at EL-NumberValidation.run(EL-NumberValidation:88)
	at com.kms.katalon.core.main.ScriptEngine.run(ScriptEngine.java:194)
	at com.kms.katalon.core.main.ScriptEngine.runScriptAsRawText(ScriptEngine.java:119)
	at com.kms.katalon.core.main.TestCaseExecutor.runScript(TestCaseExecutor.java:448)
	at com.kms.katalon.core.main.TestCaseExecutor.doExecute(TestCaseExecutor.java:439)
	at com.kms.katalon.core.main.TestCaseExecutor.processExecutionPhase(TestCaseExecutor.java:418)
	at com.kms.katalon.core.main.TestCaseExecutor.accessMainPhase(TestCaseExecutor.java:410)
	at com.kms.katalon.core.main.TestCaseExecutor.execute(TestCaseExecutor.java:285)
	at com.kms.katalon.core.common.CommonExecutor.accessTestCaseMainPhase(CommonExecutor.java:65)
	at com.kms.katalon.core.main.TestSuiteExecutor.accessTestSuiteMainPhase(TestSuiteExecutor.java:148)
	at com.kms.katalon.core.main.TestSuiteExecutor.execute(TestSuiteExecutor.java:106)
	at com.kms.katalon.core.main.TestCaseMain.startTestSuite(TestCaseMain.java:187)
	at com.kms.katalon.core.main.TestCaseMain$startTestSuite$0.call(Unknown Source)
	at TempTestSuite1731019020691.run(TempTestSuite1731019020691.groovy:35)
Caused by: com.kms.katalon.core.exception.StepFailedException: Unable to select option by label 'Estate Tax' of object 'Object Repository/RAD_Pages/TaxTypeFilingYear_Page/select_TaxType_ExistingLiability' 
	... 21 more
Caused by: org.openqa.selenium.NoSuchElementException: Cannot locate element with text: Estate Tax
For documentation on this error, please visit: https://www.seleniumhq.org/exceptions/no_such_element.html
Build info: version: '3.141.59', revision: 'e82be7d358', time: '2018-11-14T08:25:53'
System info: host: 'DESKTOP-B2QI6NS', ip: '172.31.253.185', os.name: 'Windows 10', os.arch: 'amd64', os.version: '10.0', java.version: '1.8.0_181'
Driver info: driver.version: unknown
	at org.openqa.selenium.support.ui.Select.selectByVisibleText(Select.java:147)
	at com.kms.katalon.core.webui.common.WebUiCommonHelper.selectOrDeselectOptionsByLabel(WebUiCommonHelper.java:310)
	at com.kms.katalon.core.webui.keyword.builtin.SelectOptionByLabelKeyword$_selectOptionByLabel_closure1.doCall(SelectOptionByLabelKeyword.groovy:87)
	at com.kms.katalon.core.webui.keyword.builtin.SelectOptionByLabelKeyword$_selectOptionByLabel_closure1.call(SelectOptionByLabelKeyword.groovy)
	at com.kms.katalon.core.webui.keyword.internal.WebUIKeywordMain.runKeyword(WebUIKeywordMain.groovy:20)
	... 19 more]]></system-err>
      </testcase>
      <testcase name="Test Cases/RAD_TestCases/Negative_TestCases/EMailNoMatch" time="712.893" classname="Test Cases/RAD_TestCases/Negative_TestCases/EMailNoMatch" status="PASSED">
         <system-out><![CDATA[2024-11-07 17:48:32 - [TEST_CASE][PASSED] - Test Cases/RAD_TestCases/Negative_TestCases/EMailNoMatch: Test Cases/RAD_TestCases/Negative_TestCases/EMailNoMatch

2024-11-07 17:48:33 - [TEST_STEP][PASSED] - resText = "Fail": null

2024-11-07 17:48:33 - [TEST_STEP][PASSED] - resColumn = "Result": null

2024-11-07 17:48:33 - [TEST_STEP][PASSED] - datCloumn = "Date": null

2024-11-07 17:48:33 - [TEST_STEP][PASSED] - fileLoc = "KatalonData/RADTestData/EmailNoMatch.xlsx": null

2024-11-07 17:48:33 - [TEST_STEP][PASSED] - nameSheet = "Sheet1": null

2024-11-07 17:48:33 - [TEST_STEP][PASSED] - dataFile = "RADTestData/EmailNoMatch": null

2024-11-07 17:48:33 - [TEST_STEP][PASSED] - ExecuteTC = <not implemented yet for class: org.codehaus.groovy.ast.expr.EmptyExpression>: null

2024-11-07 17:48:33 - [TEST_STEP][PASSED] - Taxtype = <not implemented yet for class: org.codehaus.groovy.ast.expr.EmptyExpression>: null

2024-11-07 17:48:33 - [TEST_STEP][PASSED] - numOfRows = findTestData(dataFile).getRowNumbers(): null

2024-11-07 17:48:33 - [TEST_STEP][PASSED] - println("Number of Records: " + numOfRows): null

2024-11-07 17:48:33 - [TEST_STEP][PASSED] - for ([row = 1, row <= numOfRows, (row++)]): null

2024-11-07 17:48:33 - [TEST_STEP][PASSED] - ExecuteTC = findTestData(dataFile).getValue("Execute", row): null

2024-11-07 17:48:33 - [TEST_STEP][PASSED] - Taxtype = findTestData(dataFile).getValue("TaxType", row): null

2024-11-07 17:48:33 - [TEST_STEP][PASSED] - Paymenttype = findTestData(dataFile).getValue("PaymentType", row): null

2024-11-07 17:48:33 - [TEST_STEP][PASSED] - out.println("Value of Execute is : " + ExecuteTC): null

2024-11-07 17:48:33 - [TEST_STEP][PASSED] - if (ExecuteTC.equalsIgnoreCase("Y")): null

2024-11-07 17:48:33 - [TEST_STEP][PASSED] - out.println("Begin Record Number: " + row): null

2024-11-07 17:48:33 - [TEST_STEP][PASSED] - today = new java.util.Date(): null

2024-11-07 17:48:33 - [TEST_STEP][PASSED] - println(today): null

2024-11-07 17:48:33 - [TEST_STEP][PASSED] - datText = today: null

2024-11-07 17:48:33 - [TEST_STEP][PASSED] - Taxtype = findTestData(dataFile).getValue("TaxType", row): null

2024-11-07 17:48:33 - [TEST_STEP][PASSED] - out.println("Taxtype value is : " + Taxtype): null

2024-11-07 17:48:33 - [TEST_STEP][PASSED] - openBrowser(""): Browser is opened with url: ''

2024-11-07 17:48:33 - [MESSAGE][WARNING] - A browser is already opened. Closing browser and opening a new one

2024-11-07 17:48:34 - [MESSAGE][INFO] - Starting 'Chrome' driver

2024-11-07 17:48:34 - [MESSAGE][INFO] - User set preference: ['acceptInsecureCerts', 'true']

2024-11-07 17:48:34 - [MESSAGE][INFO] - Action delay is set to 0 milliseconds

2024-11-07 17:48:36 - [MESSAGE][PASSED] - Browser is opened with url: ''

2024-11-07 17:48:36 - [TEST_STEP][PASSED] - maximizeWindow(): Current window maximized

2024-11-07 17:48:36 - [MESSAGE][PASSED] - Current window maximized

2024-11-07 17:48:36 - [TEST_STEP][PASSED] - navigateToUrl(RADurl): Navigate to 'https://www.velocitypayment.com/client/rad/index.html' successfully

2024-11-07 17:48:36 - [MESSAGE][PASSED] - Navigate to 'https://www.velocitypayment.com/client/rad/index.html' successfully

2024-11-07 17:48:36 - [TEST_STEP][PASSED] - orPath_Landing = "Object Repository/RAD_Pages/Landing_Page": null

2024-11-07 17:48:36 - [TEST_STEP][PASSED] - orPath_TaxTypeFilingYear = "Object Repository/RAD_Pages/TaxTypeFilingYear_Page": null

2024-11-07 17:48:36 - [TEST_STEP][PASSED] - orPath_TaxPayer = "Object Repository/RAD_Pages/Taxpayer_Page": null

2024-11-07 17:48:36 - [TEST_STEP][PASSED] - orPath_AddressContact = "Object Repository/RAD_Pages/AddressAndContactInfo_Page": null

2024-11-07 17:48:36 - [TEST_STEP][PASSED] - orPath_FilingStatus = "Object Repository/RAD_Pages/FilingStatus_Page": null

2024-11-07 17:48:36 - [TEST_STEP][PASSED] - orPath_Amount = "Object Repository/RAD_Pages/PaymentAmount_Page": null

2024-11-07 17:48:36 - [TEST_STEP][PASSED] - selectOptionByLabel(findTestObject(orPath_Landing + "/dd_TaxType"), Paymenttype, false): All options with label 'Existing Liability with Notice/Invoice Number' are selected in object 'Object Repository/RAD_Pages/Landing_Page/dd_TaxType' 

2024-11-07 17:48:39 - [MESSAGE][PASSED] - All options with label 'Existing Liability with Notice/Invoice Number' are selected in object 'Object Repository/RAD_Pages/Landing_Page/dd_TaxType' 

2024-11-07 17:48:39 - [TEST_STEP][PASSED] - delay(1): Delayed 1 second(s)

2024-11-07 17:48:40 - [MESSAGE][PASSED] - Delayed 1 second(s)

2024-11-07 17:48:40 - [TEST_STEP][PASSED] - switch (Paymenttype): null

2024-11-07 17:48:40 - [TEST_STEP][PASSED] - delay(1): Delayed 1 second(s)

2024-11-07 17:48:41 - [MESSAGE][PASSED] - Delayed 1 second(s)

2024-11-07 17:48:41 - [TEST_STEP][PASSED] - scrollToElement(findTestObject(orPath_Amount + "/input__paymentAmount"), 3): Scroll to object 'Object Repository/RAD_Pages/PaymentAmount_Page/input__paymentAmount' successfully

2024-11-07 17:48:41 - [MESSAGE][PASSED] - Scroll to object 'Object Repository/RAD_Pages/PaymentAmount_Page/input__paymentAmount' successfully

2024-11-07 17:48:41 - [TEST_STEP][PASSED] - setText(findTestObject(orPath_AddressContact + "/input_eMailAddress"), "imtiazster@gmail.com"): Text 'imtiazster@gmail.com' is set on object 'Object Repository/RAD_Pages/AddressAndContactInfo_Page/input_eMailAddress'

2024-11-07 17:48:42 - [MESSAGE][PASSED] - Text 'imtiazster@gmail.com' is set on object 'Object Repository/RAD_Pages/AddressAndContactInfo_Page/input_eMailAddress'

2024-11-07 17:48:42 - [TEST_STEP][PASSED] - setText(findTestObject(orPath_AddressContact + "/input_reEnterEMailAddress"), "iahmed@govolution.com"): Text 'iahmed@govolution.com' is set on object 'Object Repository/RAD_Pages/AddressAndContactInfo_Page/input_reEnterEMailAddress'

2024-11-07 17:48:43 - [MESSAGE][PASSED] - Text 'iahmed@govolution.com' is set on object 'Object Repository/RAD_Pages/AddressAndContactInfo_Page/input_reEnterEMailAddress'

2024-11-07 17:48:43 - [TEST_STEP][PASSED] - delay(2): Delayed 2 second(s)

2024-11-07 17:48:45 - [MESSAGE][PASSED] - Delayed 2 second(s)

2024-11-07 17:48:45 - [TEST_STEP][PASSED] - if (verifyTextPresent("The Email and Re-enter email do not match", true)): null

2024-11-07 17:48:46 - [MESSAGE][PASSED] - Text 'The Email and Re-enter email do not match' is present on page  using regular expression

2024-11-07 17:48:46 - [TEST_STEP][PASSED] - println("Emails Dont match text is present"): null

2024-11-07 17:48:46 - [TEST_STEP][PASSED] - out.println("Pass Record Number: " + row): null

2024-11-07 17:48:46 - [TEST_STEP][PASSED] - resText = "Pass": null

2024-11-07 17:48:46 - [TEST_STEP][PASSED] - pages.WriteExcel.demoKey(resText, datText, resColumn, datCloumn, fileLoc, nameSheet, row): pages.WriteExcel.demoKey is PASSED

2024-11-07 17:48:46 - [MESSAGE][PASSED] - pages.WriteExcel.demoKey is PASSED

2024-11-07 17:48:46 - [TEST_STEP][PASSED] - ExecuteTC = findTestData(dataFile).getValue("Execute", row): null

2024-11-07 17:48:46 - [TEST_STEP][PASSED] - Taxtype = findTestData(dataFile).getValue("TaxType", row): null

2024-11-07 17:48:46 - [TEST_STEP][PASSED] - Paymenttype = findTestData(dataFile).getValue("PaymentType", row): null

2024-11-07 17:48:46 - [TEST_STEP][PASSED] - out.println("Value of Execute is : " + ExecuteTC): null

2024-11-07 17:48:46 - [TEST_STEP][PASSED] - if (ExecuteTC.equalsIgnoreCase("Y")): null

2024-11-07 17:48:46 - [TEST_STEP][PASSED] - out.println("Begin Record Number: " + row): null

2024-11-07 17:48:46 - [TEST_STEP][PASSED] - today = new java.util.Date(): null

2024-11-07 17:48:46 - [TEST_STEP][PASSED] - println(today): null

2024-11-07 17:48:46 - [TEST_STEP][PASSED] - datText = today: null

2024-11-07 17:48:46 - [TEST_STEP][PASSED] - Taxtype = findTestData(dataFile).getValue("TaxType", row): null

2024-11-07 17:48:46 - [TEST_STEP][PASSED] - out.println("Taxtype value is : " + Taxtype): null

2024-11-07 17:48:46 - [TEST_STEP][PASSED] - openBrowser(""): Browser is opened with url: ''

2024-11-07 17:48:46 - [MESSAGE][WARNING] - A browser is already opened. Closing browser and opening a new one

2024-11-07 17:48:48 - [MESSAGE][INFO] - Starting 'Chrome' driver

2024-11-07 17:48:48 - [MESSAGE][INFO] - User set preference: ['acceptInsecureCerts', 'true']

2024-11-07 17:48:48 - [MESSAGE][INFO] - Action delay is set to 0 milliseconds

2024-11-07 17:48:50 - [MESSAGE][PASSED] - Browser is opened with url: ''

2024-11-07 17:48:50 - [TEST_STEP][PASSED] - maximizeWindow(): Current window maximized

2024-11-07 17:48:50 - [MESSAGE][PASSED] - Current window maximized

2024-11-07 17:48:50 - [TEST_STEP][PASSED] - navigateToUrl(RADurl): Navigate to 'https://www.velocitypayment.com/client/rad/index.html' successfully

2024-11-07 17:48:50 - [MESSAGE][PASSED] - Navigate to 'https://www.velocitypayment.com/client/rad/index.html' successfully

2024-11-07 17:48:50 - [TEST_STEP][PASSED] - orPath_Landing = "Object Repository/RAD_Pages/Landing_Page": null

2024-11-07 17:48:50 - [TEST_STEP][PASSED] - orPath_TaxTypeFilingYear = "Object Repository/RAD_Pages/TaxTypeFilingYear_Page": null

2024-11-07 17:48:50 - [TEST_STEP][PASSED] - orPath_TaxPayer = "Object Repository/RAD_Pages/Taxpayer_Page": null

2024-11-07 17:48:50 - [TEST_STEP][PASSED] - orPath_AddressContact = "Object Repository/RAD_Pages/AddressAndContactInfo_Page": null

2024-11-07 17:48:50 - [TEST_STEP][PASSED] - orPath_FilingStatus = "Object Repository/RAD_Pages/FilingStatus_Page": null

2024-11-07 17:48:50 - [TEST_STEP][PASSED] - orPath_Amount = "Object Repository/RAD_Pages/PaymentAmount_Page": null

2024-11-07 17:48:50 - [TEST_STEP][PASSED] - selectOptionByLabel(findTestObject(orPath_Landing + "/dd_TaxType"), Paymenttype, false): All options with label 'Existing Liability with Notice/Invoice Number' are selected in object 'Object Repository/RAD_Pages/Landing_Page/dd_TaxType' 

2024-11-07 17:48:53 - [MESSAGE][PASSED] - All options with label 'Existing Liability with Notice/Invoice Number' are selected in object 'Object Repository/RAD_Pages/Landing_Page/dd_TaxType' 

2024-11-07 17:48:53 - [TEST_STEP][PASSED] - delay(1): Delayed 1 second(s)

2024-11-07 17:48:54 - [MESSAGE][PASSED] - Delayed 1 second(s)

2024-11-07 17:48:54 - [TEST_STEP][PASSED] - switch (Paymenttype): null

2024-11-07 17:48:54 - [TEST_STEP][PASSED] - delay(1): Delayed 1 second(s)

2024-11-07 17:48:55 - [MESSAGE][PASSED] - Delayed 1 second(s)

2024-11-07 17:48:55 - [TEST_STEP][PASSED] - scrollToElement(findTestObject(orPath_Amount + "/input__paymentAmount"), 3): Scroll to object 'Object Repository/RAD_Pages/PaymentAmount_Page/input__paymentAmount' successfully

2024-11-07 17:48:55 - [MESSAGE][PASSED] - Scroll to object 'Object Repository/RAD_Pages/PaymentAmount_Page/input__paymentAmount' successfully

2024-11-07 17:48:55 - [TEST_STEP][PASSED] - setText(findTestObject(orPath_AddressContact + "/input_eMailAddress"), "imtiazster@gmail.com"): Text 'imtiazster@gmail.com' is set on object 'Object Repository/RAD_Pages/AddressAndContactInfo_Page/input_eMailAddress'

2024-11-07 17:48:56 - [MESSAGE][PASSED] - Text 'imtiazster@gmail.com' is set on object 'Object Repository/RAD_Pages/AddressAndContactInfo_Page/input_eMailAddress'

2024-11-07 17:48:56 - [TEST_STEP][PASSED] - setText(findTestObject(orPath_AddressContact + "/input_reEnterEMailAddress"), "iahmed@govolution.com"): Text 'iahmed@govolution.com' is set on object 'Object Repository/RAD_Pages/AddressAndContactInfo_Page/input_reEnterEMailAddress'

2024-11-07 17:48:57 - [MESSAGE][PASSED] - Text 'iahmed@govolution.com' is set on object 'Object Repository/RAD_Pages/AddressAndContactInfo_Page/input_reEnterEMailAddress'

2024-11-07 17:48:57 - [TEST_STEP][PASSED] - delay(2): Delayed 2 second(s)

2024-11-07 17:48:59 - [MESSAGE][PASSED] - Delayed 2 second(s)

2024-11-07 17:48:59 - [TEST_STEP][PASSED] - if (verifyTextPresent("The Email and Re-enter email do not match", true)): null

2024-11-07 17:49:00 - [MESSAGE][PASSED] - Text 'The Email and Re-enter email do not match' is present on page  using regular expression

2024-11-07 17:49:00 - [TEST_STEP][PASSED] - println("Emails Dont match text is present"): null

2024-11-07 17:49:00 - [TEST_STEP][PASSED] - out.println("Pass Record Number: " + row): null

2024-11-07 17:49:00 - [TEST_STEP][PASSED] - resText = "Pass": null

2024-11-07 17:49:00 - [TEST_STEP][PASSED] - pages.WriteExcel.demoKey(resText, datText, resColumn, datCloumn, fileLoc, nameSheet, row): pages.WriteExcel.demoKey is PASSED

2024-11-07 17:49:00 - [MESSAGE][PASSED] - pages.WriteExcel.demoKey is PASSED

2024-11-07 17:49:00 - [TEST_STEP][PASSED] - ExecuteTC = findTestData(dataFile).getValue("Execute", row): null

2024-11-07 17:49:00 - [TEST_STEP][PASSED] - Taxtype = findTestData(dataFile).getValue("TaxType", row): null

2024-11-07 17:49:00 - [TEST_STEP][PASSED] - Paymenttype = findTestData(dataFile).getValue("PaymentType", row): null

2024-11-07 17:49:00 - [TEST_STEP][PASSED] - out.println("Value of Execute is : " + ExecuteTC): null

2024-11-07 17:49:00 - [TEST_STEP][PASSED] - if (ExecuteTC.equalsIgnoreCase("Y")): null

2024-11-07 17:49:00 - [TEST_STEP][PASSED] - out.println("Begin Record Number: " + row): null

2024-11-07 17:49:00 - [TEST_STEP][PASSED] - today = new java.util.Date(): null

2024-11-07 17:49:00 - [TEST_STEP][PASSED] - println(today): null

2024-11-07 17:49:00 - [TEST_STEP][PASSED] - datText = today: null

2024-11-07 17:49:00 - [TEST_STEP][PASSED] - Taxtype = findTestData(dataFile).getValue("TaxType", row): null

2024-11-07 17:49:00 - [TEST_STEP][PASSED] - out.println("Taxtype value is : " + Taxtype): null

2024-11-07 17:49:00 - [TEST_STEP][PASSED] - openBrowser(""): Browser is opened with url: ''

2024-11-07 17:49:00 - [MESSAGE][WARNING] - A browser is already opened. Closing browser and opening a new one

2024-11-07 17:49:02 - [MESSAGE][INFO] - Starting 'Chrome' driver

2024-11-07 17:49:02 - [MESSAGE][INFO] - User set preference: ['acceptInsecureCerts', 'true']

2024-11-07 17:49:02 - [MESSAGE][INFO] - Action delay is set to 0 milliseconds

2024-11-07 17:49:04 - [MESSAGE][PASSED] - Browser is opened with url: ''

2024-11-07 17:49:04 - [TEST_STEP][PASSED] - maximizeWindow(): Current window maximized

2024-11-07 17:49:04 - [MESSAGE][PASSED] - Current window maximized

2024-11-07 17:49:04 - [TEST_STEP][PASSED] - navigateToUrl(RADurl): Navigate to 'https://www.velocitypayment.com/client/rad/index.html' successfully

2024-11-07 17:49:04 - [MESSAGE][PASSED] - Navigate to 'https://www.velocitypayment.com/client/rad/index.html' successfully

2024-11-07 17:49:04 - [TEST_STEP][PASSED] - orPath_Landing = "Object Repository/RAD_Pages/Landing_Page": null

2024-11-07 17:49:04 - [TEST_STEP][PASSED] - orPath_TaxTypeFilingYear = "Object Repository/RAD_Pages/TaxTypeFilingYear_Page": null

2024-11-07 17:49:04 - [TEST_STEP][PASSED] - orPath_TaxPayer = "Object Repository/RAD_Pages/Taxpayer_Page": null

2024-11-07 17:49:04 - [TEST_STEP][PASSED] - orPath_AddressContact = "Object Repository/RAD_Pages/AddressAndContactInfo_Page": null

2024-11-07 17:49:04 - [TEST_STEP][PASSED] - orPath_FilingStatus = "Object Repository/RAD_Pages/FilingStatus_Page": null

2024-11-07 17:49:04 - [TEST_STEP][PASSED] - orPath_Amount = "Object Repository/RAD_Pages/PaymentAmount_Page": null

2024-11-07 17:49:04 - [TEST_STEP][PASSED] - selectOptionByLabel(findTestObject(orPath_Landing + "/dd_TaxType"), Paymenttype, false): All options with label 'Existing Liability with Notice/Invoice Number' are selected in object 'Object Repository/RAD_Pages/Landing_Page/dd_TaxType' 

2024-11-07 17:49:07 - [MESSAGE][PASSED] - All options with label 'Existing Liability with Notice/Invoice Number' are selected in object 'Object Repository/RAD_Pages/Landing_Page/dd_TaxType' 

2024-11-07 17:49:07 - [TEST_STEP][PASSED] - delay(1): Delayed 1 second(s)

2024-11-07 17:49:08 - [MESSAGE][PASSED] - Delayed 1 second(s)

2024-11-07 17:49:08 - [TEST_STEP][PASSED] - switch (Paymenttype): null

2024-11-07 17:49:08 - [TEST_STEP][PASSED] - delay(1): Delayed 1 second(s)

2024-11-07 17:49:09 - [MESSAGE][PASSED] - Delayed 1 second(s)

2024-11-07 17:49:09 - [TEST_STEP][PASSED] - scrollToElement(findTestObject(orPath_Amount + "/input__paymentAmount"), 3): Scroll to object 'Object Repository/RAD_Pages/PaymentAmount_Page/input__paymentAmount' successfully

2024-11-07 17:49:09 - [MESSAGE][PASSED] - Scroll to object 'Object Repository/RAD_Pages/PaymentAmount_Page/input__paymentAmount' successfully

2024-11-07 17:49:09 - [TEST_STEP][PASSED] - setText(findTestObject(orPath_AddressContact + "/input_eMailAddress"), "imtiazster@gmail.com"): Text 'imtiazster@gmail.com' is set on object 'Object Repository/RAD_Pages/AddressAndContactInfo_Page/input_eMailAddress'

2024-11-07 17:49:10 - [MESSAGE][PASSED] - Text 'imtiazster@gmail.com' is set on object 'Object Repository/RAD_Pages/AddressAndContactInfo_Page/input_eMailAddress'

2024-11-07 17:49:10 - [TEST_STEP][PASSED] - setText(findTestObject(orPath_AddressContact + "/input_reEnterEMailAddress"), "iahmed@govolution.com"): Text 'iahmed@govolution.com' is set on object 'Object Repository/RAD_Pages/AddressAndContactInfo_Page/input_reEnterEMailAddress'

2024-11-07 17:49:11 - [MESSAGE][PASSED] - Text 'iahmed@govolution.com' is set on object 'Object Repository/RAD_Pages/AddressAndContactInfo_Page/input_reEnterEMailAddress'

2024-11-07 17:49:11 - [TEST_STEP][PASSED] - delay(2): Delayed 2 second(s)

2024-11-07 17:49:13 - [MESSAGE][PASSED] - Delayed 2 second(s)

2024-11-07 17:49:13 - [TEST_STEP][PASSED] - if (verifyTextPresent("The Email and Re-enter email do not match", true)): null

2024-11-07 17:49:13 - [MESSAGE][PASSED] - Text 'The Email and Re-enter email do not match' is present on page  using regular expression

2024-11-07 17:49:13 - [TEST_STEP][PASSED] - println("Emails Dont match text is present"): null

2024-11-07 17:49:13 - [TEST_STEP][PASSED] - out.println("Pass Record Number: " + row): null

2024-11-07 17:49:13 - [TEST_STEP][PASSED] - resText = "Pass": null

2024-11-07 17:49:13 - [TEST_STEP][PASSED] - pages.WriteExcel.demoKey(resText, datText, resColumn, datCloumn, fileLoc, nameSheet, row): pages.WriteExcel.demoKey is PASSED

2024-11-07 17:49:13 - [MESSAGE][PASSED] - pages.WriteExcel.demoKey is PASSED

2024-11-07 17:49:13 - [TEST_STEP][PASSED] - ExecuteTC = findTestData(dataFile).getValue("Execute", row): null

2024-11-07 17:49:13 - [TEST_STEP][PASSED] - Taxtype = findTestData(dataFile).getValue("TaxType", row): null

2024-11-07 17:49:13 - [TEST_STEP][PASSED] - Paymenttype = findTestData(dataFile).getValue("PaymentType", row): null

2024-11-07 17:49:14 - [TEST_STEP][PASSED] - out.println("Value of Execute is : " + ExecuteTC): null

2024-11-07 17:49:14 - [TEST_STEP][PASSED] - if (ExecuteTC.equalsIgnoreCase("Y")): null

2024-11-07 17:49:14 - [TEST_STEP][PASSED] - out.println("Begin Record Number: " + row): null

2024-11-07 17:49:14 - [TEST_STEP][PASSED] - today = new java.util.Date(): null

2024-11-07 17:49:14 - [TEST_STEP][PASSED] - println(today): null

2024-11-07 17:49:14 - [TEST_STEP][PASSED] - datText = today: null

2024-11-07 17:49:14 - [TEST_STEP][PASSED] - Taxtype = findTestData(dataFile).getValue("TaxType", row): null

2024-11-07 17:49:14 - [TEST_STEP][PASSED] - out.println("Taxtype value is : " + Taxtype): null

2024-11-07 17:49:14 - [TEST_STEP][PASSED] - openBrowser(""): Browser is opened with url: ''

2024-11-07 17:49:14 - [MESSAGE][WARNING] - A browser is already opened. Closing browser and opening a new one

2024-11-07 17:49:19 - [MESSAGE][INFO] - Starting 'Chrome' driver

2024-11-07 17:49:19 - [MESSAGE][INFO] - User set preference: ['acceptInsecureCerts', 'true']

2024-11-07 17:49:19 - [MESSAGE][INFO] - Action delay is set to 0 milliseconds

2024-11-07 17:49:21 - [MESSAGE][PASSED] - Browser is opened with url: ''

2024-11-07 17:49:21 - [TEST_STEP][PASSED] - maximizeWindow(): Current window maximized

2024-11-07 17:49:21 - [MESSAGE][PASSED] - Current window maximized

2024-11-07 17:49:21 - [TEST_STEP][PASSED] - navigateToUrl(RADurl): Navigate to 'https://www.velocitypayment.com/client/rad/index.html' successfully

2024-11-07 17:49:23 - [MESSAGE][PASSED] - Navigate to 'https://www.velocitypayment.com/client/rad/index.html' successfully

2024-11-07 17:49:23 - [TEST_STEP][PASSED] - orPath_Landing = "Object Repository/RAD_Pages/Landing_Page": null

2024-11-07 17:49:23 - [TEST_STEP][PASSED] - orPath_TaxTypeFilingYear = "Object Repository/RAD_Pages/TaxTypeFilingYear_Page": null

2024-11-07 17:49:23 - [TEST_STEP][PASSED] - orPath_TaxPayer = "Object Repository/RAD_Pages/Taxpayer_Page": null

2024-11-07 17:49:23 - [TEST_STEP][PASSED] - orPath_AddressContact = "Object Repository/RAD_Pages/AddressAndContactInfo_Page": null

2024-11-07 17:49:23 - [TEST_STEP][PASSED] - orPath_FilingStatus = "Object Repository/RAD_Pages/FilingStatus_Page": null

2024-11-07 17:49:23 - [TEST_STEP][PASSED] - orPath_Amount = "Object Repository/RAD_Pages/PaymentAmount_Page": null

2024-11-07 17:49:23 - [TEST_STEP][PASSED] - selectOptionByLabel(findTestObject(orPath_Landing + "/dd_TaxType"), Paymenttype, false): All options with label 'Existing Liability with Notice/Invoice Number' are selected in object 'Object Repository/RAD_Pages/Landing_Page/dd_TaxType' 

2024-11-07 17:49:24 - [MESSAGE][PASSED] - All options with label 'Existing Liability with Notice/Invoice Number' are selected in object 'Object Repository/RAD_Pages/Landing_Page/dd_TaxType' 

2024-11-07 17:49:24 - [TEST_STEP][PASSED] - delay(1): Delayed 1 second(s)

2024-11-07 17:49:25 - [MESSAGE][PASSED] - Delayed 1 second(s)

2024-11-07 17:49:25 - [TEST_STEP][PASSED] - switch (Paymenttype): null

2024-11-07 17:49:25 - [TEST_STEP][PASSED] - delay(1): Delayed 1 second(s)

2024-11-07 17:49:26 - [MESSAGE][PASSED] - Delayed 1 second(s)

2024-11-07 17:49:26 - [TEST_STEP][PASSED] - scrollToElement(findTestObject(orPath_Amount + "/input__paymentAmount"), 3): Scroll to object 'Object Repository/RAD_Pages/PaymentAmount_Page/input__paymentAmount' successfully

2024-11-07 17:49:26 - [MESSAGE][PASSED] - Scroll to object 'Object Repository/RAD_Pages/PaymentAmount_Page/input__paymentAmount' successfully

2024-11-07 17:49:26 - [TEST_STEP][PASSED] - setText(findTestObject(orPath_AddressContact + "/input_eMailAddress"), "imtiazster@gmail.com"): Text 'imtiazster@gmail.com' is set on object 'Object Repository/RAD_Pages/AddressAndContactInfo_Page/input_eMailAddress'

2024-11-07 17:49:27 - [MESSAGE][PASSED] - Text 'imtiazster@gmail.com' is set on object 'Object Repository/RAD_Pages/AddressAndContactInfo_Page/input_eMailAddress'

2024-11-07 17:49:27 - [TEST_STEP][PASSED] - setText(findTestObject(orPath_AddressContact + "/input_reEnterEMailAddress"), "iahmed@govolution.com"): Text 'iahmed@govolution.com' is set on object 'Object Repository/RAD_Pages/AddressAndContactInfo_Page/input_reEnterEMailAddress'

2024-11-07 17:49:28 - [MESSAGE][PASSED] - Text 'iahmed@govolution.com' is set on object 'Object Repository/RAD_Pages/AddressAndContactInfo_Page/input_reEnterEMailAddress'

2024-11-07 17:49:28 - [TEST_STEP][PASSED] - delay(2): Delayed 2 second(s)

2024-11-07 17:49:30 - [MESSAGE][PASSED] - Delayed 2 second(s)

2024-11-07 17:49:30 - [TEST_STEP][PASSED] - if (verifyTextPresent("The Email and Re-enter email do not match", true)): null

2024-11-07 17:49:30 - [MESSAGE][PASSED] - Text 'The Email and Re-enter email do not match' is present on page  using regular expression

2024-11-07 17:49:30 - [TEST_STEP][PASSED] - println("Emails Dont match text is present"): null

2024-11-07 17:49:30 - [TEST_STEP][PASSED] - out.println("Pass Record Number: " + row): null

2024-11-07 17:49:30 - [TEST_STEP][PASSED] - resText = "Pass": null

2024-11-07 17:49:30 - [TEST_STEP][PASSED] - pages.WriteExcel.demoKey(resText, datText, resColumn, datCloumn, fileLoc, nameSheet, row): pages.WriteExcel.demoKey is PASSED

2024-11-07 17:49:30 - [MESSAGE][PASSED] - pages.WriteExcel.demoKey is PASSED

2024-11-07 17:49:30 - [TEST_STEP][PASSED] - ExecuteTC = findTestData(dataFile).getValue("Execute", row): null

2024-11-07 17:49:30 - [TEST_STEP][PASSED] - Taxtype = findTestData(dataFile).getValue("TaxType", row): null

2024-11-07 17:49:30 - [TEST_STEP][PASSED] - Paymenttype = findTestData(dataFile).getValue("PaymentType", row): null

2024-11-07 17:49:30 - [TEST_STEP][PASSED] - out.println("Value of Execute is : " + ExecuteTC): null

2024-11-07 17:49:30 - [TEST_STEP][PASSED] - if (ExecuteTC.equalsIgnoreCase("Y")): null

2024-11-07 17:49:30 - [TEST_STEP][PASSED] - out.println("Begin Record Number: " + row): null

2024-11-07 17:49:30 - [TEST_STEP][PASSED] - today = new java.util.Date(): null

2024-11-07 17:49:30 - [TEST_STEP][PASSED] - println(today): null

2024-11-07 17:49:30 - [TEST_STEP][PASSED] - datText = today: null

2024-11-07 17:49:30 - [TEST_STEP][PASSED] - Taxtype = findTestData(dataFile).getValue("TaxType", row): null

2024-11-07 17:49:30 - [TEST_STEP][PASSED] - out.println("Taxtype value is : " + Taxtype): null

2024-11-07 17:49:30 - [TEST_STEP][PASSED] - openBrowser(""): Browser is opened with url: ''

2024-11-07 17:49:30 - [MESSAGE][WARNING] - A browser is already opened. Closing browser and opening a new one

2024-11-07 17:49:32 - [MESSAGE][INFO] - Starting 'Chrome' driver

2024-11-07 17:49:32 - [MESSAGE][INFO] - User set preference: ['acceptInsecureCerts', 'true']

2024-11-07 17:49:32 - [MESSAGE][INFO] - Action delay is set to 0 milliseconds

2024-11-07 17:49:34 - [MESSAGE][PASSED] - Browser is opened with url: ''

2024-11-07 17:49:34 - [TEST_STEP][PASSED] - maximizeWindow(): Current window maximized

2024-11-07 17:49:34 - [MESSAGE][PASSED] - Current window maximized

2024-11-07 17:49:34 - [TEST_STEP][PASSED] - navigateToUrl(RADurl): Navigate to 'https://www.velocitypayment.com/client/rad/index.html' successfully

2024-11-07 17:49:36 - [MESSAGE][PASSED] - Navigate to 'https://www.velocitypayment.com/client/rad/index.html' successfully

2024-11-07 17:49:36 - [TEST_STEP][PASSED] - orPath_Landing = "Object Repository/RAD_Pages/Landing_Page": null

2024-11-07 17:49:36 - [TEST_STEP][PASSED] - orPath_TaxTypeFilingYear = "Object Repository/RAD_Pages/TaxTypeFilingYear_Page": null

2024-11-07 17:49:36 - [TEST_STEP][PASSED] - orPath_TaxPayer = "Object Repository/RAD_Pages/Taxpayer_Page": null

2024-11-07 17:49:36 - [TEST_STEP][PASSED] - orPath_AddressContact = "Object Repository/RAD_Pages/AddressAndContactInfo_Page": null

2024-11-07 17:49:36 - [TEST_STEP][PASSED] - orPath_FilingStatus = "Object Repository/RAD_Pages/FilingStatus_Page": null

2024-11-07 17:49:36 - [TEST_STEP][PASSED] - orPath_Amount = "Object Repository/RAD_Pages/PaymentAmount_Page": null

2024-11-07 17:49:36 - [TEST_STEP][PASSED] - selectOptionByLabel(findTestObject(orPath_Landing + "/dd_TaxType"), Paymenttype, false): All options with label 'Existing Liability with Notice/Invoice Number' are selected in object 'Object Repository/RAD_Pages/Landing_Page/dd_TaxType' 

2024-11-07 17:49:36 - [MESSAGE][PASSED] - All options with label 'Existing Liability with Notice/Invoice Number' are selected in object 'Object Repository/RAD_Pages/Landing_Page/dd_TaxType' 

2024-11-07 17:49:36 - [TEST_STEP][PASSED] - delay(1): Delayed 1 second(s)

2024-11-07 17:49:37 - [MESSAGE][PASSED] - Delayed 1 second(s)

2024-11-07 17:49:37 - [TEST_STEP][PASSED] - switch (Paymenttype): null

2024-11-07 17:49:37 - [TEST_STEP][PASSED] - delay(1): Delayed 1 second(s)

2024-11-07 17:49:38 - [MESSAGE][PASSED] - Delayed 1 second(s)

2024-11-07 17:49:38 - [TEST_STEP][PASSED] - scrollToElement(findTestObject(orPath_Amount + "/input__paymentAmount"), 3): Scroll to object 'Object Repository/RAD_Pages/PaymentAmount_Page/input__paymentAmount' successfully

2024-11-07 17:49:39 - [MESSAGE][PASSED] - Scroll to object 'Object Repository/RAD_Pages/PaymentAmount_Page/input__paymentAmount' successfully

2024-11-07 17:49:39 - [TEST_STEP][PASSED] - setText(findTestObject(orPath_AddressContact + "/input_eMailAddress"), "imtiazster@gmail.com"): Text 'imtiazster@gmail.com' is set on object 'Object Repository/RAD_Pages/AddressAndContactInfo_Page/input_eMailAddress'

2024-11-07 17:49:40 - [MESSAGE][PASSED] - Text 'imtiazster@gmail.com' is set on object 'Object Repository/RAD_Pages/AddressAndContactInfo_Page/input_eMailAddress'

2024-11-07 17:49:40 - [TEST_STEP][PASSED] - setText(findTestObject(orPath_AddressContact + "/input_reEnterEMailAddress"), "iahmed@govolution.com"): Text 'iahmed@govolution.com' is set on object 'Object Repository/RAD_Pages/AddressAndContactInfo_Page/input_reEnterEMailAddress'

2024-11-07 17:49:41 - [MESSAGE][PASSED] - Text 'iahmed@govolution.com' is set on object 'Object Repository/RAD_Pages/AddressAndContactInfo_Page/input_reEnterEMailAddress'

2024-11-07 17:49:41 - [TEST_STEP][PASSED] - delay(2): Delayed 2 second(s)

2024-11-07 17:49:43 - [MESSAGE][PASSED] - Delayed 2 second(s)

2024-11-07 17:49:43 - [TEST_STEP][PASSED] - if (verifyTextPresent("The Email and Re-enter email do not match", true)): null

2024-11-07 17:49:43 - [MESSAGE][PASSED] - Text 'The Email and Re-enter email do not match' is present on page  using regular expression

2024-11-07 17:49:43 - [TEST_STEP][PASSED] - println("Emails Dont match text is present"): null

2024-11-07 17:49:43 - [TEST_STEP][PASSED] - out.println("Pass Record Number: " + row): null

2024-11-07 17:49:43 - [TEST_STEP][PASSED] - resText = "Pass": null

2024-11-07 17:49:43 - [TEST_STEP][PASSED] - pages.WriteExcel.demoKey(resText, datText, resColumn, datCloumn, fileLoc, nameSheet, row): pages.WriteExcel.demoKey is PASSED

2024-11-07 17:49:43 - [MESSAGE][PASSED] - pages.WriteExcel.demoKey is PASSED

2024-11-07 17:49:43 - [TEST_STEP][PASSED] - ExecuteTC = findTestData(dataFile).getValue("Execute", row): null

2024-11-07 17:49:43 - [TEST_STEP][PASSED] - Taxtype = findTestData(dataFile).getValue("TaxType", row): null

2024-11-07 17:49:43 - [TEST_STEP][PASSED] - Paymenttype = findTestData(dataFile).getValue("PaymentType", row): null

2024-11-07 17:49:43 - [TEST_STEP][PASSED] - out.println("Value of Execute is : " + ExecuteTC): null

2024-11-07 17:49:43 - [TEST_STEP][PASSED] - if (ExecuteTC.equalsIgnoreCase("Y")): null

2024-11-07 17:49:43 - [TEST_STEP][PASSED] - out.println("Begin Record Number: " + row): null

2024-11-07 17:49:43 - [TEST_STEP][PASSED] - today = new java.util.Date(): null

2024-11-07 17:49:43 - [TEST_STEP][PASSED] - println(today): null

2024-11-07 17:49:43 - [TEST_STEP][PASSED] - datText = today: null

2024-11-07 17:49:43 - [TEST_STEP][PASSED] - Taxtype = findTestData(dataFile).getValue("TaxType", row): null

2024-11-07 17:49:43 - [TEST_STEP][PASSED] - out.println("Taxtype value is : " + Taxtype): null

2024-11-07 17:49:43 - [TEST_STEP][PASSED] - openBrowser(""): Browser is opened with url: ''

2024-11-07 17:49:43 - [MESSAGE][WARNING] - A browser is already opened. Closing browser and opening a new one

2024-11-07 17:49:45 - [MESSAGE][INFO] - Starting 'Chrome' driver

2024-11-07 17:49:45 - [MESSAGE][INFO] - User set preference: ['acceptInsecureCerts', 'true']

2024-11-07 17:49:45 - [MESSAGE][INFO] - Action delay is set to 0 milliseconds

2024-11-07 17:49:46 - [MESSAGE][PASSED] - Browser is opened with url: ''

2024-11-07 17:49:46 - [TEST_STEP][PASSED] - maximizeWindow(): Current window maximized

2024-11-07 17:49:46 - [MESSAGE][PASSED] - Current window maximized

2024-11-07 17:49:46 - [TEST_STEP][PASSED] - navigateToUrl(RADurl): Navigate to 'https://www.velocitypayment.com/client/rad/index.html' successfully

2024-11-07 17:49:49 - [MESSAGE][PASSED] - Navigate to 'https://www.velocitypayment.com/client/rad/index.html' successfully

2024-11-07 17:49:49 - [TEST_STEP][PASSED] - orPath_Landing = "Object Repository/RAD_Pages/Landing_Page": null

2024-11-07 17:49:49 - [TEST_STEP][PASSED] - orPath_TaxTypeFilingYear = "Object Repository/RAD_Pages/TaxTypeFilingYear_Page": null

2024-11-07 17:49:49 - [TEST_STEP][PASSED] - orPath_TaxPayer = "Object Repository/RAD_Pages/Taxpayer_Page": null

2024-11-07 17:49:49 - [TEST_STEP][PASSED] - orPath_AddressContact = "Object Repository/RAD_Pages/AddressAndContactInfo_Page": null

2024-11-07 17:49:49 - [TEST_STEP][PASSED] - orPath_FilingStatus = "Object Repository/RAD_Pages/FilingStatus_Page": null

2024-11-07 17:49:49 - [TEST_STEP][PASSED] - orPath_Amount = "Object Repository/RAD_Pages/PaymentAmount_Page": null

2024-11-07 17:49:49 - [TEST_STEP][PASSED] - selectOptionByLabel(findTestObject(orPath_Landing + "/dd_TaxType"), Paymenttype, false): All options with label 'Existing Liability with Notice/Invoice Number' are selected in object 'Object Repository/RAD_Pages/Landing_Page/dd_TaxType' 

2024-11-07 17:49:49 - [MESSAGE][PASSED] - All options with label 'Existing Liability with Notice/Invoice Number' are selected in object 'Object Repository/RAD_Pages/Landing_Page/dd_TaxType' 

2024-11-07 17:49:49 - [TEST_STEP][PASSED] - delay(1): Delayed 1 second(s)

2024-11-07 17:49:50 - [MESSAGE][PASSED] - Delayed 1 second(s)

2024-11-07 17:49:50 - [TEST_STEP][PASSED] - switch (Paymenttype): null

2024-11-07 17:49:50 - [TEST_STEP][PASSED] - delay(1): Delayed 1 second(s)

2024-11-07 17:49:51 - [MESSAGE][PASSED] - Delayed 1 second(s)

2024-11-07 17:49:51 - [TEST_STEP][PASSED] - scrollToElement(findTestObject(orPath_Amount + "/input__paymentAmount"), 3): Scroll to object 'Object Repository/RAD_Pages/PaymentAmount_Page/input__paymentAmount' successfully

2024-11-07 17:49:52 - [MESSAGE][PASSED] - Scroll to object 'Object Repository/RAD_Pages/PaymentAmount_Page/input__paymentAmount' successfully

2024-11-07 17:49:52 - [TEST_STEP][PASSED] - setText(findTestObject(orPath_AddressContact + "/input_eMailAddress"), "imtiazster@gmail.com"): Text 'imtiazster@gmail.com' is set on object 'Object Repository/RAD_Pages/AddressAndContactInfo_Page/input_eMailAddress'

2024-11-07 17:49:53 - [MESSAGE][PASSED] - Text 'imtiazster@gmail.com' is set on object 'Object Repository/RAD_Pages/AddressAndContactInfo_Page/input_eMailAddress'

2024-11-07 17:49:53 - [TEST_STEP][PASSED] - setText(findTestObject(orPath_AddressContact + "/input_reEnterEMailAddress"), "iahmed@govolution.com"): Text 'iahmed@govolution.com' is set on object 'Object Repository/RAD_Pages/AddressAndContactInfo_Page/input_reEnterEMailAddress'

2024-11-07 17:49:53 - [MESSAGE][PASSED] - Text 'iahmed@govolution.com' is set on object 'Object Repository/RAD_Pages/AddressAndContactInfo_Page/input_reEnterEMailAddress'

2024-11-07 17:49:53 - [TEST_STEP][PASSED] - delay(2): Delayed 2 second(s)

2024-11-07 17:49:55 - [MESSAGE][PASSED] - Delayed 2 second(s)

2024-11-07 17:49:55 - [TEST_STEP][PASSED] - if (verifyTextPresent("The Email and Re-enter email do not match", true)): null

2024-11-07 17:49:56 - [MESSAGE][PASSED] - Text 'The Email and Re-enter email do not match' is present on page  using regular expression

2024-11-07 17:49:56 - [TEST_STEP][PASSED] - println("Emails Dont match text is present"): null

2024-11-07 17:49:56 - [TEST_STEP][PASSED] - out.println("Pass Record Number: " + row): null

2024-11-07 17:49:56 - [TEST_STEP][PASSED] - resText = "Pass": null

2024-11-07 17:49:56 - [TEST_STEP][PASSED] - pages.WriteExcel.demoKey(resText, datText, resColumn, datCloumn, fileLoc, nameSheet, row): pages.WriteExcel.demoKey is PASSED

2024-11-07 17:49:56 - [MESSAGE][PASSED] - pages.WriteExcel.demoKey is PASSED

2024-11-07 17:49:56 - [TEST_STEP][PASSED] - ExecuteTC = findTestData(dataFile).getValue("Execute", row): null

2024-11-07 17:49:56 - [TEST_STEP][PASSED] - Taxtype = findTestData(dataFile).getValue("TaxType", row): null

2024-11-07 17:49:56 - [TEST_STEP][PASSED] - Paymenttype = findTestData(dataFile).getValue("PaymentType", row): null

2024-11-07 17:49:56 - [TEST_STEP][PASSED] - out.println("Value of Execute is : " + ExecuteTC): null

2024-11-07 17:49:56 - [TEST_STEP][PASSED] - if (ExecuteTC.equalsIgnoreCase("Y")): null

2024-11-07 17:49:56 - [TEST_STEP][PASSED] - out.println("Begin Record Number: " + row): null

2024-11-07 17:49:56 - [TEST_STEP][PASSED] - today = new java.util.Date(): null

2024-11-07 17:49:56 - [TEST_STEP][PASSED] - println(today): null

2024-11-07 17:49:56 - [TEST_STEP][PASSED] - datText = today: null

2024-11-07 17:49:56 - [TEST_STEP][PASSED] - Taxtype = findTestData(dataFile).getValue("TaxType", row): null

2024-11-07 17:49:56 - [TEST_STEP][PASSED] - out.println("Taxtype value is : " + Taxtype): null

2024-11-07 17:49:56 - [TEST_STEP][PASSED] - openBrowser(""): Browser is opened with url: ''

2024-11-07 17:49:56 - [MESSAGE][WARNING] - A browser is already opened. Closing browser and opening a new one

2024-11-07 17:49:58 - [MESSAGE][INFO] - Starting 'Chrome' driver

2024-11-07 17:49:58 - [MESSAGE][INFO] - User set preference: ['acceptInsecureCerts', 'true']

2024-11-07 17:49:58 - [MESSAGE][INFO] - Action delay is set to 0 milliseconds

2024-11-07 17:50:00 - [MESSAGE][PASSED] - Browser is opened with url: ''

2024-11-07 17:50:00 - [TEST_STEP][PASSED] - maximizeWindow(): Current window maximized

2024-11-07 17:50:00 - [MESSAGE][PASSED] - Current window maximized

2024-11-07 17:50:00 - [TEST_STEP][PASSED] - navigateToUrl(RADurl): Navigate to 'https://www.velocitypayment.com/client/rad/index.html' successfully

2024-11-07 17:50:00 - [MESSAGE][PASSED] - Navigate to 'https://www.velocitypayment.com/client/rad/index.html' successfully

2024-11-07 17:50:00 - [TEST_STEP][PASSED] - orPath_Landing = "Object Repository/RAD_Pages/Landing_Page": null

2024-11-07 17:50:00 - [TEST_STEP][PASSED] - orPath_TaxTypeFilingYear = "Object Repository/RAD_Pages/TaxTypeFilingYear_Page": null

2024-11-07 17:50:00 - [TEST_STEP][PASSED] - orPath_TaxPayer = "Object Repository/RAD_Pages/Taxpayer_Page": null

2024-11-07 17:50:00 - [TEST_STEP][PASSED] - orPath_AddressContact = "Object Repository/RAD_Pages/AddressAndContactInfo_Page": null

2024-11-07 17:50:00 - [TEST_STEP][PASSED] - orPath_FilingStatus = "Object Repository/RAD_Pages/FilingStatus_Page": null

2024-11-07 17:50:00 - [TEST_STEP][PASSED] - orPath_Amount = "Object Repository/RAD_Pages/PaymentAmount_Page": null

2024-11-07 17:50:00 - [TEST_STEP][PASSED] - selectOptionByLabel(findTestObject(orPath_Landing + "/dd_TaxType"), Paymenttype, false): All options with label 'Existing Liability with Notice/Invoice Number' are selected in object 'Object Repository/RAD_Pages/Landing_Page/dd_TaxType' 

2024-11-07 17:50:03 - [MESSAGE][PASSED] - All options with label 'Existing Liability with Notice/Invoice Number' are selected in object 'Object Repository/RAD_Pages/Landing_Page/dd_TaxType' 

2024-11-07 17:50:03 - [TEST_STEP][PASSED] - delay(1): Delayed 1 second(s)

2024-11-07 17:50:04 - [MESSAGE][PASSED] - Delayed 1 second(s)

2024-11-07 17:50:04 - [TEST_STEP][PASSED] - switch (Paymenttype): null

2024-11-07 17:50:04 - [TEST_STEP][PASSED] - delay(1): Delayed 1 second(s)

2024-11-07 17:50:05 - [MESSAGE][PASSED] - Delayed 1 second(s)

2024-11-07 17:50:05 - [TEST_STEP][PASSED] - scrollToElement(findTestObject(orPath_Amount + "/input__paymentAmount"), 3): Scroll to object 'Object Repository/RAD_Pages/PaymentAmount_Page/input__paymentAmount' successfully

2024-11-07 17:50:05 - [MESSAGE][PASSED] - Scroll to object 'Object Repository/RAD_Pages/PaymentAmount_Page/input__paymentAmount' successfully

2024-11-07 17:50:05 - [TEST_STEP][PASSED] - setText(findTestObject(orPath_AddressContact + "/input_eMailAddress"), "imtiazster@gmail.com"): Text 'imtiazster@gmail.com' is set on object 'Object Repository/RAD_Pages/AddressAndContactInfo_Page/input_eMailAddress'

2024-11-07 17:50:06 - [MESSAGE][PASSED] - Text 'imtiazster@gmail.com' is set on object 'Object Repository/RAD_Pages/AddressAndContactInfo_Page/input_eMailAddress'

2024-11-07 17:50:06 - [TEST_STEP][PASSED] - setText(findTestObject(orPath_AddressContact + "/input_reEnterEMailAddress"), "iahmed@govolution.com"): Text 'iahmed@govolution.com' is set on object 'Object Repository/RAD_Pages/AddressAndContactInfo_Page/input_reEnterEMailAddress'

2024-11-07 17:50:07 - [MESSAGE][PASSED] - Text 'iahmed@govolution.com' is set on object 'Object Repository/RAD_Pages/AddressAndContactInfo_Page/input_reEnterEMailAddress'

2024-11-07 17:50:07 - [TEST_STEP][PASSED] - delay(2): Delayed 2 second(s)

2024-11-07 17:50:09 - [MESSAGE][PASSED] - Delayed 2 second(s)

2024-11-07 17:50:09 - [TEST_STEP][PASSED] - if (verifyTextPresent("The Email and Re-enter email do not match", true)): null

2024-11-07 17:50:09 - [MESSAGE][PASSED] - Text 'The Email and Re-enter email do not match' is present on page  using regular expression

2024-11-07 17:50:09 - [TEST_STEP][PASSED] - println("Emails Dont match text is present"): null

2024-11-07 17:50:09 - [TEST_STEP][PASSED] - out.println("Pass Record Number: " + row): null

2024-11-07 17:50:09 - [TEST_STEP][PASSED] - resText = "Pass": null

2024-11-07 17:50:09 - [TEST_STEP][PASSED] - pages.WriteExcel.demoKey(resText, datText, resColumn, datCloumn, fileLoc, nameSheet, row): pages.WriteExcel.demoKey is PASSED

2024-11-07 17:50:09 - [MESSAGE][PASSED] - pages.WriteExcel.demoKey is PASSED

2024-11-07 17:50:09 - [TEST_STEP][PASSED] - ExecuteTC = findTestData(dataFile).getValue("Execute", row): null

2024-11-07 17:50:09 - [TEST_STEP][PASSED] - Taxtype = findTestData(dataFile).getValue("TaxType", row): null

2024-11-07 17:50:09 - [TEST_STEP][PASSED] - Paymenttype = findTestData(dataFile).getValue("PaymentType", row): null

2024-11-07 17:50:09 - [TEST_STEP][PASSED] - out.println("Value of Execute is : " + ExecuteTC): null

2024-11-07 17:50:09 - [TEST_STEP][PASSED] - if (ExecuteTC.equalsIgnoreCase("Y")): null

2024-11-07 17:50:09 - [TEST_STEP][PASSED] - out.println("Begin Record Number: " + row): null

2024-11-07 17:50:09 - [TEST_STEP][PASSED] - today = new java.util.Date(): null

2024-11-07 17:50:09 - [TEST_STEP][PASSED] - println(today): null

2024-11-07 17:50:09 - [TEST_STEP][PASSED] - datText = today: null

2024-11-07 17:50:09 - [TEST_STEP][PASSED] - Taxtype = findTestData(dataFile).getValue("TaxType", row): null

2024-11-07 17:50:09 - [TEST_STEP][PASSED] - out.println("Taxtype value is : " + Taxtype): null

2024-11-07 17:50:09 - [TEST_STEP][PASSED] - openBrowser(""): Browser is opened with url: ''

2024-11-07 17:50:09 - [MESSAGE][WARNING] - A browser is already opened. Closing browser and opening a new one

2024-11-07 17:50:11 - [MESSAGE][INFO] - Starting 'Chrome' driver

2024-11-07 17:50:11 - [MESSAGE][INFO] - User set preference: ['acceptInsecureCerts', 'true']

2024-11-07 17:50:11 - [MESSAGE][INFO] - Action delay is set to 0 milliseconds

2024-11-07 17:50:13 - [MESSAGE][PASSED] - Browser is opened with url: ''

2024-11-07 17:50:13 - [TEST_STEP][PASSED] - maximizeWindow(): Current window maximized

2024-11-07 17:50:13 - [MESSAGE][PASSED] - Current window maximized

2024-11-07 17:50:13 - [TEST_STEP][PASSED] - navigateToUrl(RADurl): Navigate to 'https://www.velocitypayment.com/client/rad/index.html' successfully

2024-11-07 17:50:15 - [MESSAGE][PASSED] - Navigate to 'https://www.velocitypayment.com/client/rad/index.html' successfully

2024-11-07 17:50:15 - [TEST_STEP][PASSED] - orPath_Landing = "Object Repository/RAD_Pages/Landing_Page": null

2024-11-07 17:50:15 - [TEST_STEP][PASSED] - orPath_TaxTypeFilingYear = "Object Repository/RAD_Pages/TaxTypeFilingYear_Page": null

2024-11-07 17:50:15 - [TEST_STEP][PASSED] - orPath_TaxPayer = "Object Repository/RAD_Pages/Taxpayer_Page": null

2024-11-07 17:50:15 - [TEST_STEP][PASSED] - orPath_AddressContact = "Object Repository/RAD_Pages/AddressAndContactInfo_Page": null

2024-11-07 17:50:15 - [TEST_STEP][PASSED] - orPath_FilingStatus = "Object Repository/RAD_Pages/FilingStatus_Page": null

2024-11-07 17:50:15 - [TEST_STEP][PASSED] - orPath_Amount = "Object Repository/RAD_Pages/PaymentAmount_Page": null

2024-11-07 17:50:15 - [TEST_STEP][PASSED] - selectOptionByLabel(findTestObject(orPath_Landing + "/dd_TaxType"), Paymenttype, false): All options with label 'Existing Liability with Notice/Invoice Number' are selected in object 'Object Repository/RAD_Pages/Landing_Page/dd_TaxType' 

2024-11-07 17:50:15 - [MESSAGE][PASSED] - All options with label 'Existing Liability with Notice/Invoice Number' are selected in object 'Object Repository/RAD_Pages/Landing_Page/dd_TaxType' 

2024-11-07 17:50:15 - [TEST_STEP][PASSED] - delay(1): Delayed 1 second(s)

2024-11-07 17:50:16 - [MESSAGE][PASSED] - Delayed 1 second(s)

2024-11-07 17:50:16 - [TEST_STEP][PASSED] - switch (Paymenttype): null

2024-11-07 17:50:16 - [TEST_STEP][PASSED] - delay(1): Delayed 1 second(s)

2024-11-07 17:50:17 - [MESSAGE][PASSED] - Delayed 1 second(s)

2024-11-07 17:50:17 - [TEST_STEP][PASSED] - scrollToElement(findTestObject(orPath_Amount + "/input__paymentAmount"), 3): Scroll to object 'Object Repository/RAD_Pages/PaymentAmount_Page/input__paymentAmount' successfully

2024-11-07 17:50:18 - [MESSAGE][PASSED] - Scroll to object 'Object Repository/RAD_Pages/PaymentAmount_Page/input__paymentAmount' successfully

2024-11-07 17:50:18 - [TEST_STEP][PASSED] - setText(findTestObject(orPath_AddressContact + "/input_eMailAddress"), "imtiazster@gmail.com"): Text 'imtiazster@gmail.com' is set on object 'Object Repository/RAD_Pages/AddressAndContactInfo_Page/input_eMailAddress'

2024-11-07 17:50:19 - [MESSAGE][PASSED] - Text 'imtiazster@gmail.com' is set on object 'Object Repository/RAD_Pages/AddressAndContactInfo_Page/input_eMailAddress'

2024-11-07 17:50:19 - [TEST_STEP][PASSED] - setText(findTestObject(orPath_AddressContact + "/input_reEnterEMailAddress"), "iahmed@govolution.com"): Text 'iahmed@govolution.com' is set on object 'Object Repository/RAD_Pages/AddressAndContactInfo_Page/input_reEnterEMailAddress'

2024-11-07 17:50:20 - [MESSAGE][PASSED] - Text 'iahmed@govolution.com' is set on object 'Object Repository/RAD_Pages/AddressAndContactInfo_Page/input_reEnterEMailAddress'

2024-11-07 17:50:20 - [TEST_STEP][PASSED] - delay(2): Delayed 2 second(s)

2024-11-07 17:50:22 - [MESSAGE][PASSED] - Delayed 2 second(s)

2024-11-07 17:50:22 - [TEST_STEP][PASSED] - if (verifyTextPresent("The Email and Re-enter email do not match", true)): null

2024-11-07 17:50:22 - [MESSAGE][PASSED] - Text 'The Email and Re-enter email do not match' is present on page  using regular expression

2024-11-07 17:50:22 - [TEST_STEP][PASSED] - println("Emails Dont match text is present"): null

2024-11-07 17:50:22 - [TEST_STEP][PASSED] - out.println("Pass Record Number: " + row): null

2024-11-07 17:50:22 - [TEST_STEP][PASSED] - resText = "Pass": null

2024-11-07 17:50:22 - [TEST_STEP][PASSED] - pages.WriteExcel.demoKey(resText, datText, resColumn, datCloumn, fileLoc, nameSheet, row): pages.WriteExcel.demoKey is PASSED

2024-11-07 17:50:22 - [MESSAGE][PASSED] - pages.WriteExcel.demoKey is PASSED

2024-11-07 17:50:22 - [TEST_STEP][PASSED] - ExecuteTC = findTestData(dataFile).getValue("Execute", row): null

2024-11-07 17:50:22 - [TEST_STEP][PASSED] - Taxtype = findTestData(dataFile).getValue("TaxType", row): null

2024-11-07 17:50:22 - [TEST_STEP][PASSED] - Paymenttype = findTestData(dataFile).getValue("PaymentType", row): null

2024-11-07 17:50:22 - [TEST_STEP][PASSED] - out.println("Value of Execute is : " + ExecuteTC): null

2024-11-07 17:50:22 - [TEST_STEP][PASSED] - if (ExecuteTC.equalsIgnoreCase("Y")): null

2024-11-07 17:50:22 - [TEST_STEP][PASSED] - out.println("Begin Record Number: " + row): null

2024-11-07 17:50:22 - [TEST_STEP][PASSED] - today = new java.util.Date(): null

2024-11-07 17:50:22 - [TEST_STEP][PASSED] - println(today): null

2024-11-07 17:50:22 - [TEST_STEP][PASSED] - datText = today: null

2024-11-07 17:50:22 - [TEST_STEP][PASSED] - Taxtype = findTestData(dataFile).getValue("TaxType", row): null

2024-11-07 17:50:22 - [TEST_STEP][PASSED] - out.println("Taxtype value is : " + Taxtype): null

2024-11-07 17:50:22 - [TEST_STEP][PASSED] - openBrowser(""): Browser is opened with url: ''

2024-11-07 17:50:22 - [MESSAGE][WARNING] - A browser is already opened. Closing browser and opening a new one

2024-11-07 17:50:24 - [MESSAGE][INFO] - Starting 'Chrome' driver

2024-11-07 17:50:24 - [MESSAGE][INFO] - User set preference: ['acceptInsecureCerts', 'true']

2024-11-07 17:50:24 - [MESSAGE][INFO] - Action delay is set to 0 milliseconds

2024-11-07 17:50:26 - [MESSAGE][PASSED] - Browser is opened with url: ''

2024-11-07 17:50:26 - [TEST_STEP][PASSED] - maximizeWindow(): Current window maximized

2024-11-07 17:50:26 - [MESSAGE][PASSED] - Current window maximized

2024-11-07 17:50:26 - [TEST_STEP][PASSED] - navigateToUrl(RADurl): Navigate to 'https://www.velocitypayment.com/client/rad/index.html' successfully

2024-11-07 17:50:28 - [MESSAGE][PASSED] - Navigate to 'https://www.velocitypayment.com/client/rad/index.html' successfully

2024-11-07 17:50:28 - [TEST_STEP][PASSED] - orPath_Landing = "Object Repository/RAD_Pages/Landing_Page": null

2024-11-07 17:50:28 - [TEST_STEP][PASSED] - orPath_TaxTypeFilingYear = "Object Repository/RAD_Pages/TaxTypeFilingYear_Page": null

2024-11-07 17:50:28 - [TEST_STEP][PASSED] - orPath_TaxPayer = "Object Repository/RAD_Pages/Taxpayer_Page": null

2024-11-07 17:50:28 - [TEST_STEP][PASSED] - orPath_AddressContact = "Object Repository/RAD_Pages/AddressAndContactInfo_Page": null

2024-11-07 17:50:28 - [TEST_STEP][PASSED] - orPath_FilingStatus = "Object Repository/RAD_Pages/FilingStatus_Page": null

2024-11-07 17:50:28 - [TEST_STEP][PASSED] - orPath_Amount = "Object Repository/RAD_Pages/PaymentAmount_Page": null

2024-11-07 17:50:28 - [TEST_STEP][PASSED] - selectOptionByLabel(findTestObject(orPath_Landing + "/dd_TaxType"), Paymenttype, false): All options with label 'Existing Liability with Notice/Invoice Number' are selected in object 'Object Repository/RAD_Pages/Landing_Page/dd_TaxType' 

2024-11-07 17:50:29 - [MESSAGE][PASSED] - All options with label 'Existing Liability with Notice/Invoice Number' are selected in object 'Object Repository/RAD_Pages/Landing_Page/dd_TaxType' 

2024-11-07 17:50:29 - [TEST_STEP][PASSED] - delay(1): Delayed 1 second(s)

2024-11-07 17:50:30 - [MESSAGE][PASSED] - Delayed 1 second(s)

2024-11-07 17:50:30 - [TEST_STEP][PASSED] - switch (Paymenttype): null

2024-11-07 17:50:30 - [TEST_STEP][PASSED] - delay(1): Delayed 1 second(s)

2024-11-07 17:50:31 - [MESSAGE][PASSED] - Delayed 1 second(s)

2024-11-07 17:50:31 - [TEST_STEP][PASSED] - scrollToElement(findTestObject(orPath_Amount + "/input__paymentAmount"), 3): Scroll to object 'Object Repository/RAD_Pages/PaymentAmount_Page/input__paymentAmount' successfully

2024-11-07 17:50:31 - [MESSAGE][PASSED] - Scroll to object 'Object Repository/RAD_Pages/PaymentAmount_Page/input__paymentAmount' successfully

2024-11-07 17:50:31 - [TEST_STEP][PASSED] - setText(findTestObject(orPath_AddressContact + "/input_eMailAddress"), "imtiazster@gmail.com"): Text 'imtiazster@gmail.com' is set on object 'Object Repository/RAD_Pages/AddressAndContactInfo_Page/input_eMailAddress'

2024-11-07 17:50:33 - [MESSAGE][PASSED] - Text 'imtiazster@gmail.com' is set on object 'Object Repository/RAD_Pages/AddressAndContactInfo_Page/input_eMailAddress'

2024-11-07 17:50:33 - [TEST_STEP][PASSED] - setText(findTestObject(orPath_AddressContact + "/input_reEnterEMailAddress"), "iahmed@govolution.com"): Text 'iahmed@govolution.com' is set on object 'Object Repository/RAD_Pages/AddressAndContactInfo_Page/input_reEnterEMailAddress'

2024-11-07 17:50:33 - [MESSAGE][PASSED] - Text 'iahmed@govolution.com' is set on object 'Object Repository/RAD_Pages/AddressAndContactInfo_Page/input_reEnterEMailAddress'

2024-11-07 17:50:33 - [TEST_STEP][PASSED] - delay(2): Delayed 2 second(s)

2024-11-07 17:50:35 - [MESSAGE][PASSED] - Delayed 2 second(s)

2024-11-07 17:50:35 - [TEST_STEP][PASSED] - if (verifyTextPresent("The Email and Re-enter email do not match", true)): null

2024-11-07 17:50:36 - [MESSAGE][PASSED] - Text 'The Email and Re-enter email do not match' is present on page  using regular expression

2024-11-07 17:50:36 - [TEST_STEP][PASSED] - println("Emails Dont match text is present"): null

2024-11-07 17:50:36 - [TEST_STEP][PASSED] - out.println("Pass Record Number: " + row): null

2024-11-07 17:50:36 - [TEST_STEP][PASSED] - resText = "Pass": null

2024-11-07 17:50:36 - [TEST_STEP][PASSED] - pages.WriteExcel.demoKey(resText, datText, resColumn, datCloumn, fileLoc, nameSheet, row): pages.WriteExcel.demoKey is PASSED

2024-11-07 17:50:36 - [MESSAGE][PASSED] - pages.WriteExcel.demoKey is PASSED

2024-11-07 17:50:36 - [TEST_STEP][PASSED] - ExecuteTC = findTestData(dataFile).getValue("Execute", row): null

2024-11-07 17:50:36 - [TEST_STEP][PASSED] - Taxtype = findTestData(dataFile).getValue("TaxType", row): null

2024-11-07 17:50:36 - [TEST_STEP][PASSED] - Paymenttype = findTestData(dataFile).getValue("PaymentType", row): null

2024-11-07 17:50:36 - [TEST_STEP][PASSED] - out.println("Value of Execute is : " + ExecuteTC): null

2024-11-07 17:50:36 - [TEST_STEP][PASSED] - if (ExecuteTC.equalsIgnoreCase("Y")): null

2024-11-07 17:50:36 - [TEST_STEP][PASSED] - out.println("Begin Record Number: " + row): null

2024-11-07 17:50:36 - [TEST_STEP][PASSED] - today = new java.util.Date(): null

2024-11-07 17:50:36 - [TEST_STEP][PASSED] - println(today): null

2024-11-07 17:50:36 - [TEST_STEP][PASSED] - datText = today: null

2024-11-07 17:50:36 - [TEST_STEP][PASSED] - Taxtype = findTestData(dataFile).getValue("TaxType", row): null

2024-11-07 17:50:36 - [TEST_STEP][PASSED] - out.println("Taxtype value is : " + Taxtype): null

2024-11-07 17:50:36 - [TEST_STEP][PASSED] - openBrowser(""): Browser is opened with url: ''

2024-11-07 17:50:36 - [MESSAGE][WARNING] - A browser is already opened. Closing browser and opening a new one

2024-11-07 17:50:38 - [MESSAGE][INFO] - Starting 'Chrome' driver

2024-11-07 17:50:38 - [MESSAGE][INFO] - User set preference: ['acceptInsecureCerts', 'true']

2024-11-07 17:50:38 - [MESSAGE][INFO] - Action delay is set to 0 milliseconds

2024-11-07 17:50:40 - [MESSAGE][PASSED] - Browser is opened with url: ''

2024-11-07 17:50:40 - [TEST_STEP][PASSED] - maximizeWindow(): Current window maximized

2024-11-07 17:50:40 - [MESSAGE][PASSED] - Current window maximized

2024-11-07 17:50:40 - [TEST_STEP][PASSED] - navigateToUrl(RADurl): Navigate to 'https://www.velocitypayment.com/client/rad/index.html' successfully

2024-11-07 17:50:40 - [MESSAGE][PASSED] - Navigate to 'https://www.velocitypayment.com/client/rad/index.html' successfully

2024-11-07 17:50:40 - [TEST_STEP][PASSED] - orPath_Landing = "Object Repository/RAD_Pages/Landing_Page": null

2024-11-07 17:50:40 - [TEST_STEP][PASSED] - orPath_TaxTypeFilingYear = "Object Repository/RAD_Pages/TaxTypeFilingYear_Page": null

2024-11-07 17:50:40 - [TEST_STEP][PASSED] - orPath_TaxPayer = "Object Repository/RAD_Pages/Taxpayer_Page": null

2024-11-07 17:50:40 - [TEST_STEP][PASSED] - orPath_AddressContact = "Object Repository/RAD_Pages/AddressAndContactInfo_Page": null

2024-11-07 17:50:40 - [TEST_STEP][PASSED] - orPath_FilingStatus = "Object Repository/RAD_Pages/FilingStatus_Page": null

2024-11-07 17:50:40 - [TEST_STEP][PASSED] - orPath_Amount = "Object Repository/RAD_Pages/PaymentAmount_Page": null

2024-11-07 17:50:40 - [TEST_STEP][PASSED] - selectOptionByLabel(findTestObject(orPath_Landing + "/dd_TaxType"), Paymenttype, false): All options with label 'Existing Liability with Notice/Invoice Number' are selected in object 'Object Repository/RAD_Pages/Landing_Page/dd_TaxType' 

2024-11-07 17:50:43 - [MESSAGE][PASSED] - All options with label 'Existing Liability with Notice/Invoice Number' are selected in object 'Object Repository/RAD_Pages/Landing_Page/dd_TaxType' 

2024-11-07 17:50:43 - [TEST_STEP][PASSED] - delay(1): Delayed 1 second(s)

2024-11-07 17:50:44 - [MESSAGE][PASSED] - Delayed 1 second(s)

2024-11-07 17:50:44 - [TEST_STEP][PASSED] - switch (Paymenttype): null

2024-11-07 17:50:44 - [TEST_STEP][PASSED] - delay(1): Delayed 1 second(s)

2024-11-07 17:50:45 - [MESSAGE][PASSED] - Delayed 1 second(s)

2024-11-07 17:50:45 - [TEST_STEP][PASSED] - scrollToElement(findTestObject(orPath_Amount + "/input__paymentAmount"), 3): Scroll to object 'Object Repository/RAD_Pages/PaymentAmount_Page/input__paymentAmount' successfully

2024-11-07 17:50:46 - [MESSAGE][PASSED] - Scroll to object 'Object Repository/RAD_Pages/PaymentAmount_Page/input__paymentAmount' successfully

2024-11-07 17:50:46 - [TEST_STEP][PASSED] - setText(findTestObject(orPath_AddressContact + "/input_eMailAddress"), "imtiazster@gmail.com"): Text 'imtiazster@gmail.com' is set on object 'Object Repository/RAD_Pages/AddressAndContactInfo_Page/input_eMailAddress'

2024-11-07 17:50:47 - [MESSAGE][PASSED] - Text 'imtiazster@gmail.com' is set on object 'Object Repository/RAD_Pages/AddressAndContactInfo_Page/input_eMailAddress'

2024-11-07 17:50:47 - [TEST_STEP][PASSED] - setText(findTestObject(orPath_AddressContact + "/input_reEnterEMailAddress"), "iahmed@govolution.com"): Text 'iahmed@govolution.com' is set on object 'Object Repository/RAD_Pages/AddressAndContactInfo_Page/input_reEnterEMailAddress'

2024-11-07 17:50:47 - [MESSAGE][PASSED] - Text 'iahmed@govolution.com' is set on object 'Object Repository/RAD_Pages/AddressAndContactInfo_Page/input_reEnterEMailAddress'

2024-11-07 17:50:47 - [TEST_STEP][PASSED] - delay(2): Delayed 2 second(s)

2024-11-07 17:50:49 - [MESSAGE][PASSED] - Delayed 2 second(s)

2024-11-07 17:50:49 - [TEST_STEP][PASSED] - if (verifyTextPresent("The Email and Re-enter email do not match", true)): null

2024-11-07 17:50:50 - [MESSAGE][PASSED] - Text 'The Email and Re-enter email do not match' is present on page  using regular expression

2024-11-07 17:50:50 - [TEST_STEP][PASSED] - println("Emails Dont match text is present"): null

2024-11-07 17:50:50 - [TEST_STEP][PASSED] - out.println("Pass Record Number: " + row): null

2024-11-07 17:50:50 - [TEST_STEP][PASSED] - resText = "Pass": null

2024-11-07 17:50:50 - [TEST_STEP][PASSED] - pages.WriteExcel.demoKey(resText, datText, resColumn, datCloumn, fileLoc, nameSheet, row): pages.WriteExcel.demoKey is PASSED

2024-11-07 17:50:50 - [MESSAGE][PASSED] - pages.WriteExcel.demoKey is PASSED

2024-11-07 17:50:50 - [TEST_STEP][PASSED] - ExecuteTC = findTestData(dataFile).getValue("Execute", row): null

2024-11-07 17:50:50 - [TEST_STEP][PASSED] - Taxtype = findTestData(dataFile).getValue("TaxType", row): null

2024-11-07 17:50:50 - [TEST_STEP][PASSED] - Paymenttype = findTestData(dataFile).getValue("PaymentType", row): null

2024-11-07 17:50:50 - [TEST_STEP][PASSED] - out.println("Value of Execute is : " + ExecuteTC): null

2024-11-07 17:50:50 - [TEST_STEP][PASSED] - if (ExecuteTC.equalsIgnoreCase("Y")): null

2024-11-07 17:50:50 - [TEST_STEP][PASSED] - out.println("Begin Record Number: " + row): null

2024-11-07 17:50:50 - [TEST_STEP][PASSED] - today = new java.util.Date(): null

2024-11-07 17:50:50 - [TEST_STEP][PASSED] - println(today): null

2024-11-07 17:50:50 - [TEST_STEP][PASSED] - datText = today: null

2024-11-07 17:50:50 - [TEST_STEP][PASSED] - Taxtype = findTestData(dataFile).getValue("TaxType", row): null

2024-11-07 17:50:50 - [TEST_STEP][PASSED] - out.println("Taxtype value is : " + Taxtype): null

2024-11-07 17:50:50 - [TEST_STEP][PASSED] - openBrowser(""): Browser is opened with url: ''

2024-11-07 17:50:50 - [MESSAGE][WARNING] - A browser is already opened. Closing browser and opening a new one

2024-11-07 17:50:51 - [MESSAGE][INFO] - Starting 'Chrome' driver

2024-11-07 17:50:51 - [MESSAGE][INFO] - User set preference: ['acceptInsecureCerts', 'true']

2024-11-07 17:50:51 - [MESSAGE][INFO] - Action delay is set to 0 milliseconds

2024-11-07 17:50:53 - [MESSAGE][PASSED] - Browser is opened with url: ''

2024-11-07 17:50:53 - [TEST_STEP][PASSED] - maximizeWindow(): Current window maximized

2024-11-07 17:50:53 - [MESSAGE][PASSED] - Current window maximized

2024-11-07 17:50:53 - [TEST_STEP][PASSED] - navigateToUrl(RADurl): Navigate to 'https://www.velocitypayment.com/client/rad/index.html' successfully

2024-11-07 17:50:56 - [MESSAGE][PASSED] - Navigate to 'https://www.velocitypayment.com/client/rad/index.html' successfully

2024-11-07 17:50:56 - [TEST_STEP][PASSED] - orPath_Landing = "Object Repository/RAD_Pages/Landing_Page": null

2024-11-07 17:50:56 - [TEST_STEP][PASSED] - orPath_TaxTypeFilingYear = "Object Repository/RAD_Pages/TaxTypeFilingYear_Page": null

2024-11-07 17:50:56 - [TEST_STEP][PASSED] - orPath_TaxPayer = "Object Repository/RAD_Pages/Taxpayer_Page": null

2024-11-07 17:50:56 - [TEST_STEP][PASSED] - orPath_AddressContact = "Object Repository/RAD_Pages/AddressAndContactInfo_Page": null

2024-11-07 17:50:56 - [TEST_STEP][PASSED] - orPath_FilingStatus = "Object Repository/RAD_Pages/FilingStatus_Page": null

2024-11-07 17:50:56 - [TEST_STEP][PASSED] - orPath_Amount = "Object Repository/RAD_Pages/PaymentAmount_Page": null

2024-11-07 17:50:56 - [TEST_STEP][PASSED] - selectOptionByLabel(findTestObject(orPath_Landing + "/dd_TaxType"), Paymenttype, false): All options with label 'Existing Liability with Notice/Invoice Number' are selected in object 'Object Repository/RAD_Pages/Landing_Page/dd_TaxType' 

2024-11-07 17:50:56 - [MESSAGE][PASSED] - All options with label 'Existing Liability with Notice/Invoice Number' are selected in object 'Object Repository/RAD_Pages/Landing_Page/dd_TaxType' 

2024-11-07 17:50:56 - [TEST_STEP][PASSED] - delay(1): Delayed 1 second(s)

2024-11-07 17:50:57 - [MESSAGE][PASSED] - Delayed 1 second(s)

2024-11-07 17:50:57 - [TEST_STEP][PASSED] - switch (Paymenttype): null

2024-11-07 17:50:57 - [TEST_STEP][PASSED] - delay(1): Delayed 1 second(s)

2024-11-07 17:50:58 - [MESSAGE][PASSED] - Delayed 1 second(s)

2024-11-07 17:50:58 - [TEST_STEP][PASSED] - scrollToElement(findTestObject(orPath_Amount + "/input__paymentAmount"), 3): Scroll to object 'Object Repository/RAD_Pages/PaymentAmount_Page/input__paymentAmount' successfully

2024-11-07 17:50:59 - [MESSAGE][PASSED] - Scroll to object 'Object Repository/RAD_Pages/PaymentAmount_Page/input__paymentAmount' successfully

2024-11-07 17:50:59 - [TEST_STEP][PASSED] - setText(findTestObject(orPath_AddressContact + "/input_eMailAddress"), "imtiazster@gmail.com"): Text 'imtiazster@gmail.com' is set on object 'Object Repository/RAD_Pages/AddressAndContactInfo_Page/input_eMailAddress'

2024-11-07 17:51:00 - [MESSAGE][PASSED] - Text 'imtiazster@gmail.com' is set on object 'Object Repository/RAD_Pages/AddressAndContactInfo_Page/input_eMailAddress'

2024-11-07 17:51:00 - [TEST_STEP][PASSED] - setText(findTestObject(orPath_AddressContact + "/input_reEnterEMailAddress"), "iahmed@govolution.com"): Text 'iahmed@govolution.com' is set on object 'Object Repository/RAD_Pages/AddressAndContactInfo_Page/input_reEnterEMailAddress'

2024-11-07 17:51:01 - [MESSAGE][PASSED] - Text 'iahmed@govolution.com' is set on object 'Object Repository/RAD_Pages/AddressAndContactInfo_Page/input_reEnterEMailAddress'

2024-11-07 17:51:01 - [TEST_STEP][PASSED] - delay(2): Delayed 2 second(s)

2024-11-07 17:51:03 - [MESSAGE][PASSED] - Delayed 2 second(s)

2024-11-07 17:51:03 - [TEST_STEP][PASSED] - if (verifyTextPresent("The Email and Re-enter email do not match", true)): null

2024-11-07 17:51:03 - [MESSAGE][PASSED] - Text 'The Email and Re-enter email do not match' is present on page  using regular expression

2024-11-07 17:51:03 - [TEST_STEP][PASSED] - println("Emails Dont match text is present"): null

2024-11-07 17:51:03 - [TEST_STEP][PASSED] - out.println("Pass Record Number: " + row): null

2024-11-07 17:51:03 - [TEST_STEP][PASSED] - resText = "Pass": null

2024-11-07 17:51:03 - [TEST_STEP][PASSED] - pages.WriteExcel.demoKey(resText, datText, resColumn, datCloumn, fileLoc, nameSheet, row): pages.WriteExcel.demoKey is PASSED

2024-11-07 17:51:03 - [MESSAGE][PASSED] - pages.WriteExcel.demoKey is PASSED

2024-11-07 17:51:03 - [TEST_STEP][PASSED] - ExecuteTC = findTestData(dataFile).getValue("Execute", row): null

2024-11-07 17:51:03 - [TEST_STEP][PASSED] - Taxtype = findTestData(dataFile).getValue("TaxType", row): null

2024-11-07 17:51:03 - [TEST_STEP][PASSED] - Paymenttype = findTestData(dataFile).getValue("PaymentType", row): null

2024-11-07 17:51:03 - [TEST_STEP][PASSED] - out.println("Value of Execute is : " + ExecuteTC): null

2024-11-07 17:51:03 - [TEST_STEP][PASSED] - if (ExecuteTC.equalsIgnoreCase("Y")): null

2024-11-07 17:51:03 - [TEST_STEP][PASSED] - out.println("Begin Record Number: " + row): null

2024-11-07 17:51:03 - [TEST_STEP][PASSED] - today = new java.util.Date(): null

2024-11-07 17:51:03 - [TEST_STEP][PASSED] - println(today): null

2024-11-07 17:51:03 - [TEST_STEP][PASSED] - datText = today: null

2024-11-07 17:51:03 - [TEST_STEP][PASSED] - Taxtype = findTestData(dataFile).getValue("TaxType", row): null

2024-11-07 17:51:03 - [TEST_STEP][PASSED] - out.println("Taxtype value is : " + Taxtype): null

2024-11-07 17:51:03 - [TEST_STEP][PASSED] - openBrowser(""): Browser is opened with url: ''

2024-11-07 17:51:03 - [MESSAGE][WARNING] - A browser is already opened. Closing browser and opening a new one

2024-11-07 17:51:05 - [MESSAGE][INFO] - Starting 'Chrome' driver

2024-11-07 17:51:05 - [MESSAGE][INFO] - User set preference: ['acceptInsecureCerts', 'true']

2024-11-07 17:51:05 - [MESSAGE][INFO] - Action delay is set to 0 milliseconds

2024-11-07 17:51:07 - [MESSAGE][PASSED] - Browser is opened with url: ''

2024-11-07 17:51:07 - [TEST_STEP][PASSED] - maximizeWindow(): Current window maximized

2024-11-07 17:51:07 - [MESSAGE][PASSED] - Current window maximized

2024-11-07 17:51:07 - [TEST_STEP][PASSED] - navigateToUrl(RADurl): Navigate to 'https://www.velocitypayment.com/client/rad/index.html' successfully

2024-11-07 17:51:07 - [MESSAGE][PASSED] - Navigate to 'https://www.velocitypayment.com/client/rad/index.html' successfully

2024-11-07 17:51:07 - [TEST_STEP][PASSED] - orPath_Landing = "Object Repository/RAD_Pages/Landing_Page": null

2024-11-07 17:51:07 - [TEST_STEP][PASSED] - orPath_TaxTypeFilingYear = "Object Repository/RAD_Pages/TaxTypeFilingYear_Page": null

2024-11-07 17:51:07 - [TEST_STEP][PASSED] - orPath_TaxPayer = "Object Repository/RAD_Pages/Taxpayer_Page": null

2024-11-07 17:51:07 - [TEST_STEP][PASSED] - orPath_AddressContact = "Object Repository/RAD_Pages/AddressAndContactInfo_Page": null

2024-11-07 17:51:07 - [TEST_STEP][PASSED] - orPath_FilingStatus = "Object Repository/RAD_Pages/FilingStatus_Page": null

2024-11-07 17:51:07 - [TEST_STEP][PASSED] - orPath_Amount = "Object Repository/RAD_Pages/PaymentAmount_Page": null

2024-11-07 17:51:07 - [TEST_STEP][PASSED] - selectOptionByLabel(findTestObject(orPath_Landing + "/dd_TaxType"), Paymenttype, false): All options with label 'Existing Liability with Notice/Invoice Number' are selected in object 'Object Repository/RAD_Pages/Landing_Page/dd_TaxType' 

2024-11-07 17:51:10 - [MESSAGE][PASSED] - All options with label 'Existing Liability with Notice/Invoice Number' are selected in object 'Object Repository/RAD_Pages/Landing_Page/dd_TaxType' 

2024-11-07 17:51:10 - [TEST_STEP][PASSED] - delay(1): Delayed 1 second(s)

2024-11-07 17:51:11 - [MESSAGE][PASSED] - Delayed 1 second(s)

2024-11-07 17:51:11 - [TEST_STEP][PASSED] - switch (Paymenttype): null

2024-11-07 17:51:11 - [TEST_STEP][PASSED] - delay(1): Delayed 1 second(s)

2024-11-07 17:51:12 - [MESSAGE][PASSED] - Delayed 1 second(s)

2024-11-07 17:51:12 - [TEST_STEP][PASSED] - scrollToElement(findTestObject(orPath_Amount + "/input__paymentAmount"), 3): Scroll to object 'Object Repository/RAD_Pages/PaymentAmount_Page/input__paymentAmount' successfully

2024-11-07 17:51:12 - [MESSAGE][PASSED] - Scroll to object 'Object Repository/RAD_Pages/PaymentAmount_Page/input__paymentAmount' successfully

2024-11-07 17:51:12 - [TEST_STEP][PASSED] - setText(findTestObject(orPath_AddressContact + "/input_eMailAddress"), "imtiazster@gmail.com"): Text 'imtiazster@gmail.com' is set on object 'Object Repository/RAD_Pages/AddressAndContactInfo_Page/input_eMailAddress'

2024-11-07 17:51:13 - [MESSAGE][PASSED] - Text 'imtiazster@gmail.com' is set on object 'Object Repository/RAD_Pages/AddressAndContactInfo_Page/input_eMailAddress'

2024-11-07 17:51:13 - [TEST_STEP][PASSED] - setText(findTestObject(orPath_AddressContact + "/input_reEnterEMailAddress"), "iahmed@govolution.com"): Text 'iahmed@govolution.com' is set on object 'Object Repository/RAD_Pages/AddressAndContactInfo_Page/input_reEnterEMailAddress'

2024-11-07 17:51:14 - [MESSAGE][PASSED] - Text 'iahmed@govolution.com' is set on object 'Object Repository/RAD_Pages/AddressAndContactInfo_Page/input_reEnterEMailAddress'

2024-11-07 17:51:14 - [TEST_STEP][PASSED] - delay(2): Delayed 2 second(s)

2024-11-07 17:51:16 - [MESSAGE][PASSED] - Delayed 2 second(s)

2024-11-07 17:51:16 - [TEST_STEP][PASSED] - if (verifyTextPresent("The Email and Re-enter email do not match", true)): null

2024-11-07 17:51:16 - [MESSAGE][PASSED] - Text 'The Email and Re-enter email do not match' is present on page  using regular expression

2024-11-07 17:51:16 - [TEST_STEP][PASSED] - println("Emails Dont match text is present"): null

2024-11-07 17:51:16 - [TEST_STEP][PASSED] - out.println("Pass Record Number: " + row): null

2024-11-07 17:51:16 - [TEST_STEP][PASSED] - resText = "Pass": null

2024-11-07 17:51:16 - [TEST_STEP][PASSED] - pages.WriteExcel.demoKey(resText, datText, resColumn, datCloumn, fileLoc, nameSheet, row): pages.WriteExcel.demoKey is PASSED

2024-11-07 17:51:16 - [MESSAGE][PASSED] - pages.WriteExcel.demoKey is PASSED

2024-11-07 17:51:16 - [TEST_STEP][PASSED] - ExecuteTC = findTestData(dataFile).getValue("Execute", row): null

2024-11-07 17:51:16 - [TEST_STEP][PASSED] - Taxtype = findTestData(dataFile).getValue("TaxType", row): null

2024-11-07 17:51:16 - [TEST_STEP][PASSED] - Paymenttype = findTestData(dataFile).getValue("PaymentType", row): null

2024-11-07 17:51:16 - [TEST_STEP][PASSED] - out.println("Value of Execute is : " + ExecuteTC): null

2024-11-07 17:51:16 - [TEST_STEP][PASSED] - if (ExecuteTC.equalsIgnoreCase("Y")): null

2024-11-07 17:51:16 - [TEST_STEP][PASSED] - out.println("Begin Record Number: " + row): null

2024-11-07 17:51:16 - [TEST_STEP][PASSED] - today = new java.util.Date(): null

2024-11-07 17:51:16 - [TEST_STEP][PASSED] - println(today): null

2024-11-07 17:51:16 - [TEST_STEP][PASSED] - datText = today: null

2024-11-07 17:51:16 - [TEST_STEP][PASSED] - Taxtype = findTestData(dataFile).getValue("TaxType", row): null

2024-11-07 17:51:16 - [TEST_STEP][PASSED] - out.println("Taxtype value is : " + Taxtype): null

2024-11-07 17:51:16 - [TEST_STEP][PASSED] - openBrowser(""): Browser is opened with url: ''

2024-11-07 17:51:16 - [MESSAGE][WARNING] - A browser is already opened. Closing browser and opening a new one

2024-11-07 17:51:18 - [MESSAGE][INFO] - Starting 'Chrome' driver

2024-11-07 17:51:18 - [MESSAGE][INFO] - User set preference: ['acceptInsecureCerts', 'true']

2024-11-07 17:51:18 - [MESSAGE][INFO] - Action delay is set to 0 milliseconds

2024-11-07 17:51:19 - [MESSAGE][PASSED] - Browser is opened with url: ''

2024-11-07 17:51:19 - [TEST_STEP][PASSED] - maximizeWindow(): Current window maximized

2024-11-07 17:51:20 - [MESSAGE][PASSED] - Current window maximized

2024-11-07 17:51:20 - [TEST_STEP][PASSED] - navigateToUrl(RADurl): Navigate to 'https://www.velocitypayment.com/client/rad/index.html' successfully

2024-11-07 17:51:22 - [MESSAGE][PASSED] - Navigate to 'https://www.velocitypayment.com/client/rad/index.html' successfully

2024-11-07 17:51:22 - [TEST_STEP][PASSED] - orPath_Landing = "Object Repository/RAD_Pages/Landing_Page": null

2024-11-07 17:51:22 - [TEST_STEP][PASSED] - orPath_TaxTypeFilingYear = "Object Repository/RAD_Pages/TaxTypeFilingYear_Page": null

2024-11-07 17:51:22 - [TEST_STEP][PASSED] - orPath_TaxPayer = "Object Repository/RAD_Pages/Taxpayer_Page": null

2024-11-07 17:51:22 - [TEST_STEP][PASSED] - orPath_AddressContact = "Object Repository/RAD_Pages/AddressAndContactInfo_Page": null

2024-11-07 17:51:22 - [TEST_STEP][PASSED] - orPath_FilingStatus = "Object Repository/RAD_Pages/FilingStatus_Page": null

2024-11-07 17:51:22 - [TEST_STEP][PASSED] - orPath_Amount = "Object Repository/RAD_Pages/PaymentAmount_Page": null

2024-11-07 17:51:22 - [TEST_STEP][PASSED] - selectOptionByLabel(findTestObject(orPath_Landing + "/dd_TaxType"), Paymenttype, false): All options with label 'Quarterly Estimated Tax' are selected in object 'Object Repository/RAD_Pages/Landing_Page/dd_TaxType' 

2024-11-07 17:51:22 - [MESSAGE][PASSED] - All options with label 'Quarterly Estimated Tax' are selected in object 'Object Repository/RAD_Pages/Landing_Page/dd_TaxType' 

2024-11-07 17:51:22 - [TEST_STEP][PASSED] - delay(1): Delayed 1 second(s)

2024-11-07 17:51:23 - [MESSAGE][PASSED] - Delayed 1 second(s)

2024-11-07 17:51:23 - [TEST_STEP][PASSED] - switch (Paymenttype): null

2024-11-07 17:51:23 - [TEST_STEP][PASSED] - case "Quarterly Estimated Tax":: null

2024-11-07 17:51:23 - [TEST_STEP][PASSED] - selectOptionByLabel(findTestObject(orPath_TaxTypeFilingYear + "/select_PaymentType"), Taxtype, false): All options with label 'Corporate Income Tax' are selected in object 'Object Repository/RAD_Pages/TaxTypeFilingYear_Page/select_PaymentType' 

2024-11-07 17:51:24 - [MESSAGE][PASSED] - All options with label 'Corporate Income Tax' are selected in object 'Object Repository/RAD_Pages/TaxTypeFilingYear_Page/select_PaymentType' 

2024-11-07 17:51:24 - [TEST_STEP][PASSED] - break: null

2024-11-07 17:51:24 - [TEST_STEP][PASSED] - delay(1): Delayed 1 second(s)

2024-11-07 17:51:25 - [MESSAGE][PASSED] - Delayed 1 second(s)

2024-11-07 17:51:25 - [TEST_STEP][PASSED] - scrollToElement(findTestObject(orPath_Amount + "/input__paymentAmount"), 3): Scroll to object 'Object Repository/RAD_Pages/PaymentAmount_Page/input__paymentAmount' successfully

2024-11-07 17:51:25 - [MESSAGE][PASSED] - Scroll to object 'Object Repository/RAD_Pages/PaymentAmount_Page/input__paymentAmount' successfully

2024-11-07 17:51:25 - [TEST_STEP][PASSED] - setText(findTestObject(orPath_AddressContact + "/input_eMailAddress"), "imtiazster@gmail.com"): Text 'imtiazster@gmail.com' is set on object 'Object Repository/RAD_Pages/AddressAndContactInfo_Page/input_eMailAddress'

2024-11-07 17:51:26 - [MESSAGE][PASSED] - Text 'imtiazster@gmail.com' is set on object 'Object Repository/RAD_Pages/AddressAndContactInfo_Page/input_eMailAddress'

2024-11-07 17:51:26 - [TEST_STEP][PASSED] - setText(findTestObject(orPath_AddressContact + "/input_reEnterEMailAddress"), "iahmed@govolution.com"): Text 'iahmed@govolution.com' is set on object 'Object Repository/RAD_Pages/AddressAndContactInfo_Page/input_reEnterEMailAddress'

2024-11-07 17:51:27 - [MESSAGE][PASSED] - Text 'iahmed@govolution.com' is set on object 'Object Repository/RAD_Pages/AddressAndContactInfo_Page/input_reEnterEMailAddress'

2024-11-07 17:51:27 - [TEST_STEP][PASSED] - delay(2): Delayed 2 second(s)

2024-11-07 17:51:29 - [MESSAGE][PASSED] - Delayed 2 second(s)

2024-11-07 17:51:29 - [TEST_STEP][PASSED] - if (verifyTextPresent("The Email and Re-enter email do not match", true)): null

2024-11-07 17:51:30 - [MESSAGE][PASSED] - Text 'The Email and Re-enter email do not match' is present on page  using regular expression

2024-11-07 17:51:30 - [TEST_STEP][PASSED] - println("Emails Dont match text is present"): null

2024-11-07 17:51:30 - [TEST_STEP][PASSED] - out.println("Pass Record Number: " + row): null

2024-11-07 17:51:30 - [TEST_STEP][PASSED] - resText = "Pass": null

2024-11-07 17:51:30 - [TEST_STEP][PASSED] - pages.WriteExcel.demoKey(resText, datText, resColumn, datCloumn, fileLoc, nameSheet, row): pages.WriteExcel.demoKey is PASSED

2024-11-07 17:51:30 - [MESSAGE][PASSED] - pages.WriteExcel.demoKey is PASSED

2024-11-07 17:51:30 - [TEST_STEP][PASSED] - ExecuteTC = findTestData(dataFile).getValue("Execute", row): null

2024-11-07 17:51:30 - [TEST_STEP][PASSED] - Taxtype = findTestData(dataFile).getValue("TaxType", row): null

2024-11-07 17:51:30 - [TEST_STEP][PASSED] - Paymenttype = findTestData(dataFile).getValue("PaymentType", row): null

2024-11-07 17:51:30 - [TEST_STEP][PASSED] - out.println("Value of Execute is : " + ExecuteTC): null

2024-11-07 17:51:30 - [TEST_STEP][PASSED] - if (ExecuteTC.equalsIgnoreCase("Y")): null

2024-11-07 17:51:30 - [TEST_STEP][PASSED] - out.println("Begin Record Number: " + row): null

2024-11-07 17:51:30 - [TEST_STEP][PASSED] - today = new java.util.Date(): null

2024-11-07 17:51:30 - [TEST_STEP][PASSED] - println(today): null

2024-11-07 17:51:30 - [TEST_STEP][PASSED] - datText = today: null

2024-11-07 17:51:30 - [TEST_STEP][PASSED] - Taxtype = findTestData(dataFile).getValue("TaxType", row): null

2024-11-07 17:51:30 - [TEST_STEP][PASSED] - out.println("Taxtype value is : " + Taxtype): null

2024-11-07 17:51:30 - [TEST_STEP][PASSED] - openBrowser(""): Browser is opened with url: ''

2024-11-07 17:51:30 - [MESSAGE][WARNING] - A browser is already opened. Closing browser and opening a new one

2024-11-07 17:51:32 - [MESSAGE][INFO] - Starting 'Chrome' driver

2024-11-07 17:51:32 - [MESSAGE][INFO] - User set preference: ['acceptInsecureCerts', 'true']

2024-11-07 17:51:32 - [MESSAGE][INFO] - Action delay is set to 0 milliseconds

2024-11-07 17:51:34 - [MESSAGE][PASSED] - Browser is opened with url: ''

2024-11-07 17:51:34 - [TEST_STEP][PASSED] - maximizeWindow(): Current window maximized

2024-11-07 17:51:34 - [MESSAGE][PASSED] - Current window maximized

2024-11-07 17:51:34 - [TEST_STEP][PASSED] - navigateToUrl(RADurl): Navigate to 'https://www.velocitypayment.com/client/rad/index.html' successfully

2024-11-07 17:51:36 - [MESSAGE][PASSED] - Navigate to 'https://www.velocitypayment.com/client/rad/index.html' successfully

2024-11-07 17:51:36 - [TEST_STEP][PASSED] - orPath_Landing = "Object Repository/RAD_Pages/Landing_Page": null

2024-11-07 17:51:36 - [TEST_STEP][PASSED] - orPath_TaxTypeFilingYear = "Object Repository/RAD_Pages/TaxTypeFilingYear_Page": null

2024-11-07 17:51:36 - [TEST_STEP][PASSED] - orPath_TaxPayer = "Object Repository/RAD_Pages/Taxpayer_Page": null

2024-11-07 17:51:36 - [TEST_STEP][PASSED] - orPath_AddressContact = "Object Repository/RAD_Pages/AddressAndContactInfo_Page": null

2024-11-07 17:51:36 - [TEST_STEP][PASSED] - orPath_FilingStatus = "Object Repository/RAD_Pages/FilingStatus_Page": null

2024-11-07 17:51:36 - [TEST_STEP][PASSED] - orPath_Amount = "Object Repository/RAD_Pages/PaymentAmount_Page": null

2024-11-07 17:51:36 - [TEST_STEP][PASSED] - selectOptionByLabel(findTestObject(orPath_Landing + "/dd_TaxType"), Paymenttype, false): All options with label 'Quarterly Estimated Tax' are selected in object 'Object Repository/RAD_Pages/Landing_Page/dd_TaxType' 

2024-11-07 17:51:37 - [MESSAGE][PASSED] - All options with label 'Quarterly Estimated Tax' are selected in object 'Object Repository/RAD_Pages/Landing_Page/dd_TaxType' 

2024-11-07 17:51:37 - [TEST_STEP][PASSED] - delay(1): Delayed 1 second(s)

2024-11-07 17:51:38 - [MESSAGE][PASSED] - Delayed 1 second(s)

2024-11-07 17:51:38 - [TEST_STEP][PASSED] - switch (Paymenttype): null

2024-11-07 17:51:38 - [TEST_STEP][PASSED] - case "Quarterly Estimated Tax":: null

2024-11-07 17:51:38 - [TEST_STEP][PASSED] - selectOptionByLabel(findTestObject(orPath_TaxTypeFilingYear + "/select_PaymentType"), Taxtype, false): All options with label 'Fiduciary Tax' are selected in object 'Object Repository/RAD_Pages/TaxTypeFilingYear_Page/select_PaymentType' 

2024-11-07 17:51:38 - [MESSAGE][PASSED] - All options with label 'Fiduciary Tax' are selected in object 'Object Repository/RAD_Pages/TaxTypeFilingYear_Page/select_PaymentType' 

2024-11-07 17:51:38 - [TEST_STEP][PASSED] - break: null

2024-11-07 17:51:38 - [TEST_STEP][PASSED] - delay(1): Delayed 1 second(s)

2024-11-07 17:51:39 - [MESSAGE][PASSED] - Delayed 1 second(s)

2024-11-07 17:51:39 - [TEST_STEP][PASSED] - scrollToElement(findTestObject(orPath_Amount + "/input__paymentAmount"), 3): Scroll to object 'Object Repository/RAD_Pages/PaymentAmount_Page/input__paymentAmount' successfully

2024-11-07 17:51:40 - [MESSAGE][PASSED] - Scroll to object 'Object Repository/RAD_Pages/PaymentAmount_Page/input__paymentAmount' successfully

2024-11-07 17:51:40 - [TEST_STEP][PASSED] - setText(findTestObject(orPath_AddressContact + "/input_eMailAddress"), "imtiazster@gmail.com"): Text 'imtiazster@gmail.com' is set on object 'Object Repository/RAD_Pages/AddressAndContactInfo_Page/input_eMailAddress'

2024-11-07 17:51:41 - [MESSAGE][PASSED] - Text 'imtiazster@gmail.com' is set on object 'Object Repository/RAD_Pages/AddressAndContactInfo_Page/input_eMailAddress'

2024-11-07 17:51:41 - [TEST_STEP][PASSED] - setText(findTestObject(orPath_AddressContact + "/input_reEnterEMailAddress"), "iahmed@govolution.com"): Text 'iahmed@govolution.com' is set on object 'Object Repository/RAD_Pages/AddressAndContactInfo_Page/input_reEnterEMailAddress'

2024-11-07 17:51:41 - [MESSAGE][PASSED] - Text 'iahmed@govolution.com' is set on object 'Object Repository/RAD_Pages/AddressAndContactInfo_Page/input_reEnterEMailAddress'

2024-11-07 17:51:41 - [TEST_STEP][PASSED] - delay(2): Delayed 2 second(s)

2024-11-07 17:51:43 - [MESSAGE][PASSED] - Delayed 2 second(s)

2024-11-07 17:51:43 - [TEST_STEP][PASSED] - if (verifyTextPresent("The Email and Re-enter email do not match", true)): null

2024-11-07 17:51:44 - [MESSAGE][PASSED] - Text 'The Email and Re-enter email do not match' is present on page  using regular expression

2024-11-07 17:51:44 - [TEST_STEP][PASSED] - println("Emails Dont match text is present"): null

2024-11-07 17:51:44 - [TEST_STEP][PASSED] - out.println("Pass Record Number: " + row): null

2024-11-07 17:51:44 - [TEST_STEP][PASSED] - resText = "Pass": null

2024-11-07 17:51:44 - [TEST_STEP][PASSED] - pages.WriteExcel.demoKey(resText, datText, resColumn, datCloumn, fileLoc, nameSheet, row): pages.WriteExcel.demoKey is PASSED

2024-11-07 17:51:44 - [MESSAGE][PASSED] - pages.WriteExcel.demoKey is PASSED

2024-11-07 17:51:44 - [TEST_STEP][PASSED] - ExecuteTC = findTestData(dataFile).getValue("Execute", row): null

2024-11-07 17:51:44 - [TEST_STEP][PASSED] - Taxtype = findTestData(dataFile).getValue("TaxType", row): null

2024-11-07 17:51:44 - [TEST_STEP][PASSED] - Paymenttype = findTestData(dataFile).getValue("PaymentType", row): null

2024-11-07 17:51:44 - [TEST_STEP][PASSED] - out.println("Value of Execute is : " + ExecuteTC): null

2024-11-07 17:51:44 - [TEST_STEP][PASSED] - if (ExecuteTC.equalsIgnoreCase("Y")): null

2024-11-07 17:51:44 - [TEST_STEP][PASSED] - out.println("Begin Record Number: " + row): null

2024-11-07 17:51:44 - [TEST_STEP][PASSED] - today = new java.util.Date(): null

2024-11-07 17:51:44 - [TEST_STEP][PASSED] - println(today): null

2024-11-07 17:51:44 - [TEST_STEP][PASSED] - datText = today: null

2024-11-07 17:51:44 - [TEST_STEP][PASSED] - Taxtype = findTestData(dataFile).getValue("TaxType", row): null

2024-11-07 17:51:44 - [TEST_STEP][PASSED] - out.println("Taxtype value is : " + Taxtype): null

2024-11-07 17:51:44 - [TEST_STEP][PASSED] - openBrowser(""): Browser is opened with url: ''

2024-11-07 17:51:44 - [MESSAGE][WARNING] - A browser is already opened. Closing browser and opening a new one

2024-11-07 17:51:46 - [MESSAGE][INFO] - Starting 'Chrome' driver

2024-11-07 17:51:46 - [MESSAGE][INFO] - User set preference: ['acceptInsecureCerts', 'true']

2024-11-07 17:51:46 - [MESSAGE][INFO] - Action delay is set to 0 milliseconds

2024-11-07 17:51:48 - [MESSAGE][PASSED] - Browser is opened with url: ''

2024-11-07 17:51:48 - [TEST_STEP][PASSED] - maximizeWindow(): Current window maximized

2024-11-07 17:51:48 - [MESSAGE][PASSED] - Current window maximized

2024-11-07 17:51:48 - [TEST_STEP][PASSED] - navigateToUrl(RADurl): Navigate to 'https://www.velocitypayment.com/client/rad/index.html' successfully

2024-11-07 17:51:50 - [MESSAGE][PASSED] - Navigate to 'https://www.velocitypayment.com/client/rad/index.html' successfully

2024-11-07 17:51:50 - [TEST_STEP][PASSED] - orPath_Landing = "Object Repository/RAD_Pages/Landing_Page": null

2024-11-07 17:51:50 - [TEST_STEP][PASSED] - orPath_TaxTypeFilingYear = "Object Repository/RAD_Pages/TaxTypeFilingYear_Page": null

2024-11-07 17:51:50 - [TEST_STEP][PASSED] - orPath_TaxPayer = "Object Repository/RAD_Pages/Taxpayer_Page": null

2024-11-07 17:51:50 - [TEST_STEP][PASSED] - orPath_AddressContact = "Object Repository/RAD_Pages/AddressAndContactInfo_Page": null

2024-11-07 17:51:50 - [TEST_STEP][PASSED] - orPath_FilingStatus = "Object Repository/RAD_Pages/FilingStatus_Page": null

2024-11-07 17:51:50 - [TEST_STEP][PASSED] - orPath_Amount = "Object Repository/RAD_Pages/PaymentAmount_Page": null

2024-11-07 17:51:50 - [TEST_STEP][PASSED] - selectOptionByLabel(findTestObject(orPath_Landing + "/dd_TaxType"), Paymenttype, false): All options with label 'Quarterly Estimated Tax' are selected in object 'Object Repository/RAD_Pages/Landing_Page/dd_TaxType' 

2024-11-07 17:51:51 - [MESSAGE][PASSED] - All options with label 'Quarterly Estimated Tax' are selected in object 'Object Repository/RAD_Pages/Landing_Page/dd_TaxType' 

2024-11-07 17:51:51 - [TEST_STEP][PASSED] - delay(1): Delayed 1 second(s)

2024-11-07 17:51:52 - [MESSAGE][PASSED] - Delayed 1 second(s)

2024-11-07 17:51:52 - [TEST_STEP][PASSED] - switch (Paymenttype): null

2024-11-07 17:51:52 - [TEST_STEP][PASSED] - case "Quarterly Estimated Tax":: null

2024-11-07 17:51:52 - [TEST_STEP][PASSED] - selectOptionByLabel(findTestObject(orPath_TaxTypeFilingYear + "/select_PaymentType"), Taxtype, false): All options with label 'PTE Non-Electing Non-S Corp' are selected in object 'Object Repository/RAD_Pages/TaxTypeFilingYear_Page/select_PaymentType' 

2024-11-07 17:51:52 - [MESSAGE][PASSED] - All options with label 'PTE Non-Electing Non-S Corp' are selected in object 'Object Repository/RAD_Pages/TaxTypeFilingYear_Page/select_PaymentType' 

2024-11-07 17:51:52 - [TEST_STEP][PASSED] - break: null

2024-11-07 17:51:52 - [TEST_STEP][PASSED] - delay(1): Delayed 1 second(s)

2024-11-07 17:51:53 - [MESSAGE][PASSED] - Delayed 1 second(s)

2024-11-07 17:51:53 - [TEST_STEP][PASSED] - scrollToElement(findTestObject(orPath_Amount + "/input__paymentAmount"), 3): Scroll to object 'Object Repository/RAD_Pages/PaymentAmount_Page/input__paymentAmount' successfully

2024-11-07 17:51:54 - [MESSAGE][PASSED] - Scroll to object 'Object Repository/RAD_Pages/PaymentAmount_Page/input__paymentAmount' successfully

2024-11-07 17:51:54 - [TEST_STEP][PASSED] - setText(findTestObject(orPath_AddressContact + "/input_eMailAddress"), "imtiazster@gmail.com"): Text 'imtiazster@gmail.com' is set on object 'Object Repository/RAD_Pages/AddressAndContactInfo_Page/input_eMailAddress'

2024-11-07 17:51:55 - [MESSAGE][PASSED] - Text 'imtiazster@gmail.com' is set on object 'Object Repository/RAD_Pages/AddressAndContactInfo_Page/input_eMailAddress'

2024-11-07 17:51:55 - [TEST_STEP][PASSED] - setText(findTestObject(orPath_AddressContact + "/input_reEnterEMailAddress"), "iahmed@govolution.com"): Text 'iahmed@govolution.com' is set on object 'Object Repository/RAD_Pages/AddressAndContactInfo_Page/input_reEnterEMailAddress'

2024-11-07 17:51:56 - [MESSAGE][PASSED] - Text 'iahmed@govolution.com' is set on object 'Object Repository/RAD_Pages/AddressAndContactInfo_Page/input_reEnterEMailAddress'

2024-11-07 17:51:56 - [TEST_STEP][PASSED] - delay(2): Delayed 2 second(s)

2024-11-07 17:51:58 - [MESSAGE][PASSED] - Delayed 2 second(s)

2024-11-07 17:51:58 - [TEST_STEP][PASSED] - if (verifyTextPresent("The Email and Re-enter email do not match", true)): null

2024-11-07 17:51:58 - [MESSAGE][PASSED] - Text 'The Email and Re-enter email do not match' is present on page  using regular expression

2024-11-07 17:51:58 - [TEST_STEP][PASSED] - println("Emails Dont match text is present"): null

2024-11-07 17:51:58 - [TEST_STEP][PASSED] - out.println("Pass Record Number: " + row): null

2024-11-07 17:51:58 - [TEST_STEP][PASSED] - resText = "Pass": null

2024-11-07 17:51:58 - [TEST_STEP][PASSED] - pages.WriteExcel.demoKey(resText, datText, resColumn, datCloumn, fileLoc, nameSheet, row): pages.WriteExcel.demoKey is PASSED

2024-11-07 17:51:58 - [MESSAGE][PASSED] - pages.WriteExcel.demoKey is PASSED

2024-11-07 17:51:58 - [TEST_STEP][PASSED] - ExecuteTC = findTestData(dataFile).getValue("Execute", row): null

2024-11-07 17:51:58 - [TEST_STEP][PASSED] - Taxtype = findTestData(dataFile).getValue("TaxType", row): null

2024-11-07 17:51:58 - [TEST_STEP][PASSED] - Paymenttype = findTestData(dataFile).getValue("PaymentType", row): null

2024-11-07 17:51:58 - [TEST_STEP][PASSED] - out.println("Value of Execute is : " + ExecuteTC): null

2024-11-07 17:51:58 - [TEST_STEP][PASSED] - if (ExecuteTC.equalsIgnoreCase("Y")): null

2024-11-07 17:51:58 - [TEST_STEP][PASSED] - out.println("Begin Record Number: " + row): null

2024-11-07 17:51:58 - [TEST_STEP][PASSED] - today = new java.util.Date(): null

2024-11-07 17:51:58 - [TEST_STEP][PASSED] - println(today): null

2024-11-07 17:51:58 - [TEST_STEP][PASSED] - datText = today: null

2024-11-07 17:51:58 - [TEST_STEP][PASSED] - Taxtype = findTestData(dataFile).getValue("TaxType", row): null

2024-11-07 17:51:58 - [TEST_STEP][PASSED] - out.println("Taxtype value is : " + Taxtype): null

2024-11-07 17:51:58 - [TEST_STEP][PASSED] - openBrowser(""): Browser is opened with url: ''

2024-11-07 17:51:58 - [MESSAGE][WARNING] - A browser is already opened. Closing browser and opening a new one

2024-11-07 17:52:00 - [MESSAGE][INFO] - Starting 'Chrome' driver

2024-11-07 17:52:00 - [MESSAGE][INFO] - User set preference: ['acceptInsecureCerts', 'true']

2024-11-07 17:52:00 - [MESSAGE][INFO] - Action delay is set to 0 milliseconds

2024-11-07 17:52:01 - [MESSAGE][PASSED] - Browser is opened with url: ''

2024-11-07 17:52:01 - [TEST_STEP][PASSED] - maximizeWindow(): Current window maximized

2024-11-07 17:52:02 - [MESSAGE][PASSED] - Current window maximized

2024-11-07 17:52:02 - [TEST_STEP][PASSED] - navigateToUrl(RADurl): Navigate to 'https://www.velocitypayment.com/client/rad/index.html' successfully

2024-11-07 17:52:03 - [MESSAGE][PASSED] - Navigate to 'https://www.velocitypayment.com/client/rad/index.html' successfully

2024-11-07 17:52:03 - [TEST_STEP][PASSED] - orPath_Landing = "Object Repository/RAD_Pages/Landing_Page": null

2024-11-07 17:52:03 - [TEST_STEP][PASSED] - orPath_TaxTypeFilingYear = "Object Repository/RAD_Pages/TaxTypeFilingYear_Page": null

2024-11-07 17:52:03 - [TEST_STEP][PASSED] - orPath_TaxPayer = "Object Repository/RAD_Pages/Taxpayer_Page": null

2024-11-07 17:52:03 - [TEST_STEP][PASSED] - orPath_AddressContact = "Object Repository/RAD_Pages/AddressAndContactInfo_Page": null

2024-11-07 17:52:03 - [TEST_STEP][PASSED] - orPath_FilingStatus = "Object Repository/RAD_Pages/FilingStatus_Page": null

2024-11-07 17:52:03 - [TEST_STEP][PASSED] - orPath_Amount = "Object Repository/RAD_Pages/PaymentAmount_Page": null

2024-11-07 17:52:03 - [TEST_STEP][PASSED] - selectOptionByLabel(findTestObject(orPath_Landing + "/dd_TaxType"), Paymenttype, false): All options with label 'Quarterly Estimated Tax' are selected in object 'Object Repository/RAD_Pages/Landing_Page/dd_TaxType' 

2024-11-07 17:52:04 - [MESSAGE][PASSED] - All options with label 'Quarterly Estimated Tax' are selected in object 'Object Repository/RAD_Pages/Landing_Page/dd_TaxType' 

2024-11-07 17:52:04 - [TEST_STEP][PASSED] - delay(1): Delayed 1 second(s)

2024-11-07 17:52:05 - [MESSAGE][PASSED] - Delayed 1 second(s)

2024-11-07 17:52:05 - [TEST_STEP][PASSED] - switch (Paymenttype): null

2024-11-07 17:52:05 - [TEST_STEP][PASSED] - case "Quarterly Estimated Tax":: null

2024-11-07 17:52:05 - [TEST_STEP][PASSED] - selectOptionByLabel(findTestObject(orPath_TaxTypeFilingYear + "/select_PaymentType"), Taxtype, false): All options with label 'PTE Non-Electing S Corp' are selected in object 'Object Repository/RAD_Pages/TaxTypeFilingYear_Page/select_PaymentType' 

2024-11-07 17:52:06 - [MESSAGE][PASSED] - All options with label 'PTE Non-Electing S Corp' are selected in object 'Object Repository/RAD_Pages/TaxTypeFilingYear_Page/select_PaymentType' 

2024-11-07 17:52:06 - [TEST_STEP][PASSED] - break: null

2024-11-07 17:52:06 - [TEST_STEP][PASSED] - delay(1): Delayed 1 second(s)

2024-11-07 17:52:07 - [MESSAGE][PASSED] - Delayed 1 second(s)

2024-11-07 17:52:07 - [TEST_STEP][PASSED] - scrollToElement(findTestObject(orPath_Amount + "/input__paymentAmount"), 3): Scroll to object 'Object Repository/RAD_Pages/PaymentAmount_Page/input__paymentAmount' successfully

2024-11-07 17:52:07 - [MESSAGE][PASSED] - Scroll to object 'Object Repository/RAD_Pages/PaymentAmount_Page/input__paymentAmount' successfully

2024-11-07 17:52:07 - [TEST_STEP][PASSED] - setText(findTestObject(orPath_AddressContact + "/input_eMailAddress"), "imtiazster@gmail.com"): Text 'imtiazster@gmail.com' is set on object 'Object Repository/RAD_Pages/AddressAndContactInfo_Page/input_eMailAddress'

2024-11-07 17:52:08 - [MESSAGE][PASSED] - Text 'imtiazster@gmail.com' is set on object 'Object Repository/RAD_Pages/AddressAndContactInfo_Page/input_eMailAddress'

2024-11-07 17:52:08 - [TEST_STEP][PASSED] - setText(findTestObject(orPath_AddressContact + "/input_reEnterEMailAddress"), "iahmed@govolution.com"): Text 'iahmed@govolution.com' is set on object 'Object Repository/RAD_Pages/AddressAndContactInfo_Page/input_reEnterEMailAddress'

2024-11-07 17:52:09 - [MESSAGE][PASSED] - Text 'iahmed@govolution.com' is set on object 'Object Repository/RAD_Pages/AddressAndContactInfo_Page/input_reEnterEMailAddress'

2024-11-07 17:52:09 - [TEST_STEP][PASSED] - delay(2): Delayed 2 second(s)

2024-11-07 17:52:11 - [MESSAGE][PASSED] - Delayed 2 second(s)

2024-11-07 17:52:11 - [TEST_STEP][PASSED] - if (verifyTextPresent("The Email and Re-enter email do not match", true)): null

2024-11-07 17:52:11 - [MESSAGE][PASSED] - Text 'The Email and Re-enter email do not match' is present on page  using regular expression

2024-11-07 17:52:11 - [TEST_STEP][PASSED] - println("Emails Dont match text is present"): null

2024-11-07 17:52:11 - [TEST_STEP][PASSED] - out.println("Pass Record Number: " + row): null

2024-11-07 17:52:11 - [TEST_STEP][PASSED] - resText = "Pass": null

2024-11-07 17:52:11 - [TEST_STEP][PASSED] - pages.WriteExcel.demoKey(resText, datText, resColumn, datCloumn, fileLoc, nameSheet, row): pages.WriteExcel.demoKey is PASSED

2024-11-07 17:52:11 - [MESSAGE][PASSED] - pages.WriteExcel.demoKey is PASSED

2024-11-07 17:52:11 - [TEST_STEP][PASSED] - ExecuteTC = findTestData(dataFile).getValue("Execute", row): null

2024-11-07 17:52:11 - [TEST_STEP][PASSED] - Taxtype = findTestData(dataFile).getValue("TaxType", row): null

2024-11-07 17:52:12 - [TEST_STEP][PASSED] - Paymenttype = findTestData(dataFile).getValue("PaymentType", row): null

2024-11-07 17:52:12 - [TEST_STEP][PASSED] - out.println("Value of Execute is : " + ExecuteTC): null

2024-11-07 17:52:12 - [TEST_STEP][PASSED] - if (ExecuteTC.equalsIgnoreCase("Y")): null

2024-11-07 17:52:12 - [TEST_STEP][PASSED] - out.println("Begin Record Number: " + row): null

2024-11-07 17:52:12 - [TEST_STEP][PASSED] - today = new java.util.Date(): null

2024-11-07 17:52:12 - [TEST_STEP][PASSED] - println(today): null

2024-11-07 17:52:12 - [TEST_STEP][PASSED] - datText = today: null

2024-11-07 17:52:12 - [TEST_STEP][PASSED] - Taxtype = findTestData(dataFile).getValue("TaxType", row): null

2024-11-07 17:52:12 - [TEST_STEP][PASSED] - out.println("Taxtype value is : " + Taxtype): null

2024-11-07 17:52:12 - [TEST_STEP][PASSED] - openBrowser(""): Browser is opened with url: ''

2024-11-07 17:52:12 - [MESSAGE][WARNING] - A browser is already opened. Closing browser and opening a new one

2024-11-07 17:52:13 - [MESSAGE][INFO] - Starting 'Chrome' driver

2024-11-07 17:52:13 - [MESSAGE][INFO] - User set preference: ['acceptInsecureCerts', 'true']

2024-11-07 17:52:13 - [MESSAGE][INFO] - Action delay is set to 0 milliseconds

2024-11-07 17:52:15 - [MESSAGE][PASSED] - Browser is opened with url: ''

2024-11-07 17:52:15 - [TEST_STEP][PASSED] - maximizeWindow(): Current window maximized

2024-11-07 17:52:15 - [MESSAGE][PASSED] - Current window maximized

2024-11-07 17:52:15 - [TEST_STEP][PASSED] - navigateToUrl(RADurl): Navigate to 'https://www.velocitypayment.com/client/rad/index.html' successfully

2024-11-07 17:52:17 - [MESSAGE][PASSED] - Navigate to 'https://www.velocitypayment.com/client/rad/index.html' successfully

2024-11-07 17:52:17 - [TEST_STEP][PASSED] - orPath_Landing = "Object Repository/RAD_Pages/Landing_Page": null

2024-11-07 17:52:17 - [TEST_STEP][PASSED] - orPath_TaxTypeFilingYear = "Object Repository/RAD_Pages/TaxTypeFilingYear_Page": null

2024-11-07 17:52:17 - [TEST_STEP][PASSED] - orPath_TaxPayer = "Object Repository/RAD_Pages/Taxpayer_Page": null

2024-11-07 17:52:17 - [TEST_STEP][PASSED] - orPath_AddressContact = "Object Repository/RAD_Pages/AddressAndContactInfo_Page": null

2024-11-07 17:52:17 - [TEST_STEP][PASSED] - orPath_FilingStatus = "Object Repository/RAD_Pages/FilingStatus_Page": null

2024-11-07 17:52:17 - [TEST_STEP][PASSED] - orPath_Amount = "Object Repository/RAD_Pages/PaymentAmount_Page": null

2024-11-07 17:52:17 - [TEST_STEP][PASSED] - selectOptionByLabel(findTestObject(orPath_Landing + "/dd_TaxType"), Paymenttype, false): All options with label 'Quarterly Estimated Tax' are selected in object 'Object Repository/RAD_Pages/Landing_Page/dd_TaxType' 

2024-11-07 17:52:18 - [MESSAGE][PASSED] - All options with label 'Quarterly Estimated Tax' are selected in object 'Object Repository/RAD_Pages/Landing_Page/dd_TaxType' 

2024-11-07 17:52:18 - [TEST_STEP][PASSED] - delay(1): Delayed 1 second(s)

2024-11-07 17:52:19 - [MESSAGE][PASSED] - Delayed 1 second(s)

2024-11-07 17:52:19 - [TEST_STEP][PASSED] - switch (Paymenttype): null

2024-11-07 17:52:19 - [TEST_STEP][PASSED] - case "Quarterly Estimated Tax":: null

2024-11-07 17:52:19 - [TEST_STEP][PASSED] - selectOptionByLabel(findTestObject(orPath_TaxTypeFilingYear + "/select_PaymentType"), Taxtype, false): All options with label 'PTE Tax Electing Non-S Corp' are selected in object 'Object Repository/RAD_Pages/TaxTypeFilingYear_Page/select_PaymentType' 

2024-11-07 17:52:20 - [MESSAGE][PASSED] - All options with label 'PTE Tax Electing Non-S Corp' are selected in object 'Object Repository/RAD_Pages/TaxTypeFilingYear_Page/select_PaymentType' 

2024-11-07 17:52:20 - [TEST_STEP][PASSED] - break: null

2024-11-07 17:52:20 - [TEST_STEP][PASSED] - delay(1): Delayed 1 second(s)

2024-11-07 17:52:21 - [MESSAGE][PASSED] - Delayed 1 second(s)

2024-11-07 17:52:21 - [TEST_STEP][PASSED] - scrollToElement(findTestObject(orPath_Amount + "/input__paymentAmount"), 3): Scroll to object 'Object Repository/RAD_Pages/PaymentAmount_Page/input__paymentAmount' successfully

2024-11-07 17:52:21 - [MESSAGE][PASSED] - Scroll to object 'Object Repository/RAD_Pages/PaymentAmount_Page/input__paymentAmount' successfully

2024-11-07 17:52:21 - [TEST_STEP][PASSED] - setText(findTestObject(orPath_AddressContact + "/input_eMailAddress"), "imtiazster@gmail.com"): Text 'imtiazster@gmail.com' is set on object 'Object Repository/RAD_Pages/AddressAndContactInfo_Page/input_eMailAddress'

2024-11-07 17:52:22 - [MESSAGE][PASSED] - Text 'imtiazster@gmail.com' is set on object 'Object Repository/RAD_Pages/AddressAndContactInfo_Page/input_eMailAddress'

2024-11-07 17:52:22 - [TEST_STEP][PASSED] - setText(findTestObject(orPath_AddressContact + "/input_reEnterEMailAddress"), "iahmed@govolution.com"): Text 'iahmed@govolution.com' is set on object 'Object Repository/RAD_Pages/AddressAndContactInfo_Page/input_reEnterEMailAddress'

2024-11-07 17:52:23 - [MESSAGE][PASSED] - Text 'iahmed@govolution.com' is set on object 'Object Repository/RAD_Pages/AddressAndContactInfo_Page/input_reEnterEMailAddress'

2024-11-07 17:52:23 - [TEST_STEP][PASSED] - delay(2): Delayed 2 second(s)

2024-11-07 17:52:25 - [MESSAGE][PASSED] - Delayed 2 second(s)

2024-11-07 17:52:25 - [TEST_STEP][PASSED] - if (verifyTextPresent("The Email and Re-enter email do not match", true)): null

2024-11-07 17:52:25 - [MESSAGE][PASSED] - Text 'The Email and Re-enter email do not match' is present on page  using regular expression

2024-11-07 17:52:25 - [TEST_STEP][PASSED] - println("Emails Dont match text is present"): null

2024-11-07 17:52:25 - [TEST_STEP][PASSED] - out.println("Pass Record Number: " + row): null

2024-11-07 17:52:25 - [TEST_STEP][PASSED] - resText = "Pass": null

2024-11-07 17:52:25 - [TEST_STEP][PASSED] - pages.WriteExcel.demoKey(resText, datText, resColumn, datCloumn, fileLoc, nameSheet, row): pages.WriteExcel.demoKey is PASSED

2024-11-07 17:52:25 - [MESSAGE][PASSED] - pages.WriteExcel.demoKey is PASSED

2024-11-07 17:52:25 - [TEST_STEP][PASSED] - ExecuteTC = findTestData(dataFile).getValue("Execute", row): null

2024-11-07 17:52:25 - [TEST_STEP][PASSED] - Taxtype = findTestData(dataFile).getValue("TaxType", row): null

2024-11-07 17:52:26 - [TEST_STEP][PASSED] - Paymenttype = findTestData(dataFile).getValue("PaymentType", row): null

2024-11-07 17:52:26 - [TEST_STEP][PASSED] - out.println("Value of Execute is : " + ExecuteTC): null

2024-11-07 17:52:26 - [TEST_STEP][PASSED] - if (ExecuteTC.equalsIgnoreCase("Y")): null

2024-11-07 17:52:26 - [TEST_STEP][PASSED] - out.println("Begin Record Number: " + row): null

2024-11-07 17:52:26 - [TEST_STEP][PASSED] - today = new java.util.Date(): null

2024-11-07 17:52:26 - [TEST_STEP][PASSED] - println(today): null

2024-11-07 17:52:26 - [TEST_STEP][PASSED] - datText = today: null

2024-11-07 17:52:26 - [TEST_STEP][PASSED] - Taxtype = findTestData(dataFile).getValue("TaxType", row): null

2024-11-07 17:52:26 - [TEST_STEP][PASSED] - out.println("Taxtype value is : " + Taxtype): null

2024-11-07 17:52:26 - [TEST_STEP][PASSED] - openBrowser(""): Browser is opened with url: ''

2024-11-07 17:52:26 - [MESSAGE][WARNING] - A browser is already opened. Closing browser and opening a new one

2024-11-07 17:52:27 - [MESSAGE][INFO] - Starting 'Chrome' driver

2024-11-07 17:52:27 - [MESSAGE][INFO] - User set preference: ['acceptInsecureCerts', 'true']

2024-11-07 17:52:27 - [MESSAGE][INFO] - Action delay is set to 0 milliseconds

2024-11-07 17:52:29 - [MESSAGE][PASSED] - Browser is opened with url: ''

2024-11-07 17:52:29 - [TEST_STEP][PASSED] - maximizeWindow(): Current window maximized

2024-11-07 17:52:29 - [MESSAGE][PASSED] - Current window maximized

2024-11-07 17:52:29 - [TEST_STEP][PASSED] - navigateToUrl(RADurl): Navigate to 'https://www.velocitypayment.com/client/rad/index.html' successfully

2024-11-07 17:52:29 - [MESSAGE][PASSED] - Navigate to 'https://www.velocitypayment.com/client/rad/index.html' successfully

2024-11-07 17:52:29 - [TEST_STEP][PASSED] - orPath_Landing = "Object Repository/RAD_Pages/Landing_Page": null

2024-11-07 17:52:29 - [TEST_STEP][PASSED] - orPath_TaxTypeFilingYear = "Object Repository/RAD_Pages/TaxTypeFilingYear_Page": null

2024-11-07 17:52:29 - [TEST_STEP][PASSED] - orPath_TaxPayer = "Object Repository/RAD_Pages/Taxpayer_Page": null

2024-11-07 17:52:29 - [TEST_STEP][PASSED] - orPath_AddressContact = "Object Repository/RAD_Pages/AddressAndContactInfo_Page": null

2024-11-07 17:52:29 - [TEST_STEP][PASSED] - orPath_FilingStatus = "Object Repository/RAD_Pages/FilingStatus_Page": null

2024-11-07 17:52:29 - [TEST_STEP][PASSED] - orPath_Amount = "Object Repository/RAD_Pages/PaymentAmount_Page": null

2024-11-07 17:52:29 - [TEST_STEP][PASSED] - selectOptionByLabel(findTestObject(orPath_Landing + "/dd_TaxType"), Paymenttype, false): All options with label 'Quarterly Estimated Tax' are selected in object 'Object Repository/RAD_Pages/Landing_Page/dd_TaxType' 

2024-11-07 17:52:32 - [MESSAGE][PASSED] - All options with label 'Quarterly Estimated Tax' are selected in object 'Object Repository/RAD_Pages/Landing_Page/dd_TaxType' 

2024-11-07 17:52:32 - [TEST_STEP][PASSED] - delay(1): Delayed 1 second(s)

2024-11-07 17:52:33 - [MESSAGE][PASSED] - Delayed 1 second(s)

2024-11-07 17:52:33 - [TEST_STEP][PASSED] - switch (Paymenttype): null

2024-11-07 17:52:33 - [TEST_STEP][PASSED] - case "Quarterly Estimated Tax":: null

2024-11-07 17:52:33 - [TEST_STEP][PASSED] - selectOptionByLabel(findTestObject(orPath_TaxTypeFilingYear + "/select_PaymentType"), Taxtype, false): All options with label 'PTE Tax Electing S Corp' are selected in object 'Object Repository/RAD_Pages/TaxTypeFilingYear_Page/select_PaymentType' 

2024-11-07 17:52:34 - [MESSAGE][PASSED] - All options with label 'PTE Tax Electing S Corp' are selected in object 'Object Repository/RAD_Pages/TaxTypeFilingYear_Page/select_PaymentType' 

2024-11-07 17:52:34 - [TEST_STEP][PASSED] - break: null

2024-11-07 17:52:34 - [TEST_STEP][PASSED] - delay(1): Delayed 1 second(s)

2024-11-07 17:52:35 - [MESSAGE][PASSED] - Delayed 1 second(s)

2024-11-07 17:52:35 - [TEST_STEP][PASSED] - scrollToElement(findTestObject(orPath_Amount + "/input__paymentAmount"), 3): Scroll to object 'Object Repository/RAD_Pages/PaymentAmount_Page/input__paymentAmount' successfully

2024-11-07 17:52:35 - [MESSAGE][PASSED] - Scroll to object 'Object Repository/RAD_Pages/PaymentAmount_Page/input__paymentAmount' successfully

2024-11-07 17:52:35 - [TEST_STEP][PASSED] - setText(findTestObject(orPath_AddressContact + "/input_eMailAddress"), "imtiazster@gmail.com"): Text 'imtiazster@gmail.com' is set on object 'Object Repository/RAD_Pages/AddressAndContactInfo_Page/input_eMailAddress'

2024-11-07 17:52:36 - [MESSAGE][PASSED] - Text 'imtiazster@gmail.com' is set on object 'Object Repository/RAD_Pages/AddressAndContactInfo_Page/input_eMailAddress'

2024-11-07 17:52:36 - [TEST_STEP][PASSED] - setText(findTestObject(orPath_AddressContact + "/input_reEnterEMailAddress"), "iahmed@govolution.com"): Text 'iahmed@govolution.com' is set on object 'Object Repository/RAD_Pages/AddressAndContactInfo_Page/input_reEnterEMailAddress'

2024-11-07 17:52:37 - [MESSAGE][PASSED] - Text 'iahmed@govolution.com' is set on object 'Object Repository/RAD_Pages/AddressAndContactInfo_Page/input_reEnterEMailAddress'

2024-11-07 17:52:37 - [TEST_STEP][PASSED] - delay(2): Delayed 2 second(s)

2024-11-07 17:52:39 - [MESSAGE][PASSED] - Delayed 2 second(s)

2024-11-07 17:52:39 - [TEST_STEP][PASSED] - if (verifyTextPresent("The Email and Re-enter email do not match", true)): null

2024-11-07 17:52:40 - [MESSAGE][PASSED] - Text 'The Email and Re-enter email do not match' is present on page  using regular expression

2024-11-07 17:52:40 - [TEST_STEP][PASSED] - println("Emails Dont match text is present"): null

2024-11-07 17:52:40 - [TEST_STEP][PASSED] - out.println("Pass Record Number: " + row): null

2024-11-07 17:52:40 - [TEST_STEP][PASSED] - resText = "Pass": null

2024-11-07 17:52:40 - [TEST_STEP][PASSED] - pages.WriteExcel.demoKey(resText, datText, resColumn, datCloumn, fileLoc, nameSheet, row): pages.WriteExcel.demoKey is PASSED

2024-11-07 17:52:40 - [MESSAGE][PASSED] - pages.WriteExcel.demoKey is PASSED

2024-11-07 17:52:40 - [TEST_STEP][PASSED] - ExecuteTC = findTestData(dataFile).getValue("Execute", row): null

2024-11-07 17:52:40 - [TEST_STEP][PASSED] - Taxtype = findTestData(dataFile).getValue("TaxType", row): null

2024-11-07 17:52:40 - [TEST_STEP][PASSED] - Paymenttype = findTestData(dataFile).getValue("PaymentType", row): null

2024-11-07 17:52:40 - [TEST_STEP][PASSED] - out.println("Value of Execute is : " + ExecuteTC): null

2024-11-07 17:52:40 - [TEST_STEP][PASSED] - if (ExecuteTC.equalsIgnoreCase("Y")): null

2024-11-07 17:52:40 - [TEST_STEP][PASSED] - out.println("Begin Record Number: " + row): null

2024-11-07 17:52:40 - [TEST_STEP][PASSED] - today = new java.util.Date(): null

2024-11-07 17:52:40 - [TEST_STEP][PASSED] - println(today): null

2024-11-07 17:52:40 - [TEST_STEP][PASSED] - datText = today: null

2024-11-07 17:52:40 - [TEST_STEP][PASSED] - Taxtype = findTestData(dataFile).getValue("TaxType", row): null

2024-11-07 17:52:40 - [TEST_STEP][PASSED] - out.println("Taxtype value is : " + Taxtype): null

2024-11-07 17:52:40 - [TEST_STEP][PASSED] - openBrowser(""): Browser is opened with url: ''

2024-11-07 17:52:40 - [MESSAGE][WARNING] - A browser is already opened. Closing browser and opening a new one

2024-11-07 17:52:41 - [MESSAGE][INFO] - Starting 'Chrome' driver

2024-11-07 17:52:41 - [MESSAGE][INFO] - User set preference: ['acceptInsecureCerts', 'true']

2024-11-07 17:52:41 - [MESSAGE][INFO] - Action delay is set to 0 milliseconds

2024-11-07 17:52:43 - [MESSAGE][PASSED] - Browser is opened with url: ''

2024-11-07 17:52:43 - [TEST_STEP][PASSED] - maximizeWindow(): Current window maximized

2024-11-07 17:52:43 - [MESSAGE][PASSED] - Current window maximized

2024-11-07 17:52:43 - [TEST_STEP][PASSED] - navigateToUrl(RADurl): Navigate to 'https://www.velocitypayment.com/client/rad/index.html' successfully

2024-11-07 17:52:45 - [MESSAGE][PASSED] - Navigate to 'https://www.velocitypayment.com/client/rad/index.html' successfully

2024-11-07 17:52:45 - [TEST_STEP][PASSED] - orPath_Landing = "Object Repository/RAD_Pages/Landing_Page": null

2024-11-07 17:52:45 - [TEST_STEP][PASSED] - orPath_TaxTypeFilingYear = "Object Repository/RAD_Pages/TaxTypeFilingYear_Page": null

2024-11-07 17:52:45 - [TEST_STEP][PASSED] - orPath_TaxPayer = "Object Repository/RAD_Pages/Taxpayer_Page": null

2024-11-07 17:52:45 - [TEST_STEP][PASSED] - orPath_AddressContact = "Object Repository/RAD_Pages/AddressAndContactInfo_Page": null

2024-11-07 17:52:45 - [TEST_STEP][PASSED] - orPath_FilingStatus = "Object Repository/RAD_Pages/FilingStatus_Page": null

2024-11-07 17:52:45 - [TEST_STEP][PASSED] - orPath_Amount = "Object Repository/RAD_Pages/PaymentAmount_Page": null

2024-11-07 17:52:45 - [TEST_STEP][PASSED] - selectOptionByLabel(findTestObject(orPath_Landing + "/dd_TaxType"), Paymenttype, false): All options with label 'Quarterly Estimated Tax' are selected in object 'Object Repository/RAD_Pages/Landing_Page/dd_TaxType' 

2024-11-07 17:52:46 - [MESSAGE][PASSED] - All options with label 'Quarterly Estimated Tax' are selected in object 'Object Repository/RAD_Pages/Landing_Page/dd_TaxType' 

2024-11-07 17:52:46 - [TEST_STEP][PASSED] - delay(1): Delayed 1 second(s)

2024-11-07 17:52:47 - [MESSAGE][PASSED] - Delayed 1 second(s)

2024-11-07 17:52:47 - [TEST_STEP][PASSED] - switch (Paymenttype): null

2024-11-07 17:52:47 - [TEST_STEP][PASSED] - case "Quarterly Estimated Tax":: null

2024-11-07 17:52:47 - [TEST_STEP][PASSED] - selectOptionByLabel(findTestObject(orPath_TaxTypeFilingYear + "/select_PaymentType"), Taxtype, false): All options with label 'Personal Income Tax' are selected in object 'Object Repository/RAD_Pages/TaxTypeFilingYear_Page/select_PaymentType' 

2024-11-07 17:52:48 - [MESSAGE][PASSED] - All options with label 'Personal Income Tax' are selected in object 'Object Repository/RAD_Pages/TaxTypeFilingYear_Page/select_PaymentType' 

2024-11-07 17:52:48 - [TEST_STEP][PASSED] - break: null

2024-11-07 17:52:48 - [TEST_STEP][PASSED] - delay(1): Delayed 1 second(s)

2024-11-07 17:52:49 - [MESSAGE][PASSED] - Delayed 1 second(s)

2024-11-07 17:52:49 - [TEST_STEP][PASSED] - scrollToElement(findTestObject(orPath_Amount + "/input__paymentAmount"), 3): Scroll to object 'Object Repository/RAD_Pages/PaymentAmount_Page/input__paymentAmount' successfully

2024-11-07 17:52:49 - [MESSAGE][PASSED] - Scroll to object 'Object Repository/RAD_Pages/PaymentAmount_Page/input__paymentAmount' successfully

2024-11-07 17:52:49 - [TEST_STEP][PASSED] - setText(findTestObject(orPath_AddressContact + "/input_eMailAddress"), "imtiazster@gmail.com"): Text 'imtiazster@gmail.com' is set on object 'Object Repository/RAD_Pages/AddressAndContactInfo_Page/input_eMailAddress'

2024-11-07 17:52:50 - [MESSAGE][PASSED] - Text 'imtiazster@gmail.com' is set on object 'Object Repository/RAD_Pages/AddressAndContactInfo_Page/input_eMailAddress'

2024-11-07 17:52:50 - [TEST_STEP][PASSED] - setText(findTestObject(orPath_AddressContact + "/input_reEnterEMailAddress"), "iahmed@govolution.com"): Text 'iahmed@govolution.com' is set on object 'Object Repository/RAD_Pages/AddressAndContactInfo_Page/input_reEnterEMailAddress'

2024-11-07 17:52:51 - [MESSAGE][PASSED] - Text 'iahmed@govolution.com' is set on object 'Object Repository/RAD_Pages/AddressAndContactInfo_Page/input_reEnterEMailAddress'

2024-11-07 17:52:51 - [TEST_STEP][PASSED] - delay(2): Delayed 2 second(s)

2024-11-07 17:52:53 - [MESSAGE][PASSED] - Delayed 2 second(s)

2024-11-07 17:52:53 - [TEST_STEP][PASSED] - if (verifyTextPresent("The Email and Re-enter email do not match", true)): null

2024-11-07 17:52:53 - [MESSAGE][PASSED] - Text 'The Email and Re-enter email do not match' is present on page  using regular expression

2024-11-07 17:52:53 - [TEST_STEP][PASSED] - println("Emails Dont match text is present"): null

2024-11-07 17:52:53 - [TEST_STEP][PASSED] - out.println("Pass Record Number: " + row): null

2024-11-07 17:52:53 - [TEST_STEP][PASSED] - resText = "Pass": null

2024-11-07 17:52:53 - [TEST_STEP][PASSED] - pages.WriteExcel.demoKey(resText, datText, resColumn, datCloumn, fileLoc, nameSheet, row): pages.WriteExcel.demoKey is PASSED

2024-11-07 17:52:53 - [MESSAGE][PASSED] - pages.WriteExcel.demoKey is PASSED

2024-11-07 17:52:53 - [TEST_STEP][PASSED] - ExecuteTC = findTestData(dataFile).getValue("Execute", row): null

2024-11-07 17:52:53 - [TEST_STEP][PASSED] - Taxtype = findTestData(dataFile).getValue("TaxType", row): null

2024-11-07 17:52:53 - [TEST_STEP][PASSED] - Paymenttype = findTestData(dataFile).getValue("PaymentType", row): null

2024-11-07 17:52:53 - [TEST_STEP][PASSED] - out.println("Value of Execute is : " + ExecuteTC): null

2024-11-07 17:52:53 - [TEST_STEP][PASSED] - if (ExecuteTC.equalsIgnoreCase("Y")): null

2024-11-07 17:52:53 - [TEST_STEP][PASSED] - out.println("Begin Record Number: " + row): null

2024-11-07 17:52:53 - [TEST_STEP][PASSED] - today = new java.util.Date(): null

2024-11-07 17:52:53 - [TEST_STEP][PASSED] - println(today): null

2024-11-07 17:52:53 - [TEST_STEP][PASSED] - datText = today: null

2024-11-07 17:52:53 - [TEST_STEP][PASSED] - Taxtype = findTestData(dataFile).getValue("TaxType", row): null

2024-11-07 17:52:53 - [TEST_STEP][PASSED] - out.println("Taxtype value is : " + Taxtype): null

2024-11-07 17:52:53 - [TEST_STEP][PASSED] - openBrowser(""): Browser is opened with url: ''

2024-11-07 17:52:53 - [MESSAGE][WARNING] - A browser is already opened. Closing browser and opening a new one

2024-11-07 17:52:55 - [MESSAGE][INFO] - Starting 'Chrome' driver

2024-11-07 17:52:55 - [MESSAGE][INFO] - User set preference: ['acceptInsecureCerts', 'true']

2024-11-07 17:52:55 - [MESSAGE][INFO] - Action delay is set to 0 milliseconds

2024-11-07 17:52:57 - [MESSAGE][PASSED] - Browser is opened with url: ''

2024-11-07 17:52:57 - [TEST_STEP][PASSED] - maximizeWindow(): Current window maximized

2024-11-07 17:52:57 - [MESSAGE][PASSED] - Current window maximized

2024-11-07 17:52:57 - [TEST_STEP][PASSED] - navigateToUrl(RADurl): Navigate to 'https://www.velocitypayment.com/client/rad/index.html' successfully

2024-11-07 17:52:59 - [MESSAGE][PASSED] - Navigate to 'https://www.velocitypayment.com/client/rad/index.html' successfully

2024-11-07 17:52:59 - [TEST_STEP][PASSED] - orPath_Landing = "Object Repository/RAD_Pages/Landing_Page": null

2024-11-07 17:52:59 - [TEST_STEP][PASSED] - orPath_TaxTypeFilingYear = "Object Repository/RAD_Pages/TaxTypeFilingYear_Page": null

2024-11-07 17:52:59 - [TEST_STEP][PASSED] - orPath_TaxPayer = "Object Repository/RAD_Pages/Taxpayer_Page": null

2024-11-07 17:52:59 - [TEST_STEP][PASSED] - orPath_AddressContact = "Object Repository/RAD_Pages/AddressAndContactInfo_Page": null

2024-11-07 17:52:59 - [TEST_STEP][PASSED] - orPath_FilingStatus = "Object Repository/RAD_Pages/FilingStatus_Page": null

2024-11-07 17:52:59 - [TEST_STEP][PASSED] - orPath_Amount = "Object Repository/RAD_Pages/PaymentAmount_Page": null

2024-11-07 17:52:59 - [TEST_STEP][PASSED] - selectOptionByLabel(findTestObject(orPath_Landing + "/dd_TaxType"), Paymenttype, false): All options with label 'Extension Payments' are selected in object 'Object Repository/RAD_Pages/Landing_Page/dd_TaxType' 

2024-11-07 17:53:00 - [MESSAGE][PASSED] - All options with label 'Extension Payments' are selected in object 'Object Repository/RAD_Pages/Landing_Page/dd_TaxType' 

2024-11-07 17:53:00 - [TEST_STEP][PASSED] - delay(1): Delayed 1 second(s)

2024-11-07 17:53:01 - [MESSAGE][PASSED] - Delayed 1 second(s)

2024-11-07 17:53:01 - [TEST_STEP][PASSED] - switch (Paymenttype): null

2024-11-07 17:53:01 - [TEST_STEP][PASSED] - case "Extension Payments":: null

2024-11-07 17:53:01 - [TEST_STEP][PASSED] - selectOptionByLabel(findTestObject(orPath_TaxTypeFilingYear + "/select_PaymentType"), Taxtype, false): All options with label 'Corporate Income Tax' are selected in object 'Object Repository/RAD_Pages/TaxTypeFilingYear_Page/select_PaymentType' 

2024-11-07 17:53:02 - [MESSAGE][PASSED] - All options with label 'Corporate Income Tax' are selected in object 'Object Repository/RAD_Pages/TaxTypeFilingYear_Page/select_PaymentType' 

2024-11-07 17:53:02 - [TEST_STEP][PASSED] - break: null

2024-11-07 17:53:02 - [TEST_STEP][PASSED] - delay(1): Delayed 1 second(s)

2024-11-07 17:53:03 - [MESSAGE][PASSED] - Delayed 1 second(s)

2024-11-07 17:53:03 - [TEST_STEP][PASSED] - scrollToElement(findTestObject(orPath_Amount + "/input__paymentAmount"), 3): Scroll to object 'Object Repository/RAD_Pages/PaymentAmount_Page/input__paymentAmount' successfully

2024-11-07 17:53:03 - [MESSAGE][PASSED] - Scroll to object 'Object Repository/RAD_Pages/PaymentAmount_Page/input__paymentAmount' successfully

2024-11-07 17:53:03 - [TEST_STEP][PASSED] - setText(findTestObject(orPath_AddressContact + "/input_eMailAddress"), "imtiazster@gmail.com"): Text 'imtiazster@gmail.com' is set on object 'Object Repository/RAD_Pages/AddressAndContactInfo_Page/input_eMailAddress'

2024-11-07 17:53:04 - [MESSAGE][PASSED] - Text 'imtiazster@gmail.com' is set on object 'Object Repository/RAD_Pages/AddressAndContactInfo_Page/input_eMailAddress'

2024-11-07 17:53:04 - [TEST_STEP][PASSED] - setText(findTestObject(orPath_AddressContact + "/input_reEnterEMailAddress"), "iahmed@govolution.com"): Text 'iahmed@govolution.com' is set on object 'Object Repository/RAD_Pages/AddressAndContactInfo_Page/input_reEnterEMailAddress'

2024-11-07 17:53:05 - [MESSAGE][PASSED] - Text 'iahmed@govolution.com' is set on object 'Object Repository/RAD_Pages/AddressAndContactInfo_Page/input_reEnterEMailAddress'

2024-11-07 17:53:05 - [TEST_STEP][PASSED] - delay(2): Delayed 2 second(s)

2024-11-07 17:53:07 - [MESSAGE][PASSED] - Delayed 2 second(s)

2024-11-07 17:53:07 - [TEST_STEP][PASSED] - if (verifyTextPresent("The Email and Re-enter email do not match", true)): null

2024-11-07 17:53:07 - [MESSAGE][PASSED] - Text 'The Email and Re-enter email do not match' is present on page  using regular expression

2024-11-07 17:53:07 - [TEST_STEP][PASSED] - println("Emails Dont match text is present"): null

2024-11-07 17:53:07 - [TEST_STEP][PASSED] - out.println("Pass Record Number: " + row): null

2024-11-07 17:53:07 - [TEST_STEP][PASSED] - resText = "Pass": null

2024-11-07 17:53:07 - [TEST_STEP][PASSED] - pages.WriteExcel.demoKey(resText, datText, resColumn, datCloumn, fileLoc, nameSheet, row): pages.WriteExcel.demoKey is PASSED

2024-11-07 17:53:07 - [MESSAGE][PASSED] - pages.WriteExcel.demoKey is PASSED

2024-11-07 17:53:07 - [TEST_STEP][PASSED] - ExecuteTC = findTestData(dataFile).getValue("Execute", row): null

2024-11-07 17:53:07 - [TEST_STEP][PASSED] - Taxtype = findTestData(dataFile).getValue("TaxType", row): null

2024-11-07 17:53:07 - [TEST_STEP][PASSED] - Paymenttype = findTestData(dataFile).getValue("PaymentType", row): null

2024-11-07 17:53:08 - [TEST_STEP][PASSED] - out.println("Value of Execute is : " + ExecuteTC): null

2024-11-07 17:53:08 - [TEST_STEP][PASSED] - if (ExecuteTC.equalsIgnoreCase("Y")): null

2024-11-07 17:53:08 - [TEST_STEP][PASSED] - out.println("Begin Record Number: " + row): null

2024-11-07 17:53:08 - [TEST_STEP][PASSED] - today = new java.util.Date(): null

2024-11-07 17:53:08 - [TEST_STEP][PASSED] - println(today): null

2024-11-07 17:53:08 - [TEST_STEP][PASSED] - datText = today: null

2024-11-07 17:53:08 - [TEST_STEP][PASSED] - Taxtype = findTestData(dataFile).getValue("TaxType", row): null

2024-11-07 17:53:08 - [TEST_STEP][PASSED] - out.println("Taxtype value is : " + Taxtype): null

2024-11-07 17:53:08 - [TEST_STEP][PASSED] - openBrowser(""): Browser is opened with url: ''

2024-11-07 17:53:08 - [MESSAGE][WARNING] - A browser is already opened. Closing browser and opening a new one

2024-11-07 17:53:09 - [MESSAGE][INFO] - Starting 'Chrome' driver

2024-11-07 17:53:09 - [MESSAGE][INFO] - User set preference: ['acceptInsecureCerts', 'true']

2024-11-07 17:53:09 - [MESSAGE][INFO] - Action delay is set to 0 milliseconds

2024-11-07 17:53:11 - [MESSAGE][PASSED] - Browser is opened with url: ''

2024-11-07 17:53:11 - [TEST_STEP][PASSED] - maximizeWindow(): Current window maximized

2024-11-07 17:53:11 - [MESSAGE][PASSED] - Current window maximized

2024-11-07 17:53:11 - [TEST_STEP][PASSED] - navigateToUrl(RADurl): Navigate to 'https://www.velocitypayment.com/client/rad/index.html' successfully

2024-11-07 17:53:13 - [MESSAGE][PASSED] - Navigate to 'https://www.velocitypayment.com/client/rad/index.html' successfully

2024-11-07 17:53:13 - [TEST_STEP][PASSED] - orPath_Landing = "Object Repository/RAD_Pages/Landing_Page": null

2024-11-07 17:53:13 - [TEST_STEP][PASSED] - orPath_TaxTypeFilingYear = "Object Repository/RAD_Pages/TaxTypeFilingYear_Page": null

2024-11-07 17:53:13 - [TEST_STEP][PASSED] - orPath_TaxPayer = "Object Repository/RAD_Pages/Taxpayer_Page": null

2024-11-07 17:53:13 - [TEST_STEP][PASSED] - orPath_AddressContact = "Object Repository/RAD_Pages/AddressAndContactInfo_Page": null

2024-11-07 17:53:13 - [TEST_STEP][PASSED] - orPath_FilingStatus = "Object Repository/RAD_Pages/FilingStatus_Page": null

2024-11-07 17:53:13 - [TEST_STEP][PASSED] - orPath_Amount = "Object Repository/RAD_Pages/PaymentAmount_Page": null

2024-11-07 17:53:13 - [TEST_STEP][PASSED] - selectOptionByLabel(findTestObject(orPath_Landing + "/dd_TaxType"), Paymenttype, false): All options with label 'Extension Payments' are selected in object 'Object Repository/RAD_Pages/Landing_Page/dd_TaxType' 

2024-11-07 17:53:14 - [MESSAGE][PASSED] - All options with label 'Extension Payments' are selected in object 'Object Repository/RAD_Pages/Landing_Page/dd_TaxType' 

2024-11-07 17:53:14 - [TEST_STEP][PASSED] - delay(1): Delayed 1 second(s)

2024-11-07 17:53:15 - [MESSAGE][PASSED] - Delayed 1 second(s)

2024-11-07 17:53:15 - [TEST_STEP][PASSED] - switch (Paymenttype): null

2024-11-07 17:53:15 - [TEST_STEP][PASSED] - case "Extension Payments":: null

2024-11-07 17:53:15 - [TEST_STEP][PASSED] - selectOptionByLabel(findTestObject(orPath_TaxTypeFilingYear + "/select_PaymentType"), Taxtype, false): All options with label 'Fiduciary Tax' are selected in object 'Object Repository/RAD_Pages/TaxTypeFilingYear_Page/select_PaymentType' 

2024-11-07 17:53:16 - [MESSAGE][PASSED] - All options with label 'Fiduciary Tax' are selected in object 'Object Repository/RAD_Pages/TaxTypeFilingYear_Page/select_PaymentType' 

2024-11-07 17:53:16 - [TEST_STEP][PASSED] - break: null

2024-11-07 17:53:16 - [TEST_STEP][PASSED] - delay(1): Delayed 1 second(s)

2024-11-07 17:53:17 - [MESSAGE][PASSED] - Delayed 1 second(s)

2024-11-07 17:53:17 - [TEST_STEP][PASSED] - scrollToElement(findTestObject(orPath_Amount + "/input__paymentAmount"), 3): Scroll to object 'Object Repository/RAD_Pages/PaymentAmount_Page/input__paymentAmount' successfully

2024-11-07 17:53:17 - [MESSAGE][PASSED] - Scroll to object 'Object Repository/RAD_Pages/PaymentAmount_Page/input__paymentAmount' successfully

2024-11-07 17:53:17 - [TEST_STEP][PASSED] - setText(findTestObject(orPath_AddressContact + "/input_eMailAddress"), "imtiazster@gmail.com"): Text 'imtiazster@gmail.com' is set on object 'Object Repository/RAD_Pages/AddressAndContactInfo_Page/input_eMailAddress'

2024-11-07 17:53:18 - [MESSAGE][PASSED] - Text 'imtiazster@gmail.com' is set on object 'Object Repository/RAD_Pages/AddressAndContactInfo_Page/input_eMailAddress'

2024-11-07 17:53:18 - [TEST_STEP][PASSED] - setText(findTestObject(orPath_AddressContact + "/input_reEnterEMailAddress"), "iahmed@govolution.com"): Text 'iahmed@govolution.com' is set on object 'Object Repository/RAD_Pages/AddressAndContactInfo_Page/input_reEnterEMailAddress'

2024-11-07 17:53:19 - [MESSAGE][PASSED] - Text 'iahmed@govolution.com' is set on object 'Object Repository/RAD_Pages/AddressAndContactInfo_Page/input_reEnterEMailAddress'

2024-11-07 17:53:19 - [TEST_STEP][PASSED] - delay(2): Delayed 2 second(s)

2024-11-07 17:53:21 - [MESSAGE][PASSED] - Delayed 2 second(s)

2024-11-07 17:53:21 - [TEST_STEP][PASSED] - if (verifyTextPresent("The Email and Re-enter email do not match", true)): null

2024-11-07 17:53:21 - [MESSAGE][PASSED] - Text 'The Email and Re-enter email do not match' is present on page  using regular expression

2024-11-07 17:53:21 - [TEST_STEP][PASSED] - println("Emails Dont match text is present"): null

2024-11-07 17:53:21 - [TEST_STEP][PASSED] - out.println("Pass Record Number: " + row): null

2024-11-07 17:53:21 - [TEST_STEP][PASSED] - resText = "Pass": null

2024-11-07 17:53:21 - [TEST_STEP][PASSED] - pages.WriteExcel.demoKey(resText, datText, resColumn, datCloumn, fileLoc, nameSheet, row): pages.WriteExcel.demoKey is PASSED

2024-11-07 17:53:21 - [MESSAGE][PASSED] - pages.WriteExcel.demoKey is PASSED

2024-11-07 17:53:21 - [TEST_STEP][PASSED] - ExecuteTC = findTestData(dataFile).getValue("Execute", row): null

2024-11-07 17:53:21 - [TEST_STEP][PASSED] - Taxtype = findTestData(dataFile).getValue("TaxType", row): null

2024-11-07 17:53:21 - [TEST_STEP][PASSED] - Paymenttype = findTestData(dataFile).getValue("PaymentType", row): null

2024-11-07 17:53:21 - [TEST_STEP][PASSED] - out.println("Value of Execute is : " + ExecuteTC): null

2024-11-07 17:53:21 - [TEST_STEP][PASSED] - if (ExecuteTC.equalsIgnoreCase("Y")): null

2024-11-07 17:53:21 - [TEST_STEP][PASSED] - out.println("Begin Record Number: " + row): null

2024-11-07 17:53:21 - [TEST_STEP][PASSED] - today = new java.util.Date(): null

2024-11-07 17:53:21 - [TEST_STEP][PASSED] - println(today): null

2024-11-07 17:53:21 - [TEST_STEP][PASSED] - datText = today: null

2024-11-07 17:53:21 - [TEST_STEP][PASSED] - Taxtype = findTestData(dataFile).getValue("TaxType", row): null

2024-11-07 17:53:22 - [TEST_STEP][PASSED] - out.println("Taxtype value is : " + Taxtype): null

2024-11-07 17:53:22 - [TEST_STEP][PASSED] - openBrowser(""): Browser is opened with url: ''

2024-11-07 17:53:22 - [MESSAGE][WARNING] - A browser is already opened. Closing browser and opening a new one

2024-11-07 17:53:23 - [MESSAGE][INFO] - Starting 'Chrome' driver

2024-11-07 17:53:23 - [MESSAGE][INFO] - User set preference: ['acceptInsecureCerts', 'true']

2024-11-07 17:53:23 - [MESSAGE][INFO] - Action delay is set to 0 milliseconds

2024-11-07 17:53:25 - [MESSAGE][PASSED] - Browser is opened with url: ''

2024-11-07 17:53:25 - [TEST_STEP][PASSED] - maximizeWindow(): Current window maximized

2024-11-07 17:53:25 - [MESSAGE][PASSED] - Current window maximized

2024-11-07 17:53:25 - [TEST_STEP][PASSED] - navigateToUrl(RADurl): Navigate to 'https://www.velocitypayment.com/client/rad/index.html' successfully

2024-11-07 17:53:27 - [MESSAGE][PASSED] - Navigate to 'https://www.velocitypayment.com/client/rad/index.html' successfully

2024-11-07 17:53:27 - [TEST_STEP][PASSED] - orPath_Landing = "Object Repository/RAD_Pages/Landing_Page": null

2024-11-07 17:53:27 - [TEST_STEP][PASSED] - orPath_TaxTypeFilingYear = "Object Repository/RAD_Pages/TaxTypeFilingYear_Page": null

2024-11-07 17:53:27 - [TEST_STEP][PASSED] - orPath_TaxPayer = "Object Repository/RAD_Pages/Taxpayer_Page": null

2024-11-07 17:53:27 - [TEST_STEP][PASSED] - orPath_AddressContact = "Object Repository/RAD_Pages/AddressAndContactInfo_Page": null

2024-11-07 17:53:27 - [TEST_STEP][PASSED] - orPath_FilingStatus = "Object Repository/RAD_Pages/FilingStatus_Page": null

2024-11-07 17:53:27 - [TEST_STEP][PASSED] - orPath_Amount = "Object Repository/RAD_Pages/PaymentAmount_Page": null

2024-11-07 17:53:27 - [TEST_STEP][PASSED] - selectOptionByLabel(findTestObject(orPath_Landing + "/dd_TaxType"), Paymenttype, false): All options with label 'Extension Payments' are selected in object 'Object Repository/RAD_Pages/Landing_Page/dd_TaxType' 

2024-11-07 17:53:28 - [MESSAGE][PASSED] - All options with label 'Extension Payments' are selected in object 'Object Repository/RAD_Pages/Landing_Page/dd_TaxType' 

2024-11-07 17:53:28 - [TEST_STEP][PASSED] - delay(1): Delayed 1 second(s)

2024-11-07 17:53:29 - [MESSAGE][PASSED] - Delayed 1 second(s)

2024-11-07 17:53:29 - [TEST_STEP][PASSED] - switch (Paymenttype): null

2024-11-07 17:53:29 - [TEST_STEP][PASSED] - case "Extension Payments":: null

2024-11-07 17:53:29 - [TEST_STEP][PASSED] - selectOptionByLabel(findTestObject(orPath_TaxTypeFilingYear + "/select_PaymentType"), Taxtype, false): All options with label 'PTE Non-Electing Non-S Corp' are selected in object 'Object Repository/RAD_Pages/TaxTypeFilingYear_Page/select_PaymentType' 

2024-11-07 17:53:30 - [MESSAGE][PASSED] - All options with label 'PTE Non-Electing Non-S Corp' are selected in object 'Object Repository/RAD_Pages/TaxTypeFilingYear_Page/select_PaymentType' 

2024-11-07 17:53:30 - [TEST_STEP][PASSED] - break: null

2024-11-07 17:53:30 - [TEST_STEP][PASSED] - delay(1): Delayed 1 second(s)

2024-11-07 17:53:31 - [MESSAGE][PASSED] - Delayed 1 second(s)

2024-11-07 17:53:31 - [TEST_STEP][PASSED] - scrollToElement(findTestObject(orPath_Amount + "/input__paymentAmount"), 3): Scroll to object 'Object Repository/RAD_Pages/PaymentAmount_Page/input__paymentAmount' successfully

2024-11-07 17:53:31 - [MESSAGE][PASSED] - Scroll to object 'Object Repository/RAD_Pages/PaymentAmount_Page/input__paymentAmount' successfully

2024-11-07 17:53:31 - [TEST_STEP][PASSED] - setText(findTestObject(orPath_AddressContact + "/input_eMailAddress"), "imtiazster@gmail.com"): Text 'imtiazster@gmail.com' is set on object 'Object Repository/RAD_Pages/AddressAndContactInfo_Page/input_eMailAddress'

2024-11-07 17:53:32 - [MESSAGE][PASSED] - Text 'imtiazster@gmail.com' is set on object 'Object Repository/RAD_Pages/AddressAndContactInfo_Page/input_eMailAddress'

2024-11-07 17:53:32 - [TEST_STEP][PASSED] - setText(findTestObject(orPath_AddressContact + "/input_reEnterEMailAddress"), "iahmed@govolution.com"): Text 'iahmed@govolution.com' is set on object 'Object Repository/RAD_Pages/AddressAndContactInfo_Page/input_reEnterEMailAddress'

2024-11-07 17:53:33 - [MESSAGE][PASSED] - Text 'iahmed@govolution.com' is set on object 'Object Repository/RAD_Pages/AddressAndContactInfo_Page/input_reEnterEMailAddress'

2024-11-07 17:53:33 - [TEST_STEP][PASSED] - delay(2): Delayed 2 second(s)

2024-11-07 17:53:35 - [MESSAGE][PASSED] - Delayed 2 second(s)

2024-11-07 17:53:35 - [TEST_STEP][PASSED] - if (verifyTextPresent("The Email and Re-enter email do not match", true)): null

2024-11-07 17:53:35 - [MESSAGE][PASSED] - Text 'The Email and Re-enter email do not match' is present on page  using regular expression

2024-11-07 17:53:35 - [TEST_STEP][PASSED] - println("Emails Dont match text is present"): null

2024-11-07 17:53:35 - [TEST_STEP][PASSED] - out.println("Pass Record Number: " + row): null

2024-11-07 17:53:35 - [TEST_STEP][PASSED] - resText = "Pass": null

2024-11-07 17:53:35 - [TEST_STEP][PASSED] - pages.WriteExcel.demoKey(resText, datText, resColumn, datCloumn, fileLoc, nameSheet, row): pages.WriteExcel.demoKey is PASSED

2024-11-07 17:53:35 - [MESSAGE][PASSED] - pages.WriteExcel.demoKey is PASSED

2024-11-07 17:53:35 - [TEST_STEP][PASSED] - ExecuteTC = findTestData(dataFile).getValue("Execute", row): null

2024-11-07 17:53:35 - [TEST_STEP][PASSED] - Taxtype = findTestData(dataFile).getValue("TaxType", row): null

2024-11-07 17:53:35 - [TEST_STEP][PASSED] - Paymenttype = findTestData(dataFile).getValue("PaymentType", row): null

2024-11-07 17:53:36 - [TEST_STEP][PASSED] - out.println("Value of Execute is : " + ExecuteTC): null

2024-11-07 17:53:36 - [TEST_STEP][PASSED] - if (ExecuteTC.equalsIgnoreCase("Y")): null

2024-11-07 17:53:36 - [TEST_STEP][PASSED] - out.println("Begin Record Number: " + row): null

2024-11-07 17:53:36 - [TEST_STEP][PASSED] - today = new java.util.Date(): null

2024-11-07 17:53:36 - [TEST_STEP][PASSED] - println(today): null

2024-11-07 17:53:36 - [TEST_STEP][PASSED] - datText = today: null

2024-11-07 17:53:36 - [TEST_STEP][PASSED] - Taxtype = findTestData(dataFile).getValue("TaxType", row): null

2024-11-07 17:53:36 - [TEST_STEP][PASSED] - out.println("Taxtype value is : " + Taxtype): null

2024-11-07 17:53:36 - [TEST_STEP][PASSED] - openBrowser(""): Browser is opened with url: ''

2024-11-07 17:53:36 - [MESSAGE][WARNING] - A browser is already opened. Closing browser and opening a new one

2024-11-07 17:53:37 - [MESSAGE][INFO] - Starting 'Chrome' driver

2024-11-07 17:53:37 - [MESSAGE][INFO] - User set preference: ['acceptInsecureCerts', 'true']

2024-11-07 17:53:37 - [MESSAGE][INFO] - Action delay is set to 0 milliseconds

2024-11-07 17:53:39 - [MESSAGE][PASSED] - Browser is opened with url: ''

2024-11-07 17:53:39 - [TEST_STEP][PASSED] - maximizeWindow(): Current window maximized

2024-11-07 17:53:39 - [MESSAGE][PASSED] - Current window maximized

2024-11-07 17:53:39 - [TEST_STEP][PASSED] - navigateToUrl(RADurl): Navigate to 'https://www.velocitypayment.com/client/rad/index.html' successfully

2024-11-07 17:53:41 - [MESSAGE][PASSED] - Navigate to 'https://www.velocitypayment.com/client/rad/index.html' successfully

2024-11-07 17:53:41 - [TEST_STEP][PASSED] - orPath_Landing = "Object Repository/RAD_Pages/Landing_Page": null

2024-11-07 17:53:41 - [TEST_STEP][PASSED] - orPath_TaxTypeFilingYear = "Object Repository/RAD_Pages/TaxTypeFilingYear_Page": null

2024-11-07 17:53:41 - [TEST_STEP][PASSED] - orPath_TaxPayer = "Object Repository/RAD_Pages/Taxpayer_Page": null

2024-11-07 17:53:41 - [TEST_STEP][PASSED] - orPath_AddressContact = "Object Repository/RAD_Pages/AddressAndContactInfo_Page": null

2024-11-07 17:53:41 - [TEST_STEP][PASSED] - orPath_FilingStatus = "Object Repository/RAD_Pages/FilingStatus_Page": null

2024-11-07 17:53:41 - [TEST_STEP][PASSED] - orPath_Amount = "Object Repository/RAD_Pages/PaymentAmount_Page": null

2024-11-07 17:53:41 - [TEST_STEP][PASSED] - selectOptionByLabel(findTestObject(orPath_Landing + "/dd_TaxType"), Paymenttype, false): All options with label 'Extension Payments' are selected in object 'Object Repository/RAD_Pages/Landing_Page/dd_TaxType' 

2024-11-07 17:53:42 - [MESSAGE][PASSED] - All options with label 'Extension Payments' are selected in object 'Object Repository/RAD_Pages/Landing_Page/dd_TaxType' 

2024-11-07 17:53:42 - [TEST_STEP][PASSED] - delay(1): Delayed 1 second(s)

2024-11-07 17:53:43 - [MESSAGE][PASSED] - Delayed 1 second(s)

2024-11-07 17:53:43 - [TEST_STEP][PASSED] - switch (Paymenttype): null

2024-11-07 17:53:43 - [TEST_STEP][PASSED] - case "Extension Payments":: null

2024-11-07 17:53:43 - [TEST_STEP][PASSED] - selectOptionByLabel(findTestObject(orPath_TaxTypeFilingYear + "/select_PaymentType"), Taxtype, false): All options with label 'PTE Non-Electing S Corp' are selected in object 'Object Repository/RAD_Pages/TaxTypeFilingYear_Page/select_PaymentType' 

2024-11-07 17:53:43 - [MESSAGE][PASSED] - All options with label 'PTE Non-Electing S Corp' are selected in object 'Object Repository/RAD_Pages/TaxTypeFilingYear_Page/select_PaymentType' 

2024-11-07 17:53:43 - [TEST_STEP][PASSED] - break: null

2024-11-07 17:53:43 - [TEST_STEP][PASSED] - delay(1): Delayed 1 second(s)

2024-11-07 17:53:44 - [MESSAGE][PASSED] - Delayed 1 second(s)

2024-11-07 17:53:44 - [TEST_STEP][PASSED] - scrollToElement(findTestObject(orPath_Amount + "/input__paymentAmount"), 3): Scroll to object 'Object Repository/RAD_Pages/PaymentAmount_Page/input__paymentAmount' successfully

2024-11-07 17:53:45 - [MESSAGE][PASSED] - Scroll to object 'Object Repository/RAD_Pages/PaymentAmount_Page/input__paymentAmount' successfully

2024-11-07 17:53:45 - [TEST_STEP][PASSED] - setText(findTestObject(orPath_AddressContact + "/input_eMailAddress"), "imtiazster@gmail.com"): Text 'imtiazster@gmail.com' is set on object 'Object Repository/RAD_Pages/AddressAndContactInfo_Page/input_eMailAddress'

2024-11-07 17:53:46 - [MESSAGE][PASSED] - Text 'imtiazster@gmail.com' is set on object 'Object Repository/RAD_Pages/AddressAndContactInfo_Page/input_eMailAddress'

2024-11-07 17:53:46 - [TEST_STEP][PASSED] - setText(findTestObject(orPath_AddressContact + "/input_reEnterEMailAddress"), "iahmed@govolution.com"): Text 'iahmed@govolution.com' is set on object 'Object Repository/RAD_Pages/AddressAndContactInfo_Page/input_reEnterEMailAddress'

2024-11-07 17:53:47 - [MESSAGE][PASSED] - Text 'iahmed@govolution.com' is set on object 'Object Repository/RAD_Pages/AddressAndContactInfo_Page/input_reEnterEMailAddress'

2024-11-07 17:53:47 - [TEST_STEP][PASSED] - delay(2): Delayed 2 second(s)

2024-11-07 17:53:49 - [MESSAGE][PASSED] - Delayed 2 second(s)

2024-11-07 17:53:49 - [TEST_STEP][PASSED] - if (verifyTextPresent("The Email and Re-enter email do not match", true)): null

2024-11-07 17:53:49 - [MESSAGE][PASSED] - Text 'The Email and Re-enter email do not match' is present on page  using regular expression

2024-11-07 17:53:49 - [TEST_STEP][PASSED] - println("Emails Dont match text is present"): null

2024-11-07 17:53:49 - [TEST_STEP][PASSED] - out.println("Pass Record Number: " + row): null

2024-11-07 17:53:49 - [TEST_STEP][PASSED] - resText = "Pass": null

2024-11-07 17:53:49 - [TEST_STEP][PASSED] - pages.WriteExcel.demoKey(resText, datText, resColumn, datCloumn, fileLoc, nameSheet, row): pages.WriteExcel.demoKey is PASSED

2024-11-07 17:53:49 - [MESSAGE][PASSED] - pages.WriteExcel.demoKey is PASSED

2024-11-07 17:53:49 - [TEST_STEP][PASSED] - ExecuteTC = findTestData(dataFile).getValue("Execute", row): null

2024-11-07 17:53:49 - [TEST_STEP][PASSED] - Taxtype = findTestData(dataFile).getValue("TaxType", row): null

2024-11-07 17:53:49 - [TEST_STEP][PASSED] - Paymenttype = findTestData(dataFile).getValue("PaymentType", row): null

2024-11-07 17:53:49 - [TEST_STEP][PASSED] - out.println("Value of Execute is : " + ExecuteTC): null

2024-11-07 17:53:49 - [TEST_STEP][PASSED] - if (ExecuteTC.equalsIgnoreCase("Y")): null

2024-11-07 17:53:49 - [TEST_STEP][PASSED] - out.println("Begin Record Number: " + row): null

2024-11-07 17:53:49 - [TEST_STEP][PASSED] - today = new java.util.Date(): null

2024-11-07 17:53:49 - [TEST_STEP][PASSED] - println(today): null

2024-11-07 17:53:49 - [TEST_STEP][PASSED] - datText = today: null

2024-11-07 17:53:49 - [TEST_STEP][PASSED] - Taxtype = findTestData(dataFile).getValue("TaxType", row): null

2024-11-07 17:53:49 - [TEST_STEP][PASSED] - out.println("Taxtype value is : " + Taxtype): null

2024-11-07 17:53:49 - [TEST_STEP][PASSED] - openBrowser(""): Browser is opened with url: ''

2024-11-07 17:53:49 - [MESSAGE][WARNING] - A browser is already opened. Closing browser and opening a new one

2024-11-07 17:53:51 - [MESSAGE][INFO] - Starting 'Chrome' driver

2024-11-07 17:53:51 - [MESSAGE][INFO] - User set preference: ['acceptInsecureCerts', 'true']

2024-11-07 17:53:51 - [MESSAGE][INFO] - Action delay is set to 0 milliseconds

2024-11-07 17:53:53 - [MESSAGE][PASSED] - Browser is opened with url: ''

2024-11-07 17:53:53 - [TEST_STEP][PASSED] - maximizeWindow(): Current window maximized

2024-11-07 17:53:53 - [MESSAGE][PASSED] - Current window maximized

2024-11-07 17:53:53 - [TEST_STEP][PASSED] - navigateToUrl(RADurl): Navigate to 'https://www.velocitypayment.com/client/rad/index.html' successfully

2024-11-07 17:53:56 - [MESSAGE][PASSED] - Navigate to 'https://www.velocitypayment.com/client/rad/index.html' successfully

2024-11-07 17:53:56 - [TEST_STEP][PASSED] - orPath_Landing = "Object Repository/RAD_Pages/Landing_Page": null

2024-11-07 17:53:56 - [TEST_STEP][PASSED] - orPath_TaxTypeFilingYear = "Object Repository/RAD_Pages/TaxTypeFilingYear_Page": null

2024-11-07 17:53:56 - [TEST_STEP][PASSED] - orPath_TaxPayer = "Object Repository/RAD_Pages/Taxpayer_Page": null

2024-11-07 17:53:56 - [TEST_STEP][PASSED] - orPath_AddressContact = "Object Repository/RAD_Pages/AddressAndContactInfo_Page": null

2024-11-07 17:53:56 - [TEST_STEP][PASSED] - orPath_FilingStatus = "Object Repository/RAD_Pages/FilingStatus_Page": null

2024-11-07 17:53:56 - [TEST_STEP][PASSED] - orPath_Amount = "Object Repository/RAD_Pages/PaymentAmount_Page": null

2024-11-07 17:53:56 - [TEST_STEP][PASSED] - selectOptionByLabel(findTestObject(orPath_Landing + "/dd_TaxType"), Paymenttype, false): All options with label 'Extension Payments' are selected in object 'Object Repository/RAD_Pages/Landing_Page/dd_TaxType' 

2024-11-07 17:53:56 - [MESSAGE][PASSED] - All options with label 'Extension Payments' are selected in object 'Object Repository/RAD_Pages/Landing_Page/dd_TaxType' 

2024-11-07 17:53:56 - [TEST_STEP][PASSED] - delay(1): Delayed 1 second(s)

2024-11-07 17:53:57 - [MESSAGE][PASSED] - Delayed 1 second(s)

2024-11-07 17:53:57 - [TEST_STEP][PASSED] - switch (Paymenttype): null

2024-11-07 17:53:57 - [TEST_STEP][PASSED] - case "Extension Payments":: null

2024-11-07 17:53:57 - [TEST_STEP][PASSED] - selectOptionByLabel(findTestObject(orPath_TaxTypeFilingYear + "/select_PaymentType"), Taxtype, false): All options with label 'PTE Tax Electing Non-S Corp' are selected in object 'Object Repository/RAD_Pages/TaxTypeFilingYear_Page/select_PaymentType' 

2024-11-07 17:53:58 - [MESSAGE][PASSED] - All options with label 'PTE Tax Electing Non-S Corp' are selected in object 'Object Repository/RAD_Pages/TaxTypeFilingYear_Page/select_PaymentType' 

2024-11-07 17:53:58 - [TEST_STEP][PASSED] - break: null

2024-11-07 17:53:58 - [TEST_STEP][PASSED] - delay(1): Delayed 1 second(s)

2024-11-07 17:53:59 - [MESSAGE][PASSED] - Delayed 1 second(s)

2024-11-07 17:53:59 - [TEST_STEP][PASSED] - scrollToElement(findTestObject(orPath_Amount + "/input__paymentAmount"), 3): Scroll to object 'Object Repository/RAD_Pages/PaymentAmount_Page/input__paymentAmount' successfully

2024-11-07 17:53:59 - [MESSAGE][PASSED] - Scroll to object 'Object Repository/RAD_Pages/PaymentAmount_Page/input__paymentAmount' successfully

2024-11-07 17:53:59 - [TEST_STEP][PASSED] - setText(findTestObject(orPath_AddressContact + "/input_eMailAddress"), "imtiazster@gmail.com"): Text 'imtiazster@gmail.com' is set on object 'Object Repository/RAD_Pages/AddressAndContactInfo_Page/input_eMailAddress'

2024-11-07 17:54:00 - [MESSAGE][PASSED] - Text 'imtiazster@gmail.com' is set on object 'Object Repository/RAD_Pages/AddressAndContactInfo_Page/input_eMailAddress'

2024-11-07 17:54:00 - [TEST_STEP][PASSED] - setText(findTestObject(orPath_AddressContact + "/input_reEnterEMailAddress"), "iahmed@govolution.com"): Text 'iahmed@govolution.com' is set on object 'Object Repository/RAD_Pages/AddressAndContactInfo_Page/input_reEnterEMailAddress'

2024-11-07 17:54:01 - [MESSAGE][PASSED] - Text 'iahmed@govolution.com' is set on object 'Object Repository/RAD_Pages/AddressAndContactInfo_Page/input_reEnterEMailAddress'

2024-11-07 17:54:01 - [TEST_STEP][PASSED] - delay(2): Delayed 2 second(s)

2024-11-07 17:54:03 - [MESSAGE][PASSED] - Delayed 2 second(s)

2024-11-07 17:54:03 - [TEST_STEP][PASSED] - if (verifyTextPresent("The Email and Re-enter email do not match", true)): null

2024-11-07 17:54:04 - [MESSAGE][PASSED] - Text 'The Email and Re-enter email do not match' is present on page  using regular expression

2024-11-07 17:54:04 - [TEST_STEP][PASSED] - println("Emails Dont match text is present"): null

2024-11-07 17:54:04 - [TEST_STEP][PASSED] - out.println("Pass Record Number: " + row): null

2024-11-07 17:54:04 - [TEST_STEP][PASSED] - resText = "Pass": null

2024-11-07 17:54:04 - [TEST_STEP][PASSED] - pages.WriteExcel.demoKey(resText, datText, resColumn, datCloumn, fileLoc, nameSheet, row): pages.WriteExcel.demoKey is PASSED

2024-11-07 17:54:04 - [MESSAGE][PASSED] - pages.WriteExcel.demoKey is PASSED

2024-11-07 17:54:04 - [TEST_STEP][PASSED] - ExecuteTC = findTestData(dataFile).getValue("Execute", row): null

2024-11-07 17:54:04 - [TEST_STEP][PASSED] - Taxtype = findTestData(dataFile).getValue("TaxType", row): null

2024-11-07 17:54:04 - [TEST_STEP][PASSED] - Paymenttype = findTestData(dataFile).getValue("PaymentType", row): null

2024-11-07 17:54:04 - [TEST_STEP][PASSED] - out.println("Value of Execute is : " + ExecuteTC): null

2024-11-07 17:54:04 - [TEST_STEP][PASSED] - if (ExecuteTC.equalsIgnoreCase("Y")): null

2024-11-07 17:54:04 - [TEST_STEP][PASSED] - out.println("Begin Record Number: " + row): null

2024-11-07 17:54:04 - [TEST_STEP][PASSED] - today = new java.util.Date(): null

2024-11-07 17:54:04 - [TEST_STEP][PASSED] - println(today): null

2024-11-07 17:54:04 - [TEST_STEP][PASSED] - datText = today: null

2024-11-07 17:54:04 - [TEST_STEP][PASSED] - Taxtype = findTestData(dataFile).getValue("TaxType", row): null

2024-11-07 17:54:04 - [TEST_STEP][PASSED] - out.println("Taxtype value is : " + Taxtype): null

2024-11-07 17:54:04 - [TEST_STEP][PASSED] - openBrowser(""): Browser is opened with url: ''

2024-11-07 17:54:04 - [MESSAGE][WARNING] - A browser is already opened. Closing browser and opening a new one

2024-11-07 17:54:07 - [MESSAGE][INFO] - Starting 'Chrome' driver

2024-11-07 17:54:07 - [MESSAGE][INFO] - User set preference: ['acceptInsecureCerts', 'true']

2024-11-07 17:54:07 - [MESSAGE][INFO] - Action delay is set to 0 milliseconds

2024-11-07 17:54:09 - [MESSAGE][PASSED] - Browser is opened with url: ''

2024-11-07 17:54:09 - [TEST_STEP][PASSED] - maximizeWindow(): Current window maximized

2024-11-07 17:54:09 - [MESSAGE][PASSED] - Current window maximized

2024-11-07 17:54:09 - [TEST_STEP][PASSED] - navigateToUrl(RADurl): Navigate to 'https://www.velocitypayment.com/client/rad/index.html' successfully

2024-11-07 17:54:10 - [MESSAGE][PASSED] - Navigate to 'https://www.velocitypayment.com/client/rad/index.html' successfully

2024-11-07 17:54:10 - [TEST_STEP][PASSED] - orPath_Landing = "Object Repository/RAD_Pages/Landing_Page": null

2024-11-07 17:54:10 - [TEST_STEP][PASSED] - orPath_TaxTypeFilingYear = "Object Repository/RAD_Pages/TaxTypeFilingYear_Page": null

2024-11-07 17:54:10 - [TEST_STEP][PASSED] - orPath_TaxPayer = "Object Repository/RAD_Pages/Taxpayer_Page": null

2024-11-07 17:54:10 - [TEST_STEP][PASSED] - orPath_AddressContact = "Object Repository/RAD_Pages/AddressAndContactInfo_Page": null

2024-11-07 17:54:10 - [TEST_STEP][PASSED] - orPath_FilingStatus = "Object Repository/RAD_Pages/FilingStatus_Page": null

2024-11-07 17:54:10 - [TEST_STEP][PASSED] - orPath_Amount = "Object Repository/RAD_Pages/PaymentAmount_Page": null

2024-11-07 17:54:10 - [TEST_STEP][PASSED] - selectOptionByLabel(findTestObject(orPath_Landing + "/dd_TaxType"), Paymenttype, false): All options with label 'Extension Payments' are selected in object 'Object Repository/RAD_Pages/Landing_Page/dd_TaxType' 

2024-11-07 17:54:13 - [MESSAGE][PASSED] - All options with label 'Extension Payments' are selected in object 'Object Repository/RAD_Pages/Landing_Page/dd_TaxType' 

2024-11-07 17:54:13 - [TEST_STEP][PASSED] - delay(1): Delayed 1 second(s)

2024-11-07 17:54:14 - [MESSAGE][PASSED] - Delayed 1 second(s)

2024-11-07 17:54:14 - [TEST_STEP][PASSED] - switch (Paymenttype): null

2024-11-07 17:54:14 - [TEST_STEP][PASSED] - case "Extension Payments":: null

2024-11-07 17:54:14 - [TEST_STEP][PASSED] - selectOptionByLabel(findTestObject(orPath_TaxTypeFilingYear + "/select_PaymentType"), Taxtype, false): All options with label 'PTE Tax Electing S Corp' are selected in object 'Object Repository/RAD_Pages/TaxTypeFilingYear_Page/select_PaymentType' 

2024-11-07 17:54:14 - [MESSAGE][PASSED] - All options with label 'PTE Tax Electing S Corp' are selected in object 'Object Repository/RAD_Pages/TaxTypeFilingYear_Page/select_PaymentType' 

2024-11-07 17:54:14 - [TEST_STEP][PASSED] - break: null

2024-11-07 17:54:14 - [TEST_STEP][PASSED] - delay(1): Delayed 1 second(s)

2024-11-07 17:54:15 - [MESSAGE][PASSED] - Delayed 1 second(s)

2024-11-07 17:54:15 - [TEST_STEP][PASSED] - scrollToElement(findTestObject(orPath_Amount + "/input__paymentAmount"), 3): Scroll to object 'Object Repository/RAD_Pages/PaymentAmount_Page/input__paymentAmount' successfully

2024-11-07 17:54:16 - [MESSAGE][PASSED] - Scroll to object 'Object Repository/RAD_Pages/PaymentAmount_Page/input__paymentAmount' successfully

2024-11-07 17:54:16 - [TEST_STEP][PASSED] - setText(findTestObject(orPath_AddressContact + "/input_eMailAddress"), "imtiazster@gmail.com"): Text 'imtiazster@gmail.com' is set on object 'Object Repository/RAD_Pages/AddressAndContactInfo_Page/input_eMailAddress'

2024-11-07 17:54:17 - [MESSAGE][PASSED] - Text 'imtiazster@gmail.com' is set on object 'Object Repository/RAD_Pages/AddressAndContactInfo_Page/input_eMailAddress'

2024-11-07 17:54:17 - [TEST_STEP][PASSED] - setText(findTestObject(orPath_AddressContact + "/input_reEnterEMailAddress"), "iahmed@govolution.com"): Text 'iahmed@govolution.com' is set on object 'Object Repository/RAD_Pages/AddressAndContactInfo_Page/input_reEnterEMailAddress'

2024-11-07 17:54:18 - [MESSAGE][PASSED] - Text 'iahmed@govolution.com' is set on object 'Object Repository/RAD_Pages/AddressAndContactInfo_Page/input_reEnterEMailAddress'

2024-11-07 17:54:18 - [TEST_STEP][PASSED] - delay(2): Delayed 2 second(s)

2024-11-07 17:54:20 - [MESSAGE][PASSED] - Delayed 2 second(s)

2024-11-07 17:54:20 - [TEST_STEP][PASSED] - if (verifyTextPresent("The Email and Re-enter email do not match", true)): null

2024-11-07 17:54:20 - [MESSAGE][PASSED] - Text 'The Email and Re-enter email do not match' is present on page  using regular expression

2024-11-07 17:54:20 - [TEST_STEP][PASSED] - println("Emails Dont match text is present"): null

2024-11-07 17:54:20 - [TEST_STEP][PASSED] - out.println("Pass Record Number: " + row): null

2024-11-07 17:54:20 - [TEST_STEP][PASSED] - resText = "Pass": null

2024-11-07 17:54:20 - [TEST_STEP][PASSED] - pages.WriteExcel.demoKey(resText, datText, resColumn, datCloumn, fileLoc, nameSheet, row): pages.WriteExcel.demoKey is PASSED

2024-11-07 17:54:20 - [MESSAGE][PASSED] - pages.WriteExcel.demoKey is PASSED

2024-11-07 17:54:20 - [TEST_STEP][PASSED] - ExecuteTC = findTestData(dataFile).getValue("Execute", row): null

2024-11-07 17:54:21 - [TEST_STEP][PASSED] - Taxtype = findTestData(dataFile).getValue("TaxType", row): null

2024-11-07 17:54:21 - [TEST_STEP][PASSED] - Paymenttype = findTestData(dataFile).getValue("PaymentType", row): null

2024-11-07 17:54:21 - [TEST_STEP][PASSED] - out.println("Value of Execute is : " + ExecuteTC): null

2024-11-07 17:54:21 - [TEST_STEP][PASSED] - if (ExecuteTC.equalsIgnoreCase("Y")): null

2024-11-07 17:54:21 - [TEST_STEP][PASSED] - out.println("Begin Record Number: " + row): null

2024-11-07 17:54:21 - [TEST_STEP][PASSED] - today = new java.util.Date(): null

2024-11-07 17:54:21 - [TEST_STEP][PASSED] - println(today): null

2024-11-07 17:54:21 - [TEST_STEP][PASSED] - datText = today: null

2024-11-07 17:54:21 - [TEST_STEP][PASSED] - Taxtype = findTestData(dataFile).getValue("TaxType", row): null

2024-11-07 17:54:21 - [TEST_STEP][PASSED] - out.println("Taxtype value is : " + Taxtype): null

2024-11-07 17:54:21 - [TEST_STEP][PASSED] - openBrowser(""): Browser is opened with url: ''

2024-11-07 17:54:21 - [MESSAGE][WARNING] - A browser is already opened. Closing browser and opening a new one

2024-11-07 17:54:23 - [MESSAGE][INFO] - Starting 'Chrome' driver

2024-11-07 17:54:23 - [MESSAGE][INFO] - User set preference: ['acceptInsecureCerts', 'true']

2024-11-07 17:54:23 - [MESSAGE][INFO] - Action delay is set to 0 milliseconds

2024-11-07 17:54:25 - [MESSAGE][PASSED] - Browser is opened with url: ''

2024-11-07 17:54:25 - [TEST_STEP][PASSED] - maximizeWindow(): Current window maximized

2024-11-07 17:54:25 - [MESSAGE][PASSED] - Current window maximized

2024-11-07 17:54:25 - [TEST_STEP][PASSED] - navigateToUrl(RADurl): Navigate to 'https://www.velocitypayment.com/client/rad/index.html' successfully

2024-11-07 17:54:27 - [MESSAGE][PASSED] - Navigate to 'https://www.velocitypayment.com/client/rad/index.html' successfully

2024-11-07 17:54:27 - [TEST_STEP][PASSED] - orPath_Landing = "Object Repository/RAD_Pages/Landing_Page": null

2024-11-07 17:54:27 - [TEST_STEP][PASSED] - orPath_TaxTypeFilingYear = "Object Repository/RAD_Pages/TaxTypeFilingYear_Page": null

2024-11-07 17:54:27 - [TEST_STEP][PASSED] - orPath_TaxPayer = "Object Repository/RAD_Pages/Taxpayer_Page": null

2024-11-07 17:54:27 - [TEST_STEP][PASSED] - orPath_AddressContact = "Object Repository/RAD_Pages/AddressAndContactInfo_Page": null

2024-11-07 17:54:27 - [TEST_STEP][PASSED] - orPath_FilingStatus = "Object Repository/RAD_Pages/FilingStatus_Page": null

2024-11-07 17:54:27 - [TEST_STEP][PASSED] - orPath_Amount = "Object Repository/RAD_Pages/PaymentAmount_Page": null

2024-11-07 17:54:27 - [TEST_STEP][PASSED] - selectOptionByLabel(findTestObject(orPath_Landing + "/dd_TaxType"), Paymenttype, false): All options with label 'Extension Payments' are selected in object 'Object Repository/RAD_Pages/Landing_Page/dd_TaxType' 

2024-11-07 17:54:27 - [MESSAGE][PASSED] - All options with label 'Extension Payments' are selected in object 'Object Repository/RAD_Pages/Landing_Page/dd_TaxType' 

2024-11-07 17:54:27 - [TEST_STEP][PASSED] - delay(1): Delayed 1 second(s)

2024-11-07 17:54:28 - [MESSAGE][PASSED] - Delayed 1 second(s)

2024-11-07 17:54:28 - [TEST_STEP][PASSED] - switch (Paymenttype): null

2024-11-07 17:54:28 - [TEST_STEP][PASSED] - case "Extension Payments":: null

2024-11-07 17:54:28 - [TEST_STEP][PASSED] - selectOptionByLabel(findTestObject(orPath_TaxTypeFilingYear + "/select_PaymentType"), Taxtype, false): All options with label 'Personal Income Tax' are selected in object 'Object Repository/RAD_Pages/TaxTypeFilingYear_Page/select_PaymentType' 

2024-11-07 17:54:29 - [MESSAGE][PASSED] - All options with label 'Personal Income Tax' are selected in object 'Object Repository/RAD_Pages/TaxTypeFilingYear_Page/select_PaymentType' 

2024-11-07 17:54:29 - [TEST_STEP][PASSED] - break: null

2024-11-07 17:54:29 - [TEST_STEP][PASSED] - delay(1): Delayed 1 second(s)

2024-11-07 17:54:30 - [MESSAGE][PASSED] - Delayed 1 second(s)

2024-11-07 17:54:30 - [TEST_STEP][PASSED] - scrollToElement(findTestObject(orPath_Amount + "/input__paymentAmount"), 3): Scroll to object 'Object Repository/RAD_Pages/PaymentAmount_Page/input__paymentAmount' successfully

2024-11-07 17:54:31 - [MESSAGE][PASSED] - Scroll to object 'Object Repository/RAD_Pages/PaymentAmount_Page/input__paymentAmount' successfully

2024-11-07 17:54:31 - [TEST_STEP][PASSED] - setText(findTestObject(orPath_AddressContact + "/input_eMailAddress"), "imtiazster@gmail.com"): Text 'imtiazster@gmail.com' is set on object 'Object Repository/RAD_Pages/AddressAndContactInfo_Page/input_eMailAddress'

2024-11-07 17:54:32 - [MESSAGE][PASSED] - Text 'imtiazster@gmail.com' is set on object 'Object Repository/RAD_Pages/AddressAndContactInfo_Page/input_eMailAddress'

2024-11-07 17:54:32 - [TEST_STEP][PASSED] - setText(findTestObject(orPath_AddressContact + "/input_reEnterEMailAddress"), "iahmed@govolution.com"): Text 'iahmed@govolution.com' is set on object 'Object Repository/RAD_Pages/AddressAndContactInfo_Page/input_reEnterEMailAddress'

2024-11-07 17:54:32 - [MESSAGE][PASSED] - Text 'iahmed@govolution.com' is set on object 'Object Repository/RAD_Pages/AddressAndContactInfo_Page/input_reEnterEMailAddress'

2024-11-07 17:54:32 - [TEST_STEP][PASSED] - delay(2): Delayed 2 second(s)

2024-11-07 17:54:34 - [MESSAGE][PASSED] - Delayed 2 second(s)

2024-11-07 17:54:34 - [TEST_STEP][PASSED] - if (verifyTextPresent("The Email and Re-enter email do not match", true)): null

2024-11-07 17:54:35 - [MESSAGE][PASSED] - Text 'The Email and Re-enter email do not match' is present on page  using regular expression

2024-11-07 17:54:35 - [TEST_STEP][PASSED] - println("Emails Dont match text is present"): null

2024-11-07 17:54:35 - [TEST_STEP][PASSED] - out.println("Pass Record Number: " + row): null

2024-11-07 17:54:35 - [TEST_STEP][PASSED] - resText = "Pass": null

2024-11-07 17:54:35 - [TEST_STEP][PASSED] - pages.WriteExcel.demoKey(resText, datText, resColumn, datCloumn, fileLoc, nameSheet, row): pages.WriteExcel.demoKey is PASSED

2024-11-07 17:54:35 - [MESSAGE][PASSED] - pages.WriteExcel.demoKey is PASSED

2024-11-07 17:54:35 - [TEST_STEP][PASSED] - ExecuteTC = findTestData(dataFile).getValue("Execute", row): null

2024-11-07 17:54:35 - [TEST_STEP][PASSED] - Taxtype = findTestData(dataFile).getValue("TaxType", row): null

2024-11-07 17:54:35 - [TEST_STEP][PASSED] - Paymenttype = findTestData(dataFile).getValue("PaymentType", row): null

2024-11-07 17:54:35 - [TEST_STEP][PASSED] - out.println("Value of Execute is : " + ExecuteTC): null

2024-11-07 17:54:35 - [TEST_STEP][PASSED] - if (ExecuteTC.equalsIgnoreCase("Y")): null

2024-11-07 17:54:35 - [TEST_STEP][PASSED] - out.println("Begin Record Number: " + row): null

2024-11-07 17:54:35 - [TEST_STEP][PASSED] - today = new java.util.Date(): null

2024-11-07 17:54:35 - [TEST_STEP][PASSED] - println(today): null

2024-11-07 17:54:35 - [TEST_STEP][PASSED] - datText = today: null

2024-11-07 17:54:35 - [TEST_STEP][PASSED] - Taxtype = findTestData(dataFile).getValue("TaxType", row): null

2024-11-07 17:54:35 - [TEST_STEP][PASSED] - out.println("Taxtype value is : " + Taxtype): null

2024-11-07 17:54:35 - [TEST_STEP][PASSED] - openBrowser(""): Browser is opened with url: ''

2024-11-07 17:54:35 - [MESSAGE][WARNING] - A browser is already opened. Closing browser and opening a new one

2024-11-07 17:54:37 - [MESSAGE][INFO] - Starting 'Chrome' driver

2024-11-07 17:54:37 - [MESSAGE][INFO] - User set preference: ['acceptInsecureCerts', 'true']

2024-11-07 17:54:37 - [MESSAGE][INFO] - Action delay is set to 0 milliseconds

2024-11-07 17:54:39 - [MESSAGE][PASSED] - Browser is opened with url: ''

2024-11-07 17:54:39 - [TEST_STEP][PASSED] - maximizeWindow(): Current window maximized

2024-11-07 17:54:39 - [MESSAGE][PASSED] - Current window maximized

2024-11-07 17:54:39 - [TEST_STEP][PASSED] - navigateToUrl(RADurl): Navigate to 'https://www.velocitypayment.com/client/rad/index.html' successfully

2024-11-07 17:54:41 - [MESSAGE][PASSED] - Navigate to 'https://www.velocitypayment.com/client/rad/index.html' successfully

2024-11-07 17:54:41 - [TEST_STEP][PASSED] - orPath_Landing = "Object Repository/RAD_Pages/Landing_Page": null

2024-11-07 17:54:41 - [TEST_STEP][PASSED] - orPath_TaxTypeFilingYear = "Object Repository/RAD_Pages/TaxTypeFilingYear_Page": null

2024-11-07 17:54:41 - [TEST_STEP][PASSED] - orPath_TaxPayer = "Object Repository/RAD_Pages/Taxpayer_Page": null

2024-11-07 17:54:41 - [TEST_STEP][PASSED] - orPath_AddressContact = "Object Repository/RAD_Pages/AddressAndContactInfo_Page": null

2024-11-07 17:54:41 - [TEST_STEP][PASSED] - orPath_FilingStatus = "Object Repository/RAD_Pages/FilingStatus_Page": null

2024-11-07 17:54:41 - [TEST_STEP][PASSED] - orPath_Amount = "Object Repository/RAD_Pages/PaymentAmount_Page": null

2024-11-07 17:54:41 - [TEST_STEP][PASSED] - selectOptionByLabel(findTestObject(orPath_Landing + "/dd_TaxType"), Paymenttype, false): All options with label 'New Tax Return Amount Due' are selected in object 'Object Repository/RAD_Pages/Landing_Page/dd_TaxType' 

2024-11-07 17:54:41 - [MESSAGE][PASSED] - All options with label 'New Tax Return Amount Due' are selected in object 'Object Repository/RAD_Pages/Landing_Page/dd_TaxType' 

2024-11-07 17:54:41 - [TEST_STEP][PASSED] - delay(1): Delayed 1 second(s)

2024-11-07 17:54:42 - [MESSAGE][PASSED] - Delayed 1 second(s)

2024-11-07 17:54:42 - [TEST_STEP][PASSED] - switch (Paymenttype): null

2024-11-07 17:54:42 - [TEST_STEP][PASSED] - case "New Tax Return Amount Due":: null

2024-11-07 17:54:42 - [TEST_STEP][PASSED] - selectOptionByLabel(findTestObject("Object Repository/RAD_Pages/Landing_Page/select_NewTaxReturnAmountDue_TaxType"), Taxtype, false): All options with label 'Fiduciary Tax' are selected in object 'Object Repository/RAD_Pages/Landing_Page/select_NewTaxReturnAmountDue_TaxType' 

2024-11-07 17:54:43 - [MESSAGE][PASSED] - All options with label 'Fiduciary Tax' are selected in object 'Object Repository/RAD_Pages/Landing_Page/select_NewTaxReturnAmountDue_TaxType' 

2024-11-07 17:54:43 - [TEST_STEP][PASSED] - break: null

2024-11-07 17:54:43 - [TEST_STEP][PASSED] - delay(1): Delayed 1 second(s)

2024-11-07 17:54:44 - [MESSAGE][PASSED] - Delayed 1 second(s)

2024-11-07 17:54:44 - [TEST_STEP][PASSED] - scrollToElement(findTestObject(orPath_Amount + "/input__paymentAmount"), 3): Scroll to object 'Object Repository/RAD_Pages/PaymentAmount_Page/input__paymentAmount' successfully

2024-11-07 17:54:44 - [MESSAGE][PASSED] - Scroll to object 'Object Repository/RAD_Pages/PaymentAmount_Page/input__paymentAmount' successfully

2024-11-07 17:54:44 - [TEST_STEP][PASSED] - setText(findTestObject(orPath_AddressContact + "/input_eMailAddress"), "imtiazster@gmail.com"): Text 'imtiazster@gmail.com' is set on object 'Object Repository/RAD_Pages/AddressAndContactInfo_Page/input_eMailAddress'

2024-11-07 17:54:45 - [MESSAGE][PASSED] - Text 'imtiazster@gmail.com' is set on object 'Object Repository/RAD_Pages/AddressAndContactInfo_Page/input_eMailAddress'

2024-11-07 17:54:45 - [TEST_STEP][PASSED] - setText(findTestObject(orPath_AddressContact + "/input_reEnterEMailAddress"), "iahmed@govolution.com"): Text 'iahmed@govolution.com' is set on object 'Object Repository/RAD_Pages/AddressAndContactInfo_Page/input_reEnterEMailAddress'

2024-11-07 17:54:46 - [MESSAGE][PASSED] - Text 'iahmed@govolution.com' is set on object 'Object Repository/RAD_Pages/AddressAndContactInfo_Page/input_reEnterEMailAddress'

2024-11-07 17:54:46 - [TEST_STEP][PASSED] - delay(2): Delayed 2 second(s)

2024-11-07 17:54:48 - [MESSAGE][PASSED] - Delayed 2 second(s)

2024-11-07 17:54:48 - [TEST_STEP][PASSED] - if (verifyTextPresent("The Email and Re-enter email do not match", true)): null

2024-11-07 17:54:49 - [MESSAGE][PASSED] - Text 'The Email and Re-enter email do not match' is present on page  using regular expression

2024-11-07 17:54:49 - [TEST_STEP][PASSED] - println("Emails Dont match text is present"): null

2024-11-07 17:54:49 - [TEST_STEP][PASSED] - out.println("Pass Record Number: " + row): null

2024-11-07 17:54:49 - [TEST_STEP][PASSED] - resText = "Pass": null

2024-11-07 17:54:49 - [TEST_STEP][PASSED] - pages.WriteExcel.demoKey(resText, datText, resColumn, datCloumn, fileLoc, nameSheet, row): pages.WriteExcel.demoKey is PASSED

2024-11-07 17:54:49 - [MESSAGE][PASSED] - pages.WriteExcel.demoKey is PASSED

2024-11-07 17:54:49 - [TEST_STEP][PASSED] - ExecuteTC = findTestData(dataFile).getValue("Execute", row): null

2024-11-07 17:54:49 - [TEST_STEP][PASSED] - Taxtype = findTestData(dataFile).getValue("TaxType", row): null

2024-11-07 17:54:49 - [TEST_STEP][PASSED] - Paymenttype = findTestData(dataFile).getValue("PaymentType", row): null

2024-11-07 17:54:49 - [TEST_STEP][PASSED] - out.println("Value of Execute is : " + ExecuteTC): null

2024-11-07 17:54:49 - [TEST_STEP][PASSED] - if (ExecuteTC.equalsIgnoreCase("Y")): null

2024-11-07 17:54:49 - [TEST_STEP][PASSED] - out.println("Begin Record Number: " + row): null

2024-11-07 17:54:49 - [TEST_STEP][PASSED] - today = new java.util.Date(): null

2024-11-07 17:54:49 - [TEST_STEP][PASSED] - println(today): null

2024-11-07 17:54:49 - [TEST_STEP][PASSED] - datText = today: null

2024-11-07 17:54:49 - [TEST_STEP][PASSED] - Taxtype = findTestData(dataFile).getValue("TaxType", row): null

2024-11-07 17:54:49 - [TEST_STEP][PASSED] - out.println("Taxtype value is : " + Taxtype): null

2024-11-07 17:54:49 - [TEST_STEP][PASSED] - openBrowser(""): Browser is opened with url: ''

2024-11-07 17:54:49 - [MESSAGE][WARNING] - A browser is already opened. Closing browser and opening a new one

2024-11-07 17:54:51 - [MESSAGE][INFO] - Starting 'Chrome' driver

2024-11-07 17:54:51 - [MESSAGE][INFO] - User set preference: ['acceptInsecureCerts', 'true']

2024-11-07 17:54:51 - [MESSAGE][INFO] - Action delay is set to 0 milliseconds

2024-11-07 17:54:53 - [MESSAGE][PASSED] - Browser is opened with url: ''

2024-11-07 17:54:53 - [TEST_STEP][PASSED] - maximizeWindow(): Current window maximized

2024-11-07 17:54:53 - [MESSAGE][PASSED] - Current window maximized

2024-11-07 17:54:53 - [TEST_STEP][PASSED] - navigateToUrl(RADurl): Navigate to 'https://www.velocitypayment.com/client/rad/index.html' successfully

2024-11-07 17:54:54 - [MESSAGE][PASSED] - Navigate to 'https://www.velocitypayment.com/client/rad/index.html' successfully

2024-11-07 17:54:54 - [TEST_STEP][PASSED] - orPath_Landing = "Object Repository/RAD_Pages/Landing_Page": null

2024-11-07 17:54:54 - [TEST_STEP][PASSED] - orPath_TaxTypeFilingYear = "Object Repository/RAD_Pages/TaxTypeFilingYear_Page": null

2024-11-07 17:54:54 - [TEST_STEP][PASSED] - orPath_TaxPayer = "Object Repository/RAD_Pages/Taxpayer_Page": null

2024-11-07 17:54:54 - [TEST_STEP][PASSED] - orPath_AddressContact = "Object Repository/RAD_Pages/AddressAndContactInfo_Page": null

2024-11-07 17:54:54 - [TEST_STEP][PASSED] - orPath_FilingStatus = "Object Repository/RAD_Pages/FilingStatus_Page": null

2024-11-07 17:54:54 - [TEST_STEP][PASSED] - orPath_Amount = "Object Repository/RAD_Pages/PaymentAmount_Page": null

2024-11-07 17:54:54 - [TEST_STEP][PASSED] - selectOptionByLabel(findTestObject(orPath_Landing + "/dd_TaxType"), Paymenttype, false): All options with label 'New Tax Return Amount Due' are selected in object 'Object Repository/RAD_Pages/Landing_Page/dd_TaxType' 

2024-11-07 17:54:56 - [MESSAGE][PASSED] - All options with label 'New Tax Return Amount Due' are selected in object 'Object Repository/RAD_Pages/Landing_Page/dd_TaxType' 

2024-11-07 17:54:56 - [TEST_STEP][PASSED] - delay(1): Delayed 1 second(s)

2024-11-07 17:54:57 - [MESSAGE][PASSED] - Delayed 1 second(s)

2024-11-07 17:54:57 - [TEST_STEP][PASSED] - switch (Paymenttype): null

2024-11-07 17:54:57 - [TEST_STEP][PASSED] - case "New Tax Return Amount Due":: null

2024-11-07 17:54:57 - [TEST_STEP][PASSED] - selectOptionByLabel(findTestObject("Object Repository/RAD_Pages/Landing_Page/select_NewTaxReturnAmountDue_TaxType"), Taxtype, false): All options with label 'PTE Non-Electing Non-S Corp' are selected in object 'Object Repository/RAD_Pages/Landing_Page/select_NewTaxReturnAmountDue_TaxType' 

2024-11-07 17:54:58 - [MESSAGE][PASSED] - All options with label 'PTE Non-Electing Non-S Corp' are selected in object 'Object Repository/RAD_Pages/Landing_Page/select_NewTaxReturnAmountDue_TaxType' 

2024-11-07 17:54:58 - [TEST_STEP][PASSED] - break: null

2024-11-07 17:54:58 - [TEST_STEP][PASSED] - delay(1): Delayed 1 second(s)

2024-11-07 17:54:59 - [MESSAGE][PASSED] - Delayed 1 second(s)

2024-11-07 17:54:59 - [TEST_STEP][PASSED] - scrollToElement(findTestObject(orPath_Amount + "/input__paymentAmount"), 3): Scroll to object 'Object Repository/RAD_Pages/PaymentAmount_Page/input__paymentAmount' successfully

2024-11-07 17:54:59 - [MESSAGE][PASSED] - Scroll to object 'Object Repository/RAD_Pages/PaymentAmount_Page/input__paymentAmount' successfully

2024-11-07 17:54:59 - [TEST_STEP][PASSED] - setText(findTestObject(orPath_AddressContact + "/input_eMailAddress"), "imtiazster@gmail.com"): Text 'imtiazster@gmail.com' is set on object 'Object Repository/RAD_Pages/AddressAndContactInfo_Page/input_eMailAddress'

2024-11-07 17:55:00 - [MESSAGE][PASSED] - Text 'imtiazster@gmail.com' is set on object 'Object Repository/RAD_Pages/AddressAndContactInfo_Page/input_eMailAddress'

2024-11-07 17:55:00 - [TEST_STEP][PASSED] - setText(findTestObject(orPath_AddressContact + "/input_reEnterEMailAddress"), "iahmed@govolution.com"): Text 'iahmed@govolution.com' is set on object 'Object Repository/RAD_Pages/AddressAndContactInfo_Page/input_reEnterEMailAddress'

2024-11-07 17:55:01 - [MESSAGE][PASSED] - Text 'iahmed@govolution.com' is set on object 'Object Repository/RAD_Pages/AddressAndContactInfo_Page/input_reEnterEMailAddress'

2024-11-07 17:55:01 - [TEST_STEP][PASSED] - delay(2): Delayed 2 second(s)

2024-11-07 17:55:03 - [MESSAGE][PASSED] - Delayed 2 second(s)

2024-11-07 17:55:03 - [TEST_STEP][PASSED] - if (verifyTextPresent("The Email and Re-enter email do not match", true)): null

2024-11-07 17:55:03 - [MESSAGE][PASSED] - Text 'The Email and Re-enter email do not match' is present on page  using regular expression

2024-11-07 17:55:03 - [TEST_STEP][PASSED] - println("Emails Dont match text is present"): null

2024-11-07 17:55:03 - [TEST_STEP][PASSED] - out.println("Pass Record Number: " + row): null

2024-11-07 17:55:03 - [TEST_STEP][PASSED] - resText = "Pass": null

2024-11-07 17:55:03 - [TEST_STEP][PASSED] - pages.WriteExcel.demoKey(resText, datText, resColumn, datCloumn, fileLoc, nameSheet, row): pages.WriteExcel.demoKey is PASSED

2024-11-07 17:55:03 - [MESSAGE][PASSED] - pages.WriteExcel.demoKey is PASSED

2024-11-07 17:55:03 - [TEST_STEP][PASSED] - ExecuteTC = findTestData(dataFile).getValue("Execute", row): null

2024-11-07 17:55:04 - [TEST_STEP][PASSED] - Taxtype = findTestData(dataFile).getValue("TaxType", row): null

2024-11-07 17:55:04 - [TEST_STEP][PASSED] - Paymenttype = findTestData(dataFile).getValue("PaymentType", row): null

2024-11-07 17:55:04 - [TEST_STEP][PASSED] - out.println("Value of Execute is : " + ExecuteTC): null

2024-11-07 17:55:04 - [TEST_STEP][PASSED] - if (ExecuteTC.equalsIgnoreCase("Y")): null

2024-11-07 17:55:04 - [TEST_STEP][PASSED] - out.println("Begin Record Number: " + row): null

2024-11-07 17:55:04 - [TEST_STEP][PASSED] - today = new java.util.Date(): null

2024-11-07 17:55:04 - [TEST_STEP][PASSED] - println(today): null

2024-11-07 17:55:04 - [TEST_STEP][PASSED] - datText = today: null

2024-11-07 17:55:04 - [TEST_STEP][PASSED] - Taxtype = findTestData(dataFile).getValue("TaxType", row): null

2024-11-07 17:55:04 - [TEST_STEP][PASSED] - out.println("Taxtype value is : " + Taxtype): null

2024-11-07 17:55:04 - [TEST_STEP][PASSED] - openBrowser(""): Browser is opened with url: ''

2024-11-07 17:55:04 - [MESSAGE][WARNING] - A browser is already opened. Closing browser and opening a new one

2024-11-07 17:55:05 - [MESSAGE][INFO] - Starting 'Chrome' driver

2024-11-07 17:55:05 - [MESSAGE][INFO] - User set preference: ['acceptInsecureCerts', 'true']

2024-11-07 17:55:05 - [MESSAGE][INFO] - Action delay is set to 0 milliseconds

2024-11-07 17:55:07 - [MESSAGE][PASSED] - Browser is opened with url: ''

2024-11-07 17:55:07 - [TEST_STEP][PASSED] - maximizeWindow(): Current window maximized

2024-11-07 17:55:07 - [MESSAGE][PASSED] - Current window maximized

2024-11-07 17:55:07 - [TEST_STEP][PASSED] - navigateToUrl(RADurl): Navigate to 'https://www.velocitypayment.com/client/rad/index.html' successfully

2024-11-07 17:55:09 - [MESSAGE][PASSED] - Navigate to 'https://www.velocitypayment.com/client/rad/index.html' successfully

2024-11-07 17:55:09 - [TEST_STEP][PASSED] - orPath_Landing = "Object Repository/RAD_Pages/Landing_Page": null

2024-11-07 17:55:09 - [TEST_STEP][PASSED] - orPath_TaxTypeFilingYear = "Object Repository/RAD_Pages/TaxTypeFilingYear_Page": null

2024-11-07 17:55:09 - [TEST_STEP][PASSED] - orPath_TaxPayer = "Object Repository/RAD_Pages/Taxpayer_Page": null

2024-11-07 17:55:09 - [TEST_STEP][PASSED] - orPath_AddressContact = "Object Repository/RAD_Pages/AddressAndContactInfo_Page": null

2024-11-07 17:55:09 - [TEST_STEP][PASSED] - orPath_FilingStatus = "Object Repository/RAD_Pages/FilingStatus_Page": null

2024-11-07 17:55:09 - [TEST_STEP][PASSED] - orPath_Amount = "Object Repository/RAD_Pages/PaymentAmount_Page": null

2024-11-07 17:55:09 - [TEST_STEP][PASSED] - selectOptionByLabel(findTestObject(orPath_Landing + "/dd_TaxType"), Paymenttype, false): All options with label 'New Tax Return Amount Due' are selected in object 'Object Repository/RAD_Pages/Landing_Page/dd_TaxType' 

2024-11-07 17:55:10 - [MESSAGE][PASSED] - All options with label 'New Tax Return Amount Due' are selected in object 'Object Repository/RAD_Pages/Landing_Page/dd_TaxType' 

2024-11-07 17:55:10 - [TEST_STEP][PASSED] - delay(1): Delayed 1 second(s)

2024-11-07 17:55:11 - [MESSAGE][PASSED] - Delayed 1 second(s)

2024-11-07 17:55:11 - [TEST_STEP][PASSED] - switch (Paymenttype): null

2024-11-07 17:55:11 - [TEST_STEP][PASSED] - case "New Tax Return Amount Due":: null

2024-11-07 17:55:11 - [TEST_STEP][PASSED] - selectOptionByLabel(findTestObject("Object Repository/RAD_Pages/Landing_Page/select_NewTaxReturnAmountDue_TaxType"), Taxtype, false): All options with label 'PTE Non-Electing S Corp' are selected in object 'Object Repository/RAD_Pages/Landing_Page/select_NewTaxReturnAmountDue_TaxType' 

2024-11-07 17:55:12 - [MESSAGE][PASSED] - All options with label 'PTE Non-Electing S Corp' are selected in object 'Object Repository/RAD_Pages/Landing_Page/select_NewTaxReturnAmountDue_TaxType' 

2024-11-07 17:55:12 - [TEST_STEP][PASSED] - break: null

2024-11-07 17:55:12 - [TEST_STEP][PASSED] - delay(1): Delayed 1 second(s)

2024-11-07 17:55:13 - [MESSAGE][PASSED] - Delayed 1 second(s)

2024-11-07 17:55:13 - [TEST_STEP][PASSED] - scrollToElement(findTestObject(orPath_Amount + "/input__paymentAmount"), 3): Scroll to object 'Object Repository/RAD_Pages/PaymentAmount_Page/input__paymentAmount' successfully

2024-11-07 17:55:13 - [MESSAGE][PASSED] - Scroll to object 'Object Repository/RAD_Pages/PaymentAmount_Page/input__paymentAmount' successfully

2024-11-07 17:55:13 - [TEST_STEP][PASSED] - setText(findTestObject(orPath_AddressContact + "/input_eMailAddress"), "imtiazster@gmail.com"): Text 'imtiazster@gmail.com' is set on object 'Object Repository/RAD_Pages/AddressAndContactInfo_Page/input_eMailAddress'

2024-11-07 17:55:14 - [MESSAGE][PASSED] - Text 'imtiazster@gmail.com' is set on object 'Object Repository/RAD_Pages/AddressAndContactInfo_Page/input_eMailAddress'

2024-11-07 17:55:14 - [TEST_STEP][PASSED] - setText(findTestObject(orPath_AddressContact + "/input_reEnterEMailAddress"), "iahmed@govolution.com"): Text 'iahmed@govolution.com' is set on object 'Object Repository/RAD_Pages/AddressAndContactInfo_Page/input_reEnterEMailAddress'

2024-11-07 17:55:15 - [MESSAGE][PASSED] - Text 'iahmed@govolution.com' is set on object 'Object Repository/RAD_Pages/AddressAndContactInfo_Page/input_reEnterEMailAddress'

2024-11-07 17:55:15 - [TEST_STEP][PASSED] - delay(2): Delayed 2 second(s)

2024-11-07 17:55:17 - [MESSAGE][PASSED] - Delayed 2 second(s)

2024-11-07 17:55:17 - [TEST_STEP][PASSED] - if (verifyTextPresent("The Email and Re-enter email do not match", true)): null

2024-11-07 17:55:17 - [MESSAGE][PASSED] - Text 'The Email and Re-enter email do not match' is present on page  using regular expression

2024-11-07 17:55:17 - [TEST_STEP][PASSED] - println("Emails Dont match text is present"): null

2024-11-07 17:55:17 - [TEST_STEP][PASSED] - out.println("Pass Record Number: " + row): null

2024-11-07 17:55:17 - [TEST_STEP][PASSED] - resText = "Pass": null

2024-11-07 17:55:17 - [TEST_STEP][PASSED] - pages.WriteExcel.demoKey(resText, datText, resColumn, datCloumn, fileLoc, nameSheet, row): pages.WriteExcel.demoKey is PASSED

2024-11-07 17:55:18 - [MESSAGE][PASSED] - pages.WriteExcel.demoKey is PASSED

2024-11-07 17:55:18 - [TEST_STEP][PASSED] - ExecuteTC = findTestData(dataFile).getValue("Execute", row): null

2024-11-07 17:55:18 - [TEST_STEP][PASSED] - Taxtype = findTestData(dataFile).getValue("TaxType", row): null

2024-11-07 17:55:18 - [TEST_STEP][PASSED] - Paymenttype = findTestData(dataFile).getValue("PaymentType", row): null

2024-11-07 17:55:18 - [TEST_STEP][PASSED] - out.println("Value of Execute is : " + ExecuteTC): null

2024-11-07 17:55:18 - [TEST_STEP][PASSED] - if (ExecuteTC.equalsIgnoreCase("Y")): null

2024-11-07 17:55:18 - [TEST_STEP][PASSED] - out.println("Begin Record Number: " + row): null

2024-11-07 17:55:18 - [TEST_STEP][PASSED] - today = new java.util.Date(): null

2024-11-07 17:55:18 - [TEST_STEP][PASSED] - println(today): null

2024-11-07 17:55:18 - [TEST_STEP][PASSED] - datText = today: null

2024-11-07 17:55:18 - [TEST_STEP][PASSED] - Taxtype = findTestData(dataFile).getValue("TaxType", row): null

2024-11-07 17:55:18 - [TEST_STEP][PASSED] - out.println("Taxtype value is : " + Taxtype): null

2024-11-07 17:55:18 - [TEST_STEP][PASSED] - openBrowser(""): Browser is opened with url: ''

2024-11-07 17:55:18 - [MESSAGE][WARNING] - A browser is already opened. Closing browser and opening a new one

2024-11-07 17:55:19 - [MESSAGE][INFO] - Starting 'Chrome' driver

2024-11-07 17:55:19 - [MESSAGE][INFO] - User set preference: ['acceptInsecureCerts', 'true']

2024-11-07 17:55:19 - [MESSAGE][INFO] - Action delay is set to 0 milliseconds

2024-11-07 17:55:21 - [MESSAGE][PASSED] - Browser is opened with url: ''

2024-11-07 17:55:21 - [TEST_STEP][PASSED] - maximizeWindow(): Current window maximized

2024-11-07 17:55:21 - [MESSAGE][PASSED] - Current window maximized

2024-11-07 17:55:21 - [TEST_STEP][PASSED] - navigateToUrl(RADurl): Navigate to 'https://www.velocitypayment.com/client/rad/index.html' successfully

2024-11-07 17:55:21 - [MESSAGE][PASSED] - Navigate to 'https://www.velocitypayment.com/client/rad/index.html' successfully

2024-11-07 17:55:21 - [TEST_STEP][PASSED] - orPath_Landing = "Object Repository/RAD_Pages/Landing_Page": null

2024-11-07 17:55:21 - [TEST_STEP][PASSED] - orPath_TaxTypeFilingYear = "Object Repository/RAD_Pages/TaxTypeFilingYear_Page": null

2024-11-07 17:55:21 - [TEST_STEP][PASSED] - orPath_TaxPayer = "Object Repository/RAD_Pages/Taxpayer_Page": null

2024-11-07 17:55:21 - [TEST_STEP][PASSED] - orPath_AddressContact = "Object Repository/RAD_Pages/AddressAndContactInfo_Page": null

2024-11-07 17:55:21 - [TEST_STEP][PASSED] - orPath_FilingStatus = "Object Repository/RAD_Pages/FilingStatus_Page": null

2024-11-07 17:55:21 - [TEST_STEP][PASSED] - orPath_Amount = "Object Repository/RAD_Pages/PaymentAmount_Page": null

2024-11-07 17:55:21 - [TEST_STEP][PASSED] - selectOptionByLabel(findTestObject(orPath_Landing + "/dd_TaxType"), Paymenttype, false): All options with label 'New Tax Return Amount Due' are selected in object 'Object Repository/RAD_Pages/Landing_Page/dd_TaxType' 

2024-11-07 17:55:24 - [MESSAGE][PASSED] - All options with label 'New Tax Return Amount Due' are selected in object 'Object Repository/RAD_Pages/Landing_Page/dd_TaxType' 

2024-11-07 17:55:24 - [TEST_STEP][PASSED] - delay(1): Delayed 1 second(s)

2024-11-07 17:55:25 - [MESSAGE][PASSED] - Delayed 1 second(s)

2024-11-07 17:55:25 - [TEST_STEP][PASSED] - switch (Paymenttype): null

2024-11-07 17:55:25 - [TEST_STEP][PASSED] - case "New Tax Return Amount Due":: null

2024-11-07 17:55:25 - [TEST_STEP][PASSED] - selectOptionByLabel(findTestObject("Object Repository/RAD_Pages/Landing_Page/select_NewTaxReturnAmountDue_TaxType"), Taxtype, false): All options with label 'PTE Tax Electing Non-S Corp' are selected in object 'Object Repository/RAD_Pages/Landing_Page/select_NewTaxReturnAmountDue_TaxType' 

2024-11-07 17:55:26 - [MESSAGE][PASSED] - All options with label 'PTE Tax Electing Non-S Corp' are selected in object 'Object Repository/RAD_Pages/Landing_Page/select_NewTaxReturnAmountDue_TaxType' 

2024-11-07 17:55:26 - [TEST_STEP][PASSED] - break: null

2024-11-07 17:55:26 - [TEST_STEP][PASSED] - delay(1): Delayed 1 second(s)

2024-11-07 17:55:27 - [MESSAGE][PASSED] - Delayed 1 second(s)

2024-11-07 17:55:27 - [TEST_STEP][PASSED] - scrollToElement(findTestObject(orPath_Amount + "/input__paymentAmount"), 3): Scroll to object 'Object Repository/RAD_Pages/PaymentAmount_Page/input__paymentAmount' successfully

2024-11-07 17:55:27 - [MESSAGE][PASSED] - Scroll to object 'Object Repository/RAD_Pages/PaymentAmount_Page/input__paymentAmount' successfully

2024-11-07 17:55:27 - [TEST_STEP][PASSED] - setText(findTestObject(orPath_AddressContact + "/input_eMailAddress"), "imtiazster@gmail.com"): Text 'imtiazster@gmail.com' is set on object 'Object Repository/RAD_Pages/AddressAndContactInfo_Page/input_eMailAddress'

2024-11-07 17:55:28 - [MESSAGE][PASSED] - Text 'imtiazster@gmail.com' is set on object 'Object Repository/RAD_Pages/AddressAndContactInfo_Page/input_eMailAddress'

2024-11-07 17:55:28 - [TEST_STEP][PASSED] - setText(findTestObject(orPath_AddressContact + "/input_reEnterEMailAddress"), "iahmed@govolution.com"): Text 'iahmed@govolution.com' is set on object 'Object Repository/RAD_Pages/AddressAndContactInfo_Page/input_reEnterEMailAddress'

2024-11-07 17:55:29 - [MESSAGE][PASSED] - Text 'iahmed@govolution.com' is set on object 'Object Repository/RAD_Pages/AddressAndContactInfo_Page/input_reEnterEMailAddress'

2024-11-07 17:55:29 - [TEST_STEP][PASSED] - delay(2): Delayed 2 second(s)

2024-11-07 17:55:31 - [MESSAGE][PASSED] - Delayed 2 second(s)

2024-11-07 17:55:31 - [TEST_STEP][PASSED] - if (verifyTextPresent("The Email and Re-enter email do not match", true)): null

2024-11-07 17:55:31 - [MESSAGE][PASSED] - Text 'The Email and Re-enter email do not match' is present on page  using regular expression

2024-11-07 17:55:31 - [TEST_STEP][PASSED] - println("Emails Dont match text is present"): null

2024-11-07 17:55:31 - [TEST_STEP][PASSED] - out.println("Pass Record Number: " + row): null

2024-11-07 17:55:31 - [TEST_STEP][PASSED] - resText = "Pass": null

2024-11-07 17:55:31 - [TEST_STEP][PASSED] - pages.WriteExcel.demoKey(resText, datText, resColumn, datCloumn, fileLoc, nameSheet, row): pages.WriteExcel.demoKey is PASSED

2024-11-07 17:55:31 - [MESSAGE][PASSED] - pages.WriteExcel.demoKey is PASSED

2024-11-07 17:55:31 - [TEST_STEP][PASSED] - ExecuteTC = findTestData(dataFile).getValue("Execute", row): null

2024-11-07 17:55:31 - [TEST_STEP][PASSED] - Taxtype = findTestData(dataFile).getValue("TaxType", row): null

2024-11-07 17:55:31 - [TEST_STEP][PASSED] - Paymenttype = findTestData(dataFile).getValue("PaymentType", row): null

2024-11-07 17:55:31 - [TEST_STEP][PASSED] - out.println("Value of Execute is : " + ExecuteTC): null

2024-11-07 17:55:31 - [TEST_STEP][PASSED] - if (ExecuteTC.equalsIgnoreCase("Y")): null

2024-11-07 17:55:31 - [TEST_STEP][PASSED] - out.println("Begin Record Number: " + row): null

2024-11-07 17:55:31 - [TEST_STEP][PASSED] - today = new java.util.Date(): null

2024-11-07 17:55:31 - [TEST_STEP][PASSED] - println(today): null

2024-11-07 17:55:31 - [TEST_STEP][PASSED] - datText = today: null

2024-11-07 17:55:31 - [TEST_STEP][PASSED] - Taxtype = findTestData(dataFile).getValue("TaxType", row): null

2024-11-07 17:55:31 - [TEST_STEP][PASSED] - out.println("Taxtype value is : " + Taxtype): null

2024-11-07 17:55:31 - [TEST_STEP][PASSED] - openBrowser(""): Browser is opened with url: ''

2024-11-07 17:55:31 - [MESSAGE][WARNING] - A browser is already opened. Closing browser and opening a new one

2024-11-07 17:55:33 - [MESSAGE][INFO] - Starting 'Chrome' driver

2024-11-07 17:55:33 - [MESSAGE][INFO] - User set preference: ['acceptInsecureCerts', 'true']

2024-11-07 17:55:33 - [MESSAGE][INFO] - Action delay is set to 0 milliseconds

2024-11-07 17:55:35 - [MESSAGE][PASSED] - Browser is opened with url: ''

2024-11-07 17:55:35 - [TEST_STEP][PASSED] - maximizeWindow(): Current window maximized

2024-11-07 17:55:35 - [MESSAGE][PASSED] - Current window maximized

2024-11-07 17:55:35 - [TEST_STEP][PASSED] - navigateToUrl(RADurl): Navigate to 'https://www.velocitypayment.com/client/rad/index.html' successfully

2024-11-07 17:55:37 - [MESSAGE][PASSED] - Navigate to 'https://www.velocitypayment.com/client/rad/index.html' successfully

2024-11-07 17:55:37 - [TEST_STEP][PASSED] - orPath_Landing = "Object Repository/RAD_Pages/Landing_Page": null

2024-11-07 17:55:37 - [TEST_STEP][PASSED] - orPath_TaxTypeFilingYear = "Object Repository/RAD_Pages/TaxTypeFilingYear_Page": null

2024-11-07 17:55:37 - [TEST_STEP][PASSED] - orPath_TaxPayer = "Object Repository/RAD_Pages/Taxpayer_Page": null

2024-11-07 17:55:37 - [TEST_STEP][PASSED] - orPath_AddressContact = "Object Repository/RAD_Pages/AddressAndContactInfo_Page": null

2024-11-07 17:55:37 - [TEST_STEP][PASSED] - orPath_FilingStatus = "Object Repository/RAD_Pages/FilingStatus_Page": null

2024-11-07 17:55:37 - [TEST_STEP][PASSED] - orPath_Amount = "Object Repository/RAD_Pages/PaymentAmount_Page": null

2024-11-07 17:55:37 - [TEST_STEP][PASSED] - selectOptionByLabel(findTestObject(orPath_Landing + "/dd_TaxType"), Paymenttype, false): All options with label 'New Tax Return Amount Due' are selected in object 'Object Repository/RAD_Pages/Landing_Page/dd_TaxType' 

2024-11-07 17:55:38 - [MESSAGE][PASSED] - All options with label 'New Tax Return Amount Due' are selected in object 'Object Repository/RAD_Pages/Landing_Page/dd_TaxType' 

2024-11-07 17:55:38 - [TEST_STEP][PASSED] - delay(1): Delayed 1 second(s)

2024-11-07 17:55:39 - [MESSAGE][PASSED] - Delayed 1 second(s)

2024-11-07 17:55:39 - [TEST_STEP][PASSED] - switch (Paymenttype): null

2024-11-07 17:55:39 - [TEST_STEP][PASSED] - case "New Tax Return Amount Due":: null

2024-11-07 17:55:39 - [TEST_STEP][PASSED] - selectOptionByLabel(findTestObject("Object Repository/RAD_Pages/Landing_Page/select_NewTaxReturnAmountDue_TaxType"), Taxtype, false): All options with label 'PTE Tax Electing S Corp' are selected in object 'Object Repository/RAD_Pages/Landing_Page/select_NewTaxReturnAmountDue_TaxType' 

2024-11-07 17:55:39 - [MESSAGE][PASSED] - All options with label 'PTE Tax Electing S Corp' are selected in object 'Object Repository/RAD_Pages/Landing_Page/select_NewTaxReturnAmountDue_TaxType' 

2024-11-07 17:55:39 - [TEST_STEP][PASSED] - break: null

2024-11-07 17:55:39 - [TEST_STEP][PASSED] - delay(1): Delayed 1 second(s)

2024-11-07 17:55:40 - [MESSAGE][PASSED] - Delayed 1 second(s)

2024-11-07 17:55:40 - [TEST_STEP][PASSED] - scrollToElement(findTestObject(orPath_Amount + "/input__paymentAmount"), 3): Scroll to object 'Object Repository/RAD_Pages/PaymentAmount_Page/input__paymentAmount' successfully

2024-11-07 17:55:41 - [MESSAGE][PASSED] - Scroll to object 'Object Repository/RAD_Pages/PaymentAmount_Page/input__paymentAmount' successfully

2024-11-07 17:55:41 - [TEST_STEP][PASSED] - setText(findTestObject(orPath_AddressContact + "/input_eMailAddress"), "imtiazster@gmail.com"): Text 'imtiazster@gmail.com' is set on object 'Object Repository/RAD_Pages/AddressAndContactInfo_Page/input_eMailAddress'

2024-11-07 17:55:42 - [MESSAGE][PASSED] - Text 'imtiazster@gmail.com' is set on object 'Object Repository/RAD_Pages/AddressAndContactInfo_Page/input_eMailAddress'

2024-11-07 17:55:42 - [TEST_STEP][PASSED] - setText(findTestObject(orPath_AddressContact + "/input_reEnterEMailAddress"), "iahmed@govolution.com"): Text 'iahmed@govolution.com' is set on object 'Object Repository/RAD_Pages/AddressAndContactInfo_Page/input_reEnterEMailAddress'

2024-11-07 17:55:42 - [MESSAGE][PASSED] - Text 'iahmed@govolution.com' is set on object 'Object Repository/RAD_Pages/AddressAndContactInfo_Page/input_reEnterEMailAddress'

2024-11-07 17:55:42 - [TEST_STEP][PASSED] - delay(2): Delayed 2 second(s)

2024-11-07 17:55:44 - [MESSAGE][PASSED] - Delayed 2 second(s)

2024-11-07 17:55:45 - [TEST_STEP][PASSED] - if (verifyTextPresent("The Email and Re-enter email do not match", true)): null

2024-11-07 17:55:45 - [MESSAGE][PASSED] - Text 'The Email and Re-enter email do not match' is present on page  using regular expression

2024-11-07 17:55:45 - [TEST_STEP][PASSED] - println("Emails Dont match text is present"): null

2024-11-07 17:55:45 - [TEST_STEP][PASSED] - out.println("Pass Record Number: " + row): null

2024-11-07 17:55:45 - [TEST_STEP][PASSED] - resText = "Pass": null

2024-11-07 17:55:45 - [TEST_STEP][PASSED] - pages.WriteExcel.demoKey(resText, datText, resColumn, datCloumn, fileLoc, nameSheet, row): pages.WriteExcel.demoKey is PASSED

2024-11-07 17:55:45 - [MESSAGE][PASSED] - pages.WriteExcel.demoKey is PASSED

2024-11-07 17:55:45 - [TEST_STEP][PASSED] - ExecuteTC = findTestData(dataFile).getValue("Execute", row): null

2024-11-07 17:55:45 - [TEST_STEP][PASSED] - Taxtype = findTestData(dataFile).getValue("TaxType", row): null

2024-11-07 17:55:45 - [TEST_STEP][PASSED] - Paymenttype = findTestData(dataFile).getValue("PaymentType", row): null

2024-11-07 17:55:45 - [TEST_STEP][PASSED] - out.println("Value of Execute is : " + ExecuteTC): null

2024-11-07 17:55:45 - [TEST_STEP][PASSED] - if (ExecuteTC.equalsIgnoreCase("Y")): null

2024-11-07 17:55:45 - [TEST_STEP][PASSED] - out.println("Begin Record Number: " + row): null

2024-11-07 17:55:45 - [TEST_STEP][PASSED] - today = new java.util.Date(): null

2024-11-07 17:55:45 - [TEST_STEP][PASSED] - println(today): null

2024-11-07 17:55:45 - [TEST_STEP][PASSED] - datText = today: null

2024-11-07 17:55:45 - [TEST_STEP][PASSED] - Taxtype = findTestData(dataFile).getValue("TaxType", row): null

2024-11-07 17:55:45 - [TEST_STEP][PASSED] - out.println("Taxtype value is : " + Taxtype): null

2024-11-07 17:55:45 - [TEST_STEP][PASSED] - openBrowser(""): Browser is opened with url: ''

2024-11-07 17:55:45 - [MESSAGE][WARNING] - A browser is already opened. Closing browser and opening a new one

2024-11-07 17:55:47 - [MESSAGE][INFO] - Starting 'Chrome' driver

2024-11-07 17:55:47 - [MESSAGE][INFO] - User set preference: ['acceptInsecureCerts', 'true']

2024-11-07 17:55:47 - [MESSAGE][INFO] - Action delay is set to 0 milliseconds

2024-11-07 17:55:49 - [MESSAGE][PASSED] - Browser is opened with url: ''

2024-11-07 17:55:49 - [TEST_STEP][PASSED] - maximizeWindow(): Current window maximized

2024-11-07 17:55:49 - [MESSAGE][PASSED] - Current window maximized

2024-11-07 17:55:49 - [TEST_STEP][PASSED] - navigateToUrl(RADurl): Navigate to 'https://www.velocitypayment.com/client/rad/index.html' successfully

2024-11-07 17:55:51 - [MESSAGE][PASSED] - Navigate to 'https://www.velocitypayment.com/client/rad/index.html' successfully

2024-11-07 17:55:51 - [TEST_STEP][PASSED] - orPath_Landing = "Object Repository/RAD_Pages/Landing_Page": null

2024-11-07 17:55:51 - [TEST_STEP][PASSED] - orPath_TaxTypeFilingYear = "Object Repository/RAD_Pages/TaxTypeFilingYear_Page": null

2024-11-07 17:55:51 - [TEST_STEP][PASSED] - orPath_TaxPayer = "Object Repository/RAD_Pages/Taxpayer_Page": null

2024-11-07 17:55:51 - [TEST_STEP][PASSED] - orPath_AddressContact = "Object Repository/RAD_Pages/AddressAndContactInfo_Page": null

2024-11-07 17:55:51 - [TEST_STEP][PASSED] - orPath_FilingStatus = "Object Repository/RAD_Pages/FilingStatus_Page": null

2024-11-07 17:55:51 - [TEST_STEP][PASSED] - orPath_Amount = "Object Repository/RAD_Pages/PaymentAmount_Page": null

2024-11-07 17:55:51 - [TEST_STEP][PASSED] - selectOptionByLabel(findTestObject(orPath_Landing + "/dd_TaxType"), Paymenttype, false): All options with label 'New Tax Return Amount Due' are selected in object 'Object Repository/RAD_Pages/Landing_Page/dd_TaxType' 

2024-11-07 17:55:51 - [MESSAGE][PASSED] - All options with label 'New Tax Return Amount Due' are selected in object 'Object Repository/RAD_Pages/Landing_Page/dd_TaxType' 

2024-11-07 17:55:51 - [TEST_STEP][PASSED] - delay(1): Delayed 1 second(s)

2024-11-07 17:55:52 - [MESSAGE][PASSED] - Delayed 1 second(s)

2024-11-07 17:55:52 - [TEST_STEP][PASSED] - switch (Paymenttype): null

2024-11-07 17:55:52 - [TEST_STEP][PASSED] - case "New Tax Return Amount Due":: null

2024-11-07 17:55:52 - [TEST_STEP][PASSED] - selectOptionByLabel(findTestObject("Object Repository/RAD_Pages/Landing_Page/select_NewTaxReturnAmountDue_TaxType"), Taxtype, false): All options with label 'Personal Income Tax' are selected in object 'Object Repository/RAD_Pages/Landing_Page/select_NewTaxReturnAmountDue_TaxType' 

2024-11-07 17:55:53 - [MESSAGE][PASSED] - All options with label 'Personal Income Tax' are selected in object 'Object Repository/RAD_Pages/Landing_Page/select_NewTaxReturnAmountDue_TaxType' 

2024-11-07 17:55:53 - [TEST_STEP][PASSED] - break: null

2024-11-07 17:55:53 - [TEST_STEP][PASSED] - delay(1): Delayed 1 second(s)

2024-11-07 17:55:54 - [MESSAGE][PASSED] - Delayed 1 second(s)

2024-11-07 17:55:54 - [TEST_STEP][PASSED] - scrollToElement(findTestObject(orPath_Amount + "/input__paymentAmount"), 3): Scroll to object 'Object Repository/RAD_Pages/PaymentAmount_Page/input__paymentAmount' successfully

2024-11-07 17:55:54 - [MESSAGE][PASSED] - Scroll to object 'Object Repository/RAD_Pages/PaymentAmount_Page/input__paymentAmount' successfully

2024-11-07 17:55:54 - [TEST_STEP][PASSED] - setText(findTestObject(orPath_AddressContact + "/input_eMailAddress"), "imtiazster@gmail.com"): Text 'imtiazster@gmail.com' is set on object 'Object Repository/RAD_Pages/AddressAndContactInfo_Page/input_eMailAddress'

2024-11-07 17:55:55 - [MESSAGE][PASSED] - Text 'imtiazster@gmail.com' is set on object 'Object Repository/RAD_Pages/AddressAndContactInfo_Page/input_eMailAddress'

2024-11-07 17:55:55 - [TEST_STEP][PASSED] - setText(findTestObject(orPath_AddressContact + "/input_reEnterEMailAddress"), "iahmed@govolution.com"): Text 'iahmed@govolution.com' is set on object 'Object Repository/RAD_Pages/AddressAndContactInfo_Page/input_reEnterEMailAddress'

2024-11-07 17:55:56 - [MESSAGE][PASSED] - Text 'iahmed@govolution.com' is set on object 'Object Repository/RAD_Pages/AddressAndContactInfo_Page/input_reEnterEMailAddress'

2024-11-07 17:55:56 - [TEST_STEP][PASSED] - delay(2): Delayed 2 second(s)

2024-11-07 17:55:58 - [MESSAGE][PASSED] - Delayed 2 second(s)

2024-11-07 17:55:58 - [TEST_STEP][PASSED] - if (verifyTextPresent("The Email and Re-enter email do not match", true)): null

2024-11-07 17:55:59 - [MESSAGE][PASSED] - Text 'The Email and Re-enter email do not match' is present on page  using regular expression

2024-11-07 17:55:59 - [TEST_STEP][PASSED] - println("Emails Dont match text is present"): null

2024-11-07 17:55:59 - [TEST_STEP][PASSED] - out.println("Pass Record Number: " + row): null

2024-11-07 17:55:59 - [TEST_STEP][PASSED] - resText = "Pass": null

2024-11-07 17:55:59 - [TEST_STEP][PASSED] - pages.WriteExcel.demoKey(resText, datText, resColumn, datCloumn, fileLoc, nameSheet, row): pages.WriteExcel.demoKey is PASSED

2024-11-07 17:55:59 - [MESSAGE][PASSED] - pages.WriteExcel.demoKey is PASSED

2024-11-07 17:55:59 - [TEST_STEP][PASSED] - ExecuteTC = findTestData(dataFile).getValue("Execute", row): null

2024-11-07 17:55:59 - [TEST_STEP][PASSED] - Taxtype = findTestData(dataFile).getValue("TaxType", row): null

2024-11-07 17:55:59 - [TEST_STEP][PASSED] - Paymenttype = findTestData(dataFile).getValue("PaymentType", row): null

2024-11-07 17:55:59 - [TEST_STEP][PASSED] - out.println("Value of Execute is : " + ExecuteTC): null

2024-11-07 17:55:59 - [TEST_STEP][PASSED] - if (ExecuteTC.equalsIgnoreCase("Y")): null

2024-11-07 17:55:59 - [TEST_STEP][PASSED] - out.println("Begin Record Number: " + row): null

2024-11-07 17:55:59 - [TEST_STEP][PASSED] - today = new java.util.Date(): null

2024-11-07 17:55:59 - [TEST_STEP][PASSED] - println(today): null

2024-11-07 17:55:59 - [TEST_STEP][PASSED] - datText = today: null

2024-11-07 17:55:59 - [TEST_STEP][PASSED] - Taxtype = findTestData(dataFile).getValue("TaxType", row): null

2024-11-07 17:55:59 - [TEST_STEP][PASSED] - out.println("Taxtype value is : " + Taxtype): null

2024-11-07 17:55:59 - [TEST_STEP][PASSED] - openBrowser(""): Browser is opened with url: ''

2024-11-07 17:55:59 - [MESSAGE][WARNING] - A browser is already opened. Closing browser and opening a new one

2024-11-07 17:56:01 - [MESSAGE][INFO] - Starting 'Chrome' driver

2024-11-07 17:56:01 - [MESSAGE][INFO] - User set preference: ['acceptInsecureCerts', 'true']

2024-11-07 17:56:01 - [MESSAGE][INFO] - Action delay is set to 0 milliseconds

2024-11-07 17:56:03 - [MESSAGE][PASSED] - Browser is opened with url: ''

2024-11-07 17:56:03 - [TEST_STEP][PASSED] - maximizeWindow(): Current window maximized

2024-11-07 17:56:03 - [MESSAGE][PASSED] - Current window maximized

2024-11-07 17:56:03 - [TEST_STEP][PASSED] - navigateToUrl(RADurl): Navigate to 'https://www.velocitypayment.com/client/rad/index.html' successfully

2024-11-07 17:56:06 - [MESSAGE][PASSED] - Navigate to 'https://www.velocitypayment.com/client/rad/index.html' successfully

2024-11-07 17:56:06 - [TEST_STEP][PASSED] - orPath_Landing = "Object Repository/RAD_Pages/Landing_Page": null

2024-11-07 17:56:06 - [TEST_STEP][PASSED] - orPath_TaxTypeFilingYear = "Object Repository/RAD_Pages/TaxTypeFilingYear_Page": null

2024-11-07 17:56:06 - [TEST_STEP][PASSED] - orPath_TaxPayer = "Object Repository/RAD_Pages/Taxpayer_Page": null

2024-11-07 17:56:06 - [TEST_STEP][PASSED] - orPath_AddressContact = "Object Repository/RAD_Pages/AddressAndContactInfo_Page": null

2024-11-07 17:56:06 - [TEST_STEP][PASSED] - orPath_FilingStatus = "Object Repository/RAD_Pages/FilingStatus_Page": null

2024-11-07 17:56:06 - [TEST_STEP][PASSED] - orPath_Amount = "Object Repository/RAD_Pages/PaymentAmount_Page": null

2024-11-07 17:56:06 - [TEST_STEP][PASSED] - selectOptionByLabel(findTestObject(orPath_Landing + "/dd_TaxType"), Paymenttype, false): All options with label 'Existing Liability with Notice/Invoice Number' are selected in object 'Object Repository/RAD_Pages/Landing_Page/dd_TaxType' 

2024-11-07 17:56:07 - [MESSAGE][PASSED] - All options with label 'Existing Liability with Notice/Invoice Number' are selected in object 'Object Repository/RAD_Pages/Landing_Page/dd_TaxType' 

2024-11-07 17:56:07 - [TEST_STEP][PASSED] - delay(1): Delayed 1 second(s)

2024-11-07 17:56:08 - [MESSAGE][PASSED] - Delayed 1 second(s)

2024-11-07 17:56:08 - [TEST_STEP][PASSED] - switch (Paymenttype): null

2024-11-07 17:56:08 - [TEST_STEP][PASSED] - delay(1): Delayed 1 second(s)

2024-11-07 17:56:09 - [MESSAGE][PASSED] - Delayed 1 second(s)

2024-11-07 17:56:09 - [TEST_STEP][PASSED] - scrollToElement(findTestObject(orPath_Amount + "/input__paymentAmount"), 3): Scroll to object 'Object Repository/RAD_Pages/PaymentAmount_Page/input__paymentAmount' successfully

2024-11-07 17:56:09 - [MESSAGE][PASSED] - Scroll to object 'Object Repository/RAD_Pages/PaymentAmount_Page/input__paymentAmount' successfully

2024-11-07 17:56:09 - [TEST_STEP][PASSED] - setText(findTestObject(orPath_AddressContact + "/input_eMailAddress"), "imtiazster@gmail.com"): Text 'imtiazster@gmail.com' is set on object 'Object Repository/RAD_Pages/AddressAndContactInfo_Page/input_eMailAddress'

2024-11-07 17:56:10 - [MESSAGE][PASSED] - Text 'imtiazster@gmail.com' is set on object 'Object Repository/RAD_Pages/AddressAndContactInfo_Page/input_eMailAddress'

2024-11-07 17:56:10 - [TEST_STEP][PASSED] - setText(findTestObject(orPath_AddressContact + "/input_reEnterEMailAddress"), "iahmed@govolution.com"): Text 'iahmed@govolution.com' is set on object 'Object Repository/RAD_Pages/AddressAndContactInfo_Page/input_reEnterEMailAddress'

2024-11-07 17:56:11 - [MESSAGE][PASSED] - Text 'iahmed@govolution.com' is set on object 'Object Repository/RAD_Pages/AddressAndContactInfo_Page/input_reEnterEMailAddress'

2024-11-07 17:56:11 - [TEST_STEP][PASSED] - delay(2): Delayed 2 second(s)

2024-11-07 17:56:13 - [MESSAGE][PASSED] - Delayed 2 second(s)

2024-11-07 17:56:13 - [TEST_STEP][PASSED] - if (verifyTextPresent("The Email and Re-enter email do not match", true)): null

2024-11-07 17:56:13 - [MESSAGE][PASSED] - Text 'The Email and Re-enter email do not match' is present on page  using regular expression

2024-11-07 17:56:13 - [TEST_STEP][PASSED] - println("Emails Dont match text is present"): null

2024-11-07 17:56:13 - [TEST_STEP][PASSED] - out.println("Pass Record Number: " + row): null

2024-11-07 17:56:13 - [TEST_STEP][PASSED] - resText = "Pass": null

2024-11-07 17:56:13 - [TEST_STEP][PASSED] - pages.WriteExcel.demoKey(resText, datText, resColumn, datCloumn, fileLoc, nameSheet, row): pages.WriteExcel.demoKey is PASSED

2024-11-07 17:56:13 - [MESSAGE][PASSED] - pages.WriteExcel.demoKey is PASSED

2024-11-07 17:56:13 - [TEST_STEP][PASSED] - ExecuteTC = findTestData(dataFile).getValue("Execute", row): null

2024-11-07 17:56:13 - [TEST_STEP][PASSED] - Taxtype = findTestData(dataFile).getValue("TaxType", row): null

2024-11-07 17:56:13 - [TEST_STEP][PASSED] - Paymenttype = findTestData(dataFile).getValue("PaymentType", row): null

2024-11-07 17:56:14 - [TEST_STEP][PASSED] - out.println("Value of Execute is : " + ExecuteTC): null

2024-11-07 17:56:14 - [TEST_STEP][PASSED] - if (ExecuteTC.equalsIgnoreCase("Y")): null

2024-11-07 17:56:14 - [TEST_STEP][PASSED] - ExecuteTC = findTestData(dataFile).getValue("Execute", row): null

2024-11-07 17:56:14 - [TEST_STEP][PASSED] - Taxtype = findTestData(dataFile).getValue("TaxType", row): null

2024-11-07 17:56:14 - [TEST_STEP][PASSED] - Paymenttype = findTestData(dataFile).getValue("PaymentType", row): null

2024-11-07 17:56:14 - [TEST_STEP][PASSED] - out.println("Value of Execute is : " + ExecuteTC): null

2024-11-07 17:56:14 - [TEST_STEP][PASSED] - if (ExecuteTC.equalsIgnoreCase("Y")): null

2024-11-07 17:56:14 - [TEST_STEP][PASSED] - out.println("Begin Record Number: " + row): null

2024-11-07 17:56:14 - [TEST_STEP][PASSED] - today = new java.util.Date(): null

2024-11-07 17:56:14 - [TEST_STEP][PASSED] - println(today): null

2024-11-07 17:56:14 - [TEST_STEP][PASSED] - datText = today: null

2024-11-07 17:56:14 - [TEST_STEP][PASSED] - Taxtype = findTestData(dataFile).getValue("TaxType", row): null

2024-11-07 17:56:14 - [TEST_STEP][PASSED] - out.println("Taxtype value is : " + Taxtype): null

2024-11-07 17:56:14 - [TEST_STEP][PASSED] - openBrowser(""): Browser is opened with url: ''

2024-11-07 17:56:14 - [MESSAGE][WARNING] - A browser is already opened. Closing browser and opening a new one

2024-11-07 17:56:15 - [MESSAGE][INFO] - Starting 'Chrome' driver

2024-11-07 17:56:15 - [MESSAGE][INFO] - User set preference: ['acceptInsecureCerts', 'true']

2024-11-07 17:56:15 - [MESSAGE][INFO] - Action delay is set to 0 milliseconds

2024-11-07 17:56:17 - [MESSAGE][PASSED] - Browser is opened with url: ''

2024-11-07 17:56:17 - [TEST_STEP][PASSED] - maximizeWindow(): Current window maximized

2024-11-07 17:56:17 - [MESSAGE][PASSED] - Current window maximized

2024-11-07 17:56:17 - [TEST_STEP][PASSED] - navigateToUrl(RADurl): Navigate to 'https://www.velocitypayment.com/client/rad/index.html' successfully

2024-11-07 17:56:18 - [MESSAGE][PASSED] - Navigate to 'https://www.velocitypayment.com/client/rad/index.html' successfully

2024-11-07 17:56:18 - [TEST_STEP][PASSED] - orPath_Landing = "Object Repository/RAD_Pages/Landing_Page": null

2024-11-07 17:56:18 - [TEST_STEP][PASSED] - orPath_TaxTypeFilingYear = "Object Repository/RAD_Pages/TaxTypeFilingYear_Page": null

2024-11-07 17:56:18 - [TEST_STEP][PASSED] - orPath_TaxPayer = "Object Repository/RAD_Pages/Taxpayer_Page": null

2024-11-07 17:56:18 - [TEST_STEP][PASSED] - orPath_AddressContact = "Object Repository/RAD_Pages/AddressAndContactInfo_Page": null

2024-11-07 17:56:18 - [TEST_STEP][PASSED] - orPath_FilingStatus = "Object Repository/RAD_Pages/FilingStatus_Page": null

2024-11-07 17:56:18 - [TEST_STEP][PASSED] - orPath_Amount = "Object Repository/RAD_Pages/PaymentAmount_Page": null

2024-11-07 17:56:18 - [TEST_STEP][PASSED] - selectOptionByLabel(findTestObject(orPath_Landing + "/dd_TaxType"), Paymenttype, false): All options with label 'Existing Liability with Notice/Invoice Number' are selected in object 'Object Repository/RAD_Pages/Landing_Page/dd_TaxType' 

2024-11-07 17:56:21 - [MESSAGE][PASSED] - All options with label 'Existing Liability with Notice/Invoice Number' are selected in object 'Object Repository/RAD_Pages/Landing_Page/dd_TaxType' 

2024-11-07 17:56:21 - [TEST_STEP][PASSED] - delay(1): Delayed 1 second(s)

2024-11-07 17:56:22 - [MESSAGE][PASSED] - Delayed 1 second(s)

2024-11-07 17:56:22 - [TEST_STEP][PASSED] - switch (Paymenttype): null

2024-11-07 17:56:22 - [TEST_STEP][PASSED] - delay(1): Delayed 1 second(s)

2024-11-07 17:56:23 - [MESSAGE][PASSED] - Delayed 1 second(s)

2024-11-07 17:56:23 - [TEST_STEP][PASSED] - scrollToElement(findTestObject(orPath_Amount + "/input__paymentAmount"), 3): Scroll to object 'Object Repository/RAD_Pages/PaymentAmount_Page/input__paymentAmount' successfully

2024-11-07 17:56:23 - [MESSAGE][PASSED] - Scroll to object 'Object Repository/RAD_Pages/PaymentAmount_Page/input__paymentAmount' successfully

2024-11-07 17:56:23 - [TEST_STEP][PASSED] - setText(findTestObject(orPath_AddressContact + "/input_eMailAddress"), "imtiazster@gmail.com"): Text 'imtiazster@gmail.com' is set on object 'Object Repository/RAD_Pages/AddressAndContactInfo_Page/input_eMailAddress'

2024-11-07 17:56:24 - [MESSAGE][PASSED] - Text 'imtiazster@gmail.com' is set on object 'Object Repository/RAD_Pages/AddressAndContactInfo_Page/input_eMailAddress'

2024-11-07 17:56:24 - [TEST_STEP][PASSED] - setText(findTestObject(orPath_AddressContact + "/input_reEnterEMailAddress"), "iahmed@govolution.com"): Text 'iahmed@govolution.com' is set on object 'Object Repository/RAD_Pages/AddressAndContactInfo_Page/input_reEnterEMailAddress'

2024-11-07 17:56:25 - [MESSAGE][PASSED] - Text 'iahmed@govolution.com' is set on object 'Object Repository/RAD_Pages/AddressAndContactInfo_Page/input_reEnterEMailAddress'

2024-11-07 17:56:25 - [TEST_STEP][PASSED] - delay(2): Delayed 2 second(s)

2024-11-07 17:56:27 - [MESSAGE][PASSED] - Delayed 2 second(s)

2024-11-07 17:56:27 - [TEST_STEP][PASSED] - if (verifyTextPresent("The Email and Re-enter email do not match", true)): null

2024-11-07 17:56:27 - [MESSAGE][PASSED] - Text 'The Email and Re-enter email do not match' is present on page  using regular expression

2024-11-07 17:56:27 - [TEST_STEP][PASSED] - println("Emails Dont match text is present"): null

2024-11-07 17:56:27 - [TEST_STEP][PASSED] - out.println("Pass Record Number: " + row): null

2024-11-07 17:56:27 - [TEST_STEP][PASSED] - resText = "Pass": null

2024-11-07 17:56:27 - [TEST_STEP][PASSED] - pages.WriteExcel.demoKey(resText, datText, resColumn, datCloumn, fileLoc, nameSheet, row): pages.WriteExcel.demoKey is PASSED

2024-11-07 17:56:28 - [MESSAGE][PASSED] - pages.WriteExcel.demoKey is PASSED

2024-11-07 17:56:28 - [TEST_STEP][PASSED] - ExecuteTC = findTestData(dataFile).getValue("Execute", row): null

2024-11-07 17:56:28 - [TEST_STEP][PASSED] - Taxtype = findTestData(dataFile).getValue("TaxType", row): null

2024-11-07 17:56:28 - [TEST_STEP][PASSED] - Paymenttype = findTestData(dataFile).getValue("PaymentType", row): null

2024-11-07 17:56:28 - [TEST_STEP][PASSED] - out.println("Value of Execute is : " + ExecuteTC): null

2024-11-07 17:56:28 - [TEST_STEP][PASSED] - if (ExecuteTC.equalsIgnoreCase("Y")): null

2024-11-07 17:56:28 - [TEST_STEP][PASSED] - out.println("Begin Record Number: " + row): null

2024-11-07 17:56:28 - [TEST_STEP][PASSED] - today = new java.util.Date(): null

2024-11-07 17:56:28 - [TEST_STEP][PASSED] - println(today): null

2024-11-07 17:56:28 - [TEST_STEP][PASSED] - datText = today: null

2024-11-07 17:56:28 - [TEST_STEP][PASSED] - Taxtype = findTestData(dataFile).getValue("TaxType", row): null

2024-11-07 17:56:28 - [TEST_STEP][PASSED] - out.println("Taxtype value is : " + Taxtype): null

2024-11-07 17:56:28 - [TEST_STEP][PASSED] - openBrowser(""): Browser is opened with url: ''

2024-11-07 17:56:28 - [MESSAGE][WARNING] - A browser is already opened. Closing browser and opening a new one

2024-11-07 17:56:29 - [MESSAGE][INFO] - Starting 'Chrome' driver

2024-11-07 17:56:29 - [MESSAGE][INFO] - User set preference: ['acceptInsecureCerts', 'true']

2024-11-07 17:56:29 - [MESSAGE][INFO] - Action delay is set to 0 milliseconds

2024-11-07 17:56:31 - [MESSAGE][PASSED] - Browser is opened with url: ''

2024-11-07 17:56:31 - [TEST_STEP][PASSED] - maximizeWindow(): Current window maximized

2024-11-07 17:56:31 - [MESSAGE][PASSED] - Current window maximized

2024-11-07 17:56:31 - [TEST_STEP][PASSED] - navigateToUrl(RADurl): Navigate to 'https://www.velocitypayment.com/client/rad/index.html' successfully

2024-11-07 17:56:33 - [MESSAGE][PASSED] - Navigate to 'https://www.velocitypayment.com/client/rad/index.html' successfully

2024-11-07 17:56:33 - [TEST_STEP][PASSED] - orPath_Landing = "Object Repository/RAD_Pages/Landing_Page": null

2024-11-07 17:56:33 - [TEST_STEP][PASSED] - orPath_TaxTypeFilingYear = "Object Repository/RAD_Pages/TaxTypeFilingYear_Page": null

2024-11-07 17:56:33 - [TEST_STEP][PASSED] - orPath_TaxPayer = "Object Repository/RAD_Pages/Taxpayer_Page": null

2024-11-07 17:56:33 - [TEST_STEP][PASSED] - orPath_AddressContact = "Object Repository/RAD_Pages/AddressAndContactInfo_Page": null

2024-11-07 17:56:33 - [TEST_STEP][PASSED] - orPath_FilingStatus = "Object Repository/RAD_Pages/FilingStatus_Page": null

2024-11-07 17:56:33 - [TEST_STEP][PASSED] - orPath_Amount = "Object Repository/RAD_Pages/PaymentAmount_Page": null

2024-11-07 17:56:33 - [TEST_STEP][PASSED] - selectOptionByLabel(findTestObject(orPath_Landing + "/dd_TaxType"), Paymenttype, false): All options with label 'Existing Liability with Notice/Invoice Number' are selected in object 'Object Repository/RAD_Pages/Landing_Page/dd_TaxType' 

2024-11-07 17:56:34 - [MESSAGE][PASSED] - All options with label 'Existing Liability with Notice/Invoice Number' are selected in object 'Object Repository/RAD_Pages/Landing_Page/dd_TaxType' 

2024-11-07 17:56:34 - [TEST_STEP][PASSED] - delay(1): Delayed 1 second(s)

2024-11-07 17:56:35 - [MESSAGE][PASSED] - Delayed 1 second(s)

2024-11-07 17:56:35 - [TEST_STEP][PASSED] - switch (Paymenttype): null

2024-11-07 17:56:35 - [TEST_STEP][PASSED] - delay(1): Delayed 1 second(s)

2024-11-07 17:56:36 - [MESSAGE][PASSED] - Delayed 1 second(s)

2024-11-07 17:56:36 - [TEST_STEP][PASSED] - scrollToElement(findTestObject(orPath_Amount + "/input__paymentAmount"), 3): Scroll to object 'Object Repository/RAD_Pages/PaymentAmount_Page/input__paymentAmount' successfully

2024-11-07 17:56:36 - [MESSAGE][PASSED] - Scroll to object 'Object Repository/RAD_Pages/PaymentAmount_Page/input__paymentAmount' successfully

2024-11-07 17:56:36 - [TEST_STEP][PASSED] - setText(findTestObject(orPath_AddressContact + "/input_eMailAddress"), "imtiazster@gmail.com"): Text 'imtiazster@gmail.com' is set on object 'Object Repository/RAD_Pages/AddressAndContactInfo_Page/input_eMailAddress'

2024-11-07 17:56:37 - [MESSAGE][PASSED] - Text 'imtiazster@gmail.com' is set on object 'Object Repository/RAD_Pages/AddressAndContactInfo_Page/input_eMailAddress'

2024-11-07 17:56:37 - [TEST_STEP][PASSED] - setText(findTestObject(orPath_AddressContact + "/input_reEnterEMailAddress"), "iahmed@govolution.com"): Text 'iahmed@govolution.com' is set on object 'Object Repository/RAD_Pages/AddressAndContactInfo_Page/input_reEnterEMailAddress'

2024-11-07 17:56:38 - [MESSAGE][PASSED] - Text 'iahmed@govolution.com' is set on object 'Object Repository/RAD_Pages/AddressAndContactInfo_Page/input_reEnterEMailAddress'

2024-11-07 17:56:38 - [TEST_STEP][PASSED] - delay(2): Delayed 2 second(s)

2024-11-07 17:56:40 - [MESSAGE][PASSED] - Delayed 2 second(s)

2024-11-07 17:56:40 - [TEST_STEP][PASSED] - if (verifyTextPresent("The Email and Re-enter email do not match", true)): null

2024-11-07 17:56:41 - [MESSAGE][PASSED] - Text 'The Email and Re-enter email do not match' is present on page  using regular expression

2024-11-07 17:56:41 - [TEST_STEP][PASSED] - println("Emails Dont match text is present"): null

2024-11-07 17:56:41 - [TEST_STEP][PASSED] - out.println("Pass Record Number: " + row): null

2024-11-07 17:56:41 - [TEST_STEP][PASSED] - resText = "Pass": null

2024-11-07 17:56:41 - [TEST_STEP][PASSED] - pages.WriteExcel.demoKey(resText, datText, resColumn, datCloumn, fileLoc, nameSheet, row): pages.WriteExcel.demoKey is PASSED

2024-11-07 17:56:41 - [MESSAGE][PASSED] - pages.WriteExcel.demoKey is PASSED

2024-11-07 17:56:41 - [TEST_STEP][PASSED] - ExecuteTC = findTestData(dataFile).getValue("Execute", row): null

2024-11-07 17:56:41 - [TEST_STEP][PASSED] - Taxtype = findTestData(dataFile).getValue("TaxType", row): null

2024-11-07 17:56:41 - [TEST_STEP][PASSED] - Paymenttype = findTestData(dataFile).getValue("PaymentType", row): null

2024-11-07 17:56:41 - [TEST_STEP][PASSED] - out.println("Value of Execute is : " + ExecuteTC): null

2024-11-07 17:56:41 - [TEST_STEP][PASSED] - if (ExecuteTC.equalsIgnoreCase("Y")): null

2024-11-07 17:56:41 - [TEST_STEP][PASSED] - out.println("Begin Record Number: " + row): null

2024-11-07 17:56:41 - [TEST_STEP][PASSED] - today = new java.util.Date(): null

2024-11-07 17:56:41 - [TEST_STEP][PASSED] - println(today): null

2024-11-07 17:56:41 - [TEST_STEP][PASSED] - datText = today: null

2024-11-07 17:56:41 - [TEST_STEP][PASSED] - Taxtype = findTestData(dataFile).getValue("TaxType", row): null

2024-11-07 17:56:41 - [TEST_STEP][PASSED] - out.println("Taxtype value is : " + Taxtype): null

2024-11-07 17:56:41 - [TEST_STEP][PASSED] - openBrowser(""): Browser is opened with url: ''

2024-11-07 17:56:41 - [MESSAGE][WARNING] - A browser is already opened. Closing browser and opening a new one

2024-11-07 17:56:43 - [MESSAGE][INFO] - Starting 'Chrome' driver

2024-11-07 17:56:43 - [MESSAGE][INFO] - User set preference: ['acceptInsecureCerts', 'true']

2024-11-07 17:56:43 - [MESSAGE][INFO] - Action delay is set to 0 milliseconds

2024-11-07 17:56:45 - [MESSAGE][PASSED] - Browser is opened with url: ''

2024-11-07 17:56:45 - [TEST_STEP][PASSED] - maximizeWindow(): Current window maximized

2024-11-07 17:56:45 - [MESSAGE][PASSED] - Current window maximized

2024-11-07 17:56:45 - [TEST_STEP][PASSED] - navigateToUrl(RADurl): Navigate to 'https://www.velocitypayment.com/client/rad/index.html' successfully

2024-11-07 17:56:47 - [MESSAGE][PASSED] - Navigate to 'https://www.velocitypayment.com/client/rad/index.html' successfully

2024-11-07 17:56:47 - [TEST_STEP][PASSED] - orPath_Landing = "Object Repository/RAD_Pages/Landing_Page": null

2024-11-07 17:56:47 - [TEST_STEP][PASSED] - orPath_TaxTypeFilingYear = "Object Repository/RAD_Pages/TaxTypeFilingYear_Page": null

2024-11-07 17:56:47 - [TEST_STEP][PASSED] - orPath_TaxPayer = "Object Repository/RAD_Pages/Taxpayer_Page": null

2024-11-07 17:56:47 - [TEST_STEP][PASSED] - orPath_AddressContact = "Object Repository/RAD_Pages/AddressAndContactInfo_Page": null

2024-11-07 17:56:47 - [TEST_STEP][PASSED] - orPath_FilingStatus = "Object Repository/RAD_Pages/FilingStatus_Page": null

2024-11-07 17:56:47 - [TEST_STEP][PASSED] - orPath_Amount = "Object Repository/RAD_Pages/PaymentAmount_Page": null

2024-11-07 17:56:47 - [TEST_STEP][PASSED] - selectOptionByLabel(findTestObject(orPath_Landing + "/dd_TaxType"), Paymenttype, false): All options with label 'Existing Liability with Notice/Invoice Number' are selected in object 'Object Repository/RAD_Pages/Landing_Page/dd_TaxType' 

2024-11-07 17:56:47 - [MESSAGE][PASSED] - All options with label 'Existing Liability with Notice/Invoice Number' are selected in object 'Object Repository/RAD_Pages/Landing_Page/dd_TaxType' 

2024-11-07 17:56:47 - [TEST_STEP][PASSED] - delay(1): Delayed 1 second(s)

2024-11-07 17:56:48 - [MESSAGE][PASSED] - Delayed 1 second(s)

2024-11-07 17:56:48 - [TEST_STEP][PASSED] - switch (Paymenttype): null

2024-11-07 17:56:48 - [TEST_STEP][PASSED] - delay(1): Delayed 1 second(s)

2024-11-07 17:56:50 - [MESSAGE][PASSED] - Delayed 1 second(s)

2024-11-07 17:56:50 - [TEST_STEP][PASSED] - scrollToElement(findTestObject(orPath_Amount + "/input__paymentAmount"), 3): Scroll to object 'Object Repository/RAD_Pages/PaymentAmount_Page/input__paymentAmount' successfully

2024-11-07 17:56:50 - [MESSAGE][PASSED] - Scroll to object 'Object Repository/RAD_Pages/PaymentAmount_Page/input__paymentAmount' successfully

2024-11-07 17:56:50 - [TEST_STEP][PASSED] - setText(findTestObject(orPath_AddressContact + "/input_eMailAddress"), "imtiazster@gmail.com"): Text 'imtiazster@gmail.com' is set on object 'Object Repository/RAD_Pages/AddressAndContactInfo_Page/input_eMailAddress'

2024-11-07 17:56:51 - [MESSAGE][PASSED] - Text 'imtiazster@gmail.com' is set on object 'Object Repository/RAD_Pages/AddressAndContactInfo_Page/input_eMailAddress'

2024-11-07 17:56:51 - [TEST_STEP][PASSED] - setText(findTestObject(orPath_AddressContact + "/input_reEnterEMailAddress"), "iahmed@govolution.com"): Text 'iahmed@govolution.com' is set on object 'Object Repository/RAD_Pages/AddressAndContactInfo_Page/input_reEnterEMailAddress'

2024-11-07 17:56:52 - [MESSAGE][PASSED] - Text 'iahmed@govolution.com' is set on object 'Object Repository/RAD_Pages/AddressAndContactInfo_Page/input_reEnterEMailAddress'

2024-11-07 17:56:52 - [TEST_STEP][PASSED] - delay(2): Delayed 2 second(s)

2024-11-07 17:56:54 - [MESSAGE][PASSED] - Delayed 2 second(s)

2024-11-07 17:56:54 - [TEST_STEP][PASSED] - if (verifyTextPresent("The Email and Re-enter email do not match", true)): null

2024-11-07 17:56:54 - [MESSAGE][PASSED] - Text 'The Email and Re-enter email do not match' is present on page  using regular expression

2024-11-07 17:56:54 - [TEST_STEP][PASSED] - println("Emails Dont match text is present"): null

2024-11-07 17:56:54 - [TEST_STEP][PASSED] - out.println("Pass Record Number: " + row): null

2024-11-07 17:56:54 - [TEST_STEP][PASSED] - resText = "Pass": null

2024-11-07 17:56:54 - [TEST_STEP][PASSED] - pages.WriteExcel.demoKey(resText, datText, resColumn, datCloumn, fileLoc, nameSheet, row): pages.WriteExcel.demoKey is PASSED

2024-11-07 17:56:54 - [MESSAGE][PASSED] - pages.WriteExcel.demoKey is PASSED

2024-11-07 17:56:54 - [TEST_STEP][PASSED] - ExecuteTC = findTestData(dataFile).getValue("Execute", row): null

2024-11-07 17:56:54 - [TEST_STEP][PASSED] - Taxtype = findTestData(dataFile).getValue("TaxType", row): null

2024-11-07 17:56:54 - [TEST_STEP][PASSED] - Paymenttype = findTestData(dataFile).getValue("PaymentType", row): null

2024-11-07 17:56:54 - [TEST_STEP][PASSED] - out.println("Value of Execute is : " + ExecuteTC): null

2024-11-07 17:56:54 - [TEST_STEP][PASSED] - if (ExecuteTC.equalsIgnoreCase("Y")): null

2024-11-07 17:56:54 - [TEST_STEP][PASSED] - out.println("Begin Record Number: " + row): null

2024-11-07 17:56:54 - [TEST_STEP][PASSED] - today = new java.util.Date(): null

2024-11-07 17:56:54 - [TEST_STEP][PASSED] - println(today): null

2024-11-07 17:56:54 - [TEST_STEP][PASSED] - datText = today: null

2024-11-07 17:56:54 - [TEST_STEP][PASSED] - Taxtype = findTestData(dataFile).getValue("TaxType", row): null

2024-11-07 17:56:55 - [TEST_STEP][PASSED] - out.println("Taxtype value is : " + Taxtype): null

2024-11-07 17:56:55 - [TEST_STEP][PASSED] - openBrowser(""): Browser is opened with url: ''

2024-11-07 17:56:55 - [MESSAGE][WARNING] - A browser is already opened. Closing browser and opening a new one

2024-11-07 17:56:56 - [MESSAGE][INFO] - Starting 'Chrome' driver

2024-11-07 17:56:56 - [MESSAGE][INFO] - User set preference: ['acceptInsecureCerts', 'true']

2024-11-07 17:56:56 - [MESSAGE][INFO] - Action delay is set to 0 milliseconds

2024-11-07 17:56:58 - [MESSAGE][PASSED] - Browser is opened with url: ''

2024-11-07 17:56:58 - [TEST_STEP][PASSED] - maximizeWindow(): Current window maximized

2024-11-07 17:56:58 - [MESSAGE][PASSED] - Current window maximized

2024-11-07 17:56:58 - [TEST_STEP][PASSED] - navigateToUrl(RADurl): Navigate to 'https://www.velocitypayment.com/client/rad/index.html' successfully

2024-11-07 17:56:58 - [MESSAGE][PASSED] - Navigate to 'https://www.velocitypayment.com/client/rad/index.html' successfully

2024-11-07 17:56:58 - [TEST_STEP][PASSED] - orPath_Landing = "Object Repository/RAD_Pages/Landing_Page": null

2024-11-07 17:56:58 - [TEST_STEP][PASSED] - orPath_TaxTypeFilingYear = "Object Repository/RAD_Pages/TaxTypeFilingYear_Page": null

2024-11-07 17:56:58 - [TEST_STEP][PASSED] - orPath_TaxPayer = "Object Repository/RAD_Pages/Taxpayer_Page": null

2024-11-07 17:56:58 - [TEST_STEP][PASSED] - orPath_AddressContact = "Object Repository/RAD_Pages/AddressAndContactInfo_Page": null

2024-11-07 17:56:58 - [TEST_STEP][PASSED] - orPath_FilingStatus = "Object Repository/RAD_Pages/FilingStatus_Page": null

2024-11-07 17:56:58 - [TEST_STEP][PASSED] - orPath_Amount = "Object Repository/RAD_Pages/PaymentAmount_Page": null

2024-11-07 17:56:58 - [TEST_STEP][PASSED] - selectOptionByLabel(findTestObject(orPath_Landing + "/dd_TaxType"), Paymenttype, false): All options with label 'Existing Liability with Notice/Invoice Number' are selected in object 'Object Repository/RAD_Pages/Landing_Page/dd_TaxType' 

2024-11-07 17:57:01 - [MESSAGE][PASSED] - All options with label 'Existing Liability with Notice/Invoice Number' are selected in object 'Object Repository/RAD_Pages/Landing_Page/dd_TaxType' 

2024-11-07 17:57:01 - [TEST_STEP][PASSED] - delay(1): Delayed 1 second(s)

2024-11-07 17:57:02 - [MESSAGE][PASSED] - Delayed 1 second(s)

2024-11-07 17:57:02 - [TEST_STEP][PASSED] - switch (Paymenttype): null

2024-11-07 17:57:02 - [TEST_STEP][PASSED] - delay(1): Delayed 1 second(s)

2024-11-07 17:57:03 - [MESSAGE][PASSED] - Delayed 1 second(s)

2024-11-07 17:57:03 - [TEST_STEP][PASSED] - scrollToElement(findTestObject(orPath_Amount + "/input__paymentAmount"), 3): Scroll to object 'Object Repository/RAD_Pages/PaymentAmount_Page/input__paymentAmount' successfully

2024-11-07 17:57:03 - [MESSAGE][PASSED] - Scroll to object 'Object Repository/RAD_Pages/PaymentAmount_Page/input__paymentAmount' successfully

2024-11-07 17:57:03 - [TEST_STEP][PASSED] - setText(findTestObject(orPath_AddressContact + "/input_eMailAddress"), "imtiazster@gmail.com"): Text 'imtiazster@gmail.com' is set on object 'Object Repository/RAD_Pages/AddressAndContactInfo_Page/input_eMailAddress'

2024-11-07 17:57:04 - [MESSAGE][PASSED] - Text 'imtiazster@gmail.com' is set on object 'Object Repository/RAD_Pages/AddressAndContactInfo_Page/input_eMailAddress'

2024-11-07 17:57:04 - [TEST_STEP][PASSED] - setText(findTestObject(orPath_AddressContact + "/input_reEnterEMailAddress"), "iahmed@govolution.com"): Text 'iahmed@govolution.com' is set on object 'Object Repository/RAD_Pages/AddressAndContactInfo_Page/input_reEnterEMailAddress'

2024-11-07 17:57:05 - [MESSAGE][PASSED] - Text 'iahmed@govolution.com' is set on object 'Object Repository/RAD_Pages/AddressAndContactInfo_Page/input_reEnterEMailAddress'

2024-11-07 17:57:05 - [TEST_STEP][PASSED] - delay(2): Delayed 2 second(s)

2024-11-07 17:57:07 - [MESSAGE][PASSED] - Delayed 2 second(s)

2024-11-07 17:57:07 - [TEST_STEP][PASSED] - if (verifyTextPresent("The Email and Re-enter email do not match", true)): null

2024-11-07 17:57:08 - [MESSAGE][PASSED] - Text 'The Email and Re-enter email do not match' is present on page  using regular expression

2024-11-07 17:57:08 - [TEST_STEP][PASSED] - println("Emails Dont match text is present"): null

2024-11-07 17:57:08 - [TEST_STEP][PASSED] - out.println("Pass Record Number: " + row): null

2024-11-07 17:57:08 - [TEST_STEP][PASSED] - resText = "Pass": null

2024-11-07 17:57:08 - [TEST_STEP][PASSED] - pages.WriteExcel.demoKey(resText, datText, resColumn, datCloumn, fileLoc, nameSheet, row): pages.WriteExcel.demoKey is PASSED

2024-11-07 17:57:08 - [MESSAGE][PASSED] - pages.WriteExcel.demoKey is PASSED

2024-11-07 17:57:08 - [TEST_STEP][PASSED] - ExecuteTC = findTestData(dataFile).getValue("Execute", row): null

2024-11-07 17:57:08 - [TEST_STEP][PASSED] - Taxtype = findTestData(dataFile).getValue("TaxType", row): null

2024-11-07 17:57:08 - [TEST_STEP][PASSED] - Paymenttype = findTestData(dataFile).getValue("PaymentType", row): null

2024-11-07 17:57:08 - [TEST_STEP][PASSED] - out.println("Value of Execute is : " + ExecuteTC): null

2024-11-07 17:57:08 - [TEST_STEP][PASSED] - if (ExecuteTC.equalsIgnoreCase("Y")): null

2024-11-07 17:57:08 - [TEST_STEP][PASSED] - out.println("Begin Record Number: " + row): null

2024-11-07 17:57:08 - [TEST_STEP][PASSED] - today = new java.util.Date(): null

2024-11-07 17:57:08 - [TEST_STEP][PASSED] - println(today): null

2024-11-07 17:57:08 - [TEST_STEP][PASSED] - datText = today: null

2024-11-07 17:57:08 - [TEST_STEP][PASSED] - Taxtype = findTestData(dataFile).getValue("TaxType", row): null

2024-11-07 17:57:08 - [TEST_STEP][PASSED] - out.println("Taxtype value is : " + Taxtype): null

2024-11-07 17:57:08 - [TEST_STEP][PASSED] - openBrowser(""): Browser is opened with url: ''

2024-11-07 17:57:08 - [MESSAGE][WARNING] - A browser is already opened. Closing browser and opening a new one

2024-11-07 17:57:09 - [MESSAGE][INFO] - Starting 'Chrome' driver

2024-11-07 17:57:09 - [MESSAGE][INFO] - User set preference: ['acceptInsecureCerts', 'true']

2024-11-07 17:57:09 - [MESSAGE][INFO] - Action delay is set to 0 milliseconds

2024-11-07 17:57:11 - [MESSAGE][PASSED] - Browser is opened with url: ''

2024-11-07 17:57:11 - [TEST_STEP][PASSED] - maximizeWindow(): Current window maximized

2024-11-07 17:57:11 - [MESSAGE][PASSED] - Current window maximized

2024-11-07 17:57:11 - [TEST_STEP][PASSED] - navigateToUrl(RADurl): Navigate to 'https://www.velocitypayment.com/client/rad/index.html' successfully

2024-11-07 17:57:11 - [MESSAGE][PASSED] - Navigate to 'https://www.velocitypayment.com/client/rad/index.html' successfully

2024-11-07 17:57:11 - [TEST_STEP][PASSED] - orPath_Landing = "Object Repository/RAD_Pages/Landing_Page": null

2024-11-07 17:57:11 - [TEST_STEP][PASSED] - orPath_TaxTypeFilingYear = "Object Repository/RAD_Pages/TaxTypeFilingYear_Page": null

2024-11-07 17:57:11 - [TEST_STEP][PASSED] - orPath_TaxPayer = "Object Repository/RAD_Pages/Taxpayer_Page": null

2024-11-07 17:57:11 - [TEST_STEP][PASSED] - orPath_AddressContact = "Object Repository/RAD_Pages/AddressAndContactInfo_Page": null

2024-11-07 17:57:11 - [TEST_STEP][PASSED] - orPath_FilingStatus = "Object Repository/RAD_Pages/FilingStatus_Page": null

2024-11-07 17:57:11 - [TEST_STEP][PASSED] - orPath_Amount = "Object Repository/RAD_Pages/PaymentAmount_Page": null

2024-11-07 17:57:11 - [TEST_STEP][PASSED] - selectOptionByLabel(findTestObject(orPath_Landing + "/dd_TaxType"), Paymenttype, false): All options with label 'Existing Liability with Notice/Invoice Number' are selected in object 'Object Repository/RAD_Pages/Landing_Page/dd_TaxType' 

2024-11-07 17:57:14 - [MESSAGE][PASSED] - All options with label 'Existing Liability with Notice/Invoice Number' are selected in object 'Object Repository/RAD_Pages/Landing_Page/dd_TaxType' 

2024-11-07 17:57:14 - [TEST_STEP][PASSED] - delay(1): Delayed 1 second(s)

2024-11-07 17:57:15 - [MESSAGE][PASSED] - Delayed 1 second(s)

2024-11-07 17:57:15 - [TEST_STEP][PASSED] - switch (Paymenttype): null

2024-11-07 17:57:15 - [TEST_STEP][PASSED] - delay(1): Delayed 1 second(s)

2024-11-07 17:57:16 - [MESSAGE][PASSED] - Delayed 1 second(s)

2024-11-07 17:57:16 - [TEST_STEP][PASSED] - scrollToElement(findTestObject(orPath_Amount + "/input__paymentAmount"), 3): Scroll to object 'Object Repository/RAD_Pages/PaymentAmount_Page/input__paymentAmount' successfully

2024-11-07 17:57:16 - [MESSAGE][PASSED] - Scroll to object 'Object Repository/RAD_Pages/PaymentAmount_Page/input__paymentAmount' successfully

2024-11-07 17:57:16 - [TEST_STEP][PASSED] - setText(findTestObject(orPath_AddressContact + "/input_eMailAddress"), "imtiazster@gmail.com"): Text 'imtiazster@gmail.com' is set on object 'Object Repository/RAD_Pages/AddressAndContactInfo_Page/input_eMailAddress'

2024-11-07 17:57:17 - [MESSAGE][PASSED] - Text 'imtiazster@gmail.com' is set on object 'Object Repository/RAD_Pages/AddressAndContactInfo_Page/input_eMailAddress'

2024-11-07 17:57:17 - [TEST_STEP][PASSED] - setText(findTestObject(orPath_AddressContact + "/input_reEnterEMailAddress"), "iahmed@govolution.com"): Text 'iahmed@govolution.com' is set on object 'Object Repository/RAD_Pages/AddressAndContactInfo_Page/input_reEnterEMailAddress'

2024-11-07 17:57:18 - [MESSAGE][PASSED] - Text 'iahmed@govolution.com' is set on object 'Object Repository/RAD_Pages/AddressAndContactInfo_Page/input_reEnterEMailAddress'

2024-11-07 17:57:18 - [TEST_STEP][PASSED] - delay(2): Delayed 2 second(s)

2024-11-07 17:57:20 - [MESSAGE][PASSED] - Delayed 2 second(s)

2024-11-07 17:57:20 - [TEST_STEP][PASSED] - if (verifyTextPresent("The Email and Re-enter email do not match", true)): null

2024-11-07 17:57:20 - [MESSAGE][PASSED] - Text 'The Email and Re-enter email do not match' is present on page  using regular expression

2024-11-07 17:57:20 - [TEST_STEP][PASSED] - println("Emails Dont match text is present"): null

2024-11-07 17:57:20 - [TEST_STEP][PASSED] - out.println("Pass Record Number: " + row): null

2024-11-07 17:57:20 - [TEST_STEP][PASSED] - resText = "Pass": null

2024-11-07 17:57:20 - [TEST_STEP][PASSED] - pages.WriteExcel.demoKey(resText, datText, resColumn, datCloumn, fileLoc, nameSheet, row): pages.WriteExcel.demoKey is PASSED

2024-11-07 17:57:20 - [MESSAGE][PASSED] - pages.WriteExcel.demoKey is PASSED

2024-11-07 17:57:20 - [TEST_STEP][PASSED] - ExecuteTC = findTestData(dataFile).getValue("Execute", row): null

2024-11-07 17:57:21 - [TEST_STEP][PASSED] - Taxtype = findTestData(dataFile).getValue("TaxType", row): null

2024-11-07 17:57:21 - [TEST_STEP][PASSED] - Paymenttype = findTestData(dataFile).getValue("PaymentType", row): null

2024-11-07 17:57:21 - [TEST_STEP][PASSED] - out.println("Value of Execute is : " + ExecuteTC): null

2024-11-07 17:57:21 - [TEST_STEP][PASSED] - if (ExecuteTC.equalsIgnoreCase("Y")): null

2024-11-07 17:57:21 - [TEST_STEP][PASSED] - out.println("Begin Record Number: " + row): null

2024-11-07 17:57:21 - [TEST_STEP][PASSED] - today = new java.util.Date(): null

2024-11-07 17:57:21 - [TEST_STEP][PASSED] - println(today): null

2024-11-07 17:57:21 - [TEST_STEP][PASSED] - datText = today: null

2024-11-07 17:57:21 - [TEST_STEP][PASSED] - Taxtype = findTestData(dataFile).getValue("TaxType", row): null

2024-11-07 17:57:21 - [TEST_STEP][PASSED] - out.println("Taxtype value is : " + Taxtype): null

2024-11-07 17:57:21 - [TEST_STEP][PASSED] - openBrowser(""): Browser is opened with url: ''

2024-11-07 17:57:21 - [MESSAGE][WARNING] - A browser is already opened. Closing browser and opening a new one

2024-11-07 17:57:23 - [MESSAGE][INFO] - Starting 'Chrome' driver

2024-11-07 17:57:23 - [MESSAGE][INFO] - User set preference: ['acceptInsecureCerts', 'true']

2024-11-07 17:57:23 - [MESSAGE][INFO] - Action delay is set to 0 milliseconds

2024-11-07 17:57:25 - [MESSAGE][PASSED] - Browser is opened with url: ''

2024-11-07 17:57:25 - [TEST_STEP][PASSED] - maximizeWindow(): Current window maximized

2024-11-07 17:57:25 - [MESSAGE][PASSED] - Current window maximized

2024-11-07 17:57:25 - [TEST_STEP][PASSED] - navigateToUrl(RADurl): Navigate to 'https://www.velocitypayment.com/client/rad/index.html' successfully

2024-11-07 17:57:27 - [MESSAGE][PASSED] - Navigate to 'https://www.velocitypayment.com/client/rad/index.html' successfully

2024-11-07 17:57:27 - [TEST_STEP][PASSED] - orPath_Landing = "Object Repository/RAD_Pages/Landing_Page": null

2024-11-07 17:57:27 - [TEST_STEP][PASSED] - orPath_TaxTypeFilingYear = "Object Repository/RAD_Pages/TaxTypeFilingYear_Page": null

2024-11-07 17:57:27 - [TEST_STEP][PASSED] - orPath_TaxPayer = "Object Repository/RAD_Pages/Taxpayer_Page": null

2024-11-07 17:57:27 - [TEST_STEP][PASSED] - orPath_AddressContact = "Object Repository/RAD_Pages/AddressAndContactInfo_Page": null

2024-11-07 17:57:27 - [TEST_STEP][PASSED] - orPath_FilingStatus = "Object Repository/RAD_Pages/FilingStatus_Page": null

2024-11-07 17:57:27 - [TEST_STEP][PASSED] - orPath_Amount = "Object Repository/RAD_Pages/PaymentAmount_Page": null

2024-11-07 17:57:27 - [TEST_STEP][PASSED] - selectOptionByLabel(findTestObject(orPath_Landing + "/dd_TaxType"), Paymenttype, false): All options with label 'Existing Liability with Notice/Invoice Number' are selected in object 'Object Repository/RAD_Pages/Landing_Page/dd_TaxType' 

2024-11-07 17:57:27 - [MESSAGE][PASSED] - All options with label 'Existing Liability with Notice/Invoice Number' are selected in object 'Object Repository/RAD_Pages/Landing_Page/dd_TaxType' 

2024-11-07 17:57:27 - [TEST_STEP][PASSED] - delay(1): Delayed 1 second(s)

2024-11-07 17:57:28 - [MESSAGE][PASSED] - Delayed 1 second(s)

2024-11-07 17:57:28 - [TEST_STEP][PASSED] - switch (Paymenttype): null

2024-11-07 17:57:28 - [TEST_STEP][PASSED] - delay(1): Delayed 1 second(s)

2024-11-07 17:57:29 - [MESSAGE][PASSED] - Delayed 1 second(s)

2024-11-07 17:57:29 - [TEST_STEP][PASSED] - scrollToElement(findTestObject(orPath_Amount + "/input__paymentAmount"), 3): Scroll to object 'Object Repository/RAD_Pages/PaymentAmount_Page/input__paymentAmount' successfully

2024-11-07 17:57:30 - [MESSAGE][PASSED] - Scroll to object 'Object Repository/RAD_Pages/PaymentAmount_Page/input__paymentAmount' successfully

2024-11-07 17:57:30 - [TEST_STEP][PASSED] - setText(findTestObject(orPath_AddressContact + "/input_eMailAddress"), "imtiazster@gmail.com"): Text 'imtiazster@gmail.com' is set on object 'Object Repository/RAD_Pages/AddressAndContactInfo_Page/input_eMailAddress'

2024-11-07 17:57:31 - [MESSAGE][PASSED] - Text 'imtiazster@gmail.com' is set on object 'Object Repository/RAD_Pages/AddressAndContactInfo_Page/input_eMailAddress'

2024-11-07 17:57:31 - [TEST_STEP][PASSED] - setText(findTestObject(orPath_AddressContact + "/input_reEnterEMailAddress"), "iahmed@govolution.com"): Text 'iahmed@govolution.com' is set on object 'Object Repository/RAD_Pages/AddressAndContactInfo_Page/input_reEnterEMailAddress'

2024-11-07 17:57:31 - [MESSAGE][PASSED] - Text 'iahmed@govolution.com' is set on object 'Object Repository/RAD_Pages/AddressAndContactInfo_Page/input_reEnterEMailAddress'

2024-11-07 17:57:31 - [TEST_STEP][PASSED] - delay(2): Delayed 2 second(s)

2024-11-07 17:57:33 - [MESSAGE][PASSED] - Delayed 2 second(s)

2024-11-07 17:57:33 - [TEST_STEP][PASSED] - if (verifyTextPresent("The Email and Re-enter email do not match", true)): null

2024-11-07 17:57:34 - [MESSAGE][PASSED] - Text 'The Email and Re-enter email do not match' is present on page  using regular expression

2024-11-07 17:57:34 - [TEST_STEP][PASSED] - println("Emails Dont match text is present"): null

2024-11-07 17:57:34 - [TEST_STEP][PASSED] - out.println("Pass Record Number: " + row): null

2024-11-07 17:57:34 - [TEST_STEP][PASSED] - resText = "Pass": null

2024-11-07 17:57:34 - [TEST_STEP][PASSED] - pages.WriteExcel.demoKey(resText, datText, resColumn, datCloumn, fileLoc, nameSheet, row): pages.WriteExcel.demoKey is PASSED

2024-11-07 17:57:34 - [MESSAGE][PASSED] - pages.WriteExcel.demoKey is PASSED

2024-11-07 17:57:34 - [TEST_STEP][PASSED] - ExecuteTC = findTestData(dataFile).getValue("Execute", row): null

2024-11-07 17:57:34 - [TEST_STEP][PASSED] - Taxtype = findTestData(dataFile).getValue("TaxType", row): null

2024-11-07 17:57:34 - [TEST_STEP][PASSED] - Paymenttype = findTestData(dataFile).getValue("PaymentType", row): null

2024-11-07 17:57:34 - [TEST_STEP][PASSED] - out.println("Value of Execute is : " + ExecuteTC): null

2024-11-07 17:57:34 - [TEST_STEP][PASSED] - if (ExecuteTC.equalsIgnoreCase("Y")): null

2024-11-07 17:57:34 - [TEST_STEP][PASSED] - out.println("Begin Record Number: " + row): null

2024-11-07 17:57:34 - [TEST_STEP][PASSED] - today = new java.util.Date(): null

2024-11-07 17:57:34 - [TEST_STEP][PASSED] - println(today): null

2024-11-07 17:57:34 - [TEST_STEP][PASSED] - datText = today: null

2024-11-07 17:57:34 - [TEST_STEP][PASSED] - Taxtype = findTestData(dataFile).getValue("TaxType", row): null

2024-11-07 17:57:34 - [TEST_STEP][PASSED] - out.println("Taxtype value is : " + Taxtype): null

2024-11-07 17:57:34 - [TEST_STEP][PASSED] - openBrowser(""): Browser is opened with url: ''

2024-11-07 17:57:34 - [MESSAGE][WARNING] - A browser is already opened. Closing browser and opening a new one

2024-11-07 17:57:35 - [MESSAGE][INFO] - Starting 'Chrome' driver

2024-11-07 17:57:35 - [MESSAGE][INFO] - User set preference: ['acceptInsecureCerts', 'true']

2024-11-07 17:57:35 - [MESSAGE][INFO] - Action delay is set to 0 milliseconds

2024-11-07 17:57:37 - [MESSAGE][PASSED] - Browser is opened with url: ''

2024-11-07 17:57:37 - [TEST_STEP][PASSED] - maximizeWindow(): Current window maximized

2024-11-07 17:57:37 - [MESSAGE][PASSED] - Current window maximized

2024-11-07 17:57:37 - [TEST_STEP][PASSED] - navigateToUrl(RADurl): Navigate to 'https://www.velocitypayment.com/client/rad/index.html' successfully

2024-11-07 17:57:38 - [MESSAGE][PASSED] - Navigate to 'https://www.velocitypayment.com/client/rad/index.html' successfully

2024-11-07 17:57:38 - [TEST_STEP][PASSED] - orPath_Landing = "Object Repository/RAD_Pages/Landing_Page": null

2024-11-07 17:57:38 - [TEST_STEP][PASSED] - orPath_TaxTypeFilingYear = "Object Repository/RAD_Pages/TaxTypeFilingYear_Page": null

2024-11-07 17:57:38 - [TEST_STEP][PASSED] - orPath_TaxPayer = "Object Repository/RAD_Pages/Taxpayer_Page": null

2024-11-07 17:57:38 - [TEST_STEP][PASSED] - orPath_AddressContact = "Object Repository/RAD_Pages/AddressAndContactInfo_Page": null

2024-11-07 17:57:38 - [TEST_STEP][PASSED] - orPath_FilingStatus = "Object Repository/RAD_Pages/FilingStatus_Page": null

2024-11-07 17:57:38 - [TEST_STEP][PASSED] - orPath_Amount = "Object Repository/RAD_Pages/PaymentAmount_Page": null

2024-11-07 17:57:38 - [TEST_STEP][PASSED] - selectOptionByLabel(findTestObject(orPath_Landing + "/dd_TaxType"), Paymenttype, false): All options with label 'New Tax Return Amount Due' are selected in object 'Object Repository/RAD_Pages/Landing_Page/dd_TaxType' 

2024-11-07 17:57:40 - [MESSAGE][PASSED] - All options with label 'New Tax Return Amount Due' are selected in object 'Object Repository/RAD_Pages/Landing_Page/dd_TaxType' 

2024-11-07 17:57:40 - [TEST_STEP][PASSED] - delay(1): Delayed 1 second(s)

2024-11-07 17:57:41 - [MESSAGE][PASSED] - Delayed 1 second(s)

2024-11-07 17:57:41 - [TEST_STEP][PASSED] - switch (Paymenttype): null

2024-11-07 17:57:41 - [TEST_STEP][PASSED] - case "New Tax Return Amount Due":: null

2024-11-07 17:57:41 - [TEST_STEP][PASSED] - selectOptionByLabel(findTestObject("Object Repository/RAD_Pages/Landing_Page/select_NewTaxReturnAmountDue_TaxType"), Taxtype, false): All options with label 'Admissions and Amusement Tax' are selected in object 'Object Repository/RAD_Pages/Landing_Page/select_NewTaxReturnAmountDue_TaxType' 

2024-11-07 17:57:42 - [MESSAGE][PASSED] - All options with label 'Admissions and Amusement Tax' are selected in object 'Object Repository/RAD_Pages/Landing_Page/select_NewTaxReturnAmountDue_TaxType' 

2024-11-07 17:57:42 - [TEST_STEP][PASSED] - break: null

2024-11-07 17:57:42 - [TEST_STEP][PASSED] - delay(1): Delayed 1 second(s)

2024-11-07 17:57:43 - [MESSAGE][PASSED] - Delayed 1 second(s)

2024-11-07 17:57:43 - [TEST_STEP][PASSED] - scrollToElement(findTestObject(orPath_Amount + "/input__paymentAmount"), 3): Scroll to object 'Object Repository/RAD_Pages/PaymentAmount_Page/input__paymentAmount' successfully

2024-11-07 17:57:43 - [MESSAGE][PASSED] - Scroll to object 'Object Repository/RAD_Pages/PaymentAmount_Page/input__paymentAmount' successfully

2024-11-07 17:57:43 - [TEST_STEP][PASSED] - setText(findTestObject(orPath_AddressContact + "/input_eMailAddress"), "imtiazster@gmail.com"): Text 'imtiazster@gmail.com' is set on object 'Object Repository/RAD_Pages/AddressAndContactInfo_Page/input_eMailAddress'

2024-11-07 17:57:44 - [MESSAGE][PASSED] - Text 'imtiazster@gmail.com' is set on object 'Object Repository/RAD_Pages/AddressAndContactInfo_Page/input_eMailAddress'

2024-11-07 17:57:44 - [TEST_STEP][PASSED] - setText(findTestObject(orPath_AddressContact + "/input_reEnterEMailAddress"), "iahmed@govolution.com"): Text 'iahmed@govolution.com' is set on object 'Object Repository/RAD_Pages/AddressAndContactInfo_Page/input_reEnterEMailAddress'

2024-11-07 17:57:45 - [MESSAGE][PASSED] - Text 'iahmed@govolution.com' is set on object 'Object Repository/RAD_Pages/AddressAndContactInfo_Page/input_reEnterEMailAddress'

2024-11-07 17:57:45 - [TEST_STEP][PASSED] - delay(2): Delayed 2 second(s)

2024-11-07 17:57:47 - [MESSAGE][PASSED] - Delayed 2 second(s)

2024-11-07 17:57:47 - [TEST_STEP][PASSED] - if (verifyTextPresent("The Email and Re-enter email do not match", true)): null

2024-11-07 17:57:47 - [MESSAGE][PASSED] - Text 'The Email and Re-enter email do not match' is present on page  using regular expression

2024-11-07 17:57:47 - [TEST_STEP][PASSED] - println("Emails Dont match text is present"): null

2024-11-07 17:57:47 - [TEST_STEP][PASSED] - out.println("Pass Record Number: " + row): null

2024-11-07 17:57:47 - [TEST_STEP][PASSED] - resText = "Pass": null

2024-11-07 17:57:47 - [TEST_STEP][PASSED] - pages.WriteExcel.demoKey(resText, datText, resColumn, datCloumn, fileLoc, nameSheet, row): pages.WriteExcel.demoKey is PASSED

2024-11-07 17:57:47 - [MESSAGE][PASSED] - pages.WriteExcel.demoKey is PASSED

2024-11-07 17:57:47 - [TEST_STEP][PASSED] - ExecuteTC = findTestData(dataFile).getValue("Execute", row): null

2024-11-07 17:57:48 - [TEST_STEP][PASSED] - Taxtype = findTestData(dataFile).getValue("TaxType", row): null

2024-11-07 17:57:48 - [TEST_STEP][PASSED] - Paymenttype = findTestData(dataFile).getValue("PaymentType", row): null

2024-11-07 17:57:48 - [TEST_STEP][PASSED] - out.println("Value of Execute is : " + ExecuteTC): null

2024-11-07 17:57:48 - [TEST_STEP][PASSED] - if (ExecuteTC.equalsIgnoreCase("Y")): null

2024-11-07 17:57:48 - [TEST_STEP][PASSED] - out.println("Begin Record Number: " + row): null

2024-11-07 17:57:48 - [TEST_STEP][PASSED] - today = new java.util.Date(): null

2024-11-07 17:57:48 - [TEST_STEP][PASSED] - println(today): null

2024-11-07 17:57:48 - [TEST_STEP][PASSED] - datText = today: null

2024-11-07 17:57:48 - [TEST_STEP][PASSED] - Taxtype = findTestData(dataFile).getValue("TaxType", row): null

2024-11-07 17:57:48 - [TEST_STEP][PASSED] - out.println("Taxtype value is : " + Taxtype): null

2024-11-07 17:57:48 - [TEST_STEP][PASSED] - openBrowser(""): Browser is opened with url: ''

2024-11-07 17:57:48 - [MESSAGE][WARNING] - A browser is already opened. Closing browser and opening a new one

2024-11-07 17:57:49 - [MESSAGE][INFO] - Starting 'Chrome' driver

2024-11-07 17:57:49 - [MESSAGE][INFO] - User set preference: ['acceptInsecureCerts', 'true']

2024-11-07 17:57:49 - [MESSAGE][INFO] - Action delay is set to 0 milliseconds

2024-11-07 17:57:51 - [MESSAGE][PASSED] - Browser is opened with url: ''

2024-11-07 17:57:51 - [TEST_STEP][PASSED] - maximizeWindow(): Current window maximized

2024-11-07 17:57:51 - [MESSAGE][PASSED] - Current window maximized

2024-11-07 17:57:51 - [TEST_STEP][PASSED] - navigateToUrl(RADurl): Navigate to 'https://www.velocitypayment.com/client/rad/index.html' successfully

2024-11-07 17:57:53 - [MESSAGE][PASSED] - Navigate to 'https://www.velocitypayment.com/client/rad/index.html' successfully

2024-11-07 17:57:53 - [TEST_STEP][PASSED] - orPath_Landing = "Object Repository/RAD_Pages/Landing_Page": null

2024-11-07 17:57:53 - [TEST_STEP][PASSED] - orPath_TaxTypeFilingYear = "Object Repository/RAD_Pages/TaxTypeFilingYear_Page": null

2024-11-07 17:57:53 - [TEST_STEP][PASSED] - orPath_TaxPayer = "Object Repository/RAD_Pages/Taxpayer_Page": null

2024-11-07 17:57:53 - [TEST_STEP][PASSED] - orPath_AddressContact = "Object Repository/RAD_Pages/AddressAndContactInfo_Page": null

2024-11-07 17:57:53 - [TEST_STEP][PASSED] - orPath_FilingStatus = "Object Repository/RAD_Pages/FilingStatus_Page": null

2024-11-07 17:57:53 - [TEST_STEP][PASSED] - orPath_Amount = "Object Repository/RAD_Pages/PaymentAmount_Page": null

2024-11-07 17:57:53 - [TEST_STEP][PASSED] - selectOptionByLabel(findTestObject(orPath_Landing + "/dd_TaxType"), Paymenttype, false): All options with label 'New Tax Return Amount Due' are selected in object 'Object Repository/RAD_Pages/Landing_Page/dd_TaxType' 

2024-11-07 17:57:54 - [MESSAGE][PASSED] - All options with label 'New Tax Return Amount Due' are selected in object 'Object Repository/RAD_Pages/Landing_Page/dd_TaxType' 

2024-11-07 17:57:54 - [TEST_STEP][PASSED] - delay(1): Delayed 1 second(s)

2024-11-07 17:57:55 - [MESSAGE][PASSED] - Delayed 1 second(s)

2024-11-07 17:57:55 - [TEST_STEP][PASSED] - switch (Paymenttype): null

2024-11-07 17:57:55 - [TEST_STEP][PASSED] - case "New Tax Return Amount Due":: null

2024-11-07 17:57:55 - [TEST_STEP][PASSED] - selectOptionByLabel(findTestObject("Object Repository/RAD_Pages/Landing_Page/select_NewTaxReturnAmountDue_TaxType"), Taxtype, false): All options with label 'Alcohol Tax' are selected in object 'Object Repository/RAD_Pages/Landing_Page/select_NewTaxReturnAmountDue_TaxType' 

2024-11-07 17:57:56 - [MESSAGE][PASSED] - All options with label 'Alcohol Tax' are selected in object 'Object Repository/RAD_Pages/Landing_Page/select_NewTaxReturnAmountDue_TaxType' 

2024-11-07 17:57:56 - [TEST_STEP][PASSED] - break: null

2024-11-07 17:57:56 - [TEST_STEP][PASSED] - delay(1): Delayed 1 second(s)

2024-11-07 17:57:57 - [MESSAGE][PASSED] - Delayed 1 second(s)

2024-11-07 17:57:57 - [TEST_STEP][PASSED] - scrollToElement(findTestObject(orPath_Amount + "/input__paymentAmount"), 3): Scroll to object 'Object Repository/RAD_Pages/PaymentAmount_Page/input__paymentAmount' successfully

2024-11-07 17:57:57 - [MESSAGE][PASSED] - Scroll to object 'Object Repository/RAD_Pages/PaymentAmount_Page/input__paymentAmount' successfully

2024-11-07 17:57:57 - [TEST_STEP][PASSED] - setText(findTestObject(orPath_AddressContact + "/input_eMailAddress"), "imtiazster@gmail.com"): Text 'imtiazster@gmail.com' is set on object 'Object Repository/RAD_Pages/AddressAndContactInfo_Page/input_eMailAddress'

2024-11-07 17:57:58 - [MESSAGE][PASSED] - Text 'imtiazster@gmail.com' is set on object 'Object Repository/RAD_Pages/AddressAndContactInfo_Page/input_eMailAddress'

2024-11-07 17:57:58 - [TEST_STEP][PASSED] - setText(findTestObject(orPath_AddressContact + "/input_reEnterEMailAddress"), "iahmed@govolution.com"): Text 'iahmed@govolution.com' is set on object 'Object Repository/RAD_Pages/AddressAndContactInfo_Page/input_reEnterEMailAddress'

2024-11-07 17:57:59 - [MESSAGE][PASSED] - Text 'iahmed@govolution.com' is set on object 'Object Repository/RAD_Pages/AddressAndContactInfo_Page/input_reEnterEMailAddress'

2024-11-07 17:57:59 - [TEST_STEP][PASSED] - delay(2): Delayed 2 second(s)

2024-11-07 17:58:01 - [MESSAGE][PASSED] - Delayed 2 second(s)

2024-11-07 17:58:01 - [TEST_STEP][PASSED] - if (verifyTextPresent("The Email and Re-enter email do not match", true)): null

2024-11-07 17:58:01 - [MESSAGE][PASSED] - Text 'The Email and Re-enter email do not match' is present on page  using regular expression

2024-11-07 17:58:01 - [TEST_STEP][PASSED] - println("Emails Dont match text is present"): null

2024-11-07 17:58:01 - [TEST_STEP][PASSED] - out.println("Pass Record Number: " + row): null

2024-11-07 17:58:01 - [TEST_STEP][PASSED] - resText = "Pass": null

2024-11-07 17:58:01 - [TEST_STEP][PASSED] - pages.WriteExcel.demoKey(resText, datText, resColumn, datCloumn, fileLoc, nameSheet, row): pages.WriteExcel.demoKey is PASSED

2024-11-07 17:58:01 - [MESSAGE][PASSED] - pages.WriteExcel.demoKey is PASSED

2024-11-07 17:58:01 - [TEST_STEP][PASSED] - ExecuteTC = findTestData(dataFile).getValue("Execute", row): null

2024-11-07 17:58:01 - [TEST_STEP][PASSED] - Taxtype = findTestData(dataFile).getValue("TaxType", row): null

2024-11-07 17:58:01 - [TEST_STEP][PASSED] - Paymenttype = findTestData(dataFile).getValue("PaymentType", row): null

2024-11-07 17:58:01 - [TEST_STEP][PASSED] - out.println("Value of Execute is : " + ExecuteTC): null

2024-11-07 17:58:01 - [TEST_STEP][PASSED] - if (ExecuteTC.equalsIgnoreCase("Y")): null

2024-11-07 17:58:01 - [TEST_STEP][PASSED] - out.println("Begin Record Number: " + row): null

2024-11-07 17:58:01 - [TEST_STEP][PASSED] - today = new java.util.Date(): null

2024-11-07 17:58:01 - [TEST_STEP][PASSED] - println(today): null

2024-11-07 17:58:02 - [TEST_STEP][PASSED] - datText = today: null

2024-11-07 17:58:02 - [TEST_STEP][PASSED] - Taxtype = findTestData(dataFile).getValue("TaxType", row): null

2024-11-07 17:58:02 - [TEST_STEP][PASSED] - out.println("Taxtype value is : " + Taxtype): null

2024-11-07 17:58:02 - [TEST_STEP][PASSED] - openBrowser(""): Browser is opened with url: ''

2024-11-07 17:58:02 - [MESSAGE][WARNING] - A browser is already opened. Closing browser and opening a new one

2024-11-07 17:58:03 - [MESSAGE][INFO] - Starting 'Chrome' driver

2024-11-07 17:58:03 - [MESSAGE][INFO] - User set preference: ['acceptInsecureCerts', 'true']

2024-11-07 17:58:03 - [MESSAGE][INFO] - Action delay is set to 0 milliseconds

2024-11-07 17:58:05 - [MESSAGE][PASSED] - Browser is opened with url: ''

2024-11-07 17:58:05 - [TEST_STEP][PASSED] - maximizeWindow(): Current window maximized

2024-11-07 17:58:05 - [MESSAGE][PASSED] - Current window maximized

2024-11-07 17:58:05 - [TEST_STEP][PASSED] - navigateToUrl(RADurl): Navigate to 'https://www.velocitypayment.com/client/rad/index.html' successfully

2024-11-07 17:58:07 - [MESSAGE][PASSED] - Navigate to 'https://www.velocitypayment.com/client/rad/index.html' successfully

2024-11-07 17:58:07 - [TEST_STEP][PASSED] - orPath_Landing = "Object Repository/RAD_Pages/Landing_Page": null

2024-11-07 17:58:07 - [TEST_STEP][PASSED] - orPath_TaxTypeFilingYear = "Object Repository/RAD_Pages/TaxTypeFilingYear_Page": null

2024-11-07 17:58:07 - [TEST_STEP][PASSED] - orPath_TaxPayer = "Object Repository/RAD_Pages/Taxpayer_Page": null

2024-11-07 17:58:07 - [TEST_STEP][PASSED] - orPath_AddressContact = "Object Repository/RAD_Pages/AddressAndContactInfo_Page": null

2024-11-07 17:58:07 - [TEST_STEP][PASSED] - orPath_FilingStatus = "Object Repository/RAD_Pages/FilingStatus_Page": null

2024-11-07 17:58:07 - [TEST_STEP][PASSED] - orPath_Amount = "Object Repository/RAD_Pages/PaymentAmount_Page": null

2024-11-07 17:58:07 - [TEST_STEP][PASSED] - selectOptionByLabel(findTestObject(orPath_Landing + "/dd_TaxType"), Paymenttype, false): All options with label 'New Tax Return Amount Due' are selected in object 'Object Repository/RAD_Pages/Landing_Page/dd_TaxType' 

2024-11-07 17:58:07 - [MESSAGE][PASSED] - All options with label 'New Tax Return Amount Due' are selected in object 'Object Repository/RAD_Pages/Landing_Page/dd_TaxType' 

2024-11-07 17:58:07 - [TEST_STEP][PASSED] - delay(1): Delayed 1 second(s)

2024-11-07 17:58:08 - [MESSAGE][PASSED] - Delayed 1 second(s)

2024-11-07 17:58:08 - [TEST_STEP][PASSED] - switch (Paymenttype): null

2024-11-07 17:58:08 - [TEST_STEP][PASSED] - case "New Tax Return Amount Due":: null

2024-11-07 17:58:08 - [TEST_STEP][PASSED] - selectOptionByLabel(findTestObject("Object Repository/RAD_Pages/Landing_Page/select_NewTaxReturnAmountDue_TaxType"), Taxtype, false): All options with label 'Bay Restoration Fee' are selected in object 'Object Repository/RAD_Pages/Landing_Page/select_NewTaxReturnAmountDue_TaxType' 

2024-11-07 17:58:09 - [MESSAGE][PASSED] - All options with label 'Bay Restoration Fee' are selected in object 'Object Repository/RAD_Pages/Landing_Page/select_NewTaxReturnAmountDue_TaxType' 

2024-11-07 17:58:09 - [TEST_STEP][PASSED] - break: null

2024-11-07 17:58:09 - [TEST_STEP][PASSED] - delay(1): Delayed 1 second(s)

2024-11-07 17:58:10 - [MESSAGE][PASSED] - Delayed 1 second(s)

2024-11-07 17:58:10 - [TEST_STEP][PASSED] - scrollToElement(findTestObject(orPath_Amount + "/input__paymentAmount"), 3): Scroll to object 'Object Repository/RAD_Pages/PaymentAmount_Page/input__paymentAmount' successfully

2024-11-07 17:58:11 - [MESSAGE][PASSED] - Scroll to object 'Object Repository/RAD_Pages/PaymentAmount_Page/input__paymentAmount' successfully

2024-11-07 17:58:11 - [TEST_STEP][PASSED] - setText(findTestObject(orPath_AddressContact + "/input_eMailAddress"), "imtiazster@gmail.com"): Text 'imtiazster@gmail.com' is set on object 'Object Repository/RAD_Pages/AddressAndContactInfo_Page/input_eMailAddress'

2024-11-07 17:58:11 - [MESSAGE][PASSED] - Text 'imtiazster@gmail.com' is set on object 'Object Repository/RAD_Pages/AddressAndContactInfo_Page/input_eMailAddress'

2024-11-07 17:58:11 - [TEST_STEP][PASSED] - setText(findTestObject(orPath_AddressContact + "/input_reEnterEMailAddress"), "iahmed@govolution.com"): Text 'iahmed@govolution.com' is set on object 'Object Repository/RAD_Pages/AddressAndContactInfo_Page/input_reEnterEMailAddress'

2024-11-07 17:58:12 - [MESSAGE][PASSED] - Text 'iahmed@govolution.com' is set on object 'Object Repository/RAD_Pages/AddressAndContactInfo_Page/input_reEnterEMailAddress'

2024-11-07 17:58:12 - [TEST_STEP][PASSED] - delay(2): Delayed 2 second(s)

2024-11-07 17:58:14 - [MESSAGE][PASSED] - Delayed 2 second(s)

2024-11-07 17:58:14 - [TEST_STEP][PASSED] - if (verifyTextPresent("The Email and Re-enter email do not match", true)): null

2024-11-07 17:58:15 - [MESSAGE][PASSED] - Text 'The Email and Re-enter email do not match' is present on page  using regular expression

2024-11-07 17:58:15 - [TEST_STEP][PASSED] - println("Emails Dont match text is present"): null

2024-11-07 17:58:15 - [TEST_STEP][PASSED] - out.println("Pass Record Number: " + row): null

2024-11-07 17:58:15 - [TEST_STEP][PASSED] - resText = "Pass": null

2024-11-07 17:58:15 - [TEST_STEP][PASSED] - pages.WriteExcel.demoKey(resText, datText, resColumn, datCloumn, fileLoc, nameSheet, row): pages.WriteExcel.demoKey is PASSED

2024-11-07 17:58:15 - [MESSAGE][PASSED] - pages.WriteExcel.demoKey is PASSED

2024-11-07 17:58:15 - [TEST_STEP][PASSED] - ExecuteTC = findTestData(dataFile).getValue("Execute", row): null

2024-11-07 17:58:15 - [TEST_STEP][PASSED] - Taxtype = findTestData(dataFile).getValue("TaxType", row): null

2024-11-07 17:58:15 - [TEST_STEP][PASSED] - Paymenttype = findTestData(dataFile).getValue("PaymentType", row): null

2024-11-07 17:58:15 - [TEST_STEP][PASSED] - out.println("Value of Execute is : " + ExecuteTC): null

2024-11-07 17:58:15 - [TEST_STEP][PASSED] - if (ExecuteTC.equalsIgnoreCase("Y")): null

2024-11-07 17:58:15 - [TEST_STEP][PASSED] - out.println("Begin Record Number: " + row): null

2024-11-07 17:58:15 - [TEST_STEP][PASSED] - today = new java.util.Date(): null

2024-11-07 17:58:15 - [TEST_STEP][PASSED] - println(today): null

2024-11-07 17:58:15 - [TEST_STEP][PASSED] - datText = today: null

2024-11-07 17:58:15 - [TEST_STEP][PASSED] - Taxtype = findTestData(dataFile).getValue("TaxType", row): null

2024-11-07 17:58:15 - [TEST_STEP][PASSED] - out.println("Taxtype value is : " + Taxtype): null

2024-11-07 17:58:15 - [TEST_STEP][PASSED] - openBrowser(""): Browser is opened with url: ''

2024-11-07 17:58:15 - [MESSAGE][WARNING] - A browser is already opened. Closing browser and opening a new one

2024-11-07 17:58:16 - [MESSAGE][INFO] - Starting 'Chrome' driver

2024-11-07 17:58:16 - [MESSAGE][INFO] - User set preference: ['acceptInsecureCerts', 'true']

2024-11-07 17:58:16 - [MESSAGE][INFO] - Action delay is set to 0 milliseconds

2024-11-07 17:58:18 - [MESSAGE][PASSED] - Browser is opened with url: ''

2024-11-07 17:58:18 - [TEST_STEP][PASSED] - maximizeWindow(): Current window maximized

2024-11-07 17:58:18 - [MESSAGE][PASSED] - Current window maximized

2024-11-07 17:58:18 - [TEST_STEP][PASSED] - navigateToUrl(RADurl): Navigate to 'https://www.velocitypayment.com/client/rad/index.html' successfully

2024-11-07 17:58:20 - [MESSAGE][PASSED] - Navigate to 'https://www.velocitypayment.com/client/rad/index.html' successfully

2024-11-07 17:58:20 - [TEST_STEP][PASSED] - orPath_Landing = "Object Repository/RAD_Pages/Landing_Page": null

2024-11-07 17:58:20 - [TEST_STEP][PASSED] - orPath_TaxTypeFilingYear = "Object Repository/RAD_Pages/TaxTypeFilingYear_Page": null

2024-11-07 17:58:20 - [TEST_STEP][PASSED] - orPath_TaxPayer = "Object Repository/RAD_Pages/Taxpayer_Page": null

2024-11-07 17:58:20 - [TEST_STEP][PASSED] - orPath_AddressContact = "Object Repository/RAD_Pages/AddressAndContactInfo_Page": null

2024-11-07 17:58:20 - [TEST_STEP][PASSED] - orPath_FilingStatus = "Object Repository/RAD_Pages/FilingStatus_Page": null

2024-11-07 17:58:20 - [TEST_STEP][PASSED] - orPath_Amount = "Object Repository/RAD_Pages/PaymentAmount_Page": null

2024-11-07 17:58:20 - [TEST_STEP][PASSED] - selectOptionByLabel(findTestObject(orPath_Landing + "/dd_TaxType"), Paymenttype, false): All options with label 'New Tax Return Amount Due' are selected in object 'Object Repository/RAD_Pages/Landing_Page/dd_TaxType' 

2024-11-07 17:58:21 - [MESSAGE][PASSED] - All options with label 'New Tax Return Amount Due' are selected in object 'Object Repository/RAD_Pages/Landing_Page/dd_TaxType' 

2024-11-07 17:58:21 - [TEST_STEP][PASSED] - delay(1): Delayed 1 second(s)

2024-11-07 17:58:22 - [MESSAGE][PASSED] - Delayed 1 second(s)

2024-11-07 17:58:22 - [TEST_STEP][PASSED] - switch (Paymenttype): null

2024-11-07 17:58:22 - [TEST_STEP][PASSED] - case "New Tax Return Amount Due":: null

2024-11-07 17:58:22 - [TEST_STEP][PASSED] - selectOptionByLabel(findTestObject("Object Repository/RAD_Pages/Landing_Page/select_NewTaxReturnAmountDue_TaxType"), Taxtype, false): All options with label 'Corporate Income Tax' are selected in object 'Object Repository/RAD_Pages/Landing_Page/select_NewTaxReturnAmountDue_TaxType' 

2024-11-07 17:58:22 - [MESSAGE][PASSED] - All options with label 'Corporate Income Tax' are selected in object 'Object Repository/RAD_Pages/Landing_Page/select_NewTaxReturnAmountDue_TaxType' 

2024-11-07 17:58:22 - [TEST_STEP][PASSED] - break: null

2024-11-07 17:58:22 - [TEST_STEP][PASSED] - delay(1): Delayed 1 second(s)

2024-11-07 17:58:23 - [MESSAGE][PASSED] - Delayed 1 second(s)

2024-11-07 17:58:23 - [TEST_STEP][PASSED] - scrollToElement(findTestObject(orPath_Amount + "/input__paymentAmount"), 3): Scroll to object 'Object Repository/RAD_Pages/PaymentAmount_Page/input__paymentAmount' successfully

2024-11-07 17:58:24 - [MESSAGE][PASSED] - Scroll to object 'Object Repository/RAD_Pages/PaymentAmount_Page/input__paymentAmount' successfully

2024-11-07 17:58:24 - [TEST_STEP][PASSED] - setText(findTestObject(orPath_AddressContact + "/input_eMailAddress"), "imtiazster@gmail.com"): Text 'imtiazster@gmail.com' is set on object 'Object Repository/RAD_Pages/AddressAndContactInfo_Page/input_eMailAddress'

2024-11-07 17:58:25 - [MESSAGE][PASSED] - Text 'imtiazster@gmail.com' is set on object 'Object Repository/RAD_Pages/AddressAndContactInfo_Page/input_eMailAddress'

2024-11-07 17:58:25 - [TEST_STEP][PASSED] - setText(findTestObject(orPath_AddressContact + "/input_reEnterEMailAddress"), "iahmed@govolution.com"): Text 'iahmed@govolution.com' is set on object 'Object Repository/RAD_Pages/AddressAndContactInfo_Page/input_reEnterEMailAddress'

2024-11-07 17:58:26 - [MESSAGE][PASSED] - Text 'iahmed@govolution.com' is set on object 'Object Repository/RAD_Pages/AddressAndContactInfo_Page/input_reEnterEMailAddress'

2024-11-07 17:58:26 - [TEST_STEP][PASSED] - delay(2): Delayed 2 second(s)

2024-11-07 17:58:28 - [MESSAGE][PASSED] - Delayed 2 second(s)

2024-11-07 17:58:28 - [TEST_STEP][PASSED] - if (verifyTextPresent("The Email and Re-enter email do not match", true)): null

2024-11-07 17:58:28 - [MESSAGE][PASSED] - Text 'The Email and Re-enter email do not match' is present on page  using regular expression

2024-11-07 17:58:28 - [TEST_STEP][PASSED] - println("Emails Dont match text is present"): null

2024-11-07 17:58:28 - [TEST_STEP][PASSED] - out.println("Pass Record Number: " + row): null

2024-11-07 17:58:28 - [TEST_STEP][PASSED] - resText = "Pass": null

2024-11-07 17:58:28 - [TEST_STEP][PASSED] - pages.WriteExcel.demoKey(resText, datText, resColumn, datCloumn, fileLoc, nameSheet, row): pages.WriteExcel.demoKey is PASSED

2024-11-07 17:58:28 - [MESSAGE][PASSED] - pages.WriteExcel.demoKey is PASSED

2024-11-07 17:58:28 - [TEST_STEP][PASSED] - ExecuteTC = findTestData(dataFile).getValue("Execute", row): null

2024-11-07 17:58:28 - [TEST_STEP][PASSED] - Taxtype = findTestData(dataFile).getValue("TaxType", row): null

2024-11-07 17:58:28 - [TEST_STEP][PASSED] - Paymenttype = findTestData(dataFile).getValue("PaymentType", row): null

2024-11-07 17:58:28 - [TEST_STEP][PASSED] - out.println("Value of Execute is : " + ExecuteTC): null

2024-11-07 17:58:28 - [TEST_STEP][PASSED] - if (ExecuteTC.equalsIgnoreCase("Y")): null

2024-11-07 17:58:28 - [TEST_STEP][PASSED] - ExecuteTC = findTestData(dataFile).getValue("Execute", row): null

2024-11-07 17:58:28 - [TEST_STEP][PASSED] - Taxtype = findTestData(dataFile).getValue("TaxType", row): null

2024-11-07 17:58:28 - [TEST_STEP][PASSED] - Paymenttype = findTestData(dataFile).getValue("PaymentType", row): null

2024-11-07 17:58:28 - [TEST_STEP][PASSED] - out.println("Value of Execute is : " + ExecuteTC): null

2024-11-07 17:58:28 - [TEST_STEP][PASSED] - if (ExecuteTC.equalsIgnoreCase("Y")): null

2024-11-07 17:58:28 - [TEST_STEP][PASSED] - out.println("Begin Record Number: " + row): null

2024-11-07 17:58:28 - [TEST_STEP][PASSED] - today = new java.util.Date(): null

2024-11-07 17:58:28 - [TEST_STEP][PASSED] - println(today): null

2024-11-07 17:58:28 - [TEST_STEP][PASSED] - datText = today: null

2024-11-07 17:58:28 - [TEST_STEP][PASSED] - Taxtype = findTestData(dataFile).getValue("TaxType", row): null

2024-11-07 17:58:28 - [TEST_STEP][PASSED] - out.println("Taxtype value is : " + Taxtype): null

2024-11-07 17:58:28 - [TEST_STEP][PASSED] - openBrowser(""): Browser is opened with url: ''

2024-11-07 17:58:28 - [MESSAGE][WARNING] - A browser is already opened. Closing browser and opening a new one

2024-11-07 17:58:30 - [MESSAGE][INFO] - Starting 'Chrome' driver

2024-11-07 17:58:30 - [MESSAGE][INFO] - User set preference: ['acceptInsecureCerts', 'true']

2024-11-07 17:58:30 - [MESSAGE][INFO] - Action delay is set to 0 milliseconds

2024-11-07 17:58:31 - [MESSAGE][PASSED] - Browser is opened with url: ''

2024-11-07 17:58:31 - [TEST_STEP][PASSED] - maximizeWindow(): Current window maximized

2024-11-07 17:58:32 - [MESSAGE][PASSED] - Current window maximized

2024-11-07 17:58:32 - [TEST_STEP][PASSED] - navigateToUrl(RADurl): Navigate to 'https://www.velocitypayment.com/client/rad/index.html' successfully

2024-11-07 17:58:32 - [MESSAGE][PASSED] - Navigate to 'https://www.velocitypayment.com/client/rad/index.html' successfully

2024-11-07 17:58:32 - [TEST_STEP][PASSED] - orPath_Landing = "Object Repository/RAD_Pages/Landing_Page": null

2024-11-07 17:58:32 - [TEST_STEP][PASSED] - orPath_TaxTypeFilingYear = "Object Repository/RAD_Pages/TaxTypeFilingYear_Page": null

2024-11-07 17:58:32 - [TEST_STEP][PASSED] - orPath_TaxPayer = "Object Repository/RAD_Pages/Taxpayer_Page": null

2024-11-07 17:58:32 - [TEST_STEP][PASSED] - orPath_AddressContact = "Object Repository/RAD_Pages/AddressAndContactInfo_Page": null

2024-11-07 17:58:32 - [TEST_STEP][PASSED] - orPath_FilingStatus = "Object Repository/RAD_Pages/FilingStatus_Page": null

2024-11-07 17:58:32 - [TEST_STEP][PASSED] - orPath_Amount = "Object Repository/RAD_Pages/PaymentAmount_Page": null

2024-11-07 17:58:32 - [TEST_STEP][PASSED] - selectOptionByLabel(findTestObject(orPath_Landing + "/dd_TaxType"), Paymenttype, false): All options with label 'New Tax Return Amount Due' are selected in object 'Object Repository/RAD_Pages/Landing_Page/dd_TaxType' 

2024-11-07 17:58:34 - [MESSAGE][PASSED] - All options with label 'New Tax Return Amount Due' are selected in object 'Object Repository/RAD_Pages/Landing_Page/dd_TaxType' 

2024-11-07 17:58:34 - [TEST_STEP][PASSED] - delay(1): Delayed 1 second(s)

2024-11-07 17:58:35 - [MESSAGE][PASSED] - Delayed 1 second(s)

2024-11-07 17:58:35 - [TEST_STEP][PASSED] - switch (Paymenttype): null

2024-11-07 17:58:35 - [TEST_STEP][PASSED] - case "New Tax Return Amount Due":: null

2024-11-07 17:58:35 - [TEST_STEP][PASSED] - selectOptionByLabel(findTestObject("Object Repository/RAD_Pages/Landing_Page/select_NewTaxReturnAmountDue_TaxType"), Taxtype, false): All options with label 'Motor Fuel Tax' are selected in object 'Object Repository/RAD_Pages/Landing_Page/select_NewTaxReturnAmountDue_TaxType' 

2024-11-07 17:58:36 - [MESSAGE][PASSED] - All options with label 'Motor Fuel Tax' are selected in object 'Object Repository/RAD_Pages/Landing_Page/select_NewTaxReturnAmountDue_TaxType' 

2024-11-07 17:58:36 - [TEST_STEP][PASSED] - break: null

2024-11-07 17:58:36 - [TEST_STEP][PASSED] - delay(1): Delayed 1 second(s)

2024-11-07 17:58:37 - [MESSAGE][PASSED] - Delayed 1 second(s)

2024-11-07 17:58:37 - [TEST_STEP][PASSED] - scrollToElement(findTestObject(orPath_Amount + "/input__paymentAmount"), 3): Scroll to object 'Object Repository/RAD_Pages/PaymentAmount_Page/input__paymentAmount' successfully

2024-11-07 17:58:37 - [MESSAGE][PASSED] - Scroll to object 'Object Repository/RAD_Pages/PaymentAmount_Page/input__paymentAmount' successfully

2024-11-07 17:58:37 - [TEST_STEP][PASSED] - setText(findTestObject(orPath_AddressContact + "/input_eMailAddress"), "imtiazster@gmail.com"): Text 'imtiazster@gmail.com' is set on object 'Object Repository/RAD_Pages/AddressAndContactInfo_Page/input_eMailAddress'

2024-11-07 17:58:38 - [MESSAGE][PASSED] - Text 'imtiazster@gmail.com' is set on object 'Object Repository/RAD_Pages/AddressAndContactInfo_Page/input_eMailAddress'

2024-11-07 17:58:38 - [TEST_STEP][PASSED] - setText(findTestObject(orPath_AddressContact + "/input_reEnterEMailAddress"), "iahmed@govolution.com"): Text 'iahmed@govolution.com' is set on object 'Object Repository/RAD_Pages/AddressAndContactInfo_Page/input_reEnterEMailAddress'

2024-11-07 17:58:39 - [MESSAGE][PASSED] - Text 'iahmed@govolution.com' is set on object 'Object Repository/RAD_Pages/AddressAndContactInfo_Page/input_reEnterEMailAddress'

2024-11-07 17:58:39 - [TEST_STEP][PASSED] - delay(2): Delayed 2 second(s)

2024-11-07 17:58:41 - [MESSAGE][PASSED] - Delayed 2 second(s)

2024-11-07 17:58:41 - [TEST_STEP][PASSED] - if (verifyTextPresent("The Email and Re-enter email do not match", true)): null

2024-11-07 17:58:41 - [MESSAGE][PASSED] - Text 'The Email and Re-enter email do not match' is present on page  using regular expression

2024-11-07 17:58:41 - [TEST_STEP][PASSED] - println("Emails Dont match text is present"): null

2024-11-07 17:58:41 - [TEST_STEP][PASSED] - out.println("Pass Record Number: " + row): null

2024-11-07 17:58:41 - [TEST_STEP][PASSED] - resText = "Pass": null

2024-11-07 17:58:41 - [TEST_STEP][PASSED] - pages.WriteExcel.demoKey(resText, datText, resColumn, datCloumn, fileLoc, nameSheet, row): pages.WriteExcel.demoKey is PASSED

2024-11-07 17:58:42 - [MESSAGE][PASSED] - pages.WriteExcel.demoKey is PASSED

2024-11-07 17:58:42 - [TEST_STEP][PASSED] - ExecuteTC = findTestData(dataFile).getValue("Execute", row): null

2024-11-07 17:58:42 - [TEST_STEP][PASSED] - Taxtype = findTestData(dataFile).getValue("TaxType", row): null

2024-11-07 17:58:42 - [TEST_STEP][PASSED] - Paymenttype = findTestData(dataFile).getValue("PaymentType", row): null

2024-11-07 17:58:42 - [TEST_STEP][PASSED] - out.println("Value of Execute is : " + ExecuteTC): null

2024-11-07 17:58:42 - [TEST_STEP][PASSED] - if (ExecuteTC.equalsIgnoreCase("Y")): null

2024-11-07 17:58:42 - [TEST_STEP][PASSED] - out.println("Begin Record Number: " + row): null

2024-11-07 17:58:42 - [TEST_STEP][PASSED] - today = new java.util.Date(): null

2024-11-07 17:58:42 - [TEST_STEP][PASSED] - println(today): null

2024-11-07 17:58:42 - [TEST_STEP][PASSED] - datText = today: null

2024-11-07 17:58:42 - [TEST_STEP][PASSED] - Taxtype = findTestData(dataFile).getValue("TaxType", row): null

2024-11-07 17:58:42 - [TEST_STEP][PASSED] - out.println("Taxtype value is : " + Taxtype): null

2024-11-07 17:58:42 - [TEST_STEP][PASSED] - openBrowser(""): Browser is opened with url: ''

2024-11-07 17:58:42 - [MESSAGE][WARNING] - A browser is already opened. Closing browser and opening a new one

2024-11-07 17:58:44 - [MESSAGE][INFO] - Starting 'Chrome' driver

2024-11-07 17:58:44 - [MESSAGE][INFO] - User set preference: ['acceptInsecureCerts', 'true']

2024-11-07 17:58:44 - [MESSAGE][INFO] - Action delay is set to 0 milliseconds

2024-11-07 17:58:45 - [MESSAGE][PASSED] - Browser is opened with url: ''

2024-11-07 17:58:45 - [TEST_STEP][PASSED] - maximizeWindow(): Current window maximized

2024-11-07 17:58:46 - [MESSAGE][PASSED] - Current window maximized

2024-11-07 17:58:46 - [TEST_STEP][PASSED] - navigateToUrl(RADurl): Navigate to 'https://www.velocitypayment.com/client/rad/index.html' successfully

2024-11-07 17:58:46 - [MESSAGE][PASSED] - Navigate to 'https://www.velocitypayment.com/client/rad/index.html' successfully

2024-11-07 17:58:46 - [TEST_STEP][PASSED] - orPath_Landing = "Object Repository/RAD_Pages/Landing_Page": null

2024-11-07 17:58:46 - [TEST_STEP][PASSED] - orPath_TaxTypeFilingYear = "Object Repository/RAD_Pages/TaxTypeFilingYear_Page": null

2024-11-07 17:58:46 - [TEST_STEP][PASSED] - orPath_TaxPayer = "Object Repository/RAD_Pages/Taxpayer_Page": null

2024-11-07 17:58:46 - [TEST_STEP][PASSED] - orPath_AddressContact = "Object Repository/RAD_Pages/AddressAndContactInfo_Page": null

2024-11-07 17:58:46 - [TEST_STEP][PASSED] - orPath_FilingStatus = "Object Repository/RAD_Pages/FilingStatus_Page": null

2024-11-07 17:58:46 - [TEST_STEP][PASSED] - orPath_Amount = "Object Repository/RAD_Pages/PaymentAmount_Page": null

2024-11-07 17:58:46 - [TEST_STEP][PASSED] - selectOptionByLabel(findTestObject(orPath_Landing + "/dd_TaxType"), Paymenttype, false): All options with label 'New Tax Return Amount Due' are selected in object 'Object Repository/RAD_Pages/Landing_Page/dd_TaxType' 

2024-11-07 17:58:49 - [MESSAGE][PASSED] - All options with label 'New Tax Return Amount Due' are selected in object 'Object Repository/RAD_Pages/Landing_Page/dd_TaxType' 

2024-11-07 17:58:49 - [TEST_STEP][PASSED] - delay(1): Delayed 1 second(s)

2024-11-07 17:58:50 - [MESSAGE][PASSED] - Delayed 1 second(s)

2024-11-07 17:58:50 - [TEST_STEP][PASSED] - switch (Paymenttype): null

2024-11-07 17:58:50 - [TEST_STEP][PASSED] - case "New Tax Return Amount Due":: null

2024-11-07 17:58:50 - [TEST_STEP][PASSED] - selectOptionByLabel(findTestObject("Object Repository/RAD_Pages/Landing_Page/select_NewTaxReturnAmountDue_TaxType"), Taxtype, false): All options with label 'Sales and Use Tax' are selected in object 'Object Repository/RAD_Pages/Landing_Page/select_NewTaxReturnAmountDue_TaxType' 

2024-11-07 17:58:51 - [MESSAGE][PASSED] - All options with label 'Sales and Use Tax' are selected in object 'Object Repository/RAD_Pages/Landing_Page/select_NewTaxReturnAmountDue_TaxType' 

2024-11-07 17:58:51 - [TEST_STEP][PASSED] - break: null

2024-11-07 17:58:51 - [TEST_STEP][PASSED] - delay(1): Delayed 1 second(s)

2024-11-07 17:58:52 - [MESSAGE][PASSED] - Delayed 1 second(s)

2024-11-07 17:58:52 - [TEST_STEP][PASSED] - scrollToElement(findTestObject(orPath_Amount + "/input__paymentAmount"), 3): Scroll to object 'Object Repository/RAD_Pages/PaymentAmount_Page/input__paymentAmount' successfully

2024-11-07 17:58:52 - [MESSAGE][PASSED] - Scroll to object 'Object Repository/RAD_Pages/PaymentAmount_Page/input__paymentAmount' successfully

2024-11-07 17:58:52 - [TEST_STEP][PASSED] - setText(findTestObject(orPath_AddressContact + "/input_eMailAddress"), "imtiazster@gmail.com"): Text 'imtiazster@gmail.com' is set on object 'Object Repository/RAD_Pages/AddressAndContactInfo_Page/input_eMailAddress'

2024-11-07 17:58:53 - [MESSAGE][PASSED] - Text 'imtiazster@gmail.com' is set on object 'Object Repository/RAD_Pages/AddressAndContactInfo_Page/input_eMailAddress'

2024-11-07 17:58:53 - [TEST_STEP][PASSED] - setText(findTestObject(orPath_AddressContact + "/input_reEnterEMailAddress"), "iahmed@govolution.com"): Text 'iahmed@govolution.com' is set on object 'Object Repository/RAD_Pages/AddressAndContactInfo_Page/input_reEnterEMailAddress'

2024-11-07 17:58:54 - [MESSAGE][PASSED] - Text 'iahmed@govolution.com' is set on object 'Object Repository/RAD_Pages/AddressAndContactInfo_Page/input_reEnterEMailAddress'

2024-11-07 17:58:54 - [TEST_STEP][PASSED] - delay(2): Delayed 2 second(s)

2024-11-07 17:58:56 - [MESSAGE][PASSED] - Delayed 2 second(s)

2024-11-07 17:58:56 - [TEST_STEP][PASSED] - if (verifyTextPresent("The Email and Re-enter email do not match", true)): null

2024-11-07 17:58:56 - [MESSAGE][PASSED] - Text 'The Email and Re-enter email do not match' is present on page  using regular expression

2024-11-07 17:58:56 - [TEST_STEP][PASSED] - println("Emails Dont match text is present"): null

2024-11-07 17:58:56 - [TEST_STEP][PASSED] - out.println("Pass Record Number: " + row): null

2024-11-07 17:58:56 - [TEST_STEP][PASSED] - resText = "Pass": null

2024-11-07 17:58:56 - [TEST_STEP][PASSED] - pages.WriteExcel.demoKey(resText, datText, resColumn, datCloumn, fileLoc, nameSheet, row): pages.WriteExcel.demoKey is PASSED

2024-11-07 17:58:56 - [MESSAGE][PASSED] - pages.WriteExcel.demoKey is PASSED

2024-11-07 17:58:56 - [TEST_STEP][PASSED] - ExecuteTC = findTestData(dataFile).getValue("Execute", row): null

2024-11-07 17:58:57 - [TEST_STEP][PASSED] - Taxtype = findTestData(dataFile).getValue("TaxType", row): null

2024-11-07 17:58:57 - [TEST_STEP][PASSED] - Paymenttype = findTestData(dataFile).getValue("PaymentType", row): null

2024-11-07 17:58:57 - [TEST_STEP][PASSED] - out.println("Value of Execute is : " + ExecuteTC): null

2024-11-07 17:58:57 - [TEST_STEP][PASSED] - if (ExecuteTC.equalsIgnoreCase("Y")): null

2024-11-07 17:58:57 - [TEST_STEP][PASSED] - out.println("Begin Record Number: " + row): null

2024-11-07 17:58:57 - [TEST_STEP][PASSED] - today = new java.util.Date(): null

2024-11-07 17:58:57 - [TEST_STEP][PASSED] - println(today): null

2024-11-07 17:58:57 - [TEST_STEP][PASSED] - datText = today: null

2024-11-07 17:58:57 - [TEST_STEP][PASSED] - Taxtype = findTestData(dataFile).getValue("TaxType", row): null

2024-11-07 17:58:57 - [TEST_STEP][PASSED] - out.println("Taxtype value is : " + Taxtype): null

2024-11-07 17:58:57 - [TEST_STEP][PASSED] - openBrowser(""): Browser is opened with url: ''

2024-11-07 17:58:57 - [MESSAGE][WARNING] - A browser is already opened. Closing browser and opening a new one

2024-11-07 17:59:02 - [MESSAGE][INFO] - Starting 'Chrome' driver

2024-11-07 17:59:02 - [MESSAGE][INFO] - User set preference: ['acceptInsecureCerts', 'true']

2024-11-07 17:59:02 - [MESSAGE][INFO] - Action delay is set to 0 milliseconds

2024-11-07 17:59:04 - [MESSAGE][PASSED] - Browser is opened with url: ''

2024-11-07 17:59:04 - [TEST_STEP][PASSED] - maximizeWindow(): Current window maximized

2024-11-07 17:59:04 - [MESSAGE][PASSED] - Current window maximized

2024-11-07 17:59:04 - [TEST_STEP][PASSED] - navigateToUrl(RADurl): Navigate to 'https://www.velocitypayment.com/client/rad/index.html' successfully

2024-11-07 17:59:06 - [MESSAGE][PASSED] - Navigate to 'https://www.velocitypayment.com/client/rad/index.html' successfully

2024-11-07 17:59:06 - [TEST_STEP][PASSED] - orPath_Landing = "Object Repository/RAD_Pages/Landing_Page": null

2024-11-07 17:59:06 - [TEST_STEP][PASSED] - orPath_TaxTypeFilingYear = "Object Repository/RAD_Pages/TaxTypeFilingYear_Page": null

2024-11-07 17:59:06 - [TEST_STEP][PASSED] - orPath_TaxPayer = "Object Repository/RAD_Pages/Taxpayer_Page": null

2024-11-07 17:59:06 - [TEST_STEP][PASSED] - orPath_AddressContact = "Object Repository/RAD_Pages/AddressAndContactInfo_Page": null

2024-11-07 17:59:06 - [TEST_STEP][PASSED] - orPath_FilingStatus = "Object Repository/RAD_Pages/FilingStatus_Page": null

2024-11-07 17:59:06 - [TEST_STEP][PASSED] - orPath_Amount = "Object Repository/RAD_Pages/PaymentAmount_Page": null

2024-11-07 17:59:06 - [TEST_STEP][PASSED] - selectOptionByLabel(findTestObject(orPath_Landing + "/dd_TaxType"), Paymenttype, false): All options with label 'New Tax Return Amount Due' are selected in object 'Object Repository/RAD_Pages/Landing_Page/dd_TaxType' 

2024-11-07 17:59:06 - [MESSAGE][PASSED] - All options with label 'New Tax Return Amount Due' are selected in object 'Object Repository/RAD_Pages/Landing_Page/dd_TaxType' 

2024-11-07 17:59:06 - [TEST_STEP][PASSED] - delay(1): Delayed 1 second(s)

2024-11-07 17:59:07 - [MESSAGE][PASSED] - Delayed 1 second(s)

2024-11-07 17:59:07 - [TEST_STEP][PASSED] - switch (Paymenttype): null

2024-11-07 17:59:07 - [TEST_STEP][PASSED] - case "New Tax Return Amount Due":: null

2024-11-07 17:59:07 - [TEST_STEP][PASSED] - selectOptionByLabel(findTestObject("Object Repository/RAD_Pages/Landing_Page/select_NewTaxReturnAmountDue_TaxType"), Taxtype, false): All options with label 'Slots License Fee' are selected in object 'Object Repository/RAD_Pages/Landing_Page/select_NewTaxReturnAmountDue_TaxType' 

2024-11-07 17:59:08 - [MESSAGE][PASSED] - All options with label 'Slots License Fee' are selected in object 'Object Repository/RAD_Pages/Landing_Page/select_NewTaxReturnAmountDue_TaxType' 

2024-11-07 17:59:08 - [TEST_STEP][PASSED] - break: null

2024-11-07 17:59:08 - [TEST_STEP][PASSED] - delay(1): Delayed 1 second(s)

2024-11-07 17:59:09 - [MESSAGE][PASSED] - Delayed 1 second(s)

2024-11-07 17:59:09 - [TEST_STEP][PASSED] - scrollToElement(findTestObject(orPath_Amount + "/input__paymentAmount"), 3): Scroll to object 'Object Repository/RAD_Pages/PaymentAmount_Page/input__paymentAmount' successfully

2024-11-07 17:59:10 - [MESSAGE][PASSED] - Scroll to object 'Object Repository/RAD_Pages/PaymentAmount_Page/input__paymentAmount' successfully

2024-11-07 17:59:10 - [TEST_STEP][PASSED] - setText(findTestObject(orPath_AddressContact + "/input_eMailAddress"), "imtiazster@gmail.com"): Text 'imtiazster@gmail.com' is set on object 'Object Repository/RAD_Pages/AddressAndContactInfo_Page/input_eMailAddress'

2024-11-07 17:59:11 - [MESSAGE][PASSED] - Text 'imtiazster@gmail.com' is set on object 'Object Repository/RAD_Pages/AddressAndContactInfo_Page/input_eMailAddress'

2024-11-07 17:59:11 - [TEST_STEP][PASSED] - setText(findTestObject(orPath_AddressContact + "/input_reEnterEMailAddress"), "iahmed@govolution.com"): Text 'iahmed@govolution.com' is set on object 'Object Repository/RAD_Pages/AddressAndContactInfo_Page/input_reEnterEMailAddress'

2024-11-07 17:59:12 - [MESSAGE][PASSED] - Text 'iahmed@govolution.com' is set on object 'Object Repository/RAD_Pages/AddressAndContactInfo_Page/input_reEnterEMailAddress'

2024-11-07 17:59:12 - [TEST_STEP][PASSED] - delay(2): Delayed 2 second(s)

2024-11-07 17:59:14 - [MESSAGE][PASSED] - Delayed 2 second(s)

2024-11-07 17:59:14 - [TEST_STEP][PASSED] - if (verifyTextPresent("The Email and Re-enter email do not match", true)): null

2024-11-07 17:59:14 - [MESSAGE][PASSED] - Text 'The Email and Re-enter email do not match' is present on page  using regular expression

2024-11-07 17:59:14 - [TEST_STEP][PASSED] - println("Emails Dont match text is present"): null

2024-11-07 17:59:14 - [TEST_STEP][PASSED] - out.println("Pass Record Number: " + row): null

2024-11-07 17:59:14 - [TEST_STEP][PASSED] - resText = "Pass": null

2024-11-07 17:59:14 - [TEST_STEP][PASSED] - pages.WriteExcel.demoKey(resText, datText, resColumn, datCloumn, fileLoc, nameSheet, row): pages.WriteExcel.demoKey is PASSED

2024-11-07 17:59:14 - [MESSAGE][PASSED] - pages.WriteExcel.demoKey is PASSED

2024-11-07 17:59:14 - [TEST_STEP][PASSED] - ExecuteTC = findTestData(dataFile).getValue("Execute", row): null

2024-11-07 17:59:14 - [TEST_STEP][PASSED] - Taxtype = findTestData(dataFile).getValue("TaxType", row): null

2024-11-07 17:59:14 - [TEST_STEP][PASSED] - Paymenttype = findTestData(dataFile).getValue("PaymentType", row): null

2024-11-07 17:59:14 - [TEST_STEP][PASSED] - out.println("Value of Execute is : " + ExecuteTC): null

2024-11-07 17:59:14 - [TEST_STEP][PASSED] - if (ExecuteTC.equalsIgnoreCase("Y")): null

2024-11-07 17:59:14 - [TEST_STEP][PASSED] - out.println("Begin Record Number: " + row): null

2024-11-07 17:59:14 - [TEST_STEP][PASSED] - today = new java.util.Date(): null

2024-11-07 17:59:14 - [TEST_STEP][PASSED] - println(today): null

2024-11-07 17:59:14 - [TEST_STEP][PASSED] - datText = today: null

2024-11-07 17:59:14 - [TEST_STEP][PASSED] - Taxtype = findTestData(dataFile).getValue("TaxType", row): null

2024-11-07 17:59:14 - [TEST_STEP][PASSED] - out.println("Taxtype value is : " + Taxtype): null

2024-11-07 17:59:14 - [TEST_STEP][PASSED] - openBrowser(""): Browser is opened with url: ''

2024-11-07 17:59:14 - [MESSAGE][WARNING] - A browser is already opened. Closing browser and opening a new one

2024-11-07 17:59:16 - [MESSAGE][INFO] - Starting 'Chrome' driver

2024-11-07 17:59:16 - [MESSAGE][INFO] - User set preference: ['acceptInsecureCerts', 'true']

2024-11-07 17:59:16 - [MESSAGE][INFO] - Action delay is set to 0 milliseconds

2024-11-07 17:59:17 - [MESSAGE][PASSED] - Browser is opened with url: ''

2024-11-07 17:59:17 - [TEST_STEP][PASSED] - maximizeWindow(): Current window maximized

2024-11-07 17:59:18 - [MESSAGE][PASSED] - Current window maximized

2024-11-07 17:59:18 - [TEST_STEP][PASSED] - navigateToUrl(RADurl): Navigate to 'https://www.velocitypayment.com/client/rad/index.html' successfully

2024-11-07 17:59:18 - [MESSAGE][PASSED] - Navigate to 'https://www.velocitypayment.com/client/rad/index.html' successfully

2024-11-07 17:59:18 - [TEST_STEP][PASSED] - orPath_Landing = "Object Repository/RAD_Pages/Landing_Page": null

2024-11-07 17:59:18 - [TEST_STEP][PASSED] - orPath_TaxTypeFilingYear = "Object Repository/RAD_Pages/TaxTypeFilingYear_Page": null

2024-11-07 17:59:18 - [TEST_STEP][PASSED] - orPath_TaxPayer = "Object Repository/RAD_Pages/Taxpayer_Page": null

2024-11-07 17:59:18 - [TEST_STEP][PASSED] - orPath_AddressContact = "Object Repository/RAD_Pages/AddressAndContactInfo_Page": null

2024-11-07 17:59:18 - [TEST_STEP][PASSED] - orPath_FilingStatus = "Object Repository/RAD_Pages/FilingStatus_Page": null

2024-11-07 17:59:18 - [TEST_STEP][PASSED] - orPath_Amount = "Object Repository/RAD_Pages/PaymentAmount_Page": null

2024-11-07 17:59:18 - [TEST_STEP][PASSED] - selectOptionByLabel(findTestObject(orPath_Landing + "/dd_TaxType"), Paymenttype, false): All options with label 'New Tax Return Amount Due' are selected in object 'Object Repository/RAD_Pages/Landing_Page/dd_TaxType' 

2024-11-07 17:59:20 - [MESSAGE][PASSED] - All options with label 'New Tax Return Amount Due' are selected in object 'Object Repository/RAD_Pages/Landing_Page/dd_TaxType' 

2024-11-07 17:59:20 - [TEST_STEP][PASSED] - delay(1): Delayed 1 second(s)

2024-11-07 17:59:21 - [MESSAGE][PASSED] - Delayed 1 second(s)

2024-11-07 17:59:21 - [TEST_STEP][PASSED] - switch (Paymenttype): null

2024-11-07 17:59:21 - [TEST_STEP][PASSED] - case "New Tax Return Amount Due":: null

2024-11-07 17:59:21 - [TEST_STEP][PASSED] - selectOptionByLabel(findTestObject("Object Repository/RAD_Pages/Landing_Page/select_NewTaxReturnAmountDue_TaxType"), Taxtype, false): All options with label 'Tire Recycling Fee' are selected in object 'Object Repository/RAD_Pages/Landing_Page/select_NewTaxReturnAmountDue_TaxType' 

2024-11-07 17:59:22 - [MESSAGE][PASSED] - All options with label 'Tire Recycling Fee' are selected in object 'Object Repository/RAD_Pages/Landing_Page/select_NewTaxReturnAmountDue_TaxType' 

2024-11-07 17:59:22 - [TEST_STEP][PASSED] - break: null

2024-11-07 17:59:22 - [TEST_STEP][PASSED] - delay(1): Delayed 1 second(s)

2024-11-07 17:59:23 - [MESSAGE][PASSED] - Delayed 1 second(s)

2024-11-07 17:59:23 - [TEST_STEP][PASSED] - scrollToElement(findTestObject(orPath_Amount + "/input__paymentAmount"), 3): Scroll to object 'Object Repository/RAD_Pages/PaymentAmount_Page/input__paymentAmount' successfully

2024-11-07 17:59:24 - [MESSAGE][PASSED] - Scroll to object 'Object Repository/RAD_Pages/PaymentAmount_Page/input__paymentAmount' successfully

2024-11-07 17:59:24 - [TEST_STEP][PASSED] - setText(findTestObject(orPath_AddressContact + "/input_eMailAddress"), "imtiazster@gmail.com"): Text 'imtiazster@gmail.com' is set on object 'Object Repository/RAD_Pages/AddressAndContactInfo_Page/input_eMailAddress'

2024-11-07 17:59:25 - [MESSAGE][PASSED] - Text 'imtiazster@gmail.com' is set on object 'Object Repository/RAD_Pages/AddressAndContactInfo_Page/input_eMailAddress'

2024-11-07 17:59:25 - [TEST_STEP][PASSED] - setText(findTestObject(orPath_AddressContact + "/input_reEnterEMailAddress"), "iahmed@govolution.com"): Text 'iahmed@govolution.com' is set on object 'Object Repository/RAD_Pages/AddressAndContactInfo_Page/input_reEnterEMailAddress'

2024-11-07 17:59:25 - [MESSAGE][PASSED] - Text 'iahmed@govolution.com' is set on object 'Object Repository/RAD_Pages/AddressAndContactInfo_Page/input_reEnterEMailAddress'

2024-11-07 17:59:25 - [TEST_STEP][PASSED] - delay(2): Delayed 2 second(s)

2024-11-07 17:59:27 - [MESSAGE][PASSED] - Delayed 2 second(s)

2024-11-07 17:59:27 - [TEST_STEP][PASSED] - if (verifyTextPresent("The Email and Re-enter email do not match", true)): null

2024-11-07 17:59:28 - [MESSAGE][PASSED] - Text 'The Email and Re-enter email do not match' is present on page  using regular expression

2024-11-07 17:59:28 - [TEST_STEP][PASSED] - println("Emails Dont match text is present"): null

2024-11-07 17:59:28 - [TEST_STEP][PASSED] - out.println("Pass Record Number: " + row): null

2024-11-07 17:59:28 - [TEST_STEP][PASSED] - resText = "Pass": null

2024-11-07 17:59:28 - [TEST_STEP][PASSED] - pages.WriteExcel.demoKey(resText, datText, resColumn, datCloumn, fileLoc, nameSheet, row): pages.WriteExcel.demoKey is PASSED

2024-11-07 17:59:28 - [MESSAGE][PASSED] - pages.WriteExcel.demoKey is PASSED

2024-11-07 17:59:28 - [TEST_STEP][PASSED] - ExecuteTC = findTestData(dataFile).getValue("Execute", row): null

2024-11-07 17:59:28 - [TEST_STEP][PASSED] - Taxtype = findTestData(dataFile).getValue("TaxType", row): null

2024-11-07 17:59:28 - [TEST_STEP][PASSED] - Paymenttype = findTestData(dataFile).getValue("PaymentType", row): null

2024-11-07 17:59:28 - [TEST_STEP][PASSED] - out.println("Value of Execute is : " + ExecuteTC): null

2024-11-07 17:59:28 - [TEST_STEP][PASSED] - if (ExecuteTC.equalsIgnoreCase("Y")): null

2024-11-07 17:59:28 - [TEST_STEP][PASSED] - out.println("Begin Record Number: " + row): null

2024-11-07 17:59:28 - [TEST_STEP][PASSED] - today = new java.util.Date(): null

2024-11-07 17:59:28 - [TEST_STEP][PASSED] - println(today): null

2024-11-07 17:59:28 - [TEST_STEP][PASSED] - datText = today: null

2024-11-07 17:59:28 - [TEST_STEP][PASSED] - Taxtype = findTestData(dataFile).getValue("TaxType", row): null

2024-11-07 17:59:28 - [TEST_STEP][PASSED] - out.println("Taxtype value is : " + Taxtype): null

2024-11-07 17:59:28 - [TEST_STEP][PASSED] - openBrowser(""): Browser is opened with url: ''

2024-11-07 17:59:28 - [MESSAGE][WARNING] - A browser is already opened. Closing browser and opening a new one

2024-11-07 17:59:30 - [MESSAGE][INFO] - Starting 'Chrome' driver

2024-11-07 17:59:30 - [MESSAGE][INFO] - User set preference: ['acceptInsecureCerts', 'true']

2024-11-07 17:59:30 - [MESSAGE][INFO] - Action delay is set to 0 milliseconds

2024-11-07 17:59:32 - [MESSAGE][PASSED] - Browser is opened with url: ''

2024-11-07 17:59:32 - [TEST_STEP][PASSED] - maximizeWindow(): Current window maximized

2024-11-07 17:59:32 - [MESSAGE][PASSED] - Current window maximized

2024-11-07 17:59:32 - [TEST_STEP][PASSED] - navigateToUrl(RADurl): Navigate to 'https://www.velocitypayment.com/client/rad/index.html' successfully

2024-11-07 17:59:34 - [MESSAGE][PASSED] - Navigate to 'https://www.velocitypayment.com/client/rad/index.html' successfully

2024-11-07 17:59:34 - [TEST_STEP][PASSED] - orPath_Landing = "Object Repository/RAD_Pages/Landing_Page": null

2024-11-07 17:59:34 - [TEST_STEP][PASSED] - orPath_TaxTypeFilingYear = "Object Repository/RAD_Pages/TaxTypeFilingYear_Page": null

2024-11-07 17:59:34 - [TEST_STEP][PASSED] - orPath_TaxPayer = "Object Repository/RAD_Pages/Taxpayer_Page": null

2024-11-07 17:59:34 - [TEST_STEP][PASSED] - orPath_AddressContact = "Object Repository/RAD_Pages/AddressAndContactInfo_Page": null

2024-11-07 17:59:34 - [TEST_STEP][PASSED] - orPath_FilingStatus = "Object Repository/RAD_Pages/FilingStatus_Page": null

2024-11-07 17:59:34 - [TEST_STEP][PASSED] - orPath_Amount = "Object Repository/RAD_Pages/PaymentAmount_Page": null

2024-11-07 17:59:34 - [TEST_STEP][PASSED] - selectOptionByLabel(findTestObject(orPath_Landing + "/dd_TaxType"), Paymenttype, false): All options with label 'New Tax Return Amount Due' are selected in object 'Object Repository/RAD_Pages/Landing_Page/dd_TaxType' 

2024-11-07 17:59:34 - [MESSAGE][PASSED] - All options with label 'New Tax Return Amount Due' are selected in object 'Object Repository/RAD_Pages/Landing_Page/dd_TaxType' 

2024-11-07 17:59:34 - [TEST_STEP][PASSED] - delay(1): Delayed 1 second(s)

2024-11-07 17:59:35 - [MESSAGE][PASSED] - Delayed 1 second(s)

2024-11-07 17:59:35 - [TEST_STEP][PASSED] - switch (Paymenttype): null

2024-11-07 17:59:35 - [TEST_STEP][PASSED] - case "New Tax Return Amount Due":: null

2024-11-07 17:59:35 - [TEST_STEP][PASSED] - selectOptionByLabel(findTestObject("Object Repository/RAD_Pages/Landing_Page/select_NewTaxReturnAmountDue_TaxType"), Taxtype, false): All options with label 'Tobacco Tax' are selected in object 'Object Repository/RAD_Pages/Landing_Page/select_NewTaxReturnAmountDue_TaxType' 

2024-11-07 17:59:36 - [MESSAGE][PASSED] - All options with label 'Tobacco Tax' are selected in object 'Object Repository/RAD_Pages/Landing_Page/select_NewTaxReturnAmountDue_TaxType' 

2024-11-07 17:59:36 - [TEST_STEP][PASSED] - break: null

2024-11-07 17:59:36 - [TEST_STEP][PASSED] - delay(1): Delayed 1 second(s)

2024-11-07 17:59:37 - [MESSAGE][PASSED] - Delayed 1 second(s)

2024-11-07 17:59:37 - [TEST_STEP][PASSED] - scrollToElement(findTestObject(orPath_Amount + "/input__paymentAmount"), 3): Scroll to object 'Object Repository/RAD_Pages/PaymentAmount_Page/input__paymentAmount' successfully

2024-11-07 17:59:38 - [MESSAGE][PASSED] - Scroll to object 'Object Repository/RAD_Pages/PaymentAmount_Page/input__paymentAmount' successfully

2024-11-07 17:59:38 - [TEST_STEP][PASSED] - setText(findTestObject(orPath_AddressContact + "/input_eMailAddress"), "imtiazster@gmail.com"): Text 'imtiazster@gmail.com' is set on object 'Object Repository/RAD_Pages/AddressAndContactInfo_Page/input_eMailAddress'

2024-11-07 17:59:39 - [MESSAGE][PASSED] - Text 'imtiazster@gmail.com' is set on object 'Object Repository/RAD_Pages/AddressAndContactInfo_Page/input_eMailAddress'

2024-11-07 17:59:39 - [TEST_STEP][PASSED] - setText(findTestObject(orPath_AddressContact + "/input_reEnterEMailAddress"), "iahmed@govolution.com"): Text 'iahmed@govolution.com' is set on object 'Object Repository/RAD_Pages/AddressAndContactInfo_Page/input_reEnterEMailAddress'

2024-11-07 17:59:39 - [MESSAGE][PASSED] - Text 'iahmed@govolution.com' is set on object 'Object Repository/RAD_Pages/AddressAndContactInfo_Page/input_reEnterEMailAddress'

2024-11-07 17:59:39 - [TEST_STEP][PASSED] - delay(2): Delayed 2 second(s)

2024-11-07 17:59:41 - [MESSAGE][PASSED] - Delayed 2 second(s)

2024-11-07 17:59:41 - [TEST_STEP][PASSED] - if (verifyTextPresent("The Email and Re-enter email do not match", true)): null

2024-11-07 17:59:42 - [MESSAGE][PASSED] - Text 'The Email and Re-enter email do not match' is present on page  using regular expression

2024-11-07 17:59:42 - [TEST_STEP][PASSED] - println("Emails Dont match text is present"): null

2024-11-07 17:59:42 - [TEST_STEP][PASSED] - out.println("Pass Record Number: " + row): null

2024-11-07 17:59:42 - [TEST_STEP][PASSED] - resText = "Pass": null

2024-11-07 17:59:42 - [TEST_STEP][PASSED] - pages.WriteExcel.demoKey(resText, datText, resColumn, datCloumn, fileLoc, nameSheet, row): pages.WriteExcel.demoKey is PASSED

2024-11-07 17:59:42 - [MESSAGE][PASSED] - pages.WriteExcel.demoKey is PASSED

2024-11-07 17:59:42 - [TEST_STEP][PASSED] - ExecuteTC = findTestData(dataFile).getValue("Execute", row): null

2024-11-07 17:59:42 - [TEST_STEP][PASSED] - Taxtype = findTestData(dataFile).getValue("TaxType", row): null

2024-11-07 17:59:42 - [TEST_STEP][PASSED] - Paymenttype = findTestData(dataFile).getValue("PaymentType", row): null

2024-11-07 17:59:42 - [TEST_STEP][PASSED] - out.println("Value of Execute is : " + ExecuteTC): null

2024-11-07 17:59:42 - [TEST_STEP][PASSED] - if (ExecuteTC.equalsIgnoreCase("Y")): null

2024-11-07 17:59:42 - [TEST_STEP][PASSED] - out.println("Begin Record Number: " + row): null

2024-11-07 17:59:42 - [TEST_STEP][PASSED] - today = new java.util.Date(): null

2024-11-07 17:59:42 - [TEST_STEP][PASSED] - println(today): null

2024-11-07 17:59:42 - [TEST_STEP][PASSED] - datText = today: null

2024-11-07 17:59:42 - [TEST_STEP][PASSED] - Taxtype = findTestData(dataFile).getValue("TaxType", row): null

2024-11-07 17:59:42 - [TEST_STEP][PASSED] - out.println("Taxtype value is : " + Taxtype): null

2024-11-07 17:59:42 - [TEST_STEP][PASSED] - openBrowser(""): Browser is opened with url: ''

2024-11-07 17:59:42 - [MESSAGE][WARNING] - A browser is already opened. Closing browser and opening a new one

2024-11-07 17:59:44 - [MESSAGE][INFO] - Starting 'Chrome' driver

2024-11-07 17:59:44 - [MESSAGE][INFO] - User set preference: ['acceptInsecureCerts', 'true']

2024-11-07 17:59:44 - [MESSAGE][INFO] - Action delay is set to 0 milliseconds

2024-11-07 17:59:46 - [MESSAGE][PASSED] - Browser is opened with url: ''

2024-11-07 17:59:46 - [TEST_STEP][PASSED] - maximizeWindow(): Current window maximized

2024-11-07 17:59:46 - [MESSAGE][PASSED] - Current window maximized

2024-11-07 17:59:46 - [TEST_STEP][PASSED] - navigateToUrl(RADurl): Navigate to 'https://www.velocitypayment.com/client/rad/index.html' successfully

2024-11-07 17:59:46 - [MESSAGE][PASSED] - Navigate to 'https://www.velocitypayment.com/client/rad/index.html' successfully

2024-11-07 17:59:46 - [TEST_STEP][PASSED] - orPath_Landing = "Object Repository/RAD_Pages/Landing_Page": null

2024-11-07 17:59:46 - [TEST_STEP][PASSED] - orPath_TaxTypeFilingYear = "Object Repository/RAD_Pages/TaxTypeFilingYear_Page": null

2024-11-07 17:59:46 - [TEST_STEP][PASSED] - orPath_TaxPayer = "Object Repository/RAD_Pages/Taxpayer_Page": null

2024-11-07 17:59:46 - [TEST_STEP][PASSED] - orPath_AddressContact = "Object Repository/RAD_Pages/AddressAndContactInfo_Page": null

2024-11-07 17:59:46 - [TEST_STEP][PASSED] - orPath_FilingStatus = "Object Repository/RAD_Pages/FilingStatus_Page": null

2024-11-07 17:59:46 - [TEST_STEP][PASSED] - orPath_Amount = "Object Repository/RAD_Pages/PaymentAmount_Page": null

2024-11-07 17:59:46 - [TEST_STEP][PASSED] - selectOptionByLabel(findTestObject(orPath_Landing + "/dd_TaxType"), Paymenttype, false): All options with label 'New Tax Return Amount Due' are selected in object 'Object Repository/RAD_Pages/Landing_Page/dd_TaxType' 

2024-11-07 17:59:49 - [MESSAGE][PASSED] - All options with label 'New Tax Return Amount Due' are selected in object 'Object Repository/RAD_Pages/Landing_Page/dd_TaxType' 

2024-11-07 17:59:49 - [TEST_STEP][PASSED] - delay(1): Delayed 1 second(s)

2024-11-07 17:59:50 - [MESSAGE][PASSED] - Delayed 1 second(s)

2024-11-07 17:59:50 - [TEST_STEP][PASSED] - switch (Paymenttype): null

2024-11-07 17:59:50 - [TEST_STEP][PASSED] - case "New Tax Return Amount Due":: null

2024-11-07 17:59:50 - [TEST_STEP][PASSED] - selectOptionByLabel(findTestObject("Object Repository/RAD_Pages/Landing_Page/select_NewTaxReturnAmountDue_TaxType"), Taxtype, false): All options with label 'Transportation Network Services' are selected in object 'Object Repository/RAD_Pages/Landing_Page/select_NewTaxReturnAmountDue_TaxType' 

2024-11-07 17:59:51 - [MESSAGE][PASSED] - All options with label 'Transportation Network Services' are selected in object 'Object Repository/RAD_Pages/Landing_Page/select_NewTaxReturnAmountDue_TaxType' 

2024-11-07 17:59:51 - [TEST_STEP][PASSED] - break: null

2024-11-07 17:59:51 - [TEST_STEP][PASSED] - delay(1): Delayed 1 second(s)

2024-11-07 17:59:52 - [MESSAGE][PASSED] - Delayed 1 second(s)

2024-11-07 17:59:52 - [TEST_STEP][PASSED] - scrollToElement(findTestObject(orPath_Amount + "/input__paymentAmount"), 3): Scroll to object 'Object Repository/RAD_Pages/PaymentAmount_Page/input__paymentAmount' successfully

2024-11-07 17:59:52 - [MESSAGE][PASSED] - Scroll to object 'Object Repository/RAD_Pages/PaymentAmount_Page/input__paymentAmount' successfully

2024-11-07 17:59:52 - [TEST_STEP][PASSED] - setText(findTestObject(orPath_AddressContact + "/input_eMailAddress"), "imtiazster@gmail.com"): Text 'imtiazster@gmail.com' is set on object 'Object Repository/RAD_Pages/AddressAndContactInfo_Page/input_eMailAddress'

2024-11-07 17:59:53 - [MESSAGE][PASSED] - Text 'imtiazster@gmail.com' is set on object 'Object Repository/RAD_Pages/AddressAndContactInfo_Page/input_eMailAddress'

2024-11-07 17:59:53 - [TEST_STEP][PASSED] - setText(findTestObject(orPath_AddressContact + "/input_reEnterEMailAddress"), "iahmed@govolution.com"): Text 'iahmed@govolution.com' is set on object 'Object Repository/RAD_Pages/AddressAndContactInfo_Page/input_reEnterEMailAddress'

2024-11-07 17:59:54 - [MESSAGE][PASSED] - Text 'iahmed@govolution.com' is set on object 'Object Repository/RAD_Pages/AddressAndContactInfo_Page/input_reEnterEMailAddress'

2024-11-07 17:59:54 - [TEST_STEP][PASSED] - delay(2): Delayed 2 second(s)

2024-11-07 17:59:56 - [MESSAGE][PASSED] - Delayed 2 second(s)

2024-11-07 17:59:56 - [TEST_STEP][PASSED] - if (verifyTextPresent("The Email and Re-enter email do not match", true)): null

2024-11-07 17:59:56 - [MESSAGE][PASSED] - Text 'The Email and Re-enter email do not match' is present on page  using regular expression

2024-11-07 17:59:56 - [TEST_STEP][PASSED] - println("Emails Dont match text is present"): null

2024-11-07 17:59:56 - [TEST_STEP][PASSED] - out.println("Pass Record Number: " + row): null

2024-11-07 17:59:56 - [TEST_STEP][PASSED] - resText = "Pass": null

2024-11-07 17:59:56 - [TEST_STEP][PASSED] - pages.WriteExcel.demoKey(resText, datText, resColumn, datCloumn, fileLoc, nameSheet, row): pages.WriteExcel.demoKey is PASSED

2024-11-07 17:59:56 - [MESSAGE][PASSED] - pages.WriteExcel.demoKey is PASSED

2024-11-07 17:59:56 - [TEST_STEP][PASSED] - ExecuteTC = findTestData(dataFile).getValue("Execute", row): null

2024-11-07 17:59:57 - [TEST_STEP][PASSED] - Taxtype = findTestData(dataFile).getValue("TaxType", row): null

2024-11-07 17:59:57 - [TEST_STEP][PASSED] - Paymenttype = findTestData(dataFile).getValue("PaymentType", row): null

2024-11-07 17:59:57 - [TEST_STEP][PASSED] - out.println("Value of Execute is : " + ExecuteTC): null

2024-11-07 17:59:57 - [TEST_STEP][PASSED] - if (ExecuteTC.equalsIgnoreCase("Y")): null

2024-11-07 17:59:57 - [TEST_STEP][PASSED] - out.println("Begin Record Number: " + row): null

2024-11-07 17:59:57 - [TEST_STEP][PASSED] - today = new java.util.Date(): null

2024-11-07 17:59:57 - [TEST_STEP][PASSED] - println(today): null

2024-11-07 17:59:57 - [TEST_STEP][PASSED] - datText = today: null

2024-11-07 17:59:57 - [TEST_STEP][PASSED] - Taxtype = findTestData(dataFile).getValue("TaxType", row): null

2024-11-07 17:59:57 - [TEST_STEP][PASSED] - out.println("Taxtype value is : " + Taxtype): null

2024-11-07 17:59:57 - [TEST_STEP][PASSED] - openBrowser(""): Browser is opened with url: ''

2024-11-07 17:59:57 - [MESSAGE][WARNING] - A browser is already opened. Closing browser and opening a new one

2024-11-07 17:59:58 - [MESSAGE][INFO] - Starting 'Chrome' driver

2024-11-07 17:59:58 - [MESSAGE][INFO] - User set preference: ['acceptInsecureCerts', 'true']

2024-11-07 17:59:58 - [MESSAGE][INFO] - Action delay is set to 0 milliseconds

2024-11-07 18:00:00 - [MESSAGE][PASSED] - Browser is opened with url: ''

2024-11-07 18:00:00 - [TEST_STEP][PASSED] - maximizeWindow(): Current window maximized

2024-11-07 18:00:00 - [MESSAGE][PASSED] - Current window maximized

2024-11-07 18:00:00 - [TEST_STEP][PASSED] - navigateToUrl(RADurl): Navigate to 'https://www.velocitypayment.com/client/rad/index.html' successfully

2024-11-07 18:00:01 - [MESSAGE][PASSED] - Navigate to 'https://www.velocitypayment.com/client/rad/index.html' successfully

2024-11-07 18:00:01 - [TEST_STEP][PASSED] - orPath_Landing = "Object Repository/RAD_Pages/Landing_Page": null

2024-11-07 18:00:01 - [TEST_STEP][PASSED] - orPath_TaxTypeFilingYear = "Object Repository/RAD_Pages/TaxTypeFilingYear_Page": null

2024-11-07 18:00:01 - [TEST_STEP][PASSED] - orPath_TaxPayer = "Object Repository/RAD_Pages/Taxpayer_Page": null

2024-11-07 18:00:01 - [TEST_STEP][PASSED] - orPath_AddressContact = "Object Repository/RAD_Pages/AddressAndContactInfo_Page": null

2024-11-07 18:00:01 - [TEST_STEP][PASSED] - orPath_FilingStatus = "Object Repository/RAD_Pages/FilingStatus_Page": null

2024-11-07 18:00:01 - [TEST_STEP][PASSED] - orPath_Amount = "Object Repository/RAD_Pages/PaymentAmount_Page": null

2024-11-07 18:00:01 - [TEST_STEP][PASSED] - selectOptionByLabel(findTestObject(orPath_Landing + "/dd_TaxType"), Paymenttype, false): All options with label 'New Tax Return Amount Due' are selected in object 'Object Repository/RAD_Pages/Landing_Page/dd_TaxType' 

2024-11-07 18:00:03 - [MESSAGE][PASSED] - All options with label 'New Tax Return Amount Due' are selected in object 'Object Repository/RAD_Pages/Landing_Page/dd_TaxType' 

2024-11-07 18:00:03 - [TEST_STEP][PASSED] - delay(1): Delayed 1 second(s)

2024-11-07 18:00:04 - [MESSAGE][PASSED] - Delayed 1 second(s)

2024-11-07 18:00:04 - [TEST_STEP][PASSED] - switch (Paymenttype): null

2024-11-07 18:00:04 - [TEST_STEP][PASSED] - case "New Tax Return Amount Due":: null

2024-11-07 18:00:04 - [TEST_STEP][PASSED] - selectOptionByLabel(findTestObject("Object Repository/RAD_Pages/Landing_Page/select_NewTaxReturnAmountDue_TaxType"), Taxtype, false): All options with label 'Unclaimed Property' are selected in object 'Object Repository/RAD_Pages/Landing_Page/select_NewTaxReturnAmountDue_TaxType' 

2024-11-07 18:00:05 - [MESSAGE][PASSED] - All options with label 'Unclaimed Property' are selected in object 'Object Repository/RAD_Pages/Landing_Page/select_NewTaxReturnAmountDue_TaxType' 

2024-11-07 18:00:05 - [TEST_STEP][PASSED] - break: null

2024-11-07 18:00:05 - [TEST_STEP][PASSED] - delay(1): Delayed 1 second(s)

2024-11-07 18:00:06 - [MESSAGE][PASSED] - Delayed 1 second(s)

2024-11-07 18:00:06 - [TEST_STEP][PASSED] - scrollToElement(findTestObject(orPath_Amount + "/input__paymentAmount"), 3): Scroll to object 'Object Repository/RAD_Pages/PaymentAmount_Page/input__paymentAmount' successfully

2024-11-07 18:00:06 - [MESSAGE][PASSED] - Scroll to object 'Object Repository/RAD_Pages/PaymentAmount_Page/input__paymentAmount' successfully

2024-11-07 18:00:06 - [TEST_STEP][PASSED] - setText(findTestObject(orPath_AddressContact + "/input_eMailAddress"), "imtiazster@gmail.com"): Text 'imtiazster@gmail.com' is set on object 'Object Repository/RAD_Pages/AddressAndContactInfo_Page/input_eMailAddress'

2024-11-07 18:00:07 - [MESSAGE][PASSED] - Text 'imtiazster@gmail.com' is set on object 'Object Repository/RAD_Pages/AddressAndContactInfo_Page/input_eMailAddress'

2024-11-07 18:00:07 - [TEST_STEP][PASSED] - setText(findTestObject(orPath_AddressContact + "/input_reEnterEMailAddress"), "iahmed@govolution.com"): Text 'iahmed@govolution.com' is set on object 'Object Repository/RAD_Pages/AddressAndContactInfo_Page/input_reEnterEMailAddress'

2024-11-07 18:00:08 - [MESSAGE][PASSED] - Text 'iahmed@govolution.com' is set on object 'Object Repository/RAD_Pages/AddressAndContactInfo_Page/input_reEnterEMailAddress'

2024-11-07 18:00:08 - [TEST_STEP][PASSED] - delay(2): Delayed 2 second(s)

2024-11-07 18:00:10 - [MESSAGE][PASSED] - Delayed 2 second(s)

2024-11-07 18:00:10 - [TEST_STEP][PASSED] - if (verifyTextPresent("The Email and Re-enter email do not match", true)): null

2024-11-07 18:00:11 - [MESSAGE][PASSED] - Text 'The Email and Re-enter email do not match' is present on page  using regular expression

2024-11-07 18:00:11 - [TEST_STEP][PASSED] - println("Emails Dont match text is present"): null

2024-11-07 18:00:11 - [TEST_STEP][PASSED] - out.println("Pass Record Number: " + row): null

2024-11-07 18:00:11 - [TEST_STEP][PASSED] - resText = "Pass": null

2024-11-07 18:00:11 - [TEST_STEP][PASSED] - pages.WriteExcel.demoKey(resText, datText, resColumn, datCloumn, fileLoc, nameSheet, row): pages.WriteExcel.demoKey is PASSED

2024-11-07 18:00:11 - [MESSAGE][PASSED] - pages.WriteExcel.demoKey is PASSED

2024-11-07 18:00:11 - [TEST_STEP][PASSED] - ExecuteTC = findTestData(dataFile).getValue("Execute", row): null

2024-11-07 18:00:11 - [TEST_STEP][PASSED] - Taxtype = findTestData(dataFile).getValue("TaxType", row): null

2024-11-07 18:00:11 - [TEST_STEP][PASSED] - Paymenttype = findTestData(dataFile).getValue("PaymentType", row): null

2024-11-07 18:00:11 - [TEST_STEP][PASSED] - out.println("Value of Execute is : " + ExecuteTC): null

2024-11-07 18:00:11 - [TEST_STEP][PASSED] - if (ExecuteTC.equalsIgnoreCase("Y")): null

2024-11-07 18:00:11 - [TEST_STEP][PASSED] - out.println("Begin Record Number: " + row): null

2024-11-07 18:00:11 - [TEST_STEP][PASSED] - today = new java.util.Date(): null

2024-11-07 18:00:11 - [TEST_STEP][PASSED] - println(today): null

2024-11-07 18:00:11 - [TEST_STEP][PASSED] - datText = today: null

2024-11-07 18:00:11 - [TEST_STEP][PASSED] - Taxtype = findTestData(dataFile).getValue("TaxType", row): null

2024-11-07 18:00:11 - [TEST_STEP][PASSED] - out.println("Taxtype value is : " + Taxtype): null

2024-11-07 18:00:11 - [TEST_STEP][PASSED] - openBrowser(""): Browser is opened with url: ''

2024-11-07 18:00:11 - [MESSAGE][WARNING] - A browser is already opened. Closing browser and opening a new one

2024-11-07 18:00:12 - [MESSAGE][INFO] - Starting 'Chrome' driver

2024-11-07 18:00:12 - [MESSAGE][INFO] - User set preference: ['acceptInsecureCerts', 'true']

2024-11-07 18:00:12 - [MESSAGE][INFO] - Action delay is set to 0 milliseconds

2024-11-07 18:00:14 - [MESSAGE][PASSED] - Browser is opened with url: ''

2024-11-07 18:00:14 - [TEST_STEP][PASSED] - maximizeWindow(): Current window maximized

2024-11-07 18:00:14 - [MESSAGE][PASSED] - Current window maximized

2024-11-07 18:00:14 - [TEST_STEP][PASSED] - navigateToUrl(RADurl): Navigate to 'https://www.velocitypayment.com/client/rad/index.html' successfully

2024-11-07 18:00:16 - [MESSAGE][PASSED] - Navigate to 'https://www.velocitypayment.com/client/rad/index.html' successfully

2024-11-07 18:00:16 - [TEST_STEP][PASSED] - orPath_Landing = "Object Repository/RAD_Pages/Landing_Page": null

2024-11-07 18:00:16 - [TEST_STEP][PASSED] - orPath_TaxTypeFilingYear = "Object Repository/RAD_Pages/TaxTypeFilingYear_Page": null

2024-11-07 18:00:16 - [TEST_STEP][PASSED] - orPath_TaxPayer = "Object Repository/RAD_Pages/Taxpayer_Page": null

2024-11-07 18:00:16 - [TEST_STEP][PASSED] - orPath_AddressContact = "Object Repository/RAD_Pages/AddressAndContactInfo_Page": null

2024-11-07 18:00:16 - [TEST_STEP][PASSED] - orPath_FilingStatus = "Object Repository/RAD_Pages/FilingStatus_Page": null

2024-11-07 18:00:16 - [TEST_STEP][PASSED] - orPath_Amount = "Object Repository/RAD_Pages/PaymentAmount_Page": null

2024-11-07 18:00:16 - [TEST_STEP][PASSED] - selectOptionByLabel(findTestObject(orPath_Landing + "/dd_TaxType"), Paymenttype, false): All options with label 'New Tax Return Amount Due' are selected in object 'Object Repository/RAD_Pages/Landing_Page/dd_TaxType' 

2024-11-07 18:00:17 - [MESSAGE][PASSED] - All options with label 'New Tax Return Amount Due' are selected in object 'Object Repository/RAD_Pages/Landing_Page/dd_TaxType' 

2024-11-07 18:00:17 - [TEST_STEP][PASSED] - delay(1): Delayed 1 second(s)

2024-11-07 18:00:18 - [MESSAGE][PASSED] - Delayed 1 second(s)

2024-11-07 18:00:18 - [TEST_STEP][PASSED] - switch (Paymenttype): null

2024-11-07 18:00:18 - [TEST_STEP][PASSED] - case "New Tax Return Amount Due":: null

2024-11-07 18:00:18 - [TEST_STEP][PASSED] - selectOptionByLabel(findTestObject("Object Repository/RAD_Pages/Landing_Page/select_NewTaxReturnAmountDue_TaxType"), Taxtype, false): All options with label 'Withholding Tax' are selected in object 'Object Repository/RAD_Pages/Landing_Page/select_NewTaxReturnAmountDue_TaxType' 

2024-11-07 18:00:19 - [MESSAGE][PASSED] - All options with label 'Withholding Tax' are selected in object 'Object Repository/RAD_Pages/Landing_Page/select_NewTaxReturnAmountDue_TaxType' 

2024-11-07 18:00:19 - [TEST_STEP][PASSED] - break: null

2024-11-07 18:00:19 - [TEST_STEP][PASSED] - delay(1): Delayed 1 second(s)

2024-11-07 18:00:20 - [MESSAGE][PASSED] - Delayed 1 second(s)

2024-11-07 18:00:20 - [TEST_STEP][PASSED] - scrollToElement(findTestObject(orPath_Amount + "/input__paymentAmount"), 3): Scroll to object 'Object Repository/RAD_Pages/PaymentAmount_Page/input__paymentAmount' successfully

2024-11-07 18:00:20 - [MESSAGE][PASSED] - Scroll to object 'Object Repository/RAD_Pages/PaymentAmount_Page/input__paymentAmount' successfully

2024-11-07 18:00:20 - [TEST_STEP][PASSED] - setText(findTestObject(orPath_AddressContact + "/input_eMailAddress"), "imtiazster@gmail.com"): Text 'imtiazster@gmail.com' is set on object 'Object Repository/RAD_Pages/AddressAndContactInfo_Page/input_eMailAddress'

2024-11-07 18:00:21 - [MESSAGE][PASSED] - Text 'imtiazster@gmail.com' is set on object 'Object Repository/RAD_Pages/AddressAndContactInfo_Page/input_eMailAddress'

2024-11-07 18:00:21 - [TEST_STEP][PASSED] - setText(findTestObject(orPath_AddressContact + "/input_reEnterEMailAddress"), "iahmed@govolution.com"): Text 'iahmed@govolution.com' is set on object 'Object Repository/RAD_Pages/AddressAndContactInfo_Page/input_reEnterEMailAddress'

2024-11-07 18:00:22 - [MESSAGE][PASSED] - Text 'iahmed@govolution.com' is set on object 'Object Repository/RAD_Pages/AddressAndContactInfo_Page/input_reEnterEMailAddress'

2024-11-07 18:00:22 - [TEST_STEP][PASSED] - delay(2): Delayed 2 second(s)

2024-11-07 18:00:24 - [MESSAGE][PASSED] - Delayed 2 second(s)

2024-11-07 18:00:24 - [TEST_STEP][PASSED] - if (verifyTextPresent("The Email and Re-enter email do not match", true)): null

2024-11-07 18:00:25 - [MESSAGE][PASSED] - Text 'The Email and Re-enter email do not match' is present on page  using regular expression

2024-11-07 18:00:25 - [TEST_STEP][PASSED] - println("Emails Dont match text is present"): null

2024-11-07 18:00:25 - [TEST_STEP][PASSED] - out.println("Pass Record Number: " + row): null

2024-11-07 18:00:25 - [TEST_STEP][PASSED] - resText = "Pass": null

2024-11-07 18:00:25 - [TEST_STEP][PASSED] - pages.WriteExcel.demoKey(resText, datText, resColumn, datCloumn, fileLoc, nameSheet, row): pages.WriteExcel.demoKey is PASSED

2024-11-07 18:00:25 - [MESSAGE][PASSED] - pages.WriteExcel.demoKey is PASSED]]></system-out>
         <system-err><![CDATA[]]></system-err>
      </testcase>
      <testcase name="Test Cases/RAD_TestCases/Negative_TestCases/TaxPayerSSNNoMatch" time="58.196" classname="Test Cases/RAD_TestCases/Negative_TestCases/TaxPayerSSNNoMatch" status="PASSED">
         <system-out><![CDATA[2024-11-07 18:00:25 - [TEST_CASE][PASSED] - Test Cases/RAD_TestCases/Negative_TestCases/TaxPayerSSNNoMatch: Test Cases/RAD_TestCases/Negative_TestCases/TaxPayerSSNNoMatch

2024-11-07 18:00:25 - [TEST_STEP][PASSED] - resText = "Fail": null

2024-11-07 18:00:25 - [TEST_STEP][PASSED] - resColumn = "Result": null

2024-11-07 18:00:25 - [TEST_STEP][PASSED] - datCloumn = "Date": null

2024-11-07 18:00:25 - [TEST_STEP][PASSED] - fileLoc = "KatalonData/RADTestData/TaxPayerSSNNoMatch.xlsx": null

2024-11-07 18:00:25 - [TEST_STEP][PASSED] - nameSheet = "Sheet1": null

2024-11-07 18:00:25 - [TEST_STEP][PASSED] - dataFile = "RADTestData/TaxPayerSSNNoMatch": null

2024-11-07 18:00:25 - [TEST_STEP][PASSED] - ExecuteTC = <not implemented yet for class: org.codehaus.groovy.ast.expr.EmptyExpression>: null

2024-11-07 18:00:25 - [TEST_STEP][PASSED] - Taxtype = <not implemented yet for class: org.codehaus.groovy.ast.expr.EmptyExpression>: null

2024-11-07 18:00:25 - [TEST_STEP][PASSED] - numOfRows = findTestData(dataFile).getRowNumbers(): null

2024-11-07 18:00:25 - [TEST_STEP][PASSED] - println("Number of Records: " + numOfRows): null

2024-11-07 18:00:25 - [TEST_STEP][PASSED] - for ([row = 1, row <= numOfRows, (row++)]): null

2024-11-07 18:00:25 - [TEST_STEP][PASSED] - ExecuteTC = findTestData(dataFile).getValue("Execute", row): null

2024-11-07 18:00:26 - [TEST_STEP][PASSED] - Taxtype = findTestData(dataFile).getValue("TaxType", row): null

2024-11-07 18:00:26 - [TEST_STEP][PASSED] - Paymenttype = findTestData(dataFile).getValue("PaymentType", row): null

2024-11-07 18:00:26 - [TEST_STEP][PASSED] - out.println("Value of Execute is : " + ExecuteTC): null

2024-11-07 18:00:26 - [TEST_STEP][PASSED] - if (ExecuteTC.equalsIgnoreCase("Y")): null

2024-11-07 18:00:26 - [TEST_STEP][PASSED] - out.println("Begin Record Number: " + row): null

2024-11-07 18:00:26 - [TEST_STEP][PASSED] - today = new java.util.Date(): null

2024-11-07 18:00:26 - [TEST_STEP][PASSED] - println(today): null

2024-11-07 18:00:26 - [TEST_STEP][PASSED] - datText = today: null

2024-11-07 18:00:26 - [TEST_STEP][PASSED] - Taxtype = findTestData(dataFile).getValue("TaxType", row): null

2024-11-07 18:00:26 - [TEST_STEP][PASSED] - out.println("Taxtype value is : " + Taxtype): null

2024-11-07 18:00:26 - [TEST_STEP][PASSED] - openBrowser(""): Browser is opened with url: ''

2024-11-07 18:00:26 - [MESSAGE][WARNING] - A browser is already opened. Closing browser and opening a new one

2024-11-07 18:00:27 - [MESSAGE][INFO] - Starting 'Chrome' driver

2024-11-07 18:00:27 - [MESSAGE][INFO] - User set preference: ['acceptInsecureCerts', 'true']

2024-11-07 18:00:27 - [MESSAGE][INFO] - Action delay is set to 0 milliseconds

2024-11-07 18:00:29 - [MESSAGE][PASSED] - Browser is opened with url: ''

2024-11-07 18:00:29 - [TEST_STEP][PASSED] - maximizeWindow(): Current window maximized

2024-11-07 18:00:29 - [MESSAGE][PASSED] - Current window maximized

2024-11-07 18:00:29 - [TEST_STEP][PASSED] - navigateToUrl(RADurl): Navigate to 'https://www.velocitypayment.com/client/rad/index.html' successfully

2024-11-07 18:00:31 - [MESSAGE][PASSED] - Navigate to 'https://www.velocitypayment.com/client/rad/index.html' successfully

2024-11-07 18:00:31 - [TEST_STEP][PASSED] - orPath_Landing = "Object Repository/RAD_Pages/Landing_Page": null

2024-11-07 18:00:31 - [TEST_STEP][PASSED] - orPath_TaxTypeFilingYear = "Object Repository/RAD_Pages/TaxTypeFilingYear_Page": null

2024-11-07 18:00:31 - [TEST_STEP][PASSED] - orPath_TaxPayer = "Object Repository/RAD_Pages/Taxpayer_Page": null

2024-11-07 18:00:31 - [TEST_STEP][PASSED] - orPath_AddressContact = "Object Repository/RAD_Pages/AddressAndContactInfo_Page": null

2024-11-07 18:00:31 - [TEST_STEP][PASSED] - orPath_FilingStatus = "Object Repository/RAD_Pages/FilingStatus_Page": null

2024-11-07 18:00:31 - [TEST_STEP][PASSED] - orPath_Amount = "Object Repository/RAD_Pages/PaymentAmount_Page": null

2024-11-07 18:00:31 - [TEST_STEP][PASSED] - orPath_TaxInfo = "Object Repository/RAD_Pages/TaxInfo_Page": null

2024-11-07 18:00:31 - [TEST_STEP][PASSED] - selectOptionByLabel(findTestObject(orPath_Landing + "/dd_TaxType"), Paymenttype, false): All options with label 'Existing Liability with Notice/Invoice Number' are selected in object 'Object Repository/RAD_Pages/Landing_Page/dd_TaxType' 

2024-11-07 18:00:32 - [MESSAGE][PASSED] - All options with label 'Existing Liability with Notice/Invoice Number' are selected in object 'Object Repository/RAD_Pages/Landing_Page/dd_TaxType' 

2024-11-07 18:00:32 - [TEST_STEP][PASSED] - delay(1): Delayed 1 second(s)

2024-11-07 18:00:33 - [MESSAGE][PASSED] - Delayed 1 second(s)

2024-11-07 18:00:33 - [TEST_STEP][PASSED] - switch (Paymenttype): null

2024-11-07 18:00:33 - [TEST_STEP][PASSED] - case "Existing Liability with Notice/Invoice Number":: null

2024-11-07 18:00:33 - [TEST_STEP][PASSED] - selectOptionByLabel(findTestObject(orPath_TaxTypeFilingYear + "/select_TaxType_ExistingLiability"), Taxtype, false): All options with label 'Personal Income Tax' are selected in object 'Object Repository/RAD_Pages/TaxTypeFilingYear_Page/select_TaxType_ExistingLiability' 

2024-11-07 18:00:33 - [MESSAGE][PASSED] - All options with label 'Personal Income Tax' are selected in object 'Object Repository/RAD_Pages/TaxTypeFilingYear_Page/select_TaxType_ExistingLiability' 

2024-11-07 18:00:33 - [TEST_STEP][PASSED] - break: null

2024-11-07 18:00:33 - [TEST_STEP][PASSED] - delay(1): Delayed 1 second(s)

2024-11-07 18:00:34 - [MESSAGE][PASSED] - Delayed 1 second(s)

2024-11-07 18:00:34 - [TEST_STEP][PASSED] - scrollToElement(findTestObject(orPath_TaxPayer + "/input_firstName"), 3): Scroll to object 'Object Repository/RAD_Pages/Taxpayer_Page/input_firstName' successfully

2024-11-07 18:00:35 - [MESSAGE][PASSED] - Scroll to object 'Object Repository/RAD_Pages/Taxpayer_Page/input_firstName' successfully

2024-11-07 18:00:35 - [TEST_STEP][PASSED] - switch (Paymenttype): null

2024-11-07 18:00:35 - [TEST_STEP][PASSED] - case "Existing Liability with Notice/Invoice Number":: null

2024-11-07 18:00:35 - [TEST_STEP][PASSED] - if (Taxtype.equalsIgnoreCase("Estate Tax")): null

2024-11-07 18:00:35 - [TEST_STEP][PASSED] - else: Text 'Anderson' is set on object 'Object Repository/RAD_Pages/Taxpayer_Page/input_lastName'

2024-11-07 18:00:35 - [TEST_STEP][PASSED] - setText(findTestObject(orPath_TaxInfo + "/input_Existing_SSN"), "111111111"): Text '111111111' is set on object 'Object Repository/RAD_Pages/TaxInfo_Page/input_Existing_SSN'

2024-11-07 18:00:35 - [MESSAGE][PASSED] - Text '111111111' is set on object 'Object Repository/RAD_Pages/TaxInfo_Page/input_Existing_SSN'

2024-11-07 18:00:35 - [TEST_STEP][PASSED] - setText(findTestObject(orPath_TaxInfo + "/input_Existing_RetypeSSN"), "222222222"): Text '222222222' is set on object 'Object Repository/RAD_Pages/TaxInfo_Page/input_Existing_RetypeSSN'

2024-11-07 18:00:36 - [MESSAGE][PASSED] - Text '222222222' is set on object 'Object Repository/RAD_Pages/TaxInfo_Page/input_Existing_RetypeSSN'

2024-11-07 18:00:36 - [TEST_STEP][PASSED] - setText(findTestObject(orPath_TaxPayer + "/input_lastName"), "Anderson"): Text 'Anderson' is set on object 'Object Repository/RAD_Pages/Taxpayer_Page/input_lastName'

2024-11-07 18:00:37 - [MESSAGE][PASSED] - Text 'Anderson' is set on object 'Object Repository/RAD_Pages/Taxpayer_Page/input_lastName'

2024-11-07 18:00:37 - [TEST_STEP][PASSED] - break: null

2024-11-07 18:00:37 - [TEST_STEP][PASSED] - delay(2): Delayed 2 second(s)

2024-11-07 18:00:39 - [MESSAGE][PASSED] - Delayed 2 second(s)

2024-11-07 18:00:39 - [TEST_STEP][PASSED] - switch (Taxtype): null

2024-11-07 18:00:39 - [TEST_STEP][PASSED] - Default: null

2024-11-07 18:00:39 - [TEST_STEP][PASSED] - if (verifyTextPresent("The SSN and Re-type SSN do not match", true)): null

2024-11-07 18:00:39 - [MESSAGE][PASSED] - Text 'The SSN and Re-type SSN do not match' is present on page  using regular expression

2024-11-07 18:00:39 - [TEST_STEP][PASSED] - println("Taxpayer SSN Dont match text is present"): null

2024-11-07 18:00:39 - [TEST_STEP][PASSED] - out.println("Pass Record Number: " + row): null

2024-11-07 18:00:39 - [TEST_STEP][PASSED] - resText = "Pass": null

2024-11-07 18:00:39 - [TEST_STEP][PASSED] - pages.WriteExcel.demoKey(resText, datText, resColumn, datCloumn, fileLoc, nameSheet, row): pages.WriteExcel.demoKey is PASSED

2024-11-07 18:00:40 - [MESSAGE][PASSED] - pages.WriteExcel.demoKey is PASSED

2024-11-07 18:00:40 - [TEST_STEP][PASSED] - break: null

2024-11-07 18:00:40 - [TEST_STEP][PASSED] - ExecuteTC = findTestData(dataFile).getValue("Execute", row): null

2024-11-07 18:00:40 - [TEST_STEP][PASSED] - Taxtype = findTestData(dataFile).getValue("TaxType", row): null

2024-11-07 18:00:40 - [TEST_STEP][PASSED] - Paymenttype = findTestData(dataFile).getValue("PaymentType", row): null

2024-11-07 18:00:40 - [TEST_STEP][PASSED] - out.println("Value of Execute is : " + ExecuteTC): null

2024-11-07 18:00:40 - [TEST_STEP][PASSED] - if (ExecuteTC.equalsIgnoreCase("Y")): null

2024-11-07 18:00:40 - [TEST_STEP][PASSED] - out.println("Begin Record Number: " + row): null

2024-11-07 18:00:40 - [TEST_STEP][PASSED] - today = new java.util.Date(): null

2024-11-07 18:00:40 - [TEST_STEP][PASSED] - println(today): null

2024-11-07 18:00:40 - [TEST_STEP][PASSED] - datText = today: null

2024-11-07 18:00:40 - [TEST_STEP][PASSED] - Taxtype = findTestData(dataFile).getValue("TaxType", row): null

2024-11-07 18:00:40 - [TEST_STEP][PASSED] - out.println("Taxtype value is : " + Taxtype): null

2024-11-07 18:00:40 - [TEST_STEP][PASSED] - openBrowser(""): Browser is opened with url: ''

2024-11-07 18:00:40 - [MESSAGE][WARNING] - A browser is already opened. Closing browser and opening a new one

2024-11-07 18:00:42 - [MESSAGE][INFO] - Starting 'Chrome' driver

2024-11-07 18:00:42 - [MESSAGE][INFO] - User set preference: ['acceptInsecureCerts', 'true']

2024-11-07 18:00:42 - [MESSAGE][INFO] - Action delay is set to 0 milliseconds

2024-11-07 18:00:43 - [MESSAGE][PASSED] - Browser is opened with url: ''

2024-11-07 18:00:43 - [TEST_STEP][PASSED] - maximizeWindow(): Current window maximized

2024-11-07 18:00:43 - [MESSAGE][PASSED] - Current window maximized

2024-11-07 18:00:43 - [TEST_STEP][PASSED] - navigateToUrl(RADurl): Navigate to 'https://www.velocitypayment.com/client/rad/index.html' successfully

2024-11-07 18:00:45 - [MESSAGE][PASSED] - Navigate to 'https://www.velocitypayment.com/client/rad/index.html' successfully

2024-11-07 18:00:45 - [TEST_STEP][PASSED] - orPath_Landing = "Object Repository/RAD_Pages/Landing_Page": null

2024-11-07 18:00:45 - [TEST_STEP][PASSED] - orPath_TaxTypeFilingYear = "Object Repository/RAD_Pages/TaxTypeFilingYear_Page": null

2024-11-07 18:00:45 - [TEST_STEP][PASSED] - orPath_TaxPayer = "Object Repository/RAD_Pages/Taxpayer_Page": null

2024-11-07 18:00:45 - [TEST_STEP][PASSED] - orPath_AddressContact = "Object Repository/RAD_Pages/AddressAndContactInfo_Page": null

2024-11-07 18:00:45 - [TEST_STEP][PASSED] - orPath_FilingStatus = "Object Repository/RAD_Pages/FilingStatus_Page": null

2024-11-07 18:00:45 - [TEST_STEP][PASSED] - orPath_Amount = "Object Repository/RAD_Pages/PaymentAmount_Page": null

2024-11-07 18:00:45 - [TEST_STEP][PASSED] - orPath_TaxInfo = "Object Repository/RAD_Pages/TaxInfo_Page": null

2024-11-07 18:00:45 - [TEST_STEP][PASSED] - selectOptionByLabel(findTestObject(orPath_Landing + "/dd_TaxType"), Paymenttype, false): All options with label 'Quarterly Estimated Tax' are selected in object 'Object Repository/RAD_Pages/Landing_Page/dd_TaxType' 

2024-11-07 18:00:46 - [MESSAGE][PASSED] - All options with label 'Quarterly Estimated Tax' are selected in object 'Object Repository/RAD_Pages/Landing_Page/dd_TaxType' 

2024-11-07 18:00:46 - [TEST_STEP][PASSED] - delay(1): Delayed 1 second(s)

2024-11-07 18:00:47 - [MESSAGE][PASSED] - Delayed 1 second(s)

2024-11-07 18:00:47 - [TEST_STEP][PASSED] - switch (Paymenttype): null

2024-11-07 18:00:47 - [TEST_STEP][PASSED] - case "Quarterly Estimated Tax":: null

2024-11-07 18:00:47 - [TEST_STEP][PASSED] - selectOptionByLabel(findTestObject(orPath_TaxTypeFilingYear + "/select_PaymentType"), Taxtype, false): All options with label 'Personal Income Tax' are selected in object 'Object Repository/RAD_Pages/TaxTypeFilingYear_Page/select_PaymentType' 

2024-11-07 18:00:48 - [MESSAGE][PASSED] - All options with label 'Personal Income Tax' are selected in object 'Object Repository/RAD_Pages/TaxTypeFilingYear_Page/select_PaymentType' 

2024-11-07 18:00:48 - [TEST_STEP][PASSED] - break: null

2024-11-07 18:00:48 - [TEST_STEP][PASSED] - delay(1): Delayed 1 second(s)

2024-11-07 18:00:49 - [MESSAGE][PASSED] - Delayed 1 second(s)

2024-11-07 18:00:49 - [TEST_STEP][PASSED] - scrollToElement(findTestObject(orPath_TaxPayer + "/input_firstName"), 3): Scroll to object 'Object Repository/RAD_Pages/Taxpayer_Page/input_firstName' successfully

2024-11-07 18:00:49 - [MESSAGE][PASSED] - Scroll to object 'Object Repository/RAD_Pages/Taxpayer_Page/input_firstName' successfully

2024-11-07 18:00:49 - [TEST_STEP][PASSED] - switch (Paymenttype): null

2024-11-07 18:00:49 - [TEST_STEP][PASSED] - case "Quarterly Estimated Tax":: null

2024-11-07 18:00:49 - [TEST_STEP][PASSED] - setText(findTestObject("RAD_RecordAndPlay/input_concatSSN"), "111111111"): Text '111111111' is set on object 'Object Repository/RAD_RecordAndPlay/input_concatSSN'

2024-11-07 18:00:50 - [MESSAGE][PASSED] - Text '111111111' is set on object 'Object Repository/RAD_RecordAndPlay/input_concatSSN'

2024-11-07 18:00:50 - [TEST_STEP][PASSED] - setText(findTestObject("RAD_RecordAndPlay/input_concatReSSN"), "222222222"): Text '222222222' is set on object 'Object Repository/RAD_RecordAndPlay/input_concatReSSN'

2024-11-07 18:00:50 - [MESSAGE][PASSED] - Text '222222222' is set on object 'Object Repository/RAD_RecordAndPlay/input_concatReSSN'

2024-11-07 18:00:50 - [TEST_STEP][PASSED] - setText(findTestObject(orPath_TaxPayer + "/input_lastName"), "Anderson"): Text 'Anderson' is set on object 'Object Repository/RAD_Pages/Taxpayer_Page/input_lastName'

2024-11-07 18:00:51 - [MESSAGE][PASSED] - Text 'Anderson' is set on object 'Object Repository/RAD_Pages/Taxpayer_Page/input_lastName'

2024-11-07 18:00:51 - [TEST_STEP][PASSED] - break: null

2024-11-07 18:00:51 - [TEST_STEP][PASSED] - delay(2): Delayed 2 second(s)

2024-11-07 18:00:53 - [MESSAGE][PASSED] - Delayed 2 second(s)

2024-11-07 18:00:53 - [TEST_STEP][PASSED] - switch (Taxtype): null

2024-11-07 18:00:53 - [TEST_STEP][PASSED] - Default: null

2024-11-07 18:00:53 - [TEST_STEP][PASSED] - if (verifyTextPresent("The SSN and Re-type SSN do not match", true)): null

2024-11-07 18:00:54 - [MESSAGE][PASSED] - Text 'The SSN and Re-type SSN do not match' is present on page  using regular expression

2024-11-07 18:00:54 - [TEST_STEP][PASSED] - println("Taxpayer SSN Dont match text is present"): null

2024-11-07 18:00:54 - [TEST_STEP][PASSED] - out.println("Pass Record Number: " + row): null

2024-11-07 18:00:54 - [TEST_STEP][PASSED] - resText = "Pass": null

2024-11-07 18:00:54 - [TEST_STEP][PASSED] - pages.WriteExcel.demoKey(resText, datText, resColumn, datCloumn, fileLoc, nameSheet, row): pages.WriteExcel.demoKey is PASSED

2024-11-07 18:00:54 - [MESSAGE][PASSED] - pages.WriteExcel.demoKey is PASSED

2024-11-07 18:00:54 - [TEST_STEP][PASSED] - break: null

2024-11-07 18:00:54 - [TEST_STEP][PASSED] - ExecuteTC = findTestData(dataFile).getValue("Execute", row): null

2024-11-07 18:00:54 - [TEST_STEP][PASSED] - Taxtype = findTestData(dataFile).getValue("TaxType", row): null

2024-11-07 18:00:54 - [TEST_STEP][PASSED] - Paymenttype = findTestData(dataFile).getValue("PaymentType", row): null

2024-11-07 18:00:54 - [TEST_STEP][PASSED] - out.println("Value of Execute is : " + ExecuteTC): null

2024-11-07 18:00:54 - [TEST_STEP][PASSED] - if (ExecuteTC.equalsIgnoreCase("Y")): null

2024-11-07 18:00:54 - [TEST_STEP][PASSED] - out.println("Begin Record Number: " + row): null

2024-11-07 18:00:54 - [TEST_STEP][PASSED] - today = new java.util.Date(): null

2024-11-07 18:00:54 - [TEST_STEP][PASSED] - println(today): null

2024-11-07 18:00:54 - [TEST_STEP][PASSED] - datText = today: null

2024-11-07 18:00:54 - [TEST_STEP][PASSED] - Taxtype = findTestData(dataFile).getValue("TaxType", row): null

2024-11-07 18:00:54 - [TEST_STEP][PASSED] - out.println("Taxtype value is : " + Taxtype): null

2024-11-07 18:00:54 - [TEST_STEP][PASSED] - openBrowser(""): Browser is opened with url: ''

2024-11-07 18:00:54 - [MESSAGE][WARNING] - A browser is already opened. Closing browser and opening a new one

2024-11-07 18:00:56 - [MESSAGE][INFO] - Starting 'Chrome' driver

2024-11-07 18:00:56 - [MESSAGE][INFO] - User set preference: ['acceptInsecureCerts', 'true']

2024-11-07 18:00:56 - [MESSAGE][INFO] - Action delay is set to 0 milliseconds

2024-11-07 18:00:58 - [MESSAGE][PASSED] - Browser is opened with url: ''

2024-11-07 18:00:58 - [TEST_STEP][PASSED] - maximizeWindow(): Current window maximized

2024-11-07 18:00:58 - [MESSAGE][PASSED] - Current window maximized

2024-11-07 18:00:58 - [TEST_STEP][PASSED] - navigateToUrl(RADurl): Navigate to 'https://www.velocitypayment.com/client/rad/index.html' successfully

2024-11-07 18:01:01 - [MESSAGE][PASSED] - Navigate to 'https://www.velocitypayment.com/client/rad/index.html' successfully

2024-11-07 18:01:01 - [TEST_STEP][PASSED] - orPath_Landing = "Object Repository/RAD_Pages/Landing_Page": null

2024-11-07 18:01:01 - [TEST_STEP][PASSED] - orPath_TaxTypeFilingYear = "Object Repository/RAD_Pages/TaxTypeFilingYear_Page": null

2024-11-07 18:01:01 - [TEST_STEP][PASSED] - orPath_TaxPayer = "Object Repository/RAD_Pages/Taxpayer_Page": null

2024-11-07 18:01:01 - [TEST_STEP][PASSED] - orPath_AddressContact = "Object Repository/RAD_Pages/AddressAndContactInfo_Page": null

2024-11-07 18:01:01 - [TEST_STEP][PASSED] - orPath_FilingStatus = "Object Repository/RAD_Pages/FilingStatus_Page": null

2024-11-07 18:01:01 - [TEST_STEP][PASSED] - orPath_Amount = "Object Repository/RAD_Pages/PaymentAmount_Page": null

2024-11-07 18:01:01 - [TEST_STEP][PASSED] - orPath_TaxInfo = "Object Repository/RAD_Pages/TaxInfo_Page": null

2024-11-07 18:01:01 - [TEST_STEP][PASSED] - selectOptionByLabel(findTestObject(orPath_Landing + "/dd_TaxType"), Paymenttype, false): All options with label 'Extension Payments' are selected in object 'Object Repository/RAD_Pages/Landing_Page/dd_TaxType' 

2024-11-07 18:01:01 - [MESSAGE][PASSED] - All options with label 'Extension Payments' are selected in object 'Object Repository/RAD_Pages/Landing_Page/dd_TaxType' 

2024-11-07 18:01:01 - [TEST_STEP][PASSED] - delay(1): Delayed 1 second(s)

2024-11-07 18:01:02 - [MESSAGE][PASSED] - Delayed 1 second(s)

2024-11-07 18:01:02 - [TEST_STEP][PASSED] - switch (Paymenttype): null

2024-11-07 18:01:02 - [TEST_STEP][PASSED] - case "Extension Payments":: null

2024-11-07 18:01:02 - [TEST_STEP][PASSED] - selectOptionByLabel(findTestObject(orPath_TaxTypeFilingYear + "/select_PaymentType"), Taxtype, false): All options with label 'Personal Income Tax' are selected in object 'Object Repository/RAD_Pages/TaxTypeFilingYear_Page/select_PaymentType' 

2024-11-07 18:01:03 - [MESSAGE][PASSED] - All options with label 'Personal Income Tax' are selected in object 'Object Repository/RAD_Pages/TaxTypeFilingYear_Page/select_PaymentType' 

2024-11-07 18:01:03 - [TEST_STEP][PASSED] - break: null

2024-11-07 18:01:03 - [TEST_STEP][PASSED] - delay(1): Delayed 1 second(s)

2024-11-07 18:01:04 - [MESSAGE][PASSED] - Delayed 1 second(s)

2024-11-07 18:01:04 - [TEST_STEP][PASSED] - scrollToElement(findTestObject(orPath_TaxPayer + "/input_firstName"), 3): Scroll to object 'Object Repository/RAD_Pages/Taxpayer_Page/input_firstName' successfully

2024-11-07 18:01:04 - [MESSAGE][PASSED] - Scroll to object 'Object Repository/RAD_Pages/Taxpayer_Page/input_firstName' successfully

2024-11-07 18:01:04 - [TEST_STEP][PASSED] - switch (Paymenttype): null

2024-11-07 18:01:04 - [TEST_STEP][PASSED] - case "Extension Payments":: null

2024-11-07 18:01:04 - [TEST_STEP][PASSED] - setText(findTestObject("RAD_RecordAndPlay/input_concatSSN"), "111111111"): Text '111111111' is set on object 'Object Repository/RAD_RecordAndPlay/input_concatSSN'

2024-11-07 18:01:05 - [MESSAGE][PASSED] - Text '111111111' is set on object 'Object Repository/RAD_RecordAndPlay/input_concatSSN'

2024-11-07 18:01:05 - [TEST_STEP][PASSED] - setText(findTestObject("RAD_RecordAndPlay/input_concatReSSN"), "222222222"): Text '222222222' is set on object 'Object Repository/RAD_RecordAndPlay/input_concatReSSN'

2024-11-07 18:01:06 - [MESSAGE][PASSED] - Text '222222222' is set on object 'Object Repository/RAD_RecordAndPlay/input_concatReSSN'

2024-11-07 18:01:06 - [TEST_STEP][PASSED] - setText(findTestObject(orPath_TaxPayer + "/input_lastName"), "Anderson"): Text 'Anderson' is set on object 'Object Repository/RAD_Pages/Taxpayer_Page/input_lastName'

2024-11-07 18:01:06 - [MESSAGE][PASSED] - Text 'Anderson' is set on object 'Object Repository/RAD_Pages/Taxpayer_Page/input_lastName'

2024-11-07 18:01:06 - [TEST_STEP][PASSED] - break: null

2024-11-07 18:01:06 - [TEST_STEP][PASSED] - delay(2): Delayed 2 second(s)

2024-11-07 18:01:08 - [MESSAGE][PASSED] - Delayed 2 second(s)

2024-11-07 18:01:08 - [TEST_STEP][PASSED] - switch (Taxtype): null

2024-11-07 18:01:08 - [TEST_STEP][PASSED] - Default: null

2024-11-07 18:01:08 - [TEST_STEP][PASSED] - if (verifyTextPresent("The SSN and Re-type SSN do not match", true)): null

2024-11-07 18:01:09 - [MESSAGE][PASSED] - Text 'The SSN and Re-type SSN do not match' is present on page  using regular expression

2024-11-07 18:01:09 - [TEST_STEP][PASSED] - println("Taxpayer SSN Dont match text is present"): null

2024-11-07 18:01:09 - [TEST_STEP][PASSED] - out.println("Pass Record Number: " + row): null

2024-11-07 18:01:09 - [TEST_STEP][PASSED] - resText = "Pass": null

2024-11-07 18:01:09 - [TEST_STEP][PASSED] - pages.WriteExcel.demoKey(resText, datText, resColumn, datCloumn, fileLoc, nameSheet, row): pages.WriteExcel.demoKey is PASSED

2024-11-07 18:01:09 - [MESSAGE][PASSED] - pages.WriteExcel.demoKey is PASSED

2024-11-07 18:01:09 - [TEST_STEP][PASSED] - break: null

2024-11-07 18:01:09 - [TEST_STEP][PASSED] - ExecuteTC = findTestData(dataFile).getValue("Execute", row): null

2024-11-07 18:01:09 - [TEST_STEP][PASSED] - Taxtype = findTestData(dataFile).getValue("TaxType", row): null

2024-11-07 18:01:09 - [TEST_STEP][PASSED] - Paymenttype = findTestData(dataFile).getValue("PaymentType", row): null

2024-11-07 18:01:09 - [TEST_STEP][PASSED] - out.println("Value of Execute is : " + ExecuteTC): null

2024-11-07 18:01:09 - [TEST_STEP][PASSED] - if (ExecuteTC.equalsIgnoreCase("Y")): null

2024-11-07 18:01:09 - [TEST_STEP][PASSED] - out.println("Begin Record Number: " + row): null

2024-11-07 18:01:09 - [TEST_STEP][PASSED] - today = new java.util.Date(): null

2024-11-07 18:01:09 - [TEST_STEP][PASSED] - println(today): null

2024-11-07 18:01:09 - [TEST_STEP][PASSED] - datText = today: null

2024-11-07 18:01:09 - [TEST_STEP][PASSED] - Taxtype = findTestData(dataFile).getValue("TaxType", row): null

2024-11-07 18:01:09 - [TEST_STEP][PASSED] - out.println("Taxtype value is : " + Taxtype): null

2024-11-07 18:01:09 - [TEST_STEP][PASSED] - openBrowser(""): Browser is opened with url: ''

2024-11-07 18:01:09 - [MESSAGE][WARNING] - A browser is already opened. Closing browser and opening a new one

2024-11-07 18:01:10 - [MESSAGE][INFO] - Starting 'Chrome' driver

2024-11-07 18:01:10 - [MESSAGE][INFO] - User set preference: ['acceptInsecureCerts', 'true']

2024-11-07 18:01:10 - [MESSAGE][INFO] - Action delay is set to 0 milliseconds

2024-11-07 18:01:12 - [MESSAGE][PASSED] - Browser is opened with url: ''

2024-11-07 18:01:12 - [TEST_STEP][PASSED] - maximizeWindow(): Current window maximized

2024-11-07 18:01:12 - [MESSAGE][PASSED] - Current window maximized

2024-11-07 18:01:12 - [TEST_STEP][PASSED] - navigateToUrl(RADurl): Navigate to 'https://www.velocitypayment.com/client/rad/index.html' successfully

2024-11-07 18:01:14 - [MESSAGE][PASSED] - Navigate to 'https://www.velocitypayment.com/client/rad/index.html' successfully

2024-11-07 18:01:14 - [TEST_STEP][PASSED] - orPath_Landing = "Object Repository/RAD_Pages/Landing_Page": null

2024-11-07 18:01:14 - [TEST_STEP][PASSED] - orPath_TaxTypeFilingYear = "Object Repository/RAD_Pages/TaxTypeFilingYear_Page": null

2024-11-07 18:01:14 - [TEST_STEP][PASSED] - orPath_TaxPayer = "Object Repository/RAD_Pages/Taxpayer_Page": null

2024-11-07 18:01:14 - [TEST_STEP][PASSED] - orPath_AddressContact = "Object Repository/RAD_Pages/AddressAndContactInfo_Page": null

2024-11-07 18:01:14 - [TEST_STEP][PASSED] - orPath_FilingStatus = "Object Repository/RAD_Pages/FilingStatus_Page": null

2024-11-07 18:01:14 - [TEST_STEP][PASSED] - orPath_Amount = "Object Repository/RAD_Pages/PaymentAmount_Page": null

2024-11-07 18:01:14 - [TEST_STEP][PASSED] - orPath_TaxInfo = "Object Repository/RAD_Pages/TaxInfo_Page": null

2024-11-07 18:01:14 - [TEST_STEP][PASSED] - selectOptionByLabel(findTestObject(orPath_Landing + "/dd_TaxType"), Paymenttype, false): All options with label 'New Tax Return Amount Due' are selected in object 'Object Repository/RAD_Pages/Landing_Page/dd_TaxType' 

2024-11-07 18:01:15 - [MESSAGE][PASSED] - All options with label 'New Tax Return Amount Due' are selected in object 'Object Repository/RAD_Pages/Landing_Page/dd_TaxType' 

2024-11-07 18:01:15 - [TEST_STEP][PASSED] - delay(1): Delayed 1 second(s)

2024-11-07 18:01:16 - [MESSAGE][PASSED] - Delayed 1 second(s)

2024-11-07 18:01:16 - [TEST_STEP][PASSED] - switch (Paymenttype): null

2024-11-07 18:01:16 - [TEST_STEP][PASSED] - case "New Tax Return Amount Due":: null

2024-11-07 18:01:16 - [TEST_STEP][PASSED] - selectOptionByLabel(findTestObject("Object Repository/RAD_Pages/Landing_Page/select_NewTaxReturnAmountDue_TaxType"), Taxtype, false): All options with label 'Personal Income Tax' are selected in object 'Object Repository/RAD_Pages/Landing_Page/select_NewTaxReturnAmountDue_TaxType' 

2024-11-07 18:01:16 - [MESSAGE][PASSED] - All options with label 'Personal Income Tax' are selected in object 'Object Repository/RAD_Pages/Landing_Page/select_NewTaxReturnAmountDue_TaxType' 

2024-11-07 18:01:16 - [TEST_STEP][PASSED] - break: null

2024-11-07 18:01:16 - [TEST_STEP][PASSED] - delay(1): Delayed 1 second(s)

2024-11-07 18:01:17 - [MESSAGE][PASSED] - Delayed 1 second(s)

2024-11-07 18:01:17 - [TEST_STEP][PASSED] - scrollToElement(findTestObject(orPath_TaxPayer + "/input_firstName"), 3): Scroll to object 'Object Repository/RAD_Pages/Taxpayer_Page/input_firstName' successfully

2024-11-07 18:01:18 - [MESSAGE][PASSED] - Scroll to object 'Object Repository/RAD_Pages/Taxpayer_Page/input_firstName' successfully

2024-11-07 18:01:18 - [TEST_STEP][PASSED] - switch (Paymenttype): null

2024-11-07 18:01:18 - [TEST_STEP][PASSED] - case "New Tax Return Amount Due":: null

2024-11-07 18:01:18 - [TEST_STEP][PASSED] - if (Taxtype.equalsIgnoreCase("Estate Tax")): null

2024-11-07 18:01:18 - [TEST_STEP][PASSED] - else: Text 'Anderson' is set on object 'Object Repository/RAD_Pages/Taxpayer_Page/input_lastName'

2024-11-07 18:01:18 - [TEST_STEP][PASSED] - setText(findTestObject("RAD_RecordAndPlay/input_concatSSN"), "111111111"): Text '111111111' is set on object 'Object Repository/RAD_RecordAndPlay/input_concatSSN'

2024-11-07 18:01:19 - [MESSAGE][PASSED] - Text '111111111' is set on object 'Object Repository/RAD_RecordAndPlay/input_concatSSN'

2024-11-07 18:01:19 - [TEST_STEP][PASSED] - setText(findTestObject("RAD_RecordAndPlay/input_concatReSSN"), "222222222"): Text '222222222' is set on object 'Object Repository/RAD_RecordAndPlay/input_concatReSSN'

2024-11-07 18:01:19 - [MESSAGE][PASSED] - Text '222222222' is set on object 'Object Repository/RAD_RecordAndPlay/input_concatReSSN'

2024-11-07 18:01:19 - [TEST_STEP][PASSED] - setText(findTestObject(orPath_TaxPayer + "/input_lastName"), "Anderson"): Text 'Anderson' is set on object 'Object Repository/RAD_Pages/Taxpayer_Page/input_lastName'

2024-11-07 18:01:20 - [MESSAGE][PASSED] - Text 'Anderson' is set on object 'Object Repository/RAD_Pages/Taxpayer_Page/input_lastName'

2024-11-07 18:01:20 - [TEST_STEP][PASSED] - break: null

2024-11-07 18:01:20 - [TEST_STEP][PASSED] - delay(2): Delayed 2 second(s)

2024-11-07 18:01:22 - [MESSAGE][PASSED] - Delayed 2 second(s)

2024-11-07 18:01:22 - [TEST_STEP][PASSED] - switch (Taxtype): null

2024-11-07 18:01:22 - [TEST_STEP][PASSED] - Default: null

2024-11-07 18:01:22 - [TEST_STEP][PASSED] - if (verifyTextPresent("The SSN and Re-type SSN do not match", true)): null

2024-11-07 18:01:23 - [MESSAGE][PASSED] - Text 'The SSN and Re-type SSN do not match' is present on page  using regular expression

2024-11-07 18:01:23 - [TEST_STEP][PASSED] - println("Taxpayer SSN Dont match text is present"): null

2024-11-07 18:01:23 - [TEST_STEP][PASSED] - out.println("Pass Record Number: " + row): null

2024-11-07 18:01:23 - [TEST_STEP][PASSED] - resText = "Pass": null

2024-11-07 18:01:23 - [TEST_STEP][PASSED] - pages.WriteExcel.demoKey(resText, datText, resColumn, datCloumn, fileLoc, nameSheet, row): pages.WriteExcel.demoKey is PASSED

2024-11-07 18:01:23 - [MESSAGE][PASSED] - pages.WriteExcel.demoKey is PASSED

2024-11-07 18:01:23 - [TEST_STEP][PASSED] - break: null

2024-11-07 18:01:23 - [TEST_STEP][PASSED] - ExecuteTC = findTestData(dataFile).getValue("Execute", row): null

2024-11-07 18:01:23 - [TEST_STEP][PASSED] - Taxtype = findTestData(dataFile).getValue("TaxType", row): null

2024-11-07 18:01:23 - [TEST_STEP][PASSED] - Paymenttype = findTestData(dataFile).getValue("PaymentType", row): null

2024-11-07 18:01:23 - [TEST_STEP][PASSED] - out.println("Value of Execute is : " + ExecuteTC): null

2024-11-07 18:01:23 - [TEST_STEP][PASSED] - if (ExecuteTC.equalsIgnoreCase("Y")): null

2024-11-07 18:01:23 - [TEST_STEP][PASSED] - ExecuteTC = findTestData(dataFile).getValue("Execute", row): null

2024-11-07 18:01:23 - [TEST_STEP][PASSED] - Taxtype = findTestData(dataFile).getValue("TaxType", row): null

2024-11-07 18:01:23 - [TEST_STEP][PASSED] - Paymenttype = findTestData(dataFile).getValue("PaymentType", row): null

2024-11-07 18:01:23 - [TEST_STEP][PASSED] - out.println("Value of Execute is : " + ExecuteTC): null

2024-11-07 18:01:23 - [TEST_STEP][PASSED] - if (ExecuteTC.equalsIgnoreCase("Y")): null]]></system-out>
         <system-err><![CDATA[]]></system-err>
      </testcase>
      <testcase name="Test Cases/RAD_TestCases/Negative_TestCases/SSNmoreThan9Error" time="62.567" classname="Test Cases/RAD_TestCases/Negative_TestCases/SSNmoreThan9Error" status="PASSED">
         <system-out><![CDATA[2024-11-07 18:01:23 - [TEST_CASE][PASSED] - Test Cases/RAD_TestCases/Negative_TestCases/SSNmoreThan9Error: Test Cases/RAD_TestCases/Negative_TestCases/SSNmoreThan9Error

2024-11-07 18:01:24 - [TEST_STEP][PASSED] - resText = "Fail": null

2024-11-07 18:01:24 - [TEST_STEP][PASSED] - resColumn = "Result": null

2024-11-07 18:01:24 - [TEST_STEP][PASSED] - datCloumn = "Date": null

2024-11-07 18:01:24 - [TEST_STEP][PASSED] - fileLoc = "KatalonData/RADTestData/SSNmoreThan9Error.xlsx": null

2024-11-07 18:01:24 - [TEST_STEP][PASSED] - nameSheet = "Sheet1": null

2024-11-07 18:01:24 - [TEST_STEP][PASSED] - dataFile = "RADTestData/SSNmoreThan9Error": null

2024-11-07 18:01:24 - [TEST_STEP][PASSED] - ExecuteTC = <not implemented yet for class: org.codehaus.groovy.ast.expr.EmptyExpression>: null

2024-11-07 18:01:24 - [TEST_STEP][PASSED] - Taxtype = <not implemented yet for class: org.codehaus.groovy.ast.expr.EmptyExpression>: null

2024-11-07 18:01:24 - [TEST_STEP][PASSED] - numOfRows = findTestData(dataFile).getRowNumbers(): null

2024-11-07 18:01:24 - [TEST_STEP][PASSED] - println("Number of Records: " + numOfRows): null

2024-11-07 18:01:24 - [TEST_STEP][PASSED] - for ([row = 1, row <= numOfRows, (row++)]): null

2024-11-07 18:01:24 - [TEST_STEP][PASSED] - ExecuteTC = findTestData(dataFile).getValue("Execute", row): null

2024-11-07 18:01:24 - [TEST_STEP][PASSED] - Taxtype = findTestData(dataFile).getValue("TaxType", row): null

2024-11-07 18:01:24 - [TEST_STEP][PASSED] - Paymenttype = findTestData(dataFile).getValue("PaymentType", row): null

2024-11-07 18:01:24 - [TEST_STEP][PASSED] - out.println("Value of Execute is : " + ExecuteTC): null

2024-11-07 18:01:24 - [TEST_STEP][PASSED] - if (ExecuteTC.equalsIgnoreCase("Y")): null

2024-11-07 18:01:24 - [TEST_STEP][PASSED] - out.println("Begin Record Number: " + row): null

2024-11-07 18:01:24 - [TEST_STEP][PASSED] - today = new java.util.Date(): null

2024-11-07 18:01:24 - [TEST_STEP][PASSED] - println(today): null

2024-11-07 18:01:24 - [TEST_STEP][PASSED] - datText = today: null

2024-11-07 18:01:24 - [TEST_STEP][PASSED] - Taxtype = findTestData(dataFile).getValue("TaxType", row): null

2024-11-07 18:01:24 - [TEST_STEP][PASSED] - out.println("Taxtype value is : " + Taxtype): null

2024-11-07 18:01:24 - [TEST_STEP][PASSED] - openBrowser(""): Browser is opened with url: ''

2024-11-07 18:01:24 - [MESSAGE][WARNING] - A browser is already opened. Closing browser and opening a new one

2024-11-07 18:01:25 - [MESSAGE][INFO] - Starting 'Chrome' driver

2024-11-07 18:01:25 - [MESSAGE][INFO] - User set preference: ['acceptInsecureCerts', 'true']

2024-11-07 18:01:25 - [MESSAGE][INFO] - Action delay is set to 0 milliseconds

2024-11-07 18:01:27 - [MESSAGE][PASSED] - Browser is opened with url: ''

2024-11-07 18:01:27 - [TEST_STEP][PASSED] - maximizeWindow(): Current window maximized

2024-11-07 18:01:27 - [MESSAGE][PASSED] - Current window maximized

2024-11-07 18:01:27 - [TEST_STEP][PASSED] - navigateToUrl(RADurl): Navigate to 'https://www.velocitypayment.com/client/rad/index.html' successfully

2024-11-07 18:01:27 - [MESSAGE][PASSED] - Navigate to 'https://www.velocitypayment.com/client/rad/index.html' successfully

2024-11-07 18:01:27 - [TEST_STEP][PASSED] - orPath_Landing = "Object Repository/RAD_Pages/Landing_Page": null

2024-11-07 18:01:27 - [TEST_STEP][PASSED] - orPath_TaxTypeFilingYear = "Object Repository/RAD_Pages/TaxTypeFilingYear_Page": null

2024-11-07 18:01:27 - [TEST_STEP][PASSED] - orPath_TaxPayer = "Object Repository/RAD_Pages/Taxpayer_Page": null

2024-11-07 18:01:27 - [TEST_STEP][PASSED] - orPath_AddressContact = "Object Repository/RAD_Pages/AddressAndContactInfo_Page": null

2024-11-07 18:01:27 - [TEST_STEP][PASSED] - orPath_FilingStatus = "Object Repository/RAD_Pages/FilingStatus_Page": null

2024-11-07 18:01:27 - [TEST_STEP][PASSED] - orPath_Amount = "Object Repository/RAD_Pages/PaymentAmount_Page": null

2024-11-07 18:01:27 - [TEST_STEP][PASSED] - orPath_TaxInfo = "Object Repository/RAD_Pages/TaxInfo_Page": null

2024-11-07 18:01:27 - [TEST_STEP][PASSED] - selectOptionByLabel(findTestObject(orPath_Landing + "/dd_TaxType"), Paymenttype, false): All options with label 'Existing Liability with Notice/Invoice Number' are selected in object 'Object Repository/RAD_Pages/Landing_Page/dd_TaxType' 

2024-11-07 18:01:30 - [MESSAGE][PASSED] - All options with label 'Existing Liability with Notice/Invoice Number' are selected in object 'Object Repository/RAD_Pages/Landing_Page/dd_TaxType' 

2024-11-07 18:01:30 - [TEST_STEP][PASSED] - delay(1): Delayed 1 second(s)

2024-11-07 18:01:31 - [MESSAGE][PASSED] - Delayed 1 second(s)

2024-11-07 18:01:31 - [TEST_STEP][PASSED] - switch (Paymenttype): null

2024-11-07 18:01:31 - [TEST_STEP][PASSED] - case "Existing Liability with Notice/Invoice Number":: null

2024-11-07 18:01:31 - [TEST_STEP][PASSED] - selectOptionByLabel(findTestObject(orPath_TaxTypeFilingYear + "/select_TaxType_ExistingLiability"), Taxtype, false): All options with label 'Personal Income Tax' are selected in object 'Object Repository/RAD_Pages/TaxTypeFilingYear_Page/select_TaxType_ExistingLiability' 

2024-11-07 18:01:31 - [MESSAGE][PASSED] - All options with label 'Personal Income Tax' are selected in object 'Object Repository/RAD_Pages/TaxTypeFilingYear_Page/select_TaxType_ExistingLiability' 

2024-11-07 18:01:31 - [TEST_STEP][PASSED] - break: null

2024-11-07 18:01:31 - [TEST_STEP][PASSED] - delay(1): Delayed 1 second(s)

2024-11-07 18:01:32 - [MESSAGE][PASSED] - Delayed 1 second(s)

2024-11-07 18:01:32 - [TEST_STEP][PASSED] - scrollToElement(findTestObject(orPath_TaxPayer + "/input_firstName"), 3): Scroll to object 'Object Repository/RAD_Pages/Taxpayer_Page/input_firstName' successfully

2024-11-07 18:01:33 - [MESSAGE][PASSED] - Scroll to object 'Object Repository/RAD_Pages/Taxpayer_Page/input_firstName' successfully

2024-11-07 18:01:33 - [TEST_STEP][PASSED] - switch (Paymenttype): null

2024-11-07 18:01:33 - [TEST_STEP][PASSED] - case "Existing Liability with Notice/Invoice Number":: null

2024-11-07 18:01:33 - [TEST_STEP][PASSED] - if (Taxtype.equalsIgnoreCase("Estate Tax")): null

2024-11-07 18:01:33 - [TEST_STEP][PASSED] - else: Text '' is set on object 'Object Repository/RAD_Pages/TaxInfo_Page/input_Existing_RetypeSSN'

2024-11-07 18:01:33 - [TEST_STEP][PASSED] - setText(findTestObject(orPath_TaxInfo + "/input_Existing_SSN"), "1111111111"): Text '1111111111' is set on object 'Object Repository/RAD_Pages/TaxInfo_Page/input_Existing_SSN'

2024-11-07 18:01:33 - [MESSAGE][PASSED] - Text '1111111111' is set on object 'Object Repository/RAD_Pages/TaxInfo_Page/input_Existing_SSN'

2024-11-07 18:01:33 - [TEST_STEP][PASSED] - setText(findTestObject(orPath_TaxInfo + "/input_Existing_RetypeSSN"), ""): Text '' is set on object 'Object Repository/RAD_Pages/TaxInfo_Page/input_Existing_RetypeSSN'

2024-11-07 18:01:34 - [MESSAGE][PASSED] - Text '' is set on object 'Object Repository/RAD_Pages/TaxInfo_Page/input_Existing_RetypeSSN'

2024-11-07 18:01:34 - [TEST_STEP][PASSED] - break: null

2024-11-07 18:01:34 - [TEST_STEP][PASSED] - delay(2): Delayed 2 second(s)

2024-11-07 18:01:36 - [MESSAGE][PASSED] - Delayed 2 second(s)

2024-11-07 18:01:36 - [TEST_STEP][PASSED] - switch (Taxtype): null

2024-11-07 18:01:36 - [TEST_STEP][PASSED] - Default: null

2024-11-07 18:01:36 - [TEST_STEP][PASSED] - if (verifyTextPresent("Please enter a valid SSN with 9 digits", true)): null

2024-11-07 18:01:36 - [MESSAGE][PASSED] - Text 'Please enter a valid SSN with 9 digits' is present on page  using regular expression

2024-11-07 18:01:36 - [TEST_STEP][PASSED] - println("Please enter a valid SSN with 9 digits"): null

2024-11-07 18:01:36 - [TEST_STEP][PASSED] - out.println("Pass Record Number: " + row): null

2024-11-07 18:01:36 - [TEST_STEP][PASSED] - resText = "Pass": null

2024-11-07 18:01:36 - [TEST_STEP][PASSED] - pages.WriteExcel.demoKey(resText, datText, resColumn, datCloumn, fileLoc, nameSheet, row): pages.WriteExcel.demoKey is PASSED

2024-11-07 18:01:36 - [MESSAGE][PASSED] - pages.WriteExcel.demoKey is PASSED

2024-11-07 18:01:36 - [TEST_STEP][PASSED] - break: null

2024-11-07 18:01:36 - [TEST_STEP][PASSED] - ExecuteTC = findTestData(dataFile).getValue("Execute", row): null

2024-11-07 18:01:36 - [TEST_STEP][PASSED] - Taxtype = findTestData(dataFile).getValue("TaxType", row): null

2024-11-07 18:01:37 - [TEST_STEP][PASSED] - Paymenttype = findTestData(dataFile).getValue("PaymentType", row): null

2024-11-07 18:01:37 - [TEST_STEP][PASSED] - out.println("Value of Execute is : " + ExecuteTC): null

2024-11-07 18:01:37 - [TEST_STEP][PASSED] - if (ExecuteTC.equalsIgnoreCase("Y")): null

2024-11-07 18:01:37 - [TEST_STEP][PASSED] - out.println("Begin Record Number: " + row): null

2024-11-07 18:01:37 - [TEST_STEP][PASSED] - today = new java.util.Date(): null

2024-11-07 18:01:37 - [TEST_STEP][PASSED] - println(today): null

2024-11-07 18:01:37 - [TEST_STEP][PASSED] - datText = today: null

2024-11-07 18:01:37 - [TEST_STEP][PASSED] - Taxtype = findTestData(dataFile).getValue("TaxType", row): null

2024-11-07 18:01:37 - [TEST_STEP][PASSED] - out.println("Taxtype value is : " + Taxtype): null

2024-11-07 18:01:37 - [TEST_STEP][PASSED] - openBrowser(""): Browser is opened with url: ''

2024-11-07 18:01:37 - [MESSAGE][WARNING] - A browser is already opened. Closing browser and opening a new one

2024-11-07 18:01:39 - [MESSAGE][INFO] - Starting 'Chrome' driver

2024-11-07 18:01:39 - [MESSAGE][INFO] - User set preference: ['acceptInsecureCerts', 'true']

2024-11-07 18:01:39 - [MESSAGE][INFO] - Action delay is set to 0 milliseconds

2024-11-07 18:01:41 - [MESSAGE][PASSED] - Browser is opened with url: ''

2024-11-07 18:01:41 - [TEST_STEP][PASSED] - maximizeWindow(): Current window maximized

2024-11-07 18:01:41 - [MESSAGE][PASSED] - Current window maximized

2024-11-07 18:01:41 - [TEST_STEP][PASSED] - navigateToUrl(RADurl): Navigate to 'https://www.velocitypayment.com/client/rad/index.html' successfully

2024-11-07 18:01:43 - [MESSAGE][PASSED] - Navigate to 'https://www.velocitypayment.com/client/rad/index.html' successfully

2024-11-07 18:01:43 - [TEST_STEP][PASSED] - orPath_Landing = "Object Repository/RAD_Pages/Landing_Page": null

2024-11-07 18:01:43 - [TEST_STEP][PASSED] - orPath_TaxTypeFilingYear = "Object Repository/RAD_Pages/TaxTypeFilingYear_Page": null

2024-11-07 18:01:43 - [TEST_STEP][PASSED] - orPath_TaxPayer = "Object Repository/RAD_Pages/Taxpayer_Page": null

2024-11-07 18:01:43 - [TEST_STEP][PASSED] - orPath_AddressContact = "Object Repository/RAD_Pages/AddressAndContactInfo_Page": null

2024-11-07 18:01:43 - [TEST_STEP][PASSED] - orPath_FilingStatus = "Object Repository/RAD_Pages/FilingStatus_Page": null

2024-11-07 18:01:43 - [TEST_STEP][PASSED] - orPath_Amount = "Object Repository/RAD_Pages/PaymentAmount_Page": null

2024-11-07 18:01:43 - [TEST_STEP][PASSED] - orPath_TaxInfo = "Object Repository/RAD_Pages/TaxInfo_Page": null

2024-11-07 18:01:43 - [TEST_STEP][PASSED] - selectOptionByLabel(findTestObject(orPath_Landing + "/dd_TaxType"), Paymenttype, false): All options with label 'Quarterly Estimated Tax' are selected in object 'Object Repository/RAD_Pages/Landing_Page/dd_TaxType' 

2024-11-07 18:01:44 - [MESSAGE][PASSED] - All options with label 'Quarterly Estimated Tax' are selected in object 'Object Repository/RAD_Pages/Landing_Page/dd_TaxType' 

2024-11-07 18:01:44 - [TEST_STEP][PASSED] - delay(1): Delayed 1 second(s)

2024-11-07 18:01:45 - [MESSAGE][PASSED] - Delayed 1 second(s)

2024-11-07 18:01:45 - [TEST_STEP][PASSED] - switch (Paymenttype): null

2024-11-07 18:01:45 - [TEST_STEP][PASSED] - case "Quarterly Estimated Tax":: null

2024-11-07 18:01:45 - [TEST_STEP][PASSED] - selectOptionByLabel(findTestObject(orPath_TaxTypeFilingYear + "/select_PaymentType"), Taxtype, false): All options with label 'Personal Income Tax' are selected in object 'Object Repository/RAD_Pages/TaxTypeFilingYear_Page/select_PaymentType' 

2024-11-07 18:01:45 - [MESSAGE][PASSED] - All options with label 'Personal Income Tax' are selected in object 'Object Repository/RAD_Pages/TaxTypeFilingYear_Page/select_PaymentType' 

2024-11-07 18:01:45 - [TEST_STEP][PASSED] - break: null

2024-11-07 18:01:45 - [TEST_STEP][PASSED] - delay(1): Delayed 1 second(s)

2024-11-07 18:01:46 - [MESSAGE][PASSED] - Delayed 1 second(s)

2024-11-07 18:01:46 - [TEST_STEP][PASSED] - scrollToElement(findTestObject(orPath_TaxPayer + "/input_firstName"), 3): Scroll to object 'Object Repository/RAD_Pages/Taxpayer_Page/input_firstName' successfully

2024-11-07 18:01:47 - [MESSAGE][PASSED] - Scroll to object 'Object Repository/RAD_Pages/Taxpayer_Page/input_firstName' successfully

2024-11-07 18:01:47 - [TEST_STEP][PASSED] - switch (Paymenttype): null

2024-11-07 18:01:47 - [TEST_STEP][PASSED] - case "Quarterly Estimated Tax":: null

2024-11-07 18:01:47 - [TEST_STEP][PASSED] - setText(findTestObject("RAD_RecordAndPlay/input_concatSSN"), "1111111111"): Text '1111111111' is set on object 'Object Repository/RAD_RecordAndPlay/input_concatSSN'

2024-11-07 18:01:47 - [MESSAGE][PASSED] - Text '1111111111' is set on object 'Object Repository/RAD_RecordAndPlay/input_concatSSN'

2024-11-07 18:01:47 - [TEST_STEP][PASSED] - setText(findTestObject("RAD_RecordAndPlay/input_concatReSSN"), ""): Text '' is set on object 'Object Repository/RAD_RecordAndPlay/input_concatReSSN'

2024-11-07 18:01:48 - [MESSAGE][PASSED] - Text '' is set on object 'Object Repository/RAD_RecordAndPlay/input_concatReSSN'

2024-11-07 18:01:48 - [TEST_STEP][PASSED] - break: null

2024-11-07 18:01:48 - [TEST_STEP][PASSED] - delay(2): Delayed 2 second(s)

2024-11-07 18:01:50 - [MESSAGE][PASSED] - Delayed 2 second(s)

2024-11-07 18:01:50 - [TEST_STEP][PASSED] - switch (Taxtype): null

2024-11-07 18:01:50 - [TEST_STEP][PASSED] - Default: null

2024-11-07 18:01:50 - [TEST_STEP][PASSED] - if (verifyTextPresent("Please enter a valid SSN with 9 digits", true)): null

2024-11-07 18:01:50 - [MESSAGE][PASSED] - Text 'Please enter a valid SSN with 9 digits' is present on page  using regular expression

2024-11-07 18:01:50 - [TEST_STEP][PASSED] - println("Please enter a valid SSN with 9 digits"): null

2024-11-07 18:01:50 - [TEST_STEP][PASSED] - out.println("Pass Record Number: " + row): null

2024-11-07 18:01:50 - [TEST_STEP][PASSED] - resText = "Pass": null

2024-11-07 18:01:50 - [TEST_STEP][PASSED] - pages.WriteExcel.demoKey(resText, datText, resColumn, datCloumn, fileLoc, nameSheet, row): pages.WriteExcel.demoKey is PASSED

2024-11-07 18:01:50 - [MESSAGE][PASSED] - pages.WriteExcel.demoKey is PASSED

2024-11-07 18:01:50 - [TEST_STEP][PASSED] - break: null

2024-11-07 18:01:50 - [TEST_STEP][PASSED] - ExecuteTC = findTestData(dataFile).getValue("Execute", row): null

2024-11-07 18:01:51 - [TEST_STEP][PASSED] - Taxtype = findTestData(dataFile).getValue("TaxType", row): null

2024-11-07 18:01:51 - [TEST_STEP][PASSED] - Paymenttype = findTestData(dataFile).getValue("PaymentType", row): null

2024-11-07 18:01:51 - [TEST_STEP][PASSED] - out.println("Value of Execute is : " + ExecuteTC): null

2024-11-07 18:01:51 - [TEST_STEP][PASSED] - if (ExecuteTC.equalsIgnoreCase("Y")): null

2024-11-07 18:01:51 - [TEST_STEP][PASSED] - out.println("Begin Record Number: " + row): null

2024-11-07 18:01:51 - [TEST_STEP][PASSED] - today = new java.util.Date(): null

2024-11-07 18:01:51 - [TEST_STEP][PASSED] - println(today): null

2024-11-07 18:01:51 - [TEST_STEP][PASSED] - datText = today: null

2024-11-07 18:01:51 - [TEST_STEP][PASSED] - Taxtype = findTestData(dataFile).getValue("TaxType", row): null

2024-11-07 18:01:51 - [TEST_STEP][PASSED] - out.println("Taxtype value is : " + Taxtype): null

2024-11-07 18:01:51 - [TEST_STEP][PASSED] - openBrowser(""): Browser is opened with url: ''

2024-11-07 18:01:51 - [MESSAGE][WARNING] - A browser is already opened. Closing browser and opening a new one

2024-11-07 18:01:54 - [MESSAGE][INFO] - Starting 'Chrome' driver

2024-11-07 18:01:54 - [MESSAGE][INFO] - User set preference: ['acceptInsecureCerts', 'true']

2024-11-07 18:01:54 - [MESSAGE][INFO] - Action delay is set to 0 milliseconds

2024-11-07 18:01:56 - [MESSAGE][PASSED] - Browser is opened with url: ''

2024-11-07 18:01:56 - [TEST_STEP][PASSED] - maximizeWindow(): Current window maximized

2024-11-07 18:01:56 - [MESSAGE][PASSED] - Current window maximized

2024-11-07 18:01:56 - [TEST_STEP][PASSED] - navigateToUrl(RADurl): Navigate to 'https://www.velocitypayment.com/client/rad/index.html' successfully

2024-11-07 18:01:58 - [MESSAGE][PASSED] - Navigate to 'https://www.velocitypayment.com/client/rad/index.html' successfully

2024-11-07 18:01:58 - [TEST_STEP][PASSED] - orPath_Landing = "Object Repository/RAD_Pages/Landing_Page": null

2024-11-07 18:01:58 - [TEST_STEP][PASSED] - orPath_TaxTypeFilingYear = "Object Repository/RAD_Pages/TaxTypeFilingYear_Page": null

2024-11-07 18:01:58 - [TEST_STEP][PASSED] - orPath_TaxPayer = "Object Repository/RAD_Pages/Taxpayer_Page": null

2024-11-07 18:01:58 - [TEST_STEP][PASSED] - orPath_AddressContact = "Object Repository/RAD_Pages/AddressAndContactInfo_Page": null

2024-11-07 18:01:58 - [TEST_STEP][PASSED] - orPath_FilingStatus = "Object Repository/RAD_Pages/FilingStatus_Page": null

2024-11-07 18:01:58 - [TEST_STEP][PASSED] - orPath_Amount = "Object Repository/RAD_Pages/PaymentAmount_Page": null

2024-11-07 18:01:58 - [TEST_STEP][PASSED] - orPath_TaxInfo = "Object Repository/RAD_Pages/TaxInfo_Page": null

2024-11-07 18:01:58 - [TEST_STEP][PASSED] - selectOptionByLabel(findTestObject(orPath_Landing + "/dd_TaxType"), Paymenttype, false): All options with label 'Extension Payments' are selected in object 'Object Repository/RAD_Pages/Landing_Page/dd_TaxType' 

2024-11-07 18:01:59 - [MESSAGE][PASSED] - All options with label 'Extension Payments' are selected in object 'Object Repository/RAD_Pages/Landing_Page/dd_TaxType' 

2024-11-07 18:01:59 - [TEST_STEP][PASSED] - delay(1): Delayed 1 second(s)

2024-11-07 18:02:00 - [MESSAGE][PASSED] - Delayed 1 second(s)

2024-11-07 18:02:00 - [TEST_STEP][PASSED] - switch (Paymenttype): null

2024-11-07 18:02:00 - [TEST_STEP][PASSED] - case "Extension Payments":: null

2024-11-07 18:02:00 - [TEST_STEP][PASSED] - selectOptionByLabel(findTestObject(orPath_TaxTypeFilingYear + "/select_PaymentType"), Taxtype, false): All options with label 'Personal Income Tax' are selected in object 'Object Repository/RAD_Pages/TaxTypeFilingYear_Page/select_PaymentType' 

2024-11-07 18:02:01 - [MESSAGE][PASSED] - All options with label 'Personal Income Tax' are selected in object 'Object Repository/RAD_Pages/TaxTypeFilingYear_Page/select_PaymentType' 

2024-11-07 18:02:01 - [TEST_STEP][PASSED] - break: null

2024-11-07 18:02:01 - [TEST_STEP][PASSED] - delay(1): Delayed 1 second(s)

2024-11-07 18:02:02 - [MESSAGE][PASSED] - Delayed 1 second(s)

2024-11-07 18:02:02 - [TEST_STEP][PASSED] - scrollToElement(findTestObject(orPath_TaxPayer + "/input_firstName"), 3): Scroll to object 'Object Repository/RAD_Pages/Taxpayer_Page/input_firstName' successfully

2024-11-07 18:02:02 - [MESSAGE][PASSED] - Scroll to object 'Object Repository/RAD_Pages/Taxpayer_Page/input_firstName' successfully

2024-11-07 18:02:02 - [TEST_STEP][PASSED] - switch (Paymenttype): null

2024-11-07 18:02:02 - [TEST_STEP][PASSED] - case "Extension Payments":: null

2024-11-07 18:02:02 - [TEST_STEP][PASSED] - setText(findTestObject("RAD_RecordAndPlay/input_concatSSN"), "1111111111"): Text '1111111111' is set on object 'Object Repository/RAD_RecordAndPlay/input_concatSSN'

2024-11-07 18:02:03 - [MESSAGE][PASSED] - Text '1111111111' is set on object 'Object Repository/RAD_RecordAndPlay/input_concatSSN'

2024-11-07 18:02:03 - [TEST_STEP][PASSED] - setText(findTestObject("RAD_RecordAndPlay/input_concatReSSN"), ""): Text '' is set on object 'Object Repository/RAD_RecordAndPlay/input_concatReSSN'

2024-11-07 18:02:03 - [MESSAGE][PASSED] - Text '' is set on object 'Object Repository/RAD_RecordAndPlay/input_concatReSSN'

2024-11-07 18:02:03 - [TEST_STEP][PASSED] - break: null

2024-11-07 18:02:03 - [TEST_STEP][PASSED] - delay(2): Delayed 2 second(s)

2024-11-07 18:02:05 - [MESSAGE][PASSED] - Delayed 2 second(s)

2024-11-07 18:02:05 - [TEST_STEP][PASSED] - switch (Taxtype): null

2024-11-07 18:02:05 - [TEST_STEP][PASSED] - Default: null

2024-11-07 18:02:05 - [TEST_STEP][PASSED] - if (verifyTextPresent("Please enter a valid SSN with 9 digits", true)): null

2024-11-07 18:02:06 - [MESSAGE][PASSED] - Text 'Please enter a valid SSN with 9 digits' is present on page  using regular expression

2024-11-07 18:02:06 - [TEST_STEP][PASSED] - println("Please enter a valid SSN with 9 digits"): null

2024-11-07 18:02:06 - [TEST_STEP][PASSED] - out.println("Pass Record Number: " + row): null

2024-11-07 18:02:06 - [TEST_STEP][PASSED] - resText = "Pass": null

2024-11-07 18:02:06 - [TEST_STEP][PASSED] - pages.WriteExcel.demoKey(resText, datText, resColumn, datCloumn, fileLoc, nameSheet, row): pages.WriteExcel.demoKey is PASSED

2024-11-07 18:02:06 - [MESSAGE][PASSED] - pages.WriteExcel.demoKey is PASSED

2024-11-07 18:02:06 - [TEST_STEP][PASSED] - break: null

2024-11-07 18:02:06 - [TEST_STEP][PASSED] - ExecuteTC = findTestData(dataFile).getValue("Execute", row): null

2024-11-07 18:02:06 - [TEST_STEP][PASSED] - Taxtype = findTestData(dataFile).getValue("TaxType", row): null

2024-11-07 18:02:06 - [TEST_STEP][PASSED] - Paymenttype = findTestData(dataFile).getValue("PaymentType", row): null

2024-11-07 18:02:06 - [TEST_STEP][PASSED] - out.println("Value of Execute is : " + ExecuteTC): null

2024-11-07 18:02:06 - [TEST_STEP][PASSED] - if (ExecuteTC.equalsIgnoreCase("Y")): null

2024-11-07 18:02:06 - [TEST_STEP][PASSED] - out.println("Begin Record Number: " + row): null

2024-11-07 18:02:06 - [TEST_STEP][PASSED] - today = new java.util.Date(): null

2024-11-07 18:02:06 - [TEST_STEP][PASSED] - println(today): null

2024-11-07 18:02:06 - [TEST_STEP][PASSED] - datText = today: null

2024-11-07 18:02:06 - [TEST_STEP][PASSED] - Taxtype = findTestData(dataFile).getValue("TaxType", row): null

2024-11-07 18:02:06 - [TEST_STEP][PASSED] - out.println("Taxtype value is : " + Taxtype): null

2024-11-07 18:02:06 - [TEST_STEP][PASSED] - openBrowser(""): Browser is opened with url: ''

2024-11-07 18:02:06 - [MESSAGE][WARNING] - A browser is already opened. Closing browser and opening a new one

2024-11-07 18:02:14 - [MESSAGE][INFO] - Starting 'Chrome' driver

2024-11-07 18:02:14 - [MESSAGE][INFO] - User set preference: ['acceptInsecureCerts', 'true']

2024-11-07 18:02:14 - [MESSAGE][INFO] - Action delay is set to 0 milliseconds

2024-11-07 18:02:16 - [MESSAGE][PASSED] - Browser is opened with url: ''

2024-11-07 18:02:16 - [TEST_STEP][PASSED] - maximizeWindow(): Current window maximized

2024-11-07 18:02:16 - [MESSAGE][PASSED] - Current window maximized

2024-11-07 18:02:16 - [TEST_STEP][PASSED] - navigateToUrl(RADurl): Navigate to 'https://www.velocitypayment.com/client/rad/index.html' successfully

2024-11-07 18:02:18 - [MESSAGE][PASSED] - Navigate to 'https://www.velocitypayment.com/client/rad/index.html' successfully

2024-11-07 18:02:18 - [TEST_STEP][PASSED] - orPath_Landing = "Object Repository/RAD_Pages/Landing_Page": null

2024-11-07 18:02:18 - [TEST_STEP][PASSED] - orPath_TaxTypeFilingYear = "Object Repository/RAD_Pages/TaxTypeFilingYear_Page": null

2024-11-07 18:02:18 - [TEST_STEP][PASSED] - orPath_TaxPayer = "Object Repository/RAD_Pages/Taxpayer_Page": null

2024-11-07 18:02:18 - [TEST_STEP][PASSED] - orPath_AddressContact = "Object Repository/RAD_Pages/AddressAndContactInfo_Page": null

2024-11-07 18:02:18 - [TEST_STEP][PASSED] - orPath_FilingStatus = "Object Repository/RAD_Pages/FilingStatus_Page": null

2024-11-07 18:02:18 - [TEST_STEP][PASSED] - orPath_Amount = "Object Repository/RAD_Pages/PaymentAmount_Page": null

2024-11-07 18:02:18 - [TEST_STEP][PASSED] - orPath_TaxInfo = "Object Repository/RAD_Pages/TaxInfo_Page": null

2024-11-07 18:02:18 - [TEST_STEP][PASSED] - selectOptionByLabel(findTestObject(orPath_Landing + "/dd_TaxType"), Paymenttype, false): All options with label 'New Tax Return Amount Due' are selected in object 'Object Repository/RAD_Pages/Landing_Page/dd_TaxType' 

2024-11-07 18:02:18 - [MESSAGE][PASSED] - All options with label 'New Tax Return Amount Due' are selected in object 'Object Repository/RAD_Pages/Landing_Page/dd_TaxType' 

2024-11-07 18:02:18 - [TEST_STEP][PASSED] - delay(1): Delayed 1 second(s)

2024-11-07 18:02:19 - [MESSAGE][PASSED] - Delayed 1 second(s)

2024-11-07 18:02:19 - [TEST_STEP][PASSED] - switch (Paymenttype): null

2024-11-07 18:02:19 - [TEST_STEP][PASSED] - case "New Tax Return Amount Due":: null

2024-11-07 18:02:19 - [TEST_STEP][PASSED] - selectOptionByLabel(findTestObject("Object Repository/RAD_Pages/Landing_Page/select_NewTaxReturnAmountDue_TaxType"), Taxtype, false): All options with label 'Personal Income Tax' are selected in object 'Object Repository/RAD_Pages/Landing_Page/select_NewTaxReturnAmountDue_TaxType' 

2024-11-07 18:02:20 - [MESSAGE][PASSED] - All options with label 'Personal Income Tax' are selected in object 'Object Repository/RAD_Pages/Landing_Page/select_NewTaxReturnAmountDue_TaxType' 

2024-11-07 18:02:20 - [TEST_STEP][PASSED] - break: null

2024-11-07 18:02:20 - [TEST_STEP][PASSED] - delay(1): Delayed 1 second(s)

2024-11-07 18:02:21 - [MESSAGE][PASSED] - Delayed 1 second(s)

2024-11-07 18:02:21 - [TEST_STEP][PASSED] - scrollToElement(findTestObject(orPath_TaxPayer + "/input_firstName"), 3): Scroll to object 'Object Repository/RAD_Pages/Taxpayer_Page/input_firstName' successfully

2024-11-07 18:02:22 - [MESSAGE][PASSED] - Scroll to object 'Object Repository/RAD_Pages/Taxpayer_Page/input_firstName' successfully

2024-11-07 18:02:22 - [TEST_STEP][PASSED] - switch (Paymenttype): null

2024-11-07 18:02:22 - [TEST_STEP][PASSED] - case "New Tax Return Amount Due":: null

2024-11-07 18:02:22 - [TEST_STEP][PASSED] - if (Taxtype.equalsIgnoreCase("Estate Tax")): null

2024-11-07 18:02:22 - [TEST_STEP][PASSED] - else: Text '' is set on object 'Object Repository/RAD_RecordAndPlay/input_concatReSSN'

2024-11-07 18:02:22 - [TEST_STEP][PASSED] - setText(findTestObject("RAD_RecordAndPlay/input_concatSSN"), "1111111111"): Text '1111111111' is set on object 'Object Repository/RAD_RecordAndPlay/input_concatSSN'

2024-11-07 18:02:22 - [MESSAGE][PASSED] - Text '1111111111' is set on object 'Object Repository/RAD_RecordAndPlay/input_concatSSN'

2024-11-07 18:02:22 - [TEST_STEP][PASSED] - setText(findTestObject("RAD_RecordAndPlay/input_concatReSSN"), ""): Text '' is set on object 'Object Repository/RAD_RecordAndPlay/input_concatReSSN'

2024-11-07 18:02:23 - [MESSAGE][PASSED] - Text '' is set on object 'Object Repository/RAD_RecordAndPlay/input_concatReSSN'

2024-11-07 18:02:23 - [TEST_STEP][PASSED] - break: null

2024-11-07 18:02:23 - [TEST_STEP][PASSED] - delay(2): Delayed 2 second(s)

2024-11-07 18:02:25 - [MESSAGE][PASSED] - Delayed 2 second(s)

2024-11-07 18:02:25 - [TEST_STEP][PASSED] - switch (Taxtype): null

2024-11-07 18:02:25 - [TEST_STEP][PASSED] - Default: null

2024-11-07 18:02:25 - [TEST_STEP][PASSED] - if (verifyTextPresent("Please enter a valid SSN with 9 digits", true)): null

2024-11-07 18:02:25 - [MESSAGE][PASSED] - Text 'Please enter a valid SSN with 9 digits' is present on page  using regular expression

2024-11-07 18:02:25 - [TEST_STEP][PASSED] - println("Please enter a valid SSN with 9 digits"): null

2024-11-07 18:02:25 - [TEST_STEP][PASSED] - out.println("Pass Record Number: " + row): null

2024-11-07 18:02:25 - [TEST_STEP][PASSED] - resText = "Pass": null

2024-11-07 18:02:25 - [TEST_STEP][PASSED] - pages.WriteExcel.demoKey(resText, datText, resColumn, datCloumn, fileLoc, nameSheet, row): pages.WriteExcel.demoKey is PASSED

2024-11-07 18:02:25 - [MESSAGE][PASSED] - pages.WriteExcel.demoKey is PASSED

2024-11-07 18:02:25 - [TEST_STEP][PASSED] - break: null

2024-11-07 18:02:25 - [TEST_STEP][PASSED] - ExecuteTC = findTestData(dataFile).getValue("Execute", row): null

2024-11-07 18:02:25 - [TEST_STEP][PASSED] - Taxtype = findTestData(dataFile).getValue("TaxType", row): null

2024-11-07 18:02:25 - [TEST_STEP][PASSED] - Paymenttype = findTestData(dataFile).getValue("PaymentType", row): null

2024-11-07 18:02:25 - [TEST_STEP][PASSED] - out.println("Value of Execute is : " + ExecuteTC): null

2024-11-07 18:02:25 - [TEST_STEP][PASSED] - if (ExecuteTC.equalsIgnoreCase("Y")): null

2024-11-07 18:02:25 - [TEST_STEP][PASSED] - ExecuteTC = findTestData(dataFile).getValue("Execute", row): null

2024-11-07 18:02:26 - [TEST_STEP][PASSED] - Taxtype = findTestData(dataFile).getValue("TaxType", row): null

2024-11-07 18:02:26 - [TEST_STEP][PASSED] - Paymenttype = findTestData(dataFile).getValue("PaymentType", row): null

2024-11-07 18:02:26 - [TEST_STEP][PASSED] - out.println("Value of Execute is : " + ExecuteTC): null

2024-11-07 18:02:26 - [TEST_STEP][PASSED] - if (ExecuteTC.equalsIgnoreCase("Y")): null]]></system-out>
         <system-err><![CDATA[]]></system-err>
      </testcase>
      <testcase name="Test Cases/RAD_TestCases/MRF_TestCases/Estimated_MRF_TC" time="120.791" classname="Test Cases/RAD_TestCases/MRF_TestCases/Estimated_MRF_TC" status="PASSED">
         <system-out><![CDATA[2024-11-07 18:02:26 - [TEST_CASE][PASSED] - Test Cases/RAD_TestCases/MRF_TestCases/Estimated_MRF_TC: Test Cases/RAD_TestCases/MRF_TestCases/Estimated_MRF_TC

2024-11-07 18:02:26 - [TEST_STEP][PASSED] - resText = "Fail": null

2024-11-07 18:02:26 - [TEST_STEP][PASSED] - resColumn = "Result": null

2024-11-07 18:02:26 - [TEST_STEP][PASSED] - datCloumn = "Date": null

2024-11-07 18:02:26 - [TEST_STEP][PASSED] - fileLoc = "KatalonData/RADTestData/MRF.xlsx": null

2024-11-07 18:02:26 - [TEST_STEP][PASSED] - nameSheet = "Estimated": null

2024-11-07 18:02:26 - [TEST_STEP][PASSED] - dataFile = "RADTestData/MRF_Estimated": null

2024-11-07 18:02:26 - [TEST_STEP][PASSED] - orPath_Landing = "Object Repository/RAD_Pages/Landing_Page": null

2024-11-07 18:02:26 - [TEST_STEP][PASSED] - orPath_TaxTypeFilingYear = "Object Repository/RAD_Pages/TaxTypeFilingYear_Page": null

2024-11-07 18:02:26 - [TEST_STEP][PASSED] - orPath_Amount = "Object Repository/RAD_Pages/PaymentAmount_Page": null

2024-11-07 18:02:26 - [TEST_STEP][PASSED] - orPath_AddressContact = "Object Repository/RAD_Pages/AddressAndContactInfo_Page": null

2024-11-07 18:02:26 - [TEST_STEP][PASSED] - orPath_Summary = "Object Repository/RAD_Pages/Summary_Page": null

2024-11-07 18:02:26 - [TEST_STEP][PASSED] - orPath_PaymentConfirmation = "Object Repository/RAD_Pages/PaymentConfirmation_Page": null

2024-11-07 18:02:26 - [TEST_STEP][PASSED] - orPath_ServiceFeesAccept = "Object Repository/RAD_Pages/ServiceFeeAccept_Page": null

2024-11-07 18:02:26 - [TEST_STEP][PASSED] - orPath_PaymentEntry = "Object Repository/RAD_Pages/PaymentEntry_Page": null

2024-11-07 18:02:26 - [TEST_STEP][PASSED] - orPath_TaxPayer = "Object Repository/RAD_Pages/Taxpayer_Page": null

2024-11-07 18:02:26 - [TEST_STEP][PASSED] - orPath_FilingStatus = "Object Repository/RAD_Pages/FilingStatus_Page": null

2024-11-07 18:02:26 - [TEST_STEP][PASSED] - orPath_TaxInfo = "Object Repository/RAD_Pages/TaxInfo_Page": null

2024-11-07 18:02:26 - [TEST_STEP][PASSED] - ExecuteTC = <not implemented yet for class: org.codehaus.groovy.ast.expr.EmptyExpression>: null

2024-11-07 18:02:26 - [TEST_STEP][PASSED] - TaxType = <not implemented yet for class: org.codehaus.groovy.ast.expr.EmptyExpression>: null

2024-11-07 18:02:26 - [TEST_STEP][PASSED] - PaymentType = <not implemented yet for class: org.codehaus.groovy.ast.expr.EmptyExpression>: null

2024-11-07 18:02:26 - [TEST_STEP][PASSED] - FilingYear = <not implemented yet for class: org.codehaus.groovy.ast.expr.EmptyExpression>: null

2024-11-07 18:02:26 - [TEST_STEP][PASSED] - PeriodEndingMonth = <not implemented yet for class: org.codehaus.groovy.ast.expr.EmptyExpression>: null

2024-11-07 18:02:26 - [TEST_STEP][PASSED] - feinSSN = <not implemented yet for class: org.codehaus.groovy.ast.expr.EmptyExpression>: null

2024-11-07 18:02:26 - [TEST_STEP][PASSED] - numOfRows = findTestData(dataFile).getRowNumbers(): null

2024-11-07 18:02:26 - [TEST_STEP][PASSED] - println("Number of Records: " + numOfRows): null

2024-11-07 18:02:26 - [TEST_STEP][PASSED] - for ([row = 1, row <= numOfRows, (row++)]): pages.WriteExcel.demoKey is PASSED

2024-11-07 18:02:26 - [TEST_STEP][PASSED] - ExecuteTC = findTestData(dataFile).getValue("Execute", row): null

2024-11-07 18:02:26 - [TEST_STEP][PASSED] - TaxType = findTestData(dataFile).getValue("TaxType", row): null

2024-11-07 18:02:26 - [TEST_STEP][PASSED] - PaymentType = findTestData(dataFile).getValue("PaymentType", row): null

2024-11-07 18:02:26 - [TEST_STEP][PASSED] - FilingYear = findTestData(dataFile).getValue("Year", row): null

2024-11-07 18:02:26 - [TEST_STEP][PASSED] - PeriodEndingMonth = findTestData(dataFile).getValue("Month", row): null

2024-11-07 18:02:27 - [TEST_STEP][PASSED] - feinSSN = findTestData(dataFile).getValue("FeinSsn", row): null

2024-11-07 18:02:27 - [TEST_STEP][PASSED] - if (ExecuteTC.equalsIgnoreCase("Y")): pages.WriteExcel.demoKey is PASSED

2024-11-07 18:02:27 - [TEST_STEP][PASSED] - out.println("Begin Record Number: " + row): null

2024-11-07 18:02:27 - [TEST_STEP][PASSED] - today = new java.util.Date(): null

2024-11-07 18:02:27 - [TEST_STEP][PASSED] - println(today): null

2024-11-07 18:02:27 - [TEST_STEP][PASSED] - datText = today: null

2024-11-07 18:02:27 - [TEST_STEP][PASSED] - logInfo("Payment Type: Quarterly Estimated Tax"): Payment Type: Quarterly Estimated Tax

2024-11-07 18:02:27 - [MESSAGE][INFO] - Payment Type: Quarterly Estimated Tax

2024-11-07 18:02:27 - [TEST_STEP][PASSED] - logInfo("Tax Type: " + TaxType): Tax Type: Corporate Income Tax

2024-11-07 18:02:27 - [MESSAGE][INFO] - Tax Type: Corporate Income Tax

2024-11-07 18:02:27 - [TEST_STEP][PASSED] - openBrowser(""): Browser is opened with url: ''

2024-11-07 18:02:27 - [MESSAGE][WARNING] - A browser is already opened. Closing browser and opening a new one

2024-11-07 18:02:28 - [MESSAGE][INFO] - Starting 'Chrome' driver

2024-11-07 18:02:28 - [MESSAGE][INFO] - User set preference: ['acceptInsecureCerts', 'true']

2024-11-07 18:02:28 - [MESSAGE][INFO] - Action delay is set to 0 milliseconds

2024-11-07 18:02:29 - [MESSAGE][PASSED] - Browser is opened with url: ''

2024-11-07 18:02:29 - [TEST_STEP][PASSED] - maximizeWindow(): Current window maximized

2024-11-07 18:02:29 - [MESSAGE][PASSED] - Current window maximized

2024-11-07 18:02:29 - [TEST_STEP][PASSED] - navigateToUrl(RADurl): Navigate to 'https://www.velocitypayment.com/client/rad/index.html' successfully

2024-11-07 18:02:30 - [MESSAGE][PASSED] - Navigate to 'https://www.velocitypayment.com/client/rad/index.html' successfully

2024-11-07 18:02:30 - [TEST_STEP][PASSED] - selectOptionByLabel(findTestObject(orPath_Landing + "/dd_TaxType"), "Quarterly Estimated Tax", false): All options with label 'Quarterly Estimated Tax' are selected in object 'Object Repository/RAD_Pages/Landing_Page/dd_TaxType' 

2024-11-07 18:02:33 - [MESSAGE][PASSED] - All options with label 'Quarterly Estimated Tax' are selected in object 'Object Repository/RAD_Pages/Landing_Page/dd_TaxType' 

2024-11-07 18:02:33 - [TEST_STEP][PASSED] - selectOptionByLabel(findTestObject(orPath_TaxTypeFilingYear + "/select_PaymentType"), TaxType, false): All options with label 'Corporate Income Tax' are selected in object 'Object Repository/RAD_Pages/TaxTypeFilingYear_Page/select_PaymentType' 

2024-11-07 18:02:33 - [MESSAGE][PASSED] - All options with label 'Corporate Income Tax' are selected in object 'Object Repository/RAD_Pages/TaxTypeFilingYear_Page/select_PaymentType' 

2024-11-07 18:02:33 - [TEST_STEP][PASSED] - selectOptionByLabel(findTestObject(orPath_TaxTypeFilingYear + "/select_FilingYear"), FilingYear, false): All options with label '2024' are selected in object 'Object Repository/RAD_Pages/TaxTypeFilingYear_Page/select_FilingYear' 

2024-11-07 18:02:34 - [MESSAGE][PASSED] - All options with label '2024' are selected in object 'Object Repository/RAD_Pages/TaxTypeFilingYear_Page/select_FilingYear' 

2024-11-07 18:02:34 - [TEST_STEP][PASSED] - selectOptionByLabel(findTestObject(orPath_TaxTypeFilingYear + "/select_PeriodEnding"), PeriodEndingMonth, false): All options with label 'March' are selected in object 'Object Repository/RAD_Pages/TaxTypeFilingYear_Page/select_PeriodEnding' 

2024-11-07 18:02:35 - [MESSAGE][PASSED] - All options with label 'March' are selected in object 'Object Repository/RAD_Pages/TaxTypeFilingYear_Page/select_PeriodEnding' 

2024-11-07 18:02:35 - [TEST_STEP][PASSED] - setText(findTestObject(orPath_TaxPayer + "/input_businessName"), " "): Text ' ' is set on object 'Object Repository/RAD_Pages/Taxpayer_Page/input_businessName'

2024-11-07 18:02:35 - [MESSAGE][PASSED] - Text ' ' is set on object 'Object Repository/RAD_Pages/Taxpayer_Page/input_businessName'

2024-11-07 18:02:35 - [TEST_STEP][PASSED] - setText(findTestObject(orPath_TaxPayer + "/input_BusinessRepfirstName"), " "): Text ' ' is set on object 'Object Repository/RAD_Pages/Taxpayer_Page/input_BusinessRepfirstName'

2024-11-07 18:02:36 - [MESSAGE][PASSED] - Text ' ' is set on object 'Object Repository/RAD_Pages/Taxpayer_Page/input_BusinessRepfirstName'

2024-11-07 18:02:36 - [TEST_STEP][PASSED] - setText(findTestObject(orPath_TaxPayer + "/input_BusinessReplastName"), " "): Text ' ' is set on object 'Object Repository/RAD_Pages/Taxpayer_Page/input_BusinessReplastName'

2024-11-07 18:02:37 - [MESSAGE][PASSED] - Text ' ' is set on object 'Object Repository/RAD_Pages/Taxpayer_Page/input_BusinessReplastName'

2024-11-07 18:02:37 - [TEST_STEP][PASSED] - setText(findTestObject(orPath_AddressContact + "/input_streetAddress1"), " "): Text ' ' is set on object 'Object Repository/RAD_Pages/AddressAndContactInfo_Page/input_streetAddress1'

2024-11-07 18:02:38 - [MESSAGE][PASSED] - Text ' ' is set on object 'Object Repository/RAD_Pages/AddressAndContactInfo_Page/input_streetAddress1'

2024-11-07 18:02:38 - [TEST_STEP][PASSED] - setText(findTestObject(orPath_AddressContact + "/input_city"), " "): Text ' ' is set on object 'Object Repository/RAD_Pages/AddressAndContactInfo_Page/input_city'

2024-11-07 18:02:38 - [MESSAGE][PASSED] - Text ' ' is set on object 'Object Repository/RAD_Pages/AddressAndContactInfo_Page/input_city'

2024-11-07 18:02:38 - [TEST_STEP][PASSED] - setText(findTestObject(orPath_AddressContact + "/input_zipCode"), " "): Text ' ' is set on object 'Object Repository/RAD_Pages/AddressAndContactInfo_Page/input_zipCode'

2024-11-07 18:02:39 - [MESSAGE][PASSED] - Text ' ' is set on object 'Object Repository/RAD_Pages/AddressAndContactInfo_Page/input_zipCode'

2024-11-07 18:02:39 - [TEST_STEP][PASSED] - setText(findTestObject(orPath_AddressContact + "/input_phoneNumber"), " "): Text ' ' is set on object 'Object Repository/RAD_Pages/AddressAndContactInfo_Page/input_phoneNumber'

2024-11-07 18:02:40 - [MESSAGE][PASSED] - Text ' ' is set on object 'Object Repository/RAD_Pages/AddressAndContactInfo_Page/input_phoneNumber'

2024-11-07 18:02:40 - [TEST_STEP][PASSED] - setText(findTestObject(orPath_AddressContact + "/input_eMailAddress"), " "): Text ' ' is set on object 'Object Repository/RAD_Pages/AddressAndContactInfo_Page/input_eMailAddress'

2024-11-07 18:02:41 - [MESSAGE][PASSED] - Text ' ' is set on object 'Object Repository/RAD_Pages/AddressAndContactInfo_Page/input_eMailAddress'

2024-11-07 18:02:41 - [TEST_STEP][PASSED] - setText(findTestObject(orPath_AddressContact + "/input_reEnterEMailAddress"), " "): Text ' ' is set on object 'Object Repository/RAD_Pages/AddressAndContactInfo_Page/input_reEnterEMailAddress'

2024-11-07 18:02:41 - [MESSAGE][PASSED] - Text ' ' is set on object 'Object Repository/RAD_Pages/AddressAndContactInfo_Page/input_reEnterEMailAddress'

2024-11-07 18:02:41 - [TEST_STEP][PASSED] - resText = "Fail": null

2024-11-07 18:02:41 - [TEST_STEP][PASSED] - pages.WriteExcel.demoKey(resText, datText, resColumn, datCloumn, fileLoc, nameSheet, row): pages.WriteExcel.demoKey is PASSED

2024-11-07 18:02:42 - [MESSAGE][PASSED] - pages.WriteExcel.demoKey is PASSED

2024-11-07 18:02:42 - [TEST_STEP][PASSED] - verifyTextPresent("Enter business name", true, CONTINUE_ON_FAILURE): Text 'Enter business name' is present on page  using regular expression

2024-11-07 18:02:42 - [MESSAGE][PASSED] - Text 'Enter business name' is present on page  using regular expression

2024-11-07 18:02:42 - [TEST_STEP][PASSED] - verifyTextPresent("Enter business rep first name", true, CONTINUE_ON_FAILURE): Text 'Enter business rep first name' is present on page  using regular expression

2024-11-07 18:02:42 - [MESSAGE][PASSED] - Text 'Enter business rep first name' is present on page  using regular expression

2024-11-07 18:02:42 - [TEST_STEP][PASSED] - verifyTextPresent("Enter business rep last name", true, CONTINUE_ON_FAILURE): Text 'Enter business rep last name' is present on page  using regular expression

2024-11-07 18:02:43 - [MESSAGE][PASSED] - Text 'Enter business rep last name' is present on page  using regular expression

2024-11-07 18:02:43 - [TEST_STEP][PASSED] - verifyTextPresent("Enter address", true, CONTINUE_ON_FAILURE): Text 'Enter address' is present on page  using regular expression

2024-11-07 18:02:43 - [MESSAGE][PASSED] - Text 'Enter address' is present on page  using regular expression

2024-11-07 18:02:43 - [TEST_STEP][PASSED] - verifyTextPresent("Enter city", true, CONTINUE_ON_FAILURE): Text 'Enter city' is present on page  using regular expression

2024-11-07 18:02:43 - [MESSAGE][PASSED] - Text 'Enter city' is present on page  using regular expression

2024-11-07 18:02:43 - [TEST_STEP][PASSED] - verifyTextPresent("Enter ZIP code", true, CONTINUE_ON_FAILURE): Text 'Enter ZIP code' is present on page  using regular expression

2024-11-07 18:02:44 - [MESSAGE][PASSED] - Text 'Enter ZIP code' is present on page  using regular expression

2024-11-07 18:02:44 - [TEST_STEP][PASSED] - verifyTextPresent("Enter a valid phone number", true, CONTINUE_ON_FAILURE): Text 'Enter a valid phone number' is present on page  using regular expression

2024-11-07 18:02:44 - [MESSAGE][PASSED] - Text 'Enter a valid phone number' is present on page  using regular expression

2024-11-07 18:02:44 - [TEST_STEP][PASSED] - verifyTextPresent("Enter Email", true, CONTINUE_ON_FAILURE): Text 'Enter Email' is present on page  using regular expression

2024-11-07 18:02:44 - [MESSAGE][PASSED] - Text 'Enter Email' is present on page  using regular expression

2024-11-07 18:02:44 - [TEST_STEP][PASSED] - resText = "Pass": null

2024-11-07 18:02:44 - [TEST_STEP][PASSED] - pages.WriteExcel.demoKey(resText, datText, resColumn, datCloumn, fileLoc, nameSheet, row): pages.WriteExcel.demoKey is PASSED

2024-11-07 18:02:44 - [MESSAGE][PASSED] - pages.WriteExcel.demoKey is PASSED

2024-11-07 18:02:44 - [TEST_STEP][PASSED] - ExecuteTC = findTestData(dataFile).getValue("Execute", row): null

2024-11-07 18:02:45 - [TEST_STEP][PASSED] - TaxType = findTestData(dataFile).getValue("TaxType", row): null

2024-11-07 18:02:45 - [TEST_STEP][PASSED] - PaymentType = findTestData(dataFile).getValue("PaymentType", row): null

2024-11-07 18:02:45 - [TEST_STEP][PASSED] - FilingYear = findTestData(dataFile).getValue("Year", row): null

2024-11-07 18:02:45 - [TEST_STEP][PASSED] - PeriodEndingMonth = findTestData(dataFile).getValue("Month", row): null

2024-11-07 18:02:45 - [TEST_STEP][PASSED] - feinSSN = findTestData(dataFile).getValue("FeinSsn", row): null

2024-11-07 18:02:45 - [TEST_STEP][PASSED] - if (ExecuteTC.equalsIgnoreCase("Y")): pages.WriteExcel.demoKey is PASSED

2024-11-07 18:02:45 - [TEST_STEP][PASSED] - out.println("Begin Record Number: " + row): null

2024-11-07 18:02:45 - [TEST_STEP][PASSED] - today = new java.util.Date(): null

2024-11-07 18:02:45 - [TEST_STEP][PASSED] - println(today): null

2024-11-07 18:02:45 - [TEST_STEP][PASSED] - datText = today: null

2024-11-07 18:02:45 - [TEST_STEP][PASSED] - logInfo("Payment Type: Quarterly Estimated Tax"): Payment Type: Quarterly Estimated Tax

2024-11-07 18:02:45 - [MESSAGE][INFO] - Payment Type: Quarterly Estimated Tax

2024-11-07 18:02:45 - [TEST_STEP][PASSED] - logInfo("Tax Type: " + TaxType): Tax Type: Fiduciary Tax

2024-11-07 18:02:45 - [MESSAGE][INFO] - Tax Type: Fiduciary Tax

2024-11-07 18:02:45 - [TEST_STEP][PASSED] - openBrowser(""): Browser is opened with url: ''

2024-11-07 18:02:45 - [MESSAGE][WARNING] - A browser is already opened. Closing browser and opening a new one

2024-11-07 18:02:47 - [MESSAGE][INFO] - Starting 'Chrome' driver

2024-11-07 18:02:47 - [MESSAGE][INFO] - User set preference: ['acceptInsecureCerts', 'true']

2024-11-07 18:02:47 - [MESSAGE][INFO] - Action delay is set to 0 milliseconds

2024-11-07 18:02:49 - [MESSAGE][PASSED] - Browser is opened with url: ''

2024-11-07 18:02:49 - [TEST_STEP][PASSED] - maximizeWindow(): Current window maximized

2024-11-07 18:02:49 - [MESSAGE][PASSED] - Current window maximized

2024-11-07 18:02:49 - [TEST_STEP][PASSED] - navigateToUrl(RADurl): Navigate to 'https://www.velocitypayment.com/client/rad/index.html' successfully

2024-11-07 18:02:52 - [MESSAGE][PASSED] - Navigate to 'https://www.velocitypayment.com/client/rad/index.html' successfully

2024-11-07 18:02:52 - [TEST_STEP][PASSED] - selectOptionByLabel(findTestObject(orPath_Landing + "/dd_TaxType"), "Quarterly Estimated Tax", false): All options with label 'Quarterly Estimated Tax' are selected in object 'Object Repository/RAD_Pages/Landing_Page/dd_TaxType' 

2024-11-07 18:02:53 - [MESSAGE][PASSED] - All options with label 'Quarterly Estimated Tax' are selected in object 'Object Repository/RAD_Pages/Landing_Page/dd_TaxType' 

2024-11-07 18:02:53 - [TEST_STEP][PASSED] - selectOptionByLabel(findTestObject(orPath_TaxTypeFilingYear + "/select_PaymentType"), TaxType, false): All options with label 'Fiduciary Tax' are selected in object 'Object Repository/RAD_Pages/TaxTypeFilingYear_Page/select_PaymentType' 

2024-11-07 18:02:53 - [MESSAGE][PASSED] - All options with label 'Fiduciary Tax' are selected in object 'Object Repository/RAD_Pages/TaxTypeFilingYear_Page/select_PaymentType' 

2024-11-07 18:02:53 - [TEST_STEP][PASSED] - selectOptionByLabel(findTestObject(orPath_TaxTypeFilingYear + "/select_FilingYear"), FilingYear, false): All options with label '2024' are selected in object 'Object Repository/RAD_Pages/TaxTypeFilingYear_Page/select_FilingYear' 

2024-11-07 18:02:54 - [MESSAGE][PASSED] - All options with label '2024' are selected in object 'Object Repository/RAD_Pages/TaxTypeFilingYear_Page/select_FilingYear' 

2024-11-07 18:02:54 - [TEST_STEP][PASSED] - selectOptionByLabel(findTestObject(orPath_TaxTypeFilingYear + "/select_PeriodEnding"), PeriodEndingMonth, false): All options with label 'May' are selected in object 'Object Repository/RAD_Pages/TaxTypeFilingYear_Page/select_PeriodEnding' 

2024-11-07 18:02:55 - [MESSAGE][PASSED] - All options with label 'May' are selected in object 'Object Repository/RAD_Pages/TaxTypeFilingYear_Page/select_PeriodEnding' 

2024-11-07 18:02:55 - [TEST_STEP][PASSED] - setText(findTestObject(orPath_TaxPayer + "/input_businessName"), " "): Text ' ' is set on object 'Object Repository/RAD_Pages/Taxpayer_Page/input_businessName'

2024-11-07 18:02:56 - [MESSAGE][PASSED] - Text ' ' is set on object 'Object Repository/RAD_Pages/Taxpayer_Page/input_businessName'

2024-11-07 18:02:56 - [TEST_STEP][PASSED] - setText(findTestObject(orPath_TaxPayer + "/input_BusinessRepfirstName"), " "): Text ' ' is set on object 'Object Repository/RAD_Pages/Taxpayer_Page/input_BusinessRepfirstName'

2024-11-07 18:02:56 - [MESSAGE][PASSED] - Text ' ' is set on object 'Object Repository/RAD_Pages/Taxpayer_Page/input_BusinessRepfirstName'

2024-11-07 18:02:56 - [TEST_STEP][PASSED] - setText(findTestObject(orPath_TaxPayer + "/input_BusinessReplastName"), " "): Text ' ' is set on object 'Object Repository/RAD_Pages/Taxpayer_Page/input_BusinessReplastName'

2024-11-07 18:02:57 - [MESSAGE][PASSED] - Text ' ' is set on object 'Object Repository/RAD_Pages/Taxpayer_Page/input_BusinessReplastName'

2024-11-07 18:02:57 - [TEST_STEP][PASSED] - setText(findTestObject(orPath_AddressContact + "/input_streetAddress1"), " "): Text ' ' is set on object 'Object Repository/RAD_Pages/AddressAndContactInfo_Page/input_streetAddress1'

2024-11-07 18:02:58 - [MESSAGE][PASSED] - Text ' ' is set on object 'Object Repository/RAD_Pages/AddressAndContactInfo_Page/input_streetAddress1'

2024-11-07 18:02:58 - [TEST_STEP][PASSED] - setText(findTestObject(orPath_AddressContact + "/input_city"), " "): Text ' ' is set on object 'Object Repository/RAD_Pages/AddressAndContactInfo_Page/input_city'

2024-11-07 18:02:58 - [MESSAGE][PASSED] - Text ' ' is set on object 'Object Repository/RAD_Pages/AddressAndContactInfo_Page/input_city'

2024-11-07 18:02:58 - [TEST_STEP][PASSED] - setText(findTestObject(orPath_AddressContact + "/input_zipCode"), " "): Text ' ' is set on object 'Object Repository/RAD_Pages/AddressAndContactInfo_Page/input_zipCode'

2024-11-07 18:02:59 - [MESSAGE][PASSED] - Text ' ' is set on object 'Object Repository/RAD_Pages/AddressAndContactInfo_Page/input_zipCode'

2024-11-07 18:02:59 - [TEST_STEP][PASSED] - setText(findTestObject(orPath_AddressContact + "/input_phoneNumber"), " "): Text ' ' is set on object 'Object Repository/RAD_Pages/AddressAndContactInfo_Page/input_phoneNumber'

2024-11-07 18:03:00 - [MESSAGE][PASSED] - Text ' ' is set on object 'Object Repository/RAD_Pages/AddressAndContactInfo_Page/input_phoneNumber'

2024-11-07 18:03:00 - [TEST_STEP][PASSED] - setText(findTestObject(orPath_AddressContact + "/input_eMailAddress"), " "): Text ' ' is set on object 'Object Repository/RAD_Pages/AddressAndContactInfo_Page/input_eMailAddress'

2024-11-07 18:03:01 - [MESSAGE][PASSED] - Text ' ' is set on object 'Object Repository/RAD_Pages/AddressAndContactInfo_Page/input_eMailAddress'

2024-11-07 18:03:01 - [TEST_STEP][PASSED] - setText(findTestObject(orPath_AddressContact + "/input_reEnterEMailAddress"), " "): Text ' ' is set on object 'Object Repository/RAD_Pages/AddressAndContactInfo_Page/input_reEnterEMailAddress'

2024-11-07 18:03:02 - [MESSAGE][PASSED] - Text ' ' is set on object 'Object Repository/RAD_Pages/AddressAndContactInfo_Page/input_reEnterEMailAddress'

2024-11-07 18:03:02 - [TEST_STEP][PASSED] - resText = "Fail": null

2024-11-07 18:03:02 - [TEST_STEP][PASSED] - pages.WriteExcel.demoKey(resText, datText, resColumn, datCloumn, fileLoc, nameSheet, row): pages.WriteExcel.demoKey is PASSED

2024-11-07 18:03:02 - [MESSAGE][PASSED] - pages.WriteExcel.demoKey is PASSED

2024-11-07 18:03:02 - [TEST_STEP][PASSED] - verifyTextPresent("Enter business name", true, CONTINUE_ON_FAILURE): Text 'Enter business name' is present on page  using regular expression

2024-11-07 18:03:03 - [MESSAGE][PASSED] - Text 'Enter business name' is present on page  using regular expression

2024-11-07 18:03:03 - [TEST_STEP][PASSED] - verifyTextPresent("Enter business rep first name", true, CONTINUE_ON_FAILURE): Text 'Enter business rep first name' is present on page  using regular expression

2024-11-07 18:03:03 - [MESSAGE][PASSED] - Text 'Enter business rep first name' is present on page  using regular expression

2024-11-07 18:03:03 - [TEST_STEP][PASSED] - verifyTextPresent("Enter business rep last name", true, CONTINUE_ON_FAILURE): Text 'Enter business rep last name' is present on page  using regular expression

2024-11-07 18:03:04 - [MESSAGE][PASSED] - Text 'Enter business rep last name' is present on page  using regular expression

2024-11-07 18:03:04 - [TEST_STEP][PASSED] - verifyTextPresent("Enter address", true, CONTINUE_ON_FAILURE): Text 'Enter address' is present on page  using regular expression

2024-11-07 18:03:04 - [MESSAGE][PASSED] - Text 'Enter address' is present on page  using regular expression

2024-11-07 18:03:04 - [TEST_STEP][PASSED] - verifyTextPresent("Enter city", true, CONTINUE_ON_FAILURE): Text 'Enter city' is present on page  using regular expression

2024-11-07 18:03:04 - [MESSAGE][PASSED] - Text 'Enter city' is present on page  using regular expression

2024-11-07 18:03:04 - [TEST_STEP][PASSED] - verifyTextPresent("Enter ZIP code", true, CONTINUE_ON_FAILURE): Text 'Enter ZIP code' is present on page  using regular expression

2024-11-07 18:03:05 - [MESSAGE][PASSED] - Text 'Enter ZIP code' is present on page  using regular expression

2024-11-07 18:03:05 - [TEST_STEP][PASSED] - verifyTextPresent("Enter a valid phone number", true, CONTINUE_ON_FAILURE): Text 'Enter a valid phone number' is present on page  using regular expression

2024-11-07 18:03:05 - [MESSAGE][PASSED] - Text 'Enter a valid phone number' is present on page  using regular expression

2024-11-07 18:03:05 - [TEST_STEP][PASSED] - verifyTextPresent("Enter Email", true, CONTINUE_ON_FAILURE): Text 'Enter Email' is present on page  using regular expression

2024-11-07 18:03:05 - [MESSAGE][PASSED] - Text 'Enter Email' is present on page  using regular expression

2024-11-07 18:03:05 - [TEST_STEP][PASSED] - resText = "Pass": null

2024-11-07 18:03:05 - [TEST_STEP][PASSED] - pages.WriteExcel.demoKey(resText, datText, resColumn, datCloumn, fileLoc, nameSheet, row): pages.WriteExcel.demoKey is PASSED

2024-11-07 18:03:05 - [MESSAGE][PASSED] - pages.WriteExcel.demoKey is PASSED

2024-11-07 18:03:05 - [TEST_STEP][PASSED] - ExecuteTC = findTestData(dataFile).getValue("Execute", row): null

2024-11-07 18:03:06 - [TEST_STEP][PASSED] - TaxType = findTestData(dataFile).getValue("TaxType", row): null

2024-11-07 18:03:06 - [TEST_STEP][PASSED] - PaymentType = findTestData(dataFile).getValue("PaymentType", row): null

2024-11-07 18:03:06 - [TEST_STEP][PASSED] - FilingYear = findTestData(dataFile).getValue("Year", row): null

2024-11-07 18:03:06 - [TEST_STEP][PASSED] - PeriodEndingMonth = findTestData(dataFile).getValue("Month", row): null

2024-11-07 18:03:06 - [TEST_STEP][PASSED] - feinSSN = findTestData(dataFile).getValue("FeinSsn", row): null

2024-11-07 18:03:06 - [TEST_STEP][PASSED] - if (ExecuteTC.equalsIgnoreCase("Y")): pages.WriteExcel.demoKey is PASSED

2024-11-07 18:03:06 - [TEST_STEP][PASSED] - out.println("Begin Record Number: " + row): null

2024-11-07 18:03:06 - [TEST_STEP][PASSED] - today = new java.util.Date(): null

2024-11-07 18:03:06 - [TEST_STEP][PASSED] - println(today): null

2024-11-07 18:03:06 - [TEST_STEP][PASSED] - datText = today: null

2024-11-07 18:03:06 - [TEST_STEP][PASSED] - logInfo("Payment Type: Quarterly Estimated Tax"): Payment Type: Quarterly Estimated Tax

2024-11-07 18:03:06 - [MESSAGE][INFO] - Payment Type: Quarterly Estimated Tax

2024-11-07 18:03:06 - [TEST_STEP][PASSED] - logInfo("Tax Type: " + TaxType): Tax Type: PTE Non-Electing Non-S Corp

2024-11-07 18:03:06 - [MESSAGE][INFO] - Tax Type: PTE Non-Electing Non-S Corp

2024-11-07 18:03:06 - [TEST_STEP][PASSED] - openBrowser(""): Browser is opened with url: ''

2024-11-07 18:03:06 - [MESSAGE][WARNING] - A browser is already opened. Closing browser and opening a new one

2024-11-07 18:03:09 - [MESSAGE][INFO] - Starting 'Chrome' driver

2024-11-07 18:03:09 - [MESSAGE][INFO] - User set preference: ['acceptInsecureCerts', 'true']

2024-11-07 18:03:09 - [MESSAGE][INFO] - Action delay is set to 0 milliseconds

2024-11-07 18:03:11 - [MESSAGE][PASSED] - Browser is opened with url: ''

2024-11-07 18:03:11 - [TEST_STEP][PASSED] - maximizeWindow(): Current window maximized

2024-11-07 18:03:11 - [MESSAGE][PASSED] - Current window maximized

2024-11-07 18:03:11 - [TEST_STEP][PASSED] - navigateToUrl(RADurl): Navigate to 'https://www.velocitypayment.com/client/rad/index.html' successfully

2024-11-07 18:03:13 - [MESSAGE][PASSED] - Navigate to 'https://www.velocitypayment.com/client/rad/index.html' successfully

2024-11-07 18:03:13 - [TEST_STEP][PASSED] - selectOptionByLabel(findTestObject(orPath_Landing + "/dd_TaxType"), "Quarterly Estimated Tax", false): All options with label 'Quarterly Estimated Tax' are selected in object 'Object Repository/RAD_Pages/Landing_Page/dd_TaxType' 

2024-11-07 18:03:14 - [MESSAGE][PASSED] - All options with label 'Quarterly Estimated Tax' are selected in object 'Object Repository/RAD_Pages/Landing_Page/dd_TaxType' 

2024-11-07 18:03:14 - [TEST_STEP][PASSED] - selectOptionByLabel(findTestObject(orPath_TaxTypeFilingYear + "/select_PaymentType"), TaxType, false): All options with label 'PTE Non-Electing Non-S Corp' are selected in object 'Object Repository/RAD_Pages/TaxTypeFilingYear_Page/select_PaymentType' 

2024-11-07 18:03:14 - [MESSAGE][PASSED] - All options with label 'PTE Non-Electing Non-S Corp' are selected in object 'Object Repository/RAD_Pages/TaxTypeFilingYear_Page/select_PaymentType' 

2024-11-07 18:03:14 - [TEST_STEP][PASSED] - selectOptionByLabel(findTestObject(orPath_TaxTypeFilingYear + "/select_FilingYear"), FilingYear, false): All options with label '2024' are selected in object 'Object Repository/RAD_Pages/TaxTypeFilingYear_Page/select_FilingYear' 

2024-11-07 18:03:15 - [MESSAGE][PASSED] - All options with label '2024' are selected in object 'Object Repository/RAD_Pages/TaxTypeFilingYear_Page/select_FilingYear' 

2024-11-07 18:03:15 - [TEST_STEP][PASSED] - selectOptionByLabel(findTestObject(orPath_TaxTypeFilingYear + "/select_PeriodEnding"), PeriodEndingMonth, false): All options with label 'August' are selected in object 'Object Repository/RAD_Pages/TaxTypeFilingYear_Page/select_PeriodEnding' 

2024-11-07 18:03:16 - [MESSAGE][PASSED] - All options with label 'August' are selected in object 'Object Repository/RAD_Pages/TaxTypeFilingYear_Page/select_PeriodEnding' 

2024-11-07 18:03:16 - [TEST_STEP][PASSED] - setText(findTestObject(orPath_TaxPayer + "/input_businessName"), " "): Text ' ' is set on object 'Object Repository/RAD_Pages/Taxpayer_Page/input_businessName'

2024-11-07 18:03:16 - [MESSAGE][PASSED] - Text ' ' is set on object 'Object Repository/RAD_Pages/Taxpayer_Page/input_businessName'

2024-11-07 18:03:16 - [TEST_STEP][PASSED] - setText(findTestObject(orPath_TaxPayer + "/input_BusinessRepfirstName"), " "): Text ' ' is set on object 'Object Repository/RAD_Pages/Taxpayer_Page/input_BusinessRepfirstName'

2024-11-07 18:03:17 - [MESSAGE][PASSED] - Text ' ' is set on object 'Object Repository/RAD_Pages/Taxpayer_Page/input_BusinessRepfirstName'

2024-11-07 18:03:17 - [TEST_STEP][PASSED] - setText(findTestObject(orPath_TaxPayer + "/input_BusinessReplastName"), " "): Text ' ' is set on object 'Object Repository/RAD_Pages/Taxpayer_Page/input_BusinessReplastName'

2024-11-07 18:03:18 - [MESSAGE][PASSED] - Text ' ' is set on object 'Object Repository/RAD_Pages/Taxpayer_Page/input_BusinessReplastName'

2024-11-07 18:03:18 - [TEST_STEP][PASSED] - setText(findTestObject(orPath_AddressContact + "/input_streetAddress1"), " "): Text ' ' is set on object 'Object Repository/RAD_Pages/AddressAndContactInfo_Page/input_streetAddress1'

2024-11-07 18:03:19 - [MESSAGE][PASSED] - Text ' ' is set on object 'Object Repository/RAD_Pages/AddressAndContactInfo_Page/input_streetAddress1'

2024-11-07 18:03:19 - [TEST_STEP][PASSED] - setText(findTestObject(orPath_AddressContact + "/input_city"), " "): Text ' ' is set on object 'Object Repository/RAD_Pages/AddressAndContactInfo_Page/input_city'

2024-11-07 18:03:19 - [MESSAGE][PASSED] - Text ' ' is set on object 'Object Repository/RAD_Pages/AddressAndContactInfo_Page/input_city'

2024-11-07 18:03:19 - [TEST_STEP][PASSED] - setText(findTestObject(orPath_AddressContact + "/input_zipCode"), " "): Text ' ' is set on object 'Object Repository/RAD_Pages/AddressAndContactInfo_Page/input_zipCode'

2024-11-07 18:03:20 - [MESSAGE][PASSED] - Text ' ' is set on object 'Object Repository/RAD_Pages/AddressAndContactInfo_Page/input_zipCode'

2024-11-07 18:03:20 - [TEST_STEP][PASSED] - setText(findTestObject(orPath_AddressContact + "/input_phoneNumber"), " "): Text ' ' is set on object 'Object Repository/RAD_Pages/AddressAndContactInfo_Page/input_phoneNumber'

2024-11-07 18:03:21 - [MESSAGE][PASSED] - Text ' ' is set on object 'Object Repository/RAD_Pages/AddressAndContactInfo_Page/input_phoneNumber'

2024-11-07 18:03:21 - [TEST_STEP][PASSED] - setText(findTestObject(orPath_AddressContact + "/input_eMailAddress"), " "): Text ' ' is set on object 'Object Repository/RAD_Pages/AddressAndContactInfo_Page/input_eMailAddress'

2024-11-07 18:03:22 - [MESSAGE][PASSED] - Text ' ' is set on object 'Object Repository/RAD_Pages/AddressAndContactInfo_Page/input_eMailAddress'

2024-11-07 18:03:22 - [TEST_STEP][PASSED] - setText(findTestObject(orPath_AddressContact + "/input_reEnterEMailAddress"), " "): Text ' ' is set on object 'Object Repository/RAD_Pages/AddressAndContactInfo_Page/input_reEnterEMailAddress'

2024-11-07 18:03:23 - [MESSAGE][PASSED] - Text ' ' is set on object 'Object Repository/RAD_Pages/AddressAndContactInfo_Page/input_reEnterEMailAddress'

2024-11-07 18:03:23 - [TEST_STEP][PASSED] - resText = "Fail": null

2024-11-07 18:03:23 - [TEST_STEP][PASSED] - pages.WriteExcel.demoKey(resText, datText, resColumn, datCloumn, fileLoc, nameSheet, row): pages.WriteExcel.demoKey is PASSED

2024-11-07 18:03:23 - [MESSAGE][PASSED] - pages.WriteExcel.demoKey is PASSED

2024-11-07 18:03:23 - [TEST_STEP][PASSED] - verifyTextPresent("Enter business name", true, CONTINUE_ON_FAILURE): Text 'Enter business name' is present on page  using regular expression

2024-11-07 18:03:24 - [MESSAGE][PASSED] - Text 'Enter business name' is present on page  using regular expression

2024-11-07 18:03:24 - [TEST_STEP][PASSED] - verifyTextPresent("Enter business rep first name", true, CONTINUE_ON_FAILURE): Text 'Enter business rep first name' is present on page  using regular expression

2024-11-07 18:03:24 - [MESSAGE][PASSED] - Text 'Enter business rep first name' is present on page  using regular expression

2024-11-07 18:03:24 - [TEST_STEP][PASSED] - verifyTextPresent("Enter business rep last name", true, CONTINUE_ON_FAILURE): Text 'Enter business rep last name' is present on page  using regular expression

2024-11-07 18:03:25 - [MESSAGE][PASSED] - Text 'Enter business rep last name' is present on page  using regular expression

2024-11-07 18:03:25 - [TEST_STEP][PASSED] - verifyTextPresent("Enter address", true, CONTINUE_ON_FAILURE): Text 'Enter address' is present on page  using regular expression

2024-11-07 18:03:25 - [MESSAGE][PASSED] - Text 'Enter address' is present on page  using regular expression

2024-11-07 18:03:25 - [TEST_STEP][PASSED] - verifyTextPresent("Enter city", true, CONTINUE_ON_FAILURE): Text 'Enter city' is present on page  using regular expression

2024-11-07 18:03:25 - [MESSAGE][PASSED] - Text 'Enter city' is present on page  using regular expression

2024-11-07 18:03:25 - [TEST_STEP][PASSED] - verifyTextPresent("Enter ZIP code", true, CONTINUE_ON_FAILURE): Text 'Enter ZIP code' is present on page  using regular expression

2024-11-07 18:03:26 - [MESSAGE][PASSED] - Text 'Enter ZIP code' is present on page  using regular expression

2024-11-07 18:03:26 - [TEST_STEP][PASSED] - verifyTextPresent("Enter a valid phone number", true, CONTINUE_ON_FAILURE): Text 'Enter a valid phone number' is present on page  using regular expression

2024-11-07 18:03:26 - [MESSAGE][PASSED] - Text 'Enter a valid phone number' is present on page  using regular expression

2024-11-07 18:03:26 - [TEST_STEP][PASSED] - verifyTextPresent("Enter Email", true, CONTINUE_ON_FAILURE): Text 'Enter Email' is present on page  using regular expression

2024-11-07 18:03:26 - [MESSAGE][PASSED] - Text 'Enter Email' is present on page  using regular expression

2024-11-07 18:03:26 - [TEST_STEP][PASSED] - resText = "Pass": null

2024-11-07 18:03:26 - [TEST_STEP][PASSED] - pages.WriteExcel.demoKey(resText, datText, resColumn, datCloumn, fileLoc, nameSheet, row): pages.WriteExcel.demoKey is PASSED

2024-11-07 18:03:27 - [MESSAGE][PASSED] - pages.WriteExcel.demoKey is PASSED

2024-11-07 18:03:27 - [TEST_STEP][PASSED] - ExecuteTC = findTestData(dataFile).getValue("Execute", row): null

2024-11-07 18:03:27 - [TEST_STEP][PASSED] - TaxType = findTestData(dataFile).getValue("TaxType", row): null

2024-11-07 18:03:27 - [TEST_STEP][PASSED] - PaymentType = findTestData(dataFile).getValue("PaymentType", row): null

2024-11-07 18:03:27 - [TEST_STEP][PASSED] - FilingYear = findTestData(dataFile).getValue("Year", row): null

2024-11-07 18:03:27 - [TEST_STEP][PASSED] - PeriodEndingMonth = findTestData(dataFile).getValue("Month", row): null

2024-11-07 18:03:27 - [TEST_STEP][PASSED] - feinSSN = findTestData(dataFile).getValue("FeinSsn", row): null

2024-11-07 18:03:27 - [TEST_STEP][PASSED] - if (ExecuteTC.equalsIgnoreCase("Y")): pages.WriteExcel.demoKey is PASSED

2024-11-07 18:03:27 - [TEST_STEP][PASSED] - out.println("Begin Record Number: " + row): null

2024-11-07 18:03:27 - [TEST_STEP][PASSED] - today = new java.util.Date(): null

2024-11-07 18:03:27 - [TEST_STEP][PASSED] - println(today): null

2024-11-07 18:03:27 - [TEST_STEP][PASSED] - datText = today: null

2024-11-07 18:03:27 - [TEST_STEP][PASSED] - logInfo("Payment Type: Quarterly Estimated Tax"): Payment Type: Quarterly Estimated Tax

2024-11-07 18:03:27 - [MESSAGE][INFO] - Payment Type: Quarterly Estimated Tax

2024-11-07 18:03:27 - [TEST_STEP][PASSED] - logInfo("Tax Type: " + TaxType): Tax Type: PTE Non-Electing S Corp

2024-11-07 18:03:27 - [MESSAGE][INFO] - Tax Type: PTE Non-Electing S Corp

2024-11-07 18:03:27 - [TEST_STEP][PASSED] - openBrowser(""): Browser is opened with url: ''

2024-11-07 18:03:27 - [MESSAGE][WARNING] - A browser is already opened. Closing browser and opening a new one

2024-11-07 18:03:29 - [MESSAGE][INFO] - Starting 'Chrome' driver

2024-11-07 18:03:29 - [MESSAGE][INFO] - User set preference: ['acceptInsecureCerts', 'true']

2024-11-07 18:03:29 - [MESSAGE][INFO] - Action delay is set to 0 milliseconds

2024-11-07 18:03:31 - [MESSAGE][PASSED] - Browser is opened with url: ''

2024-11-07 18:03:31 - [TEST_STEP][PASSED] - maximizeWindow(): Current window maximized

2024-11-07 18:03:31 - [MESSAGE][PASSED] - Current window maximized

2024-11-07 18:03:31 - [TEST_STEP][PASSED] - navigateToUrl(RADurl): Navigate to 'https://www.velocitypayment.com/client/rad/index.html' successfully

2024-11-07 18:03:33 - [MESSAGE][PASSED] - Navigate to 'https://www.velocitypayment.com/client/rad/index.html' successfully

2024-11-07 18:03:33 - [TEST_STEP][PASSED] - selectOptionByLabel(findTestObject(orPath_Landing + "/dd_TaxType"), "Quarterly Estimated Tax", false): All options with label 'Quarterly Estimated Tax' are selected in object 'Object Repository/RAD_Pages/Landing_Page/dd_TaxType' 

2024-11-07 18:03:34 - [MESSAGE][PASSED] - All options with label 'Quarterly Estimated Tax' are selected in object 'Object Repository/RAD_Pages/Landing_Page/dd_TaxType' 

2024-11-07 18:03:34 - [TEST_STEP][PASSED] - selectOptionByLabel(findTestObject(orPath_TaxTypeFilingYear + "/select_PaymentType"), TaxType, false): All options with label 'PTE Non-Electing S Corp' are selected in object 'Object Repository/RAD_Pages/TaxTypeFilingYear_Page/select_PaymentType' 

2024-11-07 18:03:35 - [MESSAGE][PASSED] - All options with label 'PTE Non-Electing S Corp' are selected in object 'Object Repository/RAD_Pages/TaxTypeFilingYear_Page/select_PaymentType' 

2024-11-07 18:03:35 - [TEST_STEP][PASSED] - selectOptionByLabel(findTestObject(orPath_TaxTypeFilingYear + "/select_FilingYear"), FilingYear, false): All options with label '2024' are selected in object 'Object Repository/RAD_Pages/TaxTypeFilingYear_Page/select_FilingYear' 

2024-11-07 18:03:35 - [MESSAGE][PASSED] - All options with label '2024' are selected in object 'Object Repository/RAD_Pages/TaxTypeFilingYear_Page/select_FilingYear' 

2024-11-07 18:03:35 - [TEST_STEP][PASSED] - selectOptionByLabel(findTestObject(orPath_TaxTypeFilingYear + "/select_PeriodEnding"), PeriodEndingMonth, false): All options with label 'September' are selected in object 'Object Repository/RAD_Pages/TaxTypeFilingYear_Page/select_PeriodEnding' 

2024-11-07 18:03:36 - [MESSAGE][PASSED] - All options with label 'September' are selected in object 'Object Repository/RAD_Pages/TaxTypeFilingYear_Page/select_PeriodEnding' 

2024-11-07 18:03:36 - [TEST_STEP][PASSED] - setText(findTestObject(orPath_TaxPayer + "/input_businessName"), " "): Text ' ' is set on object 'Object Repository/RAD_Pages/Taxpayer_Page/input_businessName'

2024-11-07 18:03:37 - [MESSAGE][PASSED] - Text ' ' is set on object 'Object Repository/RAD_Pages/Taxpayer_Page/input_businessName'

2024-11-07 18:03:37 - [TEST_STEP][PASSED] - setText(findTestObject(orPath_TaxPayer + "/input_BusinessRepfirstName"), " "): Text ' ' is set on object 'Object Repository/RAD_Pages/Taxpayer_Page/input_BusinessRepfirstName'

2024-11-07 18:03:38 - [MESSAGE][PASSED] - Text ' ' is set on object 'Object Repository/RAD_Pages/Taxpayer_Page/input_BusinessRepfirstName'

2024-11-07 18:03:38 - [TEST_STEP][PASSED] - setText(findTestObject(orPath_TaxPayer + "/input_BusinessReplastName"), " "): Text ' ' is set on object 'Object Repository/RAD_Pages/Taxpayer_Page/input_BusinessReplastName'

2024-11-07 18:03:38 - [MESSAGE][PASSED] - Text ' ' is set on object 'Object Repository/RAD_Pages/Taxpayer_Page/input_BusinessReplastName'

2024-11-07 18:03:38 - [TEST_STEP][PASSED] - setText(findTestObject(orPath_AddressContact + "/input_streetAddress1"), " "): Text ' ' is set on object 'Object Repository/RAD_Pages/AddressAndContactInfo_Page/input_streetAddress1'

2024-11-07 18:03:39 - [MESSAGE][PASSED] - Text ' ' is set on object 'Object Repository/RAD_Pages/AddressAndContactInfo_Page/input_streetAddress1'

2024-11-07 18:03:39 - [TEST_STEP][PASSED] - setText(findTestObject(orPath_AddressContact + "/input_city"), " "): Text ' ' is set on object 'Object Repository/RAD_Pages/AddressAndContactInfo_Page/input_city'

2024-11-07 18:03:40 - [MESSAGE][PASSED] - Text ' ' is set on object 'Object Repository/RAD_Pages/AddressAndContactInfo_Page/input_city'

2024-11-07 18:03:40 - [TEST_STEP][PASSED] - setText(findTestObject(orPath_AddressContact + "/input_zipCode"), " "): Text ' ' is set on object 'Object Repository/RAD_Pages/AddressAndContactInfo_Page/input_zipCode'

2024-11-07 18:03:41 - [MESSAGE][PASSED] - Text ' ' is set on object 'Object Repository/RAD_Pages/AddressAndContactInfo_Page/input_zipCode'

2024-11-07 18:03:41 - [TEST_STEP][PASSED] - setText(findTestObject(orPath_AddressContact + "/input_phoneNumber"), " "): Text ' ' is set on object 'Object Repository/RAD_Pages/AddressAndContactInfo_Page/input_phoneNumber'

2024-11-07 18:03:42 - [MESSAGE][PASSED] - Text ' ' is set on object 'Object Repository/RAD_Pages/AddressAndContactInfo_Page/input_phoneNumber'

2024-11-07 18:03:42 - [TEST_STEP][PASSED] - setText(findTestObject(orPath_AddressContact + "/input_eMailAddress"), " "): Text ' ' is set on object 'Object Repository/RAD_Pages/AddressAndContactInfo_Page/input_eMailAddress'

2024-11-07 18:03:42 - [MESSAGE][PASSED] - Text ' ' is set on object 'Object Repository/RAD_Pages/AddressAndContactInfo_Page/input_eMailAddress'

2024-11-07 18:03:42 - [TEST_STEP][PASSED] - setText(findTestObject(orPath_AddressContact + "/input_reEnterEMailAddress"), " "): Text ' ' is set on object 'Object Repository/RAD_Pages/AddressAndContactInfo_Page/input_reEnterEMailAddress'

2024-11-07 18:03:43 - [MESSAGE][PASSED] - Text ' ' is set on object 'Object Repository/RAD_Pages/AddressAndContactInfo_Page/input_reEnterEMailAddress'

2024-11-07 18:03:43 - [TEST_STEP][PASSED] - resText = "Fail": null

2024-11-07 18:03:43 - [TEST_STEP][PASSED] - pages.WriteExcel.demoKey(resText, datText, resColumn, datCloumn, fileLoc, nameSheet, row): pages.WriteExcel.demoKey is PASSED

2024-11-07 18:03:44 - [MESSAGE][PASSED] - pages.WriteExcel.demoKey is PASSED

2024-11-07 18:03:44 - [TEST_STEP][PASSED] - verifyTextPresent("Enter business name", true, CONTINUE_ON_FAILURE): Text 'Enter business name' is present on page  using regular expression

2024-11-07 18:03:44 - [MESSAGE][PASSED] - Text 'Enter business name' is present on page  using regular expression

2024-11-07 18:03:44 - [TEST_STEP][PASSED] - verifyTextPresent("Enter business rep first name", true, CONTINUE_ON_FAILURE): Text 'Enter business rep first name' is present on page  using regular expression

2024-11-07 18:03:44 - [MESSAGE][PASSED] - Text 'Enter business rep first name' is present on page  using regular expression

2024-11-07 18:03:44 - [TEST_STEP][PASSED] - verifyTextPresent("Enter business rep last name", true, CONTINUE_ON_FAILURE): Text 'Enter business rep last name' is present on page  using regular expression

2024-11-07 18:03:45 - [MESSAGE][PASSED] - Text 'Enter business rep last name' is present on page  using regular expression

2024-11-07 18:03:45 - [TEST_STEP][PASSED] - verifyTextPresent("Enter address", true, CONTINUE_ON_FAILURE): Text 'Enter address' is present on page  using regular expression

2024-11-07 18:03:45 - [MESSAGE][PASSED] - Text 'Enter address' is present on page  using regular expression

2024-11-07 18:03:45 - [TEST_STEP][PASSED] - verifyTextPresent("Enter city", true, CONTINUE_ON_FAILURE): Text 'Enter city' is present on page  using regular expression

2024-11-07 18:03:45 - [MESSAGE][PASSED] - Text 'Enter city' is present on page  using regular expression

2024-11-07 18:03:45 - [TEST_STEP][PASSED] - verifyTextPresent("Enter ZIP code", true, CONTINUE_ON_FAILURE): Text 'Enter ZIP code' is present on page  using regular expression

2024-11-07 18:03:46 - [MESSAGE][PASSED] - Text 'Enter ZIP code' is present on page  using regular expression

2024-11-07 18:03:46 - [TEST_STEP][PASSED] - verifyTextPresent("Enter a valid phone number", true, CONTINUE_ON_FAILURE): Text 'Enter a valid phone number' is present on page  using regular expression

2024-11-07 18:03:46 - [MESSAGE][PASSED] - Text 'Enter a valid phone number' is present on page  using regular expression

2024-11-07 18:03:46 - [TEST_STEP][PASSED] - verifyTextPresent("Enter Email", true, CONTINUE_ON_FAILURE): Text 'Enter Email' is present on page  using regular expression

2024-11-07 18:03:46 - [MESSAGE][PASSED] - Text 'Enter Email' is present on page  using regular expression

2024-11-07 18:03:46 - [TEST_STEP][PASSED] - resText = "Pass": null

2024-11-07 18:03:46 - [TEST_STEP][PASSED] - pages.WriteExcel.demoKey(resText, datText, resColumn, datCloumn, fileLoc, nameSheet, row): pages.WriteExcel.demoKey is PASSED

2024-11-07 18:03:47 - [MESSAGE][PASSED] - pages.WriteExcel.demoKey is PASSED

2024-11-07 18:03:47 - [TEST_STEP][PASSED] - ExecuteTC = findTestData(dataFile).getValue("Execute", row): null

2024-11-07 18:03:47 - [TEST_STEP][PASSED] - TaxType = findTestData(dataFile).getValue("TaxType", row): null

2024-11-07 18:03:47 - [TEST_STEP][PASSED] - PaymentType = findTestData(dataFile).getValue("PaymentType", row): null

2024-11-07 18:03:47 - [TEST_STEP][PASSED] - FilingYear = findTestData(dataFile).getValue("Year", row): null

2024-11-07 18:03:47 - [TEST_STEP][PASSED] - PeriodEndingMonth = findTestData(dataFile).getValue("Month", row): null

2024-11-07 18:03:47 - [TEST_STEP][PASSED] - feinSSN = findTestData(dataFile).getValue("FeinSsn", row): null

2024-11-07 18:03:47 - [TEST_STEP][PASSED] - if (ExecuteTC.equalsIgnoreCase("Y")): pages.WriteExcel.demoKey is PASSED

2024-11-07 18:03:47 - [TEST_STEP][PASSED] - out.println("Begin Record Number: " + row): null

2024-11-07 18:03:47 - [TEST_STEP][PASSED] - today = new java.util.Date(): null

2024-11-07 18:03:47 - [TEST_STEP][PASSED] - println(today): null

2024-11-07 18:03:47 - [TEST_STEP][PASSED] - datText = today: null

2024-11-07 18:03:47 - [TEST_STEP][PASSED] - logInfo("Payment Type: Quarterly Estimated Tax"): Payment Type: Quarterly Estimated Tax

2024-11-07 18:03:47 - [MESSAGE][INFO] - Payment Type: Quarterly Estimated Tax

2024-11-07 18:03:47 - [TEST_STEP][PASSED] - logInfo("Tax Type: " + TaxType): Tax Type: PTE Tax Electing Non-S Corp

2024-11-07 18:03:47 - [MESSAGE][INFO] - Tax Type: PTE Tax Electing Non-S Corp

2024-11-07 18:03:47 - [TEST_STEP][PASSED] - openBrowser(""): Browser is opened with url: ''

2024-11-07 18:03:47 - [MESSAGE][WARNING] - A browser is already opened. Closing browser and opening a new one

2024-11-07 18:03:49 - [MESSAGE][INFO] - Starting 'Chrome' driver

2024-11-07 18:03:49 - [MESSAGE][INFO] - User set preference: ['acceptInsecureCerts', 'true']

2024-11-07 18:03:49 - [MESSAGE][INFO] - Action delay is set to 0 milliseconds

2024-11-07 18:03:51 - [MESSAGE][PASSED] - Browser is opened with url: ''

2024-11-07 18:03:51 - [TEST_STEP][PASSED] - maximizeWindow(): Current window maximized

2024-11-07 18:03:51 - [MESSAGE][PASSED] - Current window maximized

2024-11-07 18:03:51 - [TEST_STEP][PASSED] - navigateToUrl(RADurl): Navigate to 'https://www.velocitypayment.com/client/rad/index.html' successfully

2024-11-07 18:03:53 - [MESSAGE][PASSED] - Navigate to 'https://www.velocitypayment.com/client/rad/index.html' successfully

2024-11-07 18:03:53 - [TEST_STEP][PASSED] - selectOptionByLabel(findTestObject(orPath_Landing + "/dd_TaxType"), "Quarterly Estimated Tax", false): All options with label 'Quarterly Estimated Tax' are selected in object 'Object Repository/RAD_Pages/Landing_Page/dd_TaxType' 

2024-11-07 18:03:54 - [MESSAGE][PASSED] - All options with label 'Quarterly Estimated Tax' are selected in object 'Object Repository/RAD_Pages/Landing_Page/dd_TaxType' 

2024-11-07 18:03:54 - [TEST_STEP][PASSED] - selectOptionByLabel(findTestObject(orPath_TaxTypeFilingYear + "/select_PaymentType"), TaxType, false): All options with label 'PTE Tax Electing Non-S Corp' are selected in object 'Object Repository/RAD_Pages/TaxTypeFilingYear_Page/select_PaymentType' 

2024-11-07 18:03:55 - [MESSAGE][PASSED] - All options with label 'PTE Tax Electing Non-S Corp' are selected in object 'Object Repository/RAD_Pages/TaxTypeFilingYear_Page/select_PaymentType' 

2024-11-07 18:03:55 - [TEST_STEP][PASSED] - selectOptionByLabel(findTestObject(orPath_TaxTypeFilingYear + "/select_FilingYear"), FilingYear, false): All options with label '2024' are selected in object 'Object Repository/RAD_Pages/TaxTypeFilingYear_Page/select_FilingYear' 

2024-11-07 18:03:56 - [MESSAGE][PASSED] - All options with label '2024' are selected in object 'Object Repository/RAD_Pages/TaxTypeFilingYear_Page/select_FilingYear' 

2024-11-07 18:03:56 - [TEST_STEP][PASSED] - selectOptionByLabel(findTestObject(orPath_TaxTypeFilingYear + "/select_PeriodEnding"), PeriodEndingMonth, false): All options with label 'January' are selected in object 'Object Repository/RAD_Pages/TaxTypeFilingYear_Page/select_PeriodEnding' 

2024-11-07 18:03:56 - [MESSAGE][PASSED] - All options with label 'January' are selected in object 'Object Repository/RAD_Pages/TaxTypeFilingYear_Page/select_PeriodEnding' 

2024-11-07 18:03:56 - [TEST_STEP][PASSED] - setText(findTestObject(orPath_TaxPayer + "/input_businessName"), " "): Text ' ' is set on object 'Object Repository/RAD_Pages/Taxpayer_Page/input_businessName'

2024-11-07 18:03:57 - [MESSAGE][PASSED] - Text ' ' is set on object 'Object Repository/RAD_Pages/Taxpayer_Page/input_businessName'

2024-11-07 18:03:57 - [TEST_STEP][PASSED] - setText(findTestObject(orPath_TaxPayer + "/input_BusinessRepfirstName"), " "): Text ' ' is set on object 'Object Repository/RAD_Pages/Taxpayer_Page/input_BusinessRepfirstName'

2024-11-07 18:03:58 - [MESSAGE][PASSED] - Text ' ' is set on object 'Object Repository/RAD_Pages/Taxpayer_Page/input_BusinessRepfirstName'

2024-11-07 18:03:58 - [TEST_STEP][PASSED] - setText(findTestObject(orPath_TaxPayer + "/input_BusinessReplastName"), " "): Text ' ' is set on object 'Object Repository/RAD_Pages/Taxpayer_Page/input_BusinessReplastName'

2024-11-07 18:03:59 - [MESSAGE][PASSED] - Text ' ' is set on object 'Object Repository/RAD_Pages/Taxpayer_Page/input_BusinessReplastName'

2024-11-07 18:03:59 - [TEST_STEP][PASSED] - setText(findTestObject(orPath_AddressContact + "/input_streetAddress1"), " "): Text ' ' is set on object 'Object Repository/RAD_Pages/AddressAndContactInfo_Page/input_streetAddress1'

2024-11-07 18:03:59 - [MESSAGE][PASSED] - Text ' ' is set on object 'Object Repository/RAD_Pages/AddressAndContactInfo_Page/input_streetAddress1'

2024-11-07 18:03:59 - [TEST_STEP][PASSED] - setText(findTestObject(orPath_AddressContact + "/input_city"), " "): Text ' ' is set on object 'Object Repository/RAD_Pages/AddressAndContactInfo_Page/input_city'

2024-11-07 18:04:00 - [MESSAGE][PASSED] - Text ' ' is set on object 'Object Repository/RAD_Pages/AddressAndContactInfo_Page/input_city'

2024-11-07 18:04:00 - [TEST_STEP][PASSED] - setText(findTestObject(orPath_AddressContact + "/input_zipCode"), " "): Text ' ' is set on object 'Object Repository/RAD_Pages/AddressAndContactInfo_Page/input_zipCode'

2024-11-07 18:04:01 - [MESSAGE][PASSED] - Text ' ' is set on object 'Object Repository/RAD_Pages/AddressAndContactInfo_Page/input_zipCode'

2024-11-07 18:04:01 - [TEST_STEP][PASSED] - setText(findTestObject(orPath_AddressContact + "/input_phoneNumber"), " "): Text ' ' is set on object 'Object Repository/RAD_Pages/AddressAndContactInfo_Page/input_phoneNumber'

2024-11-07 18:04:02 - [MESSAGE][PASSED] - Text ' ' is set on object 'Object Repository/RAD_Pages/AddressAndContactInfo_Page/input_phoneNumber'

2024-11-07 18:04:02 - [TEST_STEP][PASSED] - setText(findTestObject(orPath_AddressContact + "/input_eMailAddress"), " "): Text ' ' is set on object 'Object Repository/RAD_Pages/AddressAndContactInfo_Page/input_eMailAddress'

2024-11-07 18:04:03 - [MESSAGE][PASSED] - Text ' ' is set on object 'Object Repository/RAD_Pages/AddressAndContactInfo_Page/input_eMailAddress'

2024-11-07 18:04:03 - [TEST_STEP][PASSED] - setText(findTestObject(orPath_AddressContact + "/input_reEnterEMailAddress"), " "): Text ' ' is set on object 'Object Repository/RAD_Pages/AddressAndContactInfo_Page/input_reEnterEMailAddress'

2024-11-07 18:04:04 - [MESSAGE][PASSED] - Text ' ' is set on object 'Object Repository/RAD_Pages/AddressAndContactInfo_Page/input_reEnterEMailAddress'

2024-11-07 18:04:04 - [TEST_STEP][PASSED] - resText = "Fail": null

2024-11-07 18:04:04 - [TEST_STEP][PASSED] - pages.WriteExcel.demoKey(resText, datText, resColumn, datCloumn, fileLoc, nameSheet, row): pages.WriteExcel.demoKey is PASSED

2024-11-07 18:04:04 - [MESSAGE][PASSED] - pages.WriteExcel.demoKey is PASSED

2024-11-07 18:04:04 - [TEST_STEP][PASSED] - verifyTextPresent("Enter business name", true, CONTINUE_ON_FAILURE): Text 'Enter business name' is present on page  using regular expression

2024-11-07 18:04:04 - [MESSAGE][PASSED] - Text 'Enter business name' is present on page  using regular expression

2024-11-07 18:04:04 - [TEST_STEP][PASSED] - verifyTextPresent("Enter business rep first name", true, CONTINUE_ON_FAILURE): Text 'Enter business rep first name' is present on page  using regular expression

2024-11-07 18:04:05 - [MESSAGE][PASSED] - Text 'Enter business rep first name' is present on page  using regular expression

2024-11-07 18:04:05 - [TEST_STEP][PASSED] - verifyTextPresent("Enter business rep last name", true, CONTINUE_ON_FAILURE): Text 'Enter business rep last name' is present on page  using regular expression

2024-11-07 18:04:05 - [MESSAGE][PASSED] - Text 'Enter business rep last name' is present on page  using regular expression

2024-11-07 18:04:05 - [TEST_STEP][PASSED] - verifyTextPresent("Enter address", true, CONTINUE_ON_FAILURE): Text 'Enter address' is present on page  using regular expression

2024-11-07 18:04:05 - [MESSAGE][PASSED] - Text 'Enter address' is present on page  using regular expression

2024-11-07 18:04:05 - [TEST_STEP][PASSED] - verifyTextPresent("Enter city", true, CONTINUE_ON_FAILURE): Text 'Enter city' is present on page  using regular expression

2024-11-07 18:04:06 - [MESSAGE][PASSED] - Text 'Enter city' is present on page  using regular expression

2024-11-07 18:04:06 - [TEST_STEP][PASSED] - verifyTextPresent("Enter ZIP code", true, CONTINUE_ON_FAILURE): Text 'Enter ZIP code' is present on page  using regular expression

2024-11-07 18:04:06 - [MESSAGE][PASSED] - Text 'Enter ZIP code' is present on page  using regular expression

2024-11-07 18:04:06 - [TEST_STEP][PASSED] - verifyTextPresent("Enter a valid phone number", true, CONTINUE_ON_FAILURE): Text 'Enter a valid phone number' is present on page  using regular expression

2024-11-07 18:04:06 - [MESSAGE][PASSED] - Text 'Enter a valid phone number' is present on page  using regular expression

2024-11-07 18:04:06 - [TEST_STEP][PASSED] - verifyTextPresent("Enter Email", true, CONTINUE_ON_FAILURE): Text 'Enter Email' is present on page  using regular expression

2024-11-07 18:04:07 - [MESSAGE][PASSED] - Text 'Enter Email' is present on page  using regular expression

2024-11-07 18:04:07 - [TEST_STEP][PASSED] - resText = "Pass": null

2024-11-07 18:04:07 - [TEST_STEP][PASSED] - pages.WriteExcel.demoKey(resText, datText, resColumn, datCloumn, fileLoc, nameSheet, row): pages.WriteExcel.demoKey is PASSED

2024-11-07 18:04:07 - [MESSAGE][PASSED] - pages.WriteExcel.demoKey is PASSED

2024-11-07 18:04:07 - [TEST_STEP][PASSED] - ExecuteTC = findTestData(dataFile).getValue("Execute", row): null

2024-11-07 18:04:07 - [TEST_STEP][PASSED] - TaxType = findTestData(dataFile).getValue("TaxType", row): null

2024-11-07 18:04:07 - [TEST_STEP][PASSED] - PaymentType = findTestData(dataFile).getValue("PaymentType", row): null

2024-11-07 18:04:07 - [TEST_STEP][PASSED] - FilingYear = findTestData(dataFile).getValue("Year", row): null

2024-11-07 18:04:07 - [TEST_STEP][PASSED] - PeriodEndingMonth = findTestData(dataFile).getValue("Month", row): null

2024-11-07 18:04:07 - [TEST_STEP][PASSED] - feinSSN = findTestData(dataFile).getValue("FeinSsn", row): null

2024-11-07 18:04:07 - [TEST_STEP][PASSED] - if (ExecuteTC.equalsIgnoreCase("Y")): pages.WriteExcel.demoKey is PASSED

2024-11-07 18:04:07 - [TEST_STEP][PASSED] - out.println("Begin Record Number: " + row): null

2024-11-07 18:04:07 - [TEST_STEP][PASSED] - today = new java.util.Date(): null

2024-11-07 18:04:07 - [TEST_STEP][PASSED] - println(today): null

2024-11-07 18:04:07 - [TEST_STEP][PASSED] - datText = today: null

2024-11-07 18:04:07 - [TEST_STEP][PASSED] - logInfo("Payment Type: Quarterly Estimated Tax"): Payment Type: Quarterly Estimated Tax

2024-11-07 18:04:07 - [MESSAGE][INFO] - Payment Type: Quarterly Estimated Tax

2024-11-07 18:04:07 - [TEST_STEP][PASSED] - logInfo("Tax Type: " + TaxType): Tax Type: PTE Tax Electing S Corp

2024-11-07 18:04:07 - [MESSAGE][INFO] - Tax Type: PTE Tax Electing S Corp

2024-11-07 18:04:07 - [TEST_STEP][PASSED] - openBrowser(""): Browser is opened with url: ''

2024-11-07 18:04:07 - [MESSAGE][WARNING] - A browser is already opened. Closing browser and opening a new one

2024-11-07 18:04:09 - [MESSAGE][INFO] - Starting 'Chrome' driver

2024-11-07 18:04:09 - [MESSAGE][INFO] - User set preference: ['acceptInsecureCerts', 'true']

2024-11-07 18:04:09 - [MESSAGE][INFO] - Action delay is set to 0 milliseconds

2024-11-07 18:04:11 - [MESSAGE][PASSED] - Browser is opened with url: ''

2024-11-07 18:04:11 - [TEST_STEP][PASSED] - maximizeWindow(): Current window maximized

2024-11-07 18:04:11 - [MESSAGE][PASSED] - Current window maximized

2024-11-07 18:04:11 - [TEST_STEP][PASSED] - navigateToUrl(RADurl): Navigate to 'https://www.velocitypayment.com/client/rad/index.html' successfully

2024-11-07 18:04:14 - [MESSAGE][PASSED] - Navigate to 'https://www.velocitypayment.com/client/rad/index.html' successfully

2024-11-07 18:04:14 - [TEST_STEP][PASSED] - selectOptionByLabel(findTestObject(orPath_Landing + "/dd_TaxType"), "Quarterly Estimated Tax", false): All options with label 'Quarterly Estimated Tax' are selected in object 'Object Repository/RAD_Pages/Landing_Page/dd_TaxType' 

2024-11-07 18:04:14 - [MESSAGE][PASSED] - All options with label 'Quarterly Estimated Tax' are selected in object 'Object Repository/RAD_Pages/Landing_Page/dd_TaxType' 

2024-11-07 18:04:14 - [TEST_STEP][PASSED] - selectOptionByLabel(findTestObject(orPath_TaxTypeFilingYear + "/select_PaymentType"), TaxType, false): All options with label 'PTE Tax Electing S Corp' are selected in object 'Object Repository/RAD_Pages/TaxTypeFilingYear_Page/select_PaymentType' 

2024-11-07 18:04:15 - [MESSAGE][PASSED] - All options with label 'PTE Tax Electing S Corp' are selected in object 'Object Repository/RAD_Pages/TaxTypeFilingYear_Page/select_PaymentType' 

2024-11-07 18:04:15 - [TEST_STEP][PASSED] - selectOptionByLabel(findTestObject(orPath_TaxTypeFilingYear + "/select_FilingYear"), FilingYear, false): All options with label '2024' are selected in object 'Object Repository/RAD_Pages/TaxTypeFilingYear_Page/select_FilingYear' 

2024-11-07 18:04:16 - [MESSAGE][PASSED] - All options with label '2024' are selected in object 'Object Repository/RAD_Pages/TaxTypeFilingYear_Page/select_FilingYear' 

2024-11-07 18:04:16 - [TEST_STEP][PASSED] - selectOptionByLabel(findTestObject(orPath_TaxTypeFilingYear + "/select_PeriodEnding"), PeriodEndingMonth, false): All options with label 'December' are selected in object 'Object Repository/RAD_Pages/TaxTypeFilingYear_Page/select_PeriodEnding' 

2024-11-07 18:04:17 - [MESSAGE][PASSED] - All options with label 'December' are selected in object 'Object Repository/RAD_Pages/TaxTypeFilingYear_Page/select_PeriodEnding' 

2024-11-07 18:04:17 - [TEST_STEP][PASSED] - setText(findTestObject(orPath_TaxPayer + "/input_businessName"), " "): Text ' ' is set on object 'Object Repository/RAD_Pages/Taxpayer_Page/input_businessName'

2024-11-07 18:04:17 - [MESSAGE][PASSED] - Text ' ' is set on object 'Object Repository/RAD_Pages/Taxpayer_Page/input_businessName'

2024-11-07 18:04:17 - [TEST_STEP][PASSED] - setText(findTestObject(orPath_TaxPayer + "/input_BusinessRepfirstName"), " "): Text ' ' is set on object 'Object Repository/RAD_Pages/Taxpayer_Page/input_BusinessRepfirstName'

2024-11-07 18:04:18 - [MESSAGE][PASSED] - Text ' ' is set on object 'Object Repository/RAD_Pages/Taxpayer_Page/input_BusinessRepfirstName'

2024-11-07 18:04:18 - [TEST_STEP][PASSED] - setText(findTestObject(orPath_TaxPayer + "/input_BusinessReplastName"), " "): Text ' ' is set on object 'Object Repository/RAD_Pages/Taxpayer_Page/input_BusinessReplastName'

2024-11-07 18:04:19 - [MESSAGE][PASSED] - Text ' ' is set on object 'Object Repository/RAD_Pages/Taxpayer_Page/input_BusinessReplastName'

2024-11-07 18:04:19 - [TEST_STEP][PASSED] - setText(findTestObject(orPath_AddressContact + "/input_streetAddress1"), " "): Text ' ' is set on object 'Object Repository/RAD_Pages/AddressAndContactInfo_Page/input_streetAddress1'

2024-11-07 18:04:20 - [MESSAGE][PASSED] - Text ' ' is set on object 'Object Repository/RAD_Pages/AddressAndContactInfo_Page/input_streetAddress1'

2024-11-07 18:04:20 - [TEST_STEP][PASSED] - setText(findTestObject(orPath_AddressContact + "/input_city"), " "): Text ' ' is set on object 'Object Repository/RAD_Pages/AddressAndContactInfo_Page/input_city'

2024-11-07 18:04:20 - [MESSAGE][PASSED] - Text ' ' is set on object 'Object Repository/RAD_Pages/AddressAndContactInfo_Page/input_city'

2024-11-07 18:04:20 - [TEST_STEP][PASSED] - setText(findTestObject(orPath_AddressContact + "/input_zipCode"), " "): Text ' ' is set on object 'Object Repository/RAD_Pages/AddressAndContactInfo_Page/input_zipCode'

2024-11-07 18:04:21 - [MESSAGE][PASSED] - Text ' ' is set on object 'Object Repository/RAD_Pages/AddressAndContactInfo_Page/input_zipCode'

2024-11-07 18:04:21 - [TEST_STEP][PASSED] - setText(findTestObject(orPath_AddressContact + "/input_phoneNumber"), " "): Text ' ' is set on object 'Object Repository/RAD_Pages/AddressAndContactInfo_Page/input_phoneNumber'

2024-11-07 18:04:22 - [MESSAGE][PASSED] - Text ' ' is set on object 'Object Repository/RAD_Pages/AddressAndContactInfo_Page/input_phoneNumber'

2024-11-07 18:04:22 - [TEST_STEP][PASSED] - setText(findTestObject(orPath_AddressContact + "/input_eMailAddress"), " "): Text ' ' is set on object 'Object Repository/RAD_Pages/AddressAndContactInfo_Page/input_eMailAddress'

2024-11-07 18:04:23 - [MESSAGE][PASSED] - Text ' ' is set on object 'Object Repository/RAD_Pages/AddressAndContactInfo_Page/input_eMailAddress'

2024-11-07 18:04:23 - [TEST_STEP][PASSED] - setText(findTestObject(orPath_AddressContact + "/input_reEnterEMailAddress"), " "): Text ' ' is set on object 'Object Repository/RAD_Pages/AddressAndContactInfo_Page/input_reEnterEMailAddress'

2024-11-07 18:04:23 - [MESSAGE][PASSED] - Text ' ' is set on object 'Object Repository/RAD_Pages/AddressAndContactInfo_Page/input_reEnterEMailAddress'

2024-11-07 18:04:23 - [TEST_STEP][PASSED] - resText = "Fail": null

2024-11-07 18:04:23 - [TEST_STEP][PASSED] - pages.WriteExcel.demoKey(resText, datText, resColumn, datCloumn, fileLoc, nameSheet, row): pages.WriteExcel.demoKey is PASSED

2024-11-07 18:04:24 - [MESSAGE][PASSED] - pages.WriteExcel.demoKey is PASSED

2024-11-07 18:04:24 - [TEST_STEP][PASSED] - verifyTextPresent("Enter business name", true, CONTINUE_ON_FAILURE): Text 'Enter business name' is present on page  using regular expression

2024-11-07 18:04:24 - [MESSAGE][PASSED] - Text 'Enter business name' is present on page  using regular expression

2024-11-07 18:04:24 - [TEST_STEP][PASSED] - verifyTextPresent("Enter business rep first name", true, CONTINUE_ON_FAILURE): Text 'Enter business rep first name' is present on page  using regular expression

2024-11-07 18:04:24 - [MESSAGE][PASSED] - Text 'Enter business rep first name' is present on page  using regular expression

2024-11-07 18:04:24 - [TEST_STEP][PASSED] - verifyTextPresent("Enter business rep last name", true, CONTINUE_ON_FAILURE): Text 'Enter business rep last name' is present on page  using regular expression

2024-11-07 18:04:25 - [MESSAGE][PASSED] - Text 'Enter business rep last name' is present on page  using regular expression

2024-11-07 18:04:25 - [TEST_STEP][PASSED] - verifyTextPresent("Enter address", true, CONTINUE_ON_FAILURE): Text 'Enter address' is present on page  using regular expression

2024-11-07 18:04:25 - [MESSAGE][PASSED] - Text 'Enter address' is present on page  using regular expression

2024-11-07 18:04:25 - [TEST_STEP][PASSED] - verifyTextPresent("Enter city", true, CONTINUE_ON_FAILURE): Text 'Enter city' is present on page  using regular expression

2024-11-07 18:04:25 - [MESSAGE][PASSED] - Text 'Enter city' is present on page  using regular expression

2024-11-07 18:04:25 - [TEST_STEP][PASSED] - verifyTextPresent("Enter ZIP code", true, CONTINUE_ON_FAILURE): Text 'Enter ZIP code' is present on page  using regular expression

2024-11-07 18:04:26 - [MESSAGE][PASSED] - Text 'Enter ZIP code' is present on page  using regular expression

2024-11-07 18:04:26 - [TEST_STEP][PASSED] - verifyTextPresent("Enter a valid phone number", true, CONTINUE_ON_FAILURE): Text 'Enter a valid phone number' is present on page  using regular expression

2024-11-07 18:04:26 - [MESSAGE][PASSED] - Text 'Enter a valid phone number' is present on page  using regular expression

2024-11-07 18:04:26 - [TEST_STEP][PASSED] - verifyTextPresent("Enter Email", true, CONTINUE_ON_FAILURE): Text 'Enter Email' is present on page  using regular expression

2024-11-07 18:04:26 - [MESSAGE][PASSED] - Text 'Enter Email' is present on page  using regular expression

2024-11-07 18:04:26 - [TEST_STEP][PASSED] - resText = "Pass": null

2024-11-07 18:04:26 - [TEST_STEP][PASSED] - pages.WriteExcel.demoKey(resText, datText, resColumn, datCloumn, fileLoc, nameSheet, row): pages.WriteExcel.demoKey is PASSED

2024-11-07 18:04:26 - [MESSAGE][PASSED] - pages.WriteExcel.demoKey is PASSED]]></system-out>
         <system-err><![CDATA[]]></system-err>
      </testcase>
      <testcase name="Test Cases/RAD_TestCases/MRF_TestCases/Existing_MRF_TC" time="364.923" classname="Test Cases/RAD_TestCases/MRF_TestCases/Existing_MRF_TC" status="FAILED">
         <failure type="FAILED" message="Test Cases/RAD_TestCases/MRF_TestCases/Existing_MRF_TC FAILED.
Reason:
com.kms.katalon.core.exception.StepFailedException: Some texts are missing
	at com.kms.katalon.core.util.KeywordUtil.markFailed(KeywordUtil.java:19)
	at com.kms.katalon.core.util.KeywordUtil$markFailed$1.call(Unknown Source)
	at Existing_MRF_TC.run(Existing_MRF_TC:196)
	at com.kms.katalon.core.main.ScriptEngine.run(ScriptEngine.java:194)
	at com.kms.katalon.core.main.ScriptEngine.runScriptAsRawText(ScriptEngine.java:119)
	at com.kms.katalon.core.main.TestCaseExecutor.runScript(TestCaseExecutor.java:448)
	at com.kms.katalon.core.main.TestCaseExecutor.doExecute(TestCaseExecutor.java:439)
	at com.kms.katalon.core.main.TestCaseExecutor.processExecutionPhase(TestCaseExecutor.java:418)
	at com.kms.katalon.core.main.TestCaseExecutor.accessMainPhase(TestCaseExecutor.java:410)
	at com.kms.katalon.core.main.TestCaseExecutor.execute(TestCaseExecutor.java:285)
	at com.kms.katalon.core.common.CommonExecutor.accessTestCaseMainPhase(CommonExecutor.java:65)
	at com.kms.katalon.core.main.TestSuiteExecutor.accessTestSuiteMainPhase(TestSuiteExecutor.java:148)
	at com.kms.katalon.core.main.TestSuiteExecutor.execute(TestSuiteExecutor.java:106)
	at com.kms.katalon.core.main.TestCaseMain.startTestSuite(TestCaseMain.java:187)
	at com.kms.katalon.core.main.TestCaseMain$startTestSuite$0.call(Unknown Source)
	at TempTestSuite1731019020691.run(TempTestSuite1731019020691.groovy:35)
"/>
         <system-out><![CDATA[2024-11-07 18:04:26 - [TEST_CASE][FAILED] - Test Cases/RAD_TestCases/MRF_TestCases/Existing_MRF_TC: Test Cases/RAD_TestCases/MRF_TestCases/Existing_MRF_TC FAILED.
Reason:
com.kms.katalon.core.exception.StepFailedException: Some texts are missing
	at com.kms.katalon.core.util.KeywordUtil.markFailed(KeywordUtil.java:19)
	at com.kms.katalon.core.util.KeywordUtil$markFailed$1.call(Unknown Source)
	at Existing_MRF_TC.run(Existing_MRF_TC:196)
	at com.kms.katalon.core.main.ScriptEngine.run(ScriptEngine.java:194)
	at com.kms.katalon.core.main.ScriptEngine.runScriptAsRawText(ScriptEngine.java:119)
	at com.kms.katalon.core.main.TestCaseExecutor.runScript(TestCaseExecutor.java:448)
	at com.kms.katalon.core.main.TestCaseExecutor.doExecute(TestCaseExecutor.java:439)
	at com.kms.katalon.core.main.TestCaseExecutor.processExecutionPhase(TestCaseExecutor.java:418)
	at com.kms.katalon.core.main.TestCaseExecutor.accessMainPhase(TestCaseExecutor.java:410)
	at com.kms.katalon.core.main.TestCaseExecutor.execute(TestCaseExecutor.java:285)
	at com.kms.katalon.core.common.CommonExecutor.accessTestCaseMainPhase(CommonExecutor.java:65)
	at com.kms.katalon.core.main.TestSuiteExecutor.accessTestSuiteMainPhase(TestSuiteExecutor.java:148)
	at com.kms.katalon.core.main.TestSuiteExecutor.execute(TestSuiteExecutor.java:106)
	at com.kms.katalon.core.main.TestCaseMain.startTestSuite(TestCaseMain.java:187)
	at com.kms.katalon.core.main.TestCaseMain$startTestSuite$0.call(Unknown Source)
	at TempTestSuite1731019020691.run(TempTestSuite1731019020691.groovy:35)


2024-11-07 18:04:27 - [TEST_STEP][PASSED] - resText = "Fail": null

2024-11-07 18:04:27 - [TEST_STEP][PASSED] - resColumn = "Result": null

2024-11-07 18:04:27 - [TEST_STEP][PASSED] - datCloumn = "Date": null

2024-11-07 18:04:27 - [TEST_STEP][PASSED] - fileLoc = "KatalonData/RADTestData/MRF.xlsx": null

2024-11-07 18:04:27 - [TEST_STEP][PASSED] - nameSheet = "Existing": null

2024-11-07 18:04:27 - [TEST_STEP][PASSED] - dataFile = "RADTestData/MRF_Existing": null

2024-11-07 18:04:27 - [TEST_STEP][PASSED] - orPath_Landing = "Object Repository/RAD_Pages/Landing_Page": null

2024-11-07 18:04:27 - [TEST_STEP][PASSED] - orPath_TaxTypeFilingYear = "Object Repository/RAD_Pages/TaxTypeFilingYear_Page": null

2024-11-07 18:04:27 - [TEST_STEP][PASSED] - orPath_Amount = "Object Repository/RAD_Pages/PaymentAmount_Page": null

2024-11-07 18:04:27 - [TEST_STEP][PASSED] - orPath_AddressContact = "Object Repository/RAD_Pages/AddressAndContactInfo_Page": null

2024-11-07 18:04:27 - [TEST_STEP][PASSED] - orPath_Summary = "Object Repository/RAD_Pages/Summary_Page": null

2024-11-07 18:04:27 - [TEST_STEP][PASSED] - orPath_PaymentConfirmation = "Object Repository/RAD_Pages/PaymentConfirmation_Page": null

2024-11-07 18:04:27 - [TEST_STEP][PASSED] - orPath_ServiceFeesAccept = "Object Repository/RAD_Pages/ServiceFeeAccept_Page": null

2024-11-07 18:04:27 - [TEST_STEP][PASSED] - orPath_PaymentEntry = "Object Repository/RAD_Pages/PaymentEntry_Page": null

2024-11-07 18:04:27 - [TEST_STEP][PASSED] - orPath_TaxInfo = "Object Repository/RAD_Pages/TaxInfo_Page": null

2024-11-07 18:04:27 - [TEST_STEP][PASSED] - orPath_TaxPayer = "Object Repository/RAD_Pages/Taxpayer_Page": null

2024-11-07 18:04:27 - [TEST_STEP][PASSED] - orPath_FilingStatus = "Object Repository/RAD_Pages/FilingStatus_Page": null

2024-11-07 18:04:27 - [TEST_STEP][PASSED] - ExecuteTC = <not implemented yet for class: org.codehaus.groovy.ast.expr.EmptyExpression>: null

2024-11-07 18:04:27 - [TEST_STEP][PASSED] - TaxType = <not implemented yet for class: org.codehaus.groovy.ast.expr.EmptyExpression>: null

2024-11-07 18:04:27 - [TEST_STEP][PASSED] - PaymentType = <not implemented yet for class: org.codehaus.groovy.ast.expr.EmptyExpression>: null

2024-11-07 18:04:27 - [TEST_STEP][PASSED] - FilingYear = <not implemented yet for class: org.codehaus.groovy.ast.expr.EmptyExpression>: null

2024-11-07 18:04:27 - [TEST_STEP][PASSED] - PeriodEndingMonth = <not implemented yet for class: org.codehaus.groovy.ast.expr.EmptyExpression>: null

2024-11-07 18:04:27 - [TEST_STEP][PASSED] - feinSsn = <not implemented yet for class: org.codehaus.groovy.ast.expr.EmptyExpression>: null

2024-11-07 18:04:27 - [TEST_STEP][PASSED] - MFLicNum = <not implemented yet for class: org.codehaus.groovy.ast.expr.EmptyExpression>: null

2024-11-07 18:04:27 - [TEST_STEP][PASSED] - isRequiredTextPresent = false: null

2024-11-07 18:04:27 - [TEST_STEP][PASSED] - numOfRows = findTestData(dataFile).getRowNumbers(): null

2024-11-07 18:04:27 - [TEST_STEP][PASSED] - println("Number of Records: " + numOfRows): null

2024-11-07 18:04:27 - [TEST_STEP][FAILED] - for ([row = 1, row <= numOfRows, (row++)]): null

2024-11-07 18:04:27 - [TEST_STEP][PASSED] - ExecuteTC = findTestData(dataFile).getValue("Execute", row): null

2024-11-07 18:04:27 - [TEST_STEP][PASSED] - TaxType = findTestData(dataFile).getValue("TaxType", row): null

2024-11-07 18:04:27 - [TEST_STEP][PASSED] - PaymentType = findTestData(dataFile).getValue("PaymentType", row): null

2024-11-07 18:04:27 - [TEST_STEP][PASSED] - feinSsn = findTestData(dataFile).getValue("FEINSSN", row): null

2024-11-07 18:04:27 - [TEST_STEP][PASSED] - CRN = findTestData(dataFile).getValue("CRN", row): null

2024-11-07 18:04:27 - [TEST_STEP][PASSED] - MFLicNum = findTestData(dataFile).getValue("MFLicNum", row): null

2024-11-07 18:04:28 - [TEST_STEP][FAILED] - if (ExecuteTC.equalsIgnoreCase("Y")): null

2024-11-07 18:04:28 - [TEST_STEP][PASSED] - out.println("Begin Record Number: " + row): null

2024-11-07 18:04:28 - [TEST_STEP][PASSED] - today = new java.util.Date(): null

2024-11-07 18:04:28 - [TEST_STEP][PASSED] - println(today): null

2024-11-07 18:04:28 - [TEST_STEP][PASSED] - datText = today: null

2024-11-07 18:04:28 - [TEST_STEP][PASSED] - logInfo("Payment Type: Existing Liability with Notice/Invoice Number"): Payment Type: Existing Liability with Notice/Invoice Number

2024-11-07 18:04:28 - [MESSAGE][INFO] - Payment Type: Existing Liability with Notice/Invoice Number

2024-11-07 18:04:28 - [TEST_STEP][PASSED] - logInfo("Tax Type: " + TaxType): Tax Type: Bay Restoration Fee

2024-11-07 18:04:28 - [MESSAGE][INFO] - Tax Type: Bay Restoration Fee

2024-11-07 18:04:28 - [TEST_STEP][PASSED] - openBrowser(""): Browser is opened with url: ''

2024-11-07 18:04:28 - [MESSAGE][WARNING] - A browser is already opened. Closing browser and opening a new one

2024-11-07 18:04:29 - [MESSAGE][INFO] - Starting 'Chrome' driver

2024-11-07 18:04:29 - [MESSAGE][INFO] - User set preference: ['acceptInsecureCerts', 'true']

2024-11-07 18:04:29 - [MESSAGE][INFO] - Action delay is set to 0 milliseconds

2024-11-07 18:04:31 - [MESSAGE][PASSED] - Browser is opened with url: ''

2024-11-07 18:04:31 - [TEST_STEP][PASSED] - maximizeWindow(): Current window maximized

2024-11-07 18:04:31 - [MESSAGE][PASSED] - Current window maximized

2024-11-07 18:04:31 - [TEST_STEP][PASSED] - navigateToUrl(RADurl): Navigate to 'https://www.velocitypayment.com/client/rad/index.html' successfully

2024-11-07 18:04:31 - [MESSAGE][PASSED] - Navigate to 'https://www.velocitypayment.com/client/rad/index.html' successfully

2024-11-07 18:04:31 - [TEST_STEP][PASSED] - selectOptionByLabel(findTestObject(orPath_Landing + "/dd_TaxType"), "Existing Liability with Notice/Invoice Number", false): All options with label 'Existing Liability with Notice/Invoice Number' are selected in object 'Object Repository/RAD_Pages/Landing_Page/dd_TaxType' 

2024-11-07 18:04:34 - [MESSAGE][PASSED] - All options with label 'Existing Liability with Notice/Invoice Number' are selected in object 'Object Repository/RAD_Pages/Landing_Page/dd_TaxType' 

2024-11-07 18:04:34 - [TEST_STEP][PASSED] - selectOptionByLabel(findTestObject(orPath_TaxTypeFilingYear + "/select_TaxType_ExistingLiability"), TaxType, false): All options with label 'Bay Restoration Fee' are selected in object 'Object Repository/RAD_Pages/TaxTypeFilingYear_Page/select_TaxType_ExistingLiability' 

2024-11-07 18:04:35 - [MESSAGE][PASSED] - All options with label 'Bay Restoration Fee' are selected in object 'Object Repository/RAD_Pages/TaxTypeFilingYear_Page/select_TaxType_ExistingLiability' 

2024-11-07 18:04:35 - [TEST_STEP][PASSED] - setText(findTestObject(orPath_TaxPayer + "/input_businessName"), " "): Text ' ' is set on object 'Object Repository/RAD_Pages/Taxpayer_Page/input_businessName'

2024-11-07 18:04:36 - [MESSAGE][PASSED] - Text ' ' is set on object 'Object Repository/RAD_Pages/Taxpayer_Page/input_businessName'

2024-11-07 18:04:36 - [TEST_STEP][PASSED] - setText(findTestObject(orPath_TaxPayer + "/input_BusinessRepfirstName"), " "): Text ' ' is set on object 'Object Repository/RAD_Pages/Taxpayer_Page/input_BusinessRepfirstName'

2024-11-07 18:04:36 - [MESSAGE][PASSED] - Text ' ' is set on object 'Object Repository/RAD_Pages/Taxpayer_Page/input_BusinessRepfirstName'

2024-11-07 18:04:36 - [TEST_STEP][PASSED] - setText(findTestObject(orPath_TaxPayer + "/input_BusinessReplastName"), " "): Text ' ' is set on object 'Object Repository/RAD_Pages/Taxpayer_Page/input_BusinessReplastName'

2024-11-07 18:04:37 - [MESSAGE][PASSED] - Text ' ' is set on object 'Object Repository/RAD_Pages/Taxpayer_Page/input_BusinessReplastName'

2024-11-07 18:04:37 - [TEST_STEP][PASSED] - setText(findTestObject(orPath_AddressContact + "/input_streetAddress1"), " "): Text ' ' is set on object 'Object Repository/RAD_Pages/AddressAndContactInfo_Page/input_streetAddress1'

2024-11-07 18:04:38 - [MESSAGE][PASSED] - Text ' ' is set on object 'Object Repository/RAD_Pages/AddressAndContactInfo_Page/input_streetAddress1'

2024-11-07 18:04:38 - [TEST_STEP][PASSED] - setText(findTestObject(orPath_AddressContact + "/input_city"), " "): Text ' ' is set on object 'Object Repository/RAD_Pages/AddressAndContactInfo_Page/input_city'

2024-11-07 18:04:38 - [MESSAGE][PASSED] - Text ' ' is set on object 'Object Repository/RAD_Pages/AddressAndContactInfo_Page/input_city'

2024-11-07 18:04:38 - [TEST_STEP][PASSED] - setText(findTestObject(orPath_AddressContact + "/input_zipCode"), " "): Text ' ' is set on object 'Object Repository/RAD_Pages/AddressAndContactInfo_Page/input_zipCode'

2024-11-07 18:04:39 - [MESSAGE][PASSED] - Text ' ' is set on object 'Object Repository/RAD_Pages/AddressAndContactInfo_Page/input_zipCode'

2024-11-07 18:04:39 - [TEST_STEP][PASSED] - setText(findTestObject(orPath_AddressContact + "/input_phoneNumber"), " "): Text ' ' is set on object 'Object Repository/RAD_Pages/AddressAndContactInfo_Page/input_phoneNumber'

2024-11-07 18:04:40 - [MESSAGE][PASSED] - Text ' ' is set on object 'Object Repository/RAD_Pages/AddressAndContactInfo_Page/input_phoneNumber'

2024-11-07 18:04:40 - [TEST_STEP][PASSED] - setText(findTestObject(orPath_AddressContact + "/input_eMailAddress"), " "): Text ' ' is set on object 'Object Repository/RAD_Pages/AddressAndContactInfo_Page/input_eMailAddress'

2024-11-07 18:04:41 - [MESSAGE][PASSED] - Text ' ' is set on object 'Object Repository/RAD_Pages/AddressAndContactInfo_Page/input_eMailAddress'

2024-11-07 18:04:41 - [TEST_STEP][PASSED] - setText(findTestObject(orPath_AddressContact + "/input_reEnterEMailAddress"), " "): Text ' ' is set on object 'Object Repository/RAD_Pages/AddressAndContactInfo_Page/input_reEnterEMailAddress'

2024-11-07 18:04:41 - [MESSAGE][PASSED] - Text ' ' is set on object 'Object Repository/RAD_Pages/AddressAndContactInfo_Page/input_reEnterEMailAddress'

2024-11-07 18:04:41 - [TEST_STEP][PASSED] - if (TaxType.equalsIgnoreCase("Estate Tax")): null

2024-11-07 18:04:41 - [TEST_STEP][PASSED] - setText(findTestObject(orPath_Amount + "/input__paymentAmount"), ""): Text '' is set on object 'Object Repository/RAD_Pages/PaymentAmount_Page/input__paymentAmount'

2024-11-07 18:04:42 - [MESSAGE][PASSED] - Text '' is set on object 'Object Repository/RAD_Pages/PaymentAmount_Page/input__paymentAmount'

2024-11-07 18:04:42 - [TEST_STEP][PASSED] - resText = "Fail": null

2024-11-07 18:04:42 - [TEST_STEP][PASSED] - pages.WriteExcel.demoKey(resText, datText, resColumn, datCloumn, fileLoc, nameSheet, row): pages.WriteExcel.demoKey is PASSED

2024-11-07 18:04:42 - [MESSAGE][PASSED] - pages.WriteExcel.demoKey is PASSED

2024-11-07 18:04:42 - [TEST_STEP][PASSED] - verifyTextPresent("Enter business name", true, CONTINUE_ON_FAILURE): Text 'Enter business name' is present on page  using regular expression

2024-11-07 18:04:43 - [MESSAGE][PASSED] - Text 'Enter business name' is present on page  using regular expression

2024-11-07 18:04:43 - [TEST_STEP][PASSED] - verifyTextPresent("Enter business rep first name", true, CONTINUE_ON_FAILURE): Text 'Enter business rep first name' is present on page  using regular expression

2024-11-07 18:04:43 - [MESSAGE][PASSED] - Text 'Enter business rep first name' is present on page  using regular expression

2024-11-07 18:04:43 - [TEST_STEP][PASSED] - verifyTextPresent("Enter business rep last name", true, CONTINUE_ON_FAILURE): Text 'Enter business rep last name' is present on page  using regular expression

2024-11-07 18:04:43 - [MESSAGE][PASSED] - Text 'Enter business rep last name' is present on page  using regular expression

2024-11-07 18:04:44 - [TEST_STEP][PASSED] - verifyTextPresent("Enter address", true, CONTINUE_ON_FAILURE): Text 'Enter address' is present on page  using regular expression

2024-11-07 18:04:44 - [MESSAGE][PASSED] - Text 'Enter address' is present on page  using regular expression

2024-11-07 18:04:44 - [TEST_STEP][PASSED] - verifyTextPresent("Enter city", true, CONTINUE_ON_FAILURE): Text 'Enter city' is present on page  using regular expression

2024-11-07 18:04:44 - [MESSAGE][PASSED] - Text 'Enter city' is present on page  using regular expression

2024-11-07 18:04:44 - [TEST_STEP][PASSED] - verifyTextPresent("Enter ZIP code", true, CONTINUE_ON_FAILURE): Text 'Enter ZIP code' is present on page  using regular expression

2024-11-07 18:04:45 - [MESSAGE][PASSED] - Text 'Enter ZIP code' is present on page  using regular expression

2024-11-07 18:04:45 - [TEST_STEP][PASSED] - verifyTextPresent("Enter a valid phone number", true, CONTINUE_ON_FAILURE): Text 'Enter a valid phone number' is present on page  using regular expression

2024-11-07 18:04:45 - [MESSAGE][PASSED] - Text 'Enter a valid phone number' is present on page  using regular expression

2024-11-07 18:04:45 - [TEST_STEP][PASSED] - verifyTextPresent("Enter Email", true, CONTINUE_ON_FAILURE): Text 'Enter Email' is present on page  using regular expression

2024-11-07 18:04:45 - [MESSAGE][PASSED] - Text 'Enter Email' is present on page  using regular expression

2024-11-07 18:04:45 - [TEST_STEP][PASSED] - if (CRN.equalsIgnoreCase("Y")): null

2024-11-07 18:04:45 - [TEST_STEP][PASSED] - if (MFLicNum.equalsIgnoreCase("Y")): null

2024-11-07 18:04:45 - [TEST_STEP][PASSED] - if (isRequiredTextPresent == true): null

2024-11-07 18:04:45 - [TEST_STEP][FAILED] - else: null

2024-11-07 18:04:45 - [TEST_STEP][PASSED] - println("Some texts are missing"): null

2024-11-07 18:04:45 - [TEST_STEP][FAILED] - markFailed("Some texts are missing"): Some texts are missing

2024-11-07 18:04:45 - [MESSAGE][FAILED] - Some texts are missing

2024-11-07 18:04:45 - [TEST_STEP][PASSED] - resText = "Fail": null

2024-11-07 18:04:45 - [TEST_STEP][PASSED] - pages.WriteExcel.demoKey(resText, datText, resColumn, datCloumn, fileLoc, nameSheet, row): pages.WriteExcel.demoKey is PASSED

2024-11-07 18:04:45 - [MESSAGE][PASSED] - pages.WriteExcel.demoKey is PASSED

2024-11-07 18:04:45 - [TEST_STEP][PASSED] - ExecuteTC = findTestData(dataFile).getValue("Execute", row): null

2024-11-07 18:04:45 - [TEST_STEP][PASSED] - TaxType = findTestData(dataFile).getValue("TaxType", row): null

2024-11-07 18:04:46 - [TEST_STEP][PASSED] - PaymentType = findTestData(dataFile).getValue("PaymentType", row): null

2024-11-07 18:04:46 - [TEST_STEP][PASSED] - feinSsn = findTestData(dataFile).getValue("FEINSSN", row): null

2024-11-07 18:04:46 - [TEST_STEP][PASSED] - CRN = findTestData(dataFile).getValue("CRN", row): null

2024-11-07 18:04:46 - [TEST_STEP][PASSED] - MFLicNum = findTestData(dataFile).getValue("MFLicNum", row): null

2024-11-07 18:04:46 - [TEST_STEP][FAILED] - if (ExecuteTC.equalsIgnoreCase("Y")): null

2024-11-07 18:04:46 - [TEST_STEP][PASSED] - out.println("Begin Record Number: " + row): null

2024-11-07 18:04:46 - [TEST_STEP][PASSED] - today = new java.util.Date(): null

2024-11-07 18:04:46 - [TEST_STEP][PASSED] - println(today): null

2024-11-07 18:04:46 - [TEST_STEP][PASSED] - datText = today: null

2024-11-07 18:04:46 - [TEST_STEP][PASSED] - logInfo("Payment Type: Existing Liability with Notice/Invoice Number"): Payment Type: Existing Liability with Notice/Invoice Number

2024-11-07 18:04:46 - [MESSAGE][INFO] - Payment Type: Existing Liability with Notice/Invoice Number

2024-11-07 18:04:46 - [TEST_STEP][PASSED] - logInfo("Tax Type: " + TaxType): Tax Type: Corporate Income Tax

2024-11-07 18:04:46 - [MESSAGE][INFO] - Tax Type: Corporate Income Tax

2024-11-07 18:04:46 - [TEST_STEP][PASSED] - openBrowser(""): Browser is opened with url: ''

2024-11-07 18:04:46 - [MESSAGE][WARNING] - A browser is already opened. Closing browser and opening a new one

2024-11-07 18:04:47 - [MESSAGE][INFO] - Starting 'Chrome' driver

2024-11-07 18:04:47 - [MESSAGE][INFO] - User set preference: ['acceptInsecureCerts', 'true']

2024-11-07 18:04:47 - [MESSAGE][INFO] - Action delay is set to 0 milliseconds

2024-11-07 18:04:49 - [MESSAGE][PASSED] - Browser is opened with url: ''

2024-11-07 18:04:49 - [TEST_STEP][PASSED] - maximizeWindow(): Current window maximized

2024-11-07 18:04:49 - [MESSAGE][PASSED] - Current window maximized

2024-11-07 18:04:49 - [TEST_STEP][PASSED] - navigateToUrl(RADurl): Navigate to 'https://www.velocitypayment.com/client/rad/index.html' successfully

2024-11-07 18:04:51 - [MESSAGE][PASSED] - Navigate to 'https://www.velocitypayment.com/client/rad/index.html' successfully

2024-11-07 18:04:51 - [TEST_STEP][PASSED] - selectOptionByLabel(findTestObject(orPath_Landing + "/dd_TaxType"), "Existing Liability with Notice/Invoice Number", false): All options with label 'Existing Liability with Notice/Invoice Number' are selected in object 'Object Repository/RAD_Pages/Landing_Page/dd_TaxType' 

2024-11-07 18:04:52 - [MESSAGE][PASSED] - All options with label 'Existing Liability with Notice/Invoice Number' are selected in object 'Object Repository/RAD_Pages/Landing_Page/dd_TaxType' 

2024-11-07 18:04:52 - [TEST_STEP][PASSED] - selectOptionByLabel(findTestObject(orPath_TaxTypeFilingYear + "/select_TaxType_ExistingLiability"), TaxType, false): All options with label 'Corporate Income Tax' are selected in object 'Object Repository/RAD_Pages/TaxTypeFilingYear_Page/select_TaxType_ExistingLiability' 

2024-11-07 18:04:53 - [MESSAGE][PASSED] - All options with label 'Corporate Income Tax' are selected in object 'Object Repository/RAD_Pages/TaxTypeFilingYear_Page/select_TaxType_ExistingLiability' 

2024-11-07 18:04:53 - [TEST_STEP][PASSED] - setText(findTestObject(orPath_TaxPayer + "/input_businessName"), " "): Text ' ' is set on object 'Object Repository/RAD_Pages/Taxpayer_Page/input_businessName'

2024-11-07 18:04:54 - [MESSAGE][PASSED] - Text ' ' is set on object 'Object Repository/RAD_Pages/Taxpayer_Page/input_businessName'

2024-11-07 18:04:54 - [TEST_STEP][PASSED] - setText(findTestObject(orPath_TaxPayer + "/input_BusinessRepfirstName"), " "): Text ' ' is set on object 'Object Repository/RAD_Pages/Taxpayer_Page/input_BusinessRepfirstName'

2024-11-07 18:04:54 - [MESSAGE][PASSED] - Text ' ' is set on object 'Object Repository/RAD_Pages/Taxpayer_Page/input_BusinessRepfirstName'

2024-11-07 18:04:54 - [TEST_STEP][PASSED] - setText(findTestObject(orPath_TaxPayer + "/input_BusinessReplastName"), " "): Text ' ' is set on object 'Object Repository/RAD_Pages/Taxpayer_Page/input_BusinessReplastName'

2024-11-07 18:04:55 - [MESSAGE][PASSED] - Text ' ' is set on object 'Object Repository/RAD_Pages/Taxpayer_Page/input_BusinessReplastName'

2024-11-07 18:04:55 - [TEST_STEP][PASSED] - setText(findTestObject(orPath_AddressContact + "/input_streetAddress1"), " "): Text ' ' is set on object 'Object Repository/RAD_Pages/AddressAndContactInfo_Page/input_streetAddress1'

2024-11-07 18:04:56 - [MESSAGE][PASSED] - Text ' ' is set on object 'Object Repository/RAD_Pages/AddressAndContactInfo_Page/input_streetAddress1'

2024-11-07 18:04:56 - [TEST_STEP][PASSED] - setText(findTestObject(orPath_AddressContact + "/input_city"), " "): Text ' ' is set on object 'Object Repository/RAD_Pages/AddressAndContactInfo_Page/input_city'

2024-11-07 18:04:57 - [MESSAGE][PASSED] - Text ' ' is set on object 'Object Repository/RAD_Pages/AddressAndContactInfo_Page/input_city'

2024-11-07 18:04:57 - [TEST_STEP][PASSED] - setText(findTestObject(orPath_AddressContact + "/input_zipCode"), " "): Text ' ' is set on object 'Object Repository/RAD_Pages/AddressAndContactInfo_Page/input_zipCode'

2024-11-07 18:04:57 - [MESSAGE][PASSED] - Text ' ' is set on object 'Object Repository/RAD_Pages/AddressAndContactInfo_Page/input_zipCode'

2024-11-07 18:04:57 - [TEST_STEP][PASSED] - setText(findTestObject(orPath_AddressContact + "/input_phoneNumber"), " "): Text ' ' is set on object 'Object Repository/RAD_Pages/AddressAndContactInfo_Page/input_phoneNumber'

2024-11-07 18:04:58 - [MESSAGE][PASSED] - Text ' ' is set on object 'Object Repository/RAD_Pages/AddressAndContactInfo_Page/input_phoneNumber'

2024-11-07 18:04:58 - [TEST_STEP][PASSED] - setText(findTestObject(orPath_AddressContact + "/input_eMailAddress"), " "): Text ' ' is set on object 'Object Repository/RAD_Pages/AddressAndContactInfo_Page/input_eMailAddress'

2024-11-07 18:04:59 - [MESSAGE][PASSED] - Text ' ' is set on object 'Object Repository/RAD_Pages/AddressAndContactInfo_Page/input_eMailAddress'

2024-11-07 18:04:59 - [TEST_STEP][PASSED] - setText(findTestObject(orPath_AddressContact + "/input_reEnterEMailAddress"), " "): Text ' ' is set on object 'Object Repository/RAD_Pages/AddressAndContactInfo_Page/input_reEnterEMailAddress'

2024-11-07 18:05:00 - [MESSAGE][PASSED] - Text ' ' is set on object 'Object Repository/RAD_Pages/AddressAndContactInfo_Page/input_reEnterEMailAddress'

2024-11-07 18:05:00 - [TEST_STEP][PASSED] - if (TaxType.equalsIgnoreCase("Estate Tax")): null

2024-11-07 18:05:00 - [TEST_STEP][PASSED] - setText(findTestObject(orPath_Amount + "/input__paymentAmount"), ""): Text '' is set on object 'Object Repository/RAD_Pages/PaymentAmount_Page/input__paymentAmount'

2024-11-07 18:05:00 - [MESSAGE][PASSED] - Text '' is set on object 'Object Repository/RAD_Pages/PaymentAmount_Page/input__paymentAmount'

2024-11-07 18:05:00 - [TEST_STEP][PASSED] - resText = "Fail": null

2024-11-07 18:05:00 - [TEST_STEP][PASSED] - pages.WriteExcel.demoKey(resText, datText, resColumn, datCloumn, fileLoc, nameSheet, row): pages.WriteExcel.demoKey is PASSED

2024-11-07 18:05:01 - [MESSAGE][PASSED] - pages.WriteExcel.demoKey is PASSED

2024-11-07 18:05:01 - [TEST_STEP][PASSED] - verifyTextPresent("Enter business name", true, CONTINUE_ON_FAILURE): Text 'Enter business name' is present on page  using regular expression

2024-11-07 18:05:01 - [MESSAGE][PASSED] - Text 'Enter business name' is present on page  using regular expression

2024-11-07 18:05:01 - [TEST_STEP][PASSED] - verifyTextPresent("Enter business rep first name", true, CONTINUE_ON_FAILURE): Text 'Enter business rep first name' is present on page  using regular expression

2024-11-07 18:05:01 - [MESSAGE][PASSED] - Text 'Enter business rep first name' is present on page  using regular expression

2024-11-07 18:05:01 - [TEST_STEP][PASSED] - verifyTextPresent("Enter business rep last name", true, CONTINUE_ON_FAILURE): Text 'Enter business rep last name' is present on page  using regular expression

2024-11-07 18:05:02 - [MESSAGE][PASSED] - Text 'Enter business rep last name' is present on page  using regular expression

2024-11-07 18:05:02 - [TEST_STEP][PASSED] - verifyTextPresent("Enter address", true, CONTINUE_ON_FAILURE): Text 'Enter address' is present on page  using regular expression

2024-11-07 18:05:02 - [MESSAGE][PASSED] - Text 'Enter address' is present on page  using regular expression

2024-11-07 18:05:02 - [TEST_STEP][PASSED] - verifyTextPresent("Enter city", true, CONTINUE_ON_FAILURE): Text 'Enter city' is present on page  using regular expression

2024-11-07 18:05:02 - [MESSAGE][PASSED] - Text 'Enter city' is present on page  using regular expression

2024-11-07 18:05:02 - [TEST_STEP][PASSED] - verifyTextPresent("Enter ZIP code", true, CONTINUE_ON_FAILURE): Text 'Enter ZIP code' is present on page  using regular expression

2024-11-07 18:05:03 - [MESSAGE][PASSED] - Text 'Enter ZIP code' is present on page  using regular expression

2024-11-07 18:05:03 - [TEST_STEP][PASSED] - verifyTextPresent("Enter a valid phone number", true, CONTINUE_ON_FAILURE): Text 'Enter a valid phone number' is present on page  using regular expression

2024-11-07 18:05:03 - [MESSAGE][PASSED] - Text 'Enter a valid phone number' is present on page  using regular expression

2024-11-07 18:05:03 - [TEST_STEP][PASSED] - verifyTextPresent("Enter Email", true, CONTINUE_ON_FAILURE): Text 'Enter Email' is present on page  using regular expression

2024-11-07 18:05:04 - [MESSAGE][PASSED] - Text 'Enter Email' is present on page  using regular expression

2024-11-07 18:05:04 - [TEST_STEP][PASSED] - if (CRN.equalsIgnoreCase("Y")): null

2024-11-07 18:05:04 - [TEST_STEP][PASSED] - if (MFLicNum.equalsIgnoreCase("Y")): null

2024-11-07 18:05:04 - [TEST_STEP][PASSED] - if (isRequiredTextPresent == true): null

2024-11-07 18:05:04 - [TEST_STEP][FAILED] - else: null

2024-11-07 18:05:04 - [TEST_STEP][PASSED] - println("Some texts are missing"): null

2024-11-07 18:05:04 - [TEST_STEP][FAILED] - markFailed("Some texts are missing"): Some texts are missing

2024-11-07 18:05:04 - [MESSAGE][FAILED] - Some texts are missing

2024-11-07 18:05:04 - [TEST_STEP][PASSED] - resText = "Fail": null

2024-11-07 18:05:04 - [TEST_STEP][PASSED] - pages.WriteExcel.demoKey(resText, datText, resColumn, datCloumn, fileLoc, nameSheet, row): pages.WriteExcel.demoKey is PASSED

2024-11-07 18:05:04 - [MESSAGE][PASSED] - pages.WriteExcel.demoKey is PASSED

2024-11-07 18:05:04 - [TEST_STEP][PASSED] - ExecuteTC = findTestData(dataFile).getValue("Execute", row): null

2024-11-07 18:05:04 - [TEST_STEP][PASSED] - TaxType = findTestData(dataFile).getValue("TaxType", row): null

2024-11-07 18:05:04 - [TEST_STEP][PASSED] - PaymentType = findTestData(dataFile).getValue("PaymentType", row): null

2024-11-07 18:05:04 - [TEST_STEP][PASSED] - feinSsn = findTestData(dataFile).getValue("FEINSSN", row): null

2024-11-07 18:05:04 - [TEST_STEP][PASSED] - CRN = findTestData(dataFile).getValue("CRN", row): null

2024-11-07 18:05:04 - [TEST_STEP][PASSED] - MFLicNum = findTestData(dataFile).getValue("MFLicNum", row): null

2024-11-07 18:05:04 - [TEST_STEP][FAILED] - if (ExecuteTC.equalsIgnoreCase("Y")): null

2024-11-07 18:05:04 - [TEST_STEP][PASSED] - out.println("Begin Record Number: " + row): null

2024-11-07 18:05:04 - [TEST_STEP][PASSED] - today = new java.util.Date(): null

2024-11-07 18:05:04 - [TEST_STEP][PASSED] - println(today): null

2024-11-07 18:05:04 - [TEST_STEP][PASSED] - datText = today: null

2024-11-07 18:05:04 - [TEST_STEP][PASSED] - logInfo("Payment Type: Existing Liability with Notice/Invoice Number"): Payment Type: Existing Liability with Notice/Invoice Number

2024-11-07 18:05:04 - [MESSAGE][INFO] - Payment Type: Existing Liability with Notice/Invoice Number

2024-11-07 18:05:04 - [TEST_STEP][PASSED] - logInfo("Tax Type: " + TaxType): Tax Type: Fiduciary Tax

2024-11-07 18:05:04 - [MESSAGE][INFO] - Tax Type: Fiduciary Tax

2024-11-07 18:05:04 - [TEST_STEP][PASSED] - openBrowser(""): Browser is opened with url: ''

2024-11-07 18:05:04 - [MESSAGE][WARNING] - A browser is already opened. Closing browser and opening a new one

2024-11-07 18:05:06 - [MESSAGE][INFO] - Starting 'Chrome' driver

2024-11-07 18:05:06 - [MESSAGE][INFO] - User set preference: ['acceptInsecureCerts', 'true']

2024-11-07 18:05:06 - [MESSAGE][INFO] - Action delay is set to 0 milliseconds

2024-11-07 18:05:08 - [MESSAGE][PASSED] - Browser is opened with url: ''

2024-11-07 18:05:08 - [TEST_STEP][PASSED] - maximizeWindow(): Current window maximized

2024-11-07 18:05:08 - [MESSAGE][PASSED] - Current window maximized

2024-11-07 18:05:08 - [TEST_STEP][PASSED] - navigateToUrl(RADurl): Navigate to 'https://www.velocitypayment.com/client/rad/index.html' successfully

2024-11-07 18:05:11 - [MESSAGE][PASSED] - Navigate to 'https://www.velocitypayment.com/client/rad/index.html' successfully

2024-11-07 18:05:11 - [TEST_STEP][PASSED] - selectOptionByLabel(findTestObject(orPath_Landing + "/dd_TaxType"), "Existing Liability with Notice/Invoice Number", false): All options with label 'Existing Liability with Notice/Invoice Number' are selected in object 'Object Repository/RAD_Pages/Landing_Page/dd_TaxType' 

2024-11-07 18:05:12 - [MESSAGE][PASSED] - All options with label 'Existing Liability with Notice/Invoice Number' are selected in object 'Object Repository/RAD_Pages/Landing_Page/dd_TaxType' 

2024-11-07 18:05:12 - [TEST_STEP][PASSED] - selectOptionByLabel(findTestObject(orPath_TaxTypeFilingYear + "/select_TaxType_ExistingLiability"), TaxType, false): All options with label 'Fiduciary Tax' are selected in object 'Object Repository/RAD_Pages/TaxTypeFilingYear_Page/select_TaxType_ExistingLiability' 

2024-11-07 18:05:12 - [MESSAGE][PASSED] - All options with label 'Fiduciary Tax' are selected in object 'Object Repository/RAD_Pages/TaxTypeFilingYear_Page/select_TaxType_ExistingLiability' 

2024-11-07 18:05:12 - [TEST_STEP][PASSED] - setText(findTestObject(orPath_TaxPayer + "/input_businessName"), " "): Text ' ' is set on object 'Object Repository/RAD_Pages/Taxpayer_Page/input_businessName'

2024-11-07 18:05:13 - [MESSAGE][PASSED] - Text ' ' is set on object 'Object Repository/RAD_Pages/Taxpayer_Page/input_businessName'

2024-11-07 18:05:13 - [TEST_STEP][PASSED] - setText(findTestObject(orPath_TaxPayer + "/input_BusinessRepfirstName"), " "): Text ' ' is set on object 'Object Repository/RAD_Pages/Taxpayer_Page/input_BusinessRepfirstName'

2024-11-07 18:05:14 - [MESSAGE][PASSED] - Text ' ' is set on object 'Object Repository/RAD_Pages/Taxpayer_Page/input_BusinessRepfirstName'

2024-11-07 18:05:14 - [TEST_STEP][PASSED] - setText(findTestObject(orPath_TaxPayer + "/input_BusinessReplastName"), " "): Text ' ' is set on object 'Object Repository/RAD_Pages/Taxpayer_Page/input_BusinessReplastName'

2024-11-07 18:05:15 - [MESSAGE][PASSED] - Text ' ' is set on object 'Object Repository/RAD_Pages/Taxpayer_Page/input_BusinessReplastName'

2024-11-07 18:05:15 - [TEST_STEP][PASSED] - setText(findTestObject(orPath_AddressContact + "/input_streetAddress1"), " "): Text ' ' is set on object 'Object Repository/RAD_Pages/AddressAndContactInfo_Page/input_streetAddress1'

2024-11-07 18:05:15 - [MESSAGE][PASSED] - Text ' ' is set on object 'Object Repository/RAD_Pages/AddressAndContactInfo_Page/input_streetAddress1'

2024-11-07 18:05:15 - [TEST_STEP][PASSED] - setText(findTestObject(orPath_AddressContact + "/input_city"), " "): Text ' ' is set on object 'Object Repository/RAD_Pages/AddressAndContactInfo_Page/input_city'

2024-11-07 18:05:16 - [MESSAGE][PASSED] - Text ' ' is set on object 'Object Repository/RAD_Pages/AddressAndContactInfo_Page/input_city'

2024-11-07 18:05:16 - [TEST_STEP][PASSED] - setText(findTestObject(orPath_AddressContact + "/input_zipCode"), " "): Text ' ' is set on object 'Object Repository/RAD_Pages/AddressAndContactInfo_Page/input_zipCode'

2024-11-07 18:05:17 - [MESSAGE][PASSED] - Text ' ' is set on object 'Object Repository/RAD_Pages/AddressAndContactInfo_Page/input_zipCode'

2024-11-07 18:05:17 - [TEST_STEP][PASSED] - setText(findTestObject(orPath_AddressContact + "/input_phoneNumber"), " "): Text ' ' is set on object 'Object Repository/RAD_Pages/AddressAndContactInfo_Page/input_phoneNumber'

2024-11-07 18:05:18 - [MESSAGE][PASSED] - Text ' ' is set on object 'Object Repository/RAD_Pages/AddressAndContactInfo_Page/input_phoneNumber'

2024-11-07 18:05:18 - [TEST_STEP][PASSED] - setText(findTestObject(orPath_AddressContact + "/input_eMailAddress"), " "): Text ' ' is set on object 'Object Repository/RAD_Pages/AddressAndContactInfo_Page/input_eMailAddress'

2024-11-07 18:05:18 - [MESSAGE][PASSED] - Text ' ' is set on object 'Object Repository/RAD_Pages/AddressAndContactInfo_Page/input_eMailAddress'

2024-11-07 18:05:18 - [TEST_STEP][PASSED] - setText(findTestObject(orPath_AddressContact + "/input_reEnterEMailAddress"), " "): Text ' ' is set on object 'Object Repository/RAD_Pages/AddressAndContactInfo_Page/input_reEnterEMailAddress'

2024-11-07 18:05:19 - [MESSAGE][PASSED] - Text ' ' is set on object 'Object Repository/RAD_Pages/AddressAndContactInfo_Page/input_reEnterEMailAddress'

2024-11-07 18:05:19 - [TEST_STEP][PASSED] - if (TaxType.equalsIgnoreCase("Estate Tax")): null

2024-11-07 18:05:19 - [TEST_STEP][PASSED] - setText(findTestObject(orPath_Amount + "/input__paymentAmount"), ""): Text '' is set on object 'Object Repository/RAD_Pages/PaymentAmount_Page/input__paymentAmount'

2024-11-07 18:05:20 - [MESSAGE][PASSED] - Text '' is set on object 'Object Repository/RAD_Pages/PaymentAmount_Page/input__paymentAmount'

2024-11-07 18:05:20 - [TEST_STEP][PASSED] - resText = "Fail": null

2024-11-07 18:05:20 - [TEST_STEP][PASSED] - pages.WriteExcel.demoKey(resText, datText, resColumn, datCloumn, fileLoc, nameSheet, row): pages.WriteExcel.demoKey is PASSED

2024-11-07 18:05:20 - [MESSAGE][PASSED] - pages.WriteExcel.demoKey is PASSED

2024-11-07 18:05:20 - [TEST_STEP][PASSED] - verifyTextPresent("Enter business name", true, CONTINUE_ON_FAILURE): Text 'Enter business name' is present on page  using regular expression

2024-11-07 18:05:21 - [MESSAGE][PASSED] - Text 'Enter business name' is present on page  using regular expression

2024-11-07 18:05:21 - [TEST_STEP][PASSED] - verifyTextPresent("Enter business rep first name", true, CONTINUE_ON_FAILURE): Text 'Enter business rep first name' is present on page  using regular expression

2024-11-07 18:05:22 - [MESSAGE][PASSED] - Text 'Enter business rep first name' is present on page  using regular expression

2024-11-07 18:05:22 - [TEST_STEP][PASSED] - verifyTextPresent("Enter business rep last name", true, CONTINUE_ON_FAILURE): Text 'Enter business rep last name' is present on page  using regular expression

2024-11-07 18:05:22 - [MESSAGE][PASSED] - Text 'Enter business rep last name' is present on page  using regular expression

2024-11-07 18:05:22 - [TEST_STEP][PASSED] - verifyTextPresent("Enter address", true, CONTINUE_ON_FAILURE): Text 'Enter address' is present on page  using regular expression

2024-11-07 18:05:22 - [MESSAGE][PASSED] - Text 'Enter address' is present on page  using regular expression

2024-11-07 18:05:22 - [TEST_STEP][PASSED] - verifyTextPresent("Enter city", true, CONTINUE_ON_FAILURE): Text 'Enter city' is present on page  using regular expression

2024-11-07 18:05:23 - [MESSAGE][PASSED] - Text 'Enter city' is present on page  using regular expression

2024-11-07 18:05:23 - [TEST_STEP][PASSED] - verifyTextPresent("Enter ZIP code", true, CONTINUE_ON_FAILURE): Text 'Enter ZIP code' is present on page  using regular expression

2024-11-07 18:05:23 - [MESSAGE][PASSED] - Text 'Enter ZIP code' is present on page  using regular expression

2024-11-07 18:05:23 - [TEST_STEP][PASSED] - verifyTextPresent("Enter a valid phone number", true, CONTINUE_ON_FAILURE): Text 'Enter a valid phone number' is present on page  using regular expression

2024-11-07 18:05:23 - [MESSAGE][PASSED] - Text 'Enter a valid phone number' is present on page  using regular expression

2024-11-07 18:05:23 - [TEST_STEP][PASSED] - verifyTextPresent("Enter Email", true, CONTINUE_ON_FAILURE): Text 'Enter Email' is present on page  using regular expression

2024-11-07 18:05:24 - [MESSAGE][PASSED] - Text 'Enter Email' is present on page  using regular expression

2024-11-07 18:05:24 - [TEST_STEP][PASSED] - if (CRN.equalsIgnoreCase("Y")): null

2024-11-07 18:05:24 - [TEST_STEP][PASSED] - if (MFLicNum.equalsIgnoreCase("Y")): null

2024-11-07 18:05:24 - [TEST_STEP][PASSED] - if (isRequiredTextPresent == true): null

2024-11-07 18:05:24 - [TEST_STEP][FAILED] - else: null

2024-11-07 18:05:24 - [TEST_STEP][PASSED] - println("Some texts are missing"): null

2024-11-07 18:05:24 - [TEST_STEP][FAILED] - markFailed("Some texts are missing"): Some texts are missing

2024-11-07 18:05:24 - [MESSAGE][FAILED] - Some texts are missing

2024-11-07 18:05:24 - [TEST_STEP][PASSED] - resText = "Fail": null

2024-11-07 18:05:24 - [TEST_STEP][PASSED] - pages.WriteExcel.demoKey(resText, datText, resColumn, datCloumn, fileLoc, nameSheet, row): pages.WriteExcel.demoKey is PASSED

2024-11-07 18:05:24 - [MESSAGE][PASSED] - pages.WriteExcel.demoKey is PASSED

2024-11-07 18:05:24 - [TEST_STEP][PASSED] - ExecuteTC = findTestData(dataFile).getValue("Execute", row): null

2024-11-07 18:05:24 - [TEST_STEP][PASSED] - TaxType = findTestData(dataFile).getValue("TaxType", row): null

2024-11-07 18:05:24 - [TEST_STEP][PASSED] - PaymentType = findTestData(dataFile).getValue("PaymentType", row): null

2024-11-07 18:05:24 - [TEST_STEP][PASSED] - feinSsn = findTestData(dataFile).getValue("FEINSSN", row): null

2024-11-07 18:05:24 - [TEST_STEP][PASSED] - CRN = findTestData(dataFile).getValue("CRN", row): null

2024-11-07 18:05:24 - [TEST_STEP][PASSED] - MFLicNum = findTestData(dataFile).getValue("MFLicNum", row): null

2024-11-07 18:05:24 - [TEST_STEP][FAILED] - if (ExecuteTC.equalsIgnoreCase("Y")): null

2024-11-07 18:05:24 - [TEST_STEP][PASSED] - out.println("Begin Record Number: " + row): null

2024-11-07 18:05:24 - [TEST_STEP][PASSED] - today = new java.util.Date(): null

2024-11-07 18:05:24 - [TEST_STEP][PASSED] - println(today): null

2024-11-07 18:05:24 - [TEST_STEP][PASSED] - datText = today: null

2024-11-07 18:05:24 - [TEST_STEP][PASSED] - logInfo("Payment Type: Existing Liability with Notice/Invoice Number"): Payment Type: Existing Liability with Notice/Invoice Number

2024-11-07 18:05:24 - [MESSAGE][INFO] - Payment Type: Existing Liability with Notice/Invoice Number

2024-11-07 18:05:24 - [TEST_STEP][PASSED] - logInfo("Tax Type: " + TaxType): Tax Type: PTE Non-Electing Non-S Corp

2024-11-07 18:05:24 - [MESSAGE][INFO] - Tax Type: PTE Non-Electing Non-S Corp

2024-11-07 18:05:24 - [TEST_STEP][PASSED] - openBrowser(""): Browser is opened with url: ''

2024-11-07 18:05:24 - [MESSAGE][WARNING] - A browser is already opened. Closing browser and opening a new one

2024-11-07 18:05:27 - [MESSAGE][INFO] - Starting 'Chrome' driver

2024-11-07 18:05:27 - [MESSAGE][INFO] - User set preference: ['acceptInsecureCerts', 'true']

2024-11-07 18:05:27 - [MESSAGE][INFO] - Action delay is set to 0 milliseconds

2024-11-07 18:05:29 - [MESSAGE][PASSED] - Browser is opened with url: ''

2024-11-07 18:05:29 - [TEST_STEP][PASSED] - maximizeWindow(): Current window maximized

2024-11-07 18:05:29 - [MESSAGE][PASSED] - Current window maximized

2024-11-07 18:05:29 - [TEST_STEP][PASSED] - navigateToUrl(RADurl): Navigate to 'https://www.velocitypayment.com/client/rad/index.html' successfully

2024-11-07 18:05:33 - [MESSAGE][PASSED] - Navigate to 'https://www.velocitypayment.com/client/rad/index.html' successfully

2024-11-07 18:05:33 - [TEST_STEP][PASSED] - selectOptionByLabel(findTestObject(orPath_Landing + "/dd_TaxType"), "Existing Liability with Notice/Invoice Number", false): All options with label 'Existing Liability with Notice/Invoice Number' are selected in object 'Object Repository/RAD_Pages/Landing_Page/dd_TaxType' 

2024-11-07 18:05:33 - [MESSAGE][PASSED] - All options with label 'Existing Liability with Notice/Invoice Number' are selected in object 'Object Repository/RAD_Pages/Landing_Page/dd_TaxType' 

2024-11-07 18:05:33 - [TEST_STEP][PASSED] - selectOptionByLabel(findTestObject(orPath_TaxTypeFilingYear + "/select_TaxType_ExistingLiability"), TaxType, false): All options with label 'PTE Non-Electing Non-S Corp' are selected in object 'Object Repository/RAD_Pages/TaxTypeFilingYear_Page/select_TaxType_ExistingLiability' 

2024-11-07 18:05:34 - [MESSAGE][PASSED] - All options with label 'PTE Non-Electing Non-S Corp' are selected in object 'Object Repository/RAD_Pages/TaxTypeFilingYear_Page/select_TaxType_ExistingLiability' 

2024-11-07 18:05:34 - [TEST_STEP][PASSED] - setText(findTestObject(orPath_TaxPayer + "/input_businessName"), " "): Text ' ' is set on object 'Object Repository/RAD_Pages/Taxpayer_Page/input_businessName'

2024-11-07 18:05:35 - [MESSAGE][PASSED] - Text ' ' is set on object 'Object Repository/RAD_Pages/Taxpayer_Page/input_businessName'

2024-11-07 18:05:35 - [TEST_STEP][PASSED] - setText(findTestObject(orPath_TaxPayer + "/input_BusinessRepfirstName"), " "): Text ' ' is set on object 'Object Repository/RAD_Pages/Taxpayer_Page/input_BusinessRepfirstName'

2024-11-07 18:05:36 - [MESSAGE][PASSED] - Text ' ' is set on object 'Object Repository/RAD_Pages/Taxpayer_Page/input_BusinessRepfirstName'

2024-11-07 18:05:36 - [TEST_STEP][PASSED] - setText(findTestObject(orPath_TaxPayer + "/input_BusinessReplastName"), " "): Text ' ' is set on object 'Object Repository/RAD_Pages/Taxpayer_Page/input_BusinessReplastName'

2024-11-07 18:05:36 - [MESSAGE][PASSED] - Text ' ' is set on object 'Object Repository/RAD_Pages/Taxpayer_Page/input_BusinessReplastName'

2024-11-07 18:05:36 - [TEST_STEP][PASSED] - setText(findTestObject(orPath_AddressContact + "/input_streetAddress1"), " "): Text ' ' is set on object 'Object Repository/RAD_Pages/AddressAndContactInfo_Page/input_streetAddress1'

2024-11-07 18:05:37 - [MESSAGE][PASSED] - Text ' ' is set on object 'Object Repository/RAD_Pages/AddressAndContactInfo_Page/input_streetAddress1'

2024-11-07 18:05:37 - [TEST_STEP][PASSED] - setText(findTestObject(orPath_AddressContact + "/input_city"), " "): Text ' ' is set on object 'Object Repository/RAD_Pages/AddressAndContactInfo_Page/input_city'

2024-11-07 18:05:38 - [MESSAGE][PASSED] - Text ' ' is set on object 'Object Repository/RAD_Pages/AddressAndContactInfo_Page/input_city'

2024-11-07 18:05:38 - [TEST_STEP][PASSED] - setText(findTestObject(orPath_AddressContact + "/input_zipCode"), " "): Text ' ' is set on object 'Object Repository/RAD_Pages/AddressAndContactInfo_Page/input_zipCode'

2024-11-07 18:05:38 - [MESSAGE][PASSED] - Text ' ' is set on object 'Object Repository/RAD_Pages/AddressAndContactInfo_Page/input_zipCode'

2024-11-07 18:05:38 - [TEST_STEP][PASSED] - setText(findTestObject(orPath_AddressContact + "/input_phoneNumber"), " "): Text ' ' is set on object 'Object Repository/RAD_Pages/AddressAndContactInfo_Page/input_phoneNumber'

2024-11-07 18:05:39 - [MESSAGE][PASSED] - Text ' ' is set on object 'Object Repository/RAD_Pages/AddressAndContactInfo_Page/input_phoneNumber'

2024-11-07 18:05:39 - [TEST_STEP][PASSED] - setText(findTestObject(orPath_AddressContact + "/input_eMailAddress"), " "): Text ' ' is set on object 'Object Repository/RAD_Pages/AddressAndContactInfo_Page/input_eMailAddress'

2024-11-07 18:05:40 - [MESSAGE][PASSED] - Text ' ' is set on object 'Object Repository/RAD_Pages/AddressAndContactInfo_Page/input_eMailAddress'

2024-11-07 18:05:40 - [TEST_STEP][PASSED] - setText(findTestObject(orPath_AddressContact + "/input_reEnterEMailAddress"), " "): Text ' ' is set on object 'Object Repository/RAD_Pages/AddressAndContactInfo_Page/input_reEnterEMailAddress'

2024-11-07 18:05:41 - [MESSAGE][PASSED] - Text ' ' is set on object 'Object Repository/RAD_Pages/AddressAndContactInfo_Page/input_reEnterEMailAddress'

2024-11-07 18:05:41 - [TEST_STEP][PASSED] - if (TaxType.equalsIgnoreCase("Estate Tax")): null

2024-11-07 18:05:41 - [TEST_STEP][PASSED] - setText(findTestObject(orPath_Amount + "/input__paymentAmount"), ""): Text '' is set on object 'Object Repository/RAD_Pages/PaymentAmount_Page/input__paymentAmount'

2024-11-07 18:05:42 - [MESSAGE][PASSED] - Text '' is set on object 'Object Repository/RAD_Pages/PaymentAmount_Page/input__paymentAmount'

2024-11-07 18:05:42 - [TEST_STEP][PASSED] - resText = "Fail": null

2024-11-07 18:05:42 - [TEST_STEP][PASSED] - pages.WriteExcel.demoKey(resText, datText, resColumn, datCloumn, fileLoc, nameSheet, row): pages.WriteExcel.demoKey is PASSED

2024-11-07 18:05:42 - [MESSAGE][PASSED] - pages.WriteExcel.demoKey is PASSED

2024-11-07 18:05:42 - [TEST_STEP][PASSED] - verifyTextPresent("Enter business name", true, CONTINUE_ON_FAILURE): Text 'Enter business name' is present on page  using regular expression

2024-11-07 18:05:43 - [MESSAGE][PASSED] - Text 'Enter business name' is present on page  using regular expression

2024-11-07 18:05:43 - [TEST_STEP][PASSED] - verifyTextPresent("Enter business rep first name", true, CONTINUE_ON_FAILURE): Text 'Enter business rep first name' is present on page  using regular expression

2024-11-07 18:05:43 - [MESSAGE][PASSED] - Text 'Enter business rep first name' is present on page  using regular expression

2024-11-07 18:05:43 - [TEST_STEP][PASSED] - verifyTextPresent("Enter business rep last name", true, CONTINUE_ON_FAILURE): Text 'Enter business rep last name' is present on page  using regular expression

2024-11-07 18:05:43 - [MESSAGE][PASSED] - Text 'Enter business rep last name' is present on page  using regular expression

2024-11-07 18:05:43 - [TEST_STEP][PASSED] - verifyTextPresent("Enter address", true, CONTINUE_ON_FAILURE): Text 'Enter address' is present on page  using regular expression

2024-11-07 18:05:44 - [MESSAGE][PASSED] - Text 'Enter address' is present on page  using regular expression

2024-11-07 18:05:44 - [TEST_STEP][PASSED] - verifyTextPresent("Enter city", true, CONTINUE_ON_FAILURE): Text 'Enter city' is present on page  using regular expression

2024-11-07 18:05:44 - [MESSAGE][PASSED] - Text 'Enter city' is present on page  using regular expression

2024-11-07 18:05:44 - [TEST_STEP][PASSED] - verifyTextPresent("Enter ZIP code", true, CONTINUE_ON_FAILURE): Text 'Enter ZIP code' is present on page  using regular expression

2024-11-07 18:05:45 - [MESSAGE][PASSED] - Text 'Enter ZIP code' is present on page  using regular expression

2024-11-07 18:05:45 - [TEST_STEP][PASSED] - verifyTextPresent("Enter a valid phone number", true, CONTINUE_ON_FAILURE): Text 'Enter a valid phone number' is present on page  using regular expression

2024-11-07 18:05:45 - [MESSAGE][PASSED] - Text 'Enter a valid phone number' is present on page  using regular expression

2024-11-07 18:05:45 - [TEST_STEP][PASSED] - verifyTextPresent("Enter Email", true, CONTINUE_ON_FAILURE): Text 'Enter Email' is present on page  using regular expression

2024-11-07 18:05:45 - [MESSAGE][PASSED] - Text 'Enter Email' is present on page  using regular expression

2024-11-07 18:05:45 - [TEST_STEP][PASSED] - if (CRN.equalsIgnoreCase("Y")): null

2024-11-07 18:05:45 - [TEST_STEP][PASSED] - if (MFLicNum.equalsIgnoreCase("Y")): null

2024-11-07 18:05:45 - [TEST_STEP][PASSED] - if (isRequiredTextPresent == true): null

2024-11-07 18:05:45 - [TEST_STEP][FAILED] - else: null

2024-11-07 18:05:45 - [TEST_STEP][PASSED] - println("Some texts are missing"): null

2024-11-07 18:05:45 - [TEST_STEP][FAILED] - markFailed("Some texts are missing"): Some texts are missing

2024-11-07 18:05:45 - [MESSAGE][FAILED] - Some texts are missing

2024-11-07 18:05:45 - [TEST_STEP][PASSED] - resText = "Fail": null

2024-11-07 18:05:45 - [TEST_STEP][PASSED] - pages.WriteExcel.demoKey(resText, datText, resColumn, datCloumn, fileLoc, nameSheet, row): pages.WriteExcel.demoKey is PASSED

2024-11-07 18:05:45 - [MESSAGE][PASSED] - pages.WriteExcel.demoKey is PASSED

2024-11-07 18:05:45 - [TEST_STEP][PASSED] - ExecuteTC = findTestData(dataFile).getValue("Execute", row): null

2024-11-07 18:05:46 - [TEST_STEP][PASSED] - TaxType = findTestData(dataFile).getValue("TaxType", row): null

2024-11-07 18:05:46 - [TEST_STEP][PASSED] - PaymentType = findTestData(dataFile).getValue("PaymentType", row): null

2024-11-07 18:05:46 - [TEST_STEP][PASSED] - feinSsn = findTestData(dataFile).getValue("FEINSSN", row): null

2024-11-07 18:05:46 - [TEST_STEP][PASSED] - CRN = findTestData(dataFile).getValue("CRN", row): null

2024-11-07 18:05:46 - [TEST_STEP][PASSED] - MFLicNum = findTestData(dataFile).getValue("MFLicNum", row): null

2024-11-07 18:05:46 - [TEST_STEP][FAILED] - if (ExecuteTC.equalsIgnoreCase("Y")): null

2024-11-07 18:05:46 - [TEST_STEP][PASSED] - out.println("Begin Record Number: " + row): null

2024-11-07 18:05:46 - [TEST_STEP][PASSED] - today = new java.util.Date(): null

2024-11-07 18:05:46 - [TEST_STEP][PASSED] - println(today): null

2024-11-07 18:05:46 - [TEST_STEP][PASSED] - datText = today: null

2024-11-07 18:05:46 - [TEST_STEP][PASSED] - logInfo("Payment Type: Existing Liability with Notice/Invoice Number"): Payment Type: Existing Liability with Notice/Invoice Number

2024-11-07 18:05:46 - [MESSAGE][INFO] - Payment Type: Existing Liability with Notice/Invoice Number

2024-11-07 18:05:46 - [TEST_STEP][PASSED] - logInfo("Tax Type: " + TaxType): Tax Type: PTE Non-Electing S Corp

2024-11-07 18:05:46 - [MESSAGE][INFO] - Tax Type: PTE Non-Electing S Corp

2024-11-07 18:05:46 - [TEST_STEP][PASSED] - openBrowser(""): Browser is opened with url: ''

2024-11-07 18:05:46 - [MESSAGE][WARNING] - A browser is already opened. Closing browser and opening a new one

2024-11-07 18:05:48 - [MESSAGE][INFO] - Starting 'Chrome' driver

2024-11-07 18:05:48 - [MESSAGE][INFO] - User set preference: ['acceptInsecureCerts', 'true']

2024-11-07 18:05:48 - [MESSAGE][INFO] - Action delay is set to 0 milliseconds

2024-11-07 18:05:50 - [MESSAGE][PASSED] - Browser is opened with url: ''

2024-11-07 18:05:50 - [TEST_STEP][PASSED] - maximizeWindow(): Current window maximized

2024-11-07 18:05:50 - [MESSAGE][PASSED] - Current window maximized

2024-11-07 18:05:50 - [TEST_STEP][PASSED] - navigateToUrl(RADurl): Navigate to 'https://www.velocitypayment.com/client/rad/index.html' successfully

2024-11-07 18:05:50 - [MESSAGE][PASSED] - Navigate to 'https://www.velocitypayment.com/client/rad/index.html' successfully

2024-11-07 18:05:50 - [TEST_STEP][PASSED] - selectOptionByLabel(findTestObject(orPath_Landing + "/dd_TaxType"), "Existing Liability with Notice/Invoice Number", false): All options with label 'Existing Liability with Notice/Invoice Number' are selected in object 'Object Repository/RAD_Pages/Landing_Page/dd_TaxType' 

2024-11-07 18:05:53 - [MESSAGE][PASSED] - All options with label 'Existing Liability with Notice/Invoice Number' are selected in object 'Object Repository/RAD_Pages/Landing_Page/dd_TaxType' 

2024-11-07 18:05:53 - [TEST_STEP][PASSED] - selectOptionByLabel(findTestObject(orPath_TaxTypeFilingYear + "/select_TaxType_ExistingLiability"), TaxType, false): All options with label 'PTE Non-Electing S Corp' are selected in object 'Object Repository/RAD_Pages/TaxTypeFilingYear_Page/select_TaxType_ExistingLiability' 

2024-11-07 18:05:54 - [MESSAGE][PASSED] - All options with label 'PTE Non-Electing S Corp' are selected in object 'Object Repository/RAD_Pages/TaxTypeFilingYear_Page/select_TaxType_ExistingLiability' 

2024-11-07 18:05:54 - [TEST_STEP][PASSED] - setText(findTestObject(orPath_TaxPayer + "/input_businessName"), " "): Text ' ' is set on object 'Object Repository/RAD_Pages/Taxpayer_Page/input_businessName'

2024-11-07 18:05:55 - [MESSAGE][PASSED] - Text ' ' is set on object 'Object Repository/RAD_Pages/Taxpayer_Page/input_businessName'

2024-11-07 18:05:55 - [TEST_STEP][PASSED] - setText(findTestObject(orPath_TaxPayer + "/input_BusinessRepfirstName"), " "): Text ' ' is set on object 'Object Repository/RAD_Pages/Taxpayer_Page/input_BusinessRepfirstName'

2024-11-07 18:05:56 - [MESSAGE][PASSED] - Text ' ' is set on object 'Object Repository/RAD_Pages/Taxpayer_Page/input_BusinessRepfirstName'

2024-11-07 18:05:56 - [TEST_STEP][PASSED] - setText(findTestObject(orPath_TaxPayer + "/input_BusinessReplastName"), " "): Text ' ' is set on object 'Object Repository/RAD_Pages/Taxpayer_Page/input_BusinessReplastName'

2024-11-07 18:05:56 - [MESSAGE][PASSED] - Text ' ' is set on object 'Object Repository/RAD_Pages/Taxpayer_Page/input_BusinessReplastName'

2024-11-07 18:05:56 - [TEST_STEP][PASSED] - setText(findTestObject(orPath_AddressContact + "/input_streetAddress1"), " "): Text ' ' is set on object 'Object Repository/RAD_Pages/AddressAndContactInfo_Page/input_streetAddress1'

2024-11-07 18:05:57 - [MESSAGE][PASSED] - Text ' ' is set on object 'Object Repository/RAD_Pages/AddressAndContactInfo_Page/input_streetAddress1'

2024-11-07 18:05:57 - [TEST_STEP][PASSED] - setText(findTestObject(orPath_AddressContact + "/input_city"), " "): Text ' ' is set on object 'Object Repository/RAD_Pages/AddressAndContactInfo_Page/input_city'

2024-11-07 18:05:58 - [MESSAGE][PASSED] - Text ' ' is set on object 'Object Repository/RAD_Pages/AddressAndContactInfo_Page/input_city'

2024-11-07 18:05:58 - [TEST_STEP][PASSED] - setText(findTestObject(orPath_AddressContact + "/input_zipCode"), " "): Text ' ' is set on object 'Object Repository/RAD_Pages/AddressAndContactInfo_Page/input_zipCode'

2024-11-07 18:05:59 - [MESSAGE][PASSED] - Text ' ' is set on object 'Object Repository/RAD_Pages/AddressAndContactInfo_Page/input_zipCode'

2024-11-07 18:05:59 - [TEST_STEP][PASSED] - setText(findTestObject(orPath_AddressContact + "/input_phoneNumber"), " "): Text ' ' is set on object 'Object Repository/RAD_Pages/AddressAndContactInfo_Page/input_phoneNumber'

2024-11-07 18:05:59 - [MESSAGE][PASSED] - Text ' ' is set on object 'Object Repository/RAD_Pages/AddressAndContactInfo_Page/input_phoneNumber'

2024-11-07 18:05:59 - [TEST_STEP][PASSED] - setText(findTestObject(orPath_AddressContact + "/input_eMailAddress"), " "): Text ' ' is set on object 'Object Repository/RAD_Pages/AddressAndContactInfo_Page/input_eMailAddress'

2024-11-07 18:06:00 - [MESSAGE][PASSED] - Text ' ' is set on object 'Object Repository/RAD_Pages/AddressAndContactInfo_Page/input_eMailAddress'

2024-11-07 18:06:00 - [TEST_STEP][PASSED] - setText(findTestObject(orPath_AddressContact + "/input_reEnterEMailAddress"), " "): Text ' ' is set on object 'Object Repository/RAD_Pages/AddressAndContactInfo_Page/input_reEnterEMailAddress'

2024-11-07 18:06:01 - [MESSAGE][PASSED] - Text ' ' is set on object 'Object Repository/RAD_Pages/AddressAndContactInfo_Page/input_reEnterEMailAddress'

2024-11-07 18:06:01 - [TEST_STEP][PASSED] - if (TaxType.equalsIgnoreCase("Estate Tax")): null

2024-11-07 18:06:01 - [TEST_STEP][PASSED] - setText(findTestObject(orPath_Amount + "/input__paymentAmount"), ""): Text '' is set on object 'Object Repository/RAD_Pages/PaymentAmount_Page/input__paymentAmount'

2024-11-07 18:06:02 - [MESSAGE][PASSED] - Text '' is set on object 'Object Repository/RAD_Pages/PaymentAmount_Page/input__paymentAmount'

2024-11-07 18:06:02 - [TEST_STEP][PASSED] - resText = "Fail": null

2024-11-07 18:06:02 - [TEST_STEP][PASSED] - pages.WriteExcel.demoKey(resText, datText, resColumn, datCloumn, fileLoc, nameSheet, row): pages.WriteExcel.demoKey is PASSED

2024-11-07 18:06:02 - [MESSAGE][PASSED] - pages.WriteExcel.demoKey is PASSED

2024-11-07 18:06:02 - [TEST_STEP][PASSED] - verifyTextPresent("Enter business name", true, CONTINUE_ON_FAILURE): Text 'Enter business name' is present on page  using regular expression

2024-11-07 18:06:02 - [MESSAGE][PASSED] - Text 'Enter business name' is present on page  using regular expression

2024-11-07 18:06:02 - [TEST_STEP][PASSED] - verifyTextPresent("Enter business rep first name", true, CONTINUE_ON_FAILURE): Text 'Enter business rep first name' is present on page  using regular expression

2024-11-07 18:06:03 - [MESSAGE][PASSED] - Text 'Enter business rep first name' is present on page  using regular expression

2024-11-07 18:06:03 - [TEST_STEP][PASSED] - verifyTextPresent("Enter business rep last name", true, CONTINUE_ON_FAILURE): Text 'Enter business rep last name' is present on page  using regular expression

2024-11-07 18:06:03 - [MESSAGE][PASSED] - Text 'Enter business rep last name' is present on page  using regular expression

2024-11-07 18:06:03 - [TEST_STEP][PASSED] - verifyTextPresent("Enter address", true, CONTINUE_ON_FAILURE): Text 'Enter address' is present on page  using regular expression

2024-11-07 18:06:03 - [MESSAGE][PASSED] - Text 'Enter address' is present on page  using regular expression

2024-11-07 18:06:03 - [TEST_STEP][PASSED] - verifyTextPresent("Enter city", true, CONTINUE_ON_FAILURE): Text 'Enter city' is present on page  using regular expression

2024-11-07 18:06:04 - [MESSAGE][PASSED] - Text 'Enter city' is present on page  using regular expression

2024-11-07 18:06:04 - [TEST_STEP][PASSED] - verifyTextPresent("Enter ZIP code", true, CONTINUE_ON_FAILURE): Text 'Enter ZIP code' is present on page  using regular expression

2024-11-07 18:06:04 - [MESSAGE][PASSED] - Text 'Enter ZIP code' is present on page  using regular expression

2024-11-07 18:06:04 - [TEST_STEP][PASSED] - verifyTextPresent("Enter a valid phone number", true, CONTINUE_ON_FAILURE): Text 'Enter a valid phone number' is present on page  using regular expression

2024-11-07 18:06:05 - [MESSAGE][PASSED] - Text 'Enter a valid phone number' is present on page  using regular expression

2024-11-07 18:06:05 - [TEST_STEP][PASSED] - verifyTextPresent("Enter Email", true, CONTINUE_ON_FAILURE): Text 'Enter Email' is present on page  using regular expression

2024-11-07 18:06:05 - [MESSAGE][PASSED] - Text 'Enter Email' is present on page  using regular expression

2024-11-07 18:06:05 - [TEST_STEP][PASSED] - if (CRN.equalsIgnoreCase("Y")): null

2024-11-07 18:06:05 - [TEST_STEP][PASSED] - if (MFLicNum.equalsIgnoreCase("Y")): null

2024-11-07 18:06:05 - [TEST_STEP][PASSED] - if (isRequiredTextPresent == true): null

2024-11-07 18:06:05 - [TEST_STEP][FAILED] - else: null

2024-11-07 18:06:05 - [TEST_STEP][PASSED] - println("Some texts are missing"): null

2024-11-07 18:06:05 - [TEST_STEP][FAILED] - markFailed("Some texts are missing"): Some texts are missing

2024-11-07 18:06:05 - [MESSAGE][FAILED] - Some texts are missing

2024-11-07 18:06:05 - [TEST_STEP][PASSED] - resText = "Fail": null

2024-11-07 18:06:05 - [TEST_STEP][PASSED] - pages.WriteExcel.demoKey(resText, datText, resColumn, datCloumn, fileLoc, nameSheet, row): pages.WriteExcel.demoKey is PASSED

2024-11-07 18:06:05 - [MESSAGE][PASSED] - pages.WriteExcel.demoKey is PASSED

2024-11-07 18:06:05 - [TEST_STEP][PASSED] - ExecuteTC = findTestData(dataFile).getValue("Execute", row): null

2024-11-07 18:06:05 - [TEST_STEP][PASSED] - TaxType = findTestData(dataFile).getValue("TaxType", row): null

2024-11-07 18:06:05 - [TEST_STEP][PASSED] - PaymentType = findTestData(dataFile).getValue("PaymentType", row): null

2024-11-07 18:06:06 - [TEST_STEP][PASSED] - feinSsn = findTestData(dataFile).getValue("FEINSSN", row): null

2024-11-07 18:06:06 - [TEST_STEP][PASSED] - CRN = findTestData(dataFile).getValue("CRN", row): null

2024-11-07 18:06:06 - [TEST_STEP][PASSED] - MFLicNum = findTestData(dataFile).getValue("MFLicNum", row): null

2024-11-07 18:06:06 - [TEST_STEP][PASSED] - if (ExecuteTC.equalsIgnoreCase("Y")): pages.WriteExcel.demoKey is PASSED

2024-11-07 18:06:06 - [TEST_STEP][PASSED] - out.println("Begin Record Number: " + row): null

2024-11-07 18:06:06 - [TEST_STEP][PASSED] - today = new java.util.Date(): null

2024-11-07 18:06:06 - [TEST_STEP][PASSED] - println(today): null

2024-11-07 18:06:06 - [TEST_STEP][PASSED] - datText = today: null

2024-11-07 18:06:06 - [TEST_STEP][PASSED] - logInfo("Payment Type: Existing Liability with Notice/Invoice Number"): Payment Type: Existing Liability with Notice/Invoice Number

2024-11-07 18:06:06 - [MESSAGE][INFO] - Payment Type: Existing Liability with Notice/Invoice Number

2024-11-07 18:06:06 - [TEST_STEP][PASSED] - logInfo("Tax Type: " + TaxType): Tax Type: Sales & Use Tax

2024-11-07 18:06:06 - [MESSAGE][INFO] - Tax Type: Sales & Use Tax

2024-11-07 18:06:06 - [TEST_STEP][PASSED] - openBrowser(""): Browser is opened with url: ''

2024-11-07 18:06:06 - [MESSAGE][WARNING] - A browser is already opened. Closing browser and opening a new one

2024-11-07 18:06:08 - [MESSAGE][INFO] - Starting 'Chrome' driver

2024-11-07 18:06:08 - [MESSAGE][INFO] - User set preference: ['acceptInsecureCerts', 'true']

2024-11-07 18:06:08 - [MESSAGE][INFO] - Action delay is set to 0 milliseconds

2024-11-07 18:06:10 - [MESSAGE][PASSED] - Browser is opened with url: ''

2024-11-07 18:06:10 - [TEST_STEP][PASSED] - maximizeWindow(): Current window maximized

2024-11-07 18:06:10 - [MESSAGE][PASSED] - Current window maximized

2024-11-07 18:06:10 - [TEST_STEP][PASSED] - navigateToUrl(RADurl): Navigate to 'https://www.velocitypayment.com/client/rad/index.html' successfully

2024-11-07 18:06:12 - [MESSAGE][PASSED] - Navigate to 'https://www.velocitypayment.com/client/rad/index.html' successfully

2024-11-07 18:06:12 - [TEST_STEP][PASSED] - selectOptionByLabel(findTestObject(orPath_Landing + "/dd_TaxType"), "Existing Liability with Notice/Invoice Number", false): All options with label 'Existing Liability with Notice/Invoice Number' are selected in object 'Object Repository/RAD_Pages/Landing_Page/dd_TaxType' 

2024-11-07 18:06:13 - [MESSAGE][PASSED] - All options with label 'Existing Liability with Notice/Invoice Number' are selected in object 'Object Repository/RAD_Pages/Landing_Page/dd_TaxType' 

2024-11-07 18:06:13 - [TEST_STEP][PASSED] - selectOptionByLabel(findTestObject(orPath_TaxTypeFilingYear + "/select_TaxType_ExistingLiability"), TaxType, false): All options with label 'Sales & Use Tax' are selected in object 'Object Repository/RAD_Pages/TaxTypeFilingYear_Page/select_TaxType_ExistingLiability' 

2024-11-07 18:06:14 - [MESSAGE][PASSED] - All options with label 'Sales & Use Tax' are selected in object 'Object Repository/RAD_Pages/TaxTypeFilingYear_Page/select_TaxType_ExistingLiability' 

2024-11-07 18:06:14 - [TEST_STEP][PASSED] - setText(findTestObject(orPath_TaxPayer + "/input_businessName"), " "): Text ' ' is set on object 'Object Repository/RAD_Pages/Taxpayer_Page/input_businessName'

2024-11-07 18:06:15 - [MESSAGE][PASSED] - Text ' ' is set on object 'Object Repository/RAD_Pages/Taxpayer_Page/input_businessName'

2024-11-07 18:06:15 - [TEST_STEP][PASSED] - setText(findTestObject(orPath_TaxPayer + "/input_BusinessRepfirstName"), " "): Text ' ' is set on object 'Object Repository/RAD_Pages/Taxpayer_Page/input_BusinessRepfirstName'

2024-11-07 18:06:15 - [MESSAGE][PASSED] - Text ' ' is set on object 'Object Repository/RAD_Pages/Taxpayer_Page/input_BusinessRepfirstName'

2024-11-07 18:06:15 - [TEST_STEP][PASSED] - setText(findTestObject(orPath_TaxPayer + "/input_BusinessReplastName"), " "): Text ' ' is set on object 'Object Repository/RAD_Pages/Taxpayer_Page/input_BusinessReplastName'

2024-11-07 18:06:16 - [MESSAGE][PASSED] - Text ' ' is set on object 'Object Repository/RAD_Pages/Taxpayer_Page/input_BusinessReplastName'

2024-11-07 18:06:16 - [TEST_STEP][PASSED] - setText(findTestObject(orPath_AddressContact + "/input_streetAddress1"), " "): Text ' ' is set on object 'Object Repository/RAD_Pages/AddressAndContactInfo_Page/input_streetAddress1'

2024-11-07 18:06:17 - [MESSAGE][PASSED] - Text ' ' is set on object 'Object Repository/RAD_Pages/AddressAndContactInfo_Page/input_streetAddress1'

2024-11-07 18:06:17 - [TEST_STEP][PASSED] - setText(findTestObject(orPath_AddressContact + "/input_city"), " "): Text ' ' is set on object 'Object Repository/RAD_Pages/AddressAndContactInfo_Page/input_city'

2024-11-07 18:06:17 - [MESSAGE][PASSED] - Text ' ' is set on object 'Object Repository/RAD_Pages/AddressAndContactInfo_Page/input_city'

2024-11-07 18:06:17 - [TEST_STEP][PASSED] - setText(findTestObject(orPath_AddressContact + "/input_zipCode"), " "): Text ' ' is set on object 'Object Repository/RAD_Pages/AddressAndContactInfo_Page/input_zipCode'

2024-11-07 18:06:18 - [MESSAGE][PASSED] - Text ' ' is set on object 'Object Repository/RAD_Pages/AddressAndContactInfo_Page/input_zipCode'

2024-11-07 18:06:18 - [TEST_STEP][PASSED] - setText(findTestObject(orPath_AddressContact + "/input_phoneNumber"), " "): Text ' ' is set on object 'Object Repository/RAD_Pages/AddressAndContactInfo_Page/input_phoneNumber'

2024-11-07 18:06:19 - [MESSAGE][PASSED] - Text ' ' is set on object 'Object Repository/RAD_Pages/AddressAndContactInfo_Page/input_phoneNumber'

2024-11-07 18:06:19 - [TEST_STEP][PASSED] - setText(findTestObject(orPath_AddressContact + "/input_eMailAddress"), " "): Text ' ' is set on object 'Object Repository/RAD_Pages/AddressAndContactInfo_Page/input_eMailAddress'

2024-11-07 18:06:20 - [MESSAGE][PASSED] - Text ' ' is set on object 'Object Repository/RAD_Pages/AddressAndContactInfo_Page/input_eMailAddress'

2024-11-07 18:06:20 - [TEST_STEP][PASSED] - setText(findTestObject(orPath_AddressContact + "/input_reEnterEMailAddress"), " "): Text ' ' is set on object 'Object Repository/RAD_Pages/AddressAndContactInfo_Page/input_reEnterEMailAddress'

2024-11-07 18:06:21 - [MESSAGE][PASSED] - Text ' ' is set on object 'Object Repository/RAD_Pages/AddressAndContactInfo_Page/input_reEnterEMailAddress'

2024-11-07 18:06:21 - [TEST_STEP][PASSED] - if (TaxType.equalsIgnoreCase("Estate Tax")): null

2024-11-07 18:06:21 - [TEST_STEP][PASSED] - setText(findTestObject(orPath_Amount + "/input__paymentAmount"), ""): Text '' is set on object 'Object Repository/RAD_Pages/PaymentAmount_Page/input__paymentAmount'

2024-11-07 18:06:22 - [MESSAGE][PASSED] - Text '' is set on object 'Object Repository/RAD_Pages/PaymentAmount_Page/input__paymentAmount'

2024-11-07 18:06:22 - [TEST_STEP][PASSED] - resText = "Fail": null

2024-11-07 18:06:22 - [TEST_STEP][PASSED] - pages.WriteExcel.demoKey(resText, datText, resColumn, datCloumn, fileLoc, nameSheet, row): pages.WriteExcel.demoKey is PASSED

2024-11-07 18:06:22 - [MESSAGE][PASSED] - pages.WriteExcel.demoKey is PASSED

2024-11-07 18:06:22 - [TEST_STEP][PASSED] - verifyTextPresent("Enter business name", true, CONTINUE_ON_FAILURE): Text 'Enter business name' is present on page  using regular expression

2024-11-07 18:06:22 - [MESSAGE][PASSED] - Text 'Enter business name' is present on page  using regular expression

2024-11-07 18:06:22 - [TEST_STEP][PASSED] - verifyTextPresent("Enter business rep first name", true, CONTINUE_ON_FAILURE): Text 'Enter business rep first name' is present on page  using regular expression

2024-11-07 18:06:23 - [MESSAGE][PASSED] - Text 'Enter business rep first name' is present on page  using regular expression

2024-11-07 18:06:23 - [TEST_STEP][PASSED] - verifyTextPresent("Enter business rep last name", true, CONTINUE_ON_FAILURE): Text 'Enter business rep last name' is present on page  using regular expression

2024-11-07 18:06:23 - [MESSAGE][PASSED] - Text 'Enter business rep last name' is present on page  using regular expression

2024-11-07 18:06:23 - [TEST_STEP][PASSED] - verifyTextPresent("Enter address", true, CONTINUE_ON_FAILURE): Text 'Enter address' is present on page  using regular expression

2024-11-07 18:06:24 - [MESSAGE][PASSED] - Text 'Enter address' is present on page  using regular expression

2024-11-07 18:06:24 - [TEST_STEP][PASSED] - verifyTextPresent("Enter city", true, CONTINUE_ON_FAILURE): Text 'Enter city' is present on page  using regular expression

2024-11-07 18:06:24 - [MESSAGE][PASSED] - Text 'Enter city' is present on page  using regular expression

2024-11-07 18:06:24 - [TEST_STEP][PASSED] - verifyTextPresent("Enter ZIP code", true, CONTINUE_ON_FAILURE): Text 'Enter ZIP code' is present on page  using regular expression

2024-11-07 18:06:24 - [MESSAGE][PASSED] - Text 'Enter ZIP code' is present on page  using regular expression

2024-11-07 18:06:24 - [TEST_STEP][PASSED] - verifyTextPresent("Enter a valid phone number", true, CONTINUE_ON_FAILURE): Text 'Enter a valid phone number' is present on page  using regular expression

2024-11-07 18:06:25 - [MESSAGE][PASSED] - Text 'Enter a valid phone number' is present on page  using regular expression

2024-11-07 18:06:25 - [TEST_STEP][PASSED] - verifyTextPresent("Enter Email", true, CONTINUE_ON_FAILURE): Text 'Enter Email' is present on page  using regular expression

2024-11-07 18:06:25 - [MESSAGE][PASSED] - Text 'Enter Email' is present on page  using regular expression

2024-11-07 18:06:25 - [TEST_STEP][PASSED] - if (CRN.equalsIgnoreCase("Y")): null

2024-11-07 18:06:25 - [TEST_STEP][PASSED] - setText(findTestObject(orPath_TaxInfo + "/input_MDCRegistrationEL"), " "): Text ' ' is set on object 'Object Repository/RAD_Pages/TaxInfo_Page/input_MDCRegistrationEL'

2024-11-07 18:06:26 - [MESSAGE][PASSED] - Text ' ' is set on object 'Object Repository/RAD_Pages/TaxInfo_Page/input_MDCRegistrationEL'

2024-11-07 18:06:26 - [TEST_STEP][PASSED] - setText(findTestObject(orPath_Amount + "/input__paymentAmount"), ""): Text '' is set on object 'Object Repository/RAD_Pages/PaymentAmount_Page/input__paymentAmount'

2024-11-07 18:06:26 - [MESSAGE][PASSED] - Text '' is set on object 'Object Repository/RAD_Pages/PaymentAmount_Page/input__paymentAmount'

2024-11-07 18:06:26 - [TEST_STEP][PASSED] - if (verifyTextPresent("Enter valid MD Central Registration Number", false)): null

2024-11-07 18:06:27 - [MESSAGE][PASSED] - Text 'Enter valid MD Central Registration Number' is present on page 

2024-11-07 18:06:27 - [TEST_STEP][PASSED] - isRequiredTextPresent = true: null

2024-11-07 18:06:27 - [TEST_STEP][PASSED] - if (MFLicNum.equalsIgnoreCase("Y")): null

2024-11-07 18:06:27 - [TEST_STEP][PASSED] - if (isRequiredTextPresent == true): pages.WriteExcel.demoKey is PASSED

2024-11-07 18:06:27 - [TEST_STEP][PASSED] - println("All the relevant texts are present"): null

2024-11-07 18:06:27 - [TEST_STEP][PASSED] - markPassed("All the relevant texts are present"): All the relevant texts are present

2024-11-07 18:06:27 - [MESSAGE][PASSED] - All the relevant texts are present

2024-11-07 18:06:27 - [TEST_STEP][PASSED] - resText = "Pass": null

2024-11-07 18:06:27 - [TEST_STEP][PASSED] - pages.WriteExcel.demoKey(resText, datText, resColumn, datCloumn, fileLoc, nameSheet, row): pages.WriteExcel.demoKey is PASSED

2024-11-07 18:06:27 - [MESSAGE][PASSED] - pages.WriteExcel.demoKey is PASSED

2024-11-07 18:06:27 - [TEST_STEP][PASSED] - ExecuteTC = findTestData(dataFile).getValue("Execute", row): null

2024-11-07 18:06:27 - [TEST_STEP][PASSED] - TaxType = findTestData(dataFile).getValue("TaxType", row): null

2024-11-07 18:06:27 - [TEST_STEP][PASSED] - PaymentType = findTestData(dataFile).getValue("PaymentType", row): null

2024-11-07 18:06:27 - [TEST_STEP][PASSED] - feinSsn = findTestData(dataFile).getValue("FEINSSN", row): null

2024-11-07 18:06:27 - [TEST_STEP][PASSED] - CRN = findTestData(dataFile).getValue("CRN", row): null

2024-11-07 18:06:27 - [TEST_STEP][PASSED] - MFLicNum = findTestData(dataFile).getValue("MFLicNum", row): null

2024-11-07 18:06:27 - [TEST_STEP][PASSED] - if (ExecuteTC.equalsIgnoreCase("Y")): pages.WriteExcel.demoKey is PASSED

2024-11-07 18:06:27 - [TEST_STEP][PASSED] - out.println("Begin Record Number: " + row): null

2024-11-07 18:06:27 - [TEST_STEP][PASSED] - today = new java.util.Date(): null

2024-11-07 18:06:27 - [TEST_STEP][PASSED] - println(today): null

2024-11-07 18:06:27 - [TEST_STEP][PASSED] - datText = today: null

2024-11-07 18:06:27 - [TEST_STEP][PASSED] - logInfo("Payment Type: Existing Liability with Notice/Invoice Number"): Payment Type: Existing Liability with Notice/Invoice Number

2024-11-07 18:06:27 - [MESSAGE][INFO] - Payment Type: Existing Liability with Notice/Invoice Number

2024-11-07 18:06:27 - [TEST_STEP][PASSED] - logInfo("Tax Type: " + TaxType): Tax Type: Tire Recycling Fee

2024-11-07 18:06:27 - [MESSAGE][INFO] - Tax Type: Tire Recycling Fee

2024-11-07 18:06:27 - [TEST_STEP][PASSED] - openBrowser(""): Browser is opened with url: ''

2024-11-07 18:06:27 - [MESSAGE][WARNING] - A browser is already opened. Closing browser and opening a new one

2024-11-07 18:06:29 - [MESSAGE][INFO] - Starting 'Chrome' driver

2024-11-07 18:06:29 - [MESSAGE][INFO] - User set preference: ['acceptInsecureCerts', 'true']

2024-11-07 18:06:29 - [MESSAGE][INFO] - Action delay is set to 0 milliseconds

2024-11-07 18:06:31 - [MESSAGE][PASSED] - Browser is opened with url: ''

2024-11-07 18:06:31 - [TEST_STEP][PASSED] - maximizeWindow(): Current window maximized

2024-11-07 18:06:31 - [MESSAGE][PASSED] - Current window maximized

2024-11-07 18:06:31 - [TEST_STEP][PASSED] - navigateToUrl(RADurl): Navigate to 'https://www.velocitypayment.com/client/rad/index.html' successfully

2024-11-07 18:06:33 - [MESSAGE][PASSED] - Navigate to 'https://www.velocitypayment.com/client/rad/index.html' successfully

2024-11-07 18:06:33 - [TEST_STEP][PASSED] - selectOptionByLabel(findTestObject(orPath_Landing + "/dd_TaxType"), "Existing Liability with Notice/Invoice Number", false): All options with label 'Existing Liability with Notice/Invoice Number' are selected in object 'Object Repository/RAD_Pages/Landing_Page/dd_TaxType' 

2024-11-07 18:06:34 - [MESSAGE][PASSED] - All options with label 'Existing Liability with Notice/Invoice Number' are selected in object 'Object Repository/RAD_Pages/Landing_Page/dd_TaxType' 

2024-11-07 18:06:34 - [TEST_STEP][PASSED] - selectOptionByLabel(findTestObject(orPath_TaxTypeFilingYear + "/select_TaxType_ExistingLiability"), TaxType, false): All options with label 'Tire Recycling Fee' are selected in object 'Object Repository/RAD_Pages/TaxTypeFilingYear_Page/select_TaxType_ExistingLiability' 

2024-11-07 18:06:35 - [MESSAGE][PASSED] - All options with label 'Tire Recycling Fee' are selected in object 'Object Repository/RAD_Pages/TaxTypeFilingYear_Page/select_TaxType_ExistingLiability' 

2024-11-07 18:06:35 - [TEST_STEP][PASSED] - setText(findTestObject(orPath_TaxPayer + "/input_businessName"), " "): Text ' ' is set on object 'Object Repository/RAD_Pages/Taxpayer_Page/input_businessName'

2024-11-07 18:06:36 - [MESSAGE][PASSED] - Text ' ' is set on object 'Object Repository/RAD_Pages/Taxpayer_Page/input_businessName'

2024-11-07 18:06:36 - [TEST_STEP][PASSED] - setText(findTestObject(orPath_TaxPayer + "/input_BusinessRepfirstName"), " "): Text ' ' is set on object 'Object Repository/RAD_Pages/Taxpayer_Page/input_BusinessRepfirstName'

2024-11-07 18:06:36 - [MESSAGE][PASSED] - Text ' ' is set on object 'Object Repository/RAD_Pages/Taxpayer_Page/input_BusinessRepfirstName'

2024-11-07 18:06:36 - [TEST_STEP][PASSED] - setText(findTestObject(orPath_TaxPayer + "/input_BusinessReplastName"), " "): Text ' ' is set on object 'Object Repository/RAD_Pages/Taxpayer_Page/input_BusinessReplastName'

2024-11-07 18:06:37 - [MESSAGE][PASSED] - Text ' ' is set on object 'Object Repository/RAD_Pages/Taxpayer_Page/input_BusinessReplastName'

2024-11-07 18:06:37 - [TEST_STEP][PASSED] - setText(findTestObject(orPath_AddressContact + "/input_streetAddress1"), " "): Text ' ' is set on object 'Object Repository/RAD_Pages/AddressAndContactInfo_Page/input_streetAddress1'

2024-11-07 18:06:38 - [MESSAGE][PASSED] - Text ' ' is set on object 'Object Repository/RAD_Pages/AddressAndContactInfo_Page/input_streetAddress1'

2024-11-07 18:06:38 - [TEST_STEP][PASSED] - setText(findTestObject(orPath_AddressContact + "/input_city"), " "): Text ' ' is set on object 'Object Repository/RAD_Pages/AddressAndContactInfo_Page/input_city'

2024-11-07 18:06:38 - [MESSAGE][PASSED] - Text ' ' is set on object 'Object Repository/RAD_Pages/AddressAndContactInfo_Page/input_city'

2024-11-07 18:06:38 - [TEST_STEP][PASSED] - setText(findTestObject(orPath_AddressContact + "/input_zipCode"), " "): Text ' ' is set on object 'Object Repository/RAD_Pages/AddressAndContactInfo_Page/input_zipCode'

2024-11-07 18:06:39 - [MESSAGE][PASSED] - Text ' ' is set on object 'Object Repository/RAD_Pages/AddressAndContactInfo_Page/input_zipCode'

2024-11-07 18:06:39 - [TEST_STEP][PASSED] - setText(findTestObject(orPath_AddressContact + "/input_phoneNumber"), " "): Text ' ' is set on object 'Object Repository/RAD_Pages/AddressAndContactInfo_Page/input_phoneNumber'

2024-11-07 18:06:40 - [MESSAGE][PASSED] - Text ' ' is set on object 'Object Repository/RAD_Pages/AddressAndContactInfo_Page/input_phoneNumber'

2024-11-07 18:06:40 - [TEST_STEP][PASSED] - setText(findTestObject(orPath_AddressContact + "/input_eMailAddress"), " "): Text ' ' is set on object 'Object Repository/RAD_Pages/AddressAndContactInfo_Page/input_eMailAddress'

2024-11-07 18:06:41 - [MESSAGE][PASSED] - Text ' ' is set on object 'Object Repository/RAD_Pages/AddressAndContactInfo_Page/input_eMailAddress'

2024-11-07 18:06:41 - [TEST_STEP][PASSED] - setText(findTestObject(orPath_AddressContact + "/input_reEnterEMailAddress"), " "): Text ' ' is set on object 'Object Repository/RAD_Pages/AddressAndContactInfo_Page/input_reEnterEMailAddress'

2024-11-07 18:06:41 - [MESSAGE][PASSED] - Text ' ' is set on object 'Object Repository/RAD_Pages/AddressAndContactInfo_Page/input_reEnterEMailAddress'

2024-11-07 18:06:41 - [TEST_STEP][PASSED] - if (TaxType.equalsIgnoreCase("Estate Tax")): null

2024-11-07 18:06:41 - [TEST_STEP][PASSED] - setText(findTestObject(orPath_Amount + "/input__paymentAmount"), ""): Text '' is set on object 'Object Repository/RAD_Pages/PaymentAmount_Page/input__paymentAmount'

2024-11-07 18:06:42 - [MESSAGE][PASSED] - Text '' is set on object 'Object Repository/RAD_Pages/PaymentAmount_Page/input__paymentAmount'

2024-11-07 18:06:42 - [TEST_STEP][PASSED] - resText = "Fail": null

2024-11-07 18:06:42 - [TEST_STEP][PASSED] - pages.WriteExcel.demoKey(resText, datText, resColumn, datCloumn, fileLoc, nameSheet, row): pages.WriteExcel.demoKey is PASSED

2024-11-07 18:06:42 - [MESSAGE][PASSED] - pages.WriteExcel.demoKey is PASSED

2024-11-07 18:06:42 - [TEST_STEP][PASSED] - verifyTextPresent("Enter business name", true, CONTINUE_ON_FAILURE): Text 'Enter business name' is present on page  using regular expression

2024-11-07 18:06:43 - [MESSAGE][PASSED] - Text 'Enter business name' is present on page  using regular expression

2024-11-07 18:06:43 - [TEST_STEP][PASSED] - verifyTextPresent("Enter business rep first name", true, CONTINUE_ON_FAILURE): Text 'Enter business rep first name' is present on page  using regular expression

2024-11-07 18:06:43 - [MESSAGE][PASSED] - Text 'Enter business rep first name' is present on page  using regular expression

2024-11-07 18:06:43 - [TEST_STEP][PASSED] - verifyTextPresent("Enter business rep last name", true, CONTINUE_ON_FAILURE): Text 'Enter business rep last name' is present on page  using regular expression

2024-11-07 18:06:44 - [MESSAGE][PASSED] - Text 'Enter business rep last name' is present on page  using regular expression

2024-11-07 18:06:44 - [TEST_STEP][PASSED] - verifyTextPresent("Enter address", true, CONTINUE_ON_FAILURE): Text 'Enter address' is present on page  using regular expression

2024-11-07 18:06:44 - [MESSAGE][PASSED] - Text 'Enter address' is present on page  using regular expression

2024-11-07 18:06:44 - [TEST_STEP][PASSED] - verifyTextPresent("Enter city", true, CONTINUE_ON_FAILURE): Text 'Enter city' is present on page  using regular expression

2024-11-07 18:06:44 - [MESSAGE][PASSED] - Text 'Enter city' is present on page  using regular expression

2024-11-07 18:06:44 - [TEST_STEP][PASSED] - verifyTextPresent("Enter ZIP code", true, CONTINUE_ON_FAILURE): Text 'Enter ZIP code' is present on page  using regular expression

2024-11-07 18:06:45 - [MESSAGE][PASSED] - Text 'Enter ZIP code' is present on page  using regular expression

2024-11-07 18:06:45 - [TEST_STEP][PASSED] - verifyTextPresent("Enter a valid phone number", true, CONTINUE_ON_FAILURE): Text 'Enter a valid phone number' is present on page  using regular expression

2024-11-07 18:06:45 - [MESSAGE][PASSED] - Text 'Enter a valid phone number' is present on page  using regular expression

2024-11-07 18:06:45 - [TEST_STEP][PASSED] - verifyTextPresent("Enter Email", true, CONTINUE_ON_FAILURE): Text 'Enter Email' is present on page  using regular expression

2024-11-07 18:06:45 - [MESSAGE][PASSED] - Text 'Enter Email' is present on page  using regular expression

2024-11-07 18:06:45 - [TEST_STEP][PASSED] - if (CRN.equalsIgnoreCase("Y")): null

2024-11-07 18:06:45 - [TEST_STEP][PASSED] - setText(findTestObject(orPath_TaxInfo + "/input_MDCRegistrationEL"), " "): Text ' ' is set on object 'Object Repository/RAD_Pages/TaxInfo_Page/input_MDCRegistrationEL'

2024-11-07 18:06:46 - [MESSAGE][PASSED] - Text ' ' is set on object 'Object Repository/RAD_Pages/TaxInfo_Page/input_MDCRegistrationEL'

2024-11-07 18:06:46 - [TEST_STEP][PASSED] - setText(findTestObject(orPath_Amount + "/input__paymentAmount"), ""): Text '' is set on object 'Object Repository/RAD_Pages/PaymentAmount_Page/input__paymentAmount'

2024-11-07 18:06:47 - [MESSAGE][PASSED] - Text '' is set on object 'Object Repository/RAD_Pages/PaymentAmount_Page/input__paymentAmount'

2024-11-07 18:06:47 - [TEST_STEP][PASSED] - if (verifyTextPresent("Enter valid MD Central Registration Number", false)): null

2024-11-07 18:06:47 - [MESSAGE][PASSED] - Text 'Enter valid MD Central Registration Number' is present on page 

2024-11-07 18:06:47 - [TEST_STEP][PASSED] - isRequiredTextPresent = true: null

2024-11-07 18:06:47 - [TEST_STEP][PASSED] - if (MFLicNum.equalsIgnoreCase("Y")): null

2024-11-07 18:06:47 - [TEST_STEP][PASSED] - if (isRequiredTextPresent == true): pages.WriteExcel.demoKey is PASSED

2024-11-07 18:06:47 - [TEST_STEP][PASSED] - println("All the relevant texts are present"): null

2024-11-07 18:06:47 - [TEST_STEP][PASSED] - markPassed("All the relevant texts are present"): All the relevant texts are present

2024-11-07 18:06:47 - [MESSAGE][PASSED] - All the relevant texts are present

2024-11-07 18:06:47 - [TEST_STEP][PASSED] - resText = "Pass": null

2024-11-07 18:06:47 - [TEST_STEP][PASSED] - pages.WriteExcel.demoKey(resText, datText, resColumn, datCloumn, fileLoc, nameSheet, row): pages.WriteExcel.demoKey is PASSED

2024-11-07 18:06:47 - [MESSAGE][PASSED] - pages.WriteExcel.demoKey is PASSED

2024-11-07 18:06:47 - [TEST_STEP][PASSED] - ExecuteTC = findTestData(dataFile).getValue("Execute", row): null

2024-11-07 18:06:47 - [TEST_STEP][PASSED] - TaxType = findTestData(dataFile).getValue("TaxType", row): null

2024-11-07 18:06:47 - [TEST_STEP][PASSED] - PaymentType = findTestData(dataFile).getValue("PaymentType", row): null

2024-11-07 18:06:47 - [TEST_STEP][PASSED] - feinSsn = findTestData(dataFile).getValue("FEINSSN", row): null

2024-11-07 18:06:47 - [TEST_STEP][PASSED] - CRN = findTestData(dataFile).getValue("CRN", row): null

2024-11-07 18:06:47 - [TEST_STEP][PASSED] - MFLicNum = findTestData(dataFile).getValue("MFLicNum", row): null

2024-11-07 18:06:47 - [TEST_STEP][PASSED] - if (ExecuteTC.equalsIgnoreCase("Y")): pages.WriteExcel.demoKey is PASSED

2024-11-07 18:06:47 - [TEST_STEP][PASSED] - out.println("Begin Record Number: " + row): null

2024-11-07 18:06:47 - [TEST_STEP][PASSED] - today = new java.util.Date(): null

2024-11-07 18:06:47 - [TEST_STEP][PASSED] - println(today): null

2024-11-07 18:06:47 - [TEST_STEP][PASSED] - datText = today: null

2024-11-07 18:06:47 - [TEST_STEP][PASSED] - logInfo("Payment Type: Existing Liability with Notice/Invoice Number"): Payment Type: Existing Liability with Notice/Invoice Number

2024-11-07 18:06:47 - [MESSAGE][INFO] - Payment Type: Existing Liability with Notice/Invoice Number

2024-11-07 18:06:47 - [TEST_STEP][PASSED] - logInfo("Tax Type: " + TaxType): Tax Type: Withholding Tax

2024-11-07 18:06:47 - [MESSAGE][INFO] - Tax Type: Withholding Tax

2024-11-07 18:06:47 - [TEST_STEP][PASSED] - openBrowser(""): Browser is opened with url: ''

2024-11-07 18:06:47 - [MESSAGE][WARNING] - A browser is already opened. Closing browser and opening a new one

2024-11-07 18:06:49 - [MESSAGE][INFO] - Starting 'Chrome' driver

2024-11-07 18:06:49 - [MESSAGE][INFO] - User set preference: ['acceptInsecureCerts', 'true']

2024-11-07 18:06:49 - [MESSAGE][INFO] - Action delay is set to 0 milliseconds

2024-11-07 18:06:51 - [MESSAGE][PASSED] - Browser is opened with url: ''

2024-11-07 18:06:51 - [TEST_STEP][PASSED] - maximizeWindow(): Current window maximized

2024-11-07 18:06:51 - [MESSAGE][PASSED] - Current window maximized

2024-11-07 18:06:51 - [TEST_STEP][PASSED] - navigateToUrl(RADurl): Navigate to 'https://www.velocitypayment.com/client/rad/index.html' successfully

2024-11-07 18:06:53 - [MESSAGE][PASSED] - Navigate to 'https://www.velocitypayment.com/client/rad/index.html' successfully

2024-11-07 18:06:53 - [TEST_STEP][PASSED] - selectOptionByLabel(findTestObject(orPath_Landing + "/dd_TaxType"), "Existing Liability with Notice/Invoice Number", false): All options with label 'Existing Liability with Notice/Invoice Number' are selected in object 'Object Repository/RAD_Pages/Landing_Page/dd_TaxType' 

2024-11-07 18:06:54 - [MESSAGE][PASSED] - All options with label 'Existing Liability with Notice/Invoice Number' are selected in object 'Object Repository/RAD_Pages/Landing_Page/dd_TaxType' 

2024-11-07 18:06:54 - [TEST_STEP][PASSED] - selectOptionByLabel(findTestObject(orPath_TaxTypeFilingYear + "/select_TaxType_ExistingLiability"), TaxType, false): All options with label 'Withholding Tax' are selected in object 'Object Repository/RAD_Pages/TaxTypeFilingYear_Page/select_TaxType_ExistingLiability' 

2024-11-07 18:06:55 - [MESSAGE][PASSED] - All options with label 'Withholding Tax' are selected in object 'Object Repository/RAD_Pages/TaxTypeFilingYear_Page/select_TaxType_ExistingLiability' 

2024-11-07 18:06:55 - [TEST_STEP][PASSED] - setText(findTestObject(orPath_TaxPayer + "/input_businessName"), " "): Text ' ' is set on object 'Object Repository/RAD_Pages/Taxpayer_Page/input_businessName'

2024-11-07 18:06:55 - [MESSAGE][PASSED] - Text ' ' is set on object 'Object Repository/RAD_Pages/Taxpayer_Page/input_businessName'

2024-11-07 18:06:55 - [TEST_STEP][PASSED] - setText(findTestObject(orPath_TaxPayer + "/input_BusinessRepfirstName"), " "): Text ' ' is set on object 'Object Repository/RAD_Pages/Taxpayer_Page/input_BusinessRepfirstName'

2024-11-07 18:06:56 - [MESSAGE][PASSED] - Text ' ' is set on object 'Object Repository/RAD_Pages/Taxpayer_Page/input_BusinessRepfirstName'

2024-11-07 18:06:56 - [TEST_STEP][PASSED] - setText(findTestObject(orPath_TaxPayer + "/input_BusinessReplastName"), " "): Text ' ' is set on object 'Object Repository/RAD_Pages/Taxpayer_Page/input_BusinessReplastName'

2024-11-07 18:06:57 - [MESSAGE][PASSED] - Text ' ' is set on object 'Object Repository/RAD_Pages/Taxpayer_Page/input_BusinessReplastName'

2024-11-07 18:06:57 - [TEST_STEP][PASSED] - setText(findTestObject(orPath_AddressContact + "/input_streetAddress1"), " "): Text ' ' is set on object 'Object Repository/RAD_Pages/AddressAndContactInfo_Page/input_streetAddress1'

2024-11-07 18:06:58 - [MESSAGE][PASSED] - Text ' ' is set on object 'Object Repository/RAD_Pages/AddressAndContactInfo_Page/input_streetAddress1'

2024-11-07 18:06:58 - [TEST_STEP][PASSED] - setText(findTestObject(orPath_AddressContact + "/input_city"), " "): Text ' ' is set on object 'Object Repository/RAD_Pages/AddressAndContactInfo_Page/input_city'

2024-11-07 18:06:58 - [MESSAGE][PASSED] - Text ' ' is set on object 'Object Repository/RAD_Pages/AddressAndContactInfo_Page/input_city'

2024-11-07 18:06:58 - [TEST_STEP][PASSED] - setText(findTestObject(orPath_AddressContact + "/input_zipCode"), " "): Text ' ' is set on object 'Object Repository/RAD_Pages/AddressAndContactInfo_Page/input_zipCode'

2024-11-07 18:06:59 - [MESSAGE][PASSED] - Text ' ' is set on object 'Object Repository/RAD_Pages/AddressAndContactInfo_Page/input_zipCode'

2024-11-07 18:06:59 - [TEST_STEP][PASSED] - setText(findTestObject(orPath_AddressContact + "/input_phoneNumber"), " "): Text ' ' is set on object 'Object Repository/RAD_Pages/AddressAndContactInfo_Page/input_phoneNumber'

2024-11-07 18:07:00 - [MESSAGE][PASSED] - Text ' ' is set on object 'Object Repository/RAD_Pages/AddressAndContactInfo_Page/input_phoneNumber'

2024-11-07 18:07:00 - [TEST_STEP][PASSED] - setText(findTestObject(orPath_AddressContact + "/input_eMailAddress"), " "): Text ' ' is set on object 'Object Repository/RAD_Pages/AddressAndContactInfo_Page/input_eMailAddress'

2024-11-07 18:07:01 - [MESSAGE][PASSED] - Text ' ' is set on object 'Object Repository/RAD_Pages/AddressAndContactInfo_Page/input_eMailAddress'

2024-11-07 18:07:01 - [TEST_STEP][PASSED] - setText(findTestObject(orPath_AddressContact + "/input_reEnterEMailAddress"), " "): Text ' ' is set on object 'Object Repository/RAD_Pages/AddressAndContactInfo_Page/input_reEnterEMailAddress'

2024-11-07 18:07:01 - [MESSAGE][PASSED] - Text ' ' is set on object 'Object Repository/RAD_Pages/AddressAndContactInfo_Page/input_reEnterEMailAddress'

2024-11-07 18:07:01 - [TEST_STEP][PASSED] - if (TaxType.equalsIgnoreCase("Estate Tax")): null

2024-11-07 18:07:01 - [TEST_STEP][PASSED] - setText(findTestObject(orPath_Amount + "/input__paymentAmount"), ""): Text '' is set on object 'Object Repository/RAD_Pages/PaymentAmount_Page/input__paymentAmount'

2024-11-07 18:07:02 - [MESSAGE][PASSED] - Text '' is set on object 'Object Repository/RAD_Pages/PaymentAmount_Page/input__paymentAmount'

2024-11-07 18:07:02 - [TEST_STEP][PASSED] - resText = "Fail": null

2024-11-07 18:07:02 - [TEST_STEP][PASSED] - pages.WriteExcel.demoKey(resText, datText, resColumn, datCloumn, fileLoc, nameSheet, row): pages.WriteExcel.demoKey is PASSED

2024-11-07 18:07:02 - [MESSAGE][PASSED] - pages.WriteExcel.demoKey is PASSED

2024-11-07 18:07:02 - [TEST_STEP][PASSED] - verifyTextPresent("Enter business name", true, CONTINUE_ON_FAILURE): Text 'Enter business name' is present on page  using regular expression

2024-11-07 18:07:03 - [MESSAGE][PASSED] - Text 'Enter business name' is present on page  using regular expression

2024-11-07 18:07:03 - [TEST_STEP][PASSED] - verifyTextPresent("Enter business rep first name", true, CONTINUE_ON_FAILURE): Text 'Enter business rep first name' is present on page  using regular expression

2024-11-07 18:07:03 - [MESSAGE][PASSED] - Text 'Enter business rep first name' is present on page  using regular expression

2024-11-07 18:07:03 - [TEST_STEP][PASSED] - verifyTextPresent("Enter business rep last name", true, CONTINUE_ON_FAILURE): Text 'Enter business rep last name' is present on page  using regular expression

2024-11-07 18:07:03 - [MESSAGE][PASSED] - Text 'Enter business rep last name' is present on page  using regular expression

2024-11-07 18:07:03 - [TEST_STEP][PASSED] - verifyTextPresent("Enter address", true, CONTINUE_ON_FAILURE): Text 'Enter address' is present on page  using regular expression

2024-11-07 18:07:04 - [MESSAGE][PASSED] - Text 'Enter address' is present on page  using regular expression

2024-11-07 18:07:04 - [TEST_STEP][PASSED] - verifyTextPresent("Enter city", true, CONTINUE_ON_FAILURE): Text 'Enter city' is present on page  using regular expression

2024-11-07 18:07:04 - [MESSAGE][PASSED] - Text 'Enter city' is present on page  using regular expression

2024-11-07 18:07:04 - [TEST_STEP][PASSED] - verifyTextPresent("Enter ZIP code", true, CONTINUE_ON_FAILURE): Text 'Enter ZIP code' is present on page  using regular expression

2024-11-07 18:07:05 - [MESSAGE][PASSED] - Text 'Enter ZIP code' is present on page  using regular expression

2024-11-07 18:07:05 - [TEST_STEP][PASSED] - verifyTextPresent("Enter a valid phone number", true, CONTINUE_ON_FAILURE): Text 'Enter a valid phone number' is present on page  using regular expression

2024-11-07 18:07:05 - [MESSAGE][PASSED] - Text 'Enter a valid phone number' is present on page  using regular expression

2024-11-07 18:07:05 - [TEST_STEP][PASSED] - verifyTextPresent("Enter Email", true, CONTINUE_ON_FAILURE): Text 'Enter Email' is present on page  using regular expression

2024-11-07 18:07:05 - [MESSAGE][PASSED] - Text 'Enter Email' is present on page  using regular expression

2024-11-07 18:07:05 - [TEST_STEP][PASSED] - if (CRN.equalsIgnoreCase("Y")): null

2024-11-07 18:07:05 - [TEST_STEP][PASSED] - setText(findTestObject(orPath_TaxInfo + "/input_MDCRegistrationEL"), " "): Text ' ' is set on object 'Object Repository/RAD_Pages/TaxInfo_Page/input_MDCRegistrationEL'

2024-11-07 18:07:06 - [MESSAGE][PASSED] - Text ' ' is set on object 'Object Repository/RAD_Pages/TaxInfo_Page/input_MDCRegistrationEL'

2024-11-07 18:07:06 - [TEST_STEP][PASSED] - setText(findTestObject(orPath_Amount + "/input__paymentAmount"), ""): Text '' is set on object 'Object Repository/RAD_Pages/PaymentAmount_Page/input__paymentAmount'

2024-11-07 18:07:06 - [MESSAGE][PASSED] - Text '' is set on object 'Object Repository/RAD_Pages/PaymentAmount_Page/input__paymentAmount'

2024-11-07 18:07:06 - [TEST_STEP][PASSED] - if (verifyTextPresent("Enter valid MD Central Registration Number", false)): null

2024-11-07 18:07:07 - [MESSAGE][PASSED] - Text 'Enter valid MD Central Registration Number' is present on page 

2024-11-07 18:07:07 - [TEST_STEP][PASSED] - isRequiredTextPresent = true: null

2024-11-07 18:07:07 - [TEST_STEP][PASSED] - if (MFLicNum.equalsIgnoreCase("Y")): null

2024-11-07 18:07:07 - [TEST_STEP][PASSED] - if (isRequiredTextPresent == true): pages.WriteExcel.demoKey is PASSED

2024-11-07 18:07:07 - [TEST_STEP][PASSED] - println("All the relevant texts are present"): null

2024-11-07 18:07:07 - [TEST_STEP][PASSED] - markPassed("All the relevant texts are present"): All the relevant texts are present

2024-11-07 18:07:07 - [MESSAGE][PASSED] - All the relevant texts are present

2024-11-07 18:07:07 - [TEST_STEP][PASSED] - resText = "Pass": null

2024-11-07 18:07:07 - [TEST_STEP][PASSED] - pages.WriteExcel.demoKey(resText, datText, resColumn, datCloumn, fileLoc, nameSheet, row): pages.WriteExcel.demoKey is PASSED

2024-11-07 18:07:07 - [MESSAGE][PASSED] - pages.WriteExcel.demoKey is PASSED

2024-11-07 18:07:07 - [TEST_STEP][PASSED] - ExecuteTC = findTestData(dataFile).getValue("Execute", row): null

2024-11-07 18:07:07 - [TEST_STEP][PASSED] - TaxType = findTestData(dataFile).getValue("TaxType", row): null

2024-11-07 18:07:07 - [TEST_STEP][PASSED] - PaymentType = findTestData(dataFile).getValue("PaymentType", row): null

2024-11-07 18:07:07 - [TEST_STEP][PASSED] - feinSsn = findTestData(dataFile).getValue("FEINSSN", row): null

2024-11-07 18:07:07 - [TEST_STEP][PASSED] - CRN = findTestData(dataFile).getValue("CRN", row): null

2024-11-07 18:07:07 - [TEST_STEP][PASSED] - MFLicNum = findTestData(dataFile).getValue("MFLicNum", row): null

2024-11-07 18:07:07 - [TEST_STEP][PASSED] - if (ExecuteTC.equalsIgnoreCase("Y")): pages.WriteExcel.demoKey is PASSED

2024-11-07 18:07:07 - [TEST_STEP][PASSED] - out.println("Begin Record Number: " + row): null

2024-11-07 18:07:07 - [TEST_STEP][PASSED] - today = new java.util.Date(): null

2024-11-07 18:07:07 - [TEST_STEP][PASSED] - println(today): null

2024-11-07 18:07:07 - [TEST_STEP][PASSED] - datText = today: null

2024-11-07 18:07:07 - [TEST_STEP][PASSED] - logInfo("Payment Type: Existing Liability with Notice/Invoice Number"): Payment Type: Existing Liability with Notice/Invoice Number

2024-11-07 18:07:07 - [MESSAGE][INFO] - Payment Type: Existing Liability with Notice/Invoice Number

2024-11-07 18:07:07 - [TEST_STEP][PASSED] - logInfo("Tax Type: " + TaxType): Tax Type: Alcohol Tax

2024-11-07 18:07:07 - [MESSAGE][INFO] - Tax Type: Alcohol Tax

2024-11-07 18:07:07 - [TEST_STEP][PASSED] - openBrowser(""): Browser is opened with url: ''

2024-11-07 18:07:07 - [MESSAGE][WARNING] - A browser is already opened. Closing browser and opening a new one

2024-11-07 18:07:09 - [MESSAGE][INFO] - Starting 'Chrome' driver

2024-11-07 18:07:09 - [MESSAGE][INFO] - User set preference: ['acceptInsecureCerts', 'true']

2024-11-07 18:07:09 - [MESSAGE][INFO] - Action delay is set to 0 milliseconds

2024-11-07 18:07:11 - [MESSAGE][PASSED] - Browser is opened with url: ''

2024-11-07 18:07:11 - [TEST_STEP][PASSED] - maximizeWindow(): Current window maximized

2024-11-07 18:07:11 - [MESSAGE][PASSED] - Current window maximized

2024-11-07 18:07:11 - [TEST_STEP][PASSED] - navigateToUrl(RADurl): Navigate to 'https://www.velocitypayment.com/client/rad/index.html' successfully

2024-11-07 18:07:11 - [MESSAGE][PASSED] - Navigate to 'https://www.velocitypayment.com/client/rad/index.html' successfully

2024-11-07 18:07:11 - [TEST_STEP][PASSED] - selectOptionByLabel(findTestObject(orPath_Landing + "/dd_TaxType"), "Existing Liability with Notice/Invoice Number", false): All options with label 'Existing Liability with Notice/Invoice Number' are selected in object 'Object Repository/RAD_Pages/Landing_Page/dd_TaxType' 

2024-11-07 18:07:14 - [MESSAGE][PASSED] - All options with label 'Existing Liability with Notice/Invoice Number' are selected in object 'Object Repository/RAD_Pages/Landing_Page/dd_TaxType' 

2024-11-07 18:07:14 - [TEST_STEP][PASSED] - selectOptionByLabel(findTestObject(orPath_TaxTypeFilingYear + "/select_TaxType_ExistingLiability"), TaxType, false): All options with label 'Alcohol Tax' are selected in object 'Object Repository/RAD_Pages/TaxTypeFilingYear_Page/select_TaxType_ExistingLiability' 

2024-11-07 18:07:15 - [MESSAGE][PASSED] - All options with label 'Alcohol Tax' are selected in object 'Object Repository/RAD_Pages/TaxTypeFilingYear_Page/select_TaxType_ExistingLiability' 

2024-11-07 18:07:15 - [TEST_STEP][PASSED] - setText(findTestObject(orPath_TaxPayer + "/input_businessName"), " "): Text ' ' is set on object 'Object Repository/RAD_Pages/Taxpayer_Page/input_businessName'

2024-11-07 18:07:15 - [MESSAGE][PASSED] - Text ' ' is set on object 'Object Repository/RAD_Pages/Taxpayer_Page/input_businessName'

2024-11-07 18:07:15 - [TEST_STEP][PASSED] - setText(findTestObject(orPath_TaxPayer + "/input_BusinessRepfirstName"), " "): Text ' ' is set on object 'Object Repository/RAD_Pages/Taxpayer_Page/input_BusinessRepfirstName'

2024-11-07 18:07:16 - [MESSAGE][PASSED] - Text ' ' is set on object 'Object Repository/RAD_Pages/Taxpayer_Page/input_BusinessRepfirstName'

2024-11-07 18:07:16 - [TEST_STEP][PASSED] - setText(findTestObject(orPath_TaxPayer + "/input_BusinessReplastName"), " "): Text ' ' is set on object 'Object Repository/RAD_Pages/Taxpayer_Page/input_BusinessReplastName'

2024-11-07 18:07:17 - [MESSAGE][PASSED] - Text ' ' is set on object 'Object Repository/RAD_Pages/Taxpayer_Page/input_BusinessReplastName'

2024-11-07 18:07:17 - [TEST_STEP][PASSED] - setText(findTestObject(orPath_AddressContact + "/input_streetAddress1"), " "): Text ' ' is set on object 'Object Repository/RAD_Pages/AddressAndContactInfo_Page/input_streetAddress1'

2024-11-07 18:07:18 - [MESSAGE][PASSED] - Text ' ' is set on object 'Object Repository/RAD_Pages/AddressAndContactInfo_Page/input_streetAddress1'

2024-11-07 18:07:18 - [TEST_STEP][PASSED] - setText(findTestObject(orPath_AddressContact + "/input_city"), " "): Text ' ' is set on object 'Object Repository/RAD_Pages/AddressAndContactInfo_Page/input_city'

2024-11-07 18:07:18 - [MESSAGE][PASSED] - Text ' ' is set on object 'Object Repository/RAD_Pages/AddressAndContactInfo_Page/input_city'

2024-11-07 18:07:18 - [TEST_STEP][PASSED] - setText(findTestObject(orPath_AddressContact + "/input_zipCode"), " "): Text ' ' is set on object 'Object Repository/RAD_Pages/AddressAndContactInfo_Page/input_zipCode'

2024-11-07 18:07:19 - [MESSAGE][PASSED] - Text ' ' is set on object 'Object Repository/RAD_Pages/AddressAndContactInfo_Page/input_zipCode'

2024-11-07 18:07:19 - [TEST_STEP][PASSED] - setText(findTestObject(orPath_AddressContact + "/input_phoneNumber"), " "): Text ' ' is set on object 'Object Repository/RAD_Pages/AddressAndContactInfo_Page/input_phoneNumber'

2024-11-07 18:07:20 - [MESSAGE][PASSED] - Text ' ' is set on object 'Object Repository/RAD_Pages/AddressAndContactInfo_Page/input_phoneNumber'

2024-11-07 18:07:20 - [TEST_STEP][PASSED] - setText(findTestObject(orPath_AddressContact + "/input_eMailAddress"), " "): Text ' ' is set on object 'Object Repository/RAD_Pages/AddressAndContactInfo_Page/input_eMailAddress'

2024-11-07 18:07:21 - [MESSAGE][PASSED] - Text ' ' is set on object 'Object Repository/RAD_Pages/AddressAndContactInfo_Page/input_eMailAddress'

2024-11-07 18:07:21 - [TEST_STEP][PASSED] - setText(findTestObject(orPath_AddressContact + "/input_reEnterEMailAddress"), " "): Text ' ' is set on object 'Object Repository/RAD_Pages/AddressAndContactInfo_Page/input_reEnterEMailAddress'

2024-11-07 18:07:21 - [MESSAGE][PASSED] - Text ' ' is set on object 'Object Repository/RAD_Pages/AddressAndContactInfo_Page/input_reEnterEMailAddress'

2024-11-07 18:07:21 - [TEST_STEP][PASSED] - if (TaxType.equalsIgnoreCase("Estate Tax")): null

2024-11-07 18:07:21 - [TEST_STEP][PASSED] - setText(findTestObject(orPath_Amount + "/input__paymentAmount"), ""): Text '' is set on object 'Object Repository/RAD_Pages/PaymentAmount_Page/input__paymentAmount'

2024-11-07 18:07:22 - [MESSAGE][PASSED] - Text '' is set on object 'Object Repository/RAD_Pages/PaymentAmount_Page/input__paymentAmount'

2024-11-07 18:07:22 - [TEST_STEP][PASSED] - resText = "Fail": null

2024-11-07 18:07:22 - [TEST_STEP][PASSED] - pages.WriteExcel.demoKey(resText, datText, resColumn, datCloumn, fileLoc, nameSheet, row): pages.WriteExcel.demoKey is PASSED

2024-11-07 18:07:22 - [MESSAGE][PASSED] - pages.WriteExcel.demoKey is PASSED

2024-11-07 18:07:22 - [TEST_STEP][PASSED] - verifyTextPresent("Enter business name", true, CONTINUE_ON_FAILURE): Text 'Enter business name' is present on page  using regular expression

2024-11-07 18:07:23 - [MESSAGE][PASSED] - Text 'Enter business name' is present on page  using regular expression

2024-11-07 18:07:23 - [TEST_STEP][PASSED] - verifyTextPresent("Enter business rep first name", true, CONTINUE_ON_FAILURE): Text 'Enter business rep first name' is present on page  using regular expression

2024-11-07 18:07:23 - [MESSAGE][PASSED] - Text 'Enter business rep first name' is present on page  using regular expression

2024-11-07 18:07:23 - [TEST_STEP][PASSED] - verifyTextPresent("Enter business rep last name", true, CONTINUE_ON_FAILURE): Text 'Enter business rep last name' is present on page  using regular expression

2024-11-07 18:07:23 - [MESSAGE][PASSED] - Text 'Enter business rep last name' is present on page  using regular expression

2024-11-07 18:07:23 - [TEST_STEP][PASSED] - verifyTextPresent("Enter address", true, CONTINUE_ON_FAILURE): Text 'Enter address' is present on page  using regular expression

2024-11-07 18:07:24 - [MESSAGE][PASSED] - Text 'Enter address' is present on page  using regular expression

2024-11-07 18:07:24 - [TEST_STEP][PASSED] - verifyTextPresent("Enter city", true, CONTINUE_ON_FAILURE): Text 'Enter city' is present on page  using regular expression

2024-11-07 18:07:24 - [MESSAGE][PASSED] - Text 'Enter city' is present on page  using regular expression

2024-11-07 18:07:24 - [TEST_STEP][PASSED] - verifyTextPresent("Enter ZIP code", true, CONTINUE_ON_FAILURE): Text 'Enter ZIP code' is present on page  using regular expression

2024-11-07 18:07:25 - [MESSAGE][PASSED] - Text 'Enter ZIP code' is present on page  using regular expression

2024-11-07 18:07:25 - [TEST_STEP][PASSED] - verifyTextPresent("Enter a valid phone number", true, CONTINUE_ON_FAILURE): Text 'Enter a valid phone number' is present on page  using regular expression

2024-11-07 18:07:25 - [MESSAGE][PASSED] - Text 'Enter a valid phone number' is present on page  using regular expression

2024-11-07 18:07:25 - [TEST_STEP][PASSED] - verifyTextPresent("Enter Email", true, CONTINUE_ON_FAILURE): Text 'Enter Email' is present on page  using regular expression

2024-11-07 18:07:25 - [MESSAGE][PASSED] - Text 'Enter Email' is present on page  using regular expression

2024-11-07 18:07:25 - [TEST_STEP][PASSED] - if (CRN.equalsIgnoreCase("Y")): null

2024-11-07 18:07:25 - [TEST_STEP][PASSED] - setText(findTestObject(orPath_TaxInfo + "/input_MDCRegistrationEL"), " "): Text ' ' is set on object 'Object Repository/RAD_Pages/TaxInfo_Page/input_MDCRegistrationEL'

2024-11-07 18:07:26 - [MESSAGE][PASSED] - Text ' ' is set on object 'Object Repository/RAD_Pages/TaxInfo_Page/input_MDCRegistrationEL'

2024-11-07 18:07:26 - [TEST_STEP][PASSED] - setText(findTestObject(orPath_Amount + "/input__paymentAmount"), ""): Text '' is set on object 'Object Repository/RAD_Pages/PaymentAmount_Page/input__paymentAmount'

2024-11-07 18:07:27 - [MESSAGE][PASSED] - Text '' is set on object 'Object Repository/RAD_Pages/PaymentAmount_Page/input__paymentAmount'

2024-11-07 18:07:27 - [TEST_STEP][PASSED] - if (verifyTextPresent("Enter valid MD Central Registration Number", false)): null

2024-11-07 18:07:27 - [MESSAGE][PASSED] - Text 'Enter valid MD Central Registration Number' is present on page 

2024-11-07 18:07:27 - [TEST_STEP][PASSED] - isRequiredTextPresent = true: null

2024-11-07 18:07:27 - [TEST_STEP][PASSED] - if (MFLicNum.equalsIgnoreCase("Y")): null

2024-11-07 18:07:27 - [TEST_STEP][PASSED] - if (isRequiredTextPresent == true): pages.WriteExcel.demoKey is PASSED

2024-11-07 18:07:27 - [TEST_STEP][PASSED] - println("All the relevant texts are present"): null

2024-11-07 18:07:27 - [TEST_STEP][PASSED] - markPassed("All the relevant texts are present"): All the relevant texts are present

2024-11-07 18:07:27 - [MESSAGE][PASSED] - All the relevant texts are present

2024-11-07 18:07:27 - [TEST_STEP][PASSED] - resText = "Pass": null

2024-11-07 18:07:27 - [TEST_STEP][PASSED] - pages.WriteExcel.demoKey(resText, datText, resColumn, datCloumn, fileLoc, nameSheet, row): pages.WriteExcel.demoKey is PASSED

2024-11-07 18:07:27 - [MESSAGE][PASSED] - pages.WriteExcel.demoKey is PASSED

2024-11-07 18:07:27 - [TEST_STEP][PASSED] - ExecuteTC = findTestData(dataFile).getValue("Execute", row): null

2024-11-07 18:07:27 - [TEST_STEP][PASSED] - TaxType = findTestData(dataFile).getValue("TaxType", row): null

2024-11-07 18:07:27 - [TEST_STEP][PASSED] - PaymentType = findTestData(dataFile).getValue("PaymentType", row): null

2024-11-07 18:07:27 - [TEST_STEP][PASSED] - feinSsn = findTestData(dataFile).getValue("FEINSSN", row): null

2024-11-07 18:07:28 - [TEST_STEP][PASSED] - CRN = findTestData(dataFile).getValue("CRN", row): null

2024-11-07 18:07:28 - [TEST_STEP][PASSED] - MFLicNum = findTestData(dataFile).getValue("MFLicNum", row): null

2024-11-07 18:07:28 - [TEST_STEP][PASSED] - if (ExecuteTC.equalsIgnoreCase("Y")): pages.WriteExcel.demoKey is PASSED

2024-11-07 18:07:28 - [TEST_STEP][PASSED] - out.println("Begin Record Number: " + row): null

2024-11-07 18:07:28 - [TEST_STEP][PASSED] - today = new java.util.Date(): null

2024-11-07 18:07:28 - [TEST_STEP][PASSED] - println(today): null

2024-11-07 18:07:28 - [TEST_STEP][PASSED] - datText = today: null

2024-11-07 18:07:28 - [TEST_STEP][PASSED] - logInfo("Payment Type: Existing Liability with Notice/Invoice Number"): Payment Type: Existing Liability with Notice/Invoice Number

2024-11-07 18:07:28 - [MESSAGE][INFO] - Payment Type: Existing Liability with Notice/Invoice Number

2024-11-07 18:07:28 - [TEST_STEP][PASSED] - logInfo("Tax Type: " + TaxType): Tax Type: PTE Tax Electing Non-S Corp

2024-11-07 18:07:28 - [MESSAGE][INFO] - Tax Type: PTE Tax Electing Non-S Corp

2024-11-07 18:07:28 - [TEST_STEP][PASSED] - openBrowser(""): Browser is opened with url: ''

2024-11-07 18:07:28 - [MESSAGE][WARNING] - A browser is already opened. Closing browser and opening a new one

2024-11-07 18:07:30 - [MESSAGE][INFO] - Starting 'Chrome' driver

2024-11-07 18:07:30 - [MESSAGE][INFO] - User set preference: ['acceptInsecureCerts', 'true']

2024-11-07 18:07:30 - [MESSAGE][INFO] - Action delay is set to 0 milliseconds

2024-11-07 18:07:32 - [MESSAGE][PASSED] - Browser is opened with url: ''

2024-11-07 18:07:32 - [TEST_STEP][PASSED] - maximizeWindow(): Current window maximized

2024-11-07 18:07:32 - [MESSAGE][PASSED] - Current window maximized

2024-11-07 18:07:32 - [TEST_STEP][PASSED] - navigateToUrl(RADurl): Navigate to 'https://www.velocitypayment.com/client/rad/index.html' successfully

2024-11-07 18:07:34 - [MESSAGE][PASSED] - Navigate to 'https://www.velocitypayment.com/client/rad/index.html' successfully

2024-11-07 18:07:34 - [TEST_STEP][PASSED] - selectOptionByLabel(findTestObject(orPath_Landing + "/dd_TaxType"), "Existing Liability with Notice/Invoice Number", false): All options with label 'Existing Liability with Notice/Invoice Number' are selected in object 'Object Repository/RAD_Pages/Landing_Page/dd_TaxType' 

2024-11-07 18:07:35 - [MESSAGE][PASSED] - All options with label 'Existing Liability with Notice/Invoice Number' are selected in object 'Object Repository/RAD_Pages/Landing_Page/dd_TaxType' 

2024-11-07 18:07:35 - [TEST_STEP][PASSED] - selectOptionByLabel(findTestObject(orPath_TaxTypeFilingYear + "/select_TaxType_ExistingLiability"), TaxType, false): All options with label 'PTE Tax Electing Non-S Corp' are selected in object 'Object Repository/RAD_Pages/TaxTypeFilingYear_Page/select_TaxType_ExistingLiability' 

2024-11-07 18:07:36 - [MESSAGE][PASSED] - All options with label 'PTE Tax Electing Non-S Corp' are selected in object 'Object Repository/RAD_Pages/TaxTypeFilingYear_Page/select_TaxType_ExistingLiability' 

2024-11-07 18:07:36 - [TEST_STEP][PASSED] - setText(findTestObject(orPath_TaxPayer + "/input_businessName"), " "): Text ' ' is set on object 'Object Repository/RAD_Pages/Taxpayer_Page/input_businessName'

2024-11-07 18:07:37 - [MESSAGE][PASSED] - Text ' ' is set on object 'Object Repository/RAD_Pages/Taxpayer_Page/input_businessName'

2024-11-07 18:07:37 - [TEST_STEP][PASSED] - setText(findTestObject(orPath_TaxPayer + "/input_BusinessRepfirstName"), " "): Text ' ' is set on object 'Object Repository/RAD_Pages/Taxpayer_Page/input_BusinessRepfirstName'

2024-11-07 18:07:37 - [MESSAGE][PASSED] - Text ' ' is set on object 'Object Repository/RAD_Pages/Taxpayer_Page/input_BusinessRepfirstName'

2024-11-07 18:07:37 - [TEST_STEP][PASSED] - setText(findTestObject(orPath_TaxPayer + "/input_BusinessReplastName"), " "): Text ' ' is set on object 'Object Repository/RAD_Pages/Taxpayer_Page/input_BusinessReplastName'

2024-11-07 18:07:38 - [MESSAGE][PASSED] - Text ' ' is set on object 'Object Repository/RAD_Pages/Taxpayer_Page/input_BusinessReplastName'

2024-11-07 18:07:38 - [TEST_STEP][PASSED] - setText(findTestObject(orPath_AddressContact + "/input_streetAddress1"), " "): Text ' ' is set on object 'Object Repository/RAD_Pages/AddressAndContactInfo_Page/input_streetAddress1'

2024-11-07 18:07:39 - [MESSAGE][PASSED] - Text ' ' is set on object 'Object Repository/RAD_Pages/AddressAndContactInfo_Page/input_streetAddress1'

2024-11-07 18:07:39 - [TEST_STEP][PASSED] - setText(findTestObject(orPath_AddressContact + "/input_city"), " "): Text ' ' is set on object 'Object Repository/RAD_Pages/AddressAndContactInfo_Page/input_city'

2024-11-07 18:07:39 - [MESSAGE][PASSED] - Text ' ' is set on object 'Object Repository/RAD_Pages/AddressAndContactInfo_Page/input_city'

2024-11-07 18:07:39 - [TEST_STEP][PASSED] - setText(findTestObject(orPath_AddressContact + "/input_zipCode"), " "): Text ' ' is set on object 'Object Repository/RAD_Pages/AddressAndContactInfo_Page/input_zipCode'

2024-11-07 18:07:40 - [MESSAGE][PASSED] - Text ' ' is set on object 'Object Repository/RAD_Pages/AddressAndContactInfo_Page/input_zipCode'

2024-11-07 18:07:40 - [TEST_STEP][PASSED] - setText(findTestObject(orPath_AddressContact + "/input_phoneNumber"), " "): Text ' ' is set on object 'Object Repository/RAD_Pages/AddressAndContactInfo_Page/input_phoneNumber'

2024-11-07 18:07:41 - [MESSAGE][PASSED] - Text ' ' is set on object 'Object Repository/RAD_Pages/AddressAndContactInfo_Page/input_phoneNumber'

2024-11-07 18:07:41 - [TEST_STEP][PASSED] - setText(findTestObject(orPath_AddressContact + "/input_eMailAddress"), " "): Text ' ' is set on object 'Object Repository/RAD_Pages/AddressAndContactInfo_Page/input_eMailAddress'

2024-11-07 18:07:42 - [MESSAGE][PASSED] - Text ' ' is set on object 'Object Repository/RAD_Pages/AddressAndContactInfo_Page/input_eMailAddress'

2024-11-07 18:07:42 - [TEST_STEP][PASSED] - setText(findTestObject(orPath_AddressContact + "/input_reEnterEMailAddress"), " "): Text ' ' is set on object 'Object Repository/RAD_Pages/AddressAndContactInfo_Page/input_reEnterEMailAddress'

2024-11-07 18:07:42 - [MESSAGE][PASSED] - Text ' ' is set on object 'Object Repository/RAD_Pages/AddressAndContactInfo_Page/input_reEnterEMailAddress'

2024-11-07 18:07:42 - [TEST_STEP][PASSED] - if (TaxType.equalsIgnoreCase("Estate Tax")): null

2024-11-07 18:07:42 - [TEST_STEP][PASSED] - setText(findTestObject(orPath_Amount + "/input__paymentAmount"), ""): Text '' is set on object 'Object Repository/RAD_Pages/PaymentAmount_Page/input__paymentAmount'

2024-11-07 18:07:43 - [MESSAGE][PASSED] - Text '' is set on object 'Object Repository/RAD_Pages/PaymentAmount_Page/input__paymentAmount'

2024-11-07 18:07:43 - [TEST_STEP][PASSED] - resText = "Fail": null

2024-11-07 18:07:43 - [TEST_STEP][PASSED] - pages.WriteExcel.demoKey(resText, datText, resColumn, datCloumn, fileLoc, nameSheet, row): pages.WriteExcel.demoKey is PASSED

2024-11-07 18:07:43 - [MESSAGE][PASSED] - pages.WriteExcel.demoKey is PASSED

2024-11-07 18:07:43 - [TEST_STEP][PASSED] - verifyTextPresent("Enter business name", true, CONTINUE_ON_FAILURE): Text 'Enter business name' is present on page  using regular expression

2024-11-07 18:07:44 - [MESSAGE][PASSED] - Text 'Enter business name' is present on page  using regular expression

2024-11-07 18:07:44 - [TEST_STEP][PASSED] - verifyTextPresent("Enter business rep first name", true, CONTINUE_ON_FAILURE): Text 'Enter business rep first name' is present on page  using regular expression

2024-11-07 18:07:44 - [MESSAGE][PASSED] - Text 'Enter business rep first name' is present on page  using regular expression

2024-11-07 18:07:44 - [TEST_STEP][PASSED] - verifyTextPresent("Enter business rep last name", true, CONTINUE_ON_FAILURE): Text 'Enter business rep last name' is present on page  using regular expression

2024-11-07 18:07:45 - [MESSAGE][PASSED] - Text 'Enter business rep last name' is present on page  using regular expression

2024-11-07 18:07:45 - [TEST_STEP][PASSED] - verifyTextPresent("Enter address", true, CONTINUE_ON_FAILURE): Text 'Enter address' is present on page  using regular expression

2024-11-07 18:07:45 - [MESSAGE][PASSED] - Text 'Enter address' is present on page  using regular expression

2024-11-07 18:07:45 - [TEST_STEP][PASSED] - verifyTextPresent("Enter city", true, CONTINUE_ON_FAILURE): Text 'Enter city' is present on page  using regular expression

2024-11-07 18:07:45 - [MESSAGE][PASSED] - Text 'Enter city' is present on page  using regular expression

2024-11-07 18:07:45 - [TEST_STEP][PASSED] - verifyTextPresent("Enter ZIP code", true, CONTINUE_ON_FAILURE): Text 'Enter ZIP code' is present on page  using regular expression

2024-11-07 18:07:46 - [MESSAGE][PASSED] - Text 'Enter ZIP code' is present on page  using regular expression

2024-11-07 18:07:46 - [TEST_STEP][PASSED] - verifyTextPresent("Enter a valid phone number", true, CONTINUE_ON_FAILURE): Text 'Enter a valid phone number' is present on page  using regular expression

2024-11-07 18:07:46 - [MESSAGE][PASSED] - Text 'Enter a valid phone number' is present on page  using regular expression

2024-11-07 18:07:46 - [TEST_STEP][PASSED] - verifyTextPresent("Enter Email", true, CONTINUE_ON_FAILURE): Text 'Enter Email' is present on page  using regular expression

2024-11-07 18:07:46 - [MESSAGE][PASSED] - Text 'Enter Email' is present on page  using regular expression

2024-11-07 18:07:46 - [TEST_STEP][PASSED] - if (CRN.equalsIgnoreCase("Y")): null

2024-11-07 18:07:46 - [TEST_STEP][PASSED] - if (MFLicNum.equalsIgnoreCase("Y")): null

2024-11-07 18:07:46 - [TEST_STEP][PASSED] - if (isRequiredTextPresent == true): pages.WriteExcel.demoKey is PASSED

2024-11-07 18:07:46 - [TEST_STEP][PASSED] - println("All the relevant texts are present"): null

2024-11-07 18:07:46 - [TEST_STEP][PASSED] - markPassed("All the relevant texts are present"): All the relevant texts are present

2024-11-07 18:07:46 - [MESSAGE][PASSED] - All the relevant texts are present

2024-11-07 18:07:46 - [TEST_STEP][PASSED] - resText = "Pass": null

2024-11-07 18:07:46 - [TEST_STEP][PASSED] - pages.WriteExcel.demoKey(resText, datText, resColumn, datCloumn, fileLoc, nameSheet, row): pages.WriteExcel.demoKey is PASSED

2024-11-07 18:07:46 - [MESSAGE][PASSED] - pages.WriteExcel.demoKey is PASSED

2024-11-07 18:07:46 - [TEST_STEP][PASSED] - ExecuteTC = findTestData(dataFile).getValue("Execute", row): null

2024-11-07 18:07:46 - [TEST_STEP][PASSED] - TaxType = findTestData(dataFile).getValue("TaxType", row): null

2024-11-07 18:07:47 - [TEST_STEP][PASSED] - PaymentType = findTestData(dataFile).getValue("PaymentType", row): null

2024-11-07 18:07:47 - [TEST_STEP][PASSED] - feinSsn = findTestData(dataFile).getValue("FEINSSN", row): null

2024-11-07 18:07:47 - [TEST_STEP][PASSED] - CRN = findTestData(dataFile).getValue("CRN", row): null

2024-11-07 18:07:47 - [TEST_STEP][PASSED] - MFLicNum = findTestData(dataFile).getValue("MFLicNum", row): null

2024-11-07 18:07:47 - [TEST_STEP][PASSED] - if (ExecuteTC.equalsIgnoreCase("Y")): pages.WriteExcel.demoKey is PASSED

2024-11-07 18:07:47 - [TEST_STEP][PASSED] - out.println("Begin Record Number: " + row): null

2024-11-07 18:07:47 - [TEST_STEP][PASSED] - today = new java.util.Date(): null

2024-11-07 18:07:47 - [TEST_STEP][PASSED] - println(today): null

2024-11-07 18:07:47 - [TEST_STEP][PASSED] - datText = today: null

2024-11-07 18:07:47 - [TEST_STEP][PASSED] - logInfo("Payment Type: Existing Liability with Notice/Invoice Number"): Payment Type: Existing Liability with Notice/Invoice Number

2024-11-07 18:07:47 - [MESSAGE][INFO] - Payment Type: Existing Liability with Notice/Invoice Number

2024-11-07 18:07:47 - [TEST_STEP][PASSED] - logInfo("Tax Type: " + TaxType): Tax Type: PTE Tax Electing S Corp

2024-11-07 18:07:47 - [MESSAGE][INFO] - Tax Type: PTE Tax Electing S Corp

2024-11-07 18:07:47 - [TEST_STEP][PASSED] - openBrowser(""): Browser is opened with url: ''

2024-11-07 18:07:47 - [MESSAGE][WARNING] - A browser is already opened. Closing browser and opening a new one

2024-11-07 18:07:48 - [MESSAGE][INFO] - Starting 'Chrome' driver

2024-11-07 18:07:48 - [MESSAGE][INFO] - User set preference: ['acceptInsecureCerts', 'true']

2024-11-07 18:07:48 - [MESSAGE][INFO] - Action delay is set to 0 milliseconds

2024-11-07 18:07:50 - [MESSAGE][PASSED] - Browser is opened with url: ''

2024-11-07 18:07:50 - [TEST_STEP][PASSED] - maximizeWindow(): Current window maximized

2024-11-07 18:07:50 - [MESSAGE][PASSED] - Current window maximized

2024-11-07 18:07:50 - [TEST_STEP][PASSED] - navigateToUrl(RADurl): Navigate to 'https://www.velocitypayment.com/client/rad/index.html' successfully

2024-11-07 18:07:53 - [MESSAGE][PASSED] - Navigate to 'https://www.velocitypayment.com/client/rad/index.html' successfully

2024-11-07 18:07:53 - [TEST_STEP][PASSED] - selectOptionByLabel(findTestObject(orPath_Landing + "/dd_TaxType"), "Existing Liability with Notice/Invoice Number", false): All options with label 'Existing Liability with Notice/Invoice Number' are selected in object 'Object Repository/RAD_Pages/Landing_Page/dd_TaxType' 

2024-11-07 18:07:54 - [MESSAGE][PASSED] - All options with label 'Existing Liability with Notice/Invoice Number' are selected in object 'Object Repository/RAD_Pages/Landing_Page/dd_TaxType' 

2024-11-07 18:07:54 - [TEST_STEP][PASSED] - selectOptionByLabel(findTestObject(orPath_TaxTypeFilingYear + "/select_TaxType_ExistingLiability"), TaxType, false): All options with label 'PTE Tax Electing S Corp' are selected in object 'Object Repository/RAD_Pages/TaxTypeFilingYear_Page/select_TaxType_ExistingLiability' 

2024-11-07 18:07:54 - [MESSAGE][PASSED] - All options with label 'PTE Tax Electing S Corp' are selected in object 'Object Repository/RAD_Pages/TaxTypeFilingYear_Page/select_TaxType_ExistingLiability' 

2024-11-07 18:07:54 - [TEST_STEP][PASSED] - setText(findTestObject(orPath_TaxPayer + "/input_businessName"), " "): Text ' ' is set on object 'Object Repository/RAD_Pages/Taxpayer_Page/input_businessName'

2024-11-07 18:07:55 - [MESSAGE][PASSED] - Text ' ' is set on object 'Object Repository/RAD_Pages/Taxpayer_Page/input_businessName'

2024-11-07 18:07:55 - [TEST_STEP][PASSED] - setText(findTestObject(orPath_TaxPayer + "/input_BusinessRepfirstName"), " "): Text ' ' is set on object 'Object Repository/RAD_Pages/Taxpayer_Page/input_BusinessRepfirstName'

2024-11-07 18:07:56 - [MESSAGE][PASSED] - Text ' ' is set on object 'Object Repository/RAD_Pages/Taxpayer_Page/input_BusinessRepfirstName'

2024-11-07 18:07:56 - [TEST_STEP][PASSED] - setText(findTestObject(orPath_TaxPayer + "/input_BusinessReplastName"), " "): Text ' ' is set on object 'Object Repository/RAD_Pages/Taxpayer_Page/input_BusinessReplastName'

2024-11-07 18:07:57 - [MESSAGE][PASSED] - Text ' ' is set on object 'Object Repository/RAD_Pages/Taxpayer_Page/input_BusinessReplastName'

2024-11-07 18:07:57 - [TEST_STEP][PASSED] - setText(findTestObject(orPath_AddressContact + "/input_streetAddress1"), " "): Text ' ' is set on object 'Object Repository/RAD_Pages/AddressAndContactInfo_Page/input_streetAddress1'

2024-11-07 18:07:57 - [MESSAGE][PASSED] - Text ' ' is set on object 'Object Repository/RAD_Pages/AddressAndContactInfo_Page/input_streetAddress1'

2024-11-07 18:07:57 - [TEST_STEP][PASSED] - setText(findTestObject(orPath_AddressContact + "/input_city"), " "): Text ' ' is set on object 'Object Repository/RAD_Pages/AddressAndContactInfo_Page/input_city'

2024-11-07 18:07:58 - [MESSAGE][PASSED] - Text ' ' is set on object 'Object Repository/RAD_Pages/AddressAndContactInfo_Page/input_city'

2024-11-07 18:07:58 - [TEST_STEP][PASSED] - setText(findTestObject(orPath_AddressContact + "/input_zipCode"), " "): Text ' ' is set on object 'Object Repository/RAD_Pages/AddressAndContactInfo_Page/input_zipCode'

2024-11-07 18:07:59 - [MESSAGE][PASSED] - Text ' ' is set on object 'Object Repository/RAD_Pages/AddressAndContactInfo_Page/input_zipCode'

2024-11-07 18:07:59 - [TEST_STEP][PASSED] - setText(findTestObject(orPath_AddressContact + "/input_phoneNumber"), " "): Text ' ' is set on object 'Object Repository/RAD_Pages/AddressAndContactInfo_Page/input_phoneNumber'

2024-11-07 18:08:00 - [MESSAGE][PASSED] - Text ' ' is set on object 'Object Repository/RAD_Pages/AddressAndContactInfo_Page/input_phoneNumber'

2024-11-07 18:08:00 - [TEST_STEP][PASSED] - setText(findTestObject(orPath_AddressContact + "/input_eMailAddress"), " "): Text ' ' is set on object 'Object Repository/RAD_Pages/AddressAndContactInfo_Page/input_eMailAddress'

2024-11-07 18:08:00 - [MESSAGE][PASSED] - Text ' ' is set on object 'Object Repository/RAD_Pages/AddressAndContactInfo_Page/input_eMailAddress'

2024-11-07 18:08:00 - [TEST_STEP][PASSED] - setText(findTestObject(orPath_AddressContact + "/input_reEnterEMailAddress"), " "): Text ' ' is set on object 'Object Repository/RAD_Pages/AddressAndContactInfo_Page/input_reEnterEMailAddress'

2024-11-07 18:08:01 - [MESSAGE][PASSED] - Text ' ' is set on object 'Object Repository/RAD_Pages/AddressAndContactInfo_Page/input_reEnterEMailAddress'

2024-11-07 18:08:01 - [TEST_STEP][PASSED] - if (TaxType.equalsIgnoreCase("Estate Tax")): null

2024-11-07 18:08:01 - [TEST_STEP][PASSED] - setText(findTestObject(orPath_Amount + "/input__paymentAmount"), ""): Text '' is set on object 'Object Repository/RAD_Pages/PaymentAmount_Page/input__paymentAmount'

2024-11-07 18:08:02 - [MESSAGE][PASSED] - Text '' is set on object 'Object Repository/RAD_Pages/PaymentAmount_Page/input__paymentAmount'

2024-11-07 18:08:02 - [TEST_STEP][PASSED] - resText = "Fail": null

2024-11-07 18:08:02 - [TEST_STEP][PASSED] - pages.WriteExcel.demoKey(resText, datText, resColumn, datCloumn, fileLoc, nameSheet, row): pages.WriteExcel.demoKey is PASSED

2024-11-07 18:08:02 - [MESSAGE][PASSED] - pages.WriteExcel.demoKey is PASSED

2024-11-07 18:08:02 - [TEST_STEP][PASSED] - verifyTextPresent("Enter business name", true, CONTINUE_ON_FAILURE): Text 'Enter business name' is present on page  using regular expression

2024-11-07 18:08:03 - [MESSAGE][PASSED] - Text 'Enter business name' is present on page  using regular expression

2024-11-07 18:08:03 - [TEST_STEP][PASSED] - verifyTextPresent("Enter business rep first name", true, CONTINUE_ON_FAILURE): Text 'Enter business rep first name' is present on page  using regular expression

2024-11-07 18:08:03 - [MESSAGE][PASSED] - Text 'Enter business rep first name' is present on page  using regular expression

2024-11-07 18:08:03 - [TEST_STEP][PASSED] - verifyTextPresent("Enter business rep last name", true, CONTINUE_ON_FAILURE): Text 'Enter business rep last name' is present on page  using regular expression

2024-11-07 18:08:04 - [MESSAGE][PASSED] - Text 'Enter business rep last name' is present on page  using regular expression

2024-11-07 18:08:04 - [TEST_STEP][PASSED] - verifyTextPresent("Enter address", true, CONTINUE_ON_FAILURE): Text 'Enter address' is present on page  using regular expression

2024-11-07 18:08:04 - [MESSAGE][PASSED] - Text 'Enter address' is present on page  using regular expression

2024-11-07 18:08:04 - [TEST_STEP][PASSED] - verifyTextPresent("Enter city", true, CONTINUE_ON_FAILURE): Text 'Enter city' is present on page  using regular expression

2024-11-07 18:08:05 - [MESSAGE][PASSED] - Text 'Enter city' is present on page  using regular expression

2024-11-07 18:08:05 - [TEST_STEP][PASSED] - verifyTextPresent("Enter ZIP code", true, CONTINUE_ON_FAILURE): Text 'Enter ZIP code' is present on page  using regular expression

2024-11-07 18:08:05 - [MESSAGE][PASSED] - Text 'Enter ZIP code' is present on page  using regular expression

2024-11-07 18:08:05 - [TEST_STEP][PASSED] - verifyTextPresent("Enter a valid phone number", true, CONTINUE_ON_FAILURE): Text 'Enter a valid phone number' is present on page  using regular expression

2024-11-07 18:08:05 - [MESSAGE][PASSED] - Text 'Enter a valid phone number' is present on page  using regular expression

2024-11-07 18:08:05 - [TEST_STEP][PASSED] - verifyTextPresent("Enter Email", true, CONTINUE_ON_FAILURE): Text 'Enter Email' is present on page  using regular expression

2024-11-07 18:08:06 - [MESSAGE][PASSED] - Text 'Enter Email' is present on page  using regular expression

2024-11-07 18:08:06 - [TEST_STEP][PASSED] - if (CRN.equalsIgnoreCase("Y")): null

2024-11-07 18:08:06 - [TEST_STEP][PASSED] - if (MFLicNum.equalsIgnoreCase("Y")): null

2024-11-07 18:08:06 - [TEST_STEP][PASSED] - if (isRequiredTextPresent == true): pages.WriteExcel.demoKey is PASSED

2024-11-07 18:08:06 - [TEST_STEP][PASSED] - println("All the relevant texts are present"): null

2024-11-07 18:08:06 - [TEST_STEP][PASSED] - markPassed("All the relevant texts are present"): All the relevant texts are present

2024-11-07 18:08:06 - [MESSAGE][PASSED] - All the relevant texts are present

2024-11-07 18:08:06 - [TEST_STEP][PASSED] - resText = "Pass": null

2024-11-07 18:08:06 - [TEST_STEP][PASSED] - pages.WriteExcel.demoKey(resText, datText, resColumn, datCloumn, fileLoc, nameSheet, row): pages.WriteExcel.demoKey is PASSED

2024-11-07 18:08:06 - [MESSAGE][PASSED] - pages.WriteExcel.demoKey is PASSED

2024-11-07 18:08:06 - [TEST_STEP][PASSED] - ExecuteTC = findTestData(dataFile).getValue("Execute", row): null

2024-11-07 18:08:06 - [TEST_STEP][PASSED] - TaxType = findTestData(dataFile).getValue("TaxType", row): null

2024-11-07 18:08:06 - [TEST_STEP][PASSED] - PaymentType = findTestData(dataFile).getValue("PaymentType", row): null

2024-11-07 18:08:06 - [TEST_STEP][PASSED] - feinSsn = findTestData(dataFile).getValue("FEINSSN", row): null

2024-11-07 18:08:06 - [TEST_STEP][PASSED] - CRN = findTestData(dataFile).getValue("CRN", row): null

2024-11-07 18:08:06 - [TEST_STEP][PASSED] - MFLicNum = findTestData(dataFile).getValue("MFLicNum", row): null

2024-11-07 18:08:06 - [TEST_STEP][PASSED] - if (ExecuteTC.equalsIgnoreCase("Y")): pages.WriteExcel.demoKey is PASSED

2024-11-07 18:08:06 - [TEST_STEP][PASSED] - out.println("Begin Record Number: " + row): null

2024-11-07 18:08:06 - [TEST_STEP][PASSED] - today = new java.util.Date(): null

2024-11-07 18:08:06 - [TEST_STEP][PASSED] - println(today): null

2024-11-07 18:08:06 - [TEST_STEP][PASSED] - datText = today: null

2024-11-07 18:08:06 - [TEST_STEP][PASSED] - logInfo("Payment Type: Existing Liability with Notice/Invoice Number"): Payment Type: Existing Liability with Notice/Invoice Number

2024-11-07 18:08:06 - [MESSAGE][INFO] - Payment Type: Existing Liability with Notice/Invoice Number

2024-11-07 18:08:06 - [TEST_STEP][PASSED] - logInfo("Tax Type: " + TaxType): Tax Type: Admissions and Amusement Tax

2024-11-07 18:08:06 - [MESSAGE][INFO] - Tax Type: Admissions and Amusement Tax

2024-11-07 18:08:06 - [TEST_STEP][PASSED] - openBrowser(""): Browser is opened with url: ''

2024-11-07 18:08:06 - [MESSAGE][WARNING] - A browser is already opened. Closing browser and opening a new one

2024-11-07 18:08:08 - [MESSAGE][INFO] - Starting 'Chrome' driver

2024-11-07 18:08:08 - [MESSAGE][INFO] - User set preference: ['acceptInsecureCerts', 'true']

2024-11-07 18:08:08 - [MESSAGE][INFO] - Action delay is set to 0 milliseconds

2024-11-07 18:08:10 - [MESSAGE][PASSED] - Browser is opened with url: ''

2024-11-07 18:08:10 - [TEST_STEP][PASSED] - maximizeWindow(): Current window maximized

2024-11-07 18:08:10 - [MESSAGE][PASSED] - Current window maximized

2024-11-07 18:08:10 - [TEST_STEP][PASSED] - navigateToUrl(RADurl): Navigate to 'https://www.velocitypayment.com/client/rad/index.html' successfully

2024-11-07 18:08:13 - [MESSAGE][PASSED] - Navigate to 'https://www.velocitypayment.com/client/rad/index.html' successfully

2024-11-07 18:08:13 - [TEST_STEP][PASSED] - selectOptionByLabel(findTestObject(orPath_Landing + "/dd_TaxType"), "Existing Liability with Notice/Invoice Number", false): All options with label 'Existing Liability with Notice/Invoice Number' are selected in object 'Object Repository/RAD_Pages/Landing_Page/dd_TaxType' 

2024-11-07 18:08:14 - [MESSAGE][PASSED] - All options with label 'Existing Liability with Notice/Invoice Number' are selected in object 'Object Repository/RAD_Pages/Landing_Page/dd_TaxType' 

2024-11-07 18:08:14 - [TEST_STEP][PASSED] - selectOptionByLabel(findTestObject(orPath_TaxTypeFilingYear + "/select_TaxType_ExistingLiability"), TaxType, false): All options with label 'Admissions and Amusement Tax' are selected in object 'Object Repository/RAD_Pages/TaxTypeFilingYear_Page/select_TaxType_ExistingLiability' 

2024-11-07 18:08:14 - [MESSAGE][PASSED] - All options with label 'Admissions and Amusement Tax' are selected in object 'Object Repository/RAD_Pages/TaxTypeFilingYear_Page/select_TaxType_ExistingLiability' 

2024-11-07 18:08:14 - [TEST_STEP][PASSED] - setText(findTestObject(orPath_TaxPayer + "/input_businessName"), " "): Text ' ' is set on object 'Object Repository/RAD_Pages/Taxpayer_Page/input_businessName'

2024-11-07 18:08:15 - [MESSAGE][PASSED] - Text ' ' is set on object 'Object Repository/RAD_Pages/Taxpayer_Page/input_businessName'

2024-11-07 18:08:15 - [TEST_STEP][PASSED] - setText(findTestObject(orPath_TaxPayer + "/input_BusinessRepfirstName"), " "): Text ' ' is set on object 'Object Repository/RAD_Pages/Taxpayer_Page/input_BusinessRepfirstName'

2024-11-07 18:08:16 - [MESSAGE][PASSED] - Text ' ' is set on object 'Object Repository/RAD_Pages/Taxpayer_Page/input_BusinessRepfirstName'

2024-11-07 18:08:16 - [TEST_STEP][PASSED] - setText(findTestObject(orPath_TaxPayer + "/input_BusinessReplastName"), " "): Text ' ' is set on object 'Object Repository/RAD_Pages/Taxpayer_Page/input_BusinessReplastName'

2024-11-07 18:08:17 - [MESSAGE][PASSED] - Text ' ' is set on object 'Object Repository/RAD_Pages/Taxpayer_Page/input_BusinessReplastName'

2024-11-07 18:08:17 - [TEST_STEP][PASSED] - setText(findTestObject(orPath_AddressContact + "/input_streetAddress1"), " "): Text ' ' is set on object 'Object Repository/RAD_Pages/AddressAndContactInfo_Page/input_streetAddress1'

2024-11-07 18:08:17 - [MESSAGE][PASSED] - Text ' ' is set on object 'Object Repository/RAD_Pages/AddressAndContactInfo_Page/input_streetAddress1'

2024-11-07 18:08:17 - [TEST_STEP][PASSED] - setText(findTestObject(orPath_AddressContact + "/input_city"), " "): Text ' ' is set on object 'Object Repository/RAD_Pages/AddressAndContactInfo_Page/input_city'

2024-11-07 18:08:18 - [MESSAGE][PASSED] - Text ' ' is set on object 'Object Repository/RAD_Pages/AddressAndContactInfo_Page/input_city'

2024-11-07 18:08:18 - [TEST_STEP][PASSED] - setText(findTestObject(orPath_AddressContact + "/input_zipCode"), " "): Text ' ' is set on object 'Object Repository/RAD_Pages/AddressAndContactInfo_Page/input_zipCode'

2024-11-07 18:08:19 - [MESSAGE][PASSED] - Text ' ' is set on object 'Object Repository/RAD_Pages/AddressAndContactInfo_Page/input_zipCode'

2024-11-07 18:08:19 - [TEST_STEP][PASSED] - setText(findTestObject(orPath_AddressContact + "/input_phoneNumber"), " "): Text ' ' is set on object 'Object Repository/RAD_Pages/AddressAndContactInfo_Page/input_phoneNumber'

2024-11-07 18:08:20 - [MESSAGE][PASSED] - Text ' ' is set on object 'Object Repository/RAD_Pages/AddressAndContactInfo_Page/input_phoneNumber'

2024-11-07 18:08:20 - [TEST_STEP][PASSED] - setText(findTestObject(orPath_AddressContact + "/input_eMailAddress"), " "): Text ' ' is set on object 'Object Repository/RAD_Pages/AddressAndContactInfo_Page/input_eMailAddress'

2024-11-07 18:08:21 - [MESSAGE][PASSED] - Text ' ' is set on object 'Object Repository/RAD_Pages/AddressAndContactInfo_Page/input_eMailAddress'

2024-11-07 18:08:21 - [TEST_STEP][PASSED] - setText(findTestObject(orPath_AddressContact + "/input_reEnterEMailAddress"), " "): Text ' ' is set on object 'Object Repository/RAD_Pages/AddressAndContactInfo_Page/input_reEnterEMailAddress'

2024-11-07 18:08:21 - [MESSAGE][PASSED] - Text ' ' is set on object 'Object Repository/RAD_Pages/AddressAndContactInfo_Page/input_reEnterEMailAddress'

2024-11-07 18:08:21 - [TEST_STEP][PASSED] - if (TaxType.equalsIgnoreCase("Estate Tax")): null

2024-11-07 18:08:21 - [TEST_STEP][PASSED] - setText(findTestObject(orPath_Amount + "/input__paymentAmount"), ""): Text '' is set on object 'Object Repository/RAD_Pages/PaymentAmount_Page/input__paymentAmount'

2024-11-07 18:08:22 - [MESSAGE][PASSED] - Text '' is set on object 'Object Repository/RAD_Pages/PaymentAmount_Page/input__paymentAmount'

2024-11-07 18:08:22 - [TEST_STEP][PASSED] - resText = "Fail": null

2024-11-07 18:08:22 - [TEST_STEP][PASSED] - pages.WriteExcel.demoKey(resText, datText, resColumn, datCloumn, fileLoc, nameSheet, row): pages.WriteExcel.demoKey is PASSED

2024-11-07 18:08:22 - [MESSAGE][PASSED] - pages.WriteExcel.demoKey is PASSED

2024-11-07 18:08:22 - [TEST_STEP][PASSED] - verifyTextPresent("Enter business name", true, CONTINUE_ON_FAILURE): Text 'Enter business name' is present on page  using regular expression

2024-11-07 18:08:23 - [MESSAGE][PASSED] - Text 'Enter business name' is present on page  using regular expression

2024-11-07 18:08:23 - [TEST_STEP][PASSED] - verifyTextPresent("Enter business rep first name", true, CONTINUE_ON_FAILURE): Text 'Enter business rep first name' is present on page  using regular expression

2024-11-07 18:08:23 - [MESSAGE][PASSED] - Text 'Enter business rep first name' is present on page  using regular expression

2024-11-07 18:08:23 - [TEST_STEP][PASSED] - verifyTextPresent("Enter business rep last name", true, CONTINUE_ON_FAILURE): Text 'Enter business rep last name' is present on page  using regular expression

2024-11-07 18:08:23 - [MESSAGE][PASSED] - Text 'Enter business rep last name' is present on page  using regular expression

2024-11-07 18:08:23 - [TEST_STEP][PASSED] - verifyTextPresent("Enter address", true, CONTINUE_ON_FAILURE): Text 'Enter address' is present on page  using regular expression

2024-11-07 18:08:24 - [MESSAGE][PASSED] - Text 'Enter address' is present on page  using regular expression

2024-11-07 18:08:24 - [TEST_STEP][PASSED] - verifyTextPresent("Enter city", true, CONTINUE_ON_FAILURE): Text 'Enter city' is present on page  using regular expression

2024-11-07 18:08:24 - [MESSAGE][PASSED] - Text 'Enter city' is present on page  using regular expression

2024-11-07 18:08:24 - [TEST_STEP][PASSED] - verifyTextPresent("Enter ZIP code", true, CONTINUE_ON_FAILURE): Text 'Enter ZIP code' is present on page  using regular expression

2024-11-07 18:08:25 - [MESSAGE][PASSED] - Text 'Enter ZIP code' is present on page  using regular expression

2024-11-07 18:08:25 - [TEST_STEP][PASSED] - verifyTextPresent("Enter a valid phone number", true, CONTINUE_ON_FAILURE): Text 'Enter a valid phone number' is present on page  using regular expression

2024-11-07 18:08:25 - [MESSAGE][PASSED] - Text 'Enter a valid phone number' is present on page  using regular expression

2024-11-07 18:08:25 - [TEST_STEP][PASSED] - verifyTextPresent("Enter Email", true, CONTINUE_ON_FAILURE): Text 'Enter Email' is present on page  using regular expression

2024-11-07 18:08:25 - [MESSAGE][PASSED] - Text 'Enter Email' is present on page  using regular expression

2024-11-07 18:08:25 - [TEST_STEP][PASSED] - if (CRN.equalsIgnoreCase("Y")): null

2024-11-07 18:08:25 - [TEST_STEP][PASSED] - setText(findTestObject(orPath_TaxInfo + "/input_MDCRegistrationEL"), " "): Text ' ' is set on object 'Object Repository/RAD_Pages/TaxInfo_Page/input_MDCRegistrationEL'

2024-11-07 18:08:26 - [MESSAGE][PASSED] - Text ' ' is set on object 'Object Repository/RAD_Pages/TaxInfo_Page/input_MDCRegistrationEL'

2024-11-07 18:08:26 - [TEST_STEP][PASSED] - setText(findTestObject(orPath_Amount + "/input__paymentAmount"), ""): Text '' is set on object 'Object Repository/RAD_Pages/PaymentAmount_Page/input__paymentAmount'

2024-11-07 18:08:27 - [MESSAGE][PASSED] - Text '' is set on object 'Object Repository/RAD_Pages/PaymentAmount_Page/input__paymentAmount'

2024-11-07 18:08:27 - [TEST_STEP][PASSED] - if (verifyTextPresent("Enter valid MD Central Registration Number", false)): null

2024-11-07 18:08:27 - [MESSAGE][PASSED] - Text 'Enter valid MD Central Registration Number' is present on page 

2024-11-07 18:08:27 - [TEST_STEP][PASSED] - isRequiredTextPresent = true: null

2024-11-07 18:08:27 - [TEST_STEP][PASSED] - if (MFLicNum.equalsIgnoreCase("Y")): null

2024-11-07 18:08:27 - [TEST_STEP][PASSED] - if (isRequiredTextPresent == true): pages.WriteExcel.demoKey is PASSED

2024-11-07 18:08:27 - [TEST_STEP][PASSED] - println("All the relevant texts are present"): null

2024-11-07 18:08:27 - [TEST_STEP][PASSED] - markPassed("All the relevant texts are present"): All the relevant texts are present

2024-11-07 18:08:27 - [MESSAGE][PASSED] - All the relevant texts are present

2024-11-07 18:08:27 - [TEST_STEP][PASSED] - resText = "Pass": null

2024-11-07 18:08:27 - [TEST_STEP][PASSED] - pages.WriteExcel.demoKey(resText, datText, resColumn, datCloumn, fileLoc, nameSheet, row): pages.WriteExcel.demoKey is PASSED

2024-11-07 18:08:27 - [MESSAGE][PASSED] - pages.WriteExcel.demoKey is PASSED

2024-11-07 18:08:27 - [TEST_STEP][PASSED] - ExecuteTC = findTestData(dataFile).getValue("Execute", row): null

2024-11-07 18:08:27 - [TEST_STEP][PASSED] - TaxType = findTestData(dataFile).getValue("TaxType", row): null

2024-11-07 18:08:27 - [TEST_STEP][PASSED] - PaymentType = findTestData(dataFile).getValue("PaymentType", row): null

2024-11-07 18:08:27 - [TEST_STEP][PASSED] - feinSsn = findTestData(dataFile).getValue("FEINSSN", row): null

2024-11-07 18:08:27 - [TEST_STEP][PASSED] - CRN = findTestData(dataFile).getValue("CRN", row): null

2024-11-07 18:08:27 - [TEST_STEP][PASSED] - MFLicNum = findTestData(dataFile).getValue("MFLicNum", row): null

2024-11-07 18:08:27 - [TEST_STEP][PASSED] - if (ExecuteTC.equalsIgnoreCase("Y")): pages.WriteExcel.demoKey is PASSED

2024-11-07 18:08:27 - [TEST_STEP][PASSED] - out.println("Begin Record Number: " + row): null

2024-11-07 18:08:27 - [TEST_STEP][PASSED] - today = new java.util.Date(): null

2024-11-07 18:08:27 - [TEST_STEP][PASSED] - println(today): null

2024-11-07 18:08:27 - [TEST_STEP][PASSED] - datText = today: null

2024-11-07 18:08:27 - [TEST_STEP][PASSED] - logInfo("Payment Type: Existing Liability with Notice/Invoice Number"): Payment Type: Existing Liability with Notice/Invoice Number

2024-11-07 18:08:27 - [MESSAGE][INFO] - Payment Type: Existing Liability with Notice/Invoice Number

2024-11-07 18:08:27 - [TEST_STEP][PASSED] - logInfo("Tax Type: " + TaxType): Tax Type: Motor Fuel Tax

2024-11-07 18:08:27 - [MESSAGE][INFO] - Tax Type: Motor Fuel Tax

2024-11-07 18:08:27 - [TEST_STEP][PASSED] - openBrowser(""): Browser is opened with url: ''

2024-11-07 18:08:27 - [MESSAGE][WARNING] - A browser is already opened. Closing browser and opening a new one

2024-11-07 18:08:29 - [MESSAGE][INFO] - Starting 'Chrome' driver

2024-11-07 18:08:29 - [MESSAGE][INFO] - User set preference: ['acceptInsecureCerts', 'true']

2024-11-07 18:08:29 - [MESSAGE][INFO] - Action delay is set to 0 milliseconds

2024-11-07 18:08:31 - [MESSAGE][PASSED] - Browser is opened with url: ''

2024-11-07 18:08:31 - [TEST_STEP][PASSED] - maximizeWindow(): Current window maximized

2024-11-07 18:08:31 - [MESSAGE][PASSED] - Current window maximized

2024-11-07 18:08:31 - [TEST_STEP][PASSED] - navigateToUrl(RADurl): Navigate to 'https://www.velocitypayment.com/client/rad/index.html' successfully

2024-11-07 18:08:36 - [MESSAGE][PASSED] - Navigate to 'https://www.velocitypayment.com/client/rad/index.html' successfully

2024-11-07 18:08:36 - [TEST_STEP][PASSED] - selectOptionByLabel(findTestObject(orPath_Landing + "/dd_TaxType"), "Existing Liability with Notice/Invoice Number", false): All options with label 'Existing Liability with Notice/Invoice Number' are selected in object 'Object Repository/RAD_Pages/Landing_Page/dd_TaxType' 

2024-11-07 18:08:37 - [MESSAGE][PASSED] - All options with label 'Existing Liability with Notice/Invoice Number' are selected in object 'Object Repository/RAD_Pages/Landing_Page/dd_TaxType' 

2024-11-07 18:08:37 - [TEST_STEP][PASSED] - selectOptionByLabel(findTestObject(orPath_TaxTypeFilingYear + "/select_TaxType_ExistingLiability"), TaxType, false): All options with label 'Motor Fuel Tax' are selected in object 'Object Repository/RAD_Pages/TaxTypeFilingYear_Page/select_TaxType_ExistingLiability' 

2024-11-07 18:08:37 - [MESSAGE][PASSED] - All options with label 'Motor Fuel Tax' are selected in object 'Object Repository/RAD_Pages/TaxTypeFilingYear_Page/select_TaxType_ExistingLiability' 

2024-11-07 18:08:37 - [TEST_STEP][PASSED] - setText(findTestObject(orPath_TaxPayer + "/input_businessName"), " "): Text ' ' is set on object 'Object Repository/RAD_Pages/Taxpayer_Page/input_businessName'

2024-11-07 18:08:38 - [MESSAGE][PASSED] - Text ' ' is set on object 'Object Repository/RAD_Pages/Taxpayer_Page/input_businessName'

2024-11-07 18:08:38 - [TEST_STEP][PASSED] - setText(findTestObject(orPath_TaxPayer + "/input_BusinessRepfirstName"), " "): Text ' ' is set on object 'Object Repository/RAD_Pages/Taxpayer_Page/input_BusinessRepfirstName'

2024-11-07 18:08:39 - [MESSAGE][PASSED] - Text ' ' is set on object 'Object Repository/RAD_Pages/Taxpayer_Page/input_BusinessRepfirstName'

2024-11-07 18:08:39 - [TEST_STEP][PASSED] - setText(findTestObject(orPath_TaxPayer + "/input_BusinessReplastName"), " "): Text ' ' is set on object 'Object Repository/RAD_Pages/Taxpayer_Page/input_BusinessReplastName'

2024-11-07 18:08:40 - [MESSAGE][PASSED] - Text ' ' is set on object 'Object Repository/RAD_Pages/Taxpayer_Page/input_BusinessReplastName'

2024-11-07 18:08:40 - [TEST_STEP][PASSED] - setText(findTestObject(orPath_AddressContact + "/input_streetAddress1"), " "): Text ' ' is set on object 'Object Repository/RAD_Pages/AddressAndContactInfo_Page/input_streetAddress1'

2024-11-07 18:08:40 - [MESSAGE][PASSED] - Text ' ' is set on object 'Object Repository/RAD_Pages/AddressAndContactInfo_Page/input_streetAddress1'

2024-11-07 18:08:40 - [TEST_STEP][PASSED] - setText(findTestObject(orPath_AddressContact + "/input_city"), " "): Text ' ' is set on object 'Object Repository/RAD_Pages/AddressAndContactInfo_Page/input_city'

2024-11-07 18:08:41 - [MESSAGE][PASSED] - Text ' ' is set on object 'Object Repository/RAD_Pages/AddressAndContactInfo_Page/input_city'

2024-11-07 18:08:41 - [TEST_STEP][PASSED] - setText(findTestObject(orPath_AddressContact + "/input_zipCode"), " "): Text ' ' is set on object 'Object Repository/RAD_Pages/AddressAndContactInfo_Page/input_zipCode'

2024-11-07 18:08:42 - [MESSAGE][PASSED] - Text ' ' is set on object 'Object Repository/RAD_Pages/AddressAndContactInfo_Page/input_zipCode'

2024-11-07 18:08:42 - [TEST_STEP][PASSED] - setText(findTestObject(orPath_AddressContact + "/input_phoneNumber"), " "): Text ' ' is set on object 'Object Repository/RAD_Pages/AddressAndContactInfo_Page/input_phoneNumber'

2024-11-07 18:08:43 - [MESSAGE][PASSED] - Text ' ' is set on object 'Object Repository/RAD_Pages/AddressAndContactInfo_Page/input_phoneNumber'

2024-11-07 18:08:43 - [TEST_STEP][PASSED] - setText(findTestObject(orPath_AddressContact + "/input_eMailAddress"), " "): Text ' ' is set on object 'Object Repository/RAD_Pages/AddressAndContactInfo_Page/input_eMailAddress'

2024-11-07 18:08:43 - [MESSAGE][PASSED] - Text ' ' is set on object 'Object Repository/RAD_Pages/AddressAndContactInfo_Page/input_eMailAddress'

2024-11-07 18:08:43 - [TEST_STEP][PASSED] - setText(findTestObject(orPath_AddressContact + "/input_reEnterEMailAddress"), " "): Text ' ' is set on object 'Object Repository/RAD_Pages/AddressAndContactInfo_Page/input_reEnterEMailAddress'

2024-11-07 18:08:44 - [MESSAGE][PASSED] - Text ' ' is set on object 'Object Repository/RAD_Pages/AddressAndContactInfo_Page/input_reEnterEMailAddress'

2024-11-07 18:08:44 - [TEST_STEP][PASSED] - if (TaxType.equalsIgnoreCase("Estate Tax")): null

2024-11-07 18:08:44 - [TEST_STEP][PASSED] - setText(findTestObject(orPath_Amount + "/input__paymentAmount"), ""): Text '' is set on object 'Object Repository/RAD_Pages/PaymentAmount_Page/input__paymentAmount'

2024-11-07 18:08:45 - [MESSAGE][PASSED] - Text '' is set on object 'Object Repository/RAD_Pages/PaymentAmount_Page/input__paymentAmount'

2024-11-07 18:08:45 - [TEST_STEP][PASSED] - resText = "Fail": null

2024-11-07 18:08:45 - [TEST_STEP][PASSED] - pages.WriteExcel.demoKey(resText, datText, resColumn, datCloumn, fileLoc, nameSheet, row): pages.WriteExcel.demoKey is PASSED

2024-11-07 18:08:45 - [MESSAGE][PASSED] - pages.WriteExcel.demoKey is PASSED

2024-11-07 18:08:45 - [TEST_STEP][PASSED] - verifyTextPresent("Enter business name", true, CONTINUE_ON_FAILURE): Text 'Enter business name' is present on page  using regular expression

2024-11-07 18:08:46 - [MESSAGE][PASSED] - Text 'Enter business name' is present on page  using regular expression

2024-11-07 18:08:46 - [TEST_STEP][PASSED] - verifyTextPresent("Enter business rep first name", true, CONTINUE_ON_FAILURE): Text 'Enter business rep first name' is present on page  using regular expression

2024-11-07 18:08:46 - [MESSAGE][PASSED] - Text 'Enter business rep first name' is present on page  using regular expression

2024-11-07 18:08:46 - [TEST_STEP][PASSED] - verifyTextPresent("Enter business rep last name", true, CONTINUE_ON_FAILURE): Text 'Enter business rep last name' is present on page  using regular expression

2024-11-07 18:08:46 - [MESSAGE][PASSED] - Text 'Enter business rep last name' is present on page  using regular expression

2024-11-07 18:08:46 - [TEST_STEP][PASSED] - verifyTextPresent("Enter address", true, CONTINUE_ON_FAILURE): Text 'Enter address' is present on page  using regular expression

2024-11-07 18:08:47 - [MESSAGE][PASSED] - Text 'Enter address' is present on page  using regular expression

2024-11-07 18:08:47 - [TEST_STEP][PASSED] - verifyTextPresent("Enter city", true, CONTINUE_ON_FAILURE): Text 'Enter city' is present on page  using regular expression

2024-11-07 18:08:47 - [MESSAGE][PASSED] - Text 'Enter city' is present on page  using regular expression

2024-11-07 18:08:47 - [TEST_STEP][PASSED] - verifyTextPresent("Enter ZIP code", true, CONTINUE_ON_FAILURE): Text 'Enter ZIP code' is present on page  using regular expression

2024-11-07 18:08:47 - [MESSAGE][PASSED] - Text 'Enter ZIP code' is present on page  using regular expression

2024-11-07 18:08:47 - [TEST_STEP][PASSED] - verifyTextPresent("Enter a valid phone number", true, CONTINUE_ON_FAILURE): Text 'Enter a valid phone number' is present on page  using regular expression

2024-11-07 18:08:48 - [MESSAGE][PASSED] - Text 'Enter a valid phone number' is present on page  using regular expression

2024-11-07 18:08:48 - [TEST_STEP][PASSED] - verifyTextPresent("Enter Email", true, CONTINUE_ON_FAILURE): Text 'Enter Email' is present on page  using regular expression

2024-11-07 18:08:48 - [MESSAGE][PASSED] - Text 'Enter Email' is present on page  using regular expression

2024-11-07 18:08:48 - [TEST_STEP][PASSED] - if (CRN.equalsIgnoreCase("Y")): null

2024-11-07 18:08:48 - [TEST_STEP][PASSED] - if (MFLicNum.equalsIgnoreCase("Y")): null

2024-11-07 18:08:48 - [TEST_STEP][PASSED] - setText(findTestObject(orPath_TaxInfo + "/input_MFLicenseExtLi"), " "): Text ' ' is set on object 'Object Repository/RAD_Pages/TaxInfo_Page/input_MFLicenseExtLi'

2024-11-07 18:08:49 - [MESSAGE][PASSED] - Text ' ' is set on object 'Object Repository/RAD_Pages/TaxInfo_Page/input_MFLicenseExtLi'

2024-11-07 18:08:49 - [TEST_STEP][PASSED] - setText(findTestObject(orPath_Amount + "/input__paymentAmount"), ""): Text '' is set on object 'Object Repository/RAD_Pages/PaymentAmount_Page/input__paymentAmount'

2024-11-07 18:08:49 - [MESSAGE][PASSED] - Text '' is set on object 'Object Repository/RAD_Pages/PaymentAmount_Page/input__paymentAmount'

2024-11-07 18:08:49 - [TEST_STEP][PASSED] - if (verifyTextPresent("Motor Fuel License Number must be 5 or 6 digits in length, with a value greater than zero", false)): null

2024-11-07 18:08:50 - [MESSAGE][PASSED] - Text 'Motor Fuel License Number must be 5 or 6 digits in length, with a value greater than zero' is present on page 

2024-11-07 18:08:50 - [TEST_STEP][PASSED] - isRequiredTextPresent = true: null

2024-11-07 18:08:50 - [TEST_STEP][PASSED] - if (isRequiredTextPresent == true): pages.WriteExcel.demoKey is PASSED

2024-11-07 18:08:50 - [TEST_STEP][PASSED] - println("All the relevant texts are present"): null

2024-11-07 18:08:50 - [TEST_STEP][PASSED] - markPassed("All the relevant texts are present"): All the relevant texts are present

2024-11-07 18:08:50 - [MESSAGE][PASSED] - All the relevant texts are present

2024-11-07 18:08:50 - [TEST_STEP][PASSED] - resText = "Pass": null

2024-11-07 18:08:50 - [TEST_STEP][PASSED] - pages.WriteExcel.demoKey(resText, datText, resColumn, datCloumn, fileLoc, nameSheet, row): pages.WriteExcel.demoKey is PASSED

2024-11-07 18:08:50 - [MESSAGE][PASSED] - pages.WriteExcel.demoKey is PASSED

2024-11-07 18:08:50 - [TEST_STEP][PASSED] - ExecuteTC = findTestData(dataFile).getValue("Execute", row): null

2024-11-07 18:08:50 - [TEST_STEP][PASSED] - TaxType = findTestData(dataFile).getValue("TaxType", row): null

2024-11-07 18:08:50 - [TEST_STEP][PASSED] - PaymentType = findTestData(dataFile).getValue("PaymentType", row): null

2024-11-07 18:08:50 - [TEST_STEP][PASSED] - feinSsn = findTestData(dataFile).getValue("FEINSSN", row): null

2024-11-07 18:08:51 - [TEST_STEP][PASSED] - CRN = findTestData(dataFile).getValue("CRN", row): null

2024-11-07 18:08:51 - [TEST_STEP][PASSED] - MFLicNum = findTestData(dataFile).getValue("MFLicNum", row): null

2024-11-07 18:08:51 - [TEST_STEP][PASSED] - if (ExecuteTC.equalsIgnoreCase("Y")): pages.WriteExcel.demoKey is PASSED

2024-11-07 18:08:51 - [TEST_STEP][PASSED] - out.println("Begin Record Number: " + row): null

2024-11-07 18:08:51 - [TEST_STEP][PASSED] - today = new java.util.Date(): null

2024-11-07 18:08:51 - [TEST_STEP][PASSED] - println(today): null

2024-11-07 18:08:51 - [TEST_STEP][PASSED] - datText = today: null

2024-11-07 18:08:51 - [TEST_STEP][PASSED] - logInfo("Payment Type: Existing Liability with Notice/Invoice Number"): Payment Type: Existing Liability with Notice/Invoice Number

2024-11-07 18:08:51 - [MESSAGE][INFO] - Payment Type: Existing Liability with Notice/Invoice Number

2024-11-07 18:08:51 - [TEST_STEP][PASSED] - logInfo("Tax Type: " + TaxType): Tax Type: Slots License Fee

2024-11-07 18:08:51 - [MESSAGE][INFO] - Tax Type: Slots License Fee

2024-11-07 18:08:51 - [TEST_STEP][PASSED] - openBrowser(""): Browser is opened with url: ''

2024-11-07 18:08:51 - [MESSAGE][WARNING] - A browser is already opened. Closing browser and opening a new one

2024-11-07 18:08:53 - [MESSAGE][INFO] - Starting 'Chrome' driver

2024-11-07 18:08:53 - [MESSAGE][INFO] - User set preference: ['acceptInsecureCerts', 'true']

2024-11-07 18:08:53 - [MESSAGE][INFO] - Action delay is set to 0 milliseconds

2024-11-07 18:08:54 - [MESSAGE][PASSED] - Browser is opened with url: ''

2024-11-07 18:08:54 - [TEST_STEP][PASSED] - maximizeWindow(): Current window maximized

2024-11-07 18:08:54 - [MESSAGE][PASSED] - Current window maximized

2024-11-07 18:08:54 - [TEST_STEP][PASSED] - navigateToUrl(RADurl): Navigate to 'https://www.velocitypayment.com/client/rad/index.html' successfully

2024-11-07 18:08:57 - [MESSAGE][PASSED] - Navigate to 'https://www.velocitypayment.com/client/rad/index.html' successfully

2024-11-07 18:08:57 - [TEST_STEP][PASSED] - selectOptionByLabel(findTestObject(orPath_Landing + "/dd_TaxType"), "Existing Liability with Notice/Invoice Number", false): All options with label 'Existing Liability with Notice/Invoice Number' are selected in object 'Object Repository/RAD_Pages/Landing_Page/dd_TaxType' 

2024-11-07 18:08:57 - [MESSAGE][PASSED] - All options with label 'Existing Liability with Notice/Invoice Number' are selected in object 'Object Repository/RAD_Pages/Landing_Page/dd_TaxType' 

2024-11-07 18:08:57 - [TEST_STEP][PASSED] - selectOptionByLabel(findTestObject(orPath_TaxTypeFilingYear + "/select_TaxType_ExistingLiability"), TaxType, false): All options with label 'Slots License Fee' are selected in object 'Object Repository/RAD_Pages/TaxTypeFilingYear_Page/select_TaxType_ExistingLiability' 

2024-11-07 18:08:58 - [MESSAGE][PASSED] - All options with label 'Slots License Fee' are selected in object 'Object Repository/RAD_Pages/TaxTypeFilingYear_Page/select_TaxType_ExistingLiability' 

2024-11-07 18:08:58 - [TEST_STEP][PASSED] - setText(findTestObject(orPath_TaxPayer + "/input_businessName"), " "): Text ' ' is set on object 'Object Repository/RAD_Pages/Taxpayer_Page/input_businessName'

2024-11-07 18:08:59 - [MESSAGE][PASSED] - Text ' ' is set on object 'Object Repository/RAD_Pages/Taxpayer_Page/input_businessName'

2024-11-07 18:08:59 - [TEST_STEP][PASSED] - setText(findTestObject(orPath_TaxPayer + "/input_BusinessRepfirstName"), " "): Text ' ' is set on object 'Object Repository/RAD_Pages/Taxpayer_Page/input_BusinessRepfirstName'

2024-11-07 18:09:00 - [MESSAGE][PASSED] - Text ' ' is set on object 'Object Repository/RAD_Pages/Taxpayer_Page/input_BusinessRepfirstName'

2024-11-07 18:09:00 - [TEST_STEP][PASSED] - setText(findTestObject(orPath_TaxPayer + "/input_BusinessReplastName"), " "): Text ' ' is set on object 'Object Repository/RAD_Pages/Taxpayer_Page/input_BusinessReplastName'

2024-11-07 18:09:00 - [MESSAGE][PASSED] - Text ' ' is set on object 'Object Repository/RAD_Pages/Taxpayer_Page/input_BusinessReplastName'

2024-11-07 18:09:00 - [TEST_STEP][PASSED] - setText(findTestObject(orPath_AddressContact + "/input_streetAddress1"), " "): Text ' ' is set on object 'Object Repository/RAD_Pages/AddressAndContactInfo_Page/input_streetAddress1'

2024-11-07 18:09:01 - [MESSAGE][PASSED] - Text ' ' is set on object 'Object Repository/RAD_Pages/AddressAndContactInfo_Page/input_streetAddress1'

2024-11-07 18:09:01 - [TEST_STEP][PASSED] - setText(findTestObject(orPath_AddressContact + "/input_city"), " "): Text ' ' is set on object 'Object Repository/RAD_Pages/AddressAndContactInfo_Page/input_city'

2024-11-07 18:09:02 - [MESSAGE][PASSED] - Text ' ' is set on object 'Object Repository/RAD_Pages/AddressAndContactInfo_Page/input_city'

2024-11-07 18:09:02 - [TEST_STEP][PASSED] - setText(findTestObject(orPath_AddressContact + "/input_zipCode"), " "): Text ' ' is set on object 'Object Repository/RAD_Pages/AddressAndContactInfo_Page/input_zipCode'

2024-11-07 18:09:03 - [MESSAGE][PASSED] - Text ' ' is set on object 'Object Repository/RAD_Pages/AddressAndContactInfo_Page/input_zipCode'

2024-11-07 18:09:03 - [TEST_STEP][PASSED] - setText(findTestObject(orPath_AddressContact + "/input_phoneNumber"), " "): Text ' ' is set on object 'Object Repository/RAD_Pages/AddressAndContactInfo_Page/input_phoneNumber'

2024-11-07 18:09:03 - [MESSAGE][PASSED] - Text ' ' is set on object 'Object Repository/RAD_Pages/AddressAndContactInfo_Page/input_phoneNumber'

2024-11-07 18:09:03 - [TEST_STEP][PASSED] - setText(findTestObject(orPath_AddressContact + "/input_eMailAddress"), " "): Text ' ' is set on object 'Object Repository/RAD_Pages/AddressAndContactInfo_Page/input_eMailAddress'

2024-11-07 18:09:04 - [MESSAGE][PASSED] - Text ' ' is set on object 'Object Repository/RAD_Pages/AddressAndContactInfo_Page/input_eMailAddress'

2024-11-07 18:09:04 - [TEST_STEP][PASSED] - setText(findTestObject(orPath_AddressContact + "/input_reEnterEMailAddress"), " "): Text ' ' is set on object 'Object Repository/RAD_Pages/AddressAndContactInfo_Page/input_reEnterEMailAddress'

2024-11-07 18:09:05 - [MESSAGE][PASSED] - Text ' ' is set on object 'Object Repository/RAD_Pages/AddressAndContactInfo_Page/input_reEnterEMailAddress'

2024-11-07 18:09:05 - [TEST_STEP][PASSED] - if (TaxType.equalsIgnoreCase("Estate Tax")): null

2024-11-07 18:09:05 - [TEST_STEP][PASSED] - setText(findTestObject(orPath_Amount + "/input__paymentAmount"), ""): Text '' is set on object 'Object Repository/RAD_Pages/PaymentAmount_Page/input__paymentAmount'

2024-11-07 18:09:05 - [MESSAGE][PASSED] - Text '' is set on object 'Object Repository/RAD_Pages/PaymentAmount_Page/input__paymentAmount'

2024-11-07 18:09:05 - [TEST_STEP][PASSED] - resText = "Fail": null

2024-11-07 18:09:05 - [TEST_STEP][PASSED] - pages.WriteExcel.demoKey(resText, datText, resColumn, datCloumn, fileLoc, nameSheet, row): pages.WriteExcel.demoKey is PASSED

2024-11-07 18:09:06 - [MESSAGE][PASSED] - pages.WriteExcel.demoKey is PASSED

2024-11-07 18:09:06 - [TEST_STEP][PASSED] - verifyTextPresent("Enter business name", true, CONTINUE_ON_FAILURE): Text 'Enter business name' is present on page  using regular expression

2024-11-07 18:09:06 - [MESSAGE][PASSED] - Text 'Enter business name' is present on page  using regular expression

2024-11-07 18:09:06 - [TEST_STEP][PASSED] - verifyTextPresent("Enter business rep first name", true, CONTINUE_ON_FAILURE): Text 'Enter business rep first name' is present on page  using regular expression

2024-11-07 18:09:06 - [MESSAGE][PASSED] - Text 'Enter business rep first name' is present on page  using regular expression

2024-11-07 18:09:06 - [TEST_STEP][PASSED] - verifyTextPresent("Enter business rep last name", true, CONTINUE_ON_FAILURE): Text 'Enter business rep last name' is present on page  using regular expression

2024-11-07 18:09:07 - [MESSAGE][PASSED] - Text 'Enter business rep last name' is present on page  using regular expression

2024-11-07 18:09:07 - [TEST_STEP][PASSED] - verifyTextPresent("Enter address", true, CONTINUE_ON_FAILURE): Text 'Enter address' is present on page  using regular expression

2024-11-07 18:09:07 - [MESSAGE][PASSED] - Text 'Enter address' is present on page  using regular expression

2024-11-07 18:09:07 - [TEST_STEP][PASSED] - verifyTextPresent("Enter city", true, CONTINUE_ON_FAILURE): Text 'Enter city' is present on page  using regular expression

2024-11-07 18:09:08 - [MESSAGE][PASSED] - Text 'Enter city' is present on page  using regular expression

2024-11-07 18:09:08 - [TEST_STEP][PASSED] - verifyTextPresent("Enter ZIP code", true, CONTINUE_ON_FAILURE): Text 'Enter ZIP code' is present on page  using regular expression

2024-11-07 18:09:08 - [MESSAGE][PASSED] - Text 'Enter ZIP code' is present on page  using regular expression

2024-11-07 18:09:08 - [TEST_STEP][PASSED] - verifyTextPresent("Enter a valid phone number", true, CONTINUE_ON_FAILURE): Text 'Enter a valid phone number' is present on page  using regular expression

2024-11-07 18:09:08 - [MESSAGE][PASSED] - Text 'Enter a valid phone number' is present on page  using regular expression

2024-11-07 18:09:08 - [TEST_STEP][PASSED] - verifyTextPresent("Enter Email", true, CONTINUE_ON_FAILURE): Text 'Enter Email' is present on page  using regular expression

2024-11-07 18:09:09 - [MESSAGE][PASSED] - Text 'Enter Email' is present on page  using regular expression

2024-11-07 18:09:09 - [TEST_STEP][PASSED] - if (CRN.equalsIgnoreCase("Y")): null

2024-11-07 18:09:09 - [TEST_STEP][PASSED] - if (MFLicNum.equalsIgnoreCase("Y")): null

2024-11-07 18:09:09 - [TEST_STEP][PASSED] - if (isRequiredTextPresent == true): pages.WriteExcel.demoKey is PASSED

2024-11-07 18:09:09 - [TEST_STEP][PASSED] - println("All the relevant texts are present"): null

2024-11-07 18:09:09 - [TEST_STEP][PASSED] - markPassed("All the relevant texts are present"): All the relevant texts are present

2024-11-07 18:09:09 - [MESSAGE][PASSED] - All the relevant texts are present

2024-11-07 18:09:09 - [TEST_STEP][PASSED] - resText = "Pass": null

2024-11-07 18:09:09 - [TEST_STEP][PASSED] - pages.WriteExcel.demoKey(resText, datText, resColumn, datCloumn, fileLoc, nameSheet, row): pages.WriteExcel.demoKey is PASSED

2024-11-07 18:09:09 - [MESSAGE][PASSED] - pages.WriteExcel.demoKey is PASSED

2024-11-07 18:09:09 - [TEST_STEP][PASSED] - ExecuteTC = findTestData(dataFile).getValue("Execute", row): null

2024-11-07 18:09:09 - [TEST_STEP][PASSED] - TaxType = findTestData(dataFile).getValue("TaxType", row): null

2024-11-07 18:09:09 - [TEST_STEP][PASSED] - PaymentType = findTestData(dataFile).getValue("PaymentType", row): null

2024-11-07 18:09:09 - [TEST_STEP][PASSED] - feinSsn = findTestData(dataFile).getValue("FEINSSN", row): null

2024-11-07 18:09:09 - [TEST_STEP][PASSED] - CRN = findTestData(dataFile).getValue("CRN", row): null

2024-11-07 18:09:09 - [TEST_STEP][PASSED] - MFLicNum = findTestData(dataFile).getValue("MFLicNum", row): null

2024-11-07 18:09:09 - [TEST_STEP][PASSED] - if (ExecuteTC.equalsIgnoreCase("Y")): pages.WriteExcel.demoKey is PASSED

2024-11-07 18:09:09 - [TEST_STEP][PASSED] - out.println("Begin Record Number: " + row): null

2024-11-07 18:09:09 - [TEST_STEP][PASSED] - today = new java.util.Date(): null

2024-11-07 18:09:09 - [TEST_STEP][PASSED] - println(today): null

2024-11-07 18:09:09 - [TEST_STEP][PASSED] - datText = today: null

2024-11-07 18:09:09 - [TEST_STEP][PASSED] - logInfo("Payment Type: Existing Liability with Notice/Invoice Number"): Payment Type: Existing Liability with Notice/Invoice Number

2024-11-07 18:09:09 - [MESSAGE][INFO] - Payment Type: Existing Liability with Notice/Invoice Number

2024-11-07 18:09:09 - [TEST_STEP][PASSED] - logInfo("Tax Type: " + TaxType): Tax Type: Tobacco Tax

2024-11-07 18:09:09 - [MESSAGE][INFO] - Tax Type: Tobacco Tax

2024-11-07 18:09:09 - [TEST_STEP][PASSED] - openBrowser(""): Browser is opened with url: ''

2024-11-07 18:09:09 - [MESSAGE][WARNING] - A browser is already opened. Closing browser and opening a new one

2024-11-07 18:09:11 - [MESSAGE][INFO] - Starting 'Chrome' driver

2024-11-07 18:09:11 - [MESSAGE][INFO] - User set preference: ['acceptInsecureCerts', 'true']

2024-11-07 18:09:11 - [MESSAGE][INFO] - Action delay is set to 0 milliseconds

2024-11-07 18:09:13 - [MESSAGE][PASSED] - Browser is opened with url: ''

2024-11-07 18:09:13 - [TEST_STEP][PASSED] - maximizeWindow(): Current window maximized

2024-11-07 18:09:13 - [MESSAGE][PASSED] - Current window maximized

2024-11-07 18:09:13 - [TEST_STEP][PASSED] - navigateToUrl(RADurl): Navigate to 'https://www.velocitypayment.com/client/rad/index.html' successfully

2024-11-07 18:09:15 - [MESSAGE][PASSED] - Navigate to 'https://www.velocitypayment.com/client/rad/index.html' successfully

2024-11-07 18:09:15 - [TEST_STEP][PASSED] - selectOptionByLabel(findTestObject(orPath_Landing + "/dd_TaxType"), "Existing Liability with Notice/Invoice Number", false): All options with label 'Existing Liability with Notice/Invoice Number' are selected in object 'Object Repository/RAD_Pages/Landing_Page/dd_TaxType' 

2024-11-07 18:09:16 - [MESSAGE][PASSED] - All options with label 'Existing Liability with Notice/Invoice Number' are selected in object 'Object Repository/RAD_Pages/Landing_Page/dd_TaxType' 

2024-11-07 18:09:16 - [TEST_STEP][PASSED] - selectOptionByLabel(findTestObject(orPath_TaxTypeFilingYear + "/select_TaxType_ExistingLiability"), TaxType, false): All options with label 'Tobacco Tax' are selected in object 'Object Repository/RAD_Pages/TaxTypeFilingYear_Page/select_TaxType_ExistingLiability' 

2024-11-07 18:09:17 - [MESSAGE][PASSED] - All options with label 'Tobacco Tax' are selected in object 'Object Repository/RAD_Pages/TaxTypeFilingYear_Page/select_TaxType_ExistingLiability' 

2024-11-07 18:09:17 - [TEST_STEP][PASSED] - setText(findTestObject(orPath_TaxPayer + "/input_businessName"), " "): Text ' ' is set on object 'Object Repository/RAD_Pages/Taxpayer_Page/input_businessName'

2024-11-07 18:09:17 - [MESSAGE][PASSED] - Text ' ' is set on object 'Object Repository/RAD_Pages/Taxpayer_Page/input_businessName'

2024-11-07 18:09:17 - [TEST_STEP][PASSED] - setText(findTestObject(orPath_TaxPayer + "/input_BusinessRepfirstName"), " "): Text ' ' is set on object 'Object Repository/RAD_Pages/Taxpayer_Page/input_BusinessRepfirstName'

2024-11-07 18:09:18 - [MESSAGE][PASSED] - Text ' ' is set on object 'Object Repository/RAD_Pages/Taxpayer_Page/input_BusinessRepfirstName'

2024-11-07 18:09:18 - [TEST_STEP][PASSED] - setText(findTestObject(orPath_TaxPayer + "/input_BusinessReplastName"), " "): Text ' ' is set on object 'Object Repository/RAD_Pages/Taxpayer_Page/input_BusinessReplastName'

2024-11-07 18:09:19 - [MESSAGE][PASSED] - Text ' ' is set on object 'Object Repository/RAD_Pages/Taxpayer_Page/input_BusinessReplastName'

2024-11-07 18:09:19 - [TEST_STEP][PASSED] - setText(findTestObject(orPath_AddressContact + "/input_streetAddress1"), " "): Text ' ' is set on object 'Object Repository/RAD_Pages/AddressAndContactInfo_Page/input_streetAddress1'

2024-11-07 18:09:20 - [MESSAGE][PASSED] - Text ' ' is set on object 'Object Repository/RAD_Pages/AddressAndContactInfo_Page/input_streetAddress1'

2024-11-07 18:09:20 - [TEST_STEP][PASSED] - setText(findTestObject(orPath_AddressContact + "/input_city"), " "): Text ' ' is set on object 'Object Repository/RAD_Pages/AddressAndContactInfo_Page/input_city'

2024-11-07 18:09:20 - [MESSAGE][PASSED] - Text ' ' is set on object 'Object Repository/RAD_Pages/AddressAndContactInfo_Page/input_city'

2024-11-07 18:09:20 - [TEST_STEP][PASSED] - setText(findTestObject(orPath_AddressContact + "/input_zipCode"), " "): Text ' ' is set on object 'Object Repository/RAD_Pages/AddressAndContactInfo_Page/input_zipCode'

2024-11-07 18:09:21 - [MESSAGE][PASSED] - Text ' ' is set on object 'Object Repository/RAD_Pages/AddressAndContactInfo_Page/input_zipCode'

2024-11-07 18:09:21 - [TEST_STEP][PASSED] - setText(findTestObject(orPath_AddressContact + "/input_phoneNumber"), " "): Text ' ' is set on object 'Object Repository/RAD_Pages/AddressAndContactInfo_Page/input_phoneNumber'

2024-11-07 18:09:22 - [MESSAGE][PASSED] - Text ' ' is set on object 'Object Repository/RAD_Pages/AddressAndContactInfo_Page/input_phoneNumber'

2024-11-07 18:09:22 - [TEST_STEP][PASSED] - setText(findTestObject(orPath_AddressContact + "/input_eMailAddress"), " "): Text ' ' is set on object 'Object Repository/RAD_Pages/AddressAndContactInfo_Page/input_eMailAddress'

2024-11-07 18:09:23 - [MESSAGE][PASSED] - Text ' ' is set on object 'Object Repository/RAD_Pages/AddressAndContactInfo_Page/input_eMailAddress'

2024-11-07 18:09:23 - [TEST_STEP][PASSED] - setText(findTestObject(orPath_AddressContact + "/input_reEnterEMailAddress"), " "): Text ' ' is set on object 'Object Repository/RAD_Pages/AddressAndContactInfo_Page/input_reEnterEMailAddress'

2024-11-07 18:09:23 - [MESSAGE][PASSED] - Text ' ' is set on object 'Object Repository/RAD_Pages/AddressAndContactInfo_Page/input_reEnterEMailAddress'

2024-11-07 18:09:23 - [TEST_STEP][PASSED] - if (TaxType.equalsIgnoreCase("Estate Tax")): null

2024-11-07 18:09:23 - [TEST_STEP][PASSED] - setText(findTestObject(orPath_Amount + "/input__paymentAmount"), ""): Text '' is set on object 'Object Repository/RAD_Pages/PaymentAmount_Page/input__paymentAmount'

2024-11-07 18:09:24 - [MESSAGE][PASSED] - Text '' is set on object 'Object Repository/RAD_Pages/PaymentAmount_Page/input__paymentAmount'

2024-11-07 18:09:24 - [TEST_STEP][PASSED] - resText = "Fail": null

2024-11-07 18:09:24 - [TEST_STEP][PASSED] - pages.WriteExcel.demoKey(resText, datText, resColumn, datCloumn, fileLoc, nameSheet, row): pages.WriteExcel.demoKey is PASSED

2024-11-07 18:09:24 - [MESSAGE][PASSED] - pages.WriteExcel.demoKey is PASSED

2024-11-07 18:09:24 - [TEST_STEP][PASSED] - verifyTextPresent("Enter business name", true, CONTINUE_ON_FAILURE): Text 'Enter business name' is present on page  using regular expression

2024-11-07 18:09:25 - [MESSAGE][PASSED] - Text 'Enter business name' is present on page  using regular expression

2024-11-07 18:09:25 - [TEST_STEP][PASSED] - verifyTextPresent("Enter business rep first name", true, CONTINUE_ON_FAILURE): Text 'Enter business rep first name' is present on page  using regular expression

2024-11-07 18:09:25 - [MESSAGE][PASSED] - Text 'Enter business rep first name' is present on page  using regular expression

2024-11-07 18:09:25 - [TEST_STEP][PASSED] - verifyTextPresent("Enter business rep last name", true, CONTINUE_ON_FAILURE): Text 'Enter business rep last name' is present on page  using regular expression

2024-11-07 18:09:26 - [MESSAGE][PASSED] - Text 'Enter business rep last name' is present on page  using regular expression

2024-11-07 18:09:26 - [TEST_STEP][PASSED] - verifyTextPresent("Enter address", true, CONTINUE_ON_FAILURE): Text 'Enter address' is present on page  using regular expression

2024-11-07 18:09:26 - [MESSAGE][PASSED] - Text 'Enter address' is present on page  using regular expression

2024-11-07 18:09:26 - [TEST_STEP][PASSED] - verifyTextPresent("Enter city", true, CONTINUE_ON_FAILURE): Text 'Enter city' is present on page  using regular expression

2024-11-07 18:09:26 - [MESSAGE][PASSED] - Text 'Enter city' is present on page  using regular expression

2024-11-07 18:09:26 - [TEST_STEP][PASSED] - verifyTextPresent("Enter ZIP code", true, CONTINUE_ON_FAILURE): Text 'Enter ZIP code' is present on page  using regular expression

2024-11-07 18:09:27 - [MESSAGE][PASSED] - Text 'Enter ZIP code' is present on page  using regular expression

2024-11-07 18:09:27 - [TEST_STEP][PASSED] - verifyTextPresent("Enter a valid phone number", true, CONTINUE_ON_FAILURE): Text 'Enter a valid phone number' is present on page  using regular expression

2024-11-07 18:09:27 - [MESSAGE][PASSED] - Text 'Enter a valid phone number' is present on page  using regular expression

2024-11-07 18:09:27 - [TEST_STEP][PASSED] - verifyTextPresent("Enter Email", true, CONTINUE_ON_FAILURE): Text 'Enter Email' is present on page  using regular expression

2024-11-07 18:09:28 - [MESSAGE][PASSED] - Text 'Enter Email' is present on page  using regular expression

2024-11-07 18:09:28 - [TEST_STEP][PASSED] - if (CRN.equalsIgnoreCase("Y")): null

2024-11-07 18:09:28 - [TEST_STEP][PASSED] - setText(findTestObject(orPath_TaxInfo + "/input_MDCRegistrationEL"), " "): Text ' ' is set on object 'Object Repository/RAD_Pages/TaxInfo_Page/input_MDCRegistrationEL'

2024-11-07 18:09:29 - [MESSAGE][PASSED] - Text ' ' is set on object 'Object Repository/RAD_Pages/TaxInfo_Page/input_MDCRegistrationEL'

2024-11-07 18:09:29 - [TEST_STEP][PASSED] - setText(findTestObject(orPath_Amount + "/input__paymentAmount"), ""): Text '' is set on object 'Object Repository/RAD_Pages/PaymentAmount_Page/input__paymentAmount'

2024-11-07 18:09:29 - [MESSAGE][PASSED] - Text '' is set on object 'Object Repository/RAD_Pages/PaymentAmount_Page/input__paymentAmount'

2024-11-07 18:09:29 - [TEST_STEP][PASSED] - if (verifyTextPresent("Enter valid MD Central Registration Number", false)): null

2024-11-07 18:09:30 - [MESSAGE][PASSED] - Text 'Enter valid MD Central Registration Number' is present on page 

2024-11-07 18:09:30 - [TEST_STEP][PASSED] - isRequiredTextPresent = true: null

2024-11-07 18:09:30 - [TEST_STEP][PASSED] - if (MFLicNum.equalsIgnoreCase("Y")): null

2024-11-07 18:09:30 - [TEST_STEP][PASSED] - if (isRequiredTextPresent == true): pages.WriteExcel.demoKey is PASSED

2024-11-07 18:09:30 - [TEST_STEP][PASSED] - println("All the relevant texts are present"): null

2024-11-07 18:09:30 - [TEST_STEP][PASSED] - markPassed("All the relevant texts are present"): All the relevant texts are present

2024-11-07 18:09:30 - [MESSAGE][PASSED] - All the relevant texts are present

2024-11-07 18:09:30 - [TEST_STEP][PASSED] - resText = "Pass": null

2024-11-07 18:09:30 - [TEST_STEP][PASSED] - pages.WriteExcel.demoKey(resText, datText, resColumn, datCloumn, fileLoc, nameSheet, row): pages.WriteExcel.demoKey is PASSED

2024-11-07 18:09:30 - [MESSAGE][PASSED] - pages.WriteExcel.demoKey is PASSED

2024-11-07 18:09:30 - [TEST_STEP][PASSED] - ExecuteTC = findTestData(dataFile).getValue("Execute", row): null

2024-11-07 18:09:30 - [TEST_STEP][PASSED] - TaxType = findTestData(dataFile).getValue("TaxType", row): null

2024-11-07 18:09:30 - [TEST_STEP][PASSED] - PaymentType = findTestData(dataFile).getValue("PaymentType", row): null

2024-11-07 18:09:30 - [TEST_STEP][PASSED] - feinSsn = findTestData(dataFile).getValue("FEINSSN", row): null

2024-11-07 18:09:30 - [TEST_STEP][PASSED] - CRN = findTestData(dataFile).getValue("CRN", row): null

2024-11-07 18:09:30 - [TEST_STEP][PASSED] - MFLicNum = findTestData(dataFile).getValue("MFLicNum", row): null

2024-11-07 18:09:30 - [TEST_STEP][PASSED] - if (ExecuteTC.equalsIgnoreCase("Y")): pages.WriteExcel.demoKey is PASSED

2024-11-07 18:09:30 - [TEST_STEP][PASSED] - out.println("Begin Record Number: " + row): null

2024-11-07 18:09:30 - [TEST_STEP][PASSED] - today = new java.util.Date(): null

2024-11-07 18:09:30 - [TEST_STEP][PASSED] - println(today): null

2024-11-07 18:09:30 - [TEST_STEP][PASSED] - datText = today: null

2024-11-07 18:09:30 - [TEST_STEP][PASSED] - logInfo("Payment Type: Existing Liability with Notice/Invoice Number"): Payment Type: Existing Liability with Notice/Invoice Number

2024-11-07 18:09:30 - [MESSAGE][INFO] - Payment Type: Existing Liability with Notice/Invoice Number

2024-11-07 18:09:30 - [TEST_STEP][PASSED] - logInfo("Tax Type: " + TaxType): Tax Type: Transportation Network Services

2024-11-07 18:09:30 - [MESSAGE][INFO] - Tax Type: Transportation Network Services

2024-11-07 18:09:30 - [TEST_STEP][PASSED] - openBrowser(""): Browser is opened with url: ''

2024-11-07 18:09:30 - [MESSAGE][WARNING] - A browser is already opened. Closing browser and opening a new one

2024-11-07 18:09:32 - [MESSAGE][INFO] - Starting 'Chrome' driver

2024-11-07 18:09:32 - [MESSAGE][INFO] - User set preference: ['acceptInsecureCerts', 'true']

2024-11-07 18:09:32 - [MESSAGE][INFO] - Action delay is set to 0 milliseconds

2024-11-07 18:09:34 - [MESSAGE][PASSED] - Browser is opened with url: ''

2024-11-07 18:09:34 - [TEST_STEP][PASSED] - maximizeWindow(): Current window maximized

2024-11-07 18:09:34 - [MESSAGE][PASSED] - Current window maximized

2024-11-07 18:09:34 - [TEST_STEP][PASSED] - navigateToUrl(RADurl): Navigate to 'https://www.velocitypayment.com/client/rad/index.html' successfully

2024-11-07 18:09:37 - [MESSAGE][PASSED] - Navigate to 'https://www.velocitypayment.com/client/rad/index.html' successfully

2024-11-07 18:09:37 - [TEST_STEP][PASSED] - selectOptionByLabel(findTestObject(orPath_Landing + "/dd_TaxType"), "Existing Liability with Notice/Invoice Number", false): All options with label 'Existing Liability with Notice/Invoice Number' are selected in object 'Object Repository/RAD_Pages/Landing_Page/dd_TaxType' 

2024-11-07 18:09:38 - [MESSAGE][PASSED] - All options with label 'Existing Liability with Notice/Invoice Number' are selected in object 'Object Repository/RAD_Pages/Landing_Page/dd_TaxType' 

2024-11-07 18:09:38 - [TEST_STEP][PASSED] - selectOptionByLabel(findTestObject(orPath_TaxTypeFilingYear + "/select_TaxType_ExistingLiability"), TaxType, false): All options with label 'Transportation Network Services' are selected in object 'Object Repository/RAD_Pages/TaxTypeFilingYear_Page/select_TaxType_ExistingLiability' 

2024-11-07 18:09:39 - [MESSAGE][PASSED] - All options with label 'Transportation Network Services' are selected in object 'Object Repository/RAD_Pages/TaxTypeFilingYear_Page/select_TaxType_ExistingLiability' 

2024-11-07 18:09:39 - [TEST_STEP][PASSED] - setText(findTestObject(orPath_TaxPayer + "/input_businessName"), " "): Text ' ' is set on object 'Object Repository/RAD_Pages/Taxpayer_Page/input_businessName'

2024-11-07 18:09:40 - [MESSAGE][PASSED] - Text ' ' is set on object 'Object Repository/RAD_Pages/Taxpayer_Page/input_businessName'

2024-11-07 18:09:40 - [TEST_STEP][PASSED] - setText(findTestObject(orPath_TaxPayer + "/input_BusinessRepfirstName"), " "): Text ' ' is set on object 'Object Repository/RAD_Pages/Taxpayer_Page/input_BusinessRepfirstName'

2024-11-07 18:09:40 - [MESSAGE][PASSED] - Text ' ' is set on object 'Object Repository/RAD_Pages/Taxpayer_Page/input_BusinessRepfirstName'

2024-11-07 18:09:40 - [TEST_STEP][PASSED] - setText(findTestObject(orPath_TaxPayer + "/input_BusinessReplastName"), " "): Text ' ' is set on object 'Object Repository/RAD_Pages/Taxpayer_Page/input_BusinessReplastName'

2024-11-07 18:09:41 - [MESSAGE][PASSED] - Text ' ' is set on object 'Object Repository/RAD_Pages/Taxpayer_Page/input_BusinessReplastName'

2024-11-07 18:09:41 - [TEST_STEP][PASSED] - setText(findTestObject(orPath_AddressContact + "/input_streetAddress1"), " "): Text ' ' is set on object 'Object Repository/RAD_Pages/AddressAndContactInfo_Page/input_streetAddress1'

2024-11-07 18:09:42 - [MESSAGE][PASSED] - Text ' ' is set on object 'Object Repository/RAD_Pages/AddressAndContactInfo_Page/input_streetAddress1'

2024-11-07 18:09:42 - [TEST_STEP][PASSED] - setText(findTestObject(orPath_AddressContact + "/input_city"), " "): Text ' ' is set on object 'Object Repository/RAD_Pages/AddressAndContactInfo_Page/input_city'

2024-11-07 18:09:42 - [MESSAGE][PASSED] - Text ' ' is set on object 'Object Repository/RAD_Pages/AddressAndContactInfo_Page/input_city'

2024-11-07 18:09:42 - [TEST_STEP][PASSED] - setText(findTestObject(orPath_AddressContact + "/input_zipCode"), " "): Text ' ' is set on object 'Object Repository/RAD_Pages/AddressAndContactInfo_Page/input_zipCode'

2024-11-07 18:09:43 - [MESSAGE][PASSED] - Text ' ' is set on object 'Object Repository/RAD_Pages/AddressAndContactInfo_Page/input_zipCode'

2024-11-07 18:09:43 - [TEST_STEP][PASSED] - setText(findTestObject(orPath_AddressContact + "/input_phoneNumber"), " "): Text ' ' is set on object 'Object Repository/RAD_Pages/AddressAndContactInfo_Page/input_phoneNumber'

2024-11-07 18:09:44 - [MESSAGE][PASSED] - Text ' ' is set on object 'Object Repository/RAD_Pages/AddressAndContactInfo_Page/input_phoneNumber'

2024-11-07 18:09:44 - [TEST_STEP][PASSED] - setText(findTestObject(orPath_AddressContact + "/input_eMailAddress"), " "): Text ' ' is set on object 'Object Repository/RAD_Pages/AddressAndContactInfo_Page/input_eMailAddress'

2024-11-07 18:09:45 - [MESSAGE][PASSED] - Text ' ' is set on object 'Object Repository/RAD_Pages/AddressAndContactInfo_Page/input_eMailAddress'

2024-11-07 18:09:45 - [TEST_STEP][PASSED] - setText(findTestObject(orPath_AddressContact + "/input_reEnterEMailAddress"), " "): Text ' ' is set on object 'Object Repository/RAD_Pages/AddressAndContactInfo_Page/input_reEnterEMailAddress'

2024-11-07 18:09:46 - [MESSAGE][PASSED] - Text ' ' is set on object 'Object Repository/RAD_Pages/AddressAndContactInfo_Page/input_reEnterEMailAddress'

2024-11-07 18:09:46 - [TEST_STEP][PASSED] - if (TaxType.equalsIgnoreCase("Estate Tax")): null

2024-11-07 18:09:46 - [TEST_STEP][PASSED] - setText(findTestObject(orPath_Amount + "/input__paymentAmount"), ""): Text '' is set on object 'Object Repository/RAD_Pages/PaymentAmount_Page/input__paymentAmount'

2024-11-07 18:09:47 - [MESSAGE][PASSED] - Text '' is set on object 'Object Repository/RAD_Pages/PaymentAmount_Page/input__paymentAmount'

2024-11-07 18:09:47 - [TEST_STEP][PASSED] - resText = "Fail": null

2024-11-07 18:09:47 - [TEST_STEP][PASSED] - pages.WriteExcel.demoKey(resText, datText, resColumn, datCloumn, fileLoc, nameSheet, row): pages.WriteExcel.demoKey is PASSED

2024-11-07 18:09:47 - [MESSAGE][PASSED] - pages.WriteExcel.demoKey is PASSED

2024-11-07 18:09:47 - [TEST_STEP][PASSED] - verifyTextPresent("Enter business name", true, CONTINUE_ON_FAILURE): Text 'Enter business name' is present on page  using regular expression

2024-11-07 18:09:47 - [MESSAGE][PASSED] - Text 'Enter business name' is present on page  using regular expression

2024-11-07 18:09:47 - [TEST_STEP][PASSED] - verifyTextPresent("Enter business rep first name", true, CONTINUE_ON_FAILURE): Text 'Enter business rep first name' is present on page  using regular expression

2024-11-07 18:09:48 - [MESSAGE][PASSED] - Text 'Enter business rep first name' is present on page  using regular expression

2024-11-07 18:09:48 - [TEST_STEP][PASSED] - verifyTextPresent("Enter business rep last name", true, CONTINUE_ON_FAILURE): Text 'Enter business rep last name' is present on page  using regular expression

2024-11-07 18:09:48 - [MESSAGE][PASSED] - Text 'Enter business rep last name' is present on page  using regular expression

2024-11-07 18:09:48 - [TEST_STEP][PASSED] - verifyTextPresent("Enter address", true, CONTINUE_ON_FAILURE): Text 'Enter address' is present on page  using regular expression

2024-11-07 18:09:49 - [MESSAGE][PASSED] - Text 'Enter address' is present on page  using regular expression

2024-11-07 18:09:49 - [TEST_STEP][PASSED] - verifyTextPresent("Enter city", true, CONTINUE_ON_FAILURE): Text 'Enter city' is present on page  using regular expression

2024-11-07 18:09:49 - [MESSAGE][PASSED] - Text 'Enter city' is present on page  using regular expression

2024-11-07 18:09:49 - [TEST_STEP][PASSED] - verifyTextPresent("Enter ZIP code", true, CONTINUE_ON_FAILURE): Text 'Enter ZIP code' is present on page  using regular expression

2024-11-07 18:09:49 - [MESSAGE][PASSED] - Text 'Enter ZIP code' is present on page  using regular expression

2024-11-07 18:09:49 - [TEST_STEP][PASSED] - verifyTextPresent("Enter a valid phone number", true, CONTINUE_ON_FAILURE): Text 'Enter a valid phone number' is present on page  using regular expression

2024-11-07 18:09:50 - [MESSAGE][PASSED] - Text 'Enter a valid phone number' is present on page  using regular expression

2024-11-07 18:09:50 - [TEST_STEP][PASSED] - verifyTextPresent("Enter Email", true, CONTINUE_ON_FAILURE): Text 'Enter Email' is present on page  using regular expression

2024-11-07 18:09:50 - [MESSAGE][PASSED] - Text 'Enter Email' is present on page  using regular expression

2024-11-07 18:09:50 - [TEST_STEP][PASSED] - if (CRN.equalsIgnoreCase("Y")): null

2024-11-07 18:09:50 - [TEST_STEP][PASSED] - setText(findTestObject(orPath_TaxInfo + "/input_MDCRegistrationEL"), " "): Text ' ' is set on object 'Object Repository/RAD_Pages/TaxInfo_Page/input_MDCRegistrationEL'

2024-11-07 18:09:51 - [MESSAGE][PASSED] - Text ' ' is set on object 'Object Repository/RAD_Pages/TaxInfo_Page/input_MDCRegistrationEL'

2024-11-07 18:09:51 - [TEST_STEP][PASSED] - setText(findTestObject(orPath_Amount + "/input__paymentAmount"), ""): Text '' is set on object 'Object Repository/RAD_Pages/PaymentAmount_Page/input__paymentAmount'

2024-11-07 18:09:51 - [MESSAGE][PASSED] - Text '' is set on object 'Object Repository/RAD_Pages/PaymentAmount_Page/input__paymentAmount'

2024-11-07 18:09:51 - [TEST_STEP][PASSED] - if (verifyTextPresent("Enter valid MD Central Registration Number", false)): null

2024-11-07 18:09:52 - [MESSAGE][PASSED] - Text 'Enter valid MD Central Registration Number' is present on page 

2024-11-07 18:09:52 - [TEST_STEP][PASSED] - isRequiredTextPresent = true: null

2024-11-07 18:09:52 - [TEST_STEP][PASSED] - if (MFLicNum.equalsIgnoreCase("Y")): null

2024-11-07 18:09:52 - [TEST_STEP][PASSED] - if (isRequiredTextPresent == true): pages.WriteExcel.demoKey is PASSED

2024-11-07 18:09:52 - [TEST_STEP][PASSED] - println("All the relevant texts are present"): null

2024-11-07 18:09:52 - [TEST_STEP][PASSED] - markPassed("All the relevant texts are present"): All the relevant texts are present

2024-11-07 18:09:52 - [MESSAGE][PASSED] - All the relevant texts are present

2024-11-07 18:09:52 - [TEST_STEP][PASSED] - resText = "Pass": null

2024-11-07 18:09:52 - [TEST_STEP][PASSED] - pages.WriteExcel.demoKey(resText, datText, resColumn, datCloumn, fileLoc, nameSheet, row): pages.WriteExcel.demoKey is PASSED

2024-11-07 18:09:52 - [MESSAGE][PASSED] - pages.WriteExcel.demoKey is PASSED

2024-11-07 18:09:52 - [TEST_STEP][PASSED] - ExecuteTC = findTestData(dataFile).getValue("Execute", row): null

2024-11-07 18:09:52 - [TEST_STEP][PASSED] - TaxType = findTestData(dataFile).getValue("TaxType", row): null

2024-11-07 18:09:52 - [TEST_STEP][PASSED] - PaymentType = findTestData(dataFile).getValue("PaymentType", row): null

2024-11-07 18:09:52 - [TEST_STEP][PASSED] - feinSsn = findTestData(dataFile).getValue("FEINSSN", row): null

2024-11-07 18:09:52 - [TEST_STEP][PASSED] - CRN = findTestData(dataFile).getValue("CRN", row): null

2024-11-07 18:09:52 - [TEST_STEP][PASSED] - MFLicNum = findTestData(dataFile).getValue("MFLicNum", row): null

2024-11-07 18:09:52 - [TEST_STEP][PASSED] - if (ExecuteTC.equalsIgnoreCase("Y")): pages.WriteExcel.demoKey is PASSED

2024-11-07 18:09:52 - [TEST_STEP][PASSED] - out.println("Begin Record Number: " + row): null

2024-11-07 18:09:52 - [TEST_STEP][PASSED] - today = new java.util.Date(): null

2024-11-07 18:09:52 - [TEST_STEP][PASSED] - println(today): null

2024-11-07 18:09:52 - [TEST_STEP][PASSED] - datText = today: null

2024-11-07 18:09:52 - [TEST_STEP][PASSED] - logInfo("Payment Type: Existing Liability with Notice/Invoice Number"): Payment Type: Existing Liability with Notice/Invoice Number

2024-11-07 18:09:52 - [MESSAGE][INFO] - Payment Type: Existing Liability with Notice/Invoice Number

2024-11-07 18:09:52 - [TEST_STEP][PASSED] - logInfo("Tax Type: " + TaxType): Tax Type: Unclaimed Property

2024-11-07 18:09:52 - [MESSAGE][INFO] - Tax Type: Unclaimed Property

2024-11-07 18:09:52 - [TEST_STEP][PASSED] - openBrowser(""): Browser is opened with url: ''

2024-11-07 18:09:52 - [MESSAGE][WARNING] - A browser is already opened. Closing browser and opening a new one

2024-11-07 18:09:54 - [MESSAGE][INFO] - Starting 'Chrome' driver

2024-11-07 18:09:54 - [MESSAGE][INFO] - User set preference: ['acceptInsecureCerts', 'true']

2024-11-07 18:09:54 - [MESSAGE][INFO] - Action delay is set to 0 milliseconds

2024-11-07 18:09:56 - [MESSAGE][PASSED] - Browser is opened with url: ''

2024-11-07 18:09:56 - [TEST_STEP][PASSED] - maximizeWindow(): Current window maximized

2024-11-07 18:09:56 - [MESSAGE][PASSED] - Current window maximized

2024-11-07 18:09:56 - [TEST_STEP][PASSED] - navigateToUrl(RADurl): Navigate to 'https://www.velocitypayment.com/client/rad/index.html' successfully

2024-11-07 18:09:59 - [MESSAGE][PASSED] - Navigate to 'https://www.velocitypayment.com/client/rad/index.html' successfully

2024-11-07 18:09:59 - [TEST_STEP][PASSED] - selectOptionByLabel(findTestObject(orPath_Landing + "/dd_TaxType"), "Existing Liability with Notice/Invoice Number", false): All options with label 'Existing Liability with Notice/Invoice Number' are selected in object 'Object Repository/RAD_Pages/Landing_Page/dd_TaxType' 

2024-11-07 18:10:00 - [MESSAGE][PASSED] - All options with label 'Existing Liability with Notice/Invoice Number' are selected in object 'Object Repository/RAD_Pages/Landing_Page/dd_TaxType' 

2024-11-07 18:10:00 - [TEST_STEP][PASSED] - selectOptionByLabel(findTestObject(orPath_TaxTypeFilingYear + "/select_TaxType_ExistingLiability"), TaxType, false): All options with label 'Unclaimed Property' are selected in object 'Object Repository/RAD_Pages/TaxTypeFilingYear_Page/select_TaxType_ExistingLiability' 

2024-11-07 18:10:00 - [MESSAGE][PASSED] - All options with label 'Unclaimed Property' are selected in object 'Object Repository/RAD_Pages/TaxTypeFilingYear_Page/select_TaxType_ExistingLiability' 

2024-11-07 18:10:00 - [TEST_STEP][PASSED] - setText(findTestObject(orPath_TaxPayer + "/input_businessName"), " "): Text ' ' is set on object 'Object Repository/RAD_Pages/Taxpayer_Page/input_businessName'

2024-11-07 18:10:01 - [MESSAGE][PASSED] - Text ' ' is set on object 'Object Repository/RAD_Pages/Taxpayer_Page/input_businessName'

2024-11-07 18:10:01 - [TEST_STEP][PASSED] - setText(findTestObject(orPath_TaxPayer + "/input_BusinessRepfirstName"), " "): Text ' ' is set on object 'Object Repository/RAD_Pages/Taxpayer_Page/input_BusinessRepfirstName'

2024-11-07 18:10:02 - [MESSAGE][PASSED] - Text ' ' is set on object 'Object Repository/RAD_Pages/Taxpayer_Page/input_BusinessRepfirstName'

2024-11-07 18:10:02 - [TEST_STEP][PASSED] - setText(findTestObject(orPath_TaxPayer + "/input_BusinessReplastName"), " "): Text ' ' is set on object 'Object Repository/RAD_Pages/Taxpayer_Page/input_BusinessReplastName'

2024-11-07 18:10:03 - [MESSAGE][PASSED] - Text ' ' is set on object 'Object Repository/RAD_Pages/Taxpayer_Page/input_BusinessReplastName'

2024-11-07 18:10:03 - [TEST_STEP][PASSED] - setText(findTestObject(orPath_AddressContact + "/input_streetAddress1"), " "): Text ' ' is set on object 'Object Repository/RAD_Pages/AddressAndContactInfo_Page/input_streetAddress1'

2024-11-07 18:10:03 - [MESSAGE][PASSED] - Text ' ' is set on object 'Object Repository/RAD_Pages/AddressAndContactInfo_Page/input_streetAddress1'

2024-11-07 18:10:03 - [TEST_STEP][PASSED] - setText(findTestObject(orPath_AddressContact + "/input_city"), " "): Text ' ' is set on object 'Object Repository/RAD_Pages/AddressAndContactInfo_Page/input_city'

2024-11-07 18:10:04 - [MESSAGE][PASSED] - Text ' ' is set on object 'Object Repository/RAD_Pages/AddressAndContactInfo_Page/input_city'

2024-11-07 18:10:04 - [TEST_STEP][PASSED] - setText(findTestObject(orPath_AddressContact + "/input_zipCode"), " "): Text ' ' is set on object 'Object Repository/RAD_Pages/AddressAndContactInfo_Page/input_zipCode'

2024-11-07 18:10:05 - [MESSAGE][PASSED] - Text ' ' is set on object 'Object Repository/RAD_Pages/AddressAndContactInfo_Page/input_zipCode'

2024-11-07 18:10:05 - [TEST_STEP][PASSED] - setText(findTestObject(orPath_AddressContact + "/input_phoneNumber"), " "): Text ' ' is set on object 'Object Repository/RAD_Pages/AddressAndContactInfo_Page/input_phoneNumber'

2024-11-07 18:10:06 - [MESSAGE][PASSED] - Text ' ' is set on object 'Object Repository/RAD_Pages/AddressAndContactInfo_Page/input_phoneNumber'

2024-11-07 18:10:06 - [TEST_STEP][PASSED] - setText(findTestObject(orPath_AddressContact + "/input_eMailAddress"), " "): Text ' ' is set on object 'Object Repository/RAD_Pages/AddressAndContactInfo_Page/input_eMailAddress'

2024-11-07 18:10:07 - [MESSAGE][PASSED] - Text ' ' is set on object 'Object Repository/RAD_Pages/AddressAndContactInfo_Page/input_eMailAddress'

2024-11-07 18:10:07 - [TEST_STEP][PASSED] - setText(findTestObject(orPath_AddressContact + "/input_reEnterEMailAddress"), " "): Text ' ' is set on object 'Object Repository/RAD_Pages/AddressAndContactInfo_Page/input_reEnterEMailAddress'

2024-11-07 18:10:08 - [MESSAGE][PASSED] - Text ' ' is set on object 'Object Repository/RAD_Pages/AddressAndContactInfo_Page/input_reEnterEMailAddress'

2024-11-07 18:10:08 - [TEST_STEP][PASSED] - if (TaxType.equalsIgnoreCase("Estate Tax")): null

2024-11-07 18:10:08 - [TEST_STEP][PASSED] - setText(findTestObject(orPath_Amount + "/input__paymentAmount"), ""): Text '' is set on object 'Object Repository/RAD_Pages/PaymentAmount_Page/input__paymentAmount'

2024-11-07 18:10:09 - [MESSAGE][PASSED] - Text '' is set on object 'Object Repository/RAD_Pages/PaymentAmount_Page/input__paymentAmount'

2024-11-07 18:10:09 - [TEST_STEP][PASSED] - resText = "Fail": null

2024-11-07 18:10:09 - [TEST_STEP][PASSED] - pages.WriteExcel.demoKey(resText, datText, resColumn, datCloumn, fileLoc, nameSheet, row): pages.WriteExcel.demoKey is PASSED

2024-11-07 18:10:09 - [MESSAGE][PASSED] - pages.WriteExcel.demoKey is PASSED

2024-11-07 18:10:09 - [TEST_STEP][PASSED] - verifyTextPresent("Enter business name", true, CONTINUE_ON_FAILURE): Text 'Enter business name' is present on page  using regular expression

2024-11-07 18:10:09 - [MESSAGE][PASSED] - Text 'Enter business name' is present on page  using regular expression

2024-11-07 18:10:09 - [TEST_STEP][PASSED] - verifyTextPresent("Enter business rep first name", true, CONTINUE_ON_FAILURE): Text 'Enter business rep first name' is present on page  using regular expression

2024-11-07 18:10:10 - [MESSAGE][PASSED] - Text 'Enter business rep first name' is present on page  using regular expression

2024-11-07 18:10:10 - [TEST_STEP][PASSED] - verifyTextPresent("Enter business rep last name", true, CONTINUE_ON_FAILURE): Text 'Enter business rep last name' is present on page  using regular expression

2024-11-07 18:10:10 - [MESSAGE][PASSED] - Text 'Enter business rep last name' is present on page  using regular expression

2024-11-07 18:10:10 - [TEST_STEP][PASSED] - verifyTextPresent("Enter address", true, CONTINUE_ON_FAILURE): Text 'Enter address' is present on page  using regular expression

2024-11-07 18:10:10 - [MESSAGE][PASSED] - Text 'Enter address' is present on page  using regular expression

2024-11-07 18:10:10 - [TEST_STEP][PASSED] - verifyTextPresent("Enter city", true, CONTINUE_ON_FAILURE): Text 'Enter city' is present on page  using regular expression

2024-11-07 18:10:11 - [MESSAGE][PASSED] - Text 'Enter city' is present on page  using regular expression

2024-11-07 18:10:11 - [TEST_STEP][PASSED] - verifyTextPresent("Enter ZIP code", true, CONTINUE_ON_FAILURE): Text 'Enter ZIP code' is present on page  using regular expression

2024-11-07 18:10:11 - [MESSAGE][PASSED] - Text 'Enter ZIP code' is present on page  using regular expression

2024-11-07 18:10:11 - [TEST_STEP][PASSED] - verifyTextPresent("Enter a valid phone number", true, CONTINUE_ON_FAILURE): Text 'Enter a valid phone number' is present on page  using regular expression

2024-11-07 18:10:11 - [MESSAGE][PASSED] - Text 'Enter a valid phone number' is present on page  using regular expression

2024-11-07 18:10:11 - [TEST_STEP][PASSED] - verifyTextPresent("Enter Email", true, CONTINUE_ON_FAILURE): Text 'Enter Email' is present on page  using regular expression

2024-11-07 18:10:12 - [MESSAGE][PASSED] - Text 'Enter Email' is present on page  using regular expression

2024-11-07 18:10:12 - [TEST_STEP][PASSED] - if (CRN.equalsIgnoreCase("Y")): null

2024-11-07 18:10:12 - [TEST_STEP][PASSED] - if (MFLicNum.equalsIgnoreCase("Y")): null

2024-11-07 18:10:12 - [TEST_STEP][PASSED] - if (isRequiredTextPresent == true): pages.WriteExcel.demoKey is PASSED

2024-11-07 18:10:12 - [TEST_STEP][PASSED] - println("All the relevant texts are present"): null

2024-11-07 18:10:12 - [TEST_STEP][PASSED] - markPassed("All the relevant texts are present"): All the relevant texts are present

2024-11-07 18:10:12 - [MESSAGE][PASSED] - All the relevant texts are present

2024-11-07 18:10:12 - [TEST_STEP][PASSED] - resText = "Pass": null

2024-11-07 18:10:12 - [TEST_STEP][PASSED] - pages.WriteExcel.demoKey(resText, datText, resColumn, datCloumn, fileLoc, nameSheet, row): pages.WriteExcel.demoKey is PASSED

2024-11-07 18:10:12 - [MESSAGE][PASSED] - pages.WriteExcel.demoKey is PASSED

2024-11-07 18:10:12 - [TEST_STEP][PASSED] - ExecuteTC = findTestData(dataFile).getValue("Execute", row): null

2024-11-07 18:10:12 - [TEST_STEP][PASSED] - TaxType = findTestData(dataFile).getValue("TaxType", row): null

2024-11-07 18:10:12 - [TEST_STEP][PASSED] - PaymentType = findTestData(dataFile).getValue("PaymentType", row): null

2024-11-07 18:10:12 - [TEST_STEP][PASSED] - feinSsn = findTestData(dataFile).getValue("FEINSSN", row): null

2024-11-07 18:10:12 - [TEST_STEP][PASSED] - CRN = findTestData(dataFile).getValue("CRN", row): null

2024-11-07 18:10:12 - [TEST_STEP][PASSED] - MFLicNum = findTestData(dataFile).getValue("MFLicNum", row): null

2024-11-07 18:10:12 - [TEST_STEP][PASSED] - if (ExecuteTC.equalsIgnoreCase("Y")): pages.WriteExcel.demoKey is PASSED

2024-11-07 18:10:12 - [TEST_STEP][PASSED] - out.println("Begin Record Number: " + row): null

2024-11-07 18:10:12 - [TEST_STEP][PASSED] - today = new java.util.Date(): null

2024-11-07 18:10:12 - [TEST_STEP][PASSED] - println(today): null

2024-11-07 18:10:12 - [TEST_STEP][PASSED] - datText = today: null

2024-11-07 18:10:12 - [TEST_STEP][PASSED] - logInfo("Payment Type: Existing Liability with Notice/Invoice Number"): Payment Type: Existing Liability with Notice/Invoice Number

2024-11-07 18:10:12 - [MESSAGE][INFO] - Payment Type: Existing Liability with Notice/Invoice Number

2024-11-07 18:10:12 - [TEST_STEP][PASSED] - logInfo("Tax Type: " + TaxType): Tax Type: IFTA Tax

2024-11-07 18:10:12 - [MESSAGE][INFO] - Tax Type: IFTA Tax

2024-11-07 18:10:12 - [TEST_STEP][PASSED] - openBrowser(""): Browser is opened with url: ''

2024-11-07 18:10:12 - [MESSAGE][WARNING] - A browser is already opened. Closing browser and opening a new one

2024-11-07 18:10:14 - [MESSAGE][INFO] - Starting 'Chrome' driver

2024-11-07 18:10:14 - [MESSAGE][INFO] - User set preference: ['acceptInsecureCerts', 'true']

2024-11-07 18:10:14 - [MESSAGE][INFO] - Action delay is set to 0 milliseconds

2024-11-07 18:10:16 - [MESSAGE][PASSED] - Browser is opened with url: ''

2024-11-07 18:10:16 - [TEST_STEP][PASSED] - maximizeWindow(): Current window maximized

2024-11-07 18:10:16 - [MESSAGE][PASSED] - Current window maximized

2024-11-07 18:10:16 - [TEST_STEP][PASSED] - navigateToUrl(RADurl): Navigate to 'https://www.velocitypayment.com/client/rad/index.html' successfully

2024-11-07 18:10:19 - [MESSAGE][PASSED] - Navigate to 'https://www.velocitypayment.com/client/rad/index.html' successfully

2024-11-07 18:10:19 - [TEST_STEP][PASSED] - selectOptionByLabel(findTestObject(orPath_Landing + "/dd_TaxType"), "Existing Liability with Notice/Invoice Number", false): All options with label 'Existing Liability with Notice/Invoice Number' are selected in object 'Object Repository/RAD_Pages/Landing_Page/dd_TaxType' 

2024-11-07 18:10:20 - [MESSAGE][PASSED] - All options with label 'Existing Liability with Notice/Invoice Number' are selected in object 'Object Repository/RAD_Pages/Landing_Page/dd_TaxType' 

2024-11-07 18:10:20 - [TEST_STEP][PASSED] - selectOptionByLabel(findTestObject(orPath_TaxTypeFilingYear + "/select_TaxType_ExistingLiability"), TaxType, false): All options with label 'IFTA Tax' are selected in object 'Object Repository/RAD_Pages/TaxTypeFilingYear_Page/select_TaxType_ExistingLiability' 

2024-11-07 18:10:20 - [MESSAGE][PASSED] - All options with label 'IFTA Tax' are selected in object 'Object Repository/RAD_Pages/TaxTypeFilingYear_Page/select_TaxType_ExistingLiability' 

2024-11-07 18:10:20 - [TEST_STEP][PASSED] - setText(findTestObject(orPath_TaxPayer + "/input_businessName"), " "): Text ' ' is set on object 'Object Repository/RAD_Pages/Taxpayer_Page/input_businessName'

2024-11-07 18:10:21 - [MESSAGE][PASSED] - Text ' ' is set on object 'Object Repository/RAD_Pages/Taxpayer_Page/input_businessName'

2024-11-07 18:10:21 - [TEST_STEP][PASSED] - setText(findTestObject(orPath_TaxPayer + "/input_BusinessRepfirstName"), " "): Text ' ' is set on object 'Object Repository/RAD_Pages/Taxpayer_Page/input_BusinessRepfirstName'

2024-11-07 18:10:22 - [MESSAGE][PASSED] - Text ' ' is set on object 'Object Repository/RAD_Pages/Taxpayer_Page/input_BusinessRepfirstName'

2024-11-07 18:10:22 - [TEST_STEP][PASSED] - setText(findTestObject(orPath_TaxPayer + "/input_BusinessReplastName"), " "): Text ' ' is set on object 'Object Repository/RAD_Pages/Taxpayer_Page/input_BusinessReplastName'

2024-11-07 18:10:23 - [MESSAGE][PASSED] - Text ' ' is set on object 'Object Repository/RAD_Pages/Taxpayer_Page/input_BusinessReplastName'

2024-11-07 18:10:23 - [TEST_STEP][PASSED] - setText(findTestObject(orPath_AddressContact + "/input_streetAddress1"), " "): Text ' ' is set on object 'Object Repository/RAD_Pages/AddressAndContactInfo_Page/input_streetAddress1'

2024-11-07 18:10:24 - [MESSAGE][PASSED] - Text ' ' is set on object 'Object Repository/RAD_Pages/AddressAndContactInfo_Page/input_streetAddress1'

2024-11-07 18:10:24 - [TEST_STEP][PASSED] - setText(findTestObject(orPath_AddressContact + "/input_city"), " "): Text ' ' is set on object 'Object Repository/RAD_Pages/AddressAndContactInfo_Page/input_city'

2024-11-07 18:10:24 - [MESSAGE][PASSED] - Text ' ' is set on object 'Object Repository/RAD_Pages/AddressAndContactInfo_Page/input_city'

2024-11-07 18:10:24 - [TEST_STEP][PASSED] - setText(findTestObject(orPath_AddressContact + "/input_zipCode"), " "): Text ' ' is set on object 'Object Repository/RAD_Pages/AddressAndContactInfo_Page/input_zipCode'

2024-11-07 18:10:25 - [MESSAGE][PASSED] - Text ' ' is set on object 'Object Repository/RAD_Pages/AddressAndContactInfo_Page/input_zipCode'

2024-11-07 18:10:25 - [TEST_STEP][PASSED] - setText(findTestObject(orPath_AddressContact + "/input_phoneNumber"), " "): Text ' ' is set on object 'Object Repository/RAD_Pages/AddressAndContactInfo_Page/input_phoneNumber'

2024-11-07 18:10:26 - [MESSAGE][PASSED] - Text ' ' is set on object 'Object Repository/RAD_Pages/AddressAndContactInfo_Page/input_phoneNumber'

2024-11-07 18:10:26 - [TEST_STEP][PASSED] - setText(findTestObject(orPath_AddressContact + "/input_eMailAddress"), " "): Text ' ' is set on object 'Object Repository/RAD_Pages/AddressAndContactInfo_Page/input_eMailAddress'

2024-11-07 18:10:27 - [MESSAGE][PASSED] - Text ' ' is set on object 'Object Repository/RAD_Pages/AddressAndContactInfo_Page/input_eMailAddress'

2024-11-07 18:10:27 - [TEST_STEP][PASSED] - setText(findTestObject(orPath_AddressContact + "/input_reEnterEMailAddress"), " "): Text ' ' is set on object 'Object Repository/RAD_Pages/AddressAndContactInfo_Page/input_reEnterEMailAddress'

2024-11-07 18:10:27 - [MESSAGE][PASSED] - Text ' ' is set on object 'Object Repository/RAD_Pages/AddressAndContactInfo_Page/input_reEnterEMailAddress'

2024-11-07 18:10:27 - [TEST_STEP][PASSED] - if (TaxType.equalsIgnoreCase("Estate Tax")): null

2024-11-07 18:10:27 - [TEST_STEP][PASSED] - setText(findTestObject(orPath_Amount + "/input__paymentAmount"), ""): Text '' is set on object 'Object Repository/RAD_Pages/PaymentAmount_Page/input__paymentAmount'

2024-11-07 18:10:28 - [MESSAGE][PASSED] - Text '' is set on object 'Object Repository/RAD_Pages/PaymentAmount_Page/input__paymentAmount'

2024-11-07 18:10:28 - [TEST_STEP][PASSED] - resText = "Fail": null

2024-11-07 18:10:28 - [TEST_STEP][PASSED] - pages.WriteExcel.demoKey(resText, datText, resColumn, datCloumn, fileLoc, nameSheet, row): pages.WriteExcel.demoKey is PASSED

2024-11-07 18:10:28 - [MESSAGE][PASSED] - pages.WriteExcel.demoKey is PASSED

2024-11-07 18:10:28 - [TEST_STEP][PASSED] - verifyTextPresent("Enter business name", true, CONTINUE_ON_FAILURE): Text 'Enter business name' is present on page  using regular expression

2024-11-07 18:10:29 - [MESSAGE][PASSED] - Text 'Enter business name' is present on page  using regular expression

2024-11-07 18:10:29 - [TEST_STEP][PASSED] - verifyTextPresent("Enter business rep first name", true, CONTINUE_ON_FAILURE): Text 'Enter business rep first name' is present on page  using regular expression

2024-11-07 18:10:29 - [MESSAGE][PASSED] - Text 'Enter business rep first name' is present on page  using regular expression

2024-11-07 18:10:29 - [TEST_STEP][PASSED] - verifyTextPresent("Enter business rep last name", true, CONTINUE_ON_FAILURE): Text 'Enter business rep last name' is present on page  using regular expression

2024-11-07 18:10:30 - [MESSAGE][PASSED] - Text 'Enter business rep last name' is present on page  using regular expression

2024-11-07 18:10:30 - [TEST_STEP][PASSED] - verifyTextPresent("Enter address", true, CONTINUE_ON_FAILURE): Text 'Enter address' is present on page  using regular expression

2024-11-07 18:10:30 - [MESSAGE][PASSED] - Text 'Enter address' is present on page  using regular expression

2024-11-07 18:10:30 - [TEST_STEP][PASSED] - verifyTextPresent("Enter city", true, CONTINUE_ON_FAILURE): Text 'Enter city' is present on page  using regular expression

2024-11-07 18:10:30 - [MESSAGE][PASSED] - Text 'Enter city' is present on page  using regular expression

2024-11-07 18:10:30 - [TEST_STEP][PASSED] - verifyTextPresent("Enter ZIP code", true, CONTINUE_ON_FAILURE): Text 'Enter ZIP code' is present on page  using regular expression

2024-11-07 18:10:31 - [MESSAGE][PASSED] - Text 'Enter ZIP code' is present on page  using regular expression

2024-11-07 18:10:31 - [TEST_STEP][PASSED] - verifyTextPresent("Enter a valid phone number", true, CONTINUE_ON_FAILURE): Text 'Enter a valid phone number' is present on page  using regular expression

2024-11-07 18:10:31 - [MESSAGE][PASSED] - Text 'Enter a valid phone number' is present on page  using regular expression

2024-11-07 18:10:31 - [TEST_STEP][PASSED] - verifyTextPresent("Enter Email", true, CONTINUE_ON_FAILURE): Text 'Enter Email' is present on page  using regular expression

2024-11-07 18:10:31 - [MESSAGE][PASSED] - Text 'Enter Email' is present on page  using regular expression

2024-11-07 18:10:31 - [TEST_STEP][PASSED] - if (CRN.equalsIgnoreCase("Y")): null

2024-11-07 18:10:31 - [TEST_STEP][PASSED] - if (MFLicNum.equalsIgnoreCase("Y")): null

2024-11-07 18:10:31 - [TEST_STEP][PASSED] - if (isRequiredTextPresent == true): pages.WriteExcel.demoKey is PASSED

2024-11-07 18:10:31 - [TEST_STEP][PASSED] - println("All the relevant texts are present"): null

2024-11-07 18:10:31 - [TEST_STEP][PASSED] - markPassed("All the relevant texts are present"): All the relevant texts are present

2024-11-07 18:10:31 - [MESSAGE][PASSED] - All the relevant texts are present

2024-11-07 18:10:31 - [TEST_STEP][PASSED] - resText = "Pass": null

2024-11-07 18:10:31 - [TEST_STEP][PASSED] - pages.WriteExcel.demoKey(resText, datText, resColumn, datCloumn, fileLoc, nameSheet, row): pages.WriteExcel.demoKey is PASSED

2024-11-07 18:10:31 - [MESSAGE][PASSED] - pages.WriteExcel.demoKey is PASSED]]></system-out>
         <system-err><![CDATA[2024-11-07 18:04:26 - [TEST_CASE][FAILED] - Test Cases/RAD_TestCases/MRF_TestCases/Existing_MRF_TC: Test Cases/RAD_TestCases/MRF_TestCases/Existing_MRF_TC FAILED.
Reason:
com.kms.katalon.core.exception.StepFailedException: Some texts are missing
	at com.kms.katalon.core.util.KeywordUtil.markFailed(KeywordUtil.java:19)
	at com.kms.katalon.core.util.KeywordUtil$markFailed$1.call(Unknown Source)
	at Existing_MRF_TC.run(Existing_MRF_TC:196)
	at com.kms.katalon.core.main.ScriptEngine.run(ScriptEngine.java:194)
	at com.kms.katalon.core.main.ScriptEngine.runScriptAsRawText(ScriptEngine.java:119)
	at com.kms.katalon.core.main.TestCaseExecutor.runScript(TestCaseExecutor.java:448)
	at com.kms.katalon.core.main.TestCaseExecutor.doExecute(TestCaseExecutor.java:439)
	at com.kms.katalon.core.main.TestCaseExecutor.processExecutionPhase(TestCaseExecutor.java:418)
	at com.kms.katalon.core.main.TestCaseExecutor.accessMainPhase(TestCaseExecutor.java:410)
	at com.kms.katalon.core.main.TestCaseExecutor.execute(TestCaseExecutor.java:285)
	at com.kms.katalon.core.common.CommonExecutor.accessTestCaseMainPhase(CommonExecutor.java:65)
	at com.kms.katalon.core.main.TestSuiteExecutor.accessTestSuiteMainPhase(TestSuiteExecutor.java:148)
	at com.kms.katalon.core.main.TestSuiteExecutor.execute(TestSuiteExecutor.java:106)
	at com.kms.katalon.core.main.TestCaseMain.startTestSuite(TestCaseMain.java:187)
	at com.kms.katalon.core.main.TestCaseMain$startTestSuite$0.call(Unknown Source)
	at TempTestSuite1731019020691.run(TempTestSuite1731019020691.groovy:35)]]></system-err>
      </testcase>
      <testcase name="Test Cases/RAD_TestCases/MRF_TestCases/Extension_MRF_TC" time="122.577" classname="Test Cases/RAD_TestCases/MRF_TestCases/Extension_MRF_TC" status="PASSED">
         <system-out><![CDATA[2024-11-07 18:10:31 - [TEST_CASE][PASSED] - Test Cases/RAD_TestCases/MRF_TestCases/Extension_MRF_TC: Test Cases/RAD_TestCases/MRF_TestCases/Extension_MRF_TC

2024-11-07 18:10:32 - [TEST_STEP][PASSED] - resText = "Fail": null

2024-11-07 18:10:32 - [TEST_STEP][PASSED] - resColumn = "Result": null

2024-11-07 18:10:32 - [TEST_STEP][PASSED] - datCloumn = "Date": null

2024-11-07 18:10:32 - [TEST_STEP][PASSED] - fileLoc = "KatalonData/RADTestData/MRF.xlsx": null

2024-11-07 18:10:32 - [TEST_STEP][PASSED] - nameSheet = "Extension": null

2024-11-07 18:10:32 - [TEST_STEP][PASSED] - dataFile = "RADTestData/MRF_Extension": null

2024-11-07 18:10:32 - [TEST_STEP][PASSED] - orPath_Landing = "Object Repository/RAD_Pages/Landing_Page": null

2024-11-07 18:10:32 - [TEST_STEP][PASSED] - orPath_TaxTypeFilingYear = "Object Repository/RAD_Pages/TaxTypeFilingYear_Page": null

2024-11-07 18:10:32 - [TEST_STEP][PASSED] - orPath_Amount = "Object Repository/RAD_Pages/PaymentAmount_Page": null

2024-11-07 18:10:32 - [TEST_STEP][PASSED] - orPath_AddressContact = "Object Repository/RAD_Pages/AddressAndContactInfo_Page": null

2024-11-07 18:10:32 - [TEST_STEP][PASSED] - orPath_Summary = "Object Repository/RAD_Pages/Summary_Page": null

2024-11-07 18:10:32 - [TEST_STEP][PASSED] - orPath_PaymentConfirmation = "Object Repository/RAD_Pages/PaymentConfirmation_Page": null

2024-11-07 18:10:32 - [TEST_STEP][PASSED] - orPath_ServiceFeesAccept = "Object Repository/RAD_Pages/ServiceFeeAccept_Page": null

2024-11-07 18:10:32 - [TEST_STEP][PASSED] - orPath_PaymentEntry = "Object Repository/RAD_Pages/PaymentEntry_Page": null

2024-11-07 18:10:32 - [TEST_STEP][PASSED] - orPath_TaxPayer = "Object Repository/RAD_Pages/Taxpayer_Page": null

2024-11-07 18:10:32 - [TEST_STEP][PASSED] - ExecuteTC = <not implemented yet for class: org.codehaus.groovy.ast.expr.EmptyExpression>: null

2024-11-07 18:10:32 - [TEST_STEP][PASSED] - TaxType = <not implemented yet for class: org.codehaus.groovy.ast.expr.EmptyExpression>: null

2024-11-07 18:10:32 - [TEST_STEP][PASSED] - PaymentType = <not implemented yet for class: org.codehaus.groovy.ast.expr.EmptyExpression>: null

2024-11-07 18:10:32 - [TEST_STEP][PASSED] - FilingYear = <not implemented yet for class: org.codehaus.groovy.ast.expr.EmptyExpression>: null

2024-11-07 18:10:32 - [TEST_STEP][PASSED] - PeriodEndingMonth = <not implemented yet for class: org.codehaus.groovy.ast.expr.EmptyExpression>: null

2024-11-07 18:10:32 - [TEST_STEP][PASSED] - feinSSN = <not implemented yet for class: org.codehaus.groovy.ast.expr.EmptyExpression>: null

2024-11-07 18:10:32 - [TEST_STEP][PASSED] - numOfRows = findTestData(dataFile).getRowNumbers(): null

2024-11-07 18:10:32 - [TEST_STEP][PASSED] - println("Number of Records: " + numOfRows): null

2024-11-07 18:10:32 - [TEST_STEP][PASSED] - for ([row = 1, row <= numOfRows, (row++)]): pages.WriteExcel.demoKey is PASSED

2024-11-07 18:10:32 - [TEST_STEP][PASSED] - ExecuteTC = findTestData(dataFile).getValue("Execute", row): null

2024-11-07 18:10:32 - [TEST_STEP][PASSED] - TaxType = findTestData(dataFile).getValue("TaxType", row): null

2024-11-07 18:10:32 - [TEST_STEP][PASSED] - PaymentType = findTestData(dataFile).getValue("PaymentType", row): null

2024-11-07 18:10:32 - [TEST_STEP][PASSED] - FilingYear = findTestData(dataFile).getValue("Year", row): null

2024-11-07 18:10:32 - [TEST_STEP][PASSED] - PeriodEndingMonth = findTestData(dataFile).getValue("Month", row): null

2024-11-07 18:10:33 - [TEST_STEP][PASSED] - feinSSN = findTestData(dataFile).getValue("FeinSsn", row): null

2024-11-07 18:10:33 - [TEST_STEP][PASSED] - if (ExecuteTC.equalsIgnoreCase("Y")): pages.WriteExcel.demoKey is PASSED

2024-11-07 18:10:33 - [TEST_STEP][PASSED] - out.println("Begin Record Number: " + row): null

2024-11-07 18:10:33 - [TEST_STEP][PASSED] - today = new java.util.Date(): null

2024-11-07 18:10:33 - [TEST_STEP][PASSED] - println(today): null

2024-11-07 18:10:33 - [TEST_STEP][PASSED] - datText = today: null

2024-11-07 18:10:33 - [TEST_STEP][PASSED] - logInfo("Payment Type: Extension Payments"): Payment Type: Extension Payments

2024-11-07 18:10:33 - [MESSAGE][INFO] - Payment Type: Extension Payments

2024-11-07 18:10:33 - [TEST_STEP][PASSED] - logInfo("Tax Type: " + TaxType): Tax Type: Corporate Income Tax

2024-11-07 18:10:33 - [MESSAGE][INFO] - Tax Type: Corporate Income Tax

2024-11-07 18:10:33 - [TEST_STEP][PASSED] - openBrowser(""): Browser is opened with url: ''

2024-11-07 18:10:33 - [MESSAGE][WARNING] - A browser is already opened. Closing browser and opening a new one

2024-11-07 18:10:36 - [MESSAGE][INFO] - Starting 'Chrome' driver

2024-11-07 18:10:36 - [MESSAGE][INFO] - User set preference: ['acceptInsecureCerts', 'true']

2024-11-07 18:10:36 - [MESSAGE][INFO] - Action delay is set to 0 milliseconds

2024-11-07 18:10:37 - [MESSAGE][PASSED] - Browser is opened with url: ''

2024-11-07 18:10:37 - [TEST_STEP][PASSED] - maximizeWindow(): Current window maximized

2024-11-07 18:10:37 - [MESSAGE][PASSED] - Current window maximized

2024-11-07 18:10:37 - [TEST_STEP][PASSED] - navigateToUrl(RADurl): Navigate to 'https://www.velocitypayment.com/client/rad/index.html' successfully

2024-11-07 18:10:38 - [MESSAGE][PASSED] - Navigate to 'https://www.velocitypayment.com/client/rad/index.html' successfully

2024-11-07 18:10:38 - [TEST_STEP][PASSED] - selectOptionByLabel(findTestObject(orPath_Landing + "/dd_TaxType"), "Extension Payments", false): All options with label 'Extension Payments' are selected in object 'Object Repository/RAD_Pages/Landing_Page/dd_TaxType' 

2024-11-07 18:10:41 - [MESSAGE][PASSED] - All options with label 'Extension Payments' are selected in object 'Object Repository/RAD_Pages/Landing_Page/dd_TaxType' 

2024-11-07 18:10:41 - [TEST_STEP][PASSED] - selectOptionByLabel(findTestObject(orPath_TaxTypeFilingYear + "/select_PaymentType"), TaxType, false): All options with label 'Corporate Income Tax' are selected in object 'Object Repository/RAD_Pages/TaxTypeFilingYear_Page/select_PaymentType' 

2024-11-07 18:10:41 - [MESSAGE][PASSED] - All options with label 'Corporate Income Tax' are selected in object 'Object Repository/RAD_Pages/TaxTypeFilingYear_Page/select_PaymentType' 

2024-11-07 18:10:41 - [TEST_STEP][PASSED] - selectOptionByLabel(findTestObject(orPath_TaxTypeFilingYear + "/select_FilingYear"), FilingYear, false): All options with label '2023' are selected in object 'Object Repository/RAD_Pages/TaxTypeFilingYear_Page/select_FilingYear' 

2024-11-07 18:10:42 - [MESSAGE][PASSED] - All options with label '2023' are selected in object 'Object Repository/RAD_Pages/TaxTypeFilingYear_Page/select_FilingYear' 

2024-11-07 18:10:42 - [TEST_STEP][PASSED] - switch (TaxType): null

2024-11-07 18:10:42 - [TEST_STEP][PASSED] - case "Corporate Income Tax":: null

2024-11-07 18:10:42 - [TEST_STEP][PASSED] - selectOptionByLabel(findTestObject(orPath_TaxTypeFilingYear + "/select_PeriodEnding"), PeriodEndingMonth, false): All options with label 'September' are selected in object 'Object Repository/RAD_Pages/TaxTypeFilingYear_Page/select_PeriodEnding' 

2024-11-07 18:10:43 - [MESSAGE][PASSED] - All options with label 'September' are selected in object 'Object Repository/RAD_Pages/TaxTypeFilingYear_Page/select_PeriodEnding' 

2024-11-07 18:10:43 - [TEST_STEP][PASSED] - break: null

2024-11-07 18:10:43 - [TEST_STEP][PASSED] - setText(findTestObject(orPath_TaxPayer + "/input_businessName"), " "): Text ' ' is set on object 'Object Repository/RAD_Pages/Taxpayer_Page/input_businessName'

2024-11-07 18:10:43 - [MESSAGE][PASSED] - Text ' ' is set on object 'Object Repository/RAD_Pages/Taxpayer_Page/input_businessName'

2024-11-07 18:10:43 - [TEST_STEP][PASSED] - setText(findTestObject(orPath_TaxPayer + "/input_BusinessRepfirstName"), " "): Text ' ' is set on object 'Object Repository/RAD_Pages/Taxpayer_Page/input_BusinessRepfirstName'

2024-11-07 18:10:44 - [MESSAGE][PASSED] - Text ' ' is set on object 'Object Repository/RAD_Pages/Taxpayer_Page/input_BusinessRepfirstName'

2024-11-07 18:10:44 - [TEST_STEP][PASSED] - setText(findTestObject(orPath_TaxPayer + "/input_BusinessReplastName"), " "): Text ' ' is set on object 'Object Repository/RAD_Pages/Taxpayer_Page/input_BusinessReplastName'

2024-11-07 18:10:45 - [MESSAGE][PASSED] - Text ' ' is set on object 'Object Repository/RAD_Pages/Taxpayer_Page/input_BusinessReplastName'

2024-11-07 18:10:45 - [TEST_STEP][PASSED] - setText(findTestObject(orPath_AddressContact + "/input_streetAddress1"), " "): Text ' ' is set on object 'Object Repository/RAD_Pages/AddressAndContactInfo_Page/input_streetAddress1'

2024-11-07 18:10:46 - [MESSAGE][PASSED] - Text ' ' is set on object 'Object Repository/RAD_Pages/AddressAndContactInfo_Page/input_streetAddress1'

2024-11-07 18:10:46 - [TEST_STEP][PASSED] - setText(findTestObject(orPath_AddressContact + "/input_city"), " "): Text ' ' is set on object 'Object Repository/RAD_Pages/AddressAndContactInfo_Page/input_city'

2024-11-07 18:10:46 - [MESSAGE][PASSED] - Text ' ' is set on object 'Object Repository/RAD_Pages/AddressAndContactInfo_Page/input_city'

2024-11-07 18:10:46 - [TEST_STEP][PASSED] - setText(findTestObject(orPath_AddressContact + "/input_zipCode"), " "): Text ' ' is set on object 'Object Repository/RAD_Pages/AddressAndContactInfo_Page/input_zipCode'

2024-11-07 18:10:47 - [MESSAGE][PASSED] - Text ' ' is set on object 'Object Repository/RAD_Pages/AddressAndContactInfo_Page/input_zipCode'

2024-11-07 18:10:47 - [TEST_STEP][PASSED] - setText(findTestObject(orPath_AddressContact + "/input_phoneNumber"), " "): Text ' ' is set on object 'Object Repository/RAD_Pages/AddressAndContactInfo_Page/input_phoneNumber'

2024-11-07 18:10:48 - [MESSAGE][PASSED] - Text ' ' is set on object 'Object Repository/RAD_Pages/AddressAndContactInfo_Page/input_phoneNumber'

2024-11-07 18:10:48 - [TEST_STEP][PASSED] - setText(findTestObject(orPath_AddressContact + "/input_eMailAddress"), " "): Text ' ' is set on object 'Object Repository/RAD_Pages/AddressAndContactInfo_Page/input_eMailAddress'

2024-11-07 18:10:49 - [MESSAGE][PASSED] - Text ' ' is set on object 'Object Repository/RAD_Pages/AddressAndContactInfo_Page/input_eMailAddress'

2024-11-07 18:10:49 - [TEST_STEP][PASSED] - setText(findTestObject(orPath_AddressContact + "/input_reEnterEMailAddress"), " "): Text ' ' is set on object 'Object Repository/RAD_Pages/AddressAndContactInfo_Page/input_reEnterEMailAddress'

2024-11-07 18:10:50 - [MESSAGE][PASSED] - Text ' ' is set on object 'Object Repository/RAD_Pages/AddressAndContactInfo_Page/input_reEnterEMailAddress'

2024-11-07 18:10:50 - [TEST_STEP][PASSED] - resText = "Fail": null

2024-11-07 18:10:50 - [TEST_STEP][PASSED] - pages.WriteExcel.demoKey(resText, datText, resColumn, datCloumn, fileLoc, nameSheet, row): pages.WriteExcel.demoKey is PASSED

2024-11-07 18:10:50 - [MESSAGE][PASSED] - pages.WriteExcel.demoKey is PASSED

2024-11-07 18:10:50 - [TEST_STEP][PASSED] - verifyTextPresent("Enter business name", true, CONTINUE_ON_FAILURE): Text 'Enter business name' is present on page  using regular expression

2024-11-07 18:10:51 - [MESSAGE][PASSED] - Text 'Enter business name' is present on page  using regular expression

2024-11-07 18:10:51 - [TEST_STEP][PASSED] - verifyTextPresent("Enter business rep first name", true, CONTINUE_ON_FAILURE): Text 'Enter business rep first name' is present on page  using regular expression

2024-11-07 18:10:51 - [MESSAGE][PASSED] - Text 'Enter business rep first name' is present on page  using regular expression

2024-11-07 18:10:51 - [TEST_STEP][PASSED] - verifyTextPresent("Enter business rep last name", true, CONTINUE_ON_FAILURE): Text 'Enter business rep last name' is present on page  using regular expression

2024-11-07 18:10:51 - [MESSAGE][PASSED] - Text 'Enter business rep last name' is present on page  using regular expression

2024-11-07 18:10:51 - [TEST_STEP][PASSED] - verifyTextPresent("Enter address", true, CONTINUE_ON_FAILURE): Text 'Enter address' is present on page  using regular expression

2024-11-07 18:10:52 - [MESSAGE][PASSED] - Text 'Enter address' is present on page  using regular expression

2024-11-07 18:10:52 - [TEST_STEP][PASSED] - verifyTextPresent("Enter city", true, CONTINUE_ON_FAILURE): Text 'Enter city' is present on page  using regular expression

2024-11-07 18:10:52 - [MESSAGE][PASSED] - Text 'Enter city' is present on page  using regular expression

2024-11-07 18:10:52 - [TEST_STEP][PASSED] - verifyTextPresent("Enter ZIP code", true, CONTINUE_ON_FAILURE): Text 'Enter ZIP code' is present on page  using regular expression

2024-11-07 18:10:52 - [MESSAGE][PASSED] - Text 'Enter ZIP code' is present on page  using regular expression

2024-11-07 18:10:52 - [TEST_STEP][PASSED] - verifyTextPresent("Enter a valid phone number", true, CONTINUE_ON_FAILURE): Text 'Enter a valid phone number' is present on page  using regular expression

2024-11-07 18:10:53 - [MESSAGE][PASSED] - Text 'Enter a valid phone number' is present on page  using regular expression

2024-11-07 18:10:53 - [TEST_STEP][PASSED] - verifyTextPresent("Enter Email", true, CONTINUE_ON_FAILURE): Text 'Enter Email' is present on page  using regular expression

2024-11-07 18:10:53 - [MESSAGE][PASSED] - Text 'Enter Email' is present on page  using regular expression

2024-11-07 18:10:53 - [TEST_STEP][PASSED] - resText = "Pass": null

2024-11-07 18:10:53 - [TEST_STEP][PASSED] - pages.WriteExcel.demoKey(resText, datText, resColumn, datCloumn, fileLoc, nameSheet, row): pages.WriteExcel.demoKey is PASSED

2024-11-07 18:10:53 - [MESSAGE][PASSED] - pages.WriteExcel.demoKey is PASSED

2024-11-07 18:10:53 - [TEST_STEP][PASSED] - ExecuteTC = findTestData(dataFile).getValue("Execute", row): null

2024-11-07 18:10:53 - [TEST_STEP][PASSED] - TaxType = findTestData(dataFile).getValue("TaxType", row): null

2024-11-07 18:10:53 - [TEST_STEP][PASSED] - PaymentType = findTestData(dataFile).getValue("PaymentType", row): null

2024-11-07 18:10:53 - [TEST_STEP][PASSED] - FilingYear = findTestData(dataFile).getValue("Year", row): null

2024-11-07 18:10:54 - [TEST_STEP][PASSED] - PeriodEndingMonth = findTestData(dataFile).getValue("Month", row): null

2024-11-07 18:10:54 - [TEST_STEP][PASSED] - feinSSN = findTestData(dataFile).getValue("FeinSsn", row): null

2024-11-07 18:10:54 - [TEST_STEP][PASSED] - if (ExecuteTC.equalsIgnoreCase("Y")): pages.WriteExcel.demoKey is PASSED

2024-11-07 18:10:54 - [TEST_STEP][PASSED] - out.println("Begin Record Number: " + row): null

2024-11-07 18:10:54 - [TEST_STEP][PASSED] - today = new java.util.Date(): null

2024-11-07 18:10:54 - [TEST_STEP][PASSED] - println(today): null

2024-11-07 18:10:54 - [TEST_STEP][PASSED] - datText = today: null

2024-11-07 18:10:54 - [TEST_STEP][PASSED] - logInfo("Payment Type: Extension Payments"): Payment Type: Extension Payments

2024-11-07 18:10:54 - [MESSAGE][INFO] - Payment Type: Extension Payments

2024-11-07 18:10:54 - [TEST_STEP][PASSED] - logInfo("Tax Type: " + TaxType): Tax Type: Fiduciary Tax

2024-11-07 18:10:54 - [MESSAGE][INFO] - Tax Type: Fiduciary Tax

2024-11-07 18:10:54 - [TEST_STEP][PASSED] - openBrowser(""): Browser is opened with url: ''

2024-11-07 18:10:54 - [MESSAGE][WARNING] - A browser is already opened. Closing browser and opening a new one

2024-11-07 18:10:55 - [MESSAGE][INFO] - Starting 'Chrome' driver

2024-11-07 18:10:55 - [MESSAGE][INFO] - User set preference: ['acceptInsecureCerts', 'true']

2024-11-07 18:10:55 - [MESSAGE][INFO] - Action delay is set to 0 milliseconds

2024-11-07 18:10:57 - [MESSAGE][PASSED] - Browser is opened with url: ''

2024-11-07 18:10:57 - [TEST_STEP][PASSED] - maximizeWindow(): Current window maximized

2024-11-07 18:10:57 - [MESSAGE][PASSED] - Current window maximized

2024-11-07 18:10:57 - [TEST_STEP][PASSED] - navigateToUrl(RADurl): Navigate to 'https://www.velocitypayment.com/client/rad/index.html' successfully

2024-11-07 18:11:02 - [MESSAGE][PASSED] - Navigate to 'https://www.velocitypayment.com/client/rad/index.html' successfully

2024-11-07 18:11:02 - [TEST_STEP][PASSED] - selectOptionByLabel(findTestObject(orPath_Landing + "/dd_TaxType"), "Extension Payments", false): All options with label 'Extension Payments' are selected in object 'Object Repository/RAD_Pages/Landing_Page/dd_TaxType' 

2024-11-07 18:11:03 - [MESSAGE][PASSED] - All options with label 'Extension Payments' are selected in object 'Object Repository/RAD_Pages/Landing_Page/dd_TaxType' 

2024-11-07 18:11:03 - [TEST_STEP][PASSED] - selectOptionByLabel(findTestObject(orPath_TaxTypeFilingYear + "/select_PaymentType"), TaxType, false): All options with label 'Fiduciary Tax' are selected in object 'Object Repository/RAD_Pages/TaxTypeFilingYear_Page/select_PaymentType' 

2024-11-07 18:11:04 - [MESSAGE][PASSED] - All options with label 'Fiduciary Tax' are selected in object 'Object Repository/RAD_Pages/TaxTypeFilingYear_Page/select_PaymentType' 

2024-11-07 18:11:04 - [TEST_STEP][PASSED] - selectOptionByLabel(findTestObject(orPath_TaxTypeFilingYear + "/select_FilingYear"), FilingYear, false): All options with label '2023' are selected in object 'Object Repository/RAD_Pages/TaxTypeFilingYear_Page/select_FilingYear' 

2024-11-07 18:11:04 - [MESSAGE][PASSED] - All options with label '2023' are selected in object 'Object Repository/RAD_Pages/TaxTypeFilingYear_Page/select_FilingYear' 

2024-11-07 18:11:04 - [TEST_STEP][PASSED] - switch (TaxType): null

2024-11-07 18:11:04 - [TEST_STEP][PASSED] - setText(findTestObject(orPath_TaxPayer + "/input_businessName"), " "): Text ' ' is set on object 'Object Repository/RAD_Pages/Taxpayer_Page/input_businessName'

2024-11-07 18:11:05 - [MESSAGE][PASSED] - Text ' ' is set on object 'Object Repository/RAD_Pages/Taxpayer_Page/input_businessName'

2024-11-07 18:11:05 - [TEST_STEP][PASSED] - setText(findTestObject(orPath_TaxPayer + "/input_BusinessRepfirstName"), " "): Text ' ' is set on object 'Object Repository/RAD_Pages/Taxpayer_Page/input_BusinessRepfirstName'

2024-11-07 18:11:06 - [MESSAGE][PASSED] - Text ' ' is set on object 'Object Repository/RAD_Pages/Taxpayer_Page/input_BusinessRepfirstName'

2024-11-07 18:11:06 - [TEST_STEP][PASSED] - setText(findTestObject(orPath_TaxPayer + "/input_BusinessReplastName"), " "): Text ' ' is set on object 'Object Repository/RAD_Pages/Taxpayer_Page/input_BusinessReplastName'

2024-11-07 18:11:06 - [MESSAGE][PASSED] - Text ' ' is set on object 'Object Repository/RAD_Pages/Taxpayer_Page/input_BusinessReplastName'

2024-11-07 18:11:06 - [TEST_STEP][PASSED] - setText(findTestObject(orPath_AddressContact + "/input_streetAddress1"), " "): Text ' ' is set on object 'Object Repository/RAD_Pages/AddressAndContactInfo_Page/input_streetAddress1'

2024-11-07 18:11:07 - [MESSAGE][PASSED] - Text ' ' is set on object 'Object Repository/RAD_Pages/AddressAndContactInfo_Page/input_streetAddress1'

2024-11-07 18:11:07 - [TEST_STEP][PASSED] - setText(findTestObject(orPath_AddressContact + "/input_city"), " "): Text ' ' is set on object 'Object Repository/RAD_Pages/AddressAndContactInfo_Page/input_city'

2024-11-07 18:11:08 - [MESSAGE][PASSED] - Text ' ' is set on object 'Object Repository/RAD_Pages/AddressAndContactInfo_Page/input_city'

2024-11-07 18:11:08 - [TEST_STEP][PASSED] - setText(findTestObject(orPath_AddressContact + "/input_zipCode"), " "): Text ' ' is set on object 'Object Repository/RAD_Pages/AddressAndContactInfo_Page/input_zipCode'

2024-11-07 18:11:09 - [MESSAGE][PASSED] - Text ' ' is set on object 'Object Repository/RAD_Pages/AddressAndContactInfo_Page/input_zipCode'

2024-11-07 18:11:09 - [TEST_STEP][PASSED] - setText(findTestObject(orPath_AddressContact + "/input_phoneNumber"), " "): Text ' ' is set on object 'Object Repository/RAD_Pages/AddressAndContactInfo_Page/input_phoneNumber'

2024-11-07 18:11:10 - [MESSAGE][PASSED] - Text ' ' is set on object 'Object Repository/RAD_Pages/AddressAndContactInfo_Page/input_phoneNumber'

2024-11-07 18:11:10 - [TEST_STEP][PASSED] - setText(findTestObject(orPath_AddressContact + "/input_eMailAddress"), " "): Text ' ' is set on object 'Object Repository/RAD_Pages/AddressAndContactInfo_Page/input_eMailAddress'

2024-11-07 18:11:11 - [MESSAGE][PASSED] - Text ' ' is set on object 'Object Repository/RAD_Pages/AddressAndContactInfo_Page/input_eMailAddress'

2024-11-07 18:11:11 - [TEST_STEP][PASSED] - setText(findTestObject(orPath_AddressContact + "/input_reEnterEMailAddress"), " "): Text ' ' is set on object 'Object Repository/RAD_Pages/AddressAndContactInfo_Page/input_reEnterEMailAddress'

2024-11-07 18:11:11 - [MESSAGE][PASSED] - Text ' ' is set on object 'Object Repository/RAD_Pages/AddressAndContactInfo_Page/input_reEnterEMailAddress'

2024-11-07 18:11:11 - [TEST_STEP][PASSED] - resText = "Fail": null

2024-11-07 18:11:11 - [TEST_STEP][PASSED] - pages.WriteExcel.demoKey(resText, datText, resColumn, datCloumn, fileLoc, nameSheet, row): pages.WriteExcel.demoKey is PASSED

2024-11-07 18:11:12 - [MESSAGE][PASSED] - pages.WriteExcel.demoKey is PASSED

2024-11-07 18:11:12 - [TEST_STEP][PASSED] - verifyTextPresent("Enter business name", true, CONTINUE_ON_FAILURE): Text 'Enter business name' is present on page  using regular expression

2024-11-07 18:11:12 - [MESSAGE][PASSED] - Text 'Enter business name' is present on page  using regular expression

2024-11-07 18:11:12 - [TEST_STEP][PASSED] - verifyTextPresent("Enter business rep first name", true, CONTINUE_ON_FAILURE): Text 'Enter business rep first name' is present on page  using regular expression

2024-11-07 18:11:12 - [MESSAGE][PASSED] - Text 'Enter business rep first name' is present on page  using regular expression

2024-11-07 18:11:12 - [TEST_STEP][PASSED] - verifyTextPresent("Enter business rep last name", true, CONTINUE_ON_FAILURE): Text 'Enter business rep last name' is present on page  using regular expression

2024-11-07 18:11:13 - [MESSAGE][PASSED] - Text 'Enter business rep last name' is present on page  using regular expression

2024-11-07 18:11:13 - [TEST_STEP][PASSED] - verifyTextPresent("Enter address", true, CONTINUE_ON_FAILURE): Text 'Enter address' is present on page  using regular expression

2024-11-07 18:11:13 - [MESSAGE][PASSED] - Text 'Enter address' is present on page  using regular expression

2024-11-07 18:11:13 - [TEST_STEP][PASSED] - verifyTextPresent("Enter city", true, CONTINUE_ON_FAILURE): Text 'Enter city' is present on page  using regular expression

2024-11-07 18:11:14 - [MESSAGE][PASSED] - Text 'Enter city' is present on page  using regular expression

2024-11-07 18:11:14 - [TEST_STEP][PASSED] - verifyTextPresent("Enter ZIP code", true, CONTINUE_ON_FAILURE): Text 'Enter ZIP code' is present on page  using regular expression

2024-11-07 18:11:14 - [MESSAGE][PASSED] - Text 'Enter ZIP code' is present on page  using regular expression

2024-11-07 18:11:14 - [TEST_STEP][PASSED] - verifyTextPresent("Enter a valid phone number", true, CONTINUE_ON_FAILURE): Text 'Enter a valid phone number' is present on page  using regular expression

2024-11-07 18:11:14 - [MESSAGE][PASSED] - Text 'Enter a valid phone number' is present on page  using regular expression

2024-11-07 18:11:14 - [TEST_STEP][PASSED] - verifyTextPresent("Enter Email", true, CONTINUE_ON_FAILURE): Text 'Enter Email' is present on page  using regular expression

2024-11-07 18:11:15 - [MESSAGE][PASSED] - Text 'Enter Email' is present on page  using regular expression

2024-11-07 18:11:15 - [TEST_STEP][PASSED] - resText = "Pass": null

2024-11-07 18:11:15 - [TEST_STEP][PASSED] - pages.WriteExcel.demoKey(resText, datText, resColumn, datCloumn, fileLoc, nameSheet, row): pages.WriteExcel.demoKey is PASSED

2024-11-07 18:11:15 - [MESSAGE][PASSED] - pages.WriteExcel.demoKey is PASSED

2024-11-07 18:11:15 - [TEST_STEP][PASSED] - ExecuteTC = findTestData(dataFile).getValue("Execute", row): null

2024-11-07 18:11:15 - [TEST_STEP][PASSED] - TaxType = findTestData(dataFile).getValue("TaxType", row): null

2024-11-07 18:11:15 - [TEST_STEP][PASSED] - PaymentType = findTestData(dataFile).getValue("PaymentType", row): null

2024-11-07 18:11:15 - [TEST_STEP][PASSED] - FilingYear = findTestData(dataFile).getValue("Year", row): null

2024-11-07 18:11:15 - [TEST_STEP][PASSED] - PeriodEndingMonth = findTestData(dataFile).getValue("Month", row): null

2024-11-07 18:11:15 - [TEST_STEP][PASSED] - feinSSN = findTestData(dataFile).getValue("FeinSsn", row): null

2024-11-07 18:11:15 - [TEST_STEP][PASSED] - if (ExecuteTC.equalsIgnoreCase("Y")): pages.WriteExcel.demoKey is PASSED

2024-11-07 18:11:15 - [TEST_STEP][PASSED] - out.println("Begin Record Number: " + row): null

2024-11-07 18:11:15 - [TEST_STEP][PASSED] - today = new java.util.Date(): null

2024-11-07 18:11:15 - [TEST_STEP][PASSED] - println(today): null

2024-11-07 18:11:15 - [TEST_STEP][PASSED] - datText = today: null

2024-11-07 18:11:15 - [TEST_STEP][PASSED] - logInfo("Payment Type: Extension Payments"): Payment Type: Extension Payments

2024-11-07 18:11:15 - [MESSAGE][INFO] - Payment Type: Extension Payments

2024-11-07 18:11:15 - [TEST_STEP][PASSED] - logInfo("Tax Type: " + TaxType): Tax Type: PTE Non-Electing Non-S Corp

2024-11-07 18:11:15 - [MESSAGE][INFO] - Tax Type: PTE Non-Electing Non-S Corp

2024-11-07 18:11:15 - [TEST_STEP][PASSED] - openBrowser(""): Browser is opened with url: ''

2024-11-07 18:11:15 - [MESSAGE][WARNING] - A browser is already opened. Closing browser and opening a new one

2024-11-07 18:11:17 - [MESSAGE][INFO] - Starting 'Chrome' driver

2024-11-07 18:11:17 - [MESSAGE][INFO] - User set preference: ['acceptInsecureCerts', 'true']

2024-11-07 18:11:17 - [MESSAGE][INFO] - Action delay is set to 0 milliseconds

2024-11-07 18:11:19 - [MESSAGE][PASSED] - Browser is opened with url: ''

2024-11-07 18:11:19 - [TEST_STEP][PASSED] - maximizeWindow(): Current window maximized

2024-11-07 18:11:19 - [MESSAGE][PASSED] - Current window maximized

2024-11-07 18:11:19 - [TEST_STEP][PASSED] - navigateToUrl(RADurl): Navigate to 'https://www.velocitypayment.com/client/rad/index.html' successfully

2024-11-07 18:11:22 - [MESSAGE][PASSED] - Navigate to 'https://www.velocitypayment.com/client/rad/index.html' successfully

2024-11-07 18:11:22 - [TEST_STEP][PASSED] - selectOptionByLabel(findTestObject(orPath_Landing + "/dd_TaxType"), "Extension Payments", false): All options with label 'Extension Payments' are selected in object 'Object Repository/RAD_Pages/Landing_Page/dd_TaxType' 

2024-11-07 18:11:23 - [MESSAGE][PASSED] - All options with label 'Extension Payments' are selected in object 'Object Repository/RAD_Pages/Landing_Page/dd_TaxType' 

2024-11-07 18:11:23 - [TEST_STEP][PASSED] - selectOptionByLabel(findTestObject(orPath_TaxTypeFilingYear + "/select_PaymentType"), TaxType, false): All options with label 'PTE Non-Electing Non-S Corp' are selected in object 'Object Repository/RAD_Pages/TaxTypeFilingYear_Page/select_PaymentType' 

2024-11-07 18:11:24 - [MESSAGE][PASSED] - All options with label 'PTE Non-Electing Non-S Corp' are selected in object 'Object Repository/RAD_Pages/TaxTypeFilingYear_Page/select_PaymentType' 

2024-11-07 18:11:24 - [TEST_STEP][PASSED] - selectOptionByLabel(findTestObject(orPath_TaxTypeFilingYear + "/select_FilingYear"), FilingYear, false): All options with label '2023' are selected in object 'Object Repository/RAD_Pages/TaxTypeFilingYear_Page/select_FilingYear' 

2024-11-07 18:11:25 - [MESSAGE][PASSED] - All options with label '2023' are selected in object 'Object Repository/RAD_Pages/TaxTypeFilingYear_Page/select_FilingYear' 

2024-11-07 18:11:25 - [TEST_STEP][PASSED] - switch (TaxType): null

2024-11-07 18:11:25 - [TEST_STEP][PASSED] - setText(findTestObject(orPath_TaxPayer + "/input_businessName"), " "): Text ' ' is set on object 'Object Repository/RAD_Pages/Taxpayer_Page/input_businessName'

2024-11-07 18:11:26 - [MESSAGE][PASSED] - Text ' ' is set on object 'Object Repository/RAD_Pages/Taxpayer_Page/input_businessName'

2024-11-07 18:11:26 - [TEST_STEP][PASSED] - setText(findTestObject(orPath_TaxPayer + "/input_BusinessRepfirstName"), " "): Text ' ' is set on object 'Object Repository/RAD_Pages/Taxpayer_Page/input_BusinessRepfirstName'

2024-11-07 18:11:26 - [MESSAGE][PASSED] - Text ' ' is set on object 'Object Repository/RAD_Pages/Taxpayer_Page/input_BusinessRepfirstName'

2024-11-07 18:11:26 - [TEST_STEP][PASSED] - setText(findTestObject(orPath_TaxPayer + "/input_BusinessReplastName"), " "): Text ' ' is set on object 'Object Repository/RAD_Pages/Taxpayer_Page/input_BusinessReplastName'

2024-11-07 18:11:27 - [MESSAGE][PASSED] - Text ' ' is set on object 'Object Repository/RAD_Pages/Taxpayer_Page/input_BusinessReplastName'

2024-11-07 18:11:27 - [TEST_STEP][PASSED] - setText(findTestObject(orPath_AddressContact + "/input_streetAddress1"), " "): Text ' ' is set on object 'Object Repository/RAD_Pages/AddressAndContactInfo_Page/input_streetAddress1'

2024-11-07 18:11:28 - [MESSAGE][PASSED] - Text ' ' is set on object 'Object Repository/RAD_Pages/AddressAndContactInfo_Page/input_streetAddress1'

2024-11-07 18:11:28 - [TEST_STEP][PASSED] - setText(findTestObject(orPath_AddressContact + "/input_city"), " "): Text ' ' is set on object 'Object Repository/RAD_Pages/AddressAndContactInfo_Page/input_city'

2024-11-07 18:11:29 - [MESSAGE][PASSED] - Text ' ' is set on object 'Object Repository/RAD_Pages/AddressAndContactInfo_Page/input_city'

2024-11-07 18:11:29 - [TEST_STEP][PASSED] - setText(findTestObject(orPath_AddressContact + "/input_zipCode"), " "): Text ' ' is set on object 'Object Repository/RAD_Pages/AddressAndContactInfo_Page/input_zipCode'

2024-11-07 18:11:30 - [MESSAGE][PASSED] - Text ' ' is set on object 'Object Repository/RAD_Pages/AddressAndContactInfo_Page/input_zipCode'

2024-11-07 18:11:30 - [TEST_STEP][PASSED] - setText(findTestObject(orPath_AddressContact + "/input_phoneNumber"), " "): Text ' ' is set on object 'Object Repository/RAD_Pages/AddressAndContactInfo_Page/input_phoneNumber'

2024-11-07 18:11:31 - [MESSAGE][PASSED] - Text ' ' is set on object 'Object Repository/RAD_Pages/AddressAndContactInfo_Page/input_phoneNumber'

2024-11-07 18:11:31 - [TEST_STEP][PASSED] - setText(findTestObject(orPath_AddressContact + "/input_eMailAddress"), " "): Text ' ' is set on object 'Object Repository/RAD_Pages/AddressAndContactInfo_Page/input_eMailAddress'

2024-11-07 18:11:32 - [MESSAGE][PASSED] - Text ' ' is set on object 'Object Repository/RAD_Pages/AddressAndContactInfo_Page/input_eMailAddress'

2024-11-07 18:11:32 - [TEST_STEP][PASSED] - setText(findTestObject(orPath_AddressContact + "/input_reEnterEMailAddress"), " "): Text ' ' is set on object 'Object Repository/RAD_Pages/AddressAndContactInfo_Page/input_reEnterEMailAddress'

2024-11-07 18:11:33 - [MESSAGE][PASSED] - Text ' ' is set on object 'Object Repository/RAD_Pages/AddressAndContactInfo_Page/input_reEnterEMailAddress'

2024-11-07 18:11:33 - [TEST_STEP][PASSED] - resText = "Fail": null

2024-11-07 18:11:33 - [TEST_STEP][PASSED] - pages.WriteExcel.demoKey(resText, datText, resColumn, datCloumn, fileLoc, nameSheet, row): pages.WriteExcel.demoKey is PASSED

2024-11-07 18:11:33 - [MESSAGE][PASSED] - pages.WriteExcel.demoKey is PASSED

2024-11-07 18:11:33 - [TEST_STEP][PASSED] - verifyTextPresent("Enter business name", true, CONTINUE_ON_FAILURE): Text 'Enter business name' is present on page  using regular expression

2024-11-07 18:11:33 - [MESSAGE][PASSED] - Text 'Enter business name' is present on page  using regular expression

2024-11-07 18:11:33 - [TEST_STEP][PASSED] - verifyTextPresent("Enter business rep first name", true, CONTINUE_ON_FAILURE): Text 'Enter business rep first name' is present on page  using regular expression

2024-11-07 18:11:34 - [MESSAGE][PASSED] - Text 'Enter business rep first name' is present on page  using regular expression

2024-11-07 18:11:34 - [TEST_STEP][PASSED] - verifyTextPresent("Enter business rep last name", true, CONTINUE_ON_FAILURE): Text 'Enter business rep last name' is present on page  using regular expression

2024-11-07 18:11:34 - [MESSAGE][PASSED] - Text 'Enter business rep last name' is present on page  using regular expression

2024-11-07 18:11:34 - [TEST_STEP][PASSED] - verifyTextPresent("Enter address", true, CONTINUE_ON_FAILURE): Text 'Enter address' is present on page  using regular expression

2024-11-07 18:11:34 - [MESSAGE][PASSED] - Text 'Enter address' is present on page  using regular expression

2024-11-07 18:11:34 - [TEST_STEP][PASSED] - verifyTextPresent("Enter city", true, CONTINUE_ON_FAILURE): Text 'Enter city' is present on page  using regular expression

2024-11-07 18:11:35 - [MESSAGE][PASSED] - Text 'Enter city' is present on page  using regular expression

2024-11-07 18:11:35 - [TEST_STEP][PASSED] - verifyTextPresent("Enter ZIP code", true, CONTINUE_ON_FAILURE): Text 'Enter ZIP code' is present on page  using regular expression

2024-11-07 18:11:35 - [MESSAGE][PASSED] - Text 'Enter ZIP code' is present on page  using regular expression

2024-11-07 18:11:35 - [TEST_STEP][PASSED] - verifyTextPresent("Enter a valid phone number", true, CONTINUE_ON_FAILURE): Text 'Enter a valid phone number' is present on page  using regular expression

2024-11-07 18:11:35 - [MESSAGE][PASSED] - Text 'Enter a valid phone number' is present on page  using regular expression

2024-11-07 18:11:35 - [TEST_STEP][PASSED] - verifyTextPresent("Enter Email", true, CONTINUE_ON_FAILURE): Text 'Enter Email' is present on page  using regular expression

2024-11-07 18:11:36 - [MESSAGE][PASSED] - Text 'Enter Email' is present on page  using regular expression

2024-11-07 18:11:36 - [TEST_STEP][PASSED] - resText = "Pass": null

2024-11-07 18:11:36 - [TEST_STEP][PASSED] - pages.WriteExcel.demoKey(resText, datText, resColumn, datCloumn, fileLoc, nameSheet, row): pages.WriteExcel.demoKey is PASSED

2024-11-07 18:11:36 - [MESSAGE][PASSED] - pages.WriteExcel.demoKey is PASSED

2024-11-07 18:11:36 - [TEST_STEP][PASSED] - ExecuteTC = findTestData(dataFile).getValue("Execute", row): null

2024-11-07 18:11:36 - [TEST_STEP][PASSED] - TaxType = findTestData(dataFile).getValue("TaxType", row): null

2024-11-07 18:11:36 - [TEST_STEP][PASSED] - PaymentType = findTestData(dataFile).getValue("PaymentType", row): null

2024-11-07 18:11:36 - [TEST_STEP][PASSED] - FilingYear = findTestData(dataFile).getValue("Year", row): null

2024-11-07 18:11:36 - [TEST_STEP][PASSED] - PeriodEndingMonth = findTestData(dataFile).getValue("Month", row): null

2024-11-07 18:11:36 - [TEST_STEP][PASSED] - feinSSN = findTestData(dataFile).getValue("FeinSsn", row): null

2024-11-07 18:11:36 - [TEST_STEP][PASSED] - if (ExecuteTC.equalsIgnoreCase("Y")): pages.WriteExcel.demoKey is PASSED

2024-11-07 18:11:36 - [TEST_STEP][PASSED] - out.println("Begin Record Number: " + row): null

2024-11-07 18:11:36 - [TEST_STEP][PASSED] - today = new java.util.Date(): null

2024-11-07 18:11:36 - [TEST_STEP][PASSED] - println(today): null

2024-11-07 18:11:36 - [TEST_STEP][PASSED] - datText = today: null

2024-11-07 18:11:36 - [TEST_STEP][PASSED] - logInfo("Payment Type: Extension Payments"): Payment Type: Extension Payments

2024-11-07 18:11:36 - [MESSAGE][INFO] - Payment Type: Extension Payments

2024-11-07 18:11:36 - [TEST_STEP][PASSED] - logInfo("Tax Type: " + TaxType): Tax Type: PTE Non-Electing S Corp

2024-11-07 18:11:36 - [MESSAGE][INFO] - Tax Type: PTE Non-Electing S Corp

2024-11-07 18:11:36 - [TEST_STEP][PASSED] - openBrowser(""): Browser is opened with url: ''

2024-11-07 18:11:36 - [MESSAGE][WARNING] - A browser is already opened. Closing browser and opening a new one

2024-11-07 18:11:38 - [MESSAGE][INFO] - Starting 'Chrome' driver

2024-11-07 18:11:38 - [MESSAGE][INFO] - User set preference: ['acceptInsecureCerts', 'true']

2024-11-07 18:11:38 - [MESSAGE][INFO] - Action delay is set to 0 milliseconds

2024-11-07 18:11:40 - [MESSAGE][PASSED] - Browser is opened with url: ''

2024-11-07 18:11:40 - [TEST_STEP][PASSED] - maximizeWindow(): Current window maximized

2024-11-07 18:11:40 - [MESSAGE][PASSED] - Current window maximized

2024-11-07 18:11:40 - [TEST_STEP][PASSED] - navigateToUrl(RADurl): Navigate to 'https://www.velocitypayment.com/client/rad/index.html' successfully

2024-11-07 18:11:42 - [MESSAGE][PASSED] - Navigate to 'https://www.velocitypayment.com/client/rad/index.html' successfully

2024-11-07 18:11:42 - [TEST_STEP][PASSED] - selectOptionByLabel(findTestObject(orPath_Landing + "/dd_TaxType"), "Extension Payments", false): All options with label 'Extension Payments' are selected in object 'Object Repository/RAD_Pages/Landing_Page/dd_TaxType' 

2024-11-07 18:11:43 - [MESSAGE][PASSED] - All options with label 'Extension Payments' are selected in object 'Object Repository/RAD_Pages/Landing_Page/dd_TaxType' 

2024-11-07 18:11:43 - [TEST_STEP][PASSED] - selectOptionByLabel(findTestObject(orPath_TaxTypeFilingYear + "/select_PaymentType"), TaxType, false): All options with label 'PTE Non-Electing S Corp' are selected in object 'Object Repository/RAD_Pages/TaxTypeFilingYear_Page/select_PaymentType' 

2024-11-07 18:11:44 - [MESSAGE][PASSED] - All options with label 'PTE Non-Electing S Corp' are selected in object 'Object Repository/RAD_Pages/TaxTypeFilingYear_Page/select_PaymentType' 

2024-11-07 18:11:44 - [TEST_STEP][PASSED] - selectOptionByLabel(findTestObject(orPath_TaxTypeFilingYear + "/select_FilingYear"), FilingYear, false): All options with label '2023' are selected in object 'Object Repository/RAD_Pages/TaxTypeFilingYear_Page/select_FilingYear' 

2024-11-07 18:11:45 - [MESSAGE][PASSED] - All options with label '2023' are selected in object 'Object Repository/RAD_Pages/TaxTypeFilingYear_Page/select_FilingYear' 

2024-11-07 18:11:45 - [TEST_STEP][PASSED] - switch (TaxType): null

2024-11-07 18:11:45 - [TEST_STEP][PASSED] - setText(findTestObject(orPath_TaxPayer + "/input_businessName"), " "): Text ' ' is set on object 'Object Repository/RAD_Pages/Taxpayer_Page/input_businessName'

2024-11-07 18:11:45 - [MESSAGE][PASSED] - Text ' ' is set on object 'Object Repository/RAD_Pages/Taxpayer_Page/input_businessName'

2024-11-07 18:11:45 - [TEST_STEP][PASSED] - setText(findTestObject(orPath_TaxPayer + "/input_BusinessRepfirstName"), " "): Text ' ' is set on object 'Object Repository/RAD_Pages/Taxpayer_Page/input_BusinessRepfirstName'

2024-11-07 18:11:46 - [MESSAGE][PASSED] - Text ' ' is set on object 'Object Repository/RAD_Pages/Taxpayer_Page/input_BusinessRepfirstName'

2024-11-07 18:11:46 - [TEST_STEP][PASSED] - setText(findTestObject(orPath_TaxPayer + "/input_BusinessReplastName"), " "): Text ' ' is set on object 'Object Repository/RAD_Pages/Taxpayer_Page/input_BusinessReplastName'

2024-11-07 18:11:47 - [MESSAGE][PASSED] - Text ' ' is set on object 'Object Repository/RAD_Pages/Taxpayer_Page/input_BusinessReplastName'

2024-11-07 18:11:47 - [TEST_STEP][PASSED] - setText(findTestObject(orPath_AddressContact + "/input_streetAddress1"), " "): Text ' ' is set on object 'Object Repository/RAD_Pages/AddressAndContactInfo_Page/input_streetAddress1'

2024-11-07 18:11:48 - [MESSAGE][PASSED] - Text ' ' is set on object 'Object Repository/RAD_Pages/AddressAndContactInfo_Page/input_streetAddress1'

2024-11-07 18:11:48 - [TEST_STEP][PASSED] - setText(findTestObject(orPath_AddressContact + "/input_city"), " "): Text ' ' is set on object 'Object Repository/RAD_Pages/AddressAndContactInfo_Page/input_city'

2024-11-07 18:11:48 - [MESSAGE][PASSED] - Text ' ' is set on object 'Object Repository/RAD_Pages/AddressAndContactInfo_Page/input_city'

2024-11-07 18:11:48 - [TEST_STEP][PASSED] - setText(findTestObject(orPath_AddressContact + "/input_zipCode"), " "): Text ' ' is set on object 'Object Repository/RAD_Pages/AddressAndContactInfo_Page/input_zipCode'

2024-11-07 18:11:49 - [MESSAGE][PASSED] - Text ' ' is set on object 'Object Repository/RAD_Pages/AddressAndContactInfo_Page/input_zipCode'

2024-11-07 18:11:49 - [TEST_STEP][PASSED] - setText(findTestObject(orPath_AddressContact + "/input_phoneNumber"), " "): Text ' ' is set on object 'Object Repository/RAD_Pages/AddressAndContactInfo_Page/input_phoneNumber'

2024-11-07 18:11:50 - [MESSAGE][PASSED] - Text ' ' is set on object 'Object Repository/RAD_Pages/AddressAndContactInfo_Page/input_phoneNumber'

2024-11-07 18:11:50 - [TEST_STEP][PASSED] - setText(findTestObject(orPath_AddressContact + "/input_eMailAddress"), " "): Text ' ' is set on object 'Object Repository/RAD_Pages/AddressAndContactInfo_Page/input_eMailAddress'

2024-11-07 18:11:51 - [MESSAGE][PASSED] - Text ' ' is set on object 'Object Repository/RAD_Pages/AddressAndContactInfo_Page/input_eMailAddress'

2024-11-07 18:11:51 - [TEST_STEP][PASSED] - setText(findTestObject(orPath_AddressContact + "/input_reEnterEMailAddress"), " "): Text ' ' is set on object 'Object Repository/RAD_Pages/AddressAndContactInfo_Page/input_reEnterEMailAddress'

2024-11-07 18:11:52 - [MESSAGE][PASSED] - Text ' ' is set on object 'Object Repository/RAD_Pages/AddressAndContactInfo_Page/input_reEnterEMailAddress'

2024-11-07 18:11:52 - [TEST_STEP][PASSED] - resText = "Fail": null

2024-11-07 18:11:52 - [TEST_STEP][PASSED] - pages.WriteExcel.demoKey(resText, datText, resColumn, datCloumn, fileLoc, nameSheet, row): pages.WriteExcel.demoKey is PASSED

2024-11-07 18:11:52 - [MESSAGE][PASSED] - pages.WriteExcel.demoKey is PASSED

2024-11-07 18:11:52 - [TEST_STEP][PASSED] - verifyTextPresent("Enter business name", true, CONTINUE_ON_FAILURE): Text 'Enter business name' is present on page  using regular expression

2024-11-07 18:11:53 - [MESSAGE][PASSED] - Text 'Enter business name' is present on page  using regular expression

2024-11-07 18:11:53 - [TEST_STEP][PASSED] - verifyTextPresent("Enter business rep first name", true, CONTINUE_ON_FAILURE): Text 'Enter business rep first name' is present on page  using regular expression

2024-11-07 18:11:53 - [MESSAGE][PASSED] - Text 'Enter business rep first name' is present on page  using regular expression

2024-11-07 18:11:53 - [TEST_STEP][PASSED] - verifyTextPresent("Enter business rep last name", true, CONTINUE_ON_FAILURE): Text 'Enter business rep last name' is present on page  using regular expression

2024-11-07 18:11:53 - [MESSAGE][PASSED] - Text 'Enter business rep last name' is present on page  using regular expression

2024-11-07 18:11:53 - [TEST_STEP][PASSED] - verifyTextPresent("Enter address", true, CONTINUE_ON_FAILURE): Text 'Enter address' is present on page  using regular expression

2024-11-07 18:11:54 - [MESSAGE][PASSED] - Text 'Enter address' is present on page  using regular expression

2024-11-07 18:11:54 - [TEST_STEP][PASSED] - verifyTextPresent("Enter city", true, CONTINUE_ON_FAILURE): Text 'Enter city' is present on page  using regular expression

2024-11-07 18:11:54 - [MESSAGE][PASSED] - Text 'Enter city' is present on page  using regular expression

2024-11-07 18:11:54 - [TEST_STEP][PASSED] - verifyTextPresent("Enter ZIP code", true, CONTINUE_ON_FAILURE): Text 'Enter ZIP code' is present on page  using regular expression

2024-11-07 18:11:54 - [MESSAGE][PASSED] - Text 'Enter ZIP code' is present on page  using regular expression

2024-11-07 18:11:54 - [TEST_STEP][PASSED] - verifyTextPresent("Enter a valid phone number", true, CONTINUE_ON_FAILURE): Text 'Enter a valid phone number' is present on page  using regular expression

2024-11-07 18:11:55 - [MESSAGE][PASSED] - Text 'Enter a valid phone number' is present on page  using regular expression

2024-11-07 18:11:55 - [TEST_STEP][PASSED] - verifyTextPresent("Enter Email", true, CONTINUE_ON_FAILURE): Text 'Enter Email' is present on page  using regular expression

2024-11-07 18:11:55 - [MESSAGE][PASSED] - Text 'Enter Email' is present on page  using regular expression

2024-11-07 18:11:55 - [TEST_STEP][PASSED] - resText = "Pass": null

2024-11-07 18:11:55 - [TEST_STEP][PASSED] - pages.WriteExcel.demoKey(resText, datText, resColumn, datCloumn, fileLoc, nameSheet, row): pages.WriteExcel.demoKey is PASSED

2024-11-07 18:11:55 - [MESSAGE][PASSED] - pages.WriteExcel.demoKey is PASSED

2024-11-07 18:11:55 - [TEST_STEP][PASSED] - ExecuteTC = findTestData(dataFile).getValue("Execute", row): null

2024-11-07 18:11:55 - [TEST_STEP][PASSED] - TaxType = findTestData(dataFile).getValue("TaxType", row): null

2024-11-07 18:11:55 - [TEST_STEP][PASSED] - PaymentType = findTestData(dataFile).getValue("PaymentType", row): null

2024-11-07 18:11:55 - [TEST_STEP][PASSED] - FilingYear = findTestData(dataFile).getValue("Year", row): null

2024-11-07 18:11:55 - [TEST_STEP][PASSED] - PeriodEndingMonth = findTestData(dataFile).getValue("Month", row): null

2024-11-07 18:11:56 - [TEST_STEP][PASSED] - feinSSN = findTestData(dataFile).getValue("FeinSsn", row): null

2024-11-07 18:11:56 - [TEST_STEP][PASSED] - if (ExecuteTC.equalsIgnoreCase("Y")): pages.WriteExcel.demoKey is PASSED

2024-11-07 18:11:56 - [TEST_STEP][PASSED] - out.println("Begin Record Number: " + row): null

2024-11-07 18:11:56 - [TEST_STEP][PASSED] - today = new java.util.Date(): null

2024-11-07 18:11:56 - [TEST_STEP][PASSED] - println(today): null

2024-11-07 18:11:56 - [TEST_STEP][PASSED] - datText = today: null

2024-11-07 18:11:56 - [TEST_STEP][PASSED] - logInfo("Payment Type: Extension Payments"): Payment Type: Extension Payments

2024-11-07 18:11:56 - [MESSAGE][INFO] - Payment Type: Extension Payments

2024-11-07 18:11:56 - [TEST_STEP][PASSED] - logInfo("Tax Type: " + TaxType): Tax Type: PTE Tax Electing Non-S Corp

2024-11-07 18:11:56 - [MESSAGE][INFO] - Tax Type: PTE Tax Electing Non-S Corp

2024-11-07 18:11:56 - [TEST_STEP][PASSED] - openBrowser(""): Browser is opened with url: ''

2024-11-07 18:11:56 - [MESSAGE][WARNING] - A browser is already opened. Closing browser and opening a new one

2024-11-07 18:11:57 - [MESSAGE][INFO] - Starting 'Chrome' driver

2024-11-07 18:11:57 - [MESSAGE][INFO] - User set preference: ['acceptInsecureCerts', 'true']

2024-11-07 18:11:57 - [MESSAGE][INFO] - Action delay is set to 0 milliseconds

2024-11-07 18:11:59 - [MESSAGE][PASSED] - Browser is opened with url: ''

2024-11-07 18:11:59 - [TEST_STEP][PASSED] - maximizeWindow(): Current window maximized

2024-11-07 18:11:59 - [MESSAGE][PASSED] - Current window maximized

2024-11-07 18:11:59 - [TEST_STEP][PASSED] - navigateToUrl(RADurl): Navigate to 'https://www.velocitypayment.com/client/rad/index.html' successfully

2024-11-07 18:12:02 - [MESSAGE][PASSED] - Navigate to 'https://www.velocitypayment.com/client/rad/index.html' successfully

2024-11-07 18:12:02 - [TEST_STEP][PASSED] - selectOptionByLabel(findTestObject(orPath_Landing + "/dd_TaxType"), "Extension Payments", false): All options with label 'Extension Payments' are selected in object 'Object Repository/RAD_Pages/Landing_Page/dd_TaxType' 

2024-11-07 18:12:03 - [MESSAGE][PASSED] - All options with label 'Extension Payments' are selected in object 'Object Repository/RAD_Pages/Landing_Page/dd_TaxType' 

2024-11-07 18:12:03 - [TEST_STEP][PASSED] - selectOptionByLabel(findTestObject(orPath_TaxTypeFilingYear + "/select_PaymentType"), TaxType, false): All options with label 'PTE Tax Electing Non-S Corp' are selected in object 'Object Repository/RAD_Pages/TaxTypeFilingYear_Page/select_PaymentType' 

2024-11-07 18:12:04 - [MESSAGE][PASSED] - All options with label 'PTE Tax Electing Non-S Corp' are selected in object 'Object Repository/RAD_Pages/TaxTypeFilingYear_Page/select_PaymentType' 

2024-11-07 18:12:04 - [TEST_STEP][PASSED] - selectOptionByLabel(findTestObject(orPath_TaxTypeFilingYear + "/select_FilingYear"), FilingYear, false): All options with label '2023' are selected in object 'Object Repository/RAD_Pages/TaxTypeFilingYear_Page/select_FilingYear' 

2024-11-07 18:12:04 - [MESSAGE][PASSED] - All options with label '2023' are selected in object 'Object Repository/RAD_Pages/TaxTypeFilingYear_Page/select_FilingYear' 

2024-11-07 18:12:04 - [TEST_STEP][PASSED] - switch (TaxType): null

2024-11-07 18:12:04 - [TEST_STEP][PASSED] - setText(findTestObject(orPath_TaxPayer + "/input_businessName"), " "): Text ' ' is set on object 'Object Repository/RAD_Pages/Taxpayer_Page/input_businessName'

2024-11-07 18:12:05 - [MESSAGE][PASSED] - Text ' ' is set on object 'Object Repository/RAD_Pages/Taxpayer_Page/input_businessName'

2024-11-07 18:12:05 - [TEST_STEP][PASSED] - setText(findTestObject(orPath_TaxPayer + "/input_BusinessRepfirstName"), " "): Text ' ' is set on object 'Object Repository/RAD_Pages/Taxpayer_Page/input_BusinessRepfirstName'

2024-11-07 18:12:06 - [MESSAGE][PASSED] - Text ' ' is set on object 'Object Repository/RAD_Pages/Taxpayer_Page/input_BusinessRepfirstName'

2024-11-07 18:12:06 - [TEST_STEP][PASSED] - setText(findTestObject(orPath_TaxPayer + "/input_BusinessReplastName"), " "): Text ' ' is set on object 'Object Repository/RAD_Pages/Taxpayer_Page/input_BusinessReplastName'

2024-11-07 18:12:06 - [MESSAGE][PASSED] - Text ' ' is set on object 'Object Repository/RAD_Pages/Taxpayer_Page/input_BusinessReplastName'

2024-11-07 18:12:06 - [TEST_STEP][PASSED] - setText(findTestObject(orPath_AddressContact + "/input_streetAddress1"), " "): Text ' ' is set on object 'Object Repository/RAD_Pages/AddressAndContactInfo_Page/input_streetAddress1'

2024-11-07 18:12:07 - [MESSAGE][PASSED] - Text ' ' is set on object 'Object Repository/RAD_Pages/AddressAndContactInfo_Page/input_streetAddress1'

2024-11-07 18:12:07 - [TEST_STEP][PASSED] - setText(findTestObject(orPath_AddressContact + "/input_city"), " "): Text ' ' is set on object 'Object Repository/RAD_Pages/AddressAndContactInfo_Page/input_city'

2024-11-07 18:12:08 - [MESSAGE][PASSED] - Text ' ' is set on object 'Object Repository/RAD_Pages/AddressAndContactInfo_Page/input_city'

2024-11-07 18:12:08 - [TEST_STEP][PASSED] - setText(findTestObject(orPath_AddressContact + "/input_zipCode"), " "): Text ' ' is set on object 'Object Repository/RAD_Pages/AddressAndContactInfo_Page/input_zipCode'

2024-11-07 18:12:09 - [MESSAGE][PASSED] - Text ' ' is set on object 'Object Repository/RAD_Pages/AddressAndContactInfo_Page/input_zipCode'

2024-11-07 18:12:09 - [TEST_STEP][PASSED] - setText(findTestObject(orPath_AddressContact + "/input_phoneNumber"), " "): Text ' ' is set on object 'Object Repository/RAD_Pages/AddressAndContactInfo_Page/input_phoneNumber'

2024-11-07 18:12:10 - [MESSAGE][PASSED] - Text ' ' is set on object 'Object Repository/RAD_Pages/AddressAndContactInfo_Page/input_phoneNumber'

2024-11-07 18:12:10 - [TEST_STEP][PASSED] - setText(findTestObject(orPath_AddressContact + "/input_eMailAddress"), " "): Text ' ' is set on object 'Object Repository/RAD_Pages/AddressAndContactInfo_Page/input_eMailAddress'

2024-11-07 18:12:10 - [MESSAGE][PASSED] - Text ' ' is set on object 'Object Repository/RAD_Pages/AddressAndContactInfo_Page/input_eMailAddress'

2024-11-07 18:12:10 - [TEST_STEP][PASSED] - setText(findTestObject(orPath_AddressContact + "/input_reEnterEMailAddress"), " "): Text ' ' is set on object 'Object Repository/RAD_Pages/AddressAndContactInfo_Page/input_reEnterEMailAddress'

2024-11-07 18:12:11 - [MESSAGE][PASSED] - Text ' ' is set on object 'Object Repository/RAD_Pages/AddressAndContactInfo_Page/input_reEnterEMailAddress'

2024-11-07 18:12:11 - [TEST_STEP][PASSED] - resText = "Fail": null

2024-11-07 18:12:11 - [TEST_STEP][PASSED] - pages.WriteExcel.demoKey(resText, datText, resColumn, datCloumn, fileLoc, nameSheet, row): pages.WriteExcel.demoKey is PASSED

2024-11-07 18:12:11 - [MESSAGE][PASSED] - pages.WriteExcel.demoKey is PASSED

2024-11-07 18:12:11 - [TEST_STEP][PASSED] - verifyTextPresent("Enter business name", true, CONTINUE_ON_FAILURE): Text 'Enter business name' is present on page  using regular expression

2024-11-07 18:12:12 - [MESSAGE][PASSED] - Text 'Enter business name' is present on page  using regular expression

2024-11-07 18:12:12 - [TEST_STEP][PASSED] - verifyTextPresent("Enter business rep first name", true, CONTINUE_ON_FAILURE): Text 'Enter business rep first name' is present on page  using regular expression

2024-11-07 18:12:12 - [MESSAGE][PASSED] - Text 'Enter business rep first name' is present on page  using regular expression

2024-11-07 18:12:12 - [TEST_STEP][PASSED] - verifyTextPresent("Enter business rep last name", true, CONTINUE_ON_FAILURE): Text 'Enter business rep last name' is present on page  using regular expression

2024-11-07 18:12:12 - [MESSAGE][PASSED] - Text 'Enter business rep last name' is present on page  using regular expression

2024-11-07 18:12:12 - [TEST_STEP][PASSED] - verifyTextPresent("Enter address", true, CONTINUE_ON_FAILURE): Text 'Enter address' is present on page  using regular expression

2024-11-07 18:12:13 - [MESSAGE][PASSED] - Text 'Enter address' is present on page  using regular expression

2024-11-07 18:12:13 - [TEST_STEP][PASSED] - verifyTextPresent("Enter city", true, CONTINUE_ON_FAILURE): Text 'Enter city' is present on page  using regular expression

2024-11-07 18:12:13 - [MESSAGE][PASSED] - Text 'Enter city' is present on page  using regular expression

2024-11-07 18:12:13 - [TEST_STEP][PASSED] - verifyTextPresent("Enter ZIP code", true, CONTINUE_ON_FAILURE): Text 'Enter ZIP code' is present on page  using regular expression

2024-11-07 18:12:13 - [MESSAGE][PASSED] - Text 'Enter ZIP code' is present on page  using regular expression

2024-11-07 18:12:13 - [TEST_STEP][PASSED] - verifyTextPresent("Enter a valid phone number", true, CONTINUE_ON_FAILURE): Text 'Enter a valid phone number' is present on page  using regular expression

2024-11-07 18:12:14 - [MESSAGE][PASSED] - Text 'Enter a valid phone number' is present on page  using regular expression

2024-11-07 18:12:14 - [TEST_STEP][PASSED] - verifyTextPresent("Enter Email", true, CONTINUE_ON_FAILURE): Text 'Enter Email' is present on page  using regular expression

2024-11-07 18:12:14 - [MESSAGE][PASSED] - Text 'Enter Email' is present on page  using regular expression

2024-11-07 18:12:14 - [TEST_STEP][PASSED] - resText = "Pass": null

2024-11-07 18:12:14 - [TEST_STEP][PASSED] - pages.WriteExcel.demoKey(resText, datText, resColumn, datCloumn, fileLoc, nameSheet, row): pages.WriteExcel.demoKey is PASSED

2024-11-07 18:12:14 - [MESSAGE][PASSED] - pages.WriteExcel.demoKey is PASSED

2024-11-07 18:12:14 - [TEST_STEP][PASSED] - ExecuteTC = findTestData(dataFile).getValue("Execute", row): null

2024-11-07 18:12:14 - [TEST_STEP][PASSED] - TaxType = findTestData(dataFile).getValue("TaxType", row): null

2024-11-07 18:12:14 - [TEST_STEP][PASSED] - PaymentType = findTestData(dataFile).getValue("PaymentType", row): null

2024-11-07 18:12:14 - [TEST_STEP][PASSED] - FilingYear = findTestData(dataFile).getValue("Year", row): null

2024-11-07 18:12:14 - [TEST_STEP][PASSED] - PeriodEndingMonth = findTestData(dataFile).getValue("Month", row): null

2024-11-07 18:12:14 - [TEST_STEP][PASSED] - feinSSN = findTestData(dataFile).getValue("FeinSsn", row): null

2024-11-07 18:12:14 - [TEST_STEP][PASSED] - if (ExecuteTC.equalsIgnoreCase("Y")): pages.WriteExcel.demoKey is PASSED

2024-11-07 18:12:14 - [TEST_STEP][PASSED] - out.println("Begin Record Number: " + row): null

2024-11-07 18:12:14 - [TEST_STEP][PASSED] - today = new java.util.Date(): null

2024-11-07 18:12:14 - [TEST_STEP][PASSED] - println(today): null

2024-11-07 18:12:14 - [TEST_STEP][PASSED] - datText = today: null

2024-11-07 18:12:14 - [TEST_STEP][PASSED] - logInfo("Payment Type: Extension Payments"): Payment Type: Extension Payments

2024-11-07 18:12:14 - [MESSAGE][INFO] - Payment Type: Extension Payments

2024-11-07 18:12:14 - [TEST_STEP][PASSED] - logInfo("Tax Type: " + TaxType): Tax Type: PTE Tax Electing S Corp

2024-11-07 18:12:14 - [MESSAGE][INFO] - Tax Type: PTE Tax Electing S Corp

2024-11-07 18:12:14 - [TEST_STEP][PASSED] - openBrowser(""): Browser is opened with url: ''

2024-11-07 18:12:14 - [MESSAGE][WARNING] - A browser is already opened. Closing browser and opening a new one

2024-11-07 18:12:17 - [MESSAGE][INFO] - Starting 'Chrome' driver

2024-11-07 18:12:17 - [MESSAGE][INFO] - User set preference: ['acceptInsecureCerts', 'true']

2024-11-07 18:12:17 - [MESSAGE][INFO] - Action delay is set to 0 milliseconds

2024-11-07 18:12:19 - [MESSAGE][PASSED] - Browser is opened with url: ''

2024-11-07 18:12:19 - [TEST_STEP][PASSED] - maximizeWindow(): Current window maximized

2024-11-07 18:12:19 - [MESSAGE][PASSED] - Current window maximized

2024-11-07 18:12:19 - [TEST_STEP][PASSED] - navigateToUrl(RADurl): Navigate to 'https://www.velocitypayment.com/client/rad/index.html' successfully

2024-11-07 18:12:22 - [MESSAGE][PASSED] - Navigate to 'https://www.velocitypayment.com/client/rad/index.html' successfully

2024-11-07 18:12:22 - [TEST_STEP][PASSED] - selectOptionByLabel(findTestObject(orPath_Landing + "/dd_TaxType"), "Extension Payments", false): All options with label 'Extension Payments' are selected in object 'Object Repository/RAD_Pages/Landing_Page/dd_TaxType' 

2024-11-07 18:12:22 - [MESSAGE][PASSED] - All options with label 'Extension Payments' are selected in object 'Object Repository/RAD_Pages/Landing_Page/dd_TaxType' 

2024-11-07 18:12:22 - [TEST_STEP][PASSED] - selectOptionByLabel(findTestObject(orPath_TaxTypeFilingYear + "/select_PaymentType"), TaxType, false): All options with label 'PTE Tax Electing S Corp' are selected in object 'Object Repository/RAD_Pages/TaxTypeFilingYear_Page/select_PaymentType' 

2024-11-07 18:12:23 - [MESSAGE][PASSED] - All options with label 'PTE Tax Electing S Corp' are selected in object 'Object Repository/RAD_Pages/TaxTypeFilingYear_Page/select_PaymentType' 

2024-11-07 18:12:23 - [TEST_STEP][PASSED] - selectOptionByLabel(findTestObject(orPath_TaxTypeFilingYear + "/select_FilingYear"), FilingYear, false): All options with label '2023' are selected in object 'Object Repository/RAD_Pages/TaxTypeFilingYear_Page/select_FilingYear' 

2024-11-07 18:12:24 - [MESSAGE][PASSED] - All options with label '2023' are selected in object 'Object Repository/RAD_Pages/TaxTypeFilingYear_Page/select_FilingYear' 

2024-11-07 18:12:24 - [TEST_STEP][PASSED] - switch (TaxType): null

2024-11-07 18:12:24 - [TEST_STEP][PASSED] - setText(findTestObject(orPath_TaxPayer + "/input_businessName"), " "): Text ' ' is set on object 'Object Repository/RAD_Pages/Taxpayer_Page/input_businessName'

2024-11-07 18:12:25 - [MESSAGE][PASSED] - Text ' ' is set on object 'Object Repository/RAD_Pages/Taxpayer_Page/input_businessName'

2024-11-07 18:12:25 - [TEST_STEP][PASSED] - setText(findTestObject(orPath_TaxPayer + "/input_BusinessRepfirstName"), " "): Text ' ' is set on object 'Object Repository/RAD_Pages/Taxpayer_Page/input_BusinessRepfirstName'

2024-11-07 18:12:25 - [MESSAGE][PASSED] - Text ' ' is set on object 'Object Repository/RAD_Pages/Taxpayer_Page/input_BusinessRepfirstName'

2024-11-07 18:12:25 - [TEST_STEP][PASSED] - setText(findTestObject(orPath_TaxPayer + "/input_BusinessReplastName"), " "): Text ' ' is set on object 'Object Repository/RAD_Pages/Taxpayer_Page/input_BusinessReplastName'

2024-11-07 18:12:26 - [MESSAGE][PASSED] - Text ' ' is set on object 'Object Repository/RAD_Pages/Taxpayer_Page/input_BusinessReplastName'

2024-11-07 18:12:26 - [TEST_STEP][PASSED] - setText(findTestObject(orPath_AddressContact + "/input_streetAddress1"), " "): Text ' ' is set on object 'Object Repository/RAD_Pages/AddressAndContactInfo_Page/input_streetAddress1'

2024-11-07 18:12:27 - [MESSAGE][PASSED] - Text ' ' is set on object 'Object Repository/RAD_Pages/AddressAndContactInfo_Page/input_streetAddress1'

2024-11-07 18:12:27 - [TEST_STEP][PASSED] - setText(findTestObject(orPath_AddressContact + "/input_city"), " "): Text ' ' is set on object 'Object Repository/RAD_Pages/AddressAndContactInfo_Page/input_city'

2024-11-07 18:12:28 - [MESSAGE][PASSED] - Text ' ' is set on object 'Object Repository/RAD_Pages/AddressAndContactInfo_Page/input_city'

2024-11-07 18:12:28 - [TEST_STEP][PASSED] - setText(findTestObject(orPath_AddressContact + "/input_zipCode"), " "): Text ' ' is set on object 'Object Repository/RAD_Pages/AddressAndContactInfo_Page/input_zipCode'

2024-11-07 18:12:28 - [MESSAGE][PASSED] - Text ' ' is set on object 'Object Repository/RAD_Pages/AddressAndContactInfo_Page/input_zipCode'

2024-11-07 18:12:28 - [TEST_STEP][PASSED] - setText(findTestObject(orPath_AddressContact + "/input_phoneNumber"), " "): Text ' ' is set on object 'Object Repository/RAD_Pages/AddressAndContactInfo_Page/input_phoneNumber'

2024-11-07 18:12:29 - [MESSAGE][PASSED] - Text ' ' is set on object 'Object Repository/RAD_Pages/AddressAndContactInfo_Page/input_phoneNumber'

2024-11-07 18:12:29 - [TEST_STEP][PASSED] - setText(findTestObject(orPath_AddressContact + "/input_eMailAddress"), " "): Text ' ' is set on object 'Object Repository/RAD_Pages/AddressAndContactInfo_Page/input_eMailAddress'

2024-11-07 18:12:30 - [MESSAGE][PASSED] - Text ' ' is set on object 'Object Repository/RAD_Pages/AddressAndContactInfo_Page/input_eMailAddress'

2024-11-07 18:12:30 - [TEST_STEP][PASSED] - setText(findTestObject(orPath_AddressContact + "/input_reEnterEMailAddress"), " "): Text ' ' is set on object 'Object Repository/RAD_Pages/AddressAndContactInfo_Page/input_reEnterEMailAddress'

2024-11-07 18:12:31 - [MESSAGE][PASSED] - Text ' ' is set on object 'Object Repository/RAD_Pages/AddressAndContactInfo_Page/input_reEnterEMailAddress'

2024-11-07 18:12:31 - [TEST_STEP][PASSED] - resText = "Fail": null

2024-11-07 18:12:31 - [TEST_STEP][PASSED] - pages.WriteExcel.demoKey(resText, datText, resColumn, datCloumn, fileLoc, nameSheet, row): pages.WriteExcel.demoKey is PASSED

2024-11-07 18:12:31 - [MESSAGE][PASSED] - pages.WriteExcel.demoKey is PASSED

2024-11-07 18:12:31 - [TEST_STEP][PASSED] - verifyTextPresent("Enter business name", true, CONTINUE_ON_FAILURE): Text 'Enter business name' is present on page  using regular expression

2024-11-07 18:12:31 - [MESSAGE][PASSED] - Text 'Enter business name' is present on page  using regular expression

2024-11-07 18:12:31 - [TEST_STEP][PASSED] - verifyTextPresent("Enter business rep first name", true, CONTINUE_ON_FAILURE): Text 'Enter business rep first name' is present on page  using regular expression

2024-11-07 18:12:32 - [MESSAGE][PASSED] - Text 'Enter business rep first name' is present on page  using regular expression

2024-11-07 18:12:32 - [TEST_STEP][PASSED] - verifyTextPresent("Enter business rep last name", true, CONTINUE_ON_FAILURE): Text 'Enter business rep last name' is present on page  using regular expression

2024-11-07 18:12:32 - [MESSAGE][PASSED] - Text 'Enter business rep last name' is present on page  using regular expression

2024-11-07 18:12:32 - [TEST_STEP][PASSED] - verifyTextPresent("Enter address", true, CONTINUE_ON_FAILURE): Text 'Enter address' is present on page  using regular expression

2024-11-07 18:12:32 - [MESSAGE][PASSED] - Text 'Enter address' is present on page  using regular expression

2024-11-07 18:12:32 - [TEST_STEP][PASSED] - verifyTextPresent("Enter city", true, CONTINUE_ON_FAILURE): Text 'Enter city' is present on page  using regular expression

2024-11-07 18:12:33 - [MESSAGE][PASSED] - Text 'Enter city' is present on page  using regular expression

2024-11-07 18:12:33 - [TEST_STEP][PASSED] - verifyTextPresent("Enter ZIP code", true, CONTINUE_ON_FAILURE): Text 'Enter ZIP code' is present on page  using regular expression

2024-11-07 18:12:33 - [MESSAGE][PASSED] - Text 'Enter ZIP code' is present on page  using regular expression

2024-11-07 18:12:33 - [TEST_STEP][PASSED] - verifyTextPresent("Enter a valid phone number", true, CONTINUE_ON_FAILURE): Text 'Enter a valid phone number' is present on page  using regular expression

2024-11-07 18:12:34 - [MESSAGE][PASSED] - Text 'Enter a valid phone number' is present on page  using regular expression

2024-11-07 18:12:34 - [TEST_STEP][PASSED] - verifyTextPresent("Enter Email", true, CONTINUE_ON_FAILURE): Text 'Enter Email' is present on page  using regular expression

2024-11-07 18:12:34 - [MESSAGE][PASSED] - Text 'Enter Email' is present on page  using regular expression

2024-11-07 18:12:34 - [TEST_STEP][PASSED] - resText = "Pass": null

2024-11-07 18:12:34 - [TEST_STEP][PASSED] - pages.WriteExcel.demoKey(resText, datText, resColumn, datCloumn, fileLoc, nameSheet, row): pages.WriteExcel.demoKey is PASSED

2024-11-07 18:12:34 - [MESSAGE][PASSED] - pages.WriteExcel.demoKey is PASSED]]></system-out>
         <system-err><![CDATA[]]></system-err>
      </testcase>
      <testcase name="Test Cases/RAD_TestCases/MRF_TestCases/NewTaxReturn_MRF_TC" time="1106.294" classname="Test Cases/RAD_TestCases/MRF_TestCases/NewTaxReturn_MRF_TC" status="PASSED">
         <system-out><![CDATA[2024-11-07 18:12:34 - [TEST_CASE][PASSED] - Test Cases/RAD_TestCases/MRF_TestCases/NewTaxReturn_MRF_TC: Test Cases/RAD_TestCases/MRF_TestCases/NewTaxReturn_MRF_TC

2024-11-07 18:12:35 - [TEST_STEP][PASSED] - resText = "Fail": null

2024-11-07 18:12:35 - [TEST_STEP][PASSED] - resColumn = "Result": null

2024-11-07 18:12:35 - [TEST_STEP][PASSED] - datCloumn = "Date": null

2024-11-07 18:12:35 - [TEST_STEP][PASSED] - fileLoc = "KatalonData/RADTestData/MRF.xlsx": null

2024-11-07 18:12:35 - [TEST_STEP][PASSED] - nameSheet = "NewTaxReturn": null

2024-11-07 18:12:35 - [TEST_STEP][PASSED] - dataFile = "RADTestData/MRF_NewTaxReturn": null

2024-11-07 18:12:35 - [TEST_STEP][PASSED] - orPath_Landing = "Object Repository/RAD_Pages/Landing_Page": null

2024-11-07 18:12:35 - [TEST_STEP][PASSED] - orPath_TaxTypeFilingYear = "Object Repository/RAD_Pages/TaxTypeFilingYear_Page": null

2024-11-07 18:12:35 - [TEST_STEP][PASSED] - orPath_Amount = "Object Repository/RAD_Pages/PaymentAmount_Page": null

2024-11-07 18:12:35 - [TEST_STEP][PASSED] - orPath_AddressContact = "Object Repository/RAD_Pages/AddressAndContactInfo_Page": null

2024-11-07 18:12:35 - [TEST_STEP][PASSED] - orPath_Summary = "Object Repository/RAD_Pages/Summary_Page": null

2024-11-07 18:12:35 - [TEST_STEP][PASSED] - orPath_PaymentConfirmation = "Object Repository/RAD_Pages/PaymentConfirmation_Page": null

2024-11-07 18:12:35 - [TEST_STEP][PASSED] - orPath_ServiceFeesAccept = "Object Repository/RAD_Pages/ServiceFeeAccept_Page": null

2024-11-07 18:12:35 - [TEST_STEP][PASSED] - orPath_PaymentEntry = "Object Repository/RAD_Pages/PaymentEntry_Page": null

2024-11-07 18:12:35 - [TEST_STEP][PASSED] - orPath_TaxInfo = "Object Repository/RAD_Pages/TaxInfo_Page": null

2024-11-07 18:12:35 - [TEST_STEP][PASSED] - orPath_TaxPayer = "Object Repository/RAD_Pages/Taxpayer_Page": null

2024-11-07 18:12:35 - [TEST_STEP][PASSED] - ExecuteTC = <not implemented yet for class: org.codehaus.groovy.ast.expr.EmptyExpression>: null

2024-11-07 18:12:35 - [TEST_STEP][PASSED] - TaxType = <not implemented yet for class: org.codehaus.groovy.ast.expr.EmptyExpression>: null

2024-11-07 18:12:35 - [TEST_STEP][PASSED] - PaymentType = <not implemented yet for class: org.codehaus.groovy.ast.expr.EmptyExpression>: null

2024-11-07 18:12:35 - [TEST_STEP][PASSED] - FilingYear = <not implemented yet for class: org.codehaus.groovy.ast.expr.EmptyExpression>: null

2024-11-07 18:12:35 - [TEST_STEP][PASSED] - PeriodEndingMonth = <not implemented yet for class: org.codehaus.groovy.ast.expr.EmptyExpression>: null

2024-11-07 18:12:35 - [TEST_STEP][PASSED] - feinSSN = <not implemented yet for class: org.codehaus.groovy.ast.expr.EmptyExpression>: null

2024-11-07 18:12:35 - [TEST_STEP][PASSED] - CRN = <not implemented yet for class: org.codehaus.groovy.ast.expr.EmptyExpression>: null

2024-11-07 18:12:35 - [TEST_STEP][PASSED] - numOfRows = findTestData(dataFile).getRowNumbers(): null

2024-11-07 18:12:35 - [TEST_STEP][PASSED] - println("Number of Records: " + numOfRows): null

2024-11-07 18:12:35 - [TEST_STEP][PASSED] - for ([row = 1, row <= numOfRows, (row++)]): pages.WriteExcel.demoKey is PASSED

2024-11-07 18:12:35 - [TEST_STEP][PASSED] - ExecuteTC = findTestData(dataFile).getValue("Execute", row): null

2024-11-07 18:12:35 - [TEST_STEP][PASSED] - TaxType = findTestData(dataFile).getValue("TaxType", row): null

2024-11-07 18:12:35 - [TEST_STEP][PASSED] - PaymentType = findTestData(dataFile).getValue("PaymentType", row): null

2024-11-07 18:12:35 - [TEST_STEP][PASSED] - FilingYear = findTestData(dataFile).getValue("Year", row): null

2024-11-07 18:12:35 - [TEST_STEP][PASSED] - feinSSN = findTestData(dataFile).getValue("FeinSsn", row): null

2024-11-07 18:12:35 - [TEST_STEP][PASSED] - CRN = findTestData(dataFile).getValue("CRN", row): null

2024-11-07 18:12:35 - [TEST_STEP][PASSED] - MFLicNum = findTestData(dataFile).getValue("MFLicNum", row): null

2024-11-07 18:12:35 - [TEST_STEP][PASSED] - if (ExecuteTC.equalsIgnoreCase("Y")): pages.WriteExcel.demoKey is PASSED

2024-11-07 18:12:35 - [TEST_STEP][PASSED] - out.println("Begin Record Number: " + row): null

2024-11-07 18:12:35 - [TEST_STEP][PASSED] - today = new java.util.Date(): null

2024-11-07 18:12:35 - [TEST_STEP][PASSED] - println(today): null

2024-11-07 18:12:35 - [TEST_STEP][PASSED] - datText = today: null

2024-11-07 18:12:35 - [TEST_STEP][PASSED] - logInfo("Payment Type: New Tax Return Amount Due"): Payment Type: New Tax Return Amount Due

2024-11-07 18:12:35 - [MESSAGE][INFO] - Payment Type: New Tax Return Amount Due

2024-11-07 18:12:35 - [TEST_STEP][PASSED] - logInfo("Tax Type: " + TaxType): Tax Type: Fiduciary Tax

2024-11-07 18:12:35 - [MESSAGE][INFO] - Tax Type: Fiduciary Tax

2024-11-07 18:12:35 - [TEST_STEP][PASSED] - openBrowser(""): Browser is opened with url: ''

2024-11-07 18:12:35 - [MESSAGE][WARNING] - A browser is already opened. Closing browser and opening a new one

2024-11-07 18:12:37 - [MESSAGE][INFO] - Starting 'Chrome' driver

2024-11-07 18:12:37 - [MESSAGE][INFO] - User set preference: ['acceptInsecureCerts', 'true']

2024-11-07 18:12:37 - [MESSAGE][INFO] - Action delay is set to 0 milliseconds

2024-11-07 18:12:39 - [MESSAGE][PASSED] - Browser is opened with url: ''

2024-11-07 18:12:39 - [TEST_STEP][PASSED] - maximizeWindow(): Current window maximized

2024-11-07 18:12:39 - [MESSAGE][PASSED] - Current window maximized

2024-11-07 18:12:39 - [TEST_STEP][PASSED] - navigateToUrl(RADurl): Navigate to 'https://www.velocitypayment.com/client/rad/index.html' successfully

2024-11-07 18:12:40 - [MESSAGE][PASSED] - Navigate to 'https://www.velocitypayment.com/client/rad/index.html' successfully

2024-11-07 18:12:40 - [TEST_STEP][PASSED] - selectOptionByLabel(findTestObject(orPath_Landing + "/dd_TaxType"), "New Tax Return Amount Due", false): All options with label 'New Tax Return Amount Due' are selected in object 'Object Repository/RAD_Pages/Landing_Page/dd_TaxType' 

2024-11-07 18:12:42 - [MESSAGE][PASSED] - All options with label 'New Tax Return Amount Due' are selected in object 'Object Repository/RAD_Pages/Landing_Page/dd_TaxType' 

2024-11-07 18:12:42 - [TEST_STEP][PASSED] - selectOptionByLabel(findTestObject("Object Repository/RAD_Pages/Landing_Page/select_NewTaxReturnAmountDue_TaxType"), TaxType, false): All options with label 'Fiduciary Tax' are selected in object 'Object Repository/RAD_Pages/Landing_Page/select_NewTaxReturnAmountDue_TaxType' 

2024-11-07 18:12:43 - [MESSAGE][PASSED] - All options with label 'Fiduciary Tax' are selected in object 'Object Repository/RAD_Pages/Landing_Page/select_NewTaxReturnAmountDue_TaxType' 

2024-11-07 18:12:43 - [TEST_STEP][PASSED] - selectOptionByLabel(findTestObject(orPath_TaxTypeFilingYear + "/select_FilingYear"), FilingYear, false): All options with label '2023' are selected in object 'Object Repository/RAD_Pages/TaxTypeFilingYear_Page/select_FilingYear' 

2024-11-07 18:12:44 - [MESSAGE][PASSED] - All options with label '2023' are selected in object 'Object Repository/RAD_Pages/TaxTypeFilingYear_Page/select_FilingYear' 

2024-11-07 18:12:44 - [TEST_STEP][PASSED] - setText(findTestObject(orPath_TaxPayer + "/input_businessName"), " "): Text ' ' is set on object 'Object Repository/RAD_Pages/Taxpayer_Page/input_businessName'

2024-11-07 18:12:44 - [MESSAGE][PASSED] - Text ' ' is set on object 'Object Repository/RAD_Pages/Taxpayer_Page/input_businessName'

2024-11-07 18:12:44 - [TEST_STEP][PASSED] - setText(findTestObject(orPath_TaxPayer + "/input_BusinessRepfirstName"), " "): Text ' ' is set on object 'Object Repository/RAD_Pages/Taxpayer_Page/input_BusinessRepfirstName'

2024-11-07 18:12:45 - [MESSAGE][PASSED] - Text ' ' is set on object 'Object Repository/RAD_Pages/Taxpayer_Page/input_BusinessRepfirstName'

2024-11-07 18:12:45 - [TEST_STEP][PASSED] - setText(findTestObject(orPath_TaxPayer + "/input_BusinessReplastName"), " "): Text ' ' is set on object 'Object Repository/RAD_Pages/Taxpayer_Page/input_BusinessReplastName'

2024-11-07 18:12:46 - [MESSAGE][PASSED] - Text ' ' is set on object 'Object Repository/RAD_Pages/Taxpayer_Page/input_BusinessReplastName'

2024-11-07 18:12:46 - [TEST_STEP][PASSED] - setText(findTestObject(orPath_AddressContact + "/input_streetAddress1"), " "): Text ' ' is set on object 'Object Repository/RAD_Pages/AddressAndContactInfo_Page/input_streetAddress1'

2024-11-07 18:12:47 - [MESSAGE][PASSED] - Text ' ' is set on object 'Object Repository/RAD_Pages/AddressAndContactInfo_Page/input_streetAddress1'

2024-11-07 18:12:47 - [TEST_STEP][PASSED] - setText(findTestObject(orPath_AddressContact + "/input_city"), " "): Text ' ' is set on object 'Object Repository/RAD_Pages/AddressAndContactInfo_Page/input_city'

2024-11-07 18:12:47 - [MESSAGE][PASSED] - Text ' ' is set on object 'Object Repository/RAD_Pages/AddressAndContactInfo_Page/input_city'

2024-11-07 18:12:47 - [TEST_STEP][PASSED] - setText(findTestObject(orPath_AddressContact + "/input_zipCode"), " "): Text ' ' is set on object 'Object Repository/RAD_Pages/AddressAndContactInfo_Page/input_zipCode'

2024-11-07 18:12:48 - [MESSAGE][PASSED] - Text ' ' is set on object 'Object Repository/RAD_Pages/AddressAndContactInfo_Page/input_zipCode'

2024-11-07 18:12:48 - [TEST_STEP][PASSED] - setText(findTestObject(orPath_AddressContact + "/input_phoneNumber"), " "): Text ' ' is set on object 'Object Repository/RAD_Pages/AddressAndContactInfo_Page/input_phoneNumber'

2024-11-07 18:12:49 - [MESSAGE][PASSED] - Text ' ' is set on object 'Object Repository/RAD_Pages/AddressAndContactInfo_Page/input_phoneNumber'

2024-11-07 18:12:49 - [TEST_STEP][PASSED] - setText(findTestObject(orPath_AddressContact + "/input_eMailAddress"), " "): Text ' ' is set on object 'Object Repository/RAD_Pages/AddressAndContactInfo_Page/input_eMailAddress'

2024-11-07 18:12:50 - [MESSAGE][PASSED] - Text ' ' is set on object 'Object Repository/RAD_Pages/AddressAndContactInfo_Page/input_eMailAddress'

2024-11-07 18:12:50 - [TEST_STEP][PASSED] - setText(findTestObject(orPath_AddressContact + "/input_reEnterEMailAddress"), " "): Text ' ' is set on object 'Object Repository/RAD_Pages/AddressAndContactInfo_Page/input_reEnterEMailAddress'

2024-11-07 18:12:51 - [MESSAGE][PASSED] - Text ' ' is set on object 'Object Repository/RAD_Pages/AddressAndContactInfo_Page/input_reEnterEMailAddress'

2024-11-07 18:12:51 - [TEST_STEP][PASSED] - if (TaxType.equalsIgnoreCase("Estate Tax")): null

2024-11-07 18:12:51 - [TEST_STEP][PASSED] - setText(findTestObject(orPath_Amount + "/input__paymentAmount"), ""): Text '' is set on object 'Object Repository/RAD_Pages/PaymentAmount_Page/input__paymentAmount'

2024-11-07 18:12:52 - [MESSAGE][PASSED] - Text '' is set on object 'Object Repository/RAD_Pages/PaymentAmount_Page/input__paymentAmount'

2024-11-07 18:12:52 - [TEST_STEP][PASSED] - resText = "Fail": null

2024-11-07 18:12:52 - [TEST_STEP][PASSED] - pages.WriteExcel.demoKey(resText, datText, resColumn, datCloumn, fileLoc, nameSheet, row): pages.WriteExcel.demoKey is PASSED

2024-11-07 18:12:52 - [MESSAGE][PASSED] - pages.WriteExcel.demoKey is PASSED

2024-11-07 18:12:52 - [TEST_STEP][PASSED] - verifyTextPresent("Enter business name", true, CONTINUE_ON_FAILURE): Text 'Enter business name' is present on page  using regular expression

2024-11-07 18:12:52 - [MESSAGE][PASSED] - Text 'Enter business name' is present on page  using regular expression

2024-11-07 18:12:52 - [TEST_STEP][PASSED] - verifyTextPresent("Enter business rep first name", true, CONTINUE_ON_FAILURE): Text 'Enter business rep first name' is present on page  using regular expression

2024-11-07 18:12:53 - [MESSAGE][PASSED] - Text 'Enter business rep first name' is present on page  using regular expression

2024-11-07 18:12:53 - [TEST_STEP][PASSED] - verifyTextPresent("Enter business rep last name", true, CONTINUE_ON_FAILURE): Text 'Enter business rep last name' is present on page  using regular expression

2024-11-07 18:12:53 - [MESSAGE][PASSED] - Text 'Enter business rep last name' is present on page  using regular expression

2024-11-07 18:12:53 - [TEST_STEP][PASSED] - verifyTextPresent("Enter address", true, CONTINUE_ON_FAILURE): Text 'Enter address' is present on page  using regular expression

2024-11-07 18:12:53 - [MESSAGE][PASSED] - Text 'Enter address' is present on page  using regular expression

2024-11-07 18:12:53 - [TEST_STEP][PASSED] - verifyTextPresent("Enter city", true, CONTINUE_ON_FAILURE): Text 'Enter city' is present on page  using regular expression

2024-11-07 18:12:54 - [MESSAGE][PASSED] - Text 'Enter city' is present on page  using regular expression

2024-11-07 18:12:54 - [TEST_STEP][PASSED] - verifyTextPresent("Enter ZIP code", true, CONTINUE_ON_FAILURE): Text 'Enter ZIP code' is present on page  using regular expression

2024-11-07 18:12:54 - [MESSAGE][PASSED] - Text 'Enter ZIP code' is present on page  using regular expression

2024-11-07 18:12:54 - [TEST_STEP][PASSED] - verifyTextPresent("Enter a valid phone number", true, CONTINUE_ON_FAILURE): Text 'Enter a valid phone number' is present on page  using regular expression

2024-11-07 18:12:54 - [MESSAGE][PASSED] - Text 'Enter a valid phone number' is present on page  using regular expression

2024-11-07 18:12:54 - [TEST_STEP][PASSED] - verifyTextPresent("Enter Email", true, CONTINUE_ON_FAILURE): Text 'Enter Email' is present on page  using regular expression

2024-11-07 18:12:55 - [MESSAGE][PASSED] - Text 'Enter Email' is present on page  using regular expression

2024-11-07 18:12:55 - [TEST_STEP][PASSED] - if (CRN.equalsIgnoreCase("Y")): null

2024-11-07 18:12:55 - [TEST_STEP][PASSED] - if (MFLicNum.equalsIgnoreCase("Y")): null

2024-11-07 18:12:55 - [TEST_STEP][PASSED] - resText = "Pass": null

2024-11-07 18:12:55 - [TEST_STEP][PASSED] - pages.WriteExcel.demoKey(resText, datText, resColumn, datCloumn, fileLoc, nameSheet, row): pages.WriteExcel.demoKey is PASSED

2024-11-07 18:12:55 - [MESSAGE][PASSED] - pages.WriteExcel.demoKey is PASSED

2024-11-07 18:12:55 - [TEST_STEP][PASSED] - ExecuteTC = findTestData(dataFile).getValue("Execute", row): null

2024-11-07 18:12:55 - [TEST_STEP][PASSED] - TaxType = findTestData(dataFile).getValue("TaxType", row): null

2024-11-07 18:12:55 - [TEST_STEP][PASSED] - PaymentType = findTestData(dataFile).getValue("PaymentType", row): null

2024-11-07 18:12:55 - [TEST_STEP][PASSED] - FilingYear = findTestData(dataFile).getValue("Year", row): null

2024-11-07 18:12:55 - [TEST_STEP][PASSED] - feinSSN = findTestData(dataFile).getValue("FeinSsn", row): null

2024-11-07 18:12:55 - [TEST_STEP][PASSED] - CRN = findTestData(dataFile).getValue("CRN", row): null

2024-11-07 18:12:55 - [TEST_STEP][PASSED] - MFLicNum = findTestData(dataFile).getValue("MFLicNum", row): null

2024-11-07 18:12:55 - [TEST_STEP][PASSED] - if (ExecuteTC.equalsIgnoreCase("Y")): pages.WriteExcel.demoKey is PASSED

2024-11-07 18:12:55 - [TEST_STEP][PASSED] - out.println("Begin Record Number: " + row): null

2024-11-07 18:12:55 - [TEST_STEP][PASSED] - today = new java.util.Date(): null

2024-11-07 18:12:55 - [TEST_STEP][PASSED] - println(today): null

2024-11-07 18:12:55 - [TEST_STEP][PASSED] - datText = today: null

2024-11-07 18:12:55 - [TEST_STEP][PASSED] - logInfo("Payment Type: New Tax Return Amount Due"): Payment Type: New Tax Return Amount Due

2024-11-07 18:12:55 - [MESSAGE][INFO] - Payment Type: New Tax Return Amount Due

2024-11-07 18:12:55 - [TEST_STEP][PASSED] - logInfo("Tax Type: " + TaxType): Tax Type: PTE Non-Electing Non-S Corp

2024-11-07 18:12:55 - [MESSAGE][INFO] - Tax Type: PTE Non-Electing Non-S Corp

2024-11-07 18:12:55 - [TEST_STEP][PASSED] - openBrowser(""): Browser is opened with url: ''

2024-11-07 18:12:55 - [MESSAGE][WARNING] - A browser is already opened. Closing browser and opening a new one

2024-11-07 18:12:57 - [MESSAGE][INFO] - Starting 'Chrome' driver

2024-11-07 18:12:57 - [MESSAGE][INFO] - User set preference: ['acceptInsecureCerts', 'true']

2024-11-07 18:12:57 - [MESSAGE][INFO] - Action delay is set to 0 milliseconds

2024-11-07 18:12:59 - [MESSAGE][PASSED] - Browser is opened with url: ''

2024-11-07 18:12:59 - [TEST_STEP][PASSED] - maximizeWindow(): Current window maximized

2024-11-07 18:12:59 - [MESSAGE][PASSED] - Current window maximized

2024-11-07 18:12:59 - [TEST_STEP][PASSED] - navigateToUrl(RADurl): Navigate to 'https://www.velocitypayment.com/client/rad/index.html' successfully

2024-11-07 18:12:59 - [MESSAGE][PASSED] - Navigate to 'https://www.velocitypayment.com/client/rad/index.html' successfully

2024-11-07 18:12:59 - [TEST_STEP][PASSED] - selectOptionByLabel(findTestObject(orPath_Landing + "/dd_TaxType"), "New Tax Return Amount Due", false): All options with label 'New Tax Return Amount Due' are selected in object 'Object Repository/RAD_Pages/Landing_Page/dd_TaxType' 

2024-11-07 18:13:03 - [MESSAGE][PASSED] - All options with label 'New Tax Return Amount Due' are selected in object 'Object Repository/RAD_Pages/Landing_Page/dd_TaxType' 

2024-11-07 18:13:03 - [TEST_STEP][PASSED] - selectOptionByLabel(findTestObject("Object Repository/RAD_Pages/Landing_Page/select_NewTaxReturnAmountDue_TaxType"), TaxType, false): All options with label 'PTE Non-Electing Non-S Corp' are selected in object 'Object Repository/RAD_Pages/Landing_Page/select_NewTaxReturnAmountDue_TaxType' 

2024-11-07 18:13:03 - [MESSAGE][PASSED] - All options with label 'PTE Non-Electing Non-S Corp' are selected in object 'Object Repository/RAD_Pages/Landing_Page/select_NewTaxReturnAmountDue_TaxType' 

2024-11-07 18:13:03 - [TEST_STEP][PASSED] - selectOptionByLabel(findTestObject(orPath_TaxTypeFilingYear + "/select_FilingYear"), FilingYear, false): All options with label '2023' are selected in object 'Object Repository/RAD_Pages/TaxTypeFilingYear_Page/select_FilingYear' 

2024-11-07 18:13:04 - [MESSAGE][PASSED] - All options with label '2023' are selected in object 'Object Repository/RAD_Pages/TaxTypeFilingYear_Page/select_FilingYear' 

2024-11-07 18:13:04 - [TEST_STEP][PASSED] - setText(findTestObject(orPath_TaxPayer + "/input_businessName"), " "): Text ' ' is set on object 'Object Repository/RAD_Pages/Taxpayer_Page/input_businessName'

2024-11-07 18:13:05 - [MESSAGE][PASSED] - Text ' ' is set on object 'Object Repository/RAD_Pages/Taxpayer_Page/input_businessName'

2024-11-07 18:13:05 - [TEST_STEP][PASSED] - setText(findTestObject(orPath_TaxPayer + "/input_BusinessRepfirstName"), " "): Text ' ' is set on object 'Object Repository/RAD_Pages/Taxpayer_Page/input_BusinessRepfirstName'

2024-11-07 18:13:06 - [MESSAGE][PASSED] - Text ' ' is set on object 'Object Repository/RAD_Pages/Taxpayer_Page/input_BusinessRepfirstName'

2024-11-07 18:13:06 - [TEST_STEP][PASSED] - setText(findTestObject(orPath_TaxPayer + "/input_BusinessReplastName"), " "): Text ' ' is set on object 'Object Repository/RAD_Pages/Taxpayer_Page/input_BusinessReplastName'

2024-11-07 18:13:06 - [MESSAGE][PASSED] - Text ' ' is set on object 'Object Repository/RAD_Pages/Taxpayer_Page/input_BusinessReplastName'

2024-11-07 18:13:06 - [TEST_STEP][PASSED] - setText(findTestObject(orPath_AddressContact + "/input_streetAddress1"), " "): Text ' ' is set on object 'Object Repository/RAD_Pages/AddressAndContactInfo_Page/input_streetAddress1'

2024-11-07 18:13:07 - [MESSAGE][PASSED] - Text ' ' is set on object 'Object Repository/RAD_Pages/AddressAndContactInfo_Page/input_streetAddress1'

2024-11-07 18:13:07 - [TEST_STEP][PASSED] - setText(findTestObject(orPath_AddressContact + "/input_city"), " "): Text ' ' is set on object 'Object Repository/RAD_Pages/AddressAndContactInfo_Page/input_city'

2024-11-07 18:13:08 - [MESSAGE][PASSED] - Text ' ' is set on object 'Object Repository/RAD_Pages/AddressAndContactInfo_Page/input_city'

2024-11-07 18:13:08 - [TEST_STEP][PASSED] - setText(findTestObject(orPath_AddressContact + "/input_zipCode"), " "): Text ' ' is set on object 'Object Repository/RAD_Pages/AddressAndContactInfo_Page/input_zipCode'

2024-11-07 18:13:08 - [MESSAGE][PASSED] - Text ' ' is set on object 'Object Repository/RAD_Pages/AddressAndContactInfo_Page/input_zipCode'

2024-11-07 18:13:08 - [TEST_STEP][PASSED] - setText(findTestObject(orPath_AddressContact + "/input_phoneNumber"), " "): Text ' ' is set on object 'Object Repository/RAD_Pages/AddressAndContactInfo_Page/input_phoneNumber'

2024-11-07 18:13:09 - [MESSAGE][PASSED] - Text ' ' is set on object 'Object Repository/RAD_Pages/AddressAndContactInfo_Page/input_phoneNumber'

2024-11-07 18:13:09 - [TEST_STEP][PASSED] - setText(findTestObject(orPath_AddressContact + "/input_eMailAddress"), " "): Text ' ' is set on object 'Object Repository/RAD_Pages/AddressAndContactInfo_Page/input_eMailAddress'

2024-11-07 18:13:10 - [MESSAGE][PASSED] - Text ' ' is set on object 'Object Repository/RAD_Pages/AddressAndContactInfo_Page/input_eMailAddress'

2024-11-07 18:13:10 - [TEST_STEP][PASSED] - setText(findTestObject(orPath_AddressContact + "/input_reEnterEMailAddress"), " "): Text ' ' is set on object 'Object Repository/RAD_Pages/AddressAndContactInfo_Page/input_reEnterEMailAddress'

2024-11-07 18:13:11 - [MESSAGE][PASSED] - Text ' ' is set on object 'Object Repository/RAD_Pages/AddressAndContactInfo_Page/input_reEnterEMailAddress'

2024-11-07 18:13:11 - [TEST_STEP][PASSED] - if (TaxType.equalsIgnoreCase("Estate Tax")): null

2024-11-07 18:13:11 - [TEST_STEP][PASSED] - setText(findTestObject(orPath_Amount + "/input__paymentAmount"), ""): Text '' is set on object 'Object Repository/RAD_Pages/PaymentAmount_Page/input__paymentAmount'

2024-11-07 18:13:12 - [MESSAGE][PASSED] - Text '' is set on object 'Object Repository/RAD_Pages/PaymentAmount_Page/input__paymentAmount'

2024-11-07 18:13:12 - [TEST_STEP][PASSED] - resText = "Fail": null

2024-11-07 18:13:12 - [TEST_STEP][PASSED] - pages.WriteExcel.demoKey(resText, datText, resColumn, datCloumn, fileLoc, nameSheet, row): pages.WriteExcel.demoKey is PASSED

2024-11-07 18:13:12 - [MESSAGE][PASSED] - pages.WriteExcel.demoKey is PASSED

2024-11-07 18:13:12 - [TEST_STEP][PASSED] - verifyTextPresent("Enter business name", true, CONTINUE_ON_FAILURE): Text 'Enter business name' is present on page  using regular expression

2024-11-07 18:13:12 - [MESSAGE][PASSED] - Text 'Enter business name' is present on page  using regular expression

2024-11-07 18:13:12 - [TEST_STEP][PASSED] - verifyTextPresent("Enter business rep first name", true, CONTINUE_ON_FAILURE): Text 'Enter business rep first name' is present on page  using regular expression

2024-11-07 18:13:13 - [MESSAGE][PASSED] - Text 'Enter business rep first name' is present on page  using regular expression

2024-11-07 18:13:13 - [TEST_STEP][PASSED] - verifyTextPresent("Enter business rep last name", true, CONTINUE_ON_FAILURE): Text 'Enter business rep last name' is present on page  using regular expression

2024-11-07 18:13:13 - [MESSAGE][PASSED] - Text 'Enter business rep last name' is present on page  using regular expression

2024-11-07 18:13:13 - [TEST_STEP][PASSED] - verifyTextPresent("Enter address", true, CONTINUE_ON_FAILURE): Text 'Enter address' is present on page  using regular expression

2024-11-07 18:13:13 - [MESSAGE][PASSED] - Text 'Enter address' is present on page  using regular expression

2024-11-07 18:13:13 - [TEST_STEP][PASSED] - verifyTextPresent("Enter city", true, CONTINUE_ON_FAILURE): Text 'Enter city' is present on page  using regular expression

2024-11-07 18:13:14 - [MESSAGE][PASSED] - Text 'Enter city' is present on page  using regular expression

2024-11-07 18:13:14 - [TEST_STEP][PASSED] - verifyTextPresent("Enter ZIP code", true, CONTINUE_ON_FAILURE): Text 'Enter ZIP code' is present on page  using regular expression

2024-11-07 18:13:14 - [MESSAGE][PASSED] - Text 'Enter ZIP code' is present on page  using regular expression

2024-11-07 18:13:14 - [TEST_STEP][PASSED] - verifyTextPresent("Enter a valid phone number", true, CONTINUE_ON_FAILURE): Text 'Enter a valid phone number' is present on page  using regular expression

2024-11-07 18:13:15 - [MESSAGE][PASSED] - Text 'Enter a valid phone number' is present on page  using regular expression

2024-11-07 18:13:15 - [TEST_STEP][PASSED] - verifyTextPresent("Enter Email", true, CONTINUE_ON_FAILURE): Text 'Enter Email' is present on page  using regular expression

2024-11-07 18:13:15 - [MESSAGE][PASSED] - Text 'Enter Email' is present on page  using regular expression

2024-11-07 18:13:15 - [TEST_STEP][PASSED] - if (CRN.equalsIgnoreCase("Y")): null

2024-11-07 18:13:15 - [TEST_STEP][PASSED] - if (MFLicNum.equalsIgnoreCase("Y")): null

2024-11-07 18:13:15 - [TEST_STEP][PASSED] - resText = "Pass": null

2024-11-07 18:13:15 - [TEST_STEP][PASSED] - pages.WriteExcel.demoKey(resText, datText, resColumn, datCloumn, fileLoc, nameSheet, row): pages.WriteExcel.demoKey is PASSED

2024-11-07 18:13:15 - [MESSAGE][PASSED] - pages.WriteExcel.demoKey is PASSED

2024-11-07 18:13:15 - [TEST_STEP][PASSED] - ExecuteTC = findTestData(dataFile).getValue("Execute", row): null

2024-11-07 18:13:16 - [TEST_STEP][PASSED] - TaxType = findTestData(dataFile).getValue("TaxType", row): null

2024-11-07 18:13:16 - [TEST_STEP][PASSED] - PaymentType = findTestData(dataFile).getValue("PaymentType", row): null

2024-11-07 18:13:16 - [TEST_STEP][PASSED] - FilingYear = findTestData(dataFile).getValue("Year", row): null

2024-11-07 18:13:16 - [TEST_STEP][PASSED] - feinSSN = findTestData(dataFile).getValue("FeinSsn", row): null

2024-11-07 18:13:16 - [TEST_STEP][PASSED] - CRN = findTestData(dataFile).getValue("CRN", row): null

2024-11-07 18:13:16 - [TEST_STEP][PASSED] - MFLicNum = findTestData(dataFile).getValue("MFLicNum", row): null

2024-11-07 18:13:16 - [TEST_STEP][PASSED] - if (ExecuteTC.equalsIgnoreCase("Y")): pages.WriteExcel.demoKey is PASSED

2024-11-07 18:13:16 - [TEST_STEP][PASSED] - out.println("Begin Record Number: " + row): null

2024-11-07 18:13:16 - [TEST_STEP][PASSED] - today = new java.util.Date(): null

2024-11-07 18:13:16 - [TEST_STEP][PASSED] - println(today): null

2024-11-07 18:13:16 - [TEST_STEP][PASSED] - datText = today: null

2024-11-07 18:13:16 - [TEST_STEP][PASSED] - logInfo("Payment Type: New Tax Return Amount Due"): Payment Type: New Tax Return Amount Due

2024-11-07 18:13:16 - [MESSAGE][INFO] - Payment Type: New Tax Return Amount Due

2024-11-07 18:13:16 - [TEST_STEP][PASSED] - logInfo("Tax Type: " + TaxType): Tax Type: PTE Non-Electing S Corp

2024-11-07 18:13:16 - [MESSAGE][INFO] - Tax Type: PTE Non-Electing S Corp

2024-11-07 18:13:16 - [TEST_STEP][PASSED] - openBrowser(""): Browser is opened with url: ''

2024-11-07 18:13:16 - [MESSAGE][WARNING] - A browser is already opened. Closing browser and opening a new one

2024-11-07 18:13:18 - [MESSAGE][INFO] - Starting 'Chrome' driver

2024-11-07 18:13:18 - [MESSAGE][INFO] - User set preference: ['acceptInsecureCerts', 'true']

2024-11-07 18:13:18 - [MESSAGE][INFO] - Action delay is set to 0 milliseconds

2024-11-07 18:13:20 - [MESSAGE][PASSED] - Browser is opened with url: ''

2024-11-07 18:13:20 - [TEST_STEP][PASSED] - maximizeWindow(): Current window maximized

2024-11-07 18:13:20 - [MESSAGE][PASSED] - Current window maximized

2024-11-07 18:13:20 - [TEST_STEP][PASSED] - navigateToUrl(RADurl): Navigate to 'https://www.velocitypayment.com/client/rad/index.html' successfully

2024-11-07 18:13:22 - [MESSAGE][PASSED] - Navigate to 'https://www.velocitypayment.com/client/rad/index.html' successfully

2024-11-07 18:13:22 - [TEST_STEP][PASSED] - selectOptionByLabel(findTestObject(orPath_Landing + "/dd_TaxType"), "New Tax Return Amount Due", false): All options with label 'New Tax Return Amount Due' are selected in object 'Object Repository/RAD_Pages/Landing_Page/dd_TaxType' 

2024-11-07 18:13:22 - [MESSAGE][PASSED] - All options with label 'New Tax Return Amount Due' are selected in object 'Object Repository/RAD_Pages/Landing_Page/dd_TaxType' 

2024-11-07 18:13:22 - [TEST_STEP][PASSED] - selectOptionByLabel(findTestObject("Object Repository/RAD_Pages/Landing_Page/select_NewTaxReturnAmountDue_TaxType"), TaxType, false): All options with label 'PTE Non-Electing S Corp' are selected in object 'Object Repository/RAD_Pages/Landing_Page/select_NewTaxReturnAmountDue_TaxType' 

2024-11-07 18:13:23 - [MESSAGE][PASSED] - All options with label 'PTE Non-Electing S Corp' are selected in object 'Object Repository/RAD_Pages/Landing_Page/select_NewTaxReturnAmountDue_TaxType' 

2024-11-07 18:13:23 - [TEST_STEP][PASSED] - selectOptionByLabel(findTestObject(orPath_TaxTypeFilingYear + "/select_FilingYear"), FilingYear, false): All options with label '2023' are selected in object 'Object Repository/RAD_Pages/TaxTypeFilingYear_Page/select_FilingYear' 

2024-11-07 18:13:24 - [MESSAGE][PASSED] - All options with label '2023' are selected in object 'Object Repository/RAD_Pages/TaxTypeFilingYear_Page/select_FilingYear' 

2024-11-07 18:13:24 - [TEST_STEP][PASSED] - setText(findTestObject(orPath_TaxPayer + "/input_businessName"), " "): Text ' ' is set on object 'Object Repository/RAD_Pages/Taxpayer_Page/input_businessName'

2024-11-07 18:13:25 - [MESSAGE][PASSED] - Text ' ' is set on object 'Object Repository/RAD_Pages/Taxpayer_Page/input_businessName'

2024-11-07 18:13:25 - [TEST_STEP][PASSED] - setText(findTestObject(orPath_TaxPayer + "/input_BusinessRepfirstName"), " "): Text ' ' is set on object 'Object Repository/RAD_Pages/Taxpayer_Page/input_BusinessRepfirstName'

2024-11-07 18:13:25 - [MESSAGE][PASSED] - Text ' ' is set on object 'Object Repository/RAD_Pages/Taxpayer_Page/input_BusinessRepfirstName'

2024-11-07 18:13:25 - [TEST_STEP][PASSED] - setText(findTestObject(orPath_TaxPayer + "/input_BusinessReplastName"), " "): Text ' ' is set on object 'Object Repository/RAD_Pages/Taxpayer_Page/input_BusinessReplastName'

2024-11-07 18:13:26 - [MESSAGE][PASSED] - Text ' ' is set on object 'Object Repository/RAD_Pages/Taxpayer_Page/input_BusinessReplastName'

2024-11-07 18:13:26 - [TEST_STEP][PASSED] - setText(findTestObject(orPath_AddressContact + "/input_streetAddress1"), " "): Text ' ' is set on object 'Object Repository/RAD_Pages/AddressAndContactInfo_Page/input_streetAddress1'

2024-11-07 18:13:27 - [MESSAGE][PASSED] - Text ' ' is set on object 'Object Repository/RAD_Pages/AddressAndContactInfo_Page/input_streetAddress1'

2024-11-07 18:13:27 - [TEST_STEP][PASSED] - setText(findTestObject(orPath_AddressContact + "/input_city"), " "): Text ' ' is set on object 'Object Repository/RAD_Pages/AddressAndContactInfo_Page/input_city'

2024-11-07 18:13:28 - [MESSAGE][PASSED] - Text ' ' is set on object 'Object Repository/RAD_Pages/AddressAndContactInfo_Page/input_city'

2024-11-07 18:13:28 - [TEST_STEP][PASSED] - setText(findTestObject(orPath_AddressContact + "/input_zipCode"), " "): Text ' ' is set on object 'Object Repository/RAD_Pages/AddressAndContactInfo_Page/input_zipCode'

2024-11-07 18:13:29 - [MESSAGE][PASSED] - Text ' ' is set on object 'Object Repository/RAD_Pages/AddressAndContactInfo_Page/input_zipCode'

2024-11-07 18:13:29 - [TEST_STEP][PASSED] - setText(findTestObject(orPath_AddressContact + "/input_phoneNumber"), " "): Text ' ' is set on object 'Object Repository/RAD_Pages/AddressAndContactInfo_Page/input_phoneNumber'

2024-11-07 18:13:30 - [MESSAGE][PASSED] - Text ' ' is set on object 'Object Repository/RAD_Pages/AddressAndContactInfo_Page/input_phoneNumber'

2024-11-07 18:13:30 - [TEST_STEP][PASSED] - setText(findTestObject(orPath_AddressContact + "/input_eMailAddress"), " "): Text ' ' is set on object 'Object Repository/RAD_Pages/AddressAndContactInfo_Page/input_eMailAddress'

2024-11-07 18:13:30 - [MESSAGE][PASSED] - Text ' ' is set on object 'Object Repository/RAD_Pages/AddressAndContactInfo_Page/input_eMailAddress'

2024-11-07 18:13:30 - [TEST_STEP][PASSED] - setText(findTestObject(orPath_AddressContact + "/input_reEnterEMailAddress"), " "): Text ' ' is set on object 'Object Repository/RAD_Pages/AddressAndContactInfo_Page/input_reEnterEMailAddress'

2024-11-07 18:13:31 - [MESSAGE][PASSED] - Text ' ' is set on object 'Object Repository/RAD_Pages/AddressAndContactInfo_Page/input_reEnterEMailAddress'

2024-11-07 18:13:31 - [TEST_STEP][PASSED] - if (TaxType.equalsIgnoreCase("Estate Tax")): null

2024-11-07 18:13:31 - [TEST_STEP][PASSED] - setText(findTestObject(orPath_Amount + "/input__paymentAmount"), ""): Text '' is set on object 'Object Repository/RAD_Pages/PaymentAmount_Page/input__paymentAmount'

2024-11-07 18:13:32 - [MESSAGE][PASSED] - Text '' is set on object 'Object Repository/RAD_Pages/PaymentAmount_Page/input__paymentAmount'

2024-11-07 18:13:32 - [TEST_STEP][PASSED] - resText = "Fail": null

2024-11-07 18:13:32 - [TEST_STEP][PASSED] - pages.WriteExcel.demoKey(resText, datText, resColumn, datCloumn, fileLoc, nameSheet, row): pages.WriteExcel.demoKey is PASSED

2024-11-07 18:13:32 - [MESSAGE][PASSED] - pages.WriteExcel.demoKey is PASSED

2024-11-07 18:13:32 - [TEST_STEP][PASSED] - verifyTextPresent("Enter business name", true, CONTINUE_ON_FAILURE): Text 'Enter business name' is present on page  using regular expression

2024-11-07 18:13:33 - [MESSAGE][PASSED] - Text 'Enter business name' is present on page  using regular expression

2024-11-07 18:13:33 - [TEST_STEP][PASSED] - verifyTextPresent("Enter business rep first name", true, CONTINUE_ON_FAILURE): Text 'Enter business rep first name' is present on page  using regular expression

2024-11-07 18:13:33 - [MESSAGE][PASSED] - Text 'Enter business rep first name' is present on page  using regular expression

2024-11-07 18:13:33 - [TEST_STEP][PASSED] - verifyTextPresent("Enter business rep last name", true, CONTINUE_ON_FAILURE): Text 'Enter business rep last name' is present on page  using regular expression

2024-11-07 18:13:33 - [MESSAGE][PASSED] - Text 'Enter business rep last name' is present on page  using regular expression

2024-11-07 18:13:33 - [TEST_STEP][PASSED] - verifyTextPresent("Enter address", true, CONTINUE_ON_FAILURE): Text 'Enter address' is present on page  using regular expression

2024-11-07 18:13:34 - [MESSAGE][PASSED] - Text 'Enter address' is present on page  using regular expression

2024-11-07 18:13:34 - [TEST_STEP][PASSED] - verifyTextPresent("Enter city", true, CONTINUE_ON_FAILURE): Text 'Enter city' is present on page  using regular expression

2024-11-07 18:13:34 - [MESSAGE][PASSED] - Text 'Enter city' is present on page  using regular expression

2024-11-07 18:13:34 - [TEST_STEP][PASSED] - verifyTextPresent("Enter ZIP code", true, CONTINUE_ON_FAILURE): Text 'Enter ZIP code' is present on page  using regular expression

2024-11-07 18:13:34 - [MESSAGE][PASSED] - Text 'Enter ZIP code' is present on page  using regular expression

2024-11-07 18:13:34 - [TEST_STEP][PASSED] - verifyTextPresent("Enter a valid phone number", true, CONTINUE_ON_FAILURE): Text 'Enter a valid phone number' is present on page  using regular expression

2024-11-07 18:13:35 - [MESSAGE][PASSED] - Text 'Enter a valid phone number' is present on page  using regular expression

2024-11-07 18:13:35 - [TEST_STEP][PASSED] - verifyTextPresent("Enter Email", true, CONTINUE_ON_FAILURE): Text 'Enter Email' is present on page  using regular expression

2024-11-07 18:13:35 - [MESSAGE][PASSED] - Text 'Enter Email' is present on page  using regular expression

2024-11-07 18:13:35 - [TEST_STEP][PASSED] - if (CRN.equalsIgnoreCase("Y")): null

2024-11-07 18:13:35 - [TEST_STEP][PASSED] - if (MFLicNum.equalsIgnoreCase("Y")): null

2024-11-07 18:13:35 - [TEST_STEP][PASSED] - resText = "Pass": null

2024-11-07 18:13:35 - [TEST_STEP][PASSED] - pages.WriteExcel.demoKey(resText, datText, resColumn, datCloumn, fileLoc, nameSheet, row): pages.WriteExcel.demoKey is PASSED

2024-11-07 18:13:35 - [MESSAGE][PASSED] - pages.WriteExcel.demoKey is PASSED

2024-11-07 18:13:35 - [TEST_STEP][PASSED] - ExecuteTC = findTestData(dataFile).getValue("Execute", row): null

2024-11-07 18:13:35 - [TEST_STEP][PASSED] - TaxType = findTestData(dataFile).getValue("TaxType", row): null

2024-11-07 18:13:35 - [TEST_STEP][PASSED] - PaymentType = findTestData(dataFile).getValue("PaymentType", row): null

2024-11-07 18:13:35 - [TEST_STEP][PASSED] - FilingYear = findTestData(dataFile).getValue("Year", row): null

2024-11-07 18:13:35 - [TEST_STEP][PASSED] - feinSSN = findTestData(dataFile).getValue("FeinSsn", row): null

2024-11-07 18:13:36 - [TEST_STEP][PASSED] - CRN = findTestData(dataFile).getValue("CRN", row): null

2024-11-07 18:13:36 - [TEST_STEP][PASSED] - MFLicNum = findTestData(dataFile).getValue("MFLicNum", row): null

2024-11-07 18:13:36 - [TEST_STEP][PASSED] - if (ExecuteTC.equalsIgnoreCase("Y")): pages.WriteExcel.demoKey is PASSED

2024-11-07 18:13:36 - [TEST_STEP][PASSED] - out.println("Begin Record Number: " + row): null

2024-11-07 18:13:36 - [TEST_STEP][PASSED] - today = new java.util.Date(): null

2024-11-07 18:13:36 - [TEST_STEP][PASSED] - println(today): null

2024-11-07 18:13:36 - [TEST_STEP][PASSED] - datText = today: null

2024-11-07 18:13:36 - [TEST_STEP][PASSED] - logInfo("Payment Type: New Tax Return Amount Due"): Payment Type: New Tax Return Amount Due

2024-11-07 18:13:36 - [MESSAGE][INFO] - Payment Type: New Tax Return Amount Due

2024-11-07 18:13:36 - [TEST_STEP][PASSED] - logInfo("Tax Type: " + TaxType): Tax Type: PTE Tax Electing Non-S Corp

2024-11-07 18:13:36 - [MESSAGE][INFO] - Tax Type: PTE Tax Electing Non-S Corp

2024-11-07 18:13:36 - [TEST_STEP][PASSED] - openBrowser(""): Browser is opened with url: ''

2024-11-07 18:13:36 - [MESSAGE][WARNING] - A browser is already opened. Closing browser and opening a new one

2024-11-07 18:13:37 - [MESSAGE][INFO] - Starting 'Chrome' driver

2024-11-07 18:13:37 - [MESSAGE][INFO] - User set preference: ['acceptInsecureCerts', 'true']

2024-11-07 18:13:37 - [MESSAGE][INFO] - Action delay is set to 0 milliseconds

2024-11-07 18:13:39 - [MESSAGE][PASSED] - Browser is opened with url: ''

2024-11-07 18:13:39 - [TEST_STEP][PASSED] - maximizeWindow(): Current window maximized

2024-11-07 18:13:39 - [MESSAGE][PASSED] - Current window maximized

2024-11-07 18:13:39 - [TEST_STEP][PASSED] - navigateToUrl(RADurl): Navigate to 'https://www.velocitypayment.com/client/rad/index.html' successfully

2024-11-07 18:13:45 - [MESSAGE][PASSED] - Navigate to 'https://www.velocitypayment.com/client/rad/index.html' successfully

2024-11-07 18:13:45 - [TEST_STEP][PASSED] - selectOptionByLabel(findTestObject(orPath_Landing + "/dd_TaxType"), "New Tax Return Amount Due", false): All options with label 'New Tax Return Amount Due' are selected in object 'Object Repository/RAD_Pages/Landing_Page/dd_TaxType' 

2024-11-07 18:13:46 - [MESSAGE][PASSED] - All options with label 'New Tax Return Amount Due' are selected in object 'Object Repository/RAD_Pages/Landing_Page/dd_TaxType' 

2024-11-07 18:13:46 - [TEST_STEP][PASSED] - selectOptionByLabel(findTestObject("Object Repository/RAD_Pages/Landing_Page/select_NewTaxReturnAmountDue_TaxType"), TaxType, false): All options with label 'PTE Tax Electing Non-S Corp' are selected in object 'Object Repository/RAD_Pages/Landing_Page/select_NewTaxReturnAmountDue_TaxType' 

2024-11-07 18:13:47 - [MESSAGE][PASSED] - All options with label 'PTE Tax Electing Non-S Corp' are selected in object 'Object Repository/RAD_Pages/Landing_Page/select_NewTaxReturnAmountDue_TaxType' 

2024-11-07 18:13:47 - [TEST_STEP][PASSED] - selectOptionByLabel(findTestObject(orPath_TaxTypeFilingYear + "/select_FilingYear"), FilingYear, false): All options with label '2023' are selected in object 'Object Repository/RAD_Pages/TaxTypeFilingYear_Page/select_FilingYear' 

2024-11-07 18:13:47 - [MESSAGE][PASSED] - All options with label '2023' are selected in object 'Object Repository/RAD_Pages/TaxTypeFilingYear_Page/select_FilingYear' 

2024-11-07 18:13:47 - [TEST_STEP][PASSED] - setText(findTestObject(orPath_TaxPayer + "/input_businessName"), " "): Text ' ' is set on object 'Object Repository/RAD_Pages/Taxpayer_Page/input_businessName'

2024-11-07 18:13:48 - [MESSAGE][PASSED] - Text ' ' is set on object 'Object Repository/RAD_Pages/Taxpayer_Page/input_businessName'

2024-11-07 18:13:48 - [TEST_STEP][PASSED] - setText(findTestObject(orPath_TaxPayer + "/input_BusinessRepfirstName"), " "): Text ' ' is set on object 'Object Repository/RAD_Pages/Taxpayer_Page/input_BusinessRepfirstName'

2024-11-07 18:13:49 - [MESSAGE][PASSED] - Text ' ' is set on object 'Object Repository/RAD_Pages/Taxpayer_Page/input_BusinessRepfirstName'

2024-11-07 18:13:49 - [TEST_STEP][PASSED] - setText(findTestObject(orPath_TaxPayer + "/input_BusinessReplastName"), " "): Text ' ' is set on object 'Object Repository/RAD_Pages/Taxpayer_Page/input_BusinessReplastName'

2024-11-07 18:13:50 - [MESSAGE][PASSED] - Text ' ' is set on object 'Object Repository/RAD_Pages/Taxpayer_Page/input_BusinessReplastName'

2024-11-07 18:13:50 - [TEST_STEP][PASSED] - setText(findTestObject(orPath_AddressContact + "/input_streetAddress1"), " "): Text ' ' is set on object 'Object Repository/RAD_Pages/AddressAndContactInfo_Page/input_streetAddress1'

2024-11-07 18:13:51 - [MESSAGE][PASSED] - Text ' ' is set on object 'Object Repository/RAD_Pages/AddressAndContactInfo_Page/input_streetAddress1'

2024-11-07 18:13:51 - [TEST_STEP][PASSED] - setText(findTestObject(orPath_AddressContact + "/input_city"), " "): Text ' ' is set on object 'Object Repository/RAD_Pages/AddressAndContactInfo_Page/input_city'

2024-11-07 18:13:51 - [MESSAGE][PASSED] - Text ' ' is set on object 'Object Repository/RAD_Pages/AddressAndContactInfo_Page/input_city'

2024-11-07 18:13:51 - [TEST_STEP][PASSED] - setText(findTestObject(orPath_AddressContact + "/input_zipCode"), " "): Text ' ' is set on object 'Object Repository/RAD_Pages/AddressAndContactInfo_Page/input_zipCode'

2024-11-07 18:13:52 - [MESSAGE][PASSED] - Text ' ' is set on object 'Object Repository/RAD_Pages/AddressAndContactInfo_Page/input_zipCode'

2024-11-07 18:13:52 - [TEST_STEP][PASSED] - setText(findTestObject(orPath_AddressContact + "/input_phoneNumber"), " "): Text ' ' is set on object 'Object Repository/RAD_Pages/AddressAndContactInfo_Page/input_phoneNumber'

2024-11-07 18:13:53 - [MESSAGE][PASSED] - Text ' ' is set on object 'Object Repository/RAD_Pages/AddressAndContactInfo_Page/input_phoneNumber'

2024-11-07 18:13:53 - [TEST_STEP][PASSED] - setText(findTestObject(orPath_AddressContact + "/input_eMailAddress"), " "): Text ' ' is set on object 'Object Repository/RAD_Pages/AddressAndContactInfo_Page/input_eMailAddress'

2024-11-07 18:13:54 - [MESSAGE][PASSED] - Text ' ' is set on object 'Object Repository/RAD_Pages/AddressAndContactInfo_Page/input_eMailAddress'

2024-11-07 18:13:54 - [TEST_STEP][PASSED] - setText(findTestObject(orPath_AddressContact + "/input_reEnterEMailAddress"), " "): Text ' ' is set on object 'Object Repository/RAD_Pages/AddressAndContactInfo_Page/input_reEnterEMailAddress'

2024-11-07 18:13:55 - [MESSAGE][PASSED] - Text ' ' is set on object 'Object Repository/RAD_Pages/AddressAndContactInfo_Page/input_reEnterEMailAddress'

2024-11-07 18:13:55 - [TEST_STEP][PASSED] - if (TaxType.equalsIgnoreCase("Estate Tax")): null

2024-11-07 18:13:55 - [TEST_STEP][PASSED] - setText(findTestObject(orPath_Amount + "/input__paymentAmount"), ""): Text '' is set on object 'Object Repository/RAD_Pages/PaymentAmount_Page/input__paymentAmount'

2024-11-07 18:13:55 - [MESSAGE][PASSED] - Text '' is set on object 'Object Repository/RAD_Pages/PaymentAmount_Page/input__paymentAmount'

2024-11-07 18:13:55 - [TEST_STEP][PASSED] - resText = "Fail": null

2024-11-07 18:13:55 - [TEST_STEP][PASSED] - pages.WriteExcel.demoKey(resText, datText, resColumn, datCloumn, fileLoc, nameSheet, row): pages.WriteExcel.demoKey is PASSED

2024-11-07 18:13:56 - [MESSAGE][PASSED] - pages.WriteExcel.demoKey is PASSED

2024-11-07 18:13:56 - [TEST_STEP][PASSED] - verifyTextPresent("Enter business name", true, CONTINUE_ON_FAILURE): Text 'Enter business name' is present on page  using regular expression

2024-11-07 18:13:56 - [MESSAGE][PASSED] - Text 'Enter business name' is present on page  using regular expression

2024-11-07 18:13:56 - [TEST_STEP][PASSED] - verifyTextPresent("Enter business rep first name", true, CONTINUE_ON_FAILURE): Text 'Enter business rep first name' is present on page  using regular expression

2024-11-07 18:13:57 - [MESSAGE][PASSED] - Text 'Enter business rep first name' is present on page  using regular expression

2024-11-07 18:13:57 - [TEST_STEP][PASSED] - verifyTextPresent("Enter business rep last name", true, CONTINUE_ON_FAILURE): Text 'Enter business rep last name' is present on page  using regular expression

2024-11-07 18:13:57 - [MESSAGE][PASSED] - Text 'Enter business rep last name' is present on page  using regular expression

2024-11-07 18:13:57 - [TEST_STEP][PASSED] - verifyTextPresent("Enter address", true, CONTINUE_ON_FAILURE): Text 'Enter address' is present on page  using regular expression

2024-11-07 18:13:58 - [MESSAGE][PASSED] - Text 'Enter address' is present on page  using regular expression

2024-11-07 18:13:58 - [TEST_STEP][PASSED] - verifyTextPresent("Enter city", true, CONTINUE_ON_FAILURE): Text 'Enter city' is present on page  using regular expression

2024-11-07 18:13:58 - [MESSAGE][PASSED] - Text 'Enter city' is present on page  using regular expression

2024-11-07 18:13:58 - [TEST_STEP][PASSED] - verifyTextPresent("Enter ZIP code", true, CONTINUE_ON_FAILURE): Text 'Enter ZIP code' is present on page  using regular expression

2024-11-07 18:13:59 - [MESSAGE][PASSED] - Text 'Enter ZIP code' is present on page  using regular expression

2024-11-07 18:13:59 - [TEST_STEP][PASSED] - verifyTextPresent("Enter a valid phone number", true, CONTINUE_ON_FAILURE): Text 'Enter a valid phone number' is present on page  using regular expression

2024-11-07 18:13:59 - [MESSAGE][PASSED] - Text 'Enter a valid phone number' is present on page  using regular expression

2024-11-07 18:13:59 - [TEST_STEP][PASSED] - verifyTextPresent("Enter Email", true, CONTINUE_ON_FAILURE): Text 'Enter Email' is present on page  using regular expression

2024-11-07 18:14:00 - [MESSAGE][PASSED] - Text 'Enter Email' is present on page  using regular expression

2024-11-07 18:14:00 - [TEST_STEP][PASSED] - if (CRN.equalsIgnoreCase("Y")): null

2024-11-07 18:14:00 - [TEST_STEP][PASSED] - if (MFLicNum.equalsIgnoreCase("Y")): null

2024-11-07 18:14:00 - [TEST_STEP][PASSED] - resText = "Pass": null

2024-11-07 18:14:00 - [TEST_STEP][PASSED] - pages.WriteExcel.demoKey(resText, datText, resColumn, datCloumn, fileLoc, nameSheet, row): pages.WriteExcel.demoKey is PASSED

2024-11-07 18:14:00 - [MESSAGE][PASSED] - pages.WriteExcel.demoKey is PASSED

2024-11-07 18:14:00 - [TEST_STEP][PASSED] - ExecuteTC = findTestData(dataFile).getValue("Execute", row): null

2024-11-07 18:14:00 - [TEST_STEP][PASSED] - TaxType = findTestData(dataFile).getValue("TaxType", row): null

2024-11-07 18:14:00 - [TEST_STEP][PASSED] - PaymentType = findTestData(dataFile).getValue("PaymentType", row): null

2024-11-07 18:14:00 - [TEST_STEP][PASSED] - FilingYear = findTestData(dataFile).getValue("Year", row): null

2024-11-07 18:14:00 - [TEST_STEP][PASSED] - feinSSN = findTestData(dataFile).getValue("FeinSsn", row): null

2024-11-07 18:14:00 - [TEST_STEP][PASSED] - CRN = findTestData(dataFile).getValue("CRN", row): null

2024-11-07 18:14:00 - [TEST_STEP][PASSED] - MFLicNum = findTestData(dataFile).getValue("MFLicNum", row): null

2024-11-07 18:14:00 - [TEST_STEP][PASSED] - if (ExecuteTC.equalsIgnoreCase("Y")): pages.WriteExcel.demoKey is PASSED

2024-11-07 18:14:00 - [TEST_STEP][PASSED] - out.println("Begin Record Number: " + row): null

2024-11-07 18:14:00 - [TEST_STEP][PASSED] - today = new java.util.Date(): null

2024-11-07 18:14:00 - [TEST_STEP][PASSED] - println(today): null

2024-11-07 18:14:00 - [TEST_STEP][PASSED] - datText = today: null

2024-11-07 18:14:00 - [TEST_STEP][PASSED] - logInfo("Payment Type: New Tax Return Amount Due"): Payment Type: New Tax Return Amount Due

2024-11-07 18:14:00 - [MESSAGE][INFO] - Payment Type: New Tax Return Amount Due

2024-11-07 18:14:00 - [TEST_STEP][PASSED] - logInfo("Tax Type: " + TaxType): Tax Type: PTE Tax Electing S Corp

2024-11-07 18:14:00 - [MESSAGE][INFO] - Tax Type: PTE Tax Electing S Corp

2024-11-07 18:14:00 - [TEST_STEP][PASSED] - openBrowser(""): Browser is opened with url: ''

2024-11-07 18:14:00 - [MESSAGE][WARNING] - A browser is already opened. Closing browser and opening a new one

2024-11-07 18:14:02 - [MESSAGE][INFO] - Starting 'Chrome' driver

2024-11-07 18:14:02 - [MESSAGE][INFO] - User set preference: ['acceptInsecureCerts', 'true']

2024-11-07 18:14:02 - [MESSAGE][INFO] - Action delay is set to 0 milliseconds

2024-11-07 18:14:04 - [MESSAGE][PASSED] - Browser is opened with url: ''

2024-11-07 18:14:04 - [TEST_STEP][PASSED] - maximizeWindow(): Current window maximized

2024-11-07 18:14:04 - [MESSAGE][PASSED] - Current window maximized

2024-11-07 18:14:04 - [TEST_STEP][PASSED] - navigateToUrl(RADurl): Navigate to 'https://www.velocitypayment.com/client/rad/index.html' successfully

2024-11-07 18:14:07 - [MESSAGE][PASSED] - Navigate to 'https://www.velocitypayment.com/client/rad/index.html' successfully

2024-11-07 18:14:07 - [TEST_STEP][PASSED] - selectOptionByLabel(findTestObject(orPath_Landing + "/dd_TaxType"), "New Tax Return Amount Due", false): All options with label 'New Tax Return Amount Due' are selected in object 'Object Repository/RAD_Pages/Landing_Page/dd_TaxType' 

2024-11-07 18:14:08 - [MESSAGE][PASSED] - All options with label 'New Tax Return Amount Due' are selected in object 'Object Repository/RAD_Pages/Landing_Page/dd_TaxType' 

2024-11-07 18:14:08 - [TEST_STEP][PASSED] - selectOptionByLabel(findTestObject("Object Repository/RAD_Pages/Landing_Page/select_NewTaxReturnAmountDue_TaxType"), TaxType, false): All options with label 'PTE Tax Electing S Corp' are selected in object 'Object Repository/RAD_Pages/Landing_Page/select_NewTaxReturnAmountDue_TaxType' 

2024-11-07 18:14:08 - [MESSAGE][PASSED] - All options with label 'PTE Tax Electing S Corp' are selected in object 'Object Repository/RAD_Pages/Landing_Page/select_NewTaxReturnAmountDue_TaxType' 

2024-11-07 18:14:08 - [TEST_STEP][PASSED] - selectOptionByLabel(findTestObject(orPath_TaxTypeFilingYear + "/select_FilingYear"), FilingYear, false): All options with label '2023' are selected in object 'Object Repository/RAD_Pages/TaxTypeFilingYear_Page/select_FilingYear' 

2024-11-07 18:14:09 - [MESSAGE][PASSED] - All options with label '2023' are selected in object 'Object Repository/RAD_Pages/TaxTypeFilingYear_Page/select_FilingYear' 

2024-11-07 18:14:09 - [TEST_STEP][PASSED] - setText(findTestObject(orPath_TaxPayer + "/input_businessName"), " "): Text ' ' is set on object 'Object Repository/RAD_Pages/Taxpayer_Page/input_businessName'

2024-11-07 18:14:10 - [MESSAGE][PASSED] - Text ' ' is set on object 'Object Repository/RAD_Pages/Taxpayer_Page/input_businessName'

2024-11-07 18:14:10 - [TEST_STEP][PASSED] - setText(findTestObject(orPath_TaxPayer + "/input_BusinessRepfirstName"), " "): Text ' ' is set on object 'Object Repository/RAD_Pages/Taxpayer_Page/input_BusinessRepfirstName'

2024-11-07 18:14:11 - [MESSAGE][PASSED] - Text ' ' is set on object 'Object Repository/RAD_Pages/Taxpayer_Page/input_BusinessRepfirstName'

2024-11-07 18:14:11 - [TEST_STEP][PASSED] - setText(findTestObject(orPath_TaxPayer + "/input_BusinessReplastName"), " "): Text ' ' is set on object 'Object Repository/RAD_Pages/Taxpayer_Page/input_BusinessReplastName'

2024-11-07 18:14:11 - [MESSAGE][PASSED] - Text ' ' is set on object 'Object Repository/RAD_Pages/Taxpayer_Page/input_BusinessReplastName'

2024-11-07 18:14:11 - [TEST_STEP][PASSED] - setText(findTestObject(orPath_AddressContact + "/input_streetAddress1"), " "): Text ' ' is set on object 'Object Repository/RAD_Pages/AddressAndContactInfo_Page/input_streetAddress1'

2024-11-07 18:14:12 - [MESSAGE][PASSED] - Text ' ' is set on object 'Object Repository/RAD_Pages/AddressAndContactInfo_Page/input_streetAddress1'

2024-11-07 18:14:12 - [TEST_STEP][PASSED] - setText(findTestObject(orPath_AddressContact + "/input_city"), " "): Text ' ' is set on object 'Object Repository/RAD_Pages/AddressAndContactInfo_Page/input_city'

2024-11-07 18:14:13 - [MESSAGE][PASSED] - Text ' ' is set on object 'Object Repository/RAD_Pages/AddressAndContactInfo_Page/input_city'

2024-11-07 18:14:13 - [TEST_STEP][PASSED] - setText(findTestObject(orPath_AddressContact + "/input_zipCode"), " "): Text ' ' is set on object 'Object Repository/RAD_Pages/AddressAndContactInfo_Page/input_zipCode'

2024-11-07 18:14:14 - [MESSAGE][PASSED] - Text ' ' is set on object 'Object Repository/RAD_Pages/AddressAndContactInfo_Page/input_zipCode'

2024-11-07 18:14:14 - [TEST_STEP][PASSED] - setText(findTestObject(orPath_AddressContact + "/input_phoneNumber"), " "): Text ' ' is set on object 'Object Repository/RAD_Pages/AddressAndContactInfo_Page/input_phoneNumber'

2024-11-07 18:14:15 - [MESSAGE][PASSED] - Text ' ' is set on object 'Object Repository/RAD_Pages/AddressAndContactInfo_Page/input_phoneNumber'

2024-11-07 18:14:15 - [TEST_STEP][PASSED] - setText(findTestObject(orPath_AddressContact + "/input_eMailAddress"), " "): Text ' ' is set on object 'Object Repository/RAD_Pages/AddressAndContactInfo_Page/input_eMailAddress'

2024-11-07 18:14:15 - [MESSAGE][PASSED] - Text ' ' is set on object 'Object Repository/RAD_Pages/AddressAndContactInfo_Page/input_eMailAddress'

2024-11-07 18:14:15 - [TEST_STEP][PASSED] - setText(findTestObject(orPath_AddressContact + "/input_reEnterEMailAddress"), " "): Text ' ' is set on object 'Object Repository/RAD_Pages/AddressAndContactInfo_Page/input_reEnterEMailAddress'

2024-11-07 18:14:16 - [MESSAGE][PASSED] - Text ' ' is set on object 'Object Repository/RAD_Pages/AddressAndContactInfo_Page/input_reEnterEMailAddress'

2024-11-07 18:14:16 - [TEST_STEP][PASSED] - if (TaxType.equalsIgnoreCase("Estate Tax")): null

2024-11-07 18:14:16 - [TEST_STEP][PASSED] - setText(findTestObject(orPath_Amount + "/input__paymentAmount"), ""): Text '' is set on object 'Object Repository/RAD_Pages/PaymentAmount_Page/input__paymentAmount'

2024-11-07 18:14:17 - [MESSAGE][PASSED] - Text '' is set on object 'Object Repository/RAD_Pages/PaymentAmount_Page/input__paymentAmount'

2024-11-07 18:14:17 - [TEST_STEP][PASSED] - resText = "Fail": null

2024-11-07 18:14:17 - [TEST_STEP][PASSED] - pages.WriteExcel.demoKey(resText, datText, resColumn, datCloumn, fileLoc, nameSheet, row): pages.WriteExcel.demoKey is PASSED

2024-11-07 18:14:17 - [MESSAGE][PASSED] - pages.WriteExcel.demoKey is PASSED

2024-11-07 18:14:17 - [TEST_STEP][PASSED] - verifyTextPresent("Enter business name", true, CONTINUE_ON_FAILURE): Text 'Enter business name' is present on page  using regular expression

2024-11-07 18:14:18 - [MESSAGE][PASSED] - Text 'Enter business name' is present on page  using regular expression

2024-11-07 18:14:18 - [TEST_STEP][PASSED] - verifyTextPresent("Enter business rep first name", true, CONTINUE_ON_FAILURE): Text 'Enter business rep first name' is present on page  using regular expression

2024-11-07 18:14:18 - [MESSAGE][PASSED] - Text 'Enter business rep first name' is present on page  using regular expression

2024-11-07 18:14:18 - [TEST_STEP][PASSED] - verifyTextPresent("Enter business rep last name", true, CONTINUE_ON_FAILURE): Text 'Enter business rep last name' is present on page  using regular expression

2024-11-07 18:14:18 - [MESSAGE][PASSED] - Text 'Enter business rep last name' is present on page  using regular expression

2024-11-07 18:14:18 - [TEST_STEP][PASSED] - verifyTextPresent("Enter address", true, CONTINUE_ON_FAILURE): Text 'Enter address' is present on page  using regular expression

2024-11-07 18:14:19 - [MESSAGE][PASSED] - Text 'Enter address' is present on page  using regular expression

2024-11-07 18:14:19 - [TEST_STEP][PASSED] - verifyTextPresent("Enter city", true, CONTINUE_ON_FAILURE): Text 'Enter city' is present on page  using regular expression

2024-11-07 18:14:19 - [MESSAGE][PASSED] - Text 'Enter city' is present on page  using regular expression

2024-11-07 18:14:19 - [TEST_STEP][PASSED] - verifyTextPresent("Enter ZIP code", true, CONTINUE_ON_FAILURE): Text 'Enter ZIP code' is present on page  using regular expression

2024-11-07 18:14:19 - [MESSAGE][PASSED] - Text 'Enter ZIP code' is present on page  using regular expression

2024-11-07 18:14:19 - [TEST_STEP][PASSED] - verifyTextPresent("Enter a valid phone number", true, CONTINUE_ON_FAILURE): Text 'Enter a valid phone number' is present on page  using regular expression

2024-11-07 18:14:20 - [MESSAGE][PASSED] - Text 'Enter a valid phone number' is present on page  using regular expression

2024-11-07 18:14:20 - [TEST_STEP][PASSED] - verifyTextPresent("Enter Email", true, CONTINUE_ON_FAILURE): Text 'Enter Email' is present on page  using regular expression

2024-11-07 18:14:20 - [MESSAGE][PASSED] - Text 'Enter Email' is present on page  using regular expression

2024-11-07 18:14:20 - [TEST_STEP][PASSED] - if (CRN.equalsIgnoreCase("Y")): null

2024-11-07 18:14:20 - [TEST_STEP][PASSED] - if (MFLicNum.equalsIgnoreCase("Y")): null

2024-11-07 18:14:20 - [TEST_STEP][PASSED] - resText = "Pass": null

2024-11-07 18:14:20 - [TEST_STEP][PASSED] - pages.WriteExcel.demoKey(resText, datText, resColumn, datCloumn, fileLoc, nameSheet, row): pages.WriteExcel.demoKey is PASSED

2024-11-07 18:14:20 - [MESSAGE][PASSED] - pages.WriteExcel.demoKey is PASSED

2024-11-07 18:14:20 - [TEST_STEP][PASSED] - ExecuteTC = findTestData(dataFile).getValue("Execute", row): null

2024-11-07 18:14:20 - [TEST_STEP][PASSED] - TaxType = findTestData(dataFile).getValue("TaxType", row): null

2024-11-07 18:14:20 - [TEST_STEP][PASSED] - PaymentType = findTestData(dataFile).getValue("PaymentType", row): null

2024-11-07 18:14:20 - [TEST_STEP][PASSED] - FilingYear = findTestData(dataFile).getValue("Year", row): null

2024-11-07 18:14:20 - [TEST_STEP][PASSED] - feinSSN = findTestData(dataFile).getValue("FeinSsn", row): null

2024-11-07 18:14:20 - [TEST_STEP][PASSED] - CRN = findTestData(dataFile).getValue("CRN", row): null

2024-11-07 18:14:21 - [TEST_STEP][PASSED] - MFLicNum = findTestData(dataFile).getValue("MFLicNum", row): null

2024-11-07 18:14:21 - [TEST_STEP][PASSED] - if (ExecuteTC.equalsIgnoreCase("Y")): pages.WriteExcel.demoKey is PASSED

2024-11-07 18:14:21 - [TEST_STEP][PASSED] - out.println("Begin Record Number: " + row): null

2024-11-07 18:14:21 - [TEST_STEP][PASSED] - today = new java.util.Date(): null

2024-11-07 18:14:21 - [TEST_STEP][PASSED] - println(today): null

2024-11-07 18:14:21 - [TEST_STEP][PASSED] - datText = today: null

2024-11-07 18:14:21 - [TEST_STEP][PASSED] - logInfo("Payment Type: New Tax Return Amount Due"): Payment Type: New Tax Return Amount Due

2024-11-07 18:14:21 - [MESSAGE][INFO] - Payment Type: New Tax Return Amount Due

2024-11-07 18:14:21 - [TEST_STEP][PASSED] - logInfo("Tax Type: " + TaxType): Tax Type: Fiduciary Tax

2024-11-07 18:14:21 - [MESSAGE][INFO] - Tax Type: Fiduciary Tax

2024-11-07 18:14:21 - [TEST_STEP][PASSED] - openBrowser(""): Browser is opened with url: ''

2024-11-07 18:14:21 - [MESSAGE][WARNING] - A browser is already opened. Closing browser and opening a new one

2024-11-07 18:14:28 - [MESSAGE][INFO] - Starting 'Chrome' driver

2024-11-07 18:14:28 - [MESSAGE][INFO] - User set preference: ['acceptInsecureCerts', 'true']

2024-11-07 18:14:28 - [MESSAGE][INFO] - Action delay is set to 0 milliseconds

2024-11-07 18:14:29 - [MESSAGE][PASSED] - Browser is opened with url: ''

2024-11-07 18:14:29 - [TEST_STEP][PASSED] - maximizeWindow(): Current window maximized

2024-11-07 18:14:30 - [MESSAGE][PASSED] - Current window maximized

2024-11-07 18:14:30 - [TEST_STEP][PASSED] - navigateToUrl(RADurl): Navigate to 'https://www.velocitypayment.com/client/rad/index.html' successfully

2024-11-07 18:14:30 - [MESSAGE][PASSED] - Navigate to 'https://www.velocitypayment.com/client/rad/index.html' successfully

2024-11-07 18:14:30 - [TEST_STEP][PASSED] - selectOptionByLabel(findTestObject(orPath_Landing + "/dd_TaxType"), "New Tax Return Amount Due", false): All options with label 'New Tax Return Amount Due' are selected in object 'Object Repository/RAD_Pages/Landing_Page/dd_TaxType' 

2024-11-07 18:14:32 - [MESSAGE][PASSED] - All options with label 'New Tax Return Amount Due' are selected in object 'Object Repository/RAD_Pages/Landing_Page/dd_TaxType' 

2024-11-07 18:14:32 - [TEST_STEP][PASSED] - selectOptionByLabel(findTestObject("Object Repository/RAD_Pages/Landing_Page/select_NewTaxReturnAmountDue_TaxType"), TaxType, false): All options with label 'Fiduciary Tax' are selected in object 'Object Repository/RAD_Pages/Landing_Page/select_NewTaxReturnAmountDue_TaxType' 

2024-11-07 18:14:33 - [MESSAGE][PASSED] - All options with label 'Fiduciary Tax' are selected in object 'Object Repository/RAD_Pages/Landing_Page/select_NewTaxReturnAmountDue_TaxType' 

2024-11-07 18:14:33 - [TEST_STEP][PASSED] - selectOptionByLabel(findTestObject(orPath_TaxTypeFilingYear + "/select_FilingYear"), FilingYear, false): All options with label '2022' are selected in object 'Object Repository/RAD_Pages/TaxTypeFilingYear_Page/select_FilingYear' 

2024-11-07 18:14:34 - [MESSAGE][PASSED] - All options with label '2022' are selected in object 'Object Repository/RAD_Pages/TaxTypeFilingYear_Page/select_FilingYear' 

2024-11-07 18:14:34 - [TEST_STEP][PASSED] - setText(findTestObject(orPath_TaxPayer + "/input_businessName"), " "): Text ' ' is set on object 'Object Repository/RAD_Pages/Taxpayer_Page/input_businessName'

2024-11-07 18:14:35 - [MESSAGE][PASSED] - Text ' ' is set on object 'Object Repository/RAD_Pages/Taxpayer_Page/input_businessName'

2024-11-07 18:14:35 - [TEST_STEP][PASSED] - setText(findTestObject(orPath_TaxPayer + "/input_BusinessRepfirstName"), " "): Text ' ' is set on object 'Object Repository/RAD_Pages/Taxpayer_Page/input_BusinessRepfirstName'

2024-11-07 18:14:35 - [MESSAGE][PASSED] - Text ' ' is set on object 'Object Repository/RAD_Pages/Taxpayer_Page/input_BusinessRepfirstName'

2024-11-07 18:14:35 - [TEST_STEP][PASSED] - setText(findTestObject(orPath_TaxPayer + "/input_BusinessReplastName"), " "): Text ' ' is set on object 'Object Repository/RAD_Pages/Taxpayer_Page/input_BusinessReplastName'

2024-11-07 18:14:36 - [MESSAGE][PASSED] - Text ' ' is set on object 'Object Repository/RAD_Pages/Taxpayer_Page/input_BusinessReplastName'

2024-11-07 18:14:36 - [TEST_STEP][PASSED] - setText(findTestObject(orPath_AddressContact + "/input_streetAddress1"), " "): Text ' ' is set on object 'Object Repository/RAD_Pages/AddressAndContactInfo_Page/input_streetAddress1'

2024-11-07 18:14:37 - [MESSAGE][PASSED] - Text ' ' is set on object 'Object Repository/RAD_Pages/AddressAndContactInfo_Page/input_streetAddress1'

2024-11-07 18:14:37 - [TEST_STEP][PASSED] - setText(findTestObject(orPath_AddressContact + "/input_city"), " "): Text ' ' is set on object 'Object Repository/RAD_Pages/AddressAndContactInfo_Page/input_city'

2024-11-07 18:14:37 - [MESSAGE][PASSED] - Text ' ' is set on object 'Object Repository/RAD_Pages/AddressAndContactInfo_Page/input_city'

2024-11-07 18:14:37 - [TEST_STEP][PASSED] - setText(findTestObject(orPath_AddressContact + "/input_zipCode"), " "): Text ' ' is set on object 'Object Repository/RAD_Pages/AddressAndContactInfo_Page/input_zipCode'

2024-11-07 18:14:38 - [MESSAGE][PASSED] - Text ' ' is set on object 'Object Repository/RAD_Pages/AddressAndContactInfo_Page/input_zipCode'

2024-11-07 18:14:38 - [TEST_STEP][PASSED] - setText(findTestObject(orPath_AddressContact + "/input_phoneNumber"), " "): Text ' ' is set on object 'Object Repository/RAD_Pages/AddressAndContactInfo_Page/input_phoneNumber'

2024-11-07 18:14:39 - [MESSAGE][PASSED] - Text ' ' is set on object 'Object Repository/RAD_Pages/AddressAndContactInfo_Page/input_phoneNumber'

2024-11-07 18:14:39 - [TEST_STEP][PASSED] - setText(findTestObject(orPath_AddressContact + "/input_eMailAddress"), " "): Text ' ' is set on object 'Object Repository/RAD_Pages/AddressAndContactInfo_Page/input_eMailAddress'

2024-11-07 18:14:40 - [MESSAGE][PASSED] - Text ' ' is set on object 'Object Repository/RAD_Pages/AddressAndContactInfo_Page/input_eMailAddress'

2024-11-07 18:14:40 - [TEST_STEP][PASSED] - setText(findTestObject(orPath_AddressContact + "/input_reEnterEMailAddress"), " "): Text ' ' is set on object 'Object Repository/RAD_Pages/AddressAndContactInfo_Page/input_reEnterEMailAddress'

2024-11-07 18:14:41 - [MESSAGE][PASSED] - Text ' ' is set on object 'Object Repository/RAD_Pages/AddressAndContactInfo_Page/input_reEnterEMailAddress'

2024-11-07 18:14:41 - [TEST_STEP][PASSED] - if (TaxType.equalsIgnoreCase("Estate Tax")): null

2024-11-07 18:14:41 - [TEST_STEP][PASSED] - setText(findTestObject(orPath_Amount + "/input__paymentAmount"), ""): Text '' is set on object 'Object Repository/RAD_Pages/PaymentAmount_Page/input__paymentAmount'

2024-11-07 18:14:43 - [MESSAGE][PASSED] - Text '' is set on object 'Object Repository/RAD_Pages/PaymentAmount_Page/input__paymentAmount'

2024-11-07 18:14:43 - [TEST_STEP][PASSED] - resText = "Fail": null

2024-11-07 18:14:43 - [TEST_STEP][PASSED] - pages.WriteExcel.demoKey(resText, datText, resColumn, datCloumn, fileLoc, nameSheet, row): pages.WriteExcel.demoKey is PASSED

2024-11-07 18:14:43 - [MESSAGE][PASSED] - pages.WriteExcel.demoKey is PASSED

2024-11-07 18:14:43 - [TEST_STEP][PASSED] - verifyTextPresent("Enter business name", true, CONTINUE_ON_FAILURE): Text 'Enter business name' is present on page  using regular expression

2024-11-07 18:14:43 - [MESSAGE][PASSED] - Text 'Enter business name' is present on page  using regular expression

2024-11-07 18:14:43 - [TEST_STEP][PASSED] - verifyTextPresent("Enter business rep first name", true, CONTINUE_ON_FAILURE): Text 'Enter business rep first name' is present on page  using regular expression

2024-11-07 18:14:43 - [MESSAGE][PASSED] - Text 'Enter business rep first name' is present on page  using regular expression

2024-11-07 18:14:43 - [TEST_STEP][PASSED] - verifyTextPresent("Enter business rep last name", true, CONTINUE_ON_FAILURE): Text 'Enter business rep last name' is present on page  using regular expression

2024-11-07 18:14:44 - [MESSAGE][PASSED] - Text 'Enter business rep last name' is present on page  using regular expression

2024-11-07 18:14:44 - [TEST_STEP][PASSED] - verifyTextPresent("Enter address", true, CONTINUE_ON_FAILURE): Text 'Enter address' is present on page  using regular expression

2024-11-07 18:14:44 - [MESSAGE][PASSED] - Text 'Enter address' is present on page  using regular expression

2024-11-07 18:14:44 - [TEST_STEP][PASSED] - verifyTextPresent("Enter city", true, CONTINUE_ON_FAILURE): Text 'Enter city' is present on page  using regular expression

2024-11-07 18:14:45 - [MESSAGE][PASSED] - Text 'Enter city' is present on page  using regular expression

2024-11-07 18:14:45 - [TEST_STEP][PASSED] - verifyTextPresent("Enter ZIP code", true, CONTINUE_ON_FAILURE): Text 'Enter ZIP code' is present on page  using regular expression

2024-11-07 18:14:45 - [MESSAGE][PASSED] - Text 'Enter ZIP code' is present on page  using regular expression

2024-11-07 18:14:45 - [TEST_STEP][PASSED] - verifyTextPresent("Enter a valid phone number", true, CONTINUE_ON_FAILURE): Text 'Enter a valid phone number' is present on page  using regular expression

2024-11-07 18:14:45 - [MESSAGE][PASSED] - Text 'Enter a valid phone number' is present on page  using regular expression

2024-11-07 18:14:45 - [TEST_STEP][PASSED] - verifyTextPresent("Enter Email", true, CONTINUE_ON_FAILURE): Text 'Enter Email' is present on page  using regular expression

2024-11-07 18:14:46 - [MESSAGE][PASSED] - Text 'Enter Email' is present on page  using regular expression

2024-11-07 18:14:46 - [TEST_STEP][PASSED] - if (CRN.equalsIgnoreCase("Y")): null

2024-11-07 18:14:46 - [TEST_STEP][PASSED] - if (MFLicNum.equalsIgnoreCase("Y")): null

2024-11-07 18:14:46 - [TEST_STEP][PASSED] - resText = "Pass": null

2024-11-07 18:14:46 - [TEST_STEP][PASSED] - pages.WriteExcel.demoKey(resText, datText, resColumn, datCloumn, fileLoc, nameSheet, row): pages.WriteExcel.demoKey is PASSED

2024-11-07 18:14:46 - [MESSAGE][PASSED] - pages.WriteExcel.demoKey is PASSED

2024-11-07 18:14:46 - [TEST_STEP][PASSED] - ExecuteTC = findTestData(dataFile).getValue("Execute", row): null

2024-11-07 18:14:46 - [TEST_STEP][PASSED] - TaxType = findTestData(dataFile).getValue("TaxType", row): null

2024-11-07 18:14:46 - [TEST_STEP][PASSED] - PaymentType = findTestData(dataFile).getValue("PaymentType", row): null

2024-11-07 18:14:46 - [TEST_STEP][PASSED] - FilingYear = findTestData(dataFile).getValue("Year", row): null

2024-11-07 18:14:46 - [TEST_STEP][PASSED] - feinSSN = findTestData(dataFile).getValue("FeinSsn", row): null

2024-11-07 18:14:46 - [TEST_STEP][PASSED] - CRN = findTestData(dataFile).getValue("CRN", row): null

2024-11-07 18:14:46 - [TEST_STEP][PASSED] - MFLicNum = findTestData(dataFile).getValue("MFLicNum", row): null

2024-11-07 18:14:46 - [TEST_STEP][PASSED] - if (ExecuteTC.equalsIgnoreCase("Y")): pages.WriteExcel.demoKey is PASSED

2024-11-07 18:14:46 - [TEST_STEP][PASSED] - out.println("Begin Record Number: " + row): null

2024-11-07 18:14:46 - [TEST_STEP][PASSED] - today = new java.util.Date(): null

2024-11-07 18:14:46 - [TEST_STEP][PASSED] - println(today): null

2024-11-07 18:14:46 - [TEST_STEP][PASSED] - datText = today: null

2024-11-07 18:14:46 - [TEST_STEP][PASSED] - logInfo("Payment Type: New Tax Return Amount Due"): Payment Type: New Tax Return Amount Due

2024-11-07 18:14:46 - [MESSAGE][INFO] - Payment Type: New Tax Return Amount Due

2024-11-07 18:14:46 - [TEST_STEP][PASSED] - logInfo("Tax Type: " + TaxType): Tax Type: PTE Non-Electing Non-S Corp

2024-11-07 18:14:46 - [MESSAGE][INFO] - Tax Type: PTE Non-Electing Non-S Corp

2024-11-07 18:14:46 - [TEST_STEP][PASSED] - openBrowser(""): Browser is opened with url: ''

2024-11-07 18:14:46 - [MESSAGE][WARNING] - A browser is already opened. Closing browser and opening a new one

2024-11-07 18:14:48 - [MESSAGE][INFO] - Starting 'Chrome' driver

2024-11-07 18:14:48 - [MESSAGE][INFO] - User set preference: ['acceptInsecureCerts', 'true']

2024-11-07 18:14:48 - [MESSAGE][INFO] - Action delay is set to 0 milliseconds

2024-11-07 18:14:50 - [MESSAGE][PASSED] - Browser is opened with url: ''

2024-11-07 18:14:50 - [TEST_STEP][PASSED] - maximizeWindow(): Current window maximized

2024-11-07 18:14:50 - [MESSAGE][PASSED] - Current window maximized

2024-11-07 18:14:50 - [TEST_STEP][PASSED] - navigateToUrl(RADurl): Navigate to 'https://www.velocitypayment.com/client/rad/index.html' successfully

2024-11-07 18:14:52 - [MESSAGE][PASSED] - Navigate to 'https://www.velocitypayment.com/client/rad/index.html' successfully

2024-11-07 18:14:52 - [TEST_STEP][PASSED] - selectOptionByLabel(findTestObject(orPath_Landing + "/dd_TaxType"), "New Tax Return Amount Due", false): All options with label 'New Tax Return Amount Due' are selected in object 'Object Repository/RAD_Pages/Landing_Page/dd_TaxType' 

2024-11-07 18:14:53 - [MESSAGE][PASSED] - All options with label 'New Tax Return Amount Due' are selected in object 'Object Repository/RAD_Pages/Landing_Page/dd_TaxType' 

2024-11-07 18:14:53 - [TEST_STEP][PASSED] - selectOptionByLabel(findTestObject("Object Repository/RAD_Pages/Landing_Page/select_NewTaxReturnAmountDue_TaxType"), TaxType, false): All options with label 'PTE Non-Electing Non-S Corp' are selected in object 'Object Repository/RAD_Pages/Landing_Page/select_NewTaxReturnAmountDue_TaxType' 

2024-11-07 18:14:54 - [MESSAGE][PASSED] - All options with label 'PTE Non-Electing Non-S Corp' are selected in object 'Object Repository/RAD_Pages/Landing_Page/select_NewTaxReturnAmountDue_TaxType' 

2024-11-07 18:14:54 - [TEST_STEP][PASSED] - selectOptionByLabel(findTestObject(orPath_TaxTypeFilingYear + "/select_FilingYear"), FilingYear, false): All options with label '2022' are selected in object 'Object Repository/RAD_Pages/TaxTypeFilingYear_Page/select_FilingYear' 

2024-11-07 18:14:55 - [MESSAGE][PASSED] - All options with label '2022' are selected in object 'Object Repository/RAD_Pages/TaxTypeFilingYear_Page/select_FilingYear' 

2024-11-07 18:14:55 - [TEST_STEP][PASSED] - setText(findTestObject(orPath_TaxPayer + "/input_businessName"), " "): Text ' ' is set on object 'Object Repository/RAD_Pages/Taxpayer_Page/input_businessName'

2024-11-07 18:14:56 - [MESSAGE][PASSED] - Text ' ' is set on object 'Object Repository/RAD_Pages/Taxpayer_Page/input_businessName'

2024-11-07 18:14:56 - [TEST_STEP][PASSED] - setText(findTestObject(orPath_TaxPayer + "/input_BusinessRepfirstName"), " "): Text ' ' is set on object 'Object Repository/RAD_Pages/Taxpayer_Page/input_BusinessRepfirstName'

2024-11-07 18:14:56 - [MESSAGE][PASSED] - Text ' ' is set on object 'Object Repository/RAD_Pages/Taxpayer_Page/input_BusinessRepfirstName'

2024-11-07 18:14:56 - [TEST_STEP][PASSED] - setText(findTestObject(orPath_TaxPayer + "/input_BusinessReplastName"), " "): Text ' ' is set on object 'Object Repository/RAD_Pages/Taxpayer_Page/input_BusinessReplastName'

2024-11-07 18:14:57 - [MESSAGE][PASSED] - Text ' ' is set on object 'Object Repository/RAD_Pages/Taxpayer_Page/input_BusinessReplastName'

2024-11-07 18:14:57 - [TEST_STEP][PASSED] - setText(findTestObject(orPath_AddressContact + "/input_streetAddress1"), " "): Text ' ' is set on object 'Object Repository/RAD_Pages/AddressAndContactInfo_Page/input_streetAddress1'

2024-11-07 18:14:58 - [MESSAGE][PASSED] - Text ' ' is set on object 'Object Repository/RAD_Pages/AddressAndContactInfo_Page/input_streetAddress1'

2024-11-07 18:14:58 - [TEST_STEP][PASSED] - setText(findTestObject(orPath_AddressContact + "/input_city"), " "): Text ' ' is set on object 'Object Repository/RAD_Pages/AddressAndContactInfo_Page/input_city'

2024-11-07 18:14:59 - [MESSAGE][PASSED] - Text ' ' is set on object 'Object Repository/RAD_Pages/AddressAndContactInfo_Page/input_city'

2024-11-07 18:14:59 - [TEST_STEP][PASSED] - setText(findTestObject(orPath_AddressContact + "/input_zipCode"), " "): Text ' ' is set on object 'Object Repository/RAD_Pages/AddressAndContactInfo_Page/input_zipCode'

2024-11-07 18:14:59 - [MESSAGE][PASSED] - Text ' ' is set on object 'Object Repository/RAD_Pages/AddressAndContactInfo_Page/input_zipCode'

2024-11-07 18:14:59 - [TEST_STEP][PASSED] - setText(findTestObject(orPath_AddressContact + "/input_phoneNumber"), " "): Text ' ' is set on object 'Object Repository/RAD_Pages/AddressAndContactInfo_Page/input_phoneNumber'

2024-11-07 18:15:00 - [MESSAGE][PASSED] - Text ' ' is set on object 'Object Repository/RAD_Pages/AddressAndContactInfo_Page/input_phoneNumber'

2024-11-07 18:15:00 - [TEST_STEP][PASSED] - setText(findTestObject(orPath_AddressContact + "/input_eMailAddress"), " "): Text ' ' is set on object 'Object Repository/RAD_Pages/AddressAndContactInfo_Page/input_eMailAddress'

2024-11-07 18:15:01 - [MESSAGE][PASSED] - Text ' ' is set on object 'Object Repository/RAD_Pages/AddressAndContactInfo_Page/input_eMailAddress'

2024-11-07 18:15:01 - [TEST_STEP][PASSED] - setText(findTestObject(orPath_AddressContact + "/input_reEnterEMailAddress"), " "): Text ' ' is set on object 'Object Repository/RAD_Pages/AddressAndContactInfo_Page/input_reEnterEMailAddress'

2024-11-07 18:15:02 - [MESSAGE][PASSED] - Text ' ' is set on object 'Object Repository/RAD_Pages/AddressAndContactInfo_Page/input_reEnterEMailAddress'

2024-11-07 18:15:02 - [TEST_STEP][PASSED] - if (TaxType.equalsIgnoreCase("Estate Tax")): null

2024-11-07 18:15:02 - [TEST_STEP][PASSED] - setText(findTestObject(orPath_Amount + "/input__paymentAmount"), ""): Text '' is set on object 'Object Repository/RAD_Pages/PaymentAmount_Page/input__paymentAmount'

2024-11-07 18:15:03 - [MESSAGE][PASSED] - Text '' is set on object 'Object Repository/RAD_Pages/PaymentAmount_Page/input__paymentAmount'

2024-11-07 18:15:03 - [TEST_STEP][PASSED] - resText = "Fail": null

2024-11-07 18:15:03 - [TEST_STEP][PASSED] - pages.WriteExcel.demoKey(resText, datText, resColumn, datCloumn, fileLoc, nameSheet, row): pages.WriteExcel.demoKey is PASSED

2024-11-07 18:15:03 - [MESSAGE][PASSED] - pages.WriteExcel.demoKey is PASSED

2024-11-07 18:15:03 - [TEST_STEP][PASSED] - verifyTextPresent("Enter business name", true, CONTINUE_ON_FAILURE): Text 'Enter business name' is present on page  using regular expression

2024-11-07 18:15:03 - [MESSAGE][PASSED] - Text 'Enter business name' is present on page  using regular expression

2024-11-07 18:15:03 - [TEST_STEP][PASSED] - verifyTextPresent("Enter business rep first name", true, CONTINUE_ON_FAILURE): Text 'Enter business rep first name' is present on page  using regular expression

2024-11-07 18:15:04 - [MESSAGE][PASSED] - Text 'Enter business rep first name' is present on page  using regular expression

2024-11-07 18:15:04 - [TEST_STEP][PASSED] - verifyTextPresent("Enter business rep last name", true, CONTINUE_ON_FAILURE): Text 'Enter business rep last name' is present on page  using regular expression

2024-11-07 18:15:04 - [MESSAGE][PASSED] - Text 'Enter business rep last name' is present on page  using regular expression

2024-11-07 18:15:04 - [TEST_STEP][PASSED] - verifyTextPresent("Enter address", true, CONTINUE_ON_FAILURE): Text 'Enter address' is present on page  using regular expression

2024-11-07 18:15:04 - [MESSAGE][PASSED] - Text 'Enter address' is present on page  using regular expression

2024-11-07 18:15:04 - [TEST_STEP][PASSED] - verifyTextPresent("Enter city", true, CONTINUE_ON_FAILURE): Text 'Enter city' is present on page  using regular expression

2024-11-07 18:15:05 - [MESSAGE][PASSED] - Text 'Enter city' is present on page  using regular expression

2024-11-07 18:15:05 - [TEST_STEP][PASSED] - verifyTextPresent("Enter ZIP code", true, CONTINUE_ON_FAILURE): Text 'Enter ZIP code' is present on page  using regular expression

2024-11-07 18:15:05 - [MESSAGE][PASSED] - Text 'Enter ZIP code' is present on page  using regular expression

2024-11-07 18:15:05 - [TEST_STEP][PASSED] - verifyTextPresent("Enter a valid phone number", true, CONTINUE_ON_FAILURE): Text 'Enter a valid phone number' is present on page  using regular expression

2024-11-07 18:15:05 - [MESSAGE][PASSED] - Text 'Enter a valid phone number' is present on page  using regular expression

2024-11-07 18:15:05 - [TEST_STEP][PASSED] - verifyTextPresent("Enter Email", true, CONTINUE_ON_FAILURE): Text 'Enter Email' is present on page  using regular expression

2024-11-07 18:15:06 - [MESSAGE][PASSED] - Text 'Enter Email' is present on page  using regular expression

2024-11-07 18:15:06 - [TEST_STEP][PASSED] - if (CRN.equalsIgnoreCase("Y")): null

2024-11-07 18:15:06 - [TEST_STEP][PASSED] - if (MFLicNum.equalsIgnoreCase("Y")): null

2024-11-07 18:15:06 - [TEST_STEP][PASSED] - resText = "Pass": null

2024-11-07 18:15:06 - [TEST_STEP][PASSED] - pages.WriteExcel.demoKey(resText, datText, resColumn, datCloumn, fileLoc, nameSheet, row): pages.WriteExcel.demoKey is PASSED

2024-11-07 18:15:06 - [MESSAGE][PASSED] - pages.WriteExcel.demoKey is PASSED

2024-11-07 18:15:06 - [TEST_STEP][PASSED] - ExecuteTC = findTestData(dataFile).getValue("Execute", row): null

2024-11-07 18:15:06 - [TEST_STEP][PASSED] - TaxType = findTestData(dataFile).getValue("TaxType", row): null

2024-11-07 18:15:06 - [TEST_STEP][PASSED] - PaymentType = findTestData(dataFile).getValue("PaymentType", row): null

2024-11-07 18:15:06 - [TEST_STEP][PASSED] - FilingYear = findTestData(dataFile).getValue("Year", row): null

2024-11-07 18:15:06 - [TEST_STEP][PASSED] - feinSSN = findTestData(dataFile).getValue("FeinSsn", row): null

2024-11-07 18:15:06 - [TEST_STEP][PASSED] - CRN = findTestData(dataFile).getValue("CRN", row): null

2024-11-07 18:15:06 - [TEST_STEP][PASSED] - MFLicNum = findTestData(dataFile).getValue("MFLicNum", row): null

2024-11-07 18:15:06 - [TEST_STEP][PASSED] - if (ExecuteTC.equalsIgnoreCase("Y")): pages.WriteExcel.demoKey is PASSED

2024-11-07 18:15:06 - [TEST_STEP][PASSED] - out.println("Begin Record Number: " + row): null

2024-11-07 18:15:06 - [TEST_STEP][PASSED] - today = new java.util.Date(): null

2024-11-07 18:15:06 - [TEST_STEP][PASSED] - println(today): null

2024-11-07 18:15:06 - [TEST_STEP][PASSED] - datText = today: null

2024-11-07 18:15:06 - [TEST_STEP][PASSED] - logInfo("Payment Type: New Tax Return Amount Due"): Payment Type: New Tax Return Amount Due

2024-11-07 18:15:06 - [MESSAGE][INFO] - Payment Type: New Tax Return Amount Due

2024-11-07 18:15:06 - [TEST_STEP][PASSED] - logInfo("Tax Type: " + TaxType): Tax Type: PTE Non-Electing S Corp

2024-11-07 18:15:06 - [MESSAGE][INFO] - Tax Type: PTE Non-Electing S Corp

2024-11-07 18:15:06 - [TEST_STEP][PASSED] - openBrowser(""): Browser is opened with url: ''

2024-11-07 18:15:06 - [MESSAGE][WARNING] - A browser is already opened. Closing browser and opening a new one

2024-11-07 18:15:09 - [MESSAGE][INFO] - Starting 'Chrome' driver

2024-11-07 18:15:09 - [MESSAGE][INFO] - User set preference: ['acceptInsecureCerts', 'true']

2024-11-07 18:15:09 - [MESSAGE][INFO] - Action delay is set to 0 milliseconds

2024-11-07 18:15:11 - [MESSAGE][PASSED] - Browser is opened with url: ''

2024-11-07 18:15:11 - [TEST_STEP][PASSED] - maximizeWindow(): Current window maximized

2024-11-07 18:15:11 - [MESSAGE][PASSED] - Current window maximized

2024-11-07 18:15:11 - [TEST_STEP][PASSED] - navigateToUrl(RADurl): Navigate to 'https://www.velocitypayment.com/client/rad/index.html' successfully

2024-11-07 18:15:12 - [MESSAGE][PASSED] - Navigate to 'https://www.velocitypayment.com/client/rad/index.html' successfully

2024-11-07 18:15:12 - [TEST_STEP][PASSED] - selectOptionByLabel(findTestObject(orPath_Landing + "/dd_TaxType"), "New Tax Return Amount Due", false): All options with label 'New Tax Return Amount Due' are selected in object 'Object Repository/RAD_Pages/Landing_Page/dd_TaxType' 

2024-11-07 18:15:15 - [MESSAGE][PASSED] - All options with label 'New Tax Return Amount Due' are selected in object 'Object Repository/RAD_Pages/Landing_Page/dd_TaxType' 

2024-11-07 18:15:15 - [TEST_STEP][PASSED] - selectOptionByLabel(findTestObject("Object Repository/RAD_Pages/Landing_Page/select_NewTaxReturnAmountDue_TaxType"), TaxType, false): All options with label 'PTE Non-Electing S Corp' are selected in object 'Object Repository/RAD_Pages/Landing_Page/select_NewTaxReturnAmountDue_TaxType' 

2024-11-07 18:15:16 - [MESSAGE][PASSED] - All options with label 'PTE Non-Electing S Corp' are selected in object 'Object Repository/RAD_Pages/Landing_Page/select_NewTaxReturnAmountDue_TaxType' 

2024-11-07 18:15:16 - [TEST_STEP][PASSED] - selectOptionByLabel(findTestObject(orPath_TaxTypeFilingYear + "/select_FilingYear"), FilingYear, false): All options with label '2022' are selected in object 'Object Repository/RAD_Pages/TaxTypeFilingYear_Page/select_FilingYear' 

2024-11-07 18:15:16 - [MESSAGE][PASSED] - All options with label '2022' are selected in object 'Object Repository/RAD_Pages/TaxTypeFilingYear_Page/select_FilingYear' 

2024-11-07 18:15:16 - [TEST_STEP][PASSED] - setText(findTestObject(orPath_TaxPayer + "/input_businessName"), " "): Text ' ' is set on object 'Object Repository/RAD_Pages/Taxpayer_Page/input_businessName'

2024-11-07 18:15:17 - [MESSAGE][PASSED] - Text ' ' is set on object 'Object Repository/RAD_Pages/Taxpayer_Page/input_businessName'

2024-11-07 18:15:17 - [TEST_STEP][PASSED] - setText(findTestObject(orPath_TaxPayer + "/input_BusinessRepfirstName"), " "): Text ' ' is set on object 'Object Repository/RAD_Pages/Taxpayer_Page/input_BusinessRepfirstName'

2024-11-07 18:15:18 - [MESSAGE][PASSED] - Text ' ' is set on object 'Object Repository/RAD_Pages/Taxpayer_Page/input_BusinessRepfirstName'

2024-11-07 18:15:18 - [TEST_STEP][PASSED] - setText(findTestObject(orPath_TaxPayer + "/input_BusinessReplastName"), " "): Text ' ' is set on object 'Object Repository/RAD_Pages/Taxpayer_Page/input_BusinessReplastName'

2024-11-07 18:15:19 - [MESSAGE][PASSED] - Text ' ' is set on object 'Object Repository/RAD_Pages/Taxpayer_Page/input_BusinessReplastName'

2024-11-07 18:15:19 - [TEST_STEP][PASSED] - setText(findTestObject(orPath_AddressContact + "/input_streetAddress1"), " "): Text ' ' is set on object 'Object Repository/RAD_Pages/AddressAndContactInfo_Page/input_streetAddress1'

2024-11-07 18:15:20 - [MESSAGE][PASSED] - Text ' ' is set on object 'Object Repository/RAD_Pages/AddressAndContactInfo_Page/input_streetAddress1'

2024-11-07 18:15:20 - [TEST_STEP][PASSED] - setText(findTestObject(orPath_AddressContact + "/input_city"), " "): Text ' ' is set on object 'Object Repository/RAD_Pages/AddressAndContactInfo_Page/input_city'

2024-11-07 18:15:20 - [MESSAGE][PASSED] - Text ' ' is set on object 'Object Repository/RAD_Pages/AddressAndContactInfo_Page/input_city'

2024-11-07 18:15:20 - [TEST_STEP][PASSED] - setText(findTestObject(orPath_AddressContact + "/input_zipCode"), " "): Text ' ' is set on object 'Object Repository/RAD_Pages/AddressAndContactInfo_Page/input_zipCode'

2024-11-07 18:15:21 - [MESSAGE][PASSED] - Text ' ' is set on object 'Object Repository/RAD_Pages/AddressAndContactInfo_Page/input_zipCode'

2024-11-07 18:15:21 - [TEST_STEP][PASSED] - setText(findTestObject(orPath_AddressContact + "/input_phoneNumber"), " "): Text ' ' is set on object 'Object Repository/RAD_Pages/AddressAndContactInfo_Page/input_phoneNumber'

2024-11-07 18:15:22 - [MESSAGE][PASSED] - Text ' ' is set on object 'Object Repository/RAD_Pages/AddressAndContactInfo_Page/input_phoneNumber'

2024-11-07 18:15:22 - [TEST_STEP][PASSED] - setText(findTestObject(orPath_AddressContact + "/input_eMailAddress"), " "): Text ' ' is set on object 'Object Repository/RAD_Pages/AddressAndContactInfo_Page/input_eMailAddress'

2024-11-07 18:15:23 - [MESSAGE][PASSED] - Text ' ' is set on object 'Object Repository/RAD_Pages/AddressAndContactInfo_Page/input_eMailAddress'

2024-11-07 18:15:23 - [TEST_STEP][PASSED] - setText(findTestObject(orPath_AddressContact + "/input_reEnterEMailAddress"), " "): Text ' ' is set on object 'Object Repository/RAD_Pages/AddressAndContactInfo_Page/input_reEnterEMailAddress'

2024-11-07 18:15:23 - [MESSAGE][PASSED] - Text ' ' is set on object 'Object Repository/RAD_Pages/AddressAndContactInfo_Page/input_reEnterEMailAddress'

2024-11-07 18:15:23 - [TEST_STEP][PASSED] - if (TaxType.equalsIgnoreCase("Estate Tax")): null

2024-11-07 18:15:23 - [TEST_STEP][PASSED] - setText(findTestObject(orPath_Amount + "/input__paymentAmount"), ""): Text '' is set on object 'Object Repository/RAD_Pages/PaymentAmount_Page/input__paymentAmount'

2024-11-07 18:15:24 - [MESSAGE][PASSED] - Text '' is set on object 'Object Repository/RAD_Pages/PaymentAmount_Page/input__paymentAmount'

2024-11-07 18:15:24 - [TEST_STEP][PASSED] - resText = "Fail": null

2024-11-07 18:15:24 - [TEST_STEP][PASSED] - pages.WriteExcel.demoKey(resText, datText, resColumn, datCloumn, fileLoc, nameSheet, row): pages.WriteExcel.demoKey is PASSED

2024-11-07 18:15:24 - [MESSAGE][PASSED] - pages.WriteExcel.demoKey is PASSED

2024-11-07 18:15:24 - [TEST_STEP][PASSED] - verifyTextPresent("Enter business name", true, CONTINUE_ON_FAILURE): Text 'Enter business name' is present on page  using regular expression

2024-11-07 18:15:25 - [MESSAGE][PASSED] - Text 'Enter business name' is present on page  using regular expression

2024-11-07 18:15:25 - [TEST_STEP][PASSED] - verifyTextPresent("Enter business rep first name", true, CONTINUE_ON_FAILURE): Text 'Enter business rep first name' is present on page  using regular expression

2024-11-07 18:15:25 - [MESSAGE][PASSED] - Text 'Enter business rep first name' is present on page  using regular expression

2024-11-07 18:15:25 - [TEST_STEP][PASSED] - verifyTextPresent("Enter business rep last name", true, CONTINUE_ON_FAILURE): Text 'Enter business rep last name' is present on page  using regular expression

2024-11-07 18:15:25 - [MESSAGE][PASSED] - Text 'Enter business rep last name' is present on page  using regular expression

2024-11-07 18:15:25 - [TEST_STEP][PASSED] - verifyTextPresent("Enter address", true, CONTINUE_ON_FAILURE): Text 'Enter address' is present on page  using regular expression

2024-11-07 18:15:26 - [MESSAGE][PASSED] - Text 'Enter address' is present on page  using regular expression

2024-11-07 18:15:26 - [TEST_STEP][PASSED] - verifyTextPresent("Enter city", true, CONTINUE_ON_FAILURE): Text 'Enter city' is present on page  using regular expression

2024-11-07 18:15:26 - [MESSAGE][PASSED] - Text 'Enter city' is present on page  using regular expression

2024-11-07 18:15:26 - [TEST_STEP][PASSED] - verifyTextPresent("Enter ZIP code", true, CONTINUE_ON_FAILURE): Text 'Enter ZIP code' is present on page  using regular expression

2024-11-07 18:15:26 - [MESSAGE][PASSED] - Text 'Enter ZIP code' is present on page  using regular expression

2024-11-07 18:15:26 - [TEST_STEP][PASSED] - verifyTextPresent("Enter a valid phone number", true, CONTINUE_ON_FAILURE): Text 'Enter a valid phone number' is present on page  using regular expression

2024-11-07 18:15:27 - [MESSAGE][PASSED] - Text 'Enter a valid phone number' is present on page  using regular expression

2024-11-07 18:15:27 - [TEST_STEP][PASSED] - verifyTextPresent("Enter Email", true, CONTINUE_ON_FAILURE): Text 'Enter Email' is present on page  using regular expression

2024-11-07 18:15:27 - [MESSAGE][PASSED] - Text 'Enter Email' is present on page  using regular expression

2024-11-07 18:15:27 - [TEST_STEP][PASSED] - if (CRN.equalsIgnoreCase("Y")): null

2024-11-07 18:15:27 - [TEST_STEP][PASSED] - if (MFLicNum.equalsIgnoreCase("Y")): null

2024-11-07 18:15:27 - [TEST_STEP][PASSED] - resText = "Pass": null

2024-11-07 18:15:27 - [TEST_STEP][PASSED] - pages.WriteExcel.demoKey(resText, datText, resColumn, datCloumn, fileLoc, nameSheet, row): pages.WriteExcel.demoKey is PASSED

2024-11-07 18:15:27 - [MESSAGE][PASSED] - pages.WriteExcel.demoKey is PASSED

2024-11-07 18:15:27 - [TEST_STEP][PASSED] - ExecuteTC = findTestData(dataFile).getValue("Execute", row): null

2024-11-07 18:15:27 - [TEST_STEP][PASSED] - TaxType = findTestData(dataFile).getValue("TaxType", row): null

2024-11-07 18:15:27 - [TEST_STEP][PASSED] - PaymentType = findTestData(dataFile).getValue("PaymentType", row): null

2024-11-07 18:15:27 - [TEST_STEP][PASSED] - FilingYear = findTestData(dataFile).getValue("Year", row): null

2024-11-07 18:15:28 - [TEST_STEP][PASSED] - feinSSN = findTestData(dataFile).getValue("FeinSsn", row): null

2024-11-07 18:15:28 - [TEST_STEP][PASSED] - CRN = findTestData(dataFile).getValue("CRN", row): null

2024-11-07 18:15:28 - [TEST_STEP][PASSED] - MFLicNum = findTestData(dataFile).getValue("MFLicNum", row): null

2024-11-07 18:15:28 - [TEST_STEP][PASSED] - if (ExecuteTC.equalsIgnoreCase("Y")): pages.WriteExcel.demoKey is PASSED

2024-11-07 18:15:28 - [TEST_STEP][PASSED] - out.println("Begin Record Number: " + row): null

2024-11-07 18:15:28 - [TEST_STEP][PASSED] - today = new java.util.Date(): null

2024-11-07 18:15:28 - [TEST_STEP][PASSED] - println(today): null

2024-11-07 18:15:28 - [TEST_STEP][PASSED] - datText = today: null

2024-11-07 18:15:28 - [TEST_STEP][PASSED] - logInfo("Payment Type: New Tax Return Amount Due"): Payment Type: New Tax Return Amount Due

2024-11-07 18:15:28 - [MESSAGE][INFO] - Payment Type: New Tax Return Amount Due

2024-11-07 18:15:28 - [TEST_STEP][PASSED] - logInfo("Tax Type: " + TaxType): Tax Type: PTE Tax Electing Non-S Corp

2024-11-07 18:15:28 - [MESSAGE][INFO] - Tax Type: PTE Tax Electing Non-S Corp

2024-11-07 18:15:28 - [TEST_STEP][PASSED] - openBrowser(""): Browser is opened with url: ''

2024-11-07 18:15:28 - [MESSAGE][WARNING] - A browser is already opened. Closing browser and opening a new one

2024-11-07 18:15:29 - [MESSAGE][INFO] - Starting 'Chrome' driver

2024-11-07 18:15:29 - [MESSAGE][INFO] - User set preference: ['acceptInsecureCerts', 'true']

2024-11-07 18:15:29 - [MESSAGE][INFO] - Action delay is set to 0 milliseconds

2024-11-07 18:15:31 - [MESSAGE][PASSED] - Browser is opened with url: ''

2024-11-07 18:15:31 - [TEST_STEP][PASSED] - maximizeWindow(): Current window maximized

2024-11-07 18:15:31 - [MESSAGE][PASSED] - Current window maximized

2024-11-07 18:15:31 - [TEST_STEP][PASSED] - navigateToUrl(RADurl): Navigate to 'https://www.velocitypayment.com/client/rad/index.html' successfully

2024-11-07 18:15:34 - [MESSAGE][PASSED] - Navigate to 'https://www.velocitypayment.com/client/rad/index.html' successfully

2024-11-07 18:15:34 - [TEST_STEP][PASSED] - selectOptionByLabel(findTestObject(orPath_Landing + "/dd_TaxType"), "New Tax Return Amount Due", false): All options with label 'New Tax Return Amount Due' are selected in object 'Object Repository/RAD_Pages/Landing_Page/dd_TaxType' 

2024-11-07 18:15:35 - [MESSAGE][PASSED] - All options with label 'New Tax Return Amount Due' are selected in object 'Object Repository/RAD_Pages/Landing_Page/dd_TaxType' 

2024-11-07 18:15:35 - [TEST_STEP][PASSED] - selectOptionByLabel(findTestObject("Object Repository/RAD_Pages/Landing_Page/select_NewTaxReturnAmountDue_TaxType"), TaxType, false): All options with label 'PTE Tax Electing Non-S Corp' are selected in object 'Object Repository/RAD_Pages/Landing_Page/select_NewTaxReturnAmountDue_TaxType' 

2024-11-07 18:15:35 - [MESSAGE][PASSED] - All options with label 'PTE Tax Electing Non-S Corp' are selected in object 'Object Repository/RAD_Pages/Landing_Page/select_NewTaxReturnAmountDue_TaxType' 

2024-11-07 18:15:35 - [TEST_STEP][PASSED] - selectOptionByLabel(findTestObject(orPath_TaxTypeFilingYear + "/select_FilingYear"), FilingYear, false): All options with label '2022' are selected in object 'Object Repository/RAD_Pages/TaxTypeFilingYear_Page/select_FilingYear' 

2024-11-07 18:15:36 - [MESSAGE][PASSED] - All options with label '2022' are selected in object 'Object Repository/RAD_Pages/TaxTypeFilingYear_Page/select_FilingYear' 

2024-11-07 18:15:36 - [TEST_STEP][PASSED] - setText(findTestObject(orPath_TaxPayer + "/input_businessName"), " "): Text ' ' is set on object 'Object Repository/RAD_Pages/Taxpayer_Page/input_businessName'

2024-11-07 18:15:37 - [MESSAGE][PASSED] - Text ' ' is set on object 'Object Repository/RAD_Pages/Taxpayer_Page/input_businessName'

2024-11-07 18:15:37 - [TEST_STEP][PASSED] - setText(findTestObject(orPath_TaxPayer + "/input_BusinessRepfirstName"), " "): Text ' ' is set on object 'Object Repository/RAD_Pages/Taxpayer_Page/input_BusinessRepfirstName'

2024-11-07 18:15:38 - [MESSAGE][PASSED] - Text ' ' is set on object 'Object Repository/RAD_Pages/Taxpayer_Page/input_BusinessRepfirstName'

2024-11-07 18:15:38 - [TEST_STEP][PASSED] - setText(findTestObject(orPath_TaxPayer + "/input_BusinessReplastName"), " "): Text ' ' is set on object 'Object Repository/RAD_Pages/Taxpayer_Page/input_BusinessReplastName'

2024-11-07 18:15:38 - [MESSAGE][PASSED] - Text ' ' is set on object 'Object Repository/RAD_Pages/Taxpayer_Page/input_BusinessReplastName'

2024-11-07 18:15:38 - [TEST_STEP][PASSED] - setText(findTestObject(orPath_AddressContact + "/input_streetAddress1"), " "): Text ' ' is set on object 'Object Repository/RAD_Pages/AddressAndContactInfo_Page/input_streetAddress1'

2024-11-07 18:15:39 - [MESSAGE][PASSED] - Text ' ' is set on object 'Object Repository/RAD_Pages/AddressAndContactInfo_Page/input_streetAddress1'

2024-11-07 18:15:39 - [TEST_STEP][PASSED] - setText(findTestObject(orPath_AddressContact + "/input_city"), " "): Text ' ' is set on object 'Object Repository/RAD_Pages/AddressAndContactInfo_Page/input_city'

2024-11-07 18:15:40 - [MESSAGE][PASSED] - Text ' ' is set on object 'Object Repository/RAD_Pages/AddressAndContactInfo_Page/input_city'

2024-11-07 18:15:40 - [TEST_STEP][PASSED] - setText(findTestObject(orPath_AddressContact + "/input_zipCode"), " "): Text ' ' is set on object 'Object Repository/RAD_Pages/AddressAndContactInfo_Page/input_zipCode'

2024-11-07 18:15:40 - [MESSAGE][PASSED] - Text ' ' is set on object 'Object Repository/RAD_Pages/AddressAndContactInfo_Page/input_zipCode'

2024-11-07 18:15:40 - [TEST_STEP][PASSED] - setText(findTestObject(orPath_AddressContact + "/input_phoneNumber"), " "): Text ' ' is set on object 'Object Repository/RAD_Pages/AddressAndContactInfo_Page/input_phoneNumber'

2024-11-07 18:15:41 - [MESSAGE][PASSED] - Text ' ' is set on object 'Object Repository/RAD_Pages/AddressAndContactInfo_Page/input_phoneNumber'

2024-11-07 18:15:41 - [TEST_STEP][PASSED] - setText(findTestObject(orPath_AddressContact + "/input_eMailAddress"), " "): Text ' ' is set on object 'Object Repository/RAD_Pages/AddressAndContactInfo_Page/input_eMailAddress'

2024-11-07 18:15:42 - [MESSAGE][PASSED] - Text ' ' is set on object 'Object Repository/RAD_Pages/AddressAndContactInfo_Page/input_eMailAddress'

2024-11-07 18:15:42 - [TEST_STEP][PASSED] - setText(findTestObject(orPath_AddressContact + "/input_reEnterEMailAddress"), " "): Text ' ' is set on object 'Object Repository/RAD_Pages/AddressAndContactInfo_Page/input_reEnterEMailAddress'

2024-11-07 18:15:43 - [MESSAGE][PASSED] - Text ' ' is set on object 'Object Repository/RAD_Pages/AddressAndContactInfo_Page/input_reEnterEMailAddress'

2024-11-07 18:15:43 - [TEST_STEP][PASSED] - if (TaxType.equalsIgnoreCase("Estate Tax")): null

2024-11-07 18:15:43 - [TEST_STEP][PASSED] - setText(findTestObject(orPath_Amount + "/input__paymentAmount"), ""): Text '' is set on object 'Object Repository/RAD_Pages/PaymentAmount_Page/input__paymentAmount'

2024-11-07 18:15:44 - [MESSAGE][PASSED] - Text '' is set on object 'Object Repository/RAD_Pages/PaymentAmount_Page/input__paymentAmount'

2024-11-07 18:15:44 - [TEST_STEP][PASSED] - resText = "Fail": null

2024-11-07 18:15:44 - [TEST_STEP][PASSED] - pages.WriteExcel.demoKey(resText, datText, resColumn, datCloumn, fileLoc, nameSheet, row): pages.WriteExcel.demoKey is PASSED

2024-11-07 18:15:44 - [MESSAGE][PASSED] - pages.WriteExcel.demoKey is PASSED

2024-11-07 18:15:44 - [TEST_STEP][PASSED] - verifyTextPresent("Enter business name", true, CONTINUE_ON_FAILURE): Text 'Enter business name' is present on page  using regular expression

2024-11-07 18:15:44 - [MESSAGE][PASSED] - Text 'Enter business name' is present on page  using regular expression

2024-11-07 18:15:44 - [TEST_STEP][PASSED] - verifyTextPresent("Enter business rep first name", true, CONTINUE_ON_FAILURE): Text 'Enter business rep first name' is present on page  using regular expression

2024-11-07 18:15:45 - [MESSAGE][PASSED] - Text 'Enter business rep first name' is present on page  using regular expression

2024-11-07 18:15:45 - [TEST_STEP][PASSED] - verifyTextPresent("Enter business rep last name", true, CONTINUE_ON_FAILURE): Text 'Enter business rep last name' is present on page  using regular expression

2024-11-07 18:15:45 - [MESSAGE][PASSED] - Text 'Enter business rep last name' is present on page  using regular expression

2024-11-07 18:15:45 - [TEST_STEP][PASSED] - verifyTextPresent("Enter address", true, CONTINUE_ON_FAILURE): Text 'Enter address' is present on page  using regular expression

2024-11-07 18:15:45 - [MESSAGE][PASSED] - Text 'Enter address' is present on page  using regular expression

2024-11-07 18:15:45 - [TEST_STEP][PASSED] - verifyTextPresent("Enter city", true, CONTINUE_ON_FAILURE): Text 'Enter city' is present on page  using regular expression

2024-11-07 18:15:46 - [MESSAGE][PASSED] - Text 'Enter city' is present on page  using regular expression

2024-11-07 18:15:46 - [TEST_STEP][PASSED] - verifyTextPresent("Enter ZIP code", true, CONTINUE_ON_FAILURE): Text 'Enter ZIP code' is present on page  using regular expression

2024-11-07 18:15:46 - [MESSAGE][PASSED] - Text 'Enter ZIP code' is present on page  using regular expression

2024-11-07 18:15:46 - [TEST_STEP][PASSED] - verifyTextPresent("Enter a valid phone number", true, CONTINUE_ON_FAILURE): Text 'Enter a valid phone number' is present on page  using regular expression

2024-11-07 18:15:46 - [MESSAGE][PASSED] - Text 'Enter a valid phone number' is present on page  using regular expression

2024-11-07 18:15:46 - [TEST_STEP][PASSED] - verifyTextPresent("Enter Email", true, CONTINUE_ON_FAILURE): Text 'Enter Email' is present on page  using regular expression

2024-11-07 18:15:47 - [MESSAGE][PASSED] - Text 'Enter Email' is present on page  using regular expression

2024-11-07 18:15:47 - [TEST_STEP][PASSED] - if (CRN.equalsIgnoreCase("Y")): null

2024-11-07 18:15:47 - [TEST_STEP][PASSED] - if (MFLicNum.equalsIgnoreCase("Y")): null

2024-11-07 18:15:47 - [TEST_STEP][PASSED] - resText = "Pass": null

2024-11-07 18:15:47 - [TEST_STEP][PASSED] - pages.WriteExcel.demoKey(resText, datText, resColumn, datCloumn, fileLoc, nameSheet, row): pages.WriteExcel.demoKey is PASSED

2024-11-07 18:15:47 - [MESSAGE][PASSED] - pages.WriteExcel.demoKey is PASSED

2024-11-07 18:15:47 - [TEST_STEP][PASSED] - ExecuteTC = findTestData(dataFile).getValue("Execute", row): null

2024-11-07 18:15:47 - [TEST_STEP][PASSED] - TaxType = findTestData(dataFile).getValue("TaxType", row): null

2024-11-07 18:15:47 - [TEST_STEP][PASSED] - PaymentType = findTestData(dataFile).getValue("PaymentType", row): null

2024-11-07 18:15:47 - [TEST_STEP][PASSED] - FilingYear = findTestData(dataFile).getValue("Year", row): null

2024-11-07 18:15:47 - [TEST_STEP][PASSED] - feinSSN = findTestData(dataFile).getValue("FeinSsn", row): null

2024-11-07 18:15:47 - [TEST_STEP][PASSED] - CRN = findTestData(dataFile).getValue("CRN", row): null

2024-11-07 18:15:47 - [TEST_STEP][PASSED] - MFLicNum = findTestData(dataFile).getValue("MFLicNum", row): null

2024-11-07 18:15:47 - [TEST_STEP][PASSED] - if (ExecuteTC.equalsIgnoreCase("Y")): pages.WriteExcel.demoKey is PASSED

2024-11-07 18:15:47 - [TEST_STEP][PASSED] - out.println("Begin Record Number: " + row): null

2024-11-07 18:15:47 - [TEST_STEP][PASSED] - today = new java.util.Date(): null

2024-11-07 18:15:47 - [TEST_STEP][PASSED] - println(today): null

2024-11-07 18:15:47 - [TEST_STEP][PASSED] - datText = today: null

2024-11-07 18:15:47 - [TEST_STEP][PASSED] - logInfo("Payment Type: New Tax Return Amount Due"): Payment Type: New Tax Return Amount Due

2024-11-07 18:15:47 - [MESSAGE][INFO] - Payment Type: New Tax Return Amount Due

2024-11-07 18:15:47 - [TEST_STEP][PASSED] - logInfo("Tax Type: " + TaxType): Tax Type: PTE Tax Electing S Corp

2024-11-07 18:15:47 - [MESSAGE][INFO] - Tax Type: PTE Tax Electing S Corp

2024-11-07 18:15:47 - [TEST_STEP][PASSED] - openBrowser(""): Browser is opened with url: ''

2024-11-07 18:15:47 - [MESSAGE][WARNING] - A browser is already opened. Closing browser and opening a new one

2024-11-07 18:15:49 - [MESSAGE][INFO] - Starting 'Chrome' driver

2024-11-07 18:15:49 - [MESSAGE][INFO] - User set preference: ['acceptInsecureCerts', 'true']

2024-11-07 18:15:49 - [MESSAGE][INFO] - Action delay is set to 0 milliseconds

2024-11-07 18:15:51 - [MESSAGE][PASSED] - Browser is opened with url: ''

2024-11-07 18:15:51 - [TEST_STEP][PASSED] - maximizeWindow(): Current window maximized

2024-11-07 18:15:51 - [MESSAGE][PASSED] - Current window maximized

2024-11-07 18:15:51 - [TEST_STEP][PASSED] - navigateToUrl(RADurl): Navigate to 'https://www.velocitypayment.com/client/rad/index.html' successfully

2024-11-07 18:15:51 - [MESSAGE][PASSED] - Navigate to 'https://www.velocitypayment.com/client/rad/index.html' successfully

2024-11-07 18:15:51 - [TEST_STEP][PASSED] - selectOptionByLabel(findTestObject(orPath_Landing + "/dd_TaxType"), "New Tax Return Amount Due", false): All options with label 'New Tax Return Amount Due' are selected in object 'Object Repository/RAD_Pages/Landing_Page/dd_TaxType' 

2024-11-07 18:15:54 - [MESSAGE][PASSED] - All options with label 'New Tax Return Amount Due' are selected in object 'Object Repository/RAD_Pages/Landing_Page/dd_TaxType' 

2024-11-07 18:15:54 - [TEST_STEP][PASSED] - selectOptionByLabel(findTestObject("Object Repository/RAD_Pages/Landing_Page/select_NewTaxReturnAmountDue_TaxType"), TaxType, false): All options with label 'PTE Tax Electing S Corp' are selected in object 'Object Repository/RAD_Pages/Landing_Page/select_NewTaxReturnAmountDue_TaxType' 

2024-11-07 18:15:55 - [MESSAGE][PASSED] - All options with label 'PTE Tax Electing S Corp' are selected in object 'Object Repository/RAD_Pages/Landing_Page/select_NewTaxReturnAmountDue_TaxType' 

2024-11-07 18:15:55 - [TEST_STEP][PASSED] - selectOptionByLabel(findTestObject(orPath_TaxTypeFilingYear + "/select_FilingYear"), FilingYear, false): All options with label '2022' are selected in object 'Object Repository/RAD_Pages/TaxTypeFilingYear_Page/select_FilingYear' 

2024-11-07 18:15:55 - [MESSAGE][PASSED] - All options with label '2022' are selected in object 'Object Repository/RAD_Pages/TaxTypeFilingYear_Page/select_FilingYear' 

2024-11-07 18:15:55 - [TEST_STEP][PASSED] - setText(findTestObject(orPath_TaxPayer + "/input_businessName"), " "): Text ' ' is set on object 'Object Repository/RAD_Pages/Taxpayer_Page/input_businessName'

2024-11-07 18:15:56 - [MESSAGE][PASSED] - Text ' ' is set on object 'Object Repository/RAD_Pages/Taxpayer_Page/input_businessName'

2024-11-07 18:15:56 - [TEST_STEP][PASSED] - setText(findTestObject(orPath_TaxPayer + "/input_BusinessRepfirstName"), " "): Text ' ' is set on object 'Object Repository/RAD_Pages/Taxpayer_Page/input_BusinessRepfirstName'

2024-11-07 18:15:57 - [MESSAGE][PASSED] - Text ' ' is set on object 'Object Repository/RAD_Pages/Taxpayer_Page/input_BusinessRepfirstName'

2024-11-07 18:15:57 - [TEST_STEP][PASSED] - setText(findTestObject(orPath_TaxPayer + "/input_BusinessReplastName"), " "): Text ' ' is set on object 'Object Repository/RAD_Pages/Taxpayer_Page/input_BusinessReplastName'

2024-11-07 18:15:58 - [MESSAGE][PASSED] - Text ' ' is set on object 'Object Repository/RAD_Pages/Taxpayer_Page/input_BusinessReplastName'

2024-11-07 18:15:58 - [TEST_STEP][PASSED] - setText(findTestObject(orPath_AddressContact + "/input_streetAddress1"), " "): Text ' ' is set on object 'Object Repository/RAD_Pages/AddressAndContactInfo_Page/input_streetAddress1'

2024-11-07 18:15:59 - [MESSAGE][PASSED] - Text ' ' is set on object 'Object Repository/RAD_Pages/AddressAndContactInfo_Page/input_streetAddress1'

2024-11-07 18:15:59 - [TEST_STEP][PASSED] - setText(findTestObject(orPath_AddressContact + "/input_city"), " "): Text ' ' is set on object 'Object Repository/RAD_Pages/AddressAndContactInfo_Page/input_city'

2024-11-07 18:15:59 - [MESSAGE][PASSED] - Text ' ' is set on object 'Object Repository/RAD_Pages/AddressAndContactInfo_Page/input_city'

2024-11-07 18:15:59 - [TEST_STEP][PASSED] - setText(findTestObject(orPath_AddressContact + "/input_zipCode"), " "): Text ' ' is set on object 'Object Repository/RAD_Pages/AddressAndContactInfo_Page/input_zipCode'

2024-11-07 18:16:00 - [MESSAGE][PASSED] - Text ' ' is set on object 'Object Repository/RAD_Pages/AddressAndContactInfo_Page/input_zipCode'

2024-11-07 18:16:00 - [TEST_STEP][PASSED] - setText(findTestObject(orPath_AddressContact + "/input_phoneNumber"), " "): Text ' ' is set on object 'Object Repository/RAD_Pages/AddressAndContactInfo_Page/input_phoneNumber'

2024-11-07 18:16:01 - [MESSAGE][PASSED] - Text ' ' is set on object 'Object Repository/RAD_Pages/AddressAndContactInfo_Page/input_phoneNumber'

2024-11-07 18:16:01 - [TEST_STEP][PASSED] - setText(findTestObject(orPath_AddressContact + "/input_eMailAddress"), " "): Text ' ' is set on object 'Object Repository/RAD_Pages/AddressAndContactInfo_Page/input_eMailAddress'

2024-11-07 18:16:02 - [MESSAGE][PASSED] - Text ' ' is set on object 'Object Repository/RAD_Pages/AddressAndContactInfo_Page/input_eMailAddress'

2024-11-07 18:16:02 - [TEST_STEP][PASSED] - setText(findTestObject(orPath_AddressContact + "/input_reEnterEMailAddress"), " "): Text ' ' is set on object 'Object Repository/RAD_Pages/AddressAndContactInfo_Page/input_reEnterEMailAddress'

2024-11-07 18:16:03 - [MESSAGE][PASSED] - Text ' ' is set on object 'Object Repository/RAD_Pages/AddressAndContactInfo_Page/input_reEnterEMailAddress'

2024-11-07 18:16:03 - [TEST_STEP][PASSED] - if (TaxType.equalsIgnoreCase("Estate Tax")): null

2024-11-07 18:16:03 - [TEST_STEP][PASSED] - setText(findTestObject(orPath_Amount + "/input__paymentAmount"), ""): Text '' is set on object 'Object Repository/RAD_Pages/PaymentAmount_Page/input__paymentAmount'

2024-11-07 18:16:04 - [MESSAGE][PASSED] - Text '' is set on object 'Object Repository/RAD_Pages/PaymentAmount_Page/input__paymentAmount'

2024-11-07 18:16:04 - [TEST_STEP][PASSED] - resText = "Fail": null

2024-11-07 18:16:04 - [TEST_STEP][PASSED] - pages.WriteExcel.demoKey(resText, datText, resColumn, datCloumn, fileLoc, nameSheet, row): pages.WriteExcel.demoKey is PASSED

2024-11-07 18:16:04 - [MESSAGE][PASSED] - pages.WriteExcel.demoKey is PASSED

2024-11-07 18:16:04 - [TEST_STEP][PASSED] - verifyTextPresent("Enter business name", true, CONTINUE_ON_FAILURE): Text 'Enter business name' is present on page  using regular expression

2024-11-07 18:16:04 - [MESSAGE][PASSED] - Text 'Enter business name' is present on page  using regular expression

2024-11-07 18:16:04 - [TEST_STEP][PASSED] - verifyTextPresent("Enter business rep first name", true, CONTINUE_ON_FAILURE): Text 'Enter business rep first name' is present on page  using regular expression

2024-11-07 18:16:05 - [MESSAGE][PASSED] - Text 'Enter business rep first name' is present on page  using regular expression

2024-11-07 18:16:05 - [TEST_STEP][PASSED] - verifyTextPresent("Enter business rep last name", true, CONTINUE_ON_FAILURE): Text 'Enter business rep last name' is present on page  using regular expression

2024-11-07 18:16:05 - [MESSAGE][PASSED] - Text 'Enter business rep last name' is present on page  using regular expression

2024-11-07 18:16:05 - [TEST_STEP][PASSED] - verifyTextPresent("Enter address", true, CONTINUE_ON_FAILURE): Text 'Enter address' is present on page  using regular expression

2024-11-07 18:16:06 - [MESSAGE][PASSED] - Text 'Enter address' is present on page  using regular expression

2024-11-07 18:16:06 - [TEST_STEP][PASSED] - verifyTextPresent("Enter city", true, CONTINUE_ON_FAILURE): Text 'Enter city' is present on page  using regular expression

2024-11-07 18:16:06 - [MESSAGE][PASSED] - Text 'Enter city' is present on page  using regular expression

2024-11-07 18:16:06 - [TEST_STEP][PASSED] - verifyTextPresent("Enter ZIP code", true, CONTINUE_ON_FAILURE): Text 'Enter ZIP code' is present on page  using regular expression

2024-11-07 18:16:06 - [MESSAGE][PASSED] - Text 'Enter ZIP code' is present on page  using regular expression

2024-11-07 18:16:06 - [TEST_STEP][PASSED] - verifyTextPresent("Enter a valid phone number", true, CONTINUE_ON_FAILURE): Text 'Enter a valid phone number' is present on page  using regular expression

2024-11-07 18:16:07 - [MESSAGE][PASSED] - Text 'Enter a valid phone number' is present on page  using regular expression

2024-11-07 18:16:07 - [TEST_STEP][PASSED] - verifyTextPresent("Enter Email", true, CONTINUE_ON_FAILURE): Text 'Enter Email' is present on page  using regular expression

2024-11-07 18:16:07 - [MESSAGE][PASSED] - Text 'Enter Email' is present on page  using regular expression

2024-11-07 18:16:07 - [TEST_STEP][PASSED] - if (CRN.equalsIgnoreCase("Y")): null

2024-11-07 18:16:07 - [TEST_STEP][PASSED] - if (MFLicNum.equalsIgnoreCase("Y")): null

2024-11-07 18:16:07 - [TEST_STEP][PASSED] - resText = "Pass": null

2024-11-07 18:16:07 - [TEST_STEP][PASSED] - pages.WriteExcel.demoKey(resText, datText, resColumn, datCloumn, fileLoc, nameSheet, row): pages.WriteExcel.demoKey is PASSED

2024-11-07 18:16:07 - [MESSAGE][PASSED] - pages.WriteExcel.demoKey is PASSED

2024-11-07 18:16:07 - [TEST_STEP][PASSED] - ExecuteTC = findTestData(dataFile).getValue("Execute", row): null

2024-11-07 18:16:07 - [TEST_STEP][PASSED] - TaxType = findTestData(dataFile).getValue("TaxType", row): null

2024-11-07 18:16:07 - [TEST_STEP][PASSED] - PaymentType = findTestData(dataFile).getValue("PaymentType", row): null

2024-11-07 18:16:07 - [TEST_STEP][PASSED] - FilingYear = findTestData(dataFile).getValue("Year", row): null

2024-11-07 18:16:07 - [TEST_STEP][PASSED] - feinSSN = findTestData(dataFile).getValue("FeinSsn", row): null

2024-11-07 18:16:07 - [TEST_STEP][PASSED] - CRN = findTestData(dataFile).getValue("CRN", row): null

2024-11-07 18:16:07 - [TEST_STEP][PASSED] - MFLicNum = findTestData(dataFile).getValue("MFLicNum", row): null

2024-11-07 18:16:07 - [TEST_STEP][PASSED] - if (ExecuteTC.equalsIgnoreCase("Y")): pages.WriteExcel.demoKey is PASSED

2024-11-07 18:16:07 - [TEST_STEP][PASSED] - out.println("Begin Record Number: " + row): null

2024-11-07 18:16:07 - [TEST_STEP][PASSED] - today = new java.util.Date(): null

2024-11-07 18:16:07 - [TEST_STEP][PASSED] - println(today): null

2024-11-07 18:16:07 - [TEST_STEP][PASSED] - datText = today: null

2024-11-07 18:16:07 - [TEST_STEP][PASSED] - logInfo("Payment Type: New Tax Return Amount Due"): Payment Type: New Tax Return Amount Due

2024-11-07 18:16:07 - [MESSAGE][INFO] - Payment Type: New Tax Return Amount Due

2024-11-07 18:16:07 - [TEST_STEP][PASSED] - logInfo("Tax Type: " + TaxType): Tax Type: Fiduciary Tax

2024-11-07 18:16:07 - [MESSAGE][INFO] - Tax Type: Fiduciary Tax

2024-11-07 18:16:07 - [TEST_STEP][PASSED] - openBrowser(""): Browser is opened with url: ''

2024-11-07 18:16:07 - [MESSAGE][WARNING] - A browser is already opened. Closing browser and opening a new one

2024-11-07 18:16:09 - [MESSAGE][INFO] - Starting 'Chrome' driver

2024-11-07 18:16:09 - [MESSAGE][INFO] - User set preference: ['acceptInsecureCerts', 'true']

2024-11-07 18:16:09 - [MESSAGE][INFO] - Action delay is set to 0 milliseconds

2024-11-07 18:16:11 - [MESSAGE][PASSED] - Browser is opened with url: ''

2024-11-07 18:16:11 - [TEST_STEP][PASSED] - maximizeWindow(): Current window maximized

2024-11-07 18:16:11 - [MESSAGE][PASSED] - Current window maximized

2024-11-07 18:16:11 - [TEST_STEP][PASSED] - navigateToUrl(RADurl): Navigate to 'https://www.velocitypayment.com/client/rad/index.html' successfully

2024-11-07 18:16:14 - [MESSAGE][PASSED] - Navigate to 'https://www.velocitypayment.com/client/rad/index.html' successfully

2024-11-07 18:16:14 - [TEST_STEP][PASSED] - selectOptionByLabel(findTestObject(orPath_Landing + "/dd_TaxType"), "New Tax Return Amount Due", false): All options with label 'New Tax Return Amount Due' are selected in object 'Object Repository/RAD_Pages/Landing_Page/dd_TaxType' 

2024-11-07 18:16:14 - [MESSAGE][PASSED] - All options with label 'New Tax Return Amount Due' are selected in object 'Object Repository/RAD_Pages/Landing_Page/dd_TaxType' 

2024-11-07 18:16:14 - [TEST_STEP][PASSED] - selectOptionByLabel(findTestObject("Object Repository/RAD_Pages/Landing_Page/select_NewTaxReturnAmountDue_TaxType"), TaxType, false): All options with label 'Fiduciary Tax' are selected in object 'Object Repository/RAD_Pages/Landing_Page/select_NewTaxReturnAmountDue_TaxType' 

2024-11-07 18:16:15 - [MESSAGE][PASSED] - All options with label 'Fiduciary Tax' are selected in object 'Object Repository/RAD_Pages/Landing_Page/select_NewTaxReturnAmountDue_TaxType' 

2024-11-07 18:16:15 - [TEST_STEP][PASSED] - selectOptionByLabel(findTestObject(orPath_TaxTypeFilingYear + "/select_FilingYear"), FilingYear, false): All options with label '2021' are selected in object 'Object Repository/RAD_Pages/TaxTypeFilingYear_Page/select_FilingYear' 

2024-11-07 18:16:16 - [MESSAGE][PASSED] - All options with label '2021' are selected in object 'Object Repository/RAD_Pages/TaxTypeFilingYear_Page/select_FilingYear' 

2024-11-07 18:16:16 - [TEST_STEP][PASSED] - setText(findTestObject(orPath_TaxPayer + "/input_businessName"), " "): Text ' ' is set on object 'Object Repository/RAD_Pages/Taxpayer_Page/input_businessName'

2024-11-07 18:16:17 - [MESSAGE][PASSED] - Text ' ' is set on object 'Object Repository/RAD_Pages/Taxpayer_Page/input_businessName'

2024-11-07 18:16:17 - [TEST_STEP][PASSED] - setText(findTestObject(orPath_TaxPayer + "/input_BusinessRepfirstName"), " "): Text ' ' is set on object 'Object Repository/RAD_Pages/Taxpayer_Page/input_BusinessRepfirstName'

2024-11-07 18:16:17 - [MESSAGE][PASSED] - Text ' ' is set on object 'Object Repository/RAD_Pages/Taxpayer_Page/input_BusinessRepfirstName'

2024-11-07 18:16:17 - [TEST_STEP][PASSED] - setText(findTestObject(orPath_TaxPayer + "/input_BusinessReplastName"), " "): Text ' ' is set on object 'Object Repository/RAD_Pages/Taxpayer_Page/input_BusinessReplastName'

2024-11-07 18:16:18 - [MESSAGE][PASSED] - Text ' ' is set on object 'Object Repository/RAD_Pages/Taxpayer_Page/input_BusinessReplastName'

2024-11-07 18:16:18 - [TEST_STEP][PASSED] - setText(findTestObject(orPath_AddressContact + "/input_streetAddress1"), " "): Text ' ' is set on object 'Object Repository/RAD_Pages/AddressAndContactInfo_Page/input_streetAddress1'

2024-11-07 18:16:19 - [MESSAGE][PASSED] - Text ' ' is set on object 'Object Repository/RAD_Pages/AddressAndContactInfo_Page/input_streetAddress1'

2024-11-07 18:16:19 - [TEST_STEP][PASSED] - setText(findTestObject(orPath_AddressContact + "/input_city"), " "): Text ' ' is set on object 'Object Repository/RAD_Pages/AddressAndContactInfo_Page/input_city'

2024-11-07 18:16:19 - [MESSAGE][PASSED] - Text ' ' is set on object 'Object Repository/RAD_Pages/AddressAndContactInfo_Page/input_city'

2024-11-07 18:16:19 - [TEST_STEP][PASSED] - setText(findTestObject(orPath_AddressContact + "/input_zipCode"), " "): Text ' ' is set on object 'Object Repository/RAD_Pages/AddressAndContactInfo_Page/input_zipCode'

2024-11-07 18:16:20 - [MESSAGE][PASSED] - Text ' ' is set on object 'Object Repository/RAD_Pages/AddressAndContactInfo_Page/input_zipCode'

2024-11-07 18:16:20 - [TEST_STEP][PASSED] - setText(findTestObject(orPath_AddressContact + "/input_phoneNumber"), " "): Text ' ' is set on object 'Object Repository/RAD_Pages/AddressAndContactInfo_Page/input_phoneNumber'

2024-11-07 18:16:21 - [MESSAGE][PASSED] - Text ' ' is set on object 'Object Repository/RAD_Pages/AddressAndContactInfo_Page/input_phoneNumber'

2024-11-07 18:16:21 - [TEST_STEP][PASSED] - setText(findTestObject(orPath_AddressContact + "/input_eMailAddress"), " "): Text ' ' is set on object 'Object Repository/RAD_Pages/AddressAndContactInfo_Page/input_eMailAddress'

2024-11-07 18:16:22 - [MESSAGE][PASSED] - Text ' ' is set on object 'Object Repository/RAD_Pages/AddressAndContactInfo_Page/input_eMailAddress'

2024-11-07 18:16:22 - [TEST_STEP][PASSED] - setText(findTestObject(orPath_AddressContact + "/input_reEnterEMailAddress"), " "): Text ' ' is set on object 'Object Repository/RAD_Pages/AddressAndContactInfo_Page/input_reEnterEMailAddress'

2024-11-07 18:16:22 - [MESSAGE][PASSED] - Text ' ' is set on object 'Object Repository/RAD_Pages/AddressAndContactInfo_Page/input_reEnterEMailAddress'

2024-11-07 18:16:22 - [TEST_STEP][PASSED] - if (TaxType.equalsIgnoreCase("Estate Tax")): null

2024-11-07 18:16:22 - [TEST_STEP][PASSED] - setText(findTestObject(orPath_Amount + "/input__paymentAmount"), ""): Text '' is set on object 'Object Repository/RAD_Pages/PaymentAmount_Page/input__paymentAmount'

2024-11-07 18:16:23 - [MESSAGE][PASSED] - Text '' is set on object 'Object Repository/RAD_Pages/PaymentAmount_Page/input__paymentAmount'

2024-11-07 18:16:23 - [TEST_STEP][PASSED] - resText = "Fail": null

2024-11-07 18:16:23 - [TEST_STEP][PASSED] - pages.WriteExcel.demoKey(resText, datText, resColumn, datCloumn, fileLoc, nameSheet, row): pages.WriteExcel.demoKey is PASSED

2024-11-07 18:16:24 - [MESSAGE][PASSED] - pages.WriteExcel.demoKey is PASSED

2024-11-07 18:16:24 - [TEST_STEP][PASSED] - verifyTextPresent("Enter business name", true, CONTINUE_ON_FAILURE): Text 'Enter business name' is present on page  using regular expression

2024-11-07 18:16:24 - [MESSAGE][PASSED] - Text 'Enter business name' is present on page  using regular expression

2024-11-07 18:16:24 - [TEST_STEP][PASSED] - verifyTextPresent("Enter business rep first name", true, CONTINUE_ON_FAILURE): Text 'Enter business rep first name' is present on page  using regular expression

2024-11-07 18:16:25 - [MESSAGE][PASSED] - Text 'Enter business rep first name' is present on page  using regular expression

2024-11-07 18:16:25 - [TEST_STEP][PASSED] - verifyTextPresent("Enter business rep last name", true, CONTINUE_ON_FAILURE): Text 'Enter business rep last name' is present on page  using regular expression

2024-11-07 18:16:25 - [MESSAGE][PASSED] - Text 'Enter business rep last name' is present on page  using regular expression

2024-11-07 18:16:25 - [TEST_STEP][PASSED] - verifyTextPresent("Enter address", true, CONTINUE_ON_FAILURE): Text 'Enter address' is present on page  using regular expression

2024-11-07 18:16:26 - [MESSAGE][PASSED] - Text 'Enter address' is present on page  using regular expression

2024-11-07 18:16:26 - [TEST_STEP][PASSED] - verifyTextPresent("Enter city", true, CONTINUE_ON_FAILURE): Text 'Enter city' is present on page  using regular expression

2024-11-07 18:16:26 - [MESSAGE][PASSED] - Text 'Enter city' is present on page  using regular expression

2024-11-07 18:16:26 - [TEST_STEP][PASSED] - verifyTextPresent("Enter ZIP code", true, CONTINUE_ON_FAILURE): Text 'Enter ZIP code' is present on page  using regular expression

2024-11-07 18:16:26 - [MESSAGE][PASSED] - Text 'Enter ZIP code' is present on page  using regular expression

2024-11-07 18:16:26 - [TEST_STEP][PASSED] - verifyTextPresent("Enter a valid phone number", true, CONTINUE_ON_FAILURE): Text 'Enter a valid phone number' is present on page  using regular expression

2024-11-07 18:16:27 - [MESSAGE][PASSED] - Text 'Enter a valid phone number' is present on page  using regular expression

2024-11-07 18:16:27 - [TEST_STEP][PASSED] - verifyTextPresent("Enter Email", true, CONTINUE_ON_FAILURE): Text 'Enter Email' is present on page  using regular expression

2024-11-07 18:16:27 - [MESSAGE][PASSED] - Text 'Enter Email' is present on page  using regular expression

2024-11-07 18:16:27 - [TEST_STEP][PASSED] - if (CRN.equalsIgnoreCase("Y")): null

2024-11-07 18:16:27 - [TEST_STEP][PASSED] - if (MFLicNum.equalsIgnoreCase("Y")): null

2024-11-07 18:16:27 - [TEST_STEP][PASSED] - resText = "Pass": null

2024-11-07 18:16:27 - [TEST_STEP][PASSED] - pages.WriteExcel.demoKey(resText, datText, resColumn, datCloumn, fileLoc, nameSheet, row): pages.WriteExcel.demoKey is PASSED

2024-11-07 18:16:27 - [MESSAGE][PASSED] - pages.WriteExcel.demoKey is PASSED

2024-11-07 18:16:27 - [TEST_STEP][PASSED] - ExecuteTC = findTestData(dataFile).getValue("Execute", row): null

2024-11-07 18:16:27 - [TEST_STEP][PASSED] - TaxType = findTestData(dataFile).getValue("TaxType", row): null

2024-11-07 18:16:27 - [TEST_STEP][PASSED] - PaymentType = findTestData(dataFile).getValue("PaymentType", row): null

2024-11-07 18:16:27 - [TEST_STEP][PASSED] - FilingYear = findTestData(dataFile).getValue("Year", row): null

2024-11-07 18:16:27 - [TEST_STEP][PASSED] - feinSSN = findTestData(dataFile).getValue("FeinSsn", row): null

2024-11-07 18:16:27 - [TEST_STEP][PASSED] - CRN = findTestData(dataFile).getValue("CRN", row): null

2024-11-07 18:16:27 - [TEST_STEP][PASSED] - MFLicNum = findTestData(dataFile).getValue("MFLicNum", row): null

2024-11-07 18:16:28 - [TEST_STEP][PASSED] - if (ExecuteTC.equalsIgnoreCase("Y")): pages.WriteExcel.demoKey is PASSED

2024-11-07 18:16:28 - [TEST_STEP][PASSED] - out.println("Begin Record Number: " + row): null

2024-11-07 18:16:28 - [TEST_STEP][PASSED] - today = new java.util.Date(): null

2024-11-07 18:16:28 - [TEST_STEP][PASSED] - println(today): null

2024-11-07 18:16:28 - [TEST_STEP][PASSED] - datText = today: null

2024-11-07 18:16:28 - [TEST_STEP][PASSED] - logInfo("Payment Type: New Tax Return Amount Due"): Payment Type: New Tax Return Amount Due

2024-11-07 18:16:28 - [MESSAGE][INFO] - Payment Type: New Tax Return Amount Due

2024-11-07 18:16:28 - [TEST_STEP][PASSED] - logInfo("Tax Type: " + TaxType): Tax Type: PTE Non-Electing Non-S Corp

2024-11-07 18:16:28 - [MESSAGE][INFO] - Tax Type: PTE Non-Electing Non-S Corp

2024-11-07 18:16:28 - [TEST_STEP][PASSED] - openBrowser(""): Browser is opened with url: ''

2024-11-07 18:16:28 - [MESSAGE][WARNING] - A browser is already opened. Closing browser and opening a new one

2024-11-07 18:16:29 - [MESSAGE][INFO] - Starting 'Chrome' driver

2024-11-07 18:16:29 - [MESSAGE][INFO] - User set preference: ['acceptInsecureCerts', 'true']

2024-11-07 18:16:29 - [MESSAGE][INFO] - Action delay is set to 0 milliseconds

2024-11-07 18:16:31 - [MESSAGE][PASSED] - Browser is opened with url: ''

2024-11-07 18:16:31 - [TEST_STEP][PASSED] - maximizeWindow(): Current window maximized

2024-11-07 18:16:31 - [MESSAGE][PASSED] - Current window maximized

2024-11-07 18:16:31 - [TEST_STEP][PASSED] - navigateToUrl(RADurl): Navigate to 'https://www.velocitypayment.com/client/rad/index.html' successfully

2024-11-07 18:16:32 - [MESSAGE][PASSED] - Navigate to 'https://www.velocitypayment.com/client/rad/index.html' successfully

2024-11-07 18:16:32 - [TEST_STEP][PASSED] - selectOptionByLabel(findTestObject(orPath_Landing + "/dd_TaxType"), "New Tax Return Amount Due", false): All options with label 'New Tax Return Amount Due' are selected in object 'Object Repository/RAD_Pages/Landing_Page/dd_TaxType' 

2024-11-07 18:16:34 - [MESSAGE][PASSED] - All options with label 'New Tax Return Amount Due' are selected in object 'Object Repository/RAD_Pages/Landing_Page/dd_TaxType' 

2024-11-07 18:16:34 - [TEST_STEP][PASSED] - selectOptionByLabel(findTestObject("Object Repository/RAD_Pages/Landing_Page/select_NewTaxReturnAmountDue_TaxType"), TaxType, false): All options with label 'PTE Non-Electing Non-S Corp' are selected in object 'Object Repository/RAD_Pages/Landing_Page/select_NewTaxReturnAmountDue_TaxType' 

2024-11-07 18:16:35 - [MESSAGE][PASSED] - All options with label 'PTE Non-Electing Non-S Corp' are selected in object 'Object Repository/RAD_Pages/Landing_Page/select_NewTaxReturnAmountDue_TaxType' 

2024-11-07 18:16:35 - [TEST_STEP][PASSED] - selectOptionByLabel(findTestObject(orPath_TaxTypeFilingYear + "/select_FilingYear"), FilingYear, false): All options with label '2021' are selected in object 'Object Repository/RAD_Pages/TaxTypeFilingYear_Page/select_FilingYear' 

2024-11-07 18:16:36 - [MESSAGE][PASSED] - All options with label '2021' are selected in object 'Object Repository/RAD_Pages/TaxTypeFilingYear_Page/select_FilingYear' 

2024-11-07 18:16:36 - [TEST_STEP][PASSED] - setText(findTestObject(orPath_TaxPayer + "/input_businessName"), " "): Text ' ' is set on object 'Object Repository/RAD_Pages/Taxpayer_Page/input_businessName'

2024-11-07 18:16:36 - [MESSAGE][PASSED] - Text ' ' is set on object 'Object Repository/RAD_Pages/Taxpayer_Page/input_businessName'

2024-11-07 18:16:36 - [TEST_STEP][PASSED] - setText(findTestObject(orPath_TaxPayer + "/input_BusinessRepfirstName"), " "): Text ' ' is set on object 'Object Repository/RAD_Pages/Taxpayer_Page/input_BusinessRepfirstName'

2024-11-07 18:16:37 - [MESSAGE][PASSED] - Text ' ' is set on object 'Object Repository/RAD_Pages/Taxpayer_Page/input_BusinessRepfirstName'

2024-11-07 18:16:37 - [TEST_STEP][PASSED] - setText(findTestObject(orPath_TaxPayer + "/input_BusinessReplastName"), " "): Text ' ' is set on object 'Object Repository/RAD_Pages/Taxpayer_Page/input_BusinessReplastName'

2024-11-07 18:16:38 - [MESSAGE][PASSED] - Text ' ' is set on object 'Object Repository/RAD_Pages/Taxpayer_Page/input_BusinessReplastName'

2024-11-07 18:16:38 - [TEST_STEP][PASSED] - setText(findTestObject(orPath_AddressContact + "/input_streetAddress1"), " "): Text ' ' is set on object 'Object Repository/RAD_Pages/AddressAndContactInfo_Page/input_streetAddress1'

2024-11-07 18:16:39 - [MESSAGE][PASSED] - Text ' ' is set on object 'Object Repository/RAD_Pages/AddressAndContactInfo_Page/input_streetAddress1'

2024-11-07 18:16:39 - [TEST_STEP][PASSED] - setText(findTestObject(orPath_AddressContact + "/input_city"), " "): Text ' ' is set on object 'Object Repository/RAD_Pages/AddressAndContactInfo_Page/input_city'

2024-11-07 18:16:39 - [MESSAGE][PASSED] - Text ' ' is set on object 'Object Repository/RAD_Pages/AddressAndContactInfo_Page/input_city'

2024-11-07 18:16:39 - [TEST_STEP][PASSED] - setText(findTestObject(orPath_AddressContact + "/input_zipCode"), " "): Text ' ' is set on object 'Object Repository/RAD_Pages/AddressAndContactInfo_Page/input_zipCode'

2024-11-07 18:16:40 - [MESSAGE][PASSED] - Text ' ' is set on object 'Object Repository/RAD_Pages/AddressAndContactInfo_Page/input_zipCode'

2024-11-07 18:16:40 - [TEST_STEP][PASSED] - setText(findTestObject(orPath_AddressContact + "/input_phoneNumber"), " "): Text ' ' is set on object 'Object Repository/RAD_Pages/AddressAndContactInfo_Page/input_phoneNumber'

2024-11-07 18:16:41 - [MESSAGE][PASSED] - Text ' ' is set on object 'Object Repository/RAD_Pages/AddressAndContactInfo_Page/input_phoneNumber'

2024-11-07 18:16:41 - [TEST_STEP][PASSED] - setText(findTestObject(orPath_AddressContact + "/input_eMailAddress"), " "): Text ' ' is set on object 'Object Repository/RAD_Pages/AddressAndContactInfo_Page/input_eMailAddress'

2024-11-07 18:16:42 - [MESSAGE][PASSED] - Text ' ' is set on object 'Object Repository/RAD_Pages/AddressAndContactInfo_Page/input_eMailAddress'

2024-11-07 18:16:42 - [TEST_STEP][PASSED] - setText(findTestObject(orPath_AddressContact + "/input_reEnterEMailAddress"), " "): Text ' ' is set on object 'Object Repository/RAD_Pages/AddressAndContactInfo_Page/input_reEnterEMailAddress'

2024-11-07 18:16:43 - [MESSAGE][PASSED] - Text ' ' is set on object 'Object Repository/RAD_Pages/AddressAndContactInfo_Page/input_reEnterEMailAddress'

2024-11-07 18:16:43 - [TEST_STEP][PASSED] - if (TaxType.equalsIgnoreCase("Estate Tax")): null

2024-11-07 18:16:43 - [TEST_STEP][PASSED] - setText(findTestObject(orPath_Amount + "/input__paymentAmount"), ""): Text '' is set on object 'Object Repository/RAD_Pages/PaymentAmount_Page/input__paymentAmount'

2024-11-07 18:16:43 - [MESSAGE][PASSED] - Text '' is set on object 'Object Repository/RAD_Pages/PaymentAmount_Page/input__paymentAmount'

2024-11-07 18:16:43 - [TEST_STEP][PASSED] - resText = "Fail": null

2024-11-07 18:16:43 - [TEST_STEP][PASSED] - pages.WriteExcel.demoKey(resText, datText, resColumn, datCloumn, fileLoc, nameSheet, row): pages.WriteExcel.demoKey is PASSED

2024-11-07 18:16:44 - [MESSAGE][PASSED] - pages.WriteExcel.demoKey is PASSED

2024-11-07 18:16:44 - [TEST_STEP][PASSED] - verifyTextPresent("Enter business name", true, CONTINUE_ON_FAILURE): Text 'Enter business name' is present on page  using regular expression

2024-11-07 18:16:44 - [MESSAGE][PASSED] - Text 'Enter business name' is present on page  using regular expression

2024-11-07 18:16:44 - [TEST_STEP][PASSED] - verifyTextPresent("Enter business rep first name", true, CONTINUE_ON_FAILURE): Text 'Enter business rep first name' is present on page  using regular expression

2024-11-07 18:16:44 - [MESSAGE][PASSED] - Text 'Enter business rep first name' is present on page  using regular expression

2024-11-07 18:16:44 - [TEST_STEP][PASSED] - verifyTextPresent("Enter business rep last name", true, CONTINUE_ON_FAILURE): Text 'Enter business rep last name' is present on page  using regular expression

2024-11-07 18:16:45 - [MESSAGE][PASSED] - Text 'Enter business rep last name' is present on page  using regular expression

2024-11-07 18:16:45 - [TEST_STEP][PASSED] - verifyTextPresent("Enter address", true, CONTINUE_ON_FAILURE): Text 'Enter address' is present on page  using regular expression

2024-11-07 18:16:45 - [MESSAGE][PASSED] - Text 'Enter address' is present on page  using regular expression

2024-11-07 18:16:45 - [TEST_STEP][PASSED] - verifyTextPresent("Enter city", true, CONTINUE_ON_FAILURE): Text 'Enter city' is present on page  using regular expression

2024-11-07 18:16:45 - [MESSAGE][PASSED] - Text 'Enter city' is present on page  using regular expression

2024-11-07 18:16:45 - [TEST_STEP][PASSED] - verifyTextPresent("Enter ZIP code", true, CONTINUE_ON_FAILURE): Text 'Enter ZIP code' is present on page  using regular expression

2024-11-07 18:16:46 - [MESSAGE][PASSED] - Text 'Enter ZIP code' is present on page  using regular expression

2024-11-07 18:16:46 - [TEST_STEP][PASSED] - verifyTextPresent("Enter a valid phone number", true, CONTINUE_ON_FAILURE): Text 'Enter a valid phone number' is present on page  using regular expression

2024-11-07 18:16:46 - [MESSAGE][PASSED] - Text 'Enter a valid phone number' is present on page  using regular expression

2024-11-07 18:16:46 - [TEST_STEP][PASSED] - verifyTextPresent("Enter Email", true, CONTINUE_ON_FAILURE): Text 'Enter Email' is present on page  using regular expression

2024-11-07 18:16:46 - [MESSAGE][PASSED] - Text 'Enter Email' is present on page  using regular expression

2024-11-07 18:16:46 - [TEST_STEP][PASSED] - if (CRN.equalsIgnoreCase("Y")): null

2024-11-07 18:16:46 - [TEST_STEP][PASSED] - if (MFLicNum.equalsIgnoreCase("Y")): null

2024-11-07 18:16:46 - [TEST_STEP][PASSED] - resText = "Pass": null

2024-11-07 18:16:46 - [TEST_STEP][PASSED] - pages.WriteExcel.demoKey(resText, datText, resColumn, datCloumn, fileLoc, nameSheet, row): pages.WriteExcel.demoKey is PASSED

2024-11-07 18:16:47 - [MESSAGE][PASSED] - pages.WriteExcel.demoKey is PASSED

2024-11-07 18:16:47 - [TEST_STEP][PASSED] - ExecuteTC = findTestData(dataFile).getValue("Execute", row): null

2024-11-07 18:16:47 - [TEST_STEP][PASSED] - TaxType = findTestData(dataFile).getValue("TaxType", row): null

2024-11-07 18:16:47 - [TEST_STEP][PASSED] - PaymentType = findTestData(dataFile).getValue("PaymentType", row): null

2024-11-07 18:16:47 - [TEST_STEP][PASSED] - FilingYear = findTestData(dataFile).getValue("Year", row): null

2024-11-07 18:16:47 - [TEST_STEP][PASSED] - feinSSN = findTestData(dataFile).getValue("FeinSsn", row): null

2024-11-07 18:16:47 - [TEST_STEP][PASSED] - CRN = findTestData(dataFile).getValue("CRN", row): null

2024-11-07 18:16:47 - [TEST_STEP][PASSED] - MFLicNum = findTestData(dataFile).getValue("MFLicNum", row): null

2024-11-07 18:16:47 - [TEST_STEP][PASSED] - if (ExecuteTC.equalsIgnoreCase("Y")): pages.WriteExcel.demoKey is PASSED

2024-11-07 18:16:47 - [TEST_STEP][PASSED] - out.println("Begin Record Number: " + row): null

2024-11-07 18:16:47 - [TEST_STEP][PASSED] - today = new java.util.Date(): null

2024-11-07 18:16:47 - [TEST_STEP][PASSED] - println(today): null

2024-11-07 18:16:47 - [TEST_STEP][PASSED] - datText = today: null

2024-11-07 18:16:47 - [TEST_STEP][PASSED] - logInfo("Payment Type: New Tax Return Amount Due"): Payment Type: New Tax Return Amount Due

2024-11-07 18:16:47 - [MESSAGE][INFO] - Payment Type: New Tax Return Amount Due

2024-11-07 18:16:47 - [TEST_STEP][PASSED] - logInfo("Tax Type: " + TaxType): Tax Type: PTE Non-Electing S Corp

2024-11-07 18:16:47 - [MESSAGE][INFO] - Tax Type: PTE Non-Electing S Corp

2024-11-07 18:16:47 - [TEST_STEP][PASSED] - openBrowser(""): Browser is opened with url: ''

2024-11-07 18:16:47 - [MESSAGE][WARNING] - A browser is already opened. Closing browser and opening a new one

2024-11-07 18:16:49 - [MESSAGE][INFO] - Starting 'Chrome' driver

2024-11-07 18:16:49 - [MESSAGE][INFO] - User set preference: ['acceptInsecureCerts', 'true']

2024-11-07 18:16:49 - [MESSAGE][INFO] - Action delay is set to 0 milliseconds

2024-11-07 18:16:51 - [MESSAGE][PASSED] - Browser is opened with url: ''

2024-11-07 18:16:51 - [TEST_STEP][PASSED] - maximizeWindow(): Current window maximized

2024-11-07 18:16:51 - [MESSAGE][PASSED] - Current window maximized

2024-11-07 18:16:51 - [TEST_STEP][PASSED] - navigateToUrl(RADurl): Navigate to 'https://www.velocitypayment.com/client/rad/index.html' successfully

2024-11-07 18:16:53 - [MESSAGE][PASSED] - Navigate to 'https://www.velocitypayment.com/client/rad/index.html' successfully

2024-11-07 18:16:53 - [TEST_STEP][PASSED] - selectOptionByLabel(findTestObject(orPath_Landing + "/dd_TaxType"), "New Tax Return Amount Due", false): All options with label 'New Tax Return Amount Due' are selected in object 'Object Repository/RAD_Pages/Landing_Page/dd_TaxType' 

2024-11-07 18:16:54 - [MESSAGE][PASSED] - All options with label 'New Tax Return Amount Due' are selected in object 'Object Repository/RAD_Pages/Landing_Page/dd_TaxType' 

2024-11-07 18:16:54 - [TEST_STEP][PASSED] - selectOptionByLabel(findTestObject("Object Repository/RAD_Pages/Landing_Page/select_NewTaxReturnAmountDue_TaxType"), TaxType, false): All options with label 'PTE Non-Electing S Corp' are selected in object 'Object Repository/RAD_Pages/Landing_Page/select_NewTaxReturnAmountDue_TaxType' 

2024-11-07 18:16:55 - [MESSAGE][PASSED] - All options with label 'PTE Non-Electing S Corp' are selected in object 'Object Repository/RAD_Pages/Landing_Page/select_NewTaxReturnAmountDue_TaxType' 

2024-11-07 18:16:55 - [TEST_STEP][PASSED] - selectOptionByLabel(findTestObject(orPath_TaxTypeFilingYear + "/select_FilingYear"), FilingYear, false): All options with label '2021' are selected in object 'Object Repository/RAD_Pages/TaxTypeFilingYear_Page/select_FilingYear' 

2024-11-07 18:16:56 - [MESSAGE][PASSED] - All options with label '2021' are selected in object 'Object Repository/RAD_Pages/TaxTypeFilingYear_Page/select_FilingYear' 

2024-11-07 18:16:56 - [TEST_STEP][PASSED] - setText(findTestObject(orPath_TaxPayer + "/input_businessName"), " "): Text ' ' is set on object 'Object Repository/RAD_Pages/Taxpayer_Page/input_businessName'

2024-11-07 18:16:57 - [MESSAGE][PASSED] - Text ' ' is set on object 'Object Repository/RAD_Pages/Taxpayer_Page/input_businessName'

2024-11-07 18:16:57 - [TEST_STEP][PASSED] - setText(findTestObject(orPath_TaxPayer + "/input_BusinessRepfirstName"), " "): Text ' ' is set on object 'Object Repository/RAD_Pages/Taxpayer_Page/input_BusinessRepfirstName'

2024-11-07 18:16:58 - [MESSAGE][PASSED] - Text ' ' is set on object 'Object Repository/RAD_Pages/Taxpayer_Page/input_BusinessRepfirstName'

2024-11-07 18:16:58 - [TEST_STEP][PASSED] - setText(findTestObject(orPath_TaxPayer + "/input_BusinessReplastName"), " "): Text ' ' is set on object 'Object Repository/RAD_Pages/Taxpayer_Page/input_BusinessReplastName'

2024-11-07 18:16:58 - [MESSAGE][PASSED] - Text ' ' is set on object 'Object Repository/RAD_Pages/Taxpayer_Page/input_BusinessReplastName'

2024-11-07 18:16:58 - [TEST_STEP][PASSED] - setText(findTestObject(orPath_AddressContact + "/input_streetAddress1"), " "): Text ' ' is set on object 'Object Repository/RAD_Pages/AddressAndContactInfo_Page/input_streetAddress1'

2024-11-07 18:16:59 - [MESSAGE][PASSED] - Text ' ' is set on object 'Object Repository/RAD_Pages/AddressAndContactInfo_Page/input_streetAddress1'

2024-11-07 18:16:59 - [TEST_STEP][PASSED] - setText(findTestObject(orPath_AddressContact + "/input_city"), " "): Text ' ' is set on object 'Object Repository/RAD_Pages/AddressAndContactInfo_Page/input_city'

2024-11-07 18:17:00 - [MESSAGE][PASSED] - Text ' ' is set on object 'Object Repository/RAD_Pages/AddressAndContactInfo_Page/input_city'

2024-11-07 18:17:00 - [TEST_STEP][PASSED] - setText(findTestObject(orPath_AddressContact + "/input_zipCode"), " "): Text ' ' is set on object 'Object Repository/RAD_Pages/AddressAndContactInfo_Page/input_zipCode'

2024-11-07 18:17:01 - [MESSAGE][PASSED] - Text ' ' is set on object 'Object Repository/RAD_Pages/AddressAndContactInfo_Page/input_zipCode'

2024-11-07 18:17:01 - [TEST_STEP][PASSED] - setText(findTestObject(orPath_AddressContact + "/input_phoneNumber"), " "): Text ' ' is set on object 'Object Repository/RAD_Pages/AddressAndContactInfo_Page/input_phoneNumber'

2024-11-07 18:17:01 - [MESSAGE][PASSED] - Text ' ' is set on object 'Object Repository/RAD_Pages/AddressAndContactInfo_Page/input_phoneNumber'

2024-11-07 18:17:01 - [TEST_STEP][PASSED] - setText(findTestObject(orPath_AddressContact + "/input_eMailAddress"), " "): Text ' ' is set on object 'Object Repository/RAD_Pages/AddressAndContactInfo_Page/input_eMailAddress'

2024-11-07 18:17:02 - [MESSAGE][PASSED] - Text ' ' is set on object 'Object Repository/RAD_Pages/AddressAndContactInfo_Page/input_eMailAddress'

2024-11-07 18:17:02 - [TEST_STEP][PASSED] - setText(findTestObject(orPath_AddressContact + "/input_reEnterEMailAddress"), " "): Text ' ' is set on object 'Object Repository/RAD_Pages/AddressAndContactInfo_Page/input_reEnterEMailAddress'

2024-11-07 18:17:03 - [MESSAGE][PASSED] - Text ' ' is set on object 'Object Repository/RAD_Pages/AddressAndContactInfo_Page/input_reEnterEMailAddress'

2024-11-07 18:17:03 - [TEST_STEP][PASSED] - if (TaxType.equalsIgnoreCase("Estate Tax")): null

2024-11-07 18:17:03 - [TEST_STEP][PASSED] - setText(findTestObject(orPath_Amount + "/input__paymentAmount"), ""): Text '' is set on object 'Object Repository/RAD_Pages/PaymentAmount_Page/input__paymentAmount'

2024-11-07 18:17:04 - [MESSAGE][PASSED] - Text '' is set on object 'Object Repository/RAD_Pages/PaymentAmount_Page/input__paymentAmount'

2024-11-07 18:17:04 - [TEST_STEP][PASSED] - resText = "Fail": null

2024-11-07 18:17:04 - [TEST_STEP][PASSED] - pages.WriteExcel.demoKey(resText, datText, resColumn, datCloumn, fileLoc, nameSheet, row): pages.WriteExcel.demoKey is PASSED

2024-11-07 18:17:04 - [MESSAGE][PASSED] - pages.WriteExcel.demoKey is PASSED

2024-11-07 18:17:04 - [TEST_STEP][PASSED] - verifyTextPresent("Enter business name", true, CONTINUE_ON_FAILURE): Text 'Enter business name' is present on page  using regular expression

2024-11-07 18:17:04 - [MESSAGE][PASSED] - Text 'Enter business name' is present on page  using regular expression

2024-11-07 18:17:04 - [TEST_STEP][PASSED] - verifyTextPresent("Enter business rep first name", true, CONTINUE_ON_FAILURE): Text 'Enter business rep first name' is present on page  using regular expression

2024-11-07 18:17:05 - [MESSAGE][PASSED] - Text 'Enter business rep first name' is present on page  using regular expression

2024-11-07 18:17:05 - [TEST_STEP][PASSED] - verifyTextPresent("Enter business rep last name", true, CONTINUE_ON_FAILURE): Text 'Enter business rep last name' is present on page  using regular expression

2024-11-07 18:17:05 - [MESSAGE][PASSED] - Text 'Enter business rep last name' is present on page  using regular expression

2024-11-07 18:17:05 - [TEST_STEP][PASSED] - verifyTextPresent("Enter address", true, CONTINUE_ON_FAILURE): Text 'Enter address' is present on page  using regular expression

2024-11-07 18:17:05 - [MESSAGE][PASSED] - Text 'Enter address' is present on page  using regular expression

2024-11-07 18:17:05 - [TEST_STEP][PASSED] - verifyTextPresent("Enter city", true, CONTINUE_ON_FAILURE): Text 'Enter city' is present on page  using regular expression

2024-11-07 18:17:06 - [MESSAGE][PASSED] - Text 'Enter city' is present on page  using regular expression

2024-11-07 18:17:06 - [TEST_STEP][PASSED] - verifyTextPresent("Enter ZIP code", true, CONTINUE_ON_FAILURE): Text 'Enter ZIP code' is present on page  using regular expression

2024-11-07 18:17:06 - [MESSAGE][PASSED] - Text 'Enter ZIP code' is present on page  using regular expression

2024-11-07 18:17:06 - [TEST_STEP][PASSED] - verifyTextPresent("Enter a valid phone number", true, CONTINUE_ON_FAILURE): Text 'Enter a valid phone number' is present on page  using regular expression

2024-11-07 18:17:07 - [MESSAGE][PASSED] - Text 'Enter a valid phone number' is present on page  using regular expression

2024-11-07 18:17:07 - [TEST_STEP][PASSED] - verifyTextPresent("Enter Email", true, CONTINUE_ON_FAILURE): Text 'Enter Email' is present on page  using regular expression

2024-11-07 18:17:07 - [MESSAGE][PASSED] - Text 'Enter Email' is present on page  using regular expression

2024-11-07 18:17:07 - [TEST_STEP][PASSED] - if (CRN.equalsIgnoreCase("Y")): null

2024-11-07 18:17:07 - [TEST_STEP][PASSED] - if (MFLicNum.equalsIgnoreCase("Y")): null

2024-11-07 18:17:07 - [TEST_STEP][PASSED] - resText = "Pass": null

2024-11-07 18:17:07 - [TEST_STEP][PASSED] - pages.WriteExcel.demoKey(resText, datText, resColumn, datCloumn, fileLoc, nameSheet, row): pages.WriteExcel.demoKey is PASSED

2024-11-07 18:17:07 - [MESSAGE][PASSED] - pages.WriteExcel.demoKey is PASSED

2024-11-07 18:17:07 - [TEST_STEP][PASSED] - ExecuteTC = findTestData(dataFile).getValue("Execute", row): null

2024-11-07 18:17:07 - [TEST_STEP][PASSED] - TaxType = findTestData(dataFile).getValue("TaxType", row): null

2024-11-07 18:17:07 - [TEST_STEP][PASSED] - PaymentType = findTestData(dataFile).getValue("PaymentType", row): null

2024-11-07 18:17:07 - [TEST_STEP][PASSED] - FilingYear = findTestData(dataFile).getValue("Year", row): null

2024-11-07 18:17:08 - [TEST_STEP][PASSED] - feinSSN = findTestData(dataFile).getValue("FeinSsn", row): null

2024-11-07 18:17:08 - [TEST_STEP][PASSED] - CRN = findTestData(dataFile).getValue("CRN", row): null

2024-11-07 18:17:08 - [TEST_STEP][PASSED] - MFLicNum = findTestData(dataFile).getValue("MFLicNum", row): null

2024-11-07 18:17:08 - [TEST_STEP][PASSED] - if (ExecuteTC.equalsIgnoreCase("Y")): pages.WriteExcel.demoKey is PASSED

2024-11-07 18:17:08 - [TEST_STEP][PASSED] - out.println("Begin Record Number: " + row): null

2024-11-07 18:17:08 - [TEST_STEP][PASSED] - today = new java.util.Date(): null

2024-11-07 18:17:08 - [TEST_STEP][PASSED] - println(today): null

2024-11-07 18:17:08 - [TEST_STEP][PASSED] - datText = today: null

2024-11-07 18:17:08 - [TEST_STEP][PASSED] - logInfo("Payment Type: New Tax Return Amount Due"): Payment Type: New Tax Return Amount Due

2024-11-07 18:17:08 - [MESSAGE][INFO] - Payment Type: New Tax Return Amount Due

2024-11-07 18:17:08 - [TEST_STEP][PASSED] - logInfo("Tax Type: " + TaxType): Tax Type: PTE Tax Electing Non-S Corp

2024-11-07 18:17:08 - [MESSAGE][INFO] - Tax Type: PTE Tax Electing Non-S Corp

2024-11-07 18:17:08 - [TEST_STEP][PASSED] - openBrowser(""): Browser is opened with url: ''

2024-11-07 18:17:08 - [MESSAGE][WARNING] - A browser is already opened. Closing browser and opening a new one

2024-11-07 18:17:12 - [MESSAGE][INFO] - Starting 'Chrome' driver

2024-11-07 18:17:12 - [MESSAGE][INFO] - User set preference: ['acceptInsecureCerts', 'true']

2024-11-07 18:17:12 - [MESSAGE][INFO] - Action delay is set to 0 milliseconds

2024-11-07 18:17:15 - [MESSAGE][PASSED] - Browser is opened with url: ''

2024-11-07 18:17:15 - [TEST_STEP][PASSED] - maximizeWindow(): Current window maximized

2024-11-07 18:17:15 - [MESSAGE][PASSED] - Current window maximized

2024-11-07 18:17:15 - [TEST_STEP][PASSED] - navigateToUrl(RADurl): Navigate to 'https://www.velocitypayment.com/client/rad/index.html' successfully

2024-11-07 18:17:15 - [MESSAGE][PASSED] - Navigate to 'https://www.velocitypayment.com/client/rad/index.html' successfully

2024-11-07 18:17:15 - [TEST_STEP][PASSED] - selectOptionByLabel(findTestObject(orPath_Landing + "/dd_TaxType"), "New Tax Return Amount Due", false): All options with label 'New Tax Return Amount Due' are selected in object 'Object Repository/RAD_Pages/Landing_Page/dd_TaxType' 

2024-11-07 18:17:18 - [MESSAGE][PASSED] - All options with label 'New Tax Return Amount Due' are selected in object 'Object Repository/RAD_Pages/Landing_Page/dd_TaxType' 

2024-11-07 18:17:18 - [TEST_STEP][PASSED] - selectOptionByLabel(findTestObject("Object Repository/RAD_Pages/Landing_Page/select_NewTaxReturnAmountDue_TaxType"), TaxType, false): All options with label 'PTE Tax Electing Non-S Corp' are selected in object 'Object Repository/RAD_Pages/Landing_Page/select_NewTaxReturnAmountDue_TaxType' 

2024-11-07 18:17:19 - [MESSAGE][PASSED] - All options with label 'PTE Tax Electing Non-S Corp' are selected in object 'Object Repository/RAD_Pages/Landing_Page/select_NewTaxReturnAmountDue_TaxType' 

2024-11-07 18:17:19 - [TEST_STEP][PASSED] - selectOptionByLabel(findTestObject(orPath_TaxTypeFilingYear + "/select_FilingYear"), FilingYear, false): All options with label '2021' are selected in object 'Object Repository/RAD_Pages/TaxTypeFilingYear_Page/select_FilingYear' 

2024-11-07 18:17:19 - [MESSAGE][PASSED] - All options with label '2021' are selected in object 'Object Repository/RAD_Pages/TaxTypeFilingYear_Page/select_FilingYear' 

2024-11-07 18:17:19 - [TEST_STEP][PASSED] - setText(findTestObject(orPath_TaxPayer + "/input_businessName"), " "): Text ' ' is set on object 'Object Repository/RAD_Pages/Taxpayer_Page/input_businessName'

2024-11-07 18:17:20 - [MESSAGE][PASSED] - Text ' ' is set on object 'Object Repository/RAD_Pages/Taxpayer_Page/input_businessName'

2024-11-07 18:17:20 - [TEST_STEP][PASSED] - setText(findTestObject(orPath_TaxPayer + "/input_BusinessRepfirstName"), " "): Text ' ' is set on object 'Object Repository/RAD_Pages/Taxpayer_Page/input_BusinessRepfirstName'

2024-11-07 18:17:21 - [MESSAGE][PASSED] - Text ' ' is set on object 'Object Repository/RAD_Pages/Taxpayer_Page/input_BusinessRepfirstName'

2024-11-07 18:17:21 - [TEST_STEP][PASSED] - setText(findTestObject(orPath_TaxPayer + "/input_BusinessReplastName"), " "): Text ' ' is set on object 'Object Repository/RAD_Pages/Taxpayer_Page/input_BusinessReplastName'

2024-11-07 18:17:22 - [MESSAGE][PASSED] - Text ' ' is set on object 'Object Repository/RAD_Pages/Taxpayer_Page/input_BusinessReplastName'

2024-11-07 18:17:22 - [TEST_STEP][PASSED] - setText(findTestObject(orPath_AddressContact + "/input_streetAddress1"), " "): Text ' ' is set on object 'Object Repository/RAD_Pages/AddressAndContactInfo_Page/input_streetAddress1'

2024-11-07 18:17:23 - [MESSAGE][PASSED] - Text ' ' is set on object 'Object Repository/RAD_Pages/AddressAndContactInfo_Page/input_streetAddress1'

2024-11-07 18:17:23 - [TEST_STEP][PASSED] - setText(findTestObject(orPath_AddressContact + "/input_city"), " "): Text ' ' is set on object 'Object Repository/RAD_Pages/AddressAndContactInfo_Page/input_city'

2024-11-07 18:17:24 - [MESSAGE][PASSED] - Text ' ' is set on object 'Object Repository/RAD_Pages/AddressAndContactInfo_Page/input_city'

2024-11-07 18:17:24 - [TEST_STEP][PASSED] - setText(findTestObject(orPath_AddressContact + "/input_zipCode"), " "): Text ' ' is set on object 'Object Repository/RAD_Pages/AddressAndContactInfo_Page/input_zipCode'

2024-11-07 18:17:25 - [MESSAGE][PASSED] - Text ' ' is set on object 'Object Repository/RAD_Pages/AddressAndContactInfo_Page/input_zipCode'

2024-11-07 18:17:25 - [TEST_STEP][PASSED] - setText(findTestObject(orPath_AddressContact + "/input_phoneNumber"), " "): Text ' ' is set on object 'Object Repository/RAD_Pages/AddressAndContactInfo_Page/input_phoneNumber'

2024-11-07 18:17:25 - [MESSAGE][PASSED] - Text ' ' is set on object 'Object Repository/RAD_Pages/AddressAndContactInfo_Page/input_phoneNumber'

2024-11-07 18:17:25 - [TEST_STEP][PASSED] - setText(findTestObject(orPath_AddressContact + "/input_eMailAddress"), " "): Text ' ' is set on object 'Object Repository/RAD_Pages/AddressAndContactInfo_Page/input_eMailAddress'

2024-11-07 18:17:26 - [MESSAGE][PASSED] - Text ' ' is set on object 'Object Repository/RAD_Pages/AddressAndContactInfo_Page/input_eMailAddress'

2024-11-07 18:17:26 - [TEST_STEP][PASSED] - setText(findTestObject(orPath_AddressContact + "/input_reEnterEMailAddress"), " "): Text ' ' is set on object 'Object Repository/RAD_Pages/AddressAndContactInfo_Page/input_reEnterEMailAddress'

2024-11-07 18:17:27 - [MESSAGE][PASSED] - Text ' ' is set on object 'Object Repository/RAD_Pages/AddressAndContactInfo_Page/input_reEnterEMailAddress'

2024-11-07 18:17:27 - [TEST_STEP][PASSED] - if (TaxType.equalsIgnoreCase("Estate Tax")): null

2024-11-07 18:17:27 - [TEST_STEP][PASSED] - setText(findTestObject(orPath_Amount + "/input__paymentAmount"), ""): Text '' is set on object 'Object Repository/RAD_Pages/PaymentAmount_Page/input__paymentAmount'

2024-11-07 18:17:28 - [MESSAGE][PASSED] - Text '' is set on object 'Object Repository/RAD_Pages/PaymentAmount_Page/input__paymentAmount'

2024-11-07 18:17:28 - [TEST_STEP][PASSED] - resText = "Fail": null

2024-11-07 18:17:28 - [TEST_STEP][PASSED] - pages.WriteExcel.demoKey(resText, datText, resColumn, datCloumn, fileLoc, nameSheet, row): pages.WriteExcel.demoKey is PASSED

2024-11-07 18:17:28 - [MESSAGE][PASSED] - pages.WriteExcel.demoKey is PASSED

2024-11-07 18:17:28 - [TEST_STEP][PASSED] - verifyTextPresent("Enter business name", true, CONTINUE_ON_FAILURE): Text 'Enter business name' is present on page  using regular expression

2024-11-07 18:17:28 - [MESSAGE][PASSED] - Text 'Enter business name' is present on page  using regular expression

2024-11-07 18:17:28 - [TEST_STEP][PASSED] - verifyTextPresent("Enter business rep first name", true, CONTINUE_ON_FAILURE): Text 'Enter business rep first name' is present on page  using regular expression

2024-11-07 18:17:28 - [MESSAGE][PASSED] - Text 'Enter business rep first name' is present on page  using regular expression

2024-11-07 18:17:28 - [TEST_STEP][PASSED] - verifyTextPresent("Enter business rep last name", true, CONTINUE_ON_FAILURE): Text 'Enter business rep last name' is present on page  using regular expression

2024-11-07 18:17:29 - [MESSAGE][PASSED] - Text 'Enter business rep last name' is present on page  using regular expression

2024-11-07 18:17:29 - [TEST_STEP][PASSED] - verifyTextPresent("Enter address", true, CONTINUE_ON_FAILURE): Text 'Enter address' is present on page  using regular expression

2024-11-07 18:17:29 - [MESSAGE][PASSED] - Text 'Enter address' is present on page  using regular expression

2024-11-07 18:17:29 - [TEST_STEP][PASSED] - verifyTextPresent("Enter city", true, CONTINUE_ON_FAILURE): Text 'Enter city' is present on page  using regular expression

2024-11-07 18:17:29 - [MESSAGE][PASSED] - Text 'Enter city' is present on page  using regular expression

2024-11-07 18:17:29 - [TEST_STEP][PASSED] - verifyTextPresent("Enter ZIP code", true, CONTINUE_ON_FAILURE): Text 'Enter ZIP code' is present on page  using regular expression

2024-11-07 18:17:30 - [MESSAGE][PASSED] - Text 'Enter ZIP code' is present on page  using regular expression

2024-11-07 18:17:30 - [TEST_STEP][PASSED] - verifyTextPresent("Enter a valid phone number", true, CONTINUE_ON_FAILURE): Text 'Enter a valid phone number' is present on page  using regular expression

2024-11-07 18:17:30 - [MESSAGE][PASSED] - Text 'Enter a valid phone number' is present on page  using regular expression

2024-11-07 18:17:30 - [TEST_STEP][PASSED] - verifyTextPresent("Enter Email", true, CONTINUE_ON_FAILURE): Text 'Enter Email' is present on page  using regular expression

2024-11-07 18:17:30 - [MESSAGE][PASSED] - Text 'Enter Email' is present on page  using regular expression

2024-11-07 18:17:30 - [TEST_STEP][PASSED] - if (CRN.equalsIgnoreCase("Y")): null

2024-11-07 18:17:30 - [TEST_STEP][PASSED] - if (MFLicNum.equalsIgnoreCase("Y")): null

2024-11-07 18:17:30 - [TEST_STEP][PASSED] - resText = "Pass": null

2024-11-07 18:17:30 - [TEST_STEP][PASSED] - pages.WriteExcel.demoKey(resText, datText, resColumn, datCloumn, fileLoc, nameSheet, row): pages.WriteExcel.demoKey is PASSED

2024-11-07 18:17:31 - [MESSAGE][PASSED] - pages.WriteExcel.demoKey is PASSED

2024-11-07 18:17:31 - [TEST_STEP][PASSED] - ExecuteTC = findTestData(dataFile).getValue("Execute", row): null

2024-11-07 18:17:31 - [TEST_STEP][PASSED] - TaxType = findTestData(dataFile).getValue("TaxType", row): null

2024-11-07 18:17:31 - [TEST_STEP][PASSED] - PaymentType = findTestData(dataFile).getValue("PaymentType", row): null

2024-11-07 18:17:31 - [TEST_STEP][PASSED] - FilingYear = findTestData(dataFile).getValue("Year", row): null

2024-11-07 18:17:31 - [TEST_STEP][PASSED] - feinSSN = findTestData(dataFile).getValue("FeinSsn", row): null

2024-11-07 18:17:31 - [TEST_STEP][PASSED] - CRN = findTestData(dataFile).getValue("CRN", row): null

2024-11-07 18:17:31 - [TEST_STEP][PASSED] - MFLicNum = findTestData(dataFile).getValue("MFLicNum", row): null

2024-11-07 18:17:31 - [TEST_STEP][PASSED] - if (ExecuteTC.equalsIgnoreCase("Y")): pages.WriteExcel.demoKey is PASSED

2024-11-07 18:17:31 - [TEST_STEP][PASSED] - out.println("Begin Record Number: " + row): null

2024-11-07 18:17:31 - [TEST_STEP][PASSED] - today = new java.util.Date(): null

2024-11-07 18:17:31 - [TEST_STEP][PASSED] - println(today): null

2024-11-07 18:17:31 - [TEST_STEP][PASSED] - datText = today: null

2024-11-07 18:17:31 - [TEST_STEP][PASSED] - logInfo("Payment Type: New Tax Return Amount Due"): Payment Type: New Tax Return Amount Due

2024-11-07 18:17:31 - [MESSAGE][INFO] - Payment Type: New Tax Return Amount Due

2024-11-07 18:17:31 - [TEST_STEP][PASSED] - logInfo("Tax Type: " + TaxType): Tax Type: PTE Tax Electing S Corp

2024-11-07 18:17:31 - [MESSAGE][INFO] - Tax Type: PTE Tax Electing S Corp

2024-11-07 18:17:31 - [TEST_STEP][PASSED] - openBrowser(""): Browser is opened with url: ''

2024-11-07 18:17:31 - [MESSAGE][WARNING] - A browser is already opened. Closing browser and opening a new one

2024-11-07 18:17:32 - [MESSAGE][INFO] - Starting 'Chrome' driver

2024-11-07 18:17:32 - [MESSAGE][INFO] - User set preference: ['acceptInsecureCerts', 'true']

2024-11-07 18:17:32 - [MESSAGE][INFO] - Action delay is set to 0 milliseconds

2024-11-07 18:17:34 - [MESSAGE][PASSED] - Browser is opened with url: ''

2024-11-07 18:17:34 - [TEST_STEP][PASSED] - maximizeWindow(): Current window maximized

2024-11-07 18:17:34 - [MESSAGE][PASSED] - Current window maximized

2024-11-07 18:17:34 - [TEST_STEP][PASSED] - navigateToUrl(RADurl): Navigate to 'https://www.velocitypayment.com/client/rad/index.html' successfully

2024-11-07 18:17:38 - [MESSAGE][PASSED] - Navigate to 'https://www.velocitypayment.com/client/rad/index.html' successfully

2024-11-07 18:17:38 - [TEST_STEP][PASSED] - selectOptionByLabel(findTestObject(orPath_Landing + "/dd_TaxType"), "New Tax Return Amount Due", false): All options with label 'New Tax Return Amount Due' are selected in object 'Object Repository/RAD_Pages/Landing_Page/dd_TaxType' 

2024-11-07 18:17:38 - [MESSAGE][PASSED] - All options with label 'New Tax Return Amount Due' are selected in object 'Object Repository/RAD_Pages/Landing_Page/dd_TaxType' 

2024-11-07 18:17:38 - [TEST_STEP][PASSED] - selectOptionByLabel(findTestObject("Object Repository/RAD_Pages/Landing_Page/select_NewTaxReturnAmountDue_TaxType"), TaxType, false): All options with label 'PTE Tax Electing S Corp' are selected in object 'Object Repository/RAD_Pages/Landing_Page/select_NewTaxReturnAmountDue_TaxType' 

2024-11-07 18:17:39 - [MESSAGE][PASSED] - All options with label 'PTE Tax Electing S Corp' are selected in object 'Object Repository/RAD_Pages/Landing_Page/select_NewTaxReturnAmountDue_TaxType' 

2024-11-07 18:17:39 - [TEST_STEP][PASSED] - selectOptionByLabel(findTestObject(orPath_TaxTypeFilingYear + "/select_FilingYear"), FilingYear, false): All options with label '2021' are selected in object 'Object Repository/RAD_Pages/TaxTypeFilingYear_Page/select_FilingYear' 

2024-11-07 18:17:40 - [MESSAGE][PASSED] - All options with label '2021' are selected in object 'Object Repository/RAD_Pages/TaxTypeFilingYear_Page/select_FilingYear' 

2024-11-07 18:17:40 - [TEST_STEP][PASSED] - setText(findTestObject(orPath_TaxPayer + "/input_businessName"), " "): Text ' ' is set on object 'Object Repository/RAD_Pages/Taxpayer_Page/input_businessName'

2024-11-07 18:17:41 - [MESSAGE][PASSED] - Text ' ' is set on object 'Object Repository/RAD_Pages/Taxpayer_Page/input_businessName'

2024-11-07 18:17:41 - [TEST_STEP][PASSED] - setText(findTestObject(orPath_TaxPayer + "/input_BusinessRepfirstName"), " "): Text ' ' is set on object 'Object Repository/RAD_Pages/Taxpayer_Page/input_BusinessRepfirstName'

2024-11-07 18:17:41 - [MESSAGE][PASSED] - Text ' ' is set on object 'Object Repository/RAD_Pages/Taxpayer_Page/input_BusinessRepfirstName'

2024-11-07 18:17:41 - [TEST_STEP][PASSED] - setText(findTestObject(orPath_TaxPayer + "/input_BusinessReplastName"), " "): Text ' ' is set on object 'Object Repository/RAD_Pages/Taxpayer_Page/input_BusinessReplastName'

2024-11-07 18:17:42 - [MESSAGE][PASSED] - Text ' ' is set on object 'Object Repository/RAD_Pages/Taxpayer_Page/input_BusinessReplastName'

2024-11-07 18:17:42 - [TEST_STEP][PASSED] - setText(findTestObject(orPath_AddressContact + "/input_streetAddress1"), " "): Text ' ' is set on object 'Object Repository/RAD_Pages/AddressAndContactInfo_Page/input_streetAddress1'

2024-11-07 18:17:43 - [MESSAGE][PASSED] - Text ' ' is set on object 'Object Repository/RAD_Pages/AddressAndContactInfo_Page/input_streetAddress1'

2024-11-07 18:17:43 - [TEST_STEP][PASSED] - setText(findTestObject(orPath_AddressContact + "/input_city"), " "): Text ' ' is set on object 'Object Repository/RAD_Pages/AddressAndContactInfo_Page/input_city'

2024-11-07 18:17:43 - [MESSAGE][PASSED] - Text ' ' is set on object 'Object Repository/RAD_Pages/AddressAndContactInfo_Page/input_city'

2024-11-07 18:17:43 - [TEST_STEP][PASSED] - setText(findTestObject(orPath_AddressContact + "/input_zipCode"), " "): Text ' ' is set on object 'Object Repository/RAD_Pages/AddressAndContactInfo_Page/input_zipCode'

2024-11-07 18:17:44 - [MESSAGE][PASSED] - Text ' ' is set on object 'Object Repository/RAD_Pages/AddressAndContactInfo_Page/input_zipCode'

2024-11-07 18:17:44 - [TEST_STEP][PASSED] - setText(findTestObject(orPath_AddressContact + "/input_phoneNumber"), " "): Text ' ' is set on object 'Object Repository/RAD_Pages/AddressAndContactInfo_Page/input_phoneNumber'

2024-11-07 18:17:45 - [MESSAGE][PASSED] - Text ' ' is set on object 'Object Repository/RAD_Pages/AddressAndContactInfo_Page/input_phoneNumber'

2024-11-07 18:17:45 - [TEST_STEP][PASSED] - setText(findTestObject(orPath_AddressContact + "/input_eMailAddress"), " "): Text ' ' is set on object 'Object Repository/RAD_Pages/AddressAndContactInfo_Page/input_eMailAddress'

2024-11-07 18:17:46 - [MESSAGE][PASSED] - Text ' ' is set on object 'Object Repository/RAD_Pages/AddressAndContactInfo_Page/input_eMailAddress'

2024-11-07 18:17:46 - [TEST_STEP][PASSED] - setText(findTestObject(orPath_AddressContact + "/input_reEnterEMailAddress"), " "): Text ' ' is set on object 'Object Repository/RAD_Pages/AddressAndContactInfo_Page/input_reEnterEMailAddress'

2024-11-07 18:17:47 - [MESSAGE][PASSED] - Text ' ' is set on object 'Object Repository/RAD_Pages/AddressAndContactInfo_Page/input_reEnterEMailAddress'

2024-11-07 18:17:47 - [TEST_STEP][PASSED] - if (TaxType.equalsIgnoreCase("Estate Tax")): null

2024-11-07 18:17:47 - [TEST_STEP][PASSED] - setText(findTestObject(orPath_Amount + "/input__paymentAmount"), ""): Text '' is set on object 'Object Repository/RAD_Pages/PaymentAmount_Page/input__paymentAmount'

2024-11-07 18:17:47 - [MESSAGE][PASSED] - Text '' is set on object 'Object Repository/RAD_Pages/PaymentAmount_Page/input__paymentAmount'

2024-11-07 18:17:47 - [TEST_STEP][PASSED] - resText = "Fail": null

2024-11-07 18:17:47 - [TEST_STEP][PASSED] - pages.WriteExcel.demoKey(resText, datText, resColumn, datCloumn, fileLoc, nameSheet, row): pages.WriteExcel.demoKey is PASSED

2024-11-07 18:17:48 - [MESSAGE][PASSED] - pages.WriteExcel.demoKey is PASSED

2024-11-07 18:17:48 - [TEST_STEP][PASSED] - verifyTextPresent("Enter business name", true, CONTINUE_ON_FAILURE): Text 'Enter business name' is present on page  using regular expression

2024-11-07 18:17:48 - [MESSAGE][PASSED] - Text 'Enter business name' is present on page  using regular expression

2024-11-07 18:17:48 - [TEST_STEP][PASSED] - verifyTextPresent("Enter business rep first name", true, CONTINUE_ON_FAILURE): Text 'Enter business rep first name' is present on page  using regular expression

2024-11-07 18:17:48 - [MESSAGE][PASSED] - Text 'Enter business rep first name' is present on page  using regular expression

2024-11-07 18:17:48 - [TEST_STEP][PASSED] - verifyTextPresent("Enter business rep last name", true, CONTINUE_ON_FAILURE): Text 'Enter business rep last name' is present on page  using regular expression

2024-11-07 18:17:49 - [MESSAGE][PASSED] - Text 'Enter business rep last name' is present on page  using regular expression

2024-11-07 18:17:49 - [TEST_STEP][PASSED] - verifyTextPresent("Enter address", true, CONTINUE_ON_FAILURE): Text 'Enter address' is present on page  using regular expression

2024-11-07 18:17:49 - [MESSAGE][PASSED] - Text 'Enter address' is present on page  using regular expression

2024-11-07 18:17:49 - [TEST_STEP][PASSED] - verifyTextPresent("Enter city", true, CONTINUE_ON_FAILURE): Text 'Enter city' is present on page  using regular expression

2024-11-07 18:17:49 - [MESSAGE][PASSED] - Text 'Enter city' is present on page  using regular expression

2024-11-07 18:17:49 - [TEST_STEP][PASSED] - verifyTextPresent("Enter ZIP code", true, CONTINUE_ON_FAILURE): Text 'Enter ZIP code' is present on page  using regular expression

2024-11-07 18:17:50 - [MESSAGE][PASSED] - Text 'Enter ZIP code' is present on page  using regular expression

2024-11-07 18:17:50 - [TEST_STEP][PASSED] - verifyTextPresent("Enter a valid phone number", true, CONTINUE_ON_FAILURE): Text 'Enter a valid phone number' is present on page  using regular expression

2024-11-07 18:17:50 - [MESSAGE][PASSED] - Text 'Enter a valid phone number' is present on page  using regular expression

2024-11-07 18:17:50 - [TEST_STEP][PASSED] - verifyTextPresent("Enter Email", true, CONTINUE_ON_FAILURE): Text 'Enter Email' is present on page  using regular expression

2024-11-07 18:17:51 - [MESSAGE][PASSED] - Text 'Enter Email' is present on page  using regular expression

2024-11-07 18:17:51 - [TEST_STEP][PASSED] - if (CRN.equalsIgnoreCase("Y")): null

2024-11-07 18:17:51 - [TEST_STEP][PASSED] - if (MFLicNum.equalsIgnoreCase("Y")): null

2024-11-07 18:17:51 - [TEST_STEP][PASSED] - resText = "Pass": null

2024-11-07 18:17:51 - [TEST_STEP][PASSED] - pages.WriteExcel.demoKey(resText, datText, resColumn, datCloumn, fileLoc, nameSheet, row): pages.WriteExcel.demoKey is PASSED

2024-11-07 18:17:51 - [MESSAGE][PASSED] - pages.WriteExcel.demoKey is PASSED

2024-11-07 18:17:51 - [TEST_STEP][PASSED] - ExecuteTC = findTestData(dataFile).getValue("Execute", row): null

2024-11-07 18:17:51 - [TEST_STEP][PASSED] - TaxType = findTestData(dataFile).getValue("TaxType", row): null

2024-11-07 18:17:51 - [TEST_STEP][PASSED] - PaymentType = findTestData(dataFile).getValue("PaymentType", row): null

2024-11-07 18:17:51 - [TEST_STEP][PASSED] - FilingYear = findTestData(dataFile).getValue("Year", row): null

2024-11-07 18:17:51 - [TEST_STEP][PASSED] - feinSSN = findTestData(dataFile).getValue("FeinSsn", row): null

2024-11-07 18:17:51 - [TEST_STEP][PASSED] - CRN = findTestData(dataFile).getValue("CRN", row): null

2024-11-07 18:17:52 - [TEST_STEP][PASSED] - MFLicNum = findTestData(dataFile).getValue("MFLicNum", row): null

2024-11-07 18:17:52 - [TEST_STEP][PASSED] - if (ExecuteTC.equalsIgnoreCase("Y")): pages.WriteExcel.demoKey is PASSED

2024-11-07 18:17:52 - [TEST_STEP][PASSED] - out.println("Begin Record Number: " + row): null

2024-11-07 18:17:52 - [TEST_STEP][PASSED] - today = new java.util.Date(): null

2024-11-07 18:17:52 - [TEST_STEP][PASSED] - println(today): null

2024-11-07 18:17:52 - [TEST_STEP][PASSED] - datText = today: null

2024-11-07 18:17:52 - [TEST_STEP][PASSED] - logInfo("Payment Type: New Tax Return Amount Due"): Payment Type: New Tax Return Amount Due

2024-11-07 18:17:52 - [MESSAGE][INFO] - Payment Type: New Tax Return Amount Due

2024-11-07 18:17:52 - [TEST_STEP][PASSED] - logInfo("Tax Type: " + TaxType): Tax Type: Admissions and Amusement Tax

2024-11-07 18:17:52 - [MESSAGE][INFO] - Tax Type: Admissions and Amusement Tax

2024-11-07 18:17:52 - [TEST_STEP][PASSED] - openBrowser(""): Browser is opened with url: ''

2024-11-07 18:17:52 - [MESSAGE][WARNING] - A browser is already opened. Closing browser and opening a new one

2024-11-07 18:17:53 - [MESSAGE][INFO] - Starting 'Chrome' driver

2024-11-07 18:17:53 - [MESSAGE][INFO] - User set preference: ['acceptInsecureCerts', 'true']

2024-11-07 18:17:53 - [MESSAGE][INFO] - Action delay is set to 0 milliseconds

2024-11-07 18:17:55 - [MESSAGE][PASSED] - Browser is opened with url: ''

2024-11-07 18:17:55 - [TEST_STEP][PASSED] - maximizeWindow(): Current window maximized

2024-11-07 18:17:55 - [MESSAGE][PASSED] - Current window maximized

2024-11-07 18:17:55 - [TEST_STEP][PASSED] - navigateToUrl(RADurl): Navigate to 'https://www.velocitypayment.com/client/rad/index.html' successfully

2024-11-07 18:17:58 - [MESSAGE][PASSED] - Navigate to 'https://www.velocitypayment.com/client/rad/index.html' successfully

2024-11-07 18:17:58 - [TEST_STEP][PASSED] - selectOptionByLabel(findTestObject(orPath_Landing + "/dd_TaxType"), "New Tax Return Amount Due", false): All options with label 'New Tax Return Amount Due' are selected in object 'Object Repository/RAD_Pages/Landing_Page/dd_TaxType' 

2024-11-07 18:17:58 - [MESSAGE][PASSED] - All options with label 'New Tax Return Amount Due' are selected in object 'Object Repository/RAD_Pages/Landing_Page/dd_TaxType' 

2024-11-07 18:17:58 - [TEST_STEP][PASSED] - selectOptionByLabel(findTestObject("Object Repository/RAD_Pages/Landing_Page/select_NewTaxReturnAmountDue_TaxType"), TaxType, false): All options with label 'Admissions and Amusement Tax' are selected in object 'Object Repository/RAD_Pages/Landing_Page/select_NewTaxReturnAmountDue_TaxType' 

2024-11-07 18:17:59 - [MESSAGE][PASSED] - All options with label 'Admissions and Amusement Tax' are selected in object 'Object Repository/RAD_Pages/Landing_Page/select_NewTaxReturnAmountDue_TaxType' 

2024-11-07 18:17:59 - [TEST_STEP][PASSED] - selectOptionByLabel(findTestObject(orPath_TaxTypeFilingYear + "/select_FilingYear"), FilingYear, false): All options with label '2024' are selected in object 'Object Repository/RAD_Pages/TaxTypeFilingYear_Page/select_FilingYear' 

2024-11-07 18:18:00 - [MESSAGE][PASSED] - All options with label '2024' are selected in object 'Object Repository/RAD_Pages/TaxTypeFilingYear_Page/select_FilingYear' 

2024-11-07 18:18:00 - [TEST_STEP][PASSED] - setText(findTestObject(orPath_TaxPayer + "/input_businessName"), " "): Text ' ' is set on object 'Object Repository/RAD_Pages/Taxpayer_Page/input_businessName'

2024-11-07 18:18:01 - [MESSAGE][PASSED] - Text ' ' is set on object 'Object Repository/RAD_Pages/Taxpayer_Page/input_businessName'

2024-11-07 18:18:01 - [TEST_STEP][PASSED] - setText(findTestObject(orPath_TaxPayer + "/input_BusinessRepfirstName"), " "): Text ' ' is set on object 'Object Repository/RAD_Pages/Taxpayer_Page/input_BusinessRepfirstName'

2024-11-07 18:18:02 - [MESSAGE][PASSED] - Text ' ' is set on object 'Object Repository/RAD_Pages/Taxpayer_Page/input_BusinessRepfirstName'

2024-11-07 18:18:02 - [TEST_STEP][PASSED] - setText(findTestObject(orPath_TaxPayer + "/input_BusinessReplastName"), " "): Text ' ' is set on object 'Object Repository/RAD_Pages/Taxpayer_Page/input_BusinessReplastName'

2024-11-07 18:18:02 - [MESSAGE][PASSED] - Text ' ' is set on object 'Object Repository/RAD_Pages/Taxpayer_Page/input_BusinessReplastName'

2024-11-07 18:18:02 - [TEST_STEP][PASSED] - setText(findTestObject(orPath_AddressContact + "/input_streetAddress1"), " "): Text ' ' is set on object 'Object Repository/RAD_Pages/AddressAndContactInfo_Page/input_streetAddress1'

2024-11-07 18:18:03 - [MESSAGE][PASSED] - Text ' ' is set on object 'Object Repository/RAD_Pages/AddressAndContactInfo_Page/input_streetAddress1'

2024-11-07 18:18:03 - [TEST_STEP][PASSED] - setText(findTestObject(orPath_AddressContact + "/input_city"), " "): Text ' ' is set on object 'Object Repository/RAD_Pages/AddressAndContactInfo_Page/input_city'

2024-11-07 18:18:04 - [MESSAGE][PASSED] - Text ' ' is set on object 'Object Repository/RAD_Pages/AddressAndContactInfo_Page/input_city'

2024-11-07 18:18:04 - [TEST_STEP][PASSED] - setText(findTestObject(orPath_AddressContact + "/input_zipCode"), " "): Text ' ' is set on object 'Object Repository/RAD_Pages/AddressAndContactInfo_Page/input_zipCode'

2024-11-07 18:18:05 - [MESSAGE][PASSED] - Text ' ' is set on object 'Object Repository/RAD_Pages/AddressAndContactInfo_Page/input_zipCode'

2024-11-07 18:18:05 - [TEST_STEP][PASSED] - setText(findTestObject(orPath_AddressContact + "/input_phoneNumber"), " "): Text ' ' is set on object 'Object Repository/RAD_Pages/AddressAndContactInfo_Page/input_phoneNumber'

2024-11-07 18:18:06 - [MESSAGE][PASSED] - Text ' ' is set on object 'Object Repository/RAD_Pages/AddressAndContactInfo_Page/input_phoneNumber'

2024-11-07 18:18:06 - [TEST_STEP][PASSED] - setText(findTestObject(orPath_AddressContact + "/input_eMailAddress"), " "): Text ' ' is set on object 'Object Repository/RAD_Pages/AddressAndContactInfo_Page/input_eMailAddress'

2024-11-07 18:18:07 - [MESSAGE][PASSED] - Text ' ' is set on object 'Object Repository/RAD_Pages/AddressAndContactInfo_Page/input_eMailAddress'

2024-11-07 18:18:07 - [TEST_STEP][PASSED] - setText(findTestObject(orPath_AddressContact + "/input_reEnterEMailAddress"), " "): Text ' ' is set on object 'Object Repository/RAD_Pages/AddressAndContactInfo_Page/input_reEnterEMailAddress'

2024-11-07 18:18:08 - [MESSAGE][PASSED] - Text ' ' is set on object 'Object Repository/RAD_Pages/AddressAndContactInfo_Page/input_reEnterEMailAddress'

2024-11-07 18:18:08 - [TEST_STEP][PASSED] - if (TaxType.equalsIgnoreCase("Estate Tax")): null

2024-11-07 18:18:08 - [TEST_STEP][PASSED] - setText(findTestObject(orPath_Amount + "/input__paymentAmount"), ""): Text '' is set on object 'Object Repository/RAD_Pages/PaymentAmount_Page/input__paymentAmount'

2024-11-07 18:18:09 - [MESSAGE][PASSED] - Text '' is set on object 'Object Repository/RAD_Pages/PaymentAmount_Page/input__paymentAmount'

2024-11-07 18:18:09 - [TEST_STEP][PASSED] - resText = "Fail": null

2024-11-07 18:18:09 - [TEST_STEP][PASSED] - pages.WriteExcel.demoKey(resText, datText, resColumn, datCloumn, fileLoc, nameSheet, row): pages.WriteExcel.demoKey is PASSED

2024-11-07 18:18:09 - [MESSAGE][PASSED] - pages.WriteExcel.demoKey is PASSED

2024-11-07 18:18:09 - [TEST_STEP][PASSED] - verifyTextPresent("Enter business name", true, CONTINUE_ON_FAILURE): Text 'Enter business name' is present on page  using regular expression

2024-11-07 18:18:09 - [MESSAGE][PASSED] - Text 'Enter business name' is present on page  using regular expression

2024-11-07 18:18:09 - [TEST_STEP][PASSED] - verifyTextPresent("Enter business rep first name", true, CONTINUE_ON_FAILURE): Text 'Enter business rep first name' is present on page  using regular expression

2024-11-07 18:18:10 - [MESSAGE][PASSED] - Text 'Enter business rep first name' is present on page  using regular expression

2024-11-07 18:18:10 - [TEST_STEP][PASSED] - verifyTextPresent("Enter business rep last name", true, CONTINUE_ON_FAILURE): Text 'Enter business rep last name' is present on page  using regular expression

2024-11-07 18:18:10 - [MESSAGE][PASSED] - Text 'Enter business rep last name' is present on page  using regular expression

2024-11-07 18:18:10 - [TEST_STEP][PASSED] - verifyTextPresent("Enter address", true, CONTINUE_ON_FAILURE): Text 'Enter address' is present on page  using regular expression

2024-11-07 18:18:11 - [MESSAGE][PASSED] - Text 'Enter address' is present on page  using regular expression

2024-11-07 18:18:11 - [TEST_STEP][PASSED] - verifyTextPresent("Enter city", true, CONTINUE_ON_FAILURE): Text 'Enter city' is present on page  using regular expression

2024-11-07 18:18:11 - [MESSAGE][PASSED] - Text 'Enter city' is present on page  using regular expression

2024-11-07 18:18:11 - [TEST_STEP][PASSED] - verifyTextPresent("Enter ZIP code", true, CONTINUE_ON_FAILURE): Text 'Enter ZIP code' is present on page  using regular expression

2024-11-07 18:18:11 - [MESSAGE][PASSED] - Text 'Enter ZIP code' is present on page  using regular expression

2024-11-07 18:18:11 - [TEST_STEP][PASSED] - verifyTextPresent("Enter a valid phone number", true, CONTINUE_ON_FAILURE): Text 'Enter a valid phone number' is present on page  using regular expression

2024-11-07 18:18:12 - [MESSAGE][PASSED] - Text 'Enter a valid phone number' is present on page  using regular expression

2024-11-07 18:18:12 - [TEST_STEP][PASSED] - verifyTextPresent("Enter Email", true, CONTINUE_ON_FAILURE): Text 'Enter Email' is present on page  using regular expression

2024-11-07 18:18:12 - [MESSAGE][PASSED] - Text 'Enter Email' is present on page  using regular expression

2024-11-07 18:18:12 - [TEST_STEP][PASSED] - if (CRN.equalsIgnoreCase("Y")): Text 'Enter valid MD Central Registration Number' is present on page  using regular expression

2024-11-07 18:18:12 - [TEST_STEP][PASSED] - setText(findTestObject(orPath_TaxInfo + "/input_MDCRegistration"), " "): Text ' ' is set on object 'Object Repository/RAD_Pages/TaxInfo_Page/input_MDCRegistration'

2024-11-07 18:18:13 - [MESSAGE][PASSED] - Text ' ' is set on object 'Object Repository/RAD_Pages/TaxInfo_Page/input_MDCRegistration'

2024-11-07 18:18:13 - [TEST_STEP][PASSED] - setText(findTestObject(orPath_Amount + "/input__paymentAmount"), ""): Text '' is set on object 'Object Repository/RAD_Pages/PaymentAmount_Page/input__paymentAmount'

2024-11-07 18:18:13 - [MESSAGE][PASSED] - Text '' is set on object 'Object Repository/RAD_Pages/PaymentAmount_Page/input__paymentAmount'

2024-11-07 18:18:13 - [TEST_STEP][PASSED] - verifyTextPresent("Enter valid MD Central Registration Number", true, CONTINUE_ON_FAILURE): Text 'Enter valid MD Central Registration Number' is present on page  using regular expression

2024-11-07 18:18:14 - [MESSAGE][PASSED] - Text 'Enter valid MD Central Registration Number' is present on page  using regular expression

2024-11-07 18:18:14 - [TEST_STEP][PASSED] - if (MFLicNum.equalsIgnoreCase("Y")): null

2024-11-07 18:18:14 - [TEST_STEP][PASSED] - resText = "Pass": null

2024-11-07 18:18:14 - [TEST_STEP][PASSED] - pages.WriteExcel.demoKey(resText, datText, resColumn, datCloumn, fileLoc, nameSheet, row): pages.WriteExcel.demoKey is PASSED

2024-11-07 18:18:14 - [MESSAGE][PASSED] - pages.WriteExcel.demoKey is PASSED

2024-11-07 18:18:14 - [TEST_STEP][PASSED] - ExecuteTC = findTestData(dataFile).getValue("Execute", row): null

2024-11-07 18:18:14 - [TEST_STEP][PASSED] - TaxType = findTestData(dataFile).getValue("TaxType", row): null

2024-11-07 18:18:14 - [TEST_STEP][PASSED] - PaymentType = findTestData(dataFile).getValue("PaymentType", row): null

2024-11-07 18:18:14 - [TEST_STEP][PASSED] - FilingYear = findTestData(dataFile).getValue("Year", row): null

2024-11-07 18:18:14 - [TEST_STEP][PASSED] - feinSSN = findTestData(dataFile).getValue("FeinSsn", row): null

2024-11-07 18:18:14 - [TEST_STEP][PASSED] - CRN = findTestData(dataFile).getValue("CRN", row): null

2024-11-07 18:18:14 - [TEST_STEP][PASSED] - MFLicNum = findTestData(dataFile).getValue("MFLicNum", row): null

2024-11-07 18:18:14 - [TEST_STEP][PASSED] - if (ExecuteTC.equalsIgnoreCase("Y")): pages.WriteExcel.demoKey is PASSED

2024-11-07 18:18:14 - [TEST_STEP][PASSED] - out.println("Begin Record Number: " + row): null

2024-11-07 18:18:14 - [TEST_STEP][PASSED] - today = new java.util.Date(): null

2024-11-07 18:18:14 - [TEST_STEP][PASSED] - println(today): null

2024-11-07 18:18:14 - [TEST_STEP][PASSED] - datText = today: null

2024-11-07 18:18:14 - [TEST_STEP][PASSED] - logInfo("Payment Type: New Tax Return Amount Due"): Payment Type: New Tax Return Amount Due

2024-11-07 18:18:14 - [MESSAGE][INFO] - Payment Type: New Tax Return Amount Due

2024-11-07 18:18:14 - [TEST_STEP][PASSED] - logInfo("Tax Type: " + TaxType): Tax Type: Alcohol Tax

2024-11-07 18:18:14 - [MESSAGE][INFO] - Tax Type: Alcohol Tax

2024-11-07 18:18:14 - [TEST_STEP][PASSED] - openBrowser(""): Browser is opened with url: ''

2024-11-07 18:18:14 - [MESSAGE][WARNING] - A browser is already opened. Closing browser and opening a new one

2024-11-07 18:18:17 - [MESSAGE][INFO] - Starting 'Chrome' driver

2024-11-07 18:18:17 - [MESSAGE][INFO] - User set preference: ['acceptInsecureCerts', 'true']

2024-11-07 18:18:17 - [MESSAGE][INFO] - Action delay is set to 0 milliseconds

2024-11-07 18:18:18 - [MESSAGE][PASSED] - Browser is opened with url: ''

2024-11-07 18:18:18 - [TEST_STEP][PASSED] - maximizeWindow(): Current window maximized

2024-11-07 18:18:18 - [MESSAGE][PASSED] - Current window maximized

2024-11-07 18:18:18 - [TEST_STEP][PASSED] - navigateToUrl(RADurl): Navigate to 'https://www.velocitypayment.com/client/rad/index.html' successfully

2024-11-07 18:18:19 - [MESSAGE][PASSED] - Navigate to 'https://www.velocitypayment.com/client/rad/index.html' successfully

2024-11-07 18:18:19 - [TEST_STEP][PASSED] - selectOptionByLabel(findTestObject(orPath_Landing + "/dd_TaxType"), "New Tax Return Amount Due", false): All options with label 'New Tax Return Amount Due' are selected in object 'Object Repository/RAD_Pages/Landing_Page/dd_TaxType' 

2024-11-07 18:18:21 - [MESSAGE][PASSED] - All options with label 'New Tax Return Amount Due' are selected in object 'Object Repository/RAD_Pages/Landing_Page/dd_TaxType' 

2024-11-07 18:18:21 - [TEST_STEP][PASSED] - selectOptionByLabel(findTestObject("Object Repository/RAD_Pages/Landing_Page/select_NewTaxReturnAmountDue_TaxType"), TaxType, false): All options with label 'Alcohol Tax' are selected in object 'Object Repository/RAD_Pages/Landing_Page/select_NewTaxReturnAmountDue_TaxType' 

2024-11-07 18:18:22 - [MESSAGE][PASSED] - All options with label 'Alcohol Tax' are selected in object 'Object Repository/RAD_Pages/Landing_Page/select_NewTaxReturnAmountDue_TaxType' 

2024-11-07 18:18:22 - [TEST_STEP][PASSED] - selectOptionByLabel(findTestObject(orPath_TaxTypeFilingYear + "/select_FilingYear"), FilingYear, false): All options with label '2024' are selected in object 'Object Repository/RAD_Pages/TaxTypeFilingYear_Page/select_FilingYear' 

2024-11-07 18:18:23 - [MESSAGE][PASSED] - All options with label '2024' are selected in object 'Object Repository/RAD_Pages/TaxTypeFilingYear_Page/select_FilingYear' 

2024-11-07 18:18:23 - [TEST_STEP][PASSED] - setText(findTestObject(orPath_TaxPayer + "/input_businessName"), " "): Text ' ' is set on object 'Object Repository/RAD_Pages/Taxpayer_Page/input_businessName'

2024-11-07 18:18:24 - [MESSAGE][PASSED] - Text ' ' is set on object 'Object Repository/RAD_Pages/Taxpayer_Page/input_businessName'

2024-11-07 18:18:24 - [TEST_STEP][PASSED] - setText(findTestObject(orPath_TaxPayer + "/input_BusinessRepfirstName"), " "): Text ' ' is set on object 'Object Repository/RAD_Pages/Taxpayer_Page/input_BusinessRepfirstName'

2024-11-07 18:18:25 - [MESSAGE][PASSED] - Text ' ' is set on object 'Object Repository/RAD_Pages/Taxpayer_Page/input_BusinessRepfirstName'

2024-11-07 18:18:25 - [TEST_STEP][PASSED] - setText(findTestObject(orPath_TaxPayer + "/input_BusinessReplastName"), " "): Text ' ' is set on object 'Object Repository/RAD_Pages/Taxpayer_Page/input_BusinessReplastName'

2024-11-07 18:18:25 - [MESSAGE][PASSED] - Text ' ' is set on object 'Object Repository/RAD_Pages/Taxpayer_Page/input_BusinessReplastName'

2024-11-07 18:18:25 - [TEST_STEP][PASSED] - setText(findTestObject(orPath_AddressContact + "/input_streetAddress1"), " "): Text ' ' is set on object 'Object Repository/RAD_Pages/AddressAndContactInfo_Page/input_streetAddress1'

2024-11-07 18:18:26 - [MESSAGE][PASSED] - Text ' ' is set on object 'Object Repository/RAD_Pages/AddressAndContactInfo_Page/input_streetAddress1'

2024-11-07 18:18:26 - [TEST_STEP][PASSED] - setText(findTestObject(orPath_AddressContact + "/input_city"), " "): Text ' ' is set on object 'Object Repository/RAD_Pages/AddressAndContactInfo_Page/input_city'

2024-11-07 18:18:27 - [MESSAGE][PASSED] - Text ' ' is set on object 'Object Repository/RAD_Pages/AddressAndContactInfo_Page/input_city'

2024-11-07 18:18:27 - [TEST_STEP][PASSED] - setText(findTestObject(orPath_AddressContact + "/input_zipCode"), " "): Text ' ' is set on object 'Object Repository/RAD_Pages/AddressAndContactInfo_Page/input_zipCode'

2024-11-07 18:18:27 - [MESSAGE][PASSED] - Text ' ' is set on object 'Object Repository/RAD_Pages/AddressAndContactInfo_Page/input_zipCode'

2024-11-07 18:18:27 - [TEST_STEP][PASSED] - setText(findTestObject(orPath_AddressContact + "/input_phoneNumber"), " "): Text ' ' is set on object 'Object Repository/RAD_Pages/AddressAndContactInfo_Page/input_phoneNumber'

2024-11-07 18:18:28 - [MESSAGE][PASSED] - Text ' ' is set on object 'Object Repository/RAD_Pages/AddressAndContactInfo_Page/input_phoneNumber'

2024-11-07 18:18:28 - [TEST_STEP][PASSED] - setText(findTestObject(orPath_AddressContact + "/input_eMailAddress"), " "): Text ' ' is set on object 'Object Repository/RAD_Pages/AddressAndContactInfo_Page/input_eMailAddress'

2024-11-07 18:18:30 - [MESSAGE][PASSED] - Text ' ' is set on object 'Object Repository/RAD_Pages/AddressAndContactInfo_Page/input_eMailAddress'

2024-11-07 18:18:30 - [TEST_STEP][PASSED] - setText(findTestObject(orPath_AddressContact + "/input_reEnterEMailAddress"), " "): Text ' ' is set on object 'Object Repository/RAD_Pages/AddressAndContactInfo_Page/input_reEnterEMailAddress'

2024-11-07 18:18:31 - [MESSAGE][PASSED] - Text ' ' is set on object 'Object Repository/RAD_Pages/AddressAndContactInfo_Page/input_reEnterEMailAddress'

2024-11-07 18:18:31 - [TEST_STEP][PASSED] - if (TaxType.equalsIgnoreCase("Estate Tax")): null

2024-11-07 18:18:31 - [TEST_STEP][PASSED] - setText(findTestObject(orPath_Amount + "/input__paymentAmount"), ""): Text '' is set on object 'Object Repository/RAD_Pages/PaymentAmount_Page/input__paymentAmount'

2024-11-07 18:18:32 - [MESSAGE][PASSED] - Text '' is set on object 'Object Repository/RAD_Pages/PaymentAmount_Page/input__paymentAmount'

2024-11-07 18:18:32 - [TEST_STEP][PASSED] - resText = "Fail": null

2024-11-07 18:18:32 - [TEST_STEP][PASSED] - pages.WriteExcel.demoKey(resText, datText, resColumn, datCloumn, fileLoc, nameSheet, row): pages.WriteExcel.demoKey is PASSED

2024-11-07 18:18:32 - [MESSAGE][PASSED] - pages.WriteExcel.demoKey is PASSED

2024-11-07 18:18:32 - [TEST_STEP][PASSED] - verifyTextPresent("Enter business name", true, CONTINUE_ON_FAILURE): Text 'Enter business name' is present on page  using regular expression

2024-11-07 18:18:32 - [MESSAGE][PASSED] - Text 'Enter business name' is present on page  using regular expression

2024-11-07 18:18:32 - [TEST_STEP][PASSED] - verifyTextPresent("Enter business rep first name", true, CONTINUE_ON_FAILURE): Text 'Enter business rep first name' is present on page  using regular expression

2024-11-07 18:18:33 - [MESSAGE][PASSED] - Text 'Enter business rep first name' is present on page  using regular expression

2024-11-07 18:18:33 - [TEST_STEP][PASSED] - verifyTextPresent("Enter business rep last name", true, CONTINUE_ON_FAILURE): Text 'Enter business rep last name' is present on page  using regular expression

2024-11-07 18:18:33 - [MESSAGE][PASSED] - Text 'Enter business rep last name' is present on page  using regular expression

2024-11-07 18:18:33 - [TEST_STEP][PASSED] - verifyTextPresent("Enter address", true, CONTINUE_ON_FAILURE): Text 'Enter address' is present on page  using regular expression

2024-11-07 18:18:33 - [MESSAGE][PASSED] - Text 'Enter address' is present on page  using regular expression

2024-11-07 18:18:33 - [TEST_STEP][PASSED] - verifyTextPresent("Enter city", true, CONTINUE_ON_FAILURE): Text 'Enter city' is present on page  using regular expression

2024-11-07 18:18:34 - [MESSAGE][PASSED] - Text 'Enter city' is present on page  using regular expression

2024-11-07 18:18:34 - [TEST_STEP][PASSED] - verifyTextPresent("Enter ZIP code", true, CONTINUE_ON_FAILURE): Text 'Enter ZIP code' is present on page  using regular expression

2024-11-07 18:18:34 - [MESSAGE][PASSED] - Text 'Enter ZIP code' is present on page  using regular expression

2024-11-07 18:18:34 - [TEST_STEP][PASSED] - verifyTextPresent("Enter a valid phone number", true, CONTINUE_ON_FAILURE): Text 'Enter a valid phone number' is present on page  using regular expression

2024-11-07 18:18:34 - [MESSAGE][PASSED] - Text 'Enter a valid phone number' is present on page  using regular expression

2024-11-07 18:18:34 - [TEST_STEP][PASSED] - verifyTextPresent("Enter Email", true, CONTINUE_ON_FAILURE): Text 'Enter Email' is present on page  using regular expression

2024-11-07 18:18:35 - [MESSAGE][PASSED] - Text 'Enter Email' is present on page  using regular expression

2024-11-07 18:18:35 - [TEST_STEP][PASSED] - if (CRN.equalsIgnoreCase("Y")): Text 'Enter valid MD Central Registration Number' is present on page  using regular expression

2024-11-07 18:18:35 - [TEST_STEP][PASSED] - setText(findTestObject(orPath_TaxInfo + "/input_MDCRegistration"), " "): Text ' ' is set on object 'Object Repository/RAD_Pages/TaxInfo_Page/input_MDCRegistration'

2024-11-07 18:18:35 - [MESSAGE][PASSED] - Text ' ' is set on object 'Object Repository/RAD_Pages/TaxInfo_Page/input_MDCRegistration'

2024-11-07 18:18:35 - [TEST_STEP][PASSED] - setText(findTestObject(orPath_Amount + "/input__paymentAmount"), ""): Text '' is set on object 'Object Repository/RAD_Pages/PaymentAmount_Page/input__paymentAmount'

2024-11-07 18:18:36 - [MESSAGE][PASSED] - Text '' is set on object 'Object Repository/RAD_Pages/PaymentAmount_Page/input__paymentAmount'

2024-11-07 18:18:36 - [TEST_STEP][PASSED] - verifyTextPresent("Enter valid MD Central Registration Number", true, CONTINUE_ON_FAILURE): Text 'Enter valid MD Central Registration Number' is present on page  using regular expression

2024-11-07 18:18:36 - [MESSAGE][PASSED] - Text 'Enter valid MD Central Registration Number' is present on page  using regular expression

2024-11-07 18:18:36 - [TEST_STEP][PASSED] - if (MFLicNum.equalsIgnoreCase("Y")): null

2024-11-07 18:18:36 - [TEST_STEP][PASSED] - resText = "Pass": null

2024-11-07 18:18:36 - [TEST_STEP][PASSED] - pages.WriteExcel.demoKey(resText, datText, resColumn, datCloumn, fileLoc, nameSheet, row): pages.WriteExcel.demoKey is PASSED

2024-11-07 18:18:37 - [MESSAGE][PASSED] - pages.WriteExcel.demoKey is PASSED

2024-11-07 18:18:37 - [TEST_STEP][PASSED] - ExecuteTC = findTestData(dataFile).getValue("Execute", row): null

2024-11-07 18:18:37 - [TEST_STEP][PASSED] - TaxType = findTestData(dataFile).getValue("TaxType", row): null

2024-11-07 18:18:37 - [TEST_STEP][PASSED] - PaymentType = findTestData(dataFile).getValue("PaymentType", row): null

2024-11-07 18:18:37 - [TEST_STEP][PASSED] - FilingYear = findTestData(dataFile).getValue("Year", row): null

2024-11-07 18:18:37 - [TEST_STEP][PASSED] - feinSSN = findTestData(dataFile).getValue("FeinSsn", row): null

2024-11-07 18:18:37 - [TEST_STEP][PASSED] - CRN = findTestData(dataFile).getValue("CRN", row): null

2024-11-07 18:18:37 - [TEST_STEP][PASSED] - MFLicNum = findTestData(dataFile).getValue("MFLicNum", row): null

2024-11-07 18:18:37 - [TEST_STEP][PASSED] - if (ExecuteTC.equalsIgnoreCase("Y")): pages.WriteExcel.demoKey is PASSED

2024-11-07 18:18:37 - [TEST_STEP][PASSED] - out.println("Begin Record Number: " + row): null

2024-11-07 18:18:37 - [TEST_STEP][PASSED] - today = new java.util.Date(): null

2024-11-07 18:18:37 - [TEST_STEP][PASSED] - println(today): null

2024-11-07 18:18:37 - [TEST_STEP][PASSED] - datText = today: null

2024-11-07 18:18:37 - [TEST_STEP][PASSED] - logInfo("Payment Type: New Tax Return Amount Due"): Payment Type: New Tax Return Amount Due

2024-11-07 18:18:37 - [MESSAGE][INFO] - Payment Type: New Tax Return Amount Due

2024-11-07 18:18:37 - [TEST_STEP][PASSED] - logInfo("Tax Type: " + TaxType): Tax Type: Bay Restoration Fee

2024-11-07 18:18:37 - [MESSAGE][INFO] - Tax Type: Bay Restoration Fee

2024-11-07 18:18:37 - [TEST_STEP][PASSED] - openBrowser(""): Browser is opened with url: ''

2024-11-07 18:18:37 - [MESSAGE][WARNING] - A browser is already opened. Closing browser and opening a new one

2024-11-07 18:18:39 - [MESSAGE][INFO] - Starting 'Chrome' driver

2024-11-07 18:18:39 - [MESSAGE][INFO] - User set preference: ['acceptInsecureCerts', 'true']

2024-11-07 18:18:39 - [MESSAGE][INFO] - Action delay is set to 0 milliseconds

2024-11-07 18:18:41 - [MESSAGE][PASSED] - Browser is opened with url: ''

2024-11-07 18:18:41 - [TEST_STEP][PASSED] - maximizeWindow(): Current window maximized

2024-11-07 18:18:41 - [MESSAGE][PASSED] - Current window maximized

2024-11-07 18:18:41 - [TEST_STEP][PASSED] - navigateToUrl(RADurl): Navigate to 'https://www.velocitypayment.com/client/rad/index.html' successfully

2024-11-07 18:18:44 - [MESSAGE][PASSED] - Navigate to 'https://www.velocitypayment.com/client/rad/index.html' successfully

2024-11-07 18:18:44 - [TEST_STEP][PASSED] - selectOptionByLabel(findTestObject(orPath_Landing + "/dd_TaxType"), "New Tax Return Amount Due", false): All options with label 'New Tax Return Amount Due' are selected in object 'Object Repository/RAD_Pages/Landing_Page/dd_TaxType' 

2024-11-07 18:18:44 - [MESSAGE][PASSED] - All options with label 'New Tax Return Amount Due' are selected in object 'Object Repository/RAD_Pages/Landing_Page/dd_TaxType' 

2024-11-07 18:18:44 - [TEST_STEP][PASSED] - selectOptionByLabel(findTestObject("Object Repository/RAD_Pages/Landing_Page/select_NewTaxReturnAmountDue_TaxType"), TaxType, false): All options with label 'Bay Restoration Fee' are selected in object 'Object Repository/RAD_Pages/Landing_Page/select_NewTaxReturnAmountDue_TaxType' 

2024-11-07 18:18:45 - [MESSAGE][PASSED] - All options with label 'Bay Restoration Fee' are selected in object 'Object Repository/RAD_Pages/Landing_Page/select_NewTaxReturnAmountDue_TaxType' 

2024-11-07 18:18:45 - [TEST_STEP][PASSED] - selectOptionByLabel(findTestObject(orPath_TaxTypeFilingYear + "/select_FilingYear"), FilingYear, false): All options with label '2024' are selected in object 'Object Repository/RAD_Pages/TaxTypeFilingYear_Page/select_FilingYear' 

2024-11-07 18:18:46 - [MESSAGE][PASSED] - All options with label '2024' are selected in object 'Object Repository/RAD_Pages/TaxTypeFilingYear_Page/select_FilingYear' 

2024-11-07 18:18:46 - [TEST_STEP][PASSED] - setText(findTestObject(orPath_TaxPayer + "/input_businessName"), " "): Text ' ' is set on object 'Object Repository/RAD_Pages/Taxpayer_Page/input_businessName'

2024-11-07 18:18:46 - [MESSAGE][PASSED] - Text ' ' is set on object 'Object Repository/RAD_Pages/Taxpayer_Page/input_businessName'

2024-11-07 18:18:46 - [TEST_STEP][PASSED] - setText(findTestObject(orPath_TaxPayer + "/input_BusinessRepfirstName"), " "): Text ' ' is set on object 'Object Repository/RAD_Pages/Taxpayer_Page/input_BusinessRepfirstName'

2024-11-07 18:18:47 - [MESSAGE][PASSED] - Text ' ' is set on object 'Object Repository/RAD_Pages/Taxpayer_Page/input_BusinessRepfirstName'

2024-11-07 18:18:47 - [TEST_STEP][PASSED] - setText(findTestObject(orPath_TaxPayer + "/input_BusinessReplastName"), " "): Text ' ' is set on object 'Object Repository/RAD_Pages/Taxpayer_Page/input_BusinessReplastName'

2024-11-07 18:18:48 - [MESSAGE][PASSED] - Text ' ' is set on object 'Object Repository/RAD_Pages/Taxpayer_Page/input_BusinessReplastName'

2024-11-07 18:18:48 - [TEST_STEP][PASSED] - setText(findTestObject(orPath_AddressContact + "/input_streetAddress1"), " "): Text ' ' is set on object 'Object Repository/RAD_Pages/AddressAndContactInfo_Page/input_streetAddress1'

2024-11-07 18:18:49 - [MESSAGE][PASSED] - Text ' ' is set on object 'Object Repository/RAD_Pages/AddressAndContactInfo_Page/input_streetAddress1'

2024-11-07 18:18:49 - [TEST_STEP][PASSED] - setText(findTestObject(orPath_AddressContact + "/input_city"), " "): Text ' ' is set on object 'Object Repository/RAD_Pages/AddressAndContactInfo_Page/input_city'

2024-11-07 18:18:49 - [MESSAGE][PASSED] - Text ' ' is set on object 'Object Repository/RAD_Pages/AddressAndContactInfo_Page/input_city'

2024-11-07 18:18:49 - [TEST_STEP][PASSED] - setText(findTestObject(orPath_AddressContact + "/input_zipCode"), " "): Text ' ' is set on object 'Object Repository/RAD_Pages/AddressAndContactInfo_Page/input_zipCode'

2024-11-07 18:18:50 - [MESSAGE][PASSED] - Text ' ' is set on object 'Object Repository/RAD_Pages/AddressAndContactInfo_Page/input_zipCode'

2024-11-07 18:18:50 - [TEST_STEP][PASSED] - setText(findTestObject(orPath_AddressContact + "/input_phoneNumber"), " "): Text ' ' is set on object 'Object Repository/RAD_Pages/AddressAndContactInfo_Page/input_phoneNumber'

2024-11-07 18:18:51 - [MESSAGE][PASSED] - Text ' ' is set on object 'Object Repository/RAD_Pages/AddressAndContactInfo_Page/input_phoneNumber'

2024-11-07 18:18:51 - [TEST_STEP][PASSED] - setText(findTestObject(orPath_AddressContact + "/input_eMailAddress"), " "): Text ' ' is set on object 'Object Repository/RAD_Pages/AddressAndContactInfo_Page/input_eMailAddress'

2024-11-07 18:18:52 - [MESSAGE][PASSED] - Text ' ' is set on object 'Object Repository/RAD_Pages/AddressAndContactInfo_Page/input_eMailAddress'

2024-11-07 18:18:52 - [TEST_STEP][PASSED] - setText(findTestObject(orPath_AddressContact + "/input_reEnterEMailAddress"), " "): Text ' ' is set on object 'Object Repository/RAD_Pages/AddressAndContactInfo_Page/input_reEnterEMailAddress'

2024-11-07 18:18:53 - [MESSAGE][PASSED] - Text ' ' is set on object 'Object Repository/RAD_Pages/AddressAndContactInfo_Page/input_reEnterEMailAddress'

2024-11-07 18:18:53 - [TEST_STEP][PASSED] - if (TaxType.equalsIgnoreCase("Estate Tax")): null

2024-11-07 18:18:53 - [TEST_STEP][PASSED] - setText(findTestObject(orPath_Amount + "/input__paymentAmount"), ""): Text '' is set on object 'Object Repository/RAD_Pages/PaymentAmount_Page/input__paymentAmount'

2024-11-07 18:18:54 - [MESSAGE][PASSED] - Text '' is set on object 'Object Repository/RAD_Pages/PaymentAmount_Page/input__paymentAmount'

2024-11-07 18:18:54 - [TEST_STEP][PASSED] - resText = "Fail": null

2024-11-07 18:18:54 - [TEST_STEP][PASSED] - pages.WriteExcel.demoKey(resText, datText, resColumn, datCloumn, fileLoc, nameSheet, row): pages.WriteExcel.demoKey is PASSED

2024-11-07 18:18:54 - [MESSAGE][PASSED] - pages.WriteExcel.demoKey is PASSED

2024-11-07 18:18:54 - [TEST_STEP][PASSED] - verifyTextPresent("Enter business name", true, CONTINUE_ON_FAILURE): Text 'Enter business name' is present on page  using regular expression

2024-11-07 18:18:54 - [MESSAGE][PASSED] - Text 'Enter business name' is present on page  using regular expression

2024-11-07 18:18:54 - [TEST_STEP][PASSED] - verifyTextPresent("Enter business rep first name", true, CONTINUE_ON_FAILURE): Text 'Enter business rep first name' is present on page  using regular expression

2024-11-07 18:18:55 - [MESSAGE][PASSED] - Text 'Enter business rep first name' is present on page  using regular expression

2024-11-07 18:18:55 - [TEST_STEP][PASSED] - verifyTextPresent("Enter business rep last name", true, CONTINUE_ON_FAILURE): Text 'Enter business rep last name' is present on page  using regular expression

2024-11-07 18:18:55 - [MESSAGE][PASSED] - Text 'Enter business rep last name' is present on page  using regular expression

2024-11-07 18:18:55 - [TEST_STEP][PASSED] - verifyTextPresent("Enter address", true, CONTINUE_ON_FAILURE): Text 'Enter address' is present on page  using regular expression

2024-11-07 18:18:56 - [MESSAGE][PASSED] - Text 'Enter address' is present on page  using regular expression

2024-11-07 18:18:56 - [TEST_STEP][PASSED] - verifyTextPresent("Enter city", true, CONTINUE_ON_FAILURE): Text 'Enter city' is present on page  using regular expression

2024-11-07 18:18:56 - [MESSAGE][PASSED] - Text 'Enter city' is present on page  using regular expression

2024-11-07 18:18:56 - [TEST_STEP][PASSED] - verifyTextPresent("Enter ZIP code", true, CONTINUE_ON_FAILURE): Text 'Enter ZIP code' is present on page  using regular expression

2024-11-07 18:18:56 - [MESSAGE][PASSED] - Text 'Enter ZIP code' is present on page  using regular expression

2024-11-07 18:18:56 - [TEST_STEP][PASSED] - verifyTextPresent("Enter a valid phone number", true, CONTINUE_ON_FAILURE): Text 'Enter a valid phone number' is present on page  using regular expression

2024-11-07 18:18:57 - [MESSAGE][PASSED] - Text 'Enter a valid phone number' is present on page  using regular expression

2024-11-07 18:18:57 - [TEST_STEP][PASSED] - verifyTextPresent("Enter Email", true, CONTINUE_ON_FAILURE): Text 'Enter Email' is present on page  using regular expression

2024-11-07 18:18:57 - [MESSAGE][PASSED] - Text 'Enter Email' is present on page  using regular expression

2024-11-07 18:18:57 - [TEST_STEP][PASSED] - if (CRN.equalsIgnoreCase("Y")): null

2024-11-07 18:18:57 - [TEST_STEP][PASSED] - if (MFLicNum.equalsIgnoreCase("Y")): null

2024-11-07 18:18:57 - [TEST_STEP][PASSED] - resText = "Pass": null

2024-11-07 18:18:57 - [TEST_STEP][PASSED] - pages.WriteExcel.demoKey(resText, datText, resColumn, datCloumn, fileLoc, nameSheet, row): pages.WriteExcel.demoKey is PASSED

2024-11-07 18:18:57 - [MESSAGE][PASSED] - pages.WriteExcel.demoKey is PASSED

2024-11-07 18:18:57 - [TEST_STEP][PASSED] - ExecuteTC = findTestData(dataFile).getValue("Execute", row): null

2024-11-07 18:18:57 - [TEST_STEP][PASSED] - TaxType = findTestData(dataFile).getValue("TaxType", row): null

2024-11-07 18:18:57 - [TEST_STEP][PASSED] - PaymentType = findTestData(dataFile).getValue("PaymentType", row): null

2024-11-07 18:18:57 - [TEST_STEP][PASSED] - FilingYear = findTestData(dataFile).getValue("Year", row): null

2024-11-07 18:18:57 - [TEST_STEP][PASSED] - feinSSN = findTestData(dataFile).getValue("FeinSsn", row): null

2024-11-07 18:18:58 - [TEST_STEP][PASSED] - CRN = findTestData(dataFile).getValue("CRN", row): null

2024-11-07 18:18:58 - [TEST_STEP][PASSED] - MFLicNum = findTestData(dataFile).getValue("MFLicNum", row): null

2024-11-07 18:18:58 - [TEST_STEP][PASSED] - if (ExecuteTC.equalsIgnoreCase("Y")): pages.WriteExcel.demoKey is PASSED

2024-11-07 18:18:58 - [TEST_STEP][PASSED] - out.println("Begin Record Number: " + row): null

2024-11-07 18:18:58 - [TEST_STEP][PASSED] - today = new java.util.Date(): null

2024-11-07 18:18:58 - [TEST_STEP][PASSED] - println(today): null

2024-11-07 18:18:58 - [TEST_STEP][PASSED] - datText = today: null

2024-11-07 18:18:58 - [TEST_STEP][PASSED] - logInfo("Payment Type: New Tax Return Amount Due"): Payment Type: New Tax Return Amount Due

2024-11-07 18:18:58 - [MESSAGE][INFO] - Payment Type: New Tax Return Amount Due

2024-11-07 18:18:58 - [TEST_STEP][PASSED] - logInfo("Tax Type: " + TaxType): Tax Type: Corporate Income Tax

2024-11-07 18:18:58 - [MESSAGE][INFO] - Tax Type: Corporate Income Tax

2024-11-07 18:18:58 - [TEST_STEP][PASSED] - openBrowser(""): Browser is opened with url: ''

2024-11-07 18:18:58 - [MESSAGE][WARNING] - A browser is already opened. Closing browser and opening a new one

2024-11-07 18:19:00 - [MESSAGE][INFO] - Starting 'Chrome' driver

2024-11-07 18:19:00 - [MESSAGE][INFO] - User set preference: ['acceptInsecureCerts', 'true']

2024-11-07 18:19:00 - [MESSAGE][INFO] - Action delay is set to 0 milliseconds

2024-11-07 18:19:01 - [MESSAGE][PASSED] - Browser is opened with url: ''

2024-11-07 18:19:01 - [TEST_STEP][PASSED] - maximizeWindow(): Current window maximized

2024-11-07 18:19:02 - [MESSAGE][PASSED] - Current window maximized

2024-11-07 18:19:02 - [TEST_STEP][PASSED] - navigateToUrl(RADurl): Navigate to 'https://www.velocitypayment.com/client/rad/index.html' successfully

2024-11-07 18:19:04 - [MESSAGE][PASSED] - Navigate to 'https://www.velocitypayment.com/client/rad/index.html' successfully

2024-11-07 18:19:04 - [TEST_STEP][PASSED] - selectOptionByLabel(findTestObject(orPath_Landing + "/dd_TaxType"), "New Tax Return Amount Due", false): All options with label 'New Tax Return Amount Due' are selected in object 'Object Repository/RAD_Pages/Landing_Page/dd_TaxType' 

2024-11-07 18:19:05 - [MESSAGE][PASSED] - All options with label 'New Tax Return Amount Due' are selected in object 'Object Repository/RAD_Pages/Landing_Page/dd_TaxType' 

2024-11-07 18:19:05 - [TEST_STEP][PASSED] - selectOptionByLabel(findTestObject("Object Repository/RAD_Pages/Landing_Page/select_NewTaxReturnAmountDue_TaxType"), TaxType, false): All options with label 'Corporate Income Tax' are selected in object 'Object Repository/RAD_Pages/Landing_Page/select_NewTaxReturnAmountDue_TaxType' 

2024-11-07 18:19:06 - [MESSAGE][PASSED] - All options with label 'Corporate Income Tax' are selected in object 'Object Repository/RAD_Pages/Landing_Page/select_NewTaxReturnAmountDue_TaxType' 

2024-11-07 18:19:06 - [TEST_STEP][PASSED] - selectOptionByLabel(findTestObject(orPath_TaxTypeFilingYear + "/select_FilingYear"), FilingYear, false): All options with label '2023' are selected in object 'Object Repository/RAD_Pages/TaxTypeFilingYear_Page/select_FilingYear' 

2024-11-07 18:19:06 - [MESSAGE][PASSED] - All options with label '2023' are selected in object 'Object Repository/RAD_Pages/TaxTypeFilingYear_Page/select_FilingYear' 

2024-11-07 18:19:06 - [TEST_STEP][PASSED] - setText(findTestObject(orPath_TaxPayer + "/input_businessName"), " "): Text ' ' is set on object 'Object Repository/RAD_Pages/Taxpayer_Page/input_businessName'

2024-11-07 18:19:07 - [MESSAGE][PASSED] - Text ' ' is set on object 'Object Repository/RAD_Pages/Taxpayer_Page/input_businessName'

2024-11-07 18:19:07 - [TEST_STEP][PASSED] - setText(findTestObject(orPath_TaxPayer + "/input_BusinessRepfirstName"), " "): Text ' ' is set on object 'Object Repository/RAD_Pages/Taxpayer_Page/input_BusinessRepfirstName'

2024-11-07 18:19:08 - [MESSAGE][PASSED] - Text ' ' is set on object 'Object Repository/RAD_Pages/Taxpayer_Page/input_BusinessRepfirstName'

2024-11-07 18:19:08 - [TEST_STEP][PASSED] - setText(findTestObject(orPath_TaxPayer + "/input_BusinessReplastName"), " "): Text ' ' is set on object 'Object Repository/RAD_Pages/Taxpayer_Page/input_BusinessReplastName'

2024-11-07 18:19:09 - [MESSAGE][PASSED] - Text ' ' is set on object 'Object Repository/RAD_Pages/Taxpayer_Page/input_BusinessReplastName'

2024-11-07 18:19:09 - [TEST_STEP][PASSED] - setText(findTestObject(orPath_AddressContact + "/input_streetAddress1"), " "): Text ' ' is set on object 'Object Repository/RAD_Pages/AddressAndContactInfo_Page/input_streetAddress1'

2024-11-07 18:19:09 - [MESSAGE][PASSED] - Text ' ' is set on object 'Object Repository/RAD_Pages/AddressAndContactInfo_Page/input_streetAddress1'

2024-11-07 18:19:09 - [TEST_STEP][PASSED] - setText(findTestObject(orPath_AddressContact + "/input_city"), " "): Text ' ' is set on object 'Object Repository/RAD_Pages/AddressAndContactInfo_Page/input_city'

2024-11-07 18:19:10 - [MESSAGE][PASSED] - Text ' ' is set on object 'Object Repository/RAD_Pages/AddressAndContactInfo_Page/input_city'

2024-11-07 18:19:10 - [TEST_STEP][PASSED] - setText(findTestObject(orPath_AddressContact + "/input_zipCode"), " "): Text ' ' is set on object 'Object Repository/RAD_Pages/AddressAndContactInfo_Page/input_zipCode'

2024-11-07 18:19:11 - [MESSAGE][PASSED] - Text ' ' is set on object 'Object Repository/RAD_Pages/AddressAndContactInfo_Page/input_zipCode'

2024-11-07 18:19:11 - [TEST_STEP][PASSED] - setText(findTestObject(orPath_AddressContact + "/input_phoneNumber"), " "): Text ' ' is set on object 'Object Repository/RAD_Pages/AddressAndContactInfo_Page/input_phoneNumber'

2024-11-07 18:19:12 - [MESSAGE][PASSED] - Text ' ' is set on object 'Object Repository/RAD_Pages/AddressAndContactInfo_Page/input_phoneNumber'

2024-11-07 18:19:12 - [TEST_STEP][PASSED] - setText(findTestObject(orPath_AddressContact + "/input_eMailAddress"), " "): Text ' ' is set on object 'Object Repository/RAD_Pages/AddressAndContactInfo_Page/input_eMailAddress'

2024-11-07 18:19:13 - [MESSAGE][PASSED] - Text ' ' is set on object 'Object Repository/RAD_Pages/AddressAndContactInfo_Page/input_eMailAddress'

2024-11-07 18:19:13 - [TEST_STEP][PASSED] - setText(findTestObject(orPath_AddressContact + "/input_reEnterEMailAddress"), " "): Text ' ' is set on object 'Object Repository/RAD_Pages/AddressAndContactInfo_Page/input_reEnterEMailAddress'

2024-11-07 18:19:14 - [MESSAGE][PASSED] - Text ' ' is set on object 'Object Repository/RAD_Pages/AddressAndContactInfo_Page/input_reEnterEMailAddress'

2024-11-07 18:19:14 - [TEST_STEP][PASSED] - if (TaxType.equalsIgnoreCase("Estate Tax")): null

2024-11-07 18:19:14 - [TEST_STEP][PASSED] - setText(findTestObject(orPath_Amount + "/input__paymentAmount"), ""): Text '' is set on object 'Object Repository/RAD_Pages/PaymentAmount_Page/input__paymentAmount'

2024-11-07 18:19:15 - [MESSAGE][PASSED] - Text '' is set on object 'Object Repository/RAD_Pages/PaymentAmount_Page/input__paymentAmount'

2024-11-07 18:19:15 - [TEST_STEP][PASSED] - resText = "Fail": null

2024-11-07 18:19:15 - [TEST_STEP][PASSED] - pages.WriteExcel.demoKey(resText, datText, resColumn, datCloumn, fileLoc, nameSheet, row): pages.WriteExcel.demoKey is PASSED

2024-11-07 18:19:15 - [MESSAGE][PASSED] - pages.WriteExcel.demoKey is PASSED

2024-11-07 18:19:15 - [TEST_STEP][PASSED] - verifyTextPresent("Enter business name", true, CONTINUE_ON_FAILURE): Text 'Enter business name' is present on page  using regular expression

2024-11-07 18:19:15 - [MESSAGE][PASSED] - Text 'Enter business name' is present on page  using regular expression

2024-11-07 18:19:15 - [TEST_STEP][PASSED] - verifyTextPresent("Enter business rep first name", true, CONTINUE_ON_FAILURE): Text 'Enter business rep first name' is present on page  using regular expression

2024-11-07 18:19:16 - [MESSAGE][PASSED] - Text 'Enter business rep first name' is present on page  using regular expression

2024-11-07 18:19:16 - [TEST_STEP][PASSED] - verifyTextPresent("Enter business rep last name", true, CONTINUE_ON_FAILURE): Text 'Enter business rep last name' is present on page  using regular expression

2024-11-07 18:19:16 - [MESSAGE][PASSED] - Text 'Enter business rep last name' is present on page  using regular expression

2024-11-07 18:19:16 - [TEST_STEP][PASSED] - verifyTextPresent("Enter address", true, CONTINUE_ON_FAILURE): Text 'Enter address' is present on page  using regular expression

2024-11-07 18:19:16 - [MESSAGE][PASSED] - Text 'Enter address' is present on page  using regular expression

2024-11-07 18:19:16 - [TEST_STEP][PASSED] - verifyTextPresent("Enter city", true, CONTINUE_ON_FAILURE): Text 'Enter city' is present on page  using regular expression

2024-11-07 18:19:17 - [MESSAGE][PASSED] - Text 'Enter city' is present on page  using regular expression

2024-11-07 18:19:17 - [TEST_STEP][PASSED] - verifyTextPresent("Enter ZIP code", true, CONTINUE_ON_FAILURE): Text 'Enter ZIP code' is present on page  using regular expression

2024-11-07 18:19:17 - [MESSAGE][PASSED] - Text 'Enter ZIP code' is present on page  using regular expression

2024-11-07 18:19:17 - [TEST_STEP][PASSED] - verifyTextPresent("Enter a valid phone number", true, CONTINUE_ON_FAILURE): Text 'Enter a valid phone number' is present on page  using regular expression

2024-11-07 18:19:17 - [MESSAGE][PASSED] - Text 'Enter a valid phone number' is present on page  using regular expression

2024-11-07 18:19:17 - [TEST_STEP][PASSED] - verifyTextPresent("Enter Email", true, CONTINUE_ON_FAILURE): Text 'Enter Email' is present on page  using regular expression

2024-11-07 18:19:18 - [MESSAGE][PASSED] - Text 'Enter Email' is present on page  using regular expression

2024-11-07 18:19:18 - [TEST_STEP][PASSED] - if (CRN.equalsIgnoreCase("Y")): null

2024-11-07 18:19:18 - [TEST_STEP][PASSED] - if (MFLicNum.equalsIgnoreCase("Y")): null

2024-11-07 18:19:18 - [TEST_STEP][PASSED] - resText = "Pass": null

2024-11-07 18:19:18 - [TEST_STEP][PASSED] - pages.WriteExcel.demoKey(resText, datText, resColumn, datCloumn, fileLoc, nameSheet, row): pages.WriteExcel.demoKey is PASSED

2024-11-07 18:19:18 - [MESSAGE][PASSED] - pages.WriteExcel.demoKey is PASSED

2024-11-07 18:19:18 - [TEST_STEP][PASSED] - ExecuteTC = findTestData(dataFile).getValue("Execute", row): null

2024-11-07 18:19:18 - [TEST_STEP][PASSED] - TaxType = findTestData(dataFile).getValue("TaxType", row): null

2024-11-07 18:19:18 - [TEST_STEP][PASSED] - PaymentType = findTestData(dataFile).getValue("PaymentType", row): null

2024-11-07 18:19:18 - [TEST_STEP][PASSED] - FilingYear = findTestData(dataFile).getValue("Year", row): null

2024-11-07 18:19:18 - [TEST_STEP][PASSED] - feinSSN = findTestData(dataFile).getValue("FeinSsn", row): null

2024-11-07 18:19:18 - [TEST_STEP][PASSED] - CRN = findTestData(dataFile).getValue("CRN", row): null

2024-11-07 18:19:18 - [TEST_STEP][PASSED] - MFLicNum = findTestData(dataFile).getValue("MFLicNum", row): null

2024-11-07 18:19:18 - [TEST_STEP][PASSED] - if (ExecuteTC.equalsIgnoreCase("Y")): pages.WriteExcel.demoKey is PASSED

2024-11-07 18:19:18 - [TEST_STEP][PASSED] - out.println("Begin Record Number: " + row): null

2024-11-07 18:19:18 - [TEST_STEP][PASSED] - today = new java.util.Date(): null

2024-11-07 18:19:18 - [TEST_STEP][PASSED] - println(today): null

2024-11-07 18:19:18 - [TEST_STEP][PASSED] - datText = today: null

2024-11-07 18:19:18 - [TEST_STEP][PASSED] - logInfo("Payment Type: New Tax Return Amount Due"): Payment Type: New Tax Return Amount Due

2024-11-07 18:19:18 - [MESSAGE][INFO] - Payment Type: New Tax Return Amount Due

2024-11-07 18:19:18 - [TEST_STEP][PASSED] - logInfo("Tax Type: " + TaxType): Tax Type: Motor Fuel Tax

2024-11-07 18:19:18 - [MESSAGE][INFO] - Tax Type: Motor Fuel Tax

2024-11-07 18:19:18 - [TEST_STEP][PASSED] - openBrowser(""): Browser is opened with url: ''

2024-11-07 18:19:18 - [MESSAGE][WARNING] - A browser is already opened. Closing browser and opening a new one

2024-11-07 18:19:20 - [MESSAGE][INFO] - Starting 'Chrome' driver

2024-11-07 18:19:20 - [MESSAGE][INFO] - User set preference: ['acceptInsecureCerts', 'true']

2024-11-07 18:19:20 - [MESSAGE][INFO] - Action delay is set to 0 milliseconds

2024-11-07 18:19:22 - [MESSAGE][PASSED] - Browser is opened with url: ''

2024-11-07 18:19:22 - [TEST_STEP][PASSED] - maximizeWindow(): Current window maximized

2024-11-07 18:19:22 - [MESSAGE][PASSED] - Current window maximized

2024-11-07 18:19:22 - [TEST_STEP][PASSED] - navigateToUrl(RADurl): Navigate to 'https://www.velocitypayment.com/client/rad/index.html' successfully

2024-11-07 18:19:26 - [MESSAGE][PASSED] - Navigate to 'https://www.velocitypayment.com/client/rad/index.html' successfully

2024-11-07 18:19:26 - [TEST_STEP][PASSED] - selectOptionByLabel(findTestObject(orPath_Landing + "/dd_TaxType"), "New Tax Return Amount Due", false): All options with label 'New Tax Return Amount Due' are selected in object 'Object Repository/RAD_Pages/Landing_Page/dd_TaxType' 

2024-11-07 18:19:27 - [MESSAGE][PASSED] - All options with label 'New Tax Return Amount Due' are selected in object 'Object Repository/RAD_Pages/Landing_Page/dd_TaxType' 

2024-11-07 18:19:27 - [TEST_STEP][PASSED] - selectOptionByLabel(findTestObject("Object Repository/RAD_Pages/Landing_Page/select_NewTaxReturnAmountDue_TaxType"), TaxType, false): All options with label 'Motor Fuel Tax' are selected in object 'Object Repository/RAD_Pages/Landing_Page/select_NewTaxReturnAmountDue_TaxType' 

2024-11-07 18:19:27 - [MESSAGE][PASSED] - All options with label 'Motor Fuel Tax' are selected in object 'Object Repository/RAD_Pages/Landing_Page/select_NewTaxReturnAmountDue_TaxType' 

2024-11-07 18:19:27 - [TEST_STEP][PASSED] - selectOptionByLabel(findTestObject(orPath_TaxTypeFilingYear + "/select_FilingYear"), FilingYear, false): All options with label '2024' are selected in object 'Object Repository/RAD_Pages/TaxTypeFilingYear_Page/select_FilingYear' 

2024-11-07 18:19:28 - [MESSAGE][PASSED] - All options with label '2024' are selected in object 'Object Repository/RAD_Pages/TaxTypeFilingYear_Page/select_FilingYear' 

2024-11-07 18:19:28 - [TEST_STEP][PASSED] - setText(findTestObject(orPath_TaxPayer + "/input_businessName"), " "): Text ' ' is set on object 'Object Repository/RAD_Pages/Taxpayer_Page/input_businessName'

2024-11-07 18:19:29 - [MESSAGE][PASSED] - Text ' ' is set on object 'Object Repository/RAD_Pages/Taxpayer_Page/input_businessName'

2024-11-07 18:19:29 - [TEST_STEP][PASSED] - setText(findTestObject(orPath_TaxPayer + "/input_BusinessRepfirstName"), " "): Text ' ' is set on object 'Object Repository/RAD_Pages/Taxpayer_Page/input_BusinessRepfirstName'

2024-11-07 18:19:29 - [MESSAGE][PASSED] - Text ' ' is set on object 'Object Repository/RAD_Pages/Taxpayer_Page/input_BusinessRepfirstName'

2024-11-07 18:19:29 - [TEST_STEP][PASSED] - setText(findTestObject(orPath_TaxPayer + "/input_BusinessReplastName"), " "): Text ' ' is set on object 'Object Repository/RAD_Pages/Taxpayer_Page/input_BusinessReplastName'

2024-11-07 18:19:30 - [MESSAGE][PASSED] - Text ' ' is set on object 'Object Repository/RAD_Pages/Taxpayer_Page/input_BusinessReplastName'

2024-11-07 18:19:30 - [TEST_STEP][PASSED] - setText(findTestObject(orPath_AddressContact + "/input_streetAddress1"), " "): Text ' ' is set on object 'Object Repository/RAD_Pages/AddressAndContactInfo_Page/input_streetAddress1'

2024-11-07 18:19:31 - [MESSAGE][PASSED] - Text ' ' is set on object 'Object Repository/RAD_Pages/AddressAndContactInfo_Page/input_streetAddress1'

2024-11-07 18:19:31 - [TEST_STEP][PASSED] - setText(findTestObject(orPath_AddressContact + "/input_city"), " "): Text ' ' is set on object 'Object Repository/RAD_Pages/AddressAndContactInfo_Page/input_city'

2024-11-07 18:19:31 - [MESSAGE][PASSED] - Text ' ' is set on object 'Object Repository/RAD_Pages/AddressAndContactInfo_Page/input_city'

2024-11-07 18:19:31 - [TEST_STEP][PASSED] - setText(findTestObject(orPath_AddressContact + "/input_zipCode"), " "): Text ' ' is set on object 'Object Repository/RAD_Pages/AddressAndContactInfo_Page/input_zipCode'

2024-11-07 18:19:32 - [MESSAGE][PASSED] - Text ' ' is set on object 'Object Repository/RAD_Pages/AddressAndContactInfo_Page/input_zipCode'

2024-11-07 18:19:32 - [TEST_STEP][PASSED] - setText(findTestObject(orPath_AddressContact + "/input_phoneNumber"), " "): Text ' ' is set on object 'Object Repository/RAD_Pages/AddressAndContactInfo_Page/input_phoneNumber'

2024-11-07 18:19:33 - [MESSAGE][PASSED] - Text ' ' is set on object 'Object Repository/RAD_Pages/AddressAndContactInfo_Page/input_phoneNumber'

2024-11-07 18:19:33 - [TEST_STEP][PASSED] - setText(findTestObject(orPath_AddressContact + "/input_eMailAddress"), " "): Text ' ' is set on object 'Object Repository/RAD_Pages/AddressAndContactInfo_Page/input_eMailAddress'

2024-11-07 18:19:34 - [MESSAGE][PASSED] - Text ' ' is set on object 'Object Repository/RAD_Pages/AddressAndContactInfo_Page/input_eMailAddress'

2024-11-07 18:19:34 - [TEST_STEP][PASSED] - setText(findTestObject(orPath_AddressContact + "/input_reEnterEMailAddress"), " "): Text ' ' is set on object 'Object Repository/RAD_Pages/AddressAndContactInfo_Page/input_reEnterEMailAddress'

2024-11-07 18:19:35 - [MESSAGE][PASSED] - Text ' ' is set on object 'Object Repository/RAD_Pages/AddressAndContactInfo_Page/input_reEnterEMailAddress'

2024-11-07 18:19:35 - [TEST_STEP][PASSED] - if (TaxType.equalsIgnoreCase("Estate Tax")): null

2024-11-07 18:19:35 - [TEST_STEP][PASSED] - setText(findTestObject(orPath_Amount + "/input__paymentAmount"), ""): Text '' is set on object 'Object Repository/RAD_Pages/PaymentAmount_Page/input__paymentAmount'

2024-11-07 18:19:36 - [MESSAGE][PASSED] - Text '' is set on object 'Object Repository/RAD_Pages/PaymentAmount_Page/input__paymentAmount'

2024-11-07 18:19:36 - [TEST_STEP][PASSED] - resText = "Fail": null

2024-11-07 18:19:36 - [TEST_STEP][PASSED] - pages.WriteExcel.demoKey(resText, datText, resColumn, datCloumn, fileLoc, nameSheet, row): pages.WriteExcel.demoKey is PASSED

2024-11-07 18:19:36 - [MESSAGE][PASSED] - pages.WriteExcel.demoKey is PASSED

2024-11-07 18:19:36 - [TEST_STEP][PASSED] - verifyTextPresent("Enter business name", true, CONTINUE_ON_FAILURE): Text 'Enter business name' is present on page  using regular expression

2024-11-07 18:19:37 - [MESSAGE][PASSED] - Text 'Enter business name' is present on page  using regular expression

2024-11-07 18:19:37 - [TEST_STEP][PASSED] - verifyTextPresent("Enter business rep first name", true, CONTINUE_ON_FAILURE): Text 'Enter business rep first name' is present on page  using regular expression

2024-11-07 18:19:37 - [MESSAGE][PASSED] - Text 'Enter business rep first name' is present on page  using regular expression

2024-11-07 18:19:37 - [TEST_STEP][PASSED] - verifyTextPresent("Enter business rep last name", true, CONTINUE_ON_FAILURE): Text 'Enter business rep last name' is present on page  using regular expression

2024-11-07 18:19:38 - [MESSAGE][PASSED] - Text 'Enter business rep last name' is present on page  using regular expression

2024-11-07 18:19:38 - [TEST_STEP][PASSED] - verifyTextPresent("Enter address", true, CONTINUE_ON_FAILURE): Text 'Enter address' is present on page  using regular expression

2024-11-07 18:19:38 - [MESSAGE][PASSED] - Text 'Enter address' is present on page  using regular expression

2024-11-07 18:19:38 - [TEST_STEP][PASSED] - verifyTextPresent("Enter city", true, CONTINUE_ON_FAILURE): Text 'Enter city' is present on page  using regular expression

2024-11-07 18:19:38 - [MESSAGE][PASSED] - Text 'Enter city' is present on page  using regular expression

2024-11-07 18:19:38 - [TEST_STEP][PASSED] - verifyTextPresent("Enter ZIP code", true, CONTINUE_ON_FAILURE): Text 'Enter ZIP code' is present on page  using regular expression

2024-11-07 18:19:39 - [MESSAGE][PASSED] - Text 'Enter ZIP code' is present on page  using regular expression

2024-11-07 18:19:39 - [TEST_STEP][PASSED] - verifyTextPresent("Enter a valid phone number", true, CONTINUE_ON_FAILURE): Text 'Enter a valid phone number' is present on page  using regular expression

2024-11-07 18:19:39 - [MESSAGE][PASSED] - Text 'Enter a valid phone number' is present on page  using regular expression

2024-11-07 18:19:39 - [TEST_STEP][PASSED] - verifyTextPresent("Enter Email", true, CONTINUE_ON_FAILURE): Text 'Enter Email' is present on page  using regular expression

2024-11-07 18:19:39 - [MESSAGE][PASSED] - Text 'Enter Email' is present on page  using regular expression

2024-11-07 18:19:39 - [TEST_STEP][PASSED] - if (CRN.equalsIgnoreCase("Y")): null

2024-11-07 18:19:39 - [TEST_STEP][PASSED] - if (MFLicNum.equalsIgnoreCase("Y")): Text 'Motor Fuel License Number must be 5 or 6 digits in length, with a value greater than zero' is present on page  using regular expression

2024-11-07 18:19:39 - [TEST_STEP][PASSED] - setText(findTestObject(orPath_TaxInfo + "/input_MotorFuelLicNum"), " "): Text ' ' is set on object 'Object Repository/RAD_Pages/TaxInfo_Page/input_MotorFuelLicNum'

2024-11-07 18:19:40 - [MESSAGE][PASSED] - Text ' ' is set on object 'Object Repository/RAD_Pages/TaxInfo_Page/input_MotorFuelLicNum'

2024-11-07 18:19:40 - [TEST_STEP][PASSED] - setText(findTestObject(orPath_Amount + "/input__paymentAmount"), ""): Text '' is set on object 'Object Repository/RAD_Pages/PaymentAmount_Page/input__paymentAmount'

2024-11-07 18:19:41 - [MESSAGE][PASSED] - Text '' is set on object 'Object Repository/RAD_Pages/PaymentAmount_Page/input__paymentAmount'

2024-11-07 18:19:41 - [TEST_STEP][PASSED] - verifyTextPresent("Motor Fuel License Number must be 5 or 6 digits in length, with a value greater than zero", true, CONTINUE_ON_FAILURE): Text 'Motor Fuel License Number must be 5 or 6 digits in length, with a value greater than zero' is present on page  using regular expression

2024-11-07 18:19:41 - [MESSAGE][PASSED] - Text 'Motor Fuel License Number must be 5 or 6 digits in length, with a value greater than zero' is present on page  using regular expression

2024-11-07 18:19:41 - [TEST_STEP][PASSED] - resText = "Pass": null

2024-11-07 18:19:41 - [TEST_STEP][PASSED] - pages.WriteExcel.demoKey(resText, datText, resColumn, datCloumn, fileLoc, nameSheet, row): pages.WriteExcel.demoKey is PASSED

2024-11-07 18:19:41 - [MESSAGE][PASSED] - pages.WriteExcel.demoKey is PASSED

2024-11-07 18:19:41 - [TEST_STEP][PASSED] - ExecuteTC = findTestData(dataFile).getValue("Execute", row): null

2024-11-07 18:19:41 - [TEST_STEP][PASSED] - TaxType = findTestData(dataFile).getValue("TaxType", row): null

2024-11-07 18:19:41 - [TEST_STEP][PASSED] - PaymentType = findTestData(dataFile).getValue("PaymentType", row): null

2024-11-07 18:19:41 - [TEST_STEP][PASSED] - FilingYear = findTestData(dataFile).getValue("Year", row): null

2024-11-07 18:19:41 - [TEST_STEP][PASSED] - feinSSN = findTestData(dataFile).getValue("FeinSsn", row): null

2024-11-07 18:19:42 - [TEST_STEP][PASSED] - CRN = findTestData(dataFile).getValue("CRN", row): null

2024-11-07 18:19:42 - [TEST_STEP][PASSED] - MFLicNum = findTestData(dataFile).getValue("MFLicNum", row): null

2024-11-07 18:19:42 - [TEST_STEP][PASSED] - if (ExecuteTC.equalsIgnoreCase("Y")): pages.WriteExcel.demoKey is PASSED

2024-11-07 18:19:42 - [TEST_STEP][PASSED] - out.println("Begin Record Number: " + row): null

2024-11-07 18:19:42 - [TEST_STEP][PASSED] - today = new java.util.Date(): null

2024-11-07 18:19:42 - [TEST_STEP][PASSED] - println(today): null

2024-11-07 18:19:42 - [TEST_STEP][PASSED] - datText = today: null

2024-11-07 18:19:42 - [TEST_STEP][PASSED] - logInfo("Payment Type: New Tax Return Amount Due"): Payment Type: New Tax Return Amount Due

2024-11-07 18:19:42 - [MESSAGE][INFO] - Payment Type: New Tax Return Amount Due

2024-11-07 18:19:42 - [TEST_STEP][PASSED] - logInfo("Tax Type: " + TaxType): Tax Type: Sales and Use Tax

2024-11-07 18:19:42 - [MESSAGE][INFO] - Tax Type: Sales and Use Tax

2024-11-07 18:19:42 - [TEST_STEP][PASSED] - openBrowser(""): Browser is opened with url: ''

2024-11-07 18:19:42 - [MESSAGE][WARNING] - A browser is already opened. Closing browser and opening a new one

2024-11-07 18:19:43 - [MESSAGE][INFO] - Starting 'Chrome' driver

2024-11-07 18:19:43 - [MESSAGE][INFO] - User set preference: ['acceptInsecureCerts', 'true']

2024-11-07 18:19:43 - [MESSAGE][INFO] - Action delay is set to 0 milliseconds

2024-11-07 18:19:45 - [MESSAGE][PASSED] - Browser is opened with url: ''

2024-11-07 18:19:45 - [TEST_STEP][PASSED] - maximizeWindow(): Current window maximized

2024-11-07 18:19:45 - [MESSAGE][PASSED] - Current window maximized

2024-11-07 18:19:45 - [TEST_STEP][PASSED] - navigateToUrl(RADurl): Navigate to 'https://www.velocitypayment.com/client/rad/index.html' successfully

2024-11-07 18:19:48 - [MESSAGE][PASSED] - Navigate to 'https://www.velocitypayment.com/client/rad/index.html' successfully

2024-11-07 18:19:48 - [TEST_STEP][PASSED] - selectOptionByLabel(findTestObject(orPath_Landing + "/dd_TaxType"), "New Tax Return Amount Due", false): All options with label 'New Tax Return Amount Due' are selected in object 'Object Repository/RAD_Pages/Landing_Page/dd_TaxType' 

2024-11-07 18:19:49 - [MESSAGE][PASSED] - All options with label 'New Tax Return Amount Due' are selected in object 'Object Repository/RAD_Pages/Landing_Page/dd_TaxType' 

2024-11-07 18:19:49 - [TEST_STEP][PASSED] - selectOptionByLabel(findTestObject("Object Repository/RAD_Pages/Landing_Page/select_NewTaxReturnAmountDue_TaxType"), TaxType, false): All options with label 'Sales and Use Tax' are selected in object 'Object Repository/RAD_Pages/Landing_Page/select_NewTaxReturnAmountDue_TaxType' 

2024-11-07 18:19:49 - [MESSAGE][PASSED] - All options with label 'Sales and Use Tax' are selected in object 'Object Repository/RAD_Pages/Landing_Page/select_NewTaxReturnAmountDue_TaxType' 

2024-11-07 18:19:49 - [TEST_STEP][PASSED] - selectOptionByLabel(findTestObject(orPath_TaxTypeFilingYear + "/select_FilingYear"), FilingYear, false): All options with label '2024' are selected in object 'Object Repository/RAD_Pages/TaxTypeFilingYear_Page/select_FilingYear' 

2024-11-07 18:19:50 - [MESSAGE][PASSED] - All options with label '2024' are selected in object 'Object Repository/RAD_Pages/TaxTypeFilingYear_Page/select_FilingYear' 

2024-11-07 18:19:50 - [TEST_STEP][PASSED] - setText(findTestObject(orPath_TaxPayer + "/input_businessName"), " "): Text ' ' is set on object 'Object Repository/RAD_Pages/Taxpayer_Page/input_businessName'

2024-11-07 18:19:51 - [MESSAGE][PASSED] - Text ' ' is set on object 'Object Repository/RAD_Pages/Taxpayer_Page/input_businessName'

2024-11-07 18:19:51 - [TEST_STEP][PASSED] - setText(findTestObject(orPath_TaxPayer + "/input_BusinessRepfirstName"), " "): Text ' ' is set on object 'Object Repository/RAD_Pages/Taxpayer_Page/input_BusinessRepfirstName'

2024-11-07 18:19:52 - [MESSAGE][PASSED] - Text ' ' is set on object 'Object Repository/RAD_Pages/Taxpayer_Page/input_BusinessRepfirstName'

2024-11-07 18:19:52 - [TEST_STEP][PASSED] - setText(findTestObject(orPath_TaxPayer + "/input_BusinessReplastName"), " "): Text ' ' is set on object 'Object Repository/RAD_Pages/Taxpayer_Page/input_BusinessReplastName'

2024-11-07 18:19:53 - [MESSAGE][PASSED] - Text ' ' is set on object 'Object Repository/RAD_Pages/Taxpayer_Page/input_BusinessReplastName'

2024-11-07 18:19:53 - [TEST_STEP][PASSED] - setText(findTestObject(orPath_AddressContact + "/input_streetAddress1"), " "): Text ' ' is set on object 'Object Repository/RAD_Pages/AddressAndContactInfo_Page/input_streetAddress1'

2024-11-07 18:19:53 - [MESSAGE][PASSED] - Text ' ' is set on object 'Object Repository/RAD_Pages/AddressAndContactInfo_Page/input_streetAddress1'

2024-11-07 18:19:53 - [TEST_STEP][PASSED] - setText(findTestObject(orPath_AddressContact + "/input_city"), " "): Text ' ' is set on object 'Object Repository/RAD_Pages/AddressAndContactInfo_Page/input_city'

2024-11-07 18:19:54 - [MESSAGE][PASSED] - Text ' ' is set on object 'Object Repository/RAD_Pages/AddressAndContactInfo_Page/input_city'

2024-11-07 18:19:54 - [TEST_STEP][PASSED] - setText(findTestObject(orPath_AddressContact + "/input_zipCode"), " "): Text ' ' is set on object 'Object Repository/RAD_Pages/AddressAndContactInfo_Page/input_zipCode'

2024-11-07 18:19:55 - [MESSAGE][PASSED] - Text ' ' is set on object 'Object Repository/RAD_Pages/AddressAndContactInfo_Page/input_zipCode'

2024-11-07 18:19:55 - [TEST_STEP][PASSED] - setText(findTestObject(orPath_AddressContact + "/input_phoneNumber"), " "): Text ' ' is set on object 'Object Repository/RAD_Pages/AddressAndContactInfo_Page/input_phoneNumber'

2024-11-07 18:19:56 - [MESSAGE][PASSED] - Text ' ' is set on object 'Object Repository/RAD_Pages/AddressAndContactInfo_Page/input_phoneNumber'

2024-11-07 18:19:56 - [TEST_STEP][PASSED] - setText(findTestObject(orPath_AddressContact + "/input_eMailAddress"), " "): Text ' ' is set on object 'Object Repository/RAD_Pages/AddressAndContactInfo_Page/input_eMailAddress'

2024-11-07 18:19:57 - [MESSAGE][PASSED] - Text ' ' is set on object 'Object Repository/RAD_Pages/AddressAndContactInfo_Page/input_eMailAddress'

2024-11-07 18:19:57 - [TEST_STEP][PASSED] - setText(findTestObject(orPath_AddressContact + "/input_reEnterEMailAddress"), " "): Text ' ' is set on object 'Object Repository/RAD_Pages/AddressAndContactInfo_Page/input_reEnterEMailAddress'

2024-11-07 18:19:58 - [MESSAGE][PASSED] - Text ' ' is set on object 'Object Repository/RAD_Pages/AddressAndContactInfo_Page/input_reEnterEMailAddress'

2024-11-07 18:19:58 - [TEST_STEP][PASSED] - if (TaxType.equalsIgnoreCase("Estate Tax")): null

2024-11-07 18:19:58 - [TEST_STEP][PASSED] - setText(findTestObject(orPath_Amount + "/input__paymentAmount"), ""): Text '' is set on object 'Object Repository/RAD_Pages/PaymentAmount_Page/input__paymentAmount'

2024-11-07 18:19:59 - [MESSAGE][PASSED] - Text '' is set on object 'Object Repository/RAD_Pages/PaymentAmount_Page/input__paymentAmount'

2024-11-07 18:19:59 - [TEST_STEP][PASSED] - resText = "Fail": null

2024-11-07 18:19:59 - [TEST_STEP][PASSED] - pages.WriteExcel.demoKey(resText, datText, resColumn, datCloumn, fileLoc, nameSheet, row): pages.WriteExcel.demoKey is PASSED

2024-11-07 18:19:59 - [MESSAGE][PASSED] - pages.WriteExcel.demoKey is PASSED

2024-11-07 18:19:59 - [TEST_STEP][PASSED] - verifyTextPresent("Enter business name", true, CONTINUE_ON_FAILURE): Text 'Enter business name' is present on page  using regular expression

2024-11-07 18:19:59 - [MESSAGE][PASSED] - Text 'Enter business name' is present on page  using regular expression

2024-11-07 18:19:59 - [TEST_STEP][PASSED] - verifyTextPresent("Enter business rep first name", true, CONTINUE_ON_FAILURE): Text 'Enter business rep first name' is present on page  using regular expression

2024-11-07 18:20:00 - [MESSAGE][PASSED] - Text 'Enter business rep first name' is present on page  using regular expression

2024-11-07 18:20:00 - [TEST_STEP][PASSED] - verifyTextPresent("Enter business rep last name", true, CONTINUE_ON_FAILURE): Text 'Enter business rep last name' is present on page  using regular expression

2024-11-07 18:20:00 - [MESSAGE][PASSED] - Text 'Enter business rep last name' is present on page  using regular expression

2024-11-07 18:20:00 - [TEST_STEP][PASSED] - verifyTextPresent("Enter address", true, CONTINUE_ON_FAILURE): Text 'Enter address' is present on page  using regular expression

2024-11-07 18:20:00 - [MESSAGE][PASSED] - Text 'Enter address' is present on page  using regular expression

2024-11-07 18:20:00 - [TEST_STEP][PASSED] - verifyTextPresent("Enter city", true, CONTINUE_ON_FAILURE): Text 'Enter city' is present on page  using regular expression

2024-11-07 18:20:01 - [MESSAGE][PASSED] - Text 'Enter city' is present on page  using regular expression

2024-11-07 18:20:01 - [TEST_STEP][PASSED] - verifyTextPresent("Enter ZIP code", true, CONTINUE_ON_FAILURE): Text 'Enter ZIP code' is present on page  using regular expression

2024-11-07 18:20:01 - [MESSAGE][PASSED] - Text 'Enter ZIP code' is present on page  using regular expression

2024-11-07 18:20:01 - [TEST_STEP][PASSED] - verifyTextPresent("Enter a valid phone number", true, CONTINUE_ON_FAILURE): Text 'Enter a valid phone number' is present on page  using regular expression

2024-11-07 18:20:02 - [MESSAGE][PASSED] - Text 'Enter a valid phone number' is present on page  using regular expression

2024-11-07 18:20:02 - [TEST_STEP][PASSED] - verifyTextPresent("Enter Email", true, CONTINUE_ON_FAILURE): Text 'Enter Email' is present on page  using regular expression

2024-11-07 18:20:02 - [MESSAGE][PASSED] - Text 'Enter Email' is present on page  using regular expression

2024-11-07 18:20:02 - [TEST_STEP][PASSED] - if (CRN.equalsIgnoreCase("Y")): Text 'Enter valid MD Central Registration Number' is present on page  using regular expression

2024-11-07 18:20:02 - [TEST_STEP][PASSED] - setText(findTestObject(orPath_TaxInfo + "/input_MDCRegistration"), " "): Text ' ' is set on object 'Object Repository/RAD_Pages/TaxInfo_Page/input_MDCRegistration'

2024-11-07 18:20:03 - [MESSAGE][PASSED] - Text ' ' is set on object 'Object Repository/RAD_Pages/TaxInfo_Page/input_MDCRegistration'

2024-11-07 18:20:03 - [TEST_STEP][PASSED] - setText(findTestObject(orPath_Amount + "/input__paymentAmount"), ""): Text '' is set on object 'Object Repository/RAD_Pages/PaymentAmount_Page/input__paymentAmount'

2024-11-07 18:20:03 - [MESSAGE][PASSED] - Text '' is set on object 'Object Repository/RAD_Pages/PaymentAmount_Page/input__paymentAmount'

2024-11-07 18:20:03 - [TEST_STEP][PASSED] - verifyTextPresent("Enter valid MD Central Registration Number", true, CONTINUE_ON_FAILURE): Text 'Enter valid MD Central Registration Number' is present on page  using regular expression

2024-11-07 18:20:04 - [MESSAGE][PASSED] - Text 'Enter valid MD Central Registration Number' is present on page  using regular expression

2024-11-07 18:20:04 - [TEST_STEP][PASSED] - if (MFLicNum.equalsIgnoreCase("Y")): null

2024-11-07 18:20:04 - [TEST_STEP][PASSED] - resText = "Pass": null

2024-11-07 18:20:04 - [TEST_STEP][PASSED] - pages.WriteExcel.demoKey(resText, datText, resColumn, datCloumn, fileLoc, nameSheet, row): pages.WriteExcel.demoKey is PASSED

2024-11-07 18:20:04 - [MESSAGE][PASSED] - pages.WriteExcel.demoKey is PASSED

2024-11-07 18:20:04 - [TEST_STEP][PASSED] - ExecuteTC = findTestData(dataFile).getValue("Execute", row): null

2024-11-07 18:20:04 - [TEST_STEP][PASSED] - TaxType = findTestData(dataFile).getValue("TaxType", row): null

2024-11-07 18:20:04 - [TEST_STEP][PASSED] - PaymentType = findTestData(dataFile).getValue("PaymentType", row): null

2024-11-07 18:20:04 - [TEST_STEP][PASSED] - FilingYear = findTestData(dataFile).getValue("Year", row): null

2024-11-07 18:20:04 - [TEST_STEP][PASSED] - feinSSN = findTestData(dataFile).getValue("FeinSsn", row): null

2024-11-07 18:20:04 - [TEST_STEP][PASSED] - CRN = findTestData(dataFile).getValue("CRN", row): null

2024-11-07 18:20:04 - [TEST_STEP][PASSED] - MFLicNum = findTestData(dataFile).getValue("MFLicNum", row): null

2024-11-07 18:20:04 - [TEST_STEP][PASSED] - if (ExecuteTC.equalsIgnoreCase("Y")): pages.WriteExcel.demoKey is PASSED

2024-11-07 18:20:04 - [TEST_STEP][PASSED] - out.println("Begin Record Number: " + row): null

2024-11-07 18:20:04 - [TEST_STEP][PASSED] - today = new java.util.Date(): null

2024-11-07 18:20:04 - [TEST_STEP][PASSED] - println(today): null

2024-11-07 18:20:04 - [TEST_STEP][PASSED] - datText = today: null

2024-11-07 18:20:04 - [TEST_STEP][PASSED] - logInfo("Payment Type: New Tax Return Amount Due"): Payment Type: New Tax Return Amount Due

2024-11-07 18:20:04 - [MESSAGE][INFO] - Payment Type: New Tax Return Amount Due

2024-11-07 18:20:04 - [TEST_STEP][PASSED] - logInfo("Tax Type: " + TaxType): Tax Type: Slots License Fee

2024-11-07 18:20:04 - [MESSAGE][INFO] - Tax Type: Slots License Fee

2024-11-07 18:20:04 - [TEST_STEP][PASSED] - openBrowser(""): Browser is opened with url: ''

2024-11-07 18:20:04 - [MESSAGE][WARNING] - A browser is already opened. Closing browser and opening a new one

2024-11-07 18:20:06 - [MESSAGE][INFO] - Starting 'Chrome' driver

2024-11-07 18:20:06 - [MESSAGE][INFO] - User set preference: ['acceptInsecureCerts', 'true']

2024-11-07 18:20:06 - [MESSAGE][INFO] - Action delay is set to 0 milliseconds

2024-11-07 18:20:08 - [MESSAGE][PASSED] - Browser is opened with url: ''

2024-11-07 18:20:08 - [TEST_STEP][PASSED] - maximizeWindow(): Current window maximized

2024-11-07 18:20:08 - [MESSAGE][PASSED] - Current window maximized

2024-11-07 18:20:08 - [TEST_STEP][PASSED] - navigateToUrl(RADurl): Navigate to 'https://www.velocitypayment.com/client/rad/index.html' successfully

2024-11-07 18:20:08 - [MESSAGE][PASSED] - Navigate to 'https://www.velocitypayment.com/client/rad/index.html' successfully

2024-11-07 18:20:08 - [TEST_STEP][PASSED] - selectOptionByLabel(findTestObject(orPath_Landing + "/dd_TaxType"), "New Tax Return Amount Due", false): All options with label 'New Tax Return Amount Due' are selected in object 'Object Repository/RAD_Pages/Landing_Page/dd_TaxType' 

2024-11-07 18:20:12 - [MESSAGE][PASSED] - All options with label 'New Tax Return Amount Due' are selected in object 'Object Repository/RAD_Pages/Landing_Page/dd_TaxType' 

2024-11-07 18:20:12 - [TEST_STEP][PASSED] - selectOptionByLabel(findTestObject("Object Repository/RAD_Pages/Landing_Page/select_NewTaxReturnAmountDue_TaxType"), TaxType, false): All options with label 'Slots License Fee' are selected in object 'Object Repository/RAD_Pages/Landing_Page/select_NewTaxReturnAmountDue_TaxType' 

2024-11-07 18:20:12 - [MESSAGE][PASSED] - All options with label 'Slots License Fee' are selected in object 'Object Repository/RAD_Pages/Landing_Page/select_NewTaxReturnAmountDue_TaxType' 

2024-11-07 18:20:12 - [TEST_STEP][PASSED] - selectOptionByLabel(findTestObject(orPath_TaxTypeFilingYear + "/select_FilingYear"), FilingYear, false): All options with label '2024' are selected in object 'Object Repository/RAD_Pages/TaxTypeFilingYear_Page/select_FilingYear' 

2024-11-07 18:20:13 - [MESSAGE][PASSED] - All options with label '2024' are selected in object 'Object Repository/RAD_Pages/TaxTypeFilingYear_Page/select_FilingYear' 

2024-11-07 18:20:13 - [TEST_STEP][PASSED] - setText(findTestObject(orPath_TaxPayer + "/input_businessName"), " "): Text ' ' is set on object 'Object Repository/RAD_Pages/Taxpayer_Page/input_businessName'

2024-11-07 18:20:14 - [MESSAGE][PASSED] - Text ' ' is set on object 'Object Repository/RAD_Pages/Taxpayer_Page/input_businessName'

2024-11-07 18:20:14 - [TEST_STEP][PASSED] - setText(findTestObject(orPath_TaxPayer + "/input_BusinessRepfirstName"), " "): Text ' ' is set on object 'Object Repository/RAD_Pages/Taxpayer_Page/input_BusinessRepfirstName'

2024-11-07 18:20:15 - [MESSAGE][PASSED] - Text ' ' is set on object 'Object Repository/RAD_Pages/Taxpayer_Page/input_BusinessRepfirstName'

2024-11-07 18:20:15 - [TEST_STEP][PASSED] - setText(findTestObject(orPath_TaxPayer + "/input_BusinessReplastName"), " "): Text ' ' is set on object 'Object Repository/RAD_Pages/Taxpayer_Page/input_BusinessReplastName'

2024-11-07 18:20:15 - [MESSAGE][PASSED] - Text ' ' is set on object 'Object Repository/RAD_Pages/Taxpayer_Page/input_BusinessReplastName'

2024-11-07 18:20:15 - [TEST_STEP][PASSED] - setText(findTestObject(orPath_AddressContact + "/input_streetAddress1"), " "): Text ' ' is set on object 'Object Repository/RAD_Pages/AddressAndContactInfo_Page/input_streetAddress1'

2024-11-07 18:20:16 - [MESSAGE][PASSED] - Text ' ' is set on object 'Object Repository/RAD_Pages/AddressAndContactInfo_Page/input_streetAddress1'

2024-11-07 18:20:16 - [TEST_STEP][PASSED] - setText(findTestObject(orPath_AddressContact + "/input_city"), " "): Text ' ' is set on object 'Object Repository/RAD_Pages/AddressAndContactInfo_Page/input_city'

2024-11-07 18:20:17 - [MESSAGE][PASSED] - Text ' ' is set on object 'Object Repository/RAD_Pages/AddressAndContactInfo_Page/input_city'

2024-11-07 18:20:17 - [TEST_STEP][PASSED] - setText(findTestObject(orPath_AddressContact + "/input_zipCode"), " "): Text ' ' is set on object 'Object Repository/RAD_Pages/AddressAndContactInfo_Page/input_zipCode'

2024-11-07 18:20:18 - [MESSAGE][PASSED] - Text ' ' is set on object 'Object Repository/RAD_Pages/AddressAndContactInfo_Page/input_zipCode'

2024-11-07 18:20:18 - [TEST_STEP][PASSED] - setText(findTestObject(orPath_AddressContact + "/input_phoneNumber"), " "): Text ' ' is set on object 'Object Repository/RAD_Pages/AddressAndContactInfo_Page/input_phoneNumber'

2024-11-07 18:20:19 - [MESSAGE][PASSED] - Text ' ' is set on object 'Object Repository/RAD_Pages/AddressAndContactInfo_Page/input_phoneNumber'

2024-11-07 18:20:19 - [TEST_STEP][PASSED] - setText(findTestObject(orPath_AddressContact + "/input_eMailAddress"), " "): Text ' ' is set on object 'Object Repository/RAD_Pages/AddressAndContactInfo_Page/input_eMailAddress'

2024-11-07 18:20:20 - [MESSAGE][PASSED] - Text ' ' is set on object 'Object Repository/RAD_Pages/AddressAndContactInfo_Page/input_eMailAddress'

2024-11-07 18:20:20 - [TEST_STEP][PASSED] - setText(findTestObject(orPath_AddressContact + "/input_reEnterEMailAddress"), " "): Text ' ' is set on object 'Object Repository/RAD_Pages/AddressAndContactInfo_Page/input_reEnterEMailAddress'

2024-11-07 18:20:20 - [MESSAGE][PASSED] - Text ' ' is set on object 'Object Repository/RAD_Pages/AddressAndContactInfo_Page/input_reEnterEMailAddress'

2024-11-07 18:20:20 - [TEST_STEP][PASSED] - if (TaxType.equalsIgnoreCase("Estate Tax")): null

2024-11-07 18:20:20 - [TEST_STEP][PASSED] - setText(findTestObject(orPath_Amount + "/input__paymentAmount"), ""): Text '' is set on object 'Object Repository/RAD_Pages/PaymentAmount_Page/input__paymentAmount'

2024-11-07 18:20:22 - [MESSAGE][PASSED] - Text '' is set on object 'Object Repository/RAD_Pages/PaymentAmount_Page/input__paymentAmount'

2024-11-07 18:20:22 - [TEST_STEP][PASSED] - resText = "Fail": null

2024-11-07 18:20:22 - [TEST_STEP][PASSED] - pages.WriteExcel.demoKey(resText, datText, resColumn, datCloumn, fileLoc, nameSheet, row): pages.WriteExcel.demoKey is PASSED

2024-11-07 18:20:22 - [MESSAGE][PASSED] - pages.WriteExcel.demoKey is PASSED

2024-11-07 18:20:22 - [TEST_STEP][PASSED] - verifyTextPresent("Enter business name", true, CONTINUE_ON_FAILURE): Text 'Enter business name' is present on page  using regular expression

2024-11-07 18:20:22 - [MESSAGE][PASSED] - Text 'Enter business name' is present on page  using regular expression

2024-11-07 18:20:22 - [TEST_STEP][PASSED] - verifyTextPresent("Enter business rep first name", true, CONTINUE_ON_FAILURE): Text 'Enter business rep first name' is present on page  using regular expression

2024-11-07 18:20:22 - [MESSAGE][PASSED] - Text 'Enter business rep first name' is present on page  using regular expression

2024-11-07 18:20:22 - [TEST_STEP][PASSED] - verifyTextPresent("Enter business rep last name", true, CONTINUE_ON_FAILURE): Text 'Enter business rep last name' is present on page  using regular expression

2024-11-07 18:20:23 - [MESSAGE][PASSED] - Text 'Enter business rep last name' is present on page  using regular expression

2024-11-07 18:20:23 - [TEST_STEP][PASSED] - verifyTextPresent("Enter address", true, CONTINUE_ON_FAILURE): Text 'Enter address' is present on page  using regular expression

2024-11-07 18:20:23 - [MESSAGE][PASSED] - Text 'Enter address' is present on page  using regular expression

2024-11-07 18:20:23 - [TEST_STEP][PASSED] - verifyTextPresent("Enter city", true, CONTINUE_ON_FAILURE): Text 'Enter city' is present on page  using regular expression

2024-11-07 18:20:24 - [MESSAGE][PASSED] - Text 'Enter city' is present on page  using regular expression

2024-11-07 18:20:24 - [TEST_STEP][PASSED] - verifyTextPresent("Enter ZIP code", true, CONTINUE_ON_FAILURE): Text 'Enter ZIP code' is present on page  using regular expression

2024-11-07 18:20:24 - [MESSAGE][PASSED] - Text 'Enter ZIP code' is present on page  using regular expression

2024-11-07 18:20:24 - [TEST_STEP][PASSED] - verifyTextPresent("Enter a valid phone number", true, CONTINUE_ON_FAILURE): Text 'Enter a valid phone number' is present on page  using regular expression

2024-11-07 18:20:25 - [MESSAGE][PASSED] - Text 'Enter a valid phone number' is present on page  using regular expression

2024-11-07 18:20:25 - [TEST_STEP][PASSED] - verifyTextPresent("Enter Email", true, CONTINUE_ON_FAILURE): Text 'Enter Email' is present on page  using regular expression

2024-11-07 18:20:25 - [MESSAGE][PASSED] - Text 'Enter Email' is present on page  using regular expression

2024-11-07 18:20:25 - [TEST_STEP][PASSED] - if (CRN.equalsIgnoreCase("Y")): null

2024-11-07 18:20:25 - [TEST_STEP][PASSED] - if (MFLicNum.equalsIgnoreCase("Y")): null

2024-11-07 18:20:25 - [TEST_STEP][PASSED] - resText = "Pass": null

2024-11-07 18:20:25 - [TEST_STEP][PASSED] - pages.WriteExcel.demoKey(resText, datText, resColumn, datCloumn, fileLoc, nameSheet, row): pages.WriteExcel.demoKey is PASSED

2024-11-07 18:20:25 - [MESSAGE][PASSED] - pages.WriteExcel.demoKey is PASSED

2024-11-07 18:20:25 - [TEST_STEP][PASSED] - ExecuteTC = findTestData(dataFile).getValue("Execute", row): null

2024-11-07 18:20:25 - [TEST_STEP][PASSED] - TaxType = findTestData(dataFile).getValue("TaxType", row): null

2024-11-07 18:20:25 - [TEST_STEP][PASSED] - PaymentType = findTestData(dataFile).getValue("PaymentType", row): null

2024-11-07 18:20:25 - [TEST_STEP][PASSED] - FilingYear = findTestData(dataFile).getValue("Year", row): null

2024-11-07 18:20:25 - [TEST_STEP][PASSED] - feinSSN = findTestData(dataFile).getValue("FeinSsn", row): null

2024-11-07 18:20:25 - [TEST_STEP][PASSED] - CRN = findTestData(dataFile).getValue("CRN", row): null

2024-11-07 18:20:25 - [TEST_STEP][PASSED] - MFLicNum = findTestData(dataFile).getValue("MFLicNum", row): null

2024-11-07 18:20:26 - [TEST_STEP][PASSED] - if (ExecuteTC.equalsIgnoreCase("Y")): pages.WriteExcel.demoKey is PASSED

2024-11-07 18:20:26 - [TEST_STEP][PASSED] - out.println("Begin Record Number: " + row): null

2024-11-07 18:20:26 - [TEST_STEP][PASSED] - today = new java.util.Date(): null

2024-11-07 18:20:26 - [TEST_STEP][PASSED] - println(today): null

2024-11-07 18:20:26 - [TEST_STEP][PASSED] - datText = today: null

2024-11-07 18:20:26 - [TEST_STEP][PASSED] - logInfo("Payment Type: New Tax Return Amount Due"): Payment Type: New Tax Return Amount Due

2024-11-07 18:20:26 - [MESSAGE][INFO] - Payment Type: New Tax Return Amount Due

2024-11-07 18:20:26 - [TEST_STEP][PASSED] - logInfo("Tax Type: " + TaxType): Tax Type: Tire Recycling Fee

2024-11-07 18:20:26 - [MESSAGE][INFO] - Tax Type: Tire Recycling Fee

2024-11-07 18:20:26 - [TEST_STEP][PASSED] - openBrowser(""): Browser is opened with url: ''

2024-11-07 18:20:26 - [MESSAGE][WARNING] - A browser is already opened. Closing browser and opening a new one

2024-11-07 18:20:28 - [MESSAGE][INFO] - Starting 'Chrome' driver

2024-11-07 18:20:28 - [MESSAGE][INFO] - User set preference: ['acceptInsecureCerts', 'true']

2024-11-07 18:20:28 - [MESSAGE][INFO] - Action delay is set to 0 milliseconds

2024-11-07 18:20:30 - [MESSAGE][PASSED] - Browser is opened with url: ''

2024-11-07 18:20:30 - [TEST_STEP][PASSED] - maximizeWindow(): Current window maximized

2024-11-07 18:20:30 - [MESSAGE][PASSED] - Current window maximized

2024-11-07 18:20:30 - [TEST_STEP][PASSED] - navigateToUrl(RADurl): Navigate to 'https://www.velocitypayment.com/client/rad/index.html' successfully

2024-11-07 18:20:30 - [MESSAGE][PASSED] - Navigate to 'https://www.velocitypayment.com/client/rad/index.html' successfully

2024-11-07 18:20:30 - [TEST_STEP][PASSED] - selectOptionByLabel(findTestObject(orPath_Landing + "/dd_TaxType"), "New Tax Return Amount Due", false): All options with label 'New Tax Return Amount Due' are selected in object 'Object Repository/RAD_Pages/Landing_Page/dd_TaxType' 

2024-11-07 18:20:34 - [MESSAGE][PASSED] - All options with label 'New Tax Return Amount Due' are selected in object 'Object Repository/RAD_Pages/Landing_Page/dd_TaxType' 

2024-11-07 18:20:34 - [TEST_STEP][PASSED] - selectOptionByLabel(findTestObject("Object Repository/RAD_Pages/Landing_Page/select_NewTaxReturnAmountDue_TaxType"), TaxType, false): All options with label 'Tire Recycling Fee' are selected in object 'Object Repository/RAD_Pages/Landing_Page/select_NewTaxReturnAmountDue_TaxType' 

2024-11-07 18:20:35 - [MESSAGE][PASSED] - All options with label 'Tire Recycling Fee' are selected in object 'Object Repository/RAD_Pages/Landing_Page/select_NewTaxReturnAmountDue_TaxType' 

2024-11-07 18:20:35 - [TEST_STEP][PASSED] - selectOptionByLabel(findTestObject(orPath_TaxTypeFilingYear + "/select_FilingYear"), FilingYear, false): All options with label '2024' are selected in object 'Object Repository/RAD_Pages/TaxTypeFilingYear_Page/select_FilingYear' 

2024-11-07 18:20:35 - [MESSAGE][PASSED] - All options with label '2024' are selected in object 'Object Repository/RAD_Pages/TaxTypeFilingYear_Page/select_FilingYear' 

2024-11-07 18:20:35 - [TEST_STEP][PASSED] - setText(findTestObject(orPath_TaxPayer + "/input_businessName"), " "): Text ' ' is set on object 'Object Repository/RAD_Pages/Taxpayer_Page/input_businessName'

2024-11-07 18:20:36 - [MESSAGE][PASSED] - Text ' ' is set on object 'Object Repository/RAD_Pages/Taxpayer_Page/input_businessName'

2024-11-07 18:20:36 - [TEST_STEP][PASSED] - setText(findTestObject(orPath_TaxPayer + "/input_BusinessRepfirstName"), " "): Text ' ' is set on object 'Object Repository/RAD_Pages/Taxpayer_Page/input_BusinessRepfirstName'

2024-11-07 18:20:37 - [MESSAGE][PASSED] - Text ' ' is set on object 'Object Repository/RAD_Pages/Taxpayer_Page/input_BusinessRepfirstName'

2024-11-07 18:20:37 - [TEST_STEP][PASSED] - setText(findTestObject(orPath_TaxPayer + "/input_BusinessReplastName"), " "): Text ' ' is set on object 'Object Repository/RAD_Pages/Taxpayer_Page/input_BusinessReplastName'

2024-11-07 18:20:37 - [MESSAGE][PASSED] - Text ' ' is set on object 'Object Repository/RAD_Pages/Taxpayer_Page/input_BusinessReplastName'

2024-11-07 18:20:37 - [TEST_STEP][PASSED] - setText(findTestObject(orPath_AddressContact + "/input_streetAddress1"), " "): Text ' ' is set on object 'Object Repository/RAD_Pages/AddressAndContactInfo_Page/input_streetAddress1'

2024-11-07 18:20:38 - [MESSAGE][PASSED] - Text ' ' is set on object 'Object Repository/RAD_Pages/AddressAndContactInfo_Page/input_streetAddress1'

2024-11-07 18:20:38 - [TEST_STEP][PASSED] - setText(findTestObject(orPath_AddressContact + "/input_city"), " "): Text ' ' is set on object 'Object Repository/RAD_Pages/AddressAndContactInfo_Page/input_city'

2024-11-07 18:20:39 - [MESSAGE][PASSED] - Text ' ' is set on object 'Object Repository/RAD_Pages/AddressAndContactInfo_Page/input_city'

2024-11-07 18:20:39 - [TEST_STEP][PASSED] - setText(findTestObject(orPath_AddressContact + "/input_zipCode"), " "): Text ' ' is set on object 'Object Repository/RAD_Pages/AddressAndContactInfo_Page/input_zipCode'

2024-11-07 18:20:40 - [MESSAGE][PASSED] - Text ' ' is set on object 'Object Repository/RAD_Pages/AddressAndContactInfo_Page/input_zipCode'

2024-11-07 18:20:40 - [TEST_STEP][PASSED] - setText(findTestObject(orPath_AddressContact + "/input_phoneNumber"), " "): Text ' ' is set on object 'Object Repository/RAD_Pages/AddressAndContactInfo_Page/input_phoneNumber'

2024-11-07 18:20:41 - [MESSAGE][PASSED] - Text ' ' is set on object 'Object Repository/RAD_Pages/AddressAndContactInfo_Page/input_phoneNumber'

2024-11-07 18:20:41 - [TEST_STEP][PASSED] - setText(findTestObject(orPath_AddressContact + "/input_eMailAddress"), " "): Text ' ' is set on object 'Object Repository/RAD_Pages/AddressAndContactInfo_Page/input_eMailAddress'

2024-11-07 18:20:42 - [MESSAGE][PASSED] - Text ' ' is set on object 'Object Repository/RAD_Pages/AddressAndContactInfo_Page/input_eMailAddress'

2024-11-07 18:20:42 - [TEST_STEP][PASSED] - setText(findTestObject(orPath_AddressContact + "/input_reEnterEMailAddress"), " "): Text ' ' is set on object 'Object Repository/RAD_Pages/AddressAndContactInfo_Page/input_reEnterEMailAddress'

2024-11-07 18:20:43 - [MESSAGE][PASSED] - Text ' ' is set on object 'Object Repository/RAD_Pages/AddressAndContactInfo_Page/input_reEnterEMailAddress'

2024-11-07 18:20:43 - [TEST_STEP][PASSED] - if (TaxType.equalsIgnoreCase("Estate Tax")): null

2024-11-07 18:20:43 - [TEST_STEP][PASSED] - setText(findTestObject(orPath_Amount + "/input__paymentAmount"), ""): Text '' is set on object 'Object Repository/RAD_Pages/PaymentAmount_Page/input__paymentAmount'

2024-11-07 18:20:44 - [MESSAGE][PASSED] - Text '' is set on object 'Object Repository/RAD_Pages/PaymentAmount_Page/input__paymentAmount'

2024-11-07 18:20:44 - [TEST_STEP][PASSED] - resText = "Fail": null

2024-11-07 18:20:44 - [TEST_STEP][PASSED] - pages.WriteExcel.demoKey(resText, datText, resColumn, datCloumn, fileLoc, nameSheet, row): pages.WriteExcel.demoKey is PASSED

2024-11-07 18:20:44 - [MESSAGE][PASSED] - pages.WriteExcel.demoKey is PASSED

2024-11-07 18:20:44 - [TEST_STEP][PASSED] - verifyTextPresent("Enter business name", true, CONTINUE_ON_FAILURE): Text 'Enter business name' is present on page  using regular expression

2024-11-07 18:20:44 - [MESSAGE][PASSED] - Text 'Enter business name' is present on page  using regular expression

2024-11-07 18:20:44 - [TEST_STEP][PASSED] - verifyTextPresent("Enter business rep first name", true, CONTINUE_ON_FAILURE): Text 'Enter business rep first name' is present on page  using regular expression

2024-11-07 18:20:45 - [MESSAGE][PASSED] - Text 'Enter business rep first name' is present on page  using regular expression

2024-11-07 18:20:45 - [TEST_STEP][PASSED] - verifyTextPresent("Enter business rep last name", true, CONTINUE_ON_FAILURE): Text 'Enter business rep last name' is present on page  using regular expression

2024-11-07 18:20:45 - [MESSAGE][PASSED] - Text 'Enter business rep last name' is present on page  using regular expression

2024-11-07 18:20:45 - [TEST_STEP][PASSED] - verifyTextPresent("Enter address", true, CONTINUE_ON_FAILURE): Text 'Enter address' is present on page  using regular expression

2024-11-07 18:20:46 - [MESSAGE][PASSED] - Text 'Enter address' is present on page  using regular expression

2024-11-07 18:20:46 - [TEST_STEP][PASSED] - verifyTextPresent("Enter city", true, CONTINUE_ON_FAILURE): Text 'Enter city' is present on page  using regular expression

2024-11-07 18:20:46 - [MESSAGE][PASSED] - Text 'Enter city' is present on page  using regular expression

2024-11-07 18:20:46 - [TEST_STEP][PASSED] - verifyTextPresent("Enter ZIP code", true, CONTINUE_ON_FAILURE): Text 'Enter ZIP code' is present on page  using regular expression

2024-11-07 18:20:46 - [MESSAGE][PASSED] - Text 'Enter ZIP code' is present on page  using regular expression

2024-11-07 18:20:46 - [TEST_STEP][PASSED] - verifyTextPresent("Enter a valid phone number", true, CONTINUE_ON_FAILURE): Text 'Enter a valid phone number' is present on page  using regular expression

2024-11-07 18:20:47 - [MESSAGE][PASSED] - Text 'Enter a valid phone number' is present on page  using regular expression

2024-11-07 18:20:47 - [TEST_STEP][PASSED] - verifyTextPresent("Enter Email", true, CONTINUE_ON_FAILURE): Text 'Enter Email' is present on page  using regular expression

2024-11-07 18:20:47 - [MESSAGE][PASSED] - Text 'Enter Email' is present on page  using regular expression

2024-11-07 18:20:47 - [TEST_STEP][PASSED] - if (CRN.equalsIgnoreCase("Y")): Text 'Enter valid MD Central Registration Number' is present on page  using regular expression

2024-11-07 18:20:47 - [TEST_STEP][PASSED] - setText(findTestObject(orPath_TaxInfo + "/input_MDCRegistration"), " "): Text ' ' is set on object 'Object Repository/RAD_Pages/TaxInfo_Page/input_MDCRegistration'

2024-11-07 18:20:48 - [MESSAGE][PASSED] - Text ' ' is set on object 'Object Repository/RAD_Pages/TaxInfo_Page/input_MDCRegistration'

2024-11-07 18:20:48 - [TEST_STEP][PASSED] - setText(findTestObject(orPath_Amount + "/input__paymentAmount"), ""): Text '' is set on object 'Object Repository/RAD_Pages/PaymentAmount_Page/input__paymentAmount'

2024-11-07 18:20:48 - [MESSAGE][PASSED] - Text '' is set on object 'Object Repository/RAD_Pages/PaymentAmount_Page/input__paymentAmount'

2024-11-07 18:20:48 - [TEST_STEP][PASSED] - verifyTextPresent("Enter valid MD Central Registration Number", true, CONTINUE_ON_FAILURE): Text 'Enter valid MD Central Registration Number' is present on page  using regular expression

2024-11-07 18:20:49 - [MESSAGE][PASSED] - Text 'Enter valid MD Central Registration Number' is present on page  using regular expression

2024-11-07 18:20:49 - [TEST_STEP][PASSED] - if (MFLicNum.equalsIgnoreCase("Y")): null

2024-11-07 18:20:49 - [TEST_STEP][PASSED] - resText = "Pass": null

2024-11-07 18:20:49 - [TEST_STEP][PASSED] - pages.WriteExcel.demoKey(resText, datText, resColumn, datCloumn, fileLoc, nameSheet, row): pages.WriteExcel.demoKey is PASSED

2024-11-07 18:20:49 - [MESSAGE][PASSED] - pages.WriteExcel.demoKey is PASSED

2024-11-07 18:20:49 - [TEST_STEP][PASSED] - ExecuteTC = findTestData(dataFile).getValue("Execute", row): null

2024-11-07 18:20:49 - [TEST_STEP][PASSED] - TaxType = findTestData(dataFile).getValue("TaxType", row): null

2024-11-07 18:20:49 - [TEST_STEP][PASSED] - PaymentType = findTestData(dataFile).getValue("PaymentType", row): null

2024-11-07 18:20:49 - [TEST_STEP][PASSED] - FilingYear = findTestData(dataFile).getValue("Year", row): null

2024-11-07 18:20:49 - [TEST_STEP][PASSED] - feinSSN = findTestData(dataFile).getValue("FeinSsn", row): null

2024-11-07 18:20:49 - [TEST_STEP][PASSED] - CRN = findTestData(dataFile).getValue("CRN", row): null

2024-11-07 18:20:49 - [TEST_STEP][PASSED] - MFLicNum = findTestData(dataFile).getValue("MFLicNum", row): null

2024-11-07 18:20:49 - [TEST_STEP][PASSED] - if (ExecuteTC.equalsIgnoreCase("Y")): pages.WriteExcel.demoKey is PASSED

2024-11-07 18:20:49 - [TEST_STEP][PASSED] - out.println("Begin Record Number: " + row): null

2024-11-07 18:20:49 - [TEST_STEP][PASSED] - today = new java.util.Date(): null

2024-11-07 18:20:49 - [TEST_STEP][PASSED] - println(today): null

2024-11-07 18:20:49 - [TEST_STEP][PASSED] - datText = today: null

2024-11-07 18:20:49 - [TEST_STEP][PASSED] - logInfo("Payment Type: New Tax Return Amount Due"): Payment Type: New Tax Return Amount Due

2024-11-07 18:20:49 - [MESSAGE][INFO] - Payment Type: New Tax Return Amount Due

2024-11-07 18:20:49 - [TEST_STEP][PASSED] - logInfo("Tax Type: " + TaxType): Tax Type: Tobacco Tax

2024-11-07 18:20:49 - [MESSAGE][INFO] - Tax Type: Tobacco Tax

2024-11-07 18:20:49 - [TEST_STEP][PASSED] - openBrowser(""): Browser is opened with url: ''

2024-11-07 18:20:49 - [MESSAGE][WARNING] - A browser is already opened. Closing browser and opening a new one

2024-11-07 18:20:51 - [MESSAGE][INFO] - Starting 'Chrome' driver

2024-11-07 18:20:51 - [MESSAGE][INFO] - User set preference: ['acceptInsecureCerts', 'true']

2024-11-07 18:20:51 - [MESSAGE][INFO] - Action delay is set to 0 milliseconds

2024-11-07 18:20:53 - [MESSAGE][PASSED] - Browser is opened with url: ''

2024-11-07 18:20:53 - [TEST_STEP][PASSED] - maximizeWindow(): Current window maximized

2024-11-07 18:20:53 - [MESSAGE][PASSED] - Current window maximized

2024-11-07 18:20:53 - [TEST_STEP][PASSED] - navigateToUrl(RADurl): Navigate to 'https://www.velocitypayment.com/client/rad/index.html' successfully

2024-11-07 18:20:53 - [MESSAGE][PASSED] - Navigate to 'https://www.velocitypayment.com/client/rad/index.html' successfully

2024-11-07 18:20:53 - [TEST_STEP][PASSED] - selectOptionByLabel(findTestObject(orPath_Landing + "/dd_TaxType"), "New Tax Return Amount Due", false): All options with label 'New Tax Return Amount Due' are selected in object 'Object Repository/RAD_Pages/Landing_Page/dd_TaxType' 

2024-11-07 18:20:56 - [MESSAGE][PASSED] - All options with label 'New Tax Return Amount Due' are selected in object 'Object Repository/RAD_Pages/Landing_Page/dd_TaxType' 

2024-11-07 18:20:56 - [TEST_STEP][PASSED] - selectOptionByLabel(findTestObject("Object Repository/RAD_Pages/Landing_Page/select_NewTaxReturnAmountDue_TaxType"), TaxType, false): All options with label 'Tobacco Tax' are selected in object 'Object Repository/RAD_Pages/Landing_Page/select_NewTaxReturnAmountDue_TaxType' 

2024-11-07 18:20:57 - [MESSAGE][PASSED] - All options with label 'Tobacco Tax' are selected in object 'Object Repository/RAD_Pages/Landing_Page/select_NewTaxReturnAmountDue_TaxType' 

2024-11-07 18:20:57 - [TEST_STEP][PASSED] - selectOptionByLabel(findTestObject(orPath_TaxTypeFilingYear + "/select_FilingYear"), FilingYear, false): All options with label '2024' are selected in object 'Object Repository/RAD_Pages/TaxTypeFilingYear_Page/select_FilingYear' 

2024-11-07 18:20:58 - [MESSAGE][PASSED] - All options with label '2024' are selected in object 'Object Repository/RAD_Pages/TaxTypeFilingYear_Page/select_FilingYear' 

2024-11-07 18:20:58 - [TEST_STEP][PASSED] - setText(findTestObject(orPath_TaxPayer + "/input_businessName"), " "): Text ' ' is set on object 'Object Repository/RAD_Pages/Taxpayer_Page/input_businessName'

2024-11-07 18:20:58 - [MESSAGE][PASSED] - Text ' ' is set on object 'Object Repository/RAD_Pages/Taxpayer_Page/input_businessName'

2024-11-07 18:20:58 - [TEST_STEP][PASSED] - setText(findTestObject(orPath_TaxPayer + "/input_BusinessRepfirstName"), " "): Text ' ' is set on object 'Object Repository/RAD_Pages/Taxpayer_Page/input_BusinessRepfirstName'

2024-11-07 18:20:59 - [MESSAGE][PASSED] - Text ' ' is set on object 'Object Repository/RAD_Pages/Taxpayer_Page/input_BusinessRepfirstName'

2024-11-07 18:20:59 - [TEST_STEP][PASSED] - setText(findTestObject(orPath_TaxPayer + "/input_BusinessReplastName"), " "): Text ' ' is set on object 'Object Repository/RAD_Pages/Taxpayer_Page/input_BusinessReplastName'

2024-11-07 18:21:00 - [MESSAGE][PASSED] - Text ' ' is set on object 'Object Repository/RAD_Pages/Taxpayer_Page/input_BusinessReplastName'

2024-11-07 18:21:00 - [TEST_STEP][PASSED] - setText(findTestObject(orPath_AddressContact + "/input_streetAddress1"), " "): Text ' ' is set on object 'Object Repository/RAD_Pages/AddressAndContactInfo_Page/input_streetAddress1'

2024-11-07 18:21:01 - [MESSAGE][PASSED] - Text ' ' is set on object 'Object Repository/RAD_Pages/AddressAndContactInfo_Page/input_streetAddress1'

2024-11-07 18:21:01 - [TEST_STEP][PASSED] - setText(findTestObject(orPath_AddressContact + "/input_city"), " "): Text ' ' is set on object 'Object Repository/RAD_Pages/AddressAndContactInfo_Page/input_city'

2024-11-07 18:21:01 - [MESSAGE][PASSED] - Text ' ' is set on object 'Object Repository/RAD_Pages/AddressAndContactInfo_Page/input_city'

2024-11-07 18:21:01 - [TEST_STEP][PASSED] - setText(findTestObject(orPath_AddressContact + "/input_zipCode"), " "): Text ' ' is set on object 'Object Repository/RAD_Pages/AddressAndContactInfo_Page/input_zipCode'

2024-11-07 18:21:02 - [MESSAGE][PASSED] - Text ' ' is set on object 'Object Repository/RAD_Pages/AddressAndContactInfo_Page/input_zipCode'

2024-11-07 18:21:02 - [TEST_STEP][PASSED] - setText(findTestObject(orPath_AddressContact + "/input_phoneNumber"), " "): Text ' ' is set on object 'Object Repository/RAD_Pages/AddressAndContactInfo_Page/input_phoneNumber'

2024-11-07 18:21:03 - [MESSAGE][PASSED] - Text ' ' is set on object 'Object Repository/RAD_Pages/AddressAndContactInfo_Page/input_phoneNumber'

2024-11-07 18:21:03 - [TEST_STEP][PASSED] - setText(findTestObject(orPath_AddressContact + "/input_eMailAddress"), " "): Text ' ' is set on object 'Object Repository/RAD_Pages/AddressAndContactInfo_Page/input_eMailAddress'

2024-11-07 18:21:04 - [MESSAGE][PASSED] - Text ' ' is set on object 'Object Repository/RAD_Pages/AddressAndContactInfo_Page/input_eMailAddress'

2024-11-07 18:21:04 - [TEST_STEP][PASSED] - setText(findTestObject(orPath_AddressContact + "/input_reEnterEMailAddress"), " "): Text ' ' is set on object 'Object Repository/RAD_Pages/AddressAndContactInfo_Page/input_reEnterEMailAddress'

2024-11-07 18:21:05 - [MESSAGE][PASSED] - Text ' ' is set on object 'Object Repository/RAD_Pages/AddressAndContactInfo_Page/input_reEnterEMailAddress'

2024-11-07 18:21:05 - [TEST_STEP][PASSED] - if (TaxType.equalsIgnoreCase("Estate Tax")): null

2024-11-07 18:21:05 - [TEST_STEP][PASSED] - setText(findTestObject(orPath_Amount + "/input__paymentAmount"), ""): Text '' is set on object 'Object Repository/RAD_Pages/PaymentAmount_Page/input__paymentAmount'

2024-11-07 18:21:06 - [MESSAGE][PASSED] - Text '' is set on object 'Object Repository/RAD_Pages/PaymentAmount_Page/input__paymentAmount'

2024-11-07 18:21:06 - [TEST_STEP][PASSED] - resText = "Fail": null

2024-11-07 18:21:06 - [TEST_STEP][PASSED] - pages.WriteExcel.demoKey(resText, datText, resColumn, datCloumn, fileLoc, nameSheet, row): pages.WriteExcel.demoKey is PASSED

2024-11-07 18:21:06 - [MESSAGE][PASSED] - pages.WriteExcel.demoKey is PASSED

2024-11-07 18:21:06 - [TEST_STEP][PASSED] - verifyTextPresent("Enter business name", true, CONTINUE_ON_FAILURE): Text 'Enter business name' is present on page  using regular expression

2024-11-07 18:21:07 - [MESSAGE][PASSED] - Text 'Enter business name' is present on page  using regular expression

2024-11-07 18:21:07 - [TEST_STEP][PASSED] - verifyTextPresent("Enter business rep first name", true, CONTINUE_ON_FAILURE): Text 'Enter business rep first name' is present on page  using regular expression

2024-11-07 18:21:07 - [MESSAGE][PASSED] - Text 'Enter business rep first name' is present on page  using regular expression

2024-11-07 18:21:07 - [TEST_STEP][PASSED] - verifyTextPresent("Enter business rep last name", true, CONTINUE_ON_FAILURE): Text 'Enter business rep last name' is present on page  using regular expression

2024-11-07 18:21:07 - [MESSAGE][PASSED] - Text 'Enter business rep last name' is present on page  using regular expression

2024-11-07 18:21:07 - [TEST_STEP][PASSED] - verifyTextPresent("Enter address", true, CONTINUE_ON_FAILURE): Text 'Enter address' is present on page  using regular expression

2024-11-07 18:21:08 - [MESSAGE][PASSED] - Text 'Enter address' is present on page  using regular expression

2024-11-07 18:21:08 - [TEST_STEP][PASSED] - verifyTextPresent("Enter city", true, CONTINUE_ON_FAILURE): Text 'Enter city' is present on page  using regular expression

2024-11-07 18:21:08 - [MESSAGE][PASSED] - Text 'Enter city' is present on page  using regular expression

2024-11-07 18:21:08 - [TEST_STEP][PASSED] - verifyTextPresent("Enter ZIP code", true, CONTINUE_ON_FAILURE): Text 'Enter ZIP code' is present on page  using regular expression

2024-11-07 18:21:08 - [MESSAGE][PASSED] - Text 'Enter ZIP code' is present on page  using regular expression

2024-11-07 18:21:08 - [TEST_STEP][PASSED] - verifyTextPresent("Enter a valid phone number", true, CONTINUE_ON_FAILURE): Text 'Enter a valid phone number' is present on page  using regular expression

2024-11-07 18:21:09 - [MESSAGE][PASSED] - Text 'Enter a valid phone number' is present on page  using regular expression

2024-11-07 18:21:09 - [TEST_STEP][PASSED] - verifyTextPresent("Enter Email", true, CONTINUE_ON_FAILURE): Text 'Enter Email' is present on page  using regular expression

2024-11-07 18:21:09 - [MESSAGE][PASSED] - Text 'Enter Email' is present on page  using regular expression

2024-11-07 18:21:09 - [TEST_STEP][PASSED] - if (CRN.equalsIgnoreCase("Y")): Text 'Enter valid MD Central Registration Number' is present on page  using regular expression

2024-11-07 18:21:09 - [TEST_STEP][PASSED] - setText(findTestObject(orPath_TaxInfo + "/input_MDCRegistration"), " "): Text ' ' is set on object 'Object Repository/RAD_Pages/TaxInfo_Page/input_MDCRegistration'

2024-11-07 18:21:10 - [MESSAGE][PASSED] - Text ' ' is set on object 'Object Repository/RAD_Pages/TaxInfo_Page/input_MDCRegistration'

2024-11-07 18:21:10 - [TEST_STEP][PASSED] - setText(findTestObject(orPath_Amount + "/input__paymentAmount"), ""): Text '' is set on object 'Object Repository/RAD_Pages/PaymentAmount_Page/input__paymentAmount'

2024-11-07 18:21:11 - [MESSAGE][PASSED] - Text '' is set on object 'Object Repository/RAD_Pages/PaymentAmount_Page/input__paymentAmount'

2024-11-07 18:21:11 - [TEST_STEP][PASSED] - verifyTextPresent("Enter valid MD Central Registration Number", true, CONTINUE_ON_FAILURE): Text 'Enter valid MD Central Registration Number' is present on page  using regular expression

2024-11-07 18:21:11 - [MESSAGE][PASSED] - Text 'Enter valid MD Central Registration Number' is present on page  using regular expression

2024-11-07 18:21:11 - [TEST_STEP][PASSED] - if (MFLicNum.equalsIgnoreCase("Y")): null

2024-11-07 18:21:11 - [TEST_STEP][PASSED] - resText = "Pass": null

2024-11-07 18:21:11 - [TEST_STEP][PASSED] - pages.WriteExcel.demoKey(resText, datText, resColumn, datCloumn, fileLoc, nameSheet, row): pages.WriteExcel.demoKey is PASSED

2024-11-07 18:21:11 - [MESSAGE][PASSED] - pages.WriteExcel.demoKey is PASSED

2024-11-07 18:21:11 - [TEST_STEP][PASSED] - ExecuteTC = findTestData(dataFile).getValue("Execute", row): null

2024-11-07 18:21:11 - [TEST_STEP][PASSED] - TaxType = findTestData(dataFile).getValue("TaxType", row): null

2024-11-07 18:21:11 - [TEST_STEP][PASSED] - PaymentType = findTestData(dataFile).getValue("PaymentType", row): null

2024-11-07 18:21:11 - [TEST_STEP][PASSED] - FilingYear = findTestData(dataFile).getValue("Year", row): null

2024-11-07 18:21:11 - [TEST_STEP][PASSED] - feinSSN = findTestData(dataFile).getValue("FeinSsn", row): null

2024-11-07 18:21:11 - [TEST_STEP][PASSED] - CRN = findTestData(dataFile).getValue("CRN", row): null

2024-11-07 18:21:11 - [TEST_STEP][PASSED] - MFLicNum = findTestData(dataFile).getValue("MFLicNum", row): null

2024-11-07 18:21:11 - [TEST_STEP][PASSED] - if (ExecuteTC.equalsIgnoreCase("Y")): pages.WriteExcel.demoKey is PASSED

2024-11-07 18:21:11 - [TEST_STEP][PASSED] - out.println("Begin Record Number: " + row): null

2024-11-07 18:21:11 - [TEST_STEP][PASSED] - today = new java.util.Date(): null

2024-11-07 18:21:11 - [TEST_STEP][PASSED] - println(today): null

2024-11-07 18:21:11 - [TEST_STEP][PASSED] - datText = today: null

2024-11-07 18:21:11 - [TEST_STEP][PASSED] - logInfo("Payment Type: New Tax Return Amount Due"): Payment Type: New Tax Return Amount Due

2024-11-07 18:21:11 - [MESSAGE][INFO] - Payment Type: New Tax Return Amount Due

2024-11-07 18:21:11 - [TEST_STEP][PASSED] - logInfo("Tax Type: " + TaxType): Tax Type: Transportation Network Services

2024-11-07 18:21:11 - [MESSAGE][INFO] - Tax Type: Transportation Network Services

2024-11-07 18:21:11 - [TEST_STEP][PASSED] - openBrowser(""): Browser is opened with url: ''

2024-11-07 18:21:11 - [MESSAGE][WARNING] - A browser is already opened. Closing browser and opening a new one

2024-11-07 18:21:13 - [MESSAGE][INFO] - Starting 'Chrome' driver

2024-11-07 18:21:13 - [MESSAGE][INFO] - User set preference: ['acceptInsecureCerts', 'true']

2024-11-07 18:21:13 - [MESSAGE][INFO] - Action delay is set to 0 milliseconds

2024-11-07 18:21:15 - [MESSAGE][PASSED] - Browser is opened with url: ''

2024-11-07 18:21:15 - [TEST_STEP][PASSED] - maximizeWindow(): Current window maximized

2024-11-07 18:21:15 - [MESSAGE][PASSED] - Current window maximized

2024-11-07 18:21:15 - [TEST_STEP][PASSED] - navigateToUrl(RADurl): Navigate to 'https://www.velocitypayment.com/client/rad/index.html' successfully

2024-11-07 18:21:18 - [MESSAGE][PASSED] - Navigate to 'https://www.velocitypayment.com/client/rad/index.html' successfully

2024-11-07 18:21:18 - [TEST_STEP][PASSED] - selectOptionByLabel(findTestObject(orPath_Landing + "/dd_TaxType"), "New Tax Return Amount Due", false): All options with label 'New Tax Return Amount Due' are selected in object 'Object Repository/RAD_Pages/Landing_Page/dd_TaxType' 

2024-11-07 18:21:19 - [MESSAGE][PASSED] - All options with label 'New Tax Return Amount Due' are selected in object 'Object Repository/RAD_Pages/Landing_Page/dd_TaxType' 

2024-11-07 18:21:19 - [TEST_STEP][PASSED] - selectOptionByLabel(findTestObject("Object Repository/RAD_Pages/Landing_Page/select_NewTaxReturnAmountDue_TaxType"), TaxType, false): All options with label 'Transportation Network Services' are selected in object 'Object Repository/RAD_Pages/Landing_Page/select_NewTaxReturnAmountDue_TaxType' 

2024-11-07 18:21:20 - [MESSAGE][PASSED] - All options with label 'Transportation Network Services' are selected in object 'Object Repository/RAD_Pages/Landing_Page/select_NewTaxReturnAmountDue_TaxType' 

2024-11-07 18:21:20 - [TEST_STEP][PASSED] - selectOptionByLabel(findTestObject(orPath_TaxTypeFilingYear + "/select_FilingYear"), FilingYear, false): All options with label '2024' are selected in object 'Object Repository/RAD_Pages/TaxTypeFilingYear_Page/select_FilingYear' 

2024-11-07 18:21:20 - [MESSAGE][PASSED] - All options with label '2024' are selected in object 'Object Repository/RAD_Pages/TaxTypeFilingYear_Page/select_FilingYear' 

2024-11-07 18:21:20 - [TEST_STEP][PASSED] - setText(findTestObject(orPath_TaxPayer + "/input_businessName"), " "): Text ' ' is set on object 'Object Repository/RAD_Pages/Taxpayer_Page/input_businessName'

2024-11-07 18:21:21 - [MESSAGE][PASSED] - Text ' ' is set on object 'Object Repository/RAD_Pages/Taxpayer_Page/input_businessName'

2024-11-07 18:21:21 - [TEST_STEP][PASSED] - setText(findTestObject(orPath_TaxPayer + "/input_BusinessRepfirstName"), " "): Text ' ' is set on object 'Object Repository/RAD_Pages/Taxpayer_Page/input_BusinessRepfirstName'

2024-11-07 18:21:22 - [MESSAGE][PASSED] - Text ' ' is set on object 'Object Repository/RAD_Pages/Taxpayer_Page/input_BusinessRepfirstName'

2024-11-07 18:21:22 - [TEST_STEP][PASSED] - setText(findTestObject(orPath_TaxPayer + "/input_BusinessReplastName"), " "): Text ' ' is set on object 'Object Repository/RAD_Pages/Taxpayer_Page/input_BusinessReplastName'

2024-11-07 18:21:23 - [MESSAGE][PASSED] - Text ' ' is set on object 'Object Repository/RAD_Pages/Taxpayer_Page/input_BusinessReplastName'

2024-11-07 18:21:23 - [TEST_STEP][PASSED] - setText(findTestObject(orPath_AddressContact + "/input_streetAddress1"), " "): Text ' ' is set on object 'Object Repository/RAD_Pages/AddressAndContactInfo_Page/input_streetAddress1'

2024-11-07 18:21:23 - [MESSAGE][PASSED] - Text ' ' is set on object 'Object Repository/RAD_Pages/AddressAndContactInfo_Page/input_streetAddress1'

2024-11-07 18:21:23 - [TEST_STEP][PASSED] - setText(findTestObject(orPath_AddressContact + "/input_city"), " "): Text ' ' is set on object 'Object Repository/RAD_Pages/AddressAndContactInfo_Page/input_city'

2024-11-07 18:21:24 - [MESSAGE][PASSED] - Text ' ' is set on object 'Object Repository/RAD_Pages/AddressAndContactInfo_Page/input_city'

2024-11-07 18:21:24 - [TEST_STEP][PASSED] - setText(findTestObject(orPath_AddressContact + "/input_zipCode"), " "): Text ' ' is set on object 'Object Repository/RAD_Pages/AddressAndContactInfo_Page/input_zipCode'

2024-11-07 18:21:25 - [MESSAGE][PASSED] - Text ' ' is set on object 'Object Repository/RAD_Pages/AddressAndContactInfo_Page/input_zipCode'

2024-11-07 18:21:25 - [TEST_STEP][PASSED] - setText(findTestObject(orPath_AddressContact + "/input_phoneNumber"), " "): Text ' ' is set on object 'Object Repository/RAD_Pages/AddressAndContactInfo_Page/input_phoneNumber'

2024-11-07 18:21:26 - [MESSAGE][PASSED] - Text ' ' is set on object 'Object Repository/RAD_Pages/AddressAndContactInfo_Page/input_phoneNumber'

2024-11-07 18:21:26 - [TEST_STEP][PASSED] - setText(findTestObject(orPath_AddressContact + "/input_eMailAddress"), " "): Text ' ' is set on object 'Object Repository/RAD_Pages/AddressAndContactInfo_Page/input_eMailAddress'

2024-11-07 18:21:27 - [MESSAGE][PASSED] - Text ' ' is set on object 'Object Repository/RAD_Pages/AddressAndContactInfo_Page/input_eMailAddress'

2024-11-07 18:21:27 - [TEST_STEP][PASSED] - setText(findTestObject(orPath_AddressContact + "/input_reEnterEMailAddress"), " "): Text ' ' is set on object 'Object Repository/RAD_Pages/AddressAndContactInfo_Page/input_reEnterEMailAddress'

2024-11-07 18:21:28 - [MESSAGE][PASSED] - Text ' ' is set on object 'Object Repository/RAD_Pages/AddressAndContactInfo_Page/input_reEnterEMailAddress'

2024-11-07 18:21:28 - [TEST_STEP][PASSED] - if (TaxType.equalsIgnoreCase("Estate Tax")): null

2024-11-07 18:21:28 - [TEST_STEP][PASSED] - setText(findTestObject(orPath_Amount + "/input__paymentAmount"), ""): Text '' is set on object 'Object Repository/RAD_Pages/PaymentAmount_Page/input__paymentAmount'

2024-11-07 18:21:29 - [MESSAGE][PASSED] - Text '' is set on object 'Object Repository/RAD_Pages/PaymentAmount_Page/input__paymentAmount'

2024-11-07 18:21:29 - [TEST_STEP][PASSED] - resText = "Fail": null

2024-11-07 18:21:29 - [TEST_STEP][PASSED] - pages.WriteExcel.demoKey(resText, datText, resColumn, datCloumn, fileLoc, nameSheet, row): pages.WriteExcel.demoKey is PASSED

2024-11-07 18:21:29 - [MESSAGE][PASSED] - pages.WriteExcel.demoKey is PASSED

2024-11-07 18:21:29 - [TEST_STEP][PASSED] - verifyTextPresent("Enter business name", true, CONTINUE_ON_FAILURE): Text 'Enter business name' is present on page  using regular expression

2024-11-07 18:21:29 - [MESSAGE][PASSED] - Text 'Enter business name' is present on page  using regular expression

2024-11-07 18:21:29 - [TEST_STEP][PASSED] - verifyTextPresent("Enter business rep first name", true, CONTINUE_ON_FAILURE): Text 'Enter business rep first name' is present on page  using regular expression

2024-11-07 18:21:30 - [MESSAGE][PASSED] - Text 'Enter business rep first name' is present on page  using regular expression

2024-11-07 18:21:30 - [TEST_STEP][PASSED] - verifyTextPresent("Enter business rep last name", true, CONTINUE_ON_FAILURE): Text 'Enter business rep last name' is present on page  using regular expression

2024-11-07 18:21:30 - [MESSAGE][PASSED] - Text 'Enter business rep last name' is present on page  using regular expression

2024-11-07 18:21:30 - [TEST_STEP][PASSED] - verifyTextPresent("Enter address", true, CONTINUE_ON_FAILURE): Text 'Enter address' is present on page  using regular expression

2024-11-07 18:21:30 - [MESSAGE][PASSED] - Text 'Enter address' is present on page  using regular expression

2024-11-07 18:21:30 - [TEST_STEP][PASSED] - verifyTextPresent("Enter city", true, CONTINUE_ON_FAILURE): Text 'Enter city' is present on page  using regular expression

2024-11-07 18:21:31 - [MESSAGE][PASSED] - Text 'Enter city' is present on page  using regular expression

2024-11-07 18:21:31 - [TEST_STEP][PASSED] - verifyTextPresent("Enter ZIP code", true, CONTINUE_ON_FAILURE): Text 'Enter ZIP code' is present on page  using regular expression

2024-11-07 18:21:31 - [MESSAGE][PASSED] - Text 'Enter ZIP code' is present on page  using regular expression

2024-11-07 18:21:31 - [TEST_STEP][PASSED] - verifyTextPresent("Enter a valid phone number", true, CONTINUE_ON_FAILURE): Text 'Enter a valid phone number' is present on page  using regular expression

2024-11-07 18:21:31 - [MESSAGE][PASSED] - Text 'Enter a valid phone number' is present on page  using regular expression

2024-11-07 18:21:31 - [TEST_STEP][PASSED] - verifyTextPresent("Enter Email", true, CONTINUE_ON_FAILURE): Text 'Enter Email' is present on page  using regular expression

2024-11-07 18:21:32 - [MESSAGE][PASSED] - Text 'Enter Email' is present on page  using regular expression

2024-11-07 18:21:32 - [TEST_STEP][PASSED] - if (CRN.equalsIgnoreCase("Y")): Text 'Enter valid MD Central Registration Number' is present on page  using regular expression

2024-11-07 18:21:32 - [TEST_STEP][PASSED] - setText(findTestObject(orPath_TaxInfo + "/input_MDCRegistration"), " "): Text ' ' is set on object 'Object Repository/RAD_Pages/TaxInfo_Page/input_MDCRegistration'

2024-11-07 18:21:32 - [MESSAGE][PASSED] - Text ' ' is set on object 'Object Repository/RAD_Pages/TaxInfo_Page/input_MDCRegistration'

2024-11-07 18:21:32 - [TEST_STEP][PASSED] - setText(findTestObject(orPath_Amount + "/input__paymentAmount"), ""): Text '' is set on object 'Object Repository/RAD_Pages/PaymentAmount_Page/input__paymentAmount'

2024-11-07 18:21:33 - [MESSAGE][PASSED] - Text '' is set on object 'Object Repository/RAD_Pages/PaymentAmount_Page/input__paymentAmount'

2024-11-07 18:21:33 - [TEST_STEP][PASSED] - verifyTextPresent("Enter valid MD Central Registration Number", true, CONTINUE_ON_FAILURE): Text 'Enter valid MD Central Registration Number' is present on page  using regular expression

2024-11-07 18:21:33 - [MESSAGE][PASSED] - Text 'Enter valid MD Central Registration Number' is present on page  using regular expression

2024-11-07 18:21:33 - [TEST_STEP][PASSED] - if (MFLicNum.equalsIgnoreCase("Y")): null

2024-11-07 18:21:33 - [TEST_STEP][PASSED] - resText = "Pass": null

2024-11-07 18:21:33 - [TEST_STEP][PASSED] - pages.WriteExcel.demoKey(resText, datText, resColumn, datCloumn, fileLoc, nameSheet, row): pages.WriteExcel.demoKey is PASSED

2024-11-07 18:21:34 - [MESSAGE][PASSED] - pages.WriteExcel.demoKey is PASSED

2024-11-07 18:21:34 - [TEST_STEP][PASSED] - ExecuteTC = findTestData(dataFile).getValue("Execute", row): null

2024-11-07 18:21:34 - [TEST_STEP][PASSED] - TaxType = findTestData(dataFile).getValue("TaxType", row): null

2024-11-07 18:21:34 - [TEST_STEP][PASSED] - PaymentType = findTestData(dataFile).getValue("PaymentType", row): null

2024-11-07 18:21:34 - [TEST_STEP][PASSED] - FilingYear = findTestData(dataFile).getValue("Year", row): null

2024-11-07 18:21:34 - [TEST_STEP][PASSED] - feinSSN = findTestData(dataFile).getValue("FeinSsn", row): null

2024-11-07 18:21:34 - [TEST_STEP][PASSED] - CRN = findTestData(dataFile).getValue("CRN", row): null

2024-11-07 18:21:34 - [TEST_STEP][PASSED] - MFLicNum = findTestData(dataFile).getValue("MFLicNum", row): null

2024-11-07 18:21:34 - [TEST_STEP][PASSED] - if (ExecuteTC.equalsIgnoreCase("Y")): pages.WriteExcel.demoKey is PASSED

2024-11-07 18:21:34 - [TEST_STEP][PASSED] - out.println("Begin Record Number: " + row): null

2024-11-07 18:21:34 - [TEST_STEP][PASSED] - today = new java.util.Date(): null

2024-11-07 18:21:34 - [TEST_STEP][PASSED] - println(today): null

2024-11-07 18:21:34 - [TEST_STEP][PASSED] - datText = today: null

2024-11-07 18:21:34 - [TEST_STEP][PASSED] - logInfo("Payment Type: New Tax Return Amount Due"): Payment Type: New Tax Return Amount Due

2024-11-07 18:21:34 - [MESSAGE][INFO] - Payment Type: New Tax Return Amount Due

2024-11-07 18:21:34 - [TEST_STEP][PASSED] - logInfo("Tax Type: " + TaxType): Tax Type: Unclaimed Property

2024-11-07 18:21:34 - [MESSAGE][INFO] - Tax Type: Unclaimed Property

2024-11-07 18:21:34 - [TEST_STEP][PASSED] - openBrowser(""): Browser is opened with url: ''

2024-11-07 18:21:34 - [MESSAGE][WARNING] - A browser is already opened. Closing browser and opening a new one

2024-11-07 18:21:36 - [MESSAGE][INFO] - Starting 'Chrome' driver

2024-11-07 18:21:36 - [MESSAGE][INFO] - User set preference: ['acceptInsecureCerts', 'true']

2024-11-07 18:21:36 - [MESSAGE][INFO] - Action delay is set to 0 milliseconds

2024-11-07 18:21:37 - [MESSAGE][PASSED] - Browser is opened with url: ''

2024-11-07 18:21:37 - [TEST_STEP][PASSED] - maximizeWindow(): Current window maximized

2024-11-07 18:21:38 - [MESSAGE][PASSED] - Current window maximized

2024-11-07 18:21:38 - [TEST_STEP][PASSED] - navigateToUrl(RADurl): Navigate to 'https://www.velocitypayment.com/client/rad/index.html' successfully

2024-11-07 18:21:40 - [MESSAGE][PASSED] - Navigate to 'https://www.velocitypayment.com/client/rad/index.html' successfully

2024-11-07 18:21:40 - [TEST_STEP][PASSED] - selectOptionByLabel(findTestObject(orPath_Landing + "/dd_TaxType"), "New Tax Return Amount Due", false): All options with label 'New Tax Return Amount Due' are selected in object 'Object Repository/RAD_Pages/Landing_Page/dd_TaxType' 

2024-11-07 18:21:41 - [MESSAGE][PASSED] - All options with label 'New Tax Return Amount Due' are selected in object 'Object Repository/RAD_Pages/Landing_Page/dd_TaxType' 

2024-11-07 18:21:41 - [TEST_STEP][PASSED] - selectOptionByLabel(findTestObject("Object Repository/RAD_Pages/Landing_Page/select_NewTaxReturnAmountDue_TaxType"), TaxType, false): All options with label 'Unclaimed Property' are selected in object 'Object Repository/RAD_Pages/Landing_Page/select_NewTaxReturnAmountDue_TaxType' 

2024-11-07 18:21:42 - [MESSAGE][PASSED] - All options with label 'Unclaimed Property' are selected in object 'Object Repository/RAD_Pages/Landing_Page/select_NewTaxReturnAmountDue_TaxType' 

2024-11-07 18:21:42 - [TEST_STEP][PASSED] - selectOptionByLabel(findTestObject(orPath_TaxTypeFilingYear + "/select_FilingYear"), FilingYear, false): All options with label '2024' are selected in object 'Object Repository/RAD_Pages/TaxTypeFilingYear_Page/select_FilingYear' 

2024-11-07 18:21:42 - [MESSAGE][PASSED] - All options with label '2024' are selected in object 'Object Repository/RAD_Pages/TaxTypeFilingYear_Page/select_FilingYear' 

2024-11-07 18:21:42 - [TEST_STEP][PASSED] - setText(findTestObject(orPath_TaxPayer + "/input_businessName"), " "): Text ' ' is set on object 'Object Repository/RAD_Pages/Taxpayer_Page/input_businessName'

2024-11-07 18:21:43 - [MESSAGE][PASSED] - Text ' ' is set on object 'Object Repository/RAD_Pages/Taxpayer_Page/input_businessName'

2024-11-07 18:21:43 - [TEST_STEP][PASSED] - setText(findTestObject(orPath_TaxPayer + "/input_BusinessRepfirstName"), " "): Text ' ' is set on object 'Object Repository/RAD_Pages/Taxpayer_Page/input_BusinessRepfirstName'

2024-11-07 18:21:44 - [MESSAGE][PASSED] - Text ' ' is set on object 'Object Repository/RAD_Pages/Taxpayer_Page/input_BusinessRepfirstName'

2024-11-07 18:21:44 - [TEST_STEP][PASSED] - setText(findTestObject(orPath_TaxPayer + "/input_BusinessReplastName"), " "): Text ' ' is set on object 'Object Repository/RAD_Pages/Taxpayer_Page/input_BusinessReplastName'

2024-11-07 18:21:44 - [MESSAGE][PASSED] - Text ' ' is set on object 'Object Repository/RAD_Pages/Taxpayer_Page/input_BusinessReplastName'

2024-11-07 18:21:44 - [TEST_STEP][PASSED] - setText(findTestObject(orPath_AddressContact + "/input_streetAddress1"), " "): Text ' ' is set on object 'Object Repository/RAD_Pages/AddressAndContactInfo_Page/input_streetAddress1'

2024-11-07 18:21:45 - [MESSAGE][PASSED] - Text ' ' is set on object 'Object Repository/RAD_Pages/AddressAndContactInfo_Page/input_streetAddress1'

2024-11-07 18:21:45 - [TEST_STEP][PASSED] - setText(findTestObject(orPath_AddressContact + "/input_city"), " "): Text ' ' is set on object 'Object Repository/RAD_Pages/AddressAndContactInfo_Page/input_city'

2024-11-07 18:21:46 - [MESSAGE][PASSED] - Text ' ' is set on object 'Object Repository/RAD_Pages/AddressAndContactInfo_Page/input_city'

2024-11-07 18:21:46 - [TEST_STEP][PASSED] - setText(findTestObject(orPath_AddressContact + "/input_zipCode"), " "): Text ' ' is set on object 'Object Repository/RAD_Pages/AddressAndContactInfo_Page/input_zipCode'

2024-11-07 18:21:47 - [MESSAGE][PASSED] - Text ' ' is set on object 'Object Repository/RAD_Pages/AddressAndContactInfo_Page/input_zipCode'

2024-11-07 18:21:47 - [TEST_STEP][PASSED] - setText(findTestObject(orPath_AddressContact + "/input_phoneNumber"), " "): Text ' ' is set on object 'Object Repository/RAD_Pages/AddressAndContactInfo_Page/input_phoneNumber'

2024-11-07 18:21:48 - [MESSAGE][PASSED] - Text ' ' is set on object 'Object Repository/RAD_Pages/AddressAndContactInfo_Page/input_phoneNumber'

2024-11-07 18:21:48 - [TEST_STEP][PASSED] - setText(findTestObject(orPath_AddressContact + "/input_eMailAddress"), " "): Text ' ' is set on object 'Object Repository/RAD_Pages/AddressAndContactInfo_Page/input_eMailAddress'

2024-11-07 18:21:49 - [MESSAGE][PASSED] - Text ' ' is set on object 'Object Repository/RAD_Pages/AddressAndContactInfo_Page/input_eMailAddress'

2024-11-07 18:21:49 - [TEST_STEP][PASSED] - setText(findTestObject(orPath_AddressContact + "/input_reEnterEMailAddress"), " "): Text ' ' is set on object 'Object Repository/RAD_Pages/AddressAndContactInfo_Page/input_reEnterEMailAddress'

2024-11-07 18:21:50 - [MESSAGE][PASSED] - Text ' ' is set on object 'Object Repository/RAD_Pages/AddressAndContactInfo_Page/input_reEnterEMailAddress'

2024-11-07 18:21:50 - [TEST_STEP][PASSED] - if (TaxType.equalsIgnoreCase("Estate Tax")): null

2024-11-07 18:21:50 - [TEST_STEP][PASSED] - setText(findTestObject(orPath_Amount + "/input__paymentAmount"), ""): Text '' is set on object 'Object Repository/RAD_Pages/PaymentAmount_Page/input__paymentAmount'

2024-11-07 18:21:51 - [MESSAGE][PASSED] - Text '' is set on object 'Object Repository/RAD_Pages/PaymentAmount_Page/input__paymentAmount'

2024-11-07 18:21:51 - [TEST_STEP][PASSED] - resText = "Fail": null

2024-11-07 18:21:51 - [TEST_STEP][PASSED] - pages.WriteExcel.demoKey(resText, datText, resColumn, datCloumn, fileLoc, nameSheet, row): pages.WriteExcel.demoKey is PASSED

2024-11-07 18:21:51 - [MESSAGE][PASSED] - pages.WriteExcel.demoKey is PASSED

2024-11-07 18:21:51 - [TEST_STEP][PASSED] - verifyTextPresent("Enter business name", true, CONTINUE_ON_FAILURE): Text 'Enter business name' is present on page  using regular expression

2024-11-07 18:21:51 - [MESSAGE][PASSED] - Text 'Enter business name' is present on page  using regular expression

2024-11-07 18:21:51 - [TEST_STEP][PASSED] - verifyTextPresent("Enter business rep first name", true, CONTINUE_ON_FAILURE): Text 'Enter business rep first name' is present on page  using regular expression

2024-11-07 18:21:52 - [MESSAGE][PASSED] - Text 'Enter business rep first name' is present on page  using regular expression

2024-11-07 18:21:52 - [TEST_STEP][PASSED] - verifyTextPresent("Enter business rep last name", true, CONTINUE_ON_FAILURE): Text 'Enter business rep last name' is present on page  using regular expression

2024-11-07 18:21:52 - [MESSAGE][PASSED] - Text 'Enter business rep last name' is present on page  using regular expression

2024-11-07 18:21:52 - [TEST_STEP][PASSED] - verifyTextPresent("Enter address", true, CONTINUE_ON_FAILURE): Text 'Enter address' is present on page  using regular expression

2024-11-07 18:21:52 - [MESSAGE][PASSED] - Text 'Enter address' is present on page  using regular expression

2024-11-07 18:21:52 - [TEST_STEP][PASSED] - verifyTextPresent("Enter city", true, CONTINUE_ON_FAILURE): Text 'Enter city' is present on page  using regular expression

2024-11-07 18:21:53 - [MESSAGE][PASSED] - Text 'Enter city' is present on page  using regular expression

2024-11-07 18:21:53 - [TEST_STEP][PASSED] - verifyTextPresent("Enter ZIP code", true, CONTINUE_ON_FAILURE): Text 'Enter ZIP code' is present on page  using regular expression

2024-11-07 18:21:53 - [MESSAGE][PASSED] - Text 'Enter ZIP code' is present on page  using regular expression

2024-11-07 18:21:53 - [TEST_STEP][PASSED] - verifyTextPresent("Enter a valid phone number", true, CONTINUE_ON_FAILURE): Text 'Enter a valid phone number' is present on page  using regular expression

2024-11-07 18:21:53 - [MESSAGE][PASSED] - Text 'Enter a valid phone number' is present on page  using regular expression

2024-11-07 18:21:53 - [TEST_STEP][PASSED] - verifyTextPresent("Enter Email", true, CONTINUE_ON_FAILURE): Text 'Enter Email' is present on page  using regular expression

2024-11-07 18:21:54 - [MESSAGE][PASSED] - Text 'Enter Email' is present on page  using regular expression

2024-11-07 18:21:54 - [TEST_STEP][PASSED] - if (CRN.equalsIgnoreCase("Y")): null

2024-11-07 18:21:54 - [TEST_STEP][PASSED] - if (MFLicNum.equalsIgnoreCase("Y")): null

2024-11-07 18:21:54 - [TEST_STEP][PASSED] - resText = "Pass": null

2024-11-07 18:21:54 - [TEST_STEP][PASSED] - pages.WriteExcel.demoKey(resText, datText, resColumn, datCloumn, fileLoc, nameSheet, row): pages.WriteExcel.demoKey is PASSED

2024-11-07 18:21:54 - [MESSAGE][PASSED] - pages.WriteExcel.demoKey is PASSED

2024-11-07 18:21:54 - [TEST_STEP][PASSED] - ExecuteTC = findTestData(dataFile).getValue("Execute", row): null

2024-11-07 18:21:54 - [TEST_STEP][PASSED] - TaxType = findTestData(dataFile).getValue("TaxType", row): null

2024-11-07 18:21:54 - [TEST_STEP][PASSED] - PaymentType = findTestData(dataFile).getValue("PaymentType", row): null

2024-11-07 18:21:54 - [TEST_STEP][PASSED] - FilingYear = findTestData(dataFile).getValue("Year", row): null

2024-11-07 18:21:54 - [TEST_STEP][PASSED] - feinSSN = findTestData(dataFile).getValue("FeinSsn", row): null

2024-11-07 18:21:54 - [TEST_STEP][PASSED] - CRN = findTestData(dataFile).getValue("CRN", row): null

2024-11-07 18:21:54 - [TEST_STEP][PASSED] - MFLicNum = findTestData(dataFile).getValue("MFLicNum", row): null

2024-11-07 18:21:54 - [TEST_STEP][PASSED] - if (ExecuteTC.equalsIgnoreCase("Y")): pages.WriteExcel.demoKey is PASSED

2024-11-07 18:21:54 - [TEST_STEP][PASSED] - out.println("Begin Record Number: " + row): null

2024-11-07 18:21:54 - [TEST_STEP][PASSED] - today = new java.util.Date(): null

2024-11-07 18:21:54 - [TEST_STEP][PASSED] - println(today): null

2024-11-07 18:21:54 - [TEST_STEP][PASSED] - datText = today: null

2024-11-07 18:21:54 - [TEST_STEP][PASSED] - logInfo("Payment Type: New Tax Return Amount Due"): Payment Type: New Tax Return Amount Due

2024-11-07 18:21:54 - [MESSAGE][INFO] - Payment Type: New Tax Return Amount Due

2024-11-07 18:21:54 - [TEST_STEP][PASSED] - logInfo("Tax Type: " + TaxType): Tax Type: Withholding Tax

2024-11-07 18:21:54 - [MESSAGE][INFO] - Tax Type: Withholding Tax

2024-11-07 18:21:54 - [TEST_STEP][PASSED] - openBrowser(""): Browser is opened with url: ''

2024-11-07 18:21:54 - [MESSAGE][WARNING] - A browser is already opened. Closing browser and opening a new one

2024-11-07 18:21:56 - [MESSAGE][INFO] - Starting 'Chrome' driver

2024-11-07 18:21:56 - [MESSAGE][INFO] - User set preference: ['acceptInsecureCerts', 'true']

2024-11-07 18:21:56 - [MESSAGE][INFO] - Action delay is set to 0 milliseconds

2024-11-07 18:21:58 - [MESSAGE][PASSED] - Browser is opened with url: ''

2024-11-07 18:21:58 - [TEST_STEP][PASSED] - maximizeWindow(): Current window maximized

2024-11-07 18:21:58 - [MESSAGE][PASSED] - Current window maximized

2024-11-07 18:21:58 - [TEST_STEP][PASSED] - navigateToUrl(RADurl): Navigate to 'https://www.velocitypayment.com/client/rad/index.html' successfully

2024-11-07 18:21:58 - [MESSAGE][PASSED] - Navigate to 'https://www.velocitypayment.com/client/rad/index.html' successfully

2024-11-07 18:21:58 - [TEST_STEP][PASSED] - selectOptionByLabel(findTestObject(orPath_Landing + "/dd_TaxType"), "New Tax Return Amount Due", false): All options with label 'New Tax Return Amount Due' are selected in object 'Object Repository/RAD_Pages/Landing_Page/dd_TaxType' 

2024-11-07 18:22:01 - [MESSAGE][PASSED] - All options with label 'New Tax Return Amount Due' are selected in object 'Object Repository/RAD_Pages/Landing_Page/dd_TaxType' 

2024-11-07 18:22:01 - [TEST_STEP][PASSED] - selectOptionByLabel(findTestObject("Object Repository/RAD_Pages/Landing_Page/select_NewTaxReturnAmountDue_TaxType"), TaxType, false): All options with label 'Withholding Tax' are selected in object 'Object Repository/RAD_Pages/Landing_Page/select_NewTaxReturnAmountDue_TaxType' 

2024-11-07 18:22:02 - [MESSAGE][PASSED] - All options with label 'Withholding Tax' are selected in object 'Object Repository/RAD_Pages/Landing_Page/select_NewTaxReturnAmountDue_TaxType' 

2024-11-07 18:22:02 - [TEST_STEP][PASSED] - selectOptionByLabel(findTestObject(orPath_TaxTypeFilingYear + "/select_FilingYear"), FilingYear, false): All options with label '2024' are selected in object 'Object Repository/RAD_Pages/TaxTypeFilingYear_Page/select_FilingYear' 

2024-11-07 18:22:03 - [MESSAGE][PASSED] - All options with label '2024' are selected in object 'Object Repository/RAD_Pages/TaxTypeFilingYear_Page/select_FilingYear' 

2024-11-07 18:22:03 - [TEST_STEP][PASSED] - setText(findTestObject(orPath_TaxPayer + "/input_businessName"), " "): Text ' ' is set on object 'Object Repository/RAD_Pages/Taxpayer_Page/input_businessName'

2024-11-07 18:22:04 - [MESSAGE][PASSED] - Text ' ' is set on object 'Object Repository/RAD_Pages/Taxpayer_Page/input_businessName'

2024-11-07 18:22:04 - [TEST_STEP][PASSED] - setText(findTestObject(orPath_TaxPayer + "/input_BusinessRepfirstName"), " "): Text ' ' is set on object 'Object Repository/RAD_Pages/Taxpayer_Page/input_BusinessRepfirstName'

2024-11-07 18:22:05 - [MESSAGE][PASSED] - Text ' ' is set on object 'Object Repository/RAD_Pages/Taxpayer_Page/input_BusinessRepfirstName'

2024-11-07 18:22:05 - [TEST_STEP][PASSED] - setText(findTestObject(orPath_TaxPayer + "/input_BusinessReplastName"), " "): Text ' ' is set on object 'Object Repository/RAD_Pages/Taxpayer_Page/input_BusinessReplastName'

2024-11-07 18:22:05 - [MESSAGE][PASSED] - Text ' ' is set on object 'Object Repository/RAD_Pages/Taxpayer_Page/input_BusinessReplastName'

2024-11-07 18:22:05 - [TEST_STEP][PASSED] - setText(findTestObject(orPath_AddressContact + "/input_streetAddress1"), " "): Text ' ' is set on object 'Object Repository/RAD_Pages/AddressAndContactInfo_Page/input_streetAddress1'

2024-11-07 18:22:06 - [MESSAGE][PASSED] - Text ' ' is set on object 'Object Repository/RAD_Pages/AddressAndContactInfo_Page/input_streetAddress1'

2024-11-07 18:22:06 - [TEST_STEP][PASSED] - setText(findTestObject(orPath_AddressContact + "/input_city"), " "): Text ' ' is set on object 'Object Repository/RAD_Pages/AddressAndContactInfo_Page/input_city'

2024-11-07 18:22:07 - [MESSAGE][PASSED] - Text ' ' is set on object 'Object Repository/RAD_Pages/AddressAndContactInfo_Page/input_city'

2024-11-07 18:22:07 - [TEST_STEP][PASSED] - setText(findTestObject(orPath_AddressContact + "/input_zipCode"), " "): Text ' ' is set on object 'Object Repository/RAD_Pages/AddressAndContactInfo_Page/input_zipCode'

2024-11-07 18:22:08 - [MESSAGE][PASSED] - Text ' ' is set on object 'Object Repository/RAD_Pages/AddressAndContactInfo_Page/input_zipCode'

2024-11-07 18:22:08 - [TEST_STEP][PASSED] - setText(findTestObject(orPath_AddressContact + "/input_phoneNumber"), " "): Text ' ' is set on object 'Object Repository/RAD_Pages/AddressAndContactInfo_Page/input_phoneNumber'

2024-11-07 18:22:09 - [MESSAGE][PASSED] - Text ' ' is set on object 'Object Repository/RAD_Pages/AddressAndContactInfo_Page/input_phoneNumber'

2024-11-07 18:22:09 - [TEST_STEP][PASSED] - setText(findTestObject(orPath_AddressContact + "/input_eMailAddress"), " "): Text ' ' is set on object 'Object Repository/RAD_Pages/AddressAndContactInfo_Page/input_eMailAddress'

2024-11-07 18:22:10 - [MESSAGE][PASSED] - Text ' ' is set on object 'Object Repository/RAD_Pages/AddressAndContactInfo_Page/input_eMailAddress'

2024-11-07 18:22:10 - [TEST_STEP][PASSED] - setText(findTestObject(orPath_AddressContact + "/input_reEnterEMailAddress"), " "): Text ' ' is set on object 'Object Repository/RAD_Pages/AddressAndContactInfo_Page/input_reEnterEMailAddress'

2024-11-07 18:22:11 - [MESSAGE][PASSED] - Text ' ' is set on object 'Object Repository/RAD_Pages/AddressAndContactInfo_Page/input_reEnterEMailAddress'

2024-11-07 18:22:11 - [TEST_STEP][PASSED] - if (TaxType.equalsIgnoreCase("Estate Tax")): null

2024-11-07 18:22:11 - [TEST_STEP][PASSED] - setText(findTestObject(orPath_Amount + "/input__paymentAmount"), ""): Text '' is set on object 'Object Repository/RAD_Pages/PaymentAmount_Page/input__paymentAmount'

2024-11-07 18:22:12 - [MESSAGE][PASSED] - Text '' is set on object 'Object Repository/RAD_Pages/PaymentAmount_Page/input__paymentAmount'

2024-11-07 18:22:12 - [TEST_STEP][PASSED] - resText = "Fail": null

2024-11-07 18:22:12 - [TEST_STEP][PASSED] - pages.WriteExcel.demoKey(resText, datText, resColumn, datCloumn, fileLoc, nameSheet, row): pages.WriteExcel.demoKey is PASSED

2024-11-07 18:22:12 - [MESSAGE][PASSED] - pages.WriteExcel.demoKey is PASSED

2024-11-07 18:22:12 - [TEST_STEP][PASSED] - verifyTextPresent("Enter business name", true, CONTINUE_ON_FAILURE): Text 'Enter business name' is present on page  using regular expression

2024-11-07 18:22:13 - [MESSAGE][PASSED] - Text 'Enter business name' is present on page  using regular expression

2024-11-07 18:22:13 - [TEST_STEP][PASSED] - verifyTextPresent("Enter business rep first name", true, CONTINUE_ON_FAILURE): Text 'Enter business rep first name' is present on page  using regular expression

2024-11-07 18:22:13 - [MESSAGE][PASSED] - Text 'Enter business rep first name' is present on page  using regular expression

2024-11-07 18:22:13 - [TEST_STEP][PASSED] - verifyTextPresent("Enter business rep last name", true, CONTINUE_ON_FAILURE): Text 'Enter business rep last name' is present on page  using regular expression

2024-11-07 18:22:13 - [MESSAGE][PASSED] - Text 'Enter business rep last name' is present on page  using regular expression

2024-11-07 18:22:13 - [TEST_STEP][PASSED] - verifyTextPresent("Enter address", true, CONTINUE_ON_FAILURE): Text 'Enter address' is present on page  using regular expression

2024-11-07 18:22:14 - [MESSAGE][PASSED] - Text 'Enter address' is present on page  using regular expression

2024-11-07 18:22:14 - [TEST_STEP][PASSED] - verifyTextPresent("Enter city", true, CONTINUE_ON_FAILURE): Text 'Enter city' is present on page  using regular expression

2024-11-07 18:22:14 - [MESSAGE][PASSED] - Text 'Enter city' is present on page  using regular expression

2024-11-07 18:22:14 - [TEST_STEP][PASSED] - verifyTextPresent("Enter ZIP code", true, CONTINUE_ON_FAILURE): Text 'Enter ZIP code' is present on page  using regular expression

2024-11-07 18:22:14 - [MESSAGE][PASSED] - Text 'Enter ZIP code' is present on page  using regular expression

2024-11-07 18:22:14 - [TEST_STEP][PASSED] - verifyTextPresent("Enter a valid phone number", true, CONTINUE_ON_FAILURE): Text 'Enter a valid phone number' is present on page  using regular expression

2024-11-07 18:22:15 - [MESSAGE][PASSED] - Text 'Enter a valid phone number' is present on page  using regular expression

2024-11-07 18:22:15 - [TEST_STEP][PASSED] - verifyTextPresent("Enter Email", true, CONTINUE_ON_FAILURE): Text 'Enter Email' is present on page  using regular expression

2024-11-07 18:22:15 - [MESSAGE][PASSED] - Text 'Enter Email' is present on page  using regular expression

2024-11-07 18:22:15 - [TEST_STEP][PASSED] - if (CRN.equalsIgnoreCase("Y")): Text 'Enter valid MD Central Registration Number' is present on page  using regular expression

2024-11-07 18:22:15 - [TEST_STEP][PASSED] - setText(findTestObject(orPath_TaxInfo + "/input_MDCRegistration"), " "): Text ' ' is set on object 'Object Repository/RAD_Pages/TaxInfo_Page/input_MDCRegistration'

2024-11-07 18:22:16 - [MESSAGE][PASSED] - Text ' ' is set on object 'Object Repository/RAD_Pages/TaxInfo_Page/input_MDCRegistration'

2024-11-07 18:22:16 - [TEST_STEP][PASSED] - setText(findTestObject(orPath_Amount + "/input__paymentAmount"), ""): Text '' is set on object 'Object Repository/RAD_Pages/PaymentAmount_Page/input__paymentAmount'

2024-11-07 18:22:16 - [MESSAGE][PASSED] - Text '' is set on object 'Object Repository/RAD_Pages/PaymentAmount_Page/input__paymentAmount'

2024-11-07 18:22:16 - [TEST_STEP][PASSED] - verifyTextPresent("Enter valid MD Central Registration Number", true, CONTINUE_ON_FAILURE): Text 'Enter valid MD Central Registration Number' is present on page  using regular expression

2024-11-07 18:22:17 - [MESSAGE][PASSED] - Text 'Enter valid MD Central Registration Number' is present on page  using regular expression

2024-11-07 18:22:17 - [TEST_STEP][PASSED] - if (MFLicNum.equalsIgnoreCase("Y")): null

2024-11-07 18:22:17 - [TEST_STEP][PASSED] - resText = "Pass": null

2024-11-07 18:22:17 - [TEST_STEP][PASSED] - pages.WriteExcel.demoKey(resText, datText, resColumn, datCloumn, fileLoc, nameSheet, row): pages.WriteExcel.demoKey is PASSED

2024-11-07 18:22:17 - [MESSAGE][PASSED] - pages.WriteExcel.demoKey is PASSED

2024-11-07 18:22:17 - [TEST_STEP][PASSED] - ExecuteTC = findTestData(dataFile).getValue("Execute", row): null

2024-11-07 18:22:17 - [TEST_STEP][PASSED] - TaxType = findTestData(dataFile).getValue("TaxType", row): null

2024-11-07 18:22:17 - [TEST_STEP][PASSED] - PaymentType = findTestData(dataFile).getValue("PaymentType", row): null

2024-11-07 18:22:17 - [TEST_STEP][PASSED] - FilingYear = findTestData(dataFile).getValue("Year", row): null

2024-11-07 18:22:17 - [TEST_STEP][PASSED] - feinSSN = findTestData(dataFile).getValue("FeinSsn", row): null

2024-11-07 18:22:17 - [TEST_STEP][PASSED] - CRN = findTestData(dataFile).getValue("CRN", row): null

2024-11-07 18:22:17 - [TEST_STEP][PASSED] - MFLicNum = findTestData(dataFile).getValue("MFLicNum", row): null

2024-11-07 18:22:17 - [TEST_STEP][PASSED] - if (ExecuteTC.equalsIgnoreCase("Y")): pages.WriteExcel.demoKey is PASSED

2024-11-07 18:22:17 - [TEST_STEP][PASSED] - out.println("Begin Record Number: " + row): null

2024-11-07 18:22:17 - [TEST_STEP][PASSED] - today = new java.util.Date(): null

2024-11-07 18:22:17 - [TEST_STEP][PASSED] - println(today): null

2024-11-07 18:22:17 - [TEST_STEP][PASSED] - datText = today: null

2024-11-07 18:22:17 - [TEST_STEP][PASSED] - logInfo("Payment Type: New Tax Return Amount Due"): Payment Type: New Tax Return Amount Due

2024-11-07 18:22:17 - [MESSAGE][INFO] - Payment Type: New Tax Return Amount Due

2024-11-07 18:22:17 - [TEST_STEP][PASSED] - logInfo("Tax Type: " + TaxType): Tax Type: Admissions and Amusement Tax

2024-11-07 18:22:17 - [MESSAGE][INFO] - Tax Type: Admissions and Amusement Tax

2024-11-07 18:22:17 - [TEST_STEP][PASSED] - openBrowser(""): Browser is opened with url: ''

2024-11-07 18:22:17 - [MESSAGE][WARNING] - A browser is already opened. Closing browser and opening a new one

2024-11-07 18:22:20 - [MESSAGE][INFO] - Starting 'Chrome' driver

2024-11-07 18:22:20 - [MESSAGE][INFO] - User set preference: ['acceptInsecureCerts', 'true']

2024-11-07 18:22:20 - [MESSAGE][INFO] - Action delay is set to 0 milliseconds

2024-11-07 18:22:22 - [MESSAGE][PASSED] - Browser is opened with url: ''

2024-11-07 18:22:22 - [TEST_STEP][PASSED] - maximizeWindow(): Current window maximized

2024-11-07 18:22:22 - [MESSAGE][PASSED] - Current window maximized

2024-11-07 18:22:22 - [TEST_STEP][PASSED] - navigateToUrl(RADurl): Navigate to 'https://www.velocitypayment.com/client/rad/index.html' successfully

2024-11-07 18:22:24 - [MESSAGE][PASSED] - Navigate to 'https://www.velocitypayment.com/client/rad/index.html' successfully

2024-11-07 18:22:24 - [TEST_STEP][PASSED] - selectOptionByLabel(findTestObject(orPath_Landing + "/dd_TaxType"), "New Tax Return Amount Due", false): All options with label 'New Tax Return Amount Due' are selected in object 'Object Repository/RAD_Pages/Landing_Page/dd_TaxType' 

2024-11-07 18:22:25 - [MESSAGE][PASSED] - All options with label 'New Tax Return Amount Due' are selected in object 'Object Repository/RAD_Pages/Landing_Page/dd_TaxType' 

2024-11-07 18:22:25 - [TEST_STEP][PASSED] - selectOptionByLabel(findTestObject("Object Repository/RAD_Pages/Landing_Page/select_NewTaxReturnAmountDue_TaxType"), TaxType, false): All options with label 'Admissions and Amusement Tax' are selected in object 'Object Repository/RAD_Pages/Landing_Page/select_NewTaxReturnAmountDue_TaxType' 

2024-11-07 18:22:26 - [MESSAGE][PASSED] - All options with label 'Admissions and Amusement Tax' are selected in object 'Object Repository/RAD_Pages/Landing_Page/select_NewTaxReturnAmountDue_TaxType' 

2024-11-07 18:22:26 - [TEST_STEP][PASSED] - selectOptionByLabel(findTestObject(orPath_TaxTypeFilingYear + "/select_FilingYear"), FilingYear, false): All options with label '2023' are selected in object 'Object Repository/RAD_Pages/TaxTypeFilingYear_Page/select_FilingYear' 

2024-11-07 18:22:27 - [MESSAGE][PASSED] - All options with label '2023' are selected in object 'Object Repository/RAD_Pages/TaxTypeFilingYear_Page/select_FilingYear' 

2024-11-07 18:22:27 - [TEST_STEP][PASSED] - setText(findTestObject(orPath_TaxPayer + "/input_businessName"), " "): Text ' ' is set on object 'Object Repository/RAD_Pages/Taxpayer_Page/input_businessName'

2024-11-07 18:22:27 - [MESSAGE][PASSED] - Text ' ' is set on object 'Object Repository/RAD_Pages/Taxpayer_Page/input_businessName'

2024-11-07 18:22:27 - [TEST_STEP][PASSED] - setText(findTestObject(orPath_TaxPayer + "/input_BusinessRepfirstName"), " "): Text ' ' is set on object 'Object Repository/RAD_Pages/Taxpayer_Page/input_BusinessRepfirstName'

2024-11-07 18:22:28 - [MESSAGE][PASSED] - Text ' ' is set on object 'Object Repository/RAD_Pages/Taxpayer_Page/input_BusinessRepfirstName'

2024-11-07 18:22:28 - [TEST_STEP][PASSED] - setText(findTestObject(orPath_TaxPayer + "/input_BusinessReplastName"), " "): Text ' ' is set on object 'Object Repository/RAD_Pages/Taxpayer_Page/input_BusinessReplastName'

2024-11-07 18:22:29 - [MESSAGE][PASSED] - Text ' ' is set on object 'Object Repository/RAD_Pages/Taxpayer_Page/input_BusinessReplastName'

2024-11-07 18:22:29 - [TEST_STEP][PASSED] - setText(findTestObject(orPath_AddressContact + "/input_streetAddress1"), " "): Text ' ' is set on object 'Object Repository/RAD_Pages/AddressAndContactInfo_Page/input_streetAddress1'

2024-11-07 18:22:30 - [MESSAGE][PASSED] - Text ' ' is set on object 'Object Repository/RAD_Pages/AddressAndContactInfo_Page/input_streetAddress1'

2024-11-07 18:22:30 - [TEST_STEP][PASSED] - setText(findTestObject(orPath_AddressContact + "/input_city"), " "): Text ' ' is set on object 'Object Repository/RAD_Pages/AddressAndContactInfo_Page/input_city'

2024-11-07 18:22:30 - [MESSAGE][PASSED] - Text ' ' is set on object 'Object Repository/RAD_Pages/AddressAndContactInfo_Page/input_city'

2024-11-07 18:22:30 - [TEST_STEP][PASSED] - setText(findTestObject(orPath_AddressContact + "/input_zipCode"), " "): Text ' ' is set on object 'Object Repository/RAD_Pages/AddressAndContactInfo_Page/input_zipCode'

2024-11-07 18:22:31 - [MESSAGE][PASSED] - Text ' ' is set on object 'Object Repository/RAD_Pages/AddressAndContactInfo_Page/input_zipCode'

2024-11-07 18:22:31 - [TEST_STEP][PASSED] - setText(findTestObject(orPath_AddressContact + "/input_phoneNumber"), " "): Text ' ' is set on object 'Object Repository/RAD_Pages/AddressAndContactInfo_Page/input_phoneNumber'

2024-11-07 18:22:32 - [MESSAGE][PASSED] - Text ' ' is set on object 'Object Repository/RAD_Pages/AddressAndContactInfo_Page/input_phoneNumber'

2024-11-07 18:22:32 - [TEST_STEP][PASSED] - setText(findTestObject(orPath_AddressContact + "/input_eMailAddress"), " "): Text ' ' is set on object 'Object Repository/RAD_Pages/AddressAndContactInfo_Page/input_eMailAddress'

2024-11-07 18:22:34 - [MESSAGE][PASSED] - Text ' ' is set on object 'Object Repository/RAD_Pages/AddressAndContactInfo_Page/input_eMailAddress'

2024-11-07 18:22:34 - [TEST_STEP][PASSED] - setText(findTestObject(orPath_AddressContact + "/input_reEnterEMailAddress"), " "): Text ' ' is set on object 'Object Repository/RAD_Pages/AddressAndContactInfo_Page/input_reEnterEMailAddress'

2024-11-07 18:22:34 - [MESSAGE][PASSED] - Text ' ' is set on object 'Object Repository/RAD_Pages/AddressAndContactInfo_Page/input_reEnterEMailAddress'

2024-11-07 18:22:34 - [TEST_STEP][PASSED] - if (TaxType.equalsIgnoreCase("Estate Tax")): null

2024-11-07 18:22:34 - [TEST_STEP][PASSED] - setText(findTestObject(orPath_Amount + "/input__paymentAmount"), ""): Text '' is set on object 'Object Repository/RAD_Pages/PaymentAmount_Page/input__paymentAmount'

2024-11-07 18:22:35 - [MESSAGE][PASSED] - Text '' is set on object 'Object Repository/RAD_Pages/PaymentAmount_Page/input__paymentAmount'

2024-11-07 18:22:35 - [TEST_STEP][PASSED] - resText = "Fail": null

2024-11-07 18:22:35 - [TEST_STEP][PASSED] - pages.WriteExcel.demoKey(resText, datText, resColumn, datCloumn, fileLoc, nameSheet, row): pages.WriteExcel.demoKey is PASSED

2024-11-07 18:22:35 - [MESSAGE][PASSED] - pages.WriteExcel.demoKey is PASSED

2024-11-07 18:22:35 - [TEST_STEP][PASSED] - verifyTextPresent("Enter business name", true, CONTINUE_ON_FAILURE): Text 'Enter business name' is present on page  using regular expression

2024-11-07 18:22:36 - [MESSAGE][PASSED] - Text 'Enter business name' is present on page  using regular expression

2024-11-07 18:22:36 - [TEST_STEP][PASSED] - verifyTextPresent("Enter business rep first name", true, CONTINUE_ON_FAILURE): Text 'Enter business rep first name' is present on page  using regular expression

2024-11-07 18:22:36 - [MESSAGE][PASSED] - Text 'Enter business rep first name' is present on page  using regular expression

2024-11-07 18:22:36 - [TEST_STEP][PASSED] - verifyTextPresent("Enter business rep last name", true, CONTINUE_ON_FAILURE): Text 'Enter business rep last name' is present on page  using regular expression

2024-11-07 18:22:37 - [MESSAGE][PASSED] - Text 'Enter business rep last name' is present on page  using regular expression

2024-11-07 18:22:37 - [TEST_STEP][PASSED] - verifyTextPresent("Enter address", true, CONTINUE_ON_FAILURE): Text 'Enter address' is present on page  using regular expression

2024-11-07 18:22:37 - [MESSAGE][PASSED] - Text 'Enter address' is present on page  using regular expression

2024-11-07 18:22:37 - [TEST_STEP][PASSED] - verifyTextPresent("Enter city", true, CONTINUE_ON_FAILURE): Text 'Enter city' is present on page  using regular expression

2024-11-07 18:22:37 - [MESSAGE][PASSED] - Text 'Enter city' is present on page  using regular expression

2024-11-07 18:22:37 - [TEST_STEP][PASSED] - verifyTextPresent("Enter ZIP code", true, CONTINUE_ON_FAILURE): Text 'Enter ZIP code' is present on page  using regular expression

2024-11-07 18:22:38 - [MESSAGE][PASSED] - Text 'Enter ZIP code' is present on page  using regular expression

2024-11-07 18:22:38 - [TEST_STEP][PASSED] - verifyTextPresent("Enter a valid phone number", true, CONTINUE_ON_FAILURE): Text 'Enter a valid phone number' is present on page  using regular expression

2024-11-07 18:22:38 - [MESSAGE][PASSED] - Text 'Enter a valid phone number' is present on page  using regular expression

2024-11-07 18:22:38 - [TEST_STEP][PASSED] - verifyTextPresent("Enter Email", true, CONTINUE_ON_FAILURE): Text 'Enter Email' is present on page  using regular expression

2024-11-07 18:22:38 - [MESSAGE][PASSED] - Text 'Enter Email' is present on page  using regular expression

2024-11-07 18:22:38 - [TEST_STEP][PASSED] - if (CRN.equalsIgnoreCase("Y")): Text 'Enter valid MD Central Registration Number' is present on page  using regular expression

2024-11-07 18:22:38 - [TEST_STEP][PASSED] - setText(findTestObject(orPath_TaxInfo + "/input_MDCRegistration"), " "): Text ' ' is set on object 'Object Repository/RAD_Pages/TaxInfo_Page/input_MDCRegistration'

2024-11-07 18:22:39 - [MESSAGE][PASSED] - Text ' ' is set on object 'Object Repository/RAD_Pages/TaxInfo_Page/input_MDCRegistration'

2024-11-07 18:22:39 - [TEST_STEP][PASSED] - setText(findTestObject(orPath_Amount + "/input__paymentAmount"), ""): Text '' is set on object 'Object Repository/RAD_Pages/PaymentAmount_Page/input__paymentAmount'

2024-11-07 18:22:40 - [MESSAGE][PASSED] - Text '' is set on object 'Object Repository/RAD_Pages/PaymentAmount_Page/input__paymentAmount'

2024-11-07 18:22:40 - [TEST_STEP][PASSED] - verifyTextPresent("Enter valid MD Central Registration Number", true, CONTINUE_ON_FAILURE): Text 'Enter valid MD Central Registration Number' is present on page  using regular expression

2024-11-07 18:22:40 - [MESSAGE][PASSED] - Text 'Enter valid MD Central Registration Number' is present on page  using regular expression

2024-11-07 18:22:40 - [TEST_STEP][PASSED] - if (MFLicNum.equalsIgnoreCase("Y")): null

2024-11-07 18:22:40 - [TEST_STEP][PASSED] - resText = "Pass": null

2024-11-07 18:22:40 - [TEST_STEP][PASSED] - pages.WriteExcel.demoKey(resText, datText, resColumn, datCloumn, fileLoc, nameSheet, row): pages.WriteExcel.demoKey is PASSED

2024-11-07 18:22:40 - [MESSAGE][PASSED] - pages.WriteExcel.demoKey is PASSED

2024-11-07 18:22:40 - [TEST_STEP][PASSED] - ExecuteTC = findTestData(dataFile).getValue("Execute", row): null

2024-11-07 18:22:40 - [TEST_STEP][PASSED] - TaxType = findTestData(dataFile).getValue("TaxType", row): null

2024-11-07 18:22:40 - [TEST_STEP][PASSED] - PaymentType = findTestData(dataFile).getValue("PaymentType", row): null

2024-11-07 18:22:40 - [TEST_STEP][PASSED] - FilingYear = findTestData(dataFile).getValue("Year", row): null

2024-11-07 18:22:40 - [TEST_STEP][PASSED] - feinSSN = findTestData(dataFile).getValue("FeinSsn", row): null

2024-11-07 18:22:40 - [TEST_STEP][PASSED] - CRN = findTestData(dataFile).getValue("CRN", row): null

2024-11-07 18:22:40 - [TEST_STEP][PASSED] - MFLicNum = findTestData(dataFile).getValue("MFLicNum", row): null

2024-11-07 18:22:41 - [TEST_STEP][PASSED] - if (ExecuteTC.equalsIgnoreCase("Y")): pages.WriteExcel.demoKey is PASSED

2024-11-07 18:22:41 - [TEST_STEP][PASSED] - out.println("Begin Record Number: " + row): null

2024-11-07 18:22:41 - [TEST_STEP][PASSED] - today = new java.util.Date(): null

2024-11-07 18:22:41 - [TEST_STEP][PASSED] - println(today): null

2024-11-07 18:22:41 - [TEST_STEP][PASSED] - datText = today: null

2024-11-07 18:22:41 - [TEST_STEP][PASSED] - logInfo("Payment Type: New Tax Return Amount Due"): Payment Type: New Tax Return Amount Due

2024-11-07 18:22:41 - [MESSAGE][INFO] - Payment Type: New Tax Return Amount Due

2024-11-07 18:22:41 - [TEST_STEP][PASSED] - logInfo("Tax Type: " + TaxType): Tax Type: Alcohol Tax

2024-11-07 18:22:41 - [MESSAGE][INFO] - Tax Type: Alcohol Tax

2024-11-07 18:22:41 - [TEST_STEP][PASSED] - openBrowser(""): Browser is opened with url: ''

2024-11-07 18:22:41 - [MESSAGE][WARNING] - A browser is already opened. Closing browser and opening a new one

2024-11-07 18:22:42 - [MESSAGE][INFO] - Starting 'Chrome' driver

2024-11-07 18:22:42 - [MESSAGE][INFO] - User set preference: ['acceptInsecureCerts', 'true']

2024-11-07 18:22:42 - [MESSAGE][INFO] - Action delay is set to 0 milliseconds

2024-11-07 18:22:44 - [MESSAGE][PASSED] - Browser is opened with url: ''

2024-11-07 18:22:44 - [TEST_STEP][PASSED] - maximizeWindow(): Current window maximized

2024-11-07 18:22:44 - [MESSAGE][PASSED] - Current window maximized

2024-11-07 18:22:44 - [TEST_STEP][PASSED] - navigateToUrl(RADurl): Navigate to 'https://www.velocitypayment.com/client/rad/index.html' successfully

2024-11-07 18:22:46 - [MESSAGE][PASSED] - Navigate to 'https://www.velocitypayment.com/client/rad/index.html' successfully

2024-11-07 18:22:46 - [TEST_STEP][PASSED] - selectOptionByLabel(findTestObject(orPath_Landing + "/dd_TaxType"), "New Tax Return Amount Due", false): All options with label 'New Tax Return Amount Due' are selected in object 'Object Repository/RAD_Pages/Landing_Page/dd_TaxType' 

2024-11-07 18:22:47 - [MESSAGE][PASSED] - All options with label 'New Tax Return Amount Due' are selected in object 'Object Repository/RAD_Pages/Landing_Page/dd_TaxType' 

2024-11-07 18:22:47 - [TEST_STEP][PASSED] - selectOptionByLabel(findTestObject("Object Repository/RAD_Pages/Landing_Page/select_NewTaxReturnAmountDue_TaxType"), TaxType, false): All options with label 'Alcohol Tax' are selected in object 'Object Repository/RAD_Pages/Landing_Page/select_NewTaxReturnAmountDue_TaxType' 

2024-11-07 18:22:48 - [MESSAGE][PASSED] - All options with label 'Alcohol Tax' are selected in object 'Object Repository/RAD_Pages/Landing_Page/select_NewTaxReturnAmountDue_TaxType' 

2024-11-07 18:22:48 - [TEST_STEP][PASSED] - selectOptionByLabel(findTestObject(orPath_TaxTypeFilingYear + "/select_FilingYear"), FilingYear, false): All options with label '2023' are selected in object 'Object Repository/RAD_Pages/TaxTypeFilingYear_Page/select_FilingYear' 

2024-11-07 18:22:48 - [MESSAGE][PASSED] - All options with label '2023' are selected in object 'Object Repository/RAD_Pages/TaxTypeFilingYear_Page/select_FilingYear' 

2024-11-07 18:22:48 - [TEST_STEP][PASSED] - setText(findTestObject(orPath_TaxPayer + "/input_businessName"), " "): Text ' ' is set on object 'Object Repository/RAD_Pages/Taxpayer_Page/input_businessName'

2024-11-07 18:22:49 - [MESSAGE][PASSED] - Text ' ' is set on object 'Object Repository/RAD_Pages/Taxpayer_Page/input_businessName'

2024-11-07 18:22:49 - [TEST_STEP][PASSED] - setText(findTestObject(orPath_TaxPayer + "/input_BusinessRepfirstName"), " "): Text ' ' is set on object 'Object Repository/RAD_Pages/Taxpayer_Page/input_BusinessRepfirstName'

2024-11-07 18:22:50 - [MESSAGE][PASSED] - Text ' ' is set on object 'Object Repository/RAD_Pages/Taxpayer_Page/input_BusinessRepfirstName'

2024-11-07 18:22:50 - [TEST_STEP][PASSED] - setText(findTestObject(orPath_TaxPayer + "/input_BusinessReplastName"), " "): Text ' ' is set on object 'Object Repository/RAD_Pages/Taxpayer_Page/input_BusinessReplastName'

2024-11-07 18:22:51 - [MESSAGE][PASSED] - Text ' ' is set on object 'Object Repository/RAD_Pages/Taxpayer_Page/input_BusinessReplastName'

2024-11-07 18:22:51 - [TEST_STEP][PASSED] - setText(findTestObject(orPath_AddressContact + "/input_streetAddress1"), " "): Text ' ' is set on object 'Object Repository/RAD_Pages/AddressAndContactInfo_Page/input_streetAddress1'

2024-11-07 18:22:51 - [MESSAGE][PASSED] - Text ' ' is set on object 'Object Repository/RAD_Pages/AddressAndContactInfo_Page/input_streetAddress1'

2024-11-07 18:22:51 - [TEST_STEP][PASSED] - setText(findTestObject(orPath_AddressContact + "/input_city"), " "): Text ' ' is set on object 'Object Repository/RAD_Pages/AddressAndContactInfo_Page/input_city'

2024-11-07 18:22:52 - [MESSAGE][PASSED] - Text ' ' is set on object 'Object Repository/RAD_Pages/AddressAndContactInfo_Page/input_city'

2024-11-07 18:22:52 - [TEST_STEP][PASSED] - setText(findTestObject(orPath_AddressContact + "/input_zipCode"), " "): Text ' ' is set on object 'Object Repository/RAD_Pages/AddressAndContactInfo_Page/input_zipCode'

2024-11-07 18:22:53 - [MESSAGE][PASSED] - Text ' ' is set on object 'Object Repository/RAD_Pages/AddressAndContactInfo_Page/input_zipCode'

2024-11-07 18:22:53 - [TEST_STEP][PASSED] - setText(findTestObject(orPath_AddressContact + "/input_phoneNumber"), " "): Text ' ' is set on object 'Object Repository/RAD_Pages/AddressAndContactInfo_Page/input_phoneNumber'

2024-11-07 18:22:54 - [MESSAGE][PASSED] - Text ' ' is set on object 'Object Repository/RAD_Pages/AddressAndContactInfo_Page/input_phoneNumber'

2024-11-07 18:22:54 - [TEST_STEP][PASSED] - setText(findTestObject(orPath_AddressContact + "/input_eMailAddress"), " "): Text ' ' is set on object 'Object Repository/RAD_Pages/AddressAndContactInfo_Page/input_eMailAddress'

2024-11-07 18:22:55 - [MESSAGE][PASSED] - Text ' ' is set on object 'Object Repository/RAD_Pages/AddressAndContactInfo_Page/input_eMailAddress'

2024-11-07 18:22:55 - [TEST_STEP][PASSED] - setText(findTestObject(orPath_AddressContact + "/input_reEnterEMailAddress"), " "): Text ' ' is set on object 'Object Repository/RAD_Pages/AddressAndContactInfo_Page/input_reEnterEMailAddress'

2024-11-07 18:22:55 - [MESSAGE][PASSED] - Text ' ' is set on object 'Object Repository/RAD_Pages/AddressAndContactInfo_Page/input_reEnterEMailAddress'

2024-11-07 18:22:55 - [TEST_STEP][PASSED] - if (TaxType.equalsIgnoreCase("Estate Tax")): null

2024-11-07 18:22:55 - [TEST_STEP][PASSED] - setText(findTestObject(orPath_Amount + "/input__paymentAmount"), ""): Text '' is set on object 'Object Repository/RAD_Pages/PaymentAmount_Page/input__paymentAmount'

2024-11-07 18:22:56 - [MESSAGE][PASSED] - Text '' is set on object 'Object Repository/RAD_Pages/PaymentAmount_Page/input__paymentAmount'

2024-11-07 18:22:56 - [TEST_STEP][PASSED] - resText = "Fail": null

2024-11-07 18:22:56 - [TEST_STEP][PASSED] - pages.WriteExcel.demoKey(resText, datText, resColumn, datCloumn, fileLoc, nameSheet, row): pages.WriteExcel.demoKey is PASSED

2024-11-07 18:22:57 - [MESSAGE][PASSED] - pages.WriteExcel.demoKey is PASSED

2024-11-07 18:22:57 - [TEST_STEP][PASSED] - verifyTextPresent("Enter business name", true, CONTINUE_ON_FAILURE): Text 'Enter business name' is present on page  using regular expression

2024-11-07 18:22:57 - [MESSAGE][PASSED] - Text 'Enter business name' is present on page  using regular expression

2024-11-07 18:22:57 - [TEST_STEP][PASSED] - verifyTextPresent("Enter business rep first name", true, CONTINUE_ON_FAILURE): Text 'Enter business rep first name' is present on page  using regular expression

2024-11-07 18:22:58 - [MESSAGE][PASSED] - Text 'Enter business rep first name' is present on page  using regular expression

2024-11-07 18:22:58 - [TEST_STEP][PASSED] - verifyTextPresent("Enter business rep last name", true, CONTINUE_ON_FAILURE): Text 'Enter business rep last name' is present on page  using regular expression

2024-11-07 18:22:58 - [MESSAGE][PASSED] - Text 'Enter business rep last name' is present on page  using regular expression

2024-11-07 18:22:58 - [TEST_STEP][PASSED] - verifyTextPresent("Enter address", true, CONTINUE_ON_FAILURE): Text 'Enter address' is present on page  using regular expression

2024-11-07 18:22:58 - [MESSAGE][PASSED] - Text 'Enter address' is present on page  using regular expression

2024-11-07 18:22:58 - [TEST_STEP][PASSED] - verifyTextPresent("Enter city", true, CONTINUE_ON_FAILURE): Text 'Enter city' is present on page  using regular expression

2024-11-07 18:22:59 - [MESSAGE][PASSED] - Text 'Enter city' is present on page  using regular expression

2024-11-07 18:22:59 - [TEST_STEP][PASSED] - verifyTextPresent("Enter ZIP code", true, CONTINUE_ON_FAILURE): Text 'Enter ZIP code' is present on page  using regular expression

2024-11-07 18:22:59 - [MESSAGE][PASSED] - Text 'Enter ZIP code' is present on page  using regular expression

2024-11-07 18:22:59 - [TEST_STEP][PASSED] - verifyTextPresent("Enter a valid phone number", true, CONTINUE_ON_FAILURE): Text 'Enter a valid phone number' is present on page  using regular expression

2024-11-07 18:22:59 - [MESSAGE][PASSED] - Text 'Enter a valid phone number' is present on page  using regular expression

2024-11-07 18:22:59 - [TEST_STEP][PASSED] - verifyTextPresent("Enter Email", true, CONTINUE_ON_FAILURE): Text 'Enter Email' is present on page  using regular expression

2024-11-07 18:23:00 - [MESSAGE][PASSED] - Text 'Enter Email' is present on page  using regular expression

2024-11-07 18:23:00 - [TEST_STEP][PASSED] - if (CRN.equalsIgnoreCase("Y")): Text 'Enter valid MD Central Registration Number' is present on page  using regular expression

2024-11-07 18:23:00 - [TEST_STEP][PASSED] - setText(findTestObject(orPath_TaxInfo + "/input_MDCRegistration"), " "): Text ' ' is set on object 'Object Repository/RAD_Pages/TaxInfo_Page/input_MDCRegistration'

2024-11-07 18:23:00 - [MESSAGE][PASSED] - Text ' ' is set on object 'Object Repository/RAD_Pages/TaxInfo_Page/input_MDCRegistration'

2024-11-07 18:23:00 - [TEST_STEP][PASSED] - setText(findTestObject(orPath_Amount + "/input__paymentAmount"), ""): Text '' is set on object 'Object Repository/RAD_Pages/PaymentAmount_Page/input__paymentAmount'

2024-11-07 18:23:01 - [MESSAGE][PASSED] - Text '' is set on object 'Object Repository/RAD_Pages/PaymentAmount_Page/input__paymentAmount'

2024-11-07 18:23:01 - [TEST_STEP][PASSED] - verifyTextPresent("Enter valid MD Central Registration Number", true, CONTINUE_ON_FAILURE): Text 'Enter valid MD Central Registration Number' is present on page  using regular expression

2024-11-07 18:23:01 - [MESSAGE][PASSED] - Text 'Enter valid MD Central Registration Number' is present on page  using regular expression

2024-11-07 18:23:01 - [TEST_STEP][PASSED] - if (MFLicNum.equalsIgnoreCase("Y")): null

2024-11-07 18:23:01 - [TEST_STEP][PASSED] - resText = "Pass": null

2024-11-07 18:23:01 - [TEST_STEP][PASSED] - pages.WriteExcel.demoKey(resText, datText, resColumn, datCloumn, fileLoc, nameSheet, row): pages.WriteExcel.demoKey is PASSED

2024-11-07 18:23:01 - [MESSAGE][PASSED] - pages.WriteExcel.demoKey is PASSED

2024-11-07 18:23:01 - [TEST_STEP][PASSED] - ExecuteTC = findTestData(dataFile).getValue("Execute", row): null

2024-11-07 18:23:02 - [TEST_STEP][PASSED] - TaxType = findTestData(dataFile).getValue("TaxType", row): null

2024-11-07 18:23:02 - [TEST_STEP][PASSED] - PaymentType = findTestData(dataFile).getValue("PaymentType", row): null

2024-11-07 18:23:02 - [TEST_STEP][PASSED] - FilingYear = findTestData(dataFile).getValue("Year", row): null

2024-11-07 18:23:02 - [TEST_STEP][PASSED] - feinSSN = findTestData(dataFile).getValue("FeinSsn", row): null

2024-11-07 18:23:02 - [TEST_STEP][PASSED] - CRN = findTestData(dataFile).getValue("CRN", row): null

2024-11-07 18:23:02 - [TEST_STEP][PASSED] - MFLicNum = findTestData(dataFile).getValue("MFLicNum", row): null

2024-11-07 18:23:02 - [TEST_STEP][PASSED] - if (ExecuteTC.equalsIgnoreCase("Y")): pages.WriteExcel.demoKey is PASSED

2024-11-07 18:23:02 - [TEST_STEP][PASSED] - out.println("Begin Record Number: " + row): null

2024-11-07 18:23:02 - [TEST_STEP][PASSED] - today = new java.util.Date(): null

2024-11-07 18:23:02 - [TEST_STEP][PASSED] - println(today): null

2024-11-07 18:23:02 - [TEST_STEP][PASSED] - datText = today: null

2024-11-07 18:23:02 - [TEST_STEP][PASSED] - logInfo("Payment Type: New Tax Return Amount Due"): Payment Type: New Tax Return Amount Due

2024-11-07 18:23:02 - [MESSAGE][INFO] - Payment Type: New Tax Return Amount Due

2024-11-07 18:23:02 - [TEST_STEP][PASSED] - logInfo("Tax Type: " + TaxType): Tax Type: Bay Restoration Fee

2024-11-07 18:23:02 - [MESSAGE][INFO] - Tax Type: Bay Restoration Fee

2024-11-07 18:23:02 - [TEST_STEP][PASSED] - openBrowser(""): Browser is opened with url: ''

2024-11-07 18:23:02 - [MESSAGE][WARNING] - A browser is already opened. Closing browser and opening a new one

2024-11-07 18:23:04 - [MESSAGE][INFO] - Starting 'Chrome' driver

2024-11-07 18:23:04 - [MESSAGE][INFO] - User set preference: ['acceptInsecureCerts', 'true']

2024-11-07 18:23:04 - [MESSAGE][INFO] - Action delay is set to 0 milliseconds

2024-11-07 18:23:06 - [MESSAGE][PASSED] - Browser is opened with url: ''

2024-11-07 18:23:06 - [TEST_STEP][PASSED] - maximizeWindow(): Current window maximized

2024-11-07 18:23:06 - [MESSAGE][PASSED] - Current window maximized

2024-11-07 18:23:06 - [TEST_STEP][PASSED] - navigateToUrl(RADurl): Navigate to 'https://www.velocitypayment.com/client/rad/index.html' successfully

2024-11-07 18:23:09 - [MESSAGE][PASSED] - Navigate to 'https://www.velocitypayment.com/client/rad/index.html' successfully

2024-11-07 18:23:09 - [TEST_STEP][PASSED] - selectOptionByLabel(findTestObject(orPath_Landing + "/dd_TaxType"), "New Tax Return Amount Due", false): All options with label 'New Tax Return Amount Due' are selected in object 'Object Repository/RAD_Pages/Landing_Page/dd_TaxType' 

2024-11-07 18:23:09 - [MESSAGE][PASSED] - All options with label 'New Tax Return Amount Due' are selected in object 'Object Repository/RAD_Pages/Landing_Page/dd_TaxType' 

2024-11-07 18:23:09 - [TEST_STEP][PASSED] - selectOptionByLabel(findTestObject("Object Repository/RAD_Pages/Landing_Page/select_NewTaxReturnAmountDue_TaxType"), TaxType, false): All options with label 'Bay Restoration Fee' are selected in object 'Object Repository/RAD_Pages/Landing_Page/select_NewTaxReturnAmountDue_TaxType' 

2024-11-07 18:23:10 - [MESSAGE][PASSED] - All options with label 'Bay Restoration Fee' are selected in object 'Object Repository/RAD_Pages/Landing_Page/select_NewTaxReturnAmountDue_TaxType' 

2024-11-07 18:23:10 - [TEST_STEP][PASSED] - selectOptionByLabel(findTestObject(orPath_TaxTypeFilingYear + "/select_FilingYear"), FilingYear, false): All options with label '2023' are selected in object 'Object Repository/RAD_Pages/TaxTypeFilingYear_Page/select_FilingYear' 

2024-11-07 18:23:11 - [MESSAGE][PASSED] - All options with label '2023' are selected in object 'Object Repository/RAD_Pages/TaxTypeFilingYear_Page/select_FilingYear' 

2024-11-07 18:23:11 - [TEST_STEP][PASSED] - setText(findTestObject(orPath_TaxPayer + "/input_businessName"), " "): Text ' ' is set on object 'Object Repository/RAD_Pages/Taxpayer_Page/input_businessName'

2024-11-07 18:23:11 - [MESSAGE][PASSED] - Text ' ' is set on object 'Object Repository/RAD_Pages/Taxpayer_Page/input_businessName'

2024-11-07 18:23:11 - [TEST_STEP][PASSED] - setText(findTestObject(orPath_TaxPayer + "/input_BusinessRepfirstName"), " "): Text ' ' is set on object 'Object Repository/RAD_Pages/Taxpayer_Page/input_BusinessRepfirstName'

2024-11-07 18:23:12 - [MESSAGE][PASSED] - Text ' ' is set on object 'Object Repository/RAD_Pages/Taxpayer_Page/input_BusinessRepfirstName'

2024-11-07 18:23:12 - [TEST_STEP][PASSED] - setText(findTestObject(orPath_TaxPayer + "/input_BusinessReplastName"), " "): Text ' ' is set on object 'Object Repository/RAD_Pages/Taxpayer_Page/input_BusinessReplastName'

2024-11-07 18:23:13 - [MESSAGE][PASSED] - Text ' ' is set on object 'Object Repository/RAD_Pages/Taxpayer_Page/input_BusinessReplastName'

2024-11-07 18:23:13 - [TEST_STEP][PASSED] - setText(findTestObject(orPath_AddressContact + "/input_streetAddress1"), " "): Text ' ' is set on object 'Object Repository/RAD_Pages/AddressAndContactInfo_Page/input_streetAddress1'

2024-11-07 18:23:14 - [MESSAGE][PASSED] - Text ' ' is set on object 'Object Repository/RAD_Pages/AddressAndContactInfo_Page/input_streetAddress1'

2024-11-07 18:23:14 - [TEST_STEP][PASSED] - setText(findTestObject(orPath_AddressContact + "/input_city"), " "): Text ' ' is set on object 'Object Repository/RAD_Pages/AddressAndContactInfo_Page/input_city'

2024-11-07 18:23:14 - [MESSAGE][PASSED] - Text ' ' is set on object 'Object Repository/RAD_Pages/AddressAndContactInfo_Page/input_city'

2024-11-07 18:23:14 - [TEST_STEP][PASSED] - setText(findTestObject(orPath_AddressContact + "/input_zipCode"), " "): Text ' ' is set on object 'Object Repository/RAD_Pages/AddressAndContactInfo_Page/input_zipCode'

2024-11-07 18:23:15 - [MESSAGE][PASSED] - Text ' ' is set on object 'Object Repository/RAD_Pages/AddressAndContactInfo_Page/input_zipCode'

2024-11-07 18:23:15 - [TEST_STEP][PASSED] - setText(findTestObject(orPath_AddressContact + "/input_phoneNumber"), " "): Text ' ' is set on object 'Object Repository/RAD_Pages/AddressAndContactInfo_Page/input_phoneNumber'

2024-11-07 18:23:16 - [MESSAGE][PASSED] - Text ' ' is set on object 'Object Repository/RAD_Pages/AddressAndContactInfo_Page/input_phoneNumber'

2024-11-07 18:23:16 - [TEST_STEP][PASSED] - setText(findTestObject(orPath_AddressContact + "/input_eMailAddress"), " "): Text ' ' is set on object 'Object Repository/RAD_Pages/AddressAndContactInfo_Page/input_eMailAddress'

2024-11-07 18:23:17 - [MESSAGE][PASSED] - Text ' ' is set on object 'Object Repository/RAD_Pages/AddressAndContactInfo_Page/input_eMailAddress'

2024-11-07 18:23:17 - [TEST_STEP][PASSED] - setText(findTestObject(orPath_AddressContact + "/input_reEnterEMailAddress"), " "): Text ' ' is set on object 'Object Repository/RAD_Pages/AddressAndContactInfo_Page/input_reEnterEMailAddress'

2024-11-07 18:23:17 - [MESSAGE][PASSED] - Text ' ' is set on object 'Object Repository/RAD_Pages/AddressAndContactInfo_Page/input_reEnterEMailAddress'

2024-11-07 18:23:17 - [TEST_STEP][PASSED] - if (TaxType.equalsIgnoreCase("Estate Tax")): null

2024-11-07 18:23:17 - [TEST_STEP][PASSED] - setText(findTestObject(orPath_Amount + "/input__paymentAmount"), ""): Text '' is set on object 'Object Repository/RAD_Pages/PaymentAmount_Page/input__paymentAmount'

2024-11-07 18:23:18 - [MESSAGE][PASSED] - Text '' is set on object 'Object Repository/RAD_Pages/PaymentAmount_Page/input__paymentAmount'

2024-11-07 18:23:18 - [TEST_STEP][PASSED] - resText = "Fail": null

2024-11-07 18:23:18 - [TEST_STEP][PASSED] - pages.WriteExcel.demoKey(resText, datText, resColumn, datCloumn, fileLoc, nameSheet, row): pages.WriteExcel.demoKey is PASSED

2024-11-07 18:23:18 - [MESSAGE][PASSED] - pages.WriteExcel.demoKey is PASSED

2024-11-07 18:23:18 - [TEST_STEP][PASSED] - verifyTextPresent("Enter business name", true, CONTINUE_ON_FAILURE): Text 'Enter business name' is present on page  using regular expression

2024-11-07 18:23:19 - [MESSAGE][PASSED] - Text 'Enter business name' is present on page  using regular expression

2024-11-07 18:23:19 - [TEST_STEP][PASSED] - verifyTextPresent("Enter business rep first name", true, CONTINUE_ON_FAILURE): Text 'Enter business rep first name' is present on page  using regular expression

2024-11-07 18:23:19 - [MESSAGE][PASSED] - Text 'Enter business rep first name' is present on page  using regular expression

2024-11-07 18:23:19 - [TEST_STEP][PASSED] - verifyTextPresent("Enter business rep last name", true, CONTINUE_ON_FAILURE): Text 'Enter business rep last name' is present on page  using regular expression

2024-11-07 18:23:20 - [MESSAGE][PASSED] - Text 'Enter business rep last name' is present on page  using regular expression

2024-11-07 18:23:20 - [TEST_STEP][PASSED] - verifyTextPresent("Enter address", true, CONTINUE_ON_FAILURE): Text 'Enter address' is present on page  using regular expression

2024-11-07 18:23:20 - [MESSAGE][PASSED] - Text 'Enter address' is present on page  using regular expression

2024-11-07 18:23:20 - [TEST_STEP][PASSED] - verifyTextPresent("Enter city", true, CONTINUE_ON_FAILURE): Text 'Enter city' is present on page  using regular expression

2024-11-07 18:23:20 - [MESSAGE][PASSED] - Text 'Enter city' is present on page  using regular expression

2024-11-07 18:23:20 - [TEST_STEP][PASSED] - verifyTextPresent("Enter ZIP code", true, CONTINUE_ON_FAILURE): Text 'Enter ZIP code' is present on page  using regular expression

2024-11-07 18:23:21 - [MESSAGE][PASSED] - Text 'Enter ZIP code' is present on page  using regular expression

2024-11-07 18:23:21 - [TEST_STEP][PASSED] - verifyTextPresent("Enter a valid phone number", true, CONTINUE_ON_FAILURE): Text 'Enter a valid phone number' is present on page  using regular expression

2024-11-07 18:23:21 - [MESSAGE][PASSED] - Text 'Enter a valid phone number' is present on page  using regular expression

2024-11-07 18:23:21 - [TEST_STEP][PASSED] - verifyTextPresent("Enter Email", true, CONTINUE_ON_FAILURE): Text 'Enter Email' is present on page  using regular expression

2024-11-07 18:23:22 - [MESSAGE][PASSED] - Text 'Enter Email' is present on page  using regular expression

2024-11-07 18:23:22 - [TEST_STEP][PASSED] - if (CRN.equalsIgnoreCase("Y")): null

2024-11-07 18:23:22 - [TEST_STEP][PASSED] - if (MFLicNum.equalsIgnoreCase("Y")): null

2024-11-07 18:23:22 - [TEST_STEP][PASSED] - resText = "Pass": null

2024-11-07 18:23:22 - [TEST_STEP][PASSED] - pages.WriteExcel.demoKey(resText, datText, resColumn, datCloumn, fileLoc, nameSheet, row): pages.WriteExcel.demoKey is PASSED

2024-11-07 18:23:22 - [MESSAGE][PASSED] - pages.WriteExcel.demoKey is PASSED

2024-11-07 18:23:22 - [TEST_STEP][PASSED] - ExecuteTC = findTestData(dataFile).getValue("Execute", row): null

2024-11-07 18:23:22 - [TEST_STEP][PASSED] - TaxType = findTestData(dataFile).getValue("TaxType", row): null

2024-11-07 18:23:22 - [TEST_STEP][PASSED] - PaymentType = findTestData(dataFile).getValue("PaymentType", row): null

2024-11-07 18:23:22 - [TEST_STEP][PASSED] - FilingYear = findTestData(dataFile).getValue("Year", row): null

2024-11-07 18:23:22 - [TEST_STEP][PASSED] - feinSSN = findTestData(dataFile).getValue("FeinSsn", row): null

2024-11-07 18:23:23 - [TEST_STEP][PASSED] - CRN = findTestData(dataFile).getValue("CRN", row): null

2024-11-07 18:23:23 - [TEST_STEP][PASSED] - MFLicNum = findTestData(dataFile).getValue("MFLicNum", row): null

2024-11-07 18:23:23 - [TEST_STEP][PASSED] - if (ExecuteTC.equalsIgnoreCase("Y")): pages.WriteExcel.demoKey is PASSED

2024-11-07 18:23:23 - [TEST_STEP][PASSED] - out.println("Begin Record Number: " + row): null

2024-11-07 18:23:23 - [TEST_STEP][PASSED] - today = new java.util.Date(): null

2024-11-07 18:23:23 - [TEST_STEP][PASSED] - println(today): null

2024-11-07 18:23:23 - [TEST_STEP][PASSED] - datText = today: null

2024-11-07 18:23:23 - [TEST_STEP][PASSED] - logInfo("Payment Type: New Tax Return Amount Due"): Payment Type: New Tax Return Amount Due

2024-11-07 18:23:23 - [MESSAGE][INFO] - Payment Type: New Tax Return Amount Due

2024-11-07 18:23:23 - [TEST_STEP][PASSED] - logInfo("Tax Type: " + TaxType): Tax Type: Corporate Income Tax

2024-11-07 18:23:23 - [MESSAGE][INFO] - Tax Type: Corporate Income Tax

2024-11-07 18:23:23 - [TEST_STEP][PASSED] - openBrowser(""): Browser is opened with url: ''

2024-11-07 18:23:23 - [MESSAGE][WARNING] - A browser is already opened. Closing browser and opening a new one

2024-11-07 18:23:25 - [MESSAGE][INFO] - Starting 'Chrome' driver

2024-11-07 18:23:25 - [MESSAGE][INFO] - User set preference: ['acceptInsecureCerts', 'true']

2024-11-07 18:23:25 - [MESSAGE][INFO] - Action delay is set to 0 milliseconds

2024-11-07 18:23:27 - [MESSAGE][PASSED] - Browser is opened with url: ''

2024-11-07 18:23:27 - [TEST_STEP][PASSED] - maximizeWindow(): Current window maximized

2024-11-07 18:23:27 - [MESSAGE][PASSED] - Current window maximized

2024-11-07 18:23:27 - [TEST_STEP][PASSED] - navigateToUrl(RADurl): Navigate to 'https://www.velocitypayment.com/client/rad/index.html' successfully

2024-11-07 18:23:29 - [MESSAGE][PASSED] - Navigate to 'https://www.velocitypayment.com/client/rad/index.html' successfully

2024-11-07 18:23:29 - [TEST_STEP][PASSED] - selectOptionByLabel(findTestObject(orPath_Landing + "/dd_TaxType"), "New Tax Return Amount Due", false): All options with label 'New Tax Return Amount Due' are selected in object 'Object Repository/RAD_Pages/Landing_Page/dd_TaxType' 

2024-11-07 18:23:30 - [MESSAGE][PASSED] - All options with label 'New Tax Return Amount Due' are selected in object 'Object Repository/RAD_Pages/Landing_Page/dd_TaxType' 

2024-11-07 18:23:30 - [TEST_STEP][PASSED] - selectOptionByLabel(findTestObject("Object Repository/RAD_Pages/Landing_Page/select_NewTaxReturnAmountDue_TaxType"), TaxType, false): All options with label 'Corporate Income Tax' are selected in object 'Object Repository/RAD_Pages/Landing_Page/select_NewTaxReturnAmountDue_TaxType' 

2024-11-07 18:23:31 - [MESSAGE][PASSED] - All options with label 'Corporate Income Tax' are selected in object 'Object Repository/RAD_Pages/Landing_Page/select_NewTaxReturnAmountDue_TaxType' 

2024-11-07 18:23:31 - [TEST_STEP][PASSED] - selectOptionByLabel(findTestObject(orPath_TaxTypeFilingYear + "/select_FilingYear"), FilingYear, false): All options with label '2022' are selected in object 'Object Repository/RAD_Pages/TaxTypeFilingYear_Page/select_FilingYear' 

2024-11-07 18:23:31 - [MESSAGE][PASSED] - All options with label '2022' are selected in object 'Object Repository/RAD_Pages/TaxTypeFilingYear_Page/select_FilingYear' 

2024-11-07 18:23:31 - [TEST_STEP][PASSED] - setText(findTestObject(orPath_TaxPayer + "/input_businessName"), " "): Text ' ' is set on object 'Object Repository/RAD_Pages/Taxpayer_Page/input_businessName'

2024-11-07 18:23:32 - [MESSAGE][PASSED] - Text ' ' is set on object 'Object Repository/RAD_Pages/Taxpayer_Page/input_businessName'

2024-11-07 18:23:32 - [TEST_STEP][PASSED] - setText(findTestObject(orPath_TaxPayer + "/input_BusinessRepfirstName"), " "): Text ' ' is set on object 'Object Repository/RAD_Pages/Taxpayer_Page/input_BusinessRepfirstName'

2024-11-07 18:23:33 - [MESSAGE][PASSED] - Text ' ' is set on object 'Object Repository/RAD_Pages/Taxpayer_Page/input_BusinessRepfirstName'

2024-11-07 18:23:33 - [TEST_STEP][PASSED] - setText(findTestObject(orPath_TaxPayer + "/input_BusinessReplastName"), " "): Text ' ' is set on object 'Object Repository/RAD_Pages/Taxpayer_Page/input_BusinessReplastName'

2024-11-07 18:23:34 - [MESSAGE][PASSED] - Text ' ' is set on object 'Object Repository/RAD_Pages/Taxpayer_Page/input_BusinessReplastName'

2024-11-07 18:23:34 - [TEST_STEP][PASSED] - setText(findTestObject(orPath_AddressContact + "/input_streetAddress1"), " "): Text ' ' is set on object 'Object Repository/RAD_Pages/AddressAndContactInfo_Page/input_streetAddress1'

2024-11-07 18:23:34 - [MESSAGE][PASSED] - Text ' ' is set on object 'Object Repository/RAD_Pages/AddressAndContactInfo_Page/input_streetAddress1'

2024-11-07 18:23:34 - [TEST_STEP][PASSED] - setText(findTestObject(orPath_AddressContact + "/input_city"), " "): Text ' ' is set on object 'Object Repository/RAD_Pages/AddressAndContactInfo_Page/input_city'

2024-11-07 18:23:35 - [MESSAGE][PASSED] - Text ' ' is set on object 'Object Repository/RAD_Pages/AddressAndContactInfo_Page/input_city'

2024-11-07 18:23:35 - [TEST_STEP][PASSED] - setText(findTestObject(orPath_AddressContact + "/input_zipCode"), " "): Text ' ' is set on object 'Object Repository/RAD_Pages/AddressAndContactInfo_Page/input_zipCode'

2024-11-07 18:23:36 - [MESSAGE][PASSED] - Text ' ' is set on object 'Object Repository/RAD_Pages/AddressAndContactInfo_Page/input_zipCode'

2024-11-07 18:23:36 - [TEST_STEP][PASSED] - setText(findTestObject(orPath_AddressContact + "/input_phoneNumber"), " "): Text ' ' is set on object 'Object Repository/RAD_Pages/AddressAndContactInfo_Page/input_phoneNumber'

2024-11-07 18:23:37 - [MESSAGE][PASSED] - Text ' ' is set on object 'Object Repository/RAD_Pages/AddressAndContactInfo_Page/input_phoneNumber'

2024-11-07 18:23:37 - [TEST_STEP][PASSED] - setText(findTestObject(orPath_AddressContact + "/input_eMailAddress"), " "): Text ' ' is set on object 'Object Repository/RAD_Pages/AddressAndContactInfo_Page/input_eMailAddress'

2024-11-07 18:23:38 - [MESSAGE][PASSED] - Text ' ' is set on object 'Object Repository/RAD_Pages/AddressAndContactInfo_Page/input_eMailAddress'

2024-11-07 18:23:38 - [TEST_STEP][PASSED] - setText(findTestObject(orPath_AddressContact + "/input_reEnterEMailAddress"), " "): Text ' ' is set on object 'Object Repository/RAD_Pages/AddressAndContactInfo_Page/input_reEnterEMailAddress'

2024-11-07 18:23:39 - [MESSAGE][PASSED] - Text ' ' is set on object 'Object Repository/RAD_Pages/AddressAndContactInfo_Page/input_reEnterEMailAddress'

2024-11-07 18:23:39 - [TEST_STEP][PASSED] - if (TaxType.equalsIgnoreCase("Estate Tax")): null

2024-11-07 18:23:39 - [TEST_STEP][PASSED] - setText(findTestObject(orPath_Amount + "/input__paymentAmount"), ""): Text '' is set on object 'Object Repository/RAD_Pages/PaymentAmount_Page/input__paymentAmount'

2024-11-07 18:23:40 - [MESSAGE][PASSED] - Text '' is set on object 'Object Repository/RAD_Pages/PaymentAmount_Page/input__paymentAmount'

2024-11-07 18:23:40 - [TEST_STEP][PASSED] - resText = "Fail": null

2024-11-07 18:23:40 - [TEST_STEP][PASSED] - pages.WriteExcel.demoKey(resText, datText, resColumn, datCloumn, fileLoc, nameSheet, row): pages.WriteExcel.demoKey is PASSED

2024-11-07 18:23:40 - [MESSAGE][PASSED] - pages.WriteExcel.demoKey is PASSED

2024-11-07 18:23:40 - [TEST_STEP][PASSED] - verifyTextPresent("Enter business name", true, CONTINUE_ON_FAILURE): Text 'Enter business name' is present on page  using regular expression

2024-11-07 18:23:40 - [MESSAGE][PASSED] - Text 'Enter business name' is present on page  using regular expression

2024-11-07 18:23:40 - [TEST_STEP][PASSED] - verifyTextPresent("Enter business rep first name", true, CONTINUE_ON_FAILURE): Text 'Enter business rep first name' is present on page  using regular expression

2024-11-07 18:23:41 - [MESSAGE][PASSED] - Text 'Enter business rep first name' is present on page  using regular expression

2024-11-07 18:23:41 - [TEST_STEP][PASSED] - verifyTextPresent("Enter business rep last name", true, CONTINUE_ON_FAILURE): Text 'Enter business rep last name' is present on page  using regular expression

2024-11-07 18:23:41 - [MESSAGE][PASSED] - Text 'Enter business rep last name' is present on page  using regular expression

2024-11-07 18:23:41 - [TEST_STEP][PASSED] - verifyTextPresent("Enter address", true, CONTINUE_ON_FAILURE): Text 'Enter address' is present on page  using regular expression

2024-11-07 18:23:41 - [MESSAGE][PASSED] - Text 'Enter address' is present on page  using regular expression

2024-11-07 18:23:41 - [TEST_STEP][PASSED] - verifyTextPresent("Enter city", true, CONTINUE_ON_FAILURE): Text 'Enter city' is present on page  using regular expression

2024-11-07 18:23:42 - [MESSAGE][PASSED] - Text 'Enter city' is present on page  using regular expression

2024-11-07 18:23:42 - [TEST_STEP][PASSED] - verifyTextPresent("Enter ZIP code", true, CONTINUE_ON_FAILURE): Text 'Enter ZIP code' is present on page  using regular expression

2024-11-07 18:23:42 - [MESSAGE][PASSED] - Text 'Enter ZIP code' is present on page  using regular expression

2024-11-07 18:23:42 - [TEST_STEP][PASSED] - verifyTextPresent("Enter a valid phone number", true, CONTINUE_ON_FAILURE): Text 'Enter a valid phone number' is present on page  using regular expression

2024-11-07 18:23:42 - [MESSAGE][PASSED] - Text 'Enter a valid phone number' is present on page  using regular expression

2024-11-07 18:23:42 - [TEST_STEP][PASSED] - verifyTextPresent("Enter Email", true, CONTINUE_ON_FAILURE): Text 'Enter Email' is present on page  using regular expression

2024-11-07 18:23:43 - [MESSAGE][PASSED] - Text 'Enter Email' is present on page  using regular expression

2024-11-07 18:23:43 - [TEST_STEP][PASSED] - if (CRN.equalsIgnoreCase("Y")): null

2024-11-07 18:23:43 - [TEST_STEP][PASSED] - if (MFLicNum.equalsIgnoreCase("Y")): null

2024-11-07 18:23:43 - [TEST_STEP][PASSED] - resText = "Pass": null

2024-11-07 18:23:43 - [TEST_STEP][PASSED] - pages.WriteExcel.demoKey(resText, datText, resColumn, datCloumn, fileLoc, nameSheet, row): pages.WriteExcel.demoKey is PASSED

2024-11-07 18:23:43 - [MESSAGE][PASSED] - pages.WriteExcel.demoKey is PASSED

2024-11-07 18:23:43 - [TEST_STEP][PASSED] - ExecuteTC = findTestData(dataFile).getValue("Execute", row): null

2024-11-07 18:23:43 - [TEST_STEP][PASSED] - TaxType = findTestData(dataFile).getValue("TaxType", row): null

2024-11-07 18:23:43 - [TEST_STEP][PASSED] - PaymentType = findTestData(dataFile).getValue("PaymentType", row): null

2024-11-07 18:23:43 - [TEST_STEP][PASSED] - FilingYear = findTestData(dataFile).getValue("Year", row): null

2024-11-07 18:23:43 - [TEST_STEP][PASSED] - feinSSN = findTestData(dataFile).getValue("FeinSsn", row): null

2024-11-07 18:23:43 - [TEST_STEP][PASSED] - CRN = findTestData(dataFile).getValue("CRN", row): null

2024-11-07 18:23:43 - [TEST_STEP][PASSED] - MFLicNum = findTestData(dataFile).getValue("MFLicNum", row): null

2024-11-07 18:23:43 - [TEST_STEP][PASSED] - if (ExecuteTC.equalsIgnoreCase("Y")): pages.WriteExcel.demoKey is PASSED

2024-11-07 18:23:43 - [TEST_STEP][PASSED] - out.println("Begin Record Number: " + row): null

2024-11-07 18:23:43 - [TEST_STEP][PASSED] - today = new java.util.Date(): null

2024-11-07 18:23:43 - [TEST_STEP][PASSED] - println(today): null

2024-11-07 18:23:43 - [TEST_STEP][PASSED] - datText = today: null

2024-11-07 18:23:43 - [TEST_STEP][PASSED] - logInfo("Payment Type: New Tax Return Amount Due"): Payment Type: New Tax Return Amount Due

2024-11-07 18:23:43 - [MESSAGE][INFO] - Payment Type: New Tax Return Amount Due

2024-11-07 18:23:43 - [TEST_STEP][PASSED] - logInfo("Tax Type: " + TaxType): Tax Type: Motor Fuel Tax

2024-11-07 18:23:43 - [MESSAGE][INFO] - Tax Type: Motor Fuel Tax

2024-11-07 18:23:43 - [TEST_STEP][PASSED] - openBrowser(""): Browser is opened with url: ''

2024-11-07 18:23:43 - [MESSAGE][WARNING] - A browser is already opened. Closing browser and opening a new one

2024-11-07 18:23:45 - [MESSAGE][INFO] - Starting 'Chrome' driver

2024-11-07 18:23:45 - [MESSAGE][INFO] - User set preference: ['acceptInsecureCerts', 'true']

2024-11-07 18:23:45 - [MESSAGE][INFO] - Action delay is set to 0 milliseconds

2024-11-07 18:23:47 - [MESSAGE][PASSED] - Browser is opened with url: ''

2024-11-07 18:23:47 - [TEST_STEP][PASSED] - maximizeWindow(): Current window maximized

2024-11-07 18:23:47 - [MESSAGE][PASSED] - Current window maximized

2024-11-07 18:23:47 - [TEST_STEP][PASSED] - navigateToUrl(RADurl): Navigate to 'https://www.velocitypayment.com/client/rad/index.html' successfully

2024-11-07 18:23:49 - [MESSAGE][PASSED] - Navigate to 'https://www.velocitypayment.com/client/rad/index.html' successfully

2024-11-07 18:23:49 - [TEST_STEP][PASSED] - selectOptionByLabel(findTestObject(orPath_Landing + "/dd_TaxType"), "New Tax Return Amount Due", false): All options with label 'New Tax Return Amount Due' are selected in object 'Object Repository/RAD_Pages/Landing_Page/dd_TaxType' 

2024-11-07 18:23:50 - [MESSAGE][PASSED] - All options with label 'New Tax Return Amount Due' are selected in object 'Object Repository/RAD_Pages/Landing_Page/dd_TaxType' 

2024-11-07 18:23:50 - [TEST_STEP][PASSED] - selectOptionByLabel(findTestObject("Object Repository/RAD_Pages/Landing_Page/select_NewTaxReturnAmountDue_TaxType"), TaxType, false): All options with label 'Motor Fuel Tax' are selected in object 'Object Repository/RAD_Pages/Landing_Page/select_NewTaxReturnAmountDue_TaxType' 

2024-11-07 18:23:51 - [MESSAGE][PASSED] - All options with label 'Motor Fuel Tax' are selected in object 'Object Repository/RAD_Pages/Landing_Page/select_NewTaxReturnAmountDue_TaxType' 

2024-11-07 18:23:51 - [TEST_STEP][PASSED] - selectOptionByLabel(findTestObject(orPath_TaxTypeFilingYear + "/select_FilingYear"), FilingYear, false): All options with label '2023' are selected in object 'Object Repository/RAD_Pages/TaxTypeFilingYear_Page/select_FilingYear' 

2024-11-07 18:23:51 - [MESSAGE][PASSED] - All options with label '2023' are selected in object 'Object Repository/RAD_Pages/TaxTypeFilingYear_Page/select_FilingYear' 

2024-11-07 18:23:51 - [TEST_STEP][PASSED] - setText(findTestObject(orPath_TaxPayer + "/input_businessName"), " "): Text ' ' is set on object 'Object Repository/RAD_Pages/Taxpayer_Page/input_businessName'

2024-11-07 18:23:52 - [MESSAGE][PASSED] - Text ' ' is set on object 'Object Repository/RAD_Pages/Taxpayer_Page/input_businessName'

2024-11-07 18:23:52 - [TEST_STEP][PASSED] - setText(findTestObject(orPath_TaxPayer + "/input_BusinessRepfirstName"), " "): Text ' ' is set on object 'Object Repository/RAD_Pages/Taxpayer_Page/input_BusinessRepfirstName'

2024-11-07 18:23:53 - [MESSAGE][PASSED] - Text ' ' is set on object 'Object Repository/RAD_Pages/Taxpayer_Page/input_BusinessRepfirstName'

2024-11-07 18:23:53 - [TEST_STEP][PASSED] - setText(findTestObject(orPath_TaxPayer + "/input_BusinessReplastName"), " "): Text ' ' is set on object 'Object Repository/RAD_Pages/Taxpayer_Page/input_BusinessReplastName'

2024-11-07 18:23:54 - [MESSAGE][PASSED] - Text ' ' is set on object 'Object Repository/RAD_Pages/Taxpayer_Page/input_BusinessReplastName'

2024-11-07 18:23:54 - [TEST_STEP][PASSED] - setText(findTestObject(orPath_AddressContact + "/input_streetAddress1"), " "): Text ' ' is set on object 'Object Repository/RAD_Pages/AddressAndContactInfo_Page/input_streetAddress1'

2024-11-07 18:23:55 - [MESSAGE][PASSED] - Text ' ' is set on object 'Object Repository/RAD_Pages/AddressAndContactInfo_Page/input_streetAddress1'

2024-11-07 18:23:55 - [TEST_STEP][PASSED] - setText(findTestObject(orPath_AddressContact + "/input_city"), " "): Text ' ' is set on object 'Object Repository/RAD_Pages/AddressAndContactInfo_Page/input_city'

2024-11-07 18:23:55 - [MESSAGE][PASSED] - Text ' ' is set on object 'Object Repository/RAD_Pages/AddressAndContactInfo_Page/input_city'

2024-11-07 18:23:55 - [TEST_STEP][PASSED] - setText(findTestObject(orPath_AddressContact + "/input_zipCode"), " "): Text ' ' is set on object 'Object Repository/RAD_Pages/AddressAndContactInfo_Page/input_zipCode'

2024-11-07 18:23:56 - [MESSAGE][PASSED] - Text ' ' is set on object 'Object Repository/RAD_Pages/AddressAndContactInfo_Page/input_zipCode'

2024-11-07 18:23:56 - [TEST_STEP][PASSED] - setText(findTestObject(orPath_AddressContact + "/input_phoneNumber"), " "): Text ' ' is set on object 'Object Repository/RAD_Pages/AddressAndContactInfo_Page/input_phoneNumber'

2024-11-07 18:23:57 - [MESSAGE][PASSED] - Text ' ' is set on object 'Object Repository/RAD_Pages/AddressAndContactInfo_Page/input_phoneNumber'

2024-11-07 18:23:57 - [TEST_STEP][PASSED] - setText(findTestObject(orPath_AddressContact + "/input_eMailAddress"), " "): Text ' ' is set on object 'Object Repository/RAD_Pages/AddressAndContactInfo_Page/input_eMailAddress'

2024-11-07 18:23:58 - [MESSAGE][PASSED] - Text ' ' is set on object 'Object Repository/RAD_Pages/AddressAndContactInfo_Page/input_eMailAddress'

2024-11-07 18:23:58 - [TEST_STEP][PASSED] - setText(findTestObject(orPath_AddressContact + "/input_reEnterEMailAddress"), " "): Text ' ' is set on object 'Object Repository/RAD_Pages/AddressAndContactInfo_Page/input_reEnterEMailAddress'

2024-11-07 18:23:59 - [MESSAGE][PASSED] - Text ' ' is set on object 'Object Repository/RAD_Pages/AddressAndContactInfo_Page/input_reEnterEMailAddress'

2024-11-07 18:23:59 - [TEST_STEP][PASSED] - if (TaxType.equalsIgnoreCase("Estate Tax")): null

2024-11-07 18:23:59 - [TEST_STEP][PASSED] - setText(findTestObject(orPath_Amount + "/input__paymentAmount"), ""): Text '' is set on object 'Object Repository/RAD_Pages/PaymentAmount_Page/input__paymentAmount'

2024-11-07 18:23:59 - [MESSAGE][PASSED] - Text '' is set on object 'Object Repository/RAD_Pages/PaymentAmount_Page/input__paymentAmount'

2024-11-07 18:23:59 - [TEST_STEP][PASSED] - resText = "Fail": null

2024-11-07 18:23:59 - [TEST_STEP][PASSED] - pages.WriteExcel.demoKey(resText, datText, resColumn, datCloumn, fileLoc, nameSheet, row): pages.WriteExcel.demoKey is PASSED

2024-11-07 18:24:00 - [MESSAGE][PASSED] - pages.WriteExcel.demoKey is PASSED

2024-11-07 18:24:00 - [TEST_STEP][PASSED] - verifyTextPresent("Enter business name", true, CONTINUE_ON_FAILURE): Text 'Enter business name' is present on page  using regular expression

2024-11-07 18:24:00 - [MESSAGE][PASSED] - Text 'Enter business name' is present on page  using regular expression

2024-11-07 18:24:00 - [TEST_STEP][PASSED] - verifyTextPresent("Enter business rep first name", true, CONTINUE_ON_FAILURE): Text 'Enter business rep first name' is present on page  using regular expression

2024-11-07 18:24:00 - [MESSAGE][PASSED] - Text 'Enter business rep first name' is present on page  using regular expression

2024-11-07 18:24:00 - [TEST_STEP][PASSED] - verifyTextPresent("Enter business rep last name", true, CONTINUE_ON_FAILURE): Text 'Enter business rep last name' is present on page  using regular expression

2024-11-07 18:24:01 - [MESSAGE][PASSED] - Text 'Enter business rep last name' is present on page  using regular expression

2024-11-07 18:24:01 - [TEST_STEP][PASSED] - verifyTextPresent("Enter address", true, CONTINUE_ON_FAILURE): Text 'Enter address' is present on page  using regular expression

2024-11-07 18:24:01 - [MESSAGE][PASSED] - Text 'Enter address' is present on page  using regular expression

2024-11-07 18:24:01 - [TEST_STEP][PASSED] - verifyTextPresent("Enter city", true, CONTINUE_ON_FAILURE): Text 'Enter city' is present on page  using regular expression

2024-11-07 18:24:01 - [MESSAGE][PASSED] - Text 'Enter city' is present on page  using regular expression

2024-11-07 18:24:01 - [TEST_STEP][PASSED] - verifyTextPresent("Enter ZIP code", true, CONTINUE_ON_FAILURE): Text 'Enter ZIP code' is present on page  using regular expression

2024-11-07 18:24:02 - [MESSAGE][PASSED] - Text 'Enter ZIP code' is present on page  using regular expression

2024-11-07 18:24:02 - [TEST_STEP][PASSED] - verifyTextPresent("Enter a valid phone number", true, CONTINUE_ON_FAILURE): Text 'Enter a valid phone number' is present on page  using regular expression

2024-11-07 18:24:02 - [MESSAGE][PASSED] - Text 'Enter a valid phone number' is present on page  using regular expression

2024-11-07 18:24:02 - [TEST_STEP][PASSED] - verifyTextPresent("Enter Email", true, CONTINUE_ON_FAILURE): Text 'Enter Email' is present on page  using regular expression

2024-11-07 18:24:02 - [MESSAGE][PASSED] - Text 'Enter Email' is present on page  using regular expression

2024-11-07 18:24:02 - [TEST_STEP][PASSED] - if (CRN.equalsIgnoreCase("Y")): null

2024-11-07 18:24:02 - [TEST_STEP][PASSED] - if (MFLicNum.equalsIgnoreCase("Y")): Text 'Motor Fuel License Number must be 5 or 6 digits in length, with a value greater than zero' is present on page  using regular expression

2024-11-07 18:24:02 - [TEST_STEP][PASSED] - setText(findTestObject(orPath_TaxInfo + "/input_MotorFuelLicNum"), " "): Text ' ' is set on object 'Object Repository/RAD_Pages/TaxInfo_Page/input_MotorFuelLicNum'

2024-11-07 18:24:03 - [MESSAGE][PASSED] - Text ' ' is set on object 'Object Repository/RAD_Pages/TaxInfo_Page/input_MotorFuelLicNum'

2024-11-07 18:24:03 - [TEST_STEP][PASSED] - setText(findTestObject(orPath_Amount + "/input__paymentAmount"), ""): Text '' is set on object 'Object Repository/RAD_Pages/PaymentAmount_Page/input__paymentAmount'

2024-11-07 18:24:04 - [MESSAGE][PASSED] - Text '' is set on object 'Object Repository/RAD_Pages/PaymentAmount_Page/input__paymentAmount'

2024-11-07 18:24:04 - [TEST_STEP][PASSED] - verifyTextPresent("Motor Fuel License Number must be 5 or 6 digits in length, with a value greater than zero", true, CONTINUE_ON_FAILURE): Text 'Motor Fuel License Number must be 5 or 6 digits in length, with a value greater than zero' is present on page  using regular expression

2024-11-07 18:24:05 - [MESSAGE][PASSED] - Text 'Motor Fuel License Number must be 5 or 6 digits in length, with a value greater than zero' is present on page  using regular expression

2024-11-07 18:24:05 - [TEST_STEP][PASSED] - resText = "Pass": null

2024-11-07 18:24:05 - [TEST_STEP][PASSED] - pages.WriteExcel.demoKey(resText, datText, resColumn, datCloumn, fileLoc, nameSheet, row): pages.WriteExcel.demoKey is PASSED

2024-11-07 18:24:05 - [MESSAGE][PASSED] - pages.WriteExcel.demoKey is PASSED

2024-11-07 18:24:05 - [TEST_STEP][PASSED] - ExecuteTC = findTestData(dataFile).getValue("Execute", row): null

2024-11-07 18:24:05 - [TEST_STEP][PASSED] - TaxType = findTestData(dataFile).getValue("TaxType", row): null

2024-11-07 18:24:05 - [TEST_STEP][PASSED] - PaymentType = findTestData(dataFile).getValue("PaymentType", row): null

2024-11-07 18:24:05 - [TEST_STEP][PASSED] - FilingYear = findTestData(dataFile).getValue("Year", row): null

2024-11-07 18:24:05 - [TEST_STEP][PASSED] - feinSSN = findTestData(dataFile).getValue("FeinSsn", row): null

2024-11-07 18:24:05 - [TEST_STEP][PASSED] - CRN = findTestData(dataFile).getValue("CRN", row): null

2024-11-07 18:24:05 - [TEST_STEP][PASSED] - MFLicNum = findTestData(dataFile).getValue("MFLicNum", row): null

2024-11-07 18:24:06 - [TEST_STEP][PASSED] - if (ExecuteTC.equalsIgnoreCase("Y")): pages.WriteExcel.demoKey is PASSED

2024-11-07 18:24:06 - [TEST_STEP][PASSED] - out.println("Begin Record Number: " + row): null

2024-11-07 18:24:06 - [TEST_STEP][PASSED] - today = new java.util.Date(): null

2024-11-07 18:24:06 - [TEST_STEP][PASSED] - println(today): null

2024-11-07 18:24:06 - [TEST_STEP][PASSED] - datText = today: null

2024-11-07 18:24:06 - [TEST_STEP][PASSED] - logInfo("Payment Type: New Tax Return Amount Due"): Payment Type: New Tax Return Amount Due

2024-11-07 18:24:06 - [MESSAGE][INFO] - Payment Type: New Tax Return Amount Due

2024-11-07 18:24:06 - [TEST_STEP][PASSED] - logInfo("Tax Type: " + TaxType): Tax Type: Sales and Use Tax

2024-11-07 18:24:06 - [MESSAGE][INFO] - Tax Type: Sales and Use Tax

2024-11-07 18:24:06 - [TEST_STEP][PASSED] - openBrowser(""): Browser is opened with url: ''

2024-11-07 18:24:06 - [MESSAGE][WARNING] - A browser is already opened. Closing browser and opening a new one

2024-11-07 18:24:08 - [MESSAGE][INFO] - Starting 'Chrome' driver

2024-11-07 18:24:08 - [MESSAGE][INFO] - User set preference: ['acceptInsecureCerts', 'true']

2024-11-07 18:24:08 - [MESSAGE][INFO] - Action delay is set to 0 milliseconds

2024-11-07 18:24:10 - [MESSAGE][PASSED] - Browser is opened with url: ''

2024-11-07 18:24:10 - [TEST_STEP][PASSED] - maximizeWindow(): Current window maximized

2024-11-07 18:24:10 - [MESSAGE][PASSED] - Current window maximized

2024-11-07 18:24:10 - [TEST_STEP][PASSED] - navigateToUrl(RADurl): Navigate to 'https://www.velocitypayment.com/client/rad/index.html' successfully

2024-11-07 18:24:13 - [MESSAGE][PASSED] - Navigate to 'https://www.velocitypayment.com/client/rad/index.html' successfully

2024-11-07 18:24:13 - [TEST_STEP][PASSED] - selectOptionByLabel(findTestObject(orPath_Landing + "/dd_TaxType"), "New Tax Return Amount Due", false): All options with label 'New Tax Return Amount Due' are selected in object 'Object Repository/RAD_Pages/Landing_Page/dd_TaxType' 

2024-11-07 18:24:13 - [MESSAGE][PASSED] - All options with label 'New Tax Return Amount Due' are selected in object 'Object Repository/RAD_Pages/Landing_Page/dd_TaxType' 

2024-11-07 18:24:13 - [TEST_STEP][PASSED] - selectOptionByLabel(findTestObject("Object Repository/RAD_Pages/Landing_Page/select_NewTaxReturnAmountDue_TaxType"), TaxType, false): All options with label 'Sales and Use Tax' are selected in object 'Object Repository/RAD_Pages/Landing_Page/select_NewTaxReturnAmountDue_TaxType' 

2024-11-07 18:24:14 - [MESSAGE][PASSED] - All options with label 'Sales and Use Tax' are selected in object 'Object Repository/RAD_Pages/Landing_Page/select_NewTaxReturnAmountDue_TaxType' 

2024-11-07 18:24:14 - [TEST_STEP][PASSED] - selectOptionByLabel(findTestObject(orPath_TaxTypeFilingYear + "/select_FilingYear"), FilingYear, false): All options with label '2023' are selected in object 'Object Repository/RAD_Pages/TaxTypeFilingYear_Page/select_FilingYear' 

2024-11-07 18:24:15 - [MESSAGE][PASSED] - All options with label '2023' are selected in object 'Object Repository/RAD_Pages/TaxTypeFilingYear_Page/select_FilingYear' 

2024-11-07 18:24:15 - [TEST_STEP][PASSED] - setText(findTestObject(orPath_TaxPayer + "/input_businessName"), " "): Text ' ' is set on object 'Object Repository/RAD_Pages/Taxpayer_Page/input_businessName'

2024-11-07 18:24:16 - [MESSAGE][PASSED] - Text ' ' is set on object 'Object Repository/RAD_Pages/Taxpayer_Page/input_businessName'

2024-11-07 18:24:16 - [TEST_STEP][PASSED] - setText(findTestObject(orPath_TaxPayer + "/input_BusinessRepfirstName"), " "): Text ' ' is set on object 'Object Repository/RAD_Pages/Taxpayer_Page/input_BusinessRepfirstName'

2024-11-07 18:24:16 - [MESSAGE][PASSED] - Text ' ' is set on object 'Object Repository/RAD_Pages/Taxpayer_Page/input_BusinessRepfirstName'

2024-11-07 18:24:16 - [TEST_STEP][PASSED] - setText(findTestObject(orPath_TaxPayer + "/input_BusinessReplastName"), " "): Text ' ' is set on object 'Object Repository/RAD_Pages/Taxpayer_Page/input_BusinessReplastName'

2024-11-07 18:24:17 - [MESSAGE][PASSED] - Text ' ' is set on object 'Object Repository/RAD_Pages/Taxpayer_Page/input_BusinessReplastName'

2024-11-07 18:24:17 - [TEST_STEP][PASSED] - setText(findTestObject(orPath_AddressContact + "/input_streetAddress1"), " "): Text ' ' is set on object 'Object Repository/RAD_Pages/AddressAndContactInfo_Page/input_streetAddress1'

2024-11-07 18:24:18 - [MESSAGE][PASSED] - Text ' ' is set on object 'Object Repository/RAD_Pages/AddressAndContactInfo_Page/input_streetAddress1'

2024-11-07 18:24:18 - [TEST_STEP][PASSED] - setText(findTestObject(orPath_AddressContact + "/input_city"), " "): Text ' ' is set on object 'Object Repository/RAD_Pages/AddressAndContactInfo_Page/input_city'

2024-11-07 18:24:19 - [MESSAGE][PASSED] - Text ' ' is set on object 'Object Repository/RAD_Pages/AddressAndContactInfo_Page/input_city'

2024-11-07 18:24:19 - [TEST_STEP][PASSED] - setText(findTestObject(orPath_AddressContact + "/input_zipCode"), " "): Text ' ' is set on object 'Object Repository/RAD_Pages/AddressAndContactInfo_Page/input_zipCode'

2024-11-07 18:24:20 - [MESSAGE][PASSED] - Text ' ' is set on object 'Object Repository/RAD_Pages/AddressAndContactInfo_Page/input_zipCode'

2024-11-07 18:24:20 - [TEST_STEP][PASSED] - setText(findTestObject(orPath_AddressContact + "/input_phoneNumber"), " "): Text ' ' is set on object 'Object Repository/RAD_Pages/AddressAndContactInfo_Page/input_phoneNumber'

2024-11-07 18:24:20 - [MESSAGE][PASSED] - Text ' ' is set on object 'Object Repository/RAD_Pages/AddressAndContactInfo_Page/input_phoneNumber'

2024-11-07 18:24:20 - [TEST_STEP][PASSED] - setText(findTestObject(orPath_AddressContact + "/input_eMailAddress"), " "): Text ' ' is set on object 'Object Repository/RAD_Pages/AddressAndContactInfo_Page/input_eMailAddress'

2024-11-07 18:24:21 - [MESSAGE][PASSED] - Text ' ' is set on object 'Object Repository/RAD_Pages/AddressAndContactInfo_Page/input_eMailAddress'

2024-11-07 18:24:21 - [TEST_STEP][PASSED] - setText(findTestObject(orPath_AddressContact + "/input_reEnterEMailAddress"), " "): Text ' ' is set on object 'Object Repository/RAD_Pages/AddressAndContactInfo_Page/input_reEnterEMailAddress'

2024-11-07 18:24:22 - [MESSAGE][PASSED] - Text ' ' is set on object 'Object Repository/RAD_Pages/AddressAndContactInfo_Page/input_reEnterEMailAddress'

2024-11-07 18:24:22 - [TEST_STEP][PASSED] - if (TaxType.equalsIgnoreCase("Estate Tax")): null

2024-11-07 18:24:22 - [TEST_STEP][PASSED] - setText(findTestObject(orPath_Amount + "/input__paymentAmount"), ""): Text '' is set on object 'Object Repository/RAD_Pages/PaymentAmount_Page/input__paymentAmount'

2024-11-07 18:24:23 - [MESSAGE][PASSED] - Text '' is set on object 'Object Repository/RAD_Pages/PaymentAmount_Page/input__paymentAmount'

2024-11-07 18:24:23 - [TEST_STEP][PASSED] - resText = "Fail": null

2024-11-07 18:24:23 - [TEST_STEP][PASSED] - pages.WriteExcel.demoKey(resText, datText, resColumn, datCloumn, fileLoc, nameSheet, row): pages.WriteExcel.demoKey is PASSED

2024-11-07 18:24:24 - [MESSAGE][PASSED] - pages.WriteExcel.demoKey is PASSED

2024-11-07 18:24:24 - [TEST_STEP][PASSED] - verifyTextPresent("Enter business name", true, CONTINUE_ON_FAILURE): Text 'Enter business name' is present on page  using regular expression

2024-11-07 18:24:24 - [MESSAGE][PASSED] - Text 'Enter business name' is present on page  using regular expression

2024-11-07 18:24:24 - [TEST_STEP][PASSED] - verifyTextPresent("Enter business rep first name", true, CONTINUE_ON_FAILURE): Text 'Enter business rep first name' is present on page  using regular expression

2024-11-07 18:24:25 - [MESSAGE][PASSED] - Text 'Enter business rep first name' is present on page  using regular expression

2024-11-07 18:24:25 - [TEST_STEP][PASSED] - verifyTextPresent("Enter business rep last name", true, CONTINUE_ON_FAILURE): Text 'Enter business rep last name' is present on page  using regular expression

2024-11-07 18:24:25 - [MESSAGE][PASSED] - Text 'Enter business rep last name' is present on page  using regular expression

2024-11-07 18:24:25 - [TEST_STEP][PASSED] - verifyTextPresent("Enter address", true, CONTINUE_ON_FAILURE): Text 'Enter address' is present on page  using regular expression

2024-11-07 18:24:25 - [MESSAGE][PASSED] - Text 'Enter address' is present on page  using regular expression

2024-11-07 18:24:25 - [TEST_STEP][PASSED] - verifyTextPresent("Enter city", true, CONTINUE_ON_FAILURE): Text 'Enter city' is present on page  using regular expression

2024-11-07 18:24:26 - [MESSAGE][PASSED] - Text 'Enter city' is present on page  using regular expression

2024-11-07 18:24:26 - [TEST_STEP][PASSED] - verifyTextPresent("Enter ZIP code", true, CONTINUE_ON_FAILURE): Text 'Enter ZIP code' is present on page  using regular expression

2024-11-07 18:24:26 - [MESSAGE][PASSED] - Text 'Enter ZIP code' is present on page  using regular expression

2024-11-07 18:24:26 - [TEST_STEP][PASSED] - verifyTextPresent("Enter a valid phone number", true, CONTINUE_ON_FAILURE): Text 'Enter a valid phone number' is present on page  using regular expression

2024-11-07 18:24:26 - [MESSAGE][PASSED] - Text 'Enter a valid phone number' is present on page  using regular expression

2024-11-07 18:24:26 - [TEST_STEP][PASSED] - verifyTextPresent("Enter Email", true, CONTINUE_ON_FAILURE): Text 'Enter Email' is present on page  using regular expression

2024-11-07 18:24:27 - [MESSAGE][PASSED] - Text 'Enter Email' is present on page  using regular expression

2024-11-07 18:24:27 - [TEST_STEP][PASSED] - if (CRN.equalsIgnoreCase("Y")): Text 'Enter valid MD Central Registration Number' is present on page  using regular expression

2024-11-07 18:24:27 - [TEST_STEP][PASSED] - setText(findTestObject(orPath_TaxInfo + "/input_MDCRegistration"), " "): Text ' ' is set on object 'Object Repository/RAD_Pages/TaxInfo_Page/input_MDCRegistration'

2024-11-07 18:24:27 - [MESSAGE][PASSED] - Text ' ' is set on object 'Object Repository/RAD_Pages/TaxInfo_Page/input_MDCRegistration'

2024-11-07 18:24:27 - [TEST_STEP][PASSED] - setText(findTestObject(orPath_Amount + "/input__paymentAmount"), ""): Text '' is set on object 'Object Repository/RAD_Pages/PaymentAmount_Page/input__paymentAmount'

2024-11-07 18:24:28 - [MESSAGE][PASSED] - Text '' is set on object 'Object Repository/RAD_Pages/PaymentAmount_Page/input__paymentAmount'

2024-11-07 18:24:28 - [TEST_STEP][PASSED] - verifyTextPresent("Enter valid MD Central Registration Number", true, CONTINUE_ON_FAILURE): Text 'Enter valid MD Central Registration Number' is present on page  using regular expression

2024-11-07 18:24:28 - [MESSAGE][PASSED] - Text 'Enter valid MD Central Registration Number' is present on page  using regular expression

2024-11-07 18:24:28 - [TEST_STEP][PASSED] - if (MFLicNum.equalsIgnoreCase("Y")): null

2024-11-07 18:24:28 - [TEST_STEP][PASSED] - resText = "Pass": null

2024-11-07 18:24:28 - [TEST_STEP][PASSED] - pages.WriteExcel.demoKey(resText, datText, resColumn, datCloumn, fileLoc, nameSheet, row): pages.WriteExcel.demoKey is PASSED

2024-11-07 18:24:28 - [MESSAGE][PASSED] - pages.WriteExcel.demoKey is PASSED

2024-11-07 18:24:28 - [TEST_STEP][PASSED] - ExecuteTC = findTestData(dataFile).getValue("Execute", row): null

2024-11-07 18:24:28 - [TEST_STEP][PASSED] - TaxType = findTestData(dataFile).getValue("TaxType", row): null

2024-11-07 18:24:29 - [TEST_STEP][PASSED] - PaymentType = findTestData(dataFile).getValue("PaymentType", row): null

2024-11-07 18:24:29 - [TEST_STEP][PASSED] - FilingYear = findTestData(dataFile).getValue("Year", row): null

2024-11-07 18:24:29 - [TEST_STEP][PASSED] - feinSSN = findTestData(dataFile).getValue("FeinSsn", row): null

2024-11-07 18:24:29 - [TEST_STEP][PASSED] - CRN = findTestData(dataFile).getValue("CRN", row): null

2024-11-07 18:24:29 - [TEST_STEP][PASSED] - MFLicNum = findTestData(dataFile).getValue("MFLicNum", row): null

2024-11-07 18:24:29 - [TEST_STEP][PASSED] - if (ExecuteTC.equalsIgnoreCase("Y")): pages.WriteExcel.demoKey is PASSED

2024-11-07 18:24:29 - [TEST_STEP][PASSED] - out.println("Begin Record Number: " + row): null

2024-11-07 18:24:29 - [TEST_STEP][PASSED] - today = new java.util.Date(): null

2024-11-07 18:24:29 - [TEST_STEP][PASSED] - println(today): null

2024-11-07 18:24:29 - [TEST_STEP][PASSED] - datText = today: null

2024-11-07 18:24:29 - [TEST_STEP][PASSED] - logInfo("Payment Type: New Tax Return Amount Due"): Payment Type: New Tax Return Amount Due

2024-11-07 18:24:29 - [MESSAGE][INFO] - Payment Type: New Tax Return Amount Due

2024-11-07 18:24:29 - [TEST_STEP][PASSED] - logInfo("Tax Type: " + TaxType): Tax Type: Slots License Fee

2024-11-07 18:24:29 - [MESSAGE][INFO] - Tax Type: Slots License Fee

2024-11-07 18:24:29 - [TEST_STEP][PASSED] - openBrowser(""): Browser is opened with url: ''

2024-11-07 18:24:29 - [MESSAGE][WARNING] - A browser is already opened. Closing browser and opening a new one

2024-11-07 18:24:31 - [MESSAGE][INFO] - Starting 'Chrome' driver

2024-11-07 18:24:31 - [MESSAGE][INFO] - User set preference: ['acceptInsecureCerts', 'true']

2024-11-07 18:24:31 - [MESSAGE][INFO] - Action delay is set to 0 milliseconds

2024-11-07 18:24:32 - [MESSAGE][PASSED] - Browser is opened with url: ''

2024-11-07 18:24:32 - [TEST_STEP][PASSED] - maximizeWindow(): Current window maximized

2024-11-07 18:24:33 - [MESSAGE][PASSED] - Current window maximized

2024-11-07 18:24:33 - [TEST_STEP][PASSED] - navigateToUrl(RADurl): Navigate to 'https://www.velocitypayment.com/client/rad/index.html' successfully

2024-11-07 18:24:35 - [MESSAGE][PASSED] - Navigate to 'https://www.velocitypayment.com/client/rad/index.html' successfully

2024-11-07 18:24:35 - [TEST_STEP][PASSED] - selectOptionByLabel(findTestObject(orPath_Landing + "/dd_TaxType"), "New Tax Return Amount Due", false): All options with label 'New Tax Return Amount Due' are selected in object 'Object Repository/RAD_Pages/Landing_Page/dd_TaxType' 

2024-11-07 18:24:36 - [MESSAGE][PASSED] - All options with label 'New Tax Return Amount Due' are selected in object 'Object Repository/RAD_Pages/Landing_Page/dd_TaxType' 

2024-11-07 18:24:36 - [TEST_STEP][PASSED] - selectOptionByLabel(findTestObject("Object Repository/RAD_Pages/Landing_Page/select_NewTaxReturnAmountDue_TaxType"), TaxType, false): All options with label 'Slots License Fee' are selected in object 'Object Repository/RAD_Pages/Landing_Page/select_NewTaxReturnAmountDue_TaxType' 

2024-11-07 18:24:37 - [MESSAGE][PASSED] - All options with label 'Slots License Fee' are selected in object 'Object Repository/RAD_Pages/Landing_Page/select_NewTaxReturnAmountDue_TaxType' 

2024-11-07 18:24:37 - [TEST_STEP][PASSED] - selectOptionByLabel(findTestObject(orPath_TaxTypeFilingYear + "/select_FilingYear"), FilingYear, false): All options with label '2023' are selected in object 'Object Repository/RAD_Pages/TaxTypeFilingYear_Page/select_FilingYear' 

2024-11-07 18:24:37 - [MESSAGE][PASSED] - All options with label '2023' are selected in object 'Object Repository/RAD_Pages/TaxTypeFilingYear_Page/select_FilingYear' 

2024-11-07 18:24:37 - [TEST_STEP][PASSED] - setText(findTestObject(orPath_TaxPayer + "/input_businessName"), " "): Text ' ' is set on object 'Object Repository/RAD_Pages/Taxpayer_Page/input_businessName'

2024-11-07 18:24:38 - [MESSAGE][PASSED] - Text ' ' is set on object 'Object Repository/RAD_Pages/Taxpayer_Page/input_businessName'

2024-11-07 18:24:38 - [TEST_STEP][PASSED] - setText(findTestObject(orPath_TaxPayer + "/input_BusinessRepfirstName"), " "): Text ' ' is set on object 'Object Repository/RAD_Pages/Taxpayer_Page/input_BusinessRepfirstName'

2024-11-07 18:24:39 - [MESSAGE][PASSED] - Text ' ' is set on object 'Object Repository/RAD_Pages/Taxpayer_Page/input_BusinessRepfirstName'

2024-11-07 18:24:39 - [TEST_STEP][PASSED] - setText(findTestObject(orPath_TaxPayer + "/input_BusinessReplastName"), " "): Text ' ' is set on object 'Object Repository/RAD_Pages/Taxpayer_Page/input_BusinessReplastName'

2024-11-07 18:24:40 - [MESSAGE][PASSED] - Text ' ' is set on object 'Object Repository/RAD_Pages/Taxpayer_Page/input_BusinessReplastName'

2024-11-07 18:24:40 - [TEST_STEP][PASSED] - setText(findTestObject(orPath_AddressContact + "/input_streetAddress1"), " "): Text ' ' is set on object 'Object Repository/RAD_Pages/AddressAndContactInfo_Page/input_streetAddress1'

2024-11-07 18:24:41 - [MESSAGE][PASSED] - Text ' ' is set on object 'Object Repository/RAD_Pages/AddressAndContactInfo_Page/input_streetAddress1'

2024-11-07 18:24:41 - [TEST_STEP][PASSED] - setText(findTestObject(orPath_AddressContact + "/input_city"), " "): Text ' ' is set on object 'Object Repository/RAD_Pages/AddressAndContactInfo_Page/input_city'

2024-11-07 18:24:41 - [MESSAGE][PASSED] - Text ' ' is set on object 'Object Repository/RAD_Pages/AddressAndContactInfo_Page/input_city'

2024-11-07 18:24:41 - [TEST_STEP][PASSED] - setText(findTestObject(orPath_AddressContact + "/input_zipCode"), " "): Text ' ' is set on object 'Object Repository/RAD_Pages/AddressAndContactInfo_Page/input_zipCode'

2024-11-07 18:24:42 - [MESSAGE][PASSED] - Text ' ' is set on object 'Object Repository/RAD_Pages/AddressAndContactInfo_Page/input_zipCode'

2024-11-07 18:24:42 - [TEST_STEP][PASSED] - setText(findTestObject(orPath_AddressContact + "/input_phoneNumber"), " "): Text ' ' is set on object 'Object Repository/RAD_Pages/AddressAndContactInfo_Page/input_phoneNumber'

2024-11-07 18:24:43 - [MESSAGE][PASSED] - Text ' ' is set on object 'Object Repository/RAD_Pages/AddressAndContactInfo_Page/input_phoneNumber'

2024-11-07 18:24:43 - [TEST_STEP][PASSED] - setText(findTestObject(orPath_AddressContact + "/input_eMailAddress"), " "): Text ' ' is set on object 'Object Repository/RAD_Pages/AddressAndContactInfo_Page/input_eMailAddress'

2024-11-07 18:24:44 - [MESSAGE][PASSED] - Text ' ' is set on object 'Object Repository/RAD_Pages/AddressAndContactInfo_Page/input_eMailAddress'

2024-11-07 18:24:44 - [TEST_STEP][PASSED] - setText(findTestObject(orPath_AddressContact + "/input_reEnterEMailAddress"), " "): Text ' ' is set on object 'Object Repository/RAD_Pages/AddressAndContactInfo_Page/input_reEnterEMailAddress'

2024-11-07 18:24:45 - [MESSAGE][PASSED] - Text ' ' is set on object 'Object Repository/RAD_Pages/AddressAndContactInfo_Page/input_reEnterEMailAddress'

2024-11-07 18:24:45 - [TEST_STEP][PASSED] - if (TaxType.equalsIgnoreCase("Estate Tax")): null

2024-11-07 18:24:45 - [TEST_STEP][PASSED] - setText(findTestObject(orPath_Amount + "/input__paymentAmount"), ""): Text '' is set on object 'Object Repository/RAD_Pages/PaymentAmount_Page/input__paymentAmount'

2024-11-07 18:24:45 - [MESSAGE][PASSED] - Text '' is set on object 'Object Repository/RAD_Pages/PaymentAmount_Page/input__paymentAmount'

2024-11-07 18:24:45 - [TEST_STEP][PASSED] - resText = "Fail": null

2024-11-07 18:24:45 - [TEST_STEP][PASSED] - pages.WriteExcel.demoKey(resText, datText, resColumn, datCloumn, fileLoc, nameSheet, row): pages.WriteExcel.demoKey is PASSED

2024-11-07 18:24:46 - [MESSAGE][PASSED] - pages.WriteExcel.demoKey is PASSED

2024-11-07 18:24:46 - [TEST_STEP][PASSED] - verifyTextPresent("Enter business name", true, CONTINUE_ON_FAILURE): Text 'Enter business name' is present on page  using regular expression

2024-11-07 18:24:46 - [MESSAGE][PASSED] - Text 'Enter business name' is present on page  using regular expression

2024-11-07 18:24:46 - [TEST_STEP][PASSED] - verifyTextPresent("Enter business rep first name", true, CONTINUE_ON_FAILURE): Text 'Enter business rep first name' is present on page  using regular expression

2024-11-07 18:24:46 - [MESSAGE][PASSED] - Text 'Enter business rep first name' is present on page  using regular expression

2024-11-07 18:24:46 - [TEST_STEP][PASSED] - verifyTextPresent("Enter business rep last name", true, CONTINUE_ON_FAILURE): Text 'Enter business rep last name' is present on page  using regular expression

2024-11-07 18:24:47 - [MESSAGE][PASSED] - Text 'Enter business rep last name' is present on page  using regular expression

2024-11-07 18:24:47 - [TEST_STEP][PASSED] - verifyTextPresent("Enter address", true, CONTINUE_ON_FAILURE): Text 'Enter address' is present on page  using regular expression

2024-11-07 18:24:47 - [MESSAGE][PASSED] - Text 'Enter address' is present on page  using regular expression

2024-11-07 18:24:47 - [TEST_STEP][PASSED] - verifyTextPresent("Enter city", true, CONTINUE_ON_FAILURE): Text 'Enter city' is present on page  using regular expression

2024-11-07 18:24:47 - [MESSAGE][PASSED] - Text 'Enter city' is present on page  using regular expression

2024-11-07 18:24:47 - [TEST_STEP][PASSED] - verifyTextPresent("Enter ZIP code", true, CONTINUE_ON_FAILURE): Text 'Enter ZIP code' is present on page  using regular expression

2024-11-07 18:24:48 - [MESSAGE][PASSED] - Text 'Enter ZIP code' is present on page  using regular expression

2024-11-07 18:24:48 - [TEST_STEP][PASSED] - verifyTextPresent("Enter a valid phone number", true, CONTINUE_ON_FAILURE): Text 'Enter a valid phone number' is present on page  using regular expression

2024-11-07 18:24:48 - [MESSAGE][PASSED] - Text 'Enter a valid phone number' is present on page  using regular expression

2024-11-07 18:24:48 - [TEST_STEP][PASSED] - verifyTextPresent("Enter Email", true, CONTINUE_ON_FAILURE): Text 'Enter Email' is present on page  using regular expression

2024-11-07 18:24:48 - [MESSAGE][PASSED] - Text 'Enter Email' is present on page  using regular expression

2024-11-07 18:24:48 - [TEST_STEP][PASSED] - if (CRN.equalsIgnoreCase("Y")): null

2024-11-07 18:24:48 - [TEST_STEP][PASSED] - if (MFLicNum.equalsIgnoreCase("Y")): null

2024-11-07 18:24:48 - [TEST_STEP][PASSED] - resText = "Pass": null

2024-11-07 18:24:48 - [TEST_STEP][PASSED] - pages.WriteExcel.demoKey(resText, datText, resColumn, datCloumn, fileLoc, nameSheet, row): pages.WriteExcel.demoKey is PASSED

2024-11-07 18:24:49 - [MESSAGE][PASSED] - pages.WriteExcel.demoKey is PASSED

2024-11-07 18:24:49 - [TEST_STEP][PASSED] - ExecuteTC = findTestData(dataFile).getValue("Execute", row): null

2024-11-07 18:24:49 - [TEST_STEP][PASSED] - TaxType = findTestData(dataFile).getValue("TaxType", row): null

2024-11-07 18:24:49 - [TEST_STEP][PASSED] - PaymentType = findTestData(dataFile).getValue("PaymentType", row): null

2024-11-07 18:24:49 - [TEST_STEP][PASSED] - FilingYear = findTestData(dataFile).getValue("Year", row): null

2024-11-07 18:24:49 - [TEST_STEP][PASSED] - feinSSN = findTestData(dataFile).getValue("FeinSsn", row): null

2024-11-07 18:24:49 - [TEST_STEP][PASSED] - CRN = findTestData(dataFile).getValue("CRN", row): null

2024-11-07 18:24:49 - [TEST_STEP][PASSED] - MFLicNum = findTestData(dataFile).getValue("MFLicNum", row): null

2024-11-07 18:24:49 - [TEST_STEP][PASSED] - if (ExecuteTC.equalsIgnoreCase("Y")): pages.WriteExcel.demoKey is PASSED

2024-11-07 18:24:49 - [TEST_STEP][PASSED] - out.println("Begin Record Number: " + row): null

2024-11-07 18:24:49 - [TEST_STEP][PASSED] - today = new java.util.Date(): null

2024-11-07 18:24:49 - [TEST_STEP][PASSED] - println(today): null

2024-11-07 18:24:49 - [TEST_STEP][PASSED] - datText = today: null

2024-11-07 18:24:49 - [TEST_STEP][PASSED] - logInfo("Payment Type: New Tax Return Amount Due"): Payment Type: New Tax Return Amount Due

2024-11-07 18:24:49 - [MESSAGE][INFO] - Payment Type: New Tax Return Amount Due

2024-11-07 18:24:49 - [TEST_STEP][PASSED] - logInfo("Tax Type: " + TaxType): Tax Type: Tire Recycling Fee

2024-11-07 18:24:49 - [MESSAGE][INFO] - Tax Type: Tire Recycling Fee

2024-11-07 18:24:49 - [TEST_STEP][PASSED] - openBrowser(""): Browser is opened with url: ''

2024-11-07 18:24:49 - [MESSAGE][WARNING] - A browser is already opened. Closing browser and opening a new one

2024-11-07 18:24:50 - [MESSAGE][INFO] - Starting 'Chrome' driver

2024-11-07 18:24:50 - [MESSAGE][INFO] - User set preference: ['acceptInsecureCerts', 'true']

2024-11-07 18:24:50 - [MESSAGE][INFO] - Action delay is set to 0 milliseconds

2024-11-07 18:24:52 - [MESSAGE][PASSED] - Browser is opened with url: ''

2024-11-07 18:24:52 - [TEST_STEP][PASSED] - maximizeWindow(): Current window maximized

2024-11-07 18:24:52 - [MESSAGE][PASSED] - Current window maximized

2024-11-07 18:24:52 - [TEST_STEP][PASSED] - navigateToUrl(RADurl): Navigate to 'https://www.velocitypayment.com/client/rad/index.html' successfully

2024-11-07 18:24:55 - [MESSAGE][PASSED] - Navigate to 'https://www.velocitypayment.com/client/rad/index.html' successfully

2024-11-07 18:24:55 - [TEST_STEP][PASSED] - selectOptionByLabel(findTestObject(orPath_Landing + "/dd_TaxType"), "New Tax Return Amount Due", false): All options with label 'New Tax Return Amount Due' are selected in object 'Object Repository/RAD_Pages/Landing_Page/dd_TaxType' 

2024-11-07 18:24:56 - [MESSAGE][PASSED] - All options with label 'New Tax Return Amount Due' are selected in object 'Object Repository/RAD_Pages/Landing_Page/dd_TaxType' 

2024-11-07 18:24:56 - [TEST_STEP][PASSED] - selectOptionByLabel(findTestObject("Object Repository/RAD_Pages/Landing_Page/select_NewTaxReturnAmountDue_TaxType"), TaxType, false): All options with label 'Tire Recycling Fee' are selected in object 'Object Repository/RAD_Pages/Landing_Page/select_NewTaxReturnAmountDue_TaxType' 

2024-11-07 18:24:57 - [MESSAGE][PASSED] - All options with label 'Tire Recycling Fee' are selected in object 'Object Repository/RAD_Pages/Landing_Page/select_NewTaxReturnAmountDue_TaxType' 

2024-11-07 18:24:57 - [TEST_STEP][PASSED] - selectOptionByLabel(findTestObject(orPath_TaxTypeFilingYear + "/select_FilingYear"), FilingYear, false): All options with label '2023' are selected in object 'Object Repository/RAD_Pages/TaxTypeFilingYear_Page/select_FilingYear' 

2024-11-07 18:24:57 - [MESSAGE][PASSED] - All options with label '2023' are selected in object 'Object Repository/RAD_Pages/TaxTypeFilingYear_Page/select_FilingYear' 

2024-11-07 18:24:57 - [TEST_STEP][PASSED] - setText(findTestObject(orPath_TaxPayer + "/input_businessName"), " "): Text ' ' is set on object 'Object Repository/RAD_Pages/Taxpayer_Page/input_businessName'

2024-11-07 18:24:58 - [MESSAGE][PASSED] - Text ' ' is set on object 'Object Repository/RAD_Pages/Taxpayer_Page/input_businessName'

2024-11-07 18:24:58 - [TEST_STEP][PASSED] - setText(findTestObject(orPath_TaxPayer + "/input_BusinessRepfirstName"), " "): Text ' ' is set on object 'Object Repository/RAD_Pages/Taxpayer_Page/input_BusinessRepfirstName'

2024-11-07 18:24:59 - [MESSAGE][PASSED] - Text ' ' is set on object 'Object Repository/RAD_Pages/Taxpayer_Page/input_BusinessRepfirstName'

2024-11-07 18:24:59 - [TEST_STEP][PASSED] - setText(findTestObject(orPath_TaxPayer + "/input_BusinessReplastName"), " "): Text ' ' is set on object 'Object Repository/RAD_Pages/Taxpayer_Page/input_BusinessReplastName'

2024-11-07 18:25:00 - [MESSAGE][PASSED] - Text ' ' is set on object 'Object Repository/RAD_Pages/Taxpayer_Page/input_BusinessReplastName'

2024-11-07 18:25:00 - [TEST_STEP][PASSED] - setText(findTestObject(orPath_AddressContact + "/input_streetAddress1"), " "): Text ' ' is set on object 'Object Repository/RAD_Pages/AddressAndContactInfo_Page/input_streetAddress1'

2024-11-07 18:25:01 - [MESSAGE][PASSED] - Text ' ' is set on object 'Object Repository/RAD_Pages/AddressAndContactInfo_Page/input_streetAddress1'

2024-11-07 18:25:01 - [TEST_STEP][PASSED] - setText(findTestObject(orPath_AddressContact + "/input_city"), " "): Text ' ' is set on object 'Object Repository/RAD_Pages/AddressAndContactInfo_Page/input_city'

2024-11-07 18:25:02 - [MESSAGE][PASSED] - Text ' ' is set on object 'Object Repository/RAD_Pages/AddressAndContactInfo_Page/input_city'

2024-11-07 18:25:02 - [TEST_STEP][PASSED] - setText(findTestObject(orPath_AddressContact + "/input_zipCode"), " "): Text ' ' is set on object 'Object Repository/RAD_Pages/AddressAndContactInfo_Page/input_zipCode'

2024-11-07 18:25:02 - [MESSAGE][PASSED] - Text ' ' is set on object 'Object Repository/RAD_Pages/AddressAndContactInfo_Page/input_zipCode'

2024-11-07 18:25:02 - [TEST_STEP][PASSED] - setText(findTestObject(orPath_AddressContact + "/input_phoneNumber"), " "): Text ' ' is set on object 'Object Repository/RAD_Pages/AddressAndContactInfo_Page/input_phoneNumber'

2024-11-07 18:25:03 - [MESSAGE][PASSED] - Text ' ' is set on object 'Object Repository/RAD_Pages/AddressAndContactInfo_Page/input_phoneNumber'

2024-11-07 18:25:03 - [TEST_STEP][PASSED] - setText(findTestObject(orPath_AddressContact + "/input_eMailAddress"), " "): Text ' ' is set on object 'Object Repository/RAD_Pages/AddressAndContactInfo_Page/input_eMailAddress'

2024-11-07 18:25:04 - [MESSAGE][PASSED] - Text ' ' is set on object 'Object Repository/RAD_Pages/AddressAndContactInfo_Page/input_eMailAddress'

2024-11-07 18:25:04 - [TEST_STEP][PASSED] - setText(findTestObject(orPath_AddressContact + "/input_reEnterEMailAddress"), " "): Text ' ' is set on object 'Object Repository/RAD_Pages/AddressAndContactInfo_Page/input_reEnterEMailAddress'

2024-11-07 18:25:05 - [MESSAGE][PASSED] - Text ' ' is set on object 'Object Repository/RAD_Pages/AddressAndContactInfo_Page/input_reEnterEMailAddress'

2024-11-07 18:25:05 - [TEST_STEP][PASSED] - if (TaxType.equalsIgnoreCase("Estate Tax")): null

2024-11-07 18:25:05 - [TEST_STEP][PASSED] - setText(findTestObject(orPath_Amount + "/input__paymentAmount"), ""): Text '' is set on object 'Object Repository/RAD_Pages/PaymentAmount_Page/input__paymentAmount'

2024-11-07 18:25:06 - [MESSAGE][PASSED] - Text '' is set on object 'Object Repository/RAD_Pages/PaymentAmount_Page/input__paymentAmount'

2024-11-07 18:25:06 - [TEST_STEP][PASSED] - resText = "Fail": null

2024-11-07 18:25:06 - [TEST_STEP][PASSED] - pages.WriteExcel.demoKey(resText, datText, resColumn, datCloumn, fileLoc, nameSheet, row): pages.WriteExcel.demoKey is PASSED

2024-11-07 18:25:06 - [MESSAGE][PASSED] - pages.WriteExcel.demoKey is PASSED

2024-11-07 18:25:06 - [TEST_STEP][PASSED] - verifyTextPresent("Enter business name", true, CONTINUE_ON_FAILURE): Text 'Enter business name' is present on page  using regular expression

2024-11-07 18:25:06 - [MESSAGE][PASSED] - Text 'Enter business name' is present on page  using regular expression

2024-11-07 18:25:06 - [TEST_STEP][PASSED] - verifyTextPresent("Enter business rep first name", true, CONTINUE_ON_FAILURE): Text 'Enter business rep first name' is present on page  using regular expression

2024-11-07 18:25:07 - [MESSAGE][PASSED] - Text 'Enter business rep first name' is present on page  using regular expression

2024-11-07 18:25:07 - [TEST_STEP][PASSED] - verifyTextPresent("Enter business rep last name", true, CONTINUE_ON_FAILURE): Text 'Enter business rep last name' is present on page  using regular expression

2024-11-07 18:25:07 - [MESSAGE][PASSED] - Text 'Enter business rep last name' is present on page  using regular expression

2024-11-07 18:25:07 - [TEST_STEP][PASSED] - verifyTextPresent("Enter address", true, CONTINUE_ON_FAILURE): Text 'Enter address' is present on page  using regular expression

2024-11-07 18:25:08 - [MESSAGE][PASSED] - Text 'Enter address' is present on page  using regular expression

2024-11-07 18:25:08 - [TEST_STEP][PASSED] - verifyTextPresent("Enter city", true, CONTINUE_ON_FAILURE): Text 'Enter city' is present on page  using regular expression

2024-11-07 18:25:08 - [MESSAGE][PASSED] - Text 'Enter city' is present on page  using regular expression

2024-11-07 18:25:08 - [TEST_STEP][PASSED] - verifyTextPresent("Enter ZIP code", true, CONTINUE_ON_FAILURE): Text 'Enter ZIP code' is present on page  using regular expression

2024-11-07 18:25:08 - [MESSAGE][PASSED] - Text 'Enter ZIP code' is present on page  using regular expression

2024-11-07 18:25:08 - [TEST_STEP][PASSED] - verifyTextPresent("Enter a valid phone number", true, CONTINUE_ON_FAILURE): Text 'Enter a valid phone number' is present on page  using regular expression

2024-11-07 18:25:09 - [MESSAGE][PASSED] - Text 'Enter a valid phone number' is present on page  using regular expression

2024-11-07 18:25:09 - [TEST_STEP][PASSED] - verifyTextPresent("Enter Email", true, CONTINUE_ON_FAILURE): Text 'Enter Email' is present on page  using regular expression

2024-11-07 18:25:09 - [MESSAGE][PASSED] - Text 'Enter Email' is present on page  using regular expression

2024-11-07 18:25:09 - [TEST_STEP][PASSED] - if (CRN.equalsIgnoreCase("Y")): Text 'Enter valid MD Central Registration Number' is present on page  using regular expression

2024-11-07 18:25:09 - [TEST_STEP][PASSED] - setText(findTestObject(orPath_TaxInfo + "/input_MDCRegistration"), " "): Text ' ' is set on object 'Object Repository/RAD_Pages/TaxInfo_Page/input_MDCRegistration'

2024-11-07 18:25:10 - [MESSAGE][PASSED] - Text ' ' is set on object 'Object Repository/RAD_Pages/TaxInfo_Page/input_MDCRegistration'

2024-11-07 18:25:10 - [TEST_STEP][PASSED] - setText(findTestObject(orPath_Amount + "/input__paymentAmount"), ""): Text '' is set on object 'Object Repository/RAD_Pages/PaymentAmount_Page/input__paymentAmount'

2024-11-07 18:25:10 - [MESSAGE][PASSED] - Text '' is set on object 'Object Repository/RAD_Pages/PaymentAmount_Page/input__paymentAmount'

2024-11-07 18:25:10 - [TEST_STEP][PASSED] - verifyTextPresent("Enter valid MD Central Registration Number", true, CONTINUE_ON_FAILURE): Text 'Enter valid MD Central Registration Number' is present on page  using regular expression

2024-11-07 18:25:11 - [MESSAGE][PASSED] - Text 'Enter valid MD Central Registration Number' is present on page  using regular expression

2024-11-07 18:25:11 - [TEST_STEP][PASSED] - if (MFLicNum.equalsIgnoreCase("Y")): null

2024-11-07 18:25:11 - [TEST_STEP][PASSED] - resText = "Pass": null

2024-11-07 18:25:11 - [TEST_STEP][PASSED] - pages.WriteExcel.demoKey(resText, datText, resColumn, datCloumn, fileLoc, nameSheet, row): pages.WriteExcel.demoKey is PASSED

2024-11-07 18:25:11 - [MESSAGE][PASSED] - pages.WriteExcel.demoKey is PASSED

2024-11-07 18:25:11 - [TEST_STEP][PASSED] - ExecuteTC = findTestData(dataFile).getValue("Execute", row): null

2024-11-07 18:25:11 - [TEST_STEP][PASSED] - TaxType = findTestData(dataFile).getValue("TaxType", row): null

2024-11-07 18:25:11 - [TEST_STEP][PASSED] - PaymentType = findTestData(dataFile).getValue("PaymentType", row): null

2024-11-07 18:25:11 - [TEST_STEP][PASSED] - FilingYear = findTestData(dataFile).getValue("Year", row): null

2024-11-07 18:25:11 - [TEST_STEP][PASSED] - feinSSN = findTestData(dataFile).getValue("FeinSsn", row): null

2024-11-07 18:25:11 - [TEST_STEP][PASSED] - CRN = findTestData(dataFile).getValue("CRN", row): null

2024-11-07 18:25:11 - [TEST_STEP][PASSED] - MFLicNum = findTestData(dataFile).getValue("MFLicNum", row): null

2024-11-07 18:25:11 - [TEST_STEP][PASSED] - if (ExecuteTC.equalsIgnoreCase("Y")): pages.WriteExcel.demoKey is PASSED

2024-11-07 18:25:11 - [TEST_STEP][PASSED] - out.println("Begin Record Number: " + row): null

2024-11-07 18:25:11 - [TEST_STEP][PASSED] - today = new java.util.Date(): null

2024-11-07 18:25:11 - [TEST_STEP][PASSED] - println(today): null

2024-11-07 18:25:11 - [TEST_STEP][PASSED] - datText = today: null

2024-11-07 18:25:11 - [TEST_STEP][PASSED] - logInfo("Payment Type: New Tax Return Amount Due"): Payment Type: New Tax Return Amount Due

2024-11-07 18:25:11 - [MESSAGE][INFO] - Payment Type: New Tax Return Amount Due

2024-11-07 18:25:11 - [TEST_STEP][PASSED] - logInfo("Tax Type: " + TaxType): Tax Type: Tobacco Tax

2024-11-07 18:25:11 - [MESSAGE][INFO] - Tax Type: Tobacco Tax

2024-11-07 18:25:11 - [TEST_STEP][PASSED] - openBrowser(""): Browser is opened with url: ''

2024-11-07 18:25:11 - [MESSAGE][WARNING] - A browser is already opened. Closing browser and opening a new one

2024-11-07 18:25:14 - [MESSAGE][INFO] - Starting 'Chrome' driver

2024-11-07 18:25:14 - [MESSAGE][INFO] - User set preference: ['acceptInsecureCerts', 'true']

2024-11-07 18:25:14 - [MESSAGE][INFO] - Action delay is set to 0 milliseconds

2024-11-07 18:25:16 - [MESSAGE][PASSED] - Browser is opened with url: ''

2024-11-07 18:25:16 - [TEST_STEP][PASSED] - maximizeWindow(): Current window maximized

2024-11-07 18:25:16 - [MESSAGE][PASSED] - Current window maximized

2024-11-07 18:25:16 - [TEST_STEP][PASSED] - navigateToUrl(RADurl): Navigate to 'https://www.velocitypayment.com/client/rad/index.html' successfully

2024-11-07 18:25:16 - [MESSAGE][PASSED] - Navigate to 'https://www.velocitypayment.com/client/rad/index.html' successfully

2024-11-07 18:25:16 - [TEST_STEP][PASSED] - selectOptionByLabel(findTestObject(orPath_Landing + "/dd_TaxType"), "New Tax Return Amount Due", false): All options with label 'New Tax Return Amount Due' are selected in object 'Object Repository/RAD_Pages/Landing_Page/dd_TaxType' 

2024-11-07 18:25:19 - [MESSAGE][PASSED] - All options with label 'New Tax Return Amount Due' are selected in object 'Object Repository/RAD_Pages/Landing_Page/dd_TaxType' 

2024-11-07 18:25:19 - [TEST_STEP][PASSED] - selectOptionByLabel(findTestObject("Object Repository/RAD_Pages/Landing_Page/select_NewTaxReturnAmountDue_TaxType"), TaxType, false): All options with label 'Tobacco Tax' are selected in object 'Object Repository/RAD_Pages/Landing_Page/select_NewTaxReturnAmountDue_TaxType' 

2024-11-07 18:25:19 - [MESSAGE][PASSED] - All options with label 'Tobacco Tax' are selected in object 'Object Repository/RAD_Pages/Landing_Page/select_NewTaxReturnAmountDue_TaxType' 

2024-11-07 18:25:19 - [TEST_STEP][PASSED] - selectOptionByLabel(findTestObject(orPath_TaxTypeFilingYear + "/select_FilingYear"), FilingYear, false): All options with label '2023' are selected in object 'Object Repository/RAD_Pages/TaxTypeFilingYear_Page/select_FilingYear' 

2024-11-07 18:25:20 - [MESSAGE][PASSED] - All options with label '2023' are selected in object 'Object Repository/RAD_Pages/TaxTypeFilingYear_Page/select_FilingYear' 

2024-11-07 18:25:20 - [TEST_STEP][PASSED] - setText(findTestObject(orPath_TaxPayer + "/input_businessName"), " "): Text ' ' is set on object 'Object Repository/RAD_Pages/Taxpayer_Page/input_businessName'

2024-11-07 18:25:21 - [MESSAGE][PASSED] - Text ' ' is set on object 'Object Repository/RAD_Pages/Taxpayer_Page/input_businessName'

2024-11-07 18:25:21 - [TEST_STEP][PASSED] - setText(findTestObject(orPath_TaxPayer + "/input_BusinessRepfirstName"), " "): Text ' ' is set on object 'Object Repository/RAD_Pages/Taxpayer_Page/input_BusinessRepfirstName'

2024-11-07 18:25:22 - [MESSAGE][PASSED] - Text ' ' is set on object 'Object Repository/RAD_Pages/Taxpayer_Page/input_BusinessRepfirstName'

2024-11-07 18:25:22 - [TEST_STEP][PASSED] - setText(findTestObject(orPath_TaxPayer + "/input_BusinessReplastName"), " "): Text ' ' is set on object 'Object Repository/RAD_Pages/Taxpayer_Page/input_BusinessReplastName'

2024-11-07 18:25:23 - [MESSAGE][PASSED] - Text ' ' is set on object 'Object Repository/RAD_Pages/Taxpayer_Page/input_BusinessReplastName'

2024-11-07 18:25:23 - [TEST_STEP][PASSED] - setText(findTestObject(orPath_AddressContact + "/input_streetAddress1"), " "): Text ' ' is set on object 'Object Repository/RAD_Pages/AddressAndContactInfo_Page/input_streetAddress1'

2024-11-07 18:25:23 - [MESSAGE][PASSED] - Text ' ' is set on object 'Object Repository/RAD_Pages/AddressAndContactInfo_Page/input_streetAddress1'

2024-11-07 18:25:23 - [TEST_STEP][PASSED] - setText(findTestObject(orPath_AddressContact + "/input_city"), " "): Text ' ' is set on object 'Object Repository/RAD_Pages/AddressAndContactInfo_Page/input_city'

2024-11-07 18:25:24 - [MESSAGE][PASSED] - Text ' ' is set on object 'Object Repository/RAD_Pages/AddressAndContactInfo_Page/input_city'

2024-11-07 18:25:24 - [TEST_STEP][PASSED] - setText(findTestObject(orPath_AddressContact + "/input_zipCode"), " "): Text ' ' is set on object 'Object Repository/RAD_Pages/AddressAndContactInfo_Page/input_zipCode'

2024-11-07 18:25:25 - [MESSAGE][PASSED] - Text ' ' is set on object 'Object Repository/RAD_Pages/AddressAndContactInfo_Page/input_zipCode'

2024-11-07 18:25:25 - [TEST_STEP][PASSED] - setText(findTestObject(orPath_AddressContact + "/input_phoneNumber"), " "): Text ' ' is set on object 'Object Repository/RAD_Pages/AddressAndContactInfo_Page/input_phoneNumber'

2024-11-07 18:25:26 - [MESSAGE][PASSED] - Text ' ' is set on object 'Object Repository/RAD_Pages/AddressAndContactInfo_Page/input_phoneNumber'

2024-11-07 18:25:26 - [TEST_STEP][PASSED] - setText(findTestObject(orPath_AddressContact + "/input_eMailAddress"), " "): Text ' ' is set on object 'Object Repository/RAD_Pages/AddressAndContactInfo_Page/input_eMailAddress'

2024-11-07 18:25:27 - [MESSAGE][PASSED] - Text ' ' is set on object 'Object Repository/RAD_Pages/AddressAndContactInfo_Page/input_eMailAddress'

2024-11-07 18:25:27 - [TEST_STEP][PASSED] - setText(findTestObject(orPath_AddressContact + "/input_reEnterEMailAddress"), " "): Text ' ' is set on object 'Object Repository/RAD_Pages/AddressAndContactInfo_Page/input_reEnterEMailAddress'

2024-11-07 18:25:27 - [MESSAGE][PASSED] - Text ' ' is set on object 'Object Repository/RAD_Pages/AddressAndContactInfo_Page/input_reEnterEMailAddress'

2024-11-07 18:25:27 - [TEST_STEP][PASSED] - if (TaxType.equalsIgnoreCase("Estate Tax")): null

2024-11-07 18:25:27 - [TEST_STEP][PASSED] - setText(findTestObject(orPath_Amount + "/input__paymentAmount"), ""): Text '' is set on object 'Object Repository/RAD_Pages/PaymentAmount_Page/input__paymentAmount'

2024-11-07 18:25:28 - [MESSAGE][PASSED] - Text '' is set on object 'Object Repository/RAD_Pages/PaymentAmount_Page/input__paymentAmount'

2024-11-07 18:25:28 - [TEST_STEP][PASSED] - resText = "Fail": null

2024-11-07 18:25:28 - [TEST_STEP][PASSED] - pages.WriteExcel.demoKey(resText, datText, resColumn, datCloumn, fileLoc, nameSheet, row): pages.WriteExcel.demoKey is PASSED

2024-11-07 18:25:28 - [MESSAGE][PASSED] - pages.WriteExcel.demoKey is PASSED

2024-11-07 18:25:28 - [TEST_STEP][PASSED] - verifyTextPresent("Enter business name", true, CONTINUE_ON_FAILURE): Text 'Enter business name' is present on page  using regular expression

2024-11-07 18:25:29 - [MESSAGE][PASSED] - Text 'Enter business name' is present on page  using regular expression

2024-11-07 18:25:29 - [TEST_STEP][PASSED] - verifyTextPresent("Enter business rep first name", true, CONTINUE_ON_FAILURE): Text 'Enter business rep first name' is present on page  using regular expression

2024-11-07 18:25:29 - [MESSAGE][PASSED] - Text 'Enter business rep first name' is present on page  using regular expression

2024-11-07 18:25:29 - [TEST_STEP][PASSED] - verifyTextPresent("Enter business rep last name", true, CONTINUE_ON_FAILURE): Text 'Enter business rep last name' is present on page  using regular expression

2024-11-07 18:25:30 - [MESSAGE][PASSED] - Text 'Enter business rep last name' is present on page  using regular expression

2024-11-07 18:25:30 - [TEST_STEP][PASSED] - verifyTextPresent("Enter address", true, CONTINUE_ON_FAILURE): Text 'Enter address' is present on page  using regular expression

2024-11-07 18:25:30 - [MESSAGE][PASSED] - Text 'Enter address' is present on page  using regular expression

2024-11-07 18:25:30 - [TEST_STEP][PASSED] - verifyTextPresent("Enter city", true, CONTINUE_ON_FAILURE): Text 'Enter city' is present on page  using regular expression

2024-11-07 18:25:30 - [MESSAGE][PASSED] - Text 'Enter city' is present on page  using regular expression

2024-11-07 18:25:30 - [TEST_STEP][PASSED] - verifyTextPresent("Enter ZIP code", true, CONTINUE_ON_FAILURE): Text 'Enter ZIP code' is present on page  using regular expression

2024-11-07 18:25:31 - [MESSAGE][PASSED] - Text 'Enter ZIP code' is present on page  using regular expression

2024-11-07 18:25:31 - [TEST_STEP][PASSED] - verifyTextPresent("Enter a valid phone number", true, CONTINUE_ON_FAILURE): Text 'Enter a valid phone number' is present on page  using regular expression

2024-11-07 18:25:31 - [MESSAGE][PASSED] - Text 'Enter a valid phone number' is present on page  using regular expression

2024-11-07 18:25:31 - [TEST_STEP][PASSED] - verifyTextPresent("Enter Email", true, CONTINUE_ON_FAILURE): Text 'Enter Email' is present on page  using regular expression

2024-11-07 18:25:32 - [MESSAGE][PASSED] - Text 'Enter Email' is present on page  using regular expression

2024-11-07 18:25:32 - [TEST_STEP][PASSED] - if (CRN.equalsIgnoreCase("Y")): Text 'Enter valid MD Central Registration Number' is present on page  using regular expression

2024-11-07 18:25:32 - [TEST_STEP][PASSED] - setText(findTestObject(orPath_TaxInfo + "/input_MDCRegistration"), " "): Text ' ' is set on object 'Object Repository/RAD_Pages/TaxInfo_Page/input_MDCRegistration'

2024-11-07 18:25:32 - [MESSAGE][PASSED] - Text ' ' is set on object 'Object Repository/RAD_Pages/TaxInfo_Page/input_MDCRegistration'

2024-11-07 18:25:32 - [TEST_STEP][PASSED] - setText(findTestObject(orPath_Amount + "/input__paymentAmount"), ""): Text '' is set on object 'Object Repository/RAD_Pages/PaymentAmount_Page/input__paymentAmount'

2024-11-07 18:25:33 - [MESSAGE][PASSED] - Text '' is set on object 'Object Repository/RAD_Pages/PaymentAmount_Page/input__paymentAmount'

2024-11-07 18:25:33 - [TEST_STEP][PASSED] - verifyTextPresent("Enter valid MD Central Registration Number", true, CONTINUE_ON_FAILURE): Text 'Enter valid MD Central Registration Number' is present on page  using regular expression

2024-11-07 18:25:34 - [MESSAGE][PASSED] - Text 'Enter valid MD Central Registration Number' is present on page  using regular expression

2024-11-07 18:25:34 - [TEST_STEP][PASSED] - if (MFLicNum.equalsIgnoreCase("Y")): null

2024-11-07 18:25:34 - [TEST_STEP][PASSED] - resText = "Pass": null

2024-11-07 18:25:34 - [TEST_STEP][PASSED] - pages.WriteExcel.demoKey(resText, datText, resColumn, datCloumn, fileLoc, nameSheet, row): pages.WriteExcel.demoKey is PASSED

2024-11-07 18:25:34 - [MESSAGE][PASSED] - pages.WriteExcel.demoKey is PASSED

2024-11-07 18:25:34 - [TEST_STEP][PASSED] - ExecuteTC = findTestData(dataFile).getValue("Execute", row): null

2024-11-07 18:25:34 - [TEST_STEP][PASSED] - TaxType = findTestData(dataFile).getValue("TaxType", row): null

2024-11-07 18:25:34 - [TEST_STEP][PASSED] - PaymentType = findTestData(dataFile).getValue("PaymentType", row): null

2024-11-07 18:25:34 - [TEST_STEP][PASSED] - FilingYear = findTestData(dataFile).getValue("Year", row): null

2024-11-07 18:25:34 - [TEST_STEP][PASSED] - feinSSN = findTestData(dataFile).getValue("FeinSsn", row): null

2024-11-07 18:25:34 - [TEST_STEP][PASSED] - CRN = findTestData(dataFile).getValue("CRN", row): null

2024-11-07 18:25:34 - [TEST_STEP][PASSED] - MFLicNum = findTestData(dataFile).getValue("MFLicNum", row): null

2024-11-07 18:25:34 - [TEST_STEP][PASSED] - if (ExecuteTC.equalsIgnoreCase("Y")): pages.WriteExcel.demoKey is PASSED

2024-11-07 18:25:34 - [TEST_STEP][PASSED] - out.println("Begin Record Number: " + row): null

2024-11-07 18:25:34 - [TEST_STEP][PASSED] - today = new java.util.Date(): null

2024-11-07 18:25:34 - [TEST_STEP][PASSED] - println(today): null

2024-11-07 18:25:34 - [TEST_STEP][PASSED] - datText = today: null

2024-11-07 18:25:34 - [TEST_STEP][PASSED] - logInfo("Payment Type: New Tax Return Amount Due"): Payment Type: New Tax Return Amount Due

2024-11-07 18:25:34 - [MESSAGE][INFO] - Payment Type: New Tax Return Amount Due

2024-11-07 18:25:34 - [TEST_STEP][PASSED] - logInfo("Tax Type: " + TaxType): Tax Type: Transportation Network Services

2024-11-07 18:25:34 - [MESSAGE][INFO] - Tax Type: Transportation Network Services

2024-11-07 18:25:34 - [TEST_STEP][PASSED] - openBrowser(""): Browser is opened with url: ''

2024-11-07 18:25:34 - [MESSAGE][WARNING] - A browser is already opened. Closing browser and opening a new one

2024-11-07 18:25:36 - [MESSAGE][INFO] - Starting 'Chrome' driver

2024-11-07 18:25:36 - [MESSAGE][INFO] - User set preference: ['acceptInsecureCerts', 'true']

2024-11-07 18:25:36 - [MESSAGE][INFO] - Action delay is set to 0 milliseconds

2024-11-07 18:25:38 - [MESSAGE][PASSED] - Browser is opened with url: ''

2024-11-07 18:25:38 - [TEST_STEP][PASSED] - maximizeWindow(): Current window maximized

2024-11-07 18:25:38 - [MESSAGE][PASSED] - Current window maximized

2024-11-07 18:25:38 - [TEST_STEP][PASSED] - navigateToUrl(RADurl): Navigate to 'https://www.velocitypayment.com/client/rad/index.html' successfully

2024-11-07 18:25:40 - [MESSAGE][PASSED] - Navigate to 'https://www.velocitypayment.com/client/rad/index.html' successfully

2024-11-07 18:25:40 - [TEST_STEP][PASSED] - selectOptionByLabel(findTestObject(orPath_Landing + "/dd_TaxType"), "New Tax Return Amount Due", false): All options with label 'New Tax Return Amount Due' are selected in object 'Object Repository/RAD_Pages/Landing_Page/dd_TaxType' 

2024-11-07 18:25:41 - [MESSAGE][PASSED] - All options with label 'New Tax Return Amount Due' are selected in object 'Object Repository/RAD_Pages/Landing_Page/dd_TaxType' 

2024-11-07 18:25:41 - [TEST_STEP][PASSED] - selectOptionByLabel(findTestObject("Object Repository/RAD_Pages/Landing_Page/select_NewTaxReturnAmountDue_TaxType"), TaxType, false): All options with label 'Transportation Network Services' are selected in object 'Object Repository/RAD_Pages/Landing_Page/select_NewTaxReturnAmountDue_TaxType' 

2024-11-07 18:25:42 - [MESSAGE][PASSED] - All options with label 'Transportation Network Services' are selected in object 'Object Repository/RAD_Pages/Landing_Page/select_NewTaxReturnAmountDue_TaxType' 

2024-11-07 18:25:42 - [TEST_STEP][PASSED] - selectOptionByLabel(findTestObject(orPath_TaxTypeFilingYear + "/select_FilingYear"), FilingYear, false): All options with label '2024' are selected in object 'Object Repository/RAD_Pages/TaxTypeFilingYear_Page/select_FilingYear' 

2024-11-07 18:25:42 - [MESSAGE][PASSED] - All options with label '2024' are selected in object 'Object Repository/RAD_Pages/TaxTypeFilingYear_Page/select_FilingYear' 

2024-11-07 18:25:42 - [TEST_STEP][PASSED] - setText(findTestObject(orPath_TaxPayer + "/input_businessName"), " "): Text ' ' is set on object 'Object Repository/RAD_Pages/Taxpayer_Page/input_businessName'

2024-11-07 18:25:43 - [MESSAGE][PASSED] - Text ' ' is set on object 'Object Repository/RAD_Pages/Taxpayer_Page/input_businessName'

2024-11-07 18:25:43 - [TEST_STEP][PASSED] - setText(findTestObject(orPath_TaxPayer + "/input_BusinessRepfirstName"), " "): Text ' ' is set on object 'Object Repository/RAD_Pages/Taxpayer_Page/input_BusinessRepfirstName'

2024-11-07 18:25:44 - [MESSAGE][PASSED] - Text ' ' is set on object 'Object Repository/RAD_Pages/Taxpayer_Page/input_BusinessRepfirstName'

2024-11-07 18:25:44 - [TEST_STEP][PASSED] - setText(findTestObject(orPath_TaxPayer + "/input_BusinessReplastName"), " "): Text ' ' is set on object 'Object Repository/RAD_Pages/Taxpayer_Page/input_BusinessReplastName'

2024-11-07 18:25:45 - [MESSAGE][PASSED] - Text ' ' is set on object 'Object Repository/RAD_Pages/Taxpayer_Page/input_BusinessReplastName'

2024-11-07 18:25:45 - [TEST_STEP][PASSED] - setText(findTestObject(orPath_AddressContact + "/input_streetAddress1"), " "): Text ' ' is set on object 'Object Repository/RAD_Pages/AddressAndContactInfo_Page/input_streetAddress1'

2024-11-07 18:25:46 - [MESSAGE][PASSED] - Text ' ' is set on object 'Object Repository/RAD_Pages/AddressAndContactInfo_Page/input_streetAddress1'

2024-11-07 18:25:46 - [TEST_STEP][PASSED] - setText(findTestObject(orPath_AddressContact + "/input_city"), " "): Text ' ' is set on object 'Object Repository/RAD_Pages/AddressAndContactInfo_Page/input_city'

2024-11-07 18:25:46 - [MESSAGE][PASSED] - Text ' ' is set on object 'Object Repository/RAD_Pages/AddressAndContactInfo_Page/input_city'

2024-11-07 18:25:46 - [TEST_STEP][PASSED] - setText(findTestObject(orPath_AddressContact + "/input_zipCode"), " "): Text ' ' is set on object 'Object Repository/RAD_Pages/AddressAndContactInfo_Page/input_zipCode'

2024-11-07 18:25:47 - [MESSAGE][PASSED] - Text ' ' is set on object 'Object Repository/RAD_Pages/AddressAndContactInfo_Page/input_zipCode'

2024-11-07 18:25:47 - [TEST_STEP][PASSED] - setText(findTestObject(orPath_AddressContact + "/input_phoneNumber"), " "): Text ' ' is set on object 'Object Repository/RAD_Pages/AddressAndContactInfo_Page/input_phoneNumber'

2024-11-07 18:25:48 - [MESSAGE][PASSED] - Text ' ' is set on object 'Object Repository/RAD_Pages/AddressAndContactInfo_Page/input_phoneNumber'

2024-11-07 18:25:48 - [TEST_STEP][PASSED] - setText(findTestObject(orPath_AddressContact + "/input_eMailAddress"), " "): Text ' ' is set on object 'Object Repository/RAD_Pages/AddressAndContactInfo_Page/input_eMailAddress'

2024-11-07 18:25:49 - [MESSAGE][PASSED] - Text ' ' is set on object 'Object Repository/RAD_Pages/AddressAndContactInfo_Page/input_eMailAddress'

2024-11-07 18:25:49 - [TEST_STEP][PASSED] - setText(findTestObject(orPath_AddressContact + "/input_reEnterEMailAddress"), " "): Text ' ' is set on object 'Object Repository/RAD_Pages/AddressAndContactInfo_Page/input_reEnterEMailAddress'

2024-11-07 18:25:50 - [MESSAGE][PASSED] - Text ' ' is set on object 'Object Repository/RAD_Pages/AddressAndContactInfo_Page/input_reEnterEMailAddress'

2024-11-07 18:25:50 - [TEST_STEP][PASSED] - if (TaxType.equalsIgnoreCase("Estate Tax")): null

2024-11-07 18:25:50 - [TEST_STEP][PASSED] - setText(findTestObject(orPath_Amount + "/input__paymentAmount"), ""): Text '' is set on object 'Object Repository/RAD_Pages/PaymentAmount_Page/input__paymentAmount'

2024-11-07 18:25:51 - [MESSAGE][PASSED] - Text '' is set on object 'Object Repository/RAD_Pages/PaymentAmount_Page/input__paymentAmount'

2024-11-07 18:25:51 - [TEST_STEP][PASSED] - resText = "Fail": null

2024-11-07 18:25:51 - [TEST_STEP][PASSED] - pages.WriteExcel.demoKey(resText, datText, resColumn, datCloumn, fileLoc, nameSheet, row): pages.WriteExcel.demoKey is PASSED

2024-11-07 18:25:51 - [MESSAGE][PASSED] - pages.WriteExcel.demoKey is PASSED

2024-11-07 18:25:51 - [TEST_STEP][PASSED] - verifyTextPresent("Enter business name", true, CONTINUE_ON_FAILURE): Text 'Enter business name' is present on page  using regular expression

2024-11-07 18:25:52 - [MESSAGE][PASSED] - Text 'Enter business name' is present on page  using regular expression

2024-11-07 18:25:52 - [TEST_STEP][PASSED] - verifyTextPresent("Enter business rep first name", true, CONTINUE_ON_FAILURE): Text 'Enter business rep first name' is present on page  using regular expression

2024-11-07 18:25:52 - [MESSAGE][PASSED] - Text 'Enter business rep first name' is present on page  using regular expression

2024-11-07 18:25:52 - [TEST_STEP][PASSED] - verifyTextPresent("Enter business rep last name", true, CONTINUE_ON_FAILURE): Text 'Enter business rep last name' is present on page  using regular expression

2024-11-07 18:25:52 - [MESSAGE][PASSED] - Text 'Enter business rep last name' is present on page  using regular expression

2024-11-07 18:25:52 - [TEST_STEP][PASSED] - verifyTextPresent("Enter address", true, CONTINUE_ON_FAILURE): Text 'Enter address' is present on page  using regular expression

2024-11-07 18:25:53 - [MESSAGE][PASSED] - Text 'Enter address' is present on page  using regular expression

2024-11-07 18:25:53 - [TEST_STEP][PASSED] - verifyTextPresent("Enter city", true, CONTINUE_ON_FAILURE): Text 'Enter city' is present on page  using regular expression

2024-11-07 18:25:53 - [MESSAGE][PASSED] - Text 'Enter city' is present on page  using regular expression

2024-11-07 18:25:53 - [TEST_STEP][PASSED] - verifyTextPresent("Enter ZIP code", true, CONTINUE_ON_FAILURE): Text 'Enter ZIP code' is present on page  using regular expression

2024-11-07 18:25:53 - [MESSAGE][PASSED] - Text 'Enter ZIP code' is present on page  using regular expression

2024-11-07 18:25:53 - [TEST_STEP][PASSED] - verifyTextPresent("Enter a valid phone number", true, CONTINUE_ON_FAILURE): Text 'Enter a valid phone number' is present on page  using regular expression

2024-11-07 18:25:54 - [MESSAGE][PASSED] - Text 'Enter a valid phone number' is present on page  using regular expression

2024-11-07 18:25:54 - [TEST_STEP][PASSED] - verifyTextPresent("Enter Email", true, CONTINUE_ON_FAILURE): Text 'Enter Email' is present on page  using regular expression

2024-11-07 18:25:54 - [MESSAGE][PASSED] - Text 'Enter Email' is present on page  using regular expression

2024-11-07 18:25:54 - [TEST_STEP][PASSED] - if (CRN.equalsIgnoreCase("Y")): Text 'Enter valid MD Central Registration Number' is present on page  using regular expression

2024-11-07 18:25:54 - [TEST_STEP][PASSED] - setText(findTestObject(orPath_TaxInfo + "/input_MDCRegistration"), " "): Text ' ' is set on object 'Object Repository/RAD_Pages/TaxInfo_Page/input_MDCRegistration'

2024-11-07 18:25:55 - [MESSAGE][PASSED] - Text ' ' is set on object 'Object Repository/RAD_Pages/TaxInfo_Page/input_MDCRegistration'

2024-11-07 18:25:55 - [TEST_STEP][PASSED] - setText(findTestObject(orPath_Amount + "/input__paymentAmount"), ""): Text '' is set on object 'Object Repository/RAD_Pages/PaymentAmount_Page/input__paymentAmount'

2024-11-07 18:25:55 - [MESSAGE][PASSED] - Text '' is set on object 'Object Repository/RAD_Pages/PaymentAmount_Page/input__paymentAmount'

2024-11-07 18:25:55 - [TEST_STEP][PASSED] - verifyTextPresent("Enter valid MD Central Registration Number", true, CONTINUE_ON_FAILURE): Text 'Enter valid MD Central Registration Number' is present on page  using regular expression

2024-11-07 18:25:56 - [MESSAGE][PASSED] - Text 'Enter valid MD Central Registration Number' is present on page  using regular expression

2024-11-07 18:25:56 - [TEST_STEP][PASSED] - if (MFLicNum.equalsIgnoreCase("Y")): null

2024-11-07 18:25:56 - [TEST_STEP][PASSED] - resText = "Pass": null

2024-11-07 18:25:56 - [TEST_STEP][PASSED] - pages.WriteExcel.demoKey(resText, datText, resColumn, datCloumn, fileLoc, nameSheet, row): pages.WriteExcel.demoKey is PASSED

2024-11-07 18:25:56 - [MESSAGE][PASSED] - pages.WriteExcel.demoKey is PASSED

2024-11-07 18:25:56 - [TEST_STEP][PASSED] - ExecuteTC = findTestData(dataFile).getValue("Execute", row): null

2024-11-07 18:25:56 - [TEST_STEP][PASSED] - TaxType = findTestData(dataFile).getValue("TaxType", row): null

2024-11-07 18:25:56 - [TEST_STEP][PASSED] - PaymentType = findTestData(dataFile).getValue("PaymentType", row): null

2024-11-07 18:25:56 - [TEST_STEP][PASSED] - FilingYear = findTestData(dataFile).getValue("Year", row): null

2024-11-07 18:25:56 - [TEST_STEP][PASSED] - feinSSN = findTestData(dataFile).getValue("FeinSsn", row): null

2024-11-07 18:25:56 - [TEST_STEP][PASSED] - CRN = findTestData(dataFile).getValue("CRN", row): null

2024-11-07 18:25:56 - [TEST_STEP][PASSED] - MFLicNum = findTestData(dataFile).getValue("MFLicNum", row): null

2024-11-07 18:25:56 - [TEST_STEP][PASSED] - if (ExecuteTC.equalsIgnoreCase("Y")): pages.WriteExcel.demoKey is PASSED

2024-11-07 18:25:56 - [TEST_STEP][PASSED] - out.println("Begin Record Number: " + row): null

2024-11-07 18:25:56 - [TEST_STEP][PASSED] - today = new java.util.Date(): null

2024-11-07 18:25:56 - [TEST_STEP][PASSED] - println(today): null

2024-11-07 18:25:56 - [TEST_STEP][PASSED] - datText = today: null

2024-11-07 18:25:56 - [TEST_STEP][PASSED] - logInfo("Payment Type: New Tax Return Amount Due"): Payment Type: New Tax Return Amount Due

2024-11-07 18:25:56 - [MESSAGE][INFO] - Payment Type: New Tax Return Amount Due

2024-11-07 18:25:56 - [TEST_STEP][PASSED] - logInfo("Tax Type: " + TaxType): Tax Type: Unclaimed Property

2024-11-07 18:25:56 - [MESSAGE][INFO] - Tax Type: Unclaimed Property

2024-11-07 18:25:56 - [TEST_STEP][PASSED] - openBrowser(""): Browser is opened with url: ''

2024-11-07 18:25:56 - [MESSAGE][WARNING] - A browser is already opened. Closing browser and opening a new one

2024-11-07 18:25:58 - [MESSAGE][INFO] - Starting 'Chrome' driver

2024-11-07 18:25:58 - [MESSAGE][INFO] - User set preference: ['acceptInsecureCerts', 'true']

2024-11-07 18:25:58 - [MESSAGE][INFO] - Action delay is set to 0 milliseconds

2024-11-07 18:26:00 - [MESSAGE][PASSED] - Browser is opened with url: ''

2024-11-07 18:26:00 - [TEST_STEP][PASSED] - maximizeWindow(): Current window maximized

2024-11-07 18:26:00 - [MESSAGE][PASSED] - Current window maximized

2024-11-07 18:26:00 - [TEST_STEP][PASSED] - navigateToUrl(RADurl): Navigate to 'https://www.velocitypayment.com/client/rad/index.html' successfully

2024-11-07 18:26:03 - [MESSAGE][PASSED] - Navigate to 'https://www.velocitypayment.com/client/rad/index.html' successfully

2024-11-07 18:26:03 - [TEST_STEP][PASSED] - selectOptionByLabel(findTestObject(orPath_Landing + "/dd_TaxType"), "New Tax Return Amount Due", false): All options with label 'New Tax Return Amount Due' are selected in object 'Object Repository/RAD_Pages/Landing_Page/dd_TaxType' 

2024-11-07 18:26:03 - [MESSAGE][PASSED] - All options with label 'New Tax Return Amount Due' are selected in object 'Object Repository/RAD_Pages/Landing_Page/dd_TaxType' 

2024-11-07 18:26:03 - [TEST_STEP][PASSED] - selectOptionByLabel(findTestObject("Object Repository/RAD_Pages/Landing_Page/select_NewTaxReturnAmountDue_TaxType"), TaxType, false): All options with label 'Unclaimed Property' are selected in object 'Object Repository/RAD_Pages/Landing_Page/select_NewTaxReturnAmountDue_TaxType' 

2024-11-07 18:26:04 - [MESSAGE][PASSED] - All options with label 'Unclaimed Property' are selected in object 'Object Repository/RAD_Pages/Landing_Page/select_NewTaxReturnAmountDue_TaxType' 

2024-11-07 18:26:04 - [TEST_STEP][PASSED] - selectOptionByLabel(findTestObject(orPath_TaxTypeFilingYear + "/select_FilingYear"), FilingYear, false): All options with label '2023' are selected in object 'Object Repository/RAD_Pages/TaxTypeFilingYear_Page/select_FilingYear' 

2024-11-07 18:26:05 - [MESSAGE][PASSED] - All options with label '2023' are selected in object 'Object Repository/RAD_Pages/TaxTypeFilingYear_Page/select_FilingYear' 

2024-11-07 18:26:05 - [TEST_STEP][PASSED] - setText(findTestObject(orPath_TaxPayer + "/input_businessName"), " "): Text ' ' is set on object 'Object Repository/RAD_Pages/Taxpayer_Page/input_businessName'

2024-11-07 18:26:06 - [MESSAGE][PASSED] - Text ' ' is set on object 'Object Repository/RAD_Pages/Taxpayer_Page/input_businessName'

2024-11-07 18:26:06 - [TEST_STEP][PASSED] - setText(findTestObject(orPath_TaxPayer + "/input_BusinessRepfirstName"), " "): Text ' ' is set on object 'Object Repository/RAD_Pages/Taxpayer_Page/input_BusinessRepfirstName'

2024-11-07 18:26:06 - [MESSAGE][PASSED] - Text ' ' is set on object 'Object Repository/RAD_Pages/Taxpayer_Page/input_BusinessRepfirstName'

2024-11-07 18:26:06 - [TEST_STEP][PASSED] - setText(findTestObject(orPath_TaxPayer + "/input_BusinessReplastName"), " "): Text ' ' is set on object 'Object Repository/RAD_Pages/Taxpayer_Page/input_BusinessReplastName'

2024-11-07 18:26:07 - [MESSAGE][PASSED] - Text ' ' is set on object 'Object Repository/RAD_Pages/Taxpayer_Page/input_BusinessReplastName'

2024-11-07 18:26:07 - [TEST_STEP][PASSED] - setText(findTestObject(orPath_AddressContact + "/input_streetAddress1"), " "): Text ' ' is set on object 'Object Repository/RAD_Pages/AddressAndContactInfo_Page/input_streetAddress1'

2024-11-07 18:26:08 - [MESSAGE][PASSED] - Text ' ' is set on object 'Object Repository/RAD_Pages/AddressAndContactInfo_Page/input_streetAddress1'

2024-11-07 18:26:08 - [TEST_STEP][PASSED] - setText(findTestObject(orPath_AddressContact + "/input_city"), " "): Text ' ' is set on object 'Object Repository/RAD_Pages/AddressAndContactInfo_Page/input_city'

2024-11-07 18:26:09 - [MESSAGE][PASSED] - Text ' ' is set on object 'Object Repository/RAD_Pages/AddressAndContactInfo_Page/input_city'

2024-11-07 18:26:09 - [TEST_STEP][PASSED] - setText(findTestObject(orPath_AddressContact + "/input_zipCode"), " "): Text ' ' is set on object 'Object Repository/RAD_Pages/AddressAndContactInfo_Page/input_zipCode'

2024-11-07 18:26:09 - [MESSAGE][PASSED] - Text ' ' is set on object 'Object Repository/RAD_Pages/AddressAndContactInfo_Page/input_zipCode'

2024-11-07 18:26:09 - [TEST_STEP][PASSED] - setText(findTestObject(orPath_AddressContact + "/input_phoneNumber"), " "): Text ' ' is set on object 'Object Repository/RAD_Pages/AddressAndContactInfo_Page/input_phoneNumber'

2024-11-07 18:26:10 - [MESSAGE][PASSED] - Text ' ' is set on object 'Object Repository/RAD_Pages/AddressAndContactInfo_Page/input_phoneNumber'

2024-11-07 18:26:10 - [TEST_STEP][PASSED] - setText(findTestObject(orPath_AddressContact + "/input_eMailAddress"), " "): Text ' ' is set on object 'Object Repository/RAD_Pages/AddressAndContactInfo_Page/input_eMailAddress'

2024-11-07 18:26:11 - [MESSAGE][PASSED] - Text ' ' is set on object 'Object Repository/RAD_Pages/AddressAndContactInfo_Page/input_eMailAddress'

2024-11-07 18:26:11 - [TEST_STEP][PASSED] - setText(findTestObject(orPath_AddressContact + "/input_reEnterEMailAddress"), " "): Text ' ' is set on object 'Object Repository/RAD_Pages/AddressAndContactInfo_Page/input_reEnterEMailAddress'

2024-11-07 18:26:12 - [MESSAGE][PASSED] - Text ' ' is set on object 'Object Repository/RAD_Pages/AddressAndContactInfo_Page/input_reEnterEMailAddress'

2024-11-07 18:26:12 - [TEST_STEP][PASSED] - if (TaxType.equalsIgnoreCase("Estate Tax")): null

2024-11-07 18:26:12 - [TEST_STEP][PASSED] - setText(findTestObject(orPath_Amount + "/input__paymentAmount"), ""): Text '' is set on object 'Object Repository/RAD_Pages/PaymentAmount_Page/input__paymentAmount'

2024-11-07 18:26:13 - [MESSAGE][PASSED] - Text '' is set on object 'Object Repository/RAD_Pages/PaymentAmount_Page/input__paymentAmount'

2024-11-07 18:26:13 - [TEST_STEP][PASSED] - resText = "Fail": null

2024-11-07 18:26:13 - [TEST_STEP][PASSED] - pages.WriteExcel.demoKey(resText, datText, resColumn, datCloumn, fileLoc, nameSheet, row): pages.WriteExcel.demoKey is PASSED

2024-11-07 18:26:13 - [MESSAGE][PASSED] - pages.WriteExcel.demoKey is PASSED

2024-11-07 18:26:13 - [TEST_STEP][PASSED] - verifyTextPresent("Enter business name", true, CONTINUE_ON_FAILURE): Text 'Enter business name' is present on page  using regular expression

2024-11-07 18:26:13 - [MESSAGE][PASSED] - Text 'Enter business name' is present on page  using regular expression

2024-11-07 18:26:13 - [TEST_STEP][PASSED] - verifyTextPresent("Enter business rep first name", true, CONTINUE_ON_FAILURE): Text 'Enter business rep first name' is present on page  using regular expression

2024-11-07 18:26:13 - [MESSAGE][PASSED] - Text 'Enter business rep first name' is present on page  using regular expression

2024-11-07 18:26:13 - [TEST_STEP][PASSED] - verifyTextPresent("Enter business rep last name", true, CONTINUE_ON_FAILURE): Text 'Enter business rep last name' is present on page  using regular expression

2024-11-07 18:26:14 - [MESSAGE][PASSED] - Text 'Enter business rep last name' is present on page  using regular expression

2024-11-07 18:26:14 - [TEST_STEP][PASSED] - verifyTextPresent("Enter address", true, CONTINUE_ON_FAILURE): Text 'Enter address' is present on page  using regular expression

2024-11-07 18:26:14 - [MESSAGE][PASSED] - Text 'Enter address' is present on page  using regular expression

2024-11-07 18:26:14 - [TEST_STEP][PASSED] - verifyTextPresent("Enter city", true, CONTINUE_ON_FAILURE): Text 'Enter city' is present on page  using regular expression

2024-11-07 18:26:15 - [MESSAGE][PASSED] - Text 'Enter city' is present on page  using regular expression

2024-11-07 18:26:15 - [TEST_STEP][PASSED] - verifyTextPresent("Enter ZIP code", true, CONTINUE_ON_FAILURE): Text 'Enter ZIP code' is present on page  using regular expression

2024-11-07 18:26:15 - [MESSAGE][PASSED] - Text 'Enter ZIP code' is present on page  using regular expression

2024-11-07 18:26:15 - [TEST_STEP][PASSED] - verifyTextPresent("Enter a valid phone number", true, CONTINUE_ON_FAILURE): Text 'Enter a valid phone number' is present on page  using regular expression

2024-11-07 18:26:15 - [MESSAGE][PASSED] - Text 'Enter a valid phone number' is present on page  using regular expression

2024-11-07 18:26:15 - [TEST_STEP][PASSED] - verifyTextPresent("Enter Email", true, CONTINUE_ON_FAILURE): Text 'Enter Email' is present on page  using regular expression

2024-11-07 18:26:16 - [MESSAGE][PASSED] - Text 'Enter Email' is present on page  using regular expression

2024-11-07 18:26:16 - [TEST_STEP][PASSED] - if (CRN.equalsIgnoreCase("Y")): null

2024-11-07 18:26:16 - [TEST_STEP][PASSED] - if (MFLicNum.equalsIgnoreCase("Y")): null

2024-11-07 18:26:16 - [TEST_STEP][PASSED] - resText = "Pass": null

2024-11-07 18:26:16 - [TEST_STEP][PASSED] - pages.WriteExcel.demoKey(resText, datText, resColumn, datCloumn, fileLoc, nameSheet, row): pages.WriteExcel.demoKey is PASSED

2024-11-07 18:26:16 - [MESSAGE][PASSED] - pages.WriteExcel.demoKey is PASSED

2024-11-07 18:26:16 - [TEST_STEP][PASSED] - ExecuteTC = findTestData(dataFile).getValue("Execute", row): null

2024-11-07 18:26:16 - [TEST_STEP][PASSED] - TaxType = findTestData(dataFile).getValue("TaxType", row): null

2024-11-07 18:26:16 - [TEST_STEP][PASSED] - PaymentType = findTestData(dataFile).getValue("PaymentType", row): null

2024-11-07 18:26:16 - [TEST_STEP][PASSED] - FilingYear = findTestData(dataFile).getValue("Year", row): null

2024-11-07 18:26:17 - [TEST_STEP][PASSED] - feinSSN = findTestData(dataFile).getValue("FeinSsn", row): null

2024-11-07 18:26:17 - [TEST_STEP][PASSED] - CRN = findTestData(dataFile).getValue("CRN", row): null

2024-11-07 18:26:17 - [TEST_STEP][PASSED] - MFLicNum = findTestData(dataFile).getValue("MFLicNum", row): null

2024-11-07 18:26:17 - [TEST_STEP][PASSED] - if (ExecuteTC.equalsIgnoreCase("Y")): pages.WriteExcel.demoKey is PASSED

2024-11-07 18:26:17 - [TEST_STEP][PASSED] - out.println("Begin Record Number: " + row): null

2024-11-07 18:26:17 - [TEST_STEP][PASSED] - today = new java.util.Date(): null

2024-11-07 18:26:17 - [TEST_STEP][PASSED] - println(today): null

2024-11-07 18:26:17 - [TEST_STEP][PASSED] - datText = today: null

2024-11-07 18:26:17 - [TEST_STEP][PASSED] - logInfo("Payment Type: New Tax Return Amount Due"): Payment Type: New Tax Return Amount Due

2024-11-07 18:26:17 - [MESSAGE][INFO] - Payment Type: New Tax Return Amount Due

2024-11-07 18:26:17 - [TEST_STEP][PASSED] - logInfo("Tax Type: " + TaxType): Tax Type: Withholding Tax

2024-11-07 18:26:17 - [MESSAGE][INFO] - Tax Type: Withholding Tax

2024-11-07 18:26:17 - [TEST_STEP][PASSED] - openBrowser(""): Browser is opened with url: ''

2024-11-07 18:26:17 - [MESSAGE][WARNING] - A browser is already opened. Closing browser and opening a new one

2024-11-07 18:26:19 - [MESSAGE][INFO] - Starting 'Chrome' driver

2024-11-07 18:26:19 - [MESSAGE][INFO] - User set preference: ['acceptInsecureCerts', 'true']

2024-11-07 18:26:19 - [MESSAGE][INFO] - Action delay is set to 0 milliseconds

2024-11-07 18:26:21 - [MESSAGE][PASSED] - Browser is opened with url: ''

2024-11-07 18:26:21 - [TEST_STEP][PASSED] - maximizeWindow(): Current window maximized

2024-11-07 18:26:21 - [MESSAGE][PASSED] - Current window maximized

2024-11-07 18:26:21 - [TEST_STEP][PASSED] - navigateToUrl(RADurl): Navigate to 'https://www.velocitypayment.com/client/rad/index.html' successfully

2024-11-07 18:26:24 - [MESSAGE][PASSED] - Navigate to 'https://www.velocitypayment.com/client/rad/index.html' successfully

2024-11-07 18:26:24 - [TEST_STEP][PASSED] - selectOptionByLabel(findTestObject(orPath_Landing + "/dd_TaxType"), "New Tax Return Amount Due", false): All options with label 'New Tax Return Amount Due' are selected in object 'Object Repository/RAD_Pages/Landing_Page/dd_TaxType' 

2024-11-07 18:26:24 - [MESSAGE][PASSED] - All options with label 'New Tax Return Amount Due' are selected in object 'Object Repository/RAD_Pages/Landing_Page/dd_TaxType' 

2024-11-07 18:26:24 - [TEST_STEP][PASSED] - selectOptionByLabel(findTestObject("Object Repository/RAD_Pages/Landing_Page/select_NewTaxReturnAmountDue_TaxType"), TaxType, false): All options with label 'Withholding Tax' are selected in object 'Object Repository/RAD_Pages/Landing_Page/select_NewTaxReturnAmountDue_TaxType' 

2024-11-07 18:26:25 - [MESSAGE][PASSED] - All options with label 'Withholding Tax' are selected in object 'Object Repository/RAD_Pages/Landing_Page/select_NewTaxReturnAmountDue_TaxType' 

2024-11-07 18:26:25 - [TEST_STEP][PASSED] - selectOptionByLabel(findTestObject(orPath_TaxTypeFilingYear + "/select_FilingYear"), FilingYear, false): All options with label '2023' are selected in object 'Object Repository/RAD_Pages/TaxTypeFilingYear_Page/select_FilingYear' 

2024-11-07 18:26:26 - [MESSAGE][PASSED] - All options with label '2023' are selected in object 'Object Repository/RAD_Pages/TaxTypeFilingYear_Page/select_FilingYear' 

2024-11-07 18:26:26 - [TEST_STEP][PASSED] - setText(findTestObject(orPath_TaxPayer + "/input_businessName"), " "): Text ' ' is set on object 'Object Repository/RAD_Pages/Taxpayer_Page/input_businessName'

2024-11-07 18:26:27 - [MESSAGE][PASSED] - Text ' ' is set on object 'Object Repository/RAD_Pages/Taxpayer_Page/input_businessName'

2024-11-07 18:26:27 - [TEST_STEP][PASSED] - setText(findTestObject(orPath_TaxPayer + "/input_BusinessRepfirstName"), " "): Text ' ' is set on object 'Object Repository/RAD_Pages/Taxpayer_Page/input_BusinessRepfirstName'

2024-11-07 18:26:27 - [MESSAGE][PASSED] - Text ' ' is set on object 'Object Repository/RAD_Pages/Taxpayer_Page/input_BusinessRepfirstName'

2024-11-07 18:26:27 - [TEST_STEP][PASSED] - setText(findTestObject(orPath_TaxPayer + "/input_BusinessReplastName"), " "): Text ' ' is set on object 'Object Repository/RAD_Pages/Taxpayer_Page/input_BusinessReplastName'

2024-11-07 18:26:28 - [MESSAGE][PASSED] - Text ' ' is set on object 'Object Repository/RAD_Pages/Taxpayer_Page/input_BusinessReplastName'

2024-11-07 18:26:28 - [TEST_STEP][PASSED] - setText(findTestObject(orPath_AddressContact + "/input_streetAddress1"), " "): Text ' ' is set on object 'Object Repository/RAD_Pages/AddressAndContactInfo_Page/input_streetAddress1'

2024-11-07 18:26:30 - [MESSAGE][PASSED] - Text ' ' is set on object 'Object Repository/RAD_Pages/AddressAndContactInfo_Page/input_streetAddress1'

2024-11-07 18:26:30 - [TEST_STEP][PASSED] - setText(findTestObject(orPath_AddressContact + "/input_city"), " "): Text ' ' is set on object 'Object Repository/RAD_Pages/AddressAndContactInfo_Page/input_city'

2024-11-07 18:26:31 - [MESSAGE][PASSED] - Text ' ' is set on object 'Object Repository/RAD_Pages/AddressAndContactInfo_Page/input_city'

2024-11-07 18:26:31 - [TEST_STEP][PASSED] - setText(findTestObject(orPath_AddressContact + "/input_zipCode"), " "): Text ' ' is set on object 'Object Repository/RAD_Pages/AddressAndContactInfo_Page/input_zipCode'

2024-11-07 18:26:31 - [MESSAGE][PASSED] - Text ' ' is set on object 'Object Repository/RAD_Pages/AddressAndContactInfo_Page/input_zipCode'

2024-11-07 18:26:31 - [TEST_STEP][PASSED] - setText(findTestObject(orPath_AddressContact + "/input_phoneNumber"), " "): Text ' ' is set on object 'Object Repository/RAD_Pages/AddressAndContactInfo_Page/input_phoneNumber'

2024-11-07 18:26:32 - [MESSAGE][PASSED] - Text ' ' is set on object 'Object Repository/RAD_Pages/AddressAndContactInfo_Page/input_phoneNumber'

2024-11-07 18:26:32 - [TEST_STEP][PASSED] - setText(findTestObject(orPath_AddressContact + "/input_eMailAddress"), " "): Text ' ' is set on object 'Object Repository/RAD_Pages/AddressAndContactInfo_Page/input_eMailAddress'

2024-11-07 18:26:33 - [MESSAGE][PASSED] - Text ' ' is set on object 'Object Repository/RAD_Pages/AddressAndContactInfo_Page/input_eMailAddress'

2024-11-07 18:26:33 - [TEST_STEP][PASSED] - setText(findTestObject(orPath_AddressContact + "/input_reEnterEMailAddress"), " "): Text ' ' is set on object 'Object Repository/RAD_Pages/AddressAndContactInfo_Page/input_reEnterEMailAddress'

2024-11-07 18:26:34 - [MESSAGE][PASSED] - Text ' ' is set on object 'Object Repository/RAD_Pages/AddressAndContactInfo_Page/input_reEnterEMailAddress'

2024-11-07 18:26:34 - [TEST_STEP][PASSED] - if (TaxType.equalsIgnoreCase("Estate Tax")): null

2024-11-07 18:26:34 - [TEST_STEP][PASSED] - setText(findTestObject(orPath_Amount + "/input__paymentAmount"), ""): Text '' is set on object 'Object Repository/RAD_Pages/PaymentAmount_Page/input__paymentAmount'

2024-11-07 18:26:35 - [MESSAGE][PASSED] - Text '' is set on object 'Object Repository/RAD_Pages/PaymentAmount_Page/input__paymentAmount'

2024-11-07 18:26:35 - [TEST_STEP][PASSED] - resText = "Fail": null

2024-11-07 18:26:35 - [TEST_STEP][PASSED] - pages.WriteExcel.demoKey(resText, datText, resColumn, datCloumn, fileLoc, nameSheet, row): pages.WriteExcel.demoKey is PASSED

2024-11-07 18:26:35 - [MESSAGE][PASSED] - pages.WriteExcel.demoKey is PASSED

2024-11-07 18:26:35 - [TEST_STEP][PASSED] - verifyTextPresent("Enter business name", true, CONTINUE_ON_FAILURE): Text 'Enter business name' is present on page  using regular expression

2024-11-07 18:26:35 - [MESSAGE][PASSED] - Text 'Enter business name' is present on page  using regular expression

2024-11-07 18:26:35 - [TEST_STEP][PASSED] - verifyTextPresent("Enter business rep first name", true, CONTINUE_ON_FAILURE): Text 'Enter business rep first name' is present on page  using regular expression

2024-11-07 18:26:35 - [MESSAGE][PASSED] - Text 'Enter business rep first name' is present on page  using regular expression

2024-11-07 18:26:35 - [TEST_STEP][PASSED] - verifyTextPresent("Enter business rep last name", true, CONTINUE_ON_FAILURE): Text 'Enter business rep last name' is present on page  using regular expression

2024-11-07 18:26:36 - [MESSAGE][PASSED] - Text 'Enter business rep last name' is present on page  using regular expression

2024-11-07 18:26:36 - [TEST_STEP][PASSED] - verifyTextPresent("Enter address", true, CONTINUE_ON_FAILURE): Text 'Enter address' is present on page  using regular expression

2024-11-07 18:26:36 - [MESSAGE][PASSED] - Text 'Enter address' is present on page  using regular expression

2024-11-07 18:26:36 - [TEST_STEP][PASSED] - verifyTextPresent("Enter city", true, CONTINUE_ON_FAILURE): Text 'Enter city' is present on page  using regular expression

2024-11-07 18:26:36 - [MESSAGE][PASSED] - Text 'Enter city' is present on page  using regular expression

2024-11-07 18:26:36 - [TEST_STEP][PASSED] - verifyTextPresent("Enter ZIP code", true, CONTINUE_ON_FAILURE): Text 'Enter ZIP code' is present on page  using regular expression

2024-11-07 18:26:37 - [MESSAGE][PASSED] - Text 'Enter ZIP code' is present on page  using regular expression

2024-11-07 18:26:37 - [TEST_STEP][PASSED] - verifyTextPresent("Enter a valid phone number", true, CONTINUE_ON_FAILURE): Text 'Enter a valid phone number' is present on page  using regular expression

2024-11-07 18:26:37 - [MESSAGE][PASSED] - Text 'Enter a valid phone number' is present on page  using regular expression

2024-11-07 18:26:37 - [TEST_STEP][PASSED] - verifyTextPresent("Enter Email", true, CONTINUE_ON_FAILURE): Text 'Enter Email' is present on page  using regular expression

2024-11-07 18:26:38 - [MESSAGE][PASSED] - Text 'Enter Email' is present on page  using regular expression

2024-11-07 18:26:38 - [TEST_STEP][PASSED] - if (CRN.equalsIgnoreCase("Y")): Text 'Enter valid MD Central Registration Number' is present on page  using regular expression

2024-11-07 18:26:38 - [TEST_STEP][PASSED] - setText(findTestObject(orPath_TaxInfo + "/input_MDCRegistration"), " "): Text ' ' is set on object 'Object Repository/RAD_Pages/TaxInfo_Page/input_MDCRegistration'

2024-11-07 18:26:38 - [MESSAGE][PASSED] - Text ' ' is set on object 'Object Repository/RAD_Pages/TaxInfo_Page/input_MDCRegistration'

2024-11-07 18:26:38 - [TEST_STEP][PASSED] - setText(findTestObject(orPath_Amount + "/input__paymentAmount"), ""): Text '' is set on object 'Object Repository/RAD_Pages/PaymentAmount_Page/input__paymentAmount'

2024-11-07 18:26:39 - [MESSAGE][PASSED] - Text '' is set on object 'Object Repository/RAD_Pages/PaymentAmount_Page/input__paymentAmount'

2024-11-07 18:26:39 - [TEST_STEP][PASSED] - verifyTextPresent("Enter valid MD Central Registration Number", true, CONTINUE_ON_FAILURE): Text 'Enter valid MD Central Registration Number' is present on page  using regular expression

2024-11-07 18:26:39 - [MESSAGE][PASSED] - Text 'Enter valid MD Central Registration Number' is present on page  using regular expression

2024-11-07 18:26:39 - [TEST_STEP][PASSED] - if (MFLicNum.equalsIgnoreCase("Y")): null

2024-11-07 18:26:39 - [TEST_STEP][PASSED] - resText = "Pass": null

2024-11-07 18:26:39 - [TEST_STEP][PASSED] - pages.WriteExcel.demoKey(resText, datText, resColumn, datCloumn, fileLoc, nameSheet, row): pages.WriteExcel.demoKey is PASSED

2024-11-07 18:26:39 - [MESSAGE][PASSED] - pages.WriteExcel.demoKey is PASSED

2024-11-07 18:26:39 - [TEST_STEP][PASSED] - ExecuteTC = findTestData(dataFile).getValue("Execute", row): null

2024-11-07 18:26:39 - [TEST_STEP][PASSED] - TaxType = findTestData(dataFile).getValue("TaxType", row): null

2024-11-07 18:26:39 - [TEST_STEP][PASSED] - PaymentType = findTestData(dataFile).getValue("PaymentType", row): null

2024-11-07 18:26:39 - [TEST_STEP][PASSED] - FilingYear = findTestData(dataFile).getValue("Year", row): null

2024-11-07 18:26:40 - [TEST_STEP][PASSED] - feinSSN = findTestData(dataFile).getValue("FeinSsn", row): null

2024-11-07 18:26:40 - [TEST_STEP][PASSED] - CRN = findTestData(dataFile).getValue("CRN", row): null

2024-11-07 18:26:40 - [TEST_STEP][PASSED] - MFLicNum = findTestData(dataFile).getValue("MFLicNum", row): null

2024-11-07 18:26:40 - [TEST_STEP][PASSED] - if (ExecuteTC.equalsIgnoreCase("Y")): pages.WriteExcel.demoKey is PASSED

2024-11-07 18:26:40 - [TEST_STEP][PASSED] - out.println("Begin Record Number: " + row): null

2024-11-07 18:26:40 - [TEST_STEP][PASSED] - today = new java.util.Date(): null

2024-11-07 18:26:40 - [TEST_STEP][PASSED] - println(today): null

2024-11-07 18:26:40 - [TEST_STEP][PASSED] - datText = today: null

2024-11-07 18:26:40 - [TEST_STEP][PASSED] - logInfo("Payment Type: New Tax Return Amount Due"): Payment Type: New Tax Return Amount Due

2024-11-07 18:26:40 - [MESSAGE][INFO] - Payment Type: New Tax Return Amount Due

2024-11-07 18:26:40 - [TEST_STEP][PASSED] - logInfo("Tax Type: " + TaxType): Tax Type: Admissions and Amusement Tax

2024-11-07 18:26:40 - [MESSAGE][INFO] - Tax Type: Admissions and Amusement Tax

2024-11-07 18:26:40 - [TEST_STEP][PASSED] - openBrowser(""): Browser is opened with url: ''

2024-11-07 18:26:40 - [MESSAGE][WARNING] - A browser is already opened. Closing browser and opening a new one

2024-11-07 18:26:41 - [MESSAGE][INFO] - Starting 'Chrome' driver

2024-11-07 18:26:41 - [MESSAGE][INFO] - User set preference: ['acceptInsecureCerts', 'true']

2024-11-07 18:26:41 - [MESSAGE][INFO] - Action delay is set to 0 milliseconds

2024-11-07 18:26:43 - [MESSAGE][PASSED] - Browser is opened with url: ''

2024-11-07 18:26:43 - [TEST_STEP][PASSED] - maximizeWindow(): Current window maximized

2024-11-07 18:26:43 - [MESSAGE][PASSED] - Current window maximized

2024-11-07 18:26:43 - [TEST_STEP][PASSED] - navigateToUrl(RADurl): Navigate to 'https://www.velocitypayment.com/client/rad/index.html' successfully

2024-11-07 18:26:46 - [MESSAGE][PASSED] - Navigate to 'https://www.velocitypayment.com/client/rad/index.html' successfully

2024-11-07 18:26:46 - [TEST_STEP][PASSED] - selectOptionByLabel(findTestObject(orPath_Landing + "/dd_TaxType"), "New Tax Return Amount Due", false): All options with label 'New Tax Return Amount Due' are selected in object 'Object Repository/RAD_Pages/Landing_Page/dd_TaxType' 

2024-11-07 18:26:46 - [MESSAGE][PASSED] - All options with label 'New Tax Return Amount Due' are selected in object 'Object Repository/RAD_Pages/Landing_Page/dd_TaxType' 

2024-11-07 18:26:46 - [TEST_STEP][PASSED] - selectOptionByLabel(findTestObject("Object Repository/RAD_Pages/Landing_Page/select_NewTaxReturnAmountDue_TaxType"), TaxType, false): All options with label 'Admissions and Amusement Tax' are selected in object 'Object Repository/RAD_Pages/Landing_Page/select_NewTaxReturnAmountDue_TaxType' 

2024-11-07 18:26:47 - [MESSAGE][PASSED] - All options with label 'Admissions and Amusement Tax' are selected in object 'Object Repository/RAD_Pages/Landing_Page/select_NewTaxReturnAmountDue_TaxType' 

2024-11-07 18:26:47 - [TEST_STEP][PASSED] - selectOptionByLabel(findTestObject(orPath_TaxTypeFilingYear + "/select_FilingYear"), FilingYear, false): All options with label '2022' are selected in object 'Object Repository/RAD_Pages/TaxTypeFilingYear_Page/select_FilingYear' 

2024-11-07 18:26:48 - [MESSAGE][PASSED] - All options with label '2022' are selected in object 'Object Repository/RAD_Pages/TaxTypeFilingYear_Page/select_FilingYear' 

2024-11-07 18:26:48 - [TEST_STEP][PASSED] - setText(findTestObject(orPath_TaxPayer + "/input_businessName"), " "): Text ' ' is set on object 'Object Repository/RAD_Pages/Taxpayer_Page/input_businessName'

2024-11-07 18:26:49 - [MESSAGE][PASSED] - Text ' ' is set on object 'Object Repository/RAD_Pages/Taxpayer_Page/input_businessName'

2024-11-07 18:26:49 - [TEST_STEP][PASSED] - setText(findTestObject(orPath_TaxPayer + "/input_BusinessRepfirstName"), " "): Text ' ' is set on object 'Object Repository/RAD_Pages/Taxpayer_Page/input_BusinessRepfirstName'

2024-11-07 18:26:49 - [MESSAGE][PASSED] - Text ' ' is set on object 'Object Repository/RAD_Pages/Taxpayer_Page/input_BusinessRepfirstName'

2024-11-07 18:26:49 - [TEST_STEP][PASSED] - setText(findTestObject(orPath_TaxPayer + "/input_BusinessReplastName"), " "): Text ' ' is set on object 'Object Repository/RAD_Pages/Taxpayer_Page/input_BusinessReplastName'

2024-11-07 18:26:50 - [MESSAGE][PASSED] - Text ' ' is set on object 'Object Repository/RAD_Pages/Taxpayer_Page/input_BusinessReplastName'

2024-11-07 18:26:50 - [TEST_STEP][PASSED] - setText(findTestObject(orPath_AddressContact + "/input_streetAddress1"), " "): Text ' ' is set on object 'Object Repository/RAD_Pages/AddressAndContactInfo_Page/input_streetAddress1'

2024-11-07 18:26:51 - [MESSAGE][PASSED] - Text ' ' is set on object 'Object Repository/RAD_Pages/AddressAndContactInfo_Page/input_streetAddress1'

2024-11-07 18:26:51 - [TEST_STEP][PASSED] - setText(findTestObject(orPath_AddressContact + "/input_city"), " "): Text ' ' is set on object 'Object Repository/RAD_Pages/AddressAndContactInfo_Page/input_city'

2024-11-07 18:26:52 - [MESSAGE][PASSED] - Text ' ' is set on object 'Object Repository/RAD_Pages/AddressAndContactInfo_Page/input_city'

2024-11-07 18:26:52 - [TEST_STEP][PASSED] - setText(findTestObject(orPath_AddressContact + "/input_zipCode"), " "): Text ' ' is set on object 'Object Repository/RAD_Pages/AddressAndContactInfo_Page/input_zipCode'

2024-11-07 18:26:53 - [MESSAGE][PASSED] - Text ' ' is set on object 'Object Repository/RAD_Pages/AddressAndContactInfo_Page/input_zipCode'

2024-11-07 18:26:53 - [TEST_STEP][PASSED] - setText(findTestObject(orPath_AddressContact + "/input_phoneNumber"), " "): Text ' ' is set on object 'Object Repository/RAD_Pages/AddressAndContactInfo_Page/input_phoneNumber'

2024-11-07 18:26:53 - [MESSAGE][PASSED] - Text ' ' is set on object 'Object Repository/RAD_Pages/AddressAndContactInfo_Page/input_phoneNumber'

2024-11-07 18:26:53 - [TEST_STEP][PASSED] - setText(findTestObject(orPath_AddressContact + "/input_eMailAddress"), " "): Text ' ' is set on object 'Object Repository/RAD_Pages/AddressAndContactInfo_Page/input_eMailAddress'

2024-11-07 18:26:54 - [MESSAGE][PASSED] - Text ' ' is set on object 'Object Repository/RAD_Pages/AddressAndContactInfo_Page/input_eMailAddress'

2024-11-07 18:26:54 - [TEST_STEP][PASSED] - setText(findTestObject(orPath_AddressContact + "/input_reEnterEMailAddress"), " "): Text ' ' is set on object 'Object Repository/RAD_Pages/AddressAndContactInfo_Page/input_reEnterEMailAddress'

2024-11-07 18:26:55 - [MESSAGE][PASSED] - Text ' ' is set on object 'Object Repository/RAD_Pages/AddressAndContactInfo_Page/input_reEnterEMailAddress'

2024-11-07 18:26:55 - [TEST_STEP][PASSED] - if (TaxType.equalsIgnoreCase("Estate Tax")): null

2024-11-07 18:26:55 - [TEST_STEP][PASSED] - setText(findTestObject(orPath_Amount + "/input__paymentAmount"), ""): Text '' is set on object 'Object Repository/RAD_Pages/PaymentAmount_Page/input__paymentAmount'

2024-11-07 18:26:56 - [MESSAGE][PASSED] - Text '' is set on object 'Object Repository/RAD_Pages/PaymentAmount_Page/input__paymentAmount'

2024-11-07 18:26:56 - [TEST_STEP][PASSED] - resText = "Fail": null

2024-11-07 18:26:56 - [TEST_STEP][PASSED] - pages.WriteExcel.demoKey(resText, datText, resColumn, datCloumn, fileLoc, nameSheet, row): pages.WriteExcel.demoKey is PASSED

2024-11-07 18:26:56 - [MESSAGE][PASSED] - pages.WriteExcel.demoKey is PASSED

2024-11-07 18:26:56 - [TEST_STEP][PASSED] - verifyTextPresent("Enter business name", true, CONTINUE_ON_FAILURE): Text 'Enter business name' is present on page  using regular expression

2024-11-07 18:26:56 - [MESSAGE][PASSED] - Text 'Enter business name' is present on page  using regular expression

2024-11-07 18:26:56 - [TEST_STEP][PASSED] - verifyTextPresent("Enter business rep first name", true, CONTINUE_ON_FAILURE): Text 'Enter business rep first name' is present on page  using regular expression

2024-11-07 18:26:57 - [MESSAGE][PASSED] - Text 'Enter business rep first name' is present on page  using regular expression

2024-11-07 18:26:57 - [TEST_STEP][PASSED] - verifyTextPresent("Enter business rep last name", true, CONTINUE_ON_FAILURE): Text 'Enter business rep last name' is present on page  using regular expression

2024-11-07 18:26:57 - [MESSAGE][PASSED] - Text 'Enter business rep last name' is present on page  using regular expression

2024-11-07 18:26:57 - [TEST_STEP][PASSED] - verifyTextPresent("Enter address", true, CONTINUE_ON_FAILURE): Text 'Enter address' is present on page  using regular expression

2024-11-07 18:26:57 - [MESSAGE][PASSED] - Text 'Enter address' is present on page  using regular expression

2024-11-07 18:26:57 - [TEST_STEP][PASSED] - verifyTextPresent("Enter city", true, CONTINUE_ON_FAILURE): Text 'Enter city' is present on page  using regular expression

2024-11-07 18:26:58 - [MESSAGE][PASSED] - Text 'Enter city' is present on page  using regular expression

2024-11-07 18:26:58 - [TEST_STEP][PASSED] - verifyTextPresent("Enter ZIP code", true, CONTINUE_ON_FAILURE): Text 'Enter ZIP code' is present on page  using regular expression

2024-11-07 18:26:58 - [MESSAGE][PASSED] - Text 'Enter ZIP code' is present on page  using regular expression

2024-11-07 18:26:58 - [TEST_STEP][PASSED] - verifyTextPresent("Enter a valid phone number", true, CONTINUE_ON_FAILURE): Text 'Enter a valid phone number' is present on page  using regular expression

2024-11-07 18:26:58 - [MESSAGE][PASSED] - Text 'Enter a valid phone number' is present on page  using regular expression

2024-11-07 18:26:58 - [TEST_STEP][PASSED] - verifyTextPresent("Enter Email", true, CONTINUE_ON_FAILURE): Text 'Enter Email' is present on page  using regular expression

2024-11-07 18:26:59 - [MESSAGE][PASSED] - Text 'Enter Email' is present on page  using regular expression

2024-11-07 18:26:59 - [TEST_STEP][PASSED] - if (CRN.equalsIgnoreCase("Y")): Text 'Enter valid MD Central Registration Number' is present on page  using regular expression

2024-11-07 18:26:59 - [TEST_STEP][PASSED] - setText(findTestObject(orPath_TaxInfo + "/input_MDCRegistration"), " "): Text ' ' is set on object 'Object Repository/RAD_Pages/TaxInfo_Page/input_MDCRegistration'

2024-11-07 18:26:59 - [MESSAGE][PASSED] - Text ' ' is set on object 'Object Repository/RAD_Pages/TaxInfo_Page/input_MDCRegistration'

2024-11-07 18:26:59 - [TEST_STEP][PASSED] - setText(findTestObject(orPath_Amount + "/input__paymentAmount"), ""): Text '' is set on object 'Object Repository/RAD_Pages/PaymentAmount_Page/input__paymentAmount'

2024-11-07 18:27:00 - [MESSAGE][PASSED] - Text '' is set on object 'Object Repository/RAD_Pages/PaymentAmount_Page/input__paymentAmount'

2024-11-07 18:27:00 - [TEST_STEP][PASSED] - verifyTextPresent("Enter valid MD Central Registration Number", true, CONTINUE_ON_FAILURE): Text 'Enter valid MD Central Registration Number' is present on page  using regular expression

2024-11-07 18:27:00 - [MESSAGE][PASSED] - Text 'Enter valid MD Central Registration Number' is present on page  using regular expression

2024-11-07 18:27:00 - [TEST_STEP][PASSED] - if (MFLicNum.equalsIgnoreCase("Y")): null

2024-11-07 18:27:00 - [TEST_STEP][PASSED] - resText = "Pass": null

2024-11-07 18:27:00 - [TEST_STEP][PASSED] - pages.WriteExcel.demoKey(resText, datText, resColumn, datCloumn, fileLoc, nameSheet, row): pages.WriteExcel.demoKey is PASSED

2024-11-07 18:27:00 - [MESSAGE][PASSED] - pages.WriteExcel.demoKey is PASSED

2024-11-07 18:27:00 - [TEST_STEP][PASSED] - ExecuteTC = findTestData(dataFile).getValue("Execute", row): null

2024-11-07 18:27:00 - [TEST_STEP][PASSED] - TaxType = findTestData(dataFile).getValue("TaxType", row): null

2024-11-07 18:27:01 - [TEST_STEP][PASSED] - PaymentType = findTestData(dataFile).getValue("PaymentType", row): null

2024-11-07 18:27:01 - [TEST_STEP][PASSED] - FilingYear = findTestData(dataFile).getValue("Year", row): null

2024-11-07 18:27:01 - [TEST_STEP][PASSED] - feinSSN = findTestData(dataFile).getValue("FeinSsn", row): null

2024-11-07 18:27:01 - [TEST_STEP][PASSED] - CRN = findTestData(dataFile).getValue("CRN", row): null

2024-11-07 18:27:01 - [TEST_STEP][PASSED] - MFLicNum = findTestData(dataFile).getValue("MFLicNum", row): null

2024-11-07 18:27:01 - [TEST_STEP][PASSED] - if (ExecuteTC.equalsIgnoreCase("Y")): pages.WriteExcel.demoKey is PASSED

2024-11-07 18:27:01 - [TEST_STEP][PASSED] - out.println("Begin Record Number: " + row): null

2024-11-07 18:27:01 - [TEST_STEP][PASSED] - today = new java.util.Date(): null

2024-11-07 18:27:01 - [TEST_STEP][PASSED] - println(today): null

2024-11-07 18:27:01 - [TEST_STEP][PASSED] - datText = today: null

2024-11-07 18:27:01 - [TEST_STEP][PASSED] - logInfo("Payment Type: New Tax Return Amount Due"): Payment Type: New Tax Return Amount Due

2024-11-07 18:27:01 - [MESSAGE][INFO] - Payment Type: New Tax Return Amount Due

2024-11-07 18:27:01 - [TEST_STEP][PASSED] - logInfo("Tax Type: " + TaxType): Tax Type: Alcohol Tax

2024-11-07 18:27:01 - [MESSAGE][INFO] - Tax Type: Alcohol Tax

2024-11-07 18:27:01 - [TEST_STEP][PASSED] - openBrowser(""): Browser is opened with url: ''

2024-11-07 18:27:01 - [MESSAGE][WARNING] - A browser is already opened. Closing browser and opening a new one

2024-11-07 18:27:03 - [MESSAGE][INFO] - Starting 'Chrome' driver

2024-11-07 18:27:03 - [MESSAGE][INFO] - User set preference: ['acceptInsecureCerts', 'true']

2024-11-07 18:27:03 - [MESSAGE][INFO] - Action delay is set to 0 milliseconds

2024-11-07 18:27:05 - [MESSAGE][PASSED] - Browser is opened with url: ''

2024-11-07 18:27:05 - [TEST_STEP][PASSED] - maximizeWindow(): Current window maximized

2024-11-07 18:27:05 - [MESSAGE][PASSED] - Current window maximized

2024-11-07 18:27:05 - [TEST_STEP][PASSED] - navigateToUrl(RADurl): Navigate to 'https://www.velocitypayment.com/client/rad/index.html' successfully

2024-11-07 18:27:05 - [MESSAGE][PASSED] - Navigate to 'https://www.velocitypayment.com/client/rad/index.html' successfully

2024-11-07 18:27:05 - [TEST_STEP][PASSED] - selectOptionByLabel(findTestObject(orPath_Landing + "/dd_TaxType"), "New Tax Return Amount Due", false): All options with label 'New Tax Return Amount Due' are selected in object 'Object Repository/RAD_Pages/Landing_Page/dd_TaxType' 

2024-11-07 18:27:08 - [MESSAGE][PASSED] - All options with label 'New Tax Return Amount Due' are selected in object 'Object Repository/RAD_Pages/Landing_Page/dd_TaxType' 

2024-11-07 18:27:08 - [TEST_STEP][PASSED] - selectOptionByLabel(findTestObject("Object Repository/RAD_Pages/Landing_Page/select_NewTaxReturnAmountDue_TaxType"), TaxType, false): All options with label 'Alcohol Tax' are selected in object 'Object Repository/RAD_Pages/Landing_Page/select_NewTaxReturnAmountDue_TaxType' 

2024-11-07 18:27:09 - [MESSAGE][PASSED] - All options with label 'Alcohol Tax' are selected in object 'Object Repository/RAD_Pages/Landing_Page/select_NewTaxReturnAmountDue_TaxType' 

2024-11-07 18:27:09 - [TEST_STEP][PASSED] - selectOptionByLabel(findTestObject(orPath_TaxTypeFilingYear + "/select_FilingYear"), FilingYear, false): All options with label '2022' are selected in object 'Object Repository/RAD_Pages/TaxTypeFilingYear_Page/select_FilingYear' 

2024-11-07 18:27:10 - [MESSAGE][PASSED] - All options with label '2022' are selected in object 'Object Repository/RAD_Pages/TaxTypeFilingYear_Page/select_FilingYear' 

2024-11-07 18:27:10 - [TEST_STEP][PASSED] - setText(findTestObject(orPath_TaxPayer + "/input_businessName"), " "): Text ' ' is set on object 'Object Repository/RAD_Pages/Taxpayer_Page/input_businessName'

2024-11-07 18:27:11 - [MESSAGE][PASSED] - Text ' ' is set on object 'Object Repository/RAD_Pages/Taxpayer_Page/input_businessName'

2024-11-07 18:27:11 - [TEST_STEP][PASSED] - setText(findTestObject(orPath_TaxPayer + "/input_BusinessRepfirstName"), " "): Text ' ' is set on object 'Object Repository/RAD_Pages/Taxpayer_Page/input_BusinessRepfirstName'

2024-11-07 18:27:11 - [MESSAGE][PASSED] - Text ' ' is set on object 'Object Repository/RAD_Pages/Taxpayer_Page/input_BusinessRepfirstName'

2024-11-07 18:27:11 - [TEST_STEP][PASSED] - setText(findTestObject(orPath_TaxPayer + "/input_BusinessReplastName"), " "): Text ' ' is set on object 'Object Repository/RAD_Pages/Taxpayer_Page/input_BusinessReplastName'

2024-11-07 18:27:12 - [MESSAGE][PASSED] - Text ' ' is set on object 'Object Repository/RAD_Pages/Taxpayer_Page/input_BusinessReplastName'

2024-11-07 18:27:12 - [TEST_STEP][PASSED] - setText(findTestObject(orPath_AddressContact + "/input_streetAddress1"), " "): Text ' ' is set on object 'Object Repository/RAD_Pages/AddressAndContactInfo_Page/input_streetAddress1'

2024-11-07 18:27:13 - [MESSAGE][PASSED] - Text ' ' is set on object 'Object Repository/RAD_Pages/AddressAndContactInfo_Page/input_streetAddress1'

2024-11-07 18:27:13 - [TEST_STEP][PASSED] - setText(findTestObject(orPath_AddressContact + "/input_city"), " "): Text ' ' is set on object 'Object Repository/RAD_Pages/AddressAndContactInfo_Page/input_city'

2024-11-07 18:27:13 - [MESSAGE][PASSED] - Text ' ' is set on object 'Object Repository/RAD_Pages/AddressAndContactInfo_Page/input_city'

2024-11-07 18:27:13 - [TEST_STEP][PASSED] - setText(findTestObject(orPath_AddressContact + "/input_zipCode"), " "): Text ' ' is set on object 'Object Repository/RAD_Pages/AddressAndContactInfo_Page/input_zipCode'

2024-11-07 18:27:14 - [MESSAGE][PASSED] - Text ' ' is set on object 'Object Repository/RAD_Pages/AddressAndContactInfo_Page/input_zipCode'

2024-11-07 18:27:14 - [TEST_STEP][PASSED] - setText(findTestObject(orPath_AddressContact + "/input_phoneNumber"), " "): Text ' ' is set on object 'Object Repository/RAD_Pages/AddressAndContactInfo_Page/input_phoneNumber'

2024-11-07 18:27:15 - [MESSAGE][PASSED] - Text ' ' is set on object 'Object Repository/RAD_Pages/AddressAndContactInfo_Page/input_phoneNumber'

2024-11-07 18:27:15 - [TEST_STEP][PASSED] - setText(findTestObject(orPath_AddressContact + "/input_eMailAddress"), " "): Text ' ' is set on object 'Object Repository/RAD_Pages/AddressAndContactInfo_Page/input_eMailAddress'

2024-11-07 18:27:16 - [MESSAGE][PASSED] - Text ' ' is set on object 'Object Repository/RAD_Pages/AddressAndContactInfo_Page/input_eMailAddress'

2024-11-07 18:27:16 - [TEST_STEP][PASSED] - setText(findTestObject(orPath_AddressContact + "/input_reEnterEMailAddress"), " "): Text ' ' is set on object 'Object Repository/RAD_Pages/AddressAndContactInfo_Page/input_reEnterEMailAddress'

2024-11-07 18:27:16 - [MESSAGE][PASSED] - Text ' ' is set on object 'Object Repository/RAD_Pages/AddressAndContactInfo_Page/input_reEnterEMailAddress'

2024-11-07 18:27:16 - [TEST_STEP][PASSED] - if (TaxType.equalsIgnoreCase("Estate Tax")): null

2024-11-07 18:27:16 - [TEST_STEP][PASSED] - setText(findTestObject(orPath_Amount + "/input__paymentAmount"), ""): Text '' is set on object 'Object Repository/RAD_Pages/PaymentAmount_Page/input__paymentAmount'

2024-11-07 18:27:18 - [MESSAGE][PASSED] - Text '' is set on object 'Object Repository/RAD_Pages/PaymentAmount_Page/input__paymentAmount'

2024-11-07 18:27:18 - [TEST_STEP][PASSED] - resText = "Fail": null

2024-11-07 18:27:18 - [TEST_STEP][PASSED] - pages.WriteExcel.demoKey(resText, datText, resColumn, datCloumn, fileLoc, nameSheet, row): pages.WriteExcel.demoKey is PASSED

2024-11-07 18:27:18 - [MESSAGE][PASSED] - pages.WriteExcel.demoKey is PASSED

2024-11-07 18:27:18 - [TEST_STEP][PASSED] - verifyTextPresent("Enter business name", true, CONTINUE_ON_FAILURE): Text 'Enter business name' is present on page  using regular expression

2024-11-07 18:27:18 - [MESSAGE][PASSED] - Text 'Enter business name' is present on page  using regular expression

2024-11-07 18:27:18 - [TEST_STEP][PASSED] - verifyTextPresent("Enter business rep first name", true, CONTINUE_ON_FAILURE): Text 'Enter business rep first name' is present on page  using regular expression

2024-11-07 18:27:19 - [MESSAGE][PASSED] - Text 'Enter business rep first name' is present on page  using regular expression

2024-11-07 18:27:19 - [TEST_STEP][PASSED] - verifyTextPresent("Enter business rep last name", true, CONTINUE_ON_FAILURE): Text 'Enter business rep last name' is present on page  using regular expression

2024-11-07 18:27:19 - [MESSAGE][PASSED] - Text 'Enter business rep last name' is present on page  using regular expression

2024-11-07 18:27:19 - [TEST_STEP][PASSED] - verifyTextPresent("Enter address", true, CONTINUE_ON_FAILURE): Text 'Enter address' is present on page  using regular expression

2024-11-07 18:27:20 - [MESSAGE][PASSED] - Text 'Enter address' is present on page  using regular expression

2024-11-07 18:27:20 - [TEST_STEP][PASSED] - verifyTextPresent("Enter city", true, CONTINUE_ON_FAILURE): Text 'Enter city' is present on page  using regular expression

2024-11-07 18:27:20 - [MESSAGE][PASSED] - Text 'Enter city' is present on page  using regular expression

2024-11-07 18:27:20 - [TEST_STEP][PASSED] - verifyTextPresent("Enter ZIP code", true, CONTINUE_ON_FAILURE): Text 'Enter ZIP code' is present on page  using regular expression

2024-11-07 18:27:20 - [MESSAGE][PASSED] - Text 'Enter ZIP code' is present on page  using regular expression

2024-11-07 18:27:20 - [TEST_STEP][PASSED] - verifyTextPresent("Enter a valid phone number", true, CONTINUE_ON_FAILURE): Text 'Enter a valid phone number' is present on page  using regular expression

2024-11-07 18:27:21 - [MESSAGE][PASSED] - Text 'Enter a valid phone number' is present on page  using regular expression

2024-11-07 18:27:21 - [TEST_STEP][PASSED] - verifyTextPresent("Enter Email", true, CONTINUE_ON_FAILURE): Text 'Enter Email' is present on page  using regular expression

2024-11-07 18:27:21 - [MESSAGE][PASSED] - Text 'Enter Email' is present on page  using regular expression

2024-11-07 18:27:21 - [TEST_STEP][PASSED] - if (CRN.equalsIgnoreCase("Y")): Text 'Enter valid MD Central Registration Number' is present on page  using regular expression

2024-11-07 18:27:21 - [TEST_STEP][PASSED] - setText(findTestObject(orPath_TaxInfo + "/input_MDCRegistration"), " "): Text ' ' is set on object 'Object Repository/RAD_Pages/TaxInfo_Page/input_MDCRegistration'

2024-11-07 18:27:22 - [MESSAGE][PASSED] - Text ' ' is set on object 'Object Repository/RAD_Pages/TaxInfo_Page/input_MDCRegistration'

2024-11-07 18:27:22 - [TEST_STEP][PASSED] - setText(findTestObject(orPath_Amount + "/input__paymentAmount"), ""): Text '' is set on object 'Object Repository/RAD_Pages/PaymentAmount_Page/input__paymentAmount'

2024-11-07 18:27:23 - [MESSAGE][PASSED] - Text '' is set on object 'Object Repository/RAD_Pages/PaymentAmount_Page/input__paymentAmount'

2024-11-07 18:27:23 - [TEST_STEP][PASSED] - verifyTextPresent("Enter valid MD Central Registration Number", true, CONTINUE_ON_FAILURE): Text 'Enter valid MD Central Registration Number' is present on page  using regular expression

2024-11-07 18:27:23 - [MESSAGE][PASSED] - Text 'Enter valid MD Central Registration Number' is present on page  using regular expression

2024-11-07 18:27:23 - [TEST_STEP][PASSED] - if (MFLicNum.equalsIgnoreCase("Y")): null

2024-11-07 18:27:23 - [TEST_STEP][PASSED] - resText = "Pass": null

2024-11-07 18:27:23 - [TEST_STEP][PASSED] - pages.WriteExcel.demoKey(resText, datText, resColumn, datCloumn, fileLoc, nameSheet, row): pages.WriteExcel.demoKey is PASSED

2024-11-07 18:27:23 - [MESSAGE][PASSED] - pages.WriteExcel.demoKey is PASSED

2024-11-07 18:27:23 - [TEST_STEP][PASSED] - ExecuteTC = findTestData(dataFile).getValue("Execute", row): null

2024-11-07 18:27:23 - [TEST_STEP][PASSED] - TaxType = findTestData(dataFile).getValue("TaxType", row): null

2024-11-07 18:27:23 - [TEST_STEP][PASSED] - PaymentType = findTestData(dataFile).getValue("PaymentType", row): null

2024-11-07 18:27:23 - [TEST_STEP][PASSED] - FilingYear = findTestData(dataFile).getValue("Year", row): null

2024-11-07 18:27:23 - [TEST_STEP][PASSED] - feinSSN = findTestData(dataFile).getValue("FeinSsn", row): null

2024-11-07 18:27:23 - [TEST_STEP][PASSED] - CRN = findTestData(dataFile).getValue("CRN", row): null

2024-11-07 18:27:23 - [TEST_STEP][PASSED] - MFLicNum = findTestData(dataFile).getValue("MFLicNum", row): null

2024-11-07 18:27:23 - [TEST_STEP][PASSED] - if (ExecuteTC.equalsIgnoreCase("Y")): pages.WriteExcel.demoKey is PASSED

2024-11-07 18:27:23 - [TEST_STEP][PASSED] - out.println("Begin Record Number: " + row): null

2024-11-07 18:27:23 - [TEST_STEP][PASSED] - today = new java.util.Date(): null

2024-11-07 18:27:23 - [TEST_STEP][PASSED] - println(today): null

2024-11-07 18:27:23 - [TEST_STEP][PASSED] - datText = today: null

2024-11-07 18:27:23 - [TEST_STEP][PASSED] - logInfo("Payment Type: New Tax Return Amount Due"): Payment Type: New Tax Return Amount Due

2024-11-07 18:27:23 - [MESSAGE][INFO] - Payment Type: New Tax Return Amount Due

2024-11-07 18:27:23 - [TEST_STEP][PASSED] - logInfo("Tax Type: " + TaxType): Tax Type: Bay Restoration Fee

2024-11-07 18:27:23 - [MESSAGE][INFO] - Tax Type: Bay Restoration Fee

2024-11-07 18:27:23 - [TEST_STEP][PASSED] - openBrowser(""): Browser is opened with url: ''

2024-11-07 18:27:23 - [MESSAGE][WARNING] - A browser is already opened. Closing browser and opening a new one

2024-11-07 18:27:25 - [MESSAGE][INFO] - Starting 'Chrome' driver

2024-11-07 18:27:25 - [MESSAGE][INFO] - User set preference: ['acceptInsecureCerts', 'true']

2024-11-07 18:27:25 - [MESSAGE][INFO] - Action delay is set to 0 milliseconds

2024-11-07 18:27:27 - [MESSAGE][PASSED] - Browser is opened with url: ''

2024-11-07 18:27:27 - [TEST_STEP][PASSED] - maximizeWindow(): Current window maximized

2024-11-07 18:27:27 - [MESSAGE][PASSED] - Current window maximized

2024-11-07 18:27:27 - [TEST_STEP][PASSED] - navigateToUrl(RADurl): Navigate to 'https://www.velocitypayment.com/client/rad/index.html' successfully

2024-11-07 18:27:30 - [MESSAGE][PASSED] - Navigate to 'https://www.velocitypayment.com/client/rad/index.html' successfully

2024-11-07 18:27:30 - [TEST_STEP][PASSED] - selectOptionByLabel(findTestObject(orPath_Landing + "/dd_TaxType"), "New Tax Return Amount Due", false): All options with label 'New Tax Return Amount Due' are selected in object 'Object Repository/RAD_Pages/Landing_Page/dd_TaxType' 

2024-11-07 18:27:30 - [MESSAGE][PASSED] - All options with label 'New Tax Return Amount Due' are selected in object 'Object Repository/RAD_Pages/Landing_Page/dd_TaxType' 

2024-11-07 18:27:30 - [TEST_STEP][PASSED] - selectOptionByLabel(findTestObject("Object Repository/RAD_Pages/Landing_Page/select_NewTaxReturnAmountDue_TaxType"), TaxType, false): All options with label 'Bay Restoration Fee' are selected in object 'Object Repository/RAD_Pages/Landing_Page/select_NewTaxReturnAmountDue_TaxType' 

2024-11-07 18:27:31 - [MESSAGE][PASSED] - All options with label 'Bay Restoration Fee' are selected in object 'Object Repository/RAD_Pages/Landing_Page/select_NewTaxReturnAmountDue_TaxType' 

2024-11-07 18:27:31 - [TEST_STEP][PASSED] - selectOptionByLabel(findTestObject(orPath_TaxTypeFilingYear + "/select_FilingYear"), FilingYear, false): All options with label '2022' are selected in object 'Object Repository/RAD_Pages/TaxTypeFilingYear_Page/select_FilingYear' 

2024-11-07 18:27:32 - [MESSAGE][PASSED] - All options with label '2022' are selected in object 'Object Repository/RAD_Pages/TaxTypeFilingYear_Page/select_FilingYear' 

2024-11-07 18:27:32 - [TEST_STEP][PASSED] - setText(findTestObject(orPath_TaxPayer + "/input_businessName"), " "): Text ' ' is set on object 'Object Repository/RAD_Pages/Taxpayer_Page/input_businessName'

2024-11-07 18:27:33 - [MESSAGE][PASSED] - Text ' ' is set on object 'Object Repository/RAD_Pages/Taxpayer_Page/input_businessName'

2024-11-07 18:27:33 - [TEST_STEP][PASSED] - setText(findTestObject(orPath_TaxPayer + "/input_BusinessRepfirstName"), " "): Text ' ' is set on object 'Object Repository/RAD_Pages/Taxpayer_Page/input_BusinessRepfirstName'

2024-11-07 18:27:33 - [MESSAGE][PASSED] - Text ' ' is set on object 'Object Repository/RAD_Pages/Taxpayer_Page/input_BusinessRepfirstName'

2024-11-07 18:27:33 - [TEST_STEP][PASSED] - setText(findTestObject(orPath_TaxPayer + "/input_BusinessReplastName"), " "): Text ' ' is set on object 'Object Repository/RAD_Pages/Taxpayer_Page/input_BusinessReplastName'

2024-11-07 18:27:34 - [MESSAGE][PASSED] - Text ' ' is set on object 'Object Repository/RAD_Pages/Taxpayer_Page/input_BusinessReplastName'

2024-11-07 18:27:34 - [TEST_STEP][PASSED] - setText(findTestObject(orPath_AddressContact + "/input_streetAddress1"), " "): Text ' ' is set on object 'Object Repository/RAD_Pages/AddressAndContactInfo_Page/input_streetAddress1'

2024-11-07 18:27:35 - [MESSAGE][PASSED] - Text ' ' is set on object 'Object Repository/RAD_Pages/AddressAndContactInfo_Page/input_streetAddress1'

2024-11-07 18:27:35 - [TEST_STEP][PASSED] - setText(findTestObject(orPath_AddressContact + "/input_city"), " "): Text ' ' is set on object 'Object Repository/RAD_Pages/AddressAndContactInfo_Page/input_city'

2024-11-07 18:27:35 - [MESSAGE][PASSED] - Text ' ' is set on object 'Object Repository/RAD_Pages/AddressAndContactInfo_Page/input_city'

2024-11-07 18:27:35 - [TEST_STEP][PASSED] - setText(findTestObject(orPath_AddressContact + "/input_zipCode"), " "): Text ' ' is set on object 'Object Repository/RAD_Pages/AddressAndContactInfo_Page/input_zipCode'

2024-11-07 18:27:36 - [MESSAGE][PASSED] - Text ' ' is set on object 'Object Repository/RAD_Pages/AddressAndContactInfo_Page/input_zipCode'

2024-11-07 18:27:36 - [TEST_STEP][PASSED] - setText(findTestObject(orPath_AddressContact + "/input_phoneNumber"), " "): Text ' ' is set on object 'Object Repository/RAD_Pages/AddressAndContactInfo_Page/input_phoneNumber'

2024-11-07 18:27:37 - [MESSAGE][PASSED] - Text ' ' is set on object 'Object Repository/RAD_Pages/AddressAndContactInfo_Page/input_phoneNumber'

2024-11-07 18:27:37 - [TEST_STEP][PASSED] - setText(findTestObject(orPath_AddressContact + "/input_eMailAddress"), " "): Text ' ' is set on object 'Object Repository/RAD_Pages/AddressAndContactInfo_Page/input_eMailAddress'

2024-11-07 18:27:38 - [MESSAGE][PASSED] - Text ' ' is set on object 'Object Repository/RAD_Pages/AddressAndContactInfo_Page/input_eMailAddress'

2024-11-07 18:27:38 - [TEST_STEP][PASSED] - setText(findTestObject(orPath_AddressContact + "/input_reEnterEMailAddress"), " "): Text ' ' is set on object 'Object Repository/RAD_Pages/AddressAndContactInfo_Page/input_reEnterEMailAddress'

2024-11-07 18:27:38 - [MESSAGE][PASSED] - Text ' ' is set on object 'Object Repository/RAD_Pages/AddressAndContactInfo_Page/input_reEnterEMailAddress'

2024-11-07 18:27:38 - [TEST_STEP][PASSED] - if (TaxType.equalsIgnoreCase("Estate Tax")): null

2024-11-07 18:27:38 - [TEST_STEP][PASSED] - setText(findTestObject(orPath_Amount + "/input__paymentAmount"), ""): Text '' is set on object 'Object Repository/RAD_Pages/PaymentAmount_Page/input__paymentAmount'

2024-11-07 18:27:39 - [MESSAGE][PASSED] - Text '' is set on object 'Object Repository/RAD_Pages/PaymentAmount_Page/input__paymentAmount'

2024-11-07 18:27:39 - [TEST_STEP][PASSED] - resText = "Fail": null

2024-11-07 18:27:39 - [TEST_STEP][PASSED] - pages.WriteExcel.demoKey(resText, datText, resColumn, datCloumn, fileLoc, nameSheet, row): pages.WriteExcel.demoKey is PASSED

2024-11-07 18:27:39 - [MESSAGE][PASSED] - pages.WriteExcel.demoKey is PASSED

2024-11-07 18:27:39 - [TEST_STEP][PASSED] - verifyTextPresent("Enter business name", true, CONTINUE_ON_FAILURE): Text 'Enter business name' is present on page  using regular expression

2024-11-07 18:27:40 - [MESSAGE][PASSED] - Text 'Enter business name' is present on page  using regular expression

2024-11-07 18:27:40 - [TEST_STEP][PASSED] - verifyTextPresent("Enter business rep first name", true, CONTINUE_ON_FAILURE): Text 'Enter business rep first name' is present on page  using regular expression

2024-11-07 18:27:40 - [MESSAGE][PASSED] - Text 'Enter business rep first name' is present on page  using regular expression

2024-11-07 18:27:40 - [TEST_STEP][PASSED] - verifyTextPresent("Enter business rep last name", true, CONTINUE_ON_FAILURE): Text 'Enter business rep last name' is present on page  using regular expression

2024-11-07 18:27:41 - [MESSAGE][PASSED] - Text 'Enter business rep last name' is present on page  using regular expression

2024-11-07 18:27:41 - [TEST_STEP][PASSED] - verifyTextPresent("Enter address", true, CONTINUE_ON_FAILURE): Text 'Enter address' is present on page  using regular expression

2024-11-07 18:27:41 - [MESSAGE][PASSED] - Text 'Enter address' is present on page  using regular expression

2024-11-07 18:27:41 - [TEST_STEP][PASSED] - verifyTextPresent("Enter city", true, CONTINUE_ON_FAILURE): Text 'Enter city' is present on page  using regular expression

2024-11-07 18:27:41 - [MESSAGE][PASSED] - Text 'Enter city' is present on page  using regular expression

2024-11-07 18:27:41 - [TEST_STEP][PASSED] - verifyTextPresent("Enter ZIP code", true, CONTINUE_ON_FAILURE): Text 'Enter ZIP code' is present on page  using regular expression

2024-11-07 18:27:42 - [MESSAGE][PASSED] - Text 'Enter ZIP code' is present on page  using regular expression

2024-11-07 18:27:42 - [TEST_STEP][PASSED] - verifyTextPresent("Enter a valid phone number", true, CONTINUE_ON_FAILURE): Text 'Enter a valid phone number' is present on page  using regular expression

2024-11-07 18:27:43 - [MESSAGE][PASSED] - Text 'Enter a valid phone number' is present on page  using regular expression

2024-11-07 18:27:43 - [TEST_STEP][PASSED] - verifyTextPresent("Enter Email", true, CONTINUE_ON_FAILURE): Text 'Enter Email' is present on page  using regular expression

2024-11-07 18:27:43 - [MESSAGE][PASSED] - Text 'Enter Email' is present on page  using regular expression

2024-11-07 18:27:43 - [TEST_STEP][PASSED] - if (CRN.equalsIgnoreCase("Y")): null

2024-11-07 18:27:43 - [TEST_STEP][PASSED] - if (MFLicNum.equalsIgnoreCase("Y")): null

2024-11-07 18:27:43 - [TEST_STEP][PASSED] - resText = "Pass": null

2024-11-07 18:27:43 - [TEST_STEP][PASSED] - pages.WriteExcel.demoKey(resText, datText, resColumn, datCloumn, fileLoc, nameSheet, row): pages.WriteExcel.demoKey is PASSED

2024-11-07 18:27:43 - [MESSAGE][PASSED] - pages.WriteExcel.demoKey is PASSED

2024-11-07 18:27:43 - [TEST_STEP][PASSED] - ExecuteTC = findTestData(dataFile).getValue("Execute", row): null

2024-11-07 18:27:43 - [TEST_STEP][PASSED] - TaxType = findTestData(dataFile).getValue("TaxType", row): null

2024-11-07 18:27:43 - [TEST_STEP][PASSED] - PaymentType = findTestData(dataFile).getValue("PaymentType", row): null

2024-11-07 18:27:44 - [TEST_STEP][PASSED] - FilingYear = findTestData(dataFile).getValue("Year", row): null

2024-11-07 18:27:44 - [TEST_STEP][PASSED] - feinSSN = findTestData(dataFile).getValue("FeinSsn", row): null

2024-11-07 18:27:44 - [TEST_STEP][PASSED] - CRN = findTestData(dataFile).getValue("CRN", row): null

2024-11-07 18:27:44 - [TEST_STEP][PASSED] - MFLicNum = findTestData(dataFile).getValue("MFLicNum", row): null

2024-11-07 18:27:44 - [TEST_STEP][PASSED] - if (ExecuteTC.equalsIgnoreCase("Y")): pages.WriteExcel.demoKey is PASSED

2024-11-07 18:27:44 - [TEST_STEP][PASSED] - out.println("Begin Record Number: " + row): null

2024-11-07 18:27:44 - [TEST_STEP][PASSED] - today = new java.util.Date(): null

2024-11-07 18:27:44 - [TEST_STEP][PASSED] - println(today): null

2024-11-07 18:27:44 - [TEST_STEP][PASSED] - datText = today: null

2024-11-07 18:27:44 - [TEST_STEP][PASSED] - logInfo("Payment Type: New Tax Return Amount Due"): Payment Type: New Tax Return Amount Due

2024-11-07 18:27:44 - [MESSAGE][INFO] - Payment Type: New Tax Return Amount Due

2024-11-07 18:27:44 - [TEST_STEP][PASSED] - logInfo("Tax Type: " + TaxType): Tax Type: Corporate Income Tax

2024-11-07 18:27:44 - [MESSAGE][INFO] - Tax Type: Corporate Income Tax

2024-11-07 18:27:44 - [TEST_STEP][PASSED] - openBrowser(""): Browser is opened with url: ''

2024-11-07 18:27:44 - [MESSAGE][WARNING] - A browser is already opened. Closing browser and opening a new one

2024-11-07 18:27:46 - [MESSAGE][INFO] - Starting 'Chrome' driver

2024-11-07 18:27:46 - [MESSAGE][INFO] - User set preference: ['acceptInsecureCerts', 'true']

2024-11-07 18:27:46 - [MESSAGE][INFO] - Action delay is set to 0 milliseconds

2024-11-07 18:27:48 - [MESSAGE][PASSED] - Browser is opened with url: ''

2024-11-07 18:27:48 - [TEST_STEP][PASSED] - maximizeWindow(): Current window maximized

2024-11-07 18:27:48 - [MESSAGE][PASSED] - Current window maximized

2024-11-07 18:27:48 - [TEST_STEP][PASSED] - navigateToUrl(RADurl): Navigate to 'https://www.velocitypayment.com/client/rad/index.html' successfully

2024-11-07 18:27:51 - [MESSAGE][PASSED] - Navigate to 'https://www.velocitypayment.com/client/rad/index.html' successfully

2024-11-07 18:27:51 - [TEST_STEP][PASSED] - selectOptionByLabel(findTestObject(orPath_Landing + "/dd_TaxType"), "New Tax Return Amount Due", false): All options with label 'New Tax Return Amount Due' are selected in object 'Object Repository/RAD_Pages/Landing_Page/dd_TaxType' 

2024-11-07 18:27:51 - [MESSAGE][PASSED] - All options with label 'New Tax Return Amount Due' are selected in object 'Object Repository/RAD_Pages/Landing_Page/dd_TaxType' 

2024-11-07 18:27:51 - [TEST_STEP][PASSED] - selectOptionByLabel(findTestObject("Object Repository/RAD_Pages/Landing_Page/select_NewTaxReturnAmountDue_TaxType"), TaxType, false): All options with label 'Corporate Income Tax' are selected in object 'Object Repository/RAD_Pages/Landing_Page/select_NewTaxReturnAmountDue_TaxType' 

2024-11-07 18:27:52 - [MESSAGE][PASSED] - All options with label 'Corporate Income Tax' are selected in object 'Object Repository/RAD_Pages/Landing_Page/select_NewTaxReturnAmountDue_TaxType' 

2024-11-07 18:27:52 - [TEST_STEP][PASSED] - selectOptionByLabel(findTestObject(orPath_TaxTypeFilingYear + "/select_FilingYear"), FilingYear, false): All options with label '2021' are selected in object 'Object Repository/RAD_Pages/TaxTypeFilingYear_Page/select_FilingYear' 

2024-11-07 18:27:53 - [MESSAGE][PASSED] - All options with label '2021' are selected in object 'Object Repository/RAD_Pages/TaxTypeFilingYear_Page/select_FilingYear' 

2024-11-07 18:27:53 - [TEST_STEP][PASSED] - setText(findTestObject(orPath_TaxPayer + "/input_businessName"), " "): Text ' ' is set on object 'Object Repository/RAD_Pages/Taxpayer_Page/input_businessName'

2024-11-07 18:27:54 - [MESSAGE][PASSED] - Text ' ' is set on object 'Object Repository/RAD_Pages/Taxpayer_Page/input_businessName'

2024-11-07 18:27:54 - [TEST_STEP][PASSED] - setText(findTestObject(orPath_TaxPayer + "/input_BusinessRepfirstName"), " "): Text ' ' is set on object 'Object Repository/RAD_Pages/Taxpayer_Page/input_BusinessRepfirstName'

2024-11-07 18:27:54 - [MESSAGE][PASSED] - Text ' ' is set on object 'Object Repository/RAD_Pages/Taxpayer_Page/input_BusinessRepfirstName'

2024-11-07 18:27:54 - [TEST_STEP][PASSED] - setText(findTestObject(orPath_TaxPayer + "/input_BusinessReplastName"), " "): Text ' ' is set on object 'Object Repository/RAD_Pages/Taxpayer_Page/input_BusinessReplastName'

2024-11-07 18:27:55 - [MESSAGE][PASSED] - Text ' ' is set on object 'Object Repository/RAD_Pages/Taxpayer_Page/input_BusinessReplastName'

2024-11-07 18:27:55 - [TEST_STEP][PASSED] - setText(findTestObject(orPath_AddressContact + "/input_streetAddress1"), " "): Text ' ' is set on object 'Object Repository/RAD_Pages/AddressAndContactInfo_Page/input_streetAddress1'

2024-11-07 18:27:56 - [MESSAGE][PASSED] - Text ' ' is set on object 'Object Repository/RAD_Pages/AddressAndContactInfo_Page/input_streetAddress1'

2024-11-07 18:27:56 - [TEST_STEP][PASSED] - setText(findTestObject(orPath_AddressContact + "/input_city"), " "): Text ' ' is set on object 'Object Repository/RAD_Pages/AddressAndContactInfo_Page/input_city'

2024-11-07 18:27:56 - [MESSAGE][PASSED] - Text ' ' is set on object 'Object Repository/RAD_Pages/AddressAndContactInfo_Page/input_city'

2024-11-07 18:27:56 - [TEST_STEP][PASSED] - setText(findTestObject(orPath_AddressContact + "/input_zipCode"), " "): Text ' ' is set on object 'Object Repository/RAD_Pages/AddressAndContactInfo_Page/input_zipCode'

2024-11-07 18:27:58 - [MESSAGE][PASSED] - Text ' ' is set on object 'Object Repository/RAD_Pages/AddressAndContactInfo_Page/input_zipCode'

2024-11-07 18:27:58 - [TEST_STEP][PASSED] - setText(findTestObject(orPath_AddressContact + "/input_phoneNumber"), " "): Text ' ' is set on object 'Object Repository/RAD_Pages/AddressAndContactInfo_Page/input_phoneNumber'

2024-11-07 18:27:59 - [MESSAGE][PASSED] - Text ' ' is set on object 'Object Repository/RAD_Pages/AddressAndContactInfo_Page/input_phoneNumber'

2024-11-07 18:27:59 - [TEST_STEP][PASSED] - setText(findTestObject(orPath_AddressContact + "/input_eMailAddress"), " "): Text ' ' is set on object 'Object Repository/RAD_Pages/AddressAndContactInfo_Page/input_eMailAddress'

2024-11-07 18:28:01 - [MESSAGE][PASSED] - Text ' ' is set on object 'Object Repository/RAD_Pages/AddressAndContactInfo_Page/input_eMailAddress'

2024-11-07 18:28:01 - [TEST_STEP][PASSED] - setText(findTestObject(orPath_AddressContact + "/input_reEnterEMailAddress"), " "): Text ' ' is set on object 'Object Repository/RAD_Pages/AddressAndContactInfo_Page/input_reEnterEMailAddress'

2024-11-07 18:28:02 - [MESSAGE][PASSED] - Text ' ' is set on object 'Object Repository/RAD_Pages/AddressAndContactInfo_Page/input_reEnterEMailAddress'

2024-11-07 18:28:02 - [TEST_STEP][PASSED] - if (TaxType.equalsIgnoreCase("Estate Tax")): null

2024-11-07 18:28:02 - [TEST_STEP][PASSED] - setText(findTestObject(orPath_Amount + "/input__paymentAmount"), ""): Text '' is set on object 'Object Repository/RAD_Pages/PaymentAmount_Page/input__paymentAmount'

2024-11-07 18:28:03 - [MESSAGE][PASSED] - Text '' is set on object 'Object Repository/RAD_Pages/PaymentAmount_Page/input__paymentAmount'

2024-11-07 18:28:03 - [TEST_STEP][PASSED] - resText = "Fail": null

2024-11-07 18:28:03 - [TEST_STEP][PASSED] - pages.WriteExcel.demoKey(resText, datText, resColumn, datCloumn, fileLoc, nameSheet, row): pages.WriteExcel.demoKey is PASSED

2024-11-07 18:28:03 - [MESSAGE][PASSED] - pages.WriteExcel.demoKey is PASSED

2024-11-07 18:28:03 - [TEST_STEP][PASSED] - verifyTextPresent("Enter business name", true, CONTINUE_ON_FAILURE): Text 'Enter business name' is present on page  using regular expression

2024-11-07 18:28:04 - [MESSAGE][PASSED] - Text 'Enter business name' is present on page  using regular expression

2024-11-07 18:28:04 - [TEST_STEP][PASSED] - verifyTextPresent("Enter business rep first name", true, CONTINUE_ON_FAILURE): Text 'Enter business rep first name' is present on page  using regular expression

2024-11-07 18:28:04 - [MESSAGE][PASSED] - Text 'Enter business rep first name' is present on page  using regular expression

2024-11-07 18:28:04 - [TEST_STEP][PASSED] - verifyTextPresent("Enter business rep last name", true, CONTINUE_ON_FAILURE): Text 'Enter business rep last name' is present on page  using regular expression

2024-11-07 18:28:05 - [MESSAGE][PASSED] - Text 'Enter business rep last name' is present on page  using regular expression

2024-11-07 18:28:05 - [TEST_STEP][PASSED] - verifyTextPresent("Enter address", true, CONTINUE_ON_FAILURE): Text 'Enter address' is present on page  using regular expression

2024-11-07 18:28:05 - [MESSAGE][PASSED] - Text 'Enter address' is present on page  using regular expression

2024-11-07 18:28:05 - [TEST_STEP][PASSED] - verifyTextPresent("Enter city", true, CONTINUE_ON_FAILURE): Text 'Enter city' is present on page  using regular expression

2024-11-07 18:28:05 - [MESSAGE][PASSED] - Text 'Enter city' is present on page  using regular expression

2024-11-07 18:28:05 - [TEST_STEP][PASSED] - verifyTextPresent("Enter ZIP code", true, CONTINUE_ON_FAILURE): Text 'Enter ZIP code' is present on page  using regular expression

2024-11-07 18:28:06 - [MESSAGE][PASSED] - Text 'Enter ZIP code' is present on page  using regular expression

2024-11-07 18:28:06 - [TEST_STEP][PASSED] - verifyTextPresent("Enter a valid phone number", true, CONTINUE_ON_FAILURE): Text 'Enter a valid phone number' is present on page  using regular expression

2024-11-07 18:28:06 - [MESSAGE][PASSED] - Text 'Enter a valid phone number' is present on page  using regular expression

2024-11-07 18:28:06 - [TEST_STEP][PASSED] - verifyTextPresent("Enter Email", true, CONTINUE_ON_FAILURE): Text 'Enter Email' is present on page  using regular expression

2024-11-07 18:28:07 - [MESSAGE][PASSED] - Text 'Enter Email' is present on page  using regular expression

2024-11-07 18:28:07 - [TEST_STEP][PASSED] - if (CRN.equalsIgnoreCase("Y")): null

2024-11-07 18:28:07 - [TEST_STEP][PASSED] - if (MFLicNum.equalsIgnoreCase("Y")): null

2024-11-07 18:28:07 - [TEST_STEP][PASSED] - resText = "Pass": null

2024-11-07 18:28:07 - [TEST_STEP][PASSED] - pages.WriteExcel.demoKey(resText, datText, resColumn, datCloumn, fileLoc, nameSheet, row): pages.WriteExcel.demoKey is PASSED

2024-11-07 18:28:07 - [MESSAGE][PASSED] - pages.WriteExcel.demoKey is PASSED

2024-11-07 18:28:07 - [TEST_STEP][PASSED] - ExecuteTC = findTestData(dataFile).getValue("Execute", row): null

2024-11-07 18:28:07 - [TEST_STEP][PASSED] - TaxType = findTestData(dataFile).getValue("TaxType", row): null

2024-11-07 18:28:08 - [TEST_STEP][PASSED] - PaymentType = findTestData(dataFile).getValue("PaymentType", row): null

2024-11-07 18:28:08 - [TEST_STEP][PASSED] - FilingYear = findTestData(dataFile).getValue("Year", row): null

2024-11-07 18:28:08 - [TEST_STEP][PASSED] - feinSSN = findTestData(dataFile).getValue("FeinSsn", row): null

2024-11-07 18:28:08 - [TEST_STEP][PASSED] - CRN = findTestData(dataFile).getValue("CRN", row): null

2024-11-07 18:28:08 - [TEST_STEP][PASSED] - MFLicNum = findTestData(dataFile).getValue("MFLicNum", row): null

2024-11-07 18:28:08 - [TEST_STEP][PASSED] - if (ExecuteTC.equalsIgnoreCase("Y")): pages.WriteExcel.demoKey is PASSED

2024-11-07 18:28:08 - [TEST_STEP][PASSED] - out.println("Begin Record Number: " + row): null

2024-11-07 18:28:08 - [TEST_STEP][PASSED] - today = new java.util.Date(): null

2024-11-07 18:28:08 - [TEST_STEP][PASSED] - println(today): null

2024-11-07 18:28:08 - [TEST_STEP][PASSED] - datText = today: null

2024-11-07 18:28:08 - [TEST_STEP][PASSED] - logInfo("Payment Type: New Tax Return Amount Due"): Payment Type: New Tax Return Amount Due

2024-11-07 18:28:08 - [MESSAGE][INFO] - Payment Type: New Tax Return Amount Due

2024-11-07 18:28:08 - [TEST_STEP][PASSED] - logInfo("Tax Type: " + TaxType): Tax Type: Motor Fuel Tax

2024-11-07 18:28:08 - [MESSAGE][INFO] - Tax Type: Motor Fuel Tax

2024-11-07 18:28:08 - [TEST_STEP][PASSED] - openBrowser(""): Browser is opened with url: ''

2024-11-07 18:28:08 - [MESSAGE][WARNING] - A browser is already opened. Closing browser and opening a new one

2024-11-07 18:28:10 - [MESSAGE][INFO] - Starting 'Chrome' driver

2024-11-07 18:28:10 - [MESSAGE][INFO] - User set preference: ['acceptInsecureCerts', 'true']

2024-11-07 18:28:10 - [MESSAGE][INFO] - Action delay is set to 0 milliseconds

2024-11-07 18:28:12 - [MESSAGE][PASSED] - Browser is opened with url: ''

2024-11-07 18:28:12 - [TEST_STEP][PASSED] - maximizeWindow(): Current window maximized

2024-11-07 18:28:12 - [MESSAGE][PASSED] - Current window maximized

2024-11-07 18:28:12 - [TEST_STEP][PASSED] - navigateToUrl(RADurl): Navigate to 'https://www.velocitypayment.com/client/rad/index.html' successfully

2024-11-07 18:28:14 - [MESSAGE][PASSED] - Navigate to 'https://www.velocitypayment.com/client/rad/index.html' successfully

2024-11-07 18:28:14 - [TEST_STEP][PASSED] - selectOptionByLabel(findTestObject(orPath_Landing + "/dd_TaxType"), "New Tax Return Amount Due", false): All options with label 'New Tax Return Amount Due' are selected in object 'Object Repository/RAD_Pages/Landing_Page/dd_TaxType' 

2024-11-07 18:28:15 - [MESSAGE][PASSED] - All options with label 'New Tax Return Amount Due' are selected in object 'Object Repository/RAD_Pages/Landing_Page/dd_TaxType' 

2024-11-07 18:28:15 - [TEST_STEP][PASSED] - selectOptionByLabel(findTestObject("Object Repository/RAD_Pages/Landing_Page/select_NewTaxReturnAmountDue_TaxType"), TaxType, false): All options with label 'Motor Fuel Tax' are selected in object 'Object Repository/RAD_Pages/Landing_Page/select_NewTaxReturnAmountDue_TaxType' 

2024-11-07 18:28:16 - [MESSAGE][PASSED] - All options with label 'Motor Fuel Tax' are selected in object 'Object Repository/RAD_Pages/Landing_Page/select_NewTaxReturnAmountDue_TaxType' 

2024-11-07 18:28:16 - [TEST_STEP][PASSED] - selectOptionByLabel(findTestObject(orPath_TaxTypeFilingYear + "/select_FilingYear"), FilingYear, false): All options with label '2022' are selected in object 'Object Repository/RAD_Pages/TaxTypeFilingYear_Page/select_FilingYear' 

2024-11-07 18:28:16 - [MESSAGE][PASSED] - All options with label '2022' are selected in object 'Object Repository/RAD_Pages/TaxTypeFilingYear_Page/select_FilingYear' 

2024-11-07 18:28:16 - [TEST_STEP][PASSED] - setText(findTestObject(orPath_TaxPayer + "/input_businessName"), " "): Text ' ' is set on object 'Object Repository/RAD_Pages/Taxpayer_Page/input_businessName'

2024-11-07 18:28:17 - [MESSAGE][PASSED] - Text ' ' is set on object 'Object Repository/RAD_Pages/Taxpayer_Page/input_businessName'

2024-11-07 18:28:17 - [TEST_STEP][PASSED] - setText(findTestObject(orPath_TaxPayer + "/input_BusinessRepfirstName"), " "): Text ' ' is set on object 'Object Repository/RAD_Pages/Taxpayer_Page/input_BusinessRepfirstName'

2024-11-07 18:28:18 - [MESSAGE][PASSED] - Text ' ' is set on object 'Object Repository/RAD_Pages/Taxpayer_Page/input_BusinessRepfirstName'

2024-11-07 18:28:18 - [TEST_STEP][PASSED] - setText(findTestObject(orPath_TaxPayer + "/input_BusinessReplastName"), " "): Text ' ' is set on object 'Object Repository/RAD_Pages/Taxpayer_Page/input_BusinessReplastName'

2024-11-07 18:28:19 - [MESSAGE][PASSED] - Text ' ' is set on object 'Object Repository/RAD_Pages/Taxpayer_Page/input_BusinessReplastName'

2024-11-07 18:28:19 - [TEST_STEP][PASSED] - setText(findTestObject(orPath_AddressContact + "/input_streetAddress1"), " "): Text ' ' is set on object 'Object Repository/RAD_Pages/AddressAndContactInfo_Page/input_streetAddress1'

2024-11-07 18:28:20 - [MESSAGE][PASSED] - Text ' ' is set on object 'Object Repository/RAD_Pages/AddressAndContactInfo_Page/input_streetAddress1'

2024-11-07 18:28:20 - [TEST_STEP][PASSED] - setText(findTestObject(orPath_AddressContact + "/input_city"), " "): Text ' ' is set on object 'Object Repository/RAD_Pages/AddressAndContactInfo_Page/input_city'

2024-11-07 18:28:20 - [MESSAGE][PASSED] - Text ' ' is set on object 'Object Repository/RAD_Pages/AddressAndContactInfo_Page/input_city'

2024-11-07 18:28:20 - [TEST_STEP][PASSED] - setText(findTestObject(orPath_AddressContact + "/input_zipCode"), " "): Text ' ' is set on object 'Object Repository/RAD_Pages/AddressAndContactInfo_Page/input_zipCode'

2024-11-07 18:28:21 - [MESSAGE][PASSED] - Text ' ' is set on object 'Object Repository/RAD_Pages/AddressAndContactInfo_Page/input_zipCode'

2024-11-07 18:28:21 - [TEST_STEP][PASSED] - setText(findTestObject(orPath_AddressContact + "/input_phoneNumber"), " "): Text ' ' is set on object 'Object Repository/RAD_Pages/AddressAndContactInfo_Page/input_phoneNumber'

2024-11-07 18:28:22 - [MESSAGE][PASSED] - Text ' ' is set on object 'Object Repository/RAD_Pages/AddressAndContactInfo_Page/input_phoneNumber'

2024-11-07 18:28:22 - [TEST_STEP][PASSED] - setText(findTestObject(orPath_AddressContact + "/input_eMailAddress"), " "): Text ' ' is set on object 'Object Repository/RAD_Pages/AddressAndContactInfo_Page/input_eMailAddress'

2024-11-07 18:28:23 - [MESSAGE][PASSED] - Text ' ' is set on object 'Object Repository/RAD_Pages/AddressAndContactInfo_Page/input_eMailAddress'

2024-11-07 18:28:23 - [TEST_STEP][PASSED] - setText(findTestObject(orPath_AddressContact + "/input_reEnterEMailAddress"), " "): Text ' ' is set on object 'Object Repository/RAD_Pages/AddressAndContactInfo_Page/input_reEnterEMailAddress'

2024-11-07 18:28:23 - [MESSAGE][PASSED] - Text ' ' is set on object 'Object Repository/RAD_Pages/AddressAndContactInfo_Page/input_reEnterEMailAddress'

2024-11-07 18:28:23 - [TEST_STEP][PASSED] - if (TaxType.equalsIgnoreCase("Estate Tax")): null

2024-11-07 18:28:23 - [TEST_STEP][PASSED] - setText(findTestObject(orPath_Amount + "/input__paymentAmount"), ""): Text '' is set on object 'Object Repository/RAD_Pages/PaymentAmount_Page/input__paymentAmount'

2024-11-07 18:28:24 - [MESSAGE][PASSED] - Text '' is set on object 'Object Repository/RAD_Pages/PaymentAmount_Page/input__paymentAmount'

2024-11-07 18:28:24 - [TEST_STEP][PASSED] - resText = "Fail": null

2024-11-07 18:28:24 - [TEST_STEP][PASSED] - pages.WriteExcel.demoKey(resText, datText, resColumn, datCloumn, fileLoc, nameSheet, row): pages.WriteExcel.demoKey is PASSED

2024-11-07 18:28:25 - [MESSAGE][PASSED] - pages.WriteExcel.demoKey is PASSED

2024-11-07 18:28:25 - [TEST_STEP][PASSED] - verifyTextPresent("Enter business name", true, CONTINUE_ON_FAILURE): Text 'Enter business name' is present on page  using regular expression

2024-11-07 18:28:25 - [MESSAGE][PASSED] - Text 'Enter business name' is present on page  using regular expression

2024-11-07 18:28:25 - [TEST_STEP][PASSED] - verifyTextPresent("Enter business rep first name", true, CONTINUE_ON_FAILURE): Text 'Enter business rep first name' is present on page  using regular expression

2024-11-07 18:28:25 - [MESSAGE][PASSED] - Text 'Enter business rep first name' is present on page  using regular expression

2024-11-07 18:28:25 - [TEST_STEP][PASSED] - verifyTextPresent("Enter business rep last name", true, CONTINUE_ON_FAILURE): Text 'Enter business rep last name' is present on page  using regular expression

2024-11-07 18:28:26 - [MESSAGE][PASSED] - Text 'Enter business rep last name' is present on page  using regular expression

2024-11-07 18:28:26 - [TEST_STEP][PASSED] - verifyTextPresent("Enter address", true, CONTINUE_ON_FAILURE): Text 'Enter address' is present on page  using regular expression

2024-11-07 18:28:26 - [MESSAGE][PASSED] - Text 'Enter address' is present on page  using regular expression

2024-11-07 18:28:26 - [TEST_STEP][PASSED] - verifyTextPresent("Enter city", true, CONTINUE_ON_FAILURE): Text 'Enter city' is present on page  using regular expression

2024-11-07 18:28:27 - [MESSAGE][PASSED] - Text 'Enter city' is present on page  using regular expression

2024-11-07 18:28:27 - [TEST_STEP][PASSED] - verifyTextPresent("Enter ZIP code", true, CONTINUE_ON_FAILURE): Text 'Enter ZIP code' is present on page  using regular expression

2024-11-07 18:28:27 - [MESSAGE][PASSED] - Text 'Enter ZIP code' is present on page  using regular expression

2024-11-07 18:28:27 - [TEST_STEP][PASSED] - verifyTextPresent("Enter a valid phone number", true, CONTINUE_ON_FAILURE): Text 'Enter a valid phone number' is present on page  using regular expression

2024-11-07 18:28:28 - [MESSAGE][PASSED] - Text 'Enter a valid phone number' is present on page  using regular expression

2024-11-07 18:28:28 - [TEST_STEP][PASSED] - verifyTextPresent("Enter Email", true, CONTINUE_ON_FAILURE): Text 'Enter Email' is present on page  using regular expression

2024-11-07 18:28:28 - [MESSAGE][PASSED] - Text 'Enter Email' is present on page  using regular expression

2024-11-07 18:28:28 - [TEST_STEP][PASSED] - if (CRN.equalsIgnoreCase("Y")): null

2024-11-07 18:28:28 - [TEST_STEP][PASSED] - if (MFLicNum.equalsIgnoreCase("Y")): Text 'Motor Fuel License Number must be 5 or 6 digits in length, with a value greater than zero' is present on page  using regular expression

2024-11-07 18:28:28 - [TEST_STEP][PASSED] - setText(findTestObject(orPath_TaxInfo + "/input_MotorFuelLicNum"), " "): Text ' ' is set on object 'Object Repository/RAD_Pages/TaxInfo_Page/input_MotorFuelLicNum'

2024-11-07 18:28:29 - [MESSAGE][PASSED] - Text ' ' is set on object 'Object Repository/RAD_Pages/TaxInfo_Page/input_MotorFuelLicNum'

2024-11-07 18:28:29 - [TEST_STEP][PASSED] - setText(findTestObject(orPath_Amount + "/input__paymentAmount"), ""): Text '' is set on object 'Object Repository/RAD_Pages/PaymentAmount_Page/input__paymentAmount'

2024-11-07 18:28:30 - [MESSAGE][PASSED] - Text '' is set on object 'Object Repository/RAD_Pages/PaymentAmount_Page/input__paymentAmount'

2024-11-07 18:28:30 - [TEST_STEP][PASSED] - verifyTextPresent("Motor Fuel License Number must be 5 or 6 digits in length, with a value greater than zero", true, CONTINUE_ON_FAILURE): Text 'Motor Fuel License Number must be 5 or 6 digits in length, with a value greater than zero' is present on page  using regular expression

2024-11-07 18:28:30 - [MESSAGE][PASSED] - Text 'Motor Fuel License Number must be 5 or 6 digits in length, with a value greater than zero' is present on page  using regular expression

2024-11-07 18:28:30 - [TEST_STEP][PASSED] - resText = "Pass": null

2024-11-07 18:28:30 - [TEST_STEP][PASSED] - pages.WriteExcel.demoKey(resText, datText, resColumn, datCloumn, fileLoc, nameSheet, row): pages.WriteExcel.demoKey is PASSED

2024-11-07 18:28:30 - [MESSAGE][PASSED] - pages.WriteExcel.demoKey is PASSED

2024-11-07 18:28:30 - [TEST_STEP][PASSED] - ExecuteTC = findTestData(dataFile).getValue("Execute", row): null

2024-11-07 18:28:30 - [TEST_STEP][PASSED] - TaxType = findTestData(dataFile).getValue("TaxType", row): null

2024-11-07 18:28:30 - [TEST_STEP][PASSED] - PaymentType = findTestData(dataFile).getValue("PaymentType", row): null

2024-11-07 18:28:30 - [TEST_STEP][PASSED] - FilingYear = findTestData(dataFile).getValue("Year", row): null

2024-11-07 18:28:30 - [TEST_STEP][PASSED] - feinSSN = findTestData(dataFile).getValue("FeinSsn", row): null

2024-11-07 18:28:30 - [TEST_STEP][PASSED] - CRN = findTestData(dataFile).getValue("CRN", row): null

2024-11-07 18:28:30 - [TEST_STEP][PASSED] - MFLicNum = findTestData(dataFile).getValue("MFLicNum", row): null

2024-11-07 18:28:30 - [TEST_STEP][PASSED] - if (ExecuteTC.equalsIgnoreCase("Y")): pages.WriteExcel.demoKey is PASSED

2024-11-07 18:28:30 - [TEST_STEP][PASSED] - out.println("Begin Record Number: " + row): null

2024-11-07 18:28:30 - [TEST_STEP][PASSED] - today = new java.util.Date(): null

2024-11-07 18:28:30 - [TEST_STEP][PASSED] - println(today): null

2024-11-07 18:28:30 - [TEST_STEP][PASSED] - datText = today: null

2024-11-07 18:28:30 - [TEST_STEP][PASSED] - logInfo("Payment Type: New Tax Return Amount Due"): Payment Type: New Tax Return Amount Due

2024-11-07 18:28:30 - [MESSAGE][INFO] - Payment Type: New Tax Return Amount Due

2024-11-07 18:28:30 - [TEST_STEP][PASSED] - logInfo("Tax Type: " + TaxType): Tax Type: Sales and Use Tax

2024-11-07 18:28:30 - [MESSAGE][INFO] - Tax Type: Sales and Use Tax

2024-11-07 18:28:30 - [TEST_STEP][PASSED] - openBrowser(""): Browser is opened with url: ''

2024-11-07 18:28:30 - [MESSAGE][WARNING] - A browser is already opened. Closing browser and opening a new one

2024-11-07 18:28:32 - [MESSAGE][INFO] - Starting 'Chrome' driver

2024-11-07 18:28:32 - [MESSAGE][INFO] - User set preference: ['acceptInsecureCerts', 'true']

2024-11-07 18:28:32 - [MESSAGE][INFO] - Action delay is set to 0 milliseconds

2024-11-07 18:28:34 - [MESSAGE][PASSED] - Browser is opened with url: ''

2024-11-07 18:28:34 - [TEST_STEP][PASSED] - maximizeWindow(): Current window maximized

2024-11-07 18:28:34 - [MESSAGE][PASSED] - Current window maximized

2024-11-07 18:28:34 - [TEST_STEP][PASSED] - navigateToUrl(RADurl): Navigate to 'https://www.velocitypayment.com/client/rad/index.html' successfully

2024-11-07 18:28:35 - [MESSAGE][PASSED] - Navigate to 'https://www.velocitypayment.com/client/rad/index.html' successfully

2024-11-07 18:28:35 - [TEST_STEP][PASSED] - selectOptionByLabel(findTestObject(orPath_Landing + "/dd_TaxType"), "New Tax Return Amount Due", false): All options with label 'New Tax Return Amount Due' are selected in object 'Object Repository/RAD_Pages/Landing_Page/dd_TaxType' 

2024-11-07 18:28:37 - [MESSAGE][PASSED] - All options with label 'New Tax Return Amount Due' are selected in object 'Object Repository/RAD_Pages/Landing_Page/dd_TaxType' 

2024-11-07 18:28:37 - [TEST_STEP][PASSED] - selectOptionByLabel(findTestObject("Object Repository/RAD_Pages/Landing_Page/select_NewTaxReturnAmountDue_TaxType"), TaxType, false): All options with label 'Sales and Use Tax' are selected in object 'Object Repository/RAD_Pages/Landing_Page/select_NewTaxReturnAmountDue_TaxType' 

2024-11-07 18:28:38 - [MESSAGE][PASSED] - All options with label 'Sales and Use Tax' are selected in object 'Object Repository/RAD_Pages/Landing_Page/select_NewTaxReturnAmountDue_TaxType' 

2024-11-07 18:28:38 - [TEST_STEP][PASSED] - selectOptionByLabel(findTestObject(orPath_TaxTypeFilingYear + "/select_FilingYear"), FilingYear, false): All options with label '2022' are selected in object 'Object Repository/RAD_Pages/TaxTypeFilingYear_Page/select_FilingYear' 

2024-11-07 18:28:39 - [MESSAGE][PASSED] - All options with label '2022' are selected in object 'Object Repository/RAD_Pages/TaxTypeFilingYear_Page/select_FilingYear' 

2024-11-07 18:28:39 - [TEST_STEP][PASSED] - setText(findTestObject(orPath_TaxPayer + "/input_businessName"), " "): Text ' ' is set on object 'Object Repository/RAD_Pages/Taxpayer_Page/input_businessName'

2024-11-07 18:28:40 - [MESSAGE][PASSED] - Text ' ' is set on object 'Object Repository/RAD_Pages/Taxpayer_Page/input_businessName'

2024-11-07 18:28:40 - [TEST_STEP][PASSED] - setText(findTestObject(orPath_TaxPayer + "/input_BusinessRepfirstName"), " "): Text ' ' is set on object 'Object Repository/RAD_Pages/Taxpayer_Page/input_BusinessRepfirstName'

2024-11-07 18:28:41 - [MESSAGE][PASSED] - Text ' ' is set on object 'Object Repository/RAD_Pages/Taxpayer_Page/input_BusinessRepfirstName'

2024-11-07 18:28:41 - [TEST_STEP][PASSED] - setText(findTestObject(orPath_TaxPayer + "/input_BusinessReplastName"), " "): Text ' ' is set on object 'Object Repository/RAD_Pages/Taxpayer_Page/input_BusinessReplastName'

2024-11-07 18:28:41 - [MESSAGE][PASSED] - Text ' ' is set on object 'Object Repository/RAD_Pages/Taxpayer_Page/input_BusinessReplastName'

2024-11-07 18:28:41 - [TEST_STEP][PASSED] - setText(findTestObject(orPath_AddressContact + "/input_streetAddress1"), " "): Text ' ' is set on object 'Object Repository/RAD_Pages/AddressAndContactInfo_Page/input_streetAddress1'

2024-11-07 18:28:42 - [MESSAGE][PASSED] - Text ' ' is set on object 'Object Repository/RAD_Pages/AddressAndContactInfo_Page/input_streetAddress1'

2024-11-07 18:28:42 - [TEST_STEP][PASSED] - setText(findTestObject(orPath_AddressContact + "/input_city"), " "): Text ' ' is set on object 'Object Repository/RAD_Pages/AddressAndContactInfo_Page/input_city'

2024-11-07 18:28:43 - [MESSAGE][PASSED] - Text ' ' is set on object 'Object Repository/RAD_Pages/AddressAndContactInfo_Page/input_city'

2024-11-07 18:28:43 - [TEST_STEP][PASSED] - setText(findTestObject(orPath_AddressContact + "/input_zipCode"), " "): Text ' ' is set on object 'Object Repository/RAD_Pages/AddressAndContactInfo_Page/input_zipCode'

2024-11-07 18:28:43 - [MESSAGE][PASSED] - Text ' ' is set on object 'Object Repository/RAD_Pages/AddressAndContactInfo_Page/input_zipCode'

2024-11-07 18:28:43 - [TEST_STEP][PASSED] - setText(findTestObject(orPath_AddressContact + "/input_phoneNumber"), " "): Text ' ' is set on object 'Object Repository/RAD_Pages/AddressAndContactInfo_Page/input_phoneNumber'

2024-11-07 18:28:44 - [MESSAGE][PASSED] - Text ' ' is set on object 'Object Repository/RAD_Pages/AddressAndContactInfo_Page/input_phoneNumber'

2024-11-07 18:28:44 - [TEST_STEP][PASSED] - setText(findTestObject(orPath_AddressContact + "/input_eMailAddress"), " "): Text ' ' is set on object 'Object Repository/RAD_Pages/AddressAndContactInfo_Page/input_eMailAddress'

2024-11-07 18:28:45 - [MESSAGE][PASSED] - Text ' ' is set on object 'Object Repository/RAD_Pages/AddressAndContactInfo_Page/input_eMailAddress'

2024-11-07 18:28:45 - [TEST_STEP][PASSED] - setText(findTestObject(orPath_AddressContact + "/input_reEnterEMailAddress"), " "): Text ' ' is set on object 'Object Repository/RAD_Pages/AddressAndContactInfo_Page/input_reEnterEMailAddress'

2024-11-07 18:28:46 - [MESSAGE][PASSED] - Text ' ' is set on object 'Object Repository/RAD_Pages/AddressAndContactInfo_Page/input_reEnterEMailAddress'

2024-11-07 18:28:46 - [TEST_STEP][PASSED] - if (TaxType.equalsIgnoreCase("Estate Tax")): null

2024-11-07 18:28:46 - [TEST_STEP][PASSED] - setText(findTestObject(orPath_Amount + "/input__paymentAmount"), ""): Text '' is set on object 'Object Repository/RAD_Pages/PaymentAmount_Page/input__paymentAmount'

2024-11-07 18:28:47 - [MESSAGE][PASSED] - Text '' is set on object 'Object Repository/RAD_Pages/PaymentAmount_Page/input__paymentAmount'

2024-11-07 18:28:47 - [TEST_STEP][PASSED] - resText = "Fail": null

2024-11-07 18:28:47 - [TEST_STEP][PASSED] - pages.WriteExcel.demoKey(resText, datText, resColumn, datCloumn, fileLoc, nameSheet, row): pages.WriteExcel.demoKey is PASSED

2024-11-07 18:28:47 - [MESSAGE][PASSED] - pages.WriteExcel.demoKey is PASSED

2024-11-07 18:28:47 - [TEST_STEP][PASSED] - verifyTextPresent("Enter business name", true, CONTINUE_ON_FAILURE): Text 'Enter business name' is present on page  using regular expression

2024-11-07 18:28:48 - [MESSAGE][PASSED] - Text 'Enter business name' is present on page  using regular expression

2024-11-07 18:28:48 - [TEST_STEP][PASSED] - verifyTextPresent("Enter business rep first name", true, CONTINUE_ON_FAILURE): Text 'Enter business rep first name' is present on page  using regular expression

2024-11-07 18:28:48 - [MESSAGE][PASSED] - Text 'Enter business rep first name' is present on page  using regular expression

2024-11-07 18:28:48 - [TEST_STEP][PASSED] - verifyTextPresent("Enter business rep last name", true, CONTINUE_ON_FAILURE): Text 'Enter business rep last name' is present on page  using regular expression

2024-11-07 18:28:49 - [MESSAGE][PASSED] - Text 'Enter business rep last name' is present on page  using regular expression

2024-11-07 18:28:49 - [TEST_STEP][PASSED] - verifyTextPresent("Enter address", true, CONTINUE_ON_FAILURE): Text 'Enter address' is present on page  using regular expression

2024-11-07 18:28:49 - [MESSAGE][PASSED] - Text 'Enter address' is present on page  using regular expression

2024-11-07 18:28:49 - [TEST_STEP][PASSED] - verifyTextPresent("Enter city", true, CONTINUE_ON_FAILURE): Text 'Enter city' is present on page  using regular expression

2024-11-07 18:28:49 - [MESSAGE][PASSED] - Text 'Enter city' is present on page  using regular expression

2024-11-07 18:28:49 - [TEST_STEP][PASSED] - verifyTextPresent("Enter ZIP code", true, CONTINUE_ON_FAILURE): Text 'Enter ZIP code' is present on page  using regular expression

2024-11-07 18:28:50 - [MESSAGE][PASSED] - Text 'Enter ZIP code' is present on page  using regular expression

2024-11-07 18:28:50 - [TEST_STEP][PASSED] - verifyTextPresent("Enter a valid phone number", true, CONTINUE_ON_FAILURE): Text 'Enter a valid phone number' is present on page  using regular expression

2024-11-07 18:28:50 - [MESSAGE][PASSED] - Text 'Enter a valid phone number' is present on page  using regular expression

2024-11-07 18:28:50 - [TEST_STEP][PASSED] - verifyTextPresent("Enter Email", true, CONTINUE_ON_FAILURE): Text 'Enter Email' is present on page  using regular expression

2024-11-07 18:28:50 - [MESSAGE][PASSED] - Text 'Enter Email' is present on page  using regular expression

2024-11-07 18:28:50 - [TEST_STEP][PASSED] - if (CRN.equalsIgnoreCase("Y")): Text 'Enter valid MD Central Registration Number' is present on page  using regular expression

2024-11-07 18:28:50 - [TEST_STEP][PASSED] - setText(findTestObject(orPath_TaxInfo + "/input_MDCRegistration"), " "): Text ' ' is set on object 'Object Repository/RAD_Pages/TaxInfo_Page/input_MDCRegistration'

2024-11-07 18:28:51 - [MESSAGE][PASSED] - Text ' ' is set on object 'Object Repository/RAD_Pages/TaxInfo_Page/input_MDCRegistration'

2024-11-07 18:28:51 - [TEST_STEP][PASSED] - setText(findTestObject(orPath_Amount + "/input__paymentAmount"), ""): Text '' is set on object 'Object Repository/RAD_Pages/PaymentAmount_Page/input__paymentAmount'

2024-11-07 18:28:52 - [MESSAGE][PASSED] - Text '' is set on object 'Object Repository/RAD_Pages/PaymentAmount_Page/input__paymentAmount'

2024-11-07 18:28:52 - [TEST_STEP][PASSED] - verifyTextPresent("Enter valid MD Central Registration Number", true, CONTINUE_ON_FAILURE): Text 'Enter valid MD Central Registration Number' is present on page  using regular expression

2024-11-07 18:28:52 - [MESSAGE][PASSED] - Text 'Enter valid MD Central Registration Number' is present on page  using regular expression

2024-11-07 18:28:52 - [TEST_STEP][PASSED] - if (MFLicNum.equalsIgnoreCase("Y")): null

2024-11-07 18:28:52 - [TEST_STEP][PASSED] - resText = "Pass": null

2024-11-07 18:28:52 - [TEST_STEP][PASSED] - pages.WriteExcel.demoKey(resText, datText, resColumn, datCloumn, fileLoc, nameSheet, row): pages.WriteExcel.demoKey is PASSED

2024-11-07 18:28:52 - [MESSAGE][PASSED] - pages.WriteExcel.demoKey is PASSED

2024-11-07 18:28:52 - [TEST_STEP][PASSED] - ExecuteTC = findTestData(dataFile).getValue("Execute", row): null

2024-11-07 18:28:52 - [TEST_STEP][PASSED] - TaxType = findTestData(dataFile).getValue("TaxType", row): null

2024-11-07 18:28:52 - [TEST_STEP][PASSED] - PaymentType = findTestData(dataFile).getValue("PaymentType", row): null

2024-11-07 18:28:52 - [TEST_STEP][PASSED] - FilingYear = findTestData(dataFile).getValue("Year", row): null

2024-11-07 18:28:52 - [TEST_STEP][PASSED] - feinSSN = findTestData(dataFile).getValue("FeinSsn", row): null

2024-11-07 18:28:52 - [TEST_STEP][PASSED] - CRN = findTestData(dataFile).getValue("CRN", row): null

2024-11-07 18:28:53 - [TEST_STEP][PASSED] - MFLicNum = findTestData(dataFile).getValue("MFLicNum", row): null

2024-11-07 18:28:53 - [TEST_STEP][PASSED] - if (ExecuteTC.equalsIgnoreCase("Y")): pages.WriteExcel.demoKey is PASSED

2024-11-07 18:28:53 - [TEST_STEP][PASSED] - out.println("Begin Record Number: " + row): null

2024-11-07 18:28:53 - [TEST_STEP][PASSED] - today = new java.util.Date(): null

2024-11-07 18:28:53 - [TEST_STEP][PASSED] - println(today): null

2024-11-07 18:28:53 - [TEST_STEP][PASSED] - datText = today: null

2024-11-07 18:28:53 - [TEST_STEP][PASSED] - logInfo("Payment Type: New Tax Return Amount Due"): Payment Type: New Tax Return Amount Due

2024-11-07 18:28:53 - [MESSAGE][INFO] - Payment Type: New Tax Return Amount Due

2024-11-07 18:28:53 - [TEST_STEP][PASSED] - logInfo("Tax Type: " + TaxType): Tax Type: Slots License Fee

2024-11-07 18:28:53 - [MESSAGE][INFO] - Tax Type: Slots License Fee

2024-11-07 18:28:53 - [TEST_STEP][PASSED] - openBrowser(""): Browser is opened with url: ''

2024-11-07 18:28:53 - [MESSAGE][WARNING] - A browser is already opened. Closing browser and opening a new one

2024-11-07 18:28:54 - [MESSAGE][INFO] - Starting 'Chrome' driver

2024-11-07 18:28:54 - [MESSAGE][INFO] - User set preference: ['acceptInsecureCerts', 'true']

2024-11-07 18:28:54 - [MESSAGE][INFO] - Action delay is set to 0 milliseconds

2024-11-07 18:28:56 - [MESSAGE][PASSED] - Browser is opened with url: ''

2024-11-07 18:28:56 - [TEST_STEP][PASSED] - maximizeWindow(): Current window maximized

2024-11-07 18:28:56 - [MESSAGE][PASSED] - Current window maximized

2024-11-07 18:28:56 - [TEST_STEP][PASSED] - navigateToUrl(RADurl): Navigate to 'https://www.velocitypayment.com/client/rad/index.html' successfully

2024-11-07 18:28:59 - [MESSAGE][PASSED] - Navigate to 'https://www.velocitypayment.com/client/rad/index.html' successfully

2024-11-07 18:28:59 - [TEST_STEP][PASSED] - selectOptionByLabel(findTestObject(orPath_Landing + "/dd_TaxType"), "New Tax Return Amount Due", false): All options with label 'New Tax Return Amount Due' are selected in object 'Object Repository/RAD_Pages/Landing_Page/dd_TaxType' 

2024-11-07 18:29:00 - [MESSAGE][PASSED] - All options with label 'New Tax Return Amount Due' are selected in object 'Object Repository/RAD_Pages/Landing_Page/dd_TaxType' 

2024-11-07 18:29:00 - [TEST_STEP][PASSED] - selectOptionByLabel(findTestObject("Object Repository/RAD_Pages/Landing_Page/select_NewTaxReturnAmountDue_TaxType"), TaxType, false): All options with label 'Slots License Fee' are selected in object 'Object Repository/RAD_Pages/Landing_Page/select_NewTaxReturnAmountDue_TaxType' 

2024-11-07 18:29:00 - [MESSAGE][PASSED] - All options with label 'Slots License Fee' are selected in object 'Object Repository/RAD_Pages/Landing_Page/select_NewTaxReturnAmountDue_TaxType' 

2024-11-07 18:29:00 - [TEST_STEP][PASSED] - selectOptionByLabel(findTestObject(orPath_TaxTypeFilingYear + "/select_FilingYear"), FilingYear, false): All options with label '2022' are selected in object 'Object Repository/RAD_Pages/TaxTypeFilingYear_Page/select_FilingYear' 

2024-11-07 18:29:01 - [MESSAGE][PASSED] - All options with label '2022' are selected in object 'Object Repository/RAD_Pages/TaxTypeFilingYear_Page/select_FilingYear' 

2024-11-07 18:29:01 - [TEST_STEP][PASSED] - setText(findTestObject(orPath_TaxPayer + "/input_businessName"), " "): Text ' ' is set on object 'Object Repository/RAD_Pages/Taxpayer_Page/input_businessName'

2024-11-07 18:29:02 - [MESSAGE][PASSED] - Text ' ' is set on object 'Object Repository/RAD_Pages/Taxpayer_Page/input_businessName'

2024-11-07 18:29:02 - [TEST_STEP][PASSED] - setText(findTestObject(orPath_TaxPayer + "/input_BusinessRepfirstName"), " "): Text ' ' is set on object 'Object Repository/RAD_Pages/Taxpayer_Page/input_BusinessRepfirstName'

2024-11-07 18:29:03 - [MESSAGE][PASSED] - Text ' ' is set on object 'Object Repository/RAD_Pages/Taxpayer_Page/input_BusinessRepfirstName'

2024-11-07 18:29:03 - [TEST_STEP][PASSED] - setText(findTestObject(orPath_TaxPayer + "/input_BusinessReplastName"), " "): Text ' ' is set on object 'Object Repository/RAD_Pages/Taxpayer_Page/input_BusinessReplastName'

2024-11-07 18:29:03 - [MESSAGE][PASSED] - Text ' ' is set on object 'Object Repository/RAD_Pages/Taxpayer_Page/input_BusinessReplastName'

2024-11-07 18:29:03 - [TEST_STEP][PASSED] - setText(findTestObject(orPath_AddressContact + "/input_streetAddress1"), " "): Text ' ' is set on object 'Object Repository/RAD_Pages/AddressAndContactInfo_Page/input_streetAddress1'

2024-11-07 18:29:04 - [MESSAGE][PASSED] - Text ' ' is set on object 'Object Repository/RAD_Pages/AddressAndContactInfo_Page/input_streetAddress1'

2024-11-07 18:29:04 - [TEST_STEP][PASSED] - setText(findTestObject(orPath_AddressContact + "/input_city"), " "): Text ' ' is set on object 'Object Repository/RAD_Pages/AddressAndContactInfo_Page/input_city'

2024-11-07 18:29:05 - [MESSAGE][PASSED] - Text ' ' is set on object 'Object Repository/RAD_Pages/AddressAndContactInfo_Page/input_city'

2024-11-07 18:29:05 - [TEST_STEP][PASSED] - setText(findTestObject(orPath_AddressContact + "/input_zipCode"), " "): Text ' ' is set on object 'Object Repository/RAD_Pages/AddressAndContactInfo_Page/input_zipCode'

2024-11-07 18:29:06 - [MESSAGE][PASSED] - Text ' ' is set on object 'Object Repository/RAD_Pages/AddressAndContactInfo_Page/input_zipCode'

2024-11-07 18:29:06 - [TEST_STEP][PASSED] - setText(findTestObject(orPath_AddressContact + "/input_phoneNumber"), " "): Text ' ' is set on object 'Object Repository/RAD_Pages/AddressAndContactInfo_Page/input_phoneNumber'

2024-11-07 18:29:07 - [MESSAGE][PASSED] - Text ' ' is set on object 'Object Repository/RAD_Pages/AddressAndContactInfo_Page/input_phoneNumber'

2024-11-07 18:29:07 - [TEST_STEP][PASSED] - setText(findTestObject(orPath_AddressContact + "/input_eMailAddress"), " "): Text ' ' is set on object 'Object Repository/RAD_Pages/AddressAndContactInfo_Page/input_eMailAddress'

2024-11-07 18:29:07 - [MESSAGE][PASSED] - Text ' ' is set on object 'Object Repository/RAD_Pages/AddressAndContactInfo_Page/input_eMailAddress'

2024-11-07 18:29:07 - [TEST_STEP][PASSED] - setText(findTestObject(orPath_AddressContact + "/input_reEnterEMailAddress"), " "): Text ' ' is set on object 'Object Repository/RAD_Pages/AddressAndContactInfo_Page/input_reEnterEMailAddress'

2024-11-07 18:29:08 - [MESSAGE][PASSED] - Text ' ' is set on object 'Object Repository/RAD_Pages/AddressAndContactInfo_Page/input_reEnterEMailAddress'

2024-11-07 18:29:08 - [TEST_STEP][PASSED] - if (TaxType.equalsIgnoreCase("Estate Tax")): null

2024-11-07 18:29:08 - [TEST_STEP][PASSED] - setText(findTestObject(orPath_Amount + "/input__paymentAmount"), ""): Text '' is set on object 'Object Repository/RAD_Pages/PaymentAmount_Page/input__paymentAmount'

2024-11-07 18:29:10 - [MESSAGE][PASSED] - Text '' is set on object 'Object Repository/RAD_Pages/PaymentAmount_Page/input__paymentAmount'

2024-11-07 18:29:10 - [TEST_STEP][PASSED] - resText = "Fail": null

2024-11-07 18:29:10 - [TEST_STEP][PASSED] - pages.WriteExcel.demoKey(resText, datText, resColumn, datCloumn, fileLoc, nameSheet, row): pages.WriteExcel.demoKey is PASSED

2024-11-07 18:29:10 - [MESSAGE][PASSED] - pages.WriteExcel.demoKey is PASSED

2024-11-07 18:29:10 - [TEST_STEP][PASSED] - verifyTextPresent("Enter business name", true, CONTINUE_ON_FAILURE): Text 'Enter business name' is present on page  using regular expression

2024-11-07 18:29:10 - [MESSAGE][PASSED] - Text 'Enter business name' is present on page  using regular expression

2024-11-07 18:29:10 - [TEST_STEP][PASSED] - verifyTextPresent("Enter business rep first name", true, CONTINUE_ON_FAILURE): Text 'Enter business rep first name' is present on page  using regular expression

2024-11-07 18:29:11 - [MESSAGE][PASSED] - Text 'Enter business rep first name' is present on page  using regular expression

2024-11-07 18:29:11 - [TEST_STEP][PASSED] - verifyTextPresent("Enter business rep last name", true, CONTINUE_ON_FAILURE): Text 'Enter business rep last name' is present on page  using regular expression

2024-11-07 18:29:11 - [MESSAGE][PASSED] - Text 'Enter business rep last name' is present on page  using regular expression

2024-11-07 18:29:11 - [TEST_STEP][PASSED] - verifyTextPresent("Enter address", true, CONTINUE_ON_FAILURE): Text 'Enter address' is present on page  using regular expression

2024-11-07 18:29:11 - [MESSAGE][PASSED] - Text 'Enter address' is present on page  using regular expression

2024-11-07 18:29:11 - [TEST_STEP][PASSED] - verifyTextPresent("Enter city", true, CONTINUE_ON_FAILURE): Text 'Enter city' is present on page  using regular expression

2024-11-07 18:29:12 - [MESSAGE][PASSED] - Text 'Enter city' is present on page  using regular expression

2024-11-07 18:29:12 - [TEST_STEP][PASSED] - verifyTextPresent("Enter ZIP code", true, CONTINUE_ON_FAILURE): Text 'Enter ZIP code' is present on page  using regular expression

2024-11-07 18:29:12 - [MESSAGE][PASSED] - Text 'Enter ZIP code' is present on page  using regular expression

2024-11-07 18:29:12 - [TEST_STEP][PASSED] - verifyTextPresent("Enter a valid phone number", true, CONTINUE_ON_FAILURE): Text 'Enter a valid phone number' is present on page  using regular expression

2024-11-07 18:29:12 - [MESSAGE][PASSED] - Text 'Enter a valid phone number' is present on page  using regular expression

2024-11-07 18:29:12 - [TEST_STEP][PASSED] - verifyTextPresent("Enter Email", true, CONTINUE_ON_FAILURE): Text 'Enter Email' is present on page  using regular expression

2024-11-07 18:29:13 - [MESSAGE][PASSED] - Text 'Enter Email' is present on page  using regular expression

2024-11-07 18:29:13 - [TEST_STEP][PASSED] - if (CRN.equalsIgnoreCase("Y")): null

2024-11-07 18:29:13 - [TEST_STEP][PASSED] - if (MFLicNum.equalsIgnoreCase("Y")): null

2024-11-07 18:29:13 - [TEST_STEP][PASSED] - resText = "Pass": null

2024-11-07 18:29:13 - [TEST_STEP][PASSED] - pages.WriteExcel.demoKey(resText, datText, resColumn, datCloumn, fileLoc, nameSheet, row): pages.WriteExcel.demoKey is PASSED

2024-11-07 18:29:13 - [MESSAGE][PASSED] - pages.WriteExcel.demoKey is PASSED

2024-11-07 18:29:13 - [TEST_STEP][PASSED] - ExecuteTC = findTestData(dataFile).getValue("Execute", row): null

2024-11-07 18:29:13 - [TEST_STEP][PASSED] - TaxType = findTestData(dataFile).getValue("TaxType", row): null

2024-11-07 18:29:13 - [TEST_STEP][PASSED] - PaymentType = findTestData(dataFile).getValue("PaymentType", row): null

2024-11-07 18:29:13 - [TEST_STEP][PASSED] - FilingYear = findTestData(dataFile).getValue("Year", row): null

2024-11-07 18:29:13 - [TEST_STEP][PASSED] - feinSSN = findTestData(dataFile).getValue("FeinSsn", row): null

2024-11-07 18:29:13 - [TEST_STEP][PASSED] - CRN = findTestData(dataFile).getValue("CRN", row): null

2024-11-07 18:29:13 - [TEST_STEP][PASSED] - MFLicNum = findTestData(dataFile).getValue("MFLicNum", row): null

2024-11-07 18:29:13 - [TEST_STEP][PASSED] - if (ExecuteTC.equalsIgnoreCase("Y")): pages.WriteExcel.demoKey is PASSED

2024-11-07 18:29:13 - [TEST_STEP][PASSED] - out.println("Begin Record Number: " + row): null

2024-11-07 18:29:13 - [TEST_STEP][PASSED] - today = new java.util.Date(): null

2024-11-07 18:29:13 - [TEST_STEP][PASSED] - println(today): null

2024-11-07 18:29:13 - [TEST_STEP][PASSED] - datText = today: null

2024-11-07 18:29:13 - [TEST_STEP][PASSED] - logInfo("Payment Type: New Tax Return Amount Due"): Payment Type: New Tax Return Amount Due

2024-11-07 18:29:13 - [MESSAGE][INFO] - Payment Type: New Tax Return Amount Due

2024-11-07 18:29:13 - [TEST_STEP][PASSED] - logInfo("Tax Type: " + TaxType): Tax Type: Tire Recycling Fee

2024-11-07 18:29:13 - [MESSAGE][INFO] - Tax Type: Tire Recycling Fee

2024-11-07 18:29:13 - [TEST_STEP][PASSED] - openBrowser(""): Browser is opened with url: ''

2024-11-07 18:29:13 - [MESSAGE][WARNING] - A browser is already opened. Closing browser and opening a new one

2024-11-07 18:29:15 - [MESSAGE][INFO] - Starting 'Chrome' driver

2024-11-07 18:29:15 - [MESSAGE][INFO] - User set preference: ['acceptInsecureCerts', 'true']

2024-11-07 18:29:15 - [MESSAGE][INFO] - Action delay is set to 0 milliseconds

2024-11-07 18:29:17 - [MESSAGE][PASSED] - Browser is opened with url: ''

2024-11-07 18:29:17 - [TEST_STEP][PASSED] - maximizeWindow(): Current window maximized

2024-11-07 18:29:17 - [MESSAGE][PASSED] - Current window maximized

2024-11-07 18:29:17 - [TEST_STEP][PASSED] - navigateToUrl(RADurl): Navigate to 'https://www.velocitypayment.com/client/rad/index.html' successfully

2024-11-07 18:29:19 - [MESSAGE][PASSED] - Navigate to 'https://www.velocitypayment.com/client/rad/index.html' successfully

2024-11-07 18:29:19 - [TEST_STEP][PASSED] - selectOptionByLabel(findTestObject(orPath_Landing + "/dd_TaxType"), "New Tax Return Amount Due", false): All options with label 'New Tax Return Amount Due' are selected in object 'Object Repository/RAD_Pages/Landing_Page/dd_TaxType' 

2024-11-07 18:29:20 - [MESSAGE][PASSED] - All options with label 'New Tax Return Amount Due' are selected in object 'Object Repository/RAD_Pages/Landing_Page/dd_TaxType' 

2024-11-07 18:29:20 - [TEST_STEP][PASSED] - selectOptionByLabel(findTestObject("Object Repository/RAD_Pages/Landing_Page/select_NewTaxReturnAmountDue_TaxType"), TaxType, false): All options with label 'Tire Recycling Fee' are selected in object 'Object Repository/RAD_Pages/Landing_Page/select_NewTaxReturnAmountDue_TaxType' 

2024-11-07 18:29:21 - [MESSAGE][PASSED] - All options with label 'Tire Recycling Fee' are selected in object 'Object Repository/RAD_Pages/Landing_Page/select_NewTaxReturnAmountDue_TaxType' 

2024-11-07 18:29:21 - [TEST_STEP][PASSED] - selectOptionByLabel(findTestObject(orPath_TaxTypeFilingYear + "/select_FilingYear"), FilingYear, false): All options with label '2022' are selected in object 'Object Repository/RAD_Pages/TaxTypeFilingYear_Page/select_FilingYear' 

2024-11-07 18:29:21 - [MESSAGE][PASSED] - All options with label '2022' are selected in object 'Object Repository/RAD_Pages/TaxTypeFilingYear_Page/select_FilingYear' 

2024-11-07 18:29:21 - [TEST_STEP][PASSED] - setText(findTestObject(orPath_TaxPayer + "/input_businessName"), " "): Text ' ' is set on object 'Object Repository/RAD_Pages/Taxpayer_Page/input_businessName'

2024-11-07 18:29:22 - [MESSAGE][PASSED] - Text ' ' is set on object 'Object Repository/RAD_Pages/Taxpayer_Page/input_businessName'

2024-11-07 18:29:22 - [TEST_STEP][PASSED] - setText(findTestObject(orPath_TaxPayer + "/input_BusinessRepfirstName"), " "): Text ' ' is set on object 'Object Repository/RAD_Pages/Taxpayer_Page/input_BusinessRepfirstName'

2024-11-07 18:29:23 - [MESSAGE][PASSED] - Text ' ' is set on object 'Object Repository/RAD_Pages/Taxpayer_Page/input_BusinessRepfirstName'

2024-11-07 18:29:23 - [TEST_STEP][PASSED] - setText(findTestObject(orPath_TaxPayer + "/input_BusinessReplastName"), " "): Text ' ' is set on object 'Object Repository/RAD_Pages/Taxpayer_Page/input_BusinessReplastName'

2024-11-07 18:29:24 - [MESSAGE][PASSED] - Text ' ' is set on object 'Object Repository/RAD_Pages/Taxpayer_Page/input_BusinessReplastName'

2024-11-07 18:29:24 - [TEST_STEP][PASSED] - setText(findTestObject(orPath_AddressContact + "/input_streetAddress1"), " "): Text ' ' is set on object 'Object Repository/RAD_Pages/AddressAndContactInfo_Page/input_streetAddress1'

2024-11-07 18:29:24 - [MESSAGE][PASSED] - Text ' ' is set on object 'Object Repository/RAD_Pages/AddressAndContactInfo_Page/input_streetAddress1'

2024-11-07 18:29:24 - [TEST_STEP][PASSED] - setText(findTestObject(orPath_AddressContact + "/input_city"), " "): Text ' ' is set on object 'Object Repository/RAD_Pages/AddressAndContactInfo_Page/input_city'

2024-11-07 18:29:25 - [MESSAGE][PASSED] - Text ' ' is set on object 'Object Repository/RAD_Pages/AddressAndContactInfo_Page/input_city'

2024-11-07 18:29:25 - [TEST_STEP][PASSED] - setText(findTestObject(orPath_AddressContact + "/input_zipCode"), " "): Text ' ' is set on object 'Object Repository/RAD_Pages/AddressAndContactInfo_Page/input_zipCode'

2024-11-07 18:29:26 - [MESSAGE][PASSED] - Text ' ' is set on object 'Object Repository/RAD_Pages/AddressAndContactInfo_Page/input_zipCode'

2024-11-07 18:29:26 - [TEST_STEP][PASSED] - setText(findTestObject(orPath_AddressContact + "/input_phoneNumber"), " "): Text ' ' is set on object 'Object Repository/RAD_Pages/AddressAndContactInfo_Page/input_phoneNumber'

2024-11-07 18:29:27 - [MESSAGE][PASSED] - Text ' ' is set on object 'Object Repository/RAD_Pages/AddressAndContactInfo_Page/input_phoneNumber'

2024-11-07 18:29:27 - [TEST_STEP][PASSED] - setText(findTestObject(orPath_AddressContact + "/input_eMailAddress"), " "): Text ' ' is set on object 'Object Repository/RAD_Pages/AddressAndContactInfo_Page/input_eMailAddress'

2024-11-07 18:29:27 - [MESSAGE][PASSED] - Text ' ' is set on object 'Object Repository/RAD_Pages/AddressAndContactInfo_Page/input_eMailAddress'

2024-11-07 18:29:27 - [TEST_STEP][PASSED] - setText(findTestObject(orPath_AddressContact + "/input_reEnterEMailAddress"), " "): Text ' ' is set on object 'Object Repository/RAD_Pages/AddressAndContactInfo_Page/input_reEnterEMailAddress'

2024-11-07 18:29:28 - [MESSAGE][PASSED] - Text ' ' is set on object 'Object Repository/RAD_Pages/AddressAndContactInfo_Page/input_reEnterEMailAddress'

2024-11-07 18:29:28 - [TEST_STEP][PASSED] - if (TaxType.equalsIgnoreCase("Estate Tax")): null

2024-11-07 18:29:28 - [TEST_STEP][PASSED] - setText(findTestObject(orPath_Amount + "/input__paymentAmount"), ""): Text '' is set on object 'Object Repository/RAD_Pages/PaymentAmount_Page/input__paymentAmount'

2024-11-07 18:29:29 - [MESSAGE][PASSED] - Text '' is set on object 'Object Repository/RAD_Pages/PaymentAmount_Page/input__paymentAmount'

2024-11-07 18:29:29 - [TEST_STEP][PASSED] - resText = "Fail": null

2024-11-07 18:29:29 - [TEST_STEP][PASSED] - pages.WriteExcel.demoKey(resText, datText, resColumn, datCloumn, fileLoc, nameSheet, row): pages.WriteExcel.demoKey is PASSED

2024-11-07 18:29:29 - [MESSAGE][PASSED] - pages.WriteExcel.demoKey is PASSED

2024-11-07 18:29:29 - [TEST_STEP][PASSED] - verifyTextPresent("Enter business name", true, CONTINUE_ON_FAILURE): Text 'Enter business name' is present on page  using regular expression

2024-11-07 18:29:30 - [MESSAGE][PASSED] - Text 'Enter business name' is present on page  using regular expression

2024-11-07 18:29:30 - [TEST_STEP][PASSED] - verifyTextPresent("Enter business rep first name", true, CONTINUE_ON_FAILURE): Text 'Enter business rep first name' is present on page  using regular expression

2024-11-07 18:29:30 - [MESSAGE][PASSED] - Text 'Enter business rep first name' is present on page  using regular expression

2024-11-07 18:29:30 - [TEST_STEP][PASSED] - verifyTextPresent("Enter business rep last name", true, CONTINUE_ON_FAILURE): Text 'Enter business rep last name' is present on page  using regular expression

2024-11-07 18:29:30 - [MESSAGE][PASSED] - Text 'Enter business rep last name' is present on page  using regular expression

2024-11-07 18:29:30 - [TEST_STEP][PASSED] - verifyTextPresent("Enter address", true, CONTINUE_ON_FAILURE): Text 'Enter address' is present on page  using regular expression

2024-11-07 18:29:31 - [MESSAGE][PASSED] - Text 'Enter address' is present on page  using regular expression

2024-11-07 18:29:31 - [TEST_STEP][PASSED] - verifyTextPresent("Enter city", true, CONTINUE_ON_FAILURE): Text 'Enter city' is present on page  using regular expression

2024-11-07 18:29:31 - [MESSAGE][PASSED] - Text 'Enter city' is present on page  using regular expression

2024-11-07 18:29:31 - [TEST_STEP][PASSED] - verifyTextPresent("Enter ZIP code", true, CONTINUE_ON_FAILURE): Text 'Enter ZIP code' is present on page  using regular expression

2024-11-07 18:29:32 - [MESSAGE][PASSED] - Text 'Enter ZIP code' is present on page  using regular expression

2024-11-07 18:29:32 - [TEST_STEP][PASSED] - verifyTextPresent("Enter a valid phone number", true, CONTINUE_ON_FAILURE): Text 'Enter a valid phone number' is present on page  using regular expression

2024-11-07 18:29:32 - [MESSAGE][PASSED] - Text 'Enter a valid phone number' is present on page  using regular expression

2024-11-07 18:29:32 - [TEST_STEP][PASSED] - verifyTextPresent("Enter Email", true, CONTINUE_ON_FAILURE): Text 'Enter Email' is present on page  using regular expression

2024-11-07 18:29:32 - [MESSAGE][PASSED] - Text 'Enter Email' is present on page  using regular expression

2024-11-07 18:29:32 - [TEST_STEP][PASSED] - if (CRN.equalsIgnoreCase("Y")): Text 'Enter valid MD Central Registration Number' is present on page  using regular expression

2024-11-07 18:29:32 - [TEST_STEP][PASSED] - setText(findTestObject(orPath_TaxInfo + "/input_MDCRegistration"), " "): Text ' ' is set on object 'Object Repository/RAD_Pages/TaxInfo_Page/input_MDCRegistration'

2024-11-07 18:29:33 - [MESSAGE][PASSED] - Text ' ' is set on object 'Object Repository/RAD_Pages/TaxInfo_Page/input_MDCRegistration'

2024-11-07 18:29:33 - [TEST_STEP][PASSED] - setText(findTestObject(orPath_Amount + "/input__paymentAmount"), ""): Text '' is set on object 'Object Repository/RAD_Pages/PaymentAmount_Page/input__paymentAmount'

2024-11-07 18:29:34 - [MESSAGE][PASSED] - Text '' is set on object 'Object Repository/RAD_Pages/PaymentAmount_Page/input__paymentAmount'

2024-11-07 18:29:34 - [TEST_STEP][PASSED] - verifyTextPresent("Enter valid MD Central Registration Number", true, CONTINUE_ON_FAILURE): Text 'Enter valid MD Central Registration Number' is present on page  using regular expression

2024-11-07 18:29:34 - [MESSAGE][PASSED] - Text 'Enter valid MD Central Registration Number' is present on page  using regular expression

2024-11-07 18:29:34 - [TEST_STEP][PASSED] - if (MFLicNum.equalsIgnoreCase("Y")): null

2024-11-07 18:29:34 - [TEST_STEP][PASSED] - resText = "Pass": null

2024-11-07 18:29:34 - [TEST_STEP][PASSED] - pages.WriteExcel.demoKey(resText, datText, resColumn, datCloumn, fileLoc, nameSheet, row): pages.WriteExcel.demoKey is PASSED

2024-11-07 18:29:34 - [MESSAGE][PASSED] - pages.WriteExcel.demoKey is PASSED

2024-11-07 18:29:34 - [TEST_STEP][PASSED] - ExecuteTC = findTestData(dataFile).getValue("Execute", row): null

2024-11-07 18:29:34 - [TEST_STEP][PASSED] - TaxType = findTestData(dataFile).getValue("TaxType", row): null

2024-11-07 18:29:34 - [TEST_STEP][PASSED] - PaymentType = findTestData(dataFile).getValue("PaymentType", row): null

2024-11-07 18:29:35 - [TEST_STEP][PASSED] - FilingYear = findTestData(dataFile).getValue("Year", row): null

2024-11-07 18:29:36 - [TEST_STEP][PASSED] - feinSSN = findTestData(dataFile).getValue("FeinSsn", row): null

2024-11-07 18:29:36 - [TEST_STEP][PASSED] - CRN = findTestData(dataFile).getValue("CRN", row): null

2024-11-07 18:29:36 - [TEST_STEP][PASSED] - MFLicNum = findTestData(dataFile).getValue("MFLicNum", row): null

2024-11-07 18:29:36 - [TEST_STEP][PASSED] - if (ExecuteTC.equalsIgnoreCase("Y")): pages.WriteExcel.demoKey is PASSED

2024-11-07 18:29:36 - [TEST_STEP][PASSED] - out.println("Begin Record Number: " + row): null

2024-11-07 18:29:36 - [TEST_STEP][PASSED] - today = new java.util.Date(): null

2024-11-07 18:29:36 - [TEST_STEP][PASSED] - println(today): null

2024-11-07 18:29:36 - [TEST_STEP][PASSED] - datText = today: null

2024-11-07 18:29:36 - [TEST_STEP][PASSED] - logInfo("Payment Type: New Tax Return Amount Due"): Payment Type: New Tax Return Amount Due

2024-11-07 18:29:36 - [MESSAGE][INFO] - Payment Type: New Tax Return Amount Due

2024-11-07 18:29:36 - [TEST_STEP][PASSED] - logInfo("Tax Type: " + TaxType): Tax Type: Tobacco Tax

2024-11-07 18:29:36 - [MESSAGE][INFO] - Tax Type: Tobacco Tax

2024-11-07 18:29:36 - [TEST_STEP][PASSED] - openBrowser(""): Browser is opened with url: ''

2024-11-07 18:29:36 - [MESSAGE][WARNING] - A browser is already opened. Closing browser and opening a new one

2024-11-07 18:29:37 - [MESSAGE][INFO] - Starting 'Chrome' driver

2024-11-07 18:29:37 - [MESSAGE][INFO] - User set preference: ['acceptInsecureCerts', 'true']

2024-11-07 18:29:37 - [MESSAGE][INFO] - Action delay is set to 0 milliseconds

2024-11-07 18:29:39 - [MESSAGE][PASSED] - Browser is opened with url: ''

2024-11-07 18:29:39 - [TEST_STEP][PASSED] - maximizeWindow(): Current window maximized

2024-11-07 18:29:39 - [MESSAGE][PASSED] - Current window maximized

2024-11-07 18:29:39 - [TEST_STEP][PASSED] - navigateToUrl(RADurl): Navigate to 'https://www.velocitypayment.com/client/rad/index.html' successfully

2024-11-07 18:29:39 - [MESSAGE][PASSED] - Navigate to 'https://www.velocitypayment.com/client/rad/index.html' successfully

2024-11-07 18:29:39 - [TEST_STEP][PASSED] - selectOptionByLabel(findTestObject(orPath_Landing + "/dd_TaxType"), "New Tax Return Amount Due", false): All options with label 'New Tax Return Amount Due' are selected in object 'Object Repository/RAD_Pages/Landing_Page/dd_TaxType' 

2024-11-07 18:29:42 - [MESSAGE][PASSED] - All options with label 'New Tax Return Amount Due' are selected in object 'Object Repository/RAD_Pages/Landing_Page/dd_TaxType' 

2024-11-07 18:29:42 - [TEST_STEP][PASSED] - selectOptionByLabel(findTestObject("Object Repository/RAD_Pages/Landing_Page/select_NewTaxReturnAmountDue_TaxType"), TaxType, false): All options with label 'Tobacco Tax' are selected in object 'Object Repository/RAD_Pages/Landing_Page/select_NewTaxReturnAmountDue_TaxType' 

2024-11-07 18:29:43 - [MESSAGE][PASSED] - All options with label 'Tobacco Tax' are selected in object 'Object Repository/RAD_Pages/Landing_Page/select_NewTaxReturnAmountDue_TaxType' 

2024-11-07 18:29:43 - [TEST_STEP][PASSED] - selectOptionByLabel(findTestObject(orPath_TaxTypeFilingYear + "/select_FilingYear"), FilingYear, false): All options with label '2022' are selected in object 'Object Repository/RAD_Pages/TaxTypeFilingYear_Page/select_FilingYear' 

2024-11-07 18:29:43 - [MESSAGE][PASSED] - All options with label '2022' are selected in object 'Object Repository/RAD_Pages/TaxTypeFilingYear_Page/select_FilingYear' 

2024-11-07 18:29:43 - [TEST_STEP][PASSED] - setText(findTestObject(orPath_TaxPayer + "/input_businessName"), " "): Text ' ' is set on object 'Object Repository/RAD_Pages/Taxpayer_Page/input_businessName'

2024-11-07 18:29:44 - [MESSAGE][PASSED] - Text ' ' is set on object 'Object Repository/RAD_Pages/Taxpayer_Page/input_businessName'

2024-11-07 18:29:44 - [TEST_STEP][PASSED] - setText(findTestObject(orPath_TaxPayer + "/input_BusinessRepfirstName"), " "): Text ' ' is set on object 'Object Repository/RAD_Pages/Taxpayer_Page/input_BusinessRepfirstName'

2024-11-07 18:29:45 - [MESSAGE][PASSED] - Text ' ' is set on object 'Object Repository/RAD_Pages/Taxpayer_Page/input_BusinessRepfirstName'

2024-11-07 18:29:45 - [TEST_STEP][PASSED] - setText(findTestObject(orPath_TaxPayer + "/input_BusinessReplastName"), " "): Text ' ' is set on object 'Object Repository/RAD_Pages/Taxpayer_Page/input_BusinessReplastName'

2024-11-07 18:29:45 - [MESSAGE][PASSED] - Text ' ' is set on object 'Object Repository/RAD_Pages/Taxpayer_Page/input_BusinessReplastName'

2024-11-07 18:29:45 - [TEST_STEP][PASSED] - setText(findTestObject(orPath_AddressContact + "/input_streetAddress1"), " "): Text ' ' is set on object 'Object Repository/RAD_Pages/AddressAndContactInfo_Page/input_streetAddress1'

2024-11-07 18:29:46 - [MESSAGE][PASSED] - Text ' ' is set on object 'Object Repository/RAD_Pages/AddressAndContactInfo_Page/input_streetAddress1'

2024-11-07 18:29:46 - [TEST_STEP][PASSED] - setText(findTestObject(orPath_AddressContact + "/input_city"), " "): Text ' ' is set on object 'Object Repository/RAD_Pages/AddressAndContactInfo_Page/input_city'

2024-11-07 18:29:47 - [MESSAGE][PASSED] - Text ' ' is set on object 'Object Repository/RAD_Pages/AddressAndContactInfo_Page/input_city'

2024-11-07 18:29:47 - [TEST_STEP][PASSED] - setText(findTestObject(orPath_AddressContact + "/input_zipCode"), " "): Text ' ' is set on object 'Object Repository/RAD_Pages/AddressAndContactInfo_Page/input_zipCode'

2024-11-07 18:29:48 - [MESSAGE][PASSED] - Text ' ' is set on object 'Object Repository/RAD_Pages/AddressAndContactInfo_Page/input_zipCode'

2024-11-07 18:29:48 - [TEST_STEP][PASSED] - setText(findTestObject(orPath_AddressContact + "/input_phoneNumber"), " "): Text ' ' is set on object 'Object Repository/RAD_Pages/AddressAndContactInfo_Page/input_phoneNumber'

2024-11-07 18:29:48 - [MESSAGE][PASSED] - Text ' ' is set on object 'Object Repository/RAD_Pages/AddressAndContactInfo_Page/input_phoneNumber'

2024-11-07 18:29:48 - [TEST_STEP][PASSED] - setText(findTestObject(orPath_AddressContact + "/input_eMailAddress"), " "): Text ' ' is set on object 'Object Repository/RAD_Pages/AddressAndContactInfo_Page/input_eMailAddress'

2024-11-07 18:29:49 - [MESSAGE][PASSED] - Text ' ' is set on object 'Object Repository/RAD_Pages/AddressAndContactInfo_Page/input_eMailAddress'

2024-11-07 18:29:49 - [TEST_STEP][PASSED] - setText(findTestObject(orPath_AddressContact + "/input_reEnterEMailAddress"), " "): Text ' ' is set on object 'Object Repository/RAD_Pages/AddressAndContactInfo_Page/input_reEnterEMailAddress'

2024-11-07 18:29:50 - [MESSAGE][PASSED] - Text ' ' is set on object 'Object Repository/RAD_Pages/AddressAndContactInfo_Page/input_reEnterEMailAddress'

2024-11-07 18:29:50 - [TEST_STEP][PASSED] - if (TaxType.equalsIgnoreCase("Estate Tax")): null

2024-11-07 18:29:50 - [TEST_STEP][PASSED] - setText(findTestObject(orPath_Amount + "/input__paymentAmount"), ""): Text '' is set on object 'Object Repository/RAD_Pages/PaymentAmount_Page/input__paymentAmount'

2024-11-07 18:29:51 - [MESSAGE][PASSED] - Text '' is set on object 'Object Repository/RAD_Pages/PaymentAmount_Page/input__paymentAmount'

2024-11-07 18:29:51 - [TEST_STEP][PASSED] - resText = "Fail": null

2024-11-07 18:29:51 - [TEST_STEP][PASSED] - pages.WriteExcel.demoKey(resText, datText, resColumn, datCloumn, fileLoc, nameSheet, row): pages.WriteExcel.demoKey is PASSED

2024-11-07 18:29:51 - [MESSAGE][PASSED] - pages.WriteExcel.demoKey is PASSED

2024-11-07 18:29:51 - [TEST_STEP][PASSED] - verifyTextPresent("Enter business name", true, CONTINUE_ON_FAILURE): Text 'Enter business name' is present on page  using regular expression

2024-11-07 18:29:51 - [MESSAGE][PASSED] - Text 'Enter business name' is present on page  using regular expression

2024-11-07 18:29:51 - [TEST_STEP][PASSED] - verifyTextPresent("Enter business rep first name", true, CONTINUE_ON_FAILURE): Text 'Enter business rep first name' is present on page  using regular expression

2024-11-07 18:29:52 - [MESSAGE][PASSED] - Text 'Enter business rep first name' is present on page  using regular expression

2024-11-07 18:29:52 - [TEST_STEP][PASSED] - verifyTextPresent("Enter business rep last name", true, CONTINUE_ON_FAILURE): Text 'Enter business rep last name' is present on page  using regular expression

2024-11-07 18:29:52 - [MESSAGE][PASSED] - Text 'Enter business rep last name' is present on page  using regular expression

2024-11-07 18:29:52 - [TEST_STEP][PASSED] - verifyTextPresent("Enter address", true, CONTINUE_ON_FAILURE): Text 'Enter address' is present on page  using regular expression

2024-11-07 18:29:52 - [MESSAGE][PASSED] - Text 'Enter address' is present on page  using regular expression

2024-11-07 18:29:52 - [TEST_STEP][PASSED] - verifyTextPresent("Enter city", true, CONTINUE_ON_FAILURE): Text 'Enter city' is present on page  using regular expression

2024-11-07 18:29:53 - [MESSAGE][PASSED] - Text 'Enter city' is present on page  using regular expression

2024-11-07 18:29:53 - [TEST_STEP][PASSED] - verifyTextPresent("Enter ZIP code", true, CONTINUE_ON_FAILURE): Text 'Enter ZIP code' is present on page  using regular expression

2024-11-07 18:29:53 - [MESSAGE][PASSED] - Text 'Enter ZIP code' is present on page  using regular expression

2024-11-07 18:29:53 - [TEST_STEP][PASSED] - verifyTextPresent("Enter a valid phone number", true, CONTINUE_ON_FAILURE): Text 'Enter a valid phone number' is present on page  using regular expression

2024-11-07 18:29:53 - [MESSAGE][PASSED] - Text 'Enter a valid phone number' is present on page  using regular expression

2024-11-07 18:29:53 - [TEST_STEP][PASSED] - verifyTextPresent("Enter Email", true, CONTINUE_ON_FAILURE): Text 'Enter Email' is present on page  using regular expression

2024-11-07 18:29:54 - [MESSAGE][PASSED] - Text 'Enter Email' is present on page  using regular expression

2024-11-07 18:29:54 - [TEST_STEP][PASSED] - if (CRN.equalsIgnoreCase("Y")): Text 'Enter valid MD Central Registration Number' is present on page  using regular expression

2024-11-07 18:29:54 - [TEST_STEP][PASSED] - setText(findTestObject(orPath_TaxInfo + "/input_MDCRegistration"), " "): Text ' ' is set on object 'Object Repository/RAD_Pages/TaxInfo_Page/input_MDCRegistration'

2024-11-07 18:29:54 - [MESSAGE][PASSED] - Text ' ' is set on object 'Object Repository/RAD_Pages/TaxInfo_Page/input_MDCRegistration'

2024-11-07 18:29:54 - [TEST_STEP][PASSED] - setText(findTestObject(orPath_Amount + "/input__paymentAmount"), ""): Text '' is set on object 'Object Repository/RAD_Pages/PaymentAmount_Page/input__paymentAmount'

2024-11-07 18:29:55 - [MESSAGE][PASSED] - Text '' is set on object 'Object Repository/RAD_Pages/PaymentAmount_Page/input__paymentAmount'

2024-11-07 18:29:55 - [TEST_STEP][PASSED] - verifyTextPresent("Enter valid MD Central Registration Number", true, CONTINUE_ON_FAILURE): Text 'Enter valid MD Central Registration Number' is present on page  using regular expression

2024-11-07 18:29:55 - [MESSAGE][PASSED] - Text 'Enter valid MD Central Registration Number' is present on page  using regular expression

2024-11-07 18:29:55 - [TEST_STEP][PASSED] - if (MFLicNum.equalsIgnoreCase("Y")): null

2024-11-07 18:29:55 - [TEST_STEP][PASSED] - resText = "Pass": null

2024-11-07 18:29:55 - [TEST_STEP][PASSED] - pages.WriteExcel.demoKey(resText, datText, resColumn, datCloumn, fileLoc, nameSheet, row): pages.WriteExcel.demoKey is PASSED

2024-11-07 18:29:55 - [MESSAGE][PASSED] - pages.WriteExcel.demoKey is PASSED

2024-11-07 18:29:55 - [TEST_STEP][PASSED] - ExecuteTC = findTestData(dataFile).getValue("Execute", row): null

2024-11-07 18:29:55 - [TEST_STEP][PASSED] - TaxType = findTestData(dataFile).getValue("TaxType", row): null

2024-11-07 18:29:56 - [TEST_STEP][PASSED] - PaymentType = findTestData(dataFile).getValue("PaymentType", row): null

2024-11-07 18:29:56 - [TEST_STEP][PASSED] - FilingYear = findTestData(dataFile).getValue("Year", row): null

2024-11-07 18:29:56 - [TEST_STEP][PASSED] - feinSSN = findTestData(dataFile).getValue("FeinSsn", row): null

2024-11-07 18:29:56 - [TEST_STEP][PASSED] - CRN = findTestData(dataFile).getValue("CRN", row): null

2024-11-07 18:29:56 - [TEST_STEP][PASSED] - MFLicNum = findTestData(dataFile).getValue("MFLicNum", row): null

2024-11-07 18:29:56 - [TEST_STEP][PASSED] - if (ExecuteTC.equalsIgnoreCase("Y")): pages.WriteExcel.demoKey is PASSED

2024-11-07 18:29:56 - [TEST_STEP][PASSED] - out.println("Begin Record Number: " + row): null

2024-11-07 18:29:56 - [TEST_STEP][PASSED] - today = new java.util.Date(): null

2024-11-07 18:29:56 - [TEST_STEP][PASSED] - println(today): null

2024-11-07 18:29:56 - [TEST_STEP][PASSED] - datText = today: null

2024-11-07 18:29:56 - [TEST_STEP][PASSED] - logInfo("Payment Type: New Tax Return Amount Due"): Payment Type: New Tax Return Amount Due

2024-11-07 18:29:56 - [MESSAGE][INFO] - Payment Type: New Tax Return Amount Due

2024-11-07 18:29:56 - [TEST_STEP][PASSED] - logInfo("Tax Type: " + TaxType): Tax Type: Transportation Network Services

2024-11-07 18:29:56 - [MESSAGE][INFO] - Tax Type: Transportation Network Services

2024-11-07 18:29:56 - [TEST_STEP][PASSED] - openBrowser(""): Browser is opened with url: ''

2024-11-07 18:29:56 - [MESSAGE][WARNING] - A browser is already opened. Closing browser and opening a new one

2024-11-07 18:29:58 - [MESSAGE][INFO] - Starting 'Chrome' driver

2024-11-07 18:29:58 - [MESSAGE][INFO] - User set preference: ['acceptInsecureCerts', 'true']

2024-11-07 18:29:58 - [MESSAGE][INFO] - Action delay is set to 0 milliseconds

2024-11-07 18:30:00 - [MESSAGE][PASSED] - Browser is opened with url: ''

2024-11-07 18:30:00 - [TEST_STEP][PASSED] - maximizeWindow(): Current window maximized

2024-11-07 18:30:00 - [MESSAGE][PASSED] - Current window maximized

2024-11-07 18:30:00 - [TEST_STEP][PASSED] - navigateToUrl(RADurl): Navigate to 'https://www.velocitypayment.com/client/rad/index.html' successfully

2024-11-07 18:30:02 - [MESSAGE][PASSED] - Navigate to 'https://www.velocitypayment.com/client/rad/index.html' successfully

2024-11-07 18:30:02 - [TEST_STEP][PASSED] - selectOptionByLabel(findTestObject(orPath_Landing + "/dd_TaxType"), "New Tax Return Amount Due", false): All options with label 'New Tax Return Amount Due' are selected in object 'Object Repository/RAD_Pages/Landing_Page/dd_TaxType' 

2024-11-07 18:30:03 - [MESSAGE][PASSED] - All options with label 'New Tax Return Amount Due' are selected in object 'Object Repository/RAD_Pages/Landing_Page/dd_TaxType' 

2024-11-07 18:30:03 - [TEST_STEP][PASSED] - selectOptionByLabel(findTestObject("Object Repository/RAD_Pages/Landing_Page/select_NewTaxReturnAmountDue_TaxType"), TaxType, false): All options with label 'Transportation Network Services' are selected in object 'Object Repository/RAD_Pages/Landing_Page/select_NewTaxReturnAmountDue_TaxType' 

2024-11-07 18:30:04 - [MESSAGE][PASSED] - All options with label 'Transportation Network Services' are selected in object 'Object Repository/RAD_Pages/Landing_Page/select_NewTaxReturnAmountDue_TaxType' 

2024-11-07 18:30:04 - [TEST_STEP][PASSED] - selectOptionByLabel(findTestObject(orPath_TaxTypeFilingYear + "/select_FilingYear"), FilingYear, false): All options with label '2022' are selected in object 'Object Repository/RAD_Pages/TaxTypeFilingYear_Page/select_FilingYear' 

2024-11-07 18:30:04 - [MESSAGE][PASSED] - All options with label '2022' are selected in object 'Object Repository/RAD_Pages/TaxTypeFilingYear_Page/select_FilingYear' 

2024-11-07 18:30:04 - [TEST_STEP][PASSED] - setText(findTestObject(orPath_TaxPayer + "/input_businessName"), " "): Text ' ' is set on object 'Object Repository/RAD_Pages/Taxpayer_Page/input_businessName'

2024-11-07 18:30:05 - [MESSAGE][PASSED] - Text ' ' is set on object 'Object Repository/RAD_Pages/Taxpayer_Page/input_businessName'

2024-11-07 18:30:05 - [TEST_STEP][PASSED] - setText(findTestObject(orPath_TaxPayer + "/input_BusinessRepfirstName"), " "): Text ' ' is set on object 'Object Repository/RAD_Pages/Taxpayer_Page/input_BusinessRepfirstName'

2024-11-07 18:30:06 - [MESSAGE][PASSED] - Text ' ' is set on object 'Object Repository/RAD_Pages/Taxpayer_Page/input_BusinessRepfirstName'

2024-11-07 18:30:06 - [TEST_STEP][PASSED] - setText(findTestObject(orPath_TaxPayer + "/input_BusinessReplastName"), " "): Text ' ' is set on object 'Object Repository/RAD_Pages/Taxpayer_Page/input_BusinessReplastName'

2024-11-07 18:30:07 - [MESSAGE][PASSED] - Text ' ' is set on object 'Object Repository/RAD_Pages/Taxpayer_Page/input_BusinessReplastName'

2024-11-07 18:30:07 - [TEST_STEP][PASSED] - setText(findTestObject(orPath_AddressContact + "/input_streetAddress1"), " "): Text ' ' is set on object 'Object Repository/RAD_Pages/AddressAndContactInfo_Page/input_streetAddress1'

2024-11-07 18:30:07 - [MESSAGE][PASSED] - Text ' ' is set on object 'Object Repository/RAD_Pages/AddressAndContactInfo_Page/input_streetAddress1'

2024-11-07 18:30:07 - [TEST_STEP][PASSED] - setText(findTestObject(orPath_AddressContact + "/input_city"), " "): Text ' ' is set on object 'Object Repository/RAD_Pages/AddressAndContactInfo_Page/input_city'

2024-11-07 18:30:08 - [MESSAGE][PASSED] - Text ' ' is set on object 'Object Repository/RAD_Pages/AddressAndContactInfo_Page/input_city'

2024-11-07 18:30:08 - [TEST_STEP][PASSED] - setText(findTestObject(orPath_AddressContact + "/input_zipCode"), " "): Text ' ' is set on object 'Object Repository/RAD_Pages/AddressAndContactInfo_Page/input_zipCode'

2024-11-07 18:30:09 - [MESSAGE][PASSED] - Text ' ' is set on object 'Object Repository/RAD_Pages/AddressAndContactInfo_Page/input_zipCode'

2024-11-07 18:30:09 - [TEST_STEP][PASSED] - setText(findTestObject(orPath_AddressContact + "/input_phoneNumber"), " "): Text ' ' is set on object 'Object Repository/RAD_Pages/AddressAndContactInfo_Page/input_phoneNumber'

2024-11-07 18:30:10 - [MESSAGE][PASSED] - Text ' ' is set on object 'Object Repository/RAD_Pages/AddressAndContactInfo_Page/input_phoneNumber'

2024-11-07 18:30:10 - [TEST_STEP][PASSED] - setText(findTestObject(orPath_AddressContact + "/input_eMailAddress"), " "): Text ' ' is set on object 'Object Repository/RAD_Pages/AddressAndContactInfo_Page/input_eMailAddress'

2024-11-07 18:30:10 - [MESSAGE][PASSED] - Text ' ' is set on object 'Object Repository/RAD_Pages/AddressAndContactInfo_Page/input_eMailAddress'

2024-11-07 18:30:10 - [TEST_STEP][PASSED] - setText(findTestObject(orPath_AddressContact + "/input_reEnterEMailAddress"), " "): Text ' ' is set on object 'Object Repository/RAD_Pages/AddressAndContactInfo_Page/input_reEnterEMailAddress'

2024-11-07 18:30:11 - [MESSAGE][PASSED] - Text ' ' is set on object 'Object Repository/RAD_Pages/AddressAndContactInfo_Page/input_reEnterEMailAddress'

2024-11-07 18:30:11 - [TEST_STEP][PASSED] - if (TaxType.equalsIgnoreCase("Estate Tax")): null

2024-11-07 18:30:11 - [TEST_STEP][PASSED] - setText(findTestObject(orPath_Amount + "/input__paymentAmount"), ""): Text '' is set on object 'Object Repository/RAD_Pages/PaymentAmount_Page/input__paymentAmount'

2024-11-07 18:30:12 - [MESSAGE][PASSED] - Text '' is set on object 'Object Repository/RAD_Pages/PaymentAmount_Page/input__paymentAmount'

2024-11-07 18:30:12 - [TEST_STEP][PASSED] - resText = "Fail": null

2024-11-07 18:30:12 - [TEST_STEP][PASSED] - pages.WriteExcel.demoKey(resText, datText, resColumn, datCloumn, fileLoc, nameSheet, row): pages.WriteExcel.demoKey is PASSED

2024-11-07 18:30:12 - [MESSAGE][PASSED] - pages.WriteExcel.demoKey is PASSED

2024-11-07 18:30:12 - [TEST_STEP][PASSED] - verifyTextPresent("Enter business name", true, CONTINUE_ON_FAILURE): Text 'Enter business name' is present on page  using regular expression

2024-11-07 18:30:13 - [MESSAGE][PASSED] - Text 'Enter business name' is present on page  using regular expression

2024-11-07 18:30:13 - [TEST_STEP][PASSED] - verifyTextPresent("Enter business rep first name", true, CONTINUE_ON_FAILURE): Text 'Enter business rep first name' is present on page  using regular expression

2024-11-07 18:30:13 - [MESSAGE][PASSED] - Text 'Enter business rep first name' is present on page  using regular expression

2024-11-07 18:30:13 - [TEST_STEP][PASSED] - verifyTextPresent("Enter business rep last name", true, CONTINUE_ON_FAILURE): Text 'Enter business rep last name' is present on page  using regular expression

2024-11-07 18:30:13 - [MESSAGE][PASSED] - Text 'Enter business rep last name' is present on page  using regular expression

2024-11-07 18:30:13 - [TEST_STEP][PASSED] - verifyTextPresent("Enter address", true, CONTINUE_ON_FAILURE): Text 'Enter address' is present on page  using regular expression

2024-11-07 18:30:14 - [MESSAGE][PASSED] - Text 'Enter address' is present on page  using regular expression

2024-11-07 18:30:14 - [TEST_STEP][PASSED] - verifyTextPresent("Enter city", true, CONTINUE_ON_FAILURE): Text 'Enter city' is present on page  using regular expression

2024-11-07 18:30:14 - [MESSAGE][PASSED] - Text 'Enter city' is present on page  using regular expression

2024-11-07 18:30:14 - [TEST_STEP][PASSED] - verifyTextPresent("Enter ZIP code", true, CONTINUE_ON_FAILURE): Text 'Enter ZIP code' is present on page  using regular expression

2024-11-07 18:30:14 - [MESSAGE][PASSED] - Text 'Enter ZIP code' is present on page  using regular expression

2024-11-07 18:30:14 - [TEST_STEP][PASSED] - verifyTextPresent("Enter a valid phone number", true, CONTINUE_ON_FAILURE): Text 'Enter a valid phone number' is present on page  using regular expression

2024-11-07 18:30:15 - [MESSAGE][PASSED] - Text 'Enter a valid phone number' is present on page  using regular expression

2024-11-07 18:30:15 - [TEST_STEP][PASSED] - verifyTextPresent("Enter Email", true, CONTINUE_ON_FAILURE): Text 'Enter Email' is present on page  using regular expression

2024-11-07 18:30:15 - [MESSAGE][PASSED] - Text 'Enter Email' is present on page  using regular expression

2024-11-07 18:30:15 - [TEST_STEP][PASSED] - if (CRN.equalsIgnoreCase("Y")): Text 'Enter valid MD Central Registration Number' is present on page  using regular expression

2024-11-07 18:30:15 - [TEST_STEP][PASSED] - setText(findTestObject(orPath_TaxInfo + "/input_MDCRegistration"), " "): Text ' ' is set on object 'Object Repository/RAD_Pages/TaxInfo_Page/input_MDCRegistration'

2024-11-07 18:30:16 - [MESSAGE][PASSED] - Text ' ' is set on object 'Object Repository/RAD_Pages/TaxInfo_Page/input_MDCRegistration'

2024-11-07 18:30:16 - [TEST_STEP][PASSED] - setText(findTestObject(orPath_Amount + "/input__paymentAmount"), ""): Text '' is set on object 'Object Repository/RAD_Pages/PaymentAmount_Page/input__paymentAmount'

2024-11-07 18:30:16 - [MESSAGE][PASSED] - Text '' is set on object 'Object Repository/RAD_Pages/PaymentAmount_Page/input__paymentAmount'

2024-11-07 18:30:16 - [TEST_STEP][PASSED] - verifyTextPresent("Enter valid MD Central Registration Number", true, CONTINUE_ON_FAILURE): Text 'Enter valid MD Central Registration Number' is present on page  using regular expression

2024-11-07 18:30:17 - [MESSAGE][PASSED] - Text 'Enter valid MD Central Registration Number' is present on page  using regular expression

2024-11-07 18:30:17 - [TEST_STEP][PASSED] - if (MFLicNum.equalsIgnoreCase("Y")): null

2024-11-07 18:30:17 - [TEST_STEP][PASSED] - resText = "Pass": null

2024-11-07 18:30:17 - [TEST_STEP][PASSED] - pages.WriteExcel.demoKey(resText, datText, resColumn, datCloumn, fileLoc, nameSheet, row): pages.WriteExcel.demoKey is PASSED

2024-11-07 18:30:17 - [MESSAGE][PASSED] - pages.WriteExcel.demoKey is PASSED

2024-11-07 18:30:17 - [TEST_STEP][PASSED] - ExecuteTC = findTestData(dataFile).getValue("Execute", row): null

2024-11-07 18:30:17 - [TEST_STEP][PASSED] - TaxType = findTestData(dataFile).getValue("TaxType", row): null

2024-11-07 18:30:17 - [TEST_STEP][PASSED] - PaymentType = findTestData(dataFile).getValue("PaymentType", row): null

2024-11-07 18:30:17 - [TEST_STEP][PASSED] - FilingYear = findTestData(dataFile).getValue("Year", row): null

2024-11-07 18:30:17 - [TEST_STEP][PASSED] - feinSSN = findTestData(dataFile).getValue("FeinSsn", row): null

2024-11-07 18:30:17 - [TEST_STEP][PASSED] - CRN = findTestData(dataFile).getValue("CRN", row): null

2024-11-07 18:30:17 - [TEST_STEP][PASSED] - MFLicNum = findTestData(dataFile).getValue("MFLicNum", row): null

2024-11-07 18:30:17 - [TEST_STEP][PASSED] - if (ExecuteTC.equalsIgnoreCase("Y")): pages.WriteExcel.demoKey is PASSED

2024-11-07 18:30:17 - [TEST_STEP][PASSED] - out.println("Begin Record Number: " + row): null

2024-11-07 18:30:17 - [TEST_STEP][PASSED] - today = new java.util.Date(): null

2024-11-07 18:30:17 - [TEST_STEP][PASSED] - println(today): null

2024-11-07 18:30:17 - [TEST_STEP][PASSED] - datText = today: null

2024-11-07 18:30:17 - [TEST_STEP][PASSED] - logInfo("Payment Type: New Tax Return Amount Due"): Payment Type: New Tax Return Amount Due

2024-11-07 18:30:17 - [MESSAGE][INFO] - Payment Type: New Tax Return Amount Due

2024-11-07 18:30:17 - [TEST_STEP][PASSED] - logInfo("Tax Type: " + TaxType): Tax Type: Unclaimed Property

2024-11-07 18:30:17 - [MESSAGE][INFO] - Tax Type: Unclaimed Property

2024-11-07 18:30:17 - [TEST_STEP][PASSED] - openBrowser(""): Browser is opened with url: ''

2024-11-07 18:30:17 - [MESSAGE][WARNING] - A browser is already opened. Closing browser and opening a new one

2024-11-07 18:30:19 - [MESSAGE][INFO] - Starting 'Chrome' driver

2024-11-07 18:30:19 - [MESSAGE][INFO] - User set preference: ['acceptInsecureCerts', 'true']

2024-11-07 18:30:19 - [MESSAGE][INFO] - Action delay is set to 0 milliseconds

2024-11-07 18:30:20 - [MESSAGE][PASSED] - Browser is opened with url: ''

2024-11-07 18:30:20 - [TEST_STEP][PASSED] - maximizeWindow(): Current window maximized

2024-11-07 18:30:21 - [MESSAGE][PASSED] - Current window maximized

2024-11-07 18:30:21 - [TEST_STEP][PASSED] - navigateToUrl(RADurl): Navigate to 'https://www.velocitypayment.com/client/rad/index.html' successfully

2024-11-07 18:30:21 - [MESSAGE][PASSED] - Navigate to 'https://www.velocitypayment.com/client/rad/index.html' successfully

2024-11-07 18:30:21 - [TEST_STEP][PASSED] - selectOptionByLabel(findTestObject(orPath_Landing + "/dd_TaxType"), "New Tax Return Amount Due", false): All options with label 'New Tax Return Amount Due' are selected in object 'Object Repository/RAD_Pages/Landing_Page/dd_TaxType' 

2024-11-07 18:30:24 - [MESSAGE][PASSED] - All options with label 'New Tax Return Amount Due' are selected in object 'Object Repository/RAD_Pages/Landing_Page/dd_TaxType' 

2024-11-07 18:30:24 - [TEST_STEP][PASSED] - selectOptionByLabel(findTestObject("Object Repository/RAD_Pages/Landing_Page/select_NewTaxReturnAmountDue_TaxType"), TaxType, false): All options with label 'Unclaimed Property' are selected in object 'Object Repository/RAD_Pages/Landing_Page/select_NewTaxReturnAmountDue_TaxType' 

2024-11-07 18:30:25 - [MESSAGE][PASSED] - All options with label 'Unclaimed Property' are selected in object 'Object Repository/RAD_Pages/Landing_Page/select_NewTaxReturnAmountDue_TaxType' 

2024-11-07 18:30:25 - [TEST_STEP][PASSED] - selectOptionByLabel(findTestObject(orPath_TaxTypeFilingYear + "/select_FilingYear"), FilingYear, false): All options with label '2022' are selected in object 'Object Repository/RAD_Pages/TaxTypeFilingYear_Page/select_FilingYear' 

2024-11-07 18:30:25 - [MESSAGE][PASSED] - All options with label '2022' are selected in object 'Object Repository/RAD_Pages/TaxTypeFilingYear_Page/select_FilingYear' 

2024-11-07 18:30:25 - [TEST_STEP][PASSED] - setText(findTestObject(orPath_TaxPayer + "/input_businessName"), " "): Text ' ' is set on object 'Object Repository/RAD_Pages/Taxpayer_Page/input_businessName'

2024-11-07 18:30:26 - [MESSAGE][PASSED] - Text ' ' is set on object 'Object Repository/RAD_Pages/Taxpayer_Page/input_businessName'

2024-11-07 18:30:26 - [TEST_STEP][PASSED] - setText(findTestObject(orPath_TaxPayer + "/input_BusinessRepfirstName"), " "): Text ' ' is set on object 'Object Repository/RAD_Pages/Taxpayer_Page/input_BusinessRepfirstName'

2024-11-07 18:30:27 - [MESSAGE][PASSED] - Text ' ' is set on object 'Object Repository/RAD_Pages/Taxpayer_Page/input_BusinessRepfirstName'

2024-11-07 18:30:27 - [TEST_STEP][PASSED] - setText(findTestObject(orPath_TaxPayer + "/input_BusinessReplastName"), " "): Text ' ' is set on object 'Object Repository/RAD_Pages/Taxpayer_Page/input_BusinessReplastName'

2024-11-07 18:30:28 - [MESSAGE][PASSED] - Text ' ' is set on object 'Object Repository/RAD_Pages/Taxpayer_Page/input_BusinessReplastName'

2024-11-07 18:30:28 - [TEST_STEP][PASSED] - setText(findTestObject(orPath_AddressContact + "/input_streetAddress1"), " "): Text ' ' is set on object 'Object Repository/RAD_Pages/AddressAndContactInfo_Page/input_streetAddress1'

2024-11-07 18:30:28 - [MESSAGE][PASSED] - Text ' ' is set on object 'Object Repository/RAD_Pages/AddressAndContactInfo_Page/input_streetAddress1'

2024-11-07 18:30:28 - [TEST_STEP][PASSED] - setText(findTestObject(orPath_AddressContact + "/input_city"), " "): Text ' ' is set on object 'Object Repository/RAD_Pages/AddressAndContactInfo_Page/input_city'

2024-11-07 18:30:29 - [MESSAGE][PASSED] - Text ' ' is set on object 'Object Repository/RAD_Pages/AddressAndContactInfo_Page/input_city'

2024-11-07 18:30:29 - [TEST_STEP][PASSED] - setText(findTestObject(orPath_AddressContact + "/input_zipCode"), " "): Text ' ' is set on object 'Object Repository/RAD_Pages/AddressAndContactInfo_Page/input_zipCode'

2024-11-07 18:30:30 - [MESSAGE][PASSED] - Text ' ' is set on object 'Object Repository/RAD_Pages/AddressAndContactInfo_Page/input_zipCode'

2024-11-07 18:30:30 - [TEST_STEP][PASSED] - setText(findTestObject(orPath_AddressContact + "/input_phoneNumber"), " "): Text ' ' is set on object 'Object Repository/RAD_Pages/AddressAndContactInfo_Page/input_phoneNumber'

2024-11-07 18:30:31 - [MESSAGE][PASSED] - Text ' ' is set on object 'Object Repository/RAD_Pages/AddressAndContactInfo_Page/input_phoneNumber'

2024-11-07 18:30:31 - [TEST_STEP][PASSED] - setText(findTestObject(orPath_AddressContact + "/input_eMailAddress"), " "): Text ' ' is set on object 'Object Repository/RAD_Pages/AddressAndContactInfo_Page/input_eMailAddress'

2024-11-07 18:30:31 - [MESSAGE][PASSED] - Text ' ' is set on object 'Object Repository/RAD_Pages/AddressAndContactInfo_Page/input_eMailAddress'

2024-11-07 18:30:31 - [TEST_STEP][PASSED] - setText(findTestObject(orPath_AddressContact + "/input_reEnterEMailAddress"), " "): Text ' ' is set on object 'Object Repository/RAD_Pages/AddressAndContactInfo_Page/input_reEnterEMailAddress'

2024-11-07 18:30:32 - [MESSAGE][PASSED] - Text ' ' is set on object 'Object Repository/RAD_Pages/AddressAndContactInfo_Page/input_reEnterEMailAddress'

2024-11-07 18:30:32 - [TEST_STEP][PASSED] - if (TaxType.equalsIgnoreCase("Estate Tax")): null

2024-11-07 18:30:32 - [TEST_STEP][PASSED] - setText(findTestObject(orPath_Amount + "/input__paymentAmount"), ""): Text '' is set on object 'Object Repository/RAD_Pages/PaymentAmount_Page/input__paymentAmount'

2024-11-07 18:30:33 - [MESSAGE][PASSED] - Text '' is set on object 'Object Repository/RAD_Pages/PaymentAmount_Page/input__paymentAmount'

2024-11-07 18:30:33 - [TEST_STEP][PASSED] - resText = "Fail": null

2024-11-07 18:30:33 - [TEST_STEP][PASSED] - pages.WriteExcel.demoKey(resText, datText, resColumn, datCloumn, fileLoc, nameSheet, row): pages.WriteExcel.demoKey is PASSED

2024-11-07 18:30:33 - [MESSAGE][PASSED] - pages.WriteExcel.demoKey is PASSED

2024-11-07 18:30:33 - [TEST_STEP][PASSED] - verifyTextPresent("Enter business name", true, CONTINUE_ON_FAILURE): Text 'Enter business name' is present on page  using regular expression

2024-11-07 18:30:34 - [MESSAGE][PASSED] - Text 'Enter business name' is present on page  using regular expression

2024-11-07 18:30:34 - [TEST_STEP][PASSED] - verifyTextPresent("Enter business rep first name", true, CONTINUE_ON_FAILURE): Text 'Enter business rep first name' is present on page  using regular expression

2024-11-07 18:30:34 - [MESSAGE][PASSED] - Text 'Enter business rep first name' is present on page  using regular expression

2024-11-07 18:30:34 - [TEST_STEP][PASSED] - verifyTextPresent("Enter business rep last name", true, CONTINUE_ON_FAILURE): Text 'Enter business rep last name' is present on page  using regular expression

2024-11-07 18:30:35 - [MESSAGE][PASSED] - Text 'Enter business rep last name' is present on page  using regular expression

2024-11-07 18:30:35 - [TEST_STEP][PASSED] - verifyTextPresent("Enter address", true, CONTINUE_ON_FAILURE): Text 'Enter address' is present on page  using regular expression

2024-11-07 18:30:35 - [MESSAGE][PASSED] - Text 'Enter address' is present on page  using regular expression

2024-11-07 18:30:35 - [TEST_STEP][PASSED] - verifyTextPresent("Enter city", true, CONTINUE_ON_FAILURE): Text 'Enter city' is present on page  using regular expression

2024-11-07 18:30:36 - [MESSAGE][PASSED] - Text 'Enter city' is present on page  using regular expression

2024-11-07 18:30:36 - [TEST_STEP][PASSED] - verifyTextPresent("Enter ZIP code", true, CONTINUE_ON_FAILURE): Text 'Enter ZIP code' is present on page  using regular expression

2024-11-07 18:30:36 - [MESSAGE][PASSED] - Text 'Enter ZIP code' is present on page  using regular expression

2024-11-07 18:30:36 - [TEST_STEP][PASSED] - verifyTextPresent("Enter a valid phone number", true, CONTINUE_ON_FAILURE): Text 'Enter a valid phone number' is present on page  using regular expression

2024-11-07 18:30:36 - [MESSAGE][PASSED] - Text 'Enter a valid phone number' is present on page  using regular expression

2024-11-07 18:30:36 - [TEST_STEP][PASSED] - verifyTextPresent("Enter Email", true, CONTINUE_ON_FAILURE): Text 'Enter Email' is present on page  using regular expression

2024-11-07 18:30:37 - [MESSAGE][PASSED] - Text 'Enter Email' is present on page  using regular expression

2024-11-07 18:30:37 - [TEST_STEP][PASSED] - if (CRN.equalsIgnoreCase("Y")): null

2024-11-07 18:30:37 - [TEST_STEP][PASSED] - if (MFLicNum.equalsIgnoreCase("Y")): null

2024-11-07 18:30:37 - [TEST_STEP][PASSED] - resText = "Pass": null

2024-11-07 18:30:37 - [TEST_STEP][PASSED] - pages.WriteExcel.demoKey(resText, datText, resColumn, datCloumn, fileLoc, nameSheet, row): pages.WriteExcel.demoKey is PASSED

2024-11-07 18:30:37 - [MESSAGE][PASSED] - pages.WriteExcel.demoKey is PASSED

2024-11-07 18:30:37 - [TEST_STEP][PASSED] - ExecuteTC = findTestData(dataFile).getValue("Execute", row): null

2024-11-07 18:30:37 - [TEST_STEP][PASSED] - TaxType = findTestData(dataFile).getValue("TaxType", row): null

2024-11-07 18:30:37 - [TEST_STEP][PASSED] - PaymentType = findTestData(dataFile).getValue("PaymentType", row): null

2024-11-07 18:30:37 - [TEST_STEP][PASSED] - FilingYear = findTestData(dataFile).getValue("Year", row): null

2024-11-07 18:30:37 - [TEST_STEP][PASSED] - feinSSN = findTestData(dataFile).getValue("FeinSsn", row): null

2024-11-07 18:30:37 - [TEST_STEP][PASSED] - CRN = findTestData(dataFile).getValue("CRN", row): null

2024-11-07 18:30:37 - [TEST_STEP][PASSED] - MFLicNum = findTestData(dataFile).getValue("MFLicNum", row): null

2024-11-07 18:30:37 - [TEST_STEP][PASSED] - if (ExecuteTC.equalsIgnoreCase("Y")): pages.WriteExcel.demoKey is PASSED

2024-11-07 18:30:37 - [TEST_STEP][PASSED] - out.println("Begin Record Number: " + row): null

2024-11-07 18:30:37 - [TEST_STEP][PASSED] - today = new java.util.Date(): null

2024-11-07 18:30:37 - [TEST_STEP][PASSED] - println(today): null

2024-11-07 18:30:37 - [TEST_STEP][PASSED] - datText = today: null

2024-11-07 18:30:37 - [TEST_STEP][PASSED] - logInfo("Payment Type: New Tax Return Amount Due"): Payment Type: New Tax Return Amount Due

2024-11-07 18:30:37 - [MESSAGE][INFO] - Payment Type: New Tax Return Amount Due

2024-11-07 18:30:37 - [TEST_STEP][PASSED] - logInfo("Tax Type: " + TaxType): Tax Type: Withholding Tax

2024-11-07 18:30:37 - [MESSAGE][INFO] - Tax Type: Withholding Tax

2024-11-07 18:30:37 - [TEST_STEP][PASSED] - openBrowser(""): Browser is opened with url: ''

2024-11-07 18:30:37 - [MESSAGE][WARNING] - A browser is already opened. Closing browser and opening a new one

2024-11-07 18:30:39 - [MESSAGE][INFO] - Starting 'Chrome' driver

2024-11-07 18:30:39 - [MESSAGE][INFO] - User set preference: ['acceptInsecureCerts', 'true']

2024-11-07 18:30:39 - [MESSAGE][INFO] - Action delay is set to 0 milliseconds

2024-11-07 18:30:41 - [MESSAGE][PASSED] - Browser is opened with url: ''

2024-11-07 18:30:41 - [TEST_STEP][PASSED] - maximizeWindow(): Current window maximized

2024-11-07 18:30:41 - [MESSAGE][PASSED] - Current window maximized

2024-11-07 18:30:41 - [TEST_STEP][PASSED] - navigateToUrl(RADurl): Navigate to 'https://www.velocitypayment.com/client/rad/index.html' successfully

2024-11-07 18:30:44 - [MESSAGE][PASSED] - Navigate to 'https://www.velocitypayment.com/client/rad/index.html' successfully

2024-11-07 18:30:44 - [TEST_STEP][PASSED] - selectOptionByLabel(findTestObject(orPath_Landing + "/dd_TaxType"), "New Tax Return Amount Due", false): All options with label 'New Tax Return Amount Due' are selected in object 'Object Repository/RAD_Pages/Landing_Page/dd_TaxType' 

2024-11-07 18:30:45 - [MESSAGE][PASSED] - All options with label 'New Tax Return Amount Due' are selected in object 'Object Repository/RAD_Pages/Landing_Page/dd_TaxType' 

2024-11-07 18:30:45 - [TEST_STEP][PASSED] - selectOptionByLabel(findTestObject("Object Repository/RAD_Pages/Landing_Page/select_NewTaxReturnAmountDue_TaxType"), TaxType, false): All options with label 'Withholding Tax' are selected in object 'Object Repository/RAD_Pages/Landing_Page/select_NewTaxReturnAmountDue_TaxType' 

2024-11-07 18:30:46 - [MESSAGE][PASSED] - All options with label 'Withholding Tax' are selected in object 'Object Repository/RAD_Pages/Landing_Page/select_NewTaxReturnAmountDue_TaxType' 

2024-11-07 18:30:46 - [TEST_STEP][PASSED] - selectOptionByLabel(findTestObject(orPath_TaxTypeFilingYear + "/select_FilingYear"), FilingYear, false): All options with label '2022' are selected in object 'Object Repository/RAD_Pages/TaxTypeFilingYear_Page/select_FilingYear' 

2024-11-07 18:30:46 - [MESSAGE][PASSED] - All options with label '2022' are selected in object 'Object Repository/RAD_Pages/TaxTypeFilingYear_Page/select_FilingYear' 

2024-11-07 18:30:46 - [TEST_STEP][PASSED] - setText(findTestObject(orPath_TaxPayer + "/input_businessName"), " "): Text ' ' is set on object 'Object Repository/RAD_Pages/Taxpayer_Page/input_businessName'

2024-11-07 18:30:47 - [MESSAGE][PASSED] - Text ' ' is set on object 'Object Repository/RAD_Pages/Taxpayer_Page/input_businessName'

2024-11-07 18:30:47 - [TEST_STEP][PASSED] - setText(findTestObject(orPath_TaxPayer + "/input_BusinessRepfirstName"), " "): Text ' ' is set on object 'Object Repository/RAD_Pages/Taxpayer_Page/input_BusinessRepfirstName'

2024-11-07 18:30:48 - [MESSAGE][PASSED] - Text ' ' is set on object 'Object Repository/RAD_Pages/Taxpayer_Page/input_BusinessRepfirstName'

2024-11-07 18:30:48 - [TEST_STEP][PASSED] - setText(findTestObject(orPath_TaxPayer + "/input_BusinessReplastName"), " "): Text ' ' is set on object 'Object Repository/RAD_Pages/Taxpayer_Page/input_BusinessReplastName'

2024-11-07 18:30:49 - [MESSAGE][PASSED] - Text ' ' is set on object 'Object Repository/RAD_Pages/Taxpayer_Page/input_BusinessReplastName'

2024-11-07 18:30:49 - [TEST_STEP][PASSED] - setText(findTestObject(orPath_AddressContact + "/input_streetAddress1"), " "): Text ' ' is set on object 'Object Repository/RAD_Pages/AddressAndContactInfo_Page/input_streetAddress1'

2024-11-07 18:30:50 - [MESSAGE][PASSED] - Text ' ' is set on object 'Object Repository/RAD_Pages/AddressAndContactInfo_Page/input_streetAddress1'

2024-11-07 18:30:50 - [TEST_STEP][PASSED] - setText(findTestObject(orPath_AddressContact + "/input_city"), " "): Text ' ' is set on object 'Object Repository/RAD_Pages/AddressAndContactInfo_Page/input_city'

2024-11-07 18:30:51 - [MESSAGE][PASSED] - Text ' ' is set on object 'Object Repository/RAD_Pages/AddressAndContactInfo_Page/input_city'

2024-11-07 18:30:51 - [TEST_STEP][PASSED] - setText(findTestObject(orPath_AddressContact + "/input_zipCode"), " "): Text ' ' is set on object 'Object Repository/RAD_Pages/AddressAndContactInfo_Page/input_zipCode'

2024-11-07 18:30:52 - [MESSAGE][PASSED] - Text ' ' is set on object 'Object Repository/RAD_Pages/AddressAndContactInfo_Page/input_zipCode'

2024-11-07 18:30:52 - [TEST_STEP][PASSED] - setText(findTestObject(orPath_AddressContact + "/input_phoneNumber"), " "): Text ' ' is set on object 'Object Repository/RAD_Pages/AddressAndContactInfo_Page/input_phoneNumber'

2024-11-07 18:30:53 - [MESSAGE][PASSED] - Text ' ' is set on object 'Object Repository/RAD_Pages/AddressAndContactInfo_Page/input_phoneNumber'

2024-11-07 18:30:53 - [TEST_STEP][PASSED] - setText(findTestObject(orPath_AddressContact + "/input_eMailAddress"), " "): Text ' ' is set on object 'Object Repository/RAD_Pages/AddressAndContactInfo_Page/input_eMailAddress'

2024-11-07 18:30:54 - [MESSAGE][PASSED] - Text ' ' is set on object 'Object Repository/RAD_Pages/AddressAndContactInfo_Page/input_eMailAddress'

2024-11-07 18:30:54 - [TEST_STEP][PASSED] - setText(findTestObject(orPath_AddressContact + "/input_reEnterEMailAddress"), " "): Text ' ' is set on object 'Object Repository/RAD_Pages/AddressAndContactInfo_Page/input_reEnterEMailAddress'

2024-11-07 18:30:54 - [MESSAGE][PASSED] - Text ' ' is set on object 'Object Repository/RAD_Pages/AddressAndContactInfo_Page/input_reEnterEMailAddress'

2024-11-07 18:30:54 - [TEST_STEP][PASSED] - if (TaxType.equalsIgnoreCase("Estate Tax")): null

2024-11-07 18:30:54 - [TEST_STEP][PASSED] - setText(findTestObject(orPath_Amount + "/input__paymentAmount"), ""): Text '' is set on object 'Object Repository/RAD_Pages/PaymentAmount_Page/input__paymentAmount'

2024-11-07 18:30:55 - [MESSAGE][PASSED] - Text '' is set on object 'Object Repository/RAD_Pages/PaymentAmount_Page/input__paymentAmount'

2024-11-07 18:30:55 - [TEST_STEP][PASSED] - resText = "Fail": null

2024-11-07 18:30:55 - [TEST_STEP][PASSED] - pages.WriteExcel.demoKey(resText, datText, resColumn, datCloumn, fileLoc, nameSheet, row): pages.WriteExcel.demoKey is PASSED

2024-11-07 18:30:55 - [MESSAGE][PASSED] - pages.WriteExcel.demoKey is PASSED

2024-11-07 18:30:55 - [TEST_STEP][PASSED] - verifyTextPresent("Enter business name", true, CONTINUE_ON_FAILURE): Text 'Enter business name' is present on page  using regular expression

2024-11-07 18:30:56 - [MESSAGE][PASSED] - Text 'Enter business name' is present on page  using regular expression

2024-11-07 18:30:56 - [TEST_STEP][PASSED] - verifyTextPresent("Enter business rep first name", true, CONTINUE_ON_FAILURE): Text 'Enter business rep first name' is present on page  using regular expression

2024-11-07 18:30:56 - [MESSAGE][PASSED] - Text 'Enter business rep first name' is present on page  using regular expression

2024-11-07 18:30:56 - [TEST_STEP][PASSED] - verifyTextPresent("Enter business rep last name", true, CONTINUE_ON_FAILURE): Text 'Enter business rep last name' is present on page  using regular expression

2024-11-07 18:30:57 - [MESSAGE][PASSED] - Text 'Enter business rep last name' is present on page  using regular expression

2024-11-07 18:30:57 - [TEST_STEP][PASSED] - verifyTextPresent("Enter address", true, CONTINUE_ON_FAILURE): Text 'Enter address' is present on page  using regular expression

2024-11-07 18:30:57 - [MESSAGE][PASSED] - Text 'Enter address' is present on page  using regular expression

2024-11-07 18:30:57 - [TEST_STEP][PASSED] - verifyTextPresent("Enter city", true, CONTINUE_ON_FAILURE): Text 'Enter city' is present on page  using regular expression

2024-11-07 18:30:57 - [MESSAGE][PASSED] - Text 'Enter city' is present on page  using regular expression

2024-11-07 18:30:57 - [TEST_STEP][PASSED] - verifyTextPresent("Enter ZIP code", true, CONTINUE_ON_FAILURE): Text 'Enter ZIP code' is present on page  using regular expression

2024-11-07 18:30:58 - [MESSAGE][PASSED] - Text 'Enter ZIP code' is present on page  using regular expression

2024-11-07 18:30:58 - [TEST_STEP][PASSED] - verifyTextPresent("Enter a valid phone number", true, CONTINUE_ON_FAILURE): Text 'Enter a valid phone number' is present on page  using regular expression

2024-11-07 18:30:58 - [MESSAGE][PASSED] - Text 'Enter a valid phone number' is present on page  using regular expression

2024-11-07 18:30:58 - [TEST_STEP][PASSED] - verifyTextPresent("Enter Email", true, CONTINUE_ON_FAILURE): Text 'Enter Email' is present on page  using regular expression

2024-11-07 18:30:58 - [MESSAGE][PASSED] - Text 'Enter Email' is present on page  using regular expression

2024-11-07 18:30:58 - [TEST_STEP][PASSED] - if (CRN.equalsIgnoreCase("Y")): Text 'Enter valid MD Central Registration Number' is present on page  using regular expression

2024-11-07 18:30:58 - [TEST_STEP][PASSED] - setText(findTestObject(orPath_TaxInfo + "/input_MDCRegistration"), " "): Text ' ' is set on object 'Object Repository/RAD_Pages/TaxInfo_Page/input_MDCRegistration'

2024-11-07 18:30:59 - [MESSAGE][PASSED] - Text ' ' is set on object 'Object Repository/RAD_Pages/TaxInfo_Page/input_MDCRegistration'

2024-11-07 18:30:59 - [TEST_STEP][PASSED] - setText(findTestObject(orPath_Amount + "/input__paymentAmount"), ""): Text '' is set on object 'Object Repository/RAD_Pages/PaymentAmount_Page/input__paymentAmount'

2024-11-07 18:31:00 - [MESSAGE][PASSED] - Text '' is set on object 'Object Repository/RAD_Pages/PaymentAmount_Page/input__paymentAmount'

2024-11-07 18:31:00 - [TEST_STEP][PASSED] - verifyTextPresent("Enter valid MD Central Registration Number", true, CONTINUE_ON_FAILURE): Text 'Enter valid MD Central Registration Number' is present on page  using regular expression

2024-11-07 18:31:00 - [MESSAGE][PASSED] - Text 'Enter valid MD Central Registration Number' is present on page  using regular expression

2024-11-07 18:31:00 - [TEST_STEP][PASSED] - if (MFLicNum.equalsIgnoreCase("Y")): null

2024-11-07 18:31:00 - [TEST_STEP][PASSED] - resText = "Pass": null

2024-11-07 18:31:00 - [TEST_STEP][PASSED] - pages.WriteExcel.demoKey(resText, datText, resColumn, datCloumn, fileLoc, nameSheet, row): pages.WriteExcel.demoKey is PASSED

2024-11-07 18:31:00 - [MESSAGE][PASSED] - pages.WriteExcel.demoKey is PASSED]]></system-out>
         <system-err><![CDATA[]]></system-err>
      </testcase>
      <testcase name="Test Cases/RAD_TestCases/MRF_TestCases/Personal_EL_MRF_TC" time="42.61" classname="Test Cases/RAD_TestCases/MRF_TestCases/Personal_EL_MRF_TC" status="FAILED">
         <failure type="FAILED" message="Test Cases/RAD_TestCases/MRF_TestCases/Personal_EL_MRF_TC FAILED.
Reason:
com.kms.katalon.core.exception.StepFailedException: Unable to select option by label 'Estate Tax' of object 'Object Repository/RAD_Pages/TaxTypeFilingYear_Page/select_TaxType_ExistingLiability'  (Root cause: com.kms.katalon.core.exception.StepFailedException: Unable to select option by label 'Estate Tax' of object 'Object Repository/RAD_Pages/TaxTypeFilingYear_Page/select_TaxType_ExistingLiability' 
	at com.kms.katalon.core.webui.keyword.internal.WebUIKeywordMain.stepFailed(WebUIKeywordMain.groovy:64)
	at com.kms.katalon.core.webui.keyword.internal.WebUIKeywordMain.runKeyword(WebUIKeywordMain.groovy:26)
	at com.kms.katalon.core.webui.keyword.builtin.SelectOptionByLabelKeyword.selectOptionByLabel(SelectOptionByLabelKeyword.groovy:98)
	at com.kms.katalon.core.webui.keyword.builtin.SelectOptionByLabelKeyword.execute(SelectOptionByLabelKeyword.groovy:71)
	at com.kms.katalon.core.keyword.internal.KeywordExecutor.executeKeywordForPlatform(KeywordExecutor.groovy:74)
	at com.kms.katalon.core.webui.keyword.WebUiBuiltInKeywords.selectOptionByLabel(WebUiBuiltInKeywords.groovy:1230)
	at com.kms.katalon.core.webui.keyword.WebUiBuiltInKeywords$selectOptionByLabel$2.call(Unknown Source)
	at Personal_EL_MRF_TC.run(Personal_EL_MRF_TC:85)
	at com.kms.katalon.core.main.ScriptEngine.run(ScriptEngine.java:194)
	at com.kms.katalon.core.main.ScriptEngine.runScriptAsRawText(ScriptEngine.java:119)
	at com.kms.katalon.core.main.TestCaseExecutor.runScript(TestCaseExecutor.java:448)
	at com.kms.katalon.core.main.TestCaseExecutor.doExecute(TestCaseExecutor.java:439)
	at com.kms.katalon.core.main.TestCaseExecutor.processExecutionPhase(TestCaseExecutor.java:418)
	at com.kms.katalon.core.main.TestCaseExecutor.accessMainPhase(TestCaseExecutor.java:410)
	at com.kms.katalon.core.main.TestCaseExecutor.execute(TestCaseExecutor.java:285)
	at com.kms.katalon.core.common.CommonExecutor.accessTestCaseMainPhase(CommonExecutor.java:65)
	at com.kms.katalon.core.main.TestSuiteExecutor.accessTestSuiteMainPhase(TestSuiteExecutor.java:148)
	at com.kms.katalon.core.main.TestSuiteExecutor.execute(TestSuiteExecutor.java:106)
	at com.kms.katalon.core.main.TestCaseMain.startTestSuite(TestCaseMain.java:187)
	at com.kms.katalon.core.main.TestCaseMain$startTestSuite$0.call(Unknown Source)
	at TempTestSuite1731019020691.run(TempTestSuite1731019020691.groovy:35)
Caused by: org.openqa.selenium.NoSuchElementException: Cannot locate element with text: Estate Tax
For documentation on this error, please visit: https://www.seleniumhq.org/exceptions/no_such_element.html
Build info: version: '3.141.59', revision: 'e82be7d358', time: '2018-11-14T08:25:53'
System info: host: 'DESKTOP-B2QI6NS', ip: '172.31.253.185', os.name: 'Windows 10', os.arch: 'amd64', os.version: '10.0', java.version: '1.8.0_181'
Driver info: driver.version: unknown
	at org.openqa.selenium.support.ui.Select.selectByVisibleText(Select.java:147)
	at com.kms.katalon.core.webui.common.WebUiCommonHelper.selectOrDeselectOptionsByLabel(WebUiCommonHelper.java:310)
	at com.kms.katalon.core.webui.keyword.builtin.SelectOptionByLabelKeyword$_selectOptionByLabel_closure1.doCall(SelectOptionByLabelKeyword.groovy:87)
	at com.kms.katalon.core.webui.keyword.builtin.SelectOptionByLabelKeyword$_selectOptionByLabel_closure1.call(SelectOptionByLabelKeyword.groovy)
	at com.kms.katalon.core.webui.keyword.internal.WebUIKeywordMain.runKeyword(WebUIKeywordMain.groovy:20)
	at com.kms.katalon.core.webui.keyword.builtin.SelectOptionByLabelKeyword.selectOptionByLabel(SelectOptionByLabelKeyword.groovy:98)
	at com.kms.katalon.core.webui.keyword.builtin.SelectOptionByLabelKeyword.execute(SelectOptionByLabelKeyword.groovy:71)
	at com.kms.katalon.core.keyword.internal.KeywordExecutor.executeKeywordForPlatform(KeywordExecutor.groovy:74)
	at com.kms.katalon.core.webui.keyword.WebUiBuiltInKeywords.selectOptionByLabel(WebUiBuiltInKeywords.groovy:1230)
	at com.kms.katalon.core.webui.keyword.WebUiBuiltInKeywords$selectOptionByLabel$2.call(Unknown Source)
	at Script1696265282872.run(Script1696265282872.groovy:85)
	... 13 more
)
	at com.kms.katalon.core.keyword.internal.KeywordMain.stepFailed(KeywordMain.groovy:39)
	at com.kms.katalon.core.webui.keyword.internal.WebUIKeywordMain.stepFailed(WebUIKeywordMain.groovy:64)
	at com.kms.katalon.core.webui.keyword.internal.WebUIKeywordMain.runKeyword(WebUIKeywordMain.groovy:26)
	at com.kms.katalon.core.webui.keyword.builtin.SelectOptionByLabelKeyword.selectOptionByLabel(SelectOptionByLabelKeyword.groovy:98)
	at com.kms.katalon.core.webui.keyword.builtin.SelectOptionByLabelKeyword.execute(SelectOptionByLabelKeyword.groovy:71)
	at com.kms.katalon.core.keyword.internal.KeywordExecutor.executeKeywordForPlatform(KeywordExecutor.groovy:74)
	at com.kms.katalon.core.webui.keyword.WebUiBuiltInKeywords.selectOptionByLabel(WebUiBuiltInKeywords.groovy:1230)
	at com.kms.katalon.core.webui.keyword.WebUiBuiltInKeywords$selectOptionByLabel$2.call(Unknown Source)
	at Personal_EL_MRF_TC.run(Personal_EL_MRF_TC:85)
	at com.kms.katalon.core.main.ScriptEngine.run(ScriptEngine.java:194)
	at com.kms.katalon.core.main.ScriptEngine.runScriptAsRawText(ScriptEngine.java:119)
	at com.kms.katalon.core.main.TestCaseExecutor.runScript(TestCaseExecutor.java:448)
	at com.kms.katalon.core.main.TestCaseExecutor.doExecute(TestCaseExecutor.java:439)
	at com.kms.katalon.core.main.TestCaseExecutor.processExecutionPhase(TestCaseExecutor.java:418)
	at com.kms.katalon.core.main.TestCaseExecutor.accessMainPhase(TestCaseExecutor.java:410)
	at com.kms.katalon.core.main.TestCaseExecutor.execute(TestCaseExecutor.java:285)
	at com.kms.katalon.core.common.CommonExecutor.accessTestCaseMainPhase(CommonExecutor.java:65)
	at com.kms.katalon.core.main.TestSuiteExecutor.accessTestSuiteMainPhase(TestSuiteExecutor.java:148)
	at com.kms.katalon.core.main.TestSuiteExecutor.execute(TestSuiteExecutor.java:106)
	at com.kms.katalon.core.main.TestCaseMain.startTestSuite(TestCaseMain.java:187)
	at com.kms.katalon.core.main.TestCaseMain$startTestSuite$0.call(Unknown Source)
	at TempTestSuite1731019020691.run(TempTestSuite1731019020691.groovy:35)
Caused by: com.kms.katalon.core.exception.StepFailedException: Unable to select option by label 'Estate Tax' of object 'Object Repository/RAD_Pages/TaxTypeFilingYear_Page/select_TaxType_ExistingLiability' 
	... 21 more
Caused by: org.openqa.selenium.NoSuchElementException: Cannot locate element with text: Estate Tax
For documentation on this error, please visit: https://www.seleniumhq.org/exceptions/no_such_element.html
Build info: version: '3.141.59', revision: 'e82be7d358', time: '2018-11-14T08:25:53'
System info: host: 'DESKTOP-B2QI6NS', ip: '172.31.253.185', os.name: 'Windows 10', os.arch: 'amd64', os.version: '10.0', java.version: '1.8.0_181'
Driver info: driver.version: unknown
	at org.openqa.selenium.support.ui.Select.selectByVisibleText(Select.java:147)
	at com.kms.katalon.core.webui.common.WebUiCommonHelper.selectOrDeselectOptionsByLabel(WebUiCommonHelper.java:310)
	at com.kms.katalon.core.webui.keyword.builtin.SelectOptionByLabelKeyword$_selectOptionByLabel_closure1.doCall(SelectOptionByLabelKeyword.groovy:87)
	at com.kms.katalon.core.webui.keyword.builtin.SelectOptionByLabelKeyword$_selectOptionByLabel_closure1.call(SelectOptionByLabelKeyword.groovy)
	at com.kms.katalon.core.webui.keyword.internal.WebUIKeywordMain.runKeyword(WebUIKeywordMain.groovy:20)
	... 19 more
"/>
         <system-out><![CDATA[2024-11-07 18:31:00 - [TEST_CASE][FAILED] - Test Cases/RAD_TestCases/MRF_TestCases/Personal_EL_MRF_TC: Test Cases/RAD_TestCases/MRF_TestCases/Personal_EL_MRF_TC FAILED.
Reason:
com.kms.katalon.core.exception.StepFailedException: Unable to select option by label 'Estate Tax' of object 'Object Repository/RAD_Pages/TaxTypeFilingYear_Page/select_TaxType_ExistingLiability'  (Root cause: com.kms.katalon.core.exception.StepFailedException: Unable to select option by label 'Estate Tax' of object 'Object Repository/RAD_Pages/TaxTypeFilingYear_Page/select_TaxType_ExistingLiability' 
	at com.kms.katalon.core.webui.keyword.internal.WebUIKeywordMain.stepFailed(WebUIKeywordMain.groovy:64)
	at com.kms.katalon.core.webui.keyword.internal.WebUIKeywordMain.runKeyword(WebUIKeywordMain.groovy:26)
	at com.kms.katalon.core.webui.keyword.builtin.SelectOptionByLabelKeyword.selectOptionByLabel(SelectOptionByLabelKeyword.groovy:98)
	at com.kms.katalon.core.webui.keyword.builtin.SelectOptionByLabelKeyword.execute(SelectOptionByLabelKeyword.groovy:71)
	at com.kms.katalon.core.keyword.internal.KeywordExecutor.executeKeywordForPlatform(KeywordExecutor.groovy:74)
	at com.kms.katalon.core.webui.keyword.WebUiBuiltInKeywords.selectOptionByLabel(WebUiBuiltInKeywords.groovy:1230)
	at com.kms.katalon.core.webui.keyword.WebUiBuiltInKeywords$selectOptionByLabel$2.call(Unknown Source)
	at Personal_EL_MRF_TC.run(Personal_EL_MRF_TC:85)
	at com.kms.katalon.core.main.ScriptEngine.run(ScriptEngine.java:194)
	at com.kms.katalon.core.main.ScriptEngine.runScriptAsRawText(ScriptEngine.java:119)
	at com.kms.katalon.core.main.TestCaseExecutor.runScript(TestCaseExecutor.java:448)
	at com.kms.katalon.core.main.TestCaseExecutor.doExecute(TestCaseExecutor.java:439)
	at com.kms.katalon.core.main.TestCaseExecutor.processExecutionPhase(TestCaseExecutor.java:418)
	at com.kms.katalon.core.main.TestCaseExecutor.accessMainPhase(TestCaseExecutor.java:410)
	at com.kms.katalon.core.main.TestCaseExecutor.execute(TestCaseExecutor.java:285)
	at com.kms.katalon.core.common.CommonExecutor.accessTestCaseMainPhase(CommonExecutor.java:65)
	at com.kms.katalon.core.main.TestSuiteExecutor.accessTestSuiteMainPhase(TestSuiteExecutor.java:148)
	at com.kms.katalon.core.main.TestSuiteExecutor.execute(TestSuiteExecutor.java:106)
	at com.kms.katalon.core.main.TestCaseMain.startTestSuite(TestCaseMain.java:187)
	at com.kms.katalon.core.main.TestCaseMain$startTestSuite$0.call(Unknown Source)
	at TempTestSuite1731019020691.run(TempTestSuite1731019020691.groovy:35)
Caused by: org.openqa.selenium.NoSuchElementException: Cannot locate element with text: Estate Tax
For documentation on this error, please visit: https://www.seleniumhq.org/exceptions/no_such_element.html
Build info: version: '3.141.59', revision: 'e82be7d358', time: '2018-11-14T08:25:53'
System info: host: 'DESKTOP-B2QI6NS', ip: '172.31.253.185', os.name: 'Windows 10', os.arch: 'amd64', os.version: '10.0', java.version: '1.8.0_181'
Driver info: driver.version: unknown
	at org.openqa.selenium.support.ui.Select.selectByVisibleText(Select.java:147)
	at com.kms.katalon.core.webui.common.WebUiCommonHelper.selectOrDeselectOptionsByLabel(WebUiCommonHelper.java:310)
	at com.kms.katalon.core.webui.keyword.builtin.SelectOptionByLabelKeyword$_selectOptionByLabel_closure1.doCall(SelectOptionByLabelKeyword.groovy:87)
	at com.kms.katalon.core.webui.keyword.builtin.SelectOptionByLabelKeyword$_selectOptionByLabel_closure1.call(SelectOptionByLabelKeyword.groovy)
	at com.kms.katalon.core.webui.keyword.internal.WebUIKeywordMain.runKeyword(WebUIKeywordMain.groovy:20)
	at com.kms.katalon.core.webui.keyword.builtin.SelectOptionByLabelKeyword.selectOptionByLabel(SelectOptionByLabelKeyword.groovy:98)
	at com.kms.katalon.core.webui.keyword.builtin.SelectOptionByLabelKeyword.execute(SelectOptionByLabelKeyword.groovy:71)
	at com.kms.katalon.core.keyword.internal.KeywordExecutor.executeKeywordForPlatform(KeywordExecutor.groovy:74)
	at com.kms.katalon.core.webui.keyword.WebUiBuiltInKeywords.selectOptionByLabel(WebUiBuiltInKeywords.groovy:1230)
	at com.kms.katalon.core.webui.keyword.WebUiBuiltInKeywords$selectOptionByLabel$2.call(Unknown Source)
	at Script1696265282872.run(Script1696265282872.groovy:85)
	... 13 more
)
	at com.kms.katalon.core.keyword.internal.KeywordMain.stepFailed(KeywordMain.groovy:39)
	at com.kms.katalon.core.webui.keyword.internal.WebUIKeywordMain.stepFailed(WebUIKeywordMain.groovy:64)
	at com.kms.katalon.core.webui.keyword.internal.WebUIKeywordMain.runKeyword(WebUIKeywordMain.groovy:26)
	at com.kms.katalon.core.webui.keyword.builtin.SelectOptionByLabelKeyword.selectOptionByLabel(SelectOptionByLabelKeyword.groovy:98)
	at com.kms.katalon.core.webui.keyword.builtin.SelectOptionByLabelKeyword.execute(SelectOptionByLabelKeyword.groovy:71)
	at com.kms.katalon.core.keyword.internal.KeywordExecutor.executeKeywordForPlatform(KeywordExecutor.groovy:74)
	at com.kms.katalon.core.webui.keyword.WebUiBuiltInKeywords.selectOptionByLabel(WebUiBuiltInKeywords.groovy:1230)
	at com.kms.katalon.core.webui.keyword.WebUiBuiltInKeywords$selectOptionByLabel$2.call(Unknown Source)
	at Personal_EL_MRF_TC.run(Personal_EL_MRF_TC:85)
	at com.kms.katalon.core.main.ScriptEngine.run(ScriptEngine.java:194)
	at com.kms.katalon.core.main.ScriptEngine.runScriptAsRawText(ScriptEngine.java:119)
	at com.kms.katalon.core.main.TestCaseExecutor.runScript(TestCaseExecutor.java:448)
	at com.kms.katalon.core.main.TestCaseExecutor.doExecute(TestCaseExecutor.java:439)
	at com.kms.katalon.core.main.TestCaseExecutor.processExecutionPhase(TestCaseExecutor.java:418)
	at com.kms.katalon.core.main.TestCaseExecutor.accessMainPhase(TestCaseExecutor.java:410)
	at com.kms.katalon.core.main.TestCaseExecutor.execute(TestCaseExecutor.java:285)
	at com.kms.katalon.core.common.CommonExecutor.accessTestCaseMainPhase(CommonExecutor.java:65)
	at com.kms.katalon.core.main.TestSuiteExecutor.accessTestSuiteMainPhase(TestSuiteExecutor.java:148)
	at com.kms.katalon.core.main.TestSuiteExecutor.execute(TestSuiteExecutor.java:106)
	at com.kms.katalon.core.main.TestCaseMain.startTestSuite(TestCaseMain.java:187)
	at com.kms.katalon.core.main.TestCaseMain$startTestSuite$0.call(Unknown Source)
	at TempTestSuite1731019020691.run(TempTestSuite1731019020691.groovy:35)
Caused by: com.kms.katalon.core.exception.StepFailedException: Unable to select option by label 'Estate Tax' of object 'Object Repository/RAD_Pages/TaxTypeFilingYear_Page/select_TaxType_ExistingLiability' 
	... 21 more
Caused by: org.openqa.selenium.NoSuchElementException: Cannot locate element with text: Estate Tax
For documentation on this error, please visit: https://www.seleniumhq.org/exceptions/no_such_element.html
Build info: version: '3.141.59', revision: 'e82be7d358', time: '2018-11-14T08:25:53'
System info: host: 'DESKTOP-B2QI6NS', ip: '172.31.253.185', os.name: 'Windows 10', os.arch: 'amd64', os.version: '10.0', java.version: '1.8.0_181'
Driver info: driver.version: unknown
	at org.openqa.selenium.support.ui.Select.selectByVisibleText(Select.java:147)
	at com.kms.katalon.core.webui.common.WebUiCommonHelper.selectOrDeselectOptionsByLabel(WebUiCommonHelper.java:310)
	at com.kms.katalon.core.webui.keyword.builtin.SelectOptionByLabelKeyword$_selectOptionByLabel_closure1.doCall(SelectOptionByLabelKeyword.groovy:87)
	at com.kms.katalon.core.webui.keyword.builtin.SelectOptionByLabelKeyword$_selectOptionByLabel_closure1.call(SelectOptionByLabelKeyword.groovy)
	at com.kms.katalon.core.webui.keyword.internal.WebUIKeywordMain.runKeyword(WebUIKeywordMain.groovy:20)
	... 19 more


2024-11-07 18:31:01 - [TEST_STEP][PASSED] - resText = "Fail": null

2024-11-07 18:31:01 - [TEST_STEP][PASSED] - resColumn = "Result": null

2024-11-07 18:31:01 - [TEST_STEP][PASSED] - datCloumn = "Date": null

2024-11-07 18:31:01 - [TEST_STEP][PASSED] - fileLoc = "KatalonData/RADTestData/MRF.xlsx": null

2024-11-07 18:31:01 - [TEST_STEP][PASSED] - nameSheet = "Personal_EL": null

2024-11-07 18:31:01 - [TEST_STEP][PASSED] - dataFile = "RADTestData/MRF_Personal_EL": null

2024-11-07 18:31:01 - [TEST_STEP][PASSED] - orPath_Landing = "Object Repository/RAD_Pages/Landing_Page": null

2024-11-07 18:31:01 - [TEST_STEP][PASSED] - orPath_TaxTypeFilingYear = "Object Repository/RAD_Pages/TaxTypeFilingYear_Page": null

2024-11-07 18:31:01 - [TEST_STEP][PASSED] - orPath_Amount = "Object Repository/RAD_Pages/PaymentAmount_Page": null

2024-11-07 18:31:01 - [TEST_STEP][PASSED] - orPath_AddressContact = "Object Repository/RAD_Pages/AddressAndContactInfo_Page": null

2024-11-07 18:31:01 - [TEST_STEP][PASSED] - orPath_Summary = "Object Repository/RAD_Pages/Summary_Page": null

2024-11-07 18:31:01 - [TEST_STEP][PASSED] - orPath_PaymentConfirmation = "Object Repository/RAD_Pages/PaymentConfirmation_Page": null

2024-11-07 18:31:01 - [TEST_STEP][PASSED] - orPath_ServiceFeesAccept = "Object Repository/RAD_Pages/ServiceFeeAccept_Page": null

2024-11-07 18:31:01 - [TEST_STEP][PASSED] - orPath_PaymentEntry = "Object Repository/RAD_Pages/PaymentEntry_Page": null

2024-11-07 18:31:01 - [TEST_STEP][PASSED] - orPath_TaxPayer = "Object Repository/RAD_Pages/Taxpayer_Page": null

2024-11-07 18:31:01 - [TEST_STEP][PASSED] - orPath_TaxInfo = "Object Repository/RAD_Pages/TaxInfo_Page": null

2024-11-07 18:31:01 - [TEST_STEP][PASSED] - ExecuteTC = <not implemented yet for class: org.codehaus.groovy.ast.expr.EmptyExpression>: null

2024-11-07 18:31:01 - [TEST_STEP][PASSED] - TaxType = <not implemented yet for class: org.codehaus.groovy.ast.expr.EmptyExpression>: null

2024-11-07 18:31:01 - [TEST_STEP][PASSED] - PaymentType = <not implemented yet for class: org.codehaus.groovy.ast.expr.EmptyExpression>: null

2024-11-07 18:31:01 - [TEST_STEP][PASSED] - FilingYear = <not implemented yet for class: org.codehaus.groovy.ast.expr.EmptyExpression>: null

2024-11-07 18:31:01 - [TEST_STEP][PASSED] - PeriodEndingMonth = <not implemented yet for class: org.codehaus.groovy.ast.expr.EmptyExpression>: null

2024-11-07 18:31:01 - [TEST_STEP][PASSED] - executionProfile = getExecutionProfile(): null

2024-11-07 18:31:01 - [TEST_STEP][PASSED] - numOfRows = findTestData(dataFile).getRowNumbers(): null

2024-11-07 18:31:01 - [TEST_STEP][PASSED] - println("Number of Records: " + numOfRows): null

2024-11-07 18:31:01 - [TEST_STEP][FAILED] - for ([row = 1, row <= numOfRows, (row++)]): null

2024-11-07 18:31:01 - [TEST_STEP][PASSED] - ExecuteTC = findTestData(dataFile).getValue("Execute", row): null

2024-11-07 18:31:01 - [TEST_STEP][PASSED] - TaxType = findTestData(dataFile).getValue("TaxType", row): null

2024-11-07 18:31:01 - [TEST_STEP][PASSED] - PaymentType = findTestData(dataFile).getValue("PaymentType", row): null

2024-11-07 18:31:01 - [TEST_STEP][PASSED] - if (ExecuteTC.equalsIgnoreCase("Y")): pages.WriteExcel.demoKey is PASSED

2024-11-07 18:31:01 - [TEST_STEP][PASSED] - out.println("Begin Record Number: " + row): null

2024-11-07 18:31:01 - [TEST_STEP][PASSED] - today = new java.util.Date(): null

2024-11-07 18:31:01 - [TEST_STEP][PASSED] - println(today): null

2024-11-07 18:31:01 - [TEST_STEP][PASSED] - datText = today: null

2024-11-07 18:31:01 - [TEST_STEP][PASSED] - logInfo("Payment Type: " + PaymentType): Payment Type: Existing Liability with Notice/Invoice Number

2024-11-07 18:31:01 - [MESSAGE][INFO] - Payment Type: Existing Liability with Notice/Invoice Number

2024-11-07 18:31:01 - [TEST_STEP][PASSED] - logInfo("Tax Type: " + TaxType): Tax Type: Personal Income Tax

2024-11-07 18:31:01 - [MESSAGE][INFO] - Tax Type: Personal Income Tax

2024-11-07 18:31:01 - [TEST_STEP][PASSED] - openBrowser(""): Browser is opened with url: ''

2024-11-07 18:31:01 - [MESSAGE][WARNING] - A browser is already opened. Closing browser and opening a new one

2024-11-07 18:31:03 - [MESSAGE][INFO] - Starting 'Chrome' driver

2024-11-07 18:31:03 - [MESSAGE][INFO] - User set preference: ['acceptInsecureCerts', 'true']

2024-11-07 18:31:03 - [MESSAGE][INFO] - Action delay is set to 0 milliseconds

2024-11-07 18:31:05 - [MESSAGE][PASSED] - Browser is opened with url: ''

2024-11-07 18:31:05 - [TEST_STEP][PASSED] - maximizeWindow(): Current window maximized

2024-11-07 18:31:05 - [MESSAGE][PASSED] - Current window maximized

2024-11-07 18:31:05 - [TEST_STEP][PASSED] - navigateToUrl(RADurl): Navigate to 'https://www.velocitypayment.com/client/rad/index.html' successfully

2024-11-07 18:31:07 - [MESSAGE][PASSED] - Navigate to 'https://www.velocitypayment.com/client/rad/index.html' successfully

2024-11-07 18:31:07 - [TEST_STEP][PASSED] - selectOptionByLabel(findTestObject(orPath_Landing + "/dd_TaxType"), PaymentType, false): All options with label 'Existing Liability with Notice/Invoice Number' are selected in object 'Object Repository/RAD_Pages/Landing_Page/dd_TaxType' 

2024-11-07 18:31:08 - [MESSAGE][PASSED] - All options with label 'Existing Liability with Notice/Invoice Number' are selected in object 'Object Repository/RAD_Pages/Landing_Page/dd_TaxType' 

2024-11-07 18:31:08 - [TEST_STEP][PASSED] - selectOptionByLabel(findTestObject(orPath_TaxTypeFilingYear + "/select_TaxType_ExistingLiability"), TaxType, false): All options with label 'Personal Income Tax' are selected in object 'Object Repository/RAD_Pages/TaxTypeFilingYear_Page/select_TaxType_ExistingLiability' 

2024-11-07 18:31:09 - [MESSAGE][PASSED] - All options with label 'Personal Income Tax' are selected in object 'Object Repository/RAD_Pages/TaxTypeFilingYear_Page/select_TaxType_ExistingLiability' 

2024-11-07 18:31:09 - [TEST_STEP][PASSED] - setText(findTestObject(orPath_TaxPayer + "/input_firstName"), " "): Text ' ' is set on object 'Object Repository/RAD_Pages/Taxpayer_Page/input_firstName'

2024-11-07 18:31:10 - [MESSAGE][PASSED] - Text ' ' is set on object 'Object Repository/RAD_Pages/Taxpayer_Page/input_firstName'

2024-11-07 18:31:10 - [TEST_STEP][PASSED] - setText(findTestObject(orPath_TaxPayer + "/input_lastName"), " "): Text ' ' is set on object 'Object Repository/RAD_Pages/Taxpayer_Page/input_lastName'

2024-11-07 18:31:10 - [MESSAGE][PASSED] - Text ' ' is set on object 'Object Repository/RAD_Pages/Taxpayer_Page/input_lastName'

2024-11-07 18:31:10 - [TEST_STEP][PASSED] - setText(findTestObject(orPath_AddressContact + "/input_streetAddress1"), " "): Text ' ' is set on object 'Object Repository/RAD_Pages/AddressAndContactInfo_Page/input_streetAddress1'

2024-11-07 18:31:11 - [MESSAGE][PASSED] - Text ' ' is set on object 'Object Repository/RAD_Pages/AddressAndContactInfo_Page/input_streetAddress1'

2024-11-07 18:31:11 - [TEST_STEP][PASSED] - setText(findTestObject(orPath_AddressContact + "/input_city"), " "): Text ' ' is set on object 'Object Repository/RAD_Pages/AddressAndContactInfo_Page/input_city'

2024-11-07 18:31:12 - [MESSAGE][PASSED] - Text ' ' is set on object 'Object Repository/RAD_Pages/AddressAndContactInfo_Page/input_city'

2024-11-07 18:31:12 - [TEST_STEP][PASSED] - setText(findTestObject(orPath_AddressContact + "/input_zipCode"), " "): Text ' ' is set on object 'Object Repository/RAD_Pages/AddressAndContactInfo_Page/input_zipCode'

2024-11-07 18:31:12 - [MESSAGE][PASSED] - Text ' ' is set on object 'Object Repository/RAD_Pages/AddressAndContactInfo_Page/input_zipCode'

2024-11-07 18:31:12 - [TEST_STEP][PASSED] - setText(findTestObject(orPath_AddressContact + "/input_phoneNumber"), " "): Text ' ' is set on object 'Object Repository/RAD_Pages/AddressAndContactInfo_Page/input_phoneNumber'

2024-11-07 18:31:13 - [MESSAGE][PASSED] - Text ' ' is set on object 'Object Repository/RAD_Pages/AddressAndContactInfo_Page/input_phoneNumber'

2024-11-07 18:31:13 - [TEST_STEP][PASSED] - setText(findTestObject(orPath_AddressContact + "/input_eMailAddress"), " "): Text ' ' is set on object 'Object Repository/RAD_Pages/AddressAndContactInfo_Page/input_eMailAddress'

2024-11-07 18:31:14 - [MESSAGE][PASSED] - Text ' ' is set on object 'Object Repository/RAD_Pages/AddressAndContactInfo_Page/input_eMailAddress'

2024-11-07 18:31:14 - [TEST_STEP][PASSED] - setText(findTestObject(orPath_AddressContact + "/input_reEnterEMailAddress"), " "): Text ' ' is set on object 'Object Repository/RAD_Pages/AddressAndContactInfo_Page/input_reEnterEMailAddress'

2024-11-07 18:31:15 - [MESSAGE][PASSED] - Text ' ' is set on object 'Object Repository/RAD_Pages/AddressAndContactInfo_Page/input_reEnterEMailAddress'

2024-11-07 18:31:15 - [TEST_STEP][PASSED] - if (TaxType.equalsIgnoreCase("Estate Tax")): null

2024-11-07 18:31:15 - [TEST_STEP][PASSED] - else: Text ' ' is set on object 'Object Repository/RAD_Pages/TaxInfo_Page/input_TaxInfo_reTaxTypeExisitingSSN'

2024-11-07 18:31:15 - [TEST_STEP][PASSED] - setText(findTestObject(orPath_TaxInfo + "/input_TaxInfo_ExisitingSSN"), " "): Text ' ' is set on object 'Object Repository/RAD_Pages/TaxInfo_Page/input_TaxInfo_ExisitingSSN'

2024-11-07 18:31:15 - [MESSAGE][PASSED] - Text ' ' is set on object 'Object Repository/RAD_Pages/TaxInfo_Page/input_TaxInfo_ExisitingSSN'

2024-11-07 18:31:15 - [TEST_STEP][PASSED] - setText(findTestObject(orPath_TaxInfo + "/input_TaxInfo_reTaxTypeExisitingSSN"), " "): Text ' ' is set on object 'Object Repository/RAD_Pages/TaxInfo_Page/input_TaxInfo_reTaxTypeExisitingSSN'

2024-11-07 18:31:16 - [MESSAGE][PASSED] - Text ' ' is set on object 'Object Repository/RAD_Pages/TaxInfo_Page/input_TaxInfo_reTaxTypeExisitingSSN'

2024-11-07 18:31:16 - [TEST_STEP][PASSED] - setText(findTestObject(orPath_TaxInfo + "/input_NoticeInvoiceNumber"), " "): Text ' ' is set on object 'Object Repository/RAD_Pages/TaxInfo_Page/input_NoticeInvoiceNumber'

2024-11-07 18:31:17 - [MESSAGE][PASSED] - Text ' ' is set on object 'Object Repository/RAD_Pages/TaxInfo_Page/input_NoticeInvoiceNumber'

2024-11-07 18:31:17 - [TEST_STEP][PASSED] - setText(findTestObject(orPath_TaxInfo + "/input_reTypeNoticeInvoiceNumber"), " "): Text ' ' is set on object 'Object Repository/RAD_Pages/TaxInfo_Page/input_reTypeNoticeInvoiceNumber'

2024-11-07 18:31:18 - [MESSAGE][PASSED] - Text ' ' is set on object 'Object Repository/RAD_Pages/TaxInfo_Page/input_reTypeNoticeInvoiceNumber'

2024-11-07 18:31:18 - [TEST_STEP][PASSED] - resText = "Fail": null

2024-11-07 18:31:18 - [TEST_STEP][PASSED] - pages.WriteExcel.demoKey(resText, datText, resColumn, datCloumn, fileLoc, nameSheet, row): pages.WriteExcel.demoKey is PASSED

2024-11-07 18:31:18 - [MESSAGE][PASSED] - pages.WriteExcel.demoKey is PASSED

2024-11-07 18:31:18 - [TEST_STEP][PASSED] - verifyTextPresent("Enter first name", true, CONTINUE_ON_FAILURE): Text 'Enter first name' is present on page  using regular expression

2024-11-07 18:31:19 - [MESSAGE][PASSED] - Text 'Enter first name' is present on page  using regular expression

2024-11-07 18:31:19 - [TEST_STEP][PASSED] - verifyTextPresent("Enter last name", true, CONTINUE_ON_FAILURE): Text 'Enter last name' is present on page  using regular expression

2024-11-07 18:31:19 - [MESSAGE][PASSED] - Text 'Enter last name' is present on page  using regular expression

2024-11-07 18:31:19 - [TEST_STEP][PASSED] - verifyTextPresent("Enter address", true, CONTINUE_ON_FAILURE): Text 'Enter address' is present on page  using regular expression

2024-11-07 18:31:20 - [MESSAGE][PASSED] - Text 'Enter address' is present on page  using regular expression

2024-11-07 18:31:20 - [TEST_STEP][PASSED] - verifyTextPresent("Enter city", true, CONTINUE_ON_FAILURE): Text 'Enter city' is present on page  using regular expression

2024-11-07 18:31:20 - [MESSAGE][PASSED] - Text 'Enter city' is present on page  using regular expression

2024-11-07 18:31:20 - [TEST_STEP][PASSED] - verifyTextPresent("Enter ZIP code", true, CONTINUE_ON_FAILURE): Text 'Enter ZIP code' is present on page  using regular expression

2024-11-07 18:31:20 - [MESSAGE][PASSED] - Text 'Enter ZIP code' is present on page  using regular expression

2024-11-07 18:31:20 - [TEST_STEP][PASSED] - verifyTextPresent("Enter a valid phone number", true, CONTINUE_ON_FAILURE): Text 'Enter a valid phone number' is present on page  using regular expression

2024-11-07 18:31:21 - [MESSAGE][PASSED] - Text 'Enter a valid phone number' is present on page  using regular expression

2024-11-07 18:31:21 - [TEST_STEP][PASSED] - verifyTextPresent("Enter Email", true, CONTINUE_ON_FAILURE): Text 'Enter Email' is present on page  using regular expression

2024-11-07 18:31:21 - [MESSAGE][PASSED] - Text 'Enter Email' is present on page  using regular expression

2024-11-07 18:31:21 - [TEST_STEP][PASSED] - verifyTextPresent("Notice Number or Invoice Number must be 10, 11, or 13 digits in length, with a value greater than zero", true, CONTINUE_ON_FAILURE): Text 'Notice Number or Invoice Number must be 10, 11, or 13 digits in length, with a value greater than zero' is present on page  using regular expression

2024-11-07 18:31:21 - [MESSAGE][PASSED] - Text 'Notice Number or Invoice Number must be 10, 11, or 13 digits in length, with a value greater than zero' is present on page  using regular expression

2024-11-07 18:31:21 - [TEST_STEP][PASSED] - if (TaxType.equalsIgnoreCase("Estate Tax")): null

2024-11-07 18:31:21 - [TEST_STEP][PASSED] - else: Text 'Re-type SSN Validation Error' is present on page  using regular expression

2024-11-07 18:31:21 - [TEST_STEP][PASSED] - verifyTextPresent("Please enter a valid SSN with 9 digits", true, CONTINUE_ON_FAILURE): Text 'Please enter a valid SSN with 9 digits' is present on page  using regular expression

2024-11-07 18:31:22 - [MESSAGE][PASSED] - Text 'Please enter a valid SSN with 9 digits' is present on page  using regular expression

2024-11-07 18:31:22 - [TEST_STEP][PASSED] - verifyTextPresent("Re-type SSN Validation Error", true, CONTINUE_ON_FAILURE): Text 'Re-type SSN Validation Error' is present on page  using regular expression

2024-11-07 18:31:22 - [MESSAGE][PASSED] - Text 'Re-type SSN Validation Error' is present on page  using regular expression

2024-11-07 18:31:22 - [TEST_STEP][PASSED] - resText = "Pass": null

2024-11-07 18:31:22 - [TEST_STEP][PASSED] - pages.WriteExcel.demoKey(resText, datText, resColumn, datCloumn, fileLoc, nameSheet, row): pages.WriteExcel.demoKey is PASSED

2024-11-07 18:31:22 - [MESSAGE][PASSED] - pages.WriteExcel.demoKey is PASSED

2024-11-07 18:31:22 - [TEST_STEP][PASSED] - ExecuteTC = findTestData(dataFile).getValue("Execute", row): null

2024-11-07 18:31:22 - [TEST_STEP][PASSED] - TaxType = findTestData(dataFile).getValue("TaxType", row): null

2024-11-07 18:31:22 - [TEST_STEP][PASSED] - PaymentType = findTestData(dataFile).getValue("PaymentType", row): null

2024-11-07 18:31:22 - [TEST_STEP][FAILED] - if (ExecuteTC.equalsIgnoreCase("Y")): null

2024-11-07 18:31:22 - [TEST_STEP][PASSED] - out.println("Begin Record Number: " + row): null

2024-11-07 18:31:22 - [TEST_STEP][PASSED] - today = new java.util.Date(): null

2024-11-07 18:31:22 - [TEST_STEP][PASSED] - println(today): null

2024-11-07 18:31:22 - [TEST_STEP][PASSED] - datText = today: null

2024-11-07 18:31:22 - [TEST_STEP][PASSED] - logInfo("Payment Type: " + PaymentType): Payment Type: Existing Liability with Notice/Invoice Number

2024-11-07 18:31:22 - [MESSAGE][INFO] - Payment Type: Existing Liability with Notice/Invoice Number

2024-11-07 18:31:22 - [TEST_STEP][PASSED] - logInfo("Tax Type: " + TaxType): Tax Type: Estate Tax

2024-11-07 18:31:22 - [MESSAGE][INFO] - Tax Type: Estate Tax

2024-11-07 18:31:22 - [TEST_STEP][PASSED] - openBrowser(""): Browser is opened with url: ''

2024-11-07 18:31:22 - [MESSAGE][WARNING] - A browser is already opened. Closing browser and opening a new one

2024-11-07 18:31:24 - [MESSAGE][INFO] - Starting 'Chrome' driver

2024-11-07 18:31:24 - [MESSAGE][INFO] - User set preference: ['acceptInsecureCerts', 'true']

2024-11-07 18:31:24 - [MESSAGE][INFO] - Action delay is set to 0 milliseconds

2024-11-07 18:31:26 - [MESSAGE][PASSED] - Browser is opened with url: ''

2024-11-07 18:31:26 - [TEST_STEP][PASSED] - maximizeWindow(): Current window maximized

2024-11-07 18:31:26 - [MESSAGE][PASSED] - Current window maximized

2024-11-07 18:31:26 - [TEST_STEP][PASSED] - navigateToUrl(RADurl): Navigate to 'https://www.velocitypayment.com/client/rad/index.html' successfully

2024-11-07 18:31:26 - [MESSAGE][PASSED] - Navigate to 'https://www.velocitypayment.com/client/rad/index.html' successfully

2024-11-07 18:31:26 - [TEST_STEP][PASSED] - selectOptionByLabel(findTestObject(orPath_Landing + "/dd_TaxType"), PaymentType, false): All options with label 'Existing Liability with Notice/Invoice Number' are selected in object 'Object Repository/RAD_Pages/Landing_Page/dd_TaxType' 

2024-11-07 18:31:29 - [MESSAGE][PASSED] - All options with label 'Existing Liability with Notice/Invoice Number' are selected in object 'Object Repository/RAD_Pages/Landing_Page/dd_TaxType' 

2024-11-07 18:31:29 - [TEST_STEP][FAILED] - selectOptionByLabel(findTestObject(orPath_TaxTypeFilingYear + "/select_TaxType_ExistingLiability"), TaxType, false): Unable to select option by label 'Estate Tax' of object 'Object Repository/RAD_Pages/TaxTypeFilingYear_Page/select_TaxType_ExistingLiability'  (Root cause: com.kms.katalon.core.exception.StepFailedException: Unable to select option by label 'Estate Tax' of object 'Object Repository/RAD_Pages/TaxTypeFilingYear_Page/select_TaxType_ExistingLiability' 
	at com.kms.katalon.core.webui.keyword.internal.WebUIKeywordMain.stepFailed(WebUIKeywordMain.groovy:64)
	at com.kms.katalon.core.webui.keyword.internal.WebUIKeywordMain.runKeyword(WebUIKeywordMain.groovy:26)
	at com.kms.katalon.core.webui.keyword.builtin.SelectOptionByLabelKeyword.selectOptionByLabel(SelectOptionByLabelKeyword.groovy:98)
	at com.kms.katalon.core.webui.keyword.builtin.SelectOptionByLabelKeyword.execute(SelectOptionByLabelKeyword.groovy:71)
	at com.kms.katalon.core.keyword.internal.KeywordExecutor.executeKeywordForPlatform(KeywordExecutor.groovy:74)
	at com.kms.katalon.core.webui.keyword.WebUiBuiltInKeywords.selectOptionByLabel(WebUiBuiltInKeywords.groovy:1230)
	at com.kms.katalon.core.webui.keyword.WebUiBuiltInKeywords$selectOptionByLabel$2.call(Unknown Source)
	at Personal_EL_MRF_TC.run(Personal_EL_MRF_TC:85)
	at com.kms.katalon.core.main.ScriptEngine.run(ScriptEngine.java:194)
	at com.kms.katalon.core.main.ScriptEngine.runScriptAsRawText(ScriptEngine.java:119)
	at com.kms.katalon.core.main.TestCaseExecutor.runScript(TestCaseExecutor.java:448)
	at com.kms.katalon.core.main.TestCaseExecutor.doExecute(TestCaseExecutor.java:439)
	at com.kms.katalon.core.main.TestCaseExecutor.processExecutionPhase(TestCaseExecutor.java:418)
	at com.kms.katalon.core.main.TestCaseExecutor.accessMainPhase(TestCaseExecutor.java:410)
	at com.kms.katalon.core.main.TestCaseExecutor.execute(TestCaseExecutor.java:285)
	at com.kms.katalon.core.common.CommonExecutor.accessTestCaseMainPhase(CommonExecutor.java:65)
	at com.kms.katalon.core.main.TestSuiteExecutor.accessTestSuiteMainPhase(TestSuiteExecutor.java:148)
	at com.kms.katalon.core.main.TestSuiteExecutor.execute(TestSuiteExecutor.java:106)
	at com.kms.katalon.core.main.TestCaseMain.startTestSuite(TestCaseMain.java:187)
	at com.kms.katalon.core.main.TestCaseMain$startTestSuite$0.call(Unknown Source)
	at TempTestSuite1731019020691.run(TempTestSuite1731019020691.groovy:35)
Caused by: org.openqa.selenium.NoSuchElementException: Cannot locate element with text: Estate Tax
For documentation on this error, please visit: https://www.seleniumhq.org/exceptions/no_such_element.html
Build info: version: '3.141.59', revision: 'e82be7d358', time: '2018-11-14T08:25:53'
System info: host: 'DESKTOP-B2QI6NS', ip: '172.31.253.185', os.name: 'Windows 10', os.arch: 'amd64', os.version: '10.0', java.version: '1.8.0_181'
Driver info: driver.version: unknown
	at org.openqa.selenium.support.ui.Select.selectByVisibleText(Select.java:147)
	at com.kms.katalon.core.webui.common.WebUiCommonHelper.selectOrDeselectOptionsByLabel(WebUiCommonHelper.java:310)
	at com.kms.katalon.core.webui.keyword.builtin.SelectOptionByLabelKeyword$_selectOptionByLabel_closure1.doCall(SelectOptionByLabelKeyword.groovy:87)
	at com.kms.katalon.core.webui.keyword.builtin.SelectOptionByLabelKeyword$_selectOptionByLabel_closure1.call(SelectOptionByLabelKeyword.groovy)
	at com.kms.katalon.core.webui.keyword.internal.WebUIKeywordMain.runKeyword(WebUIKeywordMain.groovy:20)
	at com.kms.katalon.core.webui.keyword.builtin.SelectOptionByLabelKeyword.selectOptionByLabel(SelectOptionByLabelKeyword.groovy:98)
	at com.kms.katalon.core.webui.keyword.builtin.SelectOptionByLabelKeyword.execute(SelectOptionByLabelKeyword.groovy:71)
	at com.kms.katalon.core.keyword.internal.KeywordExecutor.executeKeywordForPlatform(KeywordExecutor.groovy:74)
	at com.kms.katalon.core.webui.keyword.WebUiBuiltInKeywords.selectOptionByLabel(WebUiBuiltInKeywords.groovy:1230)
	at com.kms.katalon.core.webui.keyword.WebUiBuiltInKeywords$selectOptionByLabel$2.call(Unknown Source)
	at Script1696265282872.run(Script1696265282872.groovy:85)
	... 13 more
)

2024-11-07 18:31:30 - [MESSAGE][FAILED] - Unable to select option by label 'Estate Tax' of object 'Object Repository/RAD_Pages/TaxTypeFilingYear_Page/select_TaxType_ExistingLiability'  (Root cause: com.kms.katalon.core.exception.StepFailedException: Unable to select option by label 'Estate Tax' of object 'Object Repository/RAD_Pages/TaxTypeFilingYear_Page/select_TaxType_ExistingLiability' 
	at com.kms.katalon.core.webui.keyword.internal.WebUIKeywordMain.stepFailed(WebUIKeywordMain.groovy:64)
	at com.kms.katalon.core.webui.keyword.internal.WebUIKeywordMain.runKeyword(WebUIKeywordMain.groovy:26)
	at com.kms.katalon.core.webui.keyword.builtin.SelectOptionByLabelKeyword.selectOptionByLabel(SelectOptionByLabelKeyword.groovy:98)
	at com.kms.katalon.core.webui.keyword.builtin.SelectOptionByLabelKeyword.execute(SelectOptionByLabelKeyword.groovy:71)
	at com.kms.katalon.core.keyword.internal.KeywordExecutor.executeKeywordForPlatform(KeywordExecutor.groovy:74)
	at com.kms.katalon.core.webui.keyword.WebUiBuiltInKeywords.selectOptionByLabel(WebUiBuiltInKeywords.groovy:1230)
	at com.kms.katalon.core.webui.keyword.WebUiBuiltInKeywords$selectOptionByLabel$2.call(Unknown Source)
	at Personal_EL_MRF_TC.run(Personal_EL_MRF_TC:85)
	at com.kms.katalon.core.main.ScriptEngine.run(ScriptEngine.java:194)
	at com.kms.katalon.core.main.ScriptEngine.runScriptAsRawText(ScriptEngine.java:119)
	at com.kms.katalon.core.main.TestCaseExecutor.runScript(TestCaseExecutor.java:448)
	at com.kms.katalon.core.main.TestCaseExecutor.doExecute(TestCaseExecutor.java:439)
	at com.kms.katalon.core.main.TestCaseExecutor.processExecutionPhase(TestCaseExecutor.java:418)
	at com.kms.katalon.core.main.TestCaseExecutor.accessMainPhase(TestCaseExecutor.java:410)
	at com.kms.katalon.core.main.TestCaseExecutor.execute(TestCaseExecutor.java:285)
	at com.kms.katalon.core.common.CommonExecutor.accessTestCaseMainPhase(CommonExecutor.java:65)
	at com.kms.katalon.core.main.TestSuiteExecutor.accessTestSuiteMainPhase(TestSuiteExecutor.java:148)
	at com.kms.katalon.core.main.TestSuiteExecutor.execute(TestSuiteExecutor.java:106)
	at com.kms.katalon.core.main.TestCaseMain.startTestSuite(TestCaseMain.java:187)
	at com.kms.katalon.core.main.TestCaseMain$startTestSuite$0.call(Unknown Source)
	at TempTestSuite1731019020691.run(TempTestSuite1731019020691.groovy:35)
Caused by: org.openqa.selenium.NoSuchElementException: Cannot locate element with text: Estate Tax
For documentation on this error, please visit: https://www.seleniumhq.org/exceptions/no_such_element.html
Build info: version: '3.141.59', revision: 'e82be7d358', time: '2018-11-14T08:25:53'
System info: host: 'DESKTOP-B2QI6NS', ip: '172.31.253.185', os.name: 'Windows 10', os.arch: 'amd64', os.version: '10.0', java.version: '1.8.0_181'
Driver info: driver.version: unknown
	at org.openqa.selenium.support.ui.Select.selectByVisibleText(Select.java:147)
	at com.kms.katalon.core.webui.common.WebUiCommonHelper.selectOrDeselectOptionsByLabel(WebUiCommonHelper.java:310)
	at com.kms.katalon.core.webui.keyword.builtin.SelectOptionByLabelKeyword$_selectOptionByLabel_closure1.doCall(SelectOptionByLabelKeyword.groovy:87)
	at com.kms.katalon.core.webui.keyword.builtin.SelectOptionByLabelKeyword$_selectOptionByLabel_closure1.call(SelectOptionByLabelKeyword.groovy)
	at com.kms.katalon.core.webui.keyword.internal.WebUIKeywordMain.runKeyword(WebUIKeywordMain.groovy:20)
	at com.kms.katalon.core.webui.keyword.builtin.SelectOptionByLabelKeyword.selectOptionByLabel(SelectOptionByLabelKeyword.groovy:98)
	at com.kms.katalon.core.webui.keyword.builtin.SelectOptionByLabelKeyword.execute(SelectOptionByLabelKeyword.groovy:71)
	at com.kms.katalon.core.keyword.internal.KeywordExecutor.executeKeywordForPlatform(KeywordExecutor.groovy:74)
	at com.kms.katalon.core.webui.keyword.WebUiBuiltInKeywords.selectOptionByLabel(WebUiBuiltInKeywords.groovy:1230)
	at com.kms.katalon.core.webui.keyword.WebUiBuiltInKeywords$selectOptionByLabel$2.call(Unknown Source)
	at Script1696265282872.run(Script1696265282872.groovy:85)
	... 13 more
)
[[ATTACHMENT|E:\\Cloned-Project-Katalon\\VPS-Katalon\\Reports\\20241107_173700\\RAD_TestSuite\\RAD_UI_TestSuite\\20241107_173700\\1731022290219.png]]

2024-11-07 18:31:30 - [TEST_STEP][PASSED] - setText(findTestObject(orPath_TaxPayer + "/input_firstName"), " "): Text ' ' is set on object 'Object Repository/RAD_Pages/Taxpayer_Page/input_firstName'

2024-11-07 18:31:31 - [MESSAGE][PASSED] - Text ' ' is set on object 'Object Repository/RAD_Pages/Taxpayer_Page/input_firstName'

2024-11-07 18:31:31 - [TEST_STEP][PASSED] - setText(findTestObject(orPath_TaxPayer + "/input_lastName"), " "): Text ' ' is set on object 'Object Repository/RAD_Pages/Taxpayer_Page/input_lastName'

2024-11-07 18:31:31 - [MESSAGE][PASSED] - Text ' ' is set on object 'Object Repository/RAD_Pages/Taxpayer_Page/input_lastName'

2024-11-07 18:31:31 - [TEST_STEP][PASSED] - setText(findTestObject(orPath_AddressContact + "/input_streetAddress1"), " "): Text ' ' is set on object 'Object Repository/RAD_Pages/AddressAndContactInfo_Page/input_streetAddress1'

2024-11-07 18:31:32 - [MESSAGE][PASSED] - Text ' ' is set on object 'Object Repository/RAD_Pages/AddressAndContactInfo_Page/input_streetAddress1'

2024-11-07 18:31:32 - [TEST_STEP][PASSED] - setText(findTestObject(orPath_AddressContact + "/input_city"), " "): Text ' ' is set on object 'Object Repository/RAD_Pages/AddressAndContactInfo_Page/input_city'

2024-11-07 18:31:33 - [MESSAGE][PASSED] - Text ' ' is set on object 'Object Repository/RAD_Pages/AddressAndContactInfo_Page/input_city'

2024-11-07 18:31:33 - [TEST_STEP][PASSED] - setText(findTestObject(orPath_AddressContact + "/input_zipCode"), " "): Text ' ' is set on object 'Object Repository/RAD_Pages/AddressAndContactInfo_Page/input_zipCode'

2024-11-07 18:31:34 - [MESSAGE][PASSED] - Text ' ' is set on object 'Object Repository/RAD_Pages/AddressAndContactInfo_Page/input_zipCode'

2024-11-07 18:31:34 - [TEST_STEP][PASSED] - setText(findTestObject(orPath_AddressContact + "/input_phoneNumber"), " "): Text ' ' is set on object 'Object Repository/RAD_Pages/AddressAndContactInfo_Page/input_phoneNumber'

2024-11-07 18:31:34 - [MESSAGE][PASSED] - Text ' ' is set on object 'Object Repository/RAD_Pages/AddressAndContactInfo_Page/input_phoneNumber'

2024-11-07 18:31:34 - [TEST_STEP][PASSED] - setText(findTestObject(orPath_AddressContact + "/input_eMailAddress"), " "): Text ' ' is set on object 'Object Repository/RAD_Pages/AddressAndContactInfo_Page/input_eMailAddress'

2024-11-07 18:31:35 - [MESSAGE][PASSED] - Text ' ' is set on object 'Object Repository/RAD_Pages/AddressAndContactInfo_Page/input_eMailAddress'

2024-11-07 18:31:35 - [TEST_STEP][PASSED] - setText(findTestObject(orPath_AddressContact + "/input_reEnterEMailAddress"), " "): Text ' ' is set on object 'Object Repository/RAD_Pages/AddressAndContactInfo_Page/input_reEnterEMailAddress'

2024-11-07 18:31:36 - [MESSAGE][PASSED] - Text ' ' is set on object 'Object Repository/RAD_Pages/AddressAndContactInfo_Page/input_reEnterEMailAddress'

2024-11-07 18:31:36 - [TEST_STEP][FAILED] - if (TaxType.equalsIgnoreCase("Estate Tax")): null

2024-11-07 18:31:36 - [TEST_STEP][FAILED] - setText(findTestObject(orPath_TaxInfo + "/input_DecedentSSN"), " "): Unable to set text ' ' of object 'Object Repository/RAD_Pages/TaxInfo_Page/input_DecedentSSN' (Root cause: com.kms.katalon.core.exception.StepFailedException: Unable to set text ' ' of object 'Object Repository/RAD_Pages/TaxInfo_Page/input_DecedentSSN'
	at com.kms.katalon.core.webui.keyword.internal.WebUIKeywordMain.stepFailed(WebUIKeywordMain.groovy:64)
	at com.kms.katalon.core.webui.keyword.internal.WebUIKeywordMain.runKeyword(WebUIKeywordMain.groovy:26)
	at com.kms.katalon.core.webui.keyword.builtin.SetTextKeyword.setText(SetTextKeyword.groovy:66)
	at com.kms.katalon.core.webui.keyword.builtin.SetTextKeyword.execute(SetTextKeyword.groovy:37)
	at com.kms.katalon.core.keyword.internal.KeywordExecutor.executeKeywordForPlatform(KeywordExecutor.groovy:74)
	at com.kms.katalon.core.webui.keyword.WebUiBuiltInKeywords.setText(WebUiBuiltInKeywords.groovy:980)
	at com.kms.katalon.core.webui.keyword.WebUiBuiltInKeywords$setText$9.call(Unknown Source)
	at Personal_EL_MRF_TC.run(Personal_EL_MRF_TC:114)
	at com.kms.katalon.core.main.ScriptEngine.run(ScriptEngine.java:194)
	at com.kms.katalon.core.main.ScriptEngine.runScriptAsRawText(ScriptEngine.java:119)
	at com.kms.katalon.core.main.TestCaseExecutor.runScript(TestCaseExecutor.java:448)
	at com.kms.katalon.core.main.TestCaseExecutor.doExecute(TestCaseExecutor.java:439)
	at com.kms.katalon.core.main.TestCaseExecutor.processExecutionPhase(TestCaseExecutor.java:418)
	at com.kms.katalon.core.main.TestCaseExecutor.accessMainPhase(TestCaseExecutor.java:410)
	at com.kms.katalon.core.main.TestCaseExecutor.execute(TestCaseExecutor.java:285)
	at com.kms.katalon.core.common.CommonExecutor.accessTestCaseMainPhase(CommonExecutor.java:65)
	at com.kms.katalon.core.main.TestSuiteExecutor.accessTestSuiteMainPhase(TestSuiteExecutor.java:148)
	at com.kms.katalon.core.main.TestSuiteExecutor.execute(TestSuiteExecutor.java:106)
	at com.kms.katalon.core.main.TestCaseMain.startTestSuite(TestCaseMain.java:187)
	at com.kms.katalon.core.main.TestCaseMain$startTestSuite$0.call(Unknown Source)
	at TempTestSuite1731019020691.run(TempTestSuite1731019020691.groovy:35)
Caused by: org.openqa.selenium.ElementNotInteractableException: element not interactable
  (Session info: chrome=130.0.6723.92)
Build info: version: '3.141.59', revision: 'e82be7d358', time: '2018-11-14T08:25:53'
System info: host: 'DESKTOP-B2QI6NS', ip: '172.31.253.185', os.name: 'Windows 10', os.arch: 'amd64', os.version: '10.0', java.version: '1.8.0_181'
Driver info: com.kms.katalon.selenium.driver.CChromeDriver
Capabilities {acceptInsecureCerts: true, browserName: chrome, browserVersion: 130.0.6723.92, chrome: {chromedriverVersion: 129.0.6668.89 (951c0b97221f..., userDataDir: C:\Users\imtiaz\AppData\Loc...}, fedcm:accounts: true, goog:chromeOptions: {debuggerAddress: localhost:55455}, javascriptEnabled: true, networkConnectionEnabled: false, pageLoadStrategy: normal, platform: WINDOWS, platformName: WINDOWS, proxy: Proxy(), setWindowRect: true, strictFileInteractability: false, timeouts: {implicit: 0, pageLoad: 300000, script: 30000}, unhandledPromptBehavior: dismiss and notify, webauthn:extension:credBlob: true, webauthn:extension:largeBlob: true, webauthn:extension:minPinLength: true, webauthn:extension:prf: true, webauthn:virtualAuthenticators: true}
Session ID: 23f33d5e5ead92b42012e5967891c745
	at org.openqa.selenium.remote.http.W3CHttpResponseCodec.createException(W3CHttpResponseCodec.java:187)
	at org.openqa.selenium.remote.http.W3CHttpResponseCodec.decode(W3CHttpResponseCodec.java:122)
	at org.openqa.selenium.remote.http.W3CHttpResponseCodec.decode(W3CHttpResponseCodec.java:49)
	at org.openqa.selenium.remote.HttpCommandExecutor.execute(HttpCommandExecutor.java:158)
	at org.openqa.selenium.remote.service.DriverCommandExecutor.execute(DriverCommandExecutor.java:83)
	at org.openqa.selenium.remote.RemoteWebDriver.execute(RemoteWebDriver.java:552)
	at com.kms.katalon.selenium.driver.CChromeDriver.execute(CChromeDriver.java:19)
	at org.openqa.selenium.remote.RemoteWebElement.execute(RemoteWebElement.java:285)
	at org.openqa.selenium.remote.RemoteWebElement.clear(RemoteWebElement.java:124)
	at org.openqa.selenium.support.events.EventFiringWebDriver$EventFiringWebElement.lambda$new$0(EventFiringWebDriver.java:404)
	at com.sun.proxy.$Proxy11.clear(Unknown Source)
	at org.openqa.selenium.support.events.EventFiringWebDriver$EventFiringWebElement.clear(EventFiringWebDriver.java:436)
	at com.kms.katalon.core.webui.keyword.builtin.SetTextKeyword$_setText_closure1.doCall(SetTextKeyword.groovy:53)
	at com.kms.katalon.core.webui.keyword.builtin.SetTextKeyword$_setText_closure1.call(SetTextKeyword.groovy)
	at com.kms.katalon.core.webui.keyword.internal.WebUIKeywordMain.runKeyword(WebUIKeywordMain.groovy:20)
	at com.kms.katalon.core.webui.keyword.builtin.SetTextKeyword.setText(SetTextKeyword.groovy:66)
	at com.kms.katalon.core.webui.keyword.builtin.SetTextKeyword.execute(SetTextKeyword.groovy:37)
	at com.kms.katalon.core.keyword.internal.KeywordExecutor.executeKeywordForPlatform(KeywordExecutor.groovy:74)
	at com.kms.katalon.core.webui.keyword.WebUiBuiltInKeywords.setText(WebUiBuiltInKeywords.groovy:980)
	at com.kms.katalon.core.webui.keyword.WebUiBuiltInKeywords$setText$9.call(Unknown Source)
	at Script1696265282872.run(Script1696265282872.groovy:114)
	... 13 more
)

2024-11-07 18:31:37 - [MESSAGE][FAILED] - Unable to set text ' ' of object 'Object Repository/RAD_Pages/TaxInfo_Page/input_DecedentSSN' (Root cause: com.kms.katalon.core.exception.StepFailedException: Unable to set text ' ' of object 'Object Repository/RAD_Pages/TaxInfo_Page/input_DecedentSSN'
	at com.kms.katalon.core.webui.keyword.internal.WebUIKeywordMain.stepFailed(WebUIKeywordMain.groovy:64)
	at com.kms.katalon.core.webui.keyword.internal.WebUIKeywordMain.runKeyword(WebUIKeywordMain.groovy:26)
	at com.kms.katalon.core.webui.keyword.builtin.SetTextKeyword.setText(SetTextKeyword.groovy:66)
	at com.kms.katalon.core.webui.keyword.builtin.SetTextKeyword.execute(SetTextKeyword.groovy:37)
	at com.kms.katalon.core.keyword.internal.KeywordExecutor.executeKeywordForPlatform(KeywordExecutor.groovy:74)
	at com.kms.katalon.core.webui.keyword.WebUiBuiltInKeywords.setText(WebUiBuiltInKeywords.groovy:980)
	at com.kms.katalon.core.webui.keyword.WebUiBuiltInKeywords$setText$9.call(Unknown Source)
	at Personal_EL_MRF_TC.run(Personal_EL_MRF_TC:114)
	at com.kms.katalon.core.main.ScriptEngine.run(ScriptEngine.java:194)
	at com.kms.katalon.core.main.ScriptEngine.runScriptAsRawText(ScriptEngine.java:119)
	at com.kms.katalon.core.main.TestCaseExecutor.runScript(TestCaseExecutor.java:448)
	at com.kms.katalon.core.main.TestCaseExecutor.doExecute(TestCaseExecutor.java:439)
	at com.kms.katalon.core.main.TestCaseExecutor.processExecutionPhase(TestCaseExecutor.java:418)
	at com.kms.katalon.core.main.TestCaseExecutor.accessMainPhase(TestCaseExecutor.java:410)
	at com.kms.katalon.core.main.TestCaseExecutor.execute(TestCaseExecutor.java:285)
	at com.kms.katalon.core.common.CommonExecutor.accessTestCaseMainPhase(CommonExecutor.java:65)
	at com.kms.katalon.core.main.TestSuiteExecutor.accessTestSuiteMainPhase(TestSuiteExecutor.java:148)
	at com.kms.katalon.core.main.TestSuiteExecutor.execute(TestSuiteExecutor.java:106)
	at com.kms.katalon.core.main.TestCaseMain.startTestSuite(TestCaseMain.java:187)
	at com.kms.katalon.core.main.TestCaseMain$startTestSuite$0.call(Unknown Source)
	at TempTestSuite1731019020691.run(TempTestSuite1731019020691.groovy:35)
Caused by: org.openqa.selenium.ElementNotInteractableException: element not interactable
  (Session info: chrome=130.0.6723.92)
Build info: version: '3.141.59', revision: 'e82be7d358', time: '2018-11-14T08:25:53'
System info: host: 'DESKTOP-B2QI6NS', ip: '172.31.253.185', os.name: 'Windows 10', os.arch: 'amd64', os.version: '10.0', java.version: '1.8.0_181'
Driver info: com.kms.katalon.selenium.driver.CChromeDriver
Capabilities {acceptInsecureCerts: true, browserName: chrome, browserVersion: 130.0.6723.92, chrome: {chromedriverVersion: 129.0.6668.89 (951c0b97221f..., userDataDir: C:\Users\imtiaz\AppData\Loc...}, fedcm:accounts: true, goog:chromeOptions: {debuggerAddress: localhost:55455}, javascriptEnabled: true, networkConnectionEnabled: false, pageLoadStrategy: normal, platform: WINDOWS, platformName: WINDOWS, proxy: Proxy(), setWindowRect: true, strictFileInteractability: false, timeouts: {implicit: 0, pageLoad: 300000, script: 30000}, unhandledPromptBehavior: dismiss and notify, webauthn:extension:credBlob: true, webauthn:extension:largeBlob: true, webauthn:extension:minPinLength: true, webauthn:extension:prf: true, webauthn:virtualAuthenticators: true}
Session ID: 23f33d5e5ead92b42012e5967891c745
	at org.openqa.selenium.remote.http.W3CHttpResponseCodec.createException(W3CHttpResponseCodec.java:187)
	at org.openqa.selenium.remote.http.W3CHttpResponseCodec.decode(W3CHttpResponseCodec.java:122)
	at org.openqa.selenium.remote.http.W3CHttpResponseCodec.decode(W3CHttpResponseCodec.java:49)
	at org.openqa.selenium.remote.HttpCommandExecutor.execute(HttpCommandExecutor.java:158)
	at org.openqa.selenium.remote.service.DriverCommandExecutor.execute(DriverCommandExecutor.java:83)
	at org.openqa.selenium.remote.RemoteWebDriver.execute(RemoteWebDriver.java:552)
	at com.kms.katalon.selenium.driver.CChromeDriver.execute(CChromeDriver.java:19)
	at org.openqa.selenium.remote.RemoteWebElement.execute(RemoteWebElement.java:285)
	at org.openqa.selenium.remote.RemoteWebElement.clear(RemoteWebElement.java:124)
	at org.openqa.selenium.support.events.EventFiringWebDriver$EventFiringWebElement.lambda$new$0(EventFiringWebDriver.java:404)
	at com.sun.proxy.$Proxy11.clear(Unknown Source)
	at org.openqa.selenium.support.events.EventFiringWebDriver$EventFiringWebElement.clear(EventFiringWebDriver.java:436)
	at com.kms.katalon.core.webui.keyword.builtin.SetTextKeyword$_setText_closure1.doCall(SetTextKeyword.groovy:53)
	at com.kms.katalon.core.webui.keyword.builtin.SetTextKeyword$_setText_closure1.call(SetTextKeyword.groovy)
	at com.kms.katalon.core.webui.keyword.internal.WebUIKeywordMain.runKeyword(WebUIKeywordMain.groovy:20)
	at com.kms.katalon.core.webui.keyword.builtin.SetTextKeyword.setText(SetTextKeyword.groovy:66)
	at com.kms.katalon.core.webui.keyword.builtin.SetTextKeyword.execute(SetTextKeyword.groovy:37)
	at com.kms.katalon.core.keyword.internal.KeywordExecutor.executeKeywordForPlatform(KeywordExecutor.groovy:74)
	at com.kms.katalon.core.webui.keyword.WebUiBuiltInKeywords.setText(WebUiBuiltInKeywords.groovy:980)
	at com.kms.katalon.core.webui.keyword.WebUiBuiltInKeywords$setText$9.call(Unknown Source)
	at Script1696265282872.run(Script1696265282872.groovy:114)
	... 13 more
)
[[ATTACHMENT|E:\\Cloned-Project-Katalon\\VPS-Katalon\\Reports\\20241107_173700\\RAD_TestSuite\\RAD_UI_TestSuite\\20241107_173700\\1731022296826.png]]

2024-11-07 18:31:37 - [TEST_STEP][FAILED] - setText(findTestObject(orPath_TaxInfo + "/input_ReTypeDecedentSSN"), " "): Unable to set text ' ' of object 'Object Repository/RAD_Pages/TaxInfo_Page/input_ReTypeDecedentSSN' (Root cause: com.kms.katalon.core.exception.StepFailedException: Unable to set text ' ' of object 'Object Repository/RAD_Pages/TaxInfo_Page/input_ReTypeDecedentSSN'
	at com.kms.katalon.core.webui.keyword.internal.WebUIKeywordMain.stepFailed(WebUIKeywordMain.groovy:64)
	at com.kms.katalon.core.webui.keyword.internal.WebUIKeywordMain.runKeyword(WebUIKeywordMain.groovy:26)
	at com.kms.katalon.core.webui.keyword.builtin.SetTextKeyword.setText(SetTextKeyword.groovy:66)
	at com.kms.katalon.core.webui.keyword.builtin.SetTextKeyword.execute(SetTextKeyword.groovy:37)
	at com.kms.katalon.core.keyword.internal.KeywordExecutor.executeKeywordForPlatform(KeywordExecutor.groovy:74)
	at com.kms.katalon.core.webui.keyword.WebUiBuiltInKeywords.setText(WebUiBuiltInKeywords.groovy:980)
	at com.kms.katalon.core.webui.keyword.WebUiBuiltInKeywords$setText$9.call(Unknown Source)
	at Personal_EL_MRF_TC.run(Personal_EL_MRF_TC:115)
	at com.kms.katalon.core.main.ScriptEngine.run(ScriptEngine.java:194)
	at com.kms.katalon.core.main.ScriptEngine.runScriptAsRawText(ScriptEngine.java:119)
	at com.kms.katalon.core.main.TestCaseExecutor.runScript(TestCaseExecutor.java:448)
	at com.kms.katalon.core.main.TestCaseExecutor.doExecute(TestCaseExecutor.java:439)
	at com.kms.katalon.core.main.TestCaseExecutor.processExecutionPhase(TestCaseExecutor.java:418)
	at com.kms.katalon.core.main.TestCaseExecutor.accessMainPhase(TestCaseExecutor.java:410)
	at com.kms.katalon.core.main.TestCaseExecutor.execute(TestCaseExecutor.java:285)
	at com.kms.katalon.core.common.CommonExecutor.accessTestCaseMainPhase(CommonExecutor.java:65)
	at com.kms.katalon.core.main.TestSuiteExecutor.accessTestSuiteMainPhase(TestSuiteExecutor.java:148)
	at com.kms.katalon.core.main.TestSuiteExecutor.execute(TestSuiteExecutor.java:106)
	at com.kms.katalon.core.main.TestCaseMain.startTestSuite(TestCaseMain.java:187)
	at com.kms.katalon.core.main.TestCaseMain$startTestSuite$0.call(Unknown Source)
	at TempTestSuite1731019020691.run(TempTestSuite1731019020691.groovy:35)
Caused by: org.openqa.selenium.ElementNotInteractableException: element not interactable
  (Session info: chrome=130.0.6723.92)
Build info: version: '3.141.59', revision: 'e82be7d358', time: '2018-11-14T08:25:53'
System info: host: 'DESKTOP-B2QI6NS', ip: '172.31.253.185', os.name: 'Windows 10', os.arch: 'amd64', os.version: '10.0', java.version: '1.8.0_181'
Driver info: com.kms.katalon.selenium.driver.CChromeDriver
Capabilities {acceptInsecureCerts: true, browserName: chrome, browserVersion: 130.0.6723.92, chrome: {chromedriverVersion: 129.0.6668.89 (951c0b97221f..., userDataDir: C:\Users\imtiaz\AppData\Loc...}, fedcm:accounts: true, goog:chromeOptions: {debuggerAddress: localhost:55455}, javascriptEnabled: true, networkConnectionEnabled: false, pageLoadStrategy: normal, platform: WINDOWS, platformName: WINDOWS, proxy: Proxy(), setWindowRect: true, strictFileInteractability: false, timeouts: {implicit: 0, pageLoad: 300000, script: 30000}, unhandledPromptBehavior: dismiss and notify, webauthn:extension:credBlob: true, webauthn:extension:largeBlob: true, webauthn:extension:minPinLength: true, webauthn:extension:prf: true, webauthn:virtualAuthenticators: true}
Session ID: 23f33d5e5ead92b42012e5967891c745
	at org.openqa.selenium.remote.http.W3CHttpResponseCodec.createException(W3CHttpResponseCodec.java:187)
	at org.openqa.selenium.remote.http.W3CHttpResponseCodec.decode(W3CHttpResponseCodec.java:122)
	at org.openqa.selenium.remote.http.W3CHttpResponseCodec.decode(W3CHttpResponseCodec.java:49)
	at org.openqa.selenium.remote.HttpCommandExecutor.execute(HttpCommandExecutor.java:158)
	at org.openqa.selenium.remote.service.DriverCommandExecutor.execute(DriverCommandExecutor.java:83)
	at org.openqa.selenium.remote.RemoteWebDriver.execute(RemoteWebDriver.java:552)
	at com.kms.katalon.selenium.driver.CChromeDriver.execute(CChromeDriver.java:19)
	at org.openqa.selenium.remote.RemoteWebElement.execute(RemoteWebElement.java:285)
	at org.openqa.selenium.remote.RemoteWebElement.clear(RemoteWebElement.java:124)
	at org.openqa.selenium.support.events.EventFiringWebDriver$EventFiringWebElement.lambda$new$0(EventFiringWebDriver.java:404)
	at com.sun.proxy.$Proxy11.clear(Unknown Source)
	at org.openqa.selenium.support.events.EventFiringWebDriver$EventFiringWebElement.clear(EventFiringWebDriver.java:436)
	at com.kms.katalon.core.webui.keyword.builtin.SetTextKeyword$_setText_closure1.doCall(SetTextKeyword.groovy:53)
	at com.kms.katalon.core.webui.keyword.builtin.SetTextKeyword$_setText_closure1.call(SetTextKeyword.groovy)
	at com.kms.katalon.core.webui.keyword.internal.WebUIKeywordMain.runKeyword(WebUIKeywordMain.groovy:20)
	at com.kms.katalon.core.webui.keyword.builtin.SetTextKeyword.setText(SetTextKeyword.groovy:66)
	at com.kms.katalon.core.webui.keyword.builtin.SetTextKeyword.execute(SetTextKeyword.groovy:37)
	at com.kms.katalon.core.keyword.internal.KeywordExecutor.executeKeywordForPlatform(KeywordExecutor.groovy:74)
	at com.kms.katalon.core.webui.keyword.WebUiBuiltInKeywords.setText(WebUiBuiltInKeywords.groovy:980)
	at com.kms.katalon.core.webui.keyword.WebUiBuiltInKeywords$setText$9.call(Unknown Source)
	at Script1696265282872.run(Script1696265282872.groovy:115)
	... 13 more
)

2024-11-07 18:31:37 - [MESSAGE][FAILED] - Unable to set text ' ' of object 'Object Repository/RAD_Pages/TaxInfo_Page/input_ReTypeDecedentSSN' (Root cause: com.kms.katalon.core.exception.StepFailedException: Unable to set text ' ' of object 'Object Repository/RAD_Pages/TaxInfo_Page/input_ReTypeDecedentSSN'
	at com.kms.katalon.core.webui.keyword.internal.WebUIKeywordMain.stepFailed(WebUIKeywordMain.groovy:64)
	at com.kms.katalon.core.webui.keyword.internal.WebUIKeywordMain.runKeyword(WebUIKeywordMain.groovy:26)
	at com.kms.katalon.core.webui.keyword.builtin.SetTextKeyword.setText(SetTextKeyword.groovy:66)
	at com.kms.katalon.core.webui.keyword.builtin.SetTextKeyword.execute(SetTextKeyword.groovy:37)
	at com.kms.katalon.core.keyword.internal.KeywordExecutor.executeKeywordForPlatform(KeywordExecutor.groovy:74)
	at com.kms.katalon.core.webui.keyword.WebUiBuiltInKeywords.setText(WebUiBuiltInKeywords.groovy:980)
	at com.kms.katalon.core.webui.keyword.WebUiBuiltInKeywords$setText$9.call(Unknown Source)
	at Personal_EL_MRF_TC.run(Personal_EL_MRF_TC:115)
	at com.kms.katalon.core.main.ScriptEngine.run(ScriptEngine.java:194)
	at com.kms.katalon.core.main.ScriptEngine.runScriptAsRawText(ScriptEngine.java:119)
	at com.kms.katalon.core.main.TestCaseExecutor.runScript(TestCaseExecutor.java:448)
	at com.kms.katalon.core.main.TestCaseExecutor.doExecute(TestCaseExecutor.java:439)
	at com.kms.katalon.core.main.TestCaseExecutor.processExecutionPhase(TestCaseExecutor.java:418)
	at com.kms.katalon.core.main.TestCaseExecutor.accessMainPhase(TestCaseExecutor.java:410)
	at com.kms.katalon.core.main.TestCaseExecutor.execute(TestCaseExecutor.java:285)
	at com.kms.katalon.core.common.CommonExecutor.accessTestCaseMainPhase(CommonExecutor.java:65)
	at com.kms.katalon.core.main.TestSuiteExecutor.accessTestSuiteMainPhase(TestSuiteExecutor.java:148)
	at com.kms.katalon.core.main.TestSuiteExecutor.execute(TestSuiteExecutor.java:106)
	at com.kms.katalon.core.main.TestCaseMain.startTestSuite(TestCaseMain.java:187)
	at com.kms.katalon.core.main.TestCaseMain$startTestSuite$0.call(Unknown Source)
	at TempTestSuite1731019020691.run(TempTestSuite1731019020691.groovy:35)
Caused by: org.openqa.selenium.ElementNotInteractableException: element not interactable
  (Session info: chrome=130.0.6723.92)
Build info: version: '3.141.59', revision: 'e82be7d358', time: '2018-11-14T08:25:53'
System info: host: 'DESKTOP-B2QI6NS', ip: '172.31.253.185', os.name: 'Windows 10', os.arch: 'amd64', os.version: '10.0', java.version: '1.8.0_181'
Driver info: com.kms.katalon.selenium.driver.CChromeDriver
Capabilities {acceptInsecureCerts: true, browserName: chrome, browserVersion: 130.0.6723.92, chrome: {chromedriverVersion: 129.0.6668.89 (951c0b97221f..., userDataDir: C:\Users\imtiaz\AppData\Loc...}, fedcm:accounts: true, goog:chromeOptions: {debuggerAddress: localhost:55455}, javascriptEnabled: true, networkConnectionEnabled: false, pageLoadStrategy: normal, platform: WINDOWS, platformName: WINDOWS, proxy: Proxy(), setWindowRect: true, strictFileInteractability: false, timeouts: {implicit: 0, pageLoad: 300000, script: 30000}, unhandledPromptBehavior: dismiss and notify, webauthn:extension:credBlob: true, webauthn:extension:largeBlob: true, webauthn:extension:minPinLength: true, webauthn:extension:prf: true, webauthn:virtualAuthenticators: true}
Session ID: 23f33d5e5ead92b42012e5967891c745
	at org.openqa.selenium.remote.http.W3CHttpResponseCodec.createException(W3CHttpResponseCodec.java:187)
	at org.openqa.selenium.remote.http.W3CHttpResponseCodec.decode(W3CHttpResponseCodec.java:122)
	at org.openqa.selenium.remote.http.W3CHttpResponseCodec.decode(W3CHttpResponseCodec.java:49)
	at org.openqa.selenium.remote.HttpCommandExecutor.execute(HttpCommandExecutor.java:158)
	at org.openqa.selenium.remote.service.DriverCommandExecutor.execute(DriverCommandExecutor.java:83)
	at org.openqa.selenium.remote.RemoteWebDriver.execute(RemoteWebDriver.java:552)
	at com.kms.katalon.selenium.driver.CChromeDriver.execute(CChromeDriver.java:19)
	at org.openqa.selenium.remote.RemoteWebElement.execute(RemoteWebElement.java:285)
	at org.openqa.selenium.remote.RemoteWebElement.clear(RemoteWebElement.java:124)
	at org.openqa.selenium.support.events.EventFiringWebDriver$EventFiringWebElement.lambda$new$0(EventFiringWebDriver.java:404)
	at com.sun.proxy.$Proxy11.clear(Unknown Source)
	at org.openqa.selenium.support.events.EventFiringWebDriver$EventFiringWebElement.clear(EventFiringWebDriver.java:436)
	at com.kms.katalon.core.webui.keyword.builtin.SetTextKeyword$_setText_closure1.doCall(SetTextKeyword.groovy:53)
	at com.kms.katalon.core.webui.keyword.builtin.SetTextKeyword$_setText_closure1.call(SetTextKeyword.groovy)
	at com.kms.katalon.core.webui.keyword.internal.WebUIKeywordMain.runKeyword(WebUIKeywordMain.groovy:20)
	at com.kms.katalon.core.webui.keyword.builtin.SetTextKeyword.setText(SetTextKeyword.groovy:66)
	at com.kms.katalon.core.webui.keyword.builtin.SetTextKeyword.execute(SetTextKeyword.groovy:37)
	at com.kms.katalon.core.keyword.internal.KeywordExecutor.executeKeywordForPlatform(KeywordExecutor.groovy:74)
	at com.kms.katalon.core.webui.keyword.WebUiBuiltInKeywords.setText(WebUiBuiltInKeywords.groovy:980)
	at com.kms.katalon.core.webui.keyword.WebUiBuiltInKeywords$setText$9.call(Unknown Source)
	at Script1696265282872.run(Script1696265282872.groovy:115)
	... 13 more
)
[[ATTACHMENT|E:\\Cloned-Project-Katalon\\VPS-Katalon\\Reports\\20241107_173700\\RAD_TestSuite\\RAD_UI_TestSuite\\20241107_173700\\1731022297571.png]]

2024-11-07 18:31:37 - [TEST_STEP][PASSED] - setText(findTestObject(orPath_TaxInfo + "/input_NoticeInvoiceNumber"), " "): Text ' ' is set on object 'Object Repository/RAD_Pages/TaxInfo_Page/input_NoticeInvoiceNumber'

2024-11-07 18:31:38 - [MESSAGE][PASSED] - Text ' ' is set on object 'Object Repository/RAD_Pages/TaxInfo_Page/input_NoticeInvoiceNumber'

2024-11-07 18:31:38 - [TEST_STEP][PASSED] - setText(findTestObject(orPath_TaxInfo + "/input_reTypeNoticeInvoiceNumber"), " "): Text ' ' is set on object 'Object Repository/RAD_Pages/TaxInfo_Page/input_reTypeNoticeInvoiceNumber'

2024-11-07 18:31:39 - [MESSAGE][PASSED] - Text ' ' is set on object 'Object Repository/RAD_Pages/TaxInfo_Page/input_reTypeNoticeInvoiceNumber'

2024-11-07 18:31:39 - [TEST_STEP][PASSED] - resText = "Fail": null

2024-11-07 18:31:39 - [TEST_STEP][PASSED] - pages.WriteExcel.demoKey(resText, datText, resColumn, datCloumn, fileLoc, nameSheet, row): pages.WriteExcel.demoKey is PASSED

2024-11-07 18:31:39 - [MESSAGE][PASSED] - pages.WriteExcel.demoKey is PASSED

2024-11-07 18:31:39 - [TEST_STEP][PASSED] - verifyTextPresent("Enter first name", true, CONTINUE_ON_FAILURE): Text 'Enter first name' is present on page  using regular expression

2024-11-07 18:31:40 - [MESSAGE][PASSED] - Text 'Enter first name' is present on page  using regular expression

2024-11-07 18:31:40 - [TEST_STEP][PASSED] - verifyTextPresent("Enter last name", true, CONTINUE_ON_FAILURE): Text 'Enter last name' is present on page  using regular expression

2024-11-07 18:31:40 - [MESSAGE][PASSED] - Text 'Enter last name' is present on page  using regular expression

2024-11-07 18:31:40 - [TEST_STEP][PASSED] - verifyTextPresent("Enter address", true, CONTINUE_ON_FAILURE): Text 'Enter address' is present on page  using regular expression

2024-11-07 18:31:40 - [MESSAGE][PASSED] - Text 'Enter address' is present on page  using regular expression

2024-11-07 18:31:40 - [TEST_STEP][PASSED] - verifyTextPresent("Enter city", true, CONTINUE_ON_FAILURE): Text 'Enter city' is present on page  using regular expression

2024-11-07 18:31:41 - [MESSAGE][PASSED] - Text 'Enter city' is present on page  using regular expression

2024-11-07 18:31:41 - [TEST_STEP][PASSED] - verifyTextPresent("Enter ZIP code", true, CONTINUE_ON_FAILURE): Text 'Enter ZIP code' is present on page  using regular expression

2024-11-07 18:31:41 - [MESSAGE][PASSED] - Text 'Enter ZIP code' is present on page  using regular expression

2024-11-07 18:31:41 - [TEST_STEP][PASSED] - verifyTextPresent("Enter a valid phone number", true, CONTINUE_ON_FAILURE): Text 'Enter a valid phone number' is present on page  using regular expression

2024-11-07 18:31:41 - [MESSAGE][PASSED] - Text 'Enter a valid phone number' is present on page  using regular expression

2024-11-07 18:31:41 - [TEST_STEP][PASSED] - verifyTextPresent("Enter Email", true, CONTINUE_ON_FAILURE): Text 'Enter Email' is present on page  using regular expression

2024-11-07 18:31:42 - [MESSAGE][PASSED] - Text 'Enter Email' is present on page  using regular expression

2024-11-07 18:31:42 - [TEST_STEP][PASSED] - verifyTextPresent("Notice Number or Invoice Number must be 10, 11, or 13 digits in length, with a value greater than zero", true, CONTINUE_ON_FAILURE): Text 'Notice Number or Invoice Number must be 10, 11, or 13 digits in length, with a value greater than zero' is present on page  using regular expression

2024-11-07 18:31:42 - [MESSAGE][PASSED] - Text 'Notice Number or Invoice Number must be 10, 11, or 13 digits in length, with a value greater than zero' is present on page  using regular expression

2024-11-07 18:31:42 - [TEST_STEP][FAILED] - if (TaxType.equalsIgnoreCase("Estate Tax")): null

2024-11-07 18:31:42 - [TEST_STEP][FAILED] - verifyTextPresent("Please enter a valid Decedent SSN with 9 digits", true, CONTINUE_ON_FAILURE): Text 'Please enter a valid Decedent SSN with 9 digits' is not present on page  using regular expression (Root cause: com.kms.katalon.core.exception.StepFailedException: Text 'Please enter a valid Decedent SSN with 9 digits' is not present on page  using regular expression
	at com.kms.katalon.core.webui.keyword.internal.WebUIKeywordMain.stepFailed(WebUIKeywordMain.groovy:64)
	at com.kms.katalon.core.webui.keyword.builtin.VerifyTextPresentKeyword$_verifyTextPresent_closure1.doCall(VerifyTextPresentKeyword.groovy:79)
	at com.kms.katalon.core.webui.keyword.builtin.VerifyTextPresentKeyword$_verifyTextPresent_closure1.call(VerifyTextPresentKeyword.groovy)
	at com.kms.katalon.core.webui.keyword.internal.WebUIKeywordMain.runKeyword(WebUIKeywordMain.groovy:20)
	at com.kms.katalon.core.webui.keyword.builtin.VerifyTextPresentKeyword.verifyTextPresent(VerifyTextPresentKeyword.groovy:83)
	at com.kms.katalon.core.webui.keyword.builtin.VerifyTextPresentKeyword.execute(VerifyTextPresentKeyword.groovy:68)
	at com.kms.katalon.core.keyword.internal.KeywordExecutor.executeKeywordForPlatform(KeywordExecutor.groovy:74)
	at com.kms.katalon.core.webui.keyword.WebUiBuiltInKeywords.verifyTextPresent(WebUiBuiltInKeywords.groovy:1707)
	at com.kms.katalon.core.webui.keyword.WebUiBuiltInKeywords$verifyTextPresent$11.call(Unknown Source)
	at Personal_EL_MRF_TC.run(Personal_EL_MRF_TC:145)
	at com.kms.katalon.core.main.ScriptEngine.run(ScriptEngine.java:194)
	at com.kms.katalon.core.main.ScriptEngine.runScriptAsRawText(ScriptEngine.java:119)
	at com.kms.katalon.core.main.TestCaseExecutor.runScript(TestCaseExecutor.java:448)
	at com.kms.katalon.core.main.TestCaseExecutor.doExecute(TestCaseExecutor.java:439)
	at com.kms.katalon.core.main.TestCaseExecutor.processExecutionPhase(TestCaseExecutor.java:418)
	at com.kms.katalon.core.main.TestCaseExecutor.accessMainPhase(TestCaseExecutor.java:410)
	at com.kms.katalon.core.main.TestCaseExecutor.execute(TestCaseExecutor.java:285)
	at com.kms.katalon.core.common.CommonExecutor.accessTestCaseMainPhase(CommonExecutor.java:65)
	at com.kms.katalon.core.main.TestSuiteExecutor.accessTestSuiteMainPhase(TestSuiteExecutor.java:148)
	at com.kms.katalon.core.main.TestSuiteExecutor.execute(TestSuiteExecutor.java:106)
	at com.kms.katalon.core.main.TestCaseMain.startTestSuite(TestCaseMain.java:187)
	at com.kms.katalon.core.main.TestCaseMain$startTestSuite$0.call(Unknown Source)
	at TempTestSuite1731019020691.run(TempTestSuite1731019020691.groovy:35)
)

2024-11-07 18:31:42 - [MESSAGE][FAILED] - Text 'Please enter a valid Decedent SSN with 9 digits' is not present on page  using regular expression (Root cause: com.kms.katalon.core.exception.StepFailedException: Text 'Please enter a valid Decedent SSN with 9 digits' is not present on page  using regular expression
	at com.kms.katalon.core.webui.keyword.internal.WebUIKeywordMain.stepFailed(WebUIKeywordMain.groovy:64)
	at com.kms.katalon.core.webui.keyword.builtin.VerifyTextPresentKeyword$_verifyTextPresent_closure1.doCall(VerifyTextPresentKeyword.groovy:79)
	at com.kms.katalon.core.webui.keyword.builtin.VerifyTextPresentKeyword$_verifyTextPresent_closure1.call(VerifyTextPresentKeyword.groovy)
	at com.kms.katalon.core.webui.keyword.internal.WebUIKeywordMain.runKeyword(WebUIKeywordMain.groovy:20)
	at com.kms.katalon.core.webui.keyword.builtin.VerifyTextPresentKeyword.verifyTextPresent(VerifyTextPresentKeyword.groovy:83)
	at com.kms.katalon.core.webui.keyword.builtin.VerifyTextPresentKeyword.execute(VerifyTextPresentKeyword.groovy:68)
	at com.kms.katalon.core.keyword.internal.KeywordExecutor.executeKeywordForPlatform(KeywordExecutor.groovy:74)
	at com.kms.katalon.core.webui.keyword.WebUiBuiltInKeywords.verifyTextPresent(WebUiBuiltInKeywords.groovy:1707)
	at com.kms.katalon.core.webui.keyword.WebUiBuiltInKeywords$verifyTextPresent$11.call(Unknown Source)
	at Personal_EL_MRF_TC.run(Personal_EL_MRF_TC:145)
	at com.kms.katalon.core.main.ScriptEngine.run(ScriptEngine.java:194)
	at com.kms.katalon.core.main.ScriptEngine.runScriptAsRawText(ScriptEngine.java:119)
	at com.kms.katalon.core.main.TestCaseExecutor.runScript(TestCaseExecutor.java:448)
	at com.kms.katalon.core.main.TestCaseExecutor.doExecute(TestCaseExecutor.java:439)
	at com.kms.katalon.core.main.TestCaseExecutor.processExecutionPhase(TestCaseExecutor.java:418)
	at com.kms.katalon.core.main.TestCaseExecutor.accessMainPhase(TestCaseExecutor.java:410)
	at com.kms.katalon.core.main.TestCaseExecutor.execute(TestCaseExecutor.java:285)
	at com.kms.katalon.core.common.CommonExecutor.accessTestCaseMainPhase(CommonExecutor.java:65)
	at com.kms.katalon.core.main.TestSuiteExecutor.accessTestSuiteMainPhase(TestSuiteExecutor.java:148)
	at com.kms.katalon.core.main.TestSuiteExecutor.execute(TestSuiteExecutor.java:106)
	at com.kms.katalon.core.main.TestCaseMain.startTestSuite(TestCaseMain.java:187)
	at com.kms.katalon.core.main.TestCaseMain$startTestSuite$0.call(Unknown Source)
	at TempTestSuite1731019020691.run(TempTestSuite1731019020691.groovy:35)
)

2024-11-07 18:31:42 - [TEST_STEP][FAILED] - verifyTextPresent("Re-type Decedent SSN Validation Error", true, CONTINUE_ON_FAILURE): Text 'Re-type Decedent SSN Validation Error' is not present on page  using regular expression (Root cause: com.kms.katalon.core.exception.StepFailedException: Text 'Re-type Decedent SSN Validation Error' is not present on page  using regular expression
	at com.kms.katalon.core.webui.keyword.internal.WebUIKeywordMain.stepFailed(WebUIKeywordMain.groovy:64)
	at com.kms.katalon.core.webui.keyword.builtin.VerifyTextPresentKeyword$_verifyTextPresent_closure1.doCall(VerifyTextPresentKeyword.groovy:79)
	at com.kms.katalon.core.webui.keyword.builtin.VerifyTextPresentKeyword$_verifyTextPresent_closure1.call(VerifyTextPresentKeyword.groovy)
	at com.kms.katalon.core.webui.keyword.internal.WebUIKeywordMain.runKeyword(WebUIKeywordMain.groovy:20)
	at com.kms.katalon.core.webui.keyword.builtin.VerifyTextPresentKeyword.verifyTextPresent(VerifyTextPresentKeyword.groovy:83)
	at com.kms.katalon.core.webui.keyword.builtin.VerifyTextPresentKeyword.execute(VerifyTextPresentKeyword.groovy:68)
	at com.kms.katalon.core.keyword.internal.KeywordExecutor.executeKeywordForPlatform(KeywordExecutor.groovy:74)
	at com.kms.katalon.core.webui.keyword.WebUiBuiltInKeywords.verifyTextPresent(WebUiBuiltInKeywords.groovy:1707)
	at com.kms.katalon.core.webui.keyword.WebUiBuiltInKeywords$verifyTextPresent$11.call(Unknown Source)
	at Personal_EL_MRF_TC.run(Personal_EL_MRF_TC:146)
	at com.kms.katalon.core.main.ScriptEngine.run(ScriptEngine.java:194)
	at com.kms.katalon.core.main.ScriptEngine.runScriptAsRawText(ScriptEngine.java:119)
	at com.kms.katalon.core.main.TestCaseExecutor.runScript(TestCaseExecutor.java:448)
	at com.kms.katalon.core.main.TestCaseExecutor.doExecute(TestCaseExecutor.java:439)
	at com.kms.katalon.core.main.TestCaseExecutor.processExecutionPhase(TestCaseExecutor.java:418)
	at com.kms.katalon.core.main.TestCaseExecutor.accessMainPhase(TestCaseExecutor.java:410)
	at com.kms.katalon.core.main.TestCaseExecutor.execute(TestCaseExecutor.java:285)
	at com.kms.katalon.core.common.CommonExecutor.accessTestCaseMainPhase(CommonExecutor.java:65)
	at com.kms.katalon.core.main.TestSuiteExecutor.accessTestSuiteMainPhase(TestSuiteExecutor.java:148)
	at com.kms.katalon.core.main.TestSuiteExecutor.execute(TestSuiteExecutor.java:106)
	at com.kms.katalon.core.main.TestCaseMain.startTestSuite(TestCaseMain.java:187)
	at com.kms.katalon.core.main.TestCaseMain$startTestSuite$0.call(Unknown Source)
	at TempTestSuite1731019020691.run(TempTestSuite1731019020691.groovy:35)
)

2024-11-07 18:31:43 - [MESSAGE][FAILED] - Text 'Re-type Decedent SSN Validation Error' is not present on page  using regular expression (Root cause: com.kms.katalon.core.exception.StepFailedException: Text 'Re-type Decedent SSN Validation Error' is not present on page  using regular expression
	at com.kms.katalon.core.webui.keyword.internal.WebUIKeywordMain.stepFailed(WebUIKeywordMain.groovy:64)
	at com.kms.katalon.core.webui.keyword.builtin.VerifyTextPresentKeyword$_verifyTextPresent_closure1.doCall(VerifyTextPresentKeyword.groovy:79)
	at com.kms.katalon.core.webui.keyword.builtin.VerifyTextPresentKeyword$_verifyTextPresent_closure1.call(VerifyTextPresentKeyword.groovy)
	at com.kms.katalon.core.webui.keyword.internal.WebUIKeywordMain.runKeyword(WebUIKeywordMain.groovy:20)
	at com.kms.katalon.core.webui.keyword.builtin.VerifyTextPresentKeyword.verifyTextPresent(VerifyTextPresentKeyword.groovy:83)
	at com.kms.katalon.core.webui.keyword.builtin.VerifyTextPresentKeyword.execute(VerifyTextPresentKeyword.groovy:68)
	at com.kms.katalon.core.keyword.internal.KeywordExecutor.executeKeywordForPlatform(KeywordExecutor.groovy:74)
	at com.kms.katalon.core.webui.keyword.WebUiBuiltInKeywords.verifyTextPresent(WebUiBuiltInKeywords.groovy:1707)
	at com.kms.katalon.core.webui.keyword.WebUiBuiltInKeywords$verifyTextPresent$11.call(Unknown Source)
	at Personal_EL_MRF_TC.run(Personal_EL_MRF_TC:146)
	at com.kms.katalon.core.main.ScriptEngine.run(ScriptEngine.java:194)
	at com.kms.katalon.core.main.ScriptEngine.runScriptAsRawText(ScriptEngine.java:119)
	at com.kms.katalon.core.main.TestCaseExecutor.runScript(TestCaseExecutor.java:448)
	at com.kms.katalon.core.main.TestCaseExecutor.doExecute(TestCaseExecutor.java:439)
	at com.kms.katalon.core.main.TestCaseExecutor.processExecutionPhase(TestCaseExecutor.java:418)
	at com.kms.katalon.core.main.TestCaseExecutor.accessMainPhase(TestCaseExecutor.java:410)
	at com.kms.katalon.core.main.TestCaseExecutor.execute(TestCaseExecutor.java:285)
	at com.kms.katalon.core.common.CommonExecutor.accessTestCaseMainPhase(CommonExecutor.java:65)
	at com.kms.katalon.core.main.TestSuiteExecutor.accessTestSuiteMainPhase(TestSuiteExecutor.java:148)
	at com.kms.katalon.core.main.TestSuiteExecutor.execute(TestSuiteExecutor.java:106)
	at com.kms.katalon.core.main.TestCaseMain.startTestSuite(TestCaseMain.java:187)
	at com.kms.katalon.core.main.TestCaseMain$startTestSuite$0.call(Unknown Source)
	at TempTestSuite1731019020691.run(TempTestSuite1731019020691.groovy:35)
)

2024-11-07 18:31:43 - [TEST_STEP][PASSED] - resText = "Pass": null

2024-11-07 18:31:43 - [TEST_STEP][PASSED] - pages.WriteExcel.demoKey(resText, datText, resColumn, datCloumn, fileLoc, nameSheet, row): pages.WriteExcel.demoKey is PASSED

2024-11-07 18:31:43 - [MESSAGE][PASSED] - pages.WriteExcel.demoKey is PASSED]]></system-out>
         <system-err><![CDATA[2024-11-07 18:31:00 - [TEST_CASE][FAILED] - Test Cases/RAD_TestCases/MRF_TestCases/Personal_EL_MRF_TC: Test Cases/RAD_TestCases/MRF_TestCases/Personal_EL_MRF_TC FAILED.
Reason:
com.kms.katalon.core.exception.StepFailedException: Unable to select option by label 'Estate Tax' of object 'Object Repository/RAD_Pages/TaxTypeFilingYear_Page/select_TaxType_ExistingLiability'  (Root cause: com.kms.katalon.core.exception.StepFailedException: Unable to select option by label 'Estate Tax' of object 'Object Repository/RAD_Pages/TaxTypeFilingYear_Page/select_TaxType_ExistingLiability' 
	at com.kms.katalon.core.webui.keyword.internal.WebUIKeywordMain.stepFailed(WebUIKeywordMain.groovy:64)
	at com.kms.katalon.core.webui.keyword.internal.WebUIKeywordMain.runKeyword(WebUIKeywordMain.groovy:26)
	at com.kms.katalon.core.webui.keyword.builtin.SelectOptionByLabelKeyword.selectOptionByLabel(SelectOptionByLabelKeyword.groovy:98)
	at com.kms.katalon.core.webui.keyword.builtin.SelectOptionByLabelKeyword.execute(SelectOptionByLabelKeyword.groovy:71)
	at com.kms.katalon.core.keyword.internal.KeywordExecutor.executeKeywordForPlatform(KeywordExecutor.groovy:74)
	at com.kms.katalon.core.webui.keyword.WebUiBuiltInKeywords.selectOptionByLabel(WebUiBuiltInKeywords.groovy:1230)
	at com.kms.katalon.core.webui.keyword.WebUiBuiltInKeywords$selectOptionByLabel$2.call(Unknown Source)
	at Personal_EL_MRF_TC.run(Personal_EL_MRF_TC:85)
	at com.kms.katalon.core.main.ScriptEngine.run(ScriptEngine.java:194)
	at com.kms.katalon.core.main.ScriptEngine.runScriptAsRawText(ScriptEngine.java:119)
	at com.kms.katalon.core.main.TestCaseExecutor.runScript(TestCaseExecutor.java:448)
	at com.kms.katalon.core.main.TestCaseExecutor.doExecute(TestCaseExecutor.java:439)
	at com.kms.katalon.core.main.TestCaseExecutor.processExecutionPhase(TestCaseExecutor.java:418)
	at com.kms.katalon.core.main.TestCaseExecutor.accessMainPhase(TestCaseExecutor.java:410)
	at com.kms.katalon.core.main.TestCaseExecutor.execute(TestCaseExecutor.java:285)
	at com.kms.katalon.core.common.CommonExecutor.accessTestCaseMainPhase(CommonExecutor.java:65)
	at com.kms.katalon.core.main.TestSuiteExecutor.accessTestSuiteMainPhase(TestSuiteExecutor.java:148)
	at com.kms.katalon.core.main.TestSuiteExecutor.execute(TestSuiteExecutor.java:106)
	at com.kms.katalon.core.main.TestCaseMain.startTestSuite(TestCaseMain.java:187)
	at com.kms.katalon.core.main.TestCaseMain$startTestSuite$0.call(Unknown Source)
	at TempTestSuite1731019020691.run(TempTestSuite1731019020691.groovy:35)
Caused by: org.openqa.selenium.NoSuchElementException: Cannot locate element with text: Estate Tax
For documentation on this error, please visit: https://www.seleniumhq.org/exceptions/no_such_element.html
Build info: version: '3.141.59', revision: 'e82be7d358', time: '2018-11-14T08:25:53'
System info: host: 'DESKTOP-B2QI6NS', ip: '172.31.253.185', os.name: 'Windows 10', os.arch: 'amd64', os.version: '10.0', java.version: '1.8.0_181'
Driver info: driver.version: unknown
	at org.openqa.selenium.support.ui.Select.selectByVisibleText(Select.java:147)
	at com.kms.katalon.core.webui.common.WebUiCommonHelper.selectOrDeselectOptionsByLabel(WebUiCommonHelper.java:310)
	at com.kms.katalon.core.webui.keyword.builtin.SelectOptionByLabelKeyword$_selectOptionByLabel_closure1.doCall(SelectOptionByLabelKeyword.groovy:87)
	at com.kms.katalon.core.webui.keyword.builtin.SelectOptionByLabelKeyword$_selectOptionByLabel_closure1.call(SelectOptionByLabelKeyword.groovy)
	at com.kms.katalon.core.webui.keyword.internal.WebUIKeywordMain.runKeyword(WebUIKeywordMain.groovy:20)
	at com.kms.katalon.core.webui.keyword.builtin.SelectOptionByLabelKeyword.selectOptionByLabel(SelectOptionByLabelKeyword.groovy:98)
	at com.kms.katalon.core.webui.keyword.builtin.SelectOptionByLabelKeyword.execute(SelectOptionByLabelKeyword.groovy:71)
	at com.kms.katalon.core.keyword.internal.KeywordExecutor.executeKeywordForPlatform(KeywordExecutor.groovy:74)
	at com.kms.katalon.core.webui.keyword.WebUiBuiltInKeywords.selectOptionByLabel(WebUiBuiltInKeywords.groovy:1230)
	at com.kms.katalon.core.webui.keyword.WebUiBuiltInKeywords$selectOptionByLabel$2.call(Unknown Source)
	at Script1696265282872.run(Script1696265282872.groovy:85)
	... 13 more
)
	at com.kms.katalon.core.keyword.internal.KeywordMain.stepFailed(KeywordMain.groovy:39)
	at com.kms.katalon.core.webui.keyword.internal.WebUIKeywordMain.stepFailed(WebUIKeywordMain.groovy:64)
	at com.kms.katalon.core.webui.keyword.internal.WebUIKeywordMain.runKeyword(WebUIKeywordMain.groovy:26)
	at com.kms.katalon.core.webui.keyword.builtin.SelectOptionByLabelKeyword.selectOptionByLabel(SelectOptionByLabelKeyword.groovy:98)
	at com.kms.katalon.core.webui.keyword.builtin.SelectOptionByLabelKeyword.execute(SelectOptionByLabelKeyword.groovy:71)
	at com.kms.katalon.core.keyword.internal.KeywordExecutor.executeKeywordForPlatform(KeywordExecutor.groovy:74)
	at com.kms.katalon.core.webui.keyword.WebUiBuiltInKeywords.selectOptionByLabel(WebUiBuiltInKeywords.groovy:1230)
	at com.kms.katalon.core.webui.keyword.WebUiBuiltInKeywords$selectOptionByLabel$2.call(Unknown Source)
	at Personal_EL_MRF_TC.run(Personal_EL_MRF_TC:85)
	at com.kms.katalon.core.main.ScriptEngine.run(ScriptEngine.java:194)
	at com.kms.katalon.core.main.ScriptEngine.runScriptAsRawText(ScriptEngine.java:119)
	at com.kms.katalon.core.main.TestCaseExecutor.runScript(TestCaseExecutor.java:448)
	at com.kms.katalon.core.main.TestCaseExecutor.doExecute(TestCaseExecutor.java:439)
	at com.kms.katalon.core.main.TestCaseExecutor.processExecutionPhase(TestCaseExecutor.java:418)
	at com.kms.katalon.core.main.TestCaseExecutor.accessMainPhase(TestCaseExecutor.java:410)
	at com.kms.katalon.core.main.TestCaseExecutor.execute(TestCaseExecutor.java:285)
	at com.kms.katalon.core.common.CommonExecutor.accessTestCaseMainPhase(CommonExecutor.java:65)
	at com.kms.katalon.core.main.TestSuiteExecutor.accessTestSuiteMainPhase(TestSuiteExecutor.java:148)
	at com.kms.katalon.core.main.TestSuiteExecutor.execute(TestSuiteExecutor.java:106)
	at com.kms.katalon.core.main.TestCaseMain.startTestSuite(TestCaseMain.java:187)
	at com.kms.katalon.core.main.TestCaseMain$startTestSuite$0.call(Unknown Source)
	at TempTestSuite1731019020691.run(TempTestSuite1731019020691.groovy:35)
Caused by: com.kms.katalon.core.exception.StepFailedException: Unable to select option by label 'Estate Tax' of object 'Object Repository/RAD_Pages/TaxTypeFilingYear_Page/select_TaxType_ExistingLiability' 
	... 21 more
Caused by: org.openqa.selenium.NoSuchElementException: Cannot locate element with text: Estate Tax
For documentation on this error, please visit: https://www.seleniumhq.org/exceptions/no_such_element.html
Build info: version: '3.141.59', revision: 'e82be7d358', time: '2018-11-14T08:25:53'
System info: host: 'DESKTOP-B2QI6NS', ip: '172.31.253.185', os.name: 'Windows 10', os.arch: 'amd64', os.version: '10.0', java.version: '1.8.0_181'
Driver info: driver.version: unknown
	at org.openqa.selenium.support.ui.Select.selectByVisibleText(Select.java:147)
	at com.kms.katalon.core.webui.common.WebUiCommonHelper.selectOrDeselectOptionsByLabel(WebUiCommonHelper.java:310)
	at com.kms.katalon.core.webui.keyword.builtin.SelectOptionByLabelKeyword$_selectOptionByLabel_closure1.doCall(SelectOptionByLabelKeyword.groovy:87)
	at com.kms.katalon.core.webui.keyword.builtin.SelectOptionByLabelKeyword$_selectOptionByLabel_closure1.call(SelectOptionByLabelKeyword.groovy)
	at com.kms.katalon.core.webui.keyword.internal.WebUIKeywordMain.runKeyword(WebUIKeywordMain.groovy:20)
	... 19 more]]></system-err>
      </testcase>
      <testcase name="Test Cases/RAD_TestCases/MRF_TestCases/Personal_Individual_MRF_TC" time="162.458" classname="Test Cases/RAD_TestCases/MRF_TestCases/Personal_Individual_MRF_TC" status="FAILED">
         <failure type="FAILED" message="Test Cases/RAD_TestCases/MRF_TestCases/Personal_Individual_MRF_TC FAILED.
Reason:
com.kms.katalon.core.exception.StepFailedException: Unable to select option by label 'Estate Tax' of object 'Object Repository/RAD_Pages/Landing_Page/select_NewTaxReturnAmountDue_TaxType'  (Root cause: com.kms.katalon.core.exception.StepFailedException: Unable to select option by label 'Estate Tax' of object 'Object Repository/RAD_Pages/Landing_Page/select_NewTaxReturnAmountDue_TaxType' 
	at com.kms.katalon.core.webui.keyword.internal.WebUIKeywordMain.stepFailed(WebUIKeywordMain.groovy:64)
	at com.kms.katalon.core.webui.keyword.internal.WebUIKeywordMain.runKeyword(WebUIKeywordMain.groovy:26)
	at com.kms.katalon.core.webui.keyword.builtin.SelectOptionByLabelKeyword.selectOptionByLabel(SelectOptionByLabelKeyword.groovy:98)
	at com.kms.katalon.core.webui.keyword.builtin.SelectOptionByLabelKeyword.execute(SelectOptionByLabelKeyword.groovy:71)
	at com.kms.katalon.core.keyword.internal.KeywordExecutor.executeKeywordForPlatform(KeywordExecutor.groovy:74)
	at com.kms.katalon.core.webui.keyword.WebUiBuiltInKeywords.selectOptionByLabel(WebUiBuiltInKeywords.groovy:1230)
	at com.kms.katalon.core.webui.keyword.WebUiBuiltInKeywords$selectOptionByLabel$2.call(Unknown Source)
	at Personal_Individual_MRF_TC.run(Personal_Individual_MRF_TC:100)
	at com.kms.katalon.core.main.ScriptEngine.run(ScriptEngine.java:194)
	at com.kms.katalon.core.main.ScriptEngine.runScriptAsRawText(ScriptEngine.java:119)
	at com.kms.katalon.core.main.TestCaseExecutor.runScript(TestCaseExecutor.java:448)
	at com.kms.katalon.core.main.TestCaseExecutor.doExecute(TestCaseExecutor.java:439)
	at com.kms.katalon.core.main.TestCaseExecutor.processExecutionPhase(TestCaseExecutor.java:418)
	at com.kms.katalon.core.main.TestCaseExecutor.accessMainPhase(TestCaseExecutor.java:410)
	at com.kms.katalon.core.main.TestCaseExecutor.execute(TestCaseExecutor.java:285)
	at com.kms.katalon.core.common.CommonExecutor.accessTestCaseMainPhase(CommonExecutor.java:65)
	at com.kms.katalon.core.main.TestSuiteExecutor.accessTestSuiteMainPhase(TestSuiteExecutor.java:148)
	at com.kms.katalon.core.main.TestSuiteExecutor.execute(TestSuiteExecutor.java:106)
	at com.kms.katalon.core.main.TestCaseMain.startTestSuite(TestCaseMain.java:187)
	at com.kms.katalon.core.main.TestCaseMain$startTestSuite$0.call(Unknown Source)
	at TempTestSuite1731019020691.run(TempTestSuite1731019020691.groovy:35)
Caused by: org.openqa.selenium.NoSuchElementException: Cannot locate element with text: Estate Tax
For documentation on this error, please visit: https://www.seleniumhq.org/exceptions/no_such_element.html
Build info: version: '3.141.59', revision: 'e82be7d358', time: '2018-11-14T08:25:53'
System info: host: 'DESKTOP-B2QI6NS', ip: '172.31.253.185', os.name: 'Windows 10', os.arch: 'amd64', os.version: '10.0', java.version: '1.8.0_181'
Driver info: driver.version: unknown
	at org.openqa.selenium.support.ui.Select.selectByVisibleText(Select.java:147)
	at com.kms.katalon.core.webui.common.WebUiCommonHelper.selectOrDeselectOptionsByLabel(WebUiCommonHelper.java:310)
	at com.kms.katalon.core.webui.keyword.builtin.SelectOptionByLabelKeyword$_selectOptionByLabel_closure1.doCall(SelectOptionByLabelKeyword.groovy:87)
	at com.kms.katalon.core.webui.keyword.builtin.SelectOptionByLabelKeyword$_selectOptionByLabel_closure1.call(SelectOptionByLabelKeyword.groovy)
	at com.kms.katalon.core.webui.keyword.internal.WebUIKeywordMain.runKeyword(WebUIKeywordMain.groovy:20)
	at com.kms.katalon.core.webui.keyword.builtin.SelectOptionByLabelKeyword.selectOptionByLabel(SelectOptionByLabelKeyword.groovy:98)
	at com.kms.katalon.core.webui.keyword.builtin.SelectOptionByLabelKeyword.execute(SelectOptionByLabelKeyword.groovy:71)
	at com.kms.katalon.core.keyword.internal.KeywordExecutor.executeKeywordForPlatform(KeywordExecutor.groovy:74)
	at com.kms.katalon.core.webui.keyword.WebUiBuiltInKeywords.selectOptionByLabel(WebUiBuiltInKeywords.groovy:1230)
	at com.kms.katalon.core.webui.keyword.WebUiBuiltInKeywords$selectOptionByLabel$2.call(Unknown Source)
	at Script1696265299704.run(Script1696265299704.groovy:100)
	... 13 more
)
	at com.kms.katalon.core.keyword.internal.KeywordMain.stepFailed(KeywordMain.groovy:39)
	at com.kms.katalon.core.webui.keyword.internal.WebUIKeywordMain.stepFailed(WebUIKeywordMain.groovy:64)
	at com.kms.katalon.core.webui.keyword.internal.WebUIKeywordMain.runKeyword(WebUIKeywordMain.groovy:26)
	at com.kms.katalon.core.webui.keyword.builtin.SelectOptionByLabelKeyword.selectOptionByLabel(SelectOptionByLabelKeyword.groovy:98)
	at com.kms.katalon.core.webui.keyword.builtin.SelectOptionByLabelKeyword.execute(SelectOptionByLabelKeyword.groovy:71)
	at com.kms.katalon.core.keyword.internal.KeywordExecutor.executeKeywordForPlatform(KeywordExecutor.groovy:74)
	at com.kms.katalon.core.webui.keyword.WebUiBuiltInKeywords.selectOptionByLabel(WebUiBuiltInKeywords.groovy:1230)
	at com.kms.katalon.core.webui.keyword.WebUiBuiltInKeywords$selectOptionByLabel$2.call(Unknown Source)
	at Personal_Individual_MRF_TC.run(Personal_Individual_MRF_TC:100)
	at com.kms.katalon.core.main.ScriptEngine.run(ScriptEngine.java:194)
	at com.kms.katalon.core.main.ScriptEngine.runScriptAsRawText(ScriptEngine.java:119)
	at com.kms.katalon.core.main.TestCaseExecutor.runScript(TestCaseExecutor.java:448)
	at com.kms.katalon.core.main.TestCaseExecutor.doExecute(TestCaseExecutor.java:439)
	at com.kms.katalon.core.main.TestCaseExecutor.processExecutionPhase(TestCaseExecutor.java:418)
	at com.kms.katalon.core.main.TestCaseExecutor.accessMainPhase(TestCaseExecutor.java:410)
	at com.kms.katalon.core.main.TestCaseExecutor.execute(TestCaseExecutor.java:285)
	at com.kms.katalon.core.common.CommonExecutor.accessTestCaseMainPhase(CommonExecutor.java:65)
	at com.kms.katalon.core.main.TestSuiteExecutor.accessTestSuiteMainPhase(TestSuiteExecutor.java:148)
	at com.kms.katalon.core.main.TestSuiteExecutor.execute(TestSuiteExecutor.java:106)
	at com.kms.katalon.core.main.TestCaseMain.startTestSuite(TestCaseMain.java:187)
	at com.kms.katalon.core.main.TestCaseMain$startTestSuite$0.call(Unknown Source)
	at TempTestSuite1731019020691.run(TempTestSuite1731019020691.groovy:35)
Caused by: com.kms.katalon.core.exception.StepFailedException: Unable to select option by label 'Estate Tax' of object 'Object Repository/RAD_Pages/Landing_Page/select_NewTaxReturnAmountDue_TaxType' 
	... 21 more
Caused by: org.openqa.selenium.NoSuchElementException: Cannot locate element with text: Estate Tax
For documentation on this error, please visit: https://www.seleniumhq.org/exceptions/no_such_element.html
Build info: version: '3.141.59', revision: 'e82be7d358', time: '2018-11-14T08:25:53'
System info: host: 'DESKTOP-B2QI6NS', ip: '172.31.253.185', os.name: 'Windows 10', os.arch: 'amd64', os.version: '10.0', java.version: '1.8.0_181'
Driver info: driver.version: unknown
	at org.openqa.selenium.support.ui.Select.selectByVisibleText(Select.java:147)
	at com.kms.katalon.core.webui.common.WebUiCommonHelper.selectOrDeselectOptionsByLabel(WebUiCommonHelper.java:310)
	at com.kms.katalon.core.webui.keyword.builtin.SelectOptionByLabelKeyword$_selectOptionByLabel_closure1.doCall(SelectOptionByLabelKeyword.groovy:87)
	at com.kms.katalon.core.webui.keyword.builtin.SelectOptionByLabelKeyword$_selectOptionByLabel_closure1.call(SelectOptionByLabelKeyword.groovy)
	at com.kms.katalon.core.webui.keyword.internal.WebUIKeywordMain.runKeyword(WebUIKeywordMain.groovy:20)
	... 19 more
"/>
         <system-out><![CDATA[2024-11-07 18:31:43 - [TEST_CASE][FAILED] - Test Cases/RAD_TestCases/MRF_TestCases/Personal_Individual_MRF_TC: Test Cases/RAD_TestCases/MRF_TestCases/Personal_Individual_MRF_TC FAILED.
Reason:
com.kms.katalon.core.exception.StepFailedException: Unable to select option by label 'Estate Tax' of object 'Object Repository/RAD_Pages/Landing_Page/select_NewTaxReturnAmountDue_TaxType'  (Root cause: com.kms.katalon.core.exception.StepFailedException: Unable to select option by label 'Estate Tax' of object 'Object Repository/RAD_Pages/Landing_Page/select_NewTaxReturnAmountDue_TaxType' 
	at com.kms.katalon.core.webui.keyword.internal.WebUIKeywordMain.stepFailed(WebUIKeywordMain.groovy:64)
	at com.kms.katalon.core.webui.keyword.internal.WebUIKeywordMain.runKeyword(WebUIKeywordMain.groovy:26)
	at com.kms.katalon.core.webui.keyword.builtin.SelectOptionByLabelKeyword.selectOptionByLabel(SelectOptionByLabelKeyword.groovy:98)
	at com.kms.katalon.core.webui.keyword.builtin.SelectOptionByLabelKeyword.execute(SelectOptionByLabelKeyword.groovy:71)
	at com.kms.katalon.core.keyword.internal.KeywordExecutor.executeKeywordForPlatform(KeywordExecutor.groovy:74)
	at com.kms.katalon.core.webui.keyword.WebUiBuiltInKeywords.selectOptionByLabel(WebUiBuiltInKeywords.groovy:1230)
	at com.kms.katalon.core.webui.keyword.WebUiBuiltInKeywords$selectOptionByLabel$2.call(Unknown Source)
	at Personal_Individual_MRF_TC.run(Personal_Individual_MRF_TC:100)
	at com.kms.katalon.core.main.ScriptEngine.run(ScriptEngine.java:194)
	at com.kms.katalon.core.main.ScriptEngine.runScriptAsRawText(ScriptEngine.java:119)
	at com.kms.katalon.core.main.TestCaseExecutor.runScript(TestCaseExecutor.java:448)
	at com.kms.katalon.core.main.TestCaseExecutor.doExecute(TestCaseExecutor.java:439)
	at com.kms.katalon.core.main.TestCaseExecutor.processExecutionPhase(TestCaseExecutor.java:418)
	at com.kms.katalon.core.main.TestCaseExecutor.accessMainPhase(TestCaseExecutor.java:410)
	at com.kms.katalon.core.main.TestCaseExecutor.execute(TestCaseExecutor.java:285)
	at com.kms.katalon.core.common.CommonExecutor.accessTestCaseMainPhase(CommonExecutor.java:65)
	at com.kms.katalon.core.main.TestSuiteExecutor.accessTestSuiteMainPhase(TestSuiteExecutor.java:148)
	at com.kms.katalon.core.main.TestSuiteExecutor.execute(TestSuiteExecutor.java:106)
	at com.kms.katalon.core.main.TestCaseMain.startTestSuite(TestCaseMain.java:187)
	at com.kms.katalon.core.main.TestCaseMain$startTestSuite$0.call(Unknown Source)
	at TempTestSuite1731019020691.run(TempTestSuite1731019020691.groovy:35)
Caused by: org.openqa.selenium.NoSuchElementException: Cannot locate element with text: Estate Tax
For documentation on this error, please visit: https://www.seleniumhq.org/exceptions/no_such_element.html
Build info: version: '3.141.59', revision: 'e82be7d358', time: '2018-11-14T08:25:53'
System info: host: 'DESKTOP-B2QI6NS', ip: '172.31.253.185', os.name: 'Windows 10', os.arch: 'amd64', os.version: '10.0', java.version: '1.8.0_181'
Driver info: driver.version: unknown
	at org.openqa.selenium.support.ui.Select.selectByVisibleText(Select.java:147)
	at com.kms.katalon.core.webui.common.WebUiCommonHelper.selectOrDeselectOptionsByLabel(WebUiCommonHelper.java:310)
	at com.kms.katalon.core.webui.keyword.builtin.SelectOptionByLabelKeyword$_selectOptionByLabel_closure1.doCall(SelectOptionByLabelKeyword.groovy:87)
	at com.kms.katalon.core.webui.keyword.builtin.SelectOptionByLabelKeyword$_selectOptionByLabel_closure1.call(SelectOptionByLabelKeyword.groovy)
	at com.kms.katalon.core.webui.keyword.internal.WebUIKeywordMain.runKeyword(WebUIKeywordMain.groovy:20)
	at com.kms.katalon.core.webui.keyword.builtin.SelectOptionByLabelKeyword.selectOptionByLabel(SelectOptionByLabelKeyword.groovy:98)
	at com.kms.katalon.core.webui.keyword.builtin.SelectOptionByLabelKeyword.execute(SelectOptionByLabelKeyword.groovy:71)
	at com.kms.katalon.core.keyword.internal.KeywordExecutor.executeKeywordForPlatform(KeywordExecutor.groovy:74)
	at com.kms.katalon.core.webui.keyword.WebUiBuiltInKeywords.selectOptionByLabel(WebUiBuiltInKeywords.groovy:1230)
	at com.kms.katalon.core.webui.keyword.WebUiBuiltInKeywords$selectOptionByLabel$2.call(Unknown Source)
	at Script1696265299704.run(Script1696265299704.groovy:100)
	... 13 more
)
	at com.kms.katalon.core.keyword.internal.KeywordMain.stepFailed(KeywordMain.groovy:39)
	at com.kms.katalon.core.webui.keyword.internal.WebUIKeywordMain.stepFailed(WebUIKeywordMain.groovy:64)
	at com.kms.katalon.core.webui.keyword.internal.WebUIKeywordMain.runKeyword(WebUIKeywordMain.groovy:26)
	at com.kms.katalon.core.webui.keyword.builtin.SelectOptionByLabelKeyword.selectOptionByLabel(SelectOptionByLabelKeyword.groovy:98)
	at com.kms.katalon.core.webui.keyword.builtin.SelectOptionByLabelKeyword.execute(SelectOptionByLabelKeyword.groovy:71)
	at com.kms.katalon.core.keyword.internal.KeywordExecutor.executeKeywordForPlatform(KeywordExecutor.groovy:74)
	at com.kms.katalon.core.webui.keyword.WebUiBuiltInKeywords.selectOptionByLabel(WebUiBuiltInKeywords.groovy:1230)
	at com.kms.katalon.core.webui.keyword.WebUiBuiltInKeywords$selectOptionByLabel$2.call(Unknown Source)
	at Personal_Individual_MRF_TC.run(Personal_Individual_MRF_TC:100)
	at com.kms.katalon.core.main.ScriptEngine.run(ScriptEngine.java:194)
	at com.kms.katalon.core.main.ScriptEngine.runScriptAsRawText(ScriptEngine.java:119)
	at com.kms.katalon.core.main.TestCaseExecutor.runScript(TestCaseExecutor.java:448)
	at com.kms.katalon.core.main.TestCaseExecutor.doExecute(TestCaseExecutor.java:439)
	at com.kms.katalon.core.main.TestCaseExecutor.processExecutionPhase(TestCaseExecutor.java:418)
	at com.kms.katalon.core.main.TestCaseExecutor.accessMainPhase(TestCaseExecutor.java:410)
	at com.kms.katalon.core.main.TestCaseExecutor.execute(TestCaseExecutor.java:285)
	at com.kms.katalon.core.common.CommonExecutor.accessTestCaseMainPhase(CommonExecutor.java:65)
	at com.kms.katalon.core.main.TestSuiteExecutor.accessTestSuiteMainPhase(TestSuiteExecutor.java:148)
	at com.kms.katalon.core.main.TestSuiteExecutor.execute(TestSuiteExecutor.java:106)
	at com.kms.katalon.core.main.TestCaseMain.startTestSuite(TestCaseMain.java:187)
	at com.kms.katalon.core.main.TestCaseMain$startTestSuite$0.call(Unknown Source)
	at TempTestSuite1731019020691.run(TempTestSuite1731019020691.groovy:35)
Caused by: com.kms.katalon.core.exception.StepFailedException: Unable to select option by label 'Estate Tax' of object 'Object Repository/RAD_Pages/Landing_Page/select_NewTaxReturnAmountDue_TaxType' 
	... 21 more
Caused by: org.openqa.selenium.NoSuchElementException: Cannot locate element with text: Estate Tax
For documentation on this error, please visit: https://www.seleniumhq.org/exceptions/no_such_element.html
Build info: version: '3.141.59', revision: 'e82be7d358', time: '2018-11-14T08:25:53'
System info: host: 'DESKTOP-B2QI6NS', ip: '172.31.253.185', os.name: 'Windows 10', os.arch: 'amd64', os.version: '10.0', java.version: '1.8.0_181'
Driver info: driver.version: unknown
	at org.openqa.selenium.support.ui.Select.selectByVisibleText(Select.java:147)
	at com.kms.katalon.core.webui.common.WebUiCommonHelper.selectOrDeselectOptionsByLabel(WebUiCommonHelper.java:310)
	at com.kms.katalon.core.webui.keyword.builtin.SelectOptionByLabelKeyword$_selectOptionByLabel_closure1.doCall(SelectOptionByLabelKeyword.groovy:87)
	at com.kms.katalon.core.webui.keyword.builtin.SelectOptionByLabelKeyword$_selectOptionByLabel_closure1.call(SelectOptionByLabelKeyword.groovy)
	at com.kms.katalon.core.webui.keyword.internal.WebUIKeywordMain.runKeyword(WebUIKeywordMain.groovy:20)
	... 19 more


2024-11-07 18:31:44 - [TEST_STEP][PASSED] - resText = "Fail": null

2024-11-07 18:31:44 - [TEST_STEP][PASSED] - resColumn = "Result": null

2024-11-07 18:31:44 - [TEST_STEP][PASSED] - datCloumn = "Date": null

2024-11-07 18:31:44 - [TEST_STEP][PASSED] - fileLoc = "KatalonData/RADTestData/MRF.xlsx": null

2024-11-07 18:31:44 - [TEST_STEP][PASSED] - nameSheet = "Personal_IND": null

2024-11-07 18:31:44 - [TEST_STEP][PASSED] - dataFile = "RADTestData/MRF_Personal_IND": null

2024-11-07 18:31:44 - [TEST_STEP][PASSED] - orPath_Landing = "Object Repository/RAD_Pages/Landing_Page": null

2024-11-07 18:31:44 - [TEST_STEP][PASSED] - orPath_TaxTypeFilingYear = "Object Repository/RAD_Pages/TaxTypeFilingYear_Page": null

2024-11-07 18:31:44 - [TEST_STEP][PASSED] - orPath_Amount = "Object Repository/RAD_Pages/PaymentAmount_Page": null

2024-11-07 18:31:44 - [TEST_STEP][PASSED] - orPath_AddressContact = "Object Repository/RAD_Pages/AddressAndContactInfo_Page": null

2024-11-07 18:31:44 - [TEST_STEP][PASSED] - orPath_Summary = "Object Repository/RAD_Pages/Summary_Page": null

2024-11-07 18:31:44 - [TEST_STEP][PASSED] - orPath_PaymentConfirmation = "Object Repository/RAD_Pages/PaymentConfirmation_Page": null

2024-11-07 18:31:44 - [TEST_STEP][PASSED] - orPath_ServiceFeesAccept = "Object Repository/RAD_Pages/ServiceFeeAccept_Page": null

2024-11-07 18:31:44 - [TEST_STEP][PASSED] - orPath_PaymentEntry = "Object Repository/RAD_Pages/PaymentEntry_Page": null

2024-11-07 18:31:44 - [TEST_STEP][PASSED] - orPath_TaxPayer = "Object Repository/RAD_Pages/Taxpayer_Page": null

2024-11-07 18:31:44 - [TEST_STEP][PASSED] - ExecuteTC = <not implemented yet for class: org.codehaus.groovy.ast.expr.EmptyExpression>: null

2024-11-07 18:31:44 - [TEST_STEP][PASSED] - TaxType = <not implemented yet for class: org.codehaus.groovy.ast.expr.EmptyExpression>: null

2024-11-07 18:31:44 - [TEST_STEP][PASSED] - PaymentType = <not implemented yet for class: org.codehaus.groovy.ast.expr.EmptyExpression>: null

2024-11-07 18:31:44 - [TEST_STEP][PASSED] - FilingYear = <not implemented yet for class: org.codehaus.groovy.ast.expr.EmptyExpression>: null

2024-11-07 18:31:44 - [TEST_STEP][PASSED] - PeriodEndingMonth = <not implemented yet for class: org.codehaus.groovy.ast.expr.EmptyExpression>: null

2024-11-07 18:31:44 - [TEST_STEP][PASSED] - executionProfile = getExecutionProfile(): null

2024-11-07 18:31:44 - [TEST_STEP][PASSED] - numOfRows = findTestData(dataFile).getRowNumbers(): null

2024-11-07 18:31:44 - [TEST_STEP][PASSED] - println("Number of Records: " + numOfRows): null

2024-11-07 18:31:44 - [TEST_STEP][FAILED] - for ([row = 1, row <= numOfRows, (row++)]): null

2024-11-07 18:31:44 - [TEST_STEP][PASSED] - ExecuteTC = findTestData(dataFile).getValue("Execute", row): null

2024-11-07 18:31:44 - [TEST_STEP][PASSED] - TaxType = findTestData(dataFile).getValue("TaxType", row): null

2024-11-07 18:31:44 - [TEST_STEP][PASSED] - PaymentType = findTestData(dataFile).getValue("PaymentType", row): null

2024-11-07 18:31:44 - [TEST_STEP][PASSED] - FilingYear = findTestData(dataFile).getValue("Year", row): null

2024-11-07 18:31:44 - [TEST_STEP][PASSED] - if (ExecuteTC.equalsIgnoreCase("Y")): pages.WriteExcel.demoKey is PASSED

2024-11-07 18:31:44 - [TEST_STEP][PASSED] - out.println("Begin Record Number: " + row): null

2024-11-07 18:31:44 - [TEST_STEP][PASSED] - today = new java.util.Date(): null

2024-11-07 18:31:44 - [TEST_STEP][PASSED] - println(today): null

2024-11-07 18:31:44 - [TEST_STEP][PASSED] - datText = today: null

2024-11-07 18:31:44 - [TEST_STEP][PASSED] - logInfo("Payment Type: " + PaymentType): Payment Type: Quarterly Estimated Tax

2024-11-07 18:31:44 - [MESSAGE][INFO] - Payment Type: Quarterly Estimated Tax

2024-11-07 18:31:44 - [TEST_STEP][PASSED] - logInfo("Tax Type: " + TaxType): Tax Type: Personal Income Tax

2024-11-07 18:31:44 - [MESSAGE][INFO] - Tax Type: Personal Income Tax

2024-11-07 18:31:44 - [TEST_STEP][PASSED] - openBrowser(""): Browser is opened with url: ''

2024-11-07 18:31:44 - [MESSAGE][WARNING] - A browser is already opened. Closing browser and opening a new one

2024-11-07 18:31:46 - [MESSAGE][INFO] - Starting 'Chrome' driver

2024-11-07 18:31:46 - [MESSAGE][INFO] - User set preference: ['acceptInsecureCerts', 'true']

2024-11-07 18:31:46 - [MESSAGE][INFO] - Action delay is set to 0 milliseconds

2024-11-07 18:31:47 - [MESSAGE][PASSED] - Browser is opened with url: ''

2024-11-07 18:31:47 - [TEST_STEP][PASSED] - maximizeWindow(): Current window maximized

2024-11-07 18:31:48 - [MESSAGE][PASSED] - Current window maximized

2024-11-07 18:31:48 - [TEST_STEP][PASSED] - navigateToUrl(RADurl): Navigate to 'https://www.velocitypayment.com/client/rad/index.html' successfully

2024-11-07 18:31:48 - [MESSAGE][PASSED] - Navigate to 'https://www.velocitypayment.com/client/rad/index.html' successfully

2024-11-07 18:31:48 - [TEST_STEP][PASSED] - selectOptionByLabel(findTestObject(orPath_Landing + "/dd_TaxType"), PaymentType, false): All options with label 'Quarterly Estimated Tax' are selected in object 'Object Repository/RAD_Pages/Landing_Page/dd_TaxType' 

2024-11-07 18:31:51 - [MESSAGE][PASSED] - All options with label 'Quarterly Estimated Tax' are selected in object 'Object Repository/RAD_Pages/Landing_Page/dd_TaxType' 

2024-11-07 18:31:51 - [TEST_STEP][PASSED] - switch (PaymentType): null

2024-11-07 18:31:51 - [TEST_STEP][PASSED] - case "Quarterly Estimated Tax":: null

2024-11-07 18:31:51 - [TEST_STEP][PASSED] - selectOptionByLabel(findTestObject(orPath_TaxTypeFilingYear + "/select_PaymentType"), TaxType, false): All options with label 'Personal Income Tax' are selected in object 'Object Repository/RAD_Pages/TaxTypeFilingYear_Page/select_PaymentType' 

2024-11-07 18:31:52 - [MESSAGE][PASSED] - All options with label 'Personal Income Tax' are selected in object 'Object Repository/RAD_Pages/TaxTypeFilingYear_Page/select_PaymentType' 

2024-11-07 18:31:52 - [TEST_STEP][PASSED] - break: null

2024-11-07 18:31:52 - [TEST_STEP][PASSED] - if (!(FilingYear.isEmpty())): All options with label '2024' are selected in object 'Object Repository/RAD_Pages/TaxTypeFilingYear_Page/select_FilingYear' 

2024-11-07 18:31:52 - [TEST_STEP][PASSED] - selectOptionByLabel(findTestObject(orPath_TaxTypeFilingYear + "/select_FilingYear"), FilingYear, false): All options with label '2024' are selected in object 'Object Repository/RAD_Pages/TaxTypeFilingYear_Page/select_FilingYear' 

2024-11-07 18:31:52 - [MESSAGE][PASSED] - All options with label '2024' are selected in object 'Object Repository/RAD_Pages/TaxTypeFilingYear_Page/select_FilingYear' 

2024-11-07 18:31:52 - [TEST_STEP][PASSED] - setText(findTestObject(orPath_TaxPayer + "/input_firstName"), " "): Text ' ' is set on object 'Object Repository/RAD_Pages/Taxpayer_Page/input_firstName'

2024-11-07 18:31:53 - [MESSAGE][PASSED] - Text ' ' is set on object 'Object Repository/RAD_Pages/Taxpayer_Page/input_firstName'

2024-11-07 18:31:53 - [TEST_STEP][PASSED] - setText(findTestObject(orPath_TaxPayer + "/input_lastName"), " "): Text ' ' is set on object 'Object Repository/RAD_Pages/Taxpayer_Page/input_lastName'

2024-11-07 18:31:54 - [MESSAGE][PASSED] - Text ' ' is set on object 'Object Repository/RAD_Pages/Taxpayer_Page/input_lastName'

2024-11-07 18:31:54 - [TEST_STEP][PASSED] - if (TaxType.equalsIgnoreCase("Estate Tax")): null

2024-11-07 18:31:54 - [TEST_STEP][PASSED] - else: Text ' ' is set on object 'Object Repository/RAD_RecordAndPlay/input_concatReSSN'

2024-11-07 18:31:54 - [TEST_STEP][PASSED] - setText(findTestObject("RAD_RecordAndPlay/input_concatSSN"), " "): Text ' ' is set on object 'Object Repository/RAD_RecordAndPlay/input_concatSSN'

2024-11-07 18:31:55 - [MESSAGE][PASSED] - Text ' ' is set on object 'Object Repository/RAD_RecordAndPlay/input_concatSSN'

2024-11-07 18:31:55 - [TEST_STEP][PASSED] - setText(findTestObject("RAD_RecordAndPlay/input_concatReSSN"), " "): Text ' ' is set on object 'Object Repository/RAD_RecordAndPlay/input_concatReSSN'

2024-11-07 18:31:55 - [MESSAGE][PASSED] - Text ' ' is set on object 'Object Repository/RAD_RecordAndPlay/input_concatReSSN'

2024-11-07 18:31:55 - [TEST_STEP][PASSED] - setText(findTestObject(orPath_AddressContact + "/input_streetAddress1"), " "): Text ' ' is set on object 'Object Repository/RAD_Pages/AddressAndContactInfo_Page/input_streetAddress1'

2024-11-07 18:31:56 - [MESSAGE][PASSED] - Text ' ' is set on object 'Object Repository/RAD_Pages/AddressAndContactInfo_Page/input_streetAddress1'

2024-11-07 18:31:56 - [TEST_STEP][PASSED] - setText(findTestObject(orPath_AddressContact + "/input_city"), " "): Text ' ' is set on object 'Object Repository/RAD_Pages/AddressAndContactInfo_Page/input_city'

2024-11-07 18:31:57 - [MESSAGE][PASSED] - Text ' ' is set on object 'Object Repository/RAD_Pages/AddressAndContactInfo_Page/input_city'

2024-11-07 18:31:57 - [TEST_STEP][PASSED] - setText(findTestObject(orPath_AddressContact + "/input_zipCode"), " "): Text ' ' is set on object 'Object Repository/RAD_Pages/AddressAndContactInfo_Page/input_zipCode'

2024-11-07 18:31:58 - [MESSAGE][PASSED] - Text ' ' is set on object 'Object Repository/RAD_Pages/AddressAndContactInfo_Page/input_zipCode'

2024-11-07 18:31:58 - [TEST_STEP][PASSED] - setText(findTestObject(orPath_AddressContact + "/input_phoneNumber"), " "): Text ' ' is set on object 'Object Repository/RAD_Pages/AddressAndContactInfo_Page/input_phoneNumber'

2024-11-07 18:31:59 - [MESSAGE][PASSED] - Text ' ' is set on object 'Object Repository/RAD_Pages/AddressAndContactInfo_Page/input_phoneNumber'

2024-11-07 18:31:59 - [TEST_STEP][PASSED] - setText(findTestObject(orPath_AddressContact + "/input_eMailAddress"), " "): Text ' ' is set on object 'Object Repository/RAD_Pages/AddressAndContactInfo_Page/input_eMailAddress'

2024-11-07 18:31:59 - [MESSAGE][PASSED] - Text ' ' is set on object 'Object Repository/RAD_Pages/AddressAndContactInfo_Page/input_eMailAddress'

2024-11-07 18:31:59 - [TEST_STEP][PASSED] - setText(findTestObject(orPath_AddressContact + "/input_reEnterEMailAddress"), " "): Text ' ' is set on object 'Object Repository/RAD_Pages/AddressAndContactInfo_Page/input_reEnterEMailAddress'

2024-11-07 18:32:01 - [MESSAGE][PASSED] - Text ' ' is set on object 'Object Repository/RAD_Pages/AddressAndContactInfo_Page/input_reEnterEMailAddress'

2024-11-07 18:32:01 - [TEST_STEP][PASSED] - resText = "Fail": null

2024-11-07 18:32:01 - [TEST_STEP][PASSED] - pages.WriteExcel.demoKey(resText, datText, resColumn, datCloumn, fileLoc, nameSheet, row): pages.WriteExcel.demoKey is PASSED

2024-11-07 18:32:01 - [MESSAGE][PASSED] - pages.WriteExcel.demoKey is PASSED

2024-11-07 18:32:01 - [TEST_STEP][PASSED] - verifyTextPresent("Enter first name", true, CONTINUE_ON_FAILURE): Text 'Enter first name' is present on page  using regular expression

2024-11-07 18:32:02 - [MESSAGE][PASSED] - Text 'Enter first name' is present on page  using regular expression

2024-11-07 18:32:02 - [TEST_STEP][PASSED] - verifyTextPresent("Enter last name", true, CONTINUE_ON_FAILURE): Text 'Enter last name' is present on page  using regular expression

2024-11-07 18:32:03 - [MESSAGE][PASSED] - Text 'Enter last name' is present on page  using regular expression

2024-11-07 18:32:03 - [TEST_STEP][PASSED] - verifyTextPresent("Enter address", true, CONTINUE_ON_FAILURE): Text 'Enter address' is present on page  using regular expression

2024-11-07 18:32:03 - [MESSAGE][PASSED] - Text 'Enter address' is present on page  using regular expression

2024-11-07 18:32:03 - [TEST_STEP][PASSED] - verifyTextPresent("Enter city", true, CONTINUE_ON_FAILURE): Text 'Enter city' is present on page  using regular expression

2024-11-07 18:32:04 - [MESSAGE][PASSED] - Text 'Enter city' is present on page  using regular expression

2024-11-07 18:32:04 - [TEST_STEP][PASSED] - verifyTextPresent("Enter ZIP code", true, CONTINUE_ON_FAILURE): Text 'Enter ZIP code' is present on page  using regular expression

2024-11-07 18:32:04 - [MESSAGE][PASSED] - Text 'Enter ZIP code' is present on page  using regular expression

2024-11-07 18:32:04 - [TEST_STEP][PASSED] - verifyTextPresent("Enter a valid phone number", true, CONTINUE_ON_FAILURE): Text 'Enter a valid phone number' is present on page  using regular expression

2024-11-07 18:32:04 - [MESSAGE][PASSED] - Text 'Enter a valid phone number' is present on page  using regular expression

2024-11-07 18:32:04 - [TEST_STEP][PASSED] - verifyTextPresent("Enter Email", true, CONTINUE_ON_FAILURE): Text 'Enter Email' is present on page  using regular expression

2024-11-07 18:32:05 - [MESSAGE][PASSED] - Text 'Enter Email' is present on page  using regular expression

2024-11-07 18:32:05 - [TEST_STEP][PASSED] - if (TaxType.equalsIgnoreCase("Estate Tax")): null

2024-11-07 18:32:05 - [TEST_STEP][PASSED] - else: Text 'Re-type SSN Validation Error' is present on page  using regular expression

2024-11-07 18:32:05 - [TEST_STEP][PASSED] - verifyTextPresent("Please enter a valid SSN with 9 digits", true, CONTINUE_ON_FAILURE): Text 'Please enter a valid SSN with 9 digits' is present on page  using regular expression

2024-11-07 18:32:05 - [MESSAGE][PASSED] - Text 'Please enter a valid SSN with 9 digits' is present on page  using regular expression

2024-11-07 18:32:05 - [TEST_STEP][PASSED] - verifyTextPresent("Re-type SSN Validation Error", true, CONTINUE_ON_FAILURE): Text 'Re-type SSN Validation Error' is present on page  using regular expression

2024-11-07 18:32:05 - [MESSAGE][PASSED] - Text 'Re-type SSN Validation Error' is present on page  using regular expression

2024-11-07 18:32:05 - [TEST_STEP][PASSED] - resText = "Pass": null

2024-11-07 18:32:05 - [TEST_STEP][PASSED] - pages.WriteExcel.demoKey(resText, datText, resColumn, datCloumn, fileLoc, nameSheet, row): pages.WriteExcel.demoKey is PASSED

2024-11-07 18:32:06 - [MESSAGE][PASSED] - pages.WriteExcel.demoKey is PASSED

2024-11-07 18:32:06 - [TEST_STEP][PASSED] - ExecuteTC = findTestData(dataFile).getValue("Execute", row): null

2024-11-07 18:32:06 - [TEST_STEP][PASSED] - TaxType = findTestData(dataFile).getValue("TaxType", row): null

2024-11-07 18:32:06 - [TEST_STEP][PASSED] - PaymentType = findTestData(dataFile).getValue("PaymentType", row): null

2024-11-07 18:32:06 - [TEST_STEP][PASSED] - FilingYear = findTestData(dataFile).getValue("Year", row): null

2024-11-07 18:32:06 - [TEST_STEP][PASSED] - if (ExecuteTC.equalsIgnoreCase("Y")): pages.WriteExcel.demoKey is PASSED

2024-11-07 18:32:06 - [TEST_STEP][PASSED] - out.println("Begin Record Number: " + row): null

2024-11-07 18:32:06 - [TEST_STEP][PASSED] - today = new java.util.Date(): null

2024-11-07 18:32:06 - [TEST_STEP][PASSED] - println(today): null

2024-11-07 18:32:06 - [TEST_STEP][PASSED] - datText = today: null

2024-11-07 18:32:06 - [TEST_STEP][PASSED] - logInfo("Payment Type: " + PaymentType): Payment Type: Extension Payments

2024-11-07 18:32:06 - [MESSAGE][INFO] - Payment Type: Extension Payments

2024-11-07 18:32:06 - [TEST_STEP][PASSED] - logInfo("Tax Type: " + TaxType): Tax Type: Personal Income Tax

2024-11-07 18:32:06 - [MESSAGE][INFO] - Tax Type: Personal Income Tax

2024-11-07 18:32:06 - [TEST_STEP][PASSED] - openBrowser(""): Browser is opened with url: ''

2024-11-07 18:32:06 - [MESSAGE][WARNING] - A browser is already opened. Closing browser and opening a new one

2024-11-07 18:32:07 - [MESSAGE][INFO] - Starting 'Chrome' driver

2024-11-07 18:32:07 - [MESSAGE][INFO] - User set preference: ['acceptInsecureCerts', 'true']

2024-11-07 18:32:07 - [MESSAGE][INFO] - Action delay is set to 0 milliseconds

2024-11-07 18:32:09 - [MESSAGE][PASSED] - Browser is opened with url: ''

2024-11-07 18:32:09 - [TEST_STEP][PASSED] - maximizeWindow(): Current window maximized

2024-11-07 18:32:09 - [MESSAGE][PASSED] - Current window maximized

2024-11-07 18:32:09 - [TEST_STEP][PASSED] - navigateToUrl(RADurl): Navigate to 'https://www.velocitypayment.com/client/rad/index.html' successfully

2024-11-07 18:32:10 - [MESSAGE][PASSED] - Navigate to 'https://www.velocitypayment.com/client/rad/index.html' successfully

2024-11-07 18:32:10 - [TEST_STEP][PASSED] - selectOptionByLabel(findTestObject(orPath_Landing + "/dd_TaxType"), PaymentType, false): All options with label 'Extension Payments' are selected in object 'Object Repository/RAD_Pages/Landing_Page/dd_TaxType' 

2024-11-07 18:32:12 - [MESSAGE][PASSED] - All options with label 'Extension Payments' are selected in object 'Object Repository/RAD_Pages/Landing_Page/dd_TaxType' 

2024-11-07 18:32:12 - [TEST_STEP][PASSED] - switch (PaymentType): null

2024-11-07 18:32:12 - [TEST_STEP][PASSED] - case "Extension Payments":: null

2024-11-07 18:32:12 - [TEST_STEP][PASSED] - selectOptionByLabel(findTestObject(orPath_TaxTypeFilingYear + "/select_PaymentType"), TaxType, false): All options with label 'Personal Income Tax' are selected in object 'Object Repository/RAD_Pages/TaxTypeFilingYear_Page/select_PaymentType' 

2024-11-07 18:32:13 - [MESSAGE][PASSED] - All options with label 'Personal Income Tax' are selected in object 'Object Repository/RAD_Pages/TaxTypeFilingYear_Page/select_PaymentType' 

2024-11-07 18:32:13 - [TEST_STEP][PASSED] - break: null

2024-11-07 18:32:13 - [TEST_STEP][PASSED] - if (!(FilingYear.isEmpty())): All options with label '2023' are selected in object 'Object Repository/RAD_Pages/TaxTypeFilingYear_Page/select_FilingYear' 

2024-11-07 18:32:13 - [TEST_STEP][PASSED] - selectOptionByLabel(findTestObject(orPath_TaxTypeFilingYear + "/select_FilingYear"), FilingYear, false): All options with label '2023' are selected in object 'Object Repository/RAD_Pages/TaxTypeFilingYear_Page/select_FilingYear' 

2024-11-07 18:32:14 - [MESSAGE][PASSED] - All options with label '2023' are selected in object 'Object Repository/RAD_Pages/TaxTypeFilingYear_Page/select_FilingYear' 

2024-11-07 18:32:14 - [TEST_STEP][PASSED] - setText(findTestObject(orPath_TaxPayer + "/input_firstName"), " "): Text ' ' is set on object 'Object Repository/RAD_Pages/Taxpayer_Page/input_firstName'

2024-11-07 18:32:15 - [MESSAGE][PASSED] - Text ' ' is set on object 'Object Repository/RAD_Pages/Taxpayer_Page/input_firstName'

2024-11-07 18:32:15 - [TEST_STEP][PASSED] - setText(findTestObject(orPath_TaxPayer + "/input_lastName"), " "): Text ' ' is set on object 'Object Repository/RAD_Pages/Taxpayer_Page/input_lastName'

2024-11-07 18:32:15 - [MESSAGE][PASSED] - Text ' ' is set on object 'Object Repository/RAD_Pages/Taxpayer_Page/input_lastName'

2024-11-07 18:32:15 - [TEST_STEP][PASSED] - if (TaxType.equalsIgnoreCase("Estate Tax")): null

2024-11-07 18:32:15 - [TEST_STEP][PASSED] - else: Text ' ' is set on object 'Object Repository/RAD_RecordAndPlay/input_concatReSSN'

2024-11-07 18:32:15 - [TEST_STEP][PASSED] - setText(findTestObject("RAD_RecordAndPlay/input_concatSSN"), " "): Text ' ' is set on object 'Object Repository/RAD_RecordAndPlay/input_concatSSN'

2024-11-07 18:32:17 - [MESSAGE][PASSED] - Text ' ' is set on object 'Object Repository/RAD_RecordAndPlay/input_concatSSN'

2024-11-07 18:32:17 - [TEST_STEP][PASSED] - setText(findTestObject("RAD_RecordAndPlay/input_concatReSSN"), " "): Text ' ' is set on object 'Object Repository/RAD_RecordAndPlay/input_concatReSSN'

2024-11-07 18:32:17 - [MESSAGE][PASSED] - Text ' ' is set on object 'Object Repository/RAD_RecordAndPlay/input_concatReSSN'

2024-11-07 18:32:17 - [TEST_STEP][PASSED] - setText(findTestObject(orPath_AddressContact + "/input_streetAddress1"), " "): Text ' ' is set on object 'Object Repository/RAD_Pages/AddressAndContactInfo_Page/input_streetAddress1'

2024-11-07 18:32:18 - [MESSAGE][PASSED] - Text ' ' is set on object 'Object Repository/RAD_Pages/AddressAndContactInfo_Page/input_streetAddress1'

2024-11-07 18:32:18 - [TEST_STEP][PASSED] - setText(findTestObject(orPath_AddressContact + "/input_city"), " "): Text ' ' is set on object 'Object Repository/RAD_Pages/AddressAndContactInfo_Page/input_city'

2024-11-07 18:32:19 - [MESSAGE][PASSED] - Text ' ' is set on object 'Object Repository/RAD_Pages/AddressAndContactInfo_Page/input_city'

2024-11-07 18:32:19 - [TEST_STEP][PASSED] - setText(findTestObject(orPath_AddressContact + "/input_zipCode"), " "): Text ' ' is set on object 'Object Repository/RAD_Pages/AddressAndContactInfo_Page/input_zipCode'

2024-11-07 18:32:19 - [MESSAGE][PASSED] - Text ' ' is set on object 'Object Repository/RAD_Pages/AddressAndContactInfo_Page/input_zipCode'

2024-11-07 18:32:19 - [TEST_STEP][PASSED] - setText(findTestObject(orPath_AddressContact + "/input_phoneNumber"), " "): Text ' ' is set on object 'Object Repository/RAD_Pages/AddressAndContactInfo_Page/input_phoneNumber'

2024-11-07 18:32:20 - [MESSAGE][PASSED] - Text ' ' is set on object 'Object Repository/RAD_Pages/AddressAndContactInfo_Page/input_phoneNumber'

2024-11-07 18:32:20 - [TEST_STEP][PASSED] - setText(findTestObject(orPath_AddressContact + "/input_eMailAddress"), " "): Text ' ' is set on object 'Object Repository/RAD_Pages/AddressAndContactInfo_Page/input_eMailAddress'

2024-11-07 18:32:21 - [MESSAGE][PASSED] - Text ' ' is set on object 'Object Repository/RAD_Pages/AddressAndContactInfo_Page/input_eMailAddress'

2024-11-07 18:32:21 - [TEST_STEP][PASSED] - setText(findTestObject(orPath_AddressContact + "/input_reEnterEMailAddress"), " "): Text ' ' is set on object 'Object Repository/RAD_Pages/AddressAndContactInfo_Page/input_reEnterEMailAddress'

2024-11-07 18:32:22 - [MESSAGE][PASSED] - Text ' ' is set on object 'Object Repository/RAD_Pages/AddressAndContactInfo_Page/input_reEnterEMailAddress'

2024-11-07 18:32:22 - [TEST_STEP][PASSED] - resText = "Fail": null

2024-11-07 18:32:22 - [TEST_STEP][PASSED] - pages.WriteExcel.demoKey(resText, datText, resColumn, datCloumn, fileLoc, nameSheet, row): pages.WriteExcel.demoKey is PASSED

2024-11-07 18:32:22 - [MESSAGE][PASSED] - pages.WriteExcel.demoKey is PASSED

2024-11-07 18:32:22 - [TEST_STEP][PASSED] - verifyTextPresent("Enter first name", true, CONTINUE_ON_FAILURE): Text 'Enter first name' is present on page  using regular expression

2024-11-07 18:32:22 - [MESSAGE][PASSED] - Text 'Enter first name' is present on page  using regular expression

2024-11-07 18:32:22 - [TEST_STEP][PASSED] - verifyTextPresent("Enter last name", true, CONTINUE_ON_FAILURE): Text 'Enter last name' is present on page  using regular expression

2024-11-07 18:32:23 - [MESSAGE][PASSED] - Text 'Enter last name' is present on page  using regular expression

2024-11-07 18:32:23 - [TEST_STEP][PASSED] - verifyTextPresent("Enter address", true, CONTINUE_ON_FAILURE): Text 'Enter address' is present on page  using regular expression

2024-11-07 18:32:23 - [MESSAGE][PASSED] - Text 'Enter address' is present on page  using regular expression

2024-11-07 18:32:23 - [TEST_STEP][PASSED] - verifyTextPresent("Enter city", true, CONTINUE_ON_FAILURE): Text 'Enter city' is present on page  using regular expression

2024-11-07 18:32:23 - [MESSAGE][PASSED] - Text 'Enter city' is present on page  using regular expression

2024-11-07 18:32:23 - [TEST_STEP][PASSED] - verifyTextPresent("Enter ZIP code", true, CONTINUE_ON_FAILURE): Text 'Enter ZIP code' is present on page  using regular expression

2024-11-07 18:32:24 - [MESSAGE][PASSED] - Text 'Enter ZIP code' is present on page  using regular expression

2024-11-07 18:32:24 - [TEST_STEP][PASSED] - verifyTextPresent("Enter a valid phone number", true, CONTINUE_ON_FAILURE): Text 'Enter a valid phone number' is present on page  using regular expression

2024-11-07 18:32:24 - [MESSAGE][PASSED] - Text 'Enter a valid phone number' is present on page  using regular expression

2024-11-07 18:32:24 - [TEST_STEP][PASSED] - verifyTextPresent("Enter Email", true, CONTINUE_ON_FAILURE): Text 'Enter Email' is present on page  using regular expression

2024-11-07 18:32:24 - [MESSAGE][PASSED] - Text 'Enter Email' is present on page  using regular expression

2024-11-07 18:32:24 - [TEST_STEP][PASSED] - if (TaxType.equalsIgnoreCase("Estate Tax")): null

2024-11-07 18:32:24 - [TEST_STEP][PASSED] - else: Text 'Re-type SSN Validation Error' is present on page  using regular expression

2024-11-07 18:32:24 - [TEST_STEP][PASSED] - verifyTextPresent("Please enter a valid SSN with 9 digits", true, CONTINUE_ON_FAILURE): Text 'Please enter a valid SSN with 9 digits' is present on page  using regular expression

2024-11-07 18:32:25 - [MESSAGE][PASSED] - Text 'Please enter a valid SSN with 9 digits' is present on page  using regular expression

2024-11-07 18:32:25 - [TEST_STEP][PASSED] - verifyTextPresent("Re-type SSN Validation Error", true, CONTINUE_ON_FAILURE): Text 'Re-type SSN Validation Error' is present on page  using regular expression

2024-11-07 18:32:25 - [MESSAGE][PASSED] - Text 'Re-type SSN Validation Error' is present on page  using regular expression

2024-11-07 18:32:25 - [TEST_STEP][PASSED] - resText = "Pass": null

2024-11-07 18:32:25 - [TEST_STEP][PASSED] - pages.WriteExcel.demoKey(resText, datText, resColumn, datCloumn, fileLoc, nameSheet, row): pages.WriteExcel.demoKey is PASSED

2024-11-07 18:32:25 - [MESSAGE][PASSED] - pages.WriteExcel.demoKey is PASSED

2024-11-07 18:32:25 - [TEST_STEP][PASSED] - ExecuteTC = findTestData(dataFile).getValue("Execute", row): null

2024-11-07 18:32:25 - [TEST_STEP][PASSED] - TaxType = findTestData(dataFile).getValue("TaxType", row): null

2024-11-07 18:32:25 - [TEST_STEP][PASSED] - PaymentType = findTestData(dataFile).getValue("PaymentType", row): null

2024-11-07 18:32:25 - [TEST_STEP][PASSED] - FilingYear = findTestData(dataFile).getValue("Year", row): null

2024-11-07 18:32:25 - [TEST_STEP][PASSED] - if (ExecuteTC.equalsIgnoreCase("Y")): pages.WriteExcel.demoKey is PASSED

2024-11-07 18:32:25 - [TEST_STEP][PASSED] - out.println("Begin Record Number: " + row): null

2024-11-07 18:32:25 - [TEST_STEP][PASSED] - today = new java.util.Date(): null

2024-11-07 18:32:25 - [TEST_STEP][PASSED] - println(today): null

2024-11-07 18:32:25 - [TEST_STEP][PASSED] - datText = today: null

2024-11-07 18:32:25 - [TEST_STEP][PASSED] - logInfo("Payment Type: " + PaymentType): Payment Type: New Tax Return Amount Due

2024-11-07 18:32:25 - [MESSAGE][INFO] - Payment Type: New Tax Return Amount Due

2024-11-07 18:32:25 - [TEST_STEP][PASSED] - logInfo("Tax Type: " + TaxType): Tax Type: Personal Income Tax

2024-11-07 18:32:25 - [MESSAGE][INFO] - Tax Type: Personal Income Tax

2024-11-07 18:32:25 - [TEST_STEP][PASSED] - openBrowser(""): Browser is opened with url: ''

2024-11-07 18:32:25 - [MESSAGE][WARNING] - A browser is already opened. Closing browser and opening a new one

2024-11-07 18:32:27 - [MESSAGE][INFO] - Starting 'Chrome' driver

2024-11-07 18:32:27 - [MESSAGE][INFO] - User set preference: ['acceptInsecureCerts', 'true']

2024-11-07 18:32:27 - [MESSAGE][INFO] - Action delay is set to 0 milliseconds

2024-11-07 18:32:29 - [MESSAGE][PASSED] - Browser is opened with url: ''

2024-11-07 18:32:29 - [TEST_STEP][PASSED] - maximizeWindow(): Current window maximized

2024-11-07 18:32:29 - [MESSAGE][PASSED] - Current window maximized

2024-11-07 18:32:29 - [TEST_STEP][PASSED] - navigateToUrl(RADurl): Navigate to 'https://www.velocitypayment.com/client/rad/index.html' successfully

2024-11-07 18:32:32 - [MESSAGE][PASSED] - Navigate to 'https://www.velocitypayment.com/client/rad/index.html' successfully

2024-11-07 18:32:32 - [TEST_STEP][PASSED] - selectOptionByLabel(findTestObject(orPath_Landing + "/dd_TaxType"), PaymentType, false): All options with label 'New Tax Return Amount Due' are selected in object 'Object Repository/RAD_Pages/Landing_Page/dd_TaxType' 

2024-11-07 18:32:33 - [MESSAGE][PASSED] - All options with label 'New Tax Return Amount Due' are selected in object 'Object Repository/RAD_Pages/Landing_Page/dd_TaxType' 

2024-11-07 18:32:33 - [TEST_STEP][PASSED] - switch (PaymentType): null

2024-11-07 18:32:33 - [TEST_STEP][PASSED] - case "New Tax Return Amount Due":: null

2024-11-07 18:32:33 - [TEST_STEP][PASSED] - selectOptionByLabel(findTestObject("Object Repository/RAD_Pages/Landing_Page/select_NewTaxReturnAmountDue_TaxType"), TaxType, false): All options with label 'Personal Income Tax' are selected in object 'Object Repository/RAD_Pages/Landing_Page/select_NewTaxReturnAmountDue_TaxType' 

2024-11-07 18:32:34 - [MESSAGE][PASSED] - All options with label 'Personal Income Tax' are selected in object 'Object Repository/RAD_Pages/Landing_Page/select_NewTaxReturnAmountDue_TaxType' 

2024-11-07 18:32:34 - [TEST_STEP][PASSED] - break: null

2024-11-07 18:32:34 - [TEST_STEP][PASSED] - if (!(FilingYear.isEmpty())): All options with label '2023' are selected in object 'Object Repository/RAD_Pages/TaxTypeFilingYear_Page/select_FilingYear' 

2024-11-07 18:32:34 - [TEST_STEP][PASSED] - selectOptionByLabel(findTestObject(orPath_TaxTypeFilingYear + "/select_FilingYear"), FilingYear, false): All options with label '2023' are selected in object 'Object Repository/RAD_Pages/TaxTypeFilingYear_Page/select_FilingYear' 

2024-11-07 18:32:34 - [MESSAGE][PASSED] - All options with label '2023' are selected in object 'Object Repository/RAD_Pages/TaxTypeFilingYear_Page/select_FilingYear' 

2024-11-07 18:32:34 - [TEST_STEP][PASSED] - setText(findTestObject(orPath_TaxPayer + "/input_firstName"), " "): Text ' ' is set on object 'Object Repository/RAD_Pages/Taxpayer_Page/input_firstName'

2024-11-07 18:32:35 - [MESSAGE][PASSED] - Text ' ' is set on object 'Object Repository/RAD_Pages/Taxpayer_Page/input_firstName'

2024-11-07 18:32:35 - [TEST_STEP][PASSED] - setText(findTestObject(orPath_TaxPayer + "/input_lastName"), " "): Text ' ' is set on object 'Object Repository/RAD_Pages/Taxpayer_Page/input_lastName'

2024-11-07 18:32:36 - [MESSAGE][PASSED] - Text ' ' is set on object 'Object Repository/RAD_Pages/Taxpayer_Page/input_lastName'

2024-11-07 18:32:36 - [TEST_STEP][PASSED] - if (TaxType.equalsIgnoreCase("Estate Tax")): null

2024-11-07 18:32:36 - [TEST_STEP][PASSED] - else: Text ' ' is set on object 'Object Repository/RAD_RecordAndPlay/input_concatReSSN'

2024-11-07 18:32:36 - [TEST_STEP][PASSED] - setText(findTestObject("RAD_RecordAndPlay/input_concatSSN"), " "): Text ' ' is set on object 'Object Repository/RAD_RecordAndPlay/input_concatSSN'

2024-11-07 18:32:36 - [MESSAGE][PASSED] - Text ' ' is set on object 'Object Repository/RAD_RecordAndPlay/input_concatSSN'

2024-11-07 18:32:36 - [TEST_STEP][PASSED] - setText(findTestObject("RAD_RecordAndPlay/input_concatReSSN"), " "): Text ' ' is set on object 'Object Repository/RAD_RecordAndPlay/input_concatReSSN'

2024-11-07 18:32:38 - [MESSAGE][PASSED] - Text ' ' is set on object 'Object Repository/RAD_RecordAndPlay/input_concatReSSN'

2024-11-07 18:32:38 - [TEST_STEP][PASSED] - setText(findTestObject(orPath_AddressContact + "/input_streetAddress1"), " "): Text ' ' is set on object 'Object Repository/RAD_Pages/AddressAndContactInfo_Page/input_streetAddress1'

2024-11-07 18:32:38 - [MESSAGE][PASSED] - Text ' ' is set on object 'Object Repository/RAD_Pages/AddressAndContactInfo_Page/input_streetAddress1'

2024-11-07 18:32:38 - [TEST_STEP][PASSED] - setText(findTestObject(orPath_AddressContact + "/input_city"), " "): Text ' ' is set on object 'Object Repository/RAD_Pages/AddressAndContactInfo_Page/input_city'

2024-11-07 18:32:39 - [MESSAGE][PASSED] - Text ' ' is set on object 'Object Repository/RAD_Pages/AddressAndContactInfo_Page/input_city'

2024-11-07 18:32:39 - [TEST_STEP][PASSED] - setText(findTestObject(orPath_AddressContact + "/input_zipCode"), " "): Text ' ' is set on object 'Object Repository/RAD_Pages/AddressAndContactInfo_Page/input_zipCode'

2024-11-07 18:32:40 - [MESSAGE][PASSED] - Text ' ' is set on object 'Object Repository/RAD_Pages/AddressAndContactInfo_Page/input_zipCode'

2024-11-07 18:32:40 - [TEST_STEP][PASSED] - setText(findTestObject(orPath_AddressContact + "/input_phoneNumber"), " "): Text ' ' is set on object 'Object Repository/RAD_Pages/AddressAndContactInfo_Page/input_phoneNumber'

2024-11-07 18:32:41 - [MESSAGE][PASSED] - Text ' ' is set on object 'Object Repository/RAD_Pages/AddressAndContactInfo_Page/input_phoneNumber'

2024-11-07 18:32:41 - [TEST_STEP][PASSED] - setText(findTestObject(orPath_AddressContact + "/input_eMailAddress"), " "): Text ' ' is set on object 'Object Repository/RAD_Pages/AddressAndContactInfo_Page/input_eMailAddress'

2024-11-07 18:32:41 - [MESSAGE][PASSED] - Text ' ' is set on object 'Object Repository/RAD_Pages/AddressAndContactInfo_Page/input_eMailAddress'

2024-11-07 18:32:41 - [TEST_STEP][PASSED] - setText(findTestObject(orPath_AddressContact + "/input_reEnterEMailAddress"), " "): Text ' ' is set on object 'Object Repository/RAD_Pages/AddressAndContactInfo_Page/input_reEnterEMailAddress'

2024-11-07 18:32:42 - [MESSAGE][PASSED] - Text ' ' is set on object 'Object Repository/RAD_Pages/AddressAndContactInfo_Page/input_reEnterEMailAddress'

2024-11-07 18:32:42 - [TEST_STEP][PASSED] - resText = "Fail": null

2024-11-07 18:32:42 - [TEST_STEP][PASSED] - pages.WriteExcel.demoKey(resText, datText, resColumn, datCloumn, fileLoc, nameSheet, row): pages.WriteExcel.demoKey is PASSED

2024-11-07 18:32:42 - [MESSAGE][PASSED] - pages.WriteExcel.demoKey is PASSED

2024-11-07 18:32:42 - [TEST_STEP][PASSED] - verifyTextPresent("Enter first name", true, CONTINUE_ON_FAILURE): Text 'Enter first name' is present on page  using regular expression

2024-11-07 18:32:43 - [MESSAGE][PASSED] - Text 'Enter first name' is present on page  using regular expression

2024-11-07 18:32:43 - [TEST_STEP][PASSED] - verifyTextPresent("Enter last name", true, CONTINUE_ON_FAILURE): Text 'Enter last name' is present on page  using regular expression

2024-11-07 18:32:43 - [MESSAGE][PASSED] - Text 'Enter last name' is present on page  using regular expression

2024-11-07 18:32:43 - [TEST_STEP][PASSED] - verifyTextPresent("Enter address", true, CONTINUE_ON_FAILURE): Text 'Enter address' is present on page  using regular expression

2024-11-07 18:32:43 - [MESSAGE][PASSED] - Text 'Enter address' is present on page  using regular expression

2024-11-07 18:32:43 - [TEST_STEP][PASSED] - verifyTextPresent("Enter city", true, CONTINUE_ON_FAILURE): Text 'Enter city' is present on page  using regular expression

2024-11-07 18:32:44 - [MESSAGE][PASSED] - Text 'Enter city' is present on page  using regular expression

2024-11-07 18:32:44 - [TEST_STEP][PASSED] - verifyTextPresent("Enter ZIP code", true, CONTINUE_ON_FAILURE): Text 'Enter ZIP code' is present on page  using regular expression

2024-11-07 18:32:44 - [MESSAGE][PASSED] - Text 'Enter ZIP code' is present on page  using regular expression

2024-11-07 18:32:44 - [TEST_STEP][PASSED] - verifyTextPresent("Enter a valid phone number", true, CONTINUE_ON_FAILURE): Text 'Enter a valid phone number' is present on page  using regular expression

2024-11-07 18:32:44 - [MESSAGE][PASSED] - Text 'Enter a valid phone number' is present on page  using regular expression

2024-11-07 18:32:44 - [TEST_STEP][PASSED] - verifyTextPresent("Enter Email", true, CONTINUE_ON_FAILURE): Text 'Enter Email' is present on page  using regular expression

2024-11-07 18:32:45 - [MESSAGE][PASSED] - Text 'Enter Email' is present on page  using regular expression

2024-11-07 18:32:45 - [TEST_STEP][PASSED] - if (TaxType.equalsIgnoreCase("Estate Tax")): null

2024-11-07 18:32:45 - [TEST_STEP][PASSED] - else: Text 'Re-type SSN Validation Error' is present on page  using regular expression

2024-11-07 18:32:45 - [TEST_STEP][PASSED] - verifyTextPresent("Please enter a valid SSN with 9 digits", true, CONTINUE_ON_FAILURE): Text 'Please enter a valid SSN with 9 digits' is present on page  using regular expression

2024-11-07 18:32:45 - [MESSAGE][PASSED] - Text 'Please enter a valid SSN with 9 digits' is present on page  using regular expression

2024-11-07 18:32:45 - [TEST_STEP][PASSED] - verifyTextPresent("Re-type SSN Validation Error", true, CONTINUE_ON_FAILURE): Text 'Re-type SSN Validation Error' is present on page  using regular expression

2024-11-07 18:32:45 - [MESSAGE][PASSED] - Text 'Re-type SSN Validation Error' is present on page  using regular expression

2024-11-07 18:32:45 - [TEST_STEP][PASSED] - resText = "Pass": null

2024-11-07 18:32:45 - [TEST_STEP][PASSED] - pages.WriteExcel.demoKey(resText, datText, resColumn, datCloumn, fileLoc, nameSheet, row): pages.WriteExcel.demoKey is PASSED

2024-11-07 18:32:45 - [MESSAGE][PASSED] - pages.WriteExcel.demoKey is PASSED

2024-11-07 18:32:45 - [TEST_STEP][PASSED] - ExecuteTC = findTestData(dataFile).getValue("Execute", row): null

2024-11-07 18:32:46 - [TEST_STEP][PASSED] - TaxType = findTestData(dataFile).getValue("TaxType", row): null

2024-11-07 18:32:46 - [TEST_STEP][PASSED] - PaymentType = findTestData(dataFile).getValue("PaymentType", row): null

2024-11-07 18:32:46 - [TEST_STEP][PASSED] - FilingYear = findTestData(dataFile).getValue("Year", row): null

2024-11-07 18:32:46 - [TEST_STEP][PASSED] - if (ExecuteTC.equalsIgnoreCase("Y")): pages.WriteExcel.demoKey is PASSED

2024-11-07 18:32:46 - [TEST_STEP][PASSED] - out.println("Begin Record Number: " + row): null

2024-11-07 18:32:46 - [TEST_STEP][PASSED] - today = new java.util.Date(): null

2024-11-07 18:32:46 - [TEST_STEP][PASSED] - println(today): null

2024-11-07 18:32:46 - [TEST_STEP][PASSED] - datText = today: null

2024-11-07 18:32:46 - [TEST_STEP][PASSED] - logInfo("Payment Type: " + PaymentType): Payment Type: New Tax Return Amount Due

2024-11-07 18:32:46 - [MESSAGE][INFO] - Payment Type: New Tax Return Amount Due

2024-11-07 18:32:46 - [TEST_STEP][PASSED] - logInfo("Tax Type: " + TaxType): Tax Type: Personal Income Tax

2024-11-07 18:32:46 - [MESSAGE][INFO] - Tax Type: Personal Income Tax

2024-11-07 18:32:46 - [TEST_STEP][PASSED] - openBrowser(""): Browser is opened with url: ''

2024-11-07 18:32:46 - [MESSAGE][WARNING] - A browser is already opened. Closing browser and opening a new one

2024-11-07 18:32:47 - [MESSAGE][INFO] - Starting 'Chrome' driver

2024-11-07 18:32:47 - [MESSAGE][INFO] - User set preference: ['acceptInsecureCerts', 'true']

2024-11-07 18:32:47 - [MESSAGE][INFO] - Action delay is set to 0 milliseconds

2024-11-07 18:32:49 - [MESSAGE][PASSED] - Browser is opened with url: ''

2024-11-07 18:32:49 - [TEST_STEP][PASSED] - maximizeWindow(): Current window maximized

2024-11-07 18:32:49 - [MESSAGE][PASSED] - Current window maximized

2024-11-07 18:32:49 - [TEST_STEP][PASSED] - navigateToUrl(RADurl): Navigate to 'https://www.velocitypayment.com/client/rad/index.html' successfully

2024-11-07 18:32:52 - [MESSAGE][PASSED] - Navigate to 'https://www.velocitypayment.com/client/rad/index.html' successfully

2024-11-07 18:32:52 - [TEST_STEP][PASSED] - selectOptionByLabel(findTestObject(orPath_Landing + "/dd_TaxType"), PaymentType, false): All options with label 'New Tax Return Amount Due' are selected in object 'Object Repository/RAD_Pages/Landing_Page/dd_TaxType' 

2024-11-07 18:32:52 - [MESSAGE][PASSED] - All options with label 'New Tax Return Amount Due' are selected in object 'Object Repository/RAD_Pages/Landing_Page/dd_TaxType' 

2024-11-07 18:32:52 - [TEST_STEP][PASSED] - switch (PaymentType): null

2024-11-07 18:32:52 - [TEST_STEP][PASSED] - case "New Tax Return Amount Due":: null

2024-11-07 18:32:52 - [TEST_STEP][PASSED] - selectOptionByLabel(findTestObject("Object Repository/RAD_Pages/Landing_Page/select_NewTaxReturnAmountDue_TaxType"), TaxType, false): All options with label 'Personal Income Tax' are selected in object 'Object Repository/RAD_Pages/Landing_Page/select_NewTaxReturnAmountDue_TaxType' 

2024-11-07 18:32:53 - [MESSAGE][PASSED] - All options with label 'Personal Income Tax' are selected in object 'Object Repository/RAD_Pages/Landing_Page/select_NewTaxReturnAmountDue_TaxType' 

2024-11-07 18:32:53 - [TEST_STEP][PASSED] - break: null

2024-11-07 18:32:53 - [TEST_STEP][PASSED] - if (!(FilingYear.isEmpty())): All options with label '2022' are selected in object 'Object Repository/RAD_Pages/TaxTypeFilingYear_Page/select_FilingYear' 

2024-11-07 18:32:53 - [TEST_STEP][PASSED] - selectOptionByLabel(findTestObject(orPath_TaxTypeFilingYear + "/select_FilingYear"), FilingYear, false): All options with label '2022' are selected in object 'Object Repository/RAD_Pages/TaxTypeFilingYear_Page/select_FilingYear' 

2024-11-07 18:32:54 - [MESSAGE][PASSED] - All options with label '2022' are selected in object 'Object Repository/RAD_Pages/TaxTypeFilingYear_Page/select_FilingYear' 

2024-11-07 18:32:54 - [TEST_STEP][PASSED] - setText(findTestObject(orPath_TaxPayer + "/input_firstName"), " "): Text ' ' is set on object 'Object Repository/RAD_Pages/Taxpayer_Page/input_firstName'

2024-11-07 18:32:55 - [MESSAGE][PASSED] - Text ' ' is set on object 'Object Repository/RAD_Pages/Taxpayer_Page/input_firstName'

2024-11-07 18:32:55 - [TEST_STEP][PASSED] - setText(findTestObject(orPath_TaxPayer + "/input_lastName"), " "): Text ' ' is set on object 'Object Repository/RAD_Pages/Taxpayer_Page/input_lastName'

2024-11-07 18:32:56 - [MESSAGE][PASSED] - Text ' ' is set on object 'Object Repository/RAD_Pages/Taxpayer_Page/input_lastName'

2024-11-07 18:32:56 - [TEST_STEP][PASSED] - if (TaxType.equalsIgnoreCase("Estate Tax")): null

2024-11-07 18:32:56 - [TEST_STEP][PASSED] - else: Text ' ' is set on object 'Object Repository/RAD_RecordAndPlay/input_concatReSSN'

2024-11-07 18:32:56 - [TEST_STEP][PASSED] - setText(findTestObject("RAD_RecordAndPlay/input_concatSSN"), " "): Text ' ' is set on object 'Object Repository/RAD_RecordAndPlay/input_concatSSN'

2024-11-07 18:32:56 - [MESSAGE][PASSED] - Text ' ' is set on object 'Object Repository/RAD_RecordAndPlay/input_concatSSN'

2024-11-07 18:32:56 - [TEST_STEP][PASSED] - setText(findTestObject("RAD_RecordAndPlay/input_concatReSSN"), " "): Text ' ' is set on object 'Object Repository/RAD_RecordAndPlay/input_concatReSSN'

2024-11-07 18:32:57 - [MESSAGE][PASSED] - Text ' ' is set on object 'Object Repository/RAD_RecordAndPlay/input_concatReSSN'

2024-11-07 18:32:57 - [TEST_STEP][PASSED] - setText(findTestObject(orPath_AddressContact + "/input_streetAddress1"), " "): Text ' ' is set on object 'Object Repository/RAD_Pages/AddressAndContactInfo_Page/input_streetAddress1'

2024-11-07 18:32:58 - [MESSAGE][PASSED] - Text ' ' is set on object 'Object Repository/RAD_Pages/AddressAndContactInfo_Page/input_streetAddress1'

2024-11-07 18:32:58 - [TEST_STEP][PASSED] - setText(findTestObject(orPath_AddressContact + "/input_city"), " "): Text ' ' is set on object 'Object Repository/RAD_Pages/AddressAndContactInfo_Page/input_city'

2024-11-07 18:32:59 - [MESSAGE][PASSED] - Text ' ' is set on object 'Object Repository/RAD_Pages/AddressAndContactInfo_Page/input_city'

2024-11-07 18:32:59 - [TEST_STEP][PASSED] - setText(findTestObject(orPath_AddressContact + "/input_zipCode"), " "): Text ' ' is set on object 'Object Repository/RAD_Pages/AddressAndContactInfo_Page/input_zipCode'

2024-11-07 18:33:00 - [MESSAGE][PASSED] - Text ' ' is set on object 'Object Repository/RAD_Pages/AddressAndContactInfo_Page/input_zipCode'

2024-11-07 18:33:00 - [TEST_STEP][PASSED] - setText(findTestObject(orPath_AddressContact + "/input_phoneNumber"), " "): Text ' ' is set on object 'Object Repository/RAD_Pages/AddressAndContactInfo_Page/input_phoneNumber'

2024-11-07 18:33:00 - [MESSAGE][PASSED] - Text ' ' is set on object 'Object Repository/RAD_Pages/AddressAndContactInfo_Page/input_phoneNumber'

2024-11-07 18:33:00 - [TEST_STEP][PASSED] - setText(findTestObject(orPath_AddressContact + "/input_eMailAddress"), " "): Text ' ' is set on object 'Object Repository/RAD_Pages/AddressAndContactInfo_Page/input_eMailAddress'

2024-11-07 18:33:01 - [MESSAGE][PASSED] - Text ' ' is set on object 'Object Repository/RAD_Pages/AddressAndContactInfo_Page/input_eMailAddress'

2024-11-07 18:33:01 - [TEST_STEP][PASSED] - setText(findTestObject(orPath_AddressContact + "/input_reEnterEMailAddress"), " "): Text ' ' is set on object 'Object Repository/RAD_Pages/AddressAndContactInfo_Page/input_reEnterEMailAddress'

2024-11-07 18:33:02 - [MESSAGE][PASSED] - Text ' ' is set on object 'Object Repository/RAD_Pages/AddressAndContactInfo_Page/input_reEnterEMailAddress'

2024-11-07 18:33:02 - [TEST_STEP][PASSED] - resText = "Fail": null

2024-11-07 18:33:02 - [TEST_STEP][PASSED] - pages.WriteExcel.demoKey(resText, datText, resColumn, datCloumn, fileLoc, nameSheet, row): pages.WriteExcel.demoKey is PASSED

2024-11-07 18:33:02 - [MESSAGE][PASSED] - pages.WriteExcel.demoKey is PASSED

2024-11-07 18:33:02 - [TEST_STEP][PASSED] - verifyTextPresent("Enter first name", true, CONTINUE_ON_FAILURE): Text 'Enter first name' is present on page  using regular expression

2024-11-07 18:33:03 - [MESSAGE][PASSED] - Text 'Enter first name' is present on page  using regular expression

2024-11-07 18:33:03 - [TEST_STEP][PASSED] - verifyTextPresent("Enter last name", true, CONTINUE_ON_FAILURE): Text 'Enter last name' is present on page  using regular expression

2024-11-07 18:33:03 - [MESSAGE][PASSED] - Text 'Enter last name' is present on page  using regular expression

2024-11-07 18:33:03 - [TEST_STEP][PASSED] - verifyTextPresent("Enter address", true, CONTINUE_ON_FAILURE): Text 'Enter address' is present on page  using regular expression

2024-11-07 18:33:03 - [MESSAGE][PASSED] - Text 'Enter address' is present on page  using regular expression

2024-11-07 18:33:03 - [TEST_STEP][PASSED] - verifyTextPresent("Enter city", true, CONTINUE_ON_FAILURE): Text 'Enter city' is present on page  using regular expression

2024-11-07 18:33:04 - [MESSAGE][PASSED] - Text 'Enter city' is present on page  using regular expression

2024-11-07 18:33:04 - [TEST_STEP][PASSED] - verifyTextPresent("Enter ZIP code", true, CONTINUE_ON_FAILURE): Text 'Enter ZIP code' is present on page  using regular expression

2024-11-07 18:33:04 - [MESSAGE][PASSED] - Text 'Enter ZIP code' is present on page  using regular expression

2024-11-07 18:33:04 - [TEST_STEP][PASSED] - verifyTextPresent("Enter a valid phone number", true, CONTINUE_ON_FAILURE): Text 'Enter a valid phone number' is present on page  using regular expression

2024-11-07 18:33:05 - [MESSAGE][PASSED] - Text 'Enter a valid phone number' is present on page  using regular expression

2024-11-07 18:33:05 - [TEST_STEP][PASSED] - verifyTextPresent("Enter Email", true, CONTINUE_ON_FAILURE): Text 'Enter Email' is present on page  using regular expression

2024-11-07 18:33:05 - [MESSAGE][PASSED] - Text 'Enter Email' is present on page  using regular expression

2024-11-07 18:33:05 - [TEST_STEP][PASSED] - if (TaxType.equalsIgnoreCase("Estate Tax")): null

2024-11-07 18:33:05 - [TEST_STEP][PASSED] - else: Text 'Re-type SSN Validation Error' is present on page  using regular expression

2024-11-07 18:33:05 - [TEST_STEP][PASSED] - verifyTextPresent("Please enter a valid SSN with 9 digits", true, CONTINUE_ON_FAILURE): Text 'Please enter a valid SSN with 9 digits' is present on page  using regular expression

2024-11-07 18:33:05 - [MESSAGE][PASSED] - Text 'Please enter a valid SSN with 9 digits' is present on page  using regular expression

2024-11-07 18:33:05 - [TEST_STEP][PASSED] - verifyTextPresent("Re-type SSN Validation Error", true, CONTINUE_ON_FAILURE): Text 'Re-type SSN Validation Error' is present on page  using regular expression

2024-11-07 18:33:06 - [MESSAGE][PASSED] - Text 'Re-type SSN Validation Error' is present on page  using regular expression

2024-11-07 18:33:06 - [TEST_STEP][PASSED] - resText = "Pass": null

2024-11-07 18:33:06 - [TEST_STEP][PASSED] - pages.WriteExcel.demoKey(resText, datText, resColumn, datCloumn, fileLoc, nameSheet, row): pages.WriteExcel.demoKey is PASSED

2024-11-07 18:33:06 - [MESSAGE][PASSED] - pages.WriteExcel.demoKey is PASSED

2024-11-07 18:33:06 - [TEST_STEP][PASSED] - ExecuteTC = findTestData(dataFile).getValue("Execute", row): null

2024-11-07 18:33:06 - [TEST_STEP][PASSED] - TaxType = findTestData(dataFile).getValue("TaxType", row): null

2024-11-07 18:33:06 - [TEST_STEP][PASSED] - PaymentType = findTestData(dataFile).getValue("PaymentType", row): null

2024-11-07 18:33:06 - [TEST_STEP][PASSED] - FilingYear = findTestData(dataFile).getValue("Year", row): null

2024-11-07 18:33:06 - [TEST_STEP][PASSED] - if (ExecuteTC.equalsIgnoreCase("Y")): pages.WriteExcel.demoKey is PASSED

2024-11-07 18:33:06 - [TEST_STEP][PASSED] - out.println("Begin Record Number: " + row): null

2024-11-07 18:33:06 - [TEST_STEP][PASSED] - today = new java.util.Date(): null

2024-11-07 18:33:06 - [TEST_STEP][PASSED] - println(today): null

2024-11-07 18:33:06 - [TEST_STEP][PASSED] - datText = today: null

2024-11-07 18:33:06 - [TEST_STEP][PASSED] - logInfo("Payment Type: " + PaymentType): Payment Type: New Tax Return Amount Due

2024-11-07 18:33:06 - [MESSAGE][INFO] - Payment Type: New Tax Return Amount Due

2024-11-07 18:33:06 - [TEST_STEP][PASSED] - logInfo("Tax Type: " + TaxType): Tax Type: Personal Income Tax

2024-11-07 18:33:06 - [MESSAGE][INFO] - Tax Type: Personal Income Tax

2024-11-07 18:33:06 - [TEST_STEP][PASSED] - openBrowser(""): Browser is opened with url: ''

2024-11-07 18:33:06 - [MESSAGE][WARNING] - A browser is already opened. Closing browser and opening a new one

2024-11-07 18:33:08 - [MESSAGE][INFO] - Starting 'Chrome' driver

2024-11-07 18:33:08 - [MESSAGE][INFO] - User set preference: ['acceptInsecureCerts', 'true']

2024-11-07 18:33:08 - [MESSAGE][INFO] - Action delay is set to 0 milliseconds

2024-11-07 18:33:10 - [MESSAGE][PASSED] - Browser is opened with url: ''

2024-11-07 18:33:10 - [TEST_STEP][PASSED] - maximizeWindow(): Current window maximized

2024-11-07 18:33:10 - [MESSAGE][PASSED] - Current window maximized

2024-11-07 18:33:10 - [TEST_STEP][PASSED] - navigateToUrl(RADurl): Navigate to 'https://www.velocitypayment.com/client/rad/index.html' successfully

2024-11-07 18:33:13 - [MESSAGE][PASSED] - Navigate to 'https://www.velocitypayment.com/client/rad/index.html' successfully

2024-11-07 18:33:13 - [TEST_STEP][PASSED] - selectOptionByLabel(findTestObject(orPath_Landing + "/dd_TaxType"), PaymentType, false): All options with label 'New Tax Return Amount Due' are selected in object 'Object Repository/RAD_Pages/Landing_Page/dd_TaxType' 

2024-11-07 18:33:13 - [MESSAGE][PASSED] - All options with label 'New Tax Return Amount Due' are selected in object 'Object Repository/RAD_Pages/Landing_Page/dd_TaxType' 

2024-11-07 18:33:13 - [TEST_STEP][PASSED] - switch (PaymentType): null

2024-11-07 18:33:13 - [TEST_STEP][PASSED] - case "New Tax Return Amount Due":: null

2024-11-07 18:33:13 - [TEST_STEP][PASSED] - selectOptionByLabel(findTestObject("Object Repository/RAD_Pages/Landing_Page/select_NewTaxReturnAmountDue_TaxType"), TaxType, false): All options with label 'Personal Income Tax' are selected in object 'Object Repository/RAD_Pages/Landing_Page/select_NewTaxReturnAmountDue_TaxType' 

2024-11-07 18:33:14 - [MESSAGE][PASSED] - All options with label 'Personal Income Tax' are selected in object 'Object Repository/RAD_Pages/Landing_Page/select_NewTaxReturnAmountDue_TaxType' 

2024-11-07 18:33:14 - [TEST_STEP][PASSED] - break: null

2024-11-07 18:33:14 - [TEST_STEP][PASSED] - if (!(FilingYear.isEmpty())): All options with label '2021' are selected in object 'Object Repository/RAD_Pages/TaxTypeFilingYear_Page/select_FilingYear' 

2024-11-07 18:33:14 - [TEST_STEP][PASSED] - selectOptionByLabel(findTestObject(orPath_TaxTypeFilingYear + "/select_FilingYear"), FilingYear, false): All options with label '2021' are selected in object 'Object Repository/RAD_Pages/TaxTypeFilingYear_Page/select_FilingYear' 

2024-11-07 18:33:15 - [MESSAGE][PASSED] - All options with label '2021' are selected in object 'Object Repository/RAD_Pages/TaxTypeFilingYear_Page/select_FilingYear' 

2024-11-07 18:33:15 - [TEST_STEP][PASSED] - setText(findTestObject(orPath_TaxPayer + "/input_firstName"), " "): Text ' ' is set on object 'Object Repository/RAD_Pages/Taxpayer_Page/input_firstName'

2024-11-07 18:33:16 - [MESSAGE][PASSED] - Text ' ' is set on object 'Object Repository/RAD_Pages/Taxpayer_Page/input_firstName'

2024-11-07 18:33:16 - [TEST_STEP][PASSED] - setText(findTestObject(orPath_TaxPayer + "/input_lastName"), " "): Text ' ' is set on object 'Object Repository/RAD_Pages/Taxpayer_Page/input_lastName'

2024-11-07 18:33:16 - [MESSAGE][PASSED] - Text ' ' is set on object 'Object Repository/RAD_Pages/Taxpayer_Page/input_lastName'

2024-11-07 18:33:16 - [TEST_STEP][PASSED] - if (TaxType.equalsIgnoreCase("Estate Tax")): null

2024-11-07 18:33:16 - [TEST_STEP][PASSED] - else: Text ' ' is set on object 'Object Repository/RAD_RecordAndPlay/input_concatReSSN'

2024-11-07 18:33:16 - [TEST_STEP][PASSED] - setText(findTestObject("RAD_RecordAndPlay/input_concatSSN"), " "): Text ' ' is set on object 'Object Repository/RAD_RecordAndPlay/input_concatSSN'

2024-11-07 18:33:17 - [MESSAGE][PASSED] - Text ' ' is set on object 'Object Repository/RAD_RecordAndPlay/input_concatSSN'

2024-11-07 18:33:17 - [TEST_STEP][PASSED] - setText(findTestObject("RAD_RecordAndPlay/input_concatReSSN"), " "): Text ' ' is set on object 'Object Repository/RAD_RecordAndPlay/input_concatReSSN'

2024-11-07 18:33:18 - [MESSAGE][PASSED] - Text ' ' is set on object 'Object Repository/RAD_RecordAndPlay/input_concatReSSN'

2024-11-07 18:33:18 - [TEST_STEP][PASSED] - setText(findTestObject(orPath_AddressContact + "/input_streetAddress1"), " "): Text ' ' is set on object 'Object Repository/RAD_Pages/AddressAndContactInfo_Page/input_streetAddress1'

2024-11-07 18:33:18 - [MESSAGE][PASSED] - Text ' ' is set on object 'Object Repository/RAD_Pages/AddressAndContactInfo_Page/input_streetAddress1'

2024-11-07 18:33:18 - [TEST_STEP][PASSED] - setText(findTestObject(orPath_AddressContact + "/input_city"), " "): Text ' ' is set on object 'Object Repository/RAD_Pages/AddressAndContactInfo_Page/input_city'

2024-11-07 18:33:19 - [MESSAGE][PASSED] - Text ' ' is set on object 'Object Repository/RAD_Pages/AddressAndContactInfo_Page/input_city'

2024-11-07 18:33:19 - [TEST_STEP][PASSED] - setText(findTestObject(orPath_AddressContact + "/input_zipCode"), " "): Text ' ' is set on object 'Object Repository/RAD_Pages/AddressAndContactInfo_Page/input_zipCode'

2024-11-07 18:33:20 - [MESSAGE][PASSED] - Text ' ' is set on object 'Object Repository/RAD_Pages/AddressAndContactInfo_Page/input_zipCode'

2024-11-07 18:33:20 - [TEST_STEP][PASSED] - setText(findTestObject(orPath_AddressContact + "/input_phoneNumber"), " "): Text ' ' is set on object 'Object Repository/RAD_Pages/AddressAndContactInfo_Page/input_phoneNumber'

2024-11-07 18:33:21 - [MESSAGE][PASSED] - Text ' ' is set on object 'Object Repository/RAD_Pages/AddressAndContactInfo_Page/input_phoneNumber'

2024-11-07 18:33:21 - [TEST_STEP][PASSED] - setText(findTestObject(orPath_AddressContact + "/input_eMailAddress"), " "): Text ' ' is set on object 'Object Repository/RAD_Pages/AddressAndContactInfo_Page/input_eMailAddress'

2024-11-07 18:33:21 - [MESSAGE][PASSED] - Text ' ' is set on object 'Object Repository/RAD_Pages/AddressAndContactInfo_Page/input_eMailAddress'

2024-11-07 18:33:21 - [TEST_STEP][PASSED] - setText(findTestObject(orPath_AddressContact + "/input_reEnterEMailAddress"), " "): Text ' ' is set on object 'Object Repository/RAD_Pages/AddressAndContactInfo_Page/input_reEnterEMailAddress'

2024-11-07 18:33:22 - [MESSAGE][PASSED] - Text ' ' is set on object 'Object Repository/RAD_Pages/AddressAndContactInfo_Page/input_reEnterEMailAddress'

2024-11-07 18:33:22 - [TEST_STEP][PASSED] - resText = "Fail": null

2024-11-07 18:33:22 - [TEST_STEP][PASSED] - pages.WriteExcel.demoKey(resText, datText, resColumn, datCloumn, fileLoc, nameSheet, row): pages.WriteExcel.demoKey is PASSED

2024-11-07 18:33:22 - [MESSAGE][PASSED] - pages.WriteExcel.demoKey is PASSED

2024-11-07 18:33:22 - [TEST_STEP][PASSED] - verifyTextPresent("Enter first name", true, CONTINUE_ON_FAILURE): Text 'Enter first name' is present on page  using regular expression

2024-11-07 18:33:23 - [MESSAGE][PASSED] - Text 'Enter first name' is present on page  using regular expression

2024-11-07 18:33:23 - [TEST_STEP][PASSED] - verifyTextPresent("Enter last name", true, CONTINUE_ON_FAILURE): Text 'Enter last name' is present on page  using regular expression

2024-11-07 18:33:23 - [MESSAGE][PASSED] - Text 'Enter last name' is present on page  using regular expression

2024-11-07 18:33:23 - [TEST_STEP][PASSED] - verifyTextPresent("Enter address", true, CONTINUE_ON_FAILURE): Text 'Enter address' is present on page  using regular expression

2024-11-07 18:33:23 - [MESSAGE][PASSED] - Text 'Enter address' is present on page  using regular expression

2024-11-07 18:33:23 - [TEST_STEP][PASSED] - verifyTextPresent("Enter city", true, CONTINUE_ON_FAILURE): Text 'Enter city' is present on page  using regular expression

2024-11-07 18:33:24 - [MESSAGE][PASSED] - Text 'Enter city' is present on page  using regular expression

2024-11-07 18:33:24 - [TEST_STEP][PASSED] - verifyTextPresent("Enter ZIP code", true, CONTINUE_ON_FAILURE): Text 'Enter ZIP code' is present on page  using regular expression

2024-11-07 18:33:24 - [MESSAGE][PASSED] - Text 'Enter ZIP code' is present on page  using regular expression

2024-11-07 18:33:24 - [TEST_STEP][PASSED] - verifyTextPresent("Enter a valid phone number", true, CONTINUE_ON_FAILURE): Text 'Enter a valid phone number' is present on page  using regular expression

2024-11-07 18:33:24 - [MESSAGE][PASSED] - Text 'Enter a valid phone number' is present on page  using regular expression

2024-11-07 18:33:24 - [TEST_STEP][PASSED] - verifyTextPresent("Enter Email", true, CONTINUE_ON_FAILURE): Text 'Enter Email' is present on page  using regular expression

2024-11-07 18:33:25 - [MESSAGE][PASSED] - Text 'Enter Email' is present on page  using regular expression

2024-11-07 18:33:25 - [TEST_STEP][PASSED] - if (TaxType.equalsIgnoreCase("Estate Tax")): null

2024-11-07 18:33:25 - [TEST_STEP][PASSED] - else: Text 'Re-type SSN Validation Error' is present on page  using regular expression

2024-11-07 18:33:25 - [TEST_STEP][PASSED] - verifyTextPresent("Please enter a valid SSN with 9 digits", true, CONTINUE_ON_FAILURE): Text 'Please enter a valid SSN with 9 digits' is present on page  using regular expression

2024-11-07 18:33:25 - [MESSAGE][PASSED] - Text 'Please enter a valid SSN with 9 digits' is present on page  using regular expression

2024-11-07 18:33:25 - [TEST_STEP][PASSED] - verifyTextPresent("Re-type SSN Validation Error", true, CONTINUE_ON_FAILURE): Text 'Re-type SSN Validation Error' is present on page  using regular expression

2024-11-07 18:33:26 - [MESSAGE][PASSED] - Text 'Re-type SSN Validation Error' is present on page  using regular expression

2024-11-07 18:33:26 - [TEST_STEP][PASSED] - resText = "Pass": null

2024-11-07 18:33:26 - [TEST_STEP][PASSED] - pages.WriteExcel.demoKey(resText, datText, resColumn, datCloumn, fileLoc, nameSheet, row): pages.WriteExcel.demoKey is PASSED

2024-11-07 18:33:26 - [MESSAGE][PASSED] - pages.WriteExcel.demoKey is PASSED

2024-11-07 18:33:26 - [TEST_STEP][PASSED] - ExecuteTC = findTestData(dataFile).getValue("Execute", row): null

2024-11-07 18:33:26 - [TEST_STEP][PASSED] - TaxType = findTestData(dataFile).getValue("TaxType", row): null

2024-11-07 18:33:26 - [TEST_STEP][PASSED] - PaymentType = findTestData(dataFile).getValue("PaymentType", row): null

2024-11-07 18:33:26 - [TEST_STEP][PASSED] - FilingYear = findTestData(dataFile).getValue("Year", row): null

2024-11-07 18:33:26 - [TEST_STEP][FAILED] - if (ExecuteTC.equalsIgnoreCase("Y")): null

2024-11-07 18:33:26 - [TEST_STEP][PASSED] - out.println("Begin Record Number: " + row): null

2024-11-07 18:33:26 - [TEST_STEP][PASSED] - today = new java.util.Date(): null

2024-11-07 18:33:26 - [TEST_STEP][PASSED] - println(today): null

2024-11-07 18:33:26 - [TEST_STEP][PASSED] - datText = today: null

2024-11-07 18:33:26 - [TEST_STEP][PASSED] - logInfo("Payment Type: " + PaymentType): Payment Type: New Tax Return Amount Due

2024-11-07 18:33:26 - [MESSAGE][INFO] - Payment Type: New Tax Return Amount Due

2024-11-07 18:33:26 - [TEST_STEP][PASSED] - logInfo("Tax Type: " + TaxType): Tax Type: Estate Tax

2024-11-07 18:33:26 - [MESSAGE][INFO] - Tax Type: Estate Tax

2024-11-07 18:33:26 - [TEST_STEP][PASSED] - openBrowser(""): Browser is opened with url: ''

2024-11-07 18:33:26 - [MESSAGE][WARNING] - A browser is already opened. Closing browser and opening a new one

2024-11-07 18:33:28 - [MESSAGE][INFO] - Starting 'Chrome' driver

2024-11-07 18:33:28 - [MESSAGE][INFO] - User set preference: ['acceptInsecureCerts', 'true']

2024-11-07 18:33:28 - [MESSAGE][INFO] - Action delay is set to 0 milliseconds

2024-11-07 18:33:29 - [MESSAGE][PASSED] - Browser is opened with url: ''

2024-11-07 18:33:29 - [TEST_STEP][PASSED] - maximizeWindow(): Current window maximized

2024-11-07 18:33:30 - [MESSAGE][PASSED] - Current window maximized

2024-11-07 18:33:30 - [TEST_STEP][PASSED] - navigateToUrl(RADurl): Navigate to 'https://www.velocitypayment.com/client/rad/index.html' successfully

2024-11-07 18:33:30 - [MESSAGE][PASSED] - Navigate to 'https://www.velocitypayment.com/client/rad/index.html' successfully

2024-11-07 18:33:30 - [TEST_STEP][PASSED] - selectOptionByLabel(findTestObject(orPath_Landing + "/dd_TaxType"), PaymentType, false): All options with label 'New Tax Return Amount Due' are selected in object 'Object Repository/RAD_Pages/Landing_Page/dd_TaxType' 

2024-11-07 18:33:33 - [MESSAGE][PASSED] - All options with label 'New Tax Return Amount Due' are selected in object 'Object Repository/RAD_Pages/Landing_Page/dd_TaxType' 

2024-11-07 18:33:33 - [TEST_STEP][FAILED] - switch (PaymentType): null

2024-11-07 18:33:33 - [TEST_STEP][FAILED] - case "New Tax Return Amount Due":: null

2024-11-07 18:33:33 - [TEST_STEP][FAILED] - selectOptionByLabel(findTestObject("Object Repository/RAD_Pages/Landing_Page/select_NewTaxReturnAmountDue_TaxType"), TaxType, false): Unable to select option by label 'Estate Tax' of object 'Object Repository/RAD_Pages/Landing_Page/select_NewTaxReturnAmountDue_TaxType'  (Root cause: com.kms.katalon.core.exception.StepFailedException: Unable to select option by label 'Estate Tax' of object 'Object Repository/RAD_Pages/Landing_Page/select_NewTaxReturnAmountDue_TaxType' 
	at com.kms.katalon.core.webui.keyword.internal.WebUIKeywordMain.stepFailed(WebUIKeywordMain.groovy:64)
	at com.kms.katalon.core.webui.keyword.internal.WebUIKeywordMain.runKeyword(WebUIKeywordMain.groovy:26)
	at com.kms.katalon.core.webui.keyword.builtin.SelectOptionByLabelKeyword.selectOptionByLabel(SelectOptionByLabelKeyword.groovy:98)
	at com.kms.katalon.core.webui.keyword.builtin.SelectOptionByLabelKeyword.execute(SelectOptionByLabelKeyword.groovy:71)
	at com.kms.katalon.core.keyword.internal.KeywordExecutor.executeKeywordForPlatform(KeywordExecutor.groovy:74)
	at com.kms.katalon.core.webui.keyword.WebUiBuiltInKeywords.selectOptionByLabel(WebUiBuiltInKeywords.groovy:1230)
	at com.kms.katalon.core.webui.keyword.WebUiBuiltInKeywords$selectOptionByLabel$2.call(Unknown Source)
	at Personal_Individual_MRF_TC.run(Personal_Individual_MRF_TC:100)
	at com.kms.katalon.core.main.ScriptEngine.run(ScriptEngine.java:194)
	at com.kms.katalon.core.main.ScriptEngine.runScriptAsRawText(ScriptEngine.java:119)
	at com.kms.katalon.core.main.TestCaseExecutor.runScript(TestCaseExecutor.java:448)
	at com.kms.katalon.core.main.TestCaseExecutor.doExecute(TestCaseExecutor.java:439)
	at com.kms.katalon.core.main.TestCaseExecutor.processExecutionPhase(TestCaseExecutor.java:418)
	at com.kms.katalon.core.main.TestCaseExecutor.accessMainPhase(TestCaseExecutor.java:410)
	at com.kms.katalon.core.main.TestCaseExecutor.execute(TestCaseExecutor.java:285)
	at com.kms.katalon.core.common.CommonExecutor.accessTestCaseMainPhase(CommonExecutor.java:65)
	at com.kms.katalon.core.main.TestSuiteExecutor.accessTestSuiteMainPhase(TestSuiteExecutor.java:148)
	at com.kms.katalon.core.main.TestSuiteExecutor.execute(TestSuiteExecutor.java:106)
	at com.kms.katalon.core.main.TestCaseMain.startTestSuite(TestCaseMain.java:187)
	at com.kms.katalon.core.main.TestCaseMain$startTestSuite$0.call(Unknown Source)
	at TempTestSuite1731019020691.run(TempTestSuite1731019020691.groovy:35)
Caused by: org.openqa.selenium.NoSuchElementException: Cannot locate element with text: Estate Tax
For documentation on this error, please visit: https://www.seleniumhq.org/exceptions/no_such_element.html
Build info: version: '3.141.59', revision: 'e82be7d358', time: '2018-11-14T08:25:53'
System info: host: 'DESKTOP-B2QI6NS', ip: '172.31.253.185', os.name: 'Windows 10', os.arch: 'amd64', os.version: '10.0', java.version: '1.8.0_181'
Driver info: driver.version: unknown
	at org.openqa.selenium.support.ui.Select.selectByVisibleText(Select.java:147)
	at com.kms.katalon.core.webui.common.WebUiCommonHelper.selectOrDeselectOptionsByLabel(WebUiCommonHelper.java:310)
	at com.kms.katalon.core.webui.keyword.builtin.SelectOptionByLabelKeyword$_selectOptionByLabel_closure1.doCall(SelectOptionByLabelKeyword.groovy:87)
	at com.kms.katalon.core.webui.keyword.builtin.SelectOptionByLabelKeyword$_selectOptionByLabel_closure1.call(SelectOptionByLabelKeyword.groovy)
	at com.kms.katalon.core.webui.keyword.internal.WebUIKeywordMain.runKeyword(WebUIKeywordMain.groovy:20)
	at com.kms.katalon.core.webui.keyword.builtin.SelectOptionByLabelKeyword.selectOptionByLabel(SelectOptionByLabelKeyword.groovy:98)
	at com.kms.katalon.core.webui.keyword.builtin.SelectOptionByLabelKeyword.execute(SelectOptionByLabelKeyword.groovy:71)
	at com.kms.katalon.core.keyword.internal.KeywordExecutor.executeKeywordForPlatform(KeywordExecutor.groovy:74)
	at com.kms.katalon.core.webui.keyword.WebUiBuiltInKeywords.selectOptionByLabel(WebUiBuiltInKeywords.groovy:1230)
	at com.kms.katalon.core.webui.keyword.WebUiBuiltInKeywords$selectOptionByLabel$2.call(Unknown Source)
	at Script1696265299704.run(Script1696265299704.groovy:100)
	... 13 more
)

2024-11-07 18:33:34 - [MESSAGE][FAILED] - Unable to select option by label 'Estate Tax' of object 'Object Repository/RAD_Pages/Landing_Page/select_NewTaxReturnAmountDue_TaxType'  (Root cause: com.kms.katalon.core.exception.StepFailedException: Unable to select option by label 'Estate Tax' of object 'Object Repository/RAD_Pages/Landing_Page/select_NewTaxReturnAmountDue_TaxType' 
	at com.kms.katalon.core.webui.keyword.internal.WebUIKeywordMain.stepFailed(WebUIKeywordMain.groovy:64)
	at com.kms.katalon.core.webui.keyword.internal.WebUIKeywordMain.runKeyword(WebUIKeywordMain.groovy:26)
	at com.kms.katalon.core.webui.keyword.builtin.SelectOptionByLabelKeyword.selectOptionByLabel(SelectOptionByLabelKeyword.groovy:98)
	at com.kms.katalon.core.webui.keyword.builtin.SelectOptionByLabelKeyword.execute(SelectOptionByLabelKeyword.groovy:71)
	at com.kms.katalon.core.keyword.internal.KeywordExecutor.executeKeywordForPlatform(KeywordExecutor.groovy:74)
	at com.kms.katalon.core.webui.keyword.WebUiBuiltInKeywords.selectOptionByLabel(WebUiBuiltInKeywords.groovy:1230)
	at com.kms.katalon.core.webui.keyword.WebUiBuiltInKeywords$selectOptionByLabel$2.call(Unknown Source)
	at Personal_Individual_MRF_TC.run(Personal_Individual_MRF_TC:100)
	at com.kms.katalon.core.main.ScriptEngine.run(ScriptEngine.java:194)
	at com.kms.katalon.core.main.ScriptEngine.runScriptAsRawText(ScriptEngine.java:119)
	at com.kms.katalon.core.main.TestCaseExecutor.runScript(TestCaseExecutor.java:448)
	at com.kms.katalon.core.main.TestCaseExecutor.doExecute(TestCaseExecutor.java:439)
	at com.kms.katalon.core.main.TestCaseExecutor.processExecutionPhase(TestCaseExecutor.java:418)
	at com.kms.katalon.core.main.TestCaseExecutor.accessMainPhase(TestCaseExecutor.java:410)
	at com.kms.katalon.core.main.TestCaseExecutor.execute(TestCaseExecutor.java:285)
	at com.kms.katalon.core.common.CommonExecutor.accessTestCaseMainPhase(CommonExecutor.java:65)
	at com.kms.katalon.core.main.TestSuiteExecutor.accessTestSuiteMainPhase(TestSuiteExecutor.java:148)
	at com.kms.katalon.core.main.TestSuiteExecutor.execute(TestSuiteExecutor.java:106)
	at com.kms.katalon.core.main.TestCaseMain.startTestSuite(TestCaseMain.java:187)
	at com.kms.katalon.core.main.TestCaseMain$startTestSuite$0.call(Unknown Source)
	at TempTestSuite1731019020691.run(TempTestSuite1731019020691.groovy:35)
Caused by: org.openqa.selenium.NoSuchElementException: Cannot locate element with text: Estate Tax
For documentation on this error, please visit: https://www.seleniumhq.org/exceptions/no_such_element.html
Build info: version: '3.141.59', revision: 'e82be7d358', time: '2018-11-14T08:25:53'
System info: host: 'DESKTOP-B2QI6NS', ip: '172.31.253.185', os.name: 'Windows 10', os.arch: 'amd64', os.version: '10.0', java.version: '1.8.0_181'
Driver info: driver.version: unknown
	at org.openqa.selenium.support.ui.Select.selectByVisibleText(Select.java:147)
	at com.kms.katalon.core.webui.common.WebUiCommonHelper.selectOrDeselectOptionsByLabel(WebUiCommonHelper.java:310)
	at com.kms.katalon.core.webui.keyword.builtin.SelectOptionByLabelKeyword$_selectOptionByLabel_closure1.doCall(SelectOptionByLabelKeyword.groovy:87)
	at com.kms.katalon.core.webui.keyword.builtin.SelectOptionByLabelKeyword$_selectOptionByLabel_closure1.call(SelectOptionByLabelKeyword.groovy)
	at com.kms.katalon.core.webui.keyword.internal.WebUIKeywordMain.runKeyword(WebUIKeywordMain.groovy:20)
	at com.kms.katalon.core.webui.keyword.builtin.SelectOptionByLabelKeyword.selectOptionByLabel(SelectOptionByLabelKeyword.groovy:98)
	at com.kms.katalon.core.webui.keyword.builtin.SelectOptionByLabelKeyword.execute(SelectOptionByLabelKeyword.groovy:71)
	at com.kms.katalon.core.keyword.internal.KeywordExecutor.executeKeywordForPlatform(KeywordExecutor.groovy:74)
	at com.kms.katalon.core.webui.keyword.WebUiBuiltInKeywords.selectOptionByLabel(WebUiBuiltInKeywords.groovy:1230)
	at com.kms.katalon.core.webui.keyword.WebUiBuiltInKeywords$selectOptionByLabel$2.call(Unknown Source)
	at Script1696265299704.run(Script1696265299704.groovy:100)
	... 13 more
)
[[ATTACHMENT|E:\\Cloned-Project-Katalon\\VPS-Katalon\\Reports\\20241107_173700\\RAD_TestSuite\\RAD_UI_TestSuite\\20241107_173700\\1731022414135.png]]

2024-11-07 18:33:34 - [TEST_STEP][PASSED] - break: null

2024-11-07 18:33:34 - [TEST_STEP][PASSED] - if (!(FilingYear.isEmpty())): All options with label '2023' are selected in object 'Object Repository/RAD_Pages/TaxTypeFilingYear_Page/select_FilingYear' 

2024-11-07 18:33:34 - [TEST_STEP][PASSED] - selectOptionByLabel(findTestObject(orPath_TaxTypeFilingYear + "/select_FilingYear"), FilingYear, false): All options with label '2023' are selected in object 'Object Repository/RAD_Pages/TaxTypeFilingYear_Page/select_FilingYear' 

2024-11-07 18:33:35 - [MESSAGE][PASSED] - All options with label '2023' are selected in object 'Object Repository/RAD_Pages/TaxTypeFilingYear_Page/select_FilingYear' 

2024-11-07 18:33:35 - [TEST_STEP][PASSED] - setText(findTestObject(orPath_TaxPayer + "/input_firstName"), " "): Text ' ' is set on object 'Object Repository/RAD_Pages/Taxpayer_Page/input_firstName'

2024-11-07 18:33:35 - [MESSAGE][PASSED] - Text ' ' is set on object 'Object Repository/RAD_Pages/Taxpayer_Page/input_firstName'

2024-11-07 18:33:35 - [TEST_STEP][PASSED] - setText(findTestObject(orPath_TaxPayer + "/input_lastName"), " "): Text ' ' is set on object 'Object Repository/RAD_Pages/Taxpayer_Page/input_lastName'

2024-11-07 18:33:36 - [MESSAGE][PASSED] - Text ' ' is set on object 'Object Repository/RAD_Pages/Taxpayer_Page/input_lastName'

2024-11-07 18:33:36 - [TEST_STEP][FAILED] - if (TaxType.equalsIgnoreCase("Estate Tax")): null

2024-11-07 18:33:36 - [TEST_STEP][FAILED] - setText(findTestObject(orPath_TaxPayer + "/input_NewTax_DecedentSSN"), " "): Unable to set text ' ' of object 'Object Repository/RAD_Pages/Taxpayer_Page/input_NewTax_DecedentSSN' (Root cause: com.kms.katalon.core.exception.StepFailedException: Unable to set text ' ' of object 'Object Repository/RAD_Pages/Taxpayer_Page/input_NewTax_DecedentSSN'
	at com.kms.katalon.core.webui.keyword.internal.WebUIKeywordMain.stepFailed(WebUIKeywordMain.groovy:64)
	at com.kms.katalon.core.webui.keyword.internal.WebUIKeywordMain.runKeyword(WebUIKeywordMain.groovy:26)
	at com.kms.katalon.core.webui.keyword.builtin.SetTextKeyword.setText(SetTextKeyword.groovy:66)
	at com.kms.katalon.core.webui.keyword.builtin.SetTextKeyword.execute(SetTextKeyword.groovy:37)
	at com.kms.katalon.core.keyword.internal.KeywordExecutor.executeKeywordForPlatform(KeywordExecutor.groovy:74)
	at com.kms.katalon.core.webui.keyword.WebUiBuiltInKeywords.setText(WebUiBuiltInKeywords.groovy:980)
	at com.kms.katalon.core.webui.keyword.WebUiBuiltInKeywords$setText$9.call(Unknown Source)
	at Personal_Individual_MRF_TC.run(Personal_Individual_MRF_TC:126)
	at com.kms.katalon.core.main.ScriptEngine.run(ScriptEngine.java:194)
	at com.kms.katalon.core.main.ScriptEngine.runScriptAsRawText(ScriptEngine.java:119)
	at com.kms.katalon.core.main.TestCaseExecutor.runScript(TestCaseExecutor.java:448)
	at com.kms.katalon.core.main.TestCaseExecutor.doExecute(TestCaseExecutor.java:439)
	at com.kms.katalon.core.main.TestCaseExecutor.processExecutionPhase(TestCaseExecutor.java:418)
	at com.kms.katalon.core.main.TestCaseExecutor.accessMainPhase(TestCaseExecutor.java:410)
	at com.kms.katalon.core.main.TestCaseExecutor.execute(TestCaseExecutor.java:285)
	at com.kms.katalon.core.common.CommonExecutor.accessTestCaseMainPhase(CommonExecutor.java:65)
	at com.kms.katalon.core.main.TestSuiteExecutor.accessTestSuiteMainPhase(TestSuiteExecutor.java:148)
	at com.kms.katalon.core.main.TestSuiteExecutor.execute(TestSuiteExecutor.java:106)
	at com.kms.katalon.core.main.TestCaseMain.startTestSuite(TestCaseMain.java:187)
	at com.kms.katalon.core.main.TestCaseMain$startTestSuite$0.call(Unknown Source)
	at TempTestSuite1731019020691.run(TempTestSuite1731019020691.groovy:35)
Caused by: org.openqa.selenium.ElementNotInteractableException: element not interactable
  (Session info: chrome=130.0.6723.92)
Build info: version: '3.141.59', revision: 'e82be7d358', time: '2018-11-14T08:25:53'
System info: host: 'DESKTOP-B2QI6NS', ip: '172.31.253.185', os.name: 'Windows 10', os.arch: 'amd64', os.version: '10.0', java.version: '1.8.0_181'
Driver info: com.kms.katalon.selenium.driver.CChromeDriver
Capabilities {acceptInsecureCerts: true, browserName: chrome, browserVersion: 130.0.6723.92, chrome: {chromedriverVersion: 129.0.6668.89 (951c0b97221f..., userDataDir: C:\Users\imtiaz\AppData\Loc...}, fedcm:accounts: true, goog:chromeOptions: {debuggerAddress: localhost:55897}, javascriptEnabled: true, networkConnectionEnabled: false, pageLoadStrategy: normal, platform: WINDOWS, platformName: WINDOWS, proxy: Proxy(), setWindowRect: true, strictFileInteractability: false, timeouts: {implicit: 0, pageLoad: 300000, script: 30000}, unhandledPromptBehavior: dismiss and notify, webauthn:extension:credBlob: true, webauthn:extension:largeBlob: true, webauthn:extension:minPinLength: true, webauthn:extension:prf: true, webauthn:virtualAuthenticators: true}
Session ID: 89587cb5f9db5152d21d9855bcffe560
	at org.openqa.selenium.remote.http.W3CHttpResponseCodec.createException(W3CHttpResponseCodec.java:187)
	at org.openqa.selenium.remote.http.W3CHttpResponseCodec.decode(W3CHttpResponseCodec.java:122)
	at org.openqa.selenium.remote.http.W3CHttpResponseCodec.decode(W3CHttpResponseCodec.java:49)
	at org.openqa.selenium.remote.HttpCommandExecutor.execute(HttpCommandExecutor.java:158)
	at org.openqa.selenium.remote.service.DriverCommandExecutor.execute(DriverCommandExecutor.java:83)
	at org.openqa.selenium.remote.RemoteWebDriver.execute(RemoteWebDriver.java:552)
	at com.kms.katalon.selenium.driver.CChromeDriver.execute(CChromeDriver.java:19)
	at org.openqa.selenium.remote.RemoteWebElement.execute(RemoteWebElement.java:285)
	at org.openqa.selenium.remote.RemoteWebElement.clear(RemoteWebElement.java:124)
	at org.openqa.selenium.support.events.EventFiringWebDriver$EventFiringWebElement.lambda$new$0(EventFiringWebDriver.java:404)
	at com.sun.proxy.$Proxy11.clear(Unknown Source)
	at org.openqa.selenium.support.events.EventFiringWebDriver$EventFiringWebElement.clear(EventFiringWebDriver.java:436)
	at com.kms.katalon.core.webui.keyword.builtin.SetTextKeyword$_setText_closure1.doCall(SetTextKeyword.groovy:53)
	at com.kms.katalon.core.webui.keyword.builtin.SetTextKeyword$_setText_closure1.call(SetTextKeyword.groovy)
	at com.kms.katalon.core.webui.keyword.internal.WebUIKeywordMain.runKeyword(WebUIKeywordMain.groovy:20)
	at com.kms.katalon.core.webui.keyword.builtin.SetTextKeyword.setText(SetTextKeyword.groovy:66)
	at com.kms.katalon.core.webui.keyword.builtin.SetTextKeyword.execute(SetTextKeyword.groovy:37)
	at com.kms.katalon.core.keyword.internal.KeywordExecutor.executeKeywordForPlatform(KeywordExecutor.groovy:74)
	at com.kms.katalon.core.webui.keyword.WebUiBuiltInKeywords.setText(WebUiBuiltInKeywords.groovy:980)
	at com.kms.katalon.core.webui.keyword.WebUiBuiltInKeywords$setText$9.call(Unknown Source)
	at Script1696265299704.run(Script1696265299704.groovy:126)
	... 13 more
)

2024-11-07 18:33:37 - [MESSAGE][FAILED] - Unable to set text ' ' of object 'Object Repository/RAD_Pages/Taxpayer_Page/input_NewTax_DecedentSSN' (Root cause: com.kms.katalon.core.exception.StepFailedException: Unable to set text ' ' of object 'Object Repository/RAD_Pages/Taxpayer_Page/input_NewTax_DecedentSSN'
	at com.kms.katalon.core.webui.keyword.internal.WebUIKeywordMain.stepFailed(WebUIKeywordMain.groovy:64)
	at com.kms.katalon.core.webui.keyword.internal.WebUIKeywordMain.runKeyword(WebUIKeywordMain.groovy:26)
	at com.kms.katalon.core.webui.keyword.builtin.SetTextKeyword.setText(SetTextKeyword.groovy:66)
	at com.kms.katalon.core.webui.keyword.builtin.SetTextKeyword.execute(SetTextKeyword.groovy:37)
	at com.kms.katalon.core.keyword.internal.KeywordExecutor.executeKeywordForPlatform(KeywordExecutor.groovy:74)
	at com.kms.katalon.core.webui.keyword.WebUiBuiltInKeywords.setText(WebUiBuiltInKeywords.groovy:980)
	at com.kms.katalon.core.webui.keyword.WebUiBuiltInKeywords$setText$9.call(Unknown Source)
	at Personal_Individual_MRF_TC.run(Personal_Individual_MRF_TC:126)
	at com.kms.katalon.core.main.ScriptEngine.run(ScriptEngine.java:194)
	at com.kms.katalon.core.main.ScriptEngine.runScriptAsRawText(ScriptEngine.java:119)
	at com.kms.katalon.core.main.TestCaseExecutor.runScript(TestCaseExecutor.java:448)
	at com.kms.katalon.core.main.TestCaseExecutor.doExecute(TestCaseExecutor.java:439)
	at com.kms.katalon.core.main.TestCaseExecutor.processExecutionPhase(TestCaseExecutor.java:418)
	at com.kms.katalon.core.main.TestCaseExecutor.accessMainPhase(TestCaseExecutor.java:410)
	at com.kms.katalon.core.main.TestCaseExecutor.execute(TestCaseExecutor.java:285)
	at com.kms.katalon.core.common.CommonExecutor.accessTestCaseMainPhase(CommonExecutor.java:65)
	at com.kms.katalon.core.main.TestSuiteExecutor.accessTestSuiteMainPhase(TestSuiteExecutor.java:148)
	at com.kms.katalon.core.main.TestSuiteExecutor.execute(TestSuiteExecutor.java:106)
	at com.kms.katalon.core.main.TestCaseMain.startTestSuite(TestCaseMain.java:187)
	at com.kms.katalon.core.main.TestCaseMain$startTestSuite$0.call(Unknown Source)
	at TempTestSuite1731019020691.run(TempTestSuite1731019020691.groovy:35)
Caused by: org.openqa.selenium.ElementNotInteractableException: element not interactable
  (Session info: chrome=130.0.6723.92)
Build info: version: '3.141.59', revision: 'e82be7d358', time: '2018-11-14T08:25:53'
System info: host: 'DESKTOP-B2QI6NS', ip: '172.31.253.185', os.name: 'Windows 10', os.arch: 'amd64', os.version: '10.0', java.version: '1.8.0_181'
Driver info: com.kms.katalon.selenium.driver.CChromeDriver
Capabilities {acceptInsecureCerts: true, browserName: chrome, browserVersion: 130.0.6723.92, chrome: {chromedriverVersion: 129.0.6668.89 (951c0b97221f..., userDataDir: C:\Users\imtiaz\AppData\Loc...}, fedcm:accounts: true, goog:chromeOptions: {debuggerAddress: localhost:55897}, javascriptEnabled: true, networkConnectionEnabled: false, pageLoadStrategy: normal, platform: WINDOWS, platformName: WINDOWS, proxy: Proxy(), setWindowRect: true, strictFileInteractability: false, timeouts: {implicit: 0, pageLoad: 300000, script: 30000}, unhandledPromptBehavior: dismiss and notify, webauthn:extension:credBlob: true, webauthn:extension:largeBlob: true, webauthn:extension:minPinLength: true, webauthn:extension:prf: true, webauthn:virtualAuthenticators: true}
Session ID: 89587cb5f9db5152d21d9855bcffe560
	at org.openqa.selenium.remote.http.W3CHttpResponseCodec.createException(W3CHttpResponseCodec.java:187)
	at org.openqa.selenium.remote.http.W3CHttpResponseCodec.decode(W3CHttpResponseCodec.java:122)
	at org.openqa.selenium.remote.http.W3CHttpResponseCodec.decode(W3CHttpResponseCodec.java:49)
	at org.openqa.selenium.remote.HttpCommandExecutor.execute(HttpCommandExecutor.java:158)
	at org.openqa.selenium.remote.service.DriverCommandExecutor.execute(DriverCommandExecutor.java:83)
	at org.openqa.selenium.remote.RemoteWebDriver.execute(RemoteWebDriver.java:552)
	at com.kms.katalon.selenium.driver.CChromeDriver.execute(CChromeDriver.java:19)
	at org.openqa.selenium.remote.RemoteWebElement.execute(RemoteWebElement.java:285)
	at org.openqa.selenium.remote.RemoteWebElement.clear(RemoteWebElement.java:124)
	at org.openqa.selenium.support.events.EventFiringWebDriver$EventFiringWebElement.lambda$new$0(EventFiringWebDriver.java:404)
	at com.sun.proxy.$Proxy11.clear(Unknown Source)
	at org.openqa.selenium.support.events.EventFiringWebDriver$EventFiringWebElement.clear(EventFiringWebDriver.java:436)
	at com.kms.katalon.core.webui.keyword.builtin.SetTextKeyword$_setText_closure1.doCall(SetTextKeyword.groovy:53)
	at com.kms.katalon.core.webui.keyword.builtin.SetTextKeyword$_setText_closure1.call(SetTextKeyword.groovy)
	at com.kms.katalon.core.webui.keyword.internal.WebUIKeywordMain.runKeyword(WebUIKeywordMain.groovy:20)
	at com.kms.katalon.core.webui.keyword.builtin.SetTextKeyword.setText(SetTextKeyword.groovy:66)
	at com.kms.katalon.core.webui.keyword.builtin.SetTextKeyword.execute(SetTextKeyword.groovy:37)
	at com.kms.katalon.core.keyword.internal.KeywordExecutor.executeKeywordForPlatform(KeywordExecutor.groovy:74)
	at com.kms.katalon.core.webui.keyword.WebUiBuiltInKeywords.setText(WebUiBuiltInKeywords.groovy:980)
	at com.kms.katalon.core.webui.keyword.WebUiBuiltInKeywords$setText$9.call(Unknown Source)
	at Script1696265299704.run(Script1696265299704.groovy:126)
	... 13 more
)
[[ATTACHMENT|E:\\Cloned-Project-Katalon\\VPS-Katalon\\Reports\\20241107_173700\\RAD_TestSuite\\RAD_UI_TestSuite\\20241107_173700\\1731022417013.png]]

2024-11-07 18:33:37 - [TEST_STEP][FAILED] - setText(findTestObject(orPath_TaxPayer + "/input_NewTax_ReTypeDecedentSSN"), " "): Unable to set text ' ' of object 'Object Repository/RAD_Pages/Taxpayer_Page/input_NewTax_ReTypeDecedentSSN' (Root cause: com.kms.katalon.core.exception.StepFailedException: Unable to set text ' ' of object 'Object Repository/RAD_Pages/Taxpayer_Page/input_NewTax_ReTypeDecedentSSN'
	at com.kms.katalon.core.webui.keyword.internal.WebUIKeywordMain.stepFailed(WebUIKeywordMain.groovy:64)
	at com.kms.katalon.core.webui.keyword.internal.WebUIKeywordMain.runKeyword(WebUIKeywordMain.groovy:26)
	at com.kms.katalon.core.webui.keyword.builtin.SetTextKeyword.setText(SetTextKeyword.groovy:66)
	at com.kms.katalon.core.webui.keyword.builtin.SetTextKeyword.execute(SetTextKeyword.groovy:37)
	at com.kms.katalon.core.keyword.internal.KeywordExecutor.executeKeywordForPlatform(KeywordExecutor.groovy:74)
	at com.kms.katalon.core.webui.keyword.WebUiBuiltInKeywords.setText(WebUiBuiltInKeywords.groovy:980)
	at com.kms.katalon.core.webui.keyword.WebUiBuiltInKeywords$setText$9.call(Unknown Source)
	at Personal_Individual_MRF_TC.run(Personal_Individual_MRF_TC:127)
	at com.kms.katalon.core.main.ScriptEngine.run(ScriptEngine.java:194)
	at com.kms.katalon.core.main.ScriptEngine.runScriptAsRawText(ScriptEngine.java:119)
	at com.kms.katalon.core.main.TestCaseExecutor.runScript(TestCaseExecutor.java:448)
	at com.kms.katalon.core.main.TestCaseExecutor.doExecute(TestCaseExecutor.java:439)
	at com.kms.katalon.core.main.TestCaseExecutor.processExecutionPhase(TestCaseExecutor.java:418)
	at com.kms.katalon.core.main.TestCaseExecutor.accessMainPhase(TestCaseExecutor.java:410)
	at com.kms.katalon.core.main.TestCaseExecutor.execute(TestCaseExecutor.java:285)
	at com.kms.katalon.core.common.CommonExecutor.accessTestCaseMainPhase(CommonExecutor.java:65)
	at com.kms.katalon.core.main.TestSuiteExecutor.accessTestSuiteMainPhase(TestSuiteExecutor.java:148)
	at com.kms.katalon.core.main.TestSuiteExecutor.execute(TestSuiteExecutor.java:106)
	at com.kms.katalon.core.main.TestCaseMain.startTestSuite(TestCaseMain.java:187)
	at com.kms.katalon.core.main.TestCaseMain$startTestSuite$0.call(Unknown Source)
	at TempTestSuite1731019020691.run(TempTestSuite1731019020691.groovy:35)
Caused by: org.openqa.selenium.ElementNotInteractableException: element not interactable
  (Session info: chrome=130.0.6723.92)
Build info: version: '3.141.59', revision: 'e82be7d358', time: '2018-11-14T08:25:53'
System info: host: 'DESKTOP-B2QI6NS', ip: '172.31.253.185', os.name: 'Windows 10', os.arch: 'amd64', os.version: '10.0', java.version: '1.8.0_181'
Driver info: com.kms.katalon.selenium.driver.CChromeDriver
Capabilities {acceptInsecureCerts: true, browserName: chrome, browserVersion: 130.0.6723.92, chrome: {chromedriverVersion: 129.0.6668.89 (951c0b97221f..., userDataDir: C:\Users\imtiaz\AppData\Loc...}, fedcm:accounts: true, goog:chromeOptions: {debuggerAddress: localhost:55897}, javascriptEnabled: true, networkConnectionEnabled: false, pageLoadStrategy: normal, platform: WINDOWS, platformName: WINDOWS, proxy: Proxy(), setWindowRect: true, strictFileInteractability: false, timeouts: {implicit: 0, pageLoad: 300000, script: 30000}, unhandledPromptBehavior: dismiss and notify, webauthn:extension:credBlob: true, webauthn:extension:largeBlob: true, webauthn:extension:minPinLength: true, webauthn:extension:prf: true, webauthn:virtualAuthenticators: true}
Session ID: 89587cb5f9db5152d21d9855bcffe560
	at org.openqa.selenium.remote.http.W3CHttpResponseCodec.createException(W3CHttpResponseCodec.java:187)
	at org.openqa.selenium.remote.http.W3CHttpResponseCodec.decode(W3CHttpResponseCodec.java:122)
	at org.openqa.selenium.remote.http.W3CHttpResponseCodec.decode(W3CHttpResponseCodec.java:49)
	at org.openqa.selenium.remote.HttpCommandExecutor.execute(HttpCommandExecutor.java:158)
	at org.openqa.selenium.remote.service.DriverCommandExecutor.execute(DriverCommandExecutor.java:83)
	at org.openqa.selenium.remote.RemoteWebDriver.execute(RemoteWebDriver.java:552)
	at com.kms.katalon.selenium.driver.CChromeDriver.execute(CChromeDriver.java:19)
	at org.openqa.selenium.remote.RemoteWebElement.execute(RemoteWebElement.java:285)
	at org.openqa.selenium.remote.RemoteWebElement.clear(RemoteWebElement.java:124)
	at org.openqa.selenium.support.events.EventFiringWebDriver$EventFiringWebElement.lambda$new$0(EventFiringWebDriver.java:404)
	at com.sun.proxy.$Proxy11.clear(Unknown Source)
	at org.openqa.selenium.support.events.EventFiringWebDriver$EventFiringWebElement.clear(EventFiringWebDriver.java:436)
	at com.kms.katalon.core.webui.keyword.builtin.SetTextKeyword$_setText_closure1.doCall(SetTextKeyword.groovy:53)
	at com.kms.katalon.core.webui.keyword.builtin.SetTextKeyword$_setText_closure1.call(SetTextKeyword.groovy)
	at com.kms.katalon.core.webui.keyword.internal.WebUIKeywordMain.runKeyword(WebUIKeywordMain.groovy:20)
	at com.kms.katalon.core.webui.keyword.builtin.SetTextKeyword.setText(SetTextKeyword.groovy:66)
	at com.kms.katalon.core.webui.keyword.builtin.SetTextKeyword.execute(SetTextKeyword.groovy:37)
	at com.kms.katalon.core.keyword.internal.KeywordExecutor.executeKeywordForPlatform(KeywordExecutor.groovy:74)
	at com.kms.katalon.core.webui.keyword.WebUiBuiltInKeywords.setText(WebUiBuiltInKeywords.groovy:980)
	at com.kms.katalon.core.webui.keyword.WebUiBuiltInKeywords$setText$9.call(Unknown Source)
	at Script1696265299704.run(Script1696265299704.groovy:127)
	... 13 more
)

2024-11-07 18:33:37 - [MESSAGE][FAILED] - Unable to set text ' ' of object 'Object Repository/RAD_Pages/Taxpayer_Page/input_NewTax_ReTypeDecedentSSN' (Root cause: com.kms.katalon.core.exception.StepFailedException: Unable to set text ' ' of object 'Object Repository/RAD_Pages/Taxpayer_Page/input_NewTax_ReTypeDecedentSSN'
	at com.kms.katalon.core.webui.keyword.internal.WebUIKeywordMain.stepFailed(WebUIKeywordMain.groovy:64)
	at com.kms.katalon.core.webui.keyword.internal.WebUIKeywordMain.runKeyword(WebUIKeywordMain.groovy:26)
	at com.kms.katalon.core.webui.keyword.builtin.SetTextKeyword.setText(SetTextKeyword.groovy:66)
	at com.kms.katalon.core.webui.keyword.builtin.SetTextKeyword.execute(SetTextKeyword.groovy:37)
	at com.kms.katalon.core.keyword.internal.KeywordExecutor.executeKeywordForPlatform(KeywordExecutor.groovy:74)
	at com.kms.katalon.core.webui.keyword.WebUiBuiltInKeywords.setText(WebUiBuiltInKeywords.groovy:980)
	at com.kms.katalon.core.webui.keyword.WebUiBuiltInKeywords$setText$9.call(Unknown Source)
	at Personal_Individual_MRF_TC.run(Personal_Individual_MRF_TC:127)
	at com.kms.katalon.core.main.ScriptEngine.run(ScriptEngine.java:194)
	at com.kms.katalon.core.main.ScriptEngine.runScriptAsRawText(ScriptEngine.java:119)
	at com.kms.katalon.core.main.TestCaseExecutor.runScript(TestCaseExecutor.java:448)
	at com.kms.katalon.core.main.TestCaseExecutor.doExecute(TestCaseExecutor.java:439)
	at com.kms.katalon.core.main.TestCaseExecutor.processExecutionPhase(TestCaseExecutor.java:418)
	at com.kms.katalon.core.main.TestCaseExecutor.accessMainPhase(TestCaseExecutor.java:410)
	at com.kms.katalon.core.main.TestCaseExecutor.execute(TestCaseExecutor.java:285)
	at com.kms.katalon.core.common.CommonExecutor.accessTestCaseMainPhase(CommonExecutor.java:65)
	at com.kms.katalon.core.main.TestSuiteExecutor.accessTestSuiteMainPhase(TestSuiteExecutor.java:148)
	at com.kms.katalon.core.main.TestSuiteExecutor.execute(TestSuiteExecutor.java:106)
	at com.kms.katalon.core.main.TestCaseMain.startTestSuite(TestCaseMain.java:187)
	at com.kms.katalon.core.main.TestCaseMain$startTestSuite$0.call(Unknown Source)
	at TempTestSuite1731019020691.run(TempTestSuite1731019020691.groovy:35)
Caused by: org.openqa.selenium.ElementNotInteractableException: element not interactable
  (Session info: chrome=130.0.6723.92)
Build info: version: '3.141.59', revision: 'e82be7d358', time: '2018-11-14T08:25:53'
System info: host: 'DESKTOP-B2QI6NS', ip: '172.31.253.185', os.name: 'Windows 10', os.arch: 'amd64', os.version: '10.0', java.version: '1.8.0_181'
Driver info: com.kms.katalon.selenium.driver.CChromeDriver
Capabilities {acceptInsecureCerts: true, browserName: chrome, browserVersion: 130.0.6723.92, chrome: {chromedriverVersion: 129.0.6668.89 (951c0b97221f..., userDataDir: C:\Users\imtiaz\AppData\Loc...}, fedcm:accounts: true, goog:chromeOptions: {debuggerAddress: localhost:55897}, javascriptEnabled: true, networkConnectionEnabled: false, pageLoadStrategy: normal, platform: WINDOWS, platformName: WINDOWS, proxy: Proxy(), setWindowRect: true, strictFileInteractability: false, timeouts: {implicit: 0, pageLoad: 300000, script: 30000}, unhandledPromptBehavior: dismiss and notify, webauthn:extension:credBlob: true, webauthn:extension:largeBlob: true, webauthn:extension:minPinLength: true, webauthn:extension:prf: true, webauthn:virtualAuthenticators: true}
Session ID: 89587cb5f9db5152d21d9855bcffe560
	at org.openqa.selenium.remote.http.W3CHttpResponseCodec.createException(W3CHttpResponseCodec.java:187)
	at org.openqa.selenium.remote.http.W3CHttpResponseCodec.decode(W3CHttpResponseCodec.java:122)
	at org.openqa.selenium.remote.http.W3CHttpResponseCodec.decode(W3CHttpResponseCodec.java:49)
	at org.openqa.selenium.remote.HttpCommandExecutor.execute(HttpCommandExecutor.java:158)
	at org.openqa.selenium.remote.service.DriverCommandExecutor.execute(DriverCommandExecutor.java:83)
	at org.openqa.selenium.remote.RemoteWebDriver.execute(RemoteWebDriver.java:552)
	at com.kms.katalon.selenium.driver.CChromeDriver.execute(CChromeDriver.java:19)
	at org.openqa.selenium.remote.RemoteWebElement.execute(RemoteWebElement.java:285)
	at org.openqa.selenium.remote.RemoteWebElement.clear(RemoteWebElement.java:124)
	at org.openqa.selenium.support.events.EventFiringWebDriver$EventFiringWebElement.lambda$new$0(EventFiringWebDriver.java:404)
	at com.sun.proxy.$Proxy11.clear(Unknown Source)
	at org.openqa.selenium.support.events.EventFiringWebDriver$EventFiringWebElement.clear(EventFiringWebDriver.java:436)
	at com.kms.katalon.core.webui.keyword.builtin.SetTextKeyword$_setText_closure1.doCall(SetTextKeyword.groovy:53)
	at com.kms.katalon.core.webui.keyword.builtin.SetTextKeyword$_setText_closure1.call(SetTextKeyword.groovy)
	at com.kms.katalon.core.webui.keyword.internal.WebUIKeywordMain.runKeyword(WebUIKeywordMain.groovy:20)
	at com.kms.katalon.core.webui.keyword.builtin.SetTextKeyword.setText(SetTextKeyword.groovy:66)
	at com.kms.katalon.core.webui.keyword.builtin.SetTextKeyword.execute(SetTextKeyword.groovy:37)
	at com.kms.katalon.core.keyword.internal.KeywordExecutor.executeKeywordForPlatform(KeywordExecutor.groovy:74)
	at com.kms.katalon.core.webui.keyword.WebUiBuiltInKeywords.setText(WebUiBuiltInKeywords.groovy:980)
	at com.kms.katalon.core.webui.keyword.WebUiBuiltInKeywords$setText$9.call(Unknown Source)
	at Script1696265299704.run(Script1696265299704.groovy:127)
	... 13 more
)
[[ATTACHMENT|E:\\Cloned-Project-Katalon\\VPS-Katalon\\Reports\\20241107_173700\\RAD_TestSuite\\RAD_UI_TestSuite\\20241107_173700\\1731022417724.png]]

2024-11-07 18:33:37 - [TEST_STEP][PASSED] - setText(findTestObject(orPath_AddressContact + "/input_streetAddress1"), " "): Text ' ' is set on object 'Object Repository/RAD_Pages/AddressAndContactInfo_Page/input_streetAddress1'

2024-11-07 18:33:38 - [MESSAGE][PASSED] - Text ' ' is set on object 'Object Repository/RAD_Pages/AddressAndContactInfo_Page/input_streetAddress1'

2024-11-07 18:33:38 - [TEST_STEP][PASSED] - setText(findTestObject(orPath_AddressContact + "/input_city"), " "): Text ' ' is set on object 'Object Repository/RAD_Pages/AddressAndContactInfo_Page/input_city'

2024-11-07 18:33:39 - [MESSAGE][PASSED] - Text ' ' is set on object 'Object Repository/RAD_Pages/AddressAndContactInfo_Page/input_city'

2024-11-07 18:33:39 - [TEST_STEP][PASSED] - setText(findTestObject(orPath_AddressContact + "/input_zipCode"), " "): Text ' ' is set on object 'Object Repository/RAD_Pages/AddressAndContactInfo_Page/input_zipCode'

2024-11-07 18:33:40 - [MESSAGE][PASSED] - Text ' ' is set on object 'Object Repository/RAD_Pages/AddressAndContactInfo_Page/input_zipCode'

2024-11-07 18:33:40 - [TEST_STEP][PASSED] - setText(findTestObject(orPath_AddressContact + "/input_phoneNumber"), " "): Text ' ' is set on object 'Object Repository/RAD_Pages/AddressAndContactInfo_Page/input_phoneNumber'

2024-11-07 18:33:40 - [MESSAGE][PASSED] - Text ' ' is set on object 'Object Repository/RAD_Pages/AddressAndContactInfo_Page/input_phoneNumber'

2024-11-07 18:33:40 - [TEST_STEP][PASSED] - setText(findTestObject(orPath_AddressContact + "/input_eMailAddress"), " "): Text ' ' is set on object 'Object Repository/RAD_Pages/AddressAndContactInfo_Page/input_eMailAddress'

2024-11-07 18:33:41 - [MESSAGE][PASSED] - Text ' ' is set on object 'Object Repository/RAD_Pages/AddressAndContactInfo_Page/input_eMailAddress'

2024-11-07 18:33:41 - [TEST_STEP][PASSED] - setText(findTestObject(orPath_AddressContact + "/input_reEnterEMailAddress"), " "): Text ' ' is set on object 'Object Repository/RAD_Pages/AddressAndContactInfo_Page/input_reEnterEMailAddress'

2024-11-07 18:33:42 - [MESSAGE][PASSED] - Text ' ' is set on object 'Object Repository/RAD_Pages/AddressAndContactInfo_Page/input_reEnterEMailAddress'

2024-11-07 18:33:42 - [TEST_STEP][PASSED] - resText = "Fail": null

2024-11-07 18:33:42 - [TEST_STEP][PASSED] - pages.WriteExcel.demoKey(resText, datText, resColumn, datCloumn, fileLoc, nameSheet, row): pages.WriteExcel.demoKey is PASSED

2024-11-07 18:33:42 - [MESSAGE][PASSED] - pages.WriteExcel.demoKey is PASSED

2024-11-07 18:33:42 - [TEST_STEP][PASSED] - verifyTextPresent("Enter first name", true, CONTINUE_ON_FAILURE): Text 'Enter first name' is present on page  using regular expression

2024-11-07 18:33:42 - [MESSAGE][PASSED] - Text 'Enter first name' is present on page  using regular expression

2024-11-07 18:33:42 - [TEST_STEP][PASSED] - verifyTextPresent("Enter last name", true, CONTINUE_ON_FAILURE): Text 'Enter last name' is present on page  using regular expression

2024-11-07 18:33:43 - [MESSAGE][PASSED] - Text 'Enter last name' is present on page  using regular expression

2024-11-07 18:33:43 - [TEST_STEP][PASSED] - verifyTextPresent("Enter address", true, CONTINUE_ON_FAILURE): Text 'Enter address' is present on page  using regular expression

2024-11-07 18:33:43 - [MESSAGE][PASSED] - Text 'Enter address' is present on page  using regular expression

2024-11-07 18:33:43 - [TEST_STEP][PASSED] - verifyTextPresent("Enter city", true, CONTINUE_ON_FAILURE): Text 'Enter city' is present on page  using regular expression

2024-11-07 18:33:43 - [MESSAGE][PASSED] - Text 'Enter city' is present on page  using regular expression

2024-11-07 18:33:43 - [TEST_STEP][PASSED] - verifyTextPresent("Enter ZIP code", true, CONTINUE_ON_FAILURE): Text 'Enter ZIP code' is present on page  using regular expression

2024-11-07 18:33:44 - [MESSAGE][PASSED] - Text 'Enter ZIP code' is present on page  using regular expression

2024-11-07 18:33:44 - [TEST_STEP][PASSED] - verifyTextPresent("Enter a valid phone number", true, CONTINUE_ON_FAILURE): Text 'Enter a valid phone number' is present on page  using regular expression

2024-11-07 18:33:44 - [MESSAGE][PASSED] - Text 'Enter a valid phone number' is present on page  using regular expression

2024-11-07 18:33:44 - [TEST_STEP][PASSED] - verifyTextPresent("Enter Email", true, CONTINUE_ON_FAILURE): Text 'Enter Email' is present on page  using regular expression

2024-11-07 18:33:45 - [MESSAGE][PASSED] - Text 'Enter Email' is present on page  using regular expression

2024-11-07 18:33:45 - [TEST_STEP][FAILED] - if (TaxType.equalsIgnoreCase("Estate Tax")): null

2024-11-07 18:33:45 - [TEST_STEP][FAILED] - verifyTextPresent("Please enter a valid Decedent SSN with 9 digits", true, CONTINUE_ON_FAILURE): Text 'Please enter a valid Decedent SSN with 9 digits' is not present on page  using regular expression (Root cause: com.kms.katalon.core.exception.StepFailedException: Text 'Please enter a valid Decedent SSN with 9 digits' is not present on page  using regular expression
	at com.kms.katalon.core.webui.keyword.internal.WebUIKeywordMain.stepFailed(WebUIKeywordMain.groovy:64)
	at com.kms.katalon.core.webui.keyword.builtin.VerifyTextPresentKeyword$_verifyTextPresent_closure1.doCall(VerifyTextPresentKeyword.groovy:79)
	at com.kms.katalon.core.webui.keyword.builtin.VerifyTextPresentKeyword$_verifyTextPresent_closure1.call(VerifyTextPresentKeyword.groovy)
	at com.kms.katalon.core.webui.keyword.internal.WebUIKeywordMain.runKeyword(WebUIKeywordMain.groovy:20)
	at com.kms.katalon.core.webui.keyword.builtin.VerifyTextPresentKeyword.verifyTextPresent(VerifyTextPresentKeyword.groovy:83)
	at com.kms.katalon.core.webui.keyword.builtin.VerifyTextPresentKeyword.execute(VerifyTextPresentKeyword.groovy:68)
	at com.kms.katalon.core.keyword.internal.KeywordExecutor.executeKeywordForPlatform(KeywordExecutor.groovy:74)
	at com.kms.katalon.core.webui.keyword.WebUiBuiltInKeywords.verifyTextPresent(WebUiBuiltInKeywords.groovy:1707)
	at com.kms.katalon.core.webui.keyword.WebUiBuiltInKeywords$verifyTextPresent$11.call(Unknown Source)
	at Personal_Individual_MRF_TC.run(Personal_Individual_MRF_TC:164)
	at com.kms.katalon.core.main.ScriptEngine.run(ScriptEngine.java:194)
	at com.kms.katalon.core.main.ScriptEngine.runScriptAsRawText(ScriptEngine.java:119)
	at com.kms.katalon.core.main.TestCaseExecutor.runScript(TestCaseExecutor.java:448)
	at com.kms.katalon.core.main.TestCaseExecutor.doExecute(TestCaseExecutor.java:439)
	at com.kms.katalon.core.main.TestCaseExecutor.processExecutionPhase(TestCaseExecutor.java:418)
	at com.kms.katalon.core.main.TestCaseExecutor.accessMainPhase(TestCaseExecutor.java:410)
	at com.kms.katalon.core.main.TestCaseExecutor.execute(TestCaseExecutor.java:285)
	at com.kms.katalon.core.common.CommonExecutor.accessTestCaseMainPhase(CommonExecutor.java:65)
	at com.kms.katalon.core.main.TestSuiteExecutor.accessTestSuiteMainPhase(TestSuiteExecutor.java:148)
	at com.kms.katalon.core.main.TestSuiteExecutor.execute(TestSuiteExecutor.java:106)
	at com.kms.katalon.core.main.TestCaseMain.startTestSuite(TestCaseMain.java:187)
	at com.kms.katalon.core.main.TestCaseMain$startTestSuite$0.call(Unknown Source)
	at TempTestSuite1731019020691.run(TempTestSuite1731019020691.groovy:35)
)

2024-11-07 18:33:45 - [MESSAGE][FAILED] - Text 'Please enter a valid Decedent SSN with 9 digits' is not present on page  using regular expression (Root cause: com.kms.katalon.core.exception.StepFailedException: Text 'Please enter a valid Decedent SSN with 9 digits' is not present on page  using regular expression
	at com.kms.katalon.core.webui.keyword.internal.WebUIKeywordMain.stepFailed(WebUIKeywordMain.groovy:64)
	at com.kms.katalon.core.webui.keyword.builtin.VerifyTextPresentKeyword$_verifyTextPresent_closure1.doCall(VerifyTextPresentKeyword.groovy:79)
	at com.kms.katalon.core.webui.keyword.builtin.VerifyTextPresentKeyword$_verifyTextPresent_closure1.call(VerifyTextPresentKeyword.groovy)
	at com.kms.katalon.core.webui.keyword.internal.WebUIKeywordMain.runKeyword(WebUIKeywordMain.groovy:20)
	at com.kms.katalon.core.webui.keyword.builtin.VerifyTextPresentKeyword.verifyTextPresent(VerifyTextPresentKeyword.groovy:83)
	at com.kms.katalon.core.webui.keyword.builtin.VerifyTextPresentKeyword.execute(VerifyTextPresentKeyword.groovy:68)
	at com.kms.katalon.core.keyword.internal.KeywordExecutor.executeKeywordForPlatform(KeywordExecutor.groovy:74)
	at com.kms.katalon.core.webui.keyword.WebUiBuiltInKeywords.verifyTextPresent(WebUiBuiltInKeywords.groovy:1707)
	at com.kms.katalon.core.webui.keyword.WebUiBuiltInKeywords$verifyTextPresent$11.call(Unknown Source)
	at Personal_Individual_MRF_TC.run(Personal_Individual_MRF_TC:164)
	at com.kms.katalon.core.main.ScriptEngine.run(ScriptEngine.java:194)
	at com.kms.katalon.core.main.ScriptEngine.runScriptAsRawText(ScriptEngine.java:119)
	at com.kms.katalon.core.main.TestCaseExecutor.runScript(TestCaseExecutor.java:448)
	at com.kms.katalon.core.main.TestCaseExecutor.doExecute(TestCaseExecutor.java:439)
	at com.kms.katalon.core.main.TestCaseExecutor.processExecutionPhase(TestCaseExecutor.java:418)
	at com.kms.katalon.core.main.TestCaseExecutor.accessMainPhase(TestCaseExecutor.java:410)
	at com.kms.katalon.core.main.TestCaseExecutor.execute(TestCaseExecutor.java:285)
	at com.kms.katalon.core.common.CommonExecutor.accessTestCaseMainPhase(CommonExecutor.java:65)
	at com.kms.katalon.core.main.TestSuiteExecutor.accessTestSuiteMainPhase(TestSuiteExecutor.java:148)
	at com.kms.katalon.core.main.TestSuiteExecutor.execute(TestSuiteExecutor.java:106)
	at com.kms.katalon.core.main.TestCaseMain.startTestSuite(TestCaseMain.java:187)
	at com.kms.katalon.core.main.TestCaseMain$startTestSuite$0.call(Unknown Source)
	at TempTestSuite1731019020691.run(TempTestSuite1731019020691.groovy:35)
)

2024-11-07 18:33:45 - [TEST_STEP][FAILED] - verifyTextPresent("Re-type Decedent SSN Validation Error", true, CONTINUE_ON_FAILURE): Text 'Re-type Decedent SSN Validation Error' is not present on page  using regular expression (Root cause: com.kms.katalon.core.exception.StepFailedException: Text 'Re-type Decedent SSN Validation Error' is not present on page  using regular expression
	at com.kms.katalon.core.webui.keyword.internal.WebUIKeywordMain.stepFailed(WebUIKeywordMain.groovy:64)
	at com.kms.katalon.core.webui.keyword.builtin.VerifyTextPresentKeyword$_verifyTextPresent_closure1.doCall(VerifyTextPresentKeyword.groovy:79)
	at com.kms.katalon.core.webui.keyword.builtin.VerifyTextPresentKeyword$_verifyTextPresent_closure1.call(VerifyTextPresentKeyword.groovy)
	at com.kms.katalon.core.webui.keyword.internal.WebUIKeywordMain.runKeyword(WebUIKeywordMain.groovy:20)
	at com.kms.katalon.core.webui.keyword.builtin.VerifyTextPresentKeyword.verifyTextPresent(VerifyTextPresentKeyword.groovy:83)
	at com.kms.katalon.core.webui.keyword.builtin.VerifyTextPresentKeyword.execute(VerifyTextPresentKeyword.groovy:68)
	at com.kms.katalon.core.keyword.internal.KeywordExecutor.executeKeywordForPlatform(KeywordExecutor.groovy:74)
	at com.kms.katalon.core.webui.keyword.WebUiBuiltInKeywords.verifyTextPresent(WebUiBuiltInKeywords.groovy:1707)
	at com.kms.katalon.core.webui.keyword.WebUiBuiltInKeywords$verifyTextPresent$11.call(Unknown Source)
	at Personal_Individual_MRF_TC.run(Personal_Individual_MRF_TC:165)
	at com.kms.katalon.core.main.ScriptEngine.run(ScriptEngine.java:194)
	at com.kms.katalon.core.main.ScriptEngine.runScriptAsRawText(ScriptEngine.java:119)
	at com.kms.katalon.core.main.TestCaseExecutor.runScript(TestCaseExecutor.java:448)
	at com.kms.katalon.core.main.TestCaseExecutor.doExecute(TestCaseExecutor.java:439)
	at com.kms.katalon.core.main.TestCaseExecutor.processExecutionPhase(TestCaseExecutor.java:418)
	at com.kms.katalon.core.main.TestCaseExecutor.accessMainPhase(TestCaseExecutor.java:410)
	at com.kms.katalon.core.main.TestCaseExecutor.execute(TestCaseExecutor.java:285)
	at com.kms.katalon.core.common.CommonExecutor.accessTestCaseMainPhase(CommonExecutor.java:65)
	at com.kms.katalon.core.main.TestSuiteExecutor.accessTestSuiteMainPhase(TestSuiteExecutor.java:148)
	at com.kms.katalon.core.main.TestSuiteExecutor.execute(TestSuiteExecutor.java:106)
	at com.kms.katalon.core.main.TestCaseMain.startTestSuite(TestCaseMain.java:187)
	at com.kms.katalon.core.main.TestCaseMain$startTestSuite$0.call(Unknown Source)
	at TempTestSuite1731019020691.run(TempTestSuite1731019020691.groovy:35)
)

2024-11-07 18:33:45 - [MESSAGE][FAILED] - Text 'Re-type Decedent SSN Validation Error' is not present on page  using regular expression (Root cause: com.kms.katalon.core.exception.StepFailedException: Text 'Re-type Decedent SSN Validation Error' is not present on page  using regular expression
	at com.kms.katalon.core.webui.keyword.internal.WebUIKeywordMain.stepFailed(WebUIKeywordMain.groovy:64)
	at com.kms.katalon.core.webui.keyword.builtin.VerifyTextPresentKeyword$_verifyTextPresent_closure1.doCall(VerifyTextPresentKeyword.groovy:79)
	at com.kms.katalon.core.webui.keyword.builtin.VerifyTextPresentKeyword$_verifyTextPresent_closure1.call(VerifyTextPresentKeyword.groovy)
	at com.kms.katalon.core.webui.keyword.internal.WebUIKeywordMain.runKeyword(WebUIKeywordMain.groovy:20)
	at com.kms.katalon.core.webui.keyword.builtin.VerifyTextPresentKeyword.verifyTextPresent(VerifyTextPresentKeyword.groovy:83)
	at com.kms.katalon.core.webui.keyword.builtin.VerifyTextPresentKeyword.execute(VerifyTextPresentKeyword.groovy:68)
	at com.kms.katalon.core.keyword.internal.KeywordExecutor.executeKeywordForPlatform(KeywordExecutor.groovy:74)
	at com.kms.katalon.core.webui.keyword.WebUiBuiltInKeywords.verifyTextPresent(WebUiBuiltInKeywords.groovy:1707)
	at com.kms.katalon.core.webui.keyword.WebUiBuiltInKeywords$verifyTextPresent$11.call(Unknown Source)
	at Personal_Individual_MRF_TC.run(Personal_Individual_MRF_TC:165)
	at com.kms.katalon.core.main.ScriptEngine.run(ScriptEngine.java:194)
	at com.kms.katalon.core.main.ScriptEngine.runScriptAsRawText(ScriptEngine.java:119)
	at com.kms.katalon.core.main.TestCaseExecutor.runScript(TestCaseExecutor.java:448)
	at com.kms.katalon.core.main.TestCaseExecutor.doExecute(TestCaseExecutor.java:439)
	at com.kms.katalon.core.main.TestCaseExecutor.processExecutionPhase(TestCaseExecutor.java:418)
	at com.kms.katalon.core.main.TestCaseExecutor.accessMainPhase(TestCaseExecutor.java:410)
	at com.kms.katalon.core.main.TestCaseExecutor.execute(TestCaseExecutor.java:285)
	at com.kms.katalon.core.common.CommonExecutor.accessTestCaseMainPhase(CommonExecutor.java:65)
	at com.kms.katalon.core.main.TestSuiteExecutor.accessTestSuiteMainPhase(TestSuiteExecutor.java:148)
	at com.kms.katalon.core.main.TestSuiteExecutor.execute(TestSuiteExecutor.java:106)
	at com.kms.katalon.core.main.TestCaseMain.startTestSuite(TestCaseMain.java:187)
	at com.kms.katalon.core.main.TestCaseMain$startTestSuite$0.call(Unknown Source)
	at TempTestSuite1731019020691.run(TempTestSuite1731019020691.groovy:35)
)

2024-11-07 18:33:45 - [TEST_STEP][PASSED] - resText = "Pass": null

2024-11-07 18:33:45 - [TEST_STEP][PASSED] - pages.WriteExcel.demoKey(resText, datText, resColumn, datCloumn, fileLoc, nameSheet, row): pages.WriteExcel.demoKey is PASSED

2024-11-07 18:33:45 - [MESSAGE][PASSED] - pages.WriteExcel.demoKey is PASSED

2024-11-07 18:33:45 - [TEST_STEP][PASSED] - ExecuteTC = findTestData(dataFile).getValue("Execute", row): null

2024-11-07 18:33:45 - [TEST_STEP][PASSED] - TaxType = findTestData(dataFile).getValue("TaxType", row): null

2024-11-07 18:33:45 - [TEST_STEP][PASSED] - PaymentType = findTestData(dataFile).getValue("PaymentType", row): null

2024-11-07 18:33:46 - [TEST_STEP][PASSED] - FilingYear = findTestData(dataFile).getValue("Year", row): null

2024-11-07 18:33:46 - [TEST_STEP][FAILED] - if (ExecuteTC.equalsIgnoreCase("Y")): null

2024-11-07 18:33:46 - [TEST_STEP][PASSED] - out.println("Begin Record Number: " + row): null

2024-11-07 18:33:46 - [TEST_STEP][PASSED] - today = new java.util.Date(): null

2024-11-07 18:33:46 - [TEST_STEP][PASSED] - println(today): null

2024-11-07 18:33:46 - [TEST_STEP][PASSED] - datText = today: null

2024-11-07 18:33:46 - [TEST_STEP][PASSED] - logInfo("Payment Type: " + PaymentType): Payment Type: New Tax Return Amount Due

2024-11-07 18:33:46 - [MESSAGE][INFO] - Payment Type: New Tax Return Amount Due

2024-11-07 18:33:46 - [TEST_STEP][PASSED] - logInfo("Tax Type: " + TaxType): Tax Type: Estate Tax

2024-11-07 18:33:46 - [MESSAGE][INFO] - Tax Type: Estate Tax

2024-11-07 18:33:46 - [TEST_STEP][PASSED] - openBrowser(""): Browser is opened with url: ''

2024-11-07 18:33:46 - [MESSAGE][WARNING] - A browser is already opened. Closing browser and opening a new one

2024-11-07 18:33:47 - [MESSAGE][INFO] - Starting 'Chrome' driver

2024-11-07 18:33:47 - [MESSAGE][INFO] - User set preference: ['acceptInsecureCerts', 'true']

2024-11-07 18:33:47 - [MESSAGE][INFO] - Action delay is set to 0 milliseconds

2024-11-07 18:33:49 - [MESSAGE][PASSED] - Browser is opened with url: ''

2024-11-07 18:33:49 - [TEST_STEP][PASSED] - maximizeWindow(): Current window maximized

2024-11-07 18:33:49 - [MESSAGE][PASSED] - Current window maximized

2024-11-07 18:33:49 - [TEST_STEP][PASSED] - navigateToUrl(RADurl): Navigate to 'https://www.velocitypayment.com/client/rad/index.html' successfully

2024-11-07 18:33:51 - [MESSAGE][PASSED] - Navigate to 'https://www.velocitypayment.com/client/rad/index.html' successfully

2024-11-07 18:33:51 - [TEST_STEP][PASSED] - selectOptionByLabel(findTestObject(orPath_Landing + "/dd_TaxType"), PaymentType, false): All options with label 'New Tax Return Amount Due' are selected in object 'Object Repository/RAD_Pages/Landing_Page/dd_TaxType' 

2024-11-07 18:33:52 - [MESSAGE][PASSED] - All options with label 'New Tax Return Amount Due' are selected in object 'Object Repository/RAD_Pages/Landing_Page/dd_TaxType' 

2024-11-07 18:33:52 - [TEST_STEP][FAILED] - switch (PaymentType): null

2024-11-07 18:33:52 - [TEST_STEP][FAILED] - case "New Tax Return Amount Due":: null

2024-11-07 18:33:52 - [TEST_STEP][FAILED] - selectOptionByLabel(findTestObject("Object Repository/RAD_Pages/Landing_Page/select_NewTaxReturnAmountDue_TaxType"), TaxType, false): Unable to select option by label 'Estate Tax' of object 'Object Repository/RAD_Pages/Landing_Page/select_NewTaxReturnAmountDue_TaxType'  (Root cause: com.kms.katalon.core.exception.StepFailedException: Unable to select option by label 'Estate Tax' of object 'Object Repository/RAD_Pages/Landing_Page/select_NewTaxReturnAmountDue_TaxType' 
	at com.kms.katalon.core.webui.keyword.internal.WebUIKeywordMain.stepFailed(WebUIKeywordMain.groovy:64)
	at com.kms.katalon.core.webui.keyword.internal.WebUIKeywordMain.runKeyword(WebUIKeywordMain.groovy:26)
	at com.kms.katalon.core.webui.keyword.builtin.SelectOptionByLabelKeyword.selectOptionByLabel(SelectOptionByLabelKeyword.groovy:98)
	at com.kms.katalon.core.webui.keyword.builtin.SelectOptionByLabelKeyword.execute(SelectOptionByLabelKeyword.groovy:71)
	at com.kms.katalon.core.keyword.internal.KeywordExecutor.executeKeywordForPlatform(KeywordExecutor.groovy:74)
	at com.kms.katalon.core.webui.keyword.WebUiBuiltInKeywords.selectOptionByLabel(WebUiBuiltInKeywords.groovy:1230)
	at com.kms.katalon.core.webui.keyword.WebUiBuiltInKeywords$selectOptionByLabel$2.call(Unknown Source)
	at Personal_Individual_MRF_TC.run(Personal_Individual_MRF_TC:100)
	at com.kms.katalon.core.main.ScriptEngine.run(ScriptEngine.java:194)
	at com.kms.katalon.core.main.ScriptEngine.runScriptAsRawText(ScriptEngine.java:119)
	at com.kms.katalon.core.main.TestCaseExecutor.runScript(TestCaseExecutor.java:448)
	at com.kms.katalon.core.main.TestCaseExecutor.doExecute(TestCaseExecutor.java:439)
	at com.kms.katalon.core.main.TestCaseExecutor.processExecutionPhase(TestCaseExecutor.java:418)
	at com.kms.katalon.core.main.TestCaseExecutor.accessMainPhase(TestCaseExecutor.java:410)
	at com.kms.katalon.core.main.TestCaseExecutor.execute(TestCaseExecutor.java:285)
	at com.kms.katalon.core.common.CommonExecutor.accessTestCaseMainPhase(CommonExecutor.java:65)
	at com.kms.katalon.core.main.TestSuiteExecutor.accessTestSuiteMainPhase(TestSuiteExecutor.java:148)
	at com.kms.katalon.core.main.TestSuiteExecutor.execute(TestSuiteExecutor.java:106)
	at com.kms.katalon.core.main.TestCaseMain.startTestSuite(TestCaseMain.java:187)
	at com.kms.katalon.core.main.TestCaseMain$startTestSuite$0.call(Unknown Source)
	at TempTestSuite1731019020691.run(TempTestSuite1731019020691.groovy:35)
Caused by: org.openqa.selenium.NoSuchElementException: Cannot locate element with text: Estate Tax
For documentation on this error, please visit: https://www.seleniumhq.org/exceptions/no_such_element.html
Build info: version: '3.141.59', revision: 'e82be7d358', time: '2018-11-14T08:25:53'
System info: host: 'DESKTOP-B2QI6NS', ip: '172.31.253.185', os.name: 'Windows 10', os.arch: 'amd64', os.version: '10.0', java.version: '1.8.0_181'
Driver info: driver.version: unknown
	at org.openqa.selenium.support.ui.Select.selectByVisibleText(Select.java:147)
	at com.kms.katalon.core.webui.common.WebUiCommonHelper.selectOrDeselectOptionsByLabel(WebUiCommonHelper.java:310)
	at com.kms.katalon.core.webui.keyword.builtin.SelectOptionByLabelKeyword$_selectOptionByLabel_closure1.doCall(SelectOptionByLabelKeyword.groovy:87)
	at com.kms.katalon.core.webui.keyword.builtin.SelectOptionByLabelKeyword$_selectOptionByLabel_closure1.call(SelectOptionByLabelKeyword.groovy)
	at com.kms.katalon.core.webui.keyword.internal.WebUIKeywordMain.runKeyword(WebUIKeywordMain.groovy:20)
	at com.kms.katalon.core.webui.keyword.builtin.SelectOptionByLabelKeyword.selectOptionByLabel(SelectOptionByLabelKeyword.groovy:98)
	at com.kms.katalon.core.webui.keyword.builtin.SelectOptionByLabelKeyword.execute(SelectOptionByLabelKeyword.groovy:71)
	at com.kms.katalon.core.keyword.internal.KeywordExecutor.executeKeywordForPlatform(KeywordExecutor.groovy:74)
	at com.kms.katalon.core.webui.keyword.WebUiBuiltInKeywords.selectOptionByLabel(WebUiBuiltInKeywords.groovy:1230)
	at com.kms.katalon.core.webui.keyword.WebUiBuiltInKeywords$selectOptionByLabel$2.call(Unknown Source)
	at Script1696265299704.run(Script1696265299704.groovy:100)
	... 13 more
)

2024-11-07 18:33:53 - [MESSAGE][FAILED] - Unable to select option by label 'Estate Tax' of object 'Object Repository/RAD_Pages/Landing_Page/select_NewTaxReturnAmountDue_TaxType'  (Root cause: com.kms.katalon.core.exception.StepFailedException: Unable to select option by label 'Estate Tax' of object 'Object Repository/RAD_Pages/Landing_Page/select_NewTaxReturnAmountDue_TaxType' 
	at com.kms.katalon.core.webui.keyword.internal.WebUIKeywordMain.stepFailed(WebUIKeywordMain.groovy:64)
	at com.kms.katalon.core.webui.keyword.internal.WebUIKeywordMain.runKeyword(WebUIKeywordMain.groovy:26)
	at com.kms.katalon.core.webui.keyword.builtin.SelectOptionByLabelKeyword.selectOptionByLabel(SelectOptionByLabelKeyword.groovy:98)
	at com.kms.katalon.core.webui.keyword.builtin.SelectOptionByLabelKeyword.execute(SelectOptionByLabelKeyword.groovy:71)
	at com.kms.katalon.core.keyword.internal.KeywordExecutor.executeKeywordForPlatform(KeywordExecutor.groovy:74)
	at com.kms.katalon.core.webui.keyword.WebUiBuiltInKeywords.selectOptionByLabel(WebUiBuiltInKeywords.groovy:1230)
	at com.kms.katalon.core.webui.keyword.WebUiBuiltInKeywords$selectOptionByLabel$2.call(Unknown Source)
	at Personal_Individual_MRF_TC.run(Personal_Individual_MRF_TC:100)
	at com.kms.katalon.core.main.ScriptEngine.run(ScriptEngine.java:194)
	at com.kms.katalon.core.main.ScriptEngine.runScriptAsRawText(ScriptEngine.java:119)
	at com.kms.katalon.core.main.TestCaseExecutor.runScript(TestCaseExecutor.java:448)
	at com.kms.katalon.core.main.TestCaseExecutor.doExecute(TestCaseExecutor.java:439)
	at com.kms.katalon.core.main.TestCaseExecutor.processExecutionPhase(TestCaseExecutor.java:418)
	at com.kms.katalon.core.main.TestCaseExecutor.accessMainPhase(TestCaseExecutor.java:410)
	at com.kms.katalon.core.main.TestCaseExecutor.execute(TestCaseExecutor.java:285)
	at com.kms.katalon.core.common.CommonExecutor.accessTestCaseMainPhase(CommonExecutor.java:65)
	at com.kms.katalon.core.main.TestSuiteExecutor.accessTestSuiteMainPhase(TestSuiteExecutor.java:148)
	at com.kms.katalon.core.main.TestSuiteExecutor.execute(TestSuiteExecutor.java:106)
	at com.kms.katalon.core.main.TestCaseMain.startTestSuite(TestCaseMain.java:187)
	at com.kms.katalon.core.main.TestCaseMain$startTestSuite$0.call(Unknown Source)
	at TempTestSuite1731019020691.run(TempTestSuite1731019020691.groovy:35)
Caused by: org.openqa.selenium.NoSuchElementException: Cannot locate element with text: Estate Tax
For documentation on this error, please visit: https://www.seleniumhq.org/exceptions/no_such_element.html
Build info: version: '3.141.59', revision: 'e82be7d358', time: '2018-11-14T08:25:53'
System info: host: 'DESKTOP-B2QI6NS', ip: '172.31.253.185', os.name: 'Windows 10', os.arch: 'amd64', os.version: '10.0', java.version: '1.8.0_181'
Driver info: driver.version: unknown
	at org.openqa.selenium.support.ui.Select.selectByVisibleText(Select.java:147)
	at com.kms.katalon.core.webui.common.WebUiCommonHelper.selectOrDeselectOptionsByLabel(WebUiCommonHelper.java:310)
	at com.kms.katalon.core.webui.keyword.builtin.SelectOptionByLabelKeyword$_selectOptionByLabel_closure1.doCall(SelectOptionByLabelKeyword.groovy:87)
	at com.kms.katalon.core.webui.keyword.builtin.SelectOptionByLabelKeyword$_selectOptionByLabel_closure1.call(SelectOptionByLabelKeyword.groovy)
	at com.kms.katalon.core.webui.keyword.internal.WebUIKeywordMain.runKeyword(WebUIKeywordMain.groovy:20)
	at com.kms.katalon.core.webui.keyword.builtin.SelectOptionByLabelKeyword.selectOptionByLabel(SelectOptionByLabelKeyword.groovy:98)
	at com.kms.katalon.core.webui.keyword.builtin.SelectOptionByLabelKeyword.execute(SelectOptionByLabelKeyword.groovy:71)
	at com.kms.katalon.core.keyword.internal.KeywordExecutor.executeKeywordForPlatform(KeywordExecutor.groovy:74)
	at com.kms.katalon.core.webui.keyword.WebUiBuiltInKeywords.selectOptionByLabel(WebUiBuiltInKeywords.groovy:1230)
	at com.kms.katalon.core.webui.keyword.WebUiBuiltInKeywords$selectOptionByLabel$2.call(Unknown Source)
	at Script1696265299704.run(Script1696265299704.groovy:100)
	... 13 more
)
[[ATTACHMENT|E:\\Cloned-Project-Katalon\\VPS-Katalon\\Reports\\20241107_173700\\RAD_TestSuite\\RAD_UI_TestSuite\\20241107_173700\\1731022433619.png]]

2024-11-07 18:33:53 - [TEST_STEP][PASSED] - break: null

2024-11-07 18:33:53 - [TEST_STEP][PASSED] - if (!(FilingYear.isEmpty())): All options with label '2022' are selected in object 'Object Repository/RAD_Pages/TaxTypeFilingYear_Page/select_FilingYear' 

2024-11-07 18:33:53 - [TEST_STEP][PASSED] - selectOptionByLabel(findTestObject(orPath_TaxTypeFilingYear + "/select_FilingYear"), FilingYear, false): All options with label '2022' are selected in object 'Object Repository/RAD_Pages/TaxTypeFilingYear_Page/select_FilingYear' 

2024-11-07 18:33:54 - [MESSAGE][PASSED] - All options with label '2022' are selected in object 'Object Repository/RAD_Pages/TaxTypeFilingYear_Page/select_FilingYear' 

2024-11-07 18:33:54 - [TEST_STEP][PASSED] - setText(findTestObject(orPath_TaxPayer + "/input_firstName"), " "): Text ' ' is set on object 'Object Repository/RAD_Pages/Taxpayer_Page/input_firstName'

2024-11-07 18:33:55 - [MESSAGE][PASSED] - Text ' ' is set on object 'Object Repository/RAD_Pages/Taxpayer_Page/input_firstName'

2024-11-07 18:33:55 - [TEST_STEP][PASSED] - setText(findTestObject(orPath_TaxPayer + "/input_lastName"), " "): Text ' ' is set on object 'Object Repository/RAD_Pages/Taxpayer_Page/input_lastName'

2024-11-07 18:33:55 - [MESSAGE][PASSED] - Text ' ' is set on object 'Object Repository/RAD_Pages/Taxpayer_Page/input_lastName'

2024-11-07 18:33:55 - [TEST_STEP][FAILED] - if (TaxType.equalsIgnoreCase("Estate Tax")): null

2024-11-07 18:33:55 - [TEST_STEP][FAILED] - setText(findTestObject(orPath_TaxPayer + "/input_NewTax_DecedentSSN"), " "): Unable to set text ' ' of object 'Object Repository/RAD_Pages/Taxpayer_Page/input_NewTax_DecedentSSN' (Root cause: com.kms.katalon.core.exception.StepFailedException: Unable to set text ' ' of object 'Object Repository/RAD_Pages/Taxpayer_Page/input_NewTax_DecedentSSN'
	at com.kms.katalon.core.webui.keyword.internal.WebUIKeywordMain.stepFailed(WebUIKeywordMain.groovy:64)
	at com.kms.katalon.core.webui.keyword.internal.WebUIKeywordMain.runKeyword(WebUIKeywordMain.groovy:26)
	at com.kms.katalon.core.webui.keyword.builtin.SetTextKeyword.setText(SetTextKeyword.groovy:66)
	at com.kms.katalon.core.webui.keyword.builtin.SetTextKeyword.execute(SetTextKeyword.groovy:37)
	at com.kms.katalon.core.keyword.internal.KeywordExecutor.executeKeywordForPlatform(KeywordExecutor.groovy:74)
	at com.kms.katalon.core.webui.keyword.WebUiBuiltInKeywords.setText(WebUiBuiltInKeywords.groovy:980)
	at com.kms.katalon.core.webui.keyword.WebUiBuiltInKeywords$setText$9.call(Unknown Source)
	at Personal_Individual_MRF_TC.run(Personal_Individual_MRF_TC:126)
	at com.kms.katalon.core.main.ScriptEngine.run(ScriptEngine.java:194)
	at com.kms.katalon.core.main.ScriptEngine.runScriptAsRawText(ScriptEngine.java:119)
	at com.kms.katalon.core.main.TestCaseExecutor.runScript(TestCaseExecutor.java:448)
	at com.kms.katalon.core.main.TestCaseExecutor.doExecute(TestCaseExecutor.java:439)
	at com.kms.katalon.core.main.TestCaseExecutor.processExecutionPhase(TestCaseExecutor.java:418)
	at com.kms.katalon.core.main.TestCaseExecutor.accessMainPhase(TestCaseExecutor.java:410)
	at com.kms.katalon.core.main.TestCaseExecutor.execute(TestCaseExecutor.java:285)
	at com.kms.katalon.core.common.CommonExecutor.accessTestCaseMainPhase(CommonExecutor.java:65)
	at com.kms.katalon.core.main.TestSuiteExecutor.accessTestSuiteMainPhase(TestSuiteExecutor.java:148)
	at com.kms.katalon.core.main.TestSuiteExecutor.execute(TestSuiteExecutor.java:106)
	at com.kms.katalon.core.main.TestCaseMain.startTestSuite(TestCaseMain.java:187)
	at com.kms.katalon.core.main.TestCaseMain$startTestSuite$0.call(Unknown Source)
	at TempTestSuite1731019020691.run(TempTestSuite1731019020691.groovy:35)
Caused by: org.openqa.selenium.ElementNotInteractableException: element not interactable
  (Session info: chrome=130.0.6723.92)
Build info: version: '3.141.59', revision: 'e82be7d358', time: '2018-11-14T08:25:53'
System info: host: 'DESKTOP-B2QI6NS', ip: '172.31.253.185', os.name: 'Windows 10', os.arch: 'amd64', os.version: '10.0', java.version: '1.8.0_181'
Driver info: com.kms.katalon.selenium.driver.CChromeDriver
Capabilities {acceptInsecureCerts: true, browserName: chrome, browserVersion: 130.0.6723.92, chrome: {chromedriverVersion: 129.0.6668.89 (951c0b97221f..., userDataDir: C:\Users\imtiaz\AppData\Loc...}, fedcm:accounts: true, goog:chromeOptions: {debuggerAddress: localhost:55971}, javascriptEnabled: true, networkConnectionEnabled: false, pageLoadStrategy: normal, platform: WINDOWS, platformName: WINDOWS, proxy: Proxy(), setWindowRect: true, strictFileInteractability: false, timeouts: {implicit: 0, pageLoad: 300000, script: 30000}, unhandledPromptBehavior: dismiss and notify, webauthn:extension:credBlob: true, webauthn:extension:largeBlob: true, webauthn:extension:minPinLength: true, webauthn:extension:prf: true, webauthn:virtualAuthenticators: true}
Session ID: fb2496194ae19342a3dc772507a5f19a
	at org.openqa.selenium.remote.http.W3CHttpResponseCodec.createException(W3CHttpResponseCodec.java:187)
	at org.openqa.selenium.remote.http.W3CHttpResponseCodec.decode(W3CHttpResponseCodec.java:122)
	at org.openqa.selenium.remote.http.W3CHttpResponseCodec.decode(W3CHttpResponseCodec.java:49)
	at org.openqa.selenium.remote.HttpCommandExecutor.execute(HttpCommandExecutor.java:158)
	at org.openqa.selenium.remote.service.DriverCommandExecutor.execute(DriverCommandExecutor.java:83)
	at org.openqa.selenium.remote.RemoteWebDriver.execute(RemoteWebDriver.java:552)
	at com.kms.katalon.selenium.driver.CChromeDriver.execute(CChromeDriver.java:19)
	at org.openqa.selenium.remote.RemoteWebElement.execute(RemoteWebElement.java:285)
	at org.openqa.selenium.remote.RemoteWebElement.clear(RemoteWebElement.java:124)
	at org.openqa.selenium.support.events.EventFiringWebDriver$EventFiringWebElement.lambda$new$0(EventFiringWebDriver.java:404)
	at com.sun.proxy.$Proxy11.clear(Unknown Source)
	at org.openqa.selenium.support.events.EventFiringWebDriver$EventFiringWebElement.clear(EventFiringWebDriver.java:436)
	at com.kms.katalon.core.webui.keyword.builtin.SetTextKeyword$_setText_closure1.doCall(SetTextKeyword.groovy:53)
	at com.kms.katalon.core.webui.keyword.builtin.SetTextKeyword$_setText_closure1.call(SetTextKeyword.groovy)
	at com.kms.katalon.core.webui.keyword.internal.WebUIKeywordMain.runKeyword(WebUIKeywordMain.groovy:20)
	at com.kms.katalon.core.webui.keyword.builtin.SetTextKeyword.setText(SetTextKeyword.groovy:66)
	at com.kms.katalon.core.webui.keyword.builtin.SetTextKeyword.execute(SetTextKeyword.groovy:37)
	at com.kms.katalon.core.keyword.internal.KeywordExecutor.executeKeywordForPlatform(KeywordExecutor.groovy:74)
	at com.kms.katalon.core.webui.keyword.WebUiBuiltInKeywords.setText(WebUiBuiltInKeywords.groovy:980)
	at com.kms.katalon.core.webui.keyword.WebUiBuiltInKeywords$setText$9.call(Unknown Source)
	at Script1696265299704.run(Script1696265299704.groovy:126)
	... 13 more
)

2024-11-07 18:33:56 - [MESSAGE][FAILED] - Unable to set text ' ' of object 'Object Repository/RAD_Pages/Taxpayer_Page/input_NewTax_DecedentSSN' (Root cause: com.kms.katalon.core.exception.StepFailedException: Unable to set text ' ' of object 'Object Repository/RAD_Pages/Taxpayer_Page/input_NewTax_DecedentSSN'
	at com.kms.katalon.core.webui.keyword.internal.WebUIKeywordMain.stepFailed(WebUIKeywordMain.groovy:64)
	at com.kms.katalon.core.webui.keyword.internal.WebUIKeywordMain.runKeyword(WebUIKeywordMain.groovy:26)
	at com.kms.katalon.core.webui.keyword.builtin.SetTextKeyword.setText(SetTextKeyword.groovy:66)
	at com.kms.katalon.core.webui.keyword.builtin.SetTextKeyword.execute(SetTextKeyword.groovy:37)
	at com.kms.katalon.core.keyword.internal.KeywordExecutor.executeKeywordForPlatform(KeywordExecutor.groovy:74)
	at com.kms.katalon.core.webui.keyword.WebUiBuiltInKeywords.setText(WebUiBuiltInKeywords.groovy:980)
	at com.kms.katalon.core.webui.keyword.WebUiBuiltInKeywords$setText$9.call(Unknown Source)
	at Personal_Individual_MRF_TC.run(Personal_Individual_MRF_TC:126)
	at com.kms.katalon.core.main.ScriptEngine.run(ScriptEngine.java:194)
	at com.kms.katalon.core.main.ScriptEngine.runScriptAsRawText(ScriptEngine.java:119)
	at com.kms.katalon.core.main.TestCaseExecutor.runScript(TestCaseExecutor.java:448)
	at com.kms.katalon.core.main.TestCaseExecutor.doExecute(TestCaseExecutor.java:439)
	at com.kms.katalon.core.main.TestCaseExecutor.processExecutionPhase(TestCaseExecutor.java:418)
	at com.kms.katalon.core.main.TestCaseExecutor.accessMainPhase(TestCaseExecutor.java:410)
	at com.kms.katalon.core.main.TestCaseExecutor.execute(TestCaseExecutor.java:285)
	at com.kms.katalon.core.common.CommonExecutor.accessTestCaseMainPhase(CommonExecutor.java:65)
	at com.kms.katalon.core.main.TestSuiteExecutor.accessTestSuiteMainPhase(TestSuiteExecutor.java:148)
	at com.kms.katalon.core.main.TestSuiteExecutor.execute(TestSuiteExecutor.java:106)
	at com.kms.katalon.core.main.TestCaseMain.startTestSuite(TestCaseMain.java:187)
	at com.kms.katalon.core.main.TestCaseMain$startTestSuite$0.call(Unknown Source)
	at TempTestSuite1731019020691.run(TempTestSuite1731019020691.groovy:35)
Caused by: org.openqa.selenium.ElementNotInteractableException: element not interactable
  (Session info: chrome=130.0.6723.92)
Build info: version: '3.141.59', revision: 'e82be7d358', time: '2018-11-14T08:25:53'
System info: host: 'DESKTOP-B2QI6NS', ip: '172.31.253.185', os.name: 'Windows 10', os.arch: 'amd64', os.version: '10.0', java.version: '1.8.0_181'
Driver info: com.kms.katalon.selenium.driver.CChromeDriver
Capabilities {acceptInsecureCerts: true, browserName: chrome, browserVersion: 130.0.6723.92, chrome: {chromedriverVersion: 129.0.6668.89 (951c0b97221f..., userDataDir: C:\Users\imtiaz\AppData\Loc...}, fedcm:accounts: true, goog:chromeOptions: {debuggerAddress: localhost:55971}, javascriptEnabled: true, networkConnectionEnabled: false, pageLoadStrategy: normal, platform: WINDOWS, platformName: WINDOWS, proxy: Proxy(), setWindowRect: true, strictFileInteractability: false, timeouts: {implicit: 0, pageLoad: 300000, script: 30000}, unhandledPromptBehavior: dismiss and notify, webauthn:extension:credBlob: true, webauthn:extension:largeBlob: true, webauthn:extension:minPinLength: true, webauthn:extension:prf: true, webauthn:virtualAuthenticators: true}
Session ID: fb2496194ae19342a3dc772507a5f19a
	at org.openqa.selenium.remote.http.W3CHttpResponseCodec.createException(W3CHttpResponseCodec.java:187)
	at org.openqa.selenium.remote.http.W3CHttpResponseCodec.decode(W3CHttpResponseCodec.java:122)
	at org.openqa.selenium.remote.http.W3CHttpResponseCodec.decode(W3CHttpResponseCodec.java:49)
	at org.openqa.selenium.remote.HttpCommandExecutor.execute(HttpCommandExecutor.java:158)
	at org.openqa.selenium.remote.service.DriverCommandExecutor.execute(DriverCommandExecutor.java:83)
	at org.openqa.selenium.remote.RemoteWebDriver.execute(RemoteWebDriver.java:552)
	at com.kms.katalon.selenium.driver.CChromeDriver.execute(CChromeDriver.java:19)
	at org.openqa.selenium.remote.RemoteWebElement.execute(RemoteWebElement.java:285)
	at org.openqa.selenium.remote.RemoteWebElement.clear(RemoteWebElement.java:124)
	at org.openqa.selenium.support.events.EventFiringWebDriver$EventFiringWebElement.lambda$new$0(EventFiringWebDriver.java:404)
	at com.sun.proxy.$Proxy11.clear(Unknown Source)
	at org.openqa.selenium.support.events.EventFiringWebDriver$EventFiringWebElement.clear(EventFiringWebDriver.java:436)
	at com.kms.katalon.core.webui.keyword.builtin.SetTextKeyword$_setText_closure1.doCall(SetTextKeyword.groovy:53)
	at com.kms.katalon.core.webui.keyword.builtin.SetTextKeyword$_setText_closure1.call(SetTextKeyword.groovy)
	at com.kms.katalon.core.webui.keyword.internal.WebUIKeywordMain.runKeyword(WebUIKeywordMain.groovy:20)
	at com.kms.katalon.core.webui.keyword.builtin.SetTextKeyword.setText(SetTextKeyword.groovy:66)
	at com.kms.katalon.core.webui.keyword.builtin.SetTextKeyword.execute(SetTextKeyword.groovy:37)
	at com.kms.katalon.core.keyword.internal.KeywordExecutor.executeKeywordForPlatform(KeywordExecutor.groovy:74)
	at com.kms.katalon.core.webui.keyword.WebUiBuiltInKeywords.setText(WebUiBuiltInKeywords.groovy:980)
	at com.kms.katalon.core.webui.keyword.WebUiBuiltInKeywords$setText$9.call(Unknown Source)
	at Script1696265299704.run(Script1696265299704.groovy:126)
	... 13 more
)
[[ATTACHMENT|E:\\Cloned-Project-Katalon\\VPS-Katalon\\Reports\\20241107_173700\\RAD_TestSuite\\RAD_UI_TestSuite\\20241107_173700\\1731022436518.png]]

2024-11-07 18:33:56 - [TEST_STEP][FAILED] - setText(findTestObject(orPath_TaxPayer + "/input_NewTax_ReTypeDecedentSSN"), " "): Unable to set text ' ' of object 'Object Repository/RAD_Pages/Taxpayer_Page/input_NewTax_ReTypeDecedentSSN' (Root cause: com.kms.katalon.core.exception.StepFailedException: Unable to set text ' ' of object 'Object Repository/RAD_Pages/Taxpayer_Page/input_NewTax_ReTypeDecedentSSN'
	at com.kms.katalon.core.webui.keyword.internal.WebUIKeywordMain.stepFailed(WebUIKeywordMain.groovy:64)
	at com.kms.katalon.core.webui.keyword.internal.WebUIKeywordMain.runKeyword(WebUIKeywordMain.groovy:26)
	at com.kms.katalon.core.webui.keyword.builtin.SetTextKeyword.setText(SetTextKeyword.groovy:66)
	at com.kms.katalon.core.webui.keyword.builtin.SetTextKeyword.execute(SetTextKeyword.groovy:37)
	at com.kms.katalon.core.keyword.internal.KeywordExecutor.executeKeywordForPlatform(KeywordExecutor.groovy:74)
	at com.kms.katalon.core.webui.keyword.WebUiBuiltInKeywords.setText(WebUiBuiltInKeywords.groovy:980)
	at com.kms.katalon.core.webui.keyword.WebUiBuiltInKeywords$setText$9.call(Unknown Source)
	at Personal_Individual_MRF_TC.run(Personal_Individual_MRF_TC:127)
	at com.kms.katalon.core.main.ScriptEngine.run(ScriptEngine.java:194)
	at com.kms.katalon.core.main.ScriptEngine.runScriptAsRawText(ScriptEngine.java:119)
	at com.kms.katalon.core.main.TestCaseExecutor.runScript(TestCaseExecutor.java:448)
	at com.kms.katalon.core.main.TestCaseExecutor.doExecute(TestCaseExecutor.java:439)
	at com.kms.katalon.core.main.TestCaseExecutor.processExecutionPhase(TestCaseExecutor.java:418)
	at com.kms.katalon.core.main.TestCaseExecutor.accessMainPhase(TestCaseExecutor.java:410)
	at com.kms.katalon.core.main.TestCaseExecutor.execute(TestCaseExecutor.java:285)
	at com.kms.katalon.core.common.CommonExecutor.accessTestCaseMainPhase(CommonExecutor.java:65)
	at com.kms.katalon.core.main.TestSuiteExecutor.accessTestSuiteMainPhase(TestSuiteExecutor.java:148)
	at com.kms.katalon.core.main.TestSuiteExecutor.execute(TestSuiteExecutor.java:106)
	at com.kms.katalon.core.main.TestCaseMain.startTestSuite(TestCaseMain.java:187)
	at com.kms.katalon.core.main.TestCaseMain$startTestSuite$0.call(Unknown Source)
	at TempTestSuite1731019020691.run(TempTestSuite1731019020691.groovy:35)
Caused by: org.openqa.selenium.ElementNotInteractableException: element not interactable
  (Session info: chrome=130.0.6723.92)
Build info: version: '3.141.59', revision: 'e82be7d358', time: '2018-11-14T08:25:53'
System info: host: 'DESKTOP-B2QI6NS', ip: '172.31.253.185', os.name: 'Windows 10', os.arch: 'amd64', os.version: '10.0', java.version: '1.8.0_181'
Driver info: com.kms.katalon.selenium.driver.CChromeDriver
Capabilities {acceptInsecureCerts: true, browserName: chrome, browserVersion: 130.0.6723.92, chrome: {chromedriverVersion: 129.0.6668.89 (951c0b97221f..., userDataDir: C:\Users\imtiaz\AppData\Loc...}, fedcm:accounts: true, goog:chromeOptions: {debuggerAddress: localhost:55971}, javascriptEnabled: true, networkConnectionEnabled: false, pageLoadStrategy: normal, platform: WINDOWS, platformName: WINDOWS, proxy: Proxy(), setWindowRect: true, strictFileInteractability: false, timeouts: {implicit: 0, pageLoad: 300000, script: 30000}, unhandledPromptBehavior: dismiss and notify, webauthn:extension:credBlob: true, webauthn:extension:largeBlob: true, webauthn:extension:minPinLength: true, webauthn:extension:prf: true, webauthn:virtualAuthenticators: true}
Session ID: fb2496194ae19342a3dc772507a5f19a
	at org.openqa.selenium.remote.http.W3CHttpResponseCodec.createException(W3CHttpResponseCodec.java:187)
	at org.openqa.selenium.remote.http.W3CHttpResponseCodec.decode(W3CHttpResponseCodec.java:122)
	at org.openqa.selenium.remote.http.W3CHttpResponseCodec.decode(W3CHttpResponseCodec.java:49)
	at org.openqa.selenium.remote.HttpCommandExecutor.execute(HttpCommandExecutor.java:158)
	at org.openqa.selenium.remote.service.DriverCommandExecutor.execute(DriverCommandExecutor.java:83)
	at org.openqa.selenium.remote.RemoteWebDriver.execute(RemoteWebDriver.java:552)
	at com.kms.katalon.selenium.driver.CChromeDriver.execute(CChromeDriver.java:19)
	at org.openqa.selenium.remote.RemoteWebElement.execute(RemoteWebElement.java:285)
	at org.openqa.selenium.remote.RemoteWebElement.clear(RemoteWebElement.java:124)
	at org.openqa.selenium.support.events.EventFiringWebDriver$EventFiringWebElement.lambda$new$0(EventFiringWebDriver.java:404)
	at com.sun.proxy.$Proxy11.clear(Unknown Source)
	at org.openqa.selenium.support.events.EventFiringWebDriver$EventFiringWebElement.clear(EventFiringWebDriver.java:436)
	at com.kms.katalon.core.webui.keyword.builtin.SetTextKeyword$_setText_closure1.doCall(SetTextKeyword.groovy:53)
	at com.kms.katalon.core.webui.keyword.builtin.SetTextKeyword$_setText_closure1.call(SetTextKeyword.groovy)
	at com.kms.katalon.core.webui.keyword.internal.WebUIKeywordMain.runKeyword(WebUIKeywordMain.groovy:20)
	at com.kms.katalon.core.webui.keyword.builtin.SetTextKeyword.setText(SetTextKeyword.groovy:66)
	at com.kms.katalon.core.webui.keyword.builtin.SetTextKeyword.execute(SetTextKeyword.groovy:37)
	at com.kms.katalon.core.keyword.internal.KeywordExecutor.executeKeywordForPlatform(KeywordExecutor.groovy:74)
	at com.kms.katalon.core.webui.keyword.WebUiBuiltInKeywords.setText(WebUiBuiltInKeywords.groovy:980)
	at com.kms.katalon.core.webui.keyword.WebUiBuiltInKeywords$setText$9.call(Unknown Source)
	at Script1696265299704.run(Script1696265299704.groovy:127)
	... 13 more
)

2024-11-07 18:33:57 - [MESSAGE][FAILED] - Unable to set text ' ' of object 'Object Repository/RAD_Pages/Taxpayer_Page/input_NewTax_ReTypeDecedentSSN' (Root cause: com.kms.katalon.core.exception.StepFailedException: Unable to set text ' ' of object 'Object Repository/RAD_Pages/Taxpayer_Page/input_NewTax_ReTypeDecedentSSN'
	at com.kms.katalon.core.webui.keyword.internal.WebUIKeywordMain.stepFailed(WebUIKeywordMain.groovy:64)
	at com.kms.katalon.core.webui.keyword.internal.WebUIKeywordMain.runKeyword(WebUIKeywordMain.groovy:26)
	at com.kms.katalon.core.webui.keyword.builtin.SetTextKeyword.setText(SetTextKeyword.groovy:66)
	at com.kms.katalon.core.webui.keyword.builtin.SetTextKeyword.execute(SetTextKeyword.groovy:37)
	at com.kms.katalon.core.keyword.internal.KeywordExecutor.executeKeywordForPlatform(KeywordExecutor.groovy:74)
	at com.kms.katalon.core.webui.keyword.WebUiBuiltInKeywords.setText(WebUiBuiltInKeywords.groovy:980)
	at com.kms.katalon.core.webui.keyword.WebUiBuiltInKeywords$setText$9.call(Unknown Source)
	at Personal_Individual_MRF_TC.run(Personal_Individual_MRF_TC:127)
	at com.kms.katalon.core.main.ScriptEngine.run(ScriptEngine.java:194)
	at com.kms.katalon.core.main.ScriptEngine.runScriptAsRawText(ScriptEngine.java:119)
	at com.kms.katalon.core.main.TestCaseExecutor.runScript(TestCaseExecutor.java:448)
	at com.kms.katalon.core.main.TestCaseExecutor.doExecute(TestCaseExecutor.java:439)
	at com.kms.katalon.core.main.TestCaseExecutor.processExecutionPhase(TestCaseExecutor.java:418)
	at com.kms.katalon.core.main.TestCaseExecutor.accessMainPhase(TestCaseExecutor.java:410)
	at com.kms.katalon.core.main.TestCaseExecutor.execute(TestCaseExecutor.java:285)
	at com.kms.katalon.core.common.CommonExecutor.accessTestCaseMainPhase(CommonExecutor.java:65)
	at com.kms.katalon.core.main.TestSuiteExecutor.accessTestSuiteMainPhase(TestSuiteExecutor.java:148)
	at com.kms.katalon.core.main.TestSuiteExecutor.execute(TestSuiteExecutor.java:106)
	at com.kms.katalon.core.main.TestCaseMain.startTestSuite(TestCaseMain.java:187)
	at com.kms.katalon.core.main.TestCaseMain$startTestSuite$0.call(Unknown Source)
	at TempTestSuite1731019020691.run(TempTestSuite1731019020691.groovy:35)
Caused by: org.openqa.selenium.ElementNotInteractableException: element not interactable
  (Session info: chrome=130.0.6723.92)
Build info: version: '3.141.59', revision: 'e82be7d358', time: '2018-11-14T08:25:53'
System info: host: 'DESKTOP-B2QI6NS', ip: '172.31.253.185', os.name: 'Windows 10', os.arch: 'amd64', os.version: '10.0', java.version: '1.8.0_181'
Driver info: com.kms.katalon.selenium.driver.CChromeDriver
Capabilities {acceptInsecureCerts: true, browserName: chrome, browserVersion: 130.0.6723.92, chrome: {chromedriverVersion: 129.0.6668.89 (951c0b97221f..., userDataDir: C:\Users\imtiaz\AppData\Loc...}, fedcm:accounts: true, goog:chromeOptions: {debuggerAddress: localhost:55971}, javascriptEnabled: true, networkConnectionEnabled: false, pageLoadStrategy: normal, platform: WINDOWS, platformName: WINDOWS, proxy: Proxy(), setWindowRect: true, strictFileInteractability: false, timeouts: {implicit: 0, pageLoad: 300000, script: 30000}, unhandledPromptBehavior: dismiss and notify, webauthn:extension:credBlob: true, webauthn:extension:largeBlob: true, webauthn:extension:minPinLength: true, webauthn:extension:prf: true, webauthn:virtualAuthenticators: true}
Session ID: fb2496194ae19342a3dc772507a5f19a
	at org.openqa.selenium.remote.http.W3CHttpResponseCodec.createException(W3CHttpResponseCodec.java:187)
	at org.openqa.selenium.remote.http.W3CHttpResponseCodec.decode(W3CHttpResponseCodec.java:122)
	at org.openqa.selenium.remote.http.W3CHttpResponseCodec.decode(W3CHttpResponseCodec.java:49)
	at org.openqa.selenium.remote.HttpCommandExecutor.execute(HttpCommandExecutor.java:158)
	at org.openqa.selenium.remote.service.DriverCommandExecutor.execute(DriverCommandExecutor.java:83)
	at org.openqa.selenium.remote.RemoteWebDriver.execute(RemoteWebDriver.java:552)
	at com.kms.katalon.selenium.driver.CChromeDriver.execute(CChromeDriver.java:19)
	at org.openqa.selenium.remote.RemoteWebElement.execute(RemoteWebElement.java:285)
	at org.openqa.selenium.remote.RemoteWebElement.clear(RemoteWebElement.java:124)
	at org.openqa.selenium.support.events.EventFiringWebDriver$EventFiringWebElement.lambda$new$0(EventFiringWebDriver.java:404)
	at com.sun.proxy.$Proxy11.clear(Unknown Source)
	at org.openqa.selenium.support.events.EventFiringWebDriver$EventFiringWebElement.clear(EventFiringWebDriver.java:436)
	at com.kms.katalon.core.webui.keyword.builtin.SetTextKeyword$_setText_closure1.doCall(SetTextKeyword.groovy:53)
	at com.kms.katalon.core.webui.keyword.builtin.SetTextKeyword$_setText_closure1.call(SetTextKeyword.groovy)
	at com.kms.katalon.core.webui.keyword.internal.WebUIKeywordMain.runKeyword(WebUIKeywordMain.groovy:20)
	at com.kms.katalon.core.webui.keyword.builtin.SetTextKeyword.setText(SetTextKeyword.groovy:66)
	at com.kms.katalon.core.webui.keyword.builtin.SetTextKeyword.execute(SetTextKeyword.groovy:37)
	at com.kms.katalon.core.keyword.internal.KeywordExecutor.executeKeywordForPlatform(KeywordExecutor.groovy:74)
	at com.kms.katalon.core.webui.keyword.WebUiBuiltInKeywords.setText(WebUiBuiltInKeywords.groovy:980)
	at com.kms.katalon.core.webui.keyword.WebUiBuiltInKeywords$setText$9.call(Unknown Source)
	at Script1696265299704.run(Script1696265299704.groovy:127)
	... 13 more
)
[[ATTACHMENT|E:\\Cloned-Project-Katalon\\VPS-Katalon\\Reports\\20241107_173700\\RAD_TestSuite\\RAD_UI_TestSuite\\20241107_173700\\1731022437212.png]]

2024-11-07 18:33:57 - [TEST_STEP][PASSED] - setText(findTestObject(orPath_AddressContact + "/input_streetAddress1"), " "): Text ' ' is set on object 'Object Repository/RAD_Pages/AddressAndContactInfo_Page/input_streetAddress1'

2024-11-07 18:33:58 - [MESSAGE][PASSED] - Text ' ' is set on object 'Object Repository/RAD_Pages/AddressAndContactInfo_Page/input_streetAddress1'

2024-11-07 18:33:58 - [TEST_STEP][PASSED] - setText(findTestObject(orPath_AddressContact + "/input_city"), " "): Text ' ' is set on object 'Object Repository/RAD_Pages/AddressAndContactInfo_Page/input_city'

2024-11-07 18:33:58 - [MESSAGE][PASSED] - Text ' ' is set on object 'Object Repository/RAD_Pages/AddressAndContactInfo_Page/input_city'

2024-11-07 18:33:58 - [TEST_STEP][PASSED] - setText(findTestObject(orPath_AddressContact + "/input_zipCode"), " "): Text ' ' is set on object 'Object Repository/RAD_Pages/AddressAndContactInfo_Page/input_zipCode'

2024-11-07 18:33:59 - [MESSAGE][PASSED] - Text ' ' is set on object 'Object Repository/RAD_Pages/AddressAndContactInfo_Page/input_zipCode'

2024-11-07 18:33:59 - [TEST_STEP][PASSED] - setText(findTestObject(orPath_AddressContact + "/input_phoneNumber"), " "): Text ' ' is set on object 'Object Repository/RAD_Pages/AddressAndContactInfo_Page/input_phoneNumber'

2024-11-07 18:34:00 - [MESSAGE][PASSED] - Text ' ' is set on object 'Object Repository/RAD_Pages/AddressAndContactInfo_Page/input_phoneNumber'

2024-11-07 18:34:00 - [TEST_STEP][PASSED] - setText(findTestObject(orPath_AddressContact + "/input_eMailAddress"), " "): Text ' ' is set on object 'Object Repository/RAD_Pages/AddressAndContactInfo_Page/input_eMailAddress'

2024-11-07 18:34:01 - [MESSAGE][PASSED] - Text ' ' is set on object 'Object Repository/RAD_Pages/AddressAndContactInfo_Page/input_eMailAddress'

2024-11-07 18:34:01 - [TEST_STEP][PASSED] - setText(findTestObject(orPath_AddressContact + "/input_reEnterEMailAddress"), " "): Text ' ' is set on object 'Object Repository/RAD_Pages/AddressAndContactInfo_Page/input_reEnterEMailAddress'

2024-11-07 18:34:01 - [MESSAGE][PASSED] - Text ' ' is set on object 'Object Repository/RAD_Pages/AddressAndContactInfo_Page/input_reEnterEMailAddress'

2024-11-07 18:34:01 - [TEST_STEP][PASSED] - resText = "Fail": null

2024-11-07 18:34:01 - [TEST_STEP][PASSED] - pages.WriteExcel.demoKey(resText, datText, resColumn, datCloumn, fileLoc, nameSheet, row): pages.WriteExcel.demoKey is PASSED

2024-11-07 18:34:02 - [MESSAGE][PASSED] - pages.WriteExcel.demoKey is PASSED

2024-11-07 18:34:02 - [TEST_STEP][PASSED] - verifyTextPresent("Enter first name", true, CONTINUE_ON_FAILURE): Text 'Enter first name' is present on page  using regular expression

2024-11-07 18:34:02 - [MESSAGE][PASSED] - Text 'Enter first name' is present on page  using regular expression

2024-11-07 18:34:02 - [TEST_STEP][PASSED] - verifyTextPresent("Enter last name", true, CONTINUE_ON_FAILURE): Text 'Enter last name' is present on page  using regular expression

2024-11-07 18:34:02 - [MESSAGE][PASSED] - Text 'Enter last name' is present on page  using regular expression

2024-11-07 18:34:02 - [TEST_STEP][PASSED] - verifyTextPresent("Enter address", true, CONTINUE_ON_FAILURE): Text 'Enter address' is present on page  using regular expression

2024-11-07 18:34:03 - [MESSAGE][PASSED] - Text 'Enter address' is present on page  using regular expression

2024-11-07 18:34:03 - [TEST_STEP][PASSED] - verifyTextPresent("Enter city", true, CONTINUE_ON_FAILURE): Text 'Enter city' is present on page  using regular expression

2024-11-07 18:34:03 - [MESSAGE][PASSED] - Text 'Enter city' is present on page  using regular expression

2024-11-07 18:34:03 - [TEST_STEP][PASSED] - verifyTextPresent("Enter ZIP code", true, CONTINUE_ON_FAILURE): Text 'Enter ZIP code' is present on page  using regular expression

2024-11-07 18:34:03 - [MESSAGE][PASSED] - Text 'Enter ZIP code' is present on page  using regular expression

2024-11-07 18:34:03 - [TEST_STEP][PASSED] - verifyTextPresent("Enter a valid phone number", true, CONTINUE_ON_FAILURE): Text 'Enter a valid phone number' is present on page  using regular expression

2024-11-07 18:34:04 - [MESSAGE][PASSED] - Text 'Enter a valid phone number' is present on page  using regular expression

2024-11-07 18:34:04 - [TEST_STEP][PASSED] - verifyTextPresent("Enter Email", true, CONTINUE_ON_FAILURE): Text 'Enter Email' is present on page  using regular expression

2024-11-07 18:34:04 - [MESSAGE][PASSED] - Text 'Enter Email' is present on page  using regular expression

2024-11-07 18:34:04 - [TEST_STEP][FAILED] - if (TaxType.equalsIgnoreCase("Estate Tax")): null

2024-11-07 18:34:04 - [TEST_STEP][FAILED] - verifyTextPresent("Please enter a valid Decedent SSN with 9 digits", true, CONTINUE_ON_FAILURE): Text 'Please enter a valid Decedent SSN with 9 digits' is not present on page  using regular expression (Root cause: com.kms.katalon.core.exception.StepFailedException: Text 'Please enter a valid Decedent SSN with 9 digits' is not present on page  using regular expression
	at com.kms.katalon.core.webui.keyword.internal.WebUIKeywordMain.stepFailed(WebUIKeywordMain.groovy:64)
	at com.kms.katalon.core.webui.keyword.builtin.VerifyTextPresentKeyword$_verifyTextPresent_closure1.doCall(VerifyTextPresentKeyword.groovy:79)
	at com.kms.katalon.core.webui.keyword.builtin.VerifyTextPresentKeyword$_verifyTextPresent_closure1.call(VerifyTextPresentKeyword.groovy)
	at com.kms.katalon.core.webui.keyword.internal.WebUIKeywordMain.runKeyword(WebUIKeywordMain.groovy:20)
	at com.kms.katalon.core.webui.keyword.builtin.VerifyTextPresentKeyword.verifyTextPresent(VerifyTextPresentKeyword.groovy:83)
	at com.kms.katalon.core.webui.keyword.builtin.VerifyTextPresentKeyword.execute(VerifyTextPresentKeyword.groovy:68)
	at com.kms.katalon.core.keyword.internal.KeywordExecutor.executeKeywordForPlatform(KeywordExecutor.groovy:74)
	at com.kms.katalon.core.webui.keyword.WebUiBuiltInKeywords.verifyTextPresent(WebUiBuiltInKeywords.groovy:1707)
	at com.kms.katalon.core.webui.keyword.WebUiBuiltInKeywords$verifyTextPresent$11.call(Unknown Source)
	at Personal_Individual_MRF_TC.run(Personal_Individual_MRF_TC:164)
	at com.kms.katalon.core.main.ScriptEngine.run(ScriptEngine.java:194)
	at com.kms.katalon.core.main.ScriptEngine.runScriptAsRawText(ScriptEngine.java:119)
	at com.kms.katalon.core.main.TestCaseExecutor.runScript(TestCaseExecutor.java:448)
	at com.kms.katalon.core.main.TestCaseExecutor.doExecute(TestCaseExecutor.java:439)
	at com.kms.katalon.core.main.TestCaseExecutor.processExecutionPhase(TestCaseExecutor.java:418)
	at com.kms.katalon.core.main.TestCaseExecutor.accessMainPhase(TestCaseExecutor.java:410)
	at com.kms.katalon.core.main.TestCaseExecutor.execute(TestCaseExecutor.java:285)
	at com.kms.katalon.core.common.CommonExecutor.accessTestCaseMainPhase(CommonExecutor.java:65)
	at com.kms.katalon.core.main.TestSuiteExecutor.accessTestSuiteMainPhase(TestSuiteExecutor.java:148)
	at com.kms.katalon.core.main.TestSuiteExecutor.execute(TestSuiteExecutor.java:106)
	at com.kms.katalon.core.main.TestCaseMain.startTestSuite(TestCaseMain.java:187)
	at com.kms.katalon.core.main.TestCaseMain$startTestSuite$0.call(Unknown Source)
	at TempTestSuite1731019020691.run(TempTestSuite1731019020691.groovy:35)
)

2024-11-07 18:34:04 - [MESSAGE][FAILED] - Text 'Please enter a valid Decedent SSN with 9 digits' is not present on page  using regular expression (Root cause: com.kms.katalon.core.exception.StepFailedException: Text 'Please enter a valid Decedent SSN with 9 digits' is not present on page  using regular expression
	at com.kms.katalon.core.webui.keyword.internal.WebUIKeywordMain.stepFailed(WebUIKeywordMain.groovy:64)
	at com.kms.katalon.core.webui.keyword.builtin.VerifyTextPresentKeyword$_verifyTextPresent_closure1.doCall(VerifyTextPresentKeyword.groovy:79)
	at com.kms.katalon.core.webui.keyword.builtin.VerifyTextPresentKeyword$_verifyTextPresent_closure1.call(VerifyTextPresentKeyword.groovy)
	at com.kms.katalon.core.webui.keyword.internal.WebUIKeywordMain.runKeyword(WebUIKeywordMain.groovy:20)
	at com.kms.katalon.core.webui.keyword.builtin.VerifyTextPresentKeyword.verifyTextPresent(VerifyTextPresentKeyword.groovy:83)
	at com.kms.katalon.core.webui.keyword.builtin.VerifyTextPresentKeyword.execute(VerifyTextPresentKeyword.groovy:68)
	at com.kms.katalon.core.keyword.internal.KeywordExecutor.executeKeywordForPlatform(KeywordExecutor.groovy:74)
	at com.kms.katalon.core.webui.keyword.WebUiBuiltInKeywords.verifyTextPresent(WebUiBuiltInKeywords.groovy:1707)
	at com.kms.katalon.core.webui.keyword.WebUiBuiltInKeywords$verifyTextPresent$11.call(Unknown Source)
	at Personal_Individual_MRF_TC.run(Personal_Individual_MRF_TC:164)
	at com.kms.katalon.core.main.ScriptEngine.run(ScriptEngine.java:194)
	at com.kms.katalon.core.main.ScriptEngine.runScriptAsRawText(ScriptEngine.java:119)
	at com.kms.katalon.core.main.TestCaseExecutor.runScript(TestCaseExecutor.java:448)
	at com.kms.katalon.core.main.TestCaseExecutor.doExecute(TestCaseExecutor.java:439)
	at com.kms.katalon.core.main.TestCaseExecutor.processExecutionPhase(TestCaseExecutor.java:418)
	at com.kms.katalon.core.main.TestCaseExecutor.accessMainPhase(TestCaseExecutor.java:410)
	at com.kms.katalon.core.main.TestCaseExecutor.execute(TestCaseExecutor.java:285)
	at com.kms.katalon.core.common.CommonExecutor.accessTestCaseMainPhase(CommonExecutor.java:65)
	at com.kms.katalon.core.main.TestSuiteExecutor.accessTestSuiteMainPhase(TestSuiteExecutor.java:148)
	at com.kms.katalon.core.main.TestSuiteExecutor.execute(TestSuiteExecutor.java:106)
	at com.kms.katalon.core.main.TestCaseMain.startTestSuite(TestCaseMain.java:187)
	at com.kms.katalon.core.main.TestCaseMain$startTestSuite$0.call(Unknown Source)
	at TempTestSuite1731019020691.run(TempTestSuite1731019020691.groovy:35)
)

2024-11-07 18:34:04 - [TEST_STEP][FAILED] - verifyTextPresent("Re-type Decedent SSN Validation Error", true, CONTINUE_ON_FAILURE): Text 'Re-type Decedent SSN Validation Error' is not present on page  using regular expression (Root cause: com.kms.katalon.core.exception.StepFailedException: Text 'Re-type Decedent SSN Validation Error' is not present on page  using regular expression
	at com.kms.katalon.core.webui.keyword.internal.WebUIKeywordMain.stepFailed(WebUIKeywordMain.groovy:64)
	at com.kms.katalon.core.webui.keyword.builtin.VerifyTextPresentKeyword$_verifyTextPresent_closure1.doCall(VerifyTextPresentKeyword.groovy:79)
	at com.kms.katalon.core.webui.keyword.builtin.VerifyTextPresentKeyword$_verifyTextPresent_closure1.call(VerifyTextPresentKeyword.groovy)
	at com.kms.katalon.core.webui.keyword.internal.WebUIKeywordMain.runKeyword(WebUIKeywordMain.groovy:20)
	at com.kms.katalon.core.webui.keyword.builtin.VerifyTextPresentKeyword.verifyTextPresent(VerifyTextPresentKeyword.groovy:83)
	at com.kms.katalon.core.webui.keyword.builtin.VerifyTextPresentKeyword.execute(VerifyTextPresentKeyword.groovy:68)
	at com.kms.katalon.core.keyword.internal.KeywordExecutor.executeKeywordForPlatform(KeywordExecutor.groovy:74)
	at com.kms.katalon.core.webui.keyword.WebUiBuiltInKeywords.verifyTextPresent(WebUiBuiltInKeywords.groovy:1707)
	at com.kms.katalon.core.webui.keyword.WebUiBuiltInKeywords$verifyTextPresent$11.call(Unknown Source)
	at Personal_Individual_MRF_TC.run(Personal_Individual_MRF_TC:165)
	at com.kms.katalon.core.main.ScriptEngine.run(ScriptEngine.java:194)
	at com.kms.katalon.core.main.ScriptEngine.runScriptAsRawText(ScriptEngine.java:119)
	at com.kms.katalon.core.main.TestCaseExecutor.runScript(TestCaseExecutor.java:448)
	at com.kms.katalon.core.main.TestCaseExecutor.doExecute(TestCaseExecutor.java:439)
	at com.kms.katalon.core.main.TestCaseExecutor.processExecutionPhase(TestCaseExecutor.java:418)
	at com.kms.katalon.core.main.TestCaseExecutor.accessMainPhase(TestCaseExecutor.java:410)
	at com.kms.katalon.core.main.TestCaseExecutor.execute(TestCaseExecutor.java:285)
	at com.kms.katalon.core.common.CommonExecutor.accessTestCaseMainPhase(CommonExecutor.java:65)
	at com.kms.katalon.core.main.TestSuiteExecutor.accessTestSuiteMainPhase(TestSuiteExecutor.java:148)
	at com.kms.katalon.core.main.TestSuiteExecutor.execute(TestSuiteExecutor.java:106)
	at com.kms.katalon.core.main.TestCaseMain.startTestSuite(TestCaseMain.java:187)
	at com.kms.katalon.core.main.TestCaseMain$startTestSuite$0.call(Unknown Source)
	at TempTestSuite1731019020691.run(TempTestSuite1731019020691.groovy:35)
)

2024-11-07 18:34:05 - [MESSAGE][FAILED] - Text 'Re-type Decedent SSN Validation Error' is not present on page  using regular expression (Root cause: com.kms.katalon.core.exception.StepFailedException: Text 'Re-type Decedent SSN Validation Error' is not present on page  using regular expression
	at com.kms.katalon.core.webui.keyword.internal.WebUIKeywordMain.stepFailed(WebUIKeywordMain.groovy:64)
	at com.kms.katalon.core.webui.keyword.builtin.VerifyTextPresentKeyword$_verifyTextPresent_closure1.doCall(VerifyTextPresentKeyword.groovy:79)
	at com.kms.katalon.core.webui.keyword.builtin.VerifyTextPresentKeyword$_verifyTextPresent_closure1.call(VerifyTextPresentKeyword.groovy)
	at com.kms.katalon.core.webui.keyword.internal.WebUIKeywordMain.runKeyword(WebUIKeywordMain.groovy:20)
	at com.kms.katalon.core.webui.keyword.builtin.VerifyTextPresentKeyword.verifyTextPresent(VerifyTextPresentKeyword.groovy:83)
	at com.kms.katalon.core.webui.keyword.builtin.VerifyTextPresentKeyword.execute(VerifyTextPresentKeyword.groovy:68)
	at com.kms.katalon.core.keyword.internal.KeywordExecutor.executeKeywordForPlatform(KeywordExecutor.groovy:74)
	at com.kms.katalon.core.webui.keyword.WebUiBuiltInKeywords.verifyTextPresent(WebUiBuiltInKeywords.groovy:1707)
	at com.kms.katalon.core.webui.keyword.WebUiBuiltInKeywords$verifyTextPresent$11.call(Unknown Source)
	at Personal_Individual_MRF_TC.run(Personal_Individual_MRF_TC:165)
	at com.kms.katalon.core.main.ScriptEngine.run(ScriptEngine.java:194)
	at com.kms.katalon.core.main.ScriptEngine.runScriptAsRawText(ScriptEngine.java:119)
	at com.kms.katalon.core.main.TestCaseExecutor.runScript(TestCaseExecutor.java:448)
	at com.kms.katalon.core.main.TestCaseExecutor.doExecute(TestCaseExecutor.java:439)
	at com.kms.katalon.core.main.TestCaseExecutor.processExecutionPhase(TestCaseExecutor.java:418)
	at com.kms.katalon.core.main.TestCaseExecutor.accessMainPhase(TestCaseExecutor.java:410)
	at com.kms.katalon.core.main.TestCaseExecutor.execute(TestCaseExecutor.java:285)
	at com.kms.katalon.core.common.CommonExecutor.accessTestCaseMainPhase(CommonExecutor.java:65)
	at com.kms.katalon.core.main.TestSuiteExecutor.accessTestSuiteMainPhase(TestSuiteExecutor.java:148)
	at com.kms.katalon.core.main.TestSuiteExecutor.execute(TestSuiteExecutor.java:106)
	at com.kms.katalon.core.main.TestCaseMain.startTestSuite(TestCaseMain.java:187)
	at com.kms.katalon.core.main.TestCaseMain$startTestSuite$0.call(Unknown Source)
	at TempTestSuite1731019020691.run(TempTestSuite1731019020691.groovy:35)
)

2024-11-07 18:34:05 - [TEST_STEP][PASSED] - resText = "Pass": null

2024-11-07 18:34:05 - [TEST_STEP][PASSED] - pages.WriteExcel.demoKey(resText, datText, resColumn, datCloumn, fileLoc, nameSheet, row): pages.WriteExcel.demoKey is PASSED

2024-11-07 18:34:05 - [MESSAGE][PASSED] - pages.WriteExcel.demoKey is PASSED

2024-11-07 18:34:05 - [TEST_STEP][PASSED] - ExecuteTC = findTestData(dataFile).getValue("Execute", row): null

2024-11-07 18:34:05 - [TEST_STEP][PASSED] - TaxType = findTestData(dataFile).getValue("TaxType", row): null

2024-11-07 18:34:05 - [TEST_STEP][PASSED] - PaymentType = findTestData(dataFile).getValue("PaymentType", row): null

2024-11-07 18:34:05 - [TEST_STEP][PASSED] - FilingYear = findTestData(dataFile).getValue("Year", row): null

2024-11-07 18:34:05 - [TEST_STEP][FAILED] - if (ExecuteTC.equalsIgnoreCase("Y")): null

2024-11-07 18:34:05 - [TEST_STEP][PASSED] - out.println("Begin Record Number: " + row): null

2024-11-07 18:34:05 - [TEST_STEP][PASSED] - today = new java.util.Date(): null

2024-11-07 18:34:05 - [TEST_STEP][PASSED] - println(today): null

2024-11-07 18:34:05 - [TEST_STEP][PASSED] - datText = today: null

2024-11-07 18:34:05 - [TEST_STEP][PASSED] - logInfo("Payment Type: " + PaymentType): Payment Type: New Tax Return Amount Due

2024-11-07 18:34:05 - [MESSAGE][INFO] - Payment Type: New Tax Return Amount Due

2024-11-07 18:34:05 - [TEST_STEP][PASSED] - logInfo("Tax Type: " + TaxType): Tax Type: Estate Tax

2024-11-07 18:34:05 - [MESSAGE][INFO] - Tax Type: Estate Tax

2024-11-07 18:34:05 - [TEST_STEP][PASSED] - openBrowser(""): Browser is opened with url: ''

2024-11-07 18:34:05 - [MESSAGE][WARNING] - A browser is already opened. Closing browser and opening a new one

2024-11-07 18:34:07 - [MESSAGE][INFO] - Starting 'Chrome' driver

2024-11-07 18:34:07 - [MESSAGE][INFO] - User set preference: ['acceptInsecureCerts', 'true']

2024-11-07 18:34:07 - [MESSAGE][INFO] - Action delay is set to 0 milliseconds

2024-11-07 18:34:09 - [MESSAGE][PASSED] - Browser is opened with url: ''

2024-11-07 18:34:09 - [TEST_STEP][PASSED] - maximizeWindow(): Current window maximized

2024-11-07 18:34:09 - [MESSAGE][PASSED] - Current window maximized

2024-11-07 18:34:09 - [TEST_STEP][PASSED] - navigateToUrl(RADurl): Navigate to 'https://www.velocitypayment.com/client/rad/index.html' successfully

2024-11-07 18:34:12 - [MESSAGE][PASSED] - Navigate to 'https://www.velocitypayment.com/client/rad/index.html' successfully

2024-11-07 18:34:12 - [TEST_STEP][PASSED] - selectOptionByLabel(findTestObject(orPath_Landing + "/dd_TaxType"), PaymentType, false): All options with label 'New Tax Return Amount Due' are selected in object 'Object Repository/RAD_Pages/Landing_Page/dd_TaxType' 

2024-11-07 18:34:13 - [MESSAGE][PASSED] - All options with label 'New Tax Return Amount Due' are selected in object 'Object Repository/RAD_Pages/Landing_Page/dd_TaxType' 

2024-11-07 18:34:13 - [TEST_STEP][FAILED] - switch (PaymentType): null

2024-11-07 18:34:13 - [TEST_STEP][FAILED] - case "New Tax Return Amount Due":: null

2024-11-07 18:34:13 - [TEST_STEP][FAILED] - selectOptionByLabel(findTestObject("Object Repository/RAD_Pages/Landing_Page/select_NewTaxReturnAmountDue_TaxType"), TaxType, false): Unable to select option by label 'Estate Tax' of object 'Object Repository/RAD_Pages/Landing_Page/select_NewTaxReturnAmountDue_TaxType'  (Root cause: com.kms.katalon.core.exception.StepFailedException: Unable to select option by label 'Estate Tax' of object 'Object Repository/RAD_Pages/Landing_Page/select_NewTaxReturnAmountDue_TaxType' 
	at com.kms.katalon.core.webui.keyword.internal.WebUIKeywordMain.stepFailed(WebUIKeywordMain.groovy:64)
	at com.kms.katalon.core.webui.keyword.internal.WebUIKeywordMain.runKeyword(WebUIKeywordMain.groovy:26)
	at com.kms.katalon.core.webui.keyword.builtin.SelectOptionByLabelKeyword.selectOptionByLabel(SelectOptionByLabelKeyword.groovy:98)
	at com.kms.katalon.core.webui.keyword.builtin.SelectOptionByLabelKeyword.execute(SelectOptionByLabelKeyword.groovy:71)
	at com.kms.katalon.core.keyword.internal.KeywordExecutor.executeKeywordForPlatform(KeywordExecutor.groovy:74)
	at com.kms.katalon.core.webui.keyword.WebUiBuiltInKeywords.selectOptionByLabel(WebUiBuiltInKeywords.groovy:1230)
	at com.kms.katalon.core.webui.keyword.WebUiBuiltInKeywords$selectOptionByLabel$2.call(Unknown Source)
	at Personal_Individual_MRF_TC.run(Personal_Individual_MRF_TC:100)
	at com.kms.katalon.core.main.ScriptEngine.run(ScriptEngine.java:194)
	at com.kms.katalon.core.main.ScriptEngine.runScriptAsRawText(ScriptEngine.java:119)
	at com.kms.katalon.core.main.TestCaseExecutor.runScript(TestCaseExecutor.java:448)
	at com.kms.katalon.core.main.TestCaseExecutor.doExecute(TestCaseExecutor.java:439)
	at com.kms.katalon.core.main.TestCaseExecutor.processExecutionPhase(TestCaseExecutor.java:418)
	at com.kms.katalon.core.main.TestCaseExecutor.accessMainPhase(TestCaseExecutor.java:410)
	at com.kms.katalon.core.main.TestCaseExecutor.execute(TestCaseExecutor.java:285)
	at com.kms.katalon.core.common.CommonExecutor.accessTestCaseMainPhase(CommonExecutor.java:65)
	at com.kms.katalon.core.main.TestSuiteExecutor.accessTestSuiteMainPhase(TestSuiteExecutor.java:148)
	at com.kms.katalon.core.main.TestSuiteExecutor.execute(TestSuiteExecutor.java:106)
	at com.kms.katalon.core.main.TestCaseMain.startTestSuite(TestCaseMain.java:187)
	at com.kms.katalon.core.main.TestCaseMain$startTestSuite$0.call(Unknown Source)
	at TempTestSuite1731019020691.run(TempTestSuite1731019020691.groovy:35)
Caused by: org.openqa.selenium.NoSuchElementException: Cannot locate element with text: Estate Tax
For documentation on this error, please visit: https://www.seleniumhq.org/exceptions/no_such_element.html
Build info: version: '3.141.59', revision: 'e82be7d358', time: '2018-11-14T08:25:53'
System info: host: 'DESKTOP-B2QI6NS', ip: '172.31.253.185', os.name: 'Windows 10', os.arch: 'amd64', os.version: '10.0', java.version: '1.8.0_181'
Driver info: driver.version: unknown
	at org.openqa.selenium.support.ui.Select.selectByVisibleText(Select.java:147)
	at com.kms.katalon.core.webui.common.WebUiCommonHelper.selectOrDeselectOptionsByLabel(WebUiCommonHelper.java:310)
	at com.kms.katalon.core.webui.keyword.builtin.SelectOptionByLabelKeyword$_selectOptionByLabel_closure1.doCall(SelectOptionByLabelKeyword.groovy:87)
	at com.kms.katalon.core.webui.keyword.builtin.SelectOptionByLabelKeyword$_selectOptionByLabel_closure1.call(SelectOptionByLabelKeyword.groovy)
	at com.kms.katalon.core.webui.keyword.internal.WebUIKeywordMain.runKeyword(WebUIKeywordMain.groovy:20)
	at com.kms.katalon.core.webui.keyword.builtin.SelectOptionByLabelKeyword.selectOptionByLabel(SelectOptionByLabelKeyword.groovy:98)
	at com.kms.katalon.core.webui.keyword.builtin.SelectOptionByLabelKeyword.execute(SelectOptionByLabelKeyword.groovy:71)
	at com.kms.katalon.core.keyword.internal.KeywordExecutor.executeKeywordForPlatform(KeywordExecutor.groovy:74)
	at com.kms.katalon.core.webui.keyword.WebUiBuiltInKeywords.selectOptionByLabel(WebUiBuiltInKeywords.groovy:1230)
	at com.kms.katalon.core.webui.keyword.WebUiBuiltInKeywords$selectOptionByLabel$2.call(Unknown Source)
	at Script1696265299704.run(Script1696265299704.groovy:100)
	... 13 more
)

2024-11-07 18:34:14 - [MESSAGE][FAILED] - Unable to select option by label 'Estate Tax' of object 'Object Repository/RAD_Pages/Landing_Page/select_NewTaxReturnAmountDue_TaxType'  (Root cause: com.kms.katalon.core.exception.StepFailedException: Unable to select option by label 'Estate Tax' of object 'Object Repository/RAD_Pages/Landing_Page/select_NewTaxReturnAmountDue_TaxType' 
	at com.kms.katalon.core.webui.keyword.internal.WebUIKeywordMain.stepFailed(WebUIKeywordMain.groovy:64)
	at com.kms.katalon.core.webui.keyword.internal.WebUIKeywordMain.runKeyword(WebUIKeywordMain.groovy:26)
	at com.kms.katalon.core.webui.keyword.builtin.SelectOptionByLabelKeyword.selectOptionByLabel(SelectOptionByLabelKeyword.groovy:98)
	at com.kms.katalon.core.webui.keyword.builtin.SelectOptionByLabelKeyword.execute(SelectOptionByLabelKeyword.groovy:71)
	at com.kms.katalon.core.keyword.internal.KeywordExecutor.executeKeywordForPlatform(KeywordExecutor.groovy:74)
	at com.kms.katalon.core.webui.keyword.WebUiBuiltInKeywords.selectOptionByLabel(WebUiBuiltInKeywords.groovy:1230)
	at com.kms.katalon.core.webui.keyword.WebUiBuiltInKeywords$selectOptionByLabel$2.call(Unknown Source)
	at Personal_Individual_MRF_TC.run(Personal_Individual_MRF_TC:100)
	at com.kms.katalon.core.main.ScriptEngine.run(ScriptEngine.java:194)
	at com.kms.katalon.core.main.ScriptEngine.runScriptAsRawText(ScriptEngine.java:119)
	at com.kms.katalon.core.main.TestCaseExecutor.runScript(TestCaseExecutor.java:448)
	at com.kms.katalon.core.main.TestCaseExecutor.doExecute(TestCaseExecutor.java:439)
	at com.kms.katalon.core.main.TestCaseExecutor.processExecutionPhase(TestCaseExecutor.java:418)
	at com.kms.katalon.core.main.TestCaseExecutor.accessMainPhase(TestCaseExecutor.java:410)
	at com.kms.katalon.core.main.TestCaseExecutor.execute(TestCaseExecutor.java:285)
	at com.kms.katalon.core.common.CommonExecutor.accessTestCaseMainPhase(CommonExecutor.java:65)
	at com.kms.katalon.core.main.TestSuiteExecutor.accessTestSuiteMainPhase(TestSuiteExecutor.java:148)
	at com.kms.katalon.core.main.TestSuiteExecutor.execute(TestSuiteExecutor.java:106)
	at com.kms.katalon.core.main.TestCaseMain.startTestSuite(TestCaseMain.java:187)
	at com.kms.katalon.core.main.TestCaseMain$startTestSuite$0.call(Unknown Source)
	at TempTestSuite1731019020691.run(TempTestSuite1731019020691.groovy:35)
Caused by: org.openqa.selenium.NoSuchElementException: Cannot locate element with text: Estate Tax
For documentation on this error, please visit: https://www.seleniumhq.org/exceptions/no_such_element.html
Build info: version: '3.141.59', revision: 'e82be7d358', time: '2018-11-14T08:25:53'
System info: host: 'DESKTOP-B2QI6NS', ip: '172.31.253.185', os.name: 'Windows 10', os.arch: 'amd64', os.version: '10.0', java.version: '1.8.0_181'
Driver info: driver.version: unknown
	at org.openqa.selenium.support.ui.Select.selectByVisibleText(Select.java:147)
	at com.kms.katalon.core.webui.common.WebUiCommonHelper.selectOrDeselectOptionsByLabel(WebUiCommonHelper.java:310)
	at com.kms.katalon.core.webui.keyword.builtin.SelectOptionByLabelKeyword$_selectOptionByLabel_closure1.doCall(SelectOptionByLabelKeyword.groovy:87)
	at com.kms.katalon.core.webui.keyword.builtin.SelectOptionByLabelKeyword$_selectOptionByLabel_closure1.call(SelectOptionByLabelKeyword.groovy)
	at com.kms.katalon.core.webui.keyword.internal.WebUIKeywordMain.runKeyword(WebUIKeywordMain.groovy:20)
	at com.kms.katalon.core.webui.keyword.builtin.SelectOptionByLabelKeyword.selectOptionByLabel(SelectOptionByLabelKeyword.groovy:98)
	at com.kms.katalon.core.webui.keyword.builtin.SelectOptionByLabelKeyword.execute(SelectOptionByLabelKeyword.groovy:71)
	at com.kms.katalon.core.keyword.internal.KeywordExecutor.executeKeywordForPlatform(KeywordExecutor.groovy:74)
	at com.kms.katalon.core.webui.keyword.WebUiBuiltInKeywords.selectOptionByLabel(WebUiBuiltInKeywords.groovy:1230)
	at com.kms.katalon.core.webui.keyword.WebUiBuiltInKeywords$selectOptionByLabel$2.call(Unknown Source)
	at Script1696265299704.run(Script1696265299704.groovy:100)
	... 13 more
)
[[ATTACHMENT|E:\\Cloned-Project-Katalon\\VPS-Katalon\\Reports\\20241107_173700\\RAD_TestSuite\\RAD_UI_TestSuite\\20241107_173700\\1731022453979.png]]

2024-11-07 18:34:14 - [TEST_STEP][PASSED] - break: null

2024-11-07 18:34:14 - [TEST_STEP][PASSED] - if (!(FilingYear.isEmpty())): All options with label '2021' are selected in object 'Object Repository/RAD_Pages/TaxTypeFilingYear_Page/select_FilingYear' 

2024-11-07 18:34:14 - [TEST_STEP][PASSED] - selectOptionByLabel(findTestObject(orPath_TaxTypeFilingYear + "/select_FilingYear"), FilingYear, false): All options with label '2021' are selected in object 'Object Repository/RAD_Pages/TaxTypeFilingYear_Page/select_FilingYear' 

2024-11-07 18:34:15 - [MESSAGE][PASSED] - All options with label '2021' are selected in object 'Object Repository/RAD_Pages/TaxTypeFilingYear_Page/select_FilingYear' 

2024-11-07 18:34:15 - [TEST_STEP][PASSED] - setText(findTestObject(orPath_TaxPayer + "/input_firstName"), " "): Text ' ' is set on object 'Object Repository/RAD_Pages/Taxpayer_Page/input_firstName'

2024-11-07 18:34:15 - [MESSAGE][PASSED] - Text ' ' is set on object 'Object Repository/RAD_Pages/Taxpayer_Page/input_firstName'

2024-11-07 18:34:15 - [TEST_STEP][PASSED] - setText(findTestObject(orPath_TaxPayer + "/input_lastName"), " "): Text ' ' is set on object 'Object Repository/RAD_Pages/Taxpayer_Page/input_lastName'

2024-11-07 18:34:16 - [MESSAGE][PASSED] - Text ' ' is set on object 'Object Repository/RAD_Pages/Taxpayer_Page/input_lastName'

2024-11-07 18:34:16 - [TEST_STEP][FAILED] - if (TaxType.equalsIgnoreCase("Estate Tax")): null

2024-11-07 18:34:16 - [TEST_STEP][FAILED] - setText(findTestObject(orPath_TaxPayer + "/input_NewTax_DecedentSSN"), " "): Unable to set text ' ' of object 'Object Repository/RAD_Pages/Taxpayer_Page/input_NewTax_DecedentSSN' (Root cause: com.kms.katalon.core.exception.StepFailedException: Unable to set text ' ' of object 'Object Repository/RAD_Pages/Taxpayer_Page/input_NewTax_DecedentSSN'
	at com.kms.katalon.core.webui.keyword.internal.WebUIKeywordMain.stepFailed(WebUIKeywordMain.groovy:64)
	at com.kms.katalon.core.webui.keyword.internal.WebUIKeywordMain.runKeyword(WebUIKeywordMain.groovy:26)
	at com.kms.katalon.core.webui.keyword.builtin.SetTextKeyword.setText(SetTextKeyword.groovy:66)
	at com.kms.katalon.core.webui.keyword.builtin.SetTextKeyword.execute(SetTextKeyword.groovy:37)
	at com.kms.katalon.core.keyword.internal.KeywordExecutor.executeKeywordForPlatform(KeywordExecutor.groovy:74)
	at com.kms.katalon.core.webui.keyword.WebUiBuiltInKeywords.setText(WebUiBuiltInKeywords.groovy:980)
	at com.kms.katalon.core.webui.keyword.WebUiBuiltInKeywords$setText$9.call(Unknown Source)
	at Personal_Individual_MRF_TC.run(Personal_Individual_MRF_TC:126)
	at com.kms.katalon.core.main.ScriptEngine.run(ScriptEngine.java:194)
	at com.kms.katalon.core.main.ScriptEngine.runScriptAsRawText(ScriptEngine.java:119)
	at com.kms.katalon.core.main.TestCaseExecutor.runScript(TestCaseExecutor.java:448)
	at com.kms.katalon.core.main.TestCaseExecutor.doExecute(TestCaseExecutor.java:439)
	at com.kms.katalon.core.main.TestCaseExecutor.processExecutionPhase(TestCaseExecutor.java:418)
	at com.kms.katalon.core.main.TestCaseExecutor.accessMainPhase(TestCaseExecutor.java:410)
	at com.kms.katalon.core.main.TestCaseExecutor.execute(TestCaseExecutor.java:285)
	at com.kms.katalon.core.common.CommonExecutor.accessTestCaseMainPhase(CommonExecutor.java:65)
	at com.kms.katalon.core.main.TestSuiteExecutor.accessTestSuiteMainPhase(TestSuiteExecutor.java:148)
	at com.kms.katalon.core.main.TestSuiteExecutor.execute(TestSuiteExecutor.java:106)
	at com.kms.katalon.core.main.TestCaseMain.startTestSuite(TestCaseMain.java:187)
	at com.kms.katalon.core.main.TestCaseMain$startTestSuite$0.call(Unknown Source)
	at TempTestSuite1731019020691.run(TempTestSuite1731019020691.groovy:35)
Caused by: org.openqa.selenium.ElementNotInteractableException: element not interactable
  (Session info: chrome=130.0.6723.92)
Build info: version: '3.141.59', revision: 'e82be7d358', time: '2018-11-14T08:25:53'
System info: host: 'DESKTOP-B2QI6NS', ip: '172.31.253.185', os.name: 'Windows 10', os.arch: 'amd64', os.version: '10.0', java.version: '1.8.0_181'
Driver info: com.kms.katalon.selenium.driver.CChromeDriver
Capabilities {acceptInsecureCerts: true, browserName: chrome, browserVersion: 130.0.6723.92, chrome: {chromedriverVersion: 129.0.6668.89 (951c0b97221f..., userDataDir: C:\Users\imtiaz\AppData\Loc...}, fedcm:accounts: true, goog:chromeOptions: {debuggerAddress: localhost:56048}, javascriptEnabled: true, networkConnectionEnabled: false, pageLoadStrategy: normal, platform: WINDOWS, platformName: WINDOWS, proxy: Proxy(), setWindowRect: true, strictFileInteractability: false, timeouts: {implicit: 0, pageLoad: 300000, script: 30000}, unhandledPromptBehavior: dismiss and notify, webauthn:extension:credBlob: true, webauthn:extension:largeBlob: true, webauthn:extension:minPinLength: true, webauthn:extension:prf: true, webauthn:virtualAuthenticators: true}
Session ID: 2f1b0d6f6b666430da43bb7d8da599f8
	at org.openqa.selenium.remote.http.W3CHttpResponseCodec.createException(W3CHttpResponseCodec.java:187)
	at org.openqa.selenium.remote.http.W3CHttpResponseCodec.decode(W3CHttpResponseCodec.java:122)
	at org.openqa.selenium.remote.http.W3CHttpResponseCodec.decode(W3CHttpResponseCodec.java:49)
	at org.openqa.selenium.remote.HttpCommandExecutor.execute(HttpCommandExecutor.java:158)
	at org.openqa.selenium.remote.service.DriverCommandExecutor.execute(DriverCommandExecutor.java:83)
	at org.openqa.selenium.remote.RemoteWebDriver.execute(RemoteWebDriver.java:552)
	at com.kms.katalon.selenium.driver.CChromeDriver.execute(CChromeDriver.java:19)
	at org.openqa.selenium.remote.RemoteWebElement.execute(RemoteWebElement.java:285)
	at org.openqa.selenium.remote.RemoteWebElement.clear(RemoteWebElement.java:124)
	at org.openqa.selenium.support.events.EventFiringWebDriver$EventFiringWebElement.lambda$new$0(EventFiringWebDriver.java:404)
	at com.sun.proxy.$Proxy11.clear(Unknown Source)
	at org.openqa.selenium.support.events.EventFiringWebDriver$EventFiringWebElement.clear(EventFiringWebDriver.java:436)
	at com.kms.katalon.core.webui.keyword.builtin.SetTextKeyword$_setText_closure1.doCall(SetTextKeyword.groovy:53)
	at com.kms.katalon.core.webui.keyword.builtin.SetTextKeyword$_setText_closure1.call(SetTextKeyword.groovy)
	at com.kms.katalon.core.webui.keyword.internal.WebUIKeywordMain.runKeyword(WebUIKeywordMain.groovy:20)
	at com.kms.katalon.core.webui.keyword.builtin.SetTextKeyword.setText(SetTextKeyword.groovy:66)
	at com.kms.katalon.core.webui.keyword.builtin.SetTextKeyword.execute(SetTextKeyword.groovy:37)
	at com.kms.katalon.core.keyword.internal.KeywordExecutor.executeKeywordForPlatform(KeywordExecutor.groovy:74)
	at com.kms.katalon.core.webui.keyword.WebUiBuiltInKeywords.setText(WebUiBuiltInKeywords.groovy:980)
	at com.kms.katalon.core.webui.keyword.WebUiBuiltInKeywords$setText$9.call(Unknown Source)
	at Script1696265299704.run(Script1696265299704.groovy:126)
	... 13 more
)

2024-11-07 18:34:17 - [MESSAGE][FAILED] - Unable to set text ' ' of object 'Object Repository/RAD_Pages/Taxpayer_Page/input_NewTax_DecedentSSN' (Root cause: com.kms.katalon.core.exception.StepFailedException: Unable to set text ' ' of object 'Object Repository/RAD_Pages/Taxpayer_Page/input_NewTax_DecedentSSN'
	at com.kms.katalon.core.webui.keyword.internal.WebUIKeywordMain.stepFailed(WebUIKeywordMain.groovy:64)
	at com.kms.katalon.core.webui.keyword.internal.WebUIKeywordMain.runKeyword(WebUIKeywordMain.groovy:26)
	at com.kms.katalon.core.webui.keyword.builtin.SetTextKeyword.setText(SetTextKeyword.groovy:66)
	at com.kms.katalon.core.webui.keyword.builtin.SetTextKeyword.execute(SetTextKeyword.groovy:37)
	at com.kms.katalon.core.keyword.internal.KeywordExecutor.executeKeywordForPlatform(KeywordExecutor.groovy:74)
	at com.kms.katalon.core.webui.keyword.WebUiBuiltInKeywords.setText(WebUiBuiltInKeywords.groovy:980)
	at com.kms.katalon.core.webui.keyword.WebUiBuiltInKeywords$setText$9.call(Unknown Source)
	at Personal_Individual_MRF_TC.run(Personal_Individual_MRF_TC:126)
	at com.kms.katalon.core.main.ScriptEngine.run(ScriptEngine.java:194)
	at com.kms.katalon.core.main.ScriptEngine.runScriptAsRawText(ScriptEngine.java:119)
	at com.kms.katalon.core.main.TestCaseExecutor.runScript(TestCaseExecutor.java:448)
	at com.kms.katalon.core.main.TestCaseExecutor.doExecute(TestCaseExecutor.java:439)
	at com.kms.katalon.core.main.TestCaseExecutor.processExecutionPhase(TestCaseExecutor.java:418)
	at com.kms.katalon.core.main.TestCaseExecutor.accessMainPhase(TestCaseExecutor.java:410)
	at com.kms.katalon.core.main.TestCaseExecutor.execute(TestCaseExecutor.java:285)
	at com.kms.katalon.core.common.CommonExecutor.accessTestCaseMainPhase(CommonExecutor.java:65)
	at com.kms.katalon.core.main.TestSuiteExecutor.accessTestSuiteMainPhase(TestSuiteExecutor.java:148)
	at com.kms.katalon.core.main.TestSuiteExecutor.execute(TestSuiteExecutor.java:106)
	at com.kms.katalon.core.main.TestCaseMain.startTestSuite(TestCaseMain.java:187)
	at com.kms.katalon.core.main.TestCaseMain$startTestSuite$0.call(Unknown Source)
	at TempTestSuite1731019020691.run(TempTestSuite1731019020691.groovy:35)
Caused by: org.openqa.selenium.ElementNotInteractableException: element not interactable
  (Session info: chrome=130.0.6723.92)
Build info: version: '3.141.59', revision: 'e82be7d358', time: '2018-11-14T08:25:53'
System info: host: 'DESKTOP-B2QI6NS', ip: '172.31.253.185', os.name: 'Windows 10', os.arch: 'amd64', os.version: '10.0', java.version: '1.8.0_181'
Driver info: com.kms.katalon.selenium.driver.CChromeDriver
Capabilities {acceptInsecureCerts: true, browserName: chrome, browserVersion: 130.0.6723.92, chrome: {chromedriverVersion: 129.0.6668.89 (951c0b97221f..., userDataDir: C:\Users\imtiaz\AppData\Loc...}, fedcm:accounts: true, goog:chromeOptions: {debuggerAddress: localhost:56048}, javascriptEnabled: true, networkConnectionEnabled: false, pageLoadStrategy: normal, platform: WINDOWS, platformName: WINDOWS, proxy: Proxy(), setWindowRect: true, strictFileInteractability: false, timeouts: {implicit: 0, pageLoad: 300000, script: 30000}, unhandledPromptBehavior: dismiss and notify, webauthn:extension:credBlob: true, webauthn:extension:largeBlob: true, webauthn:extension:minPinLength: true, webauthn:extension:prf: true, webauthn:virtualAuthenticators: true}
Session ID: 2f1b0d6f6b666430da43bb7d8da599f8
	at org.openqa.selenium.remote.http.W3CHttpResponseCodec.createException(W3CHttpResponseCodec.java:187)
	at org.openqa.selenium.remote.http.W3CHttpResponseCodec.decode(W3CHttpResponseCodec.java:122)
	at org.openqa.selenium.remote.http.W3CHttpResponseCodec.decode(W3CHttpResponseCodec.java:49)
	at org.openqa.selenium.remote.HttpCommandExecutor.execute(HttpCommandExecutor.java:158)
	at org.openqa.selenium.remote.service.DriverCommandExecutor.execute(DriverCommandExecutor.java:83)
	at org.openqa.selenium.remote.RemoteWebDriver.execute(RemoteWebDriver.java:552)
	at com.kms.katalon.selenium.driver.CChromeDriver.execute(CChromeDriver.java:19)
	at org.openqa.selenium.remote.RemoteWebElement.execute(RemoteWebElement.java:285)
	at org.openqa.selenium.remote.RemoteWebElement.clear(RemoteWebElement.java:124)
	at org.openqa.selenium.support.events.EventFiringWebDriver$EventFiringWebElement.lambda$new$0(EventFiringWebDriver.java:404)
	at com.sun.proxy.$Proxy11.clear(Unknown Source)
	at org.openqa.selenium.support.events.EventFiringWebDriver$EventFiringWebElement.clear(EventFiringWebDriver.java:436)
	at com.kms.katalon.core.webui.keyword.builtin.SetTextKeyword$_setText_closure1.doCall(SetTextKeyword.groovy:53)
	at com.kms.katalon.core.webui.keyword.builtin.SetTextKeyword$_setText_closure1.call(SetTextKeyword.groovy)
	at com.kms.katalon.core.webui.keyword.internal.WebUIKeywordMain.runKeyword(WebUIKeywordMain.groovy:20)
	at com.kms.katalon.core.webui.keyword.builtin.SetTextKeyword.setText(SetTextKeyword.groovy:66)
	at com.kms.katalon.core.webui.keyword.builtin.SetTextKeyword.execute(SetTextKeyword.groovy:37)
	at com.kms.katalon.core.keyword.internal.KeywordExecutor.executeKeywordForPlatform(KeywordExecutor.groovy:74)
	at com.kms.katalon.core.webui.keyword.WebUiBuiltInKeywords.setText(WebUiBuiltInKeywords.groovy:980)
	at com.kms.katalon.core.webui.keyword.WebUiBuiltInKeywords$setText$9.call(Unknown Source)
	at Script1696265299704.run(Script1696265299704.groovy:126)
	... 13 more
)
[[ATTACHMENT|E:\\Cloned-Project-Katalon\\VPS-Katalon\\Reports\\20241107_173700\\RAD_TestSuite\\RAD_UI_TestSuite\\20241107_173700\\1731022456962.png]]

2024-11-07 18:34:17 - [TEST_STEP][FAILED] - setText(findTestObject(orPath_TaxPayer + "/input_NewTax_ReTypeDecedentSSN"), " "): Unable to set text ' ' of object 'Object Repository/RAD_Pages/Taxpayer_Page/input_NewTax_ReTypeDecedentSSN' (Root cause: com.kms.katalon.core.exception.StepFailedException: Unable to set text ' ' of object 'Object Repository/RAD_Pages/Taxpayer_Page/input_NewTax_ReTypeDecedentSSN'
	at com.kms.katalon.core.webui.keyword.internal.WebUIKeywordMain.stepFailed(WebUIKeywordMain.groovy:64)
	at com.kms.katalon.core.webui.keyword.internal.WebUIKeywordMain.runKeyword(WebUIKeywordMain.groovy:26)
	at com.kms.katalon.core.webui.keyword.builtin.SetTextKeyword.setText(SetTextKeyword.groovy:66)
	at com.kms.katalon.core.webui.keyword.builtin.SetTextKeyword.execute(SetTextKeyword.groovy:37)
	at com.kms.katalon.core.keyword.internal.KeywordExecutor.executeKeywordForPlatform(KeywordExecutor.groovy:74)
	at com.kms.katalon.core.webui.keyword.WebUiBuiltInKeywords.setText(WebUiBuiltInKeywords.groovy:980)
	at com.kms.katalon.core.webui.keyword.WebUiBuiltInKeywords$setText$9.call(Unknown Source)
	at Personal_Individual_MRF_TC.run(Personal_Individual_MRF_TC:127)
	at com.kms.katalon.core.main.ScriptEngine.run(ScriptEngine.java:194)
	at com.kms.katalon.core.main.ScriptEngine.runScriptAsRawText(ScriptEngine.java:119)
	at com.kms.katalon.core.main.TestCaseExecutor.runScript(TestCaseExecutor.java:448)
	at com.kms.katalon.core.main.TestCaseExecutor.doExecute(TestCaseExecutor.java:439)
	at com.kms.katalon.core.main.TestCaseExecutor.processExecutionPhase(TestCaseExecutor.java:418)
	at com.kms.katalon.core.main.TestCaseExecutor.accessMainPhase(TestCaseExecutor.java:410)
	at com.kms.katalon.core.main.TestCaseExecutor.execute(TestCaseExecutor.java:285)
	at com.kms.katalon.core.common.CommonExecutor.accessTestCaseMainPhase(CommonExecutor.java:65)
	at com.kms.katalon.core.main.TestSuiteExecutor.accessTestSuiteMainPhase(TestSuiteExecutor.java:148)
	at com.kms.katalon.core.main.TestSuiteExecutor.execute(TestSuiteExecutor.java:106)
	at com.kms.katalon.core.main.TestCaseMain.startTestSuite(TestCaseMain.java:187)
	at com.kms.katalon.core.main.TestCaseMain$startTestSuite$0.call(Unknown Source)
	at TempTestSuite1731019020691.run(TempTestSuite1731019020691.groovy:35)
Caused by: org.openqa.selenium.ElementNotInteractableException: element not interactable
  (Session info: chrome=130.0.6723.92)
Build info: version: '3.141.59', revision: 'e82be7d358', time: '2018-11-14T08:25:53'
System info: host: 'DESKTOP-B2QI6NS', ip: '172.31.253.185', os.name: 'Windows 10', os.arch: 'amd64', os.version: '10.0', java.version: '1.8.0_181'
Driver info: com.kms.katalon.selenium.driver.CChromeDriver
Capabilities {acceptInsecureCerts: true, browserName: chrome, browserVersion: 130.0.6723.92, chrome: {chromedriverVersion: 129.0.6668.89 (951c0b97221f..., userDataDir: C:\Users\imtiaz\AppData\Loc...}, fedcm:accounts: true, goog:chromeOptions: {debuggerAddress: localhost:56048}, javascriptEnabled: true, networkConnectionEnabled: false, pageLoadStrategy: normal, platform: WINDOWS, platformName: WINDOWS, proxy: Proxy(), setWindowRect: true, strictFileInteractability: false, timeouts: {implicit: 0, pageLoad: 300000, script: 30000}, unhandledPromptBehavior: dismiss and notify, webauthn:extension:credBlob: true, webauthn:extension:largeBlob: true, webauthn:extension:minPinLength: true, webauthn:extension:prf: true, webauthn:virtualAuthenticators: true}
Session ID: 2f1b0d6f6b666430da43bb7d8da599f8
	at org.openqa.selenium.remote.http.W3CHttpResponseCodec.createException(W3CHttpResponseCodec.java:187)
	at org.openqa.selenium.remote.http.W3CHttpResponseCodec.decode(W3CHttpResponseCodec.java:122)
	at org.openqa.selenium.remote.http.W3CHttpResponseCodec.decode(W3CHttpResponseCodec.java:49)
	at org.openqa.selenium.remote.HttpCommandExecutor.execute(HttpCommandExecutor.java:158)
	at org.openqa.selenium.remote.service.DriverCommandExecutor.execute(DriverCommandExecutor.java:83)
	at org.openqa.selenium.remote.RemoteWebDriver.execute(RemoteWebDriver.java:552)
	at com.kms.katalon.selenium.driver.CChromeDriver.execute(CChromeDriver.java:19)
	at org.openqa.selenium.remote.RemoteWebElement.execute(RemoteWebElement.java:285)
	at org.openqa.selenium.remote.RemoteWebElement.clear(RemoteWebElement.java:124)
	at org.openqa.selenium.support.events.EventFiringWebDriver$EventFiringWebElement.lambda$new$0(EventFiringWebDriver.java:404)
	at com.sun.proxy.$Proxy11.clear(Unknown Source)
	at org.openqa.selenium.support.events.EventFiringWebDriver$EventFiringWebElement.clear(EventFiringWebDriver.java:436)
	at com.kms.katalon.core.webui.keyword.builtin.SetTextKeyword$_setText_closure1.doCall(SetTextKeyword.groovy:53)
	at com.kms.katalon.core.webui.keyword.builtin.SetTextKeyword$_setText_closure1.call(SetTextKeyword.groovy)
	at com.kms.katalon.core.webui.keyword.internal.WebUIKeywordMain.runKeyword(WebUIKeywordMain.groovy:20)
	at com.kms.katalon.core.webui.keyword.builtin.SetTextKeyword.setText(SetTextKeyword.groovy:66)
	at com.kms.katalon.core.webui.keyword.builtin.SetTextKeyword.execute(SetTextKeyword.groovy:37)
	at com.kms.katalon.core.keyword.internal.KeywordExecutor.executeKeywordForPlatform(KeywordExecutor.groovy:74)
	at com.kms.katalon.core.webui.keyword.WebUiBuiltInKeywords.setText(WebUiBuiltInKeywords.groovy:980)
	at com.kms.katalon.core.webui.keyword.WebUiBuiltInKeywords$setText$9.call(Unknown Source)
	at Script1696265299704.run(Script1696265299704.groovy:127)
	... 13 more
)

2024-11-07 18:34:17 - [MESSAGE][FAILED] - Unable to set text ' ' of object 'Object Repository/RAD_Pages/Taxpayer_Page/input_NewTax_ReTypeDecedentSSN' (Root cause: com.kms.katalon.core.exception.StepFailedException: Unable to set text ' ' of object 'Object Repository/RAD_Pages/Taxpayer_Page/input_NewTax_ReTypeDecedentSSN'
	at com.kms.katalon.core.webui.keyword.internal.WebUIKeywordMain.stepFailed(WebUIKeywordMain.groovy:64)
	at com.kms.katalon.core.webui.keyword.internal.WebUIKeywordMain.runKeyword(WebUIKeywordMain.groovy:26)
	at com.kms.katalon.core.webui.keyword.builtin.SetTextKeyword.setText(SetTextKeyword.groovy:66)
	at com.kms.katalon.core.webui.keyword.builtin.SetTextKeyword.execute(SetTextKeyword.groovy:37)
	at com.kms.katalon.core.keyword.internal.KeywordExecutor.executeKeywordForPlatform(KeywordExecutor.groovy:74)
	at com.kms.katalon.core.webui.keyword.WebUiBuiltInKeywords.setText(WebUiBuiltInKeywords.groovy:980)
	at com.kms.katalon.core.webui.keyword.WebUiBuiltInKeywords$setText$9.call(Unknown Source)
	at Personal_Individual_MRF_TC.run(Personal_Individual_MRF_TC:127)
	at com.kms.katalon.core.main.ScriptEngine.run(ScriptEngine.java:194)
	at com.kms.katalon.core.main.ScriptEngine.runScriptAsRawText(ScriptEngine.java:119)
	at com.kms.katalon.core.main.TestCaseExecutor.runScript(TestCaseExecutor.java:448)
	at com.kms.katalon.core.main.TestCaseExecutor.doExecute(TestCaseExecutor.java:439)
	at com.kms.katalon.core.main.TestCaseExecutor.processExecutionPhase(TestCaseExecutor.java:418)
	at com.kms.katalon.core.main.TestCaseExecutor.accessMainPhase(TestCaseExecutor.java:410)
	at com.kms.katalon.core.main.TestCaseExecutor.execute(TestCaseExecutor.java:285)
	at com.kms.katalon.core.common.CommonExecutor.accessTestCaseMainPhase(CommonExecutor.java:65)
	at com.kms.katalon.core.main.TestSuiteExecutor.accessTestSuiteMainPhase(TestSuiteExecutor.java:148)
	at com.kms.katalon.core.main.TestSuiteExecutor.execute(TestSuiteExecutor.java:106)
	at com.kms.katalon.core.main.TestCaseMain.startTestSuite(TestCaseMain.java:187)
	at com.kms.katalon.core.main.TestCaseMain$startTestSuite$0.call(Unknown Source)
	at TempTestSuite1731019020691.run(TempTestSuite1731019020691.groovy:35)
Caused by: org.openqa.selenium.ElementNotInteractableException: element not interactable
  (Session info: chrome=130.0.6723.92)
Build info: version: '3.141.59', revision: 'e82be7d358', time: '2018-11-14T08:25:53'
System info: host: 'DESKTOP-B2QI6NS', ip: '172.31.253.185', os.name: 'Windows 10', os.arch: 'amd64', os.version: '10.0', java.version: '1.8.0_181'
Driver info: com.kms.katalon.selenium.driver.CChromeDriver
Capabilities {acceptInsecureCerts: true, browserName: chrome, browserVersion: 130.0.6723.92, chrome: {chromedriverVersion: 129.0.6668.89 (951c0b97221f..., userDataDir: C:\Users\imtiaz\AppData\Loc...}, fedcm:accounts: true, goog:chromeOptions: {debuggerAddress: localhost:56048}, javascriptEnabled: true, networkConnectionEnabled: false, pageLoadStrategy: normal, platform: WINDOWS, platformName: WINDOWS, proxy: Proxy(), setWindowRect: true, strictFileInteractability: false, timeouts: {implicit: 0, pageLoad: 300000, script: 30000}, unhandledPromptBehavior: dismiss and notify, webauthn:extension:credBlob: true, webauthn:extension:largeBlob: true, webauthn:extension:minPinLength: true, webauthn:extension:prf: true, webauthn:virtualAuthenticators: true}
Session ID: 2f1b0d6f6b666430da43bb7d8da599f8
	at org.openqa.selenium.remote.http.W3CHttpResponseCodec.createException(W3CHttpResponseCodec.java:187)
	at org.openqa.selenium.remote.http.W3CHttpResponseCodec.decode(W3CHttpResponseCodec.java:122)
	at org.openqa.selenium.remote.http.W3CHttpResponseCodec.decode(W3CHttpResponseCodec.java:49)
	at org.openqa.selenium.remote.HttpCommandExecutor.execute(HttpCommandExecutor.java:158)
	at org.openqa.selenium.remote.service.DriverCommandExecutor.execute(DriverCommandExecutor.java:83)
	at org.openqa.selenium.remote.RemoteWebDriver.execute(RemoteWebDriver.java:552)
	at com.kms.katalon.selenium.driver.CChromeDriver.execute(CChromeDriver.java:19)
	at org.openqa.selenium.remote.RemoteWebElement.execute(RemoteWebElement.java:285)
	at org.openqa.selenium.remote.RemoteWebElement.clear(RemoteWebElement.java:124)
	at org.openqa.selenium.support.events.EventFiringWebDriver$EventFiringWebElement.lambda$new$0(EventFiringWebDriver.java:404)
	at com.sun.proxy.$Proxy11.clear(Unknown Source)
	at org.openqa.selenium.support.events.EventFiringWebDriver$EventFiringWebElement.clear(EventFiringWebDriver.java:436)
	at com.kms.katalon.core.webui.keyword.builtin.SetTextKeyword$_setText_closure1.doCall(SetTextKeyword.groovy:53)
	at com.kms.katalon.core.webui.keyword.builtin.SetTextKeyword$_setText_closure1.call(SetTextKeyword.groovy)
	at com.kms.katalon.core.webui.keyword.internal.WebUIKeywordMain.runKeyword(WebUIKeywordMain.groovy:20)
	at com.kms.katalon.core.webui.keyword.builtin.SetTextKeyword.setText(SetTextKeyword.groovy:66)
	at com.kms.katalon.core.webui.keyword.builtin.SetTextKeyword.execute(SetTextKeyword.groovy:37)
	at com.kms.katalon.core.keyword.internal.KeywordExecutor.executeKeywordForPlatform(KeywordExecutor.groovy:74)
	at com.kms.katalon.core.webui.keyword.WebUiBuiltInKeywords.setText(WebUiBuiltInKeywords.groovy:980)
	at com.kms.katalon.core.webui.keyword.WebUiBuiltInKeywords$setText$9.call(Unknown Source)
	at Script1696265299704.run(Script1696265299704.groovy:127)
	... 13 more
)
[[ATTACHMENT|E:\\Cloned-Project-Katalon\\VPS-Katalon\\Reports\\20241107_173700\\RAD_TestSuite\\RAD_UI_TestSuite\\20241107_173700\\1731022457667.png]]

2024-11-07 18:34:17 - [TEST_STEP][PASSED] - setText(findTestObject(orPath_AddressContact + "/input_streetAddress1"), " "): Text ' ' is set on object 'Object Repository/RAD_Pages/AddressAndContactInfo_Page/input_streetAddress1'

2024-11-07 18:34:18 - [MESSAGE][PASSED] - Text ' ' is set on object 'Object Repository/RAD_Pages/AddressAndContactInfo_Page/input_streetAddress1'

2024-11-07 18:34:18 - [TEST_STEP][PASSED] - setText(findTestObject(orPath_AddressContact + "/input_city"), " "): Text ' ' is set on object 'Object Repository/RAD_Pages/AddressAndContactInfo_Page/input_city'

2024-11-07 18:34:19 - [MESSAGE][PASSED] - Text ' ' is set on object 'Object Repository/RAD_Pages/AddressAndContactInfo_Page/input_city'

2024-11-07 18:34:19 - [TEST_STEP][PASSED] - setText(findTestObject(orPath_AddressContact + "/input_zipCode"), " "): Text ' ' is set on object 'Object Repository/RAD_Pages/AddressAndContactInfo_Page/input_zipCode'

2024-11-07 18:34:20 - [MESSAGE][PASSED] - Text ' ' is set on object 'Object Repository/RAD_Pages/AddressAndContactInfo_Page/input_zipCode'

2024-11-07 18:34:20 - [TEST_STEP][PASSED] - setText(findTestObject(orPath_AddressContact + "/input_phoneNumber"), " "): Text ' ' is set on object 'Object Repository/RAD_Pages/AddressAndContactInfo_Page/input_phoneNumber'

2024-11-07 18:34:20 - [MESSAGE][PASSED] - Text ' ' is set on object 'Object Repository/RAD_Pages/AddressAndContactInfo_Page/input_phoneNumber'

2024-11-07 18:34:20 - [TEST_STEP][PASSED] - setText(findTestObject(orPath_AddressContact + "/input_eMailAddress"), " "): Text ' ' is set on object 'Object Repository/RAD_Pages/AddressAndContactInfo_Page/input_eMailAddress'

2024-11-07 18:34:21 - [MESSAGE][PASSED] - Text ' ' is set on object 'Object Repository/RAD_Pages/AddressAndContactInfo_Page/input_eMailAddress'

2024-11-07 18:34:21 - [TEST_STEP][PASSED] - setText(findTestObject(orPath_AddressContact + "/input_reEnterEMailAddress"), " "): Text ' ' is set on object 'Object Repository/RAD_Pages/AddressAndContactInfo_Page/input_reEnterEMailAddress'

2024-11-07 18:34:22 - [MESSAGE][PASSED] - Text ' ' is set on object 'Object Repository/RAD_Pages/AddressAndContactInfo_Page/input_reEnterEMailAddress'

2024-11-07 18:34:22 - [TEST_STEP][PASSED] - resText = "Fail": null

2024-11-07 18:34:22 - [TEST_STEP][PASSED] - pages.WriteExcel.demoKey(resText, datText, resColumn, datCloumn, fileLoc, nameSheet, row): pages.WriteExcel.demoKey is PASSED

2024-11-07 18:34:22 - [MESSAGE][PASSED] - pages.WriteExcel.demoKey is PASSED

2024-11-07 18:34:22 - [TEST_STEP][PASSED] - verifyTextPresent("Enter first name", true, CONTINUE_ON_FAILURE): Text 'Enter first name' is present on page  using regular expression

2024-11-07 18:34:22 - [MESSAGE][PASSED] - Text 'Enter first name' is present on page  using regular expression

2024-11-07 18:34:22 - [TEST_STEP][PASSED] - verifyTextPresent("Enter last name", true, CONTINUE_ON_FAILURE): Text 'Enter last name' is present on page  using regular expression

2024-11-07 18:34:23 - [MESSAGE][PASSED] - Text 'Enter last name' is present on page  using regular expression

2024-11-07 18:34:23 - [TEST_STEP][PASSED] - verifyTextPresent("Enter address", true, CONTINUE_ON_FAILURE): Text 'Enter address' is present on page  using regular expression

2024-11-07 18:34:23 - [MESSAGE][PASSED] - Text 'Enter address' is present on page  using regular expression

2024-11-07 18:34:23 - [TEST_STEP][PASSED] - verifyTextPresent("Enter city", true, CONTINUE_ON_FAILURE): Text 'Enter city' is present on page  using regular expression

2024-11-07 18:34:24 - [MESSAGE][PASSED] - Text 'Enter city' is present on page  using regular expression

2024-11-07 18:34:24 - [TEST_STEP][PASSED] - verifyTextPresent("Enter ZIP code", true, CONTINUE_ON_FAILURE): Text 'Enter ZIP code' is present on page  using regular expression

2024-11-07 18:34:24 - [MESSAGE][PASSED] - Text 'Enter ZIP code' is present on page  using regular expression

2024-11-07 18:34:24 - [TEST_STEP][PASSED] - verifyTextPresent("Enter a valid phone number", true, CONTINUE_ON_FAILURE): Text 'Enter a valid phone number' is present on page  using regular expression

2024-11-07 18:34:24 - [MESSAGE][PASSED] - Text 'Enter a valid phone number' is present on page  using regular expression

2024-11-07 18:34:24 - [TEST_STEP][PASSED] - verifyTextPresent("Enter Email", true, CONTINUE_ON_FAILURE): Text 'Enter Email' is present on page  using regular expression

2024-11-07 18:34:25 - [MESSAGE][PASSED] - Text 'Enter Email' is present on page  using regular expression

2024-11-07 18:34:25 - [TEST_STEP][FAILED] - if (TaxType.equalsIgnoreCase("Estate Tax")): null

2024-11-07 18:34:25 - [TEST_STEP][FAILED] - verifyTextPresent("Please enter a valid Decedent SSN with 9 digits", true, CONTINUE_ON_FAILURE): Text 'Please enter a valid Decedent SSN with 9 digits' is not present on page  using regular expression (Root cause: com.kms.katalon.core.exception.StepFailedException: Text 'Please enter a valid Decedent SSN with 9 digits' is not present on page  using regular expression
	at com.kms.katalon.core.webui.keyword.internal.WebUIKeywordMain.stepFailed(WebUIKeywordMain.groovy:64)
	at com.kms.katalon.core.webui.keyword.builtin.VerifyTextPresentKeyword$_verifyTextPresent_closure1.doCall(VerifyTextPresentKeyword.groovy:79)
	at com.kms.katalon.core.webui.keyword.builtin.VerifyTextPresentKeyword$_verifyTextPresent_closure1.call(VerifyTextPresentKeyword.groovy)
	at com.kms.katalon.core.webui.keyword.internal.WebUIKeywordMain.runKeyword(WebUIKeywordMain.groovy:20)
	at com.kms.katalon.core.webui.keyword.builtin.VerifyTextPresentKeyword.verifyTextPresent(VerifyTextPresentKeyword.groovy:83)
	at com.kms.katalon.core.webui.keyword.builtin.VerifyTextPresentKeyword.execute(VerifyTextPresentKeyword.groovy:68)
	at com.kms.katalon.core.keyword.internal.KeywordExecutor.executeKeywordForPlatform(KeywordExecutor.groovy:74)
	at com.kms.katalon.core.webui.keyword.WebUiBuiltInKeywords.verifyTextPresent(WebUiBuiltInKeywords.groovy:1707)
	at com.kms.katalon.core.webui.keyword.WebUiBuiltInKeywords$verifyTextPresent$11.call(Unknown Source)
	at Personal_Individual_MRF_TC.run(Personal_Individual_MRF_TC:164)
	at com.kms.katalon.core.main.ScriptEngine.run(ScriptEngine.java:194)
	at com.kms.katalon.core.main.ScriptEngine.runScriptAsRawText(ScriptEngine.java:119)
	at com.kms.katalon.core.main.TestCaseExecutor.runScript(TestCaseExecutor.java:448)
	at com.kms.katalon.core.main.TestCaseExecutor.doExecute(TestCaseExecutor.java:439)
	at com.kms.katalon.core.main.TestCaseExecutor.processExecutionPhase(TestCaseExecutor.java:418)
	at com.kms.katalon.core.main.TestCaseExecutor.accessMainPhase(TestCaseExecutor.java:410)
	at com.kms.katalon.core.main.TestCaseExecutor.execute(TestCaseExecutor.java:285)
	at com.kms.katalon.core.common.CommonExecutor.accessTestCaseMainPhase(CommonExecutor.java:65)
	at com.kms.katalon.core.main.TestSuiteExecutor.accessTestSuiteMainPhase(TestSuiteExecutor.java:148)
	at com.kms.katalon.core.main.TestSuiteExecutor.execute(TestSuiteExecutor.java:106)
	at com.kms.katalon.core.main.TestCaseMain.startTestSuite(TestCaseMain.java:187)
	at com.kms.katalon.core.main.TestCaseMain$startTestSuite$0.call(Unknown Source)
	at TempTestSuite1731019020691.run(TempTestSuite1731019020691.groovy:35)
)

2024-11-07 18:34:25 - [MESSAGE][FAILED] - Text 'Please enter a valid Decedent SSN with 9 digits' is not present on page  using regular expression (Root cause: com.kms.katalon.core.exception.StepFailedException: Text 'Please enter a valid Decedent SSN with 9 digits' is not present on page  using regular expression
	at com.kms.katalon.core.webui.keyword.internal.WebUIKeywordMain.stepFailed(WebUIKeywordMain.groovy:64)
	at com.kms.katalon.core.webui.keyword.builtin.VerifyTextPresentKeyword$_verifyTextPresent_closure1.doCall(VerifyTextPresentKeyword.groovy:79)
	at com.kms.katalon.core.webui.keyword.builtin.VerifyTextPresentKeyword$_verifyTextPresent_closure1.call(VerifyTextPresentKeyword.groovy)
	at com.kms.katalon.core.webui.keyword.internal.WebUIKeywordMain.runKeyword(WebUIKeywordMain.groovy:20)
	at com.kms.katalon.core.webui.keyword.builtin.VerifyTextPresentKeyword.verifyTextPresent(VerifyTextPresentKeyword.groovy:83)
	at com.kms.katalon.core.webui.keyword.builtin.VerifyTextPresentKeyword.execute(VerifyTextPresentKeyword.groovy:68)
	at com.kms.katalon.core.keyword.internal.KeywordExecutor.executeKeywordForPlatform(KeywordExecutor.groovy:74)
	at com.kms.katalon.core.webui.keyword.WebUiBuiltInKeywords.verifyTextPresent(WebUiBuiltInKeywords.groovy:1707)
	at com.kms.katalon.core.webui.keyword.WebUiBuiltInKeywords$verifyTextPresent$11.call(Unknown Source)
	at Personal_Individual_MRF_TC.run(Personal_Individual_MRF_TC:164)
	at com.kms.katalon.core.main.ScriptEngine.run(ScriptEngine.java:194)
	at com.kms.katalon.core.main.ScriptEngine.runScriptAsRawText(ScriptEngine.java:119)
	at com.kms.katalon.core.main.TestCaseExecutor.runScript(TestCaseExecutor.java:448)
	at com.kms.katalon.core.main.TestCaseExecutor.doExecute(TestCaseExecutor.java:439)
	at com.kms.katalon.core.main.TestCaseExecutor.processExecutionPhase(TestCaseExecutor.java:418)
	at com.kms.katalon.core.main.TestCaseExecutor.accessMainPhase(TestCaseExecutor.java:410)
	at com.kms.katalon.core.main.TestCaseExecutor.execute(TestCaseExecutor.java:285)
	at com.kms.katalon.core.common.CommonExecutor.accessTestCaseMainPhase(CommonExecutor.java:65)
	at com.kms.katalon.core.main.TestSuiteExecutor.accessTestSuiteMainPhase(TestSuiteExecutor.java:148)
	at com.kms.katalon.core.main.TestSuiteExecutor.execute(TestSuiteExecutor.java:106)
	at com.kms.katalon.core.main.TestCaseMain.startTestSuite(TestCaseMain.java:187)
	at com.kms.katalon.core.main.TestCaseMain$startTestSuite$0.call(Unknown Source)
	at TempTestSuite1731019020691.run(TempTestSuite1731019020691.groovy:35)
)

2024-11-07 18:34:25 - [TEST_STEP][FAILED] - verifyTextPresent("Re-type Decedent SSN Validation Error", true, CONTINUE_ON_FAILURE): Text 'Re-type Decedent SSN Validation Error' is not present on page  using regular expression (Root cause: com.kms.katalon.core.exception.StepFailedException: Text 'Re-type Decedent SSN Validation Error' is not present on page  using regular expression
	at com.kms.katalon.core.webui.keyword.internal.WebUIKeywordMain.stepFailed(WebUIKeywordMain.groovy:64)
	at com.kms.katalon.core.webui.keyword.builtin.VerifyTextPresentKeyword$_verifyTextPresent_closure1.doCall(VerifyTextPresentKeyword.groovy:79)
	at com.kms.katalon.core.webui.keyword.builtin.VerifyTextPresentKeyword$_verifyTextPresent_closure1.call(VerifyTextPresentKeyword.groovy)
	at com.kms.katalon.core.webui.keyword.internal.WebUIKeywordMain.runKeyword(WebUIKeywordMain.groovy:20)
	at com.kms.katalon.core.webui.keyword.builtin.VerifyTextPresentKeyword.verifyTextPresent(VerifyTextPresentKeyword.groovy:83)
	at com.kms.katalon.core.webui.keyword.builtin.VerifyTextPresentKeyword.execute(VerifyTextPresentKeyword.groovy:68)
	at com.kms.katalon.core.keyword.internal.KeywordExecutor.executeKeywordForPlatform(KeywordExecutor.groovy:74)
	at com.kms.katalon.core.webui.keyword.WebUiBuiltInKeywords.verifyTextPresent(WebUiBuiltInKeywords.groovy:1707)
	at com.kms.katalon.core.webui.keyword.WebUiBuiltInKeywords$verifyTextPresent$11.call(Unknown Source)
	at Personal_Individual_MRF_TC.run(Personal_Individual_MRF_TC:165)
	at com.kms.katalon.core.main.ScriptEngine.run(ScriptEngine.java:194)
	at com.kms.katalon.core.main.ScriptEngine.runScriptAsRawText(ScriptEngine.java:119)
	at com.kms.katalon.core.main.TestCaseExecutor.runScript(TestCaseExecutor.java:448)
	at com.kms.katalon.core.main.TestCaseExecutor.doExecute(TestCaseExecutor.java:439)
	at com.kms.katalon.core.main.TestCaseExecutor.processExecutionPhase(TestCaseExecutor.java:418)
	at com.kms.katalon.core.main.TestCaseExecutor.accessMainPhase(TestCaseExecutor.java:410)
	at com.kms.katalon.core.main.TestCaseExecutor.execute(TestCaseExecutor.java:285)
	at com.kms.katalon.core.common.CommonExecutor.accessTestCaseMainPhase(CommonExecutor.java:65)
	at com.kms.katalon.core.main.TestSuiteExecutor.accessTestSuiteMainPhase(TestSuiteExecutor.java:148)
	at com.kms.katalon.core.main.TestSuiteExecutor.execute(TestSuiteExecutor.java:106)
	at com.kms.katalon.core.main.TestCaseMain.startTestSuite(TestCaseMain.java:187)
	at com.kms.katalon.core.main.TestCaseMain$startTestSuite$0.call(Unknown Source)
	at TempTestSuite1731019020691.run(TempTestSuite1731019020691.groovy:35)
)

2024-11-07 18:34:25 - [MESSAGE][FAILED] - Text 'Re-type Decedent SSN Validation Error' is not present on page  using regular expression (Root cause: com.kms.katalon.core.exception.StepFailedException: Text 'Re-type Decedent SSN Validation Error' is not present on page  using regular expression
	at com.kms.katalon.core.webui.keyword.internal.WebUIKeywordMain.stepFailed(WebUIKeywordMain.groovy:64)
	at com.kms.katalon.core.webui.keyword.builtin.VerifyTextPresentKeyword$_verifyTextPresent_closure1.doCall(VerifyTextPresentKeyword.groovy:79)
	at com.kms.katalon.core.webui.keyword.builtin.VerifyTextPresentKeyword$_verifyTextPresent_closure1.call(VerifyTextPresentKeyword.groovy)
	at com.kms.katalon.core.webui.keyword.internal.WebUIKeywordMain.runKeyword(WebUIKeywordMain.groovy:20)
	at com.kms.katalon.core.webui.keyword.builtin.VerifyTextPresentKeyword.verifyTextPresent(VerifyTextPresentKeyword.groovy:83)
	at com.kms.katalon.core.webui.keyword.builtin.VerifyTextPresentKeyword.execute(VerifyTextPresentKeyword.groovy:68)
	at com.kms.katalon.core.keyword.internal.KeywordExecutor.executeKeywordForPlatform(KeywordExecutor.groovy:74)
	at com.kms.katalon.core.webui.keyword.WebUiBuiltInKeywords.verifyTextPresent(WebUiBuiltInKeywords.groovy:1707)
	at com.kms.katalon.core.webui.keyword.WebUiBuiltInKeywords$verifyTextPresent$11.call(Unknown Source)
	at Personal_Individual_MRF_TC.run(Personal_Individual_MRF_TC:165)
	at com.kms.katalon.core.main.ScriptEngine.run(ScriptEngine.java:194)
	at com.kms.katalon.core.main.ScriptEngine.runScriptAsRawText(ScriptEngine.java:119)
	at com.kms.katalon.core.main.TestCaseExecutor.runScript(TestCaseExecutor.java:448)
	at com.kms.katalon.core.main.TestCaseExecutor.doExecute(TestCaseExecutor.java:439)
	at com.kms.katalon.core.main.TestCaseExecutor.processExecutionPhase(TestCaseExecutor.java:418)
	at com.kms.katalon.core.main.TestCaseExecutor.accessMainPhase(TestCaseExecutor.java:410)
	at com.kms.katalon.core.main.TestCaseExecutor.execute(TestCaseExecutor.java:285)
	at com.kms.katalon.core.common.CommonExecutor.accessTestCaseMainPhase(CommonExecutor.java:65)
	at com.kms.katalon.core.main.TestSuiteExecutor.accessTestSuiteMainPhase(TestSuiteExecutor.java:148)
	at com.kms.katalon.core.main.TestSuiteExecutor.execute(TestSuiteExecutor.java:106)
	at com.kms.katalon.core.main.TestCaseMain.startTestSuite(TestCaseMain.java:187)
	at com.kms.katalon.core.main.TestCaseMain$startTestSuite$0.call(Unknown Source)
	at TempTestSuite1731019020691.run(TempTestSuite1731019020691.groovy:35)
)

2024-11-07 18:34:25 - [TEST_STEP][PASSED] - resText = "Pass": null

2024-11-07 18:34:25 - [TEST_STEP][PASSED] - pages.WriteExcel.demoKey(resText, datText, resColumn, datCloumn, fileLoc, nameSheet, row): pages.WriteExcel.demoKey is PASSED

2024-11-07 18:34:25 - [MESSAGE][PASSED] - pages.WriteExcel.demoKey is PASSED]]></system-out>
         <system-err><![CDATA[2024-11-07 18:31:43 - [TEST_CASE][FAILED] - Test Cases/RAD_TestCases/MRF_TestCases/Personal_Individual_MRF_TC: Test Cases/RAD_TestCases/MRF_TestCases/Personal_Individual_MRF_TC FAILED.
Reason:
com.kms.katalon.core.exception.StepFailedException: Unable to select option by label 'Estate Tax' of object 'Object Repository/RAD_Pages/Landing_Page/select_NewTaxReturnAmountDue_TaxType'  (Root cause: com.kms.katalon.core.exception.StepFailedException: Unable to select option by label 'Estate Tax' of object 'Object Repository/RAD_Pages/Landing_Page/select_NewTaxReturnAmountDue_TaxType' 
	at com.kms.katalon.core.webui.keyword.internal.WebUIKeywordMain.stepFailed(WebUIKeywordMain.groovy:64)
	at com.kms.katalon.core.webui.keyword.internal.WebUIKeywordMain.runKeyword(WebUIKeywordMain.groovy:26)
	at com.kms.katalon.core.webui.keyword.builtin.SelectOptionByLabelKeyword.selectOptionByLabel(SelectOptionByLabelKeyword.groovy:98)
	at com.kms.katalon.core.webui.keyword.builtin.SelectOptionByLabelKeyword.execute(SelectOptionByLabelKeyword.groovy:71)
	at com.kms.katalon.core.keyword.internal.KeywordExecutor.executeKeywordForPlatform(KeywordExecutor.groovy:74)
	at com.kms.katalon.core.webui.keyword.WebUiBuiltInKeywords.selectOptionByLabel(WebUiBuiltInKeywords.groovy:1230)
	at com.kms.katalon.core.webui.keyword.WebUiBuiltInKeywords$selectOptionByLabel$2.call(Unknown Source)
	at Personal_Individual_MRF_TC.run(Personal_Individual_MRF_TC:100)
	at com.kms.katalon.core.main.ScriptEngine.run(ScriptEngine.java:194)
	at com.kms.katalon.core.main.ScriptEngine.runScriptAsRawText(ScriptEngine.java:119)
	at com.kms.katalon.core.main.TestCaseExecutor.runScript(TestCaseExecutor.java:448)
	at com.kms.katalon.core.main.TestCaseExecutor.doExecute(TestCaseExecutor.java:439)
	at com.kms.katalon.core.main.TestCaseExecutor.processExecutionPhase(TestCaseExecutor.java:418)
	at com.kms.katalon.core.main.TestCaseExecutor.accessMainPhase(TestCaseExecutor.java:410)
	at com.kms.katalon.core.main.TestCaseExecutor.execute(TestCaseExecutor.java:285)
	at com.kms.katalon.core.common.CommonExecutor.accessTestCaseMainPhase(CommonExecutor.java:65)
	at com.kms.katalon.core.main.TestSuiteExecutor.accessTestSuiteMainPhase(TestSuiteExecutor.java:148)
	at com.kms.katalon.core.main.TestSuiteExecutor.execute(TestSuiteExecutor.java:106)
	at com.kms.katalon.core.main.TestCaseMain.startTestSuite(TestCaseMain.java:187)
	at com.kms.katalon.core.main.TestCaseMain$startTestSuite$0.call(Unknown Source)
	at TempTestSuite1731019020691.run(TempTestSuite1731019020691.groovy:35)
Caused by: org.openqa.selenium.NoSuchElementException: Cannot locate element with text: Estate Tax
For documentation on this error, please visit: https://www.seleniumhq.org/exceptions/no_such_element.html
Build info: version: '3.141.59', revision: 'e82be7d358', time: '2018-11-14T08:25:53'
System info: host: 'DESKTOP-B2QI6NS', ip: '172.31.253.185', os.name: 'Windows 10', os.arch: 'amd64', os.version: '10.0', java.version: '1.8.0_181'
Driver info: driver.version: unknown
	at org.openqa.selenium.support.ui.Select.selectByVisibleText(Select.java:147)
	at com.kms.katalon.core.webui.common.WebUiCommonHelper.selectOrDeselectOptionsByLabel(WebUiCommonHelper.java:310)
	at com.kms.katalon.core.webui.keyword.builtin.SelectOptionByLabelKeyword$_selectOptionByLabel_closure1.doCall(SelectOptionByLabelKeyword.groovy:87)
	at com.kms.katalon.core.webui.keyword.builtin.SelectOptionByLabelKeyword$_selectOptionByLabel_closure1.call(SelectOptionByLabelKeyword.groovy)
	at com.kms.katalon.core.webui.keyword.internal.WebUIKeywordMain.runKeyword(WebUIKeywordMain.groovy:20)
	at com.kms.katalon.core.webui.keyword.builtin.SelectOptionByLabelKeyword.selectOptionByLabel(SelectOptionByLabelKeyword.groovy:98)
	at com.kms.katalon.core.webui.keyword.builtin.SelectOptionByLabelKeyword.execute(SelectOptionByLabelKeyword.groovy:71)
	at com.kms.katalon.core.keyword.internal.KeywordExecutor.executeKeywordForPlatform(KeywordExecutor.groovy:74)
	at com.kms.katalon.core.webui.keyword.WebUiBuiltInKeywords.selectOptionByLabel(WebUiBuiltInKeywords.groovy:1230)
	at com.kms.katalon.core.webui.keyword.WebUiBuiltInKeywords$selectOptionByLabel$2.call(Unknown Source)
	at Script1696265299704.run(Script1696265299704.groovy:100)
	... 13 more
)
	at com.kms.katalon.core.keyword.internal.KeywordMain.stepFailed(KeywordMain.groovy:39)
	at com.kms.katalon.core.webui.keyword.internal.WebUIKeywordMain.stepFailed(WebUIKeywordMain.groovy:64)
	at com.kms.katalon.core.webui.keyword.internal.WebUIKeywordMain.runKeyword(WebUIKeywordMain.groovy:26)
	at com.kms.katalon.core.webui.keyword.builtin.SelectOptionByLabelKeyword.selectOptionByLabel(SelectOptionByLabelKeyword.groovy:98)
	at com.kms.katalon.core.webui.keyword.builtin.SelectOptionByLabelKeyword.execute(SelectOptionByLabelKeyword.groovy:71)
	at com.kms.katalon.core.keyword.internal.KeywordExecutor.executeKeywordForPlatform(KeywordExecutor.groovy:74)
	at com.kms.katalon.core.webui.keyword.WebUiBuiltInKeywords.selectOptionByLabel(WebUiBuiltInKeywords.groovy:1230)
	at com.kms.katalon.core.webui.keyword.WebUiBuiltInKeywords$selectOptionByLabel$2.call(Unknown Source)
	at Personal_Individual_MRF_TC.run(Personal_Individual_MRF_TC:100)
	at com.kms.katalon.core.main.ScriptEngine.run(ScriptEngine.java:194)
	at com.kms.katalon.core.main.ScriptEngine.runScriptAsRawText(ScriptEngine.java:119)
	at com.kms.katalon.core.main.TestCaseExecutor.runScript(TestCaseExecutor.java:448)
	at com.kms.katalon.core.main.TestCaseExecutor.doExecute(TestCaseExecutor.java:439)
	at com.kms.katalon.core.main.TestCaseExecutor.processExecutionPhase(TestCaseExecutor.java:418)
	at com.kms.katalon.core.main.TestCaseExecutor.accessMainPhase(TestCaseExecutor.java:410)
	at com.kms.katalon.core.main.TestCaseExecutor.execute(TestCaseExecutor.java:285)
	at com.kms.katalon.core.common.CommonExecutor.accessTestCaseMainPhase(CommonExecutor.java:65)
	at com.kms.katalon.core.main.TestSuiteExecutor.accessTestSuiteMainPhase(TestSuiteExecutor.java:148)
	at com.kms.katalon.core.main.TestSuiteExecutor.execute(TestSuiteExecutor.java:106)
	at com.kms.katalon.core.main.TestCaseMain.startTestSuite(TestCaseMain.java:187)
	at com.kms.katalon.core.main.TestCaseMain$startTestSuite$0.call(Unknown Source)
	at TempTestSuite1731019020691.run(TempTestSuite1731019020691.groovy:35)
Caused by: com.kms.katalon.core.exception.StepFailedException: Unable to select option by label 'Estate Tax' of object 'Object Repository/RAD_Pages/Landing_Page/select_NewTaxReturnAmountDue_TaxType' 
	... 21 more
Caused by: org.openqa.selenium.NoSuchElementException: Cannot locate element with text: Estate Tax
For documentation on this error, please visit: https://www.seleniumhq.org/exceptions/no_such_element.html
Build info: version: '3.141.59', revision: 'e82be7d358', time: '2018-11-14T08:25:53'
System info: host: 'DESKTOP-B2QI6NS', ip: '172.31.253.185', os.name: 'Windows 10', os.arch: 'amd64', os.version: '10.0', java.version: '1.8.0_181'
Driver info: driver.version: unknown
	at org.openqa.selenium.support.ui.Select.selectByVisibleText(Select.java:147)
	at com.kms.katalon.core.webui.common.WebUiCommonHelper.selectOrDeselectOptionsByLabel(WebUiCommonHelper.java:310)
	at com.kms.katalon.core.webui.keyword.builtin.SelectOptionByLabelKeyword$_selectOptionByLabel_closure1.doCall(SelectOptionByLabelKeyword.groovy:87)
	at com.kms.katalon.core.webui.keyword.builtin.SelectOptionByLabelKeyword$_selectOptionByLabel_closure1.call(SelectOptionByLabelKeyword.groovy)
	at com.kms.katalon.core.webui.keyword.internal.WebUIKeywordMain.runKeyword(WebUIKeywordMain.groovy:20)
	... 19 more]]></system-err>
      </testcase>
      <testcase name="Test Cases/RAD_TestCases/MRF_TestCases/Personal_Joint_MRF_TC" time="137.944" classname="Test Cases/RAD_TestCases/MRF_TestCases/Personal_Joint_MRF_TC" status="PASSED">
         <system-out><![CDATA[2024-11-07 18:34:25 - [TEST_CASE][PASSED] - Test Cases/RAD_TestCases/MRF_TestCases/Personal_Joint_MRF_TC: Test Cases/RAD_TestCases/MRF_TestCases/Personal_Joint_MRF_TC

2024-11-07 18:34:26 - [TEST_STEP][PASSED] - resText = "Fail": null

2024-11-07 18:34:26 - [TEST_STEP][PASSED] - resColumn = "Result": null

2024-11-07 18:34:26 - [TEST_STEP][PASSED] - datCloumn = "Date": null

2024-11-07 18:34:26 - [TEST_STEP][PASSED] - fileLoc = "KatalonData/RADTestData/MRF.xlsx": null

2024-11-07 18:34:26 - [TEST_STEP][PASSED] - nameSheet = "Personal_JNT": null

2024-11-07 18:34:26 - [TEST_STEP][PASSED] - dataFile = "RADTestData/MRF_Personal_JNT": null

2024-11-07 18:34:26 - [TEST_STEP][PASSED] - orPath_Landing = "Object Repository/RAD_Pages/Landing_Page": null

2024-11-07 18:34:26 - [TEST_STEP][PASSED] - orPath_TaxTypeFilingYear = "Object Repository/RAD_Pages/TaxTypeFilingYear_Page": null

2024-11-07 18:34:26 - [TEST_STEP][PASSED] - orPath_Amount = "Object Repository/RAD_Pages/PaymentAmount_Page": null

2024-11-07 18:34:26 - [TEST_STEP][PASSED] - orPath_AddressContact = "Object Repository/RAD_Pages/AddressAndContactInfo_Page": null

2024-11-07 18:34:26 - [TEST_STEP][PASSED] - orPath_Summary = "Object Repository/RAD_Pages/Summary_Page": null

2024-11-07 18:34:26 - [TEST_STEP][PASSED] - orPath_PaymentConfirmation = "Object Repository/RAD_Pages/PaymentConfirmation_Page": null

2024-11-07 18:34:26 - [TEST_STEP][PASSED] - orPath_ServiceFeesAccept = "Object Repository/RAD_Pages/ServiceFeeAccept_Page": null

2024-11-07 18:34:26 - [TEST_STEP][PASSED] - orPath_PaymentEntry = "Object Repository/RAD_Pages/PaymentEntry_Page": null

2024-11-07 18:34:26 - [TEST_STEP][PASSED] - orPath_FilingStatus = "Object Repository/RAD_Pages/FilingStatus_Page": null

2024-11-07 18:34:26 - [TEST_STEP][PASSED] - orPath_TaxPayer = "Object Repository/RAD_Pages/Taxpayer_Page": null

2024-11-07 18:34:26 - [TEST_STEP][PASSED] - ExecuteTC = <not implemented yet for class: org.codehaus.groovy.ast.expr.EmptyExpression>: null

2024-11-07 18:34:26 - [TEST_STEP][PASSED] - TaxType = <not implemented yet for class: org.codehaus.groovy.ast.expr.EmptyExpression>: null

2024-11-07 18:34:26 - [TEST_STEP][PASSED] - PaymentType = <not implemented yet for class: org.codehaus.groovy.ast.expr.EmptyExpression>: null

2024-11-07 18:34:26 - [TEST_STEP][PASSED] - FilingYear = <not implemented yet for class: org.codehaus.groovy.ast.expr.EmptyExpression>: null

2024-11-07 18:34:26 - [TEST_STEP][PASSED] - PeriodEndingMonth = <not implemented yet for class: org.codehaus.groovy.ast.expr.EmptyExpression>: null

2024-11-07 18:34:26 - [TEST_STEP][PASSED] - executionProfile = getExecutionProfile(): null

2024-11-07 18:34:26 - [TEST_STEP][PASSED] - numOfRows = findTestData(dataFile).getRowNumbers(): null

2024-11-07 18:34:26 - [TEST_STEP][PASSED] - println("Number of Records: " + numOfRows): null

2024-11-07 18:34:26 - [TEST_STEP][PASSED] - for ([row = 1, row <= numOfRows, (row++)]): pages.WriteExcel.demoKey is PASSED

2024-11-07 18:34:26 - [TEST_STEP][PASSED] - ExecuteTC = findTestData(dataFile).getValue("Execute", row): null

2024-11-07 18:34:26 - [TEST_STEP][PASSED] - TaxType = findTestData(dataFile).getValue("TaxType", row): null

2024-11-07 18:34:26 - [TEST_STEP][PASSED] - PaymentType = findTestData(dataFile).getValue("PaymentType", row): null

2024-11-07 18:34:26 - [TEST_STEP][PASSED] - FilingYear = findTestData(dataFile).getValue("Year", row): null

2024-11-07 18:34:26 - [TEST_STEP][PASSED] - if (ExecuteTC.equalsIgnoreCase("Y")): pages.WriteExcel.demoKey is PASSED

2024-11-07 18:34:26 - [TEST_STEP][PASSED] - out.println("Begin Record Number: " + row): null

2024-11-07 18:34:26 - [TEST_STEP][PASSED] - today = new java.util.Date(): null

2024-11-07 18:34:26 - [TEST_STEP][PASSED] - println(today): null

2024-11-07 18:34:26 - [TEST_STEP][PASSED] - datText = today: null

2024-11-07 18:34:26 - [TEST_STEP][PASSED] - logInfo("Payment Type: " + PaymentType): Payment Type: Quarterly Estimated Tax

2024-11-07 18:34:26 - [MESSAGE][INFO] - Payment Type: Quarterly Estimated Tax

2024-11-07 18:34:26 - [TEST_STEP][PASSED] - logInfo("Tax Type: " + TaxType): Tax Type: Personal Income Tax

2024-11-07 18:34:26 - [MESSAGE][INFO] - Tax Type: Personal Income Tax

2024-11-07 18:34:26 - [TEST_STEP][PASSED] - openBrowser(""): Browser is opened with url: ''

2024-11-07 18:34:26 - [MESSAGE][WARNING] - A browser is already opened. Closing browser and opening a new one

2024-11-07 18:34:28 - [MESSAGE][INFO] - Starting 'Chrome' driver

2024-11-07 18:34:28 - [MESSAGE][INFO] - User set preference: ['acceptInsecureCerts', 'true']

2024-11-07 18:34:28 - [MESSAGE][INFO] - Action delay is set to 0 milliseconds

2024-11-07 18:34:30 - [MESSAGE][PASSED] - Browser is opened with url: ''

2024-11-07 18:34:30 - [TEST_STEP][PASSED] - maximizeWindow(): Current window maximized

2024-11-07 18:34:30 - [MESSAGE][PASSED] - Current window maximized

2024-11-07 18:34:30 - [TEST_STEP][PASSED] - navigateToUrl(RADurl): Navigate to 'https://www.velocitypayment.com/client/rad/index.html' successfully

2024-11-07 18:34:33 - [MESSAGE][PASSED] - Navigate to 'https://www.velocitypayment.com/client/rad/index.html' successfully

2024-11-07 18:34:33 - [TEST_STEP][PASSED] - selectOptionByLabel(findTestObject(orPath_Landing + "/dd_TaxType"), PaymentType, false): All options with label 'Quarterly Estimated Tax' are selected in object 'Object Repository/RAD_Pages/Landing_Page/dd_TaxType' 

2024-11-07 18:34:34 - [MESSAGE][PASSED] - All options with label 'Quarterly Estimated Tax' are selected in object 'Object Repository/RAD_Pages/Landing_Page/dd_TaxType' 

2024-11-07 18:34:34 - [TEST_STEP][PASSED] - switch (PaymentType): null

2024-11-07 18:34:34 - [TEST_STEP][PASSED] - case "Quarterly Estimated Tax":: null

2024-11-07 18:34:34 - [TEST_STEP][PASSED] - selectOptionByLabel(findTestObject(orPath_TaxTypeFilingYear + "/select_PaymentType"), TaxType, false): All options with label 'Personal Income Tax' are selected in object 'Object Repository/RAD_Pages/TaxTypeFilingYear_Page/select_PaymentType' 

2024-11-07 18:34:35 - [MESSAGE][PASSED] - All options with label 'Personal Income Tax' are selected in object 'Object Repository/RAD_Pages/TaxTypeFilingYear_Page/select_PaymentType' 

2024-11-07 18:34:35 - [TEST_STEP][PASSED] - break: null

2024-11-07 18:34:35 - [TEST_STEP][PASSED] - if (!(FilingYear.isEmpty())): All options with label '2024' are selected in object 'Object Repository/RAD_Pages/TaxTypeFilingYear_Page/select_FilingYear' 

2024-11-07 18:34:35 - [TEST_STEP][PASSED] - selectOptionByLabel(findTestObject(orPath_TaxTypeFilingYear + "/select_FilingYear"), FilingYear, false): All options with label '2024' are selected in object 'Object Repository/RAD_Pages/TaxTypeFilingYear_Page/select_FilingYear' 

2024-11-07 18:34:35 - [MESSAGE][PASSED] - All options with label '2024' are selected in object 'Object Repository/RAD_Pages/TaxTypeFilingYear_Page/select_FilingYear' 

2024-11-07 18:34:35 - [TEST_STEP][PASSED] - setText(findTestObject(orPath_TaxPayer + "/input_firstName"), " "): Text ' ' is set on object 'Object Repository/RAD_Pages/Taxpayer_Page/input_firstName'

2024-11-07 18:34:36 - [MESSAGE][PASSED] - Text ' ' is set on object 'Object Repository/RAD_Pages/Taxpayer_Page/input_firstName'

2024-11-07 18:34:36 - [TEST_STEP][PASSED] - setText(findTestObject(orPath_TaxPayer + "/input_lastName"), " "): Text ' ' is set on object 'Object Repository/RAD_Pages/Taxpayer_Page/input_lastName'

2024-11-07 18:34:37 - [MESSAGE][PASSED] - Text ' ' is set on object 'Object Repository/RAD_Pages/Taxpayer_Page/input_lastName'

2024-11-07 18:34:37 - [TEST_STEP][PASSED] - setText(findTestObject("RAD_RecordAndPlay/input_concatSSN"), " "): Text ' ' is set on object 'Object Repository/RAD_RecordAndPlay/input_concatSSN'

2024-11-07 18:34:38 - [MESSAGE][PASSED] - Text ' ' is set on object 'Object Repository/RAD_RecordAndPlay/input_concatSSN'

2024-11-07 18:34:38 - [TEST_STEP][PASSED] - setText(findTestObject("RAD_RecordAndPlay/input_concatReSSN"), " "): Text ' ' is set on object 'Object Repository/RAD_RecordAndPlay/input_concatReSSN'

2024-11-07 18:34:38 - [MESSAGE][PASSED] - Text ' ' is set on object 'Object Repository/RAD_RecordAndPlay/input_concatReSSN'

2024-11-07 18:34:38 - [TEST_STEP][PASSED] - setText(findTestObject(orPath_AddressContact + "/input_streetAddress1"), " "): Text ' ' is set on object 'Object Repository/RAD_Pages/AddressAndContactInfo_Page/input_streetAddress1'

2024-11-07 18:34:39 - [MESSAGE][PASSED] - Text ' ' is set on object 'Object Repository/RAD_Pages/AddressAndContactInfo_Page/input_streetAddress1'

2024-11-07 18:34:39 - [TEST_STEP][PASSED] - setText(findTestObject(orPath_AddressContact + "/input_city"), " "): Text ' ' is set on object 'Object Repository/RAD_Pages/AddressAndContactInfo_Page/input_city'

2024-11-07 18:34:40 - [MESSAGE][PASSED] - Text ' ' is set on object 'Object Repository/RAD_Pages/AddressAndContactInfo_Page/input_city'

2024-11-07 18:34:40 - [TEST_STEP][PASSED] - setText(findTestObject(orPath_AddressContact + "/input_zipCode"), " "): Text ' ' is set on object 'Object Repository/RAD_Pages/AddressAndContactInfo_Page/input_zipCode'

2024-11-07 18:34:41 - [MESSAGE][PASSED] - Text ' ' is set on object 'Object Repository/RAD_Pages/AddressAndContactInfo_Page/input_zipCode'

2024-11-07 18:34:41 - [TEST_STEP][PASSED] - setText(findTestObject(orPath_AddressContact + "/input_phoneNumber"), " "): Text ' ' is set on object 'Object Repository/RAD_Pages/AddressAndContactInfo_Page/input_phoneNumber'

2024-11-07 18:34:41 - [MESSAGE][PASSED] - Text ' ' is set on object 'Object Repository/RAD_Pages/AddressAndContactInfo_Page/input_phoneNumber'

2024-11-07 18:34:41 - [TEST_STEP][PASSED] - setText(findTestObject(orPath_AddressContact + "/input_eMailAddress"), " "): Text ' ' is set on object 'Object Repository/RAD_Pages/AddressAndContactInfo_Page/input_eMailAddress'

2024-11-07 18:34:42 - [MESSAGE][PASSED] - Text ' ' is set on object 'Object Repository/RAD_Pages/AddressAndContactInfo_Page/input_eMailAddress'

2024-11-07 18:34:42 - [TEST_STEP][PASSED] - setText(findTestObject(orPath_AddressContact + "/input_reEnterEMailAddress"), " "): Text ' ' is set on object 'Object Repository/RAD_Pages/AddressAndContactInfo_Page/input_reEnterEMailAddress'

2024-11-07 18:34:43 - [MESSAGE][PASSED] - Text ' ' is set on object 'Object Repository/RAD_Pages/AddressAndContactInfo_Page/input_reEnterEMailAddress'

2024-11-07 18:34:43 - [TEST_STEP][PASSED] - scrollToElement(findTestObject(orPath_Landing + "/button_Continue"), 3): Scroll to object 'Object Repository/RAD_Pages/Landing_Page/button_Continue' successfully

2024-11-07 18:34:43 - [MESSAGE][PASSED] - Scroll to object 'Object Repository/RAD_Pages/Landing_Page/button_Continue' successfully

2024-11-07 18:34:43 - [TEST_STEP][PASSED] - waitForElementClickable(findTestObject(orPath_FilingStatus + "/input_JointFiling_userType_New"), 5): Object 'Object Repository/RAD_Pages/FilingStatus_Page/input_JointFiling_userType_New' is clickable

2024-11-07 18:34:44 - [MESSAGE][PASSED] - Object 'Object Repository/RAD_Pages/FilingStatus_Page/input_JointFiling_userType_New' is clickable

2024-11-07 18:34:44 - [TEST_STEP][PASSED] - check(findTestObject(orPath_FilingStatus + "/input_JointFiling_userType_New")): Object 'Object Repository/RAD_Pages/FilingStatus_Page/input_JointFiling_userType_New' is checked

2024-11-07 18:34:45 - [MESSAGE][PASSED] - Object 'Object Repository/RAD_Pages/FilingStatus_Page/input_JointFiling_userType_New' is checked

2024-11-07 18:34:45 - [TEST_STEP][PASSED] - delay(2): Delayed 2 second(s)

2024-11-07 18:34:47 - [MESSAGE][PASSED] - Delayed 2 second(s)

2024-11-07 18:34:47 - [TEST_STEP][PASSED] - setText(findTestObject(orPath_FilingStatus + "/input_jointFirstName"), " "): Text ' ' is set on object 'Object Repository/RAD_Pages/FilingStatus_Page/input_jointFirstName'

2024-11-07 18:34:47 - [MESSAGE][PASSED] - Text ' ' is set on object 'Object Repository/RAD_Pages/FilingStatus_Page/input_jointFirstName'

2024-11-07 18:34:47 - [TEST_STEP][PASSED] - setText(findTestObject(orPath_FilingStatus + "/input_jointLastName"), " "): Text ' ' is set on object 'Object Repository/RAD_Pages/FilingStatus_Page/input_jointLastName'

2024-11-07 18:34:48 - [MESSAGE][PASSED] - Text ' ' is set on object 'Object Repository/RAD_Pages/FilingStatus_Page/input_jointLastName'

2024-11-07 18:34:48 - [TEST_STEP][PASSED] - setText(findTestObject("Object Repository/RAD_RecordAndPlay/input_JointFilerSSN"), " "): Text ' ' is set on object 'Object Repository/RAD_RecordAndPlay/input_JointFilerSSN'

2024-11-07 18:34:49 - [MESSAGE][PASSED] - Text ' ' is set on object 'Object Repository/RAD_RecordAndPlay/input_JointFilerSSN'

2024-11-07 18:34:49 - [TEST_STEP][PASSED] - setText(findTestObject("Object Repository/RAD_RecordAndPlay/input_reTypeJointFilerSSN"), " "): Text ' ' is set on object 'Object Repository/RAD_RecordAndPlay/input_reTypeJointFilerSSN'

2024-11-07 18:34:49 - [MESSAGE][PASSED] - Text ' ' is set on object 'Object Repository/RAD_RecordAndPlay/input_reTypeJointFilerSSN'

2024-11-07 18:34:49 - [TEST_STEP][PASSED] - resText = "Fail": null

2024-11-07 18:34:49 - [TEST_STEP][PASSED] - pages.WriteExcel.demoKey(resText, datText, resColumn, datCloumn, fileLoc, nameSheet, row): pages.WriteExcel.demoKey is PASSED

2024-11-07 18:34:49 - [MESSAGE][PASSED] - pages.WriteExcel.demoKey is PASSED

2024-11-07 18:34:49 - [TEST_STEP][PASSED] - verifyTextPresent("Enter first name", true, CONTINUE_ON_FAILURE): Text 'Enter first name' is present on page  using regular expression

2024-11-07 18:34:50 - [MESSAGE][PASSED] - Text 'Enter first name' is present on page  using regular expression

2024-11-07 18:34:50 - [TEST_STEP][PASSED] - verifyTextPresent("Enter last name", true, CONTINUE_ON_FAILURE): Text 'Enter last name' is present on page  using regular expression

2024-11-07 18:34:50 - [MESSAGE][PASSED] - Text 'Enter last name' is present on page  using regular expression

2024-11-07 18:34:50 - [TEST_STEP][PASSED] - verifyTextPresent("Please enter a valid SSN with 9 digits", true, CONTINUE_ON_FAILURE): Text 'Please enter a valid SSN with 9 digits' is present on page  using regular expression

2024-11-07 18:34:50 - [MESSAGE][PASSED] - Text 'Please enter a valid SSN with 9 digits' is present on page  using regular expression

2024-11-07 18:34:50 - [TEST_STEP][PASSED] - verifyTextPresent("Re-type SSN Validation Error", true, CONTINUE_ON_FAILURE): Text 'Re-type SSN Validation Error' is present on page  using regular expression

2024-11-07 18:34:51 - [MESSAGE][PASSED] - Text 'Re-type SSN Validation Error' is present on page  using regular expression

2024-11-07 18:34:51 - [TEST_STEP][PASSED] - verifyTextPresent("Enter address", true, CONTINUE_ON_FAILURE): Text 'Enter address' is present on page  using regular expression

2024-11-07 18:34:51 - [MESSAGE][PASSED] - Text 'Enter address' is present on page  using regular expression

2024-11-07 18:34:51 - [TEST_STEP][PASSED] - verifyTextPresent("Enter city", true, CONTINUE_ON_FAILURE): Text 'Enter city' is present on page  using regular expression

2024-11-07 18:34:52 - [MESSAGE][PASSED] - Text 'Enter city' is present on page  using regular expression

2024-11-07 18:34:52 - [TEST_STEP][PASSED] - verifyTextPresent("Enter ZIP code", true, CONTINUE_ON_FAILURE): Text 'Enter ZIP code' is present on page  using regular expression

2024-11-07 18:34:52 - [MESSAGE][PASSED] - Text 'Enter ZIP code' is present on page  using regular expression

2024-11-07 18:34:52 - [TEST_STEP][PASSED] - verifyTextPresent("Enter a valid phone number", true, CONTINUE_ON_FAILURE): Text 'Enter a valid phone number' is present on page  using regular expression

2024-11-07 18:34:52 - [MESSAGE][PASSED] - Text 'Enter a valid phone number' is present on page  using regular expression

2024-11-07 18:34:52 - [TEST_STEP][PASSED] - verifyTextPresent("Enter Email", true, CONTINUE_ON_FAILURE): Text 'Enter Email' is present on page  using regular expression

2024-11-07 18:34:53 - [MESSAGE][PASSED] - Text 'Enter Email' is present on page  using regular expression

2024-11-07 18:34:53 - [TEST_STEP][PASSED] - verifyTextPresent("Enter joint payer first name", true, CONTINUE_ON_FAILURE): Text 'Enter joint payer first name' is present on page  using regular expression

2024-11-07 18:34:53 - [MESSAGE][PASSED] - Text 'Enter joint payer first name' is present on page  using regular expression

2024-11-07 18:34:53 - [TEST_STEP][PASSED] - verifyTextPresent("Enter joint payer last name", true, CONTINUE_ON_FAILURE): Text 'Enter joint payer last name' is present on page  using regular expression

2024-11-07 18:34:54 - [MESSAGE][PASSED] - Text 'Enter joint payer last name' is present on page  using regular expression

2024-11-07 18:34:54 - [TEST_STEP][PASSED] - verifyTextPresent("Please enter a valid SSN with 9 digits", true, CONTINUE_ON_FAILURE): Text 'Please enter a valid SSN with 9 digits' is present on page  using regular expression

2024-11-07 18:34:54 - [MESSAGE][PASSED] - Text 'Please enter a valid SSN with 9 digits' is present on page  using regular expression

2024-11-07 18:34:54 - [TEST_STEP][PASSED] - verifyTextPresent("Re-type SSN Validation Error", true, CONTINUE_ON_FAILURE): Text 'Re-type SSN Validation Error' is present on page  using regular expression

2024-11-07 18:34:54 - [MESSAGE][PASSED] - Text 'Re-type SSN Validation Error' is present on page  using regular expression

2024-11-07 18:34:54 - [TEST_STEP][PASSED] - resText = "Pass": null

2024-11-07 18:34:54 - [TEST_STEP][PASSED] - pages.WriteExcel.demoKey(resText, datText, resColumn, datCloumn, fileLoc, nameSheet, row): pages.WriteExcel.demoKey is PASSED

2024-11-07 18:34:54 - [MESSAGE][PASSED] - pages.WriteExcel.demoKey is PASSED

2024-11-07 18:34:54 - [TEST_STEP][PASSED] - ExecuteTC = findTestData(dataFile).getValue("Execute", row): null

2024-11-07 18:34:55 - [TEST_STEP][PASSED] - TaxType = findTestData(dataFile).getValue("TaxType", row): null

2024-11-07 18:34:55 - [TEST_STEP][PASSED] - PaymentType = findTestData(dataFile).getValue("PaymentType", row): null

2024-11-07 18:34:55 - [TEST_STEP][PASSED] - FilingYear = findTestData(dataFile).getValue("Year", row): null

2024-11-07 18:34:55 - [TEST_STEP][PASSED] - if (ExecuteTC.equalsIgnoreCase("Y")): pages.WriteExcel.demoKey is PASSED

2024-11-07 18:34:55 - [TEST_STEP][PASSED] - out.println("Begin Record Number: " + row): null

2024-11-07 18:34:55 - [TEST_STEP][PASSED] - today = new java.util.Date(): null

2024-11-07 18:34:55 - [TEST_STEP][PASSED] - println(today): null

2024-11-07 18:34:55 - [TEST_STEP][PASSED] - datText = today: null

2024-11-07 18:34:55 - [TEST_STEP][PASSED] - logInfo("Payment Type: " + PaymentType): Payment Type: Extension Payments

2024-11-07 18:34:55 - [MESSAGE][INFO] - Payment Type: Extension Payments

2024-11-07 18:34:55 - [TEST_STEP][PASSED] - logInfo("Tax Type: " + TaxType): Tax Type: Personal Income Tax

2024-11-07 18:34:55 - [MESSAGE][INFO] - Tax Type: Personal Income Tax

2024-11-07 18:34:55 - [TEST_STEP][PASSED] - openBrowser(""): Browser is opened with url: ''

2024-11-07 18:34:55 - [MESSAGE][WARNING] - A browser is already opened. Closing browser and opening a new one

2024-11-07 18:34:57 - [MESSAGE][INFO] - Starting 'Chrome' driver

2024-11-07 18:34:57 - [MESSAGE][INFO] - User set preference: ['acceptInsecureCerts', 'true']

2024-11-07 18:34:57 - [MESSAGE][INFO] - Action delay is set to 0 milliseconds

2024-11-07 18:34:59 - [MESSAGE][PASSED] - Browser is opened with url: ''

2024-11-07 18:34:59 - [TEST_STEP][PASSED] - maximizeWindow(): Current window maximized

2024-11-07 18:34:59 - [MESSAGE][PASSED] - Current window maximized

2024-11-07 18:34:59 - [TEST_STEP][PASSED] - navigateToUrl(RADurl): Navigate to 'https://www.velocitypayment.com/client/rad/index.html' successfully

2024-11-07 18:35:01 - [MESSAGE][PASSED] - Navigate to 'https://www.velocitypayment.com/client/rad/index.html' successfully

2024-11-07 18:35:01 - [TEST_STEP][PASSED] - selectOptionByLabel(findTestObject(orPath_Landing + "/dd_TaxType"), PaymentType, false): All options with label 'Extension Payments' are selected in object 'Object Repository/RAD_Pages/Landing_Page/dd_TaxType' 

2024-11-07 18:35:02 - [MESSAGE][PASSED] - All options with label 'Extension Payments' are selected in object 'Object Repository/RAD_Pages/Landing_Page/dd_TaxType' 

2024-11-07 18:35:02 - [TEST_STEP][PASSED] - switch (PaymentType): null

2024-11-07 18:35:02 - [TEST_STEP][PASSED] - case "Extension Payments":: null

2024-11-07 18:35:02 - [TEST_STEP][PASSED] - selectOptionByLabel(findTestObject(orPath_TaxTypeFilingYear + "/select_PaymentType"), TaxType, false): All options with label 'Personal Income Tax' are selected in object 'Object Repository/RAD_Pages/TaxTypeFilingYear_Page/select_PaymentType' 

2024-11-07 18:35:03 - [MESSAGE][PASSED] - All options with label 'Personal Income Tax' are selected in object 'Object Repository/RAD_Pages/TaxTypeFilingYear_Page/select_PaymentType' 

2024-11-07 18:35:03 - [TEST_STEP][PASSED] - break: null

2024-11-07 18:35:03 - [TEST_STEP][PASSED] - if (!(FilingYear.isEmpty())): All options with label '2023' are selected in object 'Object Repository/RAD_Pages/TaxTypeFilingYear_Page/select_FilingYear' 

2024-11-07 18:35:03 - [TEST_STEP][PASSED] - selectOptionByLabel(findTestObject(orPath_TaxTypeFilingYear + "/select_FilingYear"), FilingYear, false): All options with label '2023' are selected in object 'Object Repository/RAD_Pages/TaxTypeFilingYear_Page/select_FilingYear' 

2024-11-07 18:35:04 - [MESSAGE][PASSED] - All options with label '2023' are selected in object 'Object Repository/RAD_Pages/TaxTypeFilingYear_Page/select_FilingYear' 

2024-11-07 18:35:04 - [TEST_STEP][PASSED] - setText(findTestObject(orPath_TaxPayer + "/input_firstName"), " "): Text ' ' is set on object 'Object Repository/RAD_Pages/Taxpayer_Page/input_firstName'

2024-11-07 18:35:04 - [MESSAGE][PASSED] - Text ' ' is set on object 'Object Repository/RAD_Pages/Taxpayer_Page/input_firstName'

2024-11-07 18:35:04 - [TEST_STEP][PASSED] - setText(findTestObject(orPath_TaxPayer + "/input_lastName"), " "): Text ' ' is set on object 'Object Repository/RAD_Pages/Taxpayer_Page/input_lastName'

2024-11-07 18:35:05 - [MESSAGE][PASSED] - Text ' ' is set on object 'Object Repository/RAD_Pages/Taxpayer_Page/input_lastName'

2024-11-07 18:35:05 - [TEST_STEP][PASSED] - setText(findTestObject("RAD_RecordAndPlay/input_concatSSN"), " "): Text ' ' is set on object 'Object Repository/RAD_RecordAndPlay/input_concatSSN'

2024-11-07 18:35:06 - [MESSAGE][PASSED] - Text ' ' is set on object 'Object Repository/RAD_RecordAndPlay/input_concatSSN'

2024-11-07 18:35:06 - [TEST_STEP][PASSED] - setText(findTestObject("RAD_RecordAndPlay/input_concatReSSN"), " "): Text ' ' is set on object 'Object Repository/RAD_RecordAndPlay/input_concatReSSN'

2024-11-07 18:35:06 - [MESSAGE][PASSED] - Text ' ' is set on object 'Object Repository/RAD_RecordAndPlay/input_concatReSSN'

2024-11-07 18:35:06 - [TEST_STEP][PASSED] - setText(findTestObject(orPath_AddressContact + "/input_streetAddress1"), " "): Text ' ' is set on object 'Object Repository/RAD_Pages/AddressAndContactInfo_Page/input_streetAddress1'

2024-11-07 18:35:07 - [MESSAGE][PASSED] - Text ' ' is set on object 'Object Repository/RAD_Pages/AddressAndContactInfo_Page/input_streetAddress1'

2024-11-07 18:35:07 - [TEST_STEP][PASSED] - setText(findTestObject(orPath_AddressContact + "/input_city"), " "): Text ' ' is set on object 'Object Repository/RAD_Pages/AddressAndContactInfo_Page/input_city'

2024-11-07 18:35:08 - [MESSAGE][PASSED] - Text ' ' is set on object 'Object Repository/RAD_Pages/AddressAndContactInfo_Page/input_city'

2024-11-07 18:35:08 - [TEST_STEP][PASSED] - setText(findTestObject(orPath_AddressContact + "/input_zipCode"), " "): Text ' ' is set on object 'Object Repository/RAD_Pages/AddressAndContactInfo_Page/input_zipCode'

2024-11-07 18:35:09 - [MESSAGE][PASSED] - Text ' ' is set on object 'Object Repository/RAD_Pages/AddressAndContactInfo_Page/input_zipCode'

2024-11-07 18:35:09 - [TEST_STEP][PASSED] - setText(findTestObject(orPath_AddressContact + "/input_phoneNumber"), " "): Text ' ' is set on object 'Object Repository/RAD_Pages/AddressAndContactInfo_Page/input_phoneNumber'

2024-11-07 18:35:09 - [MESSAGE][PASSED] - Text ' ' is set on object 'Object Repository/RAD_Pages/AddressAndContactInfo_Page/input_phoneNumber'

2024-11-07 18:35:09 - [TEST_STEP][PASSED] - setText(findTestObject(orPath_AddressContact + "/input_eMailAddress"), " "): Text ' ' is set on object 'Object Repository/RAD_Pages/AddressAndContactInfo_Page/input_eMailAddress'

2024-11-07 18:35:10 - [MESSAGE][PASSED] - Text ' ' is set on object 'Object Repository/RAD_Pages/AddressAndContactInfo_Page/input_eMailAddress'

2024-11-07 18:35:10 - [TEST_STEP][PASSED] - setText(findTestObject(orPath_AddressContact + "/input_reEnterEMailAddress"), " "): Text ' ' is set on object 'Object Repository/RAD_Pages/AddressAndContactInfo_Page/input_reEnterEMailAddress'

2024-11-07 18:35:11 - [MESSAGE][PASSED] - Text ' ' is set on object 'Object Repository/RAD_Pages/AddressAndContactInfo_Page/input_reEnterEMailAddress'

2024-11-07 18:35:11 - [TEST_STEP][PASSED] - scrollToElement(findTestObject(orPath_Landing + "/button_Continue"), 3): Scroll to object 'Object Repository/RAD_Pages/Landing_Page/button_Continue' successfully

2024-11-07 18:35:11 - [MESSAGE][PASSED] - Scroll to object 'Object Repository/RAD_Pages/Landing_Page/button_Continue' successfully

2024-11-07 18:35:11 - [TEST_STEP][PASSED] - waitForElementClickable(findTestObject(orPath_FilingStatus + "/input_JointFiling_userType_New"), 5): Object 'Object Repository/RAD_Pages/FilingStatus_Page/input_JointFiling_userType_New' is clickable

2024-11-07 18:35:12 - [MESSAGE][PASSED] - Object 'Object Repository/RAD_Pages/FilingStatus_Page/input_JointFiling_userType_New' is clickable

2024-11-07 18:35:12 - [TEST_STEP][PASSED] - check(findTestObject(orPath_FilingStatus + "/input_JointFiling_userType_New")): Object 'Object Repository/RAD_Pages/FilingStatus_Page/input_JointFiling_userType_New' is checked

2024-11-07 18:35:12 - [MESSAGE][PASSED] - Object 'Object Repository/RAD_Pages/FilingStatus_Page/input_JointFiling_userType_New' is checked

2024-11-07 18:35:12 - [TEST_STEP][PASSED] - delay(2): Delayed 2 second(s)

2024-11-07 18:35:14 - [MESSAGE][PASSED] - Delayed 2 second(s)

2024-11-07 18:35:14 - [TEST_STEP][PASSED] - setText(findTestObject(orPath_FilingStatus + "/input_jointFirstName"), " "): Text ' ' is set on object 'Object Repository/RAD_Pages/FilingStatus_Page/input_jointFirstName'

2024-11-07 18:35:15 - [MESSAGE][PASSED] - Text ' ' is set on object 'Object Repository/RAD_Pages/FilingStatus_Page/input_jointFirstName'

2024-11-07 18:35:15 - [TEST_STEP][PASSED] - setText(findTestObject(orPath_FilingStatus + "/input_jointLastName"), " "): Text ' ' is set on object 'Object Repository/RAD_Pages/FilingStatus_Page/input_jointLastName'

2024-11-07 18:35:16 - [MESSAGE][PASSED] - Text ' ' is set on object 'Object Repository/RAD_Pages/FilingStatus_Page/input_jointLastName'

2024-11-07 18:35:16 - [TEST_STEP][PASSED] - setText(findTestObject("Object Repository/RAD_RecordAndPlay/input_JointFilerSSN"), " "): Text ' ' is set on object 'Object Repository/RAD_RecordAndPlay/input_JointFilerSSN'

2024-11-07 18:35:16 - [MESSAGE][PASSED] - Text ' ' is set on object 'Object Repository/RAD_RecordAndPlay/input_JointFilerSSN'

2024-11-07 18:35:17 - [TEST_STEP][PASSED] - setText(findTestObject("Object Repository/RAD_RecordAndPlay/input_reTypeJointFilerSSN"), " "): Text ' ' is set on object 'Object Repository/RAD_RecordAndPlay/input_reTypeJointFilerSSN'

2024-11-07 18:35:17 - [MESSAGE][PASSED] - Text ' ' is set on object 'Object Repository/RAD_RecordAndPlay/input_reTypeJointFilerSSN'

2024-11-07 18:35:17 - [TEST_STEP][PASSED] - resText = "Fail": null

2024-11-07 18:35:17 - [TEST_STEP][PASSED] - pages.WriteExcel.demoKey(resText, datText, resColumn, datCloumn, fileLoc, nameSheet, row): pages.WriteExcel.demoKey is PASSED

2024-11-07 18:35:18 - [MESSAGE][PASSED] - pages.WriteExcel.demoKey is PASSED

2024-11-07 18:35:18 - [TEST_STEP][PASSED] - verifyTextPresent("Enter first name", true, CONTINUE_ON_FAILURE): Text 'Enter first name' is present on page  using regular expression

2024-11-07 18:35:18 - [MESSAGE][PASSED] - Text 'Enter first name' is present on page  using regular expression

2024-11-07 18:35:18 - [TEST_STEP][PASSED] - verifyTextPresent("Enter last name", true, CONTINUE_ON_FAILURE): Text 'Enter last name' is present on page  using regular expression

2024-11-07 18:35:18 - [MESSAGE][PASSED] - Text 'Enter last name' is present on page  using regular expression

2024-11-07 18:35:18 - [TEST_STEP][PASSED] - verifyTextPresent("Please enter a valid SSN with 9 digits", true, CONTINUE_ON_FAILURE): Text 'Please enter a valid SSN with 9 digits' is present on page  using regular expression

2024-11-07 18:35:19 - [MESSAGE][PASSED] - Text 'Please enter a valid SSN with 9 digits' is present on page  using regular expression

2024-11-07 18:35:19 - [TEST_STEP][PASSED] - verifyTextPresent("Re-type SSN Validation Error", true, CONTINUE_ON_FAILURE): Text 'Re-type SSN Validation Error' is present on page  using regular expression

2024-11-07 18:35:19 - [MESSAGE][PASSED] - Text 'Re-type SSN Validation Error' is present on page  using regular expression

2024-11-07 18:35:19 - [TEST_STEP][PASSED] - verifyTextPresent("Enter address", true, CONTINUE_ON_FAILURE): Text 'Enter address' is present on page  using regular expression

2024-11-07 18:35:19 - [MESSAGE][PASSED] - Text 'Enter address' is present on page  using regular expression

2024-11-07 18:35:19 - [TEST_STEP][PASSED] - verifyTextPresent("Enter city", true, CONTINUE_ON_FAILURE): Text 'Enter city' is present on page  using regular expression

2024-11-07 18:35:20 - [MESSAGE][PASSED] - Text 'Enter city' is present on page  using regular expression

2024-11-07 18:35:20 - [TEST_STEP][PASSED] - verifyTextPresent("Enter ZIP code", true, CONTINUE_ON_FAILURE): Text 'Enter ZIP code' is present on page  using regular expression

2024-11-07 18:35:20 - [MESSAGE][PASSED] - Text 'Enter ZIP code' is present on page  using regular expression

2024-11-07 18:35:20 - [TEST_STEP][PASSED] - verifyTextPresent("Enter a valid phone number", true, CONTINUE_ON_FAILURE): Text 'Enter a valid phone number' is present on page  using regular expression

2024-11-07 18:35:20 - [MESSAGE][PASSED] - Text 'Enter a valid phone number' is present on page  using regular expression

2024-11-07 18:35:20 - [TEST_STEP][PASSED] - verifyTextPresent("Enter Email", true, CONTINUE_ON_FAILURE): Text 'Enter Email' is present on page  using regular expression

2024-11-07 18:35:21 - [MESSAGE][PASSED] - Text 'Enter Email' is present on page  using regular expression

2024-11-07 18:35:21 - [TEST_STEP][PASSED] - verifyTextPresent("Enter joint payer first name", true, CONTINUE_ON_FAILURE): Text 'Enter joint payer first name' is present on page  using regular expression

2024-11-07 18:35:21 - [MESSAGE][PASSED] - Text 'Enter joint payer first name' is present on page  using regular expression

2024-11-07 18:35:21 - [TEST_STEP][PASSED] - verifyTextPresent("Enter joint payer last name", true, CONTINUE_ON_FAILURE): Text 'Enter joint payer last name' is present on page  using regular expression

2024-11-07 18:35:21 - [MESSAGE][PASSED] - Text 'Enter joint payer last name' is present on page  using regular expression

2024-11-07 18:35:21 - [TEST_STEP][PASSED] - verifyTextPresent("Please enter a valid SSN with 9 digits", true, CONTINUE_ON_FAILURE): Text 'Please enter a valid SSN with 9 digits' is present on page  using regular expression

2024-11-07 18:35:22 - [MESSAGE][PASSED] - Text 'Please enter a valid SSN with 9 digits' is present on page  using regular expression

2024-11-07 18:35:22 - [TEST_STEP][PASSED] - verifyTextPresent("Re-type SSN Validation Error", true, CONTINUE_ON_FAILURE): Text 'Re-type SSN Validation Error' is present on page  using regular expression

2024-11-07 18:35:22 - [MESSAGE][PASSED] - Text 'Re-type SSN Validation Error' is present on page  using regular expression

2024-11-07 18:35:22 - [TEST_STEP][PASSED] - resText = "Pass": null

2024-11-07 18:35:22 - [TEST_STEP][PASSED] - pages.WriteExcel.demoKey(resText, datText, resColumn, datCloumn, fileLoc, nameSheet, row): pages.WriteExcel.demoKey is PASSED

2024-11-07 18:35:22 - [MESSAGE][PASSED] - pages.WriteExcel.demoKey is PASSED

2024-11-07 18:35:22 - [TEST_STEP][PASSED] - ExecuteTC = findTestData(dataFile).getValue("Execute", row): null

2024-11-07 18:35:22 - [TEST_STEP][PASSED] - TaxType = findTestData(dataFile).getValue("TaxType", row): null

2024-11-07 18:35:22 - [TEST_STEP][PASSED] - PaymentType = findTestData(dataFile).getValue("PaymentType", row): null

2024-11-07 18:35:22 - [TEST_STEP][PASSED] - FilingYear = findTestData(dataFile).getValue("Year", row): null

2024-11-07 18:35:22 - [TEST_STEP][PASSED] - if (ExecuteTC.equalsIgnoreCase("Y")): pages.WriteExcel.demoKey is PASSED

2024-11-07 18:35:22 - [TEST_STEP][PASSED] - out.println("Begin Record Number: " + row): null

2024-11-07 18:35:22 - [TEST_STEP][PASSED] - today = new java.util.Date(): null

2024-11-07 18:35:22 - [TEST_STEP][PASSED] - println(today): null

2024-11-07 18:35:22 - [TEST_STEP][PASSED] - datText = today: null

2024-11-07 18:35:22 - [TEST_STEP][PASSED] - logInfo("Payment Type: " + PaymentType): Payment Type: New Tax Return Amount Due

2024-11-07 18:35:22 - [MESSAGE][INFO] - Payment Type: New Tax Return Amount Due

2024-11-07 18:35:22 - [TEST_STEP][PASSED] - logInfo("Tax Type: " + TaxType): Tax Type: Personal Income Tax

2024-11-07 18:35:22 - [MESSAGE][INFO] - Tax Type: Personal Income Tax

2024-11-07 18:35:22 - [TEST_STEP][PASSED] - openBrowser(""): Browser is opened with url: ''

2024-11-07 18:35:22 - [MESSAGE][WARNING] - A browser is already opened. Closing browser and opening a new one

2024-11-07 18:35:24 - [MESSAGE][INFO] - Starting 'Chrome' driver

2024-11-07 18:35:24 - [MESSAGE][INFO] - User set preference: ['acceptInsecureCerts', 'true']

2024-11-07 18:35:24 - [MESSAGE][INFO] - Action delay is set to 0 milliseconds

2024-11-07 18:35:26 - [MESSAGE][PASSED] - Browser is opened with url: ''

2024-11-07 18:35:26 - [TEST_STEP][PASSED] - maximizeWindow(): Current window maximized

2024-11-07 18:35:26 - [MESSAGE][PASSED] - Current window maximized

2024-11-07 18:35:26 - [TEST_STEP][PASSED] - navigateToUrl(RADurl): Navigate to 'https://www.velocitypayment.com/client/rad/index.html' successfully

2024-11-07 18:35:29 - [MESSAGE][PASSED] - Navigate to 'https://www.velocitypayment.com/client/rad/index.html' successfully

2024-11-07 18:35:29 - [TEST_STEP][PASSED] - selectOptionByLabel(findTestObject(orPath_Landing + "/dd_TaxType"), PaymentType, false): All options with label 'New Tax Return Amount Due' are selected in object 'Object Repository/RAD_Pages/Landing_Page/dd_TaxType' 

2024-11-07 18:35:29 - [MESSAGE][PASSED] - All options with label 'New Tax Return Amount Due' are selected in object 'Object Repository/RAD_Pages/Landing_Page/dd_TaxType' 

2024-11-07 18:35:29 - [TEST_STEP][PASSED] - switch (PaymentType): null

2024-11-07 18:35:29 - [TEST_STEP][PASSED] - case "New Tax Return Amount Due":: null

2024-11-07 18:35:29 - [TEST_STEP][PASSED] - selectOptionByLabel(findTestObject("Object Repository/RAD_Pages/Landing_Page/select_NewTaxReturnAmountDue_TaxType"), TaxType, false): All options with label 'Personal Income Tax' are selected in object 'Object Repository/RAD_Pages/Landing_Page/select_NewTaxReturnAmountDue_TaxType' 

2024-11-07 18:35:30 - [MESSAGE][PASSED] - All options with label 'Personal Income Tax' are selected in object 'Object Repository/RAD_Pages/Landing_Page/select_NewTaxReturnAmountDue_TaxType' 

2024-11-07 18:35:30 - [TEST_STEP][PASSED] - break: null

2024-11-07 18:35:30 - [TEST_STEP][PASSED] - if (!(FilingYear.isEmpty())): All options with label '2023' are selected in object 'Object Repository/RAD_Pages/TaxTypeFilingYear_Page/select_FilingYear' 

2024-11-07 18:35:30 - [TEST_STEP][PASSED] - selectOptionByLabel(findTestObject(orPath_TaxTypeFilingYear + "/select_FilingYear"), FilingYear, false): All options with label '2023' are selected in object 'Object Repository/RAD_Pages/TaxTypeFilingYear_Page/select_FilingYear' 

2024-11-07 18:35:31 - [MESSAGE][PASSED] - All options with label '2023' are selected in object 'Object Repository/RAD_Pages/TaxTypeFilingYear_Page/select_FilingYear' 

2024-11-07 18:35:31 - [TEST_STEP][PASSED] - setText(findTestObject(orPath_TaxPayer + "/input_firstName"), " "): Text ' ' is set on object 'Object Repository/RAD_Pages/Taxpayer_Page/input_firstName'

2024-11-07 18:35:32 - [MESSAGE][PASSED] - Text ' ' is set on object 'Object Repository/RAD_Pages/Taxpayer_Page/input_firstName'

2024-11-07 18:35:32 - [TEST_STEP][PASSED] - setText(findTestObject(orPath_TaxPayer + "/input_lastName"), " "): Text ' ' is set on object 'Object Repository/RAD_Pages/Taxpayer_Page/input_lastName'

2024-11-07 18:35:32 - [MESSAGE][PASSED] - Text ' ' is set on object 'Object Repository/RAD_Pages/Taxpayer_Page/input_lastName'

2024-11-07 18:35:32 - [TEST_STEP][PASSED] - setText(findTestObject("RAD_RecordAndPlay/input_concatSSN"), " "): Text ' ' is set on object 'Object Repository/RAD_RecordAndPlay/input_concatSSN'

2024-11-07 18:35:33 - [MESSAGE][PASSED] - Text ' ' is set on object 'Object Repository/RAD_RecordAndPlay/input_concatSSN'

2024-11-07 18:35:33 - [TEST_STEP][PASSED] - setText(findTestObject("RAD_RecordAndPlay/input_concatReSSN"), " "): Text ' ' is set on object 'Object Repository/RAD_RecordAndPlay/input_concatReSSN'

2024-11-07 18:35:34 - [MESSAGE][PASSED] - Text ' ' is set on object 'Object Repository/RAD_RecordAndPlay/input_concatReSSN'

2024-11-07 18:35:34 - [TEST_STEP][PASSED] - setText(findTestObject(orPath_AddressContact + "/input_streetAddress1"), " "): Text ' ' is set on object 'Object Repository/RAD_Pages/AddressAndContactInfo_Page/input_streetAddress1'

2024-11-07 18:35:34 - [MESSAGE][PASSED] - Text ' ' is set on object 'Object Repository/RAD_Pages/AddressAndContactInfo_Page/input_streetAddress1'

2024-11-07 18:35:34 - [TEST_STEP][PASSED] - setText(findTestObject(orPath_AddressContact + "/input_city"), " "): Text ' ' is set on object 'Object Repository/RAD_Pages/AddressAndContactInfo_Page/input_city'

2024-11-07 18:35:35 - [MESSAGE][PASSED] - Text ' ' is set on object 'Object Repository/RAD_Pages/AddressAndContactInfo_Page/input_city'

2024-11-07 18:35:35 - [TEST_STEP][PASSED] - setText(findTestObject(orPath_AddressContact + "/input_zipCode"), " "): Text ' ' is set on object 'Object Repository/RAD_Pages/AddressAndContactInfo_Page/input_zipCode'

2024-11-07 18:35:36 - [MESSAGE][PASSED] - Text ' ' is set on object 'Object Repository/RAD_Pages/AddressAndContactInfo_Page/input_zipCode'

2024-11-07 18:35:36 - [TEST_STEP][PASSED] - setText(findTestObject(orPath_AddressContact + "/input_phoneNumber"), " "): Text ' ' is set on object 'Object Repository/RAD_Pages/AddressAndContactInfo_Page/input_phoneNumber'

2024-11-07 18:35:37 - [MESSAGE][PASSED] - Text ' ' is set on object 'Object Repository/RAD_Pages/AddressAndContactInfo_Page/input_phoneNumber'

2024-11-07 18:35:37 - [TEST_STEP][PASSED] - setText(findTestObject(orPath_AddressContact + "/input_eMailAddress"), " "): Text ' ' is set on object 'Object Repository/RAD_Pages/AddressAndContactInfo_Page/input_eMailAddress'

2024-11-07 18:35:38 - [MESSAGE][PASSED] - Text ' ' is set on object 'Object Repository/RAD_Pages/AddressAndContactInfo_Page/input_eMailAddress'

2024-11-07 18:35:38 - [TEST_STEP][PASSED] - setText(findTestObject(orPath_AddressContact + "/input_reEnterEMailAddress"), " "): Text ' ' is set on object 'Object Repository/RAD_Pages/AddressAndContactInfo_Page/input_reEnterEMailAddress'

2024-11-07 18:35:39 - [MESSAGE][PASSED] - Text ' ' is set on object 'Object Repository/RAD_Pages/AddressAndContactInfo_Page/input_reEnterEMailAddress'

2024-11-07 18:35:39 - [TEST_STEP][PASSED] - scrollToElement(findTestObject(orPath_Landing + "/button_Continue"), 3): Scroll to object 'Object Repository/RAD_Pages/Landing_Page/button_Continue' successfully

2024-11-07 18:35:39 - [MESSAGE][PASSED] - Scroll to object 'Object Repository/RAD_Pages/Landing_Page/button_Continue' successfully

2024-11-07 18:35:39 - [TEST_STEP][PASSED] - waitForElementClickable(findTestObject(orPath_FilingStatus + "/input_JointFiling_userType_New"), 5): Object 'Object Repository/RAD_Pages/FilingStatus_Page/input_JointFiling_userType_New' is clickable

2024-11-07 18:35:40 - [MESSAGE][PASSED] - Object 'Object Repository/RAD_Pages/FilingStatus_Page/input_JointFiling_userType_New' is clickable

2024-11-07 18:35:40 - [TEST_STEP][PASSED] - check(findTestObject(orPath_FilingStatus + "/input_JointFiling_userType_New")): Object 'Object Repository/RAD_Pages/FilingStatus_Page/input_JointFiling_userType_New' is checked

2024-11-07 18:35:40 - [MESSAGE][PASSED] - Object 'Object Repository/RAD_Pages/FilingStatus_Page/input_JointFiling_userType_New' is checked

2024-11-07 18:35:40 - [TEST_STEP][PASSED] - delay(2): Delayed 2 second(s)

2024-11-07 18:35:42 - [MESSAGE][PASSED] - Delayed 2 second(s)

2024-11-07 18:35:42 - [TEST_STEP][PASSED] - setText(findTestObject(orPath_FilingStatus + "/input_jointFirstName"), " "): Text ' ' is set on object 'Object Repository/RAD_Pages/FilingStatus_Page/input_jointFirstName'

2024-11-07 18:35:43 - [MESSAGE][PASSED] - Text ' ' is set on object 'Object Repository/RAD_Pages/FilingStatus_Page/input_jointFirstName'

2024-11-07 18:35:43 - [TEST_STEP][PASSED] - setText(findTestObject(orPath_FilingStatus + "/input_jointLastName"), " "): Text ' ' is set on object 'Object Repository/RAD_Pages/FilingStatus_Page/input_jointLastName'

2024-11-07 18:35:43 - [MESSAGE][PASSED] - Text ' ' is set on object 'Object Repository/RAD_Pages/FilingStatus_Page/input_jointLastName'

2024-11-07 18:35:43 - [TEST_STEP][PASSED] - setText(findTestObject("Object Repository/RAD_RecordAndPlay/input_JointFilerSSN"), " "): Text ' ' is set on object 'Object Repository/RAD_RecordAndPlay/input_JointFilerSSN'

2024-11-07 18:35:44 - [MESSAGE][PASSED] - Text ' ' is set on object 'Object Repository/RAD_RecordAndPlay/input_JointFilerSSN'

2024-11-07 18:35:44 - [TEST_STEP][PASSED] - setText(findTestObject("Object Repository/RAD_RecordAndPlay/input_reTypeJointFilerSSN"), " "): Text ' ' is set on object 'Object Repository/RAD_RecordAndPlay/input_reTypeJointFilerSSN'

2024-11-07 18:35:44 - [MESSAGE][PASSED] - Text ' ' is set on object 'Object Repository/RAD_RecordAndPlay/input_reTypeJointFilerSSN'

2024-11-07 18:35:44 - [TEST_STEP][PASSED] - resText = "Fail": null

2024-11-07 18:35:44 - [TEST_STEP][PASSED] - pages.WriteExcel.demoKey(resText, datText, resColumn, datCloumn, fileLoc, nameSheet, row): pages.WriteExcel.demoKey is PASSED

2024-11-07 18:35:45 - [MESSAGE][PASSED] - pages.WriteExcel.demoKey is PASSED

2024-11-07 18:35:45 - [TEST_STEP][PASSED] - verifyTextPresent("Enter first name", true, CONTINUE_ON_FAILURE): Text 'Enter first name' is present on page  using regular expression

2024-11-07 18:35:45 - [MESSAGE][PASSED] - Text 'Enter first name' is present on page  using regular expression

2024-11-07 18:35:45 - [TEST_STEP][PASSED] - verifyTextPresent("Enter last name", true, CONTINUE_ON_FAILURE): Text 'Enter last name' is present on page  using regular expression

2024-11-07 18:35:45 - [MESSAGE][PASSED] - Text 'Enter last name' is present on page  using regular expression

2024-11-07 18:35:45 - [TEST_STEP][PASSED] - verifyTextPresent("Please enter a valid SSN with 9 digits", true, CONTINUE_ON_FAILURE): Text 'Please enter a valid SSN with 9 digits' is present on page  using regular expression

2024-11-07 18:35:46 - [MESSAGE][PASSED] - Text 'Please enter a valid SSN with 9 digits' is present on page  using regular expression

2024-11-07 18:35:46 - [TEST_STEP][PASSED] - verifyTextPresent("Re-type SSN Validation Error", true, CONTINUE_ON_FAILURE): Text 'Re-type SSN Validation Error' is present on page  using regular expression

2024-11-07 18:35:46 - [MESSAGE][PASSED] - Text 'Re-type SSN Validation Error' is present on page  using regular expression

2024-11-07 18:35:46 - [TEST_STEP][PASSED] - verifyTextPresent("Enter address", true, CONTINUE_ON_FAILURE): Text 'Enter address' is present on page  using regular expression

2024-11-07 18:35:46 - [MESSAGE][PASSED] - Text 'Enter address' is present on page  using regular expression

2024-11-07 18:35:46 - [TEST_STEP][PASSED] - verifyTextPresent("Enter city", true, CONTINUE_ON_FAILURE): Text 'Enter city' is present on page  using regular expression

2024-11-07 18:35:47 - [MESSAGE][PASSED] - Text 'Enter city' is present on page  using regular expression

2024-11-07 18:35:47 - [TEST_STEP][PASSED] - verifyTextPresent("Enter ZIP code", true, CONTINUE_ON_FAILURE): Text 'Enter ZIP code' is present on page  using regular expression

2024-11-07 18:35:47 - [MESSAGE][PASSED] - Text 'Enter ZIP code' is present on page  using regular expression

2024-11-07 18:35:47 - [TEST_STEP][PASSED] - verifyTextPresent("Enter a valid phone number", true, CONTINUE_ON_FAILURE): Text 'Enter a valid phone number' is present on page  using regular expression

2024-11-07 18:35:47 - [MESSAGE][PASSED] - Text 'Enter a valid phone number' is present on page  using regular expression

2024-11-07 18:35:47 - [TEST_STEP][PASSED] - verifyTextPresent("Enter Email", true, CONTINUE_ON_FAILURE): Text 'Enter Email' is present on page  using regular expression

2024-11-07 18:35:48 - [MESSAGE][PASSED] - Text 'Enter Email' is present on page  using regular expression

2024-11-07 18:35:48 - [TEST_STEP][PASSED] - verifyTextPresent("Enter joint payer first name", true, CONTINUE_ON_FAILURE): Text 'Enter joint payer first name' is present on page  using regular expression

2024-11-07 18:35:48 - [MESSAGE][PASSED] - Text 'Enter joint payer first name' is present on page  using regular expression

2024-11-07 18:35:48 - [TEST_STEP][PASSED] - verifyTextPresent("Enter joint payer last name", true, CONTINUE_ON_FAILURE): Text 'Enter joint payer last name' is present on page  using regular expression

2024-11-07 18:35:48 - [MESSAGE][PASSED] - Text 'Enter joint payer last name' is present on page  using regular expression

2024-11-07 18:35:48 - [TEST_STEP][PASSED] - verifyTextPresent("Please enter a valid SSN with 9 digits", true, CONTINUE_ON_FAILURE): Text 'Please enter a valid SSN with 9 digits' is present on page  using regular expression

2024-11-07 18:35:49 - [MESSAGE][PASSED] - Text 'Please enter a valid SSN with 9 digits' is present on page  using regular expression

2024-11-07 18:35:49 - [TEST_STEP][PASSED] - verifyTextPresent("Re-type SSN Validation Error", true, CONTINUE_ON_FAILURE): Text 'Re-type SSN Validation Error' is present on page  using regular expression

2024-11-07 18:35:49 - [MESSAGE][PASSED] - Text 'Re-type SSN Validation Error' is present on page  using regular expression

2024-11-07 18:35:49 - [TEST_STEP][PASSED] - resText = "Pass": null

2024-11-07 18:35:49 - [TEST_STEP][PASSED] - pages.WriteExcel.demoKey(resText, datText, resColumn, datCloumn, fileLoc, nameSheet, row): pages.WriteExcel.demoKey is PASSED

2024-11-07 18:35:49 - [MESSAGE][PASSED] - pages.WriteExcel.demoKey is PASSED

2024-11-07 18:35:49 - [TEST_STEP][PASSED] - ExecuteTC = findTestData(dataFile).getValue("Execute", row): null

2024-11-07 18:35:49 - [TEST_STEP][PASSED] - TaxType = findTestData(dataFile).getValue("TaxType", row): null

2024-11-07 18:35:49 - [TEST_STEP][PASSED] - PaymentType = findTestData(dataFile).getValue("PaymentType", row): null

2024-11-07 18:35:49 - [TEST_STEP][PASSED] - FilingYear = findTestData(dataFile).getValue("Year", row): null

2024-11-07 18:35:50 - [TEST_STEP][PASSED] - if (ExecuteTC.equalsIgnoreCase("Y")): pages.WriteExcel.demoKey is PASSED

2024-11-07 18:35:50 - [TEST_STEP][PASSED] - out.println("Begin Record Number: " + row): null

2024-11-07 18:35:50 - [TEST_STEP][PASSED] - today = new java.util.Date(): null

2024-11-07 18:35:50 - [TEST_STEP][PASSED] - println(today): null

2024-11-07 18:35:50 - [TEST_STEP][PASSED] - datText = today: null

2024-11-07 18:35:50 - [TEST_STEP][PASSED] - logInfo("Payment Type: " + PaymentType): Payment Type: New Tax Return Amount Due

2024-11-07 18:35:50 - [MESSAGE][INFO] - Payment Type: New Tax Return Amount Due

2024-11-07 18:35:50 - [TEST_STEP][PASSED] - logInfo("Tax Type: " + TaxType): Tax Type: Personal Income Tax

2024-11-07 18:35:50 - [MESSAGE][INFO] - Tax Type: Personal Income Tax

2024-11-07 18:35:50 - [TEST_STEP][PASSED] - openBrowser(""): Browser is opened with url: ''

2024-11-07 18:35:50 - [MESSAGE][WARNING] - A browser is already opened. Closing browser and opening a new one

2024-11-07 18:35:52 - [MESSAGE][INFO] - Starting 'Chrome' driver

2024-11-07 18:35:52 - [MESSAGE][INFO] - User set preference: ['acceptInsecureCerts', 'true']

2024-11-07 18:35:52 - [MESSAGE][INFO] - Action delay is set to 0 milliseconds

2024-11-07 18:35:54 - [MESSAGE][PASSED] - Browser is opened with url: ''

2024-11-07 18:35:54 - [TEST_STEP][PASSED] - maximizeWindow(): Current window maximized

2024-11-07 18:35:54 - [MESSAGE][PASSED] - Current window maximized

2024-11-07 18:35:54 - [TEST_STEP][PASSED] - navigateToUrl(RADurl): Navigate to 'https://www.velocitypayment.com/client/rad/index.html' successfully

2024-11-07 18:35:56 - [MESSAGE][PASSED] - Navigate to 'https://www.velocitypayment.com/client/rad/index.html' successfully

2024-11-07 18:35:56 - [TEST_STEP][PASSED] - selectOptionByLabel(findTestObject(orPath_Landing + "/dd_TaxType"), PaymentType, false): All options with label 'New Tax Return Amount Due' are selected in object 'Object Repository/RAD_Pages/Landing_Page/dd_TaxType' 

2024-11-07 18:35:57 - [MESSAGE][PASSED] - All options with label 'New Tax Return Amount Due' are selected in object 'Object Repository/RAD_Pages/Landing_Page/dd_TaxType' 

2024-11-07 18:35:57 - [TEST_STEP][PASSED] - switch (PaymentType): null

2024-11-07 18:35:57 - [TEST_STEP][PASSED] - case "New Tax Return Amount Due":: null

2024-11-07 18:35:57 - [TEST_STEP][PASSED] - selectOptionByLabel(findTestObject("Object Repository/RAD_Pages/Landing_Page/select_NewTaxReturnAmountDue_TaxType"), TaxType, false): All options with label 'Personal Income Tax' are selected in object 'Object Repository/RAD_Pages/Landing_Page/select_NewTaxReturnAmountDue_TaxType' 

2024-11-07 18:35:58 - [MESSAGE][PASSED] - All options with label 'Personal Income Tax' are selected in object 'Object Repository/RAD_Pages/Landing_Page/select_NewTaxReturnAmountDue_TaxType' 

2024-11-07 18:35:58 - [TEST_STEP][PASSED] - break: null

2024-11-07 18:35:58 - [TEST_STEP][PASSED] - if (!(FilingYear.isEmpty())): All options with label '2022' are selected in object 'Object Repository/RAD_Pages/TaxTypeFilingYear_Page/select_FilingYear' 

2024-11-07 18:35:58 - [TEST_STEP][PASSED] - selectOptionByLabel(findTestObject(orPath_TaxTypeFilingYear + "/select_FilingYear"), FilingYear, false): All options with label '2022' are selected in object 'Object Repository/RAD_Pages/TaxTypeFilingYear_Page/select_FilingYear' 

2024-11-07 18:35:58 - [MESSAGE][PASSED] - All options with label '2022' are selected in object 'Object Repository/RAD_Pages/TaxTypeFilingYear_Page/select_FilingYear' 

2024-11-07 18:35:58 - [TEST_STEP][PASSED] - setText(findTestObject(orPath_TaxPayer + "/input_firstName"), " "): Text ' ' is set on object 'Object Repository/RAD_Pages/Taxpayer_Page/input_firstName'

2024-11-07 18:35:59 - [MESSAGE][PASSED] - Text ' ' is set on object 'Object Repository/RAD_Pages/Taxpayer_Page/input_firstName'

2024-11-07 18:35:59 - [TEST_STEP][PASSED] - setText(findTestObject(orPath_TaxPayer + "/input_lastName"), " "): Text ' ' is set on object 'Object Repository/RAD_Pages/Taxpayer_Page/input_lastName'

2024-11-07 18:36:00 - [MESSAGE][PASSED] - Text ' ' is set on object 'Object Repository/RAD_Pages/Taxpayer_Page/input_lastName'

2024-11-07 18:36:00 - [TEST_STEP][PASSED] - setText(findTestObject("RAD_RecordAndPlay/input_concatSSN"), " "): Text ' ' is set on object 'Object Repository/RAD_RecordAndPlay/input_concatSSN'

2024-11-07 18:36:01 - [MESSAGE][PASSED] - Text ' ' is set on object 'Object Repository/RAD_RecordAndPlay/input_concatSSN'

2024-11-07 18:36:01 - [TEST_STEP][PASSED] - setText(findTestObject("RAD_RecordAndPlay/input_concatReSSN"), " "): Text ' ' is set on object 'Object Repository/RAD_RecordAndPlay/input_concatReSSN'

2024-11-07 18:36:01 - [MESSAGE][PASSED] - Text ' ' is set on object 'Object Repository/RAD_RecordAndPlay/input_concatReSSN'

2024-11-07 18:36:01 - [TEST_STEP][PASSED] - setText(findTestObject(orPath_AddressContact + "/input_streetAddress1"), " "): Text ' ' is set on object 'Object Repository/RAD_Pages/AddressAndContactInfo_Page/input_streetAddress1'

2024-11-07 18:36:02 - [MESSAGE][PASSED] - Text ' ' is set on object 'Object Repository/RAD_Pages/AddressAndContactInfo_Page/input_streetAddress1'

2024-11-07 18:36:02 - [TEST_STEP][PASSED] - setText(findTestObject(orPath_AddressContact + "/input_city"), " "): Text ' ' is set on object 'Object Repository/RAD_Pages/AddressAndContactInfo_Page/input_city'

2024-11-07 18:36:03 - [MESSAGE][PASSED] - Text ' ' is set on object 'Object Repository/RAD_Pages/AddressAndContactInfo_Page/input_city'

2024-11-07 18:36:03 - [TEST_STEP][PASSED] - setText(findTestObject(orPath_AddressContact + "/input_zipCode"), " "): Text ' ' is set on object 'Object Repository/RAD_Pages/AddressAndContactInfo_Page/input_zipCode'

2024-11-07 18:36:04 - [MESSAGE][PASSED] - Text ' ' is set on object 'Object Repository/RAD_Pages/AddressAndContactInfo_Page/input_zipCode'

2024-11-07 18:36:04 - [TEST_STEP][PASSED] - setText(findTestObject(orPath_AddressContact + "/input_phoneNumber"), " "): Text ' ' is set on object 'Object Repository/RAD_Pages/AddressAndContactInfo_Page/input_phoneNumber'

2024-11-07 18:36:04 - [MESSAGE][PASSED] - Text ' ' is set on object 'Object Repository/RAD_Pages/AddressAndContactInfo_Page/input_phoneNumber'

2024-11-07 18:36:04 - [TEST_STEP][PASSED] - setText(findTestObject(orPath_AddressContact + "/input_eMailAddress"), " "): Text ' ' is set on object 'Object Repository/RAD_Pages/AddressAndContactInfo_Page/input_eMailAddress'

2024-11-07 18:36:05 - [MESSAGE][PASSED] - Text ' ' is set on object 'Object Repository/RAD_Pages/AddressAndContactInfo_Page/input_eMailAddress'

2024-11-07 18:36:05 - [TEST_STEP][PASSED] - setText(findTestObject(orPath_AddressContact + "/input_reEnterEMailAddress"), " "): Text ' ' is set on object 'Object Repository/RAD_Pages/AddressAndContactInfo_Page/input_reEnterEMailAddress'

2024-11-07 18:36:06 - [MESSAGE][PASSED] - Text ' ' is set on object 'Object Repository/RAD_Pages/AddressAndContactInfo_Page/input_reEnterEMailAddress'

2024-11-07 18:36:06 - [TEST_STEP][PASSED] - scrollToElement(findTestObject(orPath_Landing + "/button_Continue"), 3): Scroll to object 'Object Repository/RAD_Pages/Landing_Page/button_Continue' successfully

2024-11-07 18:36:06 - [MESSAGE][PASSED] - Scroll to object 'Object Repository/RAD_Pages/Landing_Page/button_Continue' successfully

2024-11-07 18:36:06 - [TEST_STEP][PASSED] - waitForElementClickable(findTestObject(orPath_FilingStatus + "/input_JointFiling_userType_New"), 5): Object 'Object Repository/RAD_Pages/FilingStatus_Page/input_JointFiling_userType_New' is clickable

2024-11-07 18:36:07 - [MESSAGE][PASSED] - Object 'Object Repository/RAD_Pages/FilingStatus_Page/input_JointFiling_userType_New' is clickable

2024-11-07 18:36:07 - [TEST_STEP][PASSED] - check(findTestObject(orPath_FilingStatus + "/input_JointFiling_userType_New")): Object 'Object Repository/RAD_Pages/FilingStatus_Page/input_JointFiling_userType_New' is checked

2024-11-07 18:36:07 - [MESSAGE][PASSED] - Object 'Object Repository/RAD_Pages/FilingStatus_Page/input_JointFiling_userType_New' is checked

2024-11-07 18:36:07 - [TEST_STEP][PASSED] - delay(2): Delayed 2 second(s)

2024-11-07 18:36:09 - [MESSAGE][PASSED] - Delayed 2 second(s)

2024-11-07 18:36:09 - [TEST_STEP][PASSED] - setText(findTestObject(orPath_FilingStatus + "/input_jointFirstName"), " "): Text ' ' is set on object 'Object Repository/RAD_Pages/FilingStatus_Page/input_jointFirstName'

2024-11-07 18:36:10 - [MESSAGE][PASSED] - Text ' ' is set on object 'Object Repository/RAD_Pages/FilingStatus_Page/input_jointFirstName'

2024-11-07 18:36:10 - [TEST_STEP][PASSED] - setText(findTestObject(orPath_FilingStatus + "/input_jointLastName"), " "): Text ' ' is set on object 'Object Repository/RAD_Pages/FilingStatus_Page/input_jointLastName'

2024-11-07 18:36:11 - [MESSAGE][PASSED] - Text ' ' is set on object 'Object Repository/RAD_Pages/FilingStatus_Page/input_jointLastName'

2024-11-07 18:36:11 - [TEST_STEP][PASSED] - setText(findTestObject("Object Repository/RAD_RecordAndPlay/input_JointFilerSSN"), " "): Text ' ' is set on object 'Object Repository/RAD_RecordAndPlay/input_JointFilerSSN'

2024-11-07 18:36:11 - [MESSAGE][PASSED] - Text ' ' is set on object 'Object Repository/RAD_RecordAndPlay/input_JointFilerSSN'

2024-11-07 18:36:11 - [TEST_STEP][PASSED] - setText(findTestObject("Object Repository/RAD_RecordAndPlay/input_reTypeJointFilerSSN"), " "): Text ' ' is set on object 'Object Repository/RAD_RecordAndPlay/input_reTypeJointFilerSSN'

2024-11-07 18:36:12 - [MESSAGE][PASSED] - Text ' ' is set on object 'Object Repository/RAD_RecordAndPlay/input_reTypeJointFilerSSN'

2024-11-07 18:36:12 - [TEST_STEP][PASSED] - resText = "Fail": null

2024-11-07 18:36:12 - [TEST_STEP][PASSED] - pages.WriteExcel.demoKey(resText, datText, resColumn, datCloumn, fileLoc, nameSheet, row): pages.WriteExcel.demoKey is PASSED

2024-11-07 18:36:12 - [MESSAGE][PASSED] - pages.WriteExcel.demoKey is PASSED

2024-11-07 18:36:12 - [TEST_STEP][PASSED] - verifyTextPresent("Enter first name", true, CONTINUE_ON_FAILURE): Text 'Enter first name' is present on page  using regular expression

2024-11-07 18:36:13 - [MESSAGE][PASSED] - Text 'Enter first name' is present on page  using regular expression

2024-11-07 18:36:13 - [TEST_STEP][PASSED] - verifyTextPresent("Enter last name", true, CONTINUE_ON_FAILURE): Text 'Enter last name' is present on page  using regular expression

2024-11-07 18:36:13 - [MESSAGE][PASSED] - Text 'Enter last name' is present on page  using regular expression

2024-11-07 18:36:13 - [TEST_STEP][PASSED] - verifyTextPresent("Please enter a valid SSN with 9 digits", true, CONTINUE_ON_FAILURE): Text 'Please enter a valid SSN with 9 digits' is present on page  using regular expression

2024-11-07 18:36:13 - [MESSAGE][PASSED] - Text 'Please enter a valid SSN with 9 digits' is present on page  using regular expression

2024-11-07 18:36:13 - [TEST_STEP][PASSED] - verifyTextPresent("Re-type SSN Validation Error", true, CONTINUE_ON_FAILURE): Text 'Re-type SSN Validation Error' is present on page  using regular expression

2024-11-07 18:36:14 - [MESSAGE][PASSED] - Text 'Re-type SSN Validation Error' is present on page  using regular expression

2024-11-07 18:36:14 - [TEST_STEP][PASSED] - verifyTextPresent("Enter address", true, CONTINUE_ON_FAILURE): Text 'Enter address' is present on page  using regular expression

2024-11-07 18:36:14 - [MESSAGE][PASSED] - Text 'Enter address' is present on page  using regular expression

2024-11-07 18:36:14 - [TEST_STEP][PASSED] - verifyTextPresent("Enter city", true, CONTINUE_ON_FAILURE): Text 'Enter city' is present on page  using regular expression

2024-11-07 18:36:14 - [MESSAGE][PASSED] - Text 'Enter city' is present on page  using regular expression

2024-11-07 18:36:14 - [TEST_STEP][PASSED] - verifyTextPresent("Enter ZIP code", true, CONTINUE_ON_FAILURE): Text 'Enter ZIP code' is present on page  using regular expression

2024-11-07 18:36:15 - [MESSAGE][PASSED] - Text 'Enter ZIP code' is present on page  using regular expression

2024-11-07 18:36:15 - [TEST_STEP][PASSED] - verifyTextPresent("Enter a valid phone number", true, CONTINUE_ON_FAILURE): Text 'Enter a valid phone number' is present on page  using regular expression

2024-11-07 18:36:15 - [MESSAGE][PASSED] - Text 'Enter a valid phone number' is present on page  using regular expression

2024-11-07 18:36:15 - [TEST_STEP][PASSED] - verifyTextPresent("Enter Email", true, CONTINUE_ON_FAILURE): Text 'Enter Email' is present on page  using regular expression

2024-11-07 18:36:15 - [MESSAGE][PASSED] - Text 'Enter Email' is present on page  using regular expression

2024-11-07 18:36:15 - [TEST_STEP][PASSED] - verifyTextPresent("Enter joint payer first name", true, CONTINUE_ON_FAILURE): Text 'Enter joint payer first name' is present on page  using regular expression

2024-11-07 18:36:16 - [MESSAGE][PASSED] - Text 'Enter joint payer first name' is present on page  using regular expression

2024-11-07 18:36:16 - [TEST_STEP][PASSED] - verifyTextPresent("Enter joint payer last name", true, CONTINUE_ON_FAILURE): Text 'Enter joint payer last name' is present on page  using regular expression

2024-11-07 18:36:16 - [MESSAGE][PASSED] - Text 'Enter joint payer last name' is present on page  using regular expression

2024-11-07 18:36:16 - [TEST_STEP][PASSED] - verifyTextPresent("Please enter a valid SSN with 9 digits", true, CONTINUE_ON_FAILURE): Text 'Please enter a valid SSN with 9 digits' is present on page  using regular expression

2024-11-07 18:36:16 - [MESSAGE][PASSED] - Text 'Please enter a valid SSN with 9 digits' is present on page  using regular expression

2024-11-07 18:36:16 - [TEST_STEP][PASSED] - verifyTextPresent("Re-type SSN Validation Error", true, CONTINUE_ON_FAILURE): Text 'Re-type SSN Validation Error' is present on page  using regular expression

2024-11-07 18:36:17 - [MESSAGE][PASSED] - Text 'Re-type SSN Validation Error' is present on page  using regular expression

2024-11-07 18:36:17 - [TEST_STEP][PASSED] - resText = "Pass": null

2024-11-07 18:36:17 - [TEST_STEP][PASSED] - pages.WriteExcel.demoKey(resText, datText, resColumn, datCloumn, fileLoc, nameSheet, row): pages.WriteExcel.demoKey is PASSED

2024-11-07 18:36:17 - [MESSAGE][PASSED] - pages.WriteExcel.demoKey is PASSED

2024-11-07 18:36:17 - [TEST_STEP][PASSED] - ExecuteTC = findTestData(dataFile).getValue("Execute", row): null

2024-11-07 18:36:17 - [TEST_STEP][PASSED] - TaxType = findTestData(dataFile).getValue("TaxType", row): null

2024-11-07 18:36:17 - [TEST_STEP][PASSED] - PaymentType = findTestData(dataFile).getValue("PaymentType", row): null

2024-11-07 18:36:17 - [TEST_STEP][PASSED] - FilingYear = findTestData(dataFile).getValue("Year", row): null

2024-11-07 18:36:17 - [TEST_STEP][PASSED] - if (ExecuteTC.equalsIgnoreCase("Y")): pages.WriteExcel.demoKey is PASSED

2024-11-07 18:36:17 - [TEST_STEP][PASSED] - out.println("Begin Record Number: " + row): null

2024-11-07 18:36:17 - [TEST_STEP][PASSED] - today = new java.util.Date(): null

2024-11-07 18:36:17 - [TEST_STEP][PASSED] - println(today): null

2024-11-07 18:36:17 - [TEST_STEP][PASSED] - datText = today: null

2024-11-07 18:36:17 - [TEST_STEP][PASSED] - logInfo("Payment Type: " + PaymentType): Payment Type: New Tax Return Amount Due

2024-11-07 18:36:17 - [MESSAGE][INFO] - Payment Type: New Tax Return Amount Due

2024-11-07 18:36:17 - [TEST_STEP][PASSED] - logInfo("Tax Type: " + TaxType): Tax Type: Personal Income Tax

2024-11-07 18:36:17 - [MESSAGE][INFO] - Tax Type: Personal Income Tax

2024-11-07 18:36:17 - [TEST_STEP][PASSED] - openBrowser(""): Browser is opened with url: ''

2024-11-07 18:36:17 - [MESSAGE][WARNING] - A browser is already opened. Closing browser and opening a new one

2024-11-07 18:36:19 - [MESSAGE][INFO] - Starting 'Chrome' driver

2024-11-07 18:36:19 - [MESSAGE][INFO] - User set preference: ['acceptInsecureCerts', 'true']

2024-11-07 18:36:19 - [MESSAGE][INFO] - Action delay is set to 0 milliseconds

2024-11-07 18:36:21 - [MESSAGE][PASSED] - Browser is opened with url: ''

2024-11-07 18:36:21 - [TEST_STEP][PASSED] - maximizeWindow(): Current window maximized

2024-11-07 18:36:21 - [MESSAGE][PASSED] - Current window maximized

2024-11-07 18:36:21 - [TEST_STEP][PASSED] - navigateToUrl(RADurl): Navigate to 'https://www.velocitypayment.com/client/rad/index.html' successfully

2024-11-07 18:36:23 - [MESSAGE][PASSED] - Navigate to 'https://www.velocitypayment.com/client/rad/index.html' successfully

2024-11-07 18:36:23 - [TEST_STEP][PASSED] - selectOptionByLabel(findTestObject(orPath_Landing + "/dd_TaxType"), PaymentType, false): All options with label 'New Tax Return Amount Due' are selected in object 'Object Repository/RAD_Pages/Landing_Page/dd_TaxType' 

2024-11-07 18:36:24 - [MESSAGE][PASSED] - All options with label 'New Tax Return Amount Due' are selected in object 'Object Repository/RAD_Pages/Landing_Page/dd_TaxType' 

2024-11-07 18:36:24 - [TEST_STEP][PASSED] - switch (PaymentType): null

2024-11-07 18:36:24 - [TEST_STEP][PASSED] - case "New Tax Return Amount Due":: null

2024-11-07 18:36:24 - [TEST_STEP][PASSED] - selectOptionByLabel(findTestObject("Object Repository/RAD_Pages/Landing_Page/select_NewTaxReturnAmountDue_TaxType"), TaxType, false): All options with label 'Personal Income Tax' are selected in object 'Object Repository/RAD_Pages/Landing_Page/select_NewTaxReturnAmountDue_TaxType' 

2024-11-07 18:36:25 - [MESSAGE][PASSED] - All options with label 'Personal Income Tax' are selected in object 'Object Repository/RAD_Pages/Landing_Page/select_NewTaxReturnAmountDue_TaxType' 

2024-11-07 18:36:25 - [TEST_STEP][PASSED] - break: null

2024-11-07 18:36:25 - [TEST_STEP][PASSED] - if (!(FilingYear.isEmpty())): All options with label '2021' are selected in object 'Object Repository/RAD_Pages/TaxTypeFilingYear_Page/select_FilingYear' 

2024-11-07 18:36:25 - [TEST_STEP][PASSED] - selectOptionByLabel(findTestObject(orPath_TaxTypeFilingYear + "/select_FilingYear"), FilingYear, false): All options with label '2021' are selected in object 'Object Repository/RAD_Pages/TaxTypeFilingYear_Page/select_FilingYear' 

2024-11-07 18:36:25 - [MESSAGE][PASSED] - All options with label '2021' are selected in object 'Object Repository/RAD_Pages/TaxTypeFilingYear_Page/select_FilingYear' 

2024-11-07 18:36:25 - [TEST_STEP][PASSED] - setText(findTestObject(orPath_TaxPayer + "/input_firstName"), " "): Text ' ' is set on object 'Object Repository/RAD_Pages/Taxpayer_Page/input_firstName'

2024-11-07 18:36:26 - [MESSAGE][PASSED] - Text ' ' is set on object 'Object Repository/RAD_Pages/Taxpayer_Page/input_firstName'

2024-11-07 18:36:26 - [TEST_STEP][PASSED] - setText(findTestObject(orPath_TaxPayer + "/input_lastName"), " "): Text ' ' is set on object 'Object Repository/RAD_Pages/Taxpayer_Page/input_lastName'

2024-11-07 18:36:27 - [MESSAGE][PASSED] - Text ' ' is set on object 'Object Repository/RAD_Pages/Taxpayer_Page/input_lastName'

2024-11-07 18:36:27 - [TEST_STEP][PASSED] - setText(findTestObject("RAD_RecordAndPlay/input_concatSSN"), " "): Text ' ' is set on object 'Object Repository/RAD_RecordAndPlay/input_concatSSN'

2024-11-07 18:36:28 - [MESSAGE][PASSED] - Text ' ' is set on object 'Object Repository/RAD_RecordAndPlay/input_concatSSN'

2024-11-07 18:36:28 - [TEST_STEP][PASSED] - setText(findTestObject("RAD_RecordAndPlay/input_concatReSSN"), " "): Text ' ' is set on object 'Object Repository/RAD_RecordAndPlay/input_concatReSSN'

2024-11-07 18:36:28 - [MESSAGE][PASSED] - Text ' ' is set on object 'Object Repository/RAD_RecordAndPlay/input_concatReSSN'

2024-11-07 18:36:28 - [TEST_STEP][PASSED] - setText(findTestObject(orPath_AddressContact + "/input_streetAddress1"), " "): Text ' ' is set on object 'Object Repository/RAD_Pages/AddressAndContactInfo_Page/input_streetAddress1'

2024-11-07 18:36:29 - [MESSAGE][PASSED] - Text ' ' is set on object 'Object Repository/RAD_Pages/AddressAndContactInfo_Page/input_streetAddress1'

2024-11-07 18:36:29 - [TEST_STEP][PASSED] - setText(findTestObject(orPath_AddressContact + "/input_city"), " "): Text ' ' is set on object 'Object Repository/RAD_Pages/AddressAndContactInfo_Page/input_city'

2024-11-07 18:36:30 - [MESSAGE][PASSED] - Text ' ' is set on object 'Object Repository/RAD_Pages/AddressAndContactInfo_Page/input_city'

2024-11-07 18:36:30 - [TEST_STEP][PASSED] - setText(findTestObject(orPath_AddressContact + "/input_zipCode"), " "): Text ' ' is set on object 'Object Repository/RAD_Pages/AddressAndContactInfo_Page/input_zipCode'

2024-11-07 18:36:30 - [MESSAGE][PASSED] - Text ' ' is set on object 'Object Repository/RAD_Pages/AddressAndContactInfo_Page/input_zipCode'

2024-11-07 18:36:30 - [TEST_STEP][PASSED] - setText(findTestObject(orPath_AddressContact + "/input_phoneNumber"), " "): Text ' ' is set on object 'Object Repository/RAD_Pages/AddressAndContactInfo_Page/input_phoneNumber'

2024-11-07 18:36:31 - [MESSAGE][PASSED] - Text ' ' is set on object 'Object Repository/RAD_Pages/AddressAndContactInfo_Page/input_phoneNumber'

2024-11-07 18:36:31 - [TEST_STEP][PASSED] - setText(findTestObject(orPath_AddressContact + "/input_eMailAddress"), " "): Text ' ' is set on object 'Object Repository/RAD_Pages/AddressAndContactInfo_Page/input_eMailAddress'

2024-11-07 18:36:32 - [MESSAGE][PASSED] - Text ' ' is set on object 'Object Repository/RAD_Pages/AddressAndContactInfo_Page/input_eMailAddress'

2024-11-07 18:36:32 - [TEST_STEP][PASSED] - setText(findTestObject(orPath_AddressContact + "/input_reEnterEMailAddress"), " "): Text ' ' is set on object 'Object Repository/RAD_Pages/AddressAndContactInfo_Page/input_reEnterEMailAddress'

2024-11-07 18:36:33 - [MESSAGE][PASSED] - Text ' ' is set on object 'Object Repository/RAD_Pages/AddressAndContactInfo_Page/input_reEnterEMailAddress'

2024-11-07 18:36:33 - [TEST_STEP][PASSED] - scrollToElement(findTestObject(orPath_Landing + "/button_Continue"), 3): Scroll to object 'Object Repository/RAD_Pages/Landing_Page/button_Continue' successfully

2024-11-07 18:36:33 - [MESSAGE][PASSED] - Scroll to object 'Object Repository/RAD_Pages/Landing_Page/button_Continue' successfully

2024-11-07 18:36:33 - [TEST_STEP][PASSED] - waitForElementClickable(findTestObject(orPath_FilingStatus + "/input_JointFiling_userType_New"), 5): Object 'Object Repository/RAD_Pages/FilingStatus_Page/input_JointFiling_userType_New' is clickable

2024-11-07 18:36:34 - [MESSAGE][PASSED] - Object 'Object Repository/RAD_Pages/FilingStatus_Page/input_JointFiling_userType_New' is clickable

2024-11-07 18:36:34 - [TEST_STEP][PASSED] - check(findTestObject(orPath_FilingStatus + "/input_JointFiling_userType_New")): Object 'Object Repository/RAD_Pages/FilingStatus_Page/input_JointFiling_userType_New' is checked

2024-11-07 18:36:34 - [MESSAGE][PASSED] - Object 'Object Repository/RAD_Pages/FilingStatus_Page/input_JointFiling_userType_New' is checked

2024-11-07 18:36:34 - [TEST_STEP][PASSED] - delay(2): Delayed 2 second(s)

2024-11-07 18:36:36 - [MESSAGE][PASSED] - Delayed 2 second(s)

2024-11-07 18:36:36 - [TEST_STEP][PASSED] - setText(findTestObject(orPath_FilingStatus + "/input_jointFirstName"), " "): Text ' ' is set on object 'Object Repository/RAD_Pages/FilingStatus_Page/input_jointFirstName'

2024-11-07 18:36:37 - [MESSAGE][PASSED] - Text ' ' is set on object 'Object Repository/RAD_Pages/FilingStatus_Page/input_jointFirstName'

2024-11-07 18:36:37 - [TEST_STEP][PASSED] - setText(findTestObject(orPath_FilingStatus + "/input_jointLastName"), " "): Text ' ' is set on object 'Object Repository/RAD_Pages/FilingStatus_Page/input_jointLastName'

2024-11-07 18:36:37 - [MESSAGE][PASSED] - Text ' ' is set on object 'Object Repository/RAD_Pages/FilingStatus_Page/input_jointLastName'

2024-11-07 18:36:37 - [TEST_STEP][PASSED] - setText(findTestObject("Object Repository/RAD_RecordAndPlay/input_JointFilerSSN"), " "): Text ' ' is set on object 'Object Repository/RAD_RecordAndPlay/input_JointFilerSSN'

2024-11-07 18:36:38 - [MESSAGE][PASSED] - Text ' ' is set on object 'Object Repository/RAD_RecordAndPlay/input_JointFilerSSN'

2024-11-07 18:36:38 - [TEST_STEP][PASSED] - setText(findTestObject("Object Repository/RAD_RecordAndPlay/input_reTypeJointFilerSSN"), " "): Text ' ' is set on object 'Object Repository/RAD_RecordAndPlay/input_reTypeJointFilerSSN'

2024-11-07 18:36:38 - [MESSAGE][PASSED] - Text ' ' is set on object 'Object Repository/RAD_RecordAndPlay/input_reTypeJointFilerSSN'

2024-11-07 18:36:38 - [TEST_STEP][PASSED] - resText = "Fail": null

2024-11-07 18:36:38 - [TEST_STEP][PASSED] - pages.WriteExcel.demoKey(resText, datText, resColumn, datCloumn, fileLoc, nameSheet, row): pages.WriteExcel.demoKey is PASSED

2024-11-07 18:36:39 - [MESSAGE][PASSED] - pages.WriteExcel.demoKey is PASSED

2024-11-07 18:36:39 - [TEST_STEP][PASSED] - verifyTextPresent("Enter first name", true, CONTINUE_ON_FAILURE): Text 'Enter first name' is present on page  using regular expression

2024-11-07 18:36:39 - [MESSAGE][PASSED] - Text 'Enter first name' is present on page  using regular expression

2024-11-07 18:36:39 - [TEST_STEP][PASSED] - verifyTextPresent("Enter last name", true, CONTINUE_ON_FAILURE): Text 'Enter last name' is present on page  using regular expression

2024-11-07 18:36:39 - [MESSAGE][PASSED] - Text 'Enter last name' is present on page  using regular expression

2024-11-07 18:36:39 - [TEST_STEP][PASSED] - verifyTextPresent("Please enter a valid SSN with 9 digits", true, CONTINUE_ON_FAILURE): Text 'Please enter a valid SSN with 9 digits' is present on page  using regular expression

2024-11-07 18:36:40 - [MESSAGE][PASSED] - Text 'Please enter a valid SSN with 9 digits' is present on page  using regular expression

2024-11-07 18:36:40 - [TEST_STEP][PASSED] - verifyTextPresent("Re-type SSN Validation Error", true, CONTINUE_ON_FAILURE): Text 'Re-type SSN Validation Error' is present on page  using regular expression

2024-11-07 18:36:40 - [MESSAGE][PASSED] - Text 'Re-type SSN Validation Error' is present on page  using regular expression

2024-11-07 18:36:40 - [TEST_STEP][PASSED] - verifyTextPresent("Enter address", true, CONTINUE_ON_FAILURE): Text 'Enter address' is present on page  using regular expression

2024-11-07 18:36:40 - [MESSAGE][PASSED] - Text 'Enter address' is present on page  using regular expression

2024-11-07 18:36:40 - [TEST_STEP][PASSED] - verifyTextPresent("Enter city", true, CONTINUE_ON_FAILURE): Text 'Enter city' is present on page  using regular expression

2024-11-07 18:36:41 - [MESSAGE][PASSED] - Text 'Enter city' is present on page  using regular expression

2024-11-07 18:36:41 - [TEST_STEP][PASSED] - verifyTextPresent("Enter ZIP code", true, CONTINUE_ON_FAILURE): Text 'Enter ZIP code' is present on page  using regular expression

2024-11-07 18:36:41 - [MESSAGE][PASSED] - Text 'Enter ZIP code' is present on page  using regular expression

2024-11-07 18:36:41 - [TEST_STEP][PASSED] - verifyTextPresent("Enter a valid phone number", true, CONTINUE_ON_FAILURE): Text 'Enter a valid phone number' is present on page  using regular expression

2024-11-07 18:36:41 - [MESSAGE][PASSED] - Text 'Enter a valid phone number' is present on page  using regular expression

2024-11-07 18:36:41 - [TEST_STEP][PASSED] - verifyTextPresent("Enter Email", true, CONTINUE_ON_FAILURE): Text 'Enter Email' is present on page  using regular expression

2024-11-07 18:36:42 - [MESSAGE][PASSED] - Text 'Enter Email' is present on page  using regular expression

2024-11-07 18:36:42 - [TEST_STEP][PASSED] - verifyTextPresent("Enter joint payer first name", true, CONTINUE_ON_FAILURE): Text 'Enter joint payer first name' is present on page  using regular expression

2024-11-07 18:36:42 - [MESSAGE][PASSED] - Text 'Enter joint payer first name' is present on page  using regular expression

2024-11-07 18:36:42 - [TEST_STEP][PASSED] - verifyTextPresent("Enter joint payer last name", true, CONTINUE_ON_FAILURE): Text 'Enter joint payer last name' is present on page  using regular expression

2024-11-07 18:36:42 - [MESSAGE][PASSED] - Text 'Enter joint payer last name' is present on page  using regular expression

2024-11-07 18:36:42 - [TEST_STEP][PASSED] - verifyTextPresent("Please enter a valid SSN with 9 digits", true, CONTINUE_ON_FAILURE): Text 'Please enter a valid SSN with 9 digits' is present on page  using regular expression

2024-11-07 18:36:43 - [MESSAGE][PASSED] - Text 'Please enter a valid SSN with 9 digits' is present on page  using regular expression

2024-11-07 18:36:43 - [TEST_STEP][PASSED] - verifyTextPresent("Re-type SSN Validation Error", true, CONTINUE_ON_FAILURE): Text 'Re-type SSN Validation Error' is present on page  using regular expression

2024-11-07 18:36:43 - [MESSAGE][PASSED] - Text 'Re-type SSN Validation Error' is present on page  using regular expression

2024-11-07 18:36:43 - [TEST_STEP][PASSED] - resText = "Pass": null

2024-11-07 18:36:43 - [TEST_STEP][PASSED] - pages.WriteExcel.demoKey(resText, datText, resColumn, datCloumn, fileLoc, nameSheet, row): pages.WriteExcel.demoKey is PASSED

2024-11-07 18:36:43 - [MESSAGE][PASSED] - pages.WriteExcel.demoKey is PASSED]]></system-out>
         <system-err><![CDATA[]]></system-err>
      </testcase>
      <system-out><![CDATA[2024-11-07 17:37:09 - [TEST_SUITE][FAILED] - RAD_UI_TestSuite: Test Cases/RAD_TestCases/Negative_TestCases/EL-NumberValidation FAILED.
Reason:
com.kms.katalon.core.exception.StepFailedException: Unable to select option by label 'Estate Tax' of object 'Object Repository/RAD_Pages/TaxTypeFilingYear_Page/select_TaxType_ExistingLiability'  (Root cause: com.kms.katalon.core.exception.StepFailedException: Unable to select option by label 'Estate Tax' of object 'Object Repository/RAD_Pages/TaxTypeFilingYear_Page/select_TaxType_ExistingLiability' 
	at com.kms.katalon.core.webui.keyword.internal.WebUIKeywordMain.stepFailed(WebUIKeywordMain.groovy:64)
	at com.kms.katalon.core.webui.keyword.internal.WebUIKeywordMain.runKeyword(WebUIKeywordMain.groovy:26)
	at com.kms.katalon.core.webui.keyword.builtin.SelectOptionByLabelKeyword.selectOptionByLabel(SelectOptionByLabelKeyword.groovy:98)
	at com.kms.katalon.core.webui.keyword.builtin.SelectOptionByLabelKeyword.execute(SelectOptionByLabelKeyword.groovy:71)
	at com.kms.katalon.core.keyword.internal.KeywordExecutor.executeKeywordForPlatform(KeywordExecutor.groovy:74)
	at com.kms.katalon.core.webui.keyword.WebUiBuiltInKeywords.selectOptionByLabel(WebUiBuiltInKeywords.groovy:1230)
	at com.kms.katalon.core.webui.keyword.WebUiBuiltInKeywords$selectOptionByLabel$2.call(Unknown Source)
	at EL-NumberValidation.run(EL-NumberValidation:88)
	at com.kms.katalon.core.main.ScriptEngine.run(ScriptEngine.java:194)
	at com.kms.katalon.core.main.ScriptEngine.runScriptAsRawText(ScriptEngine.java:119)
	at com.kms.katalon.core.main.TestCaseExecutor.runScript(TestCaseExecutor.java:448)
	at com.kms.katalon.core.main.TestCaseExecutor.doExecute(TestCaseExecutor.java:439)
	at com.kms.katalon.core.main.TestCaseExecutor.processExecutionPhase(TestCaseExecutor.java:418)
	at com.kms.katalon.core.main.TestCaseExecutor.accessMainPhase(TestCaseExecutor.java:410)
	at com.kms.katalon.core.main.TestCaseExecutor.execute(TestCaseExecutor.java:285)
	at com.kms.katalon.core.common.CommonExecutor.accessTestCaseMainPhase(CommonExecutor.java:65)
	at com.kms.katalon.core.main.TestSuiteExecutor.accessTestSuiteMainPhase(TestSuiteExecutor.java:148)
	at com.kms.katalon.core.main.TestSuiteExecutor.execute(TestSuiteExecutor.java:106)
	at com.kms.katalon.core.main.TestCaseMain.startTestSuite(TestCaseMain.java:187)
	at com.kms.katalon.core.main.TestCaseMain$startTestSuite$0.call(Unknown Source)
	at TempTestSuite1731019020691.run(TempTestSuite1731019020691.groovy:35)
Caused by: org.openqa.selenium.NoSuchElementException: Cannot locate element with text: Estate Tax
For documentation on this error, please visit: https://www.seleniumhq.org/exceptions/no_such_element.html
Build info: version: '3.141.59', revision: 'e82be7d358', time: '2018-11-14T08:25:53'
System info: host: 'DESKTOP-B2QI6NS', ip: '172.31.253.185', os.name: 'Windows 10', os.arch: 'amd64', os.version: '10.0', java.version: '1.8.0_181'
Driver info: driver.version: unknown
	at org.openqa.selenium.support.ui.Select.selectByVisibleText(Select.java:147)
	at com.kms.katalon.core.webui.common.WebUiCommonHelper.selectOrDeselectOptionsByLabel(WebUiCommonHelper.java:310)
	at com.kms.katalon.core.webui.keyword.builtin.SelectOptionByLabelKeyword$_selectOptionByLabel_closure1.doCall(SelectOptionByLabelKeyword.groovy:87)
	at com.kms.katalon.core.webui.keyword.builtin.SelectOptionByLabelKeyword$_selectOptionByLabel_closure1.call(SelectOptionByLabelKeyword.groovy)
	at com.kms.katalon.core.webui.keyword.internal.WebUIKeywordMain.runKeyword(WebUIKeywordMain.groovy:20)
	at com.kms.katalon.core.webui.keyword.builtin.SelectOptionByLabelKeyword.selectOptionByLabel(SelectOptionByLabelKeyword.groovy:98)
	at com.kms.katalon.core.webui.keyword.builtin.SelectOptionByLabelKeyword.execute(SelectOptionByLabelKeyword.groovy:71)
	at com.kms.katalon.core.keyword.internal.KeywordExecutor.executeKeywordForPlatform(KeywordExecutor.groovy:74)
	at com.kms.katalon.core.webui.keyword.WebUiBuiltInKeywords.selectOptionByLabel(WebUiBuiltInKeywords.groovy:1230)
	at com.kms.katalon.core.webui.keyword.WebUiBuiltInKeywords$selectOptionByLabel$2.call(Unknown Source)
	at Script1667491086754.run(Script1667491086754.groovy:88)
	... 13 more
)
	at com.kms.katalon.core.keyword.internal.KeywordMain.stepFailed(KeywordMain.groovy:39)
	at com.kms.katalon.core.webui.keyword.internal.WebUIKeywordMain.stepFailed(WebUIKeywordMain.groovy:64)
	at com.kms.katalon.core.webui.keyword.internal.WebUIKeywordMain.runKeyword(WebUIKeywordMain.groovy:26)
	at com.kms.katalon.core.webui.keyword.builtin.SelectOptionByLabelKeyword.selectOptionByLabel(SelectOptionByLabelKeyword.groovy:98)
	at com.kms.katalon.core.webui.keyword.builtin.SelectOptionByLabelKeyword.execute(SelectOptionByLabelKeyword.groovy:71)
	at com.kms.katalon.core.keyword.internal.KeywordExecutor.executeKeywordForPlatform(KeywordExecutor.groovy:74)
	at com.kms.katalon.core.webui.keyword.WebUiBuiltInKeywords.selectOptionByLabel(WebUiBuiltInKeywords.groovy:1230)
	at com.kms.katalon.core.webui.keyword.WebUiBuiltInKeywords$selectOptionByLabel$2.call(Unknown Source)
	at EL-NumberValidation.run(EL-NumberValidation:88)
	at com.kms.katalon.core.main.ScriptEngine.run(ScriptEngine.java:194)
	at com.kms.katalon.core.main.ScriptEngine.runScriptAsRawText(ScriptEngine.java:119)
	at com.kms.katalon.core.main.TestCaseExecutor.runScript(TestCaseExecutor.java:448)
	at com.kms.katalon.core.main.TestCaseExecutor.doExecute(TestCaseExecutor.java:439)
	at com.kms.katalon.core.main.TestCaseExecutor.processExecutionPhase(TestCaseExecutor.java:418)
	at com.kms.katalon.core.main.TestCaseExecutor.accessMainPhase(TestCaseExecutor.java:410)
	at com.kms.katalon.core.main.TestCaseExecutor.execute(TestCaseExecutor.java:285)
	at com.kms.katalon.core.common.CommonExecutor.accessTestCaseMainPhase(CommonExecutor.java:65)
	at com.kms.katalon.core.main.TestSuiteExecutor.accessTestSuiteMainPhase(TestSuiteExecutor.java:148)
	at com.kms.katalon.core.main.TestSuiteExecutor.execute(TestSuiteExecutor.java:106)
	at com.kms.katalon.core.main.TestCaseMain.startTestSuite(TestCaseMain.java:187)
	at com.kms.katalon.core.main.TestCaseMain$startTestSuite$0.call(Unknown Source)
	at TempTestSuite1731019020691.run(TempTestSuite1731019020691.groovy:35)
Caused by: com.kms.katalon.core.exception.StepFailedException: Unable to select option by label 'Estate Tax' of object 'Object Repository/RAD_Pages/TaxTypeFilingYear_Page/select_TaxType_ExistingLiability' 
	... 21 more
Caused by: org.openqa.selenium.NoSuchElementException: Cannot locate element with text: Estate Tax
For documentation on this error, please visit: https://www.seleniumhq.org/exceptions/no_such_element.html
Build info: version: '3.141.59', revision: 'e82be7d358', time: '2018-11-14T08:25:53'
System info: host: 'DESKTOP-B2QI6NS', ip: '172.31.253.185', os.name: 'Windows 10', os.arch: 'amd64', os.version: '10.0', java.version: '1.8.0_181'
Driver info: driver.version: unknown
	at org.openqa.selenium.support.ui.Select.selectByVisibleText(Select.java:147)
	at com.kms.katalon.core.webui.common.WebUiCommonHelper.selectOrDeselectOptionsByLabel(WebUiCommonHelper.java:310)
	at com.kms.katalon.core.webui.keyword.builtin.SelectOptionByLabelKeyword$_selectOptionByLabel_closure1.doCall(SelectOptionByLabelKeyword.groovy:87)
	at com.kms.katalon.core.webui.keyword.builtin.SelectOptionByLabelKeyword$_selectOptionByLabel_closure1.call(SelectOptionByLabelKeyword.groovy)
	at com.kms.katalon.core.webui.keyword.internal.WebUIKeywordMain.runKeyword(WebUIKeywordMain.groovy:20)
	... 19 more]]></system-out>
      <system-err><![CDATA[2024-11-07 17:37:09 - [TEST_SUITE][FAILED] - RAD_UI_TestSuite: Test Cases/RAD_TestCases/Negative_TestCases/EL-NumberValidation FAILED.
Reason:
com.kms.katalon.core.exception.StepFailedException: Unable to select option by label 'Estate Tax' of object 'Object Repository/RAD_Pages/TaxTypeFilingYear_Page/select_TaxType_ExistingLiability'  (Root cause: com.kms.katalon.core.exception.StepFailedException: Unable to select option by label 'Estate Tax' of object 'Object Repository/RAD_Pages/TaxTypeFilingYear_Page/select_TaxType_ExistingLiability' 
	at com.kms.katalon.core.webui.keyword.internal.WebUIKeywordMain.stepFailed(WebUIKeywordMain.groovy:64)
	at com.kms.katalon.core.webui.keyword.internal.WebUIKeywordMain.runKeyword(WebUIKeywordMain.groovy:26)
	at com.kms.katalon.core.webui.keyword.builtin.SelectOptionByLabelKeyword.selectOptionByLabel(SelectOptionByLabelKeyword.groovy:98)
	at com.kms.katalon.core.webui.keyword.builtin.SelectOptionByLabelKeyword.execute(SelectOptionByLabelKeyword.groovy:71)
	at com.kms.katalon.core.keyword.internal.KeywordExecutor.executeKeywordForPlatform(KeywordExecutor.groovy:74)
	at com.kms.katalon.core.webui.keyword.WebUiBuiltInKeywords.selectOptionByLabel(WebUiBuiltInKeywords.groovy:1230)
	at com.kms.katalon.core.webui.keyword.WebUiBuiltInKeywords$selectOptionByLabel$2.call(Unknown Source)
	at EL-NumberValidation.run(EL-NumberValidation:88)
	at com.kms.katalon.core.main.ScriptEngine.run(ScriptEngine.java:194)
	at com.kms.katalon.core.main.ScriptEngine.runScriptAsRawText(ScriptEngine.java:119)
	at com.kms.katalon.core.main.TestCaseExecutor.runScript(TestCaseExecutor.java:448)
	at com.kms.katalon.core.main.TestCaseExecutor.doExecute(TestCaseExecutor.java:439)
	at com.kms.katalon.core.main.TestCaseExecutor.processExecutionPhase(TestCaseExecutor.java:418)
	at com.kms.katalon.core.main.TestCaseExecutor.accessMainPhase(TestCaseExecutor.java:410)
	at com.kms.katalon.core.main.TestCaseExecutor.execute(TestCaseExecutor.java:285)
	at com.kms.katalon.core.common.CommonExecutor.accessTestCaseMainPhase(CommonExecutor.java:65)
	at com.kms.katalon.core.main.TestSuiteExecutor.accessTestSuiteMainPhase(TestSuiteExecutor.java:148)
	at com.kms.katalon.core.main.TestSuiteExecutor.execute(TestSuiteExecutor.java:106)
	at com.kms.katalon.core.main.TestCaseMain.startTestSuite(TestCaseMain.java:187)
	at com.kms.katalon.core.main.TestCaseMain$startTestSuite$0.call(Unknown Source)
	at TempTestSuite1731019020691.run(TempTestSuite1731019020691.groovy:35)
Caused by: org.openqa.selenium.NoSuchElementException: Cannot locate element with text: Estate Tax
For documentation on this error, please visit: https://www.seleniumhq.org/exceptions/no_such_element.html
Build info: version: '3.141.59', revision: 'e82be7d358', time: '2018-11-14T08:25:53'
System info: host: 'DESKTOP-B2QI6NS', ip: '172.31.253.185', os.name: 'Windows 10', os.arch: 'amd64', os.version: '10.0', java.version: '1.8.0_181'
Driver info: driver.version: unknown
	at org.openqa.selenium.support.ui.Select.selectByVisibleText(Select.java:147)
	at com.kms.katalon.core.webui.common.WebUiCommonHelper.selectOrDeselectOptionsByLabel(WebUiCommonHelper.java:310)
	at com.kms.katalon.core.webui.keyword.builtin.SelectOptionByLabelKeyword$_selectOptionByLabel_closure1.doCall(SelectOptionByLabelKeyword.groovy:87)
	at com.kms.katalon.core.webui.keyword.builtin.SelectOptionByLabelKeyword$_selectOptionByLabel_closure1.call(SelectOptionByLabelKeyword.groovy)
	at com.kms.katalon.core.webui.keyword.internal.WebUIKeywordMain.runKeyword(WebUIKeywordMain.groovy:20)
	at com.kms.katalon.core.webui.keyword.builtin.SelectOptionByLabelKeyword.selectOptionByLabel(SelectOptionByLabelKeyword.groovy:98)
	at com.kms.katalon.core.webui.keyword.builtin.SelectOptionByLabelKeyword.execute(SelectOptionByLabelKeyword.groovy:71)
	at com.kms.katalon.core.keyword.internal.KeywordExecutor.executeKeywordForPlatform(KeywordExecutor.groovy:74)
	at com.kms.katalon.core.webui.keyword.WebUiBuiltInKeywords.selectOptionByLabel(WebUiBuiltInKeywords.groovy:1230)
	at com.kms.katalon.core.webui.keyword.WebUiBuiltInKeywords$selectOptionByLabel$2.call(Unknown Source)
	at Script1667491086754.run(Script1667491086754.groovy:88)
	... 13 more
)
	at com.kms.katalon.core.keyword.internal.KeywordMain.stepFailed(KeywordMain.groovy:39)
	at com.kms.katalon.core.webui.keyword.internal.WebUIKeywordMain.stepFailed(WebUIKeywordMain.groovy:64)
	at com.kms.katalon.core.webui.keyword.internal.WebUIKeywordMain.runKeyword(WebUIKeywordMain.groovy:26)
	at com.kms.katalon.core.webui.keyword.builtin.SelectOptionByLabelKeyword.selectOptionByLabel(SelectOptionByLabelKeyword.groovy:98)
	at com.kms.katalon.core.webui.keyword.builtin.SelectOptionByLabelKeyword.execute(SelectOptionByLabelKeyword.groovy:71)
	at com.kms.katalon.core.keyword.internal.KeywordExecutor.executeKeywordForPlatform(KeywordExecutor.groovy:74)
	at com.kms.katalon.core.webui.keyword.WebUiBuiltInKeywords.selectOptionByLabel(WebUiBuiltInKeywords.groovy:1230)
	at com.kms.katalon.core.webui.keyword.WebUiBuiltInKeywords$selectOptionByLabel$2.call(Unknown Source)
	at EL-NumberValidation.run(EL-NumberValidation:88)
	at com.kms.katalon.core.main.ScriptEngine.run(ScriptEngine.java:194)
	at com.kms.katalon.core.main.ScriptEngine.runScriptAsRawText(ScriptEngine.java:119)
	at com.kms.katalon.core.main.TestCaseExecutor.runScript(TestCaseExecutor.java:448)
	at com.kms.katalon.core.main.TestCaseExecutor.doExecute(TestCaseExecutor.java:439)
	at com.kms.katalon.core.main.TestCaseExecutor.processExecutionPhase(TestCaseExecutor.java:418)
	at com.kms.katalon.core.main.TestCaseExecutor.accessMainPhase(TestCaseExecutor.java:410)
	at com.kms.katalon.core.main.TestCaseExecutor.execute(TestCaseExecutor.java:285)
	at com.kms.katalon.core.common.CommonExecutor.accessTestCaseMainPhase(CommonExecutor.java:65)
	at com.kms.katalon.core.main.TestSuiteExecutor.accessTestSuiteMainPhase(TestSuiteExecutor.java:148)
	at com.kms.katalon.core.main.TestSuiteExecutor.execute(TestSuiteExecutor.java:106)
	at com.kms.katalon.core.main.TestCaseMain.startTestSuite(TestCaseMain.java:187)
	at com.kms.katalon.core.main.TestCaseMain$startTestSuite$0.call(Unknown Source)
	at TempTestSuite1731019020691.run(TempTestSuite1731019020691.groovy:35)
Caused by: com.kms.katalon.core.exception.StepFailedException: Unable to select option by label 'Estate Tax' of object 'Object Repository/RAD_Pages/TaxTypeFilingYear_Page/select_TaxType_ExistingLiability' 
	... 21 more
Caused by: org.openqa.selenium.NoSuchElementException: Cannot locate element with text: Estate Tax
For documentation on this error, please visit: https://www.seleniumhq.org/exceptions/no_such_element.html
Build info: version: '3.141.59', revision: 'e82be7d358', time: '2018-11-14T08:25:53'
System info: host: 'DESKTOP-B2QI6NS', ip: '172.31.253.185', os.name: 'Windows 10', os.arch: 'amd64', os.version: '10.0', java.version: '1.8.0_181'
Driver info: driver.version: unknown
	at org.openqa.selenium.support.ui.Select.selectByVisibleText(Select.java:147)
	at com.kms.katalon.core.webui.common.WebUiCommonHelper.selectOrDeselectOptionsByLabel(WebUiCommonHelper.java:310)
	at com.kms.katalon.core.webui.keyword.builtin.SelectOptionByLabelKeyword$_selectOptionByLabel_closure1.doCall(SelectOptionByLabelKeyword.groovy:87)
	at com.kms.katalon.core.webui.keyword.builtin.SelectOptionByLabelKeyword$_selectOptionByLabel_closure1.call(SelectOptionByLabelKeyword.groovy)
	at com.kms.katalon.core.webui.keyword.internal.WebUIKeywordMain.runKeyword(WebUIKeywordMain.groovy:20)
	... 19 more]]></system-err>
   </testsuite>
</testsuites>
