<?xml version="1.0" encoding="UTF-8"?>
<testsuites name="Temp" time="59.11" tests="1" failures="0" errors="0">
   <testsuite name="Temp" tests="1" failures="0" errors="0" time="59.11" skipped="0" timestamp="2022-05-30 20:56:09" hostname="imtiaz - DESKTOP-B2QI6NS.govolution.com" id="Test Suites/Temp">
      <properties>
         <property name="deviceName" value=""/>
         <property name="devicePlatform" value=""/>
         <property name="logFolder" value="E:\\Cloned-Project-Katalon\\VPS-Katalon\\Reports\\20220530_205604\\Temp\\20220530_205604"/>
         <property name="logFiles" value="E:\\Cloned-Project-Katalon\\VPS-Katalon\\Reports\\20220530_205604\\Temp\\20220530_205604\\execution0.log"/>
         <property name="attachments" value=""/>
         <property name="hostName" value="imtiaz - DESKTOP-B2QI6NS.govolution.com"/>
         <property name="os" value="Windows 10 64bit"/>
         <property name="katalonVersion" value="8.2.5.208"/>
         <property name="browser" value="Chrome 102.0.5005.62"/>
         <property name="hostAddress" value="172.31.253.180"/>
         <property name="sessionId" value="13ae2f1bbf45162e66444c792690a7be"/>
         <property name="seleniumVersion" value="3.141.59"/>
         <property name="proxyInformation" value="ProxyInformation { proxyOption=NO_PROXY, proxyServerType=HTTP, username=, password=********, proxyServerAddress=, proxyServerPort=0, executionList=&quot;&quot;, isApplyToDesiredCapabilities=true }"/>
         <property name="platform" value="Windows 10"/>
      </properties>
      <testcase name="Test Cases/Admin Suite Bootstrap/VT-NotInTestSuite/SaleKeyboard_TP_NoCF_App742_Payment_TC" time="58.709" classname="Test Cases/Admin Suite Bootstrap/VT-NotInTestSuite/SaleKeyboard_TP_NoCF_App742_Payment_TC" status="PASSED">
         <system-out><![CDATA[2022-05-30 20:56:10 - [TEST_CASE][PASSED] - Test Cases/Admin Suite Bootstrap/VT-NotInTestSuite/SaleKeyboard_TP_NoCF_App742_Payment_TC: Test Cases/Admin Suite Bootstrap/VT-NotInTestSuite/SaleKeyboard_TP_NoCF_App742_Payment_TC

2022-05-30 20:56:10 - [TEST_STEP][PASSED] - path_Dashboard = "Object Repository/AdminSuiteBootstrap_Pages/Dashboard_Bootstrap/": null

2022-05-30 20:56:10 - [TEST_STEP][PASSED] - path_VT = "Object Repository/AdminSuiteBootstrap_Pages/VT_Bootstrap/IssueTransactions/": null

2022-05-30 20:56:10 - [TEST_STEP][PASSED] - path_SaleKB = "Object Repository/AdminSuiteBootstrap_Pages/VT_Bootstrap/SaleKeyboard/": null

2022-05-30 20:56:10 - [TEST_STEP][PASSED] - li_1 = "/admin/imtiaz/bootstrap/vpos/": null

2022-05-30 20:56:10 - [TEST_STEP][PASSED] - li_2 = "/transactions/AuthCapForm/": null

2022-05-30 20:56:10 - [TEST_STEP][PASSED] - appName = <not implemented yet for class: org.codehaus.groovy.ast.expr.EmptyExpression>: null

2022-05-30 20:56:10 - [TEST_STEP][PASSED] - appID = <not implemented yet for class: org.codehaus.groovy.ast.expr.EmptyExpression>: null

2022-05-30 20:56:10 - [TEST_STEP][PASSED] - cardNameV = <not implemented yet for class: org.codehaus.groovy.ast.expr.EmptyExpression>: null

2022-05-30 20:56:10 - [TEST_STEP][PASSED] - al1V = <not implemented yet for class: org.codehaus.groovy.ast.expr.EmptyExpression>: null

2022-05-30 20:56:10 - [TEST_STEP][PASSED] - al2V = <not implemented yet for class: org.codehaus.groovy.ast.expr.EmptyExpression>: null

2022-05-30 20:56:10 - [TEST_STEP][PASSED] - zipV = <not implemented yet for class: org.codehaus.groovy.ast.expr.EmptyExpression>: null

2022-05-30 20:56:10 - [TEST_STEP][PASSED] - cardTypeV = <not implemented yet for class: org.codehaus.groovy.ast.expr.EmptyExpression>: null

2022-05-30 20:56:10 - [TEST_STEP][PASSED] - last4V = <not implemented yet for class: org.codehaus.groovy.ast.expr.EmptyExpression>: null

2022-05-30 20:56:10 - [TEST_STEP][PASSED] - resText = "Fail": null

2022-05-30 20:56:10 - [TEST_STEP][PASSED] - resColumn = "Result": null

2022-05-30 20:56:10 - [TEST_STEP][PASSED] - datCloumn = "Date": null

2022-05-30 20:56:10 - [TEST_STEP][PASSED] - fileLoc = "C:\KatalonData\Bootstrap\VT-Data.xlsx": null

2022-05-30 20:56:10 - [TEST_STEP][PASSED] - nameSheet = "VT-Sale-NoCF": null

2022-05-30 20:56:10 - [TEST_STEP][PASSED] - numOfRows = findTestData("QA/Bootstrap/VT-TestData/VT-SaleData-NoCF").getRowNumbers(): null

2022-05-30 20:56:11 - [TEST_STEP][PASSED] - println("Number of Records: " + numOfRows): null

2022-05-30 20:56:11 - [TEST_STEP][PASSED] - dataFile = "QA/Bootstrap/VT-TestData/VT-SaleData-NoCF": null

2022-05-30 20:56:11 - [TEST_STEP][PASSED] - for ([row = 1, row <= numOfRows, (row++)]): null

2022-05-30 20:56:11 - [TEST_STEP][PASSED] - ExecuteTC = findTestData(dataFile).getValue("Execute", row): null

2022-05-30 20:56:12 - [TEST_STEP][PASSED] - out.println("Value of Execute is : " + ExecuteTC): null

2022-05-30 20:56:12 - [TEST_STEP][PASSED] - appName = findTestData(dataFile).getValue("AppName", row): null

2022-05-30 20:56:12 - [TEST_STEP][PASSED] - appID = findTestData(dataFile).getValue("AppID", row): null

2022-05-30 20:56:12 - [TEST_STEP][PASSED] - hrefAppID = li_1 + appID + li_2: null

2022-05-30 20:56:12 - [TEST_STEP][PASSED] - if (ExecuteTC.equalsIgnoreCase("Y")): Text '5439' is present on page  using regular expression

2022-05-30 20:56:12 - [TEST_STEP][PASSED] - out.println("Begin Record Number: " + row): null

2022-05-30 20:56:12 - [TEST_STEP][PASSED] - today = new java.util.Date(): null

2022-05-30 20:56:12 - [TEST_STEP][PASSED] - println(today): null

2022-05-30 20:56:12 - [TEST_STEP][PASSED] - datText = today: null

2022-05-30 20:56:12 - [TEST_STEP][PASSED] - adminSuiteBootstrap.loginFunctionality.login_AdminSuite(): adminSuiteBootstrap.loginFunctionality.login_AdminSuite is PASSED

2022-05-30 20:56:13 - [MESSAGE][INFO] - Starting 'Chrome' driver

2022-05-30 20:56:13 - [MESSAGE][INFO] - User set preference: ['acceptInsecureCerts', 'true']

2022-05-30 20:56:13 - [MESSAGE][INFO] - Action delay is set to 0 milliseconds

2022-05-30 20:56:18 - [MESSAGE][PASSED] - Browser is opened with url: 'https://qa.velocitypayment.com/admin/imtiaz'

2022-05-30 20:56:18 - [MESSAGE][PASSED] - Current window maximized

2022-05-30 20:56:18 - [MESSAGE][PASSED] - Object 'Object Repository/Login_Page/Login_Username' is present

2022-05-30 20:56:19 - [MESSAGE][PASSED] - Text 'iahmed' is set on object 'Object Repository/Login_Page/Login_Username'

2022-05-30 20:56:20 - [MESSAGE][PASSED] - Text 'hello2222' is set on object 'Object Repository/Login_Page/Login_Password'

2022-05-30 20:56:24 - [MESSAGE][PASSED] - Object: 'Object Repository/Login_Page/Login_Submit' is clicked on

2022-05-30 20:56:24 - [MESSAGE][PASSED] - adminSuiteBootstrap.loginFunctionality.login_AdminSuite is PASSED

2022-05-30 20:56:24 - [TEST_STEP][PASSED] - click(findTestObject(path_Dashboard + "span_Payment")): Object: 'Object Repository/AdminSuiteBootstrap_Pages/Dashboard_Bootstrap/span_Payment' is clicked on

2022-05-30 20:56:25 - [MESSAGE][PASSED] - Object: 'Object Repository/AdminSuiteBootstrap_Pages/Dashboard_Bootstrap/span_Payment' is clicked on

2022-05-30 20:56:25 - [TEST_STEP][PASSED] - click(findTestObject(path_Dashboard + appName)): Object: 'Object Repository/AdminSuiteBootstrap_Pages/Dashboard_Bootstrap/a_Access AutoNoCFtp' is clicked on

2022-05-30 20:56:26 - [MESSAGE][PASSED] - Object: 'Object Repository/AdminSuiteBootstrap_Pages/Dashboard_Bootstrap/a_Access AutoNoCFtp' is clicked on

2022-05-30 20:56:26 - [TEST_STEP][PASSED] - click(findTestObject(path_VT + "button_Authorization  Capture (Sale)")): Object: 'Object Repository/AdminSuiteBootstrap_Pages/VT_Bootstrap/IssueTransactions/button_Authorization  Capture (Sale)' is clicked on

2022-05-30 20:56:27 - [MESSAGE][PASSED] - Object: 'Object Repository/AdminSuiteBootstrap_Pages/VT_Bootstrap/IssueTransactions/button_Authorization  Capture (Sale)' is clicked on

2022-05-30 20:56:27 - [TEST_STEP][PASSED] - saleKeyboardEntryLink = modifyObjectProperty(findTestObject(path_VT + "a_KeyboardEntry_Sale"), "href", "equals", hrefAppID, true): Modify property of object successfully

2022-05-30 20:56:27 - [MESSAGE][PASSED] - Modify property of object successfully

2022-05-30 20:56:27 - [TEST_STEP][PASSED] - click(saleKeyboardEntryLink): Object: 'Object Repository/AdminSuiteBootstrap_Pages/VT_Bootstrap/IssueTransactions/a_KeyboardEntry_Sale' is clicked on

2022-05-30 20:56:28 - [MESSAGE][PASSED] - Object: 'Object Repository/AdminSuiteBootstrap_Pages/VT_Bootstrap/IssueTransactions/a_KeyboardEntry_Sale' is clicked on

2022-05-30 20:56:28 - [TEST_STEP][PASSED] - adminSuiteBootstrap.virtualTerminalSetData.saleKeyboard_DataDriven(row, dataFile): adminSuiteBootstrap.virtualTerminalSetData.saleKeyboard_DataDriven is PASSED

2022-05-30 20:56:31 - [MESSAGE][PASSED] - Text 'Tulsi Raman' is set on object 'Object Repository/AdminSuiteBootstrap_Pages/VT_Bootstrap/SaleKeyboard/input_cardName'

2022-05-30 20:56:32 - [MESSAGE][PASSED] - All options with value 'RETL' are selected in object 'Object Repository/AdminSuiteBootstrap_Pages/VT_Bootstrap/SaleKeyboard/select_transactionCategory'  using regular expression

2022-05-30 20:56:33 - [MESSAGE][PASSED] - Execute JavaScript 'arguments[0].value ='4012000098765439' ' successfully

2022-05-30 20:56:33 - [MESSAGE][PASSED] - Execute JavaScript 'arguments[0].value ='123' ' successfully

2022-05-30 20:56:34 - [MESSAGE][PASSED] - All options with value '12' are selected in object 'Object Repository/AdminSuiteBootstrap_Pages/VT_Bootstrap/SaleKeyboard/select_MM'  using regular expression

2022-05-30 20:56:35 - [MESSAGE][PASSED] - All options with value '2025' are selected in object 'Object Repository/AdminSuiteBootstrap_Pages/VT_Bootstrap/SaleKeyboard/select_YYYY'  using regular expression

2022-05-30 20:56:36 - [MESSAGE][PASSED] - Text '36 Cornor Road' is set on object 'Object Repository/AdminSuiteBootstrap_Pages/VT_Bootstrap/SaleKeyboard/input__address'

2022-05-30 20:56:37 - [MESSAGE][PASSED] - Text 'Suite 500' is set on object 'Object Repository/AdminSuiteBootstrap_Pages/VT_Bootstrap/SaleKeyboard/input__address2'

2022-05-30 20:56:38 - [MESSAGE][PASSED] - Text '22201' is set on object 'Object Repository/AdminSuiteBootstrap_Pages/VT_Bootstrap/SaleKeyboard/input__zip'

2022-05-30 20:56:38 - [MESSAGE][PASSED] - Text '' is set on object 'Object Repository/AdminSuiteBootstrap_Pages/VT_Bootstrap/SaleKeyboard/input_emailAddress'

2022-05-30 20:56:39 - [MESSAGE][PASSED] - Text '' is set on object 'Object Repository/AdminSuiteBootstrap_Pages/VT_Bootstrap/SaleKeyboard/input_smsNumber'

2022-05-30 20:56:40 - [MESSAGE][PASSED] - Text '10.50' is set on object 'Object Repository/AdminSuiteBootstrap_Pages/VT_Bootstrap/SaleKeyboard/input_amount'

2022-05-30 20:56:41 - [MESSAGE][PASSED] - Text 'Australia' is set on object 'Object Repository/AdminSuiteBootstrap_Pages/VT_Bootstrap/SaleKeyboard/input_userDefined1'

2022-05-30 20:56:42 - [MESSAGE][PASSED] - Text 'Denmark' is set on object 'Object Repository/AdminSuiteBootstrap_Pages/VT_Bootstrap/SaleKeyboard/input_userDefined2'

2022-05-30 20:56:42 - [MESSAGE][PASSED] - Text 'Sweden' is set on object 'Object Repository/AdminSuiteBootstrap_Pages/VT_Bootstrap/SaleKeyboard/input_userDefined3'

2022-05-30 20:56:43 - [MESSAGE][PASSED] - Text 'Austria' is set on object 'Object Repository/AdminSuiteBootstrap_Pages/VT_Bootstrap/SaleKeyboard/input_userDefined4'

2022-05-30 20:56:44 - [MESSAGE][PASSED] - All options with label 'Orange' are selected in object 'Object Repository/AdminSuiteBootstrap_Pages/VT_Bootstrap/SaleKeyboard/select_UDF5_DropDown'  using regular expression

2022-05-30 20:56:45 - [MESSAGE][PASSED] - All options with label 'Yellow' are selected in object 'Object Repository/AdminSuiteBootstrap_Pages/VT_Bootstrap/SaleKeyboard/select_UDF6_DropDown'  using regular expression

2022-05-30 20:56:46 - [MESSAGE][PASSED] - Text 'Norway' is set on object 'Object Repository/AdminSuiteBootstrap_Pages/VT_Bootstrap/SaleKeyboard/input_userDefined7'

2022-05-30 20:56:46 - [MESSAGE][PASSED] - Text 'Netherlands' is set on object 'Object Repository/AdminSuiteBootstrap_Pages/VT_Bootstrap/SaleKeyboard/input_userDefined8'

2022-05-30 20:56:47 - [MESSAGE][PASSED] - Text 'Switzerland' is set on object 'Object Repository/AdminSuiteBootstrap_Pages/VT_Bootstrap/SaleKeyboard/input_userDefined9'

2022-05-30 20:56:48 - [MESSAGE][PASSED] - Text 'France' is set on object 'Object Repository/AdminSuiteBootstrap_Pages/VT_Bootstrap/SaleKeyboard/input_userDefined10'

2022-05-30 20:56:49 - [MESSAGE][PASSED] - Object: 'Object Repository/AdminSuiteBootstrap_Pages/VT_Bootstrap/SaleKeyboard/button_Submit' is clicked on

2022-05-30 20:56:49 - [MESSAGE][PASSED] - adminSuiteBootstrap.virtualTerminalSetData.saleKeyboard_DataDriven is PASSED

2022-05-30 20:56:49 - [TEST_STEP][PASSED] - verifyTextPresent("Transaction Successful", true): Text 'Transaction Successful' is present on page  using regular expression

2022-05-30 20:56:50 - [MESSAGE][PASSED] - Text 'Transaction Successful' is present on page  using regular expression

2022-05-30 20:56:50 - [TEST_STEP][PASSED] - verifyElementVisible(findTestObject("Object Repository/AdminSuiteBootstrap_Pages/VT_Bootstrap/Receipt/button_Continue")): Object 'Object Repository/AdminSuiteBootstrap_Pages/VT_Bootstrap/Receipt/button_Continue' is visible

2022-05-30 20:56:50 - [MESSAGE][PASSED] - Object 'Object Repository/AdminSuiteBootstrap_Pages/VT_Bootstrap/Receipt/button_Continue' is visible

2022-05-30 20:56:50 - [TEST_STEP][PASSED] - verifyElementPresent(findTestObject("Object Repository/AdminSuiteBootstrap_Pages/VT_Bootstrap/Receipt/button_Continue"), 20): Object 'Object Repository/AdminSuiteBootstrap_Pages/VT_Bootstrap/Receipt/button_Continue' is present

2022-05-30 20:56:51 - [MESSAGE][PASSED] - Object 'Object Repository/AdminSuiteBootstrap_Pages/VT_Bootstrap/Receipt/button_Continue' is present

2022-05-30 20:56:51 - [TEST_STEP][PASSED] - verifyElementVisible(findTestObject("Object Repository/AdminSuiteBootstrap_Pages/VT_Bootstrap/Receipt/button_Print")): Object 'Object Repository/AdminSuiteBootstrap_Pages/VT_Bootstrap/Receipt/button_Print' is visible

2022-05-30 20:56:51 - [MESSAGE][PASSED] - Object 'Object Repository/AdminSuiteBootstrap_Pages/VT_Bootstrap/Receipt/button_Print' is visible

2022-05-30 20:56:51 - [TEST_STEP][PASSED] - verifyElementPresent(findTestObject("Object Repository/AdminSuiteBootstrap_Pages/VT_Bootstrap/Receipt/button_Print"), 20): Object 'Object Repository/AdminSuiteBootstrap_Pages/VT_Bootstrap/Receipt/button_Print' is present

2022-05-30 20:56:51 - [MESSAGE][PASSED] - Object 'Object Repository/AdminSuiteBootstrap_Pages/VT_Bootstrap/Receipt/button_Print' is present

2022-05-30 20:56:51 - [TEST_STEP][PASSED] - verifyTextPresent("Remittance ID", true): Text 'Remittance ID' is present on page  using regular expression

2022-05-30 20:56:52 - [MESSAGE][PASSED] - Text 'Remittance ID' is present on page  using regular expression

2022-05-30 20:56:52 - [TEST_STEP][PASSED] - verifyTextPresent("Received", true): Text 'Received' is present on page  using regular expression

2022-05-30 20:56:52 - [MESSAGE][PASSED] - Text 'Received' is present on page  using regular expression

2022-05-30 20:56:52 - [TEST_STEP][PASSED] - verifyTextPresent("UDF1", true): Text 'UDF1' is present on page  using regular expression

2022-05-30 20:56:52 - [MESSAGE][PASSED] - Text 'UDF1' is present on page  using regular expression

2022-05-30 20:56:52 - [TEST_STEP][PASSED] - verifyTextPresent("UDF2", true): Text 'UDF2' is present on page  using regular expression

2022-05-30 20:56:53 - [MESSAGE][PASSED] - Text 'UDF2' is present on page  using regular expression

2022-05-30 20:56:53 - [TEST_STEP][PASSED] - verifyTextPresent("UDF3", true): Text 'UDF3' is present on page  using regular expression

2022-05-30 20:56:53 - [MESSAGE][PASSED] - Text 'UDF3' is present on page  using regular expression

2022-05-30 20:56:53 - [TEST_STEP][PASSED] - verifyTextPresent("UDF4", true): Text 'UDF4' is present on page  using regular expression

2022-05-30 20:56:53 - [MESSAGE][PASSED] - Text 'UDF4' is present on page  using regular expression

2022-05-30 20:56:53 - [TEST_STEP][PASSED] - verifyTextPresent("UDF5", true): Text 'UDF5' is present on page  using regular expression

2022-05-30 20:56:54 - [MESSAGE][PASSED] - Text 'UDF5' is present on page  using regular expression

2022-05-30 20:56:54 - [TEST_STEP][PASSED] - verifyTextPresent("UDF6", true): Text 'UDF6' is present on page  using regular expression

2022-05-30 20:56:54 - [MESSAGE][PASSED] - Text 'UDF6' is present on page  using regular expression

2022-05-30 20:56:54 - [TEST_STEP][PASSED] - verifyTextPresent("UDF7", true): Text 'UDF7' is present on page  using regular expression

2022-05-30 20:56:54 - [MESSAGE][PASSED] - Text 'UDF7' is present on page  using regular expression

2022-05-30 20:56:54 - [TEST_STEP][PASSED] - verifyTextPresent("UDF8", true): Text 'UDF8' is present on page  using regular expression

2022-05-30 20:56:55 - [MESSAGE][PASSED] - Text 'UDF8' is present on page  using regular expression

2022-05-30 20:56:55 - [TEST_STEP][PASSED] - verifyTextPresent("UDF9", true): Text 'UDF9' is present on page  using regular expression

2022-05-30 20:56:55 - [MESSAGE][PASSED] - Text 'UDF9' is present on page  using regular expression

2022-05-30 20:56:55 - [TEST_STEP][PASSED] - verifyTextPresent("UDF 10", true): Text 'UDF 10' is present on page  using regular expression

2022-05-30 20:56:55 - [MESSAGE][PASSED] - Text 'UDF 10' is present on page  using regular expression

2022-05-30 20:56:55 - [TEST_STEP][PASSED] - verifyTextPresent("Australia", true): Text 'Australia' is present on page  using regular expression

2022-05-30 20:56:56 - [MESSAGE][PASSED] - Text 'Australia' is present on page  using regular expression

2022-05-30 20:56:56 - [TEST_STEP][PASSED] - verifyTextPresent("Denmark", true): Text 'Denmark' is present on page  using regular expression

2022-05-30 20:56:56 - [MESSAGE][PASSED] - Text 'Denmark' is present on page  using regular expression

2022-05-30 20:56:56 - [TEST_STEP][PASSED] - verifyTextPresent("Sweden", true): Text 'Sweden' is present on page  using regular expression

2022-05-30 20:56:56 - [MESSAGE][PASSED] - Text 'Sweden' is present on page  using regular expression

2022-05-30 20:56:56 - [TEST_STEP][PASSED] - verifyTextPresent("Austria", true): Text 'Austria' is present on page  using regular expression

2022-05-30 20:56:57 - [MESSAGE][PASSED] - Text 'Austria' is present on page  using regular expression

2022-05-30 20:56:57 - [TEST_STEP][PASSED] - verifyTextPresent("Orange Recorded", true): Text 'Orange Recorded' is present on page  using regular expression

2022-05-30 20:56:57 - [MESSAGE][PASSED] - Text 'Orange Recorded' is present on page  using regular expression

2022-05-30 20:56:57 - [TEST_STEP][PASSED] - verifyTextPresent("Yellow Recorded", true): Text 'Yellow Recorded' is present on page  using regular expression

2022-05-30 20:56:57 - [MESSAGE][PASSED] - Text 'Yellow Recorded' is present on page  using regular expression

2022-05-30 20:56:57 - [TEST_STEP][PASSED] - verifyTextPresent("Norway", true): Text 'Norway' is present on page  using regular expression

2022-05-30 20:56:58 - [MESSAGE][PASSED] - Text 'Norway' is present on page  using regular expression

2022-05-30 20:56:58 - [TEST_STEP][PASSED] - verifyTextPresent("Netherlands", true): Text 'Netherlands' is present on page  using regular expression

2022-05-30 20:56:58 - [MESSAGE][PASSED] - Text 'Netherlands' is present on page  using regular expression

2022-05-30 20:56:58 - [TEST_STEP][PASSED] - verifyTextPresent("Switzerland", true): Text 'Switzerland' is present on page  using regular expression

2022-05-30 20:56:58 - [MESSAGE][PASSED] - Text 'Switzerland' is present on page  using regular expression

2022-05-30 20:56:58 - [TEST_STEP][PASSED] - verifyTextPresent("France", true): Text 'France' is present on page  using regular expression

2022-05-30 20:56:59 - [MESSAGE][PASSED] - Text 'France' is present on page  using regular expression

2022-05-30 20:56:59 - [TEST_STEP][PASSED] - verifyTextPresent("Amount", true): Text 'Amount' is present on page  using regular expression

2022-05-30 20:56:59 - [MESSAGE][PASSED] - Text 'Amount' is present on page  using regular expression

2022-05-30 20:56:59 - [TEST_STEP][PASSED] - verifyTextPresent("Total Amount", true): Text 'Total Amount' is present on page  using regular expression

2022-05-30 20:56:59 - [MESSAGE][PASSED] - Text 'Total Amount' is present on page  using regular expression

2022-05-30 20:56:59 - [TEST_STEP][PASSED] - verifyTextPresent("Transaction Type", true): Text 'Transaction Type' is present on page  using regular expression

2022-05-30 20:57:00 - [MESSAGE][PASSED] - Text 'Transaction Type' is present on page  using regular expression

2022-05-30 20:57:00 - [TEST_STEP][PASSED] - verifyTextPresent("10.50", true): Text '10.50' is present on page  using regular expression

2022-05-30 20:57:00 - [MESSAGE][PASSED] - Text '10.50' is present on page  using regular expression

2022-05-30 20:57:00 - [TEST_STEP][PASSED] - verifyTextPresent("Authorization and Capture", true): Text 'Authorization and Capture' is present on page  using regular expression

2022-05-30 20:57:00 - [MESSAGE][PASSED] - Text 'Authorization and Capture' is present on page  using regular expression

2022-05-30 20:57:00 - [TEST_STEP][PASSED] - verifyTextPresent("Card Information", true): Text 'Card Information' is present on page  using regular expression

2022-05-30 20:57:01 - [MESSAGE][PASSED] - Text 'Card Information' is present on page  using regular expression

2022-05-30 20:57:01 - [TEST_STEP][PASSED] - cardNameV = findTestData(dataFile).getValue("CardNameV", row): null

2022-05-30 20:57:01 - [TEST_STEP][PASSED] - al1V = findTestData(dataFile).getValue("AL1", row): null

2022-05-30 20:57:01 - [TEST_STEP][PASSED] - al2V = findTestData(dataFile).getValue("AL2", row): null

2022-05-30 20:57:01 - [TEST_STEP][PASSED] - zipV = findTestData(dataFile).getValue("ZIP", row): null

2022-05-30 20:57:01 - [TEST_STEP][PASSED] - cardTypeV = findTestData(dataFile).getValue("CardType", row): null

2022-05-30 20:57:01 - [TEST_STEP][PASSED] - last4V = findTestData(dataFile).getValue("Last4", row): null

2022-05-30 20:57:01 - [TEST_STEP][PASSED] - verifyTextPresent(cardNameV, true): Text 'TULSI RAMAN' is present on page  using regular expression

2022-05-30 20:57:02 - [MESSAGE][PASSED] - Text 'TULSI RAMAN' is present on page  using regular expression

2022-05-30 20:57:02 - [TEST_STEP][PASSED] - verifyTextPresent("Address Line 1", true): Text 'Address Line 1' is present on page  using regular expression

2022-05-30 20:57:02 - [MESSAGE][PASSED] - Text 'Address Line 1' is present on page  using regular expression

2022-05-30 20:57:02 - [TEST_STEP][PASSED] - verifyTextPresent("Address Line 2", true): Text 'Address Line 2' is present on page  using regular expression

2022-05-30 20:57:02 - [MESSAGE][PASSED] - Text 'Address Line 2' is present on page  using regular expression

2022-05-30 20:57:02 - [TEST_STEP][PASSED] - verifyTextPresent("Country", true): Text 'Country' is present on page  using regular expression

2022-05-30 20:57:02 - [MESSAGE][PASSED] - Text 'Country' is present on page  using regular expression

2022-05-30 20:57:02 - [TEST_STEP][PASSED] - verifyTextPresent("City", true): Text 'City' is present on page  using regular expression

2022-05-30 20:57:03 - [MESSAGE][PASSED] - Text 'City' is present on page  using regular expression

2022-05-30 20:57:03 - [TEST_STEP][PASSED] - verifyTextPresent("State", true): Text 'State' is present on page  using regular expression

2022-05-30 20:57:03 - [MESSAGE][PASSED] - Text 'State' is present on page  using regular expression

2022-05-30 20:57:03 - [TEST_STEP][PASSED] - verifyTextPresent("ZIP Code", true): Text 'ZIP Code' is present on page  using regular expression

2022-05-30 20:57:03 - [MESSAGE][PASSED] - Text 'ZIP Code' is present on page  using regular expression

2022-05-30 20:57:03 - [TEST_STEP][PASSED] - verifyTextPresent(al1V, true): Text '36 Cornor Road' is present on page  using regular expression

2022-05-30 20:57:04 - [MESSAGE][PASSED] - Text '36 Cornor Road' is present on page  using regular expression

2022-05-30 20:57:04 - [TEST_STEP][PASSED] - verifyTextPresent(al2V, true): Text 'Suite 500' is present on page  using regular expression

2022-05-30 20:57:04 - [MESSAGE][PASSED] - Text 'Suite 500' is present on page  using regular expression

2022-05-30 20:57:04 - [TEST_STEP][PASSED] - verifyTextPresent("United States", true): Text 'United States' is present on page  using regular expression

2022-05-30 20:57:04 - [MESSAGE][PASSED] - Text 'United States' is present on page  using regular expression

2022-05-30 20:57:04 - [TEST_STEP][PASSED] - verifyTextPresent("ARLINGTON", true): Text 'ARLINGTON' is present on page  using regular expression

2022-05-30 20:57:05 - [MESSAGE][PASSED] - Text 'ARLINGTON' is present on page  using regular expression

2022-05-30 20:57:05 - [TEST_STEP][PASSED] - verifyTextPresent("Virginia", true): Text 'Virginia' is present on page  using regular expression

2022-05-30 20:57:05 - [MESSAGE][PASSED] - Text 'Virginia' is present on page  using regular expression

2022-05-30 20:57:05 - [TEST_STEP][PASSED] - verifyTextPresent(zipV, true): Text '22201' is present on page  using regular expression

2022-05-30 20:57:05 - [MESSAGE][PASSED] - Text '22201' is present on page  using regular expression

2022-05-30 20:57:05 - [TEST_STEP][PASSED] - verifyTextPresent(cardTypeV, true): Text 'Visa' is present on page  using regular expression

2022-05-30 20:57:06 - [MESSAGE][PASSED] - Text 'Visa' is present on page  using regular expression

2022-05-30 20:57:06 - [TEST_STEP][PASSED] - verifyTextPresent(last4V, true): Text '5439' is present on page  using regular expression

2022-05-30 20:57:06 - [MESSAGE][PASSED] - Text '5439' is present on page  using regular expression

2022-05-30 20:57:06 - [TEST_STEP][PASSED] - ExecuteTC = findTestData(dataFile).getValue("Execute", row): null

2022-05-30 20:57:06 - [TEST_STEP][PASSED] - out.println("Value of Execute is : " + ExecuteTC): null

2022-05-30 20:57:06 - [TEST_STEP][PASSED] - appName = findTestData(dataFile).getValue("AppName", row): null

2022-05-30 20:57:06 - [TEST_STEP][PASSED] - appID = findTestData(dataFile).getValue("AppID", row): null

2022-05-30 20:57:06 - [TEST_STEP][PASSED] - hrefAppID = li_1 + appID + li_2: null

2022-05-30 20:57:06 - [TEST_STEP][PASSED] - if (ExecuteTC.equalsIgnoreCase("Y")): null

2022-05-30 20:57:06 - [TEST_STEP][PASSED] - ExecuteTC = findTestData(dataFile).getValue("Execute", row): null

2022-05-30 20:57:07 - [TEST_STEP][PASSED] - out.println("Value of Execute is : " + ExecuteTC): null

2022-05-30 20:57:07 - [TEST_STEP][PASSED] - appName = findTestData(dataFile).getValue("AppName", row): null

2022-05-30 20:57:07 - [TEST_STEP][PASSED] - appID = findTestData(dataFile).getValue("AppID", row): null

2022-05-30 20:57:07 - [TEST_STEP][PASSED] - hrefAppID = li_1 + appID + li_2: null

2022-05-30 20:57:07 - [TEST_STEP][PASSED] - if (ExecuteTC.equalsIgnoreCase("Y")): null

2022-05-30 20:57:07 - [TEST_STEP][PASSED] - ExecuteTC = findTestData(dataFile).getValue("Execute", row): null

2022-05-30 20:57:07 - [TEST_STEP][PASSED] - out.println("Value of Execute is : " + ExecuteTC): null

2022-05-30 20:57:07 - [TEST_STEP][PASSED] - appName = findTestData(dataFile).getValue("AppName", row): null

2022-05-30 20:57:07 - [TEST_STEP][PASSED] - appID = findTestData(dataFile).getValue("AppID", row): null

2022-05-30 20:57:07 - [TEST_STEP][PASSED] - hrefAppID = li_1 + appID + li_2: null

2022-05-30 20:57:07 - [TEST_STEP][PASSED] - if (ExecuteTC.equalsIgnoreCase("Y")): null

2022-05-30 20:57:07 - [TEST_STEP][PASSED] - ExecuteTC = findTestData(dataFile).getValue("Execute", row): null

2022-05-30 20:57:07 - [TEST_STEP][PASSED] - out.println("Value of Execute is : " + ExecuteTC): null

2022-05-30 20:57:07 - [TEST_STEP][PASSED] - appName = findTestData(dataFile).getValue("AppName", row): null

2022-05-30 20:57:07 - [TEST_STEP][PASSED] - appID = findTestData(dataFile).getValue("AppID", row): null

2022-05-30 20:57:07 - [TEST_STEP][PASSED] - hrefAppID = li_1 + appID + li_2: null

2022-05-30 20:57:07 - [TEST_STEP][PASSED] - if (ExecuteTC.equalsIgnoreCase("Y")): null

2022-05-30 20:57:07 - [TEST_STEP][PASSED] - ExecuteTC = findTestData(dataFile).getValue("Execute", row): null

2022-05-30 20:57:08 - [TEST_STEP][PASSED] - out.println("Value of Execute is : " + ExecuteTC): null

2022-05-30 20:57:08 - [TEST_STEP][PASSED] - appName = findTestData(dataFile).getValue("AppName", row): null

2022-05-30 20:57:08 - [TEST_STEP][PASSED] - appID = findTestData(dataFile).getValue("AppID", row): null

2022-05-30 20:57:08 - [TEST_STEP][PASSED] - hrefAppID = li_1 + appID + li_2: null

2022-05-30 20:57:08 - [TEST_STEP][PASSED] - if (ExecuteTC.equalsIgnoreCase("Y")): null

2022-05-30 20:57:08 - [TEST_STEP][PASSED] - ExecuteTC = findTestData(dataFile).getValue("Execute", row): null

2022-05-30 20:57:08 - [TEST_STEP][PASSED] - out.println("Value of Execute is : " + ExecuteTC): null

2022-05-30 20:57:08 - [TEST_STEP][PASSED] - appName = findTestData(dataFile).getValue("AppName", row): null

2022-05-30 20:57:08 - [TEST_STEP][PASSED] - appID = findTestData(dataFile).getValue("AppID", row): null

2022-05-30 20:57:08 - [TEST_STEP][PASSED] - hrefAppID = li_1 + appID + li_2: null

2022-05-30 20:57:08 - [TEST_STEP][PASSED] - if (ExecuteTC.equalsIgnoreCase("Y")): null

2022-05-30 20:57:08 - [TEST_STEP][PASSED] - ExecuteTC = findTestData(dataFile).getValue("Execute", row): null

2022-05-30 20:57:08 - [TEST_STEP][PASSED] - out.println("Value of Execute is : " + ExecuteTC): null

2022-05-30 20:57:08 - [TEST_STEP][PASSED] - appName = findTestData(dataFile).getValue("AppName", row): null

2022-05-30 20:57:08 - [TEST_STEP][PASSED] - appID = findTestData(dataFile).getValue("AppID", row): null

2022-05-30 20:57:08 - [TEST_STEP][PASSED] - hrefAppID = li_1 + appID + li_2: null

2022-05-30 20:57:08 - [TEST_STEP][PASSED] - if (ExecuteTC.equalsIgnoreCase("Y")): null]]></system-out>
         <system-err><![CDATA[]]></system-err>
      </testcase>
      <system-out><![CDATA[2022-05-30 20:56:09 - [TEST_SUITE][PASSED] - Temp: Test Cases/Admin Suite Bootstrap/VT-NotInTestSuite/SaleKeyboard_TP_NoCF_App742_Payment_TC]]></system-out>
      <system-err><![CDATA[]]></system-err>
   </testsuite>
</testsuites>
