<?xml version="1.0" encoding="UTF-8"?>
<testsuites name="RAD_UI_TestSuite" time="1837.429" tests="7" failures="0" errors="0">
   <testsuite name="RAD_UI_TestSuite" tests="7" failures="0" errors="0" time="1837.429" skipped="0" timestamp="2023-10-02 17:51:39" hostname="imtiaz - DESKTOP-B2QI6NS.govolution.com" id="Test Suites/RAD_TestSuite/RAD_UI_TestSuite">
      <properties>
         <property name="deviceName" value=""/>
         <property name="devicePlatform" value=""/>
         <property name="logFolder" value="E:\\Cloned-Project-Katalon\\VPS-Katalon\\Reports\\20231002_175133\\RAD_TestSuite\\RAD_UI_TestSuite\\20231002_175133"/>
         <property name="logFiles" value="E:\\Cloned-Project-Katalon\\VPS-Katalon\\Reports\\20231002_175133\\RAD_TestSuite\\RAD_UI_TestSuite\\20231002_175133\\execution0.log"/>
         <property name="attachments" value=""/>
         <property name="hostName" value="imtiaz - DESKTOP-B2QI6NS.govolution.com"/>
         <property name="os" value="Windows 10 64bit"/>
         <property name="katalonVersion" value="8.6.6.208"/>
         <property name="browser" value="Chrome 117.0.0.0"/>
         <property name="hostAddress" value="172.31.253.139"/>
         <property name="sessionId" value="c0d804d5c92c0b63a8dfcb339c803aa0"/>
         <property name="seleniumVersion" value="3.141.59"/>
         <property name="proxyInformation" value="ProxyInformation { proxyOption=NO_PROXY, proxyServerType=HTTP, username=, password=********, proxyServerAddress=, proxyServerPort=0, executionList=&quot;&quot;, isApplyToDesiredCapabilities=true }"/>
         <property name="platform" value="Windows 10"/>
      </properties>
      <testcase name="Test Cases/RAD_TestCases/Summary_TestCases/Estimated_Summary_TC" time="233.204" classname="Test Cases/RAD_TestCases/Summary_TestCases/Estimated_Summary_TC" status="PASSED">
         <system-out><![CDATA[2023-10-02 17:51:39 - [TEST_CASE][PASSED] - Test Cases/RAD_TestCases/Summary_TestCases/Estimated_Summary_TC: Test Cases/RAD_TestCases/Summary_TestCases/Estimated_Summary_TC

2023-10-02 17:51:40 - [TEST_STEP][PASSED] - resText = "Fail": null

2023-10-02 17:51:40 - [TEST_STEP][PASSED] - resColumn = "Result": null

2023-10-02 17:51:40 - [TEST_STEP][PASSED] - datCloumn = "Date": null

2023-10-02 17:51:40 - [TEST_STEP][PASSED] - fileLoc = "KatalonData/RADTestData/Summary.xlsx": null

2023-10-02 17:51:40 - [TEST_STEP][PASSED] - nameSheet = "Estimated": null

2023-10-02 17:51:40 - [TEST_STEP][PASSED] - dataFile = "RADTestData/Summary_Estimated": null

2023-10-02 17:51:40 - [TEST_STEP][PASSED] - orPath_Landing = "Object Repository/RAD_Pages/Landing_Page": null

2023-10-02 17:51:40 - [TEST_STEP][PASSED] - orPath_TaxTypeFilingYear = "Object Repository/RAD_Pages/TaxTypeFilingYear_Page": null

2023-10-02 17:51:40 - [TEST_STEP][PASSED] - orPath_Amount = "Object Repository/RAD_Pages/PaymentAmount_Page": null

2023-10-02 17:51:40 - [TEST_STEP][PASSED] - orPath_AddressContact = "Object Repository/RAD_Pages/AddressAndContactInfo_Page": null

2023-10-02 17:51:40 - [TEST_STEP][PASSED] - orPath_Summary = "Object Repository/RAD_Pages/Summary_Page": null

2023-10-02 17:51:40 - [TEST_STEP][PASSED] - orPath_PaymentConfirmation = "Object Repository/RAD_Pages/PaymentConfirmation_Page": null

2023-10-02 17:51:40 - [TEST_STEP][PASSED] - orPath_ServiceFeesAccept = "Object Repository/RAD_Pages/ServiceFeeAccept_Page": null

2023-10-02 17:51:40 - [TEST_STEP][PASSED] - orPath_PaymentEntry = "Object Repository/RAD_Pages/PaymentEntry_Page": null

2023-10-02 17:51:40 - [TEST_STEP][PASSED] - ExecuteTC = <not implemented yet for class: org.codehaus.groovy.ast.expr.EmptyExpression>: null

2023-10-02 17:51:40 - [TEST_STEP][PASSED] - TaxType = <not implemented yet for class: org.codehaus.groovy.ast.expr.EmptyExpression>: null

2023-10-02 17:51:40 - [TEST_STEP][PASSED] - PaymentType = <not implemented yet for class: org.codehaus.groovy.ast.expr.EmptyExpression>: null

2023-10-02 17:51:40 - [TEST_STEP][PASSED] - FilingYear = <not implemented yet for class: org.codehaus.groovy.ast.expr.EmptyExpression>: null

2023-10-02 17:51:40 - [TEST_STEP][PASSED] - PeriodEndingMonth = <not implemented yet for class: org.codehaus.groovy.ast.expr.EmptyExpression>: null

2023-10-02 17:51:40 - [TEST_STEP][PASSED] - feinSSN = <not implemented yet for class: org.codehaus.groovy.ast.expr.EmptyExpression>: null

2023-10-02 17:51:40 - [TEST_STEP][PASSED] - numOfRows = findTestData(dataFile).getRowNumbers(): null

2023-10-02 17:51:40 - [TEST_STEP][PASSED] - println("Number of Records: " + numOfRows): null

2023-10-02 17:51:40 - [TEST_STEP][PASSED] - for ([row = 1, row <= numOfRows, (row++)]): Object: 'Object Repository/RAD_Pages/Summary_Page/button_Proceed to Payment' is clicked on

2023-10-02 17:51:40 - [TEST_STEP][PASSED] - ExecuteTC = findTestData(dataFile).getValue("Execute", row): null

2023-10-02 17:51:41 - [TEST_STEP][PASSED] - TaxType = findTestData(dataFile).getValue("TaxType", row): null

2023-10-02 17:51:41 - [TEST_STEP][PASSED] - PaymentType = findTestData(dataFile).getValue("PaymentType", row): null

2023-10-02 17:51:41 - [TEST_STEP][PASSED] - FilingYear = findTestData(dataFile).getValue("Year", row): null

2023-10-02 17:51:41 - [TEST_STEP][PASSED] - PeriodEndingMonth = findTestData(dataFile).getValue("Month", row): null

2023-10-02 17:51:41 - [TEST_STEP][PASSED] - feinSSN = findTestData(dataFile).getValue("FeinSsn", row): null

2023-10-02 17:51:41 - [TEST_STEP][PASSED] - if (ExecuteTC.equalsIgnoreCase("Y")): Object: 'Object Repository/RAD_Pages/Summary_Page/button_Proceed to Payment' is clicked on

2023-10-02 17:51:41 - [TEST_STEP][PASSED] - out.println("Begin Record Number: " + row): null

2023-10-02 17:51:41 - [TEST_STEP][PASSED] - today = new java.util.Date(): null

2023-10-02 17:51:41 - [TEST_STEP][PASSED] - println(today): null

2023-10-02 17:51:41 - [TEST_STEP][PASSED] - datText = today: null

2023-10-02 17:51:41 - [TEST_STEP][PASSED] - logInfo("Payment Type: Quarterly Estimated Tax"): Payment Type: Quarterly Estimated Tax

2023-10-02 17:51:41 - [MESSAGE][INFO] - Payment Type: Quarterly Estimated Tax

2023-10-02 17:51:41 - [TEST_STEP][PASSED] - logInfo("Tax Type: " + TaxType): Tax Type: Corporate Income Tax

2023-10-02 17:51:41 - [MESSAGE][INFO] - Tax Type: Corporate Income Tax

2023-10-02 17:51:41 - [TEST_STEP][PASSED] - openBrowser(""): Browser is opened with url: ''

2023-10-02 17:51:41 - [MESSAGE][INFO] - Starting 'Chrome' driver

2023-10-02 17:51:41 - [MESSAGE][INFO] - User set preference: ['acceptInsecureCerts', 'true']

2023-10-02 17:51:41 - [MESSAGE][INFO] - Action delay is set to 0 milliseconds

2023-10-02 17:51:44 - [MESSAGE][PASSED] - Browser is opened with url: ''

2023-10-02 17:51:44 - [TEST_STEP][PASSED] - maximizeWindow(): Current window maximized

2023-10-02 17:51:44 - [MESSAGE][PASSED] - Current window maximized

2023-10-02 17:51:44 - [TEST_STEP][PASSED] - navigateToUrl(RADurl): Navigate to 'https://demo.velocitypayment.com/client/rad/index.html' successfully

2023-10-02 17:51:46 - [MESSAGE][PASSED] - Navigate to 'https://demo.velocitypayment.com/client/rad/index.html' successfully

2023-10-02 17:51:46 - [TEST_STEP][PASSED] - selectOptionByLabel(findTestObject(orPath_Landing + "/dd_TaxType"), "Quarterly Estimated Tax", false): All options with label 'Quarterly Estimated Tax' are selected in object 'Object Repository/RAD_Pages/Landing_Page/dd_TaxType' 

2023-10-02 17:51:47 - [MESSAGE][PASSED] - All options with label 'Quarterly Estimated Tax' are selected in object 'Object Repository/RAD_Pages/Landing_Page/dd_TaxType' 

2023-10-02 17:51:47 - [TEST_STEP][PASSED] - selectOptionByLabel(findTestObject(orPath_TaxTypeFilingYear + "/select_PaymentType"), TaxType, false): All options with label 'Corporate Income Tax' are selected in object 'Object Repository/RAD_Pages/TaxTypeFilingYear_Page/select_PaymentType' 

2023-10-02 17:51:48 - [MESSAGE][PASSED] - All options with label 'Corporate Income Tax' are selected in object 'Object Repository/RAD_Pages/TaxTypeFilingYear_Page/select_PaymentType' 

2023-10-02 17:51:48 - [TEST_STEP][PASSED] - selectOptionByLabel(findTestObject(orPath_TaxTypeFilingYear + "/select_FilingYear"), FilingYear, false): All options with label '2023' are selected in object 'Object Repository/RAD_Pages/TaxTypeFilingYear_Page/select_FilingYear' 

2023-10-02 17:51:49 - [MESSAGE][PASSED] - All options with label '2023' are selected in object 'Object Repository/RAD_Pages/TaxTypeFilingYear_Page/select_FilingYear' 

2023-10-02 17:51:49 - [TEST_STEP][PASSED] - selectOptionByLabel(findTestObject(orPath_TaxTypeFilingYear + "/select_PeriodEnding"), PeriodEndingMonth, false): All options with label 'March' are selected in object 'Object Repository/RAD_Pages/TaxTypeFilingYear_Page/select_PeriodEnding' 

2023-10-02 17:51:49 - [MESSAGE][PASSED] - All options with label 'March' are selected in object 'Object Repository/RAD_Pages/TaxTypeFilingYear_Page/select_PeriodEnding' 

2023-10-02 17:51:49 - [TEST_STEP][PASSED] - rad.getSetDataRAD.setDataRADBusinessName(): rad.getSetDataRAD.setDataRADBusinessName is PASSED

2023-10-02 17:51:50 - [MESSAGE][PASSED] - Text 'My Company' is set on object 'Object Repository/RAD_Pages/Taxpayer_Page/input_businessName'

2023-10-02 17:51:50 - [MESSAGE][PASSED] - rad.getSetDataRAD.setDataRADBusinessName is PASSED

2023-10-02 17:51:50 - [TEST_STEP][PASSED] - rad.getSetDataRAD.setDataRADBusinessRep(): rad.getSetDataRAD.setDataRADBusinessRep is PASSED

2023-10-02 17:51:52 - [MESSAGE][PASSED] - Text 'BusRepFname' is set on object 'Object Repository/RAD_Pages/Taxpayer_Page/input_BusinessRepfirstName'

2023-10-02 17:51:53 - [MESSAGE][PASSED] - Text '' is set on object 'Object Repository/RAD_Pages/Taxpayer_Page/input_BusinessRepmiddleName'

2023-10-02 17:51:54 - [MESSAGE][PASSED] - Text 'BusRepLname' is set on object 'Object Repository/RAD_Pages/Taxpayer_Page/input_BusinessReplastName'

2023-10-02 17:51:54 - [MESSAGE][PASSED] - Text '' is set on object 'Object Repository/RAD_Pages/Taxpayer_Page/input_BusinessRepsuffix'

2023-10-02 17:51:54 - [MESSAGE][PASSED] - rad.getSetDataRAD.setDataRADBusinessRep is PASSED

2023-10-02 17:51:54 - [TEST_STEP][PASSED] - rad.getSetDataRAD.setDataRADAddress(): rad.getSetDataRAD.setDataRADAddress is PASSED

2023-10-02 17:51:55 - [MESSAGE][PASSED] - All options with label 'United States' are selected in object 'Object Repository/RAD_Pages/AddressAndContactInfo_Page/select_Country' 

2023-10-02 17:51:56 - [MESSAGE][PASSED] - Text '2508 Mandan Terrace' is set on object 'Object Repository/RAD_Pages/AddressAndContactInfo_Page/input_streetAddress1'

2023-10-02 17:51:57 - [MESSAGE][PASSED] - Text '' is set on object 'Object Repository/RAD_Pages/AddressAndContactInfo_Page/input_streetAddress2'

2023-10-02 17:51:58 - [MESSAGE][PASSED] - Text 'Gambrills' is set on object 'Object Repository/RAD_Pages/AddressAndContactInfo_Page/input_city'

2023-10-02 17:51:58 - [MESSAGE][PASSED] - All options with label 'Maryland' are selected in object 'Object Repository/RAD_Pages/AddressAndContactInfo_Page/select_State' 

2023-10-02 17:51:59 - [MESSAGE][PASSED] - Text '21054' is set on object 'Object Repository/RAD_Pages/AddressAndContactInfo_Page/input_zipCode'

2023-10-02 17:52:00 - [MESSAGE][PASSED] - Text '(703) 894-5000' is set on object 'Object Repository/RAD_Pages/AddressAndContactInfo_Page/input_phoneNumber'

2023-10-02 17:52:01 - [MESSAGE][PASSED] - Text 'iahmed@govolution.com' is set on object 'Object Repository/RAD_Pages/AddressAndContactInfo_Page/input_eMailAddress'

2023-10-02 17:52:02 - [MESSAGE][PASSED] - Text 'iahmed@govolution.com' is set on object 'Object Repository/RAD_Pages/AddressAndContactInfo_Page/input_reEnterEMailAddress'

2023-10-02 17:52:02 - [MESSAGE][PASSED] - rad.getSetDataRAD.setDataRADAddress is PASSED

2023-10-02 17:52:02 - [TEST_STEP][PASSED] - if (feinSSN.equalsIgnoreCase("Y")): null

2023-10-02 17:52:02 - [TEST_STEP][PASSED] - else: rad.getSetDataRAD.setDataRADFEIN is PASSED

2023-10-02 17:52:02 - [TEST_STEP][PASSED] - rad.getSetDataRAD.setDataRADFEIN(): rad.getSetDataRAD.setDataRADFEIN is PASSED

2023-10-02 17:52:03 - [MESSAGE][PASSED] - Text ****** has been set on object 'Object Repository/RAD_Pages/TaxInfo_Page/input_FederalEIN'

2023-10-02 17:52:04 - [MESSAGE][PASSED] - Text ****** has been set on object 'Object Repository/RAD_Pages/TaxInfo_Page/input_FederalEIN_ReEnter'

2023-10-02 17:52:04 - [MESSAGE][PASSED] - rad.getSetDataRAD.setDataRADFEIN is PASSED

2023-10-02 17:52:04 - [TEST_STEP][PASSED] - setText(findTestObject(orPath_Amount + "/input__paymentAmount"), "100.00"): Text '100.00' is set on object 'Object Repository/RAD_Pages/PaymentAmount_Page/input__paymentAmount'

2023-10-02 17:52:05 - [MESSAGE][PASSED] - Text '100.00' is set on object 'Object Repository/RAD_Pages/PaymentAmount_Page/input__paymentAmount'

2023-10-02 17:52:05 - [TEST_STEP][PASSED] - setText(findTestObject(orPath_AddressContact + "/input_streetAddress2"), ""): Text '' is set on object 'Object Repository/RAD_Pages/AddressAndContactInfo_Page/input_streetAddress2'

2023-10-02 17:52:06 - [MESSAGE][PASSED] - Text '' is set on object 'Object Repository/RAD_Pages/AddressAndContactInfo_Page/input_streetAddress2'

2023-10-02 17:52:06 - [TEST_STEP][PASSED] - scrollToElement(findTestObject(orPath_Landing + "/button_Continue"), 3): Scroll to object 'Object Repository/RAD_Pages/Landing_Page/button_Continue' successfully

2023-10-02 17:52:06 - [MESSAGE][PASSED] - Scroll to object 'Object Repository/RAD_Pages/Landing_Page/button_Continue' successfully

2023-10-02 17:52:06 - [TEST_STEP][PASSED] - waitForElementClickable(findTestObject(orPath_Landing + "/button_Continue"), 5): Object 'Object Repository/RAD_Pages/Landing_Page/button_Continue' is clickable

2023-10-02 17:52:06 - [MESSAGE][PASSED] - Object 'Object Repository/RAD_Pages/Landing_Page/button_Continue' is clickable

2023-10-02 17:52:06 - [TEST_STEP][PASSED] - click(findTestObject(orPath_Landing + "/button_Continue")): Object: 'Object Repository/RAD_Pages/Landing_Page/button_Continue' is clicked on

2023-10-02 17:52:07 - [MESSAGE][PASSED] - Object: 'Object Repository/RAD_Pages/Landing_Page/button_Continue' is clicked on

2023-10-02 17:52:07 - [TEST_STEP][PASSED] - delay(2): Delayed 2 second(s)

2023-10-02 17:52:09 - [MESSAGE][PASSED] - Delayed 2 second(s)

2023-10-02 17:52:09 - [TEST_STEP][PASSED] - verifyTextPresent("Summary", true): Text 'Summary' is present on page  using regular expression

2023-10-02 17:52:09 - [MESSAGE][PASSED] - Text 'Summary' is present on page  using regular expression

2023-10-02 17:52:09 - [TEST_STEP][PASSED] - verifyTextPresent("Review the information below and make any necessary corrections by clicking the", true): Text 'Review the information below and make any necessary corrections by clicking the' is present on page  using regular expression

2023-10-02 17:52:10 - [MESSAGE][PASSED] - Text 'Review the information below and make any necessary corrections by clicking the' is present on page  using regular expression

2023-10-02 17:52:10 - [TEST_STEP][PASSED] - verifyTextPresent("When you are confident that all the information is correct, click the", true): Text 'When you are confident that all the information is correct, click the' is present on page  using regular expression

2023-10-02 17:52:10 - [MESSAGE][PASSED] - Text 'When you are confident that all the information is correct, click the' is present on page  using regular expression

2023-10-02 17:52:10 - [TEST_STEP][PASSED] - verifyTextPresent("Payment Type/Filing Year", true): Text 'Payment Type/Filing Year' is present on page  using regular expression

2023-10-02 17:52:11 - [MESSAGE][PASSED] - Text 'Payment Type/Filing Year' is present on page  using regular expression

2023-10-02 17:52:11 - [TEST_STEP][PASSED] - verifyTextPresent("Payment Type:", true): Text 'Payment Type:' is present on page  using regular expression

2023-10-02 17:52:11 - [MESSAGE][PASSED] - Text 'Payment Type:' is present on page  using regular expression

2023-10-02 17:52:11 - [TEST_STEP][PASSED] - verifyTextPresent("Quarterly Estimated Tax", true): Text 'Quarterly Estimated Tax' is present on page  using regular expression

2023-10-02 17:52:11 - [MESSAGE][PASSED] - Text 'Quarterly Estimated Tax' is present on page  using regular expression

2023-10-02 17:52:11 - [TEST_STEP][PASSED] - verifyTextPresent("Filing Year:", true): Text 'Filing Year:' is present on page  using regular expression

2023-10-02 17:52:12 - [MESSAGE][PASSED] - Text 'Filing Year:' is present on page  using regular expression

2023-10-02 17:52:12 - [TEST_STEP][PASSED] - verifyTextPresent(FilingYear, true): Text '2023' is present on page  using regular expression

2023-10-02 17:52:12 - [MESSAGE][PASSED] - Text '2023' is present on page  using regular expression

2023-10-02 17:52:12 - [TEST_STEP][PASSED] - verifyTextPresent("Period Ending:", true): Text 'Period Ending:' is present on page  using regular expression

2023-10-02 17:52:12 - [MESSAGE][PASSED] - Text 'Period Ending:' is present on page  using regular expression

2023-10-02 17:52:12 - [TEST_STEP][PASSED] - verifyTextPresent(PeriodEndingMonth, true): Text 'March' is present on page  using regular expression

2023-10-02 17:52:13 - [MESSAGE][PASSED] - Text 'March' is present on page  using regular expression

2023-10-02 17:52:13 - [TEST_STEP][PASSED] - verifyTextPresent("Payer Information", true): Text 'Payer Information' is present on page  using regular expression

2023-10-02 17:52:13 - [MESSAGE][PASSED] - Text 'Payer Information' is present on page  using regular expression

2023-10-02 17:52:13 - [TEST_STEP][PASSED] - verifyTextPresent("Taxpayer Name:", true): Text 'Taxpayer Name:' is present on page  using regular expression

2023-10-02 17:52:14 - [MESSAGE][PASSED] - Text 'Taxpayer Name:' is present on page  using regular expression

2023-10-02 17:52:14 - [TEST_STEP][PASSED] - verifyTextPresent("My Company", true): Text 'My Company' is present on page  using regular expression

2023-10-02 17:52:14 - [MESSAGE][PASSED] - Text 'My Company' is present on page  using regular expression

2023-10-02 17:52:14 - [TEST_STEP][PASSED] - verifyTextPresent("Business Rep Name:", true): Text 'Business Rep Name:' is present on page  using regular expression

2023-10-02 17:52:14 - [MESSAGE][PASSED] - Text 'Business Rep Name:' is present on page  using regular expression

2023-10-02 17:52:14 - [TEST_STEP][PASSED] - verifyTextPresent("BusRepFname BusRepLname", true): Text 'BusRepFname BusRepLname' is present on page  using regular expression

2023-10-02 17:52:15 - [MESSAGE][PASSED] - Text 'BusRepFname BusRepLname' is present on page  using regular expression

2023-10-02 17:52:15 - [TEST_STEP][PASSED] - verifyTextPresent("Taxpayer Address:", true): Text 'Taxpayer Address:' is present on page  using regular expression

2023-10-02 17:52:15 - [MESSAGE][PASSED] - Text 'Taxpayer Address:' is present on page  using regular expression

2023-10-02 17:52:15 - [TEST_STEP][PASSED] - verifyTextPresent("2508 Mandan Terrace Gambrills Maryland 21054", true): Text '2508 Mandan Terrace Gambrills Maryland 21054' is present on page  using regular expression

2023-10-02 17:52:15 - [MESSAGE][PASSED] - Text '2508 Mandan Terrace Gambrills Maryland 21054' is present on page  using regular expression

2023-10-02 17:52:15 - [TEST_STEP][PASSED] - verifyTextPresent("Email:", true): Text 'Email:' is present on page  using regular expression

2023-10-02 17:52:16 - [MESSAGE][PASSED] - Text 'Email:' is present on page  using regular expression

2023-10-02 17:52:16 - [TEST_STEP][PASSED] - verifyTextPresent("iahmed@govolution.com", true): Text 'iahmed@govolution.com' is present on page  using regular expression

2023-10-02 17:52:16 - [MESSAGE][PASSED] - Text 'iahmed@govolution.com' is present on page  using regular expression

2023-10-02 17:52:16 - [TEST_STEP][PASSED] - verifyTextPresent("Phone:", true): Text 'Phone:' is present on page  using regular expression

2023-10-02 17:52:17 - [MESSAGE][PASSED] - Text 'Phone:' is present on page  using regular expression

2023-10-02 17:52:17 - [TEST_STEP][PASSED] - verifyTextPresent("(703) 894-5000", false): Text '(703) 894-5000' is present on page 

2023-10-02 17:52:17 - [MESSAGE][PASSED] - Text '(703) 894-5000' is present on page 

2023-10-02 17:52:17 - [TEST_STEP][PASSED] - verifyTextPresent("Tax Information", true): Text 'Tax Information' is present on page  using regular expression

2023-10-02 17:52:17 - [MESSAGE][PASSED] - Text 'Tax Information' is present on page  using regular expression

2023-10-02 17:52:17 - [TEST_STEP][PASSED] - if (feinSSN.equalsIgnoreCase("Y")): null

2023-10-02 17:52:17 - [TEST_STEP][PASSED] - else: Text 'FEIN/SSN:' is not present on page using regular expression

2023-10-02 17:52:17 - [TEST_STEP][PASSED] - verifyTextPresent("Federal EIN:", true): Text 'Federal EIN:' is present on page  using regular expression

2023-10-02 17:52:18 - [MESSAGE][PASSED] - Text 'Federal EIN:' is present on page  using regular expression

2023-10-02 17:52:18 - [TEST_STEP][PASSED] - verifyTextNotPresent("FEIN/SSN:", true): Text 'FEIN/SSN:' is not present on page using regular expression

2023-10-02 17:52:18 - [MESSAGE][PASSED] - Text 'FEIN/SSN:' is not present on page using regular expression

2023-10-02 17:52:18 - [TEST_STEP][PASSED] - verifyTextPresent("Payment Amount:", true): Text 'Payment Amount:' is present on page  using regular expression

2023-10-02 17:52:19 - [MESSAGE][PASSED] - Text 'Payment Amount:' is present on page  using regular expression

2023-10-02 17:52:19 - [TEST_STEP][PASSED] - verifyTextPresent("100.00", true): Text '100.00' is present on page  using regular expression

2023-10-02 17:52:19 - [MESSAGE][PASSED] - Text '100.00' is present on page  using regular expression

2023-10-02 17:52:19 - [TEST_STEP][PASSED] - if (verifyElementVisible(findTestObject(orPath_Summary + "/button_Proceed to Payment"))): null

2023-10-02 17:52:19 - [MESSAGE][PASSED] - Object 'Object Repository/RAD_Pages/Summary_Page/button_Proceed to Payment' is visible

2023-10-02 17:52:19 - [TEST_STEP][PASSED] - resText = "Pass": null

2023-10-02 17:52:19 - [TEST_STEP][PASSED] - pages.WriteExcel.demoKey(resText, datText, resColumn, datCloumn, fileLoc, nameSheet, row): pages.WriteExcel.demoKey is PASSED

2023-10-02 17:52:20 - [MESSAGE][PASSED] - pages.WriteExcel.demoKey is PASSED

2023-10-02 17:52:20 - [TEST_STEP][PASSED] - click(findTestObject(orPath_Summary + "/button_Proceed to Payment")): Object: 'Object Repository/RAD_Pages/Summary_Page/button_Proceed to Payment' is clicked on

2023-10-02 17:52:21 - [MESSAGE][PASSED] - Object: 'Object Repository/RAD_Pages/Summary_Page/button_Proceed to Payment' is clicked on

2023-10-02 17:52:21 - [TEST_STEP][PASSED] - ExecuteTC = findTestData(dataFile).getValue("Execute", row): null

2023-10-02 17:52:21 - [TEST_STEP][PASSED] - TaxType = findTestData(dataFile).getValue("TaxType", row): null

2023-10-02 17:52:21 - [TEST_STEP][PASSED] - PaymentType = findTestData(dataFile).getValue("PaymentType", row): null

2023-10-02 17:52:21 - [TEST_STEP][PASSED] - FilingYear = findTestData(dataFile).getValue("Year", row): null

2023-10-02 17:52:21 - [TEST_STEP][PASSED] - PeriodEndingMonth = findTestData(dataFile).getValue("Month", row): null

2023-10-02 17:52:22 - [TEST_STEP][PASSED] - feinSSN = findTestData(dataFile).getValue("FeinSsn", row): null

2023-10-02 17:52:22 - [TEST_STEP][PASSED] - if (ExecuteTC.equalsIgnoreCase("Y")): Object: 'Object Repository/RAD_Pages/Summary_Page/button_Proceed to Payment' is clicked on

2023-10-02 17:52:22 - [TEST_STEP][PASSED] - out.println("Begin Record Number: " + row): null

2023-10-02 17:52:22 - [TEST_STEP][PASSED] - today = new java.util.Date(): null

2023-10-02 17:52:22 - [TEST_STEP][PASSED] - println(today): null

2023-10-02 17:52:22 - [TEST_STEP][PASSED] - datText = today: null

2023-10-02 17:52:22 - [TEST_STEP][PASSED] - logInfo("Payment Type: Quarterly Estimated Tax"): Payment Type: Quarterly Estimated Tax

2023-10-02 17:52:22 - [MESSAGE][INFO] - Payment Type: Quarterly Estimated Tax

2023-10-02 17:52:22 - [TEST_STEP][PASSED] - logInfo("Tax Type: " + TaxType): Tax Type: Fiduciary Tax

2023-10-02 17:52:22 - [MESSAGE][INFO] - Tax Type: Fiduciary Tax

2023-10-02 17:52:22 - [TEST_STEP][PASSED] - openBrowser(""): Browser is opened with url: ''

2023-10-02 17:52:22 - [MESSAGE][WARNING] - A browser is already opened. Closing browser and opening a new one

2023-10-02 17:52:23 - [MESSAGE][INFO] - Starting 'Chrome' driver

2023-10-02 17:52:23 - [MESSAGE][INFO] - User set preference: ['acceptInsecureCerts', 'true']

2023-10-02 17:52:23 - [MESSAGE][INFO] - Action delay is set to 0 milliseconds

2023-10-02 17:52:24 - [MESSAGE][PASSED] - Browser is opened with url: ''

2023-10-02 17:52:24 - [TEST_STEP][PASSED] - maximizeWindow(): Current window maximized

2023-10-02 17:52:24 - [MESSAGE][PASSED] - Current window maximized

2023-10-02 17:52:24 - [TEST_STEP][PASSED] - navigateToUrl(RADurl): Navigate to 'https://demo.velocitypayment.com/client/rad/index.html' successfully

2023-10-02 17:52:26 - [MESSAGE][PASSED] - Navigate to 'https://demo.velocitypayment.com/client/rad/index.html' successfully

2023-10-02 17:52:26 - [TEST_STEP][PASSED] - selectOptionByLabel(findTestObject(orPath_Landing + "/dd_TaxType"), "Quarterly Estimated Tax", false): All options with label 'Quarterly Estimated Tax' are selected in object 'Object Repository/RAD_Pages/Landing_Page/dd_TaxType' 

2023-10-02 17:52:27 - [MESSAGE][PASSED] - All options with label 'Quarterly Estimated Tax' are selected in object 'Object Repository/RAD_Pages/Landing_Page/dd_TaxType' 

2023-10-02 17:52:27 - [TEST_STEP][PASSED] - selectOptionByLabel(findTestObject(orPath_TaxTypeFilingYear + "/select_PaymentType"), TaxType, false): All options with label 'Fiduciary Tax' are selected in object 'Object Repository/RAD_Pages/TaxTypeFilingYear_Page/select_PaymentType' 

2023-10-02 17:52:28 - [MESSAGE][PASSED] - All options with label 'Fiduciary Tax' are selected in object 'Object Repository/RAD_Pages/TaxTypeFilingYear_Page/select_PaymentType' 

2023-10-02 17:52:28 - [TEST_STEP][PASSED] - selectOptionByLabel(findTestObject(orPath_TaxTypeFilingYear + "/select_FilingYear"), FilingYear, false): All options with label '2023' are selected in object 'Object Repository/RAD_Pages/TaxTypeFilingYear_Page/select_FilingYear' 

2023-10-02 17:52:29 - [MESSAGE][PASSED] - All options with label '2023' are selected in object 'Object Repository/RAD_Pages/TaxTypeFilingYear_Page/select_FilingYear' 

2023-10-02 17:52:29 - [TEST_STEP][PASSED] - selectOptionByLabel(findTestObject(orPath_TaxTypeFilingYear + "/select_PeriodEnding"), PeriodEndingMonth, false): All options with label 'May' are selected in object 'Object Repository/RAD_Pages/TaxTypeFilingYear_Page/select_PeriodEnding' 

2023-10-02 17:52:29 - [MESSAGE][PASSED] - All options with label 'May' are selected in object 'Object Repository/RAD_Pages/TaxTypeFilingYear_Page/select_PeriodEnding' 

2023-10-02 17:52:29 - [TEST_STEP][PASSED] - rad.getSetDataRAD.setDataRADBusinessName(): rad.getSetDataRAD.setDataRADBusinessName is PASSED

2023-10-02 17:52:30 - [MESSAGE][PASSED] - Text 'My Company' is set on object 'Object Repository/RAD_Pages/Taxpayer_Page/input_businessName'

2023-10-02 17:52:30 - [MESSAGE][PASSED] - rad.getSetDataRAD.setDataRADBusinessName is PASSED

2023-10-02 17:52:30 - [TEST_STEP][PASSED] - rad.getSetDataRAD.setDataRADBusinessRep(): rad.getSetDataRAD.setDataRADBusinessRep is PASSED

2023-10-02 17:52:32 - [MESSAGE][PASSED] - Text 'BusRepFname' is set on object 'Object Repository/RAD_Pages/Taxpayer_Page/input_BusinessRepfirstName'

2023-10-02 17:52:33 - [MESSAGE][PASSED] - Text '' is set on object 'Object Repository/RAD_Pages/Taxpayer_Page/input_BusinessRepmiddleName'

2023-10-02 17:52:33 - [MESSAGE][PASSED] - Text 'BusRepLname' is set on object 'Object Repository/RAD_Pages/Taxpayer_Page/input_BusinessReplastName'

2023-10-02 17:52:34 - [MESSAGE][PASSED] - Text '' is set on object 'Object Repository/RAD_Pages/Taxpayer_Page/input_BusinessRepsuffix'

2023-10-02 17:52:34 - [MESSAGE][PASSED] - rad.getSetDataRAD.setDataRADBusinessRep is PASSED

2023-10-02 17:52:34 - [TEST_STEP][PASSED] - rad.getSetDataRAD.setDataRADAddress(): rad.getSetDataRAD.setDataRADAddress is PASSED

2023-10-02 17:52:35 - [MESSAGE][PASSED] - All options with label 'United States' are selected in object 'Object Repository/RAD_Pages/AddressAndContactInfo_Page/select_Country' 

2023-10-02 17:52:36 - [MESSAGE][PASSED] - Text '2508 Mandan Terrace' is set on object 'Object Repository/RAD_Pages/AddressAndContactInfo_Page/input_streetAddress1'

2023-10-02 17:52:37 - [MESSAGE][PASSED] - Text '' is set on object 'Object Repository/RAD_Pages/AddressAndContactInfo_Page/input_streetAddress2'

2023-10-02 17:52:38 - [MESSAGE][PASSED] - Text 'Gambrills' is set on object 'Object Repository/RAD_Pages/AddressAndContactInfo_Page/input_city'

2023-10-02 17:52:38 - [MESSAGE][PASSED] - All options with label 'Maryland' are selected in object 'Object Repository/RAD_Pages/AddressAndContactInfo_Page/select_State' 

2023-10-02 17:52:39 - [MESSAGE][PASSED] - Text '21054' is set on object 'Object Repository/RAD_Pages/AddressAndContactInfo_Page/input_zipCode'

2023-10-02 17:52:40 - [MESSAGE][PASSED] - Text '(703) 894-5000' is set on object 'Object Repository/RAD_Pages/AddressAndContactInfo_Page/input_phoneNumber'

2023-10-02 17:52:41 - [MESSAGE][PASSED] - Text 'iahmed@govolution.com' is set on object 'Object Repository/RAD_Pages/AddressAndContactInfo_Page/input_eMailAddress'

2023-10-02 17:52:42 - [MESSAGE][PASSED] - Text 'iahmed@govolution.com' is set on object 'Object Repository/RAD_Pages/AddressAndContactInfo_Page/input_reEnterEMailAddress'

2023-10-02 17:52:42 - [MESSAGE][PASSED] - rad.getSetDataRAD.setDataRADAddress is PASSED

2023-10-02 17:52:42 - [TEST_STEP][PASSED] - if (feinSSN.equalsIgnoreCase("Y")): null

2023-10-02 17:52:42 - [TEST_STEP][PASSED] - else: rad.getSetDataRAD.setDataRADFEIN is PASSED

2023-10-02 17:52:42 - [TEST_STEP][PASSED] - rad.getSetDataRAD.setDataRADFEIN(): rad.getSetDataRAD.setDataRADFEIN is PASSED

2023-10-02 17:52:43 - [MESSAGE][PASSED] - Text ****** has been set on object 'Object Repository/RAD_Pages/TaxInfo_Page/input_FederalEIN'

2023-10-02 17:52:44 - [MESSAGE][PASSED] - Text ****** has been set on object 'Object Repository/RAD_Pages/TaxInfo_Page/input_FederalEIN_ReEnter'

2023-10-02 17:52:44 - [MESSAGE][PASSED] - rad.getSetDataRAD.setDataRADFEIN is PASSED

2023-10-02 17:52:44 - [TEST_STEP][PASSED] - setText(findTestObject(orPath_Amount + "/input__paymentAmount"), "100.00"): Text '100.00' is set on object 'Object Repository/RAD_Pages/PaymentAmount_Page/input__paymentAmount'

2023-10-02 17:52:45 - [MESSAGE][PASSED] - Text '100.00' is set on object 'Object Repository/RAD_Pages/PaymentAmount_Page/input__paymentAmount'

2023-10-02 17:52:45 - [TEST_STEP][PASSED] - setText(findTestObject(orPath_AddressContact + "/input_streetAddress2"), ""): Text '' is set on object 'Object Repository/RAD_Pages/AddressAndContactInfo_Page/input_streetAddress2'

2023-10-02 17:52:45 - [MESSAGE][PASSED] - Text '' is set on object 'Object Repository/RAD_Pages/AddressAndContactInfo_Page/input_streetAddress2'

2023-10-02 17:52:45 - [TEST_STEP][PASSED] - scrollToElement(findTestObject(orPath_Landing + "/button_Continue"), 3): Scroll to object 'Object Repository/RAD_Pages/Landing_Page/button_Continue' successfully

2023-10-02 17:52:46 - [MESSAGE][PASSED] - Scroll to object 'Object Repository/RAD_Pages/Landing_Page/button_Continue' successfully

2023-10-02 17:52:46 - [TEST_STEP][PASSED] - waitForElementClickable(findTestObject(orPath_Landing + "/button_Continue"), 5): Object 'Object Repository/RAD_Pages/Landing_Page/button_Continue' is clickable

2023-10-02 17:52:46 - [MESSAGE][PASSED] - Object 'Object Repository/RAD_Pages/Landing_Page/button_Continue' is clickable

2023-10-02 17:52:46 - [TEST_STEP][PASSED] - click(findTestObject(orPath_Landing + "/button_Continue")): Object: 'Object Repository/RAD_Pages/Landing_Page/button_Continue' is clicked on

2023-10-02 17:52:47 - [MESSAGE][PASSED] - Object: 'Object Repository/RAD_Pages/Landing_Page/button_Continue' is clicked on

2023-10-02 17:52:47 - [TEST_STEP][PASSED] - delay(2): Delayed 2 second(s)

2023-10-02 17:52:49 - [MESSAGE][PASSED] - Delayed 2 second(s)

2023-10-02 17:52:49 - [TEST_STEP][PASSED] - verifyTextPresent("Summary", true): Text 'Summary' is present on page  using regular expression

2023-10-02 17:52:49 - [MESSAGE][PASSED] - Text 'Summary' is present on page  using regular expression

2023-10-02 17:52:49 - [TEST_STEP][PASSED] - verifyTextPresent("Review the information below and make any necessary corrections by clicking the", true): Text 'Review the information below and make any necessary corrections by clicking the' is present on page  using regular expression

2023-10-02 17:52:49 - [MESSAGE][PASSED] - Text 'Review the information below and make any necessary corrections by clicking the' is present on page  using regular expression

2023-10-02 17:52:49 - [TEST_STEP][PASSED] - verifyTextPresent("When you are confident that all the information is correct, click the", true): Text 'When you are confident that all the information is correct, click the' is present on page  using regular expression

2023-10-02 17:52:50 - [MESSAGE][PASSED] - Text 'When you are confident that all the information is correct, click the' is present on page  using regular expression

2023-10-02 17:52:50 - [TEST_STEP][PASSED] - verifyTextPresent("Payment Type/Filing Year", true): Text 'Payment Type/Filing Year' is present on page  using regular expression

2023-10-02 17:52:50 - [MESSAGE][PASSED] - Text 'Payment Type/Filing Year' is present on page  using regular expression

2023-10-02 17:52:50 - [TEST_STEP][PASSED] - verifyTextPresent("Payment Type:", true): Text 'Payment Type:' is present on page  using regular expression

2023-10-02 17:52:51 - [MESSAGE][PASSED] - Text 'Payment Type:' is present on page  using regular expression

2023-10-02 17:52:51 - [TEST_STEP][PASSED] - verifyTextPresent("Quarterly Estimated Tax", true): Text 'Quarterly Estimated Tax' is present on page  using regular expression

2023-10-02 17:52:51 - [MESSAGE][PASSED] - Text 'Quarterly Estimated Tax' is present on page  using regular expression

2023-10-02 17:52:51 - [TEST_STEP][PASSED] - verifyTextPresent("Filing Year:", true): Text 'Filing Year:' is present on page  using regular expression

2023-10-02 17:52:51 - [MESSAGE][PASSED] - Text 'Filing Year:' is present on page  using regular expression

2023-10-02 17:52:51 - [TEST_STEP][PASSED] - verifyTextPresent(FilingYear, true): Text '2023' is present on page  using regular expression

2023-10-02 17:52:52 - [MESSAGE][PASSED] - Text '2023' is present on page  using regular expression

2023-10-02 17:52:52 - [TEST_STEP][PASSED] - verifyTextPresent("Period Ending:", true): Text 'Period Ending:' is present on page  using regular expression

2023-10-02 17:52:52 - [MESSAGE][PASSED] - Text 'Period Ending:' is present on page  using regular expression

2023-10-02 17:52:52 - [TEST_STEP][PASSED] - verifyTextPresent(PeriodEndingMonth, true): Text 'May' is present on page  using regular expression

2023-10-02 17:52:52 - [MESSAGE][PASSED] - Text 'May' is present on page  using regular expression

2023-10-02 17:52:52 - [TEST_STEP][PASSED] - verifyTextPresent("Payer Information", true): Text 'Payer Information' is present on page  using regular expression

2023-10-02 17:52:53 - [MESSAGE][PASSED] - Text 'Payer Information' is present on page  using regular expression

2023-10-02 17:52:53 - [TEST_STEP][PASSED] - verifyTextPresent("Taxpayer Name:", true): Text 'Taxpayer Name:' is present on page  using regular expression

2023-10-02 17:52:53 - [MESSAGE][PASSED] - Text 'Taxpayer Name:' is present on page  using regular expression

2023-10-02 17:52:53 - [TEST_STEP][PASSED] - verifyTextPresent("My Company", true): Text 'My Company' is present on page  using regular expression

2023-10-02 17:52:54 - [MESSAGE][PASSED] - Text 'My Company' is present on page  using regular expression

2023-10-02 17:52:54 - [TEST_STEP][PASSED] - verifyTextPresent("Business Rep Name:", true): Text 'Business Rep Name:' is present on page  using regular expression

2023-10-02 17:52:54 - [MESSAGE][PASSED] - Text 'Business Rep Name:' is present on page  using regular expression

2023-10-02 17:52:54 - [TEST_STEP][PASSED] - verifyTextPresent("BusRepFname BusRepLname", true): Text 'BusRepFname BusRepLname' is present on page  using regular expression

2023-10-02 17:52:54 - [MESSAGE][PASSED] - Text 'BusRepFname BusRepLname' is present on page  using regular expression

2023-10-02 17:52:54 - [TEST_STEP][PASSED] - verifyTextPresent("Taxpayer Address:", true): Text 'Taxpayer Address:' is present on page  using regular expression

2023-10-02 17:52:55 - [MESSAGE][PASSED] - Text 'Taxpayer Address:' is present on page  using regular expression

2023-10-02 17:52:55 - [TEST_STEP][PASSED] - verifyTextPresent("2508 Mandan Terrace Gambrills Maryland 21054", true): Text '2508 Mandan Terrace Gambrills Maryland 21054' is present on page  using regular expression

2023-10-02 17:52:55 - [MESSAGE][PASSED] - Text '2508 Mandan Terrace Gambrills Maryland 21054' is present on page  using regular expression

2023-10-02 17:52:55 - [TEST_STEP][PASSED] - verifyTextPresent("Email:", true): Text 'Email:' is present on page  using regular expression

2023-10-02 17:52:55 - [MESSAGE][PASSED] - Text 'Email:' is present on page  using regular expression

2023-10-02 17:52:55 - [TEST_STEP][PASSED] - verifyTextPresent("iahmed@govolution.com", true): Text 'iahmed@govolution.com' is present on page  using regular expression

2023-10-02 17:52:56 - [MESSAGE][PASSED] - Text 'iahmed@govolution.com' is present on page  using regular expression

2023-10-02 17:52:56 - [TEST_STEP][PASSED] - verifyTextPresent("Phone:", true): Text 'Phone:' is present on page  using regular expression

2023-10-02 17:52:56 - [MESSAGE][PASSED] - Text 'Phone:' is present on page  using regular expression

2023-10-02 17:52:56 - [TEST_STEP][PASSED] - verifyTextPresent("(703) 894-5000", false): Text '(703) 894-5000' is present on page 

2023-10-02 17:52:57 - [MESSAGE][PASSED] - Text '(703) 894-5000' is present on page 

2023-10-02 17:52:57 - [TEST_STEP][PASSED] - verifyTextPresent("Tax Information", true): Text 'Tax Information' is present on page  using regular expression

2023-10-02 17:52:57 - [MESSAGE][PASSED] - Text 'Tax Information' is present on page  using regular expression

2023-10-02 17:52:57 - [TEST_STEP][PASSED] - if (feinSSN.equalsIgnoreCase("Y")): null

2023-10-02 17:52:57 - [TEST_STEP][PASSED] - else: Text 'FEIN/SSN:' is not present on page using regular expression

2023-10-02 17:52:57 - [TEST_STEP][PASSED] - verifyTextPresent("Federal EIN:", true): Text 'Federal EIN:' is present on page  using regular expression

2023-10-02 17:52:57 - [MESSAGE][PASSED] - Text 'Federal EIN:' is present on page  using regular expression

2023-10-02 17:52:57 - [TEST_STEP][PASSED] - verifyTextNotPresent("FEIN/SSN:", true): Text 'FEIN/SSN:' is not present on page using regular expression

2023-10-02 17:52:58 - [MESSAGE][PASSED] - Text 'FEIN/SSN:' is not present on page using regular expression

2023-10-02 17:52:58 - [TEST_STEP][PASSED] - verifyTextPresent("Payment Amount:", true): Text 'Payment Amount:' is present on page  using regular expression

2023-10-02 17:52:58 - [MESSAGE][PASSED] - Text 'Payment Amount:' is present on page  using regular expression

2023-10-02 17:52:58 - [TEST_STEP][PASSED] - verifyTextPresent("100.00", true): Text '100.00' is present on page  using regular expression

2023-10-02 17:52:58 - [MESSAGE][PASSED] - Text '100.00' is present on page  using regular expression

2023-10-02 17:52:58 - [TEST_STEP][PASSED] - if (verifyElementVisible(findTestObject(orPath_Summary + "/button_Proceed to Payment"))): null

2023-10-02 17:52:59 - [MESSAGE][PASSED] - Object 'Object Repository/RAD_Pages/Summary_Page/button_Proceed to Payment' is visible

2023-10-02 17:52:59 - [TEST_STEP][PASSED] - resText = "Pass": null

2023-10-02 17:52:59 - [TEST_STEP][PASSED] - pages.WriteExcel.demoKey(resText, datText, resColumn, datCloumn, fileLoc, nameSheet, row): pages.WriteExcel.demoKey is PASSED

2023-10-02 17:52:59 - [MESSAGE][PASSED] - pages.WriteExcel.demoKey is PASSED

2023-10-02 17:52:59 - [TEST_STEP][PASSED] - click(findTestObject(orPath_Summary + "/button_Proceed to Payment")): Object: 'Object Repository/RAD_Pages/Summary_Page/button_Proceed to Payment' is clicked on

2023-10-02 17:53:00 - [MESSAGE][PASSED] - Object: 'Object Repository/RAD_Pages/Summary_Page/button_Proceed to Payment' is clicked on

2023-10-02 17:53:00 - [TEST_STEP][PASSED] - ExecuteTC = findTestData(dataFile).getValue("Execute", row): null

2023-10-02 17:53:00 - [TEST_STEP][PASSED] - TaxType = findTestData(dataFile).getValue("TaxType", row): null

2023-10-02 17:53:00 - [TEST_STEP][PASSED] - PaymentType = findTestData(dataFile).getValue("PaymentType", row): null

2023-10-02 17:53:00 - [TEST_STEP][PASSED] - FilingYear = findTestData(dataFile).getValue("Year", row): null

2023-10-02 17:53:00 - [TEST_STEP][PASSED] - PeriodEndingMonth = findTestData(dataFile).getValue("Month", row): null

2023-10-02 17:53:00 - [TEST_STEP][PASSED] - feinSSN = findTestData(dataFile).getValue("FeinSsn", row): null

2023-10-02 17:53:01 - [TEST_STEP][PASSED] - if (ExecuteTC.equalsIgnoreCase("Y")): Object: 'Object Repository/RAD_Pages/Summary_Page/button_Proceed to Payment' is clicked on

2023-10-02 17:53:01 - [TEST_STEP][PASSED] - out.println("Begin Record Number: " + row): null

2023-10-02 17:53:01 - [TEST_STEP][PASSED] - today = new java.util.Date(): null

2023-10-02 17:53:01 - [TEST_STEP][PASSED] - println(today): null

2023-10-02 17:53:01 - [TEST_STEP][PASSED] - datText = today: null

2023-10-02 17:53:01 - [TEST_STEP][PASSED] - logInfo("Payment Type: Quarterly Estimated Tax"): Payment Type: Quarterly Estimated Tax

2023-10-02 17:53:01 - [MESSAGE][INFO] - Payment Type: Quarterly Estimated Tax

2023-10-02 17:53:01 - [TEST_STEP][PASSED] - logInfo("Tax Type: " + TaxType): Tax Type: PTE Non-Electing Non-S Corp

2023-10-02 17:53:01 - [MESSAGE][INFO] - Tax Type: PTE Non-Electing Non-S Corp

2023-10-02 17:53:01 - [TEST_STEP][PASSED] - openBrowser(""): Browser is opened with url: ''

2023-10-02 17:53:01 - [MESSAGE][WARNING] - A browser is already opened. Closing browser and opening a new one

2023-10-02 17:53:01 - [MESSAGE][INFO] - Starting 'Chrome' driver

2023-10-02 17:53:01 - [MESSAGE][INFO] - User set preference: ['acceptInsecureCerts', 'true']

2023-10-02 17:53:01 - [MESSAGE][INFO] - Action delay is set to 0 milliseconds

2023-10-02 17:53:03 - [MESSAGE][PASSED] - Browser is opened with url: ''

2023-10-02 17:53:03 - [TEST_STEP][PASSED] - maximizeWindow(): Current window maximized

2023-10-02 17:53:03 - [MESSAGE][PASSED] - Current window maximized

2023-10-02 17:53:03 - [TEST_STEP][PASSED] - navigateToUrl(RADurl): Navigate to 'https://demo.velocitypayment.com/client/rad/index.html' successfully

2023-10-02 17:53:04 - [MESSAGE][PASSED] - Navigate to 'https://demo.velocitypayment.com/client/rad/index.html' successfully

2023-10-02 17:53:04 - [TEST_STEP][PASSED] - selectOptionByLabel(findTestObject(orPath_Landing + "/dd_TaxType"), "Quarterly Estimated Tax", false): All options with label 'Quarterly Estimated Tax' are selected in object 'Object Repository/RAD_Pages/Landing_Page/dd_TaxType' 

2023-10-02 17:53:05 - [MESSAGE][PASSED] - All options with label 'Quarterly Estimated Tax' are selected in object 'Object Repository/RAD_Pages/Landing_Page/dd_TaxType' 

2023-10-02 17:53:05 - [TEST_STEP][PASSED] - selectOptionByLabel(findTestObject(orPath_TaxTypeFilingYear + "/select_PaymentType"), TaxType, false): All options with label 'PTE Non-Electing Non-S Corp' are selected in object 'Object Repository/RAD_Pages/TaxTypeFilingYear_Page/select_PaymentType' 

2023-10-02 17:53:06 - [MESSAGE][PASSED] - All options with label 'PTE Non-Electing Non-S Corp' are selected in object 'Object Repository/RAD_Pages/TaxTypeFilingYear_Page/select_PaymentType' 

2023-10-02 17:53:06 - [TEST_STEP][PASSED] - selectOptionByLabel(findTestObject(orPath_TaxTypeFilingYear + "/select_FilingYear"), FilingYear, false): All options with label '2023' are selected in object 'Object Repository/RAD_Pages/TaxTypeFilingYear_Page/select_FilingYear' 

2023-10-02 17:53:07 - [MESSAGE][PASSED] - All options with label '2023' are selected in object 'Object Repository/RAD_Pages/TaxTypeFilingYear_Page/select_FilingYear' 

2023-10-02 17:53:07 - [TEST_STEP][PASSED] - selectOptionByLabel(findTestObject(orPath_TaxTypeFilingYear + "/select_PeriodEnding"), PeriodEndingMonth, false): All options with label 'August' are selected in object 'Object Repository/RAD_Pages/TaxTypeFilingYear_Page/select_PeriodEnding' 

2023-10-02 17:53:07 - [MESSAGE][PASSED] - All options with label 'August' are selected in object 'Object Repository/RAD_Pages/TaxTypeFilingYear_Page/select_PeriodEnding' 

2023-10-02 17:53:07 - [TEST_STEP][PASSED] - rad.getSetDataRAD.setDataRADBusinessName(): rad.getSetDataRAD.setDataRADBusinessName is PASSED

2023-10-02 17:53:08 - [MESSAGE][PASSED] - Text 'My Company' is set on object 'Object Repository/RAD_Pages/Taxpayer_Page/input_businessName'

2023-10-02 17:53:08 - [MESSAGE][PASSED] - rad.getSetDataRAD.setDataRADBusinessName is PASSED

2023-10-02 17:53:08 - [TEST_STEP][PASSED] - rad.getSetDataRAD.setDataRADBusinessRep(): rad.getSetDataRAD.setDataRADBusinessRep is PASSED

2023-10-02 17:53:10 - [MESSAGE][PASSED] - Text 'BusRepFname' is set on object 'Object Repository/RAD_Pages/Taxpayer_Page/input_BusinessRepfirstName'

2023-10-02 17:53:11 - [MESSAGE][PASSED] - Text '' is set on object 'Object Repository/RAD_Pages/Taxpayer_Page/input_BusinessRepmiddleName'

2023-10-02 17:53:12 - [MESSAGE][PASSED] - Text 'BusRepLname' is set on object 'Object Repository/RAD_Pages/Taxpayer_Page/input_BusinessReplastName'

2023-10-02 17:53:13 - [MESSAGE][PASSED] - Text '' is set on object 'Object Repository/RAD_Pages/Taxpayer_Page/input_BusinessRepsuffix'

2023-10-02 17:53:13 - [MESSAGE][PASSED] - rad.getSetDataRAD.setDataRADBusinessRep is PASSED

2023-10-02 17:53:13 - [TEST_STEP][PASSED] - rad.getSetDataRAD.setDataRADAddress(): rad.getSetDataRAD.setDataRADAddress is PASSED

2023-10-02 17:53:13 - [MESSAGE][PASSED] - All options with label 'United States' are selected in object 'Object Repository/RAD_Pages/AddressAndContactInfo_Page/select_Country' 

2023-10-02 17:53:14 - [MESSAGE][PASSED] - Text '2508 Mandan Terrace' is set on object 'Object Repository/RAD_Pages/AddressAndContactInfo_Page/input_streetAddress1'

2023-10-02 17:53:15 - [MESSAGE][PASSED] - Text '' is set on object 'Object Repository/RAD_Pages/AddressAndContactInfo_Page/input_streetAddress2'

2023-10-02 17:53:16 - [MESSAGE][PASSED] - Text 'Gambrills' is set on object 'Object Repository/RAD_Pages/AddressAndContactInfo_Page/input_city'

2023-10-02 17:53:17 - [MESSAGE][PASSED] - All options with label 'Maryland' are selected in object 'Object Repository/RAD_Pages/AddressAndContactInfo_Page/select_State' 

2023-10-02 17:53:17 - [MESSAGE][PASSED] - Text '21054' is set on object 'Object Repository/RAD_Pages/AddressAndContactInfo_Page/input_zipCode'

2023-10-02 17:53:18 - [MESSAGE][PASSED] - Text '(703) 894-5000' is set on object 'Object Repository/RAD_Pages/AddressAndContactInfo_Page/input_phoneNumber'

2023-10-02 17:53:19 - [MESSAGE][PASSED] - Text 'iahmed@govolution.com' is set on object 'Object Repository/RAD_Pages/AddressAndContactInfo_Page/input_eMailAddress'

2023-10-02 17:53:20 - [MESSAGE][PASSED] - Text 'iahmed@govolution.com' is set on object 'Object Repository/RAD_Pages/AddressAndContactInfo_Page/input_reEnterEMailAddress'

2023-10-02 17:53:20 - [MESSAGE][PASSED] - rad.getSetDataRAD.setDataRADAddress is PASSED

2023-10-02 17:53:20 - [TEST_STEP][PASSED] - if (feinSSN.equalsIgnoreCase("Y")): rad.getSetDataRAD.setDataRADFEINSSN is PASSED

2023-10-02 17:53:20 - [TEST_STEP][PASSED] - rad.getSetDataRAD.setDataRADFEINSSN(): rad.getSetDataRAD.setDataRADFEINSSN is PASSED

2023-10-02 17:53:21 - [MESSAGE][PASSED] - Text ****** has been set on object 'Object Repository/RAD_Pages/TaxInfo_Page/input_TaxInformation_feinSsn'

2023-10-02 17:53:22 - [MESSAGE][PASSED] - Text ****** has been set on object 'Object Repository/RAD_Pages/TaxInfo_Page/input_TaxInformation_RefeinSsn'

2023-10-02 17:53:22 - [MESSAGE][PASSED] - rad.getSetDataRAD.setDataRADFEINSSN is PASSED

2023-10-02 17:53:22 - [TEST_STEP][PASSED] - setText(findTestObject(orPath_Amount + "/input__paymentAmount"), "100.00"): Text '100.00' is set on object 'Object Repository/RAD_Pages/PaymentAmount_Page/input__paymentAmount'

2023-10-02 17:53:23 - [MESSAGE][PASSED] - Text '100.00' is set on object 'Object Repository/RAD_Pages/PaymentAmount_Page/input__paymentAmount'

2023-10-02 17:53:23 - [TEST_STEP][PASSED] - setText(findTestObject(orPath_AddressContact + "/input_streetAddress2"), ""): Text '' is set on object 'Object Repository/RAD_Pages/AddressAndContactInfo_Page/input_streetAddress2'

2023-10-02 17:53:24 - [MESSAGE][PASSED] - Text '' is set on object 'Object Repository/RAD_Pages/AddressAndContactInfo_Page/input_streetAddress2'

2023-10-02 17:53:24 - [TEST_STEP][PASSED] - scrollToElement(findTestObject(orPath_Landing + "/button_Continue"), 3): Scroll to object 'Object Repository/RAD_Pages/Landing_Page/button_Continue' successfully

2023-10-02 17:53:24 - [MESSAGE][PASSED] - Scroll to object 'Object Repository/RAD_Pages/Landing_Page/button_Continue' successfully

2023-10-02 17:53:24 - [TEST_STEP][PASSED] - waitForElementClickable(findTestObject(orPath_Landing + "/button_Continue"), 5): Object 'Object Repository/RAD_Pages/Landing_Page/button_Continue' is clickable

2023-10-02 17:53:24 - [MESSAGE][PASSED] - Object 'Object Repository/RAD_Pages/Landing_Page/button_Continue' is clickable

2023-10-02 17:53:24 - [TEST_STEP][PASSED] - click(findTestObject(orPath_Landing + "/button_Continue")): Object: 'Object Repository/RAD_Pages/Landing_Page/button_Continue' is clicked on

2023-10-02 17:53:25 - [MESSAGE][PASSED] - Object: 'Object Repository/RAD_Pages/Landing_Page/button_Continue' is clicked on

2023-10-02 17:53:25 - [TEST_STEP][PASSED] - delay(2): Delayed 2 second(s)

2023-10-02 17:53:27 - [MESSAGE][PASSED] - Delayed 2 second(s)

2023-10-02 17:53:27 - [TEST_STEP][PASSED] - verifyTextPresent("Summary", true): Text 'Summary' is present on page  using regular expression

2023-10-02 17:53:27 - [MESSAGE][PASSED] - Text 'Summary' is present on page  using regular expression

2023-10-02 17:53:27 - [TEST_STEP][PASSED] - verifyTextPresent("Review the information below and make any necessary corrections by clicking the", true): Text 'Review the information below and make any necessary corrections by clicking the' is present on page  using regular expression

2023-10-02 17:53:28 - [MESSAGE][PASSED] - Text 'Review the information below and make any necessary corrections by clicking the' is present on page  using regular expression

2023-10-02 17:53:28 - [TEST_STEP][PASSED] - verifyTextPresent("When you are confident that all the information is correct, click the", true): Text 'When you are confident that all the information is correct, click the' is present on page  using regular expression

2023-10-02 17:53:28 - [MESSAGE][PASSED] - Text 'When you are confident that all the information is correct, click the' is present on page  using regular expression

2023-10-02 17:53:28 - [TEST_STEP][PASSED] - verifyTextPresent("Payment Type/Filing Year", true): Text 'Payment Type/Filing Year' is present on page  using regular expression

2023-10-02 17:53:28 - [MESSAGE][PASSED] - Text 'Payment Type/Filing Year' is present on page  using regular expression

2023-10-02 17:53:28 - [TEST_STEP][PASSED] - verifyTextPresent("Payment Type:", true): Text 'Payment Type:' is present on page  using regular expression

2023-10-02 17:53:29 - [MESSAGE][PASSED] - Text 'Payment Type:' is present on page  using regular expression

2023-10-02 17:53:29 - [TEST_STEP][PASSED] - verifyTextPresent("Quarterly Estimated Tax", true): Text 'Quarterly Estimated Tax' is present on page  using regular expression

2023-10-02 17:53:29 - [MESSAGE][PASSED] - Text 'Quarterly Estimated Tax' is present on page  using regular expression

2023-10-02 17:53:29 - [TEST_STEP][PASSED] - verifyTextPresent("Filing Year:", true): Text 'Filing Year:' is present on page  using regular expression

2023-10-02 17:53:30 - [MESSAGE][PASSED] - Text 'Filing Year:' is present on page  using regular expression

2023-10-02 17:53:30 - [TEST_STEP][PASSED] - verifyTextPresent(FilingYear, true): Text '2023' is present on page  using regular expression

2023-10-02 17:53:30 - [MESSAGE][PASSED] - Text '2023' is present on page  using regular expression

2023-10-02 17:53:30 - [TEST_STEP][PASSED] - verifyTextPresent("Period Ending:", true): Text 'Period Ending:' is present on page  using regular expression

2023-10-02 17:53:30 - [MESSAGE][PASSED] - Text 'Period Ending:' is present on page  using regular expression

2023-10-02 17:53:30 - [TEST_STEP][PASSED] - verifyTextPresent(PeriodEndingMonth, true): Text 'August' is present on page  using regular expression

2023-10-02 17:53:31 - [MESSAGE][PASSED] - Text 'August' is present on page  using regular expression

2023-10-02 17:53:31 - [TEST_STEP][PASSED] - verifyTextPresent("Payer Information", true): Text 'Payer Information' is present on page  using regular expression

2023-10-02 17:53:31 - [MESSAGE][PASSED] - Text 'Payer Information' is present on page  using regular expression

2023-10-02 17:53:31 - [TEST_STEP][PASSED] - verifyTextPresent("Taxpayer Name:", true): Text 'Taxpayer Name:' is present on page  using regular expression

2023-10-02 17:53:31 - [MESSAGE][PASSED] - Text 'Taxpayer Name:' is present on page  using regular expression

2023-10-02 17:53:31 - [TEST_STEP][PASSED] - verifyTextPresent("My Company", true): Text 'My Company' is present on page  using regular expression

2023-10-02 17:53:32 - [MESSAGE][PASSED] - Text 'My Company' is present on page  using regular expression

2023-10-02 17:53:32 - [TEST_STEP][PASSED] - verifyTextPresent("Business Rep Name:", true): Text 'Business Rep Name:' is present on page  using regular expression

2023-10-02 17:53:32 - [MESSAGE][PASSED] - Text 'Business Rep Name:' is present on page  using regular expression

2023-10-02 17:53:32 - [TEST_STEP][PASSED] - verifyTextPresent("BusRepFname BusRepLname", true): Text 'BusRepFname BusRepLname' is present on page  using regular expression

2023-10-02 17:53:32 - [MESSAGE][PASSED] - Text 'BusRepFname BusRepLname' is present on page  using regular expression

2023-10-02 17:53:32 - [TEST_STEP][PASSED] - verifyTextPresent("Taxpayer Address:", true): Text 'Taxpayer Address:' is present on page  using regular expression

2023-10-02 17:53:33 - [MESSAGE][PASSED] - Text 'Taxpayer Address:' is present on page  using regular expression

2023-10-02 17:53:33 - [TEST_STEP][PASSED] - verifyTextPresent("2508 Mandan Terrace Gambrills Maryland 21054", true): Text '2508 Mandan Terrace Gambrills Maryland 21054' is present on page  using regular expression

2023-10-02 17:53:33 - [MESSAGE][PASSED] - Text '2508 Mandan Terrace Gambrills Maryland 21054' is present on page  using regular expression

2023-10-02 17:53:33 - [TEST_STEP][PASSED] - verifyTextPresent("Email:", true): Text 'Email:' is present on page  using regular expression

2023-10-02 17:53:33 - [MESSAGE][PASSED] - Text 'Email:' is present on page  using regular expression

2023-10-02 17:53:33 - [TEST_STEP][PASSED] - verifyTextPresent("iahmed@govolution.com", true): Text 'iahmed@govolution.com' is present on page  using regular expression

2023-10-02 17:53:34 - [MESSAGE][PASSED] - Text 'iahmed@govolution.com' is present on page  using regular expression

2023-10-02 17:53:34 - [TEST_STEP][PASSED] - verifyTextPresent("Phone:", true): Text 'Phone:' is present on page  using regular expression

2023-10-02 17:53:34 - [MESSAGE][PASSED] - Text 'Phone:' is present on page  using regular expression

2023-10-02 17:53:34 - [TEST_STEP][PASSED] - verifyTextPresent("(703) 894-5000", false): Text '(703) 894-5000' is present on page 

2023-10-02 17:53:34 - [MESSAGE][PASSED] - Text '(703) 894-5000' is present on page 

2023-10-02 17:53:34 - [TEST_STEP][PASSED] - verifyTextPresent("Tax Information", true): Text 'Tax Information' is present on page  using regular expression

2023-10-02 17:53:35 - [MESSAGE][PASSED] - Text 'Tax Information' is present on page  using regular expression

2023-10-02 17:53:35 - [TEST_STEP][PASSED] - if (feinSSN.equalsIgnoreCase("Y")): Text 'Federal EIN:' is not present on page using regular expression

2023-10-02 17:53:35 - [TEST_STEP][PASSED] - verifyTextPresent("FEIN/SSN:", true): Text 'FEIN/SSN:' is present on page  using regular expression

2023-10-02 17:53:35 - [MESSAGE][PASSED] - Text 'FEIN/SSN:' is present on page  using regular expression

2023-10-02 17:53:35 - [TEST_STEP][PASSED] - verifyTextNotPresent("Federal EIN:", true): Text 'Federal EIN:' is not present on page using regular expression

2023-10-02 17:53:35 - [MESSAGE][PASSED] - Text 'Federal EIN:' is not present on page using regular expression

2023-10-02 17:53:35 - [TEST_STEP][PASSED] - verifyTextPresent("Payment Amount:", true): Text 'Payment Amount:' is present on page  using regular expression

2023-10-02 17:53:36 - [MESSAGE][PASSED] - Text 'Payment Amount:' is present on page  using regular expression

2023-10-02 17:53:36 - [TEST_STEP][PASSED] - verifyTextPresent("100.00", true): Text '100.00' is present on page  using regular expression

2023-10-02 17:53:36 - [MESSAGE][PASSED] - Text '100.00' is present on page  using regular expression

2023-10-02 17:53:36 - [TEST_STEP][PASSED] - if (verifyElementVisible(findTestObject(orPath_Summary + "/button_Proceed to Payment"))): null

2023-10-02 17:53:37 - [MESSAGE][PASSED] - Object 'Object Repository/RAD_Pages/Summary_Page/button_Proceed to Payment' is visible

2023-10-02 17:53:37 - [TEST_STEP][PASSED] - resText = "Pass": null

2023-10-02 17:53:37 - [TEST_STEP][PASSED] - pages.WriteExcel.demoKey(resText, datText, resColumn, datCloumn, fileLoc, nameSheet, row): pages.WriteExcel.demoKey is PASSED

2023-10-02 17:53:37 - [MESSAGE][PASSED] - pages.WriteExcel.demoKey is PASSED

2023-10-02 17:53:37 - [TEST_STEP][PASSED] - click(findTestObject(orPath_Summary + "/button_Proceed to Payment")): Object: 'Object Repository/RAD_Pages/Summary_Page/button_Proceed to Payment' is clicked on

2023-10-02 17:53:38 - [MESSAGE][PASSED] - Object: 'Object Repository/RAD_Pages/Summary_Page/button_Proceed to Payment' is clicked on

2023-10-02 17:53:38 - [TEST_STEP][PASSED] - ExecuteTC = findTestData(dataFile).getValue("Execute", row): null

2023-10-02 17:53:38 - [TEST_STEP][PASSED] - TaxType = findTestData(dataFile).getValue("TaxType", row): null

2023-10-02 17:53:38 - [TEST_STEP][PASSED] - PaymentType = findTestData(dataFile).getValue("PaymentType", row): null

2023-10-02 17:53:38 - [TEST_STEP][PASSED] - FilingYear = findTestData(dataFile).getValue("Year", row): null

2023-10-02 17:53:38 - [TEST_STEP][PASSED] - PeriodEndingMonth = findTestData(dataFile).getValue("Month", row): null

2023-10-02 17:53:38 - [TEST_STEP][PASSED] - feinSSN = findTestData(dataFile).getValue("FeinSsn", row): null

2023-10-02 17:53:38 - [TEST_STEP][PASSED] - if (ExecuteTC.equalsIgnoreCase("Y")): Object: 'Object Repository/RAD_Pages/Summary_Page/button_Proceed to Payment' is clicked on

2023-10-02 17:53:38 - [TEST_STEP][PASSED] - out.println("Begin Record Number: " + row): null

2023-10-02 17:53:38 - [TEST_STEP][PASSED] - today = new java.util.Date(): null

2023-10-02 17:53:38 - [TEST_STEP][PASSED] - println(today): null

2023-10-02 17:53:38 - [TEST_STEP][PASSED] - datText = today: null

2023-10-02 17:53:38 - [TEST_STEP][PASSED] - logInfo("Payment Type: Quarterly Estimated Tax"): Payment Type: Quarterly Estimated Tax

2023-10-02 17:53:38 - [MESSAGE][INFO] - Payment Type: Quarterly Estimated Tax

2023-10-02 17:53:38 - [TEST_STEP][PASSED] - logInfo("Tax Type: " + TaxType): Tax Type: PTE Non-Electing S Corp

2023-10-02 17:53:38 - [MESSAGE][INFO] - Tax Type: PTE Non-Electing S Corp

2023-10-02 17:53:38 - [TEST_STEP][PASSED] - openBrowser(""): Browser is opened with url: ''

2023-10-02 17:53:38 - [MESSAGE][WARNING] - A browser is already opened. Closing browser and opening a new one

2023-10-02 17:53:39 - [MESSAGE][INFO] - Starting 'Chrome' driver

2023-10-02 17:53:39 - [MESSAGE][INFO] - User set preference: ['acceptInsecureCerts', 'true']

2023-10-02 17:53:39 - [MESSAGE][INFO] - Action delay is set to 0 milliseconds

2023-10-02 17:53:41 - [MESSAGE][PASSED] - Browser is opened with url: ''

2023-10-02 17:53:41 - [TEST_STEP][PASSED] - maximizeWindow(): Current window maximized

2023-10-02 17:53:41 - [MESSAGE][PASSED] - Current window maximized

2023-10-02 17:53:41 - [TEST_STEP][PASSED] - navigateToUrl(RADurl): Navigate to 'https://demo.velocitypayment.com/client/rad/index.html' successfully

2023-10-02 17:53:42 - [MESSAGE][PASSED] - Navigate to 'https://demo.velocitypayment.com/client/rad/index.html' successfully

2023-10-02 17:53:42 - [TEST_STEP][PASSED] - selectOptionByLabel(findTestObject(orPath_Landing + "/dd_TaxType"), "Quarterly Estimated Tax", false): All options with label 'Quarterly Estimated Tax' are selected in object 'Object Repository/RAD_Pages/Landing_Page/dd_TaxType' 

2023-10-02 17:53:43 - [MESSAGE][PASSED] - All options with label 'Quarterly Estimated Tax' are selected in object 'Object Repository/RAD_Pages/Landing_Page/dd_TaxType' 

2023-10-02 17:53:43 - [TEST_STEP][PASSED] - selectOptionByLabel(findTestObject(orPath_TaxTypeFilingYear + "/select_PaymentType"), TaxType, false): All options with label 'PTE Non-Electing S Corp' are selected in object 'Object Repository/RAD_Pages/TaxTypeFilingYear_Page/select_PaymentType' 

2023-10-02 17:53:44 - [MESSAGE][PASSED] - All options with label 'PTE Non-Electing S Corp' are selected in object 'Object Repository/RAD_Pages/TaxTypeFilingYear_Page/select_PaymentType' 

2023-10-02 17:53:44 - [TEST_STEP][PASSED] - selectOptionByLabel(findTestObject(orPath_TaxTypeFilingYear + "/select_FilingYear"), FilingYear, false): All options with label '2023' are selected in object 'Object Repository/RAD_Pages/TaxTypeFilingYear_Page/select_FilingYear' 

2023-10-02 17:53:44 - [MESSAGE][PASSED] - All options with label '2023' are selected in object 'Object Repository/RAD_Pages/TaxTypeFilingYear_Page/select_FilingYear' 

2023-10-02 17:53:44 - [TEST_STEP][PASSED] - selectOptionByLabel(findTestObject(orPath_TaxTypeFilingYear + "/select_PeriodEnding"), PeriodEndingMonth, false): All options with label 'September' are selected in object 'Object Repository/RAD_Pages/TaxTypeFilingYear_Page/select_PeriodEnding' 

2023-10-02 17:53:45 - [MESSAGE][PASSED] - All options with label 'September' are selected in object 'Object Repository/RAD_Pages/TaxTypeFilingYear_Page/select_PeriodEnding' 

2023-10-02 17:53:45 - [TEST_STEP][PASSED] - rad.getSetDataRAD.setDataRADBusinessName(): rad.getSetDataRAD.setDataRADBusinessName is PASSED

2023-10-02 17:53:46 - [MESSAGE][PASSED] - Text 'My Company' is set on object 'Object Repository/RAD_Pages/Taxpayer_Page/input_businessName'

2023-10-02 17:53:46 - [MESSAGE][PASSED] - rad.getSetDataRAD.setDataRADBusinessName is PASSED

2023-10-02 17:53:46 - [TEST_STEP][PASSED] - rad.getSetDataRAD.setDataRADBusinessRep(): rad.getSetDataRAD.setDataRADBusinessRep is PASSED

2023-10-02 17:53:48 - [MESSAGE][PASSED] - Text 'BusRepFname' is set on object 'Object Repository/RAD_Pages/Taxpayer_Page/input_BusinessRepfirstName'

2023-10-02 17:53:49 - [MESSAGE][PASSED] - Text '' is set on object 'Object Repository/RAD_Pages/Taxpayer_Page/input_BusinessRepmiddleName'

2023-10-02 17:53:49 - [MESSAGE][PASSED] - Text 'BusRepLname' is set on object 'Object Repository/RAD_Pages/Taxpayer_Page/input_BusinessReplastName'

2023-10-02 17:53:50 - [MESSAGE][PASSED] - Text '' is set on object 'Object Repository/RAD_Pages/Taxpayer_Page/input_BusinessRepsuffix'

2023-10-02 17:53:50 - [MESSAGE][PASSED] - rad.getSetDataRAD.setDataRADBusinessRep is PASSED

2023-10-02 17:53:50 - [TEST_STEP][PASSED] - rad.getSetDataRAD.setDataRADAddress(): rad.getSetDataRAD.setDataRADAddress is PASSED

2023-10-02 17:53:51 - [MESSAGE][PASSED] - All options with label 'United States' are selected in object 'Object Repository/RAD_Pages/AddressAndContactInfo_Page/select_Country' 

2023-10-02 17:53:52 - [MESSAGE][PASSED] - Text '2508 Mandan Terrace' is set on object 'Object Repository/RAD_Pages/AddressAndContactInfo_Page/input_streetAddress1'

2023-10-02 17:53:53 - [MESSAGE][PASSED] - Text '' is set on object 'Object Repository/RAD_Pages/AddressAndContactInfo_Page/input_streetAddress2'

2023-10-02 17:53:53 - [MESSAGE][PASSED] - Text 'Gambrills' is set on object 'Object Repository/RAD_Pages/AddressAndContactInfo_Page/input_city'

2023-10-02 17:53:54 - [MESSAGE][PASSED] - All options with label 'Maryland' are selected in object 'Object Repository/RAD_Pages/AddressAndContactInfo_Page/select_State' 

2023-10-02 17:53:55 - [MESSAGE][PASSED] - Text '21054' is set on object 'Object Repository/RAD_Pages/AddressAndContactInfo_Page/input_zipCode'

2023-10-02 17:53:56 - [MESSAGE][PASSED] - Text '(703) 894-5000' is set on object 'Object Repository/RAD_Pages/AddressAndContactInfo_Page/input_phoneNumber'

2023-10-02 17:53:57 - [MESSAGE][PASSED] - Text 'iahmed@govolution.com' is set on object 'Object Repository/RAD_Pages/AddressAndContactInfo_Page/input_eMailAddress'

2023-10-02 17:53:58 - [MESSAGE][PASSED] - Text 'iahmed@govolution.com' is set on object 'Object Repository/RAD_Pages/AddressAndContactInfo_Page/input_reEnterEMailAddress'

2023-10-02 17:53:58 - [MESSAGE][PASSED] - rad.getSetDataRAD.setDataRADAddress is PASSED

2023-10-02 17:53:58 - [TEST_STEP][PASSED] - if (feinSSN.equalsIgnoreCase("Y")): rad.getSetDataRAD.setDataRADFEINSSN is PASSED

2023-10-02 17:53:58 - [TEST_STEP][PASSED] - rad.getSetDataRAD.setDataRADFEINSSN(): rad.getSetDataRAD.setDataRADFEINSSN is PASSED

2023-10-02 17:53:59 - [MESSAGE][PASSED] - Text ****** has been set on object 'Object Repository/RAD_Pages/TaxInfo_Page/input_TaxInformation_feinSsn'

2023-10-02 17:53:59 - [MESSAGE][PASSED] - Text ****** has been set on object 'Object Repository/RAD_Pages/TaxInfo_Page/input_TaxInformation_RefeinSsn'

2023-10-02 17:53:59 - [MESSAGE][PASSED] - rad.getSetDataRAD.setDataRADFEINSSN is PASSED

2023-10-02 17:53:59 - [TEST_STEP][PASSED] - setText(findTestObject(orPath_Amount + "/input__paymentAmount"), "100.00"): Text '100.00' is set on object 'Object Repository/RAD_Pages/PaymentAmount_Page/input__paymentAmount'

2023-10-02 17:54:00 - [MESSAGE][PASSED] - Text '100.00' is set on object 'Object Repository/RAD_Pages/PaymentAmount_Page/input__paymentAmount'

2023-10-02 17:54:00 - [TEST_STEP][PASSED] - setText(findTestObject(orPath_AddressContact + "/input_streetAddress2"), ""): Text '' is set on object 'Object Repository/RAD_Pages/AddressAndContactInfo_Page/input_streetAddress2'

2023-10-02 17:54:01 - [MESSAGE][PASSED] - Text '' is set on object 'Object Repository/RAD_Pages/AddressAndContactInfo_Page/input_streetAddress2'

2023-10-02 17:54:01 - [TEST_STEP][PASSED] - scrollToElement(findTestObject(orPath_Landing + "/button_Continue"), 3): Scroll to object 'Object Repository/RAD_Pages/Landing_Page/button_Continue' successfully

2023-10-02 17:54:02 - [MESSAGE][PASSED] - Scroll to object 'Object Repository/RAD_Pages/Landing_Page/button_Continue' successfully

2023-10-02 17:54:02 - [TEST_STEP][PASSED] - waitForElementClickable(findTestObject(orPath_Landing + "/button_Continue"), 5): Object 'Object Repository/RAD_Pages/Landing_Page/button_Continue' is clickable

2023-10-02 17:54:02 - [MESSAGE][PASSED] - Object 'Object Repository/RAD_Pages/Landing_Page/button_Continue' is clickable

2023-10-02 17:54:02 - [TEST_STEP][PASSED] - click(findTestObject(orPath_Landing + "/button_Continue")): Object: 'Object Repository/RAD_Pages/Landing_Page/button_Continue' is clicked on

2023-10-02 17:54:02 - [MESSAGE][PASSED] - Object: 'Object Repository/RAD_Pages/Landing_Page/button_Continue' is clicked on

2023-10-02 17:54:02 - [TEST_STEP][PASSED] - delay(2): Delayed 2 second(s)

2023-10-02 17:54:04 - [MESSAGE][PASSED] - Delayed 2 second(s)

2023-10-02 17:54:04 - [TEST_STEP][PASSED] - verifyTextPresent("Summary", true): Text 'Summary' is present on page  using regular expression

2023-10-02 17:54:05 - [MESSAGE][PASSED] - Text 'Summary' is present on page  using regular expression

2023-10-02 17:54:05 - [TEST_STEP][PASSED] - verifyTextPresent("Review the information below and make any necessary corrections by clicking the", true): Text 'Review the information below and make any necessary corrections by clicking the' is present on page  using regular expression

2023-10-02 17:54:05 - [MESSAGE][PASSED] - Text 'Review the information below and make any necessary corrections by clicking the' is present on page  using regular expression

2023-10-02 17:54:05 - [TEST_STEP][PASSED] - verifyTextPresent("When you are confident that all the information is correct, click the", true): Text 'When you are confident that all the information is correct, click the' is present on page  using regular expression

2023-10-02 17:54:06 - [MESSAGE][PASSED] - Text 'When you are confident that all the information is correct, click the' is present on page  using regular expression

2023-10-02 17:54:06 - [TEST_STEP][PASSED] - verifyTextPresent("Payment Type/Filing Year", true): Text 'Payment Type/Filing Year' is present on page  using regular expression

2023-10-02 17:54:06 - [MESSAGE][PASSED] - Text 'Payment Type/Filing Year' is present on page  using regular expression

2023-10-02 17:54:06 - [TEST_STEP][PASSED] - verifyTextPresent("Payment Type:", true): Text 'Payment Type:' is present on page  using regular expression

2023-10-02 17:54:06 - [MESSAGE][PASSED] - Text 'Payment Type:' is present on page  using regular expression

2023-10-02 17:54:06 - [TEST_STEP][PASSED] - verifyTextPresent("Quarterly Estimated Tax", true): Text 'Quarterly Estimated Tax' is present on page  using regular expression

2023-10-02 17:54:07 - [MESSAGE][PASSED] - Text 'Quarterly Estimated Tax' is present on page  using regular expression

2023-10-02 17:54:07 - [TEST_STEP][PASSED] - verifyTextPresent("Filing Year:", true): Text 'Filing Year:' is present on page  using regular expression

2023-10-02 17:54:07 - [MESSAGE][PASSED] - Text 'Filing Year:' is present on page  using regular expression

2023-10-02 17:54:07 - [TEST_STEP][PASSED] - verifyTextPresent(FilingYear, true): Text '2023' is present on page  using regular expression

2023-10-02 17:54:07 - [MESSAGE][PASSED] - Text '2023' is present on page  using regular expression

2023-10-02 17:54:07 - [TEST_STEP][PASSED] - verifyTextPresent("Period Ending:", true): Text 'Period Ending:' is present on page  using regular expression

2023-10-02 17:54:08 - [MESSAGE][PASSED] - Text 'Period Ending:' is present on page  using regular expression

2023-10-02 17:54:08 - [TEST_STEP][PASSED] - verifyTextPresent(PeriodEndingMonth, true): Text 'September' is present on page  using regular expression

2023-10-02 17:54:08 - [MESSAGE][PASSED] - Text 'September' is present on page  using regular expression

2023-10-02 17:54:08 - [TEST_STEP][PASSED] - verifyTextPresent("Payer Information", true): Text 'Payer Information' is present on page  using regular expression

2023-10-02 17:54:09 - [MESSAGE][PASSED] - Text 'Payer Information' is present on page  using regular expression

2023-10-02 17:54:09 - [TEST_STEP][PASSED] - verifyTextPresent("Taxpayer Name:", true): Text 'Taxpayer Name:' is present on page  using regular expression

2023-10-02 17:54:09 - [MESSAGE][PASSED] - Text 'Taxpayer Name:' is present on page  using regular expression

2023-10-02 17:54:09 - [TEST_STEP][PASSED] - verifyTextPresent("My Company", true): Text 'My Company' is present on page  using regular expression

2023-10-02 17:54:09 - [MESSAGE][PASSED] - Text 'My Company' is present on page  using regular expression

2023-10-02 17:54:09 - [TEST_STEP][PASSED] - verifyTextPresent("Business Rep Name:", true): Text 'Business Rep Name:' is present on page  using regular expression

2023-10-02 17:54:10 - [MESSAGE][PASSED] - Text 'Business Rep Name:' is present on page  using regular expression

2023-10-02 17:54:10 - [TEST_STEP][PASSED] - verifyTextPresent("BusRepFname BusRepLname", true): Text 'BusRepFname BusRepLname' is present on page  using regular expression

2023-10-02 17:54:10 - [MESSAGE][PASSED] - Text 'BusRepFname BusRepLname' is present on page  using regular expression

2023-10-02 17:54:10 - [TEST_STEP][PASSED] - verifyTextPresent("Taxpayer Address:", true): Text 'Taxpayer Address:' is present on page  using regular expression

2023-10-02 17:54:10 - [MESSAGE][PASSED] - Text 'Taxpayer Address:' is present on page  using regular expression

2023-10-02 17:54:10 - [TEST_STEP][PASSED] - verifyTextPresent("2508 Mandan Terrace Gambrills Maryland 21054", true): Text '2508 Mandan Terrace Gambrills Maryland 21054' is present on page  using regular expression

2023-10-02 17:54:11 - [MESSAGE][PASSED] - Text '2508 Mandan Terrace Gambrills Maryland 21054' is present on page  using regular expression

2023-10-02 17:54:11 - [TEST_STEP][PASSED] - verifyTextPresent("Email:", true): Text 'Email:' is present on page  using regular expression

2023-10-02 17:54:11 - [MESSAGE][PASSED] - Text 'Email:' is present on page  using regular expression

2023-10-02 17:54:11 - [TEST_STEP][PASSED] - verifyTextPresent("iahmed@govolution.com", true): Text 'iahmed@govolution.com' is present on page  using regular expression

2023-10-02 17:54:12 - [MESSAGE][PASSED] - Text 'iahmed@govolution.com' is present on page  using regular expression

2023-10-02 17:54:12 - [TEST_STEP][PASSED] - verifyTextPresent("Phone:", true): Text 'Phone:' is present on page  using regular expression

2023-10-02 17:54:12 - [MESSAGE][PASSED] - Text 'Phone:' is present on page  using regular expression

2023-10-02 17:54:12 - [TEST_STEP][PASSED] - verifyTextPresent("(703) 894-5000", false): Text '(703) 894-5000' is present on page 

2023-10-02 17:54:12 - [MESSAGE][PASSED] - Text '(703) 894-5000' is present on page 

2023-10-02 17:54:12 - [TEST_STEP][PASSED] - verifyTextPresent("Tax Information", true): Text 'Tax Information' is present on page  using regular expression

2023-10-02 17:54:13 - [MESSAGE][PASSED] - Text 'Tax Information' is present on page  using regular expression

2023-10-02 17:54:13 - [TEST_STEP][PASSED] - if (feinSSN.equalsIgnoreCase("Y")): Text 'Federal EIN:' is not present on page using regular expression

2023-10-02 17:54:13 - [TEST_STEP][PASSED] - verifyTextPresent("FEIN/SSN:", true): Text 'FEIN/SSN:' is present on page  using regular expression

2023-10-02 17:54:13 - [MESSAGE][PASSED] - Text 'FEIN/SSN:' is present on page  using regular expression

2023-10-02 17:54:13 - [TEST_STEP][PASSED] - verifyTextNotPresent("Federal EIN:", true): Text 'Federal EIN:' is not present on page using regular expression

2023-10-02 17:54:13 - [MESSAGE][PASSED] - Text 'Federal EIN:' is not present on page using regular expression

2023-10-02 17:54:13 - [TEST_STEP][PASSED] - verifyTextPresent("Payment Amount:", true): Text 'Payment Amount:' is present on page  using regular expression

2023-10-02 17:54:14 - [MESSAGE][PASSED] - Text 'Payment Amount:' is present on page  using regular expression

2023-10-02 17:54:14 - [TEST_STEP][PASSED] - verifyTextPresent("100.00", true): Text '100.00' is present on page  using regular expression

2023-10-02 17:54:14 - [MESSAGE][PASSED] - Text '100.00' is present on page  using regular expression

2023-10-02 17:54:14 - [TEST_STEP][PASSED] - if (verifyElementVisible(findTestObject(orPath_Summary + "/button_Proceed to Payment"))): null

2023-10-02 17:54:15 - [MESSAGE][PASSED] - Object 'Object Repository/RAD_Pages/Summary_Page/button_Proceed to Payment' is visible

2023-10-02 17:54:15 - [TEST_STEP][PASSED] - resText = "Pass": null

2023-10-02 17:54:15 - [TEST_STEP][PASSED] - pages.WriteExcel.demoKey(resText, datText, resColumn, datCloumn, fileLoc, nameSheet, row): pages.WriteExcel.demoKey is PASSED

2023-10-02 17:54:15 - [MESSAGE][PASSED] - pages.WriteExcel.demoKey is PASSED

2023-10-02 17:54:15 - [TEST_STEP][PASSED] - click(findTestObject(orPath_Summary + "/button_Proceed to Payment")): Object: 'Object Repository/RAD_Pages/Summary_Page/button_Proceed to Payment' is clicked on

2023-10-02 17:54:16 - [MESSAGE][PASSED] - Object: 'Object Repository/RAD_Pages/Summary_Page/button_Proceed to Payment' is clicked on

2023-10-02 17:54:16 - [TEST_STEP][PASSED] - ExecuteTC = findTestData(dataFile).getValue("Execute", row): null

2023-10-02 17:54:16 - [TEST_STEP][PASSED] - TaxType = findTestData(dataFile).getValue("TaxType", row): null

2023-10-02 17:54:16 - [TEST_STEP][PASSED] - PaymentType = findTestData(dataFile).getValue("PaymentType", row): null

2023-10-02 17:54:16 - [TEST_STEP][PASSED] - FilingYear = findTestData(dataFile).getValue("Year", row): null

2023-10-02 17:54:16 - [TEST_STEP][PASSED] - PeriodEndingMonth = findTestData(dataFile).getValue("Month", row): null

2023-10-02 17:54:16 - [TEST_STEP][PASSED] - feinSSN = findTestData(dataFile).getValue("FeinSsn", row): null

2023-10-02 17:54:16 - [TEST_STEP][PASSED] - if (ExecuteTC.equalsIgnoreCase("Y")): Object: 'Object Repository/RAD_Pages/Summary_Page/button_Proceed to Payment' is clicked on

2023-10-02 17:54:16 - [TEST_STEP][PASSED] - out.println("Begin Record Number: " + row): null

2023-10-02 17:54:16 - [TEST_STEP][PASSED] - today = new java.util.Date(): null

2023-10-02 17:54:16 - [TEST_STEP][PASSED] - println(today): null

2023-10-02 17:54:16 - [TEST_STEP][PASSED] - datText = today: null

2023-10-02 17:54:16 - [TEST_STEP][PASSED] - logInfo("Payment Type: Quarterly Estimated Tax"): Payment Type: Quarterly Estimated Tax

2023-10-02 17:54:16 - [MESSAGE][INFO] - Payment Type: Quarterly Estimated Tax

2023-10-02 17:54:16 - [TEST_STEP][PASSED] - logInfo("Tax Type: " + TaxType): Tax Type: PTE Tax Electing Non-S Corp

2023-10-02 17:54:16 - [MESSAGE][INFO] - Tax Type: PTE Tax Electing Non-S Corp

2023-10-02 17:54:16 - [TEST_STEP][PASSED] - openBrowser(""): Browser is opened with url: ''

2023-10-02 17:54:16 - [MESSAGE][WARNING] - A browser is already opened. Closing browser and opening a new one

2023-10-02 17:54:17 - [MESSAGE][INFO] - Starting 'Chrome' driver

2023-10-02 17:54:17 - [MESSAGE][INFO] - User set preference: ['acceptInsecureCerts', 'true']

2023-10-02 17:54:17 - [MESSAGE][INFO] - Action delay is set to 0 milliseconds

2023-10-02 17:54:19 - [MESSAGE][PASSED] - Browser is opened with url: ''

2023-10-02 17:54:19 - [TEST_STEP][PASSED] - maximizeWindow(): Current window maximized

2023-10-02 17:54:19 - [MESSAGE][PASSED] - Current window maximized

2023-10-02 17:54:19 - [TEST_STEP][PASSED] - navigateToUrl(RADurl): Navigate to 'https://demo.velocitypayment.com/client/rad/index.html' successfully

2023-10-02 17:54:21 - [MESSAGE][PASSED] - Navigate to 'https://demo.velocitypayment.com/client/rad/index.html' successfully

2023-10-02 17:54:21 - [TEST_STEP][PASSED] - selectOptionByLabel(findTestObject(orPath_Landing + "/dd_TaxType"), "Quarterly Estimated Tax", false): All options with label 'Quarterly Estimated Tax' are selected in object 'Object Repository/RAD_Pages/Landing_Page/dd_TaxType' 

2023-10-02 17:54:22 - [MESSAGE][PASSED] - All options with label 'Quarterly Estimated Tax' are selected in object 'Object Repository/RAD_Pages/Landing_Page/dd_TaxType' 

2023-10-02 17:54:22 - [TEST_STEP][PASSED] - selectOptionByLabel(findTestObject(orPath_TaxTypeFilingYear + "/select_PaymentType"), TaxType, false): All options with label 'PTE Tax Electing Non-S Corp' are selected in object 'Object Repository/RAD_Pages/TaxTypeFilingYear_Page/select_PaymentType' 

2023-10-02 17:54:22 - [MESSAGE][PASSED] - All options with label 'PTE Tax Electing Non-S Corp' are selected in object 'Object Repository/RAD_Pages/TaxTypeFilingYear_Page/select_PaymentType' 

2023-10-02 17:54:22 - [TEST_STEP][PASSED] - selectOptionByLabel(findTestObject(orPath_TaxTypeFilingYear + "/select_FilingYear"), FilingYear, false): All options with label '2023' are selected in object 'Object Repository/RAD_Pages/TaxTypeFilingYear_Page/select_FilingYear' 

2023-10-02 17:54:23 - [MESSAGE][PASSED] - All options with label '2023' are selected in object 'Object Repository/RAD_Pages/TaxTypeFilingYear_Page/select_FilingYear' 

2023-10-02 17:54:23 - [TEST_STEP][PASSED] - selectOptionByLabel(findTestObject(orPath_TaxTypeFilingYear + "/select_PeriodEnding"), PeriodEndingMonth, false): All options with label 'January' are selected in object 'Object Repository/RAD_Pages/TaxTypeFilingYear_Page/select_PeriodEnding' 

2023-10-02 17:54:24 - [MESSAGE][PASSED] - All options with label 'January' are selected in object 'Object Repository/RAD_Pages/TaxTypeFilingYear_Page/select_PeriodEnding' 

2023-10-02 17:54:24 - [TEST_STEP][PASSED] - rad.getSetDataRAD.setDataRADBusinessName(): rad.getSetDataRAD.setDataRADBusinessName is PASSED

2023-10-02 17:54:25 - [MESSAGE][PASSED] - Text 'My Company' is set on object 'Object Repository/RAD_Pages/Taxpayer_Page/input_businessName'

2023-10-02 17:54:25 - [MESSAGE][PASSED] - rad.getSetDataRAD.setDataRADBusinessName is PASSED

2023-10-02 17:54:25 - [TEST_STEP][PASSED] - rad.getSetDataRAD.setDataRADBusinessRep(): rad.getSetDataRAD.setDataRADBusinessRep is PASSED

2023-10-02 17:54:26 - [MESSAGE][PASSED] - Text 'BusRepFname' is set on object 'Object Repository/RAD_Pages/Taxpayer_Page/input_BusinessRepfirstName'

2023-10-02 17:54:27 - [MESSAGE][PASSED] - Text '' is set on object 'Object Repository/RAD_Pages/Taxpayer_Page/input_BusinessRepmiddleName'

2023-10-02 17:54:28 - [MESSAGE][PASSED] - Text 'BusRepLname' is set on object 'Object Repository/RAD_Pages/Taxpayer_Page/input_BusinessReplastName'

2023-10-02 17:54:29 - [MESSAGE][PASSED] - Text '' is set on object 'Object Repository/RAD_Pages/Taxpayer_Page/input_BusinessRepsuffix'

2023-10-02 17:54:29 - [MESSAGE][PASSED] - rad.getSetDataRAD.setDataRADBusinessRep is PASSED

2023-10-02 17:54:29 - [TEST_STEP][PASSED] - rad.getSetDataRAD.setDataRADAddress(): rad.getSetDataRAD.setDataRADAddress is PASSED

2023-10-02 17:54:30 - [MESSAGE][PASSED] - All options with label 'United States' are selected in object 'Object Repository/RAD_Pages/AddressAndContactInfo_Page/select_Country' 

2023-10-02 17:54:30 - [MESSAGE][PASSED] - Text '2508 Mandan Terrace' is set on object 'Object Repository/RAD_Pages/AddressAndContactInfo_Page/input_streetAddress1'

2023-10-02 17:54:31 - [MESSAGE][PASSED] - Text '' is set on object 'Object Repository/RAD_Pages/AddressAndContactInfo_Page/input_streetAddress2'

2023-10-02 17:54:32 - [MESSAGE][PASSED] - Text 'Gambrills' is set on object 'Object Repository/RAD_Pages/AddressAndContactInfo_Page/input_city'

2023-10-02 17:54:33 - [MESSAGE][PASSED] - All options with label 'Maryland' are selected in object 'Object Repository/RAD_Pages/AddressAndContactInfo_Page/select_State' 

2023-10-02 17:54:34 - [MESSAGE][PASSED] - Text '21054' is set on object 'Object Repository/RAD_Pages/AddressAndContactInfo_Page/input_zipCode'

2023-10-02 17:54:35 - [MESSAGE][PASSED] - Text '(703) 894-5000' is set on object 'Object Repository/RAD_Pages/AddressAndContactInfo_Page/input_phoneNumber'

2023-10-02 17:54:36 - [MESSAGE][PASSED] - Text 'iahmed@govolution.com' is set on object 'Object Repository/RAD_Pages/AddressAndContactInfo_Page/input_eMailAddress'

2023-10-02 17:54:37 - [MESSAGE][PASSED] - Text 'iahmed@govolution.com' is set on object 'Object Repository/RAD_Pages/AddressAndContactInfo_Page/input_reEnterEMailAddress'

2023-10-02 17:54:37 - [MESSAGE][PASSED] - rad.getSetDataRAD.setDataRADAddress is PASSED

2023-10-02 17:54:37 - [TEST_STEP][PASSED] - if (feinSSN.equalsIgnoreCase("Y")): rad.getSetDataRAD.setDataRADFEINSSN is PASSED

2023-10-02 17:54:37 - [TEST_STEP][PASSED] - rad.getSetDataRAD.setDataRADFEINSSN(): rad.getSetDataRAD.setDataRADFEINSSN is PASSED

2023-10-02 17:54:37 - [MESSAGE][PASSED] - Text ****** has been set on object 'Object Repository/RAD_Pages/TaxInfo_Page/input_TaxInformation_feinSsn'

2023-10-02 17:54:38 - [MESSAGE][PASSED] - Text ****** has been set on object 'Object Repository/RAD_Pages/TaxInfo_Page/input_TaxInformation_RefeinSsn'

2023-10-02 17:54:38 - [MESSAGE][PASSED] - rad.getSetDataRAD.setDataRADFEINSSN is PASSED

2023-10-02 17:54:38 - [TEST_STEP][PASSED] - setText(findTestObject(orPath_Amount + "/input__paymentAmount"), "100.00"): Text '100.00' is set on object 'Object Repository/RAD_Pages/PaymentAmount_Page/input__paymentAmount'

2023-10-02 17:54:39 - [MESSAGE][PASSED] - Text '100.00' is set on object 'Object Repository/RAD_Pages/PaymentAmount_Page/input__paymentAmount'

2023-10-02 17:54:39 - [TEST_STEP][PASSED] - setText(findTestObject(orPath_AddressContact + "/input_streetAddress2"), ""): Text '' is set on object 'Object Repository/RAD_Pages/AddressAndContactInfo_Page/input_streetAddress2'

2023-10-02 17:54:40 - [MESSAGE][PASSED] - Text '' is set on object 'Object Repository/RAD_Pages/AddressAndContactInfo_Page/input_streetAddress2'

2023-10-02 17:54:40 - [TEST_STEP][PASSED] - scrollToElement(findTestObject(orPath_Landing + "/button_Continue"), 3): Scroll to object 'Object Repository/RAD_Pages/Landing_Page/button_Continue' successfully

2023-10-02 17:54:40 - [MESSAGE][PASSED] - Scroll to object 'Object Repository/RAD_Pages/Landing_Page/button_Continue' successfully

2023-10-02 17:54:40 - [TEST_STEP][PASSED] - waitForElementClickable(findTestObject(orPath_Landing + "/button_Continue"), 5): Object 'Object Repository/RAD_Pages/Landing_Page/button_Continue' is clickable

2023-10-02 17:54:41 - [MESSAGE][PASSED] - Object 'Object Repository/RAD_Pages/Landing_Page/button_Continue' is clickable

2023-10-02 17:54:41 - [TEST_STEP][PASSED] - click(findTestObject(orPath_Landing + "/button_Continue")): Object: 'Object Repository/RAD_Pages/Landing_Page/button_Continue' is clicked on

2023-10-02 17:54:41 - [MESSAGE][PASSED] - Object: 'Object Repository/RAD_Pages/Landing_Page/button_Continue' is clicked on

2023-10-02 17:54:41 - [TEST_STEP][PASSED] - delay(2): Delayed 2 second(s)

2023-10-02 17:54:43 - [MESSAGE][PASSED] - Delayed 2 second(s)

2023-10-02 17:54:43 - [TEST_STEP][PASSED] - verifyTextPresent("Summary", true): Text 'Summary' is present on page  using regular expression

2023-10-02 17:54:43 - [MESSAGE][PASSED] - Text 'Summary' is present on page  using regular expression

2023-10-02 17:54:43 - [TEST_STEP][PASSED] - verifyTextPresent("Review the information below and make any necessary corrections by clicking the", true): Text 'Review the information below and make any necessary corrections by clicking the' is present on page  using regular expression

2023-10-02 17:54:44 - [MESSAGE][PASSED] - Text 'Review the information below and make any necessary corrections by clicking the' is present on page  using regular expression

2023-10-02 17:54:44 - [TEST_STEP][PASSED] - verifyTextPresent("When you are confident that all the information is correct, click the", true): Text 'When you are confident that all the information is correct, click the' is present on page  using regular expression

2023-10-02 17:54:44 - [MESSAGE][PASSED] - Text 'When you are confident that all the information is correct, click the' is present on page  using regular expression

2023-10-02 17:54:44 - [TEST_STEP][PASSED] - verifyTextPresent("Payment Type/Filing Year", true): Text 'Payment Type/Filing Year' is present on page  using regular expression

2023-10-02 17:54:45 - [MESSAGE][PASSED] - Text 'Payment Type/Filing Year' is present on page  using regular expression

2023-10-02 17:54:45 - [TEST_STEP][PASSED] - verifyTextPresent("Payment Type:", true): Text 'Payment Type:' is present on page  using regular expression

2023-10-02 17:54:45 - [MESSAGE][PASSED] - Text 'Payment Type:' is present on page  using regular expression

2023-10-02 17:54:45 - [TEST_STEP][PASSED] - verifyTextPresent("Quarterly Estimated Tax", true): Text 'Quarterly Estimated Tax' is present on page  using regular expression

2023-10-02 17:54:45 - [MESSAGE][PASSED] - Text 'Quarterly Estimated Tax' is present on page  using regular expression

2023-10-02 17:54:45 - [TEST_STEP][PASSED] - verifyTextPresent("Filing Year:", true): Text 'Filing Year:' is present on page  using regular expression

2023-10-02 17:54:46 - [MESSAGE][PASSED] - Text 'Filing Year:' is present on page  using regular expression

2023-10-02 17:54:46 - [TEST_STEP][PASSED] - verifyTextPresent(FilingYear, true): Text '2023' is present on page  using regular expression

2023-10-02 17:54:46 - [MESSAGE][PASSED] - Text '2023' is present on page  using regular expression

2023-10-02 17:54:46 - [TEST_STEP][PASSED] - verifyTextPresent("Period Ending:", true): Text 'Period Ending:' is present on page  using regular expression

2023-10-02 17:54:46 - [MESSAGE][PASSED] - Text 'Period Ending:' is present on page  using regular expression

2023-10-02 17:54:46 - [TEST_STEP][PASSED] - verifyTextPresent(PeriodEndingMonth, true): Text 'January' is present on page  using regular expression

2023-10-02 17:54:47 - [MESSAGE][PASSED] - Text 'January' is present on page  using regular expression

2023-10-02 17:54:47 - [TEST_STEP][PASSED] - verifyTextPresent("Payer Information", true): Text 'Payer Information' is present on page  using regular expression

2023-10-02 17:54:47 - [MESSAGE][PASSED] - Text 'Payer Information' is present on page  using regular expression

2023-10-02 17:54:47 - [TEST_STEP][PASSED] - verifyTextPresent("Taxpayer Name:", true): Text 'Taxpayer Name:' is present on page  using regular expression

2023-10-02 17:54:48 - [MESSAGE][PASSED] - Text 'Taxpayer Name:' is present on page  using regular expression

2023-10-02 17:54:48 - [TEST_STEP][PASSED] - verifyTextPresent("My Company", true): Text 'My Company' is present on page  using regular expression

2023-10-02 17:54:48 - [MESSAGE][PASSED] - Text 'My Company' is present on page  using regular expression

2023-10-02 17:54:48 - [TEST_STEP][PASSED] - verifyTextPresent("Business Rep Name:", true): Text 'Business Rep Name:' is present on page  using regular expression

2023-10-02 17:54:48 - [MESSAGE][PASSED] - Text 'Business Rep Name:' is present on page  using regular expression

2023-10-02 17:54:48 - [TEST_STEP][PASSED] - verifyTextPresent("BusRepFname BusRepLname", true): Text 'BusRepFname BusRepLname' is present on page  using regular expression

2023-10-02 17:54:49 - [MESSAGE][PASSED] - Text 'BusRepFname BusRepLname' is present on page  using regular expression

2023-10-02 17:54:49 - [TEST_STEP][PASSED] - verifyTextPresent("Taxpayer Address:", true): Text 'Taxpayer Address:' is present on page  using regular expression

2023-10-02 17:54:49 - [MESSAGE][PASSED] - Text 'Taxpayer Address:' is present on page  using regular expression

2023-10-02 17:54:49 - [TEST_STEP][PASSED] - verifyTextPresent("2508 Mandan Terrace Gambrills Maryland 21054", true): Text '2508 Mandan Terrace Gambrills Maryland 21054' is present on page  using regular expression

2023-10-02 17:54:49 - [MESSAGE][PASSED] - Text '2508 Mandan Terrace Gambrills Maryland 21054' is present on page  using regular expression

2023-10-02 17:54:49 - [TEST_STEP][PASSED] - verifyTextPresent("Email:", true): Text 'Email:' is present on page  using regular expression

2023-10-02 17:54:50 - [MESSAGE][PASSED] - Text 'Email:' is present on page  using regular expression

2023-10-02 17:54:50 - [TEST_STEP][PASSED] - verifyTextPresent("iahmed@govolution.com", true): Text 'iahmed@govolution.com' is present on page  using regular expression

2023-10-02 17:54:50 - [MESSAGE][PASSED] - Text 'iahmed@govolution.com' is present on page  using regular expression

2023-10-02 17:54:50 - [TEST_STEP][PASSED] - verifyTextPresent("Phone:", true): Text 'Phone:' is present on page  using regular expression

2023-10-02 17:54:51 - [MESSAGE][PASSED] - Text 'Phone:' is present on page  using regular expression

2023-10-02 17:54:51 - [TEST_STEP][PASSED] - verifyTextPresent("(703) 894-5000", false): Text '(703) 894-5000' is present on page 

2023-10-02 17:54:51 - [MESSAGE][PASSED] - Text '(703) 894-5000' is present on page 

2023-10-02 17:54:51 - [TEST_STEP][PASSED] - verifyTextPresent("Tax Information", true): Text 'Tax Information' is present on page  using regular expression

2023-10-02 17:54:51 - [MESSAGE][PASSED] - Text 'Tax Information' is present on page  using regular expression

2023-10-02 17:54:51 - [TEST_STEP][PASSED] - if (feinSSN.equalsIgnoreCase("Y")): Text 'Federal EIN:' is not present on page using regular expression

2023-10-02 17:54:51 - [TEST_STEP][PASSED] - verifyTextPresent("FEIN/SSN:", true): Text 'FEIN/SSN:' is present on page  using regular expression

2023-10-02 17:54:52 - [MESSAGE][PASSED] - Text 'FEIN/SSN:' is present on page  using regular expression

2023-10-02 17:54:52 - [TEST_STEP][PASSED] - verifyTextNotPresent("Federal EIN:", true): Text 'Federal EIN:' is not present on page using regular expression

2023-10-02 17:54:52 - [MESSAGE][PASSED] - Text 'Federal EIN:' is not present on page using regular expression

2023-10-02 17:54:52 - [TEST_STEP][PASSED] - verifyTextPresent("Payment Amount:", true): Text 'Payment Amount:' is present on page  using regular expression

2023-10-02 17:54:52 - [MESSAGE][PASSED] - Text 'Payment Amount:' is present on page  using regular expression

2023-10-02 17:54:52 - [TEST_STEP][PASSED] - verifyTextPresent("100.00", true): Text '100.00' is present on page  using regular expression

2023-10-02 17:54:53 - [MESSAGE][PASSED] - Text '100.00' is present on page  using regular expression

2023-10-02 17:54:53 - [TEST_STEP][PASSED] - if (verifyElementVisible(findTestObject(orPath_Summary + "/button_Proceed to Payment"))): null

2023-10-02 17:54:53 - [MESSAGE][PASSED] - Object 'Object Repository/RAD_Pages/Summary_Page/button_Proceed to Payment' is visible

2023-10-02 17:54:53 - [TEST_STEP][PASSED] - resText = "Pass": null

2023-10-02 17:54:53 - [TEST_STEP][PASSED] - pages.WriteExcel.demoKey(resText, datText, resColumn, datCloumn, fileLoc, nameSheet, row): pages.WriteExcel.demoKey is PASSED

2023-10-02 17:54:53 - [MESSAGE][PASSED] - pages.WriteExcel.demoKey is PASSED

2023-10-02 17:54:53 - [TEST_STEP][PASSED] - click(findTestObject(orPath_Summary + "/button_Proceed to Payment")): Object: 'Object Repository/RAD_Pages/Summary_Page/button_Proceed to Payment' is clicked on

2023-10-02 17:54:54 - [MESSAGE][PASSED] - Object: 'Object Repository/RAD_Pages/Summary_Page/button_Proceed to Payment' is clicked on

2023-10-02 17:54:54 - [TEST_STEP][PASSED] - ExecuteTC = findTestData(dataFile).getValue("Execute", row): null

2023-10-02 17:54:54 - [TEST_STEP][PASSED] - TaxType = findTestData(dataFile).getValue("TaxType", row): null

2023-10-02 17:54:54 - [TEST_STEP][PASSED] - PaymentType = findTestData(dataFile).getValue("PaymentType", row): null

2023-10-02 17:54:55 - [TEST_STEP][PASSED] - FilingYear = findTestData(dataFile).getValue("Year", row): null

2023-10-02 17:54:55 - [TEST_STEP][PASSED] - PeriodEndingMonth = findTestData(dataFile).getValue("Month", row): null

2023-10-02 17:54:55 - [TEST_STEP][PASSED] - feinSSN = findTestData(dataFile).getValue("FeinSsn", row): null

2023-10-02 17:54:55 - [TEST_STEP][PASSED] - if (ExecuteTC.equalsIgnoreCase("Y")): Object: 'Object Repository/RAD_Pages/Summary_Page/button_Proceed to Payment' is clicked on

2023-10-02 17:54:55 - [TEST_STEP][PASSED] - out.println("Begin Record Number: " + row): null

2023-10-02 17:54:55 - [TEST_STEP][PASSED] - today = new java.util.Date(): null

2023-10-02 17:54:55 - [TEST_STEP][PASSED] - println(today): null

2023-10-02 17:54:55 - [TEST_STEP][PASSED] - datText = today: null

2023-10-02 17:54:55 - [TEST_STEP][PASSED] - logInfo("Payment Type: Quarterly Estimated Tax"): Payment Type: Quarterly Estimated Tax

2023-10-02 17:54:55 - [MESSAGE][INFO] - Payment Type: Quarterly Estimated Tax

2023-10-02 17:54:55 - [TEST_STEP][PASSED] - logInfo("Tax Type: " + TaxType): Tax Type: PTE Tax Electing S Corp

2023-10-02 17:54:55 - [MESSAGE][INFO] - Tax Type: PTE Tax Electing S Corp

2023-10-02 17:54:55 - [TEST_STEP][PASSED] - openBrowser(""): Browser is opened with url: ''

2023-10-02 17:54:55 - [MESSAGE][WARNING] - A browser is already opened. Closing browser and opening a new one

2023-10-02 17:54:56 - [MESSAGE][INFO] - Starting 'Chrome' driver

2023-10-02 17:54:56 - [MESSAGE][INFO] - User set preference: ['acceptInsecureCerts', 'true']

2023-10-02 17:54:56 - [MESSAGE][INFO] - Action delay is set to 0 milliseconds

2023-10-02 17:54:57 - [MESSAGE][PASSED] - Browser is opened with url: ''

2023-10-02 17:54:57 - [TEST_STEP][PASSED] - maximizeWindow(): Current window maximized

2023-10-02 17:54:57 - [MESSAGE][PASSED] - Current window maximized

2023-10-02 17:54:57 - [TEST_STEP][PASSED] - navigateToUrl(RADurl): Navigate to 'https://demo.velocitypayment.com/client/rad/index.html' successfully

2023-10-02 17:54:58 - [MESSAGE][PASSED] - Navigate to 'https://demo.velocitypayment.com/client/rad/index.html' successfully

2023-10-02 17:54:58 - [TEST_STEP][PASSED] - selectOptionByLabel(findTestObject(orPath_Landing + "/dd_TaxType"), "Quarterly Estimated Tax", false): All options with label 'Quarterly Estimated Tax' are selected in object 'Object Repository/RAD_Pages/Landing_Page/dd_TaxType' 

2023-10-02 17:54:59 - [MESSAGE][PASSED] - All options with label 'Quarterly Estimated Tax' are selected in object 'Object Repository/RAD_Pages/Landing_Page/dd_TaxType' 

2023-10-02 17:54:59 - [TEST_STEP][PASSED] - selectOptionByLabel(findTestObject(orPath_TaxTypeFilingYear + "/select_PaymentType"), TaxType, false): All options with label 'PTE Tax Electing S Corp' are selected in object 'Object Repository/RAD_Pages/TaxTypeFilingYear_Page/select_PaymentType' 

2023-10-02 17:55:00 - [MESSAGE][PASSED] - All options with label 'PTE Tax Electing S Corp' are selected in object 'Object Repository/RAD_Pages/TaxTypeFilingYear_Page/select_PaymentType' 

2023-10-02 17:55:00 - [TEST_STEP][PASSED] - selectOptionByLabel(findTestObject(orPath_TaxTypeFilingYear + "/select_FilingYear"), FilingYear, false): All options with label '2023' are selected in object 'Object Repository/RAD_Pages/TaxTypeFilingYear_Page/select_FilingYear' 

2023-10-02 17:55:01 - [MESSAGE][PASSED] - All options with label '2023' are selected in object 'Object Repository/RAD_Pages/TaxTypeFilingYear_Page/select_FilingYear' 

2023-10-02 17:55:01 - [TEST_STEP][PASSED] - selectOptionByLabel(findTestObject(orPath_TaxTypeFilingYear + "/select_PeriodEnding"), PeriodEndingMonth, false): All options with label 'December' are selected in object 'Object Repository/RAD_Pages/TaxTypeFilingYear_Page/select_PeriodEnding' 

2023-10-02 17:55:01 - [MESSAGE][PASSED] - All options with label 'December' are selected in object 'Object Repository/RAD_Pages/TaxTypeFilingYear_Page/select_PeriodEnding' 

2023-10-02 17:55:01 - [TEST_STEP][PASSED] - rad.getSetDataRAD.setDataRADBusinessName(): rad.getSetDataRAD.setDataRADBusinessName is PASSED

2023-10-02 17:55:03 - [MESSAGE][PASSED] - Text 'My Company' is set on object 'Object Repository/RAD_Pages/Taxpayer_Page/input_businessName'

2023-10-02 17:55:03 - [MESSAGE][PASSED] - rad.getSetDataRAD.setDataRADBusinessName is PASSED

2023-10-02 17:55:03 - [TEST_STEP][PASSED] - rad.getSetDataRAD.setDataRADBusinessRep(): rad.getSetDataRAD.setDataRADBusinessRep is PASSED

2023-10-02 17:55:04 - [MESSAGE][PASSED] - Text 'BusRepFname' is set on object 'Object Repository/RAD_Pages/Taxpayer_Page/input_BusinessRepfirstName'

2023-10-02 17:55:05 - [MESSAGE][PASSED] - Text '' is set on object 'Object Repository/RAD_Pages/Taxpayer_Page/input_BusinessRepmiddleName'

2023-10-02 17:55:06 - [MESSAGE][PASSED] - Text 'BusRepLname' is set on object 'Object Repository/RAD_Pages/Taxpayer_Page/input_BusinessReplastName'

2023-10-02 17:55:07 - [MESSAGE][PASSED] - Text '' is set on object 'Object Repository/RAD_Pages/Taxpayer_Page/input_BusinessRepsuffix'

2023-10-02 17:55:07 - [MESSAGE][PASSED] - rad.getSetDataRAD.setDataRADBusinessRep is PASSED

2023-10-02 17:55:07 - [TEST_STEP][PASSED] - rad.getSetDataRAD.setDataRADAddress(): rad.getSetDataRAD.setDataRADAddress is PASSED

2023-10-02 17:55:07 - [MESSAGE][PASSED] - All options with label 'United States' are selected in object 'Object Repository/RAD_Pages/AddressAndContactInfo_Page/select_Country' 

2023-10-02 17:55:08 - [MESSAGE][PASSED] - Text '2508 Mandan Terrace' is set on object 'Object Repository/RAD_Pages/AddressAndContactInfo_Page/input_streetAddress1'

2023-10-02 17:55:09 - [MESSAGE][PASSED] - Text '' is set on object 'Object Repository/RAD_Pages/AddressAndContactInfo_Page/input_streetAddress2'

2023-10-02 17:55:10 - [MESSAGE][PASSED] - Text 'Gambrills' is set on object 'Object Repository/RAD_Pages/AddressAndContactInfo_Page/input_city'

2023-10-02 17:55:11 - [MESSAGE][PASSED] - All options with label 'Maryland' are selected in object 'Object Repository/RAD_Pages/AddressAndContactInfo_Page/select_State' 

2023-10-02 17:55:11 - [MESSAGE][PASSED] - Text '21054' is set on object 'Object Repository/RAD_Pages/AddressAndContactInfo_Page/input_zipCode'

2023-10-02 17:55:12 - [MESSAGE][PASSED] - Text '(703) 894-5000' is set on object 'Object Repository/RAD_Pages/AddressAndContactInfo_Page/input_phoneNumber'

2023-10-02 17:55:13 - [MESSAGE][PASSED] - Text 'iahmed@govolution.com' is set on object 'Object Repository/RAD_Pages/AddressAndContactInfo_Page/input_eMailAddress'

2023-10-02 17:55:14 - [MESSAGE][PASSED] - Text 'iahmed@govolution.com' is set on object 'Object Repository/RAD_Pages/AddressAndContactInfo_Page/input_reEnterEMailAddress'

2023-10-02 17:55:14 - [MESSAGE][PASSED] - rad.getSetDataRAD.setDataRADAddress is PASSED

2023-10-02 17:55:14 - [TEST_STEP][PASSED] - if (feinSSN.equalsIgnoreCase("Y")): rad.getSetDataRAD.setDataRADFEINSSN is PASSED

2023-10-02 17:55:14 - [TEST_STEP][PASSED] - rad.getSetDataRAD.setDataRADFEINSSN(): rad.getSetDataRAD.setDataRADFEINSSN is PASSED

2023-10-02 17:55:15 - [MESSAGE][PASSED] - Text ****** has been set on object 'Object Repository/RAD_Pages/TaxInfo_Page/input_TaxInformation_feinSsn'

2023-10-02 17:55:16 - [MESSAGE][PASSED] - Text ****** has been set on object 'Object Repository/RAD_Pages/TaxInfo_Page/input_TaxInformation_RefeinSsn'

2023-10-02 17:55:16 - [MESSAGE][PASSED] - rad.getSetDataRAD.setDataRADFEINSSN is PASSED

2023-10-02 17:55:16 - [TEST_STEP][PASSED] - setText(findTestObject(orPath_Amount + "/input__paymentAmount"), "100.00"): Text '100.00' is set on object 'Object Repository/RAD_Pages/PaymentAmount_Page/input__paymentAmount'

2023-10-02 17:55:17 - [MESSAGE][PASSED] - Text '100.00' is set on object 'Object Repository/RAD_Pages/PaymentAmount_Page/input__paymentAmount'

2023-10-02 17:55:17 - [TEST_STEP][PASSED] - setText(findTestObject(orPath_AddressContact + "/input_streetAddress2"), ""): Text '' is set on object 'Object Repository/RAD_Pages/AddressAndContactInfo_Page/input_streetAddress2'

2023-10-02 17:55:17 - [MESSAGE][PASSED] - Text '' is set on object 'Object Repository/RAD_Pages/AddressAndContactInfo_Page/input_streetAddress2'

2023-10-02 17:55:17 - [TEST_STEP][PASSED] - scrollToElement(findTestObject(orPath_Landing + "/button_Continue"), 3): Scroll to object 'Object Repository/RAD_Pages/Landing_Page/button_Continue' successfully

2023-10-02 17:55:18 - [MESSAGE][PASSED] - Scroll to object 'Object Repository/RAD_Pages/Landing_Page/button_Continue' successfully

2023-10-02 17:55:18 - [TEST_STEP][PASSED] - waitForElementClickable(findTestObject(orPath_Landing + "/button_Continue"), 5): Object 'Object Repository/RAD_Pages/Landing_Page/button_Continue' is clickable

2023-10-02 17:55:18 - [MESSAGE][PASSED] - Object 'Object Repository/RAD_Pages/Landing_Page/button_Continue' is clickable

2023-10-02 17:55:18 - [TEST_STEP][PASSED] - click(findTestObject(orPath_Landing + "/button_Continue")): Object: 'Object Repository/RAD_Pages/Landing_Page/button_Continue' is clicked on

2023-10-02 17:55:19 - [MESSAGE][PASSED] - Object: 'Object Repository/RAD_Pages/Landing_Page/button_Continue' is clicked on

2023-10-02 17:55:19 - [TEST_STEP][PASSED] - delay(2): Delayed 2 second(s)

2023-10-02 17:55:21 - [MESSAGE][PASSED] - Delayed 2 second(s)

2023-10-02 17:55:21 - [TEST_STEP][PASSED] - verifyTextPresent("Summary", true): Text 'Summary' is present on page  using regular expression

2023-10-02 17:55:21 - [MESSAGE][PASSED] - Text 'Summary' is present on page  using regular expression

2023-10-02 17:55:21 - [TEST_STEP][PASSED] - verifyTextPresent("Review the information below and make any necessary corrections by clicking the", true): Text 'Review the information below and make any necessary corrections by clicking the' is present on page  using regular expression

2023-10-02 17:55:21 - [MESSAGE][PASSED] - Text 'Review the information below and make any necessary corrections by clicking the' is present on page  using regular expression

2023-10-02 17:55:21 - [TEST_STEP][PASSED] - verifyTextPresent("When you are confident that all the information is correct, click the", true): Text 'When you are confident that all the information is correct, click the' is present on page  using regular expression

2023-10-02 17:55:22 - [MESSAGE][PASSED] - Text 'When you are confident that all the information is correct, click the' is present on page  using regular expression

2023-10-02 17:55:22 - [TEST_STEP][PASSED] - verifyTextPresent("Payment Type/Filing Year", true): Text 'Payment Type/Filing Year' is present on page  using regular expression

2023-10-02 17:55:22 - [MESSAGE][PASSED] - Text 'Payment Type/Filing Year' is present on page  using regular expression

2023-10-02 17:55:22 - [TEST_STEP][PASSED] - verifyTextPresent("Payment Type:", true): Text 'Payment Type:' is present on page  using regular expression

2023-10-02 17:55:23 - [MESSAGE][PASSED] - Text 'Payment Type:' is present on page  using regular expression

2023-10-02 17:55:23 - [TEST_STEP][PASSED] - verifyTextPresent("Quarterly Estimated Tax", true): Text 'Quarterly Estimated Tax' is present on page  using regular expression

2023-10-02 17:55:23 - [MESSAGE][PASSED] - Text 'Quarterly Estimated Tax' is present on page  using regular expression

2023-10-02 17:55:23 - [TEST_STEP][PASSED] - verifyTextPresent("Filing Year:", true): Text 'Filing Year:' is present on page  using regular expression

2023-10-02 17:55:23 - [MESSAGE][PASSED] - Text 'Filing Year:' is present on page  using regular expression

2023-10-02 17:55:23 - [TEST_STEP][PASSED] - verifyTextPresent(FilingYear, true): Text '2023' is present on page  using regular expression

2023-10-02 17:55:24 - [MESSAGE][PASSED] - Text '2023' is present on page  using regular expression

2023-10-02 17:55:24 - [TEST_STEP][PASSED] - verifyTextPresent("Period Ending:", true): Text 'Period Ending:' is present on page  using regular expression

2023-10-02 17:55:24 - [MESSAGE][PASSED] - Text 'Period Ending:' is present on page  using regular expression

2023-10-02 17:55:24 - [TEST_STEP][PASSED] - verifyTextPresent(PeriodEndingMonth, true): Text 'December' is present on page  using regular expression

2023-10-02 17:55:24 - [MESSAGE][PASSED] - Text 'December' is present on page  using regular expression

2023-10-02 17:55:24 - [TEST_STEP][PASSED] - verifyTextPresent("Payer Information", true): Text 'Payer Information' is present on page  using regular expression

2023-10-02 17:55:25 - [MESSAGE][PASSED] - Text 'Payer Information' is present on page  using regular expression

2023-10-02 17:55:25 - [TEST_STEP][PASSED] - verifyTextPresent("Taxpayer Name:", true): Text 'Taxpayer Name:' is present on page  using regular expression

2023-10-02 17:55:25 - [MESSAGE][PASSED] - Text 'Taxpayer Name:' is present on page  using regular expression

2023-10-02 17:55:25 - [TEST_STEP][PASSED] - verifyTextPresent("My Company", true): Text 'My Company' is present on page  using regular expression

2023-10-02 17:55:26 - [MESSAGE][PASSED] - Text 'My Company' is present on page  using regular expression

2023-10-02 17:55:26 - [TEST_STEP][PASSED] - verifyTextPresent("Business Rep Name:", true): Text 'Business Rep Name:' is present on page  using regular expression

2023-10-02 17:55:26 - [MESSAGE][PASSED] - Text 'Business Rep Name:' is present on page  using regular expression

2023-10-02 17:55:26 - [TEST_STEP][PASSED] - verifyTextPresent("BusRepFname BusRepLname", true): Text 'BusRepFname BusRepLname' is present on page  using regular expression

2023-10-02 17:55:26 - [MESSAGE][PASSED] - Text 'BusRepFname BusRepLname' is present on page  using regular expression

2023-10-02 17:55:26 - [TEST_STEP][PASSED] - verifyTextPresent("Taxpayer Address:", true): Text 'Taxpayer Address:' is present on page  using regular expression

2023-10-02 17:55:27 - [MESSAGE][PASSED] - Text 'Taxpayer Address:' is present on page  using regular expression

2023-10-02 17:55:27 - [TEST_STEP][PASSED] - verifyTextPresent("2508 Mandan Terrace Gambrills Maryland 21054", true): Text '2508 Mandan Terrace Gambrills Maryland 21054' is present on page  using regular expression

2023-10-02 17:55:27 - [MESSAGE][PASSED] - Text '2508 Mandan Terrace Gambrills Maryland 21054' is present on page  using regular expression

2023-10-02 17:55:27 - [TEST_STEP][PASSED] - verifyTextPresent("Email:", true): Text 'Email:' is present on page  using regular expression

2023-10-02 17:55:28 - [MESSAGE][PASSED] - Text 'Email:' is present on page  using regular expression

2023-10-02 17:55:28 - [TEST_STEP][PASSED] - verifyTextPresent("iahmed@govolution.com", true): Text 'iahmed@govolution.com' is present on page  using regular expression

2023-10-02 17:55:28 - [MESSAGE][PASSED] - Text 'iahmed@govolution.com' is present on page  using regular expression

2023-10-02 17:55:28 - [TEST_STEP][PASSED] - verifyTextPresent("Phone:", true): Text 'Phone:' is present on page  using regular expression

2023-10-02 17:55:28 - [MESSAGE][PASSED] - Text 'Phone:' is present on page  using regular expression

2023-10-02 17:55:28 - [TEST_STEP][PASSED] - verifyTextPresent("(703) 894-5000", false): Text '(703) 894-5000' is present on page 

2023-10-02 17:55:29 - [MESSAGE][PASSED] - Text '(703) 894-5000' is present on page 

2023-10-02 17:55:29 - [TEST_STEP][PASSED] - verifyTextPresent("Tax Information", true): Text 'Tax Information' is present on page  using regular expression

2023-10-02 17:55:29 - [MESSAGE][PASSED] - Text 'Tax Information' is present on page  using regular expression

2023-10-02 17:55:29 - [TEST_STEP][PASSED] - if (feinSSN.equalsIgnoreCase("Y")): Text 'Federal EIN:' is not present on page using regular expression

2023-10-02 17:55:29 - [TEST_STEP][PASSED] - verifyTextPresent("FEIN/SSN:", true): Text 'FEIN/SSN:' is present on page  using regular expression

2023-10-02 17:55:29 - [MESSAGE][PASSED] - Text 'FEIN/SSN:' is present on page  using regular expression

2023-10-02 17:55:29 - [TEST_STEP][PASSED] - verifyTextNotPresent("Federal EIN:", true): Text 'Federal EIN:' is not present on page using regular expression

2023-10-02 17:55:30 - [MESSAGE][PASSED] - Text 'Federal EIN:' is not present on page using regular expression

2023-10-02 17:55:30 - [TEST_STEP][PASSED] - verifyTextPresent("Payment Amount:", true): Text 'Payment Amount:' is present on page  using regular expression

2023-10-02 17:55:30 - [MESSAGE][PASSED] - Text 'Payment Amount:' is present on page  using regular expression

2023-10-02 17:55:30 - [TEST_STEP][PASSED] - verifyTextPresent("100.00", true): Text '100.00' is present on page  using regular expression

2023-10-02 17:55:31 - [MESSAGE][PASSED] - Text '100.00' is present on page  using regular expression

2023-10-02 17:55:31 - [TEST_STEP][PASSED] - if (verifyElementVisible(findTestObject(orPath_Summary + "/button_Proceed to Payment"))): null

2023-10-02 17:55:31 - [MESSAGE][PASSED] - Object 'Object Repository/RAD_Pages/Summary_Page/button_Proceed to Payment' is visible

2023-10-02 17:55:31 - [TEST_STEP][PASSED] - resText = "Pass": null

2023-10-02 17:55:31 - [TEST_STEP][PASSED] - pages.WriteExcel.demoKey(resText, datText, resColumn, datCloumn, fileLoc, nameSheet, row): pages.WriteExcel.demoKey is PASSED

2023-10-02 17:55:31 - [MESSAGE][PASSED] - pages.WriteExcel.demoKey is PASSED

2023-10-02 17:55:31 - [TEST_STEP][PASSED] - click(findTestObject(orPath_Summary + "/button_Proceed to Payment")): Object: 'Object Repository/RAD_Pages/Summary_Page/button_Proceed to Payment' is clicked on

2023-10-02 17:55:32 - [MESSAGE][PASSED] - Object: 'Object Repository/RAD_Pages/Summary_Page/button_Proceed to Payment' is clicked on]]></system-out>
         <system-err><![CDATA[]]></system-err>
      </testcase>
      <testcase name="Test Cases/RAD_TestCases/Summary_TestCases/Existing_Summary_TC" time="422.915" classname="Test Cases/RAD_TestCases/Summary_TestCases/Existing_Summary_TC" status="PASSED">
         <system-out><![CDATA[2023-10-02 17:55:32 - [TEST_CASE][PASSED] - Test Cases/RAD_TestCases/Summary_TestCases/Existing_Summary_TC: Test Cases/RAD_TestCases/Summary_TestCases/Existing_Summary_TC

2023-10-02 17:55:33 - [TEST_STEP][PASSED] - resText = "Fail": null

2023-10-02 17:55:33 - [TEST_STEP][PASSED] - resColumn = "Result": null

2023-10-02 17:55:33 - [TEST_STEP][PASSED] - datCloumn = "Date": null

2023-10-02 17:55:33 - [TEST_STEP][PASSED] - fileLoc = "KatalonData/RADTestData/Summary.xlsx": null

2023-10-02 17:55:33 - [TEST_STEP][PASSED] - nameSheet = "Existing": null

2023-10-02 17:55:33 - [TEST_STEP][PASSED] - dataFile = "RADTestData/Summary_Existing": null

2023-10-02 17:55:33 - [TEST_STEP][PASSED] - orPath_Landing = "Object Repository/RAD_Pages/Landing_Page": null

2023-10-02 17:55:33 - [TEST_STEP][PASSED] - orPath_TaxTypeFilingYear = "Object Repository/RAD_Pages/TaxTypeFilingYear_Page": null

2023-10-02 17:55:33 - [TEST_STEP][PASSED] - orPath_Amount = "Object Repository/RAD_Pages/PaymentAmount_Page": null

2023-10-02 17:55:33 - [TEST_STEP][PASSED] - orPath_AddressContact = "Object Repository/RAD_Pages/AddressAndContactInfo_Page": null

2023-10-02 17:55:33 - [TEST_STEP][PASSED] - orPath_Summary = "Object Repository/RAD_Pages/Summary_Page": null

2023-10-02 17:55:33 - [TEST_STEP][PASSED] - orPath_PaymentConfirmation = "Object Repository/RAD_Pages/PaymentConfirmation_Page": null

2023-10-02 17:55:33 - [TEST_STEP][PASSED] - orPath_ServiceFeesAccept = "Object Repository/RAD_Pages/ServiceFeeAccept_Page": null

2023-10-02 17:55:33 - [TEST_STEP][PASSED] - orPath_PaymentEntry = "Object Repository/RAD_Pages/PaymentEntry_Page": null

2023-10-02 17:55:33 - [TEST_STEP][PASSED] - orPath_TaxInfo = "Object Repository/RAD_Pages/TaxInfo_Page": null

2023-10-02 17:55:33 - [TEST_STEP][PASSED] - ExecuteTC = <not implemented yet for class: org.codehaus.groovy.ast.expr.EmptyExpression>: null

2023-10-02 17:55:33 - [TEST_STEP][PASSED] - TaxType = <not implemented yet for class: org.codehaus.groovy.ast.expr.EmptyExpression>: null

2023-10-02 17:55:33 - [TEST_STEP][PASSED] - PaymentType = <not implemented yet for class: org.codehaus.groovy.ast.expr.EmptyExpression>: null

2023-10-02 17:55:33 - [TEST_STEP][PASSED] - FilingYear = <not implemented yet for class: org.codehaus.groovy.ast.expr.EmptyExpression>: null

2023-10-02 17:55:33 - [TEST_STEP][PASSED] - PeriodEndingMonth = <not implemented yet for class: org.codehaus.groovy.ast.expr.EmptyExpression>: null

2023-10-02 17:55:33 - [TEST_STEP][PASSED] - feinSsn = <not implemented yet for class: org.codehaus.groovy.ast.expr.EmptyExpression>: null

2023-10-02 17:55:33 - [TEST_STEP][PASSED] - numOfRows = findTestData(dataFile).getRowNumbers(): null

2023-10-02 17:55:33 - [TEST_STEP][PASSED] - println("Number of Records: " + numOfRows): null

2023-10-02 17:55:33 - [TEST_STEP][PASSED] - for ([row = 1, row <= numOfRows, (row++)]): Object: 'Object Repository/RAD_Pages/Summary_Page/button_Proceed to Payment' is clicked on

2023-10-02 17:55:33 - [TEST_STEP][PASSED] - ExecuteTC = findTestData(dataFile).getValue("Execute", row): null

2023-10-02 17:55:33 - [TEST_STEP][PASSED] - TaxType = findTestData(dataFile).getValue("TaxType", row): null

2023-10-02 17:55:33 - [TEST_STEP][PASSED] - PaymentType = findTestData(dataFile).getValue("PaymentType", row): null

2023-10-02 17:55:33 - [TEST_STEP][PASSED] - feinSsn = findTestData(dataFile).getValue("FEINSSN", row): null

2023-10-02 17:55:33 - [TEST_STEP][PASSED] - if (ExecuteTC.equalsIgnoreCase("Y")): Object: 'Object Repository/RAD_Pages/Summary_Page/button_Proceed to Payment' is clicked on

2023-10-02 17:55:33 - [TEST_STEP][PASSED] - out.println("Begin Record Number: " + row): null

2023-10-02 17:55:33 - [TEST_STEP][PASSED] - today = new java.util.Date(): null

2023-10-02 17:55:33 - [TEST_STEP][PASSED] - println(today): null

2023-10-02 17:55:33 - [TEST_STEP][PASSED] - datText = today: null

2023-10-02 17:55:33 - [TEST_STEP][PASSED] - logInfo("Payment Type: Existing Liability w/Notice Number"): Payment Type: Existing Liability w/Notice Number

2023-10-02 17:55:33 - [MESSAGE][INFO] - Payment Type: Existing Liability w/Notice Number

2023-10-02 17:55:33 - [TEST_STEP][PASSED] - logInfo("Tax Type: " + TaxType): Tax Type: Bay Restoration Fee

2023-10-02 17:55:33 - [MESSAGE][INFO] - Tax Type: Bay Restoration Fee

2023-10-02 17:55:33 - [TEST_STEP][PASSED] - openBrowser(""): Browser is opened with url: ''

2023-10-02 17:55:33 - [MESSAGE][WARNING] - A browser is already opened. Closing browser and opening a new one

2023-10-02 17:55:34 - [MESSAGE][INFO] - Starting 'Chrome' driver

2023-10-02 17:55:34 - [MESSAGE][INFO] - User set preference: ['acceptInsecureCerts', 'true']

2023-10-02 17:55:34 - [MESSAGE][INFO] - Action delay is set to 0 milliseconds

2023-10-02 17:55:35 - [MESSAGE][PASSED] - Browser is opened with url: ''

2023-10-02 17:55:35 - [TEST_STEP][PASSED] - maximizeWindow(): Current window maximized

2023-10-02 17:55:35 - [MESSAGE][PASSED] - Current window maximized

2023-10-02 17:55:35 - [TEST_STEP][PASSED] - navigateToUrl(RADurl): Navigate to 'https://demo.velocitypayment.com/client/rad/index.html' successfully

2023-10-02 17:55:37 - [MESSAGE][PASSED] - Navigate to 'https://demo.velocitypayment.com/client/rad/index.html' successfully

2023-10-02 17:55:37 - [TEST_STEP][PASSED] - selectOptionByLabel(findTestObject(orPath_Landing + "/dd_TaxType"), "Existing Liability w/Notice Number", false): All options with label 'Existing Liability w/Notice Number' are selected in object 'Object Repository/RAD_Pages/Landing_Page/dd_TaxType' 

2023-10-02 17:55:38 - [MESSAGE][PASSED] - All options with label 'Existing Liability w/Notice Number' are selected in object 'Object Repository/RAD_Pages/Landing_Page/dd_TaxType' 

2023-10-02 17:55:38 - [TEST_STEP][PASSED] - selectOptionByLabel(findTestObject(orPath_TaxTypeFilingYear + "/select_TaxType_ExistingLiability"), TaxType, false): All options with label 'Bay Restoration Fee' are selected in object 'Object Repository/RAD_Pages/TaxTypeFilingYear_Page/select_TaxType_ExistingLiability' 

2023-10-02 17:55:38 - [MESSAGE][PASSED] - All options with label 'Bay Restoration Fee' are selected in object 'Object Repository/RAD_Pages/TaxTypeFilingYear_Page/select_TaxType_ExistingLiability' 

2023-10-02 17:55:38 - [TEST_STEP][PASSED] - rad.getSetDataRAD.setDataRADBusinessName(): rad.getSetDataRAD.setDataRADBusinessName is PASSED

2023-10-02 17:55:39 - [MESSAGE][PASSED] - Text 'My Company' is set on object 'Object Repository/RAD_Pages/Taxpayer_Page/input_businessName'

2023-10-02 17:55:39 - [MESSAGE][PASSED] - rad.getSetDataRAD.setDataRADBusinessName is PASSED

2023-10-02 17:55:39 - [TEST_STEP][PASSED] - rad.getSetDataRAD.setDataRADBusinessRep(): rad.getSetDataRAD.setDataRADBusinessRep is PASSED

2023-10-02 17:55:41 - [MESSAGE][PASSED] - Text 'BusRepFname' is set on object 'Object Repository/RAD_Pages/Taxpayer_Page/input_BusinessRepfirstName'

2023-10-02 17:55:42 - [MESSAGE][PASSED] - Text '' is set on object 'Object Repository/RAD_Pages/Taxpayer_Page/input_BusinessRepmiddleName'

2023-10-02 17:55:43 - [MESSAGE][PASSED] - Text 'BusRepLname' is set on object 'Object Repository/RAD_Pages/Taxpayer_Page/input_BusinessReplastName'

2023-10-02 17:55:44 - [MESSAGE][PASSED] - Text '' is set on object 'Object Repository/RAD_Pages/Taxpayer_Page/input_BusinessRepsuffix'

2023-10-02 17:55:44 - [MESSAGE][PASSED] - rad.getSetDataRAD.setDataRADBusinessRep is PASSED

2023-10-02 17:55:44 - [TEST_STEP][PASSED] - rad.getSetDataRAD.setDataRADAddress(): rad.getSetDataRAD.setDataRADAddress is PASSED

2023-10-02 17:55:44 - [MESSAGE][PASSED] - All options with label 'United States' are selected in object 'Object Repository/RAD_Pages/AddressAndContactInfo_Page/select_Country' 

2023-10-02 17:55:45 - [MESSAGE][PASSED] - Text '2508 Mandan Terrace' is set on object 'Object Repository/RAD_Pages/AddressAndContactInfo_Page/input_streetAddress1'

2023-10-02 17:55:46 - [MESSAGE][PASSED] - Text '' is set on object 'Object Repository/RAD_Pages/AddressAndContactInfo_Page/input_streetAddress2'

2023-10-02 17:55:47 - [MESSAGE][PASSED] - Text 'Gambrills' is set on object 'Object Repository/RAD_Pages/AddressAndContactInfo_Page/input_city'

2023-10-02 17:55:48 - [MESSAGE][PASSED] - All options with label 'Maryland' are selected in object 'Object Repository/RAD_Pages/AddressAndContactInfo_Page/select_State' 

2023-10-02 17:55:48 - [MESSAGE][PASSED] - Text '21054' is set on object 'Object Repository/RAD_Pages/AddressAndContactInfo_Page/input_zipCode'

2023-10-02 17:55:49 - [MESSAGE][PASSED] - Text '(703) 894-5000' is set on object 'Object Repository/RAD_Pages/AddressAndContactInfo_Page/input_phoneNumber'

2023-10-02 17:55:51 - [MESSAGE][PASSED] - Text 'iahmed@govolution.com' is set on object 'Object Repository/RAD_Pages/AddressAndContactInfo_Page/input_eMailAddress'

2023-10-02 17:55:52 - [MESSAGE][PASSED] - Text 'iahmed@govolution.com' is set on object 'Object Repository/RAD_Pages/AddressAndContactInfo_Page/input_reEnterEMailAddress'

2023-10-02 17:55:52 - [MESSAGE][PASSED] - rad.getSetDataRAD.setDataRADAddress is PASSED

2023-10-02 17:55:52 - [TEST_STEP][PASSED] - if (feinSsn.equalsIgnoreCase("Y")): null

2023-10-02 17:55:52 - [TEST_STEP][PASSED] - else: Text ****** has been set on object 'Object Repository/RAD_Pages/TaxInfo_Page/input_concat(id(, , data, , ))_Data (1)'

2023-10-02 17:55:52 - [TEST_STEP][PASSED] - setEncryptedText(findTestObject("Object Repository/RAD_Pages/TaxInfo_Page/input_concat(id(, , data, , ))_Data"), "RigbBhfdqODKcAsiUrg+1Q=="): Text ****** has been set on object 'Object Repository/RAD_Pages/TaxInfo_Page/input_concat(id(, , data, , ))_Data'

2023-10-02 17:55:52 - [MESSAGE][PASSED] - Text ****** has been set on object 'Object Repository/RAD_Pages/TaxInfo_Page/input_concat(id(, , data, , ))_Data'

2023-10-02 17:55:52 - [TEST_STEP][PASSED] - setEncryptedText(findTestObject("Object Repository/RAD_Pages/TaxInfo_Page/input_concat(id(, , data, , ))_Data (1)"), "RigbBhfdqODKcAsiUrg+1Q=="): Text ****** has been set on object 'Object Repository/RAD_Pages/TaxInfo_Page/input_concat(id(, , data, , ))_Data (1)'

2023-10-02 17:55:53 - [MESSAGE][PASSED] - Text ****** has been set on object 'Object Repository/RAD_Pages/TaxInfo_Page/input_concat(id(, , data, , ))_Data (1)'

2023-10-02 17:55:53 - [TEST_STEP][PASSED] - rad.getSetDataRAD.setDataRADNoticeInvoiceThirteen(): rad.getSetDataRAD.setDataRADNoticeInvoiceThirteen is PASSED

2023-10-02 17:55:54 - [MESSAGE][PASSED] - Text '1234567890123' is set on object 'Object Repository/RAD_Pages/TaxInfo_Page/input_NoticeInvoiceNumber'

2023-10-02 17:55:54 - [MESSAGE][PASSED] - Text '1234567890123' is set on object 'Object Repository/RAD_Pages/TaxInfo_Page/input_reTypeNoticeInvoiceNumber'

2023-10-02 17:55:54 - [MESSAGE][PASSED] - rad.getSetDataRAD.setDataRADNoticeInvoiceThirteen is PASSED

2023-10-02 17:55:54 - [TEST_STEP][PASSED] - switch (TaxType): null

2023-10-02 17:55:54 - [TEST_STEP][PASSED] - setText(findTestObject(orPath_Amount + "/input__paymentAmount"), "100.00"): Text '100.00' is set on object 'Object Repository/RAD_Pages/PaymentAmount_Page/input__paymentAmount'

2023-10-02 17:55:55 - [MESSAGE][PASSED] - Text '100.00' is set on object 'Object Repository/RAD_Pages/PaymentAmount_Page/input__paymentAmount'

2023-10-02 17:55:55 - [TEST_STEP][PASSED] - setText(findTestObject(orPath_AddressContact + "/input_streetAddress2"), ""): Text '' is set on object 'Object Repository/RAD_Pages/AddressAndContactInfo_Page/input_streetAddress2'

2023-10-02 17:55:56 - [MESSAGE][PASSED] - Text '' is set on object 'Object Repository/RAD_Pages/AddressAndContactInfo_Page/input_streetAddress2'

2023-10-02 17:55:56 - [TEST_STEP][PASSED] - scrollToElement(findTestObject(orPath_Landing + "/button_Continue"), 3): Scroll to object 'Object Repository/RAD_Pages/Landing_Page/button_Continue' successfully

2023-10-02 17:55:57 - [MESSAGE][PASSED] - Scroll to object 'Object Repository/RAD_Pages/Landing_Page/button_Continue' successfully

2023-10-02 17:55:57 - [TEST_STEP][PASSED] - waitForElementClickable(findTestObject(orPath_Landing + "/button_Continue"), 5): Object 'Object Repository/RAD_Pages/Landing_Page/button_Continue' is clickable

2023-10-02 17:55:57 - [MESSAGE][PASSED] - Object 'Object Repository/RAD_Pages/Landing_Page/button_Continue' is clickable

2023-10-02 17:55:57 - [TEST_STEP][PASSED] - click(findTestObject(orPath_Landing + "/button_Continue")): Object: 'Object Repository/RAD_Pages/Landing_Page/button_Continue' is clicked on

2023-10-02 17:55:57 - [MESSAGE][PASSED] - Object: 'Object Repository/RAD_Pages/Landing_Page/button_Continue' is clicked on

2023-10-02 17:55:57 - [TEST_STEP][PASSED] - delay(2): Delayed 2 second(s)

2023-10-02 17:55:59 - [MESSAGE][PASSED] - Delayed 2 second(s)

2023-10-02 17:55:59 - [TEST_STEP][PASSED] - verifyTextPresent("Summary", true): Text 'Summary' is present on page  using regular expression

2023-10-02 17:56:00 - [MESSAGE][PASSED] - Text 'Summary' is present on page  using regular expression

2023-10-02 17:56:00 - [TEST_STEP][PASSED] - verifyTextPresent("Review the information below and make any necessary corrections by clicking the", true): Text 'Review the information below and make any necessary corrections by clicking the' is present on page  using regular expression

2023-10-02 17:56:00 - [MESSAGE][PASSED] - Text 'Review the information below and make any necessary corrections by clicking the' is present on page  using regular expression

2023-10-02 17:56:00 - [TEST_STEP][PASSED] - verifyTextPresent("When you are confident that all the information is correct, click the", true): Text 'When you are confident that all the information is correct, click the' is present on page  using regular expression

2023-10-02 17:56:01 - [MESSAGE][PASSED] - Text 'When you are confident that all the information is correct, click the' is present on page  using regular expression

2023-10-02 17:56:01 - [TEST_STEP][PASSED] - verifyTextPresent("Payment Type/Filing Year", true): Text 'Payment Type/Filing Year' is present on page  using regular expression

2023-10-02 17:56:01 - [MESSAGE][PASSED] - Text 'Payment Type/Filing Year' is present on page  using regular expression

2023-10-02 17:56:01 - [TEST_STEP][PASSED] - verifyTextPresent("Payment Type:", true): Text 'Payment Type:' is present on page  using regular expression

2023-10-02 17:56:01 - [MESSAGE][PASSED] - Text 'Payment Type:' is present on page  using regular expression

2023-10-02 17:56:01 - [TEST_STEP][PASSED] - verifyTextPresent("Existing Liability w/Notice Number", true): Text 'Existing Liability w/Notice Number' is present on page  using regular expression

2023-10-02 17:56:02 - [MESSAGE][PASSED] - Text 'Existing Liability w/Notice Number' is present on page  using regular expression

2023-10-02 17:56:02 - [TEST_STEP][PASSED] - verifyTextPresent("Payer Information", true): Text 'Payer Information' is present on page  using regular expression

2023-10-02 17:56:02 - [MESSAGE][PASSED] - Text 'Payer Information' is present on page  using regular expression

2023-10-02 17:56:02 - [TEST_STEP][PASSED] - verifyTextPresent("Taxpayer Name:", true): Text 'Taxpayer Name:' is present on page  using regular expression

2023-10-02 17:56:02 - [MESSAGE][PASSED] - Text 'Taxpayer Name:' is present on page  using regular expression

2023-10-02 17:56:02 - [TEST_STEP][PASSED] - if (!(TaxType.equalsIgnoreCase("Sales & Use Tax"))): Text 'My Company' is present on page  using regular expression

2023-10-02 17:56:02 - [TEST_STEP][PASSED] - verifyTextPresent("My Company", true): Text 'My Company' is present on page  using regular expression

2023-10-02 17:56:03 - [MESSAGE][PASSED] - Text 'My Company' is present on page  using regular expression

2023-10-02 17:56:03 - [TEST_STEP][PASSED] - verifyTextPresent("Business Rep Name:", true): Text 'Business Rep Name:' is present on page  using regular expression

2023-10-02 17:56:03 - [MESSAGE][PASSED] - Text 'Business Rep Name:' is present on page  using regular expression

2023-10-02 17:56:03 - [TEST_STEP][PASSED] - verifyTextPresent("BusRepFname BusRepLname", true): Text 'BusRepFname BusRepLname' is present on page  using regular expression

2023-10-02 17:56:04 - [MESSAGE][PASSED] - Text 'BusRepFname BusRepLname' is present on page  using regular expression

2023-10-02 17:56:04 - [TEST_STEP][PASSED] - verifyTextPresent("Taxpayer Address:", true): Text 'Taxpayer Address:' is present on page  using regular expression

2023-10-02 17:56:04 - [MESSAGE][PASSED] - Text 'Taxpayer Address:' is present on page  using regular expression

2023-10-02 17:56:04 - [TEST_STEP][PASSED] - verifyTextPresent("2508 Mandan Terrace Gambrills Maryland 21054", true): Text '2508 Mandan Terrace Gambrills Maryland 21054' is present on page  using regular expression

2023-10-02 17:56:04 - [MESSAGE][PASSED] - Text '2508 Mandan Terrace Gambrills Maryland 21054' is present on page  using regular expression

2023-10-02 17:56:04 - [TEST_STEP][PASSED] - verifyTextPresent("Email:", true): Text 'Email:' is present on page  using regular expression

2023-10-02 17:56:05 - [MESSAGE][PASSED] - Text 'Email:' is present on page  using regular expression

2023-10-02 17:56:05 - [TEST_STEP][PASSED] - verifyTextPresent("iahmed@govolution.com", true): Text 'iahmed@govolution.com' is present on page  using regular expression

2023-10-02 17:56:05 - [MESSAGE][PASSED] - Text 'iahmed@govolution.com' is present on page  using regular expression

2023-10-02 17:56:05 - [TEST_STEP][PASSED] - verifyTextPresent("Phone:", true): Text 'Phone:' is present on page  using regular expression

2023-10-02 17:56:05 - [MESSAGE][PASSED] - Text 'Phone:' is present on page  using regular expression

2023-10-02 17:56:05 - [TEST_STEP][PASSED] - verifyTextPresent("(703) 894-5000", false): Text '(703) 894-5000' is present on page 

2023-10-02 17:56:06 - [MESSAGE][PASSED] - Text '(703) 894-5000' is present on page 

2023-10-02 17:56:06 - [TEST_STEP][PASSED] - verifyTextPresent("Tax Information", true): Text 'Tax Information' is present on page  using regular expression

2023-10-02 17:56:06 - [MESSAGE][PASSED] - Text 'Tax Information' is present on page  using regular expression

2023-10-02 17:56:06 - [TEST_STEP][PASSED] - if (feinSsn.equalsIgnoreCase("Y")): null

2023-10-02 17:56:06 - [TEST_STEP][PASSED] - else: Text 'FEIN/SSN:' is not present on page using regular expression

2023-10-02 17:56:06 - [TEST_STEP][PASSED] - verifyTextPresent("Federal EIN:", true): Text 'Federal EIN:' is present on page  using regular expression

2023-10-02 17:56:07 - [MESSAGE][PASSED] - Text 'Federal EIN:' is present on page  using regular expression

2023-10-02 17:56:07 - [TEST_STEP][PASSED] - verifyTextNotPresent("FEIN/SSN:", true): Text 'FEIN/SSN:' is not present on page using regular expression

2023-10-02 17:56:07 - [MESSAGE][PASSED] - Text 'FEIN/SSN:' is not present on page using regular expression

2023-10-02 17:56:07 - [TEST_STEP][PASSED] - verifyTextPresent("Notice Number:", true): Text 'Notice Number:' is present on page  using regular expression

2023-10-02 17:56:07 - [MESSAGE][PASSED] - Text 'Notice Number:' is present on page  using regular expression

2023-10-02 17:56:07 - [TEST_STEP][PASSED] - verifyTextPresent("1234567890123", true): Text '1234567890123' is present on page  using regular expression

2023-10-02 17:56:08 - [MESSAGE][PASSED] - Text '1234567890123' is present on page  using regular expression

2023-10-02 17:56:08 - [TEST_STEP][PASSED] - verifyTextPresent("Tax Type:", true): Text 'Tax Type:' is present on page  using regular expression

2023-10-02 17:56:08 - [MESSAGE][PASSED] - Text 'Tax Type:' is present on page  using regular expression

2023-10-02 17:56:08 - [TEST_STEP][PASSED] - verifyTextPresent(TaxType, true): Text 'Bay Restoration Fee' is present on page  using regular expression

2023-10-02 17:56:08 - [MESSAGE][PASSED] - Text 'Bay Restoration Fee' is present on page  using regular expression

2023-10-02 17:56:08 - [TEST_STEP][PASSED] - verifyTextPresent("Payment Amount:", true): Text 'Payment Amount:' is present on page  using regular expression

2023-10-02 17:56:09 - [MESSAGE][PASSED] - Text 'Payment Amount:' is present on page  using regular expression

2023-10-02 17:56:09 - [TEST_STEP][PASSED] - verifyTextPresent("100.00", true): Text '100.00' is present on page  using regular expression

2023-10-02 17:56:09 - [MESSAGE][PASSED] - Text '100.00' is present on page  using regular expression

2023-10-02 17:56:09 - [TEST_STEP][PASSED] - if (verifyElementVisible(findTestObject(orPath_Summary + "/button_Proceed to Payment"))): null

2023-10-02 17:56:10 - [MESSAGE][PASSED] - Object 'Object Repository/RAD_Pages/Summary_Page/button_Proceed to Payment' is visible

2023-10-02 17:56:10 - [TEST_STEP][PASSED] - resText = "Pass": null

2023-10-02 17:56:10 - [TEST_STEP][PASSED] - pages.WriteExcel.demoKey(resText, datText, resColumn, datCloumn, fileLoc, nameSheet, row): pages.WriteExcel.demoKey is PASSED

2023-10-02 17:56:10 - [MESSAGE][PASSED] - pages.WriteExcel.demoKey is PASSED

2023-10-02 17:56:10 - [TEST_STEP][PASSED] - click(findTestObject(orPath_Summary + "/button_Proceed to Payment")): Object: 'Object Repository/RAD_Pages/Summary_Page/button_Proceed to Payment' is clicked on

2023-10-02 17:56:11 - [MESSAGE][PASSED] - Object: 'Object Repository/RAD_Pages/Summary_Page/button_Proceed to Payment' is clicked on

2023-10-02 17:56:11 - [TEST_STEP][PASSED] - ExecuteTC = findTestData(dataFile).getValue("Execute", row): null

2023-10-02 17:56:11 - [TEST_STEP][PASSED] - TaxType = findTestData(dataFile).getValue("TaxType", row): null

2023-10-02 17:56:11 - [TEST_STEP][PASSED] - PaymentType = findTestData(dataFile).getValue("PaymentType", row): null

2023-10-02 17:56:11 - [TEST_STEP][PASSED] - feinSsn = findTestData(dataFile).getValue("FEINSSN", row): null

2023-10-02 17:56:11 - [TEST_STEP][PASSED] - if (ExecuteTC.equalsIgnoreCase("Y")): Object: 'Object Repository/RAD_Pages/Summary_Page/button_Proceed to Payment' is clicked on

2023-10-02 17:56:11 - [TEST_STEP][PASSED] - out.println("Begin Record Number: " + row): null

2023-10-02 17:56:11 - [TEST_STEP][PASSED] - today = new java.util.Date(): null

2023-10-02 17:56:11 - [TEST_STEP][PASSED] - println(today): null

2023-10-02 17:56:11 - [TEST_STEP][PASSED] - datText = today: null

2023-10-02 17:56:11 - [TEST_STEP][PASSED] - logInfo("Payment Type: Existing Liability w/Notice Number"): Payment Type: Existing Liability w/Notice Number

2023-10-02 17:56:11 - [MESSAGE][INFO] - Payment Type: Existing Liability w/Notice Number

2023-10-02 17:56:11 - [TEST_STEP][PASSED] - logInfo("Tax Type: " + TaxType): Tax Type: Corporate Income Tax

2023-10-02 17:56:11 - [MESSAGE][INFO] - Tax Type: Corporate Income Tax

2023-10-02 17:56:11 - [TEST_STEP][PASSED] - openBrowser(""): Browser is opened with url: ''

2023-10-02 17:56:11 - [MESSAGE][WARNING] - A browser is already opened. Closing browser and opening a new one

2023-10-02 17:56:12 - [MESSAGE][INFO] - Starting 'Chrome' driver

2023-10-02 17:56:12 - [MESSAGE][INFO] - User set preference: ['acceptInsecureCerts', 'true']

2023-10-02 17:56:12 - [MESSAGE][INFO] - Action delay is set to 0 milliseconds

2023-10-02 17:56:14 - [MESSAGE][PASSED] - Browser is opened with url: ''

2023-10-02 17:56:14 - [TEST_STEP][PASSED] - maximizeWindow(): Current window maximized

2023-10-02 17:56:14 - [MESSAGE][PASSED] - Current window maximized

2023-10-02 17:56:14 - [TEST_STEP][PASSED] - navigateToUrl(RADurl): Navigate to 'https://demo.velocitypayment.com/client/rad/index.html' successfully

2023-10-02 17:56:15 - [MESSAGE][PASSED] - Navigate to 'https://demo.velocitypayment.com/client/rad/index.html' successfully

2023-10-02 17:56:15 - [TEST_STEP][PASSED] - selectOptionByLabel(findTestObject(orPath_Landing + "/dd_TaxType"), "Existing Liability w/Notice Number", false): All options with label 'Existing Liability w/Notice Number' are selected in object 'Object Repository/RAD_Pages/Landing_Page/dd_TaxType' 

2023-10-02 17:56:16 - [MESSAGE][PASSED] - All options with label 'Existing Liability w/Notice Number' are selected in object 'Object Repository/RAD_Pages/Landing_Page/dd_TaxType' 

2023-10-02 17:56:16 - [TEST_STEP][PASSED] - selectOptionByLabel(findTestObject(orPath_TaxTypeFilingYear + "/select_TaxType_ExistingLiability"), TaxType, false): All options with label 'Corporate Income Tax' are selected in object 'Object Repository/RAD_Pages/TaxTypeFilingYear_Page/select_TaxType_ExistingLiability' 

2023-10-02 17:56:17 - [MESSAGE][PASSED] - All options with label 'Corporate Income Tax' are selected in object 'Object Repository/RAD_Pages/TaxTypeFilingYear_Page/select_TaxType_ExistingLiability' 

2023-10-02 17:56:17 - [TEST_STEP][PASSED] - rad.getSetDataRAD.setDataRADBusinessName(): rad.getSetDataRAD.setDataRADBusinessName is PASSED

2023-10-02 17:56:18 - [MESSAGE][PASSED] - Text 'My Company' is set on object 'Object Repository/RAD_Pages/Taxpayer_Page/input_businessName'

2023-10-02 17:56:18 - [MESSAGE][PASSED] - rad.getSetDataRAD.setDataRADBusinessName is PASSED

2023-10-02 17:56:18 - [TEST_STEP][PASSED] - rad.getSetDataRAD.setDataRADBusinessRep(): rad.getSetDataRAD.setDataRADBusinessRep is PASSED

2023-10-02 17:56:19 - [MESSAGE][PASSED] - Text 'BusRepFname' is set on object 'Object Repository/RAD_Pages/Taxpayer_Page/input_BusinessRepfirstName'

2023-10-02 17:56:20 - [MESSAGE][PASSED] - Text '' is set on object 'Object Repository/RAD_Pages/Taxpayer_Page/input_BusinessRepmiddleName'

2023-10-02 17:56:21 - [MESSAGE][PASSED] - Text 'BusRepLname' is set on object 'Object Repository/RAD_Pages/Taxpayer_Page/input_BusinessReplastName'

2023-10-02 17:56:22 - [MESSAGE][PASSED] - Text '' is set on object 'Object Repository/RAD_Pages/Taxpayer_Page/input_BusinessRepsuffix'

2023-10-02 17:56:22 - [MESSAGE][PASSED] - rad.getSetDataRAD.setDataRADBusinessRep is PASSED

2023-10-02 17:56:22 - [TEST_STEP][PASSED] - rad.getSetDataRAD.setDataRADAddress(): rad.getSetDataRAD.setDataRADAddress is PASSED

2023-10-02 17:56:23 - [MESSAGE][PASSED] - All options with label 'United States' are selected in object 'Object Repository/RAD_Pages/AddressAndContactInfo_Page/select_Country' 

2023-10-02 17:56:23 - [MESSAGE][PASSED] - Text '2508 Mandan Terrace' is set on object 'Object Repository/RAD_Pages/AddressAndContactInfo_Page/input_streetAddress1'

2023-10-02 17:56:24 - [MESSAGE][PASSED] - Text '' is set on object 'Object Repository/RAD_Pages/AddressAndContactInfo_Page/input_streetAddress2'

2023-10-02 17:56:25 - [MESSAGE][PASSED] - Text 'Gambrills' is set on object 'Object Repository/RAD_Pages/AddressAndContactInfo_Page/input_city'

2023-10-02 17:56:26 - [MESSAGE][PASSED] - All options with label 'Maryland' are selected in object 'Object Repository/RAD_Pages/AddressAndContactInfo_Page/select_State' 

2023-10-02 17:56:27 - [MESSAGE][PASSED] - Text '21054' is set on object 'Object Repository/RAD_Pages/AddressAndContactInfo_Page/input_zipCode'

2023-10-02 17:56:28 - [MESSAGE][PASSED] - Text '(703) 894-5000' is set on object 'Object Repository/RAD_Pages/AddressAndContactInfo_Page/input_phoneNumber'

2023-10-02 17:56:29 - [MESSAGE][PASSED] - Text 'iahmed@govolution.com' is set on object 'Object Repository/RAD_Pages/AddressAndContactInfo_Page/input_eMailAddress'

2023-10-02 17:56:30 - [MESSAGE][PASSED] - Text 'iahmed@govolution.com' is set on object 'Object Repository/RAD_Pages/AddressAndContactInfo_Page/input_reEnterEMailAddress'

2023-10-02 17:56:30 - [MESSAGE][PASSED] - rad.getSetDataRAD.setDataRADAddress is PASSED

2023-10-02 17:56:30 - [TEST_STEP][PASSED] - if (feinSsn.equalsIgnoreCase("Y")): null

2023-10-02 17:56:30 - [TEST_STEP][PASSED] - else: Text ****** has been set on object 'Object Repository/RAD_Pages/TaxInfo_Page/input_concat(id(, , data, , ))_Data (1)'

2023-10-02 17:56:30 - [TEST_STEP][PASSED] - setEncryptedText(findTestObject("Object Repository/RAD_Pages/TaxInfo_Page/input_concat(id(, , data, , ))_Data"), "RigbBhfdqODKcAsiUrg+1Q=="): Text ****** has been set on object 'Object Repository/RAD_Pages/TaxInfo_Page/input_concat(id(, , data, , ))_Data'

2023-10-02 17:56:30 - [MESSAGE][PASSED] - Text ****** has been set on object 'Object Repository/RAD_Pages/TaxInfo_Page/input_concat(id(, , data, , ))_Data'

2023-10-02 17:56:30 - [TEST_STEP][PASSED] - setEncryptedText(findTestObject("Object Repository/RAD_Pages/TaxInfo_Page/input_concat(id(, , data, , ))_Data (1)"), "RigbBhfdqODKcAsiUrg+1Q=="): Text ****** has been set on object 'Object Repository/RAD_Pages/TaxInfo_Page/input_concat(id(, , data, , ))_Data (1)'

2023-10-02 17:56:31 - [MESSAGE][PASSED] - Text ****** has been set on object 'Object Repository/RAD_Pages/TaxInfo_Page/input_concat(id(, , data, , ))_Data (1)'

2023-10-02 17:56:31 - [TEST_STEP][PASSED] - rad.getSetDataRAD.setDataRADNoticeInvoiceThirteen(): rad.getSetDataRAD.setDataRADNoticeInvoiceThirteen is PASSED

2023-10-02 17:56:32 - [MESSAGE][PASSED] - Text '1234567890123' is set on object 'Object Repository/RAD_Pages/TaxInfo_Page/input_NoticeInvoiceNumber'

2023-10-02 17:56:33 - [MESSAGE][PASSED] - Text '1234567890123' is set on object 'Object Repository/RAD_Pages/TaxInfo_Page/input_reTypeNoticeInvoiceNumber'

2023-10-02 17:56:33 - [MESSAGE][PASSED] - rad.getSetDataRAD.setDataRADNoticeInvoiceThirteen is PASSED

2023-10-02 17:56:33 - [TEST_STEP][PASSED] - switch (TaxType): null

2023-10-02 17:56:33 - [TEST_STEP][PASSED] - setText(findTestObject(orPath_Amount + "/input__paymentAmount"), "100.00"): Text '100.00' is set on object 'Object Repository/RAD_Pages/PaymentAmount_Page/input__paymentAmount'

2023-10-02 17:56:34 - [MESSAGE][PASSED] - Text '100.00' is set on object 'Object Repository/RAD_Pages/PaymentAmount_Page/input__paymentAmount'

2023-10-02 17:56:34 - [TEST_STEP][PASSED] - setText(findTestObject(orPath_AddressContact + "/input_streetAddress2"), ""): Text '' is set on object 'Object Repository/RAD_Pages/AddressAndContactInfo_Page/input_streetAddress2'

2023-10-02 17:56:35 - [MESSAGE][PASSED] - Text '' is set on object 'Object Repository/RAD_Pages/AddressAndContactInfo_Page/input_streetAddress2'

2023-10-02 17:56:35 - [TEST_STEP][PASSED] - scrollToElement(findTestObject(orPath_Landing + "/button_Continue"), 3): Scroll to object 'Object Repository/RAD_Pages/Landing_Page/button_Continue' successfully

2023-10-02 17:56:35 - [MESSAGE][PASSED] - Scroll to object 'Object Repository/RAD_Pages/Landing_Page/button_Continue' successfully

2023-10-02 17:56:35 - [TEST_STEP][PASSED] - waitForElementClickable(findTestObject(orPath_Landing + "/button_Continue"), 5): Object 'Object Repository/RAD_Pages/Landing_Page/button_Continue' is clickable

2023-10-02 17:56:35 - [MESSAGE][PASSED] - Object 'Object Repository/RAD_Pages/Landing_Page/button_Continue' is clickable

2023-10-02 17:56:35 - [TEST_STEP][PASSED] - click(findTestObject(orPath_Landing + "/button_Continue")): Object: 'Object Repository/RAD_Pages/Landing_Page/button_Continue' is clicked on

2023-10-02 17:56:36 - [MESSAGE][PASSED] - Object: 'Object Repository/RAD_Pages/Landing_Page/button_Continue' is clicked on

2023-10-02 17:56:36 - [TEST_STEP][PASSED] - delay(2): Delayed 2 second(s)

2023-10-02 17:56:38 - [MESSAGE][PASSED] - Delayed 2 second(s)

2023-10-02 17:56:38 - [TEST_STEP][PASSED] - verifyTextPresent("Summary", true): Text 'Summary' is present on page  using regular expression

2023-10-02 17:56:38 - [MESSAGE][PASSED] - Text 'Summary' is present on page  using regular expression

2023-10-02 17:56:38 - [TEST_STEP][PASSED] - verifyTextPresent("Review the information below and make any necessary corrections by clicking the", true): Text 'Review the information below and make any necessary corrections by clicking the' is present on page  using regular expression

2023-10-02 17:56:39 - [MESSAGE][PASSED] - Text 'Review the information below and make any necessary corrections by clicking the' is present on page  using regular expression

2023-10-02 17:56:39 - [TEST_STEP][PASSED] - verifyTextPresent("When you are confident that all the information is correct, click the", true): Text 'When you are confident that all the information is correct, click the' is present on page  using regular expression

2023-10-02 17:56:39 - [MESSAGE][PASSED] - Text 'When you are confident that all the information is correct, click the' is present on page  using regular expression

2023-10-02 17:56:39 - [TEST_STEP][PASSED] - verifyTextPresent("Payment Type/Filing Year", true): Text 'Payment Type/Filing Year' is present on page  using regular expression

2023-10-02 17:56:39 - [MESSAGE][PASSED] - Text 'Payment Type/Filing Year' is present on page  using regular expression

2023-10-02 17:56:39 - [TEST_STEP][PASSED] - verifyTextPresent("Payment Type:", true): Text 'Payment Type:' is present on page  using regular expression

2023-10-02 17:56:40 - [MESSAGE][PASSED] - Text 'Payment Type:' is present on page  using regular expression

2023-10-02 17:56:40 - [TEST_STEP][PASSED] - verifyTextPresent("Existing Liability w/Notice Number", true): Text 'Existing Liability w/Notice Number' is present on page  using regular expression

2023-10-02 17:56:40 - [MESSAGE][PASSED] - Text 'Existing Liability w/Notice Number' is present on page  using regular expression

2023-10-02 17:56:40 - [TEST_STEP][PASSED] - verifyTextPresent("Payer Information", true): Text 'Payer Information' is present on page  using regular expression

2023-10-02 17:56:40 - [MESSAGE][PASSED] - Text 'Payer Information' is present on page  using regular expression

2023-10-02 17:56:40 - [TEST_STEP][PASSED] - verifyTextPresent("Taxpayer Name:", true): Text 'Taxpayer Name:' is present on page  using regular expression

2023-10-02 17:56:41 - [MESSAGE][PASSED] - Text 'Taxpayer Name:' is present on page  using regular expression

2023-10-02 17:56:41 - [TEST_STEP][PASSED] - if (!(TaxType.equalsIgnoreCase("Sales & Use Tax"))): Text 'My Company' is present on page  using regular expression

2023-10-02 17:56:41 - [TEST_STEP][PASSED] - verifyTextPresent("My Company", true): Text 'My Company' is present on page  using regular expression

2023-10-02 17:56:41 - [MESSAGE][PASSED] - Text 'My Company' is present on page  using regular expression

2023-10-02 17:56:41 - [TEST_STEP][PASSED] - verifyTextPresent("Business Rep Name:", true): Text 'Business Rep Name:' is present on page  using regular expression

2023-10-02 17:56:42 - [MESSAGE][PASSED] - Text 'Business Rep Name:' is present on page  using regular expression

2023-10-02 17:56:42 - [TEST_STEP][PASSED] - verifyTextPresent("BusRepFname BusRepLname", true): Text 'BusRepFname BusRepLname' is present on page  using regular expression

2023-10-02 17:56:42 - [MESSAGE][PASSED] - Text 'BusRepFname BusRepLname' is present on page  using regular expression

2023-10-02 17:56:42 - [TEST_STEP][PASSED] - verifyTextPresent("Taxpayer Address:", true): Text 'Taxpayer Address:' is present on page  using regular expression

2023-10-02 17:56:42 - [MESSAGE][PASSED] - Text 'Taxpayer Address:' is present on page  using regular expression

2023-10-02 17:56:42 - [TEST_STEP][PASSED] - verifyTextPresent("2508 Mandan Terrace Gambrills Maryland 21054", true): Text '2508 Mandan Terrace Gambrills Maryland 21054' is present on page  using regular expression

2023-10-02 17:56:43 - [MESSAGE][PASSED] - Text '2508 Mandan Terrace Gambrills Maryland 21054' is present on page  using regular expression

2023-10-02 17:56:43 - [TEST_STEP][PASSED] - verifyTextPresent("Email:", true): Text 'Email:' is present on page  using regular expression

2023-10-02 17:56:43 - [MESSAGE][PASSED] - Text 'Email:' is present on page  using regular expression

2023-10-02 17:56:43 - [TEST_STEP][PASSED] - verifyTextPresent("iahmed@govolution.com", true): Text 'iahmed@govolution.com' is present on page  using regular expression

2023-10-02 17:56:44 - [MESSAGE][PASSED] - Text 'iahmed@govolution.com' is present on page  using regular expression

2023-10-02 17:56:44 - [TEST_STEP][PASSED] - verifyTextPresent("Phone:", true): Text 'Phone:' is present on page  using regular expression

2023-10-02 17:56:44 - [MESSAGE][PASSED] - Text 'Phone:' is present on page  using regular expression

2023-10-02 17:56:44 - [TEST_STEP][PASSED] - verifyTextPresent("(703) 894-5000", false): Text '(703) 894-5000' is present on page 

2023-10-02 17:56:44 - [MESSAGE][PASSED] - Text '(703) 894-5000' is present on page 

2023-10-02 17:56:44 - [TEST_STEP][PASSED] - verifyTextPresent("Tax Information", true): Text 'Tax Information' is present on page  using regular expression

2023-10-02 17:56:45 - [MESSAGE][PASSED] - Text 'Tax Information' is present on page  using regular expression

2023-10-02 17:56:45 - [TEST_STEP][PASSED] - if (feinSsn.equalsIgnoreCase("Y")): null

2023-10-02 17:56:45 - [TEST_STEP][PASSED] - else: Text 'FEIN/SSN:' is not present on page using regular expression

2023-10-02 17:56:45 - [TEST_STEP][PASSED] - verifyTextPresent("Federal EIN:", true): Text 'Federal EIN:' is present on page  using regular expression

2023-10-02 17:56:45 - [MESSAGE][PASSED] - Text 'Federal EIN:' is present on page  using regular expression

2023-10-02 17:56:45 - [TEST_STEP][PASSED] - verifyTextNotPresent("FEIN/SSN:", true): Text 'FEIN/SSN:' is not present on page using regular expression

2023-10-02 17:56:45 - [MESSAGE][PASSED] - Text 'FEIN/SSN:' is not present on page using regular expression

2023-10-02 17:56:45 - [TEST_STEP][PASSED] - verifyTextPresent("Notice Number:", true): Text 'Notice Number:' is present on page  using regular expression

2023-10-02 17:56:46 - [MESSAGE][PASSED] - Text 'Notice Number:' is present on page  using regular expression

2023-10-02 17:56:46 - [TEST_STEP][PASSED] - verifyTextPresent("1234567890123", true): Text '1234567890123' is present on page  using regular expression

2023-10-02 17:56:46 - [MESSAGE][PASSED] - Text '1234567890123' is present on page  using regular expression

2023-10-02 17:56:46 - [TEST_STEP][PASSED] - verifyTextPresent("Tax Type:", true): Text 'Tax Type:' is present on page  using regular expression

2023-10-02 17:56:46 - [MESSAGE][PASSED] - Text 'Tax Type:' is present on page  using regular expression

2023-10-02 17:56:46 - [TEST_STEP][PASSED] - verifyTextPresent(TaxType, true): Text 'Corporate Income Tax' is present on page  using regular expression

2023-10-02 17:56:47 - [MESSAGE][PASSED] - Text 'Corporate Income Tax' is present on page  using regular expression

2023-10-02 17:56:47 - [TEST_STEP][PASSED] - verifyTextPresent("Payment Amount:", true): Text 'Payment Amount:' is present on page  using regular expression

2023-10-02 17:56:47 - [MESSAGE][PASSED] - Text 'Payment Amount:' is present on page  using regular expression

2023-10-02 17:56:47 - [TEST_STEP][PASSED] - verifyTextPresent("100.00", true): Text '100.00' is present on page  using regular expression

2023-10-02 17:56:48 - [MESSAGE][PASSED] - Text '100.00' is present on page  using regular expression

2023-10-02 17:56:48 - [TEST_STEP][PASSED] - if (verifyElementVisible(findTestObject(orPath_Summary + "/button_Proceed to Payment"))): null

2023-10-02 17:56:48 - [MESSAGE][PASSED] - Object 'Object Repository/RAD_Pages/Summary_Page/button_Proceed to Payment' is visible

2023-10-02 17:56:48 - [TEST_STEP][PASSED] - resText = "Pass": null

2023-10-02 17:56:48 - [TEST_STEP][PASSED] - pages.WriteExcel.demoKey(resText, datText, resColumn, datCloumn, fileLoc, nameSheet, row): pages.WriteExcel.demoKey is PASSED

2023-10-02 17:56:48 - [MESSAGE][PASSED] - pages.WriteExcel.demoKey is PASSED

2023-10-02 17:56:48 - [TEST_STEP][PASSED] - click(findTestObject(orPath_Summary + "/button_Proceed to Payment")): Object: 'Object Repository/RAD_Pages/Summary_Page/button_Proceed to Payment' is clicked on

2023-10-02 17:56:50 - [MESSAGE][PASSED] - Object: 'Object Repository/RAD_Pages/Summary_Page/button_Proceed to Payment' is clicked on

2023-10-02 17:56:50 - [TEST_STEP][PASSED] - ExecuteTC = findTestData(dataFile).getValue("Execute", row): null

2023-10-02 17:56:50 - [TEST_STEP][PASSED] - TaxType = findTestData(dataFile).getValue("TaxType", row): null

2023-10-02 17:56:50 - [TEST_STEP][PASSED] - PaymentType = findTestData(dataFile).getValue("PaymentType", row): null

2023-10-02 17:56:50 - [TEST_STEP][PASSED] - feinSsn = findTestData(dataFile).getValue("FEINSSN", row): null

2023-10-02 17:56:50 - [TEST_STEP][PASSED] - if (ExecuteTC.equalsIgnoreCase("Y")): Object: 'Object Repository/RAD_Pages/Summary_Page/button_Proceed to Payment' is clicked on

2023-10-02 17:56:50 - [TEST_STEP][PASSED] - out.println("Begin Record Number: " + row): null

2023-10-02 17:56:50 - [TEST_STEP][PASSED] - today = new java.util.Date(): null

2023-10-02 17:56:50 - [TEST_STEP][PASSED] - println(today): null

2023-10-02 17:56:50 - [TEST_STEP][PASSED] - datText = today: null

2023-10-02 17:56:50 - [TEST_STEP][PASSED] - logInfo("Payment Type: Existing Liability w/Notice Number"): Payment Type: Existing Liability w/Notice Number

2023-10-02 17:56:50 - [MESSAGE][INFO] - Payment Type: Existing Liability w/Notice Number

2023-10-02 17:56:50 - [TEST_STEP][PASSED] - logInfo("Tax Type: " + TaxType): Tax Type: Fiduciary Tax

2023-10-02 17:56:50 - [MESSAGE][INFO] - Tax Type: Fiduciary Tax

2023-10-02 17:56:50 - [TEST_STEP][PASSED] - openBrowser(""): Browser is opened with url: ''

2023-10-02 17:56:50 - [MESSAGE][WARNING] - A browser is already opened. Closing browser and opening a new one

2023-10-02 17:56:51 - [MESSAGE][INFO] - Starting 'Chrome' driver

2023-10-02 17:56:51 - [MESSAGE][INFO] - User set preference: ['acceptInsecureCerts', 'true']

2023-10-02 17:56:51 - [MESSAGE][INFO] - Action delay is set to 0 milliseconds

2023-10-02 17:56:52 - [MESSAGE][PASSED] - Browser is opened with url: ''

2023-10-02 17:56:52 - [TEST_STEP][PASSED] - maximizeWindow(): Current window maximized

2023-10-02 17:56:52 - [MESSAGE][PASSED] - Current window maximized

2023-10-02 17:56:52 - [TEST_STEP][PASSED] - navigateToUrl(RADurl): Navigate to 'https://demo.velocitypayment.com/client/rad/index.html' successfully

2023-10-02 17:56:54 - [MESSAGE][PASSED] - Navigate to 'https://demo.velocitypayment.com/client/rad/index.html' successfully

2023-10-02 17:56:54 - [TEST_STEP][PASSED] - selectOptionByLabel(findTestObject(orPath_Landing + "/dd_TaxType"), "Existing Liability w/Notice Number", false): All options with label 'Existing Liability w/Notice Number' are selected in object 'Object Repository/RAD_Pages/Landing_Page/dd_TaxType' 

2023-10-02 17:56:55 - [MESSAGE][PASSED] - All options with label 'Existing Liability w/Notice Number' are selected in object 'Object Repository/RAD_Pages/Landing_Page/dd_TaxType' 

2023-10-02 17:56:55 - [TEST_STEP][PASSED] - selectOptionByLabel(findTestObject(orPath_TaxTypeFilingYear + "/select_TaxType_ExistingLiability"), TaxType, false): All options with label 'Fiduciary Tax' are selected in object 'Object Repository/RAD_Pages/TaxTypeFilingYear_Page/select_TaxType_ExistingLiability' 

2023-10-02 17:56:55 - [MESSAGE][PASSED] - All options with label 'Fiduciary Tax' are selected in object 'Object Repository/RAD_Pages/TaxTypeFilingYear_Page/select_TaxType_ExistingLiability' 

2023-10-02 17:56:55 - [TEST_STEP][PASSED] - rad.getSetDataRAD.setDataRADBusinessName(): rad.getSetDataRAD.setDataRADBusinessName is PASSED

2023-10-02 17:56:56 - [MESSAGE][PASSED] - Text 'My Company' is set on object 'Object Repository/RAD_Pages/Taxpayer_Page/input_businessName'

2023-10-02 17:56:56 - [MESSAGE][PASSED] - rad.getSetDataRAD.setDataRADBusinessName is PASSED

2023-10-02 17:56:56 - [TEST_STEP][PASSED] - rad.getSetDataRAD.setDataRADBusinessRep(): rad.getSetDataRAD.setDataRADBusinessRep is PASSED

2023-10-02 17:56:58 - [MESSAGE][PASSED] - Text 'BusRepFname' is set on object 'Object Repository/RAD_Pages/Taxpayer_Page/input_BusinessRepfirstName'

2023-10-02 17:56:59 - [MESSAGE][PASSED] - Text '' is set on object 'Object Repository/RAD_Pages/Taxpayer_Page/input_BusinessRepmiddleName'

2023-10-02 17:57:00 - [MESSAGE][PASSED] - Text 'BusRepLname' is set on object 'Object Repository/RAD_Pages/Taxpayer_Page/input_BusinessReplastName'

2023-10-02 17:57:01 - [MESSAGE][PASSED] - Text '' is set on object 'Object Repository/RAD_Pages/Taxpayer_Page/input_BusinessRepsuffix'

2023-10-02 17:57:01 - [MESSAGE][PASSED] - rad.getSetDataRAD.setDataRADBusinessRep is PASSED

2023-10-02 17:57:01 - [TEST_STEP][PASSED] - rad.getSetDataRAD.setDataRADAddress(): rad.getSetDataRAD.setDataRADAddress is PASSED

2023-10-02 17:57:01 - [MESSAGE][PASSED] - All options with label 'United States' are selected in object 'Object Repository/RAD_Pages/AddressAndContactInfo_Page/select_Country' 

2023-10-02 17:57:02 - [MESSAGE][PASSED] - Text '2508 Mandan Terrace' is set on object 'Object Repository/RAD_Pages/AddressAndContactInfo_Page/input_streetAddress1'

2023-10-02 17:57:03 - [MESSAGE][PASSED] - Text '' is set on object 'Object Repository/RAD_Pages/AddressAndContactInfo_Page/input_streetAddress2'

2023-10-02 17:57:04 - [MESSAGE][PASSED] - Text 'Gambrills' is set on object 'Object Repository/RAD_Pages/AddressAndContactInfo_Page/input_city'

2023-10-02 17:57:05 - [MESSAGE][PASSED] - All options with label 'Maryland' are selected in object 'Object Repository/RAD_Pages/AddressAndContactInfo_Page/select_State' 

2023-10-02 17:57:06 - [MESSAGE][PASSED] - Text '21054' is set on object 'Object Repository/RAD_Pages/AddressAndContactInfo_Page/input_zipCode'

2023-10-02 17:57:06 - [MESSAGE][PASSED] - Text '(703) 894-5000' is set on object 'Object Repository/RAD_Pages/AddressAndContactInfo_Page/input_phoneNumber'

2023-10-02 17:57:08 - [MESSAGE][PASSED] - Text 'iahmed@govolution.com' is set on object 'Object Repository/RAD_Pages/AddressAndContactInfo_Page/input_eMailAddress'

2023-10-02 17:57:09 - [MESSAGE][PASSED] - Text 'iahmed@govolution.com' is set on object 'Object Repository/RAD_Pages/AddressAndContactInfo_Page/input_reEnterEMailAddress'

2023-10-02 17:57:09 - [MESSAGE][PASSED] - rad.getSetDataRAD.setDataRADAddress is PASSED

2023-10-02 17:57:09 - [TEST_STEP][PASSED] - if (feinSsn.equalsIgnoreCase("Y")): null

2023-10-02 17:57:09 - [TEST_STEP][PASSED] - else: Text ****** has been set on object 'Object Repository/RAD_Pages/TaxInfo_Page/input_concat(id(, , data, , ))_Data (1)'

2023-10-02 17:57:09 - [TEST_STEP][PASSED] - setEncryptedText(findTestObject("Object Repository/RAD_Pages/TaxInfo_Page/input_concat(id(, , data, , ))_Data"), "RigbBhfdqODKcAsiUrg+1Q=="): Text ****** has been set on object 'Object Repository/RAD_Pages/TaxInfo_Page/input_concat(id(, , data, , ))_Data'

2023-10-02 17:57:09 - [MESSAGE][PASSED] - Text ****** has been set on object 'Object Repository/RAD_Pages/TaxInfo_Page/input_concat(id(, , data, , ))_Data'

2023-10-02 17:57:09 - [TEST_STEP][PASSED] - setEncryptedText(findTestObject("Object Repository/RAD_Pages/TaxInfo_Page/input_concat(id(, , data, , ))_Data (1)"), "RigbBhfdqODKcAsiUrg+1Q=="): Text ****** has been set on object 'Object Repository/RAD_Pages/TaxInfo_Page/input_concat(id(, , data, , ))_Data (1)'

2023-10-02 17:57:10 - [MESSAGE][PASSED] - Text ****** has been set on object 'Object Repository/RAD_Pages/TaxInfo_Page/input_concat(id(, , data, , ))_Data (1)'

2023-10-02 17:57:10 - [TEST_STEP][PASSED] - rad.getSetDataRAD.setDataRADNoticeInvoiceThirteen(): rad.getSetDataRAD.setDataRADNoticeInvoiceThirteen is PASSED

2023-10-02 17:57:11 - [MESSAGE][PASSED] - Text '1234567890123' is set on object 'Object Repository/RAD_Pages/TaxInfo_Page/input_NoticeInvoiceNumber'

2023-10-02 17:57:12 - [MESSAGE][PASSED] - Text '1234567890123' is set on object 'Object Repository/RAD_Pages/TaxInfo_Page/input_reTypeNoticeInvoiceNumber'

2023-10-02 17:57:12 - [MESSAGE][PASSED] - rad.getSetDataRAD.setDataRADNoticeInvoiceThirteen is PASSED

2023-10-02 17:57:12 - [TEST_STEP][PASSED] - switch (TaxType): null

2023-10-02 17:57:12 - [TEST_STEP][PASSED] - setText(findTestObject(orPath_Amount + "/input__paymentAmount"), "100.00"): Text '100.00' is set on object 'Object Repository/RAD_Pages/PaymentAmount_Page/input__paymentAmount'

2023-10-02 17:57:12 - [MESSAGE][PASSED] - Text '100.00' is set on object 'Object Repository/RAD_Pages/PaymentAmount_Page/input__paymentAmount'

2023-10-02 17:57:12 - [TEST_STEP][PASSED] - setText(findTestObject(orPath_AddressContact + "/input_streetAddress2"), ""): Text '' is set on object 'Object Repository/RAD_Pages/AddressAndContactInfo_Page/input_streetAddress2'

2023-10-02 17:57:13 - [MESSAGE][PASSED] - Text '' is set on object 'Object Repository/RAD_Pages/AddressAndContactInfo_Page/input_streetAddress2'

2023-10-02 17:57:13 - [TEST_STEP][PASSED] - scrollToElement(findTestObject(orPath_Landing + "/button_Continue"), 3): Scroll to object 'Object Repository/RAD_Pages/Landing_Page/button_Continue' successfully

2023-10-02 17:57:14 - [MESSAGE][PASSED] - Scroll to object 'Object Repository/RAD_Pages/Landing_Page/button_Continue' successfully

2023-10-02 17:57:14 - [TEST_STEP][PASSED] - waitForElementClickable(findTestObject(orPath_Landing + "/button_Continue"), 5): Object 'Object Repository/RAD_Pages/Landing_Page/button_Continue' is clickable

2023-10-02 17:57:14 - [MESSAGE][PASSED] - Object 'Object Repository/RAD_Pages/Landing_Page/button_Continue' is clickable

2023-10-02 17:57:14 - [TEST_STEP][PASSED] - click(findTestObject(orPath_Landing + "/button_Continue")): Object: 'Object Repository/RAD_Pages/Landing_Page/button_Continue' is clicked on

2023-10-02 17:57:15 - [MESSAGE][PASSED] - Object: 'Object Repository/RAD_Pages/Landing_Page/button_Continue' is clicked on

2023-10-02 17:57:15 - [TEST_STEP][PASSED] - delay(2): Delayed 2 second(s)

2023-10-02 17:57:17 - [MESSAGE][PASSED] - Delayed 2 second(s)

2023-10-02 17:57:17 - [TEST_STEP][PASSED] - verifyTextPresent("Summary", true): Text 'Summary' is present on page  using regular expression

2023-10-02 17:57:17 - [MESSAGE][PASSED] - Text 'Summary' is present on page  using regular expression

2023-10-02 17:57:17 - [TEST_STEP][PASSED] - verifyTextPresent("Review the information below and make any necessary corrections by clicking the", true): Text 'Review the information below and make any necessary corrections by clicking the' is present on page  using regular expression

2023-10-02 17:57:17 - [MESSAGE][PASSED] - Text 'Review the information below and make any necessary corrections by clicking the' is present on page  using regular expression

2023-10-02 17:57:17 - [TEST_STEP][PASSED] - verifyTextPresent("When you are confident that all the information is correct, click the", true): Text 'When you are confident that all the information is correct, click the' is present on page  using regular expression

2023-10-02 17:57:18 - [MESSAGE][PASSED] - Text 'When you are confident that all the information is correct, click the' is present on page  using regular expression

2023-10-02 17:57:18 - [TEST_STEP][PASSED] - verifyTextPresent("Payment Type/Filing Year", true): Text 'Payment Type/Filing Year' is present on page  using regular expression

2023-10-02 17:57:18 - [MESSAGE][PASSED] - Text 'Payment Type/Filing Year' is present on page  using regular expression

2023-10-02 17:57:18 - [TEST_STEP][PASSED] - verifyTextPresent("Payment Type:", true): Text 'Payment Type:' is present on page  using regular expression

2023-10-02 17:57:19 - [MESSAGE][PASSED] - Text 'Payment Type:' is present on page  using regular expression

2023-10-02 17:57:19 - [TEST_STEP][PASSED] - verifyTextPresent("Existing Liability w/Notice Number", true): Text 'Existing Liability w/Notice Number' is present on page  using regular expression

2023-10-02 17:57:19 - [MESSAGE][PASSED] - Text 'Existing Liability w/Notice Number' is present on page  using regular expression

2023-10-02 17:57:19 - [TEST_STEP][PASSED] - verifyTextPresent("Payer Information", true): Text 'Payer Information' is present on page  using regular expression

2023-10-02 17:57:19 - [MESSAGE][PASSED] - Text 'Payer Information' is present on page  using regular expression

2023-10-02 17:57:19 - [TEST_STEP][PASSED] - verifyTextPresent("Taxpayer Name:", true): Text 'Taxpayer Name:' is present on page  using regular expression

2023-10-02 17:57:20 - [MESSAGE][PASSED] - Text 'Taxpayer Name:' is present on page  using regular expression

2023-10-02 17:57:20 - [TEST_STEP][PASSED] - if (!(TaxType.equalsIgnoreCase("Sales & Use Tax"))): Text 'My Company' is present on page  using regular expression

2023-10-02 17:57:20 - [TEST_STEP][PASSED] - verifyTextPresent("My Company", true): Text 'My Company' is present on page  using regular expression

2023-10-02 17:57:20 - [MESSAGE][PASSED] - Text 'My Company' is present on page  using regular expression

2023-10-02 17:57:20 - [TEST_STEP][PASSED] - verifyTextPresent("Business Rep Name:", true): Text 'Business Rep Name:' is present on page  using regular expression

2023-10-02 17:57:21 - [MESSAGE][PASSED] - Text 'Business Rep Name:' is present on page  using regular expression

2023-10-02 17:57:21 - [TEST_STEP][PASSED] - verifyTextPresent("BusRepFname BusRepLname", true): Text 'BusRepFname BusRepLname' is present on page  using regular expression

2023-10-02 17:57:21 - [MESSAGE][PASSED] - Text 'BusRepFname BusRepLname' is present on page  using regular expression

2023-10-02 17:57:21 - [TEST_STEP][PASSED] - verifyTextPresent("Taxpayer Address:", true): Text 'Taxpayer Address:' is present on page  using regular expression

2023-10-02 17:57:21 - [MESSAGE][PASSED] - Text 'Taxpayer Address:' is present on page  using regular expression

2023-10-02 17:57:21 - [TEST_STEP][PASSED] - verifyTextPresent("2508 Mandan Terrace Gambrills Maryland 21054", true): Text '2508 Mandan Terrace Gambrills Maryland 21054' is present on page  using regular expression

2023-10-02 17:57:22 - [MESSAGE][PASSED] - Text '2508 Mandan Terrace Gambrills Maryland 21054' is present on page  using regular expression

2023-10-02 17:57:22 - [TEST_STEP][PASSED] - verifyTextPresent("Email:", true): Text 'Email:' is present on page  using regular expression

2023-10-02 17:57:22 - [MESSAGE][PASSED] - Text 'Email:' is present on page  using regular expression

2023-10-02 17:57:22 - [TEST_STEP][PASSED] - verifyTextPresent("iahmed@govolution.com", true): Text 'iahmed@govolution.com' is present on page  using regular expression

2023-10-02 17:57:22 - [MESSAGE][PASSED] - Text 'iahmed@govolution.com' is present on page  using regular expression

2023-10-02 17:57:22 - [TEST_STEP][PASSED] - verifyTextPresent("Phone:", true): Text 'Phone:' is present on page  using regular expression

2023-10-02 17:57:23 - [MESSAGE][PASSED] - Text 'Phone:' is present on page  using regular expression

2023-10-02 17:57:23 - [TEST_STEP][PASSED] - verifyTextPresent("(703) 894-5000", false): Text '(703) 894-5000' is present on page 

2023-10-02 17:57:23 - [MESSAGE][PASSED] - Text '(703) 894-5000' is present on page 

2023-10-02 17:57:23 - [TEST_STEP][PASSED] - verifyTextPresent("Tax Information", true): Text 'Tax Information' is present on page  using regular expression

2023-10-02 17:57:24 - [MESSAGE][PASSED] - Text 'Tax Information' is present on page  using regular expression

2023-10-02 17:57:24 - [TEST_STEP][PASSED] - if (feinSsn.equalsIgnoreCase("Y")): null

2023-10-02 17:57:24 - [TEST_STEP][PASSED] - else: Text 'FEIN/SSN:' is not present on page using regular expression

2023-10-02 17:57:24 - [TEST_STEP][PASSED] - verifyTextPresent("Federal EIN:", true): Text 'Federal EIN:' is present on page  using regular expression

2023-10-02 17:57:24 - [MESSAGE][PASSED] - Text 'Federal EIN:' is present on page  using regular expression

2023-10-02 17:57:24 - [TEST_STEP][PASSED] - verifyTextNotPresent("FEIN/SSN:", true): Text 'FEIN/SSN:' is not present on page using regular expression

2023-10-02 17:57:24 - [MESSAGE][PASSED] - Text 'FEIN/SSN:' is not present on page using regular expression

2023-10-02 17:57:24 - [TEST_STEP][PASSED] - verifyTextPresent("Notice Number:", true): Text 'Notice Number:' is present on page  using regular expression

2023-10-02 17:57:25 - [MESSAGE][PASSED] - Text 'Notice Number:' is present on page  using regular expression

2023-10-02 17:57:25 - [TEST_STEP][PASSED] - verifyTextPresent("1234567890123", true): Text '1234567890123' is present on page  using regular expression

2023-10-02 17:57:25 - [MESSAGE][PASSED] - Text '1234567890123' is present on page  using regular expression

2023-10-02 17:57:25 - [TEST_STEP][PASSED] - verifyTextPresent("Tax Type:", true): Text 'Tax Type:' is present on page  using regular expression

2023-10-02 17:57:25 - [MESSAGE][PASSED] - Text 'Tax Type:' is present on page  using regular expression

2023-10-02 17:57:25 - [TEST_STEP][PASSED] - verifyTextPresent(TaxType, true): Text 'Fiduciary Tax' is present on page  using regular expression

2023-10-02 17:57:26 - [MESSAGE][PASSED] - Text 'Fiduciary Tax' is present on page  using regular expression

2023-10-02 17:57:26 - [TEST_STEP][PASSED] - verifyTextPresent("Payment Amount:", true): Text 'Payment Amount:' is present on page  using regular expression

2023-10-02 17:57:26 - [MESSAGE][PASSED] - Text 'Payment Amount:' is present on page  using regular expression

2023-10-02 17:57:26 - [TEST_STEP][PASSED] - verifyTextPresent("100.00", true): Text '100.00' is present on page  using regular expression

2023-10-02 17:57:27 - [MESSAGE][PASSED] - Text '100.00' is present on page  using regular expression

2023-10-02 17:57:27 - [TEST_STEP][PASSED] - if (verifyElementVisible(findTestObject(orPath_Summary + "/button_Proceed to Payment"))): null

2023-10-02 17:57:27 - [MESSAGE][PASSED] - Object 'Object Repository/RAD_Pages/Summary_Page/button_Proceed to Payment' is visible

2023-10-02 17:57:27 - [TEST_STEP][PASSED] - resText = "Pass": null

2023-10-02 17:57:27 - [TEST_STEP][PASSED] - pages.WriteExcel.demoKey(resText, datText, resColumn, datCloumn, fileLoc, nameSheet, row): pages.WriteExcel.demoKey is PASSED

2023-10-02 17:57:27 - [MESSAGE][PASSED] - pages.WriteExcel.demoKey is PASSED

2023-10-02 17:57:27 - [TEST_STEP][PASSED] - click(findTestObject(orPath_Summary + "/button_Proceed to Payment")): Object: 'Object Repository/RAD_Pages/Summary_Page/button_Proceed to Payment' is clicked on

2023-10-02 17:57:28 - [MESSAGE][PASSED] - Object: 'Object Repository/RAD_Pages/Summary_Page/button_Proceed to Payment' is clicked on

2023-10-02 17:57:28 - [TEST_STEP][PASSED] - ExecuteTC = findTestData(dataFile).getValue("Execute", row): null

2023-10-02 17:57:28 - [TEST_STEP][PASSED] - TaxType = findTestData(dataFile).getValue("TaxType", row): null

2023-10-02 17:57:28 - [TEST_STEP][PASSED] - PaymentType = findTestData(dataFile).getValue("PaymentType", row): null

2023-10-02 17:57:28 - [TEST_STEP][PASSED] - feinSsn = findTestData(dataFile).getValue("FEINSSN", row): null

2023-10-02 17:57:28 - [TEST_STEP][PASSED] - if (ExecuteTC.equalsIgnoreCase("Y")): Object: 'Object Repository/RAD_Pages/Summary_Page/button_Proceed to Payment' is clicked on

2023-10-02 17:57:28 - [TEST_STEP][PASSED] - out.println("Begin Record Number: " + row): null

2023-10-02 17:57:28 - [TEST_STEP][PASSED] - today = new java.util.Date(): null

2023-10-02 17:57:28 - [TEST_STEP][PASSED] - println(today): null

2023-10-02 17:57:28 - [TEST_STEP][PASSED] - datText = today: null

2023-10-02 17:57:28 - [TEST_STEP][PASSED] - logInfo("Payment Type: Existing Liability w/Notice Number"): Payment Type: Existing Liability w/Notice Number

2023-10-02 17:57:28 - [MESSAGE][INFO] - Payment Type: Existing Liability w/Notice Number

2023-10-02 17:57:28 - [TEST_STEP][PASSED] - logInfo("Tax Type: " + TaxType): Tax Type: PTE Non-Electing Non-S Corp

2023-10-02 17:57:28 - [MESSAGE][INFO] - Tax Type: PTE Non-Electing Non-S Corp

2023-10-02 17:57:28 - [TEST_STEP][PASSED] - openBrowser(""): Browser is opened with url: ''

2023-10-02 17:57:28 - [MESSAGE][WARNING] - A browser is already opened. Closing browser and opening a new one

2023-10-02 17:57:29 - [MESSAGE][INFO] - Starting 'Chrome' driver

2023-10-02 17:57:29 - [MESSAGE][INFO] - User set preference: ['acceptInsecureCerts', 'true']

2023-10-02 17:57:29 - [MESSAGE][INFO] - Action delay is set to 0 milliseconds

2023-10-02 17:57:31 - [MESSAGE][PASSED] - Browser is opened with url: ''

2023-10-02 17:57:31 - [TEST_STEP][PASSED] - maximizeWindow(): Current window maximized

2023-10-02 17:57:31 - [MESSAGE][PASSED] - Current window maximized

2023-10-02 17:57:31 - [TEST_STEP][PASSED] - navigateToUrl(RADurl): Navigate to 'https://demo.velocitypayment.com/client/rad/index.html' successfully

2023-10-02 17:57:32 - [MESSAGE][PASSED] - Navigate to 'https://demo.velocitypayment.com/client/rad/index.html' successfully

2023-10-02 17:57:32 - [TEST_STEP][PASSED] - selectOptionByLabel(findTestObject(orPath_Landing + "/dd_TaxType"), "Existing Liability w/Notice Number", false): All options with label 'Existing Liability w/Notice Number' are selected in object 'Object Repository/RAD_Pages/Landing_Page/dd_TaxType' 

2023-10-02 17:57:33 - [MESSAGE][PASSED] - All options with label 'Existing Liability w/Notice Number' are selected in object 'Object Repository/RAD_Pages/Landing_Page/dd_TaxType' 

2023-10-02 17:57:33 - [TEST_STEP][PASSED] - selectOptionByLabel(findTestObject(orPath_TaxTypeFilingYear + "/select_TaxType_ExistingLiability"), TaxType, false): All options with label 'PTE Non-Electing Non-S Corp' are selected in object 'Object Repository/RAD_Pages/TaxTypeFilingYear_Page/select_TaxType_ExistingLiability' 

2023-10-02 17:57:34 - [MESSAGE][PASSED] - All options with label 'PTE Non-Electing Non-S Corp' are selected in object 'Object Repository/RAD_Pages/TaxTypeFilingYear_Page/select_TaxType_ExistingLiability' 

2023-10-02 17:57:34 - [TEST_STEP][PASSED] - rad.getSetDataRAD.setDataRADBusinessName(): rad.getSetDataRAD.setDataRADBusinessName is PASSED

2023-10-02 17:57:35 - [MESSAGE][PASSED] - Text 'My Company' is set on object 'Object Repository/RAD_Pages/Taxpayer_Page/input_businessName'

2023-10-02 17:57:35 - [MESSAGE][PASSED] - rad.getSetDataRAD.setDataRADBusinessName is PASSED

2023-10-02 17:57:35 - [TEST_STEP][PASSED] - rad.getSetDataRAD.setDataRADBusinessRep(): rad.getSetDataRAD.setDataRADBusinessRep is PASSED

2023-10-02 17:57:36 - [MESSAGE][PASSED] - Text 'BusRepFname' is set on object 'Object Repository/RAD_Pages/Taxpayer_Page/input_BusinessRepfirstName'

2023-10-02 17:57:37 - [MESSAGE][PASSED] - Text '' is set on object 'Object Repository/RAD_Pages/Taxpayer_Page/input_BusinessRepmiddleName'

2023-10-02 17:57:38 - [MESSAGE][PASSED] - Text 'BusRepLname' is set on object 'Object Repository/RAD_Pages/Taxpayer_Page/input_BusinessReplastName'

2023-10-02 17:57:39 - [MESSAGE][PASSED] - Text '' is set on object 'Object Repository/RAD_Pages/Taxpayer_Page/input_BusinessRepsuffix'

2023-10-02 17:57:39 - [MESSAGE][PASSED] - rad.getSetDataRAD.setDataRADBusinessRep is PASSED

2023-10-02 17:57:39 - [TEST_STEP][PASSED] - rad.getSetDataRAD.setDataRADAddress(): rad.getSetDataRAD.setDataRADAddress is PASSED

2023-10-02 17:57:40 - [MESSAGE][PASSED] - All options with label 'United States' are selected in object 'Object Repository/RAD_Pages/AddressAndContactInfo_Page/select_Country' 

2023-10-02 17:57:40 - [MESSAGE][PASSED] - Text '2508 Mandan Terrace' is set on object 'Object Repository/RAD_Pages/AddressAndContactInfo_Page/input_streetAddress1'

2023-10-02 17:57:41 - [MESSAGE][PASSED] - Text '' is set on object 'Object Repository/RAD_Pages/AddressAndContactInfo_Page/input_streetAddress2'

2023-10-02 17:57:42 - [MESSAGE][PASSED] - Text 'Gambrills' is set on object 'Object Repository/RAD_Pages/AddressAndContactInfo_Page/input_city'

2023-10-02 17:57:43 - [MESSAGE][PASSED] - All options with label 'Maryland' are selected in object 'Object Repository/RAD_Pages/AddressAndContactInfo_Page/select_State' 

2023-10-02 17:57:44 - [MESSAGE][PASSED] - Text '21054' is set on object 'Object Repository/RAD_Pages/AddressAndContactInfo_Page/input_zipCode'

2023-10-02 17:57:45 - [MESSAGE][PASSED] - Text '(703) 894-5000' is set on object 'Object Repository/RAD_Pages/AddressAndContactInfo_Page/input_phoneNumber'

2023-10-02 17:57:46 - [MESSAGE][PASSED] - Text 'iahmed@govolution.com' is set on object 'Object Repository/RAD_Pages/AddressAndContactInfo_Page/input_eMailAddress'

2023-10-02 17:57:47 - [MESSAGE][PASSED] - Text 'iahmed@govolution.com' is set on object 'Object Repository/RAD_Pages/AddressAndContactInfo_Page/input_reEnterEMailAddress'

2023-10-02 17:57:47 - [MESSAGE][PASSED] - rad.getSetDataRAD.setDataRADAddress is PASSED

2023-10-02 17:57:47 - [TEST_STEP][PASSED] - if (feinSsn.equalsIgnoreCase("Y")): Text ****** has been set on object 'Object Repository/RAD_Pages/TaxInfo_Page/input_TaxInfo_RefeinSsn_Existing'

2023-10-02 17:57:47 - [TEST_STEP][PASSED] - setEncryptedText(findTestObject(orPath_TaxInfo + "/input_TaxInfo_feinSsn_Existing"), "RigbBhfdqODKcAsiUrg+1Q=="): Text ****** has been set on object 'Object Repository/RAD_Pages/TaxInfo_Page/input_TaxInfo_feinSsn_Existing'

2023-10-02 17:57:47 - [MESSAGE][PASSED] - Text ****** has been set on object 'Object Repository/RAD_Pages/TaxInfo_Page/input_TaxInfo_feinSsn_Existing'

2023-10-02 17:57:47 - [TEST_STEP][PASSED] - setEncryptedText(findTestObject(orPath_TaxInfo + "/input_TaxInfo_RefeinSsn_Existing"), "RigbBhfdqODKcAsiUrg+1Q=="): Text ****** has been set on object 'Object Repository/RAD_Pages/TaxInfo_Page/input_TaxInfo_RefeinSsn_Existing'

2023-10-02 17:57:48 - [MESSAGE][PASSED] - Text ****** has been set on object 'Object Repository/RAD_Pages/TaxInfo_Page/input_TaxInfo_RefeinSsn_Existing'

2023-10-02 17:57:48 - [TEST_STEP][PASSED] - rad.getSetDataRAD.setDataRADNoticeInvoiceThirteen(): rad.getSetDataRAD.setDataRADNoticeInvoiceThirteen is PASSED

2023-10-02 17:57:49 - [MESSAGE][PASSED] - Text '1234567890123' is set on object 'Object Repository/RAD_Pages/TaxInfo_Page/input_NoticeInvoiceNumber'

2023-10-02 17:57:50 - [MESSAGE][PASSED] - Text '1234567890123' is set on object 'Object Repository/RAD_Pages/TaxInfo_Page/input_reTypeNoticeInvoiceNumber'

2023-10-02 17:57:50 - [MESSAGE][PASSED] - rad.getSetDataRAD.setDataRADNoticeInvoiceThirteen is PASSED

2023-10-02 17:57:50 - [TEST_STEP][PASSED] - switch (TaxType): null

2023-10-02 17:57:50 - [TEST_STEP][PASSED] - setText(findTestObject(orPath_Amount + "/input__paymentAmount"), "100.00"): Text '100.00' is set on object 'Object Repository/RAD_Pages/PaymentAmount_Page/input__paymentAmount'

2023-10-02 17:57:51 - [MESSAGE][PASSED] - Text '100.00' is set on object 'Object Repository/RAD_Pages/PaymentAmount_Page/input__paymentAmount'

2023-10-02 17:57:51 - [TEST_STEP][PASSED] - setText(findTestObject(orPath_AddressContact + "/input_streetAddress2"), ""): Text '' is set on object 'Object Repository/RAD_Pages/AddressAndContactInfo_Page/input_streetAddress2'

2023-10-02 17:57:51 - [MESSAGE][PASSED] - Text '' is set on object 'Object Repository/RAD_Pages/AddressAndContactInfo_Page/input_streetAddress2'

2023-10-02 17:57:51 - [TEST_STEP][PASSED] - scrollToElement(findTestObject(orPath_Landing + "/button_Continue"), 3): Scroll to object 'Object Repository/RAD_Pages/Landing_Page/button_Continue' successfully

2023-10-02 17:57:52 - [MESSAGE][PASSED] - Scroll to object 'Object Repository/RAD_Pages/Landing_Page/button_Continue' successfully

2023-10-02 17:57:52 - [TEST_STEP][PASSED] - waitForElementClickable(findTestObject(orPath_Landing + "/button_Continue"), 5): Object 'Object Repository/RAD_Pages/Landing_Page/button_Continue' is clickable

2023-10-02 17:57:52 - [MESSAGE][PASSED] - Object 'Object Repository/RAD_Pages/Landing_Page/button_Continue' is clickable

2023-10-02 17:57:52 - [TEST_STEP][PASSED] - click(findTestObject(orPath_Landing + "/button_Continue")): Object: 'Object Repository/RAD_Pages/Landing_Page/button_Continue' is clicked on

2023-10-02 17:57:53 - [MESSAGE][PASSED] - Object: 'Object Repository/RAD_Pages/Landing_Page/button_Continue' is clicked on

2023-10-02 17:57:53 - [TEST_STEP][PASSED] - delay(2): Delayed 2 second(s)

2023-10-02 17:57:55 - [MESSAGE][PASSED] - Delayed 2 second(s)

2023-10-02 17:57:55 - [TEST_STEP][PASSED] - verifyTextPresent("Summary", true): Text 'Summary' is present on page  using regular expression

2023-10-02 17:57:55 - [MESSAGE][PASSED] - Text 'Summary' is present on page  using regular expression

2023-10-02 17:57:55 - [TEST_STEP][PASSED] - verifyTextPresent("Review the information below and make any necessary corrections by clicking the", true): Text 'Review the information below and make any necessary corrections by clicking the' is present on page  using regular expression

2023-10-02 17:57:55 - [MESSAGE][PASSED] - Text 'Review the information below and make any necessary corrections by clicking the' is present on page  using regular expression

2023-10-02 17:57:55 - [TEST_STEP][PASSED] - verifyTextPresent("When you are confident that all the information is correct, click the", true): Text 'When you are confident that all the information is correct, click the' is present on page  using regular expression

2023-10-02 17:57:56 - [MESSAGE][PASSED] - Text 'When you are confident that all the information is correct, click the' is present on page  using regular expression

2023-10-02 17:57:56 - [TEST_STEP][PASSED] - verifyTextPresent("Payment Type/Filing Year", true): Text 'Payment Type/Filing Year' is present on page  using regular expression

2023-10-02 17:57:56 - [MESSAGE][PASSED] - Text 'Payment Type/Filing Year' is present on page  using regular expression

2023-10-02 17:57:56 - [TEST_STEP][PASSED] - verifyTextPresent("Payment Type:", true): Text 'Payment Type:' is present on page  using regular expression

2023-10-02 17:57:56 - [MESSAGE][PASSED] - Text 'Payment Type:' is present on page  using regular expression

2023-10-02 17:57:56 - [TEST_STEP][PASSED] - verifyTextPresent("Existing Liability w/Notice Number", true): Text 'Existing Liability w/Notice Number' is present on page  using regular expression

2023-10-02 17:57:57 - [MESSAGE][PASSED] - Text 'Existing Liability w/Notice Number' is present on page  using regular expression

2023-10-02 17:57:57 - [TEST_STEP][PASSED] - verifyTextPresent("Payer Information", true): Text 'Payer Information' is present on page  using regular expression

2023-10-02 17:57:57 - [MESSAGE][PASSED] - Text 'Payer Information' is present on page  using regular expression

2023-10-02 17:57:57 - [TEST_STEP][PASSED] - verifyTextPresent("Taxpayer Name:", true): Text 'Taxpayer Name:' is present on page  using regular expression

2023-10-02 17:57:58 - [MESSAGE][PASSED] - Text 'Taxpayer Name:' is present on page  using regular expression

2023-10-02 17:57:58 - [TEST_STEP][PASSED] - if (!(TaxType.equalsIgnoreCase("Sales & Use Tax"))): Text 'My Company' is present on page  using regular expression

2023-10-02 17:57:58 - [TEST_STEP][PASSED] - verifyTextPresent("My Company", true): Text 'My Company' is present on page  using regular expression

2023-10-02 17:57:58 - [MESSAGE][PASSED] - Text 'My Company' is present on page  using regular expression

2023-10-02 17:57:58 - [TEST_STEP][PASSED] - verifyTextPresent("Business Rep Name:", true): Text 'Business Rep Name:' is present on page  using regular expression

2023-10-02 17:57:58 - [MESSAGE][PASSED] - Text 'Business Rep Name:' is present on page  using regular expression

2023-10-02 17:57:58 - [TEST_STEP][PASSED] - verifyTextPresent("BusRepFname BusRepLname", true): Text 'BusRepFname BusRepLname' is present on page  using regular expression

2023-10-02 17:57:59 - [MESSAGE][PASSED] - Text 'BusRepFname BusRepLname' is present on page  using regular expression

2023-10-02 17:57:59 - [TEST_STEP][PASSED] - verifyTextPresent("Taxpayer Address:", true): Text 'Taxpayer Address:' is present on page  using regular expression

2023-10-02 17:57:59 - [MESSAGE][PASSED] - Text 'Taxpayer Address:' is present on page  using regular expression

2023-10-02 17:57:59 - [TEST_STEP][PASSED] - verifyTextPresent("2508 Mandan Terrace Gambrills Maryland 21054", true): Text '2508 Mandan Terrace Gambrills Maryland 21054' is present on page  using regular expression

2023-10-02 17:57:59 - [MESSAGE][PASSED] - Text '2508 Mandan Terrace Gambrills Maryland 21054' is present on page  using regular expression

2023-10-02 17:57:59 - [TEST_STEP][PASSED] - verifyTextPresent("Email:", true): Text 'Email:' is present on page  using regular expression

2023-10-02 17:58:00 - [MESSAGE][PASSED] - Text 'Email:' is present on page  using regular expression

2023-10-02 17:58:00 - [TEST_STEP][PASSED] - verifyTextPresent("iahmed@govolution.com", true): Text 'iahmed@govolution.com' is present on page  using regular expression

2023-10-02 17:58:00 - [MESSAGE][PASSED] - Text 'iahmed@govolution.com' is present on page  using regular expression

2023-10-02 17:58:00 - [TEST_STEP][PASSED] - verifyTextPresent("Phone:", true): Text 'Phone:' is present on page  using regular expression

2023-10-02 17:58:01 - [MESSAGE][PASSED] - Text 'Phone:' is present on page  using regular expression

2023-10-02 17:58:01 - [TEST_STEP][PASSED] - verifyTextPresent("(703) 894-5000", false): Text '(703) 894-5000' is present on page 

2023-10-02 17:58:01 - [MESSAGE][PASSED] - Text '(703) 894-5000' is present on page 

2023-10-02 17:58:01 - [TEST_STEP][PASSED] - verifyTextPresent("Tax Information", true): Text 'Tax Information' is present on page  using regular expression

2023-10-02 17:58:01 - [MESSAGE][PASSED] - Text 'Tax Information' is present on page  using regular expression

2023-10-02 17:58:01 - [TEST_STEP][PASSED] - if (feinSsn.equalsIgnoreCase("Y")): Text 'Federal EIN:' is not present on page using regular expression

2023-10-02 17:58:01 - [TEST_STEP][PASSED] - verifyTextPresent("FEIN/SSN:", true): Text 'FEIN/SSN:' is present on page  using regular expression

2023-10-02 17:58:02 - [MESSAGE][PASSED] - Text 'FEIN/SSN:' is present on page  using regular expression

2023-10-02 17:58:02 - [TEST_STEP][PASSED] - verifyTextNotPresent("Federal EIN:", true): Text 'Federal EIN:' is not present on page using regular expression

2023-10-02 17:58:02 - [MESSAGE][PASSED] - Text 'Federal EIN:' is not present on page using regular expression

2023-10-02 17:58:02 - [TEST_STEP][PASSED] - verifyTextPresent("Notice Number:", true): Text 'Notice Number:' is present on page  using regular expression

2023-10-02 17:58:02 - [MESSAGE][PASSED] - Text 'Notice Number:' is present on page  using regular expression

2023-10-02 17:58:02 - [TEST_STEP][PASSED] - verifyTextPresent("1234567890123", true): Text '1234567890123' is present on page  using regular expression

2023-10-02 17:58:03 - [MESSAGE][PASSED] - Text '1234567890123' is present on page  using regular expression

2023-10-02 17:58:03 - [TEST_STEP][PASSED] - verifyTextPresent("Tax Type:", true): Text 'Tax Type:' is present on page  using regular expression

2023-10-02 17:58:03 - [MESSAGE][PASSED] - Text 'Tax Type:' is present on page  using regular expression

2023-10-02 17:58:03 - [TEST_STEP][PASSED] - verifyTextPresent(TaxType, true): Text 'PTE Non-Electing Non-S Corp' is present on page  using regular expression

2023-10-02 17:58:04 - [MESSAGE][PASSED] - Text 'PTE Non-Electing Non-S Corp' is present on page  using regular expression

2023-10-02 17:58:04 - [TEST_STEP][PASSED] - verifyTextPresent("Payment Amount:", true): Text 'Payment Amount:' is present on page  using regular expression

2023-10-02 17:58:04 - [MESSAGE][PASSED] - Text 'Payment Amount:' is present on page  using regular expression

2023-10-02 17:58:04 - [TEST_STEP][PASSED] - verifyTextPresent("100.00", true): Text '100.00' is present on page  using regular expression

2023-10-02 17:58:04 - [MESSAGE][PASSED] - Text '100.00' is present on page  using regular expression

2023-10-02 17:58:04 - [TEST_STEP][PASSED] - if (verifyElementVisible(findTestObject(orPath_Summary + "/button_Proceed to Payment"))): null

2023-10-02 17:58:05 - [MESSAGE][PASSED] - Object 'Object Repository/RAD_Pages/Summary_Page/button_Proceed to Payment' is visible

2023-10-02 17:58:05 - [TEST_STEP][PASSED] - resText = "Pass": null

2023-10-02 17:58:05 - [TEST_STEP][PASSED] - pages.WriteExcel.demoKey(resText, datText, resColumn, datCloumn, fileLoc, nameSheet, row): pages.WriteExcel.demoKey is PASSED

2023-10-02 17:58:05 - [MESSAGE][PASSED] - pages.WriteExcel.demoKey is PASSED

2023-10-02 17:58:05 - [TEST_STEP][PASSED] - click(findTestObject(orPath_Summary + "/button_Proceed to Payment")): Object: 'Object Repository/RAD_Pages/Summary_Page/button_Proceed to Payment' is clicked on

2023-10-02 17:58:05 - [MESSAGE][PASSED] - Object: 'Object Repository/RAD_Pages/Summary_Page/button_Proceed to Payment' is clicked on

2023-10-02 17:58:05 - [TEST_STEP][PASSED] - ExecuteTC = findTestData(dataFile).getValue("Execute", row): null

2023-10-02 17:58:05 - [TEST_STEP][PASSED] - TaxType = findTestData(dataFile).getValue("TaxType", row): null

2023-10-02 17:58:06 - [TEST_STEP][PASSED] - PaymentType = findTestData(dataFile).getValue("PaymentType", row): null

2023-10-02 17:58:06 - [TEST_STEP][PASSED] - feinSsn = findTestData(dataFile).getValue("FEINSSN", row): null

2023-10-02 17:58:06 - [TEST_STEP][PASSED] - if (ExecuteTC.equalsIgnoreCase("Y")): Object: 'Object Repository/RAD_Pages/Summary_Page/button_Proceed to Payment' is clicked on

2023-10-02 17:58:06 - [TEST_STEP][PASSED] - out.println("Begin Record Number: " + row): null

2023-10-02 17:58:06 - [TEST_STEP][PASSED] - today = new java.util.Date(): null

2023-10-02 17:58:06 - [TEST_STEP][PASSED] - println(today): null

2023-10-02 17:58:06 - [TEST_STEP][PASSED] - datText = today: null

2023-10-02 17:58:06 - [TEST_STEP][PASSED] - logInfo("Payment Type: Existing Liability w/Notice Number"): Payment Type: Existing Liability w/Notice Number

2023-10-02 17:58:06 - [MESSAGE][INFO] - Payment Type: Existing Liability w/Notice Number

2023-10-02 17:58:06 - [TEST_STEP][PASSED] - logInfo("Tax Type: " + TaxType): Tax Type: PTE Non-Electing S Corp

2023-10-02 17:58:06 - [MESSAGE][INFO] - Tax Type: PTE Non-Electing S Corp

2023-10-02 17:58:06 - [TEST_STEP][PASSED] - openBrowser(""): Browser is opened with url: ''

2023-10-02 17:58:06 - [MESSAGE][WARNING] - A browser is already opened. Closing browser and opening a new one

2023-10-02 17:58:07 - [MESSAGE][INFO] - Starting 'Chrome' driver

2023-10-02 17:58:07 - [MESSAGE][INFO] - User set preference: ['acceptInsecureCerts', 'true']

2023-10-02 17:58:07 - [MESSAGE][INFO] - Action delay is set to 0 milliseconds

2023-10-02 17:58:08 - [MESSAGE][PASSED] - Browser is opened with url: ''

2023-10-02 17:58:08 - [TEST_STEP][PASSED] - maximizeWindow(): Current window maximized

2023-10-02 17:58:08 - [MESSAGE][PASSED] - Current window maximized

2023-10-02 17:58:08 - [TEST_STEP][PASSED] - navigateToUrl(RADurl): Navigate to 'https://demo.velocitypayment.com/client/rad/index.html' successfully

2023-10-02 17:58:09 - [MESSAGE][PASSED] - Navigate to 'https://demo.velocitypayment.com/client/rad/index.html' successfully

2023-10-02 17:58:09 - [TEST_STEP][PASSED] - selectOptionByLabel(findTestObject(orPath_Landing + "/dd_TaxType"), "Existing Liability w/Notice Number", false): All options with label 'Existing Liability w/Notice Number' are selected in object 'Object Repository/RAD_Pages/Landing_Page/dd_TaxType' 

2023-10-02 17:58:10 - [MESSAGE][PASSED] - All options with label 'Existing Liability w/Notice Number' are selected in object 'Object Repository/RAD_Pages/Landing_Page/dd_TaxType' 

2023-10-02 17:58:10 - [TEST_STEP][PASSED] - selectOptionByLabel(findTestObject(orPath_TaxTypeFilingYear + "/select_TaxType_ExistingLiability"), TaxType, false): All options with label 'PTE Non-Electing S Corp' are selected in object 'Object Repository/RAD_Pages/TaxTypeFilingYear_Page/select_TaxType_ExistingLiability' 

2023-10-02 17:58:11 - [MESSAGE][PASSED] - All options with label 'PTE Non-Electing S Corp' are selected in object 'Object Repository/RAD_Pages/TaxTypeFilingYear_Page/select_TaxType_ExistingLiability' 

2023-10-02 17:58:11 - [TEST_STEP][PASSED] - rad.getSetDataRAD.setDataRADBusinessName(): rad.getSetDataRAD.setDataRADBusinessName is PASSED

2023-10-02 17:58:12 - [MESSAGE][PASSED] - Text 'My Company' is set on object 'Object Repository/RAD_Pages/Taxpayer_Page/input_businessName'

2023-10-02 17:58:12 - [MESSAGE][PASSED] - rad.getSetDataRAD.setDataRADBusinessName is PASSED

2023-10-02 17:58:12 - [TEST_STEP][PASSED] - rad.getSetDataRAD.setDataRADBusinessRep(): rad.getSetDataRAD.setDataRADBusinessRep is PASSED

2023-10-02 17:58:14 - [MESSAGE][PASSED] - Text 'BusRepFname' is set on object 'Object Repository/RAD_Pages/Taxpayer_Page/input_BusinessRepfirstName'

2023-10-02 17:58:14 - [MESSAGE][PASSED] - Text '' is set on object 'Object Repository/RAD_Pages/Taxpayer_Page/input_BusinessRepmiddleName'

2023-10-02 17:58:15 - [MESSAGE][PASSED] - Text 'BusRepLname' is set on object 'Object Repository/RAD_Pages/Taxpayer_Page/input_BusinessReplastName'

2023-10-02 17:58:16 - [MESSAGE][PASSED] - Text '' is set on object 'Object Repository/RAD_Pages/Taxpayer_Page/input_BusinessRepsuffix'

2023-10-02 17:58:16 - [MESSAGE][PASSED] - rad.getSetDataRAD.setDataRADBusinessRep is PASSED

2023-10-02 17:58:16 - [TEST_STEP][PASSED] - rad.getSetDataRAD.setDataRADAddress(): rad.getSetDataRAD.setDataRADAddress is PASSED

2023-10-02 17:58:17 - [MESSAGE][PASSED] - All options with label 'United States' are selected in object 'Object Repository/RAD_Pages/AddressAndContactInfo_Page/select_Country' 

2023-10-02 17:58:18 - [MESSAGE][PASSED] - Text '2508 Mandan Terrace' is set on object 'Object Repository/RAD_Pages/AddressAndContactInfo_Page/input_streetAddress1'

2023-10-02 17:58:19 - [MESSAGE][PASSED] - Text '' is set on object 'Object Repository/RAD_Pages/AddressAndContactInfo_Page/input_streetAddress2'

2023-10-02 17:58:19 - [MESSAGE][PASSED] - Text 'Gambrills' is set on object 'Object Repository/RAD_Pages/AddressAndContactInfo_Page/input_city'

2023-10-02 17:58:20 - [MESSAGE][PASSED] - All options with label 'Maryland' are selected in object 'Object Repository/RAD_Pages/AddressAndContactInfo_Page/select_State' 

2023-10-02 17:58:21 - [MESSAGE][PASSED] - Text '21054' is set on object 'Object Repository/RAD_Pages/AddressAndContactInfo_Page/input_zipCode'

2023-10-02 17:58:22 - [MESSAGE][PASSED] - Text '(703) 894-5000' is set on object 'Object Repository/RAD_Pages/AddressAndContactInfo_Page/input_phoneNumber'

2023-10-02 17:58:23 - [MESSAGE][PASSED] - Text 'iahmed@govolution.com' is set on object 'Object Repository/RAD_Pages/AddressAndContactInfo_Page/input_eMailAddress'

2023-10-02 17:58:24 - [MESSAGE][PASSED] - Text 'iahmed@govolution.com' is set on object 'Object Repository/RAD_Pages/AddressAndContactInfo_Page/input_reEnterEMailAddress'

2023-10-02 17:58:24 - [MESSAGE][PASSED] - rad.getSetDataRAD.setDataRADAddress is PASSED

2023-10-02 17:58:24 - [TEST_STEP][PASSED] - if (feinSsn.equalsIgnoreCase("Y")): Text ****** has been set on object 'Object Repository/RAD_Pages/TaxInfo_Page/input_TaxInfo_RefeinSsn_Existing'

2023-10-02 17:58:24 - [TEST_STEP][PASSED] - setEncryptedText(findTestObject(orPath_TaxInfo + "/input_TaxInfo_feinSsn_Existing"), "RigbBhfdqODKcAsiUrg+1Q=="): Text ****** has been set on object 'Object Repository/RAD_Pages/TaxInfo_Page/input_TaxInfo_feinSsn_Existing'

2023-10-02 17:58:25 - [MESSAGE][PASSED] - Text ****** has been set on object 'Object Repository/RAD_Pages/TaxInfo_Page/input_TaxInfo_feinSsn_Existing'

2023-10-02 17:58:25 - [TEST_STEP][PASSED] - setEncryptedText(findTestObject(orPath_TaxInfo + "/input_TaxInfo_RefeinSsn_Existing"), "RigbBhfdqODKcAsiUrg+1Q=="): Text ****** has been set on object 'Object Repository/RAD_Pages/TaxInfo_Page/input_TaxInfo_RefeinSsn_Existing'

2023-10-02 17:58:25 - [MESSAGE][PASSED] - Text ****** has been set on object 'Object Repository/RAD_Pages/TaxInfo_Page/input_TaxInfo_RefeinSsn_Existing'

2023-10-02 17:58:25 - [TEST_STEP][PASSED] - rad.getSetDataRAD.setDataRADNoticeInvoiceThirteen(): rad.getSetDataRAD.setDataRADNoticeInvoiceThirteen is PASSED

2023-10-02 17:58:26 - [MESSAGE][PASSED] - Text '1234567890123' is set on object 'Object Repository/RAD_Pages/TaxInfo_Page/input_NoticeInvoiceNumber'

2023-10-02 17:58:27 - [MESSAGE][PASSED] - Text '1234567890123' is set on object 'Object Repository/RAD_Pages/TaxInfo_Page/input_reTypeNoticeInvoiceNumber'

2023-10-02 17:58:27 - [MESSAGE][PASSED] - rad.getSetDataRAD.setDataRADNoticeInvoiceThirteen is PASSED

2023-10-02 17:58:27 - [TEST_STEP][PASSED] - switch (TaxType): null

2023-10-02 17:58:27 - [TEST_STEP][PASSED] - setText(findTestObject(orPath_Amount + "/input__paymentAmount"), "100.00"): Text '100.00' is set on object 'Object Repository/RAD_Pages/PaymentAmount_Page/input__paymentAmount'

2023-10-02 17:58:28 - [MESSAGE][PASSED] - Text '100.00' is set on object 'Object Repository/RAD_Pages/PaymentAmount_Page/input__paymentAmount'

2023-10-02 17:58:28 - [TEST_STEP][PASSED] - setText(findTestObject(orPath_AddressContact + "/input_streetAddress2"), ""): Text '' is set on object 'Object Repository/RAD_Pages/AddressAndContactInfo_Page/input_streetAddress2'

2023-10-02 17:58:29 - [MESSAGE][PASSED] - Text '' is set on object 'Object Repository/RAD_Pages/AddressAndContactInfo_Page/input_streetAddress2'

2023-10-02 17:58:29 - [TEST_STEP][PASSED] - scrollToElement(findTestObject(orPath_Landing + "/button_Continue"), 3): Scroll to object 'Object Repository/RAD_Pages/Landing_Page/button_Continue' successfully

2023-10-02 17:58:29 - [MESSAGE][PASSED] - Scroll to object 'Object Repository/RAD_Pages/Landing_Page/button_Continue' successfully

2023-10-02 17:58:29 - [TEST_STEP][PASSED] - waitForElementClickable(findTestObject(orPath_Landing + "/button_Continue"), 5): Object 'Object Repository/RAD_Pages/Landing_Page/button_Continue' is clickable

2023-10-02 17:58:30 - [MESSAGE][PASSED] - Object 'Object Repository/RAD_Pages/Landing_Page/button_Continue' is clickable

2023-10-02 17:58:30 - [TEST_STEP][PASSED] - click(findTestObject(orPath_Landing + "/button_Continue")): Object: 'Object Repository/RAD_Pages/Landing_Page/button_Continue' is clicked on

2023-10-02 17:58:30 - [MESSAGE][PASSED] - Object: 'Object Repository/RAD_Pages/Landing_Page/button_Continue' is clicked on

2023-10-02 17:58:30 - [TEST_STEP][PASSED] - delay(2): Delayed 2 second(s)

2023-10-02 17:58:32 - [MESSAGE][PASSED] - Delayed 2 second(s)

2023-10-02 17:58:32 - [TEST_STEP][PASSED] - verifyTextPresent("Summary", true): Text 'Summary' is present on page  using regular expression

2023-10-02 17:58:33 - [MESSAGE][PASSED] - Text 'Summary' is present on page  using regular expression

2023-10-02 17:58:33 - [TEST_STEP][PASSED] - verifyTextPresent("Review the information below and make any necessary corrections by clicking the", true): Text 'Review the information below and make any necessary corrections by clicking the' is present on page  using regular expression

2023-10-02 17:58:33 - [MESSAGE][PASSED] - Text 'Review the information below and make any necessary corrections by clicking the' is present on page  using regular expression

2023-10-02 17:58:33 - [TEST_STEP][PASSED] - verifyTextPresent("When you are confident that all the information is correct, click the", true): Text 'When you are confident that all the information is correct, click the' is present on page  using regular expression

2023-10-02 17:58:33 - [MESSAGE][PASSED] - Text 'When you are confident that all the information is correct, click the' is present on page  using regular expression

2023-10-02 17:58:33 - [TEST_STEP][PASSED] - verifyTextPresent("Payment Type/Filing Year", true): Text 'Payment Type/Filing Year' is present on page  using regular expression

2023-10-02 17:58:34 - [MESSAGE][PASSED] - Text 'Payment Type/Filing Year' is present on page  using regular expression

2023-10-02 17:58:34 - [TEST_STEP][PASSED] - verifyTextPresent("Payment Type:", true): Text 'Payment Type:' is present on page  using regular expression

2023-10-02 17:58:34 - [MESSAGE][PASSED] - Text 'Payment Type:' is present on page  using regular expression

2023-10-02 17:58:34 - [TEST_STEP][PASSED] - verifyTextPresent("Existing Liability w/Notice Number", true): Text 'Existing Liability w/Notice Number' is present on page  using regular expression

2023-10-02 17:58:35 - [MESSAGE][PASSED] - Text 'Existing Liability w/Notice Number' is present on page  using regular expression

2023-10-02 17:58:35 - [TEST_STEP][PASSED] - verifyTextPresent("Payer Information", true): Text 'Payer Information' is present on page  using regular expression

2023-10-02 17:58:35 - [MESSAGE][PASSED] - Text 'Payer Information' is present on page  using regular expression

2023-10-02 17:58:35 - [TEST_STEP][PASSED] - verifyTextPresent("Taxpayer Name:", true): Text 'Taxpayer Name:' is present on page  using regular expression

2023-10-02 17:58:35 - [MESSAGE][PASSED] - Text 'Taxpayer Name:' is present on page  using regular expression

2023-10-02 17:58:35 - [TEST_STEP][PASSED] - if (!(TaxType.equalsIgnoreCase("Sales & Use Tax"))): Text 'My Company' is present on page  using regular expression

2023-10-02 17:58:35 - [TEST_STEP][PASSED] - verifyTextPresent("My Company", true): Text 'My Company' is present on page  using regular expression

2023-10-02 17:58:36 - [MESSAGE][PASSED] - Text 'My Company' is present on page  using regular expression

2023-10-02 17:58:36 - [TEST_STEP][PASSED] - verifyTextPresent("Business Rep Name:", true): Text 'Business Rep Name:' is present on page  using regular expression

2023-10-02 17:58:36 - [MESSAGE][PASSED] - Text 'Business Rep Name:' is present on page  using regular expression

2023-10-02 17:58:36 - [TEST_STEP][PASSED] - verifyTextPresent("BusRepFname BusRepLname", true): Text 'BusRepFname BusRepLname' is present on page  using regular expression

2023-10-02 17:58:36 - [MESSAGE][PASSED] - Text 'BusRepFname BusRepLname' is present on page  using regular expression

2023-10-02 17:58:36 - [TEST_STEP][PASSED] - verifyTextPresent("Taxpayer Address:", true): Text 'Taxpayer Address:' is present on page  using regular expression

2023-10-02 17:58:37 - [MESSAGE][PASSED] - Text 'Taxpayer Address:' is present on page  using regular expression

2023-10-02 17:58:37 - [TEST_STEP][PASSED] - verifyTextPresent("2508 Mandan Terrace Gambrills Maryland 21054", true): Text '2508 Mandan Terrace Gambrills Maryland 21054' is present on page  using regular expression

2023-10-02 17:58:37 - [MESSAGE][PASSED] - Text '2508 Mandan Terrace Gambrills Maryland 21054' is present on page  using regular expression

2023-10-02 17:58:37 - [TEST_STEP][PASSED] - verifyTextPresent("Email:", true): Text 'Email:' is present on page  using regular expression

2023-10-02 17:58:38 - [MESSAGE][PASSED] - Text 'Email:' is present on page  using regular expression

2023-10-02 17:58:38 - [TEST_STEP][PASSED] - verifyTextPresent("iahmed@govolution.com", true): Text 'iahmed@govolution.com' is present on page  using regular expression

2023-10-02 17:58:38 - [MESSAGE][PASSED] - Text 'iahmed@govolution.com' is present on page  using regular expression

2023-10-02 17:58:38 - [TEST_STEP][PASSED] - verifyTextPresent("Phone:", true): Text 'Phone:' is present on page  using regular expression

2023-10-02 17:58:38 - [MESSAGE][PASSED] - Text 'Phone:' is present on page  using regular expression

2023-10-02 17:58:38 - [TEST_STEP][PASSED] - verifyTextPresent("(703) 894-5000", false): Text '(703) 894-5000' is present on page 

2023-10-02 17:58:39 - [MESSAGE][PASSED] - Text '(703) 894-5000' is present on page 

2023-10-02 17:58:39 - [TEST_STEP][PASSED] - verifyTextPresent("Tax Information", true): Text 'Tax Information' is present on page  using regular expression

2023-10-02 17:58:39 - [MESSAGE][PASSED] - Text 'Tax Information' is present on page  using regular expression

2023-10-02 17:58:39 - [TEST_STEP][PASSED] - if (feinSsn.equalsIgnoreCase("Y")): Text 'Federal EIN:' is not present on page using regular expression

2023-10-02 17:58:39 - [TEST_STEP][PASSED] - verifyTextPresent("FEIN/SSN:", true): Text 'FEIN/SSN:' is present on page  using regular expression

2023-10-02 17:58:39 - [MESSAGE][PASSED] - Text 'FEIN/SSN:' is present on page  using regular expression

2023-10-02 17:58:39 - [TEST_STEP][PASSED] - verifyTextNotPresent("Federal EIN:", true): Text 'Federal EIN:' is not present on page using regular expression

2023-10-02 17:58:40 - [MESSAGE][PASSED] - Text 'Federal EIN:' is not present on page using regular expression

2023-10-02 17:58:40 - [TEST_STEP][PASSED] - verifyTextPresent("Notice Number:", true): Text 'Notice Number:' is present on page  using regular expression

2023-10-02 17:58:40 - [MESSAGE][PASSED] - Text 'Notice Number:' is present on page  using regular expression

2023-10-02 17:58:40 - [TEST_STEP][PASSED] - verifyTextPresent("1234567890123", true): Text '1234567890123' is present on page  using regular expression

2023-10-02 17:58:41 - [MESSAGE][PASSED] - Text '1234567890123' is present on page  using regular expression

2023-10-02 17:58:41 - [TEST_STEP][PASSED] - verifyTextPresent("Tax Type:", true): Text 'Tax Type:' is present on page  using regular expression

2023-10-02 17:58:41 - [MESSAGE][PASSED] - Text 'Tax Type:' is present on page  using regular expression

2023-10-02 17:58:41 - [TEST_STEP][PASSED] - verifyTextPresent(TaxType, true): Text 'PTE Non-Electing S Corp' is present on page  using regular expression

2023-10-02 17:58:41 - [MESSAGE][PASSED] - Text 'PTE Non-Electing S Corp' is present on page  using regular expression

2023-10-02 17:58:41 - [TEST_STEP][PASSED] - verifyTextPresent("Payment Amount:", true): Text 'Payment Amount:' is present on page  using regular expression

2023-10-02 17:58:42 - [MESSAGE][PASSED] - Text 'Payment Amount:' is present on page  using regular expression

2023-10-02 17:58:42 - [TEST_STEP][PASSED] - verifyTextPresent("100.00", true): Text '100.00' is present on page  using regular expression

2023-10-02 17:58:42 - [MESSAGE][PASSED] - Text '100.00' is present on page  using regular expression

2023-10-02 17:58:42 - [TEST_STEP][PASSED] - if (verifyElementVisible(findTestObject(orPath_Summary + "/button_Proceed to Payment"))): null

2023-10-02 17:58:42 - [MESSAGE][PASSED] - Object 'Object Repository/RAD_Pages/Summary_Page/button_Proceed to Payment' is visible

2023-10-02 17:58:42 - [TEST_STEP][PASSED] - resText = "Pass": null

2023-10-02 17:58:42 - [TEST_STEP][PASSED] - pages.WriteExcel.demoKey(resText, datText, resColumn, datCloumn, fileLoc, nameSheet, row): pages.WriteExcel.demoKey is PASSED

2023-10-02 17:58:42 - [MESSAGE][PASSED] - pages.WriteExcel.demoKey is PASSED

2023-10-02 17:58:42 - [TEST_STEP][PASSED] - click(findTestObject(orPath_Summary + "/button_Proceed to Payment")): Object: 'Object Repository/RAD_Pages/Summary_Page/button_Proceed to Payment' is clicked on

2023-10-02 17:58:44 - [MESSAGE][PASSED] - Object: 'Object Repository/RAD_Pages/Summary_Page/button_Proceed to Payment' is clicked on

2023-10-02 17:58:44 - [TEST_STEP][PASSED] - ExecuteTC = findTestData(dataFile).getValue("Execute", row): null

2023-10-02 17:58:44 - [TEST_STEP][PASSED] - TaxType = findTestData(dataFile).getValue("TaxType", row): null

2023-10-02 17:58:44 - [TEST_STEP][PASSED] - PaymentType = findTestData(dataFile).getValue("PaymentType", row): null

2023-10-02 17:58:44 - [TEST_STEP][PASSED] - feinSsn = findTestData(dataFile).getValue("FEINSSN", row): null

2023-10-02 17:58:44 - [TEST_STEP][PASSED] - if (ExecuteTC.equalsIgnoreCase("Y")): Object: 'Object Repository/RAD_Pages/Summary_Page/button_Proceed to Payment' is clicked on

2023-10-02 17:58:44 - [TEST_STEP][PASSED] - out.println("Begin Record Number: " + row): null

2023-10-02 17:58:44 - [TEST_STEP][PASSED] - today = new java.util.Date(): null

2023-10-02 17:58:44 - [TEST_STEP][PASSED] - println(today): null

2023-10-02 17:58:44 - [TEST_STEP][PASSED] - datText = today: null

2023-10-02 17:58:44 - [TEST_STEP][PASSED] - logInfo("Payment Type: Existing Liability w/Notice Number"): Payment Type: Existing Liability w/Notice Number

2023-10-02 17:58:44 - [MESSAGE][INFO] - Payment Type: Existing Liability w/Notice Number

2023-10-02 17:58:44 - [TEST_STEP][PASSED] - logInfo("Tax Type: " + TaxType): Tax Type: Sales & Use Tax

2023-10-02 17:58:44 - [MESSAGE][INFO] - Tax Type: Sales & Use Tax

2023-10-02 17:58:44 - [TEST_STEP][PASSED] - openBrowser(""): Browser is opened with url: ''

2023-10-02 17:58:44 - [MESSAGE][WARNING] - A browser is already opened. Closing browser and opening a new one

2023-10-02 17:58:45 - [MESSAGE][INFO] - Starting 'Chrome' driver

2023-10-02 17:58:45 - [MESSAGE][INFO] - User set preference: ['acceptInsecureCerts', 'true']

2023-10-02 17:58:45 - [MESSAGE][INFO] - Action delay is set to 0 milliseconds

2023-10-02 17:58:46 - [MESSAGE][PASSED] - Browser is opened with url: ''

2023-10-02 17:58:46 - [TEST_STEP][PASSED] - maximizeWindow(): Current window maximized

2023-10-02 17:58:46 - [MESSAGE][PASSED] - Current window maximized

2023-10-02 17:58:46 - [TEST_STEP][PASSED] - navigateToUrl(RADurl): Navigate to 'https://demo.velocitypayment.com/client/rad/index.html' successfully

2023-10-02 17:58:48 - [MESSAGE][PASSED] - Navigate to 'https://demo.velocitypayment.com/client/rad/index.html' successfully

2023-10-02 17:58:48 - [TEST_STEP][PASSED] - selectOptionByLabel(findTestObject(orPath_Landing + "/dd_TaxType"), "Existing Liability w/Notice Number", false): All options with label 'Existing Liability w/Notice Number' are selected in object 'Object Repository/RAD_Pages/Landing_Page/dd_TaxType' 

2023-10-02 17:58:49 - [MESSAGE][PASSED] - All options with label 'Existing Liability w/Notice Number' are selected in object 'Object Repository/RAD_Pages/Landing_Page/dd_TaxType' 

2023-10-02 17:58:49 - [TEST_STEP][PASSED] - selectOptionByLabel(findTestObject(orPath_TaxTypeFilingYear + "/select_TaxType_ExistingLiability"), TaxType, false): All options with label 'Sales & Use Tax' are selected in object 'Object Repository/RAD_Pages/TaxTypeFilingYear_Page/select_TaxType_ExistingLiability' 

2023-10-02 17:58:50 - [MESSAGE][PASSED] - All options with label 'Sales & Use Tax' are selected in object 'Object Repository/RAD_Pages/TaxTypeFilingYear_Page/select_TaxType_ExistingLiability' 

2023-10-02 17:58:50 - [TEST_STEP][PASSED] - rad.getSetDataRAD.setDataRADBusinessName(): rad.getSetDataRAD.setDataRADBusinessName is PASSED

2023-10-02 17:58:51 - [MESSAGE][PASSED] - Text 'My Company' is set on object 'Object Repository/RAD_Pages/Taxpayer_Page/input_businessName'

2023-10-02 17:58:51 - [MESSAGE][PASSED] - rad.getSetDataRAD.setDataRADBusinessName is PASSED

2023-10-02 17:58:51 - [TEST_STEP][PASSED] - rad.getSetDataRAD.setDataRADBusinessRep(): rad.getSetDataRAD.setDataRADBusinessRep is PASSED

2023-10-02 17:58:52 - [MESSAGE][PASSED] - Text 'BusRepFname' is set on object 'Object Repository/RAD_Pages/Taxpayer_Page/input_BusinessRepfirstName'

2023-10-02 17:58:53 - [MESSAGE][PASSED] - Text '' is set on object 'Object Repository/RAD_Pages/Taxpayer_Page/input_BusinessRepmiddleName'

2023-10-02 17:58:54 - [MESSAGE][PASSED] - Text 'BusRepLname' is set on object 'Object Repository/RAD_Pages/Taxpayer_Page/input_BusinessReplastName'

2023-10-02 17:58:55 - [MESSAGE][PASSED] - Text '' is set on object 'Object Repository/RAD_Pages/Taxpayer_Page/input_BusinessRepsuffix'

2023-10-02 17:58:55 - [MESSAGE][PASSED] - rad.getSetDataRAD.setDataRADBusinessRep is PASSED

2023-10-02 17:58:55 - [TEST_STEP][PASSED] - rad.getSetDataRAD.setDataRADAddress(): rad.getSetDataRAD.setDataRADAddress is PASSED

2023-10-02 17:58:56 - [MESSAGE][PASSED] - All options with label 'United States' are selected in object 'Object Repository/RAD_Pages/AddressAndContactInfo_Page/select_Country' 

2023-10-02 17:58:56 - [MESSAGE][PASSED] - Text '2508 Mandan Terrace' is set on object 'Object Repository/RAD_Pages/AddressAndContactInfo_Page/input_streetAddress1'

2023-10-02 17:58:57 - [MESSAGE][PASSED] - Text '' is set on object 'Object Repository/RAD_Pages/AddressAndContactInfo_Page/input_streetAddress2'

2023-10-02 17:58:58 - [MESSAGE][PASSED] - Text 'Gambrills' is set on object 'Object Repository/RAD_Pages/AddressAndContactInfo_Page/input_city'

2023-10-02 17:58:59 - [MESSAGE][PASSED] - All options with label 'Maryland' are selected in object 'Object Repository/RAD_Pages/AddressAndContactInfo_Page/select_State' 

2023-10-02 17:59:00 - [MESSAGE][PASSED] - Text '21054' is set on object 'Object Repository/RAD_Pages/AddressAndContactInfo_Page/input_zipCode'

2023-10-02 17:59:01 - [MESSAGE][PASSED] - Text '(703) 894-5000' is set on object 'Object Repository/RAD_Pages/AddressAndContactInfo_Page/input_phoneNumber'

2023-10-02 17:59:02 - [MESSAGE][PASSED] - Text 'iahmed@govolution.com' is set on object 'Object Repository/RAD_Pages/AddressAndContactInfo_Page/input_eMailAddress'

2023-10-02 17:59:03 - [MESSAGE][PASSED] - Text 'iahmed@govolution.com' is set on object 'Object Repository/RAD_Pages/AddressAndContactInfo_Page/input_reEnterEMailAddress'

2023-10-02 17:59:03 - [MESSAGE][PASSED] - rad.getSetDataRAD.setDataRADAddress is PASSED

2023-10-02 17:59:03 - [TEST_STEP][PASSED] - if (feinSsn.equalsIgnoreCase("Y")): null

2023-10-02 17:59:03 - [TEST_STEP][PASSED] - else: Text ****** has been set on object 'Object Repository/RAD_Pages/TaxInfo_Page/input_concat(id(, , data, , ))_Data (1)'

2023-10-02 17:59:03 - [TEST_STEP][PASSED] - setEncryptedText(findTestObject("Object Repository/RAD_Pages/TaxInfo_Page/input_concat(id(, , data, , ))_Data"), "RigbBhfdqODKcAsiUrg+1Q=="): Text ****** has been set on object 'Object Repository/RAD_Pages/TaxInfo_Page/input_concat(id(, , data, , ))_Data'

2023-10-02 17:59:04 - [MESSAGE][PASSED] - Text ****** has been set on object 'Object Repository/RAD_Pages/TaxInfo_Page/input_concat(id(, , data, , ))_Data'

2023-10-02 17:59:04 - [TEST_STEP][PASSED] - setEncryptedText(findTestObject("Object Repository/RAD_Pages/TaxInfo_Page/input_concat(id(, , data, , ))_Data (1)"), "RigbBhfdqODKcAsiUrg+1Q=="): Text ****** has been set on object 'Object Repository/RAD_Pages/TaxInfo_Page/input_concat(id(, , data, , ))_Data (1)'

2023-10-02 17:59:04 - [MESSAGE][PASSED] - Text ****** has been set on object 'Object Repository/RAD_Pages/TaxInfo_Page/input_concat(id(, , data, , ))_Data (1)'

2023-10-02 17:59:04 - [TEST_STEP][PASSED] - rad.getSetDataRAD.setDataRADNoticeInvoiceThirteen(): rad.getSetDataRAD.setDataRADNoticeInvoiceThirteen is PASSED

2023-10-02 17:59:05 - [MESSAGE][PASSED] - Text '1234567890123' is set on object 'Object Repository/RAD_Pages/TaxInfo_Page/input_NoticeInvoiceNumber'

2023-10-02 17:59:06 - [MESSAGE][PASSED] - Text '1234567890123' is set on object 'Object Repository/RAD_Pages/TaxInfo_Page/input_reTypeNoticeInvoiceNumber'

2023-10-02 17:59:06 - [MESSAGE][PASSED] - rad.getSetDataRAD.setDataRADNoticeInvoiceThirteen is PASSED

2023-10-02 17:59:06 - [TEST_STEP][PASSED] - switch (TaxType): null

2023-10-02 17:59:06 - [TEST_STEP][PASSED] - case "Sales & Use Tax":: null

2023-10-02 17:59:06 - [TEST_STEP][PASSED] - rad.getSetDataRAD.setDataExistingRADMDCRN(): rad.getSetDataRAD.setDataExistingRADMDCRN is PASSED

2023-10-02 17:59:07 - [MESSAGE][PASSED] - Text '07640126' is set on object 'Object Repository/RAD_Pages/TaxInfo_Page/input_MDCRegistrationEL'

2023-10-02 17:59:07 - [MESSAGE][PASSED] - rad.getSetDataRAD.setDataExistingRADMDCRN is PASSED

2023-10-02 17:59:07 - [TEST_STEP][PASSED] - break: null

2023-10-02 17:59:07 - [TEST_STEP][PASSED] - setText(findTestObject(orPath_Amount + "/input__paymentAmount"), "100.00"): Text '100.00' is set on object 'Object Repository/RAD_Pages/PaymentAmount_Page/input__paymentAmount'

2023-10-02 17:59:08 - [MESSAGE][PASSED] - Text '100.00' is set on object 'Object Repository/RAD_Pages/PaymentAmount_Page/input__paymentAmount'

2023-10-02 17:59:08 - [TEST_STEP][PASSED] - setText(findTestObject(orPath_AddressContact + "/input_streetAddress2"), ""): Text '' is set on object 'Object Repository/RAD_Pages/AddressAndContactInfo_Page/input_streetAddress2'

2023-10-02 17:59:09 - [MESSAGE][PASSED] - Text '' is set on object 'Object Repository/RAD_Pages/AddressAndContactInfo_Page/input_streetAddress2'

2023-10-02 17:59:09 - [TEST_STEP][PASSED] - scrollToElement(findTestObject(orPath_Landing + "/button_Continue"), 3): Scroll to object 'Object Repository/RAD_Pages/Landing_Page/button_Continue' successfully

2023-10-02 17:59:09 - [MESSAGE][PASSED] - Scroll to object 'Object Repository/RAD_Pages/Landing_Page/button_Continue' successfully

2023-10-02 17:59:09 - [TEST_STEP][PASSED] - waitForElementClickable(findTestObject(orPath_Landing + "/button_Continue"), 5): Object 'Object Repository/RAD_Pages/Landing_Page/button_Continue' is clickable

2023-10-02 17:59:09 - [MESSAGE][PASSED] - Object 'Object Repository/RAD_Pages/Landing_Page/button_Continue' is clickable

2023-10-02 17:59:09 - [TEST_STEP][PASSED] - click(findTestObject(orPath_Landing + "/button_Continue")): Object: 'Object Repository/RAD_Pages/Landing_Page/button_Continue' is clicked on

2023-10-02 17:59:10 - [MESSAGE][PASSED] - Object: 'Object Repository/RAD_Pages/Landing_Page/button_Continue' is clicked on

2023-10-02 17:59:10 - [TEST_STEP][PASSED] - delay(2): Delayed 2 second(s)

2023-10-02 17:59:12 - [MESSAGE][PASSED] - Delayed 2 second(s)

2023-10-02 17:59:12 - [TEST_STEP][PASSED] - verifyTextPresent("Summary", true): Text 'Summary' is present on page  using regular expression

2023-10-02 17:59:12 - [MESSAGE][PASSED] - Text 'Summary' is present on page  using regular expression

2023-10-02 17:59:12 - [TEST_STEP][PASSED] - verifyTextPresent("Review the information below and make any necessary corrections by clicking the", true): Text 'Review the information below and make any necessary corrections by clicking the' is present on page  using regular expression

2023-10-02 17:59:13 - [MESSAGE][PASSED] - Text 'Review the information below and make any necessary corrections by clicking the' is present on page  using regular expression

2023-10-02 17:59:13 - [TEST_STEP][PASSED] - verifyTextPresent("When you are confident that all the information is correct, click the", true): Text 'When you are confident that all the information is correct, click the' is present on page  using regular expression

2023-10-02 17:59:13 - [MESSAGE][PASSED] - Text 'When you are confident that all the information is correct, click the' is present on page  using regular expression

2023-10-02 17:59:13 - [TEST_STEP][PASSED] - verifyTextPresent("Payment Type/Filing Year", true): Text 'Payment Type/Filing Year' is present on page  using regular expression

2023-10-02 17:59:13 - [MESSAGE][PASSED] - Text 'Payment Type/Filing Year' is present on page  using regular expression

2023-10-02 17:59:13 - [TEST_STEP][PASSED] - verifyTextPresent("Payment Type:", true): Text 'Payment Type:' is present on page  using regular expression

2023-10-02 17:59:14 - [MESSAGE][PASSED] - Text 'Payment Type:' is present on page  using regular expression

2023-10-02 17:59:14 - [TEST_STEP][PASSED] - verifyTextPresent("Existing Liability w/Notice Number", true): Text 'Existing Liability w/Notice Number' is present on page  using regular expression

2023-10-02 17:59:14 - [MESSAGE][PASSED] - Text 'Existing Liability w/Notice Number' is present on page  using regular expression

2023-10-02 17:59:14 - [TEST_STEP][PASSED] - verifyTextPresent("Payer Information", true): Text 'Payer Information' is present on page  using regular expression

2023-10-02 17:59:14 - [MESSAGE][PASSED] - Text 'Payer Information' is present on page  using regular expression

2023-10-02 17:59:14 - [TEST_STEP][PASSED] - verifyTextPresent("Taxpayer Name:", true): Text 'Taxpayer Name:' is present on page  using regular expression

2023-10-02 17:59:15 - [MESSAGE][PASSED] - Text 'Taxpayer Name:' is present on page  using regular expression

2023-10-02 17:59:15 - [TEST_STEP][PASSED] - if (!(TaxType.equalsIgnoreCase("Sales & Use Tax"))): null

2023-10-02 17:59:15 - [TEST_STEP][PASSED] - verifyTextPresent("Business Rep Name:", true): Text 'Business Rep Name:' is present on page  using regular expression

2023-10-02 17:59:15 - [MESSAGE][PASSED] - Text 'Business Rep Name:' is present on page  using regular expression

2023-10-02 17:59:15 - [TEST_STEP][PASSED] - verifyTextPresent("BusRepFname BusRepLname", true): Text 'BusRepFname BusRepLname' is present on page  using regular expression

2023-10-02 17:59:16 - [MESSAGE][PASSED] - Text 'BusRepFname BusRepLname' is present on page  using regular expression

2023-10-02 17:59:16 - [TEST_STEP][PASSED] - verifyTextPresent("Taxpayer Address:", true): Text 'Taxpayer Address:' is present on page  using regular expression

2023-10-02 17:59:16 - [MESSAGE][PASSED] - Text 'Taxpayer Address:' is present on page  using regular expression

2023-10-02 17:59:16 - [TEST_STEP][PASSED] - verifyTextPresent("2508 Mandan Terrace Gambrills Maryland 21054", true): Text '2508 Mandan Terrace Gambrills Maryland 21054' is present on page  using regular expression

2023-10-02 17:59:16 - [MESSAGE][PASSED] - Text '2508 Mandan Terrace Gambrills Maryland 21054' is present on page  using regular expression

2023-10-02 17:59:16 - [TEST_STEP][PASSED] - verifyTextPresent("Email:", true): Text 'Email:' is present on page  using regular expression

2023-10-02 17:59:17 - [MESSAGE][PASSED] - Text 'Email:' is present on page  using regular expression

2023-10-02 17:59:17 - [TEST_STEP][PASSED] - verifyTextPresent("iahmed@govolution.com", true): Text 'iahmed@govolution.com' is present on page  using regular expression

2023-10-02 17:59:17 - [MESSAGE][PASSED] - Text 'iahmed@govolution.com' is present on page  using regular expression

2023-10-02 17:59:17 - [TEST_STEP][PASSED] - verifyTextPresent("Phone:", true): Text 'Phone:' is present on page  using regular expression

2023-10-02 17:59:17 - [MESSAGE][PASSED] - Text 'Phone:' is present on page  using regular expression

2023-10-02 17:59:17 - [TEST_STEP][PASSED] - verifyTextPresent("(703) 894-5000", false): Text '(703) 894-5000' is present on page 

2023-10-02 17:59:18 - [MESSAGE][PASSED] - Text '(703) 894-5000' is present on page 

2023-10-02 17:59:18 - [TEST_STEP][PASSED] - verifyTextPresent("Tax Information", true): Text 'Tax Information' is present on page  using regular expression

2023-10-02 17:59:18 - [MESSAGE][PASSED] - Text 'Tax Information' is present on page  using regular expression

2023-10-02 17:59:18 - [TEST_STEP][PASSED] - if (feinSsn.equalsIgnoreCase("Y")): null

2023-10-02 17:59:18 - [TEST_STEP][PASSED] - else: Text 'FEIN/SSN:' is not present on page using regular expression

2023-10-02 17:59:18 - [TEST_STEP][PASSED] - verifyTextPresent("Federal EIN:", true): Text 'Federal EIN:' is present on page  using regular expression

2023-10-02 17:59:19 - [MESSAGE][PASSED] - Text 'Federal EIN:' is present on page  using regular expression

2023-10-02 17:59:19 - [TEST_STEP][PASSED] - verifyTextNotPresent("FEIN/SSN:", true): Text 'FEIN/SSN:' is not present on page using regular expression

2023-10-02 17:59:19 - [MESSAGE][PASSED] - Text 'FEIN/SSN:' is not present on page using regular expression

2023-10-02 17:59:19 - [TEST_STEP][PASSED] - verifyTextPresent("Notice Number:", true): Text 'Notice Number:' is present on page  using regular expression

2023-10-02 17:59:19 - [MESSAGE][PASSED] - Text 'Notice Number:' is present on page  using regular expression

2023-10-02 17:59:19 - [TEST_STEP][PASSED] - verifyTextPresent("1234567890123", true): Text '1234567890123' is present on page  using regular expression

2023-10-02 17:59:20 - [MESSAGE][PASSED] - Text '1234567890123' is present on page  using regular expression

2023-10-02 17:59:20 - [TEST_STEP][PASSED] - verifyTextPresent("Tax Type:", true): Text 'Tax Type:' is present on page  using regular expression

2023-10-02 17:59:20 - [MESSAGE][PASSED] - Text 'Tax Type:' is present on page  using regular expression

2023-10-02 17:59:20 - [TEST_STEP][PASSED] - verifyTextPresent(TaxType, true): Text 'Sales & Use Tax' is present on page  using regular expression

2023-10-02 17:59:20 - [MESSAGE][PASSED] - Text 'Sales & Use Tax' is present on page  using regular expression

2023-10-02 17:59:20 - [TEST_STEP][PASSED] - verifyTextPresent("Payment Amount:", true): Text 'Payment Amount:' is present on page  using regular expression

2023-10-02 17:59:21 - [MESSAGE][PASSED] - Text 'Payment Amount:' is present on page  using regular expression

2023-10-02 17:59:21 - [TEST_STEP][PASSED] - verifyTextPresent("100.00", true): Text '100.00' is present on page  using regular expression

2023-10-02 17:59:21 - [MESSAGE][PASSED] - Text '100.00' is present on page  using regular expression

2023-10-02 17:59:21 - [TEST_STEP][PASSED] - if (verifyElementVisible(findTestObject(orPath_Summary + "/button_Proceed to Payment"))): null

2023-10-02 17:59:22 - [MESSAGE][PASSED] - Object 'Object Repository/RAD_Pages/Summary_Page/button_Proceed to Payment' is visible

2023-10-02 17:59:22 - [TEST_STEP][PASSED] - resText = "Pass": null

2023-10-02 17:59:22 - [TEST_STEP][PASSED] - pages.WriteExcel.demoKey(resText, datText, resColumn, datCloumn, fileLoc, nameSheet, row): pages.WriteExcel.demoKey is PASSED

2023-10-02 17:59:22 - [MESSAGE][PASSED] - pages.WriteExcel.demoKey is PASSED

2023-10-02 17:59:22 - [TEST_STEP][PASSED] - click(findTestObject(orPath_Summary + "/button_Proceed to Payment")): Object: 'Object Repository/RAD_Pages/Summary_Page/button_Proceed to Payment' is clicked on

2023-10-02 17:59:23 - [MESSAGE][PASSED] - Object: 'Object Repository/RAD_Pages/Summary_Page/button_Proceed to Payment' is clicked on

2023-10-02 17:59:23 - [TEST_STEP][PASSED] - ExecuteTC = findTestData(dataFile).getValue("Execute", row): null

2023-10-02 17:59:23 - [TEST_STEP][PASSED] - TaxType = findTestData(dataFile).getValue("TaxType", row): null

2023-10-02 17:59:23 - [TEST_STEP][PASSED] - PaymentType = findTestData(dataFile).getValue("PaymentType", row): null

2023-10-02 17:59:23 - [TEST_STEP][PASSED] - feinSsn = findTestData(dataFile).getValue("FEINSSN", row): null

2023-10-02 17:59:23 - [TEST_STEP][PASSED] - if (ExecuteTC.equalsIgnoreCase("Y")): Object: 'Object Repository/RAD_Pages/Summary_Page/button_Proceed to Payment' is clicked on

2023-10-02 17:59:23 - [TEST_STEP][PASSED] - out.println("Begin Record Number: " + row): null

2023-10-02 17:59:23 - [TEST_STEP][PASSED] - today = new java.util.Date(): null

2023-10-02 17:59:23 - [TEST_STEP][PASSED] - println(today): null

2023-10-02 17:59:23 - [TEST_STEP][PASSED] - datText = today: null

2023-10-02 17:59:23 - [TEST_STEP][PASSED] - logInfo("Payment Type: Existing Liability w/Notice Number"): Payment Type: Existing Liability w/Notice Number

2023-10-02 17:59:23 - [MESSAGE][INFO] - Payment Type: Existing Liability w/Notice Number

2023-10-02 17:59:23 - [TEST_STEP][PASSED] - logInfo("Tax Type: " + TaxType): Tax Type: Tire Recycling Fee

2023-10-02 17:59:23 - [MESSAGE][INFO] - Tax Type: Tire Recycling Fee

2023-10-02 17:59:23 - [TEST_STEP][PASSED] - openBrowser(""): Browser is opened with url: ''

2023-10-02 17:59:23 - [MESSAGE][WARNING] - A browser is already opened. Closing browser and opening a new one

2023-10-02 17:59:24 - [MESSAGE][INFO] - Starting 'Chrome' driver

2023-10-02 17:59:24 - [MESSAGE][INFO] - User set preference: ['acceptInsecureCerts', 'true']

2023-10-02 17:59:24 - [MESSAGE][INFO] - Action delay is set to 0 milliseconds

2023-10-02 17:59:26 - [MESSAGE][PASSED] - Browser is opened with url: ''

2023-10-02 17:59:26 - [TEST_STEP][PASSED] - maximizeWindow(): Current window maximized

2023-10-02 17:59:26 - [MESSAGE][PASSED] - Current window maximized

2023-10-02 17:59:26 - [TEST_STEP][PASSED] - navigateToUrl(RADurl): Navigate to 'https://demo.velocitypayment.com/client/rad/index.html' successfully

2023-10-02 17:59:27 - [MESSAGE][PASSED] - Navigate to 'https://demo.velocitypayment.com/client/rad/index.html' successfully

2023-10-02 17:59:27 - [TEST_STEP][PASSED] - selectOptionByLabel(findTestObject(orPath_Landing + "/dd_TaxType"), "Existing Liability w/Notice Number", false): All options with label 'Existing Liability w/Notice Number' are selected in object 'Object Repository/RAD_Pages/Landing_Page/dd_TaxType' 

2023-10-02 17:59:28 - [MESSAGE][PASSED] - All options with label 'Existing Liability w/Notice Number' are selected in object 'Object Repository/RAD_Pages/Landing_Page/dd_TaxType' 

2023-10-02 17:59:28 - [TEST_STEP][PASSED] - selectOptionByLabel(findTestObject(orPath_TaxTypeFilingYear + "/select_TaxType_ExistingLiability"), TaxType, false): All options with label 'Tire Recycling Fee' are selected in object 'Object Repository/RAD_Pages/TaxTypeFilingYear_Page/select_TaxType_ExistingLiability' 

2023-10-02 17:59:29 - [MESSAGE][PASSED] - All options with label 'Tire Recycling Fee' are selected in object 'Object Repository/RAD_Pages/TaxTypeFilingYear_Page/select_TaxType_ExistingLiability' 

2023-10-02 17:59:29 - [TEST_STEP][PASSED] - rad.getSetDataRAD.setDataRADBusinessName(): rad.getSetDataRAD.setDataRADBusinessName is PASSED

2023-10-02 17:59:30 - [MESSAGE][PASSED] - Text 'My Company' is set on object 'Object Repository/RAD_Pages/Taxpayer_Page/input_businessName'

2023-10-02 17:59:30 - [MESSAGE][PASSED] - rad.getSetDataRAD.setDataRADBusinessName is PASSED

2023-10-02 17:59:30 - [TEST_STEP][PASSED] - rad.getSetDataRAD.setDataRADBusinessRep(): rad.getSetDataRAD.setDataRADBusinessRep is PASSED

2023-10-02 17:59:31 - [MESSAGE][PASSED] - Text 'BusRepFname' is set on object 'Object Repository/RAD_Pages/Taxpayer_Page/input_BusinessRepfirstName'

2023-10-02 17:59:32 - [MESSAGE][PASSED] - Text '' is set on object 'Object Repository/RAD_Pages/Taxpayer_Page/input_BusinessRepmiddleName'

2023-10-02 17:59:33 - [MESSAGE][PASSED] - Text 'BusRepLname' is set on object 'Object Repository/RAD_Pages/Taxpayer_Page/input_BusinessReplastName'

2023-10-02 17:59:34 - [MESSAGE][PASSED] - Text '' is set on object 'Object Repository/RAD_Pages/Taxpayer_Page/input_BusinessRepsuffix'

2023-10-02 17:59:34 - [MESSAGE][PASSED] - rad.getSetDataRAD.setDataRADBusinessRep is PASSED

2023-10-02 17:59:34 - [TEST_STEP][PASSED] - rad.getSetDataRAD.setDataRADAddress(): rad.getSetDataRAD.setDataRADAddress is PASSED

2023-10-02 17:59:35 - [MESSAGE][PASSED] - All options with label 'United States' are selected in object 'Object Repository/RAD_Pages/AddressAndContactInfo_Page/select_Country' 

2023-10-02 17:59:35 - [MESSAGE][PASSED] - Text '2508 Mandan Terrace' is set on object 'Object Repository/RAD_Pages/AddressAndContactInfo_Page/input_streetAddress1'

2023-10-02 17:59:36 - [MESSAGE][PASSED] - Text '' is set on object 'Object Repository/RAD_Pages/AddressAndContactInfo_Page/input_streetAddress2'

2023-10-02 17:59:37 - [MESSAGE][PASSED] - Text 'Gambrills' is set on object 'Object Repository/RAD_Pages/AddressAndContactInfo_Page/input_city'

2023-10-02 17:59:38 - [MESSAGE][PASSED] - All options with label 'Maryland' are selected in object 'Object Repository/RAD_Pages/AddressAndContactInfo_Page/select_State' 

2023-10-02 17:59:39 - [MESSAGE][PASSED] - Text '21054' is set on object 'Object Repository/RAD_Pages/AddressAndContactInfo_Page/input_zipCode'

2023-10-02 17:59:40 - [MESSAGE][PASSED] - Text '(703) 894-5000' is set on object 'Object Repository/RAD_Pages/AddressAndContactInfo_Page/input_phoneNumber'

2023-10-02 17:59:41 - [MESSAGE][PASSED] - Text 'iahmed@govolution.com' is set on object 'Object Repository/RAD_Pages/AddressAndContactInfo_Page/input_eMailAddress'

2023-10-02 17:59:42 - [MESSAGE][PASSED] - Text 'iahmed@govolution.com' is set on object 'Object Repository/RAD_Pages/AddressAndContactInfo_Page/input_reEnterEMailAddress'

2023-10-02 17:59:42 - [MESSAGE][PASSED] - rad.getSetDataRAD.setDataRADAddress is PASSED

2023-10-02 17:59:42 - [TEST_STEP][PASSED] - if (feinSsn.equalsIgnoreCase("Y")): null

2023-10-02 17:59:42 - [TEST_STEP][PASSED] - else: Text ****** has been set on object 'Object Repository/RAD_Pages/TaxInfo_Page/input_concat(id(, , data, , ))_Data (1)'

2023-10-02 17:59:42 - [TEST_STEP][PASSED] - setEncryptedText(findTestObject("Object Repository/RAD_Pages/TaxInfo_Page/input_concat(id(, , data, , ))_Data"), "RigbBhfdqODKcAsiUrg+1Q=="): Text ****** has been set on object 'Object Repository/RAD_Pages/TaxInfo_Page/input_concat(id(, , data, , ))_Data'

2023-10-02 17:59:42 - [MESSAGE][PASSED] - Text ****** has been set on object 'Object Repository/RAD_Pages/TaxInfo_Page/input_concat(id(, , data, , ))_Data'

2023-10-02 17:59:42 - [TEST_STEP][PASSED] - setEncryptedText(findTestObject("Object Repository/RAD_Pages/TaxInfo_Page/input_concat(id(, , data, , ))_Data (1)"), "RigbBhfdqODKcAsiUrg+1Q=="): Text ****** has been set on object 'Object Repository/RAD_Pages/TaxInfo_Page/input_concat(id(, , data, , ))_Data (1)'

2023-10-02 17:59:43 - [MESSAGE][PASSED] - Text ****** has been set on object 'Object Repository/RAD_Pages/TaxInfo_Page/input_concat(id(, , data, , ))_Data (1)'

2023-10-02 17:59:43 - [TEST_STEP][PASSED] - rad.getSetDataRAD.setDataRADNoticeInvoiceThirteen(): rad.getSetDataRAD.setDataRADNoticeInvoiceThirteen is PASSED

2023-10-02 17:59:44 - [MESSAGE][PASSED] - Text '1234567890123' is set on object 'Object Repository/RAD_Pages/TaxInfo_Page/input_NoticeInvoiceNumber'

2023-10-02 17:59:45 - [MESSAGE][PASSED] - Text '1234567890123' is set on object 'Object Repository/RAD_Pages/TaxInfo_Page/input_reTypeNoticeInvoiceNumber'

2023-10-02 17:59:45 - [MESSAGE][PASSED] - rad.getSetDataRAD.setDataRADNoticeInvoiceThirteen is PASSED

2023-10-02 17:59:45 - [TEST_STEP][PASSED] - switch (TaxType): null

2023-10-02 17:59:45 - [TEST_STEP][PASSED] - setText(findTestObject(orPath_Amount + "/input__paymentAmount"), "100.00"): Text '100.00' is set on object 'Object Repository/RAD_Pages/PaymentAmount_Page/input__paymentAmount'

2023-10-02 17:59:46 - [MESSAGE][PASSED] - Text '100.00' is set on object 'Object Repository/RAD_Pages/PaymentAmount_Page/input__paymentAmount'

2023-10-02 17:59:46 - [TEST_STEP][PASSED] - setText(findTestObject(orPath_AddressContact + "/input_streetAddress2"), ""): Text '' is set on object 'Object Repository/RAD_Pages/AddressAndContactInfo_Page/input_streetAddress2'

2023-10-02 17:59:47 - [MESSAGE][PASSED] - Text '' is set on object 'Object Repository/RAD_Pages/AddressAndContactInfo_Page/input_streetAddress2'

2023-10-02 17:59:47 - [TEST_STEP][PASSED] - scrollToElement(findTestObject(orPath_Landing + "/button_Continue"), 3): Scroll to object 'Object Repository/RAD_Pages/Landing_Page/button_Continue' successfully

2023-10-02 17:59:47 - [MESSAGE][PASSED] - Scroll to object 'Object Repository/RAD_Pages/Landing_Page/button_Continue' successfully

2023-10-02 17:59:47 - [TEST_STEP][PASSED] - waitForElementClickable(findTestObject(orPath_Landing + "/button_Continue"), 5): Object 'Object Repository/RAD_Pages/Landing_Page/button_Continue' is clickable

2023-10-02 17:59:47 - [MESSAGE][PASSED] - Object 'Object Repository/RAD_Pages/Landing_Page/button_Continue' is clickable

2023-10-02 17:59:47 - [TEST_STEP][PASSED] - click(findTestObject(orPath_Landing + "/button_Continue")): Object: 'Object Repository/RAD_Pages/Landing_Page/button_Continue' is clicked on

2023-10-02 17:59:48 - [MESSAGE][PASSED] - Object: 'Object Repository/RAD_Pages/Landing_Page/button_Continue' is clicked on

2023-10-02 17:59:48 - [TEST_STEP][PASSED] - delay(2): Delayed 2 second(s)

2023-10-02 17:59:50 - [MESSAGE][PASSED] - Delayed 2 second(s)

2023-10-02 17:59:50 - [TEST_STEP][PASSED] - verifyTextPresent("Summary", true): Text 'Summary' is present on page  using regular expression

2023-10-02 17:59:50 - [MESSAGE][PASSED] - Text 'Summary' is present on page  using regular expression

2023-10-02 17:59:50 - [TEST_STEP][PASSED] - verifyTextPresent("Review the information below and make any necessary corrections by clicking the", true): Text 'Review the information below and make any necessary corrections by clicking the' is present on page  using regular expression

2023-10-02 17:59:51 - [MESSAGE][PASSED] - Text 'Review the information below and make any necessary corrections by clicking the' is present on page  using regular expression

2023-10-02 17:59:51 - [TEST_STEP][PASSED] - verifyTextPresent("When you are confident that all the information is correct, click the", true): Text 'When you are confident that all the information is correct, click the' is present on page  using regular expression

2023-10-02 17:59:51 - [MESSAGE][PASSED] - Text 'When you are confident that all the information is correct, click the' is present on page  using regular expression

2023-10-02 17:59:51 - [TEST_STEP][PASSED] - verifyTextPresent("Payment Type/Filing Year", true): Text 'Payment Type/Filing Year' is present on page  using regular expression

2023-10-02 17:59:51 - [MESSAGE][PASSED] - Text 'Payment Type/Filing Year' is present on page  using regular expression

2023-10-02 17:59:51 - [TEST_STEP][PASSED] - verifyTextPresent("Payment Type:", true): Text 'Payment Type:' is present on page  using regular expression

2023-10-02 17:59:52 - [MESSAGE][PASSED] - Text 'Payment Type:' is present on page  using regular expression

2023-10-02 17:59:52 - [TEST_STEP][PASSED] - verifyTextPresent("Existing Liability w/Notice Number", true): Text 'Existing Liability w/Notice Number' is present on page  using regular expression

2023-10-02 17:59:52 - [MESSAGE][PASSED] - Text 'Existing Liability w/Notice Number' is present on page  using regular expression

2023-10-02 17:59:52 - [TEST_STEP][PASSED] - verifyTextPresent("Payer Information", true): Text 'Payer Information' is present on page  using regular expression

2023-10-02 17:59:52 - [MESSAGE][PASSED] - Text 'Payer Information' is present on page  using regular expression

2023-10-02 17:59:52 - [TEST_STEP][PASSED] - verifyTextPresent("Taxpayer Name:", true): Text 'Taxpayer Name:' is present on page  using regular expression

2023-10-02 17:59:53 - [MESSAGE][PASSED] - Text 'Taxpayer Name:' is present on page  using regular expression

2023-10-02 17:59:53 - [TEST_STEP][PASSED] - if (!(TaxType.equalsIgnoreCase("Sales & Use Tax"))): Text 'My Company' is present on page  using regular expression

2023-10-02 17:59:53 - [TEST_STEP][PASSED] - verifyTextPresent("My Company", true): Text 'My Company' is present on page  using regular expression

2023-10-02 17:59:53 - [MESSAGE][PASSED] - Text 'My Company' is present on page  using regular expression

2023-10-02 17:59:53 - [TEST_STEP][PASSED] - verifyTextPresent("Business Rep Name:", true): Text 'Business Rep Name:' is present on page  using regular expression

2023-10-02 17:59:54 - [MESSAGE][PASSED] - Text 'Business Rep Name:' is present on page  using regular expression

2023-10-02 17:59:54 - [TEST_STEP][PASSED] - verifyTextPresent("BusRepFname BusRepLname", true): Text 'BusRepFname BusRepLname' is present on page  using regular expression

2023-10-02 17:59:54 - [MESSAGE][PASSED] - Text 'BusRepFname BusRepLname' is present on page  using regular expression

2023-10-02 17:59:54 - [TEST_STEP][PASSED] - verifyTextPresent("Taxpayer Address:", true): Text 'Taxpayer Address:' is present on page  using regular expression

2023-10-02 17:59:54 - [MESSAGE][PASSED] - Text 'Taxpayer Address:' is present on page  using regular expression

2023-10-02 17:59:54 - [TEST_STEP][PASSED] - verifyTextPresent("2508 Mandan Terrace Gambrills Maryland 21054", true): Text '2508 Mandan Terrace Gambrills Maryland 21054' is present on page  using regular expression

2023-10-02 17:59:55 - [MESSAGE][PASSED] - Text '2508 Mandan Terrace Gambrills Maryland 21054' is present on page  using regular expression

2023-10-02 17:59:55 - [TEST_STEP][PASSED] - verifyTextPresent("Email:", true): Text 'Email:' is present on page  using regular expression

2023-10-02 17:59:55 - [MESSAGE][PASSED] - Text 'Email:' is present on page  using regular expression

2023-10-02 17:59:55 - [TEST_STEP][PASSED] - verifyTextPresent("iahmed@govolution.com", true): Text 'iahmed@govolution.com' is present on page  using regular expression

2023-10-02 17:59:55 - [MESSAGE][PASSED] - Text 'iahmed@govolution.com' is present on page  using regular expression

2023-10-02 17:59:55 - [TEST_STEP][PASSED] - verifyTextPresent("Phone:", true): Text 'Phone:' is present on page  using regular expression

2023-10-02 17:59:56 - [MESSAGE][PASSED] - Text 'Phone:' is present on page  using regular expression

2023-10-02 17:59:56 - [TEST_STEP][PASSED] - verifyTextPresent("(703) 894-5000", false): Text '(703) 894-5000' is present on page 

2023-10-02 17:59:56 - [MESSAGE][PASSED] - Text '(703) 894-5000' is present on page 

2023-10-02 17:59:56 - [TEST_STEP][PASSED] - verifyTextPresent("Tax Information", true): Text 'Tax Information' is present on page  using regular expression

2023-10-02 17:59:57 - [MESSAGE][PASSED] - Text 'Tax Information' is present on page  using regular expression

2023-10-02 17:59:57 - [TEST_STEP][PASSED] - if (feinSsn.equalsIgnoreCase("Y")): null

2023-10-02 17:59:57 - [TEST_STEP][PASSED] - else: Text 'FEIN/SSN:' is not present on page using regular expression

2023-10-02 17:59:57 - [TEST_STEP][PASSED] - verifyTextPresent("Federal EIN:", true): Text 'Federal EIN:' is present on page  using regular expression

2023-10-02 17:59:57 - [MESSAGE][PASSED] - Text 'Federal EIN:' is present on page  using regular expression

2023-10-02 17:59:57 - [TEST_STEP][PASSED] - verifyTextNotPresent("FEIN/SSN:", true): Text 'FEIN/SSN:' is not present on page using regular expression

2023-10-02 17:59:57 - [MESSAGE][PASSED] - Text 'FEIN/SSN:' is not present on page using regular expression

2023-10-02 17:59:57 - [TEST_STEP][PASSED] - verifyTextPresent("Notice Number:", true): Text 'Notice Number:' is present on page  using regular expression

2023-10-02 17:59:58 - [MESSAGE][PASSED] - Text 'Notice Number:' is present on page  using regular expression

2023-10-02 17:59:58 - [TEST_STEP][PASSED] - verifyTextPresent("1234567890123", true): Text '1234567890123' is present on page  using regular expression

2023-10-02 17:59:58 - [MESSAGE][PASSED] - Text '1234567890123' is present on page  using regular expression

2023-10-02 17:59:58 - [TEST_STEP][PASSED] - verifyTextPresent("Tax Type:", true): Text 'Tax Type:' is present on page  using regular expression

2023-10-02 17:59:58 - [MESSAGE][PASSED] - Text 'Tax Type:' is present on page  using regular expression

2023-10-02 17:59:58 - [TEST_STEP][PASSED] - verifyTextPresent(TaxType, true): Text 'Tire Recycling Fee' is present on page  using regular expression

2023-10-02 17:59:59 - [MESSAGE][PASSED] - Text 'Tire Recycling Fee' is present on page  using regular expression

2023-10-02 17:59:59 - [TEST_STEP][PASSED] - verifyTextPresent("Payment Amount:", true): Text 'Payment Amount:' is present on page  using regular expression

2023-10-02 17:59:59 - [MESSAGE][PASSED] - Text 'Payment Amount:' is present on page  using regular expression

2023-10-02 17:59:59 - [TEST_STEP][PASSED] - verifyTextPresent("100.00", true): Text '100.00' is present on page  using regular expression

2023-10-02 18:00:00 - [MESSAGE][PASSED] - Text '100.00' is present on page  using regular expression

2023-10-02 18:00:00 - [TEST_STEP][PASSED] - if (verifyElementVisible(findTestObject(orPath_Summary + "/button_Proceed to Payment"))): null

2023-10-02 18:00:00 - [MESSAGE][PASSED] - Object 'Object Repository/RAD_Pages/Summary_Page/button_Proceed to Payment' is visible

2023-10-02 18:00:00 - [TEST_STEP][PASSED] - resText = "Pass": null

2023-10-02 18:00:00 - [TEST_STEP][PASSED] - pages.WriteExcel.demoKey(resText, datText, resColumn, datCloumn, fileLoc, nameSheet, row): pages.WriteExcel.demoKey is PASSED

2023-10-02 18:00:00 - [MESSAGE][PASSED] - pages.WriteExcel.demoKey is PASSED

2023-10-02 18:00:00 - [TEST_STEP][PASSED] - click(findTestObject(orPath_Summary + "/button_Proceed to Payment")): Object: 'Object Repository/RAD_Pages/Summary_Page/button_Proceed to Payment' is clicked on

2023-10-02 18:00:01 - [MESSAGE][PASSED] - Object: 'Object Repository/RAD_Pages/Summary_Page/button_Proceed to Payment' is clicked on

2023-10-02 18:00:01 - [TEST_STEP][PASSED] - ExecuteTC = findTestData(dataFile).getValue("Execute", row): null

2023-10-02 18:00:01 - [TEST_STEP][PASSED] - TaxType = findTestData(dataFile).getValue("TaxType", row): null

2023-10-02 18:00:01 - [TEST_STEP][PASSED] - PaymentType = findTestData(dataFile).getValue("PaymentType", row): null

2023-10-02 18:00:01 - [TEST_STEP][PASSED] - feinSsn = findTestData(dataFile).getValue("FEINSSN", row): null

2023-10-02 18:00:01 - [TEST_STEP][PASSED] - if (ExecuteTC.equalsIgnoreCase("Y")): Object: 'Object Repository/RAD_Pages/Summary_Page/button_Proceed to Payment' is clicked on

2023-10-02 18:00:01 - [TEST_STEP][PASSED] - out.println("Begin Record Number: " + row): null

2023-10-02 18:00:01 - [TEST_STEP][PASSED] - today = new java.util.Date(): null

2023-10-02 18:00:01 - [TEST_STEP][PASSED] - println(today): null

2023-10-02 18:00:01 - [TEST_STEP][PASSED] - datText = today: null

2023-10-02 18:00:01 - [TEST_STEP][PASSED] - logInfo("Payment Type: Existing Liability w/Notice Number"): Payment Type: Existing Liability w/Notice Number

2023-10-02 18:00:01 - [MESSAGE][INFO] - Payment Type: Existing Liability w/Notice Number

2023-10-02 18:00:01 - [TEST_STEP][PASSED] - logInfo("Tax Type: " + TaxType): Tax Type: Withholding Tax

2023-10-02 18:00:01 - [MESSAGE][INFO] - Tax Type: Withholding Tax

2023-10-02 18:00:01 - [TEST_STEP][PASSED] - openBrowser(""): Browser is opened with url: ''

2023-10-02 18:00:01 - [MESSAGE][WARNING] - A browser is already opened. Closing browser and opening a new one

2023-10-02 18:00:02 - [MESSAGE][INFO] - Starting 'Chrome' driver

2023-10-02 18:00:02 - [MESSAGE][INFO] - User set preference: ['acceptInsecureCerts', 'true']

2023-10-02 18:00:02 - [MESSAGE][INFO] - Action delay is set to 0 milliseconds

2023-10-02 18:00:04 - [MESSAGE][PASSED] - Browser is opened with url: ''

2023-10-02 18:00:04 - [TEST_STEP][PASSED] - maximizeWindow(): Current window maximized

2023-10-02 18:00:04 - [MESSAGE][PASSED] - Current window maximized

2023-10-02 18:00:04 - [TEST_STEP][PASSED] - navigateToUrl(RADurl): Navigate to 'https://demo.velocitypayment.com/client/rad/index.html' successfully

2023-10-02 18:00:05 - [MESSAGE][PASSED] - Navigate to 'https://demo.velocitypayment.com/client/rad/index.html' successfully

2023-10-02 18:00:05 - [TEST_STEP][PASSED] - selectOptionByLabel(findTestObject(orPath_Landing + "/dd_TaxType"), "Existing Liability w/Notice Number", false): All options with label 'Existing Liability w/Notice Number' are selected in object 'Object Repository/RAD_Pages/Landing_Page/dd_TaxType' 

2023-10-02 18:00:06 - [MESSAGE][PASSED] - All options with label 'Existing Liability w/Notice Number' are selected in object 'Object Repository/RAD_Pages/Landing_Page/dd_TaxType' 

2023-10-02 18:00:06 - [TEST_STEP][PASSED] - selectOptionByLabel(findTestObject(orPath_TaxTypeFilingYear + "/select_TaxType_ExistingLiability"), TaxType, false): All options with label 'Withholding Tax' are selected in object 'Object Repository/RAD_Pages/TaxTypeFilingYear_Page/select_TaxType_ExistingLiability' 

2023-10-02 18:00:07 - [MESSAGE][PASSED] - All options with label 'Withholding Tax' are selected in object 'Object Repository/RAD_Pages/TaxTypeFilingYear_Page/select_TaxType_ExistingLiability' 

2023-10-02 18:00:07 - [TEST_STEP][PASSED] - rad.getSetDataRAD.setDataRADBusinessName(): rad.getSetDataRAD.setDataRADBusinessName is PASSED

2023-10-02 18:00:08 - [MESSAGE][PASSED] - Text 'My Company' is set on object 'Object Repository/RAD_Pages/Taxpayer_Page/input_businessName'

2023-10-02 18:00:08 - [MESSAGE][PASSED] - rad.getSetDataRAD.setDataRADBusinessName is PASSED

2023-10-02 18:00:08 - [TEST_STEP][PASSED] - rad.getSetDataRAD.setDataRADBusinessRep(): rad.getSetDataRAD.setDataRADBusinessRep is PASSED

2023-10-02 18:00:09 - [MESSAGE][PASSED] - Text 'BusRepFname' is set on object 'Object Repository/RAD_Pages/Taxpayer_Page/input_BusinessRepfirstName'

2023-10-02 18:00:10 - [MESSAGE][PASSED] - Text '' is set on object 'Object Repository/RAD_Pages/Taxpayer_Page/input_BusinessRepmiddleName'

2023-10-02 18:00:11 - [MESSAGE][PASSED] - Text 'BusRepLname' is set on object 'Object Repository/RAD_Pages/Taxpayer_Page/input_BusinessReplastName'

2023-10-02 18:00:12 - [MESSAGE][PASSED] - Text '' is set on object 'Object Repository/RAD_Pages/Taxpayer_Page/input_BusinessRepsuffix'

2023-10-02 18:00:12 - [MESSAGE][PASSED] - rad.getSetDataRAD.setDataRADBusinessRep is PASSED

2023-10-02 18:00:12 - [TEST_STEP][PASSED] - rad.getSetDataRAD.setDataRADAddress(): rad.getSetDataRAD.setDataRADAddress is PASSED

2023-10-02 18:00:12 - [MESSAGE][PASSED] - All options with label 'United States' are selected in object 'Object Repository/RAD_Pages/AddressAndContactInfo_Page/select_Country' 

2023-10-02 18:00:13 - [MESSAGE][PASSED] - Text '2508 Mandan Terrace' is set on object 'Object Repository/RAD_Pages/AddressAndContactInfo_Page/input_streetAddress1'

2023-10-02 18:00:14 - [MESSAGE][PASSED] - Text '' is set on object 'Object Repository/RAD_Pages/AddressAndContactInfo_Page/input_streetAddress2'

2023-10-02 18:00:15 - [MESSAGE][PASSED] - Text 'Gambrills' is set on object 'Object Repository/RAD_Pages/AddressAndContactInfo_Page/input_city'

2023-10-02 18:00:16 - [MESSAGE][PASSED] - All options with label 'Maryland' are selected in object 'Object Repository/RAD_Pages/AddressAndContactInfo_Page/select_State' 

2023-10-02 18:00:17 - [MESSAGE][PASSED] - Text '21054' is set on object 'Object Repository/RAD_Pages/AddressAndContactInfo_Page/input_zipCode'

2023-10-02 18:00:17 - [MESSAGE][PASSED] - Text '(703) 894-5000' is set on object 'Object Repository/RAD_Pages/AddressAndContactInfo_Page/input_phoneNumber'

2023-10-02 18:00:19 - [MESSAGE][PASSED] - Text 'iahmed@govolution.com' is set on object 'Object Repository/RAD_Pages/AddressAndContactInfo_Page/input_eMailAddress'

2023-10-02 18:00:20 - [MESSAGE][PASSED] - Text 'iahmed@govolution.com' is set on object 'Object Repository/RAD_Pages/AddressAndContactInfo_Page/input_reEnterEMailAddress'

2023-10-02 18:00:20 - [MESSAGE][PASSED] - rad.getSetDataRAD.setDataRADAddress is PASSED

2023-10-02 18:00:20 - [TEST_STEP][PASSED] - if (feinSsn.equalsIgnoreCase("Y")): null

2023-10-02 18:00:20 - [TEST_STEP][PASSED] - else: Text ****** has been set on object 'Object Repository/RAD_Pages/TaxInfo_Page/input_concat(id(, , data, , ))_Data (1)'

2023-10-02 18:00:20 - [TEST_STEP][PASSED] - setEncryptedText(findTestObject("Object Repository/RAD_Pages/TaxInfo_Page/input_concat(id(, , data, , ))_Data"), "RigbBhfdqODKcAsiUrg+1Q=="): Text ****** has been set on object 'Object Repository/RAD_Pages/TaxInfo_Page/input_concat(id(, , data, , ))_Data'

2023-10-02 18:00:20 - [MESSAGE][PASSED] - Text ****** has been set on object 'Object Repository/RAD_Pages/TaxInfo_Page/input_concat(id(, , data, , ))_Data'

2023-10-02 18:00:20 - [TEST_STEP][PASSED] - setEncryptedText(findTestObject("Object Repository/RAD_Pages/TaxInfo_Page/input_concat(id(, , data, , ))_Data (1)"), "RigbBhfdqODKcAsiUrg+1Q=="): Text ****** has been set on object 'Object Repository/RAD_Pages/TaxInfo_Page/input_concat(id(, , data, , ))_Data (1)'

2023-10-02 18:00:21 - [MESSAGE][PASSED] - Text ****** has been set on object 'Object Repository/RAD_Pages/TaxInfo_Page/input_concat(id(, , data, , ))_Data (1)'

2023-10-02 18:00:21 - [TEST_STEP][PASSED] - rad.getSetDataRAD.setDataRADNoticeInvoiceThirteen(): rad.getSetDataRAD.setDataRADNoticeInvoiceThirteen is PASSED

2023-10-02 18:00:22 - [MESSAGE][PASSED] - Text '1234567890123' is set on object 'Object Repository/RAD_Pages/TaxInfo_Page/input_NoticeInvoiceNumber'

2023-10-02 18:00:23 - [MESSAGE][PASSED] - Text '1234567890123' is set on object 'Object Repository/RAD_Pages/TaxInfo_Page/input_reTypeNoticeInvoiceNumber'

2023-10-02 18:00:23 - [MESSAGE][PASSED] - rad.getSetDataRAD.setDataRADNoticeInvoiceThirteen is PASSED

2023-10-02 18:00:23 - [TEST_STEP][PASSED] - switch (TaxType): null

2023-10-02 18:00:23 - [TEST_STEP][PASSED] - case "Withholding Tax":: null

2023-10-02 18:00:23 - [TEST_STEP][PASSED] - rad.getSetDataRAD.setDataExistingRADMDCRN(): rad.getSetDataRAD.setDataExistingRADMDCRN is PASSED

2023-10-02 18:00:24 - [MESSAGE][PASSED] - Text '07640126' is set on object 'Object Repository/RAD_Pages/TaxInfo_Page/input_MDCRegistrationEL'

2023-10-02 18:00:24 - [MESSAGE][PASSED] - rad.getSetDataRAD.setDataExistingRADMDCRN is PASSED

2023-10-02 18:00:24 - [TEST_STEP][PASSED] - break: null

2023-10-02 18:00:24 - [TEST_STEP][PASSED] - setText(findTestObject(orPath_Amount + "/input__paymentAmount"), "100.00"): Text '100.00' is set on object 'Object Repository/RAD_Pages/PaymentAmount_Page/input__paymentAmount'

2023-10-02 18:00:25 - [MESSAGE][PASSED] - Text '100.00' is set on object 'Object Repository/RAD_Pages/PaymentAmount_Page/input__paymentAmount'

2023-10-02 18:00:25 - [TEST_STEP][PASSED] - setText(findTestObject(orPath_AddressContact + "/input_streetAddress2"), ""): Text '' is set on object 'Object Repository/RAD_Pages/AddressAndContactInfo_Page/input_streetAddress2'

2023-10-02 18:00:25 - [MESSAGE][PASSED] - Text '' is set on object 'Object Repository/RAD_Pages/AddressAndContactInfo_Page/input_streetAddress2'

2023-10-02 18:00:25 - [TEST_STEP][PASSED] - scrollToElement(findTestObject(orPath_Landing + "/button_Continue"), 3): Scroll to object 'Object Repository/RAD_Pages/Landing_Page/button_Continue' successfully

2023-10-02 18:00:26 - [MESSAGE][PASSED] - Scroll to object 'Object Repository/RAD_Pages/Landing_Page/button_Continue' successfully

2023-10-02 18:00:26 - [TEST_STEP][PASSED] - waitForElementClickable(findTestObject(orPath_Landing + "/button_Continue"), 5): Object 'Object Repository/RAD_Pages/Landing_Page/button_Continue' is clickable

2023-10-02 18:00:26 - [MESSAGE][PASSED] - Object 'Object Repository/RAD_Pages/Landing_Page/button_Continue' is clickable

2023-10-02 18:00:26 - [TEST_STEP][PASSED] - click(findTestObject(orPath_Landing + "/button_Continue")): Object: 'Object Repository/RAD_Pages/Landing_Page/button_Continue' is clicked on

2023-10-02 18:00:27 - [MESSAGE][PASSED] - Object: 'Object Repository/RAD_Pages/Landing_Page/button_Continue' is clicked on

2023-10-02 18:00:27 - [TEST_STEP][PASSED] - delay(2): Delayed 2 second(s)

2023-10-02 18:00:29 - [MESSAGE][PASSED] - Delayed 2 second(s)

2023-10-02 18:00:29 - [TEST_STEP][PASSED] - verifyTextPresent("Summary", true): Text 'Summary' is present on page  using regular expression

2023-10-02 18:00:29 - [MESSAGE][PASSED] - Text 'Summary' is present on page  using regular expression

2023-10-02 18:00:29 - [TEST_STEP][PASSED] - verifyTextPresent("Review the information below and make any necessary corrections by clicking the", true): Text 'Review the information below and make any necessary corrections by clicking the' is present on page  using regular expression

2023-10-02 18:00:30 - [MESSAGE][PASSED] - Text 'Review the information below and make any necessary corrections by clicking the' is present on page  using regular expression

2023-10-02 18:00:30 - [TEST_STEP][PASSED] - verifyTextPresent("When you are confident that all the information is correct, click the", true): Text 'When you are confident that all the information is correct, click the' is present on page  using regular expression

2023-10-02 18:00:30 - [MESSAGE][PASSED] - Text 'When you are confident that all the information is correct, click the' is present on page  using regular expression

2023-10-02 18:00:30 - [TEST_STEP][PASSED] - verifyTextPresent("Payment Type/Filing Year", true): Text 'Payment Type/Filing Year' is present on page  using regular expression

2023-10-02 18:00:30 - [MESSAGE][PASSED] - Text 'Payment Type/Filing Year' is present on page  using regular expression

2023-10-02 18:00:30 - [TEST_STEP][PASSED] - verifyTextPresent("Payment Type:", true): Text 'Payment Type:' is present on page  using regular expression

2023-10-02 18:00:31 - [MESSAGE][PASSED] - Text 'Payment Type:' is present on page  using regular expression

2023-10-02 18:00:31 - [TEST_STEP][PASSED] - verifyTextPresent("Existing Liability w/Notice Number", true): Text 'Existing Liability w/Notice Number' is present on page  using regular expression

2023-10-02 18:00:31 - [MESSAGE][PASSED] - Text 'Existing Liability w/Notice Number' is present on page  using regular expression

2023-10-02 18:00:31 - [TEST_STEP][PASSED] - verifyTextPresent("Payer Information", true): Text 'Payer Information' is present on page  using regular expression

2023-10-02 18:00:31 - [MESSAGE][PASSED] - Text 'Payer Information' is present on page  using regular expression

2023-10-02 18:00:31 - [TEST_STEP][PASSED] - verifyTextPresent("Taxpayer Name:", true): Text 'Taxpayer Name:' is present on page  using regular expression

2023-10-02 18:00:32 - [MESSAGE][PASSED] - Text 'Taxpayer Name:' is present on page  using regular expression

2023-10-02 18:00:32 - [TEST_STEP][PASSED] - if (!(TaxType.equalsIgnoreCase("Sales & Use Tax"))): Text 'My Company' is present on page  using regular expression

2023-10-02 18:00:32 - [TEST_STEP][PASSED] - verifyTextPresent("My Company", true): Text 'My Company' is present on page  using regular expression

2023-10-02 18:00:32 - [MESSAGE][PASSED] - Text 'My Company' is present on page  using regular expression

2023-10-02 18:00:32 - [TEST_STEP][PASSED] - verifyTextPresent("Business Rep Name:", true): Text 'Business Rep Name:' is present on page  using regular expression

2023-10-02 18:00:32 - [MESSAGE][PASSED] - Text 'Business Rep Name:' is present on page  using regular expression

2023-10-02 18:00:32 - [TEST_STEP][PASSED] - verifyTextPresent("BusRepFname BusRepLname", true): Text 'BusRepFname BusRepLname' is present on page  using regular expression

2023-10-02 18:00:33 - [MESSAGE][PASSED] - Text 'BusRepFname BusRepLname' is present on page  using regular expression

2023-10-02 18:00:33 - [TEST_STEP][PASSED] - verifyTextPresent("Taxpayer Address:", true): Text 'Taxpayer Address:' is present on page  using regular expression

2023-10-02 18:00:33 - [MESSAGE][PASSED] - Text 'Taxpayer Address:' is present on page  using regular expression

2023-10-02 18:00:33 - [TEST_STEP][PASSED] - verifyTextPresent("2508 Mandan Terrace Gambrills Maryland 21054", true): Text '2508 Mandan Terrace Gambrills Maryland 21054' is present on page  using regular expression

2023-10-02 18:00:34 - [MESSAGE][PASSED] - Text '2508 Mandan Terrace Gambrills Maryland 21054' is present on page  using regular expression

2023-10-02 18:00:34 - [TEST_STEP][PASSED] - verifyTextPresent("Email:", true): Text 'Email:' is present on page  using regular expression

2023-10-02 18:00:34 - [MESSAGE][PASSED] - Text 'Email:' is present on page  using regular expression

2023-10-02 18:00:34 - [TEST_STEP][PASSED] - verifyTextPresent("iahmed@govolution.com", true): Text 'iahmed@govolution.com' is present on page  using regular expression

2023-10-02 18:00:34 - [MESSAGE][PASSED] - Text 'iahmed@govolution.com' is present on page  using regular expression

2023-10-02 18:00:34 - [TEST_STEP][PASSED] - verifyTextPresent("Phone:", true): Text 'Phone:' is present on page  using regular expression

2023-10-02 18:00:35 - [MESSAGE][PASSED] - Text 'Phone:' is present on page  using regular expression

2023-10-02 18:00:35 - [TEST_STEP][PASSED] - verifyTextPresent("(703) 894-5000", false): Text '(703) 894-5000' is present on page 

2023-10-02 18:00:35 - [MESSAGE][PASSED] - Text '(703) 894-5000' is present on page 

2023-10-02 18:00:35 - [TEST_STEP][PASSED] - verifyTextPresent("Tax Information", true): Text 'Tax Information' is present on page  using regular expression

2023-10-02 18:00:36 - [MESSAGE][PASSED] - Text 'Tax Information' is present on page  using regular expression

2023-10-02 18:00:36 - [TEST_STEP][PASSED] - if (feinSsn.equalsIgnoreCase("Y")): null

2023-10-02 18:00:36 - [TEST_STEP][PASSED] - else: Text 'FEIN/SSN:' is not present on page using regular expression

2023-10-02 18:00:36 - [TEST_STEP][PASSED] - verifyTextPresent("Federal EIN:", true): Text 'Federal EIN:' is present on page  using regular expression

2023-10-02 18:00:36 - [MESSAGE][PASSED] - Text 'Federal EIN:' is present on page  using regular expression

2023-10-02 18:00:36 - [TEST_STEP][PASSED] - verifyTextNotPresent("FEIN/SSN:", true): Text 'FEIN/SSN:' is not present on page using regular expression

2023-10-02 18:00:36 - [MESSAGE][PASSED] - Text 'FEIN/SSN:' is not present on page using regular expression

2023-10-02 18:00:36 - [TEST_STEP][PASSED] - verifyTextPresent("Notice Number:", true): Text 'Notice Number:' is present on page  using regular expression

2023-10-02 18:00:37 - [MESSAGE][PASSED] - Text 'Notice Number:' is present on page  using regular expression

2023-10-02 18:00:37 - [TEST_STEP][PASSED] - verifyTextPresent("1234567890123", true): Text '1234567890123' is present on page  using regular expression

2023-10-02 18:00:37 - [MESSAGE][PASSED] - Text '1234567890123' is present on page  using regular expression

2023-10-02 18:00:37 - [TEST_STEP][PASSED] - verifyTextPresent("Tax Type:", true): Text 'Tax Type:' is present on page  using regular expression

2023-10-02 18:00:37 - [MESSAGE][PASSED] - Text 'Tax Type:' is present on page  using regular expression

2023-10-02 18:00:37 - [TEST_STEP][PASSED] - verifyTextPresent(TaxType, true): Text 'Withholding Tax' is present on page  using regular expression

2023-10-02 18:00:38 - [MESSAGE][PASSED] - Text 'Withholding Tax' is present on page  using regular expression

2023-10-02 18:00:38 - [TEST_STEP][PASSED] - verifyTextPresent("Payment Amount:", true): Text 'Payment Amount:' is present on page  using regular expression

2023-10-02 18:00:38 - [MESSAGE][PASSED] - Text 'Payment Amount:' is present on page  using regular expression

2023-10-02 18:00:38 - [TEST_STEP][PASSED] - verifyTextPresent("100.00", true): Text '100.00' is present on page  using regular expression

2023-10-02 18:00:39 - [MESSAGE][PASSED] - Text '100.00' is present on page  using regular expression

2023-10-02 18:00:39 - [TEST_STEP][PASSED] - if (verifyElementVisible(findTestObject(orPath_Summary + "/button_Proceed to Payment"))): null

2023-10-02 18:00:39 - [MESSAGE][PASSED] - Object 'Object Repository/RAD_Pages/Summary_Page/button_Proceed to Payment' is visible

2023-10-02 18:00:39 - [TEST_STEP][PASSED] - resText = "Pass": null

2023-10-02 18:00:39 - [TEST_STEP][PASSED] - pages.WriteExcel.demoKey(resText, datText, resColumn, datCloumn, fileLoc, nameSheet, row): pages.WriteExcel.demoKey is PASSED

2023-10-02 18:00:39 - [MESSAGE][PASSED] - pages.WriteExcel.demoKey is PASSED

2023-10-02 18:00:39 - [TEST_STEP][PASSED] - click(findTestObject(orPath_Summary + "/button_Proceed to Payment")): Object: 'Object Repository/RAD_Pages/Summary_Page/button_Proceed to Payment' is clicked on

2023-10-02 18:00:40 - [MESSAGE][PASSED] - Object: 'Object Repository/RAD_Pages/Summary_Page/button_Proceed to Payment' is clicked on

2023-10-02 18:00:40 - [TEST_STEP][PASSED] - ExecuteTC = findTestData(dataFile).getValue("Execute", row): null

2023-10-02 18:00:40 - [TEST_STEP][PASSED] - TaxType = findTestData(dataFile).getValue("TaxType", row): null

2023-10-02 18:00:40 - [TEST_STEP][PASSED] - PaymentType = findTestData(dataFile).getValue("PaymentType", row): null

2023-10-02 18:00:40 - [TEST_STEP][PASSED] - feinSsn = findTestData(dataFile).getValue("FEINSSN", row): null

2023-10-02 18:00:41 - [TEST_STEP][PASSED] - if (ExecuteTC.equalsIgnoreCase("Y")): Object: 'Object Repository/RAD_Pages/Summary_Page/button_Proceed to Payment' is clicked on

2023-10-02 18:00:41 - [TEST_STEP][PASSED] - out.println("Begin Record Number: " + row): null

2023-10-02 18:00:41 - [TEST_STEP][PASSED] - today = new java.util.Date(): null

2023-10-02 18:00:41 - [TEST_STEP][PASSED] - println(today): null

2023-10-02 18:00:41 - [TEST_STEP][PASSED] - datText = today: null

2023-10-02 18:00:41 - [TEST_STEP][PASSED] - logInfo("Payment Type: Existing Liability w/Notice Number"): Payment Type: Existing Liability w/Notice Number

2023-10-02 18:00:41 - [MESSAGE][INFO] - Payment Type: Existing Liability w/Notice Number

2023-10-02 18:00:41 - [TEST_STEP][PASSED] - logInfo("Tax Type: " + TaxType): Tax Type: Alcohol Tax

2023-10-02 18:00:41 - [MESSAGE][INFO] - Tax Type: Alcohol Tax

2023-10-02 18:00:41 - [TEST_STEP][PASSED] - openBrowser(""): Browser is opened with url: ''

2023-10-02 18:00:41 - [MESSAGE][WARNING] - A browser is already opened. Closing browser and opening a new one

2023-10-02 18:00:41 - [MESSAGE][INFO] - Starting 'Chrome' driver

2023-10-02 18:00:41 - [MESSAGE][INFO] - User set preference: ['acceptInsecureCerts', 'true']

2023-10-02 18:00:41 - [MESSAGE][INFO] - Action delay is set to 0 milliseconds

2023-10-02 18:00:43 - [MESSAGE][PASSED] - Browser is opened with url: ''

2023-10-02 18:00:43 - [TEST_STEP][PASSED] - maximizeWindow(): Current window maximized

2023-10-02 18:00:43 - [MESSAGE][PASSED] - Current window maximized

2023-10-02 18:00:43 - [TEST_STEP][PASSED] - navigateToUrl(RADurl): Navigate to 'https://demo.velocitypayment.com/client/rad/index.html' successfully

2023-10-02 18:00:44 - [MESSAGE][PASSED] - Navigate to 'https://demo.velocitypayment.com/client/rad/index.html' successfully

2023-10-02 18:00:44 - [TEST_STEP][PASSED] - selectOptionByLabel(findTestObject(orPath_Landing + "/dd_TaxType"), "Existing Liability w/Notice Number", false): All options with label 'Existing Liability w/Notice Number' are selected in object 'Object Repository/RAD_Pages/Landing_Page/dd_TaxType' 

2023-10-02 18:00:45 - [MESSAGE][PASSED] - All options with label 'Existing Liability w/Notice Number' are selected in object 'Object Repository/RAD_Pages/Landing_Page/dd_TaxType' 

2023-10-02 18:00:45 - [TEST_STEP][PASSED] - selectOptionByLabel(findTestObject(orPath_TaxTypeFilingYear + "/select_TaxType_ExistingLiability"), TaxType, false): All options with label 'Alcohol Tax' are selected in object 'Object Repository/RAD_Pages/TaxTypeFilingYear_Page/select_TaxType_ExistingLiability' 

2023-10-02 18:00:46 - [MESSAGE][PASSED] - All options with label 'Alcohol Tax' are selected in object 'Object Repository/RAD_Pages/TaxTypeFilingYear_Page/select_TaxType_ExistingLiability' 

2023-10-02 18:00:46 - [TEST_STEP][PASSED] - rad.getSetDataRAD.setDataRADBusinessName(): rad.getSetDataRAD.setDataRADBusinessName is PASSED

2023-10-02 18:00:47 - [MESSAGE][PASSED] - Text 'My Company' is set on object 'Object Repository/RAD_Pages/Taxpayer_Page/input_businessName'

2023-10-02 18:00:47 - [MESSAGE][PASSED] - rad.getSetDataRAD.setDataRADBusinessName is PASSED

2023-10-02 18:00:47 - [TEST_STEP][PASSED] - rad.getSetDataRAD.setDataRADBusinessRep(): rad.getSetDataRAD.setDataRADBusinessRep is PASSED

2023-10-02 18:00:48 - [MESSAGE][PASSED] - Text 'BusRepFname' is set on object 'Object Repository/RAD_Pages/Taxpayer_Page/input_BusinessRepfirstName'

2023-10-02 18:00:49 - [MESSAGE][PASSED] - Text '' is set on object 'Object Repository/RAD_Pages/Taxpayer_Page/input_BusinessRepmiddleName'

2023-10-02 18:00:50 - [MESSAGE][PASSED] - Text 'BusRepLname' is set on object 'Object Repository/RAD_Pages/Taxpayer_Page/input_BusinessReplastName'

2023-10-02 18:00:51 - [MESSAGE][PASSED] - Text '' is set on object 'Object Repository/RAD_Pages/Taxpayer_Page/input_BusinessRepsuffix'

2023-10-02 18:00:51 - [MESSAGE][PASSED] - rad.getSetDataRAD.setDataRADBusinessRep is PASSED

2023-10-02 18:00:51 - [TEST_STEP][PASSED] - rad.getSetDataRAD.setDataRADAddress(): rad.getSetDataRAD.setDataRADAddress is PASSED

2023-10-02 18:00:52 - [MESSAGE][PASSED] - All options with label 'United States' are selected in object 'Object Repository/RAD_Pages/AddressAndContactInfo_Page/select_Country' 

2023-10-02 18:00:53 - [MESSAGE][PASSED] - Text '2508 Mandan Terrace' is set on object 'Object Repository/RAD_Pages/AddressAndContactInfo_Page/input_streetAddress1'

2023-10-02 18:00:53 - [MESSAGE][PASSED] - Text '' is set on object 'Object Repository/RAD_Pages/AddressAndContactInfo_Page/input_streetAddress2'

2023-10-02 18:00:54 - [MESSAGE][PASSED] - Text 'Gambrills' is set on object 'Object Repository/RAD_Pages/AddressAndContactInfo_Page/input_city'

2023-10-02 18:00:55 - [MESSAGE][PASSED] - All options with label 'Maryland' are selected in object 'Object Repository/RAD_Pages/AddressAndContactInfo_Page/select_State' 

2023-10-02 18:00:56 - [MESSAGE][PASSED] - Text '21054' is set on object 'Object Repository/RAD_Pages/AddressAndContactInfo_Page/input_zipCode'

2023-10-02 18:00:57 - [MESSAGE][PASSED] - Text '(703) 894-5000' is set on object 'Object Repository/RAD_Pages/AddressAndContactInfo_Page/input_phoneNumber'

2023-10-02 18:00:58 - [MESSAGE][PASSED] - Text 'iahmed@govolution.com' is set on object 'Object Repository/RAD_Pages/AddressAndContactInfo_Page/input_eMailAddress'

2023-10-02 18:00:59 - [MESSAGE][PASSED] - Text 'iahmed@govolution.com' is set on object 'Object Repository/RAD_Pages/AddressAndContactInfo_Page/input_reEnterEMailAddress'

2023-10-02 18:00:59 - [MESSAGE][PASSED] - rad.getSetDataRAD.setDataRADAddress is PASSED

2023-10-02 18:00:59 - [TEST_STEP][PASSED] - if (feinSsn.equalsIgnoreCase("Y")): null

2023-10-02 18:00:59 - [TEST_STEP][PASSED] - else: Text ****** has been set on object 'Object Repository/RAD_Pages/TaxInfo_Page/input_concat(id(, , data, , ))_Data (1)'

2023-10-02 18:00:59 - [TEST_STEP][PASSED] - setEncryptedText(findTestObject("Object Repository/RAD_Pages/TaxInfo_Page/input_concat(id(, , data, , ))_Data"), "RigbBhfdqODKcAsiUrg+1Q=="): Text ****** has been set on object 'Object Repository/RAD_Pages/TaxInfo_Page/input_concat(id(, , data, , ))_Data'

2023-10-02 18:01:00 - [MESSAGE][PASSED] - Text ****** has been set on object 'Object Repository/RAD_Pages/TaxInfo_Page/input_concat(id(, , data, , ))_Data'

2023-10-02 18:01:00 - [TEST_STEP][PASSED] - setEncryptedText(findTestObject("Object Repository/RAD_Pages/TaxInfo_Page/input_concat(id(, , data, , ))_Data (1)"), "RigbBhfdqODKcAsiUrg+1Q=="): Text ****** has been set on object 'Object Repository/RAD_Pages/TaxInfo_Page/input_concat(id(, , data, , ))_Data (1)'

2023-10-02 18:01:00 - [MESSAGE][PASSED] - Text ****** has been set on object 'Object Repository/RAD_Pages/TaxInfo_Page/input_concat(id(, , data, , ))_Data (1)'

2023-10-02 18:01:00 - [TEST_STEP][PASSED] - rad.getSetDataRAD.setDataRADNoticeInvoiceThirteen(): rad.getSetDataRAD.setDataRADNoticeInvoiceThirteen is PASSED

2023-10-02 18:01:01 - [MESSAGE][PASSED] - Text '1234567890123' is set on object 'Object Repository/RAD_Pages/TaxInfo_Page/input_NoticeInvoiceNumber'

2023-10-02 18:01:02 - [MESSAGE][PASSED] - Text '1234567890123' is set on object 'Object Repository/RAD_Pages/TaxInfo_Page/input_reTypeNoticeInvoiceNumber'

2023-10-02 18:01:02 - [MESSAGE][PASSED] - rad.getSetDataRAD.setDataRADNoticeInvoiceThirteen is PASSED

2023-10-02 18:01:02 - [TEST_STEP][PASSED] - switch (TaxType): null

2023-10-02 18:01:02 - [TEST_STEP][PASSED] - setText(findTestObject(orPath_Amount + "/input__paymentAmount"), "100.00"): Text '100.00' is set on object 'Object Repository/RAD_Pages/PaymentAmount_Page/input__paymentAmount'

2023-10-02 18:01:03 - [MESSAGE][PASSED] - Text '100.00' is set on object 'Object Repository/RAD_Pages/PaymentAmount_Page/input__paymentAmount'

2023-10-02 18:01:03 - [TEST_STEP][PASSED] - setText(findTestObject(orPath_AddressContact + "/input_streetAddress2"), ""): Text '' is set on object 'Object Repository/RAD_Pages/AddressAndContactInfo_Page/input_streetAddress2'

2023-10-02 18:01:04 - [MESSAGE][PASSED] - Text '' is set on object 'Object Repository/RAD_Pages/AddressAndContactInfo_Page/input_streetAddress2'

2023-10-02 18:01:04 - [TEST_STEP][PASSED] - scrollToElement(findTestObject(orPath_Landing + "/button_Continue"), 3): Scroll to object 'Object Repository/RAD_Pages/Landing_Page/button_Continue' successfully

2023-10-02 18:01:04 - [MESSAGE][PASSED] - Scroll to object 'Object Repository/RAD_Pages/Landing_Page/button_Continue' successfully

2023-10-02 18:01:04 - [TEST_STEP][PASSED] - waitForElementClickable(findTestObject(orPath_Landing + "/button_Continue"), 5): Object 'Object Repository/RAD_Pages/Landing_Page/button_Continue' is clickable

2023-10-02 18:01:05 - [MESSAGE][PASSED] - Object 'Object Repository/RAD_Pages/Landing_Page/button_Continue' is clickable

2023-10-02 18:01:05 - [TEST_STEP][PASSED] - click(findTestObject(orPath_Landing + "/button_Continue")): Object: 'Object Repository/RAD_Pages/Landing_Page/button_Continue' is clicked on

2023-10-02 18:01:05 - [MESSAGE][PASSED] - Object: 'Object Repository/RAD_Pages/Landing_Page/button_Continue' is clicked on

2023-10-02 18:01:05 - [TEST_STEP][PASSED] - delay(2): Delayed 2 second(s)

2023-10-02 18:01:07 - [MESSAGE][PASSED] - Delayed 2 second(s)

2023-10-02 18:01:07 - [TEST_STEP][PASSED] - verifyTextPresent("Summary", true): Text 'Summary' is present on page  using regular expression

2023-10-02 18:01:07 - [MESSAGE][PASSED] - Text 'Summary' is present on page  using regular expression

2023-10-02 18:01:07 - [TEST_STEP][PASSED] - verifyTextPresent("Review the information below and make any necessary corrections by clicking the", true): Text 'Review the information below and make any necessary corrections by clicking the' is present on page  using regular expression

2023-10-02 18:01:08 - [MESSAGE][PASSED] - Text 'Review the information below and make any necessary corrections by clicking the' is present on page  using regular expression

2023-10-02 18:01:08 - [TEST_STEP][PASSED] - verifyTextPresent("When you are confident that all the information is correct, click the", true): Text 'When you are confident that all the information is correct, click the' is present on page  using regular expression

2023-10-02 18:01:08 - [MESSAGE][PASSED] - Text 'When you are confident that all the information is correct, click the' is present on page  using regular expression

2023-10-02 18:01:08 - [TEST_STEP][PASSED] - verifyTextPresent("Payment Type/Filing Year", true): Text 'Payment Type/Filing Year' is present on page  using regular expression

2023-10-02 18:01:09 - [MESSAGE][PASSED] - Text 'Payment Type/Filing Year' is present on page  using regular expression

2023-10-02 18:01:09 - [TEST_STEP][PASSED] - verifyTextPresent("Payment Type:", true): Text 'Payment Type:' is present on page  using regular expression

2023-10-02 18:01:09 - [MESSAGE][PASSED] - Text 'Payment Type:' is present on page  using regular expression

2023-10-02 18:01:09 - [TEST_STEP][PASSED] - verifyTextPresent("Existing Liability w/Notice Number", true): Text 'Existing Liability w/Notice Number' is present on page  using regular expression

2023-10-02 18:01:09 - [MESSAGE][PASSED] - Text 'Existing Liability w/Notice Number' is present on page  using regular expression

2023-10-02 18:01:09 - [TEST_STEP][PASSED] - verifyTextPresent("Payer Information", true): Text 'Payer Information' is present on page  using regular expression

2023-10-02 18:01:10 - [MESSAGE][PASSED] - Text 'Payer Information' is present on page  using regular expression

2023-10-02 18:01:10 - [TEST_STEP][PASSED] - verifyTextPresent("Taxpayer Name:", true): Text 'Taxpayer Name:' is present on page  using regular expression

2023-10-02 18:01:10 - [MESSAGE][PASSED] - Text 'Taxpayer Name:' is present on page  using regular expression

2023-10-02 18:01:10 - [TEST_STEP][PASSED] - if (!(TaxType.equalsIgnoreCase("Sales & Use Tax"))): Text 'My Company' is present on page  using regular expression

2023-10-02 18:01:10 - [TEST_STEP][PASSED] - verifyTextPresent("My Company", true): Text 'My Company' is present on page  using regular expression

2023-10-02 18:01:10 - [MESSAGE][PASSED] - Text 'My Company' is present on page  using regular expression

2023-10-02 18:01:10 - [TEST_STEP][PASSED] - verifyTextPresent("Business Rep Name:", true): Text 'Business Rep Name:' is present on page  using regular expression

2023-10-02 18:01:11 - [MESSAGE][PASSED] - Text 'Business Rep Name:' is present on page  using regular expression

2023-10-02 18:01:11 - [TEST_STEP][PASSED] - verifyTextPresent("BusRepFname BusRepLname", true): Text 'BusRepFname BusRepLname' is present on page  using regular expression

2023-10-02 18:01:11 - [MESSAGE][PASSED] - Text 'BusRepFname BusRepLname' is present on page  using regular expression

2023-10-02 18:01:11 - [TEST_STEP][PASSED] - verifyTextPresent("Taxpayer Address:", true): Text 'Taxpayer Address:' is present on page  using regular expression

2023-10-02 18:01:12 - [MESSAGE][PASSED] - Text 'Taxpayer Address:' is present on page  using regular expression

2023-10-02 18:01:12 - [TEST_STEP][PASSED] - verifyTextPresent("2508 Mandan Terrace Gambrills Maryland 21054", true): Text '2508 Mandan Terrace Gambrills Maryland 21054' is present on page  using regular expression

2023-10-02 18:01:12 - [MESSAGE][PASSED] - Text '2508 Mandan Terrace Gambrills Maryland 21054' is present on page  using regular expression

2023-10-02 18:01:12 - [TEST_STEP][PASSED] - verifyTextPresent("Email:", true): Text 'Email:' is present on page  using regular expression

2023-10-02 18:01:12 - [MESSAGE][PASSED] - Text 'Email:' is present on page  using regular expression

2023-10-02 18:01:12 - [TEST_STEP][PASSED] - verifyTextPresent("iahmed@govolution.com", true): Text 'iahmed@govolution.com' is present on page  using regular expression

2023-10-02 18:01:13 - [MESSAGE][PASSED] - Text 'iahmed@govolution.com' is present on page  using regular expression

2023-10-02 18:01:13 - [TEST_STEP][PASSED] - verifyTextPresent("Phone:", true): Text 'Phone:' is present on page  using regular expression

2023-10-02 18:01:13 - [MESSAGE][PASSED] - Text 'Phone:' is present on page  using regular expression

2023-10-02 18:01:13 - [TEST_STEP][PASSED] - verifyTextPresent("(703) 894-5000", false): Text '(703) 894-5000' is present on page 

2023-10-02 18:01:13 - [MESSAGE][PASSED] - Text '(703) 894-5000' is present on page 

2023-10-02 18:01:13 - [TEST_STEP][PASSED] - verifyTextPresent("Tax Information", true): Text 'Tax Information' is present on page  using regular expression

2023-10-02 18:01:14 - [MESSAGE][PASSED] - Text 'Tax Information' is present on page  using regular expression

2023-10-02 18:01:14 - [TEST_STEP][PASSED] - if (feinSsn.equalsIgnoreCase("Y")): null

2023-10-02 18:01:14 - [TEST_STEP][PASSED] - else: Text 'FEIN/SSN:' is not present on page using regular expression

2023-10-02 18:01:14 - [TEST_STEP][PASSED] - verifyTextPresent("Federal EIN:", true): Text 'Federal EIN:' is present on page  using regular expression

2023-10-02 18:01:14 - [MESSAGE][PASSED] - Text 'Federal EIN:' is present on page  using regular expression

2023-10-02 18:01:14 - [TEST_STEP][PASSED] - verifyTextNotPresent("FEIN/SSN:", true): Text 'FEIN/SSN:' is not present on page using regular expression

2023-10-02 18:01:15 - [MESSAGE][PASSED] - Text 'FEIN/SSN:' is not present on page using regular expression

2023-10-02 18:01:15 - [TEST_STEP][PASSED] - verifyTextPresent("Notice Number:", true): Text 'Notice Number:' is present on page  using regular expression

2023-10-02 18:01:15 - [MESSAGE][PASSED] - Text 'Notice Number:' is present on page  using regular expression

2023-10-02 18:01:15 - [TEST_STEP][PASSED] - verifyTextPresent("1234567890123", true): Text '1234567890123' is present on page  using regular expression

2023-10-02 18:01:15 - [MESSAGE][PASSED] - Text '1234567890123' is present on page  using regular expression

2023-10-02 18:01:15 - [TEST_STEP][PASSED] - verifyTextPresent("Tax Type:", true): Text 'Tax Type:' is present on page  using regular expression

2023-10-02 18:01:16 - [MESSAGE][PASSED] - Text 'Tax Type:' is present on page  using regular expression

2023-10-02 18:01:16 - [TEST_STEP][PASSED] - verifyTextPresent(TaxType, true): Text 'Alcohol Tax' is present on page  using regular expression

2023-10-02 18:01:16 - [MESSAGE][PASSED] - Text 'Alcohol Tax' is present on page  using regular expression

2023-10-02 18:01:16 - [TEST_STEP][PASSED] - verifyTextPresent("Payment Amount:", true): Text 'Payment Amount:' is present on page  using regular expression

2023-10-02 18:01:16 - [MESSAGE][PASSED] - Text 'Payment Amount:' is present on page  using regular expression

2023-10-02 18:01:16 - [TEST_STEP][PASSED] - verifyTextPresent("100.00", true): Text '100.00' is present on page  using regular expression

2023-10-02 18:01:17 - [MESSAGE][PASSED] - Text '100.00' is present on page  using regular expression

2023-10-02 18:01:17 - [TEST_STEP][PASSED] - if (verifyElementVisible(findTestObject(orPath_Summary + "/button_Proceed to Payment"))): null

2023-10-02 18:01:17 - [MESSAGE][PASSED] - Object 'Object Repository/RAD_Pages/Summary_Page/button_Proceed to Payment' is visible

2023-10-02 18:01:17 - [TEST_STEP][PASSED] - resText = "Pass": null

2023-10-02 18:01:17 - [TEST_STEP][PASSED] - pages.WriteExcel.demoKey(resText, datText, resColumn, datCloumn, fileLoc, nameSheet, row): pages.WriteExcel.demoKey is PASSED

2023-10-02 18:01:17 - [MESSAGE][PASSED] - pages.WriteExcel.demoKey is PASSED

2023-10-02 18:01:17 - [TEST_STEP][PASSED] - click(findTestObject(orPath_Summary + "/button_Proceed to Payment")): Object: 'Object Repository/RAD_Pages/Summary_Page/button_Proceed to Payment' is clicked on

2023-10-02 18:01:19 - [MESSAGE][PASSED] - Object: 'Object Repository/RAD_Pages/Summary_Page/button_Proceed to Payment' is clicked on

2023-10-02 18:01:19 - [TEST_STEP][PASSED] - ExecuteTC = findTestData(dataFile).getValue("Execute", row): null

2023-10-02 18:01:19 - [TEST_STEP][PASSED] - TaxType = findTestData(dataFile).getValue("TaxType", row): null

2023-10-02 18:01:19 - [TEST_STEP][PASSED] - PaymentType = findTestData(dataFile).getValue("PaymentType", row): null

2023-10-02 18:01:19 - [TEST_STEP][PASSED] - feinSsn = findTestData(dataFile).getValue("FEINSSN", row): null

2023-10-02 18:01:19 - [TEST_STEP][PASSED] - if (ExecuteTC.equalsIgnoreCase("Y")): Object: 'Object Repository/RAD_Pages/Summary_Page/button_Proceed to Payment' is clicked on

2023-10-02 18:01:19 - [TEST_STEP][PASSED] - out.println("Begin Record Number: " + row): null

2023-10-02 18:01:19 - [TEST_STEP][PASSED] - today = new java.util.Date(): null

2023-10-02 18:01:19 - [TEST_STEP][PASSED] - println(today): null

2023-10-02 18:01:19 - [TEST_STEP][PASSED] - datText = today: null

2023-10-02 18:01:19 - [TEST_STEP][PASSED] - logInfo("Payment Type: Existing Liability w/Notice Number"): Payment Type: Existing Liability w/Notice Number

2023-10-02 18:01:19 - [MESSAGE][INFO] - Payment Type: Existing Liability w/Notice Number

2023-10-02 18:01:19 - [TEST_STEP][PASSED] - logInfo("Tax Type: " + TaxType): Tax Type: PTE Tax Electing Non-S Corp

2023-10-02 18:01:19 - [MESSAGE][INFO] - Tax Type: PTE Tax Electing Non-S Corp

2023-10-02 18:01:19 - [TEST_STEP][PASSED] - openBrowser(""): Browser is opened with url: ''

2023-10-02 18:01:19 - [MESSAGE][WARNING] - A browser is already opened. Closing browser and opening a new one

2023-10-02 18:01:20 - [MESSAGE][INFO] - Starting 'Chrome' driver

2023-10-02 18:01:20 - [MESSAGE][INFO] - User set preference: ['acceptInsecureCerts', 'true']

2023-10-02 18:01:20 - [MESSAGE][INFO] - Action delay is set to 0 milliseconds

2023-10-02 18:01:21 - [MESSAGE][PASSED] - Browser is opened with url: ''

2023-10-02 18:01:21 - [TEST_STEP][PASSED] - maximizeWindow(): Current window maximized

2023-10-02 18:01:22 - [MESSAGE][PASSED] - Current window maximized

2023-10-02 18:01:22 - [TEST_STEP][PASSED] - navigateToUrl(RADurl): Navigate to 'https://demo.velocitypayment.com/client/rad/index.html' successfully

2023-10-02 18:01:24 - [MESSAGE][PASSED] - Navigate to 'https://demo.velocitypayment.com/client/rad/index.html' successfully

2023-10-02 18:01:24 - [TEST_STEP][PASSED] - selectOptionByLabel(findTestObject(orPath_Landing + "/dd_TaxType"), "Existing Liability w/Notice Number", false): All options with label 'Existing Liability w/Notice Number' are selected in object 'Object Repository/RAD_Pages/Landing_Page/dd_TaxType' 

2023-10-02 18:01:24 - [MESSAGE][PASSED] - All options with label 'Existing Liability w/Notice Number' are selected in object 'Object Repository/RAD_Pages/Landing_Page/dd_TaxType' 

2023-10-02 18:01:24 - [TEST_STEP][PASSED] - selectOptionByLabel(findTestObject(orPath_TaxTypeFilingYear + "/select_TaxType_ExistingLiability"), TaxType, false): All options with label 'PTE Tax Electing Non-S Corp' are selected in object 'Object Repository/RAD_Pages/TaxTypeFilingYear_Page/select_TaxType_ExistingLiability' 

2023-10-02 18:01:25 - [MESSAGE][PASSED] - All options with label 'PTE Tax Electing Non-S Corp' are selected in object 'Object Repository/RAD_Pages/TaxTypeFilingYear_Page/select_TaxType_ExistingLiability' 

2023-10-02 18:01:25 - [TEST_STEP][PASSED] - rad.getSetDataRAD.setDataRADBusinessName(): rad.getSetDataRAD.setDataRADBusinessName is PASSED

2023-10-02 18:01:26 - [MESSAGE][PASSED] - Text 'My Company' is set on object 'Object Repository/RAD_Pages/Taxpayer_Page/input_businessName'

2023-10-02 18:01:26 - [MESSAGE][PASSED] - rad.getSetDataRAD.setDataRADBusinessName is PASSED

2023-10-02 18:01:26 - [TEST_STEP][PASSED] - rad.getSetDataRAD.setDataRADBusinessRep(): rad.getSetDataRAD.setDataRADBusinessRep is PASSED

2023-10-02 18:01:28 - [MESSAGE][PASSED] - Text 'BusRepFname' is set on object 'Object Repository/RAD_Pages/Taxpayer_Page/input_BusinessRepfirstName'

2023-10-02 18:01:28 - [MESSAGE][PASSED] - Text '' is set on object 'Object Repository/RAD_Pages/Taxpayer_Page/input_BusinessRepmiddleName'

2023-10-02 18:01:29 - [MESSAGE][PASSED] - Text 'BusRepLname' is set on object 'Object Repository/RAD_Pages/Taxpayer_Page/input_BusinessReplastName'

2023-10-02 18:01:30 - [MESSAGE][PASSED] - Text '' is set on object 'Object Repository/RAD_Pages/Taxpayer_Page/input_BusinessRepsuffix'

2023-10-02 18:01:30 - [MESSAGE][PASSED] - rad.getSetDataRAD.setDataRADBusinessRep is PASSED

2023-10-02 18:01:30 - [TEST_STEP][PASSED] - rad.getSetDataRAD.setDataRADAddress(): rad.getSetDataRAD.setDataRADAddress is PASSED

2023-10-02 18:01:31 - [MESSAGE][PASSED] - All options with label 'United States' are selected in object 'Object Repository/RAD_Pages/AddressAndContactInfo_Page/select_Country' 

2023-10-02 18:01:32 - [MESSAGE][PASSED] - Text '2508 Mandan Terrace' is set on object 'Object Repository/RAD_Pages/AddressAndContactInfo_Page/input_streetAddress1'

2023-10-02 18:01:32 - [MESSAGE][PASSED] - Text '' is set on object 'Object Repository/RAD_Pages/AddressAndContactInfo_Page/input_streetAddress2'

2023-10-02 18:01:33 - [MESSAGE][PASSED] - Text 'Gambrills' is set on object 'Object Repository/RAD_Pages/AddressAndContactInfo_Page/input_city'

2023-10-02 18:01:34 - [MESSAGE][PASSED] - All options with label 'Maryland' are selected in object 'Object Repository/RAD_Pages/AddressAndContactInfo_Page/select_State' 

2023-10-02 18:01:35 - [MESSAGE][PASSED] - Text '21054' is set on object 'Object Repository/RAD_Pages/AddressAndContactInfo_Page/input_zipCode'

2023-10-02 18:01:36 - [MESSAGE][PASSED] - Text '(703) 894-5000' is set on object 'Object Repository/RAD_Pages/AddressAndContactInfo_Page/input_phoneNumber'

2023-10-02 18:01:37 - [MESSAGE][PASSED] - Text 'iahmed@govolution.com' is set on object 'Object Repository/RAD_Pages/AddressAndContactInfo_Page/input_eMailAddress'

2023-10-02 18:01:38 - [MESSAGE][PASSED] - Text 'iahmed@govolution.com' is set on object 'Object Repository/RAD_Pages/AddressAndContactInfo_Page/input_reEnterEMailAddress'

2023-10-02 18:01:38 - [MESSAGE][PASSED] - rad.getSetDataRAD.setDataRADAddress is PASSED

2023-10-02 18:01:38 - [TEST_STEP][PASSED] - if (feinSsn.equalsIgnoreCase("Y")): Text ****** has been set on object 'Object Repository/RAD_Pages/TaxInfo_Page/input_TaxInfo_RefeinSsn_Existing'

2023-10-02 18:01:38 - [TEST_STEP][PASSED] - setEncryptedText(findTestObject(orPath_TaxInfo + "/input_TaxInfo_feinSsn_Existing"), "RigbBhfdqODKcAsiUrg+1Q=="): Text ****** has been set on object 'Object Repository/RAD_Pages/TaxInfo_Page/input_TaxInfo_feinSsn_Existing'

2023-10-02 18:01:39 - [MESSAGE][PASSED] - Text ****** has been set on object 'Object Repository/RAD_Pages/TaxInfo_Page/input_TaxInfo_feinSsn_Existing'

2023-10-02 18:01:39 - [TEST_STEP][PASSED] - setEncryptedText(findTestObject(orPath_TaxInfo + "/input_TaxInfo_RefeinSsn_Existing"), "RigbBhfdqODKcAsiUrg+1Q=="): Text ****** has been set on object 'Object Repository/RAD_Pages/TaxInfo_Page/input_TaxInfo_RefeinSsn_Existing'

2023-10-02 18:01:39 - [MESSAGE][PASSED] - Text ****** has been set on object 'Object Repository/RAD_Pages/TaxInfo_Page/input_TaxInfo_RefeinSsn_Existing'

2023-10-02 18:01:39 - [TEST_STEP][PASSED] - rad.getSetDataRAD.setDataRADNoticeInvoiceThirteen(): rad.getSetDataRAD.setDataRADNoticeInvoiceThirteen is PASSED

2023-10-02 18:01:40 - [MESSAGE][PASSED] - Text '1234567890123' is set on object 'Object Repository/RAD_Pages/TaxInfo_Page/input_NoticeInvoiceNumber'

2023-10-02 18:01:41 - [MESSAGE][PASSED] - Text '1234567890123' is set on object 'Object Repository/RAD_Pages/TaxInfo_Page/input_reTypeNoticeInvoiceNumber'

2023-10-02 18:01:41 - [MESSAGE][PASSED] - rad.getSetDataRAD.setDataRADNoticeInvoiceThirteen is PASSED

2023-10-02 18:01:41 - [TEST_STEP][PASSED] - switch (TaxType): null

2023-10-02 18:01:41 - [TEST_STEP][PASSED] - setText(findTestObject(orPath_Amount + "/input__paymentAmount"), "100.00"): Text '100.00' is set on object 'Object Repository/RAD_Pages/PaymentAmount_Page/input__paymentAmount'

2023-10-02 18:01:42 - [MESSAGE][PASSED] - Text '100.00' is set on object 'Object Repository/RAD_Pages/PaymentAmount_Page/input__paymentAmount'

2023-10-02 18:01:42 - [TEST_STEP][PASSED] - setText(findTestObject(orPath_AddressContact + "/input_streetAddress2"), ""): Text '' is set on object 'Object Repository/RAD_Pages/AddressAndContactInfo_Page/input_streetAddress2'

2023-10-02 18:01:43 - [MESSAGE][PASSED] - Text '' is set on object 'Object Repository/RAD_Pages/AddressAndContactInfo_Page/input_streetAddress2'

2023-10-02 18:01:43 - [TEST_STEP][PASSED] - scrollToElement(findTestObject(orPath_Landing + "/button_Continue"), 3): Scroll to object 'Object Repository/RAD_Pages/Landing_Page/button_Continue' successfully

2023-10-02 18:01:43 - [MESSAGE][PASSED] - Scroll to object 'Object Repository/RAD_Pages/Landing_Page/button_Continue' successfully

2023-10-02 18:01:43 - [TEST_STEP][PASSED] - waitForElementClickable(findTestObject(orPath_Landing + "/button_Continue"), 5): Object 'Object Repository/RAD_Pages/Landing_Page/button_Continue' is clickable

2023-10-02 18:01:44 - [MESSAGE][PASSED] - Object 'Object Repository/RAD_Pages/Landing_Page/button_Continue' is clickable

2023-10-02 18:01:44 - [TEST_STEP][PASSED] - click(findTestObject(orPath_Landing + "/button_Continue")): Object: 'Object Repository/RAD_Pages/Landing_Page/button_Continue' is clicked on

2023-10-02 18:01:44 - [MESSAGE][PASSED] - Object: 'Object Repository/RAD_Pages/Landing_Page/button_Continue' is clicked on

2023-10-02 18:01:44 - [TEST_STEP][PASSED] - delay(2): Delayed 2 second(s)

2023-10-02 18:01:46 - [MESSAGE][PASSED] - Delayed 2 second(s)

2023-10-02 18:01:46 - [TEST_STEP][PASSED] - verifyTextPresent("Summary", true): Text 'Summary' is present on page  using regular expression

2023-10-02 18:01:46 - [MESSAGE][PASSED] - Text 'Summary' is present on page  using regular expression

2023-10-02 18:01:46 - [TEST_STEP][PASSED] - verifyTextPresent("Review the information below and make any necessary corrections by clicking the", true): Text 'Review the information below and make any necessary corrections by clicking the' is present on page  using regular expression

2023-10-02 18:01:47 - [MESSAGE][PASSED] - Text 'Review the information below and make any necessary corrections by clicking the' is present on page  using regular expression

2023-10-02 18:01:47 - [TEST_STEP][PASSED] - verifyTextPresent("When you are confident that all the information is correct, click the", true): Text 'When you are confident that all the information is correct, click the' is present on page  using regular expression

2023-10-02 18:01:47 - [MESSAGE][PASSED] - Text 'When you are confident that all the information is correct, click the' is present on page  using regular expression

2023-10-02 18:01:47 - [TEST_STEP][PASSED] - verifyTextPresent("Payment Type/Filing Year", true): Text 'Payment Type/Filing Year' is present on page  using regular expression

2023-10-02 18:01:48 - [MESSAGE][PASSED] - Text 'Payment Type/Filing Year' is present on page  using regular expression

2023-10-02 18:01:48 - [TEST_STEP][PASSED] - verifyTextPresent("Payment Type:", true): Text 'Payment Type:' is present on page  using regular expression

2023-10-02 18:01:48 - [MESSAGE][PASSED] - Text 'Payment Type:' is present on page  using regular expression

2023-10-02 18:01:48 - [TEST_STEP][PASSED] - verifyTextPresent("Existing Liability w/Notice Number", true): Text 'Existing Liability w/Notice Number' is present on page  using regular expression

2023-10-02 18:01:48 - [MESSAGE][PASSED] - Text 'Existing Liability w/Notice Number' is present on page  using regular expression

2023-10-02 18:01:48 - [TEST_STEP][PASSED] - verifyTextPresent("Payer Information", true): Text 'Payer Information' is present on page  using regular expression

2023-10-02 18:01:49 - [MESSAGE][PASSED] - Text 'Payer Information' is present on page  using regular expression

2023-10-02 18:01:49 - [TEST_STEP][PASSED] - verifyTextPresent("Taxpayer Name:", true): Text 'Taxpayer Name:' is present on page  using regular expression

2023-10-02 18:01:49 - [MESSAGE][PASSED] - Text 'Taxpayer Name:' is present on page  using regular expression

2023-10-02 18:01:49 - [TEST_STEP][PASSED] - if (!(TaxType.equalsIgnoreCase("Sales & Use Tax"))): Text 'My Company' is present on page  using regular expression

2023-10-02 18:01:49 - [TEST_STEP][PASSED] - verifyTextPresent("My Company", true): Text 'My Company' is present on page  using regular expression

2023-10-02 18:01:49 - [MESSAGE][PASSED] - Text 'My Company' is present on page  using regular expression

2023-10-02 18:01:49 - [TEST_STEP][PASSED] - verifyTextPresent("Business Rep Name:", true): Text 'Business Rep Name:' is present on page  using regular expression

2023-10-02 18:01:50 - [MESSAGE][PASSED] - Text 'Business Rep Name:' is present on page  using regular expression

2023-10-02 18:01:50 - [TEST_STEP][PASSED] - verifyTextPresent("BusRepFname BusRepLname", true): Text 'BusRepFname BusRepLname' is present on page  using regular expression

2023-10-02 18:01:50 - [MESSAGE][PASSED] - Text 'BusRepFname BusRepLname' is present on page  using regular expression

2023-10-02 18:01:50 - [TEST_STEP][PASSED] - verifyTextPresent("Taxpayer Address:", true): Text 'Taxpayer Address:' is present on page  using regular expression

2023-10-02 18:01:50 - [MESSAGE][PASSED] - Text 'Taxpayer Address:' is present on page  using regular expression

2023-10-02 18:01:50 - [TEST_STEP][PASSED] - verifyTextPresent("2508 Mandan Terrace Gambrills Maryland 21054", true): Text '2508 Mandan Terrace Gambrills Maryland 21054' is present on page  using regular expression

2023-10-02 18:01:51 - [MESSAGE][PASSED] - Text '2508 Mandan Terrace Gambrills Maryland 21054' is present on page  using regular expression

2023-10-02 18:01:51 - [TEST_STEP][PASSED] - verifyTextPresent("Email:", true): Text 'Email:' is present on page  using regular expression

2023-10-02 18:01:51 - [MESSAGE][PASSED] - Text 'Email:' is present on page  using regular expression

2023-10-02 18:01:51 - [TEST_STEP][PASSED] - verifyTextPresent("iahmed@govolution.com", true): Text 'iahmed@govolution.com' is present on page  using regular expression

2023-10-02 18:01:52 - [MESSAGE][PASSED] - Text 'iahmed@govolution.com' is present on page  using regular expression

2023-10-02 18:01:52 - [TEST_STEP][PASSED] - verifyTextPresent("Phone:", true): Text 'Phone:' is present on page  using regular expression

2023-10-02 18:01:52 - [MESSAGE][PASSED] - Text 'Phone:' is present on page  using regular expression

2023-10-02 18:01:52 - [TEST_STEP][PASSED] - verifyTextPresent("(703) 894-5000", false): Text '(703) 894-5000' is present on page 

2023-10-02 18:01:52 - [MESSAGE][PASSED] - Text '(703) 894-5000' is present on page 

2023-10-02 18:01:52 - [TEST_STEP][PASSED] - verifyTextPresent("Tax Information", true): Text 'Tax Information' is present on page  using regular expression

2023-10-02 18:01:53 - [MESSAGE][PASSED] - Text 'Tax Information' is present on page  using regular expression

2023-10-02 18:01:53 - [TEST_STEP][PASSED] - if (feinSsn.equalsIgnoreCase("Y")): Text 'Federal EIN:' is not present on page using regular expression

2023-10-02 18:01:53 - [TEST_STEP][PASSED] - verifyTextPresent("FEIN/SSN:", true): Text 'FEIN/SSN:' is present on page  using regular expression

2023-10-02 18:01:53 - [MESSAGE][PASSED] - Text 'FEIN/SSN:' is present on page  using regular expression

2023-10-02 18:01:53 - [TEST_STEP][PASSED] - verifyTextNotPresent("Federal EIN:", true): Text 'Federal EIN:' is not present on page using regular expression

2023-10-02 18:01:54 - [MESSAGE][PASSED] - Text 'Federal EIN:' is not present on page using regular expression

2023-10-02 18:01:54 - [TEST_STEP][PASSED] - verifyTextPresent("Notice Number:", true): Text 'Notice Number:' is present on page  using regular expression

2023-10-02 18:01:54 - [MESSAGE][PASSED] - Text 'Notice Number:' is present on page  using regular expression

2023-10-02 18:01:54 - [TEST_STEP][PASSED] - verifyTextPresent("1234567890123", true): Text '1234567890123' is present on page  using regular expression

2023-10-02 18:01:54 - [MESSAGE][PASSED] - Text '1234567890123' is present on page  using regular expression

2023-10-02 18:01:54 - [TEST_STEP][PASSED] - verifyTextPresent("Tax Type:", true): Text 'Tax Type:' is present on page  using regular expression

2023-10-02 18:01:55 - [MESSAGE][PASSED] - Text 'Tax Type:' is present on page  using regular expression

2023-10-02 18:01:55 - [TEST_STEP][PASSED] - verifyTextPresent(TaxType, true): Text 'PTE Tax Electing Non-S Corp' is present on page  using regular expression

2023-10-02 18:01:55 - [MESSAGE][PASSED] - Text 'PTE Tax Electing Non-S Corp' is present on page  using regular expression

2023-10-02 18:01:55 - [TEST_STEP][PASSED] - verifyTextPresent("Payment Amount:", true): Text 'Payment Amount:' is present on page  using regular expression

2023-10-02 18:01:55 - [MESSAGE][PASSED] - Text 'Payment Amount:' is present on page  using regular expression

2023-10-02 18:01:55 - [TEST_STEP][PASSED] - verifyTextPresent("100.00", true): Text '100.00' is present on page  using regular expression

2023-10-02 18:01:56 - [MESSAGE][PASSED] - Text '100.00' is present on page  using regular expression

2023-10-02 18:01:56 - [TEST_STEP][PASSED] - if (verifyElementVisible(findTestObject(orPath_Summary + "/button_Proceed to Payment"))): null

2023-10-02 18:01:56 - [MESSAGE][PASSED] - Object 'Object Repository/RAD_Pages/Summary_Page/button_Proceed to Payment' is visible

2023-10-02 18:01:56 - [TEST_STEP][PASSED] - resText = "Pass": null

2023-10-02 18:01:56 - [TEST_STEP][PASSED] - pages.WriteExcel.demoKey(resText, datText, resColumn, datCloumn, fileLoc, nameSheet, row): pages.WriteExcel.demoKey is PASSED

2023-10-02 18:01:56 - [MESSAGE][PASSED] - pages.WriteExcel.demoKey is PASSED

2023-10-02 18:01:56 - [TEST_STEP][PASSED] - click(findTestObject(orPath_Summary + "/button_Proceed to Payment")): Object: 'Object Repository/RAD_Pages/Summary_Page/button_Proceed to Payment' is clicked on

2023-10-02 18:01:57 - [MESSAGE][PASSED] - Object: 'Object Repository/RAD_Pages/Summary_Page/button_Proceed to Payment' is clicked on

2023-10-02 18:01:57 - [TEST_STEP][PASSED] - ExecuteTC = findTestData(dataFile).getValue("Execute", row): null

2023-10-02 18:01:57 - [TEST_STEP][PASSED] - TaxType = findTestData(dataFile).getValue("TaxType", row): null

2023-10-02 18:01:57 - [TEST_STEP][PASSED] - PaymentType = findTestData(dataFile).getValue("PaymentType", row): null

2023-10-02 18:01:57 - [TEST_STEP][PASSED] - feinSsn = findTestData(dataFile).getValue("FEINSSN", row): null

2023-10-02 18:01:57 - [TEST_STEP][PASSED] - if (ExecuteTC.equalsIgnoreCase("Y")): Object: 'Object Repository/RAD_Pages/Summary_Page/button_Proceed to Payment' is clicked on

2023-10-02 18:01:57 - [TEST_STEP][PASSED] - out.println("Begin Record Number: " + row): null

2023-10-02 18:01:57 - [TEST_STEP][PASSED] - today = new java.util.Date(): null

2023-10-02 18:01:57 - [TEST_STEP][PASSED] - println(today): null

2023-10-02 18:01:57 - [TEST_STEP][PASSED] - datText = today: null

2023-10-02 18:01:57 - [TEST_STEP][PASSED] - logInfo("Payment Type: Existing Liability w/Notice Number"): Payment Type: Existing Liability w/Notice Number

2023-10-02 18:01:57 - [MESSAGE][INFO] - Payment Type: Existing Liability w/Notice Number

2023-10-02 18:01:57 - [TEST_STEP][PASSED] - logInfo("Tax Type: " + TaxType): Tax Type: PTE Tax Electing S Corp

2023-10-02 18:01:57 - [MESSAGE][INFO] - Tax Type: PTE Tax Electing S Corp

2023-10-02 18:01:57 - [TEST_STEP][PASSED] - openBrowser(""): Browser is opened with url: ''

2023-10-02 18:01:57 - [MESSAGE][WARNING] - A browser is already opened. Closing browser and opening a new one

2023-10-02 18:01:58 - [MESSAGE][INFO] - Starting 'Chrome' driver

2023-10-02 18:01:58 - [MESSAGE][INFO] - User set preference: ['acceptInsecureCerts', 'true']

2023-10-02 18:01:58 - [MESSAGE][INFO] - Action delay is set to 0 milliseconds

2023-10-02 18:02:00 - [MESSAGE][PASSED] - Browser is opened with url: ''

2023-10-02 18:02:00 - [TEST_STEP][PASSED] - maximizeWindow(): Current window maximized

2023-10-02 18:02:00 - [MESSAGE][PASSED] - Current window maximized

2023-10-02 18:02:00 - [TEST_STEP][PASSED] - navigateToUrl(RADurl): Navigate to 'https://demo.velocitypayment.com/client/rad/index.html' successfully

2023-10-02 18:02:01 - [MESSAGE][PASSED] - Navigate to 'https://demo.velocitypayment.com/client/rad/index.html' successfully

2023-10-02 18:02:01 - [TEST_STEP][PASSED] - selectOptionByLabel(findTestObject(orPath_Landing + "/dd_TaxType"), "Existing Liability w/Notice Number", false): All options with label 'Existing Liability w/Notice Number' are selected in object 'Object Repository/RAD_Pages/Landing_Page/dd_TaxType' 

2023-10-02 18:02:02 - [MESSAGE][PASSED] - All options with label 'Existing Liability w/Notice Number' are selected in object 'Object Repository/RAD_Pages/Landing_Page/dd_TaxType' 

2023-10-02 18:02:02 - [TEST_STEP][PASSED] - selectOptionByLabel(findTestObject(orPath_TaxTypeFilingYear + "/select_TaxType_ExistingLiability"), TaxType, false): All options with label 'PTE Tax Electing S Corp' are selected in object 'Object Repository/RAD_Pages/TaxTypeFilingYear_Page/select_TaxType_ExistingLiability' 

2023-10-02 18:02:03 - [MESSAGE][PASSED] - All options with label 'PTE Tax Electing S Corp' are selected in object 'Object Repository/RAD_Pages/TaxTypeFilingYear_Page/select_TaxType_ExistingLiability' 

2023-10-02 18:02:03 - [TEST_STEP][PASSED] - rad.getSetDataRAD.setDataRADBusinessName(): rad.getSetDataRAD.setDataRADBusinessName is PASSED

2023-10-02 18:02:04 - [MESSAGE][PASSED] - Text 'My Company' is set on object 'Object Repository/RAD_Pages/Taxpayer_Page/input_businessName'

2023-10-02 18:02:04 - [MESSAGE][PASSED] - rad.getSetDataRAD.setDataRADBusinessName is PASSED

2023-10-02 18:02:04 - [TEST_STEP][PASSED] - rad.getSetDataRAD.setDataRADBusinessRep(): rad.getSetDataRAD.setDataRADBusinessRep is PASSED

2023-10-02 18:02:05 - [MESSAGE][PASSED] - Text 'BusRepFname' is set on object 'Object Repository/RAD_Pages/Taxpayer_Page/input_BusinessRepfirstName'

2023-10-02 18:02:06 - [MESSAGE][PASSED] - Text '' is set on object 'Object Repository/RAD_Pages/Taxpayer_Page/input_BusinessRepmiddleName'

2023-10-02 18:02:07 - [MESSAGE][PASSED] - Text 'BusRepLname' is set on object 'Object Repository/RAD_Pages/Taxpayer_Page/input_BusinessReplastName'

2023-10-02 18:02:08 - [MESSAGE][PASSED] - Text '' is set on object 'Object Repository/RAD_Pages/Taxpayer_Page/input_BusinessRepsuffix'

2023-10-02 18:02:08 - [MESSAGE][PASSED] - rad.getSetDataRAD.setDataRADBusinessRep is PASSED

2023-10-02 18:02:08 - [TEST_STEP][PASSED] - rad.getSetDataRAD.setDataRADAddress(): rad.getSetDataRAD.setDataRADAddress is PASSED

2023-10-02 18:02:09 - [MESSAGE][PASSED] - All options with label 'United States' are selected in object 'Object Repository/RAD_Pages/AddressAndContactInfo_Page/select_Country' 

2023-10-02 18:02:09 - [MESSAGE][PASSED] - Text '2508 Mandan Terrace' is set on object 'Object Repository/RAD_Pages/AddressAndContactInfo_Page/input_streetAddress1'

2023-10-02 18:02:10 - [MESSAGE][PASSED] - Text '' is set on object 'Object Repository/RAD_Pages/AddressAndContactInfo_Page/input_streetAddress2'

2023-10-02 18:02:11 - [MESSAGE][PASSED] - Text 'Gambrills' is set on object 'Object Repository/RAD_Pages/AddressAndContactInfo_Page/input_city'

2023-10-02 18:02:12 - [MESSAGE][PASSED] - All options with label 'Maryland' are selected in object 'Object Repository/RAD_Pages/AddressAndContactInfo_Page/select_State' 

2023-10-02 18:02:13 - [MESSAGE][PASSED] - Text '21054' is set on object 'Object Repository/RAD_Pages/AddressAndContactInfo_Page/input_zipCode'

2023-10-02 18:02:14 - [MESSAGE][PASSED] - Text '(703) 894-5000' is set on object 'Object Repository/RAD_Pages/AddressAndContactInfo_Page/input_phoneNumber'

2023-10-02 18:02:15 - [MESSAGE][PASSED] - Text 'iahmed@govolution.com' is set on object 'Object Repository/RAD_Pages/AddressAndContactInfo_Page/input_eMailAddress'

2023-10-02 18:02:16 - [MESSAGE][PASSED] - Text 'iahmed@govolution.com' is set on object 'Object Repository/RAD_Pages/AddressAndContactInfo_Page/input_reEnterEMailAddress'

2023-10-02 18:02:16 - [MESSAGE][PASSED] - rad.getSetDataRAD.setDataRADAddress is PASSED

2023-10-02 18:02:16 - [TEST_STEP][PASSED] - if (feinSsn.equalsIgnoreCase("Y")): Text ****** has been set on object 'Object Repository/RAD_Pages/TaxInfo_Page/input_TaxInfo_RefeinSsn_Existing'

2023-10-02 18:02:16 - [TEST_STEP][PASSED] - setEncryptedText(findTestObject(orPath_TaxInfo + "/input_TaxInfo_feinSsn_Existing"), "RigbBhfdqODKcAsiUrg+1Q=="): Text ****** has been set on object 'Object Repository/RAD_Pages/TaxInfo_Page/input_TaxInfo_feinSsn_Existing'

2023-10-02 18:02:16 - [MESSAGE][PASSED] - Text ****** has been set on object 'Object Repository/RAD_Pages/TaxInfo_Page/input_TaxInfo_feinSsn_Existing'

2023-10-02 18:02:16 - [TEST_STEP][PASSED] - setEncryptedText(findTestObject(orPath_TaxInfo + "/input_TaxInfo_RefeinSsn_Existing"), "RigbBhfdqODKcAsiUrg+1Q=="): Text ****** has been set on object 'Object Repository/RAD_Pages/TaxInfo_Page/input_TaxInfo_RefeinSsn_Existing'

2023-10-02 18:02:17 - [MESSAGE][PASSED] - Text ****** has been set on object 'Object Repository/RAD_Pages/TaxInfo_Page/input_TaxInfo_RefeinSsn_Existing'

2023-10-02 18:02:17 - [TEST_STEP][PASSED] - rad.getSetDataRAD.setDataRADNoticeInvoiceThirteen(): rad.getSetDataRAD.setDataRADNoticeInvoiceThirteen is PASSED

2023-10-02 18:02:18 - [MESSAGE][PASSED] - Text '1234567890123' is set on object 'Object Repository/RAD_Pages/TaxInfo_Page/input_NoticeInvoiceNumber'

2023-10-02 18:02:19 - [MESSAGE][PASSED] - Text '1234567890123' is set on object 'Object Repository/RAD_Pages/TaxInfo_Page/input_reTypeNoticeInvoiceNumber'

2023-10-02 18:02:19 - [MESSAGE][PASSED] - rad.getSetDataRAD.setDataRADNoticeInvoiceThirteen is PASSED

2023-10-02 18:02:19 - [TEST_STEP][PASSED] - switch (TaxType): null

2023-10-02 18:02:19 - [TEST_STEP][PASSED] - setText(findTestObject(orPath_Amount + "/input__paymentAmount"), "100.00"): Text '100.00' is set on object 'Object Repository/RAD_Pages/PaymentAmount_Page/input__paymentAmount'

2023-10-02 18:02:20 - [MESSAGE][PASSED] - Text '100.00' is set on object 'Object Repository/RAD_Pages/PaymentAmount_Page/input__paymentAmount'

2023-10-02 18:02:20 - [TEST_STEP][PASSED] - setText(findTestObject(orPath_AddressContact + "/input_streetAddress2"), ""): Text '' is set on object 'Object Repository/RAD_Pages/AddressAndContactInfo_Page/input_streetAddress2'

2023-10-02 18:02:21 - [MESSAGE][PASSED] - Text '' is set on object 'Object Repository/RAD_Pages/AddressAndContactInfo_Page/input_streetAddress2'

2023-10-02 18:02:21 - [TEST_STEP][PASSED] - scrollToElement(findTestObject(orPath_Landing + "/button_Continue"), 3): Scroll to object 'Object Repository/RAD_Pages/Landing_Page/button_Continue' successfully

2023-10-02 18:02:21 - [MESSAGE][PASSED] - Scroll to object 'Object Repository/RAD_Pages/Landing_Page/button_Continue' successfully

2023-10-02 18:02:21 - [TEST_STEP][PASSED] - waitForElementClickable(findTestObject(orPath_Landing + "/button_Continue"), 5): Object 'Object Repository/RAD_Pages/Landing_Page/button_Continue' is clickable

2023-10-02 18:02:21 - [MESSAGE][PASSED] - Object 'Object Repository/RAD_Pages/Landing_Page/button_Continue' is clickable

2023-10-02 18:02:21 - [TEST_STEP][PASSED] - click(findTestObject(orPath_Landing + "/button_Continue")): Object: 'Object Repository/RAD_Pages/Landing_Page/button_Continue' is clicked on

2023-10-02 18:02:22 - [MESSAGE][PASSED] - Object: 'Object Repository/RAD_Pages/Landing_Page/button_Continue' is clicked on

2023-10-02 18:02:22 - [TEST_STEP][PASSED] - delay(2): Delayed 2 second(s)

2023-10-02 18:02:24 - [MESSAGE][PASSED] - Delayed 2 second(s)

2023-10-02 18:02:24 - [TEST_STEP][PASSED] - verifyTextPresent("Summary", true): Text 'Summary' is present on page  using regular expression

2023-10-02 18:02:24 - [MESSAGE][PASSED] - Text 'Summary' is present on page  using regular expression

2023-10-02 18:02:24 - [TEST_STEP][PASSED] - verifyTextPresent("Review the information below and make any necessary corrections by clicking the", true): Text 'Review the information below and make any necessary corrections by clicking the' is present on page  using regular expression

2023-10-02 18:02:25 - [MESSAGE][PASSED] - Text 'Review the information below and make any necessary corrections by clicking the' is present on page  using regular expression

2023-10-02 18:02:25 - [TEST_STEP][PASSED] - verifyTextPresent("When you are confident that all the information is correct, click the", true): Text 'When you are confident that all the information is correct, click the' is present on page  using regular expression

2023-10-02 18:02:25 - [MESSAGE][PASSED] - Text 'When you are confident that all the information is correct, click the' is present on page  using regular expression

2023-10-02 18:02:25 - [TEST_STEP][PASSED] - verifyTextPresent("Payment Type/Filing Year", true): Text 'Payment Type/Filing Year' is present on page  using regular expression

2023-10-02 18:02:25 - [MESSAGE][PASSED] - Text 'Payment Type/Filing Year' is present on page  using regular expression

2023-10-02 18:02:25 - [TEST_STEP][PASSED] - verifyTextPresent("Payment Type:", true): Text 'Payment Type:' is present on page  using regular expression

2023-10-02 18:02:26 - [MESSAGE][PASSED] - Text 'Payment Type:' is present on page  using regular expression

2023-10-02 18:02:26 - [TEST_STEP][PASSED] - verifyTextPresent("Existing Liability w/Notice Number", true): Text 'Existing Liability w/Notice Number' is present on page  using regular expression

2023-10-02 18:02:26 - [MESSAGE][PASSED] - Text 'Existing Liability w/Notice Number' is present on page  using regular expression

2023-10-02 18:02:26 - [TEST_STEP][PASSED] - verifyTextPresent("Payer Information", true): Text 'Payer Information' is present on page  using regular expression

2023-10-02 18:02:27 - [MESSAGE][PASSED] - Text 'Payer Information' is present on page  using regular expression

2023-10-02 18:02:27 - [TEST_STEP][PASSED] - verifyTextPresent("Taxpayer Name:", true): Text 'Taxpayer Name:' is present on page  using regular expression

2023-10-02 18:02:27 - [MESSAGE][PASSED] - Text 'Taxpayer Name:' is present on page  using regular expression

2023-10-02 18:02:27 - [TEST_STEP][PASSED] - if (!(TaxType.equalsIgnoreCase("Sales & Use Tax"))): Text 'My Company' is present on page  using regular expression

2023-10-02 18:02:27 - [TEST_STEP][PASSED] - verifyTextPresent("My Company", true): Text 'My Company' is present on page  using regular expression

2023-10-02 18:02:27 - [MESSAGE][PASSED] - Text 'My Company' is present on page  using regular expression

2023-10-02 18:02:27 - [TEST_STEP][PASSED] - verifyTextPresent("Business Rep Name:", true): Text 'Business Rep Name:' is present on page  using regular expression

2023-10-02 18:02:28 - [MESSAGE][PASSED] - Text 'Business Rep Name:' is present on page  using regular expression

2023-10-02 18:02:28 - [TEST_STEP][PASSED] - verifyTextPresent("BusRepFname BusRepLname", true): Text 'BusRepFname BusRepLname' is present on page  using regular expression

2023-10-02 18:02:28 - [MESSAGE][PASSED] - Text 'BusRepFname BusRepLname' is present on page  using regular expression

2023-10-02 18:02:28 - [TEST_STEP][PASSED] - verifyTextPresent("Taxpayer Address:", true): Text 'Taxpayer Address:' is present on page  using regular expression

2023-10-02 18:02:28 - [MESSAGE][PASSED] - Text 'Taxpayer Address:' is present on page  using regular expression

2023-10-02 18:02:28 - [TEST_STEP][PASSED] - verifyTextPresent("2508 Mandan Terrace Gambrills Maryland 21054", true): Text '2508 Mandan Terrace Gambrills Maryland 21054' is present on page  using regular expression

2023-10-02 18:02:29 - [MESSAGE][PASSED] - Text '2508 Mandan Terrace Gambrills Maryland 21054' is present on page  using regular expression

2023-10-02 18:02:29 - [TEST_STEP][PASSED] - verifyTextPresent("Email:", true): Text 'Email:' is present on page  using regular expression

2023-10-02 18:02:29 - [MESSAGE][PASSED] - Text 'Email:' is present on page  using regular expression

2023-10-02 18:02:29 - [TEST_STEP][PASSED] - verifyTextPresent("iahmed@govolution.com", true): Text 'iahmed@govolution.com' is present on page  using regular expression

2023-10-02 18:02:30 - [MESSAGE][PASSED] - Text 'iahmed@govolution.com' is present on page  using regular expression

2023-10-02 18:02:30 - [TEST_STEP][PASSED] - verifyTextPresent("Phone:", true): Text 'Phone:' is present on page  using regular expression

2023-10-02 18:02:30 - [MESSAGE][PASSED] - Text 'Phone:' is present on page  using regular expression

2023-10-02 18:02:30 - [TEST_STEP][PASSED] - verifyTextPresent("(703) 894-5000", false): Text '(703) 894-5000' is present on page 

2023-10-02 18:02:30 - [MESSAGE][PASSED] - Text '(703) 894-5000' is present on page 

2023-10-02 18:02:30 - [TEST_STEP][PASSED] - verifyTextPresent("Tax Information", true): Text 'Tax Information' is present on page  using regular expression

2023-10-02 18:02:31 - [MESSAGE][PASSED] - Text 'Tax Information' is present on page  using regular expression

2023-10-02 18:02:31 - [TEST_STEP][PASSED] - if (feinSsn.equalsIgnoreCase("Y")): Text 'Federal EIN:' is not present on page using regular expression

2023-10-02 18:02:31 - [TEST_STEP][PASSED] - verifyTextPresent("FEIN/SSN:", true): Text 'FEIN/SSN:' is present on page  using regular expression

2023-10-02 18:02:31 - [MESSAGE][PASSED] - Text 'FEIN/SSN:' is present on page  using regular expression

2023-10-02 18:02:31 - [TEST_STEP][PASSED] - verifyTextNotPresent("Federal EIN:", true): Text 'Federal EIN:' is not present on page using regular expression

2023-10-02 18:02:31 - [MESSAGE][PASSED] - Text 'Federal EIN:' is not present on page using regular expression

2023-10-02 18:02:31 - [TEST_STEP][PASSED] - verifyTextPresent("Notice Number:", true): Text 'Notice Number:' is present on page  using regular expression

2023-10-02 18:02:32 - [MESSAGE][PASSED] - Text 'Notice Number:' is present on page  using regular expression

2023-10-02 18:02:32 - [TEST_STEP][PASSED] - verifyTextPresent("1234567890123", true): Text '1234567890123' is present on page  using regular expression

2023-10-02 18:02:32 - [MESSAGE][PASSED] - Text '1234567890123' is present on page  using regular expression

2023-10-02 18:02:32 - [TEST_STEP][PASSED] - verifyTextPresent("Tax Type:", true): Text 'Tax Type:' is present on page  using regular expression

2023-10-02 18:02:33 - [MESSAGE][PASSED] - Text 'Tax Type:' is present on page  using regular expression

2023-10-02 18:02:33 - [TEST_STEP][PASSED] - verifyTextPresent(TaxType, true): Text 'PTE Tax Electing S Corp' is present on page  using regular expression

2023-10-02 18:02:33 - [MESSAGE][PASSED] - Text 'PTE Tax Electing S Corp' is present on page  using regular expression

2023-10-02 18:02:33 - [TEST_STEP][PASSED] - verifyTextPresent("Payment Amount:", true): Text 'Payment Amount:' is present on page  using regular expression

2023-10-02 18:02:33 - [MESSAGE][PASSED] - Text 'Payment Amount:' is present on page  using regular expression

2023-10-02 18:02:33 - [TEST_STEP][PASSED] - verifyTextPresent("100.00", true): Text '100.00' is present on page  using regular expression

2023-10-02 18:02:34 - [MESSAGE][PASSED] - Text '100.00' is present on page  using regular expression

2023-10-02 18:02:34 - [TEST_STEP][PASSED] - if (verifyElementVisible(findTestObject(orPath_Summary + "/button_Proceed to Payment"))): null

2023-10-02 18:02:34 - [MESSAGE][PASSED] - Object 'Object Repository/RAD_Pages/Summary_Page/button_Proceed to Payment' is visible

2023-10-02 18:02:34 - [TEST_STEP][PASSED] - resText = "Pass": null

2023-10-02 18:02:34 - [TEST_STEP][PASSED] - pages.WriteExcel.demoKey(resText, datText, resColumn, datCloumn, fileLoc, nameSheet, row): pages.WriteExcel.demoKey is PASSED

2023-10-02 18:02:34 - [MESSAGE][PASSED] - pages.WriteExcel.demoKey is PASSED

2023-10-02 18:02:34 - [TEST_STEP][PASSED] - click(findTestObject(orPath_Summary + "/button_Proceed to Payment")): Object: 'Object Repository/RAD_Pages/Summary_Page/button_Proceed to Payment' is clicked on

2023-10-02 18:02:35 - [MESSAGE][PASSED] - Object: 'Object Repository/RAD_Pages/Summary_Page/button_Proceed to Payment' is clicked on]]></system-out>
         <system-err><![CDATA[]]></system-err>
      </testcase>
      <testcase name="Test Cases/RAD_TestCases/Summary_TestCases/Extension_Summary_TC" time="218.681" classname="Test Cases/RAD_TestCases/Summary_TestCases/Extension_Summary_TC" status="PASSED">
         <system-out><![CDATA[2023-10-02 18:02:35 - [TEST_CASE][PASSED] - Test Cases/RAD_TestCases/Summary_TestCases/Extension_Summary_TC: Test Cases/RAD_TestCases/Summary_TestCases/Extension_Summary_TC

2023-10-02 18:02:36 - [TEST_STEP][PASSED] - resText = "Fail": null

2023-10-02 18:02:36 - [TEST_STEP][PASSED] - resColumn = "Result": null

2023-10-02 18:02:36 - [TEST_STEP][PASSED] - datCloumn = "Date": null

2023-10-02 18:02:36 - [TEST_STEP][PASSED] - fileLoc = "KatalonData/RADTestData/Summary.xlsx": null

2023-10-02 18:02:36 - [TEST_STEP][PASSED] - nameSheet = "Extension": null

2023-10-02 18:02:36 - [TEST_STEP][PASSED] - dataFile = "RADTestData/Summary_Extension": null

2023-10-02 18:02:36 - [TEST_STEP][PASSED] - orPath_Landing = "Object Repository/RAD_Pages/Landing_Page": null

2023-10-02 18:02:36 - [TEST_STEP][PASSED] - orPath_TaxTypeFilingYear = "Object Repository/RAD_Pages/TaxTypeFilingYear_Page": null

2023-10-02 18:02:36 - [TEST_STEP][PASSED] - orPath_Amount = "Object Repository/RAD_Pages/PaymentAmount_Page": null

2023-10-02 18:02:36 - [TEST_STEP][PASSED] - orPath_AddressContact = "Object Repository/RAD_Pages/AddressAndContactInfo_Page": null

2023-10-02 18:02:36 - [TEST_STEP][PASSED] - orPath_Summary = "Object Repository/RAD_Pages/Summary_Page": null

2023-10-02 18:02:36 - [TEST_STEP][PASSED] - orPath_PaymentConfirmation = "Object Repository/RAD_Pages/PaymentConfirmation_Page": null

2023-10-02 18:02:36 - [TEST_STEP][PASSED] - orPath_ServiceFeesAccept = "Object Repository/RAD_Pages/ServiceFeeAccept_Page": null

2023-10-02 18:02:36 - [TEST_STEP][PASSED] - orPath_PaymentEntry = "Object Repository/RAD_Pages/PaymentEntry_Page": null

2023-10-02 18:02:36 - [TEST_STEP][PASSED] - ExecuteTC = <not implemented yet for class: org.codehaus.groovy.ast.expr.EmptyExpression>: null

2023-10-02 18:02:36 - [TEST_STEP][PASSED] - TaxType = <not implemented yet for class: org.codehaus.groovy.ast.expr.EmptyExpression>: null

2023-10-02 18:02:36 - [TEST_STEP][PASSED] - PaymentType = <not implemented yet for class: org.codehaus.groovy.ast.expr.EmptyExpression>: null

2023-10-02 18:02:36 - [TEST_STEP][PASSED] - FilingYear = <not implemented yet for class: org.codehaus.groovy.ast.expr.EmptyExpression>: null

2023-10-02 18:02:36 - [TEST_STEP][PASSED] - PeriodEndingMonth = <not implemented yet for class: org.codehaus.groovy.ast.expr.EmptyExpression>: null

2023-10-02 18:02:36 - [TEST_STEP][PASSED] - feinSSN = <not implemented yet for class: org.codehaus.groovy.ast.expr.EmptyExpression>: null

2023-10-02 18:02:36 - [TEST_STEP][PASSED] - numOfRows = findTestData(dataFile).getRowNumbers(): null

2023-10-02 18:02:36 - [TEST_STEP][PASSED] - println("Number of Records: " + numOfRows): null

2023-10-02 18:02:36 - [TEST_STEP][PASSED] - for ([row = 1, row <= numOfRows, (row++)]): Object: 'Object Repository/RAD_Pages/Summary_Page/button_Proceed to Payment' is clicked on

2023-10-02 18:02:36 - [TEST_STEP][PASSED] - ExecuteTC = findTestData(dataFile).getValue("Execute", row): null

2023-10-02 18:02:36 - [TEST_STEP][PASSED] - TaxType = findTestData(dataFile).getValue("TaxType", row): null

2023-10-02 18:02:36 - [TEST_STEP][PASSED] - PaymentType = findTestData(dataFile).getValue("PaymentType", row): null

2023-10-02 18:02:36 - [TEST_STEP][PASSED] - FilingYear = findTestData(dataFile).getValue("Year", row): null

2023-10-02 18:02:36 - [TEST_STEP][PASSED] - PeriodEndingMonth = findTestData(dataFile).getValue("Month", row): null

2023-10-02 18:02:36 - [TEST_STEP][PASSED] - feinSSN = findTestData(dataFile).getValue("FeinSsn", row): null

2023-10-02 18:02:36 - [TEST_STEP][PASSED] - if (ExecuteTC.equalsIgnoreCase("Y")): Object: 'Object Repository/RAD_Pages/Summary_Page/button_Proceed to Payment' is clicked on

2023-10-02 18:02:36 - [TEST_STEP][PASSED] - out.println("Begin Record Number: " + row): null

2023-10-02 18:02:36 - [TEST_STEP][PASSED] - today = new java.util.Date(): null

2023-10-02 18:02:36 - [TEST_STEP][PASSED] - println(today): null

2023-10-02 18:02:36 - [TEST_STEP][PASSED] - datText = today: null

2023-10-02 18:02:36 - [TEST_STEP][PASSED] - logInfo("Payment Type: Extension Payments"): Payment Type: Extension Payments

2023-10-02 18:02:36 - [MESSAGE][INFO] - Payment Type: Extension Payments

2023-10-02 18:02:36 - [TEST_STEP][PASSED] - logInfo("Tax Type: " + TaxType): Tax Type: Corporate Income Tax

2023-10-02 18:02:36 - [MESSAGE][INFO] - Tax Type: Corporate Income Tax

2023-10-02 18:02:36 - [TEST_STEP][PASSED] - openBrowser(""): Browser is opened with url: ''

2023-10-02 18:02:36 - [MESSAGE][WARNING] - A browser is already opened. Closing browser and opening a new one

2023-10-02 18:02:37 - [MESSAGE][INFO] - Starting 'Chrome' driver

2023-10-02 18:02:37 - [MESSAGE][INFO] - User set preference: ['acceptInsecureCerts', 'true']

2023-10-02 18:02:37 - [MESSAGE][INFO] - Action delay is set to 0 milliseconds

2023-10-02 18:02:38 - [MESSAGE][PASSED] - Browser is opened with url: ''

2023-10-02 18:02:38 - [TEST_STEP][PASSED] - maximizeWindow(): Current window maximized

2023-10-02 18:02:38 - [MESSAGE][PASSED] - Current window maximized

2023-10-02 18:02:38 - [TEST_STEP][PASSED] - navigateToUrl(RADurl): Navigate to 'https://demo.velocitypayment.com/client/rad/index.html' successfully

2023-10-02 18:02:40 - [MESSAGE][PASSED] - Navigate to 'https://demo.velocitypayment.com/client/rad/index.html' successfully

2023-10-02 18:02:40 - [TEST_STEP][PASSED] - selectOptionByLabel(findTestObject(orPath_Landing + "/dd_TaxType"), "Extension Payments", false): All options with label 'Extension Payments' are selected in object 'Object Repository/RAD_Pages/Landing_Page/dd_TaxType' 

2023-10-02 18:02:41 - [MESSAGE][PASSED] - All options with label 'Extension Payments' are selected in object 'Object Repository/RAD_Pages/Landing_Page/dd_TaxType' 

2023-10-02 18:02:41 - [TEST_STEP][PASSED] - selectOptionByLabel(findTestObject(orPath_TaxTypeFilingYear + "/select_PaymentType"), TaxType, false): All options with label 'Corporate Income Tax' are selected in object 'Object Repository/RAD_Pages/TaxTypeFilingYear_Page/select_PaymentType' 

2023-10-02 18:02:42 - [MESSAGE][PASSED] - All options with label 'Corporate Income Tax' are selected in object 'Object Repository/RAD_Pages/TaxTypeFilingYear_Page/select_PaymentType' 

2023-10-02 18:02:42 - [TEST_STEP][PASSED] - selectOptionByLabel(findTestObject(orPath_TaxTypeFilingYear + "/select_FilingYear"), FilingYear, false): All options with label '2022' are selected in object 'Object Repository/RAD_Pages/TaxTypeFilingYear_Page/select_FilingYear' 

2023-10-02 18:02:42 - [MESSAGE][PASSED] - All options with label '2022' are selected in object 'Object Repository/RAD_Pages/TaxTypeFilingYear_Page/select_FilingYear' 

2023-10-02 18:02:42 - [TEST_STEP][PASSED] - switch (TaxType): null

2023-10-02 18:02:42 - [TEST_STEP][PASSED] - case "Corporate Income Tax":: null

2023-10-02 18:02:42 - [TEST_STEP][PASSED] - selectOptionByLabel(findTestObject(orPath_TaxTypeFilingYear + "/select_PeriodEnding"), PeriodEndingMonth, false): All options with label 'September' are selected in object 'Object Repository/RAD_Pages/TaxTypeFilingYear_Page/select_PeriodEnding' 

2023-10-02 18:02:43 - [MESSAGE][PASSED] - All options with label 'September' are selected in object 'Object Repository/RAD_Pages/TaxTypeFilingYear_Page/select_PeriodEnding' 

2023-10-02 18:02:43 - [TEST_STEP][PASSED] - break: null

2023-10-02 18:02:43 - [TEST_STEP][PASSED] - rad.getSetDataRAD.setDataRADBusinessName(): rad.getSetDataRAD.setDataRADBusinessName is PASSED

2023-10-02 18:02:44 - [MESSAGE][PASSED] - Text 'My Company' is set on object 'Object Repository/RAD_Pages/Taxpayer_Page/input_businessName'

2023-10-02 18:02:44 - [MESSAGE][PASSED] - rad.getSetDataRAD.setDataRADBusinessName is PASSED

2023-10-02 18:02:44 - [TEST_STEP][PASSED] - rad.getSetDataRAD.setDataRADBusinessRep(): rad.getSetDataRAD.setDataRADBusinessRep is PASSED

2023-10-02 18:02:46 - [MESSAGE][PASSED] - Text 'BusRepFname' is set on object 'Object Repository/RAD_Pages/Taxpayer_Page/input_BusinessRepfirstName'

2023-10-02 18:02:46 - [MESSAGE][PASSED] - Text '' is set on object 'Object Repository/RAD_Pages/Taxpayer_Page/input_BusinessRepmiddleName'

2023-10-02 18:02:47 - [MESSAGE][PASSED] - Text 'BusRepLname' is set on object 'Object Repository/RAD_Pages/Taxpayer_Page/input_BusinessReplastName'

2023-10-02 18:02:48 - [MESSAGE][PASSED] - Text '' is set on object 'Object Repository/RAD_Pages/Taxpayer_Page/input_BusinessRepsuffix'

2023-10-02 18:02:48 - [MESSAGE][PASSED] - rad.getSetDataRAD.setDataRADBusinessRep is PASSED

2023-10-02 18:02:48 - [TEST_STEP][PASSED] - rad.getSetDataRAD.setDataRADAddress(): rad.getSetDataRAD.setDataRADAddress is PASSED

2023-10-02 18:02:49 - [MESSAGE][PASSED] - All options with label 'United States' are selected in object 'Object Repository/RAD_Pages/AddressAndContactInfo_Page/select_Country' 

2023-10-02 18:02:50 - [MESSAGE][PASSED] - Text '2508 Mandan Terrace' is set on object 'Object Repository/RAD_Pages/AddressAndContactInfo_Page/input_streetAddress1'

2023-10-02 18:02:50 - [MESSAGE][PASSED] - Text '' is set on object 'Object Repository/RAD_Pages/AddressAndContactInfo_Page/input_streetAddress2'

2023-10-02 18:02:51 - [MESSAGE][PASSED] - Text 'Gambrills' is set on object 'Object Repository/RAD_Pages/AddressAndContactInfo_Page/input_city'

2023-10-02 18:02:52 - [MESSAGE][PASSED] - All options with label 'Maryland' are selected in object 'Object Repository/RAD_Pages/AddressAndContactInfo_Page/select_State' 

2023-10-02 18:02:53 - [MESSAGE][PASSED] - Text '21054' is set on object 'Object Repository/RAD_Pages/AddressAndContactInfo_Page/input_zipCode'

2023-10-02 18:02:54 - [MESSAGE][PASSED] - Text '(703) 894-5000' is set on object 'Object Repository/RAD_Pages/AddressAndContactInfo_Page/input_phoneNumber'

2023-10-02 18:02:55 - [MESSAGE][PASSED] - Text 'iahmed@govolution.com' is set on object 'Object Repository/RAD_Pages/AddressAndContactInfo_Page/input_eMailAddress'

2023-10-02 18:02:56 - [MESSAGE][PASSED] - Text 'iahmed@govolution.com' is set on object 'Object Repository/RAD_Pages/AddressAndContactInfo_Page/input_reEnterEMailAddress'

2023-10-02 18:02:56 - [MESSAGE][PASSED] - rad.getSetDataRAD.setDataRADAddress is PASSED

2023-10-02 18:02:56 - [TEST_STEP][PASSED] - if (feinSSN.equalsIgnoreCase("Y")): null

2023-10-02 18:02:56 - [TEST_STEP][PASSED] - else: rad.getSetDataRAD.setDataRADFEIN is PASSED

2023-10-02 18:02:56 - [TEST_STEP][PASSED] - rad.getSetDataRAD.setDataRADFEIN(): rad.getSetDataRAD.setDataRADFEIN is PASSED

2023-10-02 18:02:56 - [MESSAGE][PASSED] - Text ****** has been set on object 'Object Repository/RAD_Pages/TaxInfo_Page/input_FederalEIN'

2023-10-02 18:02:57 - [MESSAGE][PASSED] - Text ****** has been set on object 'Object Repository/RAD_Pages/TaxInfo_Page/input_FederalEIN_ReEnter'

2023-10-02 18:02:57 - [MESSAGE][PASSED] - rad.getSetDataRAD.setDataRADFEIN is PASSED

2023-10-02 18:02:57 - [TEST_STEP][PASSED] - setText(findTestObject(orPath_Amount + "/input__paymentAmount"), "100.00"): Text '100.00' is set on object 'Object Repository/RAD_Pages/PaymentAmount_Page/input__paymentAmount'

2023-10-02 18:02:58 - [MESSAGE][PASSED] - Text '100.00' is set on object 'Object Repository/RAD_Pages/PaymentAmount_Page/input__paymentAmount'

2023-10-02 18:02:58 - [TEST_STEP][PASSED] - setText(findTestObject(orPath_AddressContact + "/input_streetAddress2"), ""): Text '' is set on object 'Object Repository/RAD_Pages/AddressAndContactInfo_Page/input_streetAddress2'

2023-10-02 18:02:59 - [MESSAGE][PASSED] - Text '' is set on object 'Object Repository/RAD_Pages/AddressAndContactInfo_Page/input_streetAddress2'

2023-10-02 18:02:59 - [TEST_STEP][PASSED] - scrollToElement(findTestObject(orPath_Landing + "/button_Continue"), 3): Scroll to object 'Object Repository/RAD_Pages/Landing_Page/button_Continue' successfully

2023-10-02 18:02:59 - [MESSAGE][PASSED] - Scroll to object 'Object Repository/RAD_Pages/Landing_Page/button_Continue' successfully

2023-10-02 18:02:59 - [TEST_STEP][PASSED] - waitForElementClickable(findTestObject(orPath_Landing + "/button_Continue"), 5): Object 'Object Repository/RAD_Pages/Landing_Page/button_Continue' is clickable

2023-10-02 18:03:00 - [MESSAGE][PASSED] - Object 'Object Repository/RAD_Pages/Landing_Page/button_Continue' is clickable

2023-10-02 18:03:00 - [TEST_STEP][PASSED] - click(findTestObject(orPath_Landing + "/button_Continue")): Object: 'Object Repository/RAD_Pages/Landing_Page/button_Continue' is clicked on

2023-10-02 18:03:00 - [MESSAGE][PASSED] - Object: 'Object Repository/RAD_Pages/Landing_Page/button_Continue' is clicked on

2023-10-02 18:03:00 - [TEST_STEP][PASSED] - delay(2): Delayed 2 second(s)

2023-10-02 18:03:02 - [MESSAGE][PASSED] - Delayed 2 second(s)

2023-10-02 18:03:02 - [TEST_STEP][PASSED] - verifyTextPresent("Summary", true): Text 'Summary' is present on page  using regular expression

2023-10-02 18:03:03 - [MESSAGE][PASSED] - Text 'Summary' is present on page  using regular expression

2023-10-02 18:03:03 - [TEST_STEP][PASSED] - verifyTextPresent("Review the information below and make any necessary corrections by clicking the", true): Text 'Review the information below and make any necessary corrections by clicking the' is present on page  using regular expression

2023-10-02 18:03:03 - [MESSAGE][PASSED] - Text 'Review the information below and make any necessary corrections by clicking the' is present on page  using regular expression

2023-10-02 18:03:03 - [TEST_STEP][PASSED] - verifyTextPresent("When you are confident that all the information is correct, click the", true): Text 'When you are confident that all the information is correct, click the' is present on page  using regular expression

2023-10-02 18:03:03 - [MESSAGE][PASSED] - Text 'When you are confident that all the information is correct, click the' is present on page  using regular expression

2023-10-02 18:03:03 - [TEST_STEP][PASSED] - verifyTextPresent("Payment Type/Filing Year", true): Text 'Payment Type/Filing Year' is present on page  using regular expression

2023-10-02 18:03:04 - [MESSAGE][PASSED] - Text 'Payment Type/Filing Year' is present on page  using regular expression

2023-10-02 18:03:04 - [TEST_STEP][PASSED] - verifyTextPresent("Payment Type:", true): Text 'Payment Type:' is present on page  using regular expression

2023-10-02 18:03:04 - [MESSAGE][PASSED] - Text 'Payment Type:' is present on page  using regular expression

2023-10-02 18:03:04 - [TEST_STEP][PASSED] - verifyTextPresent("Extension Payments", true): Text 'Extension Payments' is present on page  using regular expression

2023-10-02 18:03:04 - [MESSAGE][PASSED] - Text 'Extension Payments' is present on page  using regular expression

2023-10-02 18:03:04 - [TEST_STEP][PASSED] - verifyTextPresent("Filing Year:", true): Text 'Filing Year:' is present on page  using regular expression

2023-10-02 18:03:05 - [MESSAGE][PASSED] - Text 'Filing Year:' is present on page  using regular expression

2023-10-02 18:03:05 - [TEST_STEP][PASSED] - verifyTextPresent(FilingYear, true): Text '2022' is present on page  using regular expression

2023-10-02 18:03:05 - [MESSAGE][PASSED] - Text '2022' is present on page  using regular expression

2023-10-02 18:03:05 - [TEST_STEP][PASSED] - switch (TaxType): null

2023-10-02 18:03:05 - [TEST_STEP][PASSED] - case "Corporate Income Tax":: null

2023-10-02 18:03:05 - [TEST_STEP][PASSED] - verifyTextPresent("Period Ending:", true): Text 'Period Ending:' is present on page  using regular expression

2023-10-02 18:03:06 - [MESSAGE][PASSED] - Text 'Period Ending:' is present on page  using regular expression

2023-10-02 18:03:06 - [TEST_STEP][PASSED] - verifyTextPresent(PeriodEndingMonth, true): Text 'September' is present on page  using regular expression

2023-10-02 18:03:06 - [MESSAGE][PASSED] - Text 'September' is present on page  using regular expression

2023-10-02 18:03:06 - [TEST_STEP][PASSED] - break: null

2023-10-02 18:03:06 - [TEST_STEP][PASSED] - verifyTextPresent("Payer Information", true): Text 'Payer Information' is present on page  using regular expression

2023-10-02 18:03:06 - [MESSAGE][PASSED] - Text 'Payer Information' is present on page  using regular expression

2023-10-02 18:03:06 - [TEST_STEP][PASSED] - verifyTextPresent("Taxpayer Name:", true): Text 'Taxpayer Name:' is present on page  using regular expression

2023-10-02 18:03:07 - [MESSAGE][PASSED] - Text 'Taxpayer Name:' is present on page  using regular expression

2023-10-02 18:03:07 - [TEST_STEP][PASSED] - verifyTextPresent("My Company", true): Text 'My Company' is present on page  using regular expression

2023-10-02 18:03:07 - [MESSAGE][PASSED] - Text 'My Company' is present on page  using regular expression

2023-10-02 18:03:07 - [TEST_STEP][PASSED] - verifyTextPresent("Business Rep Name:", true): Text 'Business Rep Name:' is present on page  using regular expression

2023-10-02 18:03:07 - [MESSAGE][PASSED] - Text 'Business Rep Name:' is present on page  using regular expression

2023-10-02 18:03:07 - [TEST_STEP][PASSED] - verifyTextPresent("BusRepFname BusRepLname", true): Text 'BusRepFname BusRepLname' is present on page  using regular expression

2023-10-02 18:03:08 - [MESSAGE][PASSED] - Text 'BusRepFname BusRepLname' is present on page  using regular expression

2023-10-02 18:03:08 - [TEST_STEP][PASSED] - verifyTextPresent("Taxpayer Address:", true): Text 'Taxpayer Address:' is present on page  using regular expression

2023-10-02 18:03:08 - [MESSAGE][PASSED] - Text 'Taxpayer Address:' is present on page  using regular expression

2023-10-02 18:03:08 - [TEST_STEP][PASSED] - verifyTextPresent("2508 Mandan Terrace Gambrills Maryland 21054", true): Text '2508 Mandan Terrace Gambrills Maryland 21054' is present on page  using regular expression

2023-10-02 18:03:09 - [MESSAGE][PASSED] - Text '2508 Mandan Terrace Gambrills Maryland 21054' is present on page  using regular expression

2023-10-02 18:03:09 - [TEST_STEP][PASSED] - verifyTextPresent("Email:", true): Text 'Email:' is present on page  using regular expression

2023-10-02 18:03:09 - [MESSAGE][PASSED] - Text 'Email:' is present on page  using regular expression

2023-10-02 18:03:09 - [TEST_STEP][PASSED] - verifyTextPresent("iahmed@govolution.com", true): Text 'iahmed@govolution.com' is present on page  using regular expression

2023-10-02 18:03:09 - [MESSAGE][PASSED] - Text 'iahmed@govolution.com' is present on page  using regular expression

2023-10-02 18:03:09 - [TEST_STEP][PASSED] - verifyTextPresent("Phone:", true): Text 'Phone:' is present on page  using regular expression

2023-10-02 18:03:10 - [MESSAGE][PASSED] - Text 'Phone:' is present on page  using regular expression

2023-10-02 18:03:10 - [TEST_STEP][PASSED] - verifyTextPresent("(703) 894-5000", false): Text '(703) 894-5000' is present on page 

2023-10-02 18:03:10 - [MESSAGE][PASSED] - Text '(703) 894-5000' is present on page 

2023-10-02 18:03:10 - [TEST_STEP][PASSED] - verifyTextPresent("Tax Information", true): Text 'Tax Information' is present on page  using regular expression

2023-10-02 18:03:10 - [MESSAGE][PASSED] - Text 'Tax Information' is present on page  using regular expression

2023-10-02 18:03:10 - [TEST_STEP][PASSED] - if (feinSSN.equalsIgnoreCase("Y")): null

2023-10-02 18:03:10 - [TEST_STEP][PASSED] - else: Text 'FEIN/SSN:' is not present on page using regular expression

2023-10-02 18:03:10 - [TEST_STEP][PASSED] - verifyTextPresent("Federal EIN:", true): Text 'Federal EIN:' is present on page  using regular expression

2023-10-02 18:03:11 - [MESSAGE][PASSED] - Text 'Federal EIN:' is present on page  using regular expression

2023-10-02 18:03:11 - [TEST_STEP][PASSED] - verifyTextNotPresent("FEIN/SSN:", true): Text 'FEIN/SSN:' is not present on page using regular expression

2023-10-02 18:03:11 - [MESSAGE][PASSED] - Text 'FEIN/SSN:' is not present on page using regular expression

2023-10-02 18:03:11 - [TEST_STEP][PASSED] - verifyTextPresent("Payment Amount:", true): Text 'Payment Amount:' is present on page  using regular expression

2023-10-02 18:03:11 - [MESSAGE][PASSED] - Text 'Payment Amount:' is present on page  using regular expression

2023-10-02 18:03:11 - [TEST_STEP][PASSED] - verifyTextPresent("100.00", true): Text '100.00' is present on page  using regular expression

2023-10-02 18:03:12 - [MESSAGE][PASSED] - Text '100.00' is present on page  using regular expression

2023-10-02 18:03:12 - [TEST_STEP][PASSED] - if (verifyElementVisible(findTestObject(orPath_Summary + "/button_Proceed to Payment"))): null

2023-10-02 18:03:12 - [MESSAGE][PASSED] - Object 'Object Repository/RAD_Pages/Summary_Page/button_Proceed to Payment' is visible

2023-10-02 18:03:12 - [TEST_STEP][PASSED] - resText = "Pass": null

2023-10-02 18:03:12 - [TEST_STEP][PASSED] - pages.WriteExcel.demoKey(resText, datText, resColumn, datCloumn, fileLoc, nameSheet, row): pages.WriteExcel.demoKey is PASSED

2023-10-02 18:03:12 - [MESSAGE][PASSED] - pages.WriteExcel.demoKey is PASSED

2023-10-02 18:03:12 - [TEST_STEP][PASSED] - click(findTestObject(orPath_Summary + "/button_Proceed to Payment")): Object: 'Object Repository/RAD_Pages/Summary_Page/button_Proceed to Payment' is clicked on

2023-10-02 18:03:14 - [MESSAGE][PASSED] - Object: 'Object Repository/RAD_Pages/Summary_Page/button_Proceed to Payment' is clicked on

2023-10-02 18:03:14 - [TEST_STEP][PASSED] - ExecuteTC = findTestData(dataFile).getValue("Execute", row): null

2023-10-02 18:03:14 - [TEST_STEP][PASSED] - TaxType = findTestData(dataFile).getValue("TaxType", row): null

2023-10-02 18:03:14 - [TEST_STEP][PASSED] - PaymentType = findTestData(dataFile).getValue("PaymentType", row): null

2023-10-02 18:03:14 - [TEST_STEP][PASSED] - FilingYear = findTestData(dataFile).getValue("Year", row): null

2023-10-02 18:03:15 - [TEST_STEP][PASSED] - PeriodEndingMonth = findTestData(dataFile).getValue("Month", row): null

2023-10-02 18:03:15 - [TEST_STEP][PASSED] - feinSSN = findTestData(dataFile).getValue("FeinSsn", row): null

2023-10-02 18:03:15 - [TEST_STEP][PASSED] - if (ExecuteTC.equalsIgnoreCase("Y")): Object: 'Object Repository/RAD_Pages/Summary_Page/button_Proceed to Payment' is clicked on

2023-10-02 18:03:15 - [TEST_STEP][PASSED] - out.println("Begin Record Number: " + row): null

2023-10-02 18:03:15 - [TEST_STEP][PASSED] - today = new java.util.Date(): null

2023-10-02 18:03:15 - [TEST_STEP][PASSED] - println(today): null

2023-10-02 18:03:15 - [TEST_STEP][PASSED] - datText = today: null

2023-10-02 18:03:15 - [TEST_STEP][PASSED] - logInfo("Payment Type: Extension Payments"): Payment Type: Extension Payments

2023-10-02 18:03:15 - [MESSAGE][INFO] - Payment Type: Extension Payments

2023-10-02 18:03:15 - [TEST_STEP][PASSED] - logInfo("Tax Type: " + TaxType): Tax Type: Fiduciary Tax

2023-10-02 18:03:15 - [MESSAGE][INFO] - Tax Type: Fiduciary Tax

2023-10-02 18:03:15 - [TEST_STEP][PASSED] - openBrowser(""): Browser is opened with url: ''

2023-10-02 18:03:15 - [MESSAGE][WARNING] - A browser is already opened. Closing browser and opening a new one

2023-10-02 18:03:16 - [MESSAGE][INFO] - Starting 'Chrome' driver

2023-10-02 18:03:16 - [MESSAGE][INFO] - User set preference: ['acceptInsecureCerts', 'true']

2023-10-02 18:03:16 - [MESSAGE][INFO] - Action delay is set to 0 milliseconds

2023-10-02 18:03:17 - [MESSAGE][PASSED] - Browser is opened with url: ''

2023-10-02 18:03:17 - [TEST_STEP][PASSED] - maximizeWindow(): Current window maximized

2023-10-02 18:03:17 - [MESSAGE][PASSED] - Current window maximized

2023-10-02 18:03:17 - [TEST_STEP][PASSED] - navigateToUrl(RADurl): Navigate to 'https://demo.velocitypayment.com/client/rad/index.html' successfully

2023-10-02 18:03:19 - [MESSAGE][PASSED] - Navigate to 'https://demo.velocitypayment.com/client/rad/index.html' successfully

2023-10-02 18:03:19 - [TEST_STEP][PASSED] - selectOptionByLabel(findTestObject(orPath_Landing + "/dd_TaxType"), "Extension Payments", false): All options with label 'Extension Payments' are selected in object 'Object Repository/RAD_Pages/Landing_Page/dd_TaxType' 

2023-10-02 18:03:19 - [MESSAGE][PASSED] - All options with label 'Extension Payments' are selected in object 'Object Repository/RAD_Pages/Landing_Page/dd_TaxType' 

2023-10-02 18:03:19 - [TEST_STEP][PASSED] - selectOptionByLabel(findTestObject(orPath_TaxTypeFilingYear + "/select_PaymentType"), TaxType, false): All options with label 'Fiduciary Tax' are selected in object 'Object Repository/RAD_Pages/TaxTypeFilingYear_Page/select_PaymentType' 

2023-10-02 18:03:20 - [MESSAGE][PASSED] - All options with label 'Fiduciary Tax' are selected in object 'Object Repository/RAD_Pages/TaxTypeFilingYear_Page/select_PaymentType' 

2023-10-02 18:03:20 - [TEST_STEP][PASSED] - selectOptionByLabel(findTestObject(orPath_TaxTypeFilingYear + "/select_FilingYear"), FilingYear, false): All options with label '2022' are selected in object 'Object Repository/RAD_Pages/TaxTypeFilingYear_Page/select_FilingYear' 

2023-10-02 18:03:21 - [MESSAGE][PASSED] - All options with label '2022' are selected in object 'Object Repository/RAD_Pages/TaxTypeFilingYear_Page/select_FilingYear' 

2023-10-02 18:03:21 - [TEST_STEP][PASSED] - switch (TaxType): null

2023-10-02 18:03:21 - [TEST_STEP][PASSED] - rad.getSetDataRAD.setDataRADBusinessName(): rad.getSetDataRAD.setDataRADBusinessName is PASSED

2023-10-02 18:03:22 - [MESSAGE][PASSED] - Text 'My Company' is set on object 'Object Repository/RAD_Pages/Taxpayer_Page/input_businessName'

2023-10-02 18:03:22 - [MESSAGE][PASSED] - rad.getSetDataRAD.setDataRADBusinessName is PASSED

2023-10-02 18:03:22 - [TEST_STEP][PASSED] - rad.getSetDataRAD.setDataRADBusinessRep(): rad.getSetDataRAD.setDataRADBusinessRep is PASSED

2023-10-02 18:03:23 - [MESSAGE][PASSED] - Text 'BusRepFname' is set on object 'Object Repository/RAD_Pages/Taxpayer_Page/input_BusinessRepfirstName'

2023-10-02 18:03:24 - [MESSAGE][PASSED] - Text '' is set on object 'Object Repository/RAD_Pages/Taxpayer_Page/input_BusinessRepmiddleName'

2023-10-02 18:03:25 - [MESSAGE][PASSED] - Text 'BusRepLname' is set on object 'Object Repository/RAD_Pages/Taxpayer_Page/input_BusinessReplastName'

2023-10-02 18:03:26 - [MESSAGE][PASSED] - Text '' is set on object 'Object Repository/RAD_Pages/Taxpayer_Page/input_BusinessRepsuffix'

2023-10-02 18:03:26 - [MESSAGE][PASSED] - rad.getSetDataRAD.setDataRADBusinessRep is PASSED

2023-10-02 18:03:26 - [TEST_STEP][PASSED] - rad.getSetDataRAD.setDataRADAddress(): rad.getSetDataRAD.setDataRADAddress is PASSED

2023-10-02 18:03:27 - [MESSAGE][PASSED] - All options with label 'United States' are selected in object 'Object Repository/RAD_Pages/AddressAndContactInfo_Page/select_Country' 

2023-10-02 18:03:27 - [MESSAGE][PASSED] - Text '2508 Mandan Terrace' is set on object 'Object Repository/RAD_Pages/AddressAndContactInfo_Page/input_streetAddress1'

2023-10-02 18:03:28 - [MESSAGE][PASSED] - Text '' is set on object 'Object Repository/RAD_Pages/AddressAndContactInfo_Page/input_streetAddress2'

2023-10-02 18:03:29 - [MESSAGE][PASSED] - Text 'Gambrills' is set on object 'Object Repository/RAD_Pages/AddressAndContactInfo_Page/input_city'

2023-10-02 18:03:30 - [MESSAGE][PASSED] - All options with label 'Maryland' are selected in object 'Object Repository/RAD_Pages/AddressAndContactInfo_Page/select_State' 

2023-10-02 18:03:31 - [MESSAGE][PASSED] - Text '21054' is set on object 'Object Repository/RAD_Pages/AddressAndContactInfo_Page/input_zipCode'

2023-10-02 18:03:32 - [MESSAGE][PASSED] - Text '(703) 894-5000' is set on object 'Object Repository/RAD_Pages/AddressAndContactInfo_Page/input_phoneNumber'

2023-10-02 18:03:33 - [MESSAGE][PASSED] - Text 'iahmed@govolution.com' is set on object 'Object Repository/RAD_Pages/AddressAndContactInfo_Page/input_eMailAddress'

2023-10-02 18:03:34 - [MESSAGE][PASSED] - Text 'iahmed@govolution.com' is set on object 'Object Repository/RAD_Pages/AddressAndContactInfo_Page/input_reEnterEMailAddress'

2023-10-02 18:03:34 - [MESSAGE][PASSED] - rad.getSetDataRAD.setDataRADAddress is PASSED

2023-10-02 18:03:34 - [TEST_STEP][PASSED] - if (feinSSN.equalsIgnoreCase("Y")): null

2023-10-02 18:03:34 - [TEST_STEP][PASSED] - else: rad.getSetDataRAD.setDataRADFEIN is PASSED

2023-10-02 18:03:34 - [TEST_STEP][PASSED] - rad.getSetDataRAD.setDataRADFEIN(): rad.getSetDataRAD.setDataRADFEIN is PASSED

2023-10-02 18:03:34 - [MESSAGE][PASSED] - Text ****** has been set on object 'Object Repository/RAD_Pages/TaxInfo_Page/input_FederalEIN'

2023-10-02 18:03:35 - [MESSAGE][PASSED] - Text ****** has been set on object 'Object Repository/RAD_Pages/TaxInfo_Page/input_FederalEIN_ReEnter'

2023-10-02 18:03:35 - [MESSAGE][PASSED] - rad.getSetDataRAD.setDataRADFEIN is PASSED

2023-10-02 18:03:35 - [TEST_STEP][PASSED] - setText(findTestObject(orPath_Amount + "/input__paymentAmount"), "100.00"): Text '100.00' is set on object 'Object Repository/RAD_Pages/PaymentAmount_Page/input__paymentAmount'

2023-10-02 18:03:35 - [MESSAGE][PASSED] - Text '100.00' is set on object 'Object Repository/RAD_Pages/PaymentAmount_Page/input__paymentAmount'

2023-10-02 18:03:35 - [TEST_STEP][PASSED] - setText(findTestObject(orPath_AddressContact + "/input_streetAddress2"), ""): Text '' is set on object 'Object Repository/RAD_Pages/AddressAndContactInfo_Page/input_streetAddress2'

2023-10-02 18:03:36 - [MESSAGE][PASSED] - Text '' is set on object 'Object Repository/RAD_Pages/AddressAndContactInfo_Page/input_streetAddress2'

2023-10-02 18:03:36 - [TEST_STEP][PASSED] - scrollToElement(findTestObject(orPath_Landing + "/button_Continue"), 3): Scroll to object 'Object Repository/RAD_Pages/Landing_Page/button_Continue' successfully

2023-10-02 18:03:37 - [MESSAGE][PASSED] - Scroll to object 'Object Repository/RAD_Pages/Landing_Page/button_Continue' successfully

2023-10-02 18:03:37 - [TEST_STEP][PASSED] - waitForElementClickable(findTestObject(orPath_Landing + "/button_Continue"), 5): Object 'Object Repository/RAD_Pages/Landing_Page/button_Continue' is clickable

2023-10-02 18:03:37 - [MESSAGE][PASSED] - Object 'Object Repository/RAD_Pages/Landing_Page/button_Continue' is clickable

2023-10-02 18:03:37 - [TEST_STEP][PASSED] - click(findTestObject(orPath_Landing + "/button_Continue")): Object: 'Object Repository/RAD_Pages/Landing_Page/button_Continue' is clicked on

2023-10-02 18:03:38 - [MESSAGE][PASSED] - Object: 'Object Repository/RAD_Pages/Landing_Page/button_Continue' is clicked on

2023-10-02 18:03:38 - [TEST_STEP][PASSED] - delay(2): Delayed 2 second(s)

2023-10-02 18:03:40 - [MESSAGE][PASSED] - Delayed 2 second(s)

2023-10-02 18:03:40 - [TEST_STEP][PASSED] - verifyTextPresent("Summary", true): Text 'Summary' is present on page  using regular expression

2023-10-02 18:03:40 - [MESSAGE][PASSED] - Text 'Summary' is present on page  using regular expression

2023-10-02 18:03:40 - [TEST_STEP][PASSED] - verifyTextPresent("Review the information below and make any necessary corrections by clicking the", true): Text 'Review the information below and make any necessary corrections by clicking the' is present on page  using regular expression

2023-10-02 18:03:40 - [MESSAGE][PASSED] - Text 'Review the information below and make any necessary corrections by clicking the' is present on page  using regular expression

2023-10-02 18:03:40 - [TEST_STEP][PASSED] - verifyTextPresent("When you are confident that all the information is correct, click the", true): Text 'When you are confident that all the information is correct, click the' is present on page  using regular expression

2023-10-02 18:03:41 - [MESSAGE][PASSED] - Text 'When you are confident that all the information is correct, click the' is present on page  using regular expression

2023-10-02 18:03:41 - [TEST_STEP][PASSED] - verifyTextPresent("Payment Type/Filing Year", true): Text 'Payment Type/Filing Year' is present on page  using regular expression

2023-10-02 18:03:41 - [MESSAGE][PASSED] - Text 'Payment Type/Filing Year' is present on page  using regular expression

2023-10-02 18:03:41 - [TEST_STEP][PASSED] - verifyTextPresent("Payment Type:", true): Text 'Payment Type:' is present on page  using regular expression

2023-10-02 18:03:41 - [MESSAGE][PASSED] - Text 'Payment Type:' is present on page  using regular expression

2023-10-02 18:03:41 - [TEST_STEP][PASSED] - verifyTextPresent("Extension Payments", true): Text 'Extension Payments' is present on page  using regular expression

2023-10-02 18:03:42 - [MESSAGE][PASSED] - Text 'Extension Payments' is present on page  using regular expression

2023-10-02 18:03:42 - [TEST_STEP][PASSED] - verifyTextPresent("Filing Year:", true): Text 'Filing Year:' is present on page  using regular expression

2023-10-02 18:03:42 - [MESSAGE][PASSED] - Text 'Filing Year:' is present on page  using regular expression

2023-10-02 18:03:42 - [TEST_STEP][PASSED] - verifyTextPresent(FilingYear, true): Text '2022' is present on page  using regular expression

2023-10-02 18:03:43 - [MESSAGE][PASSED] - Text '2022' is present on page  using regular expression

2023-10-02 18:03:43 - [TEST_STEP][PASSED] - switch (TaxType): null

2023-10-02 18:03:43 - [TEST_STEP][PASSED] - verifyTextPresent("Payer Information", true): Text 'Payer Information' is present on page  using regular expression

2023-10-02 18:03:43 - [MESSAGE][PASSED] - Text 'Payer Information' is present on page  using regular expression

2023-10-02 18:03:43 - [TEST_STEP][PASSED] - verifyTextPresent("Taxpayer Name:", true): Text 'Taxpayer Name:' is present on page  using regular expression

2023-10-02 18:03:43 - [MESSAGE][PASSED] - Text 'Taxpayer Name:' is present on page  using regular expression

2023-10-02 18:03:43 - [TEST_STEP][PASSED] - verifyTextPresent("My Company", true): Text 'My Company' is present on page  using regular expression

2023-10-02 18:03:44 - [MESSAGE][PASSED] - Text 'My Company' is present on page  using regular expression

2023-10-02 18:03:44 - [TEST_STEP][PASSED] - verifyTextPresent("Business Rep Name:", true): Text 'Business Rep Name:' is present on page  using regular expression

2023-10-02 18:03:44 - [MESSAGE][PASSED] - Text 'Business Rep Name:' is present on page  using regular expression

2023-10-02 18:03:44 - [TEST_STEP][PASSED] - verifyTextPresent("BusRepFname BusRepLname", true): Text 'BusRepFname BusRepLname' is present on page  using regular expression

2023-10-02 18:03:44 - [MESSAGE][PASSED] - Text 'BusRepFname BusRepLname' is present on page  using regular expression

2023-10-02 18:03:44 - [TEST_STEP][PASSED] - verifyTextPresent("Taxpayer Address:", true): Text 'Taxpayer Address:' is present on page  using regular expression

2023-10-02 18:03:45 - [MESSAGE][PASSED] - Text 'Taxpayer Address:' is present on page  using regular expression

2023-10-02 18:03:45 - [TEST_STEP][PASSED] - verifyTextPresent("2508 Mandan Terrace Gambrills Maryland 21054", true): Text '2508 Mandan Terrace Gambrills Maryland 21054' is present on page  using regular expression

2023-10-02 18:03:45 - [MESSAGE][PASSED] - Text '2508 Mandan Terrace Gambrills Maryland 21054' is present on page  using regular expression

2023-10-02 18:03:45 - [TEST_STEP][PASSED] - verifyTextPresent("Email:", true): Text 'Email:' is present on page  using regular expression

2023-10-02 18:03:46 - [MESSAGE][PASSED] - Text 'Email:' is present on page  using regular expression

2023-10-02 18:03:46 - [TEST_STEP][PASSED] - verifyTextPresent("iahmed@govolution.com", true): Text 'iahmed@govolution.com' is present on page  using regular expression

2023-10-02 18:03:46 - [MESSAGE][PASSED] - Text 'iahmed@govolution.com' is present on page  using regular expression

2023-10-02 18:03:46 - [TEST_STEP][PASSED] - verifyTextPresent("Phone:", true): Text 'Phone:' is present on page  using regular expression

2023-10-02 18:03:46 - [MESSAGE][PASSED] - Text 'Phone:' is present on page  using regular expression

2023-10-02 18:03:46 - [TEST_STEP][PASSED] - verifyTextPresent("(703) 894-5000", false): Text '(703) 894-5000' is present on page 

2023-10-02 18:03:47 - [MESSAGE][PASSED] - Text '(703) 894-5000' is present on page 

2023-10-02 18:03:47 - [TEST_STEP][PASSED] - verifyTextPresent("Tax Information", true): Text 'Tax Information' is present on page  using regular expression

2023-10-02 18:03:47 - [MESSAGE][PASSED] - Text 'Tax Information' is present on page  using regular expression

2023-10-02 18:03:47 - [TEST_STEP][PASSED] - if (feinSSN.equalsIgnoreCase("Y")): null

2023-10-02 18:03:47 - [TEST_STEP][PASSED] - else: Text 'FEIN/SSN:' is not present on page using regular expression

2023-10-02 18:03:47 - [TEST_STEP][PASSED] - verifyTextPresent("Federal EIN:", true): Text 'Federal EIN:' is present on page  using regular expression

2023-10-02 18:03:47 - [MESSAGE][PASSED] - Text 'Federal EIN:' is present on page  using regular expression

2023-10-02 18:03:47 - [TEST_STEP][PASSED] - verifyTextNotPresent("FEIN/SSN:", true): Text 'FEIN/SSN:' is not present on page using regular expression

2023-10-02 18:03:48 - [MESSAGE][PASSED] - Text 'FEIN/SSN:' is not present on page using regular expression

2023-10-02 18:03:48 - [TEST_STEP][PASSED] - verifyTextPresent("Payment Amount:", true): Text 'Payment Amount:' is present on page  using regular expression

2023-10-02 18:03:48 - [MESSAGE][PASSED] - Text 'Payment Amount:' is present on page  using regular expression

2023-10-02 18:03:48 - [TEST_STEP][PASSED] - verifyTextPresent("100.00", true): Text '100.00' is present on page  using regular expression

2023-10-02 18:03:49 - [MESSAGE][PASSED] - Text '100.00' is present on page  using regular expression

2023-10-02 18:03:49 - [TEST_STEP][PASSED] - if (verifyElementVisible(findTestObject(orPath_Summary + "/button_Proceed to Payment"))): null

2023-10-02 18:03:49 - [MESSAGE][PASSED] - Object 'Object Repository/RAD_Pages/Summary_Page/button_Proceed to Payment' is visible

2023-10-02 18:03:49 - [TEST_STEP][PASSED] - resText = "Pass": null

2023-10-02 18:03:49 - [TEST_STEP][PASSED] - pages.WriteExcel.demoKey(resText, datText, resColumn, datCloumn, fileLoc, nameSheet, row): pages.WriteExcel.demoKey is PASSED

2023-10-02 18:03:49 - [MESSAGE][PASSED] - pages.WriteExcel.demoKey is PASSED

2023-10-02 18:03:49 - [TEST_STEP][PASSED] - click(findTestObject(orPath_Summary + "/button_Proceed to Payment")): Object: 'Object Repository/RAD_Pages/Summary_Page/button_Proceed to Payment' is clicked on

2023-10-02 18:03:50 - [MESSAGE][PASSED] - Object: 'Object Repository/RAD_Pages/Summary_Page/button_Proceed to Payment' is clicked on

2023-10-02 18:03:50 - [TEST_STEP][PASSED] - ExecuteTC = findTestData(dataFile).getValue("Execute", row): null

2023-10-02 18:03:50 - [TEST_STEP][PASSED] - TaxType = findTestData(dataFile).getValue("TaxType", row): null

2023-10-02 18:03:50 - [TEST_STEP][PASSED] - PaymentType = findTestData(dataFile).getValue("PaymentType", row): null

2023-10-02 18:03:50 - [TEST_STEP][PASSED] - FilingYear = findTestData(dataFile).getValue("Year", row): null

2023-10-02 18:03:51 - [TEST_STEP][PASSED] - PeriodEndingMonth = findTestData(dataFile).getValue("Month", row): null

2023-10-02 18:03:51 - [TEST_STEP][PASSED] - feinSSN = findTestData(dataFile).getValue("FeinSsn", row): null

2023-10-02 18:03:51 - [TEST_STEP][PASSED] - if (ExecuteTC.equalsIgnoreCase("Y")): Object: 'Object Repository/RAD_Pages/Summary_Page/button_Proceed to Payment' is clicked on

2023-10-02 18:03:51 - [TEST_STEP][PASSED] - out.println("Begin Record Number: " + row): null

2023-10-02 18:03:51 - [TEST_STEP][PASSED] - today = new java.util.Date(): null

2023-10-02 18:03:51 - [TEST_STEP][PASSED] - println(today): null

2023-10-02 18:03:51 - [TEST_STEP][PASSED] - datText = today: null

2023-10-02 18:03:51 - [TEST_STEP][PASSED] - logInfo("Payment Type: Extension Payments"): Payment Type: Extension Payments

2023-10-02 18:03:51 - [MESSAGE][INFO] - Payment Type: Extension Payments

2023-10-02 18:03:51 - [TEST_STEP][PASSED] - logInfo("Tax Type: " + TaxType): Tax Type: PTE Non-Electing Non-S Corp

2023-10-02 18:03:51 - [MESSAGE][INFO] - Tax Type: PTE Non-Electing Non-S Corp

2023-10-02 18:03:51 - [TEST_STEP][PASSED] - openBrowser(""): Browser is opened with url: ''

2023-10-02 18:03:51 - [MESSAGE][WARNING] - A browser is already opened. Closing browser and opening a new one

2023-10-02 18:03:52 - [MESSAGE][INFO] - Starting 'Chrome' driver

2023-10-02 18:03:52 - [MESSAGE][INFO] - User set preference: ['acceptInsecureCerts', 'true']

2023-10-02 18:03:52 - [MESSAGE][INFO] - Action delay is set to 0 milliseconds

2023-10-02 18:03:53 - [MESSAGE][PASSED] - Browser is opened with url: ''

2023-10-02 18:03:53 - [TEST_STEP][PASSED] - maximizeWindow(): Current window maximized

2023-10-02 18:03:53 - [MESSAGE][PASSED] - Current window maximized

2023-10-02 18:03:53 - [TEST_STEP][PASSED] - navigateToUrl(RADurl): Navigate to 'https://demo.velocitypayment.com/client/rad/index.html' successfully

2023-10-02 18:03:55 - [MESSAGE][PASSED] - Navigate to 'https://demo.velocitypayment.com/client/rad/index.html' successfully

2023-10-02 18:03:55 - [TEST_STEP][PASSED] - selectOptionByLabel(findTestObject(orPath_Landing + "/dd_TaxType"), "Extension Payments", false): All options with label 'Extension Payments' are selected in object 'Object Repository/RAD_Pages/Landing_Page/dd_TaxType' 

2023-10-02 18:03:55 - [MESSAGE][PASSED] - All options with label 'Extension Payments' are selected in object 'Object Repository/RAD_Pages/Landing_Page/dd_TaxType' 

2023-10-02 18:03:55 - [TEST_STEP][PASSED] - selectOptionByLabel(findTestObject(orPath_TaxTypeFilingYear + "/select_PaymentType"), TaxType, false): All options with label 'PTE Non-Electing Non-S Corp' are selected in object 'Object Repository/RAD_Pages/TaxTypeFilingYear_Page/select_PaymentType' 

2023-10-02 18:03:56 - [MESSAGE][PASSED] - All options with label 'PTE Non-Electing Non-S Corp' are selected in object 'Object Repository/RAD_Pages/TaxTypeFilingYear_Page/select_PaymentType' 

2023-10-02 18:03:56 - [TEST_STEP][PASSED] - selectOptionByLabel(findTestObject(orPath_TaxTypeFilingYear + "/select_FilingYear"), FilingYear, false): All options with label '2022' are selected in object 'Object Repository/RAD_Pages/TaxTypeFilingYear_Page/select_FilingYear' 

2023-10-02 18:03:57 - [MESSAGE][PASSED] - All options with label '2022' are selected in object 'Object Repository/RAD_Pages/TaxTypeFilingYear_Page/select_FilingYear' 

2023-10-02 18:03:57 - [TEST_STEP][PASSED] - switch (TaxType): null

2023-10-02 18:03:57 - [TEST_STEP][PASSED] - rad.getSetDataRAD.setDataRADBusinessName(): rad.getSetDataRAD.setDataRADBusinessName is PASSED

2023-10-02 18:03:58 - [MESSAGE][PASSED] - Text 'My Company' is set on object 'Object Repository/RAD_Pages/Taxpayer_Page/input_businessName'

2023-10-02 18:03:58 - [MESSAGE][PASSED] - rad.getSetDataRAD.setDataRADBusinessName is PASSED

2023-10-02 18:03:58 - [TEST_STEP][PASSED] - rad.getSetDataRAD.setDataRADBusinessRep(): rad.getSetDataRAD.setDataRADBusinessRep is PASSED

2023-10-02 18:03:59 - [MESSAGE][PASSED] - Text 'BusRepFname' is set on object 'Object Repository/RAD_Pages/Taxpayer_Page/input_BusinessRepfirstName'

2023-10-02 18:04:00 - [MESSAGE][PASSED] - Text '' is set on object 'Object Repository/RAD_Pages/Taxpayer_Page/input_BusinessRepmiddleName'

2023-10-02 18:04:01 - [MESSAGE][PASSED] - Text 'BusRepLname' is set on object 'Object Repository/RAD_Pages/Taxpayer_Page/input_BusinessReplastName'

2023-10-02 18:04:02 - [MESSAGE][PASSED] - Text '' is set on object 'Object Repository/RAD_Pages/Taxpayer_Page/input_BusinessRepsuffix'

2023-10-02 18:04:02 - [MESSAGE][PASSED] - rad.getSetDataRAD.setDataRADBusinessRep is PASSED

2023-10-02 18:04:02 - [TEST_STEP][PASSED] - rad.getSetDataRAD.setDataRADAddress(): rad.getSetDataRAD.setDataRADAddress is PASSED

2023-10-02 18:04:03 - [MESSAGE][PASSED] - All options with label 'United States' are selected in object 'Object Repository/RAD_Pages/AddressAndContactInfo_Page/select_Country' 

2023-10-02 18:04:03 - [MESSAGE][PASSED] - Text '2508 Mandan Terrace' is set on object 'Object Repository/RAD_Pages/AddressAndContactInfo_Page/input_streetAddress1'

2023-10-02 18:04:04 - [MESSAGE][PASSED] - Text '' is set on object 'Object Repository/RAD_Pages/AddressAndContactInfo_Page/input_streetAddress2'

2023-10-02 18:04:05 - [MESSAGE][PASSED] - Text 'Gambrills' is set on object 'Object Repository/RAD_Pages/AddressAndContactInfo_Page/input_city'

2023-10-02 18:04:06 - [MESSAGE][PASSED] - All options with label 'Maryland' are selected in object 'Object Repository/RAD_Pages/AddressAndContactInfo_Page/select_State' 

2023-10-02 18:04:07 - [MESSAGE][PASSED] - Text '21054' is set on object 'Object Repository/RAD_Pages/AddressAndContactInfo_Page/input_zipCode'

2023-10-02 18:04:08 - [MESSAGE][PASSED] - Text '(703) 894-5000' is set on object 'Object Repository/RAD_Pages/AddressAndContactInfo_Page/input_phoneNumber'

2023-10-02 18:04:09 - [MESSAGE][PASSED] - Text 'iahmed@govolution.com' is set on object 'Object Repository/RAD_Pages/AddressAndContactInfo_Page/input_eMailAddress'

2023-10-02 18:04:10 - [MESSAGE][PASSED] - Text 'iahmed@govolution.com' is set on object 'Object Repository/RAD_Pages/AddressAndContactInfo_Page/input_reEnterEMailAddress'

2023-10-02 18:04:10 - [MESSAGE][PASSED] - rad.getSetDataRAD.setDataRADAddress is PASSED

2023-10-02 18:04:10 - [TEST_STEP][PASSED] - if (feinSSN.equalsIgnoreCase("Y")): rad.getSetDataRAD.setDataRADFEINSSN is PASSED

2023-10-02 18:04:10 - [TEST_STEP][PASSED] - rad.getSetDataRAD.setDataRADFEINSSN(): rad.getSetDataRAD.setDataRADFEINSSN is PASSED

2023-10-02 18:04:10 - [MESSAGE][PASSED] - Text ****** has been set on object 'Object Repository/RAD_Pages/TaxInfo_Page/input_TaxInformation_feinSsn'

2023-10-02 18:04:11 - [MESSAGE][PASSED] - Text ****** has been set on object 'Object Repository/RAD_Pages/TaxInfo_Page/input_TaxInformation_RefeinSsn'

2023-10-02 18:04:11 - [MESSAGE][PASSED] - rad.getSetDataRAD.setDataRADFEINSSN is PASSED

2023-10-02 18:04:11 - [TEST_STEP][PASSED] - setText(findTestObject(orPath_Amount + "/input__paymentAmount"), "100.00"): Text '100.00' is set on object 'Object Repository/RAD_Pages/PaymentAmount_Page/input__paymentAmount'

2023-10-02 18:04:12 - [MESSAGE][PASSED] - Text '100.00' is set on object 'Object Repository/RAD_Pages/PaymentAmount_Page/input__paymentAmount'

2023-10-02 18:04:12 - [TEST_STEP][PASSED] - setText(findTestObject(orPath_AddressContact + "/input_streetAddress2"), ""): Text '' is set on object 'Object Repository/RAD_Pages/AddressAndContactInfo_Page/input_streetAddress2'

2023-10-02 18:04:13 - [MESSAGE][PASSED] - Text '' is set on object 'Object Repository/RAD_Pages/AddressAndContactInfo_Page/input_streetAddress2'

2023-10-02 18:04:13 - [TEST_STEP][PASSED] - scrollToElement(findTestObject(orPath_Landing + "/button_Continue"), 3): Scroll to object 'Object Repository/RAD_Pages/Landing_Page/button_Continue' successfully

2023-10-02 18:04:13 - [MESSAGE][PASSED] - Scroll to object 'Object Repository/RAD_Pages/Landing_Page/button_Continue' successfully

2023-10-02 18:04:13 - [TEST_STEP][PASSED] - waitForElementClickable(findTestObject(orPath_Landing + "/button_Continue"), 5): Object 'Object Repository/RAD_Pages/Landing_Page/button_Continue' is clickable

2023-10-02 18:04:14 - [MESSAGE][PASSED] - Object 'Object Repository/RAD_Pages/Landing_Page/button_Continue' is clickable

2023-10-02 18:04:14 - [TEST_STEP][PASSED] - click(findTestObject(orPath_Landing + "/button_Continue")): Object: 'Object Repository/RAD_Pages/Landing_Page/button_Continue' is clicked on

2023-10-02 18:04:14 - [MESSAGE][PASSED] - Object: 'Object Repository/RAD_Pages/Landing_Page/button_Continue' is clicked on

2023-10-02 18:04:14 - [TEST_STEP][PASSED] - delay(2): Delayed 2 second(s)

2023-10-02 18:04:16 - [MESSAGE][PASSED] - Delayed 2 second(s)

2023-10-02 18:04:16 - [TEST_STEP][PASSED] - verifyTextPresent("Summary", true): Text 'Summary' is present on page  using regular expression

2023-10-02 18:04:16 - [MESSAGE][PASSED] - Text 'Summary' is present on page  using regular expression

2023-10-02 18:04:16 - [TEST_STEP][PASSED] - verifyTextPresent("Review the information below and make any necessary corrections by clicking the", true): Text 'Review the information below and make any necessary corrections by clicking the' is present on page  using regular expression

2023-10-02 18:04:17 - [MESSAGE][PASSED] - Text 'Review the information below and make any necessary corrections by clicking the' is present on page  using regular expression

2023-10-02 18:04:17 - [TEST_STEP][PASSED] - verifyTextPresent("When you are confident that all the information is correct, click the", true): Text 'When you are confident that all the information is correct, click the' is present on page  using regular expression

2023-10-02 18:04:17 - [MESSAGE][PASSED] - Text 'When you are confident that all the information is correct, click the' is present on page  using regular expression

2023-10-02 18:04:17 - [TEST_STEP][PASSED] - verifyTextPresent("Payment Type/Filing Year", true): Text 'Payment Type/Filing Year' is present on page  using regular expression

2023-10-02 18:04:18 - [MESSAGE][PASSED] - Text 'Payment Type/Filing Year' is present on page  using regular expression

2023-10-02 18:04:18 - [TEST_STEP][PASSED] - verifyTextPresent("Payment Type:", true): Text 'Payment Type:' is present on page  using regular expression

2023-10-02 18:04:18 - [MESSAGE][PASSED] - Text 'Payment Type:' is present on page  using regular expression

2023-10-02 18:04:18 - [TEST_STEP][PASSED] - verifyTextPresent("Extension Payments", true): Text 'Extension Payments' is present on page  using regular expression

2023-10-02 18:04:18 - [MESSAGE][PASSED] - Text 'Extension Payments' is present on page  using regular expression

2023-10-02 18:04:18 - [TEST_STEP][PASSED] - verifyTextPresent("Filing Year:", true): Text 'Filing Year:' is present on page  using regular expression

2023-10-02 18:04:19 - [MESSAGE][PASSED] - Text 'Filing Year:' is present on page  using regular expression

2023-10-02 18:04:19 - [TEST_STEP][PASSED] - verifyTextPresent(FilingYear, true): Text '2022' is present on page  using regular expression

2023-10-02 18:04:19 - [MESSAGE][PASSED] - Text '2022' is present on page  using regular expression

2023-10-02 18:04:19 - [TEST_STEP][PASSED] - switch (TaxType): null

2023-10-02 18:04:19 - [TEST_STEP][PASSED] - verifyTextPresent("Payer Information", true): Text 'Payer Information' is present on page  using regular expression

2023-10-02 18:04:19 - [MESSAGE][PASSED] - Text 'Payer Information' is present on page  using regular expression

2023-10-02 18:04:19 - [TEST_STEP][PASSED] - verifyTextPresent("Taxpayer Name:", true): Text 'Taxpayer Name:' is present on page  using regular expression

2023-10-02 18:04:20 - [MESSAGE][PASSED] - Text 'Taxpayer Name:' is present on page  using regular expression

2023-10-02 18:04:20 - [TEST_STEP][PASSED] - verifyTextPresent("My Company", true): Text 'My Company' is present on page  using regular expression

2023-10-02 18:04:20 - [MESSAGE][PASSED] - Text 'My Company' is present on page  using regular expression

2023-10-02 18:04:20 - [TEST_STEP][PASSED] - verifyTextPresent("Business Rep Name:", true): Text 'Business Rep Name:' is present on page  using regular expression

2023-10-02 18:04:21 - [MESSAGE][PASSED] - Text 'Business Rep Name:' is present on page  using regular expression

2023-10-02 18:04:21 - [TEST_STEP][PASSED] - verifyTextPresent("BusRepFname BusRepLname", true): Text 'BusRepFname BusRepLname' is present on page  using regular expression

2023-10-02 18:04:21 - [MESSAGE][PASSED] - Text 'BusRepFname BusRepLname' is present on page  using regular expression

2023-10-02 18:04:21 - [TEST_STEP][PASSED] - verifyTextPresent("Taxpayer Address:", true): Text 'Taxpayer Address:' is present on page  using regular expression

2023-10-02 18:04:21 - [MESSAGE][PASSED] - Text 'Taxpayer Address:' is present on page  using regular expression

2023-10-02 18:04:21 - [TEST_STEP][PASSED] - verifyTextPresent("2508 Mandan Terrace Gambrills Maryland 21054", true): Text '2508 Mandan Terrace Gambrills Maryland 21054' is present on page  using regular expression

2023-10-02 18:04:22 - [MESSAGE][PASSED] - Text '2508 Mandan Terrace Gambrills Maryland 21054' is present on page  using regular expression

2023-10-02 18:04:22 - [TEST_STEP][PASSED] - verifyTextPresent("Email:", true): Text 'Email:' is present on page  using regular expression

2023-10-02 18:04:22 - [MESSAGE][PASSED] - Text 'Email:' is present on page  using regular expression

2023-10-02 18:04:22 - [TEST_STEP][PASSED] - verifyTextPresent("iahmed@govolution.com", true): Text 'iahmed@govolution.com' is present on page  using regular expression

2023-10-02 18:04:22 - [MESSAGE][PASSED] - Text 'iahmed@govolution.com' is present on page  using regular expression

2023-10-02 18:04:22 - [TEST_STEP][PASSED] - verifyTextPresent("Phone:", true): Text 'Phone:' is present on page  using regular expression

2023-10-02 18:04:23 - [MESSAGE][PASSED] - Text 'Phone:' is present on page  using regular expression

2023-10-02 18:04:23 - [TEST_STEP][PASSED] - verifyTextPresent("(703) 894-5000", false): Text '(703) 894-5000' is present on page 

2023-10-02 18:04:23 - [MESSAGE][PASSED] - Text '(703) 894-5000' is present on page 

2023-10-02 18:04:23 - [TEST_STEP][PASSED] - verifyTextPresent("Tax Information", true): Text 'Tax Information' is present on page  using regular expression

2023-10-02 18:04:24 - [MESSAGE][PASSED] - Text 'Tax Information' is present on page  using regular expression

2023-10-02 18:04:24 - [TEST_STEP][PASSED] - if (feinSSN.equalsIgnoreCase("Y")): Text 'Federal EIN:' is not present on page using regular expression

2023-10-02 18:04:24 - [TEST_STEP][PASSED] - verifyTextPresent("FEIN/SSN:", true): Text 'FEIN/SSN:' is present on page  using regular expression

2023-10-02 18:04:24 - [MESSAGE][PASSED] - Text 'FEIN/SSN:' is present on page  using regular expression

2023-10-02 18:04:24 - [TEST_STEP][PASSED] - verifyTextNotPresent("Federal EIN:", true): Text 'Federal EIN:' is not present on page using regular expression

2023-10-02 18:04:24 - [MESSAGE][PASSED] - Text 'Federal EIN:' is not present on page using regular expression

2023-10-02 18:04:24 - [TEST_STEP][PASSED] - verifyTextPresent("Payment Amount:", true): Text 'Payment Amount:' is present on page  using regular expression

2023-10-02 18:04:25 - [MESSAGE][PASSED] - Text 'Payment Amount:' is present on page  using regular expression

2023-10-02 18:04:25 - [TEST_STEP][PASSED] - verifyTextPresent("100.00", true): Text '100.00' is present on page  using regular expression

2023-10-02 18:04:25 - [MESSAGE][PASSED] - Text '100.00' is present on page  using regular expression

2023-10-02 18:04:25 - [TEST_STEP][PASSED] - if (verifyElementVisible(findTestObject(orPath_Summary + "/button_Proceed to Payment"))): null

2023-10-02 18:04:25 - [MESSAGE][PASSED] - Object 'Object Repository/RAD_Pages/Summary_Page/button_Proceed to Payment' is visible

2023-10-02 18:04:25 - [TEST_STEP][PASSED] - resText = "Pass": null

2023-10-02 18:04:25 - [TEST_STEP][PASSED] - pages.WriteExcel.demoKey(resText, datText, resColumn, datCloumn, fileLoc, nameSheet, row): pages.WriteExcel.demoKey is PASSED

2023-10-02 18:04:26 - [MESSAGE][PASSED] - pages.WriteExcel.demoKey is PASSED

2023-10-02 18:04:26 - [TEST_STEP][PASSED] - click(findTestObject(orPath_Summary + "/button_Proceed to Payment")): Object: 'Object Repository/RAD_Pages/Summary_Page/button_Proceed to Payment' is clicked on

2023-10-02 18:04:26 - [MESSAGE][PASSED] - Object: 'Object Repository/RAD_Pages/Summary_Page/button_Proceed to Payment' is clicked on

2023-10-02 18:04:26 - [TEST_STEP][PASSED] - ExecuteTC = findTestData(dataFile).getValue("Execute", row): null

2023-10-02 18:04:26 - [TEST_STEP][PASSED] - TaxType = findTestData(dataFile).getValue("TaxType", row): null

2023-10-02 18:04:27 - [TEST_STEP][PASSED] - PaymentType = findTestData(dataFile).getValue("PaymentType", row): null

2023-10-02 18:04:27 - [TEST_STEP][PASSED] - FilingYear = findTestData(dataFile).getValue("Year", row): null

2023-10-02 18:04:27 - [TEST_STEP][PASSED] - PeriodEndingMonth = findTestData(dataFile).getValue("Month", row): null

2023-10-02 18:04:27 - [TEST_STEP][PASSED] - feinSSN = findTestData(dataFile).getValue("FeinSsn", row): null

2023-10-02 18:04:27 - [TEST_STEP][PASSED] - if (ExecuteTC.equalsIgnoreCase("Y")): Object: 'Object Repository/RAD_Pages/Summary_Page/button_Proceed to Payment' is clicked on

2023-10-02 18:04:27 - [TEST_STEP][PASSED] - out.println("Begin Record Number: " + row): null

2023-10-02 18:04:27 - [TEST_STEP][PASSED] - today = new java.util.Date(): null

2023-10-02 18:04:27 - [TEST_STEP][PASSED] - println(today): null

2023-10-02 18:04:27 - [TEST_STEP][PASSED] - datText = today: null

2023-10-02 18:04:27 - [TEST_STEP][PASSED] - logInfo("Payment Type: Extension Payments"): Payment Type: Extension Payments

2023-10-02 18:04:27 - [MESSAGE][INFO] - Payment Type: Extension Payments

2023-10-02 18:04:27 - [TEST_STEP][PASSED] - logInfo("Tax Type: " + TaxType): Tax Type: PTE Non-Electing S Corp

2023-10-02 18:04:27 - [MESSAGE][INFO] - Tax Type: PTE Non-Electing S Corp

2023-10-02 18:04:27 - [TEST_STEP][PASSED] - openBrowser(""): Browser is opened with url: ''

2023-10-02 18:04:27 - [MESSAGE][WARNING] - A browser is already opened. Closing browser and opening a new one

2023-10-02 18:04:28 - [MESSAGE][INFO] - Starting 'Chrome' driver

2023-10-02 18:04:28 - [MESSAGE][INFO] - User set preference: ['acceptInsecureCerts', 'true']

2023-10-02 18:04:28 - [MESSAGE][INFO] - Action delay is set to 0 milliseconds

2023-10-02 18:04:29 - [MESSAGE][PASSED] - Browser is opened with url: ''

2023-10-02 18:04:29 - [TEST_STEP][PASSED] - maximizeWindow(): Current window maximized

2023-10-02 18:04:29 - [MESSAGE][PASSED] - Current window maximized

2023-10-02 18:04:29 - [TEST_STEP][PASSED] - navigateToUrl(RADurl): Navigate to 'https://demo.velocitypayment.com/client/rad/index.html' successfully

2023-10-02 18:04:30 - [MESSAGE][PASSED] - Navigate to 'https://demo.velocitypayment.com/client/rad/index.html' successfully

2023-10-02 18:04:30 - [TEST_STEP][PASSED] - selectOptionByLabel(findTestObject(orPath_Landing + "/dd_TaxType"), "Extension Payments", false): All options with label 'Extension Payments' are selected in object 'Object Repository/RAD_Pages/Landing_Page/dd_TaxType' 

2023-10-02 18:04:31 - [MESSAGE][PASSED] - All options with label 'Extension Payments' are selected in object 'Object Repository/RAD_Pages/Landing_Page/dd_TaxType' 

2023-10-02 18:04:31 - [TEST_STEP][PASSED] - selectOptionByLabel(findTestObject(orPath_TaxTypeFilingYear + "/select_PaymentType"), TaxType, false): All options with label 'PTE Non-Electing S Corp' are selected in object 'Object Repository/RAD_Pages/TaxTypeFilingYear_Page/select_PaymentType' 

2023-10-02 18:04:32 - [MESSAGE][PASSED] - All options with label 'PTE Non-Electing S Corp' are selected in object 'Object Repository/RAD_Pages/TaxTypeFilingYear_Page/select_PaymentType' 

2023-10-02 18:04:32 - [TEST_STEP][PASSED] - selectOptionByLabel(findTestObject(orPath_TaxTypeFilingYear + "/select_FilingYear"), FilingYear, false): All options with label '2022' are selected in object 'Object Repository/RAD_Pages/TaxTypeFilingYear_Page/select_FilingYear' 

2023-10-02 18:04:33 - [MESSAGE][PASSED] - All options with label '2022' are selected in object 'Object Repository/RAD_Pages/TaxTypeFilingYear_Page/select_FilingYear' 

2023-10-02 18:04:33 - [TEST_STEP][PASSED] - switch (TaxType): null

2023-10-02 18:04:33 - [TEST_STEP][PASSED] - rad.getSetDataRAD.setDataRADBusinessName(): rad.getSetDataRAD.setDataRADBusinessName is PASSED

2023-10-02 18:04:34 - [MESSAGE][PASSED] - Text 'My Company' is set on object 'Object Repository/RAD_Pages/Taxpayer_Page/input_businessName'

2023-10-02 18:04:34 - [MESSAGE][PASSED] - rad.getSetDataRAD.setDataRADBusinessName is PASSED

2023-10-02 18:04:34 - [TEST_STEP][PASSED] - rad.getSetDataRAD.setDataRADBusinessRep(): rad.getSetDataRAD.setDataRADBusinessRep is PASSED

2023-10-02 18:04:35 - [MESSAGE][PASSED] - Text 'BusRepFname' is set on object 'Object Repository/RAD_Pages/Taxpayer_Page/input_BusinessRepfirstName'

2023-10-02 18:04:36 - [MESSAGE][PASSED] - Text '' is set on object 'Object Repository/RAD_Pages/Taxpayer_Page/input_BusinessRepmiddleName'

2023-10-02 18:04:37 - [MESSAGE][PASSED] - Text 'BusRepLname' is set on object 'Object Repository/RAD_Pages/Taxpayer_Page/input_BusinessReplastName'

2023-10-02 18:04:38 - [MESSAGE][PASSED] - Text '' is set on object 'Object Repository/RAD_Pages/Taxpayer_Page/input_BusinessRepsuffix'

2023-10-02 18:04:38 - [MESSAGE][PASSED] - rad.getSetDataRAD.setDataRADBusinessRep is PASSED

2023-10-02 18:04:38 - [TEST_STEP][PASSED] - rad.getSetDataRAD.setDataRADAddress(): rad.getSetDataRAD.setDataRADAddress is PASSED

2023-10-02 18:04:38 - [MESSAGE][PASSED] - All options with label 'United States' are selected in object 'Object Repository/RAD_Pages/AddressAndContactInfo_Page/select_Country' 

2023-10-02 18:04:39 - [MESSAGE][PASSED] - Text '2508 Mandan Terrace' is set on object 'Object Repository/RAD_Pages/AddressAndContactInfo_Page/input_streetAddress1'

2023-10-02 18:04:40 - [MESSAGE][PASSED] - Text '' is set on object 'Object Repository/RAD_Pages/AddressAndContactInfo_Page/input_streetAddress2'

2023-10-02 18:04:41 - [MESSAGE][PASSED] - Text 'Gambrills' is set on object 'Object Repository/RAD_Pages/AddressAndContactInfo_Page/input_city'

2023-10-02 18:04:42 - [MESSAGE][PASSED] - All options with label 'Maryland' are selected in object 'Object Repository/RAD_Pages/AddressAndContactInfo_Page/select_State' 

2023-10-02 18:04:43 - [MESSAGE][PASSED] - Text '21054' is set on object 'Object Repository/RAD_Pages/AddressAndContactInfo_Page/input_zipCode'

2023-10-02 18:04:43 - [MESSAGE][PASSED] - Text '(703) 894-5000' is set on object 'Object Repository/RAD_Pages/AddressAndContactInfo_Page/input_phoneNumber'

2023-10-02 18:04:45 - [MESSAGE][PASSED] - Text 'iahmed@govolution.com' is set on object 'Object Repository/RAD_Pages/AddressAndContactInfo_Page/input_eMailAddress'

2023-10-02 18:04:45 - [MESSAGE][PASSED] - Text 'iahmed@govolution.com' is set on object 'Object Repository/RAD_Pages/AddressAndContactInfo_Page/input_reEnterEMailAddress'

2023-10-02 18:04:45 - [MESSAGE][PASSED] - rad.getSetDataRAD.setDataRADAddress is PASSED

2023-10-02 18:04:45 - [TEST_STEP][PASSED] - if (feinSSN.equalsIgnoreCase("Y")): rad.getSetDataRAD.setDataRADFEINSSN is PASSED

2023-10-02 18:04:45 - [TEST_STEP][PASSED] - rad.getSetDataRAD.setDataRADFEINSSN(): rad.getSetDataRAD.setDataRADFEINSSN is PASSED

2023-10-02 18:04:46 - [MESSAGE][PASSED] - Text ****** has been set on object 'Object Repository/RAD_Pages/TaxInfo_Page/input_TaxInformation_feinSsn'

2023-10-02 18:04:47 - [MESSAGE][PASSED] - Text ****** has been set on object 'Object Repository/RAD_Pages/TaxInfo_Page/input_TaxInformation_RefeinSsn'

2023-10-02 18:04:47 - [MESSAGE][PASSED] - rad.getSetDataRAD.setDataRADFEINSSN is PASSED

2023-10-02 18:04:47 - [TEST_STEP][PASSED] - setText(findTestObject(orPath_Amount + "/input__paymentAmount"), "100.00"): Text '100.00' is set on object 'Object Repository/RAD_Pages/PaymentAmount_Page/input__paymentAmount'

2023-10-02 18:04:48 - [MESSAGE][PASSED] - Text '100.00' is set on object 'Object Repository/RAD_Pages/PaymentAmount_Page/input__paymentAmount'

2023-10-02 18:04:48 - [TEST_STEP][PASSED] - setText(findTestObject(orPath_AddressContact + "/input_streetAddress2"), ""): Text '' is set on object 'Object Repository/RAD_Pages/AddressAndContactInfo_Page/input_streetAddress2'

2023-10-02 18:04:48 - [MESSAGE][PASSED] - Text '' is set on object 'Object Repository/RAD_Pages/AddressAndContactInfo_Page/input_streetAddress2'

2023-10-02 18:04:48 - [TEST_STEP][PASSED] - scrollToElement(findTestObject(orPath_Landing + "/button_Continue"), 3): Scroll to object 'Object Repository/RAD_Pages/Landing_Page/button_Continue' successfully

2023-10-02 18:04:49 - [MESSAGE][PASSED] - Scroll to object 'Object Repository/RAD_Pages/Landing_Page/button_Continue' successfully

2023-10-02 18:04:49 - [TEST_STEP][PASSED] - waitForElementClickable(findTestObject(orPath_Landing + "/button_Continue"), 5): Object 'Object Repository/RAD_Pages/Landing_Page/button_Continue' is clickable

2023-10-02 18:04:49 - [MESSAGE][PASSED] - Object 'Object Repository/RAD_Pages/Landing_Page/button_Continue' is clickable

2023-10-02 18:04:49 - [TEST_STEP][PASSED] - click(findTestObject(orPath_Landing + "/button_Continue")): Object: 'Object Repository/RAD_Pages/Landing_Page/button_Continue' is clicked on

2023-10-02 18:04:50 - [MESSAGE][PASSED] - Object: 'Object Repository/RAD_Pages/Landing_Page/button_Continue' is clicked on

2023-10-02 18:04:50 - [TEST_STEP][PASSED] - delay(2): Delayed 2 second(s)

2023-10-02 18:04:52 - [MESSAGE][PASSED] - Delayed 2 second(s)

2023-10-02 18:04:52 - [TEST_STEP][PASSED] - verifyTextPresent("Summary", true): Text 'Summary' is present on page  using regular expression

2023-10-02 18:04:52 - [MESSAGE][PASSED] - Text 'Summary' is present on page  using regular expression

2023-10-02 18:04:52 - [TEST_STEP][PASSED] - verifyTextPresent("Review the information below and make any necessary corrections by clicking the", true): Text 'Review the information below and make any necessary corrections by clicking the' is present on page  using regular expression

2023-10-02 18:04:53 - [MESSAGE][PASSED] - Text 'Review the information below and make any necessary corrections by clicking the' is present on page  using regular expression

2023-10-02 18:04:53 - [TEST_STEP][PASSED] - verifyTextPresent("When you are confident that all the information is correct, click the", true): Text 'When you are confident that all the information is correct, click the' is present on page  using regular expression

2023-10-02 18:04:53 - [MESSAGE][PASSED] - Text 'When you are confident that all the information is correct, click the' is present on page  using regular expression

2023-10-02 18:04:53 - [TEST_STEP][PASSED] - verifyTextPresent("Payment Type/Filing Year", true): Text 'Payment Type/Filing Year' is present on page  using regular expression

2023-10-02 18:04:53 - [MESSAGE][PASSED] - Text 'Payment Type/Filing Year' is present on page  using regular expression

2023-10-02 18:04:53 - [TEST_STEP][PASSED] - verifyTextPresent("Payment Type:", true): Text 'Payment Type:' is present on page  using regular expression

2023-10-02 18:04:54 - [MESSAGE][PASSED] - Text 'Payment Type:' is present on page  using regular expression

2023-10-02 18:04:54 - [TEST_STEP][PASSED] - verifyTextPresent("Extension Payments", true): Text 'Extension Payments' is present on page  using regular expression

2023-10-02 18:04:54 - [MESSAGE][PASSED] - Text 'Extension Payments' is present on page  using regular expression

2023-10-02 18:04:54 - [TEST_STEP][PASSED] - verifyTextPresent("Filing Year:", true): Text 'Filing Year:' is present on page  using regular expression

2023-10-02 18:04:55 - [MESSAGE][PASSED] - Text 'Filing Year:' is present on page  using regular expression

2023-10-02 18:04:55 - [TEST_STEP][PASSED] - verifyTextPresent(FilingYear, true): Text '2022' is present on page  using regular expression

2023-10-02 18:04:55 - [MESSAGE][PASSED] - Text '2022' is present on page  using regular expression

2023-10-02 18:04:55 - [TEST_STEP][PASSED] - switch (TaxType): null

2023-10-02 18:04:55 - [TEST_STEP][PASSED] - verifyTextPresent("Payer Information", true): Text 'Payer Information' is present on page  using regular expression

2023-10-02 18:04:55 - [MESSAGE][PASSED] - Text 'Payer Information' is present on page  using regular expression

2023-10-02 18:04:55 - [TEST_STEP][PASSED] - verifyTextPresent("Taxpayer Name:", true): Text 'Taxpayer Name:' is present on page  using regular expression

2023-10-02 18:04:56 - [MESSAGE][PASSED] - Text 'Taxpayer Name:' is present on page  using regular expression

2023-10-02 18:04:56 - [TEST_STEP][PASSED] - verifyTextPresent("My Company", true): Text 'My Company' is present on page  using regular expression

2023-10-02 18:04:56 - [MESSAGE][PASSED] - Text 'My Company' is present on page  using regular expression

2023-10-02 18:04:56 - [TEST_STEP][PASSED] - verifyTextPresent("Business Rep Name:", true): Text 'Business Rep Name:' is present on page  using regular expression

2023-10-02 18:04:56 - [MESSAGE][PASSED] - Text 'Business Rep Name:' is present on page  using regular expression

2023-10-02 18:04:56 - [TEST_STEP][PASSED] - verifyTextPresent("BusRepFname BusRepLname", true): Text 'BusRepFname BusRepLname' is present on page  using regular expression

2023-10-02 18:04:57 - [MESSAGE][PASSED] - Text 'BusRepFname BusRepLname' is present on page  using regular expression

2023-10-02 18:04:57 - [TEST_STEP][PASSED] - verifyTextPresent("Taxpayer Address:", true): Text 'Taxpayer Address:' is present on page  using regular expression

2023-10-02 18:04:57 - [MESSAGE][PASSED] - Text 'Taxpayer Address:' is present on page  using regular expression

2023-10-02 18:04:57 - [TEST_STEP][PASSED] - verifyTextPresent("2508 Mandan Terrace Gambrills Maryland 21054", true): Text '2508 Mandan Terrace Gambrills Maryland 21054' is present on page  using regular expression

2023-10-02 18:04:58 - [MESSAGE][PASSED] - Text '2508 Mandan Terrace Gambrills Maryland 21054' is present on page  using regular expression

2023-10-02 18:04:58 - [TEST_STEP][PASSED] - verifyTextPresent("Email:", true): Text 'Email:' is present on page  using regular expression

2023-10-02 18:04:58 - [MESSAGE][PASSED] - Text 'Email:' is present on page  using regular expression

2023-10-02 18:04:58 - [TEST_STEP][PASSED] - verifyTextPresent("iahmed@govolution.com", true): Text 'iahmed@govolution.com' is present on page  using regular expression

2023-10-02 18:04:58 - [MESSAGE][PASSED] - Text 'iahmed@govolution.com' is present on page  using regular expression

2023-10-02 18:04:58 - [TEST_STEP][PASSED] - verifyTextPresent("Phone:", true): Text 'Phone:' is present on page  using regular expression

2023-10-02 18:04:59 - [MESSAGE][PASSED] - Text 'Phone:' is present on page  using regular expression

2023-10-02 18:04:59 - [TEST_STEP][PASSED] - verifyTextPresent("(703) 894-5000", false): Text '(703) 894-5000' is present on page 

2023-10-02 18:04:59 - [MESSAGE][PASSED] - Text '(703) 894-5000' is present on page 

2023-10-02 18:04:59 - [TEST_STEP][PASSED] - verifyTextPresent("Tax Information", true): Text 'Tax Information' is present on page  using regular expression

2023-10-02 18:04:59 - [MESSAGE][PASSED] - Text 'Tax Information' is present on page  using regular expression

2023-10-02 18:04:59 - [TEST_STEP][PASSED] - if (feinSSN.equalsIgnoreCase("Y")): Text 'Federal EIN:' is not present on page using regular expression

2023-10-02 18:04:59 - [TEST_STEP][PASSED] - verifyTextPresent("FEIN/SSN:", true): Text 'FEIN/SSN:' is present on page  using regular expression

2023-10-02 18:05:00 - [MESSAGE][PASSED] - Text 'FEIN/SSN:' is present on page  using regular expression

2023-10-02 18:05:00 - [TEST_STEP][PASSED] - verifyTextNotPresent("Federal EIN:", true): Text 'Federal EIN:' is not present on page using regular expression

2023-10-02 18:05:00 - [MESSAGE][PASSED] - Text 'Federal EIN:' is not present on page using regular expression

2023-10-02 18:05:00 - [TEST_STEP][PASSED] - verifyTextPresent("Payment Amount:", true): Text 'Payment Amount:' is present on page  using regular expression

2023-10-02 18:05:01 - [MESSAGE][PASSED] - Text 'Payment Amount:' is present on page  using regular expression

2023-10-02 18:05:01 - [TEST_STEP][PASSED] - verifyTextPresent("100.00", true): Text '100.00' is present on page  using regular expression

2023-10-02 18:05:01 - [MESSAGE][PASSED] - Text '100.00' is present on page  using regular expression

2023-10-02 18:05:01 - [TEST_STEP][PASSED] - if (verifyElementVisible(findTestObject(orPath_Summary + "/button_Proceed to Payment"))): null

2023-10-02 18:05:01 - [MESSAGE][PASSED] - Object 'Object Repository/RAD_Pages/Summary_Page/button_Proceed to Payment' is visible

2023-10-02 18:05:01 - [TEST_STEP][PASSED] - resText = "Pass": null

2023-10-02 18:05:01 - [TEST_STEP][PASSED] - pages.WriteExcel.demoKey(resText, datText, resColumn, datCloumn, fileLoc, nameSheet, row): pages.WriteExcel.demoKey is PASSED

2023-10-02 18:05:01 - [MESSAGE][PASSED] - pages.WriteExcel.demoKey is PASSED

2023-10-02 18:05:01 - [TEST_STEP][PASSED] - click(findTestObject(orPath_Summary + "/button_Proceed to Payment")): Object: 'Object Repository/RAD_Pages/Summary_Page/button_Proceed to Payment' is clicked on

2023-10-02 18:05:02 - [MESSAGE][PASSED] - Object: 'Object Repository/RAD_Pages/Summary_Page/button_Proceed to Payment' is clicked on

2023-10-02 18:05:02 - [TEST_STEP][PASSED] - ExecuteTC = findTestData(dataFile).getValue("Execute", row): null

2023-10-02 18:05:02 - [TEST_STEP][PASSED] - TaxType = findTestData(dataFile).getValue("TaxType", row): null

2023-10-02 18:05:02 - [TEST_STEP][PASSED] - PaymentType = findTestData(dataFile).getValue("PaymentType", row): null

2023-10-02 18:05:02 - [TEST_STEP][PASSED] - FilingYear = findTestData(dataFile).getValue("Year", row): null

2023-10-02 18:05:02 - [TEST_STEP][PASSED] - PeriodEndingMonth = findTestData(dataFile).getValue("Month", row): null

2023-10-02 18:05:02 - [TEST_STEP][PASSED] - feinSSN = findTestData(dataFile).getValue("FeinSsn", row): null

2023-10-02 18:05:03 - [TEST_STEP][PASSED] - if (ExecuteTC.equalsIgnoreCase("Y")): Object: 'Object Repository/RAD_Pages/Summary_Page/button_Proceed to Payment' is clicked on

2023-10-02 18:05:03 - [TEST_STEP][PASSED] - out.println("Begin Record Number: " + row): null

2023-10-02 18:05:03 - [TEST_STEP][PASSED] - today = new java.util.Date(): null

2023-10-02 18:05:03 - [TEST_STEP][PASSED] - println(today): null

2023-10-02 18:05:03 - [TEST_STEP][PASSED] - datText = today: null

2023-10-02 18:05:03 - [TEST_STEP][PASSED] - logInfo("Payment Type: Extension Payments"): Payment Type: Extension Payments

2023-10-02 18:05:03 - [MESSAGE][INFO] - Payment Type: Extension Payments

2023-10-02 18:05:03 - [TEST_STEP][PASSED] - logInfo("Tax Type: " + TaxType): Tax Type: PTE Tax Electing Non-S Corp

2023-10-02 18:05:03 - [MESSAGE][INFO] - Tax Type: PTE Tax Electing Non-S Corp

2023-10-02 18:05:03 - [TEST_STEP][PASSED] - openBrowser(""): Browser is opened with url: ''

2023-10-02 18:05:03 - [MESSAGE][WARNING] - A browser is already opened. Closing browser and opening a new one

2023-10-02 18:05:03 - [MESSAGE][INFO] - Starting 'Chrome' driver

2023-10-02 18:05:03 - [MESSAGE][INFO] - User set preference: ['acceptInsecureCerts', 'true']

2023-10-02 18:05:03 - [MESSAGE][INFO] - Action delay is set to 0 milliseconds

2023-10-02 18:05:05 - [MESSAGE][PASSED] - Browser is opened with url: ''

2023-10-02 18:05:05 - [TEST_STEP][PASSED] - maximizeWindow(): Current window maximized

2023-10-02 18:05:05 - [MESSAGE][PASSED] - Current window maximized

2023-10-02 18:05:05 - [TEST_STEP][PASSED] - navigateToUrl(RADurl): Navigate to 'https://demo.velocitypayment.com/client/rad/index.html' successfully

2023-10-02 18:05:07 - [MESSAGE][PASSED] - Navigate to 'https://demo.velocitypayment.com/client/rad/index.html' successfully

2023-10-02 18:05:07 - [TEST_STEP][PASSED] - selectOptionByLabel(findTestObject(orPath_Landing + "/dd_TaxType"), "Extension Payments", false): All options with label 'Extension Payments' are selected in object 'Object Repository/RAD_Pages/Landing_Page/dd_TaxType' 

2023-10-02 18:05:07 - [MESSAGE][PASSED] - All options with label 'Extension Payments' are selected in object 'Object Repository/RAD_Pages/Landing_Page/dd_TaxType' 

2023-10-02 18:05:07 - [TEST_STEP][PASSED] - selectOptionByLabel(findTestObject(orPath_TaxTypeFilingYear + "/select_PaymentType"), TaxType, false): All options with label 'PTE Tax Electing Non-S Corp' are selected in object 'Object Repository/RAD_Pages/TaxTypeFilingYear_Page/select_PaymentType' 

2023-10-02 18:05:08 - [MESSAGE][PASSED] - All options with label 'PTE Tax Electing Non-S Corp' are selected in object 'Object Repository/RAD_Pages/TaxTypeFilingYear_Page/select_PaymentType' 

2023-10-02 18:05:08 - [TEST_STEP][PASSED] - selectOptionByLabel(findTestObject(orPath_TaxTypeFilingYear + "/select_FilingYear"), FilingYear, false): All options with label '2022' are selected in object 'Object Repository/RAD_Pages/TaxTypeFilingYear_Page/select_FilingYear' 

2023-10-02 18:05:09 - [MESSAGE][PASSED] - All options with label '2022' are selected in object 'Object Repository/RAD_Pages/TaxTypeFilingYear_Page/select_FilingYear' 

2023-10-02 18:05:09 - [TEST_STEP][PASSED] - switch (TaxType): null

2023-10-02 18:05:09 - [TEST_STEP][PASSED] - rad.getSetDataRAD.setDataRADBusinessName(): rad.getSetDataRAD.setDataRADBusinessName is PASSED

2023-10-02 18:05:10 - [MESSAGE][PASSED] - Text 'My Company' is set on object 'Object Repository/RAD_Pages/Taxpayer_Page/input_businessName'

2023-10-02 18:05:10 - [MESSAGE][PASSED] - rad.getSetDataRAD.setDataRADBusinessName is PASSED

2023-10-02 18:05:10 - [TEST_STEP][PASSED] - rad.getSetDataRAD.setDataRADBusinessRep(): rad.getSetDataRAD.setDataRADBusinessRep is PASSED

2023-10-02 18:05:11 - [MESSAGE][PASSED] - Text 'BusRepFname' is set on object 'Object Repository/RAD_Pages/Taxpayer_Page/input_BusinessRepfirstName'

2023-10-02 18:05:12 - [MESSAGE][PASSED] - Text '' is set on object 'Object Repository/RAD_Pages/Taxpayer_Page/input_BusinessRepmiddleName'

2023-10-02 18:05:13 - [MESSAGE][PASSED] - Text 'BusRepLname' is set on object 'Object Repository/RAD_Pages/Taxpayer_Page/input_BusinessReplastName'

2023-10-02 18:05:14 - [MESSAGE][PASSED] - Text '' is set on object 'Object Repository/RAD_Pages/Taxpayer_Page/input_BusinessRepsuffix'

2023-10-02 18:05:14 - [MESSAGE][PASSED] - rad.getSetDataRAD.setDataRADBusinessRep is PASSED

2023-10-02 18:05:14 - [TEST_STEP][PASSED] - rad.getSetDataRAD.setDataRADAddress(): rad.getSetDataRAD.setDataRADAddress is PASSED

2023-10-02 18:05:14 - [MESSAGE][PASSED] - All options with label 'United States' are selected in object 'Object Repository/RAD_Pages/AddressAndContactInfo_Page/select_Country' 

2023-10-02 18:05:15 - [MESSAGE][PASSED] - Text '2508 Mandan Terrace' is set on object 'Object Repository/RAD_Pages/AddressAndContactInfo_Page/input_streetAddress1'

2023-10-02 18:05:16 - [MESSAGE][PASSED] - Text '' is set on object 'Object Repository/RAD_Pages/AddressAndContactInfo_Page/input_streetAddress2'

2023-10-02 18:05:17 - [MESSAGE][PASSED] - Text 'Gambrills' is set on object 'Object Repository/RAD_Pages/AddressAndContactInfo_Page/input_city'

2023-10-02 18:05:18 - [MESSAGE][PASSED] - All options with label 'Maryland' are selected in object 'Object Repository/RAD_Pages/AddressAndContactInfo_Page/select_State' 

2023-10-02 18:05:19 - [MESSAGE][PASSED] - Text '21054' is set on object 'Object Repository/RAD_Pages/AddressAndContactInfo_Page/input_zipCode'

2023-10-02 18:05:20 - [MESSAGE][PASSED] - Text '(703) 894-5000' is set on object 'Object Repository/RAD_Pages/AddressAndContactInfo_Page/input_phoneNumber'

2023-10-02 18:05:21 - [MESSAGE][PASSED] - Text 'iahmed@govolution.com' is set on object 'Object Repository/RAD_Pages/AddressAndContactInfo_Page/input_eMailAddress'

2023-10-02 18:05:22 - [MESSAGE][PASSED] - Text 'iahmed@govolution.com' is set on object 'Object Repository/RAD_Pages/AddressAndContactInfo_Page/input_reEnterEMailAddress'

2023-10-02 18:05:22 - [MESSAGE][PASSED] - rad.getSetDataRAD.setDataRADAddress is PASSED

2023-10-02 18:05:22 - [TEST_STEP][PASSED] - if (feinSSN.equalsIgnoreCase("Y")): rad.getSetDataRAD.setDataRADFEINSSN is PASSED

2023-10-02 18:05:22 - [TEST_STEP][PASSED] - rad.getSetDataRAD.setDataRADFEINSSN(): rad.getSetDataRAD.setDataRADFEINSSN is PASSED

2023-10-02 18:05:22 - [MESSAGE][PASSED] - Text ****** has been set on object 'Object Repository/RAD_Pages/TaxInfo_Page/input_TaxInformation_feinSsn'

2023-10-02 18:05:23 - [MESSAGE][PASSED] - Text ****** has been set on object 'Object Repository/RAD_Pages/TaxInfo_Page/input_TaxInformation_RefeinSsn'

2023-10-02 18:05:23 - [MESSAGE][PASSED] - rad.getSetDataRAD.setDataRADFEINSSN is PASSED

2023-10-02 18:05:23 - [TEST_STEP][PASSED] - setText(findTestObject(orPath_Amount + "/input__paymentAmount"), "100.00"): Text '100.00' is set on object 'Object Repository/RAD_Pages/PaymentAmount_Page/input__paymentAmount'

2023-10-02 18:05:24 - [MESSAGE][PASSED] - Text '100.00' is set on object 'Object Repository/RAD_Pages/PaymentAmount_Page/input__paymentAmount'

2023-10-02 18:05:24 - [TEST_STEP][PASSED] - setText(findTestObject(orPath_AddressContact + "/input_streetAddress2"), ""): Text '' is set on object 'Object Repository/RAD_Pages/AddressAndContactInfo_Page/input_streetAddress2'

2023-10-02 18:05:25 - [MESSAGE][PASSED] - Text '' is set on object 'Object Repository/RAD_Pages/AddressAndContactInfo_Page/input_streetAddress2'

2023-10-02 18:05:25 - [TEST_STEP][PASSED] - scrollToElement(findTestObject(orPath_Landing + "/button_Continue"), 3): Scroll to object 'Object Repository/RAD_Pages/Landing_Page/button_Continue' successfully

2023-10-02 18:05:25 - [MESSAGE][PASSED] - Scroll to object 'Object Repository/RAD_Pages/Landing_Page/button_Continue' successfully

2023-10-02 18:05:25 - [TEST_STEP][PASSED] - waitForElementClickable(findTestObject(orPath_Landing + "/button_Continue"), 5): Object 'Object Repository/RAD_Pages/Landing_Page/button_Continue' is clickable

2023-10-02 18:05:25 - [MESSAGE][PASSED] - Object 'Object Repository/RAD_Pages/Landing_Page/button_Continue' is clickable

2023-10-02 18:05:25 - [TEST_STEP][PASSED] - click(findTestObject(orPath_Landing + "/button_Continue")): Object: 'Object Repository/RAD_Pages/Landing_Page/button_Continue' is clicked on

2023-10-02 18:05:26 - [MESSAGE][PASSED] - Object: 'Object Repository/RAD_Pages/Landing_Page/button_Continue' is clicked on

2023-10-02 18:05:26 - [TEST_STEP][PASSED] - delay(2): Delayed 2 second(s)

2023-10-02 18:05:28 - [MESSAGE][PASSED] - Delayed 2 second(s)

2023-10-02 18:05:28 - [TEST_STEP][PASSED] - verifyTextPresent("Summary", true): Text 'Summary' is present on page  using regular expression

2023-10-02 18:05:28 - [MESSAGE][PASSED] - Text 'Summary' is present on page  using regular expression

2023-10-02 18:05:28 - [TEST_STEP][PASSED] - verifyTextPresent("Review the information below and make any necessary corrections by clicking the", true): Text 'Review the information below and make any necessary corrections by clicking the' is present on page  using regular expression

2023-10-02 18:05:29 - [MESSAGE][PASSED] - Text 'Review the information below and make any necessary corrections by clicking the' is present on page  using regular expression

2023-10-02 18:05:29 - [TEST_STEP][PASSED] - verifyTextPresent("When you are confident that all the information is correct, click the", true): Text 'When you are confident that all the information is correct, click the' is present on page  using regular expression

2023-10-02 18:05:29 - [MESSAGE][PASSED] - Text 'When you are confident that all the information is correct, click the' is present on page  using regular expression

2023-10-02 18:05:29 - [TEST_STEP][PASSED] - verifyTextPresent("Payment Type/Filing Year", true): Text 'Payment Type/Filing Year' is present on page  using regular expression

2023-10-02 18:05:29 - [MESSAGE][PASSED] - Text 'Payment Type/Filing Year' is present on page  using regular expression

2023-10-02 18:05:29 - [TEST_STEP][PASSED] - verifyTextPresent("Payment Type:", true): Text 'Payment Type:' is present on page  using regular expression

2023-10-02 18:05:30 - [MESSAGE][PASSED] - Text 'Payment Type:' is present on page  using regular expression

2023-10-02 18:05:30 - [TEST_STEP][PASSED] - verifyTextPresent("Extension Payments", true): Text 'Extension Payments' is present on page  using regular expression

2023-10-02 18:05:30 - [MESSAGE][PASSED] - Text 'Extension Payments' is present on page  using regular expression

2023-10-02 18:05:30 - [TEST_STEP][PASSED] - verifyTextPresent("Filing Year:", true): Text 'Filing Year:' is present on page  using regular expression

2023-10-02 18:05:31 - [MESSAGE][PASSED] - Text 'Filing Year:' is present on page  using regular expression

2023-10-02 18:05:31 - [TEST_STEP][PASSED] - verifyTextPresent(FilingYear, true): Text '2022' is present on page  using regular expression

2023-10-02 18:05:31 - [MESSAGE][PASSED] - Text '2022' is present on page  using regular expression

2023-10-02 18:05:31 - [TEST_STEP][PASSED] - switch (TaxType): null

2023-10-02 18:05:31 - [TEST_STEP][PASSED] - verifyTextPresent("Payer Information", true): Text 'Payer Information' is present on page  using regular expression

2023-10-02 18:05:31 - [MESSAGE][PASSED] - Text 'Payer Information' is present on page  using regular expression

2023-10-02 18:05:31 - [TEST_STEP][PASSED] - verifyTextPresent("Taxpayer Name:", true): Text 'Taxpayer Name:' is present on page  using regular expression

2023-10-02 18:05:32 - [MESSAGE][PASSED] - Text 'Taxpayer Name:' is present on page  using regular expression

2023-10-02 18:05:32 - [TEST_STEP][PASSED] - verifyTextPresent("My Company", true): Text 'My Company' is present on page  using regular expression

2023-10-02 18:05:32 - [MESSAGE][PASSED] - Text 'My Company' is present on page  using regular expression

2023-10-02 18:05:32 - [TEST_STEP][PASSED] - verifyTextPresent("Business Rep Name:", true): Text 'Business Rep Name:' is present on page  using regular expression

2023-10-02 18:05:32 - [MESSAGE][PASSED] - Text 'Business Rep Name:' is present on page  using regular expression

2023-10-02 18:05:32 - [TEST_STEP][PASSED] - verifyTextPresent("BusRepFname BusRepLname", true): Text 'BusRepFname BusRepLname' is present on page  using regular expression

2023-10-02 18:05:33 - [MESSAGE][PASSED] - Text 'BusRepFname BusRepLname' is present on page  using regular expression

2023-10-02 18:05:33 - [TEST_STEP][PASSED] - verifyTextPresent("Taxpayer Address:", true): Text 'Taxpayer Address:' is present on page  using regular expression

2023-10-02 18:05:33 - [MESSAGE][PASSED] - Text 'Taxpayer Address:' is present on page  using regular expression

2023-10-02 18:05:33 - [TEST_STEP][PASSED] - verifyTextPresent("2508 Mandan Terrace Gambrills Maryland 21054", true): Text '2508 Mandan Terrace Gambrills Maryland 21054' is present on page  using regular expression

2023-10-02 18:05:34 - [MESSAGE][PASSED] - Text '2508 Mandan Terrace Gambrills Maryland 21054' is present on page  using regular expression

2023-10-02 18:05:34 - [TEST_STEP][PASSED] - verifyTextPresent("Email:", true): Text 'Email:' is present on page  using regular expression

2023-10-02 18:05:34 - [MESSAGE][PASSED] - Text 'Email:' is present on page  using regular expression

2023-10-02 18:05:34 - [TEST_STEP][PASSED] - verifyTextPresent("iahmed@govolution.com", true): Text 'iahmed@govolution.com' is present on page  using regular expression

2023-10-02 18:05:34 - [MESSAGE][PASSED] - Text 'iahmed@govolution.com' is present on page  using regular expression

2023-10-02 18:05:34 - [TEST_STEP][PASSED] - verifyTextPresent("Phone:", true): Text 'Phone:' is present on page  using regular expression

2023-10-02 18:05:35 - [MESSAGE][PASSED] - Text 'Phone:' is present on page  using regular expression

2023-10-02 18:05:35 - [TEST_STEP][PASSED] - verifyTextPresent("(703) 894-5000", false): Text '(703) 894-5000' is present on page 

2023-10-02 18:05:35 - [MESSAGE][PASSED] - Text '(703) 894-5000' is present on page 

2023-10-02 18:05:35 - [TEST_STEP][PASSED] - verifyTextPresent("Tax Information", true): Text 'Tax Information' is present on page  using regular expression

2023-10-02 18:05:35 - [MESSAGE][PASSED] - Text 'Tax Information' is present on page  using regular expression

2023-10-02 18:05:35 - [TEST_STEP][PASSED] - if (feinSSN.equalsIgnoreCase("Y")): Text 'Federal EIN:' is not present on page using regular expression

2023-10-02 18:05:35 - [TEST_STEP][PASSED] - verifyTextPresent("FEIN/SSN:", true): Text 'FEIN/SSN:' is present on page  using regular expression

2023-10-02 18:05:36 - [MESSAGE][PASSED] - Text 'FEIN/SSN:' is present on page  using regular expression

2023-10-02 18:05:36 - [TEST_STEP][PASSED] - verifyTextNotPresent("Federal EIN:", true): Text 'Federal EIN:' is not present on page using regular expression

2023-10-02 18:05:36 - [MESSAGE][PASSED] - Text 'Federal EIN:' is not present on page using regular expression

2023-10-02 18:05:36 - [TEST_STEP][PASSED] - verifyTextPresent("Payment Amount:", true): Text 'Payment Amount:' is present on page  using regular expression

2023-10-02 18:05:36 - [MESSAGE][PASSED] - Text 'Payment Amount:' is present on page  using regular expression

2023-10-02 18:05:36 - [TEST_STEP][PASSED] - verifyTextPresent("100.00", true): Text '100.00' is present on page  using regular expression

2023-10-02 18:05:37 - [MESSAGE][PASSED] - Text '100.00' is present on page  using regular expression

2023-10-02 18:05:37 - [TEST_STEP][PASSED] - if (verifyElementVisible(findTestObject(orPath_Summary + "/button_Proceed to Payment"))): null

2023-10-02 18:05:37 - [MESSAGE][PASSED] - Object 'Object Repository/RAD_Pages/Summary_Page/button_Proceed to Payment' is visible

2023-10-02 18:05:37 - [TEST_STEP][PASSED] - resText = "Pass": null

2023-10-02 18:05:37 - [TEST_STEP][PASSED] - pages.WriteExcel.demoKey(resText, datText, resColumn, datCloumn, fileLoc, nameSheet, row): pages.WriteExcel.demoKey is PASSED

2023-10-02 18:05:37 - [MESSAGE][PASSED] - pages.WriteExcel.demoKey is PASSED

2023-10-02 18:05:37 - [TEST_STEP][PASSED] - click(findTestObject(orPath_Summary + "/button_Proceed to Payment")): Object: 'Object Repository/RAD_Pages/Summary_Page/button_Proceed to Payment' is clicked on

2023-10-02 18:05:38 - [MESSAGE][PASSED] - Object: 'Object Repository/RAD_Pages/Summary_Page/button_Proceed to Payment' is clicked on

2023-10-02 18:05:38 - [TEST_STEP][PASSED] - ExecuteTC = findTestData(dataFile).getValue("Execute", row): null

2023-10-02 18:05:38 - [TEST_STEP][PASSED] - TaxType = findTestData(dataFile).getValue("TaxType", row): null

2023-10-02 18:05:38 - [TEST_STEP][PASSED] - PaymentType = findTestData(dataFile).getValue("PaymentType", row): null

2023-10-02 18:05:38 - [TEST_STEP][PASSED] - FilingYear = findTestData(dataFile).getValue("Year", row): null

2023-10-02 18:05:38 - [TEST_STEP][PASSED] - PeriodEndingMonth = findTestData(dataFile).getValue("Month", row): null

2023-10-02 18:05:38 - [TEST_STEP][PASSED] - feinSSN = findTestData(dataFile).getValue("FeinSsn", row): null

2023-10-02 18:05:38 - [TEST_STEP][PASSED] - if (ExecuteTC.equalsIgnoreCase("Y")): Object: 'Object Repository/RAD_Pages/Summary_Page/button_Proceed to Payment' is clicked on

2023-10-02 18:05:38 - [TEST_STEP][PASSED] - out.println("Begin Record Number: " + row): null

2023-10-02 18:05:38 - [TEST_STEP][PASSED] - today = new java.util.Date(): null

2023-10-02 18:05:38 - [TEST_STEP][PASSED] - println(today): null

2023-10-02 18:05:38 - [TEST_STEP][PASSED] - datText = today: null

2023-10-02 18:05:38 - [TEST_STEP][PASSED] - logInfo("Payment Type: Extension Payments"): Payment Type: Extension Payments

2023-10-02 18:05:38 - [MESSAGE][INFO] - Payment Type: Extension Payments

2023-10-02 18:05:38 - [TEST_STEP][PASSED] - logInfo("Tax Type: " + TaxType): Tax Type: PTE Tax Electing S Corp

2023-10-02 18:05:38 - [MESSAGE][INFO] - Tax Type: PTE Tax Electing S Corp

2023-10-02 18:05:38 - [TEST_STEP][PASSED] - openBrowser(""): Browser is opened with url: ''

2023-10-02 18:05:38 - [MESSAGE][WARNING] - A browser is already opened. Closing browser and opening a new one

2023-10-02 18:05:39 - [MESSAGE][INFO] - Starting 'Chrome' driver

2023-10-02 18:05:39 - [MESSAGE][INFO] - User set preference: ['acceptInsecureCerts', 'true']

2023-10-02 18:05:39 - [MESSAGE][INFO] - Action delay is set to 0 milliseconds

2023-10-02 18:05:41 - [MESSAGE][PASSED] - Browser is opened with url: ''

2023-10-02 18:05:41 - [TEST_STEP][PASSED] - maximizeWindow(): Current window maximized

2023-10-02 18:05:41 - [MESSAGE][PASSED] - Current window maximized

2023-10-02 18:05:41 - [TEST_STEP][PASSED] - navigateToUrl(RADurl): Navigate to 'https://demo.velocitypayment.com/client/rad/index.html' successfully

2023-10-02 18:05:42 - [MESSAGE][PASSED] - Navigate to 'https://demo.velocitypayment.com/client/rad/index.html' successfully

2023-10-02 18:05:42 - [TEST_STEP][PASSED] - selectOptionByLabel(findTestObject(orPath_Landing + "/dd_TaxType"), "Extension Payments", false): All options with label 'Extension Payments' are selected in object 'Object Repository/RAD_Pages/Landing_Page/dd_TaxType' 

2023-10-02 18:05:43 - [MESSAGE][PASSED] - All options with label 'Extension Payments' are selected in object 'Object Repository/RAD_Pages/Landing_Page/dd_TaxType' 

2023-10-02 18:05:43 - [TEST_STEP][PASSED] - selectOptionByLabel(findTestObject(orPath_TaxTypeFilingYear + "/select_PaymentType"), TaxType, false): All options with label 'PTE Tax Electing S Corp' are selected in object 'Object Repository/RAD_Pages/TaxTypeFilingYear_Page/select_PaymentType' 

2023-10-02 18:05:44 - [MESSAGE][PASSED] - All options with label 'PTE Tax Electing S Corp' are selected in object 'Object Repository/RAD_Pages/TaxTypeFilingYear_Page/select_PaymentType' 

2023-10-02 18:05:44 - [TEST_STEP][PASSED] - selectOptionByLabel(findTestObject(orPath_TaxTypeFilingYear + "/select_FilingYear"), FilingYear, false): All options with label '2022' are selected in object 'Object Repository/RAD_Pages/TaxTypeFilingYear_Page/select_FilingYear' 

2023-10-02 18:05:45 - [MESSAGE][PASSED] - All options with label '2022' are selected in object 'Object Repository/RAD_Pages/TaxTypeFilingYear_Page/select_FilingYear' 

2023-10-02 18:05:45 - [TEST_STEP][PASSED] - switch (TaxType): null

2023-10-02 18:05:45 - [TEST_STEP][PASSED] - rad.getSetDataRAD.setDataRADBusinessName(): rad.getSetDataRAD.setDataRADBusinessName is PASSED

2023-10-02 18:05:45 - [MESSAGE][PASSED] - Text 'My Company' is set on object 'Object Repository/RAD_Pages/Taxpayer_Page/input_businessName'

2023-10-02 18:05:45 - [MESSAGE][PASSED] - rad.getSetDataRAD.setDataRADBusinessName is PASSED

2023-10-02 18:05:45 - [TEST_STEP][PASSED] - rad.getSetDataRAD.setDataRADBusinessRep(): rad.getSetDataRAD.setDataRADBusinessRep is PASSED

2023-10-02 18:05:47 - [MESSAGE][PASSED] - Text 'BusRepFname' is set on object 'Object Repository/RAD_Pages/Taxpayer_Page/input_BusinessRepfirstName'

2023-10-02 18:05:48 - [MESSAGE][PASSED] - Text '' is set on object 'Object Repository/RAD_Pages/Taxpayer_Page/input_BusinessRepmiddleName'

2023-10-02 18:05:49 - [MESSAGE][PASSED] - Text 'BusRepLname' is set on object 'Object Repository/RAD_Pages/Taxpayer_Page/input_BusinessReplastName'

2023-10-02 18:05:50 - [MESSAGE][PASSED] - Text '' is set on object 'Object Repository/RAD_Pages/Taxpayer_Page/input_BusinessRepsuffix'

2023-10-02 18:05:50 - [MESSAGE][PASSED] - rad.getSetDataRAD.setDataRADBusinessRep is PASSED

2023-10-02 18:05:50 - [TEST_STEP][PASSED] - rad.getSetDataRAD.setDataRADAddress(): rad.getSetDataRAD.setDataRADAddress is PASSED

2023-10-02 18:05:50 - [MESSAGE][PASSED] - All options with label 'United States' are selected in object 'Object Repository/RAD_Pages/AddressAndContactInfo_Page/select_Country' 

2023-10-02 18:05:51 - [MESSAGE][PASSED] - Text '2508 Mandan Terrace' is set on object 'Object Repository/RAD_Pages/AddressAndContactInfo_Page/input_streetAddress1'

2023-10-02 18:05:52 - [MESSAGE][PASSED] - Text '' is set on object 'Object Repository/RAD_Pages/AddressAndContactInfo_Page/input_streetAddress2'

2023-10-02 18:05:53 - [MESSAGE][PASSED] - Text 'Gambrills' is set on object 'Object Repository/RAD_Pages/AddressAndContactInfo_Page/input_city'

2023-10-02 18:05:54 - [MESSAGE][PASSED] - All options with label 'Maryland' are selected in object 'Object Repository/RAD_Pages/AddressAndContactInfo_Page/select_State' 

2023-10-02 18:05:55 - [MESSAGE][PASSED] - Text '21054' is set on object 'Object Repository/RAD_Pages/AddressAndContactInfo_Page/input_zipCode'

2023-10-02 18:05:55 - [MESSAGE][PASSED] - Text '(703) 894-5000' is set on object 'Object Repository/RAD_Pages/AddressAndContactInfo_Page/input_phoneNumber'

2023-10-02 18:05:56 - [MESSAGE][PASSED] - Text 'iahmed@govolution.com' is set on object 'Object Repository/RAD_Pages/AddressAndContactInfo_Page/input_eMailAddress'

2023-10-02 18:05:57 - [MESSAGE][PASSED] - Text 'iahmed@govolution.com' is set on object 'Object Repository/RAD_Pages/AddressAndContactInfo_Page/input_reEnterEMailAddress'

2023-10-02 18:05:57 - [MESSAGE][PASSED] - rad.getSetDataRAD.setDataRADAddress is PASSED

2023-10-02 18:05:57 - [TEST_STEP][PASSED] - if (feinSSN.equalsIgnoreCase("Y")): rad.getSetDataRAD.setDataRADFEINSSN is PASSED

2023-10-02 18:05:57 - [TEST_STEP][PASSED] - rad.getSetDataRAD.setDataRADFEINSSN(): rad.getSetDataRAD.setDataRADFEINSSN is PASSED

2023-10-02 18:05:58 - [MESSAGE][PASSED] - Text ****** has been set on object 'Object Repository/RAD_Pages/TaxInfo_Page/input_TaxInformation_feinSsn'

2023-10-02 18:05:59 - [MESSAGE][PASSED] - Text ****** has been set on object 'Object Repository/RAD_Pages/TaxInfo_Page/input_TaxInformation_RefeinSsn'

2023-10-02 18:05:59 - [MESSAGE][PASSED] - rad.getSetDataRAD.setDataRADFEINSSN is PASSED

2023-10-02 18:05:59 - [TEST_STEP][PASSED] - setText(findTestObject(orPath_Amount + "/input__paymentAmount"), "100.00"): Text '100.00' is set on object 'Object Repository/RAD_Pages/PaymentAmount_Page/input__paymentAmount'

2023-10-02 18:05:59 - [MESSAGE][PASSED] - Text '100.00' is set on object 'Object Repository/RAD_Pages/PaymentAmount_Page/input__paymentAmount'

2023-10-02 18:05:59 - [TEST_STEP][PASSED] - setText(findTestObject(orPath_AddressContact + "/input_streetAddress2"), ""): Text '' is set on object 'Object Repository/RAD_Pages/AddressAndContactInfo_Page/input_streetAddress2'

2023-10-02 18:06:00 - [MESSAGE][PASSED] - Text '' is set on object 'Object Repository/RAD_Pages/AddressAndContactInfo_Page/input_streetAddress2'

2023-10-02 18:06:00 - [TEST_STEP][PASSED] - scrollToElement(findTestObject(orPath_Landing + "/button_Continue"), 3): Scroll to object 'Object Repository/RAD_Pages/Landing_Page/button_Continue' successfully

2023-10-02 18:06:01 - [MESSAGE][PASSED] - Scroll to object 'Object Repository/RAD_Pages/Landing_Page/button_Continue' successfully

2023-10-02 18:06:01 - [TEST_STEP][PASSED] - waitForElementClickable(findTestObject(orPath_Landing + "/button_Continue"), 5): Object 'Object Repository/RAD_Pages/Landing_Page/button_Continue' is clickable

2023-10-02 18:06:01 - [MESSAGE][PASSED] - Object 'Object Repository/RAD_Pages/Landing_Page/button_Continue' is clickable

2023-10-02 18:06:01 - [TEST_STEP][PASSED] - click(findTestObject(orPath_Landing + "/button_Continue")): Object: 'Object Repository/RAD_Pages/Landing_Page/button_Continue' is clicked on

2023-10-02 18:06:01 - [MESSAGE][PASSED] - Object: 'Object Repository/RAD_Pages/Landing_Page/button_Continue' is clicked on

2023-10-02 18:06:01 - [TEST_STEP][PASSED] - delay(2): Delayed 2 second(s)

2023-10-02 18:06:03 - [MESSAGE][PASSED] - Delayed 2 second(s)

2023-10-02 18:06:03 - [TEST_STEP][PASSED] - verifyTextPresent("Summary", true): Text 'Summary' is present on page  using regular expression

2023-10-02 18:06:04 - [MESSAGE][PASSED] - Text 'Summary' is present on page  using regular expression

2023-10-02 18:06:04 - [TEST_STEP][PASSED] - verifyTextPresent("Review the information below and make any necessary corrections by clicking the", true): Text 'Review the information below and make any necessary corrections by clicking the' is present on page  using regular expression

2023-10-02 18:06:04 - [MESSAGE][PASSED] - Text 'Review the information below and make any necessary corrections by clicking the' is present on page  using regular expression

2023-10-02 18:06:04 - [TEST_STEP][PASSED] - verifyTextPresent("When you are confident that all the information is correct, click the", true): Text 'When you are confident that all the information is correct, click the' is present on page  using regular expression

2023-10-02 18:06:05 - [MESSAGE][PASSED] - Text 'When you are confident that all the information is correct, click the' is present on page  using regular expression

2023-10-02 18:06:05 - [TEST_STEP][PASSED] - verifyTextPresent("Payment Type/Filing Year", true): Text 'Payment Type/Filing Year' is present on page  using regular expression

2023-10-02 18:06:05 - [MESSAGE][PASSED] - Text 'Payment Type/Filing Year' is present on page  using regular expression

2023-10-02 18:06:05 - [TEST_STEP][PASSED] - verifyTextPresent("Payment Type:", true): Text 'Payment Type:' is present on page  using regular expression

2023-10-02 18:06:05 - [MESSAGE][PASSED] - Text 'Payment Type:' is present on page  using regular expression

2023-10-02 18:06:05 - [TEST_STEP][PASSED] - verifyTextPresent("Extension Payments", true): Text 'Extension Payments' is present on page  using regular expression

2023-10-02 18:06:06 - [MESSAGE][PASSED] - Text 'Extension Payments' is present on page  using regular expression

2023-10-02 18:06:06 - [TEST_STEP][PASSED] - verifyTextPresent("Filing Year:", true): Text 'Filing Year:' is present on page  using regular expression

2023-10-02 18:06:06 - [MESSAGE][PASSED] - Text 'Filing Year:' is present on page  using regular expression

2023-10-02 18:06:06 - [TEST_STEP][PASSED] - verifyTextPresent(FilingYear, true): Text '2022' is present on page  using regular expression

2023-10-02 18:06:07 - [MESSAGE][PASSED] - Text '2022' is present on page  using regular expression

2023-10-02 18:06:07 - [TEST_STEP][PASSED] - switch (TaxType): null

2023-10-02 18:06:07 - [TEST_STEP][PASSED] - verifyTextPresent("Payer Information", true): Text 'Payer Information' is present on page  using regular expression

2023-10-02 18:06:07 - [MESSAGE][PASSED] - Text 'Payer Information' is present on page  using regular expression

2023-10-02 18:06:07 - [TEST_STEP][PASSED] - verifyTextPresent("Taxpayer Name:", true): Text 'Taxpayer Name:' is present on page  using regular expression

2023-10-02 18:06:07 - [MESSAGE][PASSED] - Text 'Taxpayer Name:' is present on page  using regular expression

2023-10-02 18:06:07 - [TEST_STEP][PASSED] - verifyTextPresent("My Company", true): Text 'My Company' is present on page  using regular expression

2023-10-02 18:06:08 - [MESSAGE][PASSED] - Text 'My Company' is present on page  using regular expression

2023-10-02 18:06:08 - [TEST_STEP][PASSED] - verifyTextPresent("Business Rep Name:", true): Text 'Business Rep Name:' is present on page  using regular expression

2023-10-02 18:06:08 - [MESSAGE][PASSED] - Text 'Business Rep Name:' is present on page  using regular expression

2023-10-02 18:06:08 - [TEST_STEP][PASSED] - verifyTextPresent("BusRepFname BusRepLname", true): Text 'BusRepFname BusRepLname' is present on page  using regular expression

2023-10-02 18:06:08 - [MESSAGE][PASSED] - Text 'BusRepFname BusRepLname' is present on page  using regular expression

2023-10-02 18:06:08 - [TEST_STEP][PASSED] - verifyTextPresent("Taxpayer Address:", true): Text 'Taxpayer Address:' is present on page  using regular expression

2023-10-02 18:06:09 - [MESSAGE][PASSED] - Text 'Taxpayer Address:' is present on page  using regular expression

2023-10-02 18:06:09 - [TEST_STEP][PASSED] - verifyTextPresent("2508 Mandan Terrace Gambrills Maryland 21054", true): Text '2508 Mandan Terrace Gambrills Maryland 21054' is present on page  using regular expression

2023-10-02 18:06:09 - [MESSAGE][PASSED] - Text '2508 Mandan Terrace Gambrills Maryland 21054' is present on page  using regular expression

2023-10-02 18:06:09 - [TEST_STEP][PASSED] - verifyTextPresent("Email:", true): Text 'Email:' is present on page  using regular expression

2023-10-02 18:06:10 - [MESSAGE][PASSED] - Text 'Email:' is present on page  using regular expression

2023-10-02 18:06:10 - [TEST_STEP][PASSED] - verifyTextPresent("iahmed@govolution.com", true): Text 'iahmed@govolution.com' is present on page  using regular expression

2023-10-02 18:06:10 - [MESSAGE][PASSED] - Text 'iahmed@govolution.com' is present on page  using regular expression

2023-10-02 18:06:10 - [TEST_STEP][PASSED] - verifyTextPresent("Phone:", true): Text 'Phone:' is present on page  using regular expression

2023-10-02 18:06:10 - [MESSAGE][PASSED] - Text 'Phone:' is present on page  using regular expression

2023-10-02 18:06:10 - [TEST_STEP][PASSED] - verifyTextPresent("(703) 894-5000", false): Text '(703) 894-5000' is present on page 

2023-10-02 18:06:11 - [MESSAGE][PASSED] - Text '(703) 894-5000' is present on page 

2023-10-02 18:06:11 - [TEST_STEP][PASSED] - verifyTextPresent("Tax Information", true): Text 'Tax Information' is present on page  using regular expression

2023-10-02 18:06:11 - [MESSAGE][PASSED] - Text 'Tax Information' is present on page  using regular expression

2023-10-02 18:06:11 - [TEST_STEP][PASSED] - if (feinSSN.equalsIgnoreCase("Y")): Text 'Federal EIN:' is not present on page using regular expression

2023-10-02 18:06:11 - [TEST_STEP][PASSED] - verifyTextPresent("FEIN/SSN:", true): Text 'FEIN/SSN:' is present on page  using regular expression

2023-10-02 18:06:11 - [MESSAGE][PASSED] - Text 'FEIN/SSN:' is present on page  using regular expression

2023-10-02 18:06:11 - [TEST_STEP][PASSED] - verifyTextNotPresent("Federal EIN:", true): Text 'Federal EIN:' is not present on page using regular expression

2023-10-02 18:06:12 - [MESSAGE][PASSED] - Text 'Federal EIN:' is not present on page using regular expression

2023-10-02 18:06:12 - [TEST_STEP][PASSED] - verifyTextPresent("Payment Amount:", true): Text 'Payment Amount:' is present on page  using regular expression

2023-10-02 18:06:12 - [MESSAGE][PASSED] - Text 'Payment Amount:' is present on page  using regular expression

2023-10-02 18:06:12 - [TEST_STEP][PASSED] - verifyTextPresent("100.00", true): Text '100.00' is present on page  using regular expression

2023-10-02 18:06:12 - [MESSAGE][PASSED] - Text '100.00' is present on page  using regular expression

2023-10-02 18:06:12 - [TEST_STEP][PASSED] - if (verifyElementVisible(findTestObject(orPath_Summary + "/button_Proceed to Payment"))): null

2023-10-02 18:06:13 - [MESSAGE][PASSED] - Object 'Object Repository/RAD_Pages/Summary_Page/button_Proceed to Payment' is visible

2023-10-02 18:06:13 - [TEST_STEP][PASSED] - resText = "Pass": null

2023-10-02 18:06:13 - [TEST_STEP][PASSED] - pages.WriteExcel.demoKey(resText, datText, resColumn, datCloumn, fileLoc, nameSheet, row): pages.WriteExcel.demoKey is PASSED

2023-10-02 18:06:13 - [MESSAGE][PASSED] - pages.WriteExcel.demoKey is PASSED

2023-10-02 18:06:13 - [TEST_STEP][PASSED] - click(findTestObject(orPath_Summary + "/button_Proceed to Payment")): Object: 'Object Repository/RAD_Pages/Summary_Page/button_Proceed to Payment' is clicked on

2023-10-02 18:06:14 - [MESSAGE][PASSED] - Object: 'Object Repository/RAD_Pages/Summary_Page/button_Proceed to Payment' is clicked on]]></system-out>
         <system-err><![CDATA[]]></system-err>
      </testcase>
      <testcase name="Test Cases/RAD_TestCases/Summary_TestCases/NewTaxReturn_Summary_TC" time="548.69" classname="Test Cases/RAD_TestCases/Summary_TestCases/NewTaxReturn_Summary_TC" status="PASSED">
         <system-out><![CDATA[2023-10-02 18:06:14 - [TEST_CASE][PASSED] - Test Cases/RAD_TestCases/Summary_TestCases/NewTaxReturn_Summary_TC: Test Cases/RAD_TestCases/Summary_TestCases/NewTaxReturn_Summary_TC

2023-10-02 18:06:14 - [TEST_STEP][PASSED] - resText = "Fail": null

2023-10-02 18:06:14 - [TEST_STEP][PASSED] - resColumn = "Result": null

2023-10-02 18:06:14 - [TEST_STEP][PASSED] - datCloumn = "Date": null

2023-10-02 18:06:14 - [TEST_STEP][PASSED] - fileLoc = "KatalonData/RADTestData/Summary.xlsx": null

2023-10-02 18:06:14 - [TEST_STEP][PASSED] - nameSheet = "NewTaxReturn": null

2023-10-02 18:06:14 - [TEST_STEP][PASSED] - dataFile = "RADTestData/Summary_NewTaxReturn": null

2023-10-02 18:06:14 - [TEST_STEP][PASSED] - orPath_Landing = "Object Repository/RAD_Pages/Landing_Page": null

2023-10-02 18:06:14 - [TEST_STEP][PASSED] - orPath_TaxTypeFilingYear = "Object Repository/RAD_Pages/TaxTypeFilingYear_Page": null

2023-10-02 18:06:14 - [TEST_STEP][PASSED] - orPath_Amount = "Object Repository/RAD_Pages/PaymentAmount_Page": null

2023-10-02 18:06:14 - [TEST_STEP][PASSED] - orPath_AddressContact = "Object Repository/RAD_Pages/AddressAndContactInfo_Page": null

2023-10-02 18:06:14 - [TEST_STEP][PASSED] - orPath_Summary = "Object Repository/RAD_Pages/Summary_Page": null

2023-10-02 18:06:14 - [TEST_STEP][PASSED] - orPath_PaymentConfirmation = "Object Repository/RAD_Pages/PaymentConfirmation_Page": null

2023-10-02 18:06:14 - [TEST_STEP][PASSED] - orPath_ServiceFeesAccept = "Object Repository/RAD_Pages/ServiceFeeAccept_Page": null

2023-10-02 18:06:14 - [TEST_STEP][PASSED] - orPath_PaymentEntry = "Object Repository/RAD_Pages/PaymentEntry_Page": null

2023-10-02 18:06:14 - [TEST_STEP][PASSED] - ExecuteTC = <not implemented yet for class: org.codehaus.groovy.ast.expr.EmptyExpression>: null

2023-10-02 18:06:14 - [TEST_STEP][PASSED] - TaxType = <not implemented yet for class: org.codehaus.groovy.ast.expr.EmptyExpression>: null

2023-10-02 18:06:14 - [TEST_STEP][PASSED] - PaymentType = <not implemented yet for class: org.codehaus.groovy.ast.expr.EmptyExpression>: null

2023-10-02 18:06:14 - [TEST_STEP][PASSED] - FilingYear = <not implemented yet for class: org.codehaus.groovy.ast.expr.EmptyExpression>: null

2023-10-02 18:06:14 - [TEST_STEP][PASSED] - PeriodEndingMonth = <not implemented yet for class: org.codehaus.groovy.ast.expr.EmptyExpression>: null

2023-10-02 18:06:14 - [TEST_STEP][PASSED] - feinSSN = <not implemented yet for class: org.codehaus.groovy.ast.expr.EmptyExpression>: null

2023-10-02 18:06:14 - [TEST_STEP][PASSED] - numOfRows = findTestData(dataFile).getRowNumbers(): null

2023-10-02 18:06:14 - [TEST_STEP][PASSED] - println("Number of Records: " + numOfRows): null

2023-10-02 18:06:14 - [TEST_STEP][PASSED] - for ([row = 1, row <= numOfRows, (row++)]): Object: 'Object Repository/RAD_Pages/Summary_Page/button_Proceed to Payment' is clicked on

2023-10-02 18:06:14 - [TEST_STEP][PASSED] - ExecuteTC = findTestData(dataFile).getValue("Execute", row): null

2023-10-02 18:06:14 - [TEST_STEP][PASSED] - TaxType = findTestData(dataFile).getValue("TaxType", row): null

2023-10-02 18:06:14 - [TEST_STEP][PASSED] - PaymentType = findTestData(dataFile).getValue("PaymentType", row): null

2023-10-02 18:06:15 - [TEST_STEP][PASSED] - FilingYear = findTestData(dataFile).getValue("Year", row): null

2023-10-02 18:06:15 - [TEST_STEP][PASSED] - feinSSN = findTestData(dataFile).getValue("FeinSsn", row): null

2023-10-02 18:06:15 - [TEST_STEP][PASSED] - if (ExecuteTC.equalsIgnoreCase("Y")): Object: 'Object Repository/RAD_Pages/Summary_Page/button_Proceed to Payment' is clicked on

2023-10-02 18:06:15 - [TEST_STEP][PASSED] - out.println("Begin Record Number: " + row): null

2023-10-02 18:06:15 - [TEST_STEP][PASSED] - today = new java.util.Date(): null

2023-10-02 18:06:15 - [TEST_STEP][PASSED] - println(today): null

2023-10-02 18:06:15 - [TEST_STEP][PASSED] - datText = today: null

2023-10-02 18:06:15 - [TEST_STEP][PASSED] - logInfo("Payment Type: New Tax Return Amount Due"): Payment Type: New Tax Return Amount Due

2023-10-02 18:06:15 - [MESSAGE][INFO] - Payment Type: New Tax Return Amount Due

2023-10-02 18:06:15 - [TEST_STEP][PASSED] - logInfo("Tax Type: " + TaxType): Tax Type: Fiduciary Tax

2023-10-02 18:06:15 - [MESSAGE][INFO] - Tax Type: Fiduciary Tax

2023-10-02 18:06:15 - [TEST_STEP][PASSED] - openBrowser(""): Browser is opened with url: ''

2023-10-02 18:06:15 - [MESSAGE][WARNING] - A browser is already opened. Closing browser and opening a new one

2023-10-02 18:06:16 - [MESSAGE][INFO] - Starting 'Chrome' driver

2023-10-02 18:06:16 - [MESSAGE][INFO] - User set preference: ['acceptInsecureCerts', 'true']

2023-10-02 18:06:16 - [MESSAGE][INFO] - Action delay is set to 0 milliseconds

2023-10-02 18:06:17 - [MESSAGE][PASSED] - Browser is opened with url: ''

2023-10-02 18:06:17 - [TEST_STEP][PASSED] - maximizeWindow(): Current window maximized

2023-10-02 18:06:17 - [MESSAGE][PASSED] - Current window maximized

2023-10-02 18:06:17 - [TEST_STEP][PASSED] - navigateToUrl(RADurl): Navigate to 'https://demo.velocitypayment.com/client/rad/index.html' successfully

2023-10-02 18:06:18 - [MESSAGE][PASSED] - Navigate to 'https://demo.velocitypayment.com/client/rad/index.html' successfully

2023-10-02 18:06:18 - [TEST_STEP][PASSED] - selectOptionByLabel(findTestObject(orPath_Landing + "/dd_TaxType"), "New Tax Return Amount Due", false): All options with label 'New Tax Return Amount Due' are selected in object 'Object Repository/RAD_Pages/Landing_Page/dd_TaxType' 

2023-10-02 18:06:19 - [MESSAGE][PASSED] - All options with label 'New Tax Return Amount Due' are selected in object 'Object Repository/RAD_Pages/Landing_Page/dd_TaxType' 

2023-10-02 18:06:19 - [TEST_STEP][PASSED] - selectOptionByLabel(findTestObject("Object Repository/RAD_Pages/Landing_Page/select_NewTaxReturnAmountDue_TaxType"), TaxType, false): All options with label 'Fiduciary Tax' are selected in object 'Object Repository/RAD_Pages/Landing_Page/select_NewTaxReturnAmountDue_TaxType' 

2023-10-02 18:06:20 - [MESSAGE][PASSED] - All options with label 'Fiduciary Tax' are selected in object 'Object Repository/RAD_Pages/Landing_Page/select_NewTaxReturnAmountDue_TaxType' 

2023-10-02 18:06:20 - [TEST_STEP][PASSED] - selectOptionByLabel(findTestObject(orPath_TaxTypeFilingYear + "/select_FilingYear"), FilingYear, false): All options with label '2022' are selected in object 'Object Repository/RAD_Pages/TaxTypeFilingYear_Page/select_FilingYear' 

2023-10-02 18:06:21 - [MESSAGE][PASSED] - All options with label '2022' are selected in object 'Object Repository/RAD_Pages/TaxTypeFilingYear_Page/select_FilingYear' 

2023-10-02 18:06:21 - [TEST_STEP][PASSED] - rad.getSetDataRAD.setDataRADBusinessName(): rad.getSetDataRAD.setDataRADBusinessName is PASSED

2023-10-02 18:06:22 - [MESSAGE][PASSED] - Text 'My Company' is set on object 'Object Repository/RAD_Pages/Taxpayer_Page/input_businessName'

2023-10-02 18:06:22 - [MESSAGE][PASSED] - rad.getSetDataRAD.setDataRADBusinessName is PASSED

2023-10-02 18:06:22 - [TEST_STEP][PASSED] - rad.getSetDataRAD.setDataRADBusinessRep(): rad.getSetDataRAD.setDataRADBusinessRep is PASSED

2023-10-02 18:06:23 - [MESSAGE][PASSED] - Text 'BusRepFname' is set on object 'Object Repository/RAD_Pages/Taxpayer_Page/input_BusinessRepfirstName'

2023-10-02 18:06:24 - [MESSAGE][PASSED] - Text '' is set on object 'Object Repository/RAD_Pages/Taxpayer_Page/input_BusinessRepmiddleName'

2023-10-02 18:06:25 - [MESSAGE][PASSED] - Text 'BusRepLname' is set on object 'Object Repository/RAD_Pages/Taxpayer_Page/input_BusinessReplastName'

2023-10-02 18:06:26 - [MESSAGE][PASSED] - Text '' is set on object 'Object Repository/RAD_Pages/Taxpayer_Page/input_BusinessRepsuffix'

2023-10-02 18:06:26 - [MESSAGE][PASSED] - rad.getSetDataRAD.setDataRADBusinessRep is PASSED

2023-10-02 18:06:26 - [TEST_STEP][PASSED] - rad.getSetDataRAD.setDataRADAddress(): rad.getSetDataRAD.setDataRADAddress is PASSED

2023-10-02 18:06:27 - [MESSAGE][PASSED] - All options with label 'United States' are selected in object 'Object Repository/RAD_Pages/AddressAndContactInfo_Page/select_Country' 

2023-10-02 18:06:27 - [MESSAGE][PASSED] - Text '2508 Mandan Terrace' is set on object 'Object Repository/RAD_Pages/AddressAndContactInfo_Page/input_streetAddress1'

2023-10-02 18:06:28 - [MESSAGE][PASSED] - Text '' is set on object 'Object Repository/RAD_Pages/AddressAndContactInfo_Page/input_streetAddress2'

2023-10-02 18:06:29 - [MESSAGE][PASSED] - Text 'Gambrills' is set on object 'Object Repository/RAD_Pages/AddressAndContactInfo_Page/input_city'

2023-10-02 18:06:30 - [MESSAGE][PASSED] - All options with label 'Maryland' are selected in object 'Object Repository/RAD_Pages/AddressAndContactInfo_Page/select_State' 

2023-10-02 18:06:31 - [MESSAGE][PASSED] - Text '21054' is set on object 'Object Repository/RAD_Pages/AddressAndContactInfo_Page/input_zipCode'

2023-10-02 18:06:32 - [MESSAGE][PASSED] - Text '(703) 894-5000' is set on object 'Object Repository/RAD_Pages/AddressAndContactInfo_Page/input_phoneNumber'

2023-10-02 18:06:33 - [MESSAGE][PASSED] - Text 'iahmed@govolution.com' is set on object 'Object Repository/RAD_Pages/AddressAndContactInfo_Page/input_eMailAddress'

2023-10-02 18:06:34 - [MESSAGE][PASSED] - Text 'iahmed@govolution.com' is set on object 'Object Repository/RAD_Pages/AddressAndContactInfo_Page/input_reEnterEMailAddress'

2023-10-02 18:06:34 - [MESSAGE][PASSED] - rad.getSetDataRAD.setDataRADAddress is PASSED

2023-10-02 18:06:34 - [TEST_STEP][PASSED] - if (feinSSN.equalsIgnoreCase("Y")): null

2023-10-02 18:06:34 - [TEST_STEP][PASSED] - else: rad.getSetDataRAD.setDataRADFEIN is PASSED

2023-10-02 18:06:34 - [TEST_STEP][PASSED] - rad.getSetDataRAD.setDataRADFEIN(): rad.getSetDataRAD.setDataRADFEIN is PASSED

2023-10-02 18:06:34 - [MESSAGE][PASSED] - Text ****** has been set on object 'Object Repository/RAD_Pages/TaxInfo_Page/input_FederalEIN'

2023-10-02 18:06:35 - [MESSAGE][PASSED] - Text ****** has been set on object 'Object Repository/RAD_Pages/TaxInfo_Page/input_FederalEIN_ReEnter'

2023-10-02 18:06:35 - [MESSAGE][PASSED] - rad.getSetDataRAD.setDataRADFEIN is PASSED

2023-10-02 18:06:35 - [TEST_STEP][PASSED] - setText(findTestObject(orPath_Amount + "/input__paymentAmount"), "100.00"): Text '100.00' is set on object 'Object Repository/RAD_Pages/PaymentAmount_Page/input__paymentAmount'

2023-10-02 18:06:36 - [MESSAGE][PASSED] - Text '100.00' is set on object 'Object Repository/RAD_Pages/PaymentAmount_Page/input__paymentAmount'

2023-10-02 18:06:36 - [TEST_STEP][PASSED] - setText(findTestObject(orPath_AddressContact + "/input_streetAddress2"), ""): Text '' is set on object 'Object Repository/RAD_Pages/AddressAndContactInfo_Page/input_streetAddress2'

2023-10-02 18:06:37 - [MESSAGE][PASSED] - Text '' is set on object 'Object Repository/RAD_Pages/AddressAndContactInfo_Page/input_streetAddress2'

2023-10-02 18:06:37 - [TEST_STEP][PASSED] - scrollToElement(findTestObject(orPath_Landing + "/button_Continue"), 3): Scroll to object 'Object Repository/RAD_Pages/Landing_Page/button_Continue' successfully

2023-10-02 18:06:37 - [MESSAGE][PASSED] - Scroll to object 'Object Repository/RAD_Pages/Landing_Page/button_Continue' successfully

2023-10-02 18:06:37 - [TEST_STEP][PASSED] - waitForElementClickable(findTestObject(orPath_Landing + "/button_Continue"), 5): Object 'Object Repository/RAD_Pages/Landing_Page/button_Continue' is clickable

2023-10-02 18:06:37 - [MESSAGE][PASSED] - Object 'Object Repository/RAD_Pages/Landing_Page/button_Continue' is clickable

2023-10-02 18:06:37 - [TEST_STEP][PASSED] - click(findTestObject(orPath_Landing + "/button_Continue")): Object: 'Object Repository/RAD_Pages/Landing_Page/button_Continue' is clicked on

2023-10-02 18:06:38 - [MESSAGE][PASSED] - Object: 'Object Repository/RAD_Pages/Landing_Page/button_Continue' is clicked on

2023-10-02 18:06:38 - [TEST_STEP][PASSED] - delay(2): Delayed 2 second(s)

2023-10-02 18:06:40 - [MESSAGE][PASSED] - Delayed 2 second(s)

2023-10-02 18:06:40 - [TEST_STEP][PASSED] - verifyTextPresent("Summary", true): Text 'Summary' is present on page  using regular expression

2023-10-02 18:06:40 - [MESSAGE][PASSED] - Text 'Summary' is present on page  using regular expression

2023-10-02 18:06:40 - [TEST_STEP][PASSED] - verifyTextPresent("Review the information below and make any necessary corrections by clicking the", true): Text 'Review the information below and make any necessary corrections by clicking the' is present on page  using regular expression

2023-10-02 18:06:41 - [MESSAGE][PASSED] - Text 'Review the information below and make any necessary corrections by clicking the' is present on page  using regular expression

2023-10-02 18:06:41 - [TEST_STEP][PASSED] - verifyTextPresent("When you are confident that all the information is correct, click the", true): Text 'When you are confident that all the information is correct, click the' is present on page  using regular expression

2023-10-02 18:06:41 - [MESSAGE][PASSED] - Text 'When you are confident that all the information is correct, click the' is present on page  using regular expression

2023-10-02 18:06:41 - [TEST_STEP][PASSED] - verifyTextPresent("Payment Type/Filing Year", true): Text 'Payment Type/Filing Year' is present on page  using regular expression

2023-10-02 18:06:41 - [MESSAGE][PASSED] - Text 'Payment Type/Filing Year' is present on page  using regular expression

2023-10-02 18:06:41 - [TEST_STEP][PASSED] - verifyTextPresent("Payment Type:", true): Text 'Payment Type:' is present on page  using regular expression

2023-10-02 18:06:42 - [MESSAGE][PASSED] - Text 'Payment Type:' is present on page  using regular expression

2023-10-02 18:06:42 - [TEST_STEP][PASSED] - verifyTextPresent("New Tax Return Amount Due", true): Text 'New Tax Return Amount Due' is present on page  using regular expression

2023-10-02 18:06:42 - [MESSAGE][PASSED] - Text 'New Tax Return Amount Due' is present on page  using regular expression

2023-10-02 18:06:42 - [TEST_STEP][PASSED] - verifyTextPresent("Filing Year:", true): Text 'Filing Year:' is present on page  using regular expression

2023-10-02 18:06:43 - [MESSAGE][PASSED] - Text 'Filing Year:' is present on page  using regular expression

2023-10-02 18:06:43 - [TEST_STEP][PASSED] - verifyTextPresent(FilingYear, true): Text '2022' is present on page  using regular expression

2023-10-02 18:06:43 - [MESSAGE][PASSED] - Text '2022' is present on page  using regular expression

2023-10-02 18:06:43 - [TEST_STEP][PASSED] - verifyTextPresent("Payer Information", true): Text 'Payer Information' is present on page  using regular expression

2023-10-02 18:06:43 - [MESSAGE][PASSED] - Text 'Payer Information' is present on page  using regular expression

2023-10-02 18:06:43 - [TEST_STEP][PASSED] - verifyTextPresent("Taxpayer Name:", true): Text 'Taxpayer Name:' is present on page  using regular expression

2023-10-02 18:06:44 - [MESSAGE][PASSED] - Text 'Taxpayer Name:' is present on page  using regular expression

2023-10-02 18:06:44 - [TEST_STEP][PASSED] - verifyTextPresent("My Company", true): Text 'My Company' is present on page  using regular expression

2023-10-02 18:06:44 - [MESSAGE][PASSED] - Text 'My Company' is present on page  using regular expression

2023-10-02 18:06:44 - [TEST_STEP][PASSED] - verifyTextPresent("Business Rep Name:", true): Text 'Business Rep Name:' is present on page  using regular expression

2023-10-02 18:06:44 - [MESSAGE][PASSED] - Text 'Business Rep Name:' is present on page  using regular expression

2023-10-02 18:06:44 - [TEST_STEP][PASSED] - verifyTextPresent("BusRepFname BusRepLname", true): Text 'BusRepFname BusRepLname' is present on page  using regular expression

2023-10-02 18:06:45 - [MESSAGE][PASSED] - Text 'BusRepFname BusRepLname' is present on page  using regular expression

2023-10-02 18:06:45 - [TEST_STEP][PASSED] - verifyTextPresent("Taxpayer Address:", true): Text 'Taxpayer Address:' is present on page  using regular expression

2023-10-02 18:06:45 - [MESSAGE][PASSED] - Text 'Taxpayer Address:' is present on page  using regular expression

2023-10-02 18:06:45 - [TEST_STEP][PASSED] - verifyTextPresent("2508 Mandan Terrace Gambrills Maryland 21054", true): Text '2508 Mandan Terrace Gambrills Maryland 21054' is present on page  using regular expression

2023-10-02 18:06:46 - [MESSAGE][PASSED] - Text '2508 Mandan Terrace Gambrills Maryland 21054' is present on page  using regular expression

2023-10-02 18:06:46 - [TEST_STEP][PASSED] - verifyTextPresent("Email:", true): Text 'Email:' is present on page  using regular expression

2023-10-02 18:06:46 - [MESSAGE][PASSED] - Text 'Email:' is present on page  using regular expression

2023-10-02 18:06:46 - [TEST_STEP][PASSED] - verifyTextPresent("iahmed@govolution.com", true): Text 'iahmed@govolution.com' is present on page  using regular expression

2023-10-02 18:06:46 - [MESSAGE][PASSED] - Text 'iahmed@govolution.com' is present on page  using regular expression

2023-10-02 18:06:46 - [TEST_STEP][PASSED] - verifyTextPresent("Phone:", true): Text 'Phone:' is present on page  using regular expression

2023-10-02 18:06:47 - [MESSAGE][PASSED] - Text 'Phone:' is present on page  using regular expression

2023-10-02 18:06:47 - [TEST_STEP][PASSED] - verifyTextPresent("(703) 894-5000", false): Text '(703) 894-5000' is present on page 

2023-10-02 18:06:47 - [MESSAGE][PASSED] - Text '(703) 894-5000' is present on page 

2023-10-02 18:06:47 - [TEST_STEP][PASSED] - verifyTextPresent("Tax Information", true): Text 'Tax Information' is present on page  using regular expression

2023-10-02 18:06:47 - [MESSAGE][PASSED] - Text 'Tax Information' is present on page  using regular expression

2023-10-02 18:06:47 - [TEST_STEP][PASSED] - if (feinSSN.equalsIgnoreCase("Y")): null

2023-10-02 18:06:47 - [TEST_STEP][PASSED] - else: Text 'FEIN/SSN:' is not present on page using regular expression

2023-10-02 18:06:47 - [TEST_STEP][PASSED] - verifyTextPresent("Federal EIN:", true): Text 'Federal EIN:' is present on page  using regular expression

2023-10-02 18:06:48 - [MESSAGE][PASSED] - Text 'Federal EIN:' is present on page  using regular expression

2023-10-02 18:06:48 - [TEST_STEP][PASSED] - verifyTextNotPresent("FEIN/SSN:", true): Text 'FEIN/SSN:' is not present on page using regular expression

2023-10-02 18:06:48 - [MESSAGE][PASSED] - Text 'FEIN/SSN:' is not present on page using regular expression

2023-10-02 18:06:48 - [TEST_STEP][PASSED] - verifyTextPresent("Payment Amount:", true): Text 'Payment Amount:' is present on page  using regular expression

2023-10-02 18:06:49 - [MESSAGE][PASSED] - Text 'Payment Amount:' is present on page  using regular expression

2023-10-02 18:06:49 - [TEST_STEP][PASSED] - verifyTextPresent("100.00", true): Text '100.00' is present on page  using regular expression

2023-10-02 18:06:49 - [MESSAGE][PASSED] - Text '100.00' is present on page  using regular expression

2023-10-02 18:06:49 - [TEST_STEP][PASSED] - if (verifyElementVisible(findTestObject(orPath_Summary + "/button_Proceed to Payment"))): null

2023-10-02 18:06:49 - [MESSAGE][PASSED] - Object 'Object Repository/RAD_Pages/Summary_Page/button_Proceed to Payment' is visible

2023-10-02 18:06:49 - [TEST_STEP][PASSED] - resText = "Pass": null

2023-10-02 18:06:49 - [TEST_STEP][PASSED] - pages.WriteExcel.demoKey(resText, datText, resColumn, datCloumn, fileLoc, nameSheet, row): pages.WriteExcel.demoKey is PASSED

2023-10-02 18:06:49 - [MESSAGE][PASSED] - pages.WriteExcel.demoKey is PASSED

2023-10-02 18:06:49 - [TEST_STEP][PASSED] - click(findTestObject(orPath_Summary + "/button_Proceed to Payment")): Object: 'Object Repository/RAD_Pages/Summary_Page/button_Proceed to Payment' is clicked on

2023-10-02 18:06:50 - [MESSAGE][PASSED] - Object: 'Object Repository/RAD_Pages/Summary_Page/button_Proceed to Payment' is clicked on

2023-10-02 18:06:50 - [TEST_STEP][PASSED] - ExecuteTC = findTestData(dataFile).getValue("Execute", row): null

2023-10-02 18:06:50 - [TEST_STEP][PASSED] - TaxType = findTestData(dataFile).getValue("TaxType", row): null

2023-10-02 18:06:50 - [TEST_STEP][PASSED] - PaymentType = findTestData(dataFile).getValue("PaymentType", row): null

2023-10-02 18:06:51 - [TEST_STEP][PASSED] - FilingYear = findTestData(dataFile).getValue("Year", row): null

2023-10-02 18:06:51 - [TEST_STEP][PASSED] - feinSSN = findTestData(dataFile).getValue("FeinSsn", row): null

2023-10-02 18:06:51 - [TEST_STEP][PASSED] - if (ExecuteTC.equalsIgnoreCase("Y")): Object: 'Object Repository/RAD_Pages/Summary_Page/button_Proceed to Payment' is clicked on

2023-10-02 18:06:51 - [TEST_STEP][PASSED] - out.println("Begin Record Number: " + row): null

2023-10-02 18:06:51 - [TEST_STEP][PASSED] - today = new java.util.Date(): null

2023-10-02 18:06:51 - [TEST_STEP][PASSED] - println(today): null

2023-10-02 18:06:51 - [TEST_STEP][PASSED] - datText = today: null

2023-10-02 18:06:51 - [TEST_STEP][PASSED] - logInfo("Payment Type: New Tax Return Amount Due"): Payment Type: New Tax Return Amount Due

2023-10-02 18:06:51 - [MESSAGE][INFO] - Payment Type: New Tax Return Amount Due

2023-10-02 18:06:51 - [TEST_STEP][PASSED] - logInfo("Tax Type: " + TaxType): Tax Type: PTE Non-Electing Non-S Corp

2023-10-02 18:06:51 - [MESSAGE][INFO] - Tax Type: PTE Non-Electing Non-S Corp

2023-10-02 18:06:51 - [TEST_STEP][PASSED] - openBrowser(""): Browser is opened with url: ''

2023-10-02 18:06:51 - [MESSAGE][WARNING] - A browser is already opened. Closing browser and opening a new one

2023-10-02 18:06:52 - [MESSAGE][INFO] - Starting 'Chrome' driver

2023-10-02 18:06:52 - [MESSAGE][INFO] - User set preference: ['acceptInsecureCerts', 'true']

2023-10-02 18:06:52 - [MESSAGE][INFO] - Action delay is set to 0 milliseconds

2023-10-02 18:06:53 - [MESSAGE][PASSED] - Browser is opened with url: ''

2023-10-02 18:06:53 - [TEST_STEP][PASSED] - maximizeWindow(): Current window maximized

2023-10-02 18:06:53 - [MESSAGE][PASSED] - Current window maximized

2023-10-02 18:06:53 - [TEST_STEP][PASSED] - navigateToUrl(RADurl): Navigate to 'https://demo.velocitypayment.com/client/rad/index.html' successfully

2023-10-02 18:06:54 - [MESSAGE][PASSED] - Navigate to 'https://demo.velocitypayment.com/client/rad/index.html' successfully

2023-10-02 18:06:54 - [TEST_STEP][PASSED] - selectOptionByLabel(findTestObject(orPath_Landing + "/dd_TaxType"), "New Tax Return Amount Due", false): All options with label 'New Tax Return Amount Due' are selected in object 'Object Repository/RAD_Pages/Landing_Page/dd_TaxType' 

2023-10-02 18:06:55 - [MESSAGE][PASSED] - All options with label 'New Tax Return Amount Due' are selected in object 'Object Repository/RAD_Pages/Landing_Page/dd_TaxType' 

2023-10-02 18:06:55 - [TEST_STEP][PASSED] - selectOptionByLabel(findTestObject("Object Repository/RAD_Pages/Landing_Page/select_NewTaxReturnAmountDue_TaxType"), TaxType, false): All options with label 'PTE Non-Electing Non-S Corp' are selected in object 'Object Repository/RAD_Pages/Landing_Page/select_NewTaxReturnAmountDue_TaxType' 

2023-10-02 18:06:56 - [MESSAGE][PASSED] - All options with label 'PTE Non-Electing Non-S Corp' are selected in object 'Object Repository/RAD_Pages/Landing_Page/select_NewTaxReturnAmountDue_TaxType' 

2023-10-02 18:06:56 - [TEST_STEP][PASSED] - selectOptionByLabel(findTestObject(orPath_TaxTypeFilingYear + "/select_FilingYear"), FilingYear, false): All options with label '2022' are selected in object 'Object Repository/RAD_Pages/TaxTypeFilingYear_Page/select_FilingYear' 

2023-10-02 18:06:57 - [MESSAGE][PASSED] - All options with label '2022' are selected in object 'Object Repository/RAD_Pages/TaxTypeFilingYear_Page/select_FilingYear' 

2023-10-02 18:06:57 - [TEST_STEP][PASSED] - rad.getSetDataRAD.setDataRADBusinessName(): rad.getSetDataRAD.setDataRADBusinessName is PASSED

2023-10-02 18:06:58 - [MESSAGE][PASSED] - Text 'My Company' is set on object 'Object Repository/RAD_Pages/Taxpayer_Page/input_businessName'

2023-10-02 18:06:58 - [MESSAGE][PASSED] - rad.getSetDataRAD.setDataRADBusinessName is PASSED

2023-10-02 18:06:58 - [TEST_STEP][PASSED] - rad.getSetDataRAD.setDataRADBusinessRep(): rad.getSetDataRAD.setDataRADBusinessRep is PASSED

2023-10-02 18:07:00 - [MESSAGE][PASSED] - Text 'BusRepFname' is set on object 'Object Repository/RAD_Pages/Taxpayer_Page/input_BusinessRepfirstName'

2023-10-02 18:07:00 - [MESSAGE][PASSED] - Text '' is set on object 'Object Repository/RAD_Pages/Taxpayer_Page/input_BusinessRepmiddleName'

2023-10-02 18:07:01 - [MESSAGE][PASSED] - Text 'BusRepLname' is set on object 'Object Repository/RAD_Pages/Taxpayer_Page/input_BusinessReplastName'

2023-10-02 18:07:02 - [MESSAGE][PASSED] - Text '' is set on object 'Object Repository/RAD_Pages/Taxpayer_Page/input_BusinessRepsuffix'

2023-10-02 18:07:02 - [MESSAGE][PASSED] - rad.getSetDataRAD.setDataRADBusinessRep is PASSED

2023-10-02 18:07:02 - [TEST_STEP][PASSED] - rad.getSetDataRAD.setDataRADAddress(): rad.getSetDataRAD.setDataRADAddress is PASSED

2023-10-02 18:07:03 - [MESSAGE][PASSED] - All options with label 'United States' are selected in object 'Object Repository/RAD_Pages/AddressAndContactInfo_Page/select_Country' 

2023-10-02 18:07:04 - [MESSAGE][PASSED] - Text '2508 Mandan Terrace' is set on object 'Object Repository/RAD_Pages/AddressAndContactInfo_Page/input_streetAddress1'

2023-10-02 18:07:04 - [MESSAGE][PASSED] - Text '' is set on object 'Object Repository/RAD_Pages/AddressAndContactInfo_Page/input_streetAddress2'

2023-10-02 18:07:05 - [MESSAGE][PASSED] - Text 'Gambrills' is set on object 'Object Repository/RAD_Pages/AddressAndContactInfo_Page/input_city'

2023-10-02 18:07:06 - [MESSAGE][PASSED] - All options with label 'Maryland' are selected in object 'Object Repository/RAD_Pages/AddressAndContactInfo_Page/select_State' 

2023-10-02 18:07:07 - [MESSAGE][PASSED] - Text '21054' is set on object 'Object Repository/RAD_Pages/AddressAndContactInfo_Page/input_zipCode'

2023-10-02 18:07:08 - [MESSAGE][PASSED] - Text '(703) 894-5000' is set on object 'Object Repository/RAD_Pages/AddressAndContactInfo_Page/input_phoneNumber'

2023-10-02 18:07:09 - [MESSAGE][PASSED] - Text 'iahmed@govolution.com' is set on object 'Object Repository/RAD_Pages/AddressAndContactInfo_Page/input_eMailAddress'

2023-10-02 18:07:10 - [MESSAGE][PASSED] - Text 'iahmed@govolution.com' is set on object 'Object Repository/RAD_Pages/AddressAndContactInfo_Page/input_reEnterEMailAddress'

2023-10-02 18:07:10 - [MESSAGE][PASSED] - rad.getSetDataRAD.setDataRADAddress is PASSED

2023-10-02 18:07:10 - [TEST_STEP][PASSED] - if (feinSSN.equalsIgnoreCase("Y")): rad.getSetDataRAD.setDataRADFEINSSN is PASSED

2023-10-02 18:07:10 - [TEST_STEP][PASSED] - rad.getSetDataRAD.setDataRADFEINSSN(): rad.getSetDataRAD.setDataRADFEINSSN is PASSED

2023-10-02 18:07:11 - [MESSAGE][PASSED] - Text ****** has been set on object 'Object Repository/RAD_Pages/TaxInfo_Page/input_TaxInformation_feinSsn'

2023-10-02 18:07:11 - [MESSAGE][PASSED] - Text ****** has been set on object 'Object Repository/RAD_Pages/TaxInfo_Page/input_TaxInformation_RefeinSsn'

2023-10-02 18:07:11 - [MESSAGE][PASSED] - rad.getSetDataRAD.setDataRADFEINSSN is PASSED

2023-10-02 18:07:11 - [TEST_STEP][PASSED] - setText(findTestObject(orPath_Amount + "/input__paymentAmount"), "100.00"): Text '100.00' is set on object 'Object Repository/RAD_Pages/PaymentAmount_Page/input__paymentAmount'

2023-10-02 18:07:12 - [MESSAGE][PASSED] - Text '100.00' is set on object 'Object Repository/RAD_Pages/PaymentAmount_Page/input__paymentAmount'

2023-10-02 18:07:12 - [TEST_STEP][PASSED] - setText(findTestObject(orPath_AddressContact + "/input_streetAddress2"), ""): Text '' is set on object 'Object Repository/RAD_Pages/AddressAndContactInfo_Page/input_streetAddress2'

2023-10-02 18:07:13 - [MESSAGE][PASSED] - Text '' is set on object 'Object Repository/RAD_Pages/AddressAndContactInfo_Page/input_streetAddress2'

2023-10-02 18:07:13 - [TEST_STEP][PASSED] - scrollToElement(findTestObject(orPath_Landing + "/button_Continue"), 3): Scroll to object 'Object Repository/RAD_Pages/Landing_Page/button_Continue' successfully

2023-10-02 18:07:13 - [MESSAGE][PASSED] - Scroll to object 'Object Repository/RAD_Pages/Landing_Page/button_Continue' successfully

2023-10-02 18:07:13 - [TEST_STEP][PASSED] - waitForElementClickable(findTestObject(orPath_Landing + "/button_Continue"), 5): Object 'Object Repository/RAD_Pages/Landing_Page/button_Continue' is clickable

2023-10-02 18:07:14 - [MESSAGE][PASSED] - Object 'Object Repository/RAD_Pages/Landing_Page/button_Continue' is clickable

2023-10-02 18:07:14 - [TEST_STEP][PASSED] - click(findTestObject(orPath_Landing + "/button_Continue")): Object: 'Object Repository/RAD_Pages/Landing_Page/button_Continue' is clicked on

2023-10-02 18:07:14 - [MESSAGE][PASSED] - Object: 'Object Repository/RAD_Pages/Landing_Page/button_Continue' is clicked on

2023-10-02 18:07:14 - [TEST_STEP][PASSED] - delay(2): Delayed 2 second(s)

2023-10-02 18:07:16 - [MESSAGE][PASSED] - Delayed 2 second(s)

2023-10-02 18:07:16 - [TEST_STEP][PASSED] - verifyTextPresent("Summary", true): Text 'Summary' is present on page  using regular expression

2023-10-02 18:07:17 - [MESSAGE][PASSED] - Text 'Summary' is present on page  using regular expression

2023-10-02 18:07:17 - [TEST_STEP][PASSED] - verifyTextPresent("Review the information below and make any necessary corrections by clicking the", true): Text 'Review the information below and make any necessary corrections by clicking the' is present on page  using regular expression

2023-10-02 18:07:17 - [MESSAGE][PASSED] - Text 'Review the information below and make any necessary corrections by clicking the' is present on page  using regular expression

2023-10-02 18:07:17 - [TEST_STEP][PASSED] - verifyTextPresent("When you are confident that all the information is correct, click the", true): Text 'When you are confident that all the information is correct, click the' is present on page  using regular expression

2023-10-02 18:07:17 - [MESSAGE][PASSED] - Text 'When you are confident that all the information is correct, click the' is present on page  using regular expression

2023-10-02 18:07:17 - [TEST_STEP][PASSED] - verifyTextPresent("Payment Type/Filing Year", true): Text 'Payment Type/Filing Year' is present on page  using regular expression

2023-10-02 18:07:18 - [MESSAGE][PASSED] - Text 'Payment Type/Filing Year' is present on page  using regular expression

2023-10-02 18:07:18 - [TEST_STEP][PASSED] - verifyTextPresent("Payment Type:", true): Text 'Payment Type:' is present on page  using regular expression

2023-10-02 18:07:18 - [MESSAGE][PASSED] - Text 'Payment Type:' is present on page  using regular expression

2023-10-02 18:07:18 - [TEST_STEP][PASSED] - verifyTextPresent("New Tax Return Amount Due", true): Text 'New Tax Return Amount Due' is present on page  using regular expression

2023-10-02 18:07:19 - [MESSAGE][PASSED] - Text 'New Tax Return Amount Due' is present on page  using regular expression

2023-10-02 18:07:19 - [TEST_STEP][PASSED] - verifyTextPresent("Filing Year:", true): Text 'Filing Year:' is present on page  using regular expression

2023-10-02 18:07:19 - [MESSAGE][PASSED] - Text 'Filing Year:' is present on page  using regular expression

2023-10-02 18:07:19 - [TEST_STEP][PASSED] - verifyTextPresent(FilingYear, true): Text '2022' is present on page  using regular expression

2023-10-02 18:07:19 - [MESSAGE][PASSED] - Text '2022' is present on page  using regular expression

2023-10-02 18:07:19 - [TEST_STEP][PASSED] - verifyTextPresent("Payer Information", true): Text 'Payer Information' is present on page  using regular expression

2023-10-02 18:07:20 - [MESSAGE][PASSED] - Text 'Payer Information' is present on page  using regular expression

2023-10-02 18:07:20 - [TEST_STEP][PASSED] - verifyTextPresent("Taxpayer Name:", true): Text 'Taxpayer Name:' is present on page  using regular expression

2023-10-02 18:07:20 - [MESSAGE][PASSED] - Text 'Taxpayer Name:' is present on page  using regular expression

2023-10-02 18:07:20 - [TEST_STEP][PASSED] - verifyTextPresent("My Company", true): Text 'My Company' is present on page  using regular expression

2023-10-02 18:07:20 - [MESSAGE][PASSED] - Text 'My Company' is present on page  using regular expression

2023-10-02 18:07:20 - [TEST_STEP][PASSED] - verifyTextPresent("Business Rep Name:", true): Text 'Business Rep Name:' is present on page  using regular expression

2023-10-02 18:07:21 - [MESSAGE][PASSED] - Text 'Business Rep Name:' is present on page  using regular expression

2023-10-02 18:07:21 - [TEST_STEP][PASSED] - verifyTextPresent("BusRepFname BusRepLname", true): Text 'BusRepFname BusRepLname' is present on page  using regular expression

2023-10-02 18:07:21 - [MESSAGE][PASSED] - Text 'BusRepFname BusRepLname' is present on page  using regular expression

2023-10-02 18:07:21 - [TEST_STEP][PASSED] - verifyTextPresent("Taxpayer Address:", true): Text 'Taxpayer Address:' is present on page  using regular expression

2023-10-02 18:07:21 - [MESSAGE][PASSED] - Text 'Taxpayer Address:' is present on page  using regular expression

2023-10-02 18:07:21 - [TEST_STEP][PASSED] - verifyTextPresent("2508 Mandan Terrace Gambrills Maryland 21054", true): Text '2508 Mandan Terrace Gambrills Maryland 21054' is present on page  using regular expression

2023-10-02 18:07:22 - [MESSAGE][PASSED] - Text '2508 Mandan Terrace Gambrills Maryland 21054' is present on page  using regular expression

2023-10-02 18:07:22 - [TEST_STEP][PASSED] - verifyTextPresent("Email:", true): Text 'Email:' is present on page  using regular expression

2023-10-02 18:07:22 - [MESSAGE][PASSED] - Text 'Email:' is present on page  using regular expression

2023-10-02 18:07:22 - [TEST_STEP][PASSED] - verifyTextPresent("iahmed@govolution.com", true): Text 'iahmed@govolution.com' is present on page  using regular expression

2023-10-02 18:07:23 - [MESSAGE][PASSED] - Text 'iahmed@govolution.com' is present on page  using regular expression

2023-10-02 18:07:23 - [TEST_STEP][PASSED] - verifyTextPresent("Phone:", true): Text 'Phone:' is present on page  using regular expression

2023-10-02 18:07:23 - [MESSAGE][PASSED] - Text 'Phone:' is present on page  using regular expression

2023-10-02 18:07:23 - [TEST_STEP][PASSED] - verifyTextPresent("(703) 894-5000", false): Text '(703) 894-5000' is present on page 

2023-10-02 18:07:23 - [MESSAGE][PASSED] - Text '(703) 894-5000' is present on page 

2023-10-02 18:07:23 - [TEST_STEP][PASSED] - verifyTextPresent("Tax Information", true): Text 'Tax Information' is present on page  using regular expression

2023-10-02 18:07:24 - [MESSAGE][PASSED] - Text 'Tax Information' is present on page  using regular expression

2023-10-02 18:07:24 - [TEST_STEP][PASSED] - if (feinSSN.equalsIgnoreCase("Y")): Text 'Federal EIN:' is not present on page using regular expression

2023-10-02 18:07:24 - [TEST_STEP][PASSED] - verifyTextPresent("FEIN/SSN:", true): Text 'FEIN/SSN:' is present on page  using regular expression

2023-10-02 18:07:24 - [MESSAGE][PASSED] - Text 'FEIN/SSN:' is present on page  using regular expression

2023-10-02 18:07:24 - [TEST_STEP][PASSED] - verifyTextNotPresent("Federal EIN:", true): Text 'Federal EIN:' is not present on page using regular expression

2023-10-02 18:07:25 - [MESSAGE][PASSED] - Text 'Federal EIN:' is not present on page using regular expression

2023-10-02 18:07:25 - [TEST_STEP][PASSED] - verifyTextPresent("Payment Amount:", true): Text 'Payment Amount:' is present on page  using regular expression

2023-10-02 18:07:25 - [MESSAGE][PASSED] - Text 'Payment Amount:' is present on page  using regular expression

2023-10-02 18:07:25 - [TEST_STEP][PASSED] - verifyTextPresent("100.00", true): Text '100.00' is present on page  using regular expression

2023-10-02 18:07:25 - [MESSAGE][PASSED] - Text '100.00' is present on page  using regular expression

2023-10-02 18:07:25 - [TEST_STEP][PASSED] - if (verifyElementVisible(findTestObject(orPath_Summary + "/button_Proceed to Payment"))): null

2023-10-02 18:07:26 - [MESSAGE][PASSED] - Object 'Object Repository/RAD_Pages/Summary_Page/button_Proceed to Payment' is visible

2023-10-02 18:07:26 - [TEST_STEP][PASSED] - resText = "Pass": null

2023-10-02 18:07:26 - [TEST_STEP][PASSED] - pages.WriteExcel.demoKey(resText, datText, resColumn, datCloumn, fileLoc, nameSheet, row): pages.WriteExcel.demoKey is PASSED

2023-10-02 18:07:26 - [MESSAGE][PASSED] - pages.WriteExcel.demoKey is PASSED

2023-10-02 18:07:26 - [TEST_STEP][PASSED] - click(findTestObject(orPath_Summary + "/button_Proceed to Payment")): Object: 'Object Repository/RAD_Pages/Summary_Page/button_Proceed to Payment' is clicked on

2023-10-02 18:07:27 - [MESSAGE][PASSED] - Object: 'Object Repository/RAD_Pages/Summary_Page/button_Proceed to Payment' is clicked on

2023-10-02 18:07:27 - [TEST_STEP][PASSED] - ExecuteTC = findTestData(dataFile).getValue("Execute", row): null

2023-10-02 18:07:27 - [TEST_STEP][PASSED] - TaxType = findTestData(dataFile).getValue("TaxType", row): null

2023-10-02 18:07:27 - [TEST_STEP][PASSED] - PaymentType = findTestData(dataFile).getValue("PaymentType", row): null

2023-10-02 18:07:27 - [TEST_STEP][PASSED] - FilingYear = findTestData(dataFile).getValue("Year", row): null

2023-10-02 18:07:27 - [TEST_STEP][PASSED] - feinSSN = findTestData(dataFile).getValue("FeinSsn", row): null

2023-10-02 18:07:27 - [TEST_STEP][PASSED] - if (ExecuteTC.equalsIgnoreCase("Y")): Object: 'Object Repository/RAD_Pages/Summary_Page/button_Proceed to Payment' is clicked on

2023-10-02 18:07:27 - [TEST_STEP][PASSED] - out.println("Begin Record Number: " + row): null

2023-10-02 18:07:27 - [TEST_STEP][PASSED] - today = new java.util.Date(): null

2023-10-02 18:07:27 - [TEST_STEP][PASSED] - println(today): null

2023-10-02 18:07:27 - [TEST_STEP][PASSED] - datText = today: null

2023-10-02 18:07:27 - [TEST_STEP][PASSED] - logInfo("Payment Type: New Tax Return Amount Due"): Payment Type: New Tax Return Amount Due

2023-10-02 18:07:27 - [MESSAGE][INFO] - Payment Type: New Tax Return Amount Due

2023-10-02 18:07:27 - [TEST_STEP][PASSED] - logInfo("Tax Type: " + TaxType): Tax Type: PTE Non-Electing S Corp

2023-10-02 18:07:27 - [MESSAGE][INFO] - Tax Type: PTE Non-Electing S Corp

2023-10-02 18:07:27 - [TEST_STEP][PASSED] - openBrowser(""): Browser is opened with url: ''

2023-10-02 18:07:27 - [MESSAGE][WARNING] - A browser is already opened. Closing browser and opening a new one

2023-10-02 18:07:28 - [MESSAGE][INFO] - Starting 'Chrome' driver

2023-10-02 18:07:28 - [MESSAGE][INFO] - User set preference: ['acceptInsecureCerts', 'true']

2023-10-02 18:07:28 - [MESSAGE][INFO] - Action delay is set to 0 milliseconds

2023-10-02 18:07:29 - [MESSAGE][PASSED] - Browser is opened with url: ''

2023-10-02 18:07:29 - [TEST_STEP][PASSED] - maximizeWindow(): Current window maximized

2023-10-02 18:07:29 - [MESSAGE][PASSED] - Current window maximized

2023-10-02 18:07:29 - [TEST_STEP][PASSED] - navigateToUrl(RADurl): Navigate to 'https://demo.velocitypayment.com/client/rad/index.html' successfully

2023-10-02 18:07:31 - [MESSAGE][PASSED] - Navigate to 'https://demo.velocitypayment.com/client/rad/index.html' successfully

2023-10-02 18:07:31 - [TEST_STEP][PASSED] - selectOptionByLabel(findTestObject(orPath_Landing + "/dd_TaxType"), "New Tax Return Amount Due", false): All options with label 'New Tax Return Amount Due' are selected in object 'Object Repository/RAD_Pages/Landing_Page/dd_TaxType' 

2023-10-02 18:07:32 - [MESSAGE][PASSED] - All options with label 'New Tax Return Amount Due' are selected in object 'Object Repository/RAD_Pages/Landing_Page/dd_TaxType' 

2023-10-02 18:07:32 - [TEST_STEP][PASSED] - selectOptionByLabel(findTestObject("Object Repository/RAD_Pages/Landing_Page/select_NewTaxReturnAmountDue_TaxType"), TaxType, false): All options with label 'PTE Non-Electing S Corp' are selected in object 'Object Repository/RAD_Pages/Landing_Page/select_NewTaxReturnAmountDue_TaxType' 

2023-10-02 18:07:32 - [MESSAGE][PASSED] - All options with label 'PTE Non-Electing S Corp' are selected in object 'Object Repository/RAD_Pages/Landing_Page/select_NewTaxReturnAmountDue_TaxType' 

2023-10-02 18:07:32 - [TEST_STEP][PASSED] - selectOptionByLabel(findTestObject(orPath_TaxTypeFilingYear + "/select_FilingYear"), FilingYear, false): All options with label '2022' are selected in object 'Object Repository/RAD_Pages/TaxTypeFilingYear_Page/select_FilingYear' 

2023-10-02 18:07:33 - [MESSAGE][PASSED] - All options with label '2022' are selected in object 'Object Repository/RAD_Pages/TaxTypeFilingYear_Page/select_FilingYear' 

2023-10-02 18:07:33 - [TEST_STEP][PASSED] - rad.getSetDataRAD.setDataRADBusinessName(): rad.getSetDataRAD.setDataRADBusinessName is PASSED

2023-10-02 18:07:34 - [MESSAGE][PASSED] - Text 'My Company' is set on object 'Object Repository/RAD_Pages/Taxpayer_Page/input_businessName'

2023-10-02 18:07:34 - [MESSAGE][PASSED] - rad.getSetDataRAD.setDataRADBusinessName is PASSED

2023-10-02 18:07:34 - [TEST_STEP][PASSED] - rad.getSetDataRAD.setDataRADBusinessRep(): rad.getSetDataRAD.setDataRADBusinessRep is PASSED

2023-10-02 18:07:36 - [MESSAGE][PASSED] - Text 'BusRepFname' is set on object 'Object Repository/RAD_Pages/Taxpayer_Page/input_BusinessRepfirstName'

2023-10-02 18:07:37 - [MESSAGE][PASSED] - Text '' is set on object 'Object Repository/RAD_Pages/Taxpayer_Page/input_BusinessRepmiddleName'

2023-10-02 18:07:38 - [MESSAGE][PASSED] - Text 'BusRepLname' is set on object 'Object Repository/RAD_Pages/Taxpayer_Page/input_BusinessReplastName'

2023-10-02 18:07:39 - [MESSAGE][PASSED] - Text '' is set on object 'Object Repository/RAD_Pages/Taxpayer_Page/input_BusinessRepsuffix'

2023-10-02 18:07:39 - [MESSAGE][PASSED] - rad.getSetDataRAD.setDataRADBusinessRep is PASSED

2023-10-02 18:07:39 - [TEST_STEP][PASSED] - rad.getSetDataRAD.setDataRADAddress(): rad.getSetDataRAD.setDataRADAddress is PASSED

2023-10-02 18:07:39 - [MESSAGE][PASSED] - All options with label 'United States' are selected in object 'Object Repository/RAD_Pages/AddressAndContactInfo_Page/select_Country' 

2023-10-02 18:07:40 - [MESSAGE][PASSED] - Text '2508 Mandan Terrace' is set on object 'Object Repository/RAD_Pages/AddressAndContactInfo_Page/input_streetAddress1'

2023-10-02 18:07:41 - [MESSAGE][PASSED] - Text '' is set on object 'Object Repository/RAD_Pages/AddressAndContactInfo_Page/input_streetAddress2'

2023-10-02 18:07:42 - [MESSAGE][PASSED] - Text 'Gambrills' is set on object 'Object Repository/RAD_Pages/AddressAndContactInfo_Page/input_city'

2023-10-02 18:07:43 - [MESSAGE][PASSED] - All options with label 'Maryland' are selected in object 'Object Repository/RAD_Pages/AddressAndContactInfo_Page/select_State' 

2023-10-02 18:07:43 - [MESSAGE][PASSED] - Text '21054' is set on object 'Object Repository/RAD_Pages/AddressAndContactInfo_Page/input_zipCode'

2023-10-02 18:07:44 - [MESSAGE][PASSED] - Text '(703) 894-5000' is set on object 'Object Repository/RAD_Pages/AddressAndContactInfo_Page/input_phoneNumber'

2023-10-02 18:07:45 - [MESSAGE][PASSED] - Text 'iahmed@govolution.com' is set on object 'Object Repository/RAD_Pages/AddressAndContactInfo_Page/input_eMailAddress'

2023-10-02 18:07:46 - [MESSAGE][PASSED] - Text 'iahmed@govolution.com' is set on object 'Object Repository/RAD_Pages/AddressAndContactInfo_Page/input_reEnterEMailAddress'

2023-10-02 18:07:46 - [MESSAGE][PASSED] - rad.getSetDataRAD.setDataRADAddress is PASSED

2023-10-02 18:07:46 - [TEST_STEP][PASSED] - if (feinSSN.equalsIgnoreCase("Y")): rad.getSetDataRAD.setDataRADFEINSSN is PASSED

2023-10-02 18:07:46 - [TEST_STEP][PASSED] - rad.getSetDataRAD.setDataRADFEINSSN(): rad.getSetDataRAD.setDataRADFEINSSN is PASSED

2023-10-02 18:07:47 - [MESSAGE][PASSED] - Text ****** has been set on object 'Object Repository/RAD_Pages/TaxInfo_Page/input_TaxInformation_feinSsn'

2023-10-02 18:07:48 - [MESSAGE][PASSED] - Text ****** has been set on object 'Object Repository/RAD_Pages/TaxInfo_Page/input_TaxInformation_RefeinSsn'

2023-10-02 18:07:48 - [MESSAGE][PASSED] - rad.getSetDataRAD.setDataRADFEINSSN is PASSED

2023-10-02 18:07:48 - [TEST_STEP][PASSED] - setText(findTestObject(orPath_Amount + "/input__paymentAmount"), "100.00"): Text '100.00' is set on object 'Object Repository/RAD_Pages/PaymentAmount_Page/input__paymentAmount'

2023-10-02 18:07:49 - [MESSAGE][PASSED] - Text '100.00' is set on object 'Object Repository/RAD_Pages/PaymentAmount_Page/input__paymentAmount'

2023-10-02 18:07:49 - [TEST_STEP][PASSED] - setText(findTestObject(orPath_AddressContact + "/input_streetAddress2"), ""): Text '' is set on object 'Object Repository/RAD_Pages/AddressAndContactInfo_Page/input_streetAddress2'

2023-10-02 18:07:49 - [MESSAGE][PASSED] - Text '' is set on object 'Object Repository/RAD_Pages/AddressAndContactInfo_Page/input_streetAddress2'

2023-10-02 18:07:49 - [TEST_STEP][PASSED] - scrollToElement(findTestObject(orPath_Landing + "/button_Continue"), 3): Scroll to object 'Object Repository/RAD_Pages/Landing_Page/button_Continue' successfully

2023-10-02 18:07:50 - [MESSAGE][PASSED] - Scroll to object 'Object Repository/RAD_Pages/Landing_Page/button_Continue' successfully

2023-10-02 18:07:50 - [TEST_STEP][PASSED] - waitForElementClickable(findTestObject(orPath_Landing + "/button_Continue"), 5): Object 'Object Repository/RAD_Pages/Landing_Page/button_Continue' is clickable

2023-10-02 18:07:50 - [MESSAGE][PASSED] - Object 'Object Repository/RAD_Pages/Landing_Page/button_Continue' is clickable

2023-10-02 18:07:50 - [TEST_STEP][PASSED] - click(findTestObject(orPath_Landing + "/button_Continue")): Object: 'Object Repository/RAD_Pages/Landing_Page/button_Continue' is clicked on

2023-10-02 18:07:51 - [MESSAGE][PASSED] - Object: 'Object Repository/RAD_Pages/Landing_Page/button_Continue' is clicked on

2023-10-02 18:07:51 - [TEST_STEP][PASSED] - delay(2): Delayed 2 second(s)

2023-10-02 18:07:53 - [MESSAGE][PASSED] - Delayed 2 second(s)

2023-10-02 18:07:53 - [TEST_STEP][PASSED] - verifyTextPresent("Summary", true): Text 'Summary' is present on page  using regular expression

2023-10-02 18:07:53 - [MESSAGE][PASSED] - Text 'Summary' is present on page  using regular expression

2023-10-02 18:07:53 - [TEST_STEP][PASSED] - verifyTextPresent("Review the information below and make any necessary corrections by clicking the", true): Text 'Review the information below and make any necessary corrections by clicking the' is present on page  using regular expression

2023-10-02 18:07:53 - [MESSAGE][PASSED] - Text 'Review the information below and make any necessary corrections by clicking the' is present on page  using regular expression

2023-10-02 18:07:53 - [TEST_STEP][PASSED] - verifyTextPresent("When you are confident that all the information is correct, click the", true): Text 'When you are confident that all the information is correct, click the' is present on page  using regular expression

2023-10-02 18:07:54 - [MESSAGE][PASSED] - Text 'When you are confident that all the information is correct, click the' is present on page  using regular expression

2023-10-02 18:07:54 - [TEST_STEP][PASSED] - verifyTextPresent("Payment Type/Filing Year", true): Text 'Payment Type/Filing Year' is present on page  using regular expression

2023-10-02 18:07:54 - [MESSAGE][PASSED] - Text 'Payment Type/Filing Year' is present on page  using regular expression

2023-10-02 18:07:54 - [TEST_STEP][PASSED] - verifyTextPresent("Payment Type:", true): Text 'Payment Type:' is present on page  using regular expression

2023-10-02 18:07:55 - [MESSAGE][PASSED] - Text 'Payment Type:' is present on page  using regular expression

2023-10-02 18:07:55 - [TEST_STEP][PASSED] - verifyTextPresent("New Tax Return Amount Due", true): Text 'New Tax Return Amount Due' is present on page  using regular expression

2023-10-02 18:07:55 - [MESSAGE][PASSED] - Text 'New Tax Return Amount Due' is present on page  using regular expression

2023-10-02 18:07:55 - [TEST_STEP][PASSED] - verifyTextPresent("Filing Year:", true): Text 'Filing Year:' is present on page  using regular expression

2023-10-02 18:07:55 - [MESSAGE][PASSED] - Text 'Filing Year:' is present on page  using regular expression

2023-10-02 18:07:55 - [TEST_STEP][PASSED] - verifyTextPresent(FilingYear, true): Text '2022' is present on page  using regular expression

2023-10-02 18:07:56 - [MESSAGE][PASSED] - Text '2022' is present on page  using regular expression

2023-10-02 18:07:56 - [TEST_STEP][PASSED] - verifyTextPresent("Payer Information", true): Text 'Payer Information' is present on page  using regular expression

2023-10-02 18:07:56 - [MESSAGE][PASSED] - Text 'Payer Information' is present on page  using regular expression

2023-10-02 18:07:56 - [TEST_STEP][PASSED] - verifyTextPresent("Taxpayer Name:", true): Text 'Taxpayer Name:' is present on page  using regular expression

2023-10-02 18:07:56 - [MESSAGE][PASSED] - Text 'Taxpayer Name:' is present on page  using regular expression

2023-10-02 18:07:56 - [TEST_STEP][PASSED] - verifyTextPresent("My Company", true): Text 'My Company' is present on page  using regular expression

2023-10-02 18:07:57 - [MESSAGE][PASSED] - Text 'My Company' is present on page  using regular expression

2023-10-02 18:07:57 - [TEST_STEP][PASSED] - verifyTextPresent("Business Rep Name:", true): Text 'Business Rep Name:' is present on page  using regular expression

2023-10-02 18:07:57 - [MESSAGE][PASSED] - Text 'Business Rep Name:' is present on page  using regular expression

2023-10-02 18:07:57 - [TEST_STEP][PASSED] - verifyTextPresent("BusRepFname BusRepLname", true): Text 'BusRepFname BusRepLname' is present on page  using regular expression

2023-10-02 18:07:58 - [MESSAGE][PASSED] - Text 'BusRepFname BusRepLname' is present on page  using regular expression

2023-10-02 18:07:58 - [TEST_STEP][PASSED] - verifyTextPresent("Taxpayer Address:", true): Text 'Taxpayer Address:' is present on page  using regular expression

2023-10-02 18:07:58 - [MESSAGE][PASSED] - Text 'Taxpayer Address:' is present on page  using regular expression

2023-10-02 18:07:58 - [TEST_STEP][PASSED] - verifyTextPresent("2508 Mandan Terrace Gambrills Maryland 21054", true): Text '2508 Mandan Terrace Gambrills Maryland 21054' is present on page  using regular expression

2023-10-02 18:07:58 - [MESSAGE][PASSED] - Text '2508 Mandan Terrace Gambrills Maryland 21054' is present on page  using regular expression

2023-10-02 18:07:58 - [TEST_STEP][PASSED] - verifyTextPresent("Email:", true): Text 'Email:' is present on page  using regular expression

2023-10-02 18:07:59 - [MESSAGE][PASSED] - Text 'Email:' is present on page  using regular expression

2023-10-02 18:07:59 - [TEST_STEP][PASSED] - verifyTextPresent("iahmed@govolution.com", true): Text 'iahmed@govolution.com' is present on page  using regular expression

2023-10-02 18:07:59 - [MESSAGE][PASSED] - Text 'iahmed@govolution.com' is present on page  using regular expression

2023-10-02 18:07:59 - [TEST_STEP][PASSED] - verifyTextPresent("Phone:", true): Text 'Phone:' is present on page  using regular expression

2023-10-02 18:07:59 - [MESSAGE][PASSED] - Text 'Phone:' is present on page  using regular expression

2023-10-02 18:07:59 - [TEST_STEP][PASSED] - verifyTextPresent("(703) 894-5000", false): Text '(703) 894-5000' is present on page 

2023-10-02 18:08:00 - [MESSAGE][PASSED] - Text '(703) 894-5000' is present on page 

2023-10-02 18:08:00 - [TEST_STEP][PASSED] - verifyTextPresent("Tax Information", true): Text 'Tax Information' is present on page  using regular expression

2023-10-02 18:08:00 - [MESSAGE][PASSED] - Text 'Tax Information' is present on page  using regular expression

2023-10-02 18:08:00 - [TEST_STEP][PASSED] - if (feinSSN.equalsIgnoreCase("Y")): Text 'Federal EIN:' is not present on page using regular expression

2023-10-02 18:08:00 - [TEST_STEP][PASSED] - verifyTextPresent("FEIN/SSN:", true): Text 'FEIN/SSN:' is present on page  using regular expression

2023-10-02 18:08:01 - [MESSAGE][PASSED] - Text 'FEIN/SSN:' is present on page  using regular expression

2023-10-02 18:08:01 - [TEST_STEP][PASSED] - verifyTextNotPresent("Federal EIN:", true): Text 'Federal EIN:' is not present on page using regular expression

2023-10-02 18:08:01 - [MESSAGE][PASSED] - Text 'Federal EIN:' is not present on page using regular expression

2023-10-02 18:08:01 - [TEST_STEP][PASSED] - verifyTextPresent("Payment Amount:", true): Text 'Payment Amount:' is present on page  using regular expression

2023-10-02 18:08:01 - [MESSAGE][PASSED] - Text 'Payment Amount:' is present on page  using regular expression

2023-10-02 18:08:01 - [TEST_STEP][PASSED] - verifyTextPresent("100.00", true): Text '100.00' is present on page  using regular expression

2023-10-02 18:08:02 - [MESSAGE][PASSED] - Text '100.00' is present on page  using regular expression

2023-10-02 18:08:02 - [TEST_STEP][PASSED] - if (verifyElementVisible(findTestObject(orPath_Summary + "/button_Proceed to Payment"))): null

2023-10-02 18:08:02 - [MESSAGE][PASSED] - Object 'Object Repository/RAD_Pages/Summary_Page/button_Proceed to Payment' is visible

2023-10-02 18:08:02 - [TEST_STEP][PASSED] - resText = "Pass": null

2023-10-02 18:08:02 - [TEST_STEP][PASSED] - pages.WriteExcel.demoKey(resText, datText, resColumn, datCloumn, fileLoc, nameSheet, row): pages.WriteExcel.demoKey is PASSED

2023-10-02 18:08:02 - [MESSAGE][PASSED] - pages.WriteExcel.demoKey is PASSED

2023-10-02 18:08:02 - [TEST_STEP][PASSED] - click(findTestObject(orPath_Summary + "/button_Proceed to Payment")): Object: 'Object Repository/RAD_Pages/Summary_Page/button_Proceed to Payment' is clicked on

2023-10-02 18:08:03 - [MESSAGE][PASSED] - Object: 'Object Repository/RAD_Pages/Summary_Page/button_Proceed to Payment' is clicked on

2023-10-02 18:08:03 - [TEST_STEP][PASSED] - ExecuteTC = findTestData(dataFile).getValue("Execute", row): null

2023-10-02 18:08:03 - [TEST_STEP][PASSED] - TaxType = findTestData(dataFile).getValue("TaxType", row): null

2023-10-02 18:08:03 - [TEST_STEP][PASSED] - PaymentType = findTestData(dataFile).getValue("PaymentType", row): null

2023-10-02 18:08:03 - [TEST_STEP][PASSED] - FilingYear = findTestData(dataFile).getValue("Year", row): null

2023-10-02 18:08:03 - [TEST_STEP][PASSED] - feinSSN = findTestData(dataFile).getValue("FeinSsn", row): null

2023-10-02 18:08:03 - [TEST_STEP][PASSED] - if (ExecuteTC.equalsIgnoreCase("Y")): Object: 'Object Repository/RAD_Pages/Summary_Page/button_Proceed to Payment' is clicked on

2023-10-02 18:08:03 - [TEST_STEP][PASSED] - out.println("Begin Record Number: " + row): null

2023-10-02 18:08:03 - [TEST_STEP][PASSED] - today = new java.util.Date(): null

2023-10-02 18:08:03 - [TEST_STEP][PASSED] - println(today): null

2023-10-02 18:08:03 - [TEST_STEP][PASSED] - datText = today: null

2023-10-02 18:08:03 - [TEST_STEP][PASSED] - logInfo("Payment Type: New Tax Return Amount Due"): Payment Type: New Tax Return Amount Due

2023-10-02 18:08:03 - [MESSAGE][INFO] - Payment Type: New Tax Return Amount Due

2023-10-02 18:08:03 - [TEST_STEP][PASSED] - logInfo("Tax Type: " + TaxType): Tax Type: PTE Tax Electing Non-S Corp

2023-10-02 18:08:03 - [MESSAGE][INFO] - Tax Type: PTE Tax Electing Non-S Corp

2023-10-02 18:08:03 - [TEST_STEP][PASSED] - openBrowser(""): Browser is opened with url: ''

2023-10-02 18:08:03 - [MESSAGE][WARNING] - A browser is already opened. Closing browser and opening a new one

2023-10-02 18:08:04 - [MESSAGE][INFO] - Starting 'Chrome' driver

2023-10-02 18:08:04 - [MESSAGE][INFO] - User set preference: ['acceptInsecureCerts', 'true']

2023-10-02 18:08:04 - [MESSAGE][INFO] - Action delay is set to 0 milliseconds

2023-10-02 18:08:06 - [MESSAGE][PASSED] - Browser is opened with url: ''

2023-10-02 18:08:06 - [TEST_STEP][PASSED] - maximizeWindow(): Current window maximized

2023-10-02 18:08:06 - [MESSAGE][PASSED] - Current window maximized

2023-10-02 18:08:06 - [TEST_STEP][PASSED] - navigateToUrl(RADurl): Navigate to 'https://demo.velocitypayment.com/client/rad/index.html' successfully

2023-10-02 18:08:07 - [MESSAGE][PASSED] - Navigate to 'https://demo.velocitypayment.com/client/rad/index.html' successfully

2023-10-02 18:08:07 - [TEST_STEP][PASSED] - selectOptionByLabel(findTestObject(orPath_Landing + "/dd_TaxType"), "New Tax Return Amount Due", false): All options with label 'New Tax Return Amount Due' are selected in object 'Object Repository/RAD_Pages/Landing_Page/dd_TaxType' 

2023-10-02 18:08:08 - [MESSAGE][PASSED] - All options with label 'New Tax Return Amount Due' are selected in object 'Object Repository/RAD_Pages/Landing_Page/dd_TaxType' 

2023-10-02 18:08:08 - [TEST_STEP][PASSED] - selectOptionByLabel(findTestObject("Object Repository/RAD_Pages/Landing_Page/select_NewTaxReturnAmountDue_TaxType"), TaxType, false): All options with label 'PTE Tax Electing Non-S Corp' are selected in object 'Object Repository/RAD_Pages/Landing_Page/select_NewTaxReturnAmountDue_TaxType' 

2023-10-02 18:08:09 - [MESSAGE][PASSED] - All options with label 'PTE Tax Electing Non-S Corp' are selected in object 'Object Repository/RAD_Pages/Landing_Page/select_NewTaxReturnAmountDue_TaxType' 

2023-10-02 18:08:09 - [TEST_STEP][PASSED] - selectOptionByLabel(findTestObject(orPath_TaxTypeFilingYear + "/select_FilingYear"), FilingYear, false): All options with label '2022' are selected in object 'Object Repository/RAD_Pages/TaxTypeFilingYear_Page/select_FilingYear' 

2023-10-02 18:08:10 - [MESSAGE][PASSED] - All options with label '2022' are selected in object 'Object Repository/RAD_Pages/TaxTypeFilingYear_Page/select_FilingYear' 

2023-10-02 18:08:10 - [TEST_STEP][PASSED] - rad.getSetDataRAD.setDataRADBusinessName(): rad.getSetDataRAD.setDataRADBusinessName is PASSED

2023-10-02 18:08:11 - [MESSAGE][PASSED] - Text 'My Company' is set on object 'Object Repository/RAD_Pages/Taxpayer_Page/input_businessName'

2023-10-02 18:08:11 - [MESSAGE][PASSED] - rad.getSetDataRAD.setDataRADBusinessName is PASSED

2023-10-02 18:08:11 - [TEST_STEP][PASSED] - rad.getSetDataRAD.setDataRADBusinessRep(): rad.getSetDataRAD.setDataRADBusinessRep is PASSED

2023-10-02 18:08:12 - [MESSAGE][PASSED] - Text 'BusRepFname' is set on object 'Object Repository/RAD_Pages/Taxpayer_Page/input_BusinessRepfirstName'

2023-10-02 18:08:13 - [MESSAGE][PASSED] - Text '' is set on object 'Object Repository/RAD_Pages/Taxpayer_Page/input_BusinessRepmiddleName'

2023-10-02 18:08:14 - [MESSAGE][PASSED] - Text 'BusRepLname' is set on object 'Object Repository/RAD_Pages/Taxpayer_Page/input_BusinessReplastName'

2023-10-02 18:08:15 - [MESSAGE][PASSED] - Text '' is set on object 'Object Repository/RAD_Pages/Taxpayer_Page/input_BusinessRepsuffix'

2023-10-02 18:08:15 - [MESSAGE][PASSED] - rad.getSetDataRAD.setDataRADBusinessRep is PASSED

2023-10-02 18:08:15 - [TEST_STEP][PASSED] - rad.getSetDataRAD.setDataRADAddress(): rad.getSetDataRAD.setDataRADAddress is PASSED

2023-10-02 18:08:16 - [MESSAGE][PASSED] - All options with label 'United States' are selected in object 'Object Repository/RAD_Pages/AddressAndContactInfo_Page/select_Country' 

2023-10-02 18:08:16 - [MESSAGE][PASSED] - Text '2508 Mandan Terrace' is set on object 'Object Repository/RAD_Pages/AddressAndContactInfo_Page/input_streetAddress1'

2023-10-02 18:08:17 - [MESSAGE][PASSED] - Text '' is set on object 'Object Repository/RAD_Pages/AddressAndContactInfo_Page/input_streetAddress2'

2023-10-02 18:08:18 - [MESSAGE][PASSED] - Text 'Gambrills' is set on object 'Object Repository/RAD_Pages/AddressAndContactInfo_Page/input_city'

2023-10-02 18:08:19 - [MESSAGE][PASSED] - All options with label 'Maryland' are selected in object 'Object Repository/RAD_Pages/AddressAndContactInfo_Page/select_State' 

2023-10-02 18:08:20 - [MESSAGE][PASSED] - Text '21054' is set on object 'Object Repository/RAD_Pages/AddressAndContactInfo_Page/input_zipCode'

2023-10-02 18:08:21 - [MESSAGE][PASSED] - Text '(703) 894-5000' is set on object 'Object Repository/RAD_Pages/AddressAndContactInfo_Page/input_phoneNumber'

2023-10-02 18:08:22 - [MESSAGE][PASSED] - Text 'iahmed@govolution.com' is set on object 'Object Repository/RAD_Pages/AddressAndContactInfo_Page/input_eMailAddress'

2023-10-02 18:08:23 - [MESSAGE][PASSED] - Text 'iahmed@govolution.com' is set on object 'Object Repository/RAD_Pages/AddressAndContactInfo_Page/input_reEnterEMailAddress'

2023-10-02 18:08:23 - [MESSAGE][PASSED] - rad.getSetDataRAD.setDataRADAddress is PASSED

2023-10-02 18:08:23 - [TEST_STEP][PASSED] - if (feinSSN.equalsIgnoreCase("Y")): rad.getSetDataRAD.setDataRADFEINSSN is PASSED

2023-10-02 18:08:23 - [TEST_STEP][PASSED] - rad.getSetDataRAD.setDataRADFEINSSN(): rad.getSetDataRAD.setDataRADFEINSSN is PASSED

2023-10-02 18:08:23 - [MESSAGE][PASSED] - Text ****** has been set on object 'Object Repository/RAD_Pages/TaxInfo_Page/input_TaxInformation_feinSsn'

2023-10-02 18:08:24 - [MESSAGE][PASSED] - Text ****** has been set on object 'Object Repository/RAD_Pages/TaxInfo_Page/input_TaxInformation_RefeinSsn'

2023-10-02 18:08:24 - [MESSAGE][PASSED] - rad.getSetDataRAD.setDataRADFEINSSN is PASSED

2023-10-02 18:08:24 - [TEST_STEP][PASSED] - setText(findTestObject(orPath_Amount + "/input__paymentAmount"), "100.00"): Text '100.00' is set on object 'Object Repository/RAD_Pages/PaymentAmount_Page/input__paymentAmount'

2023-10-02 18:08:25 - [MESSAGE][PASSED] - Text '100.00' is set on object 'Object Repository/RAD_Pages/PaymentAmount_Page/input__paymentAmount'

2023-10-02 18:08:25 - [TEST_STEP][PASSED] - setText(findTestObject(orPath_AddressContact + "/input_streetAddress2"), ""): Text '' is set on object 'Object Repository/RAD_Pages/AddressAndContactInfo_Page/input_streetAddress2'

2023-10-02 18:08:26 - [MESSAGE][PASSED] - Text '' is set on object 'Object Repository/RAD_Pages/AddressAndContactInfo_Page/input_streetAddress2'

2023-10-02 18:08:26 - [TEST_STEP][PASSED] - scrollToElement(findTestObject(orPath_Landing + "/button_Continue"), 3): Scroll to object 'Object Repository/RAD_Pages/Landing_Page/button_Continue' successfully

2023-10-02 18:08:26 - [MESSAGE][PASSED] - Scroll to object 'Object Repository/RAD_Pages/Landing_Page/button_Continue' successfully

2023-10-02 18:08:26 - [TEST_STEP][PASSED] - waitForElementClickable(findTestObject(orPath_Landing + "/button_Continue"), 5): Object 'Object Repository/RAD_Pages/Landing_Page/button_Continue' is clickable

2023-10-02 18:08:26 - [MESSAGE][PASSED] - Object 'Object Repository/RAD_Pages/Landing_Page/button_Continue' is clickable

2023-10-02 18:08:26 - [TEST_STEP][PASSED] - click(findTestObject(orPath_Landing + "/button_Continue")): Object: 'Object Repository/RAD_Pages/Landing_Page/button_Continue' is clicked on

2023-10-02 18:08:27 - [MESSAGE][PASSED] - Object: 'Object Repository/RAD_Pages/Landing_Page/button_Continue' is clicked on

2023-10-02 18:08:27 - [TEST_STEP][PASSED] - delay(2): Delayed 2 second(s)

2023-10-02 18:08:29 - [MESSAGE][PASSED] - Delayed 2 second(s)

2023-10-02 18:08:29 - [TEST_STEP][PASSED] - verifyTextPresent("Summary", true): Text 'Summary' is present on page  using regular expression

2023-10-02 18:08:29 - [MESSAGE][PASSED] - Text 'Summary' is present on page  using regular expression

2023-10-02 18:08:29 - [TEST_STEP][PASSED] - verifyTextPresent("Review the information below and make any necessary corrections by clicking the", true): Text 'Review the information below and make any necessary corrections by clicking the' is present on page  using regular expression

2023-10-02 18:08:30 - [MESSAGE][PASSED] - Text 'Review the information below and make any necessary corrections by clicking the' is present on page  using regular expression

2023-10-02 18:08:30 - [TEST_STEP][PASSED] - verifyTextPresent("When you are confident that all the information is correct, click the", true): Text 'When you are confident that all the information is correct, click the' is present on page  using regular expression

2023-10-02 18:08:30 - [MESSAGE][PASSED] - Text 'When you are confident that all the information is correct, click the' is present on page  using regular expression

2023-10-02 18:08:30 - [TEST_STEP][PASSED] - verifyTextPresent("Payment Type/Filing Year", true): Text 'Payment Type/Filing Year' is present on page  using regular expression

2023-10-02 18:08:30 - [MESSAGE][PASSED] - Text 'Payment Type/Filing Year' is present on page  using regular expression

2023-10-02 18:08:30 - [TEST_STEP][PASSED] - verifyTextPresent("Payment Type:", true): Text 'Payment Type:' is present on page  using regular expression

2023-10-02 18:08:31 - [MESSAGE][PASSED] - Text 'Payment Type:' is present on page  using regular expression

2023-10-02 18:08:31 - [TEST_STEP][PASSED] - verifyTextPresent("New Tax Return Amount Due", true): Text 'New Tax Return Amount Due' is present on page  using regular expression

2023-10-02 18:08:31 - [MESSAGE][PASSED] - Text 'New Tax Return Amount Due' is present on page  using regular expression

2023-10-02 18:08:31 - [TEST_STEP][PASSED] - verifyTextPresent("Filing Year:", true): Text 'Filing Year:' is present on page  using regular expression

2023-10-02 18:08:32 - [MESSAGE][PASSED] - Text 'Filing Year:' is present on page  using regular expression

2023-10-02 18:08:32 - [TEST_STEP][PASSED] - verifyTextPresent(FilingYear, true): Text '2022' is present on page  using regular expression

2023-10-02 18:08:32 - [MESSAGE][PASSED] - Text '2022' is present on page  using regular expression

2023-10-02 18:08:32 - [TEST_STEP][PASSED] - verifyTextPresent("Payer Information", true): Text 'Payer Information' is present on page  using regular expression

2023-10-02 18:08:32 - [MESSAGE][PASSED] - Text 'Payer Information' is present on page  using regular expression

2023-10-02 18:08:32 - [TEST_STEP][PASSED] - verifyTextPresent("Taxpayer Name:", true): Text 'Taxpayer Name:' is present on page  using regular expression

2023-10-02 18:08:33 - [MESSAGE][PASSED] - Text 'Taxpayer Name:' is present on page  using regular expression

2023-10-02 18:08:33 - [TEST_STEP][PASSED] - verifyTextPresent("My Company", true): Text 'My Company' is present on page  using regular expression

2023-10-02 18:08:33 - [MESSAGE][PASSED] - Text 'My Company' is present on page  using regular expression

2023-10-02 18:08:33 - [TEST_STEP][PASSED] - verifyTextPresent("Business Rep Name:", true): Text 'Business Rep Name:' is present on page  using regular expression

2023-10-02 18:08:33 - [MESSAGE][PASSED] - Text 'Business Rep Name:' is present on page  using regular expression

2023-10-02 18:08:33 - [TEST_STEP][PASSED] - verifyTextPresent("BusRepFname BusRepLname", true): Text 'BusRepFname BusRepLname' is present on page  using regular expression

2023-10-02 18:08:34 - [MESSAGE][PASSED] - Text 'BusRepFname BusRepLname' is present on page  using regular expression

2023-10-02 18:08:34 - [TEST_STEP][PASSED] - verifyTextPresent("Taxpayer Address:", true): Text 'Taxpayer Address:' is present on page  using regular expression

2023-10-02 18:08:34 - [MESSAGE][PASSED] - Text 'Taxpayer Address:' is present on page  using regular expression

2023-10-02 18:08:34 - [TEST_STEP][PASSED] - verifyTextPresent("2508 Mandan Terrace Gambrills Maryland 21054", true): Text '2508 Mandan Terrace Gambrills Maryland 21054' is present on page  using regular expression

2023-10-02 18:08:34 - [MESSAGE][PASSED] - Text '2508 Mandan Terrace Gambrills Maryland 21054' is present on page  using regular expression

2023-10-02 18:08:34 - [TEST_STEP][PASSED] - verifyTextPresent("Email:", true): Text 'Email:' is present on page  using regular expression

2023-10-02 18:08:35 - [MESSAGE][PASSED] - Text 'Email:' is present on page  using regular expression

2023-10-02 18:08:35 - [TEST_STEP][PASSED] - verifyTextPresent("iahmed@govolution.com", true): Text 'iahmed@govolution.com' is present on page  using regular expression

2023-10-02 18:08:35 - [MESSAGE][PASSED] - Text 'iahmed@govolution.com' is present on page  using regular expression

2023-10-02 18:08:35 - [TEST_STEP][PASSED] - verifyTextPresent("Phone:", true): Text 'Phone:' is present on page  using regular expression

2023-10-02 18:08:36 - [MESSAGE][PASSED] - Text 'Phone:' is present on page  using regular expression

2023-10-02 18:08:36 - [TEST_STEP][PASSED] - verifyTextPresent("(703) 894-5000", false): Text '(703) 894-5000' is present on page 

2023-10-02 18:08:36 - [MESSAGE][PASSED] - Text '(703) 894-5000' is present on page 

2023-10-02 18:08:36 - [TEST_STEP][PASSED] - verifyTextPresent("Tax Information", true): Text 'Tax Information' is present on page  using regular expression

2023-10-02 18:08:36 - [MESSAGE][PASSED] - Text 'Tax Information' is present on page  using regular expression

2023-10-02 18:08:36 - [TEST_STEP][PASSED] - if (feinSSN.equalsIgnoreCase("Y")): Text 'Federal EIN:' is not present on page using regular expression

2023-10-02 18:08:36 - [TEST_STEP][PASSED] - verifyTextPresent("FEIN/SSN:", true): Text 'FEIN/SSN:' is present on page  using regular expression

2023-10-02 18:08:37 - [MESSAGE][PASSED] - Text 'FEIN/SSN:' is present on page  using regular expression

2023-10-02 18:08:37 - [TEST_STEP][PASSED] - verifyTextNotPresent("Federal EIN:", true): Text 'Federal EIN:' is not present on page using regular expression

2023-10-02 18:08:37 - [MESSAGE][PASSED] - Text 'Federal EIN:' is not present on page using regular expression

2023-10-02 18:08:37 - [TEST_STEP][PASSED] - verifyTextPresent("Payment Amount:", true): Text 'Payment Amount:' is present on page  using regular expression

2023-10-02 18:08:37 - [MESSAGE][PASSED] - Text 'Payment Amount:' is present on page  using regular expression

2023-10-02 18:08:37 - [TEST_STEP][PASSED] - verifyTextPresent("100.00", true): Text '100.00' is present on page  using regular expression

2023-10-02 18:08:38 - [MESSAGE][PASSED] - Text '100.00' is present on page  using regular expression

2023-10-02 18:08:38 - [TEST_STEP][PASSED] - if (verifyElementVisible(findTestObject(orPath_Summary + "/button_Proceed to Payment"))): null

2023-10-02 18:08:38 - [MESSAGE][PASSED] - Object 'Object Repository/RAD_Pages/Summary_Page/button_Proceed to Payment' is visible

2023-10-02 18:08:38 - [TEST_STEP][PASSED] - resText = "Pass": null

2023-10-02 18:08:38 - [TEST_STEP][PASSED] - pages.WriteExcel.demoKey(resText, datText, resColumn, datCloumn, fileLoc, nameSheet, row): pages.WriteExcel.demoKey is PASSED

2023-10-02 18:08:38 - [MESSAGE][PASSED] - pages.WriteExcel.demoKey is PASSED

2023-10-02 18:08:38 - [TEST_STEP][PASSED] - click(findTestObject(orPath_Summary + "/button_Proceed to Payment")): Object: 'Object Repository/RAD_Pages/Summary_Page/button_Proceed to Payment' is clicked on

2023-10-02 18:08:39 - [MESSAGE][PASSED] - Object: 'Object Repository/RAD_Pages/Summary_Page/button_Proceed to Payment' is clicked on

2023-10-02 18:08:39 - [TEST_STEP][PASSED] - ExecuteTC = findTestData(dataFile).getValue("Execute", row): null

2023-10-02 18:08:39 - [TEST_STEP][PASSED] - TaxType = findTestData(dataFile).getValue("TaxType", row): null

2023-10-02 18:08:39 - [TEST_STEP][PASSED] - PaymentType = findTestData(dataFile).getValue("PaymentType", row): null

2023-10-02 18:08:39 - [TEST_STEP][PASSED] - FilingYear = findTestData(dataFile).getValue("Year", row): null

2023-10-02 18:08:39 - [TEST_STEP][PASSED] - feinSSN = findTestData(dataFile).getValue("FeinSsn", row): null

2023-10-02 18:08:40 - [TEST_STEP][PASSED] - if (ExecuteTC.equalsIgnoreCase("Y")): Object: 'Object Repository/RAD_Pages/Summary_Page/button_Proceed to Payment' is clicked on

2023-10-02 18:08:40 - [TEST_STEP][PASSED] - out.println("Begin Record Number: " + row): null

2023-10-02 18:08:40 - [TEST_STEP][PASSED] - today = new java.util.Date(): null

2023-10-02 18:08:40 - [TEST_STEP][PASSED] - println(today): null

2023-10-02 18:08:40 - [TEST_STEP][PASSED] - datText = today: null

2023-10-02 18:08:40 - [TEST_STEP][PASSED] - logInfo("Payment Type: New Tax Return Amount Due"): Payment Type: New Tax Return Amount Due

2023-10-02 18:08:40 - [MESSAGE][INFO] - Payment Type: New Tax Return Amount Due

2023-10-02 18:08:40 - [TEST_STEP][PASSED] - logInfo("Tax Type: " + TaxType): Tax Type: PTE Tax Electing S Corp

2023-10-02 18:08:40 - [MESSAGE][INFO] - Tax Type: PTE Tax Electing S Corp

2023-10-02 18:08:40 - [TEST_STEP][PASSED] - openBrowser(""): Browser is opened with url: ''

2023-10-02 18:08:40 - [MESSAGE][WARNING] - A browser is already opened. Closing browser and opening a new one

2023-10-02 18:08:41 - [MESSAGE][INFO] - Starting 'Chrome' driver

2023-10-02 18:08:41 - [MESSAGE][INFO] - User set preference: ['acceptInsecureCerts', 'true']

2023-10-02 18:08:41 - [MESSAGE][INFO] - Action delay is set to 0 milliseconds

2023-10-02 18:08:42 - [MESSAGE][PASSED] - Browser is opened with url: ''

2023-10-02 18:08:42 - [TEST_STEP][PASSED] - maximizeWindow(): Current window maximized

2023-10-02 18:08:42 - [MESSAGE][PASSED] - Current window maximized

2023-10-02 18:08:42 - [TEST_STEP][PASSED] - navigateToUrl(RADurl): Navigate to 'https://demo.velocitypayment.com/client/rad/index.html' successfully

2023-10-02 18:08:44 - [MESSAGE][PASSED] - Navigate to 'https://demo.velocitypayment.com/client/rad/index.html' successfully

2023-10-02 18:08:44 - [TEST_STEP][PASSED] - selectOptionByLabel(findTestObject(orPath_Landing + "/dd_TaxType"), "New Tax Return Amount Due", false): All options with label 'New Tax Return Amount Due' are selected in object 'Object Repository/RAD_Pages/Landing_Page/dd_TaxType' 

2023-10-02 18:08:44 - [MESSAGE][PASSED] - All options with label 'New Tax Return Amount Due' are selected in object 'Object Repository/RAD_Pages/Landing_Page/dd_TaxType' 

2023-10-02 18:08:44 - [TEST_STEP][PASSED] - selectOptionByLabel(findTestObject("Object Repository/RAD_Pages/Landing_Page/select_NewTaxReturnAmountDue_TaxType"), TaxType, false): All options with label 'PTE Tax Electing S Corp' are selected in object 'Object Repository/RAD_Pages/Landing_Page/select_NewTaxReturnAmountDue_TaxType' 

2023-10-02 18:08:45 - [MESSAGE][PASSED] - All options with label 'PTE Tax Electing S Corp' are selected in object 'Object Repository/RAD_Pages/Landing_Page/select_NewTaxReturnAmountDue_TaxType' 

2023-10-02 18:08:45 - [TEST_STEP][PASSED] - selectOptionByLabel(findTestObject(orPath_TaxTypeFilingYear + "/select_FilingYear"), FilingYear, false): All options with label '2022' are selected in object 'Object Repository/RAD_Pages/TaxTypeFilingYear_Page/select_FilingYear' 

2023-10-02 18:08:46 - [MESSAGE][PASSED] - All options with label '2022' are selected in object 'Object Repository/RAD_Pages/TaxTypeFilingYear_Page/select_FilingYear' 

2023-10-02 18:08:46 - [TEST_STEP][PASSED] - rad.getSetDataRAD.setDataRADBusinessName(): rad.getSetDataRAD.setDataRADBusinessName is PASSED

2023-10-02 18:08:47 - [MESSAGE][PASSED] - Text 'My Company' is set on object 'Object Repository/RAD_Pages/Taxpayer_Page/input_businessName'

2023-10-02 18:08:47 - [MESSAGE][PASSED] - rad.getSetDataRAD.setDataRADBusinessName is PASSED

2023-10-02 18:08:47 - [TEST_STEP][PASSED] - rad.getSetDataRAD.setDataRADBusinessRep(): rad.getSetDataRAD.setDataRADBusinessRep is PASSED

2023-10-02 18:08:49 - [MESSAGE][PASSED] - Text 'BusRepFname' is set on object 'Object Repository/RAD_Pages/Taxpayer_Page/input_BusinessRepfirstName'

2023-10-02 18:08:49 - [MESSAGE][PASSED] - Text '' is set on object 'Object Repository/RAD_Pages/Taxpayer_Page/input_BusinessRepmiddleName'

2023-10-02 18:08:50 - [MESSAGE][PASSED] - Text 'BusRepLname' is set on object 'Object Repository/RAD_Pages/Taxpayer_Page/input_BusinessReplastName'

2023-10-02 18:08:51 - [MESSAGE][PASSED] - Text '' is set on object 'Object Repository/RAD_Pages/Taxpayer_Page/input_BusinessRepsuffix'

2023-10-02 18:08:51 - [MESSAGE][PASSED] - rad.getSetDataRAD.setDataRADBusinessRep is PASSED

2023-10-02 18:08:51 - [TEST_STEP][PASSED] - rad.getSetDataRAD.setDataRADAddress(): rad.getSetDataRAD.setDataRADAddress is PASSED

2023-10-02 18:08:52 - [MESSAGE][PASSED] - All options with label 'United States' are selected in object 'Object Repository/RAD_Pages/AddressAndContactInfo_Page/select_Country' 

2023-10-02 18:08:53 - [MESSAGE][PASSED] - Text '2508 Mandan Terrace' is set on object 'Object Repository/RAD_Pages/AddressAndContactInfo_Page/input_streetAddress1'

2023-10-02 18:08:53 - [MESSAGE][PASSED] - Text '' is set on object 'Object Repository/RAD_Pages/AddressAndContactInfo_Page/input_streetAddress2'

2023-10-02 18:08:54 - [MESSAGE][PASSED] - Text 'Gambrills' is set on object 'Object Repository/RAD_Pages/AddressAndContactInfo_Page/input_city'

2023-10-02 18:08:55 - [MESSAGE][PASSED] - All options with label 'Maryland' are selected in object 'Object Repository/RAD_Pages/AddressAndContactInfo_Page/select_State' 

2023-10-02 18:08:56 - [MESSAGE][PASSED] - Text '21054' is set on object 'Object Repository/RAD_Pages/AddressAndContactInfo_Page/input_zipCode'

2023-10-02 18:08:57 - [MESSAGE][PASSED] - Text '(703) 894-5000' is set on object 'Object Repository/RAD_Pages/AddressAndContactInfo_Page/input_phoneNumber'

2023-10-02 18:08:58 - [MESSAGE][PASSED] - Text 'iahmed@govolution.com' is set on object 'Object Repository/RAD_Pages/AddressAndContactInfo_Page/input_eMailAddress'

2023-10-02 18:08:59 - [MESSAGE][PASSED] - Text 'iahmed@govolution.com' is set on object 'Object Repository/RAD_Pages/AddressAndContactInfo_Page/input_reEnterEMailAddress'

2023-10-02 18:08:59 - [MESSAGE][PASSED] - rad.getSetDataRAD.setDataRADAddress is PASSED

2023-10-02 18:08:59 - [TEST_STEP][PASSED] - if (feinSSN.equalsIgnoreCase("Y")): rad.getSetDataRAD.setDataRADFEINSSN is PASSED

2023-10-02 18:08:59 - [TEST_STEP][PASSED] - rad.getSetDataRAD.setDataRADFEINSSN(): rad.getSetDataRAD.setDataRADFEINSSN is PASSED

2023-10-02 18:08:59 - [MESSAGE][PASSED] - Text ****** has been set on object 'Object Repository/RAD_Pages/TaxInfo_Page/input_TaxInformation_feinSsn'

2023-10-02 18:09:00 - [MESSAGE][PASSED] - Text ****** has been set on object 'Object Repository/RAD_Pages/TaxInfo_Page/input_TaxInformation_RefeinSsn'

2023-10-02 18:09:00 - [MESSAGE][PASSED] - rad.getSetDataRAD.setDataRADFEINSSN is PASSED

2023-10-02 18:09:00 - [TEST_STEP][PASSED] - setText(findTestObject(orPath_Amount + "/input__paymentAmount"), "100.00"): Text '100.00' is set on object 'Object Repository/RAD_Pages/PaymentAmount_Page/input__paymentAmount'

2023-10-02 18:09:01 - [MESSAGE][PASSED] - Text '100.00' is set on object 'Object Repository/RAD_Pages/PaymentAmount_Page/input__paymentAmount'

2023-10-02 18:09:01 - [TEST_STEP][PASSED] - setText(findTestObject(orPath_AddressContact + "/input_streetAddress2"), ""): Text '' is set on object 'Object Repository/RAD_Pages/AddressAndContactInfo_Page/input_streetAddress2'

2023-10-02 18:09:02 - [MESSAGE][PASSED] - Text '' is set on object 'Object Repository/RAD_Pages/AddressAndContactInfo_Page/input_streetAddress2'

2023-10-02 18:09:02 - [TEST_STEP][PASSED] - scrollToElement(findTestObject(orPath_Landing + "/button_Continue"), 3): Scroll to object 'Object Repository/RAD_Pages/Landing_Page/button_Continue' successfully

2023-10-02 18:09:02 - [MESSAGE][PASSED] - Scroll to object 'Object Repository/RAD_Pages/Landing_Page/button_Continue' successfully

2023-10-02 18:09:02 - [TEST_STEP][PASSED] - waitForElementClickable(findTestObject(orPath_Landing + "/button_Continue"), 5): Object 'Object Repository/RAD_Pages/Landing_Page/button_Continue' is clickable

2023-10-02 18:09:03 - [MESSAGE][PASSED] - Object 'Object Repository/RAD_Pages/Landing_Page/button_Continue' is clickable

2023-10-02 18:09:03 - [TEST_STEP][PASSED] - click(findTestObject(orPath_Landing + "/button_Continue")): Object: 'Object Repository/RAD_Pages/Landing_Page/button_Continue' is clicked on

2023-10-02 18:09:03 - [MESSAGE][PASSED] - Object: 'Object Repository/RAD_Pages/Landing_Page/button_Continue' is clicked on

2023-10-02 18:09:03 - [TEST_STEP][PASSED] - delay(2): Delayed 2 second(s)

2023-10-02 18:09:05 - [MESSAGE][PASSED] - Delayed 2 second(s)

2023-10-02 18:09:05 - [TEST_STEP][PASSED] - verifyTextPresent("Summary", true): Text 'Summary' is present on page  using regular expression

2023-10-02 18:09:05 - [MESSAGE][PASSED] - Text 'Summary' is present on page  using regular expression

2023-10-02 18:09:05 - [TEST_STEP][PASSED] - verifyTextPresent("Review the information below and make any necessary corrections by clicking the", true): Text 'Review the information below and make any necessary corrections by clicking the' is present on page  using regular expression

2023-10-02 18:09:06 - [MESSAGE][PASSED] - Text 'Review the information below and make any necessary corrections by clicking the' is present on page  using regular expression

2023-10-02 18:09:06 - [TEST_STEP][PASSED] - verifyTextPresent("When you are confident that all the information is correct, click the", true): Text 'When you are confident that all the information is correct, click the' is present on page  using regular expression

2023-10-02 18:09:06 - [MESSAGE][PASSED] - Text 'When you are confident that all the information is correct, click the' is present on page  using regular expression

2023-10-02 18:09:06 - [TEST_STEP][PASSED] - verifyTextPresent("Payment Type/Filing Year", true): Text 'Payment Type/Filing Year' is present on page  using regular expression

2023-10-02 18:09:07 - [MESSAGE][PASSED] - Text 'Payment Type/Filing Year' is present on page  using regular expression

2023-10-02 18:09:07 - [TEST_STEP][PASSED] - verifyTextPresent("Payment Type:", true): Text 'Payment Type:' is present on page  using regular expression

2023-10-02 18:09:07 - [MESSAGE][PASSED] - Text 'Payment Type:' is present on page  using regular expression

2023-10-02 18:09:07 - [TEST_STEP][PASSED] - verifyTextPresent("New Tax Return Amount Due", true): Text 'New Tax Return Amount Due' is present on page  using regular expression

2023-10-02 18:09:07 - [MESSAGE][PASSED] - Text 'New Tax Return Amount Due' is present on page  using regular expression

2023-10-02 18:09:07 - [TEST_STEP][PASSED] - verifyTextPresent("Filing Year:", true): Text 'Filing Year:' is present on page  using regular expression

2023-10-02 18:09:08 - [MESSAGE][PASSED] - Text 'Filing Year:' is present on page  using regular expression

2023-10-02 18:09:08 - [TEST_STEP][PASSED] - verifyTextPresent(FilingYear, true): Text '2022' is present on page  using regular expression

2023-10-02 18:09:08 - [MESSAGE][PASSED] - Text '2022' is present on page  using regular expression

2023-10-02 18:09:08 - [TEST_STEP][PASSED] - verifyTextPresent("Payer Information", true): Text 'Payer Information' is present on page  using regular expression

2023-10-02 18:09:08 - [MESSAGE][PASSED] - Text 'Payer Information' is present on page  using regular expression

2023-10-02 18:09:08 - [TEST_STEP][PASSED] - verifyTextPresent("Taxpayer Name:", true): Text 'Taxpayer Name:' is present on page  using regular expression

2023-10-02 18:09:09 - [MESSAGE][PASSED] - Text 'Taxpayer Name:' is present on page  using regular expression

2023-10-02 18:09:09 - [TEST_STEP][PASSED] - verifyTextPresent("My Company", true): Text 'My Company' is present on page  using regular expression

2023-10-02 18:09:09 - [MESSAGE][PASSED] - Text 'My Company' is present on page  using regular expression

2023-10-02 18:09:09 - [TEST_STEP][PASSED] - verifyTextPresent("Business Rep Name:", true): Text 'Business Rep Name:' is present on page  using regular expression

2023-10-02 18:09:10 - [MESSAGE][PASSED] - Text 'Business Rep Name:' is present on page  using regular expression

2023-10-02 18:09:10 - [TEST_STEP][PASSED] - verifyTextPresent("BusRepFname BusRepLname", true): Text 'BusRepFname BusRepLname' is present on page  using regular expression

2023-10-02 18:09:10 - [MESSAGE][PASSED] - Text 'BusRepFname BusRepLname' is present on page  using regular expression

2023-10-02 18:09:10 - [TEST_STEP][PASSED] - verifyTextPresent("Taxpayer Address:", true): Text 'Taxpayer Address:' is present on page  using regular expression

2023-10-02 18:09:10 - [MESSAGE][PASSED] - Text 'Taxpayer Address:' is present on page  using regular expression

2023-10-02 18:09:10 - [TEST_STEP][PASSED] - verifyTextPresent("2508 Mandan Terrace Gambrills Maryland 21054", true): Text '2508 Mandan Terrace Gambrills Maryland 21054' is present on page  using regular expression

2023-10-02 18:09:11 - [MESSAGE][PASSED] - Text '2508 Mandan Terrace Gambrills Maryland 21054' is present on page  using regular expression

2023-10-02 18:09:11 - [TEST_STEP][PASSED] - verifyTextPresent("Email:", true): Text 'Email:' is present on page  using regular expression

2023-10-02 18:09:11 - [MESSAGE][PASSED] - Text 'Email:' is present on page  using regular expression

2023-10-02 18:09:11 - [TEST_STEP][PASSED] - verifyTextPresent("iahmed@govolution.com", true): Text 'iahmed@govolution.com' is present on page  using regular expression

2023-10-02 18:09:11 - [MESSAGE][PASSED] - Text 'iahmed@govolution.com' is present on page  using regular expression

2023-10-02 18:09:11 - [TEST_STEP][PASSED] - verifyTextPresent("Phone:", true): Text 'Phone:' is present on page  using regular expression

2023-10-02 18:09:12 - [MESSAGE][PASSED] - Text 'Phone:' is present on page  using regular expression

2023-10-02 18:09:12 - [TEST_STEP][PASSED] - verifyTextPresent("(703) 894-5000", false): Text '(703) 894-5000' is present on page 

2023-10-02 18:09:12 - [MESSAGE][PASSED] - Text '(703) 894-5000' is present on page 

2023-10-02 18:09:12 - [TEST_STEP][PASSED] - verifyTextPresent("Tax Information", true): Text 'Tax Information' is present on page  using regular expression

2023-10-02 18:09:13 - [MESSAGE][PASSED] - Text 'Tax Information' is present on page  using regular expression

2023-10-02 18:09:13 - [TEST_STEP][PASSED] - if (feinSSN.equalsIgnoreCase("Y")): Text 'Federal EIN:' is not present on page using regular expression

2023-10-02 18:09:13 - [TEST_STEP][PASSED] - verifyTextPresent("FEIN/SSN:", true): Text 'FEIN/SSN:' is present on page  using regular expression

2023-10-02 18:09:13 - [MESSAGE][PASSED] - Text 'FEIN/SSN:' is present on page  using regular expression

2023-10-02 18:09:13 - [TEST_STEP][PASSED] - verifyTextNotPresent("Federal EIN:", true): Text 'Federal EIN:' is not present on page using regular expression

2023-10-02 18:09:13 - [MESSAGE][PASSED] - Text 'Federal EIN:' is not present on page using regular expression

2023-10-02 18:09:13 - [TEST_STEP][PASSED] - verifyTextPresent("Payment Amount:", true): Text 'Payment Amount:' is present on page  using regular expression

2023-10-02 18:09:14 - [MESSAGE][PASSED] - Text 'Payment Amount:' is present on page  using regular expression

2023-10-02 18:09:14 - [TEST_STEP][PASSED] - verifyTextPresent("100.00", true): Text '100.00' is present on page  using regular expression

2023-10-02 18:09:14 - [MESSAGE][PASSED] - Text '100.00' is present on page  using regular expression

2023-10-02 18:09:14 - [TEST_STEP][PASSED] - if (verifyElementVisible(findTestObject(orPath_Summary + "/button_Proceed to Payment"))): null

2023-10-02 18:09:14 - [MESSAGE][PASSED] - Object 'Object Repository/RAD_Pages/Summary_Page/button_Proceed to Payment' is visible

2023-10-02 18:09:14 - [TEST_STEP][PASSED] - resText = "Pass": null

2023-10-02 18:09:14 - [TEST_STEP][PASSED] - pages.WriteExcel.demoKey(resText, datText, resColumn, datCloumn, fileLoc, nameSheet, row): pages.WriteExcel.demoKey is PASSED

2023-10-02 18:09:14 - [MESSAGE][PASSED] - pages.WriteExcel.demoKey is PASSED

2023-10-02 18:09:14 - [TEST_STEP][PASSED] - click(findTestObject(orPath_Summary + "/button_Proceed to Payment")): Object: 'Object Repository/RAD_Pages/Summary_Page/button_Proceed to Payment' is clicked on

2023-10-02 18:09:15 - [MESSAGE][PASSED] - Object: 'Object Repository/RAD_Pages/Summary_Page/button_Proceed to Payment' is clicked on

2023-10-02 18:09:15 - [TEST_STEP][PASSED] - ExecuteTC = findTestData(dataFile).getValue("Execute", row): null

2023-10-02 18:09:15 - [TEST_STEP][PASSED] - TaxType = findTestData(dataFile).getValue("TaxType", row): null

2023-10-02 18:09:15 - [TEST_STEP][PASSED] - PaymentType = findTestData(dataFile).getValue("PaymentType", row): null

2023-10-02 18:09:15 - [TEST_STEP][PASSED] - FilingYear = findTestData(dataFile).getValue("Year", row): null

2023-10-02 18:09:15 - [TEST_STEP][PASSED] - feinSSN = findTestData(dataFile).getValue("FeinSsn", row): null

2023-10-02 18:09:15 - [TEST_STEP][PASSED] - if (ExecuteTC.equalsIgnoreCase("Y")): Object: 'Object Repository/RAD_Pages/Summary_Page/button_Proceed to Payment' is clicked on

2023-10-02 18:09:15 - [TEST_STEP][PASSED] - out.println("Begin Record Number: " + row): null

2023-10-02 18:09:15 - [TEST_STEP][PASSED] - today = new java.util.Date(): null

2023-10-02 18:09:15 - [TEST_STEP][PASSED] - println(today): null

2023-10-02 18:09:15 - [TEST_STEP][PASSED] - datText = today: null

2023-10-02 18:09:15 - [TEST_STEP][PASSED] - logInfo("Payment Type: New Tax Return Amount Due"): Payment Type: New Tax Return Amount Due

2023-10-02 18:09:15 - [MESSAGE][INFO] - Payment Type: New Tax Return Amount Due

2023-10-02 18:09:15 - [TEST_STEP][PASSED] - logInfo("Tax Type: " + TaxType): Tax Type: Fiduciary Tax

2023-10-02 18:09:15 - [MESSAGE][INFO] - Tax Type: Fiduciary Tax

2023-10-02 18:09:15 - [TEST_STEP][PASSED] - openBrowser(""): Browser is opened with url: ''

2023-10-02 18:09:15 - [MESSAGE][WARNING] - A browser is already opened. Closing browser and opening a new one

2023-10-02 18:09:16 - [MESSAGE][INFO] - Starting 'Chrome' driver

2023-10-02 18:09:16 - [MESSAGE][INFO] - User set preference: ['acceptInsecureCerts', 'true']

2023-10-02 18:09:16 - [MESSAGE][INFO] - Action delay is set to 0 milliseconds

2023-10-02 18:09:18 - [MESSAGE][PASSED] - Browser is opened with url: ''

2023-10-02 18:09:18 - [TEST_STEP][PASSED] - maximizeWindow(): Current window maximized

2023-10-02 18:09:18 - [MESSAGE][PASSED] - Current window maximized

2023-10-02 18:09:18 - [TEST_STEP][PASSED] - navigateToUrl(RADurl): Navigate to 'https://demo.velocitypayment.com/client/rad/index.html' successfully

2023-10-02 18:09:19 - [MESSAGE][PASSED] - Navigate to 'https://demo.velocitypayment.com/client/rad/index.html' successfully

2023-10-02 18:09:19 - [TEST_STEP][PASSED] - selectOptionByLabel(findTestObject(orPath_Landing + "/dd_TaxType"), "New Tax Return Amount Due", false): All options with label 'New Tax Return Amount Due' are selected in object 'Object Repository/RAD_Pages/Landing_Page/dd_TaxType' 

2023-10-02 18:09:20 - [MESSAGE][PASSED] - All options with label 'New Tax Return Amount Due' are selected in object 'Object Repository/RAD_Pages/Landing_Page/dd_TaxType' 

2023-10-02 18:09:20 - [TEST_STEP][PASSED] - selectOptionByLabel(findTestObject("Object Repository/RAD_Pages/Landing_Page/select_NewTaxReturnAmountDue_TaxType"), TaxType, false): All options with label 'Fiduciary Tax' are selected in object 'Object Repository/RAD_Pages/Landing_Page/select_NewTaxReturnAmountDue_TaxType' 

2023-10-02 18:09:21 - [MESSAGE][PASSED] - All options with label 'Fiduciary Tax' are selected in object 'Object Repository/RAD_Pages/Landing_Page/select_NewTaxReturnAmountDue_TaxType' 

2023-10-02 18:09:21 - [TEST_STEP][PASSED] - selectOptionByLabel(findTestObject(orPath_TaxTypeFilingYear + "/select_FilingYear"), FilingYear, false): All options with label '2021' are selected in object 'Object Repository/RAD_Pages/TaxTypeFilingYear_Page/select_FilingYear' 

2023-10-02 18:09:22 - [MESSAGE][PASSED] - All options with label '2021' are selected in object 'Object Repository/RAD_Pages/TaxTypeFilingYear_Page/select_FilingYear' 

2023-10-02 18:09:22 - [TEST_STEP][PASSED] - rad.getSetDataRAD.setDataRADBusinessName(): rad.getSetDataRAD.setDataRADBusinessName is PASSED

2023-10-02 18:09:23 - [MESSAGE][PASSED] - Text 'My Company' is set on object 'Object Repository/RAD_Pages/Taxpayer_Page/input_businessName'

2023-10-02 18:09:23 - [MESSAGE][PASSED] - rad.getSetDataRAD.setDataRADBusinessName is PASSED

2023-10-02 18:09:23 - [TEST_STEP][PASSED] - rad.getSetDataRAD.setDataRADBusinessRep(): rad.getSetDataRAD.setDataRADBusinessRep is PASSED

2023-10-02 18:09:24 - [MESSAGE][PASSED] - Text 'BusRepFname' is set on object 'Object Repository/RAD_Pages/Taxpayer_Page/input_BusinessRepfirstName'

2023-10-02 18:09:25 - [MESSAGE][PASSED] - Text '' is set on object 'Object Repository/RAD_Pages/Taxpayer_Page/input_BusinessRepmiddleName'

2023-10-02 18:09:26 - [MESSAGE][PASSED] - Text 'BusRepLname' is set on object 'Object Repository/RAD_Pages/Taxpayer_Page/input_BusinessReplastName'

2023-10-02 18:09:27 - [MESSAGE][PASSED] - Text '' is set on object 'Object Repository/RAD_Pages/Taxpayer_Page/input_BusinessRepsuffix'

2023-10-02 18:09:27 - [MESSAGE][PASSED] - rad.getSetDataRAD.setDataRADBusinessRep is PASSED

2023-10-02 18:09:27 - [TEST_STEP][PASSED] - rad.getSetDataRAD.setDataRADAddress(): rad.getSetDataRAD.setDataRADAddress is PASSED

2023-10-02 18:09:28 - [MESSAGE][PASSED] - All options with label 'United States' are selected in object 'Object Repository/RAD_Pages/AddressAndContactInfo_Page/select_Country' 

2023-10-02 18:09:29 - [MESSAGE][PASSED] - Text '2508 Mandan Terrace' is set on object 'Object Repository/RAD_Pages/AddressAndContactInfo_Page/input_streetAddress1'

2023-10-02 18:09:29 - [MESSAGE][PASSED] - Text '' is set on object 'Object Repository/RAD_Pages/AddressAndContactInfo_Page/input_streetAddress2'

2023-10-02 18:09:30 - [MESSAGE][PASSED] - Text 'Gambrills' is set on object 'Object Repository/RAD_Pages/AddressAndContactInfo_Page/input_city'

2023-10-02 18:09:31 - [MESSAGE][PASSED] - All options with label 'Maryland' are selected in object 'Object Repository/RAD_Pages/AddressAndContactInfo_Page/select_State' 

2023-10-02 18:09:32 - [MESSAGE][PASSED] - Text '21054' is set on object 'Object Repository/RAD_Pages/AddressAndContactInfo_Page/input_zipCode'

2023-10-02 18:09:33 - [MESSAGE][PASSED] - Text '(703) 894-5000' is set on object 'Object Repository/RAD_Pages/AddressAndContactInfo_Page/input_phoneNumber'

2023-10-02 18:09:34 - [MESSAGE][PASSED] - Text 'iahmed@govolution.com' is set on object 'Object Repository/RAD_Pages/AddressAndContactInfo_Page/input_eMailAddress'

2023-10-02 18:09:35 - [MESSAGE][PASSED] - Text 'iahmed@govolution.com' is set on object 'Object Repository/RAD_Pages/AddressAndContactInfo_Page/input_reEnterEMailAddress'

2023-10-02 18:09:35 - [MESSAGE][PASSED] - rad.getSetDataRAD.setDataRADAddress is PASSED

2023-10-02 18:09:35 - [TEST_STEP][PASSED] - if (feinSSN.equalsIgnoreCase("Y")): null

2023-10-02 18:09:35 - [TEST_STEP][PASSED] - else: rad.getSetDataRAD.setDataRADFEIN is PASSED

2023-10-02 18:09:35 - [TEST_STEP][PASSED] - rad.getSetDataRAD.setDataRADFEIN(): rad.getSetDataRAD.setDataRADFEIN is PASSED

2023-10-02 18:09:36 - [MESSAGE][PASSED] - Text ****** has been set on object 'Object Repository/RAD_Pages/TaxInfo_Page/input_FederalEIN'

2023-10-02 18:09:36 - [MESSAGE][PASSED] - Text ****** has been set on object 'Object Repository/RAD_Pages/TaxInfo_Page/input_FederalEIN_ReEnter'

2023-10-02 18:09:36 - [MESSAGE][PASSED] - rad.getSetDataRAD.setDataRADFEIN is PASSED

2023-10-02 18:09:36 - [TEST_STEP][PASSED] - setText(findTestObject(orPath_Amount + "/input__paymentAmount"), "100.00"): Text '100.00' is set on object 'Object Repository/RAD_Pages/PaymentAmount_Page/input__paymentAmount'

2023-10-02 18:09:37 - [MESSAGE][PASSED] - Text '100.00' is set on object 'Object Repository/RAD_Pages/PaymentAmount_Page/input__paymentAmount'

2023-10-02 18:09:37 - [TEST_STEP][PASSED] - setText(findTestObject(orPath_AddressContact + "/input_streetAddress2"), ""): Text '' is set on object 'Object Repository/RAD_Pages/AddressAndContactInfo_Page/input_streetAddress2'

2023-10-02 18:09:38 - [MESSAGE][PASSED] - Text '' is set on object 'Object Repository/RAD_Pages/AddressAndContactInfo_Page/input_streetAddress2'

2023-10-02 18:09:38 - [TEST_STEP][PASSED] - scrollToElement(findTestObject(orPath_Landing + "/button_Continue"), 3): Scroll to object 'Object Repository/RAD_Pages/Landing_Page/button_Continue' successfully

2023-10-02 18:09:38 - [MESSAGE][PASSED] - Scroll to object 'Object Repository/RAD_Pages/Landing_Page/button_Continue' successfully

2023-10-02 18:09:38 - [TEST_STEP][PASSED] - waitForElementClickable(findTestObject(orPath_Landing + "/button_Continue"), 5): Object 'Object Repository/RAD_Pages/Landing_Page/button_Continue' is clickable

2023-10-02 18:09:39 - [MESSAGE][PASSED] - Object 'Object Repository/RAD_Pages/Landing_Page/button_Continue' is clickable

2023-10-02 18:09:39 - [TEST_STEP][PASSED] - click(findTestObject(orPath_Landing + "/button_Continue")): Object: 'Object Repository/RAD_Pages/Landing_Page/button_Continue' is clicked on

2023-10-02 18:09:39 - [MESSAGE][PASSED] - Object: 'Object Repository/RAD_Pages/Landing_Page/button_Continue' is clicked on

2023-10-02 18:09:39 - [TEST_STEP][PASSED] - delay(2): Delayed 2 second(s)

2023-10-02 18:09:41 - [MESSAGE][PASSED] - Delayed 2 second(s)

2023-10-02 18:09:41 - [TEST_STEP][PASSED] - verifyTextPresent("Summary", true): Text 'Summary' is present on page  using regular expression

2023-10-02 18:09:42 - [MESSAGE][PASSED] - Text 'Summary' is present on page  using regular expression

2023-10-02 18:09:42 - [TEST_STEP][PASSED] - verifyTextPresent("Review the information below and make any necessary corrections by clicking the", true): Text 'Review the information below and make any necessary corrections by clicking the' is present on page  using regular expression

2023-10-02 18:09:42 - [MESSAGE][PASSED] - Text 'Review the information below and make any necessary corrections by clicking the' is present on page  using regular expression

2023-10-02 18:09:42 - [TEST_STEP][PASSED] - verifyTextPresent("When you are confident that all the information is correct, click the", true): Text 'When you are confident that all the information is correct, click the' is present on page  using regular expression

2023-10-02 18:09:42 - [MESSAGE][PASSED] - Text 'When you are confident that all the information is correct, click the' is present on page  using regular expression

2023-10-02 18:09:42 - [TEST_STEP][PASSED] - verifyTextPresent("Payment Type/Filing Year", true): Text 'Payment Type/Filing Year' is present on page  using regular expression

2023-10-02 18:09:43 - [MESSAGE][PASSED] - Text 'Payment Type/Filing Year' is present on page  using regular expression

2023-10-02 18:09:43 - [TEST_STEP][PASSED] - verifyTextPresent("Payment Type:", true): Text 'Payment Type:' is present on page  using regular expression

2023-10-02 18:09:43 - [MESSAGE][PASSED] - Text 'Payment Type:' is present on page  using regular expression

2023-10-02 18:09:43 - [TEST_STEP][PASSED] - verifyTextPresent("New Tax Return Amount Due", true): Text 'New Tax Return Amount Due' is present on page  using regular expression

2023-10-02 18:09:43 - [MESSAGE][PASSED] - Text 'New Tax Return Amount Due' is present on page  using regular expression

2023-10-02 18:09:43 - [TEST_STEP][PASSED] - verifyTextPresent("Filing Year:", true): Text 'Filing Year:' is present on page  using regular expression

2023-10-02 18:09:44 - [MESSAGE][PASSED] - Text 'Filing Year:' is present on page  using regular expression

2023-10-02 18:09:44 - [TEST_STEP][PASSED] - verifyTextPresent(FilingYear, true): Text '2021' is present on page  using regular expression

2023-10-02 18:09:44 - [MESSAGE][PASSED] - Text '2021' is present on page  using regular expression

2023-10-02 18:09:44 - [TEST_STEP][PASSED] - verifyTextPresent("Payer Information", true): Text 'Payer Information' is present on page  using regular expression

2023-10-02 18:09:45 - [MESSAGE][PASSED] - Text 'Payer Information' is present on page  using regular expression

2023-10-02 18:09:45 - [TEST_STEP][PASSED] - verifyTextPresent("Taxpayer Name:", true): Text 'Taxpayer Name:' is present on page  using regular expression

2023-10-02 18:09:45 - [MESSAGE][PASSED] - Text 'Taxpayer Name:' is present on page  using regular expression

2023-10-02 18:09:45 - [TEST_STEP][PASSED] - verifyTextPresent("My Company", true): Text 'My Company' is present on page  using regular expression

2023-10-02 18:09:45 - [MESSAGE][PASSED] - Text 'My Company' is present on page  using regular expression

2023-10-02 18:09:45 - [TEST_STEP][PASSED] - verifyTextPresent("Business Rep Name:", true): Text 'Business Rep Name:' is present on page  using regular expression

2023-10-02 18:09:46 - [MESSAGE][PASSED] - Text 'Business Rep Name:' is present on page  using regular expression

2023-10-02 18:09:46 - [TEST_STEP][PASSED] - verifyTextPresent("BusRepFname BusRepLname", true): Text 'BusRepFname BusRepLname' is present on page  using regular expression

2023-10-02 18:09:46 - [MESSAGE][PASSED] - Text 'BusRepFname BusRepLname' is present on page  using regular expression

2023-10-02 18:09:46 - [TEST_STEP][PASSED] - verifyTextPresent("Taxpayer Address:", true): Text 'Taxpayer Address:' is present on page  using regular expression

2023-10-02 18:09:46 - [MESSAGE][PASSED] - Text 'Taxpayer Address:' is present on page  using regular expression

2023-10-02 18:09:46 - [TEST_STEP][PASSED] - verifyTextPresent("2508 Mandan Terrace Gambrills Maryland 21054", true): Text '2508 Mandan Terrace Gambrills Maryland 21054' is present on page  using regular expression

2023-10-02 18:09:47 - [MESSAGE][PASSED] - Text '2508 Mandan Terrace Gambrills Maryland 21054' is present on page  using regular expression

2023-10-02 18:09:47 - [TEST_STEP][PASSED] - verifyTextPresent("Email:", true): Text 'Email:' is present on page  using regular expression

2023-10-02 18:09:47 - [MESSAGE][PASSED] - Text 'Email:' is present on page  using regular expression

2023-10-02 18:09:47 - [TEST_STEP][PASSED] - verifyTextPresent("iahmed@govolution.com", true): Text 'iahmed@govolution.com' is present on page  using regular expression

2023-10-02 18:09:48 - [MESSAGE][PASSED] - Text 'iahmed@govolution.com' is present on page  using regular expression

2023-10-02 18:09:48 - [TEST_STEP][PASSED] - verifyTextPresent("Phone:", true): Text 'Phone:' is present on page  using regular expression

2023-10-02 18:09:48 - [MESSAGE][PASSED] - Text 'Phone:' is present on page  using regular expression

2023-10-02 18:09:48 - [TEST_STEP][PASSED] - verifyTextPresent("(703) 894-5000", false): Text '(703) 894-5000' is present on page 

2023-10-02 18:09:48 - [MESSAGE][PASSED] - Text '(703) 894-5000' is present on page 

2023-10-02 18:09:48 - [TEST_STEP][PASSED] - verifyTextPresent("Tax Information", true): Text 'Tax Information' is present on page  using regular expression

2023-10-02 18:09:49 - [MESSAGE][PASSED] - Text 'Tax Information' is present on page  using regular expression

2023-10-02 18:09:49 - [TEST_STEP][PASSED] - if (feinSSN.equalsIgnoreCase("Y")): null

2023-10-02 18:09:49 - [TEST_STEP][PASSED] - else: Text 'FEIN/SSN:' is not present on page using regular expression

2023-10-02 18:09:49 - [TEST_STEP][PASSED] - verifyTextPresent("Federal EIN:", true): Text 'Federal EIN:' is present on page  using regular expression

2023-10-02 18:09:49 - [MESSAGE][PASSED] - Text 'Federal EIN:' is present on page  using regular expression

2023-10-02 18:09:49 - [TEST_STEP][PASSED] - verifyTextNotPresent("FEIN/SSN:", true): Text 'FEIN/SSN:' is not present on page using regular expression

2023-10-02 18:09:49 - [MESSAGE][PASSED] - Text 'FEIN/SSN:' is not present on page using regular expression

2023-10-02 18:09:49 - [TEST_STEP][PASSED] - verifyTextPresent("Payment Amount:", true): Text 'Payment Amount:' is present on page  using regular expression

2023-10-02 18:09:50 - [MESSAGE][PASSED] - Text 'Payment Amount:' is present on page  using regular expression

2023-10-02 18:09:50 - [TEST_STEP][PASSED] - verifyTextPresent("100.00", true): Text '100.00' is present on page  using regular expression

2023-10-02 18:09:50 - [MESSAGE][PASSED] - Text '100.00' is present on page  using regular expression

2023-10-02 18:09:50 - [TEST_STEP][PASSED] - if (verifyElementVisible(findTestObject(orPath_Summary + "/button_Proceed to Payment"))): null

2023-10-02 18:09:51 - [MESSAGE][PASSED] - Object 'Object Repository/RAD_Pages/Summary_Page/button_Proceed to Payment' is visible

2023-10-02 18:09:51 - [TEST_STEP][PASSED] - resText = "Pass": null

2023-10-02 18:09:51 - [TEST_STEP][PASSED] - pages.WriteExcel.demoKey(resText, datText, resColumn, datCloumn, fileLoc, nameSheet, row): pages.WriteExcel.demoKey is PASSED

2023-10-02 18:09:51 - [MESSAGE][PASSED] - pages.WriteExcel.demoKey is PASSED

2023-10-02 18:09:51 - [TEST_STEP][PASSED] - click(findTestObject(orPath_Summary + "/button_Proceed to Payment")): Object: 'Object Repository/RAD_Pages/Summary_Page/button_Proceed to Payment' is clicked on

2023-10-02 18:09:52 - [MESSAGE][PASSED] - Object: 'Object Repository/RAD_Pages/Summary_Page/button_Proceed to Payment' is clicked on

2023-10-02 18:09:52 - [TEST_STEP][PASSED] - ExecuteTC = findTestData(dataFile).getValue("Execute", row): null

2023-10-02 18:09:52 - [TEST_STEP][PASSED] - TaxType = findTestData(dataFile).getValue("TaxType", row): null

2023-10-02 18:09:53 - [TEST_STEP][PASSED] - PaymentType = findTestData(dataFile).getValue("PaymentType", row): null

2023-10-02 18:09:53 - [TEST_STEP][PASSED] - FilingYear = findTestData(dataFile).getValue("Year", row): null

2023-10-02 18:09:53 - [TEST_STEP][PASSED] - feinSSN = findTestData(dataFile).getValue("FeinSsn", row): null

2023-10-02 18:09:53 - [TEST_STEP][PASSED] - if (ExecuteTC.equalsIgnoreCase("Y")): Object: 'Object Repository/RAD_Pages/Summary_Page/button_Proceed to Payment' is clicked on

2023-10-02 18:09:53 - [TEST_STEP][PASSED] - out.println("Begin Record Number: " + row): null

2023-10-02 18:09:53 - [TEST_STEP][PASSED] - today = new java.util.Date(): null

2023-10-02 18:09:53 - [TEST_STEP][PASSED] - println(today): null

2023-10-02 18:09:53 - [TEST_STEP][PASSED] - datText = today: null

2023-10-02 18:09:53 - [TEST_STEP][PASSED] - logInfo("Payment Type: New Tax Return Amount Due"): Payment Type: New Tax Return Amount Due

2023-10-02 18:09:53 - [MESSAGE][INFO] - Payment Type: New Tax Return Amount Due

2023-10-02 18:09:53 - [TEST_STEP][PASSED] - logInfo("Tax Type: " + TaxType): Tax Type: PTE Non-Electing Non-S Corp

2023-10-02 18:09:53 - [MESSAGE][INFO] - Tax Type: PTE Non-Electing Non-S Corp

2023-10-02 18:09:53 - [TEST_STEP][PASSED] - openBrowser(""): Browser is opened with url: ''

2023-10-02 18:09:53 - [MESSAGE][WARNING] - A browser is already opened. Closing browser and opening a new one

2023-10-02 18:09:54 - [MESSAGE][INFO] - Starting 'Chrome' driver

2023-10-02 18:09:54 - [MESSAGE][INFO] - User set preference: ['acceptInsecureCerts', 'true']

2023-10-02 18:09:54 - [MESSAGE][INFO] - Action delay is set to 0 milliseconds

2023-10-02 18:09:55 - [MESSAGE][PASSED] - Browser is opened with url: ''

2023-10-02 18:09:55 - [TEST_STEP][PASSED] - maximizeWindow(): Current window maximized

2023-10-02 18:09:55 - [MESSAGE][PASSED] - Current window maximized

2023-10-02 18:09:55 - [TEST_STEP][PASSED] - navigateToUrl(RADurl): Navigate to 'https://demo.velocitypayment.com/client/rad/index.html' successfully

2023-10-02 18:09:57 - [MESSAGE][PASSED] - Navigate to 'https://demo.velocitypayment.com/client/rad/index.html' successfully

2023-10-02 18:09:57 - [TEST_STEP][PASSED] - selectOptionByLabel(findTestObject(orPath_Landing + "/dd_TaxType"), "New Tax Return Amount Due", false): All options with label 'New Tax Return Amount Due' are selected in object 'Object Repository/RAD_Pages/Landing_Page/dd_TaxType' 

2023-10-02 18:09:57 - [MESSAGE][PASSED] - All options with label 'New Tax Return Amount Due' are selected in object 'Object Repository/RAD_Pages/Landing_Page/dd_TaxType' 

2023-10-02 18:09:57 - [TEST_STEP][PASSED] - selectOptionByLabel(findTestObject("Object Repository/RAD_Pages/Landing_Page/select_NewTaxReturnAmountDue_TaxType"), TaxType, false): All options with label 'PTE Non-Electing Non-S Corp' are selected in object 'Object Repository/RAD_Pages/Landing_Page/select_NewTaxReturnAmountDue_TaxType' 

2023-10-02 18:09:58 - [MESSAGE][PASSED] - All options with label 'PTE Non-Electing Non-S Corp' are selected in object 'Object Repository/RAD_Pages/Landing_Page/select_NewTaxReturnAmountDue_TaxType' 

2023-10-02 18:09:58 - [TEST_STEP][PASSED] - selectOptionByLabel(findTestObject(orPath_TaxTypeFilingYear + "/select_FilingYear"), FilingYear, false): All options with label '2021' are selected in object 'Object Repository/RAD_Pages/TaxTypeFilingYear_Page/select_FilingYear' 

2023-10-02 18:09:59 - [MESSAGE][PASSED] - All options with label '2021' are selected in object 'Object Repository/RAD_Pages/TaxTypeFilingYear_Page/select_FilingYear' 

2023-10-02 18:09:59 - [TEST_STEP][PASSED] - rad.getSetDataRAD.setDataRADBusinessName(): rad.getSetDataRAD.setDataRADBusinessName is PASSED

2023-10-02 18:10:00 - [MESSAGE][PASSED] - Text 'My Company' is set on object 'Object Repository/RAD_Pages/Taxpayer_Page/input_businessName'

2023-10-02 18:10:00 - [MESSAGE][PASSED] - rad.getSetDataRAD.setDataRADBusinessName is PASSED

2023-10-02 18:10:00 - [TEST_STEP][PASSED] - rad.getSetDataRAD.setDataRADBusinessRep(): rad.getSetDataRAD.setDataRADBusinessRep is PASSED

2023-10-02 18:10:02 - [MESSAGE][PASSED] - Text 'BusRepFname' is set on object 'Object Repository/RAD_Pages/Taxpayer_Page/input_BusinessRepfirstName'

2023-10-02 18:10:02 - [MESSAGE][PASSED] - Text '' is set on object 'Object Repository/RAD_Pages/Taxpayer_Page/input_BusinessRepmiddleName'

2023-10-02 18:10:03 - [MESSAGE][PASSED] - Text 'BusRepLname' is set on object 'Object Repository/RAD_Pages/Taxpayer_Page/input_BusinessReplastName'

2023-10-02 18:10:04 - [MESSAGE][PASSED] - Text '' is set on object 'Object Repository/RAD_Pages/Taxpayer_Page/input_BusinessRepsuffix'

2023-10-02 18:10:04 - [MESSAGE][PASSED] - rad.getSetDataRAD.setDataRADBusinessRep is PASSED

2023-10-02 18:10:04 - [TEST_STEP][PASSED] - rad.getSetDataRAD.setDataRADAddress(): rad.getSetDataRAD.setDataRADAddress is PASSED

2023-10-02 18:10:05 - [MESSAGE][PASSED] - All options with label 'United States' are selected in object 'Object Repository/RAD_Pages/AddressAndContactInfo_Page/select_Country' 

2023-10-02 18:10:06 - [MESSAGE][PASSED] - Text '2508 Mandan Terrace' is set on object 'Object Repository/RAD_Pages/AddressAndContactInfo_Page/input_streetAddress1'

2023-10-02 18:10:07 - [MESSAGE][PASSED] - Text '' is set on object 'Object Repository/RAD_Pages/AddressAndContactInfo_Page/input_streetAddress2'

2023-10-02 18:10:08 - [MESSAGE][PASSED] - Text 'Gambrills' is set on object 'Object Repository/RAD_Pages/AddressAndContactInfo_Page/input_city'

2023-10-02 18:10:08 - [MESSAGE][PASSED] - All options with label 'Maryland' are selected in object 'Object Repository/RAD_Pages/AddressAndContactInfo_Page/select_State' 

2023-10-02 18:10:09 - [MESSAGE][PASSED] - Text '21054' is set on object 'Object Repository/RAD_Pages/AddressAndContactInfo_Page/input_zipCode'

2023-10-02 18:10:10 - [MESSAGE][PASSED] - Text '(703) 894-5000' is set on object 'Object Repository/RAD_Pages/AddressAndContactInfo_Page/input_phoneNumber'

2023-10-02 18:10:11 - [MESSAGE][PASSED] - Text 'iahmed@govolution.com' is set on object 'Object Repository/RAD_Pages/AddressAndContactInfo_Page/input_eMailAddress'

2023-10-02 18:10:12 - [MESSAGE][PASSED] - Text 'iahmed@govolution.com' is set on object 'Object Repository/RAD_Pages/AddressAndContactInfo_Page/input_reEnterEMailAddress'

2023-10-02 18:10:12 - [MESSAGE][PASSED] - rad.getSetDataRAD.setDataRADAddress is PASSED

2023-10-02 18:10:12 - [TEST_STEP][PASSED] - if (feinSSN.equalsIgnoreCase("Y")): rad.getSetDataRAD.setDataRADFEINSSN is PASSED

2023-10-02 18:10:12 - [TEST_STEP][PASSED] - rad.getSetDataRAD.setDataRADFEINSSN(): rad.getSetDataRAD.setDataRADFEINSSN is PASSED

2023-10-02 18:10:13 - [MESSAGE][PASSED] - Text ****** has been set on object 'Object Repository/RAD_Pages/TaxInfo_Page/input_TaxInformation_feinSsn'

2023-10-02 18:10:13 - [MESSAGE][PASSED] - Text ****** has been set on object 'Object Repository/RAD_Pages/TaxInfo_Page/input_TaxInformation_RefeinSsn'

2023-10-02 18:10:13 - [MESSAGE][PASSED] - rad.getSetDataRAD.setDataRADFEINSSN is PASSED

2023-10-02 18:10:13 - [TEST_STEP][PASSED] - setText(findTestObject(orPath_Amount + "/input__paymentAmount"), "100.00"): Text '100.00' is set on object 'Object Repository/RAD_Pages/PaymentAmount_Page/input__paymentAmount'

2023-10-02 18:10:14 - [MESSAGE][PASSED] - Text '100.00' is set on object 'Object Repository/RAD_Pages/PaymentAmount_Page/input__paymentAmount'

2023-10-02 18:10:14 - [TEST_STEP][PASSED] - setText(findTestObject(orPath_AddressContact + "/input_streetAddress2"), ""): Text '' is set on object 'Object Repository/RAD_Pages/AddressAndContactInfo_Page/input_streetAddress2'

2023-10-02 18:10:15 - [MESSAGE][PASSED] - Text '' is set on object 'Object Repository/RAD_Pages/AddressAndContactInfo_Page/input_streetAddress2'

2023-10-02 18:10:15 - [TEST_STEP][PASSED] - scrollToElement(findTestObject(orPath_Landing + "/button_Continue"), 3): Scroll to object 'Object Repository/RAD_Pages/Landing_Page/button_Continue' successfully

2023-10-02 18:10:16 - [MESSAGE][PASSED] - Scroll to object 'Object Repository/RAD_Pages/Landing_Page/button_Continue' successfully

2023-10-02 18:10:16 - [TEST_STEP][PASSED] - waitForElementClickable(findTestObject(orPath_Landing + "/button_Continue"), 5): Object 'Object Repository/RAD_Pages/Landing_Page/button_Continue' is clickable

2023-10-02 18:10:16 - [MESSAGE][PASSED] - Object 'Object Repository/RAD_Pages/Landing_Page/button_Continue' is clickable

2023-10-02 18:10:16 - [TEST_STEP][PASSED] - click(findTestObject(orPath_Landing + "/button_Continue")): Object: 'Object Repository/RAD_Pages/Landing_Page/button_Continue' is clicked on

2023-10-02 18:10:16 - [MESSAGE][PASSED] - Object: 'Object Repository/RAD_Pages/Landing_Page/button_Continue' is clicked on

2023-10-02 18:10:16 - [TEST_STEP][PASSED] - delay(2): Delayed 2 second(s)

2023-10-02 18:10:18 - [MESSAGE][PASSED] - Delayed 2 second(s)

2023-10-02 18:10:18 - [TEST_STEP][PASSED] - verifyTextPresent("Summary", true): Text 'Summary' is present on page  using regular expression

2023-10-02 18:10:19 - [MESSAGE][PASSED] - Text 'Summary' is present on page  using regular expression

2023-10-02 18:10:19 - [TEST_STEP][PASSED] - verifyTextPresent("Review the information below and make any necessary corrections by clicking the", true): Text 'Review the information below and make any necessary corrections by clicking the' is present on page  using regular expression

2023-10-02 18:10:19 - [MESSAGE][PASSED] - Text 'Review the information below and make any necessary corrections by clicking the' is present on page  using regular expression

2023-10-02 18:10:19 - [TEST_STEP][PASSED] - verifyTextPresent("When you are confident that all the information is correct, click the", true): Text 'When you are confident that all the information is correct, click the' is present on page  using regular expression

2023-10-02 18:10:20 - [MESSAGE][PASSED] - Text 'When you are confident that all the information is correct, click the' is present on page  using regular expression

2023-10-02 18:10:20 - [TEST_STEP][PASSED] - verifyTextPresent("Payment Type/Filing Year", true): Text 'Payment Type/Filing Year' is present on page  using regular expression

2023-10-02 18:10:20 - [MESSAGE][PASSED] - Text 'Payment Type/Filing Year' is present on page  using regular expression

2023-10-02 18:10:20 - [TEST_STEP][PASSED] - verifyTextPresent("Payment Type:", true): Text 'Payment Type:' is present on page  using regular expression

2023-10-02 18:10:20 - [MESSAGE][PASSED] - Text 'Payment Type:' is present on page  using regular expression

2023-10-02 18:10:20 - [TEST_STEP][PASSED] - verifyTextPresent("New Tax Return Amount Due", true): Text 'New Tax Return Amount Due' is present on page  using regular expression

2023-10-02 18:10:21 - [MESSAGE][PASSED] - Text 'New Tax Return Amount Due' is present on page  using regular expression

2023-10-02 18:10:21 - [TEST_STEP][PASSED] - verifyTextPresent("Filing Year:", true): Text 'Filing Year:' is present on page  using regular expression

2023-10-02 18:10:21 - [MESSAGE][PASSED] - Text 'Filing Year:' is present on page  using regular expression

2023-10-02 18:10:21 - [TEST_STEP][PASSED] - verifyTextPresent(FilingYear, true): Text '2021' is present on page  using regular expression

2023-10-02 18:10:22 - [MESSAGE][PASSED] - Text '2021' is present on page  using regular expression

2023-10-02 18:10:22 - [TEST_STEP][PASSED] - verifyTextPresent("Payer Information", true): Text 'Payer Information' is present on page  using regular expression

2023-10-02 18:10:22 - [MESSAGE][PASSED] - Text 'Payer Information' is present on page  using regular expression

2023-10-02 18:10:22 - [TEST_STEP][PASSED] - verifyTextPresent("Taxpayer Name:", true): Text 'Taxpayer Name:' is present on page  using regular expression

2023-10-02 18:10:22 - [MESSAGE][PASSED] - Text 'Taxpayer Name:' is present on page  using regular expression

2023-10-02 18:10:22 - [TEST_STEP][PASSED] - verifyTextPresent("My Company", true): Text 'My Company' is present on page  using regular expression

2023-10-02 18:10:23 - [MESSAGE][PASSED] - Text 'My Company' is present on page  using regular expression

2023-10-02 18:10:23 - [TEST_STEP][PASSED] - verifyTextPresent("Business Rep Name:", true): Text 'Business Rep Name:' is present on page  using regular expression

2023-10-02 18:10:23 - [MESSAGE][PASSED] - Text 'Business Rep Name:' is present on page  using regular expression

2023-10-02 18:10:23 - [TEST_STEP][PASSED] - verifyTextPresent("BusRepFname BusRepLname", true): Text 'BusRepFname BusRepLname' is present on page  using regular expression

2023-10-02 18:10:23 - [MESSAGE][PASSED] - Text 'BusRepFname BusRepLname' is present on page  using regular expression

2023-10-02 18:10:23 - [TEST_STEP][PASSED] - verifyTextPresent("Taxpayer Address:", true): Text 'Taxpayer Address:' is present on page  using regular expression

2023-10-02 18:10:24 - [MESSAGE][PASSED] - Text 'Taxpayer Address:' is present on page  using regular expression

2023-10-02 18:10:24 - [TEST_STEP][PASSED] - verifyTextPresent("2508 Mandan Terrace Gambrills Maryland 21054", true): Text '2508 Mandan Terrace Gambrills Maryland 21054' is present on page  using regular expression

2023-10-02 18:10:24 - [MESSAGE][PASSED] - Text '2508 Mandan Terrace Gambrills Maryland 21054' is present on page  using regular expression

2023-10-02 18:10:24 - [TEST_STEP][PASSED] - verifyTextPresent("Email:", true): Text 'Email:' is present on page  using regular expression

2023-10-02 18:10:24 - [MESSAGE][PASSED] - Text 'Email:' is present on page  using regular expression

2023-10-02 18:10:24 - [TEST_STEP][PASSED] - verifyTextPresent("iahmed@govolution.com", true): Text 'iahmed@govolution.com' is present on page  using regular expression

2023-10-02 18:10:25 - [MESSAGE][PASSED] - Text 'iahmed@govolution.com' is present on page  using regular expression

2023-10-02 18:10:25 - [TEST_STEP][PASSED] - verifyTextPresent("Phone:", true): Text 'Phone:' is present on page  using regular expression

2023-10-02 18:10:25 - [MESSAGE][PASSED] - Text 'Phone:' is present on page  using regular expression

2023-10-02 18:10:25 - [TEST_STEP][PASSED] - verifyTextPresent("(703) 894-5000", false): Text '(703) 894-5000' is present on page 

2023-10-02 18:10:26 - [MESSAGE][PASSED] - Text '(703) 894-5000' is present on page 

2023-10-02 18:10:26 - [TEST_STEP][PASSED] - verifyTextPresent("Tax Information", true): Text 'Tax Information' is present on page  using regular expression

2023-10-02 18:10:26 - [MESSAGE][PASSED] - Text 'Tax Information' is present on page  using regular expression

2023-10-02 18:10:26 - [TEST_STEP][PASSED] - if (feinSSN.equalsIgnoreCase("Y")): Text 'Federal EIN:' is not present on page using regular expression

2023-10-02 18:10:26 - [TEST_STEP][PASSED] - verifyTextPresent("FEIN/SSN:", true): Text 'FEIN/SSN:' is present on page  using regular expression

2023-10-02 18:10:26 - [MESSAGE][PASSED] - Text 'FEIN/SSN:' is present on page  using regular expression

2023-10-02 18:10:26 - [TEST_STEP][PASSED] - verifyTextNotPresent("Federal EIN:", true): Text 'Federal EIN:' is not present on page using regular expression

2023-10-02 18:10:27 - [MESSAGE][PASSED] - Text 'Federal EIN:' is not present on page using regular expression

2023-10-02 18:10:27 - [TEST_STEP][PASSED] - verifyTextPresent("Payment Amount:", true): Text 'Payment Amount:' is present on page  using regular expression

2023-10-02 18:10:27 - [MESSAGE][PASSED] - Text 'Payment Amount:' is present on page  using regular expression

2023-10-02 18:10:27 - [TEST_STEP][PASSED] - verifyTextPresent("100.00", true): Text '100.00' is present on page  using regular expression

2023-10-02 18:10:27 - [MESSAGE][PASSED] - Text '100.00' is present on page  using regular expression

2023-10-02 18:10:27 - [TEST_STEP][PASSED] - if (verifyElementVisible(findTestObject(orPath_Summary + "/button_Proceed to Payment"))): null

2023-10-02 18:10:28 - [MESSAGE][PASSED] - Object 'Object Repository/RAD_Pages/Summary_Page/button_Proceed to Payment' is visible

2023-10-02 18:10:28 - [TEST_STEP][PASSED] - resText = "Pass": null

2023-10-02 18:10:28 - [TEST_STEP][PASSED] - pages.WriteExcel.demoKey(resText, datText, resColumn, datCloumn, fileLoc, nameSheet, row): pages.WriteExcel.demoKey is PASSED

2023-10-02 18:10:28 - [MESSAGE][PASSED] - pages.WriteExcel.demoKey is PASSED

2023-10-02 18:10:28 - [TEST_STEP][PASSED] - click(findTestObject(orPath_Summary + "/button_Proceed to Payment")): Object: 'Object Repository/RAD_Pages/Summary_Page/button_Proceed to Payment' is clicked on

2023-10-02 18:10:30 - [MESSAGE][PASSED] - Object: 'Object Repository/RAD_Pages/Summary_Page/button_Proceed to Payment' is clicked on

2023-10-02 18:10:30 - [TEST_STEP][PASSED] - ExecuteTC = findTestData(dataFile).getValue("Execute", row): null

2023-10-02 18:10:30 - [TEST_STEP][PASSED] - TaxType = findTestData(dataFile).getValue("TaxType", row): null

2023-10-02 18:10:30 - [TEST_STEP][PASSED] - PaymentType = findTestData(dataFile).getValue("PaymentType", row): null

2023-10-02 18:10:30 - [TEST_STEP][PASSED] - FilingYear = findTestData(dataFile).getValue("Year", row): null

2023-10-02 18:10:30 - [TEST_STEP][PASSED] - feinSSN = findTestData(dataFile).getValue("FeinSsn", row): null

2023-10-02 18:10:30 - [TEST_STEP][PASSED] - if (ExecuteTC.equalsIgnoreCase("Y")): Object: 'Object Repository/RAD_Pages/Summary_Page/button_Proceed to Payment' is clicked on

2023-10-02 18:10:30 - [TEST_STEP][PASSED] - out.println("Begin Record Number: " + row): null

2023-10-02 18:10:30 - [TEST_STEP][PASSED] - today = new java.util.Date(): null

2023-10-02 18:10:30 - [TEST_STEP][PASSED] - println(today): null

2023-10-02 18:10:30 - [TEST_STEP][PASSED] - datText = today: null

2023-10-02 18:10:30 - [TEST_STEP][PASSED] - logInfo("Payment Type: New Tax Return Amount Due"): Payment Type: New Tax Return Amount Due

2023-10-02 18:10:30 - [MESSAGE][INFO] - Payment Type: New Tax Return Amount Due

2023-10-02 18:10:30 - [TEST_STEP][PASSED] - logInfo("Tax Type: " + TaxType): Tax Type: PTE Non-Electing S Corp

2023-10-02 18:10:30 - [MESSAGE][INFO] - Tax Type: PTE Non-Electing S Corp

2023-10-02 18:10:30 - [TEST_STEP][PASSED] - openBrowser(""): Browser is opened with url: ''

2023-10-02 18:10:30 - [MESSAGE][WARNING] - A browser is already opened. Closing browser and opening a new one

2023-10-02 18:10:31 - [MESSAGE][INFO] - Starting 'Chrome' driver

2023-10-02 18:10:31 - [MESSAGE][INFO] - User set preference: ['acceptInsecureCerts', 'true']

2023-10-02 18:10:31 - [MESSAGE][INFO] - Action delay is set to 0 milliseconds

2023-10-02 18:10:32 - [MESSAGE][PASSED] - Browser is opened with url: ''

2023-10-02 18:10:32 - [TEST_STEP][PASSED] - maximizeWindow(): Current window maximized

2023-10-02 18:10:32 - [MESSAGE][PASSED] - Current window maximized

2023-10-02 18:10:32 - [TEST_STEP][PASSED] - navigateToUrl(RADurl): Navigate to 'https://demo.velocitypayment.com/client/rad/index.html' successfully

2023-10-02 18:10:34 - [MESSAGE][PASSED] - Navigate to 'https://demo.velocitypayment.com/client/rad/index.html' successfully

2023-10-02 18:10:34 - [TEST_STEP][PASSED] - selectOptionByLabel(findTestObject(orPath_Landing + "/dd_TaxType"), "New Tax Return Amount Due", false): All options with label 'New Tax Return Amount Due' are selected in object 'Object Repository/RAD_Pages/Landing_Page/dd_TaxType' 

2023-10-02 18:10:34 - [MESSAGE][PASSED] - All options with label 'New Tax Return Amount Due' are selected in object 'Object Repository/RAD_Pages/Landing_Page/dd_TaxType' 

2023-10-02 18:10:34 - [TEST_STEP][PASSED] - selectOptionByLabel(findTestObject("Object Repository/RAD_Pages/Landing_Page/select_NewTaxReturnAmountDue_TaxType"), TaxType, false): All options with label 'PTE Non-Electing S Corp' are selected in object 'Object Repository/RAD_Pages/Landing_Page/select_NewTaxReturnAmountDue_TaxType' 

2023-10-02 18:10:35 - [MESSAGE][PASSED] - All options with label 'PTE Non-Electing S Corp' are selected in object 'Object Repository/RAD_Pages/Landing_Page/select_NewTaxReturnAmountDue_TaxType' 

2023-10-02 18:10:35 - [TEST_STEP][PASSED] - selectOptionByLabel(findTestObject(orPath_TaxTypeFilingYear + "/select_FilingYear"), FilingYear, false): All options with label '2021' are selected in object 'Object Repository/RAD_Pages/TaxTypeFilingYear_Page/select_FilingYear' 

2023-10-02 18:10:36 - [MESSAGE][PASSED] - All options with label '2021' are selected in object 'Object Repository/RAD_Pages/TaxTypeFilingYear_Page/select_FilingYear' 

2023-10-02 18:10:36 - [TEST_STEP][PASSED] - rad.getSetDataRAD.setDataRADBusinessName(): rad.getSetDataRAD.setDataRADBusinessName is PASSED

2023-10-02 18:10:37 - [MESSAGE][PASSED] - Text 'My Company' is set on object 'Object Repository/RAD_Pages/Taxpayer_Page/input_businessName'

2023-10-02 18:10:37 - [MESSAGE][PASSED] - rad.getSetDataRAD.setDataRADBusinessName is PASSED

2023-10-02 18:10:37 - [TEST_STEP][PASSED] - rad.getSetDataRAD.setDataRADBusinessRep(): rad.getSetDataRAD.setDataRADBusinessRep is PASSED

2023-10-02 18:10:39 - [MESSAGE][PASSED] - Text 'BusRepFname' is set on object 'Object Repository/RAD_Pages/Taxpayer_Page/input_BusinessRepfirstName'

2023-10-02 18:10:40 - [MESSAGE][PASSED] - Text '' is set on object 'Object Repository/RAD_Pages/Taxpayer_Page/input_BusinessRepmiddleName'

2023-10-02 18:10:40 - [MESSAGE][PASSED] - Text 'BusRepLname' is set on object 'Object Repository/RAD_Pages/Taxpayer_Page/input_BusinessReplastName'

2023-10-02 18:10:41 - [MESSAGE][PASSED] - Text '' is set on object 'Object Repository/RAD_Pages/Taxpayer_Page/input_BusinessRepsuffix'

2023-10-02 18:10:41 - [MESSAGE][PASSED] - rad.getSetDataRAD.setDataRADBusinessRep is PASSED

2023-10-02 18:10:41 - [TEST_STEP][PASSED] - rad.getSetDataRAD.setDataRADAddress(): rad.getSetDataRAD.setDataRADAddress is PASSED

2023-10-02 18:10:42 - [MESSAGE][PASSED] - All options with label 'United States' are selected in object 'Object Repository/RAD_Pages/AddressAndContactInfo_Page/select_Country' 

2023-10-02 18:10:43 - [MESSAGE][PASSED] - Text '2508 Mandan Terrace' is set on object 'Object Repository/RAD_Pages/AddressAndContactInfo_Page/input_streetAddress1'

2023-10-02 18:10:44 - [MESSAGE][PASSED] - Text '' is set on object 'Object Repository/RAD_Pages/AddressAndContactInfo_Page/input_streetAddress2'

2023-10-02 18:10:45 - [MESSAGE][PASSED] - Text 'Gambrills' is set on object 'Object Repository/RAD_Pages/AddressAndContactInfo_Page/input_city'

2023-10-02 18:10:46 - [MESSAGE][PASSED] - All options with label 'Maryland' are selected in object 'Object Repository/RAD_Pages/AddressAndContactInfo_Page/select_State' 

2023-10-02 18:10:46 - [MESSAGE][PASSED] - Text '21054' is set on object 'Object Repository/RAD_Pages/AddressAndContactInfo_Page/input_zipCode'

2023-10-02 18:10:47 - [MESSAGE][PASSED] - Text '(703) 894-5000' is set on object 'Object Repository/RAD_Pages/AddressAndContactInfo_Page/input_phoneNumber'

2023-10-02 18:10:48 - [MESSAGE][PASSED] - Text 'iahmed@govolution.com' is set on object 'Object Repository/RAD_Pages/AddressAndContactInfo_Page/input_eMailAddress'

2023-10-02 18:10:49 - [MESSAGE][PASSED] - Text 'iahmed@govolution.com' is set on object 'Object Repository/RAD_Pages/AddressAndContactInfo_Page/input_reEnterEMailAddress'

2023-10-02 18:10:49 - [MESSAGE][PASSED] - rad.getSetDataRAD.setDataRADAddress is PASSED

2023-10-02 18:10:49 - [TEST_STEP][PASSED] - if (feinSSN.equalsIgnoreCase("Y")): rad.getSetDataRAD.setDataRADFEINSSN is PASSED

2023-10-02 18:10:49 - [TEST_STEP][PASSED] - rad.getSetDataRAD.setDataRADFEINSSN(): rad.getSetDataRAD.setDataRADFEINSSN is PASSED

2023-10-02 18:10:50 - [MESSAGE][PASSED] - Text ****** has been set on object 'Object Repository/RAD_Pages/TaxInfo_Page/input_TaxInformation_feinSsn'

2023-10-02 18:10:51 - [MESSAGE][PASSED] - Text ****** has been set on object 'Object Repository/RAD_Pages/TaxInfo_Page/input_TaxInformation_RefeinSsn'

2023-10-02 18:10:51 - [MESSAGE][PASSED] - rad.getSetDataRAD.setDataRADFEINSSN is PASSED

2023-10-02 18:10:51 - [TEST_STEP][PASSED] - setText(findTestObject(orPath_Amount + "/input__paymentAmount"), "100.00"): Text '100.00' is set on object 'Object Repository/RAD_Pages/PaymentAmount_Page/input__paymentAmount'

2023-10-02 18:10:52 - [MESSAGE][PASSED] - Text '100.00' is set on object 'Object Repository/RAD_Pages/PaymentAmount_Page/input__paymentAmount'

2023-10-02 18:10:52 - [TEST_STEP][PASSED] - setText(findTestObject(orPath_AddressContact + "/input_streetAddress2"), ""): Text '' is set on object 'Object Repository/RAD_Pages/AddressAndContactInfo_Page/input_streetAddress2'

2023-10-02 18:10:52 - [MESSAGE][PASSED] - Text '' is set on object 'Object Repository/RAD_Pages/AddressAndContactInfo_Page/input_streetAddress2'

2023-10-02 18:10:52 - [TEST_STEP][PASSED] - scrollToElement(findTestObject(orPath_Landing + "/button_Continue"), 3): Scroll to object 'Object Repository/RAD_Pages/Landing_Page/button_Continue' successfully

2023-10-02 18:10:53 - [MESSAGE][PASSED] - Scroll to object 'Object Repository/RAD_Pages/Landing_Page/button_Continue' successfully

2023-10-02 18:10:53 - [TEST_STEP][PASSED] - waitForElementClickable(findTestObject(orPath_Landing + "/button_Continue"), 5): Object 'Object Repository/RAD_Pages/Landing_Page/button_Continue' is clickable

2023-10-02 18:10:53 - [MESSAGE][PASSED] - Object 'Object Repository/RAD_Pages/Landing_Page/button_Continue' is clickable

2023-10-02 18:10:53 - [TEST_STEP][PASSED] - click(findTestObject(orPath_Landing + "/button_Continue")): Object: 'Object Repository/RAD_Pages/Landing_Page/button_Continue' is clicked on

2023-10-02 18:10:54 - [MESSAGE][PASSED] - Object: 'Object Repository/RAD_Pages/Landing_Page/button_Continue' is clicked on

2023-10-02 18:10:54 - [TEST_STEP][PASSED] - delay(2): Delayed 2 second(s)

2023-10-02 18:10:56 - [MESSAGE][PASSED] - Delayed 2 second(s)

2023-10-02 18:10:56 - [TEST_STEP][PASSED] - verifyTextPresent("Summary", true): Text 'Summary' is present on page  using regular expression

2023-10-02 18:10:56 - [MESSAGE][PASSED] - Text 'Summary' is present on page  using regular expression

2023-10-02 18:10:56 - [TEST_STEP][PASSED] - verifyTextPresent("Review the information below and make any necessary corrections by clicking the", true): Text 'Review the information below and make any necessary corrections by clicking the' is present on page  using regular expression

2023-10-02 18:10:56 - [MESSAGE][PASSED] - Text 'Review the information below and make any necessary corrections by clicking the' is present on page  using regular expression

2023-10-02 18:10:56 - [TEST_STEP][PASSED] - verifyTextPresent("When you are confident that all the information is correct, click the", true): Text 'When you are confident that all the information is correct, click the' is present on page  using regular expression

2023-10-02 18:10:57 - [MESSAGE][PASSED] - Text 'When you are confident that all the information is correct, click the' is present on page  using regular expression

2023-10-02 18:10:57 - [TEST_STEP][PASSED] - verifyTextPresent("Payment Type/Filing Year", true): Text 'Payment Type/Filing Year' is present on page  using regular expression

2023-10-02 18:10:57 - [MESSAGE][PASSED] - Text 'Payment Type/Filing Year' is present on page  using regular expression

2023-10-02 18:10:57 - [TEST_STEP][PASSED] - verifyTextPresent("Payment Type:", true): Text 'Payment Type:' is present on page  using regular expression

2023-10-02 18:10:58 - [MESSAGE][PASSED] - Text 'Payment Type:' is present on page  using regular expression

2023-10-02 18:10:58 - [TEST_STEP][PASSED] - verifyTextPresent("New Tax Return Amount Due", true): Text 'New Tax Return Amount Due' is present on page  using regular expression

2023-10-02 18:10:58 - [MESSAGE][PASSED] - Text 'New Tax Return Amount Due' is present on page  using regular expression

2023-10-02 18:10:58 - [TEST_STEP][PASSED] - verifyTextPresent("Filing Year:", true): Text 'Filing Year:' is present on page  using regular expression

2023-10-02 18:10:58 - [MESSAGE][PASSED] - Text 'Filing Year:' is present on page  using regular expression

2023-10-02 18:10:58 - [TEST_STEP][PASSED] - verifyTextPresent(FilingYear, true): Text '2021' is present on page  using regular expression

2023-10-02 18:10:59 - [MESSAGE][PASSED] - Text '2021' is present on page  using regular expression

2023-10-02 18:10:59 - [TEST_STEP][PASSED] - verifyTextPresent("Payer Information", true): Text 'Payer Information' is present on page  using regular expression

2023-10-02 18:10:59 - [MESSAGE][PASSED] - Text 'Payer Information' is present on page  using regular expression

2023-10-02 18:10:59 - [TEST_STEP][PASSED] - verifyTextPresent("Taxpayer Name:", true): Text 'Taxpayer Name:' is present on page  using regular expression

2023-10-02 18:10:59 - [MESSAGE][PASSED] - Text 'Taxpayer Name:' is present on page  using regular expression

2023-10-02 18:10:59 - [TEST_STEP][PASSED] - verifyTextPresent("My Company", true): Text 'My Company' is present on page  using regular expression

2023-10-02 18:11:00 - [MESSAGE][PASSED] - Text 'My Company' is present on page  using regular expression

2023-10-02 18:11:00 - [TEST_STEP][PASSED] - verifyTextPresent("Business Rep Name:", true): Text 'Business Rep Name:' is present on page  using regular expression

2023-10-02 18:11:00 - [MESSAGE][PASSED] - Text 'Business Rep Name:' is present on page  using regular expression

2023-10-02 18:11:00 - [TEST_STEP][PASSED] - verifyTextPresent("BusRepFname BusRepLname", true): Text 'BusRepFname BusRepLname' is present on page  using regular expression

2023-10-02 18:11:01 - [MESSAGE][PASSED] - Text 'BusRepFname BusRepLname' is present on page  using regular expression

2023-10-02 18:11:01 - [TEST_STEP][PASSED] - verifyTextPresent("Taxpayer Address:", true): Text 'Taxpayer Address:' is present on page  using regular expression

2023-10-02 18:11:01 - [MESSAGE][PASSED] - Text 'Taxpayer Address:' is present on page  using regular expression

2023-10-02 18:11:01 - [TEST_STEP][PASSED] - verifyTextPresent("2508 Mandan Terrace Gambrills Maryland 21054", true): Text '2508 Mandan Terrace Gambrills Maryland 21054' is present on page  using regular expression

2023-10-02 18:11:01 - [MESSAGE][PASSED] - Text '2508 Mandan Terrace Gambrills Maryland 21054' is present on page  using regular expression

2023-10-02 18:11:01 - [TEST_STEP][PASSED] - verifyTextPresent("Email:", true): Text 'Email:' is present on page  using regular expression

2023-10-02 18:11:02 - [MESSAGE][PASSED] - Text 'Email:' is present on page  using regular expression

2023-10-02 18:11:02 - [TEST_STEP][PASSED] - verifyTextPresent("iahmed@govolution.com", true): Text 'iahmed@govolution.com' is present on page  using regular expression

2023-10-02 18:11:02 - [MESSAGE][PASSED] - Text 'iahmed@govolution.com' is present on page  using regular expression

2023-10-02 18:11:02 - [TEST_STEP][PASSED] - verifyTextPresent("Phone:", true): Text 'Phone:' is present on page  using regular expression

2023-10-02 18:11:02 - [MESSAGE][PASSED] - Text 'Phone:' is present on page  using regular expression

2023-10-02 18:11:02 - [TEST_STEP][PASSED] - verifyTextPresent("(703) 894-5000", false): Text '(703) 894-5000' is present on page 

2023-10-02 18:11:03 - [MESSAGE][PASSED] - Text '(703) 894-5000' is present on page 

2023-10-02 18:11:03 - [TEST_STEP][PASSED] - verifyTextPresent("Tax Information", true): Text 'Tax Information' is present on page  using regular expression

2023-10-02 18:11:03 - [MESSAGE][PASSED] - Text 'Tax Information' is present on page  using regular expression

2023-10-02 18:11:03 - [TEST_STEP][PASSED] - if (feinSSN.equalsIgnoreCase("Y")): Text 'Federal EIN:' is not present on page using regular expression

2023-10-02 18:11:03 - [TEST_STEP][PASSED] - verifyTextPresent("FEIN/SSN:", true): Text 'FEIN/SSN:' is present on page  using regular expression

2023-10-02 18:11:04 - [MESSAGE][PASSED] - Text 'FEIN/SSN:' is present on page  using regular expression

2023-10-02 18:11:04 - [TEST_STEP][PASSED] - verifyTextNotPresent("Federal EIN:", true): Text 'Federal EIN:' is not present on page using regular expression

2023-10-02 18:11:04 - [MESSAGE][PASSED] - Text 'Federal EIN:' is not present on page using regular expression

2023-10-02 18:11:04 - [TEST_STEP][PASSED] - verifyTextPresent("Payment Amount:", true): Text 'Payment Amount:' is present on page  using regular expression

2023-10-02 18:11:04 - [MESSAGE][PASSED] - Text 'Payment Amount:' is present on page  using regular expression

2023-10-02 18:11:04 - [TEST_STEP][PASSED] - verifyTextPresent("100.00", true): Text '100.00' is present on page  using regular expression

2023-10-02 18:11:05 - [MESSAGE][PASSED] - Text '100.00' is present on page  using regular expression

2023-10-02 18:11:05 - [TEST_STEP][PASSED] - if (verifyElementVisible(findTestObject(orPath_Summary + "/button_Proceed to Payment"))): null

2023-10-02 18:11:05 - [MESSAGE][PASSED] - Object 'Object Repository/RAD_Pages/Summary_Page/button_Proceed to Payment' is visible

2023-10-02 18:11:05 - [TEST_STEP][PASSED] - resText = "Pass": null

2023-10-02 18:11:05 - [TEST_STEP][PASSED] - pages.WriteExcel.demoKey(resText, datText, resColumn, datCloumn, fileLoc, nameSheet, row): pages.WriteExcel.demoKey is PASSED

2023-10-02 18:11:05 - [MESSAGE][PASSED] - pages.WriteExcel.demoKey is PASSED

2023-10-02 18:11:05 - [TEST_STEP][PASSED] - click(findTestObject(orPath_Summary + "/button_Proceed to Payment")): Object: 'Object Repository/RAD_Pages/Summary_Page/button_Proceed to Payment' is clicked on

2023-10-02 18:11:07 - [MESSAGE][PASSED] - Object: 'Object Repository/RAD_Pages/Summary_Page/button_Proceed to Payment' is clicked on

2023-10-02 18:11:07 - [TEST_STEP][PASSED] - ExecuteTC = findTestData(dataFile).getValue("Execute", row): null

2023-10-02 18:11:07 - [TEST_STEP][PASSED] - TaxType = findTestData(dataFile).getValue("TaxType", row): null

2023-10-02 18:11:07 - [TEST_STEP][PASSED] - PaymentType = findTestData(dataFile).getValue("PaymentType", row): null

2023-10-02 18:11:07 - [TEST_STEP][PASSED] - FilingYear = findTestData(dataFile).getValue("Year", row): null

2023-10-02 18:11:07 - [TEST_STEP][PASSED] - feinSSN = findTestData(dataFile).getValue("FeinSsn", row): null

2023-10-02 18:11:07 - [TEST_STEP][PASSED] - if (ExecuteTC.equalsIgnoreCase("Y")): Object: 'Object Repository/RAD_Pages/Summary_Page/button_Proceed to Payment' is clicked on

2023-10-02 18:11:07 - [TEST_STEP][PASSED] - out.println("Begin Record Number: " + row): null

2023-10-02 18:11:07 - [TEST_STEP][PASSED] - today = new java.util.Date(): null

2023-10-02 18:11:07 - [TEST_STEP][PASSED] - println(today): null

2023-10-02 18:11:07 - [TEST_STEP][PASSED] - datText = today: null

2023-10-02 18:11:07 - [TEST_STEP][PASSED] - logInfo("Payment Type: New Tax Return Amount Due"): Payment Type: New Tax Return Amount Due

2023-10-02 18:11:07 - [MESSAGE][INFO] - Payment Type: New Tax Return Amount Due

2023-10-02 18:11:07 - [TEST_STEP][PASSED] - logInfo("Tax Type: " + TaxType): Tax Type: PTE Tax Electing Non-S Corp

2023-10-02 18:11:07 - [MESSAGE][INFO] - Tax Type: PTE Tax Electing Non-S Corp

2023-10-02 18:11:07 - [TEST_STEP][PASSED] - openBrowser(""): Browser is opened with url: ''

2023-10-02 18:11:07 - [MESSAGE][WARNING] - A browser is already opened. Closing browser and opening a new one

2023-10-02 18:11:08 - [MESSAGE][INFO] - Starting 'Chrome' driver

2023-10-02 18:11:08 - [MESSAGE][INFO] - User set preference: ['acceptInsecureCerts', 'true']

2023-10-02 18:11:08 - [MESSAGE][INFO] - Action delay is set to 0 milliseconds

2023-10-02 18:11:09 - [MESSAGE][PASSED] - Browser is opened with url: ''

2023-10-02 18:11:09 - [TEST_STEP][PASSED] - maximizeWindow(): Current window maximized

2023-10-02 18:11:09 - [MESSAGE][PASSED] - Current window maximized

2023-10-02 18:11:09 - [TEST_STEP][PASSED] - navigateToUrl(RADurl): Navigate to 'https://demo.velocitypayment.com/client/rad/index.html' successfully

2023-10-02 18:11:11 - [MESSAGE][PASSED] - Navigate to 'https://demo.velocitypayment.com/client/rad/index.html' successfully

2023-10-02 18:11:11 - [TEST_STEP][PASSED] - selectOptionByLabel(findTestObject(orPath_Landing + "/dd_TaxType"), "New Tax Return Amount Due", false): All options with label 'New Tax Return Amount Due' are selected in object 'Object Repository/RAD_Pages/Landing_Page/dd_TaxType' 

2023-10-02 18:11:12 - [MESSAGE][PASSED] - All options with label 'New Tax Return Amount Due' are selected in object 'Object Repository/RAD_Pages/Landing_Page/dd_TaxType' 

2023-10-02 18:11:12 - [TEST_STEP][PASSED] - selectOptionByLabel(findTestObject("Object Repository/RAD_Pages/Landing_Page/select_NewTaxReturnAmountDue_TaxType"), TaxType, false): All options with label 'PTE Tax Electing Non-S Corp' are selected in object 'Object Repository/RAD_Pages/Landing_Page/select_NewTaxReturnAmountDue_TaxType' 

2023-10-02 18:11:13 - [MESSAGE][PASSED] - All options with label 'PTE Tax Electing Non-S Corp' are selected in object 'Object Repository/RAD_Pages/Landing_Page/select_NewTaxReturnAmountDue_TaxType' 

2023-10-02 18:11:13 - [TEST_STEP][PASSED] - selectOptionByLabel(findTestObject(orPath_TaxTypeFilingYear + "/select_FilingYear"), FilingYear, false): All options with label '2021' are selected in object 'Object Repository/RAD_Pages/TaxTypeFilingYear_Page/select_FilingYear' 

2023-10-02 18:11:13 - [MESSAGE][PASSED] - All options with label '2021' are selected in object 'Object Repository/RAD_Pages/TaxTypeFilingYear_Page/select_FilingYear' 

2023-10-02 18:11:13 - [TEST_STEP][PASSED] - rad.getSetDataRAD.setDataRADBusinessName(): rad.getSetDataRAD.setDataRADBusinessName is PASSED

2023-10-02 18:11:15 - [MESSAGE][PASSED] - Text 'My Company' is set on object 'Object Repository/RAD_Pages/Taxpayer_Page/input_businessName'

2023-10-02 18:11:15 - [MESSAGE][PASSED] - rad.getSetDataRAD.setDataRADBusinessName is PASSED

2023-10-02 18:11:15 - [TEST_STEP][PASSED] - rad.getSetDataRAD.setDataRADBusinessRep(): rad.getSetDataRAD.setDataRADBusinessRep is PASSED

2023-10-02 18:11:16 - [MESSAGE][PASSED] - Text 'BusRepFname' is set on object 'Object Repository/RAD_Pages/Taxpayer_Page/input_BusinessRepfirstName'

2023-10-02 18:11:17 - [MESSAGE][PASSED] - Text '' is set on object 'Object Repository/RAD_Pages/Taxpayer_Page/input_BusinessRepmiddleName'

2023-10-02 18:11:18 - [MESSAGE][PASSED] - Text 'BusRepLname' is set on object 'Object Repository/RAD_Pages/Taxpayer_Page/input_BusinessReplastName'

2023-10-02 18:11:19 - [MESSAGE][PASSED] - Text '' is set on object 'Object Repository/RAD_Pages/Taxpayer_Page/input_BusinessRepsuffix'

2023-10-02 18:11:19 - [MESSAGE][PASSED] - rad.getSetDataRAD.setDataRADBusinessRep is PASSED

2023-10-02 18:11:19 - [TEST_STEP][PASSED] - rad.getSetDataRAD.setDataRADAddress(): rad.getSetDataRAD.setDataRADAddress is PASSED

2023-10-02 18:11:19 - [MESSAGE][PASSED] - All options with label 'United States' are selected in object 'Object Repository/RAD_Pages/AddressAndContactInfo_Page/select_Country' 

2023-10-02 18:11:20 - [MESSAGE][PASSED] - Text '2508 Mandan Terrace' is set on object 'Object Repository/RAD_Pages/AddressAndContactInfo_Page/input_streetAddress1'

2023-10-02 18:11:21 - [MESSAGE][PASSED] - Text '' is set on object 'Object Repository/RAD_Pages/AddressAndContactInfo_Page/input_streetAddress2'

2023-10-02 18:11:22 - [MESSAGE][PASSED] - Text 'Gambrills' is set on object 'Object Repository/RAD_Pages/AddressAndContactInfo_Page/input_city'

2023-10-02 18:11:23 - [MESSAGE][PASSED] - All options with label 'Maryland' are selected in object 'Object Repository/RAD_Pages/AddressAndContactInfo_Page/select_State' 

2023-10-02 18:11:24 - [MESSAGE][PASSED] - Text '21054' is set on object 'Object Repository/RAD_Pages/AddressAndContactInfo_Page/input_zipCode'

2023-10-02 18:11:25 - [MESSAGE][PASSED] - Text '(703) 894-5000' is set on object 'Object Repository/RAD_Pages/AddressAndContactInfo_Page/input_phoneNumber'

2023-10-02 18:11:26 - [MESSAGE][PASSED] - Text 'iahmed@govolution.com' is set on object 'Object Repository/RAD_Pages/AddressAndContactInfo_Page/input_eMailAddress'

2023-10-02 18:11:27 - [MESSAGE][PASSED] - Text 'iahmed@govolution.com' is set on object 'Object Repository/RAD_Pages/AddressAndContactInfo_Page/input_reEnterEMailAddress'

2023-10-02 18:11:27 - [MESSAGE][PASSED] - rad.getSetDataRAD.setDataRADAddress is PASSED

2023-10-02 18:11:27 - [TEST_STEP][PASSED] - if (feinSSN.equalsIgnoreCase("Y")): rad.getSetDataRAD.setDataRADFEINSSN is PASSED

2023-10-02 18:11:27 - [TEST_STEP][PASSED] - rad.getSetDataRAD.setDataRADFEINSSN(): rad.getSetDataRAD.setDataRADFEINSSN is PASSED

2023-10-02 18:11:27 - [MESSAGE][PASSED] - Text ****** has been set on object 'Object Repository/RAD_Pages/TaxInfo_Page/input_TaxInformation_feinSsn'

2023-10-02 18:11:28 - [MESSAGE][PASSED] - Text ****** has been set on object 'Object Repository/RAD_Pages/TaxInfo_Page/input_TaxInformation_RefeinSsn'

2023-10-02 18:11:28 - [MESSAGE][PASSED] - rad.getSetDataRAD.setDataRADFEINSSN is PASSED

2023-10-02 18:11:28 - [TEST_STEP][PASSED] - setText(findTestObject(orPath_Amount + "/input__paymentAmount"), "100.00"): Text '100.00' is set on object 'Object Repository/RAD_Pages/PaymentAmount_Page/input__paymentAmount'

2023-10-02 18:11:29 - [MESSAGE][PASSED] - Text '100.00' is set on object 'Object Repository/RAD_Pages/PaymentAmount_Page/input__paymentAmount'

2023-10-02 18:11:29 - [TEST_STEP][PASSED] - setText(findTestObject(orPath_AddressContact + "/input_streetAddress2"), ""): Text '' is set on object 'Object Repository/RAD_Pages/AddressAndContactInfo_Page/input_streetAddress2'

2023-10-02 18:11:30 - [MESSAGE][PASSED] - Text '' is set on object 'Object Repository/RAD_Pages/AddressAndContactInfo_Page/input_streetAddress2'

2023-10-02 18:11:30 - [TEST_STEP][PASSED] - scrollToElement(findTestObject(orPath_Landing + "/button_Continue"), 3): Scroll to object 'Object Repository/RAD_Pages/Landing_Page/button_Continue' successfully

2023-10-02 18:11:30 - [MESSAGE][PASSED] - Scroll to object 'Object Repository/RAD_Pages/Landing_Page/button_Continue' successfully

2023-10-02 18:11:30 - [TEST_STEP][PASSED] - waitForElementClickable(findTestObject(orPath_Landing + "/button_Continue"), 5): Object 'Object Repository/RAD_Pages/Landing_Page/button_Continue' is clickable

2023-10-02 18:11:31 - [MESSAGE][PASSED] - Object 'Object Repository/RAD_Pages/Landing_Page/button_Continue' is clickable

2023-10-02 18:11:31 - [TEST_STEP][PASSED] - click(findTestObject(orPath_Landing + "/button_Continue")): Object: 'Object Repository/RAD_Pages/Landing_Page/button_Continue' is clicked on

2023-10-02 18:11:31 - [MESSAGE][PASSED] - Object: 'Object Repository/RAD_Pages/Landing_Page/button_Continue' is clicked on

2023-10-02 18:11:31 - [TEST_STEP][PASSED] - delay(2): Delayed 2 second(s)

2023-10-02 18:11:33 - [MESSAGE][PASSED] - Delayed 2 second(s)

2023-10-02 18:11:33 - [TEST_STEP][PASSED] - verifyTextPresent("Summary", true): Text 'Summary' is present on page  using regular expression

2023-10-02 18:11:33 - [MESSAGE][PASSED] - Text 'Summary' is present on page  using regular expression

2023-10-02 18:11:33 - [TEST_STEP][PASSED] - verifyTextPresent("Review the information below and make any necessary corrections by clicking the", true): Text 'Review the information below and make any necessary corrections by clicking the' is present on page  using regular expression

2023-10-02 18:11:34 - [MESSAGE][PASSED] - Text 'Review the information below and make any necessary corrections by clicking the' is present on page  using regular expression

2023-10-02 18:11:34 - [TEST_STEP][PASSED] - verifyTextPresent("When you are confident that all the information is correct, click the", true): Text 'When you are confident that all the information is correct, click the' is present on page  using regular expression

2023-10-02 18:11:34 - [MESSAGE][PASSED] - Text 'When you are confident that all the information is correct, click the' is present on page  using regular expression

2023-10-02 18:11:34 - [TEST_STEP][PASSED] - verifyTextPresent("Payment Type/Filing Year", true): Text 'Payment Type/Filing Year' is present on page  using regular expression

2023-10-02 18:11:35 - [MESSAGE][PASSED] - Text 'Payment Type/Filing Year' is present on page  using regular expression

2023-10-02 18:11:35 - [TEST_STEP][PASSED] - verifyTextPresent("Payment Type:", true): Text 'Payment Type:' is present on page  using regular expression

2023-10-02 18:11:35 - [MESSAGE][PASSED] - Text 'Payment Type:' is present on page  using regular expression

2023-10-02 18:11:35 - [TEST_STEP][PASSED] - verifyTextPresent("New Tax Return Amount Due", true): Text 'New Tax Return Amount Due' is present on page  using regular expression

2023-10-02 18:11:35 - [MESSAGE][PASSED] - Text 'New Tax Return Amount Due' is present on page  using regular expression

2023-10-02 18:11:35 - [TEST_STEP][PASSED] - verifyTextPresent("Filing Year:", true): Text 'Filing Year:' is present on page  using regular expression

2023-10-02 18:11:36 - [MESSAGE][PASSED] - Text 'Filing Year:' is present on page  using regular expression

2023-10-02 18:11:36 - [TEST_STEP][PASSED] - verifyTextPresent(FilingYear, true): Text '2021' is present on page  using regular expression

2023-10-02 18:11:36 - [MESSAGE][PASSED] - Text '2021' is present on page  using regular expression

2023-10-02 18:11:36 - [TEST_STEP][PASSED] - verifyTextPresent("Payer Information", true): Text 'Payer Information' is present on page  using regular expression

2023-10-02 18:11:36 - [MESSAGE][PASSED] - Text 'Payer Information' is present on page  using regular expression

2023-10-02 18:11:36 - [TEST_STEP][PASSED] - verifyTextPresent("Taxpayer Name:", true): Text 'Taxpayer Name:' is present on page  using regular expression

2023-10-02 18:11:37 - [MESSAGE][PASSED] - Text 'Taxpayer Name:' is present on page  using regular expression

2023-10-02 18:11:37 - [TEST_STEP][PASSED] - verifyTextPresent("My Company", true): Text 'My Company' is present on page  using regular expression

2023-10-02 18:11:37 - [MESSAGE][PASSED] - Text 'My Company' is present on page  using regular expression

2023-10-02 18:11:37 - [TEST_STEP][PASSED] - verifyTextPresent("Business Rep Name:", true): Text 'Business Rep Name:' is present on page  using regular expression

2023-10-02 18:11:37 - [MESSAGE][PASSED] - Text 'Business Rep Name:' is present on page  using regular expression

2023-10-02 18:11:37 - [TEST_STEP][PASSED] - verifyTextPresent("BusRepFname BusRepLname", true): Text 'BusRepFname BusRepLname' is present on page  using regular expression

2023-10-02 18:11:38 - [MESSAGE][PASSED] - Text 'BusRepFname BusRepLname' is present on page  using regular expression

2023-10-02 18:11:38 - [TEST_STEP][PASSED] - verifyTextPresent("Taxpayer Address:", true): Text 'Taxpayer Address:' is present on page  using regular expression

2023-10-02 18:11:38 - [MESSAGE][PASSED] - Text 'Taxpayer Address:' is present on page  using regular expression

2023-10-02 18:11:38 - [TEST_STEP][PASSED] - verifyTextPresent("2508 Mandan Terrace Gambrills Maryland 21054", true): Text '2508 Mandan Terrace Gambrills Maryland 21054' is present on page  using regular expression

2023-10-02 18:11:38 - [MESSAGE][PASSED] - Text '2508 Mandan Terrace Gambrills Maryland 21054' is present on page  using regular expression

2023-10-02 18:11:38 - [TEST_STEP][PASSED] - verifyTextPresent("Email:", true): Text 'Email:' is present on page  using regular expression

2023-10-02 18:11:39 - [MESSAGE][PASSED] - Text 'Email:' is present on page  using regular expression

2023-10-02 18:11:39 - [TEST_STEP][PASSED] - verifyTextPresent("iahmed@govolution.com", true): Text 'iahmed@govolution.com' is present on page  using regular expression

2023-10-02 18:11:39 - [MESSAGE][PASSED] - Text 'iahmed@govolution.com' is present on page  using regular expression

2023-10-02 18:11:39 - [TEST_STEP][PASSED] - verifyTextPresent("Phone:", true): Text 'Phone:' is present on page  using regular expression

2023-10-02 18:11:40 - [MESSAGE][PASSED] - Text 'Phone:' is present on page  using regular expression

2023-10-02 18:11:40 - [TEST_STEP][PASSED] - verifyTextPresent("(703) 894-5000", false): Text '(703) 894-5000' is present on page 

2023-10-02 18:11:40 - [MESSAGE][PASSED] - Text '(703) 894-5000' is present on page 

2023-10-02 18:11:40 - [TEST_STEP][PASSED] - verifyTextPresent("Tax Information", true): Text 'Tax Information' is present on page  using regular expression

2023-10-02 18:11:40 - [MESSAGE][PASSED] - Text 'Tax Information' is present on page  using regular expression

2023-10-02 18:11:40 - [TEST_STEP][PASSED] - if (feinSSN.equalsIgnoreCase("Y")): Text 'Federal EIN:' is not present on page using regular expression

2023-10-02 18:11:40 - [TEST_STEP][PASSED] - verifyTextPresent("FEIN/SSN:", true): Text 'FEIN/SSN:' is present on page  using regular expression

2023-10-02 18:11:41 - [MESSAGE][PASSED] - Text 'FEIN/SSN:' is present on page  using regular expression

2023-10-02 18:11:41 - [TEST_STEP][PASSED] - verifyTextNotPresent("Federal EIN:", true): Text 'Federal EIN:' is not present on page using regular expression

2023-10-02 18:11:41 - [MESSAGE][PASSED] - Text 'Federal EIN:' is not present on page using regular expression

2023-10-02 18:11:41 - [TEST_STEP][PASSED] - verifyTextPresent("Payment Amount:", true): Text 'Payment Amount:' is present on page  using regular expression

2023-10-02 18:11:41 - [MESSAGE][PASSED] - Text 'Payment Amount:' is present on page  using regular expression

2023-10-02 18:11:41 - [TEST_STEP][PASSED] - verifyTextPresent("100.00", true): Text '100.00' is present on page  using regular expression

2023-10-02 18:11:42 - [MESSAGE][PASSED] - Text '100.00' is present on page  using regular expression

2023-10-02 18:11:42 - [TEST_STEP][PASSED] - if (verifyElementVisible(findTestObject(orPath_Summary + "/button_Proceed to Payment"))): null

2023-10-02 18:11:42 - [MESSAGE][PASSED] - Object 'Object Repository/RAD_Pages/Summary_Page/button_Proceed to Payment' is visible

2023-10-02 18:11:42 - [TEST_STEP][PASSED] - resText = "Pass": null

2023-10-02 18:11:42 - [TEST_STEP][PASSED] - pages.WriteExcel.demoKey(resText, datText, resColumn, datCloumn, fileLoc, nameSheet, row): pages.WriteExcel.demoKey is PASSED

2023-10-02 18:11:42 - [MESSAGE][PASSED] - pages.WriteExcel.demoKey is PASSED

2023-10-02 18:11:42 - [TEST_STEP][PASSED] - click(findTestObject(orPath_Summary + "/button_Proceed to Payment")): Object: 'Object Repository/RAD_Pages/Summary_Page/button_Proceed to Payment' is clicked on

2023-10-02 18:11:43 - [MESSAGE][PASSED] - Object: 'Object Repository/RAD_Pages/Summary_Page/button_Proceed to Payment' is clicked on

2023-10-02 18:11:43 - [TEST_STEP][PASSED] - ExecuteTC = findTestData(dataFile).getValue("Execute", row): null

2023-10-02 18:11:43 - [TEST_STEP][PASSED] - TaxType = findTestData(dataFile).getValue("TaxType", row): null

2023-10-02 18:11:43 - [TEST_STEP][PASSED] - PaymentType = findTestData(dataFile).getValue("PaymentType", row): null

2023-10-02 18:11:44 - [TEST_STEP][PASSED] - FilingYear = findTestData(dataFile).getValue("Year", row): null

2023-10-02 18:11:44 - [TEST_STEP][PASSED] - feinSSN = findTestData(dataFile).getValue("FeinSsn", row): null

2023-10-02 18:11:44 - [TEST_STEP][PASSED] - if (ExecuteTC.equalsIgnoreCase("Y")): Object: 'Object Repository/RAD_Pages/Summary_Page/button_Proceed to Payment' is clicked on

2023-10-02 18:11:44 - [TEST_STEP][PASSED] - out.println("Begin Record Number: " + row): null

2023-10-02 18:11:44 - [TEST_STEP][PASSED] - today = new java.util.Date(): null

2023-10-02 18:11:44 - [TEST_STEP][PASSED] - println(today): null

2023-10-02 18:11:44 - [TEST_STEP][PASSED] - datText = today: null

2023-10-02 18:11:44 - [TEST_STEP][PASSED] - logInfo("Payment Type: New Tax Return Amount Due"): Payment Type: New Tax Return Amount Due

2023-10-02 18:11:44 - [MESSAGE][INFO] - Payment Type: New Tax Return Amount Due

2023-10-02 18:11:44 - [TEST_STEP][PASSED] - logInfo("Tax Type: " + TaxType): Tax Type: PTE Tax Electing S Corp

2023-10-02 18:11:44 - [MESSAGE][INFO] - Tax Type: PTE Tax Electing S Corp

2023-10-02 18:11:44 - [TEST_STEP][PASSED] - openBrowser(""): Browser is opened with url: ''

2023-10-02 18:11:44 - [MESSAGE][WARNING] - A browser is already opened. Closing browser and opening a new one

2023-10-02 18:11:45 - [MESSAGE][INFO] - Starting 'Chrome' driver

2023-10-02 18:11:45 - [MESSAGE][INFO] - User set preference: ['acceptInsecureCerts', 'true']

2023-10-02 18:11:45 - [MESSAGE][INFO] - Action delay is set to 0 milliseconds

2023-10-02 18:11:46 - [MESSAGE][PASSED] - Browser is opened with url: ''

2023-10-02 18:11:46 - [TEST_STEP][PASSED] - maximizeWindow(): Current window maximized

2023-10-02 18:11:46 - [MESSAGE][PASSED] - Current window maximized

2023-10-02 18:11:46 - [TEST_STEP][PASSED] - navigateToUrl(RADurl): Navigate to 'https://demo.velocitypayment.com/client/rad/index.html' successfully

2023-10-02 18:11:48 - [MESSAGE][PASSED] - Navigate to 'https://demo.velocitypayment.com/client/rad/index.html' successfully

2023-10-02 18:11:48 - [TEST_STEP][PASSED] - selectOptionByLabel(findTestObject(orPath_Landing + "/dd_TaxType"), "New Tax Return Amount Due", false): All options with label 'New Tax Return Amount Due' are selected in object 'Object Repository/RAD_Pages/Landing_Page/dd_TaxType' 

2023-10-02 18:11:49 - [MESSAGE][PASSED] - All options with label 'New Tax Return Amount Due' are selected in object 'Object Repository/RAD_Pages/Landing_Page/dd_TaxType' 

2023-10-02 18:11:49 - [TEST_STEP][PASSED] - selectOptionByLabel(findTestObject("Object Repository/RAD_Pages/Landing_Page/select_NewTaxReturnAmountDue_TaxType"), TaxType, false): All options with label 'PTE Tax Electing S Corp' are selected in object 'Object Repository/RAD_Pages/Landing_Page/select_NewTaxReturnAmountDue_TaxType' 

2023-10-02 18:11:50 - [MESSAGE][PASSED] - All options with label 'PTE Tax Electing S Corp' are selected in object 'Object Repository/RAD_Pages/Landing_Page/select_NewTaxReturnAmountDue_TaxType' 

2023-10-02 18:11:50 - [TEST_STEP][PASSED] - selectOptionByLabel(findTestObject(orPath_TaxTypeFilingYear + "/select_FilingYear"), FilingYear, false): All options with label '2021' are selected in object 'Object Repository/RAD_Pages/TaxTypeFilingYear_Page/select_FilingYear' 

2023-10-02 18:11:51 - [MESSAGE][PASSED] - All options with label '2021' are selected in object 'Object Repository/RAD_Pages/TaxTypeFilingYear_Page/select_FilingYear' 

2023-10-02 18:11:51 - [TEST_STEP][PASSED] - rad.getSetDataRAD.setDataRADBusinessName(): rad.getSetDataRAD.setDataRADBusinessName is PASSED

2023-10-02 18:11:52 - [MESSAGE][PASSED] - Text 'My Company' is set on object 'Object Repository/RAD_Pages/Taxpayer_Page/input_businessName'

2023-10-02 18:11:52 - [MESSAGE][PASSED] - rad.getSetDataRAD.setDataRADBusinessName is PASSED

2023-10-02 18:11:52 - [TEST_STEP][PASSED] - rad.getSetDataRAD.setDataRADBusinessRep(): rad.getSetDataRAD.setDataRADBusinessRep is PASSED

2023-10-02 18:11:53 - [MESSAGE][PASSED] - Text 'BusRepFname' is set on object 'Object Repository/RAD_Pages/Taxpayer_Page/input_BusinessRepfirstName'

2023-10-02 18:11:54 - [MESSAGE][PASSED] - Text '' is set on object 'Object Repository/RAD_Pages/Taxpayer_Page/input_BusinessRepmiddleName'

2023-10-02 18:11:55 - [MESSAGE][PASSED] - Text 'BusRepLname' is set on object 'Object Repository/RAD_Pages/Taxpayer_Page/input_BusinessReplastName'

2023-10-02 18:11:56 - [MESSAGE][PASSED] - Text '' is set on object 'Object Repository/RAD_Pages/Taxpayer_Page/input_BusinessRepsuffix'

2023-10-02 18:11:56 - [MESSAGE][PASSED] - rad.getSetDataRAD.setDataRADBusinessRep is PASSED

2023-10-02 18:11:56 - [TEST_STEP][PASSED] - rad.getSetDataRAD.setDataRADAddress(): rad.getSetDataRAD.setDataRADAddress is PASSED

2023-10-02 18:11:57 - [MESSAGE][PASSED] - All options with label 'United States' are selected in object 'Object Repository/RAD_Pages/AddressAndContactInfo_Page/select_Country' 

2023-10-02 18:11:57 - [MESSAGE][PASSED] - Text '2508 Mandan Terrace' is set on object 'Object Repository/RAD_Pages/AddressAndContactInfo_Page/input_streetAddress1'

2023-10-02 18:11:58 - [MESSAGE][PASSED] - Text '' is set on object 'Object Repository/RAD_Pages/AddressAndContactInfo_Page/input_streetAddress2'

2023-10-02 18:11:59 - [MESSAGE][PASSED] - Text 'Gambrills' is set on object 'Object Repository/RAD_Pages/AddressAndContactInfo_Page/input_city'

2023-10-02 18:12:00 - [MESSAGE][PASSED] - All options with label 'Maryland' are selected in object 'Object Repository/RAD_Pages/AddressAndContactInfo_Page/select_State' 

2023-10-02 18:12:01 - [MESSAGE][PASSED] - Text '21054' is set on object 'Object Repository/RAD_Pages/AddressAndContactInfo_Page/input_zipCode'

2023-10-02 18:12:02 - [MESSAGE][PASSED] - Text '(703) 894-5000' is set on object 'Object Repository/RAD_Pages/AddressAndContactInfo_Page/input_phoneNumber'

2023-10-02 18:12:03 - [MESSAGE][PASSED] - Text 'iahmed@govolution.com' is set on object 'Object Repository/RAD_Pages/AddressAndContactInfo_Page/input_eMailAddress'

2023-10-02 18:12:04 - [MESSAGE][PASSED] - Text 'iahmed@govolution.com' is set on object 'Object Repository/RAD_Pages/AddressAndContactInfo_Page/input_reEnterEMailAddress'

2023-10-02 18:12:04 - [MESSAGE][PASSED] - rad.getSetDataRAD.setDataRADAddress is PASSED

2023-10-02 18:12:04 - [TEST_STEP][PASSED] - if (feinSSN.equalsIgnoreCase("Y")): rad.getSetDataRAD.setDataRADFEINSSN is PASSED

2023-10-02 18:12:04 - [TEST_STEP][PASSED] - rad.getSetDataRAD.setDataRADFEINSSN(): rad.getSetDataRAD.setDataRADFEINSSN is PASSED

2023-10-02 18:12:04 - [MESSAGE][PASSED] - Text ****** has been set on object 'Object Repository/RAD_Pages/TaxInfo_Page/input_TaxInformation_feinSsn'

2023-10-02 18:12:05 - [MESSAGE][PASSED] - Text ****** has been set on object 'Object Repository/RAD_Pages/TaxInfo_Page/input_TaxInformation_RefeinSsn'

2023-10-02 18:12:05 - [MESSAGE][PASSED] - rad.getSetDataRAD.setDataRADFEINSSN is PASSED

2023-10-02 18:12:05 - [TEST_STEP][PASSED] - setText(findTestObject(orPath_Amount + "/input__paymentAmount"), "100.00"): Text '100.00' is set on object 'Object Repository/RAD_Pages/PaymentAmount_Page/input__paymentAmount'

2023-10-02 18:12:06 - [MESSAGE][PASSED] - Text '100.00' is set on object 'Object Repository/RAD_Pages/PaymentAmount_Page/input__paymentAmount'

2023-10-02 18:12:06 - [TEST_STEP][PASSED] - setText(findTestObject(orPath_AddressContact + "/input_streetAddress2"), ""): Text '' is set on object 'Object Repository/RAD_Pages/AddressAndContactInfo_Page/input_streetAddress2'

2023-10-02 18:12:07 - [MESSAGE][PASSED] - Text '' is set on object 'Object Repository/RAD_Pages/AddressAndContactInfo_Page/input_streetAddress2'

2023-10-02 18:12:07 - [TEST_STEP][PASSED] - scrollToElement(findTestObject(orPath_Landing + "/button_Continue"), 3): Scroll to object 'Object Repository/RAD_Pages/Landing_Page/button_Continue' successfully

2023-10-02 18:12:07 - [MESSAGE][PASSED] - Scroll to object 'Object Repository/RAD_Pages/Landing_Page/button_Continue' successfully

2023-10-02 18:12:07 - [TEST_STEP][PASSED] - waitForElementClickable(findTestObject(orPath_Landing + "/button_Continue"), 5): Object 'Object Repository/RAD_Pages/Landing_Page/button_Continue' is clickable

2023-10-02 18:12:07 - [MESSAGE][PASSED] - Object 'Object Repository/RAD_Pages/Landing_Page/button_Continue' is clickable

2023-10-02 18:12:07 - [TEST_STEP][PASSED] - click(findTestObject(orPath_Landing + "/button_Continue")): Object: 'Object Repository/RAD_Pages/Landing_Page/button_Continue' is clicked on

2023-10-02 18:12:08 - [MESSAGE][PASSED] - Object: 'Object Repository/RAD_Pages/Landing_Page/button_Continue' is clicked on

2023-10-02 18:12:08 - [TEST_STEP][PASSED] - delay(2): Delayed 2 second(s)

2023-10-02 18:12:10 - [MESSAGE][PASSED] - Delayed 2 second(s)

2023-10-02 18:12:10 - [TEST_STEP][PASSED] - verifyTextPresent("Summary", true): Text 'Summary' is present on page  using regular expression

2023-10-02 18:12:10 - [MESSAGE][PASSED] - Text 'Summary' is present on page  using regular expression

2023-10-02 18:12:10 - [TEST_STEP][PASSED] - verifyTextPresent("Review the information below and make any necessary corrections by clicking the", true): Text 'Review the information below and make any necessary corrections by clicking the' is present on page  using regular expression

2023-10-02 18:12:11 - [MESSAGE][PASSED] - Text 'Review the information below and make any necessary corrections by clicking the' is present on page  using regular expression

2023-10-02 18:12:11 - [TEST_STEP][PASSED] - verifyTextPresent("When you are confident that all the information is correct, click the", true): Text 'When you are confident that all the information is correct, click the' is present on page  using regular expression

2023-10-02 18:12:11 - [MESSAGE][PASSED] - Text 'When you are confident that all the information is correct, click the' is present on page  using regular expression

2023-10-02 18:12:11 - [TEST_STEP][PASSED] - verifyTextPresent("Payment Type/Filing Year", true): Text 'Payment Type/Filing Year' is present on page  using regular expression

2023-10-02 18:12:11 - [MESSAGE][PASSED] - Text 'Payment Type/Filing Year' is present on page  using regular expression

2023-10-02 18:12:11 - [TEST_STEP][PASSED] - verifyTextPresent("Payment Type:", true): Text 'Payment Type:' is present on page  using regular expression

2023-10-02 18:12:12 - [MESSAGE][PASSED] - Text 'Payment Type:' is present on page  using regular expression

2023-10-02 18:12:12 - [TEST_STEP][PASSED] - verifyTextPresent("New Tax Return Amount Due", true): Text 'New Tax Return Amount Due' is present on page  using regular expression

2023-10-02 18:12:12 - [MESSAGE][PASSED] - Text 'New Tax Return Amount Due' is present on page  using regular expression

2023-10-02 18:12:12 - [TEST_STEP][PASSED] - verifyTextPresent("Filing Year:", true): Text 'Filing Year:' is present on page  using regular expression

2023-10-02 18:12:13 - [MESSAGE][PASSED] - Text 'Filing Year:' is present on page  using regular expression

2023-10-02 18:12:13 - [TEST_STEP][PASSED] - verifyTextPresent(FilingYear, true): Text '2021' is present on page  using regular expression

2023-10-02 18:12:13 - [MESSAGE][PASSED] - Text '2021' is present on page  using regular expression

2023-10-02 18:12:13 - [TEST_STEP][PASSED] - verifyTextPresent("Payer Information", true): Text 'Payer Information' is present on page  using regular expression

2023-10-02 18:12:13 - [MESSAGE][PASSED] - Text 'Payer Information' is present on page  using regular expression

2023-10-02 18:12:13 - [TEST_STEP][PASSED] - verifyTextPresent("Taxpayer Name:", true): Text 'Taxpayer Name:' is present on page  using regular expression

2023-10-02 18:12:14 - [MESSAGE][PASSED] - Text 'Taxpayer Name:' is present on page  using regular expression

2023-10-02 18:12:14 - [TEST_STEP][PASSED] - verifyTextPresent("My Company", true): Text 'My Company' is present on page  using regular expression

2023-10-02 18:12:14 - [MESSAGE][PASSED] - Text 'My Company' is present on page  using regular expression

2023-10-02 18:12:14 - [TEST_STEP][PASSED] - verifyTextPresent("Business Rep Name:", true): Text 'Business Rep Name:' is present on page  using regular expression

2023-10-02 18:12:14 - [MESSAGE][PASSED] - Text 'Business Rep Name:' is present on page  using regular expression

2023-10-02 18:12:14 - [TEST_STEP][PASSED] - verifyTextPresent("BusRepFname BusRepLname", true): Text 'BusRepFname BusRepLname' is present on page  using regular expression

2023-10-02 18:12:15 - [MESSAGE][PASSED] - Text 'BusRepFname BusRepLname' is present on page  using regular expression

2023-10-02 18:12:15 - [TEST_STEP][PASSED] - verifyTextPresent("Taxpayer Address:", true): Text 'Taxpayer Address:' is present on page  using regular expression

2023-10-02 18:12:15 - [MESSAGE][PASSED] - Text 'Taxpayer Address:' is present on page  using regular expression

2023-10-02 18:12:15 - [TEST_STEP][PASSED] - verifyTextPresent("2508 Mandan Terrace Gambrills Maryland 21054", true): Text '2508 Mandan Terrace Gambrills Maryland 21054' is present on page  using regular expression

2023-10-02 18:12:16 - [MESSAGE][PASSED] - Text '2508 Mandan Terrace Gambrills Maryland 21054' is present on page  using regular expression

2023-10-02 18:12:16 - [TEST_STEP][PASSED] - verifyTextPresent("Email:", true): Text 'Email:' is present on page  using regular expression

2023-10-02 18:12:16 - [MESSAGE][PASSED] - Text 'Email:' is present on page  using regular expression

2023-10-02 18:12:16 - [TEST_STEP][PASSED] - verifyTextPresent("iahmed@govolution.com", true): Text 'iahmed@govolution.com' is present on page  using regular expression

2023-10-02 18:12:16 - [MESSAGE][PASSED] - Text 'iahmed@govolution.com' is present on page  using regular expression

2023-10-02 18:12:16 - [TEST_STEP][PASSED] - verifyTextPresent("Phone:", true): Text 'Phone:' is present on page  using regular expression

2023-10-02 18:12:17 - [MESSAGE][PASSED] - Text 'Phone:' is present on page  using regular expression

2023-10-02 18:12:17 - [TEST_STEP][PASSED] - verifyTextPresent("(703) 894-5000", false): Text '(703) 894-5000' is present on page 

2023-10-02 18:12:17 - [MESSAGE][PASSED] - Text '(703) 894-5000' is present on page 

2023-10-02 18:12:17 - [TEST_STEP][PASSED] - verifyTextPresent("Tax Information", true): Text 'Tax Information' is present on page  using regular expression

2023-10-02 18:12:17 - [MESSAGE][PASSED] - Text 'Tax Information' is present on page  using regular expression

2023-10-02 18:12:17 - [TEST_STEP][PASSED] - if (feinSSN.equalsIgnoreCase("Y")): Text 'Federal EIN:' is not present on page using regular expression

2023-10-02 18:12:17 - [TEST_STEP][PASSED] - verifyTextPresent("FEIN/SSN:", true): Text 'FEIN/SSN:' is present on page  using regular expression

2023-10-02 18:12:18 - [MESSAGE][PASSED] - Text 'FEIN/SSN:' is present on page  using regular expression

2023-10-02 18:12:18 - [TEST_STEP][PASSED] - verifyTextNotPresent("Federal EIN:", true): Text 'Federal EIN:' is not present on page using regular expression

2023-10-02 18:12:18 - [MESSAGE][PASSED] - Text 'Federal EIN:' is not present on page using regular expression

2023-10-02 18:12:18 - [TEST_STEP][PASSED] - verifyTextPresent("Payment Amount:", true): Text 'Payment Amount:' is present on page  using regular expression

2023-10-02 18:12:18 - [MESSAGE][PASSED] - Text 'Payment Amount:' is present on page  using regular expression

2023-10-02 18:12:18 - [TEST_STEP][PASSED] - verifyTextPresent("100.00", true): Text '100.00' is present on page  using regular expression

2023-10-02 18:12:19 - [MESSAGE][PASSED] - Text '100.00' is present on page  using regular expression

2023-10-02 18:12:19 - [TEST_STEP][PASSED] - if (verifyElementVisible(findTestObject(orPath_Summary + "/button_Proceed to Payment"))): null

2023-10-02 18:12:19 - [MESSAGE][PASSED] - Object 'Object Repository/RAD_Pages/Summary_Page/button_Proceed to Payment' is visible

2023-10-02 18:12:19 - [TEST_STEP][PASSED] - resText = "Pass": null

2023-10-02 18:12:19 - [TEST_STEP][PASSED] - pages.WriteExcel.demoKey(resText, datText, resColumn, datCloumn, fileLoc, nameSheet, row): pages.WriteExcel.demoKey is PASSED

2023-10-02 18:12:19 - [MESSAGE][PASSED] - pages.WriteExcel.demoKey is PASSED

2023-10-02 18:12:19 - [TEST_STEP][PASSED] - click(findTestObject(orPath_Summary + "/button_Proceed to Payment")): Object: 'Object Repository/RAD_Pages/Summary_Page/button_Proceed to Payment' is clicked on

2023-10-02 18:12:20 - [MESSAGE][PASSED] - Object: 'Object Repository/RAD_Pages/Summary_Page/button_Proceed to Payment' is clicked on

2023-10-02 18:12:20 - [TEST_STEP][PASSED] - ExecuteTC = findTestData(dataFile).getValue("Execute", row): null

2023-10-02 18:12:20 - [TEST_STEP][PASSED] - TaxType = findTestData(dataFile).getValue("TaxType", row): null

2023-10-02 18:12:21 - [TEST_STEP][PASSED] - PaymentType = findTestData(dataFile).getValue("PaymentType", row): null

2023-10-02 18:12:21 - [TEST_STEP][PASSED] - FilingYear = findTestData(dataFile).getValue("Year", row): null

2023-10-02 18:12:21 - [TEST_STEP][PASSED] - feinSSN = findTestData(dataFile).getValue("FeinSsn", row): null

2023-10-02 18:12:21 - [TEST_STEP][PASSED] - if (ExecuteTC.equalsIgnoreCase("Y")): Object: 'Object Repository/RAD_Pages/Summary_Page/button_Proceed to Payment' is clicked on

2023-10-02 18:12:21 - [TEST_STEP][PASSED] - out.println("Begin Record Number: " + row): null

2023-10-02 18:12:21 - [TEST_STEP][PASSED] - today = new java.util.Date(): null

2023-10-02 18:12:21 - [TEST_STEP][PASSED] - println(today): null

2023-10-02 18:12:21 - [TEST_STEP][PASSED] - datText = today: null

2023-10-02 18:12:21 - [TEST_STEP][PASSED] - logInfo("Payment Type: New Tax Return Amount Due"): Payment Type: New Tax Return Amount Due

2023-10-02 18:12:21 - [MESSAGE][INFO] - Payment Type: New Tax Return Amount Due

2023-10-02 18:12:21 - [TEST_STEP][PASSED] - logInfo("Tax Type: " + TaxType): Tax Type: Fiduciary Tax

2023-10-02 18:12:21 - [MESSAGE][INFO] - Tax Type: Fiduciary Tax

2023-10-02 18:12:21 - [TEST_STEP][PASSED] - openBrowser(""): Browser is opened with url: ''

2023-10-02 18:12:21 - [MESSAGE][WARNING] - A browser is already opened. Closing browser and opening a new one

2023-10-02 18:12:22 - [MESSAGE][INFO] - Starting 'Chrome' driver

2023-10-02 18:12:22 - [MESSAGE][INFO] - User set preference: ['acceptInsecureCerts', 'true']

2023-10-02 18:12:22 - [MESSAGE][INFO] - Action delay is set to 0 milliseconds

2023-10-02 18:12:23 - [MESSAGE][PASSED] - Browser is opened with url: ''

2023-10-02 18:12:23 - [TEST_STEP][PASSED] - maximizeWindow(): Current window maximized

2023-10-02 18:12:23 - [MESSAGE][PASSED] - Current window maximized

2023-10-02 18:12:23 - [TEST_STEP][PASSED] - navigateToUrl(RADurl): Navigate to 'https://demo.velocitypayment.com/client/rad/index.html' successfully

2023-10-02 18:12:24 - [MESSAGE][PASSED] - Navigate to 'https://demo.velocitypayment.com/client/rad/index.html' successfully

2023-10-02 18:12:24 - [TEST_STEP][PASSED] - selectOptionByLabel(findTestObject(orPath_Landing + "/dd_TaxType"), "New Tax Return Amount Due", false): All options with label 'New Tax Return Amount Due' are selected in object 'Object Repository/RAD_Pages/Landing_Page/dd_TaxType' 

2023-10-02 18:12:25 - [MESSAGE][PASSED] - All options with label 'New Tax Return Amount Due' are selected in object 'Object Repository/RAD_Pages/Landing_Page/dd_TaxType' 

2023-10-02 18:12:25 - [TEST_STEP][PASSED] - selectOptionByLabel(findTestObject("Object Repository/RAD_Pages/Landing_Page/select_NewTaxReturnAmountDue_TaxType"), TaxType, false): All options with label 'Fiduciary Tax' are selected in object 'Object Repository/RAD_Pages/Landing_Page/select_NewTaxReturnAmountDue_TaxType' 

2023-10-02 18:12:26 - [MESSAGE][PASSED] - All options with label 'Fiduciary Tax' are selected in object 'Object Repository/RAD_Pages/Landing_Page/select_NewTaxReturnAmountDue_TaxType' 

2023-10-02 18:12:26 - [TEST_STEP][PASSED] - selectOptionByLabel(findTestObject(orPath_TaxTypeFilingYear + "/select_FilingYear"), FilingYear, false): All options with label '2020' are selected in object 'Object Repository/RAD_Pages/TaxTypeFilingYear_Page/select_FilingYear' 

2023-10-02 18:12:27 - [MESSAGE][PASSED] - All options with label '2020' are selected in object 'Object Repository/RAD_Pages/TaxTypeFilingYear_Page/select_FilingYear' 

2023-10-02 18:12:27 - [TEST_STEP][PASSED] - rad.getSetDataRAD.setDataRADBusinessName(): rad.getSetDataRAD.setDataRADBusinessName is PASSED

2023-10-02 18:12:28 - [MESSAGE][PASSED] - Text 'My Company' is set on object 'Object Repository/RAD_Pages/Taxpayer_Page/input_businessName'

2023-10-02 18:12:28 - [MESSAGE][PASSED] - rad.getSetDataRAD.setDataRADBusinessName is PASSED

2023-10-02 18:12:28 - [TEST_STEP][PASSED] - rad.getSetDataRAD.setDataRADBusinessRep(): rad.getSetDataRAD.setDataRADBusinessRep is PASSED

2023-10-02 18:12:29 - [MESSAGE][PASSED] - Text 'BusRepFname' is set on object 'Object Repository/RAD_Pages/Taxpayer_Page/input_BusinessRepfirstName'

2023-10-02 18:12:30 - [MESSAGE][PASSED] - Text '' is set on object 'Object Repository/RAD_Pages/Taxpayer_Page/input_BusinessRepmiddleName'

2023-10-02 18:12:31 - [MESSAGE][PASSED] - Text 'BusRepLname' is set on object 'Object Repository/RAD_Pages/Taxpayer_Page/input_BusinessReplastName'

2023-10-02 18:12:32 - [MESSAGE][PASSED] - Text '' is set on object 'Object Repository/RAD_Pages/Taxpayer_Page/input_BusinessRepsuffix'

2023-10-02 18:12:32 - [MESSAGE][PASSED] - rad.getSetDataRAD.setDataRADBusinessRep is PASSED

2023-10-02 18:12:32 - [TEST_STEP][PASSED] - rad.getSetDataRAD.setDataRADAddress(): rad.getSetDataRAD.setDataRADAddress is PASSED

2023-10-02 18:12:33 - [MESSAGE][PASSED] - All options with label 'United States' are selected in object 'Object Repository/RAD_Pages/AddressAndContactInfo_Page/select_Country' 

2023-10-02 18:12:33 - [MESSAGE][PASSED] - Text '2508 Mandan Terrace' is set on object 'Object Repository/RAD_Pages/AddressAndContactInfo_Page/input_streetAddress1'

2023-10-02 18:12:34 - [MESSAGE][PASSED] - Text '' is set on object 'Object Repository/RAD_Pages/AddressAndContactInfo_Page/input_streetAddress2'

2023-10-02 18:12:35 - [MESSAGE][PASSED] - Text 'Gambrills' is set on object 'Object Repository/RAD_Pages/AddressAndContactInfo_Page/input_city'

2023-10-02 18:12:36 - [MESSAGE][PASSED] - All options with label 'Maryland' are selected in object 'Object Repository/RAD_Pages/AddressAndContactInfo_Page/select_State' 

2023-10-02 18:12:37 - [MESSAGE][PASSED] - Text '21054' is set on object 'Object Repository/RAD_Pages/AddressAndContactInfo_Page/input_zipCode'

2023-10-02 18:12:38 - [MESSAGE][PASSED] - Text '(703) 894-5000' is set on object 'Object Repository/RAD_Pages/AddressAndContactInfo_Page/input_phoneNumber'

2023-10-02 18:12:39 - [MESSAGE][PASSED] - Text 'iahmed@govolution.com' is set on object 'Object Repository/RAD_Pages/AddressAndContactInfo_Page/input_eMailAddress'

2023-10-02 18:12:40 - [MESSAGE][PASSED] - Text 'iahmed@govolution.com' is set on object 'Object Repository/RAD_Pages/AddressAndContactInfo_Page/input_reEnterEMailAddress'

2023-10-02 18:12:40 - [MESSAGE][PASSED] - rad.getSetDataRAD.setDataRADAddress is PASSED

2023-10-02 18:12:40 - [TEST_STEP][PASSED] - if (feinSSN.equalsIgnoreCase("Y")): null

2023-10-02 18:12:40 - [TEST_STEP][PASSED] - else: rad.getSetDataRAD.setDataRADFEIN is PASSED

2023-10-02 18:12:40 - [TEST_STEP][PASSED] - rad.getSetDataRAD.setDataRADFEIN(): rad.getSetDataRAD.setDataRADFEIN is PASSED

2023-10-02 18:12:40 - [MESSAGE][PASSED] - Text ****** has been set on object 'Object Repository/RAD_Pages/TaxInfo_Page/input_FederalEIN'

2023-10-02 18:12:41 - [MESSAGE][PASSED] - Text ****** has been set on object 'Object Repository/RAD_Pages/TaxInfo_Page/input_FederalEIN_ReEnter'

2023-10-02 18:12:41 - [MESSAGE][PASSED] - rad.getSetDataRAD.setDataRADFEIN is PASSED

2023-10-02 18:12:41 - [TEST_STEP][PASSED] - setText(findTestObject(orPath_Amount + "/input__paymentAmount"), "100.00"): Text '100.00' is set on object 'Object Repository/RAD_Pages/PaymentAmount_Page/input__paymentAmount'

2023-10-02 18:12:42 - [MESSAGE][PASSED] - Text '100.00' is set on object 'Object Repository/RAD_Pages/PaymentAmount_Page/input__paymentAmount'

2023-10-02 18:12:42 - [TEST_STEP][PASSED] - setText(findTestObject(orPath_AddressContact + "/input_streetAddress2"), ""): Text '' is set on object 'Object Repository/RAD_Pages/AddressAndContactInfo_Page/input_streetAddress2'

2023-10-02 18:12:43 - [MESSAGE][PASSED] - Text '' is set on object 'Object Repository/RAD_Pages/AddressAndContactInfo_Page/input_streetAddress2'

2023-10-02 18:12:43 - [TEST_STEP][PASSED] - scrollToElement(findTestObject(orPath_Landing + "/button_Continue"), 3): Scroll to object 'Object Repository/RAD_Pages/Landing_Page/button_Continue' successfully

2023-10-02 18:12:43 - [MESSAGE][PASSED] - Scroll to object 'Object Repository/RAD_Pages/Landing_Page/button_Continue' successfully

2023-10-02 18:12:43 - [TEST_STEP][PASSED] - waitForElementClickable(findTestObject(orPath_Landing + "/button_Continue"), 5): Object 'Object Repository/RAD_Pages/Landing_Page/button_Continue' is clickable

2023-10-02 18:12:44 - [MESSAGE][PASSED] - Object 'Object Repository/RAD_Pages/Landing_Page/button_Continue' is clickable

2023-10-02 18:12:44 - [TEST_STEP][PASSED] - click(findTestObject(orPath_Landing + "/button_Continue")): Object: 'Object Repository/RAD_Pages/Landing_Page/button_Continue' is clicked on

2023-10-02 18:12:44 - [MESSAGE][PASSED] - Object: 'Object Repository/RAD_Pages/Landing_Page/button_Continue' is clicked on

2023-10-02 18:12:44 - [TEST_STEP][PASSED] - delay(2): Delayed 2 second(s)

2023-10-02 18:12:46 - [MESSAGE][PASSED] - Delayed 2 second(s)

2023-10-02 18:12:46 - [TEST_STEP][PASSED] - verifyTextPresent("Summary", true): Text 'Summary' is present on page  using regular expression

2023-10-02 18:12:47 - [MESSAGE][PASSED] - Text 'Summary' is present on page  using regular expression

2023-10-02 18:12:47 - [TEST_STEP][PASSED] - verifyTextPresent("Review the information below and make any necessary corrections by clicking the", true): Text 'Review the information below and make any necessary corrections by clicking the' is present on page  using regular expression

2023-10-02 18:12:47 - [MESSAGE][PASSED] - Text 'Review the information below and make any necessary corrections by clicking the' is present on page  using regular expression

2023-10-02 18:12:47 - [TEST_STEP][PASSED] - verifyTextPresent("When you are confident that all the information is correct, click the", true): Text 'When you are confident that all the information is correct, click the' is present on page  using regular expression

2023-10-02 18:12:47 - [MESSAGE][PASSED] - Text 'When you are confident that all the information is correct, click the' is present on page  using regular expression

2023-10-02 18:12:47 - [TEST_STEP][PASSED] - verifyTextPresent("Payment Type/Filing Year", true): Text 'Payment Type/Filing Year' is present on page  using regular expression

2023-10-02 18:12:48 - [MESSAGE][PASSED] - Text 'Payment Type/Filing Year' is present on page  using regular expression

2023-10-02 18:12:48 - [TEST_STEP][PASSED] - verifyTextPresent("Payment Type:", true): Text 'Payment Type:' is present on page  using regular expression

2023-10-02 18:12:48 - [MESSAGE][PASSED] - Text 'Payment Type:' is present on page  using regular expression

2023-10-02 18:12:48 - [TEST_STEP][PASSED] - verifyTextPresent("New Tax Return Amount Due", true): Text 'New Tax Return Amount Due' is present on page  using regular expression

2023-10-02 18:12:48 - [MESSAGE][PASSED] - Text 'New Tax Return Amount Due' is present on page  using regular expression

2023-10-02 18:12:48 - [TEST_STEP][PASSED] - verifyTextPresent("Filing Year:", true): Text 'Filing Year:' is present on page  using regular expression

2023-10-02 18:12:49 - [MESSAGE][PASSED] - Text 'Filing Year:' is present on page  using regular expression

2023-10-02 18:12:49 - [TEST_STEP][PASSED] - verifyTextPresent(FilingYear, true): Text '2020' is present on page  using regular expression

2023-10-02 18:12:49 - [MESSAGE][PASSED] - Text '2020' is present on page  using regular expression

2023-10-02 18:12:49 - [TEST_STEP][PASSED] - verifyTextPresent("Payer Information", true): Text 'Payer Information' is present on page  using regular expression

2023-10-02 18:12:50 - [MESSAGE][PASSED] - Text 'Payer Information' is present on page  using regular expression

2023-10-02 18:12:50 - [TEST_STEP][PASSED] - verifyTextPresent("Taxpayer Name:", true): Text 'Taxpayer Name:' is present on page  using regular expression

2023-10-02 18:12:50 - [MESSAGE][PASSED] - Text 'Taxpayer Name:' is present on page  using regular expression

2023-10-02 18:12:50 - [TEST_STEP][PASSED] - verifyTextPresent("My Company", true): Text 'My Company' is present on page  using regular expression

2023-10-02 18:12:50 - [MESSAGE][PASSED] - Text 'My Company' is present on page  using regular expression

2023-10-02 18:12:50 - [TEST_STEP][PASSED] - verifyTextPresent("Business Rep Name:", true): Text 'Business Rep Name:' is present on page  using regular expression

2023-10-02 18:12:51 - [MESSAGE][PASSED] - Text 'Business Rep Name:' is present on page  using regular expression

2023-10-02 18:12:51 - [TEST_STEP][PASSED] - verifyTextPresent("BusRepFname BusRepLname", true): Text 'BusRepFname BusRepLname' is present on page  using regular expression

2023-10-02 18:12:51 - [MESSAGE][PASSED] - Text 'BusRepFname BusRepLname' is present on page  using regular expression

2023-10-02 18:12:51 - [TEST_STEP][PASSED] - verifyTextPresent("Taxpayer Address:", true): Text 'Taxpayer Address:' is present on page  using regular expression

2023-10-02 18:12:51 - [MESSAGE][PASSED] - Text 'Taxpayer Address:' is present on page  using regular expression

2023-10-02 18:12:51 - [TEST_STEP][PASSED] - verifyTextPresent("2508 Mandan Terrace Gambrills Maryland 21054", true): Text '2508 Mandan Terrace Gambrills Maryland 21054' is present on page  using regular expression

2023-10-02 18:12:52 - [MESSAGE][PASSED] - Text '2508 Mandan Terrace Gambrills Maryland 21054' is present on page  using regular expression

2023-10-02 18:12:52 - [TEST_STEP][PASSED] - verifyTextPresent("Email:", true): Text 'Email:' is present on page  using regular expression

2023-10-02 18:12:52 - [MESSAGE][PASSED] - Text 'Email:' is present on page  using regular expression

2023-10-02 18:12:52 - [TEST_STEP][PASSED] - verifyTextPresent("iahmed@govolution.com", true): Text 'iahmed@govolution.com' is present on page  using regular expression

2023-10-02 18:12:53 - [MESSAGE][PASSED] - Text 'iahmed@govolution.com' is present on page  using regular expression

2023-10-02 18:12:53 - [TEST_STEP][PASSED] - verifyTextPresent("Phone:", true): Text 'Phone:' is present on page  using regular expression

2023-10-02 18:12:53 - [MESSAGE][PASSED] - Text 'Phone:' is present on page  using regular expression

2023-10-02 18:12:53 - [TEST_STEP][PASSED] - verifyTextPresent("(703) 894-5000", false): Text '(703) 894-5000' is present on page 

2023-10-02 18:12:53 - [MESSAGE][PASSED] - Text '(703) 894-5000' is present on page 

2023-10-02 18:12:53 - [TEST_STEP][PASSED] - verifyTextPresent("Tax Information", true): Text 'Tax Information' is present on page  using regular expression

2023-10-02 18:12:54 - [MESSAGE][PASSED] - Text 'Tax Information' is present on page  using regular expression

2023-10-02 18:12:54 - [TEST_STEP][PASSED] - if (feinSSN.equalsIgnoreCase("Y")): null

2023-10-02 18:12:54 - [TEST_STEP][PASSED] - else: Text 'FEIN/SSN:' is not present on page using regular expression

2023-10-02 18:12:54 - [TEST_STEP][PASSED] - verifyTextPresent("Federal EIN:", true): Text 'Federal EIN:' is present on page  using regular expression

2023-10-02 18:12:54 - [MESSAGE][PASSED] - Text 'Federal EIN:' is present on page  using regular expression

2023-10-02 18:12:54 - [TEST_STEP][PASSED] - verifyTextNotPresent("FEIN/SSN:", true): Text 'FEIN/SSN:' is not present on page using regular expression

2023-10-02 18:12:55 - [MESSAGE][PASSED] - Text 'FEIN/SSN:' is not present on page using regular expression

2023-10-02 18:12:55 - [TEST_STEP][PASSED] - verifyTextPresent("Payment Amount:", true): Text 'Payment Amount:' is present on page  using regular expression

2023-10-02 18:12:55 - [MESSAGE][PASSED] - Text 'Payment Amount:' is present on page  using regular expression

2023-10-02 18:12:55 - [TEST_STEP][PASSED] - verifyTextPresent("100.00", true): Text '100.00' is present on page  using regular expression

2023-10-02 18:12:55 - [MESSAGE][PASSED] - Text '100.00' is present on page  using regular expression

2023-10-02 18:12:55 - [TEST_STEP][PASSED] - if (verifyElementVisible(findTestObject(orPath_Summary + "/button_Proceed to Payment"))): null

2023-10-02 18:12:56 - [MESSAGE][PASSED] - Object 'Object Repository/RAD_Pages/Summary_Page/button_Proceed to Payment' is visible

2023-10-02 18:12:56 - [TEST_STEP][PASSED] - resText = "Pass": null

2023-10-02 18:12:56 - [TEST_STEP][PASSED] - pages.WriteExcel.demoKey(resText, datText, resColumn, datCloumn, fileLoc, nameSheet, row): pages.WriteExcel.demoKey is PASSED

2023-10-02 18:12:56 - [MESSAGE][PASSED] - pages.WriteExcel.demoKey is PASSED

2023-10-02 18:12:56 - [TEST_STEP][PASSED] - click(findTestObject(orPath_Summary + "/button_Proceed to Payment")): Object: 'Object Repository/RAD_Pages/Summary_Page/button_Proceed to Payment' is clicked on

2023-10-02 18:12:57 - [MESSAGE][PASSED] - Object: 'Object Repository/RAD_Pages/Summary_Page/button_Proceed to Payment' is clicked on

2023-10-02 18:12:57 - [TEST_STEP][PASSED] - ExecuteTC = findTestData(dataFile).getValue("Execute", row): null

2023-10-02 18:12:57 - [TEST_STEP][PASSED] - TaxType = findTestData(dataFile).getValue("TaxType", row): null

2023-10-02 18:12:57 - [TEST_STEP][PASSED] - PaymentType = findTestData(dataFile).getValue("PaymentType", row): null

2023-10-02 18:12:57 - [TEST_STEP][PASSED] - FilingYear = findTestData(dataFile).getValue("Year", row): null

2023-10-02 18:12:57 - [TEST_STEP][PASSED] - feinSSN = findTestData(dataFile).getValue("FeinSsn", row): null

2023-10-02 18:12:57 - [TEST_STEP][PASSED] - if (ExecuteTC.equalsIgnoreCase("Y")): Object: 'Object Repository/RAD_Pages/Summary_Page/button_Proceed to Payment' is clicked on

2023-10-02 18:12:57 - [TEST_STEP][PASSED] - out.println("Begin Record Number: " + row): null

2023-10-02 18:12:57 - [TEST_STEP][PASSED] - today = new java.util.Date(): null

2023-10-02 18:12:57 - [TEST_STEP][PASSED] - println(today): null

2023-10-02 18:12:57 - [TEST_STEP][PASSED] - datText = today: null

2023-10-02 18:12:57 - [TEST_STEP][PASSED] - logInfo("Payment Type: New Tax Return Amount Due"): Payment Type: New Tax Return Amount Due

2023-10-02 18:12:57 - [MESSAGE][INFO] - Payment Type: New Tax Return Amount Due

2023-10-02 18:12:57 - [TEST_STEP][PASSED] - logInfo("Tax Type: " + TaxType): Tax Type: PTE Non-Electing Non-S Corp

2023-10-02 18:12:57 - [MESSAGE][INFO] - Tax Type: PTE Non-Electing Non-S Corp

2023-10-02 18:12:57 - [TEST_STEP][PASSED] - openBrowser(""): Browser is opened with url: ''

2023-10-02 18:12:57 - [MESSAGE][WARNING] - A browser is already opened. Closing browser and opening a new one

2023-10-02 18:12:58 - [MESSAGE][INFO] - Starting 'Chrome' driver

2023-10-02 18:12:58 - [MESSAGE][INFO] - User set preference: ['acceptInsecureCerts', 'true']

2023-10-02 18:12:58 - [MESSAGE][INFO] - Action delay is set to 0 milliseconds

2023-10-02 18:13:00 - [MESSAGE][PASSED] - Browser is opened with url: ''

2023-10-02 18:13:00 - [TEST_STEP][PASSED] - maximizeWindow(): Current window maximized

2023-10-02 18:13:00 - [MESSAGE][PASSED] - Current window maximized

2023-10-02 18:13:00 - [TEST_STEP][PASSED] - navigateToUrl(RADurl): Navigate to 'https://demo.velocitypayment.com/client/rad/index.html' successfully

2023-10-02 18:13:01 - [MESSAGE][PASSED] - Navigate to 'https://demo.velocitypayment.com/client/rad/index.html' successfully

2023-10-02 18:13:01 - [TEST_STEP][PASSED] - selectOptionByLabel(findTestObject(orPath_Landing + "/dd_TaxType"), "New Tax Return Amount Due", false): All options with label 'New Tax Return Amount Due' are selected in object 'Object Repository/RAD_Pages/Landing_Page/dd_TaxType' 

2023-10-02 18:13:02 - [MESSAGE][PASSED] - All options with label 'New Tax Return Amount Due' are selected in object 'Object Repository/RAD_Pages/Landing_Page/dd_TaxType' 

2023-10-02 18:13:02 - [TEST_STEP][PASSED] - selectOptionByLabel(findTestObject("Object Repository/RAD_Pages/Landing_Page/select_NewTaxReturnAmountDue_TaxType"), TaxType, false): All options with label 'PTE Non-Electing Non-S Corp' are selected in object 'Object Repository/RAD_Pages/Landing_Page/select_NewTaxReturnAmountDue_TaxType' 

2023-10-02 18:13:03 - [MESSAGE][PASSED] - All options with label 'PTE Non-Electing Non-S Corp' are selected in object 'Object Repository/RAD_Pages/Landing_Page/select_NewTaxReturnAmountDue_TaxType' 

2023-10-02 18:13:03 - [TEST_STEP][PASSED] - selectOptionByLabel(findTestObject(orPath_TaxTypeFilingYear + "/select_FilingYear"), FilingYear, false): All options with label '2020' are selected in object 'Object Repository/RAD_Pages/TaxTypeFilingYear_Page/select_FilingYear' 

2023-10-02 18:13:04 - [MESSAGE][PASSED] - All options with label '2020' are selected in object 'Object Repository/RAD_Pages/TaxTypeFilingYear_Page/select_FilingYear' 

2023-10-02 18:13:04 - [TEST_STEP][PASSED] - rad.getSetDataRAD.setDataRADBusinessName(): rad.getSetDataRAD.setDataRADBusinessName is PASSED

2023-10-02 18:13:05 - [MESSAGE][PASSED] - Text 'My Company' is set on object 'Object Repository/RAD_Pages/Taxpayer_Page/input_businessName'

2023-10-02 18:13:05 - [MESSAGE][PASSED] - rad.getSetDataRAD.setDataRADBusinessName is PASSED

2023-10-02 18:13:05 - [TEST_STEP][PASSED] - rad.getSetDataRAD.setDataRADBusinessRep(): rad.getSetDataRAD.setDataRADBusinessRep is PASSED

2023-10-02 18:13:06 - [MESSAGE][PASSED] - Text 'BusRepFname' is set on object 'Object Repository/RAD_Pages/Taxpayer_Page/input_BusinessRepfirstName'

2023-10-02 18:13:07 - [MESSAGE][PASSED] - Text '' is set on object 'Object Repository/RAD_Pages/Taxpayer_Page/input_BusinessRepmiddleName'

2023-10-02 18:13:08 - [MESSAGE][PASSED] - Text 'BusRepLname' is set on object 'Object Repository/RAD_Pages/Taxpayer_Page/input_BusinessReplastName'

2023-10-02 18:13:09 - [MESSAGE][PASSED] - Text '' is set on object 'Object Repository/RAD_Pages/Taxpayer_Page/input_BusinessRepsuffix'

2023-10-02 18:13:09 - [MESSAGE][PASSED] - rad.getSetDataRAD.setDataRADBusinessRep is PASSED

2023-10-02 18:13:09 - [TEST_STEP][PASSED] - rad.getSetDataRAD.setDataRADAddress(): rad.getSetDataRAD.setDataRADAddress is PASSED

2023-10-02 18:13:09 - [MESSAGE][PASSED] - All options with label 'United States' are selected in object 'Object Repository/RAD_Pages/AddressAndContactInfo_Page/select_Country' 

2023-10-02 18:13:10 - [MESSAGE][PASSED] - Text '2508 Mandan Terrace' is set on object 'Object Repository/RAD_Pages/AddressAndContactInfo_Page/input_streetAddress1'

2023-10-02 18:13:11 - [MESSAGE][PASSED] - Text '' is set on object 'Object Repository/RAD_Pages/AddressAndContactInfo_Page/input_streetAddress2'

2023-10-02 18:13:12 - [MESSAGE][PASSED] - Text 'Gambrills' is set on object 'Object Repository/RAD_Pages/AddressAndContactInfo_Page/input_city'

2023-10-02 18:13:13 - [MESSAGE][PASSED] - All options with label 'Maryland' are selected in object 'Object Repository/RAD_Pages/AddressAndContactInfo_Page/select_State' 

2023-10-02 18:13:14 - [MESSAGE][PASSED] - Text '21054' is set on object 'Object Repository/RAD_Pages/AddressAndContactInfo_Page/input_zipCode'

2023-10-02 18:13:15 - [MESSAGE][PASSED] - Text '(703) 894-5000' is set on object 'Object Repository/RAD_Pages/AddressAndContactInfo_Page/input_phoneNumber'

2023-10-02 18:13:16 - [MESSAGE][PASSED] - Text 'iahmed@govolution.com' is set on object 'Object Repository/RAD_Pages/AddressAndContactInfo_Page/input_eMailAddress'

2023-10-02 18:13:17 - [MESSAGE][PASSED] - Text 'iahmed@govolution.com' is set on object 'Object Repository/RAD_Pages/AddressAndContactInfo_Page/input_reEnterEMailAddress'

2023-10-02 18:13:17 - [MESSAGE][PASSED] - rad.getSetDataRAD.setDataRADAddress is PASSED

2023-10-02 18:13:17 - [TEST_STEP][PASSED] - if (feinSSN.equalsIgnoreCase("Y")): rad.getSetDataRAD.setDataRADFEINSSN is PASSED

2023-10-02 18:13:17 - [TEST_STEP][PASSED] - rad.getSetDataRAD.setDataRADFEINSSN(): rad.getSetDataRAD.setDataRADFEINSSN is PASSED

2023-10-02 18:13:17 - [MESSAGE][PASSED] - Text ****** has been set on object 'Object Repository/RAD_Pages/TaxInfo_Page/input_TaxInformation_feinSsn'

2023-10-02 18:13:18 - [MESSAGE][PASSED] - Text ****** has been set on object 'Object Repository/RAD_Pages/TaxInfo_Page/input_TaxInformation_RefeinSsn'

2023-10-02 18:13:18 - [MESSAGE][PASSED] - rad.getSetDataRAD.setDataRADFEINSSN is PASSED

2023-10-02 18:13:18 - [TEST_STEP][PASSED] - setText(findTestObject(orPath_Amount + "/input__paymentAmount"), "100.00"): Text '100.00' is set on object 'Object Repository/RAD_Pages/PaymentAmount_Page/input__paymentAmount'

2023-10-02 18:13:19 - [MESSAGE][PASSED] - Text '100.00' is set on object 'Object Repository/RAD_Pages/PaymentAmount_Page/input__paymentAmount'

2023-10-02 18:13:19 - [TEST_STEP][PASSED] - setText(findTestObject(orPath_AddressContact + "/input_streetAddress2"), ""): Text '' is set on object 'Object Repository/RAD_Pages/AddressAndContactInfo_Page/input_streetAddress2'

2023-10-02 18:13:20 - [MESSAGE][PASSED] - Text '' is set on object 'Object Repository/RAD_Pages/AddressAndContactInfo_Page/input_streetAddress2'

2023-10-02 18:13:20 - [TEST_STEP][PASSED] - scrollToElement(findTestObject(orPath_Landing + "/button_Continue"), 3): Scroll to object 'Object Repository/RAD_Pages/Landing_Page/button_Continue' successfully

2023-10-02 18:13:20 - [MESSAGE][PASSED] - Scroll to object 'Object Repository/RAD_Pages/Landing_Page/button_Continue' successfully

2023-10-02 18:13:20 - [TEST_STEP][PASSED] - waitForElementClickable(findTestObject(orPath_Landing + "/button_Continue"), 5): Object 'Object Repository/RAD_Pages/Landing_Page/button_Continue' is clickable

2023-10-02 18:13:21 - [MESSAGE][PASSED] - Object 'Object Repository/RAD_Pages/Landing_Page/button_Continue' is clickable

2023-10-02 18:13:21 - [TEST_STEP][PASSED] - click(findTestObject(orPath_Landing + "/button_Continue")): Object: 'Object Repository/RAD_Pages/Landing_Page/button_Continue' is clicked on

2023-10-02 18:13:21 - [MESSAGE][PASSED] - Object: 'Object Repository/RAD_Pages/Landing_Page/button_Continue' is clicked on

2023-10-02 18:13:21 - [TEST_STEP][PASSED] - delay(2): Delayed 2 second(s)

2023-10-02 18:13:23 - [MESSAGE][PASSED] - Delayed 2 second(s)

2023-10-02 18:13:23 - [TEST_STEP][PASSED] - verifyTextPresent("Summary", true): Text 'Summary' is present on page  using regular expression

2023-10-02 18:13:23 - [MESSAGE][PASSED] - Text 'Summary' is present on page  using regular expression

2023-10-02 18:13:23 - [TEST_STEP][PASSED] - verifyTextPresent("Review the information below and make any necessary corrections by clicking the", true): Text 'Review the information below and make any necessary corrections by clicking the' is present on page  using regular expression

2023-10-02 18:13:24 - [MESSAGE][PASSED] - Text 'Review the information below and make any necessary corrections by clicking the' is present on page  using regular expression

2023-10-02 18:13:24 - [TEST_STEP][PASSED] - verifyTextPresent("When you are confident that all the information is correct, click the", true): Text 'When you are confident that all the information is correct, click the' is present on page  using regular expression

2023-10-02 18:13:24 - [MESSAGE][PASSED] - Text 'When you are confident that all the information is correct, click the' is present on page  using regular expression

2023-10-02 18:13:24 - [TEST_STEP][PASSED] - verifyTextPresent("Payment Type/Filing Year", true): Text 'Payment Type/Filing Year' is present on page  using regular expression

2023-10-02 18:13:25 - [MESSAGE][PASSED] - Text 'Payment Type/Filing Year' is present on page  using regular expression

2023-10-02 18:13:25 - [TEST_STEP][PASSED] - verifyTextPresent("Payment Type:", true): Text 'Payment Type:' is present on page  using regular expression

2023-10-02 18:13:25 - [MESSAGE][PASSED] - Text 'Payment Type:' is present on page  using regular expression

2023-10-02 18:13:25 - [TEST_STEP][PASSED] - verifyTextPresent("New Tax Return Amount Due", true): Text 'New Tax Return Amount Due' is present on page  using regular expression

2023-10-02 18:13:25 - [MESSAGE][PASSED] - Text 'New Tax Return Amount Due' is present on page  using regular expression

2023-10-02 18:13:25 - [TEST_STEP][PASSED] - verifyTextPresent("Filing Year:", true): Text 'Filing Year:' is present on page  using regular expression

2023-10-02 18:13:26 - [MESSAGE][PASSED] - Text 'Filing Year:' is present on page  using regular expression

2023-10-02 18:13:26 - [TEST_STEP][PASSED] - verifyTextPresent(FilingYear, true): Text '2020' is present on page  using regular expression

2023-10-02 18:13:26 - [MESSAGE][PASSED] - Text '2020' is present on page  using regular expression

2023-10-02 18:13:26 - [TEST_STEP][PASSED] - verifyTextPresent("Payer Information", true): Text 'Payer Information' is present on page  using regular expression

2023-10-02 18:13:26 - [MESSAGE][PASSED] - Text 'Payer Information' is present on page  using regular expression

2023-10-02 18:13:26 - [TEST_STEP][PASSED] - verifyTextPresent("Taxpayer Name:", true): Text 'Taxpayer Name:' is present on page  using regular expression

2023-10-02 18:13:27 - [MESSAGE][PASSED] - Text 'Taxpayer Name:' is present on page  using regular expression

2023-10-02 18:13:27 - [TEST_STEP][PASSED] - verifyTextPresent("My Company", true): Text 'My Company' is present on page  using regular expression

2023-10-02 18:13:27 - [MESSAGE][PASSED] - Text 'My Company' is present on page  using regular expression

2023-10-02 18:13:27 - [TEST_STEP][PASSED] - verifyTextPresent("Business Rep Name:", true): Text 'Business Rep Name:' is present on page  using regular expression

2023-10-02 18:13:28 - [MESSAGE][PASSED] - Text 'Business Rep Name:' is present on page  using regular expression

2023-10-02 18:13:28 - [TEST_STEP][PASSED] - verifyTextPresent("BusRepFname BusRepLname", true): Text 'BusRepFname BusRepLname' is present on page  using regular expression

2023-10-02 18:13:28 - [MESSAGE][PASSED] - Text 'BusRepFname BusRepLname' is present on page  using regular expression

2023-10-02 18:13:28 - [TEST_STEP][PASSED] - verifyTextPresent("Taxpayer Address:", true): Text 'Taxpayer Address:' is present on page  using regular expression

2023-10-02 18:13:28 - [MESSAGE][PASSED] - Text 'Taxpayer Address:' is present on page  using regular expression

2023-10-02 18:13:28 - [TEST_STEP][PASSED] - verifyTextPresent("2508 Mandan Terrace Gambrills Maryland 21054", true): Text '2508 Mandan Terrace Gambrills Maryland 21054' is present on page  using regular expression

2023-10-02 18:13:29 - [MESSAGE][PASSED] - Text '2508 Mandan Terrace Gambrills Maryland 21054' is present on page  using regular expression

2023-10-02 18:13:29 - [TEST_STEP][PASSED] - verifyTextPresent("Email:", true): Text 'Email:' is present on page  using regular expression

2023-10-02 18:13:29 - [MESSAGE][PASSED] - Text 'Email:' is present on page  using regular expression

2023-10-02 18:13:29 - [TEST_STEP][PASSED] - verifyTextPresent("iahmed@govolution.com", true): Text 'iahmed@govolution.com' is present on page  using regular expression

2023-10-02 18:13:29 - [MESSAGE][PASSED] - Text 'iahmed@govolution.com' is present on page  using regular expression

2023-10-02 18:13:29 - [TEST_STEP][PASSED] - verifyTextPresent("Phone:", true): Text 'Phone:' is present on page  using regular expression

2023-10-02 18:13:30 - [MESSAGE][PASSED] - Text 'Phone:' is present on page  using regular expression

2023-10-02 18:13:30 - [TEST_STEP][PASSED] - verifyTextPresent("(703) 894-5000", false): Text '(703) 894-5000' is present on page 

2023-10-02 18:13:30 - [MESSAGE][PASSED] - Text '(703) 894-5000' is present on page 

2023-10-02 18:13:30 - [TEST_STEP][PASSED] - verifyTextPresent("Tax Information", true): Text 'Tax Information' is present on page  using regular expression

2023-10-02 18:13:30 - [MESSAGE][PASSED] - Text 'Tax Information' is present on page  using regular expression

2023-10-02 18:13:30 - [TEST_STEP][PASSED] - if (feinSSN.equalsIgnoreCase("Y")): Text 'Federal EIN:' is not present on page using regular expression

2023-10-02 18:13:30 - [TEST_STEP][PASSED] - verifyTextPresent("FEIN/SSN:", true): Text 'FEIN/SSN:' is present on page  using regular expression

2023-10-02 18:13:31 - [MESSAGE][PASSED] - Text 'FEIN/SSN:' is present on page  using regular expression

2023-10-02 18:13:31 - [TEST_STEP][PASSED] - verifyTextNotPresent("Federal EIN:", true): Text 'Federal EIN:' is not present on page using regular expression

2023-10-02 18:13:31 - [MESSAGE][PASSED] - Text 'Federal EIN:' is not present on page using regular expression

2023-10-02 18:13:31 - [TEST_STEP][PASSED] - verifyTextPresent("Payment Amount:", true): Text 'Payment Amount:' is present on page  using regular expression

2023-10-02 18:13:31 - [MESSAGE][PASSED] - Text 'Payment Amount:' is present on page  using regular expression

2023-10-02 18:13:31 - [TEST_STEP][PASSED] - verifyTextPresent("100.00", true): Text '100.00' is present on page  using regular expression

2023-10-02 18:13:32 - [MESSAGE][PASSED] - Text '100.00' is present on page  using regular expression

2023-10-02 18:13:32 - [TEST_STEP][PASSED] - if (verifyElementVisible(findTestObject(orPath_Summary + "/button_Proceed to Payment"))): null

2023-10-02 18:13:32 - [MESSAGE][PASSED] - Object 'Object Repository/RAD_Pages/Summary_Page/button_Proceed to Payment' is visible

2023-10-02 18:13:32 - [TEST_STEP][PASSED] - resText = "Pass": null

2023-10-02 18:13:32 - [TEST_STEP][PASSED] - pages.WriteExcel.demoKey(resText, datText, resColumn, datCloumn, fileLoc, nameSheet, row): pages.WriteExcel.demoKey is PASSED

2023-10-02 18:13:32 - [MESSAGE][PASSED] - pages.WriteExcel.demoKey is PASSED

2023-10-02 18:13:32 - [TEST_STEP][PASSED] - click(findTestObject(orPath_Summary + "/button_Proceed to Payment")): Object: 'Object Repository/RAD_Pages/Summary_Page/button_Proceed to Payment' is clicked on

2023-10-02 18:13:33 - [MESSAGE][PASSED] - Object: 'Object Repository/RAD_Pages/Summary_Page/button_Proceed to Payment' is clicked on

2023-10-02 18:13:33 - [TEST_STEP][PASSED] - ExecuteTC = findTestData(dataFile).getValue("Execute", row): null

2023-10-02 18:13:33 - [TEST_STEP][PASSED] - TaxType = findTestData(dataFile).getValue("TaxType", row): null

2023-10-02 18:13:33 - [TEST_STEP][PASSED] - PaymentType = findTestData(dataFile).getValue("PaymentType", row): null

2023-10-02 18:13:33 - [TEST_STEP][PASSED] - FilingYear = findTestData(dataFile).getValue("Year", row): null

2023-10-02 18:13:33 - [TEST_STEP][PASSED] - feinSSN = findTestData(dataFile).getValue("FeinSsn", row): null

2023-10-02 18:13:33 - [TEST_STEP][PASSED] - if (ExecuteTC.equalsIgnoreCase("Y")): Object: 'Object Repository/RAD_Pages/Summary_Page/button_Proceed to Payment' is clicked on

2023-10-02 18:13:33 - [TEST_STEP][PASSED] - out.println("Begin Record Number: " + row): null

2023-10-02 18:13:33 - [TEST_STEP][PASSED] - today = new java.util.Date(): null

2023-10-02 18:13:33 - [TEST_STEP][PASSED] - println(today): null

2023-10-02 18:13:33 - [TEST_STEP][PASSED] - datText = today: null

2023-10-02 18:13:33 - [TEST_STEP][PASSED] - logInfo("Payment Type: New Tax Return Amount Due"): Payment Type: New Tax Return Amount Due

2023-10-02 18:13:33 - [MESSAGE][INFO] - Payment Type: New Tax Return Amount Due

2023-10-02 18:13:33 - [TEST_STEP][PASSED] - logInfo("Tax Type: " + TaxType): Tax Type: PTE Non-Electing S Corp

2023-10-02 18:13:33 - [MESSAGE][INFO] - Tax Type: PTE Non-Electing S Corp

2023-10-02 18:13:33 - [TEST_STEP][PASSED] - openBrowser(""): Browser is opened with url: ''

2023-10-02 18:13:33 - [MESSAGE][WARNING] - A browser is already opened. Closing browser and opening a new one

2023-10-02 18:13:34 - [MESSAGE][INFO] - Starting 'Chrome' driver

2023-10-02 18:13:34 - [MESSAGE][INFO] - User set preference: ['acceptInsecureCerts', 'true']

2023-10-02 18:13:34 - [MESSAGE][INFO] - Action delay is set to 0 milliseconds

2023-10-02 18:13:36 - [MESSAGE][PASSED] - Browser is opened with url: ''

2023-10-02 18:13:36 - [TEST_STEP][PASSED] - maximizeWindow(): Current window maximized

2023-10-02 18:13:36 - [MESSAGE][PASSED] - Current window maximized

2023-10-02 18:13:36 - [TEST_STEP][PASSED] - navigateToUrl(RADurl): Navigate to 'https://demo.velocitypayment.com/client/rad/index.html' successfully

2023-10-02 18:13:37 - [MESSAGE][PASSED] - Navigate to 'https://demo.velocitypayment.com/client/rad/index.html' successfully

2023-10-02 18:13:37 - [TEST_STEP][PASSED] - selectOptionByLabel(findTestObject(orPath_Landing + "/dd_TaxType"), "New Tax Return Amount Due", false): All options with label 'New Tax Return Amount Due' are selected in object 'Object Repository/RAD_Pages/Landing_Page/dd_TaxType' 

2023-10-02 18:13:38 - [MESSAGE][PASSED] - All options with label 'New Tax Return Amount Due' are selected in object 'Object Repository/RAD_Pages/Landing_Page/dd_TaxType' 

2023-10-02 18:13:38 - [TEST_STEP][PASSED] - selectOptionByLabel(findTestObject("Object Repository/RAD_Pages/Landing_Page/select_NewTaxReturnAmountDue_TaxType"), TaxType, false): All options with label 'PTE Non-Electing S Corp' are selected in object 'Object Repository/RAD_Pages/Landing_Page/select_NewTaxReturnAmountDue_TaxType' 

2023-10-02 18:13:39 - [MESSAGE][PASSED] - All options with label 'PTE Non-Electing S Corp' are selected in object 'Object Repository/RAD_Pages/Landing_Page/select_NewTaxReturnAmountDue_TaxType' 

2023-10-02 18:13:39 - [TEST_STEP][PASSED] - selectOptionByLabel(findTestObject(orPath_TaxTypeFilingYear + "/select_FilingYear"), FilingYear, false): All options with label '2020' are selected in object 'Object Repository/RAD_Pages/TaxTypeFilingYear_Page/select_FilingYear' 

2023-10-02 18:13:40 - [MESSAGE][PASSED] - All options with label '2020' are selected in object 'Object Repository/RAD_Pages/TaxTypeFilingYear_Page/select_FilingYear' 

2023-10-02 18:13:40 - [TEST_STEP][PASSED] - rad.getSetDataRAD.setDataRADBusinessName(): rad.getSetDataRAD.setDataRADBusinessName is PASSED

2023-10-02 18:13:41 - [MESSAGE][PASSED] - Text 'My Company' is set on object 'Object Repository/RAD_Pages/Taxpayer_Page/input_businessName'

2023-10-02 18:13:41 - [MESSAGE][PASSED] - rad.getSetDataRAD.setDataRADBusinessName is PASSED

2023-10-02 18:13:41 - [TEST_STEP][PASSED] - rad.getSetDataRAD.setDataRADBusinessRep(): rad.getSetDataRAD.setDataRADBusinessRep is PASSED

2023-10-02 18:13:42 - [MESSAGE][PASSED] - Text 'BusRepFname' is set on object 'Object Repository/RAD_Pages/Taxpayer_Page/input_BusinessRepfirstName'

2023-10-02 18:13:43 - [MESSAGE][PASSED] - Text '' is set on object 'Object Repository/RAD_Pages/Taxpayer_Page/input_BusinessRepmiddleName'

2023-10-02 18:13:44 - [MESSAGE][PASSED] - Text 'BusRepLname' is set on object 'Object Repository/RAD_Pages/Taxpayer_Page/input_BusinessReplastName'

2023-10-02 18:13:45 - [MESSAGE][PASSED] - Text '' is set on object 'Object Repository/RAD_Pages/Taxpayer_Page/input_BusinessRepsuffix'

2023-10-02 18:13:45 - [MESSAGE][PASSED] - rad.getSetDataRAD.setDataRADBusinessRep is PASSED

2023-10-02 18:13:45 - [TEST_STEP][PASSED] - rad.getSetDataRAD.setDataRADAddress(): rad.getSetDataRAD.setDataRADAddress is PASSED

2023-10-02 18:13:45 - [MESSAGE][PASSED] - All options with label 'United States' are selected in object 'Object Repository/RAD_Pages/AddressAndContactInfo_Page/select_Country' 

2023-10-02 18:13:46 - [MESSAGE][PASSED] - Text '2508 Mandan Terrace' is set on object 'Object Repository/RAD_Pages/AddressAndContactInfo_Page/input_streetAddress1'

2023-10-02 18:13:47 - [MESSAGE][PASSED] - Text '' is set on object 'Object Repository/RAD_Pages/AddressAndContactInfo_Page/input_streetAddress2'

2023-10-02 18:13:48 - [MESSAGE][PASSED] - Text 'Gambrills' is set on object 'Object Repository/RAD_Pages/AddressAndContactInfo_Page/input_city'

2023-10-02 18:13:49 - [MESSAGE][PASSED] - All options with label 'Maryland' are selected in object 'Object Repository/RAD_Pages/AddressAndContactInfo_Page/select_State' 

2023-10-02 18:13:49 - [MESSAGE][PASSED] - Text '21054' is set on object 'Object Repository/RAD_Pages/AddressAndContactInfo_Page/input_zipCode'

2023-10-02 18:13:50 - [MESSAGE][PASSED] - Text '(703) 894-5000' is set on object 'Object Repository/RAD_Pages/AddressAndContactInfo_Page/input_phoneNumber'

2023-10-02 18:13:51 - [MESSAGE][PASSED] - Text 'iahmed@govolution.com' is set on object 'Object Repository/RAD_Pages/AddressAndContactInfo_Page/input_eMailAddress'

2023-10-02 18:13:52 - [MESSAGE][PASSED] - Text 'iahmed@govolution.com' is set on object 'Object Repository/RAD_Pages/AddressAndContactInfo_Page/input_reEnterEMailAddress'

2023-10-02 18:13:52 - [MESSAGE][PASSED] - rad.getSetDataRAD.setDataRADAddress is PASSED

2023-10-02 18:13:52 - [TEST_STEP][PASSED] - if (feinSSN.equalsIgnoreCase("Y")): rad.getSetDataRAD.setDataRADFEINSSN is PASSED

2023-10-02 18:13:52 - [TEST_STEP][PASSED] - rad.getSetDataRAD.setDataRADFEINSSN(): rad.getSetDataRAD.setDataRADFEINSSN is PASSED

2023-10-02 18:13:53 - [MESSAGE][PASSED] - Text ****** has been set on object 'Object Repository/RAD_Pages/TaxInfo_Page/input_TaxInformation_feinSsn'

2023-10-02 18:13:54 - [MESSAGE][PASSED] - Text ****** has been set on object 'Object Repository/RAD_Pages/TaxInfo_Page/input_TaxInformation_RefeinSsn'

2023-10-02 18:13:54 - [MESSAGE][PASSED] - rad.getSetDataRAD.setDataRADFEINSSN is PASSED

2023-10-02 18:13:54 - [TEST_STEP][PASSED] - setText(findTestObject(orPath_Amount + "/input__paymentAmount"), "100.00"): Text '100.00' is set on object 'Object Repository/RAD_Pages/PaymentAmount_Page/input__paymentAmount'

2023-10-02 18:13:55 - [MESSAGE][PASSED] - Text '100.00' is set on object 'Object Repository/RAD_Pages/PaymentAmount_Page/input__paymentAmount'

2023-10-02 18:13:55 - [TEST_STEP][PASSED] - setText(findTestObject(orPath_AddressContact + "/input_streetAddress2"), ""): Text '' is set on object 'Object Repository/RAD_Pages/AddressAndContactInfo_Page/input_streetAddress2'

2023-10-02 18:13:55 - [MESSAGE][PASSED] - Text '' is set on object 'Object Repository/RAD_Pages/AddressAndContactInfo_Page/input_streetAddress2'

2023-10-02 18:13:55 - [TEST_STEP][PASSED] - scrollToElement(findTestObject(orPath_Landing + "/button_Continue"), 3): Scroll to object 'Object Repository/RAD_Pages/Landing_Page/button_Continue' successfully

2023-10-02 18:13:56 - [MESSAGE][PASSED] - Scroll to object 'Object Repository/RAD_Pages/Landing_Page/button_Continue' successfully

2023-10-02 18:13:56 - [TEST_STEP][PASSED] - waitForElementClickable(findTestObject(orPath_Landing + "/button_Continue"), 5): Object 'Object Repository/RAD_Pages/Landing_Page/button_Continue' is clickable

2023-10-02 18:13:56 - [MESSAGE][PASSED] - Object 'Object Repository/RAD_Pages/Landing_Page/button_Continue' is clickable

2023-10-02 18:13:56 - [TEST_STEP][PASSED] - click(findTestObject(orPath_Landing + "/button_Continue")): Object: 'Object Repository/RAD_Pages/Landing_Page/button_Continue' is clicked on

2023-10-02 18:13:57 - [MESSAGE][PASSED] - Object: 'Object Repository/RAD_Pages/Landing_Page/button_Continue' is clicked on

2023-10-02 18:13:57 - [TEST_STEP][PASSED] - delay(2): Delayed 2 second(s)

2023-10-02 18:13:59 - [MESSAGE][PASSED] - Delayed 2 second(s)

2023-10-02 18:13:59 - [TEST_STEP][PASSED] - verifyTextPresent("Summary", true): Text 'Summary' is present on page  using regular expression

2023-10-02 18:13:59 - [MESSAGE][PASSED] - Text 'Summary' is present on page  using regular expression

2023-10-02 18:13:59 - [TEST_STEP][PASSED] - verifyTextPresent("Review the information below and make any necessary corrections by clicking the", true): Text 'Review the information below and make any necessary corrections by clicking the' is present on page  using regular expression

2023-10-02 18:13:59 - [MESSAGE][PASSED] - Text 'Review the information below and make any necessary corrections by clicking the' is present on page  using regular expression

2023-10-02 18:13:59 - [TEST_STEP][PASSED] - verifyTextPresent("When you are confident that all the information is correct, click the", true): Text 'When you are confident that all the information is correct, click the' is present on page  using regular expression

2023-10-02 18:14:00 - [MESSAGE][PASSED] - Text 'When you are confident that all the information is correct, click the' is present on page  using regular expression

2023-10-02 18:14:00 - [TEST_STEP][PASSED] - verifyTextPresent("Payment Type/Filing Year", true): Text 'Payment Type/Filing Year' is present on page  using regular expression

2023-10-02 18:14:00 - [MESSAGE][PASSED] - Text 'Payment Type/Filing Year' is present on page  using regular expression

2023-10-02 18:14:00 - [TEST_STEP][PASSED] - verifyTextPresent("Payment Type:", true): Text 'Payment Type:' is present on page  using regular expression

2023-10-02 18:14:00 - [MESSAGE][PASSED] - Text 'Payment Type:' is present on page  using regular expression

2023-10-02 18:14:00 - [TEST_STEP][PASSED] - verifyTextPresent("New Tax Return Amount Due", true): Text 'New Tax Return Amount Due' is present on page  using regular expression

2023-10-02 18:14:01 - [MESSAGE][PASSED] - Text 'New Tax Return Amount Due' is present on page  using regular expression

2023-10-02 18:14:01 - [TEST_STEP][PASSED] - verifyTextPresent("Filing Year:", true): Text 'Filing Year:' is present on page  using regular expression

2023-10-02 18:14:01 - [MESSAGE][PASSED] - Text 'Filing Year:' is present on page  using regular expression

2023-10-02 18:14:01 - [TEST_STEP][PASSED] - verifyTextPresent(FilingYear, true): Text '2020' is present on page  using regular expression

2023-10-02 18:14:02 - [MESSAGE][PASSED] - Text '2020' is present on page  using regular expression

2023-10-02 18:14:02 - [TEST_STEP][PASSED] - verifyTextPresent("Payer Information", true): Text 'Payer Information' is present on page  using regular expression

2023-10-02 18:14:02 - [MESSAGE][PASSED] - Text 'Payer Information' is present on page  using regular expression

2023-10-02 18:14:02 - [TEST_STEP][PASSED] - verifyTextPresent("Taxpayer Name:", true): Text 'Taxpayer Name:' is present on page  using regular expression

2023-10-02 18:14:02 - [MESSAGE][PASSED] - Text 'Taxpayer Name:' is present on page  using regular expression

2023-10-02 18:14:02 - [TEST_STEP][PASSED] - verifyTextPresent("My Company", true): Text 'My Company' is present on page  using regular expression

2023-10-02 18:14:03 - [MESSAGE][PASSED] - Text 'My Company' is present on page  using regular expression

2023-10-02 18:14:03 - [TEST_STEP][PASSED] - verifyTextPresent("Business Rep Name:", true): Text 'Business Rep Name:' is present on page  using regular expression

2023-10-02 18:14:03 - [MESSAGE][PASSED] - Text 'Business Rep Name:' is present on page  using regular expression

2023-10-02 18:14:03 - [TEST_STEP][PASSED] - verifyTextPresent("BusRepFname BusRepLname", true): Text 'BusRepFname BusRepLname' is present on page  using regular expression

2023-10-02 18:14:03 - [MESSAGE][PASSED] - Text 'BusRepFname BusRepLname' is present on page  using regular expression

2023-10-02 18:14:03 - [TEST_STEP][PASSED] - verifyTextPresent("Taxpayer Address:", true): Text 'Taxpayer Address:' is present on page  using regular expression

2023-10-02 18:14:04 - [MESSAGE][PASSED] - Text 'Taxpayer Address:' is present on page  using regular expression

2023-10-02 18:14:04 - [TEST_STEP][PASSED] - verifyTextPresent("2508 Mandan Terrace Gambrills Maryland 21054", true): Text '2508 Mandan Terrace Gambrills Maryland 21054' is present on page  using regular expression

2023-10-02 18:14:04 - [MESSAGE][PASSED] - Text '2508 Mandan Terrace Gambrills Maryland 21054' is present on page  using regular expression

2023-10-02 18:14:04 - [TEST_STEP][PASSED] - verifyTextPresent("Email:", true): Text 'Email:' is present on page  using regular expression

2023-10-02 18:14:05 - [MESSAGE][PASSED] - Text 'Email:' is present on page  using regular expression

2023-10-02 18:14:05 - [TEST_STEP][PASSED] - verifyTextPresent("iahmed@govolution.com", true): Text 'iahmed@govolution.com' is present on page  using regular expression

2023-10-02 18:14:05 - [MESSAGE][PASSED] - Text 'iahmed@govolution.com' is present on page  using regular expression

2023-10-02 18:14:05 - [TEST_STEP][PASSED] - verifyTextPresent("Phone:", true): Text 'Phone:' is present on page  using regular expression

2023-10-02 18:14:05 - [MESSAGE][PASSED] - Text 'Phone:' is present on page  using regular expression

2023-10-02 18:14:05 - [TEST_STEP][PASSED] - verifyTextPresent("(703) 894-5000", false): Text '(703) 894-5000' is present on page 

2023-10-02 18:14:06 - [MESSAGE][PASSED] - Text '(703) 894-5000' is present on page 

2023-10-02 18:14:06 - [TEST_STEP][PASSED] - verifyTextPresent("Tax Information", true): Text 'Tax Information' is present on page  using regular expression

2023-10-02 18:14:06 - [MESSAGE][PASSED] - Text 'Tax Information' is present on page  using regular expression

2023-10-02 18:14:06 - [TEST_STEP][PASSED] - if (feinSSN.equalsIgnoreCase("Y")): Text 'Federal EIN:' is not present on page using regular expression

2023-10-02 18:14:06 - [TEST_STEP][PASSED] - verifyTextPresent("FEIN/SSN:", true): Text 'FEIN/SSN:' is present on page  using regular expression

2023-10-02 18:14:07 - [MESSAGE][PASSED] - Text 'FEIN/SSN:' is present on page  using regular expression

2023-10-02 18:14:07 - [TEST_STEP][PASSED] - verifyTextNotPresent("Federal EIN:", true): Text 'Federal EIN:' is not present on page using regular expression

2023-10-02 18:14:07 - [MESSAGE][PASSED] - Text 'Federal EIN:' is not present on page using regular expression

2023-10-02 18:14:07 - [TEST_STEP][PASSED] - verifyTextPresent("Payment Amount:", true): Text 'Payment Amount:' is present on page  using regular expression

2023-10-02 18:14:07 - [MESSAGE][PASSED] - Text 'Payment Amount:' is present on page  using regular expression

2023-10-02 18:14:07 - [TEST_STEP][PASSED] - verifyTextPresent("100.00", true): Text '100.00' is present on page  using regular expression

2023-10-02 18:14:08 - [MESSAGE][PASSED] - Text '100.00' is present on page  using regular expression

2023-10-02 18:14:08 - [TEST_STEP][PASSED] - if (verifyElementVisible(findTestObject(orPath_Summary + "/button_Proceed to Payment"))): null

2023-10-02 18:14:08 - [MESSAGE][PASSED] - Object 'Object Repository/RAD_Pages/Summary_Page/button_Proceed to Payment' is visible

2023-10-02 18:14:08 - [TEST_STEP][PASSED] - resText = "Pass": null

2023-10-02 18:14:08 - [TEST_STEP][PASSED] - pages.WriteExcel.demoKey(resText, datText, resColumn, datCloumn, fileLoc, nameSheet, row): pages.WriteExcel.demoKey is PASSED

2023-10-02 18:14:08 - [MESSAGE][PASSED] - pages.WriteExcel.demoKey is PASSED

2023-10-02 18:14:08 - [TEST_STEP][PASSED] - click(findTestObject(orPath_Summary + "/button_Proceed to Payment")): Object: 'Object Repository/RAD_Pages/Summary_Page/button_Proceed to Payment' is clicked on

2023-10-02 18:14:10 - [MESSAGE][PASSED] - Object: 'Object Repository/RAD_Pages/Summary_Page/button_Proceed to Payment' is clicked on

2023-10-02 18:14:10 - [TEST_STEP][PASSED] - ExecuteTC = findTestData(dataFile).getValue("Execute", row): null

2023-10-02 18:14:10 - [TEST_STEP][PASSED] - TaxType = findTestData(dataFile).getValue("TaxType", row): null

2023-10-02 18:14:10 - [TEST_STEP][PASSED] - PaymentType = findTestData(dataFile).getValue("PaymentType", row): null

2023-10-02 18:14:10 - [TEST_STEP][PASSED] - FilingYear = findTestData(dataFile).getValue("Year", row): null

2023-10-02 18:14:10 - [TEST_STEP][PASSED] - feinSSN = findTestData(dataFile).getValue("FeinSsn", row): null

2023-10-02 18:14:10 - [TEST_STEP][PASSED] - if (ExecuteTC.equalsIgnoreCase("Y")): Object: 'Object Repository/RAD_Pages/Summary_Page/button_Proceed to Payment' is clicked on

2023-10-02 18:14:10 - [TEST_STEP][PASSED] - out.println("Begin Record Number: " + row): null

2023-10-02 18:14:10 - [TEST_STEP][PASSED] - today = new java.util.Date(): null

2023-10-02 18:14:10 - [TEST_STEP][PASSED] - println(today): null

2023-10-02 18:14:10 - [TEST_STEP][PASSED] - datText = today: null

2023-10-02 18:14:10 - [TEST_STEP][PASSED] - logInfo("Payment Type: New Tax Return Amount Due"): Payment Type: New Tax Return Amount Due

2023-10-02 18:14:10 - [MESSAGE][INFO] - Payment Type: New Tax Return Amount Due

2023-10-02 18:14:10 - [TEST_STEP][PASSED] - logInfo("Tax Type: " + TaxType): Tax Type: PTE Tax Electing Non-S Corp

2023-10-02 18:14:10 - [MESSAGE][INFO] - Tax Type: PTE Tax Electing Non-S Corp

2023-10-02 18:14:10 - [TEST_STEP][PASSED] - openBrowser(""): Browser is opened with url: ''

2023-10-02 18:14:10 - [MESSAGE][WARNING] - A browser is already opened. Closing browser and opening a new one

2023-10-02 18:14:11 - [MESSAGE][INFO] - Starting 'Chrome' driver

2023-10-02 18:14:11 - [MESSAGE][INFO] - User set preference: ['acceptInsecureCerts', 'true']

2023-10-02 18:14:11 - [MESSAGE][INFO] - Action delay is set to 0 milliseconds

2023-10-02 18:14:13 - [MESSAGE][PASSED] - Browser is opened with url: ''

2023-10-02 18:14:13 - [TEST_STEP][PASSED] - maximizeWindow(): Current window maximized

2023-10-02 18:14:13 - [MESSAGE][PASSED] - Current window maximized

2023-10-02 18:14:13 - [TEST_STEP][PASSED] - navigateToUrl(RADurl): Navigate to 'https://demo.velocitypayment.com/client/rad/index.html' successfully

2023-10-02 18:14:14 - [MESSAGE][PASSED] - Navigate to 'https://demo.velocitypayment.com/client/rad/index.html' successfully

2023-10-02 18:14:14 - [TEST_STEP][PASSED] - selectOptionByLabel(findTestObject(orPath_Landing + "/dd_TaxType"), "New Tax Return Amount Due", false): All options with label 'New Tax Return Amount Due' are selected in object 'Object Repository/RAD_Pages/Landing_Page/dd_TaxType' 

2023-10-02 18:14:15 - [MESSAGE][PASSED] - All options with label 'New Tax Return Amount Due' are selected in object 'Object Repository/RAD_Pages/Landing_Page/dd_TaxType' 

2023-10-02 18:14:15 - [TEST_STEP][PASSED] - selectOptionByLabel(findTestObject("Object Repository/RAD_Pages/Landing_Page/select_NewTaxReturnAmountDue_TaxType"), TaxType, false): All options with label 'PTE Tax Electing Non-S Corp' are selected in object 'Object Repository/RAD_Pages/Landing_Page/select_NewTaxReturnAmountDue_TaxType' 

2023-10-02 18:14:16 - [MESSAGE][PASSED] - All options with label 'PTE Tax Electing Non-S Corp' are selected in object 'Object Repository/RAD_Pages/Landing_Page/select_NewTaxReturnAmountDue_TaxType' 

2023-10-02 18:14:16 - [TEST_STEP][PASSED] - selectOptionByLabel(findTestObject(orPath_TaxTypeFilingYear + "/select_FilingYear"), FilingYear, false): All options with label '2020' are selected in object 'Object Repository/RAD_Pages/TaxTypeFilingYear_Page/select_FilingYear' 

2023-10-02 18:14:17 - [MESSAGE][PASSED] - All options with label '2020' are selected in object 'Object Repository/RAD_Pages/TaxTypeFilingYear_Page/select_FilingYear' 

2023-10-02 18:14:17 - [TEST_STEP][PASSED] - rad.getSetDataRAD.setDataRADBusinessName(): rad.getSetDataRAD.setDataRADBusinessName is PASSED

2023-10-02 18:14:18 - [MESSAGE][PASSED] - Text 'My Company' is set on object 'Object Repository/RAD_Pages/Taxpayer_Page/input_businessName'

2023-10-02 18:14:18 - [MESSAGE][PASSED] - rad.getSetDataRAD.setDataRADBusinessName is PASSED

2023-10-02 18:14:18 - [TEST_STEP][PASSED] - rad.getSetDataRAD.setDataRADBusinessRep(): rad.getSetDataRAD.setDataRADBusinessRep is PASSED

2023-10-02 18:14:19 - [MESSAGE][PASSED] - Text 'BusRepFname' is set on object 'Object Repository/RAD_Pages/Taxpayer_Page/input_BusinessRepfirstName'

2023-10-02 18:14:20 - [MESSAGE][PASSED] - Text '' is set on object 'Object Repository/RAD_Pages/Taxpayer_Page/input_BusinessRepmiddleName'

2023-10-02 18:14:21 - [MESSAGE][PASSED] - Text 'BusRepLname' is set on object 'Object Repository/RAD_Pages/Taxpayer_Page/input_BusinessReplastName'

2023-10-02 18:14:22 - [MESSAGE][PASSED] - Text '' is set on object 'Object Repository/RAD_Pages/Taxpayer_Page/input_BusinessRepsuffix'

2023-10-02 18:14:22 - [MESSAGE][PASSED] - rad.getSetDataRAD.setDataRADBusinessRep is PASSED

2023-10-02 18:14:22 - [TEST_STEP][PASSED] - rad.getSetDataRAD.setDataRADAddress(): rad.getSetDataRAD.setDataRADAddress is PASSED

2023-10-02 18:14:22 - [MESSAGE][PASSED] - All options with label 'United States' are selected in object 'Object Repository/RAD_Pages/AddressAndContactInfo_Page/select_Country' 

2023-10-02 18:14:23 - [MESSAGE][PASSED] - Text '2508 Mandan Terrace' is set on object 'Object Repository/RAD_Pages/AddressAndContactInfo_Page/input_streetAddress1'

2023-10-02 18:14:24 - [MESSAGE][PASSED] - Text '' is set on object 'Object Repository/RAD_Pages/AddressAndContactInfo_Page/input_streetAddress2'

2023-10-02 18:14:25 - [MESSAGE][PASSED] - Text 'Gambrills' is set on object 'Object Repository/RAD_Pages/AddressAndContactInfo_Page/input_city'

2023-10-02 18:14:26 - [MESSAGE][PASSED] - All options with label 'Maryland' are selected in object 'Object Repository/RAD_Pages/AddressAndContactInfo_Page/select_State' 

2023-10-02 18:14:27 - [MESSAGE][PASSED] - Text '21054' is set on object 'Object Repository/RAD_Pages/AddressAndContactInfo_Page/input_zipCode'

2023-10-02 18:14:28 - [MESSAGE][PASSED] - Text '(703) 894-5000' is set on object 'Object Repository/RAD_Pages/AddressAndContactInfo_Page/input_phoneNumber'

2023-10-02 18:14:29 - [MESSAGE][PASSED] - Text 'iahmed@govolution.com' is set on object 'Object Repository/RAD_Pages/AddressAndContactInfo_Page/input_eMailAddress'

2023-10-02 18:14:30 - [MESSAGE][PASSED] - Text 'iahmed@govolution.com' is set on object 'Object Repository/RAD_Pages/AddressAndContactInfo_Page/input_reEnterEMailAddress'

2023-10-02 18:14:30 - [MESSAGE][PASSED] - rad.getSetDataRAD.setDataRADAddress is PASSED

2023-10-02 18:14:30 - [TEST_STEP][PASSED] - if (feinSSN.equalsIgnoreCase("Y")): rad.getSetDataRAD.setDataRADFEINSSN is PASSED

2023-10-02 18:14:30 - [TEST_STEP][PASSED] - rad.getSetDataRAD.setDataRADFEINSSN(): rad.getSetDataRAD.setDataRADFEINSSN is PASSED

2023-10-02 18:14:30 - [MESSAGE][PASSED] - Text ****** has been set on object 'Object Repository/RAD_Pages/TaxInfo_Page/input_TaxInformation_feinSsn'

2023-10-02 18:14:31 - [MESSAGE][PASSED] - Text ****** has been set on object 'Object Repository/RAD_Pages/TaxInfo_Page/input_TaxInformation_RefeinSsn'

2023-10-02 18:14:31 - [MESSAGE][PASSED] - rad.getSetDataRAD.setDataRADFEINSSN is PASSED

2023-10-02 18:14:31 - [TEST_STEP][PASSED] - setText(findTestObject(orPath_Amount + "/input__paymentAmount"), "100.00"): Text '100.00' is set on object 'Object Repository/RAD_Pages/PaymentAmount_Page/input__paymentAmount'

2023-10-02 18:14:32 - [MESSAGE][PASSED] - Text '100.00' is set on object 'Object Repository/RAD_Pages/PaymentAmount_Page/input__paymentAmount'

2023-10-02 18:14:32 - [TEST_STEP][PASSED] - setText(findTestObject(orPath_AddressContact + "/input_streetAddress2"), ""): Text '' is set on object 'Object Repository/RAD_Pages/AddressAndContactInfo_Page/input_streetAddress2'

2023-10-02 18:14:33 - [MESSAGE][PASSED] - Text '' is set on object 'Object Repository/RAD_Pages/AddressAndContactInfo_Page/input_streetAddress2'

2023-10-02 18:14:33 - [TEST_STEP][PASSED] - scrollToElement(findTestObject(orPath_Landing + "/button_Continue"), 3): Scroll to object 'Object Repository/RAD_Pages/Landing_Page/button_Continue' successfully

2023-10-02 18:14:33 - [MESSAGE][PASSED] - Scroll to object 'Object Repository/RAD_Pages/Landing_Page/button_Continue' successfully

2023-10-02 18:14:33 - [TEST_STEP][PASSED] - waitForElementClickable(findTestObject(orPath_Landing + "/button_Continue"), 5): Object 'Object Repository/RAD_Pages/Landing_Page/button_Continue' is clickable

2023-10-02 18:14:33 - [MESSAGE][PASSED] - Object 'Object Repository/RAD_Pages/Landing_Page/button_Continue' is clickable

2023-10-02 18:14:33 - [TEST_STEP][PASSED] - click(findTestObject(orPath_Landing + "/button_Continue")): Object: 'Object Repository/RAD_Pages/Landing_Page/button_Continue' is clicked on

2023-10-02 18:14:34 - [MESSAGE][PASSED] - Object: 'Object Repository/RAD_Pages/Landing_Page/button_Continue' is clicked on

2023-10-02 18:14:34 - [TEST_STEP][PASSED] - delay(2): Delayed 2 second(s)

2023-10-02 18:14:36 - [MESSAGE][PASSED] - Delayed 2 second(s)

2023-10-02 18:14:36 - [TEST_STEP][PASSED] - verifyTextPresent("Summary", true): Text 'Summary' is present on page  using regular expression

2023-10-02 18:14:36 - [MESSAGE][PASSED] - Text 'Summary' is present on page  using regular expression

2023-10-02 18:14:36 - [TEST_STEP][PASSED] - verifyTextPresent("Review the information below and make any necessary corrections by clicking the", true): Text 'Review the information below and make any necessary corrections by clicking the' is present on page  using regular expression

2023-10-02 18:14:37 - [MESSAGE][PASSED] - Text 'Review the information below and make any necessary corrections by clicking the' is present on page  using regular expression

2023-10-02 18:14:37 - [TEST_STEP][PASSED] - verifyTextPresent("When you are confident that all the information is correct, click the", true): Text 'When you are confident that all the information is correct, click the' is present on page  using regular expression

2023-10-02 18:14:37 - [MESSAGE][PASSED] - Text 'When you are confident that all the information is correct, click the' is present on page  using regular expression

2023-10-02 18:14:37 - [TEST_STEP][PASSED] - verifyTextPresent("Payment Type/Filing Year", true): Text 'Payment Type/Filing Year' is present on page  using regular expression

2023-10-02 18:14:37 - [MESSAGE][PASSED] - Text 'Payment Type/Filing Year' is present on page  using regular expression

2023-10-02 18:14:37 - [TEST_STEP][PASSED] - verifyTextPresent("Payment Type:", true): Text 'Payment Type:' is present on page  using regular expression

2023-10-02 18:14:38 - [MESSAGE][PASSED] - Text 'Payment Type:' is present on page  using regular expression

2023-10-02 18:14:38 - [TEST_STEP][PASSED] - verifyTextPresent("New Tax Return Amount Due", true): Text 'New Tax Return Amount Due' is present on page  using regular expression

2023-10-02 18:14:38 - [MESSAGE][PASSED] - Text 'New Tax Return Amount Due' is present on page  using regular expression

2023-10-02 18:14:38 - [TEST_STEP][PASSED] - verifyTextPresent("Filing Year:", true): Text 'Filing Year:' is present on page  using regular expression

2023-10-02 18:14:39 - [MESSAGE][PASSED] - Text 'Filing Year:' is present on page  using regular expression

2023-10-02 18:14:39 - [TEST_STEP][PASSED] - verifyTextPresent(FilingYear, true): Text '2020' is present on page  using regular expression

2023-10-02 18:14:39 - [MESSAGE][PASSED] - Text '2020' is present on page  using regular expression

2023-10-02 18:14:39 - [TEST_STEP][PASSED] - verifyTextPresent("Payer Information", true): Text 'Payer Information' is present on page  using regular expression

2023-10-02 18:14:39 - [MESSAGE][PASSED] - Text 'Payer Information' is present on page  using regular expression

2023-10-02 18:14:39 - [TEST_STEP][PASSED] - verifyTextPresent("Taxpayer Name:", true): Text 'Taxpayer Name:' is present on page  using regular expression

2023-10-02 18:14:40 - [MESSAGE][PASSED] - Text 'Taxpayer Name:' is present on page  using regular expression

2023-10-02 18:14:40 - [TEST_STEP][PASSED] - verifyTextPresent("My Company", true): Text 'My Company' is present on page  using regular expression

2023-10-02 18:14:40 - [MESSAGE][PASSED] - Text 'My Company' is present on page  using regular expression

2023-10-02 18:14:40 - [TEST_STEP][PASSED] - verifyTextPresent("Business Rep Name:", true): Text 'Business Rep Name:' is present on page  using regular expression

2023-10-02 18:14:40 - [MESSAGE][PASSED] - Text 'Business Rep Name:' is present on page  using regular expression

2023-10-02 18:14:40 - [TEST_STEP][PASSED] - verifyTextPresent("BusRepFname BusRepLname", true): Text 'BusRepFname BusRepLname' is present on page  using regular expression

2023-10-02 18:14:41 - [MESSAGE][PASSED] - Text 'BusRepFname BusRepLname' is present on page  using regular expression

2023-10-02 18:14:41 - [TEST_STEP][PASSED] - verifyTextPresent("Taxpayer Address:", true): Text 'Taxpayer Address:' is present on page  using regular expression

2023-10-02 18:14:41 - [MESSAGE][PASSED] - Text 'Taxpayer Address:' is present on page  using regular expression

2023-10-02 18:14:41 - [TEST_STEP][PASSED] - verifyTextPresent("2508 Mandan Terrace Gambrills Maryland 21054", true): Text '2508 Mandan Terrace Gambrills Maryland 21054' is present on page  using regular expression

2023-10-02 18:14:42 - [MESSAGE][PASSED] - Text '2508 Mandan Terrace Gambrills Maryland 21054' is present on page  using regular expression

2023-10-02 18:14:42 - [TEST_STEP][PASSED] - verifyTextPresent("Email:", true): Text 'Email:' is present on page  using regular expression

2023-10-02 18:14:42 - [MESSAGE][PASSED] - Text 'Email:' is present on page  using regular expression

2023-10-02 18:14:42 - [TEST_STEP][PASSED] - verifyTextPresent("iahmed@govolution.com", true): Text 'iahmed@govolution.com' is present on page  using regular expression

2023-10-02 18:14:42 - [MESSAGE][PASSED] - Text 'iahmed@govolution.com' is present on page  using regular expression

2023-10-02 18:14:42 - [TEST_STEP][PASSED] - verifyTextPresent("Phone:", true): Text 'Phone:' is present on page  using regular expression

2023-10-02 18:14:43 - [MESSAGE][PASSED] - Text 'Phone:' is present on page  using regular expression

2023-10-02 18:14:43 - [TEST_STEP][PASSED] - verifyTextPresent("(703) 894-5000", false): Text '(703) 894-5000' is present on page 

2023-10-02 18:14:43 - [MESSAGE][PASSED] - Text '(703) 894-5000' is present on page 

2023-10-02 18:14:43 - [TEST_STEP][PASSED] - verifyTextPresent("Tax Information", true): Text 'Tax Information' is present on page  using regular expression

2023-10-02 18:14:43 - [MESSAGE][PASSED] - Text 'Tax Information' is present on page  using regular expression

2023-10-02 18:14:43 - [TEST_STEP][PASSED] - if (feinSSN.equalsIgnoreCase("Y")): Text 'Federal EIN:' is not present on page using regular expression

2023-10-02 18:14:43 - [TEST_STEP][PASSED] - verifyTextPresent("FEIN/SSN:", true): Text 'FEIN/SSN:' is present on page  using regular expression

2023-10-02 18:14:44 - [MESSAGE][PASSED] - Text 'FEIN/SSN:' is present on page  using regular expression

2023-10-02 18:14:44 - [TEST_STEP][PASSED] - verifyTextNotPresent("Federal EIN:", true): Text 'Federal EIN:' is not present on page using regular expression

2023-10-02 18:14:44 - [MESSAGE][PASSED] - Text 'Federal EIN:' is not present on page using regular expression

2023-10-02 18:14:44 - [TEST_STEP][PASSED] - verifyTextPresent("Payment Amount:", true): Text 'Payment Amount:' is present on page  using regular expression

2023-10-02 18:14:44 - [MESSAGE][PASSED] - Text 'Payment Amount:' is present on page  using regular expression

2023-10-02 18:14:44 - [TEST_STEP][PASSED] - verifyTextPresent("100.00", true): Text '100.00' is present on page  using regular expression

2023-10-02 18:14:45 - [MESSAGE][PASSED] - Text '100.00' is present on page  using regular expression

2023-10-02 18:14:45 - [TEST_STEP][PASSED] - if (verifyElementVisible(findTestObject(orPath_Summary + "/button_Proceed to Payment"))): null

2023-10-02 18:14:45 - [MESSAGE][PASSED] - Object 'Object Repository/RAD_Pages/Summary_Page/button_Proceed to Payment' is visible

2023-10-02 18:14:45 - [TEST_STEP][PASSED] - resText = "Pass": null

2023-10-02 18:14:45 - [TEST_STEP][PASSED] - pages.WriteExcel.demoKey(resText, datText, resColumn, datCloumn, fileLoc, nameSheet, row): pages.WriteExcel.demoKey is PASSED

2023-10-02 18:14:45 - [MESSAGE][PASSED] - pages.WriteExcel.demoKey is PASSED

2023-10-02 18:14:45 - [TEST_STEP][PASSED] - click(findTestObject(orPath_Summary + "/button_Proceed to Payment")): Object: 'Object Repository/RAD_Pages/Summary_Page/button_Proceed to Payment' is clicked on

2023-10-02 18:14:46 - [MESSAGE][PASSED] - Object: 'Object Repository/RAD_Pages/Summary_Page/button_Proceed to Payment' is clicked on

2023-10-02 18:14:46 - [TEST_STEP][PASSED] - ExecuteTC = findTestData(dataFile).getValue("Execute", row): null

2023-10-02 18:14:46 - [TEST_STEP][PASSED] - TaxType = findTestData(dataFile).getValue("TaxType", row): null

2023-10-02 18:14:46 - [TEST_STEP][PASSED] - PaymentType = findTestData(dataFile).getValue("PaymentType", row): null

2023-10-02 18:14:47 - [TEST_STEP][PASSED] - FilingYear = findTestData(dataFile).getValue("Year", row): null

2023-10-02 18:14:47 - [TEST_STEP][PASSED] - feinSSN = findTestData(dataFile).getValue("FeinSsn", row): null

2023-10-02 18:14:47 - [TEST_STEP][PASSED] - if (ExecuteTC.equalsIgnoreCase("Y")): Object: 'Object Repository/RAD_Pages/Summary_Page/button_Proceed to Payment' is clicked on

2023-10-02 18:14:47 - [TEST_STEP][PASSED] - out.println("Begin Record Number: " + row): null

2023-10-02 18:14:47 - [TEST_STEP][PASSED] - today = new java.util.Date(): null

2023-10-02 18:14:47 - [TEST_STEP][PASSED] - println(today): null

2023-10-02 18:14:47 - [TEST_STEP][PASSED] - datText = today: null

2023-10-02 18:14:47 - [TEST_STEP][PASSED] - logInfo("Payment Type: New Tax Return Amount Due"): Payment Type: New Tax Return Amount Due

2023-10-02 18:14:47 - [MESSAGE][INFO] - Payment Type: New Tax Return Amount Due

2023-10-02 18:14:47 - [TEST_STEP][PASSED] - logInfo("Tax Type: " + TaxType): Tax Type: PTE Tax Electing S Corp

2023-10-02 18:14:47 - [MESSAGE][INFO] - Tax Type: PTE Tax Electing S Corp

2023-10-02 18:14:47 - [TEST_STEP][PASSED] - openBrowser(""): Browser is opened with url: ''

2023-10-02 18:14:47 - [MESSAGE][WARNING] - A browser is already opened. Closing browser and opening a new one

2023-10-02 18:14:48 - [MESSAGE][INFO] - Starting 'Chrome' driver

2023-10-02 18:14:48 - [MESSAGE][INFO] - User set preference: ['acceptInsecureCerts', 'true']

2023-10-02 18:14:48 - [MESSAGE][INFO] - Action delay is set to 0 milliseconds

2023-10-02 18:14:49 - [MESSAGE][PASSED] - Browser is opened with url: ''

2023-10-02 18:14:49 - [TEST_STEP][PASSED] - maximizeWindow(): Current window maximized

2023-10-02 18:14:49 - [MESSAGE][PASSED] - Current window maximized

2023-10-02 18:14:49 - [TEST_STEP][PASSED] - navigateToUrl(RADurl): Navigate to 'https://demo.velocitypayment.com/client/rad/index.html' successfully

2023-10-02 18:14:51 - [MESSAGE][PASSED] - Navigate to 'https://demo.velocitypayment.com/client/rad/index.html' successfully

2023-10-02 18:14:51 - [TEST_STEP][PASSED] - selectOptionByLabel(findTestObject(orPath_Landing + "/dd_TaxType"), "New Tax Return Amount Due", false): All options with label 'New Tax Return Amount Due' are selected in object 'Object Repository/RAD_Pages/Landing_Page/dd_TaxType' 

2023-10-02 18:14:51 - [MESSAGE][PASSED] - All options with label 'New Tax Return Amount Due' are selected in object 'Object Repository/RAD_Pages/Landing_Page/dd_TaxType' 

2023-10-02 18:14:51 - [TEST_STEP][PASSED] - selectOptionByLabel(findTestObject("Object Repository/RAD_Pages/Landing_Page/select_NewTaxReturnAmountDue_TaxType"), TaxType, false): All options with label 'PTE Tax Electing S Corp' are selected in object 'Object Repository/RAD_Pages/Landing_Page/select_NewTaxReturnAmountDue_TaxType' 

2023-10-02 18:14:52 - [MESSAGE][PASSED] - All options with label 'PTE Tax Electing S Corp' are selected in object 'Object Repository/RAD_Pages/Landing_Page/select_NewTaxReturnAmountDue_TaxType' 

2023-10-02 18:14:52 - [TEST_STEP][PASSED] - selectOptionByLabel(findTestObject(orPath_TaxTypeFilingYear + "/select_FilingYear"), FilingYear, false): All options with label '2020' are selected in object 'Object Repository/RAD_Pages/TaxTypeFilingYear_Page/select_FilingYear' 

2023-10-02 18:14:53 - [MESSAGE][PASSED] - All options with label '2020' are selected in object 'Object Repository/RAD_Pages/TaxTypeFilingYear_Page/select_FilingYear' 

2023-10-02 18:14:53 - [TEST_STEP][PASSED] - rad.getSetDataRAD.setDataRADBusinessName(): rad.getSetDataRAD.setDataRADBusinessName is PASSED

2023-10-02 18:14:54 - [MESSAGE][PASSED] - Text 'My Company' is set on object 'Object Repository/RAD_Pages/Taxpayer_Page/input_businessName'

2023-10-02 18:14:54 - [MESSAGE][PASSED] - rad.getSetDataRAD.setDataRADBusinessName is PASSED

2023-10-02 18:14:54 - [TEST_STEP][PASSED] - rad.getSetDataRAD.setDataRADBusinessRep(): rad.getSetDataRAD.setDataRADBusinessRep is PASSED

2023-10-02 18:14:55 - [MESSAGE][PASSED] - Text 'BusRepFname' is set on object 'Object Repository/RAD_Pages/Taxpayer_Page/input_BusinessRepfirstName'

2023-10-02 18:14:56 - [MESSAGE][PASSED] - Text '' is set on object 'Object Repository/RAD_Pages/Taxpayer_Page/input_BusinessRepmiddleName'

2023-10-02 18:14:57 - [MESSAGE][PASSED] - Text 'BusRepLname' is set on object 'Object Repository/RAD_Pages/Taxpayer_Page/input_BusinessReplastName'

2023-10-02 18:14:58 - [MESSAGE][PASSED] - Text '' is set on object 'Object Repository/RAD_Pages/Taxpayer_Page/input_BusinessRepsuffix'

2023-10-02 18:14:58 - [MESSAGE][PASSED] - rad.getSetDataRAD.setDataRADBusinessRep is PASSED

2023-10-02 18:14:58 - [TEST_STEP][PASSED] - rad.getSetDataRAD.setDataRADAddress(): rad.getSetDataRAD.setDataRADAddress is PASSED

2023-10-02 18:14:59 - [MESSAGE][PASSED] - All options with label 'United States' are selected in object 'Object Repository/RAD_Pages/AddressAndContactInfo_Page/select_Country' 

2023-10-02 18:15:00 - [MESSAGE][PASSED] - Text '2508 Mandan Terrace' is set on object 'Object Repository/RAD_Pages/AddressAndContactInfo_Page/input_streetAddress1'

2023-10-02 18:15:00 - [MESSAGE][PASSED] - Text '' is set on object 'Object Repository/RAD_Pages/AddressAndContactInfo_Page/input_streetAddress2'

2023-10-02 18:15:01 - [MESSAGE][PASSED] - Text 'Gambrills' is set on object 'Object Repository/RAD_Pages/AddressAndContactInfo_Page/input_city'

2023-10-02 18:15:02 - [MESSAGE][PASSED] - All options with label 'Maryland' are selected in object 'Object Repository/RAD_Pages/AddressAndContactInfo_Page/select_State' 

2023-10-02 18:15:03 - [MESSAGE][PASSED] - Text '21054' is set on object 'Object Repository/RAD_Pages/AddressAndContactInfo_Page/input_zipCode'

2023-10-02 18:15:04 - [MESSAGE][PASSED] - Text '(703) 894-5000' is set on object 'Object Repository/RAD_Pages/AddressAndContactInfo_Page/input_phoneNumber'

2023-10-02 18:15:05 - [MESSAGE][PASSED] - Text 'iahmed@govolution.com' is set on object 'Object Repository/RAD_Pages/AddressAndContactInfo_Page/input_eMailAddress'

2023-10-02 18:15:06 - [MESSAGE][PASSED] - Text 'iahmed@govolution.com' is set on object 'Object Repository/RAD_Pages/AddressAndContactInfo_Page/input_reEnterEMailAddress'

2023-10-02 18:15:06 - [MESSAGE][PASSED] - rad.getSetDataRAD.setDataRADAddress is PASSED

2023-10-02 18:15:06 - [TEST_STEP][PASSED] - if (feinSSN.equalsIgnoreCase("Y")): rad.getSetDataRAD.setDataRADFEINSSN is PASSED

2023-10-02 18:15:06 - [TEST_STEP][PASSED] - rad.getSetDataRAD.setDataRADFEINSSN(): rad.getSetDataRAD.setDataRADFEINSSN is PASSED

2023-10-02 18:15:06 - [MESSAGE][PASSED] - Text ****** has been set on object 'Object Repository/RAD_Pages/TaxInfo_Page/input_TaxInformation_feinSsn'

2023-10-02 18:15:07 - [MESSAGE][PASSED] - Text ****** has been set on object 'Object Repository/RAD_Pages/TaxInfo_Page/input_TaxInformation_RefeinSsn'

2023-10-02 18:15:07 - [MESSAGE][PASSED] - rad.getSetDataRAD.setDataRADFEINSSN is PASSED

2023-10-02 18:15:07 - [TEST_STEP][PASSED] - setText(findTestObject(orPath_Amount + "/input__paymentAmount"), "100.00"): Text '100.00' is set on object 'Object Repository/RAD_Pages/PaymentAmount_Page/input__paymentAmount'

2023-10-02 18:15:08 - [MESSAGE][PASSED] - Text '100.00' is set on object 'Object Repository/RAD_Pages/PaymentAmount_Page/input__paymentAmount'

2023-10-02 18:15:08 - [TEST_STEP][PASSED] - setText(findTestObject(orPath_AddressContact + "/input_streetAddress2"), ""): Text '' is set on object 'Object Repository/RAD_Pages/AddressAndContactInfo_Page/input_streetAddress2'

2023-10-02 18:15:09 - [MESSAGE][PASSED] - Text '' is set on object 'Object Repository/RAD_Pages/AddressAndContactInfo_Page/input_streetAddress2'

2023-10-02 18:15:09 - [TEST_STEP][PASSED] - scrollToElement(findTestObject(orPath_Landing + "/button_Continue"), 3): Scroll to object 'Object Repository/RAD_Pages/Landing_Page/button_Continue' successfully

2023-10-02 18:15:09 - [MESSAGE][PASSED] - Scroll to object 'Object Repository/RAD_Pages/Landing_Page/button_Continue' successfully

2023-10-02 18:15:09 - [TEST_STEP][PASSED] - waitForElementClickable(findTestObject(orPath_Landing + "/button_Continue"), 5): Object 'Object Repository/RAD_Pages/Landing_Page/button_Continue' is clickable

2023-10-02 18:15:10 - [MESSAGE][PASSED] - Object 'Object Repository/RAD_Pages/Landing_Page/button_Continue' is clickable

2023-10-02 18:15:10 - [TEST_STEP][PASSED] - click(findTestObject(orPath_Landing + "/button_Continue")): Object: 'Object Repository/RAD_Pages/Landing_Page/button_Continue' is clicked on

2023-10-02 18:15:10 - [MESSAGE][PASSED] - Object: 'Object Repository/RAD_Pages/Landing_Page/button_Continue' is clicked on

2023-10-02 18:15:10 - [TEST_STEP][PASSED] - delay(2): Delayed 2 second(s)

2023-10-02 18:15:12 - [MESSAGE][PASSED] - Delayed 2 second(s)

2023-10-02 18:15:12 - [TEST_STEP][PASSED] - verifyTextPresent("Summary", true): Text 'Summary' is present on page  using regular expression

2023-10-02 18:15:12 - [MESSAGE][PASSED] - Text 'Summary' is present on page  using regular expression

2023-10-02 18:15:12 - [TEST_STEP][PASSED] - verifyTextPresent("Review the information below and make any necessary corrections by clicking the", true): Text 'Review the information below and make any necessary corrections by clicking the' is present on page  using regular expression

2023-10-02 18:15:13 - [MESSAGE][PASSED] - Text 'Review the information below and make any necessary corrections by clicking the' is present on page  using regular expression

2023-10-02 18:15:13 - [TEST_STEP][PASSED] - verifyTextPresent("When you are confident that all the information is correct, click the", true): Text 'When you are confident that all the information is correct, click the' is present on page  using regular expression

2023-10-02 18:15:13 - [MESSAGE][PASSED] - Text 'When you are confident that all the information is correct, click the' is present on page  using regular expression

2023-10-02 18:15:13 - [TEST_STEP][PASSED] - verifyTextPresent("Payment Type/Filing Year", true): Text 'Payment Type/Filing Year' is present on page  using regular expression

2023-10-02 18:15:14 - [MESSAGE][PASSED] - Text 'Payment Type/Filing Year' is present on page  using regular expression

2023-10-02 18:15:14 - [TEST_STEP][PASSED] - verifyTextPresent("Payment Type:", true): Text 'Payment Type:' is present on page  using regular expression

2023-10-02 18:15:14 - [MESSAGE][PASSED] - Text 'Payment Type:' is present on page  using regular expression

2023-10-02 18:15:14 - [TEST_STEP][PASSED] - verifyTextPresent("New Tax Return Amount Due", true): Text 'New Tax Return Amount Due' is present on page  using regular expression

2023-10-02 18:15:14 - [MESSAGE][PASSED] - Text 'New Tax Return Amount Due' is present on page  using regular expression

2023-10-02 18:15:14 - [TEST_STEP][PASSED] - verifyTextPresent("Filing Year:", true): Text 'Filing Year:' is present on page  using regular expression

2023-10-02 18:15:15 - [MESSAGE][PASSED] - Text 'Filing Year:' is present on page  using regular expression

2023-10-02 18:15:15 - [TEST_STEP][PASSED] - verifyTextPresent(FilingYear, true): Text '2020' is present on page  using regular expression

2023-10-02 18:15:15 - [MESSAGE][PASSED] - Text '2020' is present on page  using regular expression

2023-10-02 18:15:15 - [TEST_STEP][PASSED] - verifyTextPresent("Payer Information", true): Text 'Payer Information' is present on page  using regular expression

2023-10-02 18:15:15 - [MESSAGE][PASSED] - Text 'Payer Information' is present on page  using regular expression

2023-10-02 18:15:15 - [TEST_STEP][PASSED] - verifyTextPresent("Taxpayer Name:", true): Text 'Taxpayer Name:' is present on page  using regular expression

2023-10-02 18:15:16 - [MESSAGE][PASSED] - Text 'Taxpayer Name:' is present on page  using regular expression

2023-10-02 18:15:16 - [TEST_STEP][PASSED] - verifyTextPresent("My Company", true): Text 'My Company' is present on page  using regular expression

2023-10-02 18:15:16 - [MESSAGE][PASSED] - Text 'My Company' is present on page  using regular expression

2023-10-02 18:15:16 - [TEST_STEP][PASSED] - verifyTextPresent("Business Rep Name:", true): Text 'Business Rep Name:' is present on page  using regular expression

2023-10-02 18:15:17 - [MESSAGE][PASSED] - Text 'Business Rep Name:' is present on page  using regular expression

2023-10-02 18:15:17 - [TEST_STEP][PASSED] - verifyTextPresent("BusRepFname BusRepLname", true): Text 'BusRepFname BusRepLname' is present on page  using regular expression

2023-10-02 18:15:17 - [MESSAGE][PASSED] - Text 'BusRepFname BusRepLname' is present on page  using regular expression

2023-10-02 18:15:17 - [TEST_STEP][PASSED] - verifyTextPresent("Taxpayer Address:", true): Text 'Taxpayer Address:' is present on page  using regular expression

2023-10-02 18:15:17 - [MESSAGE][PASSED] - Text 'Taxpayer Address:' is present on page  using regular expression

2023-10-02 18:15:17 - [TEST_STEP][PASSED] - verifyTextPresent("2508 Mandan Terrace Gambrills Maryland 21054", true): Text '2508 Mandan Terrace Gambrills Maryland 21054' is present on page  using regular expression

2023-10-02 18:15:18 - [MESSAGE][PASSED] - Text '2508 Mandan Terrace Gambrills Maryland 21054' is present on page  using regular expression

2023-10-02 18:15:18 - [TEST_STEP][PASSED] - verifyTextPresent("Email:", true): Text 'Email:' is present on page  using regular expression

2023-10-02 18:15:18 - [MESSAGE][PASSED] - Text 'Email:' is present on page  using regular expression

2023-10-02 18:15:18 - [TEST_STEP][PASSED] - verifyTextPresent("iahmed@govolution.com", true): Text 'iahmed@govolution.com' is present on page  using regular expression

2023-10-02 18:15:19 - [MESSAGE][PASSED] - Text 'iahmed@govolution.com' is present on page  using regular expression

2023-10-02 18:15:19 - [TEST_STEP][PASSED] - verifyTextPresent("Phone:", true): Text 'Phone:' is present on page  using regular expression

2023-10-02 18:15:19 - [MESSAGE][PASSED] - Text 'Phone:' is present on page  using regular expression

2023-10-02 18:15:19 - [TEST_STEP][PASSED] - verifyTextPresent("(703) 894-5000", false): Text '(703) 894-5000' is present on page 

2023-10-02 18:15:19 - [MESSAGE][PASSED] - Text '(703) 894-5000' is present on page 

2023-10-02 18:15:19 - [TEST_STEP][PASSED] - verifyTextPresent("Tax Information", true): Text 'Tax Information' is present on page  using regular expression

2023-10-02 18:15:20 - [MESSAGE][PASSED] - Text 'Tax Information' is present on page  using regular expression

2023-10-02 18:15:20 - [TEST_STEP][PASSED] - if (feinSSN.equalsIgnoreCase("Y")): Text 'Federal EIN:' is not present on page using regular expression

2023-10-02 18:15:20 - [TEST_STEP][PASSED] - verifyTextPresent("FEIN/SSN:", true): Text 'FEIN/SSN:' is present on page  using regular expression

2023-10-02 18:15:20 - [MESSAGE][PASSED] - Text 'FEIN/SSN:' is present on page  using regular expression

2023-10-02 18:15:20 - [TEST_STEP][PASSED] - verifyTextNotPresent("Federal EIN:", true): Text 'Federal EIN:' is not present on page using regular expression

2023-10-02 18:15:20 - [MESSAGE][PASSED] - Text 'Federal EIN:' is not present on page using regular expression

2023-10-02 18:15:20 - [TEST_STEP][PASSED] - verifyTextPresent("Payment Amount:", true): Text 'Payment Amount:' is present on page  using regular expression

2023-10-02 18:15:21 - [MESSAGE][PASSED] - Text 'Payment Amount:' is present on page  using regular expression

2023-10-02 18:15:21 - [TEST_STEP][PASSED] - verifyTextPresent("100.00", true): Text '100.00' is present on page  using regular expression

2023-10-02 18:15:21 - [MESSAGE][PASSED] - Text '100.00' is present on page  using regular expression

2023-10-02 18:15:21 - [TEST_STEP][PASSED] - if (verifyElementVisible(findTestObject(orPath_Summary + "/button_Proceed to Payment"))): null

2023-10-02 18:15:21 - [MESSAGE][PASSED] - Object 'Object Repository/RAD_Pages/Summary_Page/button_Proceed to Payment' is visible

2023-10-02 18:15:21 - [TEST_STEP][PASSED] - resText = "Pass": null

2023-10-02 18:15:21 - [TEST_STEP][PASSED] - pages.WriteExcel.demoKey(resText, datText, resColumn, datCloumn, fileLoc, nameSheet, row): pages.WriteExcel.demoKey is PASSED

2023-10-02 18:15:22 - [MESSAGE][PASSED] - pages.WriteExcel.demoKey is PASSED

2023-10-02 18:15:22 - [TEST_STEP][PASSED] - click(findTestObject(orPath_Summary + "/button_Proceed to Payment")): Object: 'Object Repository/RAD_Pages/Summary_Page/button_Proceed to Payment' is clicked on

2023-10-02 18:15:23 - [MESSAGE][PASSED] - Object: 'Object Repository/RAD_Pages/Summary_Page/button_Proceed to Payment' is clicked on]]></system-out>
         <system-err><![CDATA[]]></system-err>
      </testcase>
      <testcase name="Test Cases/RAD_TestCases/Summary_TestCases/Personal_EL_Summary_TC" time="35.635" classname="Test Cases/RAD_TestCases/Summary_TestCases/Personal_EL_Summary_TC" status="PASSED">
         <system-out><![CDATA[2023-10-02 18:15:23 - [TEST_CASE][PASSED] - Test Cases/RAD_TestCases/Summary_TestCases/Personal_EL_Summary_TC: Test Cases/RAD_TestCases/Summary_TestCases/Personal_EL_Summary_TC

2023-10-02 18:15:23 - [TEST_STEP][PASSED] - resText = "Fail": null

2023-10-02 18:15:23 - [TEST_STEP][PASSED] - resColumn = "Result": null

2023-10-02 18:15:23 - [TEST_STEP][PASSED] - datCloumn = "Date": null

2023-10-02 18:15:23 - [TEST_STEP][PASSED] - fileLoc = "KatalonData/RADTestData/Summary.xlsx": null

2023-10-02 18:15:23 - [TEST_STEP][PASSED] - nameSheet = "Personal_EL": null

2023-10-02 18:15:23 - [TEST_STEP][PASSED] - dataFile = "RADTestData/Summary_Personal_EL": null

2023-10-02 18:15:23 - [TEST_STEP][PASSED] - orPath_Landing = "Object Repository/RAD_Pages/Landing_Page": null

2023-10-02 18:15:23 - [TEST_STEP][PASSED] - orPath_TaxTypeFilingYear = "Object Repository/RAD_Pages/TaxTypeFilingYear_Page": null

2023-10-02 18:15:23 - [TEST_STEP][PASSED] - orPath_Amount = "Object Repository/RAD_Pages/PaymentAmount_Page": null

2023-10-02 18:15:23 - [TEST_STEP][PASSED] - orPath_AddressContact = "Object Repository/RAD_Pages/AddressAndContactInfo_Page": null

2023-10-02 18:15:23 - [TEST_STEP][PASSED] - orPath_Summary = "Object Repository/RAD_Pages/Summary_Page": null

2023-10-02 18:15:23 - [TEST_STEP][PASSED] - orPath_PaymentConfirmation = "Object Repository/RAD_Pages/PaymentConfirmation_Page": null

2023-10-02 18:15:23 - [TEST_STEP][PASSED] - orPath_ServiceFeesAccept = "Object Repository/RAD_Pages/ServiceFeeAccept_Page": null

2023-10-02 18:15:23 - [TEST_STEP][PASSED] - orPath_PaymentEntry = "Object Repository/RAD_Pages/PaymentEntry_Page": null

2023-10-02 18:15:23 - [TEST_STEP][PASSED] - ExecuteTC = <not implemented yet for class: org.codehaus.groovy.ast.expr.EmptyExpression>: null

2023-10-02 18:15:23 - [TEST_STEP][PASSED] - TaxType = <not implemented yet for class: org.codehaus.groovy.ast.expr.EmptyExpression>: null

2023-10-02 18:15:23 - [TEST_STEP][PASSED] - PaymentType = <not implemented yet for class: org.codehaus.groovy.ast.expr.EmptyExpression>: null

2023-10-02 18:15:23 - [TEST_STEP][PASSED] - FilingYear = <not implemented yet for class: org.codehaus.groovy.ast.expr.EmptyExpression>: null

2023-10-02 18:15:23 - [TEST_STEP][PASSED] - PeriodEndingMonth = <not implemented yet for class: org.codehaus.groovy.ast.expr.EmptyExpression>: null

2023-10-02 18:15:23 - [TEST_STEP][PASSED] - executionProfile = getExecutionProfile(): null

2023-10-02 18:15:23 - [TEST_STEP][PASSED] - numOfRows = findTestData(dataFile).getRowNumbers(): null

2023-10-02 18:15:23 - [TEST_STEP][PASSED] - println("Number of Records: " + numOfRows): null

2023-10-02 18:15:23 - [TEST_STEP][PASSED] - for ([row = 1, row <= numOfRows, (row++)]): Object: 'Object Repository/RAD_Pages/Summary_Page/button_Proceed to Payment' is clicked on

2023-10-02 18:15:23 - [TEST_STEP][PASSED] - ExecuteTC = findTestData(dataFile).getValue("Execute", row): null

2023-10-02 18:15:23 - [TEST_STEP][PASSED] - TaxType = findTestData(dataFile).getValue("TaxType", row): null

2023-10-02 18:15:23 - [TEST_STEP][PASSED] - PaymentType = findTestData(dataFile).getValue("PaymentType", row): null

2023-10-02 18:15:23 - [TEST_STEP][PASSED] - if (ExecuteTC.equalsIgnoreCase("Y")): Object: 'Object Repository/RAD_Pages/Summary_Page/button_Proceed to Payment' is clicked on

2023-10-02 18:15:23 - [TEST_STEP][PASSED] - out.println("Begin Record Number: " + row): null

2023-10-02 18:15:23 - [TEST_STEP][PASSED] - today = new java.util.Date(): null

2023-10-02 18:15:23 - [TEST_STEP][PASSED] - println(today): null

2023-10-02 18:15:23 - [TEST_STEP][PASSED] - datText = today: null

2023-10-02 18:15:23 - [TEST_STEP][PASSED] - logInfo("Payment Type: " + PaymentType): Payment Type: Existing Liability w/Notice Number

2023-10-02 18:15:23 - [MESSAGE][INFO] - Payment Type: Existing Liability w/Notice Number

2023-10-02 18:15:23 - [TEST_STEP][PASSED] - logInfo("Tax Type: " + TaxType): Tax Type: Personal Income Tax

2023-10-02 18:15:23 - [MESSAGE][INFO] - Tax Type: Personal Income Tax

2023-10-02 18:15:23 - [TEST_STEP][PASSED] - openBrowser(""): Browser is opened with url: ''

2023-10-02 18:15:23 - [MESSAGE][WARNING] - A browser is already opened. Closing browser and opening a new one

2023-10-02 18:15:24 - [MESSAGE][INFO] - Starting 'Chrome' driver

2023-10-02 18:15:24 - [MESSAGE][INFO] - User set preference: ['acceptInsecureCerts', 'true']

2023-10-02 18:15:24 - [MESSAGE][INFO] - Action delay is set to 0 milliseconds

2023-10-02 18:15:26 - [MESSAGE][PASSED] - Browser is opened with url: ''

2023-10-02 18:15:26 - [TEST_STEP][PASSED] - maximizeWindow(): Current window maximized

2023-10-02 18:15:26 - [MESSAGE][PASSED] - Current window maximized

2023-10-02 18:15:26 - [TEST_STEP][PASSED] - navigateToUrl(RADurl): Navigate to 'https://demo.velocitypayment.com/client/rad/index.html' successfully

2023-10-02 18:15:27 - [MESSAGE][PASSED] - Navigate to 'https://demo.velocitypayment.com/client/rad/index.html' successfully

2023-10-02 18:15:27 - [TEST_STEP][PASSED] - selectOptionByLabel(findTestObject(orPath_Landing + "/dd_TaxType"), PaymentType, false): All options with label 'Existing Liability w/Notice Number' are selected in object 'Object Repository/RAD_Pages/Landing_Page/dd_TaxType' 

2023-10-02 18:15:28 - [MESSAGE][PASSED] - All options with label 'Existing Liability w/Notice Number' are selected in object 'Object Repository/RAD_Pages/Landing_Page/dd_TaxType' 

2023-10-02 18:15:28 - [TEST_STEP][PASSED] - selectOptionByLabel(findTestObject(orPath_TaxTypeFilingYear + "/select_TaxType_ExistingLiability"), TaxType, false): All options with label 'Personal Income Tax' are selected in object 'Object Repository/RAD_Pages/TaxTypeFilingYear_Page/select_TaxType_ExistingLiability' 

2023-10-02 18:15:29 - [MESSAGE][PASSED] - All options with label 'Personal Income Tax' are selected in object 'Object Repository/RAD_Pages/TaxTypeFilingYear_Page/select_TaxType_ExistingLiability' 

2023-10-02 18:15:29 - [TEST_STEP][PASSED] - rad.getSetDataRAD.setDataRADNameOnly(): rad.getSetDataRAD.setDataRADNameOnly is PASSED

2023-10-02 18:15:30 - [MESSAGE][PASSED] - Text 'Jimmy' is set on object 'Object Repository/RAD_Pages/Taxpayer_Page/input_firstName'

2023-10-02 18:15:31 - [MESSAGE][PASSED] - Text 'btes' is set on object 'Object Repository/RAD_Pages/Taxpayer_Page/input_lastName'

2023-10-02 18:15:31 - [MESSAGE][PASSED] - rad.getSetDataRAD.setDataRADNameOnly is PASSED

2023-10-02 18:15:31 - [TEST_STEP][PASSED] - rad.getSetDataRAD.setDataRADAddress(): rad.getSetDataRAD.setDataRADAddress is PASSED

2023-10-02 18:15:32 - [MESSAGE][PASSED] - All options with label 'United States' are selected in object 'Object Repository/RAD_Pages/AddressAndContactInfo_Page/select_Country' 

2023-10-02 18:15:33 - [MESSAGE][PASSED] - Text '2508 Mandan Terrace' is set on object 'Object Repository/RAD_Pages/AddressAndContactInfo_Page/input_streetAddress1'

2023-10-02 18:15:34 - [MESSAGE][PASSED] - Text '' is set on object 'Object Repository/RAD_Pages/AddressAndContactInfo_Page/input_streetAddress2'

2023-10-02 18:15:35 - [MESSAGE][PASSED] - Text 'Gambrills' is set on object 'Object Repository/RAD_Pages/AddressAndContactInfo_Page/input_city'

2023-10-02 18:15:35 - [MESSAGE][PASSED] - All options with label 'Maryland' are selected in object 'Object Repository/RAD_Pages/AddressAndContactInfo_Page/select_State' 

2023-10-02 18:15:36 - [MESSAGE][PASSED] - Text '21054' is set on object 'Object Repository/RAD_Pages/AddressAndContactInfo_Page/input_zipCode'

2023-10-02 18:15:37 - [MESSAGE][PASSED] - Text '(703) 894-5000' is set on object 'Object Repository/RAD_Pages/AddressAndContactInfo_Page/input_phoneNumber'

2023-10-02 18:15:38 - [MESSAGE][PASSED] - Text 'iahmed@govolution.com' is set on object 'Object Repository/RAD_Pages/AddressAndContactInfo_Page/input_eMailAddress'

2023-10-02 18:15:39 - [MESSAGE][PASSED] - Text 'iahmed@govolution.com' is set on object 'Object Repository/RAD_Pages/AddressAndContactInfo_Page/input_reEnterEMailAddress'

2023-10-02 18:15:39 - [MESSAGE][PASSED] - rad.getSetDataRAD.setDataRADAddress is PASSED

2023-10-02 18:15:39 - [TEST_STEP][PASSED] - rad.getSetDataRAD.setDataRADELSSN(): rad.getSetDataRAD.setDataRADELSSN is PASSED

2023-10-02 18:15:40 - [MESSAGE][PASSED] - Text '123456724' is set on object 'Object Repository/RAD_Pages/TaxInfo_Page/input_TaxInfo_ExisitingSSN'

2023-10-02 18:15:40 - [MESSAGE][PASSED] - Text '123456724' is set on object 'Object Repository/RAD_Pages/TaxInfo_Page/input_TaxInfo_reTaxTypeExisitingSSN'

2023-10-02 18:15:40 - [MESSAGE][PASSED] - rad.getSetDataRAD.setDataRADELSSN is PASSED

2023-10-02 18:15:40 - [TEST_STEP][PASSED] - rad.getSetDataRAD.setDataRADNoticeInvoiceThirteen(): rad.getSetDataRAD.setDataRADNoticeInvoiceThirteen is PASSED

2023-10-02 18:15:41 - [MESSAGE][PASSED] - Text '1234567890123' is set on object 'Object Repository/RAD_Pages/TaxInfo_Page/input_NoticeInvoiceNumber'

2023-10-02 18:15:43 - [MESSAGE][PASSED] - Text '1234567890123' is set on object 'Object Repository/RAD_Pages/TaxInfo_Page/input_reTypeNoticeInvoiceNumber'

2023-10-02 18:15:43 - [MESSAGE][PASSED] - rad.getSetDataRAD.setDataRADNoticeInvoiceThirteen is PASSED

2023-10-02 18:15:43 - [TEST_STEP][PASSED] - setText(findTestObject(orPath_Amount + "/input__paymentAmount"), "100.00"): Text '100.00' is set on object 'Object Repository/RAD_Pages/PaymentAmount_Page/input__paymentAmount'

2023-10-02 18:15:43 - [MESSAGE][PASSED] - Text '100.00' is set on object 'Object Repository/RAD_Pages/PaymentAmount_Page/input__paymentAmount'

2023-10-02 18:15:43 - [TEST_STEP][PASSED] - setText(findTestObject(orPath_AddressContact + "/input_streetAddress2"), ""): Text '' is set on object 'Object Repository/RAD_Pages/AddressAndContactInfo_Page/input_streetAddress2'

2023-10-02 18:15:44 - [MESSAGE][PASSED] - Text '' is set on object 'Object Repository/RAD_Pages/AddressAndContactInfo_Page/input_streetAddress2'

2023-10-02 18:15:44 - [TEST_STEP][PASSED] - scrollToElement(findTestObject(orPath_Landing + "/button_Continue"), 3): Scroll to object 'Object Repository/RAD_Pages/Landing_Page/button_Continue' successfully

2023-10-02 18:15:45 - [MESSAGE][PASSED] - Scroll to object 'Object Repository/RAD_Pages/Landing_Page/button_Continue' successfully

2023-10-02 18:15:45 - [TEST_STEP][PASSED] - waitForElementClickable(findTestObject(orPath_Landing + "/button_Continue"), 5): Object 'Object Repository/RAD_Pages/Landing_Page/button_Continue' is clickable

2023-10-02 18:15:45 - [MESSAGE][PASSED] - Object 'Object Repository/RAD_Pages/Landing_Page/button_Continue' is clickable

2023-10-02 18:15:45 - [TEST_STEP][PASSED] - click(findTestObject(orPath_Landing + "/button_Continue")): Object: 'Object Repository/RAD_Pages/Landing_Page/button_Continue' is clicked on

2023-10-02 18:15:45 - [MESSAGE][PASSED] - Object: 'Object Repository/RAD_Pages/Landing_Page/button_Continue' is clicked on

2023-10-02 18:15:45 - [TEST_STEP][PASSED] - delay(2): Delayed 2 second(s)

2023-10-02 18:15:47 - [MESSAGE][PASSED] - Delayed 2 second(s)

2023-10-02 18:15:47 - [TEST_STEP][PASSED] - verifyTextPresent("Summary", true): Text 'Summary' is present on page  using regular expression

2023-10-02 18:15:48 - [MESSAGE][PASSED] - Text 'Summary' is present on page  using regular expression

2023-10-02 18:15:48 - [TEST_STEP][PASSED] - verifyTextPresent("Review the information below and make any necessary corrections by clicking the", true): Text 'Review the information below and make any necessary corrections by clicking the' is present on page  using regular expression

2023-10-02 18:15:48 - [MESSAGE][PASSED] - Text 'Review the information below and make any necessary corrections by clicking the' is present on page  using regular expression

2023-10-02 18:15:48 - [TEST_STEP][PASSED] - verifyTextPresent("When you are confident that all the information is correct, click the", true): Text 'When you are confident that all the information is correct, click the' is present on page  using regular expression

2023-10-02 18:15:49 - [MESSAGE][PASSED] - Text 'When you are confident that all the information is correct, click the' is present on page  using regular expression

2023-10-02 18:15:49 - [TEST_STEP][PASSED] - verifyTextPresent("Payment Type/Filing Year", true): Text 'Payment Type/Filing Year' is present on page  using regular expression

2023-10-02 18:15:49 - [MESSAGE][PASSED] - Text 'Payment Type/Filing Year' is present on page  using regular expression

2023-10-02 18:15:49 - [TEST_STEP][PASSED] - verifyTextPresent("Payment Type:", true): Text 'Payment Type:' is present on page  using regular expression

2023-10-02 18:15:49 - [MESSAGE][PASSED] - Text 'Payment Type:' is present on page  using regular expression

2023-10-02 18:15:49 - [TEST_STEP][PASSED] - verifyTextPresent(PaymentType, true): Text 'Existing Liability w/Notice Number' is present on page  using regular expression

2023-10-02 18:15:50 - [MESSAGE][PASSED] - Text 'Existing Liability w/Notice Number' is present on page  using regular expression

2023-10-02 18:15:50 - [TEST_STEP][PASSED] - verifyTextPresent("Payer Information", true): Text 'Payer Information' is present on page  using regular expression

2023-10-02 18:15:50 - [MESSAGE][PASSED] - Text 'Payer Information' is present on page  using regular expression

2023-10-02 18:15:50 - [TEST_STEP][PASSED] - verifyTextPresent("Taxpayer Name:", true): Text 'Taxpayer Name:' is present on page  using regular expression

2023-10-02 18:15:50 - [MESSAGE][PASSED] - Text 'Taxpayer Name:' is present on page  using regular expression

2023-10-02 18:15:50 - [TEST_STEP][PASSED] - switch (executionProfile): null

2023-10-02 18:15:50 - [TEST_STEP][PASSED] - case "DemoProfile":: null

2023-10-02 18:15:50 - [TEST_STEP][PASSED] - verifyTextPresent("Jimmy btes", true): Text 'Jimmy btes' is present on page  using regular expression

2023-10-02 18:15:51 - [MESSAGE][PASSED] - Text 'Jimmy btes' is present on page  using regular expression

2023-10-02 18:15:51 - [TEST_STEP][PASSED] - break: null

2023-10-02 18:15:51 - [TEST_STEP][PASSED] - verifyTextPresent("Taxpayer Address:", true): Text 'Taxpayer Address:' is present on page  using regular expression

2023-10-02 18:15:51 - [MESSAGE][PASSED] - Text 'Taxpayer Address:' is present on page  using regular expression

2023-10-02 18:15:51 - [TEST_STEP][PASSED] - verifyTextPresent("2508 Mandan Terrace Gambrills Maryland 21054", true): Text '2508 Mandan Terrace Gambrills Maryland 21054' is present on page  using regular expression

2023-10-02 18:15:52 - [MESSAGE][PASSED] - Text '2508 Mandan Terrace Gambrills Maryland 21054' is present on page  using regular expression

2023-10-02 18:15:52 - [TEST_STEP][PASSED] - verifyTextPresent("Email:", true): Text 'Email:' is present on page  using regular expression

2023-10-02 18:15:52 - [MESSAGE][PASSED] - Text 'Email:' is present on page  using regular expression

2023-10-02 18:15:52 - [TEST_STEP][PASSED] - verifyTextPresent("iahmed@govolution.com", true): Text 'iahmed@govolution.com' is present on page  using regular expression

2023-10-02 18:15:52 - [MESSAGE][PASSED] - Text 'iahmed@govolution.com' is present on page  using regular expression

2023-10-02 18:15:52 - [TEST_STEP][PASSED] - verifyTextPresent("Phone:", true): Text 'Phone:' is present on page  using regular expression

2023-10-02 18:15:53 - [MESSAGE][PASSED] - Text 'Phone:' is present on page  using regular expression

2023-10-02 18:15:53 - [TEST_STEP][PASSED] - verifyTextPresent("(703) 894-5000", false): Text '(703) 894-5000' is present on page 

2023-10-02 18:15:53 - [MESSAGE][PASSED] - Text '(703) 894-5000' is present on page 

2023-10-02 18:15:53 - [TEST_STEP][PASSED] - verifyTextPresent("Tax Information", true): Text 'Tax Information' is present on page  using regular expression

2023-10-02 18:15:53 - [MESSAGE][PASSED] - Text 'Tax Information' is present on page  using regular expression

2023-10-02 18:15:53 - [TEST_STEP][PASSED] - verifyTextPresent("Social Security Number:", true): Text 'Social Security Number:' is present on page  using regular expression

2023-10-02 18:15:54 - [MESSAGE][PASSED] - Text 'Social Security Number:' is present on page  using regular expression

2023-10-02 18:15:54 - [TEST_STEP][PASSED] - verifyTextPresent("Notice Number:", true): Text 'Notice Number:' is present on page  using regular expression

2023-10-02 18:15:54 - [MESSAGE][PASSED] - Text 'Notice Number:' is present on page  using regular expression

2023-10-02 18:15:54 - [TEST_STEP][PASSED] - verifyTextPresent("Tax Type:", true): Text 'Tax Type:' is present on page  using regular expression

2023-10-02 18:15:55 - [MESSAGE][PASSED] - Text 'Tax Type:' is present on page  using regular expression

2023-10-02 18:15:55 - [TEST_STEP][PASSED] - verifyTextPresent("Personal Income Tax", true): Text 'Personal Income Tax' is present on page  using regular expression

2023-10-02 18:15:55 - [MESSAGE][PASSED] - Text 'Personal Income Tax' is present on page  using regular expression

2023-10-02 18:15:55 - [TEST_STEP][PASSED] - verifyTextPresent("Payment Amount:", true): Text 'Payment Amount:' is present on page  using regular expression

2023-10-02 18:15:55 - [MESSAGE][PASSED] - Text 'Payment Amount:' is present on page  using regular expression

2023-10-02 18:15:55 - [TEST_STEP][PASSED] - verifyTextPresent("100.00", true): Text '100.00' is present on page  using regular expression

2023-10-02 18:15:56 - [MESSAGE][PASSED] - Text '100.00' is present on page  using regular expression

2023-10-02 18:15:56 - [TEST_STEP][PASSED] - verifyTextNotPresent("Federal EIN:", true): Text 'Federal EIN:' is not present on page using regular expression

2023-10-02 18:15:56 - [MESSAGE][PASSED] - Text 'Federal EIN:' is not present on page using regular expression

2023-10-02 18:15:56 - [TEST_STEP][PASSED] - verifyTextNotPresent("FEIN/SSN:", true): Text 'FEIN/SSN:' is not present on page using regular expression

2023-10-02 18:15:56 - [MESSAGE][PASSED] - Text 'FEIN/SSN:' is not present on page using regular expression

2023-10-02 18:15:56 - [TEST_STEP][PASSED] - if (verifyElementVisible(findTestObject(orPath_Summary + "/button_Proceed to Payment"))): null

2023-10-02 18:15:57 - [MESSAGE][PASSED] - Object 'Object Repository/RAD_Pages/Summary_Page/button_Proceed to Payment' is visible

2023-10-02 18:15:57 - [TEST_STEP][PASSED] - resText = "Pass": null

2023-10-02 18:15:57 - [TEST_STEP][PASSED] - pages.WriteExcel.demoKey(resText, datText, resColumn, datCloumn, fileLoc, nameSheet, row): pages.WriteExcel.demoKey is PASSED

2023-10-02 18:15:57 - [MESSAGE][PASSED] - pages.WriteExcel.demoKey is PASSED

2023-10-02 18:15:57 - [TEST_STEP][PASSED] - click(findTestObject(orPath_Summary + "/button_Proceed to Payment")): Object: 'Object Repository/RAD_Pages/Summary_Page/button_Proceed to Payment' is clicked on

2023-10-02 18:15:58 - [MESSAGE][PASSED] - Object: 'Object Repository/RAD_Pages/Summary_Page/button_Proceed to Payment' is clicked on]]></system-out>
         <system-err><![CDATA[]]></system-err>
      </testcase>
      <testcase name="Test Cases/RAD_TestCases/Summary_TestCases/Personal_Individual_Summary_TC" time="170.874" classname="Test Cases/RAD_TestCases/Summary_TestCases/Personal_Individual_Summary_TC" status="PASSED">
         <system-out><![CDATA[2023-10-02 18:15:58 - [TEST_CASE][PASSED] - Test Cases/RAD_TestCases/Summary_TestCases/Personal_Individual_Summary_TC: Test Cases/RAD_TestCases/Summary_TestCases/Personal_Individual_Summary_TC

2023-10-02 18:15:59 - [TEST_STEP][PASSED] - resText = "Fail": null

2023-10-02 18:15:59 - [TEST_STEP][PASSED] - resColumn = "Result": null

2023-10-02 18:15:59 - [TEST_STEP][PASSED] - datCloumn = "Date": null

2023-10-02 18:15:59 - [TEST_STEP][PASSED] - fileLoc = "KatalonData/RADTestData/Summary.xlsx": null

2023-10-02 18:15:59 - [TEST_STEP][PASSED] - nameSheet = "Personal_IND": null

2023-10-02 18:15:59 - [TEST_STEP][PASSED] - dataFile = "RADTestData/Summary_Personal_IND": null

2023-10-02 18:15:59 - [TEST_STEP][PASSED] - orPath_Landing = "Object Repository/RAD_Pages/Landing_Page": null

2023-10-02 18:15:59 - [TEST_STEP][PASSED] - orPath_TaxTypeFilingYear = "Object Repository/RAD_Pages/TaxTypeFilingYear_Page": null

2023-10-02 18:15:59 - [TEST_STEP][PASSED] - orPath_Amount = "Object Repository/RAD_Pages/PaymentAmount_Page": null

2023-10-02 18:15:59 - [TEST_STEP][PASSED] - orPath_AddressContact = "Object Repository/RAD_Pages/AddressAndContactInfo_Page": null

2023-10-02 18:15:59 - [TEST_STEP][PASSED] - orPath_Summary = "Object Repository/RAD_Pages/Summary_Page": null

2023-10-02 18:15:59 - [TEST_STEP][PASSED] - orPath_PaymentConfirmation = "Object Repository/RAD_Pages/PaymentConfirmation_Page": null

2023-10-02 18:15:59 - [TEST_STEP][PASSED] - orPath_ServiceFeesAccept = "Object Repository/RAD_Pages/ServiceFeeAccept_Page": null

2023-10-02 18:15:59 - [TEST_STEP][PASSED] - orPath_PaymentEntry = "Object Repository/RAD_Pages/PaymentEntry_Page": null

2023-10-02 18:15:59 - [TEST_STEP][PASSED] - ExecuteTC = <not implemented yet for class: org.codehaus.groovy.ast.expr.EmptyExpression>: null

2023-10-02 18:15:59 - [TEST_STEP][PASSED] - TaxType = <not implemented yet for class: org.codehaus.groovy.ast.expr.EmptyExpression>: null

2023-10-02 18:15:59 - [TEST_STEP][PASSED] - PaymentType = <not implemented yet for class: org.codehaus.groovy.ast.expr.EmptyExpression>: null

2023-10-02 18:15:59 - [TEST_STEP][PASSED] - FilingYear = <not implemented yet for class: org.codehaus.groovy.ast.expr.EmptyExpression>: null

2023-10-02 18:15:59 - [TEST_STEP][PASSED] - PeriodEndingMonth = <not implemented yet for class: org.codehaus.groovy.ast.expr.EmptyExpression>: null

2023-10-02 18:15:59 - [TEST_STEP][PASSED] - executionProfile = getExecutionProfile(): null

2023-10-02 18:15:59 - [TEST_STEP][PASSED] - numOfRows = findTestData(dataFile).getRowNumbers(): null

2023-10-02 18:15:59 - [TEST_STEP][PASSED] - println("Number of Records: " + numOfRows): null

2023-10-02 18:15:59 - [TEST_STEP][PASSED] - for ([row = 1, row <= numOfRows, (row++)]): Object: 'Object Repository/RAD_Pages/Summary_Page/button_Proceed to Payment' is clicked on

2023-10-02 18:15:59 - [TEST_STEP][PASSED] - ExecuteTC = findTestData(dataFile).getValue("Execute", row): null

2023-10-02 18:15:59 - [TEST_STEP][PASSED] - TaxType = findTestData(dataFile).getValue("TaxType", row): null

2023-10-02 18:15:59 - [TEST_STEP][PASSED] - PaymentType = findTestData(dataFile).getValue("PaymentType", row): null

2023-10-02 18:15:59 - [TEST_STEP][PASSED] - FilingYear = findTestData(dataFile).getValue("Year", row): null

2023-10-02 18:15:59 - [TEST_STEP][PASSED] - if (ExecuteTC.equalsIgnoreCase("Y")): Object: 'Object Repository/RAD_Pages/Summary_Page/button_Proceed to Payment' is clicked on

2023-10-02 18:15:59 - [TEST_STEP][PASSED] - out.println("Begin Record Number: " + row): null

2023-10-02 18:15:59 - [TEST_STEP][PASSED] - today = new java.util.Date(): null

2023-10-02 18:15:59 - [TEST_STEP][PASSED] - println(today): null

2023-10-02 18:15:59 - [TEST_STEP][PASSED] - datText = today: null

2023-10-02 18:15:59 - [TEST_STEP][PASSED] - logInfo("Payment Type: " + PaymentType): Payment Type: Quarterly Estimated Tax

2023-10-02 18:15:59 - [MESSAGE][INFO] - Payment Type: Quarterly Estimated Tax

2023-10-02 18:15:59 - [TEST_STEP][PASSED] - logInfo("Tax Type: " + TaxType): Tax Type: Personal Income Tax

2023-10-02 18:15:59 - [MESSAGE][INFO] - Tax Type: Personal Income Tax

2023-10-02 18:15:59 - [TEST_STEP][PASSED] - openBrowser(""): Browser is opened with url: ''

2023-10-02 18:15:59 - [MESSAGE][WARNING] - A browser is already opened. Closing browser and opening a new one

2023-10-02 18:16:00 - [MESSAGE][INFO] - Starting 'Chrome' driver

2023-10-02 18:16:00 - [MESSAGE][INFO] - User set preference: ['acceptInsecureCerts', 'true']

2023-10-02 18:16:00 - [MESSAGE][INFO] - Action delay is set to 0 milliseconds

2023-10-02 18:16:01 - [MESSAGE][PASSED] - Browser is opened with url: ''

2023-10-02 18:16:01 - [TEST_STEP][PASSED] - maximizeWindow(): Current window maximized

2023-10-02 18:16:01 - [MESSAGE][PASSED] - Current window maximized

2023-10-02 18:16:01 - [TEST_STEP][PASSED] - navigateToUrl(RADurl): Navigate to 'https://demo.velocitypayment.com/client/rad/index.html' successfully

2023-10-02 18:16:03 - [MESSAGE][PASSED] - Navigate to 'https://demo.velocitypayment.com/client/rad/index.html' successfully

2023-10-02 18:16:03 - [TEST_STEP][PASSED] - selectOptionByLabel(findTestObject(orPath_Landing + "/dd_TaxType"), PaymentType, false): All options with label 'Quarterly Estimated Tax' are selected in object 'Object Repository/RAD_Pages/Landing_Page/dd_TaxType' 

2023-10-02 18:16:04 - [MESSAGE][PASSED] - All options with label 'Quarterly Estimated Tax' are selected in object 'Object Repository/RAD_Pages/Landing_Page/dd_TaxType' 

2023-10-02 18:16:04 - [TEST_STEP][PASSED] - switch (PaymentType): null

2023-10-02 18:16:04 - [TEST_STEP][PASSED] - case "Quarterly Estimated Tax":: null

2023-10-02 18:16:04 - [TEST_STEP][PASSED] - selectOptionByLabel(findTestObject(orPath_TaxTypeFilingYear + "/select_PaymentType"), TaxType, false): All options with label 'Personal Income Tax' are selected in object 'Object Repository/RAD_Pages/TaxTypeFilingYear_Page/select_PaymentType' 

2023-10-02 18:16:04 - [MESSAGE][PASSED] - All options with label 'Personal Income Tax' are selected in object 'Object Repository/RAD_Pages/TaxTypeFilingYear_Page/select_PaymentType' 

2023-10-02 18:16:04 - [TEST_STEP][PASSED] - break: null

2023-10-02 18:16:04 - [TEST_STEP][PASSED] - if (!(FilingYear.isEmpty())): All options with label '2023' are selected in object 'Object Repository/RAD_Pages/TaxTypeFilingYear_Page/select_FilingYear' 

2023-10-02 18:16:04 - [TEST_STEP][PASSED] - selectOptionByLabel(findTestObject(orPath_TaxTypeFilingYear + "/select_FilingYear"), FilingYear, false): All options with label '2023' are selected in object 'Object Repository/RAD_Pages/TaxTypeFilingYear_Page/select_FilingYear' 

2023-10-02 18:16:05 - [MESSAGE][PASSED] - All options with label '2023' are selected in object 'Object Repository/RAD_Pages/TaxTypeFilingYear_Page/select_FilingYear' 

2023-10-02 18:16:05 - [TEST_STEP][PASSED] - rad.getSetDataRAD.setDataRADssnAndName(): rad.getSetDataRAD.setDataRADssnAndName is PASSED

2023-10-02 18:16:06 - [MESSAGE][PASSED] - Text 'Jimmy' is set on object 'Object Repository/RAD_Pages/Taxpayer_Page/input_firstName'

2023-10-02 18:16:07 - [MESSAGE][PASSED] - Text 'btes' is set on object 'Object Repository/RAD_Pages/Taxpayer_Page/input_lastName'

2023-10-02 18:16:08 - [MESSAGE][PASSED] - Text '123456724' is set on object 'Object Repository/RAD_RecordAndPlay/input_concatSSN'

2023-10-02 18:16:09 - [MESSAGE][PASSED] - Text '123456724' is set on object 'Object Repository/RAD_RecordAndPlay/input_concatReSSN'

2023-10-02 18:16:09 - [MESSAGE][PASSED] - rad.getSetDataRAD.setDataRADssnAndName is PASSED

2023-10-02 18:16:09 - [TEST_STEP][PASSED] - rad.getSetDataRAD.setDataRADAddress(): rad.getSetDataRAD.setDataRADAddress is PASSED

2023-10-02 18:16:10 - [MESSAGE][PASSED] - All options with label 'United States' are selected in object 'Object Repository/RAD_Pages/AddressAndContactInfo_Page/select_Country' 

2023-10-02 18:16:11 - [MESSAGE][PASSED] - Text '2508 Mandan Terrace' is set on object 'Object Repository/RAD_Pages/AddressAndContactInfo_Page/input_streetAddress1'

2023-10-02 18:16:12 - [MESSAGE][PASSED] - Text '' is set on object 'Object Repository/RAD_Pages/AddressAndContactInfo_Page/input_streetAddress2'

2023-10-02 18:16:12 - [MESSAGE][PASSED] - Text 'Gambrills' is set on object 'Object Repository/RAD_Pages/AddressAndContactInfo_Page/input_city'

2023-10-02 18:16:13 - [MESSAGE][PASSED] - All options with label 'Maryland' are selected in object 'Object Repository/RAD_Pages/AddressAndContactInfo_Page/select_State' 

2023-10-02 18:16:14 - [MESSAGE][PASSED] - Text '21054' is set on object 'Object Repository/RAD_Pages/AddressAndContactInfo_Page/input_zipCode'

2023-10-02 18:16:15 - [MESSAGE][PASSED] - Text '(703) 894-5000' is set on object 'Object Repository/RAD_Pages/AddressAndContactInfo_Page/input_phoneNumber'

2023-10-02 18:16:16 - [MESSAGE][PASSED] - Text 'iahmed@govolution.com' is set on object 'Object Repository/RAD_Pages/AddressAndContactInfo_Page/input_eMailAddress'

2023-10-02 18:16:17 - [MESSAGE][PASSED] - Text 'iahmed@govolution.com' is set on object 'Object Repository/RAD_Pages/AddressAndContactInfo_Page/input_reEnterEMailAddress'

2023-10-02 18:16:17 - [MESSAGE][PASSED] - rad.getSetDataRAD.setDataRADAddress is PASSED

2023-10-02 18:16:17 - [TEST_STEP][PASSED] - setText(findTestObject(orPath_Amount + "/input__paymentAmount"), "100.00"): Text '100.00' is set on object 'Object Repository/RAD_Pages/PaymentAmount_Page/input__paymentAmount'

2023-10-02 18:16:18 - [MESSAGE][PASSED] - Text '100.00' is set on object 'Object Repository/RAD_Pages/PaymentAmount_Page/input__paymentAmount'

2023-10-02 18:16:18 - [TEST_STEP][PASSED] - setText(findTestObject(orPath_AddressContact + "/input_streetAddress2"), ""): Text '' is set on object 'Object Repository/RAD_Pages/AddressAndContactInfo_Page/input_streetAddress2'

2023-10-02 18:16:19 - [MESSAGE][PASSED] - Text '' is set on object 'Object Repository/RAD_Pages/AddressAndContactInfo_Page/input_streetAddress2'

2023-10-02 18:16:19 - [TEST_STEP][PASSED] - scrollToElement(findTestObject(orPath_Landing + "/button_Continue"), 3): Scroll to object 'Object Repository/RAD_Pages/Landing_Page/button_Continue' successfully

2023-10-02 18:16:19 - [MESSAGE][PASSED] - Scroll to object 'Object Repository/RAD_Pages/Landing_Page/button_Continue' successfully

2023-10-02 18:16:19 - [TEST_STEP][PASSED] - waitForElementClickable(findTestObject(orPath_Landing + "/button_Continue"), 5): Object 'Object Repository/RAD_Pages/Landing_Page/button_Continue' is clickable

2023-10-02 18:16:19 - [MESSAGE][PASSED] - Object 'Object Repository/RAD_Pages/Landing_Page/button_Continue' is clickable

2023-10-02 18:16:19 - [TEST_STEP][PASSED] - click(findTestObject(orPath_Landing + "/button_Continue")): Object: 'Object Repository/RAD_Pages/Landing_Page/button_Continue' is clicked on

2023-10-02 18:16:20 - [MESSAGE][PASSED] - Object: 'Object Repository/RAD_Pages/Landing_Page/button_Continue' is clicked on

2023-10-02 18:16:20 - [TEST_STEP][PASSED] - delay(2): Delayed 2 second(s)

2023-10-02 18:16:22 - [MESSAGE][PASSED] - Delayed 2 second(s)

2023-10-02 18:16:22 - [TEST_STEP][PASSED] - verifyTextPresent("Summary", true): Text 'Summary' is present on page  using regular expression

2023-10-02 18:16:22 - [MESSAGE][PASSED] - Text 'Summary' is present on page  using regular expression

2023-10-02 18:16:22 - [TEST_STEP][PASSED] - verifyTextPresent("Review the information below and make any necessary corrections by clicking the", true): Text 'Review the information below and make any necessary corrections by clicking the' is present on page  using regular expression

2023-10-02 18:16:23 - [MESSAGE][PASSED] - Text 'Review the information below and make any necessary corrections by clicking the' is present on page  using regular expression

2023-10-02 18:16:23 - [TEST_STEP][PASSED] - verifyTextPresent("When you are confident that all the information is correct, click the", true): Text 'When you are confident that all the information is correct, click the' is present on page  using regular expression

2023-10-02 18:16:23 - [MESSAGE][PASSED] - Text 'When you are confident that all the information is correct, click the' is present on page  using regular expression

2023-10-02 18:16:23 - [TEST_STEP][PASSED] - verifyTextPresent("Payment Type/Filing Year", true): Text 'Payment Type/Filing Year' is present on page  using regular expression

2023-10-02 18:16:23 - [MESSAGE][PASSED] - Text 'Payment Type/Filing Year' is present on page  using regular expression

2023-10-02 18:16:23 - [TEST_STEP][PASSED] - verifyTextPresent("Payment Type:", true): Text 'Payment Type:' is present on page  using regular expression

2023-10-02 18:16:24 - [MESSAGE][PASSED] - Text 'Payment Type:' is present on page  using regular expression

2023-10-02 18:16:24 - [TEST_STEP][PASSED] - verifyTextPresent(PaymentType, true): Text 'Quarterly Estimated Tax' is present on page  using regular expression

2023-10-02 18:16:24 - [MESSAGE][PASSED] - Text 'Quarterly Estimated Tax' is present on page  using regular expression

2023-10-02 18:16:24 - [TEST_STEP][PASSED] - verifyTextPresent("Filing Year:", true): Text 'Filing Year:' is present on page  using regular expression

2023-10-02 18:16:25 - [MESSAGE][PASSED] - Text 'Filing Year:' is present on page  using regular expression

2023-10-02 18:16:25 - [TEST_STEP][PASSED] - verifyTextPresent(FilingYear, true): Text '2023' is present on page  using regular expression

2023-10-02 18:16:25 - [MESSAGE][PASSED] - Text '2023' is present on page  using regular expression

2023-10-02 18:16:25 - [TEST_STEP][PASSED] - verifyTextPresent("Payer Information", true): Text 'Payer Information' is present on page  using regular expression

2023-10-02 18:16:25 - [MESSAGE][PASSED] - Text 'Payer Information' is present on page  using regular expression

2023-10-02 18:16:25 - [TEST_STEP][PASSED] - verifyTextPresent("Taxpayer Name:", true): Text 'Taxpayer Name:' is present on page  using regular expression

2023-10-02 18:16:26 - [MESSAGE][PASSED] - Text 'Taxpayer Name:' is present on page  using regular expression

2023-10-02 18:16:26 - [TEST_STEP][PASSED] - switch (executionProfile): null

2023-10-02 18:16:26 - [TEST_STEP][PASSED] - case "DemoProfile":: null

2023-10-02 18:16:26 - [TEST_STEP][PASSED] - verifyTextPresent("Jimmy btes", true): Text 'Jimmy btes' is present on page  using regular expression

2023-10-02 18:16:26 - [MESSAGE][PASSED] - Text 'Jimmy btes' is present on page  using regular expression

2023-10-02 18:16:26 - [TEST_STEP][PASSED] - break: null

2023-10-02 18:16:26 - [TEST_STEP][PASSED] - verifyTextPresent("Taxpayer SSN:", true): Text 'Taxpayer SSN:' is present on page  using regular expression

2023-10-02 18:16:26 - [MESSAGE][PASSED] - Text 'Taxpayer SSN:' is present on page  using regular expression

2023-10-02 18:16:26 - [TEST_STEP][PASSED] - verifyTextPresent("Taxpayer Address:", true): Text 'Taxpayer Address:' is present on page  using regular expression

2023-10-02 18:16:27 - [MESSAGE][PASSED] - Text 'Taxpayer Address:' is present on page  using regular expression

2023-10-02 18:16:27 - [TEST_STEP][PASSED] - verifyTextPresent("2508 Mandan Terrace Gambrills Maryland 21054", true): Text '2508 Mandan Terrace Gambrills Maryland 21054' is present on page  using regular expression

2023-10-02 18:16:27 - [MESSAGE][PASSED] - Text '2508 Mandan Terrace Gambrills Maryland 21054' is present on page  using regular expression

2023-10-02 18:16:27 - [TEST_STEP][PASSED] - verifyTextPresent("Email:", true): Text 'Email:' is present on page  using regular expression

2023-10-02 18:16:28 - [MESSAGE][PASSED] - Text 'Email:' is present on page  using regular expression

2023-10-02 18:16:28 - [TEST_STEP][PASSED] - verifyTextPresent("iahmed@govolution.com", true): Text 'iahmed@govolution.com' is present on page  using regular expression

2023-10-02 18:16:28 - [MESSAGE][PASSED] - Text 'iahmed@govolution.com' is present on page  using regular expression

2023-10-02 18:16:28 - [TEST_STEP][PASSED] - verifyTextPresent("Phone:", true): Text 'Phone:' is present on page  using regular expression

2023-10-02 18:16:28 - [MESSAGE][PASSED] - Text 'Phone:' is present on page  using regular expression

2023-10-02 18:16:28 - [TEST_STEP][PASSED] - verifyTextPresent("(703) 894-5000", false): Text '(703) 894-5000' is present on page 

2023-10-02 18:16:29 - [MESSAGE][PASSED] - Text '(703) 894-5000' is present on page 

2023-10-02 18:16:29 - [TEST_STEP][PASSED] - verifyTextPresent("Tax Information", true): Text 'Tax Information' is present on page  using regular expression

2023-10-02 18:16:29 - [MESSAGE][PASSED] - Text 'Tax Information' is present on page  using regular expression

2023-10-02 18:16:29 - [TEST_STEP][PASSED] - verifyTextPresent("Payment Amount:", true): Text 'Payment Amount:' is present on page  using regular expression

2023-10-02 18:16:29 - [MESSAGE][PASSED] - Text 'Payment Amount:' is present on page  using regular expression

2023-10-02 18:16:29 - [TEST_STEP][PASSED] - verifyTextPresent("100.00", true): Text '100.00' is present on page  using regular expression

2023-10-02 18:16:30 - [MESSAGE][PASSED] - Text '100.00' is present on page  using regular expression

2023-10-02 18:16:30 - [TEST_STEP][PASSED] - verifyTextNotPresent("Federal EIN:", true): Text 'Federal EIN:' is not present on page using regular expression

2023-10-02 18:16:30 - [MESSAGE][PASSED] - Text 'Federal EIN:' is not present on page using regular expression

2023-10-02 18:16:30 - [TEST_STEP][PASSED] - verifyTextNotPresent("FEIN/SSN:", true): Text 'FEIN/SSN:' is not present on page using regular expression

2023-10-02 18:16:31 - [MESSAGE][PASSED] - Text 'FEIN/SSN:' is not present on page using regular expression

2023-10-02 18:16:31 - [TEST_STEP][PASSED] - if (verifyElementVisible(findTestObject(orPath_Summary + "/button_Proceed to Payment"))): null

2023-10-02 18:16:31 - [MESSAGE][PASSED] - Object 'Object Repository/RAD_Pages/Summary_Page/button_Proceed to Payment' is visible

2023-10-02 18:16:31 - [TEST_STEP][PASSED] - resText = "Pass": null

2023-10-02 18:16:31 - [TEST_STEP][PASSED] - pages.WriteExcel.demoKey(resText, datText, resColumn, datCloumn, fileLoc, nameSheet, row): pages.WriteExcel.demoKey is PASSED

2023-10-02 18:16:31 - [MESSAGE][PASSED] - pages.WriteExcel.demoKey is PASSED

2023-10-02 18:16:31 - [TEST_STEP][PASSED] - click(findTestObject(orPath_Summary + "/button_Proceed to Payment")): Object: 'Object Repository/RAD_Pages/Summary_Page/button_Proceed to Payment' is clicked on

2023-10-02 18:16:32 - [MESSAGE][PASSED] - Object: 'Object Repository/RAD_Pages/Summary_Page/button_Proceed to Payment' is clicked on

2023-10-02 18:16:32 - [TEST_STEP][PASSED] - ExecuteTC = findTestData(dataFile).getValue("Execute", row): null

2023-10-02 18:16:32 - [TEST_STEP][PASSED] - TaxType = findTestData(dataFile).getValue("TaxType", row): null

2023-10-02 18:16:32 - [TEST_STEP][PASSED] - PaymentType = findTestData(dataFile).getValue("PaymentType", row): null

2023-10-02 18:16:32 - [TEST_STEP][PASSED] - FilingYear = findTestData(dataFile).getValue("Year", row): null

2023-10-02 18:16:32 - [TEST_STEP][PASSED] - if (ExecuteTC.equalsIgnoreCase("Y")): Object: 'Object Repository/RAD_Pages/Summary_Page/button_Proceed to Payment' is clicked on

2023-10-02 18:16:32 - [TEST_STEP][PASSED] - out.println("Begin Record Number: " + row): null

2023-10-02 18:16:32 - [TEST_STEP][PASSED] - today = new java.util.Date(): null

2023-10-02 18:16:32 - [TEST_STEP][PASSED] - println(today): null

2023-10-02 18:16:32 - [TEST_STEP][PASSED] - datText = today: null

2023-10-02 18:16:32 - [TEST_STEP][PASSED] - logInfo("Payment Type: " + PaymentType): Payment Type: Extension Payments

2023-10-02 18:16:32 - [MESSAGE][INFO] - Payment Type: Extension Payments

2023-10-02 18:16:32 - [TEST_STEP][PASSED] - logInfo("Tax Type: " + TaxType): Tax Type: Personal Income Tax

2023-10-02 18:16:32 - [MESSAGE][INFO] - Tax Type: Personal Income Tax

2023-10-02 18:16:32 - [TEST_STEP][PASSED] - openBrowser(""): Browser is opened with url: ''

2023-10-02 18:16:32 - [MESSAGE][WARNING] - A browser is already opened. Closing browser and opening a new one

2023-10-02 18:16:33 - [MESSAGE][INFO] - Starting 'Chrome' driver

2023-10-02 18:16:33 - [MESSAGE][INFO] - User set preference: ['acceptInsecureCerts', 'true']

2023-10-02 18:16:33 - [MESSAGE][INFO] - Action delay is set to 0 milliseconds

2023-10-02 18:16:35 - [MESSAGE][PASSED] - Browser is opened with url: ''

2023-10-02 18:16:35 - [TEST_STEP][PASSED] - maximizeWindow(): Current window maximized

2023-10-02 18:16:35 - [MESSAGE][PASSED] - Current window maximized

2023-10-02 18:16:35 - [TEST_STEP][PASSED] - navigateToUrl(RADurl): Navigate to 'https://demo.velocitypayment.com/client/rad/index.html' successfully

2023-10-02 18:16:37 - [MESSAGE][PASSED] - Navigate to 'https://demo.velocitypayment.com/client/rad/index.html' successfully

2023-10-02 18:16:37 - [TEST_STEP][PASSED] - selectOptionByLabel(findTestObject(orPath_Landing + "/dd_TaxType"), PaymentType, false): All options with label 'Extension Payments' are selected in object 'Object Repository/RAD_Pages/Landing_Page/dd_TaxType' 

2023-10-02 18:16:38 - [MESSAGE][PASSED] - All options with label 'Extension Payments' are selected in object 'Object Repository/RAD_Pages/Landing_Page/dd_TaxType' 

2023-10-02 18:16:38 - [TEST_STEP][PASSED] - switch (PaymentType): null

2023-10-02 18:16:38 - [TEST_STEP][PASSED] - case "Extension Payments":: null

2023-10-02 18:16:38 - [TEST_STEP][PASSED] - selectOptionByLabel(findTestObject(orPath_TaxTypeFilingYear + "/select_PaymentType"), TaxType, false): All options with label 'Personal Income Tax' are selected in object 'Object Repository/RAD_Pages/TaxTypeFilingYear_Page/select_PaymentType' 

2023-10-02 18:16:38 - [MESSAGE][PASSED] - All options with label 'Personal Income Tax' are selected in object 'Object Repository/RAD_Pages/TaxTypeFilingYear_Page/select_PaymentType' 

2023-10-02 18:16:38 - [TEST_STEP][PASSED] - break: null

2023-10-02 18:16:38 - [TEST_STEP][PASSED] - if (!(FilingYear.isEmpty())): All options with label '2022' are selected in object 'Object Repository/RAD_Pages/TaxTypeFilingYear_Page/select_FilingYear' 

2023-10-02 18:16:38 - [TEST_STEP][PASSED] - selectOptionByLabel(findTestObject(orPath_TaxTypeFilingYear + "/select_FilingYear"), FilingYear, false): All options with label '2022' are selected in object 'Object Repository/RAD_Pages/TaxTypeFilingYear_Page/select_FilingYear' 

2023-10-02 18:16:39 - [MESSAGE][PASSED] - All options with label '2022' are selected in object 'Object Repository/RAD_Pages/TaxTypeFilingYear_Page/select_FilingYear' 

2023-10-02 18:16:39 - [TEST_STEP][PASSED] - rad.getSetDataRAD.setDataRADssnAndName(): rad.getSetDataRAD.setDataRADssnAndName is PASSED

2023-10-02 18:16:40 - [MESSAGE][PASSED] - Text 'Jimmy' is set on object 'Object Repository/RAD_Pages/Taxpayer_Page/input_firstName'

2023-10-02 18:16:41 - [MESSAGE][PASSED] - Text 'btes' is set on object 'Object Repository/RAD_Pages/Taxpayer_Page/input_lastName'

2023-10-02 18:16:42 - [MESSAGE][PASSED] - Text '123456724' is set on object 'Object Repository/RAD_RecordAndPlay/input_concatSSN'

2023-10-02 18:16:43 - [MESSAGE][PASSED] - Text '123456724' is set on object 'Object Repository/RAD_RecordAndPlay/input_concatReSSN'

2023-10-02 18:16:43 - [MESSAGE][PASSED] - rad.getSetDataRAD.setDataRADssnAndName is PASSED

2023-10-02 18:16:43 - [TEST_STEP][PASSED] - rad.getSetDataRAD.setDataRADAddress(): rad.getSetDataRAD.setDataRADAddress is PASSED

2023-10-02 18:16:44 - [MESSAGE][PASSED] - All options with label 'United States' are selected in object 'Object Repository/RAD_Pages/AddressAndContactInfo_Page/select_Country' 

2023-10-02 18:16:44 - [MESSAGE][PASSED] - Text '2508 Mandan Terrace' is set on object 'Object Repository/RAD_Pages/AddressAndContactInfo_Page/input_streetAddress1'

2023-10-02 18:16:45 - [MESSAGE][PASSED] - Text '' is set on object 'Object Repository/RAD_Pages/AddressAndContactInfo_Page/input_streetAddress2'

2023-10-02 18:16:46 - [MESSAGE][PASSED] - Text 'Gambrills' is set on object 'Object Repository/RAD_Pages/AddressAndContactInfo_Page/input_city'

2023-10-02 18:16:47 - [MESSAGE][PASSED] - All options with label 'Maryland' are selected in object 'Object Repository/RAD_Pages/AddressAndContactInfo_Page/select_State' 

2023-10-02 18:16:48 - [MESSAGE][PASSED] - Text '21054' is set on object 'Object Repository/RAD_Pages/AddressAndContactInfo_Page/input_zipCode'

2023-10-02 18:16:49 - [MESSAGE][PASSED] - Text '(703) 894-5000' is set on object 'Object Repository/RAD_Pages/AddressAndContactInfo_Page/input_phoneNumber'

2023-10-02 18:16:50 - [MESSAGE][PASSED] - Text 'iahmed@govolution.com' is set on object 'Object Repository/RAD_Pages/AddressAndContactInfo_Page/input_eMailAddress'

2023-10-02 18:16:51 - [MESSAGE][PASSED] - Text 'iahmed@govolution.com' is set on object 'Object Repository/RAD_Pages/AddressAndContactInfo_Page/input_reEnterEMailAddress'

2023-10-02 18:16:51 - [MESSAGE][PASSED] - rad.getSetDataRAD.setDataRADAddress is PASSED

2023-10-02 18:16:51 - [TEST_STEP][PASSED] - setText(findTestObject(orPath_Amount + "/input__paymentAmount"), "100.00"): Text '100.00' is set on object 'Object Repository/RAD_Pages/PaymentAmount_Page/input__paymentAmount'

2023-10-02 18:16:52 - [MESSAGE][PASSED] - Text '100.00' is set on object 'Object Repository/RAD_Pages/PaymentAmount_Page/input__paymentAmount'

2023-10-02 18:16:52 - [TEST_STEP][PASSED] - setText(findTestObject(orPath_AddressContact + "/input_streetAddress2"), ""): Text '' is set on object 'Object Repository/RAD_Pages/AddressAndContactInfo_Page/input_streetAddress2'

2023-10-02 18:16:52 - [MESSAGE][PASSED] - Text '' is set on object 'Object Repository/RAD_Pages/AddressAndContactInfo_Page/input_streetAddress2'

2023-10-02 18:16:52 - [TEST_STEP][PASSED] - scrollToElement(findTestObject(orPath_Landing + "/button_Continue"), 3): Scroll to object 'Object Repository/RAD_Pages/Landing_Page/button_Continue' successfully

2023-10-02 18:16:53 - [MESSAGE][PASSED] - Scroll to object 'Object Repository/RAD_Pages/Landing_Page/button_Continue' successfully

2023-10-02 18:16:53 - [TEST_STEP][PASSED] - waitForElementClickable(findTestObject(orPath_Landing + "/button_Continue"), 5): Object 'Object Repository/RAD_Pages/Landing_Page/button_Continue' is clickable

2023-10-02 18:16:53 - [MESSAGE][PASSED] - Object 'Object Repository/RAD_Pages/Landing_Page/button_Continue' is clickable

2023-10-02 18:16:53 - [TEST_STEP][PASSED] - click(findTestObject(orPath_Landing + "/button_Continue")): Object: 'Object Repository/RAD_Pages/Landing_Page/button_Continue' is clicked on

2023-10-02 18:16:54 - [MESSAGE][PASSED] - Object: 'Object Repository/RAD_Pages/Landing_Page/button_Continue' is clicked on

2023-10-02 18:16:54 - [TEST_STEP][PASSED] - delay(2): Delayed 2 second(s)

2023-10-02 18:16:56 - [MESSAGE][PASSED] - Delayed 2 second(s)

2023-10-02 18:16:56 - [TEST_STEP][PASSED] - verifyTextPresent("Summary", true): Text 'Summary' is present on page  using regular expression

2023-10-02 18:16:56 - [MESSAGE][PASSED] - Text 'Summary' is present on page  using regular expression

2023-10-02 18:16:56 - [TEST_STEP][PASSED] - verifyTextPresent("Review the information below and make any necessary corrections by clicking the", true): Text 'Review the information below and make any necessary corrections by clicking the' is present on page  using regular expression

2023-10-02 18:16:56 - [MESSAGE][PASSED] - Text 'Review the information below and make any necessary corrections by clicking the' is present on page  using regular expression

2023-10-02 18:16:56 - [TEST_STEP][PASSED] - verifyTextPresent("When you are confident that all the information is correct, click the", true): Text 'When you are confident that all the information is correct, click the' is present on page  using regular expression

2023-10-02 18:16:57 - [MESSAGE][PASSED] - Text 'When you are confident that all the information is correct, click the' is present on page  using regular expression

2023-10-02 18:16:57 - [TEST_STEP][PASSED] - verifyTextPresent("Payment Type/Filing Year", true): Text 'Payment Type/Filing Year' is present on page  using regular expression

2023-10-02 18:16:57 - [MESSAGE][PASSED] - Text 'Payment Type/Filing Year' is present on page  using regular expression

2023-10-02 18:16:57 - [TEST_STEP][PASSED] - verifyTextPresent("Payment Type:", true): Text 'Payment Type:' is present on page  using regular expression

2023-10-02 18:16:57 - [MESSAGE][PASSED] - Text 'Payment Type:' is present on page  using regular expression

2023-10-02 18:16:57 - [TEST_STEP][PASSED] - verifyTextPresent(PaymentType, true): Text 'Extension Payments' is present on page  using regular expression

2023-10-02 18:16:58 - [MESSAGE][PASSED] - Text 'Extension Payments' is present on page  using regular expression

2023-10-02 18:16:58 - [TEST_STEP][PASSED] - verifyTextPresent("Filing Year:", true): Text 'Filing Year:' is present on page  using regular expression

2023-10-02 18:16:58 - [MESSAGE][PASSED] - Text 'Filing Year:' is present on page  using regular expression

2023-10-02 18:16:58 - [TEST_STEP][PASSED] - verifyTextPresent(FilingYear, true): Text '2022' is present on page  using regular expression

2023-10-02 18:16:59 - [MESSAGE][PASSED] - Text '2022' is present on page  using regular expression

2023-10-02 18:16:59 - [TEST_STEP][PASSED] - verifyTextPresent("Payer Information", true): Text 'Payer Information' is present on page  using regular expression

2023-10-02 18:16:59 - [MESSAGE][PASSED] - Text 'Payer Information' is present on page  using regular expression

2023-10-02 18:16:59 - [TEST_STEP][PASSED] - verifyTextPresent("Taxpayer Name:", true): Text 'Taxpayer Name:' is present on page  using regular expression

2023-10-02 18:16:59 - [MESSAGE][PASSED] - Text 'Taxpayer Name:' is present on page  using regular expression

2023-10-02 18:16:59 - [TEST_STEP][PASSED] - switch (executionProfile): null

2023-10-02 18:16:59 - [TEST_STEP][PASSED] - case "DemoProfile":: null

2023-10-02 18:16:59 - [TEST_STEP][PASSED] - verifyTextPresent("Jimmy btes", true): Text 'Jimmy btes' is present on page  using regular expression

2023-10-02 18:17:00 - [MESSAGE][PASSED] - Text 'Jimmy btes' is present on page  using regular expression

2023-10-02 18:17:00 - [TEST_STEP][PASSED] - break: null

2023-10-02 18:17:00 - [TEST_STEP][PASSED] - verifyTextPresent("Taxpayer SSN:", true): Text 'Taxpayer SSN:' is present on page  using regular expression

2023-10-02 18:17:00 - [MESSAGE][PASSED] - Text 'Taxpayer SSN:' is present on page  using regular expression

2023-10-02 18:17:00 - [TEST_STEP][PASSED] - verifyTextPresent("Taxpayer Address:", true): Text 'Taxpayer Address:' is present on page  using regular expression

2023-10-02 18:17:00 - [MESSAGE][PASSED] - Text 'Taxpayer Address:' is present on page  using regular expression

2023-10-02 18:17:00 - [TEST_STEP][PASSED] - verifyTextPresent("2508 Mandan Terrace Gambrills Maryland 21054", true): Text '2508 Mandan Terrace Gambrills Maryland 21054' is present on page  using regular expression

2023-10-02 18:17:01 - [MESSAGE][PASSED] - Text '2508 Mandan Terrace Gambrills Maryland 21054' is present on page  using regular expression

2023-10-02 18:17:01 - [TEST_STEP][PASSED] - verifyTextPresent("Email:", true): Text 'Email:' is present on page  using regular expression

2023-10-02 18:17:01 - [MESSAGE][PASSED] - Text 'Email:' is present on page  using regular expression

2023-10-02 18:17:01 - [TEST_STEP][PASSED] - verifyTextPresent("iahmed@govolution.com", true): Text 'iahmed@govolution.com' is present on page  using regular expression

2023-10-02 18:17:02 - [MESSAGE][PASSED] - Text 'iahmed@govolution.com' is present on page  using regular expression

2023-10-02 18:17:02 - [TEST_STEP][PASSED] - verifyTextPresent("Phone:", true): Text 'Phone:' is present on page  using regular expression

2023-10-02 18:17:02 - [MESSAGE][PASSED] - Text 'Phone:' is present on page  using regular expression

2023-10-02 18:17:02 - [TEST_STEP][PASSED] - verifyTextPresent("(703) 894-5000", false): Text '(703) 894-5000' is present on page 

2023-10-02 18:17:02 - [MESSAGE][PASSED] - Text '(703) 894-5000' is present on page 

2023-10-02 18:17:02 - [TEST_STEP][PASSED] - verifyTextPresent("Tax Information", true): Text 'Tax Information' is present on page  using regular expression

2023-10-02 18:17:03 - [MESSAGE][PASSED] - Text 'Tax Information' is present on page  using regular expression

2023-10-02 18:17:03 - [TEST_STEP][PASSED] - verifyTextPresent("Payment Amount:", true): Text 'Payment Amount:' is present on page  using regular expression

2023-10-02 18:17:03 - [MESSAGE][PASSED] - Text 'Payment Amount:' is present on page  using regular expression

2023-10-02 18:17:03 - [TEST_STEP][PASSED] - verifyTextPresent("100.00", true): Text '100.00' is present on page  using regular expression

2023-10-02 18:17:03 - [MESSAGE][PASSED] - Text '100.00' is present on page  using regular expression

2023-10-02 18:17:03 - [TEST_STEP][PASSED] - verifyTextNotPresent("Federal EIN:", true): Text 'Federal EIN:' is not present on page using regular expression

2023-10-02 18:17:04 - [MESSAGE][PASSED] - Text 'Federal EIN:' is not present on page using regular expression

2023-10-02 18:17:04 - [TEST_STEP][PASSED] - verifyTextNotPresent("FEIN/SSN:", true): Text 'FEIN/SSN:' is not present on page using regular expression

2023-10-02 18:17:04 - [MESSAGE][PASSED] - Text 'FEIN/SSN:' is not present on page using regular expression

2023-10-02 18:17:04 - [TEST_STEP][PASSED] - if (verifyElementVisible(findTestObject(orPath_Summary + "/button_Proceed to Payment"))): null

2023-10-02 18:17:05 - [MESSAGE][PASSED] - Object 'Object Repository/RAD_Pages/Summary_Page/button_Proceed to Payment' is visible

2023-10-02 18:17:05 - [TEST_STEP][PASSED] - resText = "Pass": null

2023-10-02 18:17:05 - [TEST_STEP][PASSED] - pages.WriteExcel.demoKey(resText, datText, resColumn, datCloumn, fileLoc, nameSheet, row): pages.WriteExcel.demoKey is PASSED

2023-10-02 18:17:05 - [MESSAGE][PASSED] - pages.WriteExcel.demoKey is PASSED

2023-10-02 18:17:05 - [TEST_STEP][PASSED] - click(findTestObject(orPath_Summary + "/button_Proceed to Payment")): Object: 'Object Repository/RAD_Pages/Summary_Page/button_Proceed to Payment' is clicked on

2023-10-02 18:17:07 - [MESSAGE][PASSED] - Object: 'Object Repository/RAD_Pages/Summary_Page/button_Proceed to Payment' is clicked on

2023-10-02 18:17:07 - [TEST_STEP][PASSED] - ExecuteTC = findTestData(dataFile).getValue("Execute", row): null

2023-10-02 18:17:07 - [TEST_STEP][PASSED] - TaxType = findTestData(dataFile).getValue("TaxType", row): null

2023-10-02 18:17:07 - [TEST_STEP][PASSED] - PaymentType = findTestData(dataFile).getValue("PaymentType", row): null

2023-10-02 18:17:07 - [TEST_STEP][PASSED] - FilingYear = findTestData(dataFile).getValue("Year", row): null

2023-10-02 18:17:07 - [TEST_STEP][PASSED] - if (ExecuteTC.equalsIgnoreCase("Y")): Object: 'Object Repository/RAD_Pages/Summary_Page/button_Proceed to Payment' is clicked on

2023-10-02 18:17:07 - [TEST_STEP][PASSED] - out.println("Begin Record Number: " + row): null

2023-10-02 18:17:07 - [TEST_STEP][PASSED] - today = new java.util.Date(): null

2023-10-02 18:17:07 - [TEST_STEP][PASSED] - println(today): null

2023-10-02 18:17:07 - [TEST_STEP][PASSED] - datText = today: null

2023-10-02 18:17:07 - [TEST_STEP][PASSED] - logInfo("Payment Type: " + PaymentType): Payment Type: New Tax Return Amount Due

2023-10-02 18:17:07 - [MESSAGE][INFO] - Payment Type: New Tax Return Amount Due

2023-10-02 18:17:07 - [TEST_STEP][PASSED] - logInfo("Tax Type: " + TaxType): Tax Type: Personal Income Tax

2023-10-02 18:17:07 - [MESSAGE][INFO] - Tax Type: Personal Income Tax

2023-10-02 18:17:07 - [TEST_STEP][PASSED] - openBrowser(""): Browser is opened with url: ''

2023-10-02 18:17:07 - [MESSAGE][WARNING] - A browser is already opened. Closing browser and opening a new one

2023-10-02 18:17:08 - [MESSAGE][INFO] - Starting 'Chrome' driver

2023-10-02 18:17:08 - [MESSAGE][INFO] - User set preference: ['acceptInsecureCerts', 'true']

2023-10-02 18:17:08 - [MESSAGE][INFO] - Action delay is set to 0 milliseconds

2023-10-02 18:17:10 - [MESSAGE][PASSED] - Browser is opened with url: ''

2023-10-02 18:17:10 - [TEST_STEP][PASSED] - maximizeWindow(): Current window maximized

2023-10-02 18:17:10 - [MESSAGE][PASSED] - Current window maximized

2023-10-02 18:17:10 - [TEST_STEP][PASSED] - navigateToUrl(RADurl): Navigate to 'https://demo.velocitypayment.com/client/rad/index.html' successfully

2023-10-02 18:17:11 - [MESSAGE][PASSED] - Navigate to 'https://demo.velocitypayment.com/client/rad/index.html' successfully

2023-10-02 18:17:11 - [TEST_STEP][PASSED] - selectOptionByLabel(findTestObject(orPath_Landing + "/dd_TaxType"), PaymentType, false): All options with label 'New Tax Return Amount Due' are selected in object 'Object Repository/RAD_Pages/Landing_Page/dd_TaxType' 

2023-10-02 18:17:12 - [MESSAGE][PASSED] - All options with label 'New Tax Return Amount Due' are selected in object 'Object Repository/RAD_Pages/Landing_Page/dd_TaxType' 

2023-10-02 18:17:12 - [TEST_STEP][PASSED] - switch (PaymentType): null

2023-10-02 18:17:12 - [TEST_STEP][PASSED] - case "New Tax Return Amount Due":: null

2023-10-02 18:17:12 - [TEST_STEP][PASSED] - selectOptionByLabel(findTestObject("Object Repository/RAD_Pages/Landing_Page/select_NewTaxReturnAmountDue_TaxType"), TaxType, false): All options with label 'Personal Income Tax' are selected in object 'Object Repository/RAD_Pages/Landing_Page/select_NewTaxReturnAmountDue_TaxType' 

2023-10-02 18:17:13 - [MESSAGE][PASSED] - All options with label 'Personal Income Tax' are selected in object 'Object Repository/RAD_Pages/Landing_Page/select_NewTaxReturnAmountDue_TaxType' 

2023-10-02 18:17:13 - [TEST_STEP][PASSED] - break: null

2023-10-02 18:17:13 - [TEST_STEP][PASSED] - if (!(FilingYear.isEmpty())): All options with label '2022' are selected in object 'Object Repository/RAD_Pages/TaxTypeFilingYear_Page/select_FilingYear' 

2023-10-02 18:17:13 - [TEST_STEP][PASSED] - selectOptionByLabel(findTestObject(orPath_TaxTypeFilingYear + "/select_FilingYear"), FilingYear, false): All options with label '2022' are selected in object 'Object Repository/RAD_Pages/TaxTypeFilingYear_Page/select_FilingYear' 

2023-10-02 18:17:14 - [MESSAGE][PASSED] - All options with label '2022' are selected in object 'Object Repository/RAD_Pages/TaxTypeFilingYear_Page/select_FilingYear' 

2023-10-02 18:17:14 - [TEST_STEP][PASSED] - rad.getSetDataRAD.setDataRADssnAndName(): rad.getSetDataRAD.setDataRADssnAndName is PASSED

2023-10-02 18:17:15 - [MESSAGE][PASSED] - Text 'Jimmy' is set on object 'Object Repository/RAD_Pages/Taxpayer_Page/input_firstName'

2023-10-02 18:17:16 - [MESSAGE][PASSED] - Text 'btes' is set on object 'Object Repository/RAD_Pages/Taxpayer_Page/input_lastName'

2023-10-02 18:17:17 - [MESSAGE][PASSED] - Text '123456724' is set on object 'Object Repository/RAD_RecordAndPlay/input_concatSSN'

2023-10-02 18:17:18 - [MESSAGE][PASSED] - Text '123456724' is set on object 'Object Repository/RAD_RecordAndPlay/input_concatReSSN'

2023-10-02 18:17:18 - [MESSAGE][PASSED] - rad.getSetDataRAD.setDataRADssnAndName is PASSED

2023-10-02 18:17:18 - [TEST_STEP][PASSED] - rad.getSetDataRAD.setDataRADAddress(): rad.getSetDataRAD.setDataRADAddress is PASSED

2023-10-02 18:17:18 - [MESSAGE][PASSED] - All options with label 'United States' are selected in object 'Object Repository/RAD_Pages/AddressAndContactInfo_Page/select_Country' 

2023-10-02 18:17:19 - [MESSAGE][PASSED] - Text '2508 Mandan Terrace' is set on object 'Object Repository/RAD_Pages/AddressAndContactInfo_Page/input_streetAddress1'

2023-10-02 18:17:20 - [MESSAGE][PASSED] - Text '' is set on object 'Object Repository/RAD_Pages/AddressAndContactInfo_Page/input_streetAddress2'

2023-10-02 18:17:21 - [MESSAGE][PASSED] - Text 'Gambrills' is set on object 'Object Repository/RAD_Pages/AddressAndContactInfo_Page/input_city'

2023-10-02 18:17:22 - [MESSAGE][PASSED] - All options with label 'Maryland' are selected in object 'Object Repository/RAD_Pages/AddressAndContactInfo_Page/select_State' 

2023-10-02 18:17:23 - [MESSAGE][PASSED] - Text '21054' is set on object 'Object Repository/RAD_Pages/AddressAndContactInfo_Page/input_zipCode'

2023-10-02 18:17:24 - [MESSAGE][PASSED] - Text '(703) 894-5000' is set on object 'Object Repository/RAD_Pages/AddressAndContactInfo_Page/input_phoneNumber'

2023-10-02 18:17:25 - [MESSAGE][PASSED] - Text 'iahmed@govolution.com' is set on object 'Object Repository/RAD_Pages/AddressAndContactInfo_Page/input_eMailAddress'

2023-10-02 18:17:26 - [MESSAGE][PASSED] - Text 'iahmed@govolution.com' is set on object 'Object Repository/RAD_Pages/AddressAndContactInfo_Page/input_reEnterEMailAddress'

2023-10-02 18:17:26 - [MESSAGE][PASSED] - rad.getSetDataRAD.setDataRADAddress is PASSED

2023-10-02 18:17:26 - [TEST_STEP][PASSED] - setText(findTestObject(orPath_Amount + "/input__paymentAmount"), "100.00"): Text '100.00' is set on object 'Object Repository/RAD_Pages/PaymentAmount_Page/input__paymentAmount'

2023-10-02 18:17:27 - [MESSAGE][PASSED] - Text '100.00' is set on object 'Object Repository/RAD_Pages/PaymentAmount_Page/input__paymentAmount'

2023-10-02 18:17:27 - [TEST_STEP][PASSED] - setText(findTestObject(orPath_AddressContact + "/input_streetAddress2"), ""): Text '' is set on object 'Object Repository/RAD_Pages/AddressAndContactInfo_Page/input_streetAddress2'

2023-10-02 18:17:28 - [MESSAGE][PASSED] - Text '' is set on object 'Object Repository/RAD_Pages/AddressAndContactInfo_Page/input_streetAddress2'

2023-10-02 18:17:28 - [TEST_STEP][PASSED] - scrollToElement(findTestObject(orPath_Landing + "/button_Continue"), 3): Scroll to object 'Object Repository/RAD_Pages/Landing_Page/button_Continue' successfully

2023-10-02 18:17:28 - [MESSAGE][PASSED] - Scroll to object 'Object Repository/RAD_Pages/Landing_Page/button_Continue' successfully

2023-10-02 18:17:28 - [TEST_STEP][PASSED] - waitForElementClickable(findTestObject(orPath_Landing + "/button_Continue"), 5): Object 'Object Repository/RAD_Pages/Landing_Page/button_Continue' is clickable

2023-10-02 18:17:28 - [MESSAGE][PASSED] - Object 'Object Repository/RAD_Pages/Landing_Page/button_Continue' is clickable

2023-10-02 18:17:28 - [TEST_STEP][PASSED] - click(findTestObject(orPath_Landing + "/button_Continue")): Object: 'Object Repository/RAD_Pages/Landing_Page/button_Continue' is clicked on

2023-10-02 18:17:29 - [MESSAGE][PASSED] - Object: 'Object Repository/RAD_Pages/Landing_Page/button_Continue' is clicked on

2023-10-02 18:17:29 - [TEST_STEP][PASSED] - delay(2): Delayed 2 second(s)

2023-10-02 18:17:31 - [MESSAGE][PASSED] - Delayed 2 second(s)

2023-10-02 18:17:31 - [TEST_STEP][PASSED] - verifyTextPresent("Summary", true): Text 'Summary' is present on page  using regular expression

2023-10-02 18:17:31 - [MESSAGE][PASSED] - Text 'Summary' is present on page  using regular expression

2023-10-02 18:17:31 - [TEST_STEP][PASSED] - verifyTextPresent("Review the information below and make any necessary corrections by clicking the", true): Text 'Review the information below and make any necessary corrections by clicking the' is present on page  using regular expression

2023-10-02 18:17:32 - [MESSAGE][PASSED] - Text 'Review the information below and make any necessary corrections by clicking the' is present on page  using regular expression

2023-10-02 18:17:32 - [TEST_STEP][PASSED] - verifyTextPresent("When you are confident that all the information is correct, click the", true): Text 'When you are confident that all the information is correct, click the' is present on page  using regular expression

2023-10-02 18:17:32 - [MESSAGE][PASSED] - Text 'When you are confident that all the information is correct, click the' is present on page  using regular expression

2023-10-02 18:17:32 - [TEST_STEP][PASSED] - verifyTextPresent("Payment Type/Filing Year", true): Text 'Payment Type/Filing Year' is present on page  using regular expression

2023-10-02 18:17:32 - [MESSAGE][PASSED] - Text 'Payment Type/Filing Year' is present on page  using regular expression

2023-10-02 18:17:32 - [TEST_STEP][PASSED] - verifyTextPresent("Payment Type:", true): Text 'Payment Type:' is present on page  using regular expression

2023-10-02 18:17:33 - [MESSAGE][PASSED] - Text 'Payment Type:' is present on page  using regular expression

2023-10-02 18:17:33 - [TEST_STEP][PASSED] - verifyTextPresent(PaymentType, true): Text 'New Tax Return Amount Due' is present on page  using regular expression

2023-10-02 18:17:33 - [MESSAGE][PASSED] - Text 'New Tax Return Amount Due' is present on page  using regular expression

2023-10-02 18:17:33 - [TEST_STEP][PASSED] - verifyTextPresent("Filing Year:", true): Text 'Filing Year:' is present on page  using regular expression

2023-10-02 18:17:34 - [MESSAGE][PASSED] - Text 'Filing Year:' is present on page  using regular expression

2023-10-02 18:17:34 - [TEST_STEP][PASSED] - verifyTextPresent(FilingYear, true): Text '2022' is present on page  using regular expression

2023-10-02 18:17:34 - [MESSAGE][PASSED] - Text '2022' is present on page  using regular expression

2023-10-02 18:17:34 - [TEST_STEP][PASSED] - verifyTextPresent("Payer Information", true): Text 'Payer Information' is present on page  using regular expression

2023-10-02 18:17:34 - [MESSAGE][PASSED] - Text 'Payer Information' is present on page  using regular expression

2023-10-02 18:17:34 - [TEST_STEP][PASSED] - verifyTextPresent("Taxpayer Name:", true): Text 'Taxpayer Name:' is present on page  using regular expression

2023-10-02 18:17:35 - [MESSAGE][PASSED] - Text 'Taxpayer Name:' is present on page  using regular expression

2023-10-02 18:17:35 - [TEST_STEP][PASSED] - switch (executionProfile): null

2023-10-02 18:17:35 - [TEST_STEP][PASSED] - case "DemoProfile":: null

2023-10-02 18:17:35 - [TEST_STEP][PASSED] - verifyTextPresent("Jimmy btes", true): Text 'Jimmy btes' is present on page  using regular expression

2023-10-02 18:17:35 - [MESSAGE][PASSED] - Text 'Jimmy btes' is present on page  using regular expression

2023-10-02 18:17:35 - [TEST_STEP][PASSED] - break: null

2023-10-02 18:17:35 - [TEST_STEP][PASSED] - verifyTextPresent("Taxpayer SSN:", true): Text 'Taxpayer SSN:' is present on page  using regular expression

2023-10-02 18:17:35 - [MESSAGE][PASSED] - Text 'Taxpayer SSN:' is present on page  using regular expression

2023-10-02 18:17:35 - [TEST_STEP][PASSED] - verifyTextPresent("Taxpayer Address:", true): Text 'Taxpayer Address:' is present on page  using regular expression

2023-10-02 18:17:36 - [MESSAGE][PASSED] - Text 'Taxpayer Address:' is present on page  using regular expression

2023-10-02 18:17:36 - [TEST_STEP][PASSED] - verifyTextPresent("2508 Mandan Terrace Gambrills Maryland 21054", true): Text '2508 Mandan Terrace Gambrills Maryland 21054' is present on page  using regular expression

2023-10-02 18:17:36 - [MESSAGE][PASSED] - Text '2508 Mandan Terrace Gambrills Maryland 21054' is present on page  using regular expression

2023-10-02 18:17:36 - [TEST_STEP][PASSED] - verifyTextPresent("Email:", true): Text 'Email:' is present on page  using regular expression

2023-10-02 18:17:36 - [MESSAGE][PASSED] - Text 'Email:' is present on page  using regular expression

2023-10-02 18:17:36 - [TEST_STEP][PASSED] - verifyTextPresent("iahmed@govolution.com", true): Text 'iahmed@govolution.com' is present on page  using regular expression

2023-10-02 18:17:37 - [MESSAGE][PASSED] - Text 'iahmed@govolution.com' is present on page  using regular expression

2023-10-02 18:17:37 - [TEST_STEP][PASSED] - verifyTextPresent("Phone:", true): Text 'Phone:' is present on page  using regular expression

2023-10-02 18:17:37 - [MESSAGE][PASSED] - Text 'Phone:' is present on page  using regular expression

2023-10-02 18:17:37 - [TEST_STEP][PASSED] - verifyTextPresent("(703) 894-5000", false): Text '(703) 894-5000' is present on page 

2023-10-02 18:17:38 - [MESSAGE][PASSED] - Text '(703) 894-5000' is present on page 

2023-10-02 18:17:38 - [TEST_STEP][PASSED] - verifyTextPresent("Tax Information", true): Text 'Tax Information' is present on page  using regular expression

2023-10-02 18:17:38 - [MESSAGE][PASSED] - Text 'Tax Information' is present on page  using regular expression

2023-10-02 18:17:38 - [TEST_STEP][PASSED] - verifyTextPresent("Payment Amount:", true): Text 'Payment Amount:' is present on page  using regular expression

2023-10-02 18:17:38 - [MESSAGE][PASSED] - Text 'Payment Amount:' is present on page  using regular expression

2023-10-02 18:17:38 - [TEST_STEP][PASSED] - verifyTextPresent("100.00", true): Text '100.00' is present on page  using regular expression

2023-10-02 18:17:39 - [MESSAGE][PASSED] - Text '100.00' is present on page  using regular expression

2023-10-02 18:17:39 - [TEST_STEP][PASSED] - verifyTextNotPresent("Federal EIN:", true): Text 'Federal EIN:' is not present on page using regular expression

2023-10-02 18:17:39 - [MESSAGE][PASSED] - Text 'Federal EIN:' is not present on page using regular expression

2023-10-02 18:17:39 - [TEST_STEP][PASSED] - verifyTextNotPresent("FEIN/SSN:", true): Text 'FEIN/SSN:' is not present on page using regular expression

2023-10-02 18:17:39 - [MESSAGE][PASSED] - Text 'FEIN/SSN:' is not present on page using regular expression

2023-10-02 18:17:39 - [TEST_STEP][PASSED] - if (verifyElementVisible(findTestObject(orPath_Summary + "/button_Proceed to Payment"))): null

2023-10-02 18:17:40 - [MESSAGE][PASSED] - Object 'Object Repository/RAD_Pages/Summary_Page/button_Proceed to Payment' is visible

2023-10-02 18:17:40 - [TEST_STEP][PASSED] - resText = "Pass": null

2023-10-02 18:17:40 - [TEST_STEP][PASSED] - pages.WriteExcel.demoKey(resText, datText, resColumn, datCloumn, fileLoc, nameSheet, row): pages.WriteExcel.demoKey is PASSED

2023-10-02 18:17:40 - [MESSAGE][PASSED] - pages.WriteExcel.demoKey is PASSED

2023-10-02 18:17:40 - [TEST_STEP][PASSED] - click(findTestObject(orPath_Summary + "/button_Proceed to Payment")): Object: 'Object Repository/RAD_Pages/Summary_Page/button_Proceed to Payment' is clicked on

2023-10-02 18:17:41 - [MESSAGE][PASSED] - Object: 'Object Repository/RAD_Pages/Summary_Page/button_Proceed to Payment' is clicked on

2023-10-02 18:17:41 - [TEST_STEP][PASSED] - ExecuteTC = findTestData(dataFile).getValue("Execute", row): null

2023-10-02 18:17:41 - [TEST_STEP][PASSED] - TaxType = findTestData(dataFile).getValue("TaxType", row): null

2023-10-02 18:17:41 - [TEST_STEP][PASSED] - PaymentType = findTestData(dataFile).getValue("PaymentType", row): null

2023-10-02 18:17:41 - [TEST_STEP][PASSED] - FilingYear = findTestData(dataFile).getValue("Year", row): null

2023-10-02 18:17:41 - [TEST_STEP][PASSED] - if (ExecuteTC.equalsIgnoreCase("Y")): Object: 'Object Repository/RAD_Pages/Summary_Page/button_Proceed to Payment' is clicked on

2023-10-02 18:17:41 - [TEST_STEP][PASSED] - out.println("Begin Record Number: " + row): null

2023-10-02 18:17:41 - [TEST_STEP][PASSED] - today = new java.util.Date(): null

2023-10-02 18:17:41 - [TEST_STEP][PASSED] - println(today): null

2023-10-02 18:17:41 - [TEST_STEP][PASSED] - datText = today: null

2023-10-02 18:17:41 - [TEST_STEP][PASSED] - logInfo("Payment Type: " + PaymentType): Payment Type: New Tax Return Amount Due

2023-10-02 18:17:41 - [MESSAGE][INFO] - Payment Type: New Tax Return Amount Due

2023-10-02 18:17:41 - [TEST_STEP][PASSED] - logInfo("Tax Type: " + TaxType): Tax Type: Personal Income Tax

2023-10-02 18:17:41 - [MESSAGE][INFO] - Tax Type: Personal Income Tax

2023-10-02 18:17:41 - [TEST_STEP][PASSED] - openBrowser(""): Browser is opened with url: ''

2023-10-02 18:17:41 - [MESSAGE][WARNING] - A browser is already opened. Closing browser and opening a new one

2023-10-02 18:17:42 - [MESSAGE][INFO] - Starting 'Chrome' driver

2023-10-02 18:17:42 - [MESSAGE][INFO] - User set preference: ['acceptInsecureCerts', 'true']

2023-10-02 18:17:42 - [MESSAGE][INFO] - Action delay is set to 0 milliseconds

2023-10-02 18:17:43 - [MESSAGE][PASSED] - Browser is opened with url: ''

2023-10-02 18:17:43 - [TEST_STEP][PASSED] - maximizeWindow(): Current window maximized

2023-10-02 18:17:44 - [MESSAGE][PASSED] - Current window maximized

2023-10-02 18:17:44 - [TEST_STEP][PASSED] - navigateToUrl(RADurl): Navigate to 'https://demo.velocitypayment.com/client/rad/index.html' successfully

2023-10-02 18:17:45 - [MESSAGE][PASSED] - Navigate to 'https://demo.velocitypayment.com/client/rad/index.html' successfully

2023-10-02 18:17:45 - [TEST_STEP][PASSED] - selectOptionByLabel(findTestObject(orPath_Landing + "/dd_TaxType"), PaymentType, false): All options with label 'New Tax Return Amount Due' are selected in object 'Object Repository/RAD_Pages/Landing_Page/dd_TaxType' 

2023-10-02 18:17:46 - [MESSAGE][PASSED] - All options with label 'New Tax Return Amount Due' are selected in object 'Object Repository/RAD_Pages/Landing_Page/dd_TaxType' 

2023-10-02 18:17:46 - [TEST_STEP][PASSED] - switch (PaymentType): null

2023-10-02 18:17:46 - [TEST_STEP][PASSED] - case "New Tax Return Amount Due":: null

2023-10-02 18:17:46 - [TEST_STEP][PASSED] - selectOptionByLabel(findTestObject("Object Repository/RAD_Pages/Landing_Page/select_NewTaxReturnAmountDue_TaxType"), TaxType, false): All options with label 'Personal Income Tax' are selected in object 'Object Repository/RAD_Pages/Landing_Page/select_NewTaxReturnAmountDue_TaxType' 

2023-10-02 18:17:47 - [MESSAGE][PASSED] - All options with label 'Personal Income Tax' are selected in object 'Object Repository/RAD_Pages/Landing_Page/select_NewTaxReturnAmountDue_TaxType' 

2023-10-02 18:17:47 - [TEST_STEP][PASSED] - break: null

2023-10-02 18:17:47 - [TEST_STEP][PASSED] - if (!(FilingYear.isEmpty())): All options with label '2021' are selected in object 'Object Repository/RAD_Pages/TaxTypeFilingYear_Page/select_FilingYear' 

2023-10-02 18:17:47 - [TEST_STEP][PASSED] - selectOptionByLabel(findTestObject(orPath_TaxTypeFilingYear + "/select_FilingYear"), FilingYear, false): All options with label '2021' are selected in object 'Object Repository/RAD_Pages/TaxTypeFilingYear_Page/select_FilingYear' 

2023-10-02 18:17:47 - [MESSAGE][PASSED] - All options with label '2021' are selected in object 'Object Repository/RAD_Pages/TaxTypeFilingYear_Page/select_FilingYear' 

2023-10-02 18:17:47 - [TEST_STEP][PASSED] - rad.getSetDataRAD.setDataRADssnAndName(): rad.getSetDataRAD.setDataRADssnAndName is PASSED

2023-10-02 18:17:48 - [MESSAGE][PASSED] - Text 'Jimmy' is set on object 'Object Repository/RAD_Pages/Taxpayer_Page/input_firstName'

2023-10-02 18:17:50 - [MESSAGE][PASSED] - Text 'btes' is set on object 'Object Repository/RAD_Pages/Taxpayer_Page/input_lastName'

2023-10-02 18:17:51 - [MESSAGE][PASSED] - Text '123456724' is set on object 'Object Repository/RAD_RecordAndPlay/input_concatSSN'

2023-10-02 18:17:51 - [MESSAGE][PASSED] - Text '123456724' is set on object 'Object Repository/RAD_RecordAndPlay/input_concatReSSN'

2023-10-02 18:17:51 - [MESSAGE][PASSED] - rad.getSetDataRAD.setDataRADssnAndName is PASSED

2023-10-02 18:17:51 - [TEST_STEP][PASSED] - rad.getSetDataRAD.setDataRADAddress(): rad.getSetDataRAD.setDataRADAddress is PASSED

2023-10-02 18:17:52 - [MESSAGE][PASSED] - All options with label 'United States' are selected in object 'Object Repository/RAD_Pages/AddressAndContactInfo_Page/select_Country' 

2023-10-02 18:17:53 - [MESSAGE][PASSED] - Text '2508 Mandan Terrace' is set on object 'Object Repository/RAD_Pages/AddressAndContactInfo_Page/input_streetAddress1'

2023-10-02 18:17:54 - [MESSAGE][PASSED] - Text '' is set on object 'Object Repository/RAD_Pages/AddressAndContactInfo_Page/input_streetAddress2'

2023-10-02 18:17:55 - [MESSAGE][PASSED] - Text 'Gambrills' is set on object 'Object Repository/RAD_Pages/AddressAndContactInfo_Page/input_city'

2023-10-02 18:17:55 - [MESSAGE][PASSED] - All options with label 'Maryland' are selected in object 'Object Repository/RAD_Pages/AddressAndContactInfo_Page/select_State' 

2023-10-02 18:17:56 - [MESSAGE][PASSED] - Text '21054' is set on object 'Object Repository/RAD_Pages/AddressAndContactInfo_Page/input_zipCode'

2023-10-02 18:17:57 - [MESSAGE][PASSED] - Text '(703) 894-5000' is set on object 'Object Repository/RAD_Pages/AddressAndContactInfo_Page/input_phoneNumber'

2023-10-02 18:17:58 - [MESSAGE][PASSED] - Text 'iahmed@govolution.com' is set on object 'Object Repository/RAD_Pages/AddressAndContactInfo_Page/input_eMailAddress'

2023-10-02 18:17:59 - [MESSAGE][PASSED] - Text 'iahmed@govolution.com' is set on object 'Object Repository/RAD_Pages/AddressAndContactInfo_Page/input_reEnterEMailAddress'

2023-10-02 18:17:59 - [MESSAGE][PASSED] - rad.getSetDataRAD.setDataRADAddress is PASSED

2023-10-02 18:17:59 - [TEST_STEP][PASSED] - setText(findTestObject(orPath_Amount + "/input__paymentAmount"), "100.00"): Text '100.00' is set on object 'Object Repository/RAD_Pages/PaymentAmount_Page/input__paymentAmount'

2023-10-02 18:18:00 - [MESSAGE][PASSED] - Text '100.00' is set on object 'Object Repository/RAD_Pages/PaymentAmount_Page/input__paymentAmount'

2023-10-02 18:18:00 - [TEST_STEP][PASSED] - setText(findTestObject(orPath_AddressContact + "/input_streetAddress2"), ""): Text '' is set on object 'Object Repository/RAD_Pages/AddressAndContactInfo_Page/input_streetAddress2'

2023-10-02 18:18:01 - [MESSAGE][PASSED] - Text '' is set on object 'Object Repository/RAD_Pages/AddressAndContactInfo_Page/input_streetAddress2'

2023-10-02 18:18:01 - [TEST_STEP][PASSED] - scrollToElement(findTestObject(orPath_Landing + "/button_Continue"), 3): Scroll to object 'Object Repository/RAD_Pages/Landing_Page/button_Continue' successfully

2023-10-02 18:18:02 - [MESSAGE][PASSED] - Scroll to object 'Object Repository/RAD_Pages/Landing_Page/button_Continue' successfully

2023-10-02 18:18:02 - [TEST_STEP][PASSED] - waitForElementClickable(findTestObject(orPath_Landing + "/button_Continue"), 5): Object 'Object Repository/RAD_Pages/Landing_Page/button_Continue' is clickable

2023-10-02 18:18:02 - [MESSAGE][PASSED] - Object 'Object Repository/RAD_Pages/Landing_Page/button_Continue' is clickable

2023-10-02 18:18:02 - [TEST_STEP][PASSED] - click(findTestObject(orPath_Landing + "/button_Continue")): Object: 'Object Repository/RAD_Pages/Landing_Page/button_Continue' is clicked on

2023-10-02 18:18:02 - [MESSAGE][PASSED] - Object: 'Object Repository/RAD_Pages/Landing_Page/button_Continue' is clicked on

2023-10-02 18:18:02 - [TEST_STEP][PASSED] - delay(2): Delayed 2 second(s)

2023-10-02 18:18:04 - [MESSAGE][PASSED] - Delayed 2 second(s)

2023-10-02 18:18:04 - [TEST_STEP][PASSED] - verifyTextPresent("Summary", true): Text 'Summary' is present on page  using regular expression

2023-10-02 18:18:05 - [MESSAGE][PASSED] - Text 'Summary' is present on page  using regular expression

2023-10-02 18:18:05 - [TEST_STEP][PASSED] - verifyTextPresent("Review the information below and make any necessary corrections by clicking the", true): Text 'Review the information below and make any necessary corrections by clicking the' is present on page  using regular expression

2023-10-02 18:18:05 - [MESSAGE][PASSED] - Text 'Review the information below and make any necessary corrections by clicking the' is present on page  using regular expression

2023-10-02 18:18:05 - [TEST_STEP][PASSED] - verifyTextPresent("When you are confident that all the information is correct, click the", true): Text 'When you are confident that all the information is correct, click the' is present on page  using regular expression

2023-10-02 18:18:05 - [MESSAGE][PASSED] - Text 'When you are confident that all the information is correct, click the' is present on page  using regular expression

2023-10-02 18:18:05 - [TEST_STEP][PASSED] - verifyTextPresent("Payment Type/Filing Year", true): Text 'Payment Type/Filing Year' is present on page  using regular expression

2023-10-02 18:18:06 - [MESSAGE][PASSED] - Text 'Payment Type/Filing Year' is present on page  using regular expression

2023-10-02 18:18:06 - [TEST_STEP][PASSED] - verifyTextPresent("Payment Type:", true): Text 'Payment Type:' is present on page  using regular expression

2023-10-02 18:18:06 - [MESSAGE][PASSED] - Text 'Payment Type:' is present on page  using regular expression

2023-10-02 18:18:06 - [TEST_STEP][PASSED] - verifyTextPresent(PaymentType, true): Text 'New Tax Return Amount Due' is present on page  using regular expression

2023-10-02 18:18:07 - [MESSAGE][PASSED] - Text 'New Tax Return Amount Due' is present on page  using regular expression

2023-10-02 18:18:07 - [TEST_STEP][PASSED] - verifyTextPresent("Filing Year:", true): Text 'Filing Year:' is present on page  using regular expression

2023-10-02 18:18:07 - [MESSAGE][PASSED] - Text 'Filing Year:' is present on page  using regular expression

2023-10-02 18:18:07 - [TEST_STEP][PASSED] - verifyTextPresent(FilingYear, true): Text '2021' is present on page  using regular expression

2023-10-02 18:18:07 - [MESSAGE][PASSED] - Text '2021' is present on page  using regular expression

2023-10-02 18:18:07 - [TEST_STEP][PASSED] - verifyTextPresent("Payer Information", true): Text 'Payer Information' is present on page  using regular expression

2023-10-02 18:18:08 - [MESSAGE][PASSED] - Text 'Payer Information' is present on page  using regular expression

2023-10-02 18:18:08 - [TEST_STEP][PASSED] - verifyTextPresent("Taxpayer Name:", true): Text 'Taxpayer Name:' is present on page  using regular expression

2023-10-02 18:18:08 - [MESSAGE][PASSED] - Text 'Taxpayer Name:' is present on page  using regular expression

2023-10-02 18:18:08 - [TEST_STEP][PASSED] - switch (executionProfile): null

2023-10-02 18:18:08 - [TEST_STEP][PASSED] - case "DemoProfile":: null

2023-10-02 18:18:08 - [TEST_STEP][PASSED] - verifyTextPresent("Jimmy btes", true): Text 'Jimmy btes' is present on page  using regular expression

2023-10-02 18:18:09 - [MESSAGE][PASSED] - Text 'Jimmy btes' is present on page  using regular expression

2023-10-02 18:18:09 - [TEST_STEP][PASSED] - break: null

2023-10-02 18:18:09 - [TEST_STEP][PASSED] - verifyTextPresent("Taxpayer SSN:", true): Text 'Taxpayer SSN:' is present on page  using regular expression

2023-10-02 18:18:09 - [MESSAGE][PASSED] - Text 'Taxpayer SSN:' is present on page  using regular expression

2023-10-02 18:18:09 - [TEST_STEP][PASSED] - verifyTextPresent("Taxpayer Address:", true): Text 'Taxpayer Address:' is present on page  using regular expression

2023-10-02 18:18:09 - [MESSAGE][PASSED] - Text 'Taxpayer Address:' is present on page  using regular expression

2023-10-02 18:18:09 - [TEST_STEP][PASSED] - verifyTextPresent("2508 Mandan Terrace Gambrills Maryland 21054", true): Text '2508 Mandan Terrace Gambrills Maryland 21054' is present on page  using regular expression

2023-10-02 18:18:10 - [MESSAGE][PASSED] - Text '2508 Mandan Terrace Gambrills Maryland 21054' is present on page  using regular expression

2023-10-02 18:18:10 - [TEST_STEP][PASSED] - verifyTextPresent("Email:", true): Text 'Email:' is present on page  using regular expression

2023-10-02 18:18:10 - [MESSAGE][PASSED] - Text 'Email:' is present on page  using regular expression

2023-10-02 18:18:10 - [TEST_STEP][PASSED] - verifyTextPresent("iahmed@govolution.com", true): Text 'iahmed@govolution.com' is present on page  using regular expression

2023-10-02 18:18:10 - [MESSAGE][PASSED] - Text 'iahmed@govolution.com' is present on page  using regular expression

2023-10-02 18:18:10 - [TEST_STEP][PASSED] - verifyTextPresent("Phone:", true): Text 'Phone:' is present on page  using regular expression

2023-10-02 18:18:11 - [MESSAGE][PASSED] - Text 'Phone:' is present on page  using regular expression

2023-10-02 18:18:11 - [TEST_STEP][PASSED] - verifyTextPresent("(703) 894-5000", false): Text '(703) 894-5000' is present on page 

2023-10-02 18:18:11 - [MESSAGE][PASSED] - Text '(703) 894-5000' is present on page 

2023-10-02 18:18:11 - [TEST_STEP][PASSED] - verifyTextPresent("Tax Information", true): Text 'Tax Information' is present on page  using regular expression

2023-10-02 18:18:12 - [MESSAGE][PASSED] - Text 'Tax Information' is present on page  using regular expression

2023-10-02 18:18:12 - [TEST_STEP][PASSED] - verifyTextPresent("Payment Amount:", true): Text 'Payment Amount:' is present on page  using regular expression

2023-10-02 18:18:12 - [MESSAGE][PASSED] - Text 'Payment Amount:' is present on page  using regular expression

2023-10-02 18:18:12 - [TEST_STEP][PASSED] - verifyTextPresent("100.00", true): Text '100.00' is present on page  using regular expression

2023-10-02 18:18:12 - [MESSAGE][PASSED] - Text '100.00' is present on page  using regular expression

2023-10-02 18:18:12 - [TEST_STEP][PASSED] - verifyTextNotPresent("Federal EIN:", true): Text 'Federal EIN:' is not present on page using regular expression

2023-10-02 18:18:13 - [MESSAGE][PASSED] - Text 'Federal EIN:' is not present on page using regular expression

2023-10-02 18:18:13 - [TEST_STEP][PASSED] - verifyTextNotPresent("FEIN/SSN:", true): Text 'FEIN/SSN:' is not present on page using regular expression

2023-10-02 18:18:13 - [MESSAGE][PASSED] - Text 'FEIN/SSN:' is not present on page using regular expression

2023-10-02 18:18:13 - [TEST_STEP][PASSED] - if (verifyElementVisible(findTestObject(orPath_Summary + "/button_Proceed to Payment"))): null

2023-10-02 18:18:13 - [MESSAGE][PASSED] - Object 'Object Repository/RAD_Pages/Summary_Page/button_Proceed to Payment' is visible

2023-10-02 18:18:13 - [TEST_STEP][PASSED] - resText = "Pass": null

2023-10-02 18:18:13 - [TEST_STEP][PASSED] - pages.WriteExcel.demoKey(resText, datText, resColumn, datCloumn, fileLoc, nameSheet, row): pages.WriteExcel.demoKey is PASSED

2023-10-02 18:18:13 - [MESSAGE][PASSED] - pages.WriteExcel.demoKey is PASSED

2023-10-02 18:18:13 - [TEST_STEP][PASSED] - click(findTestObject(orPath_Summary + "/button_Proceed to Payment")): Object: 'Object Repository/RAD_Pages/Summary_Page/button_Proceed to Payment' is clicked on

2023-10-02 18:18:15 - [MESSAGE][PASSED] - Object: 'Object Repository/RAD_Pages/Summary_Page/button_Proceed to Payment' is clicked on

2023-10-02 18:18:15 - [TEST_STEP][PASSED] - ExecuteTC = findTestData(dataFile).getValue("Execute", row): null

2023-10-02 18:18:15 - [TEST_STEP][PASSED] - TaxType = findTestData(dataFile).getValue("TaxType", row): null

2023-10-02 18:18:15 - [TEST_STEP][PASSED] - PaymentType = findTestData(dataFile).getValue("PaymentType", row): null

2023-10-02 18:18:15 - [TEST_STEP][PASSED] - FilingYear = findTestData(dataFile).getValue("Year", row): null

2023-10-02 18:18:15 - [TEST_STEP][PASSED] - if (ExecuteTC.equalsIgnoreCase("Y")): Object: 'Object Repository/RAD_Pages/Summary_Page/button_Proceed to Payment' is clicked on

2023-10-02 18:18:15 - [TEST_STEP][PASSED] - out.println("Begin Record Number: " + row): null

2023-10-02 18:18:15 - [TEST_STEP][PASSED] - today = new java.util.Date(): null

2023-10-02 18:18:15 - [TEST_STEP][PASSED] - println(today): null

2023-10-02 18:18:15 - [TEST_STEP][PASSED] - datText = today: null

2023-10-02 18:18:15 - [TEST_STEP][PASSED] - logInfo("Payment Type: " + PaymentType): Payment Type: New Tax Return Amount Due

2023-10-02 18:18:15 - [MESSAGE][INFO] - Payment Type: New Tax Return Amount Due

2023-10-02 18:18:15 - [TEST_STEP][PASSED] - logInfo("Tax Type: " + TaxType): Tax Type: Personal Income Tax

2023-10-02 18:18:15 - [MESSAGE][INFO] - Tax Type: Personal Income Tax

2023-10-02 18:18:15 - [TEST_STEP][PASSED] - openBrowser(""): Browser is opened with url: ''

2023-10-02 18:18:15 - [MESSAGE][WARNING] - A browser is already opened. Closing browser and opening a new one

2023-10-02 18:18:16 - [MESSAGE][INFO] - Starting 'Chrome' driver

2023-10-02 18:18:16 - [MESSAGE][INFO] - User set preference: ['acceptInsecureCerts', 'true']

2023-10-02 18:18:16 - [MESSAGE][INFO] - Action delay is set to 0 milliseconds

2023-10-02 18:18:17 - [MESSAGE][PASSED] - Browser is opened with url: ''

2023-10-02 18:18:17 - [TEST_STEP][PASSED] - maximizeWindow(): Current window maximized

2023-10-02 18:18:17 - [MESSAGE][PASSED] - Current window maximized

2023-10-02 18:18:17 - [TEST_STEP][PASSED] - navigateToUrl(RADurl): Navigate to 'https://demo.velocitypayment.com/client/rad/index.html' successfully

2023-10-02 18:18:19 - [MESSAGE][PASSED] - Navigate to 'https://demo.velocitypayment.com/client/rad/index.html' successfully

2023-10-02 18:18:19 - [TEST_STEP][PASSED] - selectOptionByLabel(findTestObject(orPath_Landing + "/dd_TaxType"), PaymentType, false): All options with label 'New Tax Return Amount Due' are selected in object 'Object Repository/RAD_Pages/Landing_Page/dd_TaxType' 

2023-10-02 18:18:20 - [MESSAGE][PASSED] - All options with label 'New Tax Return Amount Due' are selected in object 'Object Repository/RAD_Pages/Landing_Page/dd_TaxType' 

2023-10-02 18:18:20 - [TEST_STEP][PASSED] - switch (PaymentType): null

2023-10-02 18:18:20 - [TEST_STEP][PASSED] - case "New Tax Return Amount Due":: null

2023-10-02 18:18:20 - [TEST_STEP][PASSED] - selectOptionByLabel(findTestObject("Object Repository/RAD_Pages/Landing_Page/select_NewTaxReturnAmountDue_TaxType"), TaxType, false): All options with label 'Personal Income Tax' are selected in object 'Object Repository/RAD_Pages/Landing_Page/select_NewTaxReturnAmountDue_TaxType' 

2023-10-02 18:18:20 - [MESSAGE][PASSED] - All options with label 'Personal Income Tax' are selected in object 'Object Repository/RAD_Pages/Landing_Page/select_NewTaxReturnAmountDue_TaxType' 

2023-10-02 18:18:20 - [TEST_STEP][PASSED] - break: null

2023-10-02 18:18:20 - [TEST_STEP][PASSED] - if (!(FilingYear.isEmpty())): All options with label '2020' are selected in object 'Object Repository/RAD_Pages/TaxTypeFilingYear_Page/select_FilingYear' 

2023-10-02 18:18:20 - [TEST_STEP][PASSED] - selectOptionByLabel(findTestObject(orPath_TaxTypeFilingYear + "/select_FilingYear"), FilingYear, false): All options with label '2020' are selected in object 'Object Repository/RAD_Pages/TaxTypeFilingYear_Page/select_FilingYear' 

2023-10-02 18:18:21 - [MESSAGE][PASSED] - All options with label '2020' are selected in object 'Object Repository/RAD_Pages/TaxTypeFilingYear_Page/select_FilingYear' 

2023-10-02 18:18:21 - [TEST_STEP][PASSED] - rad.getSetDataRAD.setDataRADssnAndName(): rad.getSetDataRAD.setDataRADssnAndName is PASSED

2023-10-02 18:18:22 - [MESSAGE][PASSED] - Text 'Jimmy' is set on object 'Object Repository/RAD_Pages/Taxpayer_Page/input_firstName'

2023-10-02 18:18:24 - [MESSAGE][PASSED] - Text 'btes' is set on object 'Object Repository/RAD_Pages/Taxpayer_Page/input_lastName'

2023-10-02 18:18:24 - [MESSAGE][PASSED] - Text '123456724' is set on object 'Object Repository/RAD_RecordAndPlay/input_concatSSN'

2023-10-02 18:18:25 - [MESSAGE][PASSED] - Text '123456724' is set on object 'Object Repository/RAD_RecordAndPlay/input_concatReSSN'

2023-10-02 18:18:25 - [MESSAGE][PASSED] - rad.getSetDataRAD.setDataRADssnAndName is PASSED

2023-10-02 18:18:25 - [TEST_STEP][PASSED] - rad.getSetDataRAD.setDataRADAddress(): rad.getSetDataRAD.setDataRADAddress is PASSED

2023-10-02 18:18:26 - [MESSAGE][PASSED] - All options with label 'United States' are selected in object 'Object Repository/RAD_Pages/AddressAndContactInfo_Page/select_Country' 

2023-10-02 18:18:27 - [MESSAGE][PASSED] - Text '2508 Mandan Terrace' is set on object 'Object Repository/RAD_Pages/AddressAndContactInfo_Page/input_streetAddress1'

2023-10-02 18:18:28 - [MESSAGE][PASSED] - Text '' is set on object 'Object Repository/RAD_Pages/AddressAndContactInfo_Page/input_streetAddress2'

2023-10-02 18:18:28 - [MESSAGE][PASSED] - Text 'Gambrills' is set on object 'Object Repository/RAD_Pages/AddressAndContactInfo_Page/input_city'

2023-10-02 18:18:29 - [MESSAGE][PASSED] - All options with label 'Maryland' are selected in object 'Object Repository/RAD_Pages/AddressAndContactInfo_Page/select_State' 

2023-10-02 18:18:30 - [MESSAGE][PASSED] - Text '21054' is set on object 'Object Repository/RAD_Pages/AddressAndContactInfo_Page/input_zipCode'

2023-10-02 18:18:31 - [MESSAGE][PASSED] - Text '(703) 894-5000' is set on object 'Object Repository/RAD_Pages/AddressAndContactInfo_Page/input_phoneNumber'

2023-10-02 18:18:32 - [MESSAGE][PASSED] - Text 'iahmed@govolution.com' is set on object 'Object Repository/RAD_Pages/AddressAndContactInfo_Page/input_eMailAddress'

2023-10-02 18:18:33 - [MESSAGE][PASSED] - Text 'iahmed@govolution.com' is set on object 'Object Repository/RAD_Pages/AddressAndContactInfo_Page/input_reEnterEMailAddress'

2023-10-02 18:18:33 - [MESSAGE][PASSED] - rad.getSetDataRAD.setDataRADAddress is PASSED

2023-10-02 18:18:33 - [TEST_STEP][PASSED] - setText(findTestObject(orPath_Amount + "/input__paymentAmount"), "100.00"): Text '100.00' is set on object 'Object Repository/RAD_Pages/PaymentAmount_Page/input__paymentAmount'

2023-10-02 18:18:34 - [MESSAGE][PASSED] - Text '100.00' is set on object 'Object Repository/RAD_Pages/PaymentAmount_Page/input__paymentAmount'

2023-10-02 18:18:34 - [TEST_STEP][PASSED] - setText(findTestObject(orPath_AddressContact + "/input_streetAddress2"), ""): Text '' is set on object 'Object Repository/RAD_Pages/AddressAndContactInfo_Page/input_streetAddress2'

2023-10-02 18:18:35 - [MESSAGE][PASSED] - Text '' is set on object 'Object Repository/RAD_Pages/AddressAndContactInfo_Page/input_streetAddress2'

2023-10-02 18:18:35 - [TEST_STEP][PASSED] - scrollToElement(findTestObject(orPath_Landing + "/button_Continue"), 3): Scroll to object 'Object Repository/RAD_Pages/Landing_Page/button_Continue' successfully

2023-10-02 18:18:35 - [MESSAGE][PASSED] - Scroll to object 'Object Repository/RAD_Pages/Landing_Page/button_Continue' successfully

2023-10-02 18:18:35 - [TEST_STEP][PASSED] - waitForElementClickable(findTestObject(orPath_Landing + "/button_Continue"), 5): Object 'Object Repository/RAD_Pages/Landing_Page/button_Continue' is clickable

2023-10-02 18:18:36 - [MESSAGE][PASSED] - Object 'Object Repository/RAD_Pages/Landing_Page/button_Continue' is clickable

2023-10-02 18:18:36 - [TEST_STEP][PASSED] - click(findTestObject(orPath_Landing + "/button_Continue")): Object: 'Object Repository/RAD_Pages/Landing_Page/button_Continue' is clicked on

2023-10-02 18:18:36 - [MESSAGE][PASSED] - Object: 'Object Repository/RAD_Pages/Landing_Page/button_Continue' is clicked on

2023-10-02 18:18:36 - [TEST_STEP][PASSED] - delay(2): Delayed 2 second(s)

2023-10-02 18:18:38 - [MESSAGE][PASSED] - Delayed 2 second(s)

2023-10-02 18:18:38 - [TEST_STEP][PASSED] - verifyTextPresent("Summary", true): Text 'Summary' is present on page  using regular expression

2023-10-02 18:18:39 - [MESSAGE][PASSED] - Text 'Summary' is present on page  using regular expression

2023-10-02 18:18:39 - [TEST_STEP][PASSED] - verifyTextPresent("Review the information below and make any necessary corrections by clicking the", true): Text 'Review the information below and make any necessary corrections by clicking the' is present on page  using regular expression

2023-10-02 18:18:39 - [MESSAGE][PASSED] - Text 'Review the information below and make any necessary corrections by clicking the' is present on page  using regular expression

2023-10-02 18:18:39 - [TEST_STEP][PASSED] - verifyTextPresent("When you are confident that all the information is correct, click the", true): Text 'When you are confident that all the information is correct, click the' is present on page  using regular expression

2023-10-02 18:18:39 - [MESSAGE][PASSED] - Text 'When you are confident that all the information is correct, click the' is present on page  using regular expression

2023-10-02 18:18:39 - [TEST_STEP][PASSED] - verifyTextPresent("Payment Type/Filing Year", true): Text 'Payment Type/Filing Year' is present on page  using regular expression

2023-10-02 18:18:40 - [MESSAGE][PASSED] - Text 'Payment Type/Filing Year' is present on page  using regular expression

2023-10-02 18:18:40 - [TEST_STEP][PASSED] - verifyTextPresent("Payment Type:", true): Text 'Payment Type:' is present on page  using regular expression

2023-10-02 18:18:40 - [MESSAGE][PASSED] - Text 'Payment Type:' is present on page  using regular expression

2023-10-02 18:18:40 - [TEST_STEP][PASSED] - verifyTextPresent(PaymentType, true): Text 'New Tax Return Amount Due' is present on page  using regular expression

2023-10-02 18:18:40 - [MESSAGE][PASSED] - Text 'New Tax Return Amount Due' is present on page  using regular expression

2023-10-02 18:18:40 - [TEST_STEP][PASSED] - verifyTextPresent("Filing Year:", true): Text 'Filing Year:' is present on page  using regular expression

2023-10-02 18:18:41 - [MESSAGE][PASSED] - Text 'Filing Year:' is present on page  using regular expression

2023-10-02 18:18:41 - [TEST_STEP][PASSED] - verifyTextPresent(FilingYear, true): Text '2020' is present on page  using regular expression

2023-10-02 18:18:41 - [MESSAGE][PASSED] - Text '2020' is present on page  using regular expression

2023-10-02 18:18:41 - [TEST_STEP][PASSED] - verifyTextPresent("Payer Information", true): Text 'Payer Information' is present on page  using regular expression

2023-10-02 18:18:42 - [MESSAGE][PASSED] - Text 'Payer Information' is present on page  using regular expression

2023-10-02 18:18:42 - [TEST_STEP][PASSED] - verifyTextPresent("Taxpayer Name:", true): Text 'Taxpayer Name:' is present on page  using regular expression

2023-10-02 18:18:42 - [MESSAGE][PASSED] - Text 'Taxpayer Name:' is present on page  using regular expression

2023-10-02 18:18:42 - [TEST_STEP][PASSED] - switch (executionProfile): null

2023-10-02 18:18:42 - [TEST_STEP][PASSED] - case "DemoProfile":: null

2023-10-02 18:18:42 - [TEST_STEP][PASSED] - verifyTextPresent("Jimmy btes", true): Text 'Jimmy btes' is present on page  using regular expression

2023-10-02 18:18:42 - [MESSAGE][PASSED] - Text 'Jimmy btes' is present on page  using regular expression

2023-10-02 18:18:42 - [TEST_STEP][PASSED] - break: null

2023-10-02 18:18:42 - [TEST_STEP][PASSED] - verifyTextPresent("Taxpayer SSN:", true): Text 'Taxpayer SSN:' is present on page  using regular expression

2023-10-02 18:18:43 - [MESSAGE][PASSED] - Text 'Taxpayer SSN:' is present on page  using regular expression

2023-10-02 18:18:43 - [TEST_STEP][PASSED] - verifyTextPresent("Taxpayer Address:", true): Text 'Taxpayer Address:' is present on page  using regular expression

2023-10-02 18:18:43 - [MESSAGE][PASSED] - Text 'Taxpayer Address:' is present on page  using regular expression

2023-10-02 18:18:43 - [TEST_STEP][PASSED] - verifyTextPresent("2508 Mandan Terrace Gambrills Maryland 21054", true): Text '2508 Mandan Terrace Gambrills Maryland 21054' is present on page  using regular expression

2023-10-02 18:18:43 - [MESSAGE][PASSED] - Text '2508 Mandan Terrace Gambrills Maryland 21054' is present on page  using regular expression

2023-10-02 18:18:43 - [TEST_STEP][PASSED] - verifyTextPresent("Email:", true): Text 'Email:' is present on page  using regular expression

2023-10-02 18:18:44 - [MESSAGE][PASSED] - Text 'Email:' is present on page  using regular expression

2023-10-02 18:18:44 - [TEST_STEP][PASSED] - verifyTextPresent("iahmed@govolution.com", true): Text 'iahmed@govolution.com' is present on page  using regular expression

2023-10-02 18:18:44 - [MESSAGE][PASSED] - Text 'iahmed@govolution.com' is present on page  using regular expression

2023-10-02 18:18:44 - [TEST_STEP][PASSED] - verifyTextPresent("Phone:", true): Text 'Phone:' is present on page  using regular expression

2023-10-02 18:18:45 - [MESSAGE][PASSED] - Text 'Phone:' is present on page  using regular expression

2023-10-02 18:18:45 - [TEST_STEP][PASSED] - verifyTextPresent("(703) 894-5000", false): Text '(703) 894-5000' is present on page 

2023-10-02 18:18:45 - [MESSAGE][PASSED] - Text '(703) 894-5000' is present on page 

2023-10-02 18:18:45 - [TEST_STEP][PASSED] - verifyTextPresent("Tax Information", true): Text 'Tax Information' is present on page  using regular expression

2023-10-02 18:18:45 - [MESSAGE][PASSED] - Text 'Tax Information' is present on page  using regular expression

2023-10-02 18:18:45 - [TEST_STEP][PASSED] - verifyTextPresent("Payment Amount:", true): Text 'Payment Amount:' is present on page  using regular expression

2023-10-02 18:18:46 - [MESSAGE][PASSED] - Text 'Payment Amount:' is present on page  using regular expression

2023-10-02 18:18:46 - [TEST_STEP][PASSED] - verifyTextPresent("100.00", true): Text '100.00' is present on page  using regular expression

2023-10-02 18:18:46 - [MESSAGE][PASSED] - Text '100.00' is present on page  using regular expression

2023-10-02 18:18:46 - [TEST_STEP][PASSED] - verifyTextNotPresent("Federal EIN:", true): Text 'Federal EIN:' is not present on page using regular expression

2023-10-02 18:18:47 - [MESSAGE][PASSED] - Text 'Federal EIN:' is not present on page using regular expression

2023-10-02 18:18:47 - [TEST_STEP][PASSED] - verifyTextNotPresent("FEIN/SSN:", true): Text 'FEIN/SSN:' is not present on page using regular expression

2023-10-02 18:18:47 - [MESSAGE][PASSED] - Text 'FEIN/SSN:' is not present on page using regular expression

2023-10-02 18:18:47 - [TEST_STEP][PASSED] - if (verifyElementVisible(findTestObject(orPath_Summary + "/button_Proceed to Payment"))): null

2023-10-02 18:18:47 - [MESSAGE][PASSED] - Object 'Object Repository/RAD_Pages/Summary_Page/button_Proceed to Payment' is visible

2023-10-02 18:18:47 - [TEST_STEP][PASSED] - resText = "Pass": null

2023-10-02 18:18:47 - [TEST_STEP][PASSED] - pages.WriteExcel.demoKey(resText, datText, resColumn, datCloumn, fileLoc, nameSheet, row): pages.WriteExcel.demoKey is PASSED

2023-10-02 18:18:47 - [MESSAGE][PASSED] - pages.WriteExcel.demoKey is PASSED

2023-10-02 18:18:47 - [TEST_STEP][PASSED] - click(findTestObject(orPath_Summary + "/button_Proceed to Payment")): Object: 'Object Repository/RAD_Pages/Summary_Page/button_Proceed to Payment' is clicked on

2023-10-02 18:18:49 - [MESSAGE][PASSED] - Object: 'Object Repository/RAD_Pages/Summary_Page/button_Proceed to Payment' is clicked on]]></system-out>
         <system-err><![CDATA[]]></system-err>
      </testcase>
      <testcase name="Test Cases/RAD_TestCases/Summary_TestCases/Personal_Joint_Summary_TC" time="206.948" classname="Test Cases/RAD_TestCases/Summary_TestCases/Personal_Joint_Summary_TC" status="PASSED">
         <system-out><![CDATA[2023-10-02 18:18:49 - [TEST_CASE][PASSED] - Test Cases/RAD_TestCases/Summary_TestCases/Personal_Joint_Summary_TC: Test Cases/RAD_TestCases/Summary_TestCases/Personal_Joint_Summary_TC

2023-10-02 18:18:50 - [TEST_STEP][PASSED] - resText = "Fail": null

2023-10-02 18:18:50 - [TEST_STEP][PASSED] - resColumn = "Result": null

2023-10-02 18:18:50 - [TEST_STEP][PASSED] - datCloumn = "Date": null

2023-10-02 18:18:50 - [TEST_STEP][PASSED] - fileLoc = "KatalonData/RADTestData/Summary.xlsx": null

2023-10-02 18:18:50 - [TEST_STEP][PASSED] - nameSheet = "Personal_JNT": null

2023-10-02 18:18:50 - [TEST_STEP][PASSED] - dataFile = "RADTestData/Summary_Personal_JNT": null

2023-10-02 18:18:50 - [TEST_STEP][PASSED] - orPath_Landing = "Object Repository/RAD_Pages/Landing_Page": null

2023-10-02 18:18:50 - [TEST_STEP][PASSED] - orPath_TaxTypeFilingYear = "Object Repository/RAD_Pages/TaxTypeFilingYear_Page": null

2023-10-02 18:18:50 - [TEST_STEP][PASSED] - orPath_Amount = "Object Repository/RAD_Pages/PaymentAmount_Page": null

2023-10-02 18:18:50 - [TEST_STEP][PASSED] - orPath_AddressContact = "Object Repository/RAD_Pages/AddressAndContactInfo_Page": null

2023-10-02 18:18:50 - [TEST_STEP][PASSED] - orPath_Summary = "Object Repository/RAD_Pages/Summary_Page": null

2023-10-02 18:18:50 - [TEST_STEP][PASSED] - orPath_PaymentConfirmation = "Object Repository/RAD_Pages/PaymentConfirmation_Page": null

2023-10-02 18:18:50 - [TEST_STEP][PASSED] - orPath_ServiceFeesAccept = "Object Repository/RAD_Pages/ServiceFeeAccept_Page": null

2023-10-02 18:18:50 - [TEST_STEP][PASSED] - orPath_PaymentEntry = "Object Repository/RAD_Pages/PaymentEntry_Page": null

2023-10-02 18:18:50 - [TEST_STEP][PASSED] - orPath_FilingStatus = "Object Repository/RAD_Pages/FilingStatus_Page": null

2023-10-02 18:18:50 - [TEST_STEP][PASSED] - ExecuteTC = <not implemented yet for class: org.codehaus.groovy.ast.expr.EmptyExpression>: null

2023-10-02 18:18:50 - [TEST_STEP][PASSED] - TaxType = <not implemented yet for class: org.codehaus.groovy.ast.expr.EmptyExpression>: null

2023-10-02 18:18:50 - [TEST_STEP][PASSED] - PaymentType = <not implemented yet for class: org.codehaus.groovy.ast.expr.EmptyExpression>: null

2023-10-02 18:18:50 - [TEST_STEP][PASSED] - FilingYear = <not implemented yet for class: org.codehaus.groovy.ast.expr.EmptyExpression>: null

2023-10-02 18:18:50 - [TEST_STEP][PASSED] - PeriodEndingMonth = <not implemented yet for class: org.codehaus.groovy.ast.expr.EmptyExpression>: null

2023-10-02 18:18:50 - [TEST_STEP][PASSED] - executionProfile = getExecutionProfile(): null

2023-10-02 18:18:50 - [TEST_STEP][PASSED] - numOfRows = findTestData(dataFile).getRowNumbers(): null

2023-10-02 18:18:50 - [TEST_STEP][PASSED] - println("Number of Records: " + numOfRows): null

2023-10-02 18:18:50 - [TEST_STEP][PASSED] - for ([row = 1, row <= numOfRows, (row++)]): Object: 'Object Repository/RAD_Pages/Summary_Page/button_Proceed to Payment' is clicked on

2023-10-02 18:18:50 - [TEST_STEP][PASSED] - ExecuteTC = findTestData(dataFile).getValue("Execute", row): null

2023-10-02 18:18:50 - [TEST_STEP][PASSED] - TaxType = findTestData(dataFile).getValue("TaxType", row): null

2023-10-02 18:18:50 - [TEST_STEP][PASSED] - PaymentType = findTestData(dataFile).getValue("PaymentType", row): null

2023-10-02 18:18:50 - [TEST_STEP][PASSED] - FilingYear = findTestData(dataFile).getValue("Year", row): null

2023-10-02 18:18:50 - [TEST_STEP][PASSED] - if (ExecuteTC.equalsIgnoreCase("Y")): Object: 'Object Repository/RAD_Pages/Summary_Page/button_Proceed to Payment' is clicked on

2023-10-02 18:18:50 - [TEST_STEP][PASSED] - out.println("Begin Record Number: " + row): null

2023-10-02 18:18:50 - [TEST_STEP][PASSED] - today = new java.util.Date(): null

2023-10-02 18:18:50 - [TEST_STEP][PASSED] - println(today): null

2023-10-02 18:18:50 - [TEST_STEP][PASSED] - datText = today: null

2023-10-02 18:18:50 - [TEST_STEP][PASSED] - logInfo("Payment Type: " + PaymentType): Payment Type: Quarterly Estimated Tax

2023-10-02 18:18:50 - [MESSAGE][INFO] - Payment Type: Quarterly Estimated Tax

2023-10-02 18:18:50 - [TEST_STEP][PASSED] - logInfo("Tax Type: " + TaxType): Tax Type: Personal Income Tax

2023-10-02 18:18:50 - [MESSAGE][INFO] - Tax Type: Personal Income Tax

2023-10-02 18:18:50 - [TEST_STEP][PASSED] - openBrowser(""): Browser is opened with url: ''

2023-10-02 18:18:50 - [MESSAGE][WARNING] - A browser is already opened. Closing browser and opening a new one

2023-10-02 18:18:51 - [MESSAGE][INFO] - Starting 'Chrome' driver

2023-10-02 18:18:51 - [MESSAGE][INFO] - User set preference: ['acceptInsecureCerts', 'true']

2023-10-02 18:18:51 - [MESSAGE][INFO] - Action delay is set to 0 milliseconds

2023-10-02 18:18:52 - [MESSAGE][PASSED] - Browser is opened with url: ''

2023-10-02 18:18:52 - [TEST_STEP][PASSED] - maximizeWindow(): Current window maximized

2023-10-02 18:18:52 - [MESSAGE][PASSED] - Current window maximized

2023-10-02 18:18:52 - [TEST_STEP][PASSED] - navigateToUrl(RADurl): Navigate to 'https://demo.velocitypayment.com/client/rad/index.html' successfully

2023-10-02 18:18:54 - [MESSAGE][PASSED] - Navigate to 'https://demo.velocitypayment.com/client/rad/index.html' successfully

2023-10-02 18:18:54 - [TEST_STEP][PASSED] - selectOptionByLabel(findTestObject(orPath_Landing + "/dd_TaxType"), PaymentType, false): All options with label 'Quarterly Estimated Tax' are selected in object 'Object Repository/RAD_Pages/Landing_Page/dd_TaxType' 

2023-10-02 18:18:55 - [MESSAGE][PASSED] - All options with label 'Quarterly Estimated Tax' are selected in object 'Object Repository/RAD_Pages/Landing_Page/dd_TaxType' 

2023-10-02 18:18:55 - [TEST_STEP][PASSED] - switch (PaymentType): null

2023-10-02 18:18:55 - [TEST_STEP][PASSED] - case "Quarterly Estimated Tax":: null

2023-10-02 18:18:55 - [TEST_STEP][PASSED] - selectOptionByLabel(findTestObject(orPath_TaxTypeFilingYear + "/select_PaymentType"), TaxType, false): All options with label 'Personal Income Tax' are selected in object 'Object Repository/RAD_Pages/TaxTypeFilingYear_Page/select_PaymentType' 

2023-10-02 18:18:56 - [MESSAGE][PASSED] - All options with label 'Personal Income Tax' are selected in object 'Object Repository/RAD_Pages/TaxTypeFilingYear_Page/select_PaymentType' 

2023-10-02 18:18:56 - [TEST_STEP][PASSED] - break: null

2023-10-02 18:18:56 - [TEST_STEP][PASSED] - if (!(FilingYear.isEmpty())): All options with label '2023' are selected in object 'Object Repository/RAD_Pages/TaxTypeFilingYear_Page/select_FilingYear' 

2023-10-02 18:18:56 - [TEST_STEP][PASSED] - selectOptionByLabel(findTestObject(orPath_TaxTypeFilingYear + "/select_FilingYear"), FilingYear, false): All options with label '2023' are selected in object 'Object Repository/RAD_Pages/TaxTypeFilingYear_Page/select_FilingYear' 

2023-10-02 18:18:57 - [MESSAGE][PASSED] - All options with label '2023' are selected in object 'Object Repository/RAD_Pages/TaxTypeFilingYear_Page/select_FilingYear' 

2023-10-02 18:18:57 - [TEST_STEP][PASSED] - rad.getSetDataRAD.setDataRADssnAndName(): rad.getSetDataRAD.setDataRADssnAndName is PASSED

2023-10-02 18:18:57 - [MESSAGE][PASSED] - Text 'Jimmy' is set on object 'Object Repository/RAD_Pages/Taxpayer_Page/input_firstName'

2023-10-02 18:18:59 - [MESSAGE][PASSED] - Text 'btes' is set on object 'Object Repository/RAD_Pages/Taxpayer_Page/input_lastName'

2023-10-02 18:19:00 - [MESSAGE][PASSED] - Text '123456724' is set on object 'Object Repository/RAD_RecordAndPlay/input_concatSSN'

2023-10-02 18:19:00 - [MESSAGE][PASSED] - Text '123456724' is set on object 'Object Repository/RAD_RecordAndPlay/input_concatReSSN'

2023-10-02 18:19:00 - [MESSAGE][PASSED] - rad.getSetDataRAD.setDataRADssnAndName is PASSED

2023-10-02 18:19:00 - [TEST_STEP][PASSED] - rad.getSetDataRAD.setDataRADAddress(): rad.getSetDataRAD.setDataRADAddress is PASSED

2023-10-02 18:19:01 - [MESSAGE][PASSED] - All options with label 'United States' are selected in object 'Object Repository/RAD_Pages/AddressAndContactInfo_Page/select_Country' 

2023-10-02 18:19:02 - [MESSAGE][PASSED] - Text '2508 Mandan Terrace' is set on object 'Object Repository/RAD_Pages/AddressAndContactInfo_Page/input_streetAddress1'

2023-10-02 18:19:03 - [MESSAGE][PASSED] - Text '' is set on object 'Object Repository/RAD_Pages/AddressAndContactInfo_Page/input_streetAddress2'

2023-10-02 18:19:04 - [MESSAGE][PASSED] - Text 'Gambrills' is set on object 'Object Repository/RAD_Pages/AddressAndContactInfo_Page/input_city'

2023-10-02 18:19:04 - [MESSAGE][PASSED] - All options with label 'Maryland' are selected in object 'Object Repository/RAD_Pages/AddressAndContactInfo_Page/select_State' 

2023-10-02 18:19:05 - [MESSAGE][PASSED] - Text '21054' is set on object 'Object Repository/RAD_Pages/AddressAndContactInfo_Page/input_zipCode'

2023-10-02 18:19:06 - [MESSAGE][PASSED] - Text '(703) 894-5000' is set on object 'Object Repository/RAD_Pages/AddressAndContactInfo_Page/input_phoneNumber'

2023-10-02 18:19:07 - [MESSAGE][PASSED] - Text 'iahmed@govolution.com' is set on object 'Object Repository/RAD_Pages/AddressAndContactInfo_Page/input_eMailAddress'

2023-10-02 18:19:08 - [MESSAGE][PASSED] - Text 'iahmed@govolution.com' is set on object 'Object Repository/RAD_Pages/AddressAndContactInfo_Page/input_reEnterEMailAddress'

2023-10-02 18:19:08 - [MESSAGE][PASSED] - rad.getSetDataRAD.setDataRADAddress is PASSED

2023-10-02 18:19:08 - [TEST_STEP][PASSED] - scrollToElement(findTestObject(orPath_Landing + "/button_Continue"), 3): Scroll to object 'Object Repository/RAD_Pages/Landing_Page/button_Continue' successfully

2023-10-02 18:19:09 - [MESSAGE][PASSED] - Scroll to object 'Object Repository/RAD_Pages/Landing_Page/button_Continue' successfully

2023-10-02 18:19:09 - [TEST_STEP][PASSED] - waitForElementClickable(findTestObject(orPath_FilingStatus + "/input_JointFiling_userType_New"), 5): Object 'Object Repository/RAD_Pages/FilingStatus_Page/input_JointFiling_userType_New' is clickable

2023-10-02 18:19:09 - [MESSAGE][PASSED] - Object 'Object Repository/RAD_Pages/FilingStatus_Page/input_JointFiling_userType_New' is clickable

2023-10-02 18:19:09 - [TEST_STEP][PASSED] - check(findTestObject(orPath_FilingStatus + "/input_JointFiling_userType_New")): Object 'Object Repository/RAD_Pages/FilingStatus_Page/input_JointFiling_userType_New' is checked

2023-10-02 18:19:10 - [MESSAGE][PASSED] - Object 'Object Repository/RAD_Pages/FilingStatus_Page/input_JointFiling_userType_New' is checked

2023-10-02 18:19:10 - [TEST_STEP][PASSED] - delay(2): Delayed 2 second(s)

2023-10-02 18:19:12 - [MESSAGE][PASSED] - Delayed 2 second(s)

2023-10-02 18:19:12 - [TEST_STEP][PASSED] - rad.getSetDataRAD.setDataRADssnAndNameJointFiler(): rad.getSetDataRAD.setDataRADssnAndNameJointFiler is PASSED

2023-10-02 18:19:12 - [MESSAGE][PASSED] - Text 'Larsons' is set on object 'Object Repository/RAD_Pages/FilingStatus_Page/input_jointFirstName'

2023-10-02 18:19:13 - [MESSAGE][PASSED] - Text 'ctes' is set on object 'Object Repository/RAD_Pages/FilingStatus_Page/input_jointLastName'

2023-10-02 18:19:14 - [MESSAGE][PASSED] - Text '123456723' is set on object 'Object Repository/RAD_RecordAndPlay/input_JointFilerSSN'

2023-10-02 18:19:15 - [MESSAGE][PASSED] - Text '123456723' is set on object 'Object Repository/RAD_RecordAndPlay/input_reTypeJointFilerSSN'

2023-10-02 18:19:15 - [MESSAGE][PASSED] - rad.getSetDataRAD.setDataRADssnAndNameJointFiler is PASSED

2023-10-02 18:19:15 - [TEST_STEP][PASSED] - setText(findTestObject(orPath_Amount + "/input__paymentAmount"), "100.00"): Text '100.00' is set on object 'Object Repository/RAD_Pages/PaymentAmount_Page/input__paymentAmount'

2023-10-02 18:19:15 - [MESSAGE][PASSED] - Text '100.00' is set on object 'Object Repository/RAD_Pages/PaymentAmount_Page/input__paymentAmount'

2023-10-02 18:19:15 - [TEST_STEP][PASSED] - setText(findTestObject(orPath_AddressContact + "/input_streetAddress2"), ""): Text '' is set on object 'Object Repository/RAD_Pages/AddressAndContactInfo_Page/input_streetAddress2'

2023-10-02 18:19:16 - [MESSAGE][PASSED] - Text '' is set on object 'Object Repository/RAD_Pages/AddressAndContactInfo_Page/input_streetAddress2'

2023-10-02 18:19:16 - [TEST_STEP][PASSED] - scrollToElement(findTestObject(orPath_Landing + "/button_Continue"), 3): Scroll to object 'Object Repository/RAD_Pages/Landing_Page/button_Continue' successfully

2023-10-02 18:19:17 - [MESSAGE][PASSED] - Scroll to object 'Object Repository/RAD_Pages/Landing_Page/button_Continue' successfully

2023-10-02 18:19:17 - [TEST_STEP][PASSED] - waitForElementClickable(findTestObject(orPath_Landing + "/button_Continue"), 5): Object 'Object Repository/RAD_Pages/Landing_Page/button_Continue' is clickable

2023-10-02 18:19:17 - [MESSAGE][PASSED] - Object 'Object Repository/RAD_Pages/Landing_Page/button_Continue' is clickable

2023-10-02 18:19:17 - [TEST_STEP][PASSED] - click(findTestObject(orPath_Landing + "/button_Continue")): Object: 'Object Repository/RAD_Pages/Landing_Page/button_Continue' is clicked on

2023-10-02 18:19:18 - [MESSAGE][PASSED] - Object: 'Object Repository/RAD_Pages/Landing_Page/button_Continue' is clicked on

2023-10-02 18:19:18 - [TEST_STEP][PASSED] - delay(2): Delayed 2 second(s)

2023-10-02 18:19:20 - [MESSAGE][PASSED] - Delayed 2 second(s)

2023-10-02 18:19:20 - [TEST_STEP][PASSED] - verifyTextPresent("Summary", true): Text 'Summary' is present on page  using regular expression

2023-10-02 18:19:20 - [MESSAGE][PASSED] - Text 'Summary' is present on page  using regular expression

2023-10-02 18:19:20 - [TEST_STEP][PASSED] - verifyTextPresent("Review the information below and make any necessary corrections by clicking the", true): Text 'Review the information below and make any necessary corrections by clicking the' is present on page  using regular expression

2023-10-02 18:19:20 - [MESSAGE][PASSED] - Text 'Review the information below and make any necessary corrections by clicking the' is present on page  using regular expression

2023-10-02 18:19:20 - [TEST_STEP][PASSED] - verifyTextPresent("When you are confident that all the information is correct, click the", true): Text 'When you are confident that all the information is correct, click the' is present on page  using regular expression

2023-10-02 18:19:21 - [MESSAGE][PASSED] - Text 'When you are confident that all the information is correct, click the' is present on page  using regular expression

2023-10-02 18:19:21 - [TEST_STEP][PASSED] - verifyTextPresent("Payment Type/Filing Year", true): Text 'Payment Type/Filing Year' is present on page  using regular expression

2023-10-02 18:19:21 - [MESSAGE][PASSED] - Text 'Payment Type/Filing Year' is present on page  using regular expression

2023-10-02 18:19:21 - [TEST_STEP][PASSED] - verifyTextPresent("Payment Type:", true): Text 'Payment Type:' is present on page  using regular expression

2023-10-02 18:19:22 - [MESSAGE][PASSED] - Text 'Payment Type:' is present on page  using regular expression

2023-10-02 18:19:22 - [TEST_STEP][PASSED] - verifyTextPresent(PaymentType, true): Text 'Quarterly Estimated Tax' is present on page  using regular expression

2023-10-02 18:19:22 - [MESSAGE][PASSED] - Text 'Quarterly Estimated Tax' is present on page  using regular expression

2023-10-02 18:19:22 - [TEST_STEP][PASSED] - verifyTextPresent("Filing Year:", true): Text 'Filing Year:' is present on page  using regular expression

2023-10-02 18:19:22 - [MESSAGE][PASSED] - Text 'Filing Year:' is present on page  using regular expression

2023-10-02 18:19:22 - [TEST_STEP][PASSED] - verifyTextPresent(FilingYear, true): Text '2023' is present on page  using regular expression

2023-10-02 18:19:23 - [MESSAGE][PASSED] - Text '2023' is present on page  using regular expression

2023-10-02 18:19:23 - [TEST_STEP][PASSED] - verifyTextPresent("Payer Information", true): Text 'Payer Information' is present on page  using regular expression

2023-10-02 18:19:23 - [MESSAGE][PASSED] - Text 'Payer Information' is present on page  using regular expression

2023-10-02 18:19:23 - [TEST_STEP][PASSED] - verifyTextPresent("Taxpayer Name:", true): Text 'Taxpayer Name:' is present on page  using regular expression

2023-10-02 18:19:23 - [MESSAGE][PASSED] - Text 'Taxpayer Name:' is present on page  using regular expression

2023-10-02 18:19:23 - [TEST_STEP][PASSED] - switch (executionProfile): null

2023-10-02 18:19:23 - [TEST_STEP][PASSED] - case "DemoProfile":: null

2023-10-02 18:19:23 - [TEST_STEP][PASSED] - verifyTextPresent("Jimmy btes", true): Text 'Jimmy btes' is present on page  using regular expression

2023-10-02 18:19:24 - [MESSAGE][PASSED] - Text 'Jimmy btes' is present on page  using regular expression

2023-10-02 18:19:24 - [TEST_STEP][PASSED] - verifyTextPresent("Larsons ctes", true): Text 'Larsons ctes' is present on page  using regular expression

2023-10-02 18:19:24 - [MESSAGE][PASSED] - Text 'Larsons ctes' is present on page  using regular expression

2023-10-02 18:19:24 - [TEST_STEP][PASSED] - break: null

2023-10-02 18:19:24 - [TEST_STEP][PASSED] - verifyTextPresent("Taxpayer SSN:", true): Text 'Taxpayer SSN:' is present on page  using regular expression

2023-10-02 18:19:25 - [MESSAGE][PASSED] - Text 'Taxpayer SSN:' is present on page  using regular expression

2023-10-02 18:19:25 - [TEST_STEP][PASSED] - verifyTextPresent("Taxpayer Address:", true): Text 'Taxpayer Address:' is present on page  using regular expression

2023-10-02 18:19:25 - [MESSAGE][PASSED] - Text 'Taxpayer Address:' is present on page  using regular expression

2023-10-02 18:19:25 - [TEST_STEP][PASSED] - verifyTextPresent("2508 Mandan Terrace Gambrills Maryland 21054", true): Text '2508 Mandan Terrace Gambrills Maryland 21054' is present on page  using regular expression

2023-10-02 18:19:25 - [MESSAGE][PASSED] - Text '2508 Mandan Terrace Gambrills Maryland 21054' is present on page  using regular expression

2023-10-02 18:19:25 - [TEST_STEP][PASSED] - verifyTextPresent("Email:", true): Text 'Email:' is present on page  using regular expression

2023-10-02 18:19:26 - [MESSAGE][PASSED] - Text 'Email:' is present on page  using regular expression

2023-10-02 18:19:26 - [TEST_STEP][PASSED] - verifyTextPresent("iahmed@govolution.com", true): Text 'iahmed@govolution.com' is present on page  using regular expression

2023-10-02 18:19:26 - [MESSAGE][PASSED] - Text 'iahmed@govolution.com' is present on page  using regular expression

2023-10-02 18:19:26 - [TEST_STEP][PASSED] - verifyTextPresent("Phone:", true): Text 'Phone:' is present on page  using regular expression

2023-10-02 18:19:26 - [MESSAGE][PASSED] - Text 'Phone:' is present on page  using regular expression

2023-10-02 18:19:26 - [TEST_STEP][PASSED] - verifyTextPresent("(703) 894-5000", false): Text '(703) 894-5000' is present on page 

2023-10-02 18:19:27 - [MESSAGE][PASSED] - Text '(703) 894-5000' is present on page 

2023-10-02 18:19:27 - [TEST_STEP][PASSED] - verifyTextPresent("Joint Filer Name:", true): Text 'Joint Filer Name:' is present on page  using regular expression

2023-10-02 18:19:27 - [MESSAGE][PASSED] - Text 'Joint Filer Name:' is present on page  using regular expression

2023-10-02 18:19:27 - [TEST_STEP][PASSED] - verifyTextPresent("Joint Filer SSN", true): Text 'Joint Filer SSN' is present on page  using regular expression

2023-10-02 18:19:28 - [MESSAGE][PASSED] - Text 'Joint Filer SSN' is present on page  using regular expression

2023-10-02 18:19:28 - [TEST_STEP][PASSED] - verifyTextPresent("Tax Information", true): Text 'Tax Information' is present on page  using regular expression

2023-10-02 18:19:28 - [MESSAGE][PASSED] - Text 'Tax Information' is present on page  using regular expression

2023-10-02 18:19:28 - [TEST_STEP][PASSED] - verifyTextPresent("Payment Amount:", true): Text 'Payment Amount:' is present on page  using regular expression

2023-10-02 18:19:28 - [MESSAGE][PASSED] - Text 'Payment Amount:' is present on page  using regular expression

2023-10-02 18:19:28 - [TEST_STEP][PASSED] - verifyTextPresent("100.00", true): Text '100.00' is present on page  using regular expression

2023-10-02 18:19:29 - [MESSAGE][PASSED] - Text '100.00' is present on page  using regular expression

2023-10-02 18:19:29 - [TEST_STEP][PASSED] - verifyTextNotPresent("Federal EIN:", true): Text 'Federal EIN:' is not present on page using regular expression

2023-10-02 18:19:29 - [MESSAGE][PASSED] - Text 'Federal EIN:' is not present on page using regular expression

2023-10-02 18:19:29 - [TEST_STEP][PASSED] - verifyTextNotPresent("FEIN/SSN:", true): Text 'FEIN/SSN:' is not present on page using regular expression

2023-10-02 18:19:30 - [MESSAGE][PASSED] - Text 'FEIN/SSN:' is not present on page using regular expression

2023-10-02 18:19:30 - [TEST_STEP][PASSED] - if (verifyElementVisible(findTestObject(orPath_Summary + "/button_Proceed to Payment"))): null

2023-10-02 18:19:30 - [MESSAGE][PASSED] - Object 'Object Repository/RAD_Pages/Summary_Page/button_Proceed to Payment' is visible

2023-10-02 18:19:30 - [TEST_STEP][PASSED] - resText = "Pass": null

2023-10-02 18:19:30 - [TEST_STEP][PASSED] - pages.WriteExcel.demoKey(resText, datText, resColumn, datCloumn, fileLoc, nameSheet, row): pages.WriteExcel.demoKey is PASSED

2023-10-02 18:19:30 - [MESSAGE][PASSED] - pages.WriteExcel.demoKey is PASSED

2023-10-02 18:19:30 - [TEST_STEP][PASSED] - click(findTestObject(orPath_Summary + "/button_Proceed to Payment")): Object: 'Object Repository/RAD_Pages/Summary_Page/button_Proceed to Payment' is clicked on

2023-10-02 18:19:31 - [MESSAGE][PASSED] - Object: 'Object Repository/RAD_Pages/Summary_Page/button_Proceed to Payment' is clicked on

2023-10-02 18:19:31 - [TEST_STEP][PASSED] - ExecuteTC = findTestData(dataFile).getValue("Execute", row): null

2023-10-02 18:19:31 - [TEST_STEP][PASSED] - TaxType = findTestData(dataFile).getValue("TaxType", row): null

2023-10-02 18:19:31 - [TEST_STEP][PASSED] - PaymentType = findTestData(dataFile).getValue("PaymentType", row): null

2023-10-02 18:19:31 - [TEST_STEP][PASSED] - FilingYear = findTestData(dataFile).getValue("Year", row): null

2023-10-02 18:19:31 - [TEST_STEP][PASSED] - if (ExecuteTC.equalsIgnoreCase("Y")): Object: 'Object Repository/RAD_Pages/Summary_Page/button_Proceed to Payment' is clicked on

2023-10-02 18:19:31 - [TEST_STEP][PASSED] - out.println("Begin Record Number: " + row): null

2023-10-02 18:19:31 - [TEST_STEP][PASSED] - today = new java.util.Date(): null

2023-10-02 18:19:31 - [TEST_STEP][PASSED] - println(today): null

2023-10-02 18:19:31 - [TEST_STEP][PASSED] - datText = today: null

2023-10-02 18:19:31 - [TEST_STEP][PASSED] - logInfo("Payment Type: " + PaymentType): Payment Type: Extension Payments

2023-10-02 18:19:31 - [MESSAGE][INFO] - Payment Type: Extension Payments

2023-10-02 18:19:31 - [TEST_STEP][PASSED] - logInfo("Tax Type: " + TaxType): Tax Type: Personal Income Tax

2023-10-02 18:19:31 - [MESSAGE][INFO] - Tax Type: Personal Income Tax

2023-10-02 18:19:31 - [TEST_STEP][PASSED] - openBrowser(""): Browser is opened with url: ''

2023-10-02 18:19:31 - [MESSAGE][WARNING] - A browser is already opened. Closing browser and opening a new one

2023-10-02 18:19:32 - [MESSAGE][INFO] - Starting 'Chrome' driver

2023-10-02 18:19:32 - [MESSAGE][INFO] - User set preference: ['acceptInsecureCerts', 'true']

2023-10-02 18:19:32 - [MESSAGE][INFO] - Action delay is set to 0 milliseconds

2023-10-02 18:19:34 - [MESSAGE][PASSED] - Browser is opened with url: ''

2023-10-02 18:19:34 - [TEST_STEP][PASSED] - maximizeWindow(): Current window maximized

2023-10-02 18:19:34 - [MESSAGE][PASSED] - Current window maximized

2023-10-02 18:19:34 - [TEST_STEP][PASSED] - navigateToUrl(RADurl): Navigate to 'https://demo.velocitypayment.com/client/rad/index.html' successfully

2023-10-02 18:19:35 - [MESSAGE][PASSED] - Navigate to 'https://demo.velocitypayment.com/client/rad/index.html' successfully

2023-10-02 18:19:35 - [TEST_STEP][PASSED] - selectOptionByLabel(findTestObject(orPath_Landing + "/dd_TaxType"), PaymentType, false): All options with label 'Extension Payments' are selected in object 'Object Repository/RAD_Pages/Landing_Page/dd_TaxType' 

2023-10-02 18:19:36 - [MESSAGE][PASSED] - All options with label 'Extension Payments' are selected in object 'Object Repository/RAD_Pages/Landing_Page/dd_TaxType' 

2023-10-02 18:19:36 - [TEST_STEP][PASSED] - switch (PaymentType): null

2023-10-02 18:19:36 - [TEST_STEP][PASSED] - case "Extension Payments":: null

2023-10-02 18:19:36 - [TEST_STEP][PASSED] - selectOptionByLabel(findTestObject(orPath_TaxTypeFilingYear + "/select_PaymentType"), TaxType, false): All options with label 'Personal Income Tax' are selected in object 'Object Repository/RAD_Pages/TaxTypeFilingYear_Page/select_PaymentType' 

2023-10-02 18:19:37 - [MESSAGE][PASSED] - All options with label 'Personal Income Tax' are selected in object 'Object Repository/RAD_Pages/TaxTypeFilingYear_Page/select_PaymentType' 

2023-10-02 18:19:37 - [TEST_STEP][PASSED] - break: null

2023-10-02 18:19:37 - [TEST_STEP][PASSED] - if (!(FilingYear.isEmpty())): All options with label '2022' are selected in object 'Object Repository/RAD_Pages/TaxTypeFilingYear_Page/select_FilingYear' 

2023-10-02 18:19:37 - [TEST_STEP][PASSED] - selectOptionByLabel(findTestObject(orPath_TaxTypeFilingYear + "/select_FilingYear"), FilingYear, false): All options with label '2022' are selected in object 'Object Repository/RAD_Pages/TaxTypeFilingYear_Page/select_FilingYear' 

2023-10-02 18:19:38 - [MESSAGE][PASSED] - All options with label '2022' are selected in object 'Object Repository/RAD_Pages/TaxTypeFilingYear_Page/select_FilingYear' 

2023-10-02 18:19:38 - [TEST_STEP][PASSED] - rad.getSetDataRAD.setDataRADssnAndName(): rad.getSetDataRAD.setDataRADssnAndName is PASSED

2023-10-02 18:19:38 - [MESSAGE][PASSED] - Text 'Jimmy' is set on object 'Object Repository/RAD_Pages/Taxpayer_Page/input_firstName'

2023-10-02 18:19:40 - [MESSAGE][PASSED] - Text 'btes' is set on object 'Object Repository/RAD_Pages/Taxpayer_Page/input_lastName'

2023-10-02 18:19:41 - [MESSAGE][PASSED] - Text '123456724' is set on object 'Object Repository/RAD_RecordAndPlay/input_concatSSN'

2023-10-02 18:19:41 - [MESSAGE][PASSED] - Text '123456724' is set on object 'Object Repository/RAD_RecordAndPlay/input_concatReSSN'

2023-10-02 18:19:41 - [MESSAGE][PASSED] - rad.getSetDataRAD.setDataRADssnAndName is PASSED

2023-10-02 18:19:41 - [TEST_STEP][PASSED] - rad.getSetDataRAD.setDataRADAddress(): rad.getSetDataRAD.setDataRADAddress is PASSED

2023-10-02 18:19:42 - [MESSAGE][PASSED] - All options with label 'United States' are selected in object 'Object Repository/RAD_Pages/AddressAndContactInfo_Page/select_Country' 

2023-10-02 18:19:43 - [MESSAGE][PASSED] - Text '2508 Mandan Terrace' is set on object 'Object Repository/RAD_Pages/AddressAndContactInfo_Page/input_streetAddress1'

2023-10-02 18:19:44 - [MESSAGE][PASSED] - Text '' is set on object 'Object Repository/RAD_Pages/AddressAndContactInfo_Page/input_streetAddress2'

2023-10-02 18:19:45 - [MESSAGE][PASSED] - Text 'Gambrills' is set on object 'Object Repository/RAD_Pages/AddressAndContactInfo_Page/input_city'

2023-10-02 18:19:46 - [MESSAGE][PASSED] - All options with label 'Maryland' are selected in object 'Object Repository/RAD_Pages/AddressAndContactInfo_Page/select_State' 

2023-10-02 18:19:46 - [MESSAGE][PASSED] - Text '21054' is set on object 'Object Repository/RAD_Pages/AddressAndContactInfo_Page/input_zipCode'

2023-10-02 18:19:47 - [MESSAGE][PASSED] - Text '(703) 894-5000' is set on object 'Object Repository/RAD_Pages/AddressAndContactInfo_Page/input_phoneNumber'

2023-10-02 18:19:49 - [MESSAGE][PASSED] - Text 'iahmed@govolution.com' is set on object 'Object Repository/RAD_Pages/AddressAndContactInfo_Page/input_eMailAddress'

2023-10-02 18:19:50 - [MESSAGE][PASSED] - Text 'iahmed@govolution.com' is set on object 'Object Repository/RAD_Pages/AddressAndContactInfo_Page/input_reEnterEMailAddress'

2023-10-02 18:19:50 - [MESSAGE][PASSED] - rad.getSetDataRAD.setDataRADAddress is PASSED

2023-10-02 18:19:50 - [TEST_STEP][PASSED] - scrollToElement(findTestObject(orPath_Landing + "/button_Continue"), 3): Scroll to object 'Object Repository/RAD_Pages/Landing_Page/button_Continue' successfully

2023-10-02 18:19:50 - [MESSAGE][PASSED] - Scroll to object 'Object Repository/RAD_Pages/Landing_Page/button_Continue' successfully

2023-10-02 18:19:50 - [TEST_STEP][PASSED] - waitForElementClickable(findTestObject(orPath_FilingStatus + "/input_JointFiling_userType_New"), 5): Object 'Object Repository/RAD_Pages/FilingStatus_Page/input_JointFiling_userType_New' is clickable

2023-10-02 18:19:50 - [MESSAGE][PASSED] - Object 'Object Repository/RAD_Pages/FilingStatus_Page/input_JointFiling_userType_New' is clickable

2023-10-02 18:19:50 - [TEST_STEP][PASSED] - check(findTestObject(orPath_FilingStatus + "/input_JointFiling_userType_New")): Object 'Object Repository/RAD_Pages/FilingStatus_Page/input_JointFiling_userType_New' is checked

2023-10-02 18:19:51 - [MESSAGE][PASSED] - Object 'Object Repository/RAD_Pages/FilingStatus_Page/input_JointFiling_userType_New' is checked

2023-10-02 18:19:51 - [TEST_STEP][PASSED] - delay(2): Delayed 2 second(s)

2023-10-02 18:19:53 - [MESSAGE][PASSED] - Delayed 2 second(s)

2023-10-02 18:19:53 - [TEST_STEP][PASSED] - rad.getSetDataRAD.setDataRADssnAndNameJointFiler(): rad.getSetDataRAD.setDataRADssnAndNameJointFiler is PASSED

2023-10-02 18:19:53 - [MESSAGE][PASSED] - Text 'Larsons' is set on object 'Object Repository/RAD_Pages/FilingStatus_Page/input_jointFirstName'

2023-10-02 18:19:54 - [MESSAGE][PASSED] - Text 'ctes' is set on object 'Object Repository/RAD_Pages/FilingStatus_Page/input_jointLastName'

2023-10-02 18:19:55 - [MESSAGE][PASSED] - Text '123456723' is set on object 'Object Repository/RAD_RecordAndPlay/input_JointFilerSSN'

2023-10-02 18:19:56 - [MESSAGE][PASSED] - Text '123456723' is set on object 'Object Repository/RAD_RecordAndPlay/input_reTypeJointFilerSSN'

2023-10-02 18:19:56 - [MESSAGE][PASSED] - rad.getSetDataRAD.setDataRADssnAndNameJointFiler is PASSED

2023-10-02 18:19:56 - [TEST_STEP][PASSED] - setText(findTestObject(orPath_Amount + "/input__paymentAmount"), "100.00"): Text '100.00' is set on object 'Object Repository/RAD_Pages/PaymentAmount_Page/input__paymentAmount'

2023-10-02 18:19:56 - [MESSAGE][PASSED] - Text '100.00' is set on object 'Object Repository/RAD_Pages/PaymentAmount_Page/input__paymentAmount'

2023-10-02 18:19:56 - [TEST_STEP][PASSED] - setText(findTestObject(orPath_AddressContact + "/input_streetAddress2"), ""): Text '' is set on object 'Object Repository/RAD_Pages/AddressAndContactInfo_Page/input_streetAddress2'

2023-10-02 18:19:58 - [MESSAGE][PASSED] - Text '' is set on object 'Object Repository/RAD_Pages/AddressAndContactInfo_Page/input_streetAddress2'

2023-10-02 18:19:58 - [TEST_STEP][PASSED] - scrollToElement(findTestObject(orPath_Landing + "/button_Continue"), 3): Scroll to object 'Object Repository/RAD_Pages/Landing_Page/button_Continue' successfully

2023-10-02 18:19:58 - [MESSAGE][PASSED] - Scroll to object 'Object Repository/RAD_Pages/Landing_Page/button_Continue' successfully

2023-10-02 18:19:58 - [TEST_STEP][PASSED] - waitForElementClickable(findTestObject(orPath_Landing + "/button_Continue"), 5): Object 'Object Repository/RAD_Pages/Landing_Page/button_Continue' is clickable

2023-10-02 18:19:58 - [MESSAGE][PASSED] - Object 'Object Repository/RAD_Pages/Landing_Page/button_Continue' is clickable

2023-10-02 18:19:58 - [TEST_STEP][PASSED] - click(findTestObject(orPath_Landing + "/button_Continue")): Object: 'Object Repository/RAD_Pages/Landing_Page/button_Continue' is clicked on

2023-10-02 18:19:59 - [MESSAGE][PASSED] - Object: 'Object Repository/RAD_Pages/Landing_Page/button_Continue' is clicked on

2023-10-02 18:19:59 - [TEST_STEP][PASSED] - delay(2): Delayed 2 second(s)

2023-10-02 18:20:01 - [MESSAGE][PASSED] - Delayed 2 second(s)

2023-10-02 18:20:01 - [TEST_STEP][PASSED] - verifyTextPresent("Summary", true): Text 'Summary' is present on page  using regular expression

2023-10-02 18:20:01 - [MESSAGE][PASSED] - Text 'Summary' is present on page  using regular expression

2023-10-02 18:20:01 - [TEST_STEP][PASSED] - verifyTextPresent("Review the information below and make any necessary corrections by clicking the", true): Text 'Review the information below and make any necessary corrections by clicking the' is present on page  using regular expression

2023-10-02 18:20:02 - [MESSAGE][PASSED] - Text 'Review the information below and make any necessary corrections by clicking the' is present on page  using regular expression

2023-10-02 18:20:02 - [TEST_STEP][PASSED] - verifyTextPresent("When you are confident that all the information is correct, click the", true): Text 'When you are confident that all the information is correct, click the' is present on page  using regular expression

2023-10-02 18:20:02 - [MESSAGE][PASSED] - Text 'When you are confident that all the information is correct, click the' is present on page  using regular expression

2023-10-02 18:20:02 - [TEST_STEP][PASSED] - verifyTextPresent("Payment Type/Filing Year", true): Text 'Payment Type/Filing Year' is present on page  using regular expression

2023-10-02 18:20:02 - [MESSAGE][PASSED] - Text 'Payment Type/Filing Year' is present on page  using regular expression

2023-10-02 18:20:02 - [TEST_STEP][PASSED] - verifyTextPresent("Payment Type:", true): Text 'Payment Type:' is present on page  using regular expression

2023-10-02 18:20:03 - [MESSAGE][PASSED] - Text 'Payment Type:' is present on page  using regular expression

2023-10-02 18:20:03 - [TEST_STEP][PASSED] - verifyTextPresent(PaymentType, true): Text 'Extension Payments' is present on page  using regular expression

2023-10-02 18:20:03 - [MESSAGE][PASSED] - Text 'Extension Payments' is present on page  using regular expression

2023-10-02 18:20:03 - [TEST_STEP][PASSED] - verifyTextPresent("Filing Year:", true): Text 'Filing Year:' is present on page  using regular expression

2023-10-02 18:20:03 - [MESSAGE][PASSED] - Text 'Filing Year:' is present on page  using regular expression

2023-10-02 18:20:03 - [TEST_STEP][PASSED] - verifyTextPresent(FilingYear, true): Text '2022' is present on page  using regular expression

2023-10-02 18:20:04 - [MESSAGE][PASSED] - Text '2022' is present on page  using regular expression

2023-10-02 18:20:04 - [TEST_STEP][PASSED] - verifyTextPresent("Payer Information", true): Text 'Payer Information' is present on page  using regular expression

2023-10-02 18:20:04 - [MESSAGE][PASSED] - Text 'Payer Information' is present on page  using regular expression

2023-10-02 18:20:04 - [TEST_STEP][PASSED] - verifyTextPresent("Taxpayer Name:", true): Text 'Taxpayer Name:' is present on page  using regular expression

2023-10-02 18:20:05 - [MESSAGE][PASSED] - Text 'Taxpayer Name:' is present on page  using regular expression

2023-10-02 18:20:05 - [TEST_STEP][PASSED] - switch (executionProfile): null

2023-10-02 18:20:05 - [TEST_STEP][PASSED] - case "DemoProfile":: null

2023-10-02 18:20:05 - [TEST_STEP][PASSED] - verifyTextPresent("Jimmy btes", true): Text 'Jimmy btes' is present on page  using regular expression

2023-10-02 18:20:05 - [MESSAGE][PASSED] - Text 'Jimmy btes' is present on page  using regular expression

2023-10-02 18:20:05 - [TEST_STEP][PASSED] - verifyTextPresent("Larsons ctes", true): Text 'Larsons ctes' is present on page  using regular expression

2023-10-02 18:20:05 - [MESSAGE][PASSED] - Text 'Larsons ctes' is present on page  using regular expression

2023-10-02 18:20:05 - [TEST_STEP][PASSED] - break: null

2023-10-02 18:20:05 - [TEST_STEP][PASSED] - verifyTextPresent("Taxpayer SSN:", true): Text 'Taxpayer SSN:' is present on page  using regular expression

2023-10-02 18:20:06 - [MESSAGE][PASSED] - Text 'Taxpayer SSN:' is present on page  using regular expression

2023-10-02 18:20:06 - [TEST_STEP][PASSED] - verifyTextPresent("Taxpayer Address:", true): Text 'Taxpayer Address:' is present on page  using regular expression

2023-10-02 18:20:06 - [MESSAGE][PASSED] - Text 'Taxpayer Address:' is present on page  using regular expression

2023-10-02 18:20:06 - [TEST_STEP][PASSED] - verifyTextPresent("2508 Mandan Terrace Gambrills Maryland 21054", true): Text '2508 Mandan Terrace Gambrills Maryland 21054' is present on page  using regular expression

2023-10-02 18:20:06 - [MESSAGE][PASSED] - Text '2508 Mandan Terrace Gambrills Maryland 21054' is present on page  using regular expression

2023-10-02 18:20:06 - [TEST_STEP][PASSED] - verifyTextPresent("Email:", true): Text 'Email:' is present on page  using regular expression

2023-10-02 18:20:07 - [MESSAGE][PASSED] - Text 'Email:' is present on page  using regular expression

2023-10-02 18:20:07 - [TEST_STEP][PASSED] - verifyTextPresent("iahmed@govolution.com", true): Text 'iahmed@govolution.com' is present on page  using regular expression

2023-10-02 18:20:07 - [MESSAGE][PASSED] - Text 'iahmed@govolution.com' is present on page  using regular expression

2023-10-02 18:20:07 - [TEST_STEP][PASSED] - verifyTextPresent("Phone:", true): Text 'Phone:' is present on page  using regular expression

2023-10-02 18:20:07 - [MESSAGE][PASSED] - Text 'Phone:' is present on page  using regular expression

2023-10-02 18:20:07 - [TEST_STEP][PASSED] - verifyTextPresent("(703) 894-5000", false): Text '(703) 894-5000' is present on page 

2023-10-02 18:20:08 - [MESSAGE][PASSED] - Text '(703) 894-5000' is present on page 

2023-10-02 18:20:08 - [TEST_STEP][PASSED] - verifyTextPresent("Joint Filer Name:", true): Text 'Joint Filer Name:' is present on page  using regular expression

2023-10-02 18:20:08 - [MESSAGE][PASSED] - Text 'Joint Filer Name:' is present on page  using regular expression

2023-10-02 18:20:08 - [TEST_STEP][PASSED] - verifyTextPresent("Joint Filer SSN", true): Text 'Joint Filer SSN' is present on page  using regular expression

2023-10-02 18:20:09 - [MESSAGE][PASSED] - Text 'Joint Filer SSN' is present on page  using regular expression

2023-10-02 18:20:09 - [TEST_STEP][PASSED] - verifyTextPresent("Tax Information", true): Text 'Tax Information' is present on page  using regular expression

2023-10-02 18:20:09 - [MESSAGE][PASSED] - Text 'Tax Information' is present on page  using regular expression

2023-10-02 18:20:09 - [TEST_STEP][PASSED] - verifyTextPresent("Payment Amount:", true): Text 'Payment Amount:' is present on page  using regular expression

2023-10-02 18:20:09 - [MESSAGE][PASSED] - Text 'Payment Amount:' is present on page  using regular expression

2023-10-02 18:20:09 - [TEST_STEP][PASSED] - verifyTextPresent("100.00", true): Text '100.00' is present on page  using regular expression

2023-10-02 18:20:10 - [MESSAGE][PASSED] - Text '100.00' is present on page  using regular expression

2023-10-02 18:20:10 - [TEST_STEP][PASSED] - verifyTextNotPresent("Federal EIN:", true): Text 'Federal EIN:' is not present on page using regular expression

2023-10-02 18:20:10 - [MESSAGE][PASSED] - Text 'Federal EIN:' is not present on page using regular expression

2023-10-02 18:20:10 - [TEST_STEP][PASSED] - verifyTextNotPresent("FEIN/SSN:", true): Text 'FEIN/SSN:' is not present on page using regular expression

2023-10-02 18:20:11 - [MESSAGE][PASSED] - Text 'FEIN/SSN:' is not present on page using regular expression

2023-10-02 18:20:11 - [TEST_STEP][PASSED] - if (verifyElementVisible(findTestObject(orPath_Summary + "/button_Proceed to Payment"))): null

2023-10-02 18:20:11 - [MESSAGE][PASSED] - Object 'Object Repository/RAD_Pages/Summary_Page/button_Proceed to Payment' is visible

2023-10-02 18:20:11 - [TEST_STEP][PASSED] - resText = "Pass": null

2023-10-02 18:20:11 - [TEST_STEP][PASSED] - pages.WriteExcel.demoKey(resText, datText, resColumn, datCloumn, fileLoc, nameSheet, row): pages.WriteExcel.demoKey is PASSED

2023-10-02 18:20:11 - [MESSAGE][PASSED] - pages.WriteExcel.demoKey is PASSED

2023-10-02 18:20:11 - [TEST_STEP][PASSED] - click(findTestObject(orPath_Summary + "/button_Proceed to Payment")): Object: 'Object Repository/RAD_Pages/Summary_Page/button_Proceed to Payment' is clicked on

2023-10-02 18:20:12 - [MESSAGE][PASSED] - Object: 'Object Repository/RAD_Pages/Summary_Page/button_Proceed to Payment' is clicked on

2023-10-02 18:20:12 - [TEST_STEP][PASSED] - ExecuteTC = findTestData(dataFile).getValue("Execute", row): null

2023-10-02 18:20:12 - [TEST_STEP][PASSED] - TaxType = findTestData(dataFile).getValue("TaxType", row): null

2023-10-02 18:20:12 - [TEST_STEP][PASSED] - PaymentType = findTestData(dataFile).getValue("PaymentType", row): null

2023-10-02 18:20:12 - [TEST_STEP][PASSED] - FilingYear = findTestData(dataFile).getValue("Year", row): null

2023-10-02 18:20:12 - [TEST_STEP][PASSED] - if (ExecuteTC.equalsIgnoreCase("Y")): Object: 'Object Repository/RAD_Pages/Summary_Page/button_Proceed to Payment' is clicked on

2023-10-02 18:20:12 - [TEST_STEP][PASSED] - out.println("Begin Record Number: " + row): null

2023-10-02 18:20:12 - [TEST_STEP][PASSED] - today = new java.util.Date(): null

2023-10-02 18:20:12 - [TEST_STEP][PASSED] - println(today): null

2023-10-02 18:20:12 - [TEST_STEP][PASSED] - datText = today: null

2023-10-02 18:20:12 - [TEST_STEP][PASSED] - logInfo("Payment Type: " + PaymentType): Payment Type: New Tax Return Amount Due

2023-10-02 18:20:12 - [MESSAGE][INFO] - Payment Type: New Tax Return Amount Due

2023-10-02 18:20:12 - [TEST_STEP][PASSED] - logInfo("Tax Type: " + TaxType): Tax Type: Personal Income Tax

2023-10-02 18:20:12 - [MESSAGE][INFO] - Tax Type: Personal Income Tax

2023-10-02 18:20:12 - [TEST_STEP][PASSED] - openBrowser(""): Browser is opened with url: ''

2023-10-02 18:20:12 - [MESSAGE][WARNING] - A browser is already opened. Closing browser and opening a new one

2023-10-02 18:20:13 - [MESSAGE][INFO] - Starting 'Chrome' driver

2023-10-02 18:20:13 - [MESSAGE][INFO] - User set preference: ['acceptInsecureCerts', 'true']

2023-10-02 18:20:13 - [MESSAGE][INFO] - Action delay is set to 0 milliseconds

2023-10-02 18:20:15 - [MESSAGE][PASSED] - Browser is opened with url: ''

2023-10-02 18:20:15 - [TEST_STEP][PASSED] - maximizeWindow(): Current window maximized

2023-10-02 18:20:15 - [MESSAGE][PASSED] - Current window maximized

2023-10-02 18:20:15 - [TEST_STEP][PASSED] - navigateToUrl(RADurl): Navigate to 'https://demo.velocitypayment.com/client/rad/index.html' successfully

2023-10-02 18:20:16 - [MESSAGE][PASSED] - Navigate to 'https://demo.velocitypayment.com/client/rad/index.html' successfully

2023-10-02 18:20:16 - [TEST_STEP][PASSED] - selectOptionByLabel(findTestObject(orPath_Landing + "/dd_TaxType"), PaymentType, false): All options with label 'New Tax Return Amount Due' are selected in object 'Object Repository/RAD_Pages/Landing_Page/dd_TaxType' 

2023-10-02 18:20:17 - [MESSAGE][PASSED] - All options with label 'New Tax Return Amount Due' are selected in object 'Object Repository/RAD_Pages/Landing_Page/dd_TaxType' 

2023-10-02 18:20:17 - [TEST_STEP][PASSED] - switch (PaymentType): null

2023-10-02 18:20:17 - [TEST_STEP][PASSED] - case "New Tax Return Amount Due":: null

2023-10-02 18:20:17 - [TEST_STEP][PASSED] - selectOptionByLabel(findTestObject("Object Repository/RAD_Pages/Landing_Page/select_NewTaxReturnAmountDue_TaxType"), TaxType, false): All options with label 'Personal Income Tax' are selected in object 'Object Repository/RAD_Pages/Landing_Page/select_NewTaxReturnAmountDue_TaxType' 

2023-10-02 18:20:18 - [MESSAGE][PASSED] - All options with label 'Personal Income Tax' are selected in object 'Object Repository/RAD_Pages/Landing_Page/select_NewTaxReturnAmountDue_TaxType' 

2023-10-02 18:20:18 - [TEST_STEP][PASSED] - break: null

2023-10-02 18:20:18 - [TEST_STEP][PASSED] - if (!(FilingYear.isEmpty())): All options with label '2022' are selected in object 'Object Repository/RAD_Pages/TaxTypeFilingYear_Page/select_FilingYear' 

2023-10-02 18:20:18 - [TEST_STEP][PASSED] - selectOptionByLabel(findTestObject(orPath_TaxTypeFilingYear + "/select_FilingYear"), FilingYear, false): All options with label '2022' are selected in object 'Object Repository/RAD_Pages/TaxTypeFilingYear_Page/select_FilingYear' 

2023-10-02 18:20:18 - [MESSAGE][PASSED] - All options with label '2022' are selected in object 'Object Repository/RAD_Pages/TaxTypeFilingYear_Page/select_FilingYear' 

2023-10-02 18:20:18 - [TEST_STEP][PASSED] - rad.getSetDataRAD.setDataRADssnAndName(): rad.getSetDataRAD.setDataRADssnAndName is PASSED

2023-10-02 18:20:19 - [MESSAGE][PASSED] - Text 'Jimmy' is set on object 'Object Repository/RAD_Pages/Taxpayer_Page/input_firstName'

2023-10-02 18:20:21 - [MESSAGE][PASSED] - Text 'btes' is set on object 'Object Repository/RAD_Pages/Taxpayer_Page/input_lastName'

2023-10-02 18:20:22 - [MESSAGE][PASSED] - Text '123456724' is set on object 'Object Repository/RAD_RecordAndPlay/input_concatSSN'

2023-10-02 18:20:22 - [MESSAGE][PASSED] - Text '123456724' is set on object 'Object Repository/RAD_RecordAndPlay/input_concatReSSN'

2023-10-02 18:20:22 - [MESSAGE][PASSED] - rad.getSetDataRAD.setDataRADssnAndName is PASSED

2023-10-02 18:20:22 - [TEST_STEP][PASSED] - rad.getSetDataRAD.setDataRADAddress(): rad.getSetDataRAD.setDataRADAddress is PASSED

2023-10-02 18:20:23 - [MESSAGE][PASSED] - All options with label 'United States' are selected in object 'Object Repository/RAD_Pages/AddressAndContactInfo_Page/select_Country' 

2023-10-02 18:20:24 - [MESSAGE][PASSED] - Text '2508 Mandan Terrace' is set on object 'Object Repository/RAD_Pages/AddressAndContactInfo_Page/input_streetAddress1'

2023-10-02 18:20:25 - [MESSAGE][PASSED] - Text '' is set on object 'Object Repository/RAD_Pages/AddressAndContactInfo_Page/input_streetAddress2'

2023-10-02 18:20:26 - [MESSAGE][PASSED] - Text 'Gambrills' is set on object 'Object Repository/RAD_Pages/AddressAndContactInfo_Page/input_city'

2023-10-02 18:20:26 - [MESSAGE][PASSED] - All options with label 'Maryland' are selected in object 'Object Repository/RAD_Pages/AddressAndContactInfo_Page/select_State' 

2023-10-02 18:20:27 - [MESSAGE][PASSED] - Text '21054' is set on object 'Object Repository/RAD_Pages/AddressAndContactInfo_Page/input_zipCode'

2023-10-02 18:20:28 - [MESSAGE][PASSED] - Text '(703) 894-5000' is set on object 'Object Repository/RAD_Pages/AddressAndContactInfo_Page/input_phoneNumber'

2023-10-02 18:20:29 - [MESSAGE][PASSED] - Text 'iahmed@govolution.com' is set on object 'Object Repository/RAD_Pages/AddressAndContactInfo_Page/input_eMailAddress'

2023-10-02 18:20:30 - [MESSAGE][PASSED] - Text 'iahmed@govolution.com' is set on object 'Object Repository/RAD_Pages/AddressAndContactInfo_Page/input_reEnterEMailAddress'

2023-10-02 18:20:30 - [MESSAGE][PASSED] - rad.getSetDataRAD.setDataRADAddress is PASSED

2023-10-02 18:20:30 - [TEST_STEP][PASSED] - scrollToElement(findTestObject(orPath_Landing + "/button_Continue"), 3): Scroll to object 'Object Repository/RAD_Pages/Landing_Page/button_Continue' successfully

2023-10-02 18:20:31 - [MESSAGE][PASSED] - Scroll to object 'Object Repository/RAD_Pages/Landing_Page/button_Continue' successfully

2023-10-02 18:20:31 - [TEST_STEP][PASSED] - waitForElementClickable(findTestObject(orPath_FilingStatus + "/input_JointFiling_userType_New"), 5): Object 'Object Repository/RAD_Pages/FilingStatus_Page/input_JointFiling_userType_New' is clickable

2023-10-02 18:20:31 - [MESSAGE][PASSED] - Object 'Object Repository/RAD_Pages/FilingStatus_Page/input_JointFiling_userType_New' is clickable

2023-10-02 18:20:31 - [TEST_STEP][PASSED] - check(findTestObject(orPath_FilingStatus + "/input_JointFiling_userType_New")): Object 'Object Repository/RAD_Pages/FilingStatus_Page/input_JointFiling_userType_New' is checked

2023-10-02 18:20:31 - [MESSAGE][PASSED] - Object 'Object Repository/RAD_Pages/FilingStatus_Page/input_JointFiling_userType_New' is checked

2023-10-02 18:20:31 - [TEST_STEP][PASSED] - delay(2): Delayed 2 second(s)

2023-10-02 18:20:34 - [MESSAGE][PASSED] - Delayed 2 second(s)

2023-10-02 18:20:34 - [TEST_STEP][PASSED] - rad.getSetDataRAD.setDataRADssnAndNameJointFiler(): rad.getSetDataRAD.setDataRADssnAndNameJointFiler is PASSED

2023-10-02 18:20:34 - [MESSAGE][PASSED] - Text 'Larsons' is set on object 'Object Repository/RAD_Pages/FilingStatus_Page/input_jointFirstName'

2023-10-02 18:20:35 - [MESSAGE][PASSED] - Text 'ctes' is set on object 'Object Repository/RAD_Pages/FilingStatus_Page/input_jointLastName'

2023-10-02 18:20:36 - [MESSAGE][PASSED] - Text '123456723' is set on object 'Object Repository/RAD_RecordAndPlay/input_JointFilerSSN'

2023-10-02 18:20:36 - [MESSAGE][PASSED] - Text '123456723' is set on object 'Object Repository/RAD_RecordAndPlay/input_reTypeJointFilerSSN'

2023-10-02 18:20:36 - [MESSAGE][PASSED] - rad.getSetDataRAD.setDataRADssnAndNameJointFiler is PASSED

2023-10-02 18:20:36 - [TEST_STEP][PASSED] - setText(findTestObject(orPath_Amount + "/input__paymentAmount"), "100.00"): Text '100.00' is set on object 'Object Repository/RAD_Pages/PaymentAmount_Page/input__paymentAmount'

2023-10-02 18:20:38 - [MESSAGE][PASSED] - Text '100.00' is set on object 'Object Repository/RAD_Pages/PaymentAmount_Page/input__paymentAmount'

2023-10-02 18:20:38 - [TEST_STEP][PASSED] - setText(findTestObject(orPath_AddressContact + "/input_streetAddress2"), ""): Text '' is set on object 'Object Repository/RAD_Pages/AddressAndContactInfo_Page/input_streetAddress2'

2023-10-02 18:20:39 - [MESSAGE][PASSED] - Text '' is set on object 'Object Repository/RAD_Pages/AddressAndContactInfo_Page/input_streetAddress2'

2023-10-02 18:20:39 - [TEST_STEP][PASSED] - scrollToElement(findTestObject(orPath_Landing + "/button_Continue"), 3): Scroll to object 'Object Repository/RAD_Pages/Landing_Page/button_Continue' successfully

2023-10-02 18:20:39 - [MESSAGE][PASSED] - Scroll to object 'Object Repository/RAD_Pages/Landing_Page/button_Continue' successfully

2023-10-02 18:20:39 - [TEST_STEP][PASSED] - waitForElementClickable(findTestObject(orPath_Landing + "/button_Continue"), 5): Object 'Object Repository/RAD_Pages/Landing_Page/button_Continue' is clickable

2023-10-02 18:20:40 - [MESSAGE][PASSED] - Object 'Object Repository/RAD_Pages/Landing_Page/button_Continue' is clickable

2023-10-02 18:20:40 - [TEST_STEP][PASSED] - click(findTestObject(orPath_Landing + "/button_Continue")): Object: 'Object Repository/RAD_Pages/Landing_Page/button_Continue' is clicked on

2023-10-02 18:20:40 - [MESSAGE][PASSED] - Object: 'Object Repository/RAD_Pages/Landing_Page/button_Continue' is clicked on

2023-10-02 18:20:40 - [TEST_STEP][PASSED] - delay(2): Delayed 2 second(s)

2023-10-02 18:20:42 - [MESSAGE][PASSED] - Delayed 2 second(s)

2023-10-02 18:20:42 - [TEST_STEP][PASSED] - verifyTextPresent("Summary", true): Text 'Summary' is present on page  using regular expression

2023-10-02 18:20:42 - [MESSAGE][PASSED] - Text 'Summary' is present on page  using regular expression

2023-10-02 18:20:42 - [TEST_STEP][PASSED] - verifyTextPresent("Review the information below and make any necessary corrections by clicking the", true): Text 'Review the information below and make any necessary corrections by clicking the' is present on page  using regular expression

2023-10-02 18:20:43 - [MESSAGE][PASSED] - Text 'Review the information below and make any necessary corrections by clicking the' is present on page  using regular expression

2023-10-02 18:20:43 - [TEST_STEP][PASSED] - verifyTextPresent("When you are confident that all the information is correct, click the", true): Text 'When you are confident that all the information is correct, click the' is present on page  using regular expression

2023-10-02 18:20:43 - [MESSAGE][PASSED] - Text 'When you are confident that all the information is correct, click the' is present on page  using regular expression

2023-10-02 18:20:43 - [TEST_STEP][PASSED] - verifyTextPresent("Payment Type/Filing Year", true): Text 'Payment Type/Filing Year' is present on page  using regular expression

2023-10-02 18:20:44 - [MESSAGE][PASSED] - Text 'Payment Type/Filing Year' is present on page  using regular expression

2023-10-02 18:20:44 - [TEST_STEP][PASSED] - verifyTextPresent("Payment Type:", true): Text 'Payment Type:' is present on page  using regular expression

2023-10-02 18:20:44 - [MESSAGE][PASSED] - Text 'Payment Type:' is present on page  using regular expression

2023-10-02 18:20:44 - [TEST_STEP][PASSED] - verifyTextPresent(PaymentType, true): Text 'New Tax Return Amount Due' is present on page  using regular expression

2023-10-02 18:20:44 - [MESSAGE][PASSED] - Text 'New Tax Return Amount Due' is present on page  using regular expression

2023-10-02 18:20:44 - [TEST_STEP][PASSED] - verifyTextPresent("Filing Year:", true): Text 'Filing Year:' is present on page  using regular expression

2023-10-02 18:20:45 - [MESSAGE][PASSED] - Text 'Filing Year:' is present on page  using regular expression

2023-10-02 18:20:45 - [TEST_STEP][PASSED] - verifyTextPresent(FilingYear, true): Text '2022' is present on page  using regular expression

2023-10-02 18:20:45 - [MESSAGE][PASSED] - Text '2022' is present on page  using regular expression

2023-10-02 18:20:45 - [TEST_STEP][PASSED] - verifyTextPresent("Payer Information", true): Text 'Payer Information' is present on page  using regular expression

2023-10-02 18:20:45 - [MESSAGE][PASSED] - Text 'Payer Information' is present on page  using regular expression

2023-10-02 18:20:45 - [TEST_STEP][PASSED] - verifyTextPresent("Taxpayer Name:", true): Text 'Taxpayer Name:' is present on page  using regular expression

2023-10-02 18:20:46 - [MESSAGE][PASSED] - Text 'Taxpayer Name:' is present on page  using regular expression

2023-10-02 18:20:46 - [TEST_STEP][PASSED] - switch (executionProfile): null

2023-10-02 18:20:46 - [TEST_STEP][PASSED] - case "DemoProfile":: null

2023-10-02 18:20:46 - [TEST_STEP][PASSED] - verifyTextPresent("Jimmy btes", true): Text 'Jimmy btes' is present on page  using regular expression

2023-10-02 18:20:46 - [MESSAGE][PASSED] - Text 'Jimmy btes' is present on page  using regular expression

2023-10-02 18:20:46 - [TEST_STEP][PASSED] - verifyTextPresent("Larsons ctes", true): Text 'Larsons ctes' is present on page  using regular expression

2023-10-02 18:20:47 - [MESSAGE][PASSED] - Text 'Larsons ctes' is present on page  using regular expression

2023-10-02 18:20:47 - [TEST_STEP][PASSED] - break: null

2023-10-02 18:20:47 - [TEST_STEP][PASSED] - verifyTextPresent("Taxpayer SSN:", true): Text 'Taxpayer SSN:' is present on page  using regular expression

2023-10-02 18:20:47 - [MESSAGE][PASSED] - Text 'Taxpayer SSN:' is present on page  using regular expression

2023-10-02 18:20:47 - [TEST_STEP][PASSED] - verifyTextPresent("Taxpayer Address:", true): Text 'Taxpayer Address:' is present on page  using regular expression

2023-10-02 18:20:47 - [MESSAGE][PASSED] - Text 'Taxpayer Address:' is present on page  using regular expression

2023-10-02 18:20:47 - [TEST_STEP][PASSED] - verifyTextPresent("2508 Mandan Terrace Gambrills Maryland 21054", true): Text '2508 Mandan Terrace Gambrills Maryland 21054' is present on page  using regular expression

2023-10-02 18:20:48 - [MESSAGE][PASSED] - Text '2508 Mandan Terrace Gambrills Maryland 21054' is present on page  using regular expression

2023-10-02 18:20:48 - [TEST_STEP][PASSED] - verifyTextPresent("Email:", true): Text 'Email:' is present on page  using regular expression

2023-10-02 18:20:48 - [MESSAGE][PASSED] - Text 'Email:' is present on page  using regular expression

2023-10-02 18:20:48 - [TEST_STEP][PASSED] - verifyTextPresent("iahmed@govolution.com", true): Text 'iahmed@govolution.com' is present on page  using regular expression

2023-10-02 18:20:48 - [MESSAGE][PASSED] - Text 'iahmed@govolution.com' is present on page  using regular expression

2023-10-02 18:20:48 - [TEST_STEP][PASSED] - verifyTextPresent("Phone:", true): Text 'Phone:' is present on page  using regular expression

2023-10-02 18:20:49 - [MESSAGE][PASSED] - Text 'Phone:' is present on page  using regular expression

2023-10-02 18:20:49 - [TEST_STEP][PASSED] - verifyTextPresent("(703) 894-5000", false): Text '(703) 894-5000' is present on page 

2023-10-02 18:20:49 - [MESSAGE][PASSED] - Text '(703) 894-5000' is present on page 

2023-10-02 18:20:49 - [TEST_STEP][PASSED] - verifyTextPresent("Joint Filer Name:", true): Text 'Joint Filer Name:' is present on page  using regular expression

2023-10-02 18:20:50 - [MESSAGE][PASSED] - Text 'Joint Filer Name:' is present on page  using regular expression

2023-10-02 18:20:50 - [TEST_STEP][PASSED] - verifyTextPresent("Joint Filer SSN", true): Text 'Joint Filer SSN' is present on page  using regular expression

2023-10-02 18:20:50 - [MESSAGE][PASSED] - Text 'Joint Filer SSN' is present on page  using regular expression

2023-10-02 18:20:50 - [TEST_STEP][PASSED] - verifyTextPresent("Tax Information", true): Text 'Tax Information' is present on page  using regular expression

2023-10-02 18:20:50 - [MESSAGE][PASSED] - Text 'Tax Information' is present on page  using regular expression

2023-10-02 18:20:50 - [TEST_STEP][PASSED] - verifyTextPresent("Payment Amount:", true): Text 'Payment Amount:' is present on page  using regular expression

2023-10-02 18:20:51 - [MESSAGE][PASSED] - Text 'Payment Amount:' is present on page  using regular expression

2023-10-02 18:20:51 - [TEST_STEP][PASSED] - verifyTextPresent("100.00", true): Text '100.00' is present on page  using regular expression

2023-10-02 18:20:51 - [MESSAGE][PASSED] - Text '100.00' is present on page  using regular expression

2023-10-02 18:20:51 - [TEST_STEP][PASSED] - verifyTextNotPresent("Federal EIN:", true): Text 'Federal EIN:' is not present on page using regular expression

2023-10-02 18:20:52 - [MESSAGE][PASSED] - Text 'Federal EIN:' is not present on page using regular expression

2023-10-02 18:20:52 - [TEST_STEP][PASSED] - verifyTextNotPresent("FEIN/SSN:", true): Text 'FEIN/SSN:' is not present on page using regular expression

2023-10-02 18:20:52 - [MESSAGE][PASSED] - Text 'FEIN/SSN:' is not present on page using regular expression

2023-10-02 18:20:52 - [TEST_STEP][PASSED] - if (verifyElementVisible(findTestObject(orPath_Summary + "/button_Proceed to Payment"))): null

2023-10-02 18:20:52 - [MESSAGE][PASSED] - Object 'Object Repository/RAD_Pages/Summary_Page/button_Proceed to Payment' is visible

2023-10-02 18:20:52 - [TEST_STEP][PASSED] - resText = "Pass": null

2023-10-02 18:20:52 - [TEST_STEP][PASSED] - pages.WriteExcel.demoKey(resText, datText, resColumn, datCloumn, fileLoc, nameSheet, row): pages.WriteExcel.demoKey is PASSED

2023-10-02 18:20:52 - [MESSAGE][PASSED] - pages.WriteExcel.demoKey is PASSED

2023-10-02 18:20:52 - [TEST_STEP][PASSED] - click(findTestObject(orPath_Summary + "/button_Proceed to Payment")): Object: 'Object Repository/RAD_Pages/Summary_Page/button_Proceed to Payment' is clicked on

2023-10-02 18:20:53 - [MESSAGE][PASSED] - Object: 'Object Repository/RAD_Pages/Summary_Page/button_Proceed to Payment' is clicked on

2023-10-02 18:20:53 - [TEST_STEP][PASSED] - ExecuteTC = findTestData(dataFile).getValue("Execute", row): null

2023-10-02 18:20:53 - [TEST_STEP][PASSED] - TaxType = findTestData(dataFile).getValue("TaxType", row): null

2023-10-02 18:20:53 - [TEST_STEP][PASSED] - PaymentType = findTestData(dataFile).getValue("PaymentType", row): null

2023-10-02 18:20:53 - [TEST_STEP][PASSED] - FilingYear = findTestData(dataFile).getValue("Year", row): null

2023-10-02 18:20:54 - [TEST_STEP][PASSED] - if (ExecuteTC.equalsIgnoreCase("Y")): Object: 'Object Repository/RAD_Pages/Summary_Page/button_Proceed to Payment' is clicked on

2023-10-02 18:20:54 - [TEST_STEP][PASSED] - out.println("Begin Record Number: " + row): null

2023-10-02 18:20:54 - [TEST_STEP][PASSED] - today = new java.util.Date(): null

2023-10-02 18:20:54 - [TEST_STEP][PASSED] - println(today): null

2023-10-02 18:20:54 - [TEST_STEP][PASSED] - datText = today: null

2023-10-02 18:20:54 - [TEST_STEP][PASSED] - logInfo("Payment Type: " + PaymentType): Payment Type: New Tax Return Amount Due

2023-10-02 18:20:54 - [MESSAGE][INFO] - Payment Type: New Tax Return Amount Due

2023-10-02 18:20:54 - [TEST_STEP][PASSED] - logInfo("Tax Type: " + TaxType): Tax Type: Personal Income Tax

2023-10-02 18:20:54 - [MESSAGE][INFO] - Tax Type: Personal Income Tax

2023-10-02 18:20:54 - [TEST_STEP][PASSED] - openBrowser(""): Browser is opened with url: ''

2023-10-02 18:20:54 - [MESSAGE][WARNING] - A browser is already opened. Closing browser and opening a new one

2023-10-02 18:20:54 - [MESSAGE][INFO] - Starting 'Chrome' driver

2023-10-02 18:20:54 - [MESSAGE][INFO] - User set preference: ['acceptInsecureCerts', 'true']

2023-10-02 18:20:54 - [MESSAGE][INFO] - Action delay is set to 0 milliseconds

2023-10-02 18:20:56 - [MESSAGE][PASSED] - Browser is opened with url: ''

2023-10-02 18:20:56 - [TEST_STEP][PASSED] - maximizeWindow(): Current window maximized

2023-10-02 18:20:56 - [MESSAGE][PASSED] - Current window maximized

2023-10-02 18:20:56 - [TEST_STEP][PASSED] - navigateToUrl(RADurl): Navigate to 'https://demo.velocitypayment.com/client/rad/index.html' successfully

2023-10-02 18:20:57 - [MESSAGE][PASSED] - Navigate to 'https://demo.velocitypayment.com/client/rad/index.html' successfully

2023-10-02 18:20:57 - [TEST_STEP][PASSED] - selectOptionByLabel(findTestObject(orPath_Landing + "/dd_TaxType"), PaymentType, false): All options with label 'New Tax Return Amount Due' are selected in object 'Object Repository/RAD_Pages/Landing_Page/dd_TaxType' 

2023-10-02 18:20:58 - [MESSAGE][PASSED] - All options with label 'New Tax Return Amount Due' are selected in object 'Object Repository/RAD_Pages/Landing_Page/dd_TaxType' 

2023-10-02 18:20:58 - [TEST_STEP][PASSED] - switch (PaymentType): null

2023-10-02 18:20:58 - [TEST_STEP][PASSED] - case "New Tax Return Amount Due":: null

2023-10-02 18:20:58 - [TEST_STEP][PASSED] - selectOptionByLabel(findTestObject("Object Repository/RAD_Pages/Landing_Page/select_NewTaxReturnAmountDue_TaxType"), TaxType, false): All options with label 'Personal Income Tax' are selected in object 'Object Repository/RAD_Pages/Landing_Page/select_NewTaxReturnAmountDue_TaxType' 

2023-10-02 18:20:59 - [MESSAGE][PASSED] - All options with label 'Personal Income Tax' are selected in object 'Object Repository/RAD_Pages/Landing_Page/select_NewTaxReturnAmountDue_TaxType' 

2023-10-02 18:20:59 - [TEST_STEP][PASSED] - break: null

2023-10-02 18:20:59 - [TEST_STEP][PASSED] - if (!(FilingYear.isEmpty())): All options with label '2021' are selected in object 'Object Repository/RAD_Pages/TaxTypeFilingYear_Page/select_FilingYear' 

2023-10-02 18:20:59 - [TEST_STEP][PASSED] - selectOptionByLabel(findTestObject(orPath_TaxTypeFilingYear + "/select_FilingYear"), FilingYear, false): All options with label '2021' are selected in object 'Object Repository/RAD_Pages/TaxTypeFilingYear_Page/select_FilingYear' 

2023-10-02 18:21:00 - [MESSAGE][PASSED] - All options with label '2021' are selected in object 'Object Repository/RAD_Pages/TaxTypeFilingYear_Page/select_FilingYear' 

2023-10-02 18:21:00 - [TEST_STEP][PASSED] - rad.getSetDataRAD.setDataRADssnAndName(): rad.getSetDataRAD.setDataRADssnAndName is PASSED

2023-10-02 18:21:01 - [MESSAGE][PASSED] - Text 'Jimmy' is set on object 'Object Repository/RAD_Pages/Taxpayer_Page/input_firstName'

2023-10-02 18:21:02 - [MESSAGE][PASSED] - Text 'btes' is set on object 'Object Repository/RAD_Pages/Taxpayer_Page/input_lastName'

2023-10-02 18:21:03 - [MESSAGE][PASSED] - Text '123456724' is set on object 'Object Repository/RAD_RecordAndPlay/input_concatSSN'

2023-10-02 18:21:04 - [MESSAGE][PASSED] - Text '123456724' is set on object 'Object Repository/RAD_RecordAndPlay/input_concatReSSN'

2023-10-02 18:21:04 - [MESSAGE][PASSED] - rad.getSetDataRAD.setDataRADssnAndName is PASSED

2023-10-02 18:21:04 - [TEST_STEP][PASSED] - rad.getSetDataRAD.setDataRADAddress(): rad.getSetDataRAD.setDataRADAddress is PASSED

2023-10-02 18:21:04 - [MESSAGE][PASSED] - All options with label 'United States' are selected in object 'Object Repository/RAD_Pages/AddressAndContactInfo_Page/select_Country' 

2023-10-02 18:21:05 - [MESSAGE][PASSED] - Text '2508 Mandan Terrace' is set on object 'Object Repository/RAD_Pages/AddressAndContactInfo_Page/input_streetAddress1'

2023-10-02 18:21:06 - [MESSAGE][PASSED] - Text '' is set on object 'Object Repository/RAD_Pages/AddressAndContactInfo_Page/input_streetAddress2'

2023-10-02 18:21:07 - [MESSAGE][PASSED] - Text 'Gambrills' is set on object 'Object Repository/RAD_Pages/AddressAndContactInfo_Page/input_city'

2023-10-02 18:21:08 - [MESSAGE][PASSED] - All options with label 'Maryland' are selected in object 'Object Repository/RAD_Pages/AddressAndContactInfo_Page/select_State' 

2023-10-02 18:21:09 - [MESSAGE][PASSED] - Text '21054' is set on object 'Object Repository/RAD_Pages/AddressAndContactInfo_Page/input_zipCode'

2023-10-02 18:21:10 - [MESSAGE][PASSED] - Text '(703) 894-5000' is set on object 'Object Repository/RAD_Pages/AddressAndContactInfo_Page/input_phoneNumber'

2023-10-02 18:21:11 - [MESSAGE][PASSED] - Text 'iahmed@govolution.com' is set on object 'Object Repository/RAD_Pages/AddressAndContactInfo_Page/input_eMailAddress'

2023-10-02 18:21:12 - [MESSAGE][PASSED] - Text 'iahmed@govolution.com' is set on object 'Object Repository/RAD_Pages/AddressAndContactInfo_Page/input_reEnterEMailAddress'

2023-10-02 18:21:12 - [MESSAGE][PASSED] - rad.getSetDataRAD.setDataRADAddress is PASSED

2023-10-02 18:21:12 - [TEST_STEP][PASSED] - scrollToElement(findTestObject(orPath_Landing + "/button_Continue"), 3): Scroll to object 'Object Repository/RAD_Pages/Landing_Page/button_Continue' successfully

2023-10-02 18:21:12 - [MESSAGE][PASSED] - Scroll to object 'Object Repository/RAD_Pages/Landing_Page/button_Continue' successfully

2023-10-02 18:21:12 - [TEST_STEP][PASSED] - waitForElementClickable(findTestObject(orPath_FilingStatus + "/input_JointFiling_userType_New"), 5): Object 'Object Repository/RAD_Pages/FilingStatus_Page/input_JointFiling_userType_New' is clickable

2023-10-02 18:21:12 - [MESSAGE][PASSED] - Object 'Object Repository/RAD_Pages/FilingStatus_Page/input_JointFiling_userType_New' is clickable

2023-10-02 18:21:12 - [TEST_STEP][PASSED] - check(findTestObject(orPath_FilingStatus + "/input_JointFiling_userType_New")): Object 'Object Repository/RAD_Pages/FilingStatus_Page/input_JointFiling_userType_New' is checked

2023-10-02 18:21:13 - [MESSAGE][PASSED] - Object 'Object Repository/RAD_Pages/FilingStatus_Page/input_JointFiling_userType_New' is checked

2023-10-02 18:21:13 - [TEST_STEP][PASSED] - delay(2): Delayed 2 second(s)

2023-10-02 18:21:15 - [MESSAGE][PASSED] - Delayed 2 second(s)

2023-10-02 18:21:15 - [TEST_STEP][PASSED] - rad.getSetDataRAD.setDataRADssnAndNameJointFiler(): rad.getSetDataRAD.setDataRADssnAndNameJointFiler is PASSED

2023-10-02 18:21:16 - [MESSAGE][PASSED] - Text 'Larsons' is set on object 'Object Repository/RAD_Pages/FilingStatus_Page/input_jointFirstName'

2023-10-02 18:21:17 - [MESSAGE][PASSED] - Text 'ctes' is set on object 'Object Repository/RAD_Pages/FilingStatus_Page/input_jointLastName'

2023-10-02 18:21:17 - [MESSAGE][PASSED] - Text '123456723' is set on object 'Object Repository/RAD_RecordAndPlay/input_JointFilerSSN'

2023-10-02 18:21:18 - [MESSAGE][PASSED] - Text '123456723' is set on object 'Object Repository/RAD_RecordAndPlay/input_reTypeJointFilerSSN'

2023-10-02 18:21:18 - [MESSAGE][PASSED] - rad.getSetDataRAD.setDataRADssnAndNameJointFiler is PASSED

2023-10-02 18:21:18 - [TEST_STEP][PASSED] - setText(findTestObject(orPath_Amount + "/input__paymentAmount"), "100.00"): Text '100.00' is set on object 'Object Repository/RAD_Pages/PaymentAmount_Page/input__paymentAmount'

2023-10-02 18:21:19 - [MESSAGE][PASSED] - Text '100.00' is set on object 'Object Repository/RAD_Pages/PaymentAmount_Page/input__paymentAmount'

2023-10-02 18:21:19 - [TEST_STEP][PASSED] - setText(findTestObject(orPath_AddressContact + "/input_streetAddress2"), ""): Text '' is set on object 'Object Repository/RAD_Pages/AddressAndContactInfo_Page/input_streetAddress2'

2023-10-02 18:21:20 - [MESSAGE][PASSED] - Text '' is set on object 'Object Repository/RAD_Pages/AddressAndContactInfo_Page/input_streetAddress2'

2023-10-02 18:21:20 - [TEST_STEP][PASSED] - scrollToElement(findTestObject(orPath_Landing + "/button_Continue"), 3): Scroll to object 'Object Repository/RAD_Pages/Landing_Page/button_Continue' successfully

2023-10-02 18:21:20 - [MESSAGE][PASSED] - Scroll to object 'Object Repository/RAD_Pages/Landing_Page/button_Continue' successfully

2023-10-02 18:21:20 - [TEST_STEP][PASSED] - waitForElementClickable(findTestObject(orPath_Landing + "/button_Continue"), 5): Object 'Object Repository/RAD_Pages/Landing_Page/button_Continue' is clickable

2023-10-02 18:21:21 - [MESSAGE][PASSED] - Object 'Object Repository/RAD_Pages/Landing_Page/button_Continue' is clickable

2023-10-02 18:21:21 - [TEST_STEP][PASSED] - click(findTestObject(orPath_Landing + "/button_Continue")): Object: 'Object Repository/RAD_Pages/Landing_Page/button_Continue' is clicked on

2023-10-02 18:21:21 - [MESSAGE][PASSED] - Object: 'Object Repository/RAD_Pages/Landing_Page/button_Continue' is clicked on

2023-10-02 18:21:21 - [TEST_STEP][PASSED] - delay(2): Delayed 2 second(s)

2023-10-02 18:21:23 - [MESSAGE][PASSED] - Delayed 2 second(s)

2023-10-02 18:21:23 - [TEST_STEP][PASSED] - verifyTextPresent("Summary", true): Text 'Summary' is present on page  using regular expression

2023-10-02 18:21:23 - [MESSAGE][PASSED] - Text 'Summary' is present on page  using regular expression

2023-10-02 18:21:23 - [TEST_STEP][PASSED] - verifyTextPresent("Review the information below and make any necessary corrections by clicking the", true): Text 'Review the information below and make any necessary corrections by clicking the' is present on page  using regular expression

2023-10-02 18:21:24 - [MESSAGE][PASSED] - Text 'Review the information below and make any necessary corrections by clicking the' is present on page  using regular expression

2023-10-02 18:21:24 - [TEST_STEP][PASSED] - verifyTextPresent("When you are confident that all the information is correct, click the", true): Text 'When you are confident that all the information is correct, click the' is present on page  using regular expression

2023-10-02 18:21:24 - [MESSAGE][PASSED] - Text 'When you are confident that all the information is correct, click the' is present on page  using regular expression

2023-10-02 18:21:24 - [TEST_STEP][PASSED] - verifyTextPresent("Payment Type/Filing Year", true): Text 'Payment Type/Filing Year' is present on page  using regular expression

2023-10-02 18:21:25 - [MESSAGE][PASSED] - Text 'Payment Type/Filing Year' is present on page  using regular expression

2023-10-02 18:21:25 - [TEST_STEP][PASSED] - verifyTextPresent("Payment Type:", true): Text 'Payment Type:' is present on page  using regular expression

2023-10-02 18:21:25 - [MESSAGE][PASSED] - Text 'Payment Type:' is present on page  using regular expression

2023-10-02 18:21:25 - [TEST_STEP][PASSED] - verifyTextPresent(PaymentType, true): Text 'New Tax Return Amount Due' is present on page  using regular expression

2023-10-02 18:21:25 - [MESSAGE][PASSED] - Text 'New Tax Return Amount Due' is present on page  using regular expression

2023-10-02 18:21:25 - [TEST_STEP][PASSED] - verifyTextPresent("Filing Year:", true): Text 'Filing Year:' is present on page  using regular expression

2023-10-02 18:21:26 - [MESSAGE][PASSED] - Text 'Filing Year:' is present on page  using regular expression

2023-10-02 18:21:26 - [TEST_STEP][PASSED] - verifyTextPresent(FilingYear, true): Text '2021' is present on page  using regular expression

2023-10-02 18:21:26 - [MESSAGE][PASSED] - Text '2021' is present on page  using regular expression

2023-10-02 18:21:26 - [TEST_STEP][PASSED] - verifyTextPresent("Payer Information", true): Text 'Payer Information' is present on page  using regular expression

2023-10-02 18:21:27 - [MESSAGE][PASSED] - Text 'Payer Information' is present on page  using regular expression

2023-10-02 18:21:27 - [TEST_STEP][PASSED] - verifyTextPresent("Taxpayer Name:", true): Text 'Taxpayer Name:' is present on page  using regular expression

2023-10-02 18:21:27 - [MESSAGE][PASSED] - Text 'Taxpayer Name:' is present on page  using regular expression

2023-10-02 18:21:27 - [TEST_STEP][PASSED] - switch (executionProfile): null

2023-10-02 18:21:27 - [TEST_STEP][PASSED] - case "DemoProfile":: null

2023-10-02 18:21:27 - [TEST_STEP][PASSED] - verifyTextPresent("Jimmy btes", true): Text 'Jimmy btes' is present on page  using regular expression

2023-10-02 18:21:27 - [MESSAGE][PASSED] - Text 'Jimmy btes' is present on page  using regular expression

2023-10-02 18:21:27 - [TEST_STEP][PASSED] - verifyTextPresent("Larsons ctes", true): Text 'Larsons ctes' is present on page  using regular expression

2023-10-02 18:21:28 - [MESSAGE][PASSED] - Text 'Larsons ctes' is present on page  using regular expression

2023-10-02 18:21:28 - [TEST_STEP][PASSED] - break: null

2023-10-02 18:21:28 - [TEST_STEP][PASSED] - verifyTextPresent("Taxpayer SSN:", true): Text 'Taxpayer SSN:' is present on page  using regular expression

2023-10-02 18:21:28 - [MESSAGE][PASSED] - Text 'Taxpayer SSN:' is present on page  using regular expression

2023-10-02 18:21:28 - [TEST_STEP][PASSED] - verifyTextPresent("Taxpayer Address:", true): Text 'Taxpayer Address:' is present on page  using regular expression

2023-10-02 18:21:28 - [MESSAGE][PASSED] - Text 'Taxpayer Address:' is present on page  using regular expression

2023-10-02 18:21:28 - [TEST_STEP][PASSED] - verifyTextPresent("2508 Mandan Terrace Gambrills Maryland 21054", true): Text '2508 Mandan Terrace Gambrills Maryland 21054' is present on page  using regular expression

2023-10-02 18:21:29 - [MESSAGE][PASSED] - Text '2508 Mandan Terrace Gambrills Maryland 21054' is present on page  using regular expression

2023-10-02 18:21:29 - [TEST_STEP][PASSED] - verifyTextPresent("Email:", true): Text 'Email:' is present on page  using regular expression

2023-10-02 18:21:29 - [MESSAGE][PASSED] - Text 'Email:' is present on page  using regular expression

2023-10-02 18:21:29 - [TEST_STEP][PASSED] - verifyTextPresent("iahmed@govolution.com", true): Text 'iahmed@govolution.com' is present on page  using regular expression

2023-10-02 18:21:29 - [MESSAGE][PASSED] - Text 'iahmed@govolution.com' is present on page  using regular expression

2023-10-02 18:21:29 - [TEST_STEP][PASSED] - verifyTextPresent("Phone:", true): Text 'Phone:' is present on page  using regular expression

2023-10-02 18:21:30 - [MESSAGE][PASSED] - Text 'Phone:' is present on page  using regular expression

2023-10-02 18:21:30 - [TEST_STEP][PASSED] - verifyTextPresent("(703) 894-5000", false): Text '(703) 894-5000' is present on page 

2023-10-02 18:21:30 - [MESSAGE][PASSED] - Text '(703) 894-5000' is present on page 

2023-10-02 18:21:30 - [TEST_STEP][PASSED] - verifyTextPresent("Joint Filer Name:", true): Text 'Joint Filer Name:' is present on page  using regular expression

2023-10-02 18:21:31 - [MESSAGE][PASSED] - Text 'Joint Filer Name:' is present on page  using regular expression

2023-10-02 18:21:31 - [TEST_STEP][PASSED] - verifyTextPresent("Joint Filer SSN", true): Text 'Joint Filer SSN' is present on page  using regular expression

2023-10-02 18:21:31 - [MESSAGE][PASSED] - Text 'Joint Filer SSN' is present on page  using regular expression

2023-10-02 18:21:31 - [TEST_STEP][PASSED] - verifyTextPresent("Tax Information", true): Text 'Tax Information' is present on page  using regular expression

2023-10-02 18:21:31 - [MESSAGE][PASSED] - Text 'Tax Information' is present on page  using regular expression

2023-10-02 18:21:31 - [TEST_STEP][PASSED] - verifyTextPresent("Payment Amount:", true): Text 'Payment Amount:' is present on page  using regular expression

2023-10-02 18:21:32 - [MESSAGE][PASSED] - Text 'Payment Amount:' is present on page  using regular expression

2023-10-02 18:21:32 - [TEST_STEP][PASSED] - verifyTextPresent("100.00", true): Text '100.00' is present on page  using regular expression

2023-10-02 18:21:32 - [MESSAGE][PASSED] - Text '100.00' is present on page  using regular expression

2023-10-02 18:21:32 - [TEST_STEP][PASSED] - verifyTextNotPresent("Federal EIN:", true): Text 'Federal EIN:' is not present on page using regular expression

2023-10-02 18:21:32 - [MESSAGE][PASSED] - Text 'Federal EIN:' is not present on page using regular expression

2023-10-02 18:21:32 - [TEST_STEP][PASSED] - verifyTextNotPresent("FEIN/SSN:", true): Text 'FEIN/SSN:' is not present on page using regular expression

2023-10-02 18:21:33 - [MESSAGE][PASSED] - Text 'FEIN/SSN:' is not present on page using regular expression

2023-10-02 18:21:33 - [TEST_STEP][PASSED] - if (verifyElementVisible(findTestObject(orPath_Summary + "/button_Proceed to Payment"))): null

2023-10-02 18:21:33 - [MESSAGE][PASSED] - Object 'Object Repository/RAD_Pages/Summary_Page/button_Proceed to Payment' is visible

2023-10-02 18:21:33 - [TEST_STEP][PASSED] - resText = "Pass": null

2023-10-02 18:21:33 - [TEST_STEP][PASSED] - pages.WriteExcel.demoKey(resText, datText, resColumn, datCloumn, fileLoc, nameSheet, row): pages.WriteExcel.demoKey is PASSED

2023-10-02 18:21:33 - [MESSAGE][PASSED] - pages.WriteExcel.demoKey is PASSED

2023-10-02 18:21:33 - [TEST_STEP][PASSED] - click(findTestObject(orPath_Summary + "/button_Proceed to Payment")): Object: 'Object Repository/RAD_Pages/Summary_Page/button_Proceed to Payment' is clicked on

2023-10-02 18:21:34 - [MESSAGE][PASSED] - Object: 'Object Repository/RAD_Pages/Summary_Page/button_Proceed to Payment' is clicked on

2023-10-02 18:21:34 - [TEST_STEP][PASSED] - ExecuteTC = findTestData(dataFile).getValue("Execute", row): null

2023-10-02 18:21:34 - [TEST_STEP][PASSED] - TaxType = findTestData(dataFile).getValue("TaxType", row): null

2023-10-02 18:21:34 - [TEST_STEP][PASSED] - PaymentType = findTestData(dataFile).getValue("PaymentType", row): null

2023-10-02 18:21:35 - [TEST_STEP][PASSED] - FilingYear = findTestData(dataFile).getValue("Year", row): null

2023-10-02 18:21:35 - [TEST_STEP][PASSED] - if (ExecuteTC.equalsIgnoreCase("Y")): Object: 'Object Repository/RAD_Pages/Summary_Page/button_Proceed to Payment' is clicked on

2023-10-02 18:21:35 - [TEST_STEP][PASSED] - out.println("Begin Record Number: " + row): null

2023-10-02 18:21:35 - [TEST_STEP][PASSED] - today = new java.util.Date(): null

2023-10-02 18:21:35 - [TEST_STEP][PASSED] - println(today): null

2023-10-02 18:21:35 - [TEST_STEP][PASSED] - datText = today: null

2023-10-02 18:21:35 - [TEST_STEP][PASSED] - logInfo("Payment Type: " + PaymentType): Payment Type: New Tax Return Amount Due

2023-10-02 18:21:35 - [MESSAGE][INFO] - Payment Type: New Tax Return Amount Due

2023-10-02 18:21:35 - [TEST_STEP][PASSED] - logInfo("Tax Type: " + TaxType): Tax Type: Personal Income Tax

2023-10-02 18:21:35 - [MESSAGE][INFO] - Tax Type: Personal Income Tax

2023-10-02 18:21:35 - [TEST_STEP][PASSED] - openBrowser(""): Browser is opened with url: ''

2023-10-02 18:21:35 - [MESSAGE][WARNING] - A browser is already opened. Closing browser and opening a new one

2023-10-02 18:21:36 - [MESSAGE][INFO] - Starting 'Chrome' driver

2023-10-02 18:21:36 - [MESSAGE][INFO] - User set preference: ['acceptInsecureCerts', 'true']

2023-10-02 18:21:36 - [MESSAGE][INFO] - Action delay is set to 0 milliseconds

2023-10-02 18:21:37 - [MESSAGE][PASSED] - Browser is opened with url: ''

2023-10-02 18:21:37 - [TEST_STEP][PASSED] - maximizeWindow(): Current window maximized

2023-10-02 18:21:37 - [MESSAGE][PASSED] - Current window maximized

2023-10-02 18:21:37 - [TEST_STEP][PASSED] - navigateToUrl(RADurl): Navigate to 'https://demo.velocitypayment.com/client/rad/index.html' successfully

2023-10-02 18:21:38 - [MESSAGE][PASSED] - Navigate to 'https://demo.velocitypayment.com/client/rad/index.html' successfully

2023-10-02 18:21:38 - [TEST_STEP][PASSED] - selectOptionByLabel(findTestObject(orPath_Landing + "/dd_TaxType"), PaymentType, false): All options with label 'New Tax Return Amount Due' are selected in object 'Object Repository/RAD_Pages/Landing_Page/dd_TaxType' 

2023-10-02 18:21:39 - [MESSAGE][PASSED] - All options with label 'New Tax Return Amount Due' are selected in object 'Object Repository/RAD_Pages/Landing_Page/dd_TaxType' 

2023-10-02 18:21:39 - [TEST_STEP][PASSED] - switch (PaymentType): null

2023-10-02 18:21:39 - [TEST_STEP][PASSED] - case "New Tax Return Amount Due":: null

2023-10-02 18:21:39 - [TEST_STEP][PASSED] - selectOptionByLabel(findTestObject("Object Repository/RAD_Pages/Landing_Page/select_NewTaxReturnAmountDue_TaxType"), TaxType, false): All options with label 'Personal Income Tax' are selected in object 'Object Repository/RAD_Pages/Landing_Page/select_NewTaxReturnAmountDue_TaxType' 

2023-10-02 18:21:40 - [MESSAGE][PASSED] - All options with label 'Personal Income Tax' are selected in object 'Object Repository/RAD_Pages/Landing_Page/select_NewTaxReturnAmountDue_TaxType' 

2023-10-02 18:21:40 - [TEST_STEP][PASSED] - break: null

2023-10-02 18:21:40 - [TEST_STEP][PASSED] - if (!(FilingYear.isEmpty())): All options with label '2020' are selected in object 'Object Repository/RAD_Pages/TaxTypeFilingYear_Page/select_FilingYear' 

2023-10-02 18:21:40 - [TEST_STEP][PASSED] - selectOptionByLabel(findTestObject(orPath_TaxTypeFilingYear + "/select_FilingYear"), FilingYear, false): All options with label '2020' are selected in object 'Object Repository/RAD_Pages/TaxTypeFilingYear_Page/select_FilingYear' 

2023-10-02 18:21:41 - [MESSAGE][PASSED] - All options with label '2020' are selected in object 'Object Repository/RAD_Pages/TaxTypeFilingYear_Page/select_FilingYear' 

2023-10-02 18:21:41 - [TEST_STEP][PASSED] - rad.getSetDataRAD.setDataRADssnAndName(): rad.getSetDataRAD.setDataRADssnAndName is PASSED

2023-10-02 18:21:42 - [MESSAGE][PASSED] - Text 'Jimmy' is set on object 'Object Repository/RAD_Pages/Taxpayer_Page/input_firstName'

2023-10-02 18:21:43 - [MESSAGE][PASSED] - Text 'btes' is set on object 'Object Repository/RAD_Pages/Taxpayer_Page/input_lastName'

2023-10-02 18:21:44 - [MESSAGE][PASSED] - Text '123456724' is set on object 'Object Repository/RAD_RecordAndPlay/input_concatSSN'

2023-10-02 18:21:45 - [MESSAGE][PASSED] - Text '123456724' is set on object 'Object Repository/RAD_RecordAndPlay/input_concatReSSN'

2023-10-02 18:21:45 - [MESSAGE][PASSED] - rad.getSetDataRAD.setDataRADssnAndName is PASSED

2023-10-02 18:21:45 - [TEST_STEP][PASSED] - rad.getSetDataRAD.setDataRADAddress(): rad.getSetDataRAD.setDataRADAddress is PASSED

2023-10-02 18:21:45 - [MESSAGE][PASSED] - All options with label 'United States' are selected in object 'Object Repository/RAD_Pages/AddressAndContactInfo_Page/select_Country' 

2023-10-02 18:21:46 - [MESSAGE][PASSED] - Text '2508 Mandan Terrace' is set on object 'Object Repository/RAD_Pages/AddressAndContactInfo_Page/input_streetAddress1'

2023-10-02 18:21:47 - [MESSAGE][PASSED] - Text '' is set on object 'Object Repository/RAD_Pages/AddressAndContactInfo_Page/input_streetAddress2'

2023-10-02 18:21:48 - [MESSAGE][PASSED] - Text 'Gambrills' is set on object 'Object Repository/RAD_Pages/AddressAndContactInfo_Page/input_city'

2023-10-02 18:21:49 - [MESSAGE][PASSED] - All options with label 'Maryland' are selected in object 'Object Repository/RAD_Pages/AddressAndContactInfo_Page/select_State' 

2023-10-02 18:21:50 - [MESSAGE][PASSED] - Text '21054' is set on object 'Object Repository/RAD_Pages/AddressAndContactInfo_Page/input_zipCode'

2023-10-02 18:21:51 - [MESSAGE][PASSED] - Text '(703) 894-5000' is set on object 'Object Repository/RAD_Pages/AddressAndContactInfo_Page/input_phoneNumber'

2023-10-02 18:21:52 - [MESSAGE][PASSED] - Text 'iahmed@govolution.com' is set on object 'Object Repository/RAD_Pages/AddressAndContactInfo_Page/input_eMailAddress'

2023-10-02 18:21:53 - [MESSAGE][PASSED] - Text 'iahmed@govolution.com' is set on object 'Object Repository/RAD_Pages/AddressAndContactInfo_Page/input_reEnterEMailAddress'

2023-10-02 18:21:53 - [MESSAGE][PASSED] - rad.getSetDataRAD.setDataRADAddress is PASSED

2023-10-02 18:21:53 - [TEST_STEP][PASSED] - scrollToElement(findTestObject(orPath_Landing + "/button_Continue"), 3): Scroll to object 'Object Repository/RAD_Pages/Landing_Page/button_Continue' successfully

2023-10-02 18:21:53 - [MESSAGE][PASSED] - Scroll to object 'Object Repository/RAD_Pages/Landing_Page/button_Continue' successfully

2023-10-02 18:21:53 - [TEST_STEP][PASSED] - waitForElementClickable(findTestObject(orPath_FilingStatus + "/input_JointFiling_userType_New"), 5): Object 'Object Repository/RAD_Pages/FilingStatus_Page/input_JointFiling_userType_New' is clickable

2023-10-02 18:21:54 - [MESSAGE][PASSED] - Object 'Object Repository/RAD_Pages/FilingStatus_Page/input_JointFiling_userType_New' is clickable

2023-10-02 18:21:54 - [TEST_STEP][PASSED] - check(findTestObject(orPath_FilingStatus + "/input_JointFiling_userType_New")): Object 'Object Repository/RAD_Pages/FilingStatus_Page/input_JointFiling_userType_New' is checked

2023-10-02 18:21:54 - [MESSAGE][PASSED] - Object 'Object Repository/RAD_Pages/FilingStatus_Page/input_JointFiling_userType_New' is checked

2023-10-02 18:21:54 - [TEST_STEP][PASSED] - delay(2): Delayed 2 second(s)

2023-10-02 18:21:56 - [MESSAGE][PASSED] - Delayed 2 second(s)

2023-10-02 18:21:56 - [TEST_STEP][PASSED] - rad.getSetDataRAD.setDataRADssnAndNameJointFiler(): rad.getSetDataRAD.setDataRADssnAndNameJointFiler is PASSED

2023-10-02 18:21:57 - [MESSAGE][PASSED] - Text 'Larsons' is set on object 'Object Repository/RAD_Pages/FilingStatus_Page/input_jointFirstName'

2023-10-02 18:21:58 - [MESSAGE][PASSED] - Text 'ctes' is set on object 'Object Repository/RAD_Pages/FilingStatus_Page/input_jointLastName'

2023-10-02 18:21:58 - [MESSAGE][PASSED] - Text '123456723' is set on object 'Object Repository/RAD_RecordAndPlay/input_JointFilerSSN'

2023-10-02 18:21:59 - [MESSAGE][PASSED] - Text '123456723' is set on object 'Object Repository/RAD_RecordAndPlay/input_reTypeJointFilerSSN'

2023-10-02 18:21:59 - [MESSAGE][PASSED] - rad.getSetDataRAD.setDataRADssnAndNameJointFiler is PASSED

2023-10-02 18:21:59 - [TEST_STEP][PASSED] - setText(findTestObject(orPath_Amount + "/input__paymentAmount"), "100.00"): Text '100.00' is set on object 'Object Repository/RAD_Pages/PaymentAmount_Page/input__paymentAmount'

2023-10-02 18:22:00 - [MESSAGE][PASSED] - Text '100.00' is set on object 'Object Repository/RAD_Pages/PaymentAmount_Page/input__paymentAmount'

2023-10-02 18:22:00 - [TEST_STEP][PASSED] - setText(findTestObject(orPath_AddressContact + "/input_streetAddress2"), ""): Text '' is set on object 'Object Repository/RAD_Pages/AddressAndContactInfo_Page/input_streetAddress2'

2023-10-02 18:22:01 - [MESSAGE][PASSED] - Text '' is set on object 'Object Repository/RAD_Pages/AddressAndContactInfo_Page/input_streetAddress2'

2023-10-02 18:22:01 - [TEST_STEP][PASSED] - scrollToElement(findTestObject(orPath_Landing + "/button_Continue"), 3): Scroll to object 'Object Repository/RAD_Pages/Landing_Page/button_Continue' successfully

2023-10-02 18:22:01 - [MESSAGE][PASSED] - Scroll to object 'Object Repository/RAD_Pages/Landing_Page/button_Continue' successfully

2023-10-02 18:22:01 - [TEST_STEP][PASSED] - waitForElementClickable(findTestObject(orPath_Landing + "/button_Continue"), 5): Object 'Object Repository/RAD_Pages/Landing_Page/button_Continue' is clickable

2023-10-02 18:22:02 - [MESSAGE][PASSED] - Object 'Object Repository/RAD_Pages/Landing_Page/button_Continue' is clickable

2023-10-02 18:22:02 - [TEST_STEP][PASSED] - click(findTestObject(orPath_Landing + "/button_Continue")): Object: 'Object Repository/RAD_Pages/Landing_Page/button_Continue' is clicked on

2023-10-02 18:22:02 - [MESSAGE][PASSED] - Object: 'Object Repository/RAD_Pages/Landing_Page/button_Continue' is clicked on

2023-10-02 18:22:02 - [TEST_STEP][PASSED] - delay(2): Delayed 2 second(s)

2023-10-02 18:22:04 - [MESSAGE][PASSED] - Delayed 2 second(s)

2023-10-02 18:22:04 - [TEST_STEP][PASSED] - verifyTextPresent("Summary", true): Text 'Summary' is present on page  using regular expression

2023-10-02 18:22:05 - [MESSAGE][PASSED] - Text 'Summary' is present on page  using regular expression

2023-10-02 18:22:05 - [TEST_STEP][PASSED] - verifyTextPresent("Review the information below and make any necessary corrections by clicking the", true): Text 'Review the information below and make any necessary corrections by clicking the' is present on page  using regular expression

2023-10-02 18:22:05 - [MESSAGE][PASSED] - Text 'Review the information below and make any necessary corrections by clicking the' is present on page  using regular expression

2023-10-02 18:22:05 - [TEST_STEP][PASSED] - verifyTextPresent("When you are confident that all the information is correct, click the", true): Text 'When you are confident that all the information is correct, click the' is present on page  using regular expression

2023-10-02 18:22:05 - [MESSAGE][PASSED] - Text 'When you are confident that all the information is correct, click the' is present on page  using regular expression

2023-10-02 18:22:05 - [TEST_STEP][PASSED] - verifyTextPresent("Payment Type/Filing Year", true): Text 'Payment Type/Filing Year' is present on page  using regular expression

2023-10-02 18:22:06 - [MESSAGE][PASSED] - Text 'Payment Type/Filing Year' is present on page  using regular expression

2023-10-02 18:22:06 - [TEST_STEP][PASSED] - verifyTextPresent("Payment Type:", true): Text 'Payment Type:' is present on page  using regular expression

2023-10-02 18:22:06 - [MESSAGE][PASSED] - Text 'Payment Type:' is present on page  using regular expression

2023-10-02 18:22:06 - [TEST_STEP][PASSED] - verifyTextPresent(PaymentType, true): Text 'New Tax Return Amount Due' is present on page  using regular expression

2023-10-02 18:22:07 - [MESSAGE][PASSED] - Text 'New Tax Return Amount Due' is present on page  using regular expression

2023-10-02 18:22:07 - [TEST_STEP][PASSED] - verifyTextPresent("Filing Year:", true): Text 'Filing Year:' is present on page  using regular expression

2023-10-02 18:22:07 - [MESSAGE][PASSED] - Text 'Filing Year:' is present on page  using regular expression

2023-10-02 18:22:07 - [TEST_STEP][PASSED] - verifyTextPresent(FilingYear, true): Text '2020' is present on page  using regular expression

2023-10-02 18:22:07 - [MESSAGE][PASSED] - Text '2020' is present on page  using regular expression

2023-10-02 18:22:07 - [TEST_STEP][PASSED] - verifyTextPresent("Payer Information", true): Text 'Payer Information' is present on page  using regular expression

2023-10-02 18:22:08 - [MESSAGE][PASSED] - Text 'Payer Information' is present on page  using regular expression

2023-10-02 18:22:08 - [TEST_STEP][PASSED] - verifyTextPresent("Taxpayer Name:", true): Text 'Taxpayer Name:' is present on page  using regular expression

2023-10-02 18:22:08 - [MESSAGE][PASSED] - Text 'Taxpayer Name:' is present on page  using regular expression

2023-10-02 18:22:08 - [TEST_STEP][PASSED] - switch (executionProfile): null

2023-10-02 18:22:08 - [TEST_STEP][PASSED] - case "DemoProfile":: null

2023-10-02 18:22:08 - [TEST_STEP][PASSED] - verifyTextPresent("Jimmy btes", true): Text 'Jimmy btes' is present on page  using regular expression

2023-10-02 18:22:08 - [MESSAGE][PASSED] - Text 'Jimmy btes' is present on page  using regular expression

2023-10-02 18:22:08 - [TEST_STEP][PASSED] - verifyTextPresent("Larsons ctes", true): Text 'Larsons ctes' is present on page  using regular expression

2023-10-02 18:22:09 - [MESSAGE][PASSED] - Text 'Larsons ctes' is present on page  using regular expression

2023-10-02 18:22:09 - [TEST_STEP][PASSED] - break: null

2023-10-02 18:22:09 - [TEST_STEP][PASSED] - verifyTextPresent("Taxpayer SSN:", true): Text 'Taxpayer SSN:' is present on page  using regular expression

2023-10-02 18:22:09 - [MESSAGE][PASSED] - Text 'Taxpayer SSN:' is present on page  using regular expression

2023-10-02 18:22:09 - [TEST_STEP][PASSED] - verifyTextPresent("Taxpayer Address:", true): Text 'Taxpayer Address:' is present on page  using regular expression

2023-10-02 18:22:10 - [MESSAGE][PASSED] - Text 'Taxpayer Address:' is present on page  using regular expression

2023-10-02 18:22:10 - [TEST_STEP][PASSED] - verifyTextPresent("2508 Mandan Terrace Gambrills Maryland 21054", true): Text '2508 Mandan Terrace Gambrills Maryland 21054' is present on page  using regular expression

2023-10-02 18:22:10 - [MESSAGE][PASSED] - Text '2508 Mandan Terrace Gambrills Maryland 21054' is present on page  using regular expression

2023-10-02 18:22:10 - [TEST_STEP][PASSED] - verifyTextPresent("Email:", true): Text 'Email:' is present on page  using regular expression

2023-10-02 18:22:10 - [MESSAGE][PASSED] - Text 'Email:' is present on page  using regular expression

2023-10-02 18:22:10 - [TEST_STEP][PASSED] - verifyTextPresent("iahmed@govolution.com", true): Text 'iahmed@govolution.com' is present on page  using regular expression

2023-10-02 18:22:11 - [MESSAGE][PASSED] - Text 'iahmed@govolution.com' is present on page  using regular expression

2023-10-02 18:22:11 - [TEST_STEP][PASSED] - verifyTextPresent("Phone:", true): Text 'Phone:' is present on page  using regular expression

2023-10-02 18:22:11 - [MESSAGE][PASSED] - Text 'Phone:' is present on page  using regular expression

2023-10-02 18:22:11 - [TEST_STEP][PASSED] - verifyTextPresent("(703) 894-5000", false): Text '(703) 894-5000' is present on page 

2023-10-02 18:22:11 - [MESSAGE][PASSED] - Text '(703) 894-5000' is present on page 

2023-10-02 18:22:11 - [TEST_STEP][PASSED] - verifyTextPresent("Joint Filer Name:", true): Text 'Joint Filer Name:' is present on page  using regular expression

2023-10-02 18:22:12 - [MESSAGE][PASSED] - Text 'Joint Filer Name:' is present on page  using regular expression

2023-10-02 18:22:12 - [TEST_STEP][PASSED] - verifyTextPresent("Joint Filer SSN", true): Text 'Joint Filer SSN' is present on page  using regular expression

2023-10-02 18:22:12 - [MESSAGE][PASSED] - Text 'Joint Filer SSN' is present on page  using regular expression

2023-10-02 18:22:12 - [TEST_STEP][PASSED] - verifyTextPresent("Tax Information", true): Text 'Tax Information' is present on page  using regular expression

2023-10-02 18:22:13 - [MESSAGE][PASSED] - Text 'Tax Information' is present on page  using regular expression

2023-10-02 18:22:13 - [TEST_STEP][PASSED] - verifyTextPresent("Payment Amount:", true): Text 'Payment Amount:' is present on page  using regular expression

2023-10-02 18:22:13 - [MESSAGE][PASSED] - Text 'Payment Amount:' is present on page  using regular expression

2023-10-02 18:22:13 - [TEST_STEP][PASSED] - verifyTextPresent("100.00", true): Text '100.00' is present on page  using regular expression

2023-10-02 18:22:13 - [MESSAGE][PASSED] - Text '100.00' is present on page  using regular expression

2023-10-02 18:22:13 - [TEST_STEP][PASSED] - verifyTextNotPresent("Federal EIN:", true): Text 'Federal EIN:' is not present on page using regular expression

2023-10-02 18:22:14 - [MESSAGE][PASSED] - Text 'Federal EIN:' is not present on page using regular expression

2023-10-02 18:22:14 - [TEST_STEP][PASSED] - verifyTextNotPresent("FEIN/SSN:", true): Text 'FEIN/SSN:' is not present on page using regular expression

2023-10-02 18:22:14 - [MESSAGE][PASSED] - Text 'FEIN/SSN:' is not present on page using regular expression

2023-10-02 18:22:14 - [TEST_STEP][PASSED] - if (verifyElementVisible(findTestObject(orPath_Summary + "/button_Proceed to Payment"))): null

2023-10-02 18:22:14 - [MESSAGE][PASSED] - Object 'Object Repository/RAD_Pages/Summary_Page/button_Proceed to Payment' is visible

2023-10-02 18:22:14 - [TEST_STEP][PASSED] - resText = "Pass": null

2023-10-02 18:22:14 - [TEST_STEP][PASSED] - pages.WriteExcel.demoKey(resText, datText, resColumn, datCloumn, fileLoc, nameSheet, row): pages.WriteExcel.demoKey is PASSED

2023-10-02 18:22:14 - [MESSAGE][PASSED] - pages.WriteExcel.demoKey is PASSED

2023-10-02 18:22:14 - [TEST_STEP][PASSED] - click(findTestObject(orPath_Summary + "/button_Proceed to Payment")): Object: 'Object Repository/RAD_Pages/Summary_Page/button_Proceed to Payment' is clicked on

2023-10-02 18:22:16 - [MESSAGE][PASSED] - Object: 'Object Repository/RAD_Pages/Summary_Page/button_Proceed to Payment' is clicked on]]></system-out>
         <system-err><![CDATA[]]></system-err>
      </testcase>
      <system-out><![CDATA[2023-10-02 17:51:39 - [TEST_SUITE][PASSED] - RAD_UI_TestSuite: Test Cases/RAD_TestCases/Summary_TestCases/Personal_Joint_Summary_TC]]></system-out>
      <system-err><![CDATA[]]></system-err>
   </testsuite>
</testsuites>
