<?xml version="1.0" encoding="UTF-8"?>
<testsuites name="UM-TestSuite-QA" time="1140.237" tests="12" failures="5" errors="0">
   <testsuite name="UM-TestSuite-QA" tests="12" failures="5" errors="0" time="1140.237" skipped="0" timestamp="2023-02-20 20:27:25" hostname="imtiaz - DESKTOP-B2QI6NS.govolution.com" id="Test Suites/QA/UM-Bootstrap/UM-TestSuite-QA">
      <properties>
         <property name="deviceName" value=""/>
         <property name="devicePlatform" value=""/>
         <property name="logFolder" value="E:\\Cloned-Project-Katalon\\VPS-Katalon\\Reports\\20230220_202719\\QA\\UM-Bootstrap\\UM-TestSuite-QA\\20230220_202719"/>
         <property name="logFiles" value="E:\\Cloned-Project-Katalon\\VPS-Katalon\\Reports\\20230220_202719\\QA\\UM-Bootstrap\\UM-TestSuite-QA\\20230220_202719\\execution0.log"/>
         <property name="attachments" value="E:\\Cloned-Project-Katalon\\VPS-Katalon\\Reports\\20230220_202719\\QA\\UM-Bootstrap\\UM-TestSuite-QA\\20230220_202719\\1676942938418.png, E:\\Cloned-Project-Katalon\\VPS-Katalon\\Reports\\20230220_202719\\QA\\UM-Bootstrap\\UM-TestSuite-QA\\20230220_202719\\1676943024801.png, E:\\Cloned-Project-Katalon\\VPS-Katalon\\Reports\\20230220_202719\\QA\\UM-Bootstrap\\UM-TestSuite-QA\\20230220_202719\\1676943110265.png, E:\\Cloned-Project-Katalon\\VPS-Katalon\\Reports\\20230220_202719\\QA\\UM-Bootstrap\\UM-TestSuite-QA\\20230220_202719\\1676943196395.png, E:\\Cloned-Project-Katalon\\VPS-Katalon\\Reports\\20230220_202719\\QA\\UM-Bootstrap\\UM-TestSuite-QA\\20230220_202719\\1676943281833.png, E:\\Cloned-Project-Katalon\\VPS-Katalon\\Reports\\20230220_202719\\QA\\UM-Bootstrap\\UM-TestSuite-QA\\20230220_202719\\1676943676685.png, E:\\Cloned-Project-Katalon\\VPS-Katalon\\Reports\\20230220_202719\\QA\\UM-Bootstrap\\UM-TestSuite-QA\\20230220_202719\\1676943714172.png, E:\\Cloned-Project-Katalon\\VPS-Katalon\\Reports\\20230220_202719\\QA\\UM-Bootstrap\\UM-TestSuite-QA\\20230220_202719\\1676943751880.png"/>
         <property name="hostName" value="imtiaz - DESKTOP-B2QI6NS.govolution.com"/>
         <property name="os" value="Windows 10 64bit"/>
         <property name="katalonVersion" value="8.2.5.208"/>
         <property name="browser" value="Chrome 110.0.0.0"/>
         <property name="hostAddress" value="172.31.253.135"/>
         <property name="sessionId" value="8a1c2929cd072ef1910350f2f21b20ea"/>
         <property name="seleniumVersion" value="3.141.59"/>
         <property name="proxyInformation" value="ProxyInformation { proxyOption=NO_PROXY, proxyServerType=HTTP, username=, password=********, proxyServerAddress=, proxyServerPort=0, executionList=&quot;&quot;, isApplyToDesiredCapabilities=true }"/>
         <property name="platform" value="Windows 10"/>
      </properties>
      <testcase name="Test Cases/Admin Suite Bootstrap/UM_TestCases/Users/AddDeleteUser" time="265.97" classname="Test Cases/Admin Suite Bootstrap/UM_TestCases/Users/AddDeleteUser" status="FAILED">
         <failure type="FAILED" message="Test Cases/Admin Suite Bootstrap/UM_TestCases/Users/AddDeleteUser FAILED.
Reason:
com.kms.katalon.core.exception.StepFailedException: Unable to click on object 'Object Repository/AdminSuiteBootstrap_Pages/UM_Bootstrap/DeleteUser/button_Okay_Last' (Root cause: com.kms.katalon.core.exception.StepFailedException: Unable to click on object 'Object Repository/AdminSuiteBootstrap_Pages/UM_Bootstrap/DeleteUser/button_Okay_Last'
	at com.kms.katalon.core.webui.keyword.internal.WebUIKeywordMain.stepFailed(WebUIKeywordMain.groovy:64)
	at com.kms.katalon.core.webui.keyword.internal.WebUIKeywordMain.runKeyword(WebUIKeywordMain.groovy:26)
	at com.kms.katalon.core.webui.keyword.builtin.ClickKeyword.click(ClickKeyword.groovy:74)
	at com.kms.katalon.core.webui.keyword.builtin.ClickKeyword.execute(ClickKeyword.groovy:40)
	at com.kms.katalon.core.keyword.internal.KeywordExecutor.executeKeywordForPlatform(KeywordExecutor.groovy:74)
	at com.kms.katalon.core.webui.keyword.WebUiBuiltInKeywords.click(WebUiBuiltInKeywords.groovy:620)
	at com.kms.katalon.core.webui.keyword.WebUiBuiltInKeywords$click$3.call(Unknown Source)
	at AddDeleteUser.run(AddDeleteUser:84)
	at com.kms.katalon.core.main.ScriptEngine.run(ScriptEngine.java:194)
	at com.kms.katalon.core.main.ScriptEngine.runScriptAsRawText(ScriptEngine.java:119)
	at com.kms.katalon.core.main.TestCaseExecutor.runScript(TestCaseExecutor.java:442)
	at com.kms.katalon.core.main.TestCaseExecutor.doExecute(TestCaseExecutor.java:433)
	at com.kms.katalon.core.main.TestCaseExecutor.processExecutionPhase(TestCaseExecutor.java:412)
	at com.kms.katalon.core.main.TestCaseExecutor.accessMainPhase(TestCaseExecutor.java:404)
	at com.kms.katalon.core.main.TestCaseExecutor.execute(TestCaseExecutor.java:281)
	at com.kms.katalon.core.main.TestSuiteExecutor.accessTestCaseMainPhase(TestSuiteExecutor.java:202)
	at com.kms.katalon.core.main.TestSuiteExecutor.accessTestSuiteMainPhase(TestSuiteExecutor.java:164)
	at com.kms.katalon.core.main.TestSuiteExecutor.execute(TestSuiteExecutor.java:105)
	at com.kms.katalon.core.main.TestCaseMain.startTestSuite(TestCaseMain.java:185)
	at com.kms.katalon.core.main.TestCaseMain$startTestSuite$0.call(Unknown Source)
	at TempTestSuite1676942839911.run(TempTestSuite1676942839911.groovy:36)
Caused by: com.kms.katalon.core.webui.exception.WebElementNotFoundException: Web element with id: 'Object Repository/AdminSuiteBootstrap_Pages/UM_Bootstrap/DeleteUser/button_Okay_Last' located by '//*[(text() = 'Okay' or . = 'Okay')]' not found
	at com.kms.katalon.core.webui.common.WebUiCommonHelper.findWebElement(WebUiCommonHelper.java:1370)
	at com.kms.katalon.core.webui.keyword.internal.WebUIAbstractKeyword.findWebElement(WebUIAbstractKeyword.groovy:27)
	at com.kms.katalon.core.webui.keyword.builtin.ClickKeyword$_click_closure1.doCall(ClickKeyword.groovy:65)
	at com.kms.katalon.core.webui.keyword.builtin.ClickKeyword$_click_closure1.call(ClickKeyword.groovy)
	at com.kms.katalon.core.webui.keyword.internal.WebUIKeywordMain.runKeyword(WebUIKeywordMain.groovy:20)
	at com.kms.katalon.core.webui.keyword.builtin.ClickKeyword.click(ClickKeyword.groovy:74)
	at com.kms.katalon.core.webui.keyword.builtin.ClickKeyword.execute(ClickKeyword.groovy:40)
	at com.kms.katalon.core.keyword.internal.KeywordExecutor.executeKeywordForPlatform(KeywordExecutor.groovy:74)
	at com.kms.katalon.core.webui.keyword.WebUiBuiltInKeywords.click(WebUiBuiltInKeywords.groovy:620)
	at com.kms.katalon.core.webui.keyword.WebUiBuiltInKeywords$click$3.call(Unknown Source)
	at Script1657827965764.run(Script1657827965764.groovy:84)
	... 13 more
)
	at com.kms.katalon.core.keyword.internal.KeywordMain.stepFailed(KeywordMain.groovy:39)
	at com.kms.katalon.core.webui.keyword.internal.WebUIKeywordMain.stepFailed(WebUIKeywordMain.groovy:64)
	at com.kms.katalon.core.webui.keyword.internal.WebUIKeywordMain.runKeyword(WebUIKeywordMain.groovy:26)
	at com.kms.katalon.core.webui.keyword.builtin.ClickKeyword.click(ClickKeyword.groovy:74)
	at com.kms.katalon.core.webui.keyword.builtin.ClickKeyword.execute(ClickKeyword.groovy:40)
	at com.kms.katalon.core.keyword.internal.KeywordExecutor.executeKeywordForPlatform(KeywordExecutor.groovy:74)
	at com.kms.katalon.core.webui.keyword.WebUiBuiltInKeywords.click(WebUiBuiltInKeywords.groovy:620)
	at com.kms.katalon.core.webui.keyword.WebUiBuiltInKeywords$click$3.call(Unknown Source)
	at AddDeleteUser.run(AddDeleteUser:84)
	at com.kms.katalon.core.main.ScriptEngine.run(ScriptEngine.java:194)
	at com.kms.katalon.core.main.ScriptEngine.runScriptAsRawText(ScriptEngine.java:119)
	at com.kms.katalon.core.main.TestCaseExecutor.runScript(TestCaseExecutor.java:442)
	at com.kms.katalon.core.main.TestCaseExecutor.doExecute(TestCaseExecutor.java:433)
	at com.kms.katalon.core.main.TestCaseExecutor.processExecutionPhase(TestCaseExecutor.java:412)
	at com.kms.katalon.core.main.TestCaseExecutor.accessMainPhase(TestCaseExecutor.java:404)
	at com.kms.katalon.core.main.TestCaseExecutor.execute(TestCaseExecutor.java:281)
	at com.kms.katalon.core.main.TestSuiteExecutor.accessTestCaseMainPhase(TestSuiteExecutor.java:202)
	at com.kms.katalon.core.main.TestSuiteExecutor.accessTestSuiteMainPhase(TestSuiteExecutor.java:164)
	at com.kms.katalon.core.main.TestSuiteExecutor.execute(TestSuiteExecutor.java:105)
	at com.kms.katalon.core.main.TestCaseMain.startTestSuite(TestCaseMain.java:185)
	at com.kms.katalon.core.main.TestCaseMain$startTestSuite$0.call(Unknown Source)
	at TempTestSuite1676942839911.run(TempTestSuite1676942839911.groovy:36)
Caused by: com.kms.katalon.core.exception.StepFailedException: Unable to click on object 'Object Repository/AdminSuiteBootstrap_Pages/UM_Bootstrap/DeleteUser/button_Okay_Last'
	... 21 more
Caused by: com.kms.katalon.core.webui.exception.WebElementNotFoundException: Web element with id: 'Object Repository/AdminSuiteBootstrap_Pages/UM_Bootstrap/DeleteUser/button_Okay_Last' located by '//*[(text() = 'Okay' or . = 'Okay')]' not found
	at com.kms.katalon.core.webui.common.WebUiCommonHelper.findWebElement(WebUiCommonHelper.java:1370)
	at com.kms.katalon.core.webui.keyword.internal.WebUIAbstractKeyword.findWebElement(WebUIAbstractKeyword.groovy:27)
	at com.kms.katalon.core.webui.keyword.builtin.ClickKeyword$_click_closure1.doCall(ClickKeyword.groovy:65)
	at com.kms.katalon.core.webui.keyword.builtin.ClickKeyword$_click_closure1.call(ClickKeyword.groovy)
	at com.kms.katalon.core.webui.keyword.internal.WebUIKeywordMain.runKeyword(WebUIKeywordMain.groovy:20)
	... 19 more
"/>
         <system-out><![CDATA[2023-02-20 20:27:25 - [TEST_CASE][FAILED] - Test Cases/Admin Suite Bootstrap/UM_TestCases/Users/AddDeleteUser: Test Cases/Admin Suite Bootstrap/UM_TestCases/Users/AddDeleteUser FAILED.
Reason:
com.kms.katalon.core.exception.StepFailedException: Unable to click on object 'Object Repository/AdminSuiteBootstrap_Pages/UM_Bootstrap/DeleteUser/button_Okay_Last' (Root cause: com.kms.katalon.core.exception.StepFailedException: Unable to click on object 'Object Repository/AdminSuiteBootstrap_Pages/UM_Bootstrap/DeleteUser/button_Okay_Last'
	at com.kms.katalon.core.webui.keyword.internal.WebUIKeywordMain.stepFailed(WebUIKeywordMain.groovy:64)
	at com.kms.katalon.core.webui.keyword.internal.WebUIKeywordMain.runKeyword(WebUIKeywordMain.groovy:26)
	at com.kms.katalon.core.webui.keyword.builtin.ClickKeyword.click(ClickKeyword.groovy:74)
	at com.kms.katalon.core.webui.keyword.builtin.ClickKeyword.execute(ClickKeyword.groovy:40)
	at com.kms.katalon.core.keyword.internal.KeywordExecutor.executeKeywordForPlatform(KeywordExecutor.groovy:74)
	at com.kms.katalon.core.webui.keyword.WebUiBuiltInKeywords.click(WebUiBuiltInKeywords.groovy:620)
	at com.kms.katalon.core.webui.keyword.WebUiBuiltInKeywords$click$3.call(Unknown Source)
	at AddDeleteUser.run(AddDeleteUser:84)
	at com.kms.katalon.core.main.ScriptEngine.run(ScriptEngine.java:194)
	at com.kms.katalon.core.main.ScriptEngine.runScriptAsRawText(ScriptEngine.java:119)
	at com.kms.katalon.core.main.TestCaseExecutor.runScript(TestCaseExecutor.java:442)
	at com.kms.katalon.core.main.TestCaseExecutor.doExecute(TestCaseExecutor.java:433)
	at com.kms.katalon.core.main.TestCaseExecutor.processExecutionPhase(TestCaseExecutor.java:412)
	at com.kms.katalon.core.main.TestCaseExecutor.accessMainPhase(TestCaseExecutor.java:404)
	at com.kms.katalon.core.main.TestCaseExecutor.execute(TestCaseExecutor.java:281)
	at com.kms.katalon.core.main.TestSuiteExecutor.accessTestCaseMainPhase(TestSuiteExecutor.java:202)
	at com.kms.katalon.core.main.TestSuiteExecutor.accessTestSuiteMainPhase(TestSuiteExecutor.java:164)
	at com.kms.katalon.core.main.TestSuiteExecutor.execute(TestSuiteExecutor.java:105)
	at com.kms.katalon.core.main.TestCaseMain.startTestSuite(TestCaseMain.java:185)
	at com.kms.katalon.core.main.TestCaseMain$startTestSuite$0.call(Unknown Source)
	at TempTestSuite1676942839911.run(TempTestSuite1676942839911.groovy:36)
Caused by: com.kms.katalon.core.webui.exception.WebElementNotFoundException: Web element with id: 'Object Repository/AdminSuiteBootstrap_Pages/UM_Bootstrap/DeleteUser/button_Okay_Last' located by '//*[(text() = 'Okay' or . = 'Okay')]' not found
	at com.kms.katalon.core.webui.common.WebUiCommonHelper.findWebElement(WebUiCommonHelper.java:1370)
	at com.kms.katalon.core.webui.keyword.internal.WebUIAbstractKeyword.findWebElement(WebUIAbstractKeyword.groovy:27)
	at com.kms.katalon.core.webui.keyword.builtin.ClickKeyword$_click_closure1.doCall(ClickKeyword.groovy:65)
	at com.kms.katalon.core.webui.keyword.builtin.ClickKeyword$_click_closure1.call(ClickKeyword.groovy)
	at com.kms.katalon.core.webui.keyword.internal.WebUIKeywordMain.runKeyword(WebUIKeywordMain.groovy:20)
	at com.kms.katalon.core.webui.keyword.builtin.ClickKeyword.click(ClickKeyword.groovy:74)
	at com.kms.katalon.core.webui.keyword.builtin.ClickKeyword.execute(ClickKeyword.groovy:40)
	at com.kms.katalon.core.keyword.internal.KeywordExecutor.executeKeywordForPlatform(KeywordExecutor.groovy:74)
	at com.kms.katalon.core.webui.keyword.WebUiBuiltInKeywords.click(WebUiBuiltInKeywords.groovy:620)
	at com.kms.katalon.core.webui.keyword.WebUiBuiltInKeywords$click$3.call(Unknown Source)
	at Script1657827965764.run(Script1657827965764.groovy:84)
	... 13 more
)
	at com.kms.katalon.core.keyword.internal.KeywordMain.stepFailed(KeywordMain.groovy:39)
	at com.kms.katalon.core.webui.keyword.internal.WebUIKeywordMain.stepFailed(WebUIKeywordMain.groovy:64)
	at com.kms.katalon.core.webui.keyword.internal.WebUIKeywordMain.runKeyword(WebUIKeywordMain.groovy:26)
	at com.kms.katalon.core.webui.keyword.builtin.ClickKeyword.click(ClickKeyword.groovy:74)
	at com.kms.katalon.core.webui.keyword.builtin.ClickKeyword.execute(ClickKeyword.groovy:40)
	at com.kms.katalon.core.keyword.internal.KeywordExecutor.executeKeywordForPlatform(KeywordExecutor.groovy:74)
	at com.kms.katalon.core.webui.keyword.WebUiBuiltInKeywords.click(WebUiBuiltInKeywords.groovy:620)
	at com.kms.katalon.core.webui.keyword.WebUiBuiltInKeywords$click$3.call(Unknown Source)
	at AddDeleteUser.run(AddDeleteUser:84)
	at com.kms.katalon.core.main.ScriptEngine.run(ScriptEngine.java:194)
	at com.kms.katalon.core.main.ScriptEngine.runScriptAsRawText(ScriptEngine.java:119)
	at com.kms.katalon.core.main.TestCaseExecutor.runScript(TestCaseExecutor.java:442)
	at com.kms.katalon.core.main.TestCaseExecutor.doExecute(TestCaseExecutor.java:433)
	at com.kms.katalon.core.main.TestCaseExecutor.processExecutionPhase(TestCaseExecutor.java:412)
	at com.kms.katalon.core.main.TestCaseExecutor.accessMainPhase(TestCaseExecutor.java:404)
	at com.kms.katalon.core.main.TestCaseExecutor.execute(TestCaseExecutor.java:281)
	at com.kms.katalon.core.main.TestSuiteExecutor.accessTestCaseMainPhase(TestSuiteExecutor.java:202)
	at com.kms.katalon.core.main.TestSuiteExecutor.accessTestSuiteMainPhase(TestSuiteExecutor.java:164)
	at com.kms.katalon.core.main.TestSuiteExecutor.execute(TestSuiteExecutor.java:105)
	at com.kms.katalon.core.main.TestCaseMain.startTestSuite(TestCaseMain.java:185)
	at com.kms.katalon.core.main.TestCaseMain$startTestSuite$0.call(Unknown Source)
	at TempTestSuite1676942839911.run(TempTestSuite1676942839911.groovy:36)
Caused by: com.kms.katalon.core.exception.StepFailedException: Unable to click on object 'Object Repository/AdminSuiteBootstrap_Pages/UM_Bootstrap/DeleteUser/button_Okay_Last'
	... 21 more
Caused by: com.kms.katalon.core.webui.exception.WebElementNotFoundException: Web element with id: 'Object Repository/AdminSuiteBootstrap_Pages/UM_Bootstrap/DeleteUser/button_Okay_Last' located by '//*[(text() = 'Okay' or . = 'Okay')]' not found
	at com.kms.katalon.core.webui.common.WebUiCommonHelper.findWebElement(WebUiCommonHelper.java:1370)
	at com.kms.katalon.core.webui.keyword.internal.WebUIAbstractKeyword.findWebElement(WebUIAbstractKeyword.groovy:27)
	at com.kms.katalon.core.webui.keyword.builtin.ClickKeyword$_click_closure1.doCall(ClickKeyword.groovy:65)
	at com.kms.katalon.core.webui.keyword.builtin.ClickKeyword$_click_closure1.call(ClickKeyword.groovy)
	at com.kms.katalon.core.webui.keyword.internal.WebUIKeywordMain.runKeyword(WebUIKeywordMain.groovy:20)
	... 19 more


2023-02-20 20:27:26 - [TEST_STEP][PASSED] - path_Dashboard = "Object Repository/AdminSuiteBootstrap_Pages/Dashboard_Bootstrap/": null

2023-02-20 20:27:26 - [TEST_STEP][PASSED] - path_Users = "Object Repository/AdminSuiteBootstrap_Pages/UM_Bootstrap/Users/": null

2023-02-20 20:27:26 - [TEST_STEP][PASSED] - path_UserView = "Object Repository/AdminSuiteBootstrap_Pages/UM_Bootstrap/UserView/": null

2023-02-20 20:27:26 - [TEST_STEP][PASSED] - path_DeleteUser = "Object Repository/AdminSuiteBootstrap_Pages/UM_Bootstrap/DeleteUser/": null

2023-02-20 20:27:26 - [TEST_STEP][PASSED] - executionProfile = getExecutionProfile(): null

2023-02-20 20:27:26 - [TEST_STEP][PASSED] - out.println("executionProfile : " + executionProfile): null

2023-02-20 20:27:26 - [TEST_STEP][PASSED] - appName = <not implemented yet for class: org.codehaus.groovy.ast.expr.EmptyExpression>: null

2023-02-20 20:27:26 - [TEST_STEP][PASSED] - appID = <not implemented yet for class: org.codehaus.groovy.ast.expr.EmptyExpression>: null

2023-02-20 20:27:26 - [TEST_STEP][PASSED] - cardNameV = <not implemented yet for class: org.codehaus.groovy.ast.expr.EmptyExpression>: null

2023-02-20 20:27:26 - [TEST_STEP][PASSED] - al1V = <not implemented yet for class: org.codehaus.groovy.ast.expr.EmptyExpression>: null

2023-02-20 20:27:26 - [TEST_STEP][PASSED] - al2V = <not implemented yet for class: org.codehaus.groovy.ast.expr.EmptyExpression>: null

2023-02-20 20:27:26 - [TEST_STEP][PASSED] - zipV = <not implemented yet for class: org.codehaus.groovy.ast.expr.EmptyExpression>: null

2023-02-20 20:27:26 - [TEST_STEP][PASSED] - cardTypeV = <not implemented yet for class: org.codehaus.groovy.ast.expr.EmptyExpression>: null

2023-02-20 20:27:26 - [TEST_STEP][PASSED] - nameSheet = "CreateUser": null

2023-02-20 20:27:26 - [TEST_STEP][PASSED] - dataFile = "QA/Bootstrap/UM-TestData/CreateUser": null

2023-02-20 20:27:26 - [TEST_STEP][PASSED] - numOfRows = findTestData("QA/Bootstrap/UM-TestData/CreateUser").getRowNumbers(): null

2023-02-20 20:27:27 - [TEST_STEP][PASSED] - println("Number of Records: " + numOfRows): null

2023-02-20 20:27:27 - [TEST_STEP][PASSED] - for ([row = 1, row <= numOfRows, (row++)]): Browser is closed

2023-02-20 20:27:27 - [TEST_STEP][PASSED] - ExecuteTC = findTestData(dataFile).getValue("Execute", row): null

2023-02-20 20:27:27 - [TEST_STEP][PASSED] - out.println("Value of Execute is : " + ExecuteTC): null

2023-02-20 20:27:27 - [TEST_STEP][PASSED] - if (ExecuteTC.equalsIgnoreCase("Y")): Browser is closed

2023-02-20 20:27:27 - [TEST_STEP][PASSED] - out.println("Begin Record Number: " + row): null

2023-02-20 20:27:27 - [TEST_STEP][PASSED] - today = new java.util.Date(): null

2023-02-20 20:27:27 - [TEST_STEP][PASSED] - println(today): null

2023-02-20 20:27:27 - [TEST_STEP][PASSED] - datText = today: null

2023-02-20 20:27:27 - [TEST_STEP][PASSED] - adminSuiteBootstrap.loginFunctionality.login_AdminSuite(): adminSuiteBootstrap.loginFunctionality.login_AdminSuite is PASSED

2023-02-20 20:27:28 - [MESSAGE][INFO] - Starting 'Chrome' driver

2023-02-20 20:27:28 - [MESSAGE][INFO] - User set preference: ['acceptInsecureCerts', 'true']

2023-02-20 20:27:28 - [MESSAGE][INFO] - Action delay is set to 0 milliseconds

2023-02-20 20:27:32 - [MESSAGE][PASSED] - Browser is opened with url: 'https://qa.velocitypayment.com/admin/imtiaz'

2023-02-20 20:27:32 - [MESSAGE][PASSED] - Current window maximized

2023-02-20 20:27:32 - [MESSAGE][PASSED] - Object 'Object Repository/Login_Page/Login_Username' is present

2023-02-20 20:27:33 - [MESSAGE][PASSED] - Text 'iahmed' is set on object 'Object Repository/Login_Page/Login_Username'

2023-02-20 20:27:34 - [MESSAGE][PASSED] - Text 'hello2222' is set on object 'Object Repository/Login_Page/Login_Password'

2023-02-20 20:27:38 - [MESSAGE][PASSED] - Object: 'Object Repository/Login_Page/Login_Submit' is clicked on

2023-02-20 20:27:38 - [MESSAGE][PASSED] - adminSuiteBootstrap.loginFunctionality.login_AdminSuite is PASSED

2023-02-20 20:27:38 - [TEST_STEP][PASSED] - click(findTestObject(path_Dashboard + "a_Access User Management")): Object: 'Object Repository/AdminSuiteBootstrap_Pages/Dashboard_Bootstrap/a_Access User Management' is clicked on

2023-02-20 20:27:40 - [MESSAGE][PASSED] - Object: 'Object Repository/AdminSuiteBootstrap_Pages/Dashboard_Bootstrap/a_Access User Management' is clicked on

2023-02-20 20:27:40 - [TEST_STEP][PASSED] - click(findTestObject(path_Users + "a_Add User")): Object: 'Object Repository/AdminSuiteBootstrap_Pages/UM_Bootstrap/Users/a_Add User' is clicked on

2023-02-20 20:27:40 - [MESSAGE][PASSED] - Object: 'Object Repository/AdminSuiteBootstrap_Pages/UM_Bootstrap/Users/a_Add User' is clicked on

2023-02-20 20:27:40 - [TEST_STEP][PASSED] - adminSuiteBootstrap.addUser.setDataAddUser(row, dataFile): adminSuiteBootstrap.addUser.setDataAddUser is PASSED

2023-02-20 20:27:42 - [MESSAGE][PASSED] - Text 'iahmed@govolution.com' is set on object 'Object Repository/AdminSuiteBootstrap_Pages/UM_Bootstrap/AddUser/input_EmailAddress'

2023-02-20 20:27:42 - [MESSAGE][PASSED] - Text 'ijVhFyLZi' is set on object 'Object Repository/AdminSuiteBootstrap_Pages/UM_Bootstrap/AddUser/input_Username'

2023-02-20 20:27:43 - [MESSAGE][PASSED] - Text 'EbixzkJdZ' is set on object 'Object Repository/AdminSuiteBootstrap_Pages/UM_Bootstrap/AddUser/input_FirstName'

2023-02-20 20:27:44 - [MESSAGE][PASSED] - Text 'DVPOpdFDE' is set on object 'Object Repository/AdminSuiteBootstrap_Pages/UM_Bootstrap/AddUser/input_LastName'

2023-02-20 20:27:44 - [MESSAGE][PASSED] - Text 'hello5555' is set on object 'Object Repository/AdminSuiteBootstrap_Pages/UM_Bootstrap/AddUser/input_Password'

2023-02-20 20:27:45 - [MESSAGE][PASSED] - Text 'hello5555' is set on object 'Object Repository/AdminSuiteBootstrap_Pages/UM_Bootstrap/AddUser/input_ConfirmPassword'

2023-02-20 20:27:46 - [MESSAGE][PASSED] - Object 'Object Repository/AdminSuiteBootstrap_Pages/UM_Bootstrap/AddUser/input_No_lock' is checked

2023-02-20 20:27:50 - [MESSAGE][PASSED] - Object: 'Object Repository/AdminSuiteBootstrap_Pages/UM_Bootstrap/AddUser/button_Create' is clicked on

2023-02-20 20:27:50 - [MESSAGE][PASSED] - adminSuiteBootstrap.addUser.setDataAddUser is PASSED

2023-02-20 20:27:50 - [TEST_STEP][PASSED] - if (verifyTextPresent("User Account Created A user account for", true)): null

2023-02-20 20:27:51 - [MESSAGE][PASSED] - Text 'User Account Created A user account for' is present on page  using regular expression

2023-02-20 20:27:51 - [TEST_STEP][PASSED] - verifyTextPresent("was successfully created", true): Text 'was successfully created' is present on page  using regular expression

2023-02-20 20:27:51 - [MESSAGE][PASSED] - Text 'was successfully created' is present on page  using regular expression

2023-02-20 20:27:51 - [TEST_STEP][PASSED] - click(findTestObject(path_UserView + "button_Delete")): Object: 'Object Repository/AdminSuiteBootstrap_Pages/UM_Bootstrap/UserView/button_Delete' is clicked on

2023-02-20 20:27:51 - [MESSAGE][PASSED] - Object: 'Object Repository/AdminSuiteBootstrap_Pages/UM_Bootstrap/UserView/button_Delete' is clicked on

2023-02-20 20:27:51 - [TEST_STEP][PASSED] - click(findTestObject(path_DeleteUser + "button_Okay_First")): Object: 'Object Repository/AdminSuiteBootstrap_Pages/UM_Bootstrap/DeleteUser/button_Okay_First' is clicked on

2023-02-20 20:28:23 - [MESSAGE][INFO] - Unable to find the element located by 'By.xpath: //*[@type = 'button' and (text() = 'Okay' or . = 'Okay')]'. Please recheck the objects properties to make sure the desired element is located. 

2023-02-20 20:28:23 - [MESSAGE][WARNING] - [SELF-HEALING] Failed to find element with id 'Object Repository/AdminSuiteBootstrap_Pages/UM_Bootstrap/DeleteUser/button_Okay_First'. Try using Self-healing.

2023-02-20 20:28:23 - [MESSAGE][INFO] - [SELF-HEALING] Screenshot: E:/Cloned-Project-Katalon/VPS-Katalon/Reports/Self-healing/Object Repository/AdminSuiteBootstrap_Pages/UM_Bootstrap/DeleteUser/button_Okay_First_XPATH.png

2023-02-20 20:28:23 - [MESSAGE][WARNING] - [SELF-HEALING] The current locator of test object 'Object Repository/AdminSuiteBootstrap_Pages/UM_Bootstrap/DeleteUser/button_Okay_First' was broken. Propose an alternative one: '(//button[@type='button'])[13]'.

2023-02-20 20:28:23 - [MESSAGE][PASSED] - Object: 'Object Repository/AdminSuiteBootstrap_Pages/UM_Bootstrap/DeleteUser/button_Okay_First' is clicked on

2023-02-20 20:28:23 - [TEST_STEP][FAILED] - click(findTestObject(path_DeleteUser + "button_Okay_Last")): Unable to click on object 'Object Repository/AdminSuiteBootstrap_Pages/UM_Bootstrap/DeleteUser/button_Okay_Last' (Root cause: com.kms.katalon.core.exception.StepFailedException: Unable to click on object 'Object Repository/AdminSuiteBootstrap_Pages/UM_Bootstrap/DeleteUser/button_Okay_Last'
	at com.kms.katalon.core.webui.keyword.internal.WebUIKeywordMain.stepFailed(WebUIKeywordMain.groovy:64)
	at com.kms.katalon.core.webui.keyword.internal.WebUIKeywordMain.runKeyword(WebUIKeywordMain.groovy:26)
	at com.kms.katalon.core.webui.keyword.builtin.ClickKeyword.click(ClickKeyword.groovy:74)
	at com.kms.katalon.core.webui.keyword.builtin.ClickKeyword.execute(ClickKeyword.groovy:40)
	at com.kms.katalon.core.keyword.internal.KeywordExecutor.executeKeywordForPlatform(KeywordExecutor.groovy:74)
	at com.kms.katalon.core.webui.keyword.WebUiBuiltInKeywords.click(WebUiBuiltInKeywords.groovy:620)
	at com.kms.katalon.core.webui.keyword.WebUiBuiltInKeywords$click$3.call(Unknown Source)
	at AddDeleteUser.run(AddDeleteUser:84)
	at com.kms.katalon.core.main.ScriptEngine.run(ScriptEngine.java:194)
	at com.kms.katalon.core.main.ScriptEngine.runScriptAsRawText(ScriptEngine.java:119)
	at com.kms.katalon.core.main.TestCaseExecutor.runScript(TestCaseExecutor.java:442)
	at com.kms.katalon.core.main.TestCaseExecutor.doExecute(TestCaseExecutor.java:433)
	at com.kms.katalon.core.main.TestCaseExecutor.processExecutionPhase(TestCaseExecutor.java:412)
	at com.kms.katalon.core.main.TestCaseExecutor.accessMainPhase(TestCaseExecutor.java:404)
	at com.kms.katalon.core.main.TestCaseExecutor.execute(TestCaseExecutor.java:281)
	at com.kms.katalon.core.main.TestSuiteExecutor.accessTestCaseMainPhase(TestSuiteExecutor.java:202)
	at com.kms.katalon.core.main.TestSuiteExecutor.accessTestSuiteMainPhase(TestSuiteExecutor.java:164)
	at com.kms.katalon.core.main.TestSuiteExecutor.execute(TestSuiteExecutor.java:105)
	at com.kms.katalon.core.main.TestCaseMain.startTestSuite(TestCaseMain.java:185)
	at com.kms.katalon.core.main.TestCaseMain$startTestSuite$0.call(Unknown Source)
	at TempTestSuite1676942839911.run(TempTestSuite1676942839911.groovy:36)
Caused by: com.kms.katalon.core.webui.exception.WebElementNotFoundException: Web element with id: 'Object Repository/AdminSuiteBootstrap_Pages/UM_Bootstrap/DeleteUser/button_Okay_Last' located by '//*[(text() = 'Okay' or . = 'Okay')]' not found
	at com.kms.katalon.core.webui.common.WebUiCommonHelper.findWebElement(WebUiCommonHelper.java:1370)
	at com.kms.katalon.core.webui.keyword.internal.WebUIAbstractKeyword.findWebElement(WebUIAbstractKeyword.groovy:27)
	at com.kms.katalon.core.webui.keyword.builtin.ClickKeyword$_click_closure1.doCall(ClickKeyword.groovy:65)
	at com.kms.katalon.core.webui.keyword.builtin.ClickKeyword$_click_closure1.call(ClickKeyword.groovy)
	at com.kms.katalon.core.webui.keyword.internal.WebUIKeywordMain.runKeyword(WebUIKeywordMain.groovy:20)
	at com.kms.katalon.core.webui.keyword.builtin.ClickKeyword.click(ClickKeyword.groovy:74)
	at com.kms.katalon.core.webui.keyword.builtin.ClickKeyword.execute(ClickKeyword.groovy:40)
	at com.kms.katalon.core.keyword.internal.KeywordExecutor.executeKeywordForPlatform(KeywordExecutor.groovy:74)
	at com.kms.katalon.core.webui.keyword.WebUiBuiltInKeywords.click(WebUiBuiltInKeywords.groovy:620)
	at com.kms.katalon.core.webui.keyword.WebUiBuiltInKeywords$click$3.call(Unknown Source)
	at Script1657827965764.run(Script1657827965764.groovy:84)
	... 13 more
)

2023-02-20 20:28:55 - [MESSAGE][INFO] - Unable to find the element located by 'By.xpath: //*[(text() = 'Okay' or . = 'Okay')]'. Please recheck the objects properties to make sure the desired element is located. 

2023-02-20 20:28:55 - [MESSAGE][WARNING] - [SELF-HEALING] Failed to find element with id 'Object Repository/AdminSuiteBootstrap_Pages/UM_Bootstrap/DeleteUser/button_Okay_Last'. Try using Self-healing.

2023-02-20 20:28:56 - [MESSAGE][INFO] - Unable to find the element located by 'By.xpath: (.//*[normalize-space(text()) and normalize-space(.)='The user account for wwww eeeee (wwww11) was successfully deleted.'])[1]/following::button[1]'. Please recheck the objects properties to make sure the desired element is located. 

2023-02-20 20:28:56 - [MESSAGE][INFO] - [SELF-HEALING] Failed Locator: '(.//*[normalize-space(text()) and normalize-space(.)='The user account for wwww eeeee (wwww11) was successfully deleted.'])[1]/following::button[1]'.

2023-02-20 20:28:56 - [MESSAGE][INFO] - [SELF-HEALING] Failed Locator: '(.//*[normalize-space(text()) and normalize-space(.)='Deleted'])[1]/following::button[1]'.

2023-02-20 20:28:56 - [MESSAGE][INFO] - [SELF-HEALING] Failed Locator: '//*/text()[normalize-space(.)='Okay']/parent::*'.

2023-02-20 20:28:57 - [MESSAGE][INFO] - [SELF-HEALING] Failed Locator: '//div/div[2]/button'.

2023-02-20 20:28:57 - [MESSAGE][INFO] - [SELF-HEALING] Failed Locator: '//button[(text() = 'Okay' or . = 'Okay')]'.

2023-02-20 20:28:58 - [MESSAGE][INFO] - Unable to find the element located by 'By.cssSelector: button.alert-button.success-bg.success-btn'. Please recheck the objects properties to make sure the desired element is located. 

2023-02-20 20:28:58 - [MESSAGE][FAILED] - Unable to click on object 'Object Repository/AdminSuiteBootstrap_Pages/UM_Bootstrap/DeleteUser/button_Okay_Last' (Root cause: com.kms.katalon.core.exception.StepFailedException: Unable to click on object 'Object Repository/AdminSuiteBootstrap_Pages/UM_Bootstrap/DeleteUser/button_Okay_Last'
	at com.kms.katalon.core.webui.keyword.internal.WebUIKeywordMain.stepFailed(WebUIKeywordMain.groovy:64)
	at com.kms.katalon.core.webui.keyword.internal.WebUIKeywordMain.runKeyword(WebUIKeywordMain.groovy:26)
	at com.kms.katalon.core.webui.keyword.builtin.ClickKeyword.click(ClickKeyword.groovy:74)
	at com.kms.katalon.core.webui.keyword.builtin.ClickKeyword.execute(ClickKeyword.groovy:40)
	at com.kms.katalon.core.keyword.internal.KeywordExecutor.executeKeywordForPlatform(KeywordExecutor.groovy:74)
	at com.kms.katalon.core.webui.keyword.WebUiBuiltInKeywords.click(WebUiBuiltInKeywords.groovy:620)
	at com.kms.katalon.core.webui.keyword.WebUiBuiltInKeywords$click$3.call(Unknown Source)
	at AddDeleteUser.run(AddDeleteUser:84)
	at com.kms.katalon.core.main.ScriptEngine.run(ScriptEngine.java:194)
	at com.kms.katalon.core.main.ScriptEngine.runScriptAsRawText(ScriptEngine.java:119)
	at com.kms.katalon.core.main.TestCaseExecutor.runScript(TestCaseExecutor.java:442)
	at com.kms.katalon.core.main.TestCaseExecutor.doExecute(TestCaseExecutor.java:433)
	at com.kms.katalon.core.main.TestCaseExecutor.processExecutionPhase(TestCaseExecutor.java:412)
	at com.kms.katalon.core.main.TestCaseExecutor.accessMainPhase(TestCaseExecutor.java:404)
	at com.kms.katalon.core.main.TestCaseExecutor.execute(TestCaseExecutor.java:281)
	at com.kms.katalon.core.main.TestSuiteExecutor.accessTestCaseMainPhase(TestSuiteExecutor.java:202)
	at com.kms.katalon.core.main.TestSuiteExecutor.accessTestSuiteMainPhase(TestSuiteExecutor.java:164)
	at com.kms.katalon.core.main.TestSuiteExecutor.execute(TestSuiteExecutor.java:105)
	at com.kms.katalon.core.main.TestCaseMain.startTestSuite(TestCaseMain.java:185)
	at com.kms.katalon.core.main.TestCaseMain$startTestSuite$0.call(Unknown Source)
	at TempTestSuite1676942839911.run(TempTestSuite1676942839911.groovy:36)
Caused by: com.kms.katalon.core.webui.exception.WebElementNotFoundException: Web element with id: 'Object Repository/AdminSuiteBootstrap_Pages/UM_Bootstrap/DeleteUser/button_Okay_Last' located by '//*[(text() = 'Okay' or . = 'Okay')]' not found
	at com.kms.katalon.core.webui.common.WebUiCommonHelper.findWebElement(WebUiCommonHelper.java:1370)
	at com.kms.katalon.core.webui.keyword.internal.WebUIAbstractKeyword.findWebElement(WebUIAbstractKeyword.groovy:27)
	at com.kms.katalon.core.webui.keyword.builtin.ClickKeyword$_click_closure1.doCall(ClickKeyword.groovy:65)
	at com.kms.katalon.core.webui.keyword.builtin.ClickKeyword$_click_closure1.call(ClickKeyword.groovy)
	at com.kms.katalon.core.webui.keyword.internal.WebUIKeywordMain.runKeyword(WebUIKeywordMain.groovy:20)
	at com.kms.katalon.core.webui.keyword.builtin.ClickKeyword.click(ClickKeyword.groovy:74)
	at com.kms.katalon.core.webui.keyword.builtin.ClickKeyword.execute(ClickKeyword.groovy:40)
	at com.kms.katalon.core.keyword.internal.KeywordExecutor.executeKeywordForPlatform(KeywordExecutor.groovy:74)
	at com.kms.katalon.core.webui.keyword.WebUiBuiltInKeywords.click(WebUiBuiltInKeywords.groovy:620)
	at com.kms.katalon.core.webui.keyword.WebUiBuiltInKeywords$click$3.call(Unknown Source)
	at Script1657827965764.run(Script1657827965764.groovy:84)
	... 13 more
)
[[ATTACHMENT|E:\\Cloned-Project-Katalon\\VPS-Katalon\\Reports\\20230220_202719\\QA\\UM-Bootstrap\\UM-TestSuite-QA\\20230220_202719\\1676942938418.png]]

2023-02-20 20:28:58 - [TEST_STEP][PASSED] - closeBrowser(): Browser is closed

2023-02-20 20:28:59 - [MESSAGE][PASSED] - Browser is closed

2023-02-20 20:28:59 - [TEST_STEP][PASSED] - ExecuteTC = findTestData(dataFile).getValue("Execute", row): null

2023-02-20 20:28:59 - [TEST_STEP][PASSED] - out.println("Value of Execute is : " + ExecuteTC): null

2023-02-20 20:28:59 - [TEST_STEP][PASSED] - if (ExecuteTC.equalsIgnoreCase("Y")): Browser is closed

2023-02-20 20:28:59 - [TEST_STEP][PASSED] - out.println("Begin Record Number: " + row): null

2023-02-20 20:28:59 - [TEST_STEP][PASSED] - today = new java.util.Date(): null

2023-02-20 20:28:59 - [TEST_STEP][PASSED] - println(today): null

2023-02-20 20:28:59 - [TEST_STEP][PASSED] - datText = today: null

2023-02-20 20:28:59 - [TEST_STEP][PASSED] - adminSuiteBootstrap.loginFunctionality.login_AdminSuite(): adminSuiteBootstrap.loginFunctionality.login_AdminSuite is PASSED

2023-02-20 20:28:59 - [MESSAGE][INFO] - Starting 'Chrome' driver

2023-02-20 20:28:59 - [MESSAGE][INFO] - User set preference: ['acceptInsecureCerts', 'true']

2023-02-20 20:28:59 - [MESSAGE][INFO] - Action delay is set to 0 milliseconds

2023-02-20 20:29:02 - [MESSAGE][PASSED] - Browser is opened with url: 'https://qa.velocitypayment.com/admin/imtiaz'

2023-02-20 20:29:02 - [MESSAGE][PASSED] - Current window maximized

2023-02-20 20:29:02 - [MESSAGE][PASSED] - Object 'Object Repository/Login_Page/Login_Username' is present

2023-02-20 20:29:03 - [MESSAGE][PASSED] - Text 'iahmed' is set on object 'Object Repository/Login_Page/Login_Username'

2023-02-20 20:29:04 - [MESSAGE][PASSED] - Text 'hello2222' is set on object 'Object Repository/Login_Page/Login_Password'

2023-02-20 20:29:07 - [MESSAGE][PASSED] - Object: 'Object Repository/Login_Page/Login_Submit' is clicked on

2023-02-20 20:29:07 - [MESSAGE][PASSED] - adminSuiteBootstrap.loginFunctionality.login_AdminSuite is PASSED

2023-02-20 20:29:07 - [TEST_STEP][PASSED] - click(findTestObject(path_Dashboard + "a_Access User Management")): Object: 'Object Repository/AdminSuiteBootstrap_Pages/Dashboard_Bootstrap/a_Access User Management' is clicked on

2023-02-20 20:29:08 - [MESSAGE][PASSED] - Object: 'Object Repository/AdminSuiteBootstrap_Pages/Dashboard_Bootstrap/a_Access User Management' is clicked on

2023-02-20 20:29:08 - [TEST_STEP][PASSED] - click(findTestObject(path_Users + "a_Add User")): Object: 'Object Repository/AdminSuiteBootstrap_Pages/UM_Bootstrap/Users/a_Add User' is clicked on

2023-02-20 20:29:08 - [MESSAGE][PASSED] - Object: 'Object Repository/AdminSuiteBootstrap_Pages/UM_Bootstrap/Users/a_Add User' is clicked on

2023-02-20 20:29:08 - [TEST_STEP][PASSED] - adminSuiteBootstrap.addUser.setDataAddUser(row, dataFile): adminSuiteBootstrap.addUser.setDataAddUser is PASSED

2023-02-20 20:29:09 - [MESSAGE][PASSED] - Text 'iahmed@govolution.com' is set on object 'Object Repository/AdminSuiteBootstrap_Pages/UM_Bootstrap/AddUser/input_EmailAddress'

2023-02-20 20:29:10 - [MESSAGE][PASSED] - Text 'b88rOvwks' is set on object 'Object Repository/AdminSuiteBootstrap_Pages/UM_Bootstrap/AddUser/input_Username'

2023-02-20 20:29:11 - [MESSAGE][PASSED] - Text 'TmdzJWFbR' is set on object 'Object Repository/AdminSuiteBootstrap_Pages/UM_Bootstrap/AddUser/input_FirstName'

2023-02-20 20:29:11 - [MESSAGE][PASSED] - Text 'TomNlLIXZ' is set on object 'Object Repository/AdminSuiteBootstrap_Pages/UM_Bootstrap/AddUser/input_LastName'

2023-02-20 20:29:12 - [MESSAGE][PASSED] - Text 'hello5555' is set on object 'Object Repository/AdminSuiteBootstrap_Pages/UM_Bootstrap/AddUser/input_Password'

2023-02-20 20:29:13 - [MESSAGE][PASSED] - Text 'hello5555' is set on object 'Object Repository/AdminSuiteBootstrap_Pages/UM_Bootstrap/AddUser/input_ConfirmPassword'

2023-02-20 20:29:13 - [MESSAGE][PASSED] - Object 'Object Repository/AdminSuiteBootstrap_Pages/UM_Bootstrap/AddUser/input_No_lock' is checked

2023-02-20 20:29:17 - [MESSAGE][PASSED] - Object: 'Object Repository/AdminSuiteBootstrap_Pages/UM_Bootstrap/AddUser/button_Create' is clicked on

2023-02-20 20:29:17 - [MESSAGE][PASSED] - adminSuiteBootstrap.addUser.setDataAddUser is PASSED

2023-02-20 20:29:17 - [TEST_STEP][PASSED] - if (verifyTextPresent("User Account Created A user account for", true)): null

2023-02-20 20:29:17 - [MESSAGE][PASSED] - Text 'User Account Created A user account for' is present on page  using regular expression

2023-02-20 20:29:17 - [TEST_STEP][PASSED] - verifyTextPresent("was successfully created", true): Text 'was successfully created' is present on page  using regular expression

2023-02-20 20:29:18 - [MESSAGE][PASSED] - Text 'was successfully created' is present on page  using regular expression

2023-02-20 20:29:18 - [TEST_STEP][PASSED] - click(findTestObject(path_UserView + "button_Delete")): Object: 'Object Repository/AdminSuiteBootstrap_Pages/UM_Bootstrap/UserView/button_Delete' is clicked on

2023-02-20 20:29:18 - [MESSAGE][PASSED] - Object: 'Object Repository/AdminSuiteBootstrap_Pages/UM_Bootstrap/UserView/button_Delete' is clicked on

2023-02-20 20:29:18 - [TEST_STEP][PASSED] - click(findTestObject(path_DeleteUser + "button_Okay_First")): Object: 'Object Repository/AdminSuiteBootstrap_Pages/UM_Bootstrap/DeleteUser/button_Okay_First' is clicked on

2023-02-20 20:29:49 - [MESSAGE][INFO] - Unable to find the element located by 'By.xpath: //*[@type = 'button' and (text() = 'Okay' or . = 'Okay')]'. Please recheck the objects properties to make sure the desired element is located. 

2023-02-20 20:29:49 - [MESSAGE][WARNING] - [SELF-HEALING] Failed to find element with id 'Object Repository/AdminSuiteBootstrap_Pages/UM_Bootstrap/DeleteUser/button_Okay_First'. Try using Self-healing.

2023-02-20 20:29:49 - [MESSAGE][WARNING] - [SELF-HEALING] The current locator of test object 'Object Repository/AdminSuiteBootstrap_Pages/UM_Bootstrap/DeleteUser/button_Okay_First' was broken. Propose an alternative one: '(//button[@type='button'])[13]'.

2023-02-20 20:29:50 - [MESSAGE][PASSED] - Object: 'Object Repository/AdminSuiteBootstrap_Pages/UM_Bootstrap/DeleteUser/button_Okay_First' is clicked on

2023-02-20 20:29:50 - [TEST_STEP][FAILED] - click(findTestObject(path_DeleteUser + "button_Okay_Last")): Unable to click on object 'Object Repository/AdminSuiteBootstrap_Pages/UM_Bootstrap/DeleteUser/button_Okay_Last' (Root cause: com.kms.katalon.core.exception.StepFailedException: Unable to click on object 'Object Repository/AdminSuiteBootstrap_Pages/UM_Bootstrap/DeleteUser/button_Okay_Last'
	at com.kms.katalon.core.webui.keyword.internal.WebUIKeywordMain.stepFailed(WebUIKeywordMain.groovy:64)
	at com.kms.katalon.core.webui.keyword.internal.WebUIKeywordMain.runKeyword(WebUIKeywordMain.groovy:26)
	at com.kms.katalon.core.webui.keyword.builtin.ClickKeyword.click(ClickKeyword.groovy:74)
	at com.kms.katalon.core.webui.keyword.builtin.ClickKeyword.execute(ClickKeyword.groovy:40)
	at com.kms.katalon.core.keyword.internal.KeywordExecutor.executeKeywordForPlatform(KeywordExecutor.groovy:74)
	at com.kms.katalon.core.webui.keyword.WebUiBuiltInKeywords.click(WebUiBuiltInKeywords.groovy:620)
	at com.kms.katalon.core.webui.keyword.WebUiBuiltInKeywords$click$3.call(Unknown Source)
	at AddDeleteUser.run(AddDeleteUser:84)
	at com.kms.katalon.core.main.ScriptEngine.run(ScriptEngine.java:194)
	at com.kms.katalon.core.main.ScriptEngine.runScriptAsRawText(ScriptEngine.java:119)
	at com.kms.katalon.core.main.TestCaseExecutor.runScript(TestCaseExecutor.java:442)
	at com.kms.katalon.core.main.TestCaseExecutor.doExecute(TestCaseExecutor.java:433)
	at com.kms.katalon.core.main.TestCaseExecutor.processExecutionPhase(TestCaseExecutor.java:412)
	at com.kms.katalon.core.main.TestCaseExecutor.accessMainPhase(TestCaseExecutor.java:404)
	at com.kms.katalon.core.main.TestCaseExecutor.execute(TestCaseExecutor.java:281)
	at com.kms.katalon.core.main.TestSuiteExecutor.accessTestCaseMainPhase(TestSuiteExecutor.java:202)
	at com.kms.katalon.core.main.TestSuiteExecutor.accessTestSuiteMainPhase(TestSuiteExecutor.java:164)
	at com.kms.katalon.core.main.TestSuiteExecutor.execute(TestSuiteExecutor.java:105)
	at com.kms.katalon.core.main.TestCaseMain.startTestSuite(TestCaseMain.java:185)
	at com.kms.katalon.core.main.TestCaseMain$startTestSuite$0.call(Unknown Source)
	at TempTestSuite1676942839911.run(TempTestSuite1676942839911.groovy:36)
Caused by: com.kms.katalon.core.webui.exception.WebElementNotFoundException: Web element with id: 'Object Repository/AdminSuiteBootstrap_Pages/UM_Bootstrap/DeleteUser/button_Okay_Last' located by '//*[(text() = 'Okay' or . = 'Okay')]' not found
	at com.kms.katalon.core.webui.common.WebUiCommonHelper.findWebElement(WebUiCommonHelper.java:1370)
	at com.kms.katalon.core.webui.keyword.internal.WebUIAbstractKeyword.findWebElement(WebUIAbstractKeyword.groovy:27)
	at com.kms.katalon.core.webui.keyword.builtin.ClickKeyword$_click_closure1.doCall(ClickKeyword.groovy:65)
	at com.kms.katalon.core.webui.keyword.builtin.ClickKeyword$_click_closure1.call(ClickKeyword.groovy)
	at com.kms.katalon.core.webui.keyword.internal.WebUIKeywordMain.runKeyword(WebUIKeywordMain.groovy:20)
	at com.kms.katalon.core.webui.keyword.builtin.ClickKeyword.click(ClickKeyword.groovy:74)
	at com.kms.katalon.core.webui.keyword.builtin.ClickKeyword.execute(ClickKeyword.groovy:40)
	at com.kms.katalon.core.keyword.internal.KeywordExecutor.executeKeywordForPlatform(KeywordExecutor.groovy:74)
	at com.kms.katalon.core.webui.keyword.WebUiBuiltInKeywords.click(WebUiBuiltInKeywords.groovy:620)
	at com.kms.katalon.core.webui.keyword.WebUiBuiltInKeywords$click$3.call(Unknown Source)
	at Script1657827965764.run(Script1657827965764.groovy:84)
	... 13 more
)

2023-02-20 20:30:21 - [MESSAGE][INFO] - Unable to find the element located by 'By.xpath: //*[(text() = 'Okay' or . = 'Okay')]'. Please recheck the objects properties to make sure the desired element is located. 

2023-02-20 20:30:21 - [MESSAGE][WARNING] - [SELF-HEALING] Failed to find element with id 'Object Repository/AdminSuiteBootstrap_Pages/UM_Bootstrap/DeleteUser/button_Okay_Last'. Try using Self-healing.

2023-02-20 20:30:22 - [MESSAGE][INFO] - Unable to find the element located by 'By.xpath: (.//*[normalize-space(text()) and normalize-space(.)='The user account for wwww eeeee (wwww11) was successfully deleted.'])[1]/following::button[1]'. Please recheck the objects properties to make sure the desired element is located. 

2023-02-20 20:30:22 - [MESSAGE][INFO] - [SELF-HEALING] Failed Locator: '(.//*[normalize-space(text()) and normalize-space(.)='The user account for wwww eeeee (wwww11) was successfully deleted.'])[1]/following::button[1]'.

2023-02-20 20:30:22 - [MESSAGE][INFO] - [SELF-HEALING] Failed Locator: '(.//*[normalize-space(text()) and normalize-space(.)='Deleted'])[1]/following::button[1]'.

2023-02-20 20:30:23 - [MESSAGE][INFO] - [SELF-HEALING] Failed Locator: '//*/text()[normalize-space(.)='Okay']/parent::*'.

2023-02-20 20:30:23 - [MESSAGE][INFO] - [SELF-HEALING] Failed Locator: '//div/div[2]/button'.

2023-02-20 20:30:23 - [MESSAGE][INFO] - [SELF-HEALING] Failed Locator: '//button[(text() = 'Okay' or . = 'Okay')]'.

2023-02-20 20:30:24 - [MESSAGE][INFO] - Unable to find the element located by 'By.cssSelector: button.alert-button.success-bg.success-btn'. Please recheck the objects properties to make sure the desired element is located. 

2023-02-20 20:30:25 - [MESSAGE][FAILED] - Unable to click on object 'Object Repository/AdminSuiteBootstrap_Pages/UM_Bootstrap/DeleteUser/button_Okay_Last' (Root cause: com.kms.katalon.core.exception.StepFailedException: Unable to click on object 'Object Repository/AdminSuiteBootstrap_Pages/UM_Bootstrap/DeleteUser/button_Okay_Last'
	at com.kms.katalon.core.webui.keyword.internal.WebUIKeywordMain.stepFailed(WebUIKeywordMain.groovy:64)
	at com.kms.katalon.core.webui.keyword.internal.WebUIKeywordMain.runKeyword(WebUIKeywordMain.groovy:26)
	at com.kms.katalon.core.webui.keyword.builtin.ClickKeyword.click(ClickKeyword.groovy:74)
	at com.kms.katalon.core.webui.keyword.builtin.ClickKeyword.execute(ClickKeyword.groovy:40)
	at com.kms.katalon.core.keyword.internal.KeywordExecutor.executeKeywordForPlatform(KeywordExecutor.groovy:74)
	at com.kms.katalon.core.webui.keyword.WebUiBuiltInKeywords.click(WebUiBuiltInKeywords.groovy:620)
	at com.kms.katalon.core.webui.keyword.WebUiBuiltInKeywords$click$3.call(Unknown Source)
	at AddDeleteUser.run(AddDeleteUser:84)
	at com.kms.katalon.core.main.ScriptEngine.run(ScriptEngine.java:194)
	at com.kms.katalon.core.main.ScriptEngine.runScriptAsRawText(ScriptEngine.java:119)
	at com.kms.katalon.core.main.TestCaseExecutor.runScript(TestCaseExecutor.java:442)
	at com.kms.katalon.core.main.TestCaseExecutor.doExecute(TestCaseExecutor.java:433)
	at com.kms.katalon.core.main.TestCaseExecutor.processExecutionPhase(TestCaseExecutor.java:412)
	at com.kms.katalon.core.main.TestCaseExecutor.accessMainPhase(TestCaseExecutor.java:404)
	at com.kms.katalon.core.main.TestCaseExecutor.execute(TestCaseExecutor.java:281)
	at com.kms.katalon.core.main.TestSuiteExecutor.accessTestCaseMainPhase(TestSuiteExecutor.java:202)
	at com.kms.katalon.core.main.TestSuiteExecutor.accessTestSuiteMainPhase(TestSuiteExecutor.java:164)
	at com.kms.katalon.core.main.TestSuiteExecutor.execute(TestSuiteExecutor.java:105)
	at com.kms.katalon.core.main.TestCaseMain.startTestSuite(TestCaseMain.java:185)
	at com.kms.katalon.core.main.TestCaseMain$startTestSuite$0.call(Unknown Source)
	at TempTestSuite1676942839911.run(TempTestSuite1676942839911.groovy:36)
Caused by: com.kms.katalon.core.webui.exception.WebElementNotFoundException: Web element with id: 'Object Repository/AdminSuiteBootstrap_Pages/UM_Bootstrap/DeleteUser/button_Okay_Last' located by '//*[(text() = 'Okay' or . = 'Okay')]' not found
	at com.kms.katalon.core.webui.common.WebUiCommonHelper.findWebElement(WebUiCommonHelper.java:1370)
	at com.kms.katalon.core.webui.keyword.internal.WebUIAbstractKeyword.findWebElement(WebUIAbstractKeyword.groovy:27)
	at com.kms.katalon.core.webui.keyword.builtin.ClickKeyword$_click_closure1.doCall(ClickKeyword.groovy:65)
	at com.kms.katalon.core.webui.keyword.builtin.ClickKeyword$_click_closure1.call(ClickKeyword.groovy)
	at com.kms.katalon.core.webui.keyword.internal.WebUIKeywordMain.runKeyword(WebUIKeywordMain.groovy:20)
	at com.kms.katalon.core.webui.keyword.builtin.ClickKeyword.click(ClickKeyword.groovy:74)
	at com.kms.katalon.core.webui.keyword.builtin.ClickKeyword.execute(ClickKeyword.groovy:40)
	at com.kms.katalon.core.keyword.internal.KeywordExecutor.executeKeywordForPlatform(KeywordExecutor.groovy:74)
	at com.kms.katalon.core.webui.keyword.WebUiBuiltInKeywords.click(WebUiBuiltInKeywords.groovy:620)
	at com.kms.katalon.core.webui.keyword.WebUiBuiltInKeywords$click$3.call(Unknown Source)
	at Script1657827965764.run(Script1657827965764.groovy:84)
	... 13 more
)
[[ATTACHMENT|E:\\Cloned-Project-Katalon\\VPS-Katalon\\Reports\\20230220_202719\\QA\\UM-Bootstrap\\UM-TestSuite-QA\\20230220_202719\\1676943024801.png]]

2023-02-20 20:30:25 - [TEST_STEP][PASSED] - closeBrowser(): Browser is closed

2023-02-20 20:30:25 - [MESSAGE][PASSED] - Browser is closed

2023-02-20 20:30:25 - [TEST_STEP][PASSED] - ExecuteTC = findTestData(dataFile).getValue("Execute", row): null

2023-02-20 20:30:26 - [TEST_STEP][PASSED] - out.println("Value of Execute is : " + ExecuteTC): null

2023-02-20 20:30:26 - [TEST_STEP][PASSED] - if (ExecuteTC.equalsIgnoreCase("Y")): Browser is closed

2023-02-20 20:30:26 - [TEST_STEP][PASSED] - out.println("Begin Record Number: " + row): null

2023-02-20 20:30:26 - [TEST_STEP][PASSED] - today = new java.util.Date(): null

2023-02-20 20:30:26 - [TEST_STEP][PASSED] - println(today): null

2023-02-20 20:30:26 - [TEST_STEP][PASSED] - datText = today: null

2023-02-20 20:30:26 - [TEST_STEP][PASSED] - adminSuiteBootstrap.loginFunctionality.login_AdminSuite(): adminSuiteBootstrap.loginFunctionality.login_AdminSuite is PASSED

2023-02-20 20:30:26 - [MESSAGE][INFO] - Starting 'Chrome' driver

2023-02-20 20:30:26 - [MESSAGE][INFO] - User set preference: ['acceptInsecureCerts', 'true']

2023-02-20 20:30:26 - [MESSAGE][INFO] - Action delay is set to 0 milliseconds

2023-02-20 20:30:28 - [MESSAGE][PASSED] - Browser is opened with url: 'https://qa.velocitypayment.com/admin/imtiaz'

2023-02-20 20:30:28 - [MESSAGE][PASSED] - Current window maximized

2023-02-20 20:30:29 - [MESSAGE][PASSED] - Object 'Object Repository/Login_Page/Login_Username' is present

2023-02-20 20:30:29 - [MESSAGE][PASSED] - Text 'iahmed' is set on object 'Object Repository/Login_Page/Login_Username'

2023-02-20 20:30:30 - [MESSAGE][PASSED] - Text 'hello2222' is set on object 'Object Repository/Login_Page/Login_Password'

2023-02-20 20:30:33 - [MESSAGE][PASSED] - Object: 'Object Repository/Login_Page/Login_Submit' is clicked on

2023-02-20 20:30:33 - [MESSAGE][PASSED] - adminSuiteBootstrap.loginFunctionality.login_AdminSuite is PASSED

2023-02-20 20:30:33 - [TEST_STEP][PASSED] - click(findTestObject(path_Dashboard + "a_Access User Management")): Object: 'Object Repository/AdminSuiteBootstrap_Pages/Dashboard_Bootstrap/a_Access User Management' is clicked on

2023-02-20 20:30:34 - [MESSAGE][PASSED] - Object: 'Object Repository/AdminSuiteBootstrap_Pages/Dashboard_Bootstrap/a_Access User Management' is clicked on

2023-02-20 20:30:34 - [TEST_STEP][PASSED] - click(findTestObject(path_Users + "a_Add User")): Object: 'Object Repository/AdminSuiteBootstrap_Pages/UM_Bootstrap/Users/a_Add User' is clicked on

2023-02-20 20:30:34 - [MESSAGE][PASSED] - Object: 'Object Repository/AdminSuiteBootstrap_Pages/UM_Bootstrap/Users/a_Add User' is clicked on

2023-02-20 20:30:34 - [TEST_STEP][PASSED] - adminSuiteBootstrap.addUser.setDataAddUser(row, dataFile): adminSuiteBootstrap.addUser.setDataAddUser is PASSED

2023-02-20 20:30:35 - [MESSAGE][PASSED] - Text 'iahmed@govolution.com' is set on object 'Object Repository/AdminSuiteBootstrap_Pages/UM_Bootstrap/AddUser/input_EmailAddress'

2023-02-20 20:30:36 - [MESSAGE][PASSED] - Text '637636916' is set on object 'Object Repository/AdminSuiteBootstrap_Pages/UM_Bootstrap/AddUser/input_Username'

2023-02-20 20:30:37 - [MESSAGE][PASSED] - Text 'jUNLUWRAa' is set on object 'Object Repository/AdminSuiteBootstrap_Pages/UM_Bootstrap/AddUser/input_FirstName'

2023-02-20 20:30:37 - [MESSAGE][PASSED] - Text 'WrFCSKlgE' is set on object 'Object Repository/AdminSuiteBootstrap_Pages/UM_Bootstrap/AddUser/input_LastName'

2023-02-20 20:30:38 - [MESSAGE][PASSED] - Text 'hello5555' is set on object 'Object Repository/AdminSuiteBootstrap_Pages/UM_Bootstrap/AddUser/input_Password'

2023-02-20 20:30:39 - [MESSAGE][PASSED] - Text 'hello5555' is set on object 'Object Repository/AdminSuiteBootstrap_Pages/UM_Bootstrap/AddUser/input_ConfirmPassword'

2023-02-20 20:30:39 - [MESSAGE][PASSED] - Object 'Object Repository/AdminSuiteBootstrap_Pages/UM_Bootstrap/AddUser/input_No_lock' is checked

2023-02-20 20:30:42 - [MESSAGE][PASSED] - Object: 'Object Repository/AdminSuiteBootstrap_Pages/UM_Bootstrap/AddUser/button_Create' is clicked on

2023-02-20 20:30:42 - [MESSAGE][PASSED] - adminSuiteBootstrap.addUser.setDataAddUser is PASSED

2023-02-20 20:30:42 - [TEST_STEP][PASSED] - if (verifyTextPresent("User Account Created A user account for", true)): null

2023-02-20 20:30:43 - [MESSAGE][PASSED] - Text 'User Account Created A user account for' is present on page  using regular expression

2023-02-20 20:30:43 - [TEST_STEP][PASSED] - verifyTextPresent("was successfully created", true): Text 'was successfully created' is present on page  using regular expression

2023-02-20 20:30:43 - [MESSAGE][PASSED] - Text 'was successfully created' is present on page  using regular expression

2023-02-20 20:30:43 - [TEST_STEP][PASSED] - click(findTestObject(path_UserView + "button_Delete")): Object: 'Object Repository/AdminSuiteBootstrap_Pages/UM_Bootstrap/UserView/button_Delete' is clicked on

2023-02-20 20:30:44 - [MESSAGE][PASSED] - Object: 'Object Repository/AdminSuiteBootstrap_Pages/UM_Bootstrap/UserView/button_Delete' is clicked on

2023-02-20 20:30:44 - [TEST_STEP][PASSED] - click(findTestObject(path_DeleteUser + "button_Okay_First")): Object: 'Object Repository/AdminSuiteBootstrap_Pages/UM_Bootstrap/DeleteUser/button_Okay_First' is clicked on

2023-02-20 20:31:15 - [MESSAGE][INFO] - Unable to find the element located by 'By.xpath: //*[@type = 'button' and (text() = 'Okay' or . = 'Okay')]'. Please recheck the objects properties to make sure the desired element is located. 

2023-02-20 20:31:15 - [MESSAGE][WARNING] - [SELF-HEALING] Failed to find element with id 'Object Repository/AdminSuiteBootstrap_Pages/UM_Bootstrap/DeleteUser/button_Okay_First'. Try using Self-healing.

2023-02-20 20:31:15 - [MESSAGE][WARNING] - [SELF-HEALING] The current locator of test object 'Object Repository/AdminSuiteBootstrap_Pages/UM_Bootstrap/DeleteUser/button_Okay_First' was broken. Propose an alternative one: '(//button[@type='button'])[13]'.

2023-02-20 20:31:15 - [MESSAGE][PASSED] - Object: 'Object Repository/AdminSuiteBootstrap_Pages/UM_Bootstrap/DeleteUser/button_Okay_First' is clicked on

2023-02-20 20:31:15 - [TEST_STEP][FAILED] - click(findTestObject(path_DeleteUser + "button_Okay_Last")): Unable to click on object 'Object Repository/AdminSuiteBootstrap_Pages/UM_Bootstrap/DeleteUser/button_Okay_Last' (Root cause: com.kms.katalon.core.exception.StepFailedException: Unable to click on object 'Object Repository/AdminSuiteBootstrap_Pages/UM_Bootstrap/DeleteUser/button_Okay_Last'
	at com.kms.katalon.core.webui.keyword.internal.WebUIKeywordMain.stepFailed(WebUIKeywordMain.groovy:64)
	at com.kms.katalon.core.webui.keyword.internal.WebUIKeywordMain.runKeyword(WebUIKeywordMain.groovy:26)
	at com.kms.katalon.core.webui.keyword.builtin.ClickKeyword.click(ClickKeyword.groovy:74)
	at com.kms.katalon.core.webui.keyword.builtin.ClickKeyword.execute(ClickKeyword.groovy:40)
	at com.kms.katalon.core.keyword.internal.KeywordExecutor.executeKeywordForPlatform(KeywordExecutor.groovy:74)
	at com.kms.katalon.core.webui.keyword.WebUiBuiltInKeywords.click(WebUiBuiltInKeywords.groovy:620)
	at com.kms.katalon.core.webui.keyword.WebUiBuiltInKeywords$click$3.call(Unknown Source)
	at AddDeleteUser.run(AddDeleteUser:84)
	at com.kms.katalon.core.main.ScriptEngine.run(ScriptEngine.java:194)
	at com.kms.katalon.core.main.ScriptEngine.runScriptAsRawText(ScriptEngine.java:119)
	at com.kms.katalon.core.main.TestCaseExecutor.runScript(TestCaseExecutor.java:442)
	at com.kms.katalon.core.main.TestCaseExecutor.doExecute(TestCaseExecutor.java:433)
	at com.kms.katalon.core.main.TestCaseExecutor.processExecutionPhase(TestCaseExecutor.java:412)
	at com.kms.katalon.core.main.TestCaseExecutor.accessMainPhase(TestCaseExecutor.java:404)
	at com.kms.katalon.core.main.TestCaseExecutor.execute(TestCaseExecutor.java:281)
	at com.kms.katalon.core.main.TestSuiteExecutor.accessTestCaseMainPhase(TestSuiteExecutor.java:202)
	at com.kms.katalon.core.main.TestSuiteExecutor.accessTestSuiteMainPhase(TestSuiteExecutor.java:164)
	at com.kms.katalon.core.main.TestSuiteExecutor.execute(TestSuiteExecutor.java:105)
	at com.kms.katalon.core.main.TestCaseMain.startTestSuite(TestCaseMain.java:185)
	at com.kms.katalon.core.main.TestCaseMain$startTestSuite$0.call(Unknown Source)
	at TempTestSuite1676942839911.run(TempTestSuite1676942839911.groovy:36)
Caused by: com.kms.katalon.core.webui.exception.WebElementNotFoundException: Web element with id: 'Object Repository/AdminSuiteBootstrap_Pages/UM_Bootstrap/DeleteUser/button_Okay_Last' located by '//*[(text() = 'Okay' or . = 'Okay')]' not found
	at com.kms.katalon.core.webui.common.WebUiCommonHelper.findWebElement(WebUiCommonHelper.java:1370)
	at com.kms.katalon.core.webui.keyword.internal.WebUIAbstractKeyword.findWebElement(WebUIAbstractKeyword.groovy:27)
	at com.kms.katalon.core.webui.keyword.builtin.ClickKeyword$_click_closure1.doCall(ClickKeyword.groovy:65)
	at com.kms.katalon.core.webui.keyword.builtin.ClickKeyword$_click_closure1.call(ClickKeyword.groovy)
	at com.kms.katalon.core.webui.keyword.internal.WebUIKeywordMain.runKeyword(WebUIKeywordMain.groovy:20)
	at com.kms.katalon.core.webui.keyword.builtin.ClickKeyword.click(ClickKeyword.groovy:74)
	at com.kms.katalon.core.webui.keyword.builtin.ClickKeyword.execute(ClickKeyword.groovy:40)
	at com.kms.katalon.core.keyword.internal.KeywordExecutor.executeKeywordForPlatform(KeywordExecutor.groovy:74)
	at com.kms.katalon.core.webui.keyword.WebUiBuiltInKeywords.click(WebUiBuiltInKeywords.groovy:620)
	at com.kms.katalon.core.webui.keyword.WebUiBuiltInKeywords$click$3.call(Unknown Source)
	at Script1657827965764.run(Script1657827965764.groovy:84)
	... 13 more
)

2023-02-20 20:31:46 - [MESSAGE][INFO] - Unable to find the element located by 'By.xpath: //*[(text() = 'Okay' or . = 'Okay')]'. Please recheck the objects properties to make sure the desired element is located. 

2023-02-20 20:31:46 - [MESSAGE][WARNING] - [SELF-HEALING] Failed to find element with id 'Object Repository/AdminSuiteBootstrap_Pages/UM_Bootstrap/DeleteUser/button_Okay_Last'. Try using Self-healing.

2023-02-20 20:31:47 - [MESSAGE][INFO] - Unable to find the element located by 'By.xpath: (.//*[normalize-space(text()) and normalize-space(.)='The user account for wwww eeeee (wwww11) was successfully deleted.'])[1]/following::button[1]'. Please recheck the objects properties to make sure the desired element is located. 

2023-02-20 20:31:48 - [MESSAGE][INFO] - [SELF-HEALING] Failed Locator: '(.//*[normalize-space(text()) and normalize-space(.)='The user account for wwww eeeee (wwww11) was successfully deleted.'])[1]/following::button[1]'.

2023-02-20 20:31:48 - [MESSAGE][INFO] - [SELF-HEALING] Failed Locator: '(.//*[normalize-space(text()) and normalize-space(.)='Deleted'])[1]/following::button[1]'.

2023-02-20 20:31:48 - [MESSAGE][INFO] - [SELF-HEALING] Failed Locator: '//*/text()[normalize-space(.)='Okay']/parent::*'.

2023-02-20 20:31:48 - [MESSAGE][INFO] - [SELF-HEALING] Failed Locator: '//div/div[2]/button'.

2023-02-20 20:31:49 - [MESSAGE][INFO] - [SELF-HEALING] Failed Locator: '//button[(text() = 'Okay' or . = 'Okay')]'.

2023-02-20 20:31:50 - [MESSAGE][INFO] - Unable to find the element located by 'By.cssSelector: button.alert-button.success-bg.success-btn'. Please recheck the objects properties to make sure the desired element is located. 

2023-02-20 20:31:50 - [MESSAGE][FAILED] - Unable to click on object 'Object Repository/AdminSuiteBootstrap_Pages/UM_Bootstrap/DeleteUser/button_Okay_Last' (Root cause: com.kms.katalon.core.exception.StepFailedException: Unable to click on object 'Object Repository/AdminSuiteBootstrap_Pages/UM_Bootstrap/DeleteUser/button_Okay_Last'
	at com.kms.katalon.core.webui.keyword.internal.WebUIKeywordMain.stepFailed(WebUIKeywordMain.groovy:64)
	at com.kms.katalon.core.webui.keyword.internal.WebUIKeywordMain.runKeyword(WebUIKeywordMain.groovy:26)
	at com.kms.katalon.core.webui.keyword.builtin.ClickKeyword.click(ClickKeyword.groovy:74)
	at com.kms.katalon.core.webui.keyword.builtin.ClickKeyword.execute(ClickKeyword.groovy:40)
	at com.kms.katalon.core.keyword.internal.KeywordExecutor.executeKeywordForPlatform(KeywordExecutor.groovy:74)
	at com.kms.katalon.core.webui.keyword.WebUiBuiltInKeywords.click(WebUiBuiltInKeywords.groovy:620)
	at com.kms.katalon.core.webui.keyword.WebUiBuiltInKeywords$click$3.call(Unknown Source)
	at AddDeleteUser.run(AddDeleteUser:84)
	at com.kms.katalon.core.main.ScriptEngine.run(ScriptEngine.java:194)
	at com.kms.katalon.core.main.ScriptEngine.runScriptAsRawText(ScriptEngine.java:119)
	at com.kms.katalon.core.main.TestCaseExecutor.runScript(TestCaseExecutor.java:442)
	at com.kms.katalon.core.main.TestCaseExecutor.doExecute(TestCaseExecutor.java:433)
	at com.kms.katalon.core.main.TestCaseExecutor.processExecutionPhase(TestCaseExecutor.java:412)
	at com.kms.katalon.core.main.TestCaseExecutor.accessMainPhase(TestCaseExecutor.java:404)
	at com.kms.katalon.core.main.TestCaseExecutor.execute(TestCaseExecutor.java:281)
	at com.kms.katalon.core.main.TestSuiteExecutor.accessTestCaseMainPhase(TestSuiteExecutor.java:202)
	at com.kms.katalon.core.main.TestSuiteExecutor.accessTestSuiteMainPhase(TestSuiteExecutor.java:164)
	at com.kms.katalon.core.main.TestSuiteExecutor.execute(TestSuiteExecutor.java:105)
	at com.kms.katalon.core.main.TestCaseMain.startTestSuite(TestCaseMain.java:185)
	at com.kms.katalon.core.main.TestCaseMain$startTestSuite$0.call(Unknown Source)
	at TempTestSuite1676942839911.run(TempTestSuite1676942839911.groovy:36)
Caused by: com.kms.katalon.core.webui.exception.WebElementNotFoundException: Web element with id: 'Object Repository/AdminSuiteBootstrap_Pages/UM_Bootstrap/DeleteUser/button_Okay_Last' located by '//*[(text() = 'Okay' or . = 'Okay')]' not found
	at com.kms.katalon.core.webui.common.WebUiCommonHelper.findWebElement(WebUiCommonHelper.java:1370)
	at com.kms.katalon.core.webui.keyword.internal.WebUIAbstractKeyword.findWebElement(WebUIAbstractKeyword.groovy:27)
	at com.kms.katalon.core.webui.keyword.builtin.ClickKeyword$_click_closure1.doCall(ClickKeyword.groovy:65)
	at com.kms.katalon.core.webui.keyword.builtin.ClickKeyword$_click_closure1.call(ClickKeyword.groovy)
	at com.kms.katalon.core.webui.keyword.internal.WebUIKeywordMain.runKeyword(WebUIKeywordMain.groovy:20)
	at com.kms.katalon.core.webui.keyword.builtin.ClickKeyword.click(ClickKeyword.groovy:74)
	at com.kms.katalon.core.webui.keyword.builtin.ClickKeyword.execute(ClickKeyword.groovy:40)
	at com.kms.katalon.core.keyword.internal.KeywordExecutor.executeKeywordForPlatform(KeywordExecutor.groovy:74)
	at com.kms.katalon.core.webui.keyword.WebUiBuiltInKeywords.click(WebUiBuiltInKeywords.groovy:620)
	at com.kms.katalon.core.webui.keyword.WebUiBuiltInKeywords$click$3.call(Unknown Source)
	at Script1657827965764.run(Script1657827965764.groovy:84)
	... 13 more
)
[[ATTACHMENT|E:\\Cloned-Project-Katalon\\VPS-Katalon\\Reports\\20230220_202719\\QA\\UM-Bootstrap\\UM-TestSuite-QA\\20230220_202719\\1676943110265.png]]

2023-02-20 20:31:50 - [TEST_STEP][PASSED] - closeBrowser(): Browser is closed

2023-02-20 20:31:51 - [MESSAGE][PASSED] - Browser is closed]]></system-out>
         <system-err><![CDATA[2023-02-20 20:27:25 - [TEST_CASE][FAILED] - Test Cases/Admin Suite Bootstrap/UM_TestCases/Users/AddDeleteUser: Test Cases/Admin Suite Bootstrap/UM_TestCases/Users/AddDeleteUser FAILED.
Reason:
com.kms.katalon.core.exception.StepFailedException: Unable to click on object 'Object Repository/AdminSuiteBootstrap_Pages/UM_Bootstrap/DeleteUser/button_Okay_Last' (Root cause: com.kms.katalon.core.exception.StepFailedException: Unable to click on object 'Object Repository/AdminSuiteBootstrap_Pages/UM_Bootstrap/DeleteUser/button_Okay_Last'
	at com.kms.katalon.core.webui.keyword.internal.WebUIKeywordMain.stepFailed(WebUIKeywordMain.groovy:64)
	at com.kms.katalon.core.webui.keyword.internal.WebUIKeywordMain.runKeyword(WebUIKeywordMain.groovy:26)
	at com.kms.katalon.core.webui.keyword.builtin.ClickKeyword.click(ClickKeyword.groovy:74)
	at com.kms.katalon.core.webui.keyword.builtin.ClickKeyword.execute(ClickKeyword.groovy:40)
	at com.kms.katalon.core.keyword.internal.KeywordExecutor.executeKeywordForPlatform(KeywordExecutor.groovy:74)
	at com.kms.katalon.core.webui.keyword.WebUiBuiltInKeywords.click(WebUiBuiltInKeywords.groovy:620)
	at com.kms.katalon.core.webui.keyword.WebUiBuiltInKeywords$click$3.call(Unknown Source)
	at AddDeleteUser.run(AddDeleteUser:84)
	at com.kms.katalon.core.main.ScriptEngine.run(ScriptEngine.java:194)
	at com.kms.katalon.core.main.ScriptEngine.runScriptAsRawText(ScriptEngine.java:119)
	at com.kms.katalon.core.main.TestCaseExecutor.runScript(TestCaseExecutor.java:442)
	at com.kms.katalon.core.main.TestCaseExecutor.doExecute(TestCaseExecutor.java:433)
	at com.kms.katalon.core.main.TestCaseExecutor.processExecutionPhase(TestCaseExecutor.java:412)
	at com.kms.katalon.core.main.TestCaseExecutor.accessMainPhase(TestCaseExecutor.java:404)
	at com.kms.katalon.core.main.TestCaseExecutor.execute(TestCaseExecutor.java:281)
	at com.kms.katalon.core.main.TestSuiteExecutor.accessTestCaseMainPhase(TestSuiteExecutor.java:202)
	at com.kms.katalon.core.main.TestSuiteExecutor.accessTestSuiteMainPhase(TestSuiteExecutor.java:164)
	at com.kms.katalon.core.main.TestSuiteExecutor.execute(TestSuiteExecutor.java:105)
	at com.kms.katalon.core.main.TestCaseMain.startTestSuite(TestCaseMain.java:185)
	at com.kms.katalon.core.main.TestCaseMain$startTestSuite$0.call(Unknown Source)
	at TempTestSuite1676942839911.run(TempTestSuite1676942839911.groovy:36)
Caused by: com.kms.katalon.core.webui.exception.WebElementNotFoundException: Web element with id: 'Object Repository/AdminSuiteBootstrap_Pages/UM_Bootstrap/DeleteUser/button_Okay_Last' located by '//*[(text() = 'Okay' or . = 'Okay')]' not found
	at com.kms.katalon.core.webui.common.WebUiCommonHelper.findWebElement(WebUiCommonHelper.java:1370)
	at com.kms.katalon.core.webui.keyword.internal.WebUIAbstractKeyword.findWebElement(WebUIAbstractKeyword.groovy:27)
	at com.kms.katalon.core.webui.keyword.builtin.ClickKeyword$_click_closure1.doCall(ClickKeyword.groovy:65)
	at com.kms.katalon.core.webui.keyword.builtin.ClickKeyword$_click_closure1.call(ClickKeyword.groovy)
	at com.kms.katalon.core.webui.keyword.internal.WebUIKeywordMain.runKeyword(WebUIKeywordMain.groovy:20)
	at com.kms.katalon.core.webui.keyword.builtin.ClickKeyword.click(ClickKeyword.groovy:74)
	at com.kms.katalon.core.webui.keyword.builtin.ClickKeyword.execute(ClickKeyword.groovy:40)
	at com.kms.katalon.core.keyword.internal.KeywordExecutor.executeKeywordForPlatform(KeywordExecutor.groovy:74)
	at com.kms.katalon.core.webui.keyword.WebUiBuiltInKeywords.click(WebUiBuiltInKeywords.groovy:620)
	at com.kms.katalon.core.webui.keyword.WebUiBuiltInKeywords$click$3.call(Unknown Source)
	at Script1657827965764.run(Script1657827965764.groovy:84)
	... 13 more
)
	at com.kms.katalon.core.keyword.internal.KeywordMain.stepFailed(KeywordMain.groovy:39)
	at com.kms.katalon.core.webui.keyword.internal.WebUIKeywordMain.stepFailed(WebUIKeywordMain.groovy:64)
	at com.kms.katalon.core.webui.keyword.internal.WebUIKeywordMain.runKeyword(WebUIKeywordMain.groovy:26)
	at com.kms.katalon.core.webui.keyword.builtin.ClickKeyword.click(ClickKeyword.groovy:74)
	at com.kms.katalon.core.webui.keyword.builtin.ClickKeyword.execute(ClickKeyword.groovy:40)
	at com.kms.katalon.core.keyword.internal.KeywordExecutor.executeKeywordForPlatform(KeywordExecutor.groovy:74)
	at com.kms.katalon.core.webui.keyword.WebUiBuiltInKeywords.click(WebUiBuiltInKeywords.groovy:620)
	at com.kms.katalon.core.webui.keyword.WebUiBuiltInKeywords$click$3.call(Unknown Source)
	at AddDeleteUser.run(AddDeleteUser:84)
	at com.kms.katalon.core.main.ScriptEngine.run(ScriptEngine.java:194)
	at com.kms.katalon.core.main.ScriptEngine.runScriptAsRawText(ScriptEngine.java:119)
	at com.kms.katalon.core.main.TestCaseExecutor.runScript(TestCaseExecutor.java:442)
	at com.kms.katalon.core.main.TestCaseExecutor.doExecute(TestCaseExecutor.java:433)
	at com.kms.katalon.core.main.TestCaseExecutor.processExecutionPhase(TestCaseExecutor.java:412)
	at com.kms.katalon.core.main.TestCaseExecutor.accessMainPhase(TestCaseExecutor.java:404)
	at com.kms.katalon.core.main.TestCaseExecutor.execute(TestCaseExecutor.java:281)
	at com.kms.katalon.core.main.TestSuiteExecutor.accessTestCaseMainPhase(TestSuiteExecutor.java:202)
	at com.kms.katalon.core.main.TestSuiteExecutor.accessTestSuiteMainPhase(TestSuiteExecutor.java:164)
	at com.kms.katalon.core.main.TestSuiteExecutor.execute(TestSuiteExecutor.java:105)
	at com.kms.katalon.core.main.TestCaseMain.startTestSuite(TestCaseMain.java:185)
	at com.kms.katalon.core.main.TestCaseMain$startTestSuite$0.call(Unknown Source)
	at TempTestSuite1676942839911.run(TempTestSuite1676942839911.groovy:36)
Caused by: com.kms.katalon.core.exception.StepFailedException: Unable to click on object 'Object Repository/AdminSuiteBootstrap_Pages/UM_Bootstrap/DeleteUser/button_Okay_Last'
	... 21 more
Caused by: com.kms.katalon.core.webui.exception.WebElementNotFoundException: Web element with id: 'Object Repository/AdminSuiteBootstrap_Pages/UM_Bootstrap/DeleteUser/button_Okay_Last' located by '//*[(text() = 'Okay' or . = 'Okay')]' not found
	at com.kms.katalon.core.webui.common.WebUiCommonHelper.findWebElement(WebUiCommonHelper.java:1370)
	at com.kms.katalon.core.webui.keyword.internal.WebUIAbstractKeyword.findWebElement(WebUIAbstractKeyword.groovy:27)
	at com.kms.katalon.core.webui.keyword.builtin.ClickKeyword$_click_closure1.doCall(ClickKeyword.groovy:65)
	at com.kms.katalon.core.webui.keyword.builtin.ClickKeyword$_click_closure1.call(ClickKeyword.groovy)
	at com.kms.katalon.core.webui.keyword.internal.WebUIKeywordMain.runKeyword(WebUIKeywordMain.groovy:20)
	... 19 more]]></system-err>
      </testcase>
      <testcase name="Test Cases/Admin Suite Bootstrap/UM_TestCases/Users/AddUserSpecialChar" time="171.353" classname="Test Cases/Admin Suite Bootstrap/UM_TestCases/Users/AddUserSpecialChar" status="FAILED">
         <failure type="FAILED" message="Test Cases/Admin Suite Bootstrap/UM_TestCases/Users/AddUserSpecialChar FAILED.
Reason:
com.kms.katalon.core.exception.StepFailedException: Unable to click on object 'Object Repository/AdminSuiteBootstrap_Pages/UM_Bootstrap/DeleteUser/button_Okay_Last' (Root cause: com.kms.katalon.core.exception.StepFailedException: Unable to click on object 'Object Repository/AdminSuiteBootstrap_Pages/UM_Bootstrap/DeleteUser/button_Okay_Last'
	at com.kms.katalon.core.webui.keyword.internal.WebUIKeywordMain.stepFailed(WebUIKeywordMain.groovy:64)
	at com.kms.katalon.core.webui.keyword.internal.WebUIKeywordMain.runKeyword(WebUIKeywordMain.groovy:26)
	at com.kms.katalon.core.webui.keyword.builtin.ClickKeyword.click(ClickKeyword.groovy:74)
	at com.kms.katalon.core.webui.keyword.builtin.ClickKeyword.execute(ClickKeyword.groovy:40)
	at com.kms.katalon.core.keyword.internal.KeywordExecutor.executeKeywordForPlatform(KeywordExecutor.groovy:74)
	at com.kms.katalon.core.webui.keyword.WebUiBuiltInKeywords.click(WebUiBuiltInKeywords.groovy:620)
	at com.kms.katalon.core.webui.keyword.WebUiBuiltInKeywords$click$3.call(Unknown Source)
	at AddUserSpecialChar.run(AddUserSpecialChar:102)
	at com.kms.katalon.core.main.ScriptEngine.run(ScriptEngine.java:194)
	at com.kms.katalon.core.main.ScriptEngine.runScriptAsRawText(ScriptEngine.java:119)
	at com.kms.katalon.core.main.TestCaseExecutor.runScript(TestCaseExecutor.java:442)
	at com.kms.katalon.core.main.TestCaseExecutor.doExecute(TestCaseExecutor.java:433)
	at com.kms.katalon.core.main.TestCaseExecutor.processExecutionPhase(TestCaseExecutor.java:412)
	at com.kms.katalon.core.main.TestCaseExecutor.accessMainPhase(TestCaseExecutor.java:404)
	at com.kms.katalon.core.main.TestCaseExecutor.execute(TestCaseExecutor.java:281)
	at com.kms.katalon.core.main.TestSuiteExecutor.accessTestCaseMainPhase(TestSuiteExecutor.java:202)
	at com.kms.katalon.core.main.TestSuiteExecutor.accessTestSuiteMainPhase(TestSuiteExecutor.java:164)
	at com.kms.katalon.core.main.TestSuiteExecutor.execute(TestSuiteExecutor.java:105)
	at com.kms.katalon.core.main.TestCaseMain.startTestSuite(TestCaseMain.java:185)
	at com.kms.katalon.core.main.TestCaseMain$startTestSuite$0.call(Unknown Source)
	at TempTestSuite1676942839911.run(TempTestSuite1676942839911.groovy:36)
Caused by: com.kms.katalon.core.webui.exception.WebElementNotFoundException: Web element with id: 'Object Repository/AdminSuiteBootstrap_Pages/UM_Bootstrap/DeleteUser/button_Okay_Last' located by '//*[(text() = 'Okay' or . = 'Okay')]' not found
	at com.kms.katalon.core.webui.common.WebUiCommonHelper.findWebElement(WebUiCommonHelper.java:1370)
	at com.kms.katalon.core.webui.keyword.internal.WebUIAbstractKeyword.findWebElement(WebUIAbstractKeyword.groovy:27)
	at com.kms.katalon.core.webui.keyword.builtin.ClickKeyword$_click_closure1.doCall(ClickKeyword.groovy:65)
	at com.kms.katalon.core.webui.keyword.builtin.ClickKeyword$_click_closure1.call(ClickKeyword.groovy)
	at com.kms.katalon.core.webui.keyword.internal.WebUIKeywordMain.runKeyword(WebUIKeywordMain.groovy:20)
	at com.kms.katalon.core.webui.keyword.builtin.ClickKeyword.click(ClickKeyword.groovy:74)
	at com.kms.katalon.core.webui.keyword.builtin.ClickKeyword.execute(ClickKeyword.groovy:40)
	at com.kms.katalon.core.keyword.internal.KeywordExecutor.executeKeywordForPlatform(KeywordExecutor.groovy:74)
	at com.kms.katalon.core.webui.keyword.WebUiBuiltInKeywords.click(WebUiBuiltInKeywords.groovy:620)
	at com.kms.katalon.core.webui.keyword.WebUiBuiltInKeywords$click$3.call(Unknown Source)
	at Script1658175411887.run(Script1658175411887.groovy:102)
	... 13 more
)
	at com.kms.katalon.core.keyword.internal.KeywordMain.stepFailed(KeywordMain.groovy:39)
	at com.kms.katalon.core.webui.keyword.internal.WebUIKeywordMain.stepFailed(WebUIKeywordMain.groovy:64)
	at com.kms.katalon.core.webui.keyword.internal.WebUIKeywordMain.runKeyword(WebUIKeywordMain.groovy:26)
	at com.kms.katalon.core.webui.keyword.builtin.ClickKeyword.click(ClickKeyword.groovy:74)
	at com.kms.katalon.core.webui.keyword.builtin.ClickKeyword.execute(ClickKeyword.groovy:40)
	at com.kms.katalon.core.keyword.internal.KeywordExecutor.executeKeywordForPlatform(KeywordExecutor.groovy:74)
	at com.kms.katalon.core.webui.keyword.WebUiBuiltInKeywords.click(WebUiBuiltInKeywords.groovy:620)
	at com.kms.katalon.core.webui.keyword.WebUiBuiltInKeywords$click$3.call(Unknown Source)
	at AddUserSpecialChar.run(AddUserSpecialChar:102)
	at com.kms.katalon.core.main.ScriptEngine.run(ScriptEngine.java:194)
	at com.kms.katalon.core.main.ScriptEngine.runScriptAsRawText(ScriptEngine.java:119)
	at com.kms.katalon.core.main.TestCaseExecutor.runScript(TestCaseExecutor.java:442)
	at com.kms.katalon.core.main.TestCaseExecutor.doExecute(TestCaseExecutor.java:433)
	at com.kms.katalon.core.main.TestCaseExecutor.processExecutionPhase(TestCaseExecutor.java:412)
	at com.kms.katalon.core.main.TestCaseExecutor.accessMainPhase(TestCaseExecutor.java:404)
	at com.kms.katalon.core.main.TestCaseExecutor.execute(TestCaseExecutor.java:281)
	at com.kms.katalon.core.main.TestSuiteExecutor.accessTestCaseMainPhase(TestSuiteExecutor.java:202)
	at com.kms.katalon.core.main.TestSuiteExecutor.accessTestSuiteMainPhase(TestSuiteExecutor.java:164)
	at com.kms.katalon.core.main.TestSuiteExecutor.execute(TestSuiteExecutor.java:105)
	at com.kms.katalon.core.main.TestCaseMain.startTestSuite(TestCaseMain.java:185)
	at com.kms.katalon.core.main.TestCaseMain$startTestSuite$0.call(Unknown Source)
	at TempTestSuite1676942839911.run(TempTestSuite1676942839911.groovy:36)
Caused by: com.kms.katalon.core.exception.StepFailedException: Unable to click on object 'Object Repository/AdminSuiteBootstrap_Pages/UM_Bootstrap/DeleteUser/button_Okay_Last'
	... 21 more
Caused by: com.kms.katalon.core.webui.exception.WebElementNotFoundException: Web element with id: 'Object Repository/AdminSuiteBootstrap_Pages/UM_Bootstrap/DeleteUser/button_Okay_Last' located by '//*[(text() = 'Okay' or . = 'Okay')]' not found
	at com.kms.katalon.core.webui.common.WebUiCommonHelper.findWebElement(WebUiCommonHelper.java:1370)
	at com.kms.katalon.core.webui.keyword.internal.WebUIAbstractKeyword.findWebElement(WebUIAbstractKeyword.groovy:27)
	at com.kms.katalon.core.webui.keyword.builtin.ClickKeyword$_click_closure1.doCall(ClickKeyword.groovy:65)
	at com.kms.katalon.core.webui.keyword.builtin.ClickKeyword$_click_closure1.call(ClickKeyword.groovy)
	at com.kms.katalon.core.webui.keyword.internal.WebUIKeywordMain.runKeyword(WebUIKeywordMain.groovy:20)
	... 19 more
"/>
         <system-out><![CDATA[2023-02-20 20:31:51 - [TEST_CASE][FAILED] - Test Cases/Admin Suite Bootstrap/UM_TestCases/Users/AddUserSpecialChar: Test Cases/Admin Suite Bootstrap/UM_TestCases/Users/AddUserSpecialChar FAILED.
Reason:
com.kms.katalon.core.exception.StepFailedException: Unable to click on object 'Object Repository/AdminSuiteBootstrap_Pages/UM_Bootstrap/DeleteUser/button_Okay_Last' (Root cause: com.kms.katalon.core.exception.StepFailedException: Unable to click on object 'Object Repository/AdminSuiteBootstrap_Pages/UM_Bootstrap/DeleteUser/button_Okay_Last'
	at com.kms.katalon.core.webui.keyword.internal.WebUIKeywordMain.stepFailed(WebUIKeywordMain.groovy:64)
	at com.kms.katalon.core.webui.keyword.internal.WebUIKeywordMain.runKeyword(WebUIKeywordMain.groovy:26)
	at com.kms.katalon.core.webui.keyword.builtin.ClickKeyword.click(ClickKeyword.groovy:74)
	at com.kms.katalon.core.webui.keyword.builtin.ClickKeyword.execute(ClickKeyword.groovy:40)
	at com.kms.katalon.core.keyword.internal.KeywordExecutor.executeKeywordForPlatform(KeywordExecutor.groovy:74)
	at com.kms.katalon.core.webui.keyword.WebUiBuiltInKeywords.click(WebUiBuiltInKeywords.groovy:620)
	at com.kms.katalon.core.webui.keyword.WebUiBuiltInKeywords$click$3.call(Unknown Source)
	at AddUserSpecialChar.run(AddUserSpecialChar:102)
	at com.kms.katalon.core.main.ScriptEngine.run(ScriptEngine.java:194)
	at com.kms.katalon.core.main.ScriptEngine.runScriptAsRawText(ScriptEngine.java:119)
	at com.kms.katalon.core.main.TestCaseExecutor.runScript(TestCaseExecutor.java:442)
	at com.kms.katalon.core.main.TestCaseExecutor.doExecute(TestCaseExecutor.java:433)
	at com.kms.katalon.core.main.TestCaseExecutor.processExecutionPhase(TestCaseExecutor.java:412)
	at com.kms.katalon.core.main.TestCaseExecutor.accessMainPhase(TestCaseExecutor.java:404)
	at com.kms.katalon.core.main.TestCaseExecutor.execute(TestCaseExecutor.java:281)
	at com.kms.katalon.core.main.TestSuiteExecutor.accessTestCaseMainPhase(TestSuiteExecutor.java:202)
	at com.kms.katalon.core.main.TestSuiteExecutor.accessTestSuiteMainPhase(TestSuiteExecutor.java:164)
	at com.kms.katalon.core.main.TestSuiteExecutor.execute(TestSuiteExecutor.java:105)
	at com.kms.katalon.core.main.TestCaseMain.startTestSuite(TestCaseMain.java:185)
	at com.kms.katalon.core.main.TestCaseMain$startTestSuite$0.call(Unknown Source)
	at TempTestSuite1676942839911.run(TempTestSuite1676942839911.groovy:36)
Caused by: com.kms.katalon.core.webui.exception.WebElementNotFoundException: Web element with id: 'Object Repository/AdminSuiteBootstrap_Pages/UM_Bootstrap/DeleteUser/button_Okay_Last' located by '//*[(text() = 'Okay' or . = 'Okay')]' not found
	at com.kms.katalon.core.webui.common.WebUiCommonHelper.findWebElement(WebUiCommonHelper.java:1370)
	at com.kms.katalon.core.webui.keyword.internal.WebUIAbstractKeyword.findWebElement(WebUIAbstractKeyword.groovy:27)
	at com.kms.katalon.core.webui.keyword.builtin.ClickKeyword$_click_closure1.doCall(ClickKeyword.groovy:65)
	at com.kms.katalon.core.webui.keyword.builtin.ClickKeyword$_click_closure1.call(ClickKeyword.groovy)
	at com.kms.katalon.core.webui.keyword.internal.WebUIKeywordMain.runKeyword(WebUIKeywordMain.groovy:20)
	at com.kms.katalon.core.webui.keyword.builtin.ClickKeyword.click(ClickKeyword.groovy:74)
	at com.kms.katalon.core.webui.keyword.builtin.ClickKeyword.execute(ClickKeyword.groovy:40)
	at com.kms.katalon.core.keyword.internal.KeywordExecutor.executeKeywordForPlatform(KeywordExecutor.groovy:74)
	at com.kms.katalon.core.webui.keyword.WebUiBuiltInKeywords.click(WebUiBuiltInKeywords.groovy:620)
	at com.kms.katalon.core.webui.keyword.WebUiBuiltInKeywords$click$3.call(Unknown Source)
	at Script1658175411887.run(Script1658175411887.groovy:102)
	... 13 more
)
	at com.kms.katalon.core.keyword.internal.KeywordMain.stepFailed(KeywordMain.groovy:39)
	at com.kms.katalon.core.webui.keyword.internal.WebUIKeywordMain.stepFailed(WebUIKeywordMain.groovy:64)
	at com.kms.katalon.core.webui.keyword.internal.WebUIKeywordMain.runKeyword(WebUIKeywordMain.groovy:26)
	at com.kms.katalon.core.webui.keyword.builtin.ClickKeyword.click(ClickKeyword.groovy:74)
	at com.kms.katalon.core.webui.keyword.builtin.ClickKeyword.execute(ClickKeyword.groovy:40)
	at com.kms.katalon.core.keyword.internal.KeywordExecutor.executeKeywordForPlatform(KeywordExecutor.groovy:74)
	at com.kms.katalon.core.webui.keyword.WebUiBuiltInKeywords.click(WebUiBuiltInKeywords.groovy:620)
	at com.kms.katalon.core.webui.keyword.WebUiBuiltInKeywords$click$3.call(Unknown Source)
	at AddUserSpecialChar.run(AddUserSpecialChar:102)
	at com.kms.katalon.core.main.ScriptEngine.run(ScriptEngine.java:194)
	at com.kms.katalon.core.main.ScriptEngine.runScriptAsRawText(ScriptEngine.java:119)
	at com.kms.katalon.core.main.TestCaseExecutor.runScript(TestCaseExecutor.java:442)
	at com.kms.katalon.core.main.TestCaseExecutor.doExecute(TestCaseExecutor.java:433)
	at com.kms.katalon.core.main.TestCaseExecutor.processExecutionPhase(TestCaseExecutor.java:412)
	at com.kms.katalon.core.main.TestCaseExecutor.accessMainPhase(TestCaseExecutor.java:404)
	at com.kms.katalon.core.main.TestCaseExecutor.execute(TestCaseExecutor.java:281)
	at com.kms.katalon.core.main.TestSuiteExecutor.accessTestCaseMainPhase(TestSuiteExecutor.java:202)
	at com.kms.katalon.core.main.TestSuiteExecutor.accessTestSuiteMainPhase(TestSuiteExecutor.java:164)
	at com.kms.katalon.core.main.TestSuiteExecutor.execute(TestSuiteExecutor.java:105)
	at com.kms.katalon.core.main.TestCaseMain.startTestSuite(TestCaseMain.java:185)
	at com.kms.katalon.core.main.TestCaseMain$startTestSuite$0.call(Unknown Source)
	at TempTestSuite1676942839911.run(TempTestSuite1676942839911.groovy:36)
Caused by: com.kms.katalon.core.exception.StepFailedException: Unable to click on object 'Object Repository/AdminSuiteBootstrap_Pages/UM_Bootstrap/DeleteUser/button_Okay_Last'
	... 21 more
Caused by: com.kms.katalon.core.webui.exception.WebElementNotFoundException: Web element with id: 'Object Repository/AdminSuiteBootstrap_Pages/UM_Bootstrap/DeleteUser/button_Okay_Last' located by '//*[(text() = 'Okay' or . = 'Okay')]' not found
	at com.kms.katalon.core.webui.common.WebUiCommonHelper.findWebElement(WebUiCommonHelper.java:1370)
	at com.kms.katalon.core.webui.keyword.internal.WebUIAbstractKeyword.findWebElement(WebUIAbstractKeyword.groovy:27)
	at com.kms.katalon.core.webui.keyword.builtin.ClickKeyword$_click_closure1.doCall(ClickKeyword.groovy:65)
	at com.kms.katalon.core.webui.keyword.builtin.ClickKeyword$_click_closure1.call(ClickKeyword.groovy)
	at com.kms.katalon.core.webui.keyword.internal.WebUIKeywordMain.runKeyword(WebUIKeywordMain.groovy:20)
	... 19 more


2023-02-20 20:31:52 - [TEST_STEP][PASSED] - path_Dashboard = "Object Repository/AdminSuiteBootstrap_Pages/Dashboard_Bootstrap/": null

2023-02-20 20:31:52 - [TEST_STEP][PASSED] - path_Users = "Object Repository/AdminSuiteBootstrap_Pages/UM_Bootstrap/Users/": null

2023-02-20 20:31:52 - [TEST_STEP][PASSED] - path_UserView = "Object Repository/AdminSuiteBootstrap_Pages/UM_Bootstrap/UserView/": null

2023-02-20 20:31:52 - [TEST_STEP][PASSED] - path_DeleteUser = "Object Repository/AdminSuiteBootstrap_Pages/UM_Bootstrap/DeleteUser/": null

2023-02-20 20:31:52 - [TEST_STEP][PASSED] - path_AddUser = "Object Repository/AdminSuiteBootstrap_Pages/UM_Bootstrap/AddUser/": null

2023-02-20 20:31:52 - [TEST_STEP][PASSED] - executionProfile = getExecutionProfile(): null

2023-02-20 20:31:52 - [TEST_STEP][PASSED] - out.println("executionProfile : " + executionProfile): null

2023-02-20 20:31:52 - [TEST_STEP][PASSED] - appName = <not implemented yet for class: org.codehaus.groovy.ast.expr.EmptyExpression>: null

2023-02-20 20:31:52 - [TEST_STEP][PASSED] - appID = <not implemented yet for class: org.codehaus.groovy.ast.expr.EmptyExpression>: null

2023-02-20 20:31:52 - [TEST_STEP][PASSED] - spUsername = <not implemented yet for class: org.codehaus.groovy.ast.expr.EmptyExpression>: null

2023-02-20 20:31:52 - [TEST_STEP][PASSED] - nameSheet = "CreateUserSpChar": null

2023-02-20 20:31:52 - [TEST_STEP][PASSED] - dataFile = "QA/Bootstrap/UM-TestData/CreateUserSpChar": null

2023-02-20 20:31:52 - [TEST_STEP][PASSED] - numOfRows = findTestData("QA/Bootstrap/UM-TestData/CreateUserSpChar").getRowNumbers(): null

2023-02-20 20:31:52 - [TEST_STEP][PASSED] - println("Number of Records: " + numOfRows): null

2023-02-20 20:31:52 - [TEST_STEP][PASSED] - for ([row = 1, row <= numOfRows, (row++)]): Browser is closed

2023-02-20 20:31:52 - [TEST_STEP][PASSED] - ExecuteTC = findTestData(dataFile).getValue("Execute", row): null

2023-02-20 20:31:52 - [TEST_STEP][PASSED] - out.println("Value of Execute is : " + ExecuteTC): null

2023-02-20 20:31:52 - [TEST_STEP][PASSED] - if (ExecuteTC.equalsIgnoreCase("Y")): Browser is closed

2023-02-20 20:31:52 - [TEST_STEP][PASSED] - out.println("Begin Record Number: " + row): null

2023-02-20 20:31:52 - [TEST_STEP][PASSED] - adminSuiteBootstrap.loginFunctionality.login_AdminSuite(): adminSuiteBootstrap.loginFunctionality.login_AdminSuite is PASSED

2023-02-20 20:31:52 - [MESSAGE][INFO] - Starting 'Chrome' driver

2023-02-20 20:31:52 - [MESSAGE][INFO] - User set preference: ['acceptInsecureCerts', 'true']

2023-02-20 20:31:52 - [MESSAGE][INFO] - Action delay is set to 0 milliseconds

2023-02-20 20:31:54 - [MESSAGE][PASSED] - Browser is opened with url: 'https://qa.velocitypayment.com/admin/imtiaz'

2023-02-20 20:31:54 - [MESSAGE][PASSED] - Current window maximized

2023-02-20 20:31:55 - [MESSAGE][PASSED] - Object 'Object Repository/Login_Page/Login_Username' is present

2023-02-20 20:31:55 - [MESSAGE][PASSED] - Text 'iahmed' is set on object 'Object Repository/Login_Page/Login_Username'

2023-02-20 20:31:56 - [MESSAGE][PASSED] - Text 'hello2222' is set on object 'Object Repository/Login_Page/Login_Password'

2023-02-20 20:31:59 - [MESSAGE][PASSED] - Object: 'Object Repository/Login_Page/Login_Submit' is clicked on

2023-02-20 20:31:59 - [MESSAGE][PASSED] - adminSuiteBootstrap.loginFunctionality.login_AdminSuite is PASSED

2023-02-20 20:31:59 - [TEST_STEP][PASSED] - click(findTestObject(path_Dashboard + "a_Access User Management")): Object: 'Object Repository/AdminSuiteBootstrap_Pages/Dashboard_Bootstrap/a_Access User Management' is clicked on

2023-02-20 20:32:00 - [MESSAGE][PASSED] - Object: 'Object Repository/AdminSuiteBootstrap_Pages/Dashboard_Bootstrap/a_Access User Management' is clicked on

2023-02-20 20:32:00 - [TEST_STEP][PASSED] - click(findTestObject(path_Users + "a_Add User")): Object: 'Object Repository/AdminSuiteBootstrap_Pages/UM_Bootstrap/Users/a_Add User' is clicked on

2023-02-20 20:32:01 - [MESSAGE][PASSED] - Object: 'Object Repository/AdminSuiteBootstrap_Pages/UM_Bootstrap/Users/a_Add User' is clicked on

2023-02-20 20:32:01 - [TEST_STEP][PASSED] - buildUsername = pages.GenerateRandom.getRandomAlpha(): pages.GenerateRandom.getRandomAlpha is PASSED

2023-02-20 20:32:01 - [MESSAGE][PASSED] - pages.GenerateRandom.getRandomAlpha is PASSED

2023-02-20 20:32:01 - [TEST_STEP][PASSED] - prefixUsername = findTestData(dataFile).getValue("Username", row): null

2023-02-20 20:32:01 - [TEST_STEP][PASSED] - spUsername = buildUsername + prefixUsername + buildUsername: null

2023-02-20 20:32:01 - [TEST_STEP][PASSED] - setText(findTestObject(path_AddUser + "input_EmailAddress"), "iahmed@govolution.com"): Text 'iahmed@govolution.com' is set on object 'Object Repository/AdminSuiteBootstrap_Pages/UM_Bootstrap/AddUser/input_EmailAddress'

2023-02-20 20:32:02 - [MESSAGE][PASSED] - Text 'iahmed@govolution.com' is set on object 'Object Repository/AdminSuiteBootstrap_Pages/UM_Bootstrap/AddUser/input_EmailAddress'

2023-02-20 20:32:02 - [TEST_STEP][PASSED] - setText(findTestObject(path_AddUser + "input_Username"), spUsername): Text 'XXncMXvgW_XXncMXvgW' is set on object 'Object Repository/AdminSuiteBootstrap_Pages/UM_Bootstrap/AddUser/input_Username'

2023-02-20 20:32:02 - [MESSAGE][PASSED] - Text 'XXncMXvgW_XXncMXvgW' is set on object 'Object Repository/AdminSuiteBootstrap_Pages/UM_Bootstrap/AddUser/input_Username'

2023-02-20 20:32:02 - [TEST_STEP][PASSED] - setText(findTestObject(path_AddUser + "input_FirstName"), "Ashley"): Text 'Ashley' is set on object 'Object Repository/AdminSuiteBootstrap_Pages/UM_Bootstrap/AddUser/input_FirstName'

2023-02-20 20:32:03 - [MESSAGE][PASSED] - Text 'Ashley' is set on object 'Object Repository/AdminSuiteBootstrap_Pages/UM_Bootstrap/AddUser/input_FirstName'

2023-02-20 20:32:03 - [TEST_STEP][PASSED] - setText(findTestObject(path_AddUser + "input_LastName"), "Luka"): Text 'Luka' is set on object 'Object Repository/AdminSuiteBootstrap_Pages/UM_Bootstrap/AddUser/input_LastName'

2023-02-20 20:32:03 - [MESSAGE][PASSED] - Text 'Luka' is set on object 'Object Repository/AdminSuiteBootstrap_Pages/UM_Bootstrap/AddUser/input_LastName'

2023-02-20 20:32:03 - [TEST_STEP][PASSED] - setText(findTestObject(path_AddUser + "input_Password"), "hello6666"): Text 'hello6666' is set on object 'Object Repository/AdminSuiteBootstrap_Pages/UM_Bootstrap/AddUser/input_Password'

2023-02-20 20:32:04 - [MESSAGE][PASSED] - Text 'hello6666' is set on object 'Object Repository/AdminSuiteBootstrap_Pages/UM_Bootstrap/AddUser/input_Password'

2023-02-20 20:32:04 - [TEST_STEP][PASSED] - setText(findTestObject(path_AddUser + "input_ConfirmPassword"), "hello6666"): Text 'hello6666' is set on object 'Object Repository/AdminSuiteBootstrap_Pages/UM_Bootstrap/AddUser/input_ConfirmPassword'

2023-02-20 20:32:05 - [MESSAGE][PASSED] - Text 'hello6666' is set on object 'Object Repository/AdminSuiteBootstrap_Pages/UM_Bootstrap/AddUser/input_ConfirmPassword'

2023-02-20 20:32:05 - [TEST_STEP][PASSED] - check(findTestObject(path_AddUser + "input_No_lock")): Object 'Object Repository/AdminSuiteBootstrap_Pages/UM_Bootstrap/AddUser/input_No_lock' is checked

2023-02-20 20:32:05 - [MESSAGE][PASSED] - Object 'Object Repository/AdminSuiteBootstrap_Pages/UM_Bootstrap/AddUser/input_No_lock' is checked

2023-02-20 20:32:05 - [TEST_STEP][PASSED] - click(findTestObject(path_AddUser + "button_Create")): Object: 'Object Repository/AdminSuiteBootstrap_Pages/UM_Bootstrap/AddUser/button_Create' is clicked on

2023-02-20 20:32:09 - [MESSAGE][PASSED] - Object: 'Object Repository/AdminSuiteBootstrap_Pages/UM_Bootstrap/AddUser/button_Create' is clicked on

2023-02-20 20:32:09 - [TEST_STEP][PASSED] - if (verifyTextPresent("User Account Created A user account for", true)): null

2023-02-20 20:32:09 - [MESSAGE][PASSED] - Text 'User Account Created A user account for' is present on page  using regular expression

2023-02-20 20:32:09 - [TEST_STEP][PASSED] - verifyTextPresent("was successfully created", true): Text 'was successfully created' is present on page  using regular expression

2023-02-20 20:32:09 - [MESSAGE][PASSED] - Text 'was successfully created' is present on page  using regular expression

2023-02-20 20:32:09 - [TEST_STEP][PASSED] - click(findTestObject(path_UserView + "button_Delete")): Object: 'Object Repository/AdminSuiteBootstrap_Pages/UM_Bootstrap/UserView/button_Delete' is clicked on

2023-02-20 20:32:10 - [MESSAGE][PASSED] - Object: 'Object Repository/AdminSuiteBootstrap_Pages/UM_Bootstrap/UserView/button_Delete' is clicked on

2023-02-20 20:32:10 - [TEST_STEP][PASSED] - click(findTestObject(path_DeleteUser + "button_Okay_First")): Object: 'Object Repository/AdminSuiteBootstrap_Pages/UM_Bootstrap/DeleteUser/button_Okay_First' is clicked on

2023-02-20 20:32:41 - [MESSAGE][INFO] - Unable to find the element located by 'By.xpath: //*[@type = 'button' and (text() = 'Okay' or . = 'Okay')]'. Please recheck the objects properties to make sure the desired element is located. 

2023-02-20 20:32:41 - [MESSAGE][WARNING] - [SELF-HEALING] Failed to find element with id 'Object Repository/AdminSuiteBootstrap_Pages/UM_Bootstrap/DeleteUser/button_Okay_First'. Try using Self-healing.

2023-02-20 20:32:41 - [MESSAGE][WARNING] - [SELF-HEALING] The current locator of test object 'Object Repository/AdminSuiteBootstrap_Pages/UM_Bootstrap/DeleteUser/button_Okay_First' was broken. Propose an alternative one: '(//button[@type='button'])[13]'.

2023-02-20 20:32:41 - [MESSAGE][PASSED] - Object: 'Object Repository/AdminSuiteBootstrap_Pages/UM_Bootstrap/DeleteUser/button_Okay_First' is clicked on

2023-02-20 20:32:41 - [TEST_STEP][FAILED] - click(findTestObject(path_DeleteUser + "button_Okay_Last")): Unable to click on object 'Object Repository/AdminSuiteBootstrap_Pages/UM_Bootstrap/DeleteUser/button_Okay_Last' (Root cause: com.kms.katalon.core.exception.StepFailedException: Unable to click on object 'Object Repository/AdminSuiteBootstrap_Pages/UM_Bootstrap/DeleteUser/button_Okay_Last'
	at com.kms.katalon.core.webui.keyword.internal.WebUIKeywordMain.stepFailed(WebUIKeywordMain.groovy:64)
	at com.kms.katalon.core.webui.keyword.internal.WebUIKeywordMain.runKeyword(WebUIKeywordMain.groovy:26)
	at com.kms.katalon.core.webui.keyword.builtin.ClickKeyword.click(ClickKeyword.groovy:74)
	at com.kms.katalon.core.webui.keyword.builtin.ClickKeyword.execute(ClickKeyword.groovy:40)
	at com.kms.katalon.core.keyword.internal.KeywordExecutor.executeKeywordForPlatform(KeywordExecutor.groovy:74)
	at com.kms.katalon.core.webui.keyword.WebUiBuiltInKeywords.click(WebUiBuiltInKeywords.groovy:620)
	at com.kms.katalon.core.webui.keyword.WebUiBuiltInKeywords$click$3.call(Unknown Source)
	at AddUserSpecialChar.run(AddUserSpecialChar:102)
	at com.kms.katalon.core.main.ScriptEngine.run(ScriptEngine.java:194)
	at com.kms.katalon.core.main.ScriptEngine.runScriptAsRawText(ScriptEngine.java:119)
	at com.kms.katalon.core.main.TestCaseExecutor.runScript(TestCaseExecutor.java:442)
	at com.kms.katalon.core.main.TestCaseExecutor.doExecute(TestCaseExecutor.java:433)
	at com.kms.katalon.core.main.TestCaseExecutor.processExecutionPhase(TestCaseExecutor.java:412)
	at com.kms.katalon.core.main.TestCaseExecutor.accessMainPhase(TestCaseExecutor.java:404)
	at com.kms.katalon.core.main.TestCaseExecutor.execute(TestCaseExecutor.java:281)
	at com.kms.katalon.core.main.TestSuiteExecutor.accessTestCaseMainPhase(TestSuiteExecutor.java:202)
	at com.kms.katalon.core.main.TestSuiteExecutor.accessTestSuiteMainPhase(TestSuiteExecutor.java:164)
	at com.kms.katalon.core.main.TestSuiteExecutor.execute(TestSuiteExecutor.java:105)
	at com.kms.katalon.core.main.TestCaseMain.startTestSuite(TestCaseMain.java:185)
	at com.kms.katalon.core.main.TestCaseMain$startTestSuite$0.call(Unknown Source)
	at TempTestSuite1676942839911.run(TempTestSuite1676942839911.groovy:36)
Caused by: com.kms.katalon.core.webui.exception.WebElementNotFoundException: Web element with id: 'Object Repository/AdminSuiteBootstrap_Pages/UM_Bootstrap/DeleteUser/button_Okay_Last' located by '//*[(text() = 'Okay' or . = 'Okay')]' not found
	at com.kms.katalon.core.webui.common.WebUiCommonHelper.findWebElement(WebUiCommonHelper.java:1370)
	at com.kms.katalon.core.webui.keyword.internal.WebUIAbstractKeyword.findWebElement(WebUIAbstractKeyword.groovy:27)
	at com.kms.katalon.core.webui.keyword.builtin.ClickKeyword$_click_closure1.doCall(ClickKeyword.groovy:65)
	at com.kms.katalon.core.webui.keyword.builtin.ClickKeyword$_click_closure1.call(ClickKeyword.groovy)
	at com.kms.katalon.core.webui.keyword.internal.WebUIKeywordMain.runKeyword(WebUIKeywordMain.groovy:20)
	at com.kms.katalon.core.webui.keyword.builtin.ClickKeyword.click(ClickKeyword.groovy:74)
	at com.kms.katalon.core.webui.keyword.builtin.ClickKeyword.execute(ClickKeyword.groovy:40)
	at com.kms.katalon.core.keyword.internal.KeywordExecutor.executeKeywordForPlatform(KeywordExecutor.groovy:74)
	at com.kms.katalon.core.webui.keyword.WebUiBuiltInKeywords.click(WebUiBuiltInKeywords.groovy:620)
	at com.kms.katalon.core.webui.keyword.WebUiBuiltInKeywords$click$3.call(Unknown Source)
	at Script1658175411887.run(Script1658175411887.groovy:102)
	... 13 more
)

2023-02-20 20:33:13 - [MESSAGE][INFO] - Unable to find the element located by 'By.xpath: //*[(text() = 'Okay' or . = 'Okay')]'. Please recheck the objects properties to make sure the desired element is located. 

2023-02-20 20:33:13 - [MESSAGE][WARNING] - [SELF-HEALING] Failed to find element with id 'Object Repository/AdminSuiteBootstrap_Pages/UM_Bootstrap/DeleteUser/button_Okay_Last'. Try using Self-healing.

2023-02-20 20:33:14 - [MESSAGE][INFO] - Unable to find the element located by 'By.xpath: (.//*[normalize-space(text()) and normalize-space(.)='The user account for wwww eeeee (wwww11) was successfully deleted.'])[1]/following::button[1]'. Please recheck the objects properties to make sure the desired element is located. 

2023-02-20 20:33:14 - [MESSAGE][INFO] - [SELF-HEALING] Failed Locator: '(.//*[normalize-space(text()) and normalize-space(.)='The user account for wwww eeeee (wwww11) was successfully deleted.'])[1]/following::button[1]'.

2023-02-20 20:33:14 - [MESSAGE][INFO] - [SELF-HEALING] Failed Locator: '(.//*[normalize-space(text()) and normalize-space(.)='Deleted'])[1]/following::button[1]'.

2023-02-20 20:33:14 - [MESSAGE][INFO] - [SELF-HEALING] Failed Locator: '//*/text()[normalize-space(.)='Okay']/parent::*'.

2023-02-20 20:33:15 - [MESSAGE][INFO] - [SELF-HEALING] Failed Locator: '//div/div[2]/button'.

2023-02-20 20:33:15 - [MESSAGE][INFO] - [SELF-HEALING] Failed Locator: '//button[(text() = 'Okay' or . = 'Okay')]'.

2023-02-20 20:33:16 - [MESSAGE][INFO] - Unable to find the element located by 'By.cssSelector: button.alert-button.success-bg.success-btn'. Please recheck the objects properties to make sure the desired element is located. 

2023-02-20 20:33:16 - [MESSAGE][FAILED] - Unable to click on object 'Object Repository/AdminSuiteBootstrap_Pages/UM_Bootstrap/DeleteUser/button_Okay_Last' (Root cause: com.kms.katalon.core.exception.StepFailedException: Unable to click on object 'Object Repository/AdminSuiteBootstrap_Pages/UM_Bootstrap/DeleteUser/button_Okay_Last'
	at com.kms.katalon.core.webui.keyword.internal.WebUIKeywordMain.stepFailed(WebUIKeywordMain.groovy:64)
	at com.kms.katalon.core.webui.keyword.internal.WebUIKeywordMain.runKeyword(WebUIKeywordMain.groovy:26)
	at com.kms.katalon.core.webui.keyword.builtin.ClickKeyword.click(ClickKeyword.groovy:74)
	at com.kms.katalon.core.webui.keyword.builtin.ClickKeyword.execute(ClickKeyword.groovy:40)
	at com.kms.katalon.core.keyword.internal.KeywordExecutor.executeKeywordForPlatform(KeywordExecutor.groovy:74)
	at com.kms.katalon.core.webui.keyword.WebUiBuiltInKeywords.click(WebUiBuiltInKeywords.groovy:620)
	at com.kms.katalon.core.webui.keyword.WebUiBuiltInKeywords$click$3.call(Unknown Source)
	at AddUserSpecialChar.run(AddUserSpecialChar:102)
	at com.kms.katalon.core.main.ScriptEngine.run(ScriptEngine.java:194)
	at com.kms.katalon.core.main.ScriptEngine.runScriptAsRawText(ScriptEngine.java:119)
	at com.kms.katalon.core.main.TestCaseExecutor.runScript(TestCaseExecutor.java:442)
	at com.kms.katalon.core.main.TestCaseExecutor.doExecute(TestCaseExecutor.java:433)
	at com.kms.katalon.core.main.TestCaseExecutor.processExecutionPhase(TestCaseExecutor.java:412)
	at com.kms.katalon.core.main.TestCaseExecutor.accessMainPhase(TestCaseExecutor.java:404)
	at com.kms.katalon.core.main.TestCaseExecutor.execute(TestCaseExecutor.java:281)
	at com.kms.katalon.core.main.TestSuiteExecutor.accessTestCaseMainPhase(TestSuiteExecutor.java:202)
	at com.kms.katalon.core.main.TestSuiteExecutor.accessTestSuiteMainPhase(TestSuiteExecutor.java:164)
	at com.kms.katalon.core.main.TestSuiteExecutor.execute(TestSuiteExecutor.java:105)
	at com.kms.katalon.core.main.TestCaseMain.startTestSuite(TestCaseMain.java:185)
	at com.kms.katalon.core.main.TestCaseMain$startTestSuite$0.call(Unknown Source)
	at TempTestSuite1676942839911.run(TempTestSuite1676942839911.groovy:36)
Caused by: com.kms.katalon.core.webui.exception.WebElementNotFoundException: Web element with id: 'Object Repository/AdminSuiteBootstrap_Pages/UM_Bootstrap/DeleteUser/button_Okay_Last' located by '//*[(text() = 'Okay' or . = 'Okay')]' not found
	at com.kms.katalon.core.webui.common.WebUiCommonHelper.findWebElement(WebUiCommonHelper.java:1370)
	at com.kms.katalon.core.webui.keyword.internal.WebUIAbstractKeyword.findWebElement(WebUIAbstractKeyword.groovy:27)
	at com.kms.katalon.core.webui.keyword.builtin.ClickKeyword$_click_closure1.doCall(ClickKeyword.groovy:65)
	at com.kms.katalon.core.webui.keyword.builtin.ClickKeyword$_click_closure1.call(ClickKeyword.groovy)
	at com.kms.katalon.core.webui.keyword.internal.WebUIKeywordMain.runKeyword(WebUIKeywordMain.groovy:20)
	at com.kms.katalon.core.webui.keyword.builtin.ClickKeyword.click(ClickKeyword.groovy:74)
	at com.kms.katalon.core.webui.keyword.builtin.ClickKeyword.execute(ClickKeyword.groovy:40)
	at com.kms.katalon.core.keyword.internal.KeywordExecutor.executeKeywordForPlatform(KeywordExecutor.groovy:74)
	at com.kms.katalon.core.webui.keyword.WebUiBuiltInKeywords.click(WebUiBuiltInKeywords.groovy:620)
	at com.kms.katalon.core.webui.keyword.WebUiBuiltInKeywords$click$3.call(Unknown Source)
	at Script1658175411887.run(Script1658175411887.groovy:102)
	... 13 more
)
[[ATTACHMENT|E:\\Cloned-Project-Katalon\\VPS-Katalon\\Reports\\20230220_202719\\QA\\UM-Bootstrap\\UM-TestSuite-QA\\20230220_202719\\1676943196395.png]]

2023-02-20 20:33:16 - [TEST_STEP][PASSED] - closeBrowser(): Browser is closed

2023-02-20 20:33:17 - [MESSAGE][PASSED] - Browser is closed

2023-02-20 20:33:17 - [TEST_STEP][PASSED] - ExecuteTC = findTestData(dataFile).getValue("Execute", row): null

2023-02-20 20:33:17 - [TEST_STEP][PASSED] - out.println("Value of Execute is : " + ExecuteTC): null

2023-02-20 20:33:17 - [TEST_STEP][PASSED] - if (ExecuteTC.equalsIgnoreCase("Y")): Browser is closed

2023-02-20 20:33:17 - [TEST_STEP][PASSED] - out.println("Begin Record Number: " + row): null

2023-02-20 20:33:17 - [TEST_STEP][PASSED] - adminSuiteBootstrap.loginFunctionality.login_AdminSuite(): adminSuiteBootstrap.loginFunctionality.login_AdminSuite is PASSED

2023-02-20 20:33:17 - [MESSAGE][INFO] - Starting 'Chrome' driver

2023-02-20 20:33:17 - [MESSAGE][INFO] - User set preference: ['acceptInsecureCerts', 'true']

2023-02-20 20:33:17 - [MESSAGE][INFO] - Action delay is set to 0 milliseconds

2023-02-20 20:33:20 - [MESSAGE][PASSED] - Browser is opened with url: 'https://qa.velocitypayment.com/admin/imtiaz'

2023-02-20 20:33:20 - [MESSAGE][PASSED] - Current window maximized

2023-02-20 20:33:20 - [MESSAGE][PASSED] - Object 'Object Repository/Login_Page/Login_Username' is present

2023-02-20 20:33:21 - [MESSAGE][PASSED] - Text 'iahmed' is set on object 'Object Repository/Login_Page/Login_Username'

2023-02-20 20:33:21 - [MESSAGE][PASSED] - Text 'hello2222' is set on object 'Object Repository/Login_Page/Login_Password'

2023-02-20 20:33:24 - [MESSAGE][PASSED] - Object: 'Object Repository/Login_Page/Login_Submit' is clicked on

2023-02-20 20:33:24 - [MESSAGE][PASSED] - adminSuiteBootstrap.loginFunctionality.login_AdminSuite is PASSED

2023-02-20 20:33:24 - [TEST_STEP][PASSED] - click(findTestObject(path_Dashboard + "a_Access User Management")): Object: 'Object Repository/AdminSuiteBootstrap_Pages/Dashboard_Bootstrap/a_Access User Management' is clicked on

2023-02-20 20:33:25 - [MESSAGE][PASSED] - Object: 'Object Repository/AdminSuiteBootstrap_Pages/Dashboard_Bootstrap/a_Access User Management' is clicked on

2023-02-20 20:33:25 - [TEST_STEP][PASSED] - click(findTestObject(path_Users + "a_Add User")): Object: 'Object Repository/AdminSuiteBootstrap_Pages/UM_Bootstrap/Users/a_Add User' is clicked on

2023-02-20 20:33:26 - [MESSAGE][PASSED] - Object: 'Object Repository/AdminSuiteBootstrap_Pages/UM_Bootstrap/Users/a_Add User' is clicked on

2023-02-20 20:33:26 - [TEST_STEP][PASSED] - buildUsername = pages.GenerateRandom.getRandomAlpha(): pages.GenerateRandom.getRandomAlpha is PASSED

2023-02-20 20:33:26 - [MESSAGE][PASSED] - pages.GenerateRandom.getRandomAlpha is PASSED

2023-02-20 20:33:26 - [TEST_STEP][PASSED] - prefixUsername = findTestData(dataFile).getValue("Username", row): null

2023-02-20 20:33:26 - [TEST_STEP][PASSED] - spUsername = buildUsername + prefixUsername + buildUsername: null

2023-02-20 20:33:26 - [TEST_STEP][PASSED] - setText(findTestObject(path_AddUser + "input_EmailAddress"), "iahmed@govolution.com"): Text 'iahmed@govolution.com' is set on object 'Object Repository/AdminSuiteBootstrap_Pages/UM_Bootstrap/AddUser/input_EmailAddress'

2023-02-20 20:33:27 - [MESSAGE][PASSED] - Text 'iahmed@govolution.com' is set on object 'Object Repository/AdminSuiteBootstrap_Pages/UM_Bootstrap/AddUser/input_EmailAddress'

2023-02-20 20:33:27 - [TEST_STEP][PASSED] - setText(findTestObject(path_AddUser + "input_Username"), spUsername): Text 'eEzvaPxJm.eEzvaPxJm' is set on object 'Object Repository/AdminSuiteBootstrap_Pages/UM_Bootstrap/AddUser/input_Username'

2023-02-20 20:33:27 - [MESSAGE][PASSED] - Text 'eEzvaPxJm.eEzvaPxJm' is set on object 'Object Repository/AdminSuiteBootstrap_Pages/UM_Bootstrap/AddUser/input_Username'

2023-02-20 20:33:27 - [TEST_STEP][PASSED] - setText(findTestObject(path_AddUser + "input_FirstName"), "Ashley"): Text 'Ashley' is set on object 'Object Repository/AdminSuiteBootstrap_Pages/UM_Bootstrap/AddUser/input_FirstName'

2023-02-20 20:33:28 - [MESSAGE][PASSED] - Text 'Ashley' is set on object 'Object Repository/AdminSuiteBootstrap_Pages/UM_Bootstrap/AddUser/input_FirstName'

2023-02-20 20:33:28 - [TEST_STEP][PASSED] - setText(findTestObject(path_AddUser + "input_LastName"), "Luka"): Text 'Luka' is set on object 'Object Repository/AdminSuiteBootstrap_Pages/UM_Bootstrap/AddUser/input_LastName'

2023-02-20 20:33:29 - [MESSAGE][PASSED] - Text 'Luka' is set on object 'Object Repository/AdminSuiteBootstrap_Pages/UM_Bootstrap/AddUser/input_LastName'

2023-02-20 20:33:29 - [TEST_STEP][PASSED] - setText(findTestObject(path_AddUser + "input_Password"), "hello6666"): Text 'hello6666' is set on object 'Object Repository/AdminSuiteBootstrap_Pages/UM_Bootstrap/AddUser/input_Password'

2023-02-20 20:33:29 - [MESSAGE][PASSED] - Text 'hello6666' is set on object 'Object Repository/AdminSuiteBootstrap_Pages/UM_Bootstrap/AddUser/input_Password'

2023-02-20 20:33:29 - [TEST_STEP][PASSED] - setText(findTestObject(path_AddUser + "input_ConfirmPassword"), "hello6666"): Text 'hello6666' is set on object 'Object Repository/AdminSuiteBootstrap_Pages/UM_Bootstrap/AddUser/input_ConfirmPassword'

2023-02-20 20:33:30 - [MESSAGE][PASSED] - Text 'hello6666' is set on object 'Object Repository/AdminSuiteBootstrap_Pages/UM_Bootstrap/AddUser/input_ConfirmPassword'

2023-02-20 20:33:30 - [TEST_STEP][PASSED] - check(findTestObject(path_AddUser + "input_No_lock")): Object 'Object Repository/AdminSuiteBootstrap_Pages/UM_Bootstrap/AddUser/input_No_lock' is checked

2023-02-20 20:33:30 - [MESSAGE][PASSED] - Object 'Object Repository/AdminSuiteBootstrap_Pages/UM_Bootstrap/AddUser/input_No_lock' is checked

2023-02-20 20:33:30 - [TEST_STEP][PASSED] - click(findTestObject(path_AddUser + "button_Create")): Object: 'Object Repository/AdminSuiteBootstrap_Pages/UM_Bootstrap/AddUser/button_Create' is clicked on

2023-02-20 20:33:34 - [MESSAGE][PASSED] - Object: 'Object Repository/AdminSuiteBootstrap_Pages/UM_Bootstrap/AddUser/button_Create' is clicked on

2023-02-20 20:33:34 - [TEST_STEP][PASSED] - if (verifyTextPresent("User Account Created A user account for", true)): null

2023-02-20 20:33:34 - [MESSAGE][PASSED] - Text 'User Account Created A user account for' is present on page  using regular expression

2023-02-20 20:33:34 - [TEST_STEP][PASSED] - verifyTextPresent("was successfully created", true): Text 'was successfully created' is present on page  using regular expression

2023-02-20 20:33:35 - [MESSAGE][PASSED] - Text 'was successfully created' is present on page  using regular expression

2023-02-20 20:33:35 - [TEST_STEP][PASSED] - click(findTestObject(path_UserView + "button_Delete")): Object: 'Object Repository/AdminSuiteBootstrap_Pages/UM_Bootstrap/UserView/button_Delete' is clicked on

2023-02-20 20:33:35 - [MESSAGE][PASSED] - Object: 'Object Repository/AdminSuiteBootstrap_Pages/UM_Bootstrap/UserView/button_Delete' is clicked on

2023-02-20 20:33:35 - [TEST_STEP][PASSED] - click(findTestObject(path_DeleteUser + "button_Okay_First")): Object: 'Object Repository/AdminSuiteBootstrap_Pages/UM_Bootstrap/DeleteUser/button_Okay_First' is clicked on

2023-02-20 20:34:06 - [MESSAGE][INFO] - Unable to find the element located by 'By.xpath: //*[@type = 'button' and (text() = 'Okay' or . = 'Okay')]'. Please recheck the objects properties to make sure the desired element is located. 

2023-02-20 20:34:06 - [MESSAGE][WARNING] - [SELF-HEALING] Failed to find element with id 'Object Repository/AdminSuiteBootstrap_Pages/UM_Bootstrap/DeleteUser/button_Okay_First'. Try using Self-healing.

2023-02-20 20:34:06 - [MESSAGE][WARNING] - [SELF-HEALING] The current locator of test object 'Object Repository/AdminSuiteBootstrap_Pages/UM_Bootstrap/DeleteUser/button_Okay_First' was broken. Propose an alternative one: '(//button[@type='button'])[13]'.

2023-02-20 20:34:07 - [MESSAGE][PASSED] - Object: 'Object Repository/AdminSuiteBootstrap_Pages/UM_Bootstrap/DeleteUser/button_Okay_First' is clicked on

2023-02-20 20:34:07 - [TEST_STEP][FAILED] - click(findTestObject(path_DeleteUser + "button_Okay_Last")): Unable to click on object 'Object Repository/AdminSuiteBootstrap_Pages/UM_Bootstrap/DeleteUser/button_Okay_Last' (Root cause: com.kms.katalon.core.exception.StepFailedException: Unable to click on object 'Object Repository/AdminSuiteBootstrap_Pages/UM_Bootstrap/DeleteUser/button_Okay_Last'
	at com.kms.katalon.core.webui.keyword.internal.WebUIKeywordMain.stepFailed(WebUIKeywordMain.groovy:64)
	at com.kms.katalon.core.webui.keyword.internal.WebUIKeywordMain.runKeyword(WebUIKeywordMain.groovy:26)
	at com.kms.katalon.core.webui.keyword.builtin.ClickKeyword.click(ClickKeyword.groovy:74)
	at com.kms.katalon.core.webui.keyword.builtin.ClickKeyword.execute(ClickKeyword.groovy:40)
	at com.kms.katalon.core.keyword.internal.KeywordExecutor.executeKeywordForPlatform(KeywordExecutor.groovy:74)
	at com.kms.katalon.core.webui.keyword.WebUiBuiltInKeywords.click(WebUiBuiltInKeywords.groovy:620)
	at com.kms.katalon.core.webui.keyword.WebUiBuiltInKeywords$click$3.call(Unknown Source)
	at AddUserSpecialChar.run(AddUserSpecialChar:102)
	at com.kms.katalon.core.main.ScriptEngine.run(ScriptEngine.java:194)
	at com.kms.katalon.core.main.ScriptEngine.runScriptAsRawText(ScriptEngine.java:119)
	at com.kms.katalon.core.main.TestCaseExecutor.runScript(TestCaseExecutor.java:442)
	at com.kms.katalon.core.main.TestCaseExecutor.doExecute(TestCaseExecutor.java:433)
	at com.kms.katalon.core.main.TestCaseExecutor.processExecutionPhase(TestCaseExecutor.java:412)
	at com.kms.katalon.core.main.TestCaseExecutor.accessMainPhase(TestCaseExecutor.java:404)
	at com.kms.katalon.core.main.TestCaseExecutor.execute(TestCaseExecutor.java:281)
	at com.kms.katalon.core.main.TestSuiteExecutor.accessTestCaseMainPhase(TestSuiteExecutor.java:202)
	at com.kms.katalon.core.main.TestSuiteExecutor.accessTestSuiteMainPhase(TestSuiteExecutor.java:164)
	at com.kms.katalon.core.main.TestSuiteExecutor.execute(TestSuiteExecutor.java:105)
	at com.kms.katalon.core.main.TestCaseMain.startTestSuite(TestCaseMain.java:185)
	at com.kms.katalon.core.main.TestCaseMain$startTestSuite$0.call(Unknown Source)
	at TempTestSuite1676942839911.run(TempTestSuite1676942839911.groovy:36)
Caused by: com.kms.katalon.core.webui.exception.WebElementNotFoundException: Web element with id: 'Object Repository/AdminSuiteBootstrap_Pages/UM_Bootstrap/DeleteUser/button_Okay_Last' located by '//*[(text() = 'Okay' or . = 'Okay')]' not found
	at com.kms.katalon.core.webui.common.WebUiCommonHelper.findWebElement(WebUiCommonHelper.java:1370)
	at com.kms.katalon.core.webui.keyword.internal.WebUIAbstractKeyword.findWebElement(WebUIAbstractKeyword.groovy:27)
	at com.kms.katalon.core.webui.keyword.builtin.ClickKeyword$_click_closure1.doCall(ClickKeyword.groovy:65)
	at com.kms.katalon.core.webui.keyword.builtin.ClickKeyword$_click_closure1.call(ClickKeyword.groovy)
	at com.kms.katalon.core.webui.keyword.internal.WebUIKeywordMain.runKeyword(WebUIKeywordMain.groovy:20)
	at com.kms.katalon.core.webui.keyword.builtin.ClickKeyword.click(ClickKeyword.groovy:74)
	at com.kms.katalon.core.webui.keyword.builtin.ClickKeyword.execute(ClickKeyword.groovy:40)
	at com.kms.katalon.core.keyword.internal.KeywordExecutor.executeKeywordForPlatform(KeywordExecutor.groovy:74)
	at com.kms.katalon.core.webui.keyword.WebUiBuiltInKeywords.click(WebUiBuiltInKeywords.groovy:620)
	at com.kms.katalon.core.webui.keyword.WebUiBuiltInKeywords$click$3.call(Unknown Source)
	at Script1658175411887.run(Script1658175411887.groovy:102)
	... 13 more
)

2023-02-20 20:34:38 - [MESSAGE][INFO] - Unable to find the element located by 'By.xpath: //*[(text() = 'Okay' or . = 'Okay')]'. Please recheck the objects properties to make sure the desired element is located. 

2023-02-20 20:34:38 - [MESSAGE][WARNING] - [SELF-HEALING] Failed to find element with id 'Object Repository/AdminSuiteBootstrap_Pages/UM_Bootstrap/DeleteUser/button_Okay_Last'. Try using Self-healing.

2023-02-20 20:34:39 - [MESSAGE][INFO] - Unable to find the element located by 'By.xpath: (.//*[normalize-space(text()) and normalize-space(.)='The user account for wwww eeeee (wwww11) was successfully deleted.'])[1]/following::button[1]'. Please recheck the objects properties to make sure the desired element is located. 

2023-02-20 20:34:39 - [MESSAGE][INFO] - [SELF-HEALING] Failed Locator: '(.//*[normalize-space(text()) and normalize-space(.)='The user account for wwww eeeee (wwww11) was successfully deleted.'])[1]/following::button[1]'.

2023-02-20 20:34:40 - [MESSAGE][INFO] - [SELF-HEALING] Failed Locator: '(.//*[normalize-space(text()) and normalize-space(.)='Deleted'])[1]/following::button[1]'.

2023-02-20 20:34:40 - [MESSAGE][INFO] - [SELF-HEALING] Failed Locator: '//*/text()[normalize-space(.)='Okay']/parent::*'.

2023-02-20 20:34:40 - [MESSAGE][INFO] - [SELF-HEALING] Failed Locator: '//div/div[2]/button'.

2023-02-20 20:34:40 - [MESSAGE][INFO] - [SELF-HEALING] Failed Locator: '//button[(text() = 'Okay' or . = 'Okay')]'.

2023-02-20 20:34:41 - [MESSAGE][INFO] - Unable to find the element located by 'By.cssSelector: button.alert-button.success-bg.success-btn'. Please recheck the objects properties to make sure the desired element is located. 

2023-02-20 20:34:42 - [MESSAGE][FAILED] - Unable to click on object 'Object Repository/AdminSuiteBootstrap_Pages/UM_Bootstrap/DeleteUser/button_Okay_Last' (Root cause: com.kms.katalon.core.exception.StepFailedException: Unable to click on object 'Object Repository/AdminSuiteBootstrap_Pages/UM_Bootstrap/DeleteUser/button_Okay_Last'
	at com.kms.katalon.core.webui.keyword.internal.WebUIKeywordMain.stepFailed(WebUIKeywordMain.groovy:64)
	at com.kms.katalon.core.webui.keyword.internal.WebUIKeywordMain.runKeyword(WebUIKeywordMain.groovy:26)
	at com.kms.katalon.core.webui.keyword.builtin.ClickKeyword.click(ClickKeyword.groovy:74)
	at com.kms.katalon.core.webui.keyword.builtin.ClickKeyword.execute(ClickKeyword.groovy:40)
	at com.kms.katalon.core.keyword.internal.KeywordExecutor.executeKeywordForPlatform(KeywordExecutor.groovy:74)
	at com.kms.katalon.core.webui.keyword.WebUiBuiltInKeywords.click(WebUiBuiltInKeywords.groovy:620)
	at com.kms.katalon.core.webui.keyword.WebUiBuiltInKeywords$click$3.call(Unknown Source)
	at AddUserSpecialChar.run(AddUserSpecialChar:102)
	at com.kms.katalon.core.main.ScriptEngine.run(ScriptEngine.java:194)
	at com.kms.katalon.core.main.ScriptEngine.runScriptAsRawText(ScriptEngine.java:119)
	at com.kms.katalon.core.main.TestCaseExecutor.runScript(TestCaseExecutor.java:442)
	at com.kms.katalon.core.main.TestCaseExecutor.doExecute(TestCaseExecutor.java:433)
	at com.kms.katalon.core.main.TestCaseExecutor.processExecutionPhase(TestCaseExecutor.java:412)
	at com.kms.katalon.core.main.TestCaseExecutor.accessMainPhase(TestCaseExecutor.java:404)
	at com.kms.katalon.core.main.TestCaseExecutor.execute(TestCaseExecutor.java:281)
	at com.kms.katalon.core.main.TestSuiteExecutor.accessTestCaseMainPhase(TestSuiteExecutor.java:202)
	at com.kms.katalon.core.main.TestSuiteExecutor.accessTestSuiteMainPhase(TestSuiteExecutor.java:164)
	at com.kms.katalon.core.main.TestSuiteExecutor.execute(TestSuiteExecutor.java:105)
	at com.kms.katalon.core.main.TestCaseMain.startTestSuite(TestCaseMain.java:185)
	at com.kms.katalon.core.main.TestCaseMain$startTestSuite$0.call(Unknown Source)
	at TempTestSuite1676942839911.run(TempTestSuite1676942839911.groovy:36)
Caused by: com.kms.katalon.core.webui.exception.WebElementNotFoundException: Web element with id: 'Object Repository/AdminSuiteBootstrap_Pages/UM_Bootstrap/DeleteUser/button_Okay_Last' located by '//*[(text() = 'Okay' or . = 'Okay')]' not found
	at com.kms.katalon.core.webui.common.WebUiCommonHelper.findWebElement(WebUiCommonHelper.java:1370)
	at com.kms.katalon.core.webui.keyword.internal.WebUIAbstractKeyword.findWebElement(WebUIAbstractKeyword.groovy:27)
	at com.kms.katalon.core.webui.keyword.builtin.ClickKeyword$_click_closure1.doCall(ClickKeyword.groovy:65)
	at com.kms.katalon.core.webui.keyword.builtin.ClickKeyword$_click_closure1.call(ClickKeyword.groovy)
	at com.kms.katalon.core.webui.keyword.internal.WebUIKeywordMain.runKeyword(WebUIKeywordMain.groovy:20)
	at com.kms.katalon.core.webui.keyword.builtin.ClickKeyword.click(ClickKeyword.groovy:74)
	at com.kms.katalon.core.webui.keyword.builtin.ClickKeyword.execute(ClickKeyword.groovy:40)
	at com.kms.katalon.core.keyword.internal.KeywordExecutor.executeKeywordForPlatform(KeywordExecutor.groovy:74)
	at com.kms.katalon.core.webui.keyword.WebUiBuiltInKeywords.click(WebUiBuiltInKeywords.groovy:620)
	at com.kms.katalon.core.webui.keyword.WebUiBuiltInKeywords$click$3.call(Unknown Source)
	at Script1658175411887.run(Script1658175411887.groovy:102)
	... 13 more
)
[[ATTACHMENT|E:\\Cloned-Project-Katalon\\VPS-Katalon\\Reports\\20230220_202719\\QA\\UM-Bootstrap\\UM-TestSuite-QA\\20230220_202719\\1676943281833.png]]

2023-02-20 20:34:42 - [TEST_STEP][PASSED] - closeBrowser(): Browser is closed

2023-02-20 20:34:43 - [MESSAGE][PASSED] - Browser is closed]]></system-out>
         <system-err><![CDATA[2023-02-20 20:31:51 - [TEST_CASE][FAILED] - Test Cases/Admin Suite Bootstrap/UM_TestCases/Users/AddUserSpecialChar: Test Cases/Admin Suite Bootstrap/UM_TestCases/Users/AddUserSpecialChar FAILED.
Reason:
com.kms.katalon.core.exception.StepFailedException: Unable to click on object 'Object Repository/AdminSuiteBootstrap_Pages/UM_Bootstrap/DeleteUser/button_Okay_Last' (Root cause: com.kms.katalon.core.exception.StepFailedException: Unable to click on object 'Object Repository/AdminSuiteBootstrap_Pages/UM_Bootstrap/DeleteUser/button_Okay_Last'
	at com.kms.katalon.core.webui.keyword.internal.WebUIKeywordMain.stepFailed(WebUIKeywordMain.groovy:64)
	at com.kms.katalon.core.webui.keyword.internal.WebUIKeywordMain.runKeyword(WebUIKeywordMain.groovy:26)
	at com.kms.katalon.core.webui.keyword.builtin.ClickKeyword.click(ClickKeyword.groovy:74)
	at com.kms.katalon.core.webui.keyword.builtin.ClickKeyword.execute(ClickKeyword.groovy:40)
	at com.kms.katalon.core.keyword.internal.KeywordExecutor.executeKeywordForPlatform(KeywordExecutor.groovy:74)
	at com.kms.katalon.core.webui.keyword.WebUiBuiltInKeywords.click(WebUiBuiltInKeywords.groovy:620)
	at com.kms.katalon.core.webui.keyword.WebUiBuiltInKeywords$click$3.call(Unknown Source)
	at AddUserSpecialChar.run(AddUserSpecialChar:102)
	at com.kms.katalon.core.main.ScriptEngine.run(ScriptEngine.java:194)
	at com.kms.katalon.core.main.ScriptEngine.runScriptAsRawText(ScriptEngine.java:119)
	at com.kms.katalon.core.main.TestCaseExecutor.runScript(TestCaseExecutor.java:442)
	at com.kms.katalon.core.main.TestCaseExecutor.doExecute(TestCaseExecutor.java:433)
	at com.kms.katalon.core.main.TestCaseExecutor.processExecutionPhase(TestCaseExecutor.java:412)
	at com.kms.katalon.core.main.TestCaseExecutor.accessMainPhase(TestCaseExecutor.java:404)
	at com.kms.katalon.core.main.TestCaseExecutor.execute(TestCaseExecutor.java:281)
	at com.kms.katalon.core.main.TestSuiteExecutor.accessTestCaseMainPhase(TestSuiteExecutor.java:202)
	at com.kms.katalon.core.main.TestSuiteExecutor.accessTestSuiteMainPhase(TestSuiteExecutor.java:164)
	at com.kms.katalon.core.main.TestSuiteExecutor.execute(TestSuiteExecutor.java:105)
	at com.kms.katalon.core.main.TestCaseMain.startTestSuite(TestCaseMain.java:185)
	at com.kms.katalon.core.main.TestCaseMain$startTestSuite$0.call(Unknown Source)
	at TempTestSuite1676942839911.run(TempTestSuite1676942839911.groovy:36)
Caused by: com.kms.katalon.core.webui.exception.WebElementNotFoundException: Web element with id: 'Object Repository/AdminSuiteBootstrap_Pages/UM_Bootstrap/DeleteUser/button_Okay_Last' located by '//*[(text() = 'Okay' or . = 'Okay')]' not found
	at com.kms.katalon.core.webui.common.WebUiCommonHelper.findWebElement(WebUiCommonHelper.java:1370)
	at com.kms.katalon.core.webui.keyword.internal.WebUIAbstractKeyword.findWebElement(WebUIAbstractKeyword.groovy:27)
	at com.kms.katalon.core.webui.keyword.builtin.ClickKeyword$_click_closure1.doCall(ClickKeyword.groovy:65)
	at com.kms.katalon.core.webui.keyword.builtin.ClickKeyword$_click_closure1.call(ClickKeyword.groovy)
	at com.kms.katalon.core.webui.keyword.internal.WebUIKeywordMain.runKeyword(WebUIKeywordMain.groovy:20)
	at com.kms.katalon.core.webui.keyword.builtin.ClickKeyword.click(ClickKeyword.groovy:74)
	at com.kms.katalon.core.webui.keyword.builtin.ClickKeyword.execute(ClickKeyword.groovy:40)
	at com.kms.katalon.core.keyword.internal.KeywordExecutor.executeKeywordForPlatform(KeywordExecutor.groovy:74)
	at com.kms.katalon.core.webui.keyword.WebUiBuiltInKeywords.click(WebUiBuiltInKeywords.groovy:620)
	at com.kms.katalon.core.webui.keyword.WebUiBuiltInKeywords$click$3.call(Unknown Source)
	at Script1658175411887.run(Script1658175411887.groovy:102)
	... 13 more
)
	at com.kms.katalon.core.keyword.internal.KeywordMain.stepFailed(KeywordMain.groovy:39)
	at com.kms.katalon.core.webui.keyword.internal.WebUIKeywordMain.stepFailed(WebUIKeywordMain.groovy:64)
	at com.kms.katalon.core.webui.keyword.internal.WebUIKeywordMain.runKeyword(WebUIKeywordMain.groovy:26)
	at com.kms.katalon.core.webui.keyword.builtin.ClickKeyword.click(ClickKeyword.groovy:74)
	at com.kms.katalon.core.webui.keyword.builtin.ClickKeyword.execute(ClickKeyword.groovy:40)
	at com.kms.katalon.core.keyword.internal.KeywordExecutor.executeKeywordForPlatform(KeywordExecutor.groovy:74)
	at com.kms.katalon.core.webui.keyword.WebUiBuiltInKeywords.click(WebUiBuiltInKeywords.groovy:620)
	at com.kms.katalon.core.webui.keyword.WebUiBuiltInKeywords$click$3.call(Unknown Source)
	at AddUserSpecialChar.run(AddUserSpecialChar:102)
	at com.kms.katalon.core.main.ScriptEngine.run(ScriptEngine.java:194)
	at com.kms.katalon.core.main.ScriptEngine.runScriptAsRawText(ScriptEngine.java:119)
	at com.kms.katalon.core.main.TestCaseExecutor.runScript(TestCaseExecutor.java:442)
	at com.kms.katalon.core.main.TestCaseExecutor.doExecute(TestCaseExecutor.java:433)
	at com.kms.katalon.core.main.TestCaseExecutor.processExecutionPhase(TestCaseExecutor.java:412)
	at com.kms.katalon.core.main.TestCaseExecutor.accessMainPhase(TestCaseExecutor.java:404)
	at com.kms.katalon.core.main.TestCaseExecutor.execute(TestCaseExecutor.java:281)
	at com.kms.katalon.core.main.TestSuiteExecutor.accessTestCaseMainPhase(TestSuiteExecutor.java:202)
	at com.kms.katalon.core.main.TestSuiteExecutor.accessTestSuiteMainPhase(TestSuiteExecutor.java:164)
	at com.kms.katalon.core.main.TestSuiteExecutor.execute(TestSuiteExecutor.java:105)
	at com.kms.katalon.core.main.TestCaseMain.startTestSuite(TestCaseMain.java:185)
	at com.kms.katalon.core.main.TestCaseMain$startTestSuite$0.call(Unknown Source)
	at TempTestSuite1676942839911.run(TempTestSuite1676942839911.groovy:36)
Caused by: com.kms.katalon.core.exception.StepFailedException: Unable to click on object 'Object Repository/AdminSuiteBootstrap_Pages/UM_Bootstrap/DeleteUser/button_Okay_Last'
	... 21 more
Caused by: com.kms.katalon.core.webui.exception.WebElementNotFoundException: Web element with id: 'Object Repository/AdminSuiteBootstrap_Pages/UM_Bootstrap/DeleteUser/button_Okay_Last' located by '//*[(text() = 'Okay' or . = 'Okay')]' not found
	at com.kms.katalon.core.webui.common.WebUiCommonHelper.findWebElement(WebUiCommonHelper.java:1370)
	at com.kms.katalon.core.webui.keyword.internal.WebUIAbstractKeyword.findWebElement(WebUIAbstractKeyword.groovy:27)
	at com.kms.katalon.core.webui.keyword.builtin.ClickKeyword$_click_closure1.doCall(ClickKeyword.groovy:65)
	at com.kms.katalon.core.webui.keyword.builtin.ClickKeyword$_click_closure1.call(ClickKeyword.groovy)
	at com.kms.katalon.core.webui.keyword.internal.WebUIKeywordMain.runKeyword(WebUIKeywordMain.groovy:20)
	... 19 more]]></system-err>
      </testcase>
      <testcase name="Test Cases/Admin Suite Bootstrap/UM_TestCases/UsersErrors/AddUserSpecialCharError" time="129.875" classname="Test Cases/Admin Suite Bootstrap/UM_TestCases/UsersErrors/AddUserSpecialCharError" status="PASSED">
         <system-out><![CDATA[2023-02-20 20:34:43 - [TEST_CASE][PASSED] - Test Cases/Admin Suite Bootstrap/UM_TestCases/UsersErrors/AddUserSpecialCharError: Test Cases/Admin Suite Bootstrap/UM_TestCases/UsersErrors/AddUserSpecialCharError

2023-02-20 20:34:43 - [TEST_STEP][PASSED] - path_Dashboard = "Object Repository/AdminSuiteBootstrap_Pages/Dashboard_Bootstrap/": null

2023-02-20 20:34:43 - [TEST_STEP][PASSED] - path_Users = "Object Repository/AdminSuiteBootstrap_Pages/UM_Bootstrap/Users/": null

2023-02-20 20:34:43 - [TEST_STEP][PASSED] - path_UserView = "Object Repository/AdminSuiteBootstrap_Pages/UM_Bootstrap/UserView/": null

2023-02-20 20:34:43 - [TEST_STEP][PASSED] - path_DeleteUser = "Object Repository/AdminSuiteBootstrap_Pages/UM_Bootstrap/DeleteUser/": null

2023-02-20 20:34:43 - [TEST_STEP][PASSED] - path_AddUser = "Object Repository/AdminSuiteBootstrap_Pages/UM_Bootstrap/AddUser/": null

2023-02-20 20:34:43 - [TEST_STEP][PASSED] - executionProfile = getExecutionProfile(): null

2023-02-20 20:34:43 - [TEST_STEP][PASSED] - out.println("executionProfile : " + executionProfile): null

2023-02-20 20:34:43 - [TEST_STEP][PASSED] - appName = <not implemented yet for class: org.codehaus.groovy.ast.expr.EmptyExpression>: null

2023-02-20 20:34:43 - [TEST_STEP][PASSED] - appID = <not implemented yet for class: org.codehaus.groovy.ast.expr.EmptyExpression>: null

2023-02-20 20:34:43 - [TEST_STEP][PASSED] - spUsername = <not implemented yet for class: org.codehaus.groovy.ast.expr.EmptyExpression>: null

2023-02-20 20:34:43 - [TEST_STEP][PASSED] - nameSheet = "CreateUserSpCharError": null

2023-02-20 20:34:43 - [TEST_STEP][PASSED] - dataFile = "QA/Bootstrap/UM-TestData/CreateUserSpCharError": null

2023-02-20 20:34:43 - [TEST_STEP][PASSED] - numOfRows = findTestData("QA/Bootstrap/UM-TestData/CreateUserSpCharError").getRowNumbers(): null

2023-02-20 20:34:43 - [TEST_STEP][PASSED] - println("Number of Records: " + numOfRows): null

2023-02-20 20:34:43 - [TEST_STEP][PASSED] - for ([row = 1, row <= numOfRows, (row++)]): Browser is closed

2023-02-20 20:34:43 - [TEST_STEP][PASSED] - ExecuteTC = findTestData(dataFile).getValue("Execute", row): null

2023-02-20 20:34:43 - [TEST_STEP][PASSED] - out.println("Value of Execute is : " + ExecuteTC): null

2023-02-20 20:34:43 - [TEST_STEP][PASSED] - if (ExecuteTC.equalsIgnoreCase("Y")): Browser is closed

2023-02-20 20:34:43 - [TEST_STEP][PASSED] - out.println("Begin Record Number: " + row): null

2023-02-20 20:34:43 - [TEST_STEP][PASSED] - adminSuiteBootstrap.loginFunctionality.login_AdminSuite(): adminSuiteBootstrap.loginFunctionality.login_AdminSuite is PASSED

2023-02-20 20:34:43 - [MESSAGE][INFO] - Starting 'Chrome' driver

2023-02-20 20:34:43 - [MESSAGE][INFO] - User set preference: ['acceptInsecureCerts', 'true']

2023-02-20 20:34:43 - [MESSAGE][INFO] - Action delay is set to 0 milliseconds

2023-02-20 20:34:46 - [MESSAGE][PASSED] - Browser is opened with url: 'https://qa.velocitypayment.com/admin/imtiaz'

2023-02-20 20:34:46 - [MESSAGE][PASSED] - Current window maximized

2023-02-20 20:34:46 - [MESSAGE][PASSED] - Object 'Object Repository/Login_Page/Login_Username' is present

2023-02-20 20:34:47 - [MESSAGE][PASSED] - Text 'iahmed' is set on object 'Object Repository/Login_Page/Login_Username'

2023-02-20 20:34:48 - [MESSAGE][PASSED] - Text 'hello2222' is set on object 'Object Repository/Login_Page/Login_Password'

2023-02-20 20:34:51 - [MESSAGE][PASSED] - Object: 'Object Repository/Login_Page/Login_Submit' is clicked on

2023-02-20 20:34:51 - [MESSAGE][PASSED] - adminSuiteBootstrap.loginFunctionality.login_AdminSuite is PASSED

2023-02-20 20:34:51 - [TEST_STEP][PASSED] - click(findTestObject(path_Dashboard + "a_Access User Management")): Object: 'Object Repository/AdminSuiteBootstrap_Pages/Dashboard_Bootstrap/a_Access User Management' is clicked on

2023-02-20 20:34:52 - [MESSAGE][PASSED] - Object: 'Object Repository/AdminSuiteBootstrap_Pages/Dashboard_Bootstrap/a_Access User Management' is clicked on

2023-02-20 20:34:52 - [TEST_STEP][PASSED] - click(findTestObject(path_Users + "a_Add User")): Object: 'Object Repository/AdminSuiteBootstrap_Pages/UM_Bootstrap/Users/a_Add User' is clicked on

2023-02-20 20:34:52 - [MESSAGE][PASSED] - Object: 'Object Repository/AdminSuiteBootstrap_Pages/UM_Bootstrap/Users/a_Add User' is clicked on

2023-02-20 20:34:52 - [TEST_STEP][PASSED] - buildUsername = pages.GenerateRandom.getRandomAlpha(): pages.GenerateRandom.getRandomAlpha is PASSED

2023-02-20 20:34:52 - [MESSAGE][PASSED] - pages.GenerateRandom.getRandomAlpha is PASSED

2023-02-20 20:34:52 - [TEST_STEP][PASSED] - prefixUsername = findTestData(dataFile).getValue("Username", row): null

2023-02-20 20:34:53 - [TEST_STEP][PASSED] - prefixOrMiddle = findTestData(dataFile).getValue("Prefix", row): null

2023-02-20 20:34:53 - [TEST_STEP][PASSED] - if (prefixOrMiddle.equalsIgnoreCase("Y")): null

2023-02-20 20:34:53 - [TEST_STEP][PASSED] - spUsername = prefixUsername + buildUsername: null

2023-02-20 20:34:53 - [TEST_STEP][PASSED] - setText(findTestObject(path_AddUser + "input_EmailAddress"), "iahmed@govolution.com"): Text 'iahmed@govolution.com' is set on object 'Object Repository/AdminSuiteBootstrap_Pages/UM_Bootstrap/AddUser/input_EmailAddress'

2023-02-20 20:34:53 - [MESSAGE][PASSED] - Text 'iahmed@govolution.com' is set on object 'Object Repository/AdminSuiteBootstrap_Pages/UM_Bootstrap/AddUser/input_EmailAddress'

2023-02-20 20:34:53 - [TEST_STEP][PASSED] - setText(findTestObject(path_AddUser + "input_Username"), spUsername): Text '=ScyMwmmMC' is set on object 'Object Repository/AdminSuiteBootstrap_Pages/UM_Bootstrap/AddUser/input_Username'

2023-02-20 20:34:54 - [MESSAGE][PASSED] - Text '=ScyMwmmMC' is set on object 'Object Repository/AdminSuiteBootstrap_Pages/UM_Bootstrap/AddUser/input_Username'

2023-02-20 20:34:54 - [TEST_STEP][PASSED] - setText(findTestObject(path_AddUser + "input_FirstName"), "Ashley"): Text 'Ashley' is set on object 'Object Repository/AdminSuiteBootstrap_Pages/UM_Bootstrap/AddUser/input_FirstName'

2023-02-20 20:34:55 - [MESSAGE][PASSED] - Text 'Ashley' is set on object 'Object Repository/AdminSuiteBootstrap_Pages/UM_Bootstrap/AddUser/input_FirstName'

2023-02-20 20:34:55 - [TEST_STEP][PASSED] - setText(findTestObject(path_AddUser + "input_LastName"), "Luka"): Text 'Luka' is set on object 'Object Repository/AdminSuiteBootstrap_Pages/UM_Bootstrap/AddUser/input_LastName'

2023-02-20 20:34:55 - [MESSAGE][PASSED] - Text 'Luka' is set on object 'Object Repository/AdminSuiteBootstrap_Pages/UM_Bootstrap/AddUser/input_LastName'

2023-02-20 20:34:55 - [TEST_STEP][PASSED] - setText(findTestObject(path_AddUser + "input_Password"), "hello6666"): Text 'hello6666' is set on object 'Object Repository/AdminSuiteBootstrap_Pages/UM_Bootstrap/AddUser/input_Password'

2023-02-20 20:34:56 - [MESSAGE][PASSED] - Text 'hello6666' is set on object 'Object Repository/AdminSuiteBootstrap_Pages/UM_Bootstrap/AddUser/input_Password'

2023-02-20 20:34:56 - [TEST_STEP][PASSED] - setText(findTestObject(path_AddUser + "input_ConfirmPassword"), "hello6666"): Text 'hello6666' is set on object 'Object Repository/AdminSuiteBootstrap_Pages/UM_Bootstrap/AddUser/input_ConfirmPassword'

2023-02-20 20:34:57 - [MESSAGE][PASSED] - Text 'hello6666' is set on object 'Object Repository/AdminSuiteBootstrap_Pages/UM_Bootstrap/AddUser/input_ConfirmPassword'

2023-02-20 20:34:57 - [TEST_STEP][PASSED] - check(findTestObject(path_AddUser + "input_No_lock")): Object 'Object Repository/AdminSuiteBootstrap_Pages/UM_Bootstrap/AddUser/input_No_lock' is checked

2023-02-20 20:34:57 - [MESSAGE][PASSED] - Object 'Object Repository/AdminSuiteBootstrap_Pages/UM_Bootstrap/AddUser/input_No_lock' is checked

2023-02-20 20:34:57 - [TEST_STEP][PASSED] - click(findTestObject(path_AddUser + "button_Create")): Object: 'Object Repository/AdminSuiteBootstrap_Pages/UM_Bootstrap/AddUser/button_Create' is clicked on

2023-02-20 20:34:58 - [MESSAGE][PASSED] - Object: 'Object Repository/AdminSuiteBootstrap_Pages/UM_Bootstrap/AddUser/button_Create' is clicked on

2023-02-20 20:34:58 - [TEST_STEP][PASSED] - verifyTextPresent("Error! Please provide the following required information as indicated below", true): Text 'Error! Please provide the following required information as indicated below' is present on page  using regular expression

2023-02-20 20:34:59 - [MESSAGE][PASSED] - Text 'Error! Please provide the following required information as indicated below' is present on page  using regular expression

2023-02-20 20:34:59 - [TEST_STEP][PASSED] - verifyTextPresent("Username may only be comprised of alphanumeric characters, the underscore "_" character and period "."", true): Text 'Username may only be comprised of alphanumeric characters, the underscore "_" character and period "."' is present on page  using regular expression

2023-02-20 20:34:59 - [MESSAGE][PASSED] - Text 'Username may only be comprised of alphanumeric characters, the underscore "_" character and period "."' is present on page  using regular expression

2023-02-20 20:34:59 - [TEST_STEP][PASSED] - closeBrowser(): Browser is closed

2023-02-20 20:35:00 - [MESSAGE][PASSED] - Browser is closed

2023-02-20 20:35:00 - [TEST_STEP][PASSED] - ExecuteTC = findTestData(dataFile).getValue("Execute", row): null

2023-02-20 20:35:00 - [TEST_STEP][PASSED] - out.println("Value of Execute is : " + ExecuteTC): null

2023-02-20 20:35:00 - [TEST_STEP][PASSED] - if (ExecuteTC.equalsIgnoreCase("Y")): Browser is closed

2023-02-20 20:35:00 - [TEST_STEP][PASSED] - out.println("Begin Record Number: " + row): null

2023-02-20 20:35:00 - [TEST_STEP][PASSED] - adminSuiteBootstrap.loginFunctionality.login_AdminSuite(): adminSuiteBootstrap.loginFunctionality.login_AdminSuite is PASSED

2023-02-20 20:35:00 - [MESSAGE][INFO] - Starting 'Chrome' driver

2023-02-20 20:35:00 - [MESSAGE][INFO] - User set preference: ['acceptInsecureCerts', 'true']

2023-02-20 20:35:00 - [MESSAGE][INFO] - Action delay is set to 0 milliseconds

2023-02-20 20:35:04 - [MESSAGE][PASSED] - Browser is opened with url: 'https://qa.velocitypayment.com/admin/imtiaz'

2023-02-20 20:35:04 - [MESSAGE][PASSED] - Current window maximized

2023-02-20 20:35:04 - [MESSAGE][PASSED] - Object 'Object Repository/Login_Page/Login_Username' is present

2023-02-20 20:35:05 - [MESSAGE][PASSED] - Text 'iahmed' is set on object 'Object Repository/Login_Page/Login_Username'

2023-02-20 20:35:05 - [MESSAGE][PASSED] - Text 'hello2222' is set on object 'Object Repository/Login_Page/Login_Password'

2023-02-20 20:35:08 - [MESSAGE][PASSED] - Object: 'Object Repository/Login_Page/Login_Submit' is clicked on

2023-02-20 20:35:08 - [MESSAGE][PASSED] - adminSuiteBootstrap.loginFunctionality.login_AdminSuite is PASSED

2023-02-20 20:35:08 - [TEST_STEP][PASSED] - click(findTestObject(path_Dashboard + "a_Access User Management")): Object: 'Object Repository/AdminSuiteBootstrap_Pages/Dashboard_Bootstrap/a_Access User Management' is clicked on

2023-02-20 20:35:09 - [MESSAGE][PASSED] - Object: 'Object Repository/AdminSuiteBootstrap_Pages/Dashboard_Bootstrap/a_Access User Management' is clicked on

2023-02-20 20:35:09 - [TEST_STEP][PASSED] - click(findTestObject(path_Users + "a_Add User")): Object: 'Object Repository/AdminSuiteBootstrap_Pages/UM_Bootstrap/Users/a_Add User' is clicked on

2023-02-20 20:35:10 - [MESSAGE][PASSED] - Object: 'Object Repository/AdminSuiteBootstrap_Pages/UM_Bootstrap/Users/a_Add User' is clicked on

2023-02-20 20:35:10 - [TEST_STEP][PASSED] - buildUsername = pages.GenerateRandom.getRandomAlpha(): pages.GenerateRandom.getRandomAlpha is PASSED

2023-02-20 20:35:10 - [MESSAGE][PASSED] - pages.GenerateRandom.getRandomAlpha is PASSED

2023-02-20 20:35:10 - [TEST_STEP][PASSED] - prefixUsername = findTestData(dataFile).getValue("Username", row): null

2023-02-20 20:35:10 - [TEST_STEP][PASSED] - prefixOrMiddle = findTestData(dataFile).getValue("Prefix", row): null

2023-02-20 20:35:10 - [TEST_STEP][PASSED] - if (prefixOrMiddle.equalsIgnoreCase("Y")): null

2023-02-20 20:35:10 - [TEST_STEP][PASSED] - spUsername = prefixUsername + buildUsername: null

2023-02-20 20:35:10 - [TEST_STEP][PASSED] - setText(findTestObject(path_AddUser + "input_EmailAddress"), "iahmed@govolution.com"): Text 'iahmed@govolution.com' is set on object 'Object Repository/AdminSuiteBootstrap_Pages/UM_Bootstrap/AddUser/input_EmailAddress'

2023-02-20 20:35:11 - [MESSAGE][PASSED] - Text 'iahmed@govolution.com' is set on object 'Object Repository/AdminSuiteBootstrap_Pages/UM_Bootstrap/AddUser/input_EmailAddress'

2023-02-20 20:35:11 - [TEST_STEP][PASSED] - setText(findTestObject(path_AddUser + "input_Username"), spUsername): Text '-iiaFPUbtl' is set on object 'Object Repository/AdminSuiteBootstrap_Pages/UM_Bootstrap/AddUser/input_Username'

2023-02-20 20:35:11 - [MESSAGE][PASSED] - Text '-iiaFPUbtl' is set on object 'Object Repository/AdminSuiteBootstrap_Pages/UM_Bootstrap/AddUser/input_Username'

2023-02-20 20:35:11 - [TEST_STEP][PASSED] - setText(findTestObject(path_AddUser + "input_FirstName"), "Ashley"): Text 'Ashley' is set on object 'Object Repository/AdminSuiteBootstrap_Pages/UM_Bootstrap/AddUser/input_FirstName'

2023-02-20 20:35:12 - [MESSAGE][PASSED] - Text 'Ashley' is set on object 'Object Repository/AdminSuiteBootstrap_Pages/UM_Bootstrap/AddUser/input_FirstName'

2023-02-20 20:35:12 - [TEST_STEP][PASSED] - setText(findTestObject(path_AddUser + "input_LastName"), "Luka"): Text 'Luka' is set on object 'Object Repository/AdminSuiteBootstrap_Pages/UM_Bootstrap/AddUser/input_LastName'

2023-02-20 20:35:13 - [MESSAGE][PASSED] - Text 'Luka' is set on object 'Object Repository/AdminSuiteBootstrap_Pages/UM_Bootstrap/AddUser/input_LastName'

2023-02-20 20:35:13 - [TEST_STEP][PASSED] - setText(findTestObject(path_AddUser + "input_Password"), "hello6666"): Text 'hello6666' is set on object 'Object Repository/AdminSuiteBootstrap_Pages/UM_Bootstrap/AddUser/input_Password'

2023-02-20 20:35:13 - [MESSAGE][PASSED] - Text 'hello6666' is set on object 'Object Repository/AdminSuiteBootstrap_Pages/UM_Bootstrap/AddUser/input_Password'

2023-02-20 20:35:13 - [TEST_STEP][PASSED] - setText(findTestObject(path_AddUser + "input_ConfirmPassword"), "hello6666"): Text 'hello6666' is set on object 'Object Repository/AdminSuiteBootstrap_Pages/UM_Bootstrap/AddUser/input_ConfirmPassword'

2023-02-20 20:35:14 - [MESSAGE][PASSED] - Text 'hello6666' is set on object 'Object Repository/AdminSuiteBootstrap_Pages/UM_Bootstrap/AddUser/input_ConfirmPassword'

2023-02-20 20:35:14 - [TEST_STEP][PASSED] - check(findTestObject(path_AddUser + "input_No_lock")): Object 'Object Repository/AdminSuiteBootstrap_Pages/UM_Bootstrap/AddUser/input_No_lock' is checked

2023-02-20 20:35:14 - [MESSAGE][PASSED] - Object 'Object Repository/AdminSuiteBootstrap_Pages/UM_Bootstrap/AddUser/input_No_lock' is checked

2023-02-20 20:35:14 - [TEST_STEP][PASSED] - click(findTestObject(path_AddUser + "button_Create")): Object: 'Object Repository/AdminSuiteBootstrap_Pages/UM_Bootstrap/AddUser/button_Create' is clicked on

2023-02-20 20:35:15 - [MESSAGE][PASSED] - Object: 'Object Repository/AdminSuiteBootstrap_Pages/UM_Bootstrap/AddUser/button_Create' is clicked on

2023-02-20 20:35:15 - [TEST_STEP][PASSED] - verifyTextPresent("Error! Please provide the following required information as indicated below", true): Text 'Error! Please provide the following required information as indicated below' is present on page  using regular expression

2023-02-20 20:35:16 - [MESSAGE][PASSED] - Text 'Error! Please provide the following required information as indicated below' is present on page  using regular expression

2023-02-20 20:35:16 - [TEST_STEP][PASSED] - verifyTextPresent("Username may only be comprised of alphanumeric characters, the underscore "_" character and period "."", true): Text 'Username may only be comprised of alphanumeric characters, the underscore "_" character and period "."' is present on page  using regular expression

2023-02-20 20:35:16 - [MESSAGE][PASSED] - Text 'Username may only be comprised of alphanumeric characters, the underscore "_" character and period "."' is present on page  using regular expression

2023-02-20 20:35:16 - [TEST_STEP][PASSED] - closeBrowser(): Browser is closed

2023-02-20 20:35:17 - [MESSAGE][PASSED] - Browser is closed

2023-02-20 20:35:17 - [TEST_STEP][PASSED] - ExecuteTC = findTestData(dataFile).getValue("Execute", row): null

2023-02-20 20:35:17 - [TEST_STEP][PASSED] - out.println("Value of Execute is : " + ExecuteTC): null

2023-02-20 20:35:17 - [TEST_STEP][PASSED] - if (ExecuteTC.equalsIgnoreCase("Y")): Browser is closed

2023-02-20 20:35:17 - [TEST_STEP][PASSED] - out.println("Begin Record Number: " + row): null

2023-02-20 20:35:17 - [TEST_STEP][PASSED] - adminSuiteBootstrap.loginFunctionality.login_AdminSuite(): adminSuiteBootstrap.loginFunctionality.login_AdminSuite is PASSED

2023-02-20 20:35:17 - [MESSAGE][INFO] - Starting 'Chrome' driver

2023-02-20 20:35:17 - [MESSAGE][INFO] - User set preference: ['acceptInsecureCerts', 'true']

2023-02-20 20:35:17 - [MESSAGE][INFO] - Action delay is set to 0 milliseconds

2023-02-20 20:35:20 - [MESSAGE][PASSED] - Browser is opened with url: 'https://qa.velocitypayment.com/admin/imtiaz'

2023-02-20 20:35:20 - [MESSAGE][PASSED] - Current window maximized

2023-02-20 20:35:20 - [MESSAGE][PASSED] - Object 'Object Repository/Login_Page/Login_Username' is present

2023-02-20 20:35:21 - [MESSAGE][PASSED] - Text 'iahmed' is set on object 'Object Repository/Login_Page/Login_Username'

2023-02-20 20:35:21 - [MESSAGE][PASSED] - Text 'hello2222' is set on object 'Object Repository/Login_Page/Login_Password'

2023-02-20 20:35:25 - [MESSAGE][PASSED] - Object: 'Object Repository/Login_Page/Login_Submit' is clicked on

2023-02-20 20:35:25 - [MESSAGE][PASSED] - adminSuiteBootstrap.loginFunctionality.login_AdminSuite is PASSED

2023-02-20 20:35:25 - [TEST_STEP][PASSED] - click(findTestObject(path_Dashboard + "a_Access User Management")): Object: 'Object Repository/AdminSuiteBootstrap_Pages/Dashboard_Bootstrap/a_Access User Management' is clicked on

2023-02-20 20:35:26 - [MESSAGE][PASSED] - Object: 'Object Repository/AdminSuiteBootstrap_Pages/Dashboard_Bootstrap/a_Access User Management' is clicked on

2023-02-20 20:35:26 - [TEST_STEP][PASSED] - click(findTestObject(path_Users + "a_Add User")): Object: 'Object Repository/AdminSuiteBootstrap_Pages/UM_Bootstrap/Users/a_Add User' is clicked on

2023-02-20 20:35:26 - [MESSAGE][PASSED] - Object: 'Object Repository/AdminSuiteBootstrap_Pages/UM_Bootstrap/Users/a_Add User' is clicked on

2023-02-20 20:35:26 - [TEST_STEP][PASSED] - buildUsername = pages.GenerateRandom.getRandomAlpha(): pages.GenerateRandom.getRandomAlpha is PASSED

2023-02-20 20:35:26 - [MESSAGE][PASSED] - pages.GenerateRandom.getRandomAlpha is PASSED

2023-02-20 20:35:26 - [TEST_STEP][PASSED] - prefixUsername = findTestData(dataFile).getValue("Username", row): null

2023-02-20 20:35:26 - [TEST_STEP][PASSED] - prefixOrMiddle = findTestData(dataFile).getValue("Prefix", row): null

2023-02-20 20:35:26 - [TEST_STEP][PASSED] - if (prefixOrMiddle.equalsIgnoreCase("Y")): null

2023-02-20 20:35:26 - [TEST_STEP][PASSED] - spUsername = prefixUsername + buildUsername: null

2023-02-20 20:35:26 - [TEST_STEP][PASSED] - setText(findTestObject(path_AddUser + "input_EmailAddress"), "iahmed@govolution.com"): Text 'iahmed@govolution.com' is set on object 'Object Repository/AdminSuiteBootstrap_Pages/UM_Bootstrap/AddUser/input_EmailAddress'

2023-02-20 20:35:27 - [MESSAGE][PASSED] - Text 'iahmed@govolution.com' is set on object 'Object Repository/AdminSuiteBootstrap_Pages/UM_Bootstrap/AddUser/input_EmailAddress'

2023-02-20 20:35:27 - [TEST_STEP][PASSED] - setText(findTestObject(path_AddUser + "input_Username"), spUsername): Text '+jZgFWLYDQ' is set on object 'Object Repository/AdminSuiteBootstrap_Pages/UM_Bootstrap/AddUser/input_Username'

2023-02-20 20:35:28 - [MESSAGE][PASSED] - Text '+jZgFWLYDQ' is set on object 'Object Repository/AdminSuiteBootstrap_Pages/UM_Bootstrap/AddUser/input_Username'

2023-02-20 20:35:28 - [TEST_STEP][PASSED] - setText(findTestObject(path_AddUser + "input_FirstName"), "Ashley"): Text 'Ashley' is set on object 'Object Repository/AdminSuiteBootstrap_Pages/UM_Bootstrap/AddUser/input_FirstName'

2023-02-20 20:35:28 - [MESSAGE][PASSED] - Text 'Ashley' is set on object 'Object Repository/AdminSuiteBootstrap_Pages/UM_Bootstrap/AddUser/input_FirstName'

2023-02-20 20:35:28 - [TEST_STEP][PASSED] - setText(findTestObject(path_AddUser + "input_LastName"), "Luka"): Text 'Luka' is set on object 'Object Repository/AdminSuiteBootstrap_Pages/UM_Bootstrap/AddUser/input_LastName'

2023-02-20 20:35:29 - [MESSAGE][PASSED] - Text 'Luka' is set on object 'Object Repository/AdminSuiteBootstrap_Pages/UM_Bootstrap/AddUser/input_LastName'

2023-02-20 20:35:29 - [TEST_STEP][PASSED] - setText(findTestObject(path_AddUser + "input_Password"), "hello6666"): Text 'hello6666' is set on object 'Object Repository/AdminSuiteBootstrap_Pages/UM_Bootstrap/AddUser/input_Password'

2023-02-20 20:35:30 - [MESSAGE][PASSED] - Text 'hello6666' is set on object 'Object Repository/AdminSuiteBootstrap_Pages/UM_Bootstrap/AddUser/input_Password'

2023-02-20 20:35:30 - [TEST_STEP][PASSED] - setText(findTestObject(path_AddUser + "input_ConfirmPassword"), "hello6666"): Text 'hello6666' is set on object 'Object Repository/AdminSuiteBootstrap_Pages/UM_Bootstrap/AddUser/input_ConfirmPassword'

2023-02-20 20:35:30 - [MESSAGE][PASSED] - Text 'hello6666' is set on object 'Object Repository/AdminSuiteBootstrap_Pages/UM_Bootstrap/AddUser/input_ConfirmPassword'

2023-02-20 20:35:30 - [TEST_STEP][PASSED] - check(findTestObject(path_AddUser + "input_No_lock")): Object 'Object Repository/AdminSuiteBootstrap_Pages/UM_Bootstrap/AddUser/input_No_lock' is checked

2023-02-20 20:35:31 - [MESSAGE][PASSED] - Object 'Object Repository/AdminSuiteBootstrap_Pages/UM_Bootstrap/AddUser/input_No_lock' is checked

2023-02-20 20:35:31 - [TEST_STEP][PASSED] - click(findTestObject(path_AddUser + "button_Create")): Object: 'Object Repository/AdminSuiteBootstrap_Pages/UM_Bootstrap/AddUser/button_Create' is clicked on

2023-02-20 20:35:31 - [MESSAGE][PASSED] - Object: 'Object Repository/AdminSuiteBootstrap_Pages/UM_Bootstrap/AddUser/button_Create' is clicked on

2023-02-20 20:35:31 - [TEST_STEP][PASSED] - verifyTextPresent("Error! Please provide the following required information as indicated below", true): Text 'Error! Please provide the following required information as indicated below' is present on page  using regular expression

2023-02-20 20:35:32 - [MESSAGE][PASSED] - Text 'Error! Please provide the following required information as indicated below' is present on page  using regular expression

2023-02-20 20:35:32 - [TEST_STEP][PASSED] - verifyTextPresent("Username may only be comprised of alphanumeric characters, the underscore "_" character and period "."", true): Text 'Username may only be comprised of alphanumeric characters, the underscore "_" character and period "."' is present on page  using regular expression

2023-02-20 20:35:32 - [MESSAGE][PASSED] - Text 'Username may only be comprised of alphanumeric characters, the underscore "_" character and period "."' is present on page  using regular expression

2023-02-20 20:35:32 - [TEST_STEP][PASSED] - closeBrowser(): Browser is closed

2023-02-20 20:35:33 - [MESSAGE][PASSED] - Browser is closed

2023-02-20 20:35:33 - [TEST_STEP][PASSED] - ExecuteTC = findTestData(dataFile).getValue("Execute", row): null

2023-02-20 20:35:33 - [TEST_STEP][PASSED] - out.println("Value of Execute is : " + ExecuteTC): null

2023-02-20 20:35:33 - [TEST_STEP][PASSED] - if (ExecuteTC.equalsIgnoreCase("Y")): Browser is closed

2023-02-20 20:35:33 - [TEST_STEP][PASSED] - out.println("Begin Record Number: " + row): null

2023-02-20 20:35:33 - [TEST_STEP][PASSED] - adminSuiteBootstrap.loginFunctionality.login_AdminSuite(): adminSuiteBootstrap.loginFunctionality.login_AdminSuite is PASSED

2023-02-20 20:35:33 - [MESSAGE][INFO] - Starting 'Chrome' driver

2023-02-20 20:35:33 - [MESSAGE][INFO] - User set preference: ['acceptInsecureCerts', 'true']

2023-02-20 20:35:33 - [MESSAGE][INFO] - Action delay is set to 0 milliseconds

2023-02-20 20:35:36 - [MESSAGE][PASSED] - Browser is opened with url: 'https://qa.velocitypayment.com/admin/imtiaz'

2023-02-20 20:35:36 - [MESSAGE][PASSED] - Current window maximized

2023-02-20 20:35:36 - [MESSAGE][PASSED] - Object 'Object Repository/Login_Page/Login_Username' is present

2023-02-20 20:35:37 - [MESSAGE][PASSED] - Text 'iahmed' is set on object 'Object Repository/Login_Page/Login_Username'

2023-02-20 20:35:37 - [MESSAGE][PASSED] - Text 'hello2222' is set on object 'Object Repository/Login_Page/Login_Password'

2023-02-20 20:35:40 - [MESSAGE][PASSED] - Object: 'Object Repository/Login_Page/Login_Submit' is clicked on

2023-02-20 20:35:40 - [MESSAGE][PASSED] - adminSuiteBootstrap.loginFunctionality.login_AdminSuite is PASSED

2023-02-20 20:35:40 - [TEST_STEP][PASSED] - click(findTestObject(path_Dashboard + "a_Access User Management")): Object: 'Object Repository/AdminSuiteBootstrap_Pages/Dashboard_Bootstrap/a_Access User Management' is clicked on

2023-02-20 20:35:41 - [MESSAGE][PASSED] - Object: 'Object Repository/AdminSuiteBootstrap_Pages/Dashboard_Bootstrap/a_Access User Management' is clicked on

2023-02-20 20:35:41 - [TEST_STEP][PASSED] - click(findTestObject(path_Users + "a_Add User")): Object: 'Object Repository/AdminSuiteBootstrap_Pages/UM_Bootstrap/Users/a_Add User' is clicked on

2023-02-20 20:35:42 - [MESSAGE][PASSED] - Object: 'Object Repository/AdminSuiteBootstrap_Pages/UM_Bootstrap/Users/a_Add User' is clicked on

2023-02-20 20:35:42 - [TEST_STEP][PASSED] - buildUsername = pages.GenerateRandom.getRandomAlpha(): pages.GenerateRandom.getRandomAlpha is PASSED

2023-02-20 20:35:42 - [MESSAGE][PASSED] - pages.GenerateRandom.getRandomAlpha is PASSED

2023-02-20 20:35:42 - [TEST_STEP][PASSED] - prefixUsername = findTestData(dataFile).getValue("Username", row): null

2023-02-20 20:35:42 - [TEST_STEP][PASSED] - prefixOrMiddle = findTestData(dataFile).getValue("Prefix", row): null

2023-02-20 20:35:42 - [TEST_STEP][PASSED] - if (prefixOrMiddle.equalsIgnoreCase("Y")): null

2023-02-20 20:35:42 - [TEST_STEP][PASSED] - spUsername = prefixUsername + buildUsername: null

2023-02-20 20:35:42 - [TEST_STEP][PASSED] - setText(findTestObject(path_AddUser + "input_EmailAddress"), "iahmed@govolution.com"): Text 'iahmed@govolution.com' is set on object 'Object Repository/AdminSuiteBootstrap_Pages/UM_Bootstrap/AddUser/input_EmailAddress'

2023-02-20 20:35:42 - [MESSAGE][PASSED] - Text 'iahmed@govolution.com' is set on object 'Object Repository/AdminSuiteBootstrap_Pages/UM_Bootstrap/AddUser/input_EmailAddress'

2023-02-20 20:35:42 - [TEST_STEP][PASSED] - setText(findTestObject(path_AddUser + "input_Username"), spUsername): Text '@LMwQiprkH' is set on object 'Object Repository/AdminSuiteBootstrap_Pages/UM_Bootstrap/AddUser/input_Username'

2023-02-20 20:35:43 - [MESSAGE][PASSED] - Text '@LMwQiprkH' is set on object 'Object Repository/AdminSuiteBootstrap_Pages/UM_Bootstrap/AddUser/input_Username'

2023-02-20 20:35:43 - [TEST_STEP][PASSED] - setText(findTestObject(path_AddUser + "input_FirstName"), "Ashley"): Text 'Ashley' is set on object 'Object Repository/AdminSuiteBootstrap_Pages/UM_Bootstrap/AddUser/input_FirstName'

2023-02-20 20:35:44 - [MESSAGE][PASSED] - Text 'Ashley' is set on object 'Object Repository/AdminSuiteBootstrap_Pages/UM_Bootstrap/AddUser/input_FirstName'

2023-02-20 20:35:44 - [TEST_STEP][PASSED] - setText(findTestObject(path_AddUser + "input_LastName"), "Luka"): Text 'Luka' is set on object 'Object Repository/AdminSuiteBootstrap_Pages/UM_Bootstrap/AddUser/input_LastName'

2023-02-20 20:35:44 - [MESSAGE][PASSED] - Text 'Luka' is set on object 'Object Repository/AdminSuiteBootstrap_Pages/UM_Bootstrap/AddUser/input_LastName'

2023-02-20 20:35:44 - [TEST_STEP][PASSED] - setText(findTestObject(path_AddUser + "input_Password"), "hello6666"): Text 'hello6666' is set on object 'Object Repository/AdminSuiteBootstrap_Pages/UM_Bootstrap/AddUser/input_Password'

2023-02-20 20:35:45 - [MESSAGE][PASSED] - Text 'hello6666' is set on object 'Object Repository/AdminSuiteBootstrap_Pages/UM_Bootstrap/AddUser/input_Password'

2023-02-20 20:35:45 - [TEST_STEP][PASSED] - setText(findTestObject(path_AddUser + "input_ConfirmPassword"), "hello6666"): Text 'hello6666' is set on object 'Object Repository/AdminSuiteBootstrap_Pages/UM_Bootstrap/AddUser/input_ConfirmPassword'

2023-02-20 20:35:46 - [MESSAGE][PASSED] - Text 'hello6666' is set on object 'Object Repository/AdminSuiteBootstrap_Pages/UM_Bootstrap/AddUser/input_ConfirmPassword'

2023-02-20 20:35:46 - [TEST_STEP][PASSED] - check(findTestObject(path_AddUser + "input_No_lock")): Object 'Object Repository/AdminSuiteBootstrap_Pages/UM_Bootstrap/AddUser/input_No_lock' is checked

2023-02-20 20:35:46 - [MESSAGE][PASSED] - Object 'Object Repository/AdminSuiteBootstrap_Pages/UM_Bootstrap/AddUser/input_No_lock' is checked

2023-02-20 20:35:46 - [TEST_STEP][PASSED] - click(findTestObject(path_AddUser + "button_Create")): Object: 'Object Repository/AdminSuiteBootstrap_Pages/UM_Bootstrap/AddUser/button_Create' is clicked on

2023-02-20 20:35:47 - [MESSAGE][PASSED] - Object: 'Object Repository/AdminSuiteBootstrap_Pages/UM_Bootstrap/AddUser/button_Create' is clicked on

2023-02-20 20:35:47 - [TEST_STEP][PASSED] - verifyTextPresent("Error! Please provide the following required information as indicated below", true): Text 'Error! Please provide the following required information as indicated below' is present on page  using regular expression

2023-02-20 20:35:47 - [MESSAGE][PASSED] - Text 'Error! Please provide the following required information as indicated below' is present on page  using regular expression

2023-02-20 20:35:47 - [TEST_STEP][PASSED] - verifyTextPresent("Username may only be comprised of alphanumeric characters, the underscore "_" character and period "."", true): Text 'Username may only be comprised of alphanumeric characters, the underscore "_" character and period "."' is present on page  using regular expression

2023-02-20 20:35:48 - [MESSAGE][PASSED] - Text 'Username may only be comprised of alphanumeric characters, the underscore "_" character and period "."' is present on page  using regular expression

2023-02-20 20:35:48 - [TEST_STEP][PASSED] - closeBrowser(): Browser is closed

2023-02-20 20:35:49 - [MESSAGE][PASSED] - Browser is closed

2023-02-20 20:35:49 - [TEST_STEP][PASSED] - ExecuteTC = findTestData(dataFile).getValue("Execute", row): null

2023-02-20 20:35:49 - [TEST_STEP][PASSED] - out.println("Value of Execute is : " + ExecuteTC): null

2023-02-20 20:35:49 - [TEST_STEP][PASSED] - if (ExecuteTC.equalsIgnoreCase("Y")): Browser is closed

2023-02-20 20:35:49 - [TEST_STEP][PASSED] - out.println("Begin Record Number: " + row): null

2023-02-20 20:35:49 - [TEST_STEP][PASSED] - adminSuiteBootstrap.loginFunctionality.login_AdminSuite(): adminSuiteBootstrap.loginFunctionality.login_AdminSuite is PASSED

2023-02-20 20:35:49 - [MESSAGE][INFO] - Starting 'Chrome' driver

2023-02-20 20:35:49 - [MESSAGE][INFO] - User set preference: ['acceptInsecureCerts', 'true']

2023-02-20 20:35:49 - [MESSAGE][INFO] - Action delay is set to 0 milliseconds

2023-02-20 20:35:51 - [MESSAGE][PASSED] - Browser is opened with url: 'https://qa.velocitypayment.com/admin/imtiaz'

2023-02-20 20:35:51 - [MESSAGE][PASSED] - Current window maximized

2023-02-20 20:35:52 - [MESSAGE][PASSED] - Object 'Object Repository/Login_Page/Login_Username' is present

2023-02-20 20:35:52 - [MESSAGE][PASSED] - Text 'iahmed' is set on object 'Object Repository/Login_Page/Login_Username'

2023-02-20 20:35:53 - [MESSAGE][PASSED] - Text 'hello2222' is set on object 'Object Repository/Login_Page/Login_Password'

2023-02-20 20:35:56 - [MESSAGE][PASSED] - Object: 'Object Repository/Login_Page/Login_Submit' is clicked on

2023-02-20 20:35:56 - [MESSAGE][PASSED] - adminSuiteBootstrap.loginFunctionality.login_AdminSuite is PASSED

2023-02-20 20:35:56 - [TEST_STEP][PASSED] - click(findTestObject(path_Dashboard + "a_Access User Management")): Object: 'Object Repository/AdminSuiteBootstrap_Pages/Dashboard_Bootstrap/a_Access User Management' is clicked on

2023-02-20 20:35:57 - [MESSAGE][PASSED] - Object: 'Object Repository/AdminSuiteBootstrap_Pages/Dashboard_Bootstrap/a_Access User Management' is clicked on

2023-02-20 20:35:57 - [TEST_STEP][PASSED] - click(findTestObject(path_Users + "a_Add User")): Object: 'Object Repository/AdminSuiteBootstrap_Pages/UM_Bootstrap/Users/a_Add User' is clicked on

2023-02-20 20:35:57 - [MESSAGE][PASSED] - Object: 'Object Repository/AdminSuiteBootstrap_Pages/UM_Bootstrap/Users/a_Add User' is clicked on

2023-02-20 20:35:57 - [TEST_STEP][PASSED] - buildUsername = pages.GenerateRandom.getRandomAlpha(): pages.GenerateRandom.getRandomAlpha is PASSED

2023-02-20 20:35:57 - [MESSAGE][PASSED] - pages.GenerateRandom.getRandomAlpha is PASSED

2023-02-20 20:35:57 - [TEST_STEP][PASSED] - prefixUsername = findTestData(dataFile).getValue("Username", row): null

2023-02-20 20:35:58 - [TEST_STEP][PASSED] - prefixOrMiddle = findTestData(dataFile).getValue("Prefix", row): null

2023-02-20 20:35:58 - [TEST_STEP][PASSED] - if (prefixOrMiddle.equalsIgnoreCase("Y")): null

2023-02-20 20:35:58 - [TEST_STEP][PASSED] - else if (prefixOrMiddle.equalsIgnoreCase("N")): null

2023-02-20 20:35:58 - [TEST_STEP][PASSED] - spUsername = buildUsername + prefixUsername + buildUsername: null

2023-02-20 20:35:58 - [TEST_STEP][PASSED] - setText(findTestObject(path_AddUser + "input_EmailAddress"), "iahmed@govolution.com"): Text 'iahmed@govolution.com' is set on object 'Object Repository/AdminSuiteBootstrap_Pages/UM_Bootstrap/AddUser/input_EmailAddress'

2023-02-20 20:35:58 - [MESSAGE][PASSED] - Text 'iahmed@govolution.com' is set on object 'Object Repository/AdminSuiteBootstrap_Pages/UM_Bootstrap/AddUser/input_EmailAddress'

2023-02-20 20:35:58 - [TEST_STEP][PASSED] - setText(findTestObject(path_AddUser + "input_Username"), spUsername): Text 'OFfTcbPux=OFfTcbPux' is set on object 'Object Repository/AdminSuiteBootstrap_Pages/UM_Bootstrap/AddUser/input_Username'

2023-02-20 20:35:59 - [MESSAGE][PASSED] - Text 'OFfTcbPux=OFfTcbPux' is set on object 'Object Repository/AdminSuiteBootstrap_Pages/UM_Bootstrap/AddUser/input_Username'

2023-02-20 20:35:59 - [TEST_STEP][PASSED] - setText(findTestObject(path_AddUser + "input_FirstName"), "Ashley"): Text 'Ashley' is set on object 'Object Repository/AdminSuiteBootstrap_Pages/UM_Bootstrap/AddUser/input_FirstName'

2023-02-20 20:36:00 - [MESSAGE][PASSED] - Text 'Ashley' is set on object 'Object Repository/AdminSuiteBootstrap_Pages/UM_Bootstrap/AddUser/input_FirstName'

2023-02-20 20:36:00 - [TEST_STEP][PASSED] - setText(findTestObject(path_AddUser + "input_LastName"), "Luka"): Text 'Luka' is set on object 'Object Repository/AdminSuiteBootstrap_Pages/UM_Bootstrap/AddUser/input_LastName'

2023-02-20 20:36:00 - [MESSAGE][PASSED] - Text 'Luka' is set on object 'Object Repository/AdminSuiteBootstrap_Pages/UM_Bootstrap/AddUser/input_LastName'

2023-02-20 20:36:00 - [TEST_STEP][PASSED] - setText(findTestObject(path_AddUser + "input_Password"), "hello6666"): Text 'hello6666' is set on object 'Object Repository/AdminSuiteBootstrap_Pages/UM_Bootstrap/AddUser/input_Password'

2023-02-20 20:36:01 - [MESSAGE][PASSED] - Text 'hello6666' is set on object 'Object Repository/AdminSuiteBootstrap_Pages/UM_Bootstrap/AddUser/input_Password'

2023-02-20 20:36:01 - [TEST_STEP][PASSED] - setText(findTestObject(path_AddUser + "input_ConfirmPassword"), "hello6666"): Text 'hello6666' is set on object 'Object Repository/AdminSuiteBootstrap_Pages/UM_Bootstrap/AddUser/input_ConfirmPassword'

2023-02-20 20:36:02 - [MESSAGE][PASSED] - Text 'hello6666' is set on object 'Object Repository/AdminSuiteBootstrap_Pages/UM_Bootstrap/AddUser/input_ConfirmPassword'

2023-02-20 20:36:02 - [TEST_STEP][PASSED] - check(findTestObject(path_AddUser + "input_No_lock")): Object 'Object Repository/AdminSuiteBootstrap_Pages/UM_Bootstrap/AddUser/input_No_lock' is checked

2023-02-20 20:36:02 - [MESSAGE][PASSED] - Object 'Object Repository/AdminSuiteBootstrap_Pages/UM_Bootstrap/AddUser/input_No_lock' is checked

2023-02-20 20:36:02 - [TEST_STEP][PASSED] - click(findTestObject(path_AddUser + "button_Create")): Object: 'Object Repository/AdminSuiteBootstrap_Pages/UM_Bootstrap/AddUser/button_Create' is clicked on

2023-02-20 20:36:03 - [MESSAGE][PASSED] - Object: 'Object Repository/AdminSuiteBootstrap_Pages/UM_Bootstrap/AddUser/button_Create' is clicked on

2023-02-20 20:36:03 - [TEST_STEP][PASSED] - verifyTextPresent("Error! Please provide the following required information as indicated below", true): Text 'Error! Please provide the following required information as indicated below' is present on page  using regular expression

2023-02-20 20:36:04 - [MESSAGE][PASSED] - Text 'Error! Please provide the following required information as indicated below' is present on page  using regular expression

2023-02-20 20:36:04 - [TEST_STEP][PASSED] - verifyTextPresent("Username may only be comprised of alphanumeric characters, the underscore "_" character and period "."", true): Text 'Username may only be comprised of alphanumeric characters, the underscore "_" character and period "."' is present on page  using regular expression

2023-02-20 20:36:04 - [MESSAGE][PASSED] - Text 'Username may only be comprised of alphanumeric characters, the underscore "_" character and period "."' is present on page  using regular expression

2023-02-20 20:36:04 - [TEST_STEP][PASSED] - closeBrowser(): Browser is closed

2023-02-20 20:36:05 - [MESSAGE][PASSED] - Browser is closed

2023-02-20 20:36:05 - [TEST_STEP][PASSED] - ExecuteTC = findTestData(dataFile).getValue("Execute", row): null

2023-02-20 20:36:05 - [TEST_STEP][PASSED] - out.println("Value of Execute is : " + ExecuteTC): null

2023-02-20 20:36:05 - [TEST_STEP][PASSED] - if (ExecuteTC.equalsIgnoreCase("Y")): Browser is closed

2023-02-20 20:36:05 - [TEST_STEP][PASSED] - out.println("Begin Record Number: " + row): null

2023-02-20 20:36:05 - [TEST_STEP][PASSED] - adminSuiteBootstrap.loginFunctionality.login_AdminSuite(): adminSuiteBootstrap.loginFunctionality.login_AdminSuite is PASSED

2023-02-20 20:36:05 - [MESSAGE][INFO] - Starting 'Chrome' driver

2023-02-20 20:36:05 - [MESSAGE][INFO] - User set preference: ['acceptInsecureCerts', 'true']

2023-02-20 20:36:05 - [MESSAGE][INFO] - Action delay is set to 0 milliseconds

2023-02-20 20:36:07 - [MESSAGE][PASSED] - Browser is opened with url: 'https://qa.velocitypayment.com/admin/imtiaz'

2023-02-20 20:36:08 - [MESSAGE][PASSED] - Current window maximized

2023-02-20 20:36:08 - [MESSAGE][PASSED] - Object 'Object Repository/Login_Page/Login_Username' is present

2023-02-20 20:36:09 - [MESSAGE][PASSED] - Text 'iahmed' is set on object 'Object Repository/Login_Page/Login_Username'

2023-02-20 20:36:09 - [MESSAGE][PASSED] - Text 'hello2222' is set on object 'Object Repository/Login_Page/Login_Password'

2023-02-20 20:36:12 - [MESSAGE][PASSED] - Object: 'Object Repository/Login_Page/Login_Submit' is clicked on

2023-02-20 20:36:12 - [MESSAGE][PASSED] - adminSuiteBootstrap.loginFunctionality.login_AdminSuite is PASSED

2023-02-20 20:36:12 - [TEST_STEP][PASSED] - click(findTestObject(path_Dashboard + "a_Access User Management")): Object: 'Object Repository/AdminSuiteBootstrap_Pages/Dashboard_Bootstrap/a_Access User Management' is clicked on

2023-02-20 20:36:13 - [MESSAGE][PASSED] - Object: 'Object Repository/AdminSuiteBootstrap_Pages/Dashboard_Bootstrap/a_Access User Management' is clicked on

2023-02-20 20:36:13 - [TEST_STEP][PASSED] - click(findTestObject(path_Users + "a_Add User")): Object: 'Object Repository/AdminSuiteBootstrap_Pages/UM_Bootstrap/Users/a_Add User' is clicked on

2023-02-20 20:36:14 - [MESSAGE][PASSED] - Object: 'Object Repository/AdminSuiteBootstrap_Pages/UM_Bootstrap/Users/a_Add User' is clicked on

2023-02-20 20:36:14 - [TEST_STEP][PASSED] - buildUsername = pages.GenerateRandom.getRandomAlpha(): pages.GenerateRandom.getRandomAlpha is PASSED

2023-02-20 20:36:14 - [MESSAGE][PASSED] - pages.GenerateRandom.getRandomAlpha is PASSED

2023-02-20 20:36:14 - [TEST_STEP][PASSED] - prefixUsername = findTestData(dataFile).getValue("Username", row): null

2023-02-20 20:36:14 - [TEST_STEP][PASSED] - prefixOrMiddle = findTestData(dataFile).getValue("Prefix", row): null

2023-02-20 20:36:14 - [TEST_STEP][PASSED] - if (prefixOrMiddle.equalsIgnoreCase("Y")): null

2023-02-20 20:36:14 - [TEST_STEP][PASSED] - else if (prefixOrMiddle.equalsIgnoreCase("N")): null

2023-02-20 20:36:14 - [TEST_STEP][PASSED] - spUsername = buildUsername + prefixUsername + buildUsername: null

2023-02-20 20:36:14 - [TEST_STEP][PASSED] - setText(findTestObject(path_AddUser + "input_EmailAddress"), "iahmed@govolution.com"): Text 'iahmed@govolution.com' is set on object 'Object Repository/AdminSuiteBootstrap_Pages/UM_Bootstrap/AddUser/input_EmailAddress'

2023-02-20 20:36:14 - [MESSAGE][PASSED] - Text 'iahmed@govolution.com' is set on object 'Object Repository/AdminSuiteBootstrap_Pages/UM_Bootstrap/AddUser/input_EmailAddress'

2023-02-20 20:36:14 - [TEST_STEP][PASSED] - setText(findTestObject(path_AddUser + "input_Username"), spUsername): Text 'LYDwvEKsm-LYDwvEKsm' is set on object 'Object Repository/AdminSuiteBootstrap_Pages/UM_Bootstrap/AddUser/input_Username'

2023-02-20 20:36:15 - [MESSAGE][PASSED] - Text 'LYDwvEKsm-LYDwvEKsm' is set on object 'Object Repository/AdminSuiteBootstrap_Pages/UM_Bootstrap/AddUser/input_Username'

2023-02-20 20:36:15 - [TEST_STEP][PASSED] - setText(findTestObject(path_AddUser + "input_FirstName"), "Ashley"): Text 'Ashley' is set on object 'Object Repository/AdminSuiteBootstrap_Pages/UM_Bootstrap/AddUser/input_FirstName'

2023-02-20 20:36:16 - [MESSAGE][PASSED] - Text 'Ashley' is set on object 'Object Repository/AdminSuiteBootstrap_Pages/UM_Bootstrap/AddUser/input_FirstName'

2023-02-20 20:36:16 - [TEST_STEP][PASSED] - setText(findTestObject(path_AddUser + "input_LastName"), "Luka"): Text 'Luka' is set on object 'Object Repository/AdminSuiteBootstrap_Pages/UM_Bootstrap/AddUser/input_LastName'

2023-02-20 20:36:16 - [MESSAGE][PASSED] - Text 'Luka' is set on object 'Object Repository/AdminSuiteBootstrap_Pages/UM_Bootstrap/AddUser/input_LastName'

2023-02-20 20:36:16 - [TEST_STEP][PASSED] - setText(findTestObject(path_AddUser + "input_Password"), "hello6666"): Text 'hello6666' is set on object 'Object Repository/AdminSuiteBootstrap_Pages/UM_Bootstrap/AddUser/input_Password'

2023-02-20 20:36:17 - [MESSAGE][PASSED] - Text 'hello6666' is set on object 'Object Repository/AdminSuiteBootstrap_Pages/UM_Bootstrap/AddUser/input_Password'

2023-02-20 20:36:17 - [TEST_STEP][PASSED] - setText(findTestObject(path_AddUser + "input_ConfirmPassword"), "hello6666"): Text 'hello6666' is set on object 'Object Repository/AdminSuiteBootstrap_Pages/UM_Bootstrap/AddUser/input_ConfirmPassword'

2023-02-20 20:36:18 - [MESSAGE][PASSED] - Text 'hello6666' is set on object 'Object Repository/AdminSuiteBootstrap_Pages/UM_Bootstrap/AddUser/input_ConfirmPassword'

2023-02-20 20:36:18 - [TEST_STEP][PASSED] - check(findTestObject(path_AddUser + "input_No_lock")): Object 'Object Repository/AdminSuiteBootstrap_Pages/UM_Bootstrap/AddUser/input_No_lock' is checked

2023-02-20 20:36:18 - [MESSAGE][PASSED] - Object 'Object Repository/AdminSuiteBootstrap_Pages/UM_Bootstrap/AddUser/input_No_lock' is checked

2023-02-20 20:36:18 - [TEST_STEP][PASSED] - click(findTestObject(path_AddUser + "button_Create")): Object: 'Object Repository/AdminSuiteBootstrap_Pages/UM_Bootstrap/AddUser/button_Create' is clicked on

2023-02-20 20:36:19 - [MESSAGE][PASSED] - Object: 'Object Repository/AdminSuiteBootstrap_Pages/UM_Bootstrap/AddUser/button_Create' is clicked on

2023-02-20 20:36:19 - [TEST_STEP][PASSED] - verifyTextPresent("Error! Please provide the following required information as indicated below", true): Text 'Error! Please provide the following required information as indicated below' is present on page  using regular expression

2023-02-20 20:36:19 - [MESSAGE][PASSED] - Text 'Error! Please provide the following required information as indicated below' is present on page  using regular expression

2023-02-20 20:36:19 - [TEST_STEP][PASSED] - verifyTextPresent("Username may only be comprised of alphanumeric characters, the underscore "_" character and period "."", true): Text 'Username may only be comprised of alphanumeric characters, the underscore "_" character and period "."' is present on page  using regular expression

2023-02-20 20:36:20 - [MESSAGE][PASSED] - Text 'Username may only be comprised of alphanumeric characters, the underscore "_" character and period "."' is present on page  using regular expression

2023-02-20 20:36:20 - [TEST_STEP][PASSED] - closeBrowser(): Browser is closed

2023-02-20 20:36:21 - [MESSAGE][PASSED] - Browser is closed

2023-02-20 20:36:21 - [TEST_STEP][PASSED] - ExecuteTC = findTestData(dataFile).getValue("Execute", row): null

2023-02-20 20:36:21 - [TEST_STEP][PASSED] - out.println("Value of Execute is : " + ExecuteTC): null

2023-02-20 20:36:21 - [TEST_STEP][PASSED] - if (ExecuteTC.equalsIgnoreCase("Y")): Browser is closed

2023-02-20 20:36:21 - [TEST_STEP][PASSED] - out.println("Begin Record Number: " + row): null

2023-02-20 20:36:21 - [TEST_STEP][PASSED] - adminSuiteBootstrap.loginFunctionality.login_AdminSuite(): adminSuiteBootstrap.loginFunctionality.login_AdminSuite is PASSED

2023-02-20 20:36:21 - [MESSAGE][INFO] - Starting 'Chrome' driver

2023-02-20 20:36:21 - [MESSAGE][INFO] - User set preference: ['acceptInsecureCerts', 'true']

2023-02-20 20:36:21 - [MESSAGE][INFO] - Action delay is set to 0 milliseconds

2023-02-20 20:36:23 - [MESSAGE][PASSED] - Browser is opened with url: 'https://qa.velocitypayment.com/admin/imtiaz'

2023-02-20 20:36:23 - [MESSAGE][PASSED] - Current window maximized

2023-02-20 20:36:23 - [MESSAGE][PASSED] - Object 'Object Repository/Login_Page/Login_Username' is present

2023-02-20 20:36:24 - [MESSAGE][PASSED] - Text 'iahmed' is set on object 'Object Repository/Login_Page/Login_Username'

2023-02-20 20:36:25 - [MESSAGE][PASSED] - Text 'hello2222' is set on object 'Object Repository/Login_Page/Login_Password'

2023-02-20 20:36:28 - [MESSAGE][PASSED] - Object: 'Object Repository/Login_Page/Login_Submit' is clicked on

2023-02-20 20:36:28 - [MESSAGE][PASSED] - adminSuiteBootstrap.loginFunctionality.login_AdminSuite is PASSED

2023-02-20 20:36:28 - [TEST_STEP][PASSED] - click(findTestObject(path_Dashboard + "a_Access User Management")): Object: 'Object Repository/AdminSuiteBootstrap_Pages/Dashboard_Bootstrap/a_Access User Management' is clicked on

2023-02-20 20:36:29 - [MESSAGE][PASSED] - Object: 'Object Repository/AdminSuiteBootstrap_Pages/Dashboard_Bootstrap/a_Access User Management' is clicked on

2023-02-20 20:36:29 - [TEST_STEP][PASSED] - click(findTestObject(path_Users + "a_Add User")): Object: 'Object Repository/AdminSuiteBootstrap_Pages/UM_Bootstrap/Users/a_Add User' is clicked on

2023-02-20 20:36:29 - [MESSAGE][PASSED] - Object: 'Object Repository/AdminSuiteBootstrap_Pages/UM_Bootstrap/Users/a_Add User' is clicked on

2023-02-20 20:36:29 - [TEST_STEP][PASSED] - buildUsername = pages.GenerateRandom.getRandomAlpha(): pages.GenerateRandom.getRandomAlpha is PASSED

2023-02-20 20:36:29 - [MESSAGE][PASSED] - pages.GenerateRandom.getRandomAlpha is PASSED

2023-02-20 20:36:29 - [TEST_STEP][PASSED] - prefixUsername = findTestData(dataFile).getValue("Username", row): null

2023-02-20 20:36:29 - [TEST_STEP][PASSED] - prefixOrMiddle = findTestData(dataFile).getValue("Prefix", row): null

2023-02-20 20:36:29 - [TEST_STEP][PASSED] - if (prefixOrMiddle.equalsIgnoreCase("Y")): null

2023-02-20 20:36:29 - [TEST_STEP][PASSED] - else if (prefixOrMiddle.equalsIgnoreCase("N")): null

2023-02-20 20:36:29 - [TEST_STEP][PASSED] - spUsername = buildUsername + prefixUsername + buildUsername: null

2023-02-20 20:36:29 - [TEST_STEP][PASSED] - setText(findTestObject(path_AddUser + "input_EmailAddress"), "iahmed@govolution.com"): Text 'iahmed@govolution.com' is set on object 'Object Repository/AdminSuiteBootstrap_Pages/UM_Bootstrap/AddUser/input_EmailAddress'

2023-02-20 20:36:30 - [MESSAGE][PASSED] - Text 'iahmed@govolution.com' is set on object 'Object Repository/AdminSuiteBootstrap_Pages/UM_Bootstrap/AddUser/input_EmailAddress'

2023-02-20 20:36:30 - [TEST_STEP][PASSED] - setText(findTestObject(path_AddUser + "input_Username"), spUsername): Text 'vipaDnSad+vipaDnSad' is set on object 'Object Repository/AdminSuiteBootstrap_Pages/UM_Bootstrap/AddUser/input_Username'

2023-02-20 20:36:31 - [MESSAGE][PASSED] - Text 'vipaDnSad+vipaDnSad' is set on object 'Object Repository/AdminSuiteBootstrap_Pages/UM_Bootstrap/AddUser/input_Username'

2023-02-20 20:36:31 - [TEST_STEP][PASSED] - setText(findTestObject(path_AddUser + "input_FirstName"), "Ashley"): Text 'Ashley' is set on object 'Object Repository/AdminSuiteBootstrap_Pages/UM_Bootstrap/AddUser/input_FirstName'

2023-02-20 20:36:31 - [MESSAGE][PASSED] - Text 'Ashley' is set on object 'Object Repository/AdminSuiteBootstrap_Pages/UM_Bootstrap/AddUser/input_FirstName'

2023-02-20 20:36:31 - [TEST_STEP][PASSED] - setText(findTestObject(path_AddUser + "input_LastName"), "Luka"): Text 'Luka' is set on object 'Object Repository/AdminSuiteBootstrap_Pages/UM_Bootstrap/AddUser/input_LastName'

2023-02-20 20:36:32 - [MESSAGE][PASSED] - Text 'Luka' is set on object 'Object Repository/AdminSuiteBootstrap_Pages/UM_Bootstrap/AddUser/input_LastName'

2023-02-20 20:36:32 - [TEST_STEP][PASSED] - setText(findTestObject(path_AddUser + "input_Password"), "hello6666"): Text 'hello6666' is set on object 'Object Repository/AdminSuiteBootstrap_Pages/UM_Bootstrap/AddUser/input_Password'

2023-02-20 20:36:32 - [MESSAGE][PASSED] - Text 'hello6666' is set on object 'Object Repository/AdminSuiteBootstrap_Pages/UM_Bootstrap/AddUser/input_Password'

2023-02-20 20:36:32 - [TEST_STEP][PASSED] - setText(findTestObject(path_AddUser + "input_ConfirmPassword"), "hello6666"): Text 'hello6666' is set on object 'Object Repository/AdminSuiteBootstrap_Pages/UM_Bootstrap/AddUser/input_ConfirmPassword'

2023-02-20 20:36:33 - [MESSAGE][PASSED] - Text 'hello6666' is set on object 'Object Repository/AdminSuiteBootstrap_Pages/UM_Bootstrap/AddUser/input_ConfirmPassword'

2023-02-20 20:36:33 - [TEST_STEP][PASSED] - check(findTestObject(path_AddUser + "input_No_lock")): Object 'Object Repository/AdminSuiteBootstrap_Pages/UM_Bootstrap/AddUser/input_No_lock' is checked

2023-02-20 20:36:33 - [MESSAGE][PASSED] - Object 'Object Repository/AdminSuiteBootstrap_Pages/UM_Bootstrap/AddUser/input_No_lock' is checked

2023-02-20 20:36:33 - [TEST_STEP][PASSED] - click(findTestObject(path_AddUser + "button_Create")): Object: 'Object Repository/AdminSuiteBootstrap_Pages/UM_Bootstrap/AddUser/button_Create' is clicked on

2023-02-20 20:36:34 - [MESSAGE][PASSED] - Object: 'Object Repository/AdminSuiteBootstrap_Pages/UM_Bootstrap/AddUser/button_Create' is clicked on

2023-02-20 20:36:34 - [TEST_STEP][PASSED] - verifyTextPresent("Error! Please provide the following required information as indicated below", true): Text 'Error! Please provide the following required information as indicated below' is present on page  using regular expression

2023-02-20 20:36:35 - [MESSAGE][PASSED] - Text 'Error! Please provide the following required information as indicated below' is present on page  using regular expression

2023-02-20 20:36:35 - [TEST_STEP][PASSED] - verifyTextPresent("Username may only be comprised of alphanumeric characters, the underscore "_" character and period "."", true): Text 'Username may only be comprised of alphanumeric characters, the underscore "_" character and period "."' is present on page  using regular expression

2023-02-20 20:36:35 - [MESSAGE][PASSED] - Text 'Username may only be comprised of alphanumeric characters, the underscore "_" character and period "."' is present on page  using regular expression

2023-02-20 20:36:35 - [TEST_STEP][PASSED] - closeBrowser(): Browser is closed

2023-02-20 20:36:36 - [MESSAGE][PASSED] - Browser is closed

2023-02-20 20:36:36 - [TEST_STEP][PASSED] - ExecuteTC = findTestData(dataFile).getValue("Execute", row): null

2023-02-20 20:36:36 - [TEST_STEP][PASSED] - out.println("Value of Execute is : " + ExecuteTC): null

2023-02-20 20:36:36 - [TEST_STEP][PASSED] - if (ExecuteTC.equalsIgnoreCase("Y")): Browser is closed

2023-02-20 20:36:36 - [TEST_STEP][PASSED] - out.println("Begin Record Number: " + row): null

2023-02-20 20:36:36 - [TEST_STEP][PASSED] - adminSuiteBootstrap.loginFunctionality.login_AdminSuite(): adminSuiteBootstrap.loginFunctionality.login_AdminSuite is PASSED

2023-02-20 20:36:36 - [MESSAGE][INFO] - Starting 'Chrome' driver

2023-02-20 20:36:36 - [MESSAGE][INFO] - User set preference: ['acceptInsecureCerts', 'true']

2023-02-20 20:36:36 - [MESSAGE][INFO] - Action delay is set to 0 milliseconds

2023-02-20 20:36:39 - [MESSAGE][PASSED] - Browser is opened with url: 'https://qa.velocitypayment.com/admin/imtiaz'

2023-02-20 20:36:39 - [MESSAGE][PASSED] - Current window maximized

2023-02-20 20:36:39 - [MESSAGE][PASSED] - Object 'Object Repository/Login_Page/Login_Username' is present

2023-02-20 20:36:40 - [MESSAGE][PASSED] - Text 'iahmed' is set on object 'Object Repository/Login_Page/Login_Username'

2023-02-20 20:36:40 - [MESSAGE][PASSED] - Text 'hello2222' is set on object 'Object Repository/Login_Page/Login_Password'

2023-02-20 20:36:44 - [MESSAGE][PASSED] - Object: 'Object Repository/Login_Page/Login_Submit' is clicked on

2023-02-20 20:36:44 - [MESSAGE][PASSED] - adminSuiteBootstrap.loginFunctionality.login_AdminSuite is PASSED

2023-02-20 20:36:44 - [TEST_STEP][PASSED] - click(findTestObject(path_Dashboard + "a_Access User Management")): Object: 'Object Repository/AdminSuiteBootstrap_Pages/Dashboard_Bootstrap/a_Access User Management' is clicked on

2023-02-20 20:36:45 - [MESSAGE][PASSED] - Object: 'Object Repository/AdminSuiteBootstrap_Pages/Dashboard_Bootstrap/a_Access User Management' is clicked on

2023-02-20 20:36:45 - [TEST_STEP][PASSED] - click(findTestObject(path_Users + "a_Add User")): Object: 'Object Repository/AdminSuiteBootstrap_Pages/UM_Bootstrap/Users/a_Add User' is clicked on

2023-02-20 20:36:45 - [MESSAGE][PASSED] - Object: 'Object Repository/AdminSuiteBootstrap_Pages/UM_Bootstrap/Users/a_Add User' is clicked on

2023-02-20 20:36:45 - [TEST_STEP][PASSED] - buildUsername = pages.GenerateRandom.getRandomAlpha(): pages.GenerateRandom.getRandomAlpha is PASSED

2023-02-20 20:36:45 - [MESSAGE][PASSED] - pages.GenerateRandom.getRandomAlpha is PASSED

2023-02-20 20:36:45 - [TEST_STEP][PASSED] - prefixUsername = findTestData(dataFile).getValue("Username", row): null

2023-02-20 20:36:45 - [TEST_STEP][PASSED] - prefixOrMiddle = findTestData(dataFile).getValue("Prefix", row): null

2023-02-20 20:36:45 - [TEST_STEP][PASSED] - if (prefixOrMiddle.equalsIgnoreCase("Y")): null

2023-02-20 20:36:45 - [TEST_STEP][PASSED] - else if (prefixOrMiddle.equalsIgnoreCase("N")): null

2023-02-20 20:36:45 - [TEST_STEP][PASSED] - spUsername = buildUsername + prefixUsername + buildUsername: null

2023-02-20 20:36:45 - [TEST_STEP][PASSED] - setText(findTestObject(path_AddUser + "input_EmailAddress"), "iahmed@govolution.com"): Text 'iahmed@govolution.com' is set on object 'Object Repository/AdminSuiteBootstrap_Pages/UM_Bootstrap/AddUser/input_EmailAddress'

2023-02-20 20:36:46 - [MESSAGE][PASSED] - Text 'iahmed@govolution.com' is set on object 'Object Repository/AdminSuiteBootstrap_Pages/UM_Bootstrap/AddUser/input_EmailAddress'

2023-02-20 20:36:46 - [TEST_STEP][PASSED] - setText(findTestObject(path_AddUser + "input_Username"), spUsername): Text 'cpUQbrayv@cpUQbrayv' is set on object 'Object Repository/AdminSuiteBootstrap_Pages/UM_Bootstrap/AddUser/input_Username'

2023-02-20 20:36:47 - [MESSAGE][PASSED] - Text 'cpUQbrayv@cpUQbrayv' is set on object 'Object Repository/AdminSuiteBootstrap_Pages/UM_Bootstrap/AddUser/input_Username'

2023-02-20 20:36:47 - [TEST_STEP][PASSED] - setText(findTestObject(path_AddUser + "input_FirstName"), "Ashley"): Text 'Ashley' is set on object 'Object Repository/AdminSuiteBootstrap_Pages/UM_Bootstrap/AddUser/input_FirstName'

2023-02-20 20:36:47 - [MESSAGE][PASSED] - Text 'Ashley' is set on object 'Object Repository/AdminSuiteBootstrap_Pages/UM_Bootstrap/AddUser/input_FirstName'

2023-02-20 20:36:47 - [TEST_STEP][PASSED] - setText(findTestObject(path_AddUser + "input_LastName"), "Luka"): Text 'Luka' is set on object 'Object Repository/AdminSuiteBootstrap_Pages/UM_Bootstrap/AddUser/input_LastName'

2023-02-20 20:36:48 - [MESSAGE][PASSED] - Text 'Luka' is set on object 'Object Repository/AdminSuiteBootstrap_Pages/UM_Bootstrap/AddUser/input_LastName'

2023-02-20 20:36:48 - [TEST_STEP][PASSED] - setText(findTestObject(path_AddUser + "input_Password"), "hello6666"): Text 'hello6666' is set on object 'Object Repository/AdminSuiteBootstrap_Pages/UM_Bootstrap/AddUser/input_Password'

2023-02-20 20:36:49 - [MESSAGE][PASSED] - Text 'hello6666' is set on object 'Object Repository/AdminSuiteBootstrap_Pages/UM_Bootstrap/AddUser/input_Password'

2023-02-20 20:36:49 - [TEST_STEP][PASSED] - setText(findTestObject(path_AddUser + "input_ConfirmPassword"), "hello6666"): Text 'hello6666' is set on object 'Object Repository/AdminSuiteBootstrap_Pages/UM_Bootstrap/AddUser/input_ConfirmPassword'

2023-02-20 20:36:49 - [MESSAGE][PASSED] - Text 'hello6666' is set on object 'Object Repository/AdminSuiteBootstrap_Pages/UM_Bootstrap/AddUser/input_ConfirmPassword'

2023-02-20 20:36:49 - [TEST_STEP][PASSED] - check(findTestObject(path_AddUser + "input_No_lock")): Object 'Object Repository/AdminSuiteBootstrap_Pages/UM_Bootstrap/AddUser/input_No_lock' is checked

2023-02-20 20:36:50 - [MESSAGE][PASSED] - Object 'Object Repository/AdminSuiteBootstrap_Pages/UM_Bootstrap/AddUser/input_No_lock' is checked

2023-02-20 20:36:50 - [TEST_STEP][PASSED] - click(findTestObject(path_AddUser + "button_Create")): Object: 'Object Repository/AdminSuiteBootstrap_Pages/UM_Bootstrap/AddUser/button_Create' is clicked on

2023-02-20 20:36:51 - [MESSAGE][PASSED] - Object: 'Object Repository/AdminSuiteBootstrap_Pages/UM_Bootstrap/AddUser/button_Create' is clicked on

2023-02-20 20:36:51 - [TEST_STEP][PASSED] - verifyTextPresent("Error! Please provide the following required information as indicated below", true): Text 'Error! Please provide the following required information as indicated below' is present on page  using regular expression

2023-02-20 20:36:51 - [MESSAGE][PASSED] - Text 'Error! Please provide the following required information as indicated below' is present on page  using regular expression

2023-02-20 20:36:51 - [TEST_STEP][PASSED] - verifyTextPresent("Username may only be comprised of alphanumeric characters, the underscore "_" character and period "."", true): Text 'Username may only be comprised of alphanumeric characters, the underscore "_" character and period "."' is present on page  using regular expression

2023-02-20 20:36:52 - [MESSAGE][PASSED] - Text 'Username may only be comprised of alphanumeric characters, the underscore "_" character and period "."' is present on page  using regular expression

2023-02-20 20:36:52 - [TEST_STEP][PASSED] - closeBrowser(): Browser is closed

2023-02-20 20:36:52 - [MESSAGE][PASSED] - Browser is closed]]></system-out>
         <system-err><![CDATA[]]></system-err>
      </testcase>
      <testcase name="Test Cases/Admin Suite Bootstrap/UM_TestCases/Users/FindUser" time="220.014" classname="Test Cases/Admin Suite Bootstrap/UM_TestCases/Users/FindUser" status="PASSED">
         <system-out><![CDATA[2023-02-20 20:36:52 - [TEST_CASE][PASSED] - Test Cases/Admin Suite Bootstrap/UM_TestCases/Users/FindUser: Test Cases/Admin Suite Bootstrap/UM_TestCases/Users/FindUser

2023-02-20 20:36:53 - [TEST_STEP][PASSED] - path_Dashboard = "Object Repository/AdminSuiteBootstrap_Pages/Dashboard_Bootstrap/": null

2023-02-20 20:36:53 - [TEST_STEP][PASSED] - path_Users = "Object Repository/AdminSuiteBootstrap_Pages/UM_Bootstrap/Users/": null

2023-02-20 20:36:53 - [TEST_STEP][PASSED] - path_UserView = "Object Repository/AdminSuiteBootstrap_Pages/UM_Bootstrap/UserView/": null

2023-02-20 20:36:53 - [TEST_STEP][PASSED] - executionProfile = getExecutionProfile(): null

2023-02-20 20:36:53 - [TEST_STEP][PASSED] - out.println("executionProfile : " + executionProfile): null

2023-02-20 20:36:53 - [TEST_STEP][PASSED] - appName = <not implemented yet for class: org.codehaus.groovy.ast.expr.EmptyExpression>: null

2023-02-20 20:36:53 - [TEST_STEP][PASSED] - appID = <not implemented yet for class: org.codehaus.groovy.ast.expr.EmptyExpression>: null

2023-02-20 20:36:53 - [TEST_STEP][PASSED] - cardNameV = <not implemented yet for class: org.codehaus.groovy.ast.expr.EmptyExpression>: null

2023-02-20 20:36:53 - [TEST_STEP][PASSED] - al1V = <not implemented yet for class: org.codehaus.groovy.ast.expr.EmptyExpression>: null

2023-02-20 20:36:53 - [TEST_STEP][PASSED] - al2V = <not implemented yet for class: org.codehaus.groovy.ast.expr.EmptyExpression>: null

2023-02-20 20:36:53 - [TEST_STEP][PASSED] - zipV = <not implemented yet for class: org.codehaus.groovy.ast.expr.EmptyExpression>: null

2023-02-20 20:36:53 - [TEST_STEP][PASSED] - cardTypeV = <not implemented yet for class: org.codehaus.groovy.ast.expr.EmptyExpression>: null

2023-02-20 20:36:53 - [TEST_STEP][PASSED] - nameSheet = "FindUser": null

2023-02-20 20:36:53 - [TEST_STEP][PASSED] - dataFile = "QA/Bootstrap/UM-TestData/FindUser": null

2023-02-20 20:36:53 - [TEST_STEP][PASSED] - numOfRows = findTestData("QA/Bootstrap/UM-TestData/FindUser").getRowNumbers(): null

2023-02-20 20:36:53 - [TEST_STEP][PASSED] - println("Number of Records: " + numOfRows): null

2023-02-20 20:36:53 - [TEST_STEP][PASSED] - for ([row = 1, row <= numOfRows, (row++)]): Browser is closed

2023-02-20 20:36:53 - [TEST_STEP][PASSED] - ExecuteTC = findTestData(dataFile).getValue("Execute", row): null

2023-02-20 20:36:53 - [TEST_STEP][PASSED] - out.println("Value of Execute is : " + ExecuteTC): null

2023-02-20 20:36:53 - [TEST_STEP][PASSED] - if (ExecuteTC.equalsIgnoreCase("Y")): Browser is closed

2023-02-20 20:36:53 - [TEST_STEP][PASSED] - out.println("Begin Record Number: " + row): null

2023-02-20 20:36:53 - [TEST_STEP][PASSED] - adminSuiteBootstrap.loginFunctionality.login_AdminSuite(): adminSuiteBootstrap.loginFunctionality.login_AdminSuite is PASSED

2023-02-20 20:36:53 - [MESSAGE][INFO] - Starting 'Chrome' driver

2023-02-20 20:36:53 - [MESSAGE][INFO] - User set preference: ['acceptInsecureCerts', 'true']

2023-02-20 20:36:53 - [MESSAGE][INFO] - Action delay is set to 0 milliseconds

2023-02-20 20:36:55 - [MESSAGE][PASSED] - Browser is opened with url: 'https://qa.velocitypayment.com/admin/imtiaz'

2023-02-20 20:36:56 - [MESSAGE][PASSED] - Current window maximized

2023-02-20 20:36:56 - [MESSAGE][PASSED] - Object 'Object Repository/Login_Page/Login_Username' is present

2023-02-20 20:36:57 - [MESSAGE][PASSED] - Text 'iahmed' is set on object 'Object Repository/Login_Page/Login_Username'

2023-02-20 20:36:57 - [MESSAGE][PASSED] - Text 'hello2222' is set on object 'Object Repository/Login_Page/Login_Password'

2023-02-20 20:37:00 - [MESSAGE][PASSED] - Object: 'Object Repository/Login_Page/Login_Submit' is clicked on

2023-02-20 20:37:00 - [MESSAGE][PASSED] - adminSuiteBootstrap.loginFunctionality.login_AdminSuite is PASSED

2023-02-20 20:37:00 - [TEST_STEP][PASSED] - click(findTestObject(path_Dashboard + "a_Access User Management")): Object: 'Object Repository/AdminSuiteBootstrap_Pages/Dashboard_Bootstrap/a_Access User Management' is clicked on

2023-02-20 20:37:01 - [MESSAGE][PASSED] - Object: 'Object Repository/AdminSuiteBootstrap_Pages/Dashboard_Bootstrap/a_Access User Management' is clicked on

2023-02-20 20:37:01 - [TEST_STEP][PASSED] - click(findTestObject(path_Users + "a_Find User")): Object: 'Object Repository/AdminSuiteBootstrap_Pages/UM_Bootstrap/Users/a_Find User' is clicked on

2023-02-20 20:37:02 - [MESSAGE][PASSED] - Object: 'Object Repository/AdminSuiteBootstrap_Pages/UM_Bootstrap/Users/a_Find User' is clicked on

2023-02-20 20:37:02 - [TEST_STEP][PASSED] - adminSuiteBootstrap.findUser.findUser_DD(row, dataFile): adminSuiteBootstrap.findUser.findUser_DD is PASSED

2023-02-20 20:37:02 - [MESSAGE][PASSED] - Text 'chragui' is set on object 'Object Repository/AdminSuiteBootstrap_Pages/UM_Bootstrap/FindUser/input_Username'

2023-02-20 20:37:03 - [MESSAGE][PASSED] - Text '' is set on object 'Object Repository/AdminSuiteBootstrap_Pages/UM_Bootstrap/FindUser/input_FirstName'

2023-02-20 20:37:04 - [MESSAGE][PASSED] - Text '' is set on object 'Object Repository/AdminSuiteBootstrap_Pages/UM_Bootstrap/FindUser/input_LastName'

2023-02-20 20:37:04 - [MESSAGE][PASSED] - All options with label 'Exact Match' are selected in object 'Object Repository/AdminSuiteBootstrap_Pages/UM_Bootstrap/FindUser/select_SearchType' 

2023-02-20 20:37:07 - [MESSAGE][PASSED] - Object: 'Object Repository/AdminSuiteBootstrap_Pages/UM_Bootstrap/FindUser/button_Search' is clicked on

2023-02-20 20:37:07 - [MESSAGE][PASSED] - adminSuiteBootstrap.findUser.findUser_DD is PASSED

2023-02-20 20:37:07 - [TEST_STEP][PASSED] - if (verifyElementPresent(findTestObject(path_UserView + "button_Modify"), 30)): null

2023-02-20 20:37:08 - [MESSAGE][PASSED] - Object 'Object Repository/AdminSuiteBootstrap_Pages/UM_Bootstrap/UserView/button_Modify' is present

2023-02-20 20:37:08 - [TEST_STEP][PASSED] - verifyTextPresent("Email Address", true): Text 'Email Address' is present on page  using regular expression

2023-02-20 20:37:08 - [MESSAGE][PASSED] - Text 'Email Address' is present on page  using regular expression

2023-02-20 20:37:08 - [TEST_STEP][PASSED] - verifyTextPresent("iahmed@govolution.com", true): Text 'iahmed@govolution.com' is present on page  using regular expression

2023-02-20 20:37:08 - [MESSAGE][PASSED] - Text 'iahmed@govolution.com' is present on page  using regular expression

2023-02-20 20:37:08 - [TEST_STEP][PASSED] - verifyTextPresent("Username", true): Text 'Username' is present on page  using regular expression

2023-02-20 20:37:09 - [MESSAGE][PASSED] - Text 'Username' is present on page  using regular expression

2023-02-20 20:37:09 - [TEST_STEP][PASSED] - verifyTextPresent("chragui", true): Text 'chragui' is present on page  using regular expression

2023-02-20 20:37:09 - [MESSAGE][PASSED] - Text 'chragui' is present on page  using regular expression

2023-02-20 20:37:09 - [TEST_STEP][PASSED] - verifyTextPresent("Account Status", true): Text 'Account Status' is present on page  using regular expression

2023-02-20 20:37:09 - [MESSAGE][PASSED] - Text 'Account Status' is present on page  using regular expression

2023-02-20 20:37:09 - [TEST_STEP][PASSED] - verifyTextPresent("Active", true): Text 'Active' is present on page  using regular expression

2023-02-20 20:37:10 - [MESSAGE][PASSED] - Text 'Active' is present on page  using regular expression

2023-02-20 20:37:10 - [TEST_STEP][PASSED] - verifyTextPresent("Christinado Aguillerezo", true): Text 'Christinado Aguillerezo' is present on page  using regular expression

2023-02-20 20:37:10 - [MESSAGE][PASSED] - Text 'Christinado Aguillerezo' is present on page  using regular expression

2023-02-20 20:37:10 - [TEST_STEP][PASSED] - pages.CustomLogger.log_Logger("User was found", "Pass"): pages.CustomLogger.log_Logger is PASSED

2023-02-20 20:37:10 - [MESSAGE][PASSED] - User was found

2023-02-20 20:37:10 - [MESSAGE][PASSED] - pages.CustomLogger.log_Logger is PASSED

2023-02-20 20:37:10 - [TEST_STEP][PASSED] - closeBrowser(): Browser is closed

2023-02-20 20:37:11 - [MESSAGE][PASSED] - Browser is closed

2023-02-20 20:37:11 - [TEST_STEP][PASSED] - ExecuteTC = findTestData(dataFile).getValue("Execute", row): null

2023-02-20 20:37:11 - [TEST_STEP][PASSED] - out.println("Value of Execute is : " + ExecuteTC): null

2023-02-20 20:37:11 - [TEST_STEP][PASSED] - if (ExecuteTC.equalsIgnoreCase("Y")): Browser is closed

2023-02-20 20:37:11 - [TEST_STEP][PASSED] - out.println("Begin Record Number: " + row): null

2023-02-20 20:37:11 - [TEST_STEP][PASSED] - adminSuiteBootstrap.loginFunctionality.login_AdminSuite(): adminSuiteBootstrap.loginFunctionality.login_AdminSuite is PASSED

2023-02-20 20:37:11 - [MESSAGE][INFO] - Starting 'Chrome' driver

2023-02-20 20:37:11 - [MESSAGE][INFO] - User set preference: ['acceptInsecureCerts', 'true']

2023-02-20 20:37:11 - [MESSAGE][INFO] - Action delay is set to 0 milliseconds

2023-02-20 20:37:13 - [MESSAGE][PASSED] - Browser is opened with url: 'https://qa.velocitypayment.com/admin/imtiaz'

2023-02-20 20:37:14 - [MESSAGE][PASSED] - Current window maximized

2023-02-20 20:37:14 - [MESSAGE][PASSED] - Object 'Object Repository/Login_Page/Login_Username' is present

2023-02-20 20:37:15 - [MESSAGE][PASSED] - Text 'iahmed' is set on object 'Object Repository/Login_Page/Login_Username'

2023-02-20 20:37:15 - [MESSAGE][PASSED] - Text 'hello2222' is set on object 'Object Repository/Login_Page/Login_Password'

2023-02-20 20:37:18 - [MESSAGE][PASSED] - Object: 'Object Repository/Login_Page/Login_Submit' is clicked on

2023-02-20 20:37:18 - [MESSAGE][PASSED] - adminSuiteBootstrap.loginFunctionality.login_AdminSuite is PASSED

2023-02-20 20:37:18 - [TEST_STEP][PASSED] - click(findTestObject(path_Dashboard + "a_Access User Management")): Object: 'Object Repository/AdminSuiteBootstrap_Pages/Dashboard_Bootstrap/a_Access User Management' is clicked on

2023-02-20 20:37:19 - [MESSAGE][PASSED] - Object: 'Object Repository/AdminSuiteBootstrap_Pages/Dashboard_Bootstrap/a_Access User Management' is clicked on

2023-02-20 20:37:19 - [TEST_STEP][PASSED] - click(findTestObject(path_Users + "a_Find User")): Object: 'Object Repository/AdminSuiteBootstrap_Pages/UM_Bootstrap/Users/a_Find User' is clicked on

2023-02-20 20:37:20 - [MESSAGE][PASSED] - Object: 'Object Repository/AdminSuiteBootstrap_Pages/UM_Bootstrap/Users/a_Find User' is clicked on

2023-02-20 20:37:20 - [TEST_STEP][PASSED] - adminSuiteBootstrap.findUser.findUser_DD(row, dataFile): adminSuiteBootstrap.findUser.findUser_DD is PASSED

2023-02-20 20:37:20 - [MESSAGE][PASSED] - Text 'chra' is set on object 'Object Repository/AdminSuiteBootstrap_Pages/UM_Bootstrap/FindUser/input_Username'

2023-02-20 20:37:21 - [MESSAGE][PASSED] - Text '' is set on object 'Object Repository/AdminSuiteBootstrap_Pages/UM_Bootstrap/FindUser/input_FirstName'

2023-02-20 20:37:22 - [MESSAGE][PASSED] - Text '' is set on object 'Object Repository/AdminSuiteBootstrap_Pages/UM_Bootstrap/FindUser/input_LastName'

2023-02-20 20:37:22 - [MESSAGE][PASSED] - All options with label 'Starts With' are selected in object 'Object Repository/AdminSuiteBootstrap_Pages/UM_Bootstrap/FindUser/select_SearchType' 

2023-02-20 20:37:25 - [MESSAGE][PASSED] - Object: 'Object Repository/AdminSuiteBootstrap_Pages/UM_Bootstrap/FindUser/button_Search' is clicked on

2023-02-20 20:37:25 - [MESSAGE][PASSED] - adminSuiteBootstrap.findUser.findUser_DD is PASSED

2023-02-20 20:37:25 - [TEST_STEP][PASSED] - if (verifyElementPresent(findTestObject(path_UserView + "button_Modify"), 30)): null

2023-02-20 20:37:26 - [MESSAGE][PASSED] - Object 'Object Repository/AdminSuiteBootstrap_Pages/UM_Bootstrap/UserView/button_Modify' is present

2023-02-20 20:37:26 - [TEST_STEP][PASSED] - verifyTextPresent("Email Address", true): Text 'Email Address' is present on page  using regular expression

2023-02-20 20:37:26 - [MESSAGE][PASSED] - Text 'Email Address' is present on page  using regular expression

2023-02-20 20:37:26 - [TEST_STEP][PASSED] - verifyTextPresent("iahmed@govolution.com", true): Text 'iahmed@govolution.com' is present on page  using regular expression

2023-02-20 20:37:26 - [MESSAGE][PASSED] - Text 'iahmed@govolution.com' is present on page  using regular expression

2023-02-20 20:37:26 - [TEST_STEP][PASSED] - verifyTextPresent("Username", true): Text 'Username' is present on page  using regular expression

2023-02-20 20:37:27 - [MESSAGE][PASSED] - Text 'Username' is present on page  using regular expression

2023-02-20 20:37:27 - [TEST_STEP][PASSED] - verifyTextPresent("chragui", true): Text 'chragui' is present on page  using regular expression

2023-02-20 20:37:27 - [MESSAGE][PASSED] - Text 'chragui' is present on page  using regular expression

2023-02-20 20:37:27 - [TEST_STEP][PASSED] - verifyTextPresent("Account Status", true): Text 'Account Status' is present on page  using regular expression

2023-02-20 20:37:27 - [MESSAGE][PASSED] - Text 'Account Status' is present on page  using regular expression

2023-02-20 20:37:27 - [TEST_STEP][PASSED] - verifyTextPresent("Active", true): Text 'Active' is present on page  using regular expression

2023-02-20 20:37:28 - [MESSAGE][PASSED] - Text 'Active' is present on page  using regular expression

2023-02-20 20:37:28 - [TEST_STEP][PASSED] - verifyTextPresent("Christinado Aguillerezo", true): Text 'Christinado Aguillerezo' is present on page  using regular expression

2023-02-20 20:37:28 - [MESSAGE][PASSED] - Text 'Christinado Aguillerezo' is present on page  using regular expression

2023-02-20 20:37:28 - [TEST_STEP][PASSED] - pages.CustomLogger.log_Logger("User was found", "Pass"): pages.CustomLogger.log_Logger is PASSED

2023-02-20 20:37:28 - [MESSAGE][PASSED] - User was found

2023-02-20 20:37:28 - [MESSAGE][PASSED] - pages.CustomLogger.log_Logger is PASSED

2023-02-20 20:37:28 - [TEST_STEP][PASSED] - closeBrowser(): Browser is closed

2023-02-20 20:37:29 - [MESSAGE][PASSED] - Browser is closed

2023-02-20 20:37:29 - [TEST_STEP][PASSED] - ExecuteTC = findTestData(dataFile).getValue("Execute", row): null

2023-02-20 20:37:29 - [TEST_STEP][PASSED] - out.println("Value of Execute is : " + ExecuteTC): null

2023-02-20 20:37:29 - [TEST_STEP][PASSED] - if (ExecuteTC.equalsIgnoreCase("Y")): Browser is closed

2023-02-20 20:37:29 - [TEST_STEP][PASSED] - out.println("Begin Record Number: " + row): null

2023-02-20 20:37:29 - [TEST_STEP][PASSED] - adminSuiteBootstrap.loginFunctionality.login_AdminSuite(): adminSuiteBootstrap.loginFunctionality.login_AdminSuite is PASSED

2023-02-20 20:37:29 - [MESSAGE][INFO] - Starting 'Chrome' driver

2023-02-20 20:37:29 - [MESSAGE][INFO] - User set preference: ['acceptInsecureCerts', 'true']

2023-02-20 20:37:29 - [MESSAGE][INFO] - Action delay is set to 0 milliseconds

2023-02-20 20:37:31 - [MESSAGE][PASSED] - Browser is opened with url: 'https://qa.velocitypayment.com/admin/imtiaz'

2023-02-20 20:37:32 - [MESSAGE][PASSED] - Current window maximized

2023-02-20 20:37:32 - [MESSAGE][PASSED] - Object 'Object Repository/Login_Page/Login_Username' is present

2023-02-20 20:37:33 - [MESSAGE][PASSED] - Text 'iahmed' is set on object 'Object Repository/Login_Page/Login_Username'

2023-02-20 20:37:33 - [MESSAGE][PASSED] - Text 'hello2222' is set on object 'Object Repository/Login_Page/Login_Password'

2023-02-20 20:37:36 - [MESSAGE][PASSED] - Object: 'Object Repository/Login_Page/Login_Submit' is clicked on

2023-02-20 20:37:36 - [MESSAGE][PASSED] - adminSuiteBootstrap.loginFunctionality.login_AdminSuite is PASSED

2023-02-20 20:37:36 - [TEST_STEP][PASSED] - click(findTestObject(path_Dashboard + "a_Access User Management")): Object: 'Object Repository/AdminSuiteBootstrap_Pages/Dashboard_Bootstrap/a_Access User Management' is clicked on

2023-02-20 20:37:37 - [MESSAGE][PASSED] - Object: 'Object Repository/AdminSuiteBootstrap_Pages/Dashboard_Bootstrap/a_Access User Management' is clicked on

2023-02-20 20:37:37 - [TEST_STEP][PASSED] - click(findTestObject(path_Users + "a_Find User")): Object: 'Object Repository/AdminSuiteBootstrap_Pages/UM_Bootstrap/Users/a_Find User' is clicked on

2023-02-20 20:37:38 - [MESSAGE][PASSED] - Object: 'Object Repository/AdminSuiteBootstrap_Pages/UM_Bootstrap/Users/a_Find User' is clicked on

2023-02-20 20:37:38 - [TEST_STEP][PASSED] - adminSuiteBootstrap.findUser.findUser_DD(row, dataFile): adminSuiteBootstrap.findUser.findUser_DD is PASSED

2023-02-20 20:37:39 - [MESSAGE][PASSED] - Text 'agui' is set on object 'Object Repository/AdminSuiteBootstrap_Pages/UM_Bootstrap/FindUser/input_Username'

2023-02-20 20:37:39 - [MESSAGE][PASSED] - Text '' is set on object 'Object Repository/AdminSuiteBootstrap_Pages/UM_Bootstrap/FindUser/input_FirstName'

2023-02-20 20:37:40 - [MESSAGE][PASSED] - Text '' is set on object 'Object Repository/AdminSuiteBootstrap_Pages/UM_Bootstrap/FindUser/input_LastName'

2023-02-20 20:37:40 - [MESSAGE][PASSED] - All options with label 'Ends With' are selected in object 'Object Repository/AdminSuiteBootstrap_Pages/UM_Bootstrap/FindUser/select_SearchType' 

2023-02-20 20:37:44 - [MESSAGE][PASSED] - Object: 'Object Repository/AdminSuiteBootstrap_Pages/UM_Bootstrap/FindUser/button_Search' is clicked on

2023-02-20 20:37:44 - [MESSAGE][PASSED] - adminSuiteBootstrap.findUser.findUser_DD is PASSED

2023-02-20 20:37:44 - [TEST_STEP][PASSED] - if (verifyElementPresent(findTestObject(path_UserView + "button_Modify"), 30)): null

2023-02-20 20:37:44 - [MESSAGE][PASSED] - Object 'Object Repository/AdminSuiteBootstrap_Pages/UM_Bootstrap/UserView/button_Modify' is present

2023-02-20 20:37:44 - [TEST_STEP][PASSED] - verifyTextPresent("Email Address", true): Text 'Email Address' is present on page  using regular expression

2023-02-20 20:37:45 - [MESSAGE][PASSED] - Text 'Email Address' is present on page  using regular expression

2023-02-20 20:37:45 - [TEST_STEP][PASSED] - verifyTextPresent("iahmed@govolution.com", true): Text 'iahmed@govolution.com' is present on page  using regular expression

2023-02-20 20:37:45 - [MESSAGE][PASSED] - Text 'iahmed@govolution.com' is present on page  using regular expression

2023-02-20 20:37:45 - [TEST_STEP][PASSED] - verifyTextPresent("Username", true): Text 'Username' is present on page  using regular expression

2023-02-20 20:37:45 - [MESSAGE][PASSED] - Text 'Username' is present on page  using regular expression

2023-02-20 20:37:45 - [TEST_STEP][PASSED] - verifyTextPresent("chragui", true): Text 'chragui' is present on page  using regular expression

2023-02-20 20:37:46 - [MESSAGE][PASSED] - Text 'chragui' is present on page  using regular expression

2023-02-20 20:37:46 - [TEST_STEP][PASSED] - verifyTextPresent("Account Status", true): Text 'Account Status' is present on page  using regular expression

2023-02-20 20:37:46 - [MESSAGE][PASSED] - Text 'Account Status' is present on page  using regular expression

2023-02-20 20:37:46 - [TEST_STEP][PASSED] - verifyTextPresent("Active", true): Text 'Active' is present on page  using regular expression

2023-02-20 20:37:46 - [MESSAGE][PASSED] - Text 'Active' is present on page  using regular expression

2023-02-20 20:37:46 - [TEST_STEP][PASSED] - verifyTextPresent("Christinado Aguillerezo", true): Text 'Christinado Aguillerezo' is present on page  using regular expression

2023-02-20 20:37:47 - [MESSAGE][PASSED] - Text 'Christinado Aguillerezo' is present on page  using regular expression

2023-02-20 20:37:47 - [TEST_STEP][PASSED] - pages.CustomLogger.log_Logger("User was found", "Pass"): pages.CustomLogger.log_Logger is PASSED

2023-02-20 20:37:47 - [MESSAGE][PASSED] - User was found

2023-02-20 20:37:47 - [MESSAGE][PASSED] - pages.CustomLogger.log_Logger is PASSED

2023-02-20 20:37:47 - [TEST_STEP][PASSED] - closeBrowser(): Browser is closed

2023-02-20 20:37:47 - [MESSAGE][PASSED] - Browser is closed

2023-02-20 20:37:47 - [TEST_STEP][PASSED] - ExecuteTC = findTestData(dataFile).getValue("Execute", row): null

2023-02-20 20:37:48 - [TEST_STEP][PASSED] - out.println("Value of Execute is : " + ExecuteTC): null

2023-02-20 20:37:48 - [TEST_STEP][PASSED] - if (ExecuteTC.equalsIgnoreCase("Y")): Browser is closed

2023-02-20 20:37:48 - [TEST_STEP][PASSED] - out.println("Begin Record Number: " + row): null

2023-02-20 20:37:48 - [TEST_STEP][PASSED] - adminSuiteBootstrap.loginFunctionality.login_AdminSuite(): adminSuiteBootstrap.loginFunctionality.login_AdminSuite is PASSED

2023-02-20 20:37:48 - [MESSAGE][INFO] - Starting 'Chrome' driver

2023-02-20 20:37:48 - [MESSAGE][INFO] - User set preference: ['acceptInsecureCerts', 'true']

2023-02-20 20:37:48 - [MESSAGE][INFO] - Action delay is set to 0 milliseconds

2023-02-20 20:37:50 - [MESSAGE][PASSED] - Browser is opened with url: 'https://qa.velocitypayment.com/admin/imtiaz'

2023-02-20 20:37:50 - [MESSAGE][PASSED] - Current window maximized

2023-02-20 20:37:50 - [MESSAGE][PASSED] - Object 'Object Repository/Login_Page/Login_Username' is present

2023-02-20 20:37:51 - [MESSAGE][PASSED] - Text 'iahmed' is set on object 'Object Repository/Login_Page/Login_Username'

2023-02-20 20:37:52 - [MESSAGE][PASSED] - Text 'hello2222' is set on object 'Object Repository/Login_Page/Login_Password'

2023-02-20 20:37:54 - [MESSAGE][PASSED] - Object: 'Object Repository/Login_Page/Login_Submit' is clicked on

2023-02-20 20:37:54 - [MESSAGE][PASSED] - adminSuiteBootstrap.loginFunctionality.login_AdminSuite is PASSED

2023-02-20 20:37:54 - [TEST_STEP][PASSED] - click(findTestObject(path_Dashboard + "a_Access User Management")): Object: 'Object Repository/AdminSuiteBootstrap_Pages/Dashboard_Bootstrap/a_Access User Management' is clicked on

2023-02-20 20:37:55 - [MESSAGE][PASSED] - Object: 'Object Repository/AdminSuiteBootstrap_Pages/Dashboard_Bootstrap/a_Access User Management' is clicked on

2023-02-20 20:37:55 - [TEST_STEP][PASSED] - click(findTestObject(path_Users + "a_Find User")): Object: 'Object Repository/AdminSuiteBootstrap_Pages/UM_Bootstrap/Users/a_Find User' is clicked on

2023-02-20 20:37:56 - [MESSAGE][PASSED] - Object: 'Object Repository/AdminSuiteBootstrap_Pages/UM_Bootstrap/Users/a_Find User' is clicked on

2023-02-20 20:37:56 - [TEST_STEP][PASSED] - adminSuiteBootstrap.findUser.findUser_DD(row, dataFile): adminSuiteBootstrap.findUser.findUser_DD is PASSED

2023-02-20 20:37:57 - [MESSAGE][PASSED] - Text 'hragu' is set on object 'Object Repository/AdminSuiteBootstrap_Pages/UM_Bootstrap/FindUser/input_Username'

2023-02-20 20:37:57 - [MESSAGE][PASSED] - Text '' is set on object 'Object Repository/AdminSuiteBootstrap_Pages/UM_Bootstrap/FindUser/input_FirstName'

2023-02-20 20:37:58 - [MESSAGE][PASSED] - Text '' is set on object 'Object Repository/AdminSuiteBootstrap_Pages/UM_Bootstrap/FindUser/input_LastName'

2023-02-20 20:37:59 - [MESSAGE][PASSED] - All options with label 'Contains' are selected in object 'Object Repository/AdminSuiteBootstrap_Pages/UM_Bootstrap/FindUser/select_SearchType' 

2023-02-20 20:38:02 - [MESSAGE][PASSED] - Object: 'Object Repository/AdminSuiteBootstrap_Pages/UM_Bootstrap/FindUser/button_Search' is clicked on

2023-02-20 20:38:02 - [MESSAGE][PASSED] - adminSuiteBootstrap.findUser.findUser_DD is PASSED

2023-02-20 20:38:02 - [TEST_STEP][PASSED] - if (verifyElementPresent(findTestObject(path_UserView + "button_Modify"), 30)): null

2023-02-20 20:38:03 - [MESSAGE][PASSED] - Object 'Object Repository/AdminSuiteBootstrap_Pages/UM_Bootstrap/UserView/button_Modify' is present

2023-02-20 20:38:03 - [TEST_STEP][PASSED] - verifyTextPresent("Email Address", true): Text 'Email Address' is present on page  using regular expression

2023-02-20 20:38:03 - [MESSAGE][PASSED] - Text 'Email Address' is present on page  using regular expression

2023-02-20 20:38:03 - [TEST_STEP][PASSED] - verifyTextPresent("iahmed@govolution.com", true): Text 'iahmed@govolution.com' is present on page  using regular expression

2023-02-20 20:38:03 - [MESSAGE][PASSED] - Text 'iahmed@govolution.com' is present on page  using regular expression

2023-02-20 20:38:03 - [TEST_STEP][PASSED] - verifyTextPresent("Username", true): Text 'Username' is present on page  using regular expression

2023-02-20 20:38:04 - [MESSAGE][PASSED] - Text 'Username' is present on page  using regular expression

2023-02-20 20:38:04 - [TEST_STEP][PASSED] - verifyTextPresent("chragui", true): Text 'chragui' is present on page  using regular expression

2023-02-20 20:38:04 - [MESSAGE][PASSED] - Text 'chragui' is present on page  using regular expression

2023-02-20 20:38:04 - [TEST_STEP][PASSED] - verifyTextPresent("Account Status", true): Text 'Account Status' is present on page  using regular expression

2023-02-20 20:38:04 - [MESSAGE][PASSED] - Text 'Account Status' is present on page  using regular expression

2023-02-20 20:38:04 - [TEST_STEP][PASSED] - verifyTextPresent("Active", true): Text 'Active' is present on page  using regular expression

2023-02-20 20:38:05 - [MESSAGE][PASSED] - Text 'Active' is present on page  using regular expression

2023-02-20 20:38:05 - [TEST_STEP][PASSED] - verifyTextPresent("Christinado Aguillerezo", true): Text 'Christinado Aguillerezo' is present on page  using regular expression

2023-02-20 20:38:05 - [MESSAGE][PASSED] - Text 'Christinado Aguillerezo' is present on page  using regular expression

2023-02-20 20:38:05 - [TEST_STEP][PASSED] - pages.CustomLogger.log_Logger("User was found", "Pass"): pages.CustomLogger.log_Logger is PASSED

2023-02-20 20:38:05 - [MESSAGE][PASSED] - User was found

2023-02-20 20:38:05 - [MESSAGE][PASSED] - pages.CustomLogger.log_Logger is PASSED

2023-02-20 20:38:05 - [TEST_STEP][PASSED] - closeBrowser(): Browser is closed

2023-02-20 20:38:06 - [MESSAGE][PASSED] - Browser is closed

2023-02-20 20:38:06 - [TEST_STEP][PASSED] - ExecuteTC = findTestData(dataFile).getValue("Execute", row): null

2023-02-20 20:38:06 - [TEST_STEP][PASSED] - out.println("Value of Execute is : " + ExecuteTC): null

2023-02-20 20:38:06 - [TEST_STEP][PASSED] - if (ExecuteTC.equalsIgnoreCase("Y")): Browser is closed

2023-02-20 20:38:06 - [TEST_STEP][PASSED] - out.println("Begin Record Number: " + row): null

2023-02-20 20:38:06 - [TEST_STEP][PASSED] - adminSuiteBootstrap.loginFunctionality.login_AdminSuite(): adminSuiteBootstrap.loginFunctionality.login_AdminSuite is PASSED

2023-02-20 20:38:06 - [MESSAGE][INFO] - Starting 'Chrome' driver

2023-02-20 20:38:06 - [MESSAGE][INFO] - User set preference: ['acceptInsecureCerts', 'true']

2023-02-20 20:38:06 - [MESSAGE][INFO] - Action delay is set to 0 milliseconds

2023-02-20 20:38:08 - [MESSAGE][PASSED] - Browser is opened with url: 'https://qa.velocitypayment.com/admin/imtiaz'

2023-02-20 20:38:08 - [MESSAGE][PASSED] - Current window maximized

2023-02-20 20:38:09 - [MESSAGE][PASSED] - Object 'Object Repository/Login_Page/Login_Username' is present

2023-02-20 20:38:10 - [MESSAGE][PASSED] - Text 'iahmed' is set on object 'Object Repository/Login_Page/Login_Username'

2023-02-20 20:38:10 - [MESSAGE][PASSED] - Text 'hello2222' is set on object 'Object Repository/Login_Page/Login_Password'

2023-02-20 20:38:13 - [MESSAGE][PASSED] - Object: 'Object Repository/Login_Page/Login_Submit' is clicked on

2023-02-20 20:38:13 - [MESSAGE][PASSED] - adminSuiteBootstrap.loginFunctionality.login_AdminSuite is PASSED

2023-02-20 20:38:13 - [TEST_STEP][PASSED] - click(findTestObject(path_Dashboard + "a_Access User Management")): Object: 'Object Repository/AdminSuiteBootstrap_Pages/Dashboard_Bootstrap/a_Access User Management' is clicked on

2023-02-20 20:38:14 - [MESSAGE][PASSED] - Object: 'Object Repository/AdminSuiteBootstrap_Pages/Dashboard_Bootstrap/a_Access User Management' is clicked on

2023-02-20 20:38:14 - [TEST_STEP][PASSED] - click(findTestObject(path_Users + "a_Find User")): Object: 'Object Repository/AdminSuiteBootstrap_Pages/UM_Bootstrap/Users/a_Find User' is clicked on

2023-02-20 20:38:15 - [MESSAGE][PASSED] - Object: 'Object Repository/AdminSuiteBootstrap_Pages/UM_Bootstrap/Users/a_Find User' is clicked on

2023-02-20 20:38:15 - [TEST_STEP][PASSED] - adminSuiteBootstrap.findUser.findUser_DD(row, dataFile): adminSuiteBootstrap.findUser.findUser_DD is PASSED

2023-02-20 20:38:16 - [MESSAGE][PASSED] - Text '' is set on object 'Object Repository/AdminSuiteBootstrap_Pages/UM_Bootstrap/FindUser/input_Username'

2023-02-20 20:38:16 - [MESSAGE][PASSED] - Text 'Christinado' is set on object 'Object Repository/AdminSuiteBootstrap_Pages/UM_Bootstrap/FindUser/input_FirstName'

2023-02-20 20:38:17 - [MESSAGE][PASSED] - Text '' is set on object 'Object Repository/AdminSuiteBootstrap_Pages/UM_Bootstrap/FindUser/input_LastName'

2023-02-20 20:38:17 - [MESSAGE][PASSED] - All options with label 'Exact Match' are selected in object 'Object Repository/AdminSuiteBootstrap_Pages/UM_Bootstrap/FindUser/select_SearchType' 

2023-02-20 20:38:20 - [MESSAGE][PASSED] - Object: 'Object Repository/AdminSuiteBootstrap_Pages/UM_Bootstrap/FindUser/button_Search' is clicked on

2023-02-20 20:38:20 - [MESSAGE][PASSED] - adminSuiteBootstrap.findUser.findUser_DD is PASSED

2023-02-20 20:38:20 - [TEST_STEP][PASSED] - if (verifyElementPresent(findTestObject(path_UserView + "button_Modify"), 30)): null

2023-02-20 20:38:21 - [MESSAGE][PASSED] - Object 'Object Repository/AdminSuiteBootstrap_Pages/UM_Bootstrap/UserView/button_Modify' is present

2023-02-20 20:38:21 - [TEST_STEP][PASSED] - verifyTextPresent("Email Address", true): Text 'Email Address' is present on page  using regular expression

2023-02-20 20:38:21 - [MESSAGE][PASSED] - Text 'Email Address' is present on page  using regular expression

2023-02-20 20:38:21 - [TEST_STEP][PASSED] - verifyTextPresent("iahmed@govolution.com", true): Text 'iahmed@govolution.com' is present on page  using regular expression

2023-02-20 20:38:21 - [MESSAGE][PASSED] - Text 'iahmed@govolution.com' is present on page  using regular expression

2023-02-20 20:38:21 - [TEST_STEP][PASSED] - verifyTextPresent("Username", true): Text 'Username' is present on page  using regular expression

2023-02-20 20:38:22 - [MESSAGE][PASSED] - Text 'Username' is present on page  using regular expression

2023-02-20 20:38:22 - [TEST_STEP][PASSED] - verifyTextPresent("chragui", true): Text 'chragui' is present on page  using regular expression

2023-02-20 20:38:22 - [MESSAGE][PASSED] - Text 'chragui' is present on page  using regular expression

2023-02-20 20:38:22 - [TEST_STEP][PASSED] - verifyTextPresent("Account Status", true): Text 'Account Status' is present on page  using regular expression

2023-02-20 20:38:23 - [MESSAGE][PASSED] - Text 'Account Status' is present on page  using regular expression

2023-02-20 20:38:23 - [TEST_STEP][PASSED] - verifyTextPresent("Active", true): Text 'Active' is present on page  using regular expression

2023-02-20 20:38:23 - [MESSAGE][PASSED] - Text 'Active' is present on page  using regular expression

2023-02-20 20:38:23 - [TEST_STEP][PASSED] - verifyTextPresent("Christinado Aguillerezo", true): Text 'Christinado Aguillerezo' is present on page  using regular expression

2023-02-20 20:38:23 - [MESSAGE][PASSED] - Text 'Christinado Aguillerezo' is present on page  using regular expression

2023-02-20 20:38:23 - [TEST_STEP][PASSED] - pages.CustomLogger.log_Logger("User was found", "Pass"): pages.CustomLogger.log_Logger is PASSED

2023-02-20 20:38:23 - [MESSAGE][PASSED] - User was found

2023-02-20 20:38:23 - [MESSAGE][PASSED] - pages.CustomLogger.log_Logger is PASSED

2023-02-20 20:38:23 - [TEST_STEP][PASSED] - closeBrowser(): Browser is closed

2023-02-20 20:38:24 - [MESSAGE][PASSED] - Browser is closed

2023-02-20 20:38:24 - [TEST_STEP][PASSED] - ExecuteTC = findTestData(dataFile).getValue("Execute", row): null

2023-02-20 20:38:24 - [TEST_STEP][PASSED] - out.println("Value of Execute is : " + ExecuteTC): null

2023-02-20 20:38:24 - [TEST_STEP][PASSED] - if (ExecuteTC.equalsIgnoreCase("Y")): Browser is closed

2023-02-20 20:38:24 - [TEST_STEP][PASSED] - out.println("Begin Record Number: " + row): null

2023-02-20 20:38:24 - [TEST_STEP][PASSED] - adminSuiteBootstrap.loginFunctionality.login_AdminSuite(): adminSuiteBootstrap.loginFunctionality.login_AdminSuite is PASSED

2023-02-20 20:38:24 - [MESSAGE][INFO] - Starting 'Chrome' driver

2023-02-20 20:38:24 - [MESSAGE][INFO] - User set preference: ['acceptInsecureCerts', 'true']

2023-02-20 20:38:24 - [MESSAGE][INFO] - Action delay is set to 0 milliseconds

2023-02-20 20:38:27 - [MESSAGE][PASSED] - Browser is opened with url: 'https://qa.velocitypayment.com/admin/imtiaz'

2023-02-20 20:38:27 - [MESSAGE][PASSED] - Current window maximized

2023-02-20 20:38:27 - [MESSAGE][PASSED] - Object 'Object Repository/Login_Page/Login_Username' is present

2023-02-20 20:38:28 - [MESSAGE][PASSED] - Text 'iahmed' is set on object 'Object Repository/Login_Page/Login_Username'

2023-02-20 20:38:28 - [MESSAGE][PASSED] - Text 'hello2222' is set on object 'Object Repository/Login_Page/Login_Password'

2023-02-20 20:38:31 - [MESSAGE][PASSED] - Object: 'Object Repository/Login_Page/Login_Submit' is clicked on

2023-02-20 20:38:31 - [MESSAGE][PASSED] - adminSuiteBootstrap.loginFunctionality.login_AdminSuite is PASSED

2023-02-20 20:38:31 - [TEST_STEP][PASSED] - click(findTestObject(path_Dashboard + "a_Access User Management")): Object: 'Object Repository/AdminSuiteBootstrap_Pages/Dashboard_Bootstrap/a_Access User Management' is clicked on

2023-02-20 20:38:32 - [MESSAGE][PASSED] - Object: 'Object Repository/AdminSuiteBootstrap_Pages/Dashboard_Bootstrap/a_Access User Management' is clicked on

2023-02-20 20:38:32 - [TEST_STEP][PASSED] - click(findTestObject(path_Users + "a_Find User")): Object: 'Object Repository/AdminSuiteBootstrap_Pages/UM_Bootstrap/Users/a_Find User' is clicked on

2023-02-20 20:38:33 - [MESSAGE][PASSED] - Object: 'Object Repository/AdminSuiteBootstrap_Pages/UM_Bootstrap/Users/a_Find User' is clicked on

2023-02-20 20:38:33 - [TEST_STEP][PASSED] - adminSuiteBootstrap.findUser.findUser_DD(row, dataFile): adminSuiteBootstrap.findUser.findUser_DD is PASSED

2023-02-20 20:38:34 - [MESSAGE][PASSED] - Text '' is set on object 'Object Repository/AdminSuiteBootstrap_Pages/UM_Bootstrap/FindUser/input_Username'

2023-02-20 20:38:34 - [MESSAGE][PASSED] - Text 'Christin' is set on object 'Object Repository/AdminSuiteBootstrap_Pages/UM_Bootstrap/FindUser/input_FirstName'

2023-02-20 20:38:35 - [MESSAGE][PASSED] - Text '' is set on object 'Object Repository/AdminSuiteBootstrap_Pages/UM_Bootstrap/FindUser/input_LastName'

2023-02-20 20:38:35 - [MESSAGE][PASSED] - All options with label 'Starts With' are selected in object 'Object Repository/AdminSuiteBootstrap_Pages/UM_Bootstrap/FindUser/select_SearchType' 

2023-02-20 20:38:38 - [MESSAGE][PASSED] - Object: 'Object Repository/AdminSuiteBootstrap_Pages/UM_Bootstrap/FindUser/button_Search' is clicked on

2023-02-20 20:38:38 - [MESSAGE][PASSED] - adminSuiteBootstrap.findUser.findUser_DD is PASSED

2023-02-20 20:38:38 - [TEST_STEP][PASSED] - if (verifyElementPresent(findTestObject(path_UserView + "button_Modify"), 30)): null

2023-02-20 20:38:39 - [MESSAGE][PASSED] - Object 'Object Repository/AdminSuiteBootstrap_Pages/UM_Bootstrap/UserView/button_Modify' is present

2023-02-20 20:38:39 - [TEST_STEP][PASSED] - verifyTextPresent("Email Address", true): Text 'Email Address' is present on page  using regular expression

2023-02-20 20:38:39 - [MESSAGE][PASSED] - Text 'Email Address' is present on page  using regular expression

2023-02-20 20:38:39 - [TEST_STEP][PASSED] - verifyTextPresent("iahmed@govolution.com", true): Text 'iahmed@govolution.com' is present on page  using regular expression

2023-02-20 20:38:39 - [MESSAGE][PASSED] - Text 'iahmed@govolution.com' is present on page  using regular expression

2023-02-20 20:38:39 - [TEST_STEP][PASSED] - verifyTextPresent("Username", true): Text 'Username' is present on page  using regular expression

2023-02-20 20:38:40 - [MESSAGE][PASSED] - Text 'Username' is present on page  using regular expression

2023-02-20 20:38:40 - [TEST_STEP][PASSED] - verifyTextPresent("chragui", true): Text 'chragui' is present on page  using regular expression

2023-02-20 20:38:40 - [MESSAGE][PASSED] - Text 'chragui' is present on page  using regular expression

2023-02-20 20:38:40 - [TEST_STEP][PASSED] - verifyTextPresent("Account Status", true): Text 'Account Status' is present on page  using regular expression

2023-02-20 20:38:40 - [MESSAGE][PASSED] - Text 'Account Status' is present on page  using regular expression

2023-02-20 20:38:40 - [TEST_STEP][PASSED] - verifyTextPresent("Active", true): Text 'Active' is present on page  using regular expression

2023-02-20 20:38:41 - [MESSAGE][PASSED] - Text 'Active' is present on page  using regular expression

2023-02-20 20:38:41 - [TEST_STEP][PASSED] - verifyTextPresent("Christinado Aguillerezo", true): Text 'Christinado Aguillerezo' is present on page  using regular expression

2023-02-20 20:38:41 - [MESSAGE][PASSED] - Text 'Christinado Aguillerezo' is present on page  using regular expression

2023-02-20 20:38:41 - [TEST_STEP][PASSED] - pages.CustomLogger.log_Logger("User was found", "Pass"): pages.CustomLogger.log_Logger is PASSED

2023-02-20 20:38:41 - [MESSAGE][PASSED] - User was found

2023-02-20 20:38:41 - [MESSAGE][PASSED] - pages.CustomLogger.log_Logger is PASSED

2023-02-20 20:38:41 - [TEST_STEP][PASSED] - closeBrowser(): Browser is closed

2023-02-20 20:38:42 - [MESSAGE][PASSED] - Browser is closed

2023-02-20 20:38:42 - [TEST_STEP][PASSED] - ExecuteTC = findTestData(dataFile).getValue("Execute", row): null

2023-02-20 20:38:42 - [TEST_STEP][PASSED] - out.println("Value of Execute is : " + ExecuteTC): null

2023-02-20 20:38:42 - [TEST_STEP][PASSED] - if (ExecuteTC.equalsIgnoreCase("Y")): Browser is closed

2023-02-20 20:38:42 - [TEST_STEP][PASSED] - out.println("Begin Record Number: " + row): null

2023-02-20 20:38:42 - [TEST_STEP][PASSED] - adminSuiteBootstrap.loginFunctionality.login_AdminSuite(): adminSuiteBootstrap.loginFunctionality.login_AdminSuite is PASSED

2023-02-20 20:38:42 - [MESSAGE][INFO] - Starting 'Chrome' driver

2023-02-20 20:38:42 - [MESSAGE][INFO] - User set preference: ['acceptInsecureCerts', 'true']

2023-02-20 20:38:42 - [MESSAGE][INFO] - Action delay is set to 0 milliseconds

2023-02-20 20:38:44 - [MESSAGE][PASSED] - Browser is opened with url: 'https://qa.velocitypayment.com/admin/imtiaz'

2023-02-20 20:38:45 - [MESSAGE][PASSED] - Current window maximized

2023-02-20 20:38:45 - [MESSAGE][PASSED] - Object 'Object Repository/Login_Page/Login_Username' is present

2023-02-20 20:38:46 - [MESSAGE][PASSED] - Text 'iahmed' is set on object 'Object Repository/Login_Page/Login_Username'

2023-02-20 20:38:46 - [MESSAGE][PASSED] - Text 'hello2222' is set on object 'Object Repository/Login_Page/Login_Password'

2023-02-20 20:38:49 - [MESSAGE][PASSED] - Object: 'Object Repository/Login_Page/Login_Submit' is clicked on

2023-02-20 20:38:49 - [MESSAGE][PASSED] - adminSuiteBootstrap.loginFunctionality.login_AdminSuite is PASSED

2023-02-20 20:38:49 - [TEST_STEP][PASSED] - click(findTestObject(path_Dashboard + "a_Access User Management")): Object: 'Object Repository/AdminSuiteBootstrap_Pages/Dashboard_Bootstrap/a_Access User Management' is clicked on

2023-02-20 20:38:50 - [MESSAGE][PASSED] - Object: 'Object Repository/AdminSuiteBootstrap_Pages/Dashboard_Bootstrap/a_Access User Management' is clicked on

2023-02-20 20:38:50 - [TEST_STEP][PASSED] - click(findTestObject(path_Users + "a_Find User")): Object: 'Object Repository/AdminSuiteBootstrap_Pages/UM_Bootstrap/Users/a_Find User' is clicked on

2023-02-20 20:38:51 - [MESSAGE][PASSED] - Object: 'Object Repository/AdminSuiteBootstrap_Pages/UM_Bootstrap/Users/a_Find User' is clicked on

2023-02-20 20:38:51 - [TEST_STEP][PASSED] - adminSuiteBootstrap.findUser.findUser_DD(row, dataFile): adminSuiteBootstrap.findUser.findUser_DD is PASSED

2023-02-20 20:38:52 - [MESSAGE][PASSED] - Text '' is set on object 'Object Repository/AdminSuiteBootstrap_Pages/UM_Bootstrap/FindUser/input_Username'

2023-02-20 20:38:52 - [MESSAGE][PASSED] - Text 'ristinado' is set on object 'Object Repository/AdminSuiteBootstrap_Pages/UM_Bootstrap/FindUser/input_FirstName'

2023-02-20 20:38:53 - [MESSAGE][PASSED] - Text '' is set on object 'Object Repository/AdminSuiteBootstrap_Pages/UM_Bootstrap/FindUser/input_LastName'

2023-02-20 20:38:54 - [MESSAGE][PASSED] - All options with label 'Ends With' are selected in object 'Object Repository/AdminSuiteBootstrap_Pages/UM_Bootstrap/FindUser/select_SearchType' 

2023-02-20 20:38:57 - [MESSAGE][PASSED] - Object: 'Object Repository/AdminSuiteBootstrap_Pages/UM_Bootstrap/FindUser/button_Search' is clicked on

2023-02-20 20:38:57 - [MESSAGE][PASSED] - adminSuiteBootstrap.findUser.findUser_DD is PASSED

2023-02-20 20:38:57 - [TEST_STEP][PASSED] - if (verifyElementPresent(findTestObject(path_UserView + "button_Modify"), 30)): null

2023-02-20 20:38:57 - [MESSAGE][PASSED] - Object 'Object Repository/AdminSuiteBootstrap_Pages/UM_Bootstrap/UserView/button_Modify' is present

2023-02-20 20:38:57 - [TEST_STEP][PASSED] - verifyTextPresent("Email Address", true): Text 'Email Address' is present on page  using regular expression

2023-02-20 20:38:58 - [MESSAGE][PASSED] - Text 'Email Address' is present on page  using regular expression

2023-02-20 20:38:58 - [TEST_STEP][PASSED] - verifyTextPresent("iahmed@govolution.com", true): Text 'iahmed@govolution.com' is present on page  using regular expression

2023-02-20 20:38:58 - [MESSAGE][PASSED] - Text 'iahmed@govolution.com' is present on page  using regular expression

2023-02-20 20:38:58 - [TEST_STEP][PASSED] - verifyTextPresent("Username", true): Text 'Username' is present on page  using regular expression

2023-02-20 20:38:58 - [MESSAGE][PASSED] - Text 'Username' is present on page  using regular expression

2023-02-20 20:38:58 - [TEST_STEP][PASSED] - verifyTextPresent("chragui", true): Text 'chragui' is present on page  using regular expression

2023-02-20 20:38:59 - [MESSAGE][PASSED] - Text 'chragui' is present on page  using regular expression

2023-02-20 20:38:59 - [TEST_STEP][PASSED] - verifyTextPresent("Account Status", true): Text 'Account Status' is present on page  using regular expression

2023-02-20 20:38:59 - [MESSAGE][PASSED] - Text 'Account Status' is present on page  using regular expression

2023-02-20 20:38:59 - [TEST_STEP][PASSED] - verifyTextPresent("Active", true): Text 'Active' is present on page  using regular expression

2023-02-20 20:38:59 - [MESSAGE][PASSED] - Text 'Active' is present on page  using regular expression

2023-02-20 20:38:59 - [TEST_STEP][PASSED] - verifyTextPresent("Christinado Aguillerezo", true): Text 'Christinado Aguillerezo' is present on page  using regular expression

2023-02-20 20:39:00 - [MESSAGE][PASSED] - Text 'Christinado Aguillerezo' is present on page  using regular expression

2023-02-20 20:39:00 - [TEST_STEP][PASSED] - pages.CustomLogger.log_Logger("User was found", "Pass"): pages.CustomLogger.log_Logger is PASSED

2023-02-20 20:39:00 - [MESSAGE][PASSED] - User was found

2023-02-20 20:39:00 - [MESSAGE][PASSED] - pages.CustomLogger.log_Logger is PASSED

2023-02-20 20:39:00 - [TEST_STEP][PASSED] - closeBrowser(): Browser is closed

2023-02-20 20:39:01 - [MESSAGE][PASSED] - Browser is closed

2023-02-20 20:39:01 - [TEST_STEP][PASSED] - ExecuteTC = findTestData(dataFile).getValue("Execute", row): null

2023-02-20 20:39:01 - [TEST_STEP][PASSED] - out.println("Value of Execute is : " + ExecuteTC): null

2023-02-20 20:39:01 - [TEST_STEP][PASSED] - if (ExecuteTC.equalsIgnoreCase("Y")): Browser is closed

2023-02-20 20:39:01 - [TEST_STEP][PASSED] - out.println("Begin Record Number: " + row): null

2023-02-20 20:39:01 - [TEST_STEP][PASSED] - adminSuiteBootstrap.loginFunctionality.login_AdminSuite(): adminSuiteBootstrap.loginFunctionality.login_AdminSuite is PASSED

2023-02-20 20:39:01 - [MESSAGE][INFO] - Starting 'Chrome' driver

2023-02-20 20:39:01 - [MESSAGE][INFO] - User set preference: ['acceptInsecureCerts', 'true']

2023-02-20 20:39:01 - [MESSAGE][INFO] - Action delay is set to 0 milliseconds

2023-02-20 20:39:03 - [MESSAGE][PASSED] - Browser is opened with url: 'https://qa.velocitypayment.com/admin/imtiaz'

2023-02-20 20:39:03 - [MESSAGE][PASSED] - Current window maximized

2023-02-20 20:39:03 - [MESSAGE][PASSED] - Object 'Object Repository/Login_Page/Login_Username' is present

2023-02-20 20:39:04 - [MESSAGE][PASSED] - Text 'iahmed' is set on object 'Object Repository/Login_Page/Login_Username'

2023-02-20 20:39:05 - [MESSAGE][PASSED] - Text 'hello2222' is set on object 'Object Repository/Login_Page/Login_Password'

2023-02-20 20:39:08 - [MESSAGE][PASSED] - Object: 'Object Repository/Login_Page/Login_Submit' is clicked on

2023-02-20 20:39:08 - [MESSAGE][PASSED] - adminSuiteBootstrap.loginFunctionality.login_AdminSuite is PASSED

2023-02-20 20:39:08 - [TEST_STEP][PASSED] - click(findTestObject(path_Dashboard + "a_Access User Management")): Object: 'Object Repository/AdminSuiteBootstrap_Pages/Dashboard_Bootstrap/a_Access User Management' is clicked on

2023-02-20 20:39:09 - [MESSAGE][PASSED] - Object: 'Object Repository/AdminSuiteBootstrap_Pages/Dashboard_Bootstrap/a_Access User Management' is clicked on

2023-02-20 20:39:09 - [TEST_STEP][PASSED] - click(findTestObject(path_Users + "a_Find User")): Object: 'Object Repository/AdminSuiteBootstrap_Pages/UM_Bootstrap/Users/a_Find User' is clicked on

2023-02-20 20:39:09 - [MESSAGE][PASSED] - Object: 'Object Repository/AdminSuiteBootstrap_Pages/UM_Bootstrap/Users/a_Find User' is clicked on

2023-02-20 20:39:09 - [TEST_STEP][PASSED] - adminSuiteBootstrap.findUser.findUser_DD(row, dataFile): adminSuiteBootstrap.findUser.findUser_DD is PASSED

2023-02-20 20:39:10 - [MESSAGE][PASSED] - Text '' is set on object 'Object Repository/AdminSuiteBootstrap_Pages/UM_Bootstrap/FindUser/input_Username'

2023-02-20 20:39:11 - [MESSAGE][PASSED] - Text 'hristina' is set on object 'Object Repository/AdminSuiteBootstrap_Pages/UM_Bootstrap/FindUser/input_FirstName'

2023-02-20 20:39:11 - [MESSAGE][PASSED] - Text '' is set on object 'Object Repository/AdminSuiteBootstrap_Pages/UM_Bootstrap/FindUser/input_LastName'

2023-02-20 20:39:12 - [MESSAGE][PASSED] - All options with label 'Contains' are selected in object 'Object Repository/AdminSuiteBootstrap_Pages/UM_Bootstrap/FindUser/select_SearchType' 

2023-02-20 20:39:15 - [MESSAGE][PASSED] - Object: 'Object Repository/AdminSuiteBootstrap_Pages/UM_Bootstrap/FindUser/button_Search' is clicked on

2023-02-20 20:39:15 - [MESSAGE][PASSED] - adminSuiteBootstrap.findUser.findUser_DD is PASSED

2023-02-20 20:39:15 - [TEST_STEP][PASSED] - if (verifyElementPresent(findTestObject(path_UserView + "button_Modify"), 30)): null

2023-02-20 20:39:15 - [MESSAGE][PASSED] - Object 'Object Repository/AdminSuiteBootstrap_Pages/UM_Bootstrap/UserView/button_Modify' is present

2023-02-20 20:39:15 - [TEST_STEP][PASSED] - verifyTextPresent("Email Address", true): Text 'Email Address' is present on page  using regular expression

2023-02-20 20:39:16 - [MESSAGE][PASSED] - Text 'Email Address' is present on page  using regular expression

2023-02-20 20:39:16 - [TEST_STEP][PASSED] - verifyTextPresent("iahmed@govolution.com", true): Text 'iahmed@govolution.com' is present on page  using regular expression

2023-02-20 20:39:16 - [MESSAGE][PASSED] - Text 'iahmed@govolution.com' is present on page  using regular expression

2023-02-20 20:39:16 - [TEST_STEP][PASSED] - verifyTextPresent("Username", true): Text 'Username' is present on page  using regular expression

2023-02-20 20:39:16 - [MESSAGE][PASSED] - Text 'Username' is present on page  using regular expression

2023-02-20 20:39:16 - [TEST_STEP][PASSED] - verifyTextPresent("chragui", true): Text 'chragui' is present on page  using regular expression

2023-02-20 20:39:17 - [MESSAGE][PASSED] - Text 'chragui' is present on page  using regular expression

2023-02-20 20:39:17 - [TEST_STEP][PASSED] - verifyTextPresent("Account Status", true): Text 'Account Status' is present on page  using regular expression

2023-02-20 20:39:17 - [MESSAGE][PASSED] - Text 'Account Status' is present on page  using regular expression

2023-02-20 20:39:17 - [TEST_STEP][PASSED] - verifyTextPresent("Active", true): Text 'Active' is present on page  using regular expression

2023-02-20 20:39:17 - [MESSAGE][PASSED] - Text 'Active' is present on page  using regular expression

2023-02-20 20:39:17 - [TEST_STEP][PASSED] - verifyTextPresent("Christinado Aguillerezo", true): Text 'Christinado Aguillerezo' is present on page  using regular expression

2023-02-20 20:39:18 - [MESSAGE][PASSED] - Text 'Christinado Aguillerezo' is present on page  using regular expression

2023-02-20 20:39:18 - [TEST_STEP][PASSED] - pages.CustomLogger.log_Logger("User was found", "Pass"): pages.CustomLogger.log_Logger is PASSED

2023-02-20 20:39:18 - [MESSAGE][PASSED] - User was found

2023-02-20 20:39:18 - [MESSAGE][PASSED] - pages.CustomLogger.log_Logger is PASSED

2023-02-20 20:39:18 - [TEST_STEP][PASSED] - closeBrowser(): Browser is closed

2023-02-20 20:39:19 - [MESSAGE][PASSED] - Browser is closed

2023-02-20 20:39:19 - [TEST_STEP][PASSED] - ExecuteTC = findTestData(dataFile).getValue("Execute", row): null

2023-02-20 20:39:19 - [TEST_STEP][PASSED] - out.println("Value of Execute is : " + ExecuteTC): null

2023-02-20 20:39:19 - [TEST_STEP][PASSED] - if (ExecuteTC.equalsIgnoreCase("Y")): Browser is closed

2023-02-20 20:39:19 - [TEST_STEP][PASSED] - out.println("Begin Record Number: " + row): null

2023-02-20 20:39:19 - [TEST_STEP][PASSED] - adminSuiteBootstrap.loginFunctionality.login_AdminSuite(): adminSuiteBootstrap.loginFunctionality.login_AdminSuite is PASSED

2023-02-20 20:39:19 - [MESSAGE][INFO] - Starting 'Chrome' driver

2023-02-20 20:39:19 - [MESSAGE][INFO] - User set preference: ['acceptInsecureCerts', 'true']

2023-02-20 20:39:19 - [MESSAGE][INFO] - Action delay is set to 0 milliseconds

2023-02-20 20:39:21 - [MESSAGE][PASSED] - Browser is opened with url: 'https://qa.velocitypayment.com/admin/imtiaz'

2023-02-20 20:39:21 - [MESSAGE][PASSED] - Current window maximized

2023-02-20 20:39:22 - [MESSAGE][PASSED] - Object 'Object Repository/Login_Page/Login_Username' is present

2023-02-20 20:39:22 - [MESSAGE][PASSED] - Text 'iahmed' is set on object 'Object Repository/Login_Page/Login_Username'

2023-02-20 20:39:23 - [MESSAGE][PASSED] - Text 'hello2222' is set on object 'Object Repository/Login_Page/Login_Password'

2023-02-20 20:39:26 - [MESSAGE][PASSED] - Object: 'Object Repository/Login_Page/Login_Submit' is clicked on

2023-02-20 20:39:26 - [MESSAGE][PASSED] - adminSuiteBootstrap.loginFunctionality.login_AdminSuite is PASSED

2023-02-20 20:39:26 - [TEST_STEP][PASSED] - click(findTestObject(path_Dashboard + "a_Access User Management")): Object: 'Object Repository/AdminSuiteBootstrap_Pages/Dashboard_Bootstrap/a_Access User Management' is clicked on

2023-02-20 20:39:27 - [MESSAGE][PASSED] - Object: 'Object Repository/AdminSuiteBootstrap_Pages/Dashboard_Bootstrap/a_Access User Management' is clicked on

2023-02-20 20:39:27 - [TEST_STEP][PASSED] - click(findTestObject(path_Users + "a_Find User")): Object: 'Object Repository/AdminSuiteBootstrap_Pages/UM_Bootstrap/Users/a_Find User' is clicked on

2023-02-20 20:39:27 - [MESSAGE][PASSED] - Object: 'Object Repository/AdminSuiteBootstrap_Pages/UM_Bootstrap/Users/a_Find User' is clicked on

2023-02-20 20:39:27 - [TEST_STEP][PASSED] - adminSuiteBootstrap.findUser.findUser_DD(row, dataFile): adminSuiteBootstrap.findUser.findUser_DD is PASSED

2023-02-20 20:39:28 - [MESSAGE][PASSED] - Text '' is set on object 'Object Repository/AdminSuiteBootstrap_Pages/UM_Bootstrap/FindUser/input_Username'

2023-02-20 20:39:29 - [MESSAGE][PASSED] - Text '' is set on object 'Object Repository/AdminSuiteBootstrap_Pages/UM_Bootstrap/FindUser/input_FirstName'

2023-02-20 20:39:30 - [MESSAGE][PASSED] - Text 'Aguillerezo' is set on object 'Object Repository/AdminSuiteBootstrap_Pages/UM_Bootstrap/FindUser/input_LastName'

2023-02-20 20:39:30 - [MESSAGE][PASSED] - All options with label 'Exact Match' are selected in object 'Object Repository/AdminSuiteBootstrap_Pages/UM_Bootstrap/FindUser/select_SearchType' 

2023-02-20 20:39:33 - [MESSAGE][PASSED] - Object: 'Object Repository/AdminSuiteBootstrap_Pages/UM_Bootstrap/FindUser/button_Search' is clicked on

2023-02-20 20:39:33 - [MESSAGE][PASSED] - adminSuiteBootstrap.findUser.findUser_DD is PASSED

2023-02-20 20:39:33 - [TEST_STEP][PASSED] - if (verifyElementPresent(findTestObject(path_UserView + "button_Modify"), 30)): null

2023-02-20 20:39:34 - [MESSAGE][PASSED] - Object 'Object Repository/AdminSuiteBootstrap_Pages/UM_Bootstrap/UserView/button_Modify' is present

2023-02-20 20:39:34 - [TEST_STEP][PASSED] - verifyTextPresent("Email Address", true): Text 'Email Address' is present on page  using regular expression

2023-02-20 20:39:34 - [MESSAGE][PASSED] - Text 'Email Address' is present on page  using regular expression

2023-02-20 20:39:34 - [TEST_STEP][PASSED] - verifyTextPresent("iahmed@govolution.com", true): Text 'iahmed@govolution.com' is present on page  using regular expression

2023-02-20 20:39:34 - [MESSAGE][PASSED] - Text 'iahmed@govolution.com' is present on page  using regular expression

2023-02-20 20:39:34 - [TEST_STEP][PASSED] - verifyTextPresent("Username", true): Text 'Username' is present on page  using regular expression

2023-02-20 20:39:35 - [MESSAGE][PASSED] - Text 'Username' is present on page  using regular expression

2023-02-20 20:39:35 - [TEST_STEP][PASSED] - verifyTextPresent("chragui", true): Text 'chragui' is present on page  using regular expression

2023-02-20 20:39:35 - [MESSAGE][PASSED] - Text 'chragui' is present on page  using regular expression

2023-02-20 20:39:35 - [TEST_STEP][PASSED] - verifyTextPresent("Account Status", true): Text 'Account Status' is present on page  using regular expression

2023-02-20 20:39:35 - [MESSAGE][PASSED] - Text 'Account Status' is present on page  using regular expression

2023-02-20 20:39:35 - [TEST_STEP][PASSED] - verifyTextPresent("Active", true): Text 'Active' is present on page  using regular expression

2023-02-20 20:39:36 - [MESSAGE][PASSED] - Text 'Active' is present on page  using regular expression

2023-02-20 20:39:36 - [TEST_STEP][PASSED] - verifyTextPresent("Christinado Aguillerezo", true): Text 'Christinado Aguillerezo' is present on page  using regular expression

2023-02-20 20:39:36 - [MESSAGE][PASSED] - Text 'Christinado Aguillerezo' is present on page  using regular expression

2023-02-20 20:39:36 - [TEST_STEP][PASSED] - pages.CustomLogger.log_Logger("User was found", "Pass"): pages.CustomLogger.log_Logger is PASSED

2023-02-20 20:39:36 - [MESSAGE][PASSED] - User was found

2023-02-20 20:39:36 - [MESSAGE][PASSED] - pages.CustomLogger.log_Logger is PASSED

2023-02-20 20:39:36 - [TEST_STEP][PASSED] - closeBrowser(): Browser is closed

2023-02-20 20:39:37 - [MESSAGE][PASSED] - Browser is closed

2023-02-20 20:39:37 - [TEST_STEP][PASSED] - ExecuteTC = findTestData(dataFile).getValue("Execute", row): null

2023-02-20 20:39:37 - [TEST_STEP][PASSED] - out.println("Value of Execute is : " + ExecuteTC): null

2023-02-20 20:39:37 - [TEST_STEP][PASSED] - if (ExecuteTC.equalsIgnoreCase("Y")): Browser is closed

2023-02-20 20:39:37 - [TEST_STEP][PASSED] - out.println("Begin Record Number: " + row): null

2023-02-20 20:39:37 - [TEST_STEP][PASSED] - adminSuiteBootstrap.loginFunctionality.login_AdminSuite(): adminSuiteBootstrap.loginFunctionality.login_AdminSuite is PASSED

2023-02-20 20:39:37 - [MESSAGE][INFO] - Starting 'Chrome' driver

2023-02-20 20:39:37 - [MESSAGE][INFO] - User set preference: ['acceptInsecureCerts', 'true']

2023-02-20 20:39:37 - [MESSAGE][INFO] - Action delay is set to 0 milliseconds

2023-02-20 20:39:39 - [MESSAGE][PASSED] - Browser is opened with url: 'https://qa.velocitypayment.com/admin/imtiaz'

2023-02-20 20:39:39 - [MESSAGE][PASSED] - Current window maximized

2023-02-20 20:39:40 - [MESSAGE][PASSED] - Object 'Object Repository/Login_Page/Login_Username' is present

2023-02-20 20:39:40 - [MESSAGE][PASSED] - Text 'iahmed' is set on object 'Object Repository/Login_Page/Login_Username'

2023-02-20 20:39:41 - [MESSAGE][PASSED] - Text 'hello2222' is set on object 'Object Repository/Login_Page/Login_Password'

2023-02-20 20:39:44 - [MESSAGE][PASSED] - Object: 'Object Repository/Login_Page/Login_Submit' is clicked on

2023-02-20 20:39:44 - [MESSAGE][PASSED] - adminSuiteBootstrap.loginFunctionality.login_AdminSuite is PASSED

2023-02-20 20:39:44 - [TEST_STEP][PASSED] - click(findTestObject(path_Dashboard + "a_Access User Management")): Object: 'Object Repository/AdminSuiteBootstrap_Pages/Dashboard_Bootstrap/a_Access User Management' is clicked on

2023-02-20 20:39:45 - [MESSAGE][PASSED] - Object: 'Object Repository/AdminSuiteBootstrap_Pages/Dashboard_Bootstrap/a_Access User Management' is clicked on

2023-02-20 20:39:45 - [TEST_STEP][PASSED] - click(findTestObject(path_Users + "a_Find User")): Object: 'Object Repository/AdminSuiteBootstrap_Pages/UM_Bootstrap/Users/a_Find User' is clicked on

2023-02-20 20:39:46 - [MESSAGE][PASSED] - Object: 'Object Repository/AdminSuiteBootstrap_Pages/UM_Bootstrap/Users/a_Find User' is clicked on

2023-02-20 20:39:46 - [TEST_STEP][PASSED] - adminSuiteBootstrap.findUser.findUser_DD(row, dataFile): adminSuiteBootstrap.findUser.findUser_DD is PASSED

2023-02-20 20:39:46 - [MESSAGE][PASSED] - Text '' is set on object 'Object Repository/AdminSuiteBootstrap_Pages/UM_Bootstrap/FindUser/input_Username'

2023-02-20 20:39:47 - [MESSAGE][PASSED] - Text '' is set on object 'Object Repository/AdminSuiteBootstrap_Pages/UM_Bootstrap/FindUser/input_FirstName'

2023-02-20 20:39:48 - [MESSAGE][PASSED] - Text 'Aguille' is set on object 'Object Repository/AdminSuiteBootstrap_Pages/UM_Bootstrap/FindUser/input_LastName'

2023-02-20 20:39:48 - [MESSAGE][PASSED] - All options with label 'Starts With' are selected in object 'Object Repository/AdminSuiteBootstrap_Pages/UM_Bootstrap/FindUser/select_SearchType' 

2023-02-20 20:39:52 - [MESSAGE][PASSED] - Object: 'Object Repository/AdminSuiteBootstrap_Pages/UM_Bootstrap/FindUser/button_Search' is clicked on

2023-02-20 20:39:52 - [MESSAGE][PASSED] - adminSuiteBootstrap.findUser.findUser_DD is PASSED

2023-02-20 20:39:52 - [TEST_STEP][PASSED] - if (verifyElementPresent(findTestObject(path_UserView + "button_Modify"), 30)): null

2023-02-20 20:39:52 - [MESSAGE][PASSED] - Object 'Object Repository/AdminSuiteBootstrap_Pages/UM_Bootstrap/UserView/button_Modify' is present

2023-02-20 20:39:52 - [TEST_STEP][PASSED] - verifyTextPresent("Email Address", true): Text 'Email Address' is present on page  using regular expression

2023-02-20 20:39:52 - [MESSAGE][PASSED] - Text 'Email Address' is present on page  using regular expression

2023-02-20 20:39:52 - [TEST_STEP][PASSED] - verifyTextPresent("iahmed@govolution.com", true): Text 'iahmed@govolution.com' is present on page  using regular expression

2023-02-20 20:39:53 - [MESSAGE][PASSED] - Text 'iahmed@govolution.com' is present on page  using regular expression

2023-02-20 20:39:53 - [TEST_STEP][PASSED] - verifyTextPresent("Username", true): Text 'Username' is present on page  using regular expression

2023-02-20 20:39:53 - [MESSAGE][PASSED] - Text 'Username' is present on page  using regular expression

2023-02-20 20:39:53 - [TEST_STEP][PASSED] - verifyTextPresent("chragui", true): Text 'chragui' is present on page  using regular expression

2023-02-20 20:39:54 - [MESSAGE][PASSED] - Text 'chragui' is present on page  using regular expression

2023-02-20 20:39:54 - [TEST_STEP][PASSED] - verifyTextPresent("Account Status", true): Text 'Account Status' is present on page  using regular expression

2023-02-20 20:39:54 - [MESSAGE][PASSED] - Text 'Account Status' is present on page  using regular expression

2023-02-20 20:39:54 - [TEST_STEP][PASSED] - verifyTextPresent("Active", true): Text 'Active' is present on page  using regular expression

2023-02-20 20:39:54 - [MESSAGE][PASSED] - Text 'Active' is present on page  using regular expression

2023-02-20 20:39:54 - [TEST_STEP][PASSED] - verifyTextPresent("Christinado Aguillerezo", true): Text 'Christinado Aguillerezo' is present on page  using regular expression

2023-02-20 20:39:54 - [MESSAGE][PASSED] - Text 'Christinado Aguillerezo' is present on page  using regular expression

2023-02-20 20:39:54 - [TEST_STEP][PASSED] - pages.CustomLogger.log_Logger("User was found", "Pass"): pages.CustomLogger.log_Logger is PASSED

2023-02-20 20:39:54 - [MESSAGE][PASSED] - User was found

2023-02-20 20:39:54 - [MESSAGE][PASSED] - pages.CustomLogger.log_Logger is PASSED

2023-02-20 20:39:54 - [TEST_STEP][PASSED] - closeBrowser(): Browser is closed

2023-02-20 20:39:55 - [MESSAGE][PASSED] - Browser is closed

2023-02-20 20:39:55 - [TEST_STEP][PASSED] - ExecuteTC = findTestData(dataFile).getValue("Execute", row): null

2023-02-20 20:39:55 - [TEST_STEP][PASSED] - out.println("Value of Execute is : " + ExecuteTC): null

2023-02-20 20:39:55 - [TEST_STEP][PASSED] - if (ExecuteTC.equalsIgnoreCase("Y")): Browser is closed

2023-02-20 20:39:55 - [TEST_STEP][PASSED] - out.println("Begin Record Number: " + row): null

2023-02-20 20:39:55 - [TEST_STEP][PASSED] - adminSuiteBootstrap.loginFunctionality.login_AdminSuite(): adminSuiteBootstrap.loginFunctionality.login_AdminSuite is PASSED

2023-02-20 20:39:55 - [MESSAGE][INFO] - Starting 'Chrome' driver

2023-02-20 20:39:55 - [MESSAGE][INFO] - User set preference: ['acceptInsecureCerts', 'true']

2023-02-20 20:39:55 - [MESSAGE][INFO] - Action delay is set to 0 milliseconds

2023-02-20 20:39:58 - [MESSAGE][PASSED] - Browser is opened with url: 'https://qa.velocitypayment.com/admin/imtiaz'

2023-02-20 20:39:58 - [MESSAGE][PASSED] - Current window maximized

2023-02-20 20:39:58 - [MESSAGE][PASSED] - Object 'Object Repository/Login_Page/Login_Username' is present

2023-02-20 20:39:59 - [MESSAGE][PASSED] - Text 'iahmed' is set on object 'Object Repository/Login_Page/Login_Username'

2023-02-20 20:40:00 - [MESSAGE][PASSED] - Text 'hello2222' is set on object 'Object Repository/Login_Page/Login_Password'

2023-02-20 20:40:03 - [MESSAGE][PASSED] - Object: 'Object Repository/Login_Page/Login_Submit' is clicked on

2023-02-20 20:40:03 - [MESSAGE][PASSED] - adminSuiteBootstrap.loginFunctionality.login_AdminSuite is PASSED

2023-02-20 20:40:03 - [TEST_STEP][PASSED] - click(findTestObject(path_Dashboard + "a_Access User Management")): Object: 'Object Repository/AdminSuiteBootstrap_Pages/Dashboard_Bootstrap/a_Access User Management' is clicked on

2023-02-20 20:40:04 - [MESSAGE][PASSED] - Object: 'Object Repository/AdminSuiteBootstrap_Pages/Dashboard_Bootstrap/a_Access User Management' is clicked on

2023-02-20 20:40:04 - [TEST_STEP][PASSED] - click(findTestObject(path_Users + "a_Find User")): Object: 'Object Repository/AdminSuiteBootstrap_Pages/UM_Bootstrap/Users/a_Find User' is clicked on

2023-02-20 20:40:04 - [MESSAGE][PASSED] - Object: 'Object Repository/AdminSuiteBootstrap_Pages/UM_Bootstrap/Users/a_Find User' is clicked on

2023-02-20 20:40:04 - [TEST_STEP][PASSED] - adminSuiteBootstrap.findUser.findUser_DD(row, dataFile): adminSuiteBootstrap.findUser.findUser_DD is PASSED

2023-02-20 20:40:05 - [MESSAGE][PASSED] - Text '' is set on object 'Object Repository/AdminSuiteBootstrap_Pages/UM_Bootstrap/FindUser/input_Username'

2023-02-20 20:40:06 - [MESSAGE][PASSED] - Text '' is set on object 'Object Repository/AdminSuiteBootstrap_Pages/UM_Bootstrap/FindUser/input_FirstName'

2023-02-20 20:40:07 - [MESSAGE][PASSED] - Text 'uillerezo' is set on object 'Object Repository/AdminSuiteBootstrap_Pages/UM_Bootstrap/FindUser/input_LastName'

2023-02-20 20:40:07 - [MESSAGE][PASSED] - All options with label 'Ends With' are selected in object 'Object Repository/AdminSuiteBootstrap_Pages/UM_Bootstrap/FindUser/select_SearchType' 

2023-02-20 20:40:11 - [MESSAGE][PASSED] - Object: 'Object Repository/AdminSuiteBootstrap_Pages/UM_Bootstrap/FindUser/button_Search' is clicked on

2023-02-20 20:40:11 - [MESSAGE][PASSED] - adminSuiteBootstrap.findUser.findUser_DD is PASSED

2023-02-20 20:40:11 - [TEST_STEP][PASSED] - if (verifyElementPresent(findTestObject(path_UserView + "button_Modify"), 30)): null

2023-02-20 20:40:11 - [MESSAGE][PASSED] - Object 'Object Repository/AdminSuiteBootstrap_Pages/UM_Bootstrap/UserView/button_Modify' is present

2023-02-20 20:40:11 - [TEST_STEP][PASSED] - verifyTextPresent("Email Address", true): Text 'Email Address' is present on page  using regular expression

2023-02-20 20:40:11 - [MESSAGE][PASSED] - Text 'Email Address' is present on page  using regular expression

2023-02-20 20:40:11 - [TEST_STEP][PASSED] - verifyTextPresent("iahmed@govolution.com", true): Text 'iahmed@govolution.com' is present on page  using regular expression

2023-02-20 20:40:12 - [MESSAGE][PASSED] - Text 'iahmed@govolution.com' is present on page  using regular expression

2023-02-20 20:40:12 - [TEST_STEP][PASSED] - verifyTextPresent("Username", true): Text 'Username' is present on page  using regular expression

2023-02-20 20:40:12 - [MESSAGE][PASSED] - Text 'Username' is present on page  using regular expression

2023-02-20 20:40:12 - [TEST_STEP][PASSED] - verifyTextPresent("chragui", true): Text 'chragui' is present on page  using regular expression

2023-02-20 20:40:12 - [MESSAGE][PASSED] - Text 'chragui' is present on page  using regular expression

2023-02-20 20:40:12 - [TEST_STEP][PASSED] - verifyTextPresent("Account Status", true): Text 'Account Status' is present on page  using regular expression

2023-02-20 20:40:13 - [MESSAGE][PASSED] - Text 'Account Status' is present on page  using regular expression

2023-02-20 20:40:13 - [TEST_STEP][PASSED] - verifyTextPresent("Active", true): Text 'Active' is present on page  using regular expression

2023-02-20 20:40:13 - [MESSAGE][PASSED] - Text 'Active' is present on page  using regular expression

2023-02-20 20:40:13 - [TEST_STEP][PASSED] - verifyTextPresent("Christinado Aguillerezo", true): Text 'Christinado Aguillerezo' is present on page  using regular expression

2023-02-20 20:40:14 - [MESSAGE][PASSED] - Text 'Christinado Aguillerezo' is present on page  using regular expression

2023-02-20 20:40:14 - [TEST_STEP][PASSED] - pages.CustomLogger.log_Logger("User was found", "Pass"): pages.CustomLogger.log_Logger is PASSED

2023-02-20 20:40:14 - [MESSAGE][PASSED] - User was found

2023-02-20 20:40:14 - [MESSAGE][PASSED] - pages.CustomLogger.log_Logger is PASSED

2023-02-20 20:40:14 - [TEST_STEP][PASSED] - closeBrowser(): Browser is closed

2023-02-20 20:40:14 - [MESSAGE][PASSED] - Browser is closed

2023-02-20 20:40:14 - [TEST_STEP][PASSED] - ExecuteTC = findTestData(dataFile).getValue("Execute", row): null

2023-02-20 20:40:15 - [TEST_STEP][PASSED] - out.println("Value of Execute is : " + ExecuteTC): null

2023-02-20 20:40:15 - [TEST_STEP][PASSED] - if (ExecuteTC.equalsIgnoreCase("Y")): Browser is closed

2023-02-20 20:40:15 - [TEST_STEP][PASSED] - out.println("Begin Record Number: " + row): null

2023-02-20 20:40:15 - [TEST_STEP][PASSED] - adminSuiteBootstrap.loginFunctionality.login_AdminSuite(): adminSuiteBootstrap.loginFunctionality.login_AdminSuite is PASSED

2023-02-20 20:40:15 - [MESSAGE][INFO] - Starting 'Chrome' driver

2023-02-20 20:40:15 - [MESSAGE][INFO] - User set preference: ['acceptInsecureCerts', 'true']

2023-02-20 20:40:15 - [MESSAGE][INFO] - Action delay is set to 0 milliseconds

2023-02-20 20:40:17 - [MESSAGE][PASSED] - Browser is opened with url: 'https://qa.velocitypayment.com/admin/imtiaz'

2023-02-20 20:40:17 - [MESSAGE][PASSED] - Current window maximized

2023-02-20 20:40:17 - [MESSAGE][PASSED] - Object 'Object Repository/Login_Page/Login_Username' is present

2023-02-20 20:40:18 - [MESSAGE][PASSED] - Text 'iahmed' is set on object 'Object Repository/Login_Page/Login_Username'

2023-02-20 20:40:19 - [MESSAGE][PASSED] - Text 'hello2222' is set on object 'Object Repository/Login_Page/Login_Password'

2023-02-20 20:40:22 - [MESSAGE][PASSED] - Object: 'Object Repository/Login_Page/Login_Submit' is clicked on

2023-02-20 20:40:22 - [MESSAGE][PASSED] - adminSuiteBootstrap.loginFunctionality.login_AdminSuite is PASSED

2023-02-20 20:40:22 - [TEST_STEP][PASSED] - click(findTestObject(path_Dashboard + "a_Access User Management")): Object: 'Object Repository/AdminSuiteBootstrap_Pages/Dashboard_Bootstrap/a_Access User Management' is clicked on

2023-02-20 20:40:22 - [MESSAGE][PASSED] - Object: 'Object Repository/AdminSuiteBootstrap_Pages/Dashboard_Bootstrap/a_Access User Management' is clicked on

2023-02-20 20:40:22 - [TEST_STEP][PASSED] - click(findTestObject(path_Users + "a_Find User")): Object: 'Object Repository/AdminSuiteBootstrap_Pages/UM_Bootstrap/Users/a_Find User' is clicked on

2023-02-20 20:40:23 - [MESSAGE][PASSED] - Object: 'Object Repository/AdminSuiteBootstrap_Pages/UM_Bootstrap/Users/a_Find User' is clicked on

2023-02-20 20:40:23 - [TEST_STEP][PASSED] - adminSuiteBootstrap.findUser.findUser_DD(row, dataFile): adminSuiteBootstrap.findUser.findUser_DD is PASSED

2023-02-20 20:40:24 - [MESSAGE][PASSED] - Text '' is set on object 'Object Repository/AdminSuiteBootstrap_Pages/UM_Bootstrap/FindUser/input_Username'

2023-02-20 20:40:25 - [MESSAGE][PASSED] - Text '' is set on object 'Object Repository/AdminSuiteBootstrap_Pages/UM_Bootstrap/FindUser/input_FirstName'

2023-02-20 20:40:25 - [MESSAGE][PASSED] - Text 'uillere' is set on object 'Object Repository/AdminSuiteBootstrap_Pages/UM_Bootstrap/FindUser/input_LastName'

2023-02-20 20:40:26 - [MESSAGE][PASSED] - All options with label 'Contains' are selected in object 'Object Repository/AdminSuiteBootstrap_Pages/UM_Bootstrap/FindUser/select_SearchType' 

2023-02-20 20:40:29 - [MESSAGE][PASSED] - Object: 'Object Repository/AdminSuiteBootstrap_Pages/UM_Bootstrap/FindUser/button_Search' is clicked on

2023-02-20 20:40:29 - [MESSAGE][PASSED] - adminSuiteBootstrap.findUser.findUser_DD is PASSED

2023-02-20 20:40:29 - [TEST_STEP][PASSED] - if (verifyElementPresent(findTestObject(path_UserView + "button_Modify"), 30)): null

2023-02-20 20:40:29 - [MESSAGE][PASSED] - Object 'Object Repository/AdminSuiteBootstrap_Pages/UM_Bootstrap/UserView/button_Modify' is present

2023-02-20 20:40:29 - [TEST_STEP][PASSED] - verifyTextPresent("Email Address", true): Text 'Email Address' is present on page  using regular expression

2023-02-20 20:40:29 - [MESSAGE][PASSED] - Text 'Email Address' is present on page  using regular expression

2023-02-20 20:40:29 - [TEST_STEP][PASSED] - verifyTextPresent("iahmed@govolution.com", true): Text 'iahmed@govolution.com' is present on page  using regular expression

2023-02-20 20:40:30 - [MESSAGE][PASSED] - Text 'iahmed@govolution.com' is present on page  using regular expression

2023-02-20 20:40:30 - [TEST_STEP][PASSED] - verifyTextPresent("Username", true): Text 'Username' is present on page  using regular expression

2023-02-20 20:40:30 - [MESSAGE][PASSED] - Text 'Username' is present on page  using regular expression

2023-02-20 20:40:30 - [TEST_STEP][PASSED] - verifyTextPresent("chragui", true): Text 'chragui' is present on page  using regular expression

2023-02-20 20:40:31 - [MESSAGE][PASSED] - Text 'chragui' is present on page  using regular expression

2023-02-20 20:40:31 - [TEST_STEP][PASSED] - verifyTextPresent("Account Status", true): Text 'Account Status' is present on page  using regular expression

2023-02-20 20:40:31 - [MESSAGE][PASSED] - Text 'Account Status' is present on page  using regular expression

2023-02-20 20:40:31 - [TEST_STEP][PASSED] - verifyTextPresent("Active", true): Text 'Active' is present on page  using regular expression

2023-02-20 20:40:31 - [MESSAGE][PASSED] - Text 'Active' is present on page  using regular expression

2023-02-20 20:40:31 - [TEST_STEP][PASSED] - verifyTextPresent("Christinado Aguillerezo", true): Text 'Christinado Aguillerezo' is present on page  using regular expression

2023-02-20 20:40:31 - [MESSAGE][PASSED] - Text 'Christinado Aguillerezo' is present on page  using regular expression

2023-02-20 20:40:31 - [TEST_STEP][PASSED] - pages.CustomLogger.log_Logger("User was found", "Pass"): pages.CustomLogger.log_Logger is PASSED

2023-02-20 20:40:31 - [MESSAGE][PASSED] - User was found

2023-02-20 20:40:31 - [MESSAGE][PASSED] - pages.CustomLogger.log_Logger is PASSED

2023-02-20 20:40:31 - [TEST_STEP][PASSED] - closeBrowser(): Browser is closed

2023-02-20 20:40:32 - [MESSAGE][PASSED] - Browser is closed]]></system-out>
         <system-err><![CDATA[]]></system-err>
      </testcase>
      <testcase name="Test Cases/Admin Suite Bootstrap/UM_TestCases/Users/PasswordCaseSen" time="6.04" classname="Test Cases/Admin Suite Bootstrap/UM_TestCases/Users/PasswordCaseSen" status="PASSED">
         <system-out><![CDATA[2023-02-20 20:40:32 - [TEST_CASE][PASSED] - Test Cases/Admin Suite Bootstrap/UM_TestCases/Users/PasswordCaseSen: Test Cases/Admin Suite Bootstrap/UM_TestCases/Users/PasswordCaseSen

2023-02-20 20:40:33 - [TEST_STEP][PASSED] - path_Dashboard = "Object Repository/AdminSuiteBootstrap_Pages/Dashboard_Bootstrap/": null

2023-02-20 20:40:33 - [TEST_STEP][PASSED] - executionProfile = getExecutionProfile(): null

2023-02-20 20:40:33 - [TEST_STEP][PASSED] - out.println("executionProfile : " + executionProfile): null

2023-02-20 20:40:33 - [TEST_STEP][PASSED] - appName = <not implemented yet for class: org.codehaus.groovy.ast.expr.EmptyExpression>: null

2023-02-20 20:40:33 - [TEST_STEP][PASSED] - appID = <not implemented yet for class: org.codehaus.groovy.ast.expr.EmptyExpression>: null

2023-02-20 20:40:33 - [TEST_STEP][PASSED] - username_from = <not implemented yet for class: org.codehaus.groovy.ast.expr.EmptyExpression>: null

2023-02-20 20:40:33 - [TEST_STEP][PASSED] - password_from = <not implemented yet for class: org.codehaus.groovy.ast.expr.EmptyExpression>: null

2023-02-20 20:40:33 - [TEST_STEP][PASSED] - nameSheet = "PassCase": null

2023-02-20 20:40:33 - [TEST_STEP][PASSED] - dataFile = "QA/Bootstrap/UM-TestData/PassCase": null

2023-02-20 20:40:33 - [TEST_STEP][PASSED] - numOfRows = findTestData("QA/Bootstrap/UM-TestData/PassCase").getRowNumbers(): null

2023-02-20 20:40:33 - [TEST_STEP][PASSED] - println("Number of Records: " + numOfRows): null

2023-02-20 20:40:33 - [TEST_STEP][PASSED] - for ([row = 1, row <= numOfRows, (row++)]): null

2023-02-20 20:40:33 - [TEST_STEP][PASSED] - ExecuteTC = findTestData(dataFile).getValue("Execute", row): null

2023-02-20 20:40:33 - [TEST_STEP][PASSED] - out.println("Value of Execute is : " + ExecuteTC): null

2023-02-20 20:40:33 - [TEST_STEP][PASSED] - if (ExecuteTC.equalsIgnoreCase("Y")): null

2023-02-20 20:40:33 - [TEST_STEP][PASSED] - out.println("Begin Record Number: " + row): null

2023-02-20 20:40:33 - [TEST_STEP][PASSED] - username_from = findTestData(dataFile).getValue("Username", row): null

2023-02-20 20:40:33 - [TEST_STEP][PASSED] - password_from = findTestData(dataFile).getValue("Password", row): null

2023-02-20 20:40:33 - [TEST_STEP][PASSED] - adminSuiteBootstrap.loginFunctionality.login_AdminSuite_DD(username_from, password_from): adminSuiteBootstrap.loginFunctionality.login_AdminSuite_DD is PASSED

2023-02-20 20:40:33 - [MESSAGE][INFO] - Starting 'Chrome' driver

2023-02-20 20:40:33 - [MESSAGE][INFO] - User set preference: ['acceptInsecureCerts', 'true']

2023-02-20 20:40:33 - [MESSAGE][INFO] - Action delay is set to 0 milliseconds

2023-02-20 20:40:36 - [MESSAGE][PASSED] - Browser is opened with url: 'https://qa.velocitypayment.com/admin/imtiaz'

2023-02-20 20:40:36 - [MESSAGE][PASSED] - Current window maximized

2023-02-20 20:40:36 - [MESSAGE][PASSED] - Object 'Object Repository/Login_Page/Login_Username' is present

2023-02-20 20:40:37 - [MESSAGE][PASSED] - Text 'CASEuser' is set on object 'Object Repository/Login_Page/Login_Username'

2023-02-20 20:40:37 - [MESSAGE][PASSED] - Text 'HELLO2222' is set on object 'Object Repository/Login_Page/Login_Password'

2023-02-20 20:40:38 - [MESSAGE][PASSED] - Object: 'Object Repository/Login_Page/Login_Submit' is clicked on

2023-02-20 20:40:38 - [MESSAGE][PASSED] - adminSuiteBootstrap.loginFunctionality.login_AdminSuite_DD is PASSED

2023-02-20 20:40:38 - [TEST_STEP][PASSED] - if (verifyTextPresent("The information you have entered does not match our records. Please try again", true)): null

2023-02-20 20:40:39 - [MESSAGE][PASSED] - Text 'The information you have entered does not match our records. Please try again' is present on page  using regular expression

2023-02-20 20:40:39 - [TEST_STEP][PASSED] - pages.CustomLogger.log_Logger("User was not able to login, Password is case sensitive", "Pass"): pages.CustomLogger.log_Logger is PASSED

2023-02-20 20:40:39 - [MESSAGE][PASSED] - User was not able to login, Password is case sensitive

2023-02-20 20:40:39 - [MESSAGE][PASSED] - pages.CustomLogger.log_Logger is PASSED]]></system-out>
         <system-err><![CDATA[]]></system-err>
      </testcase>
      <testcase name="Test Cases/Admin Suite Bootstrap/UM_TestCases/Users/UsernameNotCaseSen" time="114.051" classname="Test Cases/Admin Suite Bootstrap/UM_TestCases/Users/UsernameNotCaseSen" status="FAILED">
         <failure type="FAILED" message="Test Cases/Admin Suite Bootstrap/UM_TestCases/Users/UsernameNotCaseSen FAILED.
Reason:
com.kms.katalon.core.exception.StepFailedException: com.kms.katalon.core.webui.exception.WebElementNotFoundException: Web element with id: 'Object Repository/AdminSuiteBootstrap_Pages/Dashboard_Bootstrap/a_Access User Management' located by '//*[(text() = 'Access User Management' or . = 'Access User Management')]' not found (Root cause: com.kms.katalon.core.exception.StepFailedException: com.kms.katalon.core.webui.exception.WebElementNotFoundException: Web element with id: 'Object Repository/AdminSuiteBootstrap_Pages/Dashboard_Bootstrap/a_Access User Management' located by '//*[(text() = 'Access User Management' or . = 'Access User Management')]' not found
	at com.kms.katalon.core.webui.keyword.internal.WebUIKeywordMain.stepFailed(WebUIKeywordMain.groovy:64)
	at com.kms.katalon.core.webui.keyword.builtin.VerifyElementPresentKeyword$_verifyElementPresent_closure1.doCall(VerifyElementPresentKeyword.groovy:85)
	at com.kms.katalon.core.webui.keyword.builtin.VerifyElementPresentKeyword$_verifyElementPresent_closure1.call(VerifyElementPresentKeyword.groovy)
	at com.kms.katalon.core.webui.keyword.internal.WebUIKeywordMain.runKeyword(WebUIKeywordMain.groovy:20)
	at com.kms.katalon.core.webui.keyword.builtin.VerifyElementPresentKeyword.verifyElementPresent(VerifyElementPresentKeyword.groovy:92)
	at com.kms.katalon.core.webui.keyword.builtin.VerifyElementPresentKeyword.execute(VerifyElementPresentKeyword.groovy:68)
	at com.kms.katalon.core.keyword.internal.KeywordExecutor.executeKeywordForPlatform(KeywordExecutor.groovy:74)
	at com.kms.katalon.core.webui.keyword.WebUiBuiltInKeywords.verifyElementPresent(WebUiBuiltInKeywords.groovy:1464)
	at com.kms.katalon.core.webui.keyword.WebUiBuiltInKeywords$verifyElementPresent$1.call(Unknown Source)
	at UsernameNotCaseSen.run(UsernameNotCaseSen:60)
	at com.kms.katalon.core.main.ScriptEngine.run(ScriptEngine.java:194)
	at com.kms.katalon.core.main.ScriptEngine.runScriptAsRawText(ScriptEngine.java:119)
	at com.kms.katalon.core.main.TestCaseExecutor.runScript(TestCaseExecutor.java:442)
	at com.kms.katalon.core.main.TestCaseExecutor.doExecute(TestCaseExecutor.java:433)
	at com.kms.katalon.core.main.TestCaseExecutor.processExecutionPhase(TestCaseExecutor.java:412)
	at com.kms.katalon.core.main.TestCaseExecutor.accessMainPhase(TestCaseExecutor.java:404)
	at com.kms.katalon.core.main.TestCaseExecutor.execute(TestCaseExecutor.java:281)
	at com.kms.katalon.core.main.TestSuiteExecutor.accessTestCaseMainPhase(TestSuiteExecutor.java:202)
	at com.kms.katalon.core.main.TestSuiteExecutor.accessTestSuiteMainPhase(TestSuiteExecutor.java:164)
	at com.kms.katalon.core.main.TestSuiteExecutor.execute(TestSuiteExecutor.java:105)
	at com.kms.katalon.core.main.TestCaseMain.startTestSuite(TestCaseMain.java:185)
	at com.kms.katalon.core.main.TestCaseMain$startTestSuite$0.call(Unknown Source)
	at TempTestSuite1676942839911.run(TempTestSuite1676942839911.groovy:36)
)
	at com.kms.katalon.core.keyword.internal.KeywordMain.stepFailed(KeywordMain.groovy:39)
	at com.kms.katalon.core.webui.keyword.internal.WebUIKeywordMain.stepFailed(WebUIKeywordMain.groovy:64)
	at com.kms.katalon.core.webui.keyword.builtin.VerifyElementPresentKeyword$_verifyElementPresent_closure1.doCall(VerifyElementPresentKeyword.groovy:85)
	at com.kms.katalon.core.webui.keyword.builtin.VerifyElementPresentKeyword$_verifyElementPresent_closure1.call(VerifyElementPresentKeyword.groovy)
	at com.kms.katalon.core.webui.keyword.internal.WebUIKeywordMain.runKeyword(WebUIKeywordMain.groovy:20)
	at com.kms.katalon.core.webui.keyword.builtin.VerifyElementPresentKeyword.verifyElementPresent(VerifyElementPresentKeyword.groovy:92)
	at com.kms.katalon.core.webui.keyword.builtin.VerifyElementPresentKeyword.execute(VerifyElementPresentKeyword.groovy:68)
	at com.kms.katalon.core.keyword.internal.KeywordExecutor.executeKeywordForPlatform(KeywordExecutor.groovy:74)
	at com.kms.katalon.core.webui.keyword.WebUiBuiltInKeywords.verifyElementPresent(WebUiBuiltInKeywords.groovy:1464)
	at com.kms.katalon.core.webui.keyword.WebUiBuiltInKeywords$verifyElementPresent$1.call(Unknown Source)
	at UsernameNotCaseSen.run(UsernameNotCaseSen:60)
	at com.kms.katalon.core.main.ScriptEngine.run(ScriptEngine.java:194)
	at com.kms.katalon.core.main.ScriptEngine.runScriptAsRawText(ScriptEngine.java:119)
	at com.kms.katalon.core.main.TestCaseExecutor.runScript(TestCaseExecutor.java:442)
	at com.kms.katalon.core.main.TestCaseExecutor.doExecute(TestCaseExecutor.java:433)
	at com.kms.katalon.core.main.TestCaseExecutor.processExecutionPhase(TestCaseExecutor.java:412)
	at com.kms.katalon.core.main.TestCaseExecutor.accessMainPhase(TestCaseExecutor.java:404)
	at com.kms.katalon.core.main.TestCaseExecutor.execute(TestCaseExecutor.java:281)
	at com.kms.katalon.core.main.TestSuiteExecutor.accessTestCaseMainPhase(TestSuiteExecutor.java:202)
	at com.kms.katalon.core.main.TestSuiteExecutor.accessTestSuiteMainPhase(TestSuiteExecutor.java:164)
	at com.kms.katalon.core.main.TestSuiteExecutor.execute(TestSuiteExecutor.java:105)
	at com.kms.katalon.core.main.TestCaseMain.startTestSuite(TestCaseMain.java:185)
	at com.kms.katalon.core.main.TestCaseMain$startTestSuite$0.call(Unknown Source)
	at TempTestSuite1676942839911.run(TempTestSuite1676942839911.groovy:36)
Caused by: com.kms.katalon.core.exception.StepFailedException: com.kms.katalon.core.webui.exception.WebElementNotFoundException: Web element with id: 'Object Repository/AdminSuiteBootstrap_Pages/Dashboard_Bootstrap/a_Access User Management' located by '//*[(text() = 'Access User Management' or . = 'Access User Management')]' not found
	... 23 more
"/>
         <system-out><![CDATA[2023-02-20 20:40:39 - [TEST_CASE][FAILED] - Test Cases/Admin Suite Bootstrap/UM_TestCases/Users/UsernameNotCaseSen: Test Cases/Admin Suite Bootstrap/UM_TestCases/Users/UsernameNotCaseSen FAILED.
Reason:
com.kms.katalon.core.exception.StepFailedException: com.kms.katalon.core.webui.exception.WebElementNotFoundException: Web element with id: 'Object Repository/AdminSuiteBootstrap_Pages/Dashboard_Bootstrap/a_Access User Management' located by '//*[(text() = 'Access User Management' or . = 'Access User Management')]' not found (Root cause: com.kms.katalon.core.exception.StepFailedException: com.kms.katalon.core.webui.exception.WebElementNotFoundException: Web element with id: 'Object Repository/AdminSuiteBootstrap_Pages/Dashboard_Bootstrap/a_Access User Management' located by '//*[(text() = 'Access User Management' or . = 'Access User Management')]' not found
	at com.kms.katalon.core.webui.keyword.internal.WebUIKeywordMain.stepFailed(WebUIKeywordMain.groovy:64)
	at com.kms.katalon.core.webui.keyword.builtin.VerifyElementPresentKeyword$_verifyElementPresent_closure1.doCall(VerifyElementPresentKeyword.groovy:85)
	at com.kms.katalon.core.webui.keyword.builtin.VerifyElementPresentKeyword$_verifyElementPresent_closure1.call(VerifyElementPresentKeyword.groovy)
	at com.kms.katalon.core.webui.keyword.internal.WebUIKeywordMain.runKeyword(WebUIKeywordMain.groovy:20)
	at com.kms.katalon.core.webui.keyword.builtin.VerifyElementPresentKeyword.verifyElementPresent(VerifyElementPresentKeyword.groovy:92)
	at com.kms.katalon.core.webui.keyword.builtin.VerifyElementPresentKeyword.execute(VerifyElementPresentKeyword.groovy:68)
	at com.kms.katalon.core.keyword.internal.KeywordExecutor.executeKeywordForPlatform(KeywordExecutor.groovy:74)
	at com.kms.katalon.core.webui.keyword.WebUiBuiltInKeywords.verifyElementPresent(WebUiBuiltInKeywords.groovy:1464)
	at com.kms.katalon.core.webui.keyword.WebUiBuiltInKeywords$verifyElementPresent$1.call(Unknown Source)
	at UsernameNotCaseSen.run(UsernameNotCaseSen:60)
	at com.kms.katalon.core.main.ScriptEngine.run(ScriptEngine.java:194)
	at com.kms.katalon.core.main.ScriptEngine.runScriptAsRawText(ScriptEngine.java:119)
	at com.kms.katalon.core.main.TestCaseExecutor.runScript(TestCaseExecutor.java:442)
	at com.kms.katalon.core.main.TestCaseExecutor.doExecute(TestCaseExecutor.java:433)
	at com.kms.katalon.core.main.TestCaseExecutor.processExecutionPhase(TestCaseExecutor.java:412)
	at com.kms.katalon.core.main.TestCaseExecutor.accessMainPhase(TestCaseExecutor.java:404)
	at com.kms.katalon.core.main.TestCaseExecutor.execute(TestCaseExecutor.java:281)
	at com.kms.katalon.core.main.TestSuiteExecutor.accessTestCaseMainPhase(TestSuiteExecutor.java:202)
	at com.kms.katalon.core.main.TestSuiteExecutor.accessTestSuiteMainPhase(TestSuiteExecutor.java:164)
	at com.kms.katalon.core.main.TestSuiteExecutor.execute(TestSuiteExecutor.java:105)
	at com.kms.katalon.core.main.TestCaseMain.startTestSuite(TestCaseMain.java:185)
	at com.kms.katalon.core.main.TestCaseMain$startTestSuite$0.call(Unknown Source)
	at TempTestSuite1676942839911.run(TempTestSuite1676942839911.groovy:36)
)
	at com.kms.katalon.core.keyword.internal.KeywordMain.stepFailed(KeywordMain.groovy:39)
	at com.kms.katalon.core.webui.keyword.internal.WebUIKeywordMain.stepFailed(WebUIKeywordMain.groovy:64)
	at com.kms.katalon.core.webui.keyword.builtin.VerifyElementPresentKeyword$_verifyElementPresent_closure1.doCall(VerifyElementPresentKeyword.groovy:85)
	at com.kms.katalon.core.webui.keyword.builtin.VerifyElementPresentKeyword$_verifyElementPresent_closure1.call(VerifyElementPresentKeyword.groovy)
	at com.kms.katalon.core.webui.keyword.internal.WebUIKeywordMain.runKeyword(WebUIKeywordMain.groovy:20)
	at com.kms.katalon.core.webui.keyword.builtin.VerifyElementPresentKeyword.verifyElementPresent(VerifyElementPresentKeyword.groovy:92)
	at com.kms.katalon.core.webui.keyword.builtin.VerifyElementPresentKeyword.execute(VerifyElementPresentKeyword.groovy:68)
	at com.kms.katalon.core.keyword.internal.KeywordExecutor.executeKeywordForPlatform(KeywordExecutor.groovy:74)
	at com.kms.katalon.core.webui.keyword.WebUiBuiltInKeywords.verifyElementPresent(WebUiBuiltInKeywords.groovy:1464)
	at com.kms.katalon.core.webui.keyword.WebUiBuiltInKeywords$verifyElementPresent$1.call(Unknown Source)
	at UsernameNotCaseSen.run(UsernameNotCaseSen:60)
	at com.kms.katalon.core.main.ScriptEngine.run(ScriptEngine.java:194)
	at com.kms.katalon.core.main.ScriptEngine.runScriptAsRawText(ScriptEngine.java:119)
	at com.kms.katalon.core.main.TestCaseExecutor.runScript(TestCaseExecutor.java:442)
	at com.kms.katalon.core.main.TestCaseExecutor.doExecute(TestCaseExecutor.java:433)
	at com.kms.katalon.core.main.TestCaseExecutor.processExecutionPhase(TestCaseExecutor.java:412)
	at com.kms.katalon.core.main.TestCaseExecutor.accessMainPhase(TestCaseExecutor.java:404)
	at com.kms.katalon.core.main.TestCaseExecutor.execute(TestCaseExecutor.java:281)
	at com.kms.katalon.core.main.TestSuiteExecutor.accessTestCaseMainPhase(TestSuiteExecutor.java:202)
	at com.kms.katalon.core.main.TestSuiteExecutor.accessTestSuiteMainPhase(TestSuiteExecutor.java:164)
	at com.kms.katalon.core.main.TestSuiteExecutor.execute(TestSuiteExecutor.java:105)
	at com.kms.katalon.core.main.TestCaseMain.startTestSuite(TestCaseMain.java:185)
	at com.kms.katalon.core.main.TestCaseMain$startTestSuite$0.call(Unknown Source)
	at TempTestSuite1676942839911.run(TempTestSuite1676942839911.groovy:36)
Caused by: com.kms.katalon.core.exception.StepFailedException: com.kms.katalon.core.webui.exception.WebElementNotFoundException: Web element with id: 'Object Repository/AdminSuiteBootstrap_Pages/Dashboard_Bootstrap/a_Access User Management' located by '//*[(text() = 'Access User Management' or . = 'Access User Management')]' not found
	... 23 more


2023-02-20 20:40:39 - [TEST_STEP][PASSED] - path_Dashboard = "Object Repository/AdminSuiteBootstrap_Pages/Dashboard_Bootstrap/": null

2023-02-20 20:40:39 - [TEST_STEP][PASSED] - executionProfile = getExecutionProfile(): null

2023-02-20 20:40:39 - [TEST_STEP][PASSED] - out.println("executionProfile : " + executionProfile): null

2023-02-20 20:40:39 - [TEST_STEP][PASSED] - appName = <not implemented yet for class: org.codehaus.groovy.ast.expr.EmptyExpression>: null

2023-02-20 20:40:39 - [TEST_STEP][PASSED] - appID = <not implemented yet for class: org.codehaus.groovy.ast.expr.EmptyExpression>: null

2023-02-20 20:40:39 - [TEST_STEP][PASSED] - username_from = <not implemented yet for class: org.codehaus.groovy.ast.expr.EmptyExpression>: null

2023-02-20 20:40:39 - [TEST_STEP][PASSED] - password_from = <not implemented yet for class: org.codehaus.groovy.ast.expr.EmptyExpression>: null

2023-02-20 20:40:39 - [TEST_STEP][PASSED] - nameSheet = "UsernameCase": null

2023-02-20 20:40:39 - [TEST_STEP][PASSED] - dataFile = "QA/Bootstrap/UM-TestData/UsernameCase": null

2023-02-20 20:40:39 - [TEST_STEP][PASSED] - numOfRows = findTestData("QA/Bootstrap/UM-TestData/UsernameCase").getRowNumbers(): null

2023-02-20 20:40:39 - [TEST_STEP][PASSED] - println("Number of Records: " + numOfRows): null

2023-02-20 20:40:39 - [TEST_STEP][FAILED] - for ([row = 1, row <= numOfRows, (row++)]): null

2023-02-20 20:40:39 - [TEST_STEP][PASSED] - ExecuteTC = findTestData(dataFile).getValue("Execute", row): null

2023-02-20 20:40:39 - [TEST_STEP][PASSED] - out.println("Value of Execute is : " + ExecuteTC): null

2023-02-20 20:40:39 - [TEST_STEP][FAILED] - if (ExecuteTC.equalsIgnoreCase("Y")): null

2023-02-20 20:40:39 - [TEST_STEP][PASSED] - out.println("Begin Record Number: " + row): null

2023-02-20 20:40:39 - [TEST_STEP][PASSED] - username_from = findTestData(dataFile).getValue("Username", row): null

2023-02-20 20:40:39 - [TEST_STEP][PASSED] - password_from = findTestData(dataFile).getValue("Password", row): null

2023-02-20 20:40:39 - [TEST_STEP][PASSED] - adminSuiteBootstrap.loginFunctionality.login_AdminSuite_DD(username_from, password_from): adminSuiteBootstrap.loginFunctionality.login_AdminSuite_DD is PASSED

2023-02-20 20:40:39 - [MESSAGE][WARNING] - A browser is already opened. Closing browser and opening a new one

2023-02-20 20:40:40 - [MESSAGE][INFO] - Starting 'Chrome' driver

2023-02-20 20:40:40 - [MESSAGE][INFO] - User set preference: ['acceptInsecureCerts', 'true']

2023-02-20 20:40:40 - [MESSAGE][INFO] - Action delay is set to 0 milliseconds

2023-02-20 20:40:43 - [MESSAGE][PASSED] - Browser is opened with url: 'https://qa.velocitypayment.com/admin/imtiaz'

2023-02-20 20:40:43 - [MESSAGE][PASSED] - Current window maximized

2023-02-20 20:40:43 - [MESSAGE][PASSED] - Object 'Object Repository/Login_Page/Login_Username' is present

2023-02-20 20:40:44 - [MESSAGE][PASSED] - Text 'CASEuser' is set on object 'Object Repository/Login_Page/Login_Username'

2023-02-20 20:40:44 - [MESSAGE][PASSED] - Text 'hello2222' is set on object 'Object Repository/Login_Page/Login_Password'

2023-02-20 20:40:45 - [MESSAGE][PASSED] - Object: 'Object Repository/Login_Page/Login_Submit' is clicked on

2023-02-20 20:40:45 - [MESSAGE][PASSED] - adminSuiteBootstrap.loginFunctionality.login_AdminSuite_DD is PASSED

2023-02-20 20:40:45 - [TEST_STEP][FAILED] - if (verifyElementPresent(findTestObject(path_Dashboard + "a_Access User Management"), 30)): com.kms.katalon.core.webui.exception.WebElementNotFoundException: Web element with id: 'Object Repository/AdminSuiteBootstrap_Pages/Dashboard_Bootstrap/a_Access User Management' located by '//*[(text() = 'Access User Management' or . = 'Access User Management')]' not found (Root cause: com.kms.katalon.core.exception.StepFailedException: com.kms.katalon.core.webui.exception.WebElementNotFoundException: Web element with id: 'Object Repository/AdminSuiteBootstrap_Pages/Dashboard_Bootstrap/a_Access User Management' located by '//*[(text() = 'Access User Management' or . = 'Access User Management')]' not found
	at com.kms.katalon.core.webui.keyword.internal.WebUIKeywordMain.stepFailed(WebUIKeywordMain.groovy:64)
	at com.kms.katalon.core.webui.keyword.builtin.VerifyElementPresentKeyword$_verifyElementPresent_closure1.doCall(VerifyElementPresentKeyword.groovy:85)
	at com.kms.katalon.core.webui.keyword.builtin.VerifyElementPresentKeyword$_verifyElementPresent_closure1.call(VerifyElementPresentKeyword.groovy)
	at com.kms.katalon.core.webui.keyword.internal.WebUIKeywordMain.runKeyword(WebUIKeywordMain.groovy:20)
	at com.kms.katalon.core.webui.keyword.builtin.VerifyElementPresentKeyword.verifyElementPresent(VerifyElementPresentKeyword.groovy:92)
	at com.kms.katalon.core.webui.keyword.builtin.VerifyElementPresentKeyword.execute(VerifyElementPresentKeyword.groovy:68)
	at com.kms.katalon.core.keyword.internal.KeywordExecutor.executeKeywordForPlatform(KeywordExecutor.groovy:74)
	at com.kms.katalon.core.webui.keyword.WebUiBuiltInKeywords.verifyElementPresent(WebUiBuiltInKeywords.groovy:1464)
	at com.kms.katalon.core.webui.keyword.WebUiBuiltInKeywords$verifyElementPresent$1.call(Unknown Source)
	at UsernameNotCaseSen.run(UsernameNotCaseSen:60)
	at com.kms.katalon.core.main.ScriptEngine.run(ScriptEngine.java:194)
	at com.kms.katalon.core.main.ScriptEngine.runScriptAsRawText(ScriptEngine.java:119)
	at com.kms.katalon.core.main.TestCaseExecutor.runScript(TestCaseExecutor.java:442)
	at com.kms.katalon.core.main.TestCaseExecutor.doExecute(TestCaseExecutor.java:433)
	at com.kms.katalon.core.main.TestCaseExecutor.processExecutionPhase(TestCaseExecutor.java:412)
	at com.kms.katalon.core.main.TestCaseExecutor.accessMainPhase(TestCaseExecutor.java:404)
	at com.kms.katalon.core.main.TestCaseExecutor.execute(TestCaseExecutor.java:281)
	at com.kms.katalon.core.main.TestSuiteExecutor.accessTestCaseMainPhase(TestSuiteExecutor.java:202)
	at com.kms.katalon.core.main.TestSuiteExecutor.accessTestSuiteMainPhase(TestSuiteExecutor.java:164)
	at com.kms.katalon.core.main.TestSuiteExecutor.execute(TestSuiteExecutor.java:105)
	at com.kms.katalon.core.main.TestCaseMain.startTestSuite(TestCaseMain.java:185)
	at com.kms.katalon.core.main.TestCaseMain$startTestSuite$0.call(Unknown Source)
	at TempTestSuite1676942839911.run(TempTestSuite1676942839911.groovy:36)
)

2023-02-20 20:41:16 - [MESSAGE][INFO] - Unable to find the element located by 'By.xpath: //*[(text() = 'Access User Management' or . = 'Access User Management')]'. Please recheck the objects properties to make sure the desired element is located. 

2023-02-20 20:41:16 - [MESSAGE][FAILED] - com.kms.katalon.core.webui.exception.WebElementNotFoundException: Web element with id: 'Object Repository/AdminSuiteBootstrap_Pages/Dashboard_Bootstrap/a_Access User Management' located by '//*[(text() = 'Access User Management' or . = 'Access User Management')]' not found (Root cause: com.kms.katalon.core.exception.StepFailedException: com.kms.katalon.core.webui.exception.WebElementNotFoundException: Web element with id: 'Object Repository/AdminSuiteBootstrap_Pages/Dashboard_Bootstrap/a_Access User Management' located by '//*[(text() = 'Access User Management' or . = 'Access User Management')]' not found
	at com.kms.katalon.core.webui.keyword.internal.WebUIKeywordMain.stepFailed(WebUIKeywordMain.groovy:64)
	at com.kms.katalon.core.webui.keyword.builtin.VerifyElementPresentKeyword$_verifyElementPresent_closure1.doCall(VerifyElementPresentKeyword.groovy:85)
	at com.kms.katalon.core.webui.keyword.builtin.VerifyElementPresentKeyword$_verifyElementPresent_closure1.call(VerifyElementPresentKeyword.groovy)
	at com.kms.katalon.core.webui.keyword.internal.WebUIKeywordMain.runKeyword(WebUIKeywordMain.groovy:20)
	at com.kms.katalon.core.webui.keyword.builtin.VerifyElementPresentKeyword.verifyElementPresent(VerifyElementPresentKeyword.groovy:92)
	at com.kms.katalon.core.webui.keyword.builtin.VerifyElementPresentKeyword.execute(VerifyElementPresentKeyword.groovy:68)
	at com.kms.katalon.core.keyword.internal.KeywordExecutor.executeKeywordForPlatform(KeywordExecutor.groovy:74)
	at com.kms.katalon.core.webui.keyword.WebUiBuiltInKeywords.verifyElementPresent(WebUiBuiltInKeywords.groovy:1464)
	at com.kms.katalon.core.webui.keyword.WebUiBuiltInKeywords$verifyElementPresent$1.call(Unknown Source)
	at UsernameNotCaseSen.run(UsernameNotCaseSen:60)
	at com.kms.katalon.core.main.ScriptEngine.run(ScriptEngine.java:194)
	at com.kms.katalon.core.main.ScriptEngine.runScriptAsRawText(ScriptEngine.java:119)
	at com.kms.katalon.core.main.TestCaseExecutor.runScript(TestCaseExecutor.java:442)
	at com.kms.katalon.core.main.TestCaseExecutor.doExecute(TestCaseExecutor.java:433)
	at com.kms.katalon.core.main.TestCaseExecutor.processExecutionPhase(TestCaseExecutor.java:412)
	at com.kms.katalon.core.main.TestCaseExecutor.accessMainPhase(TestCaseExecutor.java:404)
	at com.kms.katalon.core.main.TestCaseExecutor.execute(TestCaseExecutor.java:281)
	at com.kms.katalon.core.main.TestSuiteExecutor.accessTestCaseMainPhase(TestSuiteExecutor.java:202)
	at com.kms.katalon.core.main.TestSuiteExecutor.accessTestSuiteMainPhase(TestSuiteExecutor.java:164)
	at com.kms.katalon.core.main.TestSuiteExecutor.execute(TestSuiteExecutor.java:105)
	at com.kms.katalon.core.main.TestCaseMain.startTestSuite(TestCaseMain.java:185)
	at com.kms.katalon.core.main.TestCaseMain$startTestSuite$0.call(Unknown Source)
	at TempTestSuite1676942839911.run(TempTestSuite1676942839911.groovy:36)
)
[[ATTACHMENT|E:\\Cloned-Project-Katalon\\VPS-Katalon\\Reports\\20230220_202719\\QA\\UM-Bootstrap\\UM-TestSuite-QA\\20230220_202719\\1676943676685.png]]

2023-02-20 20:41:16 - [TEST_STEP][PASSED] - else: pages.CustomLogger.log_Logger is PASSED

2023-02-20 20:41:16 - [TEST_STEP][PASSED] - pages.CustomLogger.log_Logger("User was not able to login", "Fail"): pages.CustomLogger.log_Logger is PASSED

2023-02-20 20:41:16 - [MESSAGE][FAILED] - User was not able to login

2023-02-20 20:41:16 - [MESSAGE][PASSED] - pages.CustomLogger.log_Logger is PASSED

2023-02-20 20:41:16 - [TEST_STEP][PASSED] - closeBrowser(): Browser is closed

2023-02-20 20:41:17 - [MESSAGE][PASSED] - Browser is closed

2023-02-20 20:41:17 - [TEST_STEP][PASSED] - ExecuteTC = findTestData(dataFile).getValue("Execute", row): null

2023-02-20 20:41:17 - [TEST_STEP][PASSED] - out.println("Value of Execute is : " + ExecuteTC): null

2023-02-20 20:41:17 - [TEST_STEP][FAILED] - if (ExecuteTC.equalsIgnoreCase("Y")): null

2023-02-20 20:41:17 - [TEST_STEP][PASSED] - out.println("Begin Record Number: " + row): null

2023-02-20 20:41:17 - [TEST_STEP][PASSED] - username_from = findTestData(dataFile).getValue("Username", row): null

2023-02-20 20:41:18 - [TEST_STEP][PASSED] - password_from = findTestData(dataFile).getValue("Password", row): null

2023-02-20 20:41:18 - [TEST_STEP][PASSED] - adminSuiteBootstrap.loginFunctionality.login_AdminSuite_DD(username_from, password_from): adminSuiteBootstrap.loginFunctionality.login_AdminSuite_DD is PASSED

2023-02-20 20:41:18 - [MESSAGE][INFO] - Starting 'Chrome' driver

2023-02-20 20:41:18 - [MESSAGE][INFO] - User set preference: ['acceptInsecureCerts', 'true']

2023-02-20 20:41:18 - [MESSAGE][INFO] - Action delay is set to 0 milliseconds

2023-02-20 20:41:20 - [MESSAGE][PASSED] - Browser is opened with url: 'https://qa.velocitypayment.com/admin/imtiaz'

2023-02-20 20:41:20 - [MESSAGE][PASSED] - Current window maximized

2023-02-20 20:41:20 - [MESSAGE][PASSED] - Object 'Object Repository/Login_Page/Login_Username' is present

2023-02-20 20:41:21 - [MESSAGE][PASSED] - Text 'caseuser' is set on object 'Object Repository/Login_Page/Login_Username'

2023-02-20 20:41:22 - [MESSAGE][PASSED] - Text 'hello2222' is set on object 'Object Repository/Login_Page/Login_Password'

2023-02-20 20:41:22 - [MESSAGE][PASSED] - Object: 'Object Repository/Login_Page/Login_Submit' is clicked on

2023-02-20 20:41:22 - [MESSAGE][PASSED] - adminSuiteBootstrap.loginFunctionality.login_AdminSuite_DD is PASSED

2023-02-20 20:41:22 - [TEST_STEP][FAILED] - if (verifyElementPresent(findTestObject(path_Dashboard + "a_Access User Management"), 30)): com.kms.katalon.core.webui.exception.WebElementNotFoundException: Web element with id: 'Object Repository/AdminSuiteBootstrap_Pages/Dashboard_Bootstrap/a_Access User Management' located by '//*[(text() = 'Access User Management' or . = 'Access User Management')]' not found (Root cause: com.kms.katalon.core.exception.StepFailedException: com.kms.katalon.core.webui.exception.WebElementNotFoundException: Web element with id: 'Object Repository/AdminSuiteBootstrap_Pages/Dashboard_Bootstrap/a_Access User Management' located by '//*[(text() = 'Access User Management' or . = 'Access User Management')]' not found
	at com.kms.katalon.core.webui.keyword.internal.WebUIKeywordMain.stepFailed(WebUIKeywordMain.groovy:64)
	at com.kms.katalon.core.webui.keyword.builtin.VerifyElementPresentKeyword$_verifyElementPresent_closure1.doCall(VerifyElementPresentKeyword.groovy:85)
	at com.kms.katalon.core.webui.keyword.builtin.VerifyElementPresentKeyword$_verifyElementPresent_closure1.call(VerifyElementPresentKeyword.groovy)
	at com.kms.katalon.core.webui.keyword.internal.WebUIKeywordMain.runKeyword(WebUIKeywordMain.groovy:20)
	at com.kms.katalon.core.webui.keyword.builtin.VerifyElementPresentKeyword.verifyElementPresent(VerifyElementPresentKeyword.groovy:92)
	at com.kms.katalon.core.webui.keyword.builtin.VerifyElementPresentKeyword.execute(VerifyElementPresentKeyword.groovy:68)
	at com.kms.katalon.core.keyword.internal.KeywordExecutor.executeKeywordForPlatform(KeywordExecutor.groovy:74)
	at com.kms.katalon.core.webui.keyword.WebUiBuiltInKeywords.verifyElementPresent(WebUiBuiltInKeywords.groovy:1464)
	at com.kms.katalon.core.webui.keyword.WebUiBuiltInKeywords$verifyElementPresent$1.call(Unknown Source)
	at UsernameNotCaseSen.run(UsernameNotCaseSen:60)
	at com.kms.katalon.core.main.ScriptEngine.run(ScriptEngine.java:194)
	at com.kms.katalon.core.main.ScriptEngine.runScriptAsRawText(ScriptEngine.java:119)
	at com.kms.katalon.core.main.TestCaseExecutor.runScript(TestCaseExecutor.java:442)
	at com.kms.katalon.core.main.TestCaseExecutor.doExecute(TestCaseExecutor.java:433)
	at com.kms.katalon.core.main.TestCaseExecutor.processExecutionPhase(TestCaseExecutor.java:412)
	at com.kms.katalon.core.main.TestCaseExecutor.accessMainPhase(TestCaseExecutor.java:404)
	at com.kms.katalon.core.main.TestCaseExecutor.execute(TestCaseExecutor.java:281)
	at com.kms.katalon.core.main.TestSuiteExecutor.accessTestCaseMainPhase(TestSuiteExecutor.java:202)
	at com.kms.katalon.core.main.TestSuiteExecutor.accessTestSuiteMainPhase(TestSuiteExecutor.java:164)
	at com.kms.katalon.core.main.TestSuiteExecutor.execute(TestSuiteExecutor.java:105)
	at com.kms.katalon.core.main.TestCaseMain.startTestSuite(TestCaseMain.java:185)
	at com.kms.katalon.core.main.TestCaseMain$startTestSuite$0.call(Unknown Source)
	at TempTestSuite1676942839911.run(TempTestSuite1676942839911.groovy:36)
)

2023-02-20 20:41:54 - [MESSAGE][INFO] - Unable to find the element located by 'By.xpath: //*[(text() = 'Access User Management' or . = 'Access User Management')]'. Please recheck the objects properties to make sure the desired element is located. 

2023-02-20 20:41:54 - [MESSAGE][FAILED] - com.kms.katalon.core.webui.exception.WebElementNotFoundException: Web element with id: 'Object Repository/AdminSuiteBootstrap_Pages/Dashboard_Bootstrap/a_Access User Management' located by '//*[(text() = 'Access User Management' or . = 'Access User Management')]' not found (Root cause: com.kms.katalon.core.exception.StepFailedException: com.kms.katalon.core.webui.exception.WebElementNotFoundException: Web element with id: 'Object Repository/AdminSuiteBootstrap_Pages/Dashboard_Bootstrap/a_Access User Management' located by '//*[(text() = 'Access User Management' or . = 'Access User Management')]' not found
	at com.kms.katalon.core.webui.keyword.internal.WebUIKeywordMain.stepFailed(WebUIKeywordMain.groovy:64)
	at com.kms.katalon.core.webui.keyword.builtin.VerifyElementPresentKeyword$_verifyElementPresent_closure1.doCall(VerifyElementPresentKeyword.groovy:85)
	at com.kms.katalon.core.webui.keyword.builtin.VerifyElementPresentKeyword$_verifyElementPresent_closure1.call(VerifyElementPresentKeyword.groovy)
	at com.kms.katalon.core.webui.keyword.internal.WebUIKeywordMain.runKeyword(WebUIKeywordMain.groovy:20)
	at com.kms.katalon.core.webui.keyword.builtin.VerifyElementPresentKeyword.verifyElementPresent(VerifyElementPresentKeyword.groovy:92)
	at com.kms.katalon.core.webui.keyword.builtin.VerifyElementPresentKeyword.execute(VerifyElementPresentKeyword.groovy:68)
	at com.kms.katalon.core.keyword.internal.KeywordExecutor.executeKeywordForPlatform(KeywordExecutor.groovy:74)
	at com.kms.katalon.core.webui.keyword.WebUiBuiltInKeywords.verifyElementPresent(WebUiBuiltInKeywords.groovy:1464)
	at com.kms.katalon.core.webui.keyword.WebUiBuiltInKeywords$verifyElementPresent$1.call(Unknown Source)
	at UsernameNotCaseSen.run(UsernameNotCaseSen:60)
	at com.kms.katalon.core.main.ScriptEngine.run(ScriptEngine.java:194)
	at com.kms.katalon.core.main.ScriptEngine.runScriptAsRawText(ScriptEngine.java:119)
	at com.kms.katalon.core.main.TestCaseExecutor.runScript(TestCaseExecutor.java:442)
	at com.kms.katalon.core.main.TestCaseExecutor.doExecute(TestCaseExecutor.java:433)
	at com.kms.katalon.core.main.TestCaseExecutor.processExecutionPhase(TestCaseExecutor.java:412)
	at com.kms.katalon.core.main.TestCaseExecutor.accessMainPhase(TestCaseExecutor.java:404)
	at com.kms.katalon.core.main.TestCaseExecutor.execute(TestCaseExecutor.java:281)
	at com.kms.katalon.core.main.TestSuiteExecutor.accessTestCaseMainPhase(TestSuiteExecutor.java:202)
	at com.kms.katalon.core.main.TestSuiteExecutor.accessTestSuiteMainPhase(TestSuiteExecutor.java:164)
	at com.kms.katalon.core.main.TestSuiteExecutor.execute(TestSuiteExecutor.java:105)
	at com.kms.katalon.core.main.TestCaseMain.startTestSuite(TestCaseMain.java:185)
	at com.kms.katalon.core.main.TestCaseMain$startTestSuite$0.call(Unknown Source)
	at TempTestSuite1676942839911.run(TempTestSuite1676942839911.groovy:36)
)
[[ATTACHMENT|E:\\Cloned-Project-Katalon\\VPS-Katalon\\Reports\\20230220_202719\\QA\\UM-Bootstrap\\UM-TestSuite-QA\\20230220_202719\\1676943714172.png]]

2023-02-20 20:41:54 - [TEST_STEP][PASSED] - else: pages.CustomLogger.log_Logger is PASSED

2023-02-20 20:41:54 - [TEST_STEP][PASSED] - pages.CustomLogger.log_Logger("User was not able to login", "Fail"): pages.CustomLogger.log_Logger is PASSED

2023-02-20 20:41:54 - [MESSAGE][FAILED] - User was not able to login

2023-02-20 20:41:54 - [MESSAGE][PASSED] - pages.CustomLogger.log_Logger is PASSED

2023-02-20 20:41:54 - [TEST_STEP][PASSED] - closeBrowser(): Browser is closed

2023-02-20 20:41:55 - [MESSAGE][PASSED] - Browser is closed

2023-02-20 20:41:55 - [TEST_STEP][PASSED] - ExecuteTC = findTestData(dataFile).getValue("Execute", row): null

2023-02-20 20:41:55 - [TEST_STEP][PASSED] - out.println("Value of Execute is : " + ExecuteTC): null

2023-02-20 20:41:55 - [TEST_STEP][FAILED] - if (ExecuteTC.equalsIgnoreCase("Y")): null

2023-02-20 20:41:55 - [TEST_STEP][PASSED] - out.println("Begin Record Number: " + row): null

2023-02-20 20:41:55 - [TEST_STEP][PASSED] - username_from = findTestData(dataFile).getValue("Username", row): null

2023-02-20 20:41:55 - [TEST_STEP][PASSED] - password_from = findTestData(dataFile).getValue("Password", row): null

2023-02-20 20:41:55 - [TEST_STEP][PASSED] - adminSuiteBootstrap.loginFunctionality.login_AdminSuite_DD(username_from, password_from): adminSuiteBootstrap.loginFunctionality.login_AdminSuite_DD is PASSED

2023-02-20 20:41:55 - [MESSAGE][INFO] - Starting 'Chrome' driver

2023-02-20 20:41:55 - [MESSAGE][INFO] - User set preference: ['acceptInsecureCerts', 'true']

2023-02-20 20:41:55 - [MESSAGE][INFO] - Action delay is set to 0 milliseconds

2023-02-20 20:41:57 - [MESSAGE][PASSED] - Browser is opened with url: 'https://qa.velocitypayment.com/admin/imtiaz'

2023-02-20 20:41:58 - [MESSAGE][PASSED] - Current window maximized

2023-02-20 20:41:58 - [MESSAGE][PASSED] - Object 'Object Repository/Login_Page/Login_Username' is present

2023-02-20 20:41:59 - [MESSAGE][PASSED] - Text 'CASEUSER' is set on object 'Object Repository/Login_Page/Login_Username'

2023-02-20 20:41:59 - [MESSAGE][PASSED] - Text 'hello2222' is set on object 'Object Repository/Login_Page/Login_Password'

2023-02-20 20:42:00 - [MESSAGE][PASSED] - Object: 'Object Repository/Login_Page/Login_Submit' is clicked on

2023-02-20 20:42:00 - [MESSAGE][PASSED] - adminSuiteBootstrap.loginFunctionality.login_AdminSuite_DD is PASSED

2023-02-20 20:42:00 - [TEST_STEP][FAILED] - if (verifyElementPresent(findTestObject(path_Dashboard + "a_Access User Management"), 30)): com.kms.katalon.core.webui.exception.WebElementNotFoundException: Web element with id: 'Object Repository/AdminSuiteBootstrap_Pages/Dashboard_Bootstrap/a_Access User Management' located by '//*[(text() = 'Access User Management' or . = 'Access User Management')]' not found (Root cause: com.kms.katalon.core.exception.StepFailedException: com.kms.katalon.core.webui.exception.WebElementNotFoundException: Web element with id: 'Object Repository/AdminSuiteBootstrap_Pages/Dashboard_Bootstrap/a_Access User Management' located by '//*[(text() = 'Access User Management' or . = 'Access User Management')]' not found
	at com.kms.katalon.core.webui.keyword.internal.WebUIKeywordMain.stepFailed(WebUIKeywordMain.groovy:64)
	at com.kms.katalon.core.webui.keyword.builtin.VerifyElementPresentKeyword$_verifyElementPresent_closure1.doCall(VerifyElementPresentKeyword.groovy:85)
	at com.kms.katalon.core.webui.keyword.builtin.VerifyElementPresentKeyword$_verifyElementPresent_closure1.call(VerifyElementPresentKeyword.groovy)
	at com.kms.katalon.core.webui.keyword.internal.WebUIKeywordMain.runKeyword(WebUIKeywordMain.groovy:20)
	at com.kms.katalon.core.webui.keyword.builtin.VerifyElementPresentKeyword.verifyElementPresent(VerifyElementPresentKeyword.groovy:92)
	at com.kms.katalon.core.webui.keyword.builtin.VerifyElementPresentKeyword.execute(VerifyElementPresentKeyword.groovy:68)
	at com.kms.katalon.core.keyword.internal.KeywordExecutor.executeKeywordForPlatform(KeywordExecutor.groovy:74)
	at com.kms.katalon.core.webui.keyword.WebUiBuiltInKeywords.verifyElementPresent(WebUiBuiltInKeywords.groovy:1464)
	at com.kms.katalon.core.webui.keyword.WebUiBuiltInKeywords$verifyElementPresent$1.call(Unknown Source)
	at UsernameNotCaseSen.run(UsernameNotCaseSen:60)
	at com.kms.katalon.core.main.ScriptEngine.run(ScriptEngine.java:194)
	at com.kms.katalon.core.main.ScriptEngine.runScriptAsRawText(ScriptEngine.java:119)
	at com.kms.katalon.core.main.TestCaseExecutor.runScript(TestCaseExecutor.java:442)
	at com.kms.katalon.core.main.TestCaseExecutor.doExecute(TestCaseExecutor.java:433)
	at com.kms.katalon.core.main.TestCaseExecutor.processExecutionPhase(TestCaseExecutor.java:412)
	at com.kms.katalon.core.main.TestCaseExecutor.accessMainPhase(TestCaseExecutor.java:404)
	at com.kms.katalon.core.main.TestCaseExecutor.execute(TestCaseExecutor.java:281)
	at com.kms.katalon.core.main.TestSuiteExecutor.accessTestCaseMainPhase(TestSuiteExecutor.java:202)
	at com.kms.katalon.core.main.TestSuiteExecutor.accessTestSuiteMainPhase(TestSuiteExecutor.java:164)
	at com.kms.katalon.core.main.TestSuiteExecutor.execute(TestSuiteExecutor.java:105)
	at com.kms.katalon.core.main.TestCaseMain.startTestSuite(TestCaseMain.java:185)
	at com.kms.katalon.core.main.TestCaseMain$startTestSuite$0.call(Unknown Source)
	at TempTestSuite1676942839911.run(TempTestSuite1676942839911.groovy:36)
)

2023-02-20 20:42:31 - [MESSAGE][INFO] - Unable to find the element located by 'By.xpath: //*[(text() = 'Access User Management' or . = 'Access User Management')]'. Please recheck the objects properties to make sure the desired element is located. 

2023-02-20 20:42:32 - [MESSAGE][FAILED] - com.kms.katalon.core.webui.exception.WebElementNotFoundException: Web element with id: 'Object Repository/AdminSuiteBootstrap_Pages/Dashboard_Bootstrap/a_Access User Management' located by '//*[(text() = 'Access User Management' or . = 'Access User Management')]' not found (Root cause: com.kms.katalon.core.exception.StepFailedException: com.kms.katalon.core.webui.exception.WebElementNotFoundException: Web element with id: 'Object Repository/AdminSuiteBootstrap_Pages/Dashboard_Bootstrap/a_Access User Management' located by '//*[(text() = 'Access User Management' or . = 'Access User Management')]' not found
	at com.kms.katalon.core.webui.keyword.internal.WebUIKeywordMain.stepFailed(WebUIKeywordMain.groovy:64)
	at com.kms.katalon.core.webui.keyword.builtin.VerifyElementPresentKeyword$_verifyElementPresent_closure1.doCall(VerifyElementPresentKeyword.groovy:85)
	at com.kms.katalon.core.webui.keyword.builtin.VerifyElementPresentKeyword$_verifyElementPresent_closure1.call(VerifyElementPresentKeyword.groovy)
	at com.kms.katalon.core.webui.keyword.internal.WebUIKeywordMain.runKeyword(WebUIKeywordMain.groovy:20)
	at com.kms.katalon.core.webui.keyword.builtin.VerifyElementPresentKeyword.verifyElementPresent(VerifyElementPresentKeyword.groovy:92)
	at com.kms.katalon.core.webui.keyword.builtin.VerifyElementPresentKeyword.execute(VerifyElementPresentKeyword.groovy:68)
	at com.kms.katalon.core.keyword.internal.KeywordExecutor.executeKeywordForPlatform(KeywordExecutor.groovy:74)
	at com.kms.katalon.core.webui.keyword.WebUiBuiltInKeywords.verifyElementPresent(WebUiBuiltInKeywords.groovy:1464)
	at com.kms.katalon.core.webui.keyword.WebUiBuiltInKeywords$verifyElementPresent$1.call(Unknown Source)
	at UsernameNotCaseSen.run(UsernameNotCaseSen:60)
	at com.kms.katalon.core.main.ScriptEngine.run(ScriptEngine.java:194)
	at com.kms.katalon.core.main.ScriptEngine.runScriptAsRawText(ScriptEngine.java:119)
	at com.kms.katalon.core.main.TestCaseExecutor.runScript(TestCaseExecutor.java:442)
	at com.kms.katalon.core.main.TestCaseExecutor.doExecute(TestCaseExecutor.java:433)
	at com.kms.katalon.core.main.TestCaseExecutor.processExecutionPhase(TestCaseExecutor.java:412)
	at com.kms.katalon.core.main.TestCaseExecutor.accessMainPhase(TestCaseExecutor.java:404)
	at com.kms.katalon.core.main.TestCaseExecutor.execute(TestCaseExecutor.java:281)
	at com.kms.katalon.core.main.TestSuiteExecutor.accessTestCaseMainPhase(TestSuiteExecutor.java:202)
	at com.kms.katalon.core.main.TestSuiteExecutor.accessTestSuiteMainPhase(TestSuiteExecutor.java:164)
	at com.kms.katalon.core.main.TestSuiteExecutor.execute(TestSuiteExecutor.java:105)
	at com.kms.katalon.core.main.TestCaseMain.startTestSuite(TestCaseMain.java:185)
	at com.kms.katalon.core.main.TestCaseMain$startTestSuite$0.call(Unknown Source)
	at TempTestSuite1676942839911.run(TempTestSuite1676942839911.groovy:36)
)
[[ATTACHMENT|E:\\Cloned-Project-Katalon\\VPS-Katalon\\Reports\\20230220_202719\\QA\\UM-Bootstrap\\UM-TestSuite-QA\\20230220_202719\\1676943751880.png]]

2023-02-20 20:42:32 - [TEST_STEP][PASSED] - else: pages.CustomLogger.log_Logger is PASSED

2023-02-20 20:42:32 - [TEST_STEP][PASSED] - pages.CustomLogger.log_Logger("User was not able to login", "Fail"): pages.CustomLogger.log_Logger is PASSED

2023-02-20 20:42:32 - [MESSAGE][FAILED] - User was not able to login

2023-02-20 20:42:32 - [MESSAGE][PASSED] - pages.CustomLogger.log_Logger is PASSED

2023-02-20 20:42:32 - [TEST_STEP][PASSED] - closeBrowser(): Browser is closed

2023-02-20 20:42:33 - [MESSAGE][PASSED] - Browser is closed]]></system-out>
         <system-err><![CDATA[2023-02-20 20:40:39 - [TEST_CASE][FAILED] - Test Cases/Admin Suite Bootstrap/UM_TestCases/Users/UsernameNotCaseSen: Test Cases/Admin Suite Bootstrap/UM_TestCases/Users/UsernameNotCaseSen FAILED.
Reason:
com.kms.katalon.core.exception.StepFailedException: com.kms.katalon.core.webui.exception.WebElementNotFoundException: Web element with id: 'Object Repository/AdminSuiteBootstrap_Pages/Dashboard_Bootstrap/a_Access User Management' located by '//*[(text() = 'Access User Management' or . = 'Access User Management')]' not found (Root cause: com.kms.katalon.core.exception.StepFailedException: com.kms.katalon.core.webui.exception.WebElementNotFoundException: Web element with id: 'Object Repository/AdminSuiteBootstrap_Pages/Dashboard_Bootstrap/a_Access User Management' located by '//*[(text() = 'Access User Management' or . = 'Access User Management')]' not found
	at com.kms.katalon.core.webui.keyword.internal.WebUIKeywordMain.stepFailed(WebUIKeywordMain.groovy:64)
	at com.kms.katalon.core.webui.keyword.builtin.VerifyElementPresentKeyword$_verifyElementPresent_closure1.doCall(VerifyElementPresentKeyword.groovy:85)
	at com.kms.katalon.core.webui.keyword.builtin.VerifyElementPresentKeyword$_verifyElementPresent_closure1.call(VerifyElementPresentKeyword.groovy)
	at com.kms.katalon.core.webui.keyword.internal.WebUIKeywordMain.runKeyword(WebUIKeywordMain.groovy:20)
	at com.kms.katalon.core.webui.keyword.builtin.VerifyElementPresentKeyword.verifyElementPresent(VerifyElementPresentKeyword.groovy:92)
	at com.kms.katalon.core.webui.keyword.builtin.VerifyElementPresentKeyword.execute(VerifyElementPresentKeyword.groovy:68)
	at com.kms.katalon.core.keyword.internal.KeywordExecutor.executeKeywordForPlatform(KeywordExecutor.groovy:74)
	at com.kms.katalon.core.webui.keyword.WebUiBuiltInKeywords.verifyElementPresent(WebUiBuiltInKeywords.groovy:1464)
	at com.kms.katalon.core.webui.keyword.WebUiBuiltInKeywords$verifyElementPresent$1.call(Unknown Source)
	at UsernameNotCaseSen.run(UsernameNotCaseSen:60)
	at com.kms.katalon.core.main.ScriptEngine.run(ScriptEngine.java:194)
	at com.kms.katalon.core.main.ScriptEngine.runScriptAsRawText(ScriptEngine.java:119)
	at com.kms.katalon.core.main.TestCaseExecutor.runScript(TestCaseExecutor.java:442)
	at com.kms.katalon.core.main.TestCaseExecutor.doExecute(TestCaseExecutor.java:433)
	at com.kms.katalon.core.main.TestCaseExecutor.processExecutionPhase(TestCaseExecutor.java:412)
	at com.kms.katalon.core.main.TestCaseExecutor.accessMainPhase(TestCaseExecutor.java:404)
	at com.kms.katalon.core.main.TestCaseExecutor.execute(TestCaseExecutor.java:281)
	at com.kms.katalon.core.main.TestSuiteExecutor.accessTestCaseMainPhase(TestSuiteExecutor.java:202)
	at com.kms.katalon.core.main.TestSuiteExecutor.accessTestSuiteMainPhase(TestSuiteExecutor.java:164)
	at com.kms.katalon.core.main.TestSuiteExecutor.execute(TestSuiteExecutor.java:105)
	at com.kms.katalon.core.main.TestCaseMain.startTestSuite(TestCaseMain.java:185)
	at com.kms.katalon.core.main.TestCaseMain$startTestSuite$0.call(Unknown Source)
	at TempTestSuite1676942839911.run(TempTestSuite1676942839911.groovy:36)
)
	at com.kms.katalon.core.keyword.internal.KeywordMain.stepFailed(KeywordMain.groovy:39)
	at com.kms.katalon.core.webui.keyword.internal.WebUIKeywordMain.stepFailed(WebUIKeywordMain.groovy:64)
	at com.kms.katalon.core.webui.keyword.builtin.VerifyElementPresentKeyword$_verifyElementPresent_closure1.doCall(VerifyElementPresentKeyword.groovy:85)
	at com.kms.katalon.core.webui.keyword.builtin.VerifyElementPresentKeyword$_verifyElementPresent_closure1.call(VerifyElementPresentKeyword.groovy)
	at com.kms.katalon.core.webui.keyword.internal.WebUIKeywordMain.runKeyword(WebUIKeywordMain.groovy:20)
	at com.kms.katalon.core.webui.keyword.builtin.VerifyElementPresentKeyword.verifyElementPresent(VerifyElementPresentKeyword.groovy:92)
	at com.kms.katalon.core.webui.keyword.builtin.VerifyElementPresentKeyword.execute(VerifyElementPresentKeyword.groovy:68)
	at com.kms.katalon.core.keyword.internal.KeywordExecutor.executeKeywordForPlatform(KeywordExecutor.groovy:74)
	at com.kms.katalon.core.webui.keyword.WebUiBuiltInKeywords.verifyElementPresent(WebUiBuiltInKeywords.groovy:1464)
	at com.kms.katalon.core.webui.keyword.WebUiBuiltInKeywords$verifyElementPresent$1.call(Unknown Source)
	at UsernameNotCaseSen.run(UsernameNotCaseSen:60)
	at com.kms.katalon.core.main.ScriptEngine.run(ScriptEngine.java:194)
	at com.kms.katalon.core.main.ScriptEngine.runScriptAsRawText(ScriptEngine.java:119)
	at com.kms.katalon.core.main.TestCaseExecutor.runScript(TestCaseExecutor.java:442)
	at com.kms.katalon.core.main.TestCaseExecutor.doExecute(TestCaseExecutor.java:433)
	at com.kms.katalon.core.main.TestCaseExecutor.processExecutionPhase(TestCaseExecutor.java:412)
	at com.kms.katalon.core.main.TestCaseExecutor.accessMainPhase(TestCaseExecutor.java:404)
	at com.kms.katalon.core.main.TestCaseExecutor.execute(TestCaseExecutor.java:281)
	at com.kms.katalon.core.main.TestSuiteExecutor.accessTestCaseMainPhase(TestSuiteExecutor.java:202)
	at com.kms.katalon.core.main.TestSuiteExecutor.accessTestSuiteMainPhase(TestSuiteExecutor.java:164)
	at com.kms.katalon.core.main.TestSuiteExecutor.execute(TestSuiteExecutor.java:105)
	at com.kms.katalon.core.main.TestCaseMain.startTestSuite(TestCaseMain.java:185)
	at com.kms.katalon.core.main.TestCaseMain$startTestSuite$0.call(Unknown Source)
	at TempTestSuite1676942839911.run(TempTestSuite1676942839911.groovy:36)
Caused by: com.kms.katalon.core.exception.StepFailedException: com.kms.katalon.core.webui.exception.WebElementNotFoundException: Web element with id: 'Object Repository/AdminSuiteBootstrap_Pages/Dashboard_Bootstrap/a_Access User Management' located by '//*[(text() = 'Access User Management' or . = 'Access User Management')]' not found
	... 23 more]]></system-err>
      </testcase>
      <testcase name="Test Cases/Admin Suite Bootstrap/UM_TestCases/Users/VerifyUsersLinks_UI_TC" time="16.728" classname="Test Cases/Admin Suite Bootstrap/UM_TestCases/Users/VerifyUsersLinks_UI_TC" status="PASSED">
         <system-out><![CDATA[2023-02-20 20:42:33 - [TEST_CASE][PASSED] - Test Cases/Admin Suite Bootstrap/UM_TestCases/Users/VerifyUsersLinks_UI_TC: Test Cases/Admin Suite Bootstrap/UM_TestCases/Users/VerifyUsersLinks_UI_TC

2023-02-20 20:42:33 - [TEST_STEP][PASSED] - path_Dashboard = "Object Repository/AdminSuiteBootstrap_Pages/Dashboard_Bootstrap/": null

2023-02-20 20:42:33 - [TEST_STEP][PASSED] - path_VT = "Object Repository/AdminSuiteBootstrap_Pages/VT_Bootstrap/": null

2023-02-20 20:42:33 - [TEST_STEP][PASSED] - path_UM = "Object Repository/AdminSuiteBootstrap_Pages/UM_Bootstrap/": null

2023-02-20 20:42:33 - [TEST_STEP][PASSED] - adminSuiteBootstrap.loginFunctionality.login_AdminSuite(): adminSuiteBootstrap.loginFunctionality.login_AdminSuite is PASSED

2023-02-20 20:42:33 - [MESSAGE][INFO] - Starting 'Chrome' driver

2023-02-20 20:42:33 - [MESSAGE][INFO] - User set preference: ['acceptInsecureCerts', 'true']

2023-02-20 20:42:33 - [MESSAGE][INFO] - Action delay is set to 0 milliseconds

2023-02-20 20:42:35 - [MESSAGE][PASSED] - Browser is opened with url: 'https://qa.velocitypayment.com/admin/imtiaz'

2023-02-20 20:42:36 - [MESSAGE][PASSED] - Current window maximized

2023-02-20 20:42:36 - [MESSAGE][PASSED] - Object 'Object Repository/Login_Page/Login_Username' is present

2023-02-20 20:42:37 - [MESSAGE][PASSED] - Text 'iahmed' is set on object 'Object Repository/Login_Page/Login_Username'

2023-02-20 20:42:37 - [MESSAGE][PASSED] - Text 'hello2222' is set on object 'Object Repository/Login_Page/Login_Password'

2023-02-20 20:42:40 - [MESSAGE][PASSED] - Object: 'Object Repository/Login_Page/Login_Submit' is clicked on

2023-02-20 20:42:40 - [MESSAGE][PASSED] - adminSuiteBootstrap.loginFunctionality.login_AdminSuite is PASSED

2023-02-20 20:42:40 - [TEST_STEP][PASSED] - click(findTestObject(path_Dashboard + "span_User Management")): Object: 'Object Repository/AdminSuiteBootstrap_Pages/Dashboard_Bootstrap/span_User Management' is clicked on

2023-02-20 20:42:41 - [MESSAGE][PASSED] - Object: 'Object Repository/AdminSuiteBootstrap_Pages/Dashboard_Bootstrap/span_User Management' is clicked on

2023-02-20 20:42:41 - [TEST_STEP][PASSED] - click(findTestObject(path_Dashboard + "a_Users")): Object: 'Object Repository/AdminSuiteBootstrap_Pages/Dashboard_Bootstrap/a_Users' is clicked on

2023-02-20 20:42:41 - [MESSAGE][PASSED] - Object: 'Object Repository/AdminSuiteBootstrap_Pages/Dashboard_Bootstrap/a_Users' is clicked on

2023-02-20 20:42:41 - [TEST_STEP][PASSED] - verifyTextPresent("Users", true): Text 'Users' is present on page  using regular expression

2023-02-20 20:42:42 - [MESSAGE][PASSED] - Text 'Users' is present on page  using regular expression

2023-02-20 20:42:42 - [TEST_STEP][PASSED] - verifyTextPresent("Total Users", true): Text 'Total Users' is present on page  using regular expression

2023-02-20 20:42:42 - [MESSAGE][PASSED] - Text 'Total Users' is present on page  using regular expression

2023-02-20 20:42:42 - [TEST_STEP][PASSED] - verifyTextPresent("User Name", true): Text 'User Name' is present on page  using regular expression

2023-02-20 20:42:43 - [MESSAGE][PASSED] - Text 'User Name' is present on page  using regular expression

2023-02-20 20:42:43 - [TEST_STEP][PASSED] - verifyTextPresent("User ID", true): Text 'User ID' is present on page  using regular expression

2023-02-20 20:42:43 - [MESSAGE][PASSED] - Text 'User ID' is present on page  using regular expression

2023-02-20 20:42:43 - [TEST_STEP][PASSED] - verifyElementVisible(findTestObject(path_UM + "button_Export")): Object 'Object Repository/AdminSuiteBootstrap_Pages/UM_Bootstrap/button_Export' is visible

2023-02-20 20:42:43 - [MESSAGE][PASSED] - Object 'Object Repository/AdminSuiteBootstrap_Pages/UM_Bootstrap/button_Export' is visible

2023-02-20 20:42:43 - [TEST_STEP][PASSED] - verifyElementPresent(findTestObject(path_UM + "button_Export"), 30): Object 'Object Repository/AdminSuiteBootstrap_Pages/UM_Bootstrap/button_Export' is present

2023-02-20 20:42:44 - [MESSAGE][PASSED] - Object 'Object Repository/AdminSuiteBootstrap_Pages/UM_Bootstrap/button_Export' is present

2023-02-20 20:42:44 - [TEST_STEP][PASSED] - verifyElementVisible(findTestObject(path_UM + "a_Find User")): Object 'Object Repository/AdminSuiteBootstrap_Pages/UM_Bootstrap/a_Find User' is visible

2023-02-20 20:42:44 - [MESSAGE][PASSED] - Object 'Object Repository/AdminSuiteBootstrap_Pages/UM_Bootstrap/a_Find User' is visible

2023-02-20 20:42:44 - [TEST_STEP][PASSED] - verifyElementPresent(findTestObject(path_UM + "a_Find User"), 30): Object 'Object Repository/AdminSuiteBootstrap_Pages/UM_Bootstrap/a_Find User' is present

2023-02-20 20:42:44 - [MESSAGE][PASSED] - Object 'Object Repository/AdminSuiteBootstrap_Pages/UM_Bootstrap/a_Find User' is present

2023-02-20 20:42:44 - [TEST_STEP][PASSED] - verifyElementVisible(findTestObject(path_UM + "a_Add User")): Object 'Object Repository/AdminSuiteBootstrap_Pages/UM_Bootstrap/a_Add User' is visible

2023-02-20 20:42:44 - [MESSAGE][PASSED] - Object 'Object Repository/AdminSuiteBootstrap_Pages/UM_Bootstrap/a_Add User' is visible

2023-02-20 20:42:44 - [TEST_STEP][PASSED] - verifyElementPresent(findTestObject(path_UM + "a_Add User"), 30): Object 'Object Repository/AdminSuiteBootstrap_Pages/UM_Bootstrap/a_Add User' is present

2023-02-20 20:42:45 - [MESSAGE][PASSED] - Object 'Object Repository/AdminSuiteBootstrap_Pages/UM_Bootstrap/a_Add User' is present

2023-02-20 20:42:45 - [TEST_STEP][PASSED] - verifyElementVisible(findTestObject(path_UM + "a_charu")): Object 'Object Repository/AdminSuiteBootstrap_Pages/UM_Bootstrap/a_charu' is visible

2023-02-20 20:42:45 - [MESSAGE][PASSED] - Object 'Object Repository/AdminSuiteBootstrap_Pages/UM_Bootstrap/a_charu' is visible

2023-02-20 20:42:45 - [TEST_STEP][PASSED] - verifyElementPresent(findTestObject(path_UM + "a_charu"), 30): Object 'Object Repository/AdminSuiteBootstrap_Pages/UM_Bootstrap/a_charu' is present

2023-02-20 20:42:45 - [MESSAGE][PASSED] - Object 'Object Repository/AdminSuiteBootstrap_Pages/UM_Bootstrap/a_charu' is present

2023-02-20 20:42:45 - [TEST_STEP][PASSED] - verifyElementVisible(findTestObject(path_UM + "li_First")): Object 'Object Repository/AdminSuiteBootstrap_Pages/UM_Bootstrap/li_First' is visible

2023-02-20 20:42:46 - [MESSAGE][PASSED] - Object 'Object Repository/AdminSuiteBootstrap_Pages/UM_Bootstrap/li_First' is visible

2023-02-20 20:42:46 - [TEST_STEP][PASSED] - verifyElementPresent(findTestObject(path_UM + "li_First"), 30): Object 'Object Repository/AdminSuiteBootstrap_Pages/UM_Bootstrap/li_First' is present

2023-02-20 20:42:46 - [MESSAGE][PASSED] - Object 'Object Repository/AdminSuiteBootstrap_Pages/UM_Bootstrap/li_First' is present

2023-02-20 20:42:46 - [TEST_STEP][PASSED] - verifyElementVisible(findTestObject(path_UM + "li_Prev")): Object 'Object Repository/AdminSuiteBootstrap_Pages/UM_Bootstrap/li_Prev' is visible

2023-02-20 20:42:46 - [MESSAGE][PASSED] - Object 'Object Repository/AdminSuiteBootstrap_Pages/UM_Bootstrap/li_Prev' is visible

2023-02-20 20:42:46 - [TEST_STEP][PASSED] - verifyElementPresent(findTestObject(path_UM + "li_Prev"), 30): Object 'Object Repository/AdminSuiteBootstrap_Pages/UM_Bootstrap/li_Prev' is present

2023-02-20 20:42:47 - [MESSAGE][PASSED] - Object 'Object Repository/AdminSuiteBootstrap_Pages/UM_Bootstrap/li_Prev' is present

2023-02-20 20:42:47 - [TEST_STEP][PASSED] - verifyElementVisible(findTestObject(path_UM + "a_1")): Object 'Object Repository/AdminSuiteBootstrap_Pages/UM_Bootstrap/a_1' is visible

2023-02-20 20:42:47 - [MESSAGE][PASSED] - Object 'Object Repository/AdminSuiteBootstrap_Pages/UM_Bootstrap/a_1' is visible

2023-02-20 20:42:47 - [TEST_STEP][PASSED] - verifyElementPresent(findTestObject(path_UM + "a_1"), 30): Object 'Object Repository/AdminSuiteBootstrap_Pages/UM_Bootstrap/a_1' is present

2023-02-20 20:42:47 - [MESSAGE][PASSED] - Object 'Object Repository/AdminSuiteBootstrap_Pages/UM_Bootstrap/a_1' is present

2023-02-20 20:42:47 - [TEST_STEP][PASSED] - verifyElementVisible(findTestObject(path_UM + "a_2")): Object 'Object Repository/AdminSuiteBootstrap_Pages/UM_Bootstrap/a_2' is visible

2023-02-20 20:42:48 - [MESSAGE][PASSED] - Object 'Object Repository/AdminSuiteBootstrap_Pages/UM_Bootstrap/a_2' is visible

2023-02-20 20:42:48 - [TEST_STEP][PASSED] - verifyElementPresent(findTestObject(path_UM + "a_2"), 30): Object 'Object Repository/AdminSuiteBootstrap_Pages/UM_Bootstrap/a_2' is present

2023-02-20 20:42:48 - [MESSAGE][PASSED] - Object 'Object Repository/AdminSuiteBootstrap_Pages/UM_Bootstrap/a_2' is present

2023-02-20 20:42:48 - [TEST_STEP][PASSED] - verifyElementVisible(findTestObject(path_UM + "a_Next")): Object 'Object Repository/AdminSuiteBootstrap_Pages/UM_Bootstrap/a_Next' is visible

2023-02-20 20:42:48 - [MESSAGE][PASSED] - Object 'Object Repository/AdminSuiteBootstrap_Pages/UM_Bootstrap/a_Next' is visible

2023-02-20 20:42:48 - [TEST_STEP][PASSED] - verifyElementPresent(findTestObject(path_UM + "a_Next"), 30): Object 'Object Repository/AdminSuiteBootstrap_Pages/UM_Bootstrap/a_Next' is present

2023-02-20 20:42:49 - [MESSAGE][PASSED] - Object 'Object Repository/AdminSuiteBootstrap_Pages/UM_Bootstrap/a_Next' is present

2023-02-20 20:42:49 - [TEST_STEP][PASSED] - verifyElementVisible(findTestObject(path_UM + "a_Last")): Object 'Object Repository/AdminSuiteBootstrap_Pages/UM_Bootstrap/a_Last' is visible

2023-02-20 20:42:49 - [MESSAGE][PASSED] - Object 'Object Repository/AdminSuiteBootstrap_Pages/UM_Bootstrap/a_Last' is visible

2023-02-20 20:42:49 - [TEST_STEP][PASSED] - verifyElementPresent(findTestObject(path_UM + "a_Last"), 30): Object 'Object Repository/AdminSuiteBootstrap_Pages/UM_Bootstrap/a_Last' is present

2023-02-20 20:42:49 - [MESSAGE][PASSED] - Object 'Object Repository/AdminSuiteBootstrap_Pages/UM_Bootstrap/a_Last' is present]]></system-out>
         <system-err><![CDATA[]]></system-err>
      </testcase>
      <testcase name="Test Cases/Admin Suite Bootstrap/UM_TestCases/UsersErrors/AddUserSpCharFirstNameError" time="63.417" classname="Test Cases/Admin Suite Bootstrap/UM_TestCases/UsersErrors/AddUserSpCharFirstNameError" status="FAILED">
         <failure type="FAILED" message="Test Cases/Admin Suite Bootstrap/UM_TestCases/UsersErrors/AddUserSpCharFirstNameError FAILED.
Reason:
com.kms.katalon.core.exception.StepFailedException: Text 'Username may only be comprised of alphanumeric characters, the underscore &quot;_&quot; character, the at &quot;@&quot; symbol, and the period &quot;.&quot;Username may only be comprised of alphanumeric characters, the underscore &quot;_&quot; character, the at &quot;@&quot; symbol, and the period &quot;.&quot;' is not present on page  using regular expression (Root cause: com.kms.katalon.core.exception.StepFailedException: Text 'Username may only be comprised of alphanumeric characters, the underscore &quot;_&quot; character, the at &quot;@&quot; symbol, and the period &quot;.&quot;Username may only be comprised of alphanumeric characters, the underscore &quot;_&quot; character, the at &quot;@&quot; symbol, and the period &quot;.&quot;' is not present on page  using regular expression
	at com.kms.katalon.core.webui.keyword.internal.WebUIKeywordMain.stepFailed(WebUIKeywordMain.groovy:64)
	at com.kms.katalon.core.webui.keyword.builtin.VerifyTextPresentKeyword$_verifyTextPresent_closure1.doCall(VerifyTextPresentKeyword.groovy:79)
	at com.kms.katalon.core.webui.keyword.builtin.VerifyTextPresentKeyword$_verifyTextPresent_closure1.call(VerifyTextPresentKeyword.groovy)
	at com.kms.katalon.core.webui.keyword.internal.WebUIKeywordMain.runKeyword(WebUIKeywordMain.groovy:20)
	at com.kms.katalon.core.webui.keyword.builtin.VerifyTextPresentKeyword.verifyTextPresent(VerifyTextPresentKeyword.groovy:83)
	at com.kms.katalon.core.webui.keyword.builtin.VerifyTextPresentKeyword.execute(VerifyTextPresentKeyword.groovy:68)
	at com.kms.katalon.core.keyword.internal.KeywordExecutor.executeKeywordForPlatform(KeywordExecutor.groovy:74)
	at com.kms.katalon.core.webui.keyword.WebUiBuiltInKeywords.verifyTextPresent(WebUiBuiltInKeywords.groovy:1723)
	at com.kms.katalon.core.webui.keyword.WebUiBuiltInKeywords$verifyTextPresent$5.call(Unknown Source)
	at AddUserSpCharFirstNameError.run(AddUserSpCharFirstNameError:87)
	at com.kms.katalon.core.main.ScriptEngine.run(ScriptEngine.java:194)
	at com.kms.katalon.core.main.ScriptEngine.runScriptAsRawText(ScriptEngine.java:119)
	at com.kms.katalon.core.main.TestCaseExecutor.runScript(TestCaseExecutor.java:442)
	at com.kms.katalon.core.main.TestCaseExecutor.doExecute(TestCaseExecutor.java:433)
	at com.kms.katalon.core.main.TestCaseExecutor.processExecutionPhase(TestCaseExecutor.java:412)
	at com.kms.katalon.core.main.TestCaseExecutor.accessMainPhase(TestCaseExecutor.java:404)
	at com.kms.katalon.core.main.TestCaseExecutor.execute(TestCaseExecutor.java:281)
	at com.kms.katalon.core.main.TestSuiteExecutor.accessTestCaseMainPhase(TestSuiteExecutor.java:202)
	at com.kms.katalon.core.main.TestSuiteExecutor.accessTestSuiteMainPhase(TestSuiteExecutor.java:164)
	at com.kms.katalon.core.main.TestSuiteExecutor.execute(TestSuiteExecutor.java:105)
	at com.kms.katalon.core.main.TestCaseMain.startTestSuite(TestCaseMain.java:185)
	at com.kms.katalon.core.main.TestCaseMain$startTestSuite$0.call(Unknown Source)
	at TempTestSuite1676942839911.run(TempTestSuite1676942839911.groovy:36)
)
	at com.kms.katalon.core.keyword.internal.KeywordMain.stepFailed(KeywordMain.groovy:39)
	at com.kms.katalon.core.webui.keyword.internal.WebUIKeywordMain.stepFailed(WebUIKeywordMain.groovy:64)
	at com.kms.katalon.core.webui.keyword.builtin.VerifyTextPresentKeyword$_verifyTextPresent_closure1.doCall(VerifyTextPresentKeyword.groovy:79)
	at com.kms.katalon.core.webui.keyword.builtin.VerifyTextPresentKeyword$_verifyTextPresent_closure1.call(VerifyTextPresentKeyword.groovy)
	at com.kms.katalon.core.webui.keyword.internal.WebUIKeywordMain.runKeyword(WebUIKeywordMain.groovy:20)
	at com.kms.katalon.core.webui.keyword.builtin.VerifyTextPresentKeyword.verifyTextPresent(VerifyTextPresentKeyword.groovy:83)
	at com.kms.katalon.core.webui.keyword.builtin.VerifyTextPresentKeyword.execute(VerifyTextPresentKeyword.groovy:68)
	at com.kms.katalon.core.keyword.internal.KeywordExecutor.executeKeywordForPlatform(KeywordExecutor.groovy:74)
	at com.kms.katalon.core.webui.keyword.WebUiBuiltInKeywords.verifyTextPresent(WebUiBuiltInKeywords.groovy:1723)
	at com.kms.katalon.core.webui.keyword.WebUiBuiltInKeywords$verifyTextPresent$5.call(Unknown Source)
	at AddUserSpCharFirstNameError.run(AddUserSpCharFirstNameError:87)
	at com.kms.katalon.core.main.ScriptEngine.run(ScriptEngine.java:194)
	at com.kms.katalon.core.main.ScriptEngine.runScriptAsRawText(ScriptEngine.java:119)
	at com.kms.katalon.core.main.TestCaseExecutor.runScript(TestCaseExecutor.java:442)
	at com.kms.katalon.core.main.TestCaseExecutor.doExecute(TestCaseExecutor.java:433)
	at com.kms.katalon.core.main.TestCaseExecutor.processExecutionPhase(TestCaseExecutor.java:412)
	at com.kms.katalon.core.main.TestCaseExecutor.accessMainPhase(TestCaseExecutor.java:404)
	at com.kms.katalon.core.main.TestCaseExecutor.execute(TestCaseExecutor.java:281)
	at com.kms.katalon.core.main.TestSuiteExecutor.accessTestCaseMainPhase(TestSuiteExecutor.java:202)
	at com.kms.katalon.core.main.TestSuiteExecutor.accessTestSuiteMainPhase(TestSuiteExecutor.java:164)
	at com.kms.katalon.core.main.TestSuiteExecutor.execute(TestSuiteExecutor.java:105)
	at com.kms.katalon.core.main.TestCaseMain.startTestSuite(TestCaseMain.java:185)
	at com.kms.katalon.core.main.TestCaseMain$startTestSuite$0.call(Unknown Source)
	at TempTestSuite1676942839911.run(TempTestSuite1676942839911.groovy:36)
Caused by: com.kms.katalon.core.exception.StepFailedException: Text 'Username may only be comprised of alphanumeric characters, the underscore &quot;_&quot; character, the at &quot;@&quot; symbol, and the period &quot;.&quot;Username may only be comprised of alphanumeric characters, the underscore &quot;_&quot; character, the at &quot;@&quot; symbol, and the period &quot;.&quot;' is not present on page  using regular expression
	... 23 more
"/>
         <system-out><![CDATA[2023-02-20 20:42:49 - [TEST_CASE][FAILED] - Test Cases/Admin Suite Bootstrap/UM_TestCases/UsersErrors/AddUserSpCharFirstNameError: Test Cases/Admin Suite Bootstrap/UM_TestCases/UsersErrors/AddUserSpCharFirstNameError FAILED.
Reason:
com.kms.katalon.core.exception.StepFailedException: Text 'Username may only be comprised of alphanumeric characters, the underscore "_" character, the at "@" symbol, and the period "."Username may only be comprised of alphanumeric characters, the underscore "_" character, the at "@" symbol, and the period "."' is not present on page  using regular expression (Root cause: com.kms.katalon.core.exception.StepFailedException: Text 'Username may only be comprised of alphanumeric characters, the underscore "_" character, the at "@" symbol, and the period "."Username may only be comprised of alphanumeric characters, the underscore "_" character, the at "@" symbol, and the period "."' is not present on page  using regular expression
	at com.kms.katalon.core.webui.keyword.internal.WebUIKeywordMain.stepFailed(WebUIKeywordMain.groovy:64)
	at com.kms.katalon.core.webui.keyword.builtin.VerifyTextPresentKeyword$_verifyTextPresent_closure1.doCall(VerifyTextPresentKeyword.groovy:79)
	at com.kms.katalon.core.webui.keyword.builtin.VerifyTextPresentKeyword$_verifyTextPresent_closure1.call(VerifyTextPresentKeyword.groovy)
	at com.kms.katalon.core.webui.keyword.internal.WebUIKeywordMain.runKeyword(WebUIKeywordMain.groovy:20)
	at com.kms.katalon.core.webui.keyword.builtin.VerifyTextPresentKeyword.verifyTextPresent(VerifyTextPresentKeyword.groovy:83)
	at com.kms.katalon.core.webui.keyword.builtin.VerifyTextPresentKeyword.execute(VerifyTextPresentKeyword.groovy:68)
	at com.kms.katalon.core.keyword.internal.KeywordExecutor.executeKeywordForPlatform(KeywordExecutor.groovy:74)
	at com.kms.katalon.core.webui.keyword.WebUiBuiltInKeywords.verifyTextPresent(WebUiBuiltInKeywords.groovy:1723)
	at com.kms.katalon.core.webui.keyword.WebUiBuiltInKeywords$verifyTextPresent$5.call(Unknown Source)
	at AddUserSpCharFirstNameError.run(AddUserSpCharFirstNameError:87)
	at com.kms.katalon.core.main.ScriptEngine.run(ScriptEngine.java:194)
	at com.kms.katalon.core.main.ScriptEngine.runScriptAsRawText(ScriptEngine.java:119)
	at com.kms.katalon.core.main.TestCaseExecutor.runScript(TestCaseExecutor.java:442)
	at com.kms.katalon.core.main.TestCaseExecutor.doExecute(TestCaseExecutor.java:433)
	at com.kms.katalon.core.main.TestCaseExecutor.processExecutionPhase(TestCaseExecutor.java:412)
	at com.kms.katalon.core.main.TestCaseExecutor.accessMainPhase(TestCaseExecutor.java:404)
	at com.kms.katalon.core.main.TestCaseExecutor.execute(TestCaseExecutor.java:281)
	at com.kms.katalon.core.main.TestSuiteExecutor.accessTestCaseMainPhase(TestSuiteExecutor.java:202)
	at com.kms.katalon.core.main.TestSuiteExecutor.accessTestSuiteMainPhase(TestSuiteExecutor.java:164)
	at com.kms.katalon.core.main.TestSuiteExecutor.execute(TestSuiteExecutor.java:105)
	at com.kms.katalon.core.main.TestCaseMain.startTestSuite(TestCaseMain.java:185)
	at com.kms.katalon.core.main.TestCaseMain$startTestSuite$0.call(Unknown Source)
	at TempTestSuite1676942839911.run(TempTestSuite1676942839911.groovy:36)
)
	at com.kms.katalon.core.keyword.internal.KeywordMain.stepFailed(KeywordMain.groovy:39)
	at com.kms.katalon.core.webui.keyword.internal.WebUIKeywordMain.stepFailed(WebUIKeywordMain.groovy:64)
	at com.kms.katalon.core.webui.keyword.builtin.VerifyTextPresentKeyword$_verifyTextPresent_closure1.doCall(VerifyTextPresentKeyword.groovy:79)
	at com.kms.katalon.core.webui.keyword.builtin.VerifyTextPresentKeyword$_verifyTextPresent_closure1.call(VerifyTextPresentKeyword.groovy)
	at com.kms.katalon.core.webui.keyword.internal.WebUIKeywordMain.runKeyword(WebUIKeywordMain.groovy:20)
	at com.kms.katalon.core.webui.keyword.builtin.VerifyTextPresentKeyword.verifyTextPresent(VerifyTextPresentKeyword.groovy:83)
	at com.kms.katalon.core.webui.keyword.builtin.VerifyTextPresentKeyword.execute(VerifyTextPresentKeyword.groovy:68)
	at com.kms.katalon.core.keyword.internal.KeywordExecutor.executeKeywordForPlatform(KeywordExecutor.groovy:74)
	at com.kms.katalon.core.webui.keyword.WebUiBuiltInKeywords.verifyTextPresent(WebUiBuiltInKeywords.groovy:1723)
	at com.kms.katalon.core.webui.keyword.WebUiBuiltInKeywords$verifyTextPresent$5.call(Unknown Source)
	at AddUserSpCharFirstNameError.run(AddUserSpCharFirstNameError:87)
	at com.kms.katalon.core.main.ScriptEngine.run(ScriptEngine.java:194)
	at com.kms.katalon.core.main.ScriptEngine.runScriptAsRawText(ScriptEngine.java:119)
	at com.kms.katalon.core.main.TestCaseExecutor.runScript(TestCaseExecutor.java:442)
	at com.kms.katalon.core.main.TestCaseExecutor.doExecute(TestCaseExecutor.java:433)
	at com.kms.katalon.core.main.TestCaseExecutor.processExecutionPhase(TestCaseExecutor.java:412)
	at com.kms.katalon.core.main.TestCaseExecutor.accessMainPhase(TestCaseExecutor.java:404)
	at com.kms.katalon.core.main.TestCaseExecutor.execute(TestCaseExecutor.java:281)
	at com.kms.katalon.core.main.TestSuiteExecutor.accessTestCaseMainPhase(TestSuiteExecutor.java:202)
	at com.kms.katalon.core.main.TestSuiteExecutor.accessTestSuiteMainPhase(TestSuiteExecutor.java:164)
	at com.kms.katalon.core.main.TestSuiteExecutor.execute(TestSuiteExecutor.java:105)
	at com.kms.katalon.core.main.TestCaseMain.startTestSuite(TestCaseMain.java:185)
	at com.kms.katalon.core.main.TestCaseMain$startTestSuite$0.call(Unknown Source)
	at TempTestSuite1676942839911.run(TempTestSuite1676942839911.groovy:36)
Caused by: com.kms.katalon.core.exception.StepFailedException: Text 'Username may only be comprised of alphanumeric characters, the underscore "_" character, the at "@" symbol, and the period "."Username may only be comprised of alphanumeric characters, the underscore "_" character, the at "@" symbol, and the period "."' is not present on page  using regular expression
	... 23 more


2023-02-20 20:42:50 - [TEST_STEP][PASSED] - path_Dashboard = "Object Repository/AdminSuiteBootstrap_Pages/Dashboard_Bootstrap/": null

2023-02-20 20:42:50 - [TEST_STEP][PASSED] - path_Users = "Object Repository/AdminSuiteBootstrap_Pages/UM_Bootstrap/Users/": null

2023-02-20 20:42:50 - [TEST_STEP][PASSED] - path_UserView = "Object Repository/AdminSuiteBootstrap_Pages/UM_Bootstrap/UserView/": null

2023-02-20 20:42:50 - [TEST_STEP][PASSED] - path_DeleteUser = "Object Repository/AdminSuiteBootstrap_Pages/UM_Bootstrap/DeleteUser/": null

2023-02-20 20:42:50 - [TEST_STEP][PASSED] - path_AddUser = "Object Repository/AdminSuiteBootstrap_Pages/UM_Bootstrap/AddUser/": null

2023-02-20 20:42:50 - [TEST_STEP][PASSED] - executionProfile = getExecutionProfile(): null

2023-02-20 20:42:50 - [TEST_STEP][PASSED] - out.println("executionProfile : " + executionProfile): null

2023-02-20 20:42:50 - [TEST_STEP][PASSED] - appName = <not implemented yet for class: org.codehaus.groovy.ast.expr.EmptyExpression>: null

2023-02-20 20:42:50 - [TEST_STEP][PASSED] - appID = <not implemented yet for class: org.codehaus.groovy.ast.expr.EmptyExpression>: null

2023-02-20 20:42:50 - [TEST_STEP][PASSED] - spUsername = <not implemented yet for class: org.codehaus.groovy.ast.expr.EmptyExpression>: null

2023-02-20 20:42:50 - [TEST_STEP][PASSED] - nameSheet = "CreateUserSCFNameErr": null

2023-02-20 20:42:50 - [TEST_STEP][PASSED] - dataFile = "QA/Bootstrap/UM-TestData/CreateUserSCFNameErr": null

2023-02-20 20:42:50 - [TEST_STEP][PASSED] - numOfRows = findTestData("QA/Bootstrap/UM-TestData/CreateUserSCFNameErr").getRowNumbers(): null

2023-02-20 20:42:50 - [TEST_STEP][PASSED] - println("Number of Records: " + numOfRows): null

2023-02-20 20:42:50 - [TEST_STEP][FAILED] - for ([row = 1, row <= numOfRows, (row++)]): null

2023-02-20 20:42:50 - [TEST_STEP][PASSED] - ExecuteTC = findTestData(dataFile).getValue("Execute", row): null

2023-02-20 20:42:50 - [TEST_STEP][PASSED] - out.println("Value of Execute is : " + ExecuteTC): null

2023-02-20 20:42:50 - [TEST_STEP][FAILED] - if (ExecuteTC.equalsIgnoreCase("Y")): null

2023-02-20 20:42:50 - [TEST_STEP][PASSED] - out.println("Begin Record Number: " + row): null

2023-02-20 20:42:50 - [TEST_STEP][PASSED] - adminSuiteBootstrap.loginFunctionality.login_AdminSuite(): adminSuiteBootstrap.loginFunctionality.login_AdminSuite is PASSED

2023-02-20 20:42:50 - [MESSAGE][WARNING] - A browser is already opened. Closing browser and opening a new one

2023-02-20 20:42:51 - [MESSAGE][INFO] - Starting 'Chrome' driver

2023-02-20 20:42:51 - [MESSAGE][INFO] - User set preference: ['acceptInsecureCerts', 'true']

2023-02-20 20:42:51 - [MESSAGE][INFO] - Action delay is set to 0 milliseconds

2023-02-20 20:42:53 - [MESSAGE][PASSED] - Browser is opened with url: 'https://qa.velocitypayment.com/admin/imtiaz'

2023-02-20 20:42:53 - [MESSAGE][PASSED] - Current window maximized

2023-02-20 20:42:54 - [MESSAGE][PASSED] - Object 'Object Repository/Login_Page/Login_Username' is present

2023-02-20 20:42:54 - [MESSAGE][PASSED] - Text 'iahmed' is set on object 'Object Repository/Login_Page/Login_Username'

2023-02-20 20:42:55 - [MESSAGE][PASSED] - Text 'hello2222' is set on object 'Object Repository/Login_Page/Login_Password'

2023-02-20 20:42:58 - [MESSAGE][PASSED] - Object: 'Object Repository/Login_Page/Login_Submit' is clicked on

2023-02-20 20:42:58 - [MESSAGE][PASSED] - adminSuiteBootstrap.loginFunctionality.login_AdminSuite is PASSED

2023-02-20 20:42:58 - [TEST_STEP][PASSED] - click(findTestObject(path_Dashboard + "a_Access User Management")): Object: 'Object Repository/AdminSuiteBootstrap_Pages/Dashboard_Bootstrap/a_Access User Management' is clicked on

2023-02-20 20:42:59 - [MESSAGE][PASSED] - Object: 'Object Repository/AdminSuiteBootstrap_Pages/Dashboard_Bootstrap/a_Access User Management' is clicked on

2023-02-20 20:42:59 - [TEST_STEP][PASSED] - click(findTestObject(path_Users + "a_Add User")): Object: 'Object Repository/AdminSuiteBootstrap_Pages/UM_Bootstrap/Users/a_Add User' is clicked on

2023-02-20 20:42:59 - [MESSAGE][PASSED] - Object: 'Object Repository/AdminSuiteBootstrap_Pages/UM_Bootstrap/Users/a_Add User' is clicked on

2023-02-20 20:42:59 - [TEST_STEP][PASSED] - buildUsername = pages.GenerateRandom.getRandomAlpha(): pages.GenerateRandom.getRandomAlpha is PASSED

2023-02-20 20:42:59 - [MESSAGE][PASSED] - pages.GenerateRandom.getRandomAlpha is PASSED

2023-02-20 20:42:59 - [TEST_STEP][PASSED] - prefixUsername = findTestData(dataFile).getValue("Firstname", row): null

2023-02-20 20:42:59 - [TEST_STEP][PASSED] - spUsername = prefixUsername + buildUsername: null

2023-02-20 20:42:59 - [TEST_STEP][PASSED] - setText(findTestObject(path_AddUser + "input_EmailAddress"), "iahmed@govolution.com"): Text 'iahmed@govolution.com' is set on object 'Object Repository/AdminSuiteBootstrap_Pages/UM_Bootstrap/AddUser/input_EmailAddress'

2023-02-20 20:43:00 - [MESSAGE][PASSED] - Text 'iahmed@govolution.com' is set on object 'Object Repository/AdminSuiteBootstrap_Pages/UM_Bootstrap/AddUser/input_EmailAddress'

2023-02-20 20:43:00 - [TEST_STEP][PASSED] - setText(findTestObject(path_AddUser + "input_Username"), buildUsername): Text 'IcCDfKgRj' is set on object 'Object Repository/AdminSuiteBootstrap_Pages/UM_Bootstrap/AddUser/input_Username'

2023-02-20 20:43:01 - [MESSAGE][PASSED] - Text 'IcCDfKgRj' is set on object 'Object Repository/AdminSuiteBootstrap_Pages/UM_Bootstrap/AddUser/input_Username'

2023-02-20 20:43:01 - [TEST_STEP][PASSED] - setText(findTestObject(path_AddUser + "input_FirstName"), spUsername): Text '=IcCDfKgRj' is set on object 'Object Repository/AdminSuiteBootstrap_Pages/UM_Bootstrap/AddUser/input_FirstName'

2023-02-20 20:43:01 - [MESSAGE][PASSED] - Text '=IcCDfKgRj' is set on object 'Object Repository/AdminSuiteBootstrap_Pages/UM_Bootstrap/AddUser/input_FirstName'

2023-02-20 20:43:01 - [TEST_STEP][PASSED] - setText(findTestObject(path_AddUser + "input_LastName"), "Luka"): Text 'Luka' is set on object 'Object Repository/AdminSuiteBootstrap_Pages/UM_Bootstrap/AddUser/input_LastName'

2023-02-20 20:43:02 - [MESSAGE][PASSED] - Text 'Luka' is set on object 'Object Repository/AdminSuiteBootstrap_Pages/UM_Bootstrap/AddUser/input_LastName'

2023-02-20 20:43:02 - [TEST_STEP][PASSED] - setText(findTestObject(path_AddUser + "input_Password"), "hello6666"): Text 'hello6666' is set on object 'Object Repository/AdminSuiteBootstrap_Pages/UM_Bootstrap/AddUser/input_Password'

2023-02-20 20:43:03 - [MESSAGE][PASSED] - Text 'hello6666' is set on object 'Object Repository/AdminSuiteBootstrap_Pages/UM_Bootstrap/AddUser/input_Password'

2023-02-20 20:43:03 - [TEST_STEP][PASSED] - setText(findTestObject(path_AddUser + "input_ConfirmPassword"), "hello6666"): Text 'hello6666' is set on object 'Object Repository/AdminSuiteBootstrap_Pages/UM_Bootstrap/AddUser/input_ConfirmPassword'

2023-02-20 20:43:03 - [MESSAGE][PASSED] - Text 'hello6666' is set on object 'Object Repository/AdminSuiteBootstrap_Pages/UM_Bootstrap/AddUser/input_ConfirmPassword'

2023-02-20 20:43:03 - [TEST_STEP][PASSED] - check(findTestObject(path_AddUser + "input_No_lock")): Object 'Object Repository/AdminSuiteBootstrap_Pages/UM_Bootstrap/AddUser/input_No_lock' is checked

2023-02-20 20:43:04 - [MESSAGE][PASSED] - Object 'Object Repository/AdminSuiteBootstrap_Pages/UM_Bootstrap/AddUser/input_No_lock' is checked

2023-02-20 20:43:04 - [TEST_STEP][PASSED] - click(findTestObject(path_AddUser + "button_Create")): Object: 'Object Repository/AdminSuiteBootstrap_Pages/UM_Bootstrap/AddUser/button_Create' is clicked on

2023-02-20 20:43:04 - [MESSAGE][PASSED] - Object: 'Object Repository/AdminSuiteBootstrap_Pages/UM_Bootstrap/AddUser/button_Create' is clicked on

2023-02-20 20:43:04 - [TEST_STEP][PASSED] - verifyTextPresent("Error! Please provide the following required information as indicated below", true): Text 'Error! Please provide the following required information as indicated below' is present on page  using regular expression

2023-02-20 20:43:05 - [MESSAGE][PASSED] - Text 'Error! Please provide the following required information as indicated below' is present on page  using regular expression

2023-02-20 20:43:05 - [TEST_STEP][FAILED] - verifyTextPresent("Username may only be comprised of alphanumeric characters, the underscore "_" character, the at "@" symbol, and the period "."Username may only be comprised of alphanumeric characters, the underscore "_" character, the at "@" symbol, and the period "."", true): Text 'Username may only be comprised of alphanumeric characters, the underscore "_" character, the at "@" symbol, and the period "."Username may only be comprised of alphanumeric characters, the underscore "_" character, the at "@" symbol, and the period "."' is not present on page  using regular expression (Root cause: com.kms.katalon.core.exception.StepFailedException: Text 'Username may only be comprised of alphanumeric characters, the underscore "_" character, the at "@" symbol, and the period "."Username may only be comprised of alphanumeric characters, the underscore "_" character, the at "@" symbol, and the period "."' is not present on page  using regular expression
	at com.kms.katalon.core.webui.keyword.internal.WebUIKeywordMain.stepFailed(WebUIKeywordMain.groovy:64)
	at com.kms.katalon.core.webui.keyword.builtin.VerifyTextPresentKeyword$_verifyTextPresent_closure1.doCall(VerifyTextPresentKeyword.groovy:79)
	at com.kms.katalon.core.webui.keyword.builtin.VerifyTextPresentKeyword$_verifyTextPresent_closure1.call(VerifyTextPresentKeyword.groovy)
	at com.kms.katalon.core.webui.keyword.internal.WebUIKeywordMain.runKeyword(WebUIKeywordMain.groovy:20)
	at com.kms.katalon.core.webui.keyword.builtin.VerifyTextPresentKeyword.verifyTextPresent(VerifyTextPresentKeyword.groovy:83)
	at com.kms.katalon.core.webui.keyword.builtin.VerifyTextPresentKeyword.execute(VerifyTextPresentKeyword.groovy:68)
	at com.kms.katalon.core.keyword.internal.KeywordExecutor.executeKeywordForPlatform(KeywordExecutor.groovy:74)
	at com.kms.katalon.core.webui.keyword.WebUiBuiltInKeywords.verifyTextPresent(WebUiBuiltInKeywords.groovy:1723)
	at com.kms.katalon.core.webui.keyword.WebUiBuiltInKeywords$verifyTextPresent$5.call(Unknown Source)
	at AddUserSpCharFirstNameError.run(AddUserSpCharFirstNameError:87)
	at com.kms.katalon.core.main.ScriptEngine.run(ScriptEngine.java:194)
	at com.kms.katalon.core.main.ScriptEngine.runScriptAsRawText(ScriptEngine.java:119)
	at com.kms.katalon.core.main.TestCaseExecutor.runScript(TestCaseExecutor.java:442)
	at com.kms.katalon.core.main.TestCaseExecutor.doExecute(TestCaseExecutor.java:433)
	at com.kms.katalon.core.main.TestCaseExecutor.processExecutionPhase(TestCaseExecutor.java:412)
	at com.kms.katalon.core.main.TestCaseExecutor.accessMainPhase(TestCaseExecutor.java:404)
	at com.kms.katalon.core.main.TestCaseExecutor.execute(TestCaseExecutor.java:281)
	at com.kms.katalon.core.main.TestSuiteExecutor.accessTestCaseMainPhase(TestSuiteExecutor.java:202)
	at com.kms.katalon.core.main.TestSuiteExecutor.accessTestSuiteMainPhase(TestSuiteExecutor.java:164)
	at com.kms.katalon.core.main.TestSuiteExecutor.execute(TestSuiteExecutor.java:105)
	at com.kms.katalon.core.main.TestCaseMain.startTestSuite(TestCaseMain.java:185)
	at com.kms.katalon.core.main.TestCaseMain$startTestSuite$0.call(Unknown Source)
	at TempTestSuite1676942839911.run(TempTestSuite1676942839911.groovy:36)
)

2023-02-20 20:43:05 - [MESSAGE][FAILED] - Text 'Username may only be comprised of alphanumeric characters, the underscore "_" character, the at "@" symbol, and the period "."Username may only be comprised of alphanumeric characters, the underscore "_" character, the at "@" symbol, and the period "."' is not present on page  using regular expression (Root cause: com.kms.katalon.core.exception.StepFailedException: Text 'Username may only be comprised of alphanumeric characters, the underscore "_" character, the at "@" symbol, and the period "."Username may only be comprised of alphanumeric characters, the underscore "_" character, the at "@" symbol, and the period "."' is not present on page  using regular expression
	at com.kms.katalon.core.webui.keyword.internal.WebUIKeywordMain.stepFailed(WebUIKeywordMain.groovy:64)
	at com.kms.katalon.core.webui.keyword.builtin.VerifyTextPresentKeyword$_verifyTextPresent_closure1.doCall(VerifyTextPresentKeyword.groovy:79)
	at com.kms.katalon.core.webui.keyword.builtin.VerifyTextPresentKeyword$_verifyTextPresent_closure1.call(VerifyTextPresentKeyword.groovy)
	at com.kms.katalon.core.webui.keyword.internal.WebUIKeywordMain.runKeyword(WebUIKeywordMain.groovy:20)
	at com.kms.katalon.core.webui.keyword.builtin.VerifyTextPresentKeyword.verifyTextPresent(VerifyTextPresentKeyword.groovy:83)
	at com.kms.katalon.core.webui.keyword.builtin.VerifyTextPresentKeyword.execute(VerifyTextPresentKeyword.groovy:68)
	at com.kms.katalon.core.keyword.internal.KeywordExecutor.executeKeywordForPlatform(KeywordExecutor.groovy:74)
	at com.kms.katalon.core.webui.keyword.WebUiBuiltInKeywords.verifyTextPresent(WebUiBuiltInKeywords.groovy:1723)
	at com.kms.katalon.core.webui.keyword.WebUiBuiltInKeywords$verifyTextPresent$5.call(Unknown Source)
	at AddUserSpCharFirstNameError.run(AddUserSpCharFirstNameError:87)
	at com.kms.katalon.core.main.ScriptEngine.run(ScriptEngine.java:194)
	at com.kms.katalon.core.main.ScriptEngine.runScriptAsRawText(ScriptEngine.java:119)
	at com.kms.katalon.core.main.TestCaseExecutor.runScript(TestCaseExecutor.java:442)
	at com.kms.katalon.core.main.TestCaseExecutor.doExecute(TestCaseExecutor.java:433)
	at com.kms.katalon.core.main.TestCaseExecutor.processExecutionPhase(TestCaseExecutor.java:412)
	at com.kms.katalon.core.main.TestCaseExecutor.accessMainPhase(TestCaseExecutor.java:404)
	at com.kms.katalon.core.main.TestCaseExecutor.execute(TestCaseExecutor.java:281)
	at com.kms.katalon.core.main.TestSuiteExecutor.accessTestCaseMainPhase(TestSuiteExecutor.java:202)
	at com.kms.katalon.core.main.TestSuiteExecutor.accessTestSuiteMainPhase(TestSuiteExecutor.java:164)
	at com.kms.katalon.core.main.TestSuiteExecutor.execute(TestSuiteExecutor.java:105)
	at com.kms.katalon.core.main.TestCaseMain.startTestSuite(TestCaseMain.java:185)
	at com.kms.katalon.core.main.TestCaseMain$startTestSuite$0.call(Unknown Source)
	at TempTestSuite1676942839911.run(TempTestSuite1676942839911.groovy:36)
)

2023-02-20 20:43:05 - [TEST_STEP][PASSED] - closeBrowser(): Browser is closed

2023-02-20 20:43:06 - [MESSAGE][PASSED] - Browser is closed

2023-02-20 20:43:06 - [TEST_STEP][PASSED] - ExecuteTC = findTestData(dataFile).getValue("Execute", row): null

2023-02-20 20:43:06 - [TEST_STEP][PASSED] - out.println("Value of Execute is : " + ExecuteTC): null

2023-02-20 20:43:06 - [TEST_STEP][FAILED] - if (ExecuteTC.equalsIgnoreCase("Y")): null

2023-02-20 20:43:06 - [TEST_STEP][PASSED] - out.println("Begin Record Number: " + row): null

2023-02-20 20:43:06 - [TEST_STEP][PASSED] - adminSuiteBootstrap.loginFunctionality.login_AdminSuite(): adminSuiteBootstrap.loginFunctionality.login_AdminSuite is PASSED

2023-02-20 20:43:06 - [MESSAGE][INFO] - Starting 'Chrome' driver

2023-02-20 20:43:06 - [MESSAGE][INFO] - User set preference: ['acceptInsecureCerts', 'true']

2023-02-20 20:43:06 - [MESSAGE][INFO] - Action delay is set to 0 milliseconds

2023-02-20 20:43:09 - [MESSAGE][PASSED] - Browser is opened with url: 'https://qa.velocitypayment.com/admin/imtiaz'

2023-02-20 20:43:09 - [MESSAGE][PASSED] - Current window maximized

2023-02-20 20:43:09 - [MESSAGE][PASSED] - Object 'Object Repository/Login_Page/Login_Username' is present

2023-02-20 20:43:10 - [MESSAGE][PASSED] - Text 'iahmed' is set on object 'Object Repository/Login_Page/Login_Username'

2023-02-20 20:43:10 - [MESSAGE][PASSED] - Text 'hello2222' is set on object 'Object Repository/Login_Page/Login_Password'

2023-02-20 20:43:13 - [MESSAGE][PASSED] - Object: 'Object Repository/Login_Page/Login_Submit' is clicked on

2023-02-20 20:43:13 - [MESSAGE][PASSED] - adminSuiteBootstrap.loginFunctionality.login_AdminSuite is PASSED

2023-02-20 20:43:13 - [TEST_STEP][PASSED] - click(findTestObject(path_Dashboard + "a_Access User Management")): Object: 'Object Repository/AdminSuiteBootstrap_Pages/Dashboard_Bootstrap/a_Access User Management' is clicked on

2023-02-20 20:43:14 - [MESSAGE][PASSED] - Object: 'Object Repository/AdminSuiteBootstrap_Pages/Dashboard_Bootstrap/a_Access User Management' is clicked on

2023-02-20 20:43:14 - [TEST_STEP][PASSED] - click(findTestObject(path_Users + "a_Add User")): Object: 'Object Repository/AdminSuiteBootstrap_Pages/UM_Bootstrap/Users/a_Add User' is clicked on

2023-02-20 20:43:15 - [MESSAGE][PASSED] - Object: 'Object Repository/AdminSuiteBootstrap_Pages/UM_Bootstrap/Users/a_Add User' is clicked on

2023-02-20 20:43:15 - [TEST_STEP][PASSED] - buildUsername = pages.GenerateRandom.getRandomAlpha(): pages.GenerateRandom.getRandomAlpha is PASSED

2023-02-20 20:43:15 - [MESSAGE][PASSED] - pages.GenerateRandom.getRandomAlpha is PASSED

2023-02-20 20:43:15 - [TEST_STEP][PASSED] - prefixUsername = findTestData(dataFile).getValue("Firstname", row): null

2023-02-20 20:43:15 - [TEST_STEP][PASSED] - spUsername = prefixUsername + buildUsername: null

2023-02-20 20:43:15 - [TEST_STEP][PASSED] - setText(findTestObject(path_AddUser + "input_EmailAddress"), "iahmed@govolution.com"): Text 'iahmed@govolution.com' is set on object 'Object Repository/AdminSuiteBootstrap_Pages/UM_Bootstrap/AddUser/input_EmailAddress'

2023-02-20 20:43:16 - [MESSAGE][PASSED] - Text 'iahmed@govolution.com' is set on object 'Object Repository/AdminSuiteBootstrap_Pages/UM_Bootstrap/AddUser/input_EmailAddress'

2023-02-20 20:43:16 - [TEST_STEP][PASSED] - setText(findTestObject(path_AddUser + "input_Username"), buildUsername): Text 'yjokhGPAE' is set on object 'Object Repository/AdminSuiteBootstrap_Pages/UM_Bootstrap/AddUser/input_Username'

2023-02-20 20:43:16 - [MESSAGE][PASSED] - Text 'yjokhGPAE' is set on object 'Object Repository/AdminSuiteBootstrap_Pages/UM_Bootstrap/AddUser/input_Username'

2023-02-20 20:43:16 - [TEST_STEP][PASSED] - setText(findTestObject(path_AddUser + "input_FirstName"), spUsername): Text '-yjokhGPAE' is set on object 'Object Repository/AdminSuiteBootstrap_Pages/UM_Bootstrap/AddUser/input_FirstName'

2023-02-20 20:43:17 - [MESSAGE][PASSED] - Text '-yjokhGPAE' is set on object 'Object Repository/AdminSuiteBootstrap_Pages/UM_Bootstrap/AddUser/input_FirstName'

2023-02-20 20:43:17 - [TEST_STEP][PASSED] - setText(findTestObject(path_AddUser + "input_LastName"), "Luka"): Text 'Luka' is set on object 'Object Repository/AdminSuiteBootstrap_Pages/UM_Bootstrap/AddUser/input_LastName'

2023-02-20 20:43:17 - [MESSAGE][PASSED] - Text 'Luka' is set on object 'Object Repository/AdminSuiteBootstrap_Pages/UM_Bootstrap/AddUser/input_LastName'

2023-02-20 20:43:17 - [TEST_STEP][PASSED] - setText(findTestObject(path_AddUser + "input_Password"), "hello6666"): Text 'hello6666' is set on object 'Object Repository/AdminSuiteBootstrap_Pages/UM_Bootstrap/AddUser/input_Password'

2023-02-20 20:43:18 - [MESSAGE][PASSED] - Text 'hello6666' is set on object 'Object Repository/AdminSuiteBootstrap_Pages/UM_Bootstrap/AddUser/input_Password'

2023-02-20 20:43:18 - [TEST_STEP][PASSED] - setText(findTestObject(path_AddUser + "input_ConfirmPassword"), "hello6666"): Text 'hello6666' is set on object 'Object Repository/AdminSuiteBootstrap_Pages/UM_Bootstrap/AddUser/input_ConfirmPassword'

2023-02-20 20:43:19 - [MESSAGE][PASSED] - Text 'hello6666' is set on object 'Object Repository/AdminSuiteBootstrap_Pages/UM_Bootstrap/AddUser/input_ConfirmPassword'

2023-02-20 20:43:19 - [TEST_STEP][PASSED] - check(findTestObject(path_AddUser + "input_No_lock")): Object 'Object Repository/AdminSuiteBootstrap_Pages/UM_Bootstrap/AddUser/input_No_lock' is checked

2023-02-20 20:43:19 - [MESSAGE][PASSED] - Object 'Object Repository/AdminSuiteBootstrap_Pages/UM_Bootstrap/AddUser/input_No_lock' is checked

2023-02-20 20:43:19 - [TEST_STEP][PASSED] - click(findTestObject(path_AddUser + "button_Create")): Object: 'Object Repository/AdminSuiteBootstrap_Pages/UM_Bootstrap/AddUser/button_Create' is clicked on

2023-02-20 20:43:20 - [MESSAGE][PASSED] - Object: 'Object Repository/AdminSuiteBootstrap_Pages/UM_Bootstrap/AddUser/button_Create' is clicked on

2023-02-20 20:43:20 - [TEST_STEP][PASSED] - verifyTextPresent("Error! Please provide the following required information as indicated below", true): Text 'Error! Please provide the following required information as indicated below' is present on page  using regular expression

2023-02-20 20:43:21 - [MESSAGE][PASSED] - Text 'Error! Please provide the following required information as indicated below' is present on page  using regular expression

2023-02-20 20:43:21 - [TEST_STEP][FAILED] - verifyTextPresent("Username may only be comprised of alphanumeric characters, the underscore "_" character, the at "@" symbol, and the period "."Username may only be comprised of alphanumeric characters, the underscore "_" character, the at "@" symbol, and the period "."", true): Text 'Username may only be comprised of alphanumeric characters, the underscore "_" character, the at "@" symbol, and the period "."Username may only be comprised of alphanumeric characters, the underscore "_" character, the at "@" symbol, and the period "."' is not present on page  using regular expression (Root cause: com.kms.katalon.core.exception.StepFailedException: Text 'Username may only be comprised of alphanumeric characters, the underscore "_" character, the at "@" symbol, and the period "."Username may only be comprised of alphanumeric characters, the underscore "_" character, the at "@" symbol, and the period "."' is not present on page  using regular expression
	at com.kms.katalon.core.webui.keyword.internal.WebUIKeywordMain.stepFailed(WebUIKeywordMain.groovy:64)
	at com.kms.katalon.core.webui.keyword.builtin.VerifyTextPresentKeyword$_verifyTextPresent_closure1.doCall(VerifyTextPresentKeyword.groovy:79)
	at com.kms.katalon.core.webui.keyword.builtin.VerifyTextPresentKeyword$_verifyTextPresent_closure1.call(VerifyTextPresentKeyword.groovy)
	at com.kms.katalon.core.webui.keyword.internal.WebUIKeywordMain.runKeyword(WebUIKeywordMain.groovy:20)
	at com.kms.katalon.core.webui.keyword.builtin.VerifyTextPresentKeyword.verifyTextPresent(VerifyTextPresentKeyword.groovy:83)
	at com.kms.katalon.core.webui.keyword.builtin.VerifyTextPresentKeyword.execute(VerifyTextPresentKeyword.groovy:68)
	at com.kms.katalon.core.keyword.internal.KeywordExecutor.executeKeywordForPlatform(KeywordExecutor.groovy:74)
	at com.kms.katalon.core.webui.keyword.WebUiBuiltInKeywords.verifyTextPresent(WebUiBuiltInKeywords.groovy:1723)
	at com.kms.katalon.core.webui.keyword.WebUiBuiltInKeywords$verifyTextPresent$5.call(Unknown Source)
	at AddUserSpCharFirstNameError.run(AddUserSpCharFirstNameError:87)
	at com.kms.katalon.core.main.ScriptEngine.run(ScriptEngine.java:194)
	at com.kms.katalon.core.main.ScriptEngine.runScriptAsRawText(ScriptEngine.java:119)
	at com.kms.katalon.core.main.TestCaseExecutor.runScript(TestCaseExecutor.java:442)
	at com.kms.katalon.core.main.TestCaseExecutor.doExecute(TestCaseExecutor.java:433)
	at com.kms.katalon.core.main.TestCaseExecutor.processExecutionPhase(TestCaseExecutor.java:412)
	at com.kms.katalon.core.main.TestCaseExecutor.accessMainPhase(TestCaseExecutor.java:404)
	at com.kms.katalon.core.main.TestCaseExecutor.execute(TestCaseExecutor.java:281)
	at com.kms.katalon.core.main.TestSuiteExecutor.accessTestCaseMainPhase(TestSuiteExecutor.java:202)
	at com.kms.katalon.core.main.TestSuiteExecutor.accessTestSuiteMainPhase(TestSuiteExecutor.java:164)
	at com.kms.katalon.core.main.TestSuiteExecutor.execute(TestSuiteExecutor.java:105)
	at com.kms.katalon.core.main.TestCaseMain.startTestSuite(TestCaseMain.java:185)
	at com.kms.katalon.core.main.TestCaseMain$startTestSuite$0.call(Unknown Source)
	at TempTestSuite1676942839911.run(TempTestSuite1676942839911.groovy:36)
)

2023-02-20 20:43:21 - [MESSAGE][FAILED] - Text 'Username may only be comprised of alphanumeric characters, the underscore "_" character, the at "@" symbol, and the period "."Username may only be comprised of alphanumeric characters, the underscore "_" character, the at "@" symbol, and the period "."' is not present on page  using regular expression (Root cause: com.kms.katalon.core.exception.StepFailedException: Text 'Username may only be comprised of alphanumeric characters, the underscore "_" character, the at "@" symbol, and the period "."Username may only be comprised of alphanumeric characters, the underscore "_" character, the at "@" symbol, and the period "."' is not present on page  using regular expression
	at com.kms.katalon.core.webui.keyword.internal.WebUIKeywordMain.stepFailed(WebUIKeywordMain.groovy:64)
	at com.kms.katalon.core.webui.keyword.builtin.VerifyTextPresentKeyword$_verifyTextPresent_closure1.doCall(VerifyTextPresentKeyword.groovy:79)
	at com.kms.katalon.core.webui.keyword.builtin.VerifyTextPresentKeyword$_verifyTextPresent_closure1.call(VerifyTextPresentKeyword.groovy)
	at com.kms.katalon.core.webui.keyword.internal.WebUIKeywordMain.runKeyword(WebUIKeywordMain.groovy:20)
	at com.kms.katalon.core.webui.keyword.builtin.VerifyTextPresentKeyword.verifyTextPresent(VerifyTextPresentKeyword.groovy:83)
	at com.kms.katalon.core.webui.keyword.builtin.VerifyTextPresentKeyword.execute(VerifyTextPresentKeyword.groovy:68)
	at com.kms.katalon.core.keyword.internal.KeywordExecutor.executeKeywordForPlatform(KeywordExecutor.groovy:74)
	at com.kms.katalon.core.webui.keyword.WebUiBuiltInKeywords.verifyTextPresent(WebUiBuiltInKeywords.groovy:1723)
	at com.kms.katalon.core.webui.keyword.WebUiBuiltInKeywords$verifyTextPresent$5.call(Unknown Source)
	at AddUserSpCharFirstNameError.run(AddUserSpCharFirstNameError:87)
	at com.kms.katalon.core.main.ScriptEngine.run(ScriptEngine.java:194)
	at com.kms.katalon.core.main.ScriptEngine.runScriptAsRawText(ScriptEngine.java:119)
	at com.kms.katalon.core.main.TestCaseExecutor.runScript(TestCaseExecutor.java:442)
	at com.kms.katalon.core.main.TestCaseExecutor.doExecute(TestCaseExecutor.java:433)
	at com.kms.katalon.core.main.TestCaseExecutor.processExecutionPhase(TestCaseExecutor.java:412)
	at com.kms.katalon.core.main.TestCaseExecutor.accessMainPhase(TestCaseExecutor.java:404)
	at com.kms.katalon.core.main.TestCaseExecutor.execute(TestCaseExecutor.java:281)
	at com.kms.katalon.core.main.TestSuiteExecutor.accessTestCaseMainPhase(TestSuiteExecutor.java:202)
	at com.kms.katalon.core.main.TestSuiteExecutor.accessTestSuiteMainPhase(TestSuiteExecutor.java:164)
	at com.kms.katalon.core.main.TestSuiteExecutor.execute(TestSuiteExecutor.java:105)
	at com.kms.katalon.core.main.TestCaseMain.startTestSuite(TestCaseMain.java:185)
	at com.kms.katalon.core.main.TestCaseMain$startTestSuite$0.call(Unknown Source)
	at TempTestSuite1676942839911.run(TempTestSuite1676942839911.groovy:36)
)

2023-02-20 20:43:21 - [TEST_STEP][PASSED] - closeBrowser(): Browser is closed

2023-02-20 20:43:22 - [MESSAGE][PASSED] - Browser is closed

2023-02-20 20:43:22 - [TEST_STEP][PASSED] - ExecuteTC = findTestData(dataFile).getValue("Execute", row): null

2023-02-20 20:43:22 - [TEST_STEP][PASSED] - out.println("Value of Execute is : " + ExecuteTC): null

2023-02-20 20:43:22 - [TEST_STEP][FAILED] - if (ExecuteTC.equalsIgnoreCase("Y")): null

2023-02-20 20:43:22 - [TEST_STEP][PASSED] - out.println("Begin Record Number: " + row): null

2023-02-20 20:43:22 - [TEST_STEP][PASSED] - adminSuiteBootstrap.loginFunctionality.login_AdminSuite(): adminSuiteBootstrap.loginFunctionality.login_AdminSuite is PASSED

2023-02-20 20:43:22 - [MESSAGE][INFO] - Starting 'Chrome' driver

2023-02-20 20:43:22 - [MESSAGE][INFO] - User set preference: ['acceptInsecureCerts', 'true']

2023-02-20 20:43:22 - [MESSAGE][INFO] - Action delay is set to 0 milliseconds

2023-02-20 20:43:24 - [MESSAGE][PASSED] - Browser is opened with url: 'https://qa.velocitypayment.com/admin/imtiaz'

2023-02-20 20:43:24 - [MESSAGE][PASSED] - Current window maximized

2023-02-20 20:43:25 - [MESSAGE][PASSED] - Object 'Object Repository/Login_Page/Login_Username' is present

2023-02-20 20:43:25 - [MESSAGE][PASSED] - Text 'iahmed' is set on object 'Object Repository/Login_Page/Login_Username'

2023-02-20 20:43:26 - [MESSAGE][PASSED] - Text 'hello2222' is set on object 'Object Repository/Login_Page/Login_Password'

2023-02-20 20:43:29 - [MESSAGE][PASSED] - Object: 'Object Repository/Login_Page/Login_Submit' is clicked on

2023-02-20 20:43:29 - [MESSAGE][PASSED] - adminSuiteBootstrap.loginFunctionality.login_AdminSuite is PASSED

2023-02-20 20:43:29 - [TEST_STEP][PASSED] - click(findTestObject(path_Dashboard + "a_Access User Management")): Object: 'Object Repository/AdminSuiteBootstrap_Pages/Dashboard_Bootstrap/a_Access User Management' is clicked on

2023-02-20 20:43:30 - [MESSAGE][PASSED] - Object: 'Object Repository/AdminSuiteBootstrap_Pages/Dashboard_Bootstrap/a_Access User Management' is clicked on

2023-02-20 20:43:30 - [TEST_STEP][PASSED] - click(findTestObject(path_Users + "a_Add User")): Object: 'Object Repository/AdminSuiteBootstrap_Pages/UM_Bootstrap/Users/a_Add User' is clicked on

2023-02-20 20:43:30 - [MESSAGE][PASSED] - Object: 'Object Repository/AdminSuiteBootstrap_Pages/UM_Bootstrap/Users/a_Add User' is clicked on

2023-02-20 20:43:30 - [TEST_STEP][PASSED] - buildUsername = pages.GenerateRandom.getRandomAlpha(): pages.GenerateRandom.getRandomAlpha is PASSED

2023-02-20 20:43:30 - [MESSAGE][PASSED] - pages.GenerateRandom.getRandomAlpha is PASSED

2023-02-20 20:43:30 - [TEST_STEP][PASSED] - prefixUsername = findTestData(dataFile).getValue("Firstname", row): null

2023-02-20 20:43:30 - [TEST_STEP][PASSED] - spUsername = prefixUsername + buildUsername: null

2023-02-20 20:43:30 - [TEST_STEP][PASSED] - setText(findTestObject(path_AddUser + "input_EmailAddress"), "iahmed@govolution.com"): Text 'iahmed@govolution.com' is set on object 'Object Repository/AdminSuiteBootstrap_Pages/UM_Bootstrap/AddUser/input_EmailAddress'

2023-02-20 20:43:31 - [MESSAGE][PASSED] - Text 'iahmed@govolution.com' is set on object 'Object Repository/AdminSuiteBootstrap_Pages/UM_Bootstrap/AddUser/input_EmailAddress'

2023-02-20 20:43:31 - [TEST_STEP][PASSED] - setText(findTestObject(path_AddUser + "input_Username"), buildUsername): Text 'MvhEaWyDk' is set on object 'Object Repository/AdminSuiteBootstrap_Pages/UM_Bootstrap/AddUser/input_Username'

2023-02-20 20:43:32 - [MESSAGE][PASSED] - Text 'MvhEaWyDk' is set on object 'Object Repository/AdminSuiteBootstrap_Pages/UM_Bootstrap/AddUser/input_Username'

2023-02-20 20:43:32 - [TEST_STEP][PASSED] - setText(findTestObject(path_AddUser + "input_FirstName"), spUsername): Text '+MvhEaWyDk' is set on object 'Object Repository/AdminSuiteBootstrap_Pages/UM_Bootstrap/AddUser/input_FirstName'

2023-02-20 20:43:32 - [MESSAGE][PASSED] - Text '+MvhEaWyDk' is set on object 'Object Repository/AdminSuiteBootstrap_Pages/UM_Bootstrap/AddUser/input_FirstName'

2023-02-20 20:43:32 - [TEST_STEP][PASSED] - setText(findTestObject(path_AddUser + "input_LastName"), "Luka"): Text 'Luka' is set on object 'Object Repository/AdminSuiteBootstrap_Pages/UM_Bootstrap/AddUser/input_LastName'

2023-02-20 20:43:33 - [MESSAGE][PASSED] - Text 'Luka' is set on object 'Object Repository/AdminSuiteBootstrap_Pages/UM_Bootstrap/AddUser/input_LastName'

2023-02-20 20:43:33 - [TEST_STEP][PASSED] - setText(findTestObject(path_AddUser + "input_Password"), "hello6666"): Text 'hello6666' is set on object 'Object Repository/AdminSuiteBootstrap_Pages/UM_Bootstrap/AddUser/input_Password'

2023-02-20 20:43:34 - [MESSAGE][PASSED] - Text 'hello6666' is set on object 'Object Repository/AdminSuiteBootstrap_Pages/UM_Bootstrap/AddUser/input_Password'

2023-02-20 20:43:34 - [TEST_STEP][PASSED] - setText(findTestObject(path_AddUser + "input_ConfirmPassword"), "hello6666"): Text 'hello6666' is set on object 'Object Repository/AdminSuiteBootstrap_Pages/UM_Bootstrap/AddUser/input_ConfirmPassword'

2023-02-20 20:43:34 - [MESSAGE][PASSED] - Text 'hello6666' is set on object 'Object Repository/AdminSuiteBootstrap_Pages/UM_Bootstrap/AddUser/input_ConfirmPassword'

2023-02-20 20:43:34 - [TEST_STEP][PASSED] - check(findTestObject(path_AddUser + "input_No_lock")): Object 'Object Repository/AdminSuiteBootstrap_Pages/UM_Bootstrap/AddUser/input_No_lock' is checked

2023-02-20 20:43:35 - [MESSAGE][PASSED] - Object 'Object Repository/AdminSuiteBootstrap_Pages/UM_Bootstrap/AddUser/input_No_lock' is checked

2023-02-20 20:43:35 - [TEST_STEP][PASSED] - click(findTestObject(path_AddUser + "button_Create")): Object: 'Object Repository/AdminSuiteBootstrap_Pages/UM_Bootstrap/AddUser/button_Create' is clicked on

2023-02-20 20:43:36 - [MESSAGE][PASSED] - Object: 'Object Repository/AdminSuiteBootstrap_Pages/UM_Bootstrap/AddUser/button_Create' is clicked on

2023-02-20 20:43:36 - [TEST_STEP][PASSED] - verifyTextPresent("Error! Please provide the following required information as indicated below", true): Text 'Error! Please provide the following required information as indicated below' is present on page  using regular expression

2023-02-20 20:43:36 - [MESSAGE][PASSED] - Text 'Error! Please provide the following required information as indicated below' is present on page  using regular expression

2023-02-20 20:43:36 - [TEST_STEP][FAILED] - verifyTextPresent("Username may only be comprised of alphanumeric characters, the underscore "_" character, the at "@" symbol, and the period "."Username may only be comprised of alphanumeric characters, the underscore "_" character, the at "@" symbol, and the period "."", true): Text 'Username may only be comprised of alphanumeric characters, the underscore "_" character, the at "@" symbol, and the period "."Username may only be comprised of alphanumeric characters, the underscore "_" character, the at "@" symbol, and the period "."' is not present on page  using regular expression (Root cause: com.kms.katalon.core.exception.StepFailedException: Text 'Username may only be comprised of alphanumeric characters, the underscore "_" character, the at "@" symbol, and the period "."Username may only be comprised of alphanumeric characters, the underscore "_" character, the at "@" symbol, and the period "."' is not present on page  using regular expression
	at com.kms.katalon.core.webui.keyword.internal.WebUIKeywordMain.stepFailed(WebUIKeywordMain.groovy:64)
	at com.kms.katalon.core.webui.keyword.builtin.VerifyTextPresentKeyword$_verifyTextPresent_closure1.doCall(VerifyTextPresentKeyword.groovy:79)
	at com.kms.katalon.core.webui.keyword.builtin.VerifyTextPresentKeyword$_verifyTextPresent_closure1.call(VerifyTextPresentKeyword.groovy)
	at com.kms.katalon.core.webui.keyword.internal.WebUIKeywordMain.runKeyword(WebUIKeywordMain.groovy:20)
	at com.kms.katalon.core.webui.keyword.builtin.VerifyTextPresentKeyword.verifyTextPresent(VerifyTextPresentKeyword.groovy:83)
	at com.kms.katalon.core.webui.keyword.builtin.VerifyTextPresentKeyword.execute(VerifyTextPresentKeyword.groovy:68)
	at com.kms.katalon.core.keyword.internal.KeywordExecutor.executeKeywordForPlatform(KeywordExecutor.groovy:74)
	at com.kms.katalon.core.webui.keyword.WebUiBuiltInKeywords.verifyTextPresent(WebUiBuiltInKeywords.groovy:1723)
	at com.kms.katalon.core.webui.keyword.WebUiBuiltInKeywords$verifyTextPresent$5.call(Unknown Source)
	at AddUserSpCharFirstNameError.run(AddUserSpCharFirstNameError:87)
	at com.kms.katalon.core.main.ScriptEngine.run(ScriptEngine.java:194)
	at com.kms.katalon.core.main.ScriptEngine.runScriptAsRawText(ScriptEngine.java:119)
	at com.kms.katalon.core.main.TestCaseExecutor.runScript(TestCaseExecutor.java:442)
	at com.kms.katalon.core.main.TestCaseExecutor.doExecute(TestCaseExecutor.java:433)
	at com.kms.katalon.core.main.TestCaseExecutor.processExecutionPhase(TestCaseExecutor.java:412)
	at com.kms.katalon.core.main.TestCaseExecutor.accessMainPhase(TestCaseExecutor.java:404)
	at com.kms.katalon.core.main.TestCaseExecutor.execute(TestCaseExecutor.java:281)
	at com.kms.katalon.core.main.TestSuiteExecutor.accessTestCaseMainPhase(TestSuiteExecutor.java:202)
	at com.kms.katalon.core.main.TestSuiteExecutor.accessTestSuiteMainPhase(TestSuiteExecutor.java:164)
	at com.kms.katalon.core.main.TestSuiteExecutor.execute(TestSuiteExecutor.java:105)
	at com.kms.katalon.core.main.TestCaseMain.startTestSuite(TestCaseMain.java:185)
	at com.kms.katalon.core.main.TestCaseMain$startTestSuite$0.call(Unknown Source)
	at TempTestSuite1676942839911.run(TempTestSuite1676942839911.groovy:36)
)

2023-02-20 20:43:36 - [MESSAGE][FAILED] - Text 'Username may only be comprised of alphanumeric characters, the underscore "_" character, the at "@" symbol, and the period "."Username may only be comprised of alphanumeric characters, the underscore "_" character, the at "@" symbol, and the period "."' is not present on page  using regular expression (Root cause: com.kms.katalon.core.exception.StepFailedException: Text 'Username may only be comprised of alphanumeric characters, the underscore "_" character, the at "@" symbol, and the period "."Username may only be comprised of alphanumeric characters, the underscore "_" character, the at "@" symbol, and the period "."' is not present on page  using regular expression
	at com.kms.katalon.core.webui.keyword.internal.WebUIKeywordMain.stepFailed(WebUIKeywordMain.groovy:64)
	at com.kms.katalon.core.webui.keyword.builtin.VerifyTextPresentKeyword$_verifyTextPresent_closure1.doCall(VerifyTextPresentKeyword.groovy:79)
	at com.kms.katalon.core.webui.keyword.builtin.VerifyTextPresentKeyword$_verifyTextPresent_closure1.call(VerifyTextPresentKeyword.groovy)
	at com.kms.katalon.core.webui.keyword.internal.WebUIKeywordMain.runKeyword(WebUIKeywordMain.groovy:20)
	at com.kms.katalon.core.webui.keyword.builtin.VerifyTextPresentKeyword.verifyTextPresent(VerifyTextPresentKeyword.groovy:83)
	at com.kms.katalon.core.webui.keyword.builtin.VerifyTextPresentKeyword.execute(VerifyTextPresentKeyword.groovy:68)
	at com.kms.katalon.core.keyword.internal.KeywordExecutor.executeKeywordForPlatform(KeywordExecutor.groovy:74)
	at com.kms.katalon.core.webui.keyword.WebUiBuiltInKeywords.verifyTextPresent(WebUiBuiltInKeywords.groovy:1723)
	at com.kms.katalon.core.webui.keyword.WebUiBuiltInKeywords$verifyTextPresent$5.call(Unknown Source)
	at AddUserSpCharFirstNameError.run(AddUserSpCharFirstNameError:87)
	at com.kms.katalon.core.main.ScriptEngine.run(ScriptEngine.java:194)
	at com.kms.katalon.core.main.ScriptEngine.runScriptAsRawText(ScriptEngine.java:119)
	at com.kms.katalon.core.main.TestCaseExecutor.runScript(TestCaseExecutor.java:442)
	at com.kms.katalon.core.main.TestCaseExecutor.doExecute(TestCaseExecutor.java:433)
	at com.kms.katalon.core.main.TestCaseExecutor.processExecutionPhase(TestCaseExecutor.java:412)
	at com.kms.katalon.core.main.TestCaseExecutor.accessMainPhase(TestCaseExecutor.java:404)
	at com.kms.katalon.core.main.TestCaseExecutor.execute(TestCaseExecutor.java:281)
	at com.kms.katalon.core.main.TestSuiteExecutor.accessTestCaseMainPhase(TestSuiteExecutor.java:202)
	at com.kms.katalon.core.main.TestSuiteExecutor.accessTestSuiteMainPhase(TestSuiteExecutor.java:164)
	at com.kms.katalon.core.main.TestSuiteExecutor.execute(TestSuiteExecutor.java:105)
	at com.kms.katalon.core.main.TestCaseMain.startTestSuite(TestCaseMain.java:185)
	at com.kms.katalon.core.main.TestCaseMain$startTestSuite$0.call(Unknown Source)
	at TempTestSuite1676942839911.run(TempTestSuite1676942839911.groovy:36)
)

2023-02-20 20:43:36 - [TEST_STEP][PASSED] - closeBrowser(): Browser is closed

2023-02-20 20:43:37 - [MESSAGE][PASSED] - Browser is closed

2023-02-20 20:43:37 - [TEST_STEP][PASSED] - ExecuteTC = findTestData(dataFile).getValue("Execute", row): null

2023-02-20 20:43:37 - [TEST_STEP][PASSED] - out.println("Value of Execute is : " + ExecuteTC): null

2023-02-20 20:43:37 - [TEST_STEP][FAILED] - if (ExecuteTC.equalsIgnoreCase("Y")): null

2023-02-20 20:43:37 - [TEST_STEP][PASSED] - out.println("Begin Record Number: " + row): null

2023-02-20 20:43:37 - [TEST_STEP][PASSED] - adminSuiteBootstrap.loginFunctionality.login_AdminSuite(): adminSuiteBootstrap.loginFunctionality.login_AdminSuite is PASSED

2023-02-20 20:43:37 - [MESSAGE][INFO] - Starting 'Chrome' driver

2023-02-20 20:43:37 - [MESSAGE][INFO] - User set preference: ['acceptInsecureCerts', 'true']

2023-02-20 20:43:37 - [MESSAGE][INFO] - Action delay is set to 0 milliseconds

2023-02-20 20:43:40 - [MESSAGE][PASSED] - Browser is opened with url: 'https://qa.velocitypayment.com/admin/imtiaz'

2023-02-20 20:43:40 - [MESSAGE][PASSED] - Current window maximized

2023-02-20 20:43:40 - [MESSAGE][PASSED] - Object 'Object Repository/Login_Page/Login_Username' is present

2023-02-20 20:43:41 - [MESSAGE][PASSED] - Text 'iahmed' is set on object 'Object Repository/Login_Page/Login_Username'

2023-02-20 20:43:42 - [MESSAGE][PASSED] - Text 'hello2222' is set on object 'Object Repository/Login_Page/Login_Password'

2023-02-20 20:43:44 - [MESSAGE][PASSED] - Object: 'Object Repository/Login_Page/Login_Submit' is clicked on

2023-02-20 20:43:44 - [MESSAGE][PASSED] - adminSuiteBootstrap.loginFunctionality.login_AdminSuite is PASSED

2023-02-20 20:43:44 - [TEST_STEP][PASSED] - click(findTestObject(path_Dashboard + "a_Access User Management")): Object: 'Object Repository/AdminSuiteBootstrap_Pages/Dashboard_Bootstrap/a_Access User Management' is clicked on

2023-02-20 20:43:45 - [MESSAGE][PASSED] - Object: 'Object Repository/AdminSuiteBootstrap_Pages/Dashboard_Bootstrap/a_Access User Management' is clicked on

2023-02-20 20:43:45 - [TEST_STEP][PASSED] - click(findTestObject(path_Users + "a_Add User")): Object: 'Object Repository/AdminSuiteBootstrap_Pages/UM_Bootstrap/Users/a_Add User' is clicked on

2023-02-20 20:43:46 - [MESSAGE][PASSED] - Object: 'Object Repository/AdminSuiteBootstrap_Pages/UM_Bootstrap/Users/a_Add User' is clicked on

2023-02-20 20:43:46 - [TEST_STEP][PASSED] - buildUsername = pages.GenerateRandom.getRandomAlpha(): pages.GenerateRandom.getRandomAlpha is PASSED

2023-02-20 20:43:46 - [MESSAGE][PASSED] - pages.GenerateRandom.getRandomAlpha is PASSED

2023-02-20 20:43:46 - [TEST_STEP][PASSED] - prefixUsername = findTestData(dataFile).getValue("Firstname", row): null

2023-02-20 20:43:46 - [TEST_STEP][PASSED] - spUsername = prefixUsername + buildUsername: null

2023-02-20 20:43:46 - [TEST_STEP][PASSED] - setText(findTestObject(path_AddUser + "input_EmailAddress"), "iahmed@govolution.com"): Text 'iahmed@govolution.com' is set on object 'Object Repository/AdminSuiteBootstrap_Pages/UM_Bootstrap/AddUser/input_EmailAddress'

2023-02-20 20:43:47 - [MESSAGE][PASSED] - Text 'iahmed@govolution.com' is set on object 'Object Repository/AdminSuiteBootstrap_Pages/UM_Bootstrap/AddUser/input_EmailAddress'

2023-02-20 20:43:47 - [TEST_STEP][PASSED] - setText(findTestObject(path_AddUser + "input_Username"), buildUsername): Text 'QyLjDOsTO' is set on object 'Object Repository/AdminSuiteBootstrap_Pages/UM_Bootstrap/AddUser/input_Username'

2023-02-20 20:43:47 - [MESSAGE][PASSED] - Text 'QyLjDOsTO' is set on object 'Object Repository/AdminSuiteBootstrap_Pages/UM_Bootstrap/AddUser/input_Username'

2023-02-20 20:43:47 - [TEST_STEP][PASSED] - setText(findTestObject(path_AddUser + "input_FirstName"), spUsername): Text '@QyLjDOsTO' is set on object 'Object Repository/AdminSuiteBootstrap_Pages/UM_Bootstrap/AddUser/input_FirstName'

2023-02-20 20:43:48 - [MESSAGE][PASSED] - Text '@QyLjDOsTO' is set on object 'Object Repository/AdminSuiteBootstrap_Pages/UM_Bootstrap/AddUser/input_FirstName'

2023-02-20 20:43:48 - [TEST_STEP][PASSED] - setText(findTestObject(path_AddUser + "input_LastName"), "Luka"): Text 'Luka' is set on object 'Object Repository/AdminSuiteBootstrap_Pages/UM_Bootstrap/AddUser/input_LastName'

2023-02-20 20:43:48 - [MESSAGE][PASSED] - Text 'Luka' is set on object 'Object Repository/AdminSuiteBootstrap_Pages/UM_Bootstrap/AddUser/input_LastName'

2023-02-20 20:43:48 - [TEST_STEP][PASSED] - setText(findTestObject(path_AddUser + "input_Password"), "hello6666"): Text 'hello6666' is set on object 'Object Repository/AdminSuiteBootstrap_Pages/UM_Bootstrap/AddUser/input_Password'

2023-02-20 20:43:49 - [MESSAGE][PASSED] - Text 'hello6666' is set on object 'Object Repository/AdminSuiteBootstrap_Pages/UM_Bootstrap/AddUser/input_Password'

2023-02-20 20:43:49 - [TEST_STEP][PASSED] - setText(findTestObject(path_AddUser + "input_ConfirmPassword"), "hello6666"): Text 'hello6666' is set on object 'Object Repository/AdminSuiteBootstrap_Pages/UM_Bootstrap/AddUser/input_ConfirmPassword'

2023-02-20 20:43:50 - [MESSAGE][PASSED] - Text 'hello6666' is set on object 'Object Repository/AdminSuiteBootstrap_Pages/UM_Bootstrap/AddUser/input_ConfirmPassword'

2023-02-20 20:43:50 - [TEST_STEP][PASSED] - check(findTestObject(path_AddUser + "input_No_lock")): Object 'Object Repository/AdminSuiteBootstrap_Pages/UM_Bootstrap/AddUser/input_No_lock' is checked

2023-02-20 20:43:50 - [MESSAGE][PASSED] - Object 'Object Repository/AdminSuiteBootstrap_Pages/UM_Bootstrap/AddUser/input_No_lock' is checked

2023-02-20 20:43:50 - [TEST_STEP][PASSED] - click(findTestObject(path_AddUser + "button_Create")): Object: 'Object Repository/AdminSuiteBootstrap_Pages/UM_Bootstrap/AddUser/button_Create' is clicked on

2023-02-20 20:43:51 - [MESSAGE][PASSED] - Object: 'Object Repository/AdminSuiteBootstrap_Pages/UM_Bootstrap/AddUser/button_Create' is clicked on

2023-02-20 20:43:51 - [TEST_STEP][PASSED] - verifyTextPresent("Error! Please provide the following required information as indicated below", true): Text 'Error! Please provide the following required information as indicated below' is present on page  using regular expression

2023-02-20 20:43:52 - [MESSAGE][PASSED] - Text 'Error! Please provide the following required information as indicated below' is present on page  using regular expression

2023-02-20 20:43:52 - [TEST_STEP][FAILED] - verifyTextPresent("Username may only be comprised of alphanumeric characters, the underscore "_" character, the at "@" symbol, and the period "."Username may only be comprised of alphanumeric characters, the underscore "_" character, the at "@" symbol, and the period "."", true): Text 'Username may only be comprised of alphanumeric characters, the underscore "_" character, the at "@" symbol, and the period "."Username may only be comprised of alphanumeric characters, the underscore "_" character, the at "@" symbol, and the period "."' is not present on page  using regular expression (Root cause: com.kms.katalon.core.exception.StepFailedException: Text 'Username may only be comprised of alphanumeric characters, the underscore "_" character, the at "@" symbol, and the period "."Username may only be comprised of alphanumeric characters, the underscore "_" character, the at "@" symbol, and the period "."' is not present on page  using regular expression
	at com.kms.katalon.core.webui.keyword.internal.WebUIKeywordMain.stepFailed(WebUIKeywordMain.groovy:64)
	at com.kms.katalon.core.webui.keyword.builtin.VerifyTextPresentKeyword$_verifyTextPresent_closure1.doCall(VerifyTextPresentKeyword.groovy:79)
	at com.kms.katalon.core.webui.keyword.builtin.VerifyTextPresentKeyword$_verifyTextPresent_closure1.call(VerifyTextPresentKeyword.groovy)
	at com.kms.katalon.core.webui.keyword.internal.WebUIKeywordMain.runKeyword(WebUIKeywordMain.groovy:20)
	at com.kms.katalon.core.webui.keyword.builtin.VerifyTextPresentKeyword.verifyTextPresent(VerifyTextPresentKeyword.groovy:83)
	at com.kms.katalon.core.webui.keyword.builtin.VerifyTextPresentKeyword.execute(VerifyTextPresentKeyword.groovy:68)
	at com.kms.katalon.core.keyword.internal.KeywordExecutor.executeKeywordForPlatform(KeywordExecutor.groovy:74)
	at com.kms.katalon.core.webui.keyword.WebUiBuiltInKeywords.verifyTextPresent(WebUiBuiltInKeywords.groovy:1723)
	at com.kms.katalon.core.webui.keyword.WebUiBuiltInKeywords$verifyTextPresent$5.call(Unknown Source)
	at AddUserSpCharFirstNameError.run(AddUserSpCharFirstNameError:87)
	at com.kms.katalon.core.main.ScriptEngine.run(ScriptEngine.java:194)
	at com.kms.katalon.core.main.ScriptEngine.runScriptAsRawText(ScriptEngine.java:119)
	at com.kms.katalon.core.main.TestCaseExecutor.runScript(TestCaseExecutor.java:442)
	at com.kms.katalon.core.main.TestCaseExecutor.doExecute(TestCaseExecutor.java:433)
	at com.kms.katalon.core.main.TestCaseExecutor.processExecutionPhase(TestCaseExecutor.java:412)
	at com.kms.katalon.core.main.TestCaseExecutor.accessMainPhase(TestCaseExecutor.java:404)
	at com.kms.katalon.core.main.TestCaseExecutor.execute(TestCaseExecutor.java:281)
	at com.kms.katalon.core.main.TestSuiteExecutor.accessTestCaseMainPhase(TestSuiteExecutor.java:202)
	at com.kms.katalon.core.main.TestSuiteExecutor.accessTestSuiteMainPhase(TestSuiteExecutor.java:164)
	at com.kms.katalon.core.main.TestSuiteExecutor.execute(TestSuiteExecutor.java:105)
	at com.kms.katalon.core.main.TestCaseMain.startTestSuite(TestCaseMain.java:185)
	at com.kms.katalon.core.main.TestCaseMain$startTestSuite$0.call(Unknown Source)
	at TempTestSuite1676942839911.run(TempTestSuite1676942839911.groovy:36)
)

2023-02-20 20:43:52 - [MESSAGE][FAILED] - Text 'Username may only be comprised of alphanumeric characters, the underscore "_" character, the at "@" symbol, and the period "."Username may only be comprised of alphanumeric characters, the underscore "_" character, the at "@" symbol, and the period "."' is not present on page  using regular expression (Root cause: com.kms.katalon.core.exception.StepFailedException: Text 'Username may only be comprised of alphanumeric characters, the underscore "_" character, the at "@" symbol, and the period "."Username may only be comprised of alphanumeric characters, the underscore "_" character, the at "@" symbol, and the period "."' is not present on page  using regular expression
	at com.kms.katalon.core.webui.keyword.internal.WebUIKeywordMain.stepFailed(WebUIKeywordMain.groovy:64)
	at com.kms.katalon.core.webui.keyword.builtin.VerifyTextPresentKeyword$_verifyTextPresent_closure1.doCall(VerifyTextPresentKeyword.groovy:79)
	at com.kms.katalon.core.webui.keyword.builtin.VerifyTextPresentKeyword$_verifyTextPresent_closure1.call(VerifyTextPresentKeyword.groovy)
	at com.kms.katalon.core.webui.keyword.internal.WebUIKeywordMain.runKeyword(WebUIKeywordMain.groovy:20)
	at com.kms.katalon.core.webui.keyword.builtin.VerifyTextPresentKeyword.verifyTextPresent(VerifyTextPresentKeyword.groovy:83)
	at com.kms.katalon.core.webui.keyword.builtin.VerifyTextPresentKeyword.execute(VerifyTextPresentKeyword.groovy:68)
	at com.kms.katalon.core.keyword.internal.KeywordExecutor.executeKeywordForPlatform(KeywordExecutor.groovy:74)
	at com.kms.katalon.core.webui.keyword.WebUiBuiltInKeywords.verifyTextPresent(WebUiBuiltInKeywords.groovy:1723)
	at com.kms.katalon.core.webui.keyword.WebUiBuiltInKeywords$verifyTextPresent$5.call(Unknown Source)
	at AddUserSpCharFirstNameError.run(AddUserSpCharFirstNameError:87)
	at com.kms.katalon.core.main.ScriptEngine.run(ScriptEngine.java:194)
	at com.kms.katalon.core.main.ScriptEngine.runScriptAsRawText(ScriptEngine.java:119)
	at com.kms.katalon.core.main.TestCaseExecutor.runScript(TestCaseExecutor.java:442)
	at com.kms.katalon.core.main.TestCaseExecutor.doExecute(TestCaseExecutor.java:433)
	at com.kms.katalon.core.main.TestCaseExecutor.processExecutionPhase(TestCaseExecutor.java:412)
	at com.kms.katalon.core.main.TestCaseExecutor.accessMainPhase(TestCaseExecutor.java:404)
	at com.kms.katalon.core.main.TestCaseExecutor.execute(TestCaseExecutor.java:281)
	at com.kms.katalon.core.main.TestSuiteExecutor.accessTestCaseMainPhase(TestSuiteExecutor.java:202)
	at com.kms.katalon.core.main.TestSuiteExecutor.accessTestSuiteMainPhase(TestSuiteExecutor.java:164)
	at com.kms.katalon.core.main.TestSuiteExecutor.execute(TestSuiteExecutor.java:105)
	at com.kms.katalon.core.main.TestCaseMain.startTestSuite(TestCaseMain.java:185)
	at com.kms.katalon.core.main.TestCaseMain$startTestSuite$0.call(Unknown Source)
	at TempTestSuite1676942839911.run(TempTestSuite1676942839911.groovy:36)
)

2023-02-20 20:43:52 - [TEST_STEP][PASSED] - closeBrowser(): Browser is closed

2023-02-20 20:43:53 - [MESSAGE][PASSED] - Browser is closed]]></system-out>
         <system-err><![CDATA[2023-02-20 20:42:49 - [TEST_CASE][FAILED] - Test Cases/Admin Suite Bootstrap/UM_TestCases/UsersErrors/AddUserSpCharFirstNameError: Test Cases/Admin Suite Bootstrap/UM_TestCases/UsersErrors/AddUserSpCharFirstNameError FAILED.
Reason:
com.kms.katalon.core.exception.StepFailedException: Text 'Username may only be comprised of alphanumeric characters, the underscore "_" character, the at "@" symbol, and the period "."Username may only be comprised of alphanumeric characters, the underscore "_" character, the at "@" symbol, and the period "."' is not present on page  using regular expression (Root cause: com.kms.katalon.core.exception.StepFailedException: Text 'Username may only be comprised of alphanumeric characters, the underscore "_" character, the at "@" symbol, and the period "."Username may only be comprised of alphanumeric characters, the underscore "_" character, the at "@" symbol, and the period "."' is not present on page  using regular expression
	at com.kms.katalon.core.webui.keyword.internal.WebUIKeywordMain.stepFailed(WebUIKeywordMain.groovy:64)
	at com.kms.katalon.core.webui.keyword.builtin.VerifyTextPresentKeyword$_verifyTextPresent_closure1.doCall(VerifyTextPresentKeyword.groovy:79)
	at com.kms.katalon.core.webui.keyword.builtin.VerifyTextPresentKeyword$_verifyTextPresent_closure1.call(VerifyTextPresentKeyword.groovy)
	at com.kms.katalon.core.webui.keyword.internal.WebUIKeywordMain.runKeyword(WebUIKeywordMain.groovy:20)
	at com.kms.katalon.core.webui.keyword.builtin.VerifyTextPresentKeyword.verifyTextPresent(VerifyTextPresentKeyword.groovy:83)
	at com.kms.katalon.core.webui.keyword.builtin.VerifyTextPresentKeyword.execute(VerifyTextPresentKeyword.groovy:68)
	at com.kms.katalon.core.keyword.internal.KeywordExecutor.executeKeywordForPlatform(KeywordExecutor.groovy:74)
	at com.kms.katalon.core.webui.keyword.WebUiBuiltInKeywords.verifyTextPresent(WebUiBuiltInKeywords.groovy:1723)
	at com.kms.katalon.core.webui.keyword.WebUiBuiltInKeywords$verifyTextPresent$5.call(Unknown Source)
	at AddUserSpCharFirstNameError.run(AddUserSpCharFirstNameError:87)
	at com.kms.katalon.core.main.ScriptEngine.run(ScriptEngine.java:194)
	at com.kms.katalon.core.main.ScriptEngine.runScriptAsRawText(ScriptEngine.java:119)
	at com.kms.katalon.core.main.TestCaseExecutor.runScript(TestCaseExecutor.java:442)
	at com.kms.katalon.core.main.TestCaseExecutor.doExecute(TestCaseExecutor.java:433)
	at com.kms.katalon.core.main.TestCaseExecutor.processExecutionPhase(TestCaseExecutor.java:412)
	at com.kms.katalon.core.main.TestCaseExecutor.accessMainPhase(TestCaseExecutor.java:404)
	at com.kms.katalon.core.main.TestCaseExecutor.execute(TestCaseExecutor.java:281)
	at com.kms.katalon.core.main.TestSuiteExecutor.accessTestCaseMainPhase(TestSuiteExecutor.java:202)
	at com.kms.katalon.core.main.TestSuiteExecutor.accessTestSuiteMainPhase(TestSuiteExecutor.java:164)
	at com.kms.katalon.core.main.TestSuiteExecutor.execute(TestSuiteExecutor.java:105)
	at com.kms.katalon.core.main.TestCaseMain.startTestSuite(TestCaseMain.java:185)
	at com.kms.katalon.core.main.TestCaseMain$startTestSuite$0.call(Unknown Source)
	at TempTestSuite1676942839911.run(TempTestSuite1676942839911.groovy:36)
)
	at com.kms.katalon.core.keyword.internal.KeywordMain.stepFailed(KeywordMain.groovy:39)
	at com.kms.katalon.core.webui.keyword.internal.WebUIKeywordMain.stepFailed(WebUIKeywordMain.groovy:64)
	at com.kms.katalon.core.webui.keyword.builtin.VerifyTextPresentKeyword$_verifyTextPresent_closure1.doCall(VerifyTextPresentKeyword.groovy:79)
	at com.kms.katalon.core.webui.keyword.builtin.VerifyTextPresentKeyword$_verifyTextPresent_closure1.call(VerifyTextPresentKeyword.groovy)
	at com.kms.katalon.core.webui.keyword.internal.WebUIKeywordMain.runKeyword(WebUIKeywordMain.groovy:20)
	at com.kms.katalon.core.webui.keyword.builtin.VerifyTextPresentKeyword.verifyTextPresent(VerifyTextPresentKeyword.groovy:83)
	at com.kms.katalon.core.webui.keyword.builtin.VerifyTextPresentKeyword.execute(VerifyTextPresentKeyword.groovy:68)
	at com.kms.katalon.core.keyword.internal.KeywordExecutor.executeKeywordForPlatform(KeywordExecutor.groovy:74)
	at com.kms.katalon.core.webui.keyword.WebUiBuiltInKeywords.verifyTextPresent(WebUiBuiltInKeywords.groovy:1723)
	at com.kms.katalon.core.webui.keyword.WebUiBuiltInKeywords$verifyTextPresent$5.call(Unknown Source)
	at AddUserSpCharFirstNameError.run(AddUserSpCharFirstNameError:87)
	at com.kms.katalon.core.main.ScriptEngine.run(ScriptEngine.java:194)
	at com.kms.katalon.core.main.ScriptEngine.runScriptAsRawText(ScriptEngine.java:119)
	at com.kms.katalon.core.main.TestCaseExecutor.runScript(TestCaseExecutor.java:442)
	at com.kms.katalon.core.main.TestCaseExecutor.doExecute(TestCaseExecutor.java:433)
	at com.kms.katalon.core.main.TestCaseExecutor.processExecutionPhase(TestCaseExecutor.java:412)
	at com.kms.katalon.core.main.TestCaseExecutor.accessMainPhase(TestCaseExecutor.java:404)
	at com.kms.katalon.core.main.TestCaseExecutor.execute(TestCaseExecutor.java:281)
	at com.kms.katalon.core.main.TestSuiteExecutor.accessTestCaseMainPhase(TestSuiteExecutor.java:202)
	at com.kms.katalon.core.main.TestSuiteExecutor.accessTestSuiteMainPhase(TestSuiteExecutor.java:164)
	at com.kms.katalon.core.main.TestSuiteExecutor.execute(TestSuiteExecutor.java:105)
	at com.kms.katalon.core.main.TestCaseMain.startTestSuite(TestCaseMain.java:185)
	at com.kms.katalon.core.main.TestCaseMain$startTestSuite$0.call(Unknown Source)
	at TempTestSuite1676942839911.run(TempTestSuite1676942839911.groovy:36)
Caused by: com.kms.katalon.core.exception.StepFailedException: Text 'Username may only be comprised of alphanumeric characters, the underscore "_" character, the at "@" symbol, and the period "."Username may only be comprised of alphanumeric characters, the underscore "_" character, the at "@" symbol, and the period "."' is not present on page  using regular expression
	... 23 more]]></system-err>
      </testcase>
      <testcase name="Test Cases/Admin Suite Bootstrap/UM_TestCases/UsersErrors/AddUserSpCharLastNameError" time="63.237" classname="Test Cases/Admin Suite Bootstrap/UM_TestCases/UsersErrors/AddUserSpCharLastNameError" status="FAILED">
         <failure type="FAILED" message="Test Cases/Admin Suite Bootstrap/UM_TestCases/UsersErrors/AddUserSpCharLastNameError FAILED.
Reason:
com.kms.katalon.core.exception.StepFailedException: Text 'Username may only be comprised of alphanumeric characters, the underscore &quot;_&quot; character, the at &quot;@&quot; symbol, and the period &quot;.&quot;Username may only be comprised of alphanumeric characters, the underscore &quot;_&quot; character, the at &quot;@&quot; symbol, and the period &quot;.&quot;' is not present on page  using regular expression (Root cause: com.kms.katalon.core.exception.StepFailedException: Text 'Username may only be comprised of alphanumeric characters, the underscore &quot;_&quot; character, the at &quot;@&quot; symbol, and the period &quot;.&quot;Username may only be comprised of alphanumeric characters, the underscore &quot;_&quot; character, the at &quot;@&quot; symbol, and the period &quot;.&quot;' is not present on page  using regular expression
	at com.kms.katalon.core.webui.keyword.internal.WebUIKeywordMain.stepFailed(WebUIKeywordMain.groovy:64)
	at com.kms.katalon.core.webui.keyword.builtin.VerifyTextPresentKeyword$_verifyTextPresent_closure1.doCall(VerifyTextPresentKeyword.groovy:79)
	at com.kms.katalon.core.webui.keyword.builtin.VerifyTextPresentKeyword$_verifyTextPresent_closure1.call(VerifyTextPresentKeyword.groovy)
	at com.kms.katalon.core.webui.keyword.internal.WebUIKeywordMain.runKeyword(WebUIKeywordMain.groovy:20)
	at com.kms.katalon.core.webui.keyword.builtin.VerifyTextPresentKeyword.verifyTextPresent(VerifyTextPresentKeyword.groovy:83)
	at com.kms.katalon.core.webui.keyword.builtin.VerifyTextPresentKeyword.execute(VerifyTextPresentKeyword.groovy:68)
	at com.kms.katalon.core.keyword.internal.KeywordExecutor.executeKeywordForPlatform(KeywordExecutor.groovy:74)
	at com.kms.katalon.core.webui.keyword.WebUiBuiltInKeywords.verifyTextPresent(WebUiBuiltInKeywords.groovy:1723)
	at com.kms.katalon.core.webui.keyword.WebUiBuiltInKeywords$verifyTextPresent$5.call(Unknown Source)
	at AddUserSpCharLastNameError.run(AddUserSpCharLastNameError:87)
	at com.kms.katalon.core.main.ScriptEngine.run(ScriptEngine.java:194)
	at com.kms.katalon.core.main.ScriptEngine.runScriptAsRawText(ScriptEngine.java:119)
	at com.kms.katalon.core.main.TestCaseExecutor.runScript(TestCaseExecutor.java:442)
	at com.kms.katalon.core.main.TestCaseExecutor.doExecute(TestCaseExecutor.java:433)
	at com.kms.katalon.core.main.TestCaseExecutor.processExecutionPhase(TestCaseExecutor.java:412)
	at com.kms.katalon.core.main.TestCaseExecutor.accessMainPhase(TestCaseExecutor.java:404)
	at com.kms.katalon.core.main.TestCaseExecutor.execute(TestCaseExecutor.java:281)
	at com.kms.katalon.core.main.TestSuiteExecutor.accessTestCaseMainPhase(TestSuiteExecutor.java:202)
	at com.kms.katalon.core.main.TestSuiteExecutor.accessTestSuiteMainPhase(TestSuiteExecutor.java:164)
	at com.kms.katalon.core.main.TestSuiteExecutor.execute(TestSuiteExecutor.java:105)
	at com.kms.katalon.core.main.TestCaseMain.startTestSuite(TestCaseMain.java:185)
	at com.kms.katalon.core.main.TestCaseMain$startTestSuite$0.call(Unknown Source)
	at TempTestSuite1676942839911.run(TempTestSuite1676942839911.groovy:36)
)
	at com.kms.katalon.core.keyword.internal.KeywordMain.stepFailed(KeywordMain.groovy:39)
	at com.kms.katalon.core.webui.keyword.internal.WebUIKeywordMain.stepFailed(WebUIKeywordMain.groovy:64)
	at com.kms.katalon.core.webui.keyword.builtin.VerifyTextPresentKeyword$_verifyTextPresent_closure1.doCall(VerifyTextPresentKeyword.groovy:79)
	at com.kms.katalon.core.webui.keyword.builtin.VerifyTextPresentKeyword$_verifyTextPresent_closure1.call(VerifyTextPresentKeyword.groovy)
	at com.kms.katalon.core.webui.keyword.internal.WebUIKeywordMain.runKeyword(WebUIKeywordMain.groovy:20)
	at com.kms.katalon.core.webui.keyword.builtin.VerifyTextPresentKeyword.verifyTextPresent(VerifyTextPresentKeyword.groovy:83)
	at com.kms.katalon.core.webui.keyword.builtin.VerifyTextPresentKeyword.execute(VerifyTextPresentKeyword.groovy:68)
	at com.kms.katalon.core.keyword.internal.KeywordExecutor.executeKeywordForPlatform(KeywordExecutor.groovy:74)
	at com.kms.katalon.core.webui.keyword.WebUiBuiltInKeywords.verifyTextPresent(WebUiBuiltInKeywords.groovy:1723)
	at com.kms.katalon.core.webui.keyword.WebUiBuiltInKeywords$verifyTextPresent$5.call(Unknown Source)
	at AddUserSpCharLastNameError.run(AddUserSpCharLastNameError:87)
	at com.kms.katalon.core.main.ScriptEngine.run(ScriptEngine.java:194)
	at com.kms.katalon.core.main.ScriptEngine.runScriptAsRawText(ScriptEngine.java:119)
	at com.kms.katalon.core.main.TestCaseExecutor.runScript(TestCaseExecutor.java:442)
	at com.kms.katalon.core.main.TestCaseExecutor.doExecute(TestCaseExecutor.java:433)
	at com.kms.katalon.core.main.TestCaseExecutor.processExecutionPhase(TestCaseExecutor.java:412)
	at com.kms.katalon.core.main.TestCaseExecutor.accessMainPhase(TestCaseExecutor.java:404)
	at com.kms.katalon.core.main.TestCaseExecutor.execute(TestCaseExecutor.java:281)
	at com.kms.katalon.core.main.TestSuiteExecutor.accessTestCaseMainPhase(TestSuiteExecutor.java:202)
	at com.kms.katalon.core.main.TestSuiteExecutor.accessTestSuiteMainPhase(TestSuiteExecutor.java:164)
	at com.kms.katalon.core.main.TestSuiteExecutor.execute(TestSuiteExecutor.java:105)
	at com.kms.katalon.core.main.TestCaseMain.startTestSuite(TestCaseMain.java:185)
	at com.kms.katalon.core.main.TestCaseMain$startTestSuite$0.call(Unknown Source)
	at TempTestSuite1676942839911.run(TempTestSuite1676942839911.groovy:36)
Caused by: com.kms.katalon.core.exception.StepFailedException: Text 'Username may only be comprised of alphanumeric characters, the underscore &quot;_&quot; character, the at &quot;@&quot; symbol, and the period &quot;.&quot;Username may only be comprised of alphanumeric characters, the underscore &quot;_&quot; character, the at &quot;@&quot; symbol, and the period &quot;.&quot;' is not present on page  using regular expression
	... 23 more
"/>
         <system-out><![CDATA[2023-02-20 20:43:53 - [TEST_CASE][FAILED] - Test Cases/Admin Suite Bootstrap/UM_TestCases/UsersErrors/AddUserSpCharLastNameError: Test Cases/Admin Suite Bootstrap/UM_TestCases/UsersErrors/AddUserSpCharLastNameError FAILED.
Reason:
com.kms.katalon.core.exception.StepFailedException: Text 'Username may only be comprised of alphanumeric characters, the underscore "_" character, the at "@" symbol, and the period "."Username may only be comprised of alphanumeric characters, the underscore "_" character, the at "@" symbol, and the period "."' is not present on page  using regular expression (Root cause: com.kms.katalon.core.exception.StepFailedException: Text 'Username may only be comprised of alphanumeric characters, the underscore "_" character, the at "@" symbol, and the period "."Username may only be comprised of alphanumeric characters, the underscore "_" character, the at "@" symbol, and the period "."' is not present on page  using regular expression
	at com.kms.katalon.core.webui.keyword.internal.WebUIKeywordMain.stepFailed(WebUIKeywordMain.groovy:64)
	at com.kms.katalon.core.webui.keyword.builtin.VerifyTextPresentKeyword$_verifyTextPresent_closure1.doCall(VerifyTextPresentKeyword.groovy:79)
	at com.kms.katalon.core.webui.keyword.builtin.VerifyTextPresentKeyword$_verifyTextPresent_closure1.call(VerifyTextPresentKeyword.groovy)
	at com.kms.katalon.core.webui.keyword.internal.WebUIKeywordMain.runKeyword(WebUIKeywordMain.groovy:20)
	at com.kms.katalon.core.webui.keyword.builtin.VerifyTextPresentKeyword.verifyTextPresent(VerifyTextPresentKeyword.groovy:83)
	at com.kms.katalon.core.webui.keyword.builtin.VerifyTextPresentKeyword.execute(VerifyTextPresentKeyword.groovy:68)
	at com.kms.katalon.core.keyword.internal.KeywordExecutor.executeKeywordForPlatform(KeywordExecutor.groovy:74)
	at com.kms.katalon.core.webui.keyword.WebUiBuiltInKeywords.verifyTextPresent(WebUiBuiltInKeywords.groovy:1723)
	at com.kms.katalon.core.webui.keyword.WebUiBuiltInKeywords$verifyTextPresent$5.call(Unknown Source)
	at AddUserSpCharLastNameError.run(AddUserSpCharLastNameError:87)
	at com.kms.katalon.core.main.ScriptEngine.run(ScriptEngine.java:194)
	at com.kms.katalon.core.main.ScriptEngine.runScriptAsRawText(ScriptEngine.java:119)
	at com.kms.katalon.core.main.TestCaseExecutor.runScript(TestCaseExecutor.java:442)
	at com.kms.katalon.core.main.TestCaseExecutor.doExecute(TestCaseExecutor.java:433)
	at com.kms.katalon.core.main.TestCaseExecutor.processExecutionPhase(TestCaseExecutor.java:412)
	at com.kms.katalon.core.main.TestCaseExecutor.accessMainPhase(TestCaseExecutor.java:404)
	at com.kms.katalon.core.main.TestCaseExecutor.execute(TestCaseExecutor.java:281)
	at com.kms.katalon.core.main.TestSuiteExecutor.accessTestCaseMainPhase(TestSuiteExecutor.java:202)
	at com.kms.katalon.core.main.TestSuiteExecutor.accessTestSuiteMainPhase(TestSuiteExecutor.java:164)
	at com.kms.katalon.core.main.TestSuiteExecutor.execute(TestSuiteExecutor.java:105)
	at com.kms.katalon.core.main.TestCaseMain.startTestSuite(TestCaseMain.java:185)
	at com.kms.katalon.core.main.TestCaseMain$startTestSuite$0.call(Unknown Source)
	at TempTestSuite1676942839911.run(TempTestSuite1676942839911.groovy:36)
)
	at com.kms.katalon.core.keyword.internal.KeywordMain.stepFailed(KeywordMain.groovy:39)
	at com.kms.katalon.core.webui.keyword.internal.WebUIKeywordMain.stepFailed(WebUIKeywordMain.groovy:64)
	at com.kms.katalon.core.webui.keyword.builtin.VerifyTextPresentKeyword$_verifyTextPresent_closure1.doCall(VerifyTextPresentKeyword.groovy:79)
	at com.kms.katalon.core.webui.keyword.builtin.VerifyTextPresentKeyword$_verifyTextPresent_closure1.call(VerifyTextPresentKeyword.groovy)
	at com.kms.katalon.core.webui.keyword.internal.WebUIKeywordMain.runKeyword(WebUIKeywordMain.groovy:20)
	at com.kms.katalon.core.webui.keyword.builtin.VerifyTextPresentKeyword.verifyTextPresent(VerifyTextPresentKeyword.groovy:83)
	at com.kms.katalon.core.webui.keyword.builtin.VerifyTextPresentKeyword.execute(VerifyTextPresentKeyword.groovy:68)
	at com.kms.katalon.core.keyword.internal.KeywordExecutor.executeKeywordForPlatform(KeywordExecutor.groovy:74)
	at com.kms.katalon.core.webui.keyword.WebUiBuiltInKeywords.verifyTextPresent(WebUiBuiltInKeywords.groovy:1723)
	at com.kms.katalon.core.webui.keyword.WebUiBuiltInKeywords$verifyTextPresent$5.call(Unknown Source)
	at AddUserSpCharLastNameError.run(AddUserSpCharLastNameError:87)
	at com.kms.katalon.core.main.ScriptEngine.run(ScriptEngine.java:194)
	at com.kms.katalon.core.main.ScriptEngine.runScriptAsRawText(ScriptEngine.java:119)
	at com.kms.katalon.core.main.TestCaseExecutor.runScript(TestCaseExecutor.java:442)
	at com.kms.katalon.core.main.TestCaseExecutor.doExecute(TestCaseExecutor.java:433)
	at com.kms.katalon.core.main.TestCaseExecutor.processExecutionPhase(TestCaseExecutor.java:412)
	at com.kms.katalon.core.main.TestCaseExecutor.accessMainPhase(TestCaseExecutor.java:404)
	at com.kms.katalon.core.main.TestCaseExecutor.execute(TestCaseExecutor.java:281)
	at com.kms.katalon.core.main.TestSuiteExecutor.accessTestCaseMainPhase(TestSuiteExecutor.java:202)
	at com.kms.katalon.core.main.TestSuiteExecutor.accessTestSuiteMainPhase(TestSuiteExecutor.java:164)
	at com.kms.katalon.core.main.TestSuiteExecutor.execute(TestSuiteExecutor.java:105)
	at com.kms.katalon.core.main.TestCaseMain.startTestSuite(TestCaseMain.java:185)
	at com.kms.katalon.core.main.TestCaseMain$startTestSuite$0.call(Unknown Source)
	at TempTestSuite1676942839911.run(TempTestSuite1676942839911.groovy:36)
Caused by: com.kms.katalon.core.exception.StepFailedException: Text 'Username may only be comprised of alphanumeric characters, the underscore "_" character, the at "@" symbol, and the period "."Username may only be comprised of alphanumeric characters, the underscore "_" character, the at "@" symbol, and the period "."' is not present on page  using regular expression
	... 23 more


2023-02-20 20:43:53 - [TEST_STEP][PASSED] - path_Dashboard = "Object Repository/AdminSuiteBootstrap_Pages/Dashboard_Bootstrap/": null

2023-02-20 20:43:53 - [TEST_STEP][PASSED] - path_Users = "Object Repository/AdminSuiteBootstrap_Pages/UM_Bootstrap/Users/": null

2023-02-20 20:43:53 - [TEST_STEP][PASSED] - path_UserView = "Object Repository/AdminSuiteBootstrap_Pages/UM_Bootstrap/UserView/": null

2023-02-20 20:43:53 - [TEST_STEP][PASSED] - path_DeleteUser = "Object Repository/AdminSuiteBootstrap_Pages/UM_Bootstrap/DeleteUser/": null

2023-02-20 20:43:53 - [TEST_STEP][PASSED] - path_AddUser = "Object Repository/AdminSuiteBootstrap_Pages/UM_Bootstrap/AddUser/": null

2023-02-20 20:43:53 - [TEST_STEP][PASSED] - executionProfile = getExecutionProfile(): null

2023-02-20 20:43:53 - [TEST_STEP][PASSED] - out.println("executionProfile : " + executionProfile): null

2023-02-20 20:43:53 - [TEST_STEP][PASSED] - appName = <not implemented yet for class: org.codehaus.groovy.ast.expr.EmptyExpression>: null

2023-02-20 20:43:53 - [TEST_STEP][PASSED] - appID = <not implemented yet for class: org.codehaus.groovy.ast.expr.EmptyExpression>: null

2023-02-20 20:43:53 - [TEST_STEP][PASSED] - spUsername = <not implemented yet for class: org.codehaus.groovy.ast.expr.EmptyExpression>: null

2023-02-20 20:43:53 - [TEST_STEP][PASSED] - nameSheet = "CreateUserSCLNameErr": null

2023-02-20 20:43:53 - [TEST_STEP][PASSED] - dataFile = "QA/Bootstrap/UM-TestData/CreateUserSCLNameErr": null

2023-02-20 20:43:53 - [TEST_STEP][PASSED] - numOfRows = findTestData("QA/Bootstrap/UM-TestData/CreateUserSCLNameErr").getRowNumbers(): null

2023-02-20 20:43:53 - [TEST_STEP][PASSED] - println("Number of Records: " + numOfRows): null

2023-02-20 20:43:53 - [TEST_STEP][FAILED] - for ([row = 1, row <= numOfRows, (row++)]): null

2023-02-20 20:43:53 - [TEST_STEP][PASSED] - ExecuteTC = findTestData(dataFile).getValue("Execute", row): null

2023-02-20 20:43:53 - [TEST_STEP][PASSED] - out.println("Value of Execute is : " + ExecuteTC): null

2023-02-20 20:43:53 - [TEST_STEP][FAILED] - if (ExecuteTC.equalsIgnoreCase("Y")): null

2023-02-20 20:43:53 - [TEST_STEP][PASSED] - out.println("Begin Record Number: " + row): null

2023-02-20 20:43:53 - [TEST_STEP][PASSED] - adminSuiteBootstrap.loginFunctionality.login_AdminSuite(): adminSuiteBootstrap.loginFunctionality.login_AdminSuite is PASSED

2023-02-20 20:43:53 - [MESSAGE][INFO] - Starting 'Chrome' driver

2023-02-20 20:43:53 - [MESSAGE][INFO] - User set preference: ['acceptInsecureCerts', 'true']

2023-02-20 20:43:53 - [MESSAGE][INFO] - Action delay is set to 0 milliseconds

2023-02-20 20:43:56 - [MESSAGE][PASSED] - Browser is opened with url: 'https://qa.velocitypayment.com/admin/imtiaz'

2023-02-20 20:43:56 - [MESSAGE][PASSED] - Current window maximized

2023-02-20 20:43:56 - [MESSAGE][PASSED] - Object 'Object Repository/Login_Page/Login_Username' is present

2023-02-20 20:43:57 - [MESSAGE][PASSED] - Text 'iahmed' is set on object 'Object Repository/Login_Page/Login_Username'

2023-02-20 20:43:58 - [MESSAGE][PASSED] - Text 'hello2222' is set on object 'Object Repository/Login_Page/Login_Password'

2023-02-20 20:44:00 - [MESSAGE][PASSED] - Object: 'Object Repository/Login_Page/Login_Submit' is clicked on

2023-02-20 20:44:00 - [MESSAGE][PASSED] - adminSuiteBootstrap.loginFunctionality.login_AdminSuite is PASSED

2023-02-20 20:44:00 - [TEST_STEP][PASSED] - click(findTestObject(path_Dashboard + "a_Access User Management")): Object: 'Object Repository/AdminSuiteBootstrap_Pages/Dashboard_Bootstrap/a_Access User Management' is clicked on

2023-02-20 20:44:01 - [MESSAGE][PASSED] - Object: 'Object Repository/AdminSuiteBootstrap_Pages/Dashboard_Bootstrap/a_Access User Management' is clicked on

2023-02-20 20:44:01 - [TEST_STEP][PASSED] - click(findTestObject(path_Users + "a_Add User")): Object: 'Object Repository/AdminSuiteBootstrap_Pages/UM_Bootstrap/Users/a_Add User' is clicked on

2023-02-20 20:44:02 - [MESSAGE][PASSED] - Object: 'Object Repository/AdminSuiteBootstrap_Pages/UM_Bootstrap/Users/a_Add User' is clicked on

2023-02-20 20:44:02 - [TEST_STEP][PASSED] - buildUsername = pages.GenerateRandom.getRandomAlpha(): pages.GenerateRandom.getRandomAlpha is PASSED

2023-02-20 20:44:02 - [MESSAGE][PASSED] - pages.GenerateRandom.getRandomAlpha is PASSED

2023-02-20 20:44:02 - [TEST_STEP][PASSED] - prefixUsername = findTestData(dataFile).getValue("Lastname", row): null

2023-02-20 20:44:02 - [TEST_STEP][PASSED] - spUsername = prefixUsername + buildUsername: null

2023-02-20 20:44:02 - [TEST_STEP][PASSED] - setText(findTestObject(path_AddUser + "input_EmailAddress"), "iahmed@govolution.com"): Text 'iahmed@govolution.com' is set on object 'Object Repository/AdminSuiteBootstrap_Pages/UM_Bootstrap/AddUser/input_EmailAddress'

2023-02-20 20:44:02 - [MESSAGE][PASSED] - Text 'iahmed@govolution.com' is set on object 'Object Repository/AdminSuiteBootstrap_Pages/UM_Bootstrap/AddUser/input_EmailAddress'

2023-02-20 20:44:02 - [TEST_STEP][PASSED] - setText(findTestObject(path_AddUser + "input_Username"), buildUsername): Text 'opvpCRjut' is set on object 'Object Repository/AdminSuiteBootstrap_Pages/UM_Bootstrap/AddUser/input_Username'

2023-02-20 20:44:03 - [MESSAGE][PASSED] - Text 'opvpCRjut' is set on object 'Object Repository/AdminSuiteBootstrap_Pages/UM_Bootstrap/AddUser/input_Username'

2023-02-20 20:44:03 - [TEST_STEP][PASSED] - setText(findTestObject(path_AddUser + "input_FirstName"), "Ashley"): Text 'Ashley' is set on object 'Object Repository/AdminSuiteBootstrap_Pages/UM_Bootstrap/AddUser/input_FirstName'

2023-02-20 20:44:04 - [MESSAGE][PASSED] - Text 'Ashley' is set on object 'Object Repository/AdminSuiteBootstrap_Pages/UM_Bootstrap/AddUser/input_FirstName'

2023-02-20 20:44:04 - [TEST_STEP][PASSED] - setText(findTestObject(path_AddUser + "input_LastName"), spUsername): Text '=opvpCRjut' is set on object 'Object Repository/AdminSuiteBootstrap_Pages/UM_Bootstrap/AddUser/input_LastName'

2023-02-20 20:44:04 - [MESSAGE][PASSED] - Text '=opvpCRjut' is set on object 'Object Repository/AdminSuiteBootstrap_Pages/UM_Bootstrap/AddUser/input_LastName'

2023-02-20 20:44:04 - [TEST_STEP][PASSED] - setText(findTestObject(path_AddUser + "input_Password"), "hello6666"): Text 'hello6666' is set on object 'Object Repository/AdminSuiteBootstrap_Pages/UM_Bootstrap/AddUser/input_Password'

2023-02-20 20:44:05 - [MESSAGE][PASSED] - Text 'hello6666' is set on object 'Object Repository/AdminSuiteBootstrap_Pages/UM_Bootstrap/AddUser/input_Password'

2023-02-20 20:44:05 - [TEST_STEP][PASSED] - setText(findTestObject(path_AddUser + "input_ConfirmPassword"), "hello6666"): Text 'hello6666' is set on object 'Object Repository/AdminSuiteBootstrap_Pages/UM_Bootstrap/AddUser/input_ConfirmPassword'

2023-02-20 20:44:06 - [MESSAGE][PASSED] - Text 'hello6666' is set on object 'Object Repository/AdminSuiteBootstrap_Pages/UM_Bootstrap/AddUser/input_ConfirmPassword'

2023-02-20 20:44:06 - [TEST_STEP][PASSED] - check(findTestObject(path_AddUser + "input_No_lock")): Object 'Object Repository/AdminSuiteBootstrap_Pages/UM_Bootstrap/AddUser/input_No_lock' is checked

2023-02-20 20:44:06 - [MESSAGE][PASSED] - Object 'Object Repository/AdminSuiteBootstrap_Pages/UM_Bootstrap/AddUser/input_No_lock' is checked

2023-02-20 20:44:06 - [TEST_STEP][PASSED] - click(findTestObject(path_AddUser + "button_Create")): Object: 'Object Repository/AdminSuiteBootstrap_Pages/UM_Bootstrap/AddUser/button_Create' is clicked on

2023-02-20 20:44:07 - [MESSAGE][PASSED] - Object: 'Object Repository/AdminSuiteBootstrap_Pages/UM_Bootstrap/AddUser/button_Create' is clicked on

2023-02-20 20:44:07 - [TEST_STEP][PASSED] - verifyTextPresent("Error! Please provide the following required information as indicated below", true): Text 'Error! Please provide the following required information as indicated below' is present on page  using regular expression

2023-02-20 20:44:07 - [MESSAGE][PASSED] - Text 'Error! Please provide the following required information as indicated below' is present on page  using regular expression

2023-02-20 20:44:07 - [TEST_STEP][FAILED] - verifyTextPresent("Username may only be comprised of alphanumeric characters, the underscore "_" character, the at "@" symbol, and the period "."Username may only be comprised of alphanumeric characters, the underscore "_" character, the at "@" symbol, and the period "."", true): Text 'Username may only be comprised of alphanumeric characters, the underscore "_" character, the at "@" symbol, and the period "."Username may only be comprised of alphanumeric characters, the underscore "_" character, the at "@" symbol, and the period "."' is not present on page  using regular expression (Root cause: com.kms.katalon.core.exception.StepFailedException: Text 'Username may only be comprised of alphanumeric characters, the underscore "_" character, the at "@" symbol, and the period "."Username may only be comprised of alphanumeric characters, the underscore "_" character, the at "@" symbol, and the period "."' is not present on page  using regular expression
	at com.kms.katalon.core.webui.keyword.internal.WebUIKeywordMain.stepFailed(WebUIKeywordMain.groovy:64)
	at com.kms.katalon.core.webui.keyword.builtin.VerifyTextPresentKeyword$_verifyTextPresent_closure1.doCall(VerifyTextPresentKeyword.groovy:79)
	at com.kms.katalon.core.webui.keyword.builtin.VerifyTextPresentKeyword$_verifyTextPresent_closure1.call(VerifyTextPresentKeyword.groovy)
	at com.kms.katalon.core.webui.keyword.internal.WebUIKeywordMain.runKeyword(WebUIKeywordMain.groovy:20)
	at com.kms.katalon.core.webui.keyword.builtin.VerifyTextPresentKeyword.verifyTextPresent(VerifyTextPresentKeyword.groovy:83)
	at com.kms.katalon.core.webui.keyword.builtin.VerifyTextPresentKeyword.execute(VerifyTextPresentKeyword.groovy:68)
	at com.kms.katalon.core.keyword.internal.KeywordExecutor.executeKeywordForPlatform(KeywordExecutor.groovy:74)
	at com.kms.katalon.core.webui.keyword.WebUiBuiltInKeywords.verifyTextPresent(WebUiBuiltInKeywords.groovy:1723)
	at com.kms.katalon.core.webui.keyword.WebUiBuiltInKeywords$verifyTextPresent$5.call(Unknown Source)
	at AddUserSpCharLastNameError.run(AddUserSpCharLastNameError:87)
	at com.kms.katalon.core.main.ScriptEngine.run(ScriptEngine.java:194)
	at com.kms.katalon.core.main.ScriptEngine.runScriptAsRawText(ScriptEngine.java:119)
	at com.kms.katalon.core.main.TestCaseExecutor.runScript(TestCaseExecutor.java:442)
	at com.kms.katalon.core.main.TestCaseExecutor.doExecute(TestCaseExecutor.java:433)
	at com.kms.katalon.core.main.TestCaseExecutor.processExecutionPhase(TestCaseExecutor.java:412)
	at com.kms.katalon.core.main.TestCaseExecutor.accessMainPhase(TestCaseExecutor.java:404)
	at com.kms.katalon.core.main.TestCaseExecutor.execute(TestCaseExecutor.java:281)
	at com.kms.katalon.core.main.TestSuiteExecutor.accessTestCaseMainPhase(TestSuiteExecutor.java:202)
	at com.kms.katalon.core.main.TestSuiteExecutor.accessTestSuiteMainPhase(TestSuiteExecutor.java:164)
	at com.kms.katalon.core.main.TestSuiteExecutor.execute(TestSuiteExecutor.java:105)
	at com.kms.katalon.core.main.TestCaseMain.startTestSuite(TestCaseMain.java:185)
	at com.kms.katalon.core.main.TestCaseMain$startTestSuite$0.call(Unknown Source)
	at TempTestSuite1676942839911.run(TempTestSuite1676942839911.groovy:36)
)

2023-02-20 20:44:08 - [MESSAGE][FAILED] - Text 'Username may only be comprised of alphanumeric characters, the underscore "_" character, the at "@" symbol, and the period "."Username may only be comprised of alphanumeric characters, the underscore "_" character, the at "@" symbol, and the period "."' is not present on page  using regular expression (Root cause: com.kms.katalon.core.exception.StepFailedException: Text 'Username may only be comprised of alphanumeric characters, the underscore "_" character, the at "@" symbol, and the period "."Username may only be comprised of alphanumeric characters, the underscore "_" character, the at "@" symbol, and the period "."' is not present on page  using regular expression
	at com.kms.katalon.core.webui.keyword.internal.WebUIKeywordMain.stepFailed(WebUIKeywordMain.groovy:64)
	at com.kms.katalon.core.webui.keyword.builtin.VerifyTextPresentKeyword$_verifyTextPresent_closure1.doCall(VerifyTextPresentKeyword.groovy:79)
	at com.kms.katalon.core.webui.keyword.builtin.VerifyTextPresentKeyword$_verifyTextPresent_closure1.call(VerifyTextPresentKeyword.groovy)
	at com.kms.katalon.core.webui.keyword.internal.WebUIKeywordMain.runKeyword(WebUIKeywordMain.groovy:20)
	at com.kms.katalon.core.webui.keyword.builtin.VerifyTextPresentKeyword.verifyTextPresent(VerifyTextPresentKeyword.groovy:83)
	at com.kms.katalon.core.webui.keyword.builtin.VerifyTextPresentKeyword.execute(VerifyTextPresentKeyword.groovy:68)
	at com.kms.katalon.core.keyword.internal.KeywordExecutor.executeKeywordForPlatform(KeywordExecutor.groovy:74)
	at com.kms.katalon.core.webui.keyword.WebUiBuiltInKeywords.verifyTextPresent(WebUiBuiltInKeywords.groovy:1723)
	at com.kms.katalon.core.webui.keyword.WebUiBuiltInKeywords$verifyTextPresent$5.call(Unknown Source)
	at AddUserSpCharLastNameError.run(AddUserSpCharLastNameError:87)
	at com.kms.katalon.core.main.ScriptEngine.run(ScriptEngine.java:194)
	at com.kms.katalon.core.main.ScriptEngine.runScriptAsRawText(ScriptEngine.java:119)
	at com.kms.katalon.core.main.TestCaseExecutor.runScript(TestCaseExecutor.java:442)
	at com.kms.katalon.core.main.TestCaseExecutor.doExecute(TestCaseExecutor.java:433)
	at com.kms.katalon.core.main.TestCaseExecutor.processExecutionPhase(TestCaseExecutor.java:412)
	at com.kms.katalon.core.main.TestCaseExecutor.accessMainPhase(TestCaseExecutor.java:404)
	at com.kms.katalon.core.main.TestCaseExecutor.execute(TestCaseExecutor.java:281)
	at com.kms.katalon.core.main.TestSuiteExecutor.accessTestCaseMainPhase(TestSuiteExecutor.java:202)
	at com.kms.katalon.core.main.TestSuiteExecutor.accessTestSuiteMainPhase(TestSuiteExecutor.java:164)
	at com.kms.katalon.core.main.TestSuiteExecutor.execute(TestSuiteExecutor.java:105)
	at com.kms.katalon.core.main.TestCaseMain.startTestSuite(TestCaseMain.java:185)
	at com.kms.katalon.core.main.TestCaseMain$startTestSuite$0.call(Unknown Source)
	at TempTestSuite1676942839911.run(TempTestSuite1676942839911.groovy:36)
)

2023-02-20 20:44:08 - [TEST_STEP][PASSED] - closeBrowser(): Browser is closed

2023-02-20 20:44:09 - [MESSAGE][PASSED] - Browser is closed

2023-02-20 20:44:09 - [TEST_STEP][PASSED] - ExecuteTC = findTestData(dataFile).getValue("Execute", row): null

2023-02-20 20:44:09 - [TEST_STEP][PASSED] - out.println("Value of Execute is : " + ExecuteTC): null

2023-02-20 20:44:09 - [TEST_STEP][FAILED] - if (ExecuteTC.equalsIgnoreCase("Y")): null

2023-02-20 20:44:09 - [TEST_STEP][PASSED] - out.println("Begin Record Number: " + row): null

2023-02-20 20:44:09 - [TEST_STEP][PASSED] - adminSuiteBootstrap.loginFunctionality.login_AdminSuite(): adminSuiteBootstrap.loginFunctionality.login_AdminSuite is PASSED

2023-02-20 20:44:09 - [MESSAGE][INFO] - Starting 'Chrome' driver

2023-02-20 20:44:09 - [MESSAGE][INFO] - User set preference: ['acceptInsecureCerts', 'true']

2023-02-20 20:44:09 - [MESSAGE][INFO] - Action delay is set to 0 milliseconds

2023-02-20 20:44:11 - [MESSAGE][PASSED] - Browser is opened with url: 'https://qa.velocitypayment.com/admin/imtiaz'

2023-02-20 20:44:11 - [MESSAGE][PASSED] - Current window maximized

2023-02-20 20:44:12 - [MESSAGE][PASSED] - Object 'Object Repository/Login_Page/Login_Username' is present

2023-02-20 20:44:12 - [MESSAGE][PASSED] - Text 'iahmed' is set on object 'Object Repository/Login_Page/Login_Username'

2023-02-20 20:44:13 - [MESSAGE][PASSED] - Text 'hello2222' is set on object 'Object Repository/Login_Page/Login_Password'

2023-02-20 20:44:16 - [MESSAGE][PASSED] - Object: 'Object Repository/Login_Page/Login_Submit' is clicked on

2023-02-20 20:44:16 - [MESSAGE][PASSED] - adminSuiteBootstrap.loginFunctionality.login_AdminSuite is PASSED

2023-02-20 20:44:16 - [TEST_STEP][PASSED] - click(findTestObject(path_Dashboard + "a_Access User Management")): Object: 'Object Repository/AdminSuiteBootstrap_Pages/Dashboard_Bootstrap/a_Access User Management' is clicked on

2023-02-20 20:44:17 - [MESSAGE][PASSED] - Object: 'Object Repository/AdminSuiteBootstrap_Pages/Dashboard_Bootstrap/a_Access User Management' is clicked on

2023-02-20 20:44:17 - [TEST_STEP][PASSED] - click(findTestObject(path_Users + "a_Add User")): Object: 'Object Repository/AdminSuiteBootstrap_Pages/UM_Bootstrap/Users/a_Add User' is clicked on

2023-02-20 20:44:17 - [MESSAGE][PASSED] - Object: 'Object Repository/AdminSuiteBootstrap_Pages/UM_Bootstrap/Users/a_Add User' is clicked on

2023-02-20 20:44:17 - [TEST_STEP][PASSED] - buildUsername = pages.GenerateRandom.getRandomAlpha(): pages.GenerateRandom.getRandomAlpha is PASSED

2023-02-20 20:44:17 - [MESSAGE][PASSED] - pages.GenerateRandom.getRandomAlpha is PASSED

2023-02-20 20:44:17 - [TEST_STEP][PASSED] - prefixUsername = findTestData(dataFile).getValue("Lastname", row): null

2023-02-20 20:44:17 - [TEST_STEP][PASSED] - spUsername = prefixUsername + buildUsername: null

2023-02-20 20:44:17 - [TEST_STEP][PASSED] - setText(findTestObject(path_AddUser + "input_EmailAddress"), "iahmed@govolution.com"): Text 'iahmed@govolution.com' is set on object 'Object Repository/AdminSuiteBootstrap_Pages/UM_Bootstrap/AddUser/input_EmailAddress'

2023-02-20 20:44:18 - [MESSAGE][PASSED] - Text 'iahmed@govolution.com' is set on object 'Object Repository/AdminSuiteBootstrap_Pages/UM_Bootstrap/AddUser/input_EmailAddress'

2023-02-20 20:44:18 - [TEST_STEP][PASSED] - setText(findTestObject(path_AddUser + "input_Username"), buildUsername): Text 'aDeqrfYTD' is set on object 'Object Repository/AdminSuiteBootstrap_Pages/UM_Bootstrap/AddUser/input_Username'

2023-02-20 20:44:18 - [MESSAGE][PASSED] - Text 'aDeqrfYTD' is set on object 'Object Repository/AdminSuiteBootstrap_Pages/UM_Bootstrap/AddUser/input_Username'

2023-02-20 20:44:18 - [TEST_STEP][PASSED] - setText(findTestObject(path_AddUser + "input_FirstName"), "Ashley"): Text 'Ashley' is set on object 'Object Repository/AdminSuiteBootstrap_Pages/UM_Bootstrap/AddUser/input_FirstName'

2023-02-20 20:44:19 - [MESSAGE][PASSED] - Text 'Ashley' is set on object 'Object Repository/AdminSuiteBootstrap_Pages/UM_Bootstrap/AddUser/input_FirstName'

2023-02-20 20:44:19 - [TEST_STEP][PASSED] - setText(findTestObject(path_AddUser + "input_LastName"), spUsername): Text '-aDeqrfYTD' is set on object 'Object Repository/AdminSuiteBootstrap_Pages/UM_Bootstrap/AddUser/input_LastName'

2023-02-20 20:44:20 - [MESSAGE][PASSED] - Text '-aDeqrfYTD' is set on object 'Object Repository/AdminSuiteBootstrap_Pages/UM_Bootstrap/AddUser/input_LastName'

2023-02-20 20:44:20 - [TEST_STEP][PASSED] - setText(findTestObject(path_AddUser + "input_Password"), "hello6666"): Text 'hello6666' is set on object 'Object Repository/AdminSuiteBootstrap_Pages/UM_Bootstrap/AddUser/input_Password'

2023-02-20 20:44:20 - [MESSAGE][PASSED] - Text 'hello6666' is set on object 'Object Repository/AdminSuiteBootstrap_Pages/UM_Bootstrap/AddUser/input_Password'

2023-02-20 20:44:20 - [TEST_STEP][PASSED] - setText(findTestObject(path_AddUser + "input_ConfirmPassword"), "hello6666"): Text 'hello6666' is set on object 'Object Repository/AdminSuiteBootstrap_Pages/UM_Bootstrap/AddUser/input_ConfirmPassword'

2023-02-20 20:44:21 - [MESSAGE][PASSED] - Text 'hello6666' is set on object 'Object Repository/AdminSuiteBootstrap_Pages/UM_Bootstrap/AddUser/input_ConfirmPassword'

2023-02-20 20:44:21 - [TEST_STEP][PASSED] - check(findTestObject(path_AddUser + "input_No_lock")): Object 'Object Repository/AdminSuiteBootstrap_Pages/UM_Bootstrap/AddUser/input_No_lock' is checked

2023-02-20 20:44:21 - [MESSAGE][PASSED] - Object 'Object Repository/AdminSuiteBootstrap_Pages/UM_Bootstrap/AddUser/input_No_lock' is checked

2023-02-20 20:44:21 - [TEST_STEP][PASSED] - click(findTestObject(path_AddUser + "button_Create")): Object: 'Object Repository/AdminSuiteBootstrap_Pages/UM_Bootstrap/AddUser/button_Create' is clicked on

2023-02-20 20:44:22 - [MESSAGE][PASSED] - Object: 'Object Repository/AdminSuiteBootstrap_Pages/UM_Bootstrap/AddUser/button_Create' is clicked on

2023-02-20 20:44:22 - [TEST_STEP][PASSED] - verifyTextPresent("Error! Please provide the following required information as indicated below", true): Text 'Error! Please provide the following required information as indicated below' is present on page  using regular expression

2023-02-20 20:44:23 - [MESSAGE][PASSED] - Text 'Error! Please provide the following required information as indicated below' is present on page  using regular expression

2023-02-20 20:44:23 - [TEST_STEP][FAILED] - verifyTextPresent("Username may only be comprised of alphanumeric characters, the underscore "_" character, the at "@" symbol, and the period "."Username may only be comprised of alphanumeric characters, the underscore "_" character, the at "@" symbol, and the period "."", true): Text 'Username may only be comprised of alphanumeric characters, the underscore "_" character, the at "@" symbol, and the period "."Username may only be comprised of alphanumeric characters, the underscore "_" character, the at "@" symbol, and the period "."' is not present on page  using regular expression (Root cause: com.kms.katalon.core.exception.StepFailedException: Text 'Username may only be comprised of alphanumeric characters, the underscore "_" character, the at "@" symbol, and the period "."Username may only be comprised of alphanumeric characters, the underscore "_" character, the at "@" symbol, and the period "."' is not present on page  using regular expression
	at com.kms.katalon.core.webui.keyword.internal.WebUIKeywordMain.stepFailed(WebUIKeywordMain.groovy:64)
	at com.kms.katalon.core.webui.keyword.builtin.VerifyTextPresentKeyword$_verifyTextPresent_closure1.doCall(VerifyTextPresentKeyword.groovy:79)
	at com.kms.katalon.core.webui.keyword.builtin.VerifyTextPresentKeyword$_verifyTextPresent_closure1.call(VerifyTextPresentKeyword.groovy)
	at com.kms.katalon.core.webui.keyword.internal.WebUIKeywordMain.runKeyword(WebUIKeywordMain.groovy:20)
	at com.kms.katalon.core.webui.keyword.builtin.VerifyTextPresentKeyword.verifyTextPresent(VerifyTextPresentKeyword.groovy:83)
	at com.kms.katalon.core.webui.keyword.builtin.VerifyTextPresentKeyword.execute(VerifyTextPresentKeyword.groovy:68)
	at com.kms.katalon.core.keyword.internal.KeywordExecutor.executeKeywordForPlatform(KeywordExecutor.groovy:74)
	at com.kms.katalon.core.webui.keyword.WebUiBuiltInKeywords.verifyTextPresent(WebUiBuiltInKeywords.groovy:1723)
	at com.kms.katalon.core.webui.keyword.WebUiBuiltInKeywords$verifyTextPresent$5.call(Unknown Source)
	at AddUserSpCharLastNameError.run(AddUserSpCharLastNameError:87)
	at com.kms.katalon.core.main.ScriptEngine.run(ScriptEngine.java:194)
	at com.kms.katalon.core.main.ScriptEngine.runScriptAsRawText(ScriptEngine.java:119)
	at com.kms.katalon.core.main.TestCaseExecutor.runScript(TestCaseExecutor.java:442)
	at com.kms.katalon.core.main.TestCaseExecutor.doExecute(TestCaseExecutor.java:433)
	at com.kms.katalon.core.main.TestCaseExecutor.processExecutionPhase(TestCaseExecutor.java:412)
	at com.kms.katalon.core.main.TestCaseExecutor.accessMainPhase(TestCaseExecutor.java:404)
	at com.kms.katalon.core.main.TestCaseExecutor.execute(TestCaseExecutor.java:281)
	at com.kms.katalon.core.main.TestSuiteExecutor.accessTestCaseMainPhase(TestSuiteExecutor.java:202)
	at com.kms.katalon.core.main.TestSuiteExecutor.accessTestSuiteMainPhase(TestSuiteExecutor.java:164)
	at com.kms.katalon.core.main.TestSuiteExecutor.execute(TestSuiteExecutor.java:105)
	at com.kms.katalon.core.main.TestCaseMain.startTestSuite(TestCaseMain.java:185)
	at com.kms.katalon.core.main.TestCaseMain$startTestSuite$0.call(Unknown Source)
	at TempTestSuite1676942839911.run(TempTestSuite1676942839911.groovy:36)
)

2023-02-20 20:44:23 - [MESSAGE][FAILED] - Text 'Username may only be comprised of alphanumeric characters, the underscore "_" character, the at "@" symbol, and the period "."Username may only be comprised of alphanumeric characters, the underscore "_" character, the at "@" symbol, and the period "."' is not present on page  using regular expression (Root cause: com.kms.katalon.core.exception.StepFailedException: Text 'Username may only be comprised of alphanumeric characters, the underscore "_" character, the at "@" symbol, and the period "."Username may only be comprised of alphanumeric characters, the underscore "_" character, the at "@" symbol, and the period "."' is not present on page  using regular expression
	at com.kms.katalon.core.webui.keyword.internal.WebUIKeywordMain.stepFailed(WebUIKeywordMain.groovy:64)
	at com.kms.katalon.core.webui.keyword.builtin.VerifyTextPresentKeyword$_verifyTextPresent_closure1.doCall(VerifyTextPresentKeyword.groovy:79)
	at com.kms.katalon.core.webui.keyword.builtin.VerifyTextPresentKeyword$_verifyTextPresent_closure1.call(VerifyTextPresentKeyword.groovy)
	at com.kms.katalon.core.webui.keyword.internal.WebUIKeywordMain.runKeyword(WebUIKeywordMain.groovy:20)
	at com.kms.katalon.core.webui.keyword.builtin.VerifyTextPresentKeyword.verifyTextPresent(VerifyTextPresentKeyword.groovy:83)
	at com.kms.katalon.core.webui.keyword.builtin.VerifyTextPresentKeyword.execute(VerifyTextPresentKeyword.groovy:68)
	at com.kms.katalon.core.keyword.internal.KeywordExecutor.executeKeywordForPlatform(KeywordExecutor.groovy:74)
	at com.kms.katalon.core.webui.keyword.WebUiBuiltInKeywords.verifyTextPresent(WebUiBuiltInKeywords.groovy:1723)
	at com.kms.katalon.core.webui.keyword.WebUiBuiltInKeywords$verifyTextPresent$5.call(Unknown Source)
	at AddUserSpCharLastNameError.run(AddUserSpCharLastNameError:87)
	at com.kms.katalon.core.main.ScriptEngine.run(ScriptEngine.java:194)
	at com.kms.katalon.core.main.ScriptEngine.runScriptAsRawText(ScriptEngine.java:119)
	at com.kms.katalon.core.main.TestCaseExecutor.runScript(TestCaseExecutor.java:442)
	at com.kms.katalon.core.main.TestCaseExecutor.doExecute(TestCaseExecutor.java:433)
	at com.kms.katalon.core.main.TestCaseExecutor.processExecutionPhase(TestCaseExecutor.java:412)
	at com.kms.katalon.core.main.TestCaseExecutor.accessMainPhase(TestCaseExecutor.java:404)
	at com.kms.katalon.core.main.TestCaseExecutor.execute(TestCaseExecutor.java:281)
	at com.kms.katalon.core.main.TestSuiteExecutor.accessTestCaseMainPhase(TestSuiteExecutor.java:202)
	at com.kms.katalon.core.main.TestSuiteExecutor.accessTestSuiteMainPhase(TestSuiteExecutor.java:164)
	at com.kms.katalon.core.main.TestSuiteExecutor.execute(TestSuiteExecutor.java:105)
	at com.kms.katalon.core.main.TestCaseMain.startTestSuite(TestCaseMain.java:185)
	at com.kms.katalon.core.main.TestCaseMain$startTestSuite$0.call(Unknown Source)
	at TempTestSuite1676942839911.run(TempTestSuite1676942839911.groovy:36)
)

2023-02-20 20:44:23 - [TEST_STEP][PASSED] - closeBrowser(): Browser is closed

2023-02-20 20:44:24 - [MESSAGE][PASSED] - Browser is closed

2023-02-20 20:44:24 - [TEST_STEP][PASSED] - ExecuteTC = findTestData(dataFile).getValue("Execute", row): null

2023-02-20 20:44:24 - [TEST_STEP][PASSED] - out.println("Value of Execute is : " + ExecuteTC): null

2023-02-20 20:44:24 - [TEST_STEP][FAILED] - if (ExecuteTC.equalsIgnoreCase("Y")): null

2023-02-20 20:44:24 - [TEST_STEP][PASSED] - out.println("Begin Record Number: " + row): null

2023-02-20 20:44:24 - [TEST_STEP][PASSED] - adminSuiteBootstrap.loginFunctionality.login_AdminSuite(): adminSuiteBootstrap.loginFunctionality.login_AdminSuite is PASSED

2023-02-20 20:44:24 - [MESSAGE][INFO] - Starting 'Chrome' driver

2023-02-20 20:44:24 - [MESSAGE][INFO] - User set preference: ['acceptInsecureCerts', 'true']

2023-02-20 20:44:24 - [MESSAGE][INFO] - Action delay is set to 0 milliseconds

2023-02-20 20:44:26 - [MESSAGE][PASSED] - Browser is opened with url: 'https://qa.velocitypayment.com/admin/imtiaz'

2023-02-20 20:44:26 - [MESSAGE][PASSED] - Current window maximized

2023-02-20 20:44:27 - [MESSAGE][PASSED] - Object 'Object Repository/Login_Page/Login_Username' is present

2023-02-20 20:44:28 - [MESSAGE][PASSED] - Text 'iahmed' is set on object 'Object Repository/Login_Page/Login_Username'

2023-02-20 20:44:28 - [MESSAGE][PASSED] - Text 'hello2222' is set on object 'Object Repository/Login_Page/Login_Password'

2023-02-20 20:44:31 - [MESSAGE][PASSED] - Object: 'Object Repository/Login_Page/Login_Submit' is clicked on

2023-02-20 20:44:31 - [MESSAGE][PASSED] - adminSuiteBootstrap.loginFunctionality.login_AdminSuite is PASSED

2023-02-20 20:44:31 - [TEST_STEP][PASSED] - click(findTestObject(path_Dashboard + "a_Access User Management")): Object: 'Object Repository/AdminSuiteBootstrap_Pages/Dashboard_Bootstrap/a_Access User Management' is clicked on

2023-02-20 20:44:32 - [MESSAGE][PASSED] - Object: 'Object Repository/AdminSuiteBootstrap_Pages/Dashboard_Bootstrap/a_Access User Management' is clicked on

2023-02-20 20:44:32 - [TEST_STEP][PASSED] - click(findTestObject(path_Users + "a_Add User")): Object: 'Object Repository/AdminSuiteBootstrap_Pages/UM_Bootstrap/Users/a_Add User' is clicked on

2023-02-20 20:44:32 - [MESSAGE][PASSED] - Object: 'Object Repository/AdminSuiteBootstrap_Pages/UM_Bootstrap/Users/a_Add User' is clicked on

2023-02-20 20:44:32 - [TEST_STEP][PASSED] - buildUsername = pages.GenerateRandom.getRandomAlpha(): pages.GenerateRandom.getRandomAlpha is PASSED

2023-02-20 20:44:32 - [MESSAGE][PASSED] - pages.GenerateRandom.getRandomAlpha is PASSED

2023-02-20 20:44:32 - [TEST_STEP][PASSED] - prefixUsername = findTestData(dataFile).getValue("Lastname", row): null

2023-02-20 20:44:32 - [TEST_STEP][PASSED] - spUsername = prefixUsername + buildUsername: null

2023-02-20 20:44:32 - [TEST_STEP][PASSED] - setText(findTestObject(path_AddUser + "input_EmailAddress"), "iahmed@govolution.com"): Text 'iahmed@govolution.com' is set on object 'Object Repository/AdminSuiteBootstrap_Pages/UM_Bootstrap/AddUser/input_EmailAddress'

2023-02-20 20:44:33 - [MESSAGE][PASSED] - Text 'iahmed@govolution.com' is set on object 'Object Repository/AdminSuiteBootstrap_Pages/UM_Bootstrap/AddUser/input_EmailAddress'

2023-02-20 20:44:33 - [TEST_STEP][PASSED] - setText(findTestObject(path_AddUser + "input_Username"), buildUsername): Text 'llIfayfip' is set on object 'Object Repository/AdminSuiteBootstrap_Pages/UM_Bootstrap/AddUser/input_Username'

2023-02-20 20:44:34 - [MESSAGE][PASSED] - Text 'llIfayfip' is set on object 'Object Repository/AdminSuiteBootstrap_Pages/UM_Bootstrap/AddUser/input_Username'

2023-02-20 20:44:34 - [TEST_STEP][PASSED] - setText(findTestObject(path_AddUser + "input_FirstName"), "Ashley"): Text 'Ashley' is set on object 'Object Repository/AdminSuiteBootstrap_Pages/UM_Bootstrap/AddUser/input_FirstName'

2023-02-20 20:44:34 - [MESSAGE][PASSED] - Text 'Ashley' is set on object 'Object Repository/AdminSuiteBootstrap_Pages/UM_Bootstrap/AddUser/input_FirstName'

2023-02-20 20:44:34 - [TEST_STEP][PASSED] - setText(findTestObject(path_AddUser + "input_LastName"), spUsername): Text '+llIfayfip' is set on object 'Object Repository/AdminSuiteBootstrap_Pages/UM_Bootstrap/AddUser/input_LastName'

2023-02-20 20:44:35 - [MESSAGE][PASSED] - Text '+llIfayfip' is set on object 'Object Repository/AdminSuiteBootstrap_Pages/UM_Bootstrap/AddUser/input_LastName'

2023-02-20 20:44:35 - [TEST_STEP][PASSED] - setText(findTestObject(path_AddUser + "input_Password"), "hello6666"): Text 'hello6666' is set on object 'Object Repository/AdminSuiteBootstrap_Pages/UM_Bootstrap/AddUser/input_Password'

2023-02-20 20:44:36 - [MESSAGE][PASSED] - Text 'hello6666' is set on object 'Object Repository/AdminSuiteBootstrap_Pages/UM_Bootstrap/AddUser/input_Password'

2023-02-20 20:44:36 - [TEST_STEP][PASSED] - setText(findTestObject(path_AddUser + "input_ConfirmPassword"), "hello6666"): Text 'hello6666' is set on object 'Object Repository/AdminSuiteBootstrap_Pages/UM_Bootstrap/AddUser/input_ConfirmPassword'

2023-02-20 20:44:36 - [MESSAGE][PASSED] - Text 'hello6666' is set on object 'Object Repository/AdminSuiteBootstrap_Pages/UM_Bootstrap/AddUser/input_ConfirmPassword'

2023-02-20 20:44:36 - [TEST_STEP][PASSED] - check(findTestObject(path_AddUser + "input_No_lock")): Object 'Object Repository/AdminSuiteBootstrap_Pages/UM_Bootstrap/AddUser/input_No_lock' is checked

2023-02-20 20:44:37 - [MESSAGE][PASSED] - Object 'Object Repository/AdminSuiteBootstrap_Pages/UM_Bootstrap/AddUser/input_No_lock' is checked

2023-02-20 20:44:37 - [TEST_STEP][PASSED] - click(findTestObject(path_AddUser + "button_Create")): Object: 'Object Repository/AdminSuiteBootstrap_Pages/UM_Bootstrap/AddUser/button_Create' is clicked on

2023-02-20 20:44:38 - [MESSAGE][PASSED] - Object: 'Object Repository/AdminSuiteBootstrap_Pages/UM_Bootstrap/AddUser/button_Create' is clicked on

2023-02-20 20:44:38 - [TEST_STEP][PASSED] - verifyTextPresent("Error! Please provide the following required information as indicated below", true): Text 'Error! Please provide the following required information as indicated below' is present on page  using regular expression

2023-02-20 20:44:38 - [MESSAGE][PASSED] - Text 'Error! Please provide the following required information as indicated below' is present on page  using regular expression

2023-02-20 20:44:38 - [TEST_STEP][FAILED] - verifyTextPresent("Username may only be comprised of alphanumeric characters, the underscore "_" character, the at "@" symbol, and the period "."Username may only be comprised of alphanumeric characters, the underscore "_" character, the at "@" symbol, and the period "."", true): Text 'Username may only be comprised of alphanumeric characters, the underscore "_" character, the at "@" symbol, and the period "."Username may only be comprised of alphanumeric characters, the underscore "_" character, the at "@" symbol, and the period "."' is not present on page  using regular expression (Root cause: com.kms.katalon.core.exception.StepFailedException: Text 'Username may only be comprised of alphanumeric characters, the underscore "_" character, the at "@" symbol, and the period "."Username may only be comprised of alphanumeric characters, the underscore "_" character, the at "@" symbol, and the period "."' is not present on page  using regular expression
	at com.kms.katalon.core.webui.keyword.internal.WebUIKeywordMain.stepFailed(WebUIKeywordMain.groovy:64)
	at com.kms.katalon.core.webui.keyword.builtin.VerifyTextPresentKeyword$_verifyTextPresent_closure1.doCall(VerifyTextPresentKeyword.groovy:79)
	at com.kms.katalon.core.webui.keyword.builtin.VerifyTextPresentKeyword$_verifyTextPresent_closure1.call(VerifyTextPresentKeyword.groovy)
	at com.kms.katalon.core.webui.keyword.internal.WebUIKeywordMain.runKeyword(WebUIKeywordMain.groovy:20)
	at com.kms.katalon.core.webui.keyword.builtin.VerifyTextPresentKeyword.verifyTextPresent(VerifyTextPresentKeyword.groovy:83)
	at com.kms.katalon.core.webui.keyword.builtin.VerifyTextPresentKeyword.execute(VerifyTextPresentKeyword.groovy:68)
	at com.kms.katalon.core.keyword.internal.KeywordExecutor.executeKeywordForPlatform(KeywordExecutor.groovy:74)
	at com.kms.katalon.core.webui.keyword.WebUiBuiltInKeywords.verifyTextPresent(WebUiBuiltInKeywords.groovy:1723)
	at com.kms.katalon.core.webui.keyword.WebUiBuiltInKeywords$verifyTextPresent$5.call(Unknown Source)
	at AddUserSpCharLastNameError.run(AddUserSpCharLastNameError:87)
	at com.kms.katalon.core.main.ScriptEngine.run(ScriptEngine.java:194)
	at com.kms.katalon.core.main.ScriptEngine.runScriptAsRawText(ScriptEngine.java:119)
	at com.kms.katalon.core.main.TestCaseExecutor.runScript(TestCaseExecutor.java:442)
	at com.kms.katalon.core.main.TestCaseExecutor.doExecute(TestCaseExecutor.java:433)
	at com.kms.katalon.core.main.TestCaseExecutor.processExecutionPhase(TestCaseExecutor.java:412)
	at com.kms.katalon.core.main.TestCaseExecutor.accessMainPhase(TestCaseExecutor.java:404)
	at com.kms.katalon.core.main.TestCaseExecutor.execute(TestCaseExecutor.java:281)
	at com.kms.katalon.core.main.TestSuiteExecutor.accessTestCaseMainPhase(TestSuiteExecutor.java:202)
	at com.kms.katalon.core.main.TestSuiteExecutor.accessTestSuiteMainPhase(TestSuiteExecutor.java:164)
	at com.kms.katalon.core.main.TestSuiteExecutor.execute(TestSuiteExecutor.java:105)
	at com.kms.katalon.core.main.TestCaseMain.startTestSuite(TestCaseMain.java:185)
	at com.kms.katalon.core.main.TestCaseMain$startTestSuite$0.call(Unknown Source)
	at TempTestSuite1676942839911.run(TempTestSuite1676942839911.groovy:36)
)

2023-02-20 20:44:38 - [MESSAGE][FAILED] - Text 'Username may only be comprised of alphanumeric characters, the underscore "_" character, the at "@" symbol, and the period "."Username may only be comprised of alphanumeric characters, the underscore "_" character, the at "@" symbol, and the period "."' is not present on page  using regular expression (Root cause: com.kms.katalon.core.exception.StepFailedException: Text 'Username may only be comprised of alphanumeric characters, the underscore "_" character, the at "@" symbol, and the period "."Username may only be comprised of alphanumeric characters, the underscore "_" character, the at "@" symbol, and the period "."' is not present on page  using regular expression
	at com.kms.katalon.core.webui.keyword.internal.WebUIKeywordMain.stepFailed(WebUIKeywordMain.groovy:64)
	at com.kms.katalon.core.webui.keyword.builtin.VerifyTextPresentKeyword$_verifyTextPresent_closure1.doCall(VerifyTextPresentKeyword.groovy:79)
	at com.kms.katalon.core.webui.keyword.builtin.VerifyTextPresentKeyword$_verifyTextPresent_closure1.call(VerifyTextPresentKeyword.groovy)
	at com.kms.katalon.core.webui.keyword.internal.WebUIKeywordMain.runKeyword(WebUIKeywordMain.groovy:20)
	at com.kms.katalon.core.webui.keyword.builtin.VerifyTextPresentKeyword.verifyTextPresent(VerifyTextPresentKeyword.groovy:83)
	at com.kms.katalon.core.webui.keyword.builtin.VerifyTextPresentKeyword.execute(VerifyTextPresentKeyword.groovy:68)
	at com.kms.katalon.core.keyword.internal.KeywordExecutor.executeKeywordForPlatform(KeywordExecutor.groovy:74)
	at com.kms.katalon.core.webui.keyword.WebUiBuiltInKeywords.verifyTextPresent(WebUiBuiltInKeywords.groovy:1723)
	at com.kms.katalon.core.webui.keyword.WebUiBuiltInKeywords$verifyTextPresent$5.call(Unknown Source)
	at AddUserSpCharLastNameError.run(AddUserSpCharLastNameError:87)
	at com.kms.katalon.core.main.ScriptEngine.run(ScriptEngine.java:194)
	at com.kms.katalon.core.main.ScriptEngine.runScriptAsRawText(ScriptEngine.java:119)
	at com.kms.katalon.core.main.TestCaseExecutor.runScript(TestCaseExecutor.java:442)
	at com.kms.katalon.core.main.TestCaseExecutor.doExecute(TestCaseExecutor.java:433)
	at com.kms.katalon.core.main.TestCaseExecutor.processExecutionPhase(TestCaseExecutor.java:412)
	at com.kms.katalon.core.main.TestCaseExecutor.accessMainPhase(TestCaseExecutor.java:404)
	at com.kms.katalon.core.main.TestCaseExecutor.execute(TestCaseExecutor.java:281)
	at com.kms.katalon.core.main.TestSuiteExecutor.accessTestCaseMainPhase(TestSuiteExecutor.java:202)
	at com.kms.katalon.core.main.TestSuiteExecutor.accessTestSuiteMainPhase(TestSuiteExecutor.java:164)
	at com.kms.katalon.core.main.TestSuiteExecutor.execute(TestSuiteExecutor.java:105)
	at com.kms.katalon.core.main.TestCaseMain.startTestSuite(TestCaseMain.java:185)
	at com.kms.katalon.core.main.TestCaseMain$startTestSuite$0.call(Unknown Source)
	at TempTestSuite1676942839911.run(TempTestSuite1676942839911.groovy:36)
)

2023-02-20 20:44:38 - [TEST_STEP][PASSED] - closeBrowser(): Browser is closed

2023-02-20 20:44:39 - [MESSAGE][PASSED] - Browser is closed

2023-02-20 20:44:39 - [TEST_STEP][PASSED] - ExecuteTC = findTestData(dataFile).getValue("Execute", row): null

2023-02-20 20:44:39 - [TEST_STEP][PASSED] - out.println("Value of Execute is : " + ExecuteTC): null

2023-02-20 20:44:39 - [TEST_STEP][FAILED] - if (ExecuteTC.equalsIgnoreCase("Y")): null

2023-02-20 20:44:39 - [TEST_STEP][PASSED] - out.println("Begin Record Number: " + row): null

2023-02-20 20:44:39 - [TEST_STEP][PASSED] - adminSuiteBootstrap.loginFunctionality.login_AdminSuite(): adminSuiteBootstrap.loginFunctionality.login_AdminSuite is PASSED

2023-02-20 20:44:39 - [MESSAGE][INFO] - Starting 'Chrome' driver

2023-02-20 20:44:39 - [MESSAGE][INFO] - User set preference: ['acceptInsecureCerts', 'true']

2023-02-20 20:44:39 - [MESSAGE][INFO] - Action delay is set to 0 milliseconds

2023-02-20 20:44:42 - [MESSAGE][PASSED] - Browser is opened with url: 'https://qa.velocitypayment.com/admin/imtiaz'

2023-02-20 20:44:42 - [MESSAGE][PASSED] - Current window maximized

2023-02-20 20:44:42 - [MESSAGE][PASSED] - Object 'Object Repository/Login_Page/Login_Username' is present

2023-02-20 20:44:43 - [MESSAGE][PASSED] - Text 'iahmed' is set on object 'Object Repository/Login_Page/Login_Username'

2023-02-20 20:44:43 - [MESSAGE][PASSED] - Text 'hello2222' is set on object 'Object Repository/Login_Page/Login_Password'

2023-02-20 20:44:47 - [MESSAGE][PASSED] - Object: 'Object Repository/Login_Page/Login_Submit' is clicked on

2023-02-20 20:44:47 - [MESSAGE][PASSED] - adminSuiteBootstrap.loginFunctionality.login_AdminSuite is PASSED

2023-02-20 20:44:47 - [TEST_STEP][PASSED] - click(findTestObject(path_Dashboard + "a_Access User Management")): Object: 'Object Repository/AdminSuiteBootstrap_Pages/Dashboard_Bootstrap/a_Access User Management' is clicked on

2023-02-20 20:44:48 - [MESSAGE][PASSED] - Object: 'Object Repository/AdminSuiteBootstrap_Pages/Dashboard_Bootstrap/a_Access User Management' is clicked on

2023-02-20 20:44:48 - [TEST_STEP][PASSED] - click(findTestObject(path_Users + "a_Add User")): Object: 'Object Repository/AdminSuiteBootstrap_Pages/UM_Bootstrap/Users/a_Add User' is clicked on

2023-02-20 20:44:49 - [MESSAGE][PASSED] - Object: 'Object Repository/AdminSuiteBootstrap_Pages/UM_Bootstrap/Users/a_Add User' is clicked on

2023-02-20 20:44:49 - [TEST_STEP][PASSED] - buildUsername = pages.GenerateRandom.getRandomAlpha(): pages.GenerateRandom.getRandomAlpha is PASSED

2023-02-20 20:44:49 - [MESSAGE][PASSED] - pages.GenerateRandom.getRandomAlpha is PASSED

2023-02-20 20:44:49 - [TEST_STEP][PASSED] - prefixUsername = findTestData(dataFile).getValue("Lastname", row): null

2023-02-20 20:44:49 - [TEST_STEP][PASSED] - spUsername = prefixUsername + buildUsername: null

2023-02-20 20:44:49 - [TEST_STEP][PASSED] - setText(findTestObject(path_AddUser + "input_EmailAddress"), "iahmed@govolution.com"): Text 'iahmed@govolution.com' is set on object 'Object Repository/AdminSuiteBootstrap_Pages/UM_Bootstrap/AddUser/input_EmailAddress'

2023-02-20 20:44:50 - [MESSAGE][PASSED] - Text 'iahmed@govolution.com' is set on object 'Object Repository/AdminSuiteBootstrap_Pages/UM_Bootstrap/AddUser/input_EmailAddress'

2023-02-20 20:44:50 - [TEST_STEP][PASSED] - setText(findTestObject(path_AddUser + "input_Username"), buildUsername): Text 'FCTFdMIgb' is set on object 'Object Repository/AdminSuiteBootstrap_Pages/UM_Bootstrap/AddUser/input_Username'

2023-02-20 20:44:50 - [MESSAGE][PASSED] - Text 'FCTFdMIgb' is set on object 'Object Repository/AdminSuiteBootstrap_Pages/UM_Bootstrap/AddUser/input_Username'

2023-02-20 20:44:50 - [TEST_STEP][PASSED] - setText(findTestObject(path_AddUser + "input_FirstName"), "Ashley"): Text 'Ashley' is set on object 'Object Repository/AdminSuiteBootstrap_Pages/UM_Bootstrap/AddUser/input_FirstName'

2023-02-20 20:44:51 - [MESSAGE][PASSED] - Text 'Ashley' is set on object 'Object Repository/AdminSuiteBootstrap_Pages/UM_Bootstrap/AddUser/input_FirstName'

2023-02-20 20:44:51 - [TEST_STEP][PASSED] - setText(findTestObject(path_AddUser + "input_LastName"), spUsername): Text '@FCTFdMIgb' is set on object 'Object Repository/AdminSuiteBootstrap_Pages/UM_Bootstrap/AddUser/input_LastName'

2023-02-20 20:44:52 - [MESSAGE][PASSED] - Text '@FCTFdMIgb' is set on object 'Object Repository/AdminSuiteBootstrap_Pages/UM_Bootstrap/AddUser/input_LastName'

2023-02-20 20:44:52 - [TEST_STEP][PASSED] - setText(findTestObject(path_AddUser + "input_Password"), "hello6666"): Text 'hello6666' is set on object 'Object Repository/AdminSuiteBootstrap_Pages/UM_Bootstrap/AddUser/input_Password'

2023-02-20 20:44:52 - [MESSAGE][PASSED] - Text 'hello6666' is set on object 'Object Repository/AdminSuiteBootstrap_Pages/UM_Bootstrap/AddUser/input_Password'

2023-02-20 20:44:52 - [TEST_STEP][PASSED] - setText(findTestObject(path_AddUser + "input_ConfirmPassword"), "hello6666"): Text 'hello6666' is set on object 'Object Repository/AdminSuiteBootstrap_Pages/UM_Bootstrap/AddUser/input_ConfirmPassword'

2023-02-20 20:44:53 - [MESSAGE][PASSED] - Text 'hello6666' is set on object 'Object Repository/AdminSuiteBootstrap_Pages/UM_Bootstrap/AddUser/input_ConfirmPassword'

2023-02-20 20:44:53 - [TEST_STEP][PASSED] - check(findTestObject(path_AddUser + "input_No_lock")): Object 'Object Repository/AdminSuiteBootstrap_Pages/UM_Bootstrap/AddUser/input_No_lock' is checked

2023-02-20 20:44:53 - [MESSAGE][PASSED] - Object 'Object Repository/AdminSuiteBootstrap_Pages/UM_Bootstrap/AddUser/input_No_lock' is checked

2023-02-20 20:44:53 - [TEST_STEP][PASSED] - click(findTestObject(path_AddUser + "button_Create")): Object: 'Object Repository/AdminSuiteBootstrap_Pages/UM_Bootstrap/AddUser/button_Create' is clicked on

2023-02-20 20:44:54 - [MESSAGE][PASSED] - Object: 'Object Repository/AdminSuiteBootstrap_Pages/UM_Bootstrap/AddUser/button_Create' is clicked on

2023-02-20 20:44:54 - [TEST_STEP][PASSED] - verifyTextPresent("Error! Please provide the following required information as indicated below", true): Text 'Error! Please provide the following required information as indicated below' is present on page  using regular expression

2023-02-20 20:44:55 - [MESSAGE][PASSED] - Text 'Error! Please provide the following required information as indicated below' is present on page  using regular expression

2023-02-20 20:44:55 - [TEST_STEP][FAILED] - verifyTextPresent("Username may only be comprised of alphanumeric characters, the underscore "_" character, the at "@" symbol, and the period "."Username may only be comprised of alphanumeric characters, the underscore "_" character, the at "@" symbol, and the period "."", true): Text 'Username may only be comprised of alphanumeric characters, the underscore "_" character, the at "@" symbol, and the period "."Username may only be comprised of alphanumeric characters, the underscore "_" character, the at "@" symbol, and the period "."' is not present on page  using regular expression (Root cause: com.kms.katalon.core.exception.StepFailedException: Text 'Username may only be comprised of alphanumeric characters, the underscore "_" character, the at "@" symbol, and the period "."Username may only be comprised of alphanumeric characters, the underscore "_" character, the at "@" symbol, and the period "."' is not present on page  using regular expression
	at com.kms.katalon.core.webui.keyword.internal.WebUIKeywordMain.stepFailed(WebUIKeywordMain.groovy:64)
	at com.kms.katalon.core.webui.keyword.builtin.VerifyTextPresentKeyword$_verifyTextPresent_closure1.doCall(VerifyTextPresentKeyword.groovy:79)
	at com.kms.katalon.core.webui.keyword.builtin.VerifyTextPresentKeyword$_verifyTextPresent_closure1.call(VerifyTextPresentKeyword.groovy)
	at com.kms.katalon.core.webui.keyword.internal.WebUIKeywordMain.runKeyword(WebUIKeywordMain.groovy:20)
	at com.kms.katalon.core.webui.keyword.builtin.VerifyTextPresentKeyword.verifyTextPresent(VerifyTextPresentKeyword.groovy:83)
	at com.kms.katalon.core.webui.keyword.builtin.VerifyTextPresentKeyword.execute(VerifyTextPresentKeyword.groovy:68)
	at com.kms.katalon.core.keyword.internal.KeywordExecutor.executeKeywordForPlatform(KeywordExecutor.groovy:74)
	at com.kms.katalon.core.webui.keyword.WebUiBuiltInKeywords.verifyTextPresent(WebUiBuiltInKeywords.groovy:1723)
	at com.kms.katalon.core.webui.keyword.WebUiBuiltInKeywords$verifyTextPresent$5.call(Unknown Source)
	at AddUserSpCharLastNameError.run(AddUserSpCharLastNameError:87)
	at com.kms.katalon.core.main.ScriptEngine.run(ScriptEngine.java:194)
	at com.kms.katalon.core.main.ScriptEngine.runScriptAsRawText(ScriptEngine.java:119)
	at com.kms.katalon.core.main.TestCaseExecutor.runScript(TestCaseExecutor.java:442)
	at com.kms.katalon.core.main.TestCaseExecutor.doExecute(TestCaseExecutor.java:433)
	at com.kms.katalon.core.main.TestCaseExecutor.processExecutionPhase(TestCaseExecutor.java:412)
	at com.kms.katalon.core.main.TestCaseExecutor.accessMainPhase(TestCaseExecutor.java:404)
	at com.kms.katalon.core.main.TestCaseExecutor.execute(TestCaseExecutor.java:281)
	at com.kms.katalon.core.main.TestSuiteExecutor.accessTestCaseMainPhase(TestSuiteExecutor.java:202)
	at com.kms.katalon.core.main.TestSuiteExecutor.accessTestSuiteMainPhase(TestSuiteExecutor.java:164)
	at com.kms.katalon.core.main.TestSuiteExecutor.execute(TestSuiteExecutor.java:105)
	at com.kms.katalon.core.main.TestCaseMain.startTestSuite(TestCaseMain.java:185)
	at com.kms.katalon.core.main.TestCaseMain$startTestSuite$0.call(Unknown Source)
	at TempTestSuite1676942839911.run(TempTestSuite1676942839911.groovy:36)
)

2023-02-20 20:44:55 - [MESSAGE][FAILED] - Text 'Username may only be comprised of alphanumeric characters, the underscore "_" character, the at "@" symbol, and the period "."Username may only be comprised of alphanumeric characters, the underscore "_" character, the at "@" symbol, and the period "."' is not present on page  using regular expression (Root cause: com.kms.katalon.core.exception.StepFailedException: Text 'Username may only be comprised of alphanumeric characters, the underscore "_" character, the at "@" symbol, and the period "."Username may only be comprised of alphanumeric characters, the underscore "_" character, the at "@" symbol, and the period "."' is not present on page  using regular expression
	at com.kms.katalon.core.webui.keyword.internal.WebUIKeywordMain.stepFailed(WebUIKeywordMain.groovy:64)
	at com.kms.katalon.core.webui.keyword.builtin.VerifyTextPresentKeyword$_verifyTextPresent_closure1.doCall(VerifyTextPresentKeyword.groovy:79)
	at com.kms.katalon.core.webui.keyword.builtin.VerifyTextPresentKeyword$_verifyTextPresent_closure1.call(VerifyTextPresentKeyword.groovy)
	at com.kms.katalon.core.webui.keyword.internal.WebUIKeywordMain.runKeyword(WebUIKeywordMain.groovy:20)
	at com.kms.katalon.core.webui.keyword.builtin.VerifyTextPresentKeyword.verifyTextPresent(VerifyTextPresentKeyword.groovy:83)
	at com.kms.katalon.core.webui.keyword.builtin.VerifyTextPresentKeyword.execute(VerifyTextPresentKeyword.groovy:68)
	at com.kms.katalon.core.keyword.internal.KeywordExecutor.executeKeywordForPlatform(KeywordExecutor.groovy:74)
	at com.kms.katalon.core.webui.keyword.WebUiBuiltInKeywords.verifyTextPresent(WebUiBuiltInKeywords.groovy:1723)
	at com.kms.katalon.core.webui.keyword.WebUiBuiltInKeywords$verifyTextPresent$5.call(Unknown Source)
	at AddUserSpCharLastNameError.run(AddUserSpCharLastNameError:87)
	at com.kms.katalon.core.main.ScriptEngine.run(ScriptEngine.java:194)
	at com.kms.katalon.core.main.ScriptEngine.runScriptAsRawText(ScriptEngine.java:119)
	at com.kms.katalon.core.main.TestCaseExecutor.runScript(TestCaseExecutor.java:442)
	at com.kms.katalon.core.main.TestCaseExecutor.doExecute(TestCaseExecutor.java:433)
	at com.kms.katalon.core.main.TestCaseExecutor.processExecutionPhase(TestCaseExecutor.java:412)
	at com.kms.katalon.core.main.TestCaseExecutor.accessMainPhase(TestCaseExecutor.java:404)
	at com.kms.katalon.core.main.TestCaseExecutor.execute(TestCaseExecutor.java:281)
	at com.kms.katalon.core.main.TestSuiteExecutor.accessTestCaseMainPhase(TestSuiteExecutor.java:202)
	at com.kms.katalon.core.main.TestSuiteExecutor.accessTestSuiteMainPhase(TestSuiteExecutor.java:164)
	at com.kms.katalon.core.main.TestSuiteExecutor.execute(TestSuiteExecutor.java:105)
	at com.kms.katalon.core.main.TestCaseMain.startTestSuite(TestCaseMain.java:185)
	at com.kms.katalon.core.main.TestCaseMain$startTestSuite$0.call(Unknown Source)
	at TempTestSuite1676942839911.run(TempTestSuite1676942839911.groovy:36)
)

2023-02-20 20:44:55 - [TEST_STEP][PASSED] - closeBrowser(): Browser is closed

2023-02-20 20:44:56 - [MESSAGE][PASSED] - Browser is closed]]></system-out>
         <system-err><![CDATA[2023-02-20 20:43:53 - [TEST_CASE][FAILED] - Test Cases/Admin Suite Bootstrap/UM_TestCases/UsersErrors/AddUserSpCharLastNameError: Test Cases/Admin Suite Bootstrap/UM_TestCases/UsersErrors/AddUserSpCharLastNameError FAILED.
Reason:
com.kms.katalon.core.exception.StepFailedException: Text 'Username may only be comprised of alphanumeric characters, the underscore "_" character, the at "@" symbol, and the period "."Username may only be comprised of alphanumeric characters, the underscore "_" character, the at "@" symbol, and the period "."' is not present on page  using regular expression (Root cause: com.kms.katalon.core.exception.StepFailedException: Text 'Username may only be comprised of alphanumeric characters, the underscore "_" character, the at "@" symbol, and the period "."Username may only be comprised of alphanumeric characters, the underscore "_" character, the at "@" symbol, and the period "."' is not present on page  using regular expression
	at com.kms.katalon.core.webui.keyword.internal.WebUIKeywordMain.stepFailed(WebUIKeywordMain.groovy:64)
	at com.kms.katalon.core.webui.keyword.builtin.VerifyTextPresentKeyword$_verifyTextPresent_closure1.doCall(VerifyTextPresentKeyword.groovy:79)
	at com.kms.katalon.core.webui.keyword.builtin.VerifyTextPresentKeyword$_verifyTextPresent_closure1.call(VerifyTextPresentKeyword.groovy)
	at com.kms.katalon.core.webui.keyword.internal.WebUIKeywordMain.runKeyword(WebUIKeywordMain.groovy:20)
	at com.kms.katalon.core.webui.keyword.builtin.VerifyTextPresentKeyword.verifyTextPresent(VerifyTextPresentKeyword.groovy:83)
	at com.kms.katalon.core.webui.keyword.builtin.VerifyTextPresentKeyword.execute(VerifyTextPresentKeyword.groovy:68)
	at com.kms.katalon.core.keyword.internal.KeywordExecutor.executeKeywordForPlatform(KeywordExecutor.groovy:74)
	at com.kms.katalon.core.webui.keyword.WebUiBuiltInKeywords.verifyTextPresent(WebUiBuiltInKeywords.groovy:1723)
	at com.kms.katalon.core.webui.keyword.WebUiBuiltInKeywords$verifyTextPresent$5.call(Unknown Source)
	at AddUserSpCharLastNameError.run(AddUserSpCharLastNameError:87)
	at com.kms.katalon.core.main.ScriptEngine.run(ScriptEngine.java:194)
	at com.kms.katalon.core.main.ScriptEngine.runScriptAsRawText(ScriptEngine.java:119)
	at com.kms.katalon.core.main.TestCaseExecutor.runScript(TestCaseExecutor.java:442)
	at com.kms.katalon.core.main.TestCaseExecutor.doExecute(TestCaseExecutor.java:433)
	at com.kms.katalon.core.main.TestCaseExecutor.processExecutionPhase(TestCaseExecutor.java:412)
	at com.kms.katalon.core.main.TestCaseExecutor.accessMainPhase(TestCaseExecutor.java:404)
	at com.kms.katalon.core.main.TestCaseExecutor.execute(TestCaseExecutor.java:281)
	at com.kms.katalon.core.main.TestSuiteExecutor.accessTestCaseMainPhase(TestSuiteExecutor.java:202)
	at com.kms.katalon.core.main.TestSuiteExecutor.accessTestSuiteMainPhase(TestSuiteExecutor.java:164)
	at com.kms.katalon.core.main.TestSuiteExecutor.execute(TestSuiteExecutor.java:105)
	at com.kms.katalon.core.main.TestCaseMain.startTestSuite(TestCaseMain.java:185)
	at com.kms.katalon.core.main.TestCaseMain$startTestSuite$0.call(Unknown Source)
	at TempTestSuite1676942839911.run(TempTestSuite1676942839911.groovy:36)
)
	at com.kms.katalon.core.keyword.internal.KeywordMain.stepFailed(KeywordMain.groovy:39)
	at com.kms.katalon.core.webui.keyword.internal.WebUIKeywordMain.stepFailed(WebUIKeywordMain.groovy:64)
	at com.kms.katalon.core.webui.keyword.builtin.VerifyTextPresentKeyword$_verifyTextPresent_closure1.doCall(VerifyTextPresentKeyword.groovy:79)
	at com.kms.katalon.core.webui.keyword.builtin.VerifyTextPresentKeyword$_verifyTextPresent_closure1.call(VerifyTextPresentKeyword.groovy)
	at com.kms.katalon.core.webui.keyword.internal.WebUIKeywordMain.runKeyword(WebUIKeywordMain.groovy:20)
	at com.kms.katalon.core.webui.keyword.builtin.VerifyTextPresentKeyword.verifyTextPresent(VerifyTextPresentKeyword.groovy:83)
	at com.kms.katalon.core.webui.keyword.builtin.VerifyTextPresentKeyword.execute(VerifyTextPresentKeyword.groovy:68)
	at com.kms.katalon.core.keyword.internal.KeywordExecutor.executeKeywordForPlatform(KeywordExecutor.groovy:74)
	at com.kms.katalon.core.webui.keyword.WebUiBuiltInKeywords.verifyTextPresent(WebUiBuiltInKeywords.groovy:1723)
	at com.kms.katalon.core.webui.keyword.WebUiBuiltInKeywords$verifyTextPresent$5.call(Unknown Source)
	at AddUserSpCharLastNameError.run(AddUserSpCharLastNameError:87)
	at com.kms.katalon.core.main.ScriptEngine.run(ScriptEngine.java:194)
	at com.kms.katalon.core.main.ScriptEngine.runScriptAsRawText(ScriptEngine.java:119)
	at com.kms.katalon.core.main.TestCaseExecutor.runScript(TestCaseExecutor.java:442)
	at com.kms.katalon.core.main.TestCaseExecutor.doExecute(TestCaseExecutor.java:433)
	at com.kms.katalon.core.main.TestCaseExecutor.processExecutionPhase(TestCaseExecutor.java:412)
	at com.kms.katalon.core.main.TestCaseExecutor.accessMainPhase(TestCaseExecutor.java:404)
	at com.kms.katalon.core.main.TestCaseExecutor.execute(TestCaseExecutor.java:281)
	at com.kms.katalon.core.main.TestSuiteExecutor.accessTestCaseMainPhase(TestSuiteExecutor.java:202)
	at com.kms.katalon.core.main.TestSuiteExecutor.accessTestSuiteMainPhase(TestSuiteExecutor.java:164)
	at com.kms.katalon.core.main.TestSuiteExecutor.execute(TestSuiteExecutor.java:105)
	at com.kms.katalon.core.main.TestCaseMain.startTestSuite(TestCaseMain.java:185)
	at com.kms.katalon.core.main.TestCaseMain$startTestSuite$0.call(Unknown Source)
	at TempTestSuite1676942839911.run(TempTestSuite1676942839911.groovy:36)
Caused by: com.kms.katalon.core.exception.StepFailedException: Text 'Username may only be comprised of alphanumeric characters, the underscore "_" character, the at "@" symbol, and the period "."Username may only be comprised of alphanumeric characters, the underscore "_" character, the at "@" symbol, and the period "."' is not present on page  using regular expression
	... 23 more]]></system-err>
      </testcase>
      <testcase name="Test Cases/Admin Suite Bootstrap/UM_TestCases/UsersErrors/CreateUserErrors" time="63.07" classname="Test Cases/Admin Suite Bootstrap/UM_TestCases/UsersErrors/CreateUserErrors" status="PASSED">
         <system-out><![CDATA[2023-02-20 20:44:56 - [TEST_CASE][PASSED] - Test Cases/Admin Suite Bootstrap/UM_TestCases/UsersErrors/CreateUserErrors: Test Cases/Admin Suite Bootstrap/UM_TestCases/UsersErrors/CreateUserErrors

2023-02-20 20:44:56 - [TEST_STEP][PASSED] - path_Dashboard = "Object Repository/AdminSuiteBootstrap_Pages/Dashboard_Bootstrap/": null

2023-02-20 20:44:56 - [TEST_STEP][PASSED] - path_Users = "Object Repository/AdminSuiteBootstrap_Pages/UM_Bootstrap/Users/": null

2023-02-20 20:44:56 - [TEST_STEP][PASSED] - path_UserView = "Object Repository/AdminSuiteBootstrap_Pages/UM_Bootstrap/UserView/": null

2023-02-20 20:44:56 - [TEST_STEP][PASSED] - path_DeleteUser = "Object Repository/AdminSuiteBootstrap_Pages/UM_Bootstrap/DeleteUser/": null

2023-02-20 20:44:56 - [TEST_STEP][PASSED] - path_AddUser = "Object Repository/AdminSuiteBootstrap_Pages/UM_Bootstrap/AddUser/": null

2023-02-20 20:44:56 - [TEST_STEP][PASSED] - executionProfile = getExecutionProfile(): null

2023-02-20 20:44:56 - [TEST_STEP][PASSED] - out.println("executionProfile : " + executionProfile): null

2023-02-20 20:44:56 - [TEST_STEP][PASSED] - appName = <not implemented yet for class: org.codehaus.groovy.ast.expr.EmptyExpression>: null

2023-02-20 20:44:56 - [TEST_STEP][PASSED] - appID = <not implemented yet for class: org.codehaus.groovy.ast.expr.EmptyExpression>: null

2023-02-20 20:44:56 - [TEST_STEP][PASSED] - cardNameV = <not implemented yet for class: org.codehaus.groovy.ast.expr.EmptyExpression>: null

2023-02-20 20:44:56 - [TEST_STEP][PASSED] - al1V = <not implemented yet for class: org.codehaus.groovy.ast.expr.EmptyExpression>: null

2023-02-20 20:44:56 - [TEST_STEP][PASSED] - al2V = <not implemented yet for class: org.codehaus.groovy.ast.expr.EmptyExpression>: null

2023-02-20 20:44:56 - [TEST_STEP][PASSED] - zipV = <not implemented yet for class: org.codehaus.groovy.ast.expr.EmptyExpression>: null

2023-02-20 20:44:56 - [TEST_STEP][PASSED] - cardTypeV = <not implemented yet for class: org.codehaus.groovy.ast.expr.EmptyExpression>: null

2023-02-20 20:44:56 - [TEST_STEP][PASSED] - nameSheet = "CreateUserErrors": null

2023-02-20 20:44:56 - [TEST_STEP][PASSED] - dataFile = "QA/Bootstrap/UM-TestData/CreateUserErrors": null

2023-02-20 20:44:56 - [TEST_STEP][PASSED] - numOfRows = findTestData("QA/Bootstrap/UM-TestData/CreateUserErrors").getRowNumbers(): null

2023-02-20 20:44:56 - [TEST_STEP][PASSED] - println("Number of Records: " + numOfRows): null

2023-02-20 20:44:56 - [TEST_STEP][PASSED] - for ([row = 1, row <= numOfRows, (row++)]): Browser is closed

2023-02-20 20:44:56 - [TEST_STEP][PASSED] - ExecuteTC = findTestData(dataFile).getValue("Execute", row): null

2023-02-20 20:44:57 - [TEST_STEP][PASSED] - out.println("Value of Execute is : " + ExecuteTC): null

2023-02-20 20:44:57 - [TEST_STEP][PASSED] - if (ExecuteTC.equalsIgnoreCase("Y")): Browser is closed

2023-02-20 20:44:57 - [TEST_STEP][PASSED] - out.println("Begin Record Number: " + row): null

2023-02-20 20:44:57 - [TEST_STEP][PASSED] - adminSuiteBootstrap.loginFunctionality.login_AdminSuite(): adminSuiteBootstrap.loginFunctionality.login_AdminSuite is PASSED

2023-02-20 20:44:57 - [MESSAGE][INFO] - Starting 'Chrome' driver

2023-02-20 20:44:57 - [MESSAGE][INFO] - User set preference: ['acceptInsecureCerts', 'true']

2023-02-20 20:44:57 - [MESSAGE][INFO] - Action delay is set to 0 milliseconds

2023-02-20 20:44:59 - [MESSAGE][PASSED] - Browser is opened with url: 'https://qa.velocitypayment.com/admin/imtiaz'

2023-02-20 20:44:59 - [MESSAGE][PASSED] - Current window maximized

2023-02-20 20:44:59 - [MESSAGE][PASSED] - Object 'Object Repository/Login_Page/Login_Username' is present

2023-02-20 20:45:00 - [MESSAGE][PASSED] - Text 'iahmed' is set on object 'Object Repository/Login_Page/Login_Username'

2023-02-20 20:45:01 - [MESSAGE][PASSED] - Text 'hello2222' is set on object 'Object Repository/Login_Page/Login_Password'

2023-02-20 20:45:04 - [MESSAGE][PASSED] - Object: 'Object Repository/Login_Page/Login_Submit' is clicked on

2023-02-20 20:45:04 - [MESSAGE][PASSED] - adminSuiteBootstrap.loginFunctionality.login_AdminSuite is PASSED

2023-02-20 20:45:04 - [TEST_STEP][PASSED] - click(findTestObject(path_Dashboard + "a_Access User Management")): Object: 'Object Repository/AdminSuiteBootstrap_Pages/Dashboard_Bootstrap/a_Access User Management' is clicked on

2023-02-20 20:45:04 - [MESSAGE][PASSED] - Object: 'Object Repository/AdminSuiteBootstrap_Pages/Dashboard_Bootstrap/a_Access User Management' is clicked on

2023-02-20 20:45:04 - [TEST_STEP][PASSED] - click(findTestObject(path_Users + "a_Add User")): Object: 'Object Repository/AdminSuiteBootstrap_Pages/UM_Bootstrap/Users/a_Add User' is clicked on

2023-02-20 20:45:05 - [MESSAGE][PASSED] - Object: 'Object Repository/AdminSuiteBootstrap_Pages/UM_Bootstrap/Users/a_Add User' is clicked on

2023-02-20 20:45:05 - [TEST_STEP][PASSED] - userName = findTestData(dataFile).getValue("Username", row): null

2023-02-20 20:45:05 - [TEST_STEP][PASSED] - firstName = findTestData(dataFile).getValue("Firstname", row): null

2023-02-20 20:45:05 - [TEST_STEP][PASSED] - lastName = findTestData(dataFile).getValue("Lastname", row): null

2023-02-20 20:45:05 - [TEST_STEP][PASSED] - email = findTestData(dataFile).getValue("Email", row): null

2023-02-20 20:45:05 - [TEST_STEP][PASSED] - pwd = findTestData(dataFile).getValue("Password", row): null

2023-02-20 20:45:05 - [TEST_STEP][PASSED] - confirPwd = findTestData(dataFile).getValue("ConfirmPassword", row): null

2023-02-20 20:45:05 - [TEST_STEP][PASSED] - lockAC = findTestData(dataFile).getValue("Lock", row): null

2023-02-20 20:45:06 - [TEST_STEP][PASSED] - errorMsg = findTestData(dataFile).getValue("ErrorMsg", row): null

2023-02-20 20:45:06 - [TEST_STEP][PASSED] - setText(findTestObject(path_AddUser + "input_Username"), userName): Text 'username' is set on object 'Object Repository/AdminSuiteBootstrap_Pages/UM_Bootstrap/AddUser/input_Username'

2023-02-20 20:45:06 - [MESSAGE][PASSED] - Text 'username' is set on object 'Object Repository/AdminSuiteBootstrap_Pages/UM_Bootstrap/AddUser/input_Username'

2023-02-20 20:45:06 - [TEST_STEP][PASSED] - setText(findTestObject(path_AddUser + "input_FirstName"), firstName): Text 'fname' is set on object 'Object Repository/AdminSuiteBootstrap_Pages/UM_Bootstrap/AddUser/input_FirstName'

2023-02-20 20:45:07 - [MESSAGE][PASSED] - Text 'fname' is set on object 'Object Repository/AdminSuiteBootstrap_Pages/UM_Bootstrap/AddUser/input_FirstName'

2023-02-20 20:45:07 - [TEST_STEP][PASSED] - setText(findTestObject(path_AddUser + "input_LastName"), lastName): Text 'lname' is set on object 'Object Repository/AdminSuiteBootstrap_Pages/UM_Bootstrap/AddUser/input_LastName'

2023-02-20 20:45:07 - [MESSAGE][PASSED] - Text 'lname' is set on object 'Object Repository/AdminSuiteBootstrap_Pages/UM_Bootstrap/AddUser/input_LastName'

2023-02-20 20:45:07 - [TEST_STEP][PASSED] - setText(findTestObject(path_AddUser + "input_EmailAddress"), email): Text 'abc@abc' is set on object 'Object Repository/AdminSuiteBootstrap_Pages/UM_Bootstrap/AddUser/input_EmailAddress'

2023-02-20 20:45:08 - [MESSAGE][PASSED] - Text 'abc@abc' is set on object 'Object Repository/AdminSuiteBootstrap_Pages/UM_Bootstrap/AddUser/input_EmailAddress'

2023-02-20 20:45:08 - [TEST_STEP][PASSED] - setText(findTestObject(path_AddUser + "input_Password"), pwd): Text 'hello5555' is set on object 'Object Repository/AdminSuiteBootstrap_Pages/UM_Bootstrap/AddUser/input_Password'

2023-02-20 20:45:09 - [MESSAGE][PASSED] - Text 'hello5555' is set on object 'Object Repository/AdminSuiteBootstrap_Pages/UM_Bootstrap/AddUser/input_Password'

2023-02-20 20:45:09 - [TEST_STEP][PASSED] - setText(findTestObject(path_AddUser + "input_ConfirmPassword"), confirPwd): Text 'hello5555' is set on object 'Object Repository/AdminSuiteBootstrap_Pages/UM_Bootstrap/AddUser/input_ConfirmPassword'

2023-02-20 20:45:09 - [MESSAGE][PASSED] - Text 'hello5555' is set on object 'Object Repository/AdminSuiteBootstrap_Pages/UM_Bootstrap/AddUser/input_ConfirmPassword'

2023-02-20 20:45:09 - [TEST_STEP][PASSED] - if (lockAC.equalsIgnoreCase("N")): Object 'Object Repository/AdminSuiteBootstrap_Pages/UM_Bootstrap/AddUser/input_No_lock' is checked

2023-02-20 20:45:09 - [TEST_STEP][PASSED] - check(findTestObject(path_AddUser + "input_No_lock")): Object 'Object Repository/AdminSuiteBootstrap_Pages/UM_Bootstrap/AddUser/input_No_lock' is checked

2023-02-20 20:45:10 - [MESSAGE][PASSED] - Object 'Object Repository/AdminSuiteBootstrap_Pages/UM_Bootstrap/AddUser/input_No_lock' is checked

2023-02-20 20:45:10 - [TEST_STEP][PASSED] - click(findTestObject(path_AddUser + "button_Create")): Object: 'Object Repository/AdminSuiteBootstrap_Pages/UM_Bootstrap/AddUser/button_Create' is clicked on

2023-02-20 20:45:11 - [MESSAGE][PASSED] - Object: 'Object Repository/AdminSuiteBootstrap_Pages/UM_Bootstrap/AddUser/button_Create' is clicked on

2023-02-20 20:45:11 - [TEST_STEP][PASSED] - if (verifyTextPresent(errorMsg, true)): null

2023-02-20 20:45:11 - [MESSAGE][PASSED] - Text 'Email address is invalid' is present on page  using regular expression

2023-02-20 20:45:11 - [TEST_STEP][PASSED] - pages.CustomLogger.log_Logger("User did not got created, received Error", "Pass"): pages.CustomLogger.log_Logger is PASSED

2023-02-20 20:45:11 - [MESSAGE][PASSED] - User did not got created, received Error

2023-02-20 20:45:11 - [MESSAGE][PASSED] - pages.CustomLogger.log_Logger is PASSED

2023-02-20 20:45:11 - [TEST_STEP][PASSED] - closeBrowser(): Browser is closed

2023-02-20 20:45:12 - [MESSAGE][PASSED] - Browser is closed

2023-02-20 20:45:12 - [TEST_STEP][PASSED] - ExecuteTC = findTestData(dataFile).getValue("Execute", row): null

2023-02-20 20:45:12 - [TEST_STEP][PASSED] - out.println("Value of Execute is : " + ExecuteTC): null

2023-02-20 20:45:12 - [TEST_STEP][PASSED] - if (ExecuteTC.equalsIgnoreCase("Y")): Browser is closed

2023-02-20 20:45:12 - [TEST_STEP][PASSED] - out.println("Begin Record Number: " + row): null

2023-02-20 20:45:12 - [TEST_STEP][PASSED] - adminSuiteBootstrap.loginFunctionality.login_AdminSuite(): adminSuiteBootstrap.loginFunctionality.login_AdminSuite is PASSED

2023-02-20 20:45:12 - [MESSAGE][INFO] - Starting 'Chrome' driver

2023-02-20 20:45:12 - [MESSAGE][INFO] - User set preference: ['acceptInsecureCerts', 'true']

2023-02-20 20:45:12 - [MESSAGE][INFO] - Action delay is set to 0 milliseconds

2023-02-20 20:45:15 - [MESSAGE][PASSED] - Browser is opened with url: 'https://qa.velocitypayment.com/admin/imtiaz'

2023-02-20 20:45:15 - [MESSAGE][PASSED] - Current window maximized

2023-02-20 20:45:15 - [MESSAGE][PASSED] - Object 'Object Repository/Login_Page/Login_Username' is present

2023-02-20 20:45:16 - [MESSAGE][PASSED] - Text 'iahmed' is set on object 'Object Repository/Login_Page/Login_Username'

2023-02-20 20:45:16 - [MESSAGE][PASSED] - Text 'hello2222' is set on object 'Object Repository/Login_Page/Login_Password'

2023-02-20 20:45:19 - [MESSAGE][PASSED] - Object: 'Object Repository/Login_Page/Login_Submit' is clicked on

2023-02-20 20:45:19 - [MESSAGE][PASSED] - adminSuiteBootstrap.loginFunctionality.login_AdminSuite is PASSED

2023-02-20 20:45:19 - [TEST_STEP][PASSED] - click(findTestObject(path_Dashboard + "a_Access User Management")): Object: 'Object Repository/AdminSuiteBootstrap_Pages/Dashboard_Bootstrap/a_Access User Management' is clicked on

2023-02-20 20:45:20 - [MESSAGE][PASSED] - Object: 'Object Repository/AdminSuiteBootstrap_Pages/Dashboard_Bootstrap/a_Access User Management' is clicked on

2023-02-20 20:45:20 - [TEST_STEP][PASSED] - click(findTestObject(path_Users + "a_Add User")): Object: 'Object Repository/AdminSuiteBootstrap_Pages/UM_Bootstrap/Users/a_Add User' is clicked on

2023-02-20 20:45:21 - [MESSAGE][PASSED] - Object: 'Object Repository/AdminSuiteBootstrap_Pages/UM_Bootstrap/Users/a_Add User' is clicked on

2023-02-20 20:45:21 - [TEST_STEP][PASSED] - userName = findTestData(dataFile).getValue("Username", row): null

2023-02-20 20:45:21 - [TEST_STEP][PASSED] - firstName = findTestData(dataFile).getValue("Firstname", row): null

2023-02-20 20:45:21 - [TEST_STEP][PASSED] - lastName = findTestData(dataFile).getValue("Lastname", row): null

2023-02-20 20:45:21 - [TEST_STEP][PASSED] - email = findTestData(dataFile).getValue("Email", row): null

2023-02-20 20:45:21 - [TEST_STEP][PASSED] - pwd = findTestData(dataFile).getValue("Password", row): null

2023-02-20 20:45:21 - [TEST_STEP][PASSED] - confirPwd = findTestData(dataFile).getValue("ConfirmPassword", row): null

2023-02-20 20:45:21 - [TEST_STEP][PASSED] - lockAC = findTestData(dataFile).getValue("Lock", row): null

2023-02-20 20:45:21 - [TEST_STEP][PASSED] - errorMsg = findTestData(dataFile).getValue("ErrorMsg", row): null

2023-02-20 20:45:21 - [TEST_STEP][PASSED] - setText(findTestObject(path_AddUser + "input_Username"), userName): Text 'username' is set on object 'Object Repository/AdminSuiteBootstrap_Pages/UM_Bootstrap/AddUser/input_Username'

2023-02-20 20:45:22 - [MESSAGE][PASSED] - Text 'username' is set on object 'Object Repository/AdminSuiteBootstrap_Pages/UM_Bootstrap/AddUser/input_Username'

2023-02-20 20:45:22 - [TEST_STEP][PASSED] - setText(findTestObject(path_AddUser + "input_FirstName"), firstName): Text 'fname' is set on object 'Object Repository/AdminSuiteBootstrap_Pages/UM_Bootstrap/AddUser/input_FirstName'

2023-02-20 20:45:23 - [MESSAGE][PASSED] - Text 'fname' is set on object 'Object Repository/AdminSuiteBootstrap_Pages/UM_Bootstrap/AddUser/input_FirstName'

2023-02-20 20:45:23 - [TEST_STEP][PASSED] - setText(findTestObject(path_AddUser + "input_LastName"), lastName): Text 'lname' is set on object 'Object Repository/AdminSuiteBootstrap_Pages/UM_Bootstrap/AddUser/input_LastName'

2023-02-20 20:45:23 - [MESSAGE][PASSED] - Text 'lname' is set on object 'Object Repository/AdminSuiteBootstrap_Pages/UM_Bootstrap/AddUser/input_LastName'

2023-02-20 20:45:23 - [TEST_STEP][PASSED] - setText(findTestObject(path_AddUser + "input_EmailAddress"), email): Text 'abc.com' is set on object 'Object Repository/AdminSuiteBootstrap_Pages/UM_Bootstrap/AddUser/input_EmailAddress'

2023-02-20 20:45:24 - [MESSAGE][PASSED] - Text 'abc.com' is set on object 'Object Repository/AdminSuiteBootstrap_Pages/UM_Bootstrap/AddUser/input_EmailAddress'

2023-02-20 20:45:24 - [TEST_STEP][PASSED] - setText(findTestObject(path_AddUser + "input_Password"), pwd): Text 'hello5555' is set on object 'Object Repository/AdminSuiteBootstrap_Pages/UM_Bootstrap/AddUser/input_Password'

2023-02-20 20:45:24 - [MESSAGE][PASSED] - Text 'hello5555' is set on object 'Object Repository/AdminSuiteBootstrap_Pages/UM_Bootstrap/AddUser/input_Password'

2023-02-20 20:45:24 - [TEST_STEP][PASSED] - setText(findTestObject(path_AddUser + "input_ConfirmPassword"), confirPwd): Text 'hello5555' is set on object 'Object Repository/AdminSuiteBootstrap_Pages/UM_Bootstrap/AddUser/input_ConfirmPassword'

2023-02-20 20:45:25 - [MESSAGE][PASSED] - Text 'hello5555' is set on object 'Object Repository/AdminSuiteBootstrap_Pages/UM_Bootstrap/AddUser/input_ConfirmPassword'

2023-02-20 20:45:25 - [TEST_STEP][PASSED] - if (lockAC.equalsIgnoreCase("N")): Object 'Object Repository/AdminSuiteBootstrap_Pages/UM_Bootstrap/AddUser/input_No_lock' is checked

2023-02-20 20:45:25 - [TEST_STEP][PASSED] - check(findTestObject(path_AddUser + "input_No_lock")): Object 'Object Repository/AdminSuiteBootstrap_Pages/UM_Bootstrap/AddUser/input_No_lock' is checked

2023-02-20 20:45:26 - [MESSAGE][PASSED] - Object 'Object Repository/AdminSuiteBootstrap_Pages/UM_Bootstrap/AddUser/input_No_lock' is checked

2023-02-20 20:45:26 - [TEST_STEP][PASSED] - click(findTestObject(path_AddUser + "button_Create")): Object: 'Object Repository/AdminSuiteBootstrap_Pages/UM_Bootstrap/AddUser/button_Create' is clicked on

2023-02-20 20:45:26 - [MESSAGE][PASSED] - Object: 'Object Repository/AdminSuiteBootstrap_Pages/UM_Bootstrap/AddUser/button_Create' is clicked on

2023-02-20 20:45:26 - [TEST_STEP][PASSED] - if (verifyTextPresent(errorMsg, true)): null

2023-02-20 20:45:27 - [MESSAGE][PASSED] - Text 'Email address is invalid' is present on page  using regular expression

2023-02-20 20:45:27 - [TEST_STEP][PASSED] - pages.CustomLogger.log_Logger("User did not got created, received Error", "Pass"): pages.CustomLogger.log_Logger is PASSED

2023-02-20 20:45:27 - [MESSAGE][PASSED] - User did not got created, received Error

2023-02-20 20:45:27 - [MESSAGE][PASSED] - pages.CustomLogger.log_Logger is PASSED

2023-02-20 20:45:27 - [TEST_STEP][PASSED] - closeBrowser(): Browser is closed

2023-02-20 20:45:28 - [MESSAGE][PASSED] - Browser is closed

2023-02-20 20:45:28 - [TEST_STEP][PASSED] - ExecuteTC = findTestData(dataFile).getValue("Execute", row): null

2023-02-20 20:45:28 - [TEST_STEP][PASSED] - out.println("Value of Execute is : " + ExecuteTC): null

2023-02-20 20:45:28 - [TEST_STEP][PASSED] - if (ExecuteTC.equalsIgnoreCase("Y")): Browser is closed

2023-02-20 20:45:28 - [TEST_STEP][PASSED] - out.println("Begin Record Number: " + row): null

2023-02-20 20:45:28 - [TEST_STEP][PASSED] - adminSuiteBootstrap.loginFunctionality.login_AdminSuite(): adminSuiteBootstrap.loginFunctionality.login_AdminSuite is PASSED

2023-02-20 20:45:28 - [MESSAGE][INFO] - Starting 'Chrome' driver

2023-02-20 20:45:28 - [MESSAGE][INFO] - User set preference: ['acceptInsecureCerts', 'true']

2023-02-20 20:45:28 - [MESSAGE][INFO] - Action delay is set to 0 milliseconds

2023-02-20 20:45:30 - [MESSAGE][PASSED] - Browser is opened with url: 'https://qa.velocitypayment.com/admin/imtiaz'

2023-02-20 20:45:30 - [MESSAGE][PASSED] - Current window maximized

2023-02-20 20:45:31 - [MESSAGE][PASSED] - Object 'Object Repository/Login_Page/Login_Username' is present

2023-02-20 20:45:31 - [MESSAGE][PASSED] - Text 'iahmed' is set on object 'Object Repository/Login_Page/Login_Username'

2023-02-20 20:45:32 - [MESSAGE][PASSED] - Text 'hello2222' is set on object 'Object Repository/Login_Page/Login_Password'

2023-02-20 20:45:35 - [MESSAGE][PASSED] - Object: 'Object Repository/Login_Page/Login_Submit' is clicked on

2023-02-20 20:45:35 - [MESSAGE][PASSED] - adminSuiteBootstrap.loginFunctionality.login_AdminSuite is PASSED

2023-02-20 20:45:35 - [TEST_STEP][PASSED] - click(findTestObject(path_Dashboard + "a_Access User Management")): Object: 'Object Repository/AdminSuiteBootstrap_Pages/Dashboard_Bootstrap/a_Access User Management' is clicked on

2023-02-20 20:45:36 - [MESSAGE][PASSED] - Object: 'Object Repository/AdminSuiteBootstrap_Pages/Dashboard_Bootstrap/a_Access User Management' is clicked on

2023-02-20 20:45:36 - [TEST_STEP][PASSED] - click(findTestObject(path_Users + "a_Add User")): Object: 'Object Repository/AdminSuiteBootstrap_Pages/UM_Bootstrap/Users/a_Add User' is clicked on

2023-02-20 20:45:36 - [MESSAGE][PASSED] - Object: 'Object Repository/AdminSuiteBootstrap_Pages/UM_Bootstrap/Users/a_Add User' is clicked on

2023-02-20 20:45:36 - [TEST_STEP][PASSED] - userName = findTestData(dataFile).getValue("Username", row): null

2023-02-20 20:45:36 - [TEST_STEP][PASSED] - firstName = findTestData(dataFile).getValue("Firstname", row): null

2023-02-20 20:45:37 - [TEST_STEP][PASSED] - lastName = findTestData(dataFile).getValue("Lastname", row): null

2023-02-20 20:45:37 - [TEST_STEP][PASSED] - email = findTestData(dataFile).getValue("Email", row): null

2023-02-20 20:45:37 - [TEST_STEP][PASSED] - pwd = findTestData(dataFile).getValue("Password", row): null

2023-02-20 20:45:37 - [TEST_STEP][PASSED] - confirPwd = findTestData(dataFile).getValue("ConfirmPassword", row): null

2023-02-20 20:45:37 - [TEST_STEP][PASSED] - lockAC = findTestData(dataFile).getValue("Lock", row): null

2023-02-20 20:45:37 - [TEST_STEP][PASSED] - errorMsg = findTestData(dataFile).getValue("ErrorMsg", row): null

2023-02-20 20:45:37 - [TEST_STEP][PASSED] - setText(findTestObject(path_AddUser + "input_Username"), userName): Text 'username' is set on object 'Object Repository/AdminSuiteBootstrap_Pages/UM_Bootstrap/AddUser/input_Username'

2023-02-20 20:45:38 - [MESSAGE][PASSED] - Text 'username' is set on object 'Object Repository/AdminSuiteBootstrap_Pages/UM_Bootstrap/AddUser/input_Username'

2023-02-20 20:45:38 - [TEST_STEP][PASSED] - setText(findTestObject(path_AddUser + "input_FirstName"), firstName): Text 'fname' is set on object 'Object Repository/AdminSuiteBootstrap_Pages/UM_Bootstrap/AddUser/input_FirstName'

2023-02-20 20:45:38 - [MESSAGE][PASSED] - Text 'fname' is set on object 'Object Repository/AdminSuiteBootstrap_Pages/UM_Bootstrap/AddUser/input_FirstName'

2023-02-20 20:45:38 - [TEST_STEP][PASSED] - setText(findTestObject(path_AddUser + "input_LastName"), lastName): Text 'lname' is set on object 'Object Repository/AdminSuiteBootstrap_Pages/UM_Bootstrap/AddUser/input_LastName'

2023-02-20 20:45:39 - [MESSAGE][PASSED] - Text 'lname' is set on object 'Object Repository/AdminSuiteBootstrap_Pages/UM_Bootstrap/AddUser/input_LastName'

2023-02-20 20:45:39 - [TEST_STEP][PASSED] - setText(findTestObject(path_AddUser + "input_EmailAddress"), email): Text 'iahmed@govolution.com' is set on object 'Object Repository/AdminSuiteBootstrap_Pages/UM_Bootstrap/AddUser/input_EmailAddress'

2023-02-20 20:45:39 - [MESSAGE][PASSED] - Text 'iahmed@govolution.com' is set on object 'Object Repository/AdminSuiteBootstrap_Pages/UM_Bootstrap/AddUser/input_EmailAddress'

2023-02-20 20:45:39 - [TEST_STEP][PASSED] - setText(findTestObject(path_AddUser + "input_Password"), pwd): Text 'hello5555' is set on object 'Object Repository/AdminSuiteBootstrap_Pages/UM_Bootstrap/AddUser/input_Password'

2023-02-20 20:45:40 - [MESSAGE][PASSED] - Text 'hello5555' is set on object 'Object Repository/AdminSuiteBootstrap_Pages/UM_Bootstrap/AddUser/input_Password'

2023-02-20 20:45:40 - [TEST_STEP][PASSED] - setText(findTestObject(path_AddUser + "input_ConfirmPassword"), confirPwd): Text 'hello6666' is set on object 'Object Repository/AdminSuiteBootstrap_Pages/UM_Bootstrap/AddUser/input_ConfirmPassword'

2023-02-20 20:45:41 - [MESSAGE][PASSED] - Text 'hello6666' is set on object 'Object Repository/AdminSuiteBootstrap_Pages/UM_Bootstrap/AddUser/input_ConfirmPassword'

2023-02-20 20:45:41 - [TEST_STEP][PASSED] - if (lockAC.equalsIgnoreCase("N")): Object 'Object Repository/AdminSuiteBootstrap_Pages/UM_Bootstrap/AddUser/input_No_lock' is checked

2023-02-20 20:45:41 - [TEST_STEP][PASSED] - check(findTestObject(path_AddUser + "input_No_lock")): Object 'Object Repository/AdminSuiteBootstrap_Pages/UM_Bootstrap/AddUser/input_No_lock' is checked

2023-02-20 20:45:41 - [MESSAGE][PASSED] - Object 'Object Repository/AdminSuiteBootstrap_Pages/UM_Bootstrap/AddUser/input_No_lock' is checked

2023-02-20 20:45:41 - [TEST_STEP][PASSED] - click(findTestObject(path_AddUser + "button_Create")): Object: 'Object Repository/AdminSuiteBootstrap_Pages/UM_Bootstrap/AddUser/button_Create' is clicked on

2023-02-20 20:45:42 - [MESSAGE][PASSED] - Object: 'Object Repository/AdminSuiteBootstrap_Pages/UM_Bootstrap/AddUser/button_Create' is clicked on

2023-02-20 20:45:42 - [TEST_STEP][PASSED] - if (verifyTextPresent(errorMsg, true)): null

2023-02-20 20:45:43 - [MESSAGE][PASSED] - Text 'please confirm the password for the new account' is present on page  using regular expression

2023-02-20 20:45:43 - [TEST_STEP][PASSED] - pages.CustomLogger.log_Logger("User did not got created, received Error", "Pass"): pages.CustomLogger.log_Logger is PASSED

2023-02-20 20:45:43 - [MESSAGE][PASSED] - User did not got created, received Error

2023-02-20 20:45:43 - [MESSAGE][PASSED] - pages.CustomLogger.log_Logger is PASSED

2023-02-20 20:45:43 - [TEST_STEP][PASSED] - closeBrowser(): Browser is closed

2023-02-20 20:45:43 - [MESSAGE][PASSED] - Browser is closed

2023-02-20 20:45:43 - [TEST_STEP][PASSED] - ExecuteTC = findTestData(dataFile).getValue("Execute", row): null

2023-02-20 20:45:43 - [TEST_STEP][PASSED] - out.println("Value of Execute is : " + ExecuteTC): null

2023-02-20 20:45:43 - [TEST_STEP][PASSED] - if (ExecuteTC.equalsIgnoreCase("Y")): Browser is closed

2023-02-20 20:45:43 - [TEST_STEP][PASSED] - out.println("Begin Record Number: " + row): null

2023-02-20 20:45:43 - [TEST_STEP][PASSED] - adminSuiteBootstrap.loginFunctionality.login_AdminSuite(): adminSuiteBootstrap.loginFunctionality.login_AdminSuite is PASSED

2023-02-20 20:45:43 - [MESSAGE][INFO] - Starting 'Chrome' driver

2023-02-20 20:45:43 - [MESSAGE][INFO] - User set preference: ['acceptInsecureCerts', 'true']

2023-02-20 20:45:44 - [MESSAGE][INFO] - Action delay is set to 0 milliseconds

2023-02-20 20:45:46 - [MESSAGE][PASSED] - Browser is opened with url: 'https://qa.velocitypayment.com/admin/imtiaz'

2023-02-20 20:45:46 - [MESSAGE][PASSED] - Current window maximized

2023-02-20 20:45:46 - [MESSAGE][PASSED] - Object 'Object Repository/Login_Page/Login_Username' is present

2023-02-20 20:45:47 - [MESSAGE][PASSED] - Text 'iahmed' is set on object 'Object Repository/Login_Page/Login_Username'

2023-02-20 20:45:48 - [MESSAGE][PASSED] - Text 'hello2222' is set on object 'Object Repository/Login_Page/Login_Password'

2023-02-20 20:45:51 - [MESSAGE][PASSED] - Object: 'Object Repository/Login_Page/Login_Submit' is clicked on

2023-02-20 20:45:51 - [MESSAGE][PASSED] - adminSuiteBootstrap.loginFunctionality.login_AdminSuite is PASSED

2023-02-20 20:45:51 - [TEST_STEP][PASSED] - click(findTestObject(path_Dashboard + "a_Access User Management")): Object: 'Object Repository/AdminSuiteBootstrap_Pages/Dashboard_Bootstrap/a_Access User Management' is clicked on

2023-02-20 20:45:51 - [MESSAGE][PASSED] - Object: 'Object Repository/AdminSuiteBootstrap_Pages/Dashboard_Bootstrap/a_Access User Management' is clicked on

2023-02-20 20:45:51 - [TEST_STEP][PASSED] - click(findTestObject(path_Users + "a_Add User")): Object: 'Object Repository/AdminSuiteBootstrap_Pages/UM_Bootstrap/Users/a_Add User' is clicked on

2023-02-20 20:45:52 - [MESSAGE][PASSED] - Object: 'Object Repository/AdminSuiteBootstrap_Pages/UM_Bootstrap/Users/a_Add User' is clicked on

2023-02-20 20:45:52 - [TEST_STEP][PASSED] - userName = findTestData(dataFile).getValue("Username", row): null

2023-02-20 20:45:52 - [TEST_STEP][PASSED] - firstName = findTestData(dataFile).getValue("Firstname", row): null

2023-02-20 20:45:52 - [TEST_STEP][PASSED] - lastName = findTestData(dataFile).getValue("Lastname", row): null

2023-02-20 20:45:52 - [TEST_STEP][PASSED] - email = findTestData(dataFile).getValue("Email", row): null

2023-02-20 20:45:52 - [TEST_STEP][PASSED] - pwd = findTestData(dataFile).getValue("Password", row): null

2023-02-20 20:45:52 - [TEST_STEP][PASSED] - confirPwd = findTestData(dataFile).getValue("ConfirmPassword", row): null

2023-02-20 20:45:52 - [TEST_STEP][PASSED] - lockAC = findTestData(dataFile).getValue("Lock", row): null

2023-02-20 20:45:52 - [TEST_STEP][PASSED] - errorMsg = findTestData(dataFile).getValue("ErrorMsg", row): null

2023-02-20 20:45:52 - [TEST_STEP][PASSED] - setText(findTestObject(path_AddUser + "input_Username"), userName): Text 'CASEuser' is set on object 'Object Repository/AdminSuiteBootstrap_Pages/UM_Bootstrap/AddUser/input_Username'

2023-02-20 20:45:53 - [MESSAGE][PASSED] - Text 'CASEuser' is set on object 'Object Repository/AdminSuiteBootstrap_Pages/UM_Bootstrap/AddUser/input_Username'

2023-02-20 20:45:53 - [TEST_STEP][PASSED] - setText(findTestObject(path_AddUser + "input_FirstName"), firstName): Text 'fname' is set on object 'Object Repository/AdminSuiteBootstrap_Pages/UM_Bootstrap/AddUser/input_FirstName'

2023-02-20 20:45:54 - [MESSAGE][PASSED] - Text 'fname' is set on object 'Object Repository/AdminSuiteBootstrap_Pages/UM_Bootstrap/AddUser/input_FirstName'

2023-02-20 20:45:54 - [TEST_STEP][PASSED] - setText(findTestObject(path_AddUser + "input_LastName"), lastName): Text 'lname' is set on object 'Object Repository/AdminSuiteBootstrap_Pages/UM_Bootstrap/AddUser/input_LastName'

2023-02-20 20:45:54 - [MESSAGE][PASSED] - Text 'lname' is set on object 'Object Repository/AdminSuiteBootstrap_Pages/UM_Bootstrap/AddUser/input_LastName'

2023-02-20 20:45:54 - [TEST_STEP][PASSED] - setText(findTestObject(path_AddUser + "input_EmailAddress"), email): Text 'iahmed@govolution.com' is set on object 'Object Repository/AdminSuiteBootstrap_Pages/UM_Bootstrap/AddUser/input_EmailAddress'

2023-02-20 20:45:55 - [MESSAGE][PASSED] - Text 'iahmed@govolution.com' is set on object 'Object Repository/AdminSuiteBootstrap_Pages/UM_Bootstrap/AddUser/input_EmailAddress'

2023-02-20 20:45:55 - [TEST_STEP][PASSED] - setText(findTestObject(path_AddUser + "input_Password"), pwd): Text 'hello5555' is set on object 'Object Repository/AdminSuiteBootstrap_Pages/UM_Bootstrap/AddUser/input_Password'

2023-02-20 20:45:56 - [MESSAGE][PASSED] - Text 'hello5555' is set on object 'Object Repository/AdminSuiteBootstrap_Pages/UM_Bootstrap/AddUser/input_Password'

2023-02-20 20:45:56 - [TEST_STEP][PASSED] - setText(findTestObject(path_AddUser + "input_ConfirmPassword"), confirPwd): Text 'hello5555' is set on object 'Object Repository/AdminSuiteBootstrap_Pages/UM_Bootstrap/AddUser/input_ConfirmPassword'

2023-02-20 20:45:56 - [MESSAGE][PASSED] - Text 'hello5555' is set on object 'Object Repository/AdminSuiteBootstrap_Pages/UM_Bootstrap/AddUser/input_ConfirmPassword'

2023-02-20 20:45:56 - [TEST_STEP][PASSED] - if (lockAC.equalsIgnoreCase("N")): Object 'Object Repository/AdminSuiteBootstrap_Pages/UM_Bootstrap/AddUser/input_No_lock' is checked

2023-02-20 20:45:56 - [TEST_STEP][PASSED] - check(findTestObject(path_AddUser + "input_No_lock")): Object 'Object Repository/AdminSuiteBootstrap_Pages/UM_Bootstrap/AddUser/input_No_lock' is checked

2023-02-20 20:45:57 - [MESSAGE][PASSED] - Object 'Object Repository/AdminSuiteBootstrap_Pages/UM_Bootstrap/AddUser/input_No_lock' is checked

2023-02-20 20:45:57 - [TEST_STEP][PASSED] - click(findTestObject(path_AddUser + "button_Create")): Object: 'Object Repository/AdminSuiteBootstrap_Pages/UM_Bootstrap/AddUser/button_Create' is clicked on

2023-02-20 20:45:58 - [MESSAGE][PASSED] - Object: 'Object Repository/AdminSuiteBootstrap_Pages/UM_Bootstrap/AddUser/button_Create' is clicked on

2023-02-20 20:45:58 - [TEST_STEP][PASSED] - if (verifyTextPresent(errorMsg, true)): null

2023-02-20 20:45:58 - [MESSAGE][PASSED] - Text 'Username is not unique' is present on page  using regular expression

2023-02-20 20:45:58 - [TEST_STEP][PASSED] - pages.CustomLogger.log_Logger("User did not got created, received Error", "Pass"): pages.CustomLogger.log_Logger is PASSED

2023-02-20 20:45:58 - [MESSAGE][PASSED] - User did not got created, received Error

2023-02-20 20:45:58 - [MESSAGE][PASSED] - pages.CustomLogger.log_Logger is PASSED

2023-02-20 20:45:58 - [TEST_STEP][PASSED] - closeBrowser(): Browser is closed

2023-02-20 20:45:59 - [MESSAGE][PASSED] - Browser is closed]]></system-out>
         <system-err><![CDATA[]]></system-err>
      </testcase>
      <testcase name="Test Cases/Admin Suite Bootstrap/UM_TestCases/UsersErrors/CreateUserMRFErrors" time="12.139" classname="Test Cases/Admin Suite Bootstrap/UM_TestCases/UsersErrors/CreateUserMRFErrors" status="PASSED">
         <system-out><![CDATA[2023-02-20 20:45:59 - [TEST_CASE][PASSED] - Test Cases/Admin Suite Bootstrap/UM_TestCases/UsersErrors/CreateUserMRFErrors: Test Cases/Admin Suite Bootstrap/UM_TestCases/UsersErrors/CreateUserMRFErrors

2023-02-20 20:45:59 - [TEST_STEP][PASSED] - path_Dashboard = "Object Repository/AdminSuiteBootstrap_Pages/Dashboard_Bootstrap/": null

2023-02-20 20:45:59 - [TEST_STEP][PASSED] - path_Users = "Object Repository/AdminSuiteBootstrap_Pages/UM_Bootstrap/Users/": null

2023-02-20 20:45:59 - [TEST_STEP][PASSED] - path_UserView = "Object Repository/AdminSuiteBootstrap_Pages/UM_Bootstrap/UserView/": null

2023-02-20 20:45:59 - [TEST_STEP][PASSED] - path_DeleteUser = "Object Repository/AdminSuiteBootstrap_Pages/UM_Bootstrap/DeleteUser/": null

2023-02-20 20:45:59 - [TEST_STEP][PASSED] - path_AddUser = "Object Repository/AdminSuiteBootstrap_Pages/UM_Bootstrap/AddUser/": null

2023-02-20 20:45:59 - [TEST_STEP][PASSED] - executionProfile = getExecutionProfile(): null

2023-02-20 20:45:59 - [TEST_STEP][PASSED] - out.println("executionProfile : " + executionProfile): null

2023-02-20 20:45:59 - [TEST_STEP][PASSED] - appName = <not implemented yet for class: org.codehaus.groovy.ast.expr.EmptyExpression>: null

2023-02-20 20:45:59 - [TEST_STEP][PASSED] - appID = <not implemented yet for class: org.codehaus.groovy.ast.expr.EmptyExpression>: null

2023-02-20 20:45:59 - [TEST_STEP][PASSED] - cardNameV = <not implemented yet for class: org.codehaus.groovy.ast.expr.EmptyExpression>: null

2023-02-20 20:45:59 - [TEST_STEP][PASSED] - al1V = <not implemented yet for class: org.codehaus.groovy.ast.expr.EmptyExpression>: null

2023-02-20 20:45:59 - [TEST_STEP][PASSED] - al2V = <not implemented yet for class: org.codehaus.groovy.ast.expr.EmptyExpression>: null

2023-02-20 20:45:59 - [TEST_STEP][PASSED] - zipV = <not implemented yet for class: org.codehaus.groovy.ast.expr.EmptyExpression>: null

2023-02-20 20:45:59 - [TEST_STEP][PASSED] - cardTypeV = <not implemented yet for class: org.codehaus.groovy.ast.expr.EmptyExpression>: null

2023-02-20 20:45:59 - [TEST_STEP][PASSED] - adminSuiteBootstrap.loginFunctionality.login_AdminSuite(): adminSuiteBootstrap.loginFunctionality.login_AdminSuite is PASSED

2023-02-20 20:45:59 - [MESSAGE][INFO] - Starting 'Chrome' driver

2023-02-20 20:45:59 - [MESSAGE][INFO] - User set preference: ['acceptInsecureCerts', 'true']

2023-02-20 20:45:59 - [MESSAGE][INFO] - Action delay is set to 0 milliseconds

2023-02-20 20:46:02 - [MESSAGE][PASSED] - Browser is opened with url: 'https://qa.velocitypayment.com/admin/imtiaz'

2023-02-20 20:46:02 - [MESSAGE][PASSED] - Current window maximized

2023-02-20 20:46:02 - [MESSAGE][PASSED] - Object 'Object Repository/Login_Page/Login_Username' is present

2023-02-20 20:46:03 - [MESSAGE][PASSED] - Text 'iahmed' is set on object 'Object Repository/Login_Page/Login_Username'

2023-02-20 20:46:04 - [MESSAGE][PASSED] - Text 'hello2222' is set on object 'Object Repository/Login_Page/Login_Password'

2023-02-20 20:46:06 - [MESSAGE][PASSED] - Object: 'Object Repository/Login_Page/Login_Submit' is clicked on

2023-02-20 20:46:06 - [MESSAGE][PASSED] - adminSuiteBootstrap.loginFunctionality.login_AdminSuite is PASSED

2023-02-20 20:46:06 - [TEST_STEP][PASSED] - click(findTestObject(path_Dashboard + "a_Access User Management")): Object: 'Object Repository/AdminSuiteBootstrap_Pages/Dashboard_Bootstrap/a_Access User Management' is clicked on

2023-02-20 20:46:07 - [MESSAGE][PASSED] - Object: 'Object Repository/AdminSuiteBootstrap_Pages/Dashboard_Bootstrap/a_Access User Management' is clicked on

2023-02-20 20:46:07 - [TEST_STEP][PASSED] - click(findTestObject(path_Users + "a_Add User")): Object: 'Object Repository/AdminSuiteBootstrap_Pages/UM_Bootstrap/Users/a_Add User' is clicked on

2023-02-20 20:46:08 - [MESSAGE][PASSED] - Object: 'Object Repository/AdminSuiteBootstrap_Pages/UM_Bootstrap/Users/a_Add User' is clicked on

2023-02-20 20:46:08 - [TEST_STEP][PASSED] - click(findTestObject(path_AddUser + "button_Create")): Object: 'Object Repository/AdminSuiteBootstrap_Pages/UM_Bootstrap/AddUser/button_Create' is clicked on

2023-02-20 20:46:09 - [MESSAGE][PASSED] - Object: 'Object Repository/AdminSuiteBootstrap_Pages/UM_Bootstrap/AddUser/button_Create' is clicked on

2023-02-20 20:46:09 - [TEST_STEP][PASSED] - verifyTextPresent("First name must be provided", true): Text 'First name must be provided' is present on page  using regular expression

2023-02-20 20:46:09 - [MESSAGE][PASSED] - Text 'First name must be provided' is present on page  using regular expression

2023-02-20 20:46:09 - [TEST_STEP][PASSED] - verifyTextPresent("Last name must be provided", true): Text 'Last name must be provided' is present on page  using regular expression

2023-02-20 20:46:09 - [MESSAGE][PASSED] - Text 'Last name must be provided' is present on page  using regular expression

2023-02-20 20:46:09 - [TEST_STEP][PASSED] - verifyTextPresent("Username must be provided", true): Text 'Username must be provided' is present on page  using regular expression

2023-02-20 20:46:10 - [MESSAGE][PASSED] - Text 'Username must be provided' is present on page  using regular expression

2023-02-20 20:46:10 - [TEST_STEP][PASSED] - verifyTextPresent("Email address must be provided", true): Text 'Email address must be provided' is present on page  using regular expression

2023-02-20 20:46:10 - [MESSAGE][PASSED] - Text 'Email address must be provided' is present on page  using regular expression

2023-02-20 20:46:10 - [TEST_STEP][PASSED] - verifyTextPresent("Password must be provided", true): Text 'Password must be provided' is present on page  using regular expression

2023-02-20 20:46:10 - [MESSAGE][PASSED] - Text 'Password must be provided' is present on page  using regular expression

2023-02-20 20:46:10 - [TEST_STEP][PASSED] - closeBrowser(): Browser is closed

2023-02-20 20:46:11 - [MESSAGE][PASSED] - Browser is closed]]></system-out>
         <system-err><![CDATA[]]></system-err>
      </testcase>
      <testcase name="Test Cases/Admin Suite Bootstrap/UM_TestCases/UsersErrors/FindUserNotFoundError" time="13.822" classname="Test Cases/Admin Suite Bootstrap/UM_TestCases/UsersErrors/FindUserNotFoundError" status="PASSED">
         <system-out><![CDATA[2023-02-20 20:46:11 - [TEST_CASE][PASSED] - Test Cases/Admin Suite Bootstrap/UM_TestCases/UsersErrors/FindUserNotFoundError: Test Cases/Admin Suite Bootstrap/UM_TestCases/UsersErrors/FindUserNotFoundError

2023-02-20 20:46:12 - [TEST_STEP][PASSED] - path_Dashboard = "Object Repository/AdminSuiteBootstrap_Pages/Dashboard_Bootstrap/": null

2023-02-20 20:46:12 - [TEST_STEP][PASSED] - path_Users = "Object Repository/AdminSuiteBootstrap_Pages/UM_Bootstrap/Users/": null

2023-02-20 20:46:12 - [TEST_STEP][PASSED] - path_UserView = "Object Repository/AdminSuiteBootstrap_Pages/UM_Bootstrap/UserView/": null

2023-02-20 20:46:12 - [TEST_STEP][PASSED] - path_FindUser = "Object Repository/AdminSuiteBootstrap_Pages/UM_Bootstrap/FindUser/": null

2023-02-20 20:46:12 - [TEST_STEP][PASSED] - executionProfile = getExecutionProfile(): null

2023-02-20 20:46:12 - [TEST_STEP][PASSED] - out.println("executionProfile : " + executionProfile): null

2023-02-20 20:46:12 - [TEST_STEP][PASSED] - appName = <not implemented yet for class: org.codehaus.groovy.ast.expr.EmptyExpression>: null

2023-02-20 20:46:12 - [TEST_STEP][PASSED] - appID = <not implemented yet for class: org.codehaus.groovy.ast.expr.EmptyExpression>: null

2023-02-20 20:46:12 - [TEST_STEP][PASSED] - cardNameV = <not implemented yet for class: org.codehaus.groovy.ast.expr.EmptyExpression>: null

2023-02-20 20:46:12 - [TEST_STEP][PASSED] - al1V = <not implemented yet for class: org.codehaus.groovy.ast.expr.EmptyExpression>: null

2023-02-20 20:46:12 - [TEST_STEP][PASSED] - al2V = <not implemented yet for class: org.codehaus.groovy.ast.expr.EmptyExpression>: null

2023-02-20 20:46:12 - [TEST_STEP][PASSED] - zipV = <not implemented yet for class: org.codehaus.groovy.ast.expr.EmptyExpression>: null

2023-02-20 20:46:12 - [TEST_STEP][PASSED] - cardTypeV = <not implemented yet for class: org.codehaus.groovy.ast.expr.EmptyExpression>: null

2023-02-20 20:46:12 - [TEST_STEP][PASSED] - adminSuiteBootstrap.loginFunctionality.login_AdminSuite(): adminSuiteBootstrap.loginFunctionality.login_AdminSuite is PASSED

2023-02-20 20:46:12 - [MESSAGE][INFO] - Starting 'Chrome' driver

2023-02-20 20:46:12 - [MESSAGE][INFO] - User set preference: ['acceptInsecureCerts', 'true']

2023-02-20 20:46:12 - [MESSAGE][INFO] - Action delay is set to 0 milliseconds

2023-02-20 20:46:14 - [MESSAGE][PASSED] - Browser is opened with url: 'https://qa.velocitypayment.com/admin/imtiaz'

2023-02-20 20:46:14 - [MESSAGE][PASSED] - Current window maximized

2023-02-20 20:46:15 - [MESSAGE][PASSED] - Object 'Object Repository/Login_Page/Login_Username' is present

2023-02-20 20:46:15 - [MESSAGE][PASSED] - Text 'iahmed' is set on object 'Object Repository/Login_Page/Login_Username'

2023-02-20 20:46:16 - [MESSAGE][PASSED] - Text 'hello2222' is set on object 'Object Repository/Login_Page/Login_Password'

2023-02-20 20:46:19 - [MESSAGE][PASSED] - Object: 'Object Repository/Login_Page/Login_Submit' is clicked on

2023-02-20 20:46:19 - [MESSAGE][PASSED] - adminSuiteBootstrap.loginFunctionality.login_AdminSuite is PASSED

2023-02-20 20:46:19 - [TEST_STEP][PASSED] - click(findTestObject(path_Dashboard + "a_Access User Management")): Object: 'Object Repository/AdminSuiteBootstrap_Pages/Dashboard_Bootstrap/a_Access User Management' is clicked on

2023-02-20 20:46:20 - [MESSAGE][PASSED] - Object: 'Object Repository/AdminSuiteBootstrap_Pages/Dashboard_Bootstrap/a_Access User Management' is clicked on

2023-02-20 20:46:20 - [TEST_STEP][PASSED] - click(findTestObject(path_Users + "a_Find User")): Object: 'Object Repository/AdminSuiteBootstrap_Pages/UM_Bootstrap/Users/a_Find User' is clicked on

2023-02-20 20:46:20 - [MESSAGE][PASSED] - Object: 'Object Repository/AdminSuiteBootstrap_Pages/UM_Bootstrap/Users/a_Find User' is clicked on

2023-02-20 20:46:20 - [TEST_STEP][PASSED] - setText(findTestObject(path_FindUser + "input_Username"), "dfer564wdf"): Text 'dfer564wdf' is set on object 'Object Repository/AdminSuiteBootstrap_Pages/UM_Bootstrap/FindUser/input_Username'

2023-02-20 20:46:21 - [MESSAGE][PASSED] - Text 'dfer564wdf' is set on object 'Object Repository/AdminSuiteBootstrap_Pages/UM_Bootstrap/FindUser/input_Username'

2023-02-20 20:46:21 - [TEST_STEP][PASSED] - setText(findTestObject(path_FindUser + "input_FirstName"), ""): Text '' is set on object 'Object Repository/AdminSuiteBootstrap_Pages/UM_Bootstrap/FindUser/input_FirstName'

2023-02-20 20:46:21 - [MESSAGE][PASSED] - Text '' is set on object 'Object Repository/AdminSuiteBootstrap_Pages/UM_Bootstrap/FindUser/input_FirstName'

2023-02-20 20:46:21 - [TEST_STEP][PASSED] - setText(findTestObject(path_FindUser + "input_LastName"), ""): Text '' is set on object 'Object Repository/AdminSuiteBootstrap_Pages/UM_Bootstrap/FindUser/input_LastName'

2023-02-20 20:46:22 - [MESSAGE][PASSED] - Text '' is set on object 'Object Repository/AdminSuiteBootstrap_Pages/UM_Bootstrap/FindUser/input_LastName'

2023-02-20 20:46:22 - [TEST_STEP][PASSED] - click(findTestObject(path_FindUser + "button_Search")): Object: 'Object Repository/AdminSuiteBootstrap_Pages/UM_Bootstrap/FindUser/button_Search' is clicked on

2023-02-20 20:46:24 - [MESSAGE][PASSED] - Object: 'Object Repository/AdminSuiteBootstrap_Pages/UM_Bootstrap/FindUser/button_Search' is clicked on

2023-02-20 20:46:24 - [TEST_STEP][PASSED] - verifyTextPresent("INFO! No user accounts were found that have a username of", true): Text 'INFO! No user accounts were found that have a username of' is present on page  using regular expression

2023-02-20 20:46:24 - [MESSAGE][PASSED] - Text 'INFO! No user accounts were found that have a username of' is present on page  using regular expression

2023-02-20 20:46:24 - [TEST_STEP][PASSED] - closeBrowser(): Browser is closed

2023-02-20 20:46:25 - [MESSAGE][PASSED] - Browser is closed]]></system-out>
         <system-err><![CDATA[]]></system-err>
      </testcase>
      <system-out><![CDATA[2023-02-20 20:27:25 - [TEST_SUITE][FAILED] - UM-TestSuite-QA: Test Cases/Admin Suite Bootstrap/UM_TestCases/Users/AddDeleteUser FAILED.
Reason:
com.kms.katalon.core.exception.StepFailedException: Unable to click on object 'Object Repository/AdminSuiteBootstrap_Pages/UM_Bootstrap/DeleteUser/button_Okay_Last' (Root cause: com.kms.katalon.core.exception.StepFailedException: Unable to click on object 'Object Repository/AdminSuiteBootstrap_Pages/UM_Bootstrap/DeleteUser/button_Okay_Last'
	at com.kms.katalon.core.webui.keyword.internal.WebUIKeywordMain.stepFailed(WebUIKeywordMain.groovy:64)
	at com.kms.katalon.core.webui.keyword.internal.WebUIKeywordMain.runKeyword(WebUIKeywordMain.groovy:26)
	at com.kms.katalon.core.webui.keyword.builtin.ClickKeyword.click(ClickKeyword.groovy:74)
	at com.kms.katalon.core.webui.keyword.builtin.ClickKeyword.execute(ClickKeyword.groovy:40)
	at com.kms.katalon.core.keyword.internal.KeywordExecutor.executeKeywordForPlatform(KeywordExecutor.groovy:74)
	at com.kms.katalon.core.webui.keyword.WebUiBuiltInKeywords.click(WebUiBuiltInKeywords.groovy:620)
	at com.kms.katalon.core.webui.keyword.WebUiBuiltInKeywords$click$3.call(Unknown Source)
	at AddDeleteUser.run(AddDeleteUser:84)
	at com.kms.katalon.core.main.ScriptEngine.run(ScriptEngine.java:194)
	at com.kms.katalon.core.main.ScriptEngine.runScriptAsRawText(ScriptEngine.java:119)
	at com.kms.katalon.core.main.TestCaseExecutor.runScript(TestCaseExecutor.java:442)
	at com.kms.katalon.core.main.TestCaseExecutor.doExecute(TestCaseExecutor.java:433)
	at com.kms.katalon.core.main.TestCaseExecutor.processExecutionPhase(TestCaseExecutor.java:412)
	at com.kms.katalon.core.main.TestCaseExecutor.accessMainPhase(TestCaseExecutor.java:404)
	at com.kms.katalon.core.main.TestCaseExecutor.execute(TestCaseExecutor.java:281)
	at com.kms.katalon.core.main.TestSuiteExecutor.accessTestCaseMainPhase(TestSuiteExecutor.java:202)
	at com.kms.katalon.core.main.TestSuiteExecutor.accessTestSuiteMainPhase(TestSuiteExecutor.java:164)
	at com.kms.katalon.core.main.TestSuiteExecutor.execute(TestSuiteExecutor.java:105)
	at com.kms.katalon.core.main.TestCaseMain.startTestSuite(TestCaseMain.java:185)
	at com.kms.katalon.core.main.TestCaseMain$startTestSuite$0.call(Unknown Source)
	at TempTestSuite1676942839911.run(TempTestSuite1676942839911.groovy:36)
Caused by: com.kms.katalon.core.webui.exception.WebElementNotFoundException: Web element with id: 'Object Repository/AdminSuiteBootstrap_Pages/UM_Bootstrap/DeleteUser/button_Okay_Last' located by '//*[(text() = 'Okay' or . = 'Okay')]' not found
	at com.kms.katalon.core.webui.common.WebUiCommonHelper.findWebElement(WebUiCommonHelper.java:1370)
	at com.kms.katalon.core.webui.keyword.internal.WebUIAbstractKeyword.findWebElement(WebUIAbstractKeyword.groovy:27)
	at com.kms.katalon.core.webui.keyword.builtin.ClickKeyword$_click_closure1.doCall(ClickKeyword.groovy:65)
	at com.kms.katalon.core.webui.keyword.builtin.ClickKeyword$_click_closure1.call(ClickKeyword.groovy)
	at com.kms.katalon.core.webui.keyword.internal.WebUIKeywordMain.runKeyword(WebUIKeywordMain.groovy:20)
	at com.kms.katalon.core.webui.keyword.builtin.ClickKeyword.click(ClickKeyword.groovy:74)
	at com.kms.katalon.core.webui.keyword.builtin.ClickKeyword.execute(ClickKeyword.groovy:40)
	at com.kms.katalon.core.keyword.internal.KeywordExecutor.executeKeywordForPlatform(KeywordExecutor.groovy:74)
	at com.kms.katalon.core.webui.keyword.WebUiBuiltInKeywords.click(WebUiBuiltInKeywords.groovy:620)
	at com.kms.katalon.core.webui.keyword.WebUiBuiltInKeywords$click$3.call(Unknown Source)
	at Script1657827965764.run(Script1657827965764.groovy:84)
	... 13 more
)
	at com.kms.katalon.core.keyword.internal.KeywordMain.stepFailed(KeywordMain.groovy:39)
	at com.kms.katalon.core.webui.keyword.internal.WebUIKeywordMain.stepFailed(WebUIKeywordMain.groovy:64)
	at com.kms.katalon.core.webui.keyword.internal.WebUIKeywordMain.runKeyword(WebUIKeywordMain.groovy:26)
	at com.kms.katalon.core.webui.keyword.builtin.ClickKeyword.click(ClickKeyword.groovy:74)
	at com.kms.katalon.core.webui.keyword.builtin.ClickKeyword.execute(ClickKeyword.groovy:40)
	at com.kms.katalon.core.keyword.internal.KeywordExecutor.executeKeywordForPlatform(KeywordExecutor.groovy:74)
	at com.kms.katalon.core.webui.keyword.WebUiBuiltInKeywords.click(WebUiBuiltInKeywords.groovy:620)
	at com.kms.katalon.core.webui.keyword.WebUiBuiltInKeywords$click$3.call(Unknown Source)
	at AddDeleteUser.run(AddDeleteUser:84)
	at com.kms.katalon.core.main.ScriptEngine.run(ScriptEngine.java:194)
	at com.kms.katalon.core.main.ScriptEngine.runScriptAsRawText(ScriptEngine.java:119)
	at com.kms.katalon.core.main.TestCaseExecutor.runScript(TestCaseExecutor.java:442)
	at com.kms.katalon.core.main.TestCaseExecutor.doExecute(TestCaseExecutor.java:433)
	at com.kms.katalon.core.main.TestCaseExecutor.processExecutionPhase(TestCaseExecutor.java:412)
	at com.kms.katalon.core.main.TestCaseExecutor.accessMainPhase(TestCaseExecutor.java:404)
	at com.kms.katalon.core.main.TestCaseExecutor.execute(TestCaseExecutor.java:281)
	at com.kms.katalon.core.main.TestSuiteExecutor.accessTestCaseMainPhase(TestSuiteExecutor.java:202)
	at com.kms.katalon.core.main.TestSuiteExecutor.accessTestSuiteMainPhase(TestSuiteExecutor.java:164)
	at com.kms.katalon.core.main.TestSuiteExecutor.execute(TestSuiteExecutor.java:105)
	at com.kms.katalon.core.main.TestCaseMain.startTestSuite(TestCaseMain.java:185)
	at com.kms.katalon.core.main.TestCaseMain$startTestSuite$0.call(Unknown Source)
	at TempTestSuite1676942839911.run(TempTestSuite1676942839911.groovy:36)
Caused by: com.kms.katalon.core.exception.StepFailedException: Unable to click on object 'Object Repository/AdminSuiteBootstrap_Pages/UM_Bootstrap/DeleteUser/button_Okay_Last'
	... 21 more
Caused by: com.kms.katalon.core.webui.exception.WebElementNotFoundException: Web element with id: 'Object Repository/AdminSuiteBootstrap_Pages/UM_Bootstrap/DeleteUser/button_Okay_Last' located by '//*[(text() = 'Okay' or . = 'Okay')]' not found
	at com.kms.katalon.core.webui.common.WebUiCommonHelper.findWebElement(WebUiCommonHelper.java:1370)
	at com.kms.katalon.core.webui.keyword.internal.WebUIAbstractKeyword.findWebElement(WebUIAbstractKeyword.groovy:27)
	at com.kms.katalon.core.webui.keyword.builtin.ClickKeyword$_click_closure1.doCall(ClickKeyword.groovy:65)
	at com.kms.katalon.core.webui.keyword.builtin.ClickKeyword$_click_closure1.call(ClickKeyword.groovy)
	at com.kms.katalon.core.webui.keyword.internal.WebUIKeywordMain.runKeyword(WebUIKeywordMain.groovy:20)
	... 19 more]]></system-out>
      <system-err><![CDATA[2023-02-20 20:27:25 - [TEST_SUITE][FAILED] - UM-TestSuite-QA: Test Cases/Admin Suite Bootstrap/UM_TestCases/Users/AddDeleteUser FAILED.
Reason:
com.kms.katalon.core.exception.StepFailedException: Unable to click on object 'Object Repository/AdminSuiteBootstrap_Pages/UM_Bootstrap/DeleteUser/button_Okay_Last' (Root cause: com.kms.katalon.core.exception.StepFailedException: Unable to click on object 'Object Repository/AdminSuiteBootstrap_Pages/UM_Bootstrap/DeleteUser/button_Okay_Last'
	at com.kms.katalon.core.webui.keyword.internal.WebUIKeywordMain.stepFailed(WebUIKeywordMain.groovy:64)
	at com.kms.katalon.core.webui.keyword.internal.WebUIKeywordMain.runKeyword(WebUIKeywordMain.groovy:26)
	at com.kms.katalon.core.webui.keyword.builtin.ClickKeyword.click(ClickKeyword.groovy:74)
	at com.kms.katalon.core.webui.keyword.builtin.ClickKeyword.execute(ClickKeyword.groovy:40)
	at com.kms.katalon.core.keyword.internal.KeywordExecutor.executeKeywordForPlatform(KeywordExecutor.groovy:74)
	at com.kms.katalon.core.webui.keyword.WebUiBuiltInKeywords.click(WebUiBuiltInKeywords.groovy:620)
	at com.kms.katalon.core.webui.keyword.WebUiBuiltInKeywords$click$3.call(Unknown Source)
	at AddDeleteUser.run(AddDeleteUser:84)
	at com.kms.katalon.core.main.ScriptEngine.run(ScriptEngine.java:194)
	at com.kms.katalon.core.main.ScriptEngine.runScriptAsRawText(ScriptEngine.java:119)
	at com.kms.katalon.core.main.TestCaseExecutor.runScript(TestCaseExecutor.java:442)
	at com.kms.katalon.core.main.TestCaseExecutor.doExecute(TestCaseExecutor.java:433)
	at com.kms.katalon.core.main.TestCaseExecutor.processExecutionPhase(TestCaseExecutor.java:412)
	at com.kms.katalon.core.main.TestCaseExecutor.accessMainPhase(TestCaseExecutor.java:404)
	at com.kms.katalon.core.main.TestCaseExecutor.execute(TestCaseExecutor.java:281)
	at com.kms.katalon.core.main.TestSuiteExecutor.accessTestCaseMainPhase(TestSuiteExecutor.java:202)
	at com.kms.katalon.core.main.TestSuiteExecutor.accessTestSuiteMainPhase(TestSuiteExecutor.java:164)
	at com.kms.katalon.core.main.TestSuiteExecutor.execute(TestSuiteExecutor.java:105)
	at com.kms.katalon.core.main.TestCaseMain.startTestSuite(TestCaseMain.java:185)
	at com.kms.katalon.core.main.TestCaseMain$startTestSuite$0.call(Unknown Source)
	at TempTestSuite1676942839911.run(TempTestSuite1676942839911.groovy:36)
Caused by: com.kms.katalon.core.webui.exception.WebElementNotFoundException: Web element with id: 'Object Repository/AdminSuiteBootstrap_Pages/UM_Bootstrap/DeleteUser/button_Okay_Last' located by '//*[(text() = 'Okay' or . = 'Okay')]' not found
	at com.kms.katalon.core.webui.common.WebUiCommonHelper.findWebElement(WebUiCommonHelper.java:1370)
	at com.kms.katalon.core.webui.keyword.internal.WebUIAbstractKeyword.findWebElement(WebUIAbstractKeyword.groovy:27)
	at com.kms.katalon.core.webui.keyword.builtin.ClickKeyword$_click_closure1.doCall(ClickKeyword.groovy:65)
	at com.kms.katalon.core.webui.keyword.builtin.ClickKeyword$_click_closure1.call(ClickKeyword.groovy)
	at com.kms.katalon.core.webui.keyword.internal.WebUIKeywordMain.runKeyword(WebUIKeywordMain.groovy:20)
	at com.kms.katalon.core.webui.keyword.builtin.ClickKeyword.click(ClickKeyword.groovy:74)
	at com.kms.katalon.core.webui.keyword.builtin.ClickKeyword.execute(ClickKeyword.groovy:40)
	at com.kms.katalon.core.keyword.internal.KeywordExecutor.executeKeywordForPlatform(KeywordExecutor.groovy:74)
	at com.kms.katalon.core.webui.keyword.WebUiBuiltInKeywords.click(WebUiBuiltInKeywords.groovy:620)
	at com.kms.katalon.core.webui.keyword.WebUiBuiltInKeywords$click$3.call(Unknown Source)
	at Script1657827965764.run(Script1657827965764.groovy:84)
	... 13 more
)
	at com.kms.katalon.core.keyword.internal.KeywordMain.stepFailed(KeywordMain.groovy:39)
	at com.kms.katalon.core.webui.keyword.internal.WebUIKeywordMain.stepFailed(WebUIKeywordMain.groovy:64)
	at com.kms.katalon.core.webui.keyword.internal.WebUIKeywordMain.runKeyword(WebUIKeywordMain.groovy:26)
	at com.kms.katalon.core.webui.keyword.builtin.ClickKeyword.click(ClickKeyword.groovy:74)
	at com.kms.katalon.core.webui.keyword.builtin.ClickKeyword.execute(ClickKeyword.groovy:40)
	at com.kms.katalon.core.keyword.internal.KeywordExecutor.executeKeywordForPlatform(KeywordExecutor.groovy:74)
	at com.kms.katalon.core.webui.keyword.WebUiBuiltInKeywords.click(WebUiBuiltInKeywords.groovy:620)
	at com.kms.katalon.core.webui.keyword.WebUiBuiltInKeywords$click$3.call(Unknown Source)
	at AddDeleteUser.run(AddDeleteUser:84)
	at com.kms.katalon.core.main.ScriptEngine.run(ScriptEngine.java:194)
	at com.kms.katalon.core.main.ScriptEngine.runScriptAsRawText(ScriptEngine.java:119)
	at com.kms.katalon.core.main.TestCaseExecutor.runScript(TestCaseExecutor.java:442)
	at com.kms.katalon.core.main.TestCaseExecutor.doExecute(TestCaseExecutor.java:433)
	at com.kms.katalon.core.main.TestCaseExecutor.processExecutionPhase(TestCaseExecutor.java:412)
	at com.kms.katalon.core.main.TestCaseExecutor.accessMainPhase(TestCaseExecutor.java:404)
	at com.kms.katalon.core.main.TestCaseExecutor.execute(TestCaseExecutor.java:281)
	at com.kms.katalon.core.main.TestSuiteExecutor.accessTestCaseMainPhase(TestSuiteExecutor.java:202)
	at com.kms.katalon.core.main.TestSuiteExecutor.accessTestSuiteMainPhase(TestSuiteExecutor.java:164)
	at com.kms.katalon.core.main.TestSuiteExecutor.execute(TestSuiteExecutor.java:105)
	at com.kms.katalon.core.main.TestCaseMain.startTestSuite(TestCaseMain.java:185)
	at com.kms.katalon.core.main.TestCaseMain$startTestSuite$0.call(Unknown Source)
	at TempTestSuite1676942839911.run(TempTestSuite1676942839911.groovy:36)
Caused by: com.kms.katalon.core.exception.StepFailedException: Unable to click on object 'Object Repository/AdminSuiteBootstrap_Pages/UM_Bootstrap/DeleteUser/button_Okay_Last'
	... 21 more
Caused by: com.kms.katalon.core.webui.exception.WebElementNotFoundException: Web element with id: 'Object Repository/AdminSuiteBootstrap_Pages/UM_Bootstrap/DeleteUser/button_Okay_Last' located by '//*[(text() = 'Okay' or . = 'Okay')]' not found
	at com.kms.katalon.core.webui.common.WebUiCommonHelper.findWebElement(WebUiCommonHelper.java:1370)
	at com.kms.katalon.core.webui.keyword.internal.WebUIAbstractKeyword.findWebElement(WebUIAbstractKeyword.groovy:27)
	at com.kms.katalon.core.webui.keyword.builtin.ClickKeyword$_click_closure1.doCall(ClickKeyword.groovy:65)
	at com.kms.katalon.core.webui.keyword.builtin.ClickKeyword$_click_closure1.call(ClickKeyword.groovy)
	at com.kms.katalon.core.webui.keyword.internal.WebUIKeywordMain.runKeyword(WebUIKeywordMain.groovy:20)
	... 19 more]]></system-err>
   </testsuite>
</testsuites>
