<?xml version="1.0" encoding="UTF-8"?>
<testsuites name="QA_BBP_Regression" time="57.675" tests="4" failures="0" errors="0">
   <testsuite name="QA_BBP_Regression" tests="4" failures="0" errors="0" time="57.675" skipped="0" timestamp="2023-11-16 14:05:57" hostname="imtiaz - DESKTOP-B2QI6NS.govolution.com" id="Test Suites/QA/BBP/QA_BBP_Regression">
      <properties>
         <property name="deviceName" value=""/>
         <property name="devicePlatform" value=""/>
         <property name="logFolder" value="E:\\Cloned-Project-Katalon\\VPS-Katalon\\Reports\\20231116_140550\\QA\\BBP\\QA_BBP_Regression\\20231116_140550"/>
         <property name="logFiles" value="E:\\Cloned-Project-Katalon\\VPS-Katalon\\Reports\\20231116_140550\\QA\\BBP\\QA_BBP_Regression\\20231116_140550\\execution0.log"/>
         <property name="attachments" value=""/>
         <property name="hostName" value="imtiaz - DESKTOP-B2QI6NS.govolution.com"/>
         <property name="os" value="Windows 10 64bit"/>
         <property name="katalonVersion" value="8.6.6.208"/>
         <property name="browser" value="Chrome 119.0.0.0"/>
         <property name="hostAddress" value="172.31.253.139"/>
         <property name="sessionId" value="1912fb856a08e2b5fcf42b12559bba84"/>
         <property name="seleniumVersion" value="3.141.59"/>
         <property name="proxyInformation" value="ProxyInformation { proxyOption=NO_PROXY, proxyServerType=HTTP, username=, password=********, proxyServerAddress=, proxyServerPort=0, executionList=&quot;&quot;, isApplyToDesiredCapabilities=true }"/>
         <property name="platform" value="Windows 10"/>
      </properties>
      <testcase name="Test Cases/BBP-SelIDE/MinAmountErrorCC" time="15.116" classname="Test Cases/BBP-SelIDE/MinAmountErrorCC" status="PASSED">
         <system-out><![CDATA[2023-11-16 14:05:57 - [TEST_CASE][PASSED] - Test Cases/BBP-SelIDE/MinAmountErrorCC: Test Cases/BBP-SelIDE/MinAmountErrorCC

2023-11-16 14:05:58 - [TEST_STEP][PASSED] - softAssertion = new org.testng.asserts.SoftAssert(): null

2023-11-16 14:05:58 - [TEST_STEP][PASSED] - openBrowser("https://www.google.com/"): Browser is opened with url: 'https://www.google.com/'

2023-11-16 14:05:58 - [MESSAGE][INFO] - Starting 'Chrome' driver

2023-11-16 14:05:58 - [MESSAGE][INFO] - User set preference: ['acceptInsecureCerts', 'true']

2023-11-16 14:05:58 - [MESSAGE][INFO] - Action delay is set to 0 milliseconds

2023-11-16 14:06:03 - [MESSAGE][PASSED] - Browser is opened with url: 'https://www.google.com/'

2023-11-16 14:06:03 - [TEST_STEP][PASSED] - driver = getWebDriver(): null

2023-11-16 14:06:03 - [TEST_STEP][PASSED] - baseUrl = "https://www.google.com/": null

2023-11-16 14:06:03 - [TEST_STEP][PASSED] - selenium = new com.thoughtworks.selenium.webdriven.WebDriverBackedSelenium(driver, baseUrl): null

2023-11-16 14:06:03 - [TEST_STEP][PASSED] - bbpURL = BBPURL: null

2023-11-16 14:06:03 - [TEST_STEP][PASSED] - selenium.open(bbpURL): null

2023-11-16 14:06:04 - [TEST_STEP][PASSED] - selenium.type("id=field1", "111150"): null

2023-11-16 14:06:04 - [TEST_STEP][PASSED] - selenium.type("id=field2", "111151"): null

2023-11-16 14:06:04 - [TEST_STEP][PASSED] - selenium.click("name=Test"): null

2023-11-16 14:06:04 - [TEST_STEP][PASSED] - Thread.sleep(2000): null

2023-11-16 14:06:06 - [TEST_STEP][PASSED] - selenium.click("name=paysubmit"): null

2023-11-16 14:06:07 - [TEST_STEP][PASSED] - selenium.waitForPageToLoad("30000"): null

2023-11-16 14:06:07 - [TEST_STEP][PASSED] - selenium.click("name=paymentMethod"): null

2023-11-16 14:06:08 - [TEST_STEP][PASSED] - selenium.click("css=input[type="submit"]"): null

2023-11-16 14:06:08 - [TEST_STEP][PASSED] - selenium.waitForPageToLoad("30000"): null

2023-11-16 14:06:09 - [TEST_STEP][PASSED] - verifyTextPresent("Required fields are highlighted with an asterisk.", true): Text 'Required fields are highlighted with an asterisk.' is present on page  using regular expression

2023-11-16 14:06:09 - [MESSAGE][PASSED] - Text 'Required fields are highlighted with an asterisk.' is present on page  using regular expression

2023-11-16 14:06:09 - [TEST_STEP][PASSED] - verifyTextPresent("Please enter the following information about your payment:", true): Text 'Please enter the following information about your payment:' is present on page  using regular expression

2023-11-16 14:06:09 - [MESSAGE][PASSED] - Text 'Please enter the following information about your payment:' is present on page  using regular expression

2023-11-16 14:06:09 - [TEST_STEP][PASSED] - selenium.type("name=amount", 00".toString()): null

2023-11-16 14:06:09 - [TEST_STEP][PASSED] - selenium.type("name=userDefined2", "UDF2 Data1".toString()): null

2023-11-16 14:06:10 - [TEST_STEP][PASSED] - selenium.type("name=userDefined3", "UDF3 Data1".toString()): null

2023-11-16 14:06:10 - [TEST_STEP][PASSED] - selenium.select("name=variableField4DropdownGroupItemID", "label=Purple"): null

2023-11-16 14:06:10 - [TEST_STEP][PASSED] - selenium.select("name=variableField5DropdownGroupItemID", "label=Orange"): null

2023-11-16 14:06:10 - [TEST_STEP][PASSED] - selenium.type("name=userDefined6", "UDF6 Data1".toString()): null

2023-11-16 14:06:10 - [TEST_STEP][PASSED] - selenium.type("name=userDefined7", "UDF7 Data1".toString()): null

2023-11-16 14:06:10 - [TEST_STEP][PASSED] - selenium.type("name=userDefined8", "UDF8 Data1".toString()): null

2023-11-16 14:06:10 - [TEST_STEP][PASSED] - selenium.type("name=billingName", "Hunter Helms".toString()): null

2023-11-16 14:06:10 - [TEST_STEP][PASSED] - selenium.type("id=cardNumber", "4111111111111111"): null

2023-11-16 14:06:10 - [TEST_STEP][PASSED] - selenium.type("id=spc", "123"): null

2023-11-16 14:06:10 - [TEST_STEP][PASSED] - selenium.select("name=cardExpMonth", "label=04"): null

2023-11-16 14:06:10 - [TEST_STEP][PASSED] - selenium.select("name=cardExpYear", "label=2025"): null

2023-11-16 14:06:10 - [TEST_STEP][PASSED] - selenium.type("name=billingAddress", "2311 york road".toString()): null

2023-11-16 14:06:10 - [TEST_STEP][PASSED] - selenium.type("name=billingAddress2", "Suite 600".toString()): null

2023-11-16 14:06:10 - [TEST_STEP][PASSED] - selenium.type("id=billing-zip-input", "21054"): null

2023-11-16 14:06:11 - [TEST_STEP][PASSED] - selenium.type("name=emailAddress", com".toString()): null

2023-11-16 14:06:11 - [TEST_STEP][PASSED] - selenium.click("id=checkedAcceptCondition"): null

2023-11-16 14:06:11 - [TEST_STEP][PASSED] - selenium.click("name=ccSubmit"): null

2023-11-16 14:06:11 - [TEST_STEP][PASSED] - selenium.waitForPageToLoad("30000"): null

2023-11-16 14:06:12 - [TEST_STEP][PASSED] - verifyTextPresent("Amount is less than minimum", true): Text 'Amount is less than minimum' is present on page  using regular expression

2023-11-16 14:06:12 - [MESSAGE][PASSED] - Text 'Amount is less than minimum' is present on page  using regular expression]]></system-out>
         <system-err><![CDATA[]]></system-err>
      </testcase>
      <testcase name="Test Cases/BBP-SelIDE/MinAmountErrorCorp" time="13.934" classname="Test Cases/BBP-SelIDE/MinAmountErrorCorp" status="PASSED">
         <system-out><![CDATA[2023-11-16 14:06:12 - [TEST_CASE][PASSED] - Test Cases/BBP-SelIDE/MinAmountErrorCorp: Test Cases/BBP-SelIDE/MinAmountErrorCorp

2023-11-16 14:06:13 - [TEST_STEP][PASSED] - softAssertion = new org.testng.asserts.SoftAssert(): null

2023-11-16 14:06:13 - [TEST_STEP][PASSED] - openBrowser("https://www.google.com/"): Browser is opened with url: 'https://www.google.com/'

2023-11-16 14:06:13 - [MESSAGE][WARNING] - A browser is already opened. Closing browser and opening a new one

2023-11-16 14:06:14 - [MESSAGE][INFO] - Starting 'Chrome' driver

2023-11-16 14:06:14 - [MESSAGE][INFO] - User set preference: ['acceptInsecureCerts', 'true']

2023-11-16 14:06:14 - [MESSAGE][INFO] - Action delay is set to 0 milliseconds

2023-11-16 14:06:17 - [MESSAGE][PASSED] - Browser is opened with url: 'https://www.google.com/'

2023-11-16 14:06:17 - [TEST_STEP][PASSED] - driver = getWebDriver(): null

2023-11-16 14:06:17 - [TEST_STEP][PASSED] - baseUrl = "https://www.google.com/": null

2023-11-16 14:06:17 - [TEST_STEP][PASSED] - selenium = new com.thoughtworks.selenium.webdriven.WebDriverBackedSelenium(driver, baseUrl): null

2023-11-16 14:06:17 - [TEST_STEP][PASSED] - bbpURL = BBPURL: null

2023-11-16 14:06:17 - [TEST_STEP][PASSED] - selenium.open(bbpURL): null

2023-11-16 14:06:17 - [TEST_STEP][PASSED] - selenium.type("id=field1", "111150"): null

2023-11-16 14:06:17 - [TEST_STEP][PASSED] - selenium.type("id=field2", "111151"): null

2023-11-16 14:06:17 - [TEST_STEP][PASSED] - selenium.click("name=Test"): null

2023-11-16 14:06:17 - [TEST_STEP][PASSED] - Thread.sleep(2000): null

2023-11-16 14:06:19 - [TEST_STEP][PASSED] - selenium.click("name=paysubmit"): null

2023-11-16 14:06:20 - [TEST_STEP][PASSED] - selenium.waitForPageToLoad("30000"): null

2023-11-16 14:06:20 - [TEST_STEP][PASSED] - selenium.click("xpath=(//input[@name='paymentMethod'])[3]"): null

2023-11-16 14:06:21 - [TEST_STEP][PASSED] - selenium.click("css=input[type="submit"]"): null

2023-11-16 14:06:22 - [TEST_STEP][PASSED] - selenium.waitForPageToLoad("30000"): null

2023-11-16 14:06:23 - [TEST_STEP][PASSED] - verifyTextPresent("Required fields are highlighted with an asterisk.", true): Text 'Required fields are highlighted with an asterisk.' is present on page  using regular expression

2023-11-16 14:06:23 - [MESSAGE][PASSED] - Text 'Required fields are highlighted with an asterisk.' is present on page  using regular expression

2023-11-16 14:06:23 - [TEST_STEP][PASSED] - verifyTextPresent("Please enter the following billing information about your payment:", true): Text 'Please enter the following billing information about your payment:' is present on page  using regular expression

2023-11-16 14:06:23 - [MESSAGE][PASSED] - Text 'Please enter the following billing information about your payment:' is present on page  using regular expression

2023-11-16 14:06:23 - [TEST_STEP][PASSED] - selenium.type("name=amount", 00".toString()): null

2023-11-16 14:06:23 - [TEST_STEP][PASSED] - selenium.type("name=userDefined2", "UDF2 Data3".toString()): null

2023-11-16 14:06:23 - [TEST_STEP][PASSED] - selenium.type("name=userDefined3", "UDF3 Data3".toString()): null

2023-11-16 14:06:24 - [TEST_STEP][PASSED] - selenium.select("name=variableField4DropdownGroupItemID", "label=Purple"): null

2023-11-16 14:06:24 - [TEST_STEP][PASSED] - selenium.select("name=variableField5DropdownGroupItemID", "label=Orange"): null

2023-11-16 14:06:24 - [TEST_STEP][PASSED] - selenium.type("name=userDefined6", "UDF6 Data3".toString()): null

2023-11-16 14:06:24 - [TEST_STEP][PASSED] - selenium.type("name=userDefined7", "UDF7 Data3".toString()): null

2023-11-16 14:06:24 - [TEST_STEP][PASSED] - selenium.type("name=userDefined8", "UDF8 Data3".toString()): null

2023-11-16 14:06:24 - [TEST_STEP][PASSED] - selenium.type("name=billingCompanyname", "My Company".toString()): null

2023-11-16 14:06:24 - [TEST_STEP][PASSED] - selenium.type("id=routingNumber", "256072691"): null

2023-11-16 14:06:24 - [TEST_STEP][PASSED] - selenium.type("id=accountNumber", "33333333"): null

2023-11-16 14:06:24 - [TEST_STEP][PASSED] - selenium.type("id=confirmAccountNumber", "33333333"): null

2023-11-16 14:06:24 - [TEST_STEP][PASSED] - selenium.type("name=ein", "123456789"): null

2023-11-16 14:06:24 - [TEST_STEP][PASSED] - selenium.type("name=billingAddress", "2311 york road".toString()): null

2023-11-16 14:06:24 - [TEST_STEP][PASSED] - selenium.type("name=billingAddress2", "suite 600".toString()): null

2023-11-16 14:06:24 - [TEST_STEP][PASSED] - selenium.type("id=billing-zip-input", "21054"): null

2023-11-16 14:06:24 - [TEST_STEP][PASSED] - selenium.type("name=emailAddress", com".toString()): null

2023-11-16 14:06:25 - [TEST_STEP][PASSED] - selenium.click("id=checkedAcceptCondition"): null

2023-11-16 14:06:25 - [TEST_STEP][PASSED] - selenium.click("name=achSubmit"): null

2023-11-16 14:06:25 - [TEST_STEP][PASSED] - selenium.waitForPageToLoad("30000"): null

2023-11-16 14:06:26 - [TEST_STEP][PASSED] - verifyTextPresent("Amount is less than minimum", true): Text 'Amount is less than minimum' is present on page  using regular expression

2023-11-16 14:06:26 - [MESSAGE][PASSED] - Text 'Amount is less than minimum' is present on page  using regular expression]]></system-out>
         <system-err><![CDATA[]]></system-err>
      </testcase>
      <testcase name="Test Cases/BBP-SelIDE/MinAmountErrorPC" time="14.591" classname="Test Cases/BBP-SelIDE/MinAmountErrorPC" status="PASSED">
         <system-out><![CDATA[2023-11-16 14:06:26 - [TEST_CASE][PASSED] - Test Cases/BBP-SelIDE/MinAmountErrorPC: Test Cases/BBP-SelIDE/MinAmountErrorPC

2023-11-16 14:06:27 - [TEST_STEP][PASSED] - softAssertion = new org.testng.asserts.SoftAssert(): null

2023-11-16 14:06:27 - [TEST_STEP][PASSED] - openBrowser("https://www.google.com/"): Browser is opened with url: 'https://www.google.com/'

2023-11-16 14:06:27 - [MESSAGE][WARNING] - A browser is already opened. Closing browser and opening a new one

2023-11-16 14:06:28 - [MESSAGE][INFO] - Starting 'Chrome' driver

2023-11-16 14:06:28 - [MESSAGE][INFO] - User set preference: ['acceptInsecureCerts', 'true']

2023-11-16 14:06:28 - [MESSAGE][INFO] - Action delay is set to 0 milliseconds

2023-11-16 14:06:31 - [MESSAGE][PASSED] - Browser is opened with url: 'https://www.google.com/'

2023-11-16 14:06:31 - [TEST_STEP][PASSED] - driver = getWebDriver(): null

2023-11-16 14:06:31 - [TEST_STEP][PASSED] - baseUrl = "https://www.google.com/": null

2023-11-16 14:06:31 - [TEST_STEP][PASSED] - selenium = new com.thoughtworks.selenium.webdriven.WebDriverBackedSelenium(driver, baseUrl): null

2023-11-16 14:06:31 - [TEST_STEP][PASSED] - bbpURL = BBPURL: null

2023-11-16 14:06:31 - [TEST_STEP][PASSED] - selenium.open(bbpURL): null

2023-11-16 14:06:32 - [TEST_STEP][PASSED] - selenium.type("id=field1", "111150"): null

2023-11-16 14:06:32 - [TEST_STEP][PASSED] - selenium.type("id=field2", "111151"): null

2023-11-16 14:06:32 - [TEST_STEP][PASSED] - selenium.click("name=Test"): null

2023-11-16 14:06:32 - [TEST_STEP][PASSED] - Thread.sleep(2000): null

2023-11-16 14:06:34 - [TEST_STEP][PASSED] - selenium.click("name=paysubmit"): null

2023-11-16 14:06:34 - [TEST_STEP][PASSED] - selenium.waitForPageToLoad("30000"): null

2023-11-16 14:06:35 - [TEST_STEP][PASSED] - selenium.click("xpath=(//input[@name='paymentMethod'])[2]"): null

2023-11-16 14:06:35 - [TEST_STEP][PASSED] - selenium.click("css=input[type="submit"]"): null

2023-11-16 14:06:36 - [TEST_STEP][PASSED] - selenium.waitForPageToLoad("30000"): null

2023-11-16 14:06:37 - [TEST_STEP][PASSED] - verifyTextPresent("Required fields are highlighted with an asterisk.", true): Text 'Required fields are highlighted with an asterisk.' is present on page  using regular expression

2023-11-16 14:06:37 - [MESSAGE][PASSED] - Text 'Required fields are highlighted with an asterisk.' is present on page  using regular expression

2023-11-16 14:06:37 - [TEST_STEP][PASSED] - verifyTextPresent("Please enter the following billing information about your payment:", true): Text 'Please enter the following billing information about your payment:' is present on page  using regular expression

2023-11-16 14:06:37 - [MESSAGE][PASSED] - Text 'Please enter the following billing information about your payment:' is present on page  using regular expression

2023-11-16 14:06:37 - [TEST_STEP][PASSED] - selenium.type("name=amount", 00".toString()): null

2023-11-16 14:06:37 - [TEST_STEP][PASSED] - selenium.type("name=userDefined2", "UDF2 Data2".toString()): null

2023-11-16 14:06:37 - [TEST_STEP][PASSED] - selenium.type("name=userDefined3", "UDF3 Data2".toString()): null

2023-11-16 14:06:37 - [TEST_STEP][PASSED] - selenium.select("name=variableField4DropdownGroupItemID", "label=Purple"): null

2023-11-16 14:06:38 - [TEST_STEP][PASSED] - selenium.select("name=variableField5DropdownGroupItemID", "label=Orange"): null

2023-11-16 14:06:38 - [TEST_STEP][PASSED] - selenium.type("name=userDefined6", "UDF6 Data2".toString()): null

2023-11-16 14:06:38 - [TEST_STEP][PASSED] - selenium.type("name=userDefined7", "UDF7 Data2".toString()): null

2023-11-16 14:06:38 - [TEST_STEP][PASSED] - selenium.type("name=userDefined8", "UDF8 Data2".toString()): null

2023-11-16 14:06:38 - [TEST_STEP][PASSED] - selenium.type("name=billingFirstname", "Molly"): null

2023-11-16 14:06:38 - [TEST_STEP][PASSED] - selenium.type("name=billingLastname", "Hunter"): null

2023-11-16 14:06:38 - [TEST_STEP][PASSED] - selenium.type("id=routingNumber", "256072691"): null

2023-11-16 14:06:38 - [TEST_STEP][PASSED] - selenium.type("id=accountNumber", "11111111"): null

2023-11-16 14:06:38 - [TEST_STEP][PASSED] - selenium.type("id=confirmAccountNumber", "11111111"): null

2023-11-16 14:06:38 - [TEST_STEP][PASSED] - selenium.click("name=accountType"): null

2023-11-16 14:06:38 - [TEST_STEP][PASSED] - selenium.type("name=billingAddress", "2311 york road".toString()): null

2023-11-16 14:06:38 - [TEST_STEP][PASSED] - selenium.type("name=billingAddress2", "Suite 600".toString()): null

2023-11-16 14:06:38 - [TEST_STEP][PASSED] - selenium.type("id=billing-zip-input", "21054"): null

2023-11-16 14:06:38 - [TEST_STEP][PASSED] - selenium.type("name=emailAddress", com".toString()): null

2023-11-16 14:06:39 - [TEST_STEP][PASSED] - selenium.click("id=checkedAcceptCondition"): null

2023-11-16 14:06:39 - [TEST_STEP][PASSED] - selenium.click("name=achSubmit"): null

2023-11-16 14:06:40 - [TEST_STEP][PASSED] - selenium.waitForPageToLoad("30000"): null

2023-11-16 14:06:40 - [TEST_STEP][PASSED] - verifyTextPresent("Amount is less than minimum", true): Text 'Amount is less than minimum' is present on page  using regular expression

2023-11-16 14:06:41 - [MESSAGE][PASSED] - Text 'Amount is less than minimum' is present on page  using regular expression]]></system-out>
         <system-err><![CDATA[]]></system-err>
      </testcase>
      <testcase name="Test Cases/BBP-SelIDE/MinAmountErrorPS" time="13.61" classname="Test Cases/BBP-SelIDE/MinAmountErrorPS" status="PASSED">
         <system-out><![CDATA[2023-11-16 14:06:41 - [TEST_CASE][PASSED] - Test Cases/BBP-SelIDE/MinAmountErrorPS: Test Cases/BBP-SelIDE/MinAmountErrorPS

2023-11-16 14:06:41 - [TEST_STEP][PASSED] - softAssertion = new org.testng.asserts.SoftAssert(): null

2023-11-16 14:06:41 - [TEST_STEP][PASSED] - openBrowser("https://www.google.com/"): Browser is opened with url: 'https://www.google.com/'

2023-11-16 14:06:41 - [MESSAGE][WARNING] - A browser is already opened. Closing browser and opening a new one

2023-11-16 14:06:42 - [MESSAGE][INFO] - Starting 'Chrome' driver

2023-11-16 14:06:42 - [MESSAGE][INFO] - User set preference: ['acceptInsecureCerts', 'true']

2023-11-16 14:06:42 - [MESSAGE][INFO] - Action delay is set to 0 milliseconds

2023-11-16 14:06:45 - [MESSAGE][PASSED] - Browser is opened with url: 'https://www.google.com/'

2023-11-16 14:06:45 - [TEST_STEP][PASSED] - driver = getWebDriver(): null

2023-11-16 14:06:45 - [TEST_STEP][PASSED] - baseUrl = "https://www.google.com/": null

2023-11-16 14:06:45 - [TEST_STEP][PASSED] - selenium = new com.thoughtworks.selenium.webdriven.WebDriverBackedSelenium(driver, baseUrl): null

2023-11-16 14:06:45 - [TEST_STEP][PASSED] - bbpURL = BBPURL: null

2023-11-16 14:06:45 - [TEST_STEP][PASSED] - selenium.open(bbpURL): null

2023-11-16 14:06:46 - [TEST_STEP][PASSED] - selenium.type("id=field1", "111150"): null

2023-11-16 14:06:46 - [TEST_STEP][PASSED] - selenium.type("id=field2", "111151"): null

2023-11-16 14:06:46 - [TEST_STEP][PASSED] - selenium.click("name=Test"): null

2023-11-16 14:06:46 - [TEST_STEP][PASSED] - Thread.sleep(2000): null

2023-11-16 14:06:48 - [TEST_STEP][PASSED] - selenium.click("name=paysubmit"): null

2023-11-16 14:06:49 - [TEST_STEP][PASSED] - selenium.waitForPageToLoad("30000"): null

2023-11-16 14:06:49 - [TEST_STEP][PASSED] - selenium.click("xpath=(//input[@name='paymentMethod'])[2]"): null

2023-11-16 14:06:50 - [TEST_STEP][PASSED] - selenium.click("css=input[type="submit"]"): null

2023-11-16 14:06:50 - [TEST_STEP][PASSED] - selenium.waitForPageToLoad("30000"): null

2023-11-16 14:06:51 - [TEST_STEP][PASSED] - verifyTextPresent("Required fields are highlighted with an asterisk.", true): Text 'Required fields are highlighted with an asterisk.' is present on page  using regular expression

2023-11-16 14:06:51 - [MESSAGE][PASSED] - Text 'Required fields are highlighted with an asterisk.' is present on page  using regular expression

2023-11-16 14:06:51 - [TEST_STEP][PASSED] - verifyTextPresent("Please enter the following billing information about your payment:", true): Text 'Please enter the following billing information about your payment:' is present on page  using regular expression

2023-11-16 14:06:52 - [MESSAGE][PASSED] - Text 'Please enter the following billing information about your payment:' is present on page  using regular expression

2023-11-16 14:06:52 - [TEST_STEP][PASSED] - selenium.type("name=amount", 00".toString()): null

2023-11-16 14:06:52 - [TEST_STEP][PASSED] - selenium.type("name=userDefined2", "UDF2 Data2".toString()): null

2023-11-16 14:06:52 - [TEST_STEP][PASSED] - selenium.type("name=userDefined3", "UDF3 Data2".toString()): null

2023-11-16 14:06:52 - [TEST_STEP][PASSED] - selenium.select("name=variableField4DropdownGroupItemID", "label=Purple"): null

2023-11-16 14:06:52 - [TEST_STEP][PASSED] - selenium.select("name=variableField5DropdownGroupItemID", "label=Orange"): null

2023-11-16 14:06:52 - [TEST_STEP][PASSED] - selenium.type("name=userDefined6", "UDF6 Data2".toString()): null

2023-11-16 14:06:52 - [TEST_STEP][PASSED] - selenium.type("name=userDefined7", "UDF7 Data2".toString()): null

2023-11-16 14:06:52 - [TEST_STEP][PASSED] - selenium.type("name=userDefined8", "UDF8 Data2".toString()): null

2023-11-16 14:06:52 - [TEST_STEP][PASSED] - selenium.type("name=billingFirstname", "Molly"): null

2023-11-16 14:06:52 - [TEST_STEP][PASSED] - selenium.type("name=billingLastname", "Hunter"): null

2023-11-16 14:06:52 - [TEST_STEP][PASSED] - selenium.type("id=routingNumber", "256072691"): null

2023-11-16 14:06:52 - [TEST_STEP][PASSED] - selenium.type("id=accountNumber", "11111111"): null

2023-11-16 14:06:52 - [TEST_STEP][PASSED] - selenium.type("id=confirmAccountNumber", "11111111"): null

2023-11-16 14:06:52 - [TEST_STEP][PASSED] - selenium.click("document.process.accountType[1]"): null

2023-11-16 14:06:53 - [TEST_STEP][PASSED] - selenium.type("name=billingAddress", "2311 york road".toString()): null

2023-11-16 14:06:53 - [TEST_STEP][PASSED] - selenium.type("name=billingAddress2", "Suite 600".toString()): null

2023-11-16 14:06:53 - [TEST_STEP][PASSED] - selenium.type("id=billing-zip-input", "21054"): null

2023-11-16 14:06:53 - [TEST_STEP][PASSED] - selenium.type("name=emailAddress", com".toString()): null

2023-11-16 14:06:53 - [TEST_STEP][PASSED] - selenium.click("id=checkedAcceptCondition"): null

2023-11-16 14:06:53 - [TEST_STEP][PASSED] - selenium.click("name=achSubmit"): null

2023-11-16 14:06:54 - [TEST_STEP][PASSED] - selenium.waitForPageToLoad("30000"): null

2023-11-16 14:06:54 - [TEST_STEP][PASSED] - verifyTextPresent("Amount is less than minimum", true): Text 'Amount is less than minimum' is present on page  using regular expression

2023-11-16 14:06:54 - [MESSAGE][PASSED] - Text 'Amount is less than minimum' is present on page  using regular expression]]></system-out>
         <system-err><![CDATA[]]></system-err>
      </testcase>
      <system-out><![CDATA[2023-11-16 14:05:57 - [TEST_SUITE][PASSED] - QA_BBP_Regression: Test Cases/BBP-SelIDE/MinAmountErrorPS]]></system-out>
      <system-err><![CDATA[]]></system-err>
   </testsuite>
</testsuites>
